<!-- 
RSS generated by JIRA (8.20.10#820010-sha1:ace47f9899e9ee25d7157d59aa17ab06aee30d3d) at Wed Nov 12 18:25:55 UTC 2025

It is possible to restrict the fields that are returned in this document by specifying the 'field' parameter in your request.
For example, to request only the issue key and summary append 'field=key&field=summary' to the URL of your request.
-->
<rss version="0.92" >
<channel>
    <title>ASF Jira</title>
    <link>https://issues.apache.org/jira</link>
    <description>This file is an XML representation of an issue</description>
    <language>en-uk</language>    <build-info>
        <version>8.20.10</version>
        <build-number>820010</build-number>
        <build-date>22-06-2022</build-date>
    </build-info>


<item>
            <title>[HIVE-7914] Simplify join predicates for CBO to avoid cross products</title>
                <link>https://issues.apache.org/jira/browse/HIVE-7914</link>
                <project id="12310843" key="HIVE">Hive</project>
                    <description>&lt;p&gt;Simplify join predicates for disjunctive predicates to avoid cross products.&lt;/p&gt;

&lt;p&gt;For TPC-DS query 13 we generate a cross products.&lt;br/&gt;
The join predicate on (store_sales x customer_demographics) ,  (store_sales x household_demographics) and (store_sales x customer_address) can be pull up to avoid the cross products&lt;/p&gt;


&lt;div class=&quot;code panel&quot; style=&quot;border-width: 1px;&quot;&gt;&lt;div class=&quot;codeContent panelContent&quot;&gt;
&lt;pre class=&quot;code-java&quot;&gt;select avg(ss_quantity)
       ,avg(ss_ext_sales_price)
       ,avg(ss_ext_wholesale_cost)
       ,sum(ss_ext_wholesale_cost)
 from store_sales
     ,store
     ,customer_demographics
     ,household_demographics
     ,customer_address
     ,date_dim
 where store.s_store_sk = store_sales.ss_store_sk
 and  store_sales.ss_sold_date_sk = date_dim.d_date_sk and date_dim.d_year = 2001
 and((store_sales.ss_hdemo_sk=household_demographics.hd_demo_sk
  and customer_demographics.cd_demo_sk = store_sales.ss_cdemo_sk
  and customer_demographics.cd_marital_status = &lt;span class=&quot;code-quote&quot;&gt;&apos;M&apos;&lt;/span&gt;
  and customer_demographics.cd_education_status = &lt;span class=&quot;code-quote&quot;&gt;&apos;4 yr Degree&apos;&lt;/span&gt;
  and store_sales.ss_sales_price between 100.00 and 150.00
  and household_demographics.hd_dep_count = 3   
     )or
     (store_sales.ss_hdemo_sk=household_demographics.hd_demo_sk
  and customer_demographics.cd_demo_sk = store_sales.ss_cdemo_sk
  and customer_demographics.cd_marital_status = &lt;span class=&quot;code-quote&quot;&gt;&apos;D&apos;&lt;/span&gt;
  and customer_demographics.cd_education_status = &lt;span class=&quot;code-quote&quot;&gt;&apos;Primary&apos;&lt;/span&gt;
  and store_sales.ss_sales_price between 50.00 and 100.00   
  and household_demographics.hd_dep_count = 1
     ) or 
     (store_sales.ss_hdemo_sk=household_demographics.hd_demo_sk
  and customer_demographics.cd_demo_sk = ss_cdemo_sk
  and customer_demographics.cd_marital_status = &lt;span class=&quot;code-quote&quot;&gt;&apos;U&apos;&lt;/span&gt;
  and customer_demographics.cd_education_status = &lt;span class=&quot;code-quote&quot;&gt;&apos;Advanced Degree&apos;&lt;/span&gt;
  and store_sales.ss_sales_price between 150.00 and 200.00 
  and household_demographics.hd_dep_count = 1  
     ))
 and((store_sales.ss_addr_sk = customer_address.ca_address_sk
  and customer_address.ca_country = &lt;span class=&quot;code-quote&quot;&gt;&apos;United States&apos;&lt;/span&gt;
  and customer_address.ca_state in (&lt;span class=&quot;code-quote&quot;&gt;&apos;KY&apos;&lt;/span&gt;, &lt;span class=&quot;code-quote&quot;&gt;&apos;GA&apos;&lt;/span&gt;, &lt;span class=&quot;code-quote&quot;&gt;&apos;NM&apos;&lt;/span&gt;)
  and store_sales.ss_net_profit between 100 and 200  
     ) or
     (store_sales.ss_addr_sk = customer_address.ca_address_sk
  and customer_address.ca_country = &lt;span class=&quot;code-quote&quot;&gt;&apos;United States&apos;&lt;/span&gt;
  and customer_address.ca_state in (&lt;span class=&quot;code-quote&quot;&gt;&apos;MT&apos;&lt;/span&gt;, &lt;span class=&quot;code-quote&quot;&gt;&apos;OR&apos;&lt;/span&gt;, &lt;span class=&quot;code-quote&quot;&gt;&apos;IN&apos;&lt;/span&gt;)
  and store_sales.ss_net_profit between 150 and 300  
     ) or
     (store_sales.ss_addr_sk = customer_address.ca_address_sk
  and customer_address.ca_country = &lt;span class=&quot;code-quote&quot;&gt;&apos;United States&apos;&lt;/span&gt;
  and customer_address.ca_state in (&lt;span class=&quot;code-quote&quot;&gt;&apos;WI&apos;&lt;/span&gt;, &lt;span class=&quot;code-quote&quot;&gt;&apos;MO&apos;&lt;/span&gt;, &lt;span class=&quot;code-quote&quot;&gt;&apos;WV&apos;&lt;/span&gt;)
  and store_sales.ss_net_profit between 50 and 250  
     ))
;

&lt;/pre&gt;
&lt;/div&gt;&lt;/div&gt;


&lt;p&gt;This is the plan currently generated without any predicate simplification &lt;/p&gt;
&lt;div class=&quot;code panel&quot; style=&quot;border-width: 1px;&quot;&gt;&lt;div class=&quot;codeContent panelContent&quot;&gt;
&lt;pre class=&quot;code-java&quot;&gt;Warning: Map Join MAPJOIN[59][bigTable=?] in task &lt;span class=&quot;code-quote&quot;&gt;&apos;Map 8&apos;&lt;/span&gt; is a cross product
Warning: Map Join MAPJOIN[58][bigTable=?] in task &lt;span class=&quot;code-quote&quot;&gt;&apos;Map 8&apos;&lt;/span&gt; is a cross product
Warning: Shuffle Join JOIN[29][tables = [$hdt$_5, $hdt$_6]] in Stage &lt;span class=&quot;code-quote&quot;&gt;&apos;Reducer 2&apos;&lt;/span&gt; is a cross product
OK
STAGE DEPENDENCIES:
  Stage-1 is a root stage
  Stage-0 depends on stages: Stage-1

STAGE PLANS:
  Stage: Stage-1
    Tez
      Edges:
        Map 7 &amp;lt;- Map 8 (BROADCAST_EDGE)
        Map 8 &amp;lt;- Map 5 (BROADCAST_EDGE), Map 6 (BROADCAST_EDGE)
        Reducer 2 &amp;lt;- Map 1 (SIMPLE_EDGE), Map 4 (BROADCAST_EDGE), Map 7 (SIMPLE_EDGE)
        Reducer 3 &amp;lt;- Reducer 2 (SIMPLE_EDGE)
      DagName: mmokhtar_20140828155050_7059c24b-501b-4683-86c0-4f3c023f0b0e:1
      Vertices:
        Map 1 
            Map Operator Tree:
                TableScan
                  alias: customer_address
                  Statistics: Num rows: 40000000 Data size: 40595195284 Basic stats: COMPLETE Column stats: NONE
                  Select Operator
                    expressions: ca_address_sk (type: &lt;span class=&quot;code-object&quot;&gt;int&lt;/span&gt;), ca_state (type: string), ca_country (type: string)
                    outputColumnNames: _col0, _col1, _col2
                    Statistics: Num rows: 40000000 Data size: 40595195284 Basic stats: COMPLETE Column stats: NONE
                    Reduce Output Operator
                      sort order: 
                      Statistics: Num rows: 40000000 Data size: 40595195284 Basic stats: COMPLETE Column stats: NONE
                      value expressions: _col0 (type: &lt;span class=&quot;code-object&quot;&gt;int&lt;/span&gt;), _col1 (type: string), _col2 (type: string)
            Execution mode: vectorized
        Map 4 
            Map Operator Tree:
                TableScan
                  alias: date_dim
                  filterExpr: ((d_year = 2001) and d_date_sk is not &lt;span class=&quot;code-keyword&quot;&gt;null&lt;/span&gt;) (type: &lt;span class=&quot;code-object&quot;&gt;boolean&lt;/span&gt;)
                  Statistics: Num rows: 73049 Data size: 81741831 Basic stats: COMPLETE Column stats: NONE
                  Filter Operator
                    predicate: ((d_year = 2001) and d_date_sk is not &lt;span class=&quot;code-keyword&quot;&gt;null&lt;/span&gt;) (type: &lt;span class=&quot;code-object&quot;&gt;boolean&lt;/span&gt;)
                    Statistics: Num rows: 18262 Data size: 20435178 Basic stats: COMPLETE Column stats: NONE
                    Select Operator
                      expressions: d_date_sk (type: &lt;span class=&quot;code-object&quot;&gt;int&lt;/span&gt;)
                      outputColumnNames: _col0
                      Statistics: Num rows: 18262 Data size: 20435178 Basic stats: COMPLETE Column stats: NONE
                      Reduce Output Operator
                        key expressions: _col0 (type: &lt;span class=&quot;code-object&quot;&gt;int&lt;/span&gt;)
                        sort order: +
                        Map-reduce partition columns: _col0 (type: &lt;span class=&quot;code-object&quot;&gt;int&lt;/span&gt;)
                        Statistics: Num rows: 18262 Data size: 20435178 Basic stats: COMPLETE Column stats: NONE
            Execution mode: vectorized
        Map 5 
            Map Operator Tree:
                TableScan
                  alias: household_demographics
                  Statistics: Num rows: 7200 Data size: 770400 Basic stats: COMPLETE Column stats: NONE
                  Select Operator
                    expressions: hd_demo_sk (type: &lt;span class=&quot;code-object&quot;&gt;int&lt;/span&gt;), hd_dep_count (type: &lt;span class=&quot;code-object&quot;&gt;int&lt;/span&gt;)
                    outputColumnNames: _col0, _col1
                    Statistics: Num rows: 7200 Data size: 770400 Basic stats: COMPLETE Column stats: NONE
                    Reduce Output Operator
                      sort order: 
                      Statistics: Num rows: 7200 Data size: 770400 Basic stats: COMPLETE Column stats: NONE
                      value expressions: _col0 (type: &lt;span class=&quot;code-object&quot;&gt;int&lt;/span&gt;), _col1 (type: &lt;span class=&quot;code-object&quot;&gt;int&lt;/span&gt;)
            Execution mode: vectorized
        Map 6 
            Map Operator Tree:
                TableScan
                  alias: store
                  filterExpr: (&lt;span class=&quot;code-keyword&quot;&gt;true&lt;/span&gt; and s_store_sk is not &lt;span class=&quot;code-keyword&quot;&gt;null&lt;/span&gt;) (type: &lt;span class=&quot;code-object&quot;&gt;boolean&lt;/span&gt;)
                  Statistics: Num rows: 1704 Data size: 3256276 Basic stats: COMPLETE Column stats: NONE
                  Filter Operator
                    predicate: s_store_sk is not &lt;span class=&quot;code-keyword&quot;&gt;null&lt;/span&gt; (type: &lt;span class=&quot;code-object&quot;&gt;boolean&lt;/span&gt;)
                    Statistics: Num rows: 852 Data size: 1628138 Basic stats: COMPLETE Column stats: NONE
                    Select Operator
                      expressions: s_store_sk (type: &lt;span class=&quot;code-object&quot;&gt;int&lt;/span&gt;)
                      outputColumnNames: _col0
                      Statistics: Num rows: 852 Data size: 1628138 Basic stats: COMPLETE Column stats: NONE
                      Reduce Output Operator
                        sort order: 
                        Statistics: Num rows: 852 Data size: 1628138 Basic stats: COMPLETE Column stats: NONE
                        value expressions: _col0 (type: &lt;span class=&quot;code-object&quot;&gt;int&lt;/span&gt;)
            Execution mode: vectorized
        Map 7 
            Map Operator Tree:
                TableScan
                  alias: store_sales
                  filterExpr: (ss_store_sk is not &lt;span class=&quot;code-keyword&quot;&gt;null&lt;/span&gt; and ss_sold_date_sk is not &lt;span class=&quot;code-keyword&quot;&gt;null&lt;/span&gt;) (type: &lt;span class=&quot;code-object&quot;&gt;boolean&lt;/span&gt;)
                  Statistics: Num rows: 82510879939 Data size: 7203833257964 Basic stats: COMPLETE Column stats: NONE
                  Filter Operator
                    predicate: (ss_store_sk is not &lt;span class=&quot;code-keyword&quot;&gt;null&lt;/span&gt; and ss_sold_date_sk is not &lt;span class=&quot;code-keyword&quot;&gt;null&lt;/span&gt;) (type: &lt;span class=&quot;code-object&quot;&gt;boolean&lt;/span&gt;)
                    Statistics: Num rows: 20627719985 Data size: 1800958314512 Basic stats: COMPLETE Column stats: NONE
                    Select Operator
                      expressions: ss_sold_date_sk (type: &lt;span class=&quot;code-object&quot;&gt;int&lt;/span&gt;), ss_cdemo_sk (type: &lt;span class=&quot;code-object&quot;&gt;int&lt;/span&gt;), ss_hdemo_sk (type: &lt;span class=&quot;code-object&quot;&gt;int&lt;/span&gt;), ss_addr_sk (type: &lt;span class=&quot;code-object&quot;&gt;int&lt;/span&gt;), ss_store_sk (type: &lt;span class=&quot;code-object&quot;&gt;int&lt;/span&gt;), ss_quantity (type: &lt;span class=&quot;code-object&quot;&gt;int&lt;/span&gt;), ss_sales_price (type: &lt;span class=&quot;code-object&quot;&gt;float&lt;/span&gt;), ss_ext_sales_price (type: &lt;span class=&quot;code-object&quot;&gt;float&lt;/span&gt;), ss_ext_wholesale_cost (type: &lt;span class=&quot;code-object&quot;&gt;float&lt;/span&gt;), ss_net_profit (type: &lt;span class=&quot;code-object&quot;&gt;float&lt;/span&gt;)
                      outputColumnNames: _col0, _col1, _col2, _col3, _col4, _col5, _col6, _col7, _col8, _col9
                      Statistics: Num rows: 20627719985 Data size: 1800958314512 Basic stats: COMPLETE Column stats: NONE
                      Map Join Operator
                        condition map:
                             Inner Join 0 to 1
                        condition expressions:
                          0 {_col0} {_col1} {_col2} {_col4} {_col5}
                          1 {_col0} {_col1} {_col2} {_col3} {_col5} {_col6} {_col7} {_col8} {_col9}
                        keys:
                          0 _col3 (type: &lt;span class=&quot;code-object&quot;&gt;int&lt;/span&gt;)
                          1 _col4 (type: &lt;span class=&quot;code-object&quot;&gt;int&lt;/span&gt;)
                        outputColumnNames: _col0, _col1, _col2, _col4, _col5, _col6, _col7, _col8, _col9, _col11, _col12, _col13, _col14, _col15
                        input vertices:
                          0 Map 8
                        Statistics: Num rows: 22690492416 Data size: 1981054320640 Basic stats: COMPLETE Column stats: NONE
                        Filter Operator
                          predicate: (((_col8 = _col4) and ((_col0 = _col7) and ((_col1 = &lt;span class=&quot;code-quote&quot;&gt;&apos;M&apos;&lt;/span&gt;) and ((_col2 = &lt;span class=&quot;code-quote&quot;&gt;&apos;4 yr Degree&apos;&lt;/span&gt;) and (_col12 BETWEEN 100 AND 150 and (_col5 = 3)))))) or (((_col8 = _col4) and ((_col0 = _col7) and ((_col1 = &lt;span class=&quot;code-quote&quot;&gt;&apos;D&apos;&lt;/span&gt;) and ((_col2 = &lt;span class=&quot;code-quote&quot;&gt;&apos;Primary&apos;&lt;/span&gt;) and (_col12 BETWEEN 50 AND 100 and (_col5 = 1)))))) or ((_col8 = _col4) and ((_col0 = _col7) and ((_col1 = &lt;span class=&quot;code-quote&quot;&gt;&apos;U&apos;&lt;/span&gt;) and ((_col2 = &lt;span class=&quot;code-quote&quot;&gt;&apos;Advanced Degree&apos;&lt;/span&gt;) and (_col12 BETWEEN 150 AND 200 and (_col5 = 1)))))))) (type: &lt;span class=&quot;code-object&quot;&gt;boolean&lt;/span&gt;)
                          Statistics: Num rows: 1063616832 Data size: 92861921280 Basic stats: COMPLETE Column stats: NONE
                          Select Operator
                            expressions: _col6 (type: &lt;span class=&quot;code-object&quot;&gt;int&lt;/span&gt;), _col9 (type: &lt;span class=&quot;code-object&quot;&gt;int&lt;/span&gt;), _col11 (type: &lt;span class=&quot;code-object&quot;&gt;int&lt;/span&gt;), _col13 (type: &lt;span class=&quot;code-object&quot;&gt;float&lt;/span&gt;), _col14 (type: &lt;span class=&quot;code-object&quot;&gt;float&lt;/span&gt;), _col15 (type: &lt;span class=&quot;code-object&quot;&gt;float&lt;/span&gt;)
                            outputColumnNames: _col0, _col3, _col5, _col7, _col8, _col9
                            Statistics: Num rows: 1063616832 Data size: 92861921280 Basic stats: COMPLETE Column stats: NONE
                            Reduce Output Operator
                              sort order: 
                              Statistics: Num rows: 1063616832 Data size: 92861921280 Basic stats: COMPLETE Column stats: NONE
                              value expressions: _col0 (type: &lt;span class=&quot;code-object&quot;&gt;int&lt;/span&gt;), _col3 (type: &lt;span class=&quot;code-object&quot;&gt;int&lt;/span&gt;), _col5 (type: &lt;span class=&quot;code-object&quot;&gt;int&lt;/span&gt;), _col7 (type: &lt;span class=&quot;code-object&quot;&gt;float&lt;/span&gt;), _col8 (type: &lt;span class=&quot;code-object&quot;&gt;float&lt;/span&gt;), _col9 (type: &lt;span class=&quot;code-object&quot;&gt;float&lt;/span&gt;)
            Execution mode: vectorized
        Map 8 
            Map Operator Tree:
                TableScan
                  alias: customer_demographics
                  Statistics: Num rows: 1920800 Data size: 718379200 Basic stats: COMPLETE Column stats: NONE
                  Select Operator
                    expressions: cd_demo_sk (type: &lt;span class=&quot;code-object&quot;&gt;int&lt;/span&gt;), cd_marital_status (type: string), cd_education_status (type: string)
                    outputColumnNames: _col0, _col1, _col2
                    Statistics: Num rows: 1920800 Data size: 718379200 Basic stats: COMPLETE Column stats: NONE
                    Map Join Operator
                      condition map:
                           Inner Join 0 to 1
                      condition expressions:
                        0 {_col0} {_col1} {_col2}
                        1 {_col0}
                      keys:
                        0 
                        1 
                      outputColumnNames: _col0, _col1, _col2, _col3
                      input vertices:
                        1 Map 6
                      Statistics: Num rows: 2112880 Data size: 790217152 Basic stats: COMPLETE Column stats: NONE
                      Map Join Operator
                        condition map:
                             Inner Join 0 to 1
                        condition expressions:
                          0 {_col0} {_col1} {_col2} {_col3}
                          1 {_col0} {_col1}
                        keys:
                          0 
                          1 
                        outputColumnNames: _col0, _col1, _col2, _col3, _col4, _col5
                        input vertices:
                          1 Map 5
                        Statistics: Num rows: 2324168 Data size: 869238912 Basic stats: COMPLETE Column stats: NONE
                        Reduce Output Operator
                          key expressions: _col3 (type: &lt;span class=&quot;code-object&quot;&gt;int&lt;/span&gt;)
                          sort order: +
                          Map-reduce partition columns: _col3 (type: &lt;span class=&quot;code-object&quot;&gt;int&lt;/span&gt;)
                          Statistics: Num rows: 2324168 Data size: 869238912 Basic stats: COMPLETE Column stats: NONE
                          value expressions: _col0 (type: &lt;span class=&quot;code-object&quot;&gt;int&lt;/span&gt;), _col1 (type: string), _col2 (type: string), _col4 (type: &lt;span class=&quot;code-object&quot;&gt;int&lt;/span&gt;), _col5 (type: &lt;span class=&quot;code-object&quot;&gt;int&lt;/span&gt;)
            Execution mode: vectorized
        Reducer 2 
            Reduce Operator Tree:
              Join Operator
                condition map:
                     Inner Join 0 to 1
                condition expressions:
                  0 {VALUE._col0} {VALUE._col3} {VALUE._col5} {VALUE._col7} {VALUE._col8} {VALUE._col9}
                  1 {VALUE._col0} {VALUE._col1} {VALUE._col2}
                outputColumnNames: _col0, _col3, _col5, _col7, _col8, _col9, _col16, _col17, _col18
                Statistics: Num rows: 1169978496 Data size: 102148120576 Basic stats: COMPLETE Column stats: NONE
                Filter Operator
                  predicate: (((_col3 = _col16) and ((_col18 = &lt;span class=&quot;code-quote&quot;&gt;&apos;United States&apos;&lt;/span&gt;) and ((_col17) IN (&lt;span class=&quot;code-quote&quot;&gt;&apos;KY&apos;&lt;/span&gt;, &lt;span class=&quot;code-quote&quot;&gt;&apos;GA&apos;&lt;/span&gt;, &lt;span class=&quot;code-quote&quot;&gt;&apos;NM&apos;&lt;/span&gt;) and _col9 BETWEEN 100 AND 200))) or (((_col3 = _col16) and ((_col18 = &lt;span class=&quot;code-quote&quot;&gt;&apos;United States&apos;&lt;/span&gt;) and ((_col17) IN (&lt;span class=&quot;code-quote&quot;&gt;&apos;MT&apos;&lt;/span&gt;, &lt;span class=&quot;code-quote&quot;&gt;&apos;OR&apos;&lt;/span&gt;, &lt;span class=&quot;code-quote&quot;&gt;&apos;IN&apos;&lt;/span&gt;) and _col9 BETWEEN 150 AND 300))) or ((_col3 = _col16) and ((_col18 = &lt;span class=&quot;code-quote&quot;&gt;&apos;United States&apos;&lt;/span&gt;) and ((_col17) IN (&lt;span class=&quot;code-quote&quot;&gt;&apos;WI&apos;&lt;/span&gt;, &lt;span class=&quot;code-quote&quot;&gt;&apos;MO&apos;&lt;/span&gt;, &lt;span class=&quot;code-quote&quot;&gt;&apos;WV&apos;&lt;/span&gt;) and _col9 BETWEEN 50 AND 250))))) (type: &lt;span class=&quot;code-object&quot;&gt;boolean&lt;/span&gt;)
                  Statistics: Num rows: 219370968 Data size: 19152772608 Basic stats: COMPLETE Column stats: NONE
                  Select Operator
                    expressions: _col0 (type: &lt;span class=&quot;code-object&quot;&gt;int&lt;/span&gt;), _col5 (type: &lt;span class=&quot;code-object&quot;&gt;int&lt;/span&gt;), _col7 (type: &lt;span class=&quot;code-object&quot;&gt;float&lt;/span&gt;), _col8 (type: &lt;span class=&quot;code-object&quot;&gt;float&lt;/span&gt;)
                    outputColumnNames: _col0, _col5, _col7, _col8
                    Statistics: Num rows: 219370968 Data size: 19152772608 Basic stats: COMPLETE Column stats: NONE
                    Map Join Operator
                      condition map:
                           Inner Join 0 to 1
                      condition expressions:
                        0 {_col5} {_col7} {_col8}
                        1 
                      keys:
                        0 _col0 (type: &lt;span class=&quot;code-object&quot;&gt;int&lt;/span&gt;)
                        1 _col0 (type: &lt;span class=&quot;code-object&quot;&gt;int&lt;/span&gt;)
                      outputColumnNames: _col5, _col7, _col8
                      input vertices:
                        1 Map 4
                      Statistics: Num rows: 241308080 Data size: 21068050432 Basic stats: COMPLETE Column stats: NONE
                      Select Operator
                        expressions: _col5 (type: &lt;span class=&quot;code-object&quot;&gt;int&lt;/span&gt;), _col7 (type: &lt;span class=&quot;code-object&quot;&gt;float&lt;/span&gt;), _col8 (type: &lt;span class=&quot;code-object&quot;&gt;float&lt;/span&gt;)
                        outputColumnNames: _col0, _col1, _col2
                        Statistics: Num rows: 241308080 Data size: 21068050432 Basic stats: COMPLETE Column stats: NONE
                        Group By Operator
                          aggregations: avg(_col0), avg(_col1), avg(_col2), sum(_col2)
                          mode: hash
                          outputColumnNames: _col0, _col1, _col2, _col3
                          Statistics: Num rows: 1 Data size: 8 Basic stats: COMPLETE Column stats: NONE
                          Reduce Output Operator
                            sort order: 
                            Statistics: Num rows: 1 Data size: 8 Basic stats: COMPLETE Column stats: NONE
                            value expressions: _col0 (type: struct&amp;lt;count:bigint,sum:&lt;span class=&quot;code-object&quot;&gt;double&lt;/span&gt;,input:&lt;span class=&quot;code-object&quot;&gt;int&lt;/span&gt;&amp;gt;), _col1 (type: struct&amp;lt;count:bigint,sum:&lt;span class=&quot;code-object&quot;&gt;double&lt;/span&gt;,input:&lt;span class=&quot;code-object&quot;&gt;float&lt;/span&gt;&amp;gt;), _col2 (type: struct&amp;lt;count:bigint,sum:&lt;span class=&quot;code-object&quot;&gt;double&lt;/span&gt;,input:&lt;span class=&quot;code-object&quot;&gt;float&lt;/span&gt;&amp;gt;), _col3 (type: &lt;span class=&quot;code-object&quot;&gt;double&lt;/span&gt;)
        Reducer 3 
            Reduce Operator Tree:
              Group By Operator
                aggregations: avg(VALUE._col0), avg(VALUE._col1), avg(VALUE._col2), sum(VALUE._col3)
                mode: mergepartial
                outputColumnNames: _col0, _col1, _col2, _col3
                Statistics: Num rows: 1 Data size: 32 Basic stats: COMPLETE Column stats: NONE
                Select Operator
                  expressions: _col0 (type: &lt;span class=&quot;code-object&quot;&gt;double&lt;/span&gt;), _col1 (type: &lt;span class=&quot;code-object&quot;&gt;double&lt;/span&gt;), _col2 (type: &lt;span class=&quot;code-object&quot;&gt;double&lt;/span&gt;), _col3 (type: &lt;span class=&quot;code-object&quot;&gt;double&lt;/span&gt;)
                  outputColumnNames: _col0, _col1, _col2, _col3
                  Statistics: Num rows: 1 Data size: 32 Basic stats: COMPLETE Column stats: NONE
                  File Output Operator
                    compressed: &lt;span class=&quot;code-keyword&quot;&gt;false&lt;/span&gt;
                    Statistics: Num rows: 1 Data size: 32 Basic stats: COMPLETE Column stats: NONE
                    table:
                        input format: org.apache.hadoop.mapred.TextInputFormat
                        output format: org.apache.hadoop.hive.ql.io.HiveIgnoreKeyTextOutputFormat
                        serde: org.apache.hadoop.hive.serde2.lazy.LazySimpleSerDe

  Stage: Stage-0
    Fetch Operator
      limit: -1
      Processor Tree:
        ListSink

Time taken: 7.681 seconds, Fetched: 227 row(s)

&lt;/pre&gt;
&lt;/div&gt;&lt;/div&gt;</description>
                <environment></environment>
        <key id="12737893">HIVE-7914</key>
            <summary>Simplify join predicates for CBO to avoid cross products</summary>
                <type id="1" iconUrl="https://issues.apache.org/jira/secure/viewavatar?size=xsmall&amp;avatarId=21133&amp;avatarType=issuetype">Bug</type>
                                            <priority id="3" iconUrl="https://issues.apache.org/jira/images/icons/priorities/major.svg">Major</priority>
                        <status id="6" iconUrl="https://issues.apache.org/jira/images/icons/statuses/closed.png" description="The issue is considered finished, the resolution is correct. Issues which are not closed can be reopened.">Closed</status>
                    <statusCategory id="3" key="done" colorName="green"/>
                                    <resolution id="1">Fixed</resolution>
                                        <assignee username="jpullokkaran">Laljo John Pullokkaran</assignee>
                                    <reporter username="mmokhtar">Mostafa Mokhtar</reporter>
                        <labels>
                    </labels>
                <created>Fri, 29 Aug 2014 19:34:35 +0000</created>
                <updated>Wed, 10 Dec 2014 22:35:44 +0000</updated>
                            <resolved>Wed, 15 Oct 2014 15:49:34 +0000</resolved>
                                    <version>0.13.1</version>
                                    <fixVersion>0.14.0</fixVersion>
                                    <component>CBO</component>
                        <due></due>
                            <votes>0</votes>
                                    <watches>4</watches>
                                                                                                                <comments>
                            <comment id="14161000" author="mmokhtar" created="Mon, 6 Oct 2014 21:33:00 +0000"  >&lt;p&gt;Issue still exists &lt;/p&gt;
&lt;div class=&quot;code panel&quot; style=&quot;border-width: 1px;&quot;&gt;&lt;div class=&quot;codeContent panelContent&quot;&gt;
&lt;pre class=&quot;code-java&quot;&gt;hive&amp;gt; explain select avg(ss_quantity) ,avg(ss_ext_sales_price) ,avg(ss_ext_wholesale_cost) ,sum(ss_ext_wholesale_cost) from store_sales ,store ,customer_demographics ,household_demographics ,customer_address ,date_dim where store.s_store_sk = store_sales.ss_store_sk and store_sales.ss_sold_date_sk = date_dim.d_date_sk and date_dim.d_year = 2001 and((store_sales.ss_hdemo_sk=household_demographics.hd_demo_sk and customer_demographics.cd_demo_sk = store_sales.ss_cdemo_sk and customer_demographics.cd_marital_status = &lt;span class=&quot;code-quote&quot;&gt;&apos;M&apos;&lt;/span&gt; and customer_demographics.cd_education_status = &lt;span class=&quot;code-quote&quot;&gt;&apos;4 yr Degree&apos;&lt;/span&gt; and store_sales.ss_sales_price between 100.00 and 150.00 and household_demographics.hd_dep_count = 3 )or (store_sales.ss_hdemo_sk=household_demographics.hd_demo_sk and customer_demographics.cd_demo_sk = store_sales.ss_cdemo_sk and customer_demographics.cd_marital_status = &lt;span class=&quot;code-quote&quot;&gt;&apos;D&apos;&lt;/span&gt; and customer_demographics.cd_education_status = &lt;span class=&quot;code-quote&quot;&gt;&apos;Primary&apos;&lt;/span&gt; and store_sales.ss_sales_price between 50.00 and 100.00 and household_demographics.hd_dep_count = 1 ) or (store_sales.ss_hdemo_sk=household_demographics.hd_demo_sk and customer_demographics.cd_demo_sk = ss_cdemo_sk and customer_demographics.cd_marital_status = &lt;span class=&quot;code-quote&quot;&gt;&apos;U&apos;&lt;/span&gt; and customer_demographics.cd_education_status = &lt;span class=&quot;code-quote&quot;&gt;&apos;Advanced Degree&apos;&lt;/span&gt; and store_sales.ss_sales_price between 150.00 and 200.00 and household_demographics.hd_dep_count = 1 )) and((store_sales.ss_addr_sk = customer_address.ca_address_sk and customer_address.ca_country = &lt;span class=&quot;code-quote&quot;&gt;&apos;United States&apos;&lt;/span&gt; and customer_address.ca_state in (&lt;span class=&quot;code-quote&quot;&gt;&apos;KY&apos;&lt;/span&gt;, &lt;span class=&quot;code-quote&quot;&gt;&apos;GA&apos;&lt;/span&gt;, &lt;span class=&quot;code-quote&quot;&gt;&apos;NM&apos;&lt;/span&gt;) and store_sales.ss_net_profit between 100 and 200 ) or (store_sales.ss_addr_sk = customer_address.ca_address_sk and customer_address.ca_country = &lt;span class=&quot;code-quote&quot;&gt;&apos;United States&apos;&lt;/span&gt; and customer_address.ca_state in (&lt;span class=&quot;code-quote&quot;&gt;&apos;MT&apos;&lt;/span&gt;, &lt;span class=&quot;code-quote&quot;&gt;&apos;OR&apos;&lt;/span&gt;, &lt;span class=&quot;code-quote&quot;&gt;&apos;IN&apos;&lt;/span&gt;) and store_sales.ss_net_profit between 150 and 300 ) or (store_sales.ss_addr_sk = customer_address.ca_address_sk and customer_address.ca_country = &lt;span class=&quot;code-quote&quot;&gt;&apos;United States&apos;&lt;/span&gt; and customer_address.ca_state in (&lt;span class=&quot;code-quote&quot;&gt;&apos;WI&apos;&lt;/span&gt;, &lt;span class=&quot;code-quote&quot;&gt;&apos;MO&apos;&lt;/span&gt;, &lt;span class=&quot;code-quote&quot;&gt;&apos;WV&apos;&lt;/span&gt;) and store_sales.ss_net_profit between 50 and 250 )) ;
Warning: Map Join MAPJOIN[49][bigTable=?] in task &lt;span class=&quot;code-quote&quot;&gt;&apos;Map 4&apos;&lt;/span&gt; is a cross product
Warning: Map Join MAPJOIN[48][bigTable=?] in task &lt;span class=&quot;code-quote&quot;&gt;&apos;Map 4&apos;&lt;/span&gt; is a cross product
Warning: Map Join MAPJOIN[47][bigTable=?] in task &lt;span class=&quot;code-quote&quot;&gt;&apos;Map 4&apos;&lt;/span&gt; is a cross product
OK
STAGE DEPENDENCIES:
  Stage-1 is a root stage
  Stage-0 depends on stages: Stage-1

STAGE PLANS:
  Stage: Stage-1
    Tez
      Edges:
        Map 4 &amp;lt;- Map 1 (BROADCAST_EDGE), Map 2 (BROADCAST_EDGE), Map 3 (BROADCAST_EDGE), Map 6 (BROADCAST_EDGE), Map 7 (BROADCAST_EDGE)
        Reducer 5 &amp;lt;- Map 4 (SIMPLE_EDGE)
      DagName: mmokhtar_20141006173232_992a372b-cc0e-40d5-b51f-7098561df464:3
      Vertices:
        Map 1
            Map Operator Tree:
                TableScan
                  alias: household_demographics
                  Statistics: Num rows: 7200 Data size: 770400 Basic stats: COMPLETE Column stats: NONE
                  Reduce Output Operator
                    sort order:
                    Statistics: Num rows: 7200 Data size: 770400 Basic stats: COMPLETE Column stats: NONE
                    value expressions: hd_demo_sk (type: &lt;span class=&quot;code-object&quot;&gt;int&lt;/span&gt;), hd_dep_count (type: &lt;span class=&quot;code-object&quot;&gt;int&lt;/span&gt;)
            Execution mode: vectorized
        Map 2
            Map Operator Tree:
                TableScan
                  alias: store
                  filterExpr: s_store_sk is not &lt;span class=&quot;code-keyword&quot;&gt;null&lt;/span&gt; (type: &lt;span class=&quot;code-object&quot;&gt;boolean&lt;/span&gt;)
                  Statistics: Num rows: 212 Data size: 405680 Basic stats: COMPLETE Column stats: NONE
                  Filter Operator
                    predicate: s_store_sk is not &lt;span class=&quot;code-keyword&quot;&gt;null&lt;/span&gt; (type: &lt;span class=&quot;code-object&quot;&gt;boolean&lt;/span&gt;)
                    Statistics: Num rows: 106 Data size: 202840 Basic stats: COMPLETE Column stats: NONE
                    Reduce Output Operator
                      key expressions: s_store_sk (type: &lt;span class=&quot;code-object&quot;&gt;int&lt;/span&gt;)
                      sort order: +
                      Map-reduce partition columns: s_store_sk (type: &lt;span class=&quot;code-object&quot;&gt;int&lt;/span&gt;)
                      Statistics: Num rows: 106 Data size: 202840 Basic stats: COMPLETE Column stats: NONE
            Execution mode: vectorized
        Map 3
            Map Operator Tree:
                TableScan
                  alias: customer_address
                  Statistics: Num rows: 800000 Data size: 811903688 Basic stats: COMPLETE Column stats: NONE
                  Reduce Output Operator
                    sort order:
                    Statistics: Num rows: 800000 Data size: 811903688 Basic stats: COMPLETE Column stats: NONE
                    value expressions: ca_address_sk (type: &lt;span class=&quot;code-object&quot;&gt;int&lt;/span&gt;), ca_state (type: string), ca_country (type: string)
            Execution mode: vectorized
        Map 4
            Map Operator Tree:
                TableScan
                  alias: store_sales
                  filterExpr: ss_store_sk is not &lt;span class=&quot;code-keyword&quot;&gt;null&lt;/span&gt; (type: &lt;span class=&quot;code-object&quot;&gt;boolean&lt;/span&gt;)
                  Statistics: Num rows: 550076554 Data size: 47370018896 Basic stats: COMPLETE Column stats: NONE
                  Filter Operator
                    predicate: ss_store_sk is not &lt;span class=&quot;code-keyword&quot;&gt;null&lt;/span&gt; (type: &lt;span class=&quot;code-object&quot;&gt;boolean&lt;/span&gt;)
                    Statistics: Num rows: 275038277 Data size: 23685009448 Basic stats: COMPLETE Column stats: NONE
                    Map Join Operator
                      condition map:
                           Inner Join 0 to 1
                      condition expressions:
                        0 {ss_cdemo_sk} {ss_hdemo_sk} {ss_addr_sk} {ss_store_sk} {ss_quantity} {ss_sales_price} {ss_ext_sales_price} {ss_ext_wholesale_cost} {ss_net_profit} {ss_sold_date_sk}
                        1 {s_store_sk}
                      keys:
                        0 ss_store_sk (type: &lt;span class=&quot;code-object&quot;&gt;int&lt;/span&gt;)
                        1 s_store_sk (type: &lt;span class=&quot;code-object&quot;&gt;int&lt;/span&gt;)
                      outputColumnNames: _col3, _col4, _col5, _col6, _col9, _col12, _col14, _col15, _col21, _col22, _col26
                      input vertices:
                        1 Map 2
                      Statistics: Num rows: 302542112 Data size: 26053511168 Basic stats: COMPLETE Column stats: NONE
                      Map Join Operator
                        condition map:
                             Inner Join 0 to 1
                        condition expressions:
                          0 {_col3} {_col4} {_col5} {_col6} {_col9} {_col12} {_col14} {_col15} {_col21} {_col22} {_col26}
                          1 {cd_demo_sk} {cd_marital_status} {cd_education_status}
                        keys:
                          0
                          1
                        outputColumnNames: _col3, _col4, _col5, _col6, _col9, _col12, _col14, _col15, _col21, _col22, _col26, _col58, _col60, _col61
                        input vertices:
                          1 Map 6
                        Statistics: Num rows: 332796320 Data size: 28658862080 Basic stats: COMPLETE Column stats: NONE
                        Map Join Operator
                          condition map:
                               Inner Join 0 to 1
                          condition expressions:
                            0 {_col3} {_col4} {_col5} {_col6} {_col9} {_col12} {_col14} {_col15} {_col21} {_col22} {_col26} {_col58} {_col60} {_col61}
                            1 {hd_demo_sk} {hd_dep_count}
                          keys:
                            0
                            1
                          outputColumnNames: _col3, _col4, _col5, _col6, _col9, _col12, _col14, _col15, _col21, _col22, _col26, _col58, _col60, _col61, _col70, _col73
                          input vertices:
                            1 Map 1
                          Statistics: Num rows: 366075968 Data size: 31524749312 Basic stats: COMPLETE Column stats: NONE
                          Map Join Operator
                            condition map:
                                 Inner Join 0 to 1
                            condition expressions:
                              0 {_col3} {_col4} {_col5} {_col6} {_col9} {_col12} {_col14} {_col15} {_col21} {_col22} {_col26} {_col58} {_col60} {_col61} {_col70} {_col73}
                              1 {ca_address_sk} {ca_state} {ca_country}
                            keys:
                              0
                              1
                            outputColumnNames: _col3, _col4, _col5, _col6, _col9, _col12, _col14, _col15, _col21, _col22, _col26, _col58, _col60, _col61, _col70, _col73, _col78, _col86, _col88
                            input vertices:
                              1 Map 3
                            Statistics: Num rows: 402683584 Data size: 34677223424 Basic stats: COMPLETE Column stats: NONE
                            Map Join Operator
                              condition map:
                                   Inner Join 0 to 1
                              condition expressions:
                                0 {_col3} {_col4} {_col5} {_col6} {_col9} {_col12} {_col14} {_col15} {_col21} {_col22} {_col26} {_col58} {_col60} {_col61} {_col70} {_col73} {_col78} {_col86} {_col88}
                                1 {d_date_sk}
                              keys:
                                0 _col22 (type: &lt;span class=&quot;code-object&quot;&gt;int&lt;/span&gt;)
                                1 d_date_sk (type: &lt;span class=&quot;code-object&quot;&gt;int&lt;/span&gt;)
                              outputColumnNames: _col3, _col4, _col5, _col6, _col9, _col12, _col14, _col15, _col21, _col22, _col26, _col58, _col60, _col61, _col70, _col73, _col78, _col86, _col88, _col94
                              input vertices:
                                1 Map 7
                              Statistics: Num rows: 442951968 Data size: 38144946176 Basic stats: COMPLETE Column stats: NONE
                              Filter Operator
                                predicate: ((((_col26 = _col6) and (_col22 = _col94)) and ((((((((_col4 = _col70) and (_col58 = _col3)) and (_col60 = &lt;span class=&quot;code-quote&quot;&gt;&apos;M&apos;&lt;/span&gt;)) and (_col61 = &lt;span class=&quot;code-quote&quot;&gt;&apos;4 yr Degree&apos;&lt;/span&gt;)) and _col12 BETWEEN 100.0 AND 150.0) and (_col73 = 3)) or ((((((_col4 = _col70) and (_col58 = _col3)) and (_col60 = &lt;span class=&quot;code-quote&quot;&gt;&apos;D&apos;&lt;/span&gt;)) and (_col61 = &lt;span class=&quot;code-quote&quot;&gt;&apos;Primary&apos;&lt;/span&gt;)) and _col12 BETWEEN 50.0 AND 100.0) and (_col73 = 1))) or ((((((_col4 = _col70) and (_col58 = _col3)) and (_col60 = &lt;span class=&quot;code-quote&quot;&gt;&apos;U&apos;&lt;/span&gt;)) and (_col61 = &lt;span class=&quot;code-quote&quot;&gt;&apos;Advanced Degree&apos;&lt;/span&gt;)) and _col12 BETWEEN 150.0 AND 200.0) and (_col73 = 1)))) and ((((((_col5 = _col78) and (_col88 = &lt;span class=&quot;code-quote&quot;&gt;&apos;United States&apos;&lt;/span&gt;)) and (_col86) IN (&lt;span class=&quot;code-quote&quot;&gt;&apos;KY&apos;&lt;/span&gt;, &lt;span class=&quot;code-quote&quot;&gt;&apos;GA&apos;&lt;/span&gt;, &lt;span class=&quot;code-quote&quot;&gt;&apos;NM&apos;&lt;/span&gt;)) and _col21 BETWEEN 100 AND 200) or ((((_col5 = _col78) and (_col88 = &lt;span class=&quot;code-quote&quot;&gt;&apos;United States&apos;&lt;/span&gt;)) and (_col86) IN (&lt;span class=&quot;code-quote&quot;&gt;&apos;MT&apos;&lt;/span&gt;, &lt;span class=&quot;code-quote&quot;&gt;&apos;OR&apos;&lt;/span&gt;, &lt;span class=&quot;code-quote&quot;&gt;&apos;IN&apos;&lt;/span&gt;)) and _col21 BETWEEN 150 AND 300)) or ((((_col5 = _col78) and (_col88 = &lt;span class=&quot;code-quote&quot;&gt;&apos;United States&apos;&lt;/span&gt;)) and (_col86) IN (&lt;span class=&quot;code-quote&quot;&gt;&apos;WI&apos;&lt;/span&gt;, &lt;span class=&quot;code-quote&quot;&gt;&apos;MO&apos;&lt;/span&gt;, &lt;span class=&quot;code-quote&quot;&gt;&apos;WV&apos;&lt;/span&gt;)) and _col21 BETWEEN 50 AND 250))) (type: &lt;span class=&quot;code-object&quot;&gt;boolean&lt;/span&gt;)
                                Statistics: Num rows: 973281 Data size: 83814395 Basic stats: COMPLETE Column stats: NONE
                                Select Operator
                                  expressions: _col9 (type: &lt;span class=&quot;code-object&quot;&gt;int&lt;/span&gt;), _col14 (type: &lt;span class=&quot;code-object&quot;&gt;float&lt;/span&gt;), _col15 (type: &lt;span class=&quot;code-object&quot;&gt;float&lt;/span&gt;)
                                  outputColumnNames: _col9, _col14, _col15
                                  Statistics: Num rows: 973281 Data size: 83814395 Basic stats: COMPLETE Column stats: NONE
                                  Group By Operator
                                    aggregations: avg(_col9), avg(_col14), avg(_col15), sum(_col15)
                                    mode: hash
                                    outputColumnNames: _col0, _col1, _col2, _col3
                                    Statistics: Num rows: 1 Data size: 8 Basic stats: COMPLETE Column stats: NONE
                                    Reduce Output Operator
                                      sort order:
                                      Statistics: Num rows: 1 Data size: 8 Basic stats: COMPLETE Column stats: NONE
                                      value expressions: _col0 (type: struct&amp;lt;count:bigint,sum:&lt;span class=&quot;code-object&quot;&gt;double&lt;/span&gt;,input:&lt;span class=&quot;code-object&quot;&gt;int&lt;/span&gt;&amp;gt;), _col1 (type: struct&amp;lt;count:bigint,sum:&lt;span class=&quot;code-object&quot;&gt;double&lt;/span&gt;,input:&lt;span class=&quot;code-object&quot;&gt;float&lt;/span&gt;&amp;gt;), _col2 (type: struct&amp;lt;count:bigint,sum:&lt;span class=&quot;code-object&quot;&gt;double&lt;/span&gt;,input:&lt;span class=&quot;code-object&quot;&gt;float&lt;/span&gt;&amp;gt;), _col3 (type: &lt;span class=&quot;code-object&quot;&gt;double&lt;/span&gt;)
            Execution mode: vectorized
        Map 6
            Map Operator Tree:
                TableScan
                  alias: customer_demographics
                  Statistics: Num rows: 1920800 Data size: 718379200 Basic stats: COMPLETE Column stats: NONE
                  Reduce Output Operator
                    sort order:
                    Statistics: Num rows: 1920800 Data size: 718379200 Basic stats: COMPLETE Column stats: NONE
                    value expressions: cd_demo_sk (type: &lt;span class=&quot;code-object&quot;&gt;int&lt;/span&gt;), cd_marital_status (type: string), cd_education_status (type: string)
            Execution mode: vectorized
        Map 7
            Map Operator Tree:
                TableScan
                  alias: date_dim
                  filterExpr: (d_date_sk is not &lt;span class=&quot;code-keyword&quot;&gt;null&lt;/span&gt; and (d_year = 2001)) (type: &lt;span class=&quot;code-object&quot;&gt;boolean&lt;/span&gt;)
                  Statistics: Num rows: 73049 Data size: 81741831 Basic stats: COMPLETE Column stats: NONE
                  Filter Operator
                    predicate: (d_date_sk is not &lt;span class=&quot;code-keyword&quot;&gt;null&lt;/span&gt; and (d_year = 2001)) (type: &lt;span class=&quot;code-object&quot;&gt;boolean&lt;/span&gt;)
                    Statistics: Num rows: 18262 Data size: 20435178 Basic stats: COMPLETE Column stats: NONE
                    Reduce Output Operator
                      key expressions: d_date_sk (type: &lt;span class=&quot;code-object&quot;&gt;int&lt;/span&gt;)
                      sort order: +
                      Map-reduce partition columns: d_date_sk (type: &lt;span class=&quot;code-object&quot;&gt;int&lt;/span&gt;)
                      Statistics: Num rows: 18262 Data size: 20435178 Basic stats: COMPLETE Column stats: NONE
                    Select Operator
                      expressions: d_date_sk (type: &lt;span class=&quot;code-object&quot;&gt;int&lt;/span&gt;)
                      outputColumnNames: _col0
                      Statistics: Num rows: 18262 Data size: 20435178 Basic stats: COMPLETE Column stats: NONE
                      Group By Operator
                        keys: _col0 (type: &lt;span class=&quot;code-object&quot;&gt;int&lt;/span&gt;)
                        mode: hash
                        outputColumnNames: _col0
                        Statistics: Num rows: 18262 Data size: 20435178 Basic stats: COMPLETE Column stats: NONE
                        Dynamic Partitioning Event Operator
                          Target Input: store_sales
                          Partition key expr: ss_sold_date_sk
                          Statistics: Num rows: 18262 Data size: 20435178 Basic stats: COMPLETE Column stats: NONE
                          Target column: ss_sold_date_sk
                          Target Vertex: Map 4
            Execution mode: vectorized
        Reducer 5
            Reduce Operator Tree:
              Group By Operator
                aggregations: avg(VALUE._col0), avg(VALUE._col1), avg(VALUE._col2), sum(VALUE._col3)
                mode: mergepartial
                outputColumnNames: _col0, _col1, _col2, _col3
                Statistics: Num rows: 1 Data size: 32 Basic stats: COMPLETE Column stats: NONE
                Select Operator
                  expressions: _col0 (type: &lt;span class=&quot;code-object&quot;&gt;double&lt;/span&gt;), _col1 (type: &lt;span class=&quot;code-object&quot;&gt;double&lt;/span&gt;), _col2 (type: &lt;span class=&quot;code-object&quot;&gt;double&lt;/span&gt;), _col3 (type: &lt;span class=&quot;code-object&quot;&gt;double&lt;/span&gt;)
                  outputColumnNames: _col0, _col1, _col2, _col3
                  Statistics: Num rows: 1 Data size: 32 Basic stats: COMPLETE Column stats: NONE
                  File Output Operator
                    compressed: &lt;span class=&quot;code-keyword&quot;&gt;false&lt;/span&gt;
                    Statistics: Num rows: 1 Data size: 32 Basic stats: COMPLETE Column stats: NONE
                    table:
                        input format: org.apache.hadoop.mapred.TextInputFormat
                        output format: org.apache.hadoop.hive.ql.io.HiveIgnoreKeyTextOutputFormat
                        serde: org.apache.hadoop.hive.serde2.lazy.LazySimpleSerDe

  Stage: Stage-0
    Fetch Operator
      limit: -1
      Processor Tree:
        ListSink

Time taken: 3.31 seconds, Fetched: 203 row(s)
hive&amp;gt;
&lt;/pre&gt;
&lt;/div&gt;&lt;/div&gt;</comment>
                            <comment id="14168783" author="hiveqa" created="Sun, 12 Oct 2014 20:49:36 +0000"  >

&lt;p&gt;&lt;font color=&quot;red&quot;&gt;Overall&lt;/font&gt;: -1 at least one tests failed&lt;/p&gt;

&lt;p&gt;Here are the results of testing the latest attachment:&lt;br/&gt;
&lt;a href=&quot;https://issues.apache.org/jira/secure/attachment/12674325/HIVE-7914.patch&quot; class=&quot;external-link&quot; rel=&quot;nofollow&quot;&gt;https://issues.apache.org/jira/secure/attachment/12674325/HIVE-7914.patch&lt;/a&gt;&lt;/p&gt;

&lt;p&gt;&lt;font color=&quot;red&quot;&gt;ERROR:&lt;/font&gt; -1 due to 1 failed/errored test(s), 4137 tests executed&lt;br/&gt;
&lt;b&gt;Failed tests:&lt;/b&gt;&lt;/p&gt;
&lt;div class=&quot;preformatted panel&quot; style=&quot;border-width: 1px;&quot;&gt;&lt;div class=&quot;preformattedContent panelContent&quot;&gt;
&lt;pre&gt;org.apache.hadoop.hive.cli.TestCliDriver.testCliDriver_tez_smb_1
&lt;/pre&gt;
&lt;/div&gt;&lt;/div&gt;

&lt;p&gt;Test results: &lt;a href=&quot;http://ec2-174-129-184-35.compute-1.amazonaws.com/jenkins/job/PreCommit-HIVE-TRUNK-Build/1235/testReport&quot; class=&quot;external-link&quot; target=&quot;_blank&quot; rel=&quot;nofollow noopener&quot;&gt;http://ec2-174-129-184-35.compute-1.amazonaws.com/jenkins/job/PreCommit-HIVE-TRUNK-Build/1235/testReport&lt;/a&gt;&lt;br/&gt;
Console output: &lt;a href=&quot;http://ec2-174-129-184-35.compute-1.amazonaws.com/jenkins/job/PreCommit-HIVE-TRUNK-Build/1235/console&quot; class=&quot;external-link&quot; target=&quot;_blank&quot; rel=&quot;nofollow noopener&quot;&gt;http://ec2-174-129-184-35.compute-1.amazonaws.com/jenkins/job/PreCommit-HIVE-TRUNK-Build/1235/console&lt;/a&gt;&lt;br/&gt;
Test logs: &lt;a href=&quot;http://ec2-174-129-184-35.compute-1.amazonaws.com/logs/PreCommit-HIVE-TRUNK-Build-1235/&quot; class=&quot;external-link&quot; target=&quot;_blank&quot; rel=&quot;nofollow noopener&quot;&gt;http://ec2-174-129-184-35.compute-1.amazonaws.com/logs/PreCommit-HIVE-TRUNK-Build-1235/&lt;/a&gt;&lt;/p&gt;

&lt;p&gt;Messages:&lt;/p&gt;
&lt;div class=&quot;preformatted panel&quot; style=&quot;border-width: 1px;&quot;&gt;&lt;div class=&quot;preformattedContent panelContent&quot;&gt;
&lt;pre&gt;Executing org.apache.hive.ptest.execution.PrepPhase
Executing org.apache.hive.ptest.execution.ExecutionPhase
Executing org.apache.hive.ptest.execution.ReportingPhase
Tests exited with: TestsFailedException: 1 tests failed
&lt;/pre&gt;
&lt;/div&gt;&lt;/div&gt;

&lt;p&gt;This message is automatically generated.&lt;/p&gt;

&lt;p&gt;ATTACHMENT ID: 12674325&lt;/p&gt;</comment>
                            <comment id="14171702" author="ashutoshc" created="Tue, 14 Oct 2014 23:24:56 +0000"  >&lt;p&gt;+1&lt;/p&gt;</comment>
                            <comment id="14172494" author="ashutoshc" created="Wed, 15 Oct 2014 15:49:34 +0000"  >&lt;p&gt;Committed to trunk. Thanks, John!&lt;br/&gt;
&lt;a href=&quot;https://issues.apache.org/jira/secure/ViewProfile.jspa?name=vikram.dixit&quot; class=&quot;user-hover&quot; rel=&quot;vikram.dixit&quot;&gt;vikram.dixit&lt;/a&gt; it will be good to have this in 0.14&lt;/p&gt;</comment>
                            <comment id="14172736" author="mmokhtar" created="Wed, 15 Oct 2014 18:34:18 +0000"  >&lt;p&gt;Issue resolved &lt;/p&gt;
&lt;div class=&quot;code panel&quot; style=&quot;border-width: 1px;&quot;&gt;&lt;div class=&quot;codeContent panelContent&quot;&gt;
&lt;pre class=&quot;code-java&quot;&gt;
STAGE DEPENDENCIES:
  Stage-1 is a root stage
  Stage-0 depends on stages: Stage-1

STAGE PLANS:
  Stage: Stage-1
    Tez
      Edges:
        Map 4 &amp;lt;- Map 1 (BROADCAST_EDGE), Map 2 (BROADCAST_EDGE), Map 3 (BROADCAST_EDGE), Map 6 (BROADCAST_EDGE), Map 7 (BROADCAST_EDGE)
        Reducer 5 &amp;lt;- Map 4 (SIMPLE_EDGE)
      DagName: mmokhtar_20141015124444_452c339a-3fa1-4ae4-99ed-0fb052342532:1
      Vertices:
        Map 1 
            Map Operator Tree:
                TableScan
                  alias: household_demographics
                  filterExpr: hd_demo_sk is not &lt;span class=&quot;code-keyword&quot;&gt;null&lt;/span&gt; (type: &lt;span class=&quot;code-object&quot;&gt;boolean&lt;/span&gt;)
                  Statistics: Num rows: 7200 Data size: 770400 Basic stats: COMPLETE Column stats: COMPLETE
                  Filter Operator
                    predicate: hd_demo_sk is not &lt;span class=&quot;code-keyword&quot;&gt;null&lt;/span&gt; (type: &lt;span class=&quot;code-object&quot;&gt;boolean&lt;/span&gt;)
                    Statistics: Num rows: 7200 Data size: 57600 Basic stats: COMPLETE Column stats: COMPLETE
                    Select Operator
                      expressions: hd_demo_sk (type: &lt;span class=&quot;code-object&quot;&gt;int&lt;/span&gt;), hd_dep_count (type: &lt;span class=&quot;code-object&quot;&gt;int&lt;/span&gt;)
                      outputColumnNames: _col0, _col1
                      Statistics: Num rows: 7200 Data size: 57600 Basic stats: COMPLETE Column stats: COMPLETE
                      Reduce Output Operator
                        key expressions: _col0 (type: &lt;span class=&quot;code-object&quot;&gt;int&lt;/span&gt;)
                        sort order: +
                        Map-reduce partition columns: _col0 (type: &lt;span class=&quot;code-object&quot;&gt;int&lt;/span&gt;)
                        Statistics: Num rows: 7200 Data size: 57600 Basic stats: COMPLETE Column stats: COMPLETE
                        value expressions: _col1 (type: &lt;span class=&quot;code-object&quot;&gt;int&lt;/span&gt;)
            Execution mode: vectorized
        Map 2 
            Map Operator Tree:
                TableScan
                  alias: customer_address
                  filterExpr: ((ca_country = &lt;span class=&quot;code-quote&quot;&gt;&apos;United States&apos;&lt;/span&gt;) and ca_address_sk is not &lt;span class=&quot;code-keyword&quot;&gt;null&lt;/span&gt;) (type: &lt;span class=&quot;code-object&quot;&gt;boolean&lt;/span&gt;)
                  Statistics: Num rows: 800000 Data size: 811903688 Basic stats: COMPLETE Column stats: COMPLETE
                  Filter Operator
                    predicate: ((ca_country = &lt;span class=&quot;code-quote&quot;&gt;&apos;United States&apos;&lt;/span&gt;) and ca_address_sk is not &lt;span class=&quot;code-keyword&quot;&gt;null&lt;/span&gt;) (type: &lt;span class=&quot;code-object&quot;&gt;boolean&lt;/span&gt;)
                    Statistics: Num rows: 400000 Data size: 74800000 Basic stats: COMPLETE Column stats: COMPLETE
                    Select Operator
                      expressions: ca_address_sk (type: &lt;span class=&quot;code-object&quot;&gt;int&lt;/span&gt;), ca_state (type: string)
                      outputColumnNames: _col0, _col1
                      Statistics: Num rows: 400000 Data size: 36000000 Basic stats: COMPLETE Column stats: COMPLETE
                      Reduce Output Operator
                        key expressions: _col0 (type: &lt;span class=&quot;code-object&quot;&gt;int&lt;/span&gt;)
                        sort order: +
                        Map-reduce partition columns: _col0 (type: &lt;span class=&quot;code-object&quot;&gt;int&lt;/span&gt;)
                        Statistics: Num rows: 400000 Data size: 36000000 Basic stats: COMPLETE Column stats: COMPLETE
                        value expressions: _col1 (type: string)
            Execution mode: vectorized
        Map 3 
            Map Operator Tree:
                TableScan
                  alias: date_dim
                  filterExpr: ((d_year = 2001) and d_date_sk is not &lt;span class=&quot;code-keyword&quot;&gt;null&lt;/span&gt;) (type: &lt;span class=&quot;code-object&quot;&gt;boolean&lt;/span&gt;)
                  Statistics: Num rows: 73049 Data size: 81741831 Basic stats: COMPLETE Column stats: COMPLETE
                  Filter Operator
                    predicate: ((d_year = 2001) and d_date_sk is not &lt;span class=&quot;code-keyword&quot;&gt;null&lt;/span&gt;) (type: &lt;span class=&quot;code-object&quot;&gt;boolean&lt;/span&gt;)
                    Statistics: Num rows: 652 Data size: 5216 Basic stats: COMPLETE Column stats: COMPLETE
                    Select Operator
                      expressions: d_date_sk (type: &lt;span class=&quot;code-object&quot;&gt;int&lt;/span&gt;)
                      outputColumnNames: _col0
                      Statistics: Num rows: 652 Data size: 2608 Basic stats: COMPLETE Column stats: COMPLETE
                      Reduce Output Operator
                        key expressions: _col0 (type: &lt;span class=&quot;code-object&quot;&gt;int&lt;/span&gt;)
                        sort order: +
                        Map-reduce partition columns: _col0 (type: &lt;span class=&quot;code-object&quot;&gt;int&lt;/span&gt;)
                        Statistics: Num rows: 652 Data size: 2608 Basic stats: COMPLETE Column stats: COMPLETE
                      Select Operator
                        expressions: _col0 (type: &lt;span class=&quot;code-object&quot;&gt;int&lt;/span&gt;)
                        outputColumnNames: _col0
                        Statistics: Num rows: 652 Data size: 0 Basic stats: PARTIAL Column stats: COMPLETE
                        Group By Operator
                          keys: _col0 (type: &lt;span class=&quot;code-object&quot;&gt;int&lt;/span&gt;)
                          mode: hash
                          outputColumnNames: _col0
                          Statistics: Num rows: 652 Data size: 0 Basic stats: PARTIAL Column stats: COMPLETE
                          Dynamic Partitioning Event Operator
                            Target Input: store_sales
                            Partition key expr: ss_sold_date_sk
                            Statistics: Num rows: 652 Data size: 0 Basic stats: PARTIAL Column stats: COMPLETE
                            Target column: ss_sold_date_sk
                            Target Vertex: Map 4
            Execution mode: vectorized
        Map 4 
            Map Operator Tree:
                TableScan
                  alias: store_sales
                  filterExpr: (((ss_hdemo_sk is not &lt;span class=&quot;code-keyword&quot;&gt;null&lt;/span&gt; and ss_store_sk is not &lt;span class=&quot;code-keyword&quot;&gt;null&lt;/span&gt;) and ss_cdemo_sk is not &lt;span class=&quot;code-keyword&quot;&gt;null&lt;/span&gt;) and ss_addr_sk is not &lt;span class=&quot;code-keyword&quot;&gt;null&lt;/span&gt;) (type: &lt;span class=&quot;code-object&quot;&gt;boolean&lt;/span&gt;)
                  Statistics: Num rows: 550076554 Data size: 47370018896 Basic stats: COMPLETE Column stats: COMPLETE
                  Filter Operator
                    predicate: (((ss_hdemo_sk is not &lt;span class=&quot;code-keyword&quot;&gt;null&lt;/span&gt; and ss_store_sk is not &lt;span class=&quot;code-keyword&quot;&gt;null&lt;/span&gt;) and ss_cdemo_sk is not &lt;span class=&quot;code-keyword&quot;&gt;null&lt;/span&gt;) and ss_addr_sk is not &lt;span class=&quot;code-keyword&quot;&gt;null&lt;/span&gt;) (type: &lt;span class=&quot;code-object&quot;&gt;boolean&lt;/span&gt;)
                    Statistics: Num rows: 500049144 Data size: 17577702756 Basic stats: COMPLETE Column stats: COMPLETE
                    Select Operator
                      expressions: ss_cdemo_sk (type: &lt;span class=&quot;code-object&quot;&gt;int&lt;/span&gt;), ss_hdemo_sk (type: &lt;span class=&quot;code-object&quot;&gt;int&lt;/span&gt;), ss_addr_sk (type: &lt;span class=&quot;code-object&quot;&gt;int&lt;/span&gt;), ss_store_sk (type: &lt;span class=&quot;code-object&quot;&gt;int&lt;/span&gt;), ss_quantity (type: &lt;span class=&quot;code-object&quot;&gt;int&lt;/span&gt;), ss_sales_price (type: &lt;span class=&quot;code-object&quot;&gt;float&lt;/span&gt;), ss_ext_sales_price (type: &lt;span class=&quot;code-object&quot;&gt;float&lt;/span&gt;), ss_ext_wholesale_cost (type: &lt;span class=&quot;code-object&quot;&gt;float&lt;/span&gt;), ss_net_profit (type: &lt;span class=&quot;code-object&quot;&gt;float&lt;/span&gt;), ss_sold_date_sk (type: &lt;span class=&quot;code-object&quot;&gt;int&lt;/span&gt;)
                      outputColumnNames: _col0, _col1, _col2, _col3, _col4, _col5, _col6, _col7, _col8, _col9
                      Statistics: Num rows: 500049144 Data size: 19577899332 Basic stats: COMPLETE Column stats: COMPLETE
                      Map Join Operator
                        condition map:
                             Inner Join 0 to 1
                        condition expressions:
                          0 {_col0} {_col2} {_col3} {_col4} {_col5} {_col6} {_col7} {_col8} {_col9}
                          1 {_col1}
                        keys:
                          0 _col1 (type: &lt;span class=&quot;code-object&quot;&gt;int&lt;/span&gt;)
                          1 _col0 (type: &lt;span class=&quot;code-object&quot;&gt;int&lt;/span&gt;)
                        outputColumnNames: _col0, _col2, _col3, _col4, _col5, _col6, _col7, _col8, _col9, _col11
                        input vertices:
                          1 Map 1
                        Statistics: Num rows: 387176453 Data size: 13938352308 Basic stats: COMPLETE Column stats: COMPLETE
                        Map Join Operator
                          condition map:
                               Inner Join 0 to 1
                          condition expressions:
                            0 {_col0} {_col2} {_col4} {_col5} {_col6} {_col7} {_col8} {_col9} {_col11}
                            1 
                          keys:
                            0 _col3 (type: &lt;span class=&quot;code-object&quot;&gt;int&lt;/span&gt;)
                            1 _col0 (type: &lt;span class=&quot;code-object&quot;&gt;int&lt;/span&gt;)
                          outputColumnNames: _col0, _col2, _col4, _col5, _col6, _col7, _col8, _col9, _col11
                          input vertices:
                            1 Map 7
                          Statistics: Num rows: 477217488 Data size: 15270959616 Basic stats: COMPLETE Column stats: COMPLETE
                          Map Join Operator
                            condition map:
                                 Inner Join 0 to 1
                            condition expressions:
                              0 {_col2} {_col4} {_col5} {_col6} {_col7} {_col8} {_col9} {_col11}
                              1 {_col1} {_col2}
                            keys:
                              0 _col0 (type: &lt;span class=&quot;code-object&quot;&gt;int&lt;/span&gt;)
                              1 _col0 (type: &lt;span class=&quot;code-object&quot;&gt;int&lt;/span&gt;)
                            outputColumnNames: _col2, _col4, _col5, _col6, _col7, _col8, _col9, _col11, _col14, _col15
                            input vertices:
                              1 Map 6
                            Statistics: Num rows: 499302689 Data size: 103355656623 Basic stats: COMPLETE Column stats: COMPLETE
                            Filter Operator
                              predicate: (((_col14 = &lt;span class=&quot;code-quote&quot;&gt;&apos;M&apos;&lt;/span&gt;) and ((_col15 = &lt;span class=&quot;code-quote&quot;&gt;&apos;4 yr Degree&apos;&lt;/span&gt;) and (_col5 BETWEEN 100.0 AND 150.0 and (_col11 = 3)))) or (((_col14 = &lt;span class=&quot;code-quote&quot;&gt;&apos;D&apos;&lt;/span&gt;) and ((_col15 = &lt;span class=&quot;code-quote&quot;&gt;&apos;Primary&apos;&lt;/span&gt;) and (_col5 BETWEEN 50.0 AND 100.0 and (_col11 = 1)))) or ((_col14 = &lt;span class=&quot;code-quote&quot;&gt;&apos;U&apos;&lt;/span&gt;) and ((_col15 = &lt;span class=&quot;code-quote&quot;&gt;&apos;Advanced Degree&apos;&lt;/span&gt;) and (_col5 BETWEEN 150.0 AND 200.0 and (_col11 = 1)))))) (type: &lt;span class=&quot;code-object&quot;&gt;boolean&lt;/span&gt;)
                              Statistics: Num rows: 53496714 Data size: 11073819798 Basic stats: COMPLETE Column stats: COMPLETE
                              Select Operator
                                expressions: _col2 (type: &lt;span class=&quot;code-object&quot;&gt;int&lt;/span&gt;), _col4 (type: &lt;span class=&quot;code-object&quot;&gt;int&lt;/span&gt;), _col6 (type: &lt;span class=&quot;code-object&quot;&gt;float&lt;/span&gt;), _col7 (type: &lt;span class=&quot;code-object&quot;&gt;float&lt;/span&gt;), _col8 (type: &lt;span class=&quot;code-object&quot;&gt;float&lt;/span&gt;), _col9 (type: &lt;span class=&quot;code-object&quot;&gt;int&lt;/span&gt;)
                                outputColumnNames: _col2, _col4, _col6, _col7, _col8, _col9
                                Statistics: Num rows: 53496714 Data size: 1069934280 Basic stats: COMPLETE Column stats: COMPLETE
                                Map Join Operator
                                  condition map:
                                       Inner Join 0 to 1
                                  condition expressions:
                                    0 {_col4} {_col6} {_col7} {_col8} {_col9}
                                    1 {_col1}
                                  keys:
                                    0 _col2 (type: &lt;span class=&quot;code-object&quot;&gt;int&lt;/span&gt;)
                                    1 _col0 (type: &lt;span class=&quot;code-object&quot;&gt;int&lt;/span&gt;)
                                  outputColumnNames: _col4, _col6, _col7, _col8, _col9, _col17
                                  input vertices:
                                    1 Map 2
                                  Statistics: Num rows: 60464319 Data size: 6409217814 Basic stats: COMPLETE Column stats: COMPLETE
                                  Filter Operator
                                    predicate: (((_col17) IN (&lt;span class=&quot;code-quote&quot;&gt;&apos;KY&apos;&lt;/span&gt;, &lt;span class=&quot;code-quote&quot;&gt;&apos;GA&apos;&lt;/span&gt;, &lt;span class=&quot;code-quote&quot;&gt;&apos;NM&apos;&lt;/span&gt;) and _col8 BETWEEN 100 AND 200) or (((_col17) IN (&lt;span class=&quot;code-quote&quot;&gt;&apos;MT&apos;&lt;/span&gt;, &lt;span class=&quot;code-quote&quot;&gt;&apos;OR&apos;&lt;/span&gt;, &lt;span class=&quot;code-quote&quot;&gt;&apos;IN&apos;&lt;/span&gt;) and _col8 BETWEEN 150 AND 300) or ((_col17) IN (&lt;span class=&quot;code-quote&quot;&gt;&apos;WI&apos;&lt;/span&gt;, &lt;span class=&quot;code-quote&quot;&gt;&apos;MO&apos;&lt;/span&gt;, &lt;span class=&quot;code-quote&quot;&gt;&apos;WV&apos;&lt;/span&gt;) and _col8 BETWEEN 50 AND 250))) (type: &lt;span class=&quot;code-object&quot;&gt;boolean&lt;/span&gt;)
                                    Statistics: Num rows: 45348237 Data size: 4806913122 Basic stats: COMPLETE Column stats: COMPLETE
                                    Select Operator
                                      expressions: _col4 (type: &lt;span class=&quot;code-object&quot;&gt;int&lt;/span&gt;), _col6 (type: &lt;span class=&quot;code-object&quot;&gt;float&lt;/span&gt;), _col7 (type: &lt;span class=&quot;code-object&quot;&gt;float&lt;/span&gt;), _col9 (type: &lt;span class=&quot;code-object&quot;&gt;int&lt;/span&gt;)
                                      outputColumnNames: _col4, _col6, _col7, _col9
                                      Statistics: Num rows: 45348237 Data size: 725571792 Basic stats: COMPLETE Column stats: COMPLETE
                                      Map Join Operator
                                        condition map:
                                             Inner Join 0 to 1
                                        condition expressions:
                                          0 {_col4} {_col6} {_col7}
                                          1 
                                        keys:
                                          0 _col9 (type: &lt;span class=&quot;code-object&quot;&gt;int&lt;/span&gt;)
                                          1 _col0 (type: &lt;span class=&quot;code-object&quot;&gt;int&lt;/span&gt;)
                                        outputColumnNames: _col4, _col6, _col7
                                        input vertices:
                                          1 Map 3
                                        Statistics: Num rows: 50628511 Data size: 607542132 Basic stats: COMPLETE Column stats: COMPLETE
                                        Select Operator
                                          expressions: _col4 (type: &lt;span class=&quot;code-object&quot;&gt;int&lt;/span&gt;), _col6 (type: &lt;span class=&quot;code-object&quot;&gt;float&lt;/span&gt;), _col7 (type: &lt;span class=&quot;code-object&quot;&gt;float&lt;/span&gt;)
                                          outputColumnNames: _col0, _col1, _col2
                                          Statistics: Num rows: 50628511 Data size: 607542132 Basic stats: COMPLETE Column stats: COMPLETE
                                          Group By Operator
                                            aggregations: avg(_col0), avg(_col1), avg(_col2), sum(_col2)
                                            mode: hash
                                            outputColumnNames: _col0, _col1, _col2, _col3
                                            Statistics: Num rows: 1 Data size: 8 Basic stats: COMPLETE Column stats: COMPLETE
                                            Reduce Output Operator
                                              sort order: 
                                              Statistics: Num rows: 1 Data size: 8 Basic stats: COMPLETE Column stats: COMPLETE
                                              value expressions: _col0 (type: struct&amp;lt;count:bigint,sum:&lt;span class=&quot;code-object&quot;&gt;double&lt;/span&gt;,input:&lt;span class=&quot;code-object&quot;&gt;int&lt;/span&gt;&amp;gt;), _col1 (type: struct&amp;lt;count:bigint,sum:&lt;span class=&quot;code-object&quot;&gt;double&lt;/span&gt;,input:&lt;span class=&quot;code-object&quot;&gt;float&lt;/span&gt;&amp;gt;), _col2 (type: struct&amp;lt;count:bigint,sum:&lt;span class=&quot;code-object&quot;&gt;double&lt;/span&gt;,input:&lt;span class=&quot;code-object&quot;&gt;float&lt;/span&gt;&amp;gt;), _col3 (type: &lt;span class=&quot;code-object&quot;&gt;double&lt;/span&gt;)
            Execution mode: vectorized
        Map 6 
            Map Operator Tree:
                TableScan
                  alias: customer_demographics
                  filterExpr: cd_demo_sk is not &lt;span class=&quot;code-keyword&quot;&gt;null&lt;/span&gt; (type: &lt;span class=&quot;code-object&quot;&gt;boolean&lt;/span&gt;)
                  Statistics: Num rows: 1920800 Data size: 718379200 Basic stats: COMPLETE Column stats: COMPLETE
                  Filter Operator
                    predicate: cd_demo_sk is not &lt;span class=&quot;code-keyword&quot;&gt;null&lt;/span&gt; (type: &lt;span class=&quot;code-object&quot;&gt;boolean&lt;/span&gt;)
                    Statistics: Num rows: 1920800 Data size: 351506400 Basic stats: COMPLETE Column stats: COMPLETE
                    Select Operator
                      expressions: cd_demo_sk (type: &lt;span class=&quot;code-object&quot;&gt;int&lt;/span&gt;), cd_marital_status (type: string), cd_education_status (type: string)
                      outputColumnNames: _col0, _col1, _col2
                      Statistics: Num rows: 1920800 Data size: 351506400 Basic stats: COMPLETE Column stats: COMPLETE
                      Reduce Output Operator
                        key expressions: _col0 (type: &lt;span class=&quot;code-object&quot;&gt;int&lt;/span&gt;)
                        sort order: +
                        Map-reduce partition columns: _col0 (type: &lt;span class=&quot;code-object&quot;&gt;int&lt;/span&gt;)
                        Statistics: Num rows: 1920800 Data size: 351506400 Basic stats: COMPLETE Column stats: COMPLETE
                        value expressions: _col1 (type: string), _col2 (type: string)
            Execution mode: vectorized
        Map 7 
            Map Operator Tree:
                TableScan
                  alias: store
                  filterExpr: s_store_sk is not &lt;span class=&quot;code-keyword&quot;&gt;null&lt;/span&gt; (type: &lt;span class=&quot;code-object&quot;&gt;boolean&lt;/span&gt;)
                  Statistics: Num rows: 212 Data size: 405680 Basic stats: COMPLETE Column stats: COMPLETE
                  Filter Operator
                    predicate: s_store_sk is not &lt;span class=&quot;code-keyword&quot;&gt;null&lt;/span&gt; (type: &lt;span class=&quot;code-object&quot;&gt;boolean&lt;/span&gt;)
                    Statistics: Num rows: 212 Data size: 848 Basic stats: COMPLETE Column stats: COMPLETE
                    Select Operator
                      expressions: s_store_sk (type: &lt;span class=&quot;code-object&quot;&gt;int&lt;/span&gt;)
                      outputColumnNames: _col0
                      Statistics: Num rows: 212 Data size: 848 Basic stats: COMPLETE Column stats: COMPLETE
                      Reduce Output Operator
                        key expressions: _col0 (type: &lt;span class=&quot;code-object&quot;&gt;int&lt;/span&gt;)
                        sort order: +
                        Map-reduce partition columns: _col0 (type: &lt;span class=&quot;code-object&quot;&gt;int&lt;/span&gt;)
                        Statistics: Num rows: 212 Data size: 848 Basic stats: COMPLETE Column stats: COMPLETE
            Execution mode: vectorized
        Reducer 5 
            Reduce Operator Tree:
              Group By Operator
                aggregations: avg(VALUE._col0), avg(VALUE._col1), avg(VALUE._col2), sum(VALUE._col3)
                mode: mergepartial
                outputColumnNames: _col0, _col1, _col2, _col3
                Statistics: Num rows: 1 Data size: 32 Basic stats: COMPLETE Column stats: COMPLETE
                Select Operator
                  expressions: _col0 (type: &lt;span class=&quot;code-object&quot;&gt;double&lt;/span&gt;), _col1 (type: &lt;span class=&quot;code-object&quot;&gt;double&lt;/span&gt;), _col2 (type: &lt;span class=&quot;code-object&quot;&gt;double&lt;/span&gt;), _col3 (type: &lt;span class=&quot;code-object&quot;&gt;double&lt;/span&gt;)
                  outputColumnNames: _col0, _col1, _col2, _col3
                  Statistics: Num rows: 1 Data size: 32 Basic stats: COMPLETE Column stats: COMPLETE
                  File Output Operator
                    compressed: &lt;span class=&quot;code-keyword&quot;&gt;false&lt;/span&gt;
                    Statistics: Num rows: 1 Data size: 32 Basic stats: COMPLETE Column stats: COMPLETE
                    table:
                        input format: org.apache.hadoop.mapred.TextInputFormat
                        output format: org.apache.hadoop.hive.ql.io.HiveIgnoreKeyTextOutputFormat
                        serde: org.apache.hadoop.hive.serde2.lazy.LazySimpleSerDe

  Stage: Stage-0
    Fetch Operator
      limit: -1
      Processor Tree:
        ListSink
&lt;/pre&gt;
&lt;/div&gt;&lt;/div&gt;</comment>
                            <comment id="14177174" author="vikram.dixit" created="Mon, 20 Oct 2014 17:45:36 +0000"  >&lt;p&gt;+1 for 0.14&lt;/p&gt;</comment>
                            <comment id="14177511" author="ashutoshc" created="Mon, 20 Oct 2014 21:36:04 +0000"  >&lt;p&gt;Committed to 0.14&lt;/p&gt;</comment>
                            <comment id="14210405" author="thejas" created="Thu, 13 Nov 2014 19:40:41 +0000"  >&lt;p&gt;This has been fixed in 0.14 release. Please open new jira if you see any issues.&lt;/p&gt;</comment>
                    </comments>
                <issuelinks>
                            <issuelinktype id="10020">
                    <name>Cloners</name>
                                            <outwardlinks description="is a clone of">
                                        <issuelink>
            <issuekey id="12737866">HIVE-7913</issuekey>
        </issuelink>
                            </outwardlinks>
                                                        </issuelinktype>
                            <issuelinktype id="10030">
                    <name>Reference</name>
                                                                <inwardlinks description="is related to">
                                        <issuelink>
            <issuekey id="12760881">HIVE-9069</issuekey>
        </issuelink>
                            </inwardlinks>
                                    </issuelinktype>
                            <issuelinktype id="10001">
                    <name>dependent</name>
                                            <outwardlinks description="depends upon">
                                        <issuelink>
            <issuekey id="12731949">HIVE-7614</issuekey>
        </issuelink>
                            </outwardlinks>
                                                        </issuelinktype>
                    </issuelinks>
                <attachments>
                            <attachment id="12674325" name="HIVE-7914.patch" size="1611" author="jpullokkaran" created="Sat, 11 Oct 2014 01:40:28 +0000"/>
                    </attachments>
                <subtasks>
                    </subtasks>
                <customfields>
                                                                            <customfield id="customfield_12310310" key="com.atlassian.jira.toolkit:attachments">
                        <customfieldname>Attachment count</customfieldname>
                        <customfieldvalues>
                            <customfieldvalue>1.0</customfieldvalue>
                        </customfieldvalues>
                    </customfield>
                                                                                                                                                                                                                                                                                                                                                                                                                                                                                                                                                                                                                                                                                                        <customfield id="customfield_12314020" key="com.atlassian.jira.plugins.jira-development-integration-plugin:devsummary">
                        <customfieldname>Development</customfieldname>
                        <customfieldvalues>
                            
                        </customfieldvalues>
                    </customfield>
                                                                                                                        <customfield id="customfield_12313422" key="com.atlassian.jirafisheyeplugin:jobcheckbox">
                        <customfieldname>Enable Automatic Patch Review</customfieldname>
                        <customfieldvalues>
                            <customfieldvalue><![CDATA[false]]></customfieldvalue>

                        </customfieldvalues>
                    </customfield>
                                                                                                                                                                                                                                                                                                                                                                                                                                                                                                                                                                                                                                                <customfield id="customfield_12310420" key="com.pyxis.greenhopper.jira:gh-global-rank">
                        <customfieldname>Global Rank</customfieldname>
                        <customfieldvalues>
                            <customfieldvalue>9223372036854775807</customfieldvalue>
                        </customfieldvalues>
                    </customfield>
                                                                                                                                                                                                                                                                    <customfield id="customfield_12312521" key="com.atlassian.jira.toolkit:LastCommentDate">
                        <customfieldname>Last public comment date</customfieldname>
                        <customfieldvalues>
                            11 years, 1 week, 5 days ago
                        </customfieldvalues>
                    </customfield>
                                                                                                                                                                                                                                                                                                <customfield id="customfield_12311820" key="com.pyxis.greenhopper.jira:gh-lexo-rank">
                        <customfieldname>Rank</customfieldname>
                        <customfieldvalues>
                            <customfieldvalue>0|i1zi2v:</customfieldvalue>

                        </customfieldvalues>
                    </customfield>
                                                                <customfield id="customfield_12310920" key="com.pyxis.greenhopper.jira:gh-global-rank">
                        <customfieldname>Rank (Obsolete)</customfieldname>
                        <customfieldvalues>
                            <customfieldvalue>9223372036854775807</customfieldvalue>
                        </customfieldvalues>
                    </customfield>
                                                                                                                                                                                                                                                                                                                                                                                                                                                                                                                                                                                                                                                                                                                                                                                                                                                                                </customfields>
    </item>
</channel>
</rss>