<!-- 
RSS generated by JIRA (8.20.10#820010-sha1:ace47f9899e9ee25d7157d59aa17ab06aee30d3d) at Wed Nov 12 18:33:17 UTC 2025

It is possible to restrict the fields that are returned in this document by specifying the 'field' parameter in your request.
For example, to request only the issue key and summary append 'field=key&field=summary' to the URL of your request.
-->
<rss version="0.92" >
<channel>
    <title>ASF Jira</title>
    <link>https://issues.apache.org/jira</link>
    <description>This file is an XML representation of an issue</description>
    <language>en-uk</language>    <build-info>
        <version>8.20.10</version>
        <build-number>820010</build-number>
        <build-date>22-06-2022</build-date>
    </build-info>


<item>
            <title>[HIVE-10609] Vectorization : Q64 fails with ClassCastException</title>
                <link>https://issues.apache.org/jira/browse/HIVE-10609</link>
                <project id="12310843" key="HIVE">Hive</project>
                    <description>&lt;p&gt;TPC-DS Q64 fails with ClassCastException.&lt;br/&gt;
Query&lt;/p&gt;
&lt;div class=&quot;code panel&quot; style=&quot;border-width: 1px;&quot;&gt;&lt;div class=&quot;codeContent panelContent&quot;&gt;
&lt;pre class=&quot;code-java&quot;&gt;

select cs1.product_name ,cs1.store_name ,cs1.store_zip ,cs1.b_street_number ,cs1.b_streen_name ,cs1.b_city
     ,cs1.b_zip ,cs1.c_street_number ,cs1.c_street_name ,cs1.c_city ,cs1.c_zip ,cs1.syear ,cs1.cnt
     ,cs1.s1 ,cs1.s2 ,cs1.s3
     ,cs2.s1 ,cs2.s2 ,cs2.s3 ,cs2.syear ,cs2.cnt
from
(select i_product_name as product_name ,i_item_sk as item_sk ,s_store_name as store_name
     ,s_zip as store_zip ,ad1.ca_street_number as b_street_number ,ad1.ca_street_name as b_streen_name
     ,ad1.ca_city as b_city ,ad1.ca_zip as b_zip ,ad2.ca_street_number as c_street_number
     ,ad2.ca_street_name as c_street_name ,ad2.ca_city as c_city ,ad2.ca_zip as c_zip
     ,d1.d_year as syear ,d2.d_year as fsyear ,d3.d_year as s2year ,count(*) as cnt
     ,sum(ss_wholesale_cost) as s1 ,sum(ss_list_price) as s2 ,sum(ss_coupon_amt) as s3
  FROM   store_sales
        JOIN store_returns ON store_sales.ss_item_sk = store_returns.sr_item_sk and store_sales.ss_ticket_number = store_returns.sr_ticket_number
        JOIN customer ON store_sales.ss_customer_sk = customer.c_customer_sk
        JOIN date_dim d1 ON store_sales.ss_sold_date_sk = d1.d_date_sk
        JOIN date_dim d2 ON customer.c_first_sales_date_sk = d2.d_date_sk 
        JOIN date_dim d3 ON customer.c_first_shipto_date_sk = d3.d_date_sk
        JOIN store ON store_sales.ss_store_sk = store.s_store_sk
        JOIN customer_demographics cd1 ON store_sales.ss_cdemo_sk= cd1.cd_demo_sk
        JOIN customer_demographics cd2 ON customer.c_current_cdemo_sk = cd2.cd_demo_sk
        JOIN promotion ON store_sales.ss_promo_sk = promotion.p_promo_sk
        JOIN household_demographics hd1 ON store_sales.ss_hdemo_sk = hd1.hd_demo_sk
        JOIN household_demographics hd2 ON customer.c_current_hdemo_sk = hd2.hd_demo_sk
        JOIN customer_address ad1 ON store_sales.ss_addr_sk = ad1.ca_address_sk
        JOIN customer_address ad2 ON customer.c_current_addr_sk = ad2.ca_address_sk
        JOIN income_band ib1 ON hd1.hd_income_band_sk = ib1.ib_income_band_sk
        JOIN income_band ib2 ON hd2.hd_income_band_sk = ib2.ib_income_band_sk
        JOIN item ON store_sales.ss_item_sk = item.i_item_sk
        JOIN
 (select cs_item_sk
        ,sum(cs_ext_list_price) as sale,sum(cr_refunded_cash+cr_reversed_charge+cr_store_credit) as refund
  from catalog_sales JOIN catalog_returns
  ON catalog_sales.cs_item_sk = catalog_returns.cr_item_sk
    and catalog_sales.cs_order_number = catalog_returns.cr_order_number
  group by cs_item_sk
  having sum(cs_ext_list_price)&amp;gt;2*sum(cr_refunded_cash+cr_reversed_charge+cr_store_credit)) cs_ui
ON store_sales.ss_item_sk = cs_ui.cs_item_sk
  WHERE  
         cd1.cd_marital_status &amp;lt;&amp;gt; cd2.cd_marital_status and
         i_color in (&lt;span class=&quot;code-quote&quot;&gt;&apos;maroon&apos;&lt;/span&gt;,&lt;span class=&quot;code-quote&quot;&gt;&apos;burnished&apos;&lt;/span&gt;,&lt;span class=&quot;code-quote&quot;&gt;&apos;dim&apos;&lt;/span&gt;,&lt;span class=&quot;code-quote&quot;&gt;&apos;steel&apos;&lt;/span&gt;,&lt;span class=&quot;code-quote&quot;&gt;&apos;navajo&apos;&lt;/span&gt;,&lt;span class=&quot;code-quote&quot;&gt;&apos;chocolate&apos;&lt;/span&gt;) and
         i_current_price between 35 and 35 + 10 and
         i_current_price between 35 + 1 and 35 + 15
group by i_product_name ,i_item_sk ,s_store_name ,s_zip ,ad1.ca_street_number
       ,ad1.ca_street_name ,ad1.ca_city ,ad1.ca_zip ,ad2.ca_street_number
       ,ad2.ca_street_name ,ad2.ca_city ,ad2.ca_zip ,d1.d_year ,d2.d_year ,d3.d_year
) cs1
JOIN
(select i_product_name as product_name ,i_item_sk as item_sk ,s_store_name as store_name
     ,s_zip as store_zip ,ad1.ca_street_number as b_street_number ,ad1.ca_street_name as b_streen_name
     ,ad1.ca_city as b_city ,ad1.ca_zip as b_zip ,ad2.ca_street_number as c_street_number
     ,ad2.ca_street_name as c_street_name ,ad2.ca_city as c_city ,ad2.ca_zip as c_zip
     ,d1.d_year as syear ,d2.d_year as fsyear ,d3.d_year as s2year ,count(*) as cnt
     ,sum(ss_wholesale_cost) as s1 ,sum(ss_list_price) as s2 ,sum(ss_coupon_amt) as s3
  FROM   store_sales
        JOIN store_returns ON store_sales.ss_item_sk = store_returns.sr_item_sk and store_sales.ss_ticket_number = store_returns.sr_ticket_number
        JOIN customer ON store_sales.ss_customer_sk = customer.c_customer_sk
        JOIN date_dim d1 ON store_sales.ss_sold_date_sk = d1.d_date_sk
        JOIN date_dim d2 ON customer.c_first_sales_date_sk = d2.d_date_sk 
        JOIN date_dim d3 ON customer.c_first_shipto_date_sk = d3.d_date_sk
        JOIN store ON store_sales.ss_store_sk = store.s_store_sk
        JOIN customer_demographics cd1 ON store_sales.ss_cdemo_sk= cd1.cd_demo_sk
        JOIN customer_demographics cd2 ON customer.c_current_cdemo_sk = cd2.cd_demo_sk
        JOIN promotion ON store_sales.ss_promo_sk = promotion.p_promo_sk
        JOIN household_demographics hd1 ON store_sales.ss_hdemo_sk = hd1.hd_demo_sk
        JOIN household_demographics hd2 ON customer.c_current_hdemo_sk = hd2.hd_demo_sk
        JOIN customer_address ad1 ON store_sales.ss_addr_sk = ad1.ca_address_sk
        JOIN customer_address ad2 ON customer.c_current_addr_sk = ad2.ca_address_sk
        JOIN income_band ib1 ON hd1.hd_income_band_sk = ib1.ib_income_band_sk
        JOIN income_band ib2 ON hd2.hd_income_band_sk = ib2.ib_income_band_sk
        JOIN item ON store_sales.ss_item_sk = item.i_item_sk
        JOIN
 (select cs_item_sk
        ,sum(cs_ext_list_price) as sale,sum(cr_refunded_cash+cr_reversed_charge+cr_store_credit) as refund
  from catalog_sales JOIN catalog_returns
  ON catalog_sales.cs_item_sk = catalog_returns.cr_item_sk
    and catalog_sales.cs_order_number = catalog_returns.cr_order_number
  group by cs_item_sk
  having sum(cs_ext_list_price)&amp;gt;2*sum(cr_refunded_cash+cr_reversed_charge+cr_store_credit)) cs_ui
ON store_sales.ss_item_sk = cs_ui.cs_item_sk
  WHERE  
         cd1.cd_marital_status &amp;lt;&amp;gt; cd2.cd_marital_status and
         i_color in (&lt;span class=&quot;code-quote&quot;&gt;&apos;maroon&apos;&lt;/span&gt;,&lt;span class=&quot;code-quote&quot;&gt;&apos;burnished&apos;&lt;/span&gt;,&lt;span class=&quot;code-quote&quot;&gt;&apos;dim&apos;&lt;/span&gt;,&lt;span class=&quot;code-quote&quot;&gt;&apos;steel&apos;&lt;/span&gt;,&lt;span class=&quot;code-quote&quot;&gt;&apos;navajo&apos;&lt;/span&gt;,&lt;span class=&quot;code-quote&quot;&gt;&apos;chocolate&apos;&lt;/span&gt;) and
         i_current_price between 35 and 35 + 10 and
         i_current_price between 35 + 1 and 35 + 15
group by i_product_name ,i_item_sk ,s_store_name ,s_zip ,ad1.ca_street_number
       ,ad1.ca_street_name ,ad1.ca_city ,ad1.ca_zip ,ad2.ca_street_number
       ,ad2.ca_street_name ,ad2.ca_city ,ad2.ca_zip ,d1.d_year ,d2.d_year ,d3.d_year
) cs2
ON cs1.item_sk=cs2.item_sk
where 
     cs1.syear = 2000 and
     cs2.syear = 2000 + 1 and
     cs2.cnt &amp;lt;= cs1.cnt and
     cs1.store_name = cs2.store_name and
     cs1.store_zip = cs2.store_zip
order by cs1.product_name ,cs1.store_name ,cs2.cnt
&lt;/pre&gt;
&lt;/div&gt;&lt;/div&gt;

&lt;p&gt;Exception &lt;/p&gt;
&lt;div class=&quot;code panel&quot; style=&quot;border-width: 1px;&quot;&gt;&lt;div class=&quot;codeContent panelContent&quot;&gt;
&lt;pre class=&quot;code-java&quot;&gt;], TaskAttempt 3 failed, info=[Error: Failure &lt;span class=&quot;code-keyword&quot;&gt;while&lt;/span&gt; running task:java.lang.RuntimeException: java.lang.RuntimeException: org.apache.hadoop.hive.ql.metadata.HiveException: Hive &lt;span class=&quot;code-object&quot;&gt;Runtime&lt;/span&gt; Error &lt;span class=&quot;code-keyword&quot;&gt;while&lt;/span&gt; processing row 
	at org.apache.hadoop.hive.ql.exec.tez.TezProcessor.initializeAndRunProcessor(TezProcessor.java:171)
	at org.apache.hadoop.hive.ql.exec.tez.TezProcessor.run(TezProcessor.java:137)
	at org.apache.tez.runtime.LogicalIOProcessorRuntimeTask.run(LogicalIOProcessorRuntimeTask.java:337)
	at org.apache.tez.runtime.task.TezTaskRunner$TaskRunnerCallable$1.run(TezTaskRunner.java:179)
	at org.apache.tez.runtime.task.TezTaskRunner$TaskRunnerCallable$1.run(TezTaskRunner.java:171)
	at java.security.AccessController.doPrivileged(Native Method)
	at javax.security.auth.Subject.doAs(Subject.java:415)
	at org.apache.hadoop.security.UserGroupInformation.doAs(UserGroupInformation.java:1628)
	at org.apache.tez.runtime.task.TezTaskRunner$TaskRunnerCallable.callInternal(TezTaskRunner.java:171)
	at org.apache.tez.runtime.task.TezTaskRunner$TaskRunnerCallable.callInternal(TezTaskRunner.java:167)
	at org.apache.tez.common.CallableWithNdc.call(CallableWithNdc.java:36)
	at java.util.concurrent.FutureTask.run(FutureTask.java:262)
	at java.util.concurrent.ThreadPoolExecutor.runWorker(ThreadPoolExecutor.java:1145)
	at java.util.concurrent.ThreadPoolExecutor$Worker.run(ThreadPoolExecutor.java:615)
	at java.lang.&lt;span class=&quot;code-object&quot;&gt;Thread&lt;/span&gt;.run(&lt;span class=&quot;code-object&quot;&gt;Thread&lt;/span&gt;.java:745)
Caused by: java.lang.RuntimeException: org.apache.hadoop.hive.ql.metadata.HiveException: Hive &lt;span class=&quot;code-object&quot;&gt;Runtime&lt;/span&gt; Error &lt;span class=&quot;code-keyword&quot;&gt;while&lt;/span&gt; processing row 
	at org.apache.hadoop.hive.ql.exec.tez.MapRecordSource.processRow(MapRecordSource.java:91)
	at org.apache.hadoop.hive.ql.exec.tez.MapRecordSource.pushRecord(MapRecordSource.java:68)
	at org.apache.hadoop.hive.ql.exec.tez.MapRecordProcessor.run(MapRecordProcessor.java:290)
	at org.apache.hadoop.hive.ql.exec.tez.TezProcessor.initializeAndRunProcessor(TezProcessor.java:148)
	... 14 more
Caused by: org.apache.hadoop.hive.ql.metadata.HiveException: Hive &lt;span class=&quot;code-object&quot;&gt;Runtime&lt;/span&gt; Error &lt;span class=&quot;code-keyword&quot;&gt;while&lt;/span&gt; processing row 
	at org.apache.hadoop.hive.ql.exec.vector.VectorMapOperator.process(VectorMapOperator.java:52)
	at org.apache.hadoop.hive.ql.exec.tez.MapRecordSource.processRow(MapRecordSource.java:83)
	... 17 more
Caused by: org.apache.hadoop.hive.ql.metadata.HiveException: Unexpected exception: org.apache.hadoop.hive.ql.exec.vector.BytesColumnVector cannot be &lt;span class=&quot;code-keyword&quot;&gt;cast&lt;/span&gt; to org.apache.hadoop.hive.ql.exec.vector.DoubleColumnVector
	at org.apache.hadoop.hive.ql.exec.MapJoinOperator.process(MapJoinOperator.java:426)
	at org.apache.hadoop.hive.ql.exec.vector.VectorMapJoinOperator.process(VectorMapJoinOperator.java:290)
	at org.apache.hadoop.hive.ql.exec.Operator.forward(Operator.java:837)
	at org.apache.hadoop.hive.ql.exec.vector.VectorSelectOperator.process(VectorSelectOperator.java:138)
	at org.apache.hadoop.hive.ql.exec.Operator.forward(Operator.java:837)
	at org.apache.hadoop.hive.ql.exec.vector.VectorFilterOperator.process(VectorFilterOperator.java:114)
	at org.apache.hadoop.hive.ql.exec.Operator.forward(Operator.java:837)
	at org.apache.hadoop.hive.ql.exec.TableScanOperator.process(TableScanOperator.java:97)
	at org.apache.hadoop.hive.ql.exec.MapOperator$MapOpCtx.forward(MapOperator.java:162)
	at org.apache.hadoop.hive.ql.exec.vector.VectorMapOperator.process(VectorMapOperator.java:45)
	... 18 more
Caused by: java.lang.ClassCastException: org.apache.hadoop.hive.ql.exec.vector.BytesColumnVector cannot be &lt;span class=&quot;code-keyword&quot;&gt;cast&lt;/span&gt; to org.apache.hadoop.hive.ql.exec.vector.DoubleColumnVector
	at org.apache.hadoop.hive.ql.exec.vector.expressions.VectorExpressionWriterFactory$VectorExpressionWriterDouble.writeValue(VectorExpressionWriterFactory.java:225)
	at org.apache.hadoop.hive.ql.exec.vector.VectorMapJoinOperator.getRowObject(VectorMapJoinOperator.java:352)
	at org.apache.hadoop.hive.ql.exec.vector.VectorMapJoinOperator.spillBigTableRow(VectorMapJoinOperator.java:309)
	at org.apache.hadoop.hive.ql.exec.MapJoinOperator.process(MapJoinOperator.java:404)
	... 27 more
]], Vertex failed as one or more tasks failed. failedTasks:1, Vertex vertex_1426707664723_4575_1_34 [Map 40] killed/failed due to:&lt;span class=&quot;code-keyword&quot;&gt;null&lt;/span&gt;]Vertex killed, vertexName=Reducer 6, vertexId=vertex_1426707664723_4575_1_42, diagnostics=[Vertex received Kill &lt;span class=&quot;code-keyword&quot;&gt;while&lt;/span&gt; in RUNNING state., Vertex killed as other vertex failed. failedTasks:0, Vertex vertex_1426707664723_4575_1_42 [Reducer 6] killed/failed due to:&lt;span class=&quot;code-keyword&quot;&gt;null&lt;/span&gt;]Vertex killed, vertexName=Reducer 27, vertexId=vertex_1426707664723_4575_1_36, diagnostics=[Vertex received Kill &lt;span class=&quot;code-keyword&quot;&gt;while&lt;/span&gt; in RUNNING state., Vertex killed as other vertex failed. failedTasks:0, Vertex vertex_1426707664723_4575_1_36 [Reducer 27] killed/failed due to:&lt;span class=&quot;code-keyword&quot;&gt;null&lt;/span&gt;]Vertex killed, vertexName=Reducer 5, vertexId=vertex_1426707664723_4575_1_41, diagnostics=[Vertex received Kill &lt;span class=&quot;code-keyword&quot;&gt;while&lt;/span&gt; in RUNNING state., Vertex killed as other vertex failed. failedTasks:0, Vertex vertex_1426707664723_4575_1_41 [Reducer 5] killed/failed due to:&lt;span class=&quot;code-keyword&quot;&gt;null&lt;/span&gt;]Vertex killed, vertexName=Map 26, vertexId=vertex_1426707664723_4575_1_35, diagnostics=[Vertex received Kill &lt;span class=&quot;code-keyword&quot;&gt;while&lt;/span&gt; in RUNNING state., Vertex killed as other vertex failed. failedTasks:0, Vertex vertex_1426707664723_4575_1_35 [Map 26] killed/failed due to:&lt;span class=&quot;code-keyword&quot;&gt;null&lt;/span&gt;]Vertex killed, vertexName=Map 19, vertexId=vertex_1426707664723_4575_1_39, diagnostics=[Vertex received Kill &lt;span class=&quot;code-keyword&quot;&gt;while&lt;/span&gt; in RUNNING state., Vertex killed as other vertex failed. failedTasks:0, Vertex vertex_1426707664723_4575_1_39 [Map 19] killed/failed due to:&lt;span class=&quot;code-keyword&quot;&gt;null&lt;/span&gt;]Vertex killed, vertexName=Map 4, vertexId=vertex_1426707664723_4575_1_40, diagnostics=[Vertex received Kill &lt;span class=&quot;code-keyword&quot;&gt;while&lt;/span&gt; in RUNNING state., Vertex killed as other vertex failed. failedTasks:0, Vertex vertex_1426707664723_4575_1_40 [Map 4] killed/failed due to:&lt;span class=&quot;code-keyword&quot;&gt;null&lt;/span&gt;]DAG failed due to vertex failure. failedVertices:1 killedVertices:6
&lt;/pre&gt;
&lt;/div&gt;&lt;/div&gt;

&lt;p&gt;Plan &lt;/p&gt;
&lt;div class=&quot;code panel&quot; style=&quot;border-width: 1px;&quot;&gt;&lt;div class=&quot;codeContent panelContent&quot;&gt;
&lt;pre class=&quot;code-java&quot;&gt;
STAGE PLANS:
  Stage: Stage-1
    Tez
      Edges:
        Map 1 &amp;lt;- Map 2 (BROADCAST_EDGE)
        Map 10 &amp;lt;- Map 11 (BROADCAST_EDGE), Map 12 (BROADCAST_EDGE), Map 13 (BROADCAST_EDGE), Map 18 (BROADCAST_EDGE)
        Map 14 &amp;lt;- Map 15 (BROADCAST_EDGE)
        Map 15 &amp;lt;- Map 16 (BROADCAST_EDGE), Map 17 (BROADCAST_EDGE)
        Map 18 &amp;lt;- Map 14 (BROADCAST_EDGE)
        Map 19 &amp;lt;- Map 10 (BROADCAST_EDGE), Map 7 (BROADCAST_EDGE), Map 9 (BROADCAST_EDGE), Reducer 21 (BROADCAST_EDGE)
        Map 20 &amp;lt;- Map 22 (BROADCAST_EDGE)
        Map 23 &amp;lt;- Map 24 (BROADCAST_EDGE)
        Map 26 &amp;lt;- Map 23 (BROADCAST_EDGE), Map 25 (BROADCAST_EDGE), Map 40 (BROADCAST_EDGE)
        Map 28 &amp;lt;- Map 29 (BROADCAST_EDGE)
        Map 31 &amp;lt;- Map 32 (BROADCAST_EDGE), Map 33 (BROADCAST_EDGE), Map 34 (BROADCAST_EDGE), Map 39 (BROADCAST_EDGE)
        Map 35 &amp;lt;- Map 36 (BROADCAST_EDGE)
        Map 36 &amp;lt;- Map 37 (BROADCAST_EDGE), Map 38 (BROADCAST_EDGE)
        Map 39 &amp;lt;- Map 35 (BROADCAST_EDGE)
        Map 4 &amp;lt;- Map 1 (BROADCAST_EDGE), Map 19 (BROADCAST_EDGE), Map 3 (BROADCAST_EDGE)
        Map 40 &amp;lt;- Map 28 (BROADCAST_EDGE), Map 30 (BROADCAST_EDGE), Map 31 (BROADCAST_EDGE), Reducer 42 (BROADCAST_EDGE)
        Map 41 &amp;lt;- Map 43 (BROADCAST_EDGE)
        Map 7 &amp;lt;- Map 8 (BROADCAST_EDGE)
        Reducer 21 &amp;lt;- Map 20 (SIMPLE_EDGE)
        Reducer 27 &amp;lt;- Map 26 (SIMPLE_EDGE)
        Reducer 42 &amp;lt;- Map 41 (SIMPLE_EDGE)
        Reducer 5 &amp;lt;- Map 4 (SIMPLE_EDGE), Reducer 27 (BROADCAST_EDGE)
        Reducer 6 &amp;lt;- Reducer 5 (SIMPLE_EDGE)
      DagName: jenkins_20150503192312_dad6086a-e3ca-4519-aab9-d1179786ba1d:1
      Vertices:
        Map 1 
            Map Operator Tree:
                TableScan
                  alias: hd1
                  filterExpr: (hd_income_band_sk is not &lt;span class=&quot;code-keyword&quot;&gt;null&lt;/span&gt; and hd_demo_sk is not &lt;span class=&quot;code-keyword&quot;&gt;null&lt;/span&gt;) (type: &lt;span class=&quot;code-object&quot;&gt;boolean&lt;/span&gt;)
                  Statistics: Num rows: 7200 Data size: 770400 Basic stats: COMPLETE Column stats: COMPLETE
                  Filter Operator
                    predicate: (hd_income_band_sk is not &lt;span class=&quot;code-keyword&quot;&gt;null&lt;/span&gt; and hd_demo_sk is not &lt;span class=&quot;code-keyword&quot;&gt;null&lt;/span&gt;) (type: &lt;span class=&quot;code-object&quot;&gt;boolean&lt;/span&gt;)
                    Statistics: Num rows: 7200 Data size: 57600 Basic stats: COMPLETE Column stats: COMPLETE
                    Select Operator
                      expressions: hd_demo_sk (type: &lt;span class=&quot;code-object&quot;&gt;int&lt;/span&gt;), hd_income_band_sk (type: &lt;span class=&quot;code-object&quot;&gt;int&lt;/span&gt;)
                      outputColumnNames: _col0, _col1
                      Statistics: Num rows: 7200 Data size: 57600 Basic stats: COMPLETE Column stats: COMPLETE
                      Map Join Operator
                        condition map:
                             Inner Join 0 to 1
                        keys:
                          0 _col1 (type: &lt;span class=&quot;code-object&quot;&gt;int&lt;/span&gt;)
                          1 _col0 (type: &lt;span class=&quot;code-object&quot;&gt;int&lt;/span&gt;)
                        outputColumnNames: _col0
                        input vertices:
                          1 Map 2
                        Statistics: Num rows: 7200 Data size: 28800 Basic stats: COMPLETE Column stats: COMPLETE
                        HybridGraceHashJoin: &lt;span class=&quot;code-keyword&quot;&gt;true&lt;/span&gt;
                        Reduce Output Operator
                          key expressions: _col0 (type: &lt;span class=&quot;code-object&quot;&gt;int&lt;/span&gt;)
                          sort order: +
                          Map-reduce partition columns: _col0 (type: &lt;span class=&quot;code-object&quot;&gt;int&lt;/span&gt;)
                          Statistics: Num rows: 7200 Data size: 28800 Basic stats: COMPLETE Column stats: COMPLETE
            Execution mode: vectorized
        Map 10 
            Map Operator Tree:
                TableScan
                  alias: cd1
                  filterExpr: cd_demo_sk is not &lt;span class=&quot;code-keyword&quot;&gt;null&lt;/span&gt; (type: &lt;span class=&quot;code-object&quot;&gt;boolean&lt;/span&gt;)
                  Statistics: Num rows: 1920800 Data size: 718379200 Basic stats: COMPLETE Column stats: COMPLETE
                  Filter Operator
                    predicate: cd_demo_sk is not &lt;span class=&quot;code-keyword&quot;&gt;null&lt;/span&gt; (type: &lt;span class=&quot;code-object&quot;&gt;boolean&lt;/span&gt;)
                    Statistics: Num rows: 1920800 Data size: 170951200 Basic stats: COMPLETE Column stats: COMPLETE
                    Select Operator
                      expressions: cd_demo_sk (type: &lt;span class=&quot;code-object&quot;&gt;int&lt;/span&gt;), cd_marital_status (type: string)
                      outputColumnNames: _col0, _col1
                      Statistics: Num rows: 1920800 Data size: 170951200 Basic stats: COMPLETE Column stats: COMPLETE
                      Map Join Operator
                        condition map:
                             Inner Join 0 to 1
                        keys:
                          0 _col0 (type: &lt;span class=&quot;code-object&quot;&gt;int&lt;/span&gt;)
                          1 _col1 (type: &lt;span class=&quot;code-object&quot;&gt;int&lt;/span&gt;)
                        outputColumnNames: _col1, _col2, _col4, _col5, _col6, _col7
                        input vertices:
                          1 Map 11
                        Statistics: Num rows: 1387730 Data size: 145711650 Basic stats: COMPLETE Column stats: COMPLETE
                        HybridGraceHashJoin: &lt;span class=&quot;code-keyword&quot;&gt;true&lt;/span&gt;
                        Map Join Operator
                          condition map:
                               Inner Join 0 to 1
                          keys:
                            0 _col7 (type: &lt;span class=&quot;code-object&quot;&gt;int&lt;/span&gt;)
                            1 _col0 (type: &lt;span class=&quot;code-object&quot;&gt;int&lt;/span&gt;)
                          outputColumnNames: _col1, _col2, _col4, _col5, _col6, _col9
                          input vertices:
                            1 Map 12
                          Statistics: Num rows: 1387730 Data size: 145711650 Basic stats: COMPLETE Column stats: COMPLETE
                          HybridGraceHashJoin: &lt;span class=&quot;code-keyword&quot;&gt;true&lt;/span&gt;
                          Map Join Operator
                            condition map:
                                 Inner Join 0 to 1
                            keys:
                              0 _col6 (type: &lt;span class=&quot;code-object&quot;&gt;int&lt;/span&gt;)
                              1 _col0 (type: &lt;span class=&quot;code-object&quot;&gt;int&lt;/span&gt;)
                            outputColumnNames: _col1, _col2, _col4, _col5, _col9, _col11
                            input vertices:
                              1 Map 13
                            Statistics: Num rows: 1387730 Data size: 145711650 Basic stats: COMPLETE Column stats: COMPLETE
                            HybridGraceHashJoin: &lt;span class=&quot;code-keyword&quot;&gt;true&lt;/span&gt;
                            Map Join Operator
                              condition map:
                                   Inner Join 0 to 1
                              keys:
                                0 _col2 (type: &lt;span class=&quot;code-object&quot;&gt;int&lt;/span&gt;)
                                1 _col4 (type: &lt;span class=&quot;code-object&quot;&gt;int&lt;/span&gt;)
                              outputColumnNames: _col1, _col4, _col5, _col9, _col11, _col13, _col15, _col18, _col19, _col21, _col23, _col24, _col25, _col29, _col31, _col32
                              input vertices:
                                1 Map 18
                              Statistics: Num rows: 68 Data size: 26860 Basic stats: COMPLETE Column stats: COMPLETE
                              HybridGraceHashJoin: &lt;span class=&quot;code-keyword&quot;&gt;true&lt;/span&gt;
                              Filter Operator
                                predicate: (_col13 &amp;lt;&amp;gt; _col1) (type: &lt;span class=&quot;code-object&quot;&gt;boolean&lt;/span&gt;)
                                Statistics: Num rows: 68 Data size: 26860 Basic stats: COMPLETE Column stats: COMPLETE
                                Select Operator
                                  expressions: _col15 (type: &lt;span class=&quot;code-object&quot;&gt;int&lt;/span&gt;), _col24 (type: &lt;span class=&quot;code-object&quot;&gt;float&lt;/span&gt;), _col25 (type: &lt;span class=&quot;code-object&quot;&gt;float&lt;/span&gt;), _col4 (type: &lt;span class=&quot;code-object&quot;&gt;int&lt;/span&gt;), _col5 (type: &lt;span class=&quot;code-object&quot;&gt;int&lt;/span&gt;), _col29 (type: &lt;span class=&quot;code-object&quot;&gt;int&lt;/span&gt;), _col9 (type: &lt;span class=&quot;code-object&quot;&gt;int&lt;/span&gt;), _col11 (type: &lt;span class=&quot;code-object&quot;&gt;int&lt;/span&gt;), _col31 (type: string), _col32 (type: string), _col18 (type: &lt;span class=&quot;code-object&quot;&gt;int&lt;/span&gt;), _col19 (type: &lt;span class=&quot;code-object&quot;&gt;int&lt;/span&gt;), _col21 (type: &lt;span class=&quot;code-object&quot;&gt;int&lt;/span&gt;), _col23 (type: &lt;span class=&quot;code-object&quot;&gt;float&lt;/span&gt;)
                                  outputColumnNames: _col1, _col10, _col11, _col16, _col17, _col21, _col23, _col25, _col27, _col28, _col4, _col5, _col7, _col9
                                  Statistics: Num rows: 68 Data size: 15300 Basic stats: COMPLETE Column stats: COMPLETE
                                  Reduce Output Operator
                                    key expressions: _col1 (type: &lt;span class=&quot;code-object&quot;&gt;int&lt;/span&gt;)
                                    sort order: +
                                    Map-reduce partition columns: _col1 (type: &lt;span class=&quot;code-object&quot;&gt;int&lt;/span&gt;)
                                    Statistics: Num rows: 68 Data size: 15300 Basic stats: COMPLETE Column stats: COMPLETE
                                    value expressions: _col4 (type: &lt;span class=&quot;code-object&quot;&gt;int&lt;/span&gt;), _col5 (type: &lt;span class=&quot;code-object&quot;&gt;int&lt;/span&gt;), _col7 (type: &lt;span class=&quot;code-object&quot;&gt;int&lt;/span&gt;), _col9 (type: &lt;span class=&quot;code-object&quot;&gt;float&lt;/span&gt;), _col10 (type: &lt;span class=&quot;code-object&quot;&gt;float&lt;/span&gt;), _col11 (type: &lt;span class=&quot;code-object&quot;&gt;float&lt;/span&gt;), _col16 (type: &lt;span class=&quot;code-object&quot;&gt;int&lt;/span&gt;), _col17 (type: &lt;span class=&quot;code-object&quot;&gt;int&lt;/span&gt;), _col21 (type: &lt;span class=&quot;code-object&quot;&gt;int&lt;/span&gt;), _col23 (type: &lt;span class=&quot;code-object&quot;&gt;int&lt;/span&gt;), _col25 (type: &lt;span class=&quot;code-object&quot;&gt;int&lt;/span&gt;), _col27 (type: string), _col28 (type: string)
            Execution mode: vectorized
        Map 11 
            Map Operator Tree:
                TableScan
                  alias: customer
                  filterExpr: (((((c_current_cdemo_sk is not &lt;span class=&quot;code-keyword&quot;&gt;null&lt;/span&gt; and c_first_sales_date_sk is not &lt;span class=&quot;code-keyword&quot;&gt;null&lt;/span&gt;) and c_first_shipto_date_sk is not &lt;span class=&quot;code-keyword&quot;&gt;null&lt;/span&gt;) and c_customer_sk is not &lt;span class=&quot;code-keyword&quot;&gt;null&lt;/span&gt;) and c_current_hdemo_sk is not &lt;span class=&quot;code-keyword&quot;&gt;null&lt;/span&gt;) and c_current_addr_sk is not &lt;span class=&quot;code-keyword&quot;&gt;null&lt;/span&gt;) (type: &lt;span class=&quot;code-object&quot;&gt;boolean&lt;/span&gt;)
                  Statistics: Num rows: 1600000 Data size: 1241633212 Basic stats: COMPLETE Column stats: COMPLETE
                  Filter Operator
                    predicate: (((((c_current_cdemo_sk is not &lt;span class=&quot;code-keyword&quot;&gt;null&lt;/span&gt; and c_first_sales_date_sk is not &lt;span class=&quot;code-keyword&quot;&gt;null&lt;/span&gt;) and c_first_shipto_date_sk is not &lt;span class=&quot;code-keyword&quot;&gt;null&lt;/span&gt;) and c_customer_sk is not &lt;span class=&quot;code-keyword&quot;&gt;null&lt;/span&gt;) and c_current_hdemo_sk is not &lt;span class=&quot;code-keyword&quot;&gt;null&lt;/span&gt;) and c_current_addr_sk is not &lt;span class=&quot;code-keyword&quot;&gt;null&lt;/span&gt;) (type: &lt;span class=&quot;code-object&quot;&gt;boolean&lt;/span&gt;)
                    Statistics: Num rows: 1387730 Data size: 32529324 Basic stats: COMPLETE Column stats: COMPLETE
                    Select Operator
                      expressions: c_customer_sk (type: &lt;span class=&quot;code-object&quot;&gt;int&lt;/span&gt;), c_current_cdemo_sk (type: &lt;span class=&quot;code-object&quot;&gt;int&lt;/span&gt;), c_current_hdemo_sk (type: &lt;span class=&quot;code-object&quot;&gt;int&lt;/span&gt;), c_current_addr_sk (type: &lt;span class=&quot;code-object&quot;&gt;int&lt;/span&gt;), c_first_shipto_date_sk (type: &lt;span class=&quot;code-object&quot;&gt;int&lt;/span&gt;), c_first_sales_date_sk (type: &lt;span class=&quot;code-object&quot;&gt;int&lt;/span&gt;)
                      outputColumnNames: _col0, _col1, _col2, _col3, _col4, _col5
                      Statistics: Num rows: 1387730 Data size: 32529324 Basic stats: COMPLETE Column stats: COMPLETE
                      Reduce Output Operator
                        key expressions: _col1 (type: &lt;span class=&quot;code-object&quot;&gt;int&lt;/span&gt;)
                        sort order: +
                        Map-reduce partition columns: _col1 (type: &lt;span class=&quot;code-object&quot;&gt;int&lt;/span&gt;)
                        Statistics: Num rows: 1387730 Data size: 32529324 Basic stats: COMPLETE Column stats: COMPLETE
                        value expressions: _col0 (type: &lt;span class=&quot;code-object&quot;&gt;int&lt;/span&gt;), _col2 (type: &lt;span class=&quot;code-object&quot;&gt;int&lt;/span&gt;), _col3 (type: &lt;span class=&quot;code-object&quot;&gt;int&lt;/span&gt;), _col4 (type: &lt;span class=&quot;code-object&quot;&gt;int&lt;/span&gt;), _col5 (type: &lt;span class=&quot;code-object&quot;&gt;int&lt;/span&gt;)
            Execution mode: vectorized
        Map 12 
            Map Operator Tree:
                TableScan
                  alias: d1
                  filterExpr: d_date_sk is not &lt;span class=&quot;code-keyword&quot;&gt;null&lt;/span&gt; (type: &lt;span class=&quot;code-object&quot;&gt;boolean&lt;/span&gt;)
                  Statistics: Num rows: 73049 Data size: 81741831 Basic stats: COMPLETE Column stats: COMPLETE
                  Filter Operator
                    predicate: d_date_sk is not &lt;span class=&quot;code-keyword&quot;&gt;null&lt;/span&gt; (type: &lt;span class=&quot;code-object&quot;&gt;boolean&lt;/span&gt;)
                    Statistics: Num rows: 73049 Data size: 584392 Basic stats: COMPLETE Column stats: COMPLETE
                    Select Operator
                      expressions: d_date_sk (type: &lt;span class=&quot;code-object&quot;&gt;int&lt;/span&gt;), d_year (type: &lt;span class=&quot;code-object&quot;&gt;int&lt;/span&gt;)
                      outputColumnNames: _col0, _col1
                      Statistics: Num rows: 73049 Data size: 584392 Basic stats: COMPLETE Column stats: COMPLETE
                      Reduce Output Operator
                        key expressions: _col0 (type: &lt;span class=&quot;code-object&quot;&gt;int&lt;/span&gt;)
                        sort order: +
                        Map-reduce partition columns: _col0 (type: &lt;span class=&quot;code-object&quot;&gt;int&lt;/span&gt;)
                        Statistics: Num rows: 73049 Data size: 584392 Basic stats: COMPLETE Column stats: COMPLETE
                        value expressions: _col1 (type: &lt;span class=&quot;code-object&quot;&gt;int&lt;/span&gt;)
            Execution mode: vectorized
        Map 13 
            Map Operator Tree:
                TableScan
                  alias: d1
                  filterExpr: d_date_sk is not &lt;span class=&quot;code-keyword&quot;&gt;null&lt;/span&gt; (type: &lt;span class=&quot;code-object&quot;&gt;boolean&lt;/span&gt;)
                  Statistics: Num rows: 73049 Data size: 81741831 Basic stats: COMPLETE Column stats: COMPLETE
                  Filter Operator
                    predicate: d_date_sk is not &lt;span class=&quot;code-keyword&quot;&gt;null&lt;/span&gt; (type: &lt;span class=&quot;code-object&quot;&gt;boolean&lt;/span&gt;)
                    Statistics: Num rows: 73049 Data size: 584392 Basic stats: COMPLETE Column stats: COMPLETE
                    Select Operator
                      expressions: d_date_sk (type: &lt;span class=&quot;code-object&quot;&gt;int&lt;/span&gt;), d_year (type: &lt;span class=&quot;code-object&quot;&gt;int&lt;/span&gt;)
                      outputColumnNames: _col0, _col1
                      Statistics: Num rows: 73049 Data size: 584392 Basic stats: COMPLETE Column stats: COMPLETE
                      Reduce Output Operator
                        key expressions: _col0 (type: &lt;span class=&quot;code-object&quot;&gt;int&lt;/span&gt;)
                        sort order: +
                        Map-reduce partition columns: _col0 (type: &lt;span class=&quot;code-object&quot;&gt;int&lt;/span&gt;)
                        Statistics: Num rows: 73049 Data size: 584392 Basic stats: COMPLETE Column stats: COMPLETE
                        value expressions: _col1 (type: &lt;span class=&quot;code-object&quot;&gt;int&lt;/span&gt;)
            Execution mode: vectorized
        Map 14 
            Map Operator Tree:
                TableScan
                  alias: cd1
                  filterExpr: cd_demo_sk is not &lt;span class=&quot;code-keyword&quot;&gt;null&lt;/span&gt; (type: &lt;span class=&quot;code-object&quot;&gt;boolean&lt;/span&gt;)
                  Statistics: Num rows: 1920800 Data size: 718379200 Basic stats: COMPLETE Column stats: COMPLETE
                  Filter Operator
                    predicate: cd_demo_sk is not &lt;span class=&quot;code-keyword&quot;&gt;null&lt;/span&gt; (type: &lt;span class=&quot;code-object&quot;&gt;boolean&lt;/span&gt;)
                    Statistics: Num rows: 1920800 Data size: 170951200 Basic stats: COMPLETE Column stats: COMPLETE
                    Select Operator
                      expressions: cd_demo_sk (type: &lt;span class=&quot;code-object&quot;&gt;int&lt;/span&gt;), cd_marital_status (type: string)
                      outputColumnNames: _col0, _col1
                      Statistics: Num rows: 1920800 Data size: 170951200 Basic stats: COMPLETE Column stats: COMPLETE
                      Map Join Operator
                        condition map:
                             Inner Join 0 to 1
                        keys:
                          0 _col0 (type: &lt;span class=&quot;code-object&quot;&gt;int&lt;/span&gt;)
                          1 _col3 (type: &lt;span class=&quot;code-object&quot;&gt;int&lt;/span&gt;)
                        outputColumnNames: _col1, _col3, _col4, _col6, _col7, _col8, _col9, _col11, _col12, _col13, _col17
                        input vertices:
                          1 Map 15
                        Statistics: Num rows: 78 Data size: 9750 Basic stats: COMPLETE Column stats: COMPLETE
                        HybridGraceHashJoin: &lt;span class=&quot;code-keyword&quot;&gt;true&lt;/span&gt;
                        Reduce Output Operator
                          key expressions: _col8 (type: &lt;span class=&quot;code-object&quot;&gt;int&lt;/span&gt;)
                          sort order: +
                          Map-reduce partition columns: _col8 (type: &lt;span class=&quot;code-object&quot;&gt;int&lt;/span&gt;)
                          Statistics: Num rows: 78 Data size: 9750 Basic stats: COMPLETE Column stats: COMPLETE
                          value expressions: _col1 (type: string), _col3 (type: &lt;span class=&quot;code-object&quot;&gt;int&lt;/span&gt;), _col4 (type: &lt;span class=&quot;code-object&quot;&gt;int&lt;/span&gt;), _col6 (type: &lt;span class=&quot;code-object&quot;&gt;int&lt;/span&gt;), _col7 (type: &lt;span class=&quot;code-object&quot;&gt;int&lt;/span&gt;), _col9 (type: &lt;span class=&quot;code-object&quot;&gt;int&lt;/span&gt;), _col11 (type: &lt;span class=&quot;code-object&quot;&gt;float&lt;/span&gt;), _col12 (type: &lt;span class=&quot;code-object&quot;&gt;float&lt;/span&gt;), _col13 (type: &lt;span class=&quot;code-object&quot;&gt;float&lt;/span&gt;), _col17 (type: &lt;span class=&quot;code-object&quot;&gt;int&lt;/span&gt;)
            Execution mode: vectorized
        Map 15 
            Map Operator Tree:
                TableScan
                  alias: store_sales
                  filterExpr: ((((((((ss_item_sk is not &lt;span class=&quot;code-keyword&quot;&gt;null&lt;/span&gt; and ss_ticket_number is not &lt;span class=&quot;code-keyword&quot;&gt;null&lt;/span&gt;) and ss_sold_date_sk is not &lt;span class=&quot;code-keyword&quot;&gt;null&lt;/span&gt;) and ss_cdemo_sk is not &lt;span class=&quot;code-keyword&quot;&gt;null&lt;/span&gt;) and ss_store_sk is not &lt;span class=&quot;code-keyword&quot;&gt;null&lt;/span&gt;) and ss_customer_sk is not &lt;span class=&quot;code-keyword&quot;&gt;null&lt;/span&gt;) and ss_promo_sk is not &lt;span class=&quot;code-keyword&quot;&gt;null&lt;/span&gt;) and ss_addr_sk is not &lt;span class=&quot;code-keyword&quot;&gt;null&lt;/span&gt;) and ss_hdemo_sk is not &lt;span class=&quot;code-keyword&quot;&gt;null&lt;/span&gt;) (type: &lt;span class=&quot;code-object&quot;&gt;boolean&lt;/span&gt;)
                  Statistics: Num rows: 550076554 Data size: 101277521188 Basic stats: COMPLETE Column stats: COMPLETE
                  Filter Operator
                    predicate: ((((((((ss_item_sk is not &lt;span class=&quot;code-keyword&quot;&gt;null&lt;/span&gt; and ss_ticket_number is not &lt;span class=&quot;code-keyword&quot;&gt;null&lt;/span&gt;) and ss_sold_date_sk is not &lt;span class=&quot;code-keyword&quot;&gt;null&lt;/span&gt;) and ss_cdemo_sk is not &lt;span class=&quot;code-keyword&quot;&gt;null&lt;/span&gt;) and ss_store_sk is not &lt;span class=&quot;code-keyword&quot;&gt;null&lt;/span&gt;) and ss_customer_sk is not &lt;span class=&quot;code-keyword&quot;&gt;null&lt;/span&gt;) and ss_promo_sk is not &lt;span class=&quot;code-keyword&quot;&gt;null&lt;/span&gt;) and ss_addr_sk is not &lt;span class=&quot;code-keyword&quot;&gt;null&lt;/span&gt;) and ss_hdemo_sk is not &lt;span class=&quot;code-keyword&quot;&gt;null&lt;/span&gt;) (type: &lt;span class=&quot;code-object&quot;&gt;boolean&lt;/span&gt;)
                    Statistics: Num rows: 476766968 Data size: 22480476572 Basic stats: COMPLETE Column stats: COMPLETE
                    Select Operator
                      expressions: ss_sold_date_sk (type: &lt;span class=&quot;code-object&quot;&gt;int&lt;/span&gt;), ss_item_sk (type: &lt;span class=&quot;code-object&quot;&gt;int&lt;/span&gt;), ss_customer_sk (type: &lt;span class=&quot;code-object&quot;&gt;int&lt;/span&gt;), ss_cdemo_sk (type: &lt;span class=&quot;code-object&quot;&gt;int&lt;/span&gt;), ss_hdemo_sk (type: &lt;span class=&quot;code-object&quot;&gt;int&lt;/span&gt;), ss_addr_sk (type: &lt;span class=&quot;code-object&quot;&gt;int&lt;/span&gt;), ss_store_sk (type: &lt;span class=&quot;code-object&quot;&gt;int&lt;/span&gt;), ss_promo_sk (type: &lt;span class=&quot;code-object&quot;&gt;int&lt;/span&gt;), ss_ticket_number (type: &lt;span class=&quot;code-object&quot;&gt;int&lt;/span&gt;), ss_wholesale_cost (type: &lt;span class=&quot;code-object&quot;&gt;float&lt;/span&gt;), ss_list_price (type: &lt;span class=&quot;code-object&quot;&gt;float&lt;/span&gt;), ss_coupon_amt (type: &lt;span class=&quot;code-object&quot;&gt;float&lt;/span&gt;)
                      outputColumnNames: _col0, _col1, _col2, _col3, _col4, _col5, _col6, _col7, _col8, _col9, _col10, _col11
                      Statistics: Num rows: 476766968 Data size: 22480476572 Basic stats: COMPLETE Column stats: COMPLETE
                      Map Join Operator
                        condition map:
                             Inner Join 0 to 1
                        keys:
                          0 _col1 (type: &lt;span class=&quot;code-object&quot;&gt;int&lt;/span&gt;), _col8 (type: &lt;span class=&quot;code-object&quot;&gt;int&lt;/span&gt;)
                          1 _col0 (type: &lt;span class=&quot;code-object&quot;&gt;int&lt;/span&gt;), _col1 (type: &lt;span class=&quot;code-object&quot;&gt;int&lt;/span&gt;)
                        outputColumnNames: _col0, _col1, _col2, _col3, _col4, _col5, _col6, _col7, _col9, _col10, _col11
                        input vertices:
                          1 Map 16
                        Statistics: Num rows: 8686 Data size: 382184 Basic stats: COMPLETE Column stats: COMPLETE
                        HybridGraceHashJoin: &lt;span class=&quot;code-keyword&quot;&gt;true&lt;/span&gt;
                        Map Join Operator
                          condition map:
                               Inner Join 0 to 1
                          keys:
                            0 _col0 (type: &lt;span class=&quot;code-object&quot;&gt;int&lt;/span&gt;)
                            1 _col0 (type: &lt;span class=&quot;code-object&quot;&gt;int&lt;/span&gt;)
                          outputColumnNames: _col1, _col2, _col3, _col4, _col5, _col6, _col7, _col9, _col10, _col11
                          input vertices:
                            1 Map 17
                          Statistics: Num rows: 78 Data size: 3120 Basic stats: COMPLETE Column stats: COMPLETE
                          HybridGraceHashJoin: &lt;span class=&quot;code-keyword&quot;&gt;true&lt;/span&gt;
                          Select Operator
                            expressions: _col1 (type: &lt;span class=&quot;code-object&quot;&gt;int&lt;/span&gt;), _col10 (type: &lt;span class=&quot;code-object&quot;&gt;float&lt;/span&gt;), _col11 (type: &lt;span class=&quot;code-object&quot;&gt;float&lt;/span&gt;), 2000 (type: &lt;span class=&quot;code-object&quot;&gt;int&lt;/span&gt;), _col2 (type: &lt;span class=&quot;code-object&quot;&gt;int&lt;/span&gt;), _col3 (type: &lt;span class=&quot;code-object&quot;&gt;int&lt;/span&gt;), _col4 (type: &lt;span class=&quot;code-object&quot;&gt;int&lt;/span&gt;), _col5 (type: &lt;span class=&quot;code-object&quot;&gt;int&lt;/span&gt;), _col6 (type: &lt;span class=&quot;code-object&quot;&gt;int&lt;/span&gt;), _col7 (type: &lt;span class=&quot;code-object&quot;&gt;int&lt;/span&gt;), _col9 (type: &lt;span class=&quot;code-object&quot;&gt;float&lt;/span&gt;)
                            outputColumnNames: _col1, _col10, _col11, _col15, _col2, _col3, _col4, _col5, _col6, _col7, _col9
                            Statistics: Num rows: 78 Data size: 3432 Basic stats: COMPLETE Column stats: COMPLETE
                            Reduce Output Operator
                              key expressions: _col3 (type: &lt;span class=&quot;code-object&quot;&gt;int&lt;/span&gt;)
                              sort order: +
                              Map-reduce partition columns: _col3 (type: &lt;span class=&quot;code-object&quot;&gt;int&lt;/span&gt;)
                              Statistics: Num rows: 78 Data size: 3432 Basic stats: COMPLETE Column stats: COMPLETE
                              value expressions: _col1 (type: &lt;span class=&quot;code-object&quot;&gt;int&lt;/span&gt;), _col2 (type: &lt;span class=&quot;code-object&quot;&gt;int&lt;/span&gt;), _col4 (type: &lt;span class=&quot;code-object&quot;&gt;int&lt;/span&gt;), _col5 (type: &lt;span class=&quot;code-object&quot;&gt;int&lt;/span&gt;), _col6 (type: &lt;span class=&quot;code-object&quot;&gt;int&lt;/span&gt;), _col7 (type: &lt;span class=&quot;code-object&quot;&gt;int&lt;/span&gt;), _col9 (type: &lt;span class=&quot;code-object&quot;&gt;float&lt;/span&gt;), _col10 (type: &lt;span class=&quot;code-object&quot;&gt;float&lt;/span&gt;), _col11 (type: &lt;span class=&quot;code-object&quot;&gt;float&lt;/span&gt;), _col15 (type: &lt;span class=&quot;code-object&quot;&gt;int&lt;/span&gt;)
            Execution mode: vectorized
        Map 16 
            Map Operator Tree:
                TableScan
                  alias: store_returns
                  filterExpr: (sr_item_sk is not &lt;span class=&quot;code-keyword&quot;&gt;null&lt;/span&gt; and sr_ticket_number is not &lt;span class=&quot;code-keyword&quot;&gt;null&lt;/span&gt;) (type: &lt;span class=&quot;code-object&quot;&gt;boolean&lt;/span&gt;)
                  Statistics: Num rows: 55578005 Data size: 9601960106 Basic stats: COMPLETE Column stats: COMPLETE
                  Filter Operator
                    predicate: (sr_item_sk is not &lt;span class=&quot;code-keyword&quot;&gt;null&lt;/span&gt; and sr_ticket_number is not &lt;span class=&quot;code-keyword&quot;&gt;null&lt;/span&gt;) (type: &lt;span class=&quot;code-object&quot;&gt;boolean&lt;/span&gt;)
                    Statistics: Num rows: 55578005 Data size: 444624040 Basic stats: COMPLETE Column stats: COMPLETE
                    Select Operator
                      expressions: sr_item_sk (type: &lt;span class=&quot;code-object&quot;&gt;int&lt;/span&gt;), sr_ticket_number (type: &lt;span class=&quot;code-object&quot;&gt;int&lt;/span&gt;)
                      outputColumnNames: _col0, _col1
                      Statistics: Num rows: 55578005 Data size: 444624040 Basic stats: COMPLETE Column stats: COMPLETE
                      Reduce Output Operator
                        key expressions: _col0 (type: &lt;span class=&quot;code-object&quot;&gt;int&lt;/span&gt;), _col1 (type: &lt;span class=&quot;code-object&quot;&gt;int&lt;/span&gt;)
                        sort order: ++
                        Map-reduce partition columns: _col0 (type: &lt;span class=&quot;code-object&quot;&gt;int&lt;/span&gt;), _col1 (type: &lt;span class=&quot;code-object&quot;&gt;int&lt;/span&gt;)
                        Statistics: Num rows: 55578005 Data size: 444624040 Basic stats: COMPLETE Column stats: COMPLETE
            Execution mode: vectorized
        Map 17 
            Map Operator Tree:
                TableScan
                  alias: d1
                  filterExpr: ((d_year = 2000) and d_date_sk is not &lt;span class=&quot;code-keyword&quot;&gt;null&lt;/span&gt;) (type: &lt;span class=&quot;code-object&quot;&gt;boolean&lt;/span&gt;)
                  Statistics: Num rows: 73049 Data size: 81741831 Basic stats: COMPLETE Column stats: COMPLETE
                  Filter Operator
                    predicate: ((d_year = 2000) and d_date_sk is not &lt;span class=&quot;code-keyword&quot;&gt;null&lt;/span&gt;) (type: &lt;span class=&quot;code-object&quot;&gt;boolean&lt;/span&gt;)
                    Statistics: Num rows: 652 Data size: 5216 Basic stats: COMPLETE Column stats: COMPLETE
                    Select Operator
                      expressions: d_date_sk (type: &lt;span class=&quot;code-object&quot;&gt;int&lt;/span&gt;)
                      outputColumnNames: _col0
                      Statistics: Num rows: 652 Data size: 2608 Basic stats: COMPLETE Column stats: COMPLETE
                      Reduce Output Operator
                        key expressions: _col0 (type: &lt;span class=&quot;code-object&quot;&gt;int&lt;/span&gt;)
                        sort order: +
                        Map-reduce partition columns: _col0 (type: &lt;span class=&quot;code-object&quot;&gt;int&lt;/span&gt;)
                        Statistics: Num rows: 652 Data size: 2608 Basic stats: COMPLETE Column stats: COMPLETE
            Execution mode: vectorized
        Map 18 
            Map Operator Tree:
                TableScan
                  alias: store
                  filterExpr: ((s_store_sk is not &lt;span class=&quot;code-keyword&quot;&gt;null&lt;/span&gt; and s_store_name is not &lt;span class=&quot;code-keyword&quot;&gt;null&lt;/span&gt;) and s_zip is not &lt;span class=&quot;code-keyword&quot;&gt;null&lt;/span&gt;) (type: &lt;span class=&quot;code-object&quot;&gt;boolean&lt;/span&gt;)
                  Statistics: Num rows: 212 Data size: 405680 Basic stats: COMPLETE Column stats: COMPLETE
                  Filter Operator
                    predicate: ((s_store_sk is not &lt;span class=&quot;code-keyword&quot;&gt;null&lt;/span&gt; and s_store_name is not &lt;span class=&quot;code-keyword&quot;&gt;null&lt;/span&gt;) and s_zip is not &lt;span class=&quot;code-keyword&quot;&gt;null&lt;/span&gt;) (type: &lt;span class=&quot;code-object&quot;&gt;boolean&lt;/span&gt;)
                    Statistics: Num rows: 212 Data size: 38372 Basic stats: COMPLETE Column stats: COMPLETE
                    Select Operator
                      expressions: s_store_sk (type: &lt;span class=&quot;code-object&quot;&gt;int&lt;/span&gt;), s_store_name (type: string), s_zip (type: string)
                      outputColumnNames: _col0, _col1, _col2
                      Statistics: Num rows: 212 Data size: 38372 Basic stats: COMPLETE Column stats: COMPLETE
                      Map Join Operator
                        condition map:
                             Inner Join 0 to 1
                        keys:
                          0 _col8 (type: &lt;span class=&quot;code-object&quot;&gt;int&lt;/span&gt;)
                          1 _col0 (type: &lt;span class=&quot;code-object&quot;&gt;int&lt;/span&gt;)
                        outputColumnNames: _col1, _col3, _col4, _col6, _col7, _col9, _col11, _col12, _col13, _col17, _col19, _col20
                        input vertices:
                          0 Map 14
                        Statistics: Num rows: 78 Data size: 23244 Basic stats: COMPLETE Column stats: COMPLETE
                        HybridGraceHashJoin: &lt;span class=&quot;code-keyword&quot;&gt;true&lt;/span&gt;
                        Select Operator
                          expressions: _col1 (type: string), _col11 (type: &lt;span class=&quot;code-object&quot;&gt;float&lt;/span&gt;), _col12 (type: &lt;span class=&quot;code-object&quot;&gt;float&lt;/span&gt;), _col13 (type: &lt;span class=&quot;code-object&quot;&gt;float&lt;/span&gt;), _col17 (type: &lt;span class=&quot;code-object&quot;&gt;int&lt;/span&gt;), _col19 (type: string), _col20 (type: string), _col3 (type: &lt;span class=&quot;code-object&quot;&gt;int&lt;/span&gt;), _col4 (type: &lt;span class=&quot;code-object&quot;&gt;int&lt;/span&gt;), _col6 (type: &lt;span class=&quot;code-object&quot;&gt;int&lt;/span&gt;), _col7 (type: &lt;span class=&quot;code-object&quot;&gt;int&lt;/span&gt;), _col9 (type: &lt;span class=&quot;code-object&quot;&gt;int&lt;/span&gt;)
                          outputColumnNames: _col1, _col11, _col12, _col13, _col17, _col19, _col20, _col3, _col4, _col6, _col7, _col9
                          Statistics: Num rows: 78 Data size: 23244 Basic stats: COMPLETE Column stats: COMPLETE
                          Reduce Output Operator
                            key expressions: _col4 (type: &lt;span class=&quot;code-object&quot;&gt;int&lt;/span&gt;)
                            sort order: +
                            Map-reduce partition columns: _col4 (type: &lt;span class=&quot;code-object&quot;&gt;int&lt;/span&gt;)
                            Statistics: Num rows: 78 Data size: 23244 Basic stats: COMPLETE Column stats: COMPLETE
                            value expressions: _col1 (type: string), _col3 (type: &lt;span class=&quot;code-object&quot;&gt;int&lt;/span&gt;), _col6 (type: &lt;span class=&quot;code-object&quot;&gt;int&lt;/span&gt;), _col7 (type: &lt;span class=&quot;code-object&quot;&gt;int&lt;/span&gt;), _col9 (type: &lt;span class=&quot;code-object&quot;&gt;int&lt;/span&gt;), _col11 (type: &lt;span class=&quot;code-object&quot;&gt;float&lt;/span&gt;), _col12 (type: &lt;span class=&quot;code-object&quot;&gt;float&lt;/span&gt;), _col13 (type: &lt;span class=&quot;code-object&quot;&gt;float&lt;/span&gt;), _col17 (type: &lt;span class=&quot;code-object&quot;&gt;int&lt;/span&gt;), _col19 (type: string), _col20 (type: string)
            Execution mode: vectorized
        Map 19 
            Map Operator Tree:
                TableScan
                  alias: item
                  filterExpr: ((((i_color) IN (&lt;span class=&quot;code-quote&quot;&gt;&apos;maroon&apos;&lt;/span&gt;, &lt;span class=&quot;code-quote&quot;&gt;&apos;burnished&apos;&lt;/span&gt;, &lt;span class=&quot;code-quote&quot;&gt;&apos;dim&apos;&lt;/span&gt;, &lt;span class=&quot;code-quote&quot;&gt;&apos;steel&apos;&lt;/span&gt;, &lt;span class=&quot;code-quote&quot;&gt;&apos;navajo&apos;&lt;/span&gt;, &lt;span class=&quot;code-quote&quot;&gt;&apos;chocolate&apos;&lt;/span&gt;) and i_current_price BETWEEN 35 AND 45) and i_current_price BETWEEN 36 AND 50) and i_item_sk is not &lt;span class=&quot;code-keyword&quot;&gt;null&lt;/span&gt;) (type: &lt;span class=&quot;code-object&quot;&gt;boolean&lt;/span&gt;)
                  Statistics: Num rows: 48000 Data size: 68732712 Basic stats: COMPLETE Column stats: COMPLETE
                  Filter Operator
                    predicate: ((((i_color) IN (&lt;span class=&quot;code-quote&quot;&gt;&apos;maroon&apos;&lt;/span&gt;, &lt;span class=&quot;code-quote&quot;&gt;&apos;burnished&apos;&lt;/span&gt;, &lt;span class=&quot;code-quote&quot;&gt;&apos;dim&apos;&lt;/span&gt;, &lt;span class=&quot;code-quote&quot;&gt;&apos;steel&apos;&lt;/span&gt;, &lt;span class=&quot;code-quote&quot;&gt;&apos;navajo&apos;&lt;/span&gt;, &lt;span class=&quot;code-quote&quot;&gt;&apos;chocolate&apos;&lt;/span&gt;) and i_current_price BETWEEN 35 AND 45) and i_current_price BETWEEN 36 AND 50) and i_item_sk is not &lt;span class=&quot;code-keyword&quot;&gt;null&lt;/span&gt;) (type: &lt;span class=&quot;code-object&quot;&gt;boolean&lt;/span&gt;)
                    Statistics: Num rows: 6000 Data size: 1199936 Basic stats: COMPLETE Column stats: COMPLETE
                    Select Operator
                      expressions: i_item_sk (type: &lt;span class=&quot;code-object&quot;&gt;int&lt;/span&gt;), i_product_name (type: string)
                      outputColumnNames: _col0, _col3
                      Statistics: Num rows: 6000 Data size: 642000 Basic stats: COMPLETE Column stats: COMPLETE
                      Map Join Operator
                        condition map:
                             Inner Join 0 to 1
                             Inner Join 0 to 2
                        keys:
                          0 _col1 (type: &lt;span class=&quot;code-object&quot;&gt;int&lt;/span&gt;)
                          1 _col0 (type: &lt;span class=&quot;code-object&quot;&gt;int&lt;/span&gt;)
                          2 _col0 (type: &lt;span class=&quot;code-object&quot;&gt;int&lt;/span&gt;)
                        outputColumnNames: _col4, _col5, _col7, _col9, _col10, _col11, _col16, _col17, _col21, _col23, _col25, _col27, _col28, _col33, _col36
                        input vertices:
                          0 Map 10
                          2 Reducer 21
                        Statistics: Num rows: 13200 Data size: 1412400 Basic stats: COMPLETE Column stats: NONE
                        HybridGraceHashJoin: &lt;span class=&quot;code-keyword&quot;&gt;true&lt;/span&gt;
                        Select Operator
                          expressions: _col10 (type: &lt;span class=&quot;code-object&quot;&gt;float&lt;/span&gt;), _col11 (type: &lt;span class=&quot;code-object&quot;&gt;float&lt;/span&gt;), _col16 (type: &lt;span class=&quot;code-object&quot;&gt;int&lt;/span&gt;), _col17 (type: &lt;span class=&quot;code-object&quot;&gt;int&lt;/span&gt;), _col21 (type: &lt;span class=&quot;code-object&quot;&gt;int&lt;/span&gt;), _col23 (type: &lt;span class=&quot;code-object&quot;&gt;int&lt;/span&gt;), _col25 (type: &lt;span class=&quot;code-object&quot;&gt;int&lt;/span&gt;), _col27 (type: string), _col28 (type: string), _col33 (type: &lt;span class=&quot;code-object&quot;&gt;int&lt;/span&gt;), _col36 (type: string), _col4 (type: &lt;span class=&quot;code-object&quot;&gt;int&lt;/span&gt;), _col5 (type: &lt;span class=&quot;code-object&quot;&gt;int&lt;/span&gt;), _col7 (type: &lt;span class=&quot;code-object&quot;&gt;int&lt;/span&gt;), _col9 (type: &lt;span class=&quot;code-object&quot;&gt;float&lt;/span&gt;)
                          outputColumnNames: _col10, _col11, _col16, _col17, _col21, _col23, _col25, _col27, _col28, _col33, _col36, _col4, _col5, _col7, _col9
                          Statistics: Num rows: 13200 Data size: 1412400 Basic stats: COMPLETE Column stats: NONE
                          Map Join Operator
                            condition map:
                                 Inner Join 0 to 1
                            keys:
                              0 _col0 (type: &lt;span class=&quot;code-object&quot;&gt;int&lt;/span&gt;)
                              1 _col7 (type: &lt;span class=&quot;code-object&quot;&gt;int&lt;/span&gt;)
                            outputColumnNames: _col5, _col6, _col10, _col11, _col12, _col17, _col18, _col22, _col24, _col26, _col28, _col29, _col34, _col37
                            input vertices:
                              0 Map 9
                            Statistics: Num rows: 14520 Data size: 1553640 Basic stats: COMPLETE Column stats: NONE
                            HybridGraceHashJoin: &lt;span class=&quot;code-keyword&quot;&gt;true&lt;/span&gt;
                            Select Operator
                              expressions: _col10 (type: &lt;span class=&quot;code-object&quot;&gt;float&lt;/span&gt;), _col11 (type: &lt;span class=&quot;code-object&quot;&gt;float&lt;/span&gt;), _col12 (type: &lt;span class=&quot;code-object&quot;&gt;float&lt;/span&gt;), _col17 (type: &lt;span class=&quot;code-object&quot;&gt;int&lt;/span&gt;), _col18 (type: &lt;span class=&quot;code-object&quot;&gt;int&lt;/span&gt;), _col22 (type: &lt;span class=&quot;code-object&quot;&gt;int&lt;/span&gt;), _col24 (type: &lt;span class=&quot;code-object&quot;&gt;int&lt;/span&gt;), _col26 (type: &lt;span class=&quot;code-object&quot;&gt;int&lt;/span&gt;), _col28 (type: string), _col29 (type: string), _col34 (type: &lt;span class=&quot;code-object&quot;&gt;int&lt;/span&gt;), _col37 (type: string), _col5 (type: &lt;span class=&quot;code-object&quot;&gt;int&lt;/span&gt;), _col6 (type: &lt;span class=&quot;code-object&quot;&gt;int&lt;/span&gt;)
                              outputColumnNames: _col10, _col11, _col12, _col17, _col18, _col22, _col24, _col26, _col28, _col29, _col34, _col37, _col5, _col6
                              Statistics: Num rows: 14520 Data size: 1553640 Basic stats: COMPLETE Column stats: NONE
                              Map Join Operator
                                condition map:
                                     Inner Join 0 to 1
                                keys:
                                  0 _col0 (type: &lt;span class=&quot;code-object&quot;&gt;int&lt;/span&gt;)
                                  1 _col17 (type: &lt;span class=&quot;code-object&quot;&gt;int&lt;/span&gt;)
                                outputColumnNames: _col8, _col9, _col13, _col14, _col15, _col21, _col25, _col27, _col29, _col31, _col32, _col37, _col40
                                input vertices:
                                  0 Map 7
                                Statistics: Num rows: 15972 Data size: 1709004 Basic stats: COMPLETE Column stats: NONE
                                HybridGraceHashJoin: &lt;span class=&quot;code-keyword&quot;&gt;true&lt;/span&gt;
                                Select Operator
                                  expressions: _col13 (type: &lt;span class=&quot;code-object&quot;&gt;float&lt;/span&gt;), _col14 (type: &lt;span class=&quot;code-object&quot;&gt;float&lt;/span&gt;), _col15 (type: &lt;span class=&quot;code-object&quot;&gt;float&lt;/span&gt;), _col21 (type: &lt;span class=&quot;code-object&quot;&gt;int&lt;/span&gt;), _col25 (type: &lt;span class=&quot;code-object&quot;&gt;int&lt;/span&gt;), _col27 (type: &lt;span class=&quot;code-object&quot;&gt;int&lt;/span&gt;), _col29 (type: &lt;span class=&quot;code-object&quot;&gt;int&lt;/span&gt;), _col31 (type: string), _col32 (type: string), _col37 (type: &lt;span class=&quot;code-object&quot;&gt;int&lt;/span&gt;), _col40 (type: string), _col8 (type: &lt;span class=&quot;code-object&quot;&gt;int&lt;/span&gt;), _col9 (type: &lt;span class=&quot;code-object&quot;&gt;int&lt;/span&gt;)
                                  outputColumnNames: _col13, _col14, _col15, _col21, _col25, _col27, _col29, _col31, _col32, _col37, _col40, _col8, _col9
                                  Statistics: Num rows: 15972 Data size: 1709004 Basic stats: COMPLETE Column stats: NONE
                                  Reduce Output Operator
                                    key expressions: _col9 (type: &lt;span class=&quot;code-object&quot;&gt;int&lt;/span&gt;)
                                    sort order: +
                                    Map-reduce partition columns: _col9 (type: &lt;span class=&quot;code-object&quot;&gt;int&lt;/span&gt;)
                                    Statistics: Num rows: 15972 Data size: 1709004 Basic stats: COMPLETE Column stats: NONE
                                    value expressions: _col8 (type: &lt;span class=&quot;code-object&quot;&gt;int&lt;/span&gt;), _col13 (type: &lt;span class=&quot;code-object&quot;&gt;float&lt;/span&gt;), _col14 (type: &lt;span class=&quot;code-object&quot;&gt;float&lt;/span&gt;), _col15 (type: &lt;span class=&quot;code-object&quot;&gt;float&lt;/span&gt;), _col21 (type: &lt;span class=&quot;code-object&quot;&gt;int&lt;/span&gt;), _col25 (type: &lt;span class=&quot;code-object&quot;&gt;int&lt;/span&gt;), _col27 (type: &lt;span class=&quot;code-object&quot;&gt;int&lt;/span&gt;), _col29 (type: &lt;span class=&quot;code-object&quot;&gt;int&lt;/span&gt;), _col31 (type: string), _col32 (type: string), _col37 (type: &lt;span class=&quot;code-object&quot;&gt;int&lt;/span&gt;), _col40 (type: string)
            Execution mode: vectorized
        Map 2 
            Map Operator Tree:
                TableScan
                  alias: ib1
                  filterExpr: ib_income_band_sk is not &lt;span class=&quot;code-keyword&quot;&gt;null&lt;/span&gt; (type: &lt;span class=&quot;code-object&quot;&gt;boolean&lt;/span&gt;)
                  Statistics: Num rows: 20 Data size: 240 Basic stats: COMPLETE Column stats: COMPLETE
                  Filter Operator
                    predicate: ib_income_band_sk is not &lt;span class=&quot;code-keyword&quot;&gt;null&lt;/span&gt; (type: &lt;span class=&quot;code-object&quot;&gt;boolean&lt;/span&gt;)
                    Statistics: Num rows: 20 Data size: 80 Basic stats: COMPLETE Column stats: COMPLETE
                    Select Operator
                      expressions: ib_income_band_sk (type: &lt;span class=&quot;code-object&quot;&gt;int&lt;/span&gt;)
                      outputColumnNames: _col0
                      Statistics: Num rows: 20 Data size: 80 Basic stats: COMPLETE Column stats: COMPLETE
                      Reduce Output Operator
                        key expressions: _col0 (type: &lt;span class=&quot;code-object&quot;&gt;int&lt;/span&gt;)
                        sort order: +
                        Map-reduce partition columns: _col0 (type: &lt;span class=&quot;code-object&quot;&gt;int&lt;/span&gt;)
                        Statistics: Num rows: 20 Data size: 80 Basic stats: COMPLETE Column stats: COMPLETE
            Execution mode: vectorized
        Map 20 
            Map Operator Tree:
                TableScan
                  alias: catalog_sales
                  filterExpr: (cs_item_sk is not &lt;span class=&quot;code-keyword&quot;&gt;null&lt;/span&gt; and cs_order_number is not &lt;span class=&quot;code-keyword&quot;&gt;null&lt;/span&gt;) (type: &lt;span class=&quot;code-object&quot;&gt;boolean&lt;/span&gt;)
                  Statistics: Num rows: 286549727 Data size: 65825832570 Basic stats: COMPLETE Column stats: COMPLETE
                  Filter Operator
                    predicate: (cs_item_sk is not &lt;span class=&quot;code-keyword&quot;&gt;null&lt;/span&gt; and cs_order_number is not &lt;span class=&quot;code-keyword&quot;&gt;null&lt;/span&gt;) (type: &lt;span class=&quot;code-object&quot;&gt;boolean&lt;/span&gt;)
                    Statistics: Num rows: 286549727 Data size: 3435718732 Basic stats: COMPLETE Column stats: COMPLETE
                    Select Operator
                      expressions: cs_item_sk (type: &lt;span class=&quot;code-object&quot;&gt;int&lt;/span&gt;), cs_order_number (type: &lt;span class=&quot;code-object&quot;&gt;int&lt;/span&gt;), cs_ext_list_price (type: &lt;span class=&quot;code-object&quot;&gt;float&lt;/span&gt;)
                      outputColumnNames: _col0, _col1, _col2
                      Statistics: Num rows: 286549727 Data size: 3435718732 Basic stats: COMPLETE Column stats: COMPLETE
                      Map Join Operator
                        condition map:
                             Inner Join 0 to 1
                        keys:
                          0 _col0 (type: &lt;span class=&quot;code-object&quot;&gt;int&lt;/span&gt;), _col1 (type: &lt;span class=&quot;code-object&quot;&gt;int&lt;/span&gt;)
                          1 _col0 (type: &lt;span class=&quot;code-object&quot;&gt;int&lt;/span&gt;), _col1 (type: &lt;span class=&quot;code-object&quot;&gt;int&lt;/span&gt;)
                        outputColumnNames: _col0, _col2, _col5, _col6, _col7
                        input vertices:
                          1 Map 22
                        Statistics: Num rows: 2911 Data size: 58220 Basic stats: COMPLETE Column stats: COMPLETE
                        HybridGraceHashJoin: &lt;span class=&quot;code-keyword&quot;&gt;true&lt;/span&gt;
                        Select Operator
                          expressions: _col0 (type: &lt;span class=&quot;code-object&quot;&gt;int&lt;/span&gt;), _col2 (type: &lt;span class=&quot;code-object&quot;&gt;float&lt;/span&gt;), ((_col5 + _col6) + _col7) (type: &lt;span class=&quot;code-object&quot;&gt;float&lt;/span&gt;)
                          outputColumnNames: _col0, _col1, _col2
                          Statistics: Num rows: 2911 Data size: 58220 Basic stats: COMPLETE Column stats: COMPLETE
                          Group By Operator
                            aggregations: sum(_col1), sum(_col2)
                            keys: _col0 (type: &lt;span class=&quot;code-object&quot;&gt;int&lt;/span&gt;)
                            mode: hash
                            outputColumnNames: _col0, _col1, _col2
                            Statistics: Num rows: 1 Data size: 20 Basic stats: COMPLETE Column stats: COMPLETE
                            Reduce Output Operator
                              key expressions: _col0 (type: &lt;span class=&quot;code-object&quot;&gt;int&lt;/span&gt;)
                              sort order: +
                              Map-reduce partition columns: _col0 (type: &lt;span class=&quot;code-object&quot;&gt;int&lt;/span&gt;)
                              Statistics: Num rows: 1 Data size: 20 Basic stats: COMPLETE Column stats: COMPLETE
                              value expressions: _col1 (type: &lt;span class=&quot;code-object&quot;&gt;double&lt;/span&gt;), _col2 (type: &lt;span class=&quot;code-object&quot;&gt;double&lt;/span&gt;)
            Execution mode: vectorized
        Map 22 
            Map Operator Tree:
                TableScan
                  alias: catalog_returns
                  filterExpr: (cr_item_sk is not &lt;span class=&quot;code-keyword&quot;&gt;null&lt;/span&gt; and cr_order_number is not &lt;span class=&quot;code-keyword&quot;&gt;null&lt;/span&gt;) (type: &lt;span class=&quot;code-object&quot;&gt;boolean&lt;/span&gt;)
                  Statistics: Num rows: 28798881 Data size: 5764329494 Basic stats: COMPLETE Column stats: COMPLETE
                  Filter Operator
                    predicate: (cr_item_sk is not &lt;span class=&quot;code-keyword&quot;&gt;null&lt;/span&gt; and cr_order_number is not &lt;span class=&quot;code-keyword&quot;&gt;null&lt;/span&gt;) (type: &lt;span class=&quot;code-object&quot;&gt;boolean&lt;/span&gt;)
                    Statistics: Num rows: 28798881 Data size: 569059536 Basic stats: COMPLETE Column stats: COMPLETE
                    Select Operator
                      expressions: cr_item_sk (type: &lt;span class=&quot;code-object&quot;&gt;int&lt;/span&gt;), cr_order_number (type: &lt;span class=&quot;code-object&quot;&gt;int&lt;/span&gt;), cr_refunded_cash (type: &lt;span class=&quot;code-object&quot;&gt;float&lt;/span&gt;), cr_reversed_charge (type: &lt;span class=&quot;code-object&quot;&gt;float&lt;/span&gt;), cr_store_credit (type: &lt;span class=&quot;code-object&quot;&gt;float&lt;/span&gt;)
                      outputColumnNames: _col0, _col1, _col2, _col3, _col4
                      Statistics: Num rows: 28798881 Data size: 569059536 Basic stats: COMPLETE Column stats: COMPLETE
                      Reduce Output Operator
                        key expressions: _col0 (type: &lt;span class=&quot;code-object&quot;&gt;int&lt;/span&gt;), _col1 (type: &lt;span class=&quot;code-object&quot;&gt;int&lt;/span&gt;)
                        sort order: ++
                        Map-reduce partition columns: _col0 (type: &lt;span class=&quot;code-object&quot;&gt;int&lt;/span&gt;), _col1 (type: &lt;span class=&quot;code-object&quot;&gt;int&lt;/span&gt;)
                        Statistics: Num rows: 28798881 Data size: 569059536 Basic stats: COMPLETE Column stats: COMPLETE
                        value expressions: _col2 (type: &lt;span class=&quot;code-object&quot;&gt;float&lt;/span&gt;), _col3 (type: &lt;span class=&quot;code-object&quot;&gt;float&lt;/span&gt;), _col4 (type: &lt;span class=&quot;code-object&quot;&gt;float&lt;/span&gt;)
            Execution mode: vectorized
        Map 23 
            Map Operator Tree:
                TableScan
                  alias: hd1
                  filterExpr: (hd_income_band_sk is not &lt;span class=&quot;code-keyword&quot;&gt;null&lt;/span&gt; and hd_demo_sk is not &lt;span class=&quot;code-keyword&quot;&gt;null&lt;/span&gt;) (type: &lt;span class=&quot;code-object&quot;&gt;boolean&lt;/span&gt;)
                  Statistics: Num rows: 7200 Data size: 770400 Basic stats: COMPLETE Column stats: COMPLETE
                  Filter Operator
                    predicate: (hd_income_band_sk is not &lt;span class=&quot;code-keyword&quot;&gt;null&lt;/span&gt; and hd_demo_sk is not &lt;span class=&quot;code-keyword&quot;&gt;null&lt;/span&gt;) (type: &lt;span class=&quot;code-object&quot;&gt;boolean&lt;/span&gt;)
                    Statistics: Num rows: 7200 Data size: 57600 Basic stats: COMPLETE Column stats: COMPLETE
                    Select Operator
                      expressions: hd_demo_sk (type: &lt;span class=&quot;code-object&quot;&gt;int&lt;/span&gt;), hd_income_band_sk (type: &lt;span class=&quot;code-object&quot;&gt;int&lt;/span&gt;)
                      outputColumnNames: _col0, _col1
                      Statistics: Num rows: 7200 Data size: 57600 Basic stats: COMPLETE Column stats: COMPLETE
                      Map Join Operator
                        condition map:
                             Inner Join 0 to 1
                        keys:
                          0 _col1 (type: &lt;span class=&quot;code-object&quot;&gt;int&lt;/span&gt;)
                          1 _col0 (type: &lt;span class=&quot;code-object&quot;&gt;int&lt;/span&gt;)
                        outputColumnNames: _col0
                        input vertices:
                          1 Map 24
                        Statistics: Num rows: 7200 Data size: 28800 Basic stats: COMPLETE Column stats: COMPLETE
                        HybridGraceHashJoin: &lt;span class=&quot;code-keyword&quot;&gt;true&lt;/span&gt;
                        Reduce Output Operator
                          key expressions: _col0 (type: &lt;span class=&quot;code-object&quot;&gt;int&lt;/span&gt;)
                          sort order: +
                          Map-reduce partition columns: _col0 (type: &lt;span class=&quot;code-object&quot;&gt;int&lt;/span&gt;)
                          Statistics: Num rows: 7200 Data size: 28800 Basic stats: COMPLETE Column stats: COMPLETE
            Execution mode: vectorized
        Map 24 
            Map Operator Tree:
                TableScan
                  alias: ib1
                  filterExpr: ib_income_band_sk is not &lt;span class=&quot;code-keyword&quot;&gt;null&lt;/span&gt; (type: &lt;span class=&quot;code-object&quot;&gt;boolean&lt;/span&gt;)
                  Statistics: Num rows: 20 Data size: 240 Basic stats: COMPLETE Column stats: COMPLETE
                  Filter Operator
                    predicate: ib_income_band_sk is not &lt;span class=&quot;code-keyword&quot;&gt;null&lt;/span&gt; (type: &lt;span class=&quot;code-object&quot;&gt;boolean&lt;/span&gt;)
                    Statistics: Num rows: 20 Data size: 80 Basic stats: COMPLETE Column stats: COMPLETE
                    Select Operator
                      expressions: ib_income_band_sk (type: &lt;span class=&quot;code-object&quot;&gt;int&lt;/span&gt;)
                      outputColumnNames: _col0
                      Statistics: Num rows: 20 Data size: 80 Basic stats: COMPLETE Column stats: COMPLETE
                      Reduce Output Operator
                        key expressions: _col0 (type: &lt;span class=&quot;code-object&quot;&gt;int&lt;/span&gt;)
                        sort order: +
                        Map-reduce partition columns: _col0 (type: &lt;span class=&quot;code-object&quot;&gt;int&lt;/span&gt;)
                        Statistics: Num rows: 20 Data size: 80 Basic stats: COMPLETE Column stats: COMPLETE
            Execution mode: vectorized
        Map 25 
            Map Operator Tree:
                TableScan
                  alias: ad1
                  filterExpr: ca_address_sk is not &lt;span class=&quot;code-keyword&quot;&gt;null&lt;/span&gt; (type: &lt;span class=&quot;code-object&quot;&gt;boolean&lt;/span&gt;)
                  Statistics: Num rows: 800000 Data size: 811903688 Basic stats: COMPLETE Column stats: COMPLETE
                  Filter Operator
                    predicate: ca_address_sk is not &lt;span class=&quot;code-keyword&quot;&gt;null&lt;/span&gt; (type: &lt;span class=&quot;code-object&quot;&gt;boolean&lt;/span&gt;)
                    Statistics: Num rows: 800000 Data size: 292000000 Basic stats: COMPLETE Column stats: COMPLETE
                    Select Operator
                      expressions: ca_address_sk (type: &lt;span class=&quot;code-object&quot;&gt;int&lt;/span&gt;), ca_street_number (type: string), ca_street_name (type: string), ca_city (type: string), ca_zip (type: string)
                      outputColumnNames: _col0, _col1, _col2, _col3, _col4
                      Statistics: Num rows: 800000 Data size: 292000000 Basic stats: COMPLETE Column stats: COMPLETE
                      Reduce Output Operator
                        key expressions: _col0 (type: &lt;span class=&quot;code-object&quot;&gt;int&lt;/span&gt;)
                        sort order: +
                        Map-reduce partition columns: _col0 (type: &lt;span class=&quot;code-object&quot;&gt;int&lt;/span&gt;)
                        Statistics: Num rows: 800000 Data size: 292000000 Basic stats: COMPLETE Column stats: COMPLETE
                        value expressions: _col1 (type: string), _col2 (type: string), _col3 (type: string), _col4 (type: string)
            Execution mode: vectorized
        Map 26 
            Map Operator Tree:
                TableScan
                  alias: ad1
                  filterExpr: ca_address_sk is not &lt;span class=&quot;code-keyword&quot;&gt;null&lt;/span&gt; (type: &lt;span class=&quot;code-object&quot;&gt;boolean&lt;/span&gt;)
                  Statistics: Num rows: 800000 Data size: 811903688 Basic stats: COMPLETE Column stats: COMPLETE
                  Filter Operator
                    predicate: ca_address_sk is not &lt;span class=&quot;code-keyword&quot;&gt;null&lt;/span&gt; (type: &lt;span class=&quot;code-object&quot;&gt;boolean&lt;/span&gt;)
                    Statistics: Num rows: 800000 Data size: 292000000 Basic stats: COMPLETE Column stats: COMPLETE
                    Select Operator
                      expressions: ca_address_sk (type: &lt;span class=&quot;code-object&quot;&gt;int&lt;/span&gt;), ca_street_number (type: string), ca_street_name (type: string), ca_city (type: string), ca_zip (type: string)
                      outputColumnNames: _col0, _col1, _col2, _col3, _col4
                      Statistics: Num rows: 800000 Data size: 292000000 Basic stats: COMPLETE Column stats: COMPLETE
                      Map Join Operator
                        condition map:
                             Inner Join 0 to 1
                        keys:
                          0 _col0 (type: &lt;span class=&quot;code-object&quot;&gt;int&lt;/span&gt;)
                          1 _col9 (type: &lt;span class=&quot;code-object&quot;&gt;int&lt;/span&gt;)
                        outputColumnNames: _col1, _col2, _col3, _col4, _col13, _col18, _col19, _col20, _col26, _col30, _col32, _col34, _col36, _col37, _col42, _col45
                        input vertices:
                          1 Map 40
                        Statistics: Num rows: 880000 Data size: 321200006 Basic stats: COMPLETE Column stats: NONE
                        HybridGraceHashJoin: &lt;span class=&quot;code-keyword&quot;&gt;true&lt;/span&gt;
                        Select Operator
                          expressions: _col1 (type: string), _col13 (type: &lt;span class=&quot;code-object&quot;&gt;int&lt;/span&gt;), _col18 (type: &lt;span class=&quot;code-object&quot;&gt;float&lt;/span&gt;), _col19 (type: &lt;span class=&quot;code-object&quot;&gt;float&lt;/span&gt;), _col2 (type: string), _col20 (type: &lt;span class=&quot;code-object&quot;&gt;float&lt;/span&gt;), _col26 (type: &lt;span class=&quot;code-object&quot;&gt;int&lt;/span&gt;), _col3 (type: string), _col30 (type: &lt;span class=&quot;code-object&quot;&gt;int&lt;/span&gt;), _col32 (type: &lt;span class=&quot;code-object&quot;&gt;int&lt;/span&gt;), _col34 (type: &lt;span class=&quot;code-object&quot;&gt;int&lt;/span&gt;), _col36 (type: string), _col37 (type: string), _col4 (type: string), _col42 (type: &lt;span class=&quot;code-object&quot;&gt;int&lt;/span&gt;), _col45 (type: string)
                          outputColumnNames: _col1, _col13, _col18, _col19, _col2, _col20, _col26, _col3, _col30, _col32, _col34, _col36, _col37, _col4, _col42, _col45
                          Statistics: Num rows: 880000 Data size: 321200006 Basic stats: COMPLETE Column stats: NONE
                          Map Join Operator
                            condition map:
                                 Inner Join 0 to 1
                            keys:
                              0 _col0 (type: &lt;span class=&quot;code-object&quot;&gt;int&lt;/span&gt;)
                              1 _col26 (type: &lt;span class=&quot;code-object&quot;&gt;int&lt;/span&gt;)
                            outputColumnNames: _col1, _col2, _col3, _col4, _col6, _col7, _col8, _col9, _col18, _col23, _col24, _col25, _col35, _col37, _col39, _col41, _col42, _col47, _col50
                            input vertices:
                              0 Map 25
                            Statistics: Num rows: 968000 Data size: 353320014 Basic stats: COMPLETE Column stats: NONE
                            HybridGraceHashJoin: &lt;span class=&quot;code-keyword&quot;&gt;true&lt;/span&gt;
                            Select Operator
                              expressions: _col1 (type: string), _col18 (type: &lt;span class=&quot;code-object&quot;&gt;int&lt;/span&gt;), _col2 (type: string), _col23 (type: &lt;span class=&quot;code-object&quot;&gt;float&lt;/span&gt;), _col24 (type: &lt;span class=&quot;code-object&quot;&gt;float&lt;/span&gt;), _col25 (type: &lt;span class=&quot;code-object&quot;&gt;float&lt;/span&gt;), _col3 (type: string), _col35 (type: &lt;span class=&quot;code-object&quot;&gt;int&lt;/span&gt;), _col37 (type: &lt;span class=&quot;code-object&quot;&gt;int&lt;/span&gt;), _col39 (type: &lt;span class=&quot;code-object&quot;&gt;int&lt;/span&gt;), _col4 (type: string), _col41 (type: string), _col42 (type: string), _col47 (type: &lt;span class=&quot;code-object&quot;&gt;int&lt;/span&gt;), _col50 (type: string), _col6 (type: string), _col7 (type: string), _col8 (type: string), _col9 (type: string)
                              outputColumnNames: _col1, _col18, _col2, _col23, _col24, _col25, _col3, _col35, _col37, _col39, _col4, _col41, _col42, _col47, _col50, _col6, _col7, _col8, _col9
                              Statistics: Num rows: 968000 Data size: 353320014 Basic stats: COMPLETE Column stats: NONE
                              Map Join Operator
                                condition map:
                                     Inner Join 0 to 1
                                keys:
                                  0 _col0 (type: &lt;span class=&quot;code-object&quot;&gt;int&lt;/span&gt;)
                                  1 _col18 (type: &lt;span class=&quot;code-object&quot;&gt;int&lt;/span&gt;)
                                outputColumnNames: _col4, _col5, _col6, _col7, _col9, _col10, _col11, _col12, _col26, _col27, _col28, _col38, _col40, _col42, _col44, _col45, _col50, _col53
                                input vertices:
                                  0 Map 23
                                Statistics: Num rows: 1064800 Data size: 388652023 Basic stats: COMPLETE Column stats: NONE
                                HybridGraceHashJoin: &lt;span class=&quot;code-keyword&quot;&gt;true&lt;/span&gt;
                                Select Operator
                                  expressions: _col53 (type: string), _col50 (type: &lt;span class=&quot;code-object&quot;&gt;int&lt;/span&gt;), _col44 (type: string), _col45 (type: string), _col9 (type: string), _col10 (type: string), _col11 (type: string), _col12 (type: string), _col4 (type: string), _col5 (type: string), _col6 (type: string), _col7 (type: string), _col38 (type: &lt;span class=&quot;code-object&quot;&gt;int&lt;/span&gt;), _col40 (type: &lt;span class=&quot;code-object&quot;&gt;int&lt;/span&gt;), _col42 (type: &lt;span class=&quot;code-object&quot;&gt;int&lt;/span&gt;), _col26 (type: &lt;span class=&quot;code-object&quot;&gt;float&lt;/span&gt;), _col27 (type: &lt;span class=&quot;code-object&quot;&gt;float&lt;/span&gt;), _col28 (type: &lt;span class=&quot;code-object&quot;&gt;float&lt;/span&gt;)
                                  outputColumnNames: _col0, _col1, _col2, _col3, _col4, _col5, _col6, _col7, _col8, _col9, _col10, _col11, _col12, _col13, _col14, _col15, _col16, _col17
                                  Statistics: Num rows: 1064800 Data size: 388652023 Basic stats: COMPLETE Column stats: NONE
                                  Group By Operator
                                    aggregations: count(), sum(_col15), sum(_col16), sum(_col17)
                                    keys: _col0 (type: string), _col1 (type: &lt;span class=&quot;code-object&quot;&gt;int&lt;/span&gt;), _col2 (type: string), _col3 (type: string), _col4 (type: string), _col5 (type: string), _col6 (type: string), _col7 (type: string), _col8 (type: string), _col9 (type: string), _col10 (type: string), _col11 (type: string), _col12 (type: &lt;span class=&quot;code-object&quot;&gt;int&lt;/span&gt;), _col13 (type: &lt;span class=&quot;code-object&quot;&gt;int&lt;/span&gt;), _col14 (type: &lt;span class=&quot;code-object&quot;&gt;int&lt;/span&gt;)
                                    mode: hash
                                    outputColumnNames: _col0, _col1, _col2, _col3, _col4, _col5, _col6, _col7, _col8, _col9, _col10, _col11, _col12, _col13, _col14, _col15, _col16, _col17, _col18
                                    Statistics: Num rows: 1064800 Data size: 388652023 Basic stats: COMPLETE Column stats: NONE
                                    Reduce Output Operator
                                      key expressions: _col0 (type: string), _col1 (type: &lt;span class=&quot;code-object&quot;&gt;int&lt;/span&gt;), _col2 (type: string), _col3 (type: string), _col4 (type: string), _col5 (type: string), _col6 (type: string), _col7 (type: string), _col8 (type: string), _col9 (type: string), _col10 (type: string), _col11 (type: string), _col12 (type: &lt;span class=&quot;code-object&quot;&gt;int&lt;/span&gt;), _col13 (type: &lt;span class=&quot;code-object&quot;&gt;int&lt;/span&gt;), _col14 (type: &lt;span class=&quot;code-object&quot;&gt;int&lt;/span&gt;)
                                      sort order: +++++++++++++++
                                      Map-reduce partition columns: _col0 (type: string), _col1 (type: &lt;span class=&quot;code-object&quot;&gt;int&lt;/span&gt;), _col2 (type: string), _col3 (type: string), _col4 (type: string), _col5 (type: string), _col6 (type: string), _col7 (type: string), _col8 (type: string), _col9 (type: string), _col10 (type: string), _col11 (type: string), _col12 (type: &lt;span class=&quot;code-object&quot;&gt;int&lt;/span&gt;), _col13 (type: &lt;span class=&quot;code-object&quot;&gt;int&lt;/span&gt;), _col14 (type: &lt;span class=&quot;code-object&quot;&gt;int&lt;/span&gt;)
                                      Statistics: Num rows: 1064800 Data size: 388652023 Basic stats: COMPLETE Column stats: NONE
                                      value expressions: _col15 (type: bigint), _col16 (type: &lt;span class=&quot;code-object&quot;&gt;double&lt;/span&gt;), _col17 (type: &lt;span class=&quot;code-object&quot;&gt;double&lt;/span&gt;), _col18 (type: &lt;span class=&quot;code-object&quot;&gt;double&lt;/span&gt;)
            Execution mode: vectorized
        Map 28 
            Map Operator Tree:
                TableScan
                  alias: hd1
                  filterExpr: (hd_income_band_sk is not &lt;span class=&quot;code-keyword&quot;&gt;null&lt;/span&gt; and hd_demo_sk is not &lt;span class=&quot;code-keyword&quot;&gt;null&lt;/span&gt;) (type: &lt;span class=&quot;code-object&quot;&gt;boolean&lt;/span&gt;)
                  Statistics: Num rows: 7200 Data size: 770400 Basic stats: COMPLETE Column stats: COMPLETE
                  Filter Operator
                    predicate: (hd_income_band_sk is not &lt;span class=&quot;code-keyword&quot;&gt;null&lt;/span&gt; and hd_demo_sk is not &lt;span class=&quot;code-keyword&quot;&gt;null&lt;/span&gt;) (type: &lt;span class=&quot;code-object&quot;&gt;boolean&lt;/span&gt;)
                    Statistics: Num rows: 7200 Data size: 57600 Basic stats: COMPLETE Column stats: COMPLETE
                    Select Operator
                      expressions: hd_demo_sk (type: &lt;span class=&quot;code-object&quot;&gt;int&lt;/span&gt;), hd_income_band_sk (type: &lt;span class=&quot;code-object&quot;&gt;int&lt;/span&gt;)
                      outputColumnNames: _col0, _col1
                      Statistics: Num rows: 7200 Data size: 57600 Basic stats: COMPLETE Column stats: COMPLETE
                      Map Join Operator
                        condition map:
                             Inner Join 0 to 1
                        keys:
                          0 _col1 (type: &lt;span class=&quot;code-object&quot;&gt;int&lt;/span&gt;)
                          1 _col0 (type: &lt;span class=&quot;code-object&quot;&gt;int&lt;/span&gt;)
                        outputColumnNames: _col0
                        input vertices:
                          1 Map 29
                        Statistics: Num rows: 7200 Data size: 28800 Basic stats: COMPLETE Column stats: COMPLETE
                        HybridGraceHashJoin: &lt;span class=&quot;code-keyword&quot;&gt;true&lt;/span&gt;
                        Reduce Output Operator
                          key expressions: _col0 (type: &lt;span class=&quot;code-object&quot;&gt;int&lt;/span&gt;)
                          sort order: +
                          Map-reduce partition columns: _col0 (type: &lt;span class=&quot;code-object&quot;&gt;int&lt;/span&gt;)
                          Statistics: Num rows: 7200 Data size: 28800 Basic stats: COMPLETE Column stats: COMPLETE
            Execution mode: vectorized
        Map 29 
            Map Operator Tree:
                TableScan
                  alias: ib1
                  filterExpr: ib_income_band_sk is not &lt;span class=&quot;code-keyword&quot;&gt;null&lt;/span&gt; (type: &lt;span class=&quot;code-object&quot;&gt;boolean&lt;/span&gt;)
                  Statistics: Num rows: 20 Data size: 240 Basic stats: COMPLETE Column stats: COMPLETE
                  Filter Operator
                    predicate: ib_income_band_sk is not &lt;span class=&quot;code-keyword&quot;&gt;null&lt;/span&gt; (type: &lt;span class=&quot;code-object&quot;&gt;boolean&lt;/span&gt;)
                    Statistics: Num rows: 20 Data size: 80 Basic stats: COMPLETE Column stats: COMPLETE
                    Select Operator
                      expressions: ib_income_band_sk (type: &lt;span class=&quot;code-object&quot;&gt;int&lt;/span&gt;)
                      outputColumnNames: _col0
                      Statistics: Num rows: 20 Data size: 80 Basic stats: COMPLETE Column stats: COMPLETE
                      Reduce Output Operator
                        key expressions: _col0 (type: &lt;span class=&quot;code-object&quot;&gt;int&lt;/span&gt;)
                        sort order: +
                        Map-reduce partition columns: _col0 (type: &lt;span class=&quot;code-object&quot;&gt;int&lt;/span&gt;)
                        Statistics: Num rows: 20 Data size: 80 Basic stats: COMPLETE Column stats: COMPLETE
            Execution mode: vectorized
        Map 3 
            Map Operator Tree:
                TableScan
                  alias: ad1
                  filterExpr: ca_address_sk is not &lt;span class=&quot;code-keyword&quot;&gt;null&lt;/span&gt; (type: &lt;span class=&quot;code-object&quot;&gt;boolean&lt;/span&gt;)
                  Statistics: Num rows: 800000 Data size: 811903688 Basic stats: COMPLETE Column stats: COMPLETE
                  Filter Operator
                    predicate: ca_address_sk is not &lt;span class=&quot;code-keyword&quot;&gt;null&lt;/span&gt; (type: &lt;span class=&quot;code-object&quot;&gt;boolean&lt;/span&gt;)
                    Statistics: Num rows: 800000 Data size: 292000000 Basic stats: COMPLETE Column stats: COMPLETE
                    Select Operator
                      expressions: ca_address_sk (type: &lt;span class=&quot;code-object&quot;&gt;int&lt;/span&gt;), ca_street_number (type: string), ca_street_name (type: string), ca_city (type: string), ca_zip (type: string)
                      outputColumnNames: _col0, _col1, _col2, _col3, _col4
                      Statistics: Num rows: 800000 Data size: 292000000 Basic stats: COMPLETE Column stats: COMPLETE
                      Reduce Output Operator
                        key expressions: _col0 (type: &lt;span class=&quot;code-object&quot;&gt;int&lt;/span&gt;)
                        sort order: +
                        Map-reduce partition columns: _col0 (type: &lt;span class=&quot;code-object&quot;&gt;int&lt;/span&gt;)
                        Statistics: Num rows: 800000 Data size: 292000000 Basic stats: COMPLETE Column stats: COMPLETE
                        value expressions: _col1 (type: string), _col2 (type: string), _col3 (type: string), _col4 (type: string)
            Execution mode: vectorized
        Map 30 
            Map Operator Tree:
                TableScan
                  alias: promotion
                  filterExpr: p_promo_sk is not &lt;span class=&quot;code-keyword&quot;&gt;null&lt;/span&gt; (type: &lt;span class=&quot;code-object&quot;&gt;boolean&lt;/span&gt;)
                  Statistics: Num rows: 450 Data size: 530848 Basic stats: COMPLETE Column stats: COMPLETE
                  Filter Operator
                    predicate: p_promo_sk is not &lt;span class=&quot;code-keyword&quot;&gt;null&lt;/span&gt; (type: &lt;span class=&quot;code-object&quot;&gt;boolean&lt;/span&gt;)
                    Statistics: Num rows: 450 Data size: 1800 Basic stats: COMPLETE Column stats: COMPLETE
                    Select Operator
                      expressions: p_promo_sk (type: &lt;span class=&quot;code-object&quot;&gt;int&lt;/span&gt;)
                      outputColumnNames: _col0
                      Statistics: Num rows: 450 Data size: 1800 Basic stats: COMPLETE Column stats: COMPLETE
                      Reduce Output Operator
                        key expressions: _col0 (type: &lt;span class=&quot;code-object&quot;&gt;int&lt;/span&gt;)
                        sort order: +
                        Map-reduce partition columns: _col0 (type: &lt;span class=&quot;code-object&quot;&gt;int&lt;/span&gt;)
                        Statistics: Num rows: 450 Data size: 1800 Basic stats: COMPLETE Column stats: COMPLETE
            Execution mode: vectorized
        Map 31 
            Map Operator Tree:
                TableScan
                  alias: cd1
                  filterExpr: cd_demo_sk is not &lt;span class=&quot;code-keyword&quot;&gt;null&lt;/span&gt; (type: &lt;span class=&quot;code-object&quot;&gt;boolean&lt;/span&gt;)
                  Statistics: Num rows: 1920800 Data size: 718379200 Basic stats: COMPLETE Column stats: COMPLETE
                  Filter Operator
                    predicate: cd_demo_sk is not &lt;span class=&quot;code-keyword&quot;&gt;null&lt;/span&gt; (type: &lt;span class=&quot;code-object&quot;&gt;boolean&lt;/span&gt;)
                    Statistics: Num rows: 1920800 Data size: 170951200 Basic stats: COMPLETE Column stats: COMPLETE
                    Select Operator
                      expressions: cd_demo_sk (type: &lt;span class=&quot;code-object&quot;&gt;int&lt;/span&gt;), cd_marital_status (type: string)
                      outputColumnNames: _col0, _col1
                      Statistics: Num rows: 1920800 Data size: 170951200 Basic stats: COMPLETE Column stats: COMPLETE
                      Map Join Operator
                        condition map:
                             Inner Join 0 to 1
                        keys:
                          0 _col0 (type: &lt;span class=&quot;code-object&quot;&gt;int&lt;/span&gt;)
                          1 _col1 (type: &lt;span class=&quot;code-object&quot;&gt;int&lt;/span&gt;)
                        outputColumnNames: _col1, _col2, _col4, _col5, _col6, _col7
                        input vertices:
                          1 Map 32
                        Statistics: Num rows: 1387730 Data size: 145711650 Basic stats: COMPLETE Column stats: COMPLETE
                        HybridGraceHashJoin: &lt;span class=&quot;code-keyword&quot;&gt;true&lt;/span&gt;
                        Map Join Operator
                          condition map:
                               Inner Join 0 to 1
                          keys:
                            0 _col7 (type: &lt;span class=&quot;code-object&quot;&gt;int&lt;/span&gt;)
                            1 _col0 (type: &lt;span class=&quot;code-object&quot;&gt;int&lt;/span&gt;)
                          outputColumnNames: _col1, _col2, _col4, _col5, _col6, _col9
                          input vertices:
                            1 Map 33
                          Statistics: Num rows: 1387730 Data size: 145711650 Basic stats: COMPLETE Column stats: COMPLETE
                          HybridGraceHashJoin: &lt;span class=&quot;code-keyword&quot;&gt;true&lt;/span&gt;
                          Map Join Operator
                            condition map:
                                 Inner Join 0 to 1
                            keys:
                              0 _col6 (type: &lt;span class=&quot;code-object&quot;&gt;int&lt;/span&gt;)
                              1 _col0 (type: &lt;span class=&quot;code-object&quot;&gt;int&lt;/span&gt;)
                            outputColumnNames: _col1, _col2, _col4, _col5, _col9, _col11
                            input vertices:
                              1 Map 34
                            Statistics: Num rows: 1387730 Data size: 145711650 Basic stats: COMPLETE Column stats: COMPLETE
                            HybridGraceHashJoin: &lt;span class=&quot;code-keyword&quot;&gt;true&lt;/span&gt;
                            Map Join Operator
                              condition map:
                                   Inner Join 0 to 1
                              keys:
                                0 _col2 (type: &lt;span class=&quot;code-object&quot;&gt;int&lt;/span&gt;)
                                1 _col4 (type: &lt;span class=&quot;code-object&quot;&gt;int&lt;/span&gt;)
                              outputColumnNames: _col1, _col4, _col5, _col9, _col11, _col13, _col15, _col18, _col19, _col21, _col23, _col24, _col25, _col29, _col31, _col32
                              input vertices:
                                1 Map 39
                              Statistics: Num rows: 68 Data size: 26860 Basic stats: COMPLETE Column stats: COMPLETE
                              HybridGraceHashJoin: &lt;span class=&quot;code-keyword&quot;&gt;true&lt;/span&gt;
                              Filter Operator
                                predicate: (_col13 &amp;lt;&amp;gt; _col1) (type: &lt;span class=&quot;code-object&quot;&gt;boolean&lt;/span&gt;)
                                Statistics: Num rows: 68 Data size: 26860 Basic stats: COMPLETE Column stats: COMPLETE
                                Select Operator
                                  expressions: _col15 (type: &lt;span class=&quot;code-object&quot;&gt;int&lt;/span&gt;), _col24 (type: &lt;span class=&quot;code-object&quot;&gt;float&lt;/span&gt;), _col25 (type: &lt;span class=&quot;code-object&quot;&gt;float&lt;/span&gt;), _col4 (type: &lt;span class=&quot;code-object&quot;&gt;int&lt;/span&gt;), _col5 (type: &lt;span class=&quot;code-object&quot;&gt;int&lt;/span&gt;), _col29 (type: &lt;span class=&quot;code-object&quot;&gt;int&lt;/span&gt;), _col9 (type: &lt;span class=&quot;code-object&quot;&gt;int&lt;/span&gt;), _col11 (type: &lt;span class=&quot;code-object&quot;&gt;int&lt;/span&gt;), _col31 (type: string), _col32 (type: string), _col18 (type: &lt;span class=&quot;code-object&quot;&gt;int&lt;/span&gt;), _col19 (type: &lt;span class=&quot;code-object&quot;&gt;int&lt;/span&gt;), _col21 (type: &lt;span class=&quot;code-object&quot;&gt;int&lt;/span&gt;), _col23 (type: &lt;span class=&quot;code-object&quot;&gt;float&lt;/span&gt;)
                                  outputColumnNames: _col1, _col10, _col11, _col16, _col17, _col21, _col23, _col25, _col27, _col28, _col4, _col5, _col7, _col9
                                  Statistics: Num rows: 68 Data size: 15300 Basic stats: COMPLETE Column stats: COMPLETE
                                  Reduce Output Operator
                                    key expressions: _col1 (type: &lt;span class=&quot;code-object&quot;&gt;int&lt;/span&gt;)
                                    sort order: +
                                    Map-reduce partition columns: _col1 (type: &lt;span class=&quot;code-object&quot;&gt;int&lt;/span&gt;)
                                    Statistics: Num rows: 68 Data size: 15300 Basic stats: COMPLETE Column stats: COMPLETE
                                    value expressions: _col4 (type: &lt;span class=&quot;code-object&quot;&gt;int&lt;/span&gt;), _col5 (type: &lt;span class=&quot;code-object&quot;&gt;int&lt;/span&gt;), _col7 (type: &lt;span class=&quot;code-object&quot;&gt;int&lt;/span&gt;), _col9 (type: &lt;span class=&quot;code-object&quot;&gt;float&lt;/span&gt;), _col10 (type: &lt;span class=&quot;code-object&quot;&gt;float&lt;/span&gt;), _col11 (type: &lt;span class=&quot;code-object&quot;&gt;float&lt;/span&gt;), _col16 (type: &lt;span class=&quot;code-object&quot;&gt;int&lt;/span&gt;), _col17 (type: &lt;span class=&quot;code-object&quot;&gt;int&lt;/span&gt;), _col21 (type: &lt;span class=&quot;code-object&quot;&gt;int&lt;/span&gt;), _col23 (type: &lt;span class=&quot;code-object&quot;&gt;int&lt;/span&gt;), _col25 (type: &lt;span class=&quot;code-object&quot;&gt;int&lt;/span&gt;), _col27 (type: string), _col28 (type: string)
            Execution mode: vectorized
        Map 32 
            Map Operator Tree:
                TableScan
                  alias: customer
                  filterExpr: (((((c_current_cdemo_sk is not &lt;span class=&quot;code-keyword&quot;&gt;null&lt;/span&gt; and c_first_sales_date_sk is not &lt;span class=&quot;code-keyword&quot;&gt;null&lt;/span&gt;) and c_first_shipto_date_sk is not &lt;span class=&quot;code-keyword&quot;&gt;null&lt;/span&gt;) and c_customer_sk is not &lt;span class=&quot;code-keyword&quot;&gt;null&lt;/span&gt;) and c_current_hdemo_sk is not &lt;span class=&quot;code-keyword&quot;&gt;null&lt;/span&gt;) and c_current_addr_sk is not &lt;span class=&quot;code-keyword&quot;&gt;null&lt;/span&gt;) (type: &lt;span class=&quot;code-object&quot;&gt;boolean&lt;/span&gt;)
                  Statistics: Num rows: 1600000 Data size: 1241633212 Basic stats: COMPLETE Column stats: COMPLETE
                  Filter Operator
                    predicate: (((((c_current_cdemo_sk is not &lt;span class=&quot;code-keyword&quot;&gt;null&lt;/span&gt; and c_first_sales_date_sk is not &lt;span class=&quot;code-keyword&quot;&gt;null&lt;/span&gt;) and c_first_shipto_date_sk is not &lt;span class=&quot;code-keyword&quot;&gt;null&lt;/span&gt;) and c_customer_sk is not &lt;span class=&quot;code-keyword&quot;&gt;null&lt;/span&gt;) and c_current_hdemo_sk is not &lt;span class=&quot;code-keyword&quot;&gt;null&lt;/span&gt;) and c_current_addr_sk is not &lt;span class=&quot;code-keyword&quot;&gt;null&lt;/span&gt;) (type: &lt;span class=&quot;code-object&quot;&gt;boolean&lt;/span&gt;)
                    Statistics: Num rows: 1387730 Data size: 32529324 Basic stats: COMPLETE Column stats: COMPLETE
                    Select Operator
                      expressions: c_customer_sk (type: &lt;span class=&quot;code-object&quot;&gt;int&lt;/span&gt;), c_current_cdemo_sk (type: &lt;span class=&quot;code-object&quot;&gt;int&lt;/span&gt;), c_current_hdemo_sk (type: &lt;span class=&quot;code-object&quot;&gt;int&lt;/span&gt;), c_current_addr_sk (type: &lt;span class=&quot;code-object&quot;&gt;int&lt;/span&gt;), c_first_shipto_date_sk (type: &lt;span class=&quot;code-object&quot;&gt;int&lt;/span&gt;), c_first_sales_date_sk (type: &lt;span class=&quot;code-object&quot;&gt;int&lt;/span&gt;)
                      outputColumnNames: _col0, _col1, _col2, _col3, _col4, _col5
                      Statistics: Num rows: 1387730 Data size: 32529324 Basic stats: COMPLETE Column stats: COMPLETE
                      Reduce Output Operator
                        key expressions: _col1 (type: &lt;span class=&quot;code-object&quot;&gt;int&lt;/span&gt;)
                        sort order: +
                        Map-reduce partition columns: _col1 (type: &lt;span class=&quot;code-object&quot;&gt;int&lt;/span&gt;)
                        Statistics: Num rows: 1387730 Data size: 32529324 Basic stats: COMPLETE Column stats: COMPLETE
                        value expressions: _col0 (type: &lt;span class=&quot;code-object&quot;&gt;int&lt;/span&gt;), _col2 (type: &lt;span class=&quot;code-object&quot;&gt;int&lt;/span&gt;), _col3 (type: &lt;span class=&quot;code-object&quot;&gt;int&lt;/span&gt;), _col4 (type: &lt;span class=&quot;code-object&quot;&gt;int&lt;/span&gt;), _col5 (type: &lt;span class=&quot;code-object&quot;&gt;int&lt;/span&gt;)
            Execution mode: vectorized
        Map 33 
            Map Operator Tree:
                TableScan
                  alias: d1
                  filterExpr: d_date_sk is not &lt;span class=&quot;code-keyword&quot;&gt;null&lt;/span&gt; (type: &lt;span class=&quot;code-object&quot;&gt;boolean&lt;/span&gt;)
                  Statistics: Num rows: 73049 Data size: 81741831 Basic stats: COMPLETE Column stats: COMPLETE
                  Filter Operator
                    predicate: d_date_sk is not &lt;span class=&quot;code-keyword&quot;&gt;null&lt;/span&gt; (type: &lt;span class=&quot;code-object&quot;&gt;boolean&lt;/span&gt;)
                    Statistics: Num rows: 73049 Data size: 584392 Basic stats: COMPLETE Column stats: COMPLETE
                    Select Operator
                      expressions: d_date_sk (type: &lt;span class=&quot;code-object&quot;&gt;int&lt;/span&gt;), d_year (type: &lt;span class=&quot;code-object&quot;&gt;int&lt;/span&gt;)
                      outputColumnNames: _col0, _col1
                      Statistics: Num rows: 73049 Data size: 584392 Basic stats: COMPLETE Column stats: COMPLETE
                      Reduce Output Operator
                        key expressions: _col0 (type: &lt;span class=&quot;code-object&quot;&gt;int&lt;/span&gt;)
                        sort order: +
                        Map-reduce partition columns: _col0 (type: &lt;span class=&quot;code-object&quot;&gt;int&lt;/span&gt;)
                        Statistics: Num rows: 73049 Data size: 584392 Basic stats: COMPLETE Column stats: COMPLETE
                        value expressions: _col1 (type: &lt;span class=&quot;code-object&quot;&gt;int&lt;/span&gt;)
            Execution mode: vectorized
        Map 34 
            Map Operator Tree:
                TableScan
                  alias: d1
                  filterExpr: d_date_sk is not &lt;span class=&quot;code-keyword&quot;&gt;null&lt;/span&gt; (type: &lt;span class=&quot;code-object&quot;&gt;boolean&lt;/span&gt;)
                  Statistics: Num rows: 73049 Data size: 81741831 Basic stats: COMPLETE Column stats: COMPLETE
                  Filter Operator
                    predicate: d_date_sk is not &lt;span class=&quot;code-keyword&quot;&gt;null&lt;/span&gt; (type: &lt;span class=&quot;code-object&quot;&gt;boolean&lt;/span&gt;)
                    Statistics: Num rows: 73049 Data size: 584392 Basic stats: COMPLETE Column stats: COMPLETE
                    Select Operator
                      expressions: d_date_sk (type: &lt;span class=&quot;code-object&quot;&gt;int&lt;/span&gt;), d_year (type: &lt;span class=&quot;code-object&quot;&gt;int&lt;/span&gt;)
                      outputColumnNames: _col0, _col1
                      Statistics: Num rows: 73049 Data size: 584392 Basic stats: COMPLETE Column stats: COMPLETE
                      Reduce Output Operator
                        key expressions: _col0 (type: &lt;span class=&quot;code-object&quot;&gt;int&lt;/span&gt;)
                        sort order: +
                        Map-reduce partition columns: _col0 (type: &lt;span class=&quot;code-object&quot;&gt;int&lt;/span&gt;)
                        Statistics: Num rows: 73049 Data size: 584392 Basic stats: COMPLETE Column stats: COMPLETE
                        value expressions: _col1 (type: &lt;span class=&quot;code-object&quot;&gt;int&lt;/span&gt;)
            Execution mode: vectorized
        Map 35 
            Map Operator Tree:
                TableScan
                  alias: cd1
                  filterExpr: cd_demo_sk is not &lt;span class=&quot;code-keyword&quot;&gt;null&lt;/span&gt; (type: &lt;span class=&quot;code-object&quot;&gt;boolean&lt;/span&gt;)
                  Statistics: Num rows: 1920800 Data size: 718379200 Basic stats: COMPLETE Column stats: COMPLETE
                  Filter Operator
                    predicate: cd_demo_sk is not &lt;span class=&quot;code-keyword&quot;&gt;null&lt;/span&gt; (type: &lt;span class=&quot;code-object&quot;&gt;boolean&lt;/span&gt;)
                    Statistics: Num rows: 1920800 Data size: 170951200 Basic stats: COMPLETE Column stats: COMPLETE
                    Select Operator
                      expressions: cd_demo_sk (type: &lt;span class=&quot;code-object&quot;&gt;int&lt;/span&gt;), cd_marital_status (type: string)
                      outputColumnNames: _col0, _col1
                      Statistics: Num rows: 1920800 Data size: 170951200 Basic stats: COMPLETE Column stats: COMPLETE
                      Map Join Operator
                        condition map:
                             Inner Join 0 to 1
                        keys:
                          0 _col0 (type: &lt;span class=&quot;code-object&quot;&gt;int&lt;/span&gt;)
                          1 _col3 (type: &lt;span class=&quot;code-object&quot;&gt;int&lt;/span&gt;)
                        outputColumnNames: _col1, _col3, _col4, _col6, _col7, _col8, _col9, _col11, _col12, _col13, _col17
                        input vertices:
                          1 Map 36
                        Statistics: Num rows: 78 Data size: 9750 Basic stats: COMPLETE Column stats: COMPLETE
                        HybridGraceHashJoin: &lt;span class=&quot;code-keyword&quot;&gt;true&lt;/span&gt;
                        Reduce Output Operator
                          key expressions: _col8 (type: &lt;span class=&quot;code-object&quot;&gt;int&lt;/span&gt;)
                          sort order: +
                          Map-reduce partition columns: _col8 (type: &lt;span class=&quot;code-object&quot;&gt;int&lt;/span&gt;)
                          Statistics: Num rows: 78 Data size: 9750 Basic stats: COMPLETE Column stats: COMPLETE
                          value expressions: _col1 (type: string), _col3 (type: &lt;span class=&quot;code-object&quot;&gt;int&lt;/span&gt;), _col4 (type: &lt;span class=&quot;code-object&quot;&gt;int&lt;/span&gt;), _col6 (type: &lt;span class=&quot;code-object&quot;&gt;int&lt;/span&gt;), _col7 (type: &lt;span class=&quot;code-object&quot;&gt;int&lt;/span&gt;), _col9 (type: &lt;span class=&quot;code-object&quot;&gt;int&lt;/span&gt;), _col11 (type: &lt;span class=&quot;code-object&quot;&gt;float&lt;/span&gt;), _col12 (type: &lt;span class=&quot;code-object&quot;&gt;float&lt;/span&gt;), _col13 (type: &lt;span class=&quot;code-object&quot;&gt;float&lt;/span&gt;), _col17 (type: &lt;span class=&quot;code-object&quot;&gt;int&lt;/span&gt;)
            Execution mode: vectorized
        Map 36 
            Map Operator Tree:
                TableScan
                  alias: store_sales
                  filterExpr: ((((((((ss_item_sk is not &lt;span class=&quot;code-keyword&quot;&gt;null&lt;/span&gt; and ss_ticket_number is not &lt;span class=&quot;code-keyword&quot;&gt;null&lt;/span&gt;) and ss_sold_date_sk is not &lt;span class=&quot;code-keyword&quot;&gt;null&lt;/span&gt;) and ss_cdemo_sk is not &lt;span class=&quot;code-keyword&quot;&gt;null&lt;/span&gt;) and ss_store_sk is not &lt;span class=&quot;code-keyword&quot;&gt;null&lt;/span&gt;) and ss_customer_sk is not &lt;span class=&quot;code-keyword&quot;&gt;null&lt;/span&gt;) and ss_promo_sk is not &lt;span class=&quot;code-keyword&quot;&gt;null&lt;/span&gt;) and ss_addr_sk is not &lt;span class=&quot;code-keyword&quot;&gt;null&lt;/span&gt;) and ss_hdemo_sk is not &lt;span class=&quot;code-keyword&quot;&gt;null&lt;/span&gt;) (type: &lt;span class=&quot;code-object&quot;&gt;boolean&lt;/span&gt;)
                  Statistics: Num rows: 550076554 Data size: 101277521188 Basic stats: COMPLETE Column stats: COMPLETE
                  Filter Operator
                    predicate: ((((((((ss_item_sk is not &lt;span class=&quot;code-keyword&quot;&gt;null&lt;/span&gt; and ss_ticket_number is not &lt;span class=&quot;code-keyword&quot;&gt;null&lt;/span&gt;) and ss_sold_date_sk is not &lt;span class=&quot;code-keyword&quot;&gt;null&lt;/span&gt;) and ss_cdemo_sk is not &lt;span class=&quot;code-keyword&quot;&gt;null&lt;/span&gt;) and ss_store_sk is not &lt;span class=&quot;code-keyword&quot;&gt;null&lt;/span&gt;) and ss_customer_sk is not &lt;span class=&quot;code-keyword&quot;&gt;null&lt;/span&gt;) and ss_promo_sk is not &lt;span class=&quot;code-keyword&quot;&gt;null&lt;/span&gt;) and ss_addr_sk is not &lt;span class=&quot;code-keyword&quot;&gt;null&lt;/span&gt;) and ss_hdemo_sk is not &lt;span class=&quot;code-keyword&quot;&gt;null&lt;/span&gt;) (type: &lt;span class=&quot;code-object&quot;&gt;boolean&lt;/span&gt;)
                    Statistics: Num rows: 476766968 Data size: 22480476572 Basic stats: COMPLETE Column stats: COMPLETE
                    Select Operator
                      expressions: ss_sold_date_sk (type: &lt;span class=&quot;code-object&quot;&gt;int&lt;/span&gt;), ss_item_sk (type: &lt;span class=&quot;code-object&quot;&gt;int&lt;/span&gt;), ss_customer_sk (type: &lt;span class=&quot;code-object&quot;&gt;int&lt;/span&gt;), ss_cdemo_sk (type: &lt;span class=&quot;code-object&quot;&gt;int&lt;/span&gt;), ss_hdemo_sk (type: &lt;span class=&quot;code-object&quot;&gt;int&lt;/span&gt;), ss_addr_sk (type: &lt;span class=&quot;code-object&quot;&gt;int&lt;/span&gt;), ss_store_sk (type: &lt;span class=&quot;code-object&quot;&gt;int&lt;/span&gt;), ss_promo_sk (type: &lt;span class=&quot;code-object&quot;&gt;int&lt;/span&gt;), ss_ticket_number (type: &lt;span class=&quot;code-object&quot;&gt;int&lt;/span&gt;), ss_wholesale_cost (type: &lt;span class=&quot;code-object&quot;&gt;float&lt;/span&gt;), ss_list_price (type: &lt;span class=&quot;code-object&quot;&gt;float&lt;/span&gt;), ss_coupon_amt (type: &lt;span class=&quot;code-object&quot;&gt;float&lt;/span&gt;)
                      outputColumnNames: _col0, _col1, _col2, _col3, _col4, _col5, _col6, _col7, _col8, _col9, _col10, _col11
                      Statistics: Num rows: 476766968 Data size: 22480476572 Basic stats: COMPLETE Column stats: COMPLETE
                      Map Join Operator
                        condition map:
                             Inner Join 0 to 1
                        keys:
                          0 _col1 (type: &lt;span class=&quot;code-object&quot;&gt;int&lt;/span&gt;), _col8 (type: &lt;span class=&quot;code-object&quot;&gt;int&lt;/span&gt;)
                          1 _col0 (type: &lt;span class=&quot;code-object&quot;&gt;int&lt;/span&gt;), _col1 (type: &lt;span class=&quot;code-object&quot;&gt;int&lt;/span&gt;)
                        outputColumnNames: _col0, _col1, _col2, _col3, _col4, _col5, _col6, _col7, _col9, _col10, _col11
                        input vertices:
                          1 Map 37
                        Statistics: Num rows: 8686 Data size: 382184 Basic stats: COMPLETE Column stats: COMPLETE
                        HybridGraceHashJoin: &lt;span class=&quot;code-keyword&quot;&gt;true&lt;/span&gt;
                        Map Join Operator
                          condition map:
                               Inner Join 0 to 1
                          keys:
                            0 _col0 (type: &lt;span class=&quot;code-object&quot;&gt;int&lt;/span&gt;)
                            1 _col0 (type: &lt;span class=&quot;code-object&quot;&gt;int&lt;/span&gt;)
                          outputColumnNames: _col1, _col2, _col3, _col4, _col5, _col6, _col7, _col9, _col10, _col11
                          input vertices:
                            1 Map 38
                          Statistics: Num rows: 78 Data size: 3120 Basic stats: COMPLETE Column stats: COMPLETE
                          HybridGraceHashJoin: &lt;span class=&quot;code-keyword&quot;&gt;true&lt;/span&gt;
                          Select Operator
                            expressions: _col1 (type: &lt;span class=&quot;code-object&quot;&gt;int&lt;/span&gt;), _col10 (type: &lt;span class=&quot;code-object&quot;&gt;float&lt;/span&gt;), _col11 (type: &lt;span class=&quot;code-object&quot;&gt;float&lt;/span&gt;), 2001 (type: &lt;span class=&quot;code-object&quot;&gt;int&lt;/span&gt;), _col2 (type: &lt;span class=&quot;code-object&quot;&gt;int&lt;/span&gt;), _col3 (type: &lt;span class=&quot;code-object&quot;&gt;int&lt;/span&gt;), _col4 (type: &lt;span class=&quot;code-object&quot;&gt;int&lt;/span&gt;), _col5 (type: &lt;span class=&quot;code-object&quot;&gt;int&lt;/span&gt;), _col6 (type: &lt;span class=&quot;code-object&quot;&gt;int&lt;/span&gt;), _col7 (type: &lt;span class=&quot;code-object&quot;&gt;int&lt;/span&gt;), _col9 (type: &lt;span class=&quot;code-object&quot;&gt;float&lt;/span&gt;)
                            outputColumnNames: _col1, _col10, _col11, _col15, _col2, _col3, _col4, _col5, _col6, _col7, _col9
                            Statistics: Num rows: 78 Data size: 3432 Basic stats: COMPLETE Column stats: COMPLETE
                            Reduce Output Operator
                              key expressions: _col3 (type: &lt;span class=&quot;code-object&quot;&gt;int&lt;/span&gt;)
                              sort order: +
                              Map-reduce partition columns: _col3 (type: &lt;span class=&quot;code-object&quot;&gt;int&lt;/span&gt;)
                              Statistics: Num rows: 78 Data size: 3432 Basic stats: COMPLETE Column stats: COMPLETE
                              value expressions: _col1 (type: &lt;span class=&quot;code-object&quot;&gt;int&lt;/span&gt;), _col2 (type: &lt;span class=&quot;code-object&quot;&gt;int&lt;/span&gt;), _col4 (type: &lt;span class=&quot;code-object&quot;&gt;int&lt;/span&gt;), _col5 (type: &lt;span class=&quot;code-object&quot;&gt;int&lt;/span&gt;), _col6 (type: &lt;span class=&quot;code-object&quot;&gt;int&lt;/span&gt;), _col7 (type: &lt;span class=&quot;code-object&quot;&gt;int&lt;/span&gt;), _col9 (type: &lt;span class=&quot;code-object&quot;&gt;float&lt;/span&gt;), _col10 (type: &lt;span class=&quot;code-object&quot;&gt;float&lt;/span&gt;), _col11 (type: &lt;span class=&quot;code-object&quot;&gt;float&lt;/span&gt;), _col15 (type: &lt;span class=&quot;code-object&quot;&gt;int&lt;/span&gt;)
            Execution mode: vectorized
        Map 37 
            Map Operator Tree:
                TableScan
                  alias: store_returns
                  filterExpr: (sr_item_sk is not &lt;span class=&quot;code-keyword&quot;&gt;null&lt;/span&gt; and sr_ticket_number is not &lt;span class=&quot;code-keyword&quot;&gt;null&lt;/span&gt;) (type: &lt;span class=&quot;code-object&quot;&gt;boolean&lt;/span&gt;)
                  Statistics: Num rows: 55578005 Data size: 9601960106 Basic stats: COMPLETE Column stats: COMPLETE
                  Filter Operator
                    predicate: (sr_item_sk is not &lt;span class=&quot;code-keyword&quot;&gt;null&lt;/span&gt; and sr_ticket_number is not &lt;span class=&quot;code-keyword&quot;&gt;null&lt;/span&gt;) (type: &lt;span class=&quot;code-object&quot;&gt;boolean&lt;/span&gt;)
                    Statistics: Num rows: 55578005 Data size: 444624040 Basic stats: COMPLETE Column stats: COMPLETE
                    Select Operator
                      expressions: sr_item_sk (type: &lt;span class=&quot;code-object&quot;&gt;int&lt;/span&gt;), sr_ticket_number (type: &lt;span class=&quot;code-object&quot;&gt;int&lt;/span&gt;)
                      outputColumnNames: _col0, _col1
                      Statistics: Num rows: 55578005 Data size: 444624040 Basic stats: COMPLETE Column stats: COMPLETE
                      Reduce Output Operator
                        key expressions: _col0 (type: &lt;span class=&quot;code-object&quot;&gt;int&lt;/span&gt;), _col1 (type: &lt;span class=&quot;code-object&quot;&gt;int&lt;/span&gt;)
                        sort order: ++
                        Map-reduce partition columns: _col0 (type: &lt;span class=&quot;code-object&quot;&gt;int&lt;/span&gt;), _col1 (type: &lt;span class=&quot;code-object&quot;&gt;int&lt;/span&gt;)
                        Statistics: Num rows: 55578005 Data size: 444624040 Basic stats: COMPLETE Column stats: COMPLETE
            Execution mode: vectorized
        Map 38 
            Map Operator Tree:
                TableScan
                  alias: d1
                  filterExpr: ((d_year = 2001) and d_date_sk is not &lt;span class=&quot;code-keyword&quot;&gt;null&lt;/span&gt;) (type: &lt;span class=&quot;code-object&quot;&gt;boolean&lt;/span&gt;)
                  Statistics: Num rows: 73049 Data size: 81741831 Basic stats: COMPLETE Column stats: COMPLETE
                  Filter Operator
                    predicate: ((d_year = 2001) and d_date_sk is not &lt;span class=&quot;code-keyword&quot;&gt;null&lt;/span&gt;) (type: &lt;span class=&quot;code-object&quot;&gt;boolean&lt;/span&gt;)
                    Statistics: Num rows: 652 Data size: 5216 Basic stats: COMPLETE Column stats: COMPLETE
                    Select Operator
                      expressions: d_date_sk (type: &lt;span class=&quot;code-object&quot;&gt;int&lt;/span&gt;)
                      outputColumnNames: _col0
                      Statistics: Num rows: 652 Data size: 2608 Basic stats: COMPLETE Column stats: COMPLETE
                      Reduce Output Operator
                        key expressions: _col0 (type: &lt;span class=&quot;code-object&quot;&gt;int&lt;/span&gt;)
                        sort order: +
                        Map-reduce partition columns: _col0 (type: &lt;span class=&quot;code-object&quot;&gt;int&lt;/span&gt;)
                        Statistics: Num rows: 652 Data size: 2608 Basic stats: COMPLETE Column stats: COMPLETE
            Execution mode: vectorized
        Map 39 
            Map Operator Tree:
                TableScan
                  alias: store
                  filterExpr: ((s_store_sk is not &lt;span class=&quot;code-keyword&quot;&gt;null&lt;/span&gt; and s_store_name is not &lt;span class=&quot;code-keyword&quot;&gt;null&lt;/span&gt;) and s_zip is not &lt;span class=&quot;code-keyword&quot;&gt;null&lt;/span&gt;) (type: &lt;span class=&quot;code-object&quot;&gt;boolean&lt;/span&gt;)
                  Statistics: Num rows: 212 Data size: 405680 Basic stats: COMPLETE Column stats: COMPLETE
                  Filter Operator
                    predicate: ((s_store_sk is not &lt;span class=&quot;code-keyword&quot;&gt;null&lt;/span&gt; and s_store_name is not &lt;span class=&quot;code-keyword&quot;&gt;null&lt;/span&gt;) and s_zip is not &lt;span class=&quot;code-keyword&quot;&gt;null&lt;/span&gt;) (type: &lt;span class=&quot;code-object&quot;&gt;boolean&lt;/span&gt;)
                    Statistics: Num rows: 212 Data size: 38372 Basic stats: COMPLETE Column stats: COMPLETE
                    Select Operator
                      expressions: s_store_sk (type: &lt;span class=&quot;code-object&quot;&gt;int&lt;/span&gt;), s_store_name (type: string), s_zip (type: string)
                      outputColumnNames: _col0, _col1, _col2
                      Statistics: Num rows: 212 Data size: 38372 Basic stats: COMPLETE Column stats: COMPLETE
                      Map Join Operator
                        condition map:
                             Inner Join 0 to 1
                        keys:
                          0 _col8 (type: &lt;span class=&quot;code-object&quot;&gt;int&lt;/span&gt;)
                          1 _col0 (type: &lt;span class=&quot;code-object&quot;&gt;int&lt;/span&gt;)
                        outputColumnNames: _col1, _col3, _col4, _col6, _col7, _col9, _col11, _col12, _col13, _col17, _col19, _col20
                        input vertices:
                          0 Map 35
                        Statistics: Num rows: 78 Data size: 23244 Basic stats: COMPLETE Column stats: COMPLETE
                        HybridGraceHashJoin: &lt;span class=&quot;code-keyword&quot;&gt;true&lt;/span&gt;
                        Select Operator
                          expressions: _col1 (type: string), _col11 (type: &lt;span class=&quot;code-object&quot;&gt;float&lt;/span&gt;), _col12 (type: &lt;span class=&quot;code-object&quot;&gt;float&lt;/span&gt;), _col13 (type: &lt;span class=&quot;code-object&quot;&gt;float&lt;/span&gt;), _col17 (type: &lt;span class=&quot;code-object&quot;&gt;int&lt;/span&gt;), _col19 (type: string), _col20 (type: string), _col3 (type: &lt;span class=&quot;code-object&quot;&gt;int&lt;/span&gt;), _col4 (type: &lt;span class=&quot;code-object&quot;&gt;int&lt;/span&gt;), _col6 (type: &lt;span class=&quot;code-object&quot;&gt;int&lt;/span&gt;), _col7 (type: &lt;span class=&quot;code-object&quot;&gt;int&lt;/span&gt;), _col9 (type: &lt;span class=&quot;code-object&quot;&gt;int&lt;/span&gt;)
                          outputColumnNames: _col1, _col11, _col12, _col13, _col17, _col19, _col20, _col3, _col4, _col6, _col7, _col9
                          Statistics: Num rows: 78 Data size: 23244 Basic stats: COMPLETE Column stats: COMPLETE
                          Reduce Output Operator
                            key expressions: _col4 (type: &lt;span class=&quot;code-object&quot;&gt;int&lt;/span&gt;)
                            sort order: +
                            Map-reduce partition columns: _col4 (type: &lt;span class=&quot;code-object&quot;&gt;int&lt;/span&gt;)
                            Statistics: Num rows: 78 Data size: 23244 Basic stats: COMPLETE Column stats: COMPLETE
                            value expressions: _col1 (type: string), _col3 (type: &lt;span class=&quot;code-object&quot;&gt;int&lt;/span&gt;), _col6 (type: &lt;span class=&quot;code-object&quot;&gt;int&lt;/span&gt;), _col7 (type: &lt;span class=&quot;code-object&quot;&gt;int&lt;/span&gt;), _col9 (type: &lt;span class=&quot;code-object&quot;&gt;int&lt;/span&gt;), _col11 (type: &lt;span class=&quot;code-object&quot;&gt;float&lt;/span&gt;), _col12 (type: &lt;span class=&quot;code-object&quot;&gt;float&lt;/span&gt;), _col13 (type: &lt;span class=&quot;code-object&quot;&gt;float&lt;/span&gt;), _col17 (type: &lt;span class=&quot;code-object&quot;&gt;int&lt;/span&gt;), _col19 (type: string), _col20 (type: string)
            Execution mode: vectorized
        Map 4 
            Map Operator Tree:
                TableScan
                  alias: ad1
                  filterExpr: ca_address_sk is not &lt;span class=&quot;code-keyword&quot;&gt;null&lt;/span&gt; (type: &lt;span class=&quot;code-object&quot;&gt;boolean&lt;/span&gt;)
                  Statistics: Num rows: 800000 Data size: 811903688 Basic stats: COMPLETE Column stats: COMPLETE
                  Filter Operator
                    predicate: ca_address_sk is not &lt;span class=&quot;code-keyword&quot;&gt;null&lt;/span&gt; (type: &lt;span class=&quot;code-object&quot;&gt;boolean&lt;/span&gt;)
                    Statistics: Num rows: 800000 Data size: 292000000 Basic stats: COMPLETE Column stats: COMPLETE
                    Select Operator
                      expressions: ca_address_sk (type: &lt;span class=&quot;code-object&quot;&gt;int&lt;/span&gt;), ca_street_number (type: string), ca_street_name (type: string), ca_city (type: string), ca_zip (type: string)
                      outputColumnNames: _col0, _col1, _col2, _col3, _col4
                      Statistics: Num rows: 800000 Data size: 292000000 Basic stats: COMPLETE Column stats: COMPLETE
                      Map Join Operator
                        condition map:
                             Inner Join 0 to 1
                        keys:
                          0 _col0 (type: &lt;span class=&quot;code-object&quot;&gt;int&lt;/span&gt;)
                          1 _col9 (type: &lt;span class=&quot;code-object&quot;&gt;int&lt;/span&gt;)
                        outputColumnNames: _col1, _col2, _col3, _col4, _col13, _col18, _col19, _col20, _col26, _col30, _col32, _col34, _col36, _col37, _col42, _col45
                        input vertices:
                          1 Map 19
                        Statistics: Num rows: 880000 Data size: 321200006 Basic stats: COMPLETE Column stats: NONE
                        HybridGraceHashJoin: &lt;span class=&quot;code-keyword&quot;&gt;true&lt;/span&gt;
                        Select Operator
                          expressions: _col1 (type: string), _col13 (type: &lt;span class=&quot;code-object&quot;&gt;int&lt;/span&gt;), _col18 (type: &lt;span class=&quot;code-object&quot;&gt;float&lt;/span&gt;), _col19 (type: &lt;span class=&quot;code-object&quot;&gt;float&lt;/span&gt;), _col2 (type: string), _col20 (type: &lt;span class=&quot;code-object&quot;&gt;float&lt;/span&gt;), _col26 (type: &lt;span class=&quot;code-object&quot;&gt;int&lt;/span&gt;), _col3 (type: string), _col30 (type: &lt;span class=&quot;code-object&quot;&gt;int&lt;/span&gt;), _col32 (type: &lt;span class=&quot;code-object&quot;&gt;int&lt;/span&gt;), _col34 (type: &lt;span class=&quot;code-object&quot;&gt;int&lt;/span&gt;), _col36 (type: string), _col37 (type: string), _col4 (type: string), _col42 (type: &lt;span class=&quot;code-object&quot;&gt;int&lt;/span&gt;), _col45 (type: string)
                          outputColumnNames: _col1, _col13, _col18, _col19, _col2, _col20, _col26, _col3, _col30, _col32, _col34, _col36, _col37, _col4, _col42, _col45
                          Statistics: Num rows: 880000 Data size: 321200006 Basic stats: COMPLETE Column stats: NONE
                          Map Join Operator
                            condition map:
                                 Inner Join 0 to 1
                            keys:
                              0 _col0 (type: &lt;span class=&quot;code-object&quot;&gt;int&lt;/span&gt;)
                              1 _col26 (type: &lt;span class=&quot;code-object&quot;&gt;int&lt;/span&gt;)
                            outputColumnNames: _col1, _col2, _col3, _col4, _col6, _col7, _col8, _col9, _col18, _col23, _col24, _col25, _col35, _col37, _col39, _col41, _col42, _col47, _col50
                            input vertices:
                              0 Map 3
                            Statistics: Num rows: 968000 Data size: 353320014 Basic stats: COMPLETE Column stats: NONE
                            HybridGraceHashJoin: &lt;span class=&quot;code-keyword&quot;&gt;true&lt;/span&gt;
                            Select Operator
                              expressions: _col1 (type: string), _col18 (type: &lt;span class=&quot;code-object&quot;&gt;int&lt;/span&gt;), _col2 (type: string), _col23 (type: &lt;span class=&quot;code-object&quot;&gt;float&lt;/span&gt;), _col24 (type: &lt;span class=&quot;code-object&quot;&gt;float&lt;/span&gt;), _col25 (type: &lt;span class=&quot;code-object&quot;&gt;float&lt;/span&gt;), _col3 (type: string), _col35 (type: &lt;span class=&quot;code-object&quot;&gt;int&lt;/span&gt;), _col37 (type: &lt;span class=&quot;code-object&quot;&gt;int&lt;/span&gt;), _col39 (type: &lt;span class=&quot;code-object&quot;&gt;int&lt;/span&gt;), _col4 (type: string), _col41 (type: string), _col42 (type: string), _col47 (type: &lt;span class=&quot;code-object&quot;&gt;int&lt;/span&gt;), _col50 (type: string), _col6 (type: string), _col7 (type: string), _col8 (type: string), _col9 (type: string)
                              outputColumnNames: _col1, _col18, _col2, _col23, _col24, _col25, _col3, _col35, _col37, _col39, _col4, _col41, _col42, _col47, _col50, _col6, _col7, _col8, _col9
                              Statistics: Num rows: 968000 Data size: 353320014 Basic stats: COMPLETE Column stats: NONE
                              Map Join Operator
                                condition map:
                                     Inner Join 0 to 1
                                keys:
                                  0 _col0 (type: &lt;span class=&quot;code-object&quot;&gt;int&lt;/span&gt;)
                                  1 _col18 (type: &lt;span class=&quot;code-object&quot;&gt;int&lt;/span&gt;)
                                outputColumnNames: _col4, _col5, _col6, _col7, _col9, _col10, _col11, _col12, _col26, _col27, _col28, _col38, _col40, _col42, _col44, _col45, _col50, _col53
                                input vertices:
                                  0 Map 1
                                Statistics: Num rows: 1064800 Data size: 388652023 Basic stats: COMPLETE Column stats: NONE
                                HybridGraceHashJoin: &lt;span class=&quot;code-keyword&quot;&gt;true&lt;/span&gt;
                                Select Operator
                                  expressions: _col53 (type: string), _col50 (type: &lt;span class=&quot;code-object&quot;&gt;int&lt;/span&gt;), _col44 (type: string), _col45 (type: string), _col9 (type: string), _col10 (type: string), _col11 (type: string), _col12 (type: string), _col4 (type: string), _col5 (type: string), _col6 (type: string), _col7 (type: string), _col38 (type: &lt;span class=&quot;code-object&quot;&gt;int&lt;/span&gt;), _col40 (type: &lt;span class=&quot;code-object&quot;&gt;int&lt;/span&gt;), _col42 (type: &lt;span class=&quot;code-object&quot;&gt;int&lt;/span&gt;), _col26 (type: &lt;span class=&quot;code-object&quot;&gt;float&lt;/span&gt;), _col27 (type: &lt;span class=&quot;code-object&quot;&gt;float&lt;/span&gt;), _col28 (type: &lt;span class=&quot;code-object&quot;&gt;float&lt;/span&gt;)
                                  outputColumnNames: _col0, _col1, _col2, _col3, _col4, _col5, _col6, _col7, _col8, _col9, _col10, _col11, _col12, _col13, _col14, _col15, _col16, _col17
                                  Statistics: Num rows: 1064800 Data size: 388652023 Basic stats: COMPLETE Column stats: NONE
                                  Group By Operator
                                    aggregations: count(), sum(_col15), sum(_col16), sum(_col17)
                                    keys: _col0 (type: string), _col1 (type: &lt;span class=&quot;code-object&quot;&gt;int&lt;/span&gt;), _col2 (type: string), _col3 (type: string), _col4 (type: string), _col5 (type: string), _col6 (type: string), _col7 (type: string), _col8 (type: string), _col9 (type: string), _col10 (type: string), _col11 (type: string), _col12 (type: &lt;span class=&quot;code-object&quot;&gt;int&lt;/span&gt;), _col13 (type: &lt;span class=&quot;code-object&quot;&gt;int&lt;/span&gt;), _col14 (type: &lt;span class=&quot;code-object&quot;&gt;int&lt;/span&gt;)
                                    mode: hash
                                    outputColumnNames: _col0, _col1, _col2, _col3, _col4, _col5, _col6, _col7, _col8, _col9, _col10, _col11, _col12, _col13, _col14, _col15, _col16, _col17, _col18
                                    Statistics: Num rows: 1064800 Data size: 388652023 Basic stats: COMPLETE Column stats: NONE
                                    Reduce Output Operator
                                      key expressions: _col0 (type: string), _col1 (type: &lt;span class=&quot;code-object&quot;&gt;int&lt;/span&gt;), _col2 (type: string), _col3 (type: string), _col4 (type: string), _col5 (type: string), _col6 (type: string), _col7 (type: string), _col8 (type: string), _col9 (type: string), _col10 (type: string), _col11 (type: string), _col12 (type: &lt;span class=&quot;code-object&quot;&gt;int&lt;/span&gt;), _col13 (type: &lt;span class=&quot;code-object&quot;&gt;int&lt;/span&gt;), _col14 (type: &lt;span class=&quot;code-object&quot;&gt;int&lt;/span&gt;)
                                      sort order: +++++++++++++++
                                      Map-reduce partition columns: _col0 (type: string), _col1 (type: &lt;span class=&quot;code-object&quot;&gt;int&lt;/span&gt;), _col2 (type: string), _col3 (type: string), _col4 (type: string), _col5 (type: string), _col6 (type: string), _col7 (type: string), _col8 (type: string), _col9 (type: string), _col10 (type: string), _col11 (type: string), _col12 (type: &lt;span class=&quot;code-object&quot;&gt;int&lt;/span&gt;), _col13 (type: &lt;span class=&quot;code-object&quot;&gt;int&lt;/span&gt;), _col14 (type: &lt;span class=&quot;code-object&quot;&gt;int&lt;/span&gt;)
                                      Statistics: Num rows: 1064800 Data size: 388652023 Basic stats: COMPLETE Column stats: NONE
                                      value expressions: _col15 (type: bigint), _col16 (type: &lt;span class=&quot;code-object&quot;&gt;double&lt;/span&gt;), _col17 (type: &lt;span class=&quot;code-object&quot;&gt;double&lt;/span&gt;), _col18 (type: &lt;span class=&quot;code-object&quot;&gt;double&lt;/span&gt;)
            Execution mode: vectorized
        Map 40 
            Map Operator Tree:
                TableScan
                  alias: item
                  filterExpr: ((((i_color) IN (&lt;span class=&quot;code-quote&quot;&gt;&apos;maroon&apos;&lt;/span&gt;, &lt;span class=&quot;code-quote&quot;&gt;&apos;burnished&apos;&lt;/span&gt;, &lt;span class=&quot;code-quote&quot;&gt;&apos;dim&apos;&lt;/span&gt;, &lt;span class=&quot;code-quote&quot;&gt;&apos;steel&apos;&lt;/span&gt;, &lt;span class=&quot;code-quote&quot;&gt;&apos;navajo&apos;&lt;/span&gt;, &lt;span class=&quot;code-quote&quot;&gt;&apos;chocolate&apos;&lt;/span&gt;) and i_current_price BETWEEN 35 AND 45) and i_current_price BETWEEN 36 AND 50) and i_item_sk is not &lt;span class=&quot;code-keyword&quot;&gt;null&lt;/span&gt;) (type: &lt;span class=&quot;code-object&quot;&gt;boolean&lt;/span&gt;)
                  Statistics: Num rows: 48000 Data size: 68732712 Basic stats: COMPLETE Column stats: COMPLETE
                  Filter Operator
                    predicate: ((((i_color) IN (&lt;span class=&quot;code-quote&quot;&gt;&apos;maroon&apos;&lt;/span&gt;, &lt;span class=&quot;code-quote&quot;&gt;&apos;burnished&apos;&lt;/span&gt;, &lt;span class=&quot;code-quote&quot;&gt;&apos;dim&apos;&lt;/span&gt;, &lt;span class=&quot;code-quote&quot;&gt;&apos;steel&apos;&lt;/span&gt;, &lt;span class=&quot;code-quote&quot;&gt;&apos;navajo&apos;&lt;/span&gt;, &lt;span class=&quot;code-quote&quot;&gt;&apos;chocolate&apos;&lt;/span&gt;) and i_current_price BETWEEN 35 AND 45) and i_current_price BETWEEN 36 AND 50) and i_item_sk is not &lt;span class=&quot;code-keyword&quot;&gt;null&lt;/span&gt;) (type: &lt;span class=&quot;code-object&quot;&gt;boolean&lt;/span&gt;)
                    Statistics: Num rows: 6000 Data size: 1199936 Basic stats: COMPLETE Column stats: COMPLETE
                    Select Operator
                      expressions: i_item_sk (type: &lt;span class=&quot;code-object&quot;&gt;int&lt;/span&gt;), i_product_name (type: string)
                      outputColumnNames: _col0, _col3
                      Statistics: Num rows: 6000 Data size: 642000 Basic stats: COMPLETE Column stats: COMPLETE
                      Map Join Operator
                        condition map:
                             Inner Join 0 to 1
                             Inner Join 0 to 2
                        keys:
                          0 _col1 (type: &lt;span class=&quot;code-object&quot;&gt;int&lt;/span&gt;)
                          1 _col0 (type: &lt;span class=&quot;code-object&quot;&gt;int&lt;/span&gt;)
                          2 _col0 (type: &lt;span class=&quot;code-object&quot;&gt;int&lt;/span&gt;)
                        outputColumnNames: _col4, _col5, _col7, _col9, _col10, _col11, _col16, _col17, _col21, _col23, _col25, _col27, _col28, _col33, _col36
                        input vertices:
                          0 Map 31
                          2 Reducer 42
                        Statistics: Num rows: 13200 Data size: 1412400 Basic stats: COMPLETE Column stats: NONE
                        HybridGraceHashJoin: &lt;span class=&quot;code-keyword&quot;&gt;true&lt;/span&gt;
                        Select Operator
                          expressions: _col10 (type: &lt;span class=&quot;code-object&quot;&gt;float&lt;/span&gt;), _col11 (type: &lt;span class=&quot;code-object&quot;&gt;float&lt;/span&gt;), _col16 (type: &lt;span class=&quot;code-object&quot;&gt;int&lt;/span&gt;), _col17 (type: &lt;span class=&quot;code-object&quot;&gt;int&lt;/span&gt;), _col21 (type: &lt;span class=&quot;code-object&quot;&gt;int&lt;/span&gt;), _col23 (type: &lt;span class=&quot;code-object&quot;&gt;int&lt;/span&gt;), _col25 (type: &lt;span class=&quot;code-object&quot;&gt;int&lt;/span&gt;), _col27 (type: string), _col28 (type: string), _col33 (type: &lt;span class=&quot;code-object&quot;&gt;int&lt;/span&gt;), _col36 (type: string), _col4 (type: &lt;span class=&quot;code-object&quot;&gt;int&lt;/span&gt;), _col5 (type: &lt;span class=&quot;code-object&quot;&gt;int&lt;/span&gt;), _col7 (type: &lt;span class=&quot;code-object&quot;&gt;int&lt;/span&gt;), _col9 (type: &lt;span class=&quot;code-object&quot;&gt;float&lt;/span&gt;)
                          outputColumnNames: _col10, _col11, _col16, _col17, _col21, _col23, _col25, _col27, _col28, _col33, _col36, _col4, _col5, _col7, _col9
                          Statistics: Num rows: 13200 Data size: 1412400 Basic stats: COMPLETE Column stats: NONE
                          Map Join Operator
                            condition map:
                                 Inner Join 0 to 1
                            keys:
                              0 _col0 (type: &lt;span class=&quot;code-object&quot;&gt;int&lt;/span&gt;)
                              1 _col7 (type: &lt;span class=&quot;code-object&quot;&gt;int&lt;/span&gt;)
                            outputColumnNames: _col5, _col6, _col10, _col11, _col12, _col17, _col18, _col22, _col24, _col26, _col28, _col29, _col34, _col37
                            input vertices:
                              0 Map 30
                            Statistics: Num rows: 14520 Data size: 1553640 Basic stats: COMPLETE Column stats: NONE
                            HybridGraceHashJoin: &lt;span class=&quot;code-keyword&quot;&gt;true&lt;/span&gt;
                            Select Operator
                              expressions: _col10 (type: &lt;span class=&quot;code-object&quot;&gt;float&lt;/span&gt;), _col11 (type: &lt;span class=&quot;code-object&quot;&gt;float&lt;/span&gt;), _col12 (type: &lt;span class=&quot;code-object&quot;&gt;float&lt;/span&gt;), _col17 (type: &lt;span class=&quot;code-object&quot;&gt;int&lt;/span&gt;), _col18 (type: &lt;span class=&quot;code-object&quot;&gt;int&lt;/span&gt;), _col22 (type: &lt;span class=&quot;code-object&quot;&gt;int&lt;/span&gt;), _col24 (type: &lt;span class=&quot;code-object&quot;&gt;int&lt;/span&gt;), _col26 (type: &lt;span class=&quot;code-object&quot;&gt;int&lt;/span&gt;), _col28 (type: string), _col29 (type: string), _col34 (type: &lt;span class=&quot;code-object&quot;&gt;int&lt;/span&gt;), _col37 (type: string), _col5 (type: &lt;span class=&quot;code-object&quot;&gt;int&lt;/span&gt;), _col6 (type: &lt;span class=&quot;code-object&quot;&gt;int&lt;/span&gt;)
                              outputColumnNames: _col10, _col11, _col12, _col17, _col18, _col22, _col24, _col26, _col28, _col29, _col34, _col37, _col5, _col6
                              Statistics: Num rows: 14520 Data size: 1553640 Basic stats: COMPLETE Column stats: NONE
                              Map Join Operator
                                condition map:
                                     Inner Join 0 to 1
                                keys:
                                  0 _col0 (type: &lt;span class=&quot;code-object&quot;&gt;int&lt;/span&gt;)
                                  1 _col17 (type: &lt;span class=&quot;code-object&quot;&gt;int&lt;/span&gt;)
                                outputColumnNames: _col8, _col9, _col13, _col14, _col15, _col21, _col25, _col27, _col29, _col31, _col32, _col37, _col40
                                input vertices:
                                  0 Map 28
                                Statistics: Num rows: 15972 Data size: 1709004 Basic stats: COMPLETE Column stats: NONE
                                HybridGraceHashJoin: &lt;span class=&quot;code-keyword&quot;&gt;true&lt;/span&gt;
                                Select Operator
                                  expressions: _col13 (type: &lt;span class=&quot;code-object&quot;&gt;float&lt;/span&gt;), _col14 (type: &lt;span class=&quot;code-object&quot;&gt;float&lt;/span&gt;), _col15 (type: &lt;span class=&quot;code-object&quot;&gt;float&lt;/span&gt;), _col21 (type: &lt;span class=&quot;code-object&quot;&gt;int&lt;/span&gt;), _col25 (type: &lt;span class=&quot;code-object&quot;&gt;int&lt;/span&gt;), _col27 (type: &lt;span class=&quot;code-object&quot;&gt;int&lt;/span&gt;), _col29 (type: &lt;span class=&quot;code-object&quot;&gt;int&lt;/span&gt;), _col31 (type: string), _col32 (type: string), _col37 (type: &lt;span class=&quot;code-object&quot;&gt;int&lt;/span&gt;), _col40 (type: string), _col8 (type: &lt;span class=&quot;code-object&quot;&gt;int&lt;/span&gt;), _col9 (type: &lt;span class=&quot;code-object&quot;&gt;int&lt;/span&gt;)
                                  outputColumnNames: _col13, _col14, _col15, _col21, _col25, _col27, _col29, _col31, _col32, _col37, _col40, _col8, _col9
                                  Statistics: Num rows: 15972 Data size: 1709004 Basic stats: COMPLETE Column stats: NONE
                                  Reduce Output Operator
                                    key expressions: _col9 (type: &lt;span class=&quot;code-object&quot;&gt;int&lt;/span&gt;)
                                    sort order: +
                                    Map-reduce partition columns: _col9 (type: &lt;span class=&quot;code-object&quot;&gt;int&lt;/span&gt;)
                                    Statistics: Num rows: 15972 Data size: 1709004 Basic stats: COMPLETE Column stats: NONE
                                    value expressions: _col8 (type: &lt;span class=&quot;code-object&quot;&gt;int&lt;/span&gt;), _col13 (type: &lt;span class=&quot;code-object&quot;&gt;float&lt;/span&gt;), _col14 (type: &lt;span class=&quot;code-object&quot;&gt;float&lt;/span&gt;), _col15 (type: &lt;span class=&quot;code-object&quot;&gt;float&lt;/span&gt;), _col21 (type: &lt;span class=&quot;code-object&quot;&gt;int&lt;/span&gt;), _col25 (type: &lt;span class=&quot;code-object&quot;&gt;int&lt;/span&gt;), _col27 (type: &lt;span class=&quot;code-object&quot;&gt;int&lt;/span&gt;), _col29 (type: &lt;span class=&quot;code-object&quot;&gt;int&lt;/span&gt;), _col31 (type: string), _col32 (type: string), _col37 (type: &lt;span class=&quot;code-object&quot;&gt;int&lt;/span&gt;), _col40 (type: string)
            Execution mode: vectorized
        Map 41 
            Map Operator Tree:
                TableScan
                  alias: catalog_sales
                  filterExpr: (cs_item_sk is not &lt;span class=&quot;code-keyword&quot;&gt;null&lt;/span&gt; and cs_order_number is not &lt;span class=&quot;code-keyword&quot;&gt;null&lt;/span&gt;) (type: &lt;span class=&quot;code-object&quot;&gt;boolean&lt;/span&gt;)
                  Statistics: Num rows: 286549727 Data size: 65825832570 Basic stats: COMPLETE Column stats: COMPLETE
                  Filter Operator
                    predicate: (cs_item_sk is not &lt;span class=&quot;code-keyword&quot;&gt;null&lt;/span&gt; and cs_order_number is not &lt;span class=&quot;code-keyword&quot;&gt;null&lt;/span&gt;) (type: &lt;span class=&quot;code-object&quot;&gt;boolean&lt;/span&gt;)
                    Statistics: Num rows: 286549727 Data size: 3435718732 Basic stats: COMPLETE Column stats: COMPLETE
                    Select Operator
                      expressions: cs_item_sk (type: &lt;span class=&quot;code-object&quot;&gt;int&lt;/span&gt;), cs_order_number (type: &lt;span class=&quot;code-object&quot;&gt;int&lt;/span&gt;), cs_ext_list_price (type: &lt;span class=&quot;code-object&quot;&gt;float&lt;/span&gt;)
                      outputColumnNames: _col0, _col1, _col2
                      Statistics: Num rows: 286549727 Data size: 3435718732 Basic stats: COMPLETE Column stats: COMPLETE
                      Map Join Operator
                        condition map:
                             Inner Join 0 to 1
                        keys:
                          0 _col0 (type: &lt;span class=&quot;code-object&quot;&gt;int&lt;/span&gt;), _col1 (type: &lt;span class=&quot;code-object&quot;&gt;int&lt;/span&gt;)
                          1 _col0 (type: &lt;span class=&quot;code-object&quot;&gt;int&lt;/span&gt;), _col1 (type: &lt;span class=&quot;code-object&quot;&gt;int&lt;/span&gt;)
                        outputColumnNames: _col0, _col2, _col5, _col6, _col7
                        input vertices:
                          1 Map 43
                        Statistics: Num rows: 2911 Data size: 58220 Basic stats: COMPLETE Column stats: COMPLETE
                        HybridGraceHashJoin: &lt;span class=&quot;code-keyword&quot;&gt;true&lt;/span&gt;
                        Select Operator
                          expressions: _col0 (type: &lt;span class=&quot;code-object&quot;&gt;int&lt;/span&gt;), _col2 (type: &lt;span class=&quot;code-object&quot;&gt;float&lt;/span&gt;), ((_col5 + _col6) + _col7) (type: &lt;span class=&quot;code-object&quot;&gt;float&lt;/span&gt;)
                          outputColumnNames: _col0, _col1, _col2
                          Statistics: Num rows: 2911 Data size: 58220 Basic stats: COMPLETE Column stats: COMPLETE
                          Group By Operator
                            aggregations: sum(_col1), sum(_col2)
                            keys: _col0 (type: &lt;span class=&quot;code-object&quot;&gt;int&lt;/span&gt;)
                            mode: hash
                            outputColumnNames: _col0, _col1, _col2
                            Statistics: Num rows: 1 Data size: 20 Basic stats: COMPLETE Column stats: COMPLETE
                            Reduce Output Operator
                              key expressions: _col0 (type: &lt;span class=&quot;code-object&quot;&gt;int&lt;/span&gt;)
                              sort order: +
                              Map-reduce partition columns: _col0 (type: &lt;span class=&quot;code-object&quot;&gt;int&lt;/span&gt;)
                              Statistics: Num rows: 1 Data size: 20 Basic stats: COMPLETE Column stats: COMPLETE
                              value expressions: _col1 (type: &lt;span class=&quot;code-object&quot;&gt;double&lt;/span&gt;), _col2 (type: &lt;span class=&quot;code-object&quot;&gt;double&lt;/span&gt;)
            Execution mode: vectorized
        Map 43 
            Map Operator Tree:
                TableScan
                  alias: catalog_returns
                  filterExpr: (cr_item_sk is not &lt;span class=&quot;code-keyword&quot;&gt;null&lt;/span&gt; and cr_order_number is not &lt;span class=&quot;code-keyword&quot;&gt;null&lt;/span&gt;) (type: &lt;span class=&quot;code-object&quot;&gt;boolean&lt;/span&gt;)
                  Statistics: Num rows: 28798881 Data size: 5764329494 Basic stats: COMPLETE Column stats: COMPLETE
                  Filter Operator
                    predicate: (cr_item_sk is not &lt;span class=&quot;code-keyword&quot;&gt;null&lt;/span&gt; and cr_order_number is not &lt;span class=&quot;code-keyword&quot;&gt;null&lt;/span&gt;) (type: &lt;span class=&quot;code-object&quot;&gt;boolean&lt;/span&gt;)
                    Statistics: Num rows: 28798881 Data size: 569059536 Basic stats: COMPLETE Column stats: COMPLETE
                    Select Operator
                      expressions: cr_item_sk (type: &lt;span class=&quot;code-object&quot;&gt;int&lt;/span&gt;), cr_order_number (type: &lt;span class=&quot;code-object&quot;&gt;int&lt;/span&gt;), cr_refunded_cash (type: &lt;span class=&quot;code-object&quot;&gt;float&lt;/span&gt;), cr_reversed_charge (type: &lt;span class=&quot;code-object&quot;&gt;float&lt;/span&gt;), cr_store_credit (type: &lt;span class=&quot;code-object&quot;&gt;float&lt;/span&gt;)
                      outputColumnNames: _col0, _col1, _col2, _col3, _col4
                      Statistics: Num rows: 28798881 Data size: 569059536 Basic stats: COMPLETE Column stats: COMPLETE
                      Reduce Output Operator
                        key expressions: _col0 (type: &lt;span class=&quot;code-object&quot;&gt;int&lt;/span&gt;), _col1 (type: &lt;span class=&quot;code-object&quot;&gt;int&lt;/span&gt;)
                        sort order: ++
                        Map-reduce partition columns: _col0 (type: &lt;span class=&quot;code-object&quot;&gt;int&lt;/span&gt;), _col1 (type: &lt;span class=&quot;code-object&quot;&gt;int&lt;/span&gt;)
                        Statistics: Num rows: 28798881 Data size: 569059536 Basic stats: COMPLETE Column stats: COMPLETE
                        value expressions: _col2 (type: &lt;span class=&quot;code-object&quot;&gt;float&lt;/span&gt;), _col3 (type: &lt;span class=&quot;code-object&quot;&gt;float&lt;/span&gt;), _col4 (type: &lt;span class=&quot;code-object&quot;&gt;float&lt;/span&gt;)
            Execution mode: vectorized
        Map 7 
            Map Operator Tree:
                TableScan
                  alias: hd1
                  filterExpr: (hd_income_band_sk is not &lt;span class=&quot;code-keyword&quot;&gt;null&lt;/span&gt; and hd_demo_sk is not &lt;span class=&quot;code-keyword&quot;&gt;null&lt;/span&gt;) (type: &lt;span class=&quot;code-object&quot;&gt;boolean&lt;/span&gt;)
                  Statistics: Num rows: 7200 Data size: 770400 Basic stats: COMPLETE Column stats: COMPLETE
                  Filter Operator
                    predicate: (hd_income_band_sk is not &lt;span class=&quot;code-keyword&quot;&gt;null&lt;/span&gt; and hd_demo_sk is not &lt;span class=&quot;code-keyword&quot;&gt;null&lt;/span&gt;) (type: &lt;span class=&quot;code-object&quot;&gt;boolean&lt;/span&gt;)
                    Statistics: Num rows: 7200 Data size: 57600 Basic stats: COMPLETE Column stats: COMPLETE
                    Select Operator
                      expressions: hd_demo_sk (type: &lt;span class=&quot;code-object&quot;&gt;int&lt;/span&gt;), hd_income_band_sk (type: &lt;span class=&quot;code-object&quot;&gt;int&lt;/span&gt;)
                      outputColumnNames: _col0, _col1
                      Statistics: Num rows: 7200 Data size: 57600 Basic stats: COMPLETE Column stats: COMPLETE
                      Map Join Operator
                        condition map:
                             Inner Join 0 to 1
                        keys:
                          0 _col1 (type: &lt;span class=&quot;code-object&quot;&gt;int&lt;/span&gt;)
                          1 _col0 (type: &lt;span class=&quot;code-object&quot;&gt;int&lt;/span&gt;)
                        outputColumnNames: _col0
                        input vertices:
                          1 Map 8
                        Statistics: Num rows: 7200 Data size: 28800 Basic stats: COMPLETE Column stats: COMPLETE
                        HybridGraceHashJoin: &lt;span class=&quot;code-keyword&quot;&gt;true&lt;/span&gt;
                        Reduce Output Operator
                          key expressions: _col0 (type: &lt;span class=&quot;code-object&quot;&gt;int&lt;/span&gt;)
                          sort order: +
                          Map-reduce partition columns: _col0 (type: &lt;span class=&quot;code-object&quot;&gt;int&lt;/span&gt;)
                          Statistics: Num rows: 7200 Data size: 28800 Basic stats: COMPLETE Column stats: COMPLETE
            Execution mode: vectorized
        Map 8 
            Map Operator Tree:
                TableScan
                  alias: ib1
                  filterExpr: ib_income_band_sk is not &lt;span class=&quot;code-keyword&quot;&gt;null&lt;/span&gt; (type: &lt;span class=&quot;code-object&quot;&gt;boolean&lt;/span&gt;)
                  Statistics: Num rows: 20 Data size: 240 Basic stats: COMPLETE Column stats: COMPLETE
                  Filter Operator
                    predicate: ib_income_band_sk is not &lt;span class=&quot;code-keyword&quot;&gt;null&lt;/span&gt; (type: &lt;span class=&quot;code-object&quot;&gt;boolean&lt;/span&gt;)
                    Statistics: Num rows: 20 Data size: 80 Basic stats: COMPLETE Column stats: COMPLETE
                    Select Operator
                      expressions: ib_income_band_sk (type: &lt;span class=&quot;code-object&quot;&gt;int&lt;/span&gt;)
                      outputColumnNames: _col0
                      Statistics: Num rows: 20 Data size: 80 Basic stats: COMPLETE Column stats: COMPLETE
                      Reduce Output Operator
                        key expressions: _col0 (type: &lt;span class=&quot;code-object&quot;&gt;int&lt;/span&gt;)
                        sort order: +
                        Map-reduce partition columns: _col0 (type: &lt;span class=&quot;code-object&quot;&gt;int&lt;/span&gt;)
                        Statistics: Num rows: 20 Data size: 80 Basic stats: COMPLETE Column stats: COMPLETE
            Execution mode: vectorized
        Map 9 
            Map Operator Tree:
                TableScan
                  alias: promotion
                  filterExpr: p_promo_sk is not &lt;span class=&quot;code-keyword&quot;&gt;null&lt;/span&gt; (type: &lt;span class=&quot;code-object&quot;&gt;boolean&lt;/span&gt;)
                  Statistics: Num rows: 450 Data size: 530848 Basic stats: COMPLETE Column stats: COMPLETE
                  Filter Operator
                    predicate: p_promo_sk is not &lt;span class=&quot;code-keyword&quot;&gt;null&lt;/span&gt; (type: &lt;span class=&quot;code-object&quot;&gt;boolean&lt;/span&gt;)
                    Statistics: Num rows: 450 Data size: 1800 Basic stats: COMPLETE Column stats: COMPLETE
                    Select Operator
                      expressions: p_promo_sk (type: &lt;span class=&quot;code-object&quot;&gt;int&lt;/span&gt;)
                      outputColumnNames: _col0
                      Statistics: Num rows: 450 Data size: 1800 Basic stats: COMPLETE Column stats: COMPLETE
                      Reduce Output Operator
                        key expressions: _col0 (type: &lt;span class=&quot;code-object&quot;&gt;int&lt;/span&gt;)
                        sort order: +
                        Map-reduce partition columns: _col0 (type: &lt;span class=&quot;code-object&quot;&gt;int&lt;/span&gt;)
                        Statistics: Num rows: 450 Data size: 1800 Basic stats: COMPLETE Column stats: COMPLETE
            Execution mode: vectorized
        Reducer 21 
            Reduce Operator Tree:
              Group By Operator
                aggregations: sum(VALUE._col0), sum(VALUE._col1)
                keys: KEY._col0 (type: &lt;span class=&quot;code-object&quot;&gt;int&lt;/span&gt;)
                mode: mergepartial
                outputColumnNames: _col0, _col1, _col2
                Statistics: Num rows: 1 Data size: 20 Basic stats: COMPLETE Column stats: COMPLETE
                Filter Operator
                  predicate: (_col1 &amp;gt; (2.0 * _col2)) (type: &lt;span class=&quot;code-object&quot;&gt;boolean&lt;/span&gt;)
                  Statistics: Num rows: 0 Data size: 0 Basic stats: NONE Column stats: COMPLETE
                  Select Operator
                    expressions: _col0 (type: &lt;span class=&quot;code-object&quot;&gt;int&lt;/span&gt;)
                    outputColumnNames: _col0
                    Statistics: Num rows: 0 Data size: 0 Basic stats: NONE Column stats: COMPLETE
                    Reduce Output Operator
                      key expressions: _col0 (type: &lt;span class=&quot;code-object&quot;&gt;int&lt;/span&gt;)
                      sort order: +
                      Map-reduce partition columns: _col0 (type: &lt;span class=&quot;code-object&quot;&gt;int&lt;/span&gt;)
                      Statistics: Num rows: 0 Data size: 0 Basic stats: NONE Column stats: COMPLETE
        Reducer 27 
            Reduce Operator Tree:
              Group By Operator
                aggregations: count(VALUE._col0), sum(VALUE._col1), sum(VALUE._col2), sum(VALUE._col3)
                keys: KEY._col0 (type: string), KEY._col1 (type: &lt;span class=&quot;code-object&quot;&gt;int&lt;/span&gt;), KEY._col2 (type: string), KEY._col3 (type: string), KEY._col4 (type: string), KEY._col5 (type: string), KEY._col6 (type: string), KEY._col7 (type: string), KEY._col8 (type: string), KEY._col9 (type: string), KEY._col10 (type: string), KEY._col11 (type: string), KEY._col12 (type: &lt;span class=&quot;code-object&quot;&gt;int&lt;/span&gt;), KEY._col13 (type: &lt;span class=&quot;code-object&quot;&gt;int&lt;/span&gt;), KEY._col14 (type: &lt;span class=&quot;code-object&quot;&gt;int&lt;/span&gt;)
                mode: mergepartial
                outputColumnNames: _col0, _col1, _col2, _col3, _col4, _col5, _col6, _col7, _col8, _col9, _col10, _col11, _col12, _col13, _col14, _col15, _col16, _col17, _col18
                Statistics: Num rows: 532400 Data size: 194326011 Basic stats: COMPLETE Column stats: NONE
                Select Operator
                  expressions: _col1 (type: &lt;span class=&quot;code-object&quot;&gt;int&lt;/span&gt;), _col2 (type: string), _col3 (type: string), _col12 (type: &lt;span class=&quot;code-object&quot;&gt;int&lt;/span&gt;), _col15 (type: bigint), _col16 (type: &lt;span class=&quot;code-object&quot;&gt;double&lt;/span&gt;), _col17 (type: &lt;span class=&quot;code-object&quot;&gt;double&lt;/span&gt;), _col18 (type: &lt;span class=&quot;code-object&quot;&gt;double&lt;/span&gt;)
                  outputColumnNames: _col0, _col1, _col2, _col3, _col4, _col5, _col6, _col7
                  Statistics: Num rows: 532400 Data size: 194326011 Basic stats: COMPLETE Column stats: NONE
                  Reduce Output Operator
                    key expressions: _col0 (type: &lt;span class=&quot;code-object&quot;&gt;int&lt;/span&gt;), _col1 (type: string), _col2 (type: string)
                    sort order: +++
                    Map-reduce partition columns: _col0 (type: &lt;span class=&quot;code-object&quot;&gt;int&lt;/span&gt;), _col1 (type: string), _col2 (type: string)
                    Statistics: Num rows: 532400 Data size: 194326011 Basic stats: COMPLETE Column stats: NONE
                    value expressions: _col3 (type: &lt;span class=&quot;code-object&quot;&gt;int&lt;/span&gt;), _col4 (type: bigint), _col5 (type: &lt;span class=&quot;code-object&quot;&gt;double&lt;/span&gt;), _col6 (type: &lt;span class=&quot;code-object&quot;&gt;double&lt;/span&gt;), _col7 (type: &lt;span class=&quot;code-object&quot;&gt;double&lt;/span&gt;)
        Reducer 42 
            Reduce Operator Tree:
              Group By Operator
                aggregations: sum(VALUE._col0), sum(VALUE._col1)
                keys: KEY._col0 (type: &lt;span class=&quot;code-object&quot;&gt;int&lt;/span&gt;)
                mode: mergepartial
                outputColumnNames: _col0, _col1, _col2
                Statistics: Num rows: 1 Data size: 20 Basic stats: COMPLETE Column stats: COMPLETE
                Filter Operator
                  predicate: (_col1 &amp;gt; (2.0 * _col2)) (type: &lt;span class=&quot;code-object&quot;&gt;boolean&lt;/span&gt;)
                  Statistics: Num rows: 0 Data size: 0 Basic stats: NONE Column stats: COMPLETE
                  Select Operator
                    expressions: _col0 (type: &lt;span class=&quot;code-object&quot;&gt;int&lt;/span&gt;)
                    outputColumnNames: _col0
                    Statistics: Num rows: 0 Data size: 0 Basic stats: NONE Column stats: COMPLETE
                    Reduce Output Operator
                      key expressions: _col0 (type: &lt;span class=&quot;code-object&quot;&gt;int&lt;/span&gt;)
                      sort order: +
                      Map-reduce partition columns: _col0 (type: &lt;span class=&quot;code-object&quot;&gt;int&lt;/span&gt;)
                      Statistics: Num rows: 0 Data size: 0 Basic stats: NONE Column stats: COMPLETE
        Reducer 5 
            Reduce Operator Tree:
              Group By Operator
                aggregations: count(VALUE._col0), sum(VALUE._col1), sum(VALUE._col2), sum(VALUE._col3)
                keys: KEY._col0 (type: string), KEY._col1 (type: &lt;span class=&quot;code-object&quot;&gt;int&lt;/span&gt;), KEY._col2 (type: string), KEY._col3 (type: string), KEY._col4 (type: string), KEY._col5 (type: string), KEY._col6 (type: string), KEY._col7 (type: string), KEY._col8 (type: string), KEY._col9 (type: string), KEY._col10 (type: string), KEY._col11 (type: string), KEY._col12 (type: &lt;span class=&quot;code-object&quot;&gt;int&lt;/span&gt;), KEY._col13 (type: &lt;span class=&quot;code-object&quot;&gt;int&lt;/span&gt;), KEY._col14 (type: &lt;span class=&quot;code-object&quot;&gt;int&lt;/span&gt;)
                mode: mergepartial
                outputColumnNames: _col0, _col1, _col2, _col3, _col4, _col5, _col6, _col7, _col8, _col9, _col10, _col11, _col12, _col13, _col14, _col15, _col16, _col17, _col18
                Statistics: Num rows: 532400 Data size: 194326011 Basic stats: COMPLETE Column stats: NONE
                Select Operator
                  expressions: _col0 (type: string), _col1 (type: &lt;span class=&quot;code-object&quot;&gt;int&lt;/span&gt;), _col2 (type: string), _col3 (type: string), _col4 (type: string), _col5 (type: string), _col6 (type: string), _col7 (type: string), _col8 (type: string), _col9 (type: string), _col10 (type: string), _col11 (type: string), _col12 (type: &lt;span class=&quot;code-object&quot;&gt;int&lt;/span&gt;), _col15 (type: bigint), _col16 (type: &lt;span class=&quot;code-object&quot;&gt;double&lt;/span&gt;), _col17 (type: &lt;span class=&quot;code-object&quot;&gt;double&lt;/span&gt;), _col18 (type: &lt;span class=&quot;code-object&quot;&gt;double&lt;/span&gt;)
                  outputColumnNames: _col0, _col1, _col2, _col3, _col4, _col5, _col6, _col7, _col8, _col9, _col10, _col11, _col12, _col13, _col14, _col15, _col16
                  Statistics: Num rows: 532400 Data size: 194326011 Basic stats: COMPLETE Column stats: NONE
                  Map Join Operator
                    condition map:
                         Inner Join 0 to 1
                    keys:
                      0 _col1 (type: &lt;span class=&quot;code-object&quot;&gt;int&lt;/span&gt;), _col2 (type: string), _col3 (type: string)
                      1 _col0 (type: &lt;span class=&quot;code-object&quot;&gt;int&lt;/span&gt;), _col1 (type: string), _col2 (type: string)
                    outputColumnNames: _col0, _col2, _col3, _col4, _col5, _col6, _col7, _col8, _col9, _col10, _col11, _col12, _col13, _col14, _col15, _col16, _col20, _col21, _col22, _col23, _col24
                    input vertices:
                      1 Reducer 27
                    Statistics: Num rows: 585640 Data size: 213758616 Basic stats: COMPLETE Column stats: NONE
                    HybridGraceHashJoin: &lt;span class=&quot;code-keyword&quot;&gt;true&lt;/span&gt;
                    Filter Operator
                      predicate: (_col21 &amp;lt;= _col13) (type: &lt;span class=&quot;code-object&quot;&gt;boolean&lt;/span&gt;)
                      Statistics: Num rows: 195213 Data size: 71252750 Basic stats: COMPLETE Column stats: NONE
                      Select Operator
                        expressions: _col0 (type: string), _col2 (type: string), _col3 (type: string), _col4 (type: string), _col5 (type: string), _col6 (type: string), _col7 (type: string), _col8 (type: string), _col9 (type: string), _col10 (type: string), _col11 (type: string), _col12 (type: &lt;span class=&quot;code-object&quot;&gt;int&lt;/span&gt;), _col13 (type: bigint), _col14 (type: &lt;span class=&quot;code-object&quot;&gt;double&lt;/span&gt;), _col15 (type: &lt;span class=&quot;code-object&quot;&gt;double&lt;/span&gt;), _col16 (type: &lt;span class=&quot;code-object&quot;&gt;double&lt;/span&gt;), _col22 (type: &lt;span class=&quot;code-object&quot;&gt;double&lt;/span&gt;), _col23 (type: &lt;span class=&quot;code-object&quot;&gt;double&lt;/span&gt;), _col24 (type: &lt;span class=&quot;code-object&quot;&gt;double&lt;/span&gt;), _col20 (type: &lt;span class=&quot;code-object&quot;&gt;int&lt;/span&gt;), _col21 (type: bigint)
                        outputColumnNames: _col0, _col1, _col2, _col3, _col4, _col5, _col6, _col7, _col8, _col9, _col10, _col11, _col12, _col13, _col14, _col15, _col16, _col17, _col18, _col19, _col20
                        Statistics: Num rows: 195213 Data size: 71252750 Basic stats: COMPLETE Column stats: NONE
                        Reduce Output Operator
                          key expressions: _col0 (type: string), _col1 (type: string), _col20 (type: bigint)
                          sort order: +++
                          Statistics: Num rows: 195213 Data size: 71252750 Basic stats: COMPLETE Column stats: NONE
                          value expressions: _col2 (type: string), _col3 (type: string), _col4 (type: string), _col5 (type: string), _col6 (type: string), _col7 (type: string), _col8 (type: string), _col9 (type: string), _col10 (type: string), _col11 (type: &lt;span class=&quot;code-object&quot;&gt;int&lt;/span&gt;), _col12 (type: bigint), _col13 (type: &lt;span class=&quot;code-object&quot;&gt;double&lt;/span&gt;), _col14 (type: &lt;span class=&quot;code-object&quot;&gt;double&lt;/span&gt;), _col15 (type: &lt;span class=&quot;code-object&quot;&gt;double&lt;/span&gt;), _col16 (type: &lt;span class=&quot;code-object&quot;&gt;double&lt;/span&gt;), _col17 (type: &lt;span class=&quot;code-object&quot;&gt;double&lt;/span&gt;), _col18 (type: &lt;span class=&quot;code-object&quot;&gt;double&lt;/span&gt;), _col19 (type: &lt;span class=&quot;code-object&quot;&gt;int&lt;/span&gt;)
        Reducer 6 
            Reduce Operator Tree:
              Select Operator
                expressions: KEY.reducesinkkey0 (type: string), KEY.reducesinkkey1 (type: string), VALUE._col0 (type: string), VALUE._col1 (type: string), VALUE._col2 (type: string), VALUE._col3 (type: string), VALUE._col4 (type: string), VALUE._col5 (type: string), VALUE._col6 (type: string), VALUE._col7 (type: string), VALUE._col8 (type: string), VALUE._col9 (type: &lt;span class=&quot;code-object&quot;&gt;int&lt;/span&gt;), VALUE._col10 (type: bigint), VALUE._col11 (type: &lt;span class=&quot;code-object&quot;&gt;double&lt;/span&gt;), VALUE._col12 (type: &lt;span class=&quot;code-object&quot;&gt;double&lt;/span&gt;), VALUE._col13 (type: &lt;span class=&quot;code-object&quot;&gt;double&lt;/span&gt;), VALUE._col14 (type: &lt;span class=&quot;code-object&quot;&gt;double&lt;/span&gt;), VALUE._col15 (type: &lt;span class=&quot;code-object&quot;&gt;double&lt;/span&gt;), VALUE._col16 (type: &lt;span class=&quot;code-object&quot;&gt;double&lt;/span&gt;), VALUE._col17 (type: &lt;span class=&quot;code-object&quot;&gt;int&lt;/span&gt;), KEY.reducesinkkey2 (type: bigint)
                outputColumnNames: _col0, _col1, _col2, _col3, _col4, _col5, _col6, _col7, _col8, _col9, _col10, _col11, _col12, _col13, _col14, _col15, _col16, _col17, _col18, _col19, _col20
                Statistics: Num rows: 195213 Data size: 71252750 Basic stats: COMPLETE Column stats: NONE
                File Output Operator
                  compressed: &lt;span class=&quot;code-keyword&quot;&gt;false&lt;/span&gt;
                  Statistics: Num rows: 195213 Data size: 71252750 Basic stats: COMPLETE Column stats: NONE
                  table:
                      input format: org.apache.hadoop.mapred.TextInputFormat
                      output format: org.apache.hadoop.hive.ql.io.HiveIgnoreKeyTextOutputFormat
                      serde: org.apache.hadoop.hive.serde2.lazy.LazySimpleSerDe

  Stage: Stage-0
    Fetch Operator
      limit: -1
      Processor Tree:
        ListSink
&lt;/pre&gt;
&lt;/div&gt;&lt;/div&gt;</description>
                <environment></environment>
        <key id="12827145">HIVE-10609</key>
            <summary>Vectorization : Q64 fails with ClassCastException</summary>
                <type id="1" iconUrl="https://issues.apache.org/jira/secure/viewavatar?size=xsmall&amp;avatarId=21133&amp;avatarType=issuetype">Bug</type>
                                            <priority id="3" iconUrl="https://issues.apache.org/jira/images/icons/priorities/major.svg">Major</priority>
                        <status id="6" iconUrl="https://issues.apache.org/jira/images/icons/statuses/closed.png" description="The issue is considered finished, the resolution is correct. Issues which are not closed can be reopened.">Closed</status>
                    <statusCategory id="3" key="done" colorName="green"/>
                                    <resolution id="1">Fixed</resolution>
                                        <assignee username="mmccline">Matt McCline</assignee>
                                    <reporter username="mmokhtar">Mostafa Mokhtar</reporter>
                        <labels>
                    </labels>
                <created>Tue, 5 May 2015 05:03:56 +0000</created>
                <updated>Fri, 5 Jun 2015 21:50:18 +0000</updated>
                            <resolved>Mon, 11 May 2015 23:00:55 +0000</resolved>
                                    <version>1.2.0</version>
                                    <fixVersion>1.3.0</fixVersion>
                    <fixVersion>2.0.0</fixVersion>
                                    <component>Vectorization</component>
                        <due></due>
                            <votes>0</votes>
                                    <watches>5</watches>
                                                                                                                <comments>
                            <comment id="14529972" author="mmccline" created="Wed, 6 May 2015 05:42:32 +0000"  >&lt;p&gt;This doesn&apos;t fail on my combined build of &lt;a href=&quot;https://issues.apache.org/jira/browse/HIVE-9743&quot; title=&quot;Incorrect result set for vectorized left outer join&quot; class=&quot;issue-link&quot; data-issue-key=&quot;HIVE-9743&quot;&gt;&lt;del&gt;HIVE-9743&lt;/del&gt;&lt;/a&gt; and &lt;a href=&quot;https://issues.apache.org/jira/browse/HIVE-10565&quot; title=&quot;LLAP: Native Vector Map Join doesn&amp;#39;t handle filtering and matching on LEFT OUTER JOIN repeated key correctly&quot; class=&quot;issue-link&quot; data-issue-key=&quot;HIVE-10565&quot;&gt;&lt;del&gt;HIVE-10565&lt;/del&gt;&lt;/a&gt;.  Will verify again when those JIRAs go in.&lt;/p&gt;</comment>
                            <comment id="14535721" author="sushanth" created="Fri, 8 May 2015 22:20:30 +0000"  >&lt;p&gt;Removing fix version of 1.2.0 in preparation of release, since this is not a blocker for 1.2.0.&lt;/p&gt;</comment>
                            <comment id="14535732" author="mmokhtar" created="Fri, 8 May 2015 22:22:43 +0000"  >&lt;p&gt;&lt;a href=&quot;https://issues.apache.org/jira/secure/ViewProfile.jspa?name=sushanth&quot; class=&quot;user-hover&quot; rel=&quot;sushanth&quot;&gt;sushanth&lt;/a&gt;&lt;/p&gt;

&lt;p&gt;This fix is needed to keep queries from crashing.&lt;br/&gt;
Please include in 1.2.0&lt;/p&gt;</comment>
                            <comment id="14535801" author="sushanth" created="Fri, 8 May 2015 22:45:44 +0000"  >&lt;p&gt;Given that we&apos;ve already begun the RC process, no new features or bugfixes are to be requested unless they are release blockers. Release blockers can only be either an outages or regressions.&lt;/p&gt;

&lt;p&gt;Per my understanding, this matches neither, since:&lt;/p&gt;

&lt;p&gt;a) Outage : Vectorization is an optional feature in hive and not turned on by default - thus, it does not break regular operation.&lt;br/&gt;
b) Regression : Again, vectorization being new, it should not be considered a regression.&lt;/p&gt;

&lt;p&gt;I think this can be included for 1.2.1, which is intended to be a stabilization update on 1.2.0, but probably not for 1.2.0. &lt;/p&gt;

&lt;p&gt;Thoughts? If my reasoning for why this does not make the bar is incorrect, please do let me know(preferrably by replying to the VOTE thread on hive-dev asking for a deferral of the RC), and we can discuss whether or not this merits holding up the release process. Also, for any other release blockers, please mark the release status page ( &lt;a href=&quot;https://cwiki.apache.org/confluence/display/Hive/Hive+1.2+Release+Status&quot; class=&quot;external-link&quot; target=&quot;_blank&quot; rel=&quot;nofollow noopener&quot;&gt;https://cwiki.apache.org/confluence/display/Hive/Hive+1.2+Release+Status&lt;/a&gt; ) to request inclusions - that way, they are more visible.&lt;/p&gt;</comment>
                            <comment id="14535870" author="sushanth" created="Fri, 8 May 2015 23:25:19 +0000"  >&lt;p&gt;Per discussion with Mostafa, I&apos;ll add this to the tentative list for 1.2 - i.e., it will not be considered a release blocker for 1.2.0, but if it gets done before the RC process ends, we will include it in the next RC being built, and include it for 1.2.0. Otherwise, it will make it in a stabilization 1.2.1 release.&lt;/p&gt;

&lt;p&gt;I&apos;ll update the fix version of this bug with the appropriate version at that time.&lt;/p&gt;</comment>
                            <comment id="14536038" author="mmccline" created="Sat, 9 May 2015 00:46:04 +0000"  >
&lt;p&gt;Struggling to get a repro.&lt;/p&gt;

&lt;p&gt;From the stack trace, it is the non-native Vector Map Join under Tez.&lt;/p&gt;

&lt;p&gt;With these options, I get no failure.&lt;/p&gt;

&lt;div class=&quot;preformatted panel&quot; style=&quot;border-width: 1px;&quot;&gt;&lt;div class=&quot;preformattedContent panelContent&quot;&gt;
&lt;pre&gt;SET hive.vectorized.execution.enabled=true;
set hive.mapjoin.hybridgrace.hashtable=false;
SET hive.vectorized.execution.mapjoin.native.enabled=false;
set hive.cbo.enable=true;
set hive.fetch.task.conversion=none;
SET hive.auto.convert.join=true;
SET hive.auto.convert.join.noconditionaltask=true;
SET hive.auto.convert.join.noconditionaltask.size=1000000000;
set hive.exec.dynamic.partition.mode=nonstrict;
&lt;/pre&gt;
&lt;/div&gt;&lt;/div&gt;

&lt;p&gt;Here is the EXPLAIN output:&lt;/p&gt;
&lt;div class=&quot;preformatted panel&quot; style=&quot;border-width: 1px;&quot;&gt;&lt;div class=&quot;preformattedContent panelContent&quot;&gt;
&lt;pre&gt;STAGE DEPENDENCIES:
  Stage-1 is a root stage
  Stage-0 depends on stages: Stage-1

STAGE PLANS:
  Stage: Stage-1
    Tez
      Edges:
        Map 1 &amp;lt;- Map 3 (BROADCAST_EDGE)
        Map 11 &amp;lt;- Map 14 (BROADCAST_EDGE), Map 15 (BROADCAST_EDGE), Map 16 (BROADCAST_EDGE), Map 17 (BROADCAST_EDGE), Map 18 (BROADCAST_EDGE), Map 19 (BROADCAST_EDGE), Map 20 (BROADCAST_EDGE), Map 21 (BROADCAST_EDGE), Map 22 (BROADCAST_EDGE), Map 5 (BROADCAST_EDGE), Reducer 2 (BROADCAST_EDGE)
        Map 23 &amp;lt;- Map 25 (BROADCAST_EDGE)
        Map 27 &amp;lt;- Map 26 (BROADCAST_EDGE), Map 28 (BROADCAST_EDGE), Map 29 (BROADCAST_EDGE), Map 30 (BROADCAST_EDGE), Map 31 (BROADCAST_EDGE), Map 32 (BROADCAST_EDGE)
        Map 33 &amp;lt;- Map 27 (BROADCAST_EDGE), Map 35 (BROADCAST_EDGE), Map 36 (BROADCAST_EDGE), Map 37 (BROADCAST_EDGE), Map 38 (BROADCAST_EDGE), Map 39 (BROADCAST_EDGE), Map 40 (BROADCAST_EDGE), Map 41 (BROADCAST_EDGE), Map 42 (BROADCAST_EDGE), Map 43 (BROADCAST_EDGE), Reducer 24 (BROADCAST_EDGE)
        Map 5 &amp;lt;- Map 10 (BROADCAST_EDGE), Map 4 (BROADCAST_EDGE), Map 6 (BROADCAST_EDGE), Map 7 (BROADCAST_EDGE), Map 8 (BROADCAST_EDGE), Map 9 (BROADCAST_EDGE)
        Reducer 12 &amp;lt;- Map 11 (SIMPLE_EDGE), Reducer 34 (BROADCAST_EDGE)
        Reducer 13 &amp;lt;- Reducer 12 (SIMPLE_EDGE)
        Reducer 2 &amp;lt;- Map 1 (SIMPLE_EDGE)
        Reducer 24 &amp;lt;- Map 23 (SIMPLE_EDGE)
        Reducer 34 &amp;lt;- Map 33 (SIMPLE_EDGE)
#### A masked pattern was here ####
      Vertices:
        Map 1 
            Map Operator Tree:
                TableScan
                  alias: catalog_sales
                  Statistics: Num rows: 1441548 Data size: 2515527468 Basic stats: COMPLETE Column stats: NONE
                  Filter Operator
                    predicate: (cs_item_sk is not null and cs_order_number is not null) (type: boolean)
                    Statistics: Num rows: 360387 Data size: 628881867 Basic stats: COMPLETE Column stats: NONE
                    Map Join Operator
                      condition map:
                           Inner Join 0 to 1
                      keys:
                        0 cs_item_sk (type: int), cs_order_number (type: int)
                        1 cr_item_sk (type: int), cr_order_number (type: int)
                      outputColumnNames: _col14, _col24, _col60, _col61, _col62
                      input vertices:
                        1 Map 3
                      Statistics: Num rows: 396425 Data size: 691770068 Basic stats: COMPLETE Column stats: NONE
                      Group By Operator
                        aggregations: sum(_col24), sum(((_col60 + _col61) + _col62))
                        keys: _col14 (type: int)
                        mode: hash
                        outputColumnNames: _col0, _col1, _col2
                        Statistics: Num rows: 396425 Data size: 691770068 Basic stats: COMPLETE Column stats: NONE
                        Reduce Output Operator
                          key expressions: _col0 (type: int)
                          sort order: +
                          Map-reduce partition columns: _col0 (type: int)
                          Statistics: Num rows: 396425 Data size: 691770068 Basic stats: COMPLETE Column stats: NONE
                          value expressions: _col1 (type: decimal(17,2)), _col2 (type: decimal(19,2))
            Execution mode: vectorized
        Map 10 
            Map Operator Tree:
                TableScan
                  alias: store
                  Statistics: Num rows: 12 Data size: 25632 Basic stats: COMPLETE Column stats: NONE
                  Filter Operator
                    predicate: ((s_store_sk is not null and s_store_name is not null) and s_zip is not null) (type: boolean)
                    Statistics: Num rows: 2 Data size: 4272 Basic stats: COMPLETE Column stats: NONE
                    Reduce Output Operator
                      key expressions: s_store_sk (type: int)
                      sort order: +
                      Map-reduce partition columns: s_store_sk (type: int)
                      Statistics: Num rows: 2 Data size: 4272 Basic stats: COMPLETE Column stats: NONE
                      value expressions: s_store_name (type: string), s_zip (type: string)
                    Select Operator
                      expressions: s_store_sk (type: int)
                      outputColumnNames: _col0
                      Statistics: Num rows: 2 Data size: 4272 Basic stats: COMPLETE Column stats: NONE
                      Group By Operator
                        keys: _col0 (type: int)
                        mode: hash
                        outputColumnNames: _col0
                        Statistics: Num rows: 2 Data size: 4272 Basic stats: COMPLETE Column stats: NONE
                        Dynamic Partitioning Event Operator
                          Target Input: store_sales
                          Partition key expr: ss_store_sk
                          Statistics: Num rows: 2 Data size: 4272 Basic stats: COMPLETE Column stats: NONE
                          Target column: ss_store_sk
                          Target Vertex: Map 4
            Execution mode: vectorized
        Map 11 
            Map Operator Tree:
                TableScan
                  alias: cd1
                  Statistics: Num rows: 1920800 Data size: 538778449 Basic stats: COMPLETE Column stats: NONE
                  Filter Operator
                    predicate: cd_demo_sk is not null (type: boolean)
                    Statistics: Num rows: 960400 Data size: 269389224 Basic stats: COMPLETE Column stats: NONE
                    Map Join Operator
                      condition map:
                           Inner Join 0 to 1
                      keys:
                        0 _col4 (type: int)
                        1 cd_demo_sk (type: int)
                      outputColumnNames: _col2, _col5, _col6, _col7, _col10, _col11, _col18, _col51, _col52, _col53, _col107, _col138, _col168, _col188, _col197
                      input vertices:
                        0 Map 5
                      Statistics: Num rows: 1056440 Data size: 296328152 Basic stats: COMPLETE Column stats: NONE
                      Map Join Operator
                        condition map:
                             Inner Join 0 to 1
                        keys:
                          0 _col51 (type: int)
                          1 cd_demo_sk (type: int)
                        outputColumnNames: _col2, _col5, _col6, _col7, _col10, _col11, _col18, _col52, _col53, _col107, _col138, _col168, _col188, _col197, _col209
                        input vertices:
                          1 Map 14
                        Statistics: Num rows: 1162084 Data size: 325960974 Basic stats: COMPLETE Column stats: NONE
                        Map Join Operator
                          condition map:
                               Inner Join 0 to 1
                          keys:
                            0 _col7 (type: int)
                            1 p_promo_sk (type: int)
                          outputColumnNames: _col2, _col5, _col6, _col10, _col11, _col18, _col52, _col53, _col107, _col138, _col168, _col188, _col197, _col209
                          input vertices:
                            1 Map 15
                          Statistics: Num rows: 1278292 Data size: 358557079 Basic stats: COMPLETE Column stats: NONE
                          Map Join Operator
                            condition map:
                                 Inner Join 0 to 1
                            keys:
                              0 _col5 (type: int)
                              1 hd_demo_sk (type: int)
                            outputColumnNames: _col2, _col6, _col10, _col11, _col18, _col52, _col53, _col107, _col138, _col168, _col188, _col197, _col209, _col242
                            input vertices:
                              1 Map 16
                            Statistics: Num rows: 1406121 Data size: 394412795 Basic stats: COMPLETE Column stats: NONE
                            Map Join Operator
                              condition map:
                                   Inner Join 0 to 1
                              keys:
                                0 _col52 (type: int)
                                1 hd_demo_sk (type: int)
                              outputColumnNames: _col2, _col6, _col10, _col11, _col18, _col53, _col107, _col138, _col168, _col188, _col197, _col209, _col242, _col250
                              input vertices:
                                1 Map 17
                              Statistics: Num rows: 1546733 Data size: 433854083 Basic stats: COMPLETE Column stats: NONE
                              Map Join Operator
                                condition map:
                                     Inner Join 0 to 1
                                keys:
                                  0 _col6 (type: int)
                                  1 ca_address_sk (type: int)
                                outputColumnNames: _col2, _col10, _col11, _col18, _col53, _col107, _col138, _col168, _col188, _col197, _col209, _col242, _col250, _col259, _col260, _col263, _col266
                                input vertices:
                                  1 Map 18
                                Statistics: Num rows: 1701406 Data size: 477239501 Basic stats: COMPLETE Column stats: NONE
                                Map Join Operator
                                  condition map:
                                       Inner Join 0 to 1
                                  keys:
                                    0 _col53 (type: int)
                                    1 ca_address_sk (type: int)
                                  outputColumnNames: _col2, _col10, _col11, _col18, _col107, _col138, _col168, _col188, _col197, _col209, _col242, _col250, _col259, _col260, _col263, _col266, _col275, _col276, _col279, _col282
                                  input vertices:
                                    1 Map 19
                                  Statistics: Num rows: 1871546 Data size: 524963462 Basic stats: COMPLETE Column stats: NONE
                                  Map Join Operator
                                    condition map:
                                         Inner Join 0 to 1
                                    keys:
                                      0 _col242 (type: int)
                                      1 ib_income_band_sk (type: int)
                                    outputColumnNames: _col2, _col10, _col11, _col18, _col107, _col138, _col168, _col188, _col197, _col209, _col250, _col259, _col260, _col263, _col266, _col275, _col276, _col279, _col282
                                    input vertices:
                                      1 Map 20
                                    Statistics: Num rows: 2058700 Data size: 577459820 Basic stats: COMPLETE Column stats: NONE
                                    Map Join Operator
                                      condition map:
                                           Inner Join 0 to 1
                                      keys:
                                        0 _col250 (type: int)
                                        1 ib_income_band_sk (type: int)
                                      outputColumnNames: _col2, _col10, _col11, _col18, _col107, _col138, _col168, _col188, _col197, _col209, _col259, _col260, _col263, _col266, _col275, _col276, _col279, _col282
                                      input vertices:
                                        1 Map 21
                                      Statistics: Num rows: 2264570 Data size: 635205815 Basic stats: COMPLETE Column stats: NONE
                                      Map Join Operator
                                        condition map:
                                             Inner Join 0 to 1
                                             Inner Join 0 to 2
                                        keys:
                                          0 _col2 (type: int)
                                          1 i_item_sk (type: int)
                                          2 _col0 (type: int)
                                        outputColumnNames: _col10, _col11, _col18, _col107, _col138, _col168, _col188, _col197, _col209, _col259, _col260, _col263, _col266, _col275, _col276, _col279, _col282, _col301, _col306, _col318, _col322
                                        input vertices:
                                          1 Map 22
                                          2 Reducer 2
                                        Statistics: Num rows: 4982054 Data size: 1397452823 Basic stats: COMPLETE Column stats: NONE
                                        Filter Operator
                                          predicate: ((((_col197 &amp;lt;&amp;gt; _col209) and (_col318) IN (&apos;maroon&apos;, &apos;burnished&apos;, &apos;dim&apos;, &apos;steel&apos;, &apos;navajo&apos;, &apos;chocolate&apos;)) and _col306 BETWEEN 35 AND 45) and _col306 BETWEEN 36 AND 50) (type: boolean)
                                          Statistics: Num rows: 622756 Data size: 174681392 Basic stats: COMPLETE Column stats: NONE
                                          Select Operator
                                            expressions: _col322 (type: string), _col301 (type: int), _col168 (type: string), _col188 (type: string), _col259 (type: string), _col260 (type: string), _col263 (type: string), _col266 (type: string), _col275 (type: string), _col276 (type: string), _col279 (type: string), _col282 (type: string), 2000 (type: int), _col107 (type: int), _col138 (type: int), _col10 (type: decimal(7,2)), _col11 (type: decimal(7,2)), _col18 (type: decimal(7,2))
                                            outputColumnNames: _col322, _col301, _col168, _col188, _col259, _col260, _col263, _col266, _col275, _col276, _col279, _col282, _col76, _col107, _col138, _col10, _col11, _col18
                                            Statistics: Num rows: 622756 Data size: 174681392 Basic stats: COMPLETE Column stats: NONE
                                            Group By Operator
                                              aggregations: count(), sum(_col10), sum(_col11), sum(_col18)
                                              keys: _col322 (type: string), _col301 (type: int), _col168 (type: string), _col188 (type: string), _col259 (type: string), _col260 (type: string), _col263 (type: string), _col266 (type: string), _col275 (type: string), _col276 (type: string), _col279 (type: string), _col282 (type: string), _col76 (type: int), _col107 (type: int), _col138 (type: int)
                                              mode: hash
                                              outputColumnNames: _col0, _col1, _col2, _col3, _col4, _col5, _col6, _col7, _col8, _col9, _col10, _col11, _col12, _col13, _col14, _col15, _col16, _col17, _col18
                                              Statistics: Num rows: 622756 Data size: 174681392 Basic stats: COMPLETE Column stats: NONE
                                              Reduce Output Operator
                                                key expressions: _col0 (type: string), _col1 (type: int), _col2 (type: string), _col3 (type: string), _col4 (type: string), _col5 (type: string), _col6 (type: string), _col7 (type: string), _col8 (type: string), _col9 (type: string), _col10 (type: string), _col11 (type: string), _col12 (type: int), _col13 (type: int), _col14 (type: int)
                                                sort order: +++++++++++++++
                                                Map-reduce partition columns: _col0 (type: string), _col1 (type: int), _col2 (type: string), _col3 (type: string), _col4 (type: string), _col5 (type: string), _col6 (type: string), _col7 (type: string), _col8 (type: string), _col9 (type: string), _col10 (type: string), _col11 (type: string), _col12 (type: int), _col13 (type: int), _col14 (type: int)
                                                Statistics: Num rows: 622756 Data size: 174681392 Basic stats: COMPLETE Column stats: NONE
                                                value expressions: _col15 (type: bigint), _col16 (type: decimal(17,2)), _col17 (type: decimal(17,2)), _col18 (type: decimal(17,2))
            Execution mode: vectorized
        Map 14 
            Map Operator Tree:
                TableScan
                  alias: cd2
                  Statistics: Num rows: 1920800 Data size: 538778449 Basic stats: COMPLETE Column stats: NONE
                  Filter Operator
                    predicate: cd_demo_sk is not null (type: boolean)
                    Statistics: Num rows: 960400 Data size: 269389224 Basic stats: COMPLETE Column stats: NONE
                    Reduce Output Operator
                      key expressions: cd_demo_sk (type: int)
                      sort order: +
                      Map-reduce partition columns: cd_demo_sk (type: int)
                      Statistics: Num rows: 960400 Data size: 269389224 Basic stats: COMPLETE Column stats: NONE
                      value expressions: cd_marital_status (type: string)
            Execution mode: vectorized
        Map 15 
            Map Operator Tree:
                TableScan
                  alias: promotion
                  Statistics: Num rows: 300 Data size: 385624 Basic stats: COMPLETE Column stats: NONE
                  Filter Operator
                    predicate: p_promo_sk is not null (type: boolean)
                    Statistics: Num rows: 150 Data size: 192812 Basic stats: COMPLETE Column stats: NONE
                    Reduce Output Operator
                      key expressions: p_promo_sk (type: int)
                      sort order: +
                      Map-reduce partition columns: p_promo_sk (type: int)
                      Statistics: Num rows: 150 Data size: 192812 Basic stats: COMPLETE Column stats: NONE
            Execution mode: vectorized
        Map 16 
            Map Operator Tree:
                TableScan
                  alias: hd1
                  Statistics: Num rows: 7200 Data size: 770400 Basic stats: COMPLETE Column stats: NONE
                  Filter Operator
                    predicate: (hd_demo_sk is not null and hd_income_band_sk is not null) (type: boolean)
                    Statistics: Num rows: 1800 Data size: 192600 Basic stats: COMPLETE Column stats: NONE
                    Reduce Output Operator
                      key expressions: hd_demo_sk (type: int)
                      sort order: +
                      Map-reduce partition columns: hd_demo_sk (type: int)
                      Statistics: Num rows: 1800 Data size: 192600 Basic stats: COMPLETE Column stats: NONE
                      value expressions: hd_income_band_sk (type: int)
            Execution mode: vectorized
        Map 17 
            Map Operator Tree:
                TableScan
                  alias: hd2
                  Statistics: Num rows: 7200 Data size: 770400 Basic stats: COMPLETE Column stats: NONE
                  Filter Operator
                    predicate: (hd_demo_sk is not null and hd_income_band_sk is not null) (type: boolean)
                    Statistics: Num rows: 1800 Data size: 192600 Basic stats: COMPLETE Column stats: NONE
                    Reduce Output Operator
                      key expressions: hd_demo_sk (type: int)
                      sort order: +
                      Map-reduce partition columns: hd_demo_sk (type: int)
                      Statistics: Num rows: 1800 Data size: 192600 Basic stats: COMPLETE Column stats: NONE
                      value expressions: hd_income_band_sk (type: int)
            Execution mode: vectorized
        Map 18 
            Map Operator Tree:
                TableScan
                  alias: ad1
                  Statistics: Num rows: 50000 Data size: 55975728 Basic stats: COMPLETE Column stats: NONE
                  Filter Operator
                    predicate: ca_address_sk is not null (type: boolean)
                    Statistics: Num rows: 25000 Data size: 27987864 Basic stats: COMPLETE Column stats: NONE
                    Reduce Output Operator
                      key expressions: ca_address_sk (type: int)
                      sort order: +
                      Map-reduce partition columns: ca_address_sk (type: int)
                      Statistics: Num rows: 25000 Data size: 27987864 Basic stats: COMPLETE Column stats: NONE
                      value expressions: ca_street_number (type: string), ca_street_name (type: string), ca_city (type: string), ca_zip (type: string)
            Execution mode: vectorized
        Map 19 
            Map Operator Tree:
                TableScan
                  alias: ad2
                  Statistics: Num rows: 50000 Data size: 55975728 Basic stats: COMPLETE Column stats: NONE
                  Filter Operator
                    predicate: ca_address_sk is not null (type: boolean)
                    Statistics: Num rows: 25000 Data size: 27987864 Basic stats: COMPLETE Column stats: NONE
                    Reduce Output Operator
                      key expressions: ca_address_sk (type: int)
                      sort order: +
                      Map-reduce partition columns: ca_address_sk (type: int)
                      Statistics: Num rows: 25000 Data size: 27987864 Basic stats: COMPLETE Column stats: NONE
                      value expressions: ca_street_number (type: string), ca_street_name (type: string), ca_city (type: string), ca_zip (type: string)
            Execution mode: vectorized
        Map 20 
            Map Operator Tree:
                TableScan
                  alias: ib1
                  Statistics: Num rows: 20 Data size: 240 Basic stats: COMPLETE Column stats: NONE
                  Filter Operator
                    predicate: ib_income_band_sk is not null (type: boolean)
                    Statistics: Num rows: 10 Data size: 120 Basic stats: COMPLETE Column stats: NONE
                    Reduce Output Operator
                      key expressions: ib_income_band_sk (type: int)
                      sort order: +
                      Map-reduce partition columns: ib_income_band_sk (type: int)
                      Statistics: Num rows: 10 Data size: 120 Basic stats: COMPLETE Column stats: NONE
            Execution mode: vectorized
        Map 21 
            Map Operator Tree:
                TableScan
                  alias: ib2
                  Statistics: Num rows: 20 Data size: 240 Basic stats: COMPLETE Column stats: NONE
                  Filter Operator
                    predicate: ib_income_band_sk is not null (type: boolean)
                    Statistics: Num rows: 10 Data size: 120 Basic stats: COMPLETE Column stats: NONE
                    Reduce Output Operator
                      key expressions: ib_income_band_sk (type: int)
                      sort order: +
                      Map-reduce partition columns: ib_income_band_sk (type: int)
                      Statistics: Num rows: 10 Data size: 120 Basic stats: COMPLETE Column stats: NONE
            Execution mode: vectorized
        Map 22 
            Map Operator Tree:
                TableScan
                  alias: item
                  Statistics: Num rows: 18000 Data size: 29671008 Basic stats: COMPLETE Column stats: NONE
                  Filter Operator
                    predicate: (((i_item_sk is not null and (i_color) IN (&apos;maroon&apos;, &apos;burnished&apos;, &apos;dim&apos;, &apos;steel&apos;, &apos;navajo&apos;, &apos;chocolate&apos;)) and i_current_price BETWEEN 35 AND 45) and i_current_price BETWEEN 36 AND 50) (type: boolean)
                    Statistics: Num rows: 1125 Data size: 1854438 Basic stats: COMPLETE Column stats: NONE
                    Reduce Output Operator
                      key expressions: i_item_sk (type: int)
                      sort order: +
                      Map-reduce partition columns: i_item_sk (type: int)
                      Statistics: Num rows: 1125 Data size: 1854438 Basic stats: COMPLETE Column stats: NONE
                      value expressions: i_current_price (type: decimal(7,2)), i_color (type: string), i_product_name (type: string)
            Execution mode: vectorized
        Map 23 
            Map Operator Tree:
                TableScan
                  alias: catalog_sales
                  Statistics: Num rows: 1441548 Data size: 2515527468 Basic stats: COMPLETE Column stats: NONE
                  Filter Operator
                    predicate: (cs_item_sk is not null and cs_order_number is not null) (type: boolean)
                    Statistics: Num rows: 360387 Data size: 628881867 Basic stats: COMPLETE Column stats: NONE
                    Map Join Operator
                      condition map:
                           Inner Join 0 to 1
                      keys:
                        0 cs_item_sk (type: int), cs_order_number (type: int)
                        1 cr_item_sk (type: int), cr_order_number (type: int)
                      outputColumnNames: _col14, _col24, _col60, _col61, _col62
                      input vertices:
                        1 Map 25
                      Statistics: Num rows: 396425 Data size: 691770068 Basic stats: COMPLETE Column stats: NONE
                      Group By Operator
                        aggregations: sum(_col24), sum(((_col60 + _col61) + _col62))
                        keys: _col14 (type: int)
                        mode: hash
                        outputColumnNames: _col0, _col1, _col2
                        Statistics: Num rows: 396425 Data size: 691770068 Basic stats: COMPLETE Column stats: NONE
                        Reduce Output Operator
                          key expressions: _col0 (type: int)
                          sort order: +
                          Map-reduce partition columns: _col0 (type: int)
                          Statistics: Num rows: 396425 Data size: 691770068 Basic stats: COMPLETE Column stats: NONE
                          value expressions: _col1 (type: decimal(17,2)), _col2 (type: decimal(19,2))
            Execution mode: vectorized
        Map 25 
            Map Operator Tree:
                TableScan
                  alias: catalog_returns
                  Statistics: Num rows: 144067 Data size: 152549408 Basic stats: COMPLETE Column stats: NONE
                  Filter Operator
                    predicate: (cr_item_sk is not null and cr_order_number is not null) (type: boolean)
                    Statistics: Num rows: 36017 Data size: 38137616 Basic stats: COMPLETE Column stats: NONE
                    Reduce Output Operator
                      key expressions: cr_item_sk (type: int), cr_order_number (type: int)
                      sort order: ++
                      Map-reduce partition columns: cr_item_sk (type: int), cr_order_number (type: int)
                      Statistics: Num rows: 36017 Data size: 38137616 Basic stats: COMPLETE Column stats: NONE
                      value expressions: cr_refunded_cash (type: decimal(7,2)), cr_reversed_charge (type: decimal(7,2)), cr_store_credit (type: decimal(7,2))
            Execution mode: vectorized
        Map 26 
            Map Operator Tree:
                TableScan
                  alias: store_sales
                  Statistics: Num rows: 2750370 Data size: 3717170032 Basic stats: COMPLETE Column stats: NONE
                  Filter Operator
                    predicate: (((((((ss_item_sk is not null and ss_ticket_number is not null) and ss_customer_sk is not null) and ss_sold_date_sk is not null) and ss_cdemo_sk is not null) and ss_promo_sk is not null) and ss_hdemo_sk is not null) and ss_addr_sk is not null) (type: boolean)
                    Statistics: Num rows: 10744 Data size: 14520691 Basic stats: COMPLETE Column stats: NONE
                    Reduce Output Operator
                      key expressions: ss_item_sk (type: int), ss_ticket_number (type: int)
                      sort order: ++
                      Map-reduce partition columns: ss_item_sk (type: int), ss_ticket_number (type: int)
                      Statistics: Num rows: 10744 Data size: 14520691 Basic stats: COMPLETE Column stats: NONE
                      value expressions: ss_sold_date_sk (type: int), ss_customer_sk (type: int), ss_cdemo_sk (type: int), ss_hdemo_sk (type: int), ss_addr_sk (type: int), ss_promo_sk (type: int), ss_wholesale_cost (type: decimal(7,2)), ss_list_price (type: decimal(7,2)), ss_coupon_amt (type: decimal(7,2)), ss_store_sk (type: int)
            Execution mode: vectorized
        Map 27 
            Map Operator Tree:
                TableScan
                  alias: store_returns
                  Statistics: Num rows: 287514 Data size: 291997400 Basic stats: COMPLETE Column stats: NONE
                  Filter Operator
                    predicate: (sr_item_sk is not null and sr_ticket_number is not null) (type: boolean)
                    Statistics: Num rows: 71879 Data size: 72999857 Basic stats: COMPLETE Column stats: NONE
                    Map Join Operator
                      condition map:
                           Inner Join 0 to 1
                      keys:
                        0 ss_item_sk (type: int), ss_ticket_number (type: int)
                        1 sr_item_sk (type: int), sr_ticket_number (type: int)
                      outputColumnNames: _col0, _col2, _col3, _col4, _col5, _col6, _col7, _col10, _col11, _col18, _col22
                      input vertices:
                        0 Map 26
                      Statistics: Num rows: 79066 Data size: 80299844 Basic stats: COMPLETE Column stats: NONE
                      Map Join Operator
                        condition map:
                             Inner Join 0 to 1
                        keys:
                          0 _col3 (type: int)
                          1 c_customer_sk (type: int)
                        outputColumnNames: _col0, _col2, _col4, _col5, _col6, _col7, _col10, _col11, _col18, _col22, _col51, _col52, _col53, _col54, _col55
                        input vertices:
                          1 Map 28
                        Statistics: Num rows: 86972 Data size: 88329830 Basic stats: COMPLETE Column stats: NONE
                        Map Join Operator
                          condition map:
                               Inner Join 0 to 1
                          keys:
                            0 _col0 (type: int)
                            1 d_date_sk (type: int)
                          outputColumnNames: _col2, _col4, _col5, _col6, _col7, _col10, _col11, _col18, _col22, _col51, _col52, _col53, _col54, _col55
                          input vertices:
                            1 Map 29
                          Statistics: Num rows: 95669 Data size: 97162815 Basic stats: COMPLETE Column stats: NONE
                          Map Join Operator
                            condition map:
                                 Inner Join 0 to 1
                            keys:
                              0 _col55 (type: int)
                              1 d_date_sk (type: int)
                            outputColumnNames: _col2, _col4, _col5, _col6, _col7, _col10, _col11, _col18, _col22, _col51, _col52, _col53, _col54, _col107
                            input vertices:
                              1 Map 30
                            Statistics: Num rows: 105235 Data size: 106879098 Basic stats: COMPLETE Column stats: NONE
                            Map Join Operator
                              condition map:
                                   Inner Join 0 to 1
                              keys:
                                0 _col54 (type: int)
                                1 d_date_sk (type: int)
                              outputColumnNames: _col2, _col4, _col5, _col6, _col7, _col10, _col11, _col18, _col22, _col51, _col52, _col53, _col107, _col138
                              input vertices:
                                1 Map 31
                              Statistics: Num rows: 115758 Data size: 117567010 Basic stats: COMPLETE Column stats: NONE
                              Map Join Operator
                                condition map:
                                     Inner Join 0 to 1
                                keys:
                                  0 _col22 (type: int)
                                  1 s_store_sk (type: int)
                                outputColumnNames: _col2, _col4, _col5, _col6, _col7, _col10, _col11, _col18, _col51, _col52, _col53, _col107, _col138, _col168, _col188
                                input vertices:
                                  1 Map 32
                                Statistics: Num rows: 127333 Data size: 129323713 Basic stats: COMPLETE Column stats: NONE
                                Reduce Output Operator
                                  key expressions: _col4 (type: int)
                                  sort order: +
                                  Map-reduce partition columns: _col4 (type: int)
                                  Statistics: Num rows: 127333 Data size: 129323713 Basic stats: COMPLETE Column stats: NONE
                                  value expressions: _col2 (type: int), _col5 (type: int), _col6 (type: int), _col7 (type: int), _col10 (type: decimal(7,2)), _col11 (type: decimal(7,2)), _col18 (type: decimal(7,2)), _col51 (type: int), _col52 (type: int), _col53 (type: int), _col107 (type: int), _col138 (type: int), _col168 (type: string), _col188 (type: string)
            Execution mode: vectorized
        Map 28 
            Map Operator Tree:
                TableScan
                  alias: customer
                  Statistics: Num rows: 100000 Data size: 85628164 Basic stats: COMPLETE Column stats: NONE
                  Filter Operator
                    predicate: (((((c_customer_sk is not null and c_first_sales_date_sk is not null) and c_first_shipto_date_sk is not null) and c_current_cdemo_sk is not null) and c_current_hdemo_sk is not null) and c_current_addr_sk is not null) (type: boolean)
                    Statistics: Num rows: 1563 Data size: 1338368 Basic stats: COMPLETE Column stats: NONE
                    Reduce Output Operator
                      key expressions: c_customer_sk (type: int)
                      sort order: +
                      Map-reduce partition columns: c_customer_sk (type: int)
                      Statistics: Num rows: 1563 Data size: 1338368 Basic stats: COMPLETE Column stats: NONE
                      value expressions: c_current_cdemo_sk (type: int), c_current_hdemo_sk (type: int), c_current_addr_sk (type: int), c_first_shipto_date_sk (type: int), c_first_sales_date_sk (type: int)
            Execution mode: vectorized
        Map 29 
            Map Operator Tree:
                TableScan
                  alias: d1
                  Statistics: Num rows: 73049 Data size: 81741831 Basic stats: COMPLETE Column stats: NONE
                  Filter Operator
                    predicate: (d_date_sk is not null and (d_year = 2001)) (type: boolean)
                    Statistics: Num rows: 18262 Data size: 20435178 Basic stats: COMPLETE Column stats: NONE
                    Reduce Output Operator
                      key expressions: d_date_sk (type: int)
                      sort order: +
                      Map-reduce partition columns: d_date_sk (type: int)
                      Statistics: Num rows: 18262 Data size: 20435178 Basic stats: COMPLETE Column stats: NONE
            Execution mode: vectorized
        Map 3 
            Map Operator Tree:
                TableScan
                  alias: catalog_returns
                  Statistics: Num rows: 144067 Data size: 152549408 Basic stats: COMPLETE Column stats: NONE
                  Filter Operator
                    predicate: (cr_item_sk is not null and cr_order_number is not null) (type: boolean)
                    Statistics: Num rows: 36017 Data size: 38137616 Basic stats: COMPLETE Column stats: NONE
                    Reduce Output Operator
                      key expressions: cr_item_sk (type: int), cr_order_number (type: int)
                      sort order: ++
                      Map-reduce partition columns: cr_item_sk (type: int), cr_order_number (type: int)
                      Statistics: Num rows: 36017 Data size: 38137616 Basic stats: COMPLETE Column stats: NONE
                      value expressions: cr_refunded_cash (type: decimal(7,2)), cr_reversed_charge (type: decimal(7,2)), cr_store_credit (type: decimal(7,2))
            Execution mode: vectorized
        Map 30 
            Map Operator Tree:
                TableScan
                  alias: d2
                  Statistics: Num rows: 73049 Data size: 81741831 Basic stats: COMPLETE Column stats: NONE
                  Filter Operator
                    predicate: d_date_sk is not null (type: boolean)
                    Statistics: Num rows: 36525 Data size: 40871475 Basic stats: COMPLETE Column stats: NONE
                    Reduce Output Operator
                      key expressions: d_date_sk (type: int)
                      sort order: +
                      Map-reduce partition columns: d_date_sk (type: int)
                      Statistics: Num rows: 36525 Data size: 40871475 Basic stats: COMPLETE Column stats: NONE
                      value expressions: d_year (type: int)
            Execution mode: vectorized
        Map 31 
            Map Operator Tree:
                TableScan
                  alias: d3
                  Statistics: Num rows: 73049 Data size: 81741831 Basic stats: COMPLETE Column stats: NONE
                  Filter Operator
                    predicate: d_date_sk is not null (type: boolean)
                    Statistics: Num rows: 36525 Data size: 40871475 Basic stats: COMPLETE Column stats: NONE
                    Reduce Output Operator
                      key expressions: d_date_sk (type: int)
                      sort order: +
                      Map-reduce partition columns: d_date_sk (type: int)
                      Statistics: Num rows: 36525 Data size: 40871475 Basic stats: COMPLETE Column stats: NONE
                      value expressions: d_year (type: int)
            Execution mode: vectorized
        Map 32 
            Map Operator Tree:
                TableScan
                  alias: store
                  Statistics: Num rows: 12 Data size: 25632 Basic stats: COMPLETE Column stats: NONE
                  Filter Operator
                    predicate: ((s_store_sk is not null and s_store_name is not null) and s_zip is not null) (type: boolean)
                    Statistics: Num rows: 2 Data size: 4272 Basic stats: COMPLETE Column stats: NONE
                    Reduce Output Operator
                      key expressions: s_store_sk (type: int)
                      sort order: +
                      Map-reduce partition columns: s_store_sk (type: int)
                      Statistics: Num rows: 2 Data size: 4272 Basic stats: COMPLETE Column stats: NONE
                      value expressions: s_store_name (type: string), s_zip (type: string)
                    Select Operator
                      expressions: s_store_sk (type: int)
                      outputColumnNames: _col0
                      Statistics: Num rows: 2 Data size: 4272 Basic stats: COMPLETE Column stats: NONE
                      Group By Operator
                        keys: _col0 (type: int)
                        mode: hash
                        outputColumnNames: _col0
                        Statistics: Num rows: 2 Data size: 4272 Basic stats: COMPLETE Column stats: NONE
                        Dynamic Partitioning Event Operator
                          Target Input: store_sales
                          Partition key expr: ss_store_sk
                          Statistics: Num rows: 2 Data size: 4272 Basic stats: COMPLETE Column stats: NONE
                          Target column: ss_store_sk
                          Target Vertex: Map 26
            Execution mode: vectorized
        Map 33 
            Map Operator Tree:
                TableScan
                  alias: cd1
                  Statistics: Num rows: 1920800 Data size: 538778449 Basic stats: COMPLETE Column stats: NONE
                  Filter Operator
                    predicate: cd_demo_sk is not null (type: boolean)
                    Statistics: Num rows: 960400 Data size: 269389224 Basic stats: COMPLETE Column stats: NONE
                    Map Join Operator
                      condition map:
                           Inner Join 0 to 1
                      keys:
                        0 _col4 (type: int)
                        1 cd_demo_sk (type: int)
                      outputColumnNames: _col2, _col5, _col6, _col7, _col10, _col11, _col18, _col51, _col52, _col53, _col107, _col138, _col168, _col188, _col197
                      input vertices:
                        0 Map 27
                      Statistics: Num rows: 1056440 Data size: 296328152 Basic stats: COMPLETE Column stats: NONE
                      Map Join Operator
                        condition map:
                             Inner Join 0 to 1
                        keys:
                          0 _col51 (type: int)
                          1 cd_demo_sk (type: int)
                        outputColumnNames: _col2, _col5, _col6, _col7, _col10, _col11, _col18, _col52, _col53, _col107, _col138, _col168, _col188, _col197, _col209
                        input vertices:
                          1 Map 35
                        Statistics: Num rows: 1162084 Data size: 325960974 Basic stats: COMPLETE Column stats: NONE
                        Map Join Operator
                          condition map:
                               Inner Join 0 to 1
                          keys:
                            0 _col7 (type: int)
                            1 p_promo_sk (type: int)
                          outputColumnNames: _col2, _col5, _col6, _col10, _col11, _col18, _col52, _col53, _col107, _col138, _col168, _col188, _col197, _col209
                          input vertices:
                            1 Map 36
                          Statistics: Num rows: 1278292 Data size: 358557079 Basic stats: COMPLETE Column stats: NONE
                          Map Join Operator
                            condition map:
                                 Inner Join 0 to 1
                            keys:
                              0 _col5 (type: int)
                              1 hd_demo_sk (type: int)
                            outputColumnNames: _col2, _col6, _col10, _col11, _col18, _col52, _col53, _col107, _col138, _col168, _col188, _col197, _col209, _col242
                            input vertices:
                              1 Map 37
                            Statistics: Num rows: 1406121 Data size: 394412795 Basic stats: COMPLETE Column stats: NONE
                            Map Join Operator
                              condition map:
                                   Inner Join 0 to 1
                              keys:
                                0 _col52 (type: int)
                                1 hd_demo_sk (type: int)
                              outputColumnNames: _col2, _col6, _col10, _col11, _col18, _col53, _col107, _col138, _col168, _col188, _col197, _col209, _col242, _col250
                              input vertices:
                                1 Map 38
                              Statistics: Num rows: 1546733 Data size: 433854083 Basic stats: COMPLETE Column stats: NONE
                              Map Join Operator
                                condition map:
                                     Inner Join 0 to 1
                                keys:
                                  0 _col6 (type: int)
                                  1 ca_address_sk (type: int)
                                outputColumnNames: _col2, _col10, _col11, _col18, _col53, _col107, _col138, _col168, _col188, _col197, _col209, _col242, _col250, _col259, _col260, _col263, _col266
                                input vertices:
                                  1 Map 39
                                Statistics: Num rows: 1701406 Data size: 477239501 Basic stats: COMPLETE Column stats: NONE
                                Map Join Operator
                                  condition map:
                                       Inner Join 0 to 1
                                  keys:
                                    0 _col53 (type: int)
                                    1 ca_address_sk (type: int)
                                  outputColumnNames: _col2, _col10, _col11, _col18, _col107, _col138, _col168, _col188, _col197, _col209, _col242, _col250, _col259, _col260, _col263, _col266, _col275, _col276, _col279, _col282
                                  input vertices:
                                    1 Map 40
                                  Statistics: Num rows: 1871546 Data size: 524963462 Basic stats: COMPLETE Column stats: NONE
                                  Map Join Operator
                                    condition map:
                                         Inner Join 0 to 1
                                    keys:
                                      0 _col242 (type: int)
                                      1 ib_income_band_sk (type: int)
                                    outputColumnNames: _col2, _col10, _col11, _col18, _col107, _col138, _col168, _col188, _col197, _col209, _col250, _col259, _col260, _col263, _col266, _col275, _col276, _col279, _col282
                                    input vertices:
                                      1 Map 41
                                    Statistics: Num rows: 2058700 Data size: 577459820 Basic stats: COMPLETE Column stats: NONE
                                    Map Join Operator
                                      condition map:
                                           Inner Join 0 to 1
                                      keys:
                                        0 _col250 (type: int)
                                        1 ib_income_band_sk (type: int)
                                      outputColumnNames: _col2, _col10, _col11, _col18, _col107, _col138, _col168, _col188, _col197, _col209, _col259, _col260, _col263, _col266, _col275, _col276, _col279, _col282
                                      input vertices:
                                        1 Map 42
                                      Statistics: Num rows: 2264570 Data size: 635205815 Basic stats: COMPLETE Column stats: NONE
                                      Map Join Operator
                                        condition map:
                                             Inner Join 0 to 1
                                             Inner Join 0 to 2
                                        keys:
                                          0 _col2 (type: int)
                                          1 i_item_sk (type: int)
                                          2 _col0 (type: int)
                                        outputColumnNames: _col10, _col11, _col18, _col107, _col138, _col168, _col188, _col197, _col209, _col259, _col260, _col263, _col266, _col275, _col276, _col279, _col282, _col301, _col306, _col318, _col322
                                        input vertices:
                                          1 Map 43
                                          2 Reducer 24
                                        Statistics: Num rows: 4982054 Data size: 1397452823 Basic stats: COMPLETE Column stats: NONE
                                        Filter Operator
                                          predicate: ((((_col197 &amp;lt;&amp;gt; _col209) and (_col318) IN (&apos;maroon&apos;, &apos;burnished&apos;, &apos;dim&apos;, &apos;steel&apos;, &apos;navajo&apos;, &apos;chocolate&apos;)) and _col306 BETWEEN 35 AND 45) and _col306 BETWEEN 36 AND 50) (type: boolean)
                                          Statistics: Num rows: 622756 Data size: 174681392 Basic stats: COMPLETE Column stats: NONE
                                          Select Operator
                                            expressions: _col322 (type: string), _col301 (type: int), _col168 (type: string), _col188 (type: string), _col259 (type: string), _col260 (type: string), _col263 (type: string), _col266 (type: string), _col275 (type: string), _col276 (type: string), _col279 (type: string), _col282 (type: string), 2001 (type: int), _col107 (type: int), _col138 (type: int), _col10 (type: decimal(7,2)), _col11 (type: decimal(7,2)), _col18 (type: decimal(7,2))
                                            outputColumnNames: _col322, _col301, _col168, _col188, _col259, _col260, _col263, _col266, _col275, _col276, _col279, _col282, _col76, _col107, _col138, _col10, _col11, _col18
                                            Statistics: Num rows: 622756 Data size: 174681392 Basic stats: COMPLETE Column stats: NONE
                                            Group By Operator
                                              aggregations: count(), sum(_col10), sum(_col11), sum(_col18)
                                              keys: _col322 (type: string), _col301 (type: int), _col168 (type: string), _col188 (type: string), _col259 (type: string), _col260 (type: string), _col263 (type: string), _col266 (type: string), _col275 (type: string), _col276 (type: string), _col279 (type: string), _col282 (type: string), _col76 (type: int), _col107 (type: int), _col138 (type: int)
                                              mode: hash
                                              outputColumnNames: _col0, _col1, _col2, _col3, _col4, _col5, _col6, _col7, _col8, _col9, _col10, _col11, _col12, _col13, _col14, _col15, _col16, _col17, _col18
                                              Statistics: Num rows: 622756 Data size: 174681392 Basic stats: COMPLETE Column stats: NONE
                                              Reduce Output Operator
                                                key expressions: _col0 (type: string), _col1 (type: int), _col2 (type: string), _col3 (type: string), _col4 (type: string), _col5 (type: string), _col6 (type: string), _col7 (type: string), _col8 (type: string), _col9 (type: string), _col10 (type: string), _col11 (type: string), _col12 (type: int), _col13 (type: int), _col14 (type: int)
                                                sort order: +++++++++++++++
                                                Map-reduce partition columns: _col0 (type: string), _col1 (type: int), _col2 (type: string), _col3 (type: string), _col4 (type: string), _col5 (type: string), _col6 (type: string), _col7 (type: string), _col8 (type: string), _col9 (type: string), _col10 (type: string), _col11 (type: string), _col12 (type: int), _col13 (type: int), _col14 (type: int)
                                                Statistics: Num rows: 622756 Data size: 174681392 Basic stats: COMPLETE Column stats: NONE
                                                value expressions: _col15 (type: bigint), _col16 (type: decimal(17,2)), _col17 (type: decimal(17,2)), _col18 (type: decimal(17,2))
            Execution mode: vectorized
        Map 35 
            Map Operator Tree:
                TableScan
                  alias: cd2
                  Statistics: Num rows: 1920800 Data size: 538778449 Basic stats: COMPLETE Column stats: NONE
                  Filter Operator
                    predicate: cd_demo_sk is not null (type: boolean)
                    Statistics: Num rows: 960400 Data size: 269389224 Basic stats: COMPLETE Column stats: NONE
                    Reduce Output Operator
                      key expressions: cd_demo_sk (type: int)
                      sort order: +
                      Map-reduce partition columns: cd_demo_sk (type: int)
                      Statistics: Num rows: 960400 Data size: 269389224 Basic stats: COMPLETE Column stats: NONE
                      value expressions: cd_marital_status (type: string)
            Execution mode: vectorized
        Map 36 
            Map Operator Tree:
                TableScan
                  alias: promotion
                  Statistics: Num rows: 300 Data size: 385624 Basic stats: COMPLETE Column stats: NONE
                  Filter Operator
                    predicate: p_promo_sk is not null (type: boolean)
                    Statistics: Num rows: 150 Data size: 192812 Basic stats: COMPLETE Column stats: NONE
                    Reduce Output Operator
                      key expressions: p_promo_sk (type: int)
                      sort order: +
                      Map-reduce partition columns: p_promo_sk (type: int)
                      Statistics: Num rows: 150 Data size: 192812 Basic stats: COMPLETE Column stats: NONE
            Execution mode: vectorized
        Map 37 
            Map Operator Tree:
                TableScan
                  alias: hd1
                  Statistics: Num rows: 7200 Data size: 770400 Basic stats: COMPLETE Column stats: NONE
                  Filter Operator
                    predicate: (hd_demo_sk is not null and hd_income_band_sk is not null) (type: boolean)
                    Statistics: Num rows: 1800 Data size: 192600 Basic stats: COMPLETE Column stats: NONE
                    Reduce Output Operator
                      key expressions: hd_demo_sk (type: int)
                      sort order: +
                      Map-reduce partition columns: hd_demo_sk (type: int)
                      Statistics: Num rows: 1800 Data size: 192600 Basic stats: COMPLETE Column stats: NONE
                      value expressions: hd_income_band_sk (type: int)
            Execution mode: vectorized
        Map 38 
            Map Operator Tree:
                TableScan
                  alias: hd2
                  Statistics: Num rows: 7200 Data size: 770400 Basic stats: COMPLETE Column stats: NONE
                  Filter Operator
                    predicate: (hd_demo_sk is not null and hd_income_band_sk is not null) (type: boolean)
                    Statistics: Num rows: 1800 Data size: 192600 Basic stats: COMPLETE Column stats: NONE
                    Reduce Output Operator
                      key expressions: hd_demo_sk (type: int)
                      sort order: +
                      Map-reduce partition columns: hd_demo_sk (type: int)
                      Statistics: Num rows: 1800 Data size: 192600 Basic stats: COMPLETE Column stats: NONE
                      value expressions: hd_income_band_sk (type: int)
            Execution mode: vectorized
        Map 39 
            Map Operator Tree:
                TableScan
                  alias: ad1
                  Statistics: Num rows: 50000 Data size: 55975728 Basic stats: COMPLETE Column stats: NONE
                  Filter Operator
                    predicate: ca_address_sk is not null (type: boolean)
                    Statistics: Num rows: 25000 Data size: 27987864 Basic stats: COMPLETE Column stats: NONE
                    Reduce Output Operator
                      key expressions: ca_address_sk (type: int)
                      sort order: +
                      Map-reduce partition columns: ca_address_sk (type: int)
                      Statistics: Num rows: 25000 Data size: 27987864 Basic stats: COMPLETE Column stats: NONE
                      value expressions: ca_street_number (type: string), ca_street_name (type: string), ca_city (type: string), ca_zip (type: string)
            Execution mode: vectorized
        Map 4 
            Map Operator Tree:
                TableScan
                  alias: store_sales
                  Statistics: Num rows: 2750370 Data size: 3717170032 Basic stats: COMPLETE Column stats: NONE
                  Filter Operator
                    predicate: (((((((ss_item_sk is not null and ss_ticket_number is not null) and ss_customer_sk is not null) and ss_sold_date_sk is not null) and ss_cdemo_sk is not null) and ss_promo_sk is not null) and ss_hdemo_sk is not null) and ss_addr_sk is not null) (type: boolean)
                    Statistics: Num rows: 10744 Data size: 14520691 Basic stats: COMPLETE Column stats: NONE
                    Reduce Output Operator
                      key expressions: ss_item_sk (type: int), ss_ticket_number (type: int)
                      sort order: ++
                      Map-reduce partition columns: ss_item_sk (type: int), ss_ticket_number (type: int)
                      Statistics: Num rows: 10744 Data size: 14520691 Basic stats: COMPLETE Column stats: NONE
                      value expressions: ss_sold_date_sk (type: int), ss_customer_sk (type: int), ss_cdemo_sk (type: int), ss_hdemo_sk (type: int), ss_addr_sk (type: int), ss_promo_sk (type: int), ss_wholesale_cost (type: decimal(7,2)), ss_list_price (type: decimal(7,2)), ss_coupon_amt (type: decimal(7,2)), ss_store_sk (type: int)
            Execution mode: vectorized
        Map 40 
            Map Operator Tree:
                TableScan
                  alias: ad2
                  Statistics: Num rows: 50000 Data size: 55975728 Basic stats: COMPLETE Column stats: NONE
                  Filter Operator
                    predicate: ca_address_sk is not null (type: boolean)
                    Statistics: Num rows: 25000 Data size: 27987864 Basic stats: COMPLETE Column stats: NONE
                    Reduce Output Operator
                      key expressions: ca_address_sk (type: int)
                      sort order: +
                      Map-reduce partition columns: ca_address_sk (type: int)
                      Statistics: Num rows: 25000 Data size: 27987864 Basic stats: COMPLETE Column stats: NONE
                      value expressions: ca_street_number (type: string), ca_street_name (type: string), ca_city (type: string), ca_zip (type: string)
            Execution mode: vectorized
        Map 41 
            Map Operator Tree:
                TableScan
                  alias: ib1
                  Statistics: Num rows: 20 Data size: 240 Basic stats: COMPLETE Column stats: NONE
                  Filter Operator
                    predicate: ib_income_band_sk is not null (type: boolean)
                    Statistics: Num rows: 10 Data size: 120 Basic stats: COMPLETE Column stats: NONE
                    Reduce Output Operator
                      key expressions: ib_income_band_sk (type: int)
                      sort order: +
                      Map-reduce partition columns: ib_income_band_sk (type: int)
                      Statistics: Num rows: 10 Data size: 120 Basic stats: COMPLETE Column stats: NONE
            Execution mode: vectorized
        Map 42 
            Map Operator Tree:
                TableScan
                  alias: ib2
                  Statistics: Num rows: 20 Data size: 240 Basic stats: COMPLETE Column stats: NONE
                  Filter Operator
                    predicate: ib_income_band_sk is not null (type: boolean)
                    Statistics: Num rows: 10 Data size: 120 Basic stats: COMPLETE Column stats: NONE
                    Reduce Output Operator
                      key expressions: ib_income_band_sk (type: int)
                      sort order: +
                      Map-reduce partition columns: ib_income_band_sk (type: int)
                      Statistics: Num rows: 10 Data size: 120 Basic stats: COMPLETE Column stats: NONE
            Execution mode: vectorized
        Map 43 
            Map Operator Tree:
                TableScan
                  alias: item
                  Statistics: Num rows: 18000 Data size: 29671008 Basic stats: COMPLETE Column stats: NONE
                  Filter Operator
                    predicate: (((i_item_sk is not null and (i_color) IN (&apos;maroon&apos;, &apos;burnished&apos;, &apos;dim&apos;, &apos;steel&apos;, &apos;navajo&apos;, &apos;chocolate&apos;)) and i_current_price BETWEEN 35 AND 45) and i_current_price BETWEEN 36 AND 50) (type: boolean)
                    Statistics: Num rows: 1125 Data size: 1854438 Basic stats: COMPLETE Column stats: NONE
                    Reduce Output Operator
                      key expressions: i_item_sk (type: int)
                      sort order: +
                      Map-reduce partition columns: i_item_sk (type: int)
                      Statistics: Num rows: 1125 Data size: 1854438 Basic stats: COMPLETE Column stats: NONE
                      value expressions: i_current_price (type: decimal(7,2)), i_color (type: string), i_product_name (type: string)
            Execution mode: vectorized
        Map 5 
            Map Operator Tree:
                TableScan
                  alias: store_returns
                  Statistics: Num rows: 287514 Data size: 291997400 Basic stats: COMPLETE Column stats: NONE
                  Filter Operator
                    predicate: (sr_item_sk is not null and sr_ticket_number is not null) (type: boolean)
                    Statistics: Num rows: 71879 Data size: 72999857 Basic stats: COMPLETE Column stats: NONE
                    Map Join Operator
                      condition map:
                           Inner Join 0 to 1
                      keys:
                        0 ss_item_sk (type: int), ss_ticket_number (type: int)
                        1 sr_item_sk (type: int), sr_ticket_number (type: int)
                      outputColumnNames: _col0, _col2, _col3, _col4, _col5, _col6, _col7, _col10, _col11, _col18, _col22
                      input vertices:
                        0 Map 4
                      Statistics: Num rows: 79066 Data size: 80299844 Basic stats: COMPLETE Column stats: NONE
                      Map Join Operator
                        condition map:
                             Inner Join 0 to 1
                        keys:
                          0 _col3 (type: int)
                          1 c_customer_sk (type: int)
                        outputColumnNames: _col0, _col2, _col4, _col5, _col6, _col7, _col10, _col11, _col18, _col22, _col51, _col52, _col53, _col54, _col55
                        input vertices:
                          1 Map 6
                        Statistics: Num rows: 86972 Data size: 88329830 Basic stats: COMPLETE Column stats: NONE
                        Map Join Operator
                          condition map:
                               Inner Join 0 to 1
                          keys:
                            0 _col0 (type: int)
                            1 d_date_sk (type: int)
                          outputColumnNames: _col2, _col4, _col5, _col6, _col7, _col10, _col11, _col18, _col22, _col51, _col52, _col53, _col54, _col55
                          input vertices:
                            1 Map 7
                          Statistics: Num rows: 95669 Data size: 97162815 Basic stats: COMPLETE Column stats: NONE
                          Map Join Operator
                            condition map:
                                 Inner Join 0 to 1
                            keys:
                              0 _col55 (type: int)
                              1 d_date_sk (type: int)
                            outputColumnNames: _col2, _col4, _col5, _col6, _col7, _col10, _col11, _col18, _col22, _col51, _col52, _col53, _col54, _col107
                            input vertices:
                              1 Map 8
                            Statistics: Num rows: 105235 Data size: 106879098 Basic stats: COMPLETE Column stats: NONE
                            Map Join Operator
                              condition map:
                                   Inner Join 0 to 1
                              keys:
                                0 _col54 (type: int)
                                1 d_date_sk (type: int)
                              outputColumnNames: _col2, _col4, _col5, _col6, _col7, _col10, _col11, _col18, _col22, _col51, _col52, _col53, _col107, _col138
                              input vertices:
                                1 Map 9
                              Statistics: Num rows: 115758 Data size: 117567010 Basic stats: COMPLETE Column stats: NONE
                              Map Join Operator
                                condition map:
                                     Inner Join 0 to 1
                                keys:
                                  0 _col22 (type: int)
                                  1 s_store_sk (type: int)
                                outputColumnNames: _col2, _col4, _col5, _col6, _col7, _col10, _col11, _col18, _col51, _col52, _col53, _col107, _col138, _col168, _col188
                                input vertices:
                                  1 Map 10
                                Statistics: Num rows: 127333 Data size: 129323713 Basic stats: COMPLETE Column stats: NONE
                                Reduce Output Operator
                                  key expressions: _col4 (type: int)
                                  sort order: +
                                  Map-reduce partition columns: _col4 (type: int)
                                  Statistics: Num rows: 127333 Data size: 129323713 Basic stats: COMPLETE Column stats: NONE
                                  value expressions: _col2 (type: int), _col5 (type: int), _col6 (type: int), _col7 (type: int), _col10 (type: decimal(7,2)), _col11 (type: decimal(7,2)), _col18 (type: decimal(7,2)), _col51 (type: int), _col52 (type: int), _col53 (type: int), _col107 (type: int), _col138 (type: int), _col168 (type: string), _col188 (type: string)
            Execution mode: vectorized
        Map 6 
            Map Operator Tree:
                TableScan
                  alias: customer
                  Statistics: Num rows: 100000 Data size: 85628164 Basic stats: COMPLETE Column stats: NONE
                  Filter Operator
                    predicate: (((((c_customer_sk is not null and c_first_sales_date_sk is not null) and c_first_shipto_date_sk is not null) and c_current_cdemo_sk is not null) and c_current_hdemo_sk is not null) and c_current_addr_sk is not null) (type: boolean)
                    Statistics: Num rows: 1563 Data size: 1338368 Basic stats: COMPLETE Column stats: NONE
                    Reduce Output Operator
                      key expressions: c_customer_sk (type: int)
                      sort order: +
                      Map-reduce partition columns: c_customer_sk (type: int)
                      Statistics: Num rows: 1563 Data size: 1338368 Basic stats: COMPLETE Column stats: NONE
                      value expressions: c_current_cdemo_sk (type: int), c_current_hdemo_sk (type: int), c_current_addr_sk (type: int), c_first_shipto_date_sk (type: int), c_first_sales_date_sk (type: int)
            Execution mode: vectorized
        Map 7 
            Map Operator Tree:
                TableScan
                  alias: d1
                  Statistics: Num rows: 73049 Data size: 81741831 Basic stats: COMPLETE Column stats: NONE
                  Filter Operator
                    predicate: (d_date_sk is not null and (d_year = 2000)) (type: boolean)
                    Statistics: Num rows: 18262 Data size: 20435178 Basic stats: COMPLETE Column stats: NONE
                    Reduce Output Operator
                      key expressions: d_date_sk (type: int)
                      sort order: +
                      Map-reduce partition columns: d_date_sk (type: int)
                      Statistics: Num rows: 18262 Data size: 20435178 Basic stats: COMPLETE Column stats: NONE
            Execution mode: vectorized
        Map 8 
            Map Operator Tree:
                TableScan
                  alias: d2
                  Statistics: Num rows: 73049 Data size: 81741831 Basic stats: COMPLETE Column stats: NONE
                  Filter Operator
                    predicate: d_date_sk is not null (type: boolean)
                    Statistics: Num rows: 36525 Data size: 40871475 Basic stats: COMPLETE Column stats: NONE
                    Reduce Output Operator
                      key expressions: d_date_sk (type: int)
                      sort order: +
                      Map-reduce partition columns: d_date_sk (type: int)
                      Statistics: Num rows: 36525 Data size: 40871475 Basic stats: COMPLETE Column stats: NONE
                      value expressions: d_year (type: int)
            Execution mode: vectorized
        Map 9 
            Map Operator Tree:
                TableScan
                  alias: d3
                  Statistics: Num rows: 73049 Data size: 81741831 Basic stats: COMPLETE Column stats: NONE
                  Filter Operator
                    predicate: d_date_sk is not null (type: boolean)
                    Statistics: Num rows: 36525 Data size: 40871475 Basic stats: COMPLETE Column stats: NONE
                    Reduce Output Operator
                      key expressions: d_date_sk (type: int)
                      sort order: +
                      Map-reduce partition columns: d_date_sk (type: int)
                      Statistics: Num rows: 36525 Data size: 40871475 Basic stats: COMPLETE Column stats: NONE
                      value expressions: d_year (type: int)
            Execution mode: vectorized
        Reducer 12 
            Reduce Operator Tree:
              Group By Operator
                aggregations: count(VALUE._col0), sum(VALUE._col1), sum(VALUE._col2), sum(VALUE._col3)
                keys: KEY._col0 (type: string), KEY._col1 (type: int), KEY._col2 (type: string), KEY._col3 (type: string), KEY._col4 (type: string), KEY._col5 (type: string), KEY._col6 (type: string), KEY._col7 (type: string), KEY._col8 (type: string), KEY._col9 (type: string), KEY._col10 (type: string), KEY._col11 (type: string), KEY._col12 (type: int), KEY._col13 (type: int), KEY._col14 (type: int)
                mode: mergepartial
                outputColumnNames: _col0, _col1, _col2, _col3, _col4, _col5, _col6, _col7, _col8, _col9, _col10, _col11, _col12, _col13, _col14, _col15, _col16, _col17, _col18
                Statistics: Num rows: 311378 Data size: 87340696 Basic stats: COMPLETE Column stats: NONE
                Select Operator
                  expressions: _col0 (type: string), _col1 (type: int), _col10 (type: string), _col11 (type: string), _col12 (type: int), _col15 (type: bigint), _col16 (type: decimal(17,2)), _col17 (type: decimal(17,2)), _col18 (type: decimal(17,2)), _col2 (type: string), _col3 (type: string), _col4 (type: string), _col5 (type: string), _col6 (type: string), _col7 (type: string), _col8 (type: string), _col9 (type: string)
                  outputColumnNames: _col0, _col1, _col10, _col11, _col12, _col15, _col16, _col17, _col18, _col2, _col3, _col4, _col5, _col6, _col7, _col8, _col9
                  Statistics: Num rows: 311378 Data size: 87340696 Basic stats: COMPLETE Column stats: NONE
                  Map Join Operator
                    condition map:
                         Inner Join 0 to 1
                    keys:
                      0 _col1 (type: int), _col2 (type: string), _col3 (type: string)
                      1 _col1 (type: int), _col2 (type: string), _col3 (type: string)
                    outputColumnNames: _col0, _col2, _col3, _col4, _col5, _col6, _col7, _col8, _col9, _col10, _col11, _col12, _col15, _col16, _col17, _col18, _col21, _col22, _col31, _col34, _col35, _col36, _col37
                    input vertices:
                      1 Reducer 34
                    Statistics: Num rows: 342515 Data size: 96074767 Basic stats: COMPLETE Column stats: NONE
                    Filter Operator
                      predicate: (((((_col12 = 2000) and (_col31 = 2001)) and (_col34 &amp;lt;= _col15)) and (_col2 = _col21)) and (_col3 = _col22)) (type: boolean)
                      Statistics: Num rows: 7135 Data size: 2001353 Basic stats: COMPLETE Column stats: NONE
                      Select Operator
                        expressions: _col0 (type: string), _col2 (type: string), _col11 (type: string), _col15 (type: bigint), _col16 (type: decimal(17,2)), _col17 (type: decimal(17,2)), _col18 (type: decimal(17,2)), _col35 (type: decimal(17,2)), _col36 (type: decimal(17,2)), _col37 (type: decimal(17,2)), _col3 (type: string), _col34 (type: bigint), _col4 (type: string), _col5 (type: string), _col6 (type: string), _col7 (type: string), _col8 (type: string), _col9 (type: string), _col10 (type: string)
                        outputColumnNames: _col0, _col1, _col10, _col12, _col13, _col14, _col15, _col16, _col17, _col18, _col2, _col20, _col3, _col4, _col5, _col6, _col7, _col8, _col9
                        Statistics: Num rows: 7135 Data size: 2001353 Basic stats: COMPLETE Column stats: NONE
                        Reduce Output Operator
                          key expressions: _col0 (type: string), _col1 (type: string), _col20 (type: bigint)
                          sort order: +++
                          Statistics: Num rows: 7135 Data size: 2001353 Basic stats: COMPLETE Column stats: NONE
                          value expressions: _col2 (type: string), _col3 (type: string), _col4 (type: string), _col5 (type: string), _col6 (type: string), _col7 (type: string), _col8 (type: string), _col9 (type: string), _col10 (type: string), _col12 (type: bigint), _col13 (type: decimal(17,2)), _col14 (type: decimal(17,2)), _col15 (type: decimal(17,2)), _col16 (type: decimal(17,2)), _col17 (type: decimal(17,2)), _col18 (type: decimal(17,2))
            Execution mode: vectorized
        Reducer 13 
            Reduce Operator Tree:
              Select Operator
                expressions: KEY.reducesinkkey0 (type: string), KEY.reducesinkkey1 (type: string), VALUE._col0 (type: string), VALUE._col1 (type: string), VALUE._col2 (type: string), VALUE._col3 (type: string), VALUE._col4 (type: string), VALUE._col5 (type: string), VALUE._col6 (type: string), VALUE._col7 (type: string), VALUE._col8 (type: string), 2000 (type: int), VALUE._col10 (type: bigint), VALUE._col11 (type: decimal(17,2)), VALUE._col12 (type: decimal(17,2)), VALUE._col13 (type: decimal(17,2)), VALUE._col14 (type: decimal(17,2)), VALUE._col15 (type: decimal(17,2)), VALUE._col16 (type: decimal(17,2)), 2001 (type: int), KEY.reducesinkkey2 (type: bigint)
                outputColumnNames: _col0, _col1, _col2, _col3, _col4, _col5, _col6, _col7, _col8, _col9, _col10, _col11, _col12, _col13, _col14, _col15, _col16, _col17, _col18, _col19, _col20
                Statistics: Num rows: 7135 Data size: 2001353 Basic stats: COMPLETE Column stats: NONE
                File Output Operator
                  compressed: false
                  Statistics: Num rows: 7135 Data size: 2001353 Basic stats: COMPLETE Column stats: NONE
                  table:
                      input format: org.apache.hadoop.mapred.TextInputFormat
                      output format: org.apache.hadoop.hive.ql.io.HiveIgnoreKeyTextOutputFormat
                      serde: org.apache.hadoop.hive.serde2.lazy.LazySimpleSerDe
            Execution mode: vectorized
        Reducer 2 
            Reduce Operator Tree:
              Group By Operator
                aggregations: sum(VALUE._col0), sum(VALUE._col1)
                keys: KEY._col0 (type: int)
                mode: mergepartial
                outputColumnNames: _col0, _col1, _col2
                Statistics: Num rows: 198212 Data size: 345884161 Basic stats: COMPLETE Column stats: NONE
                Filter Operator
                  predicate: (_col1 &amp;gt; (2 * _col2)) (type: boolean)
                  Statistics: Num rows: 66070 Data size: 115293556 Basic stats: COMPLETE Column stats: NONE
                  Select Operator
                    expressions: _col0 (type: int)
                    outputColumnNames: _col0
                    Statistics: Num rows: 66070 Data size: 115293556 Basic stats: COMPLETE Column stats: NONE
                    Reduce Output Operator
                      key expressions: _col0 (type: int)
                      sort order: +
                      Map-reduce partition columns: _col0 (type: int)
                      Statistics: Num rows: 66070 Data size: 115293556 Basic stats: COMPLETE Column stats: NONE
            Execution mode: vectorized
        Reducer 24 
            Reduce Operator Tree:
              Group By Operator
                aggregations: sum(VALUE._col0), sum(VALUE._col1)
                keys: KEY._col0 (type: int)
                mode: mergepartial
                outputColumnNames: _col0, _col1, _col2
                Statistics: Num rows: 198212 Data size: 345884161 Basic stats: COMPLETE Column stats: NONE
                Filter Operator
                  predicate: (_col1 &amp;gt; (2 * _col2)) (type: boolean)
                  Statistics: Num rows: 66070 Data size: 115293556 Basic stats: COMPLETE Column stats: NONE
                  Select Operator
                    expressions: _col0 (type: int)
                    outputColumnNames: _col0
                    Statistics: Num rows: 66070 Data size: 115293556 Basic stats: COMPLETE Column stats: NONE
                    Reduce Output Operator
                      key expressions: _col0 (type: int)
                      sort order: +
                      Map-reduce partition columns: _col0 (type: int)
                      Statistics: Num rows: 66070 Data size: 115293556 Basic stats: COMPLETE Column stats: NONE
            Execution mode: vectorized
        Reducer 34 
            Reduce Operator Tree:
              Group By Operator
                aggregations: count(VALUE._col0), sum(VALUE._col1), sum(VALUE._col2), sum(VALUE._col3)
                keys: KEY._col0 (type: string), KEY._col1 (type: int), KEY._col2 (type: string), KEY._col3 (type: string), KEY._col4 (type: string), KEY._col5 (type: string), KEY._col6 (type: string), KEY._col7 (type: string), KEY._col8 (type: string), KEY._col9 (type: string), KEY._col10 (type: string), KEY._col11 (type: string), KEY._col12 (type: int), KEY._col13 (type: int), KEY._col14 (type: int)
                mode: mergepartial
                outputColumnNames: _col0, _col1, _col2, _col3, _col4, _col5, _col6, _col7, _col8, _col9, _col10, _col11, _col12, _col13, _col14, _col15, _col16, _col17, _col18
                Statistics: Num rows: 311378 Data size: 87340696 Basic stats: COMPLETE Column stats: NONE
                Select Operator
                  expressions: _col1 (type: int), _col12 (type: int), _col15 (type: bigint), _col16 (type: decimal(17,2)), _col17 (type: decimal(17,2)), _col18 (type: decimal(17,2)), _col2 (type: string), _col3 (type: string)
                  outputColumnNames: _col1, _col12, _col15, _col16, _col17, _col18, _col2, _col3
                  Statistics: Num rows: 311378 Data size: 87340696 Basic stats: COMPLETE Column stats: NONE
                  Reduce Output Operator
                    key expressions: _col1 (type: int), _col2 (type: string), _col3 (type: string)
                    sort order: +++
                    Map-reduce partition columns: _col1 (type: int), _col2 (type: string), _col3 (type: string)
                    Statistics: Num rows: 311378 Data size: 87340696 Basic stats: COMPLETE Column stats: NONE
                    value expressions: _col12 (type: int), _col15 (type: bigint), _col16 (type: decimal(17,2)), _col17 (type: decimal(17,2)), _col18 (type: decimal(17,2))
            Execution mode: vectorized

  Stage: Stage-0
    Fetch Operator
      limit: -1
      Processor Tree:
        ListSink
&lt;/pre&gt;
&lt;/div&gt;&lt;/div&gt;</comment>
                            <comment id="14536048" author="mmokhtar" created="Sat, 9 May 2015 00:52:41 +0000"  >&lt;p&gt;Will verify against latest. &lt;br/&gt;
Did anything in the code path change in recent patches ? &lt;/p&gt;

&lt;p&gt;Thanks &lt;br/&gt;
Mostafa&lt;/p&gt;
</comment>
                            <comment id="14536102" author="mmccline" created="Sat, 9 May 2015 01:43:14 +0000"  >&lt;p&gt;&lt;a href=&quot;https://issues.apache.org/jira/browse/HIVE-9743&quot; title=&quot;Incorrect result set for vectorized left outer join&quot; class=&quot;issue-link&quot; data-issue-key=&quot;HIVE-9743&quot;&gt;&lt;del&gt;HIVE-9743&lt;/del&gt;&lt;/a&gt; changed the non-native VectorMapJoinOperator.&lt;/p&gt;</comment>
                            <comment id="14536222" author="mmokhtar" created="Sat, 9 May 2015 05:18:53 +0000"  >&lt;p&gt;&lt;a href=&quot;https://issues.apache.org/jira/secure/ViewProfile.jspa?name=mmccline&quot; class=&quot;user-hover&quot; rel=&quot;mmccline&quot;&gt;mmccline&lt;/a&gt;&lt;br/&gt;
Still repros on latest.&lt;br/&gt;
First attempt to simplify the query failed, will keep trying.&lt;/p&gt;</comment>
                            <comment id="14536223" author="mmokhtar" created="Sat, 9 May 2015 05:21:25 +0000"  >&lt;p&gt;I think the hint from the exception is that we are mixing a string with a double column.&lt;/p&gt;

&lt;p&gt;&lt;a href=&quot;https://issues.apache.org/jira/secure/ViewProfile.jspa?name=mmccline&quot; class=&quot;user-hover&quot; rel=&quot;mmccline&quot;&gt;mmccline&lt;/a&gt;&lt;br/&gt;
Can you provide a patch which prints out the column IDs or such so that we can narrow this down?&lt;/p&gt;
</comment>
                            <comment id="14537122" author="hiveqa" created="Sun, 10 May 2015 10:47:03 +0000"  >

&lt;p&gt;&lt;font color=&quot;red&quot;&gt;Overall&lt;/font&gt;: -1 at least one tests failed&lt;/p&gt;

&lt;p&gt;Here are the results of testing the latest attachment:&lt;br/&gt;
&lt;a href=&quot;https://issues.apache.org/jira/secure/attachment/12731779/HIVE-10609.01.patch&quot; class=&quot;external-link&quot; rel=&quot;nofollow&quot;&gt;https://issues.apache.org/jira/secure/attachment/12731779/HIVE-10609.01.patch&lt;/a&gt;&lt;/p&gt;

&lt;p&gt;&lt;font color=&quot;red&quot;&gt;ERROR:&lt;/font&gt; -1 due to 5 failed/errored test(s), 8919 tests executed&lt;br/&gt;
&lt;b&gt;Failed tests:&lt;/b&gt;&lt;/p&gt;
&lt;div class=&quot;preformatted panel&quot; style=&quot;border-width: 1px;&quot;&gt;&lt;div class=&quot;preformattedContent panelContent&quot;&gt;
&lt;pre&gt;TestHiveAuthFactory - did not produce a TEST-*.xml file
org.apache.hadoop.hive.cli.TestCliDriver.testCliDriver_vector_left_outer_join2
org.apache.hadoop.hive.cli.TestEncryptedHDFSCliDriver.testCliDriver_encryption_insert_partition_static
org.apache.hadoop.hive.cli.TestMiniTezCliDriver.testCliDriver_vector_left_outer_join2
org.apache.hive.jdbc.TestSSL.testSSLFetchHttp
&lt;/pre&gt;
&lt;/div&gt;&lt;/div&gt;

&lt;p&gt;Test results: &lt;a href=&quot;http://ec2-174-129-184-35.compute-1.amazonaws.com/jenkins/job/PreCommit-HIVE-TRUNK-Build/3839/testReport&quot; class=&quot;external-link&quot; target=&quot;_blank&quot; rel=&quot;nofollow noopener&quot;&gt;http://ec2-174-129-184-35.compute-1.amazonaws.com/jenkins/job/PreCommit-HIVE-TRUNK-Build/3839/testReport&lt;/a&gt;&lt;br/&gt;
Console output: &lt;a href=&quot;http://ec2-174-129-184-35.compute-1.amazonaws.com/jenkins/job/PreCommit-HIVE-TRUNK-Build/3839/console&quot; class=&quot;external-link&quot; target=&quot;_blank&quot; rel=&quot;nofollow noopener&quot;&gt;http://ec2-174-129-184-35.compute-1.amazonaws.com/jenkins/job/PreCommit-HIVE-TRUNK-Build/3839/console&lt;/a&gt;&lt;br/&gt;
Test logs: &lt;a href=&quot;http://ec2-174-129-184-35.compute-1.amazonaws.com/logs/PreCommit-HIVE-TRUNK-Build-3839/&quot; class=&quot;external-link&quot; target=&quot;_blank&quot; rel=&quot;nofollow noopener&quot;&gt;http://ec2-174-129-184-35.compute-1.amazonaws.com/logs/PreCommit-HIVE-TRUNK-Build-3839/&lt;/a&gt;&lt;/p&gt;

&lt;p&gt;Messages:&lt;/p&gt;
&lt;div class=&quot;preformatted panel&quot; style=&quot;border-width: 1px;&quot;&gt;&lt;div class=&quot;preformattedContent panelContent&quot;&gt;
&lt;pre&gt;Executing org.apache.hive.ptest.execution.PrepPhase
Executing org.apache.hive.ptest.execution.ExecutionPhase
Executing org.apache.hive.ptest.execution.ReportingPhase
Tests exited with: TestsFailedException: 5 tests failed
&lt;/pre&gt;
&lt;/div&gt;&lt;/div&gt;

&lt;p&gt;This message is automatically generated.&lt;/p&gt;

&lt;p&gt;ATTACHMENT ID: 12731779 - PreCommit-HIVE-TRUNK-Build&lt;/p&gt;</comment>
                            <comment id="14537338" author="mmokhtar" created="Sun, 10 May 2015 20:21:50 +0000"  >&lt;p&gt;&lt;a href=&quot;https://issues.apache.org/jira/secure/ViewProfile.jspa?name=mmccline&quot; class=&quot;user-hover&quot; rel=&quot;mmccline&quot;&gt;mmccline&lt;/a&gt;&lt;br/&gt;
I tried the patch on TPC-DS 200GB and query runs fine and returns correct results.&lt;/p&gt;</comment>
                            <comment id="14537484" author="mmccline" created="Mon, 11 May 2015 01:32:00 +0000"  >&lt;p&gt;&lt;a href=&quot;https://issues.apache.org/jira/secure/ViewProfile.jspa?name=mmokhtar&quot; class=&quot;user-hover&quot; rel=&quot;mmokhtar&quot;&gt;mmokhtar&lt;/a&gt; Thanks for verifying it!&lt;/p&gt;

&lt;p&gt;Fix left join filtered code.&lt;/p&gt;

&lt;p&gt;&lt;span class=&quot;error&quot;&gt;&amp;#91;Note: the Tez results for vector_left_outer_join2.q are wrong.  This is a known issue solved by pending HIVE-10565&amp;#93;&lt;/span&gt;&lt;/p&gt;</comment>
                            <comment id="14537518" author="hiveqa" created="Mon, 11 May 2015 03:26:49 +0000"  >

&lt;p&gt;&lt;font color=&quot;red&quot;&gt;Overall&lt;/font&gt;: -1 at least one tests failed&lt;/p&gt;

&lt;p&gt;Here are the results of testing the latest attachment:&lt;br/&gt;
&lt;a href=&quot;https://issues.apache.org/jira/secure/attachment/12731842/HIVE-10609.02.patch&quot; class=&quot;external-link&quot; rel=&quot;nofollow&quot;&gt;https://issues.apache.org/jira/secure/attachment/12731842/HIVE-10609.02.patch&lt;/a&gt;&lt;/p&gt;

&lt;p&gt;&lt;font color=&quot;red&quot;&gt;ERROR:&lt;/font&gt; -1 due to 2 failed/errored test(s), 8921 tests executed&lt;br/&gt;
&lt;b&gt;Failed tests:&lt;/b&gt;&lt;/p&gt;
&lt;div class=&quot;preformatted panel&quot; style=&quot;border-width: 1px;&quot;&gt;&lt;div class=&quot;preformattedContent panelContent&quot;&gt;
&lt;pre&gt;org.apache.hadoop.hive.cli.TestEncryptedHDFSCliDriver.testCliDriver_encryption_insert_partition_static
org.apache.hive.jdbc.TestMultiSessionsHS2WithLocalClusterSpark.testSparkQuery
&lt;/pre&gt;
&lt;/div&gt;&lt;/div&gt;

&lt;p&gt;Test results: &lt;a href=&quot;http://ec2-174-129-184-35.compute-1.amazonaws.com/jenkins/job/PreCommit-HIVE-TRUNK-Build/3843/testReport&quot; class=&quot;external-link&quot; target=&quot;_blank&quot; rel=&quot;nofollow noopener&quot;&gt;http://ec2-174-129-184-35.compute-1.amazonaws.com/jenkins/job/PreCommit-HIVE-TRUNK-Build/3843/testReport&lt;/a&gt;&lt;br/&gt;
Console output: &lt;a href=&quot;http://ec2-174-129-184-35.compute-1.amazonaws.com/jenkins/job/PreCommit-HIVE-TRUNK-Build/3843/console&quot; class=&quot;external-link&quot; target=&quot;_blank&quot; rel=&quot;nofollow noopener&quot;&gt;http://ec2-174-129-184-35.compute-1.amazonaws.com/jenkins/job/PreCommit-HIVE-TRUNK-Build/3843/console&lt;/a&gt;&lt;br/&gt;
Test logs: &lt;a href=&quot;http://ec2-174-129-184-35.compute-1.amazonaws.com/logs/PreCommit-HIVE-TRUNK-Build-3843/&quot; class=&quot;external-link&quot; target=&quot;_blank&quot; rel=&quot;nofollow noopener&quot;&gt;http://ec2-174-129-184-35.compute-1.amazonaws.com/logs/PreCommit-HIVE-TRUNK-Build-3843/&lt;/a&gt;&lt;/p&gt;

&lt;p&gt;Messages:&lt;/p&gt;
&lt;div class=&quot;preformatted panel&quot; style=&quot;border-width: 1px;&quot;&gt;&lt;div class=&quot;preformattedContent panelContent&quot;&gt;
&lt;pre&gt;Executing org.apache.hive.ptest.execution.PrepPhase
Executing org.apache.hive.ptest.execution.ExecutionPhase
Executing org.apache.hive.ptest.execution.ReportingPhase
Tests exited with: TestsFailedException: 2 tests failed
&lt;/pre&gt;
&lt;/div&gt;&lt;/div&gt;

&lt;p&gt;This message is automatically generated.&lt;/p&gt;

&lt;p&gt;ATTACHMENT ID: 12731842 - PreCommit-HIVE-TRUNK-Build&lt;/p&gt;</comment>
                            <comment id="14537532" author="mmccline" created="Mon, 11 May 2015 03:52:43 +0000"  >&lt;p&gt;Test failures are not related to the changes here.&lt;/p&gt;</comment>
                            <comment id="14538694" author="vikram.dixit" created="Mon, 11 May 2015 21:45:15 +0000"  >&lt;p&gt;+1 LGTM.&lt;/p&gt;</comment>
                            <comment id="14538756" author="vikram.dixit" created="Mon, 11 May 2015 22:20:52 +0000"  >&lt;p&gt;&lt;a href=&quot;https://issues.apache.org/jira/secure/ViewProfile.jspa?name=sushanth&quot; class=&quot;user-hover&quot; rel=&quot;sushanth&quot;&gt;sushanth&lt;/a&gt; can this still go in 1.2 or has that boat sailed?&lt;/p&gt;</comment>
                            <comment id="14538829" author="vikram.dixit" created="Mon, 11 May 2015 23:00:55 +0000"  >&lt;p&gt;Committed to both 1.2 and master. Thanks Matt!&lt;/p&gt;</comment>
                            <comment id="14548946" author="sushanth" created="Mon, 18 May 2015 19:53:59 +0000"  >&lt;p&gt;This issue has been fixed and released as part of the 1.2.0 release. If you find an issue which seems to be related to this one, please create a new jira and link this one with new jira.&lt;/p&gt;</comment>
                    </comments>
                    <attachments>
                            <attachment id="12731779" name="HIVE-10609.01.patch" size="2633" author="mmccline" created="Sun, 10 May 2015 06:27:54 +0000"/>
                            <attachment id="12731842" name="HIVE-10609.02.patch" size="2791" author="mmccline" created="Mon, 11 May 2015 01:32:21 +0000"/>
                    </attachments>
                <subtasks>
                    </subtasks>
                <customfields>
                                                                            <customfield id="customfield_12310310" key="com.atlassian.jira.toolkit:attachments">
                        <customfieldname>Attachment count</customfieldname>
                        <customfieldvalues>
                            <customfieldvalue>2.0</customfieldvalue>
                        </customfieldvalues>
                    </customfield>
                                                                                                                                                                                                                                                                                                                                                                                                                                                                                                                                                                                                                                                                                                        <customfield id="customfield_12314020" key="com.atlassian.jira.plugins.jira-development-integration-plugin:devsummary">
                        <customfieldname>Development</customfieldname>
                        <customfieldvalues>
                            
                        </customfieldvalues>
                    </customfield>
                                                                                                                        <customfield id="customfield_12313422" key="com.atlassian.jirafisheyeplugin:jobcheckbox">
                        <customfieldname>Enable Automatic Patch Review</customfieldname>
                        <customfieldvalues>
                            <customfieldvalue><![CDATA[false]]></customfieldvalue>

                        </customfieldvalues>
                    </customfield>
                                                                                                                                                                                                                                                                                                                                                                                                                                                                                                                                                                                                                                                <customfield id="customfield_12310420" key="com.pyxis.greenhopper.jira:gh-global-rank">
                        <customfieldname>Global Rank</customfieldname>
                        <customfieldvalues>
                            <customfieldvalue>9223372036854775807</customfieldvalue>
                        </customfieldvalues>
                    </customfield>
                                                                                                                                                                                                                                                                    <customfield id="customfield_12312521" key="com.atlassian.jira.toolkit:LastCommentDate">
                        <customfieldname>Last public comment date</customfieldname>
                        <customfieldvalues>
                            10 years, 27 weeks, 1 day ago
                        </customfieldvalues>
                    </customfield>
                                                                                                                                                                                                                                                                                                <customfield id="customfield_12311820" key="com.pyxis.greenhopper.jira:gh-lexo-rank">
                        <customfieldname>Rank</customfieldname>
                        <customfieldvalues>
                            <customfieldvalue>0|i2ea73:</customfieldvalue>

                        </customfieldvalues>
                    </customfield>
                                                                <customfield id="customfield_12310920" key="com.pyxis.greenhopper.jira:gh-global-rank">
                        <customfieldname>Rank (Obsolete)</customfieldname>
                        <customfieldvalues>
                            <customfieldvalue>9223372036854775807</customfieldvalue>
                        </customfieldvalues>
                    </customfield>
                                                                                                                                                                                                                                                                                                                                                                                                                                                                                                                                                                                                                                                                                                                                                                                                                                                                                </customfields>
    </item>
</channel>
</rss>