diff --git a/ql/src/test/queries/clientpositive/orc_createas1.q b/ql/src/test/queries/clientpositive/orc_createas1.q
index 872692567b..874d16ce8f 100644
--- a/ql/src/test/queries/clientpositive/orc_createas1.q
+++ b/ql/src/test/queries/clientpositive/orc_createas1.q
@@ -1,5 +1,6 @@
 set mapred.max.split.size=100;
 set mapred.min.split.size=1;
+set hive.input.format=org.apache.hadoop.hive.ql.io.HiveInputFormat;
 
 DROP TABLE orc_createas1a;
 DROP TABLE orc_createas1b;
diff --git a/ql/src/test/queries/clientpositive/stats_partscan_1_23.q b/ql/src/test/queries/clientpositive/stats_partscan_1_23.q
index 1e5f360b20..905c4c2536 100644
--- a/ql/src/test/queries/clientpositive/stats_partscan_1_23.q
+++ b/ql/src/test/queries/clientpositive/stats_partscan_1_23.q
@@ -6,6 +6,7 @@ set mapred.min.split.size=256;
 set mapred.min.split.size.per.node=256;
 set mapred.min.split.size.per.rack=256;
 set mapred.max.split.size=256;
+set hive.input.format=org.apache.hadoop.hive.ql.io.HiveInputFormat;
 
 -- INCLUDE_HADOOP_MAJOR_VERSIONS(0.23)
 -- This test uses mapred.max.split.size/mapred.max.split.size for controlling
diff --git a/ql/src/test/results/clientpositive/orc_createas1.q.out b/ql/src/test/results/clientpositive/orc_createas1.q.out
index 4ad42e6d82..6577bf067d 100644
--- a/ql/src/test/results/clientpositive/orc_createas1.q.out
+++ b/ql/src/test/results/clientpositive/orc_createas1.q.out
@@ -178,19 +178,19 @@ STAGE PLANS:
       Map Operator Tree:
           TableScan
             alias: orc_createas1b
-            Statistics: Num rows: 500 Data size: 88318 Basic stats: COMPLETE Column stats: NONE
+            Statistics: Num rows: 500 Data size: 88000 Basic stats: COMPLETE Column stats: NONE
             Select Operator
               expressions: key (type: string), value (type: string)
               outputColumnNames: _col0, _col1
-              Statistics: Num rows: 500 Data size: 88318 Basic stats: COMPLETE Column stats: NONE
+              Statistics: Num rows: 500 Data size: 88000 Basic stats: COMPLETE Column stats: NONE
               Reduce Output Operator
                 key expressions: _col0 (type: string)
                 sort order: +
-                Statistics: Num rows: 500 Data size: 88318 Basic stats: COMPLETE Column stats: NONE
+                Statistics: Num rows: 500 Data size: 88000 Basic stats: COMPLETE Column stats: NONE
                 value expressions: _col0 (type: string), _col1 (type: string)
       Reduce Operator Tree:
         Extract
-          Statistics: Num rows: 500 Data size: 88318 Basic stats: COMPLETE Column stats: NONE
+          Statistics: Num rows: 500 Data size: 88000 Basic stats: COMPLETE Column stats: NONE
           Limit
             Number of rows: 5
             Statistics: Num rows: 5 Data size: 880 Basic stats: COMPLETE Column stats: NONE
diff --git a/ql/src/test/results/clientpositive/stats_partscan_1_23.q.out b/ql/src/test/results/clientpositive/stats_partscan_1_23.q.out
index b5ca766f45..8628459378 100644
--- a/ql/src/test/results/clientpositive/stats_partscan_1_23.q.out
+++ b/ql/src/test/results/clientpositive/stats_partscan_1_23.q.out
@@ -89,7 +89,7 @@ Partition Parameters:
 	numFiles            	1                   
 	numRows             	-1                  
 	rawDataSize         	-1                  
-	totalSize           	5297                
+	totalSize           	5293                
 #### A masked pattern was here ####
 	 	 
 # Storage Information	 	 
@@ -188,7 +188,7 @@ Partition Parameters:
 	numFiles            	1                   
 	numRows             	500                 
 	rawDataSize         	4812                
-	totalSize           	5297                
+	totalSize           	5293                
 #### A masked pattern was here ####
 	 	 
 # Storage Information	 	 
@@ -238,7 +238,7 @@ Partition Parameters:
 	numFiles            	1                   
 	numRows             	-1                  
 	rawDataSize         	-1                  
-	totalSize           	5297                
+	totalSize           	5293                
 #### A masked pattern was here ####
 	 	 
 # Storage Information	 	 
