diff --git a/ql/src/test/results/clientpositive/sample8.q.out b/ql/src/test/results/clientpositive/sample8.q.out
index aa381bdd99..62c7d936b9 100644
--- a/ql/src/test/results/clientpositive/sample8.q.out
+++ b/ql/src/test/results/clientpositive/sample8.q.out
@@ -751,22 +751,28 @@ STAGE PLANS:
             alias: b
             Row Limit Per Split: 10
             Statistics: Num rows: 1 Data size: 216 Basic stats: COMPLETE Column stats: NONE
-            Reduce Output Operator
-              key expressions: key (type: string)
-              sort order: +
-              Map-reduce partition columns: key (type: string)
+            Filter Operator
+              predicate: key is not null (type: boolean)
               Statistics: Num rows: 1 Data size: 216 Basic stats: COMPLETE Column stats: NONE
-              value expressions: value (type: string)
+              Reduce Output Operator
+                key expressions: key (type: string)
+                sort order: +
+                Map-reduce partition columns: key (type: string)
+                Statistics: Num rows: 1 Data size: 216 Basic stats: COMPLETE Column stats: NONE
+                value expressions: value (type: string)
           TableScan
             alias: a
             Row Limit Per Split: 100
             Statistics: Num rows: 29 Data size: 5812 Basic stats: COMPLETE Column stats: NONE
-            Reduce Output Operator
-              key expressions: key (type: string)
-              sort order: +
-              Map-reduce partition columns: key (type: string)
-              Statistics: Num rows: 29 Data size: 5812 Basic stats: COMPLETE Column stats: NONE
-              value expressions: value (type: string)
+            Filter Operator
+              predicate: key is not null (type: boolean)
+              Statistics: Num rows: 15 Data size: 3006 Basic stats: COMPLETE Column stats: NONE
+              Reduce Output Operator
+                key expressions: key (type: string)
+                sort order: +
+                Map-reduce partition columns: key (type: string)
+                Statistics: Num rows: 15 Data size: 3006 Basic stats: COMPLETE Column stats: NONE
+                value expressions: value (type: string)
       Reduce Operator Tree:
         Join Operator
           condition map:
@@ -775,14 +781,14 @@ STAGE PLANS:
             0 {KEY.reducesinkkey0} {VALUE._col0}
             1 {KEY.reducesinkkey0} {VALUE._col0}
           outputColumnNames: _col0, _col1, _col4, _col5
-          Statistics: Num rows: 31 Data size: 6393 Basic stats: COMPLETE Column stats: NONE
+          Statistics: Num rows: 16 Data size: 3306 Basic stats: COMPLETE Column stats: NONE
           Select Operator
             expressions: _col0 (type: string), _col1 (type: string), _col4 (type: string), _col5 (type: string)
             outputColumnNames: _col0, _col1, _col2, _col3
-            Statistics: Num rows: 31 Data size: 6393 Basic stats: COMPLETE Column stats: NONE
+            Statistics: Num rows: 16 Data size: 3306 Basic stats: COMPLETE Column stats: NONE
             File Output Operator
               compressed: false
-              Statistics: Num rows: 31 Data size: 6393 Basic stats: COMPLETE Column stats: NONE
+              Statistics: Num rows: 16 Data size: 3306 Basic stats: COMPLETE Column stats: NONE
               table:
                   input format: org.apache.hadoop.mapred.TextInputFormat
                   output format: org.apache.hadoop.hive.ql.io.HiveIgnoreKeyTextOutputFormat
@@ -828,22 +834,28 @@ STAGE PLANS:
             alias: b
             Row Limit Per Split: 10
             Statistics: Num rows: 1 Data size: 216 Basic stats: COMPLETE Column stats: NONE
-            Reduce Output Operator
-              key expressions: key (type: string)
-              sort order: +
-              Map-reduce partition columns: key (type: string)
+            Filter Operator
+              predicate: key is not null (type: boolean)
               Statistics: Num rows: 1 Data size: 216 Basic stats: COMPLETE Column stats: NONE
-              value expressions: value (type: string)
+              Reduce Output Operator
+                key expressions: key (type: string)
+                sort order: +
+                Map-reduce partition columns: key (type: string)
+                Statistics: Num rows: 1 Data size: 216 Basic stats: COMPLETE Column stats: NONE
+                value expressions: value (type: string)
           TableScan
             alias: a
             Row Limit Per Split: 100
             Statistics: Num rows: 29 Data size: 5812 Basic stats: COMPLETE Column stats: NONE
-            Reduce Output Operator
-              key expressions: key (type: string)
-              sort order: +
-              Map-reduce partition columns: key (type: string)
-              Statistics: Num rows: 29 Data size: 5812 Basic stats: COMPLETE Column stats: NONE
-              value expressions: value (type: string)
+            Filter Operator
+              predicate: key is not null (type: boolean)
+              Statistics: Num rows: 15 Data size: 3006 Basic stats: COMPLETE Column stats: NONE
+              Reduce Output Operator
+                key expressions: key (type: string)
+                sort order: +
+                Map-reduce partition columns: key (type: string)
+                Statistics: Num rows: 15 Data size: 3006 Basic stats: COMPLETE Column stats: NONE
+                value expressions: value (type: string)
       Reduce Operator Tree:
         Join Operator
           condition map:
@@ -852,17 +864,17 @@ STAGE PLANS:
             0 {KEY.reducesinkkey0} {VALUE._col0}
             1 {KEY.reducesinkkey0} {VALUE._col0}
           outputColumnNames: _col0, _col1, _col4, _col5
-          Statistics: Num rows: 31 Data size: 6393 Basic stats: COMPLETE Column stats: NONE
+          Statistics: Num rows: 16 Data size: 3306 Basic stats: COMPLETE Column stats: NONE
           Filter Operator
             predicate: (_col0 = _col4) (type: boolean)
-            Statistics: Num rows: 15 Data size: 3093 Basic stats: COMPLETE Column stats: NONE
+            Statistics: Num rows: 8 Data size: 1653 Basic stats: COMPLETE Column stats: NONE
             Select Operator
               expressions: _col0 (type: string), _col1 (type: string), _col4 (type: string), _col5 (type: string)
               outputColumnNames: _col0, _col1, _col2, _col3
-              Statistics: Num rows: 15 Data size: 3093 Basic stats: COMPLETE Column stats: NONE
+              Statistics: Num rows: 8 Data size: 1653 Basic stats: COMPLETE Column stats: NONE
               File Output Operator
                 compressed: false
-                Statistics: Num rows: 15 Data size: 3093 Basic stats: COMPLETE Column stats: NONE
+                Statistics: Num rows: 8 Data size: 1653 Basic stats: COMPLETE Column stats: NONE
                 table:
                     input format: org.apache.hadoop.mapred.TextInputFormat
                     output format: org.apache.hadoop.hive.ql.io.HiveIgnoreKeyTextOutputFormat
