diff --git a/ql/src/java/org/apache/hadoop/hive/ql/plan/ReduceSinkDesc.java b/ql/src/java/org/apache/hadoop/hive/ql/plan/ReduceSinkDesc.java
index a4fefbeec2..5695f35beb 100644
--- a/ql/src/java/org/apache/hadoop/hive/ql/plan/ReduceSinkDesc.java
+++ b/ql/src/java/org/apache/hadoop/hive/ql/plan/ReduceSinkDesc.java
@@ -353,6 +353,7 @@ public boolean getSkipTag() {
     return skipTag;
   }
 
+  @Explain(displayName = "auto parallelism", normalExplain = false)
   public final boolean isAutoParallel() {
     return (autoParallel != null) && autoParallel;
   }
diff --git a/ql/src/test/results/clientpositive/alter_partition_coltype.q.out b/ql/src/test/results/clientpositive/alter_partition_coltype.q.out
index e86cc06beb..ba6953981b 100644
--- a/ql/src/test/results/clientpositive/alter_partition_coltype.q.out
+++ b/ql/src/test/results/clientpositive/alter_partition_coltype.q.out
@@ -134,6 +134,7 @@ STAGE PLANS:
                   Statistics: Num rows: 1 Data size: 8 Basic stats: COMPLETE Column stats: COMPLETE
                   tag: -1
                   value expressions: _col0 (type: bigint)
+                  auto parallelism: false
       Path -> Alias:
 #### A masked pattern was here ####
       Path -> Partition:
@@ -362,6 +363,7 @@ STAGE PLANS:
                   Statistics: Num rows: 1 Data size: 8 Basic stats: COMPLETE Column stats: COMPLETE
                   tag: -1
                   value expressions: _col0 (type: bigint)
+                  auto parallelism: false
       Path -> Alias:
 #### A masked pattern was here ####
       Path -> Partition:
@@ -522,6 +524,7 @@ STAGE PLANS:
                   Statistics: Num rows: 1 Data size: 8 Basic stats: COMPLETE Column stats: COMPLETE
                   tag: -1
                   value expressions: _col0 (type: bigint)
+                  auto parallelism: false
       Path -> Alias:
 #### A masked pattern was here ####
       Path -> Partition:
diff --git a/ql/src/test/results/clientpositive/annotate_stats_groupby.q.out b/ql/src/test/results/clientpositive/annotate_stats_groupby.q.out
index 6f72964a8d..ad1d2f876f 100644
--- a/ql/src/test/results/clientpositive/annotate_stats_groupby.q.out
+++ b/ql/src/test/results/clientpositive/annotate_stats_groupby.q.out
@@ -204,6 +204,7 @@ STAGE PLANS:
                   Statistics: Num rows: 8 Data size: 688 Basic stats: COMPLETE Column stats: PARTIAL
                   tag: -1
                   value expressions: _col2 (type: bigint)
+                  auto parallelism: false
       Path -> Alias:
 #### A masked pattern was here ####
       Path -> Partition:
@@ -303,6 +304,7 @@ STAGE PLANS:
               Statistics: Num rows: 4 Data size: 376 Basic stats: COMPLETE Column stats: PARTIAL
               tag: -1
               value expressions: _col2 (type: int)
+              auto parallelism: false
       Path -> Alias:
 #### A masked pattern was here ####
       Path -> Partition:
@@ -433,6 +435,7 @@ STAGE PLANS:
                   Map-reduce partition columns: _col0 (type: int)
                   Statistics: Num rows: 8 Data size: 28 Basic stats: COMPLETE Column stats: COMPLETE
                   tag: -1
+                  auto parallelism: false
       Path -> Alias:
 #### A masked pattern was here ####
       Path -> Partition:
@@ -583,6 +586,7 @@ STAGE PLANS:
                   Map-reduce partition columns: _col0 (type: string), _col1 (type: int)
                   Statistics: Num rows: 8 Data size: 720 Basic stats: COMPLETE Column stats: COMPLETE
                   tag: -1
+                  auto parallelism: false
       Path -> Alias:
 #### A masked pattern was here ####
       Path -> Partition:
@@ -731,6 +735,7 @@ STAGE PLANS:
                   Map-reduce partition columns: _col0 (type: string), _col1 (type: int), _col2 (type: string)
                   Statistics: Num rows: 32 Data size: 3184 Basic stats: COMPLETE Column stats: COMPLETE
                   tag: -1
+                  auto parallelism: false
       Path -> Alias:
 #### A masked pattern was here ####
       Path -> Partition:
@@ -879,6 +884,7 @@ STAGE PLANS:
                   Map-reduce partition columns: _col0 (type: string), _col1 (type: int), _col2 (type: string)
                   Statistics: Num rows: 24 Data size: 2388 Basic stats: COMPLETE Column stats: COMPLETE
                   tag: -1
+                  auto parallelism: false
       Path -> Alias:
 #### A masked pattern was here ####
       Path -> Partition:
@@ -1030,6 +1036,7 @@ STAGE PLANS:
                   Map-reduce partition columns: _col0 (type: string), _col1 (type: int), _col2 (type: string)
                   Statistics: Num rows: 8 Data size: 796 Basic stats: COMPLETE Column stats: COMPLETE
                   tag: -1
+                  auto parallelism: false
       Path -> Alias:
 #### A masked pattern was here ####
       Path -> Partition:
@@ -1184,6 +1191,7 @@ STAGE PLANS:
                   Map-reduce partition columns: _col0 (type: string), _col1 (type: int), _col2 (type: string)
                   Statistics: Num rows: 16 Data size: 1592 Basic stats: COMPLETE Column stats: COMPLETE
                   tag: -1
+                  auto parallelism: false
       Path -> Alias:
 #### A masked pattern was here ####
       Path -> Partition:
@@ -1339,6 +1347,7 @@ STAGE PLANS:
                   Map-reduce partition columns: _col0 (type: string), _col1 (type: int), _col2 (type: string)
                   Statistics: Num rows: 24 Data size: 2388 Basic stats: COMPLETE Column stats: COMPLETE
                   tag: -1
+                  auto parallelism: false
       Path -> Alias:
 #### A masked pattern was here ####
       Path -> Partition:
@@ -1499,6 +1508,7 @@ STAGE PLANS:
                   Map-reduce partition columns: _col0 (type: string), _col1 (type: int), _col2 (type: string)
                   Statistics: Num rows: 32 Data size: 3184 Basic stats: COMPLETE Column stats: COMPLETE
                   tag: -1
+                  auto parallelism: false
       Path -> Alias:
 #### A masked pattern was here ####
       Path -> Partition:
@@ -1644,6 +1654,7 @@ STAGE PLANS:
                   Map-reduce partition columns: _col0 (type: int)
                   Statistics: Num rows: 80 Data size: 280 Basic stats: COMPLETE Column stats: COMPLETE
                   tag: -1
+                  auto parallelism: false
       Path -> Alias:
 #### A masked pattern was here ####
       Path -> Partition:
@@ -1792,6 +1803,7 @@ STAGE PLANS:
                   Map-reduce partition columns: _col0 (type: string), _col1 (type: int), _col2 (type: string)
                   Statistics: Num rows: 320 Data size: 31840 Basic stats: COMPLETE Column stats: COMPLETE
                   tag: -1
+                  auto parallelism: false
       Path -> Alias:
 #### A masked pattern was here ####
       Path -> Partition:
diff --git a/ql/src/test/results/clientpositive/annotate_stats_join.q.out b/ql/src/test/results/clientpositive/annotate_stats_join.q.out
index cc816c8528..43712ba79c 100644
--- a/ql/src/test/results/clientpositive/annotate_stats_join.q.out
+++ b/ql/src/test/results/clientpositive/annotate_stats_join.q.out
@@ -254,6 +254,7 @@ STAGE PLANS:
                 Statistics: Num rows: 4 Data size: 384 Basic stats: COMPLETE Column stats: COMPLETE
                 tag: 1
                 value expressions: deptname (type: string)
+                auto parallelism: false
           TableScan
             alias: e
             Statistics: Num rows: 6 Data size: 560 Basic stats: COMPLETE Column stats: COMPLETE
@@ -269,6 +270,7 @@ STAGE PLANS:
                 Statistics: Num rows: 4 Data size: 376 Basic stats: COMPLETE Column stats: COMPLETE
                 tag: 0
                 value expressions: lastname (type: string)
+                auto parallelism: false
       Path -> Alias:
 #### A masked pattern was here ####
       Path -> Partition:
@@ -487,6 +489,7 @@ STAGE PLANS:
                 Statistics: Num rows: 4 Data size: 384 Basic stats: COMPLETE Column stats: COMPLETE
                 tag: 1
                 value expressions: deptname (type: string)
+                auto parallelism: false
           TableScan
             alias: e1
             Statistics: Num rows: 6 Data size: 560 Basic stats: COMPLETE Column stats: COMPLETE
@@ -502,6 +505,7 @@ STAGE PLANS:
                 Statistics: Num rows: 4 Data size: 376 Basic stats: COMPLETE Column stats: COMPLETE
                 tag: 2
                 value expressions: lastname (type: string)
+                auto parallelism: false
           TableScan
             alias: e
             Statistics: Num rows: 6 Data size: 560 Basic stats: COMPLETE Column stats: COMPLETE
@@ -517,6 +521,7 @@ STAGE PLANS:
                 Statistics: Num rows: 4 Data size: 376 Basic stats: COMPLETE Column stats: COMPLETE
                 tag: 0
                 value expressions: lastname (type: string)
+                auto parallelism: false
       Path -> Alias:
 #### A masked pattern was here ####
       Path -> Partition:
@@ -735,6 +740,7 @@ STAGE PLANS:
                 Statistics: Num rows: 4 Data size: 384 Basic stats: COMPLETE Column stats: COMPLETE
                 tag: 1
                 value expressions: deptname (type: string)
+                auto parallelism: false
           TableScan
             alias: e
             Statistics: Num rows: 6 Data size: 560 Basic stats: COMPLETE Column stats: COMPLETE
@@ -750,6 +756,7 @@ STAGE PLANS:
                 Statistics: Num rows: 4 Data size: 376 Basic stats: COMPLETE Column stats: COMPLETE
                 tag: 0
                 value expressions: lastname (type: string)
+                auto parallelism: false
           TableScan
             alias: l
             Statistics: Num rows: 8 Data size: 796 Basic stats: COMPLETE Column stats: COMPLETE
@@ -765,6 +772,7 @@ STAGE PLANS:
                 Statistics: Num rows: 7 Data size: 702 Basic stats: COMPLETE Column stats: COMPLETE
                 tag: 2
                 value expressions: state (type: string), zip (type: bigint), year (type: int)
+                auto parallelism: false
       Path -> Alias:
 #### A masked pattern was here ####
       Path -> Partition:
@@ -1032,6 +1040,7 @@ STAGE PLANS:
                 Statistics: Num rows: 2 Data size: 192 Basic stats: COMPLETE Column stats: COMPLETE
                 tag: 1
                 value expressions: deptid (type: int), deptname (type: string)
+                auto parallelism: false
           TableScan
             alias: e
             Statistics: Num rows: 6 Data size: 560 Basic stats: COMPLETE Column stats: COMPLETE
@@ -1047,6 +1056,7 @@ STAGE PLANS:
                 Statistics: Num rows: 3 Data size: 281 Basic stats: COMPLETE Column stats: COMPLETE
                 tag: 0
                 value expressions: lastname (type: string), deptid (type: int)
+                auto parallelism: false
           TableScan
             alias: l
             Statistics: Num rows: 8 Data size: 796 Basic stats: COMPLETE Column stats: COMPLETE
@@ -1062,6 +1072,7 @@ STAGE PLANS:
                 Statistics: Num rows: 4 Data size: 396 Basic stats: COMPLETE Column stats: COMPLETE
                 tag: 2
                 value expressions: state (type: string), locid (type: int), zip (type: bigint), year (type: int)
+                auto parallelism: false
       Path -> Alias:
 #### A masked pattern was here ####
       Path -> Partition:
@@ -1324,6 +1335,7 @@ STAGE PLANS:
                 Map-reduce partition columns: deptid (type: int), deptname (type: string)
                 Statistics: Num rows: 4 Data size: 384 Basic stats: COMPLETE Column stats: COMPLETE
                 tag: 1
+                auto parallelism: false
           TableScan
             alias: e
             Statistics: Num rows: 6 Data size: 560 Basic stats: COMPLETE Column stats: COMPLETE
@@ -1338,6 +1350,7 @@ STAGE PLANS:
                 Map-reduce partition columns: deptid (type: int), lastname (type: string)
                 Statistics: Num rows: 4 Data size: 376 Basic stats: COMPLETE Column stats: COMPLETE
                 tag: 0
+                auto parallelism: false
       Path -> Alias:
 #### A masked pattern was here ####
       Path -> Partition:
@@ -1575,6 +1588,7 @@ STAGE PLANS:
                 Map-reduce partition columns: deptid (type: int), deptname (type: string)
                 Statistics: Num rows: 4 Data size: 384 Basic stats: COMPLETE Column stats: COMPLETE
                 tag: 1
+                auto parallelism: false
           TableScan
             alias: e
             Statistics: Num rows: 6 Data size: 560 Basic stats: COMPLETE Column stats: COMPLETE
@@ -1589,6 +1603,7 @@ STAGE PLANS:
                 Map-reduce partition columns: deptid (type: int), lastname (type: string)
                 Statistics: Num rows: 4 Data size: 376 Basic stats: COMPLETE Column stats: COMPLETE
                 tag: 0
+                auto parallelism: false
           TableScan
             alias: l
             Statistics: Num rows: 8 Data size: 796 Basic stats: COMPLETE Column stats: COMPLETE
@@ -1604,6 +1619,7 @@ STAGE PLANS:
                 Statistics: Num rows: 6 Data size: 600 Basic stats: COMPLETE Column stats: COMPLETE
                 tag: 2
                 value expressions: zip (type: bigint), year (type: int)
+                auto parallelism: false
       Path -> Alias:
 #### A masked pattern was here ####
       Path -> Partition:
diff --git a/ql/src/test/results/clientpositive/annotate_stats_select.q.out b/ql/src/test/results/clientpositive/annotate_stats_select.q.out
index 97e947332a..5c2d3ae06a 100644
--- a/ql/src/test/results/clientpositive/annotate_stats_select.q.out
+++ b/ql/src/test/results/clientpositive/annotate_stats_select.q.out
@@ -2830,6 +2830,7 @@ STAGE PLANS:
                   Statistics: Num rows: 1 Data size: 8 Basic stats: COMPLETE Column stats: COMPLETE
                   tag: -1
                   value expressions: _col0 (type: bigint)
+                  auto parallelism: false
       Path -> Alias:
 #### A masked pattern was here ####
       Path -> Partition:
@@ -2974,6 +2975,7 @@ STAGE PLANS:
                   Statistics: Num rows: 1 Data size: 8 Basic stats: COMPLETE Column stats: COMPLETE
                   tag: -1
                   value expressions: _col0 (type: bigint)
+                  auto parallelism: false
       Path -> Alias:
 #### A masked pattern was here ####
       Path -> Partition:
@@ -3258,6 +3260,7 @@ STAGE PLANS:
                   Statistics: Num rows: 2 Data size: 8 Basic stats: COMPLETE Column stats: COMPLETE
                   tag: -1
                   value expressions: _col0 (type: int)
+                  auto parallelism: false
       Path -> Alias:
 #### A masked pattern was here ####
       Path -> Partition:
@@ -3419,6 +3422,7 @@ STAGE PLANS:
                   Statistics: Num rows: 2 Data size: 8 Basic stats: COMPLETE Column stats: COMPLETE
                   tag: -1
                   value expressions: _col0 (type: int)
+                  auto parallelism: false
       Path -> Alias:
 #### A masked pattern was here ####
       Path -> Partition:
@@ -3582,6 +3586,7 @@ STAGE PLANS:
                   Statistics: Num rows: 2 Data size: 8 Basic stats: COMPLETE Column stats: COMPLETE
                   tag: -1
                   value expressions: _col0 (type: int)
+                  auto parallelism: false
       Path -> Alias:
 #### A masked pattern was here ####
       Path -> Partition:
@@ -3744,6 +3749,7 @@ STAGE PLANS:
                   Statistics: Num rows: 2 Data size: 16 Basic stats: COMPLETE Column stats: COMPLETE
                   tag: -1
                   value expressions: _col1 (type: double)
+                  auto parallelism: false
       Path -> Alias:
 #### A masked pattern was here ####
       Path -> Partition:
@@ -3911,6 +3917,7 @@ STAGE PLANS:
                   Statistics: Num rows: 2 Data size: 8 Basic stats: COMPLETE Column stats: COMPLETE
                   tag: -1
                   value expressions: _col0 (type: int)
+                  auto parallelism: false
       Path -> Alias:
 #### A masked pattern was here ####
       Path -> Partition:
@@ -4093,6 +4100,7 @@ STAGE PLANS:
                   Statistics: Num rows: 2 Data size: 178 Basic stats: COMPLETE Column stats: COMPLETE
                   tag: -1
                   value expressions: _col1 (type: string)
+                  auto parallelism: false
       Path -> Alias:
 #### A masked pattern was here ####
       Path -> Partition:
@@ -4192,6 +4200,7 @@ STAGE PLANS:
               Statistics: Num rows: 2 Data size: 178 Basic stats: COMPLETE Column stats: COMPLETE
               tag: -1
               value expressions: _col0 (type: string)
+              auto parallelism: false
       Path -> Alias:
 #### A masked pattern was here ####
       Path -> Partition:
diff --git a/ql/src/test/results/clientpositive/auto_join_reordering_values.q.out b/ql/src/test/results/clientpositive/auto_join_reordering_values.q.out
index 3f4f90212b..37b626c7d1 100644
--- a/ql/src/test/results/clientpositive/auto_join_reordering_values.q.out
+++ b/ql/src/test/results/clientpositive/auto_join_reordering_values.q.out
@@ -189,6 +189,7 @@ STAGE PLANS:
                 Map-reduce partition columns: date (type: string)
                 Statistics: Num rows: 1 Data size: 36 Basic stats: COMPLETE Column stats: NONE
                 tag: 1
+                auto parallelism: false
           TableScan
             alias: orderpayment
             Statistics: Num rows: 1 Data size: 36 Basic stats: COMPLETE Column stats: NONE
@@ -204,6 +205,7 @@ STAGE PLANS:
                 Statistics: Num rows: 1 Data size: 36 Basic stats: COMPLETE Column stats: NONE
                 tag: 0
                 value expressions: dealid (type: int), cityid (type: int), userid (type: int)
+                auto parallelism: false
       Path -> Alias:
 #### A masked pattern was here ####
       Path -> Partition:
@@ -293,6 +295,7 @@ STAGE PLANS:
               Statistics: Num rows: 1 Data size: 39 Basic stats: COMPLETE Column stats: NONE
               tag: 0
               value expressions: _col3 (type: int), _col4 (type: int), _col8 (type: string)
+              auto parallelism: false
           TableScan
             alias: deal
             Statistics: Num rows: 1 Data size: 36 Basic stats: COMPLETE Column stats: NONE
@@ -307,6 +310,7 @@ STAGE PLANS:
                 Map-reduce partition columns: dealid (type: int)
                 Statistics: Num rows: 1 Data size: 36 Basic stats: COMPLETE Column stats: NONE
                 tag: 1
+                auto parallelism: false
       Path -> Alias:
 #### A masked pattern was here ####
       Path -> Partition:
@@ -417,6 +421,7 @@ STAGE PLANS:
               Statistics: Num rows: 1 Data size: 42 Basic stats: COMPLETE Column stats: NONE
               tag: 0
               value expressions: _col4 (type: int), _col8 (type: string), _col14 (type: int)
+              auto parallelism: false
           TableScan
             alias: order_city
             Statistics: Num rows: 1 Data size: 36 Basic stats: COMPLETE Column stats: NONE
@@ -431,6 +436,7 @@ STAGE PLANS:
                 Map-reduce partition columns: cityid (type: int)
                 Statistics: Num rows: 1 Data size: 36 Basic stats: COMPLETE Column stats: NONE
                 tag: 1
+                auto parallelism: false
       Path -> Alias:
 #### A masked pattern was here ####
       Path -> Partition:
@@ -541,6 +547,7 @@ STAGE PLANS:
               Statistics: Num rows: 1 Data size: 46 Basic stats: COMPLETE Column stats: NONE
               tag: 0
               value expressions: _col8 (type: string), _col14 (type: int)
+              auto parallelism: false
           TableScan
             alias: user
             Statistics: Num rows: 100 Data size: 288 Basic stats: COMPLETE Column stats: NONE
@@ -555,6 +562,7 @@ STAGE PLANS:
                 Map-reduce partition columns: userid (type: int)
                 Statistics: Num rows: 50 Data size: 144 Basic stats: COMPLETE Column stats: NONE
                 tag: 1
+                auto parallelism: false
       Path -> Alias:
 #### A masked pattern was here ####
       Path -> Partition:
diff --git a/ql/src/test/results/clientpositive/auto_sortmerge_join_1.q.out b/ql/src/test/results/clientpositive/auto_sortmerge_join_1.q.out
index 72640dfcc9..3f367922f0 100644
--- a/ql/src/test/results/clientpositive/auto_sortmerge_join_1.q.out
+++ b/ql/src/test/results/clientpositive/auto_sortmerge_join_1.q.out
@@ -174,6 +174,7 @@ STAGE PLANS:
                       sort order: 
                       tag: -1
                       value expressions: _col0 (type: bigint)
+                      auto parallelism: false
       Path -> Alias:
 #### A masked pattern was here ####
       Path -> Partition:
@@ -400,6 +401,7 @@ STAGE PLANS:
                       sort order: 
                       tag: -1
                       value expressions: _col0 (type: bigint)
+                      auto parallelism: false
       Path -> Alias:
 #### A masked pattern was here ####
       Path -> Partition:
@@ -702,6 +704,7 @@ STAGE PLANS:
                       sort order: 
                       tag: -1
                       value expressions: _col0 (type: bigint)
+                      auto parallelism: false
       Local Work:
         Map Reduce Local Work
       Path -> Alias:
@@ -1029,6 +1032,7 @@ STAGE PLANS:
                       sort order: 
                       tag: -1
                       value expressions: _col0 (type: bigint)
+                      auto parallelism: false
       Local Work:
         Map Reduce Local Work
       Path -> Alias:
@@ -1239,6 +1243,7 @@ STAGE PLANS:
                       sort order: 
                       tag: -1
                       value expressions: _col0 (type: bigint)
+                      auto parallelism: false
       Path -> Alias:
 #### A masked pattern was here ####
       Path -> Partition:
diff --git a/ql/src/test/results/clientpositive/auto_sortmerge_join_11.q.out b/ql/src/test/results/clientpositive/auto_sortmerge_join_11.q.out
index c660cd0de6..21bb3a4e71 100644
--- a/ql/src/test/results/clientpositive/auto_sortmerge_join_11.q.out
+++ b/ql/src/test/results/clientpositive/auto_sortmerge_join_11.q.out
@@ -247,6 +247,7 @@ STAGE PLANS:
                       Statistics: Num rows: 1 Data size: 8 Basic stats: COMPLETE Column stats: NONE
                       tag: -1
                       value expressions: _col0 (type: bigint)
+                      auto parallelism: false
       Local Work:
         Map Reduce Local Work
       Path -> Alias:
@@ -608,6 +609,7 @@ STAGE PLANS:
                       Statistics: Num rows: 1 Data size: 8 Basic stats: COMPLETE Column stats: NONE
                       tag: -1
                       value expressions: _col0 (type: bigint)
+                      auto parallelism: false
       Local Work:
         Map Reduce Local Work
       Path -> Alias:
@@ -975,6 +977,7 @@ STAGE PLANS:
                       Statistics: Num rows: 1 Data size: 8 Basic stats: COMPLETE Column stats: NONE
                       tag: -1
                       value expressions: _col0 (type: bigint)
+                      auto parallelism: false
       Local Work:
         Map Reduce Local Work
       Path -> Alias:
@@ -1429,6 +1432,7 @@ STAGE PLANS:
                       Statistics: Num rows: 1 Data size: 8 Basic stats: COMPLETE Column stats: NONE
                       tag: -1
                       value expressions: _col0 (type: bigint)
+                      auto parallelism: false
       Local Work:
         Map Reduce Local Work
       Path -> Alias:
diff --git a/ql/src/test/results/clientpositive/auto_sortmerge_join_12.q.out b/ql/src/test/results/clientpositive/auto_sortmerge_join_12.q.out
index 4abda32f34..dc8bd8740d 100644
--- a/ql/src/test/results/clientpositive/auto_sortmerge_join_12.q.out
+++ b/ql/src/test/results/clientpositive/auto_sortmerge_join_12.q.out
@@ -463,6 +463,7 @@ STAGE PLANS:
                         Statistics: Num rows: 1 Data size: 8 Basic stats: COMPLETE Column stats: NONE
                         tag: -1
                         value expressions: _col0 (type: bigint)
+                        auto parallelism: false
       Local Work:
         Map Reduce Local Work
       Path -> Alias:
diff --git a/ql/src/test/results/clientpositive/auto_sortmerge_join_2.q.out b/ql/src/test/results/clientpositive/auto_sortmerge_join_2.q.out
index 52a31946da..fffbd53fe7 100644
--- a/ql/src/test/results/clientpositive/auto_sortmerge_join_2.q.out
+++ b/ql/src/test/results/clientpositive/auto_sortmerge_join_2.q.out
@@ -154,6 +154,7 @@ STAGE PLANS:
                       sort order: 
                       tag: -1
                       value expressions: _col0 (type: bigint)
+                      auto parallelism: false
       Path -> Alias:
 #### A masked pattern was here ####
       Path -> Partition:
@@ -458,6 +459,7 @@ STAGE PLANS:
                       sort order: 
                       tag: -1
                       value expressions: _col0 (type: bigint)
+                      auto parallelism: false
       Local Work:
         Map Reduce Local Work
       Path -> Alias:
@@ -785,6 +787,7 @@ STAGE PLANS:
                       sort order: 
                       tag: -1
                       value expressions: _col0 (type: bigint)
+                      auto parallelism: false
       Local Work:
         Map Reduce Local Work
       Path -> Alias:
@@ -995,6 +998,7 @@ STAGE PLANS:
                       sort order: 
                       tag: -1
                       value expressions: _col0 (type: bigint)
+                      auto parallelism: false
       Path -> Alias:
 #### A masked pattern was here ####
       Path -> Partition:
diff --git a/ql/src/test/results/clientpositive/auto_sortmerge_join_3.q.out b/ql/src/test/results/clientpositive/auto_sortmerge_join_3.q.out
index d807791b1e..7578180d58 100644
--- a/ql/src/test/results/clientpositive/auto_sortmerge_join_3.q.out
+++ b/ql/src/test/results/clientpositive/auto_sortmerge_join_3.q.out
@@ -154,6 +154,7 @@ STAGE PLANS:
                       sort order: 
                       tag: -1
                       value expressions: _col0 (type: bigint)
+                      auto parallelism: false
       Path -> Alias:
 #### A masked pattern was here ####
       Path -> Partition:
@@ -331,6 +332,7 @@ STAGE PLANS:
                       sort order: 
                       tag: -1
                       value expressions: _col0 (type: bigint)
+                      auto parallelism: false
       Path -> Alias:
 #### A masked pattern was here ####
       Path -> Partition:
@@ -630,6 +632,7 @@ STAGE PLANS:
                       sort order: 
                       tag: -1
                       value expressions: _col0 (type: bigint)
+                      auto parallelism: false
       Local Work:
         Map Reduce Local Work
       Path -> Alias:
@@ -908,6 +911,7 @@ STAGE PLANS:
                       sort order: 
                       tag: -1
                       value expressions: _col0 (type: bigint)
+                      auto parallelism: false
       Local Work:
         Map Reduce Local Work
       Path -> Alias:
@@ -1118,6 +1122,7 @@ STAGE PLANS:
                       sort order: 
                       tag: -1
                       value expressions: _col0 (type: bigint)
+                      auto parallelism: false
       Path -> Alias:
 #### A masked pattern was here ####
       Path -> Partition:
diff --git a/ql/src/test/results/clientpositive/auto_sortmerge_join_4.q.out b/ql/src/test/results/clientpositive/auto_sortmerge_join_4.q.out
index 35e0a30f1b..a04e7d0614 100644
--- a/ql/src/test/results/clientpositive/auto_sortmerge_join_4.q.out
+++ b/ql/src/test/results/clientpositive/auto_sortmerge_join_4.q.out
@@ -170,6 +170,7 @@ STAGE PLANS:
                       sort order: 
                       tag: -1
                       value expressions: _col0 (type: bigint)
+                      auto parallelism: false
       Path -> Alias:
 #### A masked pattern was here ####
       Path -> Partition:
@@ -347,6 +348,7 @@ STAGE PLANS:
                       sort order: 
                       tag: -1
                       value expressions: _col0 (type: bigint)
+                      auto parallelism: false
       Path -> Alias:
 #### A masked pattern was here ####
       Path -> Partition:
@@ -646,6 +648,7 @@ STAGE PLANS:
                       sort order: 
                       tag: -1
                       value expressions: _col0 (type: bigint)
+                      auto parallelism: false
       Local Work:
         Map Reduce Local Work
       Path -> Alias:
@@ -924,6 +927,7 @@ STAGE PLANS:
                       sort order: 
                       tag: -1
                       value expressions: _col0 (type: bigint)
+                      auto parallelism: false
       Local Work:
         Map Reduce Local Work
       Path -> Alias:
@@ -1134,6 +1138,7 @@ STAGE PLANS:
                       sort order: 
                       tag: -1
                       value expressions: _col0 (type: bigint)
+                      auto parallelism: false
       Path -> Alias:
 #### A masked pattern was here ####
       Path -> Partition:
diff --git a/ql/src/test/results/clientpositive/auto_sortmerge_join_5.q.out b/ql/src/test/results/clientpositive/auto_sortmerge_join_5.q.out
index af3d9d6d42..31fb7985ff 100644
--- a/ql/src/test/results/clientpositive/auto_sortmerge_join_5.q.out
+++ b/ql/src/test/results/clientpositive/auto_sortmerge_join_5.q.out
@@ -135,6 +135,7 @@ STAGE PLANS:
                       sort order: 
                       tag: -1
                       value expressions: _col0 (type: bigint)
+                      auto parallelism: false
       Path -> Alias:
 #### A masked pattern was here ####
       Path -> Partition:
@@ -306,6 +307,7 @@ STAGE PLANS:
                       sort order: 
                       tag: -1
                       value expressions: _col0 (type: bigint)
+                      auto parallelism: false
       Path -> Alias:
 #### A masked pattern was here ####
       Path -> Partition:
@@ -506,6 +508,7 @@ STAGE PLANS:
                       sort order: 
                       tag: -1
                       value expressions: _col0 (type: bigint)
+                      auto parallelism: false
       Local Work:
         Map Reduce Local Work
       Path -> Alias:
@@ -682,6 +685,7 @@ STAGE PLANS:
                       sort order: 
                       tag: -1
                       value expressions: _col0 (type: bigint)
+                      auto parallelism: false
       Local Work:
         Map Reduce Local Work
       Path -> Alias:
@@ -837,6 +841,7 @@ STAGE PLANS:
                       sort order: 
                       tag: -1
                       value expressions: _col0 (type: bigint)
+                      auto parallelism: false
       Path -> Alias:
 #### A masked pattern was here ####
       Path -> Partition:
diff --git a/ql/src/test/results/clientpositive/auto_sortmerge_join_7.q.out b/ql/src/test/results/clientpositive/auto_sortmerge_join_7.q.out
index 05ef5d8af2..5b6521bca4 100644
--- a/ql/src/test/results/clientpositive/auto_sortmerge_join_7.q.out
+++ b/ql/src/test/results/clientpositive/auto_sortmerge_join_7.q.out
@@ -187,6 +187,7 @@ STAGE PLANS:
                       sort order: 
                       tag: -1
                       value expressions: _col0 (type: bigint)
+                      auto parallelism: false
       Path -> Alias:
 #### A masked pattern was here ####
       Path -> Partition:
@@ -415,6 +416,7 @@ STAGE PLANS:
                       sort order: 
                       tag: -1
                       value expressions: _col0 (type: bigint)
+                      auto parallelism: false
       Path -> Alias:
 #### A masked pattern was here ####
       Path -> Partition:
@@ -765,6 +767,7 @@ STAGE PLANS:
                       sort order: 
                       tag: -1
                       value expressions: _col0 (type: bigint)
+                      auto parallelism: false
       Local Work:
         Map Reduce Local Work
       Path -> Alias:
@@ -1139,6 +1142,7 @@ STAGE PLANS:
                       sort order: 
                       tag: -1
                       value expressions: _col0 (type: bigint)
+                      auto parallelism: false
       Local Work:
         Map Reduce Local Work
       Path -> Alias:
@@ -1397,6 +1401,7 @@ STAGE PLANS:
                       sort order: 
                       tag: -1
                       value expressions: _col0 (type: bigint)
+                      auto parallelism: false
       Path -> Alias:
 #### A masked pattern was here ####
       Path -> Partition:
diff --git a/ql/src/test/results/clientpositive/auto_sortmerge_join_8.q.out b/ql/src/test/results/clientpositive/auto_sortmerge_join_8.q.out
index e423d148bf..59fef228de 100644
--- a/ql/src/test/results/clientpositive/auto_sortmerge_join_8.q.out
+++ b/ql/src/test/results/clientpositive/auto_sortmerge_join_8.q.out
@@ -187,6 +187,7 @@ STAGE PLANS:
                       sort order: 
                       tag: -1
                       value expressions: _col0 (type: bigint)
+                      auto parallelism: false
       Path -> Alias:
 #### A masked pattern was here ####
       Path -> Partition:
@@ -415,6 +416,7 @@ STAGE PLANS:
                       sort order: 
                       tag: -1
                       value expressions: _col0 (type: bigint)
+                      auto parallelism: false
       Path -> Alias:
 #### A masked pattern was here ####
       Path -> Partition:
@@ -767,6 +769,7 @@ STAGE PLANS:
                       sort order: 
                       tag: -1
                       value expressions: _col0 (type: bigint)
+                      auto parallelism: false
       Local Work:
         Map Reduce Local Work
       Path -> Alias:
@@ -1141,6 +1144,7 @@ STAGE PLANS:
                       sort order: 
                       tag: -1
                       value expressions: _col0 (type: bigint)
+                      auto parallelism: false
       Local Work:
         Map Reduce Local Work
       Path -> Alias:
@@ -1399,6 +1403,7 @@ STAGE PLANS:
                       sort order: 
                       tag: -1
                       value expressions: _col0 (type: bigint)
+                      auto parallelism: false
       Path -> Alias:
 #### A masked pattern was here ####
       Path -> Partition:
diff --git a/ql/src/test/results/clientpositive/bucket1.q.out b/ql/src/test/results/clientpositive/bucket1.q.out
index f3eb15c32c..17451ae2a4 100644
--- a/ql/src/test/results/clientpositive/bucket1.q.out
+++ b/ql/src/test/results/clientpositive/bucket1.q.out
@@ -57,6 +57,7 @@ STAGE PLANS:
                 Statistics: Num rows: 29 Data size: 5812 Basic stats: COMPLETE Column stats: NONE
                 tag: -1
                 value expressions: _col0 (type: string), _col1 (type: string)
+                auto parallelism: false
       Path -> Alias:
 #### A masked pattern was here ####
       Path -> Partition:
diff --git a/ql/src/test/results/clientpositive/bucket2.q.out b/ql/src/test/results/clientpositive/bucket2.q.out
index 9a22160a89..f16e2af258 100644
--- a/ql/src/test/results/clientpositive/bucket2.q.out
+++ b/ql/src/test/results/clientpositive/bucket2.q.out
@@ -57,6 +57,7 @@ STAGE PLANS:
                 Statistics: Num rows: 29 Data size: 5812 Basic stats: COMPLETE Column stats: NONE
                 tag: -1
                 value expressions: _col0 (type: string), _col1 (type: string)
+                auto parallelism: false
       Path -> Alias:
 #### A masked pattern was here ####
       Path -> Partition:
diff --git a/ql/src/test/results/clientpositive/bucket3.q.out b/ql/src/test/results/clientpositive/bucket3.q.out
index 8fa9c7b02f..551a98d095 100644
--- a/ql/src/test/results/clientpositive/bucket3.q.out
+++ b/ql/src/test/results/clientpositive/bucket3.q.out
@@ -61,6 +61,7 @@ STAGE PLANS:
                 Statistics: Num rows: 29 Data size: 5812 Basic stats: COMPLETE Column stats: NONE
                 tag: -1
                 value expressions: _col0 (type: string), _col1 (type: string)
+                auto parallelism: false
       Path -> Alias:
 #### A masked pattern was here ####
       Path -> Partition:
diff --git a/ql/src/test/results/clientpositive/bucket4.q.out b/ql/src/test/results/clientpositive/bucket4.q.out
index 032272b19a..8851161cf3 100644
--- a/ql/src/test/results/clientpositive/bucket4.q.out
+++ b/ql/src/test/results/clientpositive/bucket4.q.out
@@ -54,6 +54,7 @@ STAGE PLANS:
                 Statistics: Num rows: 29 Data size: 5812 Basic stats: COMPLETE Column stats: NONE
                 tag: -1
                 value expressions: _col0 (type: string), _col1 (type: string)
+                auto parallelism: false
       Path -> Alias:
 #### A masked pattern was here ####
       Path -> Partition:
diff --git a/ql/src/test/results/clientpositive/bucket5.q.out b/ql/src/test/results/clientpositive/bucket5.q.out
index d19fbe5349..70a4fdf2ea 100644
--- a/ql/src/test/results/clientpositive/bucket5.q.out
+++ b/ql/src/test/results/clientpositive/bucket5.q.out
@@ -96,6 +96,7 @@ STAGE PLANS:
                 Statistics: Num rows: 29 Data size: 5812 Basic stats: COMPLETE Column stats: NONE
                 tag: -1
                 value expressions: _col0 (type: string), _col1 (type: string)
+                auto parallelism: false
             Select Operator
               expressions: key (type: string), value (type: string)
               outputColumnNames: _col0, _col1
@@ -243,6 +244,7 @@ STAGE PLANS:
               Statistics: Num rows: 29 Data size: 5812 Basic stats: COMPLETE Column stats: NONE
               tag: -1
               value expressions: _col1 (type: string)
+              auto parallelism: false
       Path -> Alias:
 #### A masked pattern was here ####
       Path -> Partition:
diff --git a/ql/src/test/results/clientpositive/bucket_map_join_1.q.out b/ql/src/test/results/clientpositive/bucket_map_join_1.q.out
index 8674a6c3af..63fb0d19e6 100644
--- a/ql/src/test/results/clientpositive/bucket_map_join_1.q.out
+++ b/ql/src/test/results/clientpositive/bucket_map_join_1.q.out
@@ -166,6 +166,7 @@ STAGE PLANS:
                       Statistics: Num rows: 1 Data size: 8 Basic stats: COMPLETE Column stats: NONE
                       tag: -1
                       value expressions: _col0 (type: bigint)
+                      auto parallelism: false
       Local Work:
         Map Reduce Local Work
       Path -> Alias:
diff --git a/ql/src/test/results/clientpositive/bucket_map_join_2.q.out b/ql/src/test/results/clientpositive/bucket_map_join_2.q.out
index 8a5984df90..21f2d5a317 100644
--- a/ql/src/test/results/clientpositive/bucket_map_join_2.q.out
+++ b/ql/src/test/results/clientpositive/bucket_map_join_2.q.out
@@ -166,6 +166,7 @@ STAGE PLANS:
                       Statistics: Num rows: 1 Data size: 8 Basic stats: COMPLETE Column stats: NONE
                       tag: -1
                       value expressions: _col0 (type: bigint)
+                      auto parallelism: false
       Local Work:
         Map Reduce Local Work
       Path -> Alias:
diff --git a/ql/src/test/results/clientpositive/bucketcontext_1.q.out b/ql/src/test/results/clientpositive/bucketcontext_1.q.out
index 1513515e4a..5212de3d10 100644
--- a/ql/src/test/results/clientpositive/bucketcontext_1.q.out
+++ b/ql/src/test/results/clientpositive/bucketcontext_1.q.out
@@ -258,6 +258,7 @@ STAGE PLANS:
                       Statistics: Num rows: 1 Data size: 8 Basic stats: COMPLETE Column stats: NONE
                       tag: -1
                       value expressions: _col0 (type: bigint)
+                      auto parallelism: false
       Local Work:
         Map Reduce Local Work
       Path -> Alias:
@@ -494,6 +495,7 @@ STAGE PLANS:
                       sort order: 
                       tag: -1
                       value expressions: _col0 (type: bigint)
+                      auto parallelism: false
       Path -> Alias:
 #### A masked pattern was here ####
       Path -> Partition:
diff --git a/ql/src/test/results/clientpositive/bucketcontext_2.q.out b/ql/src/test/results/clientpositive/bucketcontext_2.q.out
index d18a9befcc..d86c43009e 100644
--- a/ql/src/test/results/clientpositive/bucketcontext_2.q.out
+++ b/ql/src/test/results/clientpositive/bucketcontext_2.q.out
@@ -242,6 +242,7 @@ STAGE PLANS:
                       Statistics: Num rows: 1 Data size: 8 Basic stats: COMPLETE Column stats: NONE
                       tag: -1
                       value expressions: _col0 (type: bigint)
+                      auto parallelism: false
       Local Work:
         Map Reduce Local Work
       Path -> Alias:
@@ -478,6 +479,7 @@ STAGE PLANS:
                       sort order: 
                       tag: -1
                       value expressions: _col0 (type: bigint)
+                      auto parallelism: false
       Path -> Alias:
 #### A masked pattern was here ####
       Path -> Partition:
diff --git a/ql/src/test/results/clientpositive/bucketcontext_3.q.out b/ql/src/test/results/clientpositive/bucketcontext_3.q.out
index e12c155e92..a536e8b268 100644
--- a/ql/src/test/results/clientpositive/bucketcontext_3.q.out
+++ b/ql/src/test/results/clientpositive/bucketcontext_3.q.out
@@ -288,6 +288,7 @@ STAGE PLANS:
                       Statistics: Num rows: 1 Data size: 8 Basic stats: COMPLETE Column stats: NONE
                       tag: -1
                       value expressions: _col0 (type: bigint)
+                      auto parallelism: false
       Local Work:
         Map Reduce Local Work
       Path -> Alias:
@@ -475,6 +476,7 @@ STAGE PLANS:
                       sort order: 
                       tag: -1
                       value expressions: _col0 (type: bigint)
+                      auto parallelism: false
       Path -> Alias:
 #### A masked pattern was here ####
       Path -> Partition:
diff --git a/ql/src/test/results/clientpositive/bucketcontext_4.q.out b/ql/src/test/results/clientpositive/bucketcontext_4.q.out
index 77b4882435..26c8720aec 100644
--- a/ql/src/test/results/clientpositive/bucketcontext_4.q.out
+++ b/ql/src/test/results/clientpositive/bucketcontext_4.q.out
@@ -304,6 +304,7 @@ STAGE PLANS:
                       Statistics: Num rows: 1 Data size: 8 Basic stats: COMPLETE Column stats: NONE
                       tag: -1
                       value expressions: _col0 (type: bigint)
+                      auto parallelism: false
       Local Work:
         Map Reduce Local Work
       Path -> Alias:
@@ -491,6 +492,7 @@ STAGE PLANS:
                       sort order: 
                       tag: -1
                       value expressions: _col0 (type: bigint)
+                      auto parallelism: false
       Path -> Alias:
 #### A masked pattern was here ####
       Path -> Partition:
diff --git a/ql/src/test/results/clientpositive/bucketcontext_5.q.out b/ql/src/test/results/clientpositive/bucketcontext_5.q.out
index fa1cfc53d4..2619cfb44f 100644
--- a/ql/src/test/results/clientpositive/bucketcontext_5.q.out
+++ b/ql/src/test/results/clientpositive/bucketcontext_5.q.out
@@ -176,6 +176,7 @@ STAGE PLANS:
                       Statistics: Num rows: 1 Data size: 8 Basic stats: COMPLETE Column stats: NONE
                       tag: -1
                       value expressions: _col0 (type: bigint)
+                      auto parallelism: false
       Local Work:
         Map Reduce Local Work
       Path -> Alias:
@@ -357,6 +358,7 @@ STAGE PLANS:
                       sort order: 
                       tag: -1
                       value expressions: _col0 (type: bigint)
+                      auto parallelism: false
       Path -> Alias:
 #### A masked pattern was here ####
       Path -> Partition:
diff --git a/ql/src/test/results/clientpositive/bucketcontext_6.q.out b/ql/src/test/results/clientpositive/bucketcontext_6.q.out
index aac66f8fe2..4c42ca7370 100644
--- a/ql/src/test/results/clientpositive/bucketcontext_6.q.out
+++ b/ql/src/test/results/clientpositive/bucketcontext_6.q.out
@@ -194,6 +194,7 @@ STAGE PLANS:
                       Statistics: Num rows: 1 Data size: 8 Basic stats: COMPLETE Column stats: NONE
                       tag: -1
                       value expressions: _col0 (type: bigint)
+                      auto parallelism: false
       Local Work:
         Map Reduce Local Work
       Path -> Alias:
@@ -428,6 +429,7 @@ STAGE PLANS:
                       sort order: 
                       tag: -1
                       value expressions: _col0 (type: bigint)
+                      auto parallelism: false
       Path -> Alias:
 #### A masked pattern was here ####
       Path -> Partition:
diff --git a/ql/src/test/results/clientpositive/bucketcontext_7.q.out b/ql/src/test/results/clientpositive/bucketcontext_7.q.out
index 78c4f949dd..7e5afb56f6 100644
--- a/ql/src/test/results/clientpositive/bucketcontext_7.q.out
+++ b/ql/src/test/results/clientpositive/bucketcontext_7.q.out
@@ -321,6 +321,7 @@ STAGE PLANS:
                       Statistics: Num rows: 1 Data size: 8 Basic stats: COMPLETE Column stats: NONE
                       tag: -1
                       value expressions: _col0 (type: bigint)
+                      auto parallelism: false
       Local Work:
         Map Reduce Local Work
       Path -> Alias:
@@ -559,6 +560,7 @@ STAGE PLANS:
                       sort order: 
                       tag: -1
                       value expressions: _col0 (type: bigint)
+                      auto parallelism: false
       Path -> Alias:
 #### A masked pattern was here ####
       Path -> Partition:
diff --git a/ql/src/test/results/clientpositive/bucketcontext_8.q.out b/ql/src/test/results/clientpositive/bucketcontext_8.q.out
index ad7fec974e..243b67a76e 100644
--- a/ql/src/test/results/clientpositive/bucketcontext_8.q.out
+++ b/ql/src/test/results/clientpositive/bucketcontext_8.q.out
@@ -321,6 +321,7 @@ STAGE PLANS:
                       Statistics: Num rows: 1 Data size: 8 Basic stats: COMPLETE Column stats: NONE
                       tag: -1
                       value expressions: _col0 (type: bigint)
+                      auto parallelism: false
       Local Work:
         Map Reduce Local Work
       Path -> Alias:
@@ -559,6 +560,7 @@ STAGE PLANS:
                       sort order: 
                       tag: -1
                       value expressions: _col0 (type: bigint)
+                      auto parallelism: false
       Path -> Alias:
 #### A masked pattern was here ####
       Path -> Partition:
diff --git a/ql/src/test/results/clientpositive/bucketmapjoin10.q.out b/ql/src/test/results/clientpositive/bucketmapjoin10.q.out
index 88ecf4003a..f852cde51f 100644
--- a/ql/src/test/results/clientpositive/bucketmapjoin10.q.out
+++ b/ql/src/test/results/clientpositive/bucketmapjoin10.q.out
@@ -345,6 +345,7 @@ STAGE PLANS:
                       Statistics: Num rows: 1 Data size: 8 Basic stats: COMPLETE Column stats: NONE
                       tag: -1
                       value expressions: _col0 (type: bigint)
+                      auto parallelism: false
       Local Work:
         Map Reduce Local Work
       Path -> Alias:
diff --git a/ql/src/test/results/clientpositive/bucketmapjoin11.q.out b/ql/src/test/results/clientpositive/bucketmapjoin11.q.out
index 4ee1fa03a9..97e80fb390 100644
--- a/ql/src/test/results/clientpositive/bucketmapjoin11.q.out
+++ b/ql/src/test/results/clientpositive/bucketmapjoin11.q.out
@@ -363,6 +363,7 @@ STAGE PLANS:
                       Statistics: Num rows: 1 Data size: 8 Basic stats: COMPLETE Column stats: NONE
                       tag: -1
                       value expressions: _col0 (type: bigint)
+                      auto parallelism: false
       Local Work:
         Map Reduce Local Work
       Path -> Alias:
@@ -762,6 +763,7 @@ STAGE PLANS:
                       Statistics: Num rows: 1 Data size: 8 Basic stats: COMPLETE Column stats: NONE
                       tag: -1
                       value expressions: _col0 (type: bigint)
+                      auto parallelism: false
       Local Work:
         Map Reduce Local Work
       Path -> Alias:
diff --git a/ql/src/test/results/clientpositive/bucketmapjoin12.q.out b/ql/src/test/results/clientpositive/bucketmapjoin12.q.out
index 9253f4ae07..e486ca5975 100644
--- a/ql/src/test/results/clientpositive/bucketmapjoin12.q.out
+++ b/ql/src/test/results/clientpositive/bucketmapjoin12.q.out
@@ -275,6 +275,7 @@ STAGE PLANS:
                       Statistics: Num rows: 1 Data size: 8 Basic stats: COMPLETE Column stats: NONE
                       tag: -1
                       value expressions: _col0 (type: bigint)
+                      auto parallelism: false
       Local Work:
         Map Reduce Local Work
       Path -> Alias:
@@ -562,6 +563,7 @@ STAGE PLANS:
                       Statistics: Num rows: 1 Data size: 8 Basic stats: COMPLETE Column stats: NONE
                       tag: -1
                       value expressions: _col0 (type: bigint)
+                      auto parallelism: false
       Local Work:
         Map Reduce Local Work
       Path -> Alias:
diff --git a/ql/src/test/results/clientpositive/bucketmapjoin13.q.out b/ql/src/test/results/clientpositive/bucketmapjoin13.q.out
index b380fab8f7..79fe3b3edc 100644
--- a/ql/src/test/results/clientpositive/bucketmapjoin13.q.out
+++ b/ql/src/test/results/clientpositive/bucketmapjoin13.q.out
@@ -228,6 +228,7 @@ STAGE PLANS:
                       Statistics: Num rows: 1 Data size: 8 Basic stats: COMPLETE Column stats: NONE
                       tag: -1
                       value expressions: _col0 (type: bigint)
+                      auto parallelism: false
       Local Work:
         Map Reduce Local Work
       Path -> Alias:
@@ -567,6 +568,7 @@ STAGE PLANS:
                       Statistics: Num rows: 1 Data size: 8 Basic stats: COMPLETE Column stats: NONE
                       tag: -1
                       value expressions: _col0 (type: bigint)
+                      auto parallelism: false
       Local Work:
         Map Reduce Local Work
       Path -> Alias:
@@ -857,6 +859,7 @@ STAGE PLANS:
                       Statistics: Num rows: 1 Data size: 8 Basic stats: COMPLETE Column stats: NONE
                       tag: -1
                       value expressions: _col0 (type: bigint)
+                      auto parallelism: false
       Local Work:
         Map Reduce Local Work
       Path -> Alias:
@@ -1149,6 +1152,7 @@ STAGE PLANS:
                       Statistics: Num rows: 1 Data size: 8 Basic stats: COMPLETE Column stats: NONE
                       tag: -1
                       value expressions: _col0 (type: bigint)
+                      auto parallelism: false
       Local Work:
         Map Reduce Local Work
       Path -> Alias:
diff --git a/ql/src/test/results/clientpositive/bucketmapjoin8.q.out b/ql/src/test/results/clientpositive/bucketmapjoin8.q.out
index 94fdbdeec0..e504c9d9bb 100644
--- a/ql/src/test/results/clientpositive/bucketmapjoin8.q.out
+++ b/ql/src/test/results/clientpositive/bucketmapjoin8.q.out
@@ -242,6 +242,7 @@ STAGE PLANS:
                       Statistics: Num rows: 1 Data size: 8 Basic stats: COMPLETE Column stats: NONE
                       tag: -1
                       value expressions: _col0 (type: bigint)
+                      auto parallelism: false
       Local Work:
         Map Reduce Local Work
       Path -> Alias:
@@ -546,6 +547,7 @@ STAGE PLANS:
                       Statistics: Num rows: 1 Data size: 8 Basic stats: COMPLETE Column stats: NONE
                       tag: -1
                       value expressions: _col0 (type: bigint)
+                      auto parallelism: false
       Local Work:
         Map Reduce Local Work
       Path -> Alias:
diff --git a/ql/src/test/results/clientpositive/bucketmapjoin9.q.out b/ql/src/test/results/clientpositive/bucketmapjoin9.q.out
index c9f4c17d26..18f350a220 100644
--- a/ql/src/test/results/clientpositive/bucketmapjoin9.q.out
+++ b/ql/src/test/results/clientpositive/bucketmapjoin9.q.out
@@ -242,6 +242,7 @@ STAGE PLANS:
                       Statistics: Num rows: 1 Data size: 8 Basic stats: COMPLETE Column stats: NONE
                       tag: -1
                       value expressions: _col0 (type: bigint)
+                      auto parallelism: false
       Local Work:
         Map Reduce Local Work
       Path -> Alias:
@@ -571,6 +572,7 @@ STAGE PLANS:
                       Statistics: Num rows: 1 Data size: 8 Basic stats: COMPLETE Column stats: NONE
                       tag: -1
                       value expressions: _col0 (type: bigint)
+                      auto parallelism: false
       Local Work:
         Map Reduce Local Work
       Path -> Alias:
diff --git a/ql/src/test/results/clientpositive/columnstats_partlvl.q.out b/ql/src/test/results/clientpositive/columnstats_partlvl.q.out
index 43d8737079..28c21e65b9 100644
--- a/ql/src/test/results/clientpositive/columnstats_partlvl.q.out
+++ b/ql/src/test/results/clientpositive/columnstats_partlvl.q.out
@@ -127,6 +127,7 @@ STAGE PLANS:
                   Map-reduce partition columns: _col0 (type: double)
                   tag: -1
                   value expressions: _col1 (type: struct<columntype:string,min:bigint,max:bigint,countnulls:bigint,bitvector:string,numbitvectors:int>)
+                  auto parallelism: false
       Path -> Alias:
 #### A masked pattern was here ####
       Path -> Partition:
@@ -326,6 +327,7 @@ STAGE PLANS:
                   Map-reduce partition columns: _col0 (type: double)
                   tag: -1
                   value expressions: _col1 (type: struct<columntype:string,min:bigint,max:bigint,countnulls:bigint,bitvector:string,numbitvectors:int>)
+                  auto parallelism: false
       Path -> Alias:
 #### A masked pattern was here ####
       Path -> Partition:
diff --git a/ql/src/test/results/clientpositive/columnstats_tbllvl.q.out b/ql/src/test/results/clientpositive/columnstats_tbllvl.q.out
index 35af84667f..3f187bec0c 100644
--- a/ql/src/test/results/clientpositive/columnstats_tbllvl.q.out
+++ b/ql/src/test/results/clientpositive/columnstats_tbllvl.q.out
@@ -126,6 +126,7 @@ STAGE PLANS:
                   sort order: 
                   tag: -1
                   value expressions: _col0 (type: struct<columntype:string,maxlength:bigint,sumlength:bigint,count:bigint,countnulls:bigint,bitvector:string,numbitvectors:int>), _col1 (type: struct<columntype:string,min:bigint,max:bigint,countnulls:bigint,bitvector:string,numbitvectors:int>), _col2 (type: struct<columntype:string,min:double,max:double,countnulls:bigint,bitvector:string,numbitvectors:int>)
+                  auto parallelism: false
       Path -> Alias:
 #### A masked pattern was here ####
       Path -> Partition:
diff --git a/ql/src/test/results/clientpositive/combine2.q.out b/ql/src/test/results/clientpositive/combine2.q.out
index 39e9363588..cff6a29a89 100644
--- a/ql/src/test/results/clientpositive/combine2.q.out
+++ b/ql/src/test/results/clientpositive/combine2.q.out
@@ -208,6 +208,7 @@ STAGE PLANS:
                   Statistics: Num rows: 1 Data size: 8 Basic stats: COMPLETE Column stats: COMPLETE
                   tag: -1
                   value expressions: _col0 (type: bigint)
+                  auto parallelism: false
       Path -> Alias:
 #### A masked pattern was here ####
       Path -> Partition:
diff --git a/ql/src/test/results/clientpositive/ctas.q.out b/ql/src/test/results/clientpositive/ctas.q.out
index 0040f3c9df..5af90d03b7 100644
--- a/ql/src/test/results/clientpositive/ctas.q.out
+++ b/ql/src/test/results/clientpositive/ctas.q.out
@@ -729,6 +729,7 @@ STAGE PLANS:
                 sort order: ++
                 Statistics: Num rows: 29 Data size: 5812 Basic stats: COMPLETE Column stats: NONE
                 tag: -1
+                auto parallelism: false
       Path -> Alias:
 #### A masked pattern was here ####
       Path -> Partition:
@@ -815,6 +816,7 @@ STAGE PLANS:
               sort order: ++
               Statistics: Num rows: 10 Data size: 2000 Basic stats: COMPLETE Column stats: NONE
               tag: -1
+              auto parallelism: false
       Path -> Alias:
 #### A masked pattern was here ####
       Path -> Partition:
diff --git a/ql/src/test/results/clientpositive/disable_merge_for_bucketing.q.out b/ql/src/test/results/clientpositive/disable_merge_for_bucketing.q.out
index 4f9bb948b8..96775a12c7 100644
--- a/ql/src/test/results/clientpositive/disable_merge_for_bucketing.q.out
+++ b/ql/src/test/results/clientpositive/disable_merge_for_bucketing.q.out
@@ -53,6 +53,7 @@ STAGE PLANS:
                 Statistics: Num rows: 29 Data size: 5812 Basic stats: COMPLETE Column stats: NONE
                 tag: -1
                 value expressions: _col0 (type: string), _col1 (type: string)
+                auto parallelism: false
       Path -> Alias:
 #### A masked pattern was here ####
       Path -> Partition:
diff --git a/ql/src/test/results/clientpositive/display_colstats_tbllvl.q.out b/ql/src/test/results/clientpositive/display_colstats_tbllvl.q.out
index 8b7afae330..a1e6202bfe 100644
--- a/ql/src/test/results/clientpositive/display_colstats_tbllvl.q.out
+++ b/ql/src/test/results/clientpositive/display_colstats_tbllvl.q.out
@@ -142,6 +142,7 @@ STAGE PLANS:
                   sort order: 
                   tag: -1
                   value expressions: _col0 (type: struct<columntype:string,maxlength:bigint,sumlength:bigint,count:bigint,countnulls:bigint,bitvector:string,numbitvectors:int>), _col1 (type: struct<columntype:string,min:bigint,max:bigint,countnulls:bigint,bitvector:string,numbitvectors:int>), _col2 (type: struct<columntype:string,min:double,max:double,countnulls:bigint,bitvector:string,numbitvectors:int>)
+                  auto parallelism: false
       Path -> Alias:
 #### A masked pattern was here ####
       Path -> Partition:
diff --git a/ql/src/test/results/clientpositive/filter_join_breaktask.q.out b/ql/src/test/results/clientpositive/filter_join_breaktask.q.out
index d46e30ae06..ff91afe5c5 100644
--- a/ql/src/test/results/clientpositive/filter_join_breaktask.q.out
+++ b/ql/src/test/results/clientpositive/filter_join_breaktask.q.out
@@ -152,6 +152,7 @@ STAGE PLANS:
                 Map-reduce partition columns: key (type: int)
                 Statistics: Num rows: 13 Data size: 109 Basic stats: COMPLETE Column stats: NONE
                 tag: 0
+                auto parallelism: false
           TableScan
             alias: m
             Statistics: Num rows: 25 Data size: 211 Basic stats: COMPLETE Column stats: NONE
@@ -167,6 +168,7 @@ STAGE PLANS:
                 Statistics: Num rows: 7 Data size: 59 Basic stats: COMPLETE Column stats: NONE
                 tag: 1
                 value expressions: value (type: string)
+                auto parallelism: false
       Path -> Alias:
 #### A masked pattern was here ####
       Path -> Partition:
@@ -257,6 +259,7 @@ STAGE PLANS:
               Statistics: Num rows: 14 Data size: 119 Basic stats: COMPLETE Column stats: NONE
               tag: 0
               value expressions: _col0 (type: int)
+              auto parallelism: false
           TableScan
             alias: g
             Statistics: Num rows: 25 Data size: 211 Basic stats: COMPLETE Column stats: NONE
@@ -271,6 +274,7 @@ STAGE PLANS:
                 Map-reduce partition columns: value (type: string)
                 Statistics: Num rows: 13 Data size: 109 Basic stats: COMPLETE Column stats: NONE
                 tag: 1
+                auto parallelism: false
       Path -> Alias:
 #### A masked pattern was here ####
       Path -> Partition:
diff --git a/ql/src/test/results/clientpositive/groupby_map_ppr.q.out b/ql/src/test/results/clientpositive/groupby_map_ppr.q.out
index c7ca52190c..0eaf71e402 100644
--- a/ql/src/test/results/clientpositive/groupby_map_ppr.q.out
+++ b/ql/src/test/results/clientpositive/groupby_map_ppr.q.out
@@ -124,6 +124,7 @@ STAGE PLANS:
                   Statistics: Num rows: 58 Data size: 11624 Basic stats: COMPLETE Column stats: NONE
                   tag: -1
                   value expressions: _col3 (type: double)
+                  auto parallelism: false
       Path -> Alias:
 #### A masked pattern was here ####
       Path -> Partition:
diff --git a/ql/src/test/results/clientpositive/groupby_map_ppr_multi_distinct.q.out b/ql/src/test/results/clientpositive/groupby_map_ppr_multi_distinct.q.out
index 00e2b6d999..a9681c2178 100644
--- a/ql/src/test/results/clientpositive/groupby_map_ppr_multi_distinct.q.out
+++ b/ql/src/test/results/clientpositive/groupby_map_ppr_multi_distinct.q.out
@@ -141,6 +141,7 @@ STAGE PLANS:
                   Statistics: Num rows: 58 Data size: 11624 Basic stats: COMPLETE Column stats: NONE
                   tag: -1
                   value expressions: _col4 (type: double)
+                  auto parallelism: false
       Path -> Alias:
 #### A masked pattern was here ####
       Path -> Partition:
diff --git a/ql/src/test/results/clientpositive/groupby_ppr.q.out b/ql/src/test/results/clientpositive/groupby_ppr.q.out
index 57e886dd8e..b97886b03d 100644
--- a/ql/src/test/results/clientpositive/groupby_ppr.q.out
+++ b/ql/src/test/results/clientpositive/groupby_ppr.q.out
@@ -113,6 +113,7 @@ STAGE PLANS:
                 Map-reduce partition columns: substr(key, 1, 1) (type: string)
                 Statistics: Num rows: 58 Data size: 11624 Basic stats: COMPLETE Column stats: NONE
                 tag: -1
+                auto parallelism: false
       Path -> Alias:
 #### A masked pattern was here ####
       Path -> Partition:
diff --git a/ql/src/test/results/clientpositive/groupby_ppr_multi_distinct.q.out b/ql/src/test/results/clientpositive/groupby_ppr_multi_distinct.q.out
index f8073ff6cc..fe2d7dde16 100644
--- a/ql/src/test/results/clientpositive/groupby_ppr_multi_distinct.q.out
+++ b/ql/src/test/results/clientpositive/groupby_ppr_multi_distinct.q.out
@@ -130,6 +130,7 @@ STAGE PLANS:
                 Map-reduce partition columns: substr(key, 1, 1) (type: string)
                 Statistics: Num rows: 58 Data size: 11624 Basic stats: COMPLETE Column stats: NONE
                 tag: -1
+                auto parallelism: false
       Path -> Alias:
 #### A masked pattern was here ####
       Path -> Partition:
diff --git a/ql/src/test/results/clientpositive/groupby_sort_1_23.q.out b/ql/src/test/results/clientpositive/groupby_sort_1_23.q.out
index 38a0678832..8b7965ba84 100644
--- a/ql/src/test/results/clientpositive/groupby_sort_1_23.q.out
+++ b/ql/src/test/results/clientpositive/groupby_sort_1_23.q.out
@@ -470,6 +470,7 @@ STAGE PLANS:
                   Statistics: Num rows: 6 Data size: 24 Basic stats: COMPLETE Column stats: NONE
                   tag: -1
                   value expressions: _col2 (type: bigint)
+                  auto parallelism: false
       Path -> Alias:
 #### A masked pattern was here ####
       Path -> Partition:
@@ -1873,6 +1874,7 @@ STAGE PLANS:
                   Statistics: Num rows: 6 Data size: 24 Basic stats: COMPLETE Column stats: NONE
                   tag: -1
                   value expressions: _col3 (type: bigint)
+                  auto parallelism: false
       Path -> Alias:
 #### A masked pattern was here ####
       Path -> Partition:
@@ -2093,6 +2095,7 @@ STAGE PLANS:
                   Statistics: Num rows: 6 Data size: 24 Basic stats: COMPLETE Column stats: NONE
                   tag: -1
                   value expressions: _col2 (type: bigint)
+                  auto parallelism: false
       Path -> Alias:
 #### A masked pattern was here ####
       Path -> Partition:
@@ -2359,6 +2362,7 @@ STAGE PLANS:
                       Statistics: Num rows: 3 Data size: 12 Basic stats: COMPLETE Column stats: NONE
                       tag: -1
                       value expressions: _col1 (type: bigint)
+                      auto parallelism: false
       Path -> Alias:
 #### A masked pattern was here ####
       Path -> Partition:
@@ -3139,6 +3143,7 @@ STAGE PLANS:
                   Statistics: Num rows: 6 Data size: 24 Basic stats: COMPLETE Column stats: NONE
                   tag: -1
                   value expressions: _col1 (type: bigint)
+                  auto parallelism: false
       Path -> Alias:
 #### A masked pattern was here ####
       Path -> Partition:
@@ -3785,6 +3790,7 @@ STAGE PLANS:
                       Statistics: Num rows: 1 Data size: 4 Basic stats: COMPLETE Column stats: NONE
                       tag: 0
                       value expressions: _col1 (type: bigint)
+                      auto parallelism: false
           TableScan
             alias: t1
             Statistics: Num rows: 6 Data size: 24 Basic stats: COMPLETE Column stats: NONE
@@ -3814,6 +3820,7 @@ STAGE PLANS:
                       Statistics: Num rows: 1 Data size: 4 Basic stats: COMPLETE Column stats: NONE
                       tag: 1
                       value expressions: _col1 (type: bigint)
+                      auto parallelism: false
       Path -> Alias:
 #### A masked pattern was here ####
       Path -> Partition:
@@ -4099,6 +4106,7 @@ STAGE PLANS:
                     Statistics: Num rows: 3 Data size: 12 Basic stats: COMPLETE Column stats: NONE
                     tag: -1
                     value expressions: _col2 (type: bigint)
+                    auto parallelism: false
       Path -> Alias:
 #### A masked pattern was here ####
       Path -> Partition:
@@ -4214,6 +4222,7 @@ STAGE PLANS:
                       Statistics: Num rows: 1 Data size: 4 Basic stats: COMPLETE Column stats: NONE
                       tag: 0
                       value expressions: _col1 (type: bigint)
+                      auto parallelism: false
           TableScan
             GatherStats: false
             Reduce Output Operator
@@ -4223,6 +4232,7 @@ STAGE PLANS:
               Statistics: Num rows: 1 Data size: 4 Basic stats: COMPLETE Column stats: NONE
               tag: 1
               value expressions: _col1 (type: string), _col2 (type: bigint)
+              auto parallelism: false
       Path -> Alias:
 #### A masked pattern was here ####
       Path -> Partition:
@@ -4426,6 +4436,7 @@ STAGE PLANS:
                   Statistics: Num rows: 6 Data size: 24 Basic stats: COMPLETE Column stats: NONE
                   tag: -1
                   value expressions: _col1 (type: bigint)
+                  auto parallelism: false
       Path -> Alias:
 #### A masked pattern was here ####
       Path -> Partition:
diff --git a/ql/src/test/results/clientpositive/groupby_sort_6.q.out b/ql/src/test/results/clientpositive/groupby_sort_6.q.out
index ca5ad8f805..a18a3c1a16 100644
--- a/ql/src/test/results/clientpositive/groupby_sort_6.q.out
+++ b/ql/src/test/results/clientpositive/groupby_sort_6.q.out
@@ -373,6 +373,7 @@ STAGE PLANS:
                   Statistics: Num rows: 0 Data size: 30 Basic stats: PARTIAL Column stats: NONE
                   tag: -1
                   value expressions: _col1 (type: bigint)
+                  auto parallelism: false
       Path -> Alias:
 #### A masked pattern was here ####
       Path -> Partition:
diff --git a/ql/src/test/results/clientpositive/groupby_sort_skew_1_23.q.out b/ql/src/test/results/clientpositive/groupby_sort_skew_1_23.q.out
index ac54e7d023..48b9fde7e5 100644
--- a/ql/src/test/results/clientpositive/groupby_sort_skew_1_23.q.out
+++ b/ql/src/test/results/clientpositive/groupby_sort_skew_1_23.q.out
@@ -471,6 +471,7 @@ STAGE PLANS:
                   Statistics: Num rows: 6 Data size: 24 Basic stats: COMPLETE Column stats: NONE
                   tag: -1
                   value expressions: _col2 (type: bigint)
+                  auto parallelism: false
       Path -> Alias:
 #### A masked pattern was here ####
       Path -> Partition:
@@ -562,6 +563,7 @@ STAGE PLANS:
               Statistics: Num rows: 6 Data size: 24 Basic stats: COMPLETE Column stats: NONE
               tag: -1
               value expressions: _col2 (type: bigint)
+              auto parallelism: false
       Path -> Alias:
 #### A masked pattern was here ####
       Path -> Partition:
@@ -1938,6 +1940,7 @@ STAGE PLANS:
                   Statistics: Num rows: 6 Data size: 24 Basic stats: COMPLETE Column stats: NONE
                   tag: -1
                   value expressions: _col3 (type: bigint)
+                  auto parallelism: false
       Path -> Alias:
 #### A masked pattern was here ####
       Path -> Partition:
@@ -2029,6 +2032,7 @@ STAGE PLANS:
               Statistics: Num rows: 6 Data size: 24 Basic stats: COMPLETE Column stats: NONE
               tag: -1
               value expressions: _col3 (type: bigint)
+              auto parallelism: false
       Path -> Alias:
 #### A masked pattern was here ####
       Path -> Partition:
@@ -2222,6 +2226,7 @@ STAGE PLANS:
                   Statistics: Num rows: 6 Data size: 24 Basic stats: COMPLETE Column stats: NONE
                   tag: -1
                   value expressions: _col2 (type: bigint)
+                  auto parallelism: false
       Path -> Alias:
 #### A masked pattern was here ####
       Path -> Partition:
@@ -2313,6 +2318,7 @@ STAGE PLANS:
               Statistics: Num rows: 6 Data size: 24 Basic stats: COMPLETE Column stats: NONE
               tag: -1
               value expressions: _col2 (type: bigint)
+              auto parallelism: false
       Path -> Alias:
 #### A masked pattern was here ####
       Path -> Partition:
@@ -2552,6 +2558,7 @@ STAGE PLANS:
                       Statistics: Num rows: 3 Data size: 12 Basic stats: COMPLETE Column stats: NONE
                       tag: -1
                       value expressions: _col1 (type: bigint)
+                      auto parallelism: false
       Path -> Alias:
 #### A masked pattern was here ####
       Path -> Partition:
@@ -2643,6 +2650,7 @@ STAGE PLANS:
               Statistics: Num rows: 3 Data size: 12 Basic stats: COMPLETE Column stats: NONE
               tag: -1
               value expressions: _col1 (type: bigint)
+              auto parallelism: false
       Path -> Alias:
 #### A masked pattern was here ####
       Path -> Partition:
@@ -3396,6 +3404,7 @@ STAGE PLANS:
                   Statistics: Num rows: 6 Data size: 24 Basic stats: COMPLETE Column stats: NONE
                   tag: -1
                   value expressions: _col1 (type: bigint)
+                  auto parallelism: false
       Path -> Alias:
 #### A masked pattern was here ####
       Path -> Partition:
@@ -3487,6 +3496,7 @@ STAGE PLANS:
               Statistics: Num rows: 6 Data size: 24 Basic stats: COMPLETE Column stats: NONE
               tag: -1
               value expressions: _col1 (type: bigint)
+              auto parallelism: false
       Path -> Alias:
 #### A masked pattern was here ####
       Path -> Partition:
@@ -4105,6 +4115,7 @@ STAGE PLANS:
                       Statistics: Num rows: 1 Data size: 4 Basic stats: COMPLETE Column stats: NONE
                       tag: 0
                       value expressions: _col1 (type: bigint)
+                      auto parallelism: false
           TableScan
             alias: t1
             Statistics: Num rows: 6 Data size: 24 Basic stats: COMPLETE Column stats: NONE
@@ -4134,6 +4145,7 @@ STAGE PLANS:
                       Statistics: Num rows: 1 Data size: 4 Basic stats: COMPLETE Column stats: NONE
                       tag: 1
                       value expressions: _col1 (type: bigint)
+                      auto parallelism: false
       Path -> Alias:
 #### A masked pattern was here ####
       Path -> Partition:
@@ -4420,6 +4432,7 @@ STAGE PLANS:
                     Statistics: Num rows: 3 Data size: 12 Basic stats: COMPLETE Column stats: NONE
                     tag: -1
                     value expressions: _col2 (type: bigint)
+                    auto parallelism: false
       Path -> Alias:
 #### A masked pattern was here ####
       Path -> Partition:
@@ -4511,6 +4524,7 @@ STAGE PLANS:
               Statistics: Num rows: 3 Data size: 12 Basic stats: COMPLETE Column stats: NONE
               tag: -1
               value expressions: _col2 (type: bigint)
+              auto parallelism: false
       Path -> Alias:
 #### A masked pattern was here ####
       Path -> Partition:
@@ -4598,6 +4612,7 @@ STAGE PLANS:
                       Statistics: Num rows: 1 Data size: 4 Basic stats: COMPLETE Column stats: NONE
                       tag: 0
                       value expressions: _col1 (type: bigint)
+                      auto parallelism: false
           TableScan
             GatherStats: false
             Reduce Output Operator
@@ -4607,6 +4622,7 @@ STAGE PLANS:
               Statistics: Num rows: 1 Data size: 4 Basic stats: COMPLETE Column stats: NONE
               tag: 1
               value expressions: _col1 (type: string), _col2 (type: bigint)
+              auto parallelism: false
       Path -> Alias:
 #### A masked pattern was here ####
       Path -> Partition:
@@ -4811,6 +4827,7 @@ STAGE PLANS:
                   Statistics: Num rows: 6 Data size: 24 Basic stats: COMPLETE Column stats: NONE
                   tag: -1
                   value expressions: _col1 (type: bigint)
+                  auto parallelism: false
       Path -> Alias:
 #### A masked pattern was here ####
       Path -> Partition:
@@ -4902,6 +4919,7 @@ STAGE PLANS:
               Statistics: Num rows: 6 Data size: 24 Basic stats: COMPLETE Column stats: NONE
               tag: -1
               value expressions: _col1 (type: bigint)
+              auto parallelism: false
       Path -> Alias:
 #### A masked pattern was here ####
       Path -> Partition:
diff --git a/ql/src/test/results/clientpositive/input23.q.out b/ql/src/test/results/clientpositive/input23.q.out
index 1891aae7a6..e82cff00e3 100644
--- a/ql/src/test/results/clientpositive/input23.q.out
+++ b/ql/src/test/results/clientpositive/input23.q.out
@@ -74,6 +74,7 @@ STAGE PLANS:
               Statistics: Num rows: 29 Data size: 5812 Basic stats: COMPLETE Column stats: NONE
               tag: 0
               value expressions: key (type: string), value (type: string), ds (type: string), hr (type: string)
+              auto parallelism: false
       Path -> Alias:
 #### A masked pattern was here ####
       Path -> Partition:
diff --git a/ql/src/test/results/clientpositive/input_part7.q.out b/ql/src/test/results/clientpositive/input_part7.q.out
index 19985d6e9d..80d53f47cf 100644
--- a/ql/src/test/results/clientpositive/input_part7.q.out
+++ b/ql/src/test/results/clientpositive/input_part7.q.out
@@ -140,6 +140,7 @@ STAGE PLANS:
                       sort order: ++++
                       Statistics: Num rows: 38 Data size: 7614 Basic stats: COMPLETE Column stats: NONE
                       tag: -1
+                      auto parallelism: false
           TableScan
             alias: y
             Statistics: Num rows: 58 Data size: 11624 Basic stats: COMPLETE Column stats: NONE
@@ -163,6 +164,7 @@ STAGE PLANS:
                       sort order: ++++
                       Statistics: Num rows: 38 Data size: 7614 Basic stats: COMPLETE Column stats: NONE
                       tag: -1
+                      auto parallelism: false
       Path -> Alias:
 #### A masked pattern was here ####
       Path -> Partition:
diff --git a/ql/src/test/results/clientpositive/join17.q.out b/ql/src/test/results/clientpositive/join17.q.out
index 76741bb2ec..bbf5e3d795 100644
--- a/ql/src/test/results/clientpositive/join17.q.out
+++ b/ql/src/test/results/clientpositive/join17.q.out
@@ -75,6 +75,7 @@ STAGE PLANS:
                 Statistics: Num rows: 15 Data size: 3006 Basic stats: COMPLETE Column stats: NONE
                 tag: 1
                 value expressions: value (type: string)
+                auto parallelism: false
           TableScan
             alias: src1
             Statistics: Num rows: 29 Data size: 5812 Basic stats: COMPLETE Column stats: NONE
@@ -90,6 +91,7 @@ STAGE PLANS:
                 Statistics: Num rows: 15 Data size: 3006 Basic stats: COMPLETE Column stats: NONE
                 tag: 0
                 value expressions: value (type: string)
+                auto parallelism: false
       Path -> Alias:
 #### A masked pattern was here ####
       Path -> Partition:
diff --git a/ql/src/test/results/clientpositive/join32_lessSize.q.out b/ql/src/test/results/clientpositive/join32_lessSize.q.out
index 04ed6b212e..8c7c35f221 100644
--- a/ql/src/test/results/clientpositive/join32_lessSize.q.out
+++ b/ql/src/test/results/clientpositive/join32_lessSize.q.out
@@ -1556,6 +1556,7 @@ STAGE PLANS:
               Map-reduce partition columns: _col4 (type: string)
               Statistics: Num rows: 31 Data size: 3196 Basic stats: COMPLETE Column stats: NONE
               tag: 0
+              auto parallelism: false
           TableScan
             alias: z
             Statistics: Num rows: 1 Data size: 216 Basic stats: COMPLETE Column stats: NONE
@@ -1571,6 +1572,7 @@ STAGE PLANS:
                 Statistics: Num rows: 1 Data size: 216 Basic stats: COMPLETE Column stats: NONE
                 tag: 2
                 value expressions: value (type: string)
+                auto parallelism: false
           TableScan
             alias: y
             Statistics: Num rows: 29 Data size: 5812 Basic stats: COMPLETE Column stats: NONE
@@ -1586,6 +1588,7 @@ STAGE PLANS:
                 Statistics: Num rows: 15 Data size: 3006 Basic stats: COMPLETE Column stats: NONE
                 tag: 1
                 value expressions: value (type: string)
+                auto parallelism: false
       Path -> Alias:
 #### A masked pattern was here ####
       Path -> Partition:
diff --git a/ql/src/test/results/clientpositive/join35.q.out b/ql/src/test/results/clientpositive/join35.q.out
index 3053af74eb..20c69ea7dc 100644
--- a/ql/src/test/results/clientpositive/join35.q.out
+++ b/ql/src/test/results/clientpositive/join35.q.out
@@ -182,6 +182,7 @@ STAGE PLANS:
                     Statistics: Num rows: 10 Data size: 1002 Basic stats: COMPLETE Column stats: NONE
                     tag: -1
                     value expressions: _col1 (type: bigint)
+                    auto parallelism: false
       Path -> Alias:
 #### A masked pattern was here ####
       Path -> Partition:
@@ -527,6 +528,7 @@ STAGE PLANS:
                     Statistics: Num rows: 10 Data size: 1002 Basic stats: COMPLETE Column stats: NONE
                     tag: -1
                     value expressions: _col1 (type: bigint)
+                    auto parallelism: false
       Path -> Alias:
 #### A masked pattern was here ####
       Path -> Partition:
diff --git a/ql/src/test/results/clientpositive/join9.q.out b/ql/src/test/results/clientpositive/join9.q.out
index 16ce5a2adc..49eb3de206 100644
--- a/ql/src/test/results/clientpositive/join9.q.out
+++ b/ql/src/test/results/clientpositive/join9.q.out
@@ -91,6 +91,7 @@ STAGE PLANS:
                 Statistics: Num rows: 15 Data size: 3006 Basic stats: COMPLETE Column stats: NONE
                 tag: 1
                 value expressions: value (type: string)
+                auto parallelism: false
           TableScan
             alias: src1
             Statistics: Num rows: 58 Data size: 5812 Basic stats: COMPLETE Column stats: NONE
@@ -105,6 +106,7 @@ STAGE PLANS:
                 Map-reduce partition columns: key (type: string)
                 Statistics: Num rows: 29 Data size: 2906 Basic stats: COMPLETE Column stats: NONE
                 tag: 0
+                auto parallelism: false
       Path -> Alias:
 #### A masked pattern was here ####
       Path -> Partition:
diff --git a/ql/src/test/results/clientpositive/join_filters_overlap.q.out b/ql/src/test/results/clientpositive/join_filters_overlap.q.out
index 94ca28efae..3dae4e187b 100644
--- a/ql/src/test/results/clientpositive/join_filters_overlap.q.out
+++ b/ql/src/test/results/clientpositive/join_filters_overlap.q.out
@@ -112,6 +112,7 @@ STAGE PLANS:
                 Statistics: Num rows: 1 Data size: 6 Basic stats: COMPLETE Column stats: NONE
                 tag: 1
                 value expressions: value (type: int)
+                auto parallelism: false
           TableScan
             alias: c
             Statistics: Num rows: 3 Data size: 18 Basic stats: COMPLETE Column stats: NONE
@@ -127,6 +128,7 @@ STAGE PLANS:
                 Statistics: Num rows: 1 Data size: 6 Basic stats: COMPLETE Column stats: NONE
                 tag: 2
                 value expressions: value (type: int)
+                auto parallelism: false
           TableScan
             alias: a
             Statistics: Num rows: 3 Data size: 18 Basic stats: COMPLETE Column stats: NONE
@@ -138,6 +140,7 @@ STAGE PLANS:
               Statistics: Num rows: 3 Data size: 18 Basic stats: COMPLETE Column stats: NONE
               tag: 0
               value expressions: value (type: int)
+              auto parallelism: false
       Path -> Alias:
 #### A masked pattern was here ####
       Path -> Partition:
@@ -356,6 +359,7 @@ STAGE PLANS:
               Statistics: Num rows: 3 Data size: 18 Basic stats: COMPLETE Column stats: NONE
               tag: 1
               value expressions: value (type: int)
+              auto parallelism: false
           TableScan
             alias: c
             Statistics: Num rows: 3 Data size: 18 Basic stats: COMPLETE Column stats: NONE
@@ -371,6 +375,7 @@ STAGE PLANS:
                 Statistics: Num rows: 1 Data size: 6 Basic stats: COMPLETE Column stats: NONE
                 tag: 2
                 value expressions: value (type: int)
+                auto parallelism: false
           TableScan
             alias: a
             Statistics: Num rows: 3 Data size: 18 Basic stats: COMPLETE Column stats: NONE
@@ -386,6 +391,7 @@ STAGE PLANS:
                 Statistics: Num rows: 1 Data size: 6 Basic stats: COMPLETE Column stats: NONE
                 tag: 0
                 value expressions: value (type: int)
+                auto parallelism: false
       Path -> Alias:
 #### A masked pattern was here ####
       Path -> Partition:
@@ -618,6 +624,7 @@ STAGE PLANS:
               Statistics: Num rows: 3 Data size: 18 Basic stats: COMPLETE Column stats: NONE
               tag: 1
               value expressions: value (type: int)
+              auto parallelism: false
           TableScan
             alias: c
             Statistics: Num rows: 3 Data size: 18 Basic stats: COMPLETE Column stats: NONE
@@ -633,6 +640,7 @@ STAGE PLANS:
                 Statistics: Num rows: 1 Data size: 6 Basic stats: COMPLETE Column stats: NONE
                 tag: 2
                 value expressions: value (type: int)
+                auto parallelism: false
           TableScan
             alias: a
             Statistics: Num rows: 3 Data size: 18 Basic stats: COMPLETE Column stats: NONE
@@ -648,6 +656,7 @@ STAGE PLANS:
                 Statistics: Num rows: 1 Data size: 6 Basic stats: COMPLETE Column stats: NONE
                 tag: 0
                 value expressions: value (type: int)
+                auto parallelism: false
       Path -> Alias:
 #### A masked pattern was here ####
       Path -> Partition:
@@ -898,6 +907,7 @@ STAGE PLANS:
                 Statistics: Num rows: 1 Data size: 6 Basic stats: COMPLETE Column stats: NONE
                 tag: 3
                 value expressions: value (type: int)
+                auto parallelism: false
           TableScan
             alias: b
             Statistics: Num rows: 3 Data size: 18 Basic stats: COMPLETE Column stats: NONE
@@ -909,6 +919,7 @@ STAGE PLANS:
               Statistics: Num rows: 3 Data size: 18 Basic stats: COMPLETE Column stats: NONE
               tag: 1
               value expressions: value (type: int)
+              auto parallelism: false
           TableScan
             alias: c
             Statistics: Num rows: 3 Data size: 18 Basic stats: COMPLETE Column stats: NONE
@@ -924,6 +935,7 @@ STAGE PLANS:
                 Statistics: Num rows: 1 Data size: 6 Basic stats: COMPLETE Column stats: NONE
                 tag: 2
                 value expressions: value (type: int)
+                auto parallelism: false
           TableScan
             alias: a
             Statistics: Num rows: 3 Data size: 18 Basic stats: COMPLETE Column stats: NONE
@@ -935,6 +947,7 @@ STAGE PLANS:
               Statistics: Num rows: 3 Data size: 18 Basic stats: COMPLETE Column stats: NONE
               tag: 0
               value expressions: value (type: int)
+              auto parallelism: false
       Path -> Alias:
 #### A masked pattern was here ####
       Path -> Partition:
@@ -1180,6 +1193,7 @@ STAGE PLANS:
                 Statistics: Num rows: 1 Data size: 6 Basic stats: COMPLETE Column stats: NONE
                 tag: 3
                 value expressions: value (type: int)
+                auto parallelism: false
           TableScan
             alias: b
             Statistics: Num rows: 3 Data size: 18 Basic stats: COMPLETE Column stats: NONE
@@ -1195,6 +1209,7 @@ STAGE PLANS:
                 Statistics: Num rows: 1 Data size: 6 Basic stats: COMPLETE Column stats: NONE
                 tag: 1
                 value expressions: value (type: int)
+                auto parallelism: false
           TableScan
             alias: c
             Statistics: Num rows: 3 Data size: 18 Basic stats: COMPLETE Column stats: NONE
@@ -1210,6 +1225,7 @@ STAGE PLANS:
                 Statistics: Num rows: 1 Data size: 6 Basic stats: COMPLETE Column stats: NONE
                 tag: 2
                 value expressions: value (type: int)
+                auto parallelism: false
           TableScan
             alias: a
             Statistics: Num rows: 3 Data size: 18 Basic stats: COMPLETE Column stats: NONE
@@ -1221,6 +1237,7 @@ STAGE PLANS:
               Statistics: Num rows: 3 Data size: 18 Basic stats: COMPLETE Column stats: NONE
               tag: 0
               value expressions: value (type: int)
+              auto parallelism: false
       Path -> Alias:
 #### A masked pattern was here ####
       Path -> Partition:
diff --git a/ql/src/test/results/clientpositive/list_bucket_query_multiskew_3.q.out b/ql/src/test/results/clientpositive/list_bucket_query_multiskew_3.q.out
index d4f833b289..2dac90a6ac 100644
--- a/ql/src/test/results/clientpositive/list_bucket_query_multiskew_3.q.out
+++ b/ql/src/test/results/clientpositive/list_bucket_query_multiskew_3.q.out
@@ -437,6 +437,7 @@ STAGE PLANS:
                   Statistics: Num rows: 1 Data size: 8 Basic stats: COMPLETE Column stats: COMPLETE
                   tag: -1
                   value expressions: _col0 (type: bigint)
+                  auto parallelism: false
       Path -> Alias:
 #### A masked pattern was here ####
       Path -> Partition:
diff --git a/ql/src/test/results/clientpositive/list_bucket_query_oneskew_2.q.out b/ql/src/test/results/clientpositive/list_bucket_query_oneskew_2.q.out
index 21fac222ae..f952c282ed 100644
--- a/ql/src/test/results/clientpositive/list_bucket_query_oneskew_2.q.out
+++ b/ql/src/test/results/clientpositive/list_bucket_query_oneskew_2.q.out
@@ -577,6 +577,7 @@ STAGE PLANS:
                     Statistics: Num rows: 0 Data size: 0 Basic stats: NONE Column stats: NONE
                     tag: -1
                     value expressions: _col1 (type: bigint)
+                    auto parallelism: false
       Path -> Alias:
 #### A masked pattern was here ####
       Path -> Partition:
@@ -772,6 +773,7 @@ STAGE PLANS:
                     Statistics: Num rows: 3 Data size: 12 Basic stats: COMPLETE Column stats: NONE
                     tag: -1
                     value expressions: _col1 (type: bigint)
+                    auto parallelism: false
       Path -> Alias:
 #### A masked pattern was here ####
       Path -> Partition:
diff --git a/ql/src/test/results/clientpositive/load_dyn_part8.q.out b/ql/src/test/results/clientpositive/load_dyn_part8.q.out
index 2299667731..5994deb559 100644
--- a/ql/src/test/results/clientpositive/load_dyn_part8.q.out
+++ b/ql/src/test/results/clientpositive/load_dyn_part8.q.out
@@ -141,6 +141,7 @@ STAGE PLANS:
                   Statistics: Num rows: 38 Data size: 7615 Basic stats: COMPLETE Column stats: NONE
                   tag: -1
                   value expressions: _col0 (type: string), _col1 (type: string), _col2 (type: string), _col3 (type: string)
+                  auto parallelism: false
             Filter Operator
               isSamplingPred: false
               predicate: (ds > '2008-04-08') (type: boolean)
@@ -434,6 +435,7 @@ STAGE PLANS:
               Statistics: Num rows: 38 Data size: 7615 Basic stats: COMPLETE Column stats: NONE
               tag: -1
               value expressions: _col0 (type: string), _col1 (type: string), _col2 (type: string)
+              auto parallelism: false
       Path -> Alias:
 #### A masked pattern was here ####
       Path -> Partition:
diff --git a/ql/src/test/results/clientpositive/louter_join_ppr.q.out b/ql/src/test/results/clientpositive/louter_join_ppr.q.out
index 3dec6a643c..fde3f9dac8 100644
--- a/ql/src/test/results/clientpositive/louter_join_ppr.q.out
+++ b/ql/src/test/results/clientpositive/louter_join_ppr.q.out
@@ -123,6 +123,7 @@ STAGE PLANS:
                 Statistics: Num rows: 6 Data size: 1202 Basic stats: COMPLETE Column stats: NONE
                 tag: 1
                 value expressions: value (type: string)
+                auto parallelism: false
           TableScan
             alias: a
             Statistics: Num rows: 29 Data size: 5812 Basic stats: COMPLETE Column stats: NONE
@@ -138,6 +139,7 @@ STAGE PLANS:
                 Statistics: Num rows: 3 Data size: 601 Basic stats: COMPLETE Column stats: NONE
                 tag: 0
                 value expressions: value (type: string)
+                auto parallelism: false
       Path -> Alias:
 #### A masked pattern was here ####
       Path -> Partition:
@@ -490,6 +492,7 @@ STAGE PLANS:
                 Statistics: Num rows: 3 Data size: 601 Basic stats: COMPLETE Column stats: NONE
                 tag: 1
                 value expressions: value (type: string)
+                auto parallelism: false
           TableScan
             alias: a
             Statistics: Num rows: 116 Data size: 23248 Basic stats: COMPLETE Column stats: NONE
@@ -505,6 +508,7 @@ STAGE PLANS:
                 Statistics: Num rows: 12 Data size: 2404 Basic stats: COMPLETE Column stats: NONE
                 tag: 0
                 value expressions: value (type: string), ds (type: string)
+                auto parallelism: false
       Path -> Alias:
 #### A masked pattern was here ####
       Path -> Partition:
@@ -960,6 +964,7 @@ STAGE PLANS:
                 Statistics: Num rows: 12 Data size: 2404 Basic stats: COMPLETE Column stats: NONE
                 tag: 1
                 value expressions: value (type: string), ds (type: string)
+                auto parallelism: false
           TableScan
             alias: a
             Statistics: Num rows: 29 Data size: 5812 Basic stats: COMPLETE Column stats: NONE
@@ -975,6 +980,7 @@ STAGE PLANS:
                 Statistics: Num rows: 3 Data size: 601 Basic stats: COMPLETE Column stats: NONE
                 tag: 0
                 value expressions: value (type: string)
+                auto parallelism: false
       Path -> Alias:
 #### A masked pattern was here ####
       Path -> Partition:
@@ -1425,6 +1431,7 @@ STAGE PLANS:
                 Statistics: Num rows: 3 Data size: 601 Basic stats: COMPLETE Column stats: NONE
                 tag: 1
                 value expressions: value (type: string)
+                auto parallelism: false
           TableScan
             alias: a
             Statistics: Num rows: 58 Data size: 11624 Basic stats: COMPLETE Column stats: NONE
@@ -1440,6 +1447,7 @@ STAGE PLANS:
                 Statistics: Num rows: 6 Data size: 1202 Basic stats: COMPLETE Column stats: NONE
                 tag: 0
                 value expressions: value (type: string)
+                auto parallelism: false
       Path -> Alias:
 #### A masked pattern was here ####
       Path -> Partition:
diff --git a/ql/src/test/results/clientpositive/merge3.q.out b/ql/src/test/results/clientpositive/merge3.q.out
index 96f675d981..41b7972381 100644
--- a/ql/src/test/results/clientpositive/merge3.q.out
+++ b/ql/src/test/results/clientpositive/merge3.q.out
@@ -2445,6 +2445,7 @@ STAGE PLANS:
                 Statistics: Num rows: 2000 Data size: 21248 Basic stats: COMPLETE Column stats: NONE
                 tag: -1
                 value expressions: _col0 (type: string), _col1 (type: string), _col2 (type: string)
+                auto parallelism: false
       Path -> Alias:
 #### A masked pattern was here ####
       Path -> Partition:
@@ -4910,6 +4911,7 @@ STAGE PLANS:
                 Statistics: Num rows: 2000 Data size: 21248 Basic stats: COMPLETE Column stats: NONE
                 tag: -1
                 value expressions: _col0 (type: string), _col1 (type: string), _col2 (type: string)
+                auto parallelism: false
       Path -> Alias:
 #### A masked pattern was here ####
       Path -> Partition:
diff --git a/ql/src/test/results/clientpositive/metadataonly1.q.out b/ql/src/test/results/clientpositive/metadataonly1.q.out
index f08ef9ecfe..a836e82110 100644
--- a/ql/src/test/results/clientpositive/metadataonly1.q.out
+++ b/ql/src/test/results/clientpositive/metadataonly1.q.out
@@ -139,6 +139,7 @@ STAGE PLANS:
                   Statistics: Num rows: 1 Data size: 84 Basic stats: COMPLETE Column stats: COMPLETE
                   tag: -1
                   value expressions: _col0 (type: string)
+                  auto parallelism: false
       Path -> Alias:
         -mr-10002default.test1{ds=1} [test1]
       Path -> Partition:
@@ -284,6 +285,7 @@ STAGE PLANS:
                   sort order: +
                   Statistics: Num rows: 0 Data size: 0 Basic stats: NONE Column stats: COMPLETE
                   tag: -1
+                  auto parallelism: false
       Path -> Alias:
         -mr-10002default.test1{ds=1} [test1]
       Path -> Partition:
@@ -428,6 +430,7 @@ STAGE PLANS:
                   Statistics: Num rows: 1 Data size: 8 Basic stats: COMPLETE Column stats: COMPLETE
                   tag: -1
                   value expressions: _col0 (type: bigint)
+                  auto parallelism: false
       Path -> Alias:
 #### A masked pattern was here ####
       Path -> Partition:
@@ -610,6 +613,7 @@ STAGE PLANS:
                   Statistics: Num rows: 1 Data size: 84 Basic stats: COMPLETE Column stats: COMPLETE
                   tag: -1
                   value expressions: _col0 (type: string)
+                  auto parallelism: false
       Path -> Alias:
         -mr-10004default.test1{ds=1} [b:test1]
         -mr-10005default.test1{ds=2} [b:test1]
@@ -741,6 +745,7 @@ STAGE PLANS:
               Map-reduce partition columns: _col0 (type: string)
               Statistics: Num rows: 0 Data size: 0 Basic stats: NONE Column stats: COMPLETE
               tag: 1
+              auto parallelism: false
           TableScan
             alias: a2
             Statistics: Num rows: 0 Data size: 0 Basic stats: PARTIAL Column stats: COMPLETE
@@ -751,6 +756,7 @@ STAGE PLANS:
               Map-reduce partition columns: ds (type: string)
               Statistics: Num rows: 0 Data size: 0 Basic stats: NONE Column stats: COMPLETE
               tag: 0
+              auto parallelism: false
       Path -> Alias:
 #### A masked pattern was here ####
       Path -> Partition:
@@ -902,6 +908,7 @@ STAGE PLANS:
               Statistics: Num rows: 1 Data size: 8 Basic stats: COMPLETE Column stats: NONE
               tag: -1
               value expressions: _col0 (type: bigint)
+              auto parallelism: false
       Path -> Alias:
 #### A masked pattern was here ####
       Path -> Partition:
@@ -1064,6 +1071,7 @@ STAGE PLANS:
                   Map-reduce partition columns: _col0 (type: string)
                   Statistics: Num rows: 0 Data size: 0 Basic stats: NONE Column stats: COMPLETE
                   tag: -1
+                  auto parallelism: false
       Path -> Alias:
         -mr-10002default.test2{ds=1, hr=1} [test2]
         -mr-10003default.test2{ds=1, hr=2} [test2]
@@ -1309,6 +1317,7 @@ STAGE PLANS:
                   Statistics: Num rows: 0 Data size: 0 Basic stats: NONE Column stats: COMPLETE
                   tag: -1
                   value expressions: _col1 (type: bigint)
+                  auto parallelism: false
       Path -> Alias:
 #### A masked pattern was here ####
       Path -> Partition:
@@ -1542,6 +1551,7 @@ STAGE PLANS:
                   Statistics: Num rows: 1 Data size: 84 Basic stats: COMPLETE Column stats: COMPLETE
                   tag: -1
                   value expressions: _col0 (type: string)
+                  auto parallelism: false
       Path -> Alias:
         -mr-10002default.test1{ds=1} [test1]
         -mr-10003default.test1{ds=2} [test1]
@@ -1789,6 +1799,7 @@ STAGE PLANS:
                   Map-reduce partition columns: _col0 (type: string)
                   Statistics: Num rows: 0 Data size: 0 Basic stats: NONE Column stats: COMPLETE
                   tag: -1
+                  auto parallelism: false
       Path -> Alias:
         -mr-10002default.test2{ds=01_10_10, hr=01} [test2]
         -mr-10003default.test2{ds=01_10_20, hr=02} [test2]
diff --git a/ql/src/test/results/clientpositive/outer_join_ppr.q.out b/ql/src/test/results/clientpositive/outer_join_ppr.q.out
index c9e3fbce69..1951b0f108 100644
--- a/ql/src/test/results/clientpositive/outer_join_ppr.q.out
+++ b/ql/src/test/results/clientpositive/outer_join_ppr.q.out
@@ -119,6 +119,7 @@ STAGE PLANS:
               Statistics: Num rows: 116 Data size: 23248 Basic stats: COMPLETE Column stats: NONE
               tag: 1
               value expressions: value (type: string), ds (type: string)
+              auto parallelism: false
           TableScan
             alias: a
             Statistics: Num rows: 29 Data size: 5812 Basic stats: COMPLETE Column stats: NONE
@@ -130,6 +131,7 @@ STAGE PLANS:
               Statistics: Num rows: 29 Data size: 5812 Basic stats: COMPLETE Column stats: NONE
               tag: 0
               value expressions: value (type: string)
+              auto parallelism: false
       Path -> Alias:
 #### A masked pattern was here ####
       Path -> Partition:
@@ -581,6 +583,7 @@ STAGE PLANS:
               Statistics: Num rows: 116 Data size: 23248 Basic stats: COMPLETE Column stats: NONE
               tag: 1
               value expressions: value (type: string), ds (type: string)
+              auto parallelism: false
           TableScan
             alias: a
             Statistics: Num rows: 29 Data size: 5812 Basic stats: COMPLETE Column stats: NONE
@@ -592,6 +595,7 @@ STAGE PLANS:
               Statistics: Num rows: 29 Data size: 5812 Basic stats: COMPLETE Column stats: NONE
               tag: 0
               value expressions: value (type: string)
+              auto parallelism: false
       Path -> Alias:
 #### A masked pattern was here ####
       Path -> Partition:
diff --git a/ql/src/test/results/clientpositive/pcr.q.out b/ql/src/test/results/clientpositive/pcr.q.out
index b74dfbf2ae..db695aa616 100644
--- a/ql/src/test/results/clientpositive/pcr.q.out
+++ b/ql/src/test/results/clientpositive/pcr.q.out
@@ -117,6 +117,7 @@ STAGE PLANS:
                   Statistics: Num rows: 13 Data size: 104 Basic stats: COMPLETE Column stats: NONE
                   tag: -1
                   value expressions: _col1 (type: string)
+                  auto parallelism: false
       Path -> Alias:
 #### A masked pattern was here ####
       Path -> Partition:
@@ -333,6 +334,7 @@ STAGE PLANS:
                   Statistics: Num rows: 40 Data size: 320 Basic stats: COMPLETE Column stats: NONE
                   tag: -1
                   value expressions: _col1 (type: string)
+                  auto parallelism: false
       Path -> Alias:
 #### A masked pattern was here ####
       Path -> Partition:
@@ -643,6 +645,7 @@ STAGE PLANS:
                   Statistics: Num rows: 13 Data size: 104 Basic stats: COMPLETE Column stats: NONE
                   tag: -1
                   value expressions: _col1 (type: string)
+                  auto parallelism: false
       Path -> Alias:
 #### A masked pattern was here ####
       Path -> Partition:
@@ -877,6 +880,7 @@ STAGE PLANS:
                   Statistics: Num rows: 10 Data size: 80 Basic stats: COMPLETE Column stats: NONE
                   tag: -1
                   value expressions: _col1 (type: string)
+                  auto parallelism: false
       Path -> Alias:
 #### A masked pattern was here ####
       Path -> Partition:
@@ -1113,6 +1117,7 @@ STAGE PLANS:
                   Statistics: Num rows: 16 Data size: 128 Basic stats: COMPLETE Column stats: NONE
                   tag: -1
                   value expressions: _col1 (type: string)
+                  auto parallelism: false
       Path -> Alias:
 #### A masked pattern was here ####
       Path -> Partition:
@@ -1405,6 +1410,7 @@ STAGE PLANS:
                   Statistics: Num rows: 33 Data size: 264 Basic stats: COMPLETE Column stats: NONE
                   tag: -1
                   value expressions: _col1 (type: string)
+                  auto parallelism: false
       Path -> Alias:
 #### A masked pattern was here ####
       Path -> Partition:
@@ -1696,6 +1702,7 @@ STAGE PLANS:
                   sort order: ++
                   Statistics: Num rows: 20 Data size: 160 Basic stats: COMPLETE Column stats: NONE
                   tag: -1
+                  auto parallelism: false
       Path -> Alias:
 #### A masked pattern was here ####
       Path -> Partition:
@@ -1900,6 +1907,7 @@ STAGE PLANS:
                 sort order: ++
                 Statistics: Num rows: 40 Data size: 320 Basic stats: COMPLETE Column stats: NONE
                 tag: -1
+                auto parallelism: false
       Path -> Alias:
 #### A masked pattern was here ####
       Path -> Partition:
@@ -2144,6 +2152,7 @@ STAGE PLANS:
                 sort order: ++
                 Statistics: Num rows: 60 Data size: 480 Basic stats: COMPLETE Column stats: NONE
                 tag: -1
+                auto parallelism: false
       Path -> Alias:
 #### A masked pattern was here ####
       Path -> Partition:
@@ -2476,6 +2485,7 @@ STAGE PLANS:
                   sort order: +++
                   Statistics: Num rows: 40 Data size: 320 Basic stats: COMPLETE Column stats: NONE
                   tag: -1
+                  auto parallelism: false
       Path -> Alias:
 #### A masked pattern was here ####
       Path -> Partition:
@@ -2698,6 +2708,7 @@ STAGE PLANS:
                 Statistics: Num rows: 10 Data size: 80 Basic stats: COMPLETE Column stats: NONE
                 tag: 1
                 value expressions: value (type: string), ds (type: string)
+                auto parallelism: false
           TableScan
             alias: t1
             Statistics: Num rows: 20 Data size: 160 Basic stats: COMPLETE Column stats: NONE
@@ -2713,6 +2724,7 @@ STAGE PLANS:
                 Statistics: Num rows: 10 Data size: 80 Basic stats: COMPLETE Column stats: NONE
                 tag: 0
                 value expressions: value (type: string), ds (type: string)
+                auto parallelism: false
       Path -> Alias:
 #### A masked pattern was here ####
       Path -> Partition:
@@ -2806,6 +2818,7 @@ STAGE PLANS:
               Statistics: Num rows: 11 Data size: 88 Basic stats: COMPLETE Column stats: NONE
               tag: -1
               value expressions: _col1 (type: string), _col2 (type: string), _col3 (type: int), _col4 (type: string), _col5 (type: string)
+              auto parallelism: false
       Path -> Alias:
 #### A masked pattern was here ####
       Path -> Partition:
@@ -2992,6 +3005,7 @@ STAGE PLANS:
                 Statistics: Num rows: 10 Data size: 80 Basic stats: COMPLETE Column stats: NONE
                 tag: 1
                 value expressions: value (type: string), ds (type: string)
+                auto parallelism: false
           TableScan
             alias: t1
             Statistics: Num rows: 20 Data size: 160 Basic stats: COMPLETE Column stats: NONE
@@ -3007,6 +3021,7 @@ STAGE PLANS:
                 Statistics: Num rows: 10 Data size: 80 Basic stats: COMPLETE Column stats: NONE
                 tag: 0
                 value expressions: value (type: string), ds (type: string)
+                auto parallelism: false
       Path -> Alias:
 #### A masked pattern was here ####
       Path -> Partition:
@@ -3146,6 +3161,7 @@ STAGE PLANS:
               Statistics: Num rows: 11 Data size: 88 Basic stats: COMPLETE Column stats: NONE
               tag: -1
               value expressions: _col1 (type: string), _col2 (type: string), _col3 (type: int), _col4 (type: string), _col5 (type: string)
+              auto parallelism: false
       Path -> Alias:
 #### A masked pattern was here ####
       Path -> Partition:
@@ -3352,6 +3368,7 @@ STAGE PLANS:
                   sort order: +++
                   Statistics: Num rows: 48 Data size: 384 Basic stats: COMPLETE Column stats: NONE
                   tag: -1
+                  auto parallelism: false
       Path -> Alias:
 #### A masked pattern was here ####
       Path -> Partition:
@@ -3714,6 +3731,7 @@ STAGE PLANS:
                   sort order: +++
                   Statistics: Num rows: 30 Data size: 240 Basic stats: COMPLETE Column stats: NONE
                   tag: -1
+                  auto parallelism: false
       Path -> Alias:
 #### A masked pattern was here ####
       Path -> Partition:
@@ -5253,6 +5271,7 @@ STAGE PLANS:
                 Statistics: Num rows: 29 Data size: 5812 Basic stats: COMPLETE Column stats: NONE
                 tag: -1
                 value expressions: _col1 (type: string)
+                auto parallelism: false
       Path -> Alias:
 #### A masked pattern was here ####
       Path -> Partition:
@@ -5435,6 +5454,7 @@ STAGE PLANS:
                   Statistics: Num rows: 29 Data size: 5812 Basic stats: COMPLETE Column stats: NONE
                   tag: -1
                   value expressions: _col1 (type: string)
+                  auto parallelism: false
       Path -> Alias:
 #### A masked pattern was here ####
       Path -> Partition:
@@ -5657,6 +5677,7 @@ STAGE PLANS:
                   Statistics: Num rows: 29 Data size: 5812 Basic stats: COMPLETE Column stats: NONE
                   tag: -1
                   value expressions: _col1 (type: string)
+                  auto parallelism: false
       Path -> Alias:
 #### A masked pattern was here ####
       Path -> Partition:
diff --git a/ql/src/test/results/clientpositive/ppd_join_filter.q.out b/ql/src/test/results/clientpositive/ppd_join_filter.q.out
index aa3af7401a..15a2a7a6fd 100644
--- a/ql/src/test/results/clientpositive/ppd_join_filter.q.out
+++ b/ql/src/test/results/clientpositive/ppd_join_filter.q.out
@@ -153,6 +153,7 @@ STAGE PLANS:
                     Statistics: Num rows: 29 Data size: 2906 Basic stats: COMPLETE Column stats: NONE
                     tag: -1
                     value expressions: _col1 (type: string)
+                    auto parallelism: false
       Path -> Alias:
 #### A masked pattern was here ####
       Path -> Partition:
@@ -253,6 +254,7 @@ STAGE PLANS:
                 Map-reduce partition columns: key (type: string)
                 Statistics: Num rows: 29 Data size: 2906 Basic stats: COMPLETE Column stats: NONE
                 tag: 0
+                auto parallelism: false
           TableScan
             GatherStats: false
             Reduce Output Operator
@@ -262,6 +264,7 @@ STAGE PLANS:
               Statistics: Num rows: 2 Data size: 200 Basic stats: COMPLETE Column stats: NONE
               tag: 1
               value expressions: _col3 (type: double), _col4 (type: double)
+              auto parallelism: false
       Path -> Alias:
 #### A masked pattern was here ####
       Path -> Partition:
@@ -563,6 +566,7 @@ STAGE PLANS:
                     Statistics: Num rows: 29 Data size: 2906 Basic stats: COMPLETE Column stats: NONE
                     tag: -1
                     value expressions: _col1 (type: string)
+                    auto parallelism: false
       Path -> Alias:
 #### A masked pattern was here ####
       Path -> Partition:
@@ -663,6 +667,7 @@ STAGE PLANS:
                 Map-reduce partition columns: key (type: string)
                 Statistics: Num rows: 29 Data size: 2906 Basic stats: COMPLETE Column stats: NONE
                 tag: 0
+                auto parallelism: false
           TableScan
             GatherStats: false
             Reduce Output Operator
@@ -672,6 +677,7 @@ STAGE PLANS:
               Statistics: Num rows: 4 Data size: 400 Basic stats: COMPLETE Column stats: NONE
               tag: 1
               value expressions: _col3 (type: double), _col4 (type: double)
+              auto parallelism: false
       Path -> Alias:
 #### A masked pattern was here ####
       Path -> Partition:
@@ -969,6 +975,7 @@ STAGE PLANS:
                   Statistics: Num rows: 58 Data size: 5812 Basic stats: COMPLETE Column stats: NONE
                   tag: -1
                   value expressions: _col1 (type: string)
+                  auto parallelism: false
       Path -> Alias:
 #### A masked pattern was here ####
       Path -> Partition:
@@ -1069,6 +1076,7 @@ STAGE PLANS:
                 Map-reduce partition columns: key (type: string)
                 Statistics: Num rows: 29 Data size: 2906 Basic stats: COMPLETE Column stats: NONE
                 tag: 0
+                auto parallelism: false
           TableScan
             GatherStats: false
             Reduce Output Operator
@@ -1078,6 +1086,7 @@ STAGE PLANS:
               Statistics: Num rows: 5 Data size: 501 Basic stats: COMPLETE Column stats: NONE
               tag: 1
               value expressions: _col3 (type: double), _col4 (type: double)
+              auto parallelism: false
       Path -> Alias:
 #### A masked pattern was here ####
       Path -> Partition:
@@ -1379,6 +1388,7 @@ STAGE PLANS:
                     Statistics: Num rows: 29 Data size: 2906 Basic stats: COMPLETE Column stats: NONE
                     tag: -1
                     value expressions: _col1 (type: string)
+                    auto parallelism: false
       Path -> Alias:
 #### A masked pattern was here ####
       Path -> Partition:
@@ -1479,6 +1489,7 @@ STAGE PLANS:
                 Map-reduce partition columns: key (type: string)
                 Statistics: Num rows: 29 Data size: 2906 Basic stats: COMPLETE Column stats: NONE
                 tag: 0
+                auto parallelism: false
           TableScan
             GatherStats: false
             Reduce Output Operator
@@ -1488,6 +1499,7 @@ STAGE PLANS:
               Statistics: Num rows: 4 Data size: 400 Basic stats: COMPLETE Column stats: NONE
               tag: 1
               value expressions: _col3 (type: double), _col4 (type: double)
+              auto parallelism: false
       Path -> Alias:
 #### A masked pattern was here ####
       Path -> Partition:
diff --git a/ql/src/test/results/clientpositive/ppd_union_view.q.out b/ql/src/test/results/clientpositive/ppd_union_view.q.out
index 82406be6d0..c2bc43fc45 100644
--- a/ql/src/test/results/clientpositive/ppd_union_view.q.out
+++ b/ql/src/test/results/clientpositive/ppd_union_view.q.out
@@ -177,6 +177,7 @@ STAGE PLANS:
                 Statistics: Num rows: 1 Data size: 12 Basic stats: COMPLETE Column stats: NONE
                 tag: 1
                 value expressions: key (type: string)
+                auto parallelism: false
           TableScan
             alias: t1_old
             Statistics: Num rows: 1 Data size: 14 Basic stats: COMPLETE Column stats: NONE
@@ -192,6 +193,7 @@ STAGE PLANS:
                 Statistics: Num rows: 1 Data size: 14 Basic stats: COMPLETE Column stats: NONE
                 tag: 0
                 value expressions: value (type: string)
+                auto parallelism: false
       Path -> Alias:
 #### A masked pattern was here ####
       Path -> Partition:
diff --git a/ql/src/test/results/clientpositive/ppd_vc.q.out b/ql/src/test/results/clientpositive/ppd_vc.q.out
index 928986f4ed..918e1a96d8 100644
--- a/ql/src/test/results/clientpositive/ppd_vc.q.out
+++ b/ql/src/test/results/clientpositive/ppd_vc.q.out
@@ -422,6 +422,7 @@ STAGE PLANS:
                 Map-reduce partition columns: key (type: string)
                 Statistics: Num rows: 29 Data size: 2906 Basic stats: COMPLETE Column stats: NONE
                 tag: 0
+                auto parallelism: false
           TableScan
             alias: srcpart
             Statistics: Num rows: 116 Data size: 23248 Basic stats: COMPLETE Column stats: NONE
@@ -441,6 +442,7 @@ STAGE PLANS:
                   Statistics: Num rows: 6 Data size: 1202 Basic stats: COMPLETE Column stats: NONE
                   tag: 1
                   value expressions: _col1 (type: string), _col2 (type: string), _col3 (type: string), _col4 (type: bigint)
+                  auto parallelism: false
       Path -> Alias:
 #### A masked pattern was here ####
       Path -> Partition:
@@ -721,6 +723,7 @@ STAGE PLANS:
               Statistics: Num rows: 31 Data size: 3196 Basic stats: COMPLETE Column stats: NONE
               tag: -1
               value expressions: _col0 (type: string), _col1 (type: string)
+              auto parallelism: false
       Path -> Alias:
 #### A masked pattern was here ####
       Path -> Partition:
diff --git a/ql/src/test/results/clientpositive/push_or.q.out b/ql/src/test/results/clientpositive/push_or.q.out
index 132a160536..1065574675 100644
--- a/ql/src/test/results/clientpositive/push_or.q.out
+++ b/ql/src/test/results/clientpositive/push_or.q.out
@@ -99,6 +99,7 @@ STAGE PLANS:
                   Statistics: Num rows: 40 Data size: 320 Basic stats: COMPLETE Column stats: NONE
                   tag: -1
                   value expressions: _col1 (type: string)
+                  auto parallelism: false
       Path -> Alias:
 #### A masked pattern was here ####
       Path -> Partition:
diff --git a/ql/src/test/results/clientpositive/reduce_deduplicate.q.out b/ql/src/test/results/clientpositive/reduce_deduplicate.q.out
index cab7215c48..e8cb966565 100644
--- a/ql/src/test/results/clientpositive/reduce_deduplicate.q.out
+++ b/ql/src/test/results/clientpositive/reduce_deduplicate.q.out
@@ -57,6 +57,7 @@ STAGE PLANS:
                 Statistics: Num rows: 29 Data size: 5812 Basic stats: COMPLETE Column stats: NONE
                 tag: -1
                 value expressions: _col1 (type: string)
+                auto parallelism: false
       Path -> Alias:
 #### A masked pattern was here ####
       Path -> Partition:
diff --git a/ql/src/test/results/clientpositive/regexp_extract.q.out b/ql/src/test/results/clientpositive/regexp_extract.q.out
index 6218e77bdb..aa89d5df35 100644
--- a/ql/src/test/results/clientpositive/regexp_extract.q.out
+++ b/ql/src/test/results/clientpositive/regexp_extract.q.out
@@ -126,6 +126,7 @@ STAGE PLANS:
                     Statistics: Num rows: 9 Data size: 1803 Basic stats: COMPLETE Column stats: NONE
                     tag: -1
                     value expressions: _col0 (type: string), _col1 (type: string)
+                    auto parallelism: false
       Path -> Alias:
 #### A masked pattern was here ####
       Path -> Partition:
@@ -440,6 +441,7 @@ STAGE PLANS:
                     Statistics: Num rows: 9 Data size: 1803 Basic stats: COMPLETE Column stats: NONE
                     tag: -1
                     value expressions: _col0 (type: string), _col1 (type: string)
+                    auto parallelism: false
       Path -> Alias:
 #### A masked pattern was here ####
       Path -> Partition:
diff --git a/ql/src/test/results/clientpositive/router_join_ppr.q.out b/ql/src/test/results/clientpositive/router_join_ppr.q.out
index aa2789f6dc..097c94bbd4 100644
--- a/ql/src/test/results/clientpositive/router_join_ppr.q.out
+++ b/ql/src/test/results/clientpositive/router_join_ppr.q.out
@@ -123,6 +123,7 @@ STAGE PLANS:
                 Statistics: Num rows: 12 Data size: 2404 Basic stats: COMPLETE Column stats: NONE
                 tag: 1
                 value expressions: value (type: string), ds (type: string)
+                auto parallelism: false
           TableScan
             alias: a
             Statistics: Num rows: 29 Data size: 5812 Basic stats: COMPLETE Column stats: NONE
@@ -138,6 +139,7 @@ STAGE PLANS:
                 Statistics: Num rows: 3 Data size: 601 Basic stats: COMPLETE Column stats: NONE
                 tag: 0
                 value expressions: value (type: string)
+                auto parallelism: false
       Path -> Alias:
 #### A masked pattern was here ####
       Path -> Partition:
@@ -593,6 +595,7 @@ STAGE PLANS:
                 Statistics: Num rows: 3 Data size: 601 Basic stats: COMPLETE Column stats: NONE
                 tag: 1
                 value expressions: value (type: string)
+                auto parallelism: false
           TableScan
             alias: a
             Statistics: Num rows: 58 Data size: 11624 Basic stats: COMPLETE Column stats: NONE
@@ -608,6 +611,7 @@ STAGE PLANS:
                 Statistics: Num rows: 6 Data size: 1202 Basic stats: COMPLETE Column stats: NONE
                 tag: 0
                 value expressions: value (type: string)
+                auto parallelism: false
       Path -> Alias:
 #### A masked pattern was here ####
       Path -> Partition:
@@ -960,6 +964,7 @@ STAGE PLANS:
                 Statistics: Num rows: 6 Data size: 1202 Basic stats: COMPLETE Column stats: NONE
                 tag: 1
                 value expressions: value (type: string)
+                auto parallelism: false
           TableScan
             alias: a
             Statistics: Num rows: 29 Data size: 5812 Basic stats: COMPLETE Column stats: NONE
@@ -975,6 +980,7 @@ STAGE PLANS:
                 Statistics: Num rows: 3 Data size: 601 Basic stats: COMPLETE Column stats: NONE
                 tag: 0
                 value expressions: value (type: string)
+                auto parallelism: false
       Path -> Alias:
 #### A masked pattern was here ####
       Path -> Partition:
@@ -1327,6 +1333,7 @@ STAGE PLANS:
                 Statistics: Num rows: 3 Data size: 601 Basic stats: COMPLETE Column stats: NONE
                 tag: 1
                 value expressions: value (type: string)
+                auto parallelism: false
           TableScan
             alias: a
             Statistics: Num rows: 116 Data size: 23248 Basic stats: COMPLETE Column stats: NONE
@@ -1342,6 +1349,7 @@ STAGE PLANS:
                 Statistics: Num rows: 12 Data size: 2404 Basic stats: COMPLETE Column stats: NONE
                 tag: 0
                 value expressions: value (type: string), ds (type: string)
+                auto parallelism: false
       Path -> Alias:
 #### A masked pattern was here ####
       Path -> Partition:
diff --git a/ql/src/test/results/clientpositive/sample10.q.out b/ql/src/test/results/clientpositive/sample10.q.out
index f72d35e834..82eec67aa1 100644
--- a/ql/src/test/results/clientpositive/sample10.q.out
+++ b/ql/src/test/results/clientpositive/sample10.q.out
@@ -114,6 +114,7 @@ STAGE PLANS:
                     Statistics: Num rows: 20 Data size: 120 Basic stats: COMPLETE Column stats: NONE
                     tag: -1
                     value expressions: _col1 (type: bigint)
+                    auto parallelism: false
       Path -> Alias:
 #### A masked pattern was here ####
       Path -> Partition:
@@ -355,6 +356,7 @@ STAGE PLANS:
               Statistics: Num rows: 10 Data size: 60 Basic stats: COMPLETE Column stats: NONE
               tag: -1
               value expressions: _col1 (type: bigint)
+              auto parallelism: false
       Path -> Alias:
 #### A masked pattern was here ####
       Path -> Partition:
diff --git a/ql/src/test/results/clientpositive/sample6.q.out b/ql/src/test/results/clientpositive/sample6.q.out
index 45d355f4da..a115d87134 100644
--- a/ql/src/test/results/clientpositive/sample6.q.out
+++ b/ql/src/test/results/clientpositive/sample6.q.out
@@ -654,6 +654,7 @@ STAGE PLANS:
                   sort order: ++
                   Statistics: Num rows: 55 Data size: 5749 Basic stats: COMPLETE Column stats: NONE
                   tag: -1
+                  auto parallelism: false
       Path -> Alias:
 #### A masked pattern was here ####
       Path -> Partition:
@@ -1050,6 +1051,7 @@ STAGE PLANS:
                   sort order: ++
                   Statistics: Num rows: 55 Data size: 5749 Basic stats: COMPLETE Column stats: NONE
                   tag: -1
+                  auto parallelism: false
       Path -> Alias:
 #### A masked pattern was here ####
       Path -> Partition:
@@ -1700,6 +1702,7 @@ STAGE PLANS:
                   sort order: ++
                   Statistics: Num rows: 55 Data size: 5749 Basic stats: COMPLETE Column stats: NONE
                   tag: -1
+                  auto parallelism: false
       Path -> Alias:
 #### A masked pattern was here ####
       Path -> Partition:
@@ -2193,6 +2196,7 @@ STAGE PLANS:
                   sort order: ++
                   Statistics: Num rows: 55 Data size: 5749 Basic stats: COMPLETE Column stats: NONE
                   tag: -1
+                  auto parallelism: false
       Path -> Alias:
 #### A masked pattern was here ####
       Path -> Partition:
@@ -2672,6 +2676,7 @@ STAGE PLANS:
                   sort order: ++
                   Statistics: Num rows: 27 Data size: 2853 Basic stats: COMPLETE Column stats: NONE
                   tag: -1
+                  auto parallelism: false
       Path -> Alias:
 #### A masked pattern was here ####
       Path -> Partition:
@@ -2998,6 +3003,7 @@ STAGE PLANS:
                   sort order: ++
                   Statistics: Num rows: 27 Data size: 2853 Basic stats: COMPLETE Column stats: NONE
                   tag: -1
+                  auto parallelism: false
       Path -> Alias:
 #### A masked pattern was here ####
       Path -> Partition:
diff --git a/ql/src/test/results/clientpositive/sample8.q.out b/ql/src/test/results/clientpositive/sample8.q.out
index ddd81c2c07..1594893ebe 100644
--- a/ql/src/test/results/clientpositive/sample8.q.out
+++ b/ql/src/test/results/clientpositive/sample8.q.out
@@ -106,6 +106,7 @@ STAGE PLANS:
                 Map-reduce partition columns: key (type: string), value (type: string)
                 Statistics: Num rows: 7 Data size: 1402 Basic stats: COMPLETE Column stats: NONE
                 tag: 1
+                auto parallelism: false
           TableScan
             alias: s
             Statistics: Num rows: 29 Data size: 5812 Basic stats: COMPLETE Column stats: NONE
@@ -121,6 +122,7 @@ STAGE PLANS:
                 Statistics: Num rows: 2 Data size: 400 Basic stats: COMPLETE Column stats: NONE
                 tag: 0
                 value expressions: ds (type: string), hr (type: string)
+                auto parallelism: false
       Path -> Alias:
 #### A masked pattern was here ####
       Path -> Partition:
diff --git a/ql/src/test/results/clientpositive/smb_mapjoin_13.q.out b/ql/src/test/results/clientpositive/smb_mapjoin_13.q.out
index e033da16ed..8ad8578578 100644
--- a/ql/src/test/results/clientpositive/smb_mapjoin_13.q.out
+++ b/ql/src/test/results/clientpositive/smb_mapjoin_13.q.out
@@ -151,6 +151,7 @@ STAGE PLANS:
                     sort order: +
                     tag: -1
                     value expressions: _col1 (type: string), _col2 (type: int), _col3 (type: string)
+                    auto parallelism: false
       Path -> Alias:
 #### A masked pattern was here ####
       Path -> Partition:
@@ -376,6 +377,7 @@ STAGE PLANS:
                     Statistics: Num rows: 275 Data size: 2921 Basic stats: COMPLETE Column stats: NONE
                     tag: -1
                     value expressions: _col1 (type: string), _col2 (type: int), _col3 (type: string)
+                    auto parallelism: false
       Local Work:
         Map Reduce Local Work
       Path -> Alias:
diff --git a/ql/src/test/results/clientpositive/smb_mapjoin_15.q.out b/ql/src/test/results/clientpositive/smb_mapjoin_15.q.out
index 2a4bc28460..c4ce208165 100644
--- a/ql/src/test/results/clientpositive/smb_mapjoin_15.q.out
+++ b/ql/src/test/results/clientpositive/smb_mapjoin_15.q.out
@@ -125,6 +125,7 @@ STAGE PLANS:
                     sort order: +
                     tag: -1
                     value expressions: _col1 (type: string), _col2 (type: int), _col3 (type: string)
+                    auto parallelism: false
       Path -> Alias:
 #### A masked pattern was here ####
       Path -> Partition:
@@ -381,6 +382,7 @@ STAGE PLANS:
                     sort order: +
                     tag: -1
                     value expressions: _col1 (type: int), _col2 (type: string), _col3 (type: int), _col4 (type: int), _col5 (type: string)
+                    auto parallelism: false
       Path -> Alias:
 #### A masked pattern was here ####
       Path -> Partition:
@@ -587,6 +589,7 @@ STAGE PLANS:
                     sort order: +
                     tag: -1
                     value expressions: _col1 (type: int), _col2 (type: string), _col3 (type: int), _col4 (type: int), _col5 (type: string)
+                    auto parallelism: false
       Path -> Alias:
 #### A masked pattern was here ####
       Path -> Partition:
@@ -830,6 +833,7 @@ STAGE PLANS:
                     Statistics: Num rows: 137 Data size: 1984 Basic stats: COMPLETE Column stats: NONE
                     tag: -1
                     value expressions: _col1 (type: int), _col2 (type: string), _col3 (type: int), _col4 (type: int), _col5 (type: string)
+                    auto parallelism: false
       Local Work:
         Map Reduce Local Work
       Path -> Alias:
diff --git a/ql/src/test/results/clientpositive/sort_merge_join_desc_5.q.out b/ql/src/test/results/clientpositive/sort_merge_join_desc_5.q.out
index 5ff45d9033..ba8928b825 100644
--- a/ql/src/test/results/clientpositive/sort_merge_join_desc_5.q.out
+++ b/ql/src/test/results/clientpositive/sort_merge_join_desc_5.q.out
@@ -144,6 +144,7 @@ STAGE PLANS:
                       sort order: 
                       tag: -1
                       value expressions: _col0 (type: bigint)
+                      auto parallelism: false
       Path -> Alias:
 #### A masked pattern was here ####
       Path -> Partition:
diff --git a/ql/src/test/results/clientpositive/sort_merge_join_desc_6.q.out b/ql/src/test/results/clientpositive/sort_merge_join_desc_6.q.out
index 6fdf738b49..d51a54e051 100644
--- a/ql/src/test/results/clientpositive/sort_merge_join_desc_6.q.out
+++ b/ql/src/test/results/clientpositive/sort_merge_join_desc_6.q.out
@@ -228,6 +228,7 @@ STAGE PLANS:
                       Statistics: Num rows: 1 Data size: 8 Basic stats: COMPLETE Column stats: NONE
                       tag: -1
                       value expressions: _col0 (type: bigint)
+                      auto parallelism: false
       Local Work:
         Map Reduce Local Work
       Path -> Alias:
diff --git a/ql/src/test/results/clientpositive/sort_merge_join_desc_7.q.out b/ql/src/test/results/clientpositive/sort_merge_join_desc_7.q.out
index 08b9d1eb3a..fcb63672e3 100644
--- a/ql/src/test/results/clientpositive/sort_merge_join_desc_7.q.out
+++ b/ql/src/test/results/clientpositive/sort_merge_join_desc_7.q.out
@@ -301,6 +301,7 @@ STAGE PLANS:
                       Statistics: Num rows: 1 Data size: 8 Basic stats: COMPLETE Column stats: NONE
                       tag: -1
                       value expressions: _col0 (type: bigint)
+                      auto parallelism: false
       Local Work:
         Map Reduce Local Work
       Path -> Alias:
diff --git a/ql/src/test/results/clientpositive/tez/bucket2.q.out b/ql/src/test/results/clientpositive/tez/bucket2.q.out
index 3e7746f245..c953757f04 100644
--- a/ql/src/test/results/clientpositive/tez/bucket2.q.out
+++ b/ql/src/test/results/clientpositive/tez/bucket2.q.out
@@ -63,6 +63,7 @@ STAGE PLANS:
                       Statistics: Num rows: 29 Data size: 5812 Basic stats: COMPLETE Column stats: NONE
                       tag: -1
                       value expressions: _col0 (type: string), _col1 (type: string)
+                      auto parallelism: false
             Path -> Alias:
 #### A masked pattern was here ####
             Path -> Partition:
diff --git a/ql/src/test/results/clientpositive/tez/bucket3.q.out b/ql/src/test/results/clientpositive/tez/bucket3.q.out
index cabf30a12e..8507c7dd5b 100644
--- a/ql/src/test/results/clientpositive/tez/bucket3.q.out
+++ b/ql/src/test/results/clientpositive/tez/bucket3.q.out
@@ -67,6 +67,7 @@ STAGE PLANS:
                       Statistics: Num rows: 29 Data size: 5812 Basic stats: COMPLETE Column stats: NONE
                       tag: -1
                       value expressions: _col0 (type: string), _col1 (type: string)
+                      auto parallelism: false
             Path -> Alias:
 #### A masked pattern was here ####
             Path -> Partition:
diff --git a/ql/src/test/results/clientpositive/tez/bucket4.q.out b/ql/src/test/results/clientpositive/tez/bucket4.q.out
index 9d1e843cb9..68788eb3e7 100644
--- a/ql/src/test/results/clientpositive/tez/bucket4.q.out
+++ b/ql/src/test/results/clientpositive/tez/bucket4.q.out
@@ -60,6 +60,7 @@ STAGE PLANS:
                       Statistics: Num rows: 29 Data size: 5812 Basic stats: COMPLETE Column stats: NONE
                       tag: -1
                       value expressions: _col0 (type: string), _col1 (type: string)
+                      auto parallelism: false
             Path -> Alias:
 #### A masked pattern was here ####
             Path -> Partition:
diff --git a/ql/src/test/results/clientpositive/tez/ctas.q.out b/ql/src/test/results/clientpositive/tez/ctas.q.out
index a58e16639d..6b4c69019d 100644
--- a/ql/src/test/results/clientpositive/tez/ctas.q.out
+++ b/ql/src/test/results/clientpositive/tez/ctas.q.out
@@ -735,6 +735,7 @@ STAGE PLANS:
                       sort order: ++
                       Statistics: Num rows: 29 Data size: 5812 Basic stats: COMPLETE Column stats: NONE
                       tag: -1
+                      auto parallelism: true
             Path -> Alias:
 #### A masked pattern was here ####
             Path -> Partition:
@@ -799,6 +800,7 @@ STAGE PLANS:
                     sort order: ++
                     Statistics: Num rows: 10 Data size: 2000 Basic stats: COMPLETE Column stats: NONE
                     tag: -1
+                    auto parallelism: false
         Reducer 3 
             Needs Tagging: false
             Reduce Operator Tree:
diff --git a/ql/src/test/results/clientpositive/tez/disable_merge_for_bucketing.q.out b/ql/src/test/results/clientpositive/tez/disable_merge_for_bucketing.q.out
index 00014436aa..eb75ba1c58 100644
--- a/ql/src/test/results/clientpositive/tez/disable_merge_for_bucketing.q.out
+++ b/ql/src/test/results/clientpositive/tez/disable_merge_for_bucketing.q.out
@@ -59,6 +59,7 @@ STAGE PLANS:
                       Statistics: Num rows: 29 Data size: 5812 Basic stats: COMPLETE Column stats: NONE
                       tag: -1
                       value expressions: _col0 (type: string), _col1 (type: string)
+                      auto parallelism: false
             Path -> Alias:
 #### A masked pattern was here ####
             Path -> Partition:
diff --git a/ql/src/test/results/clientpositive/tez/filter_join_breaktask.q.out b/ql/src/test/results/clientpositive/tez/filter_join_breaktask.q.out
index 494e1fba0b..bd46d85f5b 100644
--- a/ql/src/test/results/clientpositive/tez/filter_join_breaktask.q.out
+++ b/ql/src/test/results/clientpositive/tez/filter_join_breaktask.q.out
@@ -157,6 +157,7 @@ STAGE PLANS:
                       Map-reduce partition columns: key (type: int)
                       Statistics: Num rows: 13 Data size: 109 Basic stats: COMPLETE Column stats: NONE
                       tag: 0
+                      auto parallelism: true
             Path -> Alias:
 #### A masked pattern was here ####
             Path -> Partition:
@@ -223,6 +224,7 @@ STAGE PLANS:
                       Map-reduce partition columns: value (type: string)
                       Statistics: Num rows: 13 Data size: 109 Basic stats: COMPLETE Column stats: NONE
                       tag: 1
+                      auto parallelism: true
             Path -> Alias:
 #### A masked pattern was here ####
             Path -> Partition:
@@ -290,6 +292,7 @@ STAGE PLANS:
                       Statistics: Num rows: 7 Data size: 59 Basic stats: COMPLETE Column stats: NONE
                       tag: 1
                       value expressions: value (type: string)
+                      auto parallelism: true
             Path -> Alias:
 #### A masked pattern was here ####
             Path -> Partition:
@@ -358,6 +361,7 @@ STAGE PLANS:
                   Statistics: Num rows: 14 Data size: 119 Basic stats: COMPLETE Column stats: NONE
                   tag: 0
                   value expressions: _col0 (type: int)
+                  auto parallelism: true
         Reducer 3 
             Needs Tagging: true
             Reduce Operator Tree:
diff --git a/ql/src/test/results/clientpositive/tez/metadataonly1.q.out b/ql/src/test/results/clientpositive/tez/metadataonly1.q.out
index 1ba9010d92..cce9774e8d 100644
--- a/ql/src/test/results/clientpositive/tez/metadataonly1.q.out
+++ b/ql/src/test/results/clientpositive/tez/metadataonly1.q.out
@@ -150,6 +150,7 @@ STAGE PLANS:
                         Statistics: Num rows: 1 Data size: 84 Basic stats: COMPLETE Column stats: COMPLETE
                         tag: -1
                         value expressions: _col0 (type: string)
+                        auto parallelism: false
             Path -> Alias:
               -mr-10002default.test1{ds=1} [test1]
             Path -> Partition:
@@ -301,6 +302,7 @@ STAGE PLANS:
                         sort order: +
                         Statistics: Num rows: 0 Data size: 0 Basic stats: NONE Column stats: COMPLETE
                         tag: -1
+                        auto parallelism: false
             Path -> Alias:
               -mr-10002default.test1{ds=1} [test1]
             Path -> Partition:
@@ -451,6 +453,7 @@ STAGE PLANS:
                         Statistics: Num rows: 1 Data size: 8 Basic stats: COMPLETE Column stats: COMPLETE
                         tag: -1
                         value expressions: _col0 (type: bigint)
+                        auto parallelism: false
             Path -> Alias:
 #### A masked pattern was here ####
             Path -> Partition:
@@ -639,6 +642,7 @@ STAGE PLANS:
                         Statistics: Num rows: 1 Data size: 84 Basic stats: COMPLETE Column stats: COMPLETE
                         tag: -1
                         value expressions: _col0 (type: string)
+                        auto parallelism: false
             Path -> Alias:
 #### A masked pattern was here ####
             Path -> Partition:
@@ -737,6 +741,7 @@ STAGE PLANS:
                     Map-reduce partition columns: ds (type: string)
                     Statistics: Num rows: 0 Data size: 0 Basic stats: NONE Column stats: COMPLETE
                     tag: 0
+                    auto parallelism: true
             Path -> Alias:
 #### A masked pattern was here ####
             Path -> Partition:
@@ -845,6 +850,7 @@ STAGE PLANS:
                       Map-reduce partition columns: _col0 (type: string)
                       Statistics: Num rows: 0 Data size: 0 Basic stats: NONE Column stats: COMPLETE
                       tag: 1
+                      auto parallelism: true
         Reducer 3 
             Needs Tagging: true
             Reduce Operator Tree:
@@ -867,6 +873,7 @@ STAGE PLANS:
                       Statistics: Num rows: 1 Data size: 8 Basic stats: COMPLETE Column stats: NONE
                       tag: -1
                       value expressions: _col0 (type: bigint)
+                      auto parallelism: false
         Reducer 4 
             Needs Tagging: false
             Reduce Operator Tree:
@@ -1010,6 +1017,7 @@ STAGE PLANS:
                         Map-reduce partition columns: _col0 (type: string)
                         Statistics: Num rows: 0 Data size: 0 Basic stats: NONE Column stats: COMPLETE
                         tag: -1
+                        auto parallelism: true
             Path -> Alias:
               -mr-10002default.test2{ds=1, hr=1} [test2]
               -mr-10003default.test2{ds=1, hr=2} [test2]
@@ -1261,6 +1269,7 @@ STAGE PLANS:
                         Statistics: Num rows: 0 Data size: 0 Basic stats: NONE Column stats: COMPLETE
                         tag: -1
                         value expressions: _col1 (type: bigint)
+                        auto parallelism: true
             Path -> Alias:
 #### A masked pattern was here ####
             Path -> Partition:
@@ -1500,6 +1509,7 @@ STAGE PLANS:
                         Statistics: Num rows: 1 Data size: 84 Basic stats: COMPLETE Column stats: COMPLETE
                         tag: -1
                         value expressions: _col0 (type: string)
+                        auto parallelism: false
             Path -> Alias:
               -mr-10002default.test1{ds=1} [test1]
               -mr-10003default.test1{ds=2} [test1]
@@ -1753,6 +1763,7 @@ STAGE PLANS:
                         Map-reduce partition columns: _col0 (type: string)
                         Statistics: Num rows: 0 Data size: 0 Basic stats: NONE Column stats: COMPLETE
                         tag: -1
+                        auto parallelism: true
             Path -> Alias:
               -mr-10002default.test2{ds=01_10_10, hr=01} [test2]
               -mr-10003default.test2{ds=01_10_20, hr=02} [test2]
diff --git a/ql/src/test/results/clientpositive/tez/transform_ppr1.q.out b/ql/src/test/results/clientpositive/tez/transform_ppr1.q.out
index 719ae5bd6d..df0835686c 100644
--- a/ql/src/test/results/clientpositive/tez/transform_ppr1.q.out
+++ b/ql/src/test/results/clientpositive/tez/transform_ppr1.q.out
@@ -136,6 +136,7 @@ STAGE PLANS:
                           Statistics: Num rows: 19 Data size: 3807 Basic stats: COMPLETE Column stats: NONE
                           tag: -1
                           value expressions: _col0 (type: string), _col1 (type: string), _col2 (type: string)
+                          auto parallelism: true
             Path -> Alias:
 #### A masked pattern was here ####
             Path -> Partition:
diff --git a/ql/src/test/results/clientpositive/tez/transform_ppr2.q.out b/ql/src/test/results/clientpositive/tez/transform_ppr2.q.out
index c82137c25d..9e9611604e 100644
--- a/ql/src/test/results/clientpositive/tez/transform_ppr2.q.out
+++ b/ql/src/test/results/clientpositive/tez/transform_ppr2.q.out
@@ -138,6 +138,7 @@ STAGE PLANS:
                           Statistics: Num rows: 19 Data size: 3807 Basic stats: COMPLETE Column stats: NONE
                           tag: -1
                           value expressions: _col0 (type: string), _col1 (type: string), _col2 (type: string)
+                          auto parallelism: true
             Path -> Alias:
 #### A masked pattern was here ####
             Path -> Partition:
diff --git a/ql/src/test/results/clientpositive/transform_ppr1.q.out b/ql/src/test/results/clientpositive/transform_ppr1.q.out
index 88baa2c560..7752717df6 100644
--- a/ql/src/test/results/clientpositive/transform_ppr1.q.out
+++ b/ql/src/test/results/clientpositive/transform_ppr1.q.out
@@ -131,6 +131,7 @@ STAGE PLANS:
                     Statistics: Num rows: 19 Data size: 3807 Basic stats: COMPLETE Column stats: NONE
                     tag: -1
                     value expressions: _col0 (type: string), _col1 (type: string), _col2 (type: string)
+                    auto parallelism: false
       Path -> Alias:
 #### A masked pattern was here ####
       Path -> Partition:
diff --git a/ql/src/test/results/clientpositive/transform_ppr2.q.out b/ql/src/test/results/clientpositive/transform_ppr2.q.out
index ec52c91ed0..9285151c03 100644
--- a/ql/src/test/results/clientpositive/transform_ppr2.q.out
+++ b/ql/src/test/results/clientpositive/transform_ppr2.q.out
@@ -133,6 +133,7 @@ STAGE PLANS:
                     Statistics: Num rows: 19 Data size: 3807 Basic stats: COMPLETE Column stats: NONE
                     tag: -1
                     value expressions: _col0 (type: string), _col1 (type: string), _col2 (type: string)
+                    auto parallelism: false
       Path -> Alias:
 #### A masked pattern was here ####
       Path -> Partition:
diff --git a/ql/src/test/results/clientpositive/udf_explode.q.out b/ql/src/test/results/clientpositive/udf_explode.q.out
index 4eeedeb297..a938c01a73 100644
--- a/ql/src/test/results/clientpositive/udf_explode.q.out
+++ b/ql/src/test/results/clientpositive/udf_explode.q.out
@@ -225,6 +225,7 @@ STAGE PLANS:
                       Statistics: Num rows: 0 Data size: 5812 Basic stats: PARTIAL Column stats: COMPLETE
                       tag: -1
                       value expressions: _col1 (type: bigint)
+                      auto parallelism: false
       Path -> Alias:
 #### A masked pattern was here ####
       Path -> Partition:
@@ -581,6 +582,7 @@ STAGE PLANS:
                       Statistics: Num rows: 0 Data size: 5812 Basic stats: PARTIAL Column stats: COMPLETE
                       tag: -1
                       value expressions: _col2 (type: bigint)
+                      auto parallelism: false
       Path -> Alias:
 #### A masked pattern was here ####
       Path -> Partition:
diff --git a/ql/src/test/results/clientpositive/udtf_explode.q.out b/ql/src/test/results/clientpositive/udtf_explode.q.out
index ae95907e29..2c7f979019 100644
--- a/ql/src/test/results/clientpositive/udtf_explode.q.out
+++ b/ql/src/test/results/clientpositive/udtf_explode.q.out
@@ -216,6 +216,7 @@ STAGE PLANS:
                     Statistics: Num rows: 0 Data size: 5812 Basic stats: PARTIAL Column stats: COMPLETE
                     tag: -1
                     value expressions: col (type: int)
+                    auto parallelism: false
       Path -> Alias:
 #### A masked pattern was here ####
       Path -> Partition:
@@ -314,6 +315,7 @@ STAGE PLANS:
               Statistics: Num rows: 0 Data size: 5812 Basic stats: PARTIAL Column stats: COMPLETE
               tag: -1
               value expressions: _col1 (type: bigint)
+              auto parallelism: false
       Path -> Alias:
 #### A masked pattern was here ####
       Path -> Partition:
@@ -544,6 +546,7 @@ STAGE PLANS:
                     Statistics: Num rows: 0 Data size: 5812 Basic stats: PARTIAL Column stats: COMPLETE
                     tag: -1
                     value expressions: key (type: int), value (type: string)
+                    auto parallelism: false
       Path -> Alias:
 #### A masked pattern was here ####
       Path -> Partition:
@@ -642,6 +645,7 @@ STAGE PLANS:
               Statistics: Num rows: 0 Data size: 5812 Basic stats: PARTIAL Column stats: COMPLETE
               tag: -1
               value expressions: _col2 (type: bigint)
+              auto parallelism: false
       Path -> Alias:
 #### A masked pattern was here ####
       Path -> Partition:
diff --git a/ql/src/test/results/clientpositive/union22.q.out b/ql/src/test/results/clientpositive/union22.q.out
index 4422e71679..884c1068f7 100644
--- a/ql/src/test/results/clientpositive/union22.q.out
+++ b/ql/src/test/results/clientpositive/union22.q.out
@@ -659,6 +659,7 @@ STAGE PLANS:
                   Statistics: Num rows: 55 Data size: 1862 Basic stats: COMPLETE Column stats: NONE
                   tag: 1
                   value expressions: _col3 (type: string), _col4 (type: string)
+                  auto parallelism: false
           TableScan
             alias: a
             Statistics: Num rows: 500 Data size: 11124 Basic stats: COMPLETE Column stats: NONE
@@ -674,6 +675,7 @@ STAGE PLANS:
                 Statistics: Num rows: 166 Data size: 3693 Basic stats: COMPLETE Column stats: NONE
                 tag: 0
                 value expressions: k2 (type: string), ds (type: string)
+                auto parallelism: false
       Path -> Alias:
 #### A masked pattern was here ####
       Path -> Partition:
diff --git a/ql/src/test/results/clientpositive/union24.q.out b/ql/src/test/results/clientpositive/union24.q.out
index dda55caa81..90378df320 100644
--- a/ql/src/test/results/clientpositive/union24.q.out
+++ b/ql/src/test/results/clientpositive/union24.q.out
@@ -201,6 +201,7 @@ STAGE PLANS:
                     Statistics: Num rows: 103 Data size: 494 Basic stats: COMPLETE Column stats: NONE
                     tag: -1
                     value expressions: _col1 (type: bigint)
+                    auto parallelism: false
       Path -> Alias:
 #### A masked pattern was here ####
       Path -> Partition:
@@ -803,6 +804,7 @@ STAGE PLANS:
                 Statistics: Num rows: 51 Data size: 244 Basic stats: COMPLETE Column stats: NONE
                 tag: 1
                 value expressions: count (type: bigint)
+                auto parallelism: false
           TableScan
             alias: a
             Statistics: Num rows: 309 Data size: 1482 Basic stats: COMPLETE Column stats: NONE
@@ -817,6 +819,7 @@ STAGE PLANS:
                 Map-reduce partition columns: key (type: string)
                 Statistics: Num rows: 51 Data size: 244 Basic stats: COMPLETE Column stats: NONE
                 tag: 0
+                auto parallelism: false
       Path -> Alias:
 #### A masked pattern was here ####
       Path -> Partition:
@@ -1376,6 +1379,7 @@ STAGE PLANS:
                 Map-reduce partition columns: key (type: string)
                 Statistics: Num rows: 51 Data size: 244 Basic stats: COMPLETE Column stats: NONE
                 tag: 1
+                auto parallelism: false
           TableScan
             alias: a
             Statistics: Num rows: 309 Data size: 1482 Basic stats: COMPLETE Column stats: NONE
@@ -1390,6 +1394,7 @@ STAGE PLANS:
                 Map-reduce partition columns: key (type: string)
                 Statistics: Num rows: 51 Data size: 244 Basic stats: COMPLETE Column stats: NONE
                 tag: 0
+                auto parallelism: false
       Path -> Alias:
 #### A masked pattern was here ####
       Path -> Partition:
@@ -1534,6 +1539,7 @@ STAGE PLANS:
               Statistics: Num rows: 56 Data size: 268 Basic stats: COMPLETE Column stats: NONE
               tag: -1
               value expressions: _col1 (type: bigint)
+              auto parallelism: false
       Path -> Alias:
 #### A masked pattern was here ####
       Path -> Partition:
diff --git a/ql/src/test/results/clientpositive/union_ppr.q.out b/ql/src/test/results/clientpositive/union_ppr.q.out
index 3016b61503..ee209c7079 100644
--- a/ql/src/test/results/clientpositive/union_ppr.q.out
+++ b/ql/src/test/results/clientpositive/union_ppr.q.out
@@ -135,6 +135,7 @@ STAGE PLANS:
                       sort order: ++++
                       Statistics: Num rows: 38 Data size: 7614 Basic stats: COMPLETE Column stats: NONE
                       tag: -1
+                      auto parallelism: false
           TableScan
             alias: y
             Statistics: Num rows: 58 Data size: 11624 Basic stats: COMPLETE Column stats: NONE
@@ -158,6 +159,7 @@ STAGE PLANS:
                       sort order: ++++
                       Statistics: Num rows: 38 Data size: 7614 Basic stats: COMPLETE Column stats: NONE
                       tag: -1
+                      auto parallelism: false
       Path -> Alias:
 #### A masked pattern was here ####
       Path -> Partition:
