diff --git a/ql/src/test/results/clientpositive/parquet_join.q.out b/ql/src/test/results/clientpositive/parquet_join.q.out
index d464e176ab..f3caae77fa 100644
--- a/ql/src/test/results/clientpositive/parquet_join.q.out
+++ b/ql/src/test/results/clientpositive/parquet_join.q.out
@@ -21,6 +21,7 @@ POSTHOOK: type: DROPTABLE
 PREHOOK: query: create table staging (key int, value string) stored as textfile
 PREHOOK: type: CREATETABLE
 PREHOOK: Output: database:default
+PREHOOK: Output: default@staging
 POSTHOOK: query: create table staging (key int, value string) stored as textfile
 POSTHOOK: type: CREATETABLE
 POSTHOOK: Output: database:default
@@ -95,10 +96,10 @@ STAGE PLANS:
           condition expressions:
             0 
             1 {VALUE._col1}
-          outputColumnNames: _col6
+          outputColumnNames: _col7
           Statistics: Num rows: 1 Data size: 2 Basic stats: COMPLETE Column stats: NONE
           Select Operator
-            expressions: _col6 (type: string)
+            expressions: _col7 (type: string)
             outputColumnNames: _col0
             Statistics: Num rows: 1 Data size: 2 Basic stats: COMPLETE Column stats: NONE
             File Output Operator
@@ -189,10 +190,10 @@ STAGE PLANS:
                 keys:
                   0 key (type: int)
                   1 key (type: int)
-                outputColumnNames: _col6
+                outputColumnNames: _col7
                 Statistics: Num rows: 1 Data size: 2 Basic stats: COMPLETE Column stats: NONE
                 Select Operator
-                  expressions: _col6 (type: string)
+                  expressions: _col7 (type: string)
                   outputColumnNames: _col0
                   Statistics: Num rows: 1 Data size: 2 Basic stats: COMPLETE Column stats: NONE
                   File Output Operator
@@ -228,6 +229,7 @@ PREHOOK: query: -- SMB join
 create table parquet_jointable1_bucketed_sorted (key int,value string) clustered by (key) sorted by (key ASC) INTO 1 BUCKETS stored as parquet
 PREHOOK: type: CREATETABLE
 PREHOOK: Output: database:default
+PREHOOK: Output: default@parquet_jointable1_bucketed_sorted
 POSTHOOK: query: -- SMB join
 
 create table parquet_jointable1_bucketed_sorted (key int,value string) clustered by (key) sorted by (key ASC) INTO 1 BUCKETS stored as parquet
@@ -247,6 +249,7 @@ POSTHOOK: Lineage: parquet_jointable1_bucketed_sorted.value EXPRESSION [(staging
 PREHOOK: query: create table parquet_jointable2_bucketed_sorted (key int,value1 string, value2 string) clustered by (key) sorted by (key ASC) INTO 1 BUCKETS stored as parquet
 PREHOOK: type: CREATETABLE
 PREHOOK: Output: database:default
+PREHOOK: Output: default@parquet_jointable2_bucketed_sorted
 POSTHOOK: query: create table parquet_jointable2_bucketed_sorted (key int,value1 string, value2 string) clustered by (key) sorted by (key ASC) INTO 1 BUCKETS stored as parquet
 POSTHOOK: type: CREATETABLE
 POSTHOOK: Output: database:default
@@ -289,9 +292,9 @@ STAGE PLANS:
                 keys:
                   0 key (type: int)
                   1 key (type: int)
-                outputColumnNames: _col1, _col6
+                outputColumnNames: _col1, _col7
                 Select Operator
-                  expressions: _col1 (type: string), _col6 (type: string)
+                  expressions: _col1 (type: string), _col7 (type: string)
                   outputColumnNames: _col0, _col1
                   File Output Operator
                     compressed: false
