diff --git a/ql/src/test/results/clientpositive/tez/tez_union_group_by.q.out b/ql/src/test/results/clientpositive/tez/tez_union_group_by.q.out
index b2a61a67d0..59a6e578f2 100644
--- a/ql/src/test/results/clientpositive/tez/tez_union_group_by.q.out
+++ b/ql/src/test/results/clientpositive/tez/tez_union_group_by.q.out
@@ -174,13 +174,12 @@ STAGE PLANS:
         Map 9 
         Reducer 2 
             Reduce Operator Tree:
-              Join Operator
+              Merge Join Operator
                 condition map:
                      Inner Join 0 to 1
                 condition expressions:
                   0 {VALUE._col0}
                   1 
-                nullSafes: [false, true]
                 outputColumnNames: _col0
                 Statistics: Num rows: 0 Data size: 0 Basic stats: NONE Column stats: NONE
                 Select Operator
@@ -215,7 +214,7 @@ STAGE PLANS:
                     Statistics: Num rows: 0 Data size: 0 Basic stats: NONE Column stats: NONE
         Reducer 4 
             Reduce Operator Tree:
-              Join Operator
+              Merge Join Operator
                 condition map:
                      Left Outer Join0 to 1
                 condition expressions:
