diff --git a/ql/src/java/org/apache/hadoop/hive/ql/optimizer/optiq/RelOptHiveTable.java b/ql/src/java/org/apache/hadoop/hive/ql/optimizer/optiq/RelOptHiveTable.java
index e699c871e3..080d27fa87 100644
--- a/ql/src/java/org/apache/hadoop/hive/ql/optimizer/optiq/RelOptHiveTable.java
+++ b/ql/src/java/org/apache/hadoop/hive/ql/optimizer/optiq/RelOptHiveTable.java
@@ -257,19 +257,20 @@ private void updateColStats(Set<Integer> projIndxLst) {
             }
             colNamesFailedStats.clear();
           } else {
-          Statistics stats = StatsUtils.collectStatistics(hiveConf, partitionList,
-              hiveTblMetadata, hiveNonPartitionCols, nonPartColNamesThatRqrStats, true, true);
-          rowCount = stats.getNumRows();
-          hiveColStats = new ArrayList<ColStatistics>();
-          for (String c : nonPartColNamesThatRqrStats) {
-            ColStatistics cs = stats.getColumnStatisticsFromColName(c);
-            if (cs != null) {
-              hiveColStats.add(cs);
-            } else {
-              colNamesFailedStats.add(c);
+            Statistics stats = StatsUtils.collectStatistics(hiveConf, partitionList,
+                hiveTblMetadata, hiveNonPartitionCols, nonPartColNamesThatRqrStats,
+                nonPartColNamesThatRqrStats, true, true);
+            rowCount = stats.getNumRows();
+            hiveColStats = new ArrayList<ColStatistics>();
+            for (String c : nonPartColNamesThatRqrStats) {
+              ColStatistics cs = stats.getColumnStatisticsFromColName(c);
+              if (cs != null) {
+                hiveColStats.add(cs);
+              } else {
+                colNamesFailedStats.add(c);
+              }
             }
           }
-          }
         } catch (HiveException e) {
           String logMsg = "Collecting stats failed.";
           LOG.error(logMsg);
diff --git a/ql/src/java/org/apache/hadoop/hive/ql/stats/StatsUtils.java b/ql/src/java/org/apache/hadoop/hive/ql/stats/StatsUtils.java
index 2b3ce4c21c..5143fbe99b 100644
--- a/ql/src/java/org/apache/hadoop/hive/ql/stats/StatsUtils.java
+++ b/ql/src/java/org/apache/hadoop/hive/ql/stats/StatsUtils.java
@@ -18,8 +18,15 @@
 
 package org.apache.hadoop.hive.ql.stats;
 
-import com.google.common.base.Joiner;
-import com.google.common.collect.Lists;
+import java.math.BigDecimal;
+import java.math.BigInteger;
+import java.util.ArrayList;
+import java.util.HashMap;
+import java.util.HashSet;
+import java.util.List;
+import java.util.Map;
+import java.util.Set;
+
 import org.apache.commons.logging.Log;
 import org.apache.commons.logging.LogFactory;
 import org.apache.hadoop.fs.FileSystem;
@@ -80,14 +87,8 @@
 import org.apache.hadoop.hive.serde2.objectinspector.primitive.WritableTimestampObjectInspector;
 import org.apache.hadoop.io.BytesWritable;
 
-import java.math.BigDecimal;
-import java.math.BigInteger;
-import java.util.ArrayList;
-import java.util.HashMap;
-import java.util.HashSet;
-import java.util.List;
-import java.util.Map;
-import java.util.Set;
+import com.google.common.base.Joiner;
+import com.google.common.collect.Lists;
 
 public class StatsUtils {
 
@@ -113,24 +114,28 @@ public static Statistics collectStatistics(HiveConf conf, PrunedPartitionList pa
     // column level statistics are required only for the columns that are needed
     List<ColumnInfo> schema = tableScanOperator.getSchema().getSignature();
     List<String> neededColumns = tableScanOperator.getNeededColumns();
+    List<String> referencedColumns = tableScanOperator.getReferencedColumns();
 
-    return collectStatistics(conf, partList, table, schema, neededColumns);
+    return collectStatistics(conf, partList, table, schema, neededColumns, referencedColumns);
   }
 
   private static Statistics collectStatistics(HiveConf conf, PrunedPartitionList partList,
-      Table table, List<ColumnInfo> schema, List<String> neededColumns) throws HiveException {
+      Table table, List<ColumnInfo> schema, List<String> neededColumns,
+      List<String> referencedColumns) throws HiveException {
 
     boolean fetchColStats =
         HiveConf.getBoolVar(conf, HiveConf.ConfVars.HIVE_STATS_FETCH_COLUMN_STATS);
     boolean fetchPartStats =
         HiveConf.getBoolVar(conf, HiveConf.ConfVars.HIVE_STATS_FETCH_PARTITION_STATS);
 
-    return collectStatistics(conf, partList, table, schema, neededColumns, fetchColStats, fetchPartStats);
+    return collectStatistics(conf, partList, table, schema, neededColumns, referencedColumns,
+        fetchColStats, fetchPartStats);
   }
 
   public static Statistics collectStatistics(HiveConf conf, PrunedPartitionList partList,
       Table table, List<ColumnInfo> schema, List<String> neededColumns,
-      boolean fetchColStats, boolean fetchPartStats) throws HiveException {
+      List<String> referencedColumns, boolean fetchColStats, boolean fetchPartStats)
+      throws HiveException {
 
     Statistics stats = new Statistics();
 
@@ -223,7 +228,6 @@ public static Statistics collectStatistics(HiveConf conf, PrunedPartitionList pa
           stats.getBasicStatsState().equals(State.COMPLETE)) {
         stats.setBasicStatsState(State.PARTIAL);
       }
-      boolean haveFullStats = fetchColStats;
       if (fetchColStats) {
         List<String> partNames = new ArrayList<String>(partList.getNotDeniedPartns().size());
         for (Partition part : partList.getNotDeniedPartns()) {
@@ -231,37 +235,84 @@ public static Statistics collectStatistics(HiveConf conf, PrunedPartitionList pa
         }
         Map<String, String> colToTabAlias = new HashMap<String, String>();
         neededColumns = processNeededColumns(schema, neededColumns, colToTabAlias);
-        AggrStats aggrStats = Hive.get().getAggrColStatsFor(table.getDbName(), table.getTableName(), neededColumns, partNames);
+        AggrStats aggrStats = Hive.get().getAggrColStatsFor(table.getDbName(), table.getTableName(),
+            neededColumns, partNames);
         if (null == aggrStats) {
-          haveFullStats = false;
+          // There are some partitions with no state (or we didn't fetch any state).
+          // Update the stats with empty list to reflect that in the
+          // state/initialize structures.
+          List<ColStatistics> emptyStats = Lists.newArrayList();
+
+          // add partition column stats
+          addParitionColumnStats(neededColumns, referencedColumns, schema, table, partList,
+              emptyStats);
+
+          stats.addToColumnStats(emptyStats);
+          stats.updateColumnStatsState(deriveStatType(emptyStats, referencedColumns));
         } else {
           List<ColumnStatisticsObj> colStats = aggrStats.getColStats();
           if (colStats.size() != neededColumns.size()) {
-            LOG.debug("Column stats requested for : " + neededColumns.size() + " columns. Able to retrieve"
-                + " for " + colStats.size() + " columns");
+            LOG.debug("Column stats requested for : " + neededColumns.size() + " columns. Able to" +
+                " retrieve for " + colStats.size() + " columns");
           }
-          List<ColStatistics> columnStats = convertColStats(colStats, table.getTableName(), colToTabAlias);
+          List<ColStatistics> columnStats = convertColStats(colStats, table.getTableName(),
+              colToTabAlias);
+
+          addParitionColumnStats(neededColumns, referencedColumns, schema, table, partList,
+              columnStats);
+
           stats.addToColumnStats(columnStats);
-          State colState = deriveStatType(columnStats, neededColumns);
+          State colState = deriveStatType(columnStats, referencedColumns);
           if (aggrStats.getPartsFound() != partNames.size() && colState != State.NONE) {
-            LOG.debug("Column stats requested for : " + partNames.size() +" partitions. "
-              + "Able to retrieve for " + aggrStats.getPartsFound() + " partitions");
+            LOG.debug("Column stats requested for : " + partNames.size() + " partitions. "
+                + "Able to retrieve for " + aggrStats.getPartsFound() + " partitions");
             colState = State.PARTIAL;
           }
           stats.setColumnStatsState(colState);
         }
       }
-      // There are some partitions with no state (or we didn't fetch any state).
-      // Update the stats with empty list to reflect that in the state/initialize structures.
-      if (!haveFullStats) {
-        List<ColStatistics> emptyStats = Lists.<ColStatistics>newArrayList();
-        stats.addToColumnStats(emptyStats);
-        stats.updateColumnStatsState(deriveStatType(emptyStats, neededColumns));
-      }
     }
     return stats;
   }
 
+  private static void addParitionColumnStats(List<String> neededColumns,
+      List<String> referencedColumns, List<ColumnInfo> schema, Table table,
+      PrunedPartitionList partList, List<ColStatistics> colStats)
+      throws HiveException {
+
+    // extra columns is difference between referenced columns vs needed
+    // columns. The difference could be partition columns.
+    List<String> extraCols = Lists.newArrayList(referencedColumns);
+    if (referencedColumns.size() > neededColumns.size()) {
+      extraCols.removeAll(neededColumns);
+      for (String col : extraCols) {
+        for (ColumnInfo ci : schema) {
+          // conditions for being partition column
+          if (col.equals(ci.getInternalName()) && ci.getIsVirtualCol() &&
+              !ci.isHiddenVirtualCol()) {
+            // currently metastore does not store column stats for
+            // partition column, so we calculate the NDV from pruned
+            // partition list
+            ColStatistics partCS = new ColStatistics(table.getTableName(),
+                ci.getInternalName(), ci.getType().getTypeName());
+            long numPartitions = getNDVPartitionColumn(partList.getPartitions(),
+                ci.getInternalName());
+            partCS.setCountDistint(numPartitions);
+            colStats.add(partCS);
+          }
+        }
+      }
+    }
+  }
+
+  public static int getNDVPartitionColumn(Set<Partition> partitions, String partColName) {
+    Set<String> distinctVals = new HashSet<String>(partitions.size());
+    for (Partition partition : partitions) {
+      distinctVals.add(partition.getSpec().get(partColName));
+    }
+    return distinctVals.size();
+  }
+
   private static void setUnknownRcDsToAverage(
       List<Long> rowCounts, List<Long> dataSizes, int avgRowSize) {
     if (LOG.isDebugEnabled()) {
@@ -1060,10 +1111,8 @@ public static long getTotalSize(Table table) {
 
   /**
    * Get basic stats of table
-   * @param dbName
-   *          - database name
-   * @param tabName
-   *          - table name
+   * @param table
+   *          - table
    * @param statType
    *          - type of stats
    * @return value of stats
diff --git a/ql/src/test/queries/clientpositive/annotate_stats_part.q b/ql/src/test/queries/clientpositive/annotate_stats_part.q
index f25776ad4c..fcfe566a99 100644
--- a/ql/src/test/queries/clientpositive/annotate_stats_part.q
+++ b/ql/src/test/queries/clientpositive/annotate_stats_part.q
@@ -65,6 +65,9 @@ explain select zip from loc_orc;
 -- basicStatState: COMPLETE colStatState: PARTIAL
 explain select state from loc_orc;
 
+-- basicStatState: COMPLETE colStatState: COMPLETE
+explain select year from loc_orc;
+
 -- column statistics for __HIVE_DEFAULT_PARTITION__ is not supported yet. Hence colStatState reports PARTIAL
 -- basicStatState: COMPLETE colStatState: PARTIAL
 explain select state,locid from loc_orc;
diff --git a/ql/src/test/results/clientnegative/limit_partition_stats.q.out b/ql/src/test/results/clientnegative/limit_partition_stats.q.out
index 6ecf5b7e05..b412358069 100644
--- a/ql/src/test/results/clientnegative/limit_partition_stats.q.out
+++ b/ql/src/test/results/clientnegative/limit_partition_stats.q.out
@@ -64,31 +64,31 @@ STAGE PLANS:
       Map Operator Tree:
           TableScan
             alias: part
-            Statistics: Num rows: 2000 Data size: 4000 Basic stats: COMPLETE Column stats: COMPLETE
+            Statistics: Num rows: 2000 Data size: 4000 Basic stats: COMPLETE Column stats: NONE
             Select Operator
-              Statistics: Num rows: 2000 Data size: 4000 Basic stats: COMPLETE Column stats: COMPLETE
+              Statistics: Num rows: 2000 Data size: 4000 Basic stats: COMPLETE Column stats: NONE
               Group By Operator
                 aggregations: count()
                 mode: hash
                 outputColumnNames: _col0
-                Statistics: Num rows: 1 Data size: 8 Basic stats: COMPLETE Column stats: COMPLETE
+                Statistics: Num rows: 1 Data size: 8 Basic stats: COMPLETE Column stats: NONE
                 Reduce Output Operator
                   sort order: 
-                  Statistics: Num rows: 1 Data size: 8 Basic stats: COMPLETE Column stats: COMPLETE
+                  Statistics: Num rows: 1 Data size: 8 Basic stats: COMPLETE Column stats: NONE
                   value expressions: _col0 (type: bigint)
       Reduce Operator Tree:
         Group By Operator
           aggregations: count(VALUE._col0)
           mode: mergepartial
           outputColumnNames: _col0
-          Statistics: Num rows: 1 Data size: 8 Basic stats: COMPLETE Column stats: COMPLETE
+          Statistics: Num rows: 1 Data size: 8 Basic stats: COMPLETE Column stats: NONE
           Select Operator
             expressions: _col0 (type: bigint)
             outputColumnNames: _col0
-            Statistics: Num rows: 1 Data size: 8 Basic stats: COMPLETE Column stats: COMPLETE
+            Statistics: Num rows: 1 Data size: 8 Basic stats: COMPLETE Column stats: NONE
             File Output Operator
               compressed: false
-              Statistics: Num rows: 1 Data size: 8 Basic stats: COMPLETE Column stats: COMPLETE
+              Statistics: Num rows: 1 Data size: 8 Basic stats: COMPLETE Column stats: NONE
               table:
                   input format: org.apache.hadoop.mapred.TextInputFormat
                   output format: org.apache.hadoop.hive.ql.io.HiveIgnoreKeyTextOutputFormat
diff --git a/ql/src/test/results/clientpositive/alter_partition_coltype.q.out b/ql/src/test/results/clientpositive/alter_partition_coltype.q.out
index fa943ba54e..8fa65cb53d 100644
--- a/ql/src/test/results/clientpositive/alter_partition_coltype.q.out
+++ b/ql/src/test/results/clientpositive/alter_partition_coltype.q.out
@@ -121,18 +121,18 @@ STAGE PLANS:
       Map Operator Tree:
           TableScan
             alias: alter_coltype
-            Statistics: Num rows: 50 Data size: 382 Basic stats: COMPLETE Column stats: COMPLETE
+            Statistics: Num rows: 50 Data size: 382 Basic stats: COMPLETE Column stats: NONE
             GatherStats: false
             Select Operator
-              Statistics: Num rows: 50 Data size: 382 Basic stats: COMPLETE Column stats: COMPLETE
+              Statistics: Num rows: 50 Data size: 382 Basic stats: COMPLETE Column stats: NONE
               Group By Operator
                 aggregations: count()
                 mode: hash
                 outputColumnNames: _col0
-                Statistics: Num rows: 1 Data size: 8 Basic stats: COMPLETE Column stats: COMPLETE
+                Statistics: Num rows: 1 Data size: 8 Basic stats: COMPLETE Column stats: NONE
                 Reduce Output Operator
                   sort order: 
-                  Statistics: Num rows: 1 Data size: 8 Basic stats: COMPLETE Column stats: COMPLETE
+                  Statistics: Num rows: 1 Data size: 8 Basic stats: COMPLETE Column stats: NONE
                   tag: -1
                   value expressions: _col0 (type: bigint)
                   auto parallelism: false
@@ -240,17 +240,17 @@ STAGE PLANS:
           aggregations: count(VALUE._col0)
           mode: mergepartial
           outputColumnNames: _col0
-          Statistics: Num rows: 1 Data size: 8 Basic stats: COMPLETE Column stats: COMPLETE
+          Statistics: Num rows: 1 Data size: 8 Basic stats: COMPLETE Column stats: NONE
           Select Operator
             expressions: _col0 (type: bigint)
             outputColumnNames: _col0
-            Statistics: Num rows: 1 Data size: 8 Basic stats: COMPLETE Column stats: COMPLETE
+            Statistics: Num rows: 1 Data size: 8 Basic stats: COMPLETE Column stats: NONE
             File Output Operator
               compressed: false
               GlobalTableId: 0
 #### A masked pattern was here ####
               NumFilesPerFileSink: 1
-              Statistics: Num rows: 1 Data size: 8 Basic stats: COMPLETE Column stats: COMPLETE
+              Statistics: Num rows: 1 Data size: 8 Basic stats: COMPLETE Column stats: NONE
 #### A masked pattern was here ####
               table:
                   input format: org.apache.hadoop.mapred.TextInputFormat
@@ -350,18 +350,18 @@ STAGE PLANS:
       Map Operator Tree:
           TableScan
             alias: alter_coltype
-            Statistics: Num rows: 25 Data size: 191 Basic stats: COMPLETE Column stats: COMPLETE
+            Statistics: Num rows: 25 Data size: 191 Basic stats: COMPLETE Column stats: NONE
             GatherStats: false
             Select Operator
-              Statistics: Num rows: 25 Data size: 191 Basic stats: COMPLETE Column stats: COMPLETE
+              Statistics: Num rows: 25 Data size: 191 Basic stats: COMPLETE Column stats: NONE
               Group By Operator
                 aggregations: count()
                 mode: hash
                 outputColumnNames: _col0
-                Statistics: Num rows: 1 Data size: 8 Basic stats: COMPLETE Column stats: COMPLETE
+                Statistics: Num rows: 1 Data size: 8 Basic stats: COMPLETE Column stats: NONE
                 Reduce Output Operator
                   sort order: 
-                  Statistics: Num rows: 1 Data size: 8 Basic stats: COMPLETE Column stats: COMPLETE
+                  Statistics: Num rows: 1 Data size: 8 Basic stats: COMPLETE Column stats: NONE
                   tag: -1
                   value expressions: _col0 (type: bigint)
                   auto parallelism: false
@@ -422,17 +422,17 @@ STAGE PLANS:
           aggregations: count(VALUE._col0)
           mode: mergepartial
           outputColumnNames: _col0
-          Statistics: Num rows: 1 Data size: 8 Basic stats: COMPLETE Column stats: COMPLETE
+          Statistics: Num rows: 1 Data size: 8 Basic stats: COMPLETE Column stats: NONE
           Select Operator
             expressions: _col0 (type: bigint)
             outputColumnNames: _col0
-            Statistics: Num rows: 1 Data size: 8 Basic stats: COMPLETE Column stats: COMPLETE
+            Statistics: Num rows: 1 Data size: 8 Basic stats: COMPLETE Column stats: NONE
             File Output Operator
               compressed: false
               GlobalTableId: 0
 #### A masked pattern was here ####
               NumFilesPerFileSink: 1
-              Statistics: Num rows: 1 Data size: 8 Basic stats: COMPLETE Column stats: COMPLETE
+              Statistics: Num rows: 1 Data size: 8 Basic stats: COMPLETE Column stats: NONE
 #### A masked pattern was here ####
               table:
                   input format: org.apache.hadoop.mapred.TextInputFormat
@@ -511,18 +511,18 @@ STAGE PLANS:
       Map Operator Tree:
           TableScan
             alias: alter_coltype
-            Statistics: Num rows: 25 Data size: 191 Basic stats: COMPLETE Column stats: COMPLETE
+            Statistics: Num rows: 25 Data size: 191 Basic stats: COMPLETE Column stats: NONE
             GatherStats: false
             Select Operator
-              Statistics: Num rows: 25 Data size: 191 Basic stats: COMPLETE Column stats: COMPLETE
+              Statistics: Num rows: 25 Data size: 191 Basic stats: COMPLETE Column stats: NONE
               Group By Operator
                 aggregations: count()
                 mode: hash
                 outputColumnNames: _col0
-                Statistics: Num rows: 1 Data size: 8 Basic stats: COMPLETE Column stats: COMPLETE
+                Statistics: Num rows: 1 Data size: 8 Basic stats: COMPLETE Column stats: NONE
                 Reduce Output Operator
                   sort order: 
-                  Statistics: Num rows: 1 Data size: 8 Basic stats: COMPLETE Column stats: COMPLETE
+                  Statistics: Num rows: 1 Data size: 8 Basic stats: COMPLETE Column stats: NONE
                   tag: -1
                   value expressions: _col0 (type: bigint)
                   auto parallelism: false
@@ -583,17 +583,17 @@ STAGE PLANS:
           aggregations: count(VALUE._col0)
           mode: mergepartial
           outputColumnNames: _col0
-          Statistics: Num rows: 1 Data size: 8 Basic stats: COMPLETE Column stats: COMPLETE
+          Statistics: Num rows: 1 Data size: 8 Basic stats: COMPLETE Column stats: NONE
           Select Operator
             expressions: _col0 (type: bigint)
             outputColumnNames: _col0
-            Statistics: Num rows: 1 Data size: 8 Basic stats: COMPLETE Column stats: COMPLETE
+            Statistics: Num rows: 1 Data size: 8 Basic stats: COMPLETE Column stats: NONE
             File Output Operator
               compressed: false
               GlobalTableId: 0
 #### A masked pattern was here ####
               NumFilesPerFileSink: 1
-              Statistics: Num rows: 1 Data size: 8 Basic stats: COMPLETE Column stats: COMPLETE
+              Statistics: Num rows: 1 Data size: 8 Basic stats: COMPLETE Column stats: NONE
 #### A masked pattern was here ####
               table:
                   input format: org.apache.hadoop.mapred.TextInputFormat
diff --git a/ql/src/test/results/clientpositive/annotate_stats_part.q.out b/ql/src/test/results/clientpositive/annotate_stats_part.q.out
index 61a36626df..d2e9ed1ddc 100644
--- a/ql/src/test/results/clientpositive/annotate_stats_part.q.out
+++ b/ql/src/test/results/clientpositive/annotate_stats_part.q.out
@@ -56,11 +56,11 @@ STAGE PLANS:
       Processor Tree:
         TableScan
           alias: loc_orc
-          Statistics: Num rows: 0 Data size: 0 Basic stats: NONE Column stats: NONE
+          Statistics: Num rows: 0 Data size: 0 Basic stats: NONE Column stats: PARTIAL
           Select Operator
             expressions: state (type: string), locid (type: int), zip (type: bigint), year (type: string)
             outputColumnNames: _col0, _col1, _col2, _col3
-            Statistics: Num rows: 0 Data size: 0 Basic stats: NONE Column stats: NONE
+            Statistics: Num rows: 0 Data size: 0 Basic stats: NONE Column stats: PARTIAL
             ListSink
 
 PREHOOK: query: insert overwrite table loc_orc partition(year) select * from loc_staging
@@ -98,11 +98,11 @@ STAGE PLANS:
       Processor Tree:
         TableScan
           alias: loc_orc
-          Statistics: Num rows: 5 Data size: 722 Basic stats: COMPLETE Column stats: NONE
+          Statistics: Num rows: 5 Data size: 722 Basic stats: COMPLETE Column stats: PARTIAL
           Select Operator
             expressions: state (type: string), locid (type: int), zip (type: bigint), year (type: string)
             outputColumnNames: _col0, _col1, _col2, _col3
-            Statistics: Num rows: 5 Data size: 722 Basic stats: COMPLETE Column stats: NONE
+            Statistics: Num rows: 5 Data size: 722 Basic stats: COMPLETE Column stats: PARTIAL
             ListSink
 
 PREHOOK: query: -- partition level analyze statistics for specific parition
@@ -135,11 +135,11 @@ STAGE PLANS:
       Processor Tree:
         TableScan
           alias: loc_orc
-          Statistics: Num rows: 2 Data size: 323 Basic stats: COMPLETE Column stats: NONE
+          Statistics: Num rows: 2 Data size: 323 Basic stats: COMPLETE Column stats: PARTIAL
           Select Operator
             expressions: state (type: string), locid (type: int), zip (type: bigint), year (type: string)
             outputColumnNames: _col0, _col1, _col2, _col3
-            Statistics: Num rows: 2 Data size: 323 Basic stats: COMPLETE Column stats: NONE
+            Statistics: Num rows: 2 Data size: 323 Basic stats: COMPLETE Column stats: PARTIAL
             ListSink
 
 PREHOOK: query: -- basicStatState: PARTIAL colStatState: NONE
@@ -158,11 +158,11 @@ STAGE PLANS:
       Processor Tree:
         TableScan
           alias: loc_orc
-          Statistics: Num rows: 9 Data size: 722 Basic stats: COMPLETE Column stats: NONE
+          Statistics: Num rows: 9 Data size: 722 Basic stats: COMPLETE Column stats: PARTIAL
           Select Operator
             expressions: state (type: string), locid (type: int), zip (type: bigint), year (type: string)
             outputColumnNames: _col0, _col1, _col2, _col3
-            Statistics: Num rows: 9 Data size: 722 Basic stats: COMPLETE Column stats: NONE
+            Statistics: Num rows: 9 Data size: 722 Basic stats: COMPLETE Column stats: PARTIAL
             ListSink
 
 PREHOOK: query: -- basicStatState: COMPLETE colStatState: NONE
@@ -181,11 +181,11 @@ STAGE PLANS:
       Processor Tree:
         TableScan
           alias: loc_orc
-          Statistics: Num rows: 7 Data size: 399 Basic stats: COMPLETE Column stats: NONE
+          Statistics: Num rows: 7 Data size: 399 Basic stats: COMPLETE Column stats: PARTIAL
           Select Operator
             expressions: state (type: string), locid (type: int), zip (type: bigint), year (type: string)
             outputColumnNames: _col0, _col1, _col2, _col3
-            Statistics: Num rows: 7 Data size: 399 Basic stats: COMPLETE Column stats: NONE
+            Statistics: Num rows: 7 Data size: 399 Basic stats: COMPLETE Column stats: PARTIAL
             ListSink
 
 PREHOOK: query: -- partition level analyze statistics for all partitions
@@ -222,11 +222,11 @@ STAGE PLANS:
       Processor Tree:
         TableScan
           alias: loc_orc
-          Statistics: Num rows: 1 Data size: 323 Basic stats: COMPLETE Column stats: NONE
+          Statistics: Num rows: 1 Data size: 323 Basic stats: COMPLETE Column stats: PARTIAL
           Select Operator
             expressions: state (type: string), locid (type: int), zip (type: bigint), year (type: string)
             outputColumnNames: _col0, _col1, _col2, _col3
-            Statistics: Num rows: 1 Data size: 323 Basic stats: COMPLETE Column stats: NONE
+            Statistics: Num rows: 1 Data size: 323 Basic stats: COMPLETE Column stats: PARTIAL
             ListSink
 
 PREHOOK: query: -- basicStatState: COMPLETE colStatState: NONE
@@ -245,11 +245,11 @@ STAGE PLANS:
       Processor Tree:
         TableScan
           alias: loc_orc
-          Statistics: Num rows: 8 Data size: 722 Basic stats: COMPLETE Column stats: NONE
+          Statistics: Num rows: 8 Data size: 722 Basic stats: COMPLETE Column stats: PARTIAL
           Select Operator
             expressions: state (type: string), locid (type: int), zip (type: bigint), year (type: string)
             outputColumnNames: _col0, _col1, _col2, _col3
-            Statistics: Num rows: 8 Data size: 722 Basic stats: COMPLETE Column stats: NONE
+            Statistics: Num rows: 8 Data size: 722 Basic stats: COMPLETE Column stats: PARTIAL
             ListSink
 
 PREHOOK: query: -- basicStatState: COMPLETE colStatState: NONE
@@ -268,11 +268,11 @@ STAGE PLANS:
       Processor Tree:
         TableScan
           alias: loc_orc
-          Statistics: Num rows: 8 Data size: 722 Basic stats: COMPLETE Column stats: NONE
+          Statistics: Num rows: 8 Data size: 722 Basic stats: COMPLETE Column stats: PARTIAL
           Select Operator
             expressions: state (type: string), locid (type: int), zip (type: bigint), year (type: string)
             outputColumnNames: _col0, _col1, _col2, _col3
-            Statistics: Num rows: 8 Data size: 722 Basic stats: COMPLETE Column stats: NONE
+            Statistics: Num rows: 8 Data size: 722 Basic stats: COMPLETE Column stats: PARTIAL
             ListSink
 
 PREHOOK: query: -- both partitions will be pruned
@@ -293,14 +293,14 @@ STAGE PLANS:
       Processor Tree:
         TableScan
           alias: loc_orc
-          Statistics: Num rows: 0 Data size: 0 Basic stats: NONE Column stats: NONE
+          Statistics: Num rows: 0 Data size: 0 Basic stats: NONE Column stats: PARTIAL
           Filter Operator
             predicate: ((year = '2001') and (year = '__HIVE_DEFAULT_PARTITION__')) (type: boolean)
-            Statistics: Num rows: 0 Data size: 0 Basic stats: NONE Column stats: NONE
+            Statistics: Num rows: 0 Data size: 0 Basic stats: NONE Column stats: PARTIAL
             Select Operator
               expressions: state (type: string), locid (type: int), zip (type: bigint), '__HIVE_DEFAULT_PARTITION__' (type: string)
               outputColumnNames: _col0, _col1, _col2, _col3
-              Statistics: Num rows: 0 Data size: 0 Basic stats: NONE Column stats: NONE
+              Statistics: Num rows: 0 Data size: 0 Basic stats: NONE Column stats: PARTIAL
               ListSink
 
 PREHOOK: query: -- partition level partial column statistics
@@ -361,6 +361,29 @@ STAGE PLANS:
             Statistics: Num rows: 8 Data size: 688 Basic stats: COMPLETE Column stats: PARTIAL
             ListSink
 
+PREHOOK: query: -- basicStatState: COMPLETE colStatState: COMPLETE
+explain select year from loc_orc
+PREHOOK: type: QUERY
+POSTHOOK: query: -- basicStatState: COMPLETE colStatState: COMPLETE
+explain select year from loc_orc
+POSTHOOK: type: QUERY
+STAGE DEPENDENCIES:
+  Stage-0 is a root stage
+
+STAGE PLANS:
+  Stage: Stage-0
+    Fetch Operator
+      limit: -1
+      Processor Tree:
+        TableScan
+          alias: loc_orc
+          Statistics: Num rows: 8 Data size: 722 Basic stats: COMPLETE Column stats: COMPLETE
+          Select Operator
+            expressions: year (type: string)
+            outputColumnNames: _col0
+            Statistics: Num rows: 8 Data size: 1472 Basic stats: COMPLETE Column stats: COMPLETE
+            ListSink
+
 PREHOOK: query: -- column statistics for __HIVE_DEFAULT_PARTITION__ is not supported yet. Hence colStatState reports PARTIAL
 -- basicStatState: COMPLETE colStatState: PARTIAL
 explain select state,locid from loc_orc
@@ -512,7 +535,7 @@ STAGE PLANS:
             Statistics: Num rows: 7 Data size: 399 Basic stats: COMPLETE Column stats: COMPLETE
             Filter Operator
               predicate: (locid > 0) (type: boolean)
-              Statistics: Num rows: 2 Data size: 8 Basic stats: COMPLETE Column stats: COMPLETE
+              Statistics: Num rows: 2 Data size: 176 Basic stats: COMPLETE Column stats: COMPLETE
               Select Operator
                 expressions: locid (type: int), year (type: string)
                 outputColumnNames: _col0, _col1
@@ -548,14 +571,14 @@ STAGE PLANS:
             Statistics: Num rows: 7 Data size: 399 Basic stats: COMPLETE Column stats: COMPLETE
             Filter Operator
               predicate: (locid > 0) (type: boolean)
-              Statistics: Num rows: 2 Data size: 8 Basic stats: COMPLETE Column stats: COMPLETE
+              Statistics: Num rows: 2 Data size: 176 Basic stats: COMPLETE Column stats: COMPLETE
               Select Operator
                 expressions: locid (type: int), year (type: string)
                 outputColumnNames: _col0, _col1
-                Statistics: Num rows: 2 Data size: 8 Basic stats: COMPLETE Column stats: COMPLETE
+                Statistics: Num rows: 2 Data size: 176 Basic stats: COMPLETE Column stats: COMPLETE
                 File Output Operator
                   compressed: false
-                  Statistics: Num rows: 2 Data size: 8 Basic stats: COMPLETE Column stats: COMPLETE
+                  Statistics: Num rows: 2 Data size: 176 Basic stats: COMPLETE Column stats: COMPLETE
                   table:
                       input format: org.apache.hadoop.mapred.TextInputFormat
                       output format: org.apache.hadoop.hive.ql.io.HiveIgnoreKeyTextOutputFormat
diff --git a/ql/src/test/results/clientpositive/auto_sortmerge_join_12.q.out b/ql/src/test/results/clientpositive/auto_sortmerge_join_12.q.out
index eaf6c15418..3c30a315d9 100644
--- a/ql/src/test/results/clientpositive/auto_sortmerge_join_12.q.out
+++ b/ql/src/test/results/clientpositive/auto_sortmerge_join_12.q.out
@@ -407,7 +407,7 @@ STAGE PLANS:
         d 
           TableScan
             alias: d
-            Statistics: Num rows: 0 Data size: 170 Basic stats: PARTIAL Column stats: COMPLETE
+            Statistics: Num rows: 0 Data size: 170 Basic stats: PARTIAL Column stats: NONE
             GatherStats: false
             HashTable Sink Operator
               condition expressions:
diff --git a/ql/src/test/results/clientpositive/combine2.q.out b/ql/src/test/results/clientpositive/combine2.q.out
index 43b2498ab9..9da953c1a4 100644
--- a/ql/src/test/results/clientpositive/combine2.q.out
+++ b/ql/src/test/results/clientpositive/combine2.q.out
@@ -185,18 +185,18 @@ STAGE PLANS:
       Map Operator Tree:
           TableScan
             alias: combine2
-            Statistics: Num rows: 12 Data size: 14 Basic stats: COMPLETE Column stats: COMPLETE
+            Statistics: Num rows: 12 Data size: 14 Basic stats: COMPLETE Column stats: NONE
             GatherStats: false
             Select Operator
-              Statistics: Num rows: 12 Data size: 14 Basic stats: COMPLETE Column stats: COMPLETE
+              Statistics: Num rows: 12 Data size: 14 Basic stats: COMPLETE Column stats: NONE
               Group By Operator
                 aggregations: count(1)
                 mode: hash
                 outputColumnNames: _col0
-                Statistics: Num rows: 1 Data size: 8 Basic stats: COMPLETE Column stats: COMPLETE
+                Statistics: Num rows: 1 Data size: 8 Basic stats: COMPLETE Column stats: NONE
                 Reduce Output Operator
                   sort order: 
-                  Statistics: Num rows: 1 Data size: 8 Basic stats: COMPLETE Column stats: COMPLETE
+                  Statistics: Num rows: 1 Data size: 8 Basic stats: COMPLETE Column stats: NONE
                   tag: -1
                   value expressions: _col0 (type: bigint)
                   auto parallelism: false
@@ -578,17 +578,17 @@ STAGE PLANS:
           aggregations: count(VALUE._col0)
           mode: mergepartial
           outputColumnNames: _col0
-          Statistics: Num rows: 1 Data size: 8 Basic stats: COMPLETE Column stats: COMPLETE
+          Statistics: Num rows: 1 Data size: 8 Basic stats: COMPLETE Column stats: NONE
           Select Operator
             expressions: _col0 (type: bigint)
             outputColumnNames: _col0
-            Statistics: Num rows: 1 Data size: 8 Basic stats: COMPLETE Column stats: COMPLETE
+            Statistics: Num rows: 1 Data size: 8 Basic stats: COMPLETE Column stats: NONE
             File Output Operator
               compressed: false
               GlobalTableId: 0
 #### A masked pattern was here ####
               NumFilesPerFileSink: 1
-              Statistics: Num rows: 1 Data size: 8 Basic stats: COMPLETE Column stats: COMPLETE
+              Statistics: Num rows: 1 Data size: 8 Basic stats: COMPLETE Column stats: NONE
 #### A masked pattern was here ####
               table:
                   input format: org.apache.hadoop.mapred.TextInputFormat
@@ -652,22 +652,22 @@ STAGE PLANS:
       Map Operator Tree:
           TableScan
             alias: srcpart
-            Statistics: Num rows: 2000 Data size: 21248 Basic stats: COMPLETE Column stats: COMPLETE
+            Statistics: Num rows: 2000 Data size: 21248 Basic stats: COMPLETE Column stats: NONE
             Select Operator
               expressions: ds (type: string)
               outputColumnNames: ds
-              Statistics: Num rows: 2000 Data size: 21248 Basic stats: COMPLETE Column stats: COMPLETE
+              Statistics: Num rows: 2000 Data size: 21248 Basic stats: COMPLETE Column stats: NONE
               Group By Operator
                 aggregations: count(1)
                 keys: ds (type: string)
                 mode: hash
                 outputColumnNames: _col0, _col1
-                Statistics: Num rows: 1000 Data size: 192000 Basic stats: COMPLETE Column stats: COMPLETE
+                Statistics: Num rows: 2000 Data size: 21248 Basic stats: COMPLETE Column stats: NONE
                 Reduce Output Operator
                   key expressions: _col0 (type: string)
                   sort order: +
                   Map-reduce partition columns: _col0 (type: string)
-                  Statistics: Num rows: 1000 Data size: 192000 Basic stats: COMPLETE Column stats: COMPLETE
+                  Statistics: Num rows: 2000 Data size: 21248 Basic stats: COMPLETE Column stats: NONE
                   value expressions: _col1 (type: bigint)
       Reduce Operator Tree:
         Group By Operator
@@ -675,14 +675,14 @@ STAGE PLANS:
           keys: KEY._col0 (type: string)
           mode: mergepartial
           outputColumnNames: _col0, _col1
-          Statistics: Num rows: 1000 Data size: 192000 Basic stats: COMPLETE Column stats: COMPLETE
+          Statistics: Num rows: 1000 Data size: 10624 Basic stats: COMPLETE Column stats: NONE
           Select Operator
             expressions: _col0 (type: string), _col1 (type: bigint)
             outputColumnNames: _col0, _col1
-            Statistics: Num rows: 1000 Data size: 192000 Basic stats: COMPLETE Column stats: COMPLETE
+            Statistics: Num rows: 1000 Data size: 10624 Basic stats: COMPLETE Column stats: NONE
             File Output Operator
               compressed: false
-              Statistics: Num rows: 1000 Data size: 192000 Basic stats: COMPLETE Column stats: COMPLETE
+              Statistics: Num rows: 1000 Data size: 10624 Basic stats: COMPLETE Column stats: NONE
               table:
                   input format: org.apache.hadoop.mapred.TextInputFormat
                   output format: org.apache.hadoop.hive.ql.io.HiveIgnoreKeyTextOutputFormat
diff --git a/ql/src/test/results/clientpositive/dynpart_sort_opt_vectorization.q.out b/ql/src/test/results/clientpositive/dynpart_sort_opt_vectorization.q.out
index 09a57efe2f..f2c42ae77e 100644
--- a/ql/src/test/results/clientpositive/dynpart_sort_opt_vectorization.q.out
+++ b/ql/src/test/results/clientpositive/dynpart_sort_opt_vectorization.q.out
@@ -2265,31 +2265,31 @@ STAGE PLANS:
       Map Operator Tree:
           TableScan
             alias: over1k_part_buck_sort2_orc
-            Statistics: Num rows: 19 Data size: 493 Basic stats: COMPLETE Column stats: COMPLETE
+            Statistics: Num rows: 19 Data size: 493 Basic stats: COMPLETE Column stats: NONE
             Select Operator
-              Statistics: Num rows: 19 Data size: 493 Basic stats: COMPLETE Column stats: COMPLETE
+              Statistics: Num rows: 19 Data size: 493 Basic stats: COMPLETE Column stats: NONE
               Group By Operator
                 aggregations: count()
                 mode: hash
                 outputColumnNames: _col0
-                Statistics: Num rows: 1 Data size: 8 Basic stats: COMPLETE Column stats: COMPLETE
+                Statistics: Num rows: 1 Data size: 8 Basic stats: COMPLETE Column stats: NONE
                 Reduce Output Operator
                   sort order: 
-                  Statistics: Num rows: 1 Data size: 8 Basic stats: COMPLETE Column stats: COMPLETE
+                  Statistics: Num rows: 1 Data size: 8 Basic stats: COMPLETE Column stats: NONE
                   value expressions: _col0 (type: bigint)
       Reduce Operator Tree:
         Group By Operator
           aggregations: count(VALUE._col0)
           mode: mergepartial
           outputColumnNames: _col0
-          Statistics: Num rows: 1 Data size: 8 Basic stats: COMPLETE Column stats: COMPLETE
+          Statistics: Num rows: 1 Data size: 8 Basic stats: COMPLETE Column stats: NONE
           Select Operator
             expressions: _col0 (type: bigint)
             outputColumnNames: _col0
-            Statistics: Num rows: 1 Data size: 8 Basic stats: COMPLETE Column stats: COMPLETE
+            Statistics: Num rows: 1 Data size: 8 Basic stats: COMPLETE Column stats: NONE
             File Output Operator
               compressed: false
-              Statistics: Num rows: 1 Data size: 8 Basic stats: COMPLETE Column stats: COMPLETE
+              Statistics: Num rows: 1 Data size: 8 Basic stats: COMPLETE Column stats: NONE
               table:
                   input format: org.apache.hadoop.mapred.TextInputFormat
                   output format: org.apache.hadoop.hive.ql.io.HiveIgnoreKeyTextOutputFormat
@@ -2483,31 +2483,31 @@ STAGE PLANS:
       Map Operator Tree:
           TableScan
             alias: over1k_part_buck_sort2_orc
-            Statistics: Num rows: 19 Data size: 493 Basic stats: COMPLETE Column stats: COMPLETE
+            Statistics: Num rows: 19 Data size: 493 Basic stats: COMPLETE Column stats: NONE
             Select Operator
-              Statistics: Num rows: 19 Data size: 493 Basic stats: COMPLETE Column stats: COMPLETE
+              Statistics: Num rows: 19 Data size: 493 Basic stats: COMPLETE Column stats: NONE
               Group By Operator
                 aggregations: count()
                 mode: hash
                 outputColumnNames: _col0
-                Statistics: Num rows: 1 Data size: 8 Basic stats: COMPLETE Column stats: COMPLETE
+                Statistics: Num rows: 1 Data size: 8 Basic stats: COMPLETE Column stats: NONE
                 Reduce Output Operator
                   sort order: 
-                  Statistics: Num rows: 1 Data size: 8 Basic stats: COMPLETE Column stats: COMPLETE
+                  Statistics: Num rows: 1 Data size: 8 Basic stats: COMPLETE Column stats: NONE
                   value expressions: _col0 (type: bigint)
       Reduce Operator Tree:
         Group By Operator
           aggregations: count(VALUE._col0)
           mode: mergepartial
           outputColumnNames: _col0
-          Statistics: Num rows: 1 Data size: 8 Basic stats: COMPLETE Column stats: COMPLETE
+          Statistics: Num rows: 1 Data size: 8 Basic stats: COMPLETE Column stats: NONE
           Select Operator
             expressions: _col0 (type: bigint)
             outputColumnNames: _col0
-            Statistics: Num rows: 1 Data size: 8 Basic stats: COMPLETE Column stats: COMPLETE
+            Statistics: Num rows: 1 Data size: 8 Basic stats: COMPLETE Column stats: NONE
             File Output Operator
               compressed: false
-              Statistics: Num rows: 1 Data size: 8 Basic stats: COMPLETE Column stats: COMPLETE
+              Statistics: Num rows: 1 Data size: 8 Basic stats: COMPLETE Column stats: NONE
               table:
                   input format: org.apache.hadoop.mapred.TextInputFormat
                   output format: org.apache.hadoop.hive.ql.io.HiveIgnoreKeyTextOutputFormat
diff --git a/ql/src/test/results/clientpositive/groupby_sort_11.q.out b/ql/src/test/results/clientpositive/groupby_sort_11.q.out
index 0f809bcab6..a175852339 100644
--- a/ql/src/test/results/clientpositive/groupby_sort_11.q.out
+++ b/ql/src/test/results/clientpositive/groupby_sort_11.q.out
@@ -388,32 +388,32 @@ STAGE PLANS:
       Map Operator Tree:
           TableScan
             alias: t1
-            Statistics: Num rows: 10 Data size: 70 Basic stats: COMPLETE Column stats: COMPLETE
+            Statistics: Num rows: 10 Data size: 70 Basic stats: COMPLETE Column stats: NONE
             Select Operator
-              Statistics: Num rows: 10 Data size: 70 Basic stats: COMPLETE Column stats: COMPLETE
+              Statistics: Num rows: 10 Data size: 70 Basic stats: COMPLETE Column stats: NONE
               Group By Operator
                 aggregations: count(DISTINCT 1)
                 keys: 1 (type: int)
                 mode: hash
                 outputColumnNames: _col0, _col1
-                Statistics: Num rows: 1 Data size: 12 Basic stats: COMPLETE Column stats: COMPLETE
+                Statistics: Num rows: 10 Data size: 70 Basic stats: COMPLETE Column stats: NONE
                 Reduce Output Operator
                   key expressions: _col0 (type: int)
                   sort order: +
-                  Statistics: Num rows: 1 Data size: 12 Basic stats: COMPLETE Column stats: COMPLETE
+                  Statistics: Num rows: 10 Data size: 70 Basic stats: COMPLETE Column stats: NONE
       Reduce Operator Tree:
         Group By Operator
           aggregations: count(DISTINCT KEY._col0:0._col0)
           mode: mergepartial
           outputColumnNames: _col0
-          Statistics: Num rows: 1 Data size: 8 Basic stats: COMPLETE Column stats: COMPLETE
+          Statistics: Num rows: 1 Data size: 16 Basic stats: COMPLETE Column stats: NONE
           Select Operator
             expressions: _col0 (type: bigint)
             outputColumnNames: _col0
-            Statistics: Num rows: 1 Data size: 8 Basic stats: COMPLETE Column stats: COMPLETE
+            Statistics: Num rows: 1 Data size: 16 Basic stats: COMPLETE Column stats: NONE
             File Output Operator
               compressed: false
-              Statistics: Num rows: 1 Data size: 8 Basic stats: COMPLETE Column stats: COMPLETE
+              Statistics: Num rows: 1 Data size: 16 Basic stats: COMPLETE Column stats: NONE
               table:
                   input format: org.apache.hadoop.mapred.TextInputFormat
                   output format: org.apache.hadoop.hive.ql.io.HiveIgnoreKeyTextOutputFormat
diff --git a/ql/src/test/results/clientpositive/input24.q.out b/ql/src/test/results/clientpositive/input24.q.out
index 4e20be66f4..75689b388e 100644
--- a/ql/src/test/results/clientpositive/input24.q.out
+++ b/ql/src/test/results/clientpositive/input24.q.out
@@ -29,31 +29,31 @@ STAGE PLANS:
       Map Operator Tree:
           TableScan
             alias: x
-            Statistics: Num rows: 0 Data size: 0 Basic stats: NONE Column stats: COMPLETE
+            Statistics: Num rows: 0 Data size: 0 Basic stats: NONE Column stats: NONE
             Select Operator
-              Statistics: Num rows: 0 Data size: 0 Basic stats: NONE Column stats: COMPLETE
+              Statistics: Num rows: 0 Data size: 0 Basic stats: NONE Column stats: NONE
               Group By Operator
                 aggregations: count(1)
                 mode: hash
                 outputColumnNames: _col0
-                Statistics: Num rows: 1 Data size: 8 Basic stats: COMPLETE Column stats: COMPLETE
+                Statistics: Num rows: 1 Data size: 8 Basic stats: COMPLETE Column stats: NONE
                 Reduce Output Operator
                   sort order: 
-                  Statistics: Num rows: 1 Data size: 8 Basic stats: COMPLETE Column stats: COMPLETE
+                  Statistics: Num rows: 1 Data size: 8 Basic stats: COMPLETE Column stats: NONE
                   value expressions: _col0 (type: bigint)
       Reduce Operator Tree:
         Group By Operator
           aggregations: count(VALUE._col0)
           mode: mergepartial
           outputColumnNames: _col0
-          Statistics: Num rows: 1 Data size: 8 Basic stats: COMPLETE Column stats: COMPLETE
+          Statistics: Num rows: 1 Data size: 8 Basic stats: COMPLETE Column stats: NONE
           Select Operator
             expressions: _col0 (type: bigint)
             outputColumnNames: _col0
-            Statistics: Num rows: 1 Data size: 8 Basic stats: COMPLETE Column stats: COMPLETE
+            Statistics: Num rows: 1 Data size: 8 Basic stats: COMPLETE Column stats: NONE
             File Output Operator
               compressed: false
-              Statistics: Num rows: 1 Data size: 8 Basic stats: COMPLETE Column stats: COMPLETE
+              Statistics: Num rows: 1 Data size: 8 Basic stats: COMPLETE Column stats: NONE
               table:
                   input format: org.apache.hadoop.mapred.TextInputFormat
                   output format: org.apache.hadoop.hive.ql.io.HiveIgnoreKeyTextOutputFormat
diff --git a/ql/src/test/results/clientpositive/limit_partition_metadataonly.q.out b/ql/src/test/results/clientpositive/limit_partition_metadataonly.q.out
index 96f4835664..354d440997 100644
--- a/ql/src/test/results/clientpositive/limit_partition_metadataonly.q.out
+++ b/ql/src/test/results/clientpositive/limit_partition_metadataonly.q.out
@@ -12,11 +12,11 @@ STAGE PLANS:
       Processor Tree:
         TableScan
           alias: srcpart
-          Statistics: Num rows: 500 Data size: 5312 Basic stats: COMPLETE Column stats: COMPLETE
+          Statistics: Num rows: 500 Data size: 5312 Basic stats: COMPLETE Column stats: NONE
           Select Operator
             expressions: ds (type: string)
             outputColumnNames: _col0
-            Statistics: Num rows: 500 Data size: 92000 Basic stats: COMPLETE Column stats: COMPLETE
+            Statistics: Num rows: 500 Data size: 5312 Basic stats: COMPLETE Column stats: NONE
             ListSink
 
 PREHOOK: query: select ds from srcpart where hr=11 and ds='2008-04-08'
@@ -543,34 +543,34 @@ STAGE PLANS:
       Map Operator Tree:
           TableScan
             alias: srcpart
-            Statistics: Num rows: 2000 Data size: 21248 Basic stats: COMPLETE Column stats: COMPLETE
+            Statistics: Num rows: 2000 Data size: 21248 Basic stats: COMPLETE Column stats: NONE
             Select Operator
               expressions: hr (type: string)
               outputColumnNames: hr
-              Statistics: Num rows: 2000 Data size: 21248 Basic stats: COMPLETE Column stats: COMPLETE
+              Statistics: Num rows: 2000 Data size: 21248 Basic stats: COMPLETE Column stats: NONE
               Group By Operator
                 keys: hr (type: string)
                 mode: hash
                 outputColumnNames: _col0
-                Statistics: Num rows: 1000 Data size: 184000 Basic stats: COMPLETE Column stats: COMPLETE
+                Statistics: Num rows: 2000 Data size: 21248 Basic stats: COMPLETE Column stats: NONE
                 Reduce Output Operator
                   key expressions: _col0 (type: string)
                   sort order: +
                   Map-reduce partition columns: _col0 (type: string)
-                  Statistics: Num rows: 1000 Data size: 184000 Basic stats: COMPLETE Column stats: COMPLETE
+                  Statistics: Num rows: 2000 Data size: 21248 Basic stats: COMPLETE Column stats: NONE
       Reduce Operator Tree:
         Group By Operator
           keys: KEY._col0 (type: string)
           mode: mergepartial
           outputColumnNames: _col0
-          Statistics: Num rows: 1000 Data size: 184000 Basic stats: COMPLETE Column stats: COMPLETE
+          Statistics: Num rows: 1000 Data size: 10624 Basic stats: COMPLETE Column stats: NONE
           Select Operator
             expressions: _col0 (type: string)
             outputColumnNames: _col0
-            Statistics: Num rows: 1000 Data size: 184000 Basic stats: COMPLETE Column stats: COMPLETE
+            Statistics: Num rows: 1000 Data size: 10624 Basic stats: COMPLETE Column stats: NONE
             File Output Operator
               compressed: false
-              Statistics: Num rows: 1000 Data size: 184000 Basic stats: COMPLETE Column stats: COMPLETE
+              Statistics: Num rows: 1000 Data size: 10624 Basic stats: COMPLETE Column stats: NONE
               table:
                   input format: org.apache.hadoop.mapred.TextInputFormat
                   output format: org.apache.hadoop.hive.ql.io.HiveIgnoreKeyTextOutputFormat
diff --git a/ql/src/test/results/clientpositive/list_bucket_query_multiskew_3.q.out b/ql/src/test/results/clientpositive/list_bucket_query_multiskew_3.q.out
index b8fe43075b..0e4741791a 100644
--- a/ql/src/test/results/clientpositive/list_bucket_query_multiskew_3.q.out
+++ b/ql/src/test/results/clientpositive/list_bucket_query_multiskew_3.q.out
@@ -424,18 +424,18 @@ STAGE PLANS:
       Map Operator Tree:
           TableScan
             alias: fact_daily
-            Statistics: Num rows: 500 Data size: 5312 Basic stats: COMPLETE Column stats: COMPLETE
+            Statistics: Num rows: 500 Data size: 5312 Basic stats: COMPLETE Column stats: NONE
             GatherStats: false
             Select Operator
-              Statistics: Num rows: 500 Data size: 5312 Basic stats: COMPLETE Column stats: COMPLETE
+              Statistics: Num rows: 500 Data size: 5312 Basic stats: COMPLETE Column stats: NONE
               Group By Operator
                 aggregations: count()
                 mode: hash
                 outputColumnNames: _col0
-                Statistics: Num rows: 1 Data size: 8 Basic stats: COMPLETE Column stats: COMPLETE
+                Statistics: Num rows: 1 Data size: 8 Basic stats: COMPLETE Column stats: NONE
                 Reduce Output Operator
                   sort order: 
-                  Statistics: Num rows: 1 Data size: 8 Basic stats: COMPLETE Column stats: COMPLETE
+                  Statistics: Num rows: 1 Data size: 8 Basic stats: COMPLETE Column stats: NONE
                   tag: -1
                   value expressions: _col0 (type: bigint)
                   auto parallelism: false
@@ -496,17 +496,17 @@ STAGE PLANS:
           aggregations: count(VALUE._col0)
           mode: mergepartial
           outputColumnNames: _col0
-          Statistics: Num rows: 1 Data size: 8 Basic stats: COMPLETE Column stats: COMPLETE
+          Statistics: Num rows: 1 Data size: 8 Basic stats: COMPLETE Column stats: NONE
           Select Operator
             expressions: _col0 (type: bigint)
             outputColumnNames: _col0
-            Statistics: Num rows: 1 Data size: 8 Basic stats: COMPLETE Column stats: COMPLETE
+            Statistics: Num rows: 1 Data size: 8 Basic stats: COMPLETE Column stats: NONE
             File Output Operator
               compressed: false
               GlobalTableId: 0
 #### A masked pattern was here ####
               NumFilesPerFileSink: 1
-              Statistics: Num rows: 1 Data size: 8 Basic stats: COMPLETE Column stats: COMPLETE
+              Statistics: Num rows: 1 Data size: 8 Basic stats: COMPLETE Column stats: NONE
 #### A masked pattern was here ####
               table:
                   input format: org.apache.hadoop.mapred.TextInputFormat
diff --git a/ql/src/test/results/clientpositive/metadataonly1.q.out b/ql/src/test/results/clientpositive/metadataonly1.q.out
index b90cb98248..a7dc080b5f 100644
--- a/ql/src/test/results/clientpositive/metadataonly1.q.out
+++ b/ql/src/test/results/clientpositive/metadataonly1.q.out
@@ -42,17 +42,17 @@ STAGE PLANS:
           aggregations: max(VALUE._col0)
           mode: mergepartial
           outputColumnNames: _col0
-          Statistics: Num rows: 1 Data size: 84 Basic stats: COMPLETE Column stats: COMPLETE
+          Statistics: Num rows: 1 Data size: 84 Basic stats: COMPLETE Column stats: NONE
           Select Operator
             expressions: _col0 (type: string)
             outputColumnNames: _col0
-            Statistics: Num rows: 1 Data size: 84 Basic stats: COMPLETE Column stats: COMPLETE
+            Statistics: Num rows: 1 Data size: 84 Basic stats: COMPLETE Column stats: NONE
             File Output Operator
               compressed: false
               GlobalTableId: 0
 #### A masked pattern was here ####
               NumFilesPerFileSink: 1
-              Statistics: Num rows: 1 Data size: 84 Basic stats: COMPLETE Column stats: COMPLETE
+              Statistics: Num rows: 1 Data size: 84 Basic stats: COMPLETE Column stats: NONE
 #### A masked pattern was here ####
               table:
                   input format: org.apache.hadoop.mapred.TextInputFormat
@@ -124,20 +124,20 @@ STAGE PLANS:
       Map Operator Tree:
           TableScan
             alias: test1
-            Statistics: Num rows: 0 Data size: 0 Basic stats: NONE Column stats: COMPLETE
+            Statistics: Num rows: 0 Data size: 0 Basic stats: NONE Column stats: NONE
             GatherStats: false
             Select Operator
               expressions: ds (type: string)
               outputColumnNames: ds
-              Statistics: Num rows: 0 Data size: 0 Basic stats: NONE Column stats: COMPLETE
+              Statistics: Num rows: 0 Data size: 0 Basic stats: NONE Column stats: NONE
               Group By Operator
                 aggregations: max(ds)
                 mode: hash
                 outputColumnNames: _col0
-                Statistics: Num rows: 1 Data size: 84 Basic stats: COMPLETE Column stats: COMPLETE
+                Statistics: Num rows: 1 Data size: 84 Basic stats: COMPLETE Column stats: NONE
                 Reduce Output Operator
                   sort order: 
-                  Statistics: Num rows: 1 Data size: 84 Basic stats: COMPLETE Column stats: COMPLETE
+                  Statistics: Num rows: 1 Data size: 84 Basic stats: COMPLETE Column stats: NONE
                   tag: -1
                   value expressions: _col0 (type: string)
                   auto parallelism: false
@@ -192,17 +192,17 @@ STAGE PLANS:
           aggregations: max(VALUE._col0)
           mode: mergepartial
           outputColumnNames: _col0
-          Statistics: Num rows: 1 Data size: 84 Basic stats: COMPLETE Column stats: COMPLETE
+          Statistics: Num rows: 1 Data size: 84 Basic stats: COMPLETE Column stats: NONE
           Select Operator
             expressions: _col0 (type: string)
             outputColumnNames: _col0
-            Statistics: Num rows: 1 Data size: 84 Basic stats: COMPLETE Column stats: COMPLETE
+            Statistics: Num rows: 1 Data size: 84 Basic stats: COMPLETE Column stats: NONE
             File Output Operator
               compressed: false
               GlobalTableId: 0
 #### A masked pattern was here ####
               NumFilesPerFileSink: 1
-              Statistics: Num rows: 1 Data size: 84 Basic stats: COMPLETE Column stats: COMPLETE
+              Statistics: Num rows: 1 Data size: 84 Basic stats: COMPLETE Column stats: NONE
 #### A masked pattern was here ####
               table:
                   input format: org.apache.hadoop.mapred.TextInputFormat
@@ -269,22 +269,22 @@ STAGE PLANS:
       Map Operator Tree:
           TableScan
             alias: test1
-            Statistics: Num rows: 0 Data size: 0 Basic stats: NONE Column stats: COMPLETE
+            Statistics: Num rows: 0 Data size: 0 Basic stats: NONE Column stats: NONE
             GatherStats: false
             Select Operator
               expressions: ds (type: string)
               outputColumnNames: ds
-              Statistics: Num rows: 0 Data size: 0 Basic stats: NONE Column stats: COMPLETE
+              Statistics: Num rows: 0 Data size: 0 Basic stats: NONE Column stats: NONE
               Group By Operator
                 aggregations: count(DISTINCT ds)
                 keys: ds (type: string)
                 mode: hash
                 outputColumnNames: _col0, _col1
-                Statistics: Num rows: 0 Data size: 0 Basic stats: NONE Column stats: COMPLETE
+                Statistics: Num rows: 0 Data size: 0 Basic stats: NONE Column stats: NONE
                 Reduce Output Operator
                   key expressions: _col0 (type: string)
                   sort order: +
-                  Statistics: Num rows: 0 Data size: 0 Basic stats: NONE Column stats: COMPLETE
+                  Statistics: Num rows: 0 Data size: 0 Basic stats: NONE Column stats: NONE
                   tag: -1
                   auto parallelism: false
       Path -> Alias:
@@ -338,17 +338,17 @@ STAGE PLANS:
           aggregations: count(DISTINCT KEY._col0:0._col0)
           mode: mergepartial
           outputColumnNames: _col0
-          Statistics: Num rows: 1 Data size: 16 Basic stats: COMPLETE Column stats: COMPLETE
+          Statistics: Num rows: 1 Data size: 16 Basic stats: COMPLETE Column stats: NONE
           Select Operator
             expressions: _col0 (type: bigint)
             outputColumnNames: _col0
-            Statistics: Num rows: 1 Data size: 8 Basic stats: COMPLETE Column stats: COMPLETE
+            Statistics: Num rows: 1 Data size: 16 Basic stats: COMPLETE Column stats: NONE
             File Output Operator
               compressed: false
               GlobalTableId: 0
 #### A masked pattern was here ####
               NumFilesPerFileSink: 1
-              Statistics: Num rows: 1 Data size: 8 Basic stats: COMPLETE Column stats: COMPLETE
+              Statistics: Num rows: 1 Data size: 16 Basic stats: COMPLETE Column stats: NONE
 #### A masked pattern was here ####
               table:
                   input format: org.apache.hadoop.mapred.TextInputFormat
@@ -415,20 +415,20 @@ STAGE PLANS:
       Map Operator Tree:
           TableScan
             alias: test1
-            Statistics: Num rows: 0 Data size: 0 Basic stats: NONE Column stats: COMPLETE
+            Statistics: Num rows: 0 Data size: 0 Basic stats: NONE Column stats: NONE
             GatherStats: false
             Select Operator
               expressions: ds (type: string)
               outputColumnNames: ds
-              Statistics: Num rows: 0 Data size: 0 Basic stats: NONE Column stats: COMPLETE
+              Statistics: Num rows: 0 Data size: 0 Basic stats: NONE Column stats: NONE
               Group By Operator
                 aggregations: count(ds)
                 mode: hash
                 outputColumnNames: _col0
-                Statistics: Num rows: 1 Data size: 8 Basic stats: COMPLETE Column stats: COMPLETE
+                Statistics: Num rows: 1 Data size: 8 Basic stats: COMPLETE Column stats: NONE
                 Reduce Output Operator
                   sort order: 
-                  Statistics: Num rows: 1 Data size: 8 Basic stats: COMPLETE Column stats: COMPLETE
+                  Statistics: Num rows: 1 Data size: 8 Basic stats: COMPLETE Column stats: NONE
                   tag: -1
                   value expressions: _col0 (type: bigint)
                   auto parallelism: false
@@ -483,17 +483,17 @@ STAGE PLANS:
           aggregations: count(VALUE._col0)
           mode: mergepartial
           outputColumnNames: _col0
-          Statistics: Num rows: 1 Data size: 8 Basic stats: COMPLETE Column stats: COMPLETE
+          Statistics: Num rows: 1 Data size: 8 Basic stats: COMPLETE Column stats: NONE
           Select Operator
             expressions: _col0 (type: bigint)
             outputColumnNames: _col0
-            Statistics: Num rows: 1 Data size: 8 Basic stats: COMPLETE Column stats: COMPLETE
+            Statistics: Num rows: 1 Data size: 8 Basic stats: COMPLETE Column stats: NONE
             File Output Operator
               compressed: false
               GlobalTableId: 0
 #### A masked pattern was here ####
               NumFilesPerFileSink: 1
-              Statistics: Num rows: 1 Data size: 8 Basic stats: COMPLETE Column stats: COMPLETE
+              Statistics: Num rows: 1 Data size: 8 Basic stats: COMPLETE Column stats: NONE
 #### A masked pattern was here ####
               table:
                   input format: org.apache.hadoop.mapred.TextInputFormat
@@ -598,20 +598,20 @@ STAGE PLANS:
       Map Operator Tree:
           TableScan
             alias: test1
-            Statistics: Num rows: 0 Data size: 0 Basic stats: NONE Column stats: COMPLETE
+            Statistics: Num rows: 0 Data size: 0 Basic stats: NONE Column stats: NONE
             GatherStats: false
             Select Operator
               expressions: ds (type: string)
               outputColumnNames: ds
-              Statistics: Num rows: 0 Data size: 0 Basic stats: NONE Column stats: COMPLETE
+              Statistics: Num rows: 0 Data size: 0 Basic stats: NONE Column stats: NONE
               Group By Operator
                 aggregations: max(ds)
                 mode: hash
                 outputColumnNames: _col0
-                Statistics: Num rows: 1 Data size: 84 Basic stats: COMPLETE Column stats: COMPLETE
+                Statistics: Num rows: 1 Data size: 84 Basic stats: COMPLETE Column stats: NONE
                 Reduce Output Operator
                   sort order: 
-                  Statistics: Num rows: 1 Data size: 84 Basic stats: COMPLETE Column stats: COMPLETE
+                  Statistics: Num rows: 1 Data size: 84 Basic stats: COMPLETE Column stats: NONE
                   tag: -1
                   value expressions: _col0 (type: string)
                   auto parallelism: false
@@ -708,15 +708,15 @@ STAGE PLANS:
           aggregations: max(VALUE._col0)
           mode: mergepartial
           outputColumnNames: _col0
-          Statistics: Num rows: 1 Data size: 84 Basic stats: COMPLETE Column stats: COMPLETE
+          Statistics: Num rows: 1 Data size: 84 Basic stats: COMPLETE Column stats: NONE
           Filter Operator
             isSamplingPred: false
             predicate: _col0 is not null (type: boolean)
-            Statistics: Num rows: 1 Data size: 84 Basic stats: COMPLETE Column stats: COMPLETE
+            Statistics: Num rows: 1 Data size: 84 Basic stats: COMPLETE Column stats: NONE
             Select Operator
               expressions: _col0 (type: string)
               outputColumnNames: _col0
-              Statistics: Num rows: 1 Data size: 84 Basic stats: COMPLETE Column stats: COMPLETE
+              Statistics: Num rows: 1 Data size: 84 Basic stats: COMPLETE Column stats: NONE
               File Output Operator
                 compressed: false
                 GlobalTableId: 0
@@ -744,18 +744,18 @@ STAGE PLANS:
               key expressions: _col0 (type: string)
               sort order: +
               Map-reduce partition columns: _col0 (type: string)
-              Statistics: Num rows: 1 Data size: 84 Basic stats: COMPLETE Column stats: COMPLETE
+              Statistics: Num rows: 1 Data size: 84 Basic stats: COMPLETE Column stats: NONE
               tag: 1
               auto parallelism: false
           TableScan
             alias: a2
-            Statistics: Num rows: 0 Data size: 0 Basic stats: NONE Column stats: COMPLETE
+            Statistics: Num rows: 0 Data size: 0 Basic stats: NONE Column stats: NONE
             GatherStats: false
             Reduce Output Operator
               key expressions: ds (type: string)
               sort order: +
               Map-reduce partition columns: ds (type: string)
-              Statistics: Num rows: 0 Data size: 0 Basic stats: NONE Column stats: COMPLETE
+              Statistics: Num rows: 0 Data size: 0 Basic stats: NONE Column stats: NONE
               tag: 0
               auto parallelism: false
       Path -> Alias:
@@ -1055,23 +1055,23 @@ STAGE PLANS:
       Map Operator Tree:
           TableScan
             alias: test2
-            Statistics: Num rows: 0 Data size: 0 Basic stats: NONE Column stats: COMPLETE
+            Statistics: Num rows: 0 Data size: 0 Basic stats: NONE Column stats: NONE
             GatherStats: false
             Select Operator
               expressions: ds (type: string), hr (type: string)
               outputColumnNames: ds, hr
-              Statistics: Num rows: 0 Data size: 0 Basic stats: NONE Column stats: COMPLETE
+              Statistics: Num rows: 0 Data size: 0 Basic stats: NONE Column stats: NONE
               Group By Operator
                 aggregations: count(DISTINCT hr)
                 keys: ds (type: string), hr (type: string)
                 mode: hash
                 outputColumnNames: _col0, _col1, _col2
-                Statistics: Num rows: 0 Data size: 0 Basic stats: NONE Column stats: COMPLETE
+                Statistics: Num rows: 0 Data size: 0 Basic stats: NONE Column stats: NONE
                 Reduce Output Operator
                   key expressions: _col0 (type: string), _col1 (type: string)
                   sort order: ++
                   Map-reduce partition columns: _col0 (type: string)
-                  Statistics: Num rows: 0 Data size: 0 Basic stats: NONE Column stats: COMPLETE
+                  Statistics: Num rows: 0 Data size: 0 Basic stats: NONE Column stats: NONE
                   tag: -1
                   auto parallelism: false
       Path -> Alias:
@@ -1213,17 +1213,17 @@ STAGE PLANS:
           keys: KEY._col0 (type: string)
           mode: mergepartial
           outputColumnNames: _col0, _col1
-          Statistics: Num rows: 0 Data size: 0 Basic stats: NONE Column stats: COMPLETE
+          Statistics: Num rows: 0 Data size: 0 Basic stats: NONE Column stats: NONE
           Select Operator
             expressions: _col0 (type: string), _col1 (type: bigint)
             outputColumnNames: _col0, _col1
-            Statistics: Num rows: 0 Data size: 0 Basic stats: NONE Column stats: COMPLETE
+            Statistics: Num rows: 0 Data size: 0 Basic stats: NONE Column stats: NONE
             File Output Operator
               compressed: false
               GlobalTableId: 0
 #### A masked pattern was here ####
               NumFilesPerFileSink: 1
-              Statistics: Num rows: 0 Data size: 0 Basic stats: NONE Column stats: COMPLETE
+              Statistics: Num rows: 0 Data size: 0 Basic stats: NONE Column stats: NONE
 #### A masked pattern was here ####
               table:
                   input format: org.apache.hadoop.mapred.TextInputFormat
@@ -1300,23 +1300,23 @@ STAGE PLANS:
       Map Operator Tree:
           TableScan
             alias: test2
-            Statistics: Num rows: 0 Data size: 0 Basic stats: NONE Column stats: COMPLETE
+            Statistics: Num rows: 0 Data size: 0 Basic stats: NONE Column stats: NONE
             GatherStats: false
             Select Operator
               expressions: ds (type: string), hr (type: string)
               outputColumnNames: ds, hr
-              Statistics: Num rows: 0 Data size: 0 Basic stats: NONE Column stats: COMPLETE
+              Statistics: Num rows: 0 Data size: 0 Basic stats: NONE Column stats: NONE
               Group By Operator
                 aggregations: count(hr)
                 keys: ds (type: string)
                 mode: hash
                 outputColumnNames: _col0, _col1
-                Statistics: Num rows: 0 Data size: 0 Basic stats: NONE Column stats: COMPLETE
+                Statistics: Num rows: 0 Data size: 0 Basic stats: NONE Column stats: NONE
                 Reduce Output Operator
                   key expressions: _col0 (type: string)
                   sort order: +
                   Map-reduce partition columns: _col0 (type: string)
-                  Statistics: Num rows: 0 Data size: 0 Basic stats: NONE Column stats: COMPLETE
+                  Statistics: Num rows: 0 Data size: 0 Basic stats: NONE Column stats: NONE
                   tag: -1
                   value expressions: _col1 (type: bigint)
                   auto parallelism: false
@@ -1457,17 +1457,17 @@ STAGE PLANS:
           keys: KEY._col0 (type: string)
           mode: mergepartial
           outputColumnNames: _col0, _col1
-          Statistics: Num rows: 0 Data size: 0 Basic stats: NONE Column stats: COMPLETE
+          Statistics: Num rows: 0 Data size: 0 Basic stats: NONE Column stats: NONE
           Select Operator
             expressions: _col0 (type: string), _col1 (type: bigint)
             outputColumnNames: _col0, _col1
-            Statistics: Num rows: 0 Data size: 0 Basic stats: NONE Column stats: COMPLETE
+            Statistics: Num rows: 0 Data size: 0 Basic stats: NONE Column stats: NONE
             File Output Operator
               compressed: false
               GlobalTableId: 0
 #### A masked pattern was here ####
               NumFilesPerFileSink: 1
-              Statistics: Num rows: 0 Data size: 0 Basic stats: NONE Column stats: COMPLETE
+              Statistics: Num rows: 0 Data size: 0 Basic stats: NONE Column stats: NONE
 #### A masked pattern was here ####
               table:
                   input format: org.apache.hadoop.mapred.TextInputFormat
@@ -1537,20 +1537,20 @@ STAGE PLANS:
       Map Operator Tree:
           TableScan
             alias: test1
-            Statistics: Num rows: 0 Data size: 0 Basic stats: NONE Column stats: COMPLETE
+            Statistics: Num rows: 0 Data size: 0 Basic stats: NONE Column stats: NONE
             GatherStats: false
             Select Operator
               expressions: ds (type: string)
               outputColumnNames: ds
-              Statistics: Num rows: 0 Data size: 0 Basic stats: NONE Column stats: COMPLETE
+              Statistics: Num rows: 0 Data size: 0 Basic stats: NONE Column stats: NONE
               Group By Operator
                 aggregations: max(ds)
                 mode: hash
                 outputColumnNames: _col0
-                Statistics: Num rows: 1 Data size: 84 Basic stats: COMPLETE Column stats: COMPLETE
+                Statistics: Num rows: 1 Data size: 84 Basic stats: COMPLETE Column stats: NONE
                 Reduce Output Operator
                   sort order: 
-                  Statistics: Num rows: 1 Data size: 84 Basic stats: COMPLETE Column stats: COMPLETE
+                  Statistics: Num rows: 1 Data size: 84 Basic stats: COMPLETE Column stats: NONE
                   tag: -1
                   value expressions: _col0 (type: string)
                   auto parallelism: false
@@ -1647,17 +1647,17 @@ STAGE PLANS:
           aggregations: max(VALUE._col0)
           mode: mergepartial
           outputColumnNames: _col0
-          Statistics: Num rows: 1 Data size: 84 Basic stats: COMPLETE Column stats: COMPLETE
+          Statistics: Num rows: 1 Data size: 84 Basic stats: COMPLETE Column stats: NONE
           Select Operator
             expressions: _col0 (type: string)
             outputColumnNames: _col0
-            Statistics: Num rows: 1 Data size: 84 Basic stats: COMPLETE Column stats: COMPLETE
+            Statistics: Num rows: 1 Data size: 84 Basic stats: COMPLETE Column stats: NONE
             File Output Operator
               compressed: false
               GlobalTableId: 0
 #### A masked pattern was here ####
               NumFilesPerFileSink: 1
-              Statistics: Num rows: 1 Data size: 84 Basic stats: COMPLETE Column stats: COMPLETE
+              Statistics: Num rows: 1 Data size: 84 Basic stats: COMPLETE Column stats: NONE
 #### A masked pattern was here ####
               table:
                   input format: org.apache.hadoop.mapred.TextInputFormat
@@ -1783,23 +1783,23 @@ STAGE PLANS:
       Map Operator Tree:
           TableScan
             alias: test2
-            Statistics: Num rows: 0 Data size: 0 Basic stats: NONE Column stats: COMPLETE
+            Statistics: Num rows: 0 Data size: 0 Basic stats: NONE Column stats: NONE
             GatherStats: false
             Select Operator
               expressions: ds (type: string), hr (type: string)
               outputColumnNames: ds, hr
-              Statistics: Num rows: 0 Data size: 0 Basic stats: NONE Column stats: COMPLETE
+              Statistics: Num rows: 0 Data size: 0 Basic stats: NONE Column stats: NONE
               Group By Operator
                 aggregations: count(DISTINCT hr)
                 keys: ds (type: string), hr (type: string)
                 mode: hash
                 outputColumnNames: _col0, _col1, _col2
-                Statistics: Num rows: 0 Data size: 0 Basic stats: NONE Column stats: COMPLETE
+                Statistics: Num rows: 0 Data size: 0 Basic stats: NONE Column stats: NONE
                 Reduce Output Operator
                   key expressions: _col0 (type: string), _col1 (type: string)
                   sort order: ++
                   Map-reduce partition columns: _col0 (type: string)
-                  Statistics: Num rows: 0 Data size: 0 Basic stats: NONE Column stats: COMPLETE
+                  Statistics: Num rows: 0 Data size: 0 Basic stats: NONE Column stats: NONE
                   tag: -1
                   auto parallelism: false
       Path -> Alias:
@@ -2027,17 +2027,17 @@ STAGE PLANS:
           keys: KEY._col0 (type: string)
           mode: mergepartial
           outputColumnNames: _col0, _col1
-          Statistics: Num rows: 0 Data size: 0 Basic stats: NONE Column stats: COMPLETE
+          Statistics: Num rows: 0 Data size: 0 Basic stats: NONE Column stats: NONE
           Select Operator
             expressions: _col0 (type: string), _col1 (type: bigint)
             outputColumnNames: _col0, _col1
-            Statistics: Num rows: 0 Data size: 0 Basic stats: NONE Column stats: COMPLETE
+            Statistics: Num rows: 0 Data size: 0 Basic stats: NONE Column stats: NONE
             File Output Operator
               compressed: false
               GlobalTableId: 0
 #### A masked pattern was here ####
               NumFilesPerFileSink: 1
-              Statistics: Num rows: 0 Data size: 0 Basic stats: NONE Column stats: COMPLETE
+              Statistics: Num rows: 0 Data size: 0 Basic stats: NONE Column stats: NONE
 #### A masked pattern was here ####
               table:
                   input format: org.apache.hadoop.mapred.TextInputFormat
diff --git a/ql/src/test/results/clientpositive/nullgroup3.q.out b/ql/src/test/results/clientpositive/nullgroup3.q.out
index 81252e4f14..54657a83a7 100644
--- a/ql/src/test/results/clientpositive/nullgroup3.q.out
+++ b/ql/src/test/results/clientpositive/nullgroup3.q.out
@@ -40,31 +40,31 @@ STAGE PLANS:
       Map Operator Tree:
           TableScan
             alias: tstparttbl
-            Statistics: Num rows: 0 Data size: 5812 Basic stats: PARTIAL Column stats: COMPLETE
+            Statistics: Num rows: 0 Data size: 5812 Basic stats: PARTIAL Column stats: NONE
             Select Operator
-              Statistics: Num rows: 0 Data size: 5812 Basic stats: PARTIAL Column stats: COMPLETE
+              Statistics: Num rows: 0 Data size: 5812 Basic stats: PARTIAL Column stats: NONE
               Group By Operator
                 aggregations: count(1)
                 mode: hash
                 outputColumnNames: _col0
-                Statistics: Num rows: 1 Data size: 8 Basic stats: COMPLETE Column stats: COMPLETE
+                Statistics: Num rows: 1 Data size: 8 Basic stats: COMPLETE Column stats: NONE
                 Reduce Output Operator
                   sort order: 
-                  Statistics: Num rows: 1 Data size: 8 Basic stats: COMPLETE Column stats: COMPLETE
+                  Statistics: Num rows: 1 Data size: 8 Basic stats: COMPLETE Column stats: NONE
                   value expressions: _col0 (type: bigint)
       Reduce Operator Tree:
         Group By Operator
           aggregations: count(VALUE._col0)
           mode: mergepartial
           outputColumnNames: _col0
-          Statistics: Num rows: 1 Data size: 8 Basic stats: COMPLETE Column stats: COMPLETE
+          Statistics: Num rows: 1 Data size: 8 Basic stats: COMPLETE Column stats: NONE
           Select Operator
             expressions: _col0 (type: bigint)
             outputColumnNames: _col0
-            Statistics: Num rows: 1 Data size: 8 Basic stats: COMPLETE Column stats: COMPLETE
+            Statistics: Num rows: 1 Data size: 8 Basic stats: COMPLETE Column stats: NONE
             File Output Operator
               compressed: false
-              Statistics: Num rows: 1 Data size: 8 Basic stats: COMPLETE Column stats: COMPLETE
+              Statistics: Num rows: 1 Data size: 8 Basic stats: COMPLETE Column stats: NONE
               table:
                   input format: org.apache.hadoop.mapred.TextInputFormat
                   output format: org.apache.hadoop.hive.ql.io.HiveIgnoreKeyTextOutputFormat
@@ -131,31 +131,31 @@ STAGE PLANS:
       Map Operator Tree:
           TableScan
             alias: tstparttbl2
-            Statistics: Num rows: 0 Data size: 0 Basic stats: NONE Column stats: COMPLETE
+            Statistics: Num rows: 0 Data size: 0 Basic stats: NONE Column stats: NONE
             Select Operator
-              Statistics: Num rows: 0 Data size: 0 Basic stats: NONE Column stats: COMPLETE
+              Statistics: Num rows: 0 Data size: 0 Basic stats: NONE Column stats: NONE
               Group By Operator
                 aggregations: count(1)
                 mode: hash
                 outputColumnNames: _col0
-                Statistics: Num rows: 1 Data size: 8 Basic stats: COMPLETE Column stats: COMPLETE
+                Statistics: Num rows: 1 Data size: 8 Basic stats: COMPLETE Column stats: NONE
                 Reduce Output Operator
                   sort order: 
-                  Statistics: Num rows: 1 Data size: 8 Basic stats: COMPLETE Column stats: COMPLETE
+                  Statistics: Num rows: 1 Data size: 8 Basic stats: COMPLETE Column stats: NONE
                   value expressions: _col0 (type: bigint)
       Reduce Operator Tree:
         Group By Operator
           aggregations: count(VALUE._col0)
           mode: mergepartial
           outputColumnNames: _col0
-          Statistics: Num rows: 1 Data size: 8 Basic stats: COMPLETE Column stats: COMPLETE
+          Statistics: Num rows: 1 Data size: 8 Basic stats: COMPLETE Column stats: NONE
           Select Operator
             expressions: _col0 (type: bigint)
             outputColumnNames: _col0
-            Statistics: Num rows: 1 Data size: 8 Basic stats: COMPLETE Column stats: COMPLETE
+            Statistics: Num rows: 1 Data size: 8 Basic stats: COMPLETE Column stats: NONE
             File Output Operator
               compressed: false
-              Statistics: Num rows: 1 Data size: 8 Basic stats: COMPLETE Column stats: COMPLETE
+              Statistics: Num rows: 1 Data size: 8 Basic stats: COMPLETE Column stats: NONE
               table:
                   input format: org.apache.hadoop.mapred.TextInputFormat
                   output format: org.apache.hadoop.hive.ql.io.HiveIgnoreKeyTextOutputFormat
@@ -230,31 +230,31 @@ STAGE PLANS:
       Map Operator Tree:
           TableScan
             alias: tstparttbl
-            Statistics: Num rows: 0 Data size: 5812 Basic stats: PARTIAL Column stats: COMPLETE
+            Statistics: Num rows: 0 Data size: 5812 Basic stats: PARTIAL Column stats: NONE
             Select Operator
-              Statistics: Num rows: 0 Data size: 5812 Basic stats: PARTIAL Column stats: COMPLETE
+              Statistics: Num rows: 0 Data size: 5812 Basic stats: PARTIAL Column stats: NONE
               Group By Operator
                 aggregations: count(1)
                 mode: hash
                 outputColumnNames: _col0
-                Statistics: Num rows: 1 Data size: 8 Basic stats: COMPLETE Column stats: COMPLETE
+                Statistics: Num rows: 1 Data size: 8 Basic stats: COMPLETE Column stats: NONE
                 Reduce Output Operator
                   sort order: 
-                  Statistics: Num rows: 1 Data size: 8 Basic stats: COMPLETE Column stats: COMPLETE
+                  Statistics: Num rows: 1 Data size: 8 Basic stats: COMPLETE Column stats: NONE
                   value expressions: _col0 (type: bigint)
       Reduce Operator Tree:
         Group By Operator
           aggregations: count(VALUE._col0)
           mode: mergepartial
           outputColumnNames: _col0
-          Statistics: Num rows: 1 Data size: 8 Basic stats: COMPLETE Column stats: COMPLETE
+          Statistics: Num rows: 1 Data size: 8 Basic stats: COMPLETE Column stats: NONE
           Select Operator
             expressions: _col0 (type: bigint)
             outputColumnNames: _col0
-            Statistics: Num rows: 1 Data size: 8 Basic stats: COMPLETE Column stats: COMPLETE
+            Statistics: Num rows: 1 Data size: 8 Basic stats: COMPLETE Column stats: NONE
             File Output Operator
               compressed: false
-              Statistics: Num rows: 1 Data size: 8 Basic stats: COMPLETE Column stats: COMPLETE
+              Statistics: Num rows: 1 Data size: 8 Basic stats: COMPLETE Column stats: NONE
               table:
                   input format: org.apache.hadoop.mapred.TextInputFormat
                   output format: org.apache.hadoop.hive.ql.io.HiveIgnoreKeyTextOutputFormat
@@ -329,31 +329,31 @@ STAGE PLANS:
       Map Operator Tree:
           TableScan
             alias: tstparttbl2
-            Statistics: Num rows: 0 Data size: 0 Basic stats: NONE Column stats: COMPLETE
+            Statistics: Num rows: 0 Data size: 0 Basic stats: NONE Column stats: NONE
             Select Operator
-              Statistics: Num rows: 0 Data size: 0 Basic stats: NONE Column stats: COMPLETE
+              Statistics: Num rows: 0 Data size: 0 Basic stats: NONE Column stats: NONE
               Group By Operator
                 aggregations: count(1)
                 mode: hash
                 outputColumnNames: _col0
-                Statistics: Num rows: 1 Data size: 8 Basic stats: COMPLETE Column stats: COMPLETE
+                Statistics: Num rows: 1 Data size: 8 Basic stats: COMPLETE Column stats: NONE
                 Reduce Output Operator
                   sort order: 
-                  Statistics: Num rows: 1 Data size: 8 Basic stats: COMPLETE Column stats: COMPLETE
+                  Statistics: Num rows: 1 Data size: 8 Basic stats: COMPLETE Column stats: NONE
                   value expressions: _col0 (type: bigint)
       Reduce Operator Tree:
         Group By Operator
           aggregations: count(VALUE._col0)
           mode: mergepartial
           outputColumnNames: _col0
-          Statistics: Num rows: 1 Data size: 8 Basic stats: COMPLETE Column stats: COMPLETE
+          Statistics: Num rows: 1 Data size: 8 Basic stats: COMPLETE Column stats: NONE
           Select Operator
             expressions: _col0 (type: bigint)
             outputColumnNames: _col0
-            Statistics: Num rows: 1 Data size: 8 Basic stats: COMPLETE Column stats: COMPLETE
+            Statistics: Num rows: 1 Data size: 8 Basic stats: COMPLETE Column stats: NONE
             File Output Operator
               compressed: false
-              Statistics: Num rows: 1 Data size: 8 Basic stats: COMPLETE Column stats: COMPLETE
+              Statistics: Num rows: 1 Data size: 8 Basic stats: COMPLETE Column stats: NONE
               table:
                   input format: org.apache.hadoop.mapred.TextInputFormat
                   output format: org.apache.hadoop.hive.ql.io.HiveIgnoreKeyTextOutputFormat
diff --git a/ql/src/test/results/clientpositive/ppd_constant_where.q.out b/ql/src/test/results/clientpositive/ppd_constant_where.q.out
index 419c5f7e67..7b6d1a26d3 100644
--- a/ql/src/test/results/clientpositive/ppd_constant_where.q.out
+++ b/ql/src/test/results/clientpositive/ppd_constant_where.q.out
@@ -16,31 +16,31 @@ STAGE PLANS:
       Map Operator Tree:
           TableScan
             alias: srcpart
-            Statistics: Num rows: 1000 Data size: 10624 Basic stats: COMPLETE Column stats: COMPLETE
+            Statistics: Num rows: 1000 Data size: 10624 Basic stats: COMPLETE Column stats: NONE
             Select Operator
-              Statistics: Num rows: 1000 Data size: 10624 Basic stats: COMPLETE Column stats: COMPLETE
+              Statistics: Num rows: 1000 Data size: 10624 Basic stats: COMPLETE Column stats: NONE
               Group By Operator
                 aggregations: count()
                 mode: hash
                 outputColumnNames: _col0
-                Statistics: Num rows: 1 Data size: 8 Basic stats: COMPLETE Column stats: COMPLETE
+                Statistics: Num rows: 1 Data size: 8 Basic stats: COMPLETE Column stats: NONE
                 Reduce Output Operator
                   sort order: 
-                  Statistics: Num rows: 1 Data size: 8 Basic stats: COMPLETE Column stats: COMPLETE
+                  Statistics: Num rows: 1 Data size: 8 Basic stats: COMPLETE Column stats: NONE
                   value expressions: _col0 (type: bigint)
       Reduce Operator Tree:
         Group By Operator
           aggregations: count(VALUE._col0)
           mode: mergepartial
           outputColumnNames: _col0
-          Statistics: Num rows: 1 Data size: 8 Basic stats: COMPLETE Column stats: COMPLETE
+          Statistics: Num rows: 1 Data size: 8 Basic stats: COMPLETE Column stats: NONE
           Select Operator
             expressions: _col0 (type: bigint)
             outputColumnNames: _col0
-            Statistics: Num rows: 1 Data size: 8 Basic stats: COMPLETE Column stats: COMPLETE
+            Statistics: Num rows: 1 Data size: 8 Basic stats: COMPLETE Column stats: NONE
             File Output Operator
               compressed: false
-              Statistics: Num rows: 1 Data size: 8 Basic stats: COMPLETE Column stats: COMPLETE
+              Statistics: Num rows: 1 Data size: 8 Basic stats: COMPLETE Column stats: NONE
               table:
                   input format: org.apache.hadoop.mapred.TextInputFormat
                   output format: org.apache.hadoop.hive.ql.io.HiveIgnoreKeyTextOutputFormat
diff --git a/ql/src/test/results/clientpositive/regex_col.q.out b/ql/src/test/results/clientpositive/regex_col.q.out
index 746a5090b7..c42ba66047 100644
--- a/ql/src/test/results/clientpositive/regex_col.q.out
+++ b/ql/src/test/results/clientpositive/regex_col.q.out
@@ -37,11 +37,11 @@ STAGE PLANS:
       Processor Tree:
         TableScan
           alias: srcpart
-          Statistics: Num rows: 2000 Data size: 21248 Basic stats: COMPLETE Column stats: COMPLETE
+          Statistics: Num rows: 2000 Data size: 21248 Basic stats: COMPLETE Column stats: NONE
           Select Operator
             expressions: ds (type: string), hr (type: string)
             outputColumnNames: _col0, _col1
-            Statistics: Num rows: 2000 Data size: 736000 Basic stats: COMPLETE Column stats: COMPLETE
+            Statistics: Num rows: 2000 Data size: 21248 Basic stats: COMPLETE Column stats: NONE
             ListSink
 
 PREHOOK: query: EXPLAIN
@@ -60,11 +60,11 @@ STAGE PLANS:
       Processor Tree:
         TableScan
           alias: srcpart
-          Statistics: Num rows: 2000 Data size: 21248 Basic stats: COMPLETE Column stats: COMPLETE
+          Statistics: Num rows: 2000 Data size: 21248 Basic stats: COMPLETE Column stats: NONE
           Select Operator
             expressions: ds (type: string), hr (type: string)
             outputColumnNames: _col0, _col1
-            Statistics: Num rows: 2000 Data size: 736000 Basic stats: COMPLETE Column stats: COMPLETE
+            Statistics: Num rows: 2000 Data size: 21248 Basic stats: COMPLETE Column stats: NONE
             ListSink
 
 PREHOOK: query: EXPLAIN
@@ -297,11 +297,11 @@ STAGE PLANS:
       Processor Tree:
         TableScan
           alias: srcpart
-          Statistics: Num rows: 2000 Data size: 21248 Basic stats: COMPLETE Column stats: COMPLETE
+          Statistics: Num rows: 2000 Data size: 21248 Basic stats: COMPLETE Column stats: NONE
           Select Operator
             expressions: ds (type: string)
             outputColumnNames: _col0
-            Statistics: Num rows: 2000 Data size: 368000 Basic stats: COMPLETE Column stats: COMPLETE
+            Statistics: Num rows: 2000 Data size: 21248 Basic stats: COMPLETE Column stats: NONE
             ListSink
 
 PREHOOK: query: EXPLAIN
diff --git a/ql/src/test/results/clientpositive/stats10.q.out b/ql/src/test/results/clientpositive/stats10.q.out
index f5bdba1303..804e1b8a3a 100644
--- a/ql/src/test/results/clientpositive/stats10.q.out
+++ b/ql/src/test/results/clientpositive/stats10.q.out
@@ -373,7 +373,7 @@ STAGE PLANS:
       Map Operator Tree:
           TableScan
             alias: bucket3_1
-            Statistics: Num rows: 1000 Data size: 10624 Basic stats: COMPLETE Column stats: COMPLETE
+            Statistics: Num rows: 1000 Data size: 10624 Basic stats: COMPLETE Column stats: NONE
 
   Stage: Stage-1
     Stats-Aggr Operator
diff --git a/ql/src/test/results/clientpositive/stats12.q.out b/ql/src/test/results/clientpositive/stats12.q.out
index 2588380feb..e888518a7c 100644
--- a/ql/src/test/results/clientpositive/stats12.q.out
+++ b/ql/src/test/results/clientpositive/stats12.q.out
@@ -63,7 +63,7 @@ STAGE PLANS:
       Map Operator Tree:
           TableScan
             alias: analyze_srcpart
-            Statistics: Num rows: 0 Data size: 23248 Basic stats: PARTIAL Column stats: COMPLETE
+            Statistics: Num rows: 0 Data size: 23248 Basic stats: PARTIAL Column stats: NONE
             Statistics Aggregation Key Prefix: default.analyze_srcpart/
             GatherStats: true
       Path -> Alias:
diff --git a/ql/src/test/results/clientpositive/stats13.q.out b/ql/src/test/results/clientpositive/stats13.q.out
index f72e310835..94f954150a 100644
--- a/ql/src/test/results/clientpositive/stats13.q.out
+++ b/ql/src/test/results/clientpositive/stats13.q.out
@@ -64,7 +64,7 @@ STAGE PLANS:
       Map Operator Tree:
           TableScan
             alias: analyze_srcpart
-            Statistics: Num rows: 0 Data size: 23248 Basic stats: PARTIAL Column stats: COMPLETE
+            Statistics: Num rows: 0 Data size: 23248 Basic stats: PARTIAL Column stats: NONE
             Statistics Aggregation Key Prefix: default.analyze_srcpart/
             GatherStats: true
       Path -> Alias:
diff --git a/ql/src/test/results/clientpositive/stats2.q.out b/ql/src/test/results/clientpositive/stats2.q.out
index 63c0ad5034..963f8d4ad8 100644
--- a/ql/src/test/results/clientpositive/stats2.q.out
+++ b/ql/src/test/results/clientpositive/stats2.q.out
@@ -136,7 +136,7 @@ STAGE PLANS:
       Map Operator Tree:
           TableScan
             alias: analyze_t1
-            Statistics: Num rows: 0 Data size: 23248 Basic stats: PARTIAL Column stats: COMPLETE
+            Statistics: Num rows: 0 Data size: 23248 Basic stats: PARTIAL Column stats: NONE
 
   Stage: Stage-1
     Stats-Aggr Operator
diff --git a/ql/src/test/results/clientpositive/stats7.q.out b/ql/src/test/results/clientpositive/stats7.q.out
index 097546b274..1162103f3c 100644
--- a/ql/src/test/results/clientpositive/stats7.q.out
+++ b/ql/src/test/results/clientpositive/stats7.q.out
@@ -47,7 +47,7 @@ STAGE PLANS:
       Map Operator Tree:
           TableScan
             alias: analyze_srcpart
-            Statistics: Num rows: 0 Data size: 23248 Basic stats: PARTIAL Column stats: COMPLETE
+            Statistics: Num rows: 0 Data size: 23248 Basic stats: PARTIAL Column stats: NONE
 
   Stage: Stage-1
     Stats-Aggr Operator
diff --git a/ql/src/test/results/clientpositive/stats8.q.out b/ql/src/test/results/clientpositive/stats8.q.out
index ae5040b214..11b20105ad 100644
--- a/ql/src/test/results/clientpositive/stats8.q.out
+++ b/ql/src/test/results/clientpositive/stats8.q.out
@@ -47,7 +47,7 @@ STAGE PLANS:
       Map Operator Tree:
           TableScan
             alias: analyze_srcpart
-            Statistics: Num rows: 0 Data size: 23248 Basic stats: PARTIAL Column stats: COMPLETE
+            Statistics: Num rows: 0 Data size: 23248 Basic stats: PARTIAL Column stats: NONE
 
   Stage: Stage-1
     Stats-Aggr Operator
@@ -157,7 +157,7 @@ STAGE PLANS:
       Map Operator Tree:
           TableScan
             alias: analyze_srcpart
-            Statistics: Num rows: 500 Data size: 5312 Basic stats: PARTIAL Column stats: COMPLETE
+            Statistics: Num rows: 500 Data size: 5312 Basic stats: PARTIAL Column stats: NONE
 
   Stage: Stage-1
     Stats-Aggr Operator
@@ -230,7 +230,7 @@ STAGE PLANS:
       Map Operator Tree:
           TableScan
             alias: analyze_srcpart
-            Statistics: Num rows: 1000 Data size: 10624 Basic stats: PARTIAL Column stats: COMPLETE
+            Statistics: Num rows: 1000 Data size: 10624 Basic stats: PARTIAL Column stats: NONE
 
   Stage: Stage-1
     Stats-Aggr Operator
@@ -303,7 +303,7 @@ STAGE PLANS:
       Map Operator Tree:
           TableScan
             alias: analyze_srcpart
-            Statistics: Num rows: 1500 Data size: 15936 Basic stats: PARTIAL Column stats: COMPLETE
+            Statistics: Num rows: 1500 Data size: 15936 Basic stats: PARTIAL Column stats: NONE
 
   Stage: Stage-1
     Stats-Aggr Operator
@@ -376,7 +376,7 @@ STAGE PLANS:
       Map Operator Tree:
           TableScan
             alias: analyze_srcpart
-            Statistics: Num rows: 2000 Data size: 21248 Basic stats: COMPLETE Column stats: COMPLETE
+            Statistics: Num rows: 2000 Data size: 21248 Basic stats: COMPLETE Column stats: NONE
 
   Stage: Stage-1
     Stats-Aggr Operator
diff --git a/ql/src/test/results/clientpositive/tez/auto_sortmerge_join_12.q.out b/ql/src/test/results/clientpositive/tez/auto_sortmerge_join_12.q.out
index e8f25d37c2..ce98312131 100644
--- a/ql/src/test/results/clientpositive/tez/auto_sortmerge_join_12.q.out
+++ b/ql/src/test/results/clientpositive/tez/auto_sortmerge_join_12.q.out
@@ -219,11 +219,11 @@ STAGE PLANS:
             Map Operator Tree:
                 TableScan
                   alias: d
-                  Statistics: Num rows: 0 Data size: 170 Basic stats: PARTIAL Column stats: COMPLETE
+                  Statistics: Num rows: 0 Data size: 170 Basic stats: PARTIAL Column stats: NONE
                   GatherStats: false
                   Reduce Output Operator
                     sort order: 
-                    Statistics: Num rows: 0 Data size: 170 Basic stats: PARTIAL Column stats: COMPLETE
+                    Statistics: Num rows: 0 Data size: 170 Basic stats: PARTIAL Column stats: NONE
                     tag: 1
                     auto parallelism: false
             Path -> Alias:
diff --git a/ql/src/test/results/clientpositive/tez/dynamic_partition_pruning.q.out b/ql/src/test/results/clientpositive/tez/dynamic_partition_pruning.q.out
index 4caebd5578..c5effa0e88 100644
--- a/ql/src/test/results/clientpositive/tez/dynamic_partition_pruning.q.out
+++ b/ql/src/test/results/clientpositive/tez/dynamic_partition_pruning.q.out
@@ -56,35 +56,35 @@ STAGE PLANS:
             Map Operator Tree:
                 TableScan
                   alias: srcpart
-                  Statistics: Num rows: 2000 Data size: 21248 Basic stats: COMPLETE Column stats: COMPLETE
+                  Statistics: Num rows: 2000 Data size: 21248 Basic stats: COMPLETE Column stats: NONE
                   Select Operator
                     expressions: ds (type: string)
                     outputColumnNames: ds
-                    Statistics: Num rows: 2000 Data size: 21248 Basic stats: COMPLETE Column stats: COMPLETE
+                    Statistics: Num rows: 2000 Data size: 21248 Basic stats: COMPLETE Column stats: NONE
                     Group By Operator
                       keys: ds (type: string)
                       mode: hash
                       outputColumnNames: _col0
-                      Statistics: Num rows: 1000 Data size: 184000 Basic stats: COMPLETE Column stats: COMPLETE
+                      Statistics: Num rows: 2000 Data size: 21248 Basic stats: COMPLETE Column stats: NONE
                       Reduce Output Operator
                         key expressions: _col0 (type: string)
                         sort order: +
                         Map-reduce partition columns: _col0 (type: string)
-                        Statistics: Num rows: 1000 Data size: 184000 Basic stats: COMPLETE Column stats: COMPLETE
+                        Statistics: Num rows: 2000 Data size: 21248 Basic stats: COMPLETE Column stats: NONE
         Reducer 2 
             Reduce Operator Tree:
               Group By Operator
                 keys: KEY._col0 (type: string)
                 mode: mergepartial
                 outputColumnNames: _col0
-                Statistics: Num rows: 1000 Data size: 184000 Basic stats: COMPLETE Column stats: COMPLETE
+                Statistics: Num rows: 1000 Data size: 10624 Basic stats: COMPLETE Column stats: NONE
                 Select Operator
                   expressions: _col0 (type: string), _col0 (type: string)
                   outputColumnNames: _col0, _col1
-                  Statistics: Num rows: 1000 Data size: 368000 Basic stats: COMPLETE Column stats: COMPLETE
+                  Statistics: Num rows: 1000 Data size: 10624 Basic stats: COMPLETE Column stats: NONE
                   File Output Operator
                     compressed: false
-                    Statistics: Num rows: 1000 Data size: 368000 Basic stats: COMPLETE Column stats: COMPLETE
+                    Statistics: Num rows: 1000 Data size: 10624 Basic stats: COMPLETE Column stats: NONE
                     table:
                         input format: org.apache.hadoop.mapred.TextInputFormat
                         output format: org.apache.hadoop.hive.ql.io.HiveIgnoreKeyTextOutputFormat
@@ -207,12 +207,12 @@ STAGE PLANS:
                 TableScan
                   alias: srcpart
                   filterExpr: ds is not null (type: boolean)
-                  Statistics: Num rows: 2000 Data size: 21248 Basic stats: COMPLETE Column stats: COMPLETE
+                  Statistics: Num rows: 2000 Data size: 21248 Basic stats: COMPLETE Column stats: NONE
                   Reduce Output Operator
                     key expressions: ds (type: string)
                     sort order: +
                     Map-reduce partition columns: ds (type: string)
-                    Statistics: Num rows: 2000 Data size: 21248 Basic stats: COMPLETE Column stats: COMPLETE
+                    Statistics: Num rows: 2000 Data size: 21248 Basic stats: COMPLETE Column stats: NONE
         Map 4 
             Map Operator Tree:
                 TableScan
@@ -327,12 +327,12 @@ STAGE PLANS:
                 TableScan
                   alias: srcpart
                   filterExpr: ds is not null (type: boolean)
-                  Statistics: Num rows: 2000 Data size: 21248 Basic stats: COMPLETE Column stats: COMPLETE
+                  Statistics: Num rows: 2000 Data size: 21248 Basic stats: COMPLETE Column stats: NONE
                   Reduce Output Operator
                     key expressions: ds (type: string)
                     sort order: +
                     Map-reduce partition columns: ds (type: string)
-                    Statistics: Num rows: 2000 Data size: 21248 Basic stats: COMPLETE Column stats: COMPLETE
+                    Statistics: Num rows: 2000 Data size: 21248 Basic stats: COMPLETE Column stats: NONE
         Map 4 
             Map Operator Tree:
                 TableScan
@@ -449,12 +449,12 @@ STAGE PLANS:
             Map Operator Tree:
                 TableScan
                   alias: srcpart
-                  Statistics: Num rows: 2000 Data size: 21248 Basic stats: COMPLETE Column stats: COMPLETE
+                  Statistics: Num rows: 2000 Data size: 21248 Basic stats: COMPLETE Column stats: NONE
                   Reduce Output Operator
                     key expressions: ds (type: string)
                     sort order: +
                     Map-reduce partition columns: ds (type: string)
-                    Statistics: Num rows: 2000 Data size: 21248 Basic stats: COMPLETE Column stats: COMPLETE
+                    Statistics: Num rows: 2000 Data size: 21248 Basic stats: COMPLETE Column stats: NONE
                     value expressions: hr (type: string)
         Map 5 
             Map Operator Tree:
@@ -621,12 +621,12 @@ STAGE PLANS:
                 TableScan
                   alias: srcpart
                   filterExpr: (ds is not null and hr is not null) (type: boolean)
-                  Statistics: Num rows: 2000 Data size: 21248 Basic stats: COMPLETE Column stats: COMPLETE
+                  Statistics: Num rows: 2000 Data size: 21248 Basic stats: COMPLETE Column stats: NONE
                   Reduce Output Operator
                     key expressions: ds (type: string)
                     sort order: +
                     Map-reduce partition columns: ds (type: string)
-                    Statistics: Num rows: 2000 Data size: 21248 Basic stats: COMPLETE Column stats: COMPLETE
+                    Statistics: Num rows: 2000 Data size: 21248 Basic stats: COMPLETE Column stats: NONE
                     value expressions: hr (type: string)
         Map 5 
             Map Operator Tree:
@@ -772,12 +772,12 @@ STAGE PLANS:
             Map Operator Tree:
                 TableScan
                   alias: srcpart
-                  Statistics: Num rows: 2000 Data size: 21248 Basic stats: COMPLETE Column stats: COMPLETE
+                  Statistics: Num rows: 2000 Data size: 21248 Basic stats: COMPLETE Column stats: NONE
                   Reduce Output Operator
                     key expressions: ds (type: string), hr (type: string)
                     sort order: ++
                     Map-reduce partition columns: ds (type: string), hr (type: string)
-                    Statistics: Num rows: 2000 Data size: 21248 Basic stats: COMPLETE Column stats: COMPLETE
+                    Statistics: Num rows: 2000 Data size: 21248 Basic stats: COMPLETE Column stats: NONE
         Map 4 
             Map Operator Tree:
                 TableScan
@@ -907,12 +907,12 @@ STAGE PLANS:
                 TableScan
                   alias: srcpart
                   filterExpr: (ds is not null and hr is not null) (type: boolean)
-                  Statistics: Num rows: 2000 Data size: 21248 Basic stats: COMPLETE Column stats: COMPLETE
+                  Statistics: Num rows: 2000 Data size: 21248 Basic stats: COMPLETE Column stats: NONE
                   Reduce Output Operator
                     key expressions: ds (type: string), hr (type: string)
                     sort order: ++
                     Map-reduce partition columns: ds (type: string), hr (type: string)
-                    Statistics: Num rows: 2000 Data size: 21248 Basic stats: COMPLETE Column stats: COMPLETE
+                    Statistics: Num rows: 2000 Data size: 21248 Basic stats: COMPLETE Column stats: NONE
         Map 4 
             Map Operator Tree:
                 TableScan
@@ -1025,12 +1025,12 @@ STAGE PLANS:
                 TableScan
                   alias: srcpart
                   filterExpr: ds is not null (type: boolean)
-                  Statistics: Num rows: 2000 Data size: 21248 Basic stats: COMPLETE Column stats: COMPLETE
+                  Statistics: Num rows: 2000 Data size: 21248 Basic stats: COMPLETE Column stats: NONE
                   Reduce Output Operator
                     key expressions: ds (type: string)
                     sort order: +
                     Map-reduce partition columns: ds (type: string)
-                    Statistics: Num rows: 2000 Data size: 21248 Basic stats: COMPLETE Column stats: COMPLETE
+                    Statistics: Num rows: 2000 Data size: 21248 Basic stats: COMPLETE Column stats: NONE
         Map 4 
             Map Operator Tree:
                 TableScan
@@ -1145,12 +1145,12 @@ STAGE PLANS:
                 TableScan
                   alias: srcpart
                   filterExpr: ds is not null (type: boolean)
-                  Statistics: Num rows: 2000 Data size: 21248 Basic stats: COMPLETE Column stats: COMPLETE
+                  Statistics: Num rows: 2000 Data size: 21248 Basic stats: COMPLETE Column stats: NONE
                   Reduce Output Operator
                     key expressions: ds (type: string)
                     sort order: +
                     Map-reduce partition columns: ds (type: string)
-                    Statistics: Num rows: 2000 Data size: 21248 Basic stats: COMPLETE Column stats: COMPLETE
+                    Statistics: Num rows: 2000 Data size: 21248 Basic stats: COMPLETE Column stats: NONE
         Map 4 
             Map Operator Tree:
                 TableScan
@@ -1261,15 +1261,15 @@ STAGE PLANS:
                 TableScan
                   alias: srcpart
                   filterExpr: UDFToDouble(hr) is not null (type: boolean)
-                  Statistics: Num rows: 2000 Data size: 21248 Basic stats: COMPLETE Column stats: COMPLETE
+                  Statistics: Num rows: 2000 Data size: 21248 Basic stats: COMPLETE Column stats: NONE
                   Filter Operator
                     predicate: UDFToDouble(hr) is not null (type: boolean)
-                    Statistics: Num rows: 1000 Data size: 0 Basic stats: PARTIAL Column stats: COMPLETE
+                    Statistics: Num rows: 1000 Data size: 10624 Basic stats: COMPLETE Column stats: NONE
                     Reduce Output Operator
                       key expressions: UDFToDouble(hr) (type: double)
                       sort order: +
                       Map-reduce partition columns: UDFToDouble(hr) (type: double)
-                      Statistics: Num rows: 1000 Data size: 0 Basic stats: PARTIAL Column stats: COMPLETE
+                      Statistics: Num rows: 1000 Data size: 10624 Basic stats: COMPLETE Column stats: NONE
         Map 4 
             Map Operator Tree:
                 TableScan
@@ -1307,9 +1307,9 @@ STAGE PLANS:
                 condition expressions:
                   0 
                   1 
-                Statistics: Num rows: 1100 Data size: 0 Basic stats: PARTIAL Column stats: NONE
+                Statistics: Num rows: 1100 Data size: 11686 Basic stats: COMPLETE Column stats: NONE
                 Select Operator
-                  Statistics: Num rows: 1100 Data size: 0 Basic stats: PARTIAL Column stats: NONE
+                  Statistics: Num rows: 1100 Data size: 11686 Basic stats: COMPLETE Column stats: NONE
                   Group By Operator
                     aggregations: count()
                     mode: hash
@@ -1384,15 +1384,15 @@ STAGE PLANS:
                 TableScan
                   alias: srcpart
                   filterExpr: (hr * 2) is not null (type: boolean)
-                  Statistics: Num rows: 2000 Data size: 21248 Basic stats: COMPLETE Column stats: COMPLETE
+                  Statistics: Num rows: 2000 Data size: 21248 Basic stats: COMPLETE Column stats: NONE
                   Filter Operator
                     predicate: (hr * 2) is not null (type: boolean)
-                    Statistics: Num rows: 1000 Data size: 0 Basic stats: PARTIAL Column stats: COMPLETE
+                    Statistics: Num rows: 1000 Data size: 10624 Basic stats: COMPLETE Column stats: NONE
                     Reduce Output Operator
                       key expressions: (hr * 2) (type: double)
                       sort order: +
                       Map-reduce partition columns: (hr * 2) (type: double)
-                      Statistics: Num rows: 1000 Data size: 0 Basic stats: PARTIAL Column stats: COMPLETE
+                      Statistics: Num rows: 1000 Data size: 10624 Basic stats: COMPLETE Column stats: NONE
         Map 4 
             Map Operator Tree:
                 TableScan
@@ -1430,9 +1430,9 @@ STAGE PLANS:
                 condition expressions:
                   0 
                   1 
-                Statistics: Num rows: 1100 Data size: 0 Basic stats: PARTIAL Column stats: NONE
+                Statistics: Num rows: 1100 Data size: 11686 Basic stats: COMPLETE Column stats: NONE
                 Select Operator
-                  Statistics: Num rows: 1100 Data size: 0 Basic stats: PARTIAL Column stats: NONE
+                  Statistics: Num rows: 1100 Data size: 11686 Basic stats: COMPLETE Column stats: NONE
                   Group By Operator
                     aggregations: count()
                     mode: hash
@@ -1507,15 +1507,15 @@ STAGE PLANS:
                 TableScan
                   alias: srcpart
                   filterExpr: UDFToDouble(hr) is not null (type: boolean)
-                  Statistics: Num rows: 2000 Data size: 21248 Basic stats: COMPLETE Column stats: COMPLETE
+                  Statistics: Num rows: 2000 Data size: 21248 Basic stats: COMPLETE Column stats: NONE
                   Filter Operator
                     predicate: UDFToDouble(hr) is not null (type: boolean)
-                    Statistics: Num rows: 1000 Data size: 0 Basic stats: PARTIAL Column stats: COMPLETE
+                    Statistics: Num rows: 1000 Data size: 10624 Basic stats: COMPLETE Column stats: NONE
                     Reduce Output Operator
                       key expressions: UDFToDouble(hr) (type: double)
                       sort order: +
                       Map-reduce partition columns: UDFToDouble(hr) (type: double)
-                      Statistics: Num rows: 1000 Data size: 0 Basic stats: PARTIAL Column stats: COMPLETE
+                      Statistics: Num rows: 1000 Data size: 10624 Basic stats: COMPLETE Column stats: NONE
         Map 4 
             Map Operator Tree:
                 TableScan
@@ -1538,9 +1538,9 @@ STAGE PLANS:
                 condition expressions:
                   0 
                   1 
-                Statistics: Num rows: 1100 Data size: 0 Basic stats: PARTIAL Column stats: NONE
+                Statistics: Num rows: 1100 Data size: 11686 Basic stats: COMPLETE Column stats: NONE
                 Select Operator
-                  Statistics: Num rows: 1100 Data size: 0 Basic stats: PARTIAL Column stats: NONE
+                  Statistics: Num rows: 1100 Data size: 11686 Basic stats: COMPLETE Column stats: NONE
                   Group By Operator
                     aggregations: count()
                     mode: hash
@@ -1615,15 +1615,15 @@ STAGE PLANS:
                 TableScan
                   alias: srcpart
                   filterExpr: (hr * 2) is not null (type: boolean)
-                  Statistics: Num rows: 2000 Data size: 21248 Basic stats: COMPLETE Column stats: COMPLETE
+                  Statistics: Num rows: 2000 Data size: 21248 Basic stats: COMPLETE Column stats: NONE
                   Filter Operator
                     predicate: (hr * 2) is not null (type: boolean)
-                    Statistics: Num rows: 1000 Data size: 0 Basic stats: PARTIAL Column stats: COMPLETE
+                    Statistics: Num rows: 1000 Data size: 10624 Basic stats: COMPLETE Column stats: NONE
                     Reduce Output Operator
                       key expressions: (hr * 2) (type: double)
                       sort order: +
                       Map-reduce partition columns: (hr * 2) (type: double)
-                      Statistics: Num rows: 1000 Data size: 0 Basic stats: PARTIAL Column stats: COMPLETE
+                      Statistics: Num rows: 1000 Data size: 10624 Basic stats: COMPLETE Column stats: NONE
         Map 4 
             Map Operator Tree:
                 TableScan
@@ -1646,9 +1646,9 @@ STAGE PLANS:
                 condition expressions:
                   0 
                   1 
-                Statistics: Num rows: 1100 Data size: 0 Basic stats: PARTIAL Column stats: NONE
+                Statistics: Num rows: 1100 Data size: 11686 Basic stats: COMPLETE Column stats: NONE
                 Select Operator
-                  Statistics: Num rows: 1100 Data size: 0 Basic stats: PARTIAL Column stats: NONE
+                  Statistics: Num rows: 1100 Data size: 11686 Basic stats: COMPLETE Column stats: NONE
                   Group By Operator
                     aggregations: count()
                     mode: hash
@@ -1736,15 +1736,15 @@ STAGE PLANS:
                 TableScan
                   alias: srcpart
                   filterExpr: UDFToString((hr * 2)) is not null (type: boolean)
-                  Statistics: Num rows: 2000 Data size: 21248 Basic stats: COMPLETE Column stats: COMPLETE
+                  Statistics: Num rows: 2000 Data size: 21248 Basic stats: COMPLETE Column stats: NONE
                   Filter Operator
                     predicate: UDFToString((hr * 2)) is not null (type: boolean)
-                    Statistics: Num rows: 1000 Data size: 0 Basic stats: PARTIAL Column stats: COMPLETE
+                    Statistics: Num rows: 1000 Data size: 10624 Basic stats: COMPLETE Column stats: NONE
                     Reduce Output Operator
                       key expressions: UDFToString((hr * 2)) (type: string)
                       sort order: +
                       Map-reduce partition columns: UDFToString((hr * 2)) (type: string)
-                      Statistics: Num rows: 1000 Data size: 0 Basic stats: PARTIAL Column stats: COMPLETE
+                      Statistics: Num rows: 1000 Data size: 10624 Basic stats: COMPLETE Column stats: NONE
         Map 4 
             Map Operator Tree:
                 TableScan
@@ -1782,9 +1782,9 @@ STAGE PLANS:
                 condition expressions:
                   0 
                   1 
-                Statistics: Num rows: 1100 Data size: 0 Basic stats: PARTIAL Column stats: NONE
+                Statistics: Num rows: 1100 Data size: 11686 Basic stats: COMPLETE Column stats: NONE
                 Select Operator
-                  Statistics: Num rows: 1100 Data size: 0 Basic stats: PARTIAL Column stats: NONE
+                  Statistics: Num rows: 1100 Data size: 11686 Basic stats: COMPLETE Column stats: NONE
                   Group By Operator
                     aggregations: count()
                     mode: hash
@@ -1875,25 +1875,25 @@ STAGE PLANS:
                 TableScan
                   alias: srcpart
                   filterExpr: ds is not null (type: boolean)
-                  Statistics: Num rows: 2000 Data size: 21248 Basic stats: COMPLETE Column stats: COMPLETE
+                  Statistics: Num rows: 2000 Data size: 21248 Basic stats: COMPLETE Column stats: NONE
                   Reduce Output Operator
                     key expressions: ds (type: string)
                     sort order: +
                     Map-reduce partition columns: ds (type: string)
-                    Statistics: Num rows: 2000 Data size: 21248 Basic stats: COMPLETE Column stats: COMPLETE
+                    Statistics: Num rows: 2000 Data size: 21248 Basic stats: COMPLETE Column stats: NONE
                   Select Operator
                     expressions: ds (type: string)
                     outputColumnNames: _col0
-                    Statistics: Num rows: 2000 Data size: 0 Basic stats: PARTIAL Column stats: COMPLETE
+                    Statistics: Num rows: 2000 Data size: 21248 Basic stats: COMPLETE Column stats: NONE
                     Group By Operator
                       keys: _col0 (type: string)
                       mode: hash
                       outputColumnNames: _col0
-                      Statistics: Num rows: 2000 Data size: 0 Basic stats: PARTIAL Column stats: COMPLETE
+                      Statistics: Num rows: 2000 Data size: 21248 Basic stats: COMPLETE Column stats: NONE
                       Dynamic Partitioning Event Operator
                         Target Input: srcpart
                         Partition key expr: ds
-                        Statistics: Num rows: 2000 Data size: 0 Basic stats: PARTIAL Column stats: COMPLETE
+                        Statistics: Num rows: 2000 Data size: 21248 Basic stats: COMPLETE Column stats: NONE
                         Target column: ds
                         Target Vertex: Map 4
         Map 4 
@@ -1901,21 +1901,21 @@ STAGE PLANS:
                 TableScan
                   alias: srcpart
                   filterExpr: (ds is not null and (ds = '2008-04-08')) (type: boolean)
-                  Statistics: Num rows: 1000 Data size: 10624 Basic stats: COMPLETE Column stats: COMPLETE
+                  Statistics: Num rows: 1000 Data size: 10624 Basic stats: COMPLETE Column stats: NONE
                   Select Operator
                     expressions: ds (type: string)
                     outputColumnNames: ds
-                    Statistics: Num rows: 1000 Data size: 10624 Basic stats: COMPLETE Column stats: COMPLETE
+                    Statistics: Num rows: 1000 Data size: 10624 Basic stats: COMPLETE Column stats: NONE
                     Group By Operator
                       keys: ds (type: string)
                       mode: hash
                       outputColumnNames: _col0
-                      Statistics: Num rows: 500 Data size: 92000 Basic stats: COMPLETE Column stats: COMPLETE
+                      Statistics: Num rows: 1000 Data size: 10624 Basic stats: COMPLETE Column stats: NONE
                       Reduce Output Operator
                         key expressions: _col0 (type: string)
                         sort order: +
                         Map-reduce partition columns: _col0 (type: string)
-                        Statistics: Num rows: 500 Data size: 92000 Basic stats: COMPLETE Column stats: COMPLETE
+                        Statistics: Num rows: 1000 Data size: 10624 Basic stats: COMPLETE Column stats: NONE
         Reducer 2 
             Reduce Operator Tree:
               Merge Join Operator
@@ -1924,17 +1924,17 @@ STAGE PLANS:
                 condition expressions:
                   0 
                   1 
-                Statistics: Num rows: 500 Data size: 0 Basic stats: PARTIAL Column stats: COMPLETE
+                Statistics: Num rows: 2200 Data size: 23372 Basic stats: COMPLETE Column stats: NONE
                 Select Operator
-                  Statistics: Num rows: 500 Data size: 0 Basic stats: PARTIAL Column stats: COMPLETE
+                  Statistics: Num rows: 2200 Data size: 23372 Basic stats: COMPLETE Column stats: NONE
                   Group By Operator
                     aggregations: count()
                     mode: hash
                     outputColumnNames: _col0
-                    Statistics: Num rows: 1 Data size: 8 Basic stats: COMPLETE Column stats: COMPLETE
+                    Statistics: Num rows: 1 Data size: 8 Basic stats: COMPLETE Column stats: NONE
                     Reduce Output Operator
                       sort order: 
-                      Statistics: Num rows: 1 Data size: 8 Basic stats: COMPLETE Column stats: COMPLETE
+                      Statistics: Num rows: 1 Data size: 8 Basic stats: COMPLETE Column stats: NONE
                       value expressions: _col0 (type: bigint)
         Reducer 3 
             Reduce Operator Tree:
@@ -1942,14 +1942,14 @@ STAGE PLANS:
                 aggregations: count(VALUE._col0)
                 mode: mergepartial
                 outputColumnNames: _col0
-                Statistics: Num rows: 1 Data size: 8 Basic stats: COMPLETE Column stats: COMPLETE
+                Statistics: Num rows: 1 Data size: 8 Basic stats: COMPLETE Column stats: NONE
                 Select Operator
                   expressions: _col0 (type: bigint)
                   outputColumnNames: _col0
-                  Statistics: Num rows: 1 Data size: 8 Basic stats: COMPLETE Column stats: COMPLETE
+                  Statistics: Num rows: 1 Data size: 8 Basic stats: COMPLETE Column stats: NONE
                   File Output Operator
                     compressed: false
-                    Statistics: Num rows: 1 Data size: 8 Basic stats: COMPLETE Column stats: COMPLETE
+                    Statistics: Num rows: 1 Data size: 8 Basic stats: COMPLETE Column stats: NONE
                     table:
                         input format: org.apache.hadoop.mapred.TextInputFormat
                         output format: org.apache.hadoop.hive.ql.io.HiveIgnoreKeyTextOutputFormat
@@ -1960,16 +1960,16 @@ STAGE PLANS:
                 keys: KEY._col0 (type: string)
                 mode: mergepartial
                 outputColumnNames: _col0
-                Statistics: Num rows: 500 Data size: 92000 Basic stats: COMPLETE Column stats: COMPLETE
+                Statistics: Num rows: 500 Data size: 5312 Basic stats: COMPLETE Column stats: NONE
                 Select Operator
                   expressions: _col0 (type: string)
                   outputColumnNames: _col0
-                  Statistics: Num rows: 500 Data size: 92000 Basic stats: COMPLETE Column stats: COMPLETE
+                  Statistics: Num rows: 500 Data size: 5312 Basic stats: COMPLETE Column stats: NONE
                   Reduce Output Operator
                     key expressions: _col0 (type: string)
                     sort order: +
                     Map-reduce partition columns: _col0 (type: string)
-                    Statistics: Num rows: 500 Data size: 92000 Basic stats: COMPLETE Column stats: COMPLETE
+                    Statistics: Num rows: 500 Data size: 5312 Basic stats: COMPLETE Column stats: NONE
 
   Stage: Stage-0
     Fetch Operator
@@ -2030,10 +2030,10 @@ STAGE PLANS:
             Map Operator Tree:
                 TableScan
                   alias: srcpart
-                  Statistics: Num rows: 2000 Data size: 21248 Basic stats: COMPLETE Column stats: COMPLETE
+                  Statistics: Num rows: 2000 Data size: 21248 Basic stats: COMPLETE Column stats: NONE
                   Reduce Output Operator
                     sort order: 
-                    Statistics: Num rows: 2000 Data size: 21248 Basic stats: COMPLETE Column stats: COMPLETE
+                    Statistics: Num rows: 2000 Data size: 21248 Basic stats: COMPLETE Column stats: NONE
                     value expressions: ds (type: string), hr (type: string)
         Map 4 
             Map Operator Tree:
@@ -2139,12 +2139,12 @@ STAGE PLANS:
             Map Operator Tree:
                 TableScan
                   alias: srcpart
-                  Statistics: Num rows: 2000 Data size: 21248 Basic stats: COMPLETE Column stats: COMPLETE
+                  Statistics: Num rows: 2000 Data size: 21248 Basic stats: COMPLETE Column stats: NONE
                   Reduce Output Operator
                     key expressions: ds (type: string), hr (type: string)
                     sort order: ++
                     Map-reduce partition columns: ds (type: string), hr (type: string)
-                    Statistics: Num rows: 2000 Data size: 21248 Basic stats: COMPLETE Column stats: COMPLETE
+                    Statistics: Num rows: 2000 Data size: 21248 Basic stats: COMPLETE Column stats: NONE
         Map 4 
             Map Operator Tree:
                 TableScan
@@ -2279,12 +2279,12 @@ STAGE PLANS:
             Map Operator Tree:
                 TableScan
                   alias: srcpart
-                  Statistics: Num rows: 2000 Data size: 21248 Basic stats: COMPLETE Column stats: COMPLETE
+                  Statistics: Num rows: 2000 Data size: 21248 Basic stats: COMPLETE Column stats: NONE
                   Reduce Output Operator
                     key expressions: ds (type: string)
                     sort order: +
                     Map-reduce partition columns: ds (type: string)
-                    Statistics: Num rows: 2000 Data size: 21248 Basic stats: COMPLETE Column stats: COMPLETE
+                    Statistics: Num rows: 2000 Data size: 21248 Basic stats: COMPLETE Column stats: NONE
         Map 4 
             Map Operator Tree:
                 TableScan
@@ -2365,12 +2365,12 @@ STAGE PLANS:
             Map Operator Tree:
                 TableScan
                   alias: srcpart
-                  Statistics: Num rows: 2000 Data size: 21248 Basic stats: COMPLETE Column stats: COMPLETE
+                  Statistics: Num rows: 2000 Data size: 21248 Basic stats: COMPLETE Column stats: NONE
                   Reduce Output Operator
                     key expressions: ds (type: string)
                     sort order: +
                     Map-reduce partition columns: ds (type: string)
-                    Statistics: Num rows: 2000 Data size: 21248 Basic stats: COMPLETE Column stats: COMPLETE
+                    Statistics: Num rows: 2000 Data size: 21248 Basic stats: COMPLETE Column stats: NONE
         Map 4 
             Map Operator Tree:
                 TableScan
@@ -2467,12 +2467,12 @@ STAGE PLANS:
             Map Operator Tree:
                 TableScan
                   alias: srcpart
-                  Statistics: Num rows: 2000 Data size: 21248 Basic stats: COMPLETE Column stats: COMPLETE
+                  Statistics: Num rows: 2000 Data size: 21248 Basic stats: COMPLETE Column stats: NONE
                   Reduce Output Operator
                     key expressions: ds (type: string)
                     sort order: +
                     Map-reduce partition columns: ds (type: string)
-                    Statistics: Num rows: 2000 Data size: 21248 Basic stats: COMPLETE Column stats: COMPLETE
+                    Statistics: Num rows: 2000 Data size: 21248 Basic stats: COMPLETE Column stats: NONE
         Map 4 
             Map Operator Tree:
                 TableScan
@@ -2559,12 +2559,12 @@ STAGE PLANS:
                 TableScan
                   alias: srcpart
                   filterExpr: (hr = 11) (type: boolean)
-                  Statistics: Num rows: 1000 Data size: 10624 Basic stats: COMPLETE Column stats: COMPLETE
+                  Statistics: Num rows: 1000 Data size: 10624 Basic stats: COMPLETE Column stats: NONE
                   Reduce Output Operator
                     key expressions: ds (type: string)
                     sort order: +
                     Map-reduce partition columns: ds (type: string)
-                    Statistics: Num rows: 1000 Data size: 10624 Basic stats: COMPLETE Column stats: COMPLETE
+                    Statistics: Num rows: 1000 Data size: 10624 Basic stats: COMPLETE Column stats: NONE
                     value expressions: hr (type: string)
         Map 5 
             Map Operator Tree:
@@ -2846,48 +2846,48 @@ STAGE PLANS:
             Map Operator Tree:
                 TableScan
                   alias: srcpart
-                  Statistics: Num rows: 2000 Data size: 21248 Basic stats: COMPLETE Column stats: COMPLETE
+                  Statistics: Num rows: 2000 Data size: 21248 Basic stats: COMPLETE Column stats: NONE
                   Select Operator
                     expressions: ds (type: string)
                     outputColumnNames: ds
-                    Statistics: Num rows: 2000 Data size: 21248 Basic stats: COMPLETE Column stats: COMPLETE
+                    Statistics: Num rows: 2000 Data size: 21248 Basic stats: COMPLETE Column stats: NONE
                     Group By Operator
                       aggregations: min(ds)
                       mode: hash
                       outputColumnNames: _col0
-                      Statistics: Num rows: 1 Data size: 84 Basic stats: COMPLETE Column stats: COMPLETE
+                      Statistics: Num rows: 1 Data size: 84 Basic stats: COMPLETE Column stats: NONE
                       Reduce Output Operator
                         sort order: 
-                        Statistics: Num rows: 1 Data size: 84 Basic stats: COMPLETE Column stats: COMPLETE
+                        Statistics: Num rows: 1 Data size: 84 Basic stats: COMPLETE Column stats: NONE
                         value expressions: _col0 (type: string)
         Map 6 
             Map Operator Tree:
                 TableScan
                   alias: srcpart
                   filterExpr: ds is not null (type: boolean)
-                  Statistics: Num rows: 2000 Data size: 21248 Basic stats: COMPLETE Column stats: COMPLETE
+                  Statistics: Num rows: 2000 Data size: 21248 Basic stats: COMPLETE Column stats: NONE
                   Reduce Output Operator
                     key expressions: ds (type: string)
                     sort order: +
                     Map-reduce partition columns: ds (type: string)
-                    Statistics: Num rows: 2000 Data size: 21248 Basic stats: COMPLETE Column stats: COMPLETE
+                    Statistics: Num rows: 2000 Data size: 21248 Basic stats: COMPLETE Column stats: NONE
         Map 7 
             Map Operator Tree:
                 TableScan
                   alias: srcpart
-                  Statistics: Num rows: 2000 Data size: 21248 Basic stats: COMPLETE Column stats: COMPLETE
+                  Statistics: Num rows: 2000 Data size: 21248 Basic stats: COMPLETE Column stats: NONE
                   Select Operator
                     expressions: ds (type: string)
                     outputColumnNames: ds
-                    Statistics: Num rows: 2000 Data size: 21248 Basic stats: COMPLETE Column stats: COMPLETE
+                    Statistics: Num rows: 2000 Data size: 21248 Basic stats: COMPLETE Column stats: NONE
                     Group By Operator
                       aggregations: max(ds)
                       mode: hash
                       outputColumnNames: _col0
-                      Statistics: Num rows: 1 Data size: 84 Basic stats: COMPLETE Column stats: COMPLETE
+                      Statistics: Num rows: 1 Data size: 84 Basic stats: COMPLETE Column stats: NONE
                       Reduce Output Operator
                         sort order: 
-                        Statistics: Num rows: 1 Data size: 84 Basic stats: COMPLETE Column stats: COMPLETE
+                        Statistics: Num rows: 1 Data size: 84 Basic stats: COMPLETE Column stats: NONE
                         value expressions: _col0 (type: string)
         Reducer 2 
             Reduce Operator Tree:
@@ -2931,17 +2931,17 @@ STAGE PLANS:
                 condition expressions:
                   0 
                   1 
-                Statistics: Num rows: 1 Data size: 0 Basic stats: PARTIAL Column stats: COMPLETE
+                Statistics: Num rows: 2200 Data size: 23372 Basic stats: COMPLETE Column stats: NONE
                 Select Operator
-                  Statistics: Num rows: 1 Data size: 0 Basic stats: PARTIAL Column stats: COMPLETE
+                  Statistics: Num rows: 2200 Data size: 23372 Basic stats: COMPLETE Column stats: NONE
                   Group By Operator
                     aggregations: count()
                     mode: hash
                     outputColumnNames: _col0
-                    Statistics: Num rows: 1 Data size: 8 Basic stats: COMPLETE Column stats: COMPLETE
+                    Statistics: Num rows: 1 Data size: 8 Basic stats: COMPLETE Column stats: NONE
                     Reduce Output Operator
                       sort order: 
-                      Statistics: Num rows: 1 Data size: 8 Basic stats: COMPLETE Column stats: COMPLETE
+                      Statistics: Num rows: 1 Data size: 8 Basic stats: COMPLETE Column stats: NONE
                       value expressions: _col0 (type: bigint)
         Reducer 5 
             Reduce Operator Tree:
@@ -2949,14 +2949,14 @@ STAGE PLANS:
                 aggregations: count(VALUE._col0)
                 mode: mergepartial
                 outputColumnNames: _col0
-                Statistics: Num rows: 1 Data size: 8 Basic stats: COMPLETE Column stats: COMPLETE
+                Statistics: Num rows: 1 Data size: 8 Basic stats: COMPLETE Column stats: NONE
                 Select Operator
                   expressions: _col0 (type: bigint)
                   outputColumnNames: _col0
-                  Statistics: Num rows: 1 Data size: 8 Basic stats: COMPLETE Column stats: COMPLETE
+                  Statistics: Num rows: 1 Data size: 8 Basic stats: COMPLETE Column stats: NONE
                   File Output Operator
                     compressed: false
-                    Statistics: Num rows: 1 Data size: 8 Basic stats: COMPLETE Column stats: COMPLETE
+                    Statistics: Num rows: 1 Data size: 8 Basic stats: COMPLETE Column stats: NONE
                     table:
                         input format: org.apache.hadoop.mapred.TextInputFormat
                         output format: org.apache.hadoop.hive.ql.io.HiveIgnoreKeyTextOutputFormat
@@ -3043,48 +3043,48 @@ STAGE PLANS:
             Map Operator Tree:
                 TableScan
                   alias: srcpart
-                  Statistics: Num rows: 2000 Data size: 21248 Basic stats: COMPLETE Column stats: COMPLETE
+                  Statistics: Num rows: 2000 Data size: 21248 Basic stats: COMPLETE Column stats: NONE
                   Select Operator
                     expressions: ds (type: string)
                     outputColumnNames: ds
-                    Statistics: Num rows: 2000 Data size: 21248 Basic stats: COMPLETE Column stats: COMPLETE
+                    Statistics: Num rows: 2000 Data size: 21248 Basic stats: COMPLETE Column stats: NONE
                     Group By Operator
                       aggregations: min(ds)
                       mode: hash
                       outputColumnNames: _col0
-                      Statistics: Num rows: 1 Data size: 84 Basic stats: COMPLETE Column stats: COMPLETE
+                      Statistics: Num rows: 1 Data size: 84 Basic stats: COMPLETE Column stats: NONE
                       Reduce Output Operator
                         sort order: 
-                        Statistics: Num rows: 1 Data size: 84 Basic stats: COMPLETE Column stats: COMPLETE
+                        Statistics: Num rows: 1 Data size: 84 Basic stats: COMPLETE Column stats: NONE
                         value expressions: _col0 (type: string)
         Map 6 
             Map Operator Tree:
                 TableScan
                   alias: srcpart
                   filterExpr: ds is not null (type: boolean)
-                  Statistics: Num rows: 2000 Data size: 21248 Basic stats: COMPLETE Column stats: COMPLETE
+                  Statistics: Num rows: 2000 Data size: 21248 Basic stats: COMPLETE Column stats: NONE
                   Reduce Output Operator
                     key expressions: ds (type: string)
                     sort order: +
                     Map-reduce partition columns: ds (type: string)
-                    Statistics: Num rows: 2000 Data size: 21248 Basic stats: COMPLETE Column stats: COMPLETE
+                    Statistics: Num rows: 2000 Data size: 21248 Basic stats: COMPLETE Column stats: NONE
         Map 7 
             Map Operator Tree:
                 TableScan
                   alias: srcpart
-                  Statistics: Num rows: 2000 Data size: 21248 Basic stats: COMPLETE Column stats: COMPLETE
+                  Statistics: Num rows: 2000 Data size: 21248 Basic stats: COMPLETE Column stats: NONE
                   Select Operator
                     expressions: ds (type: string)
                     outputColumnNames: ds
-                    Statistics: Num rows: 2000 Data size: 21248 Basic stats: COMPLETE Column stats: COMPLETE
+                    Statistics: Num rows: 2000 Data size: 21248 Basic stats: COMPLETE Column stats: NONE
                     Group By Operator
                       aggregations: max(ds)
                       mode: hash
                       outputColumnNames: _col0
-                      Statistics: Num rows: 1 Data size: 84 Basic stats: COMPLETE Column stats: COMPLETE
+                      Statistics: Num rows: 1 Data size: 84 Basic stats: COMPLETE Column stats: NONE
                       Reduce Output Operator
                         sort order: 
-                        Statistics: Num rows: 1 Data size: 84 Basic stats: COMPLETE Column stats: COMPLETE
+                        Statistics: Num rows: 1 Data size: 84 Basic stats: COMPLETE Column stats: NONE
                         value expressions: _col0 (type: string)
         Reducer 2 
             Reduce Operator Tree:
@@ -3129,35 +3129,35 @@ STAGE PLANS:
                   0 {KEY.reducesinkkey0}
                   1 
                 outputColumnNames: _col2
-                Statistics: Num rows: 1 Data size: 184 Basic stats: COMPLETE Column stats: COMPLETE
+                Statistics: Num rows: 2200 Data size: 23372 Basic stats: COMPLETE Column stats: NONE
                 Select Operator
                   expressions: _col2 (type: string)
                   outputColumnNames: _col2
-                  Statistics: Num rows: 1 Data size: 184 Basic stats: COMPLETE Column stats: COMPLETE
+                  Statistics: Num rows: 2200 Data size: 23372 Basic stats: COMPLETE Column stats: NONE
                   Group By Operator
                     keys: _col2 (type: string)
                     mode: hash
                     outputColumnNames: _col0
-                    Statistics: Num rows: 0 Data size: 0 Basic stats: NONE Column stats: COMPLETE
+                    Statistics: Num rows: 2200 Data size: 23372 Basic stats: COMPLETE Column stats: NONE
                     Reduce Output Operator
                       key expressions: _col0 (type: string)
                       sort order: +
                       Map-reduce partition columns: _col0 (type: string)
-                      Statistics: Num rows: 0 Data size: 0 Basic stats: NONE Column stats: COMPLETE
+                      Statistics: Num rows: 2200 Data size: 23372 Basic stats: COMPLETE Column stats: NONE
         Reducer 5 
             Reduce Operator Tree:
               Group By Operator
                 keys: KEY._col0 (type: string)
                 mode: mergepartial
                 outputColumnNames: _col0
-                Statistics: Num rows: 0 Data size: 0 Basic stats: NONE Column stats: COMPLETE
+                Statistics: Num rows: 1100 Data size: 11686 Basic stats: COMPLETE Column stats: NONE
                 Select Operator
                   expressions: _col0 (type: string)
                   outputColumnNames: _col0
-                  Statistics: Num rows: 0 Data size: 0 Basic stats: NONE Column stats: COMPLETE
+                  Statistics: Num rows: 1100 Data size: 11686 Basic stats: COMPLETE Column stats: NONE
                   File Output Operator
                     compressed: false
-                    Statistics: Num rows: 0 Data size: 0 Basic stats: NONE Column stats: COMPLETE
+                    Statistics: Num rows: 1100 Data size: 11686 Basic stats: COMPLETE Column stats: NONE
                     table:
                         input format: org.apache.hadoop.mapred.TextInputFormat
                         output format: org.apache.hadoop.hive.ql.io.HiveIgnoreKeyTextOutputFormat
@@ -3246,78 +3246,78 @@ STAGE PLANS:
             Map Operator Tree:
                 TableScan
                   alias: srcpart
-                  Statistics: Num rows: 2000 Data size: 21248 Basic stats: COMPLETE Column stats: COMPLETE
+                  Statistics: Num rows: 2000 Data size: 21248 Basic stats: COMPLETE Column stats: NONE
                   Select Operator
                     expressions: ds (type: string)
                     outputColumnNames: ds
-                    Statistics: Num rows: 2000 Data size: 21248 Basic stats: COMPLETE Column stats: COMPLETE
+                    Statistics: Num rows: 2000 Data size: 21248 Basic stats: COMPLETE Column stats: NONE
                     Group By Operator
                       aggregations: min(ds)
                       mode: hash
                       outputColumnNames: _col0
-                      Statistics: Num rows: 1 Data size: 84 Basic stats: COMPLETE Column stats: COMPLETE
+                      Statistics: Num rows: 1 Data size: 84 Basic stats: COMPLETE Column stats: NONE
                       Reduce Output Operator
                         sort order: 
-                        Statistics: Num rows: 1 Data size: 84 Basic stats: COMPLETE Column stats: COMPLETE
+                        Statistics: Num rows: 1 Data size: 84 Basic stats: COMPLETE Column stats: NONE
                         value expressions: _col0 (type: string)
         Map 10 
             Map Operator Tree:
                 TableScan
                   alias: srcpart
-                  Statistics: Num rows: 2000 Data size: 21248 Basic stats: COMPLETE Column stats: COMPLETE
+                  Statistics: Num rows: 2000 Data size: 21248 Basic stats: COMPLETE Column stats: NONE
                   Select Operator
                     expressions: ds (type: string)
                     outputColumnNames: ds
-                    Statistics: Num rows: 2000 Data size: 21248 Basic stats: COMPLETE Column stats: COMPLETE
+                    Statistics: Num rows: 2000 Data size: 21248 Basic stats: COMPLETE Column stats: NONE
                     Group By Operator
                       aggregations: max(ds)
                       mode: hash
                       outputColumnNames: _col0
-                      Statistics: Num rows: 1 Data size: 84 Basic stats: COMPLETE Column stats: COMPLETE
+                      Statistics: Num rows: 1 Data size: 84 Basic stats: COMPLETE Column stats: NONE
                       Reduce Output Operator
                         sort order: 
-                        Statistics: Num rows: 1 Data size: 84 Basic stats: COMPLETE Column stats: COMPLETE
+                        Statistics: Num rows: 1 Data size: 84 Basic stats: COMPLETE Column stats: NONE
                         value expressions: _col0 (type: string)
         Map 5 
             Map Operator Tree:
                 TableScan
                   alias: srcpart
                   filterExpr: ds is not null (type: boolean)
-                  Statistics: Num rows: 2000 Data size: 21248 Basic stats: COMPLETE Column stats: COMPLETE
+                  Statistics: Num rows: 2000 Data size: 21248 Basic stats: COMPLETE Column stats: NONE
                   Select Operator
                     expressions: ds (type: string)
                     outputColumnNames: ds
-                    Statistics: Num rows: 2000 Data size: 21248 Basic stats: COMPLETE Column stats: COMPLETE
+                    Statistics: Num rows: 2000 Data size: 21248 Basic stats: COMPLETE Column stats: NONE
                     Group By Operator
                       keys: ds (type: string)
                       mode: hash
                       outputColumnNames: _col0
-                      Statistics: Num rows: 1000 Data size: 184000 Basic stats: COMPLETE Column stats: COMPLETE
+                      Statistics: Num rows: 2000 Data size: 21248 Basic stats: COMPLETE Column stats: NONE
                       Reduce Output Operator
                         key expressions: _col0 (type: string)
                         sort order: +
                         Map-reduce partition columns: _col0 (type: string)
-                        Statistics: Num rows: 1000 Data size: 184000 Basic stats: COMPLETE Column stats: COMPLETE
+                        Statistics: Num rows: 2000 Data size: 21248 Basic stats: COMPLETE Column stats: NONE
         Map 8 
             Map Operator Tree:
                 TableScan
                   alias: srcpart
                   filterExpr: ds is not null (type: boolean)
-                  Statistics: Num rows: 2000 Data size: 21248 Basic stats: COMPLETE Column stats: COMPLETE
+                  Statistics: Num rows: 2000 Data size: 21248 Basic stats: COMPLETE Column stats: NONE
                   Select Operator
                     expressions: ds (type: string)
                     outputColumnNames: ds
-                    Statistics: Num rows: 2000 Data size: 21248 Basic stats: COMPLETE Column stats: COMPLETE
+                    Statistics: Num rows: 2000 Data size: 21248 Basic stats: COMPLETE Column stats: NONE
                     Group By Operator
                       keys: ds (type: string)
                       mode: hash
                       outputColumnNames: _col0
-                      Statistics: Num rows: 1000 Data size: 184000 Basic stats: COMPLETE Column stats: COMPLETE
+                      Statistics: Num rows: 2000 Data size: 21248 Basic stats: COMPLETE Column stats: NONE
                       Reduce Output Operator
                         key expressions: _col0 (type: string)
                         sort order: +
                         Map-reduce partition columns: _col0 (type: string)
-                        Statistics: Num rows: 1000 Data size: 184000 Basic stats: COMPLETE Column stats: COMPLETE
+                        Statistics: Num rows: 2000 Data size: 21248 Basic stats: COMPLETE Column stats: NONE
         Reducer 11 
             Reduce Operator Tree:
               Group By Operator
@@ -3419,14 +3419,14 @@ STAGE PLANS:
                   0 {KEY.reducesinkkey0}
                   1 
                 outputColumnNames: _col0
-                Statistics: Num rows: 2000 Data size: 168000 Basic stats: COMPLETE Column stats: COMPLETE
+                Statistics: Num rows: 2200 Data size: 23372 Basic stats: COMPLETE Column stats: NONE
                 Select Operator
                   expressions: _col0 (type: string)
                   outputColumnNames: _col0
-                  Statistics: Num rows: 2000 Data size: 168000 Basic stats: COMPLETE Column stats: COMPLETE
+                  Statistics: Num rows: 2200 Data size: 23372 Basic stats: COMPLETE Column stats: NONE
                   File Output Operator
                     compressed: false
-                    Statistics: Num rows: 2000 Data size: 168000 Basic stats: COMPLETE Column stats: COMPLETE
+                    Statistics: Num rows: 2200 Data size: 23372 Basic stats: COMPLETE Column stats: NONE
                     table:
                         input format: org.apache.hadoop.mapred.TextInputFormat
                         output format: org.apache.hadoop.hive.ql.io.HiveIgnoreKeyTextOutputFormat
@@ -3511,7 +3511,7 @@ STAGE PLANS:
                 TableScan
                   alias: srcpart
                   filterExpr: ds is not null (type: boolean)
-                  Statistics: Num rows: 2000 Data size: 21248 Basic stats: COMPLETE Column stats: COMPLETE
+                  Statistics: Num rows: 2000 Data size: 21248 Basic stats: COMPLETE Column stats: NONE
                   Map Join Operator
                     condition map:
                          Inner Join 0 to 1
@@ -3645,7 +3645,7 @@ STAGE PLANS:
             Map Operator Tree:
                 TableScan
                   alias: srcpart
-                  Statistics: Num rows: 2000 Data size: 21248 Basic stats: COMPLETE Column stats: COMPLETE
+                  Statistics: Num rows: 2000 Data size: 21248 Basic stats: COMPLETE Column stats: NONE
                   Map Join Operator
                     condition map:
                          Inner Join 0 to 1
@@ -3821,7 +3821,7 @@ STAGE PLANS:
             Map Operator Tree:
                 TableScan
                   alias: srcpart
-                  Statistics: Num rows: 2000 Data size: 21248 Basic stats: COMPLETE Column stats: COMPLETE
+                  Statistics: Num rows: 2000 Data size: 21248 Basic stats: COMPLETE Column stats: NONE
                   Map Join Operator
                     condition map:
                          Inner Join 0 to 1
@@ -3967,7 +3967,7 @@ STAGE PLANS:
                 TableScan
                   alias: srcpart
                   filterExpr: ds is not null (type: boolean)
-                  Statistics: Num rows: 2000 Data size: 21248 Basic stats: COMPLETE Column stats: COMPLETE
+                  Statistics: Num rows: 2000 Data size: 21248 Basic stats: COMPLETE Column stats: NONE
                   Map Join Operator
                     condition map:
                          Inner Join 0 to 1
@@ -4074,10 +4074,10 @@ STAGE PLANS:
                 TableScan
                   alias: srcpart
                   filterExpr: UDFToDouble(hr) is not null (type: boolean)
-                  Statistics: Num rows: 2000 Data size: 21248 Basic stats: COMPLETE Column stats: COMPLETE
+                  Statistics: Num rows: 2000 Data size: 21248 Basic stats: COMPLETE Column stats: NONE
                   Filter Operator
                     predicate: UDFToDouble(hr) is not null (type: boolean)
-                    Statistics: Num rows: 1000 Data size: 0 Basic stats: PARTIAL Column stats: COMPLETE
+                    Statistics: Num rows: 1000 Data size: 10624 Basic stats: COMPLETE Column stats: NONE
                     Map Join Operator
                       condition map:
                            Inner Join 0 to 1
@@ -4089,9 +4089,9 @@ STAGE PLANS:
                         1 UDFToDouble(UDFToInteger((hr / 2))) (type: double)
                       input vertices:
                         1 Map 3
-                      Statistics: Num rows: 1100 Data size: 0 Basic stats: PARTIAL Column stats: NONE
+                      Statistics: Num rows: 1100 Data size: 11686 Basic stats: COMPLETE Column stats: NONE
                       Select Operator
-                        Statistics: Num rows: 1100 Data size: 0 Basic stats: PARTIAL Column stats: NONE
+                        Statistics: Num rows: 1100 Data size: 11686 Basic stats: COMPLETE Column stats: NONE
                         Group By Operator
                           aggregations: count()
                           mode: hash
@@ -4195,10 +4195,10 @@ STAGE PLANS:
                 TableScan
                   alias: srcpart
                   filterExpr: (hr * 2) is not null (type: boolean)
-                  Statistics: Num rows: 2000 Data size: 21248 Basic stats: COMPLETE Column stats: COMPLETE
+                  Statistics: Num rows: 2000 Data size: 21248 Basic stats: COMPLETE Column stats: NONE
                   Filter Operator
                     predicate: (hr * 2) is not null (type: boolean)
-                    Statistics: Num rows: 1000 Data size: 0 Basic stats: PARTIAL Column stats: COMPLETE
+                    Statistics: Num rows: 1000 Data size: 10624 Basic stats: COMPLETE Column stats: NONE
                     Map Join Operator
                       condition map:
                            Inner Join 0 to 1
@@ -4210,9 +4210,9 @@ STAGE PLANS:
                         1 hr (type: double)
                       input vertices:
                         1 Map 3
-                      Statistics: Num rows: 1100 Data size: 0 Basic stats: PARTIAL Column stats: NONE
+                      Statistics: Num rows: 1100 Data size: 11686 Basic stats: COMPLETE Column stats: NONE
                       Select Operator
-                        Statistics: Num rows: 1100 Data size: 0 Basic stats: PARTIAL Column stats: NONE
+                        Statistics: Num rows: 1100 Data size: 11686 Basic stats: COMPLETE Column stats: NONE
                         Group By Operator
                           aggregations: count()
                           mode: hash
@@ -4322,8 +4322,9 @@ STAGE PLANS:
   Stage: Stage-1
     Tez
       Edges:
-        Reducer 3 <- Map 1 (BROADCAST_EDGE), Map 2 (SIMPLE_EDGE)
-        Reducer 4 <- Reducer 3 (SIMPLE_EDGE)
+        Map 1 <- Reducer 4 (BROADCAST_EDGE)
+        Reducer 2 <- Map 1 (SIMPLE_EDGE)
+        Reducer 4 <- Map 3 (SIMPLE_EDGE)
 #### A masked pattern was here ####
       Vertices:
         Map 1 
@@ -4331,58 +4332,7 @@ STAGE PLANS:
                 TableScan
                   alias: srcpart
                   filterExpr: ds is not null (type: boolean)
-                  Statistics: Num rows: 2000 Data size: 21248 Basic stats: COMPLETE Column stats: COMPLETE
-                  Reduce Output Operator
-                    key expressions: ds (type: string)
-                    sort order: +
-                    Map-reduce partition columns: ds (type: string)
-                    Statistics: Num rows: 2000 Data size: 21248 Basic stats: COMPLETE Column stats: COMPLETE
-                  Select Operator
-                    expressions: ds (type: string)
-                    outputColumnNames: _col0
-                    Statistics: Num rows: 2000 Data size: 0 Basic stats: PARTIAL Column stats: COMPLETE
-                    Group By Operator
-                      keys: _col0 (type: string)
-                      mode: hash
-                      outputColumnNames: _col0
-                      Statistics: Num rows: 2000 Data size: 0 Basic stats: PARTIAL Column stats: COMPLETE
-                      Dynamic Partitioning Event Operator
-                        Target Input: srcpart
-                        Partition key expr: ds
-                        Statistics: Num rows: 2000 Data size: 0 Basic stats: PARTIAL Column stats: COMPLETE
-                        Target column: ds
-                        Target Vertex: Map 2
-        Map 2 
-            Map Operator Tree:
-                TableScan
-                  alias: srcpart
-                  filterExpr: (ds is not null and (ds = '2008-04-08')) (type: boolean)
-                  Statistics: Num rows: 1000 Data size: 10624 Basic stats: COMPLETE Column stats: COMPLETE
-                  Select Operator
-                    expressions: ds (type: string)
-                    outputColumnNames: ds
-                    Statistics: Num rows: 1000 Data size: 10624 Basic stats: COMPLETE Column stats: COMPLETE
-                    Group By Operator
-                      keys: ds (type: string)
-                      mode: hash
-                      outputColumnNames: _col0
-                      Statistics: Num rows: 500 Data size: 92000 Basic stats: COMPLETE Column stats: COMPLETE
-                      Reduce Output Operator
-                        key expressions: _col0 (type: string)
-                        sort order: +
-                        Map-reduce partition columns: _col0 (type: string)
-                        Statistics: Num rows: 500 Data size: 92000 Basic stats: COMPLETE Column stats: COMPLETE
-        Reducer 3 
-            Reduce Operator Tree:
-              Group By Operator
-                keys: KEY._col0 (type: string)
-                mode: mergepartial
-                outputColumnNames: _col0
-                Statistics: Num rows: 500 Data size: 92000 Basic stats: COMPLETE Column stats: COMPLETE
-                Select Operator
-                  expressions: _col0 (type: string)
-                  outputColumnNames: _col0
-                  Statistics: Num rows: 500 Data size: 92000 Basic stats: COMPLETE Column stats: COMPLETE
+                  Statistics: Num rows: 2000 Data size: 21248 Basic stats: COMPLETE Column stats: NONE
                   Map Join Operator
                     condition map:
                          Inner Join 0 to 1
@@ -4393,37 +4343,88 @@ STAGE PLANS:
                       0 ds (type: string)
                       1 _col0 (type: string)
                     input vertices:
-                      0 Map 1
-                    Statistics: Num rows: 500 Data size: 0 Basic stats: PARTIAL Column stats: COMPLETE
+                      1 Reducer 4
+                    Statistics: Num rows: 2200 Data size: 23372 Basic stats: COMPLETE Column stats: NONE
                     Select Operator
-                      Statistics: Num rows: 500 Data size: 0 Basic stats: PARTIAL Column stats: COMPLETE
+                      Statistics: Num rows: 2200 Data size: 23372 Basic stats: COMPLETE Column stats: NONE
                       Group By Operator
                         aggregations: count()
                         mode: hash
                         outputColumnNames: _col0
-                        Statistics: Num rows: 1 Data size: 8 Basic stats: COMPLETE Column stats: COMPLETE
+                        Statistics: Num rows: 1 Data size: 8 Basic stats: COMPLETE Column stats: NONE
                         Reduce Output Operator
                           sort order: 
-                          Statistics: Num rows: 1 Data size: 8 Basic stats: COMPLETE Column stats: COMPLETE
+                          Statistics: Num rows: 1 Data size: 8 Basic stats: COMPLETE Column stats: NONE
                           value expressions: _col0 (type: bigint)
-        Reducer 4 
+        Map 3 
+            Map Operator Tree:
+                TableScan
+                  alias: srcpart
+                  filterExpr: (ds is not null and (ds = '2008-04-08')) (type: boolean)
+                  Statistics: Num rows: 1000 Data size: 10624 Basic stats: COMPLETE Column stats: NONE
+                  Select Operator
+                    expressions: ds (type: string)
+                    outputColumnNames: ds
+                    Statistics: Num rows: 1000 Data size: 10624 Basic stats: COMPLETE Column stats: NONE
+                    Group By Operator
+                      keys: ds (type: string)
+                      mode: hash
+                      outputColumnNames: _col0
+                      Statistics: Num rows: 1000 Data size: 10624 Basic stats: COMPLETE Column stats: NONE
+                      Reduce Output Operator
+                        key expressions: _col0 (type: string)
+                        sort order: +
+                        Map-reduce partition columns: _col0 (type: string)
+                        Statistics: Num rows: 1000 Data size: 10624 Basic stats: COMPLETE Column stats: NONE
+        Reducer 2 
             Reduce Operator Tree:
               Group By Operator
                 aggregations: count(VALUE._col0)
                 mode: mergepartial
                 outputColumnNames: _col0
-                Statistics: Num rows: 1 Data size: 8 Basic stats: COMPLETE Column stats: COMPLETE
+                Statistics: Num rows: 1 Data size: 8 Basic stats: COMPLETE Column stats: NONE
                 Select Operator
                   expressions: _col0 (type: bigint)
                   outputColumnNames: _col0
-                  Statistics: Num rows: 1 Data size: 8 Basic stats: COMPLETE Column stats: COMPLETE
+                  Statistics: Num rows: 1 Data size: 8 Basic stats: COMPLETE Column stats: NONE
                   File Output Operator
                     compressed: false
-                    Statistics: Num rows: 1 Data size: 8 Basic stats: COMPLETE Column stats: COMPLETE
+                    Statistics: Num rows: 1 Data size: 8 Basic stats: COMPLETE Column stats: NONE
                     table:
                         input format: org.apache.hadoop.mapred.TextInputFormat
                         output format: org.apache.hadoop.hive.ql.io.HiveIgnoreKeyTextOutputFormat
                         serde: org.apache.hadoop.hive.serde2.lazy.LazySimpleSerDe
+        Reducer 4 
+            Reduce Operator Tree:
+              Group By Operator
+                keys: KEY._col0 (type: string)
+                mode: mergepartial
+                outputColumnNames: _col0
+                Statistics: Num rows: 500 Data size: 5312 Basic stats: COMPLETE Column stats: NONE
+                Select Operator
+                  expressions: _col0 (type: string)
+                  outputColumnNames: _col0
+                  Statistics: Num rows: 500 Data size: 5312 Basic stats: COMPLETE Column stats: NONE
+                  Reduce Output Operator
+                    key expressions: _col0 (type: string)
+                    sort order: +
+                    Map-reduce partition columns: _col0 (type: string)
+                    Statistics: Num rows: 500 Data size: 5312 Basic stats: COMPLETE Column stats: NONE
+                  Select Operator
+                    expressions: _col0 (type: string)
+                    outputColumnNames: _col0
+                    Statistics: Num rows: 500 Data size: 5312 Basic stats: COMPLETE Column stats: NONE
+                    Group By Operator
+                      keys: _col0 (type: string)
+                      mode: hash
+                      outputColumnNames: _col0
+                      Statistics: Num rows: 500 Data size: 5312 Basic stats: COMPLETE Column stats: NONE
+                      Dynamic Partitioning Event Operator
+                        Target Input: srcpart
+                        Partition key expr: ds
+                        Statistics: Num rows: 500 Data size: 5312 Basic stats: COMPLETE Column stats: NONE
+                        Target column: ds
+                        Target Vertex: Map 1
 
   Stage: Stage-0
     Fetch Operator
@@ -4483,7 +4484,7 @@ STAGE PLANS:
             Map Operator Tree:
                 TableScan
                   alias: srcpart
-                  Statistics: Num rows: 2000 Data size: 21248 Basic stats: COMPLETE Column stats: COMPLETE
+                  Statistics: Num rows: 2000 Data size: 21248 Basic stats: COMPLETE Column stats: NONE
                   Map Join Operator
                     condition map:
                          Left Outer Join0 to 1
@@ -4567,12 +4568,12 @@ STAGE PLANS:
             Map Operator Tree:
                 TableScan
                   alias: srcpart
-                  Statistics: Num rows: 2000 Data size: 21248 Basic stats: COMPLETE Column stats: COMPLETE
+                  Statistics: Num rows: 2000 Data size: 21248 Basic stats: COMPLETE Column stats: NONE
                   Reduce Output Operator
                     key expressions: ds (type: string)
                     sort order: +
                     Map-reduce partition columns: ds (type: string)
-                    Statistics: Num rows: 2000 Data size: 21248 Basic stats: COMPLETE Column stats: COMPLETE
+                    Statistics: Num rows: 2000 Data size: 21248 Basic stats: COMPLETE Column stats: NONE
         Map 2 
             Map Operator Tree:
                 TableScan
@@ -4652,12 +4653,12 @@ STAGE PLANS:
             Map Operator Tree:
                 TableScan
                   alias: srcpart
-                  Statistics: Num rows: 2000 Data size: 21248 Basic stats: COMPLETE Column stats: COMPLETE
+                  Statistics: Num rows: 2000 Data size: 21248 Basic stats: COMPLETE Column stats: NONE
                   Reduce Output Operator
                     key expressions: ds (type: string)
                     sort order: +
                     Map-reduce partition columns: ds (type: string)
-                    Statistics: Num rows: 2000 Data size: 21248 Basic stats: COMPLETE Column stats: COMPLETE
+                    Statistics: Num rows: 2000 Data size: 21248 Basic stats: COMPLETE Column stats: NONE
         Map 4 
             Map Operator Tree:
                 TableScan
@@ -4743,7 +4744,7 @@ STAGE PLANS:
                 TableScan
                   alias: srcpart
                   filterExpr: (hr = 11) (type: boolean)
-                  Statistics: Num rows: 1000 Data size: 10624 Basic stats: COMPLETE Column stats: COMPLETE
+                  Statistics: Num rows: 1000 Data size: 10624 Basic stats: COMPLETE Column stats: NONE
                   Map Join Operator
                     condition map:
                          Inner Join 0 to 1
@@ -4984,26 +4985,26 @@ STAGE PLANS:
             Map Operator Tree:
                 TableScan
                   alias: srcpart
-                  Statistics: Num rows: 2000 Data size: 21248 Basic stats: COMPLETE Column stats: COMPLETE
+                  Statistics: Num rows: 2000 Data size: 21248 Basic stats: COMPLETE Column stats: NONE
                   Select Operator
                     expressions: ds (type: string)
                     outputColumnNames: ds
-                    Statistics: Num rows: 2000 Data size: 21248 Basic stats: COMPLETE Column stats: COMPLETE
+                    Statistics: Num rows: 2000 Data size: 21248 Basic stats: COMPLETE Column stats: NONE
                     Group By Operator
                       aggregations: min(ds)
                       mode: hash
                       outputColumnNames: _col0
-                      Statistics: Num rows: 1 Data size: 84 Basic stats: COMPLETE Column stats: COMPLETE
+                      Statistics: Num rows: 1 Data size: 84 Basic stats: COMPLETE Column stats: NONE
                       Reduce Output Operator
                         sort order: 
-                        Statistics: Num rows: 1 Data size: 84 Basic stats: COMPLETE Column stats: COMPLETE
+                        Statistics: Num rows: 1 Data size: 84 Basic stats: COMPLETE Column stats: NONE
                         value expressions: _col0 (type: string)
         Map 4 
             Map Operator Tree:
                 TableScan
                   alias: srcpart
                   filterExpr: ds is not null (type: boolean)
-                  Statistics: Num rows: 2000 Data size: 21248 Basic stats: COMPLETE Column stats: COMPLETE
+                  Statistics: Num rows: 2000 Data size: 21248 Basic stats: COMPLETE Column stats: NONE
                   Map Join Operator
                     condition map:
                          Left Semi Join 0 to 1
@@ -5016,38 +5017,38 @@ STAGE PLANS:
                     outputColumnNames: _col2
                     input vertices:
                       1 Union 3
-                    Statistics: Num rows: 1 Data size: 184 Basic stats: COMPLETE Column stats: COMPLETE
+                    Statistics: Num rows: 2200 Data size: 23372 Basic stats: COMPLETE Column stats: NONE
                     Select Operator
                       expressions: _col2 (type: string)
                       outputColumnNames: _col2
-                      Statistics: Num rows: 1 Data size: 184 Basic stats: COMPLETE Column stats: COMPLETE
+                      Statistics: Num rows: 2200 Data size: 23372 Basic stats: COMPLETE Column stats: NONE
                       Group By Operator
                         keys: _col2 (type: string)
                         mode: hash
                         outputColumnNames: _col0
-                        Statistics: Num rows: 0 Data size: 0 Basic stats: NONE Column stats: COMPLETE
+                        Statistics: Num rows: 2200 Data size: 23372 Basic stats: COMPLETE Column stats: NONE
                         Reduce Output Operator
                           key expressions: _col0 (type: string)
                           sort order: +
                           Map-reduce partition columns: _col0 (type: string)
-                          Statistics: Num rows: 0 Data size: 0 Basic stats: NONE Column stats: COMPLETE
+                          Statistics: Num rows: 2200 Data size: 23372 Basic stats: COMPLETE Column stats: NONE
         Map 6 
             Map Operator Tree:
                 TableScan
                   alias: srcpart
-                  Statistics: Num rows: 2000 Data size: 21248 Basic stats: COMPLETE Column stats: COMPLETE
+                  Statistics: Num rows: 2000 Data size: 21248 Basic stats: COMPLETE Column stats: NONE
                   Select Operator
                     expressions: ds (type: string)
                     outputColumnNames: ds
-                    Statistics: Num rows: 2000 Data size: 21248 Basic stats: COMPLETE Column stats: COMPLETE
+                    Statistics: Num rows: 2000 Data size: 21248 Basic stats: COMPLETE Column stats: NONE
                     Group By Operator
                       aggregations: max(ds)
                       mode: hash
                       outputColumnNames: _col0
-                      Statistics: Num rows: 1 Data size: 84 Basic stats: COMPLETE Column stats: COMPLETE
+                      Statistics: Num rows: 1 Data size: 84 Basic stats: COMPLETE Column stats: NONE
                       Reduce Output Operator
                         sort order: 
-                        Statistics: Num rows: 1 Data size: 84 Basic stats: COMPLETE Column stats: COMPLETE
+                        Statistics: Num rows: 1 Data size: 84 Basic stats: COMPLETE Column stats: NONE
                         value expressions: _col0 (type: string)
         Reducer 2 
             Reduce Operator Tree:
@@ -5089,14 +5090,14 @@ STAGE PLANS:
                 keys: KEY._col0 (type: string)
                 mode: mergepartial
                 outputColumnNames: _col0
-                Statistics: Num rows: 0 Data size: 0 Basic stats: NONE Column stats: COMPLETE
+                Statistics: Num rows: 1100 Data size: 11686 Basic stats: COMPLETE Column stats: NONE
                 Select Operator
                   expressions: _col0 (type: string)
                   outputColumnNames: _col0
-                  Statistics: Num rows: 0 Data size: 0 Basic stats: NONE Column stats: COMPLETE
+                  Statistics: Num rows: 1100 Data size: 11686 Basic stats: COMPLETE Column stats: NONE
                   File Output Operator
                     compressed: false
-                    Statistics: Num rows: 0 Data size: 0 Basic stats: NONE Column stats: COMPLETE
+                    Statistics: Num rows: 1100 Data size: 11686 Basic stats: COMPLETE Column stats: NONE
                     table:
                         input format: org.apache.hadoop.mapred.TextInputFormat
                         output format: org.apache.hadoop.hive.ql.io.HiveIgnoreKeyTextOutputFormat
@@ -5220,10 +5221,10 @@ STAGE PLANS:
                 TableScan
                   alias: srcpart_orc
                   filterExpr: UDFToDouble(hr) is not null (type: boolean)
-                  Statistics: Num rows: 2000 Data size: 188000 Basic stats: COMPLETE Column stats: COMPLETE
+                  Statistics: Num rows: 2000 Data size: 188000 Basic stats: COMPLETE Column stats: NONE
                   Filter Operator
                     predicate: UDFToDouble(hr) is not null (type: boolean)
-                    Statistics: Num rows: 1000 Data size: 0 Basic stats: PARTIAL Column stats: COMPLETE
+                    Statistics: Num rows: 1000 Data size: 94000 Basic stats: COMPLETE Column stats: NONE
                     Map Join Operator
                       condition map:
                            Inner Join 0 to 1
@@ -5235,9 +5236,9 @@ STAGE PLANS:
                         1 ds (type: string), UDFToDouble(hr) (type: double)
                       input vertices:
                         1 Map 3
-                      Statistics: Num rows: 1100 Data size: 0 Basic stats: PARTIAL Column stats: NONE
+                      Statistics: Num rows: 1100 Data size: 103400 Basic stats: COMPLETE Column stats: NONE
                       Select Operator
-                        Statistics: Num rows: 1100 Data size: 0 Basic stats: PARTIAL Column stats: NONE
+                        Statistics: Num rows: 1100 Data size: 103400 Basic stats: COMPLETE Column stats: NONE
                         Group By Operator
                           aggregations: count()
                           mode: hash
diff --git a/ql/src/test/results/clientpositive/tez/dynamic_partition_pruning_2.q.out b/ql/src/test/results/clientpositive/tez/dynamic_partition_pruning_2.q.out
index 43d08e52bb..ef11095989 100644
--- a/ql/src/test/results/clientpositive/tez/dynamic_partition_pruning_2.q.out
+++ b/ql/src/test/results/clientpositive/tez/dynamic_partition_pruning_2.q.out
@@ -491,7 +491,7 @@ STAGE PLANS:
                 TableScan
                   alias: agg
                   filterExpr: dim_shops_id is not null (type: boolean)
-                  Statistics: Num rows: 9 Data size: 27 Basic stats: COMPLETE Column stats: COMPLETE
+                  Statistics: Num rows: 9 Data size: 27 Basic stats: COMPLETE Column stats: NONE
                   Map Join Operator
                     condition map:
                          Inner Join 0 to 1
diff --git a/ql/src/test/results/clientpositive/tez/dynpart_sort_opt_vectorization.q.out b/ql/src/test/results/clientpositive/tez/dynpart_sort_opt_vectorization.q.out
index bbe0250511..ed42e670d4 100644
--- a/ql/src/test/results/clientpositive/tez/dynpart_sort_opt_vectorization.q.out
+++ b/ql/src/test/results/clientpositive/tez/dynpart_sort_opt_vectorization.q.out
@@ -2370,17 +2370,17 @@ STAGE PLANS:
             Map Operator Tree:
                 TableScan
                   alias: over1k_part_buck_sort2_orc
-                  Statistics: Num rows: 19 Data size: 493 Basic stats: COMPLETE Column stats: COMPLETE
+                  Statistics: Num rows: 19 Data size: 493 Basic stats: COMPLETE Column stats: NONE
                   Select Operator
-                    Statistics: Num rows: 19 Data size: 493 Basic stats: COMPLETE Column stats: COMPLETE
+                    Statistics: Num rows: 19 Data size: 493 Basic stats: COMPLETE Column stats: NONE
                     Group By Operator
                       aggregations: count()
                       mode: hash
                       outputColumnNames: _col0
-                      Statistics: Num rows: 1 Data size: 8 Basic stats: COMPLETE Column stats: COMPLETE
+                      Statistics: Num rows: 1 Data size: 8 Basic stats: COMPLETE Column stats: NONE
                       Reduce Output Operator
                         sort order: 
-                        Statistics: Num rows: 1 Data size: 8 Basic stats: COMPLETE Column stats: COMPLETE
+                        Statistics: Num rows: 1 Data size: 8 Basic stats: COMPLETE Column stats: NONE
                         value expressions: _col0 (type: bigint)
         Reducer 2 
             Reduce Operator Tree:
@@ -2388,14 +2388,14 @@ STAGE PLANS:
                 aggregations: count(VALUE._col0)
                 mode: mergepartial
                 outputColumnNames: _col0
-                Statistics: Num rows: 1 Data size: 8 Basic stats: COMPLETE Column stats: COMPLETE
+                Statistics: Num rows: 1 Data size: 8 Basic stats: COMPLETE Column stats: NONE
                 Select Operator
                   expressions: _col0 (type: bigint)
                   outputColumnNames: _col0
-                  Statistics: Num rows: 1 Data size: 8 Basic stats: COMPLETE Column stats: COMPLETE
+                  Statistics: Num rows: 1 Data size: 8 Basic stats: COMPLETE Column stats: NONE
                   File Output Operator
                     compressed: false
-                    Statistics: Num rows: 1 Data size: 8 Basic stats: COMPLETE Column stats: COMPLETE
+                    Statistics: Num rows: 1 Data size: 8 Basic stats: COMPLETE Column stats: NONE
                     table:
                         input format: org.apache.hadoop.mapred.TextInputFormat
                         output format: org.apache.hadoop.hive.ql.io.HiveIgnoreKeyTextOutputFormat
@@ -2593,17 +2593,17 @@ STAGE PLANS:
             Map Operator Tree:
                 TableScan
                   alias: over1k_part_buck_sort2_orc
-                  Statistics: Num rows: 19 Data size: 493 Basic stats: COMPLETE Column stats: COMPLETE
+                  Statistics: Num rows: 19 Data size: 493 Basic stats: COMPLETE Column stats: NONE
                   Select Operator
-                    Statistics: Num rows: 19 Data size: 493 Basic stats: COMPLETE Column stats: COMPLETE
+                    Statistics: Num rows: 19 Data size: 493 Basic stats: COMPLETE Column stats: NONE
                     Group By Operator
                       aggregations: count()
                       mode: hash
                       outputColumnNames: _col0
-                      Statistics: Num rows: 1 Data size: 8 Basic stats: COMPLETE Column stats: COMPLETE
+                      Statistics: Num rows: 1 Data size: 8 Basic stats: COMPLETE Column stats: NONE
                       Reduce Output Operator
                         sort order: 
-                        Statistics: Num rows: 1 Data size: 8 Basic stats: COMPLETE Column stats: COMPLETE
+                        Statistics: Num rows: 1 Data size: 8 Basic stats: COMPLETE Column stats: NONE
                         value expressions: _col0 (type: bigint)
         Reducer 2 
             Reduce Operator Tree:
@@ -2611,14 +2611,14 @@ STAGE PLANS:
                 aggregations: count(VALUE._col0)
                 mode: mergepartial
                 outputColumnNames: _col0
-                Statistics: Num rows: 1 Data size: 8 Basic stats: COMPLETE Column stats: COMPLETE
+                Statistics: Num rows: 1 Data size: 8 Basic stats: COMPLETE Column stats: NONE
                 Select Operator
                   expressions: _col0 (type: bigint)
                   outputColumnNames: _col0
-                  Statistics: Num rows: 1 Data size: 8 Basic stats: COMPLETE Column stats: COMPLETE
+                  Statistics: Num rows: 1 Data size: 8 Basic stats: COMPLETE Column stats: NONE
                   File Output Operator
                     compressed: false
-                    Statistics: Num rows: 1 Data size: 8 Basic stats: COMPLETE Column stats: COMPLETE
+                    Statistics: Num rows: 1 Data size: 8 Basic stats: COMPLETE Column stats: NONE
                     table:
                         input format: org.apache.hadoop.mapred.TextInputFormat
                         output format: org.apache.hadoop.hive.ql.io.HiveIgnoreKeyTextOutputFormat
diff --git a/ql/src/test/results/clientpositive/tez/metadataonly1.q.out b/ql/src/test/results/clientpositive/tez/metadataonly1.q.out
index 359884a9c2..cd038c8b04 100644
--- a/ql/src/test/results/clientpositive/tez/metadataonly1.q.out
+++ b/ql/src/test/results/clientpositive/tez/metadataonly1.q.out
@@ -48,17 +48,17 @@ STAGE PLANS:
                 aggregations: max(VALUE._col0)
                 mode: mergepartial
                 outputColumnNames: _col0
-                Statistics: Num rows: 1 Data size: 84 Basic stats: COMPLETE Column stats: COMPLETE
+                Statistics: Num rows: 1 Data size: 84 Basic stats: COMPLETE Column stats: NONE
                 Select Operator
                   expressions: _col0 (type: string)
                   outputColumnNames: _col0
-                  Statistics: Num rows: 1 Data size: 84 Basic stats: COMPLETE Column stats: COMPLETE
+                  Statistics: Num rows: 1 Data size: 84 Basic stats: COMPLETE Column stats: NONE
                   File Output Operator
                     compressed: false
                     GlobalTableId: 0
 #### A masked pattern was here ####
                     NumFilesPerFileSink: 1
-                    Statistics: Num rows: 1 Data size: 84 Basic stats: COMPLETE Column stats: COMPLETE
+                    Statistics: Num rows: 1 Data size: 84 Basic stats: COMPLETE Column stats: NONE
 #### A masked pattern was here ####
                     table:
                         input format: org.apache.hadoop.mapred.TextInputFormat
@@ -135,20 +135,20 @@ STAGE PLANS:
             Map Operator Tree:
                 TableScan
                   alias: test1
-                  Statistics: Num rows: 0 Data size: 0 Basic stats: NONE Column stats: COMPLETE
+                  Statistics: Num rows: 0 Data size: 0 Basic stats: NONE Column stats: NONE
                   GatherStats: false
                   Select Operator
                     expressions: ds (type: string)
                     outputColumnNames: ds
-                    Statistics: Num rows: 0 Data size: 0 Basic stats: NONE Column stats: COMPLETE
+                    Statistics: Num rows: 0 Data size: 0 Basic stats: NONE Column stats: NONE
                     Group By Operator
                       aggregations: max(ds)
                       mode: hash
                       outputColumnNames: _col0
-                      Statistics: Num rows: 1 Data size: 84 Basic stats: COMPLETE Column stats: COMPLETE
+                      Statistics: Num rows: 1 Data size: 84 Basic stats: COMPLETE Column stats: NONE
                       Reduce Output Operator
                         sort order: 
-                        Statistics: Num rows: 1 Data size: 84 Basic stats: COMPLETE Column stats: COMPLETE
+                        Statistics: Num rows: 1 Data size: 84 Basic stats: COMPLETE Column stats: NONE
                         tag: -1
                         value expressions: _col0 (type: string)
                         auto parallelism: false
@@ -204,17 +204,17 @@ STAGE PLANS:
                 aggregations: max(VALUE._col0)
                 mode: mergepartial
                 outputColumnNames: _col0
-                Statistics: Num rows: 1 Data size: 84 Basic stats: COMPLETE Column stats: COMPLETE
+                Statistics: Num rows: 1 Data size: 84 Basic stats: COMPLETE Column stats: NONE
                 Select Operator
                   expressions: _col0 (type: string)
                   outputColumnNames: _col0
-                  Statistics: Num rows: 1 Data size: 84 Basic stats: COMPLETE Column stats: COMPLETE
+                  Statistics: Num rows: 1 Data size: 84 Basic stats: COMPLETE Column stats: NONE
                   File Output Operator
                     compressed: false
                     GlobalTableId: 0
 #### A masked pattern was here ####
                     NumFilesPerFileSink: 1
-                    Statistics: Num rows: 1 Data size: 84 Basic stats: COMPLETE Column stats: COMPLETE
+                    Statistics: Num rows: 1 Data size: 84 Basic stats: COMPLETE Column stats: NONE
 #### A masked pattern was here ####
                     table:
                         input format: org.apache.hadoop.mapred.TextInputFormat
@@ -286,22 +286,22 @@ STAGE PLANS:
             Map Operator Tree:
                 TableScan
                   alias: test1
-                  Statistics: Num rows: 0 Data size: 0 Basic stats: NONE Column stats: COMPLETE
+                  Statistics: Num rows: 0 Data size: 0 Basic stats: NONE Column stats: NONE
                   GatherStats: false
                   Select Operator
                     expressions: ds (type: string)
                     outputColumnNames: ds
-                    Statistics: Num rows: 0 Data size: 0 Basic stats: NONE Column stats: COMPLETE
+                    Statistics: Num rows: 0 Data size: 0 Basic stats: NONE Column stats: NONE
                     Group By Operator
                       aggregations: count(DISTINCT ds)
                       keys: ds (type: string)
                       mode: hash
                       outputColumnNames: _col0, _col1
-                      Statistics: Num rows: 0 Data size: 0 Basic stats: NONE Column stats: COMPLETE
+                      Statistics: Num rows: 0 Data size: 0 Basic stats: NONE Column stats: NONE
                       Reduce Output Operator
                         key expressions: _col0 (type: string)
                         sort order: +
-                        Statistics: Num rows: 0 Data size: 0 Basic stats: NONE Column stats: COMPLETE
+                        Statistics: Num rows: 0 Data size: 0 Basic stats: NONE Column stats: NONE
                         tag: -1
                         auto parallelism: false
             Path -> Alias:
@@ -356,17 +356,17 @@ STAGE PLANS:
                 aggregations: count(DISTINCT KEY._col0:0._col0)
                 mode: mergepartial
                 outputColumnNames: _col0
-                Statistics: Num rows: 1 Data size: 16 Basic stats: COMPLETE Column stats: COMPLETE
+                Statistics: Num rows: 1 Data size: 16 Basic stats: COMPLETE Column stats: NONE
                 Select Operator
                   expressions: _col0 (type: bigint)
                   outputColumnNames: _col0
-                  Statistics: Num rows: 1 Data size: 8 Basic stats: COMPLETE Column stats: COMPLETE
+                  Statistics: Num rows: 1 Data size: 16 Basic stats: COMPLETE Column stats: NONE
                   File Output Operator
                     compressed: false
                     GlobalTableId: 0
 #### A masked pattern was here ####
                     NumFilesPerFileSink: 1
-                    Statistics: Num rows: 1 Data size: 8 Basic stats: COMPLETE Column stats: COMPLETE
+                    Statistics: Num rows: 1 Data size: 16 Basic stats: COMPLETE Column stats: NONE
 #### A masked pattern was here ####
                     table:
                         input format: org.apache.hadoop.mapred.TextInputFormat
@@ -438,20 +438,20 @@ STAGE PLANS:
             Map Operator Tree:
                 TableScan
                   alias: test1
-                  Statistics: Num rows: 0 Data size: 0 Basic stats: NONE Column stats: COMPLETE
+                  Statistics: Num rows: 0 Data size: 0 Basic stats: NONE Column stats: NONE
                   GatherStats: false
                   Select Operator
                     expressions: ds (type: string)
                     outputColumnNames: ds
-                    Statistics: Num rows: 0 Data size: 0 Basic stats: NONE Column stats: COMPLETE
+                    Statistics: Num rows: 0 Data size: 0 Basic stats: NONE Column stats: NONE
                     Group By Operator
                       aggregations: count(ds)
                       mode: hash
                       outputColumnNames: _col0
-                      Statistics: Num rows: 1 Data size: 8 Basic stats: COMPLETE Column stats: COMPLETE
+                      Statistics: Num rows: 1 Data size: 8 Basic stats: COMPLETE Column stats: NONE
                       Reduce Output Operator
                         sort order: 
-                        Statistics: Num rows: 1 Data size: 8 Basic stats: COMPLETE Column stats: COMPLETE
+                        Statistics: Num rows: 1 Data size: 8 Basic stats: COMPLETE Column stats: NONE
                         tag: -1
                         value expressions: _col0 (type: bigint)
                         auto parallelism: false
@@ -507,17 +507,17 @@ STAGE PLANS:
                 aggregations: count(VALUE._col0)
                 mode: mergepartial
                 outputColumnNames: _col0
-                Statistics: Num rows: 1 Data size: 8 Basic stats: COMPLETE Column stats: COMPLETE
+                Statistics: Num rows: 1 Data size: 8 Basic stats: COMPLETE Column stats: NONE
                 Select Operator
                   expressions: _col0 (type: bigint)
                   outputColumnNames: _col0
-                  Statistics: Num rows: 1 Data size: 8 Basic stats: COMPLETE Column stats: COMPLETE
+                  Statistics: Num rows: 1 Data size: 8 Basic stats: COMPLETE Column stats: NONE
                   File Output Operator
                     compressed: false
                     GlobalTableId: 0
 #### A masked pattern was here ####
                     NumFilesPerFileSink: 1
-                    Statistics: Num rows: 1 Data size: 8 Basic stats: COMPLETE Column stats: COMPLETE
+                    Statistics: Num rows: 1 Data size: 8 Basic stats: COMPLETE Column stats: NONE
 #### A masked pattern was here ####
                     table:
                         input format: org.apache.hadoop.mapred.TextInputFormat
@@ -627,20 +627,20 @@ STAGE PLANS:
             Map Operator Tree:
                 TableScan
                   alias: test1
-                  Statistics: Num rows: 0 Data size: 0 Basic stats: NONE Column stats: COMPLETE
+                  Statistics: Num rows: 0 Data size: 0 Basic stats: NONE Column stats: NONE
                   GatherStats: false
                   Select Operator
                     expressions: ds (type: string)
                     outputColumnNames: ds
-                    Statistics: Num rows: 0 Data size: 0 Basic stats: NONE Column stats: COMPLETE
+                    Statistics: Num rows: 0 Data size: 0 Basic stats: NONE Column stats: NONE
                     Group By Operator
                       aggregations: max(ds)
                       mode: hash
                       outputColumnNames: _col0
-                      Statistics: Num rows: 1 Data size: 84 Basic stats: COMPLETE Column stats: COMPLETE
+                      Statistics: Num rows: 1 Data size: 84 Basic stats: COMPLETE Column stats: NONE
                       Reduce Output Operator
                         sort order: 
-                        Statistics: Num rows: 1 Data size: 84 Basic stats: COMPLETE Column stats: COMPLETE
+                        Statistics: Num rows: 1 Data size: 84 Basic stats: COMPLETE Column stats: NONE
                         tag: -1
                         value expressions: _col0 (type: string)
                         auto parallelism: false
@@ -734,13 +734,13 @@ STAGE PLANS:
             Map Operator Tree:
                 TableScan
                   alias: a2
-                  Statistics: Num rows: 0 Data size: 0 Basic stats: NONE Column stats: COMPLETE
+                  Statistics: Num rows: 0 Data size: 0 Basic stats: NONE Column stats: NONE
                   GatherStats: false
                   Reduce Output Operator
                     key expressions: ds (type: string)
                     sort order: +
                     Map-reduce partition columns: ds (type: string)
-                    Statistics: Num rows: 0 Data size: 0 Basic stats: NONE Column stats: COMPLETE
+                    Statistics: Num rows: 0 Data size: 0 Basic stats: NONE Column stats: NONE
                     tag: 0
                     auto parallelism: true
             Path -> Alias:
@@ -836,35 +836,35 @@ STAGE PLANS:
                 aggregations: max(VALUE._col0)
                 mode: mergepartial
                 outputColumnNames: _col0
-                Statistics: Num rows: 1 Data size: 84 Basic stats: COMPLETE Column stats: COMPLETE
+                Statistics: Num rows: 1 Data size: 84 Basic stats: COMPLETE Column stats: NONE
                 Filter Operator
                   isSamplingPred: false
                   predicate: _col0 is not null (type: boolean)
-                  Statistics: Num rows: 1 Data size: 84 Basic stats: COMPLETE Column stats: COMPLETE
+                  Statistics: Num rows: 1 Data size: 84 Basic stats: COMPLETE Column stats: NONE
                   Select Operator
                     expressions: _col0 (type: string)
                     outputColumnNames: _col0
-                    Statistics: Num rows: 1 Data size: 84 Basic stats: COMPLETE Column stats: COMPLETE
+                    Statistics: Num rows: 1 Data size: 84 Basic stats: COMPLETE Column stats: NONE
                     Reduce Output Operator
                       key expressions: _col0 (type: string)
                       sort order: +
                       Map-reduce partition columns: _col0 (type: string)
-                      Statistics: Num rows: 1 Data size: 84 Basic stats: COMPLETE Column stats: COMPLETE
+                      Statistics: Num rows: 1 Data size: 84 Basic stats: COMPLETE Column stats: NONE
                       tag: 1
                       auto parallelism: true
                     Select Operator
                       expressions: _col0 (type: string)
                       outputColumnNames: _col0
-                      Statistics: Num rows: 1 Data size: 0 Basic stats: PARTIAL Column stats: COMPLETE
+                      Statistics: Num rows: 1 Data size: 84 Basic stats: COMPLETE Column stats: NONE
                       Group By Operator
                         keys: _col0 (type: string)
                         mode: hash
                         outputColumnNames: _col0
-                        Statistics: Num rows: 1 Data size: 0 Basic stats: PARTIAL Column stats: COMPLETE
+                        Statistics: Num rows: 1 Data size: 84 Basic stats: COMPLETE Column stats: NONE
                         Dynamic Partitioning Event Operator
                           Target Input: a2
                           Partition key expr: ds
-                          Statistics: Num rows: 1 Data size: 0 Basic stats: PARTIAL Column stats: COMPLETE
+                          Statistics: Num rows: 1 Data size: 84 Basic stats: COMPLETE Column stats: NONE
                           Target column: ds
                           Target Vertex: Map 5
         Reducer 3 
@@ -1017,23 +1017,23 @@ STAGE PLANS:
             Map Operator Tree:
                 TableScan
                   alias: test2
-                  Statistics: Num rows: 0 Data size: 0 Basic stats: NONE Column stats: COMPLETE
+                  Statistics: Num rows: 0 Data size: 0 Basic stats: NONE Column stats: NONE
                   GatherStats: false
                   Select Operator
                     expressions: ds (type: string), hr (type: string)
                     outputColumnNames: ds, hr
-                    Statistics: Num rows: 0 Data size: 0 Basic stats: NONE Column stats: COMPLETE
+                    Statistics: Num rows: 0 Data size: 0 Basic stats: NONE Column stats: NONE
                     Group By Operator
                       aggregations: count(DISTINCT hr)
                       keys: ds (type: string), hr (type: string)
                       mode: hash
                       outputColumnNames: _col0, _col1, _col2
-                      Statistics: Num rows: 0 Data size: 0 Basic stats: NONE Column stats: COMPLETE
+                      Statistics: Num rows: 0 Data size: 0 Basic stats: NONE Column stats: NONE
                       Reduce Output Operator
                         key expressions: _col0 (type: string), _col1 (type: string)
                         sort order: ++
                         Map-reduce partition columns: _col0 (type: string)
-                        Statistics: Num rows: 0 Data size: 0 Basic stats: NONE Column stats: COMPLETE
+                        Statistics: Num rows: 0 Data size: 0 Basic stats: NONE Column stats: NONE
                         tag: -1
                         auto parallelism: true
             Path -> Alias:
@@ -1176,17 +1176,17 @@ STAGE PLANS:
                 keys: KEY._col0 (type: string)
                 mode: mergepartial
                 outputColumnNames: _col0, _col1
-                Statistics: Num rows: 0 Data size: 0 Basic stats: NONE Column stats: COMPLETE
+                Statistics: Num rows: 0 Data size: 0 Basic stats: NONE Column stats: NONE
                 Select Operator
                   expressions: _col0 (type: string), _col1 (type: bigint)
                   outputColumnNames: _col0, _col1
-                  Statistics: Num rows: 0 Data size: 0 Basic stats: NONE Column stats: COMPLETE
+                  Statistics: Num rows: 0 Data size: 0 Basic stats: NONE Column stats: NONE
                   File Output Operator
                     compressed: false
                     GlobalTableId: 0
 #### A masked pattern was here ####
                     NumFilesPerFileSink: 1
-                    Statistics: Num rows: 0 Data size: 0 Basic stats: NONE Column stats: COMPLETE
+                    Statistics: Num rows: 0 Data size: 0 Basic stats: NONE Column stats: NONE
 #### A masked pattern was here ####
                     table:
                         input format: org.apache.hadoop.mapred.TextInputFormat
@@ -1268,23 +1268,23 @@ STAGE PLANS:
             Map Operator Tree:
                 TableScan
                   alias: test2
-                  Statistics: Num rows: 0 Data size: 0 Basic stats: NONE Column stats: COMPLETE
+                  Statistics: Num rows: 0 Data size: 0 Basic stats: NONE Column stats: NONE
                   GatherStats: false
                   Select Operator
                     expressions: ds (type: string), hr (type: string)
                     outputColumnNames: ds, hr
-                    Statistics: Num rows: 0 Data size: 0 Basic stats: NONE Column stats: COMPLETE
+                    Statistics: Num rows: 0 Data size: 0 Basic stats: NONE Column stats: NONE
                     Group By Operator
                       aggregations: count(hr)
                       keys: ds (type: string)
                       mode: hash
                       outputColumnNames: _col0, _col1
-                      Statistics: Num rows: 0 Data size: 0 Basic stats: NONE Column stats: COMPLETE
+                      Statistics: Num rows: 0 Data size: 0 Basic stats: NONE Column stats: NONE
                       Reduce Output Operator
                         key expressions: _col0 (type: string)
                         sort order: +
                         Map-reduce partition columns: _col0 (type: string)
-                        Statistics: Num rows: 0 Data size: 0 Basic stats: NONE Column stats: COMPLETE
+                        Statistics: Num rows: 0 Data size: 0 Basic stats: NONE Column stats: NONE
                         tag: -1
                         value expressions: _col1 (type: bigint)
                         auto parallelism: true
@@ -1426,17 +1426,17 @@ STAGE PLANS:
                 keys: KEY._col0 (type: string)
                 mode: mergepartial
                 outputColumnNames: _col0, _col1
-                Statistics: Num rows: 0 Data size: 0 Basic stats: NONE Column stats: COMPLETE
+                Statistics: Num rows: 0 Data size: 0 Basic stats: NONE Column stats: NONE
                 Select Operator
                   expressions: _col0 (type: string), _col1 (type: bigint)
                   outputColumnNames: _col0, _col1
-                  Statistics: Num rows: 0 Data size: 0 Basic stats: NONE Column stats: COMPLETE
+                  Statistics: Num rows: 0 Data size: 0 Basic stats: NONE Column stats: NONE
                   File Output Operator
                     compressed: false
                     GlobalTableId: 0
 #### A masked pattern was here ####
                     NumFilesPerFileSink: 1
-                    Statistics: Num rows: 0 Data size: 0 Basic stats: NONE Column stats: COMPLETE
+                    Statistics: Num rows: 0 Data size: 0 Basic stats: NONE Column stats: NONE
 #### A masked pattern was here ####
                     table:
                         input format: org.apache.hadoop.mapred.TextInputFormat
@@ -1511,20 +1511,20 @@ STAGE PLANS:
             Map Operator Tree:
                 TableScan
                   alias: test1
-                  Statistics: Num rows: 0 Data size: 0 Basic stats: NONE Column stats: COMPLETE
+                  Statistics: Num rows: 0 Data size: 0 Basic stats: NONE Column stats: NONE
                   GatherStats: false
                   Select Operator
                     expressions: ds (type: string)
                     outputColumnNames: ds
-                    Statistics: Num rows: 0 Data size: 0 Basic stats: NONE Column stats: COMPLETE
+                    Statistics: Num rows: 0 Data size: 0 Basic stats: NONE Column stats: NONE
                     Group By Operator
                       aggregations: max(ds)
                       mode: hash
                       outputColumnNames: _col0
-                      Statistics: Num rows: 1 Data size: 84 Basic stats: COMPLETE Column stats: COMPLETE
+                      Statistics: Num rows: 1 Data size: 84 Basic stats: COMPLETE Column stats: NONE
                       Reduce Output Operator
                         sort order: 
-                        Statistics: Num rows: 1 Data size: 84 Basic stats: COMPLETE Column stats: COMPLETE
+                        Statistics: Num rows: 1 Data size: 84 Basic stats: COMPLETE Column stats: NONE
                         tag: -1
                         value expressions: _col0 (type: string)
                         auto parallelism: false
@@ -1622,17 +1622,17 @@ STAGE PLANS:
                 aggregations: max(VALUE._col0)
                 mode: mergepartial
                 outputColumnNames: _col0
-                Statistics: Num rows: 1 Data size: 84 Basic stats: COMPLETE Column stats: COMPLETE
+                Statistics: Num rows: 1 Data size: 84 Basic stats: COMPLETE Column stats: NONE
                 Select Operator
                   expressions: _col0 (type: string)
                   outputColumnNames: _col0
-                  Statistics: Num rows: 1 Data size: 84 Basic stats: COMPLETE Column stats: COMPLETE
+                  Statistics: Num rows: 1 Data size: 84 Basic stats: COMPLETE Column stats: NONE
                   File Output Operator
                     compressed: false
                     GlobalTableId: 0
 #### A masked pattern was here ####
                     NumFilesPerFileSink: 1
-                    Statistics: Num rows: 1 Data size: 84 Basic stats: COMPLETE Column stats: COMPLETE
+                    Statistics: Num rows: 1 Data size: 84 Basic stats: COMPLETE Column stats: NONE
 #### A masked pattern was here ####
                     table:
                         input format: org.apache.hadoop.mapred.TextInputFormat
@@ -1763,23 +1763,23 @@ STAGE PLANS:
             Map Operator Tree:
                 TableScan
                   alias: test2
-                  Statistics: Num rows: 0 Data size: 0 Basic stats: NONE Column stats: COMPLETE
+                  Statistics: Num rows: 0 Data size: 0 Basic stats: NONE Column stats: NONE
                   GatherStats: false
                   Select Operator
                     expressions: ds (type: string), hr (type: string)
                     outputColumnNames: ds, hr
-                    Statistics: Num rows: 0 Data size: 0 Basic stats: NONE Column stats: COMPLETE
+                    Statistics: Num rows: 0 Data size: 0 Basic stats: NONE Column stats: NONE
                     Group By Operator
                       aggregations: count(DISTINCT hr)
                       keys: ds (type: string), hr (type: string)
                       mode: hash
                       outputColumnNames: _col0, _col1, _col2
-                      Statistics: Num rows: 0 Data size: 0 Basic stats: NONE Column stats: COMPLETE
+                      Statistics: Num rows: 0 Data size: 0 Basic stats: NONE Column stats: NONE
                       Reduce Output Operator
                         key expressions: _col0 (type: string), _col1 (type: string)
                         sort order: ++
                         Map-reduce partition columns: _col0 (type: string)
-                        Statistics: Num rows: 0 Data size: 0 Basic stats: NONE Column stats: COMPLETE
+                        Statistics: Num rows: 0 Data size: 0 Basic stats: NONE Column stats: NONE
                         tag: -1
                         auto parallelism: true
             Path -> Alias:
@@ -2008,17 +2008,17 @@ STAGE PLANS:
                 keys: KEY._col0 (type: string)
                 mode: mergepartial
                 outputColumnNames: _col0, _col1
-                Statistics: Num rows: 0 Data size: 0 Basic stats: NONE Column stats: COMPLETE
+                Statistics: Num rows: 0 Data size: 0 Basic stats: NONE Column stats: NONE
                 Select Operator
                   expressions: _col0 (type: string), _col1 (type: bigint)
                   outputColumnNames: _col0, _col1
-                  Statistics: Num rows: 0 Data size: 0 Basic stats: NONE Column stats: COMPLETE
+                  Statistics: Num rows: 0 Data size: 0 Basic stats: NONE Column stats: NONE
                   File Output Operator
                     compressed: false
                     GlobalTableId: 0
 #### A masked pattern was here ####
                     NumFilesPerFileSink: 1
-                    Statistics: Num rows: 0 Data size: 0 Basic stats: NONE Column stats: COMPLETE
+                    Statistics: Num rows: 0 Data size: 0 Basic stats: NONE Column stats: NONE
 #### A masked pattern was here ####
                     table:
                         input format: org.apache.hadoop.mapred.TextInputFormat
diff --git a/ql/src/test/results/clientpositive/tez/vectorized_dynamic_partition_pruning.q.out b/ql/src/test/results/clientpositive/tez/vectorized_dynamic_partition_pruning.q.out
index b3b66256a4..b0a5bcb1cd 100644
--- a/ql/src/test/results/clientpositive/tez/vectorized_dynamic_partition_pruning.q.out
+++ b/ql/src/test/results/clientpositive/tez/vectorized_dynamic_partition_pruning.q.out
@@ -56,35 +56,35 @@ STAGE PLANS:
             Map Operator Tree:
                 TableScan
                   alias: srcpart
-                  Statistics: Num rows: 2000 Data size: 21248 Basic stats: COMPLETE Column stats: COMPLETE
+                  Statistics: Num rows: 2000 Data size: 21248 Basic stats: COMPLETE Column stats: NONE
                   Select Operator
                     expressions: ds (type: string)
                     outputColumnNames: ds
-                    Statistics: Num rows: 2000 Data size: 21248 Basic stats: COMPLETE Column stats: COMPLETE
+                    Statistics: Num rows: 2000 Data size: 21248 Basic stats: COMPLETE Column stats: NONE
                     Group By Operator
                       keys: ds (type: string)
                       mode: hash
                       outputColumnNames: _col0
-                      Statistics: Num rows: 1000 Data size: 184000 Basic stats: COMPLETE Column stats: COMPLETE
+                      Statistics: Num rows: 2000 Data size: 21248 Basic stats: COMPLETE Column stats: NONE
                       Reduce Output Operator
                         key expressions: _col0 (type: string)
                         sort order: +
                         Map-reduce partition columns: _col0 (type: string)
-                        Statistics: Num rows: 1000 Data size: 184000 Basic stats: COMPLETE Column stats: COMPLETE
+                        Statistics: Num rows: 2000 Data size: 21248 Basic stats: COMPLETE Column stats: NONE
         Reducer 2 
             Reduce Operator Tree:
               Group By Operator
                 keys: KEY._col0 (type: string)
                 mode: mergepartial
                 outputColumnNames: _col0
-                Statistics: Num rows: 1000 Data size: 184000 Basic stats: COMPLETE Column stats: COMPLETE
+                Statistics: Num rows: 1000 Data size: 10624 Basic stats: COMPLETE Column stats: NONE
                 Select Operator
                   expressions: _col0 (type: string), _col0 (type: string)
                   outputColumnNames: _col0, _col1
-                  Statistics: Num rows: 1000 Data size: 368000 Basic stats: COMPLETE Column stats: COMPLETE
+                  Statistics: Num rows: 1000 Data size: 10624 Basic stats: COMPLETE Column stats: NONE
                   File Output Operator
                     compressed: false
-                    Statistics: Num rows: 1000 Data size: 368000 Basic stats: COMPLETE Column stats: COMPLETE
+                    Statistics: Num rows: 1000 Data size: 10624 Basic stats: COMPLETE Column stats: NONE
                     table:
                         input format: org.apache.hadoop.mapred.TextInputFormat
                         output format: org.apache.hadoop.hive.ql.io.HiveIgnoreKeyTextOutputFormat
@@ -208,12 +208,12 @@ STAGE PLANS:
                 TableScan
                   alias: srcpart
                   filterExpr: ds is not null (type: boolean)
-                  Statistics: Num rows: 2000 Data size: 21248 Basic stats: COMPLETE Column stats: COMPLETE
+                  Statistics: Num rows: 2000 Data size: 21248 Basic stats: COMPLETE Column stats: NONE
                   Reduce Output Operator
                     key expressions: ds (type: string)
                     sort order: +
                     Map-reduce partition columns: ds (type: string)
-                    Statistics: Num rows: 2000 Data size: 21248 Basic stats: COMPLETE Column stats: COMPLETE
+                    Statistics: Num rows: 2000 Data size: 21248 Basic stats: COMPLETE Column stats: NONE
         Map 4 
             Map Operator Tree:
                 TableScan
@@ -330,12 +330,12 @@ STAGE PLANS:
                 TableScan
                   alias: srcpart
                   filterExpr: ds is not null (type: boolean)
-                  Statistics: Num rows: 2000 Data size: 21248 Basic stats: COMPLETE Column stats: COMPLETE
+                  Statistics: Num rows: 2000 Data size: 21248 Basic stats: COMPLETE Column stats: NONE
                   Reduce Output Operator
                     key expressions: ds (type: string)
                     sort order: +
                     Map-reduce partition columns: ds (type: string)
-                    Statistics: Num rows: 2000 Data size: 21248 Basic stats: COMPLETE Column stats: COMPLETE
+                    Statistics: Num rows: 2000 Data size: 21248 Basic stats: COMPLETE Column stats: NONE
         Map 4 
             Map Operator Tree:
                 TableScan
@@ -454,12 +454,12 @@ STAGE PLANS:
             Map Operator Tree:
                 TableScan
                   alias: srcpart
-                  Statistics: Num rows: 2000 Data size: 21248 Basic stats: COMPLETE Column stats: COMPLETE
+                  Statistics: Num rows: 2000 Data size: 21248 Basic stats: COMPLETE Column stats: NONE
                   Reduce Output Operator
                     key expressions: ds (type: string)
                     sort order: +
                     Map-reduce partition columns: ds (type: string)
-                    Statistics: Num rows: 2000 Data size: 21248 Basic stats: COMPLETE Column stats: COMPLETE
+                    Statistics: Num rows: 2000 Data size: 21248 Basic stats: COMPLETE Column stats: NONE
                     value expressions: hr (type: string)
         Map 5 
             Map Operator Tree:
@@ -628,12 +628,12 @@ STAGE PLANS:
                 TableScan
                   alias: srcpart
                   filterExpr: (ds is not null and hr is not null) (type: boolean)
-                  Statistics: Num rows: 2000 Data size: 21248 Basic stats: COMPLETE Column stats: COMPLETE
+                  Statistics: Num rows: 2000 Data size: 21248 Basic stats: COMPLETE Column stats: NONE
                   Reduce Output Operator
                     key expressions: ds (type: string)
                     sort order: +
                     Map-reduce partition columns: ds (type: string)
-                    Statistics: Num rows: 2000 Data size: 21248 Basic stats: COMPLETE Column stats: COMPLETE
+                    Statistics: Num rows: 2000 Data size: 21248 Basic stats: COMPLETE Column stats: NONE
                     value expressions: hr (type: string)
         Map 5 
             Map Operator Tree:
@@ -781,12 +781,12 @@ STAGE PLANS:
             Map Operator Tree:
                 TableScan
                   alias: srcpart
-                  Statistics: Num rows: 2000 Data size: 21248 Basic stats: COMPLETE Column stats: COMPLETE
+                  Statistics: Num rows: 2000 Data size: 21248 Basic stats: COMPLETE Column stats: NONE
                   Reduce Output Operator
                     key expressions: ds (type: string), hr (type: string)
                     sort order: ++
                     Map-reduce partition columns: ds (type: string), hr (type: string)
-                    Statistics: Num rows: 2000 Data size: 21248 Basic stats: COMPLETE Column stats: COMPLETE
+                    Statistics: Num rows: 2000 Data size: 21248 Basic stats: COMPLETE Column stats: NONE
         Map 4 
             Map Operator Tree:
                 TableScan
@@ -917,12 +917,12 @@ STAGE PLANS:
                 TableScan
                   alias: srcpart
                   filterExpr: (ds is not null and hr is not null) (type: boolean)
-                  Statistics: Num rows: 2000 Data size: 21248 Basic stats: COMPLETE Column stats: COMPLETE
+                  Statistics: Num rows: 2000 Data size: 21248 Basic stats: COMPLETE Column stats: NONE
                   Reduce Output Operator
                     key expressions: ds (type: string), hr (type: string)
                     sort order: ++
                     Map-reduce partition columns: ds (type: string), hr (type: string)
-                    Statistics: Num rows: 2000 Data size: 21248 Basic stats: COMPLETE Column stats: COMPLETE
+                    Statistics: Num rows: 2000 Data size: 21248 Basic stats: COMPLETE Column stats: NONE
         Map 4 
             Map Operator Tree:
                 TableScan
@@ -1036,12 +1036,12 @@ STAGE PLANS:
                 TableScan
                   alias: srcpart
                   filterExpr: ds is not null (type: boolean)
-                  Statistics: Num rows: 2000 Data size: 21248 Basic stats: COMPLETE Column stats: COMPLETE
+                  Statistics: Num rows: 2000 Data size: 21248 Basic stats: COMPLETE Column stats: NONE
                   Reduce Output Operator
                     key expressions: ds (type: string)
                     sort order: +
                     Map-reduce partition columns: ds (type: string)
-                    Statistics: Num rows: 2000 Data size: 21248 Basic stats: COMPLETE Column stats: COMPLETE
+                    Statistics: Num rows: 2000 Data size: 21248 Basic stats: COMPLETE Column stats: NONE
         Map 4 
             Map Operator Tree:
                 TableScan
@@ -1158,12 +1158,12 @@ STAGE PLANS:
                 TableScan
                   alias: srcpart
                   filterExpr: ds is not null (type: boolean)
-                  Statistics: Num rows: 2000 Data size: 21248 Basic stats: COMPLETE Column stats: COMPLETE
+                  Statistics: Num rows: 2000 Data size: 21248 Basic stats: COMPLETE Column stats: NONE
                   Reduce Output Operator
                     key expressions: ds (type: string)
                     sort order: +
                     Map-reduce partition columns: ds (type: string)
-                    Statistics: Num rows: 2000 Data size: 21248 Basic stats: COMPLETE Column stats: COMPLETE
+                    Statistics: Num rows: 2000 Data size: 21248 Basic stats: COMPLETE Column stats: NONE
         Map 4 
             Map Operator Tree:
                 TableScan
@@ -1276,15 +1276,15 @@ STAGE PLANS:
                 TableScan
                   alias: srcpart
                   filterExpr: UDFToDouble(hr) is not null (type: boolean)
-                  Statistics: Num rows: 2000 Data size: 21248 Basic stats: COMPLETE Column stats: COMPLETE
+                  Statistics: Num rows: 2000 Data size: 21248 Basic stats: COMPLETE Column stats: NONE
                   Filter Operator
                     predicate: UDFToDouble(hr) is not null (type: boolean)
-                    Statistics: Num rows: 1000 Data size: 0 Basic stats: PARTIAL Column stats: COMPLETE
+                    Statistics: Num rows: 1000 Data size: 10624 Basic stats: COMPLETE Column stats: NONE
                     Reduce Output Operator
                       key expressions: UDFToDouble(hr) (type: double)
                       sort order: +
                       Map-reduce partition columns: UDFToDouble(hr) (type: double)
-                      Statistics: Num rows: 1000 Data size: 0 Basic stats: PARTIAL Column stats: COMPLETE
+                      Statistics: Num rows: 1000 Data size: 10624 Basic stats: COMPLETE Column stats: NONE
         Map 4 
             Map Operator Tree:
                 TableScan
@@ -1322,9 +1322,9 @@ STAGE PLANS:
                 condition expressions:
                   0 
                   1 
-                Statistics: Num rows: 1100 Data size: 0 Basic stats: PARTIAL Column stats: NONE
+                Statistics: Num rows: 1100 Data size: 11686 Basic stats: COMPLETE Column stats: NONE
                 Select Operator
-                  Statistics: Num rows: 1100 Data size: 0 Basic stats: PARTIAL Column stats: NONE
+                  Statistics: Num rows: 1100 Data size: 11686 Basic stats: COMPLETE Column stats: NONE
                   Group By Operator
                     aggregations: count()
                     mode: hash
@@ -1400,15 +1400,15 @@ STAGE PLANS:
                 TableScan
                   alias: srcpart
                   filterExpr: (hr * 2) is not null (type: boolean)
-                  Statistics: Num rows: 2000 Data size: 21248 Basic stats: COMPLETE Column stats: COMPLETE
+                  Statistics: Num rows: 2000 Data size: 21248 Basic stats: COMPLETE Column stats: NONE
                   Filter Operator
                     predicate: (hr * 2) is not null (type: boolean)
-                    Statistics: Num rows: 1000 Data size: 0 Basic stats: PARTIAL Column stats: COMPLETE
+                    Statistics: Num rows: 1000 Data size: 10624 Basic stats: COMPLETE Column stats: NONE
                     Reduce Output Operator
                       key expressions: (hr * 2) (type: double)
                       sort order: +
                       Map-reduce partition columns: (hr * 2) (type: double)
-                      Statistics: Num rows: 1000 Data size: 0 Basic stats: PARTIAL Column stats: COMPLETE
+                      Statistics: Num rows: 1000 Data size: 10624 Basic stats: COMPLETE Column stats: NONE
         Map 4 
             Map Operator Tree:
                 TableScan
@@ -1446,9 +1446,9 @@ STAGE PLANS:
                 condition expressions:
                   0 
                   1 
-                Statistics: Num rows: 1100 Data size: 0 Basic stats: PARTIAL Column stats: NONE
+                Statistics: Num rows: 1100 Data size: 11686 Basic stats: COMPLETE Column stats: NONE
                 Select Operator
-                  Statistics: Num rows: 1100 Data size: 0 Basic stats: PARTIAL Column stats: NONE
+                  Statistics: Num rows: 1100 Data size: 11686 Basic stats: COMPLETE Column stats: NONE
                   Group By Operator
                     aggregations: count()
                     mode: hash
@@ -1524,15 +1524,15 @@ STAGE PLANS:
                 TableScan
                   alias: srcpart
                   filterExpr: UDFToDouble(hr) is not null (type: boolean)
-                  Statistics: Num rows: 2000 Data size: 21248 Basic stats: COMPLETE Column stats: COMPLETE
+                  Statistics: Num rows: 2000 Data size: 21248 Basic stats: COMPLETE Column stats: NONE
                   Filter Operator
                     predicate: UDFToDouble(hr) is not null (type: boolean)
-                    Statistics: Num rows: 1000 Data size: 0 Basic stats: PARTIAL Column stats: COMPLETE
+                    Statistics: Num rows: 1000 Data size: 10624 Basic stats: COMPLETE Column stats: NONE
                     Reduce Output Operator
                       key expressions: UDFToDouble(hr) (type: double)
                       sort order: +
                       Map-reduce partition columns: UDFToDouble(hr) (type: double)
-                      Statistics: Num rows: 1000 Data size: 0 Basic stats: PARTIAL Column stats: COMPLETE
+                      Statistics: Num rows: 1000 Data size: 10624 Basic stats: COMPLETE Column stats: NONE
         Map 4 
             Map Operator Tree:
                 TableScan
@@ -1555,9 +1555,9 @@ STAGE PLANS:
                 condition expressions:
                   0 
                   1 
-                Statistics: Num rows: 1100 Data size: 0 Basic stats: PARTIAL Column stats: NONE
+                Statistics: Num rows: 1100 Data size: 11686 Basic stats: COMPLETE Column stats: NONE
                 Select Operator
-                  Statistics: Num rows: 1100 Data size: 0 Basic stats: PARTIAL Column stats: NONE
+                  Statistics: Num rows: 1100 Data size: 11686 Basic stats: COMPLETE Column stats: NONE
                   Group By Operator
                     aggregations: count()
                     mode: hash
@@ -1633,15 +1633,15 @@ STAGE PLANS:
                 TableScan
                   alias: srcpart
                   filterExpr: (hr * 2) is not null (type: boolean)
-                  Statistics: Num rows: 2000 Data size: 21248 Basic stats: COMPLETE Column stats: COMPLETE
+                  Statistics: Num rows: 2000 Data size: 21248 Basic stats: COMPLETE Column stats: NONE
                   Filter Operator
                     predicate: (hr * 2) is not null (type: boolean)
-                    Statistics: Num rows: 1000 Data size: 0 Basic stats: PARTIAL Column stats: COMPLETE
+                    Statistics: Num rows: 1000 Data size: 10624 Basic stats: COMPLETE Column stats: NONE
                     Reduce Output Operator
                       key expressions: (hr * 2) (type: double)
                       sort order: +
                       Map-reduce partition columns: (hr * 2) (type: double)
-                      Statistics: Num rows: 1000 Data size: 0 Basic stats: PARTIAL Column stats: COMPLETE
+                      Statistics: Num rows: 1000 Data size: 10624 Basic stats: COMPLETE Column stats: NONE
         Map 4 
             Map Operator Tree:
                 TableScan
@@ -1664,9 +1664,9 @@ STAGE PLANS:
                 condition expressions:
                   0 
                   1 
-                Statistics: Num rows: 1100 Data size: 0 Basic stats: PARTIAL Column stats: NONE
+                Statistics: Num rows: 1100 Data size: 11686 Basic stats: COMPLETE Column stats: NONE
                 Select Operator
-                  Statistics: Num rows: 1100 Data size: 0 Basic stats: PARTIAL Column stats: NONE
+                  Statistics: Num rows: 1100 Data size: 11686 Basic stats: COMPLETE Column stats: NONE
                   Group By Operator
                     aggregations: count()
                     mode: hash
@@ -1755,15 +1755,15 @@ STAGE PLANS:
                 TableScan
                   alias: srcpart
                   filterExpr: UDFToString((hr * 2)) is not null (type: boolean)
-                  Statistics: Num rows: 2000 Data size: 21248 Basic stats: COMPLETE Column stats: COMPLETE
+                  Statistics: Num rows: 2000 Data size: 21248 Basic stats: COMPLETE Column stats: NONE
                   Filter Operator
                     predicate: UDFToString((hr * 2)) is not null (type: boolean)
-                    Statistics: Num rows: 1000 Data size: 0 Basic stats: PARTIAL Column stats: COMPLETE
+                    Statistics: Num rows: 1000 Data size: 10624 Basic stats: COMPLETE Column stats: NONE
                     Reduce Output Operator
                       key expressions: UDFToString((hr * 2)) (type: string)
                       sort order: +
                       Map-reduce partition columns: UDFToString((hr * 2)) (type: string)
-                      Statistics: Num rows: 1000 Data size: 0 Basic stats: PARTIAL Column stats: COMPLETE
+                      Statistics: Num rows: 1000 Data size: 10624 Basic stats: COMPLETE Column stats: NONE
         Map 4 
             Map Operator Tree:
                 TableScan
@@ -1801,9 +1801,9 @@ STAGE PLANS:
                 condition expressions:
                   0 
                   1 
-                Statistics: Num rows: 1100 Data size: 0 Basic stats: PARTIAL Column stats: NONE
+                Statistics: Num rows: 1100 Data size: 11686 Basic stats: COMPLETE Column stats: NONE
                 Select Operator
-                  Statistics: Num rows: 1100 Data size: 0 Basic stats: PARTIAL Column stats: NONE
+                  Statistics: Num rows: 1100 Data size: 11686 Basic stats: COMPLETE Column stats: NONE
                   Group By Operator
                     aggregations: count()
                     mode: hash
@@ -1895,25 +1895,25 @@ STAGE PLANS:
                 TableScan
                   alias: srcpart
                   filterExpr: ds is not null (type: boolean)
-                  Statistics: Num rows: 2000 Data size: 21248 Basic stats: COMPLETE Column stats: COMPLETE
+                  Statistics: Num rows: 2000 Data size: 21248 Basic stats: COMPLETE Column stats: NONE
                   Reduce Output Operator
                     key expressions: ds (type: string)
                     sort order: +
                     Map-reduce partition columns: ds (type: string)
-                    Statistics: Num rows: 2000 Data size: 21248 Basic stats: COMPLETE Column stats: COMPLETE
+                    Statistics: Num rows: 2000 Data size: 21248 Basic stats: COMPLETE Column stats: NONE
                   Select Operator
                     expressions: ds (type: string)
                     outputColumnNames: _col0
-                    Statistics: Num rows: 2000 Data size: 0 Basic stats: PARTIAL Column stats: COMPLETE
+                    Statistics: Num rows: 2000 Data size: 21248 Basic stats: COMPLETE Column stats: NONE
                     Group By Operator
                       keys: _col0 (type: string)
                       mode: hash
                       outputColumnNames: _col0
-                      Statistics: Num rows: 2000 Data size: 0 Basic stats: PARTIAL Column stats: COMPLETE
+                      Statistics: Num rows: 2000 Data size: 21248 Basic stats: COMPLETE Column stats: NONE
                       Dynamic Partitioning Event Operator
                         Target Input: srcpart
                         Partition key expr: ds
-                        Statistics: Num rows: 2000 Data size: 0 Basic stats: PARTIAL Column stats: COMPLETE
+                        Statistics: Num rows: 2000 Data size: 21248 Basic stats: COMPLETE Column stats: NONE
                         Target column: ds
                         Target Vertex: Map 4
         Map 4 
@@ -1921,21 +1921,21 @@ STAGE PLANS:
                 TableScan
                   alias: srcpart
                   filterExpr: (ds is not null and (ds = '2008-04-08')) (type: boolean)
-                  Statistics: Num rows: 1000 Data size: 10624 Basic stats: COMPLETE Column stats: COMPLETE
+                  Statistics: Num rows: 1000 Data size: 10624 Basic stats: COMPLETE Column stats: NONE
                   Select Operator
                     expressions: ds (type: string)
                     outputColumnNames: ds
-                    Statistics: Num rows: 1000 Data size: 10624 Basic stats: COMPLETE Column stats: COMPLETE
+                    Statistics: Num rows: 1000 Data size: 10624 Basic stats: COMPLETE Column stats: NONE
                     Group By Operator
                       keys: ds (type: string)
                       mode: hash
                       outputColumnNames: _col0
-                      Statistics: Num rows: 500 Data size: 92000 Basic stats: COMPLETE Column stats: COMPLETE
+                      Statistics: Num rows: 1000 Data size: 10624 Basic stats: COMPLETE Column stats: NONE
                       Reduce Output Operator
                         key expressions: _col0 (type: string)
                         sort order: +
                         Map-reduce partition columns: _col0 (type: string)
-                        Statistics: Num rows: 500 Data size: 92000 Basic stats: COMPLETE Column stats: COMPLETE
+                        Statistics: Num rows: 1000 Data size: 10624 Basic stats: COMPLETE Column stats: NONE
         Reducer 2 
             Reduce Operator Tree:
               Merge Join Operator
@@ -1944,17 +1944,17 @@ STAGE PLANS:
                 condition expressions:
                   0 
                   1 
-                Statistics: Num rows: 500 Data size: 0 Basic stats: PARTIAL Column stats: COMPLETE
+                Statistics: Num rows: 2200 Data size: 23372 Basic stats: COMPLETE Column stats: NONE
                 Select Operator
-                  Statistics: Num rows: 500 Data size: 0 Basic stats: PARTIAL Column stats: COMPLETE
+                  Statistics: Num rows: 2200 Data size: 23372 Basic stats: COMPLETE Column stats: NONE
                   Group By Operator
                     aggregations: count()
                     mode: hash
                     outputColumnNames: _col0
-                    Statistics: Num rows: 1 Data size: 8 Basic stats: COMPLETE Column stats: COMPLETE
+                    Statistics: Num rows: 1 Data size: 8 Basic stats: COMPLETE Column stats: NONE
                     Reduce Output Operator
                       sort order: 
-                      Statistics: Num rows: 1 Data size: 8 Basic stats: COMPLETE Column stats: COMPLETE
+                      Statistics: Num rows: 1 Data size: 8 Basic stats: COMPLETE Column stats: NONE
                       value expressions: _col0 (type: bigint)
         Reducer 3 
             Reduce Operator Tree:
@@ -1962,14 +1962,14 @@ STAGE PLANS:
                 aggregations: count(VALUE._col0)
                 mode: mergepartial
                 outputColumnNames: _col0
-                Statistics: Num rows: 1 Data size: 8 Basic stats: COMPLETE Column stats: COMPLETE
+                Statistics: Num rows: 1 Data size: 8 Basic stats: COMPLETE Column stats: NONE
                 Select Operator
                   expressions: _col0 (type: bigint)
                   outputColumnNames: _col0
-                  Statistics: Num rows: 1 Data size: 8 Basic stats: COMPLETE Column stats: COMPLETE
+                  Statistics: Num rows: 1 Data size: 8 Basic stats: COMPLETE Column stats: NONE
                   File Output Operator
                     compressed: false
-                    Statistics: Num rows: 1 Data size: 8 Basic stats: COMPLETE Column stats: COMPLETE
+                    Statistics: Num rows: 1 Data size: 8 Basic stats: COMPLETE Column stats: NONE
                     table:
                         input format: org.apache.hadoop.mapred.TextInputFormat
                         output format: org.apache.hadoop.hive.ql.io.HiveIgnoreKeyTextOutputFormat
@@ -1981,16 +1981,16 @@ STAGE PLANS:
                 keys: KEY._col0 (type: string)
                 mode: mergepartial
                 outputColumnNames: _col0
-                Statistics: Num rows: 500 Data size: 92000 Basic stats: COMPLETE Column stats: COMPLETE
+                Statistics: Num rows: 500 Data size: 5312 Basic stats: COMPLETE Column stats: NONE
                 Select Operator
                   expressions: _col0 (type: string)
                   outputColumnNames: _col0
-                  Statistics: Num rows: 500 Data size: 92000 Basic stats: COMPLETE Column stats: COMPLETE
+                  Statistics: Num rows: 500 Data size: 5312 Basic stats: COMPLETE Column stats: NONE
                   Reduce Output Operator
                     key expressions: _col0 (type: string)
                     sort order: +
                     Map-reduce partition columns: _col0 (type: string)
-                    Statistics: Num rows: 500 Data size: 92000 Basic stats: COMPLETE Column stats: COMPLETE
+                    Statistics: Num rows: 500 Data size: 5312 Basic stats: COMPLETE Column stats: NONE
             Execution mode: vectorized
 
   Stage: Stage-0
@@ -2052,10 +2052,10 @@ STAGE PLANS:
             Map Operator Tree:
                 TableScan
                   alias: srcpart
-                  Statistics: Num rows: 2000 Data size: 21248 Basic stats: COMPLETE Column stats: COMPLETE
+                  Statistics: Num rows: 2000 Data size: 21248 Basic stats: COMPLETE Column stats: NONE
                   Reduce Output Operator
                     sort order: 
-                    Statistics: Num rows: 2000 Data size: 21248 Basic stats: COMPLETE Column stats: COMPLETE
+                    Statistics: Num rows: 2000 Data size: 21248 Basic stats: COMPLETE Column stats: NONE
                     value expressions: ds (type: string), hr (type: string)
         Map 4 
             Map Operator Tree:
@@ -2162,12 +2162,12 @@ STAGE PLANS:
             Map Operator Tree:
                 TableScan
                   alias: srcpart
-                  Statistics: Num rows: 2000 Data size: 21248 Basic stats: COMPLETE Column stats: COMPLETE
+                  Statistics: Num rows: 2000 Data size: 21248 Basic stats: COMPLETE Column stats: NONE
                   Reduce Output Operator
                     key expressions: ds (type: string), hr (type: string)
                     sort order: ++
                     Map-reduce partition columns: ds (type: string), hr (type: string)
-                    Statistics: Num rows: 2000 Data size: 21248 Basic stats: COMPLETE Column stats: COMPLETE
+                    Statistics: Num rows: 2000 Data size: 21248 Basic stats: COMPLETE Column stats: NONE
         Map 4 
             Map Operator Tree:
                 TableScan
@@ -2303,12 +2303,12 @@ STAGE PLANS:
             Map Operator Tree:
                 TableScan
                   alias: srcpart
-                  Statistics: Num rows: 2000 Data size: 21248 Basic stats: COMPLETE Column stats: COMPLETE
+                  Statistics: Num rows: 2000 Data size: 21248 Basic stats: COMPLETE Column stats: NONE
                   Reduce Output Operator
                     key expressions: ds (type: string)
                     sort order: +
                     Map-reduce partition columns: ds (type: string)
-                    Statistics: Num rows: 2000 Data size: 21248 Basic stats: COMPLETE Column stats: COMPLETE
+                    Statistics: Num rows: 2000 Data size: 21248 Basic stats: COMPLETE Column stats: NONE
         Map 4 
             Map Operator Tree:
                 TableScan
@@ -2391,12 +2391,12 @@ STAGE PLANS:
             Map Operator Tree:
                 TableScan
                   alias: srcpart
-                  Statistics: Num rows: 2000 Data size: 21248 Basic stats: COMPLETE Column stats: COMPLETE
+                  Statistics: Num rows: 2000 Data size: 21248 Basic stats: COMPLETE Column stats: NONE
                   Reduce Output Operator
                     key expressions: ds (type: string)
                     sort order: +
                     Map-reduce partition columns: ds (type: string)
-                    Statistics: Num rows: 2000 Data size: 21248 Basic stats: COMPLETE Column stats: COMPLETE
+                    Statistics: Num rows: 2000 Data size: 21248 Basic stats: COMPLETE Column stats: NONE
         Map 4 
             Map Operator Tree:
                 TableScan
@@ -2495,12 +2495,12 @@ STAGE PLANS:
             Map Operator Tree:
                 TableScan
                   alias: srcpart
-                  Statistics: Num rows: 2000 Data size: 21248 Basic stats: COMPLETE Column stats: COMPLETE
+                  Statistics: Num rows: 2000 Data size: 21248 Basic stats: COMPLETE Column stats: NONE
                   Reduce Output Operator
                     key expressions: ds (type: string)
                     sort order: +
                     Map-reduce partition columns: ds (type: string)
-                    Statistics: Num rows: 2000 Data size: 21248 Basic stats: COMPLETE Column stats: COMPLETE
+                    Statistics: Num rows: 2000 Data size: 21248 Basic stats: COMPLETE Column stats: NONE
         Map 4 
             Map Operator Tree:
                 TableScan
@@ -2589,12 +2589,12 @@ STAGE PLANS:
                 TableScan
                   alias: srcpart
                   filterExpr: (hr = 11) (type: boolean)
-                  Statistics: Num rows: 1000 Data size: 10624 Basic stats: COMPLETE Column stats: COMPLETE
+                  Statistics: Num rows: 1000 Data size: 10624 Basic stats: COMPLETE Column stats: NONE
                   Reduce Output Operator
                     key expressions: ds (type: string)
                     sort order: +
                     Map-reduce partition columns: ds (type: string)
-                    Statistics: Num rows: 1000 Data size: 10624 Basic stats: COMPLETE Column stats: COMPLETE
+                    Statistics: Num rows: 1000 Data size: 10624 Basic stats: COMPLETE Column stats: NONE
                     value expressions: hr (type: string)
         Map 5 
             Map Operator Tree:
@@ -2880,48 +2880,48 @@ STAGE PLANS:
             Map Operator Tree:
                 TableScan
                   alias: srcpart
-                  Statistics: Num rows: 2000 Data size: 21248 Basic stats: COMPLETE Column stats: COMPLETE
+                  Statistics: Num rows: 2000 Data size: 21248 Basic stats: COMPLETE Column stats: NONE
                   Select Operator
                     expressions: ds (type: string)
                     outputColumnNames: ds
-                    Statistics: Num rows: 2000 Data size: 21248 Basic stats: COMPLETE Column stats: COMPLETE
+                    Statistics: Num rows: 2000 Data size: 21248 Basic stats: COMPLETE Column stats: NONE
                     Group By Operator
                       aggregations: min(ds)
                       mode: hash
                       outputColumnNames: _col0
-                      Statistics: Num rows: 1 Data size: 84 Basic stats: COMPLETE Column stats: COMPLETE
+                      Statistics: Num rows: 1 Data size: 84 Basic stats: COMPLETE Column stats: NONE
                       Reduce Output Operator
                         sort order: 
-                        Statistics: Num rows: 1 Data size: 84 Basic stats: COMPLETE Column stats: COMPLETE
+                        Statistics: Num rows: 1 Data size: 84 Basic stats: COMPLETE Column stats: NONE
                         value expressions: _col0 (type: string)
         Map 6 
             Map Operator Tree:
                 TableScan
                   alias: srcpart
                   filterExpr: ds is not null (type: boolean)
-                  Statistics: Num rows: 2000 Data size: 21248 Basic stats: COMPLETE Column stats: COMPLETE
+                  Statistics: Num rows: 2000 Data size: 21248 Basic stats: COMPLETE Column stats: NONE
                   Reduce Output Operator
                     key expressions: ds (type: string)
                     sort order: +
                     Map-reduce partition columns: ds (type: string)
-                    Statistics: Num rows: 2000 Data size: 21248 Basic stats: COMPLETE Column stats: COMPLETE
+                    Statistics: Num rows: 2000 Data size: 21248 Basic stats: COMPLETE Column stats: NONE
         Map 7 
             Map Operator Tree:
                 TableScan
                   alias: srcpart
-                  Statistics: Num rows: 2000 Data size: 21248 Basic stats: COMPLETE Column stats: COMPLETE
+                  Statistics: Num rows: 2000 Data size: 21248 Basic stats: COMPLETE Column stats: NONE
                   Select Operator
                     expressions: ds (type: string)
                     outputColumnNames: ds
-                    Statistics: Num rows: 2000 Data size: 21248 Basic stats: COMPLETE Column stats: COMPLETE
+                    Statistics: Num rows: 2000 Data size: 21248 Basic stats: COMPLETE Column stats: NONE
                     Group By Operator
                       aggregations: max(ds)
                       mode: hash
                       outputColumnNames: _col0
-                      Statistics: Num rows: 1 Data size: 84 Basic stats: COMPLETE Column stats: COMPLETE
+                      Statistics: Num rows: 1 Data size: 84 Basic stats: COMPLETE Column stats: NONE
                       Reduce Output Operator
                         sort order: 
-                        Statistics: Num rows: 1 Data size: 84 Basic stats: COMPLETE Column stats: COMPLETE
+                        Statistics: Num rows: 1 Data size: 84 Basic stats: COMPLETE Column stats: NONE
                         value expressions: _col0 (type: string)
         Reducer 2 
             Reduce Operator Tree:
@@ -2965,17 +2965,17 @@ STAGE PLANS:
                 condition expressions:
                   0 
                   1 
-                Statistics: Num rows: 1 Data size: 0 Basic stats: PARTIAL Column stats: COMPLETE
+                Statistics: Num rows: 2200 Data size: 23372 Basic stats: COMPLETE Column stats: NONE
                 Select Operator
-                  Statistics: Num rows: 1 Data size: 0 Basic stats: PARTIAL Column stats: COMPLETE
+                  Statistics: Num rows: 2200 Data size: 23372 Basic stats: COMPLETE Column stats: NONE
                   Group By Operator
                     aggregations: count()
                     mode: hash
                     outputColumnNames: _col0
-                    Statistics: Num rows: 1 Data size: 8 Basic stats: COMPLETE Column stats: COMPLETE
+                    Statistics: Num rows: 1 Data size: 8 Basic stats: COMPLETE Column stats: NONE
                     Reduce Output Operator
                       sort order: 
-                      Statistics: Num rows: 1 Data size: 8 Basic stats: COMPLETE Column stats: COMPLETE
+                      Statistics: Num rows: 1 Data size: 8 Basic stats: COMPLETE Column stats: NONE
                       value expressions: _col0 (type: bigint)
         Reducer 5 
             Reduce Operator Tree:
@@ -2983,14 +2983,14 @@ STAGE PLANS:
                 aggregations: count(VALUE._col0)
                 mode: mergepartial
                 outputColumnNames: _col0
-                Statistics: Num rows: 1 Data size: 8 Basic stats: COMPLETE Column stats: COMPLETE
+                Statistics: Num rows: 1 Data size: 8 Basic stats: COMPLETE Column stats: NONE
                 Select Operator
                   expressions: _col0 (type: bigint)
                   outputColumnNames: _col0
-                  Statistics: Num rows: 1 Data size: 8 Basic stats: COMPLETE Column stats: COMPLETE
+                  Statistics: Num rows: 1 Data size: 8 Basic stats: COMPLETE Column stats: NONE
                   File Output Operator
                     compressed: false
-                    Statistics: Num rows: 1 Data size: 8 Basic stats: COMPLETE Column stats: COMPLETE
+                    Statistics: Num rows: 1 Data size: 8 Basic stats: COMPLETE Column stats: NONE
                     table:
                         input format: org.apache.hadoop.mapred.TextInputFormat
                         output format: org.apache.hadoop.hive.ql.io.HiveIgnoreKeyTextOutputFormat
@@ -3078,48 +3078,48 @@ STAGE PLANS:
             Map Operator Tree:
                 TableScan
                   alias: srcpart
-                  Statistics: Num rows: 2000 Data size: 21248 Basic stats: COMPLETE Column stats: COMPLETE
+                  Statistics: Num rows: 2000 Data size: 21248 Basic stats: COMPLETE Column stats: NONE
                   Select Operator
                     expressions: ds (type: string)
                     outputColumnNames: ds
-                    Statistics: Num rows: 2000 Data size: 21248 Basic stats: COMPLETE Column stats: COMPLETE
+                    Statistics: Num rows: 2000 Data size: 21248 Basic stats: COMPLETE Column stats: NONE
                     Group By Operator
                       aggregations: min(ds)
                       mode: hash
                       outputColumnNames: _col0
-                      Statistics: Num rows: 1 Data size: 84 Basic stats: COMPLETE Column stats: COMPLETE
+                      Statistics: Num rows: 1 Data size: 84 Basic stats: COMPLETE Column stats: NONE
                       Reduce Output Operator
                         sort order: 
-                        Statistics: Num rows: 1 Data size: 84 Basic stats: COMPLETE Column stats: COMPLETE
+                        Statistics: Num rows: 1 Data size: 84 Basic stats: COMPLETE Column stats: NONE
                         value expressions: _col0 (type: string)
         Map 6 
             Map Operator Tree:
                 TableScan
                   alias: srcpart
                   filterExpr: ds is not null (type: boolean)
-                  Statistics: Num rows: 2000 Data size: 21248 Basic stats: COMPLETE Column stats: COMPLETE
+                  Statistics: Num rows: 2000 Data size: 21248 Basic stats: COMPLETE Column stats: NONE
                   Reduce Output Operator
                     key expressions: ds (type: string)
                     sort order: +
                     Map-reduce partition columns: ds (type: string)
-                    Statistics: Num rows: 2000 Data size: 21248 Basic stats: COMPLETE Column stats: COMPLETE
+                    Statistics: Num rows: 2000 Data size: 21248 Basic stats: COMPLETE Column stats: NONE
         Map 7 
             Map Operator Tree:
                 TableScan
                   alias: srcpart
-                  Statistics: Num rows: 2000 Data size: 21248 Basic stats: COMPLETE Column stats: COMPLETE
+                  Statistics: Num rows: 2000 Data size: 21248 Basic stats: COMPLETE Column stats: NONE
                   Select Operator
                     expressions: ds (type: string)
                     outputColumnNames: ds
-                    Statistics: Num rows: 2000 Data size: 21248 Basic stats: COMPLETE Column stats: COMPLETE
+                    Statistics: Num rows: 2000 Data size: 21248 Basic stats: COMPLETE Column stats: NONE
                     Group By Operator
                       aggregations: max(ds)
                       mode: hash
                       outputColumnNames: _col0
-                      Statistics: Num rows: 1 Data size: 84 Basic stats: COMPLETE Column stats: COMPLETE
+                      Statistics: Num rows: 1 Data size: 84 Basic stats: COMPLETE Column stats: NONE
                       Reduce Output Operator
                         sort order: 
-                        Statistics: Num rows: 1 Data size: 84 Basic stats: COMPLETE Column stats: COMPLETE
+                        Statistics: Num rows: 1 Data size: 84 Basic stats: COMPLETE Column stats: NONE
                         value expressions: _col0 (type: string)
         Reducer 2 
             Reduce Operator Tree:
@@ -3164,35 +3164,35 @@ STAGE PLANS:
                   0 {KEY.reducesinkkey0}
                   1 
                 outputColumnNames: _col2
-                Statistics: Num rows: 1 Data size: 184 Basic stats: COMPLETE Column stats: COMPLETE
+                Statistics: Num rows: 2200 Data size: 23372 Basic stats: COMPLETE Column stats: NONE
                 Select Operator
                   expressions: _col2 (type: string)
                   outputColumnNames: _col2
-                  Statistics: Num rows: 1 Data size: 184 Basic stats: COMPLETE Column stats: COMPLETE
+                  Statistics: Num rows: 2200 Data size: 23372 Basic stats: COMPLETE Column stats: NONE
                   Group By Operator
                     keys: _col2 (type: string)
                     mode: hash
                     outputColumnNames: _col0
-                    Statistics: Num rows: 0 Data size: 0 Basic stats: NONE Column stats: COMPLETE
+                    Statistics: Num rows: 2200 Data size: 23372 Basic stats: COMPLETE Column stats: NONE
                     Reduce Output Operator
                       key expressions: _col0 (type: string)
                       sort order: +
                       Map-reduce partition columns: _col0 (type: string)
-                      Statistics: Num rows: 0 Data size: 0 Basic stats: NONE Column stats: COMPLETE
+                      Statistics: Num rows: 2200 Data size: 23372 Basic stats: COMPLETE Column stats: NONE
         Reducer 5 
             Reduce Operator Tree:
               Group By Operator
                 keys: KEY._col0 (type: string)
                 mode: mergepartial
                 outputColumnNames: _col0
-                Statistics: Num rows: 0 Data size: 0 Basic stats: NONE Column stats: COMPLETE
+                Statistics: Num rows: 1100 Data size: 11686 Basic stats: COMPLETE Column stats: NONE
                 Select Operator
                   expressions: _col0 (type: string)
                   outputColumnNames: _col0
-                  Statistics: Num rows: 0 Data size: 0 Basic stats: NONE Column stats: COMPLETE
+                  Statistics: Num rows: 1100 Data size: 11686 Basic stats: COMPLETE Column stats: NONE
                   File Output Operator
                     compressed: false
-                    Statistics: Num rows: 0 Data size: 0 Basic stats: NONE Column stats: COMPLETE
+                    Statistics: Num rows: 1100 Data size: 11686 Basic stats: COMPLETE Column stats: NONE
                     table:
                         input format: org.apache.hadoop.mapred.TextInputFormat
                         output format: org.apache.hadoop.hive.ql.io.HiveIgnoreKeyTextOutputFormat
@@ -3282,78 +3282,78 @@ STAGE PLANS:
             Map Operator Tree:
                 TableScan
                   alias: srcpart
-                  Statistics: Num rows: 2000 Data size: 21248 Basic stats: COMPLETE Column stats: COMPLETE
+                  Statistics: Num rows: 2000 Data size: 21248 Basic stats: COMPLETE Column stats: NONE
                   Select Operator
                     expressions: ds (type: string)
                     outputColumnNames: ds
-                    Statistics: Num rows: 2000 Data size: 21248 Basic stats: COMPLETE Column stats: COMPLETE
+                    Statistics: Num rows: 2000 Data size: 21248 Basic stats: COMPLETE Column stats: NONE
                     Group By Operator
                       aggregations: min(ds)
                       mode: hash
                       outputColumnNames: _col0
-                      Statistics: Num rows: 1 Data size: 84 Basic stats: COMPLETE Column stats: COMPLETE
+                      Statistics: Num rows: 1 Data size: 84 Basic stats: COMPLETE Column stats: NONE
                       Reduce Output Operator
                         sort order: 
-                        Statistics: Num rows: 1 Data size: 84 Basic stats: COMPLETE Column stats: COMPLETE
+                        Statistics: Num rows: 1 Data size: 84 Basic stats: COMPLETE Column stats: NONE
                         value expressions: _col0 (type: string)
         Map 10 
             Map Operator Tree:
                 TableScan
                   alias: srcpart
-                  Statistics: Num rows: 2000 Data size: 21248 Basic stats: COMPLETE Column stats: COMPLETE
+                  Statistics: Num rows: 2000 Data size: 21248 Basic stats: COMPLETE Column stats: NONE
                   Select Operator
                     expressions: ds (type: string)
                     outputColumnNames: ds
-                    Statistics: Num rows: 2000 Data size: 21248 Basic stats: COMPLETE Column stats: COMPLETE
+                    Statistics: Num rows: 2000 Data size: 21248 Basic stats: COMPLETE Column stats: NONE
                     Group By Operator
                       aggregations: max(ds)
                       mode: hash
                       outputColumnNames: _col0
-                      Statistics: Num rows: 1 Data size: 84 Basic stats: COMPLETE Column stats: COMPLETE
+                      Statistics: Num rows: 1 Data size: 84 Basic stats: COMPLETE Column stats: NONE
                       Reduce Output Operator
                         sort order: 
-                        Statistics: Num rows: 1 Data size: 84 Basic stats: COMPLETE Column stats: COMPLETE
+                        Statistics: Num rows: 1 Data size: 84 Basic stats: COMPLETE Column stats: NONE
                         value expressions: _col0 (type: string)
         Map 5 
             Map Operator Tree:
                 TableScan
                   alias: srcpart
                   filterExpr: ds is not null (type: boolean)
-                  Statistics: Num rows: 2000 Data size: 21248 Basic stats: COMPLETE Column stats: COMPLETE
+                  Statistics: Num rows: 2000 Data size: 21248 Basic stats: COMPLETE Column stats: NONE
                   Select Operator
                     expressions: ds (type: string)
                     outputColumnNames: ds
-                    Statistics: Num rows: 2000 Data size: 21248 Basic stats: COMPLETE Column stats: COMPLETE
+                    Statistics: Num rows: 2000 Data size: 21248 Basic stats: COMPLETE Column stats: NONE
                     Group By Operator
                       keys: ds (type: string)
                       mode: hash
                       outputColumnNames: _col0
-                      Statistics: Num rows: 1000 Data size: 184000 Basic stats: COMPLETE Column stats: COMPLETE
+                      Statistics: Num rows: 2000 Data size: 21248 Basic stats: COMPLETE Column stats: NONE
                       Reduce Output Operator
                         key expressions: _col0 (type: string)
                         sort order: +
                         Map-reduce partition columns: _col0 (type: string)
-                        Statistics: Num rows: 1000 Data size: 184000 Basic stats: COMPLETE Column stats: COMPLETE
+                        Statistics: Num rows: 2000 Data size: 21248 Basic stats: COMPLETE Column stats: NONE
         Map 8 
             Map Operator Tree:
                 TableScan
                   alias: srcpart
                   filterExpr: ds is not null (type: boolean)
-                  Statistics: Num rows: 2000 Data size: 21248 Basic stats: COMPLETE Column stats: COMPLETE
+                  Statistics: Num rows: 2000 Data size: 21248 Basic stats: COMPLETE Column stats: NONE
                   Select Operator
                     expressions: ds (type: string)
                     outputColumnNames: ds
-                    Statistics: Num rows: 2000 Data size: 21248 Basic stats: COMPLETE Column stats: COMPLETE
+                    Statistics: Num rows: 2000 Data size: 21248 Basic stats: COMPLETE Column stats: NONE
                     Group By Operator
                       keys: ds (type: string)
                       mode: hash
                       outputColumnNames: _col0
-                      Statistics: Num rows: 1000 Data size: 184000 Basic stats: COMPLETE Column stats: COMPLETE
+                      Statistics: Num rows: 2000 Data size: 21248 Basic stats: COMPLETE Column stats: NONE
                       Reduce Output Operator
                         key expressions: _col0 (type: string)
                         sort order: +
                         Map-reduce partition columns: _col0 (type: string)
-                        Statistics: Num rows: 1000 Data size: 184000 Basic stats: COMPLETE Column stats: COMPLETE
+                        Statistics: Num rows: 2000 Data size: 21248 Basic stats: COMPLETE Column stats: NONE
         Reducer 11 
             Reduce Operator Tree:
               Group By Operator
@@ -3455,14 +3455,14 @@ STAGE PLANS:
                   0 {KEY.reducesinkkey0}
                   1 
                 outputColumnNames: _col0
-                Statistics: Num rows: 2000 Data size: 168000 Basic stats: COMPLETE Column stats: COMPLETE
+                Statistics: Num rows: 2200 Data size: 23372 Basic stats: COMPLETE Column stats: NONE
                 Select Operator
                   expressions: _col0 (type: string)
                   outputColumnNames: _col0
-                  Statistics: Num rows: 2000 Data size: 168000 Basic stats: COMPLETE Column stats: COMPLETE
+                  Statistics: Num rows: 2200 Data size: 23372 Basic stats: COMPLETE Column stats: NONE
                   File Output Operator
                     compressed: false
-                    Statistics: Num rows: 2000 Data size: 168000 Basic stats: COMPLETE Column stats: COMPLETE
+                    Statistics: Num rows: 2200 Data size: 23372 Basic stats: COMPLETE Column stats: NONE
                     table:
                         input format: org.apache.hadoop.mapred.TextInputFormat
                         output format: org.apache.hadoop.hive.ql.io.HiveIgnoreKeyTextOutputFormat
@@ -3549,7 +3549,7 @@ STAGE PLANS:
                 TableScan
                   alias: srcpart
                   filterExpr: ds is not null (type: boolean)
-                  Statistics: Num rows: 2000 Data size: 21248 Basic stats: COMPLETE Column stats: COMPLETE
+                  Statistics: Num rows: 2000 Data size: 21248 Basic stats: COMPLETE Column stats: NONE
                   Map Join Operator
                     condition map:
                          Inner Join 0 to 1
@@ -3685,7 +3685,7 @@ STAGE PLANS:
             Map Operator Tree:
                 TableScan
                   alias: srcpart
-                  Statistics: Num rows: 2000 Data size: 21248 Basic stats: COMPLETE Column stats: COMPLETE
+                  Statistics: Num rows: 2000 Data size: 21248 Basic stats: COMPLETE Column stats: NONE
                   Map Join Operator
                     condition map:
                          Inner Join 0 to 1
@@ -3863,7 +3863,7 @@ STAGE PLANS:
             Map Operator Tree:
                 TableScan
                   alias: srcpart
-                  Statistics: Num rows: 2000 Data size: 21248 Basic stats: COMPLETE Column stats: COMPLETE
+                  Statistics: Num rows: 2000 Data size: 21248 Basic stats: COMPLETE Column stats: NONE
                   Map Join Operator
                     condition map:
                          Inner Join 0 to 1
@@ -4010,7 +4010,7 @@ STAGE PLANS:
                 TableScan
                   alias: srcpart
                   filterExpr: ds is not null (type: boolean)
-                  Statistics: Num rows: 2000 Data size: 21248 Basic stats: COMPLETE Column stats: COMPLETE
+                  Statistics: Num rows: 2000 Data size: 21248 Basic stats: COMPLETE Column stats: NONE
                   Map Join Operator
                     condition map:
                          Inner Join 0 to 1
@@ -4119,10 +4119,10 @@ STAGE PLANS:
                 TableScan
                   alias: srcpart
                   filterExpr: UDFToDouble(hr) is not null (type: boolean)
-                  Statistics: Num rows: 2000 Data size: 21248 Basic stats: COMPLETE Column stats: COMPLETE
+                  Statistics: Num rows: 2000 Data size: 21248 Basic stats: COMPLETE Column stats: NONE
                   Filter Operator
                     predicate: UDFToDouble(hr) is not null (type: boolean)
-                    Statistics: Num rows: 1000 Data size: 0 Basic stats: PARTIAL Column stats: COMPLETE
+                    Statistics: Num rows: 1000 Data size: 10624 Basic stats: COMPLETE Column stats: NONE
                     Map Join Operator
                       condition map:
                            Inner Join 0 to 1
@@ -4134,9 +4134,9 @@ STAGE PLANS:
                         1 UDFToDouble(UDFToInteger((hr / 2))) (type: double)
                       input vertices:
                         1 Map 3
-                      Statistics: Num rows: 1100 Data size: 0 Basic stats: PARTIAL Column stats: NONE
+                      Statistics: Num rows: 1100 Data size: 11686 Basic stats: COMPLETE Column stats: NONE
                       Select Operator
-                        Statistics: Num rows: 1100 Data size: 0 Basic stats: PARTIAL Column stats: NONE
+                        Statistics: Num rows: 1100 Data size: 11686 Basic stats: COMPLETE Column stats: NONE
                         Group By Operator
                           aggregations: count()
                           mode: hash
@@ -4241,10 +4241,10 @@ STAGE PLANS:
                 TableScan
                   alias: srcpart
                   filterExpr: (hr * 2) is not null (type: boolean)
-                  Statistics: Num rows: 2000 Data size: 21248 Basic stats: COMPLETE Column stats: COMPLETE
+                  Statistics: Num rows: 2000 Data size: 21248 Basic stats: COMPLETE Column stats: NONE
                   Filter Operator
                     predicate: (hr * 2) is not null (type: boolean)
-                    Statistics: Num rows: 1000 Data size: 0 Basic stats: PARTIAL Column stats: COMPLETE
+                    Statistics: Num rows: 1000 Data size: 10624 Basic stats: COMPLETE Column stats: NONE
                     Map Join Operator
                       condition map:
                            Inner Join 0 to 1
@@ -4256,9 +4256,9 @@ STAGE PLANS:
                         1 hr (type: double)
                       input vertices:
                         1 Map 3
-                      Statistics: Num rows: 1100 Data size: 0 Basic stats: PARTIAL Column stats: NONE
+                      Statistics: Num rows: 1100 Data size: 11686 Basic stats: COMPLETE Column stats: NONE
                       Select Operator
-                        Statistics: Num rows: 1100 Data size: 0 Basic stats: PARTIAL Column stats: NONE
+                        Statistics: Num rows: 1100 Data size: 11686 Basic stats: COMPLETE Column stats: NONE
                         Group By Operator
                           aggregations: count()
                           mode: hash
@@ -4369,8 +4369,9 @@ STAGE PLANS:
   Stage: Stage-1
     Tez
       Edges:
-        Reducer 3 <- Map 1 (BROADCAST_EDGE), Map 2 (SIMPLE_EDGE)
-        Reducer 4 <- Reducer 3 (SIMPLE_EDGE)
+        Map 1 <- Reducer 4 (BROADCAST_EDGE)
+        Reducer 2 <- Map 1 (SIMPLE_EDGE)
+        Reducer 4 <- Map 3 (SIMPLE_EDGE)
 #### A masked pattern was here ####
       Vertices:
         Map 1 
@@ -4378,58 +4379,7 @@ STAGE PLANS:
                 TableScan
                   alias: srcpart
                   filterExpr: ds is not null (type: boolean)
-                  Statistics: Num rows: 2000 Data size: 21248 Basic stats: COMPLETE Column stats: COMPLETE
-                  Reduce Output Operator
-                    key expressions: ds (type: string)
-                    sort order: +
-                    Map-reduce partition columns: ds (type: string)
-                    Statistics: Num rows: 2000 Data size: 21248 Basic stats: COMPLETE Column stats: COMPLETE
-                  Select Operator
-                    expressions: ds (type: string)
-                    outputColumnNames: _col0
-                    Statistics: Num rows: 2000 Data size: 0 Basic stats: PARTIAL Column stats: COMPLETE
-                    Group By Operator
-                      keys: _col0 (type: string)
-                      mode: hash
-                      outputColumnNames: _col0
-                      Statistics: Num rows: 2000 Data size: 0 Basic stats: PARTIAL Column stats: COMPLETE
-                      Dynamic Partitioning Event Operator
-                        Target Input: srcpart
-                        Partition key expr: ds
-                        Statistics: Num rows: 2000 Data size: 0 Basic stats: PARTIAL Column stats: COMPLETE
-                        Target column: ds
-                        Target Vertex: Map 2
-        Map 2 
-            Map Operator Tree:
-                TableScan
-                  alias: srcpart
-                  filterExpr: (ds is not null and (ds = '2008-04-08')) (type: boolean)
-                  Statistics: Num rows: 1000 Data size: 10624 Basic stats: COMPLETE Column stats: COMPLETE
-                  Select Operator
-                    expressions: ds (type: string)
-                    outputColumnNames: ds
-                    Statistics: Num rows: 1000 Data size: 10624 Basic stats: COMPLETE Column stats: COMPLETE
-                    Group By Operator
-                      keys: ds (type: string)
-                      mode: hash
-                      outputColumnNames: _col0
-                      Statistics: Num rows: 500 Data size: 92000 Basic stats: COMPLETE Column stats: COMPLETE
-                      Reduce Output Operator
-                        key expressions: _col0 (type: string)
-                        sort order: +
-                        Map-reduce partition columns: _col0 (type: string)
-                        Statistics: Num rows: 500 Data size: 92000 Basic stats: COMPLETE Column stats: COMPLETE
-        Reducer 3 
-            Reduce Operator Tree:
-              Group By Operator
-                keys: KEY._col0 (type: string)
-                mode: mergepartial
-                outputColumnNames: _col0
-                Statistics: Num rows: 500 Data size: 92000 Basic stats: COMPLETE Column stats: COMPLETE
-                Select Operator
-                  expressions: _col0 (type: string)
-                  outputColumnNames: _col0
-                  Statistics: Num rows: 500 Data size: 92000 Basic stats: COMPLETE Column stats: COMPLETE
+                  Statistics: Num rows: 2000 Data size: 21248 Basic stats: COMPLETE Column stats: NONE
                   Map Join Operator
                     condition map:
                          Inner Join 0 to 1
@@ -4440,38 +4390,89 @@ STAGE PLANS:
                       0 ds (type: string)
                       1 _col0 (type: string)
                     input vertices:
-                      0 Map 1
-                    Statistics: Num rows: 500 Data size: 0 Basic stats: PARTIAL Column stats: COMPLETE
+                      1 Reducer 4
+                    Statistics: Num rows: 2200 Data size: 23372 Basic stats: COMPLETE Column stats: NONE
                     Select Operator
-                      Statistics: Num rows: 500 Data size: 0 Basic stats: PARTIAL Column stats: COMPLETE
+                      Statistics: Num rows: 2200 Data size: 23372 Basic stats: COMPLETE Column stats: NONE
                       Group By Operator
                         aggregations: count()
                         mode: hash
                         outputColumnNames: _col0
-                        Statistics: Num rows: 1 Data size: 8 Basic stats: COMPLETE Column stats: COMPLETE
+                        Statistics: Num rows: 1 Data size: 8 Basic stats: COMPLETE Column stats: NONE
                         Reduce Output Operator
                           sort order: 
-                          Statistics: Num rows: 1 Data size: 8 Basic stats: COMPLETE Column stats: COMPLETE
+                          Statistics: Num rows: 1 Data size: 8 Basic stats: COMPLETE Column stats: NONE
                           value expressions: _col0 (type: bigint)
-        Reducer 4 
+        Map 3 
+            Map Operator Tree:
+                TableScan
+                  alias: srcpart
+                  filterExpr: (ds is not null and (ds = '2008-04-08')) (type: boolean)
+                  Statistics: Num rows: 1000 Data size: 10624 Basic stats: COMPLETE Column stats: NONE
+                  Select Operator
+                    expressions: ds (type: string)
+                    outputColumnNames: ds
+                    Statistics: Num rows: 1000 Data size: 10624 Basic stats: COMPLETE Column stats: NONE
+                    Group By Operator
+                      keys: ds (type: string)
+                      mode: hash
+                      outputColumnNames: _col0
+                      Statistics: Num rows: 1000 Data size: 10624 Basic stats: COMPLETE Column stats: NONE
+                      Reduce Output Operator
+                        key expressions: _col0 (type: string)
+                        sort order: +
+                        Map-reduce partition columns: _col0 (type: string)
+                        Statistics: Num rows: 1000 Data size: 10624 Basic stats: COMPLETE Column stats: NONE
+        Reducer 2 
             Reduce Operator Tree:
               Group By Operator
                 aggregations: count(VALUE._col0)
                 mode: mergepartial
                 outputColumnNames: _col0
-                Statistics: Num rows: 1 Data size: 8 Basic stats: COMPLETE Column stats: COMPLETE
+                Statistics: Num rows: 1 Data size: 8 Basic stats: COMPLETE Column stats: NONE
                 Select Operator
                   expressions: _col0 (type: bigint)
                   outputColumnNames: _col0
-                  Statistics: Num rows: 1 Data size: 8 Basic stats: COMPLETE Column stats: COMPLETE
+                  Statistics: Num rows: 1 Data size: 8 Basic stats: COMPLETE Column stats: NONE
                   File Output Operator
                     compressed: false
-                    Statistics: Num rows: 1 Data size: 8 Basic stats: COMPLETE Column stats: COMPLETE
+                    Statistics: Num rows: 1 Data size: 8 Basic stats: COMPLETE Column stats: NONE
                     table:
                         input format: org.apache.hadoop.mapred.TextInputFormat
                         output format: org.apache.hadoop.hive.ql.io.HiveIgnoreKeyTextOutputFormat
                         serde: org.apache.hadoop.hive.serde2.lazy.LazySimpleSerDe
             Execution mode: vectorized
+        Reducer 4 
+            Reduce Operator Tree:
+              Group By Operator
+                keys: KEY._col0 (type: string)
+                mode: mergepartial
+                outputColumnNames: _col0
+                Statistics: Num rows: 500 Data size: 5312 Basic stats: COMPLETE Column stats: NONE
+                Select Operator
+                  expressions: _col0 (type: string)
+                  outputColumnNames: _col0
+                  Statistics: Num rows: 500 Data size: 5312 Basic stats: COMPLETE Column stats: NONE
+                  Reduce Output Operator
+                    key expressions: _col0 (type: string)
+                    sort order: +
+                    Map-reduce partition columns: _col0 (type: string)
+                    Statistics: Num rows: 500 Data size: 5312 Basic stats: COMPLETE Column stats: NONE
+                  Select Operator
+                    expressions: _col0 (type: string)
+                    outputColumnNames: _col0
+                    Statistics: Num rows: 500 Data size: 5312 Basic stats: COMPLETE Column stats: NONE
+                    Group By Operator
+                      keys: _col0 (type: string)
+                      mode: hash
+                      outputColumnNames: _col0
+                      Statistics: Num rows: 500 Data size: 5312 Basic stats: COMPLETE Column stats: NONE
+                      Dynamic Partitioning Event Operator
+                        Target Input: srcpart
+                        Partition key expr: ds
+                        Statistics: Num rows: 500 Data size: 5312 Basic stats: COMPLETE Column stats: NONE
+                        Target column: ds
+                        Target Vertex: Map 1
 
   Stage: Stage-0
     Fetch Operator
@@ -4531,7 +4532,7 @@ STAGE PLANS:
             Map Operator Tree:
                 TableScan
                   alias: srcpart
-                  Statistics: Num rows: 2000 Data size: 21248 Basic stats: COMPLETE Column stats: COMPLETE
+                  Statistics: Num rows: 2000 Data size: 21248 Basic stats: COMPLETE Column stats: NONE
                   Map Join Operator
                     condition map:
                          Left Outer Join0 to 1
@@ -4617,12 +4618,12 @@ STAGE PLANS:
             Map Operator Tree:
                 TableScan
                   alias: srcpart
-                  Statistics: Num rows: 2000 Data size: 21248 Basic stats: COMPLETE Column stats: COMPLETE
+                  Statistics: Num rows: 2000 Data size: 21248 Basic stats: COMPLETE Column stats: NONE
                   Reduce Output Operator
                     key expressions: ds (type: string)
                     sort order: +
                     Map-reduce partition columns: ds (type: string)
-                    Statistics: Num rows: 2000 Data size: 21248 Basic stats: COMPLETE Column stats: COMPLETE
+                    Statistics: Num rows: 2000 Data size: 21248 Basic stats: COMPLETE Column stats: NONE
         Map 2 
             Map Operator Tree:
                 TableScan
@@ -4704,12 +4705,12 @@ STAGE PLANS:
             Map Operator Tree:
                 TableScan
                   alias: srcpart
-                  Statistics: Num rows: 2000 Data size: 21248 Basic stats: COMPLETE Column stats: COMPLETE
+                  Statistics: Num rows: 2000 Data size: 21248 Basic stats: COMPLETE Column stats: NONE
                   Reduce Output Operator
                     key expressions: ds (type: string)
                     sort order: +
                     Map-reduce partition columns: ds (type: string)
-                    Statistics: Num rows: 2000 Data size: 21248 Basic stats: COMPLETE Column stats: COMPLETE
+                    Statistics: Num rows: 2000 Data size: 21248 Basic stats: COMPLETE Column stats: NONE
         Map 4 
             Map Operator Tree:
                 TableScan
@@ -4797,7 +4798,7 @@ STAGE PLANS:
                 TableScan
                   alias: srcpart
                   filterExpr: (hr = 11) (type: boolean)
-                  Statistics: Num rows: 1000 Data size: 10624 Basic stats: COMPLETE Column stats: COMPLETE
+                  Statistics: Num rows: 1000 Data size: 10624 Basic stats: COMPLETE Column stats: NONE
                   Map Join Operator
                     condition map:
                          Inner Join 0 to 1
@@ -5042,26 +5043,26 @@ STAGE PLANS:
             Map Operator Tree:
                 TableScan
                   alias: srcpart
-                  Statistics: Num rows: 2000 Data size: 21248 Basic stats: COMPLETE Column stats: COMPLETE
+                  Statistics: Num rows: 2000 Data size: 21248 Basic stats: COMPLETE Column stats: NONE
                   Select Operator
                     expressions: ds (type: string)
                     outputColumnNames: ds
-                    Statistics: Num rows: 2000 Data size: 21248 Basic stats: COMPLETE Column stats: COMPLETE
+                    Statistics: Num rows: 2000 Data size: 21248 Basic stats: COMPLETE Column stats: NONE
                     Group By Operator
                       aggregations: min(ds)
                       mode: hash
                       outputColumnNames: _col0
-                      Statistics: Num rows: 1 Data size: 84 Basic stats: COMPLETE Column stats: COMPLETE
+                      Statistics: Num rows: 1 Data size: 84 Basic stats: COMPLETE Column stats: NONE
                       Reduce Output Operator
                         sort order: 
-                        Statistics: Num rows: 1 Data size: 84 Basic stats: COMPLETE Column stats: COMPLETE
+                        Statistics: Num rows: 1 Data size: 84 Basic stats: COMPLETE Column stats: NONE
                         value expressions: _col0 (type: string)
         Map 4 
             Map Operator Tree:
                 TableScan
                   alias: srcpart
                   filterExpr: ds is not null (type: boolean)
-                  Statistics: Num rows: 2000 Data size: 21248 Basic stats: COMPLETE Column stats: COMPLETE
+                  Statistics: Num rows: 2000 Data size: 21248 Basic stats: COMPLETE Column stats: NONE
                   Map Join Operator
                     condition map:
                          Left Semi Join 0 to 1
@@ -5074,38 +5075,38 @@ STAGE PLANS:
                     outputColumnNames: _col2
                     input vertices:
                       1 Union 3
-                    Statistics: Num rows: 1 Data size: 184 Basic stats: COMPLETE Column stats: COMPLETE
+                    Statistics: Num rows: 2200 Data size: 23372 Basic stats: COMPLETE Column stats: NONE
                     Select Operator
                       expressions: _col2 (type: string)
                       outputColumnNames: _col2
-                      Statistics: Num rows: 1 Data size: 184 Basic stats: COMPLETE Column stats: COMPLETE
+                      Statistics: Num rows: 2200 Data size: 23372 Basic stats: COMPLETE Column stats: NONE
                       Group By Operator
                         keys: _col2 (type: string)
                         mode: hash
                         outputColumnNames: _col0
-                        Statistics: Num rows: 0 Data size: 0 Basic stats: NONE Column stats: COMPLETE
+                        Statistics: Num rows: 2200 Data size: 23372 Basic stats: COMPLETE Column stats: NONE
                         Reduce Output Operator
                           key expressions: _col0 (type: string)
                           sort order: +
                           Map-reduce partition columns: _col0 (type: string)
-                          Statistics: Num rows: 0 Data size: 0 Basic stats: NONE Column stats: COMPLETE
+                          Statistics: Num rows: 2200 Data size: 23372 Basic stats: COMPLETE Column stats: NONE
         Map 6 
             Map Operator Tree:
                 TableScan
                   alias: srcpart
-                  Statistics: Num rows: 2000 Data size: 21248 Basic stats: COMPLETE Column stats: COMPLETE
+                  Statistics: Num rows: 2000 Data size: 21248 Basic stats: COMPLETE Column stats: NONE
                   Select Operator
                     expressions: ds (type: string)
                     outputColumnNames: ds
-                    Statistics: Num rows: 2000 Data size: 21248 Basic stats: COMPLETE Column stats: COMPLETE
+                    Statistics: Num rows: 2000 Data size: 21248 Basic stats: COMPLETE Column stats: NONE
                     Group By Operator
                       aggregations: max(ds)
                       mode: hash
                       outputColumnNames: _col0
-                      Statistics: Num rows: 1 Data size: 84 Basic stats: COMPLETE Column stats: COMPLETE
+                      Statistics: Num rows: 1 Data size: 84 Basic stats: COMPLETE Column stats: NONE
                       Reduce Output Operator
                         sort order: 
-                        Statistics: Num rows: 1 Data size: 84 Basic stats: COMPLETE Column stats: COMPLETE
+                        Statistics: Num rows: 1 Data size: 84 Basic stats: COMPLETE Column stats: NONE
                         value expressions: _col0 (type: string)
         Reducer 2 
             Reduce Operator Tree:
@@ -5147,14 +5148,14 @@ STAGE PLANS:
                 keys: KEY._col0 (type: string)
                 mode: mergepartial
                 outputColumnNames: _col0
-                Statistics: Num rows: 0 Data size: 0 Basic stats: NONE Column stats: COMPLETE
+                Statistics: Num rows: 1100 Data size: 11686 Basic stats: COMPLETE Column stats: NONE
                 Select Operator
                   expressions: _col0 (type: string)
                   outputColumnNames: _col0
-                  Statistics: Num rows: 0 Data size: 0 Basic stats: NONE Column stats: COMPLETE
+                  Statistics: Num rows: 1100 Data size: 11686 Basic stats: COMPLETE Column stats: NONE
                   File Output Operator
                     compressed: false
-                    Statistics: Num rows: 0 Data size: 0 Basic stats: NONE Column stats: COMPLETE
+                    Statistics: Num rows: 1100 Data size: 11686 Basic stats: COMPLETE Column stats: NONE
                     table:
                         input format: org.apache.hadoop.mapred.TextInputFormat
                         output format: org.apache.hadoop.hive.ql.io.HiveIgnoreKeyTextOutputFormat
@@ -5279,10 +5280,10 @@ STAGE PLANS:
                 TableScan
                   alias: srcpart_orc
                   filterExpr: UDFToDouble(hr) is not null (type: boolean)
-                  Statistics: Num rows: 2000 Data size: 188000 Basic stats: COMPLETE Column stats: COMPLETE
+                  Statistics: Num rows: 2000 Data size: 188000 Basic stats: COMPLETE Column stats: NONE
                   Filter Operator
                     predicate: UDFToDouble(hr) is not null (type: boolean)
-                    Statistics: Num rows: 1000 Data size: 0 Basic stats: PARTIAL Column stats: COMPLETE
+                    Statistics: Num rows: 1000 Data size: 94000 Basic stats: COMPLETE Column stats: NONE
                     Map Join Operator
                       condition map:
                            Inner Join 0 to 1
@@ -5294,9 +5295,9 @@ STAGE PLANS:
                         1 ds (type: string), UDFToDouble(hr) (type: double)
                       input vertices:
                         1 Map 3
-                      Statistics: Num rows: 1100 Data size: 0 Basic stats: PARTIAL Column stats: NONE
+                      Statistics: Num rows: 1100 Data size: 103400 Basic stats: COMPLETE Column stats: NONE
                       Select Operator
-                        Statistics: Num rows: 1100 Data size: 0 Basic stats: PARTIAL Column stats: NONE
+                        Statistics: Num rows: 1100 Data size: 103400 Basic stats: COMPLETE Column stats: NONE
                         Group By Operator
                           aggregations: count()
                           mode: hash
diff --git a/ql/src/test/results/clientpositive/union_view.q.out b/ql/src/test/results/clientpositive/union_view.q.out
index 5c32ad6b97..bbbf5e781e 100644
--- a/ql/src/test/results/clientpositive/union_view.q.out
+++ b/ql/src/test/results/clientpositive/union_view.q.out
@@ -260,31 +260,31 @@ STAGE PLANS:
           TableScan
             alias: src_union_1
             filterExpr: (ds = '1') (type: boolean)
-            Statistics: Num rows: 500 Data size: 5312 Basic stats: COMPLETE Column stats: COMPLETE
+            Statistics: Num rows: 500 Data size: 5312 Basic stats: COMPLETE Column stats: NONE
             Select Operator
-              Statistics: Num rows: 500 Data size: 5312 Basic stats: COMPLETE Column stats: COMPLETE
+              Statistics: Num rows: 500 Data size: 5312 Basic stats: COMPLETE Column stats: NONE
               Group By Operator
                 aggregations: count(1)
                 mode: hash
                 outputColumnNames: _col0
-                Statistics: Num rows: 1 Data size: 8 Basic stats: COMPLETE Column stats: COMPLETE
+                Statistics: Num rows: 1 Data size: 8 Basic stats: COMPLETE Column stats: NONE
                 Reduce Output Operator
                   sort order: 
-                  Statistics: Num rows: 1 Data size: 8 Basic stats: COMPLETE Column stats: COMPLETE
+                  Statistics: Num rows: 1 Data size: 8 Basic stats: COMPLETE Column stats: NONE
                   value expressions: _col0 (type: bigint)
       Reduce Operator Tree:
         Group By Operator
           aggregations: count(VALUE._col0)
           mode: mergepartial
           outputColumnNames: _col0
-          Statistics: Num rows: 1 Data size: 8 Basic stats: COMPLETE Column stats: COMPLETE
+          Statistics: Num rows: 1 Data size: 8 Basic stats: COMPLETE Column stats: NONE
           Select Operator
             expressions: _col0 (type: bigint)
             outputColumnNames: _col0
-            Statistics: Num rows: 1 Data size: 8 Basic stats: COMPLETE Column stats: COMPLETE
+            Statistics: Num rows: 1 Data size: 8 Basic stats: COMPLETE Column stats: NONE
             File Output Operator
               compressed: false
-              Statistics: Num rows: 1 Data size: 8 Basic stats: COMPLETE Column stats: COMPLETE
+              Statistics: Num rows: 1 Data size: 8 Basic stats: COMPLETE Column stats: NONE
               table:
                   input format: org.apache.hadoop.mapred.TextInputFormat
                   output format: org.apache.hadoop.hive.ql.io.HiveIgnoreKeyTextOutputFormat
@@ -331,31 +331,31 @@ STAGE PLANS:
           TableScan
             alias: src_union_2
             filterExpr: (ds = '2') (type: boolean)
-            Statistics: Num rows: 1000 Data size: 10624 Basic stats: COMPLETE Column stats: COMPLETE
+            Statistics: Num rows: 1000 Data size: 10624 Basic stats: COMPLETE Column stats: NONE
             Select Operator
-              Statistics: Num rows: 1000 Data size: 10624 Basic stats: COMPLETE Column stats: COMPLETE
+              Statistics: Num rows: 1000 Data size: 10624 Basic stats: COMPLETE Column stats: NONE
               Group By Operator
                 aggregations: count(1)
                 mode: hash
                 outputColumnNames: _col0
-                Statistics: Num rows: 1 Data size: 8 Basic stats: COMPLETE Column stats: COMPLETE
+                Statistics: Num rows: 1 Data size: 8 Basic stats: COMPLETE Column stats: NONE
                 Reduce Output Operator
                   sort order: 
-                  Statistics: Num rows: 1 Data size: 8 Basic stats: COMPLETE Column stats: COMPLETE
+                  Statistics: Num rows: 1 Data size: 8 Basic stats: COMPLETE Column stats: NONE
                   value expressions: _col0 (type: bigint)
       Reduce Operator Tree:
         Group By Operator
           aggregations: count(VALUE._col0)
           mode: mergepartial
           outputColumnNames: _col0
-          Statistics: Num rows: 1 Data size: 8 Basic stats: COMPLETE Column stats: COMPLETE
+          Statistics: Num rows: 1 Data size: 8 Basic stats: COMPLETE Column stats: NONE
           Select Operator
             expressions: _col0 (type: bigint)
             outputColumnNames: _col0
-            Statistics: Num rows: 1 Data size: 8 Basic stats: COMPLETE Column stats: COMPLETE
+            Statistics: Num rows: 1 Data size: 8 Basic stats: COMPLETE Column stats: NONE
             File Output Operator
               compressed: false
-              Statistics: Num rows: 1 Data size: 8 Basic stats: COMPLETE Column stats: COMPLETE
+              Statistics: Num rows: 1 Data size: 8 Basic stats: COMPLETE Column stats: NONE
               table:
                   input format: org.apache.hadoop.mapred.TextInputFormat
                   output format: org.apache.hadoop.hive.ql.io.HiveIgnoreKeyTextOutputFormat
@@ -402,31 +402,31 @@ STAGE PLANS:
           TableScan
             alias: src_union_3
             filterExpr: (ds = '3') (type: boolean)
-            Statistics: Num rows: 1000 Data size: 10624 Basic stats: COMPLETE Column stats: COMPLETE
+            Statistics: Num rows: 1000 Data size: 10624 Basic stats: COMPLETE Column stats: NONE
             Select Operator
-              Statistics: Num rows: 1000 Data size: 10624 Basic stats: COMPLETE Column stats: COMPLETE
+              Statistics: Num rows: 1000 Data size: 10624 Basic stats: COMPLETE Column stats: NONE
               Group By Operator
                 aggregations: count(1)
                 mode: hash
                 outputColumnNames: _col0
-                Statistics: Num rows: 1 Data size: 8 Basic stats: COMPLETE Column stats: COMPLETE
+                Statistics: Num rows: 1 Data size: 8 Basic stats: COMPLETE Column stats: NONE
                 Reduce Output Operator
                   sort order: 
-                  Statistics: Num rows: 1 Data size: 8 Basic stats: COMPLETE Column stats: COMPLETE
+                  Statistics: Num rows: 1 Data size: 8 Basic stats: COMPLETE Column stats: NONE
                   value expressions: _col0 (type: bigint)
       Reduce Operator Tree:
         Group By Operator
           aggregations: count(VALUE._col0)
           mode: mergepartial
           outputColumnNames: _col0
-          Statistics: Num rows: 1 Data size: 8 Basic stats: COMPLETE Column stats: COMPLETE
+          Statistics: Num rows: 1 Data size: 8 Basic stats: COMPLETE Column stats: NONE
           Select Operator
             expressions: _col0 (type: bigint)
             outputColumnNames: _col0
-            Statistics: Num rows: 1 Data size: 8 Basic stats: COMPLETE Column stats: COMPLETE
+            Statistics: Num rows: 1 Data size: 8 Basic stats: COMPLETE Column stats: NONE
             File Output Operator
               compressed: false
-              Statistics: Num rows: 1 Data size: 8 Basic stats: COMPLETE Column stats: COMPLETE
+              Statistics: Num rows: 1 Data size: 8 Basic stats: COMPLETE Column stats: NONE
               table:
                   input format: org.apache.hadoop.mapred.TextInputFormat
                   output format: org.apache.hadoop.hive.ql.io.HiveIgnoreKeyTextOutputFormat
@@ -852,35 +852,35 @@ STAGE PLANS:
           TableScan
             alias: src_union_1
             filterExpr: (ds = '1') (type: boolean)
-            Statistics: Num rows: 500 Data size: 5312 Basic stats: COMPLETE Column stats: COMPLETE
+            Statistics: Num rows: 500 Data size: 5312 Basic stats: COMPLETE Column stats: NONE
             Select Operator
-              Statistics: Num rows: 500 Data size: 0 Basic stats: PARTIAL Column stats: COMPLETE
+              Statistics: Num rows: 500 Data size: 5312 Basic stats: COMPLETE Column stats: NONE
               Union
-                Statistics: Num rows: 500 Data size: 0 Basic stats: PARTIAL Column stats: COMPLETE
+                Statistics: Num rows: 500 Data size: 5312 Basic stats: COMPLETE Column stats: NONE
                 Select Operator
-                  Statistics: Num rows: 500 Data size: 0 Basic stats: PARTIAL Column stats: COMPLETE
+                  Statistics: Num rows: 500 Data size: 5312 Basic stats: COMPLETE Column stats: NONE
                   Group By Operator
                     aggregations: count(1)
                     mode: hash
                     outputColumnNames: _col0
-                    Statistics: Num rows: 1 Data size: 8 Basic stats: COMPLETE Column stats: COMPLETE
+                    Statistics: Num rows: 1 Data size: 8 Basic stats: COMPLETE Column stats: NONE
                     Reduce Output Operator
                       sort order: 
-                      Statistics: Num rows: 1 Data size: 8 Basic stats: COMPLETE Column stats: COMPLETE
+                      Statistics: Num rows: 1 Data size: 8 Basic stats: COMPLETE Column stats: NONE
                       value expressions: _col0 (type: bigint)
       Reduce Operator Tree:
         Group By Operator
           aggregations: count(VALUE._col0)
           mode: mergepartial
           outputColumnNames: _col0
-          Statistics: Num rows: 1 Data size: 8 Basic stats: COMPLETE Column stats: COMPLETE
+          Statistics: Num rows: 1 Data size: 8 Basic stats: COMPLETE Column stats: NONE
           Select Operator
             expressions: _col0 (type: bigint)
             outputColumnNames: _col0
-            Statistics: Num rows: 1 Data size: 8 Basic stats: COMPLETE Column stats: COMPLETE
+            Statistics: Num rows: 1 Data size: 8 Basic stats: COMPLETE Column stats: NONE
             File Output Operator
               compressed: false
-              Statistics: Num rows: 1 Data size: 8 Basic stats: COMPLETE Column stats: COMPLETE
+              Statistics: Num rows: 1 Data size: 8 Basic stats: COMPLETE Column stats: NONE
               table:
                   input format: org.apache.hadoop.mapred.TextInputFormat
                   output format: org.apache.hadoop.hive.ql.io.HiveIgnoreKeyTextOutputFormat
@@ -927,35 +927,35 @@ STAGE PLANS:
           TableScan
             alias: src_union_2
             filterExpr: (ds = '2') (type: boolean)
-            Statistics: Num rows: 1000 Data size: 10624 Basic stats: COMPLETE Column stats: COMPLETE
+            Statistics: Num rows: 1000 Data size: 10624 Basic stats: COMPLETE Column stats: NONE
             Select Operator
-              Statistics: Num rows: 1000 Data size: 0 Basic stats: PARTIAL Column stats: COMPLETE
+              Statistics: Num rows: 1000 Data size: 10624 Basic stats: COMPLETE Column stats: NONE
               Union
-                Statistics: Num rows: 1000 Data size: 0 Basic stats: PARTIAL Column stats: COMPLETE
+                Statistics: Num rows: 1000 Data size: 10624 Basic stats: COMPLETE Column stats: NONE
                 Select Operator
-                  Statistics: Num rows: 1000 Data size: 0 Basic stats: PARTIAL Column stats: COMPLETE
+                  Statistics: Num rows: 1000 Data size: 10624 Basic stats: COMPLETE Column stats: NONE
                   Group By Operator
                     aggregations: count(1)
                     mode: hash
                     outputColumnNames: _col0
-                    Statistics: Num rows: 1 Data size: 8 Basic stats: COMPLETE Column stats: COMPLETE
+                    Statistics: Num rows: 1 Data size: 8 Basic stats: COMPLETE Column stats: NONE
                     Reduce Output Operator
                       sort order: 
-                      Statistics: Num rows: 1 Data size: 8 Basic stats: COMPLETE Column stats: COMPLETE
+                      Statistics: Num rows: 1 Data size: 8 Basic stats: COMPLETE Column stats: NONE
                       value expressions: _col0 (type: bigint)
       Reduce Operator Tree:
         Group By Operator
           aggregations: count(VALUE._col0)
           mode: mergepartial
           outputColumnNames: _col0
-          Statistics: Num rows: 1 Data size: 8 Basic stats: COMPLETE Column stats: COMPLETE
+          Statistics: Num rows: 1 Data size: 8 Basic stats: COMPLETE Column stats: NONE
           Select Operator
             expressions: _col0 (type: bigint)
             outputColumnNames: _col0
-            Statistics: Num rows: 1 Data size: 8 Basic stats: COMPLETE Column stats: COMPLETE
+            Statistics: Num rows: 1 Data size: 8 Basic stats: COMPLETE Column stats: NONE
             File Output Operator
               compressed: false
-              Statistics: Num rows: 1 Data size: 8 Basic stats: COMPLETE Column stats: COMPLETE
+              Statistics: Num rows: 1 Data size: 8 Basic stats: COMPLETE Column stats: NONE
               table:
                   input format: org.apache.hadoop.mapred.TextInputFormat
                   output format: org.apache.hadoop.hive.ql.io.HiveIgnoreKeyTextOutputFormat
@@ -1002,35 +1002,35 @@ STAGE PLANS:
           TableScan
             alias: src_union_3
             filterExpr: (ds = '3') (type: boolean)
-            Statistics: Num rows: 1000 Data size: 10624 Basic stats: COMPLETE Column stats: COMPLETE
+            Statistics: Num rows: 1000 Data size: 10624 Basic stats: COMPLETE Column stats: NONE
             Select Operator
-              Statistics: Num rows: 1000 Data size: 0 Basic stats: PARTIAL Column stats: COMPLETE
+              Statistics: Num rows: 1000 Data size: 10624 Basic stats: COMPLETE Column stats: NONE
               Union
-                Statistics: Num rows: 1000 Data size: 0 Basic stats: PARTIAL Column stats: COMPLETE
+                Statistics: Num rows: 1000 Data size: 10624 Basic stats: COMPLETE Column stats: NONE
                 Select Operator
-                  Statistics: Num rows: 1000 Data size: 0 Basic stats: PARTIAL Column stats: COMPLETE
+                  Statistics: Num rows: 1000 Data size: 10624 Basic stats: COMPLETE Column stats: NONE
                   Group By Operator
                     aggregations: count(1)
                     mode: hash
                     outputColumnNames: _col0
-                    Statistics: Num rows: 1 Data size: 8 Basic stats: COMPLETE Column stats: COMPLETE
+                    Statistics: Num rows: 1 Data size: 8 Basic stats: COMPLETE Column stats: NONE
                     Reduce Output Operator
                       sort order: 
-                      Statistics: Num rows: 1 Data size: 8 Basic stats: COMPLETE Column stats: COMPLETE
+                      Statistics: Num rows: 1 Data size: 8 Basic stats: COMPLETE Column stats: NONE
                       value expressions: _col0 (type: bigint)
       Reduce Operator Tree:
         Group By Operator
           aggregations: count(VALUE._col0)
           mode: mergepartial
           outputColumnNames: _col0
-          Statistics: Num rows: 1 Data size: 8 Basic stats: COMPLETE Column stats: COMPLETE
+          Statistics: Num rows: 1 Data size: 8 Basic stats: COMPLETE Column stats: NONE
           Select Operator
             expressions: _col0 (type: bigint)
             outputColumnNames: _col0
-            Statistics: Num rows: 1 Data size: 8 Basic stats: COMPLETE Column stats: COMPLETE
+            Statistics: Num rows: 1 Data size: 8 Basic stats: COMPLETE Column stats: NONE
             File Output Operator
               compressed: false
-              Statistics: Num rows: 1 Data size: 8 Basic stats: COMPLETE Column stats: COMPLETE
+              Statistics: Num rows: 1 Data size: 8 Basic stats: COMPLETE Column stats: NONE
               table:
                   input format: org.apache.hadoop.mapred.TextInputFormat
                   output format: org.apache.hadoop.hive.ql.io.HiveIgnoreKeyTextOutputFormat
@@ -1146,35 +1146,35 @@ STAGE PLANS:
           TableScan
             alias: src_union_3
             filterExpr: (ds = '4') (type: boolean)
-            Statistics: Num rows: 500 Data size: 5312 Basic stats: COMPLETE Column stats: COMPLETE
+            Statistics: Num rows: 500 Data size: 5312 Basic stats: COMPLETE Column stats: NONE
             Select Operator
-              Statistics: Num rows: 500 Data size: 0 Basic stats: PARTIAL Column stats: COMPLETE
+              Statistics: Num rows: 500 Data size: 5312 Basic stats: COMPLETE Column stats: NONE
               Union
-                Statistics: Num rows: 500 Data size: 0 Basic stats: PARTIAL Column stats: COMPLETE
+                Statistics: Num rows: 500 Data size: 5312 Basic stats: COMPLETE Column stats: NONE
                 Select Operator
-                  Statistics: Num rows: 500 Data size: 0 Basic stats: PARTIAL Column stats: COMPLETE
+                  Statistics: Num rows: 500 Data size: 5312 Basic stats: COMPLETE Column stats: NONE
                   Group By Operator
                     aggregations: count(1)
                     mode: hash
                     outputColumnNames: _col0
-                    Statistics: Num rows: 1 Data size: 8 Basic stats: COMPLETE Column stats: COMPLETE
+                    Statistics: Num rows: 1 Data size: 8 Basic stats: COMPLETE Column stats: NONE
                     Reduce Output Operator
                       sort order: 
-                      Statistics: Num rows: 1 Data size: 8 Basic stats: COMPLETE Column stats: COMPLETE
+                      Statistics: Num rows: 1 Data size: 8 Basic stats: COMPLETE Column stats: NONE
                       value expressions: _col0 (type: bigint)
       Reduce Operator Tree:
         Group By Operator
           aggregations: count(VALUE._col0)
           mode: mergepartial
           outputColumnNames: _col0
-          Statistics: Num rows: 1 Data size: 8 Basic stats: COMPLETE Column stats: COMPLETE
+          Statistics: Num rows: 1 Data size: 8 Basic stats: COMPLETE Column stats: NONE
           Select Operator
             expressions: _col0 (type: bigint)
             outputColumnNames: _col0
-            Statistics: Num rows: 1 Data size: 8 Basic stats: COMPLETE Column stats: COMPLETE
+            Statistics: Num rows: 1 Data size: 8 Basic stats: COMPLETE Column stats: NONE
             File Output Operator
               compressed: false
-              Statistics: Num rows: 1 Data size: 8 Basic stats: COMPLETE Column stats: COMPLETE
+              Statistics: Num rows: 1 Data size: 8 Basic stats: COMPLETE Column stats: NONE
               table:
                   input format: org.apache.hadoop.mapred.TextInputFormat
                   output format: org.apache.hadoop.hive.ql.io.HiveIgnoreKeyTextOutputFormat
