diff --git a/ql/src/java/org/apache/hadoop/hive/ql/optimizer/Optimizer.java b/ql/src/java/org/apache/hadoop/hive/ql/optimizer/Optimizer.java
index 5b4c74c03d..ae1d1ab037 100644
--- a/ql/src/java/org/apache/hadoop/hive/ql/optimizer/Optimizer.java
+++ b/ql/src/java/org/apache/hadoop/hive/ql/optimizer/Optimizer.java
@@ -135,7 +135,7 @@ public void initialize(HiveConf hiveConf) {
     if(HiveConf.getBoolVar(hiveConf, HiveConf.ConfVars.HIVEOPTIMIZEMETADATAQUERIES)) {
       transformations.add(new StatsOptimizer());
     }
-    if (pctx.getContext().getExplain() && !isSparkExecEngine && !isTezExecEngine) {
+    if (isSparkExecEngine || (pctx.getContext().getExplain() && !isTezExecEngine)) {
       transformations.add(new AnnotateWithStatistics());
       transformations.add(new AnnotateWithOpTraits());
     }
diff --git a/ql/src/test/results/clientpositive/spark/auto_sortmerge_join_1.q.out b/ql/src/test/results/clientpositive/spark/auto_sortmerge_join_1.q.out
index 08e0406f2d..9158d6512e 100644
--- a/ql/src/test/results/clientpositive/spark/auto_sortmerge_join_1.q.out
+++ b/ql/src/test/results/clientpositive/spark/auto_sortmerge_join_1.q.out
@@ -157,14 +157,17 @@ STAGE PLANS:
             Map Operator Tree:
                 TableScan
                   alias: b
+                  Statistics: Num rows: 116 Data size: 11624 Basic stats: COMPLETE Column stats: NONE
                   GatherStats: false
                   Filter Operator
                     isSamplingPred: false
                     predicate: key is not null (type: boolean)
+                    Statistics: Num rows: 58 Data size: 5812 Basic stats: COMPLETE Column stats: NONE
                     Reduce Output Operator
                       key expressions: key (type: string)
                       sort order: +
                       Map-reduce partition columns: key (type: string)
+                      Statistics: Num rows: 58 Data size: 5812 Basic stats: COMPLETE Column stats: NONE
                       tag: 1
                       auto parallelism: true
             Path -> Alias:
@@ -273,14 +276,17 @@ STAGE PLANS:
             Map Operator Tree:
                 TableScan
                   alias: a
+                  Statistics: Num rows: 1 Data size: 114 Basic stats: COMPLETE Column stats: NONE
                   GatherStats: false
                   Filter Operator
                     isSamplingPred: false
                     predicate: key is not null (type: boolean)
+                    Statistics: Num rows: 1 Data size: 114 Basic stats: COMPLETE Column stats: NONE
                     Reduce Output Operator
                       key expressions: key (type: string)
                       sort order: +
                       Map-reduce partition columns: key (type: string)
+                      Statistics: Num rows: 1 Data size: 114 Basic stats: COMPLETE Column stats: NONE
                       tag: 0
                       auto parallelism: true
             Path -> Alias:
@@ -345,13 +351,17 @@ STAGE PLANS:
                 condition expressions:
                   0 
                   1 
+                Statistics: Num rows: 63 Data size: 6393 Basic stats: COMPLETE Column stats: NONE
                 Select Operator
+                  Statistics: Num rows: 63 Data size: 6393 Basic stats: COMPLETE Column stats: NONE
                   Group By Operator
                     aggregations: count()
                     mode: hash
                     outputColumnNames: _col0
+                    Statistics: Num rows: 1 Data size: 8 Basic stats: COMPLETE Column stats: NONE
                     Reduce Output Operator
                       sort order: 
+                      Statistics: Num rows: 1 Data size: 8 Basic stats: COMPLETE Column stats: NONE
                       tag: -1
                       value expressions: _col0 (type: bigint)
                       auto parallelism: false
@@ -362,14 +372,17 @@ STAGE PLANS:
                 aggregations: count(VALUE._col0)
                 mode: mergepartial
                 outputColumnNames: _col0
+                Statistics: Num rows: 1 Data size: 8 Basic stats: COMPLETE Column stats: NONE
                 Select Operator
                   expressions: _col0 (type: bigint)
                   outputColumnNames: _col0
+                  Statistics: Num rows: 1 Data size: 8 Basic stats: COMPLETE Column stats: NONE
                   File Output Operator
                     compressed: false
                     GlobalTableId: 0
 #### A masked pattern was here ####
                     NumFilesPerFileSink: 1
+                    Statistics: Num rows: 1 Data size: 8 Basic stats: COMPLETE Column stats: NONE
 #### A masked pattern was here ####
                     table:
                         input format: org.apache.hadoop.mapred.TextInputFormat
@@ -461,14 +474,17 @@ STAGE PLANS:
             Map Operator Tree:
                 TableScan
                   alias: b
+                  Statistics: Num rows: 1 Data size: 114 Basic stats: COMPLETE Column stats: NONE
                   GatherStats: false
                   Filter Operator
                     isSamplingPred: false
                     predicate: key is not null (type: boolean)
+                    Statistics: Num rows: 1 Data size: 114 Basic stats: COMPLETE Column stats: NONE
                     Reduce Output Operator
                       key expressions: key (type: string)
                       sort order: +
                       Map-reduce partition columns: key (type: string)
+                      Statistics: Num rows: 1 Data size: 114 Basic stats: COMPLETE Column stats: NONE
                       tag: 1
                       auto parallelism: true
             Path -> Alias:
@@ -528,14 +544,17 @@ STAGE PLANS:
             Map Operator Tree:
                 TableScan
                   alias: a
+                  Statistics: Num rows: 116 Data size: 11624 Basic stats: COMPLETE Column stats: NONE
                   GatherStats: false
                   Filter Operator
                     isSamplingPred: false
                     predicate: key is not null (type: boolean)
+                    Statistics: Num rows: 58 Data size: 5812 Basic stats: COMPLETE Column stats: NONE
                     Reduce Output Operator
                       key expressions: key (type: string)
                       sort order: +
                       Map-reduce partition columns: key (type: string)
+                      Statistics: Num rows: 58 Data size: 5812 Basic stats: COMPLETE Column stats: NONE
                       tag: 0
                       auto parallelism: true
             Path -> Alias:
@@ -649,13 +668,17 @@ STAGE PLANS:
                 condition expressions:
                   0 
                   1 
+                Statistics: Num rows: 63 Data size: 6393 Basic stats: COMPLETE Column stats: NONE
                 Select Operator
+                  Statistics: Num rows: 63 Data size: 6393 Basic stats: COMPLETE Column stats: NONE
                   Group By Operator
                     aggregations: count()
                     mode: hash
                     outputColumnNames: _col0
+                    Statistics: Num rows: 1 Data size: 8 Basic stats: COMPLETE Column stats: NONE
                     Reduce Output Operator
                       sort order: 
+                      Statistics: Num rows: 1 Data size: 8 Basic stats: COMPLETE Column stats: NONE
                       tag: -1
                       value expressions: _col0 (type: bigint)
                       auto parallelism: false
@@ -666,14 +689,17 @@ STAGE PLANS:
                 aggregations: count(VALUE._col0)
                 mode: mergepartial
                 outputColumnNames: _col0
+                Statistics: Num rows: 1 Data size: 8 Basic stats: COMPLETE Column stats: NONE
                 Select Operator
                   expressions: _col0 (type: bigint)
                   outputColumnNames: _col0
+                  Statistics: Num rows: 1 Data size: 8 Basic stats: COMPLETE Column stats: NONE
                   File Output Operator
                     compressed: false
                     GlobalTableId: 0
 #### A masked pattern was here ####
                     NumFilesPerFileSink: 1
+                    Statistics: Num rows: 1 Data size: 8 Basic stats: COMPLETE Column stats: NONE
 #### A masked pattern was here ####
                     table:
                         input format: org.apache.hadoop.mapred.TextInputFormat
@@ -765,14 +791,17 @@ STAGE PLANS:
             Map Operator Tree:
                 TableScan
                   alias: b
+                  Statistics: Num rows: 1 Data size: 114 Basic stats: COMPLETE Column stats: NONE
                   GatherStats: false
                   Filter Operator
                     isSamplingPred: false
                     predicate: key is not null (type: boolean)
+                    Statistics: Num rows: 1 Data size: 114 Basic stats: COMPLETE Column stats: NONE
                     Reduce Output Operator
                       key expressions: key (type: string)
                       sort order: +
                       Map-reduce partition columns: key (type: string)
+                      Statistics: Num rows: 1 Data size: 114 Basic stats: COMPLETE Column stats: NONE
                       tag: 1
                       auto parallelism: true
             Path -> Alias:
@@ -832,14 +861,17 @@ STAGE PLANS:
             Map Operator Tree:
                 TableScan
                   alias: a
+                  Statistics: Num rows: 116 Data size: 11624 Basic stats: COMPLETE Column stats: NONE
                   GatherStats: false
                   Filter Operator
                     isSamplingPred: false
                     predicate: key is not null (type: boolean)
+                    Statistics: Num rows: 58 Data size: 5812 Basic stats: COMPLETE Column stats: NONE
                     Reduce Output Operator
                       key expressions: key (type: string)
                       sort order: +
                       Map-reduce partition columns: key (type: string)
+                      Statistics: Num rows: 58 Data size: 5812 Basic stats: COMPLETE Column stats: NONE
                       tag: 0
                       auto parallelism: true
             Path -> Alias:
@@ -953,13 +985,17 @@ STAGE PLANS:
                 condition expressions:
                   0 
                   1 
+                Statistics: Num rows: 63 Data size: 6393 Basic stats: COMPLETE Column stats: NONE
                 Select Operator
+                  Statistics: Num rows: 63 Data size: 6393 Basic stats: COMPLETE Column stats: NONE
                   Group By Operator
                     aggregations: count()
                     mode: hash
                     outputColumnNames: _col0
+                    Statistics: Num rows: 1 Data size: 8 Basic stats: COMPLETE Column stats: NONE
                     Reduce Output Operator
                       sort order: 
+                      Statistics: Num rows: 1 Data size: 8 Basic stats: COMPLETE Column stats: NONE
                       tag: -1
                       value expressions: _col0 (type: bigint)
                       auto parallelism: false
@@ -970,14 +1006,17 @@ STAGE PLANS:
                 aggregations: count(VALUE._col0)
                 mode: mergepartial
                 outputColumnNames: _col0
+                Statistics: Num rows: 1 Data size: 8 Basic stats: COMPLETE Column stats: NONE
                 Select Operator
                   expressions: _col0 (type: bigint)
                   outputColumnNames: _col0
+                  Statistics: Num rows: 1 Data size: 8 Basic stats: COMPLETE Column stats: NONE
                   File Output Operator
                     compressed: false
                     GlobalTableId: 0
 #### A masked pattern was here ####
                     NumFilesPerFileSink: 1
+                    Statistics: Num rows: 1 Data size: 8 Basic stats: COMPLETE Column stats: NONE
 #### A masked pattern was here ####
                     table:
                         input format: org.apache.hadoop.mapred.TextInputFormat
diff --git a/ql/src/test/results/clientpositive/spark/bucket2.q.out b/ql/src/test/results/clientpositive/spark/bucket2.q.out
index 543a0f8d76..b1b2997d46 100644
--- a/ql/src/test/results/clientpositive/spark/bucket2.q.out
+++ b/ql/src/test/results/clientpositive/spark/bucket2.q.out
@@ -52,13 +52,16 @@ STAGE PLANS:
             Map Operator Tree:
                 TableScan
                   alias: src
+                  Statistics: Num rows: 500 Data size: 5312 Basic stats: COMPLETE Column stats: NONE
                   GatherStats: false
                   Select Operator
                     expressions: key (type: string), value (type: string)
                     outputColumnNames: _col0, _col1
+                    Statistics: Num rows: 500 Data size: 5312 Basic stats: COMPLETE Column stats: NONE
                     Reduce Output Operator
                       sort order: 
                       Map-reduce partition columns: UDFToInteger(_col0) (type: int)
+                      Statistics: Num rows: 500 Data size: 5312 Basic stats: COMPLETE Column stats: NONE
                       tag: -1
                       value expressions: _col0 (type: string), _col1 (type: string)
                       auto parallelism: false
@@ -115,14 +118,17 @@ STAGE PLANS:
             Needs Tagging: false
             Reduce Operator Tree:
               Extract
+                Statistics: Num rows: 500 Data size: 5312 Basic stats: COMPLETE Column stats: NONE
                 Select Operator
                   expressions: UDFToInteger(_col0) (type: int), _col1 (type: string)
                   outputColumnNames: _col0, _col1
+                  Statistics: Num rows: 500 Data size: 5312 Basic stats: COMPLETE Column stats: NONE
                   File Output Operator
                     compressed: false
                     GlobalTableId: 1
 #### A masked pattern was here ####
                     NumFilesPerFileSink: 2
+                    Statistics: Num rows: 500 Data size: 5312 Basic stats: COMPLETE Column stats: NONE
 #### A masked pattern was here ####
                     table:
                         input format: org.apache.hadoop.mapred.TextInputFormat
@@ -204,11 +210,14 @@ STAGE PLANS:
       Processor Tree:
         TableScan
           alias: s
+          Statistics: Num rows: 55 Data size: 5812 Basic stats: COMPLETE Column stats: NONE
           Filter Operator
             predicate: (((hash(key) & 2147483647) % 2) = 0) (type: boolean)
+            Statistics: Num rows: 27 Data size: 2853 Basic stats: COMPLETE Column stats: NONE
             Select Operator
               expressions: key (type: int), value (type: string)
               outputColumnNames: _col0, _col1
+              Statistics: Num rows: 27 Data size: 2853 Basic stats: COMPLETE Column stats: NONE
               ListSink
 
 PREHOOK: query: select * from bucket2_1 tablesample (bucket 1 out of 2) s
diff --git a/ql/src/test/results/clientpositive/spark/bucket3.q.out b/ql/src/test/results/clientpositive/spark/bucket3.q.out
index d6d4c71404..019c11a8df 100644
--- a/ql/src/test/results/clientpositive/spark/bucket3.q.out
+++ b/ql/src/test/results/clientpositive/spark/bucket3.q.out
@@ -56,13 +56,16 @@ STAGE PLANS:
             Map Operator Tree:
                 TableScan
                   alias: src
+                  Statistics: Num rows: 500 Data size: 5312 Basic stats: COMPLETE Column stats: NONE
                   GatherStats: false
                   Select Operator
                     expressions: key (type: string), value (type: string)
                     outputColumnNames: _col0, _col1
+                    Statistics: Num rows: 500 Data size: 5312 Basic stats: COMPLETE Column stats: NONE
                     Reduce Output Operator
                       sort order: 
                       Map-reduce partition columns: UDFToInteger(_col0) (type: int)
+                      Statistics: Num rows: 500 Data size: 5312 Basic stats: COMPLETE Column stats: NONE
                       tag: -1
                       value expressions: _col0 (type: string), _col1 (type: string)
                       auto parallelism: false
@@ -119,15 +122,18 @@ STAGE PLANS:
             Needs Tagging: false
             Reduce Operator Tree:
               Extract
+                Statistics: Num rows: 500 Data size: 5312 Basic stats: COMPLETE Column stats: NONE
                 Select Operator
                   expressions: UDFToInteger(_col0) (type: int), _col1 (type: string)
                   outputColumnNames: _col0, _col1
+                  Statistics: Num rows: 500 Data size: 5312 Basic stats: COMPLETE Column stats: NONE
                   File Output Operator
                     compressed: false
                     GlobalTableId: 1
 #### A masked pattern was here ####
                     NumFilesPerFileSink: 2
                     Static Partition Specification: ds=1/
+                    Statistics: Num rows: 500 Data size: 5312 Basic stats: COMPLETE Column stats: NONE
 #### A masked pattern was here ####
                     table:
                         input format: org.apache.hadoop.mapred.TextInputFormat
@@ -228,11 +234,14 @@ STAGE PLANS:
       Processor Tree:
         TableScan
           alias: s
+          Statistics: Num rows: 55 Data size: 5812 Basic stats: COMPLETE Column stats: NONE
           Filter Operator
             predicate: (((hash(key) & 2147483647) % 2) = 0) (type: boolean)
+            Statistics: Num rows: 27 Data size: 2853 Basic stats: COMPLETE Column stats: NONE
             Select Operator
               expressions: key (type: int), value (type: string), ds (type: string)
               outputColumnNames: _col0, _col1, _col2
+              Statistics: Num rows: 27 Data size: 2853 Basic stats: COMPLETE Column stats: NONE
               ListSink
 
 PREHOOK: query: select * from bucket3_1 tablesample (bucket 1 out of 2) s where ds = '1'
diff --git a/ql/src/test/results/clientpositive/spark/bucket4.q.out b/ql/src/test/results/clientpositive/spark/bucket4.q.out
index 374a2e0460..2cbab11174 100644
--- a/ql/src/test/results/clientpositive/spark/bucket4.q.out
+++ b/ql/src/test/results/clientpositive/spark/bucket4.q.out
@@ -48,14 +48,17 @@ STAGE PLANS:
             Map Operator Tree:
                 TableScan
                   alias: src
+                  Statistics: Num rows: 500 Data size: 5312 Basic stats: COMPLETE Column stats: NONE
                   GatherStats: false
                   Select Operator
                     expressions: key (type: string), value (type: string)
                     outputColumnNames: _col0, _col1
+                    Statistics: Num rows: 500 Data size: 5312 Basic stats: COMPLETE Column stats: NONE
                     Reduce Output Operator
                       key expressions: UDFToInteger(_col0) (type: int)
                       sort order: +
                       Map-reduce partition columns: UDFToInteger(_col0) (type: int)
+                      Statistics: Num rows: 500 Data size: 5312 Basic stats: COMPLETE Column stats: NONE
                       tag: -1
                       value expressions: _col0 (type: string), _col1 (type: string)
                       auto parallelism: false
@@ -112,14 +115,17 @@ STAGE PLANS:
             Needs Tagging: false
             Reduce Operator Tree:
               Extract
+                Statistics: Num rows: 500 Data size: 5312 Basic stats: COMPLETE Column stats: NONE
                 Select Operator
                   expressions: UDFToInteger(_col0) (type: int), _col1 (type: string)
                   outputColumnNames: _col0, _col1
+                  Statistics: Num rows: 500 Data size: 5312 Basic stats: COMPLETE Column stats: NONE
                   File Output Operator
                     compressed: false
                     GlobalTableId: 1
 #### A masked pattern was here ####
                     NumFilesPerFileSink: 2
+                    Statistics: Num rows: 500 Data size: 5312 Basic stats: COMPLETE Column stats: NONE
 #### A masked pattern was here ####
                     table:
                         input format: org.apache.hadoop.mapred.TextInputFormat
@@ -203,11 +209,14 @@ STAGE PLANS:
       Processor Tree:
         TableScan
           alias: s
+          Statistics: Num rows: 55 Data size: 5812 Basic stats: COMPLETE Column stats: NONE
           Filter Operator
             predicate: (((hash(key) & 2147483647) % 2) = 0) (type: boolean)
+            Statistics: Num rows: 27 Data size: 2853 Basic stats: COMPLETE Column stats: NONE
             Select Operator
               expressions: key (type: int), value (type: string)
               outputColumnNames: _col0, _col1
+              Statistics: Num rows: 27 Data size: 2853 Basic stats: COMPLETE Column stats: NONE
               ListSink
 
 PREHOOK: query: select * from bucket4_1 tablesample (bucket 1 out of 2) s
diff --git a/ql/src/test/results/clientpositive/spark/column_access_stats.q.out b/ql/src/test/results/clientpositive/spark/column_access_stats.q.out
index 755e27c041..7ffe3e3953 100644
--- a/ql/src/test/results/clientpositive/spark/column_access_stats.q.out
+++ b/ql/src/test/results/clientpositive/spark/column_access_stats.q.out
@@ -92,9 +92,11 @@ STAGE PLANS:
       Processor Tree:
         TableScan
           alias: t1
+          Statistics: Num rows: 0 Data size: 30 Basic stats: PARTIAL Column stats: NONE
           Select Operator
             expressions: key (type: string)
             outputColumnNames: _col0
+            Statistics: Num rows: 0 Data size: 30 Basic stats: PARTIAL Column stats: NONE
             ListSink
 
 PREHOOK: query: SELECT key FROM (SELECT key, val FROM T1) subq1
@@ -122,9 +124,11 @@ STAGE PLANS:
       Processor Tree:
         TableScan
           alias: t1
+          Statistics: Num rows: 0 Data size: 30 Basic stats: PARTIAL Column stats: NONE
           Select Operator
             expressions: key (type: string)
             outputColumnNames: _col0
+            Statistics: Num rows: 0 Data size: 30 Basic stats: PARTIAL Column stats: NONE
             ListSink
 
 PREHOOK: query: SELECT k FROM (SELECT key as k, val as v FROM T1) subq1
@@ -384,22 +388,28 @@ STAGE PLANS:
             Map Operator Tree:
                 TableScan
                   alias: t2
+                  Statistics: Num rows: 0 Data size: 20 Basic stats: PARTIAL Column stats: NONE
                   Filter Operator
                     predicate: key is not null (type: boolean)
+                    Statistics: Num rows: 0 Data size: 0 Basic stats: NONE Column stats: NONE
                     Reduce Output Operator
                       key expressions: key (type: string)
                       sort order: +
                       Map-reduce partition columns: key (type: string)
+                      Statistics: Num rows: 0 Data size: 0 Basic stats: NONE Column stats: NONE
         Map 3 
             Map Operator Tree:
                 TableScan
                   alias: t1
+                  Statistics: Num rows: 0 Data size: 30 Basic stats: PARTIAL Column stats: NONE
                   Filter Operator
                     predicate: key is not null (type: boolean)
+                    Statistics: Num rows: 0 Data size: 0 Basic stats: NONE Column stats: NONE
                     Reduce Output Operator
                       key expressions: key (type: string)
                       sort order: +
                       Map-reduce partition columns: key (type: string)
+                      Statistics: Num rows: 0 Data size: 0 Basic stats: NONE Column stats: NONE
         Reducer 2 
             Reduce Operator Tree:
               Join Operator
@@ -409,11 +419,14 @@ STAGE PLANS:
                   0 {KEY.reducesinkkey0}
                   1 
                 outputColumnNames: _col0
+                Statistics: Num rows: 0 Data size: 0 Basic stats: NONE Column stats: NONE
                 Select Operator
                   expressions: _col0 (type: string)
                   outputColumnNames: _col0
+                  Statistics: Num rows: 0 Data size: 0 Basic stats: NONE Column stats: NONE
                   File Output Operator
                     compressed: false
+                    Statistics: Num rows: 0 Data size: 0 Basic stats: NONE Column stats: NONE
                     table:
                         input format: org.apache.hadoop.mapred.TextInputFormat
                         output format: org.apache.hadoop.hive.ql.io.HiveIgnoreKeyTextOutputFormat
@@ -498,22 +511,28 @@ STAGE PLANS:
             Map Operator Tree:
                 TableScan
                   alias: t2
+                  Statistics: Num rows: 0 Data size: 20 Basic stats: PARTIAL Column stats: NONE
                   Filter Operator
                     predicate: ((val = 3) and key is not null) (type: boolean)
+                    Statistics: Num rows: 0 Data size: 0 Basic stats: NONE Column stats: NONE
                     Reduce Output Operator
                       key expressions: key (type: string)
                       sort order: +
                       Map-reduce partition columns: key (type: string)
+                      Statistics: Num rows: 0 Data size: 0 Basic stats: NONE Column stats: NONE
         Map 3 
             Map Operator Tree:
                 TableScan
                   alias: t1
+                  Statistics: Num rows: 0 Data size: 30 Basic stats: PARTIAL Column stats: NONE
                   Filter Operator
                     predicate: ((val = 3) and key is not null) (type: boolean)
+                    Statistics: Num rows: 0 Data size: 0 Basic stats: NONE Column stats: NONE
                     Reduce Output Operator
                       key expressions: key (type: string)
                       sort order: +
                       Map-reduce partition columns: key (type: string)
+                      Statistics: Num rows: 0 Data size: 0 Basic stats: NONE Column stats: NONE
         Reducer 2 
             Reduce Operator Tree:
               Join Operator
@@ -523,11 +542,14 @@ STAGE PLANS:
                   0 {KEY.reducesinkkey0}
                   1 {KEY.reducesinkkey0}
                 outputColumnNames: _col0, _col5
+                Statistics: Num rows: 0 Data size: 0 Basic stats: NONE Column stats: NONE
                 Select Operator
                   expressions: _col0 (type: string), '3' (type: string), _col5 (type: string), '3' (type: string)
                   outputColumnNames: _col0, _col1, _col2, _col3
+                  Statistics: Num rows: 0 Data size: 0 Basic stats: NONE Column stats: NONE
                   File Output Operator
                     compressed: false
+                    Statistics: Num rows: 0 Data size: 0 Basic stats: NONE Column stats: NONE
                     table:
                         input format: org.apache.hadoop.mapred.TextInputFormat
                         output format: org.apache.hadoop.hive.ql.io.HiveIgnoreKeyTextOutputFormat
@@ -579,28 +601,36 @@ STAGE PLANS:
             Map Operator Tree:
                 TableScan
                   alias: t2
+                  Statistics: Num rows: 0 Data size: 20 Basic stats: PARTIAL Column stats: NONE
                   Filter Operator
                     predicate: ((key = 6) and val is not null) (type: boolean)
+                    Statistics: Num rows: 0 Data size: 0 Basic stats: NONE Column stats: NONE
                     Select Operator
                       expressions: val (type: string)
                       outputColumnNames: _col0
+                      Statistics: Num rows: 0 Data size: 0 Basic stats: NONE Column stats: NONE
                       Reduce Output Operator
                         key expressions: _col0 (type: string)
                         sort order: +
                         Map-reduce partition columns: _col0 (type: string)
+                        Statistics: Num rows: 0 Data size: 0 Basic stats: NONE Column stats: NONE
         Map 3 
             Map Operator Tree:
                 TableScan
                   alias: t1
+                  Statistics: Num rows: 0 Data size: 30 Basic stats: PARTIAL Column stats: NONE
                   Filter Operator
                     predicate: ((key = 5) and val is not null) (type: boolean)
+                    Statistics: Num rows: 0 Data size: 0 Basic stats: NONE Column stats: NONE
                     Select Operator
                       expressions: val (type: string)
                       outputColumnNames: _col0
+                      Statistics: Num rows: 0 Data size: 0 Basic stats: NONE Column stats: NONE
                       Reduce Output Operator
                         key expressions: _col0 (type: string)
                         sort order: +
                         Map-reduce partition columns: _col0 (type: string)
+                        Statistics: Num rows: 0 Data size: 0 Basic stats: NONE Column stats: NONE
         Reducer 2 
             Reduce Operator Tree:
               Join Operator
@@ -610,11 +640,14 @@ STAGE PLANS:
                   0 {KEY.reducesinkkey0}
                   1 
                 outputColumnNames: _col0
+                Statistics: Num rows: 0 Data size: 0 Basic stats: NONE Column stats: NONE
                 Select Operator
                   expressions: _col0 (type: string)
                   outputColumnNames: _col0
+                  Statistics: Num rows: 0 Data size: 0 Basic stats: NONE Column stats: NONE
                   File Output Operator
                     compressed: false
+                    Statistics: Num rows: 0 Data size: 0 Basic stats: NONE Column stats: NONE
                     table:
                         input format: org.apache.hadoop.mapred.TextInputFormat
                         output format: org.apache.hadoop.hive.ql.io.HiveIgnoreKeyTextOutputFormat
@@ -681,39 +714,50 @@ STAGE PLANS:
             Map Operator Tree:
                 TableScan
                   alias: t3
+                  Statistics: Num rows: 0 Data size: 35 Basic stats: PARTIAL Column stats: NONE
                   Filter Operator
                     predicate: key is not null (type: boolean)
+                    Statistics: Num rows: 0 Data size: 0 Basic stats: NONE Column stats: NONE
                     Reduce Output Operator
                       key expressions: key (type: string)
                       sort order: +
                       Map-reduce partition columns: key (type: string)
+                      Statistics: Num rows: 0 Data size: 0 Basic stats: NONE Column stats: NONE
                       value expressions: val (type: string)
         Map 3 
             Map Operator Tree:
                 TableScan
                   alias: t2
+                  Statistics: Num rows: 0 Data size: 20 Basic stats: PARTIAL Column stats: NONE
                   Filter Operator
                     predicate: key is not null (type: boolean)
+                    Statistics: Num rows: 0 Data size: 0 Basic stats: NONE Column stats: NONE
                     Select Operator
                       expressions: key (type: string)
                       outputColumnNames: _col0
+                      Statistics: Num rows: 0 Data size: 0 Basic stats: NONE Column stats: NONE
                       Reduce Output Operator
                         key expressions: _col0 (type: string)
                         sort order: +
                         Map-reduce partition columns: _col0 (type: string)
+                        Statistics: Num rows: 0 Data size: 0 Basic stats: NONE Column stats: NONE
         Map 5 
             Map Operator Tree:
                 TableScan
                   alias: t1
+                  Statistics: Num rows: 0 Data size: 30 Basic stats: PARTIAL Column stats: NONE
                   Filter Operator
                     predicate: key is not null (type: boolean)
+                    Statistics: Num rows: 0 Data size: 0 Basic stats: NONE Column stats: NONE
                     Select Operator
                       expressions: key (type: string)
                       outputColumnNames: _col0
+                      Statistics: Num rows: 0 Data size: 0 Basic stats: NONE Column stats: NONE
                       Reduce Output Operator
                         key expressions: _col0 (type: string)
                         sort order: +
                         Map-reduce partition columns: _col0 (type: string)
+                        Statistics: Num rows: 0 Data size: 0 Basic stats: NONE Column stats: NONE
         Reducer 2 
             Reduce Operator Tree:
               Join Operator
@@ -723,11 +767,14 @@ STAGE PLANS:
                   0 {KEY.reducesinkkey0}
                   1 {KEY.reducesinkkey0} {VALUE._col0}
                 outputColumnNames: _col0, _col1, _col2
+                Statistics: Num rows: 0 Data size: 0 Basic stats: NONE Column stats: NONE
                 Select Operator
                   expressions: _col0 (type: string), _col1 (type: string), _col2 (type: string)
                   outputColumnNames: _col0, _col1, _col2
+                  Statistics: Num rows: 0 Data size: 0 Basic stats: NONE Column stats: NONE
                   File Output Operator
                     compressed: false
+                    Statistics: Num rows: 0 Data size: 0 Basic stats: NONE Column stats: NONE
                     table:
                         input format: org.apache.hadoop.mapred.TextInputFormat
                         output format: org.apache.hadoop.hive.ql.io.HiveIgnoreKeyTextOutputFormat
@@ -741,13 +788,16 @@ STAGE PLANS:
                   0 {KEY.reducesinkkey0}
                   1 
                 outputColumnNames: _col0
+                Statistics: Num rows: 0 Data size: 0 Basic stats: NONE Column stats: NONE
                 Select Operator
                   expressions: _col0 (type: string)
                   outputColumnNames: _col0
+                  Statistics: Num rows: 0 Data size: 0 Basic stats: NONE Column stats: NONE
                   Reduce Output Operator
                     key expressions: _col0 (type: string)
                     sort order: +
                     Map-reduce partition columns: _col0 (type: string)
+                    Statistics: Num rows: 0 Data size: 0 Basic stats: NONE Column stats: NONE
 
   Stage: Stage-0
     Fetch Operator
diff --git a/ql/src/test/results/clientpositive/spark/count.q.out b/ql/src/test/results/clientpositive/spark/count.q.out
index 4c3432a0c1..c527c1d727 100644
--- a/ql/src/test/results/clientpositive/spark/count.q.out
+++ b/ql/src/test/results/clientpositive/spark/count.q.out
@@ -48,18 +48,22 @@ STAGE PLANS:
             Map Operator Tree:
                 TableScan
                   alias: abcd
+                  Statistics: Num rows: 4 Data size: 78 Basic stats: COMPLETE Column stats: NONE
                   Select Operator
                     expressions: a (type: int), b (type: int), c (type: int), d (type: int)
                     outputColumnNames: a, b, c, d
+                    Statistics: Num rows: 4 Data size: 78 Basic stats: COMPLETE Column stats: NONE
                     Group By Operator
                       aggregations: count(DISTINCT b), count(DISTINCT c), sum(d)
                       keys: a (type: int), b (type: int), c (type: int)
                       mode: hash
                       outputColumnNames: _col0, _col1, _col2, _col3, _col4, _col5
+                      Statistics: Num rows: 4 Data size: 78 Basic stats: COMPLETE Column stats: NONE
                       Reduce Output Operator
                         key expressions: _col0 (type: int), _col1 (type: int), _col2 (type: int)
                         sort order: +++
                         Map-reduce partition columns: _col0 (type: int)
+                        Statistics: Num rows: 4 Data size: 78 Basic stats: COMPLETE Column stats: NONE
                         value expressions: _col5 (type: bigint)
         Reducer 2 
             Reduce Operator Tree:
@@ -68,11 +72,14 @@ STAGE PLANS:
                 keys: KEY._col0 (type: int)
                 mode: mergepartial
                 outputColumnNames: _col0, _col1, _col2, _col3
+                Statistics: Num rows: 2 Data size: 39 Basic stats: COMPLETE Column stats: NONE
                 Select Operator
                   expressions: _col0 (type: int), _col1 (type: bigint), _col2 (type: bigint), _col3 (type: bigint)
                   outputColumnNames: _col0, _col1, _col2, _col3
+                  Statistics: Num rows: 2 Data size: 39 Basic stats: COMPLETE Column stats: NONE
                   File Output Operator
                     compressed: false
+                    Statistics: Num rows: 2 Data size: 39 Basic stats: COMPLETE Column stats: NONE
                     table:
                         input format: org.apache.hadoop.mapred.TextInputFormat
                         output format: org.apache.hadoop.hive.ql.io.HiveIgnoreKeyTextOutputFormat
@@ -115,17 +122,21 @@ STAGE PLANS:
             Map Operator Tree:
                 TableScan
                   alias: abcd
+                  Statistics: Num rows: 4 Data size: 78 Basic stats: COMPLETE Column stats: NONE
                   Select Operator
                     expressions: a (type: int), b (type: int), c (type: int), d (type: int)
                     outputColumnNames: a, b, c, d
+                    Statistics: Num rows: 4 Data size: 78 Basic stats: COMPLETE Column stats: NONE
                     Group By Operator
                       aggregations: count(1), count(), count(a), count(b), count(c), count(d), count(DISTINCT a), count(DISTINCT b), count(DISTINCT c), count(DISTINCT d), count(DISTINCT a, b), count(DISTINCT b, c), count(DISTINCT c, d), count(DISTINCT a, d), count(DISTINCT a, c), count(DISTINCT b, d), count(DISTINCT a, b, c), count(DISTINCT b, c, d), count(DISTINCT a, c, d), count(DISTINCT a, b, d), count(DISTINCT a, b, c, d)
                       keys: a (type: int), b (type: int), c (type: int), d (type: int)
                       mode: hash
                       outputColumnNames: _col0, _col1, _col2, _col3, _col4, _col5, _col6, _col7, _col8, _col9, _col10, _col11, _col12, _col13, _col14, _col15, _col16, _col17, _col18, _col19, _col20, _col21, _col22, _col23, _col24
+                      Statistics: Num rows: 4 Data size: 78 Basic stats: COMPLETE Column stats: NONE
                       Reduce Output Operator
                         key expressions: _col0 (type: int), _col1 (type: int), _col2 (type: int), _col3 (type: int)
                         sort order: ++++
+                        Statistics: Num rows: 4 Data size: 78 Basic stats: COMPLETE Column stats: NONE
                         value expressions: _col4 (type: bigint), _col5 (type: bigint), _col6 (type: bigint), _col7 (type: bigint), _col8 (type: bigint), _col9 (type: bigint)
         Reducer 2 
             Reduce Operator Tree:
@@ -133,11 +144,14 @@ STAGE PLANS:
                 aggregations: count(VALUE._col0), count(VALUE._col1), count(VALUE._col2), count(VALUE._col3), count(VALUE._col4), count(VALUE._col5), count(DISTINCT KEY._col0:0._col0), count(DISTINCT KEY._col0:1._col0), count(DISTINCT KEY._col0:2._col0), count(DISTINCT KEY._col0:3._col0), count(DISTINCT KEY._col0:4._col0, KEY._col0:4._col1), count(DISTINCT KEY._col0:5._col0, KEY._col0:5._col1), count(DISTINCT KEY._col0:6._col0, KEY._col0:6._col1), count(DISTINCT KEY._col0:7._col0, KEY._col0:7._col1), count(DISTINCT KEY._col0:8._col0, KEY._col0:8._col1), count(DISTINCT KEY._col0:9._col0, KEY._col0:9._col1), count(DISTINCT KEY._col0:10._col0, KEY._col0:10._col1, KEY._col0:10._col2), count(DISTINCT KEY._col0:11._col0, KEY._col0:11._col1, KEY._col0:11._col2), count(DISTINCT KEY._col0:12._col0, KEY._col0:12._col1, KEY._col0:12._col2), count(DISTINCT KEY._col0:13._col0, KEY._col0:13._col1, KEY._col0:13._col2), count(DISTINCT KEY._col0:14._col0, KEY._col0:14._col1, KEY._col0:14._col2, KEY._col0:14._col3)
                 mode: mergepartial
                 outputColumnNames: _col0, _col1, _col2, _col3, _col4, _col5, _col6, _col7, _col8, _col9, _col10, _col11, _col12, _col13, _col14, _col15, _col16, _col17, _col18, _col19, _col20
+                Statistics: Num rows: 1 Data size: 200 Basic stats: COMPLETE Column stats: NONE
                 Select Operator
                   expressions: _col0 (type: bigint), _col1 (type: bigint), _col2 (type: bigint), _col3 (type: bigint), _col4 (type: bigint), _col5 (type: bigint), _col6 (type: bigint), _col7 (type: bigint), _col8 (type: bigint), _col9 (type: bigint), _col10 (type: bigint), _col11 (type: bigint), _col12 (type: bigint), _col13 (type: bigint), _col14 (type: bigint), _col15 (type: bigint), _col16 (type: bigint), _col17 (type: bigint), _col18 (type: bigint), _col19 (type: bigint), _col20 (type: bigint)
                   outputColumnNames: _col0, _col1, _col2, _col3, _col4, _col5, _col6, _col7, _col8, _col9, _col10, _col11, _col12, _col13, _col14, _col15, _col16, _col17, _col18, _col19, _col20
+                  Statistics: Num rows: 1 Data size: 200 Basic stats: COMPLETE Column stats: NONE
                   File Output Operator
                     compressed: false
+                    Statistics: Num rows: 1 Data size: 200 Basic stats: COMPLETE Column stats: NONE
                     table:
                         input format: org.apache.hadoop.mapred.TextInputFormat
                         output format: org.apache.hadoop.hive.ql.io.HiveIgnoreKeyTextOutputFormat
@@ -177,13 +191,16 @@ STAGE PLANS:
             Map Operator Tree:
                 TableScan
                   alias: abcd
+                  Statistics: Num rows: 4 Data size: 78 Basic stats: COMPLETE Column stats: NONE
                   Select Operator
                     expressions: a (type: int), b (type: int), c (type: int), d (type: int)
                     outputColumnNames: a, b, c, d
+                    Statistics: Num rows: 4 Data size: 78 Basic stats: COMPLETE Column stats: NONE
                     Reduce Output Operator
                       key expressions: a (type: int), b (type: int), c (type: int)
                       sort order: +++
                       Map-reduce partition columns: a (type: int)
+                      Statistics: Num rows: 4 Data size: 78 Basic stats: COMPLETE Column stats: NONE
                       value expressions: d (type: int)
         Reducer 2 
             Reduce Operator Tree:
@@ -192,11 +209,14 @@ STAGE PLANS:
                 keys: KEY._col0 (type: int)
                 mode: complete
                 outputColumnNames: _col0, _col1, _col2, _col3
+                Statistics: Num rows: 2 Data size: 39 Basic stats: COMPLETE Column stats: NONE
                 Select Operator
                   expressions: _col0 (type: int), _col1 (type: bigint), _col2 (type: bigint), _col3 (type: bigint)
                   outputColumnNames: _col0, _col1, _col2, _col3
+                  Statistics: Num rows: 2 Data size: 39 Basic stats: COMPLETE Column stats: NONE
                   File Output Operator
                     compressed: false
+                    Statistics: Num rows: 2 Data size: 39 Basic stats: COMPLETE Column stats: NONE
                     table:
                         input format: org.apache.hadoop.mapred.TextInputFormat
                         output format: org.apache.hadoop.hive.ql.io.HiveIgnoreKeyTextOutputFormat
@@ -239,23 +259,29 @@ STAGE PLANS:
             Map Operator Tree:
                 TableScan
                   alias: abcd
+                  Statistics: Num rows: 4 Data size: 78 Basic stats: COMPLETE Column stats: NONE
                   Select Operator
                     expressions: a (type: int), b (type: int), c (type: int), d (type: int)
                     outputColumnNames: a, b, c, d
+                    Statistics: Num rows: 4 Data size: 78 Basic stats: COMPLETE Column stats: NONE
                     Reduce Output Operator
                       key expressions: a (type: int), b (type: int), c (type: int), d (type: int)
                       sort order: ++++
+                      Statistics: Num rows: 4 Data size: 78 Basic stats: COMPLETE Column stats: NONE
         Reducer 2 
             Reduce Operator Tree:
               Group By Operator
                 aggregations: count(1), count(), count(KEY._col0:0._col0), count(KEY._col0:1._col0), count(KEY._col0:2._col0), count(KEY._col0:3._col0), count(DISTINCT KEY._col0:0._col0), count(DISTINCT KEY._col0:1._col0), count(DISTINCT KEY._col0:2._col0), count(DISTINCT KEY._col0:3._col0), count(DISTINCT KEY._col0:4._col0, KEY._col0:4._col1), count(DISTINCT KEY._col0:5._col0, KEY._col0:5._col1), count(DISTINCT KEY._col0:6._col0, KEY._col0:6._col1), count(DISTINCT KEY._col0:7._col0, KEY._col0:7._col1), count(DISTINCT KEY._col0:8._col0, KEY._col0:8._col1), count(DISTINCT KEY._col0:9._col0, KEY._col0:9._col1), count(DISTINCT KEY._col0:10._col0, KEY._col0:10._col1, KEY._col0:10._col2), count(DISTINCT KEY._col0:11._col0, KEY._col0:11._col1, KEY._col0:11._col2), count(DISTINCT KEY._col0:12._col0, KEY._col0:12._col1, KEY._col0:12._col2), count(DISTINCT KEY._col0:13._col0, KEY._col0:13._col1, KEY._col0:13._col2), count(DISTINCT KEY._col0:14._col0, KEY._col0:14._col1, KEY._col0:14._col2, KEY._col0:14._col3)
                 mode: complete
                 outputColumnNames: _col0, _col1, _col2, _col3, _col4, _col5, _col6, _col7, _col8, _col9, _col10, _col11, _col12, _col13, _col14, _col15, _col16, _col17, _col18, _col19, _col20
+                Statistics: Num rows: 1 Data size: 168 Basic stats: COMPLETE Column stats: NONE
                 Select Operator
                   expressions: _col0 (type: bigint), _col1 (type: bigint), _col2 (type: bigint), _col3 (type: bigint), _col4 (type: bigint), _col5 (type: bigint), _col6 (type: bigint), _col7 (type: bigint), _col8 (type: bigint), _col9 (type: bigint), _col10 (type: bigint), _col11 (type: bigint), _col12 (type: bigint), _col13 (type: bigint), _col14 (type: bigint), _col15 (type: bigint), _col16 (type: bigint), _col17 (type: bigint), _col18 (type: bigint), _col19 (type: bigint), _col20 (type: bigint)
                   outputColumnNames: _col0, _col1, _col2, _col3, _col4, _col5, _col6, _col7, _col8, _col9, _col10, _col11, _col12, _col13, _col14, _col15, _col16, _col17, _col18, _col19, _col20
+                  Statistics: Num rows: 1 Data size: 168 Basic stats: COMPLETE Column stats: NONE
                   File Output Operator
                     compressed: false
+                    Statistics: Num rows: 1 Data size: 168 Basic stats: COMPLETE Column stats: NONE
                     table:
                         input format: org.apache.hadoop.mapred.TextInputFormat
                         output format: org.apache.hadoop.hive.ql.io.HiveIgnoreKeyTextOutputFormat
diff --git a/ql/src/test/results/clientpositive/spark/ctas.q.out b/ql/src/test/results/clientpositive/spark/ctas.q.out
index 7d1e5108b8..0ded266f2e 100644
--- a/ql/src/test/results/clientpositive/spark/ctas.q.out
+++ b/ql/src/test/results/clientpositive/spark/ctas.q.out
@@ -41,31 +41,40 @@ STAGE PLANS:
             Map Operator Tree:
                 TableScan
                   alias: src
+                  Statistics: Num rows: 500 Data size: 5312 Basic stats: COMPLETE Column stats: NONE
                   Select Operator
                     expressions: key (type: string), value (type: string)
                     outputColumnNames: _col0, _col1
+                    Statistics: Num rows: 500 Data size: 5312 Basic stats: COMPLETE Column stats: NONE
                     Reduce Output Operator
                       key expressions: _col0 (type: string), _col1 (type: string)
                       sort order: ++
+                      Statistics: Num rows: 500 Data size: 5312 Basic stats: COMPLETE Column stats: NONE
         Reducer 2 
             Reduce Operator Tree:
               Select Operator
                 expressions: KEY.reducesinkkey0 (type: string), KEY.reducesinkkey1 (type: string)
                 outputColumnNames: _col0, _col1
+                Statistics: Num rows: 500 Data size: 5312 Basic stats: COMPLETE Column stats: NONE
                 Limit
                   Number of rows: 10
+                  Statistics: Num rows: 10 Data size: 100 Basic stats: COMPLETE Column stats: NONE
                   Reduce Output Operator
                     key expressions: _col0 (type: string), _col1 (type: string)
                     sort order: ++
+                    Statistics: Num rows: 10 Data size: 100 Basic stats: COMPLETE Column stats: NONE
         Reducer 3 
             Reduce Operator Tree:
               Select Operator
                 expressions: KEY.reducesinkkey0 (type: string), KEY.reducesinkkey1 (type: string)
                 outputColumnNames: _col0, _col1
+                Statistics: Num rows: 10 Data size: 100 Basic stats: COMPLETE Column stats: NONE
                 Limit
                   Number of rows: 10
+                  Statistics: Num rows: 10 Data size: 100 Basic stats: COMPLETE Column stats: NONE
                   File Output Operator
                     compressed: false
+                    Statistics: Num rows: 10 Data size: 100 Basic stats: COMPLETE Column stats: NONE
                     table:
                         input format: org.apache.hadoop.mapred.TextInputFormat
                         output format: org.apache.hadoop.hive.ql.io.HiveIgnoreKeyTextOutputFormat
@@ -181,31 +190,40 @@ STAGE PLANS:
             Map Operator Tree:
                 TableScan
                   alias: src
+                  Statistics: Num rows: 500 Data size: 5312 Basic stats: COMPLETE Column stats: NONE
                   Select Operator
                     expressions: key (type: string), value (type: string)
                     outputColumnNames: _col0, _col1
+                    Statistics: Num rows: 500 Data size: 5312 Basic stats: COMPLETE Column stats: NONE
                     Reduce Output Operator
                       key expressions: _col0 (type: string), _col1 (type: string)
                       sort order: ++
+                      Statistics: Num rows: 500 Data size: 5312 Basic stats: COMPLETE Column stats: NONE
         Reducer 2 
             Reduce Operator Tree:
               Select Operator
                 expressions: KEY.reducesinkkey0 (type: string), KEY.reducesinkkey1 (type: string)
                 outputColumnNames: _col0, _col1
+                Statistics: Num rows: 500 Data size: 5312 Basic stats: COMPLETE Column stats: NONE
                 Limit
                   Number of rows: 10
+                  Statistics: Num rows: 10 Data size: 100 Basic stats: COMPLETE Column stats: NONE
                   Reduce Output Operator
                     key expressions: _col0 (type: string), _col1 (type: string)
                     sort order: ++
+                    Statistics: Num rows: 10 Data size: 100 Basic stats: COMPLETE Column stats: NONE
         Reducer 3 
             Reduce Operator Tree:
               Select Operator
                 expressions: KEY.reducesinkkey0 (type: string), KEY.reducesinkkey1 (type: string)
                 outputColumnNames: _col0, _col1
+                Statistics: Num rows: 10 Data size: 100 Basic stats: COMPLETE Column stats: NONE
                 Limit
                   Number of rows: 10
+                  Statistics: Num rows: 10 Data size: 100 Basic stats: COMPLETE Column stats: NONE
                   File Output Operator
                     compressed: false
+                    Statistics: Num rows: 10 Data size: 100 Basic stats: COMPLETE Column stats: NONE
                     table:
                         input format: org.apache.hadoop.mapred.TextInputFormat
                         output format: org.apache.hadoop.hive.ql.io.HiveIgnoreKeyTextOutputFormat
@@ -321,31 +339,40 @@ STAGE PLANS:
             Map Operator Tree:
                 TableScan
                   alias: src
+                  Statistics: Num rows: 500 Data size: 5312 Basic stats: COMPLETE Column stats: NONE
                   Select Operator
                     expressions: (key / 2) (type: double), concat(value, '_con') (type: string)
                     outputColumnNames: _col0, _col1
+                    Statistics: Num rows: 500 Data size: 5312 Basic stats: COMPLETE Column stats: NONE
                     Reduce Output Operator
                       key expressions: _col0 (type: double), _col1 (type: string)
                       sort order: ++
+                      Statistics: Num rows: 500 Data size: 5312 Basic stats: COMPLETE Column stats: NONE
         Reducer 2 
             Reduce Operator Tree:
               Select Operator
                 expressions: KEY.reducesinkkey0 (type: double), KEY.reducesinkkey1 (type: string)
                 outputColumnNames: _col0, _col1
+                Statistics: Num rows: 500 Data size: 5312 Basic stats: COMPLETE Column stats: NONE
                 Limit
                   Number of rows: 10
+                  Statistics: Num rows: 10 Data size: 100 Basic stats: COMPLETE Column stats: NONE
                   Reduce Output Operator
                     key expressions: _col0 (type: double), _col1 (type: string)
                     sort order: ++
+                    Statistics: Num rows: 10 Data size: 100 Basic stats: COMPLETE Column stats: NONE
         Reducer 3 
             Reduce Operator Tree:
               Select Operator
                 expressions: KEY.reducesinkkey0 (type: double), KEY.reducesinkkey1 (type: string)
                 outputColumnNames: _col0, _col1
+                Statistics: Num rows: 10 Data size: 100 Basic stats: COMPLETE Column stats: NONE
                 Limit
                   Number of rows: 10
+                  Statistics: Num rows: 10 Data size: 100 Basic stats: COMPLETE Column stats: NONE
                   File Output Operator
                     compressed: false
+                    Statistics: Num rows: 10 Data size: 100 Basic stats: COMPLETE Column stats: NONE
                     table:
                         input format: org.apache.hadoop.hive.ql.io.RCFileInputFormat
                         output format: org.apache.hadoop.hive.ql.io.RCFileOutputFormat
@@ -526,31 +553,40 @@ STAGE PLANS:
             Map Operator Tree:
                 TableScan
                   alias: src
+                  Statistics: Num rows: 500 Data size: 5312 Basic stats: COMPLETE Column stats: NONE
                   Select Operator
                     expressions: key (type: string), value (type: string)
                     outputColumnNames: _col0, _col1
+                    Statistics: Num rows: 500 Data size: 5312 Basic stats: COMPLETE Column stats: NONE
                     Reduce Output Operator
                       key expressions: _col0 (type: string), _col1 (type: string)
                       sort order: ++
+                      Statistics: Num rows: 500 Data size: 5312 Basic stats: COMPLETE Column stats: NONE
         Reducer 2 
             Reduce Operator Tree:
               Select Operator
                 expressions: KEY.reducesinkkey0 (type: string), KEY.reducesinkkey1 (type: string)
                 outputColumnNames: _col0, _col1
+                Statistics: Num rows: 500 Data size: 5312 Basic stats: COMPLETE Column stats: NONE
                 Limit
                   Number of rows: 10
+                  Statistics: Num rows: 10 Data size: 100 Basic stats: COMPLETE Column stats: NONE
                   Reduce Output Operator
                     key expressions: _col0 (type: string), _col1 (type: string)
                     sort order: ++
+                    Statistics: Num rows: 10 Data size: 100 Basic stats: COMPLETE Column stats: NONE
         Reducer 3 
             Reduce Operator Tree:
               Select Operator
                 expressions: KEY.reducesinkkey0 (type: string), KEY.reducesinkkey1 (type: string)
                 outputColumnNames: _col0, _col1
+                Statistics: Num rows: 10 Data size: 100 Basic stats: COMPLETE Column stats: NONE
                 Limit
                   Number of rows: 10
+                  Statistics: Num rows: 10 Data size: 100 Basic stats: COMPLETE Column stats: NONE
                   File Output Operator
                     compressed: false
+                    Statistics: Num rows: 10 Data size: 100 Basic stats: COMPLETE Column stats: NONE
                     table:
                         input format: org.apache.hadoop.mapred.TextInputFormat
                         output format: org.apache.hadoop.hive.ql.io.HiveIgnoreKeyTextOutputFormat
@@ -709,13 +745,16 @@ STAGE PLANS:
             Map Operator Tree:
                 TableScan
                   alias: src
+                  Statistics: Num rows: 500 Data size: 5312 Basic stats: COMPLETE Column stats: NONE
                   GatherStats: false
                   Select Operator
                     expressions: key (type: string), value (type: string)
                     outputColumnNames: _col0, _col1
+                    Statistics: Num rows: 500 Data size: 5312 Basic stats: COMPLETE Column stats: NONE
                     Reduce Output Operator
                       key expressions: _col0 (type: string), _col1 (type: string)
                       sort order: ++
+                      Statistics: Num rows: 500 Data size: 5312 Basic stats: COMPLETE Column stats: NONE
                       tag: -1
                       auto parallelism: true
             Path -> Alias:
@@ -773,11 +812,14 @@ STAGE PLANS:
               Select Operator
                 expressions: KEY.reducesinkkey0 (type: string), KEY.reducesinkkey1 (type: string)
                 outputColumnNames: _col0, _col1
+                Statistics: Num rows: 500 Data size: 5312 Basic stats: COMPLETE Column stats: NONE
                 Limit
                   Number of rows: 10
+                  Statistics: Num rows: 10 Data size: 100 Basic stats: COMPLETE Column stats: NONE
                   Reduce Output Operator
                     key expressions: _col0 (type: string), _col1 (type: string)
                     sort order: ++
+                    Statistics: Num rows: 10 Data size: 100 Basic stats: COMPLETE Column stats: NONE
                     tag: -1
                     auto parallelism: false
         Reducer 3 
@@ -786,13 +828,16 @@ STAGE PLANS:
               Select Operator
                 expressions: KEY.reducesinkkey0 (type: string), KEY.reducesinkkey1 (type: string)
                 outputColumnNames: _col0, _col1
+                Statistics: Num rows: 10 Data size: 100 Basic stats: COMPLETE Column stats: NONE
                 Limit
                   Number of rows: 10
+                  Statistics: Num rows: 10 Data size: 100 Basic stats: COMPLETE Column stats: NONE
                   File Output Operator
                     compressed: false
                     GlobalTableId: 1
 #### A masked pattern was here ####
                     NumFilesPerFileSink: 1
+                    Statistics: Num rows: 10 Data size: 100 Basic stats: COMPLETE Column stats: NONE
 #### A masked pattern was here ####
                     table:
                         input format: org.apache.hadoop.mapred.TextInputFormat
diff --git a/ql/src/test/results/clientpositive/spark/disable_merge_for_bucketing.q.out b/ql/src/test/results/clientpositive/spark/disable_merge_for_bucketing.q.out
index 43ea892398..590b265eee 100644
--- a/ql/src/test/results/clientpositive/spark/disable_merge_for_bucketing.q.out
+++ b/ql/src/test/results/clientpositive/spark/disable_merge_for_bucketing.q.out
@@ -48,13 +48,16 @@ STAGE PLANS:
             Map Operator Tree:
                 TableScan
                   alias: src
+                  Statistics: Num rows: 500 Data size: 5312 Basic stats: COMPLETE Column stats: NONE
                   GatherStats: false
                   Select Operator
                     expressions: key (type: string), value (type: string)
                     outputColumnNames: _col0, _col1
+                    Statistics: Num rows: 500 Data size: 5312 Basic stats: COMPLETE Column stats: NONE
                     Reduce Output Operator
                       sort order: 
                       Map-reduce partition columns: UDFToInteger(_col0) (type: int)
+                      Statistics: Num rows: 500 Data size: 5312 Basic stats: COMPLETE Column stats: NONE
                       tag: -1
                       value expressions: _col0 (type: string), _col1 (type: string)
                       auto parallelism: false
@@ -111,14 +114,17 @@ STAGE PLANS:
             Needs Tagging: false
             Reduce Operator Tree:
               Extract
+                Statistics: Num rows: 500 Data size: 5312 Basic stats: COMPLETE Column stats: NONE
                 Select Operator
                   expressions: UDFToInteger(_col0) (type: int), _col1 (type: string)
                   outputColumnNames: _col0, _col1
+                  Statistics: Num rows: 500 Data size: 5312 Basic stats: COMPLETE Column stats: NONE
                   File Output Operator
                     compressed: false
                     GlobalTableId: 1
 #### A masked pattern was here ####
                     NumFilesPerFileSink: 2
+                    Statistics: Num rows: 500 Data size: 5312 Basic stats: COMPLETE Column stats: NONE
 #### A masked pattern was here ####
                     table:
                         input format: org.apache.hadoop.mapred.TextInputFormat
@@ -205,22 +211,28 @@ STAGE PLANS:
             Map Operator Tree:
                 TableScan
                   alias: s
+                  Statistics: Num rows: 55 Data size: 5812 Basic stats: COMPLETE Column stats: NONE
                   Filter Operator
                     predicate: (((hash(key) & 2147483647) % 2) = 0) (type: boolean)
+                    Statistics: Num rows: 27 Data size: 2853 Basic stats: COMPLETE Column stats: NONE
                     Select Operator
                       expressions: key (type: int), value (type: string)
                       outputColumnNames: _col0, _col1
+                      Statistics: Num rows: 27 Data size: 2853 Basic stats: COMPLETE Column stats: NONE
                       Reduce Output Operator
                         key expressions: _col0 (type: int)
                         sort order: +
+                        Statistics: Num rows: 27 Data size: 2853 Basic stats: COMPLETE Column stats: NONE
                         value expressions: _col1 (type: string)
         Reducer 2 
             Reduce Operator Tree:
               Select Operator
                 expressions: KEY.reducesinkkey0 (type: int), VALUE._col0 (type: string)
                 outputColumnNames: _col0, _col1
+                Statistics: Num rows: 27 Data size: 2853 Basic stats: COMPLETE Column stats: NONE
                 File Output Operator
                   compressed: false
+                  Statistics: Num rows: 27 Data size: 2853 Basic stats: COMPLETE Column stats: NONE
                   table:
                       input format: org.apache.hadoop.mapred.TextInputFormat
                       output format: org.apache.hadoop.hive.ql.io.HiveIgnoreKeyTextOutputFormat
diff --git a/ql/src/test/results/clientpositive/spark/escape_clusterby1.q.out b/ql/src/test/results/clientpositive/spark/escape_clusterby1.q.out
index 09ea02fecb..52bdf6a0c1 100644
--- a/ql/src/test/results/clientpositive/spark/escape_clusterby1.q.out
+++ b/ql/src/test/results/clientpositive/spark/escape_clusterby1.q.out
@@ -21,20 +21,25 @@ STAGE PLANS:
             Map Operator Tree:
                 TableScan
                   alias: src
+                  Statistics: Num rows: 500 Data size: 5312 Basic stats: COMPLETE Column stats: NONE
                   Select Operator
                     expressions: key (type: string), value (type: string)
                     outputColumnNames: _col0, _col1
+                    Statistics: Num rows: 500 Data size: 5312 Basic stats: COMPLETE Column stats: NONE
                     Reduce Output Operator
                       key expressions: _col0 (type: string), _col1 (type: string)
                       sort order: ++
                       Map-reduce partition columns: _col0 (type: string), _col1 (type: string)
+                      Statistics: Num rows: 500 Data size: 5312 Basic stats: COMPLETE Column stats: NONE
         Reducer 2 
             Reduce Operator Tree:
               Select Operator
                 expressions: KEY.reducesinkkey0 (type: string), KEY.reducesinkkey1 (type: string)
                 outputColumnNames: _col0, _col1
+                Statistics: Num rows: 500 Data size: 5312 Basic stats: COMPLETE Column stats: NONE
                 File Output Operator
                   compressed: false
+                  Statistics: Num rows: 500 Data size: 5312 Basic stats: COMPLETE Column stats: NONE
                   table:
                       input format: org.apache.hadoop.mapred.TextInputFormat
                       output format: org.apache.hadoop.hive.ql.io.HiveIgnoreKeyTextOutputFormat
@@ -67,20 +72,25 @@ STAGE PLANS:
             Map Operator Tree:
                 TableScan
                   alias: src
+                  Statistics: Num rows: 500 Data size: 5312 Basic stats: COMPLETE Column stats: NONE
                   Select Operator
                     expressions: key (type: string), value (type: string)
                     outputColumnNames: _col0, _col1
+                    Statistics: Num rows: 500 Data size: 5312 Basic stats: COMPLETE Column stats: NONE
                     Reduce Output Operator
                       key expressions: _col0 (type: string), _col1 (type: string)
                       sort order: ++
                       Map-reduce partition columns: _col0 (type: string), _col1 (type: string)
+                      Statistics: Num rows: 500 Data size: 5312 Basic stats: COMPLETE Column stats: NONE
         Reducer 2 
             Reduce Operator Tree:
               Select Operator
                 expressions: KEY.reducesinkkey0 (type: string), KEY.reducesinkkey1 (type: string)
                 outputColumnNames: _col0, _col1
+                Statistics: Num rows: 500 Data size: 5312 Basic stats: COMPLETE Column stats: NONE
                 File Output Operator
                   compressed: false
+                  Statistics: Num rows: 500 Data size: 5312 Basic stats: COMPLETE Column stats: NONE
                   table:
                       input format: org.apache.hadoop.mapred.TextInputFormat
                       output format: org.apache.hadoop.hive.ql.io.HiveIgnoreKeyTextOutputFormat
diff --git a/ql/src/test/results/clientpositive/spark/escape_distributeby1.q.out b/ql/src/test/results/clientpositive/spark/escape_distributeby1.q.out
index 2dfc96e2e6..736db5ebec 100644
--- a/ql/src/test/results/clientpositive/spark/escape_distributeby1.q.out
+++ b/ql/src/test/results/clientpositive/spark/escape_distributeby1.q.out
@@ -21,20 +21,25 @@ STAGE PLANS:
             Map Operator Tree:
                 TableScan
                   alias: src
+                  Statistics: Num rows: 500 Data size: 5312 Basic stats: COMPLETE Column stats: NONE
                   Select Operator
                     expressions: key (type: string), value (type: string)
                     outputColumnNames: _col0, _col1
+                    Statistics: Num rows: 500 Data size: 5312 Basic stats: COMPLETE Column stats: NONE
                     Reduce Output Operator
                       sort order: 
                       Map-reduce partition columns: _col0 (type: string), _col1 (type: string)
+                      Statistics: Num rows: 500 Data size: 5312 Basic stats: COMPLETE Column stats: NONE
                       value expressions: _col0 (type: string), _col1 (type: string)
         Reducer 2 
             Reduce Operator Tree:
               Select Operator
                 expressions: VALUE._col0 (type: string), VALUE._col1 (type: string)
                 outputColumnNames: _col0, _col1
+                Statistics: Num rows: 500 Data size: 5312 Basic stats: COMPLETE Column stats: NONE
                 File Output Operator
                   compressed: false
+                  Statistics: Num rows: 500 Data size: 5312 Basic stats: COMPLETE Column stats: NONE
                   table:
                       input format: org.apache.hadoop.mapred.TextInputFormat
                       output format: org.apache.hadoop.hive.ql.io.HiveIgnoreKeyTextOutputFormat
@@ -67,20 +72,25 @@ STAGE PLANS:
             Map Operator Tree:
                 TableScan
                   alias: src
+                  Statistics: Num rows: 500 Data size: 5312 Basic stats: COMPLETE Column stats: NONE
                   Select Operator
                     expressions: key (type: string), value (type: string)
                     outputColumnNames: _col0, _col1
+                    Statistics: Num rows: 500 Data size: 5312 Basic stats: COMPLETE Column stats: NONE
                     Reduce Output Operator
                       sort order: 
                       Map-reduce partition columns: _col0 (type: string), _col1 (type: string)
+                      Statistics: Num rows: 500 Data size: 5312 Basic stats: COMPLETE Column stats: NONE
                       value expressions: _col0 (type: string), _col1 (type: string)
         Reducer 2 
             Reduce Operator Tree:
               Select Operator
                 expressions: VALUE._col0 (type: string), VALUE._col1 (type: string)
                 outputColumnNames: _col0, _col1
+                Statistics: Num rows: 500 Data size: 5312 Basic stats: COMPLETE Column stats: NONE
                 File Output Operator
                   compressed: false
+                  Statistics: Num rows: 500 Data size: 5312 Basic stats: COMPLETE Column stats: NONE
                   table:
                       input format: org.apache.hadoop.mapred.TextInputFormat
                       output format: org.apache.hadoop.hive.ql.io.HiveIgnoreKeyTextOutputFormat
diff --git a/ql/src/test/results/clientpositive/spark/escape_orderby1.q.out b/ql/src/test/results/clientpositive/spark/escape_orderby1.q.out
index e7eb1e1022..6e1c0cf4b2 100644
--- a/ql/src/test/results/clientpositive/spark/escape_orderby1.q.out
+++ b/ql/src/test/results/clientpositive/spark/escape_orderby1.q.out
@@ -21,19 +21,24 @@ STAGE PLANS:
             Map Operator Tree:
                 TableScan
                   alias: src
+                  Statistics: Num rows: 500 Data size: 5312 Basic stats: COMPLETE Column stats: NONE
                   Select Operator
                     expressions: key (type: string), value (type: string)
                     outputColumnNames: _col0, _col1
+                    Statistics: Num rows: 500 Data size: 5312 Basic stats: COMPLETE Column stats: NONE
                     Reduce Output Operator
                       key expressions: _col0 (type: string), _col1 (type: string)
                       sort order: ++
+                      Statistics: Num rows: 500 Data size: 5312 Basic stats: COMPLETE Column stats: NONE
         Reducer 2 
             Reduce Operator Tree:
               Select Operator
                 expressions: KEY.reducesinkkey0 (type: string), KEY.reducesinkkey1 (type: string)
                 outputColumnNames: _col0, _col1
+                Statistics: Num rows: 500 Data size: 5312 Basic stats: COMPLETE Column stats: NONE
                 File Output Operator
                   compressed: false
+                  Statistics: Num rows: 500 Data size: 5312 Basic stats: COMPLETE Column stats: NONE
                   table:
                       input format: org.apache.hadoop.mapred.TextInputFormat
                       output format: org.apache.hadoop.hive.ql.io.HiveIgnoreKeyTextOutputFormat
@@ -66,19 +71,24 @@ STAGE PLANS:
             Map Operator Tree:
                 TableScan
                   alias: src
+                  Statistics: Num rows: 500 Data size: 5312 Basic stats: COMPLETE Column stats: NONE
                   Select Operator
                     expressions: key (type: string), value (type: string)
                     outputColumnNames: _col0, _col1
+                    Statistics: Num rows: 500 Data size: 5312 Basic stats: COMPLETE Column stats: NONE
                     Reduce Output Operator
                       key expressions: _col0 (type: string), _col1 (type: string)
                       sort order: ++
+                      Statistics: Num rows: 500 Data size: 5312 Basic stats: COMPLETE Column stats: NONE
         Reducer 2 
             Reduce Operator Tree:
               Select Operator
                 expressions: KEY.reducesinkkey0 (type: string), KEY.reducesinkkey1 (type: string)
                 outputColumnNames: _col0, _col1
+                Statistics: Num rows: 500 Data size: 5312 Basic stats: COMPLETE Column stats: NONE
                 File Output Operator
                   compressed: false
+                  Statistics: Num rows: 500 Data size: 5312 Basic stats: COMPLETE Column stats: NONE
                   table:
                       input format: org.apache.hadoop.mapred.TextInputFormat
                       output format: org.apache.hadoop.hive.ql.io.HiveIgnoreKeyTextOutputFormat
diff --git a/ql/src/test/results/clientpositive/spark/escape_sortby1.q.out b/ql/src/test/results/clientpositive/spark/escape_sortby1.q.out
index 13ad3fd3a3..58b663c137 100644
--- a/ql/src/test/results/clientpositive/spark/escape_sortby1.q.out
+++ b/ql/src/test/results/clientpositive/spark/escape_sortby1.q.out
@@ -21,19 +21,24 @@ STAGE PLANS:
             Map Operator Tree:
                 TableScan
                   alias: src
+                  Statistics: Num rows: 500 Data size: 5312 Basic stats: COMPLETE Column stats: NONE
                   Select Operator
                     expressions: key (type: string), value (type: string)
                     outputColumnNames: _col0, _col1
+                    Statistics: Num rows: 500 Data size: 5312 Basic stats: COMPLETE Column stats: NONE
                     Reduce Output Operator
                       key expressions: _col0 (type: string), _col1 (type: string)
                       sort order: ++
+                      Statistics: Num rows: 500 Data size: 5312 Basic stats: COMPLETE Column stats: NONE
         Reducer 2 
             Reduce Operator Tree:
               Select Operator
                 expressions: KEY.reducesinkkey0 (type: string), KEY.reducesinkkey1 (type: string)
                 outputColumnNames: _col0, _col1
+                Statistics: Num rows: 500 Data size: 5312 Basic stats: COMPLETE Column stats: NONE
                 File Output Operator
                   compressed: false
+                  Statistics: Num rows: 500 Data size: 5312 Basic stats: COMPLETE Column stats: NONE
                   table:
                       input format: org.apache.hadoop.mapred.TextInputFormat
                       output format: org.apache.hadoop.hive.ql.io.HiveIgnoreKeyTextOutputFormat
@@ -66,19 +71,24 @@ STAGE PLANS:
             Map Operator Tree:
                 TableScan
                   alias: src
+                  Statistics: Num rows: 500 Data size: 5312 Basic stats: COMPLETE Column stats: NONE
                   Select Operator
                     expressions: key (type: string), value (type: string)
                     outputColumnNames: _col0, _col1
+                    Statistics: Num rows: 500 Data size: 5312 Basic stats: COMPLETE Column stats: NONE
                     Reduce Output Operator
                       key expressions: _col0 (type: string), _col1 (type: string)
                       sort order: ++
+                      Statistics: Num rows: 500 Data size: 5312 Basic stats: COMPLETE Column stats: NONE
         Reducer 2 
             Reduce Operator Tree:
               Select Operator
                 expressions: KEY.reducesinkkey0 (type: string), KEY.reducesinkkey1 (type: string)
                 outputColumnNames: _col0, _col1
+                Statistics: Num rows: 500 Data size: 5312 Basic stats: COMPLETE Column stats: NONE
                 File Output Operator
                   compressed: false
+                  Statistics: Num rows: 500 Data size: 5312 Basic stats: COMPLETE Column stats: NONE
                   table:
                       input format: org.apache.hadoop.mapred.TextInputFormat
                       output format: org.apache.hadoop.hive.ql.io.HiveIgnoreKeyTextOutputFormat
diff --git a/ql/src/test/results/clientpositive/spark/groupby1.q.out b/ql/src/test/results/clientpositive/spark/groupby1.q.out
index 717231895e..847f45cf0d 100644
--- a/ql/src/test/results/clientpositive/spark/groupby1.q.out
+++ b/ql/src/test/results/clientpositive/spark/groupby1.q.out
@@ -34,13 +34,16 @@ STAGE PLANS:
             Map Operator Tree:
                 TableScan
                   alias: src
+                  Statistics: Num rows: 500 Data size: 5312 Basic stats: COMPLETE Column stats: NONE
                   Select Operator
                     expressions: key (type: string), value (type: string)
                     outputColumnNames: key, value
+                    Statistics: Num rows: 500 Data size: 5312 Basic stats: COMPLETE Column stats: NONE
                     Reduce Output Operator
                       key expressions: key (type: string)
                       sort order: +
                       Map-reduce partition columns: rand() (type: double)
+                      Statistics: Num rows: 500 Data size: 5312 Basic stats: COMPLETE Column stats: NONE
                       value expressions: substr(value, 5) (type: string)
         Reducer 2 
             Reduce Operator Tree:
@@ -49,10 +52,12 @@ STAGE PLANS:
                 keys: KEY._col0 (type: string)
                 mode: partial1
                 outputColumnNames: _col0, _col1
+                Statistics: Num rows: 500 Data size: 5312 Basic stats: COMPLETE Column stats: NONE
                 Reduce Output Operator
                   key expressions: _col0 (type: string)
                   sort order: +
                   Map-reduce partition columns: _col0 (type: string)
+                  Statistics: Num rows: 500 Data size: 5312 Basic stats: COMPLETE Column stats: NONE
                   value expressions: _col1 (type: double)
         Reducer 3 
             Reduce Operator Tree:
@@ -61,11 +66,14 @@ STAGE PLANS:
                 keys: KEY._col0 (type: string)
                 mode: final
                 outputColumnNames: _col0, _col1
+                Statistics: Num rows: 250 Data size: 2656 Basic stats: COMPLETE Column stats: NONE
                 Select Operator
                   expressions: UDFToInteger(_col0) (type: int), _col1 (type: double)
                   outputColumnNames: _col0, _col1
+                  Statistics: Num rows: 250 Data size: 2656 Basic stats: COMPLETE Column stats: NONE
                   File Output Operator
                     compressed: false
+                    Statistics: Num rows: 250 Data size: 2656 Basic stats: COMPLETE Column stats: NONE
                     table:
                         input format: org.apache.hadoop.mapred.TextInputFormat
                         output format: org.apache.hadoop.hive.ql.io.HiveIgnoreKeyTextOutputFormat
diff --git a/ql/src/test/results/clientpositive/spark/groupby2.q.out b/ql/src/test/results/clientpositive/spark/groupby2.q.out
index 40e9a54bcc..86e2f2a47c 100644
--- a/ql/src/test/results/clientpositive/spark/groupby2.q.out
+++ b/ql/src/test/results/clientpositive/spark/groupby2.q.out
@@ -31,13 +31,16 @@ STAGE PLANS:
             Map Operator Tree:
                 TableScan
                   alias: src
+                  Statistics: Num rows: 500 Data size: 5312 Basic stats: COMPLETE Column stats: NONE
                   Select Operator
                     expressions: key (type: string), value (type: string)
                     outputColumnNames: key, value
+                    Statistics: Num rows: 500 Data size: 5312 Basic stats: COMPLETE Column stats: NONE
                     Reduce Output Operator
                       key expressions: substr(key, 1, 1) (type: string), substr(value, 5) (type: string)
                       sort order: ++
                       Map-reduce partition columns: substr(key, 1, 1) (type: string)
+                      Statistics: Num rows: 500 Data size: 5312 Basic stats: COMPLETE Column stats: NONE
         Reducer 2 
             Reduce Operator Tree:
               Group By Operator
@@ -45,11 +48,14 @@ STAGE PLANS:
                 keys: KEY._col0 (type: string)
                 mode: complete
                 outputColumnNames: _col0, _col1, _col2
+                Statistics: Num rows: 250 Data size: 2656 Basic stats: COMPLETE Column stats: NONE
                 Select Operator
                   expressions: _col0 (type: string), UDFToInteger(_col1) (type: int), concat(_col0, _col2) (type: string)
                   outputColumnNames: _col0, _col1, _col2
+                  Statistics: Num rows: 250 Data size: 2656 Basic stats: COMPLETE Column stats: NONE
                   File Output Operator
                     compressed: false
+                    Statistics: Num rows: 250 Data size: 2656 Basic stats: COMPLETE Column stats: NONE
                     table:
                         input format: org.apache.hadoop.mapred.TextInputFormat
                         output format: org.apache.hadoop.hive.ql.io.HiveIgnoreKeyTextOutputFormat
diff --git a/ql/src/test/results/clientpositive/spark/groupby3.q.out b/ql/src/test/results/clientpositive/spark/groupby3.q.out
index 76bc732964..13a5fab023 100644
--- a/ql/src/test/results/clientpositive/spark/groupby3.q.out
+++ b/ql/src/test/results/clientpositive/spark/groupby3.q.out
@@ -50,21 +50,26 @@ STAGE PLANS:
             Map Operator Tree:
                 TableScan
                   alias: src
+                  Statistics: Num rows: 500 Data size: 5312 Basic stats: COMPLETE Column stats: NONE
                   Select Operator
                     expressions: value (type: string)
                     outputColumnNames: value
+                    Statistics: Num rows: 500 Data size: 5312 Basic stats: COMPLETE Column stats: NONE
                     Reduce Output Operator
                       key expressions: substr(value, 5) (type: string)
                       sort order: +
                       Map-reduce partition columns: substr(value, 5) (type: string)
+                      Statistics: Num rows: 500 Data size: 5312 Basic stats: COMPLETE Column stats: NONE
         Reducer 2 
             Reduce Operator Tree:
               Group By Operator
                 aggregations: sum(KEY._col0:0._col0), avg(KEY._col0:0._col0), avg(DISTINCT KEY._col0:0._col0), max(KEY._col0:0._col0), min(KEY._col0:0._col0), std(KEY._col0:0._col0), stddev_samp(KEY._col0:0._col0), variance(KEY._col0:0._col0), var_samp(KEY._col0:0._col0)
                 mode: partial1
                 outputColumnNames: _col0, _col1, _col2, _col3, _col4, _col5, _col6, _col7, _col8
+                Statistics: Num rows: 1 Data size: 176 Basic stats: COMPLETE Column stats: NONE
                 Reduce Output Operator
                   sort order: 
+                  Statistics: Num rows: 1 Data size: 176 Basic stats: COMPLETE Column stats: NONE
                   value expressions: _col0 (type: double), _col1 (type: struct<count:bigint,sum:double,input:string>), _col2 (type: struct<count:bigint,sum:double,input:string>), _col3 (type: string), _col4 (type: string), _col5 (type: struct<count:bigint,sum:double,variance:double>), _col6 (type: struct<count:bigint,sum:double,variance:double>), _col7 (type: struct<count:bigint,sum:double,variance:double>), _col8 (type: struct<count:bigint,sum:double,variance:double>)
         Reducer 3 
             Reduce Operator Tree:
@@ -72,11 +77,14 @@ STAGE PLANS:
                 aggregations: sum(VALUE._col0), avg(VALUE._col1), avg(VALUE._col2), max(VALUE._col3), min(VALUE._col4), std(VALUE._col5), stddev_samp(VALUE._col6), variance(VALUE._col7), var_samp(VALUE._col8)
                 mode: final
                 outputColumnNames: _col0, _col1, _col2, _col3, _col4, _col5, _col6, _col7, _col8
+                Statistics: Num rows: 1 Data size: 224 Basic stats: COMPLETE Column stats: NONE
                 Select Operator
                   expressions: _col0 (type: double), _col1 (type: double), _col2 (type: double), UDFToDouble(_col3) (type: double), UDFToDouble(_col4) (type: double), _col5 (type: double), _col6 (type: double), _col7 (type: double), _col8 (type: double)
                   outputColumnNames: _col0, _col1, _col2, _col3, _col4, _col5, _col6, _col7, _col8
+                  Statistics: Num rows: 1 Data size: 224 Basic stats: COMPLETE Column stats: NONE
                   File Output Operator
                     compressed: false
+                    Statistics: Num rows: 1 Data size: 224 Basic stats: COMPLETE Column stats: NONE
                     table:
                         input format: org.apache.hadoop.mapred.TextInputFormat
                         output format: org.apache.hadoop.hive.ql.io.HiveIgnoreKeyTextOutputFormat
diff --git a/ql/src/test/results/clientpositive/spark/groupby3_map.q.out b/ql/src/test/results/clientpositive/spark/groupby3_map.q.out
index e5437de9c9..dac282463a 100644
--- a/ql/src/test/results/clientpositive/spark/groupby3_map.q.out
+++ b/ql/src/test/results/clientpositive/spark/groupby3_map.q.out
@@ -49,17 +49,21 @@ STAGE PLANS:
             Map Operator Tree:
                 TableScan
                   alias: src
+                  Statistics: Num rows: 500 Data size: 5312 Basic stats: COMPLETE Column stats: NONE
                   Select Operator
                     expressions: value (type: string)
                     outputColumnNames: value
+                    Statistics: Num rows: 500 Data size: 5312 Basic stats: COMPLETE Column stats: NONE
                     Group By Operator
                       aggregations: sum(substr(value, 5)), avg(substr(value, 5)), avg(DISTINCT substr(value, 5)), max(substr(value, 5)), min(substr(value, 5)), std(substr(value, 5)), stddev_samp(substr(value, 5)), variance(substr(value, 5)), var_samp(substr(value, 5))
                       keys: substr(value, 5) (type: string)
                       mode: hash
                       outputColumnNames: _col0, _col1, _col2, _col3, _col4, _col5, _col6, _col7, _col8, _col9
+                      Statistics: Num rows: 500 Data size: 5312 Basic stats: COMPLETE Column stats: NONE
                       Reduce Output Operator
                         key expressions: _col0 (type: string)
                         sort order: +
+                        Statistics: Num rows: 500 Data size: 5312 Basic stats: COMPLETE Column stats: NONE
                         value expressions: _col1 (type: double), _col2 (type: struct<count:bigint,sum:double,input:string>), _col4 (type: string), _col5 (type: string), _col6 (type: struct<count:bigint,sum:double,variance:double>), _col7 (type: struct<count:bigint,sum:double,variance:double>), _col8 (type: struct<count:bigint,sum:double,variance:double>), _col9 (type: struct<count:bigint,sum:double,variance:double>)
         Reducer 2 
             Reduce Operator Tree:
@@ -67,11 +71,14 @@ STAGE PLANS:
                 aggregations: sum(VALUE._col0), avg(VALUE._col1), avg(DISTINCT KEY._col0:0._col0), max(VALUE._col3), min(VALUE._col4), std(VALUE._col5), stddev_samp(VALUE._col6), variance(VALUE._col7), var_samp(VALUE._col8)
                 mode: mergepartial
                 outputColumnNames: _col0, _col1, _col2, _col3, _col4, _col5, _col6, _col7, _col8
+                Statistics: Num rows: 1 Data size: 224 Basic stats: COMPLETE Column stats: NONE
                 Select Operator
                   expressions: _col0 (type: double), _col1 (type: double), _col2 (type: double), UDFToDouble(_col3) (type: double), UDFToDouble(_col4) (type: double), _col5 (type: double), _col6 (type: double), _col7 (type: double), _col8 (type: double)
                   outputColumnNames: _col0, _col1, _col2, _col3, _col4, _col5, _col6, _col7, _col8
+                  Statistics: Num rows: 1 Data size: 224 Basic stats: COMPLETE Column stats: NONE
                   File Output Operator
                     compressed: false
+                    Statistics: Num rows: 1 Data size: 224 Basic stats: COMPLETE Column stats: NONE
                     table:
                         input format: org.apache.hadoop.mapred.TextInputFormat
                         output format: org.apache.hadoop.hive.ql.io.HiveIgnoreKeyTextOutputFormat
diff --git a/ql/src/test/results/clientpositive/spark/groupby3_map_multi_distinct.q.out b/ql/src/test/results/clientpositive/spark/groupby3_map_multi_distinct.q.out
index 4354b7a574..d2c054a3fe 100644
--- a/ql/src/test/results/clientpositive/spark/groupby3_map_multi_distinct.q.out
+++ b/ql/src/test/results/clientpositive/spark/groupby3_map_multi_distinct.q.out
@@ -53,17 +53,21 @@ STAGE PLANS:
             Map Operator Tree:
                 TableScan
                   alias: src
+                  Statistics: Num rows: 500 Data size: 5312 Basic stats: COMPLETE Column stats: NONE
                   Select Operator
                     expressions: value (type: string)
                     outputColumnNames: value
+                    Statistics: Num rows: 500 Data size: 5312 Basic stats: COMPLETE Column stats: NONE
                     Group By Operator
                       aggregations: sum(substr(value, 5)), avg(substr(value, 5)), avg(DISTINCT substr(value, 5)), max(substr(value, 5)), min(substr(value, 5)), std(substr(value, 5)), stddev_samp(substr(value, 5)), variance(substr(value, 5)), var_samp(substr(value, 5)), sum(DISTINCT substr(value, 5)), count(DISTINCT substr(value, 5))
                       keys: substr(value, 5) (type: string)
                       mode: hash
                       outputColumnNames: _col0, _col1, _col2, _col3, _col4, _col5, _col6, _col7, _col8, _col9, _col10, _col11
+                      Statistics: Num rows: 500 Data size: 5312 Basic stats: COMPLETE Column stats: NONE
                       Reduce Output Operator
                         key expressions: _col0 (type: string)
                         sort order: +
+                        Statistics: Num rows: 500 Data size: 5312 Basic stats: COMPLETE Column stats: NONE
                         value expressions: _col1 (type: double), _col2 (type: struct<count:bigint,sum:double,input:string>), _col4 (type: string), _col5 (type: string), _col6 (type: struct<count:bigint,sum:double,variance:double>), _col7 (type: struct<count:bigint,sum:double,variance:double>), _col8 (type: struct<count:bigint,sum:double,variance:double>), _col9 (type: struct<count:bigint,sum:double,variance:double>)
         Reducer 2 
             Reduce Operator Tree:
@@ -71,11 +75,14 @@ STAGE PLANS:
                 aggregations: sum(VALUE._col0), avg(VALUE._col1), avg(DISTINCT KEY._col0:0._col0), max(VALUE._col3), min(VALUE._col4), std(VALUE._col5), stddev_samp(VALUE._col6), variance(VALUE._col7), var_samp(VALUE._col8), sum(DISTINCT KEY._col0:1._col0), count(DISTINCT KEY._col0:2._col0)
                 mode: mergepartial
                 outputColumnNames: _col0, _col1, _col2, _col3, _col4, _col5, _col6, _col7, _col8, _col9, _col10
+                Statistics: Num rows: 1 Data size: 248 Basic stats: COMPLETE Column stats: NONE
                 Select Operator
                   expressions: _col0 (type: double), _col1 (type: double), _col2 (type: double), UDFToDouble(_col3) (type: double), UDFToDouble(_col4) (type: double), _col5 (type: double), _col6 (type: double), _col7 (type: double), _col8 (type: double), _col9 (type: double), UDFToDouble(_col10) (type: double)
                   outputColumnNames: _col0, _col1, _col2, _col3, _col4, _col5, _col6, _col7, _col8, _col9, _col10
+                  Statistics: Num rows: 1 Data size: 248 Basic stats: COMPLETE Column stats: NONE
                   File Output Operator
                     compressed: false
+                    Statistics: Num rows: 1 Data size: 248 Basic stats: COMPLETE Column stats: NONE
                     table:
                         input format: org.apache.hadoop.mapred.TextInputFormat
                         output format: org.apache.hadoop.hive.ql.io.HiveIgnoreKeyTextOutputFormat
diff --git a/ql/src/test/results/clientpositive/spark/groupby3_noskew.q.out b/ql/src/test/results/clientpositive/spark/groupby3_noskew.q.out
index f62063be6e..0c9a7e1550 100644
--- a/ql/src/test/results/clientpositive/spark/groupby3_noskew.q.out
+++ b/ql/src/test/results/clientpositive/spark/groupby3_noskew.q.out
@@ -49,23 +49,29 @@ STAGE PLANS:
             Map Operator Tree:
                 TableScan
                   alias: src
+                  Statistics: Num rows: 500 Data size: 5312 Basic stats: COMPLETE Column stats: NONE
                   Select Operator
                     expressions: value (type: string)
                     outputColumnNames: value
+                    Statistics: Num rows: 500 Data size: 5312 Basic stats: COMPLETE Column stats: NONE
                     Reduce Output Operator
                       key expressions: substr(value, 5) (type: string)
                       sort order: +
+                      Statistics: Num rows: 500 Data size: 5312 Basic stats: COMPLETE Column stats: NONE
         Reducer 2 
             Reduce Operator Tree:
               Group By Operator
                 aggregations: sum(KEY._col0:0._col0), avg(KEY._col0:0._col0), avg(DISTINCT KEY._col0:0._col0), max(KEY._col0:0._col0), min(KEY._col0:0._col0), std(KEY._col0:0._col0), stddev_samp(KEY._col0:0._col0), variance(KEY._col0:0._col0), var_samp(KEY._col0:0._col0)
                 mode: complete
                 outputColumnNames: _col0, _col1, _col2, _col3, _col4, _col5, _col6, _col7, _col8
+                Statistics: Num rows: 1 Data size: 224 Basic stats: COMPLETE Column stats: NONE
                 Select Operator
                   expressions: _col0 (type: double), _col1 (type: double), _col2 (type: double), UDFToDouble(_col3) (type: double), UDFToDouble(_col4) (type: double), _col5 (type: double), _col6 (type: double), _col7 (type: double), _col8 (type: double)
                   outputColumnNames: _col0, _col1, _col2, _col3, _col4, _col5, _col6, _col7, _col8
+                  Statistics: Num rows: 1 Data size: 224 Basic stats: COMPLETE Column stats: NONE
                   File Output Operator
                     compressed: false
+                    Statistics: Num rows: 1 Data size: 224 Basic stats: COMPLETE Column stats: NONE
                     table:
                         input format: org.apache.hadoop.mapred.TextInputFormat
                         output format: org.apache.hadoop.hive.ql.io.HiveIgnoreKeyTextOutputFormat
diff --git a/ql/src/test/results/clientpositive/spark/groupby3_noskew_multi_distinct.q.out b/ql/src/test/results/clientpositive/spark/groupby3_noskew_multi_distinct.q.out
index 7c93653255..42fbb8c77d 100644
--- a/ql/src/test/results/clientpositive/spark/groupby3_noskew_multi_distinct.q.out
+++ b/ql/src/test/results/clientpositive/spark/groupby3_noskew_multi_distinct.q.out
@@ -53,23 +53,29 @@ STAGE PLANS:
             Map Operator Tree:
                 TableScan
                   alias: src
+                  Statistics: Num rows: 500 Data size: 5312 Basic stats: COMPLETE Column stats: NONE
                   Select Operator
                     expressions: value (type: string)
                     outputColumnNames: value
+                    Statistics: Num rows: 500 Data size: 5312 Basic stats: COMPLETE Column stats: NONE
                     Reduce Output Operator
                       key expressions: substr(value, 5) (type: string)
                       sort order: +
+                      Statistics: Num rows: 500 Data size: 5312 Basic stats: COMPLETE Column stats: NONE
         Reducer 2 
             Reduce Operator Tree:
               Group By Operator
                 aggregations: sum(KEY._col0:0._col0), avg(KEY._col0:0._col0), avg(DISTINCT KEY._col0:0._col0), max(KEY._col0:0._col0), min(KEY._col0:0._col0), std(KEY._col0:0._col0), stddev_samp(KEY._col0:0._col0), variance(KEY._col0:0._col0), var_samp(KEY._col0:0._col0), sum(DISTINCT KEY._col0:1._col0), count(DISTINCT KEY._col0:2._col0)
                 mode: complete
                 outputColumnNames: _col0, _col1, _col2, _col3, _col4, _col5, _col6, _col7, _col8, _col9, _col10
+                Statistics: Num rows: 1 Data size: 240 Basic stats: COMPLETE Column stats: NONE
                 Select Operator
                   expressions: _col0 (type: double), _col1 (type: double), _col2 (type: double), UDFToDouble(_col3) (type: double), UDFToDouble(_col4) (type: double), _col5 (type: double), _col6 (type: double), _col7 (type: double), _col8 (type: double), _col9 (type: double), UDFToDouble(_col10) (type: double)
                   outputColumnNames: _col0, _col1, _col2, _col3, _col4, _col5, _col6, _col7, _col8, _col9, _col10
+                  Statistics: Num rows: 1 Data size: 240 Basic stats: COMPLETE Column stats: NONE
                   File Output Operator
                     compressed: false
+                    Statistics: Num rows: 1 Data size: 240 Basic stats: COMPLETE Column stats: NONE
                     table:
                         input format: org.apache.hadoop.mapred.TextInputFormat
                         output format: org.apache.hadoop.hive.ql.io.HiveIgnoreKeyTextOutputFormat
diff --git a/ql/src/test/results/clientpositive/spark/groupby4.q.out b/ql/src/test/results/clientpositive/spark/groupby4.q.out
index 1866d4d291..318c5a3df7 100644
--- a/ql/src/test/results/clientpositive/spark/groupby4.q.out
+++ b/ql/src/test/results/clientpositive/spark/groupby4.q.out
@@ -36,34 +36,42 @@ STAGE PLANS:
             Map Operator Tree:
                 TableScan
                   alias: src
+                  Statistics: Num rows: 500 Data size: 5312 Basic stats: COMPLETE Column stats: NONE
                   Select Operator
                     expressions: key (type: string)
                     outputColumnNames: key
+                    Statistics: Num rows: 500 Data size: 5312 Basic stats: COMPLETE Column stats: NONE
                     Reduce Output Operator
                       key expressions: substr(key, 1, 1) (type: string)
                       sort order: +
                       Map-reduce partition columns: rand() (type: double)
+                      Statistics: Num rows: 500 Data size: 5312 Basic stats: COMPLETE Column stats: NONE
         Reducer 2 
             Reduce Operator Tree:
               Group By Operator
                 keys: KEY._col0 (type: string)
                 mode: partial1
                 outputColumnNames: _col0
+                Statistics: Num rows: 500 Data size: 5312 Basic stats: COMPLETE Column stats: NONE
                 Reduce Output Operator
                   key expressions: _col0 (type: string)
                   sort order: +
                   Map-reduce partition columns: _col0 (type: string)
+                  Statistics: Num rows: 500 Data size: 5312 Basic stats: COMPLETE Column stats: NONE
         Reducer 3 
             Reduce Operator Tree:
               Group By Operator
                 keys: KEY._col0 (type: string)
                 mode: final
                 outputColumnNames: _col0
+                Statistics: Num rows: 250 Data size: 2656 Basic stats: COMPLETE Column stats: NONE
                 Select Operator
                   expressions: _col0 (type: string)
                   outputColumnNames: _col0
+                  Statistics: Num rows: 250 Data size: 2656 Basic stats: COMPLETE Column stats: NONE
                   File Output Operator
                     compressed: false
+                    Statistics: Num rows: 250 Data size: 2656 Basic stats: COMPLETE Column stats: NONE
                     table:
                         input format: org.apache.hadoop.mapred.TextInputFormat
                         output format: org.apache.hadoop.hive.ql.io.HiveIgnoreKeyTextOutputFormat
diff --git a/ql/src/test/results/clientpositive/spark/groupby7_map.q.out b/ql/src/test/results/clientpositive/spark/groupby7_map.q.out
index 2d99a81099..310f2fee78 100644
--- a/ql/src/test/results/clientpositive/spark/groupby7_map.q.out
+++ b/ql/src/test/results/clientpositive/spark/groupby7_map.q.out
@@ -47,6 +47,7 @@ STAGE PLANS:
             Map Operator Tree:
                 TableScan
                   alias: src
+                  Statistics: Num rows: 500 Data size: 5312 Basic stats: COMPLETE Column stats: NONE
                   File Output Operator
                     compressed: true
                     table:
@@ -66,15 +67,18 @@ STAGE PLANS:
                   Select Operator
                     expressions: key (type: string), value (type: string)
                     outputColumnNames: key, value
+                    Statistics: Num rows: 500 Data size: 5312 Basic stats: COMPLETE Column stats: NONE
                     Group By Operator
                       aggregations: sum(substr(value, 5))
                       keys: key (type: string)
                       mode: hash
                       outputColumnNames: _col0, _col1
+                      Statistics: Num rows: 500 Data size: 5312 Basic stats: COMPLETE Column stats: NONE
                       Reduce Output Operator
                         key expressions: _col0 (type: string)
                         sort order: +
                         Map-reduce partition columns: _col0 (type: string)
+                        Statistics: Num rows: 500 Data size: 5312 Basic stats: COMPLETE Column stats: NONE
                         value expressions: _col1 (type: double)
         Reducer 4 
             Reduce Operator Tree:
@@ -83,11 +87,14 @@ STAGE PLANS:
                 keys: KEY._col0 (type: string)
                 mode: mergepartial
                 outputColumnNames: _col0, _col1
+                Statistics: Num rows: 250 Data size: 2656 Basic stats: COMPLETE Column stats: NONE
                 Select Operator
                   expressions: UDFToInteger(_col0) (type: int), _col1 (type: double)
                   outputColumnNames: _col0, _col1
+                  Statistics: Num rows: 250 Data size: 2656 Basic stats: COMPLETE Column stats: NONE
                   File Output Operator
                     compressed: true
+                    Statistics: Num rows: 250 Data size: 2656 Basic stats: COMPLETE Column stats: NONE
                     table:
                         input format: org.apache.hadoop.mapred.TextInputFormat
                         output format: org.apache.hadoop.hive.ql.io.HiveIgnoreKeyTextOutputFormat
@@ -135,15 +142,18 @@ STAGE PLANS:
                   Select Operator
                     expressions: key (type: string), value (type: string)
                     outputColumnNames: key, value
+                    Statistics: Num rows: 500 Data size: 5312 Basic stats: COMPLETE Column stats: NONE
                     Group By Operator
                       aggregations: sum(substr(value, 5))
                       keys: key (type: string)
                       mode: hash
                       outputColumnNames: _col0, _col1
+                      Statistics: Num rows: 500 Data size: 5312 Basic stats: COMPLETE Column stats: NONE
                       Reduce Output Operator
                         key expressions: _col0 (type: string)
                         sort order: +
                         Map-reduce partition columns: _col0 (type: string)
+                        Statistics: Num rows: 500 Data size: 5312 Basic stats: COMPLETE Column stats: NONE
                         value expressions: _col1 (type: double)
         Reducer 5 
             Reduce Operator Tree:
@@ -152,11 +162,14 @@ STAGE PLANS:
                 keys: KEY._col0 (type: string)
                 mode: mergepartial
                 outputColumnNames: _col0, _col1
+                Statistics: Num rows: 250 Data size: 2656 Basic stats: COMPLETE Column stats: NONE
                 Select Operator
                   expressions: UDFToInteger(_col0) (type: int), _col1 (type: double)
                   outputColumnNames: _col0, _col1
+                  Statistics: Num rows: 250 Data size: 2656 Basic stats: COMPLETE Column stats: NONE
                   File Output Operator
                     compressed: true
+                    Statistics: Num rows: 250 Data size: 2656 Basic stats: COMPLETE Column stats: NONE
                     table:
                         input format: org.apache.hadoop.mapred.TextInputFormat
                         output format: org.apache.hadoop.hive.ql.io.HiveIgnoreKeyTextOutputFormat
diff --git a/ql/src/test/results/clientpositive/spark/groupby7_map_multi_single_reducer.q.out b/ql/src/test/results/clientpositive/spark/groupby7_map_multi_single_reducer.q.out
index 9271c4143d..bc453c694d 100644
--- a/ql/src/test/results/clientpositive/spark/groupby7_map_multi_single_reducer.q.out
+++ b/ql/src/test/results/clientpositive/spark/groupby7_map_multi_single_reducer.q.out
@@ -47,27 +47,34 @@ STAGE PLANS:
             Map Operator Tree:
                 TableScan
                   alias: src
+                  Statistics: Num rows: 500 Data size: 5312 Basic stats: COMPLETE Column stats: NONE
                   Select Operator
                     expressions: key (type: string), value (type: string)
                     outputColumnNames: key, value
+                    Statistics: Num rows: 500 Data size: 5312 Basic stats: COMPLETE Column stats: NONE
                     Reduce Output Operator
                       key expressions: key (type: string)
                       sort order: +
                       Map-reduce partition columns: key (type: string)
+                      Statistics: Num rows: 500 Data size: 5312 Basic stats: COMPLETE Column stats: NONE
                       value expressions: substr(value, 5) (type: string)
         Reducer 2 
             Reduce Operator Tree:
               Forward
+                Statistics: Num rows: 500 Data size: 5312 Basic stats: COMPLETE Column stats: NONE
                 Group By Operator
                   aggregations: sum(VALUE._col0)
                   keys: KEY._col0 (type: string)
                   mode: complete
                   outputColumnNames: _col0, _col1
+                  Statistics: Num rows: 250 Data size: 2656 Basic stats: COMPLETE Column stats: NONE
                   Select Operator
                     expressions: UDFToInteger(_col0) (type: int), _col1 (type: double)
                     outputColumnNames: _col0, _col1
+                    Statistics: Num rows: 250 Data size: 2656 Basic stats: COMPLETE Column stats: NONE
                     File Output Operator
                       compressed: true
+                      Statistics: Num rows: 250 Data size: 2656 Basic stats: COMPLETE Column stats: NONE
                       table:
                           input format: org.apache.hadoop.mapred.TextInputFormat
                           output format: org.apache.hadoop.hive.ql.io.HiveIgnoreKeyTextOutputFormat
@@ -78,11 +85,14 @@ STAGE PLANS:
                   keys: KEY._col0 (type: string)
                   mode: complete
                   outputColumnNames: _col0, _col1
+                  Statistics: Num rows: 250 Data size: 2656 Basic stats: COMPLETE Column stats: NONE
                   Select Operator
                     expressions: UDFToInteger(_col0) (type: int), _col1 (type: double)
                     outputColumnNames: _col0, _col1
+                    Statistics: Num rows: 250 Data size: 2656 Basic stats: COMPLETE Column stats: NONE
                     File Output Operator
                       compressed: true
+                      Statistics: Num rows: 250 Data size: 2656 Basic stats: COMPLETE Column stats: NONE
                       table:
                           input format: org.apache.hadoop.mapred.TextInputFormat
                           output format: org.apache.hadoop.hive.ql.io.HiveIgnoreKeyTextOutputFormat
diff --git a/ql/src/test/results/clientpositive/spark/groupby7_map_skew.q.out b/ql/src/test/results/clientpositive/spark/groupby7_map_skew.q.out
index ca73985952..e6054c9e56 100644
--- a/ql/src/test/results/clientpositive/spark/groupby7_map_skew.q.out
+++ b/ql/src/test/results/clientpositive/spark/groupby7_map_skew.q.out
@@ -47,6 +47,7 @@ STAGE PLANS:
             Map Operator Tree:
                 TableScan
                   alias: src
+                  Statistics: Num rows: 500 Data size: 5312 Basic stats: COMPLETE Column stats: NONE
                   File Output Operator
                     compressed: true
                     table:
@@ -67,15 +68,18 @@ STAGE PLANS:
                   Select Operator
                     expressions: key (type: string), value (type: string)
                     outputColumnNames: key, value
+                    Statistics: Num rows: 500 Data size: 5312 Basic stats: COMPLETE Column stats: NONE
                     Group By Operator
                       aggregations: sum(substr(value, 5))
                       keys: key (type: string)
                       mode: hash
                       outputColumnNames: _col0, _col1
+                      Statistics: Num rows: 500 Data size: 5312 Basic stats: COMPLETE Column stats: NONE
                       Reduce Output Operator
                         key expressions: _col0 (type: string)
                         sort order: +
                         Map-reduce partition columns: rand() (type: double)
+                        Statistics: Num rows: 500 Data size: 5312 Basic stats: COMPLETE Column stats: NONE
                         value expressions: _col1 (type: double)
         Reducer 4 
             Reduce Operator Tree:
@@ -84,10 +88,12 @@ STAGE PLANS:
                 keys: KEY._col0 (type: string)
                 mode: partials
                 outputColumnNames: _col0, _col1
+                Statistics: Num rows: 500 Data size: 5312 Basic stats: COMPLETE Column stats: NONE
                 Reduce Output Operator
                   key expressions: _col0 (type: string)
                   sort order: +
                   Map-reduce partition columns: _col0 (type: string)
+                  Statistics: Num rows: 500 Data size: 5312 Basic stats: COMPLETE Column stats: NONE
                   value expressions: _col1 (type: double)
         Reducer 5 
             Reduce Operator Tree:
@@ -96,11 +102,14 @@ STAGE PLANS:
                 keys: KEY._col0 (type: string)
                 mode: final
                 outputColumnNames: _col0, _col1
+                Statistics: Num rows: 250 Data size: 2656 Basic stats: COMPLETE Column stats: NONE
                 Select Operator
                   expressions: UDFToInteger(_col0) (type: int), _col1 (type: double)
                   outputColumnNames: _col0, _col1
+                  Statistics: Num rows: 250 Data size: 2656 Basic stats: COMPLETE Column stats: NONE
                   File Output Operator
                     compressed: true
+                    Statistics: Num rows: 250 Data size: 2656 Basic stats: COMPLETE Column stats: NONE
                     table:
                         input format: org.apache.hadoop.mapred.TextInputFormat
                         output format: org.apache.hadoop.hive.ql.io.HiveIgnoreKeyTextOutputFormat
@@ -149,15 +158,18 @@ STAGE PLANS:
                   Select Operator
                     expressions: key (type: string), value (type: string)
                     outputColumnNames: key, value
+                    Statistics: Num rows: 500 Data size: 5312 Basic stats: COMPLETE Column stats: NONE
                     Group By Operator
                       aggregations: sum(substr(value, 5))
                       keys: key (type: string)
                       mode: hash
                       outputColumnNames: _col0, _col1
+                      Statistics: Num rows: 500 Data size: 5312 Basic stats: COMPLETE Column stats: NONE
                       Reduce Output Operator
                         key expressions: _col0 (type: string)
                         sort order: +
                         Map-reduce partition columns: rand() (type: double)
+                        Statistics: Num rows: 500 Data size: 5312 Basic stats: COMPLETE Column stats: NONE
                         value expressions: _col1 (type: double)
         Reducer 6 
             Reduce Operator Tree:
@@ -166,10 +178,12 @@ STAGE PLANS:
                 keys: KEY._col0 (type: string)
                 mode: partials
                 outputColumnNames: _col0, _col1
+                Statistics: Num rows: 500 Data size: 5312 Basic stats: COMPLETE Column stats: NONE
                 Reduce Output Operator
                   key expressions: _col0 (type: string)
                   sort order: +
                   Map-reduce partition columns: _col0 (type: string)
+                  Statistics: Num rows: 500 Data size: 5312 Basic stats: COMPLETE Column stats: NONE
                   value expressions: _col1 (type: double)
         Reducer 7 
             Reduce Operator Tree:
@@ -178,11 +192,14 @@ STAGE PLANS:
                 keys: KEY._col0 (type: string)
                 mode: final
                 outputColumnNames: _col0, _col1
+                Statistics: Num rows: 250 Data size: 2656 Basic stats: COMPLETE Column stats: NONE
                 Select Operator
                   expressions: UDFToInteger(_col0) (type: int), _col1 (type: double)
                   outputColumnNames: _col0, _col1
+                  Statistics: Num rows: 250 Data size: 2656 Basic stats: COMPLETE Column stats: NONE
                   File Output Operator
                     compressed: true
+                    Statistics: Num rows: 250 Data size: 2656 Basic stats: COMPLETE Column stats: NONE
                     table:
                         input format: org.apache.hadoop.mapred.TextInputFormat
                         output format: org.apache.hadoop.hive.ql.io.HiveIgnoreKeyTextOutputFormat
diff --git a/ql/src/test/results/clientpositive/spark/groupby7_noskew.q.out b/ql/src/test/results/clientpositive/spark/groupby7_noskew.q.out
index 2d2c55b5bd..d0f3e76778 100644
--- a/ql/src/test/results/clientpositive/spark/groupby7_noskew.q.out
+++ b/ql/src/test/results/clientpositive/spark/groupby7_noskew.q.out
@@ -47,6 +47,7 @@ STAGE PLANS:
             Map Operator Tree:
                 TableScan
                   alias: src
+                  Statistics: Num rows: 500 Data size: 5312 Basic stats: COMPLETE Column stats: NONE
                   File Output Operator
                     compressed: true
                     table:
@@ -66,10 +67,12 @@ STAGE PLANS:
                   Select Operator
                     expressions: key (type: string), value (type: string)
                     outputColumnNames: key, value
+                    Statistics: Num rows: 500 Data size: 5312 Basic stats: COMPLETE Column stats: NONE
                     Reduce Output Operator
                       key expressions: key (type: string)
                       sort order: +
                       Map-reduce partition columns: key (type: string)
+                      Statistics: Num rows: 500 Data size: 5312 Basic stats: COMPLETE Column stats: NONE
                       value expressions: substr(value, 5) (type: string)
         Reducer 4 
             Reduce Operator Tree:
@@ -78,11 +81,14 @@ STAGE PLANS:
                 keys: KEY._col0 (type: string)
                 mode: complete
                 outputColumnNames: _col0, _col1
+                Statistics: Num rows: 250 Data size: 2656 Basic stats: COMPLETE Column stats: NONE
                 Select Operator
                   expressions: UDFToInteger(_col0) (type: int), _col1 (type: double)
                   outputColumnNames: _col0, _col1
+                  Statistics: Num rows: 250 Data size: 2656 Basic stats: COMPLETE Column stats: NONE
                   File Output Operator
                     compressed: true
+                    Statistics: Num rows: 250 Data size: 2656 Basic stats: COMPLETE Column stats: NONE
                     table:
                         input format: org.apache.hadoop.mapred.TextInputFormat
                         output format: org.apache.hadoop.hive.ql.io.HiveIgnoreKeyTextOutputFormat
@@ -130,10 +136,12 @@ STAGE PLANS:
                   Select Operator
                     expressions: key (type: string), value (type: string)
                     outputColumnNames: key, value
+                    Statistics: Num rows: 500 Data size: 5312 Basic stats: COMPLETE Column stats: NONE
                     Reduce Output Operator
                       key expressions: key (type: string)
                       sort order: +
                       Map-reduce partition columns: key (type: string)
+                      Statistics: Num rows: 500 Data size: 5312 Basic stats: COMPLETE Column stats: NONE
                       value expressions: substr(value, 5) (type: string)
         Reducer 5 
             Reduce Operator Tree:
@@ -142,11 +150,14 @@ STAGE PLANS:
                 keys: KEY._col0 (type: string)
                 mode: complete
                 outputColumnNames: _col0, _col1
+                Statistics: Num rows: 250 Data size: 2656 Basic stats: COMPLETE Column stats: NONE
                 Select Operator
                   expressions: UDFToInteger(_col0) (type: int), _col1 (type: double)
                   outputColumnNames: _col0, _col1
+                  Statistics: Num rows: 250 Data size: 2656 Basic stats: COMPLETE Column stats: NONE
                   File Output Operator
                     compressed: true
+                    Statistics: Num rows: 250 Data size: 2656 Basic stats: COMPLETE Column stats: NONE
                     table:
                         input format: org.apache.hadoop.mapred.TextInputFormat
                         output format: org.apache.hadoop.hive.ql.io.HiveIgnoreKeyTextOutputFormat
diff --git a/ql/src/test/results/clientpositive/spark/groupby_cube1.q.out b/ql/src/test/results/clientpositive/spark/groupby_cube1.q.out
index 942cdaa15e..d40c7bbd36 100644
--- a/ql/src/test/results/clientpositive/spark/groupby_cube1.q.out
+++ b/ql/src/test/results/clientpositive/spark/groupby_cube1.q.out
@@ -39,18 +39,22 @@ STAGE PLANS:
             Map Operator Tree:
                 TableScan
                   alias: t1
+                  Statistics: Num rows: 0 Data size: 30 Basic stats: PARTIAL Column stats: NONE
                   Select Operator
                     expressions: key (type: string), val (type: string)
                     outputColumnNames: key, val
+                    Statistics: Num rows: 0 Data size: 30 Basic stats: PARTIAL Column stats: NONE
                     Group By Operator
                       aggregations: count(1)
                       keys: key (type: string), val (type: string), '0' (type: string)
                       mode: hash
                       outputColumnNames: _col0, _col1, _col2, _col3
+                      Statistics: Num rows: 0 Data size: 0 Basic stats: NONE Column stats: NONE
                       Reduce Output Operator
                         key expressions: _col0 (type: string), _col1 (type: string), _col2 (type: string)
                         sort order: +++
                         Map-reduce partition columns: _col0 (type: string), _col1 (type: string), _col2 (type: string)
+                        Statistics: Num rows: 0 Data size: 0 Basic stats: NONE Column stats: NONE
                         value expressions: _col3 (type: bigint)
         Reducer 2 
             Reduce Operator Tree:
@@ -59,11 +63,14 @@ STAGE PLANS:
                 keys: KEY._col0 (type: string), KEY._col1 (type: string), KEY._col2 (type: string)
                 mode: mergepartial
                 outputColumnNames: _col0, _col1, _col2, _col3
+                Statistics: Num rows: 0 Data size: 0 Basic stats: NONE Column stats: NONE
                 Select Operator
                   expressions: _col0 (type: string), _col1 (type: string), _col3 (type: bigint)
                   outputColumnNames: _col0, _col1, _col2
+                  Statistics: Num rows: 0 Data size: 0 Basic stats: NONE Column stats: NONE
                   File Output Operator
                     compressed: false
+                    Statistics: Num rows: 0 Data size: 0 Basic stats: NONE Column stats: NONE
                     table:
                         input format: org.apache.hadoop.mapred.TextInputFormat
                         output format: org.apache.hadoop.hive.ql.io.HiveIgnoreKeyTextOutputFormat
@@ -122,18 +129,22 @@ STAGE PLANS:
             Map Operator Tree:
                 TableScan
                   alias: t1
+                  Statistics: Num rows: 0 Data size: 30 Basic stats: PARTIAL Column stats: NONE
                   Select Operator
                     expressions: key (type: string), val (type: string)
                     outputColumnNames: key, val
+                    Statistics: Num rows: 0 Data size: 30 Basic stats: PARTIAL Column stats: NONE
                     Group By Operator
                       aggregations: count(DISTINCT val)
                       keys: key (type: string), '0' (type: string), val (type: string)
                       mode: hash
                       outputColumnNames: _col0, _col1, _col2, _col3
+                      Statistics: Num rows: 0 Data size: 0 Basic stats: NONE Column stats: NONE
                       Reduce Output Operator
                         key expressions: _col0 (type: string), _col1 (type: string), _col2 (type: string)
                         sort order: +++
                         Map-reduce partition columns: _col0 (type: string), _col1 (type: string)
+                        Statistics: Num rows: 0 Data size: 0 Basic stats: NONE Column stats: NONE
         Reducer 2 
             Reduce Operator Tree:
               Group By Operator
@@ -141,11 +152,14 @@ STAGE PLANS:
                 keys: KEY._col0 (type: string), KEY._col1 (type: string)
                 mode: mergepartial
                 outputColumnNames: _col0, _col1, _col2
+                Statistics: Num rows: 0 Data size: 0 Basic stats: NONE Column stats: NONE
                 Select Operator
                   expressions: _col0 (type: string), _col2 (type: bigint)
                   outputColumnNames: _col0, _col1
+                  Statistics: Num rows: 0 Data size: 0 Basic stats: NONE Column stats: NONE
                   File Output Operator
                     compressed: false
+                    Statistics: Num rows: 0 Data size: 0 Basic stats: NONE Column stats: NONE
                     table:
                         input format: org.apache.hadoop.mapred.TextInputFormat
                         output format: org.apache.hadoop.hive.ql.io.HiveIgnoreKeyTextOutputFormat
@@ -193,18 +207,22 @@ STAGE PLANS:
             Map Operator Tree:
                 TableScan
                   alias: t1
+                  Statistics: Num rows: 0 Data size: 30 Basic stats: PARTIAL Column stats: NONE
                   Select Operator
                     expressions: key (type: string), val (type: string)
                     outputColumnNames: key, val
+                    Statistics: Num rows: 0 Data size: 30 Basic stats: PARTIAL Column stats: NONE
                     Group By Operator
                       aggregations: count(1)
                       keys: key (type: string), val (type: string), '0' (type: string)
                       mode: hash
                       outputColumnNames: _col0, _col1, _col2, _col3
+                      Statistics: Num rows: 0 Data size: 0 Basic stats: NONE Column stats: NONE
                       Reduce Output Operator
                         key expressions: _col0 (type: string), _col1 (type: string), _col2 (type: string)
                         sort order: +++
                         Map-reduce partition columns: rand() (type: double)
+                        Statistics: Num rows: 0 Data size: 0 Basic stats: NONE Column stats: NONE
                         value expressions: _col3 (type: bigint)
         Reducer 2 
             Reduce Operator Tree:
@@ -213,10 +231,12 @@ STAGE PLANS:
                 keys: KEY._col0 (type: string), KEY._col1 (type: string), KEY._col2 (type: string)
                 mode: partials
                 outputColumnNames: _col0, _col1, _col2, _col3
+                Statistics: Num rows: 0 Data size: 0 Basic stats: NONE Column stats: NONE
                 Reduce Output Operator
                   key expressions: _col0 (type: string), _col1 (type: string), _col2 (type: string)
                   sort order: +++
                   Map-reduce partition columns: _col0 (type: string), _col1 (type: string)
+                  Statistics: Num rows: 0 Data size: 0 Basic stats: NONE Column stats: NONE
                   value expressions: _col3 (type: bigint)
         Reducer 3 
             Reduce Operator Tree:
@@ -225,11 +245,14 @@ STAGE PLANS:
                 keys: KEY._col0 (type: string), KEY._col1 (type: string), KEY._col2 (type: string)
                 mode: final
                 outputColumnNames: _col0, _col1, _col2, _col3
+                Statistics: Num rows: 0 Data size: 0 Basic stats: NONE Column stats: NONE
                 Select Operator
                   expressions: _col0 (type: string), _col1 (type: string), _col3 (type: bigint)
                   outputColumnNames: _col0, _col1, _col2
+                  Statistics: Num rows: 0 Data size: 0 Basic stats: NONE Column stats: NONE
                   File Output Operator
                     compressed: false
+                    Statistics: Num rows: 0 Data size: 0 Basic stats: NONE Column stats: NONE
                     table:
                         input format: org.apache.hadoop.mapred.TextInputFormat
                         output format: org.apache.hadoop.hive.ql.io.HiveIgnoreKeyTextOutputFormat
@@ -288,18 +311,22 @@ STAGE PLANS:
             Map Operator Tree:
                 TableScan
                   alias: t1
+                  Statistics: Num rows: 0 Data size: 30 Basic stats: PARTIAL Column stats: NONE
                   Select Operator
                     expressions: key (type: string), val (type: string)
                     outputColumnNames: key, val
+                    Statistics: Num rows: 0 Data size: 30 Basic stats: PARTIAL Column stats: NONE
                     Group By Operator
                       aggregations: count(DISTINCT val)
                       keys: key (type: string), '0' (type: string), val (type: string)
                       mode: hash
                       outputColumnNames: _col0, _col1, _col2, _col3
+                      Statistics: Num rows: 0 Data size: 0 Basic stats: NONE Column stats: NONE
                       Reduce Output Operator
                         key expressions: _col0 (type: string), _col1 (type: string), _col2 (type: string)
                         sort order: +++
                         Map-reduce partition columns: _col0 (type: string)
+                        Statistics: Num rows: 0 Data size: 0 Basic stats: NONE Column stats: NONE
         Reducer 2 
             Reduce Operator Tree:
               Group By Operator
@@ -307,11 +334,14 @@ STAGE PLANS:
                 keys: KEY._col0 (type: string), KEY._col1 (type: string)
                 mode: complete
                 outputColumnNames: _col0, _col1, _col2
+                Statistics: Num rows: 0 Data size: 0 Basic stats: NONE Column stats: NONE
                 Select Operator
                   expressions: _col0 (type: string), _col2 (type: bigint)
                   outputColumnNames: _col0, _col1
+                  Statistics: Num rows: 0 Data size: 0 Basic stats: NONE Column stats: NONE
                   File Output Operator
                     compressed: false
+                    Statistics: Num rows: 0 Data size: 0 Basic stats: NONE Column stats: NONE
                     table:
                         input format: org.apache.hadoop.mapred.TextInputFormat
                         output format: org.apache.hadoop.hive.ql.io.HiveIgnoreKeyTextOutputFormat
@@ -382,6 +412,7 @@ STAGE PLANS:
             Map Operator Tree:
                 TableScan
                   alias: t1
+                  Statistics: Num rows: 0 Data size: 30 Basic stats: PARTIAL Column stats: NONE
                   File Output Operator
                     compressed: false
                     table:
@@ -402,15 +433,18 @@ STAGE PLANS:
                   Select Operator
                     expressions: key (type: string), val (type: string)
                     outputColumnNames: key, val
+                    Statistics: Num rows: 0 Data size: 30 Basic stats: PARTIAL Column stats: NONE
                     Group By Operator
                       aggregations: count(1)
                       keys: key (type: string), val (type: string), '0' (type: string)
                       mode: hash
                       outputColumnNames: _col0, _col1, _col2, _col3
+                      Statistics: Num rows: 0 Data size: 0 Basic stats: NONE Column stats: NONE
                       Reduce Output Operator
                         key expressions: _col0 (type: string), _col1 (type: string), _col2 (type: string)
                         sort order: +++
                         Map-reduce partition columns: rand() (type: double)
+                        Statistics: Num rows: 0 Data size: 0 Basic stats: NONE Column stats: NONE
                         value expressions: _col3 (type: bigint)
         Reducer 4 
             Reduce Operator Tree:
@@ -419,10 +453,12 @@ STAGE PLANS:
                 keys: KEY._col0 (type: string), KEY._col1 (type: string), KEY._col2 (type: string)
                 mode: partials
                 outputColumnNames: _col0, _col1, _col2, _col3
+                Statistics: Num rows: 0 Data size: 0 Basic stats: NONE Column stats: NONE
                 Reduce Output Operator
                   key expressions: _col0 (type: string), _col1 (type: string), _col2 (type: string)
                   sort order: +++
                   Map-reduce partition columns: _col0 (type: string), _col1 (type: string)
+                  Statistics: Num rows: 0 Data size: 0 Basic stats: NONE Column stats: NONE
                   value expressions: _col3 (type: bigint)
         Reducer 5 
             Reduce Operator Tree:
@@ -431,11 +467,14 @@ STAGE PLANS:
                 keys: KEY._col0 (type: string), KEY._col1 (type: string), KEY._col2 (type: string)
                 mode: final
                 outputColumnNames: _col0, _col1, _col2, _col3
+                Statistics: Num rows: 0 Data size: 0 Basic stats: NONE Column stats: NONE
                 Select Operator
                   expressions: _col0 (type: string), _col1 (type: string), UDFToInteger(_col3) (type: int)
                   outputColumnNames: _col0, _col1, _col2
+                  Statistics: Num rows: 0 Data size: 0 Basic stats: NONE Column stats: NONE
                   File Output Operator
                     compressed: false
+                    Statistics: Num rows: 0 Data size: 0 Basic stats: NONE Column stats: NONE
                     table:
                         input format: org.apache.hadoop.mapred.TextInputFormat
                         output format: org.apache.hadoop.hive.ql.io.HiveIgnoreKeyTextOutputFormat
@@ -484,15 +523,18 @@ STAGE PLANS:
                   Select Operator
                     expressions: key (type: string), val (type: string)
                     outputColumnNames: key, val
+                    Statistics: Num rows: 0 Data size: 30 Basic stats: PARTIAL Column stats: NONE
                     Group By Operator
                       aggregations: sum(1)
                       keys: key (type: string), val (type: string), '0' (type: string)
                       mode: hash
                       outputColumnNames: _col0, _col1, _col2, _col3
+                      Statistics: Num rows: 0 Data size: 0 Basic stats: NONE Column stats: NONE
                       Reduce Output Operator
                         key expressions: _col0 (type: string), _col1 (type: string), _col2 (type: string)
                         sort order: +++
                         Map-reduce partition columns: rand() (type: double)
+                        Statistics: Num rows: 0 Data size: 0 Basic stats: NONE Column stats: NONE
                         value expressions: _col3 (type: bigint)
         Reducer 6 
             Reduce Operator Tree:
@@ -501,10 +543,12 @@ STAGE PLANS:
                 keys: KEY._col0 (type: string), KEY._col1 (type: string), KEY._col2 (type: string)
                 mode: partials
                 outputColumnNames: _col0, _col1, _col2, _col3
+                Statistics: Num rows: 0 Data size: 0 Basic stats: NONE Column stats: NONE
                 Reduce Output Operator
                   key expressions: _col0 (type: string), _col1 (type: string), _col2 (type: string)
                   sort order: +++
                   Map-reduce partition columns: _col0 (type: string), _col1 (type: string)
+                  Statistics: Num rows: 0 Data size: 0 Basic stats: NONE Column stats: NONE
                   value expressions: _col3 (type: bigint)
         Reducer 7 
             Reduce Operator Tree:
@@ -513,11 +557,14 @@ STAGE PLANS:
                 keys: KEY._col0 (type: string), KEY._col1 (type: string), KEY._col2 (type: string)
                 mode: final
                 outputColumnNames: _col0, _col1, _col2, _col3
+                Statistics: Num rows: 0 Data size: 0 Basic stats: NONE Column stats: NONE
                 Select Operator
                   expressions: _col0 (type: string), _col1 (type: string), UDFToInteger(_col3) (type: int)
                   outputColumnNames: _col0, _col1, _col2
+                  Statistics: Num rows: 0 Data size: 0 Basic stats: NONE Column stats: NONE
                   File Output Operator
                     compressed: false
+                    Statistics: Num rows: 0 Data size: 0 Basic stats: NONE Column stats: NONE
                     table:
                         input format: org.apache.hadoop.mapred.TextInputFormat
                         output format: org.apache.hadoop.hive.ql.io.HiveIgnoreKeyTextOutputFormat
diff --git a/ql/src/test/results/clientpositive/spark/groupby_multi_single_reducer.q.out b/ql/src/test/results/clientpositive/spark/groupby_multi_single_reducer.q.out
index 399fe41253..b4ded625cf 100644
--- a/ql/src/test/results/clientpositive/spark/groupby_multi_single_reducer.q.out
+++ b/ql/src/test/results/clientpositive/spark/groupby_multi_single_reducer.q.out
@@ -75,29 +75,37 @@ STAGE PLANS:
             Map Operator Tree:
                 TableScan
                   alias: src
+                  Statistics: Num rows: 500 Data size: 5312 Basic stats: COMPLETE Column stats: NONE
                   Select Operator
                     expressions: key (type: string), value (type: string)
                     outputColumnNames: key, value
+                    Statistics: Num rows: 500 Data size: 5312 Basic stats: COMPLETE Column stats: NONE
                     Reduce Output Operator
                       key expressions: substr(key, 1, 1) (type: string), substr(value, 5) (type: string)
                       sort order: ++
                       Map-reduce partition columns: substr(key, 1, 1) (type: string)
+                      Statistics: Num rows: 500 Data size: 5312 Basic stats: COMPLETE Column stats: NONE
                       value expressions: value (type: string)
         Reducer 2 
             Reduce Operator Tree:
               Forward
+                Statistics: Num rows: 500 Data size: 5312 Basic stats: COMPLETE Column stats: NONE
                 Filter Operator
                   predicate: (KEY._col0 >= 5) (type: boolean)
+                  Statistics: Num rows: 166 Data size: 1763 Basic stats: COMPLETE Column stats: NONE
                   Group By Operator
                     aggregations: count(DISTINCT KEY._col1:0._col0), sum(KEY._col1:0._col0), sum(DISTINCT KEY._col1:1._col0), count(VALUE._col0)
                     keys: KEY._col0 (type: string)
                     mode: complete
                     outputColumnNames: _col0, _col1, _col2, _col3, _col4
+                    Statistics: Num rows: 83 Data size: 881 Basic stats: COMPLETE Column stats: NONE
                     Select Operator
                       expressions: _col0 (type: string), UDFToInteger(_col1) (type: int), concat(_col0, _col2) (type: string), UDFToInteger(_col3) (type: int), UDFToInteger(_col4) (type: int)
                       outputColumnNames: _col0, _col1, _col2, _col3, _col4
+                      Statistics: Num rows: 83 Data size: 881 Basic stats: COMPLETE Column stats: NONE
                       File Output Operator
                         compressed: false
+                        Statistics: Num rows: 83 Data size: 881 Basic stats: COMPLETE Column stats: NONE
                         table:
                             input format: org.apache.hadoop.mapred.TextInputFormat
                             output format: org.apache.hadoop.hive.ql.io.HiveIgnoreKeyTextOutputFormat
@@ -105,16 +113,20 @@ STAGE PLANS:
                             name: default.dest_g2
                 Filter Operator
                   predicate: (KEY._col0 < 5) (type: boolean)
+                  Statistics: Num rows: 166 Data size: 1763 Basic stats: COMPLETE Column stats: NONE
                   Group By Operator
                     aggregations: count(DISTINCT KEY._col1:0._col0), sum(KEY._col1:0._col0), sum(DISTINCT KEY._col1:1._col0), count(VALUE._col0)
                     keys: KEY._col0 (type: string)
                     mode: complete
                     outputColumnNames: _col0, _col1, _col2, _col3, _col4
+                    Statistics: Num rows: 83 Data size: 881 Basic stats: COMPLETE Column stats: NONE
                     Select Operator
                       expressions: _col0 (type: string), UDFToInteger(_col1) (type: int), concat(_col0, _col2) (type: string), UDFToInteger(_col3) (type: int), UDFToInteger(_col4) (type: int)
                       outputColumnNames: _col0, _col1, _col2, _col3, _col4
+                      Statistics: Num rows: 83 Data size: 881 Basic stats: COMPLETE Column stats: NONE
                       File Output Operator
                         compressed: false
+                        Statistics: Num rows: 83 Data size: 881 Basic stats: COMPLETE Column stats: NONE
                         table:
                             input format: org.apache.hadoop.mapred.TextInputFormat
                             output format: org.apache.hadoop.hive.ql.io.HiveIgnoreKeyTextOutputFormat
@@ -125,11 +137,14 @@ STAGE PLANS:
                   keys: KEY._col0 (type: string)
                   mode: complete
                   outputColumnNames: _col0, _col1, _col2, _col3, _col4
+                  Statistics: Num rows: 250 Data size: 2656 Basic stats: COMPLETE Column stats: NONE
                   Select Operator
                     expressions: _col0 (type: string), UDFToInteger(_col1) (type: int), concat(_col0, _col2) (type: string), UDFToInteger(_col3) (type: int), UDFToInteger(_col4) (type: int)
                     outputColumnNames: _col0, _col1, _col2, _col3, _col4
+                    Statistics: Num rows: 250 Data size: 2656 Basic stats: COMPLETE Column stats: NONE
                     File Output Operator
                       compressed: false
+                      Statistics: Num rows: 250 Data size: 2656 Basic stats: COMPLETE Column stats: NONE
                       table:
                           input format: org.apache.hadoop.mapred.TextInputFormat
                           output format: org.apache.hadoop.hive.ql.io.HiveIgnoreKeyTextOutputFormat
@@ -299,6 +314,7 @@ STAGE PLANS:
             Map Operator Tree:
                 TableScan
                   alias: src
+                  Statistics: Num rows: 500 Data size: 5312 Basic stats: COMPLETE Column stats: NONE
                   File Output Operator
                     compressed: false
                     table:
@@ -318,26 +334,33 @@ STAGE PLANS:
                   Select Operator
                     expressions: key (type: string), value (type: string)
                     outputColumnNames: key, value
+                    Statistics: Num rows: 500 Data size: 5312 Basic stats: COMPLETE Column stats: NONE
                     Reduce Output Operator
                       key expressions: substr(key, 1, 1) (type: string), substr(value, 5) (type: string)
                       sort order: ++
                       Map-reduce partition columns: substr(key, 1, 1) (type: string)
+                      Statistics: Num rows: 500 Data size: 5312 Basic stats: COMPLETE Column stats: NONE
                       value expressions: value (type: string)
         Reducer 4 
             Reduce Operator Tree:
               Forward
+                Statistics: Num rows: 500 Data size: 5312 Basic stats: COMPLETE Column stats: NONE
                 Filter Operator
                   predicate: (KEY._col0 >= 5) (type: boolean)
+                  Statistics: Num rows: 166 Data size: 1763 Basic stats: COMPLETE Column stats: NONE
                   Group By Operator
                     aggregations: count(DISTINCT KEY._col1:0._col0), sum(KEY._col1:0._col0), sum(DISTINCT KEY._col1:1._col0), count(VALUE._col0)
                     keys: KEY._col0 (type: string)
                     mode: complete
                     outputColumnNames: _col0, _col1, _col2, _col3, _col4
+                    Statistics: Num rows: 83 Data size: 881 Basic stats: COMPLETE Column stats: NONE
                     Select Operator
                       expressions: _col0 (type: string), UDFToInteger(_col1) (type: int), concat(_col0, _col2) (type: string), UDFToInteger(_col3) (type: int), UDFToInteger(_col4) (type: int)
                       outputColumnNames: _col0, _col1, _col2, _col3, _col4
+                      Statistics: Num rows: 83 Data size: 881 Basic stats: COMPLETE Column stats: NONE
                       File Output Operator
                         compressed: false
+                        Statistics: Num rows: 83 Data size: 881 Basic stats: COMPLETE Column stats: NONE
                         table:
                             input format: org.apache.hadoop.mapred.TextInputFormat
                             output format: org.apache.hadoop.hive.ql.io.HiveIgnoreKeyTextOutputFormat
@@ -345,16 +368,20 @@ STAGE PLANS:
                             name: default.dest_g2
                 Filter Operator
                   predicate: (KEY._col0 < 5) (type: boolean)
+                  Statistics: Num rows: 166 Data size: 1763 Basic stats: COMPLETE Column stats: NONE
                   Group By Operator
                     aggregations: count(DISTINCT KEY._col1:0._col0), sum(KEY._col1:0._col0), sum(DISTINCT KEY._col1:1._col0), count(VALUE._col0)
                     keys: KEY._col0 (type: string)
                     mode: complete
                     outputColumnNames: _col0, _col1, _col2, _col3, _col4
+                    Statistics: Num rows: 83 Data size: 881 Basic stats: COMPLETE Column stats: NONE
                     Select Operator
                       expressions: _col0 (type: string), UDFToInteger(_col1) (type: int), concat(_col0, _col2) (type: string), UDFToInteger(_col3) (type: int), UDFToInteger(_col4) (type: int)
                       outputColumnNames: _col0, _col1, _col2, _col3, _col4
+                      Statistics: Num rows: 83 Data size: 881 Basic stats: COMPLETE Column stats: NONE
                       File Output Operator
                         compressed: false
+                        Statistics: Num rows: 83 Data size: 881 Basic stats: COMPLETE Column stats: NONE
                         table:
                             input format: org.apache.hadoop.mapred.TextInputFormat
                             output format: org.apache.hadoop.hive.ql.io.HiveIgnoreKeyTextOutputFormat
@@ -365,11 +392,14 @@ STAGE PLANS:
                   keys: KEY._col0 (type: string)
                   mode: complete
                   outputColumnNames: _col0, _col1, _col2, _col3, _col4
+                  Statistics: Num rows: 250 Data size: 2656 Basic stats: COMPLETE Column stats: NONE
                   Select Operator
                     expressions: _col0 (type: string), UDFToInteger(_col1) (type: int), concat(_col0, _col2) (type: string), UDFToInteger(_col3) (type: int), UDFToInteger(_col4) (type: int)
                     outputColumnNames: _col0, _col1, _col2, _col3, _col4
+                    Statistics: Num rows: 250 Data size: 2656 Basic stats: COMPLETE Column stats: NONE
                     File Output Operator
                       compressed: false
+                      Statistics: Num rows: 250 Data size: 2656 Basic stats: COMPLETE Column stats: NONE
                       table:
                           input format: org.apache.hadoop.mapred.TextInputFormat
                           output format: org.apache.hadoop.hive.ql.io.HiveIgnoreKeyTextOutputFormat
@@ -457,39 +487,50 @@ STAGE PLANS:
                   Select Operator
                     expressions: key (type: string), value (type: string)
                     outputColumnNames: key, value
+                    Statistics: Num rows: 500 Data size: 5312 Basic stats: COMPLETE Column stats: NONE
                     Reduce Output Operator
                       key expressions: substr(key, 1, 1) (type: string), substr(key, 2, 1) (type: string), substr(value, 5) (type: string)
                       sort order: +++
                       Map-reduce partition columns: substr(key, 1, 1) (type: string), substr(key, 2, 1) (type: string)
+                      Statistics: Num rows: 500 Data size: 5312 Basic stats: COMPLETE Column stats: NONE
                       value expressions: value (type: string)
         Reducer 5 
             Reduce Operator Tree:
               Forward
+                Statistics: Num rows: 500 Data size: 5312 Basic stats: COMPLETE Column stats: NONE
                 Group By Operator
                   aggregations: count(DISTINCT KEY._col2:0._col0), sum(KEY._col2:0._col0), count(VALUE._col0)
                   keys: KEY._col0 (type: string), KEY._col1 (type: string)
                   mode: complete
                   outputColumnNames: _col0, _col1, _col2, _col3, _col4
+                  Statistics: Num rows: 250 Data size: 2656 Basic stats: COMPLETE Column stats: NONE
                   Select Operator
                     expressions: _col0 (type: string), _col2 (type: bigint), concat(_col0, _col3) (type: string), _col3 (type: double), _col4 (type: bigint)
                     outputColumnNames: _col0, _col1, _col2, _col3, _col4
+                    Statistics: Num rows: 250 Data size: 2656 Basic stats: COMPLETE Column stats: NONE
                     Limit
                       Number of rows: 10
+                      Statistics: Num rows: 10 Data size: 100 Basic stats: COMPLETE Column stats: NONE
                       Reduce Output Operator
                         sort order: 
+                        Statistics: Num rows: 10 Data size: 100 Basic stats: COMPLETE Column stats: NONE
                         value expressions: _col0 (type: string), _col1 (type: bigint), _col2 (type: string), _col3 (type: double), _col4 (type: bigint)
                 Filter Operator
                   predicate: (KEY._col0 >= 5) (type: boolean)
+                  Statistics: Num rows: 166 Data size: 1763 Basic stats: COMPLETE Column stats: NONE
                   Group By Operator
                     aggregations: count(DISTINCT KEY._col2:0._col0), sum(KEY._col2:0._col0), count(VALUE._col0)
                     keys: KEY._col0 (type: string), KEY._col1 (type: string)
                     mode: complete
                     outputColumnNames: _col0, _col1, _col2, _col3, _col4
+                    Statistics: Num rows: 83 Data size: 881 Basic stats: COMPLETE Column stats: NONE
                     Select Operator
                       expressions: _col0 (type: string), UDFToInteger(_col2) (type: int), concat(_col0, _col3) (type: string), UDFToInteger(_col3) (type: int), UDFToInteger(_col4) (type: int)
                       outputColumnNames: _col0, _col1, _col2, _col3, _col4
+                      Statistics: Num rows: 83 Data size: 881 Basic stats: COMPLETE Column stats: NONE
                       File Output Operator
                         compressed: false
+                        Statistics: Num rows: 83 Data size: 881 Basic stats: COMPLETE Column stats: NONE
                         table:
                             input format: org.apache.hadoop.mapred.TextInputFormat
                             output format: org.apache.hadoop.hive.ql.io.HiveIgnoreKeyTextOutputFormat
@@ -500,13 +541,17 @@ STAGE PLANS:
               Select Operator
                 expressions: VALUE._col0 (type: string), VALUE._col1 (type: bigint), VALUE._col2 (type: string), VALUE._col3 (type: double), VALUE._col4 (type: bigint)
                 outputColumnNames: _col0, _col1, _col2, _col3, _col4
+                Statistics: Num rows: 10 Data size: 100 Basic stats: COMPLETE Column stats: NONE
                 Limit
                   Number of rows: 10
+                  Statistics: Num rows: 10 Data size: 100 Basic stats: COMPLETE Column stats: NONE
                   Select Operator
                     expressions: _col0 (type: string), UDFToInteger(_col1) (type: int), _col2 (type: string), UDFToInteger(_col3) (type: int), UDFToInteger(_col4) (type: int)
                     outputColumnNames: _col0, _col1, _col2, _col3, _col4
+                    Statistics: Num rows: 10 Data size: 100 Basic stats: COMPLETE Column stats: NONE
                     File Output Operator
                       compressed: false
+                      Statistics: Num rows: 10 Data size: 100 Basic stats: COMPLETE Column stats: NONE
                       table:
                           input format: org.apache.hadoop.mapred.TextInputFormat
                           output format: org.apache.hadoop.hive.ql.io.HiveIgnoreKeyTextOutputFormat
diff --git a/ql/src/test/results/clientpositive/spark/groupby_multi_single_reducer2.q.out b/ql/src/test/results/clientpositive/spark/groupby_multi_single_reducer2.q.out
index bf31332156..7f74c62f24 100644
--- a/ql/src/test/results/clientpositive/spark/groupby_multi_single_reducer2.q.out
+++ b/ql/src/test/results/clientpositive/spark/groupby_multi_single_reducer2.q.out
@@ -43,31 +43,40 @@ STAGE PLANS:
             Map Operator Tree:
                 TableScan
                   alias: src
+                  Statistics: Num rows: 500 Data size: 5312 Basic stats: COMPLETE Column stats: NONE
                   Filter Operator
                     predicate: ((substr(key, 1, 1) >= 5) or (substr(key, 1, 1) < 5)) (type: boolean)
+                    Statistics: Num rows: 332 Data size: 3527 Basic stats: COMPLETE Column stats: NONE
                     Select Operator
                       expressions: key (type: string), value (type: string)
                       outputColumnNames: key, value
+                      Statistics: Num rows: 332 Data size: 3527 Basic stats: COMPLETE Column stats: NONE
                       Reduce Output Operator
                         key expressions: substr(key, 1, 1) (type: string), key (type: string)
                         sort order: ++
                         Map-reduce partition columns: substr(key, 1, 1) (type: string)
+                        Statistics: Num rows: 332 Data size: 3527 Basic stats: COMPLETE Column stats: NONE
                         value expressions: value (type: string)
         Reducer 2 
             Reduce Operator Tree:
               Forward
+                Statistics: Num rows: 332 Data size: 3527 Basic stats: COMPLETE Column stats: NONE
                 Filter Operator
                   predicate: (KEY._col0 >= 5) (type: boolean)
+                  Statistics: Num rows: 110 Data size: 1168 Basic stats: COMPLETE Column stats: NONE
                   Group By Operator
                     aggregations: count(DISTINCT KEY._col1:0._col0)
                     keys: KEY._col0 (type: string)
                     mode: complete
                     outputColumnNames: _col0, _col1
+                    Statistics: Num rows: 55 Data size: 584 Basic stats: COMPLETE Column stats: NONE
                     Select Operator
                       expressions: _col0 (type: string), UDFToInteger(_col1) (type: int)
                       outputColumnNames: _col0, _col1
+                      Statistics: Num rows: 55 Data size: 584 Basic stats: COMPLETE Column stats: NONE
                       File Output Operator
                         compressed: false
+                        Statistics: Num rows: 55 Data size: 584 Basic stats: COMPLETE Column stats: NONE
                         table:
                             input format: org.apache.hadoop.mapred.TextInputFormat
                             output format: org.apache.hadoop.hive.ql.io.HiveIgnoreKeyTextOutputFormat
@@ -75,16 +84,20 @@ STAGE PLANS:
                             name: default.dest_g2
                 Filter Operator
                   predicate: (KEY._col0 < 5) (type: boolean)
+                  Statistics: Num rows: 110 Data size: 1168 Basic stats: COMPLETE Column stats: NONE
                   Group By Operator
                     aggregations: count(DISTINCT KEY._col1:0._col0), count(VALUE._col0)
                     keys: KEY._col0 (type: string)
                     mode: complete
                     outputColumnNames: _col0, _col1, _col2
+                    Statistics: Num rows: 55 Data size: 584 Basic stats: COMPLETE Column stats: NONE
                     Select Operator
                       expressions: _col0 (type: string), UDFToInteger(_col1) (type: int), UDFToInteger(_col2) (type: int)
                       outputColumnNames: _col0, _col1, _col2
+                      Statistics: Num rows: 55 Data size: 584 Basic stats: COMPLETE Column stats: NONE
                       File Output Operator
                         compressed: false
+                        Statistics: Num rows: 55 Data size: 584 Basic stats: COMPLETE Column stats: NONE
                         table:
                             input format: org.apache.hadoop.mapred.TextInputFormat
                             output format: org.apache.hadoop.hive.ql.io.HiveIgnoreKeyTextOutputFormat
diff --git a/ql/src/test/results/clientpositive/spark/groupby_multi_single_reducer3.q.out b/ql/src/test/results/clientpositive/spark/groupby_multi_single_reducer3.q.out
index de0797ce11..c4b7419006 100644
--- a/ql/src/test/results/clientpositive/spark/groupby_multi_single_reducer3.q.out
+++ b/ql/src/test/results/clientpositive/spark/groupby_multi_single_reducer3.q.out
@@ -57,31 +57,40 @@ STAGE PLANS:
             Map Operator Tree:
                 TableScan
                   alias: src
+                  Statistics: Num rows: 500 Data size: 5312 Basic stats: COMPLETE Column stats: NONE
                   Filter Operator
                     predicate: (((value) IN ('val_100', 'val_200', 'val_300') and (key) IN (100, 150, 200)) or ((value) IN ('val_400', 'val_500') and (key) IN (400, 450))) (type: boolean)
+                    Statistics: Num rows: 250 Data size: 2656 Basic stats: COMPLETE Column stats: NONE
                     Select Operator
                       expressions: key (type: string), value (type: string)
                       outputColumnNames: key, value
+                      Statistics: Num rows: 250 Data size: 2656 Basic stats: COMPLETE Column stats: NONE
                       Reduce Output Operator
                         key expressions: key (type: string)
                         sort order: +
                         Map-reduce partition columns: key (type: string)
+                        Statistics: Num rows: 250 Data size: 2656 Basic stats: COMPLETE Column stats: NONE
                         value expressions: value (type: string)
         Reducer 2 
             Reduce Operator Tree:
               Forward
+                Statistics: Num rows: 250 Data size: 2656 Basic stats: COMPLETE Column stats: NONE
                 Filter Operator
                   predicate: ((VALUE._col0) IN ('val_100', 'val_200', 'val_300') and (KEY._col0) IN (100, 150, 200)) (type: boolean)
+                  Statistics: Num rows: 62 Data size: 658 Basic stats: COMPLETE Column stats: NONE
                   Group By Operator
                     aggregations: count()
                     keys: KEY._col0 (type: string)
                     mode: complete
                     outputColumnNames: _col0, _col1
+                    Statistics: Num rows: 31 Data size: 329 Basic stats: COMPLETE Column stats: NONE
                     Select Operator
                       expressions: _col0 (type: string), UDFToInteger(_col1) (type: int)
                       outputColumnNames: _col0, _col1
+                      Statistics: Num rows: 31 Data size: 329 Basic stats: COMPLETE Column stats: NONE
                       File Output Operator
                         compressed: false
+                        Statistics: Num rows: 31 Data size: 329 Basic stats: COMPLETE Column stats: NONE
                         table:
                             input format: org.apache.hadoop.mapred.TextInputFormat
                             output format: org.apache.hadoop.hive.ql.io.HiveIgnoreKeyTextOutputFormat
@@ -89,16 +98,20 @@ STAGE PLANS:
                             name: default.e1
                 Filter Operator
                   predicate: ((VALUE._col0) IN ('val_400', 'val_500') and (KEY._col0) IN (400, 450)) (type: boolean)
+                  Statistics: Num rows: 62 Data size: 658 Basic stats: COMPLETE Column stats: NONE
                   Group By Operator
                     aggregations: count()
                     keys: KEY._col0 (type: string)
                     mode: complete
                     outputColumnNames: _col0, _col1
+                    Statistics: Num rows: 31 Data size: 329 Basic stats: COMPLETE Column stats: NONE
                     Select Operator
                       expressions: _col0 (type: string), UDFToInteger(_col1) (type: int)
                       outputColumnNames: _col0, _col1
+                      Statistics: Num rows: 31 Data size: 329 Basic stats: COMPLETE Column stats: NONE
                       File Output Operator
                         compressed: false
+                        Statistics: Num rows: 31 Data size: 329 Basic stats: COMPLETE Column stats: NONE
                         table:
                             input format: org.apache.hadoop.mapred.TextInputFormat
                             output format: org.apache.hadoop.hive.ql.io.HiveIgnoreKeyTextOutputFormat
@@ -226,31 +239,40 @@ STAGE PLANS:
             Map Operator Tree:
                 TableScan
                   alias: src
+                  Statistics: Num rows: 500 Data size: 5312 Basic stats: COMPLETE Column stats: NONE
                   Filter Operator
                     predicate: (((((key + key) = 200) or ((key - 100) = 100)) or ((key = 300) and value is not null)) or (((key + key) = 400) or (((key - 100) = 500) and value is not null))) (type: boolean)
+                    Statistics: Num rows: 500 Data size: 5312 Basic stats: COMPLETE Column stats: NONE
                     Select Operator
                       expressions: key (type: string), value (type: string)
                       outputColumnNames: key, value
+                      Statistics: Num rows: 500 Data size: 5312 Basic stats: COMPLETE Column stats: NONE
                       Reduce Output Operator
                         key expressions: value (type: string)
                         sort order: +
                         Map-reduce partition columns: value (type: string)
+                        Statistics: Num rows: 500 Data size: 5312 Basic stats: COMPLETE Column stats: NONE
                         value expressions: key (type: string)
         Reducer 2 
             Reduce Operator Tree:
               Forward
+                Statistics: Num rows: 500 Data size: 5312 Basic stats: COMPLETE Column stats: NONE
                 Filter Operator
                   predicate: ((((VALUE._col0 + VALUE._col0) = 200) or ((VALUE._col0 - 100) = 100)) or ((VALUE._col0 = 300) and KEY._col0 is not null)) (type: boolean)
+                  Statistics: Num rows: 500 Data size: 5312 Basic stats: COMPLETE Column stats: NONE
                   Group By Operator
                     aggregations: count()
                     keys: KEY._col0 (type: string)
                     mode: complete
                     outputColumnNames: _col0, _col1
+                    Statistics: Num rows: 250 Data size: 2656 Basic stats: COMPLETE Column stats: NONE
                     Select Operator
                       expressions: _col0 (type: string), UDFToInteger(_col1) (type: int)
                       outputColumnNames: _col0, _col1
+                      Statistics: Num rows: 250 Data size: 2656 Basic stats: COMPLETE Column stats: NONE
                       File Output Operator
                         compressed: false
+                        Statistics: Num rows: 250 Data size: 2656 Basic stats: COMPLETE Column stats: NONE
                         table:
                             input format: org.apache.hadoop.mapred.TextInputFormat
                             output format: org.apache.hadoop.hive.ql.io.HiveIgnoreKeyTextOutputFormat
@@ -258,16 +280,20 @@ STAGE PLANS:
                             name: default.e1
                 Filter Operator
                   predicate: (((VALUE._col0 + VALUE._col0) = 400) or (((VALUE._col0 - 100) = 500) and KEY._col0 is not null)) (type: boolean)
+                  Statistics: Num rows: 375 Data size: 3984 Basic stats: COMPLETE Column stats: NONE
                   Group By Operator
                     aggregations: count()
                     keys: KEY._col0 (type: string)
                     mode: complete
                     outputColumnNames: _col0, _col1
+                    Statistics: Num rows: 187 Data size: 1986 Basic stats: COMPLETE Column stats: NONE
                     Select Operator
                       expressions: _col0 (type: string), UDFToInteger(_col1) (type: int)
                       outputColumnNames: _col0, _col1
+                      Statistics: Num rows: 187 Data size: 1986 Basic stats: COMPLETE Column stats: NONE
                       File Output Operator
                         compressed: false
+                        Statistics: Num rows: 187 Data size: 1986 Basic stats: COMPLETE Column stats: NONE
                         table:
                             input format: org.apache.hadoop.mapred.TextInputFormat
                             output format: org.apache.hadoop.hive.ql.io.HiveIgnoreKeyTextOutputFormat
@@ -395,31 +421,40 @@ STAGE PLANS:
             Map Operator Tree:
                 TableScan
                   alias: src
+                  Statistics: Num rows: 500 Data size: 5312 Basic stats: COMPLETE Column stats: NONE
                   Filter Operator
                     predicate: (((value) IN ('val_100', 'val_200', 'val_300') and (key) IN (100, 150, 200)) or ((value) IN ('val_400', 'val_500') and (key) IN (400, 450))) (type: boolean)
+                    Statistics: Num rows: 250 Data size: 2656 Basic stats: COMPLETE Column stats: NONE
                     Select Operator
                       expressions: key (type: string), value (type: string)
                       outputColumnNames: key, value
+                      Statistics: Num rows: 250 Data size: 2656 Basic stats: COMPLETE Column stats: NONE
                       Reduce Output Operator
                         key expressions: key (type: string)
                         sort order: +
                         Map-reduce partition columns: key (type: string)
+                        Statistics: Num rows: 250 Data size: 2656 Basic stats: COMPLETE Column stats: NONE
                         value expressions: value (type: string)
         Reducer 2 
             Reduce Operator Tree:
               Forward
+                Statistics: Num rows: 250 Data size: 2656 Basic stats: COMPLETE Column stats: NONE
                 Filter Operator
                   predicate: ((VALUE._col0) IN ('val_100', 'val_200', 'val_300') and (KEY._col0) IN (100, 150, 200)) (type: boolean)
+                  Statistics: Num rows: 62 Data size: 658 Basic stats: COMPLETE Column stats: NONE
                   Group By Operator
                     aggregations: count()
                     keys: KEY._col0 (type: string)
                     mode: complete
                     outputColumnNames: _col0, _col1
+                    Statistics: Num rows: 31 Data size: 329 Basic stats: COMPLETE Column stats: NONE
                     Select Operator
                       expressions: _col0 (type: string), UDFToInteger(_col1) (type: int)
                       outputColumnNames: _col0, _col1
+                      Statistics: Num rows: 31 Data size: 329 Basic stats: COMPLETE Column stats: NONE
                       File Output Operator
                         compressed: false
+                        Statistics: Num rows: 31 Data size: 329 Basic stats: COMPLETE Column stats: NONE
                         table:
                             input format: org.apache.hadoop.mapred.TextInputFormat
                             output format: org.apache.hadoop.hive.ql.io.HiveIgnoreKeyTextOutputFormat
@@ -427,16 +462,20 @@ STAGE PLANS:
                             name: default.e1
                 Filter Operator
                   predicate: ((VALUE._col0) IN ('val_400', 'val_500') and (KEY._col0) IN (400, 450)) (type: boolean)
+                  Statistics: Num rows: 62 Data size: 658 Basic stats: COMPLETE Column stats: NONE
                   Group By Operator
                     aggregations: count()
                     keys: KEY._col0 (type: string)
                     mode: complete
                     outputColumnNames: _col0, _col1
+                    Statistics: Num rows: 31 Data size: 329 Basic stats: COMPLETE Column stats: NONE
                     Select Operator
                       expressions: _col0 (type: string), UDFToInteger(_col1) (type: int)
                       outputColumnNames: _col0, _col1
+                      Statistics: Num rows: 31 Data size: 329 Basic stats: COMPLETE Column stats: NONE
                       File Output Operator
                         compressed: false
+                        Statistics: Num rows: 31 Data size: 329 Basic stats: COMPLETE Column stats: NONE
                         table:
                             input format: org.apache.hadoop.mapred.TextInputFormat
                             output format: org.apache.hadoop.hive.ql.io.HiveIgnoreKeyTextOutputFormat
@@ -564,31 +603,40 @@ STAGE PLANS:
             Map Operator Tree:
                 TableScan
                   alias: src
+                  Statistics: Num rows: 500 Data size: 5312 Basic stats: COMPLETE Column stats: NONE
                   Filter Operator
                     predicate: (((((key + key) = 200) or ((key - 100) = 100)) or ((key = 300) and value is not null)) or (((key + key) = 400) or (((key - 100) = 500) and value is not null))) (type: boolean)
+                    Statistics: Num rows: 500 Data size: 5312 Basic stats: COMPLETE Column stats: NONE
                     Select Operator
                       expressions: key (type: string), value (type: string)
                       outputColumnNames: key, value
+                      Statistics: Num rows: 500 Data size: 5312 Basic stats: COMPLETE Column stats: NONE
                       Reduce Output Operator
                         key expressions: value (type: string)
                         sort order: +
                         Map-reduce partition columns: value (type: string)
+                        Statistics: Num rows: 500 Data size: 5312 Basic stats: COMPLETE Column stats: NONE
                         value expressions: key (type: string)
         Reducer 2 
             Reduce Operator Tree:
               Forward
+                Statistics: Num rows: 500 Data size: 5312 Basic stats: COMPLETE Column stats: NONE
                 Filter Operator
                   predicate: ((((VALUE._col0 + VALUE._col0) = 200) or ((VALUE._col0 - 100) = 100)) or ((VALUE._col0 = 300) and KEY._col0 is not null)) (type: boolean)
+                  Statistics: Num rows: 500 Data size: 5312 Basic stats: COMPLETE Column stats: NONE
                   Group By Operator
                     aggregations: count()
                     keys: KEY._col0 (type: string)
                     mode: complete
                     outputColumnNames: _col0, _col1
+                    Statistics: Num rows: 250 Data size: 2656 Basic stats: COMPLETE Column stats: NONE
                     Select Operator
                       expressions: _col0 (type: string), UDFToInteger(_col1) (type: int)
                       outputColumnNames: _col0, _col1
+                      Statistics: Num rows: 250 Data size: 2656 Basic stats: COMPLETE Column stats: NONE
                       File Output Operator
                         compressed: false
+                        Statistics: Num rows: 250 Data size: 2656 Basic stats: COMPLETE Column stats: NONE
                         table:
                             input format: org.apache.hadoop.mapred.TextInputFormat
                             output format: org.apache.hadoop.hive.ql.io.HiveIgnoreKeyTextOutputFormat
@@ -596,16 +644,20 @@ STAGE PLANS:
                             name: default.e1
                 Filter Operator
                   predicate: (((VALUE._col0 + VALUE._col0) = 400) or (((VALUE._col0 - 100) = 500) and KEY._col0 is not null)) (type: boolean)
+                  Statistics: Num rows: 375 Data size: 3984 Basic stats: COMPLETE Column stats: NONE
                   Group By Operator
                     aggregations: count()
                     keys: KEY._col0 (type: string)
                     mode: complete
                     outputColumnNames: _col0, _col1
+                    Statistics: Num rows: 187 Data size: 1986 Basic stats: COMPLETE Column stats: NONE
                     Select Operator
                       expressions: _col0 (type: string), UDFToInteger(_col1) (type: int)
                       outputColumnNames: _col0, _col1
+                      Statistics: Num rows: 187 Data size: 1986 Basic stats: COMPLETE Column stats: NONE
                       File Output Operator
                         compressed: false
+                        Statistics: Num rows: 187 Data size: 1986 Basic stats: COMPLETE Column stats: NONE
                         table:
                             input format: org.apache.hadoop.mapred.TextInputFormat
                             output format: org.apache.hadoop.hive.ql.io.HiveIgnoreKeyTextOutputFormat
diff --git a/ql/src/test/results/clientpositive/spark/groupby_position.q.out b/ql/src/test/results/clientpositive/spark/groupby_position.q.out
index 5e68807ebe..d2529bba1d 100644
--- a/ql/src/test/results/clientpositive/spark/groupby_position.q.out
+++ b/ql/src/test/results/clientpositive/spark/groupby_position.q.out
@@ -47,6 +47,7 @@ STAGE PLANS:
             Map Operator Tree:
                 TableScan
                   alias: src
+                  Statistics: Num rows: 500 Data size: 5312 Basic stats: COMPLETE Column stats: NONE
                   File Output Operator
                     compressed: false
                     table:
@@ -65,18 +66,22 @@ STAGE PLANS:
                 TableScan
                   Filter Operator
                     predicate: (key < 20) (type: boolean)
+                    Statistics: Num rows: 166 Data size: 1763 Basic stats: COMPLETE Column stats: NONE
                     Select Operator
                       expressions: key (type: string), value (type: string)
                       outputColumnNames: key, value
+                      Statistics: Num rows: 166 Data size: 1763 Basic stats: COMPLETE Column stats: NONE
                       Group By Operator
                         aggregations: count(DISTINCT substr(value, 5))
                         keys: key (type: string), substr(value, 5) (type: string)
                         mode: hash
                         outputColumnNames: _col0, _col1, _col2
+                        Statistics: Num rows: 166 Data size: 1763 Basic stats: COMPLETE Column stats: NONE
                         Reduce Output Operator
                           key expressions: _col0 (type: string), _col1 (type: string)
                           sort order: ++
                           Map-reduce partition columns: _col0 (type: string)
+                          Statistics: Num rows: 166 Data size: 1763 Basic stats: COMPLETE Column stats: NONE
         Reducer 4 
             Reduce Operator Tree:
               Group By Operator
@@ -84,11 +89,14 @@ STAGE PLANS:
                 keys: KEY._col0 (type: string)
                 mode: mergepartial
                 outputColumnNames: _col0, _col1
+                Statistics: Num rows: 83 Data size: 881 Basic stats: COMPLETE Column stats: NONE
                 Select Operator
                   expressions: UDFToInteger(_col0) (type: int), _col1 (type: bigint)
                   outputColumnNames: _col0, _col1
+                  Statistics: Num rows: 83 Data size: 881 Basic stats: COMPLETE Column stats: NONE
                   File Output Operator
                     compressed: false
+                    Statistics: Num rows: 83 Data size: 881 Basic stats: COMPLETE Column stats: NONE
                     table:
                         input format: org.apache.hadoop.mapred.TextInputFormat
                         output format: org.apache.hadoop.hive.ql.io.HiveIgnoreKeyTextOutputFormat
@@ -135,18 +143,22 @@ STAGE PLANS:
                 TableScan
                   Filter Operator
                     predicate: (key < 20) (type: boolean)
+                    Statistics: Num rows: 166 Data size: 1763 Basic stats: COMPLETE Column stats: NONE
                     Select Operator
                       expressions: key (type: string), value (type: string)
                       outputColumnNames: key, value
+                      Statistics: Num rows: 166 Data size: 1763 Basic stats: COMPLETE Column stats: NONE
                       Group By Operator
                         aggregations: count(DISTINCT substr(value, 5))
                         keys: key (type: string), value (type: string), substr(value, 5) (type: string)
                         mode: hash
                         outputColumnNames: _col0, _col1, _col2, _col3
+                        Statistics: Num rows: 166 Data size: 1763 Basic stats: COMPLETE Column stats: NONE
                         Reduce Output Operator
                           key expressions: _col0 (type: string), _col1 (type: string), _col2 (type: string)
                           sort order: +++
                           Map-reduce partition columns: _col0 (type: string), _col1 (type: string)
+                          Statistics: Num rows: 166 Data size: 1763 Basic stats: COMPLETE Column stats: NONE
         Reducer 5 
             Reduce Operator Tree:
               Group By Operator
@@ -154,11 +166,14 @@ STAGE PLANS:
                 keys: KEY._col0 (type: string), KEY._col1 (type: string)
                 mode: mergepartial
                 outputColumnNames: _col0, _col1, _col2
+                Statistics: Num rows: 83 Data size: 881 Basic stats: COMPLETE Column stats: NONE
                 Select Operator
                   expressions: UDFToInteger(_col0) (type: int), _col1 (type: string), _col2 (type: bigint)
                   outputColumnNames: _col0, _col1, _col2
+                  Statistics: Num rows: 83 Data size: 881 Basic stats: COMPLETE Column stats: NONE
                   File Output Operator
                     compressed: false
+                    Statistics: Num rows: 83 Data size: 881 Basic stats: COMPLETE Column stats: NONE
                     table:
                         input format: org.apache.hadoop.mapred.TextInputFormat
                         output format: org.apache.hadoop.hive.ql.io.HiveIgnoreKeyTextOutputFormat
@@ -257,6 +272,7 @@ STAGE PLANS:
             Map Operator Tree:
                 TableScan
                   alias: src
+                  Statistics: Num rows: 500 Data size: 5312 Basic stats: COMPLETE Column stats: NONE
                   File Output Operator
                     compressed: false
                     table:
@@ -275,18 +291,22 @@ STAGE PLANS:
                 TableScan
                   Filter Operator
                     predicate: (key < 20) (type: boolean)
+                    Statistics: Num rows: 166 Data size: 1763 Basic stats: COMPLETE Column stats: NONE
                     Select Operator
                       expressions: key (type: string), value (type: string)
                       outputColumnNames: key, value
+                      Statistics: Num rows: 166 Data size: 1763 Basic stats: COMPLETE Column stats: NONE
                       Group By Operator
                         aggregations: count(DISTINCT substr(value, 5))
                         keys: key (type: string), substr(value, 5) (type: string)
                         mode: hash
                         outputColumnNames: _col0, _col1, _col2
+                        Statistics: Num rows: 166 Data size: 1763 Basic stats: COMPLETE Column stats: NONE
                         Reduce Output Operator
                           key expressions: _col0 (type: string), _col1 (type: string)
                           sort order: ++
                           Map-reduce partition columns: _col0 (type: string)
+                          Statistics: Num rows: 166 Data size: 1763 Basic stats: COMPLETE Column stats: NONE
         Reducer 4 
             Reduce Operator Tree:
               Group By Operator
@@ -294,11 +314,14 @@ STAGE PLANS:
                 keys: KEY._col0 (type: string)
                 mode: mergepartial
                 outputColumnNames: _col0, _col1
+                Statistics: Num rows: 83 Data size: 881 Basic stats: COMPLETE Column stats: NONE
                 Select Operator
                   expressions: UDFToInteger(_col0) (type: int), _col1 (type: bigint)
                   outputColumnNames: _col0, _col1
+                  Statistics: Num rows: 83 Data size: 881 Basic stats: COMPLETE Column stats: NONE
                   File Output Operator
                     compressed: false
+                    Statistics: Num rows: 83 Data size: 881 Basic stats: COMPLETE Column stats: NONE
                     table:
                         input format: org.apache.hadoop.mapred.TextInputFormat
                         output format: org.apache.hadoop.hive.ql.io.HiveIgnoreKeyTextOutputFormat
@@ -345,18 +368,22 @@ STAGE PLANS:
                 TableScan
                   Filter Operator
                     predicate: (key < 20) (type: boolean)
+                    Statistics: Num rows: 166 Data size: 1763 Basic stats: COMPLETE Column stats: NONE
                     Select Operator
                       expressions: value (type: string), key (type: string)
                       outputColumnNames: value, key
+                      Statistics: Num rows: 166 Data size: 1763 Basic stats: COMPLETE Column stats: NONE
                       Group By Operator
                         aggregations: count(DISTINCT substr(value, 5))
                         keys: value (type: string), key (type: string), substr(value, 5) (type: string)
                         mode: hash
                         outputColumnNames: _col0, _col1, _col2, _col3
+                        Statistics: Num rows: 166 Data size: 1763 Basic stats: COMPLETE Column stats: NONE
                         Reduce Output Operator
                           key expressions: _col0 (type: string), _col1 (type: string), _col2 (type: string)
                           sort order: +++
                           Map-reduce partition columns: _col0 (type: string), _col1 (type: string)
+                          Statistics: Num rows: 166 Data size: 1763 Basic stats: COMPLETE Column stats: NONE
         Reducer 5 
             Reduce Operator Tree:
               Group By Operator
@@ -364,11 +391,14 @@ STAGE PLANS:
                 keys: KEY._col0 (type: string), KEY._col1 (type: string)
                 mode: mergepartial
                 outputColumnNames: _col0, _col1, _col2
+                Statistics: Num rows: 83 Data size: 881 Basic stats: COMPLETE Column stats: NONE
                 Select Operator
                   expressions: UDFToInteger(_col1) (type: int), _col0 (type: string), _col2 (type: bigint)
                   outputColumnNames: _col0, _col1, _col2
+                  Statistics: Num rows: 83 Data size: 881 Basic stats: COMPLETE Column stats: NONE
                   File Output Operator
                     compressed: false
+                    Statistics: Num rows: 83 Data size: 881 Basic stats: COMPLETE Column stats: NONE
                     table:
                         input format: org.apache.hadoop.mapred.TextInputFormat
                         output format: org.apache.hadoop.hive.ql.io.HiveIgnoreKeyTextOutputFormat
@@ -468,20 +498,25 @@ STAGE PLANS:
             Map Operator Tree:
                 TableScan
                   alias: b
+                  Statistics: Num rows: 500 Data size: 5312 Basic stats: COMPLETE Column stats: NONE
                   Filter Operator
                     predicate: (key <= 20) (type: boolean)
+                    Statistics: Num rows: 166 Data size: 1763 Basic stats: COMPLETE Column stats: NONE
                     Select Operator
                       expressions: key (type: string)
                       outputColumnNames: key
+                      Statistics: Num rows: 166 Data size: 1763 Basic stats: COMPLETE Column stats: NONE
                       Group By Operator
                         aggregations: count(1)
                         keys: key (type: string)
                         mode: hash
                         outputColumnNames: _col0, _col1
+                        Statistics: Num rows: 166 Data size: 1763 Basic stats: COMPLETE Column stats: NONE
                         Reduce Output Operator
                           key expressions: _col0 (type: string)
                           sort order: +
                           Map-reduce partition columns: _col0 (type: string)
+                          Statistics: Num rows: 166 Data size: 1763 Basic stats: COMPLETE Column stats: NONE
                           value expressions: _col1 (type: bigint)
         Reducer 2 
             Reduce Operator Tree:
@@ -490,19 +525,24 @@ STAGE PLANS:
                 keys: KEY._col0 (type: string)
                 mode: mergepartial
                 outputColumnNames: _col0, _col1
+                Statistics: Num rows: 83 Data size: 881 Basic stats: COMPLETE Column stats: NONE
                 Select Operator
                   expressions: _col0 (type: string), _col1 (type: bigint)
                   outputColumnNames: _col0, _col1
+                  Statistics: Num rows: 83 Data size: 881 Basic stats: COMPLETE Column stats: NONE
                   Reduce Output Operator
                     key expressions: _col1 (type: bigint), _col0 (type: string)
                     sort order: -+
+                    Statistics: Num rows: 83 Data size: 881 Basic stats: COMPLETE Column stats: NONE
         Reducer 3 
             Reduce Operator Tree:
               Select Operator
                 expressions: KEY.reducesinkkey1 (type: string), KEY.reducesinkkey0 (type: bigint)
                 outputColumnNames: _col0, _col1
+                Statistics: Num rows: 83 Data size: 881 Basic stats: COMPLETE Column stats: NONE
                 File Output Operator
                   compressed: false
+                  Statistics: Num rows: 83 Data size: 881 Basic stats: COMPLETE Column stats: NONE
                   table:
                       input format: org.apache.hadoop.mapred.TextInputFormat
                       output format: org.apache.hadoop.hive.ql.io.HiveIgnoreKeyTextOutputFormat
@@ -590,37 +630,47 @@ STAGE PLANS:
             Map Operator Tree:
                 TableScan
                   alias: src1
+                  Statistics: Num rows: 500 Data size: 5312 Basic stats: COMPLETE Column stats: NONE
                   Filter Operator
                     predicate: (((key > 10) and (key < 20)) and key is not null) (type: boolean)
+                    Statistics: Num rows: 28 Data size: 297 Basic stats: COMPLETE Column stats: NONE
                     Select Operator
                       expressions: key (type: string), value (type: string)
                       outputColumnNames: key, value
+                      Statistics: Num rows: 28 Data size: 297 Basic stats: COMPLETE Column stats: NONE
                       Group By Operator
                         aggregations: count(DISTINCT substr(value, 5))
                         keys: key (type: string), value (type: string), substr(value, 5) (type: string)
                         mode: hash
                         outputColumnNames: _col0, _col1, _col2, _col3
+                        Statistics: Num rows: 28 Data size: 297 Basic stats: COMPLETE Column stats: NONE
                         Reduce Output Operator
                           key expressions: _col0 (type: string), _col1 (type: string), _col2 (type: string)
                           sort order: +++
                           Map-reduce partition columns: _col0 (type: string), _col1 (type: string)
+                          Statistics: Num rows: 28 Data size: 297 Basic stats: COMPLETE Column stats: NONE
         Map 5 
             Map Operator Tree:
                 TableScan
                   alias: src2
+                  Statistics: Num rows: 500 Data size: 5312 Basic stats: COMPLETE Column stats: NONE
                   Filter Operator
                     predicate: (((key > 15) and (key < 25)) and key is not null) (type: boolean)
+                    Statistics: Num rows: 28 Data size: 297 Basic stats: COMPLETE Column stats: NONE
                     Select Operator
                       expressions: key (type: string), value (type: string)
                       outputColumnNames: key, value
+                      Statistics: Num rows: 28 Data size: 297 Basic stats: COMPLETE Column stats: NONE
                       Group By Operator
                         keys: key (type: string), value (type: string)
                         mode: hash
                         outputColumnNames: _col0, _col1
+                        Statistics: Num rows: 28 Data size: 297 Basic stats: COMPLETE Column stats: NONE
                         Reduce Output Operator
                           key expressions: _col0 (type: string), _col1 (type: string)
                           sort order: ++
                           Map-reduce partition columns: _col0 (type: string), _col1 (type: string)
+                          Statistics: Num rows: 28 Data size: 297 Basic stats: COMPLETE Column stats: NONE
         Reducer 2 
             Reduce Operator Tree:
               Group By Operator
@@ -628,13 +678,16 @@ STAGE PLANS:
                 keys: KEY._col0 (type: string), KEY._col1 (type: string)
                 mode: mergepartial
                 outputColumnNames: _col0, _col1, _col2
+                Statistics: Num rows: 14 Data size: 148 Basic stats: COMPLETE Column stats: NONE
                 Select Operator
                   expressions: _col0 (type: string), _col1 (type: string)
                   outputColumnNames: _col0, _col1
+                  Statistics: Num rows: 14 Data size: 148 Basic stats: COMPLETE Column stats: NONE
                   Reduce Output Operator
                     key expressions: _col0 (type: string)
                     sort order: +
                     Map-reduce partition columns: _col0 (type: string)
+                    Statistics: Num rows: 14 Data size: 148 Basic stats: COMPLETE Column stats: NONE
                     value expressions: _col1 (type: string)
         Reducer 3 
             Reduce Operator Tree:
@@ -645,19 +698,24 @@ STAGE PLANS:
                   0 {KEY.reducesinkkey0} {VALUE._col0}
                   1 {KEY.reducesinkkey0} {VALUE._col0}
                 outputColumnNames: _col0, _col1, _col3, _col4
+                Statistics: Num rows: 15 Data size: 162 Basic stats: COMPLETE Column stats: NONE
                 Select Operator
                   expressions: _col0 (type: string), _col1 (type: string), _col3 (type: string), _col4 (type: string)
                   outputColumnNames: _col0, _col1, _col2, _col3
+                  Statistics: Num rows: 15 Data size: 162 Basic stats: COMPLETE Column stats: NONE
                   Reduce Output Operator
                     key expressions: _col0 (type: string), _col1 (type: string), _col2 (type: string), _col3 (type: string)
                     sort order: --++
+                    Statistics: Num rows: 15 Data size: 162 Basic stats: COMPLETE Column stats: NONE
         Reducer 4 
             Reduce Operator Tree:
               Select Operator
                 expressions: KEY.reducesinkkey0 (type: string), KEY.reducesinkkey1 (type: string), KEY.reducesinkkey2 (type: string), KEY.reducesinkkey3 (type: string)
                 outputColumnNames: _col0, _col1, _col2, _col3
+                Statistics: Num rows: 15 Data size: 162 Basic stats: COMPLETE Column stats: NONE
                 File Output Operator
                   compressed: false
+                  Statistics: Num rows: 15 Data size: 162 Basic stats: COMPLETE Column stats: NONE
                   table:
                       input format: org.apache.hadoop.mapred.TextInputFormat
                       output format: org.apache.hadoop.hive.ql.io.HiveIgnoreKeyTextOutputFormat
@@ -668,13 +726,16 @@ STAGE PLANS:
                 keys: KEY._col0 (type: string), KEY._col1 (type: string)
                 mode: mergepartial
                 outputColumnNames: _col0, _col1
+                Statistics: Num rows: 14 Data size: 148 Basic stats: COMPLETE Column stats: NONE
                 Select Operator
                   expressions: _col0 (type: string), _col1 (type: string)
                   outputColumnNames: _col0, _col1
+                  Statistics: Num rows: 14 Data size: 148 Basic stats: COMPLETE Column stats: NONE
                   Reduce Output Operator
                     key expressions: _col0 (type: string)
                     sort order: +
                     Map-reduce partition columns: _col0 (type: string)
+                    Statistics: Num rows: 14 Data size: 148 Basic stats: COMPLETE Column stats: NONE
                     value expressions: _col1 (type: string)
 
   Stage: Stage-0
diff --git a/ql/src/test/results/clientpositive/spark/groupby_ppr.q.out b/ql/src/test/results/clientpositive/spark/groupby_ppr.q.out
index b09dfe2498..860aa5824f 100644
--- a/ql/src/test/results/clientpositive/spark/groupby_ppr.q.out
+++ b/ql/src/test/results/clientpositive/spark/groupby_ppr.q.out
@@ -108,14 +108,17 @@ STAGE PLANS:
             Map Operator Tree:
                 TableScan
                   alias: src
+                  Statistics: Num rows: 1000 Data size: 10624 Basic stats: COMPLETE Column stats: NONE
                   GatherStats: false
                   Select Operator
                     expressions: key (type: string), value (type: string)
                     outputColumnNames: key, value
+                    Statistics: Num rows: 1000 Data size: 10624 Basic stats: COMPLETE Column stats: NONE
                     Reduce Output Operator
                       key expressions: substr(key, 1, 1) (type: string), substr(value, 5) (type: string)
                       sort order: ++
                       Map-reduce partition columns: substr(key, 1, 1) (type: string)
+                      Statistics: Num rows: 1000 Data size: 10624 Basic stats: COMPLETE Column stats: NONE
                       tag: -1
                       auto parallelism: true
             Path -> Alias:
@@ -224,14 +227,17 @@ STAGE PLANS:
                 keys: KEY._col0 (type: string)
                 mode: complete
                 outputColumnNames: _col0, _col1, _col2
+                Statistics: Num rows: 500 Data size: 5312 Basic stats: COMPLETE Column stats: NONE
                 Select Operator
                   expressions: _col0 (type: string), UDFToInteger(_col1) (type: int), concat(_col0, _col2) (type: string)
                   outputColumnNames: _col0, _col1, _col2
+                  Statistics: Num rows: 500 Data size: 5312 Basic stats: COMPLETE Column stats: NONE
                   File Output Operator
                     compressed: false
                     GlobalTableId: 1
 #### A masked pattern was here ####
                     NumFilesPerFileSink: 1
+                    Statistics: Num rows: 500 Data size: 5312 Basic stats: COMPLETE Column stats: NONE
 #### A masked pattern was here ####
                     table:
                         input format: org.apache.hadoop.mapred.TextInputFormat
diff --git a/ql/src/test/results/clientpositive/spark/groupby_rollup1.q.out b/ql/src/test/results/clientpositive/spark/groupby_rollup1.q.out
index 4259412b3f..7fa6130bcc 100644
--- a/ql/src/test/results/clientpositive/spark/groupby_rollup1.q.out
+++ b/ql/src/test/results/clientpositive/spark/groupby_rollup1.q.out
@@ -39,18 +39,22 @@ STAGE PLANS:
             Map Operator Tree:
                 TableScan
                   alias: t1
+                  Statistics: Num rows: 0 Data size: 30 Basic stats: PARTIAL Column stats: NONE
                   Select Operator
                     expressions: key (type: string), val (type: string)
                     outputColumnNames: key, val
+                    Statistics: Num rows: 0 Data size: 30 Basic stats: PARTIAL Column stats: NONE
                     Group By Operator
                       aggregations: count(1)
                       keys: key (type: string), val (type: string), '0' (type: string)
                       mode: hash
                       outputColumnNames: _col0, _col1, _col2, _col3
+                      Statistics: Num rows: 0 Data size: 0 Basic stats: NONE Column stats: NONE
                       Reduce Output Operator
                         key expressions: _col0 (type: string), _col1 (type: string), _col2 (type: string)
                         sort order: +++
                         Map-reduce partition columns: _col0 (type: string), _col1 (type: string), _col2 (type: string)
+                        Statistics: Num rows: 0 Data size: 0 Basic stats: NONE Column stats: NONE
                         value expressions: _col3 (type: bigint)
         Reducer 2 
             Reduce Operator Tree:
@@ -59,11 +63,14 @@ STAGE PLANS:
                 keys: KEY._col0 (type: string), KEY._col1 (type: string), KEY._col2 (type: string)
                 mode: mergepartial
                 outputColumnNames: _col0, _col1, _col2, _col3
+                Statistics: Num rows: 0 Data size: 0 Basic stats: NONE Column stats: NONE
                 Select Operator
                   expressions: _col0 (type: string), _col1 (type: string), _col3 (type: bigint)
                   outputColumnNames: _col0, _col1, _col2
+                  Statistics: Num rows: 0 Data size: 0 Basic stats: NONE Column stats: NONE
                   File Output Operator
                     compressed: false
+                    Statistics: Num rows: 0 Data size: 0 Basic stats: NONE Column stats: NONE
                     table:
                         input format: org.apache.hadoop.mapred.TextInputFormat
                         output format: org.apache.hadoop.hive.ql.io.HiveIgnoreKeyTextOutputFormat
@@ -116,18 +123,22 @@ STAGE PLANS:
             Map Operator Tree:
                 TableScan
                   alias: t1
+                  Statistics: Num rows: 0 Data size: 30 Basic stats: PARTIAL Column stats: NONE
                   Select Operator
                     expressions: key (type: string), val (type: string)
                     outputColumnNames: key, val
+                    Statistics: Num rows: 0 Data size: 30 Basic stats: PARTIAL Column stats: NONE
                     Group By Operator
                       aggregations: count(DISTINCT val)
                       keys: key (type: string), '0' (type: string), val (type: string)
                       mode: hash
                       outputColumnNames: _col0, _col1, _col2, _col3
+                      Statistics: Num rows: 0 Data size: 0 Basic stats: NONE Column stats: NONE
                       Reduce Output Operator
                         key expressions: _col0 (type: string), _col1 (type: string), _col2 (type: string)
                         sort order: +++
                         Map-reduce partition columns: _col0 (type: string), _col1 (type: string)
+                        Statistics: Num rows: 0 Data size: 0 Basic stats: NONE Column stats: NONE
         Reducer 2 
             Reduce Operator Tree:
               Group By Operator
@@ -135,11 +146,14 @@ STAGE PLANS:
                 keys: KEY._col0 (type: string), KEY._col1 (type: string)
                 mode: mergepartial
                 outputColumnNames: _col0, _col1, _col2
+                Statistics: Num rows: 0 Data size: 0 Basic stats: NONE Column stats: NONE
                 Select Operator
                   expressions: _col0 (type: string), _col2 (type: bigint)
                   outputColumnNames: _col0, _col1
+                  Statistics: Num rows: 0 Data size: 0 Basic stats: NONE Column stats: NONE
                   File Output Operator
                     compressed: false
+                    Statistics: Num rows: 0 Data size: 0 Basic stats: NONE Column stats: NONE
                     table:
                         input format: org.apache.hadoop.mapred.TextInputFormat
                         output format: org.apache.hadoop.hive.ql.io.HiveIgnoreKeyTextOutputFormat
@@ -187,18 +201,22 @@ STAGE PLANS:
             Map Operator Tree:
                 TableScan
                   alias: t1
+                  Statistics: Num rows: 0 Data size: 30 Basic stats: PARTIAL Column stats: NONE
                   Select Operator
                     expressions: key (type: string), val (type: string)
                     outputColumnNames: key, val
+                    Statistics: Num rows: 0 Data size: 30 Basic stats: PARTIAL Column stats: NONE
                     Group By Operator
                       aggregations: count(1)
                       keys: key (type: string), val (type: string), '0' (type: string)
                       mode: hash
                       outputColumnNames: _col0, _col1, _col2, _col3
+                      Statistics: Num rows: 0 Data size: 0 Basic stats: NONE Column stats: NONE
                       Reduce Output Operator
                         key expressions: _col0 (type: string), _col1 (type: string), _col2 (type: string)
                         sort order: +++
                         Map-reduce partition columns: rand() (type: double)
+                        Statistics: Num rows: 0 Data size: 0 Basic stats: NONE Column stats: NONE
                         value expressions: _col3 (type: bigint)
         Reducer 2 
             Reduce Operator Tree:
@@ -207,10 +225,12 @@ STAGE PLANS:
                 keys: KEY._col0 (type: string), KEY._col1 (type: string), KEY._col2 (type: string)
                 mode: partials
                 outputColumnNames: _col0, _col1, _col2, _col3
+                Statistics: Num rows: 0 Data size: 0 Basic stats: NONE Column stats: NONE
                 Reduce Output Operator
                   key expressions: _col0 (type: string), _col1 (type: string), _col2 (type: string)
                   sort order: +++
                   Map-reduce partition columns: _col0 (type: string), _col1 (type: string)
+                  Statistics: Num rows: 0 Data size: 0 Basic stats: NONE Column stats: NONE
                   value expressions: _col3 (type: bigint)
         Reducer 3 
             Reduce Operator Tree:
@@ -219,11 +239,14 @@ STAGE PLANS:
                 keys: KEY._col0 (type: string), KEY._col1 (type: string), KEY._col2 (type: string)
                 mode: final
                 outputColumnNames: _col0, _col1, _col2, _col3
+                Statistics: Num rows: 0 Data size: 0 Basic stats: NONE Column stats: NONE
                 Select Operator
                   expressions: _col0 (type: string), _col1 (type: string), _col3 (type: bigint)
                   outputColumnNames: _col0, _col1, _col2
+                  Statistics: Num rows: 0 Data size: 0 Basic stats: NONE Column stats: NONE
                   File Output Operator
                     compressed: false
+                    Statistics: Num rows: 0 Data size: 0 Basic stats: NONE Column stats: NONE
                     table:
                         input format: org.apache.hadoop.mapred.TextInputFormat
                         output format: org.apache.hadoop.hive.ql.io.HiveIgnoreKeyTextOutputFormat
@@ -276,18 +299,22 @@ STAGE PLANS:
             Map Operator Tree:
                 TableScan
                   alias: t1
+                  Statistics: Num rows: 0 Data size: 30 Basic stats: PARTIAL Column stats: NONE
                   Select Operator
                     expressions: key (type: string), val (type: string)
                     outputColumnNames: key, val
+                    Statistics: Num rows: 0 Data size: 30 Basic stats: PARTIAL Column stats: NONE
                     Group By Operator
                       aggregations: count(DISTINCT val)
                       keys: key (type: string), '0' (type: string), val (type: string)
                       mode: hash
                       outputColumnNames: _col0, _col1, _col2, _col3
+                      Statistics: Num rows: 0 Data size: 0 Basic stats: NONE Column stats: NONE
                       Reduce Output Operator
                         key expressions: _col0 (type: string), _col1 (type: string), _col2 (type: string)
                         sort order: +++
                         Map-reduce partition columns: _col0 (type: string)
+                        Statistics: Num rows: 0 Data size: 0 Basic stats: NONE Column stats: NONE
         Reducer 2 
             Reduce Operator Tree:
               Group By Operator
@@ -295,11 +322,14 @@ STAGE PLANS:
                 keys: KEY._col0 (type: string), KEY._col1 (type: string)
                 mode: complete
                 outputColumnNames: _col0, _col1, _col2
+                Statistics: Num rows: 0 Data size: 0 Basic stats: NONE Column stats: NONE
                 Select Operator
                   expressions: _col0 (type: string), _col2 (type: bigint)
                   outputColumnNames: _col0, _col1
+                  Statistics: Num rows: 0 Data size: 0 Basic stats: NONE Column stats: NONE
                   File Output Operator
                     compressed: false
+                    Statistics: Num rows: 0 Data size: 0 Basic stats: NONE Column stats: NONE
                     table:
                         input format: org.apache.hadoop.mapred.TextInputFormat
                         output format: org.apache.hadoop.hive.ql.io.HiveIgnoreKeyTextOutputFormat
@@ -370,6 +400,7 @@ STAGE PLANS:
             Map Operator Tree:
                 TableScan
                   alias: t1
+                  Statistics: Num rows: 0 Data size: 30 Basic stats: PARTIAL Column stats: NONE
                   File Output Operator
                     compressed: false
                     table:
@@ -390,15 +421,18 @@ STAGE PLANS:
                   Select Operator
                     expressions: key (type: string), val (type: string)
                     outputColumnNames: key, val
+                    Statistics: Num rows: 0 Data size: 30 Basic stats: PARTIAL Column stats: NONE
                     Group By Operator
                       aggregations: count(1)
                       keys: key (type: string), val (type: string), '0' (type: string)
                       mode: hash
                       outputColumnNames: _col0, _col1, _col2, _col3
+                      Statistics: Num rows: 0 Data size: 0 Basic stats: NONE Column stats: NONE
                       Reduce Output Operator
                         key expressions: _col0 (type: string), _col1 (type: string), _col2 (type: string)
                         sort order: +++
                         Map-reduce partition columns: rand() (type: double)
+                        Statistics: Num rows: 0 Data size: 0 Basic stats: NONE Column stats: NONE
                         value expressions: _col3 (type: bigint)
         Reducer 4 
             Reduce Operator Tree:
@@ -407,10 +441,12 @@ STAGE PLANS:
                 keys: KEY._col0 (type: string), KEY._col1 (type: string), KEY._col2 (type: string)
                 mode: partials
                 outputColumnNames: _col0, _col1, _col2, _col3
+                Statistics: Num rows: 0 Data size: 0 Basic stats: NONE Column stats: NONE
                 Reduce Output Operator
                   key expressions: _col0 (type: string), _col1 (type: string), _col2 (type: string)
                   sort order: +++
                   Map-reduce partition columns: _col0 (type: string), _col1 (type: string)
+                  Statistics: Num rows: 0 Data size: 0 Basic stats: NONE Column stats: NONE
                   value expressions: _col3 (type: bigint)
         Reducer 5 
             Reduce Operator Tree:
@@ -419,11 +455,14 @@ STAGE PLANS:
                 keys: KEY._col0 (type: string), KEY._col1 (type: string), KEY._col2 (type: string)
                 mode: final
                 outputColumnNames: _col0, _col1, _col2, _col3
+                Statistics: Num rows: 0 Data size: 0 Basic stats: NONE Column stats: NONE
                 Select Operator
                   expressions: _col0 (type: string), _col1 (type: string), UDFToInteger(_col3) (type: int)
                   outputColumnNames: _col0, _col1, _col2
+                  Statistics: Num rows: 0 Data size: 0 Basic stats: NONE Column stats: NONE
                   File Output Operator
                     compressed: false
+                    Statistics: Num rows: 0 Data size: 0 Basic stats: NONE Column stats: NONE
                     table:
                         input format: org.apache.hadoop.mapred.TextInputFormat
                         output format: org.apache.hadoop.hive.ql.io.HiveIgnoreKeyTextOutputFormat
@@ -472,15 +511,18 @@ STAGE PLANS:
                   Select Operator
                     expressions: key (type: string), val (type: string)
                     outputColumnNames: key, val
+                    Statistics: Num rows: 0 Data size: 30 Basic stats: PARTIAL Column stats: NONE
                     Group By Operator
                       aggregations: sum(1)
                       keys: key (type: string), val (type: string), '0' (type: string)
                       mode: hash
                       outputColumnNames: _col0, _col1, _col2, _col3
+                      Statistics: Num rows: 0 Data size: 0 Basic stats: NONE Column stats: NONE
                       Reduce Output Operator
                         key expressions: _col0 (type: string), _col1 (type: string), _col2 (type: string)
                         sort order: +++
                         Map-reduce partition columns: rand() (type: double)
+                        Statistics: Num rows: 0 Data size: 0 Basic stats: NONE Column stats: NONE
                         value expressions: _col3 (type: bigint)
         Reducer 6 
             Reduce Operator Tree:
@@ -489,10 +531,12 @@ STAGE PLANS:
                 keys: KEY._col0 (type: string), KEY._col1 (type: string), KEY._col2 (type: string)
                 mode: partials
                 outputColumnNames: _col0, _col1, _col2, _col3
+                Statistics: Num rows: 0 Data size: 0 Basic stats: NONE Column stats: NONE
                 Reduce Output Operator
                   key expressions: _col0 (type: string), _col1 (type: string), _col2 (type: string)
                   sort order: +++
                   Map-reduce partition columns: _col0 (type: string), _col1 (type: string)
+                  Statistics: Num rows: 0 Data size: 0 Basic stats: NONE Column stats: NONE
                   value expressions: _col3 (type: bigint)
         Reducer 7 
             Reduce Operator Tree:
@@ -501,11 +545,14 @@ STAGE PLANS:
                 keys: KEY._col0 (type: string), KEY._col1 (type: string), KEY._col2 (type: string)
                 mode: final
                 outputColumnNames: _col0, _col1, _col2, _col3
+                Statistics: Num rows: 0 Data size: 0 Basic stats: NONE Column stats: NONE
                 Select Operator
                   expressions: _col0 (type: string), _col1 (type: string), UDFToInteger(_col3) (type: int)
                   outputColumnNames: _col0, _col1, _col2
+                  Statistics: Num rows: 0 Data size: 0 Basic stats: NONE Column stats: NONE
                   File Output Operator
                     compressed: false
+                    Statistics: Num rows: 0 Data size: 0 Basic stats: NONE Column stats: NONE
                     table:
                         input format: org.apache.hadoop.mapred.TextInputFormat
                         output format: org.apache.hadoop.hive.ql.io.HiveIgnoreKeyTextOutputFormat
diff --git a/ql/src/test/results/clientpositive/spark/groupby_sort_1_23.q.out b/ql/src/test/results/clientpositive/spark/groupby_sort_1_23.q.out
index e0e882e3f9..4a4070b475 100644
--- a/ql/src/test/results/clientpositive/spark/groupby_sort_1_23.q.out
+++ b/ql/src/test/results/clientpositive/spark/groupby_sort_1_23.q.out
@@ -95,23 +95,28 @@ STAGE PLANS:
             Map Operator Tree:
                 TableScan
                   alias: t1
+                  Statistics: Num rows: 0 Data size: 30 Basic stats: PARTIAL Column stats: NONE
                   GatherStats: false
                   Select Operator
                     expressions: key (type: string)
                     outputColumnNames: key
+                    Statistics: Num rows: 0 Data size: 30 Basic stats: PARTIAL Column stats: NONE
                     Group By Operator
                       aggregations: count(1)
                       keys: key (type: string)
                       mode: final
                       outputColumnNames: _col0, _col1
+                      Statistics: Num rows: 0 Data size: 0 Basic stats: NONE Column stats: NONE
                       Select Operator
                         expressions: UDFToInteger(_col0) (type: int), UDFToInteger(_col1) (type: int)
                         outputColumnNames: _col0, _col1
+                        Statistics: Num rows: 0 Data size: 0 Basic stats: NONE Column stats: NONE
                         File Output Operator
                           compressed: false
                           GlobalTableId: 1
 #### A masked pattern was here ####
                           NumFilesPerFileSink: 1
+                          Statistics: Num rows: 0 Data size: 0 Basic stats: NONE Column stats: NONE
 #### A masked pattern was here ####
                           table:
                               input format: org.apache.hadoop.mapred.TextInputFormat
@@ -306,19 +311,23 @@ STAGE PLANS:
             Map Operator Tree:
                 TableScan
                   alias: t1
+                  Statistics: Num rows: 0 Data size: 30 Basic stats: PARTIAL Column stats: NONE
                   GatherStats: false
                   Select Operator
                     expressions: key (type: string), val (type: string)
                     outputColumnNames: key, val
+                    Statistics: Num rows: 0 Data size: 30 Basic stats: PARTIAL Column stats: NONE
                     Group By Operator
                       aggregations: count(1)
                       keys: key (type: string), val (type: string)
                       mode: hash
                       outputColumnNames: _col0, _col1, _col2
+                      Statistics: Num rows: 0 Data size: 0 Basic stats: NONE Column stats: NONE
                       Reduce Output Operator
                         key expressions: _col0 (type: string), _col1 (type: string)
                         sort order: ++
                         Map-reduce partition columns: _col0 (type: string), _col1 (type: string)
+                        Statistics: Num rows: 0 Data size: 0 Basic stats: NONE Column stats: NONE
                         tag: -1
                         value expressions: _col2 (type: bigint)
                         auto parallelism: true
@@ -383,14 +392,17 @@ STAGE PLANS:
                 keys: KEY._col0 (type: string), KEY._col1 (type: string)
                 mode: mergepartial
                 outputColumnNames: _col0, _col1, _col2
+                Statistics: Num rows: 0 Data size: 0 Basic stats: NONE Column stats: NONE
                 Select Operator
                   expressions: UDFToInteger(_col0) (type: int), _col1 (type: string), UDFToInteger(_col2) (type: int)
                   outputColumnNames: _col0, _col1, _col2
+                  Statistics: Num rows: 0 Data size: 0 Basic stats: NONE Column stats: NONE
                   File Output Operator
                     compressed: false
                     GlobalTableId: 1
 #### A masked pattern was here ####
                     NumFilesPerFileSink: 1
+                    Statistics: Num rows: 0 Data size: 0 Basic stats: NONE Column stats: NONE
 #### A masked pattern was here ####
                     table:
                         input format: org.apache.hadoop.mapred.TextInputFormat
@@ -534,23 +546,28 @@ STAGE PLANS:
             Map Operator Tree:
                 TableScan
                   alias: t1
+                  Statistics: Num rows: 0 Data size: 30 Basic stats: PARTIAL Column stats: NONE
                   GatherStats: false
                   Select Operator
                     expressions: key (type: string)
                     outputColumnNames: _col0
+                    Statistics: Num rows: 0 Data size: 30 Basic stats: PARTIAL Column stats: NONE
                     Group By Operator
                       aggregations: count(1)
                       keys: _col0 (type: string)
                       mode: final
                       outputColumnNames: _col0, _col1
+                      Statistics: Num rows: 0 Data size: 0 Basic stats: NONE Column stats: NONE
                       Select Operator
                         expressions: UDFToInteger(_col0) (type: int), UDFToInteger(_col1) (type: int)
                         outputColumnNames: _col0, _col1
+                        Statistics: Num rows: 0 Data size: 0 Basic stats: NONE Column stats: NONE
                         File Output Operator
                           compressed: false
                           GlobalTableId: 1
 #### A masked pattern was here ####
                           NumFilesPerFileSink: 1
+                          Statistics: Num rows: 0 Data size: 0 Basic stats: NONE Column stats: NONE
 #### A masked pattern was here ####
                           table:
                               input format: org.apache.hadoop.mapred.TextInputFormat
@@ -757,23 +774,28 @@ STAGE PLANS:
             Map Operator Tree:
                 TableScan
                   alias: t1
+                  Statistics: Num rows: 0 Data size: 30 Basic stats: PARTIAL Column stats: NONE
                   GatherStats: false
                   Select Operator
                     expressions: key (type: string)
                     outputColumnNames: _col0
+                    Statistics: Num rows: 0 Data size: 30 Basic stats: PARTIAL Column stats: NONE
                     Group By Operator
                       aggregations: count(1)
                       keys: _col0 (type: string)
                       mode: final
                       outputColumnNames: _col0, _col1
+                      Statistics: Num rows: 0 Data size: 0 Basic stats: NONE Column stats: NONE
                       Select Operator
                         expressions: UDFToInteger(_col0) (type: int), UDFToInteger(_col1) (type: int)
                         outputColumnNames: _col0, _col1
+                        Statistics: Num rows: 0 Data size: 0 Basic stats: NONE Column stats: NONE
                         File Output Operator
                           compressed: false
                           GlobalTableId: 1
 #### A masked pattern was here ####
                           NumFilesPerFileSink: 1
+                          Statistics: Num rows: 0 Data size: 0 Basic stats: NONE Column stats: NONE
 #### A masked pattern was here ####
                           table:
                               input format: org.apache.hadoop.mapred.TextInputFormat
@@ -976,23 +998,28 @@ STAGE PLANS:
             Map Operator Tree:
                 TableScan
                   alias: t1
+                  Statistics: Num rows: 0 Data size: 30 Basic stats: PARTIAL Column stats: NONE
                   GatherStats: false
                   Select Operator
                     expressions: key (type: string)
                     outputColumnNames: key
+                    Statistics: Num rows: 0 Data size: 30 Basic stats: PARTIAL Column stats: NONE
                     Group By Operator
                       aggregations: count(1)
                       keys: 1 (type: int), key (type: string)
                       mode: final
                       outputColumnNames: _col0, _col1, _col2
+                      Statistics: Num rows: 0 Data size: 0 Basic stats: NONE Column stats: NONE
                       Select Operator
                         expressions: _col0 (type: int), UDFToInteger(_col1) (type: int), UDFToInteger(_col2) (type: int)
                         outputColumnNames: _col0, _col1, _col2
+                        Statistics: Num rows: 0 Data size: 0 Basic stats: NONE Column stats: NONE
                         File Output Operator
                           compressed: false
                           GlobalTableId: 1
 #### A masked pattern was here ####
                           NumFilesPerFileSink: 1
+                          Statistics: Num rows: 0 Data size: 0 Basic stats: NONE Column stats: NONE
 #### A masked pattern was here ####
                           table:
                               input format: org.apache.hadoop.mapred.TextInputFormat
@@ -1191,19 +1218,23 @@ STAGE PLANS:
             Map Operator Tree:
                 TableScan
                   alias: t1
+                  Statistics: Num rows: 0 Data size: 30 Basic stats: PARTIAL Column stats: NONE
                   GatherStats: false
                   Select Operator
                     expressions: key (type: string), val (type: string)
                     outputColumnNames: key, val
+                    Statistics: Num rows: 0 Data size: 30 Basic stats: PARTIAL Column stats: NONE
                     Group By Operator
                       aggregations: count(1)
                       keys: key (type: string), 1 (type: int), val (type: string)
                       mode: hash
                       outputColumnNames: _col0, _col1, _col2, _col3
+                      Statistics: Num rows: 0 Data size: 0 Basic stats: NONE Column stats: NONE
                       Reduce Output Operator
                         key expressions: _col0 (type: string), _col1 (type: int), _col2 (type: string)
                         sort order: +++
                         Map-reduce partition columns: _col0 (type: string), _col1 (type: int), _col2 (type: string)
+                        Statistics: Num rows: 0 Data size: 0 Basic stats: NONE Column stats: NONE
                         tag: -1
                         value expressions: _col3 (type: bigint)
                         auto parallelism: true
@@ -1268,14 +1299,17 @@ STAGE PLANS:
                 keys: KEY._col0 (type: string), KEY._col1 (type: int), KEY._col2 (type: string)
                 mode: mergepartial
                 outputColumnNames: _col0, _col1, _col2, _col3
+                Statistics: Num rows: 0 Data size: 0 Basic stats: NONE Column stats: NONE
                 Select Operator
                   expressions: UDFToInteger(_col0) (type: int), _col1 (type: int), _col2 (type: string), UDFToInteger(_col3) (type: int)
                   outputColumnNames: _col0, _col1, _col2, _col3
+                  Statistics: Num rows: 0 Data size: 0 Basic stats: NONE Column stats: NONE
                   File Output Operator
                     compressed: false
                     GlobalTableId: 1
 #### A masked pattern was here ####
                     NumFilesPerFileSink: 1
+                    Statistics: Num rows: 0 Data size: 0 Basic stats: NONE Column stats: NONE
 #### A masked pattern was here ####
                     table:
                         input format: org.apache.hadoop.mapred.TextInputFormat
@@ -1416,19 +1450,23 @@ STAGE PLANS:
             Map Operator Tree:
                 TableScan
                   alias: t1
+                  Statistics: Num rows: 0 Data size: 30 Basic stats: PARTIAL Column stats: NONE
                   GatherStats: false
                   Select Operator
                     expressions: key (type: string)
                     outputColumnNames: key
+                    Statistics: Num rows: 0 Data size: 30 Basic stats: PARTIAL Column stats: NONE
                     Group By Operator
                       aggregations: count(1)
                       keys: key (type: string), (key + 1) (type: double)
                       mode: hash
                       outputColumnNames: _col0, _col1, _col2
+                      Statistics: Num rows: 0 Data size: 0 Basic stats: NONE Column stats: NONE
                       Reduce Output Operator
                         key expressions: _col0 (type: string), _col1 (type: double)
                         sort order: ++
                         Map-reduce partition columns: _col0 (type: string), _col1 (type: double)
+                        Statistics: Num rows: 0 Data size: 0 Basic stats: NONE Column stats: NONE
                         tag: -1
                         value expressions: _col2 (type: bigint)
                         auto parallelism: true
@@ -1493,14 +1531,17 @@ STAGE PLANS:
                 keys: KEY._col0 (type: string), KEY._col1 (type: double)
                 mode: mergepartial
                 outputColumnNames: _col0, _col1, _col2
+                Statistics: Num rows: 0 Data size: 0 Basic stats: NONE Column stats: NONE
                 Select Operator
                   expressions: UDFToInteger(_col0) (type: int), UDFToInteger(_col1) (type: int), UDFToInteger(_col2) (type: int)
                   outputColumnNames: _col0, _col1, _col2
+                  Statistics: Num rows: 0 Data size: 0 Basic stats: NONE Column stats: NONE
                   File Output Operator
                     compressed: false
                     GlobalTableId: 1
 #### A masked pattern was here ####
                     NumFilesPerFileSink: 1
+                    Statistics: Num rows: 0 Data size: 0 Basic stats: NONE Column stats: NONE
 #### A masked pattern was here ####
                     table:
                         input format: org.apache.hadoop.mapred.TextInputFormat
@@ -1677,27 +1718,33 @@ STAGE PLANS:
             Map Operator Tree:
                 TableScan
                   alias: t1
+                  Statistics: Num rows: 0 Data size: 30 Basic stats: PARTIAL Column stats: NONE
                   GatherStats: false
                   Select Operator
                     expressions: key (type: string)
                     outputColumnNames: key
+                    Statistics: Num rows: 0 Data size: 30 Basic stats: PARTIAL Column stats: NONE
                     Group By Operator
                       aggregations: count(1)
                       keys: key (type: string)
                       mode: final
                       outputColumnNames: _col0, _col1
+                      Statistics: Num rows: 0 Data size: 0 Basic stats: NONE Column stats: NONE
                       Select Operator
                         expressions: _col0 (type: string), _col1 (type: bigint)
                         outputColumnNames: _col0, _col1
+                        Statistics: Num rows: 0 Data size: 0 Basic stats: NONE Column stats: NONE
                         Group By Operator
                           aggregations: sum(_col1)
                           keys: (_col0 + _col0) (type: double)
                           mode: hash
                           outputColumnNames: _col0, _col1
+                          Statistics: Num rows: 0 Data size: 0 Basic stats: NONE Column stats: NONE
                           Reduce Output Operator
                             key expressions: _col0 (type: double)
                             sort order: +
                             Map-reduce partition columns: _col0 (type: double)
+                            Statistics: Num rows: 0 Data size: 0 Basic stats: NONE Column stats: NONE
                             tag: -1
                             value expressions: _col1 (type: bigint)
                             auto parallelism: true
@@ -1762,14 +1809,17 @@ STAGE PLANS:
                 keys: KEY._col0 (type: double)
                 mode: mergepartial
                 outputColumnNames: _col0, _col1
+                Statistics: Num rows: 0 Data size: 0 Basic stats: NONE Column stats: NONE
                 Select Operator
                   expressions: UDFToInteger(_col0) (type: int), UDFToInteger(_col1) (type: int)
                   outputColumnNames: _col0, _col1
+                  Statistics: Num rows: 0 Data size: 0 Basic stats: NONE Column stats: NONE
                   File Output Operator
                     compressed: false
                     GlobalTableId: 1
 #### A masked pattern was here ####
                     NumFilesPerFileSink: 1
+                    Statistics: Num rows: 0 Data size: 0 Basic stats: NONE Column stats: NONE
 #### A masked pattern was here ####
                     table:
                         input format: org.apache.hadoop.mapred.TextInputFormat
@@ -2430,19 +2480,23 @@ STAGE PLANS:
             Map Operator Tree:
                 TableScan
                   alias: t1
+                  Statistics: Num rows: 0 Data size: 30 Basic stats: PARTIAL Column stats: NONE
                   GatherStats: false
                   Select Operator
                     expressions: key (type: string)
                     outputColumnNames: key
+                    Statistics: Num rows: 0 Data size: 30 Basic stats: PARTIAL Column stats: NONE
                     Group By Operator
                       aggregations: count(1)
                       keys: (key + key) (type: double)
                       mode: hash
                       outputColumnNames: _col0, _col1
+                      Statistics: Num rows: 0 Data size: 0 Basic stats: NONE Column stats: NONE
                       Reduce Output Operator
                         key expressions: _col0 (type: double)
                         sort order: +
                         Map-reduce partition columns: _col0 (type: double)
+                        Statistics: Num rows: 0 Data size: 0 Basic stats: NONE Column stats: NONE
                         tag: -1
                         value expressions: _col1 (type: bigint)
                         auto parallelism: true
@@ -2737,25 +2791,31 @@ STAGE PLANS:
             Map Operator Tree:
                 TableScan
                   alias: t1
+                  Statistics: Num rows: 0 Data size: 30 Basic stats: PARTIAL Column stats: NONE
                   GatherStats: false
                   Filter Operator
                     isSamplingPred: false
                     predicate: key is not null (type: boolean)
+                    Statistics: Num rows: 0 Data size: 0 Basic stats: NONE Column stats: NONE
                     Select Operator
                       expressions: key (type: string)
                       outputColumnNames: key
+                      Statistics: Num rows: 0 Data size: 0 Basic stats: NONE Column stats: NONE
                       Group By Operator
                         aggregations: count(1)
                         keys: key (type: string)
                         mode: final
                         outputColumnNames: _col0, _col1
+                        Statistics: Num rows: 0 Data size: 0 Basic stats: NONE Column stats: NONE
                         Select Operator
                           expressions: _col0 (type: string), _col1 (type: bigint)
                           outputColumnNames: _col0, _col1
+                          Statistics: Num rows: 0 Data size: 0 Basic stats: NONE Column stats: NONE
                           Reduce Output Operator
                             key expressions: _col0 (type: string)
                             sort order: +
                             Map-reduce partition columns: _col0 (type: string)
+                            Statistics: Num rows: 0 Data size: 0 Basic stats: NONE Column stats: NONE
                             tag: 0
                             value expressions: _col1 (type: bigint)
                             auto parallelism: true
@@ -2816,25 +2876,31 @@ STAGE PLANS:
             Map Operator Tree:
                 TableScan
                   alias: t1
+                  Statistics: Num rows: 0 Data size: 30 Basic stats: PARTIAL Column stats: NONE
                   GatherStats: false
                   Filter Operator
                     isSamplingPred: false
                     predicate: key is not null (type: boolean)
+                    Statistics: Num rows: 0 Data size: 0 Basic stats: NONE Column stats: NONE
                     Select Operator
                       expressions: key (type: string)
                       outputColumnNames: key
+                      Statistics: Num rows: 0 Data size: 0 Basic stats: NONE Column stats: NONE
                       Group By Operator
                         aggregations: count(1)
                         keys: key (type: string)
                         mode: final
                         outputColumnNames: _col0, _col1
+                        Statistics: Num rows: 0 Data size: 0 Basic stats: NONE Column stats: NONE
                         Select Operator
                           expressions: _col0 (type: string), _col1 (type: bigint)
                           outputColumnNames: _col0, _col1
+                          Statistics: Num rows: 0 Data size: 0 Basic stats: NONE Column stats: NONE
                           Reduce Output Operator
                             key expressions: _col0 (type: string)
                             sort order: +
                             Map-reduce partition columns: _col0 (type: string)
+                            Statistics: Num rows: 0 Data size: 0 Basic stats: NONE Column stats: NONE
                             tag: 1
                             value expressions: _col1 (type: bigint)
                             auto parallelism: true
@@ -2901,14 +2967,17 @@ STAGE PLANS:
                   0 {KEY.reducesinkkey0} {VALUE._col0}
                   1 {VALUE._col0}
                 outputColumnNames: _col0, _col1, _col3
+                Statistics: Num rows: 0 Data size: 0 Basic stats: NONE Column stats: NONE
                 Select Operator
                   expressions: UDFToInteger(_col0) (type: int), UDFToInteger((_col1 + _col3)) (type: int)
                   outputColumnNames: _col0, _col1
+                  Statistics: Num rows: 0 Data size: 0 Basic stats: NONE Column stats: NONE
                   File Output Operator
                     compressed: false
                     GlobalTableId: 1
 #### A masked pattern was here ####
                     NumFilesPerFileSink: 1
+                    Statistics: Num rows: 0 Data size: 0 Basic stats: NONE Column stats: NONE
 #### A masked pattern was here ####
                     table:
                         input format: org.apache.hadoop.mapred.TextInputFormat
@@ -3107,25 +3176,31 @@ STAGE PLANS:
             Map Operator Tree:
                 TableScan
                   alias: t1
+                  Statistics: Num rows: 0 Data size: 30 Basic stats: PARTIAL Column stats: NONE
                   GatherStats: false
                   Filter Operator
                     isSamplingPred: false
                     predicate: key is not null (type: boolean)
+                    Statistics: Num rows: 0 Data size: 0 Basic stats: NONE Column stats: NONE
                     Select Operator
                       expressions: key (type: string)
                       outputColumnNames: key
+                      Statistics: Num rows: 0 Data size: 0 Basic stats: NONE Column stats: NONE
                       Group By Operator
                         aggregations: count(1)
                         keys: key (type: string)
                         mode: final
                         outputColumnNames: _col0, _col1
+                        Statistics: Num rows: 0 Data size: 0 Basic stats: NONE Column stats: NONE
                         Select Operator
                           expressions: _col0 (type: string), _col1 (type: bigint)
                           outputColumnNames: _col0, _col1
+                          Statistics: Num rows: 0 Data size: 0 Basic stats: NONE Column stats: NONE
                           Reduce Output Operator
                             key expressions: _col0 (type: string)
                             sort order: +
                             Map-reduce partition columns: _col0 (type: string)
+                            Statistics: Num rows: 0 Data size: 0 Basic stats: NONE Column stats: NONE
                             tag: 0
                             value expressions: _col1 (type: bigint)
                             auto parallelism: true
@@ -3186,22 +3261,27 @@ STAGE PLANS:
             Map Operator Tree:
                 TableScan
                   alias: t1
+                  Statistics: Num rows: 0 Data size: 30 Basic stats: PARTIAL Column stats: NONE
                   GatherStats: false
                   Filter Operator
                     isSamplingPred: false
                     predicate: key is not null (type: boolean)
+                    Statistics: Num rows: 0 Data size: 0 Basic stats: NONE Column stats: NONE
                     Select Operator
                       expressions: key (type: string), val (type: string)
                       outputColumnNames: key, val
+                      Statistics: Num rows: 0 Data size: 0 Basic stats: NONE Column stats: NONE
                       Group By Operator
                         aggregations: count(1)
                         keys: key (type: string), val (type: string)
                         mode: hash
                         outputColumnNames: _col0, _col1, _col2
+                        Statistics: Num rows: 0 Data size: 0 Basic stats: NONE Column stats: NONE
                         Reduce Output Operator
                           key expressions: _col0 (type: string), _col1 (type: string)
                           sort order: ++
                           Map-reduce partition columns: _col0 (type: string), _col1 (type: string)
+                          Statistics: Num rows: 0 Data size: 0 Basic stats: NONE Column stats: NONE
                           tag: -1
                           value expressions: _col2 (type: bigint)
                           auto parallelism: true
@@ -3268,14 +3348,17 @@ STAGE PLANS:
                   0 {KEY.reducesinkkey0} {VALUE._col0}
                   1 {KEY.reducesinkkey0} {VALUE._col0} {VALUE._col1}
                 outputColumnNames: _col0, _col1, _col2, _col3, _col4
+                Statistics: Num rows: 0 Data size: 0 Basic stats: NONE Column stats: NONE
                 Select Operator
                   expressions: _col0 (type: string), _col1 (type: bigint), _col2 (type: string), _col3 (type: string), _col4 (type: bigint)
                   outputColumnNames: _col0, _col1, _col2, _col3, _col4
+                  Statistics: Num rows: 0 Data size: 0 Basic stats: NONE Column stats: NONE
                   File Output Operator
                     compressed: false
                     GlobalTableId: 0
 #### A masked pattern was here ####
                     NumFilesPerFileSink: 1
+                    Statistics: Num rows: 0 Data size: 0 Basic stats: NONE Column stats: NONE
 #### A masked pattern was here ####
                     table:
                         input format: org.apache.hadoop.mapred.TextInputFormat
@@ -3299,13 +3382,16 @@ STAGE PLANS:
                 keys: KEY._col0 (type: string), KEY._col1 (type: string)
                 mode: mergepartial
                 outputColumnNames: _col0, _col1, _col2
+                Statistics: Num rows: 0 Data size: 0 Basic stats: NONE Column stats: NONE
                 Select Operator
                   expressions: _col0 (type: string), _col1 (type: string), _col2 (type: bigint)
                   outputColumnNames: _col0, _col1, _col2
+                  Statistics: Num rows: 0 Data size: 0 Basic stats: NONE Column stats: NONE
                   Reduce Output Operator
                     key expressions: _col0 (type: string)
                     sort order: +
                     Map-reduce partition columns: _col0 (type: string)
+                    Statistics: Num rows: 0 Data size: 0 Basic stats: NONE Column stats: NONE
                     tag: 1
                     value expressions: _col1 (type: string), _col2 (type: bigint)
                     auto parallelism: true
@@ -3391,20 +3477,24 @@ STAGE PLANS:
             Map Operator Tree:
                 TableScan
                   alias: t2
+                  Statistics: Num rows: 0 Data size: 30 Basic stats: PARTIAL Column stats: NONE
                   GatherStats: false
                   Select Operator
                     expressions: key (type: string)
                     outputColumnNames: key
+                    Statistics: Num rows: 0 Data size: 30 Basic stats: PARTIAL Column stats: NONE
                     Group By Operator
                       aggregations: count(1)
                       bucketGroup: true
                       keys: key (type: string)
                       mode: hash
                       outputColumnNames: _col0, _col1
+                      Statistics: Num rows: 0 Data size: 0 Basic stats: NONE Column stats: NONE
                       Reduce Output Operator
                         key expressions: _col0 (type: string)
                         sort order: +
                         Map-reduce partition columns: _col0 (type: string)
+                        Statistics: Num rows: 0 Data size: 0 Basic stats: NONE Column stats: NONE
                         tag: -1
                         value expressions: _col1 (type: bigint)
                         auto parallelism: true
@@ -3469,14 +3559,17 @@ STAGE PLANS:
                 keys: KEY._col0 (type: string)
                 mode: mergepartial
                 outputColumnNames: _col0, _col1
+                Statistics: Num rows: 0 Data size: 0 Basic stats: NONE Column stats: NONE
                 Select Operator
                   expressions: UDFToInteger(_col0) (type: int), UDFToInteger(_col1) (type: int)
                   outputColumnNames: _col0, _col1
+                  Statistics: Num rows: 0 Data size: 0 Basic stats: NONE Column stats: NONE
                   File Output Operator
                     compressed: false
                     GlobalTableId: 1
 #### A masked pattern was here ####
                     NumFilesPerFileSink: 1
+                    Statistics: Num rows: 0 Data size: 0 Basic stats: NONE Column stats: NONE
 #### A masked pattern was here ####
                     table:
                         input format: org.apache.hadoop.mapred.TextInputFormat
@@ -3623,23 +3716,28 @@ STAGE PLANS:
             Map Operator Tree:
                 TableScan
                   alias: t2
+                  Statistics: Num rows: 0 Data size: 30 Basic stats: PARTIAL Column stats: NONE
                   GatherStats: false
                   Select Operator
                     expressions: key (type: string), val (type: string)
                     outputColumnNames: key, val
+                    Statistics: Num rows: 0 Data size: 30 Basic stats: PARTIAL Column stats: NONE
                     Group By Operator
                       aggregations: count(1)
                       keys: key (type: string), 1 (type: int), val (type: string)
                       mode: final
                       outputColumnNames: _col0, _col1, _col2, _col3
+                      Statistics: Num rows: 0 Data size: 0 Basic stats: NONE Column stats: NONE
                       Select Operator
                         expressions: UDFToInteger(_col0) (type: int), _col1 (type: int), _col2 (type: string), UDFToInteger(_col3) (type: int)
                         outputColumnNames: _col0, _col1, _col2, _col3
+                        Statistics: Num rows: 0 Data size: 0 Basic stats: NONE Column stats: NONE
                         File Output Operator
                           compressed: false
                           GlobalTableId: 1
 #### A masked pattern was here ####
                           NumFilesPerFileSink: 1
+                          Statistics: Num rows: 0 Data size: 0 Basic stats: NONE Column stats: NONE
 #### A masked pattern was here ####
                           table:
                               input format: org.apache.hadoop.mapred.TextInputFormat
@@ -3853,23 +3951,28 @@ STAGE PLANS:
             Map Operator Tree:
                 TableScan
                   alias: t2
+                  Statistics: Num rows: 0 Data size: 30 Basic stats: PARTIAL Column stats: NONE
                   GatherStats: false
                   Select Operator
                     expressions: key (type: string), val (type: string)
                     outputColumnNames: key, val
+                    Statistics: Num rows: 0 Data size: 30 Basic stats: PARTIAL Column stats: NONE
                     Group By Operator
                       aggregations: count(1)
                       keys: key (type: string), 1 (type: int), val (type: string), 2 (type: int)
                       mode: final
                       outputColumnNames: _col0, _col1, _col2, _col3, _col4
+                      Statistics: Num rows: 0 Data size: 0 Basic stats: NONE Column stats: NONE
                       Select Operator
                         expressions: UDFToInteger(_col0) (type: int), _col1 (type: int), _col2 (type: string), _col3 (type: int), UDFToInteger(_col4) (type: int)
                         outputColumnNames: _col0, _col1, _col2, _col3, _col4
+                        Statistics: Num rows: 0 Data size: 0 Basic stats: NONE Column stats: NONE
                         File Output Operator
                           compressed: false
                           GlobalTableId: 1
 #### A masked pattern was here ####
                           NumFilesPerFileSink: 1
+                          Statistics: Num rows: 0 Data size: 0 Basic stats: NONE Column stats: NONE
 #### A masked pattern was here ####
                           table:
                               input format: org.apache.hadoop.mapred.TextInputFormat
@@ -4087,23 +4190,28 @@ STAGE PLANS:
             Map Operator Tree:
                 TableScan
                   alias: t2
+                  Statistics: Num rows: 0 Data size: 30 Basic stats: PARTIAL Column stats: NONE
                   GatherStats: false
                   Select Operator
                     expressions: key (type: string), 1 (type: int), val (type: string)
                     outputColumnNames: _col0, _col1, _col2
+                    Statistics: Num rows: 0 Data size: 30 Basic stats: PARTIAL Column stats: NONE
                     Group By Operator
                       aggregations: count(1)
                       keys: _col0 (type: string), _col1 (type: int), _col2 (type: string)
                       mode: final
                       outputColumnNames: _col0, _col1, _col2, _col3
+                      Statistics: Num rows: 0 Data size: 0 Basic stats: NONE Column stats: NONE
                       Select Operator
                         expressions: UDFToInteger(_col0) (type: int), _col1 (type: int), _col2 (type: string), UDFToInteger(_col3) (type: int)
                         outputColumnNames: _col0, _col1, _col2, _col3
+                        Statistics: Num rows: 0 Data size: 0 Basic stats: NONE Column stats: NONE
                         File Output Operator
                           compressed: false
                           GlobalTableId: 1
 #### A masked pattern was here ####
                           NumFilesPerFileSink: 1
+                          Statistics: Num rows: 0 Data size: 0 Basic stats: NONE Column stats: NONE
 #### A masked pattern was here ####
                           table:
                               input format: org.apache.hadoop.mapred.TextInputFormat
@@ -4360,23 +4468,28 @@ STAGE PLANS:
             Map Operator Tree:
                 TableScan
                   alias: t2
+                  Statistics: Num rows: 0 Data size: 30 Basic stats: PARTIAL Column stats: NONE
                   GatherStats: false
                   Select Operator
                     expressions: key (type: string), 2 (type: int), val (type: string)
                     outputColumnNames: _col0, _col3, _col2
+                    Statistics: Num rows: 0 Data size: 30 Basic stats: PARTIAL Column stats: NONE
                     Group By Operator
                       aggregations: count(1)
                       keys: _col0 (type: string), _col3 (type: int), _col2 (type: string)
                       mode: final
                       outputColumnNames: _col0, _col1, _col2, _col3
+                      Statistics: Num rows: 0 Data size: 0 Basic stats: NONE Column stats: NONE
                       Select Operator
                         expressions: UDFToInteger(_col0) (type: int), _col1 (type: int), _col2 (type: string), UDFToInteger(_col3) (type: int)
                         outputColumnNames: _col0, _col1, _col2, _col3
+                        Statistics: Num rows: 0 Data size: 0 Basic stats: NONE Column stats: NONE
                         File Output Operator
                           compressed: false
                           GlobalTableId: 1
 #### A masked pattern was here ####
                           NumFilesPerFileSink: 1
+                          Statistics: Num rows: 0 Data size: 0 Basic stats: NONE Column stats: NONE
 #### A masked pattern was here ####
                           table:
                               input format: org.apache.hadoop.mapred.TextInputFormat
@@ -4574,6 +4687,7 @@ STAGE PLANS:
             Map Operator Tree:
                 TableScan
                   alias: t2
+                  Statistics: Num rows: 0 Data size: 30 Basic stats: PARTIAL Column stats: NONE
                   File Output Operator
                     compressed: true
                     table:
@@ -4593,16 +4707,19 @@ STAGE PLANS:
                   Select Operator
                     expressions: key (type: string)
                     outputColumnNames: key
+                    Statistics: Num rows: 0 Data size: 30 Basic stats: PARTIAL Column stats: NONE
                     Group By Operator
                       aggregations: count(1)
                       bucketGroup: true
                       keys: key (type: string)
                       mode: hash
                       outputColumnNames: _col0, _col1
+                      Statistics: Num rows: 0 Data size: 0 Basic stats: NONE Column stats: NONE
                       Reduce Output Operator
                         key expressions: _col0 (type: string)
                         sort order: +
                         Map-reduce partition columns: _col0 (type: string)
+                        Statistics: Num rows: 0 Data size: 0 Basic stats: NONE Column stats: NONE
                         value expressions: _col1 (type: bigint)
         Reducer 4 
             Reduce Operator Tree:
@@ -4611,11 +4728,14 @@ STAGE PLANS:
                 keys: KEY._col0 (type: string)
                 mode: mergepartial
                 outputColumnNames: _col0, _col1
+                Statistics: Num rows: 0 Data size: 0 Basic stats: NONE Column stats: NONE
                 Select Operator
                   expressions: UDFToInteger(_col0) (type: int), UDFToInteger(_col1) (type: int)
                   outputColumnNames: _col0, _col1
+                  Statistics: Num rows: 0 Data size: 0 Basic stats: NONE Column stats: NONE
                   File Output Operator
                     compressed: true
+                    Statistics: Num rows: 0 Data size: 0 Basic stats: NONE Column stats: NONE
                     table:
                         input format: org.apache.hadoop.mapred.TextInputFormat
                         output format: org.apache.hadoop.hive.ql.io.HiveIgnoreKeyTextOutputFormat
@@ -4661,16 +4781,20 @@ STAGE PLANS:
                   Select Operator
                     expressions: key (type: string), val (type: string)
                     outputColumnNames: key, val
+                    Statistics: Num rows: 0 Data size: 30 Basic stats: PARTIAL Column stats: NONE
                     Group By Operator
                       aggregations: count(1)
                       keys: key (type: string), val (type: string)
                       mode: final
                       outputColumnNames: _col0, _col1, _col2
+                      Statistics: Num rows: 0 Data size: 0 Basic stats: NONE Column stats: NONE
                       Select Operator
                         expressions: UDFToInteger(_col0) (type: int), _col1 (type: string), UDFToInteger(_col2) (type: int)
                         outputColumnNames: _col0, _col1, _col2
+                        Statistics: Num rows: 0 Data size: 0 Basic stats: NONE Column stats: NONE
                         File Output Operator
                           compressed: true
+                          Statistics: Num rows: 0 Data size: 0 Basic stats: NONE Column stats: NONE
                           table:
                               input format: org.apache.hadoop.mapred.TextInputFormat
                               output format: org.apache.hadoop.hive.ql.io.HiveIgnoreKeyTextOutputFormat
@@ -4756,11 +4880,14 @@ STAGE PLANS:
             Map Operator Tree:
                 TableScan
                   alias: t2
+                  Statistics: Num rows: 0 Data size: 30 Basic stats: PARTIAL Column stats: NONE
                   Filter Operator
                     predicate: (key = 8) (type: boolean)
+                    Statistics: Num rows: 0 Data size: 0 Basic stats: NONE Column stats: NONE
                     Select Operator
                       expressions: val (type: string)
                       outputColumnNames: _col1
+                      Statistics: Num rows: 0 Data size: 0 Basic stats: NONE Column stats: NONE
                       File Output Operator
                         compressed: true
                         table:
@@ -4780,16 +4907,19 @@ STAGE PLANS:
                   Select Operator
                     expressions: '8' (type: string)
                     outputColumnNames: _col0
+                    Statistics: Num rows: 0 Data size: 0 Basic stats: NONE Column stats: NONE
                     Group By Operator
                       aggregations: count(1)
                       bucketGroup: true
                       keys: _col0 (type: string)
                       mode: hash
                       outputColumnNames: _col0, _col1
+                      Statistics: Num rows: 0 Data size: 0 Basic stats: NONE Column stats: NONE
                       Reduce Output Operator
                         key expressions: _col0 (type: string)
                         sort order: +
                         Map-reduce partition columns: _col0 (type: string)
+                        Statistics: Num rows: 0 Data size: 0 Basic stats: NONE Column stats: NONE
                         value expressions: _col1 (type: bigint)
         Reducer 4 
             Reduce Operator Tree:
@@ -4798,11 +4928,14 @@ STAGE PLANS:
                 keys: KEY._col0 (type: string)
                 mode: mergepartial
                 outputColumnNames: _col0, _col1
+                Statistics: Num rows: 0 Data size: 0 Basic stats: NONE Column stats: NONE
                 Select Operator
                   expressions: UDFToInteger(_col0) (type: int), UDFToInteger(_col1) (type: int)
                   outputColumnNames: _col0, _col1
+                  Statistics: Num rows: 0 Data size: 0 Basic stats: NONE Column stats: NONE
                   File Output Operator
                     compressed: true
+                    Statistics: Num rows: 0 Data size: 0 Basic stats: NONE Column stats: NONE
                     table:
                         input format: org.apache.hadoop.mapred.TextInputFormat
                         output format: org.apache.hadoop.hive.ql.io.HiveIgnoreKeyTextOutputFormat
@@ -4848,16 +4981,20 @@ STAGE PLANS:
                   Select Operator
                     expressions: '8' (type: string), _col1 (type: string)
                     outputColumnNames: _col0, _col1
+                    Statistics: Num rows: 0 Data size: 0 Basic stats: NONE Column stats: NONE
                     Group By Operator
                       aggregations: count(1)
                       keys: _col0 (type: string), _col1 (type: string)
                       mode: final
                       outputColumnNames: _col0, _col1, _col2
+                      Statistics: Num rows: 0 Data size: 0 Basic stats: NONE Column stats: NONE
                       Select Operator
                         expressions: UDFToInteger(_col0) (type: int), _col1 (type: string), UDFToInteger(_col2) (type: int)
                         outputColumnNames: _col0, _col1, _col2
+                        Statistics: Num rows: 0 Data size: 0 Basic stats: NONE Column stats: NONE
                         File Output Operator
                           compressed: true
+                          Statistics: Num rows: 0 Data size: 0 Basic stats: NONE Column stats: NONE
                           table:
                               input format: org.apache.hadoop.mapred.TextInputFormat
                               output format: org.apache.hadoop.hive.ql.io.HiveIgnoreKeyTextOutputFormat
diff --git a/ql/src/test/results/clientpositive/spark/groupby_sort_skew_1_23.q.out b/ql/src/test/results/clientpositive/spark/groupby_sort_skew_1_23.q.out
index a43921e2b1..62c179e98f 100644
--- a/ql/src/test/results/clientpositive/spark/groupby_sort_skew_1_23.q.out
+++ b/ql/src/test/results/clientpositive/spark/groupby_sort_skew_1_23.q.out
@@ -95,23 +95,28 @@ STAGE PLANS:
             Map Operator Tree:
                 TableScan
                   alias: t1
+                  Statistics: Num rows: 0 Data size: 30 Basic stats: PARTIAL Column stats: NONE
                   GatherStats: false
                   Select Operator
                     expressions: key (type: string)
                     outputColumnNames: key
+                    Statistics: Num rows: 0 Data size: 30 Basic stats: PARTIAL Column stats: NONE
                     Group By Operator
                       aggregations: count(1)
                       keys: key (type: string)
                       mode: final
                       outputColumnNames: _col0, _col1
+                      Statistics: Num rows: 0 Data size: 0 Basic stats: NONE Column stats: NONE
                       Select Operator
                         expressions: UDFToInteger(_col0) (type: int), UDFToInteger(_col1) (type: int)
                         outputColumnNames: _col0, _col1
+                        Statistics: Num rows: 0 Data size: 0 Basic stats: NONE Column stats: NONE
                         File Output Operator
                           compressed: false
                           GlobalTableId: 1
 #### A masked pattern was here ####
                           NumFilesPerFileSink: 1
+                          Statistics: Num rows: 0 Data size: 0 Basic stats: NONE Column stats: NONE
 #### A masked pattern was here ####
                           table:
                               input format: org.apache.hadoop.mapred.TextInputFormat
@@ -307,19 +312,23 @@ STAGE PLANS:
             Map Operator Tree:
                 TableScan
                   alias: t1
+                  Statistics: Num rows: 0 Data size: 30 Basic stats: PARTIAL Column stats: NONE
                   GatherStats: false
                   Select Operator
                     expressions: key (type: string), val (type: string)
                     outputColumnNames: key, val
+                    Statistics: Num rows: 0 Data size: 30 Basic stats: PARTIAL Column stats: NONE
                     Group By Operator
                       aggregations: count(1)
                       keys: key (type: string), val (type: string)
                       mode: hash
                       outputColumnNames: _col0, _col1, _col2
+                      Statistics: Num rows: 0 Data size: 0 Basic stats: NONE Column stats: NONE
                       Reduce Output Operator
                         key expressions: _col0 (type: string), _col1 (type: string)
                         sort order: ++
                         Map-reduce partition columns: rand() (type: double)
+                        Statistics: Num rows: 0 Data size: 0 Basic stats: NONE Column stats: NONE
                         tag: -1
                         value expressions: _col2 (type: bigint)
                         auto parallelism: true
@@ -384,10 +393,12 @@ STAGE PLANS:
                 keys: KEY._col0 (type: string), KEY._col1 (type: string)
                 mode: partials
                 outputColumnNames: _col0, _col1, _col2
+                Statistics: Num rows: 0 Data size: 0 Basic stats: NONE Column stats: NONE
                 Reduce Output Operator
                   key expressions: _col0 (type: string), _col1 (type: string)
                   sort order: ++
                   Map-reduce partition columns: _col0 (type: string), _col1 (type: string)
+                  Statistics: Num rows: 0 Data size: 0 Basic stats: NONE Column stats: NONE
                   tag: -1
                   value expressions: _col2 (type: bigint)
                   auto parallelism: true
@@ -399,14 +410,17 @@ STAGE PLANS:
                 keys: KEY._col0 (type: string), KEY._col1 (type: string)
                 mode: final
                 outputColumnNames: _col0, _col1, _col2
+                Statistics: Num rows: 0 Data size: 0 Basic stats: NONE Column stats: NONE
                 Select Operator
                   expressions: UDFToInteger(_col0) (type: int), _col1 (type: string), UDFToInteger(_col2) (type: int)
                   outputColumnNames: _col0, _col1, _col2
+                  Statistics: Num rows: 0 Data size: 0 Basic stats: NONE Column stats: NONE
                   File Output Operator
                     compressed: false
                     GlobalTableId: 1
 #### A masked pattern was here ####
                     NumFilesPerFileSink: 1
+                    Statistics: Num rows: 0 Data size: 0 Basic stats: NONE Column stats: NONE
 #### A masked pattern was here ####
                     table:
                         input format: org.apache.hadoop.mapred.TextInputFormat
@@ -550,23 +564,28 @@ STAGE PLANS:
             Map Operator Tree:
                 TableScan
                   alias: t1
+                  Statistics: Num rows: 0 Data size: 30 Basic stats: PARTIAL Column stats: NONE
                   GatherStats: false
                   Select Operator
                     expressions: key (type: string)
                     outputColumnNames: _col0
+                    Statistics: Num rows: 0 Data size: 30 Basic stats: PARTIAL Column stats: NONE
                     Group By Operator
                       aggregations: count(1)
                       keys: _col0 (type: string)
                       mode: final
                       outputColumnNames: _col0, _col1
+                      Statistics: Num rows: 0 Data size: 0 Basic stats: NONE Column stats: NONE
                       Select Operator
                         expressions: UDFToInteger(_col0) (type: int), UDFToInteger(_col1) (type: int)
                         outputColumnNames: _col0, _col1
+                        Statistics: Num rows: 0 Data size: 0 Basic stats: NONE Column stats: NONE
                         File Output Operator
                           compressed: false
                           GlobalTableId: 1
 #### A masked pattern was here ####
                           NumFilesPerFileSink: 1
+                          Statistics: Num rows: 0 Data size: 0 Basic stats: NONE Column stats: NONE
 #### A masked pattern was here ####
                           table:
                               input format: org.apache.hadoop.mapred.TextInputFormat
@@ -773,23 +792,28 @@ STAGE PLANS:
             Map Operator Tree:
                 TableScan
                   alias: t1
+                  Statistics: Num rows: 0 Data size: 30 Basic stats: PARTIAL Column stats: NONE
                   GatherStats: false
                   Select Operator
                     expressions: key (type: string)
                     outputColumnNames: _col0
+                    Statistics: Num rows: 0 Data size: 30 Basic stats: PARTIAL Column stats: NONE
                     Group By Operator
                       aggregations: count(1)
                       keys: _col0 (type: string)
                       mode: final
                       outputColumnNames: _col0, _col1
+                      Statistics: Num rows: 0 Data size: 0 Basic stats: NONE Column stats: NONE
                       Select Operator
                         expressions: UDFToInteger(_col0) (type: int), UDFToInteger(_col1) (type: int)
                         outputColumnNames: _col0, _col1
+                        Statistics: Num rows: 0 Data size: 0 Basic stats: NONE Column stats: NONE
                         File Output Operator
                           compressed: false
                           GlobalTableId: 1
 #### A masked pattern was here ####
                           NumFilesPerFileSink: 1
+                          Statistics: Num rows: 0 Data size: 0 Basic stats: NONE Column stats: NONE
 #### A masked pattern was here ####
                           table:
                               input format: org.apache.hadoop.mapred.TextInputFormat
@@ -992,23 +1016,28 @@ STAGE PLANS:
             Map Operator Tree:
                 TableScan
                   alias: t1
+                  Statistics: Num rows: 0 Data size: 30 Basic stats: PARTIAL Column stats: NONE
                   GatherStats: false
                   Select Operator
                     expressions: key (type: string)
                     outputColumnNames: key
+                    Statistics: Num rows: 0 Data size: 30 Basic stats: PARTIAL Column stats: NONE
                     Group By Operator
                       aggregations: count(1)
                       keys: 1 (type: int), key (type: string)
                       mode: final
                       outputColumnNames: _col0, _col1, _col2
+                      Statistics: Num rows: 0 Data size: 0 Basic stats: NONE Column stats: NONE
                       Select Operator
                         expressions: _col0 (type: int), UDFToInteger(_col1) (type: int), UDFToInteger(_col2) (type: int)
                         outputColumnNames: _col0, _col1, _col2
+                        Statistics: Num rows: 0 Data size: 0 Basic stats: NONE Column stats: NONE
                         File Output Operator
                           compressed: false
                           GlobalTableId: 1
 #### A masked pattern was here ####
                           NumFilesPerFileSink: 1
+                          Statistics: Num rows: 0 Data size: 0 Basic stats: NONE Column stats: NONE
 #### A masked pattern was here ####
                           table:
                               input format: org.apache.hadoop.mapred.TextInputFormat
@@ -1208,19 +1237,23 @@ STAGE PLANS:
             Map Operator Tree:
                 TableScan
                   alias: t1
+                  Statistics: Num rows: 0 Data size: 30 Basic stats: PARTIAL Column stats: NONE
                   GatherStats: false
                   Select Operator
                     expressions: key (type: string), val (type: string)
                     outputColumnNames: key, val
+                    Statistics: Num rows: 0 Data size: 30 Basic stats: PARTIAL Column stats: NONE
                     Group By Operator
                       aggregations: count(1)
                       keys: key (type: string), 1 (type: int), val (type: string)
                       mode: hash
                       outputColumnNames: _col0, _col1, _col2, _col3
+                      Statistics: Num rows: 0 Data size: 0 Basic stats: NONE Column stats: NONE
                       Reduce Output Operator
                         key expressions: _col0 (type: string), _col1 (type: int), _col2 (type: string)
                         sort order: +++
                         Map-reduce partition columns: rand() (type: double)
+                        Statistics: Num rows: 0 Data size: 0 Basic stats: NONE Column stats: NONE
                         tag: -1
                         value expressions: _col3 (type: bigint)
                         auto parallelism: true
@@ -1285,10 +1318,12 @@ STAGE PLANS:
                 keys: KEY._col0 (type: string), KEY._col1 (type: int), KEY._col2 (type: string)
                 mode: partials
                 outputColumnNames: _col0, _col1, _col2, _col3
+                Statistics: Num rows: 0 Data size: 0 Basic stats: NONE Column stats: NONE
                 Reduce Output Operator
                   key expressions: _col0 (type: string), _col1 (type: int), _col2 (type: string)
                   sort order: +++
                   Map-reduce partition columns: _col0 (type: string), _col1 (type: int), _col2 (type: string)
+                  Statistics: Num rows: 0 Data size: 0 Basic stats: NONE Column stats: NONE
                   tag: -1
                   value expressions: _col3 (type: bigint)
                   auto parallelism: true
@@ -1300,14 +1335,17 @@ STAGE PLANS:
                 keys: KEY._col0 (type: string), KEY._col1 (type: int), KEY._col2 (type: string)
                 mode: final
                 outputColumnNames: _col0, _col1, _col2, _col3
+                Statistics: Num rows: 0 Data size: 0 Basic stats: NONE Column stats: NONE
                 Select Operator
                   expressions: UDFToInteger(_col0) (type: int), _col1 (type: int), _col2 (type: string), UDFToInteger(_col3) (type: int)
                   outputColumnNames: _col0, _col1, _col2, _col3
+                  Statistics: Num rows: 0 Data size: 0 Basic stats: NONE Column stats: NONE
                   File Output Operator
                     compressed: false
                     GlobalTableId: 1
 #### A masked pattern was here ####
                     NumFilesPerFileSink: 1
+                    Statistics: Num rows: 0 Data size: 0 Basic stats: NONE Column stats: NONE
 #### A masked pattern was here ####
                     table:
                         input format: org.apache.hadoop.mapred.TextInputFormat
@@ -1449,19 +1487,23 @@ STAGE PLANS:
             Map Operator Tree:
                 TableScan
                   alias: t1
+                  Statistics: Num rows: 0 Data size: 30 Basic stats: PARTIAL Column stats: NONE
                   GatherStats: false
                   Select Operator
                     expressions: key (type: string)
                     outputColumnNames: key
+                    Statistics: Num rows: 0 Data size: 30 Basic stats: PARTIAL Column stats: NONE
                     Group By Operator
                       aggregations: count(1)
                       keys: key (type: string), (key + 1) (type: double)
                       mode: hash
                       outputColumnNames: _col0, _col1, _col2
+                      Statistics: Num rows: 0 Data size: 0 Basic stats: NONE Column stats: NONE
                       Reduce Output Operator
                         key expressions: _col0 (type: string), _col1 (type: double)
                         sort order: ++
                         Map-reduce partition columns: rand() (type: double)
+                        Statistics: Num rows: 0 Data size: 0 Basic stats: NONE Column stats: NONE
                         tag: -1
                         value expressions: _col2 (type: bigint)
                         auto parallelism: true
@@ -1526,10 +1568,12 @@ STAGE PLANS:
                 keys: KEY._col0 (type: string), KEY._col1 (type: double)
                 mode: partials
                 outputColumnNames: _col0, _col1, _col2
+                Statistics: Num rows: 0 Data size: 0 Basic stats: NONE Column stats: NONE
                 Reduce Output Operator
                   key expressions: _col0 (type: string), _col1 (type: double)
                   sort order: ++
                   Map-reduce partition columns: _col0 (type: string), _col1 (type: double)
+                  Statistics: Num rows: 0 Data size: 0 Basic stats: NONE Column stats: NONE
                   tag: -1
                   value expressions: _col2 (type: bigint)
                   auto parallelism: true
@@ -1541,14 +1585,17 @@ STAGE PLANS:
                 keys: KEY._col0 (type: string), KEY._col1 (type: double)
                 mode: final
                 outputColumnNames: _col0, _col1, _col2
+                Statistics: Num rows: 0 Data size: 0 Basic stats: NONE Column stats: NONE
                 Select Operator
                   expressions: UDFToInteger(_col0) (type: int), UDFToInteger(_col1) (type: int), UDFToInteger(_col2) (type: int)
                   outputColumnNames: _col0, _col1, _col2
+                  Statistics: Num rows: 0 Data size: 0 Basic stats: NONE Column stats: NONE
                   File Output Operator
                     compressed: false
                     GlobalTableId: 1
 #### A masked pattern was here ####
                     NumFilesPerFileSink: 1
+                    Statistics: Num rows: 0 Data size: 0 Basic stats: NONE Column stats: NONE
 #### A masked pattern was here ####
                     table:
                         input format: org.apache.hadoop.mapred.TextInputFormat
@@ -1726,27 +1773,33 @@ STAGE PLANS:
             Map Operator Tree:
                 TableScan
                   alias: t1
+                  Statistics: Num rows: 0 Data size: 30 Basic stats: PARTIAL Column stats: NONE
                   GatherStats: false
                   Select Operator
                     expressions: key (type: string)
                     outputColumnNames: key
+                    Statistics: Num rows: 0 Data size: 30 Basic stats: PARTIAL Column stats: NONE
                     Group By Operator
                       aggregations: count(1)
                       keys: key (type: string)
                       mode: final
                       outputColumnNames: _col0, _col1
+                      Statistics: Num rows: 0 Data size: 0 Basic stats: NONE Column stats: NONE
                       Select Operator
                         expressions: _col0 (type: string), _col1 (type: bigint)
                         outputColumnNames: _col0, _col1
+                        Statistics: Num rows: 0 Data size: 0 Basic stats: NONE Column stats: NONE
                         Group By Operator
                           aggregations: sum(_col1)
                           keys: (_col0 + _col0) (type: double)
                           mode: hash
                           outputColumnNames: _col0, _col1
+                          Statistics: Num rows: 0 Data size: 0 Basic stats: NONE Column stats: NONE
                           Reduce Output Operator
                             key expressions: _col0 (type: double)
                             sort order: +
                             Map-reduce partition columns: rand() (type: double)
+                            Statistics: Num rows: 0 Data size: 0 Basic stats: NONE Column stats: NONE
                             tag: -1
                             value expressions: _col1 (type: bigint)
                             auto parallelism: true
@@ -1811,10 +1864,12 @@ STAGE PLANS:
                 keys: KEY._col0 (type: double)
                 mode: partials
                 outputColumnNames: _col0, _col1
+                Statistics: Num rows: 0 Data size: 0 Basic stats: NONE Column stats: NONE
                 Reduce Output Operator
                   key expressions: _col0 (type: double)
                   sort order: +
                   Map-reduce partition columns: _col0 (type: double)
+                  Statistics: Num rows: 0 Data size: 0 Basic stats: NONE Column stats: NONE
                   tag: -1
                   value expressions: _col1 (type: bigint)
                   auto parallelism: true
@@ -1826,14 +1881,17 @@ STAGE PLANS:
                 keys: KEY._col0 (type: double)
                 mode: final
                 outputColumnNames: _col0, _col1
+                Statistics: Num rows: 0 Data size: 0 Basic stats: NONE Column stats: NONE
                 Select Operator
                   expressions: UDFToInteger(_col0) (type: int), UDFToInteger(_col1) (type: int)
                   outputColumnNames: _col0, _col1
+                  Statistics: Num rows: 0 Data size: 0 Basic stats: NONE Column stats: NONE
                   File Output Operator
                     compressed: false
                     GlobalTableId: 1
 #### A masked pattern was here ####
                     NumFilesPerFileSink: 1
+                    Statistics: Num rows: 0 Data size: 0 Basic stats: NONE Column stats: NONE
 #### A masked pattern was here ####
                     table:
                         input format: org.apache.hadoop.mapred.TextInputFormat
@@ -2495,19 +2553,23 @@ STAGE PLANS:
             Map Operator Tree:
                 TableScan
                   alias: t1
+                  Statistics: Num rows: 0 Data size: 30 Basic stats: PARTIAL Column stats: NONE
                   GatherStats: false
                   Select Operator
                     expressions: key (type: string)
                     outputColumnNames: key
+                    Statistics: Num rows: 0 Data size: 30 Basic stats: PARTIAL Column stats: NONE
                     Group By Operator
                       aggregations: count(1)
                       keys: (key + key) (type: double)
                       mode: hash
                       outputColumnNames: _col0, _col1
+                      Statistics: Num rows: 0 Data size: 0 Basic stats: NONE Column stats: NONE
                       Reduce Output Operator
                         key expressions: _col0 (type: double)
                         sort order: +
                         Map-reduce partition columns: rand() (type: double)
+                        Statistics: Num rows: 0 Data size: 0 Basic stats: NONE Column stats: NONE
                         tag: -1
                         value expressions: _col1 (type: bigint)
                         auto parallelism: true
@@ -2572,10 +2634,12 @@ STAGE PLANS:
                 keys: KEY._col0 (type: double)
                 mode: partials
                 outputColumnNames: _col0, _col1
+                Statistics: Num rows: 0 Data size: 0 Basic stats: NONE Column stats: NONE
                 Reduce Output Operator
                   key expressions: _col0 (type: double)
                   sort order: +
                   Map-reduce partition columns: _col0 (type: double)
+                  Statistics: Num rows: 0 Data size: 0 Basic stats: NONE Column stats: NONE
                   tag: -1
                   value expressions: _col1 (type: bigint)
                   auto parallelism: true
@@ -2817,25 +2881,31 @@ STAGE PLANS:
             Map Operator Tree:
                 TableScan
                   alias: t1
+                  Statistics: Num rows: 0 Data size: 30 Basic stats: PARTIAL Column stats: NONE
                   GatherStats: false
                   Filter Operator
                     isSamplingPred: false
                     predicate: key is not null (type: boolean)
+                    Statistics: Num rows: 0 Data size: 0 Basic stats: NONE Column stats: NONE
                     Select Operator
                       expressions: key (type: string)
                       outputColumnNames: key
+                      Statistics: Num rows: 0 Data size: 0 Basic stats: NONE Column stats: NONE
                       Group By Operator
                         aggregations: count(1)
                         keys: key (type: string)
                         mode: final
                         outputColumnNames: _col0, _col1
+                        Statistics: Num rows: 0 Data size: 0 Basic stats: NONE Column stats: NONE
                         Select Operator
                           expressions: _col0 (type: string), _col1 (type: bigint)
                           outputColumnNames: _col0, _col1
+                          Statistics: Num rows: 0 Data size: 0 Basic stats: NONE Column stats: NONE
                           Reduce Output Operator
                             key expressions: _col0 (type: string)
                             sort order: +
                             Map-reduce partition columns: _col0 (type: string)
+                            Statistics: Num rows: 0 Data size: 0 Basic stats: NONE Column stats: NONE
                             tag: 0
                             value expressions: _col1 (type: bigint)
                             auto parallelism: true
@@ -2896,25 +2966,31 @@ STAGE PLANS:
             Map Operator Tree:
                 TableScan
                   alias: t1
+                  Statistics: Num rows: 0 Data size: 30 Basic stats: PARTIAL Column stats: NONE
                   GatherStats: false
                   Filter Operator
                     isSamplingPred: false
                     predicate: key is not null (type: boolean)
+                    Statistics: Num rows: 0 Data size: 0 Basic stats: NONE Column stats: NONE
                     Select Operator
                       expressions: key (type: string)
                       outputColumnNames: key
+                      Statistics: Num rows: 0 Data size: 0 Basic stats: NONE Column stats: NONE
                       Group By Operator
                         aggregations: count(1)
                         keys: key (type: string)
                         mode: final
                         outputColumnNames: _col0, _col1
+                        Statistics: Num rows: 0 Data size: 0 Basic stats: NONE Column stats: NONE
                         Select Operator
                           expressions: _col0 (type: string), _col1 (type: bigint)
                           outputColumnNames: _col0, _col1
+                          Statistics: Num rows: 0 Data size: 0 Basic stats: NONE Column stats: NONE
                           Reduce Output Operator
                             key expressions: _col0 (type: string)
                             sort order: +
                             Map-reduce partition columns: _col0 (type: string)
+                            Statistics: Num rows: 0 Data size: 0 Basic stats: NONE Column stats: NONE
                             tag: 1
                             value expressions: _col1 (type: bigint)
                             auto parallelism: true
@@ -2981,14 +3057,17 @@ STAGE PLANS:
                   0 {KEY.reducesinkkey0} {VALUE._col0}
                   1 {VALUE._col0}
                 outputColumnNames: _col0, _col1, _col3
+                Statistics: Num rows: 0 Data size: 0 Basic stats: NONE Column stats: NONE
                 Select Operator
                   expressions: UDFToInteger(_col0) (type: int), UDFToInteger((_col1 + _col3)) (type: int)
                   outputColumnNames: _col0, _col1
+                  Statistics: Num rows: 0 Data size: 0 Basic stats: NONE Column stats: NONE
                   File Output Operator
                     compressed: false
                     GlobalTableId: 1
 #### A masked pattern was here ####
                     NumFilesPerFileSink: 1
+                    Statistics: Num rows: 0 Data size: 0 Basic stats: NONE Column stats: NONE
 #### A masked pattern was here ####
                     table:
                         input format: org.apache.hadoop.mapred.TextInputFormat
@@ -3188,25 +3267,31 @@ STAGE PLANS:
             Map Operator Tree:
                 TableScan
                   alias: t1
+                  Statistics: Num rows: 0 Data size: 30 Basic stats: PARTIAL Column stats: NONE
                   GatherStats: false
                   Filter Operator
                     isSamplingPred: false
                     predicate: key is not null (type: boolean)
+                    Statistics: Num rows: 0 Data size: 0 Basic stats: NONE Column stats: NONE
                     Select Operator
                       expressions: key (type: string)
                       outputColumnNames: key
+                      Statistics: Num rows: 0 Data size: 0 Basic stats: NONE Column stats: NONE
                       Group By Operator
                         aggregations: count(1)
                         keys: key (type: string)
                         mode: final
                         outputColumnNames: _col0, _col1
+                        Statistics: Num rows: 0 Data size: 0 Basic stats: NONE Column stats: NONE
                         Select Operator
                           expressions: _col0 (type: string), _col1 (type: bigint)
                           outputColumnNames: _col0, _col1
+                          Statistics: Num rows: 0 Data size: 0 Basic stats: NONE Column stats: NONE
                           Reduce Output Operator
                             key expressions: _col0 (type: string)
                             sort order: +
                             Map-reduce partition columns: _col0 (type: string)
+                            Statistics: Num rows: 0 Data size: 0 Basic stats: NONE Column stats: NONE
                             tag: 0
                             value expressions: _col1 (type: bigint)
                             auto parallelism: true
@@ -3267,22 +3352,27 @@ STAGE PLANS:
             Map Operator Tree:
                 TableScan
                   alias: t1
+                  Statistics: Num rows: 0 Data size: 30 Basic stats: PARTIAL Column stats: NONE
                   GatherStats: false
                   Filter Operator
                     isSamplingPred: false
                     predicate: key is not null (type: boolean)
+                    Statistics: Num rows: 0 Data size: 0 Basic stats: NONE Column stats: NONE
                     Select Operator
                       expressions: key (type: string), val (type: string)
                       outputColumnNames: key, val
+                      Statistics: Num rows: 0 Data size: 0 Basic stats: NONE Column stats: NONE
                       Group By Operator
                         aggregations: count(1)
                         keys: key (type: string), val (type: string)
                         mode: hash
                         outputColumnNames: _col0, _col1, _col2
+                        Statistics: Num rows: 0 Data size: 0 Basic stats: NONE Column stats: NONE
                         Reduce Output Operator
                           key expressions: _col0 (type: string), _col1 (type: string)
                           sort order: ++
                           Map-reduce partition columns: rand() (type: double)
+                          Statistics: Num rows: 0 Data size: 0 Basic stats: NONE Column stats: NONE
                           tag: -1
                           value expressions: _col2 (type: bigint)
                           auto parallelism: true
@@ -3349,14 +3439,17 @@ STAGE PLANS:
                   0 {KEY.reducesinkkey0} {VALUE._col0}
                   1 {KEY.reducesinkkey0} {VALUE._col0} {VALUE._col1}
                 outputColumnNames: _col0, _col1, _col2, _col3, _col4
+                Statistics: Num rows: 0 Data size: 0 Basic stats: NONE Column stats: NONE
                 Select Operator
                   expressions: _col0 (type: string), _col1 (type: bigint), _col2 (type: string), _col3 (type: string), _col4 (type: bigint)
                   outputColumnNames: _col0, _col1, _col2, _col3, _col4
+                  Statistics: Num rows: 0 Data size: 0 Basic stats: NONE Column stats: NONE
                   File Output Operator
                     compressed: false
                     GlobalTableId: 0
 #### A masked pattern was here ####
                     NumFilesPerFileSink: 1
+                    Statistics: Num rows: 0 Data size: 0 Basic stats: NONE Column stats: NONE
 #### A masked pattern was here ####
                     table:
                         input format: org.apache.hadoop.mapred.TextInputFormat
@@ -3380,10 +3473,12 @@ STAGE PLANS:
                 keys: KEY._col0 (type: string), KEY._col1 (type: string)
                 mode: partials
                 outputColumnNames: _col0, _col1, _col2
+                Statistics: Num rows: 0 Data size: 0 Basic stats: NONE Column stats: NONE
                 Reduce Output Operator
                   key expressions: _col0 (type: string), _col1 (type: string)
                   sort order: ++
                   Map-reduce partition columns: _col0 (type: string), _col1 (type: string)
+                  Statistics: Num rows: 0 Data size: 0 Basic stats: NONE Column stats: NONE
                   tag: -1
                   value expressions: _col2 (type: bigint)
                   auto parallelism: true
@@ -3395,13 +3490,16 @@ STAGE PLANS:
                 keys: KEY._col0 (type: string), KEY._col1 (type: string)
                 mode: final
                 outputColumnNames: _col0, _col1, _col2
+                Statistics: Num rows: 0 Data size: 0 Basic stats: NONE Column stats: NONE
                 Select Operator
                   expressions: _col0 (type: string), _col1 (type: string), _col2 (type: bigint)
                   outputColumnNames: _col0, _col1, _col2
+                  Statistics: Num rows: 0 Data size: 0 Basic stats: NONE Column stats: NONE
                   Reduce Output Operator
                     key expressions: _col0 (type: string)
                     sort order: +
                     Map-reduce partition columns: _col0 (type: string)
+                    Statistics: Num rows: 0 Data size: 0 Basic stats: NONE Column stats: NONE
                     tag: 1
                     value expressions: _col1 (type: string), _col2 (type: bigint)
                     auto parallelism: true
@@ -3488,20 +3586,24 @@ STAGE PLANS:
             Map Operator Tree:
                 TableScan
                   alias: t2
+                  Statistics: Num rows: 0 Data size: 30 Basic stats: PARTIAL Column stats: NONE
                   GatherStats: false
                   Select Operator
                     expressions: key (type: string)
                     outputColumnNames: key
+                    Statistics: Num rows: 0 Data size: 30 Basic stats: PARTIAL Column stats: NONE
                     Group By Operator
                       aggregations: count(1)
                       bucketGroup: true
                       keys: key (type: string)
                       mode: hash
                       outputColumnNames: _col0, _col1
+                      Statistics: Num rows: 0 Data size: 0 Basic stats: NONE Column stats: NONE
                       Reduce Output Operator
                         key expressions: _col0 (type: string)
                         sort order: +
                         Map-reduce partition columns: rand() (type: double)
+                        Statistics: Num rows: 0 Data size: 0 Basic stats: NONE Column stats: NONE
                         tag: -1
                         value expressions: _col1 (type: bigint)
                         auto parallelism: true
@@ -3566,10 +3668,12 @@ STAGE PLANS:
                 keys: KEY._col0 (type: string)
                 mode: partials
                 outputColumnNames: _col0, _col1
+                Statistics: Num rows: 0 Data size: 0 Basic stats: NONE Column stats: NONE
                 Reduce Output Operator
                   key expressions: _col0 (type: string)
                   sort order: +
                   Map-reduce partition columns: _col0 (type: string)
+                  Statistics: Num rows: 0 Data size: 0 Basic stats: NONE Column stats: NONE
                   tag: -1
                   value expressions: _col1 (type: bigint)
                   auto parallelism: true
@@ -3581,14 +3685,17 @@ STAGE PLANS:
                 keys: KEY._col0 (type: string)
                 mode: final
                 outputColumnNames: _col0, _col1
+                Statistics: Num rows: 0 Data size: 0 Basic stats: NONE Column stats: NONE
                 Select Operator
                   expressions: UDFToInteger(_col0) (type: int), UDFToInteger(_col1) (type: int)
                   outputColumnNames: _col0, _col1
+                  Statistics: Num rows: 0 Data size: 0 Basic stats: NONE Column stats: NONE
                   File Output Operator
                     compressed: false
                     GlobalTableId: 1
 #### A masked pattern was here ####
                     NumFilesPerFileSink: 1
+                    Statistics: Num rows: 0 Data size: 0 Basic stats: NONE Column stats: NONE
 #### A masked pattern was here ####
                     table:
                         input format: org.apache.hadoop.mapred.TextInputFormat
@@ -3735,23 +3842,28 @@ STAGE PLANS:
             Map Operator Tree:
                 TableScan
                   alias: t2
+                  Statistics: Num rows: 0 Data size: 30 Basic stats: PARTIAL Column stats: NONE
                   GatherStats: false
                   Select Operator
                     expressions: key (type: string), val (type: string)
                     outputColumnNames: key, val
+                    Statistics: Num rows: 0 Data size: 30 Basic stats: PARTIAL Column stats: NONE
                     Group By Operator
                       aggregations: count(1)
                       keys: key (type: string), 1 (type: int), val (type: string)
                       mode: final
                       outputColumnNames: _col0, _col1, _col2, _col3
+                      Statistics: Num rows: 0 Data size: 0 Basic stats: NONE Column stats: NONE
                       Select Operator
                         expressions: UDFToInteger(_col0) (type: int), _col1 (type: int), _col2 (type: string), UDFToInteger(_col3) (type: int)
                         outputColumnNames: _col0, _col1, _col2, _col3
+                        Statistics: Num rows: 0 Data size: 0 Basic stats: NONE Column stats: NONE
                         File Output Operator
                           compressed: false
                           GlobalTableId: 1
 #### A masked pattern was here ####
                           NumFilesPerFileSink: 1
+                          Statistics: Num rows: 0 Data size: 0 Basic stats: NONE Column stats: NONE
 #### A masked pattern was here ####
                           table:
                               input format: org.apache.hadoop.mapred.TextInputFormat
@@ -3965,23 +4077,28 @@ STAGE PLANS:
             Map Operator Tree:
                 TableScan
                   alias: t2
+                  Statistics: Num rows: 0 Data size: 30 Basic stats: PARTIAL Column stats: NONE
                   GatherStats: false
                   Select Operator
                     expressions: key (type: string), val (type: string)
                     outputColumnNames: key, val
+                    Statistics: Num rows: 0 Data size: 30 Basic stats: PARTIAL Column stats: NONE
                     Group By Operator
                       aggregations: count(1)
                       keys: key (type: string), 1 (type: int), val (type: string), 2 (type: int)
                       mode: final
                       outputColumnNames: _col0, _col1, _col2, _col3, _col4
+                      Statistics: Num rows: 0 Data size: 0 Basic stats: NONE Column stats: NONE
                       Select Operator
                         expressions: UDFToInteger(_col0) (type: int), _col1 (type: int), _col2 (type: string), _col3 (type: int), UDFToInteger(_col4) (type: int)
                         outputColumnNames: _col0, _col1, _col2, _col3, _col4
+                        Statistics: Num rows: 0 Data size: 0 Basic stats: NONE Column stats: NONE
                         File Output Operator
                           compressed: false
                           GlobalTableId: 1
 #### A masked pattern was here ####
                           NumFilesPerFileSink: 1
+                          Statistics: Num rows: 0 Data size: 0 Basic stats: NONE Column stats: NONE
 #### A masked pattern was here ####
                           table:
                               input format: org.apache.hadoop.mapred.TextInputFormat
@@ -4199,23 +4316,28 @@ STAGE PLANS:
             Map Operator Tree:
                 TableScan
                   alias: t2
+                  Statistics: Num rows: 0 Data size: 30 Basic stats: PARTIAL Column stats: NONE
                   GatherStats: false
                   Select Operator
                     expressions: key (type: string), 1 (type: int), val (type: string)
                     outputColumnNames: _col0, _col1, _col2
+                    Statistics: Num rows: 0 Data size: 30 Basic stats: PARTIAL Column stats: NONE
                     Group By Operator
                       aggregations: count(1)
                       keys: _col0 (type: string), _col1 (type: int), _col2 (type: string)
                       mode: final
                       outputColumnNames: _col0, _col1, _col2, _col3
+                      Statistics: Num rows: 0 Data size: 0 Basic stats: NONE Column stats: NONE
                       Select Operator
                         expressions: UDFToInteger(_col0) (type: int), _col1 (type: int), _col2 (type: string), UDFToInteger(_col3) (type: int)
                         outputColumnNames: _col0, _col1, _col2, _col3
+                        Statistics: Num rows: 0 Data size: 0 Basic stats: NONE Column stats: NONE
                         File Output Operator
                           compressed: false
                           GlobalTableId: 1
 #### A masked pattern was here ####
                           NumFilesPerFileSink: 1
+                          Statistics: Num rows: 0 Data size: 0 Basic stats: NONE Column stats: NONE
 #### A masked pattern was here ####
                           table:
                               input format: org.apache.hadoop.mapred.TextInputFormat
@@ -4472,23 +4594,28 @@ STAGE PLANS:
             Map Operator Tree:
                 TableScan
                   alias: t2
+                  Statistics: Num rows: 0 Data size: 30 Basic stats: PARTIAL Column stats: NONE
                   GatherStats: false
                   Select Operator
                     expressions: key (type: string), 2 (type: int), val (type: string)
                     outputColumnNames: _col0, _col3, _col2
+                    Statistics: Num rows: 0 Data size: 30 Basic stats: PARTIAL Column stats: NONE
                     Group By Operator
                       aggregations: count(1)
                       keys: _col0 (type: string), _col3 (type: int), _col2 (type: string)
                       mode: final
                       outputColumnNames: _col0, _col1, _col2, _col3
+                      Statistics: Num rows: 0 Data size: 0 Basic stats: NONE Column stats: NONE
                       Select Operator
                         expressions: UDFToInteger(_col0) (type: int), _col1 (type: int), _col2 (type: string), UDFToInteger(_col3) (type: int)
                         outputColumnNames: _col0, _col1, _col2, _col3
+                        Statistics: Num rows: 0 Data size: 0 Basic stats: NONE Column stats: NONE
                         File Output Operator
                           compressed: false
                           GlobalTableId: 1
 #### A masked pattern was here ####
                           NumFilesPerFileSink: 1
+                          Statistics: Num rows: 0 Data size: 0 Basic stats: NONE Column stats: NONE
 #### A masked pattern was here ####
                           table:
                               input format: org.apache.hadoop.mapred.TextInputFormat
@@ -4686,6 +4813,7 @@ STAGE PLANS:
             Map Operator Tree:
                 TableScan
                   alias: t2
+                  Statistics: Num rows: 0 Data size: 30 Basic stats: PARTIAL Column stats: NONE
                   File Output Operator
                     compressed: true
                     table:
@@ -4706,16 +4834,19 @@ STAGE PLANS:
                   Select Operator
                     expressions: key (type: string)
                     outputColumnNames: key
+                    Statistics: Num rows: 0 Data size: 30 Basic stats: PARTIAL Column stats: NONE
                     Group By Operator
                       aggregations: count(1)
                       bucketGroup: true
                       keys: key (type: string)
                       mode: hash
                       outputColumnNames: _col0, _col1
+                      Statistics: Num rows: 0 Data size: 0 Basic stats: NONE Column stats: NONE
                       Reduce Output Operator
                         key expressions: _col0 (type: string)
                         sort order: +
                         Map-reduce partition columns: rand() (type: double)
+                        Statistics: Num rows: 0 Data size: 0 Basic stats: NONE Column stats: NONE
                         value expressions: _col1 (type: bigint)
         Reducer 4 
             Reduce Operator Tree:
@@ -4724,10 +4855,12 @@ STAGE PLANS:
                 keys: KEY._col0 (type: string)
                 mode: partials
                 outputColumnNames: _col0, _col1
+                Statistics: Num rows: 0 Data size: 0 Basic stats: NONE Column stats: NONE
                 Reduce Output Operator
                   key expressions: _col0 (type: string)
                   sort order: +
                   Map-reduce partition columns: _col0 (type: string)
+                  Statistics: Num rows: 0 Data size: 0 Basic stats: NONE Column stats: NONE
                   value expressions: _col1 (type: bigint)
         Reducer 5 
             Reduce Operator Tree:
@@ -4736,11 +4869,14 @@ STAGE PLANS:
                 keys: KEY._col0 (type: string)
                 mode: final
                 outputColumnNames: _col0, _col1
+                Statistics: Num rows: 0 Data size: 0 Basic stats: NONE Column stats: NONE
                 Select Operator
                   expressions: UDFToInteger(_col0) (type: int), UDFToInteger(_col1) (type: int)
                   outputColumnNames: _col0, _col1
+                  Statistics: Num rows: 0 Data size: 0 Basic stats: NONE Column stats: NONE
                   File Output Operator
                     compressed: true
+                    Statistics: Num rows: 0 Data size: 0 Basic stats: NONE Column stats: NONE
                     table:
                         input format: org.apache.hadoop.mapred.TextInputFormat
                         output format: org.apache.hadoop.hive.ql.io.HiveIgnoreKeyTextOutputFormat
@@ -4786,16 +4922,20 @@ STAGE PLANS:
                   Select Operator
                     expressions: key (type: string), val (type: string)
                     outputColumnNames: key, val
+                    Statistics: Num rows: 0 Data size: 30 Basic stats: PARTIAL Column stats: NONE
                     Group By Operator
                       aggregations: count(1)
                       keys: key (type: string), val (type: string)
                       mode: final
                       outputColumnNames: _col0, _col1, _col2
+                      Statistics: Num rows: 0 Data size: 0 Basic stats: NONE Column stats: NONE
                       Select Operator
                         expressions: UDFToInteger(_col0) (type: int), _col1 (type: string), UDFToInteger(_col2) (type: int)
                         outputColumnNames: _col0, _col1, _col2
+                        Statistics: Num rows: 0 Data size: 0 Basic stats: NONE Column stats: NONE
                         File Output Operator
                           compressed: true
+                          Statistics: Num rows: 0 Data size: 0 Basic stats: NONE Column stats: NONE
                           table:
                               input format: org.apache.hadoop.mapred.TextInputFormat
                               output format: org.apache.hadoop.hive.ql.io.HiveIgnoreKeyTextOutputFormat
@@ -4881,11 +5021,14 @@ STAGE PLANS:
             Map Operator Tree:
                 TableScan
                   alias: t2
+                  Statistics: Num rows: 0 Data size: 30 Basic stats: PARTIAL Column stats: NONE
                   Filter Operator
                     predicate: (key = 8) (type: boolean)
+                    Statistics: Num rows: 0 Data size: 0 Basic stats: NONE Column stats: NONE
                     Select Operator
                       expressions: val (type: string)
                       outputColumnNames: _col1
+                      Statistics: Num rows: 0 Data size: 0 Basic stats: NONE Column stats: NONE
                       File Output Operator
                         compressed: true
                         table:
@@ -4906,16 +5049,19 @@ STAGE PLANS:
                   Select Operator
                     expressions: '8' (type: string)
                     outputColumnNames: _col0
+                    Statistics: Num rows: 0 Data size: 0 Basic stats: NONE Column stats: NONE
                     Group By Operator
                       aggregations: count(1)
                       bucketGroup: true
                       keys: _col0 (type: string)
                       mode: hash
                       outputColumnNames: _col0, _col1
+                      Statistics: Num rows: 0 Data size: 0 Basic stats: NONE Column stats: NONE
                       Reduce Output Operator
                         key expressions: _col0 (type: string)
                         sort order: +
                         Map-reduce partition columns: rand() (type: double)
+                        Statistics: Num rows: 0 Data size: 0 Basic stats: NONE Column stats: NONE
                         value expressions: _col1 (type: bigint)
         Reducer 4 
             Reduce Operator Tree:
@@ -4924,10 +5070,12 @@ STAGE PLANS:
                 keys: KEY._col0 (type: string)
                 mode: partials
                 outputColumnNames: _col0, _col1
+                Statistics: Num rows: 0 Data size: 0 Basic stats: NONE Column stats: NONE
                 Reduce Output Operator
                   key expressions: _col0 (type: string)
                   sort order: +
                   Map-reduce partition columns: _col0 (type: string)
+                  Statistics: Num rows: 0 Data size: 0 Basic stats: NONE Column stats: NONE
                   value expressions: _col1 (type: bigint)
         Reducer 5 
             Reduce Operator Tree:
@@ -4936,11 +5084,14 @@ STAGE PLANS:
                 keys: KEY._col0 (type: string)
                 mode: final
                 outputColumnNames: _col0, _col1
+                Statistics: Num rows: 0 Data size: 0 Basic stats: NONE Column stats: NONE
                 Select Operator
                   expressions: UDFToInteger(_col0) (type: int), UDFToInteger(_col1) (type: int)
                   outputColumnNames: _col0, _col1
+                  Statistics: Num rows: 0 Data size: 0 Basic stats: NONE Column stats: NONE
                   File Output Operator
                     compressed: true
+                    Statistics: Num rows: 0 Data size: 0 Basic stats: NONE Column stats: NONE
                     table:
                         input format: org.apache.hadoop.mapred.TextInputFormat
                         output format: org.apache.hadoop.hive.ql.io.HiveIgnoreKeyTextOutputFormat
@@ -4986,16 +5137,20 @@ STAGE PLANS:
                   Select Operator
                     expressions: '8' (type: string), _col1 (type: string)
                     outputColumnNames: _col0, _col1
+                    Statistics: Num rows: 0 Data size: 0 Basic stats: NONE Column stats: NONE
                     Group By Operator
                       aggregations: count(1)
                       keys: _col0 (type: string), _col1 (type: string)
                       mode: final
                       outputColumnNames: _col0, _col1, _col2
+                      Statistics: Num rows: 0 Data size: 0 Basic stats: NONE Column stats: NONE
                       Select Operator
                         expressions: UDFToInteger(_col0) (type: int), _col1 (type: string), UDFToInteger(_col2) (type: int)
                         outputColumnNames: _col0, _col1, _col2
+                        Statistics: Num rows: 0 Data size: 0 Basic stats: NONE Column stats: NONE
                         File Output Operator
                           compressed: true
+                          Statistics: Num rows: 0 Data size: 0 Basic stats: NONE Column stats: NONE
                           table:
                               input format: org.apache.hadoop.mapred.TextInputFormat
                               output format: org.apache.hadoop.hive.ql.io.HiveIgnoreKeyTextOutputFormat
diff --git a/ql/src/test/results/clientpositive/spark/having.q.out b/ql/src/test/results/clientpositive/spark/having.q.out
index b376e83881..5e9f20d4d6 100644
--- a/ql/src/test/results/clientpositive/spark/having.q.out
+++ b/ql/src/test/results/clientpositive/spark/having.q.out
@@ -19,18 +19,22 @@ STAGE PLANS:
             Map Operator Tree:
                 TableScan
                   alias: src
+                  Statistics: Num rows: 500 Data size: 5312 Basic stats: COMPLETE Column stats: NONE
                   Select Operator
                     expressions: key (type: string), value (type: string)
                     outputColumnNames: key, value
+                    Statistics: Num rows: 500 Data size: 5312 Basic stats: COMPLETE Column stats: NONE
                     Group By Operator
                       aggregations: count(value)
                       keys: key (type: string)
                       mode: hash
                       outputColumnNames: _col0, _col1
+                      Statistics: Num rows: 500 Data size: 5312 Basic stats: COMPLETE Column stats: NONE
                       Reduce Output Operator
                         key expressions: _col0 (type: string)
                         sort order: +
                         Map-reduce partition columns: _col0 (type: string)
+                        Statistics: Num rows: 500 Data size: 5312 Basic stats: COMPLETE Column stats: NONE
                         value expressions: _col1 (type: bigint)
         Reducer 2 
             Reduce Operator Tree:
@@ -39,13 +43,17 @@ STAGE PLANS:
                 keys: KEY._col0 (type: string)
                 mode: mergepartial
                 outputColumnNames: _col0, _col1
+                Statistics: Num rows: 250 Data size: 2656 Basic stats: COMPLETE Column stats: NONE
                 Filter Operator
                   predicate: (_col1 > 3) (type: boolean)
+                  Statistics: Num rows: 83 Data size: 881 Basic stats: COMPLETE Column stats: NONE
                   Select Operator
                     expressions: _col1 (type: bigint)
                     outputColumnNames: _col0
+                    Statistics: Num rows: 83 Data size: 881 Basic stats: COMPLETE Column stats: NONE
                     File Output Operator
                       compressed: false
+                      Statistics: Num rows: 83 Data size: 881 Basic stats: COMPLETE Column stats: NONE
                       table:
                           input format: org.apache.hadoop.mapred.TextInputFormat
                           output format: org.apache.hadoop.hive.ql.io.HiveIgnoreKeyTextOutputFormat
@@ -94,20 +102,25 @@ STAGE PLANS:
             Map Operator Tree:
                 TableScan
                   alias: src
+                  Statistics: Num rows: 500 Data size: 5312 Basic stats: COMPLETE Column stats: NONE
                   Filter Operator
                     predicate: (key <> 302) (type: boolean)
+                    Statistics: Num rows: 500 Data size: 5312 Basic stats: COMPLETE Column stats: NONE
                     Select Operator
                       expressions: key (type: string), value (type: string)
                       outputColumnNames: key, value
+                      Statistics: Num rows: 500 Data size: 5312 Basic stats: COMPLETE Column stats: NONE
                       Group By Operator
                         aggregations: max(value)
                         keys: key (type: string)
                         mode: hash
                         outputColumnNames: _col0, _col1
+                        Statistics: Num rows: 500 Data size: 5312 Basic stats: COMPLETE Column stats: NONE
                         Reduce Output Operator
                           key expressions: _col0 (type: string)
                           sort order: +
                           Map-reduce partition columns: _col0 (type: string)
+                          Statistics: Num rows: 500 Data size: 5312 Basic stats: COMPLETE Column stats: NONE
                           value expressions: _col1 (type: string)
         Reducer 2 
             Reduce Operator Tree:
@@ -116,11 +129,14 @@ STAGE PLANS:
                 keys: KEY._col0 (type: string)
                 mode: mergepartial
                 outputColumnNames: _col0, _col1
+                Statistics: Num rows: 250 Data size: 2656 Basic stats: COMPLETE Column stats: NONE
                 Select Operator
                   expressions: _col0 (type: string), _col1 (type: string)
                   outputColumnNames: _col0, _col1
+                  Statistics: Num rows: 250 Data size: 2656 Basic stats: COMPLETE Column stats: NONE
                   File Output Operator
                     compressed: false
+                    Statistics: Num rows: 250 Data size: 2656 Basic stats: COMPLETE Column stats: NONE
                     table:
                         input format: org.apache.hadoop.mapred.TextInputFormat
                         output format: org.apache.hadoop.hive.ql.io.HiveIgnoreKeyTextOutputFormat
@@ -467,18 +483,22 @@ STAGE PLANS:
             Map Operator Tree:
                 TableScan
                   alias: src
+                  Statistics: Num rows: 500 Data size: 5312 Basic stats: COMPLETE Column stats: NONE
                   Select Operator
                     expressions: key (type: string), value (type: string)
                     outputColumnNames: key, value
+                    Statistics: Num rows: 500 Data size: 5312 Basic stats: COMPLETE Column stats: NONE
                     Group By Operator
                       aggregations: max(value)
                       keys: key (type: string)
                       mode: hash
                       outputColumnNames: _col0, _col1
+                      Statistics: Num rows: 500 Data size: 5312 Basic stats: COMPLETE Column stats: NONE
                       Reduce Output Operator
                         key expressions: _col0 (type: string)
                         sort order: +
                         Map-reduce partition columns: _col0 (type: string)
+                        Statistics: Num rows: 500 Data size: 5312 Basic stats: COMPLETE Column stats: NONE
                         value expressions: _col1 (type: string)
         Reducer 2 
             Reduce Operator Tree:
@@ -487,13 +507,17 @@ STAGE PLANS:
                 keys: KEY._col0 (type: string)
                 mode: mergepartial
                 outputColumnNames: _col0, _col1
+                Statistics: Num rows: 250 Data size: 2656 Basic stats: COMPLETE Column stats: NONE
                 Filter Operator
                   predicate: (_col1 > 'val_255') (type: boolean)
+                  Statistics: Num rows: 83 Data size: 881 Basic stats: COMPLETE Column stats: NONE
                   Select Operator
                     expressions: _col0 (type: string)
                     outputColumnNames: _col0
+                    Statistics: Num rows: 83 Data size: 881 Basic stats: COMPLETE Column stats: NONE
                     File Output Operator
                       compressed: false
+                      Statistics: Num rows: 83 Data size: 881 Basic stats: COMPLETE Column stats: NONE
                       table:
                           input format: org.apache.hadoop.mapred.TextInputFormat
                           output format: org.apache.hadoop.hive.ql.io.HiveIgnoreKeyTextOutputFormat
@@ -731,20 +755,25 @@ STAGE PLANS:
             Map Operator Tree:
                 TableScan
                   alias: src
+                  Statistics: Num rows: 500 Data size: 5312 Basic stats: COMPLETE Column stats: NONE
                   Filter Operator
                     predicate: (key > 300) (type: boolean)
+                    Statistics: Num rows: 166 Data size: 1763 Basic stats: COMPLETE Column stats: NONE
                     Select Operator
                       expressions: key (type: string), value (type: string)
                       outputColumnNames: key, value
+                      Statistics: Num rows: 166 Data size: 1763 Basic stats: COMPLETE Column stats: NONE
                       Group By Operator
                         aggregations: max(value)
                         keys: key (type: string)
                         mode: hash
                         outputColumnNames: _col0, _col1
+                        Statistics: Num rows: 166 Data size: 1763 Basic stats: COMPLETE Column stats: NONE
                         Reduce Output Operator
                           key expressions: _col0 (type: string)
                           sort order: +
                           Map-reduce partition columns: _col0 (type: string)
+                          Statistics: Num rows: 166 Data size: 1763 Basic stats: COMPLETE Column stats: NONE
                           value expressions: _col1 (type: string)
         Reducer 2 
             Reduce Operator Tree:
@@ -753,13 +782,17 @@ STAGE PLANS:
                 keys: KEY._col0 (type: string)
                 mode: mergepartial
                 outputColumnNames: _col0, _col1
+                Statistics: Num rows: 83 Data size: 881 Basic stats: COMPLETE Column stats: NONE
                 Filter Operator
                   predicate: (_col1 > 'val_255') (type: boolean)
+                  Statistics: Num rows: 27 Data size: 286 Basic stats: COMPLETE Column stats: NONE
                   Select Operator
                     expressions: _col0 (type: string)
                     outputColumnNames: _col0
+                    Statistics: Num rows: 27 Data size: 286 Basic stats: COMPLETE Column stats: NONE
                     File Output Operator
                       compressed: false
+                      Statistics: Num rows: 27 Data size: 286 Basic stats: COMPLETE Column stats: NONE
                       table:
                           input format: org.apache.hadoop.mapred.TextInputFormat
                           output format: org.apache.hadoop.hive.ql.io.HiveIgnoreKeyTextOutputFormat
@@ -923,18 +956,22 @@ STAGE PLANS:
             Map Operator Tree:
                 TableScan
                   alias: src
+                  Statistics: Num rows: 500 Data size: 5312 Basic stats: COMPLETE Column stats: NONE
                   Select Operator
                     expressions: key (type: string), value (type: string)
                     outputColumnNames: key, value
+                    Statistics: Num rows: 500 Data size: 5312 Basic stats: COMPLETE Column stats: NONE
                     Group By Operator
                       aggregations: max(value)
                       keys: key (type: string)
                       mode: hash
                       outputColumnNames: _col0, _col1
+                      Statistics: Num rows: 500 Data size: 5312 Basic stats: COMPLETE Column stats: NONE
                       Reduce Output Operator
                         key expressions: _col0 (type: string)
                         sort order: +
                         Map-reduce partition columns: _col0 (type: string)
+                        Statistics: Num rows: 500 Data size: 5312 Basic stats: COMPLETE Column stats: NONE
                         value expressions: _col1 (type: string)
         Reducer 2 
             Reduce Operator Tree:
@@ -943,13 +980,17 @@ STAGE PLANS:
                 keys: KEY._col0 (type: string)
                 mode: mergepartial
                 outputColumnNames: _col0, _col1
+                Statistics: Num rows: 250 Data size: 2656 Basic stats: COMPLETE Column stats: NONE
                 Filter Operator
                   predicate: (_col1 > 'val_255') (type: boolean)
+                  Statistics: Num rows: 83 Data size: 881 Basic stats: COMPLETE Column stats: NONE
                   Select Operator
                     expressions: _col0 (type: string), _col1 (type: string)
                     outputColumnNames: _col0, _col1
+                    Statistics: Num rows: 83 Data size: 881 Basic stats: COMPLETE Column stats: NONE
                     File Output Operator
                       compressed: false
+                      Statistics: Num rows: 83 Data size: 881 Basic stats: COMPLETE Column stats: NONE
                       table:
                           input format: org.apache.hadoop.mapred.TextInputFormat
                           output format: org.apache.hadoop.hive.ql.io.HiveIgnoreKeyTextOutputFormat
@@ -1187,18 +1228,22 @@ STAGE PLANS:
             Map Operator Tree:
                 TableScan
                   alias: src
+                  Statistics: Num rows: 500 Data size: 5312 Basic stats: COMPLETE Column stats: NONE
                   Select Operator
                     expressions: key (type: string), value (type: string)
                     outputColumnNames: key, value
+                    Statistics: Num rows: 500 Data size: 5312 Basic stats: COMPLETE Column stats: NONE
                     Group By Operator
                       aggregations: count(value)
                       keys: key (type: string)
                       mode: hash
                       outputColumnNames: _col0, _col1
+                      Statistics: Num rows: 500 Data size: 5312 Basic stats: COMPLETE Column stats: NONE
                       Reduce Output Operator
                         key expressions: _col0 (type: string)
                         sort order: +
                         Map-reduce partition columns: _col0 (type: string)
+                        Statistics: Num rows: 500 Data size: 5312 Basic stats: COMPLETE Column stats: NONE
                         value expressions: _col1 (type: bigint)
         Reducer 2 
             Reduce Operator Tree:
@@ -1207,13 +1252,17 @@ STAGE PLANS:
                 keys: KEY._col0 (type: string)
                 mode: mergepartial
                 outputColumnNames: _col0, _col1
+                Statistics: Num rows: 250 Data size: 2656 Basic stats: COMPLETE Column stats: NONE
                 Filter Operator
                   predicate: (_col1 >= 4) (type: boolean)
+                  Statistics: Num rows: 83 Data size: 881 Basic stats: COMPLETE Column stats: NONE
                   Select Operator
                     expressions: _col0 (type: string), _col1 (type: bigint)
                     outputColumnNames: _col0, _col1
+                    Statistics: Num rows: 83 Data size: 881 Basic stats: COMPLETE Column stats: NONE
                     File Output Operator
                       compressed: false
+                      Statistics: Num rows: 83 Data size: 881 Basic stats: COMPLETE Column stats: NONE
                       table:
                           input format: org.apache.hadoop.mapred.TextInputFormat
                           output format: org.apache.hadoop.hive.ql.io.HiveIgnoreKeyTextOutputFormat
diff --git a/ql/src/test/results/clientpositive/spark/innerjoin.q.out b/ql/src/test/results/clientpositive/spark/innerjoin.q.out
index f15cfe507a..5e1a2aad91 100644
--- a/ql/src/test/results/clientpositive/spark/innerjoin.q.out
+++ b/ql/src/test/results/clientpositive/spark/innerjoin.q.out
@@ -35,23 +35,29 @@ STAGE PLANS:
             Map Operator Tree:
                 TableScan
                   alias: src2
+                  Statistics: Num rows: 500 Data size: 5312 Basic stats: COMPLETE Column stats: NONE
                   Filter Operator
                     predicate: key is not null (type: boolean)
+                    Statistics: Num rows: 250 Data size: 2656 Basic stats: COMPLETE Column stats: NONE
                     Reduce Output Operator
                       key expressions: key (type: string)
                       sort order: +
                       Map-reduce partition columns: key (type: string)
+                      Statistics: Num rows: 250 Data size: 2656 Basic stats: COMPLETE Column stats: NONE
                       value expressions: value (type: string)
         Map 3 
             Map Operator Tree:
                 TableScan
                   alias: src1
+                  Statistics: Num rows: 500 Data size: 5312 Basic stats: COMPLETE Column stats: NONE
                   Filter Operator
                     predicate: key is not null (type: boolean)
+                    Statistics: Num rows: 250 Data size: 2656 Basic stats: COMPLETE Column stats: NONE
                     Reduce Output Operator
                       key expressions: key (type: string)
                       sort order: +
                       Map-reduce partition columns: key (type: string)
+                      Statistics: Num rows: 250 Data size: 2656 Basic stats: COMPLETE Column stats: NONE
         Reducer 2 
             Reduce Operator Tree:
               Join Operator
@@ -61,11 +67,14 @@ STAGE PLANS:
                   0 {KEY.reducesinkkey0}
                   1 {VALUE._col0}
                 outputColumnNames: _col0, _col6
+                Statistics: Num rows: 275 Data size: 2921 Basic stats: COMPLETE Column stats: NONE
                 Select Operator
                   expressions: UDFToInteger(_col0) (type: int), _col6 (type: string)
                   outputColumnNames: _col0, _col1
+                  Statistics: Num rows: 275 Data size: 2921 Basic stats: COMPLETE Column stats: NONE
                   File Output Operator
                     compressed: false
+                    Statistics: Num rows: 275 Data size: 2921 Basic stats: COMPLETE Column stats: NONE
                     table:
                         input format: org.apache.hadoop.mapred.TextInputFormat
                         output format: org.apache.hadoop.hive.ql.io.HiveIgnoreKeyTextOutputFormat
@@ -1192,22 +1201,27 @@ STAGE PLANS:
             Map Operator Tree:
                 TableScan
                   alias: src
+                  Statistics: Num rows: 500 Data size: 5312 Basic stats: COMPLETE Column stats: NONE
                   Reduce Output Operator
                     key expressions: key (type: string)
                     sort order: +
                     Map-reduce partition columns: key (type: string)
+                    Statistics: Num rows: 500 Data size: 5312 Basic stats: COMPLETE Column stats: NONE
                     value expressions: value (type: string)
         Map 3 
             Map Operator Tree:
                 TableScan
                   alias: src
+                  Statistics: Num rows: 500 Data size: 5312 Basic stats: COMPLETE Column stats: NONE
                   Select Operator
                     expressions: key (type: string), value (type: string)
                     outputColumnNames: _col0, _col1
+                    Statistics: Num rows: 500 Data size: 5312 Basic stats: COMPLETE Column stats: NONE
                     Reduce Output Operator
                       key expressions: _col0 (type: string)
                       sort order: +
                       Map-reduce partition columns: _col0 (type: string)
+                      Statistics: Num rows: 500 Data size: 5312 Basic stats: COMPLETE Column stats: NONE
                       value expressions: _col1 (type: string)
         Reducer 2 
             Reduce Operator Tree:
@@ -1218,11 +1232,14 @@ STAGE PLANS:
                   0 {KEY.reducesinkkey0} {VALUE._col0}
                   1 {KEY.reducesinkkey0} {VALUE._col0}
                 outputColumnNames: _col0, _col1, _col2, _col3
+                Statistics: Num rows: 550 Data size: 5843 Basic stats: COMPLETE Column stats: NONE
                 Select Operator
                   expressions: _col0 (type: string), _col1 (type: string), _col2 (type: string), _col3 (type: string)
                   outputColumnNames: _col0, _col1, _col2, _col3
+                  Statistics: Num rows: 550 Data size: 5843 Basic stats: COMPLETE Column stats: NONE
                   File Output Operator
                     compressed: false
+                    Statistics: Num rows: 550 Data size: 5843 Basic stats: COMPLETE Column stats: NONE
                     table:
                         input format: org.apache.hadoop.mapred.TextInputFormat
                         output format: org.apache.hadoop.hive.ql.io.HiveIgnoreKeyTextOutputFormat
diff --git a/ql/src/test/results/clientpositive/spark/input12.q.out b/ql/src/test/results/clientpositive/spark/input12.q.out
index 4b0cf44607..a4b7a3c3e5 100644
--- a/ql/src/test/results/clientpositive/spark/input12.q.out
+++ b/ql/src/test/results/clientpositive/spark/input12.q.out
@@ -60,6 +60,7 @@ STAGE PLANS:
             Map Operator Tree:
                 TableScan
                   alias: src
+                  Statistics: Num rows: 500 Data size: 5312 Basic stats: COMPLETE Column stats: NONE
                   File Output Operator
                     compressed: false
                     table:
@@ -76,11 +77,14 @@ STAGE PLANS:
                 TableScan
                   Filter Operator
                     predicate: (key < 100) (type: boolean)
+                    Statistics: Num rows: 166 Data size: 1763 Basic stats: COMPLETE Column stats: NONE
                     Select Operator
                       expressions: UDFToInteger(key) (type: int), value (type: string)
                       outputColumnNames: _col0, _col1
+                      Statistics: Num rows: 166 Data size: 1763 Basic stats: COMPLETE Column stats: NONE
                       File Output Operator
                         compressed: false
+                        Statistics: Num rows: 166 Data size: 1763 Basic stats: COMPLETE Column stats: NONE
                         table:
                             input format: org.apache.hadoop.mapred.TextInputFormat
                             output format: org.apache.hadoop.hive.ql.io.HiveIgnoreKeyTextOutputFormat
@@ -141,11 +145,14 @@ STAGE PLANS:
                 TableScan
                   Filter Operator
                     predicate: ((key >= 100) and (key < 200)) (type: boolean)
+                    Statistics: Num rows: 55 Data size: 584 Basic stats: COMPLETE Column stats: NONE
                     Select Operator
                       expressions: UDFToInteger(key) (type: int), value (type: string)
                       outputColumnNames: _col0, _col1
+                      Statistics: Num rows: 55 Data size: 584 Basic stats: COMPLETE Column stats: NONE
                       File Output Operator
                         compressed: false
+                        Statistics: Num rows: 55 Data size: 584 Basic stats: COMPLETE Column stats: NONE
                         table:
                             input format: org.apache.hadoop.mapred.TextInputFormat
                             output format: org.apache.hadoop.hive.ql.io.HiveIgnoreKeyTextOutputFormat
@@ -161,11 +168,14 @@ STAGE PLANS:
                 TableScan
                   Filter Operator
                     predicate: (key >= 200) (type: boolean)
+                    Statistics: Num rows: 166 Data size: 1763 Basic stats: COMPLETE Column stats: NONE
                     Select Operator
                       expressions: UDFToInteger(key) (type: int)
                       outputColumnNames: _col0
+                      Statistics: Num rows: 166 Data size: 1763 Basic stats: COMPLETE Column stats: NONE
                       File Output Operator
                         compressed: false
+                        Statistics: Num rows: 166 Data size: 1763 Basic stats: COMPLETE Column stats: NONE
                         table:
                             input format: org.apache.hadoop.mapred.TextInputFormat
                             output format: org.apache.hadoop.hive.ql.io.HiveIgnoreKeyTextOutputFormat
diff --git a/ql/src/test/results/clientpositive/spark/input13.q.out b/ql/src/test/results/clientpositive/spark/input13.q.out
index 260a65ab3e..5c799dc056 100644
--- a/ql/src/test/results/clientpositive/spark/input13.q.out
+++ b/ql/src/test/results/clientpositive/spark/input13.q.out
@@ -60,6 +60,7 @@ STAGE PLANS:
             Map Operator Tree:
                 TableScan
                   alias: src
+                  Statistics: Num rows: 500 Data size: 5312 Basic stats: COMPLETE Column stats: NONE
                   File Output Operator
                     compressed: false
                     table:
@@ -76,11 +77,14 @@ STAGE PLANS:
                 TableScan
                   Filter Operator
                     predicate: (key < 100) (type: boolean)
+                    Statistics: Num rows: 166 Data size: 1763 Basic stats: COMPLETE Column stats: NONE
                     Select Operator
                       expressions: UDFToInteger(key) (type: int), value (type: string)
                       outputColumnNames: _col0, _col1
+                      Statistics: Num rows: 166 Data size: 1763 Basic stats: COMPLETE Column stats: NONE
                       File Output Operator
                         compressed: false
+                        Statistics: Num rows: 166 Data size: 1763 Basic stats: COMPLETE Column stats: NONE
                         table:
                             input format: org.apache.hadoop.mapred.TextInputFormat
                             output format: org.apache.hadoop.hive.ql.io.HiveIgnoreKeyTextOutputFormat
@@ -141,11 +145,14 @@ STAGE PLANS:
                 TableScan
                   Filter Operator
                     predicate: ((key >= 100) and (key < 200)) (type: boolean)
+                    Statistics: Num rows: 55 Data size: 584 Basic stats: COMPLETE Column stats: NONE
                     Select Operator
                       expressions: UDFToInteger(key) (type: int), value (type: string)
                       outputColumnNames: _col0, _col1
+                      Statistics: Num rows: 55 Data size: 584 Basic stats: COMPLETE Column stats: NONE
                       File Output Operator
                         compressed: false
+                        Statistics: Num rows: 55 Data size: 584 Basic stats: COMPLETE Column stats: NONE
                         table:
                             input format: org.apache.hadoop.mapred.TextInputFormat
                             output format: org.apache.hadoop.hive.ql.io.HiveIgnoreKeyTextOutputFormat
@@ -161,11 +168,14 @@ STAGE PLANS:
                 TableScan
                   Filter Operator
                     predicate: ((key >= 200) and (key < 300)) (type: boolean)
+                    Statistics: Num rows: 55 Data size: 584 Basic stats: COMPLETE Column stats: NONE
                     Select Operator
                       expressions: UDFToInteger(key) (type: int)
                       outputColumnNames: _col0
+                      Statistics: Num rows: 55 Data size: 584 Basic stats: COMPLETE Column stats: NONE
                       File Output Operator
                         compressed: false
+                        Statistics: Num rows: 55 Data size: 584 Basic stats: COMPLETE Column stats: NONE
                         table:
                             input format: org.apache.hadoop.mapred.TextInputFormat
                             output format: org.apache.hadoop.hive.ql.io.HiveIgnoreKeyTextOutputFormat
@@ -181,11 +191,14 @@ STAGE PLANS:
                 TableScan
                   Filter Operator
                     predicate: (key >= 300) (type: boolean)
+                    Statistics: Num rows: 166 Data size: 1763 Basic stats: COMPLETE Column stats: NONE
                     Select Operator
                       expressions: value (type: string)
                       outputColumnNames: _col0
+                      Statistics: Num rows: 166 Data size: 1763 Basic stats: COMPLETE Column stats: NONE
                       File Output Operator
                         compressed: false
+                        Statistics: Num rows: 166 Data size: 1763 Basic stats: COMPLETE Column stats: NONE
                         table:
                             input format: org.apache.hadoop.mapred.TextInputFormat
                             output format: org.apache.hadoop.hive.ql.io.HiveIgnoreKeyTextOutputFormat
diff --git a/ql/src/test/results/clientpositive/spark/input14.q.out b/ql/src/test/results/clientpositive/spark/input14.q.out
index 59c67c44db..e7d4db6f44 100644
--- a/ql/src/test/results/clientpositive/spark/input14.q.out
+++ b/ql/src/test/results/clientpositive/spark/input14.q.out
@@ -41,29 +41,36 @@ STAGE PLANS:
             Map Operator Tree:
                 TableScan
                   alias: src
+                  Statistics: Num rows: 500 Data size: 5312 Basic stats: COMPLETE Column stats: NONE
                   Select Operator
                     expressions: key (type: string), value (type: string)
                     outputColumnNames: _col0, _col1
+                    Statistics: Num rows: 500 Data size: 5312 Basic stats: COMPLETE Column stats: NONE
                     Transform Operator
                       command: cat
                       output info:
                           input format: org.apache.hadoop.mapred.TextInputFormat
                           output format: org.apache.hadoop.hive.ql.io.HiveIgnoreKeyTextOutputFormat
                           serde: org.apache.hadoop.hive.serde2.lazy.LazySimpleSerDe
+                      Statistics: Num rows: 500 Data size: 5312 Basic stats: COMPLETE Column stats: NONE
                       Filter Operator
                         predicate: (_col0 < 100) (type: boolean)
+                        Statistics: Num rows: 166 Data size: 1763 Basic stats: COMPLETE Column stats: NONE
                         Reduce Output Operator
                           key expressions: _col0 (type: string)
                           sort order: +
                           Map-reduce partition columns: _col0 (type: string)
+                          Statistics: Num rows: 166 Data size: 1763 Basic stats: COMPLETE Column stats: NONE
                           value expressions: _col0 (type: string), _col1 (type: string)
         Reducer 2 
             Reduce Operator Tree:
               Select Operator
                 expressions: UDFToInteger(VALUE._col0) (type: int), VALUE._col1 (type: string)
                 outputColumnNames: _col0, _col1
+                Statistics: Num rows: 166 Data size: 1763 Basic stats: COMPLETE Column stats: NONE
                 File Output Operator
                   compressed: false
+                  Statistics: Num rows: 166 Data size: 1763 Basic stats: COMPLETE Column stats: NONE
                   table:
                       input format: org.apache.hadoop.mapred.TextInputFormat
                       output format: org.apache.hadoop.hive.ql.io.HiveIgnoreKeyTextOutputFormat
diff --git a/ql/src/test/results/clientpositive/spark/input17.q.out b/ql/src/test/results/clientpositive/spark/input17.q.out
index eddc8c448c..0882a29d76 100644
--- a/ql/src/test/results/clientpositive/spark/input17.q.out
+++ b/ql/src/test/results/clientpositive/spark/input17.q.out
@@ -41,27 +41,33 @@ STAGE PLANS:
             Map Operator Tree:
                 TableScan
                   alias: src_thrift
+                  Statistics: Num rows: 11 Data size: 3070 Basic stats: COMPLETE Column stats: NONE
                   Select Operator
                     expressions: (aint + lint[0]) (type: int), lintstring[0] (type: struct<myint:int,mystring:string,underscore_int:int>)
                     outputColumnNames: _col0, _col1
+                    Statistics: Num rows: 11 Data size: 3070 Basic stats: COMPLETE Column stats: NONE
                     Transform Operator
                       command: cat
                       output info:
                           input format: org.apache.hadoop.mapred.TextInputFormat
                           output format: org.apache.hadoop.hive.ql.io.HiveIgnoreKeyTextOutputFormat
                           serde: org.apache.hadoop.hive.serde2.lazy.LazySimpleSerDe
+                      Statistics: Num rows: 11 Data size: 3070 Basic stats: COMPLETE Column stats: NONE
                       Reduce Output Operator
                         key expressions: _col0 (type: string)
                         sort order: +
                         Map-reduce partition columns: _col0 (type: string)
+                        Statistics: Num rows: 11 Data size: 3070 Basic stats: COMPLETE Column stats: NONE
                         value expressions: _col0 (type: string), _col1 (type: string)
         Reducer 2 
             Reduce Operator Tree:
               Select Operator
                 expressions: UDFToInteger(VALUE._col0) (type: int), VALUE._col1 (type: string)
                 outputColumnNames: _col0, _col1
+                Statistics: Num rows: 11 Data size: 3070 Basic stats: COMPLETE Column stats: NONE
                 File Output Operator
                   compressed: false
+                  Statistics: Num rows: 11 Data size: 3070 Basic stats: COMPLETE Column stats: NONE
                   table:
                       input format: org.apache.hadoop.mapred.TextInputFormat
                       output format: org.apache.hadoop.hive.ql.io.HiveIgnoreKeyTextOutputFormat
diff --git a/ql/src/test/results/clientpositive/spark/input18.q.out b/ql/src/test/results/clientpositive/spark/input18.q.out
index 9977be78d3..802fb0adf7 100644
--- a/ql/src/test/results/clientpositive/spark/input18.q.out
+++ b/ql/src/test/results/clientpositive/spark/input18.q.out
@@ -41,29 +41,36 @@ STAGE PLANS:
             Map Operator Tree:
                 TableScan
                   alias: src
+                  Statistics: Num rows: 500 Data size: 5312 Basic stats: COMPLETE Column stats: NONE
                   Select Operator
                     expressions: key (type: string), value (type: string), 3 (type: int), 7 (type: int)
                     outputColumnNames: _col0, _col1, _col2, _col3
+                    Statistics: Num rows: 500 Data size: 5312 Basic stats: COMPLETE Column stats: NONE
                     Transform Operator
                       command: cat
                       output info:
                           input format: org.apache.hadoop.mapred.TextInputFormat
                           output format: org.apache.hadoop.hive.ql.io.HiveIgnoreKeyTextOutputFormat
                           serde: org.apache.hadoop.hive.serde2.lazy.LazySimpleSerDe
+                      Statistics: Num rows: 500 Data size: 5312 Basic stats: COMPLETE Column stats: NONE
                       Filter Operator
                         predicate: (_col0 < 100) (type: boolean)
+                        Statistics: Num rows: 166 Data size: 1763 Basic stats: COMPLETE Column stats: NONE
                         Reduce Output Operator
                           key expressions: _col0 (type: string)
                           sort order: +
                           Map-reduce partition columns: _col0 (type: string)
+                          Statistics: Num rows: 166 Data size: 1763 Basic stats: COMPLETE Column stats: NONE
                           value expressions: _col0 (type: string), _col1 (type: string)
         Reducer 2 
             Reduce Operator Tree:
               Select Operator
                 expressions: UDFToInteger(VALUE._col0) (type: int), regexp_replace(VALUE._col1, '	', '+') (type: string)
                 outputColumnNames: _col0, _col1
+                Statistics: Num rows: 166 Data size: 1763 Basic stats: COMPLETE Column stats: NONE
                 File Output Operator
                   compressed: false
+                  Statistics: Num rows: 166 Data size: 1763 Basic stats: COMPLETE Column stats: NONE
                   table:
                       input format: org.apache.hadoop.mapred.TextInputFormat
                       output format: org.apache.hadoop.hive.ql.io.HiveIgnoreKeyTextOutputFormat
diff --git a/ql/src/test/results/clientpositive/spark/input1_limit.q.out b/ql/src/test/results/clientpositive/spark/input1_limit.q.out
index 1f3b4842d3..1105ed889e 100644
--- a/ql/src/test/results/clientpositive/spark/input1_limit.q.out
+++ b/ql/src/test/results/clientpositive/spark/input1_limit.q.out
@@ -47,6 +47,7 @@ STAGE PLANS:
             Map Operator Tree:
                 TableScan
                   alias: src
+                  Statistics: Num rows: 500 Data size: 5312 Basic stats: COMPLETE Column stats: NONE
                   File Output Operator
                     compressed: false
                     table:
@@ -65,26 +66,34 @@ STAGE PLANS:
                 TableScan
                   Filter Operator
                     predicate: (key < 100) (type: boolean)
+                    Statistics: Num rows: 166 Data size: 1763 Basic stats: COMPLETE Column stats: NONE
                     Select Operator
                       expressions: key (type: string), value (type: string)
                       outputColumnNames: _col0, _col1
+                      Statistics: Num rows: 166 Data size: 1763 Basic stats: COMPLETE Column stats: NONE
                       Limit
                         Number of rows: 10
+                        Statistics: Num rows: 10 Data size: 100 Basic stats: COMPLETE Column stats: NONE
                         Reduce Output Operator
                           sort order: 
+                          Statistics: Num rows: 10 Data size: 100 Basic stats: COMPLETE Column stats: NONE
                           value expressions: _col0 (type: string), _col1 (type: string)
         Reducer 4 
             Reduce Operator Tree:
               Select Operator
                 expressions: VALUE._col0 (type: string), VALUE._col1 (type: string)
                 outputColumnNames: _col0, _col1
+                Statistics: Num rows: 10 Data size: 100 Basic stats: COMPLETE Column stats: NONE
                 Limit
                   Number of rows: 10
+                  Statistics: Num rows: 10 Data size: 100 Basic stats: COMPLETE Column stats: NONE
                   Select Operator
                     expressions: UDFToInteger(_col0) (type: int), _col1 (type: string)
                     outputColumnNames: _col0, _col1
+                    Statistics: Num rows: 10 Data size: 100 Basic stats: COMPLETE Column stats: NONE
                     File Output Operator
                       compressed: false
+                      Statistics: Num rows: 10 Data size: 100 Basic stats: COMPLETE Column stats: NONE
                       table:
                           input format: org.apache.hadoop.mapred.TextInputFormat
                           output format: org.apache.hadoop.hive.ql.io.HiveIgnoreKeyTextOutputFormat
@@ -131,26 +140,34 @@ STAGE PLANS:
                 TableScan
                   Filter Operator
                     predicate: (key < 100) (type: boolean)
+                    Statistics: Num rows: 166 Data size: 1763 Basic stats: COMPLETE Column stats: NONE
                     Select Operator
                       expressions: key (type: string), value (type: string)
                       outputColumnNames: _col0, _col1
+                      Statistics: Num rows: 166 Data size: 1763 Basic stats: COMPLETE Column stats: NONE
                       Limit
                         Number of rows: 5
+                        Statistics: Num rows: 5 Data size: 50 Basic stats: COMPLETE Column stats: NONE
                         Reduce Output Operator
                           sort order: 
+                          Statistics: Num rows: 5 Data size: 50 Basic stats: COMPLETE Column stats: NONE
                           value expressions: _col0 (type: string), _col1 (type: string)
         Reducer 5 
             Reduce Operator Tree:
               Select Operator
                 expressions: VALUE._col0 (type: string), VALUE._col1 (type: string)
                 outputColumnNames: _col0, _col1
+                Statistics: Num rows: 5 Data size: 50 Basic stats: COMPLETE Column stats: NONE
                 Limit
                   Number of rows: 5
+                  Statistics: Num rows: 5 Data size: 50 Basic stats: COMPLETE Column stats: NONE
                   Select Operator
                     expressions: UDFToInteger(_col0) (type: int), _col1 (type: string)
                     outputColumnNames: _col0, _col1
+                    Statistics: Num rows: 5 Data size: 50 Basic stats: COMPLETE Column stats: NONE
                     File Output Operator
                       compressed: false
+                      Statistics: Num rows: 5 Data size: 50 Basic stats: COMPLETE Column stats: NONE
                       table:
                           input format: org.apache.hadoop.mapred.TextInputFormat
                           output format: org.apache.hadoop.hive.ql.io.HiveIgnoreKeyTextOutputFormat
diff --git a/ql/src/test/results/clientpositive/spark/input_part2.q.out b/ql/src/test/results/clientpositive/spark/input_part2.q.out
index f2f3a2d7eb..514f54a610 100644
--- a/ql/src/test/results/clientpositive/spark/input_part2.q.out
+++ b/ql/src/test/results/clientpositive/spark/input_part2.q.out
@@ -146,6 +146,7 @@ STAGE PLANS:
             Map Operator Tree:
                 TableScan
                   alias: srcpart
+                  Statistics: Num rows: 1000 Data size: 10624 Basic stats: COMPLETE Column stats: NONE
                   GatherStats: false
                   File Output Operator
                     compressed: false
@@ -274,14 +275,17 @@ STAGE PLANS:
                   Filter Operator
                     isSamplingPred: false
                     predicate: ((key < 100) and (ds = '2008-04-08')) (type: boolean)
+                    Statistics: Num rows: 333 Data size: 3537 Basic stats: COMPLETE Column stats: NONE
                     Select Operator
                       expressions: UDFToInteger(key) (type: int), value (type: string), hr (type: string), '2008-04-08' (type: string)
                       outputColumnNames: _col0, _col1, _col2, _col3
+                      Statistics: Num rows: 333 Data size: 3537 Basic stats: COMPLETE Column stats: NONE
                       File Output Operator
                         compressed: false
                         GlobalTableId: 1
 #### A masked pattern was here ####
                         NumFilesPerFileSink: 1
+                        Statistics: Num rows: 333 Data size: 3537 Basic stats: COMPLETE Column stats: NONE
 #### A masked pattern was here ####
                         table:
                             input format: org.apache.hadoop.mapred.TextInputFormat
@@ -394,14 +398,17 @@ STAGE PLANS:
                   Filter Operator
                     isSamplingPred: false
                     predicate: ((key < 100) and (ds = '2008-04-09')) (type: boolean)
+                    Statistics: Num rows: 333 Data size: 3537 Basic stats: COMPLETE Column stats: NONE
                     Select Operator
                       expressions: UDFToInteger(key) (type: int), value (type: string), hr (type: string), '2008-04-09' (type: string)
                       outputColumnNames: _col0, _col1, _col2, _col3
+                      Statistics: Num rows: 333 Data size: 3537 Basic stats: COMPLETE Column stats: NONE
                       File Output Operator
                         compressed: false
                         GlobalTableId: 2
 #### A masked pattern was here ####
                         NumFilesPerFileSink: 1
+                        Statistics: Num rows: 333 Data size: 3537 Basic stats: COMPLETE Column stats: NONE
 #### A masked pattern was here ####
                         table:
                             input format: org.apache.hadoop.mapred.TextInputFormat
diff --git a/ql/src/test/results/clientpositive/spark/insert1.q.out b/ql/src/test/results/clientpositive/spark/insert1.q.out
index 65032cb8e3..1b88026ef5 100644
--- a/ql/src/test/results/clientpositive/spark/insert1.q.out
+++ b/ql/src/test/results/clientpositive/spark/insert1.q.out
@@ -48,13 +48,17 @@ STAGE PLANS:
             Map Operator Tree:
                 TableScan
                   alias: a
+                  Statistics: Num rows: 0 Data size: 0 Basic stats: NONE Column stats: NONE
                   Filter Operator
                     predicate: (key = -1) (type: boolean)
+                    Statistics: Num rows: 0 Data size: 0 Basic stats: NONE Column stats: NONE
                     Select Operator
                       expressions: -1 (type: int), value (type: string)
                       outputColumnNames: _col0, _col1
+                      Statistics: Num rows: 0 Data size: 0 Basic stats: NONE Column stats: NONE
                       File Output Operator
                         compressed: false
+                        Statistics: Num rows: 0 Data size: 0 Basic stats: NONE Column stats: NONE
                         table:
                             input format: org.apache.hadoop.mapred.TextInputFormat
                             output format: org.apache.hadoop.hive.ql.io.HiveIgnoreKeyTextOutputFormat
@@ -96,13 +100,17 @@ STAGE PLANS:
             Map Operator Tree:
                 TableScan
                   alias: a
+                  Statistics: Num rows: 0 Data size: 0 Basic stats: NONE Column stats: NONE
                   Filter Operator
                     predicate: (key = -1) (type: boolean)
+                    Statistics: Num rows: 0 Data size: 0 Basic stats: NONE Column stats: NONE
                     Select Operator
                       expressions: -1 (type: int), value (type: string)
                       outputColumnNames: _col0, _col1
+                      Statistics: Num rows: 0 Data size: 0 Basic stats: NONE Column stats: NONE
                       File Output Operator
                         compressed: false
+                        Statistics: Num rows: 0 Data size: 0 Basic stats: NONE Column stats: NONE
                         table:
                             input format: org.apache.hadoop.mapred.TextInputFormat
                             output format: org.apache.hadoop.hive.ql.io.HiveIgnoreKeyTextOutputFormat
@@ -160,13 +168,17 @@ STAGE PLANS:
             Map Operator Tree:
                 TableScan
                   alias: a
+                  Statistics: Num rows: 0 Data size: 0 Basic stats: NONE Column stats: NONE
                   Filter Operator
                     predicate: (key = -1) (type: boolean)
+                    Statistics: Num rows: 0 Data size: 0 Basic stats: NONE Column stats: NONE
                     Select Operator
                       expressions: -1 (type: int), value (type: string)
                       outputColumnNames: _col0, _col1
+                      Statistics: Num rows: 0 Data size: 0 Basic stats: NONE Column stats: NONE
                       File Output Operator
                         compressed: false
+                        Statistics: Num rows: 0 Data size: 0 Basic stats: NONE Column stats: NONE
                         table:
                             input format: org.apache.hadoop.mapred.TextInputFormat
                             output format: org.apache.hadoop.hive.ql.io.HiveIgnoreKeyTextOutputFormat
@@ -208,13 +220,17 @@ STAGE PLANS:
             Map Operator Tree:
                 TableScan
                   alias: a
+                  Statistics: Num rows: 0 Data size: 0 Basic stats: NONE Column stats: NONE
                   Filter Operator
                     predicate: (key = -1) (type: boolean)
+                    Statistics: Num rows: 0 Data size: 0 Basic stats: NONE Column stats: NONE
                     Select Operator
                       expressions: -1 (type: int), value (type: string)
                       outputColumnNames: _col0, _col1
+                      Statistics: Num rows: 0 Data size: 0 Basic stats: NONE Column stats: NONE
                       File Output Operator
                         compressed: false
+                        Statistics: Num rows: 0 Data size: 0 Basic stats: NONE Column stats: NONE
                         table:
                             input format: org.apache.hadoop.mapred.TextInputFormat
                             output format: org.apache.hadoop.hive.ql.io.HiveIgnoreKeyTextOutputFormat
@@ -266,6 +282,7 @@ STAGE PLANS:
             Map Operator Tree:
                 TableScan
                   alias: insert2
+                  Statistics: Num rows: 0 Data size: 0 Basic stats: NONE Column stats: NONE
                   File Output Operator
                     compressed: false
                     table:
@@ -282,11 +299,14 @@ STAGE PLANS:
                 TableScan
                   Filter Operator
                     predicate: (key < 10) (type: boolean)
+                    Statistics: Num rows: 0 Data size: 0 Basic stats: NONE Column stats: NONE
                     Select Operator
                       expressions: key (type: int), value (type: string)
                       outputColumnNames: _col0, _col1
+                      Statistics: Num rows: 0 Data size: 0 Basic stats: NONE Column stats: NONE
                       File Output Operator
                         compressed: false
+                        Statistics: Num rows: 0 Data size: 0 Basic stats: NONE Column stats: NONE
                         table:
                             input format: org.apache.hadoop.mapred.TextInputFormat
                             output format: org.apache.hadoop.hive.ql.io.HiveIgnoreKeyTextOutputFormat
@@ -331,11 +351,14 @@ STAGE PLANS:
                 TableScan
                   Filter Operator
                     predicate: ((key > 10) and (key < 20)) (type: boolean)
+                    Statistics: Num rows: 0 Data size: 0 Basic stats: NONE Column stats: NONE
                     Select Operator
                       expressions: key (type: int), value (type: string)
                       outputColumnNames: _col0, _col1
+                      Statistics: Num rows: 0 Data size: 0 Basic stats: NONE Column stats: NONE
                       File Output Operator
                         compressed: false
+                        Statistics: Num rows: 0 Data size: 0 Basic stats: NONE Column stats: NONE
                         table:
                             input format: org.apache.hadoop.mapred.TextInputFormat
                             output format: org.apache.hadoop.hive.ql.io.HiveIgnoreKeyTextOutputFormat
diff --git a/ql/src/test/results/clientpositive/spark/insert_into1.q.out b/ql/src/test/results/clientpositive/spark/insert_into1.q.out
index 9475f079fc..e9be658c04 100644
--- a/ql/src/test/results/clientpositive/spark/insert_into1.q.out
+++ b/ql/src/test/results/clientpositive/spark/insert_into1.q.out
@@ -31,26 +31,34 @@ STAGE PLANS:
             Map Operator Tree:
                 TableScan
                   alias: src
+                  Statistics: Num rows: 500 Data size: 5312 Basic stats: COMPLETE Column stats: NONE
                   Select Operator
                     expressions: key (type: string), value (type: string)
                     outputColumnNames: _col0, _col1
+                    Statistics: Num rows: 500 Data size: 5312 Basic stats: COMPLETE Column stats: NONE
                     Limit
                       Number of rows: 100
+                      Statistics: Num rows: 100 Data size: 1000 Basic stats: COMPLETE Column stats: NONE
                       Reduce Output Operator
                         sort order: 
+                        Statistics: Num rows: 100 Data size: 1000 Basic stats: COMPLETE Column stats: NONE
                         value expressions: _col0 (type: string), _col1 (type: string)
         Reducer 2 
             Reduce Operator Tree:
               Select Operator
                 expressions: VALUE._col0 (type: string), VALUE._col1 (type: string)
                 outputColumnNames: _col0, _col1
+                Statistics: Num rows: 100 Data size: 1000 Basic stats: COMPLETE Column stats: NONE
                 Limit
                   Number of rows: 100
+                  Statistics: Num rows: 100 Data size: 1000 Basic stats: COMPLETE Column stats: NONE
                   Select Operator
                     expressions: UDFToInteger(_col0) (type: int), _col1 (type: string)
                     outputColumnNames: _col0, _col1
+                    Statistics: Num rows: 100 Data size: 1000 Basic stats: COMPLETE Column stats: NONE
                     File Output Operator
                       compressed: false
+                      Statistics: Num rows: 100 Data size: 1000 Basic stats: COMPLETE Column stats: NONE
                       table:
                           input format: org.apache.hadoop.mapred.TextInputFormat
                           output format: org.apache.hadoop.hive.ql.io.HiveIgnoreKeyTextOutputFormat
@@ -118,13 +126,17 @@ STAGE PLANS:
             Map Operator Tree:
                 TableScan
                   alias: insert_into1
+                  Statistics: Num rows: 0 Data size: 1176 Basic stats: PARTIAL Column stats: COMPLETE
                   Select Operator
+                    Statistics: Num rows: 0 Data size: 1176 Basic stats: PARTIAL Column stats: COMPLETE
                     Group By Operator
                       aggregations: count()
                       mode: hash
                       outputColumnNames: _col0
+                      Statistics: Num rows: 1 Data size: 8 Basic stats: COMPLETE Column stats: COMPLETE
                       Reduce Output Operator
                         sort order: 
+                        Statistics: Num rows: 1 Data size: 8 Basic stats: COMPLETE Column stats: COMPLETE
                         value expressions: _col0 (type: bigint)
         Reducer 2 
             Reduce Operator Tree:
@@ -132,11 +144,14 @@ STAGE PLANS:
                 aggregations: count(VALUE._col0)
                 mode: mergepartial
                 outputColumnNames: _col0
+                Statistics: Num rows: 1 Data size: 8 Basic stats: COMPLETE Column stats: COMPLETE
                 Select Operator
                   expressions: _col0 (type: bigint)
                   outputColumnNames: _col0
+                  Statistics: Num rows: 1 Data size: 8 Basic stats: COMPLETE Column stats: COMPLETE
                   File Output Operator
                     compressed: false
+                    Statistics: Num rows: 1 Data size: 8 Basic stats: COMPLETE Column stats: COMPLETE
                     table:
                         input format: org.apache.hadoop.mapred.TextInputFormat
                         output format: org.apache.hadoop.hive.ql.io.HiveIgnoreKeyTextOutputFormat
@@ -178,26 +193,34 @@ STAGE PLANS:
             Map Operator Tree:
                 TableScan
                   alias: src
+                  Statistics: Num rows: 500 Data size: 5312 Basic stats: COMPLETE Column stats: NONE
                   Select Operator
                     expressions: key (type: string), value (type: string)
                     outputColumnNames: _col0, _col1
+                    Statistics: Num rows: 500 Data size: 5312 Basic stats: COMPLETE Column stats: NONE
                     Limit
                       Number of rows: 100
+                      Statistics: Num rows: 100 Data size: 1000 Basic stats: COMPLETE Column stats: NONE
                       Reduce Output Operator
                         sort order: 
+                        Statistics: Num rows: 100 Data size: 1000 Basic stats: COMPLETE Column stats: NONE
                         value expressions: _col0 (type: string), _col1 (type: string)
         Reducer 2 
             Reduce Operator Tree:
               Select Operator
                 expressions: VALUE._col0 (type: string), VALUE._col1 (type: string)
                 outputColumnNames: _col0, _col1
+                Statistics: Num rows: 100 Data size: 1000 Basic stats: COMPLETE Column stats: NONE
                 Limit
                   Number of rows: 100
+                  Statistics: Num rows: 100 Data size: 1000 Basic stats: COMPLETE Column stats: NONE
                   Select Operator
                     expressions: UDFToInteger(_col0) (type: int), _col1 (type: string)
                     outputColumnNames: _col0, _col1
+                    Statistics: Num rows: 100 Data size: 1000 Basic stats: COMPLETE Column stats: NONE
                     File Output Operator
                       compressed: false
+                      Statistics: Num rows: 100 Data size: 1000 Basic stats: COMPLETE Column stats: NONE
                       table:
                           input format: org.apache.hadoop.mapred.TextInputFormat
                           output format: org.apache.hadoop.hive.ql.io.HiveIgnoreKeyTextOutputFormat
@@ -265,13 +288,17 @@ STAGE PLANS:
             Map Operator Tree:
                 TableScan
                   alias: insert_into1
+                  Statistics: Num rows: 0 Data size: 2352 Basic stats: PARTIAL Column stats: COMPLETE
                   Select Operator
+                    Statistics: Num rows: 0 Data size: 2352 Basic stats: PARTIAL Column stats: COMPLETE
                     Group By Operator
                       aggregations: count()
                       mode: hash
                       outputColumnNames: _col0
+                      Statistics: Num rows: 1 Data size: 8 Basic stats: COMPLETE Column stats: COMPLETE
                       Reduce Output Operator
                         sort order: 
+                        Statistics: Num rows: 1 Data size: 8 Basic stats: COMPLETE Column stats: COMPLETE
                         value expressions: _col0 (type: bigint)
         Reducer 2 
             Reduce Operator Tree:
@@ -279,11 +306,14 @@ STAGE PLANS:
                 aggregations: count(VALUE._col0)
                 mode: mergepartial
                 outputColumnNames: _col0
+                Statistics: Num rows: 1 Data size: 8 Basic stats: COMPLETE Column stats: COMPLETE
                 Select Operator
                   expressions: _col0 (type: bigint)
                   outputColumnNames: _col0
+                  Statistics: Num rows: 1 Data size: 8 Basic stats: COMPLETE Column stats: COMPLETE
                   File Output Operator
                     compressed: false
+                    Statistics: Num rows: 1 Data size: 8 Basic stats: COMPLETE Column stats: COMPLETE
                     table:
                         input format: org.apache.hadoop.mapred.TextInputFormat
                         output format: org.apache.hadoop.hive.ql.io.HiveIgnoreKeyTextOutputFormat
@@ -325,26 +355,34 @@ STAGE PLANS:
             Map Operator Tree:
                 TableScan
                   alias: src
+                  Statistics: Num rows: 500 Data size: 5312 Basic stats: COMPLETE Column stats: NONE
                   Select Operator
                     expressions: key (type: string), value (type: string)
                     outputColumnNames: _col0, _col1
+                    Statistics: Num rows: 500 Data size: 5312 Basic stats: COMPLETE Column stats: NONE
                     Limit
                       Number of rows: 10
+                      Statistics: Num rows: 10 Data size: 100 Basic stats: COMPLETE Column stats: NONE
                       Reduce Output Operator
                         sort order: 
+                        Statistics: Num rows: 10 Data size: 100 Basic stats: COMPLETE Column stats: NONE
                         value expressions: _col0 (type: string), _col1 (type: string)
         Reducer 2 
             Reduce Operator Tree:
               Select Operator
                 expressions: VALUE._col0 (type: string), VALUE._col1 (type: string)
                 outputColumnNames: _col0, _col1
+                Statistics: Num rows: 10 Data size: 100 Basic stats: COMPLETE Column stats: NONE
                 Limit
                   Number of rows: 10
+                  Statistics: Num rows: 10 Data size: 100 Basic stats: COMPLETE Column stats: NONE
                   Select Operator
                     expressions: UDFToInteger(_col0) (type: int), _col1 (type: string)
                     outputColumnNames: _col0, _col1
+                    Statistics: Num rows: 10 Data size: 100 Basic stats: COMPLETE Column stats: NONE
                     File Output Operator
                       compressed: false
+                      Statistics: Num rows: 10 Data size: 100 Basic stats: COMPLETE Column stats: NONE
                       table:
                           input format: org.apache.hadoop.mapred.TextInputFormat
                           output format: org.apache.hadoop.hive.ql.io.HiveIgnoreKeyTextOutputFormat
@@ -412,13 +450,17 @@ STAGE PLANS:
             Map Operator Tree:
                 TableScan
                   alias: insert_into1
+                  Statistics: Num rows: -1 Data size: 114 Basic stats: PARTIAL Column stats: COMPLETE
                   Select Operator
+                    Statistics: Num rows: -1 Data size: 114 Basic stats: PARTIAL Column stats: COMPLETE
                     Group By Operator
                       aggregations: count()
                       mode: hash
                       outputColumnNames: _col0
+                      Statistics: Num rows: 1 Data size: 8 Basic stats: COMPLETE Column stats: COMPLETE
                       Reduce Output Operator
                         sort order: 
+                        Statistics: Num rows: 1 Data size: 8 Basic stats: COMPLETE Column stats: COMPLETE
                         value expressions: _col0 (type: bigint)
         Reducer 2 
             Reduce Operator Tree:
@@ -426,11 +468,14 @@ STAGE PLANS:
                 aggregations: count(VALUE._col0)
                 mode: mergepartial
                 outputColumnNames: _col0
+                Statistics: Num rows: 1 Data size: 8 Basic stats: COMPLETE Column stats: COMPLETE
                 Select Operator
                   expressions: _col0 (type: bigint)
                   outputColumnNames: _col0
+                  Statistics: Num rows: 1 Data size: 8 Basic stats: COMPLETE Column stats: COMPLETE
                   File Output Operator
                     compressed: false
+                    Statistics: Num rows: 1 Data size: 8 Basic stats: COMPLETE Column stats: COMPLETE
                     table:
                         input format: org.apache.hadoop.mapred.TextInputFormat
                         output format: org.apache.hadoop.hive.ql.io.HiveIgnoreKeyTextOutputFormat
diff --git a/ql/src/test/results/clientpositive/spark/insert_into2.q.out b/ql/src/test/results/clientpositive/spark/insert_into2.q.out
index 1870a52838..5c8e9c7e19 100644
--- a/ql/src/test/results/clientpositive/spark/insert_into2.q.out
+++ b/ql/src/test/results/clientpositive/spark/insert_into2.q.out
@@ -35,26 +35,34 @@ STAGE PLANS:
             Map Operator Tree:
                 TableScan
                   alias: src
+                  Statistics: Num rows: 500 Data size: 5312 Basic stats: COMPLETE Column stats: NONE
                   Select Operator
                     expressions: key (type: string), value (type: string)
                     outputColumnNames: _col0, _col1
+                    Statistics: Num rows: 500 Data size: 5312 Basic stats: COMPLETE Column stats: NONE
                     Limit
                       Number of rows: 100
+                      Statistics: Num rows: 100 Data size: 1000 Basic stats: COMPLETE Column stats: NONE
                       Reduce Output Operator
                         sort order: 
+                        Statistics: Num rows: 100 Data size: 1000 Basic stats: COMPLETE Column stats: NONE
                         value expressions: _col0 (type: string), _col1 (type: string)
         Reducer 2 
             Reduce Operator Tree:
               Select Operator
                 expressions: VALUE._col0 (type: string), VALUE._col1 (type: string)
                 outputColumnNames: _col0, _col1
+                Statistics: Num rows: 100 Data size: 1000 Basic stats: COMPLETE Column stats: NONE
                 Limit
                   Number of rows: 100
+                  Statistics: Num rows: 100 Data size: 1000 Basic stats: COMPLETE Column stats: NONE
                   Select Operator
                     expressions: UDFToInteger(_col0) (type: int), _col1 (type: string)
                     outputColumnNames: _col0, _col1
+                    Statistics: Num rows: 100 Data size: 1000 Basic stats: COMPLETE Column stats: NONE
                     File Output Operator
                       compressed: false
+                      Statistics: Num rows: 100 Data size: 1000 Basic stats: COMPLETE Column stats: NONE
                       table:
                           input format: org.apache.hadoop.mapred.TextInputFormat
                           output format: org.apache.hadoop.hive.ql.io.HiveIgnoreKeyTextOutputFormat
@@ -111,13 +119,17 @@ STAGE PLANS:
             Map Operator Tree:
                 TableScan
                   alias: insert_into2
+                  Statistics: Num rows: 0 Data size: 1176 Basic stats: PARTIAL Column stats: NONE
                   Select Operator
+                    Statistics: Num rows: 0 Data size: 1176 Basic stats: PARTIAL Column stats: NONE
                     Group By Operator
                       aggregations: count()
                       mode: hash
                       outputColumnNames: _col0
+                      Statistics: Num rows: 1 Data size: 8 Basic stats: COMPLETE Column stats: NONE
                       Reduce Output Operator
                         sort order: 
+                        Statistics: Num rows: 1 Data size: 8 Basic stats: COMPLETE Column stats: NONE
                         value expressions: _col0 (type: bigint)
         Reducer 2 
             Reduce Operator Tree:
@@ -125,11 +137,14 @@ STAGE PLANS:
                 aggregations: count(VALUE._col0)
                 mode: mergepartial
                 outputColumnNames: _col0
+                Statistics: Num rows: 1 Data size: 8 Basic stats: COMPLETE Column stats: NONE
                 Select Operator
                   expressions: _col0 (type: bigint)
                   outputColumnNames: _col0
+                  Statistics: Num rows: 1 Data size: 8 Basic stats: COMPLETE Column stats: NONE
                   File Output Operator
                     compressed: false
+                    Statistics: Num rows: 1 Data size: 8 Basic stats: COMPLETE Column stats: NONE
                     table:
                         input format: org.apache.hadoop.mapred.TextInputFormat
                         output format: org.apache.hadoop.hive.ql.io.HiveIgnoreKeyTextOutputFormat
@@ -184,13 +199,17 @@ STAGE PLANS:
             Map Operator Tree:
                 TableScan
                   alias: insert_into2
+                  Statistics: Num rows: 0 Data size: 2352 Basic stats: PARTIAL Column stats: NONE
                   Select Operator
+                    Statistics: Num rows: 0 Data size: 2352 Basic stats: PARTIAL Column stats: NONE
                     Group By Operator
                       aggregations: count()
                       mode: hash
                       outputColumnNames: _col0
+                      Statistics: Num rows: 1 Data size: 8 Basic stats: COMPLETE Column stats: NONE
                       Reduce Output Operator
                         sort order: 
+                        Statistics: Num rows: 1 Data size: 8 Basic stats: COMPLETE Column stats: NONE
                         value expressions: _col0 (type: bigint)
         Reducer 2 
             Reduce Operator Tree:
@@ -198,11 +217,14 @@ STAGE PLANS:
                 aggregations: count(VALUE._col0)
                 mode: mergepartial
                 outputColumnNames: _col0
+                Statistics: Num rows: 1 Data size: 8 Basic stats: COMPLETE Column stats: NONE
                 Select Operator
                   expressions: _col0 (type: bigint)
                   outputColumnNames: _col0
+                  Statistics: Num rows: 1 Data size: 8 Basic stats: COMPLETE Column stats: NONE
                   File Output Operator
                     compressed: false
+                    Statistics: Num rows: 1 Data size: 8 Basic stats: COMPLETE Column stats: NONE
                     table:
                         input format: org.apache.hadoop.mapred.TextInputFormat
                         output format: org.apache.hadoop.hive.ql.io.HiveIgnoreKeyTextOutputFormat
@@ -263,26 +285,34 @@ STAGE PLANS:
             Map Operator Tree:
                 TableScan
                   alias: src
+                  Statistics: Num rows: 500 Data size: 5312 Basic stats: COMPLETE Column stats: NONE
                   Select Operator
                     expressions: key (type: string), value (type: string)
                     outputColumnNames: _col0, _col1
+                    Statistics: Num rows: 500 Data size: 5312 Basic stats: COMPLETE Column stats: NONE
                     Limit
                       Number of rows: 100
+                      Statistics: Num rows: 100 Data size: 1000 Basic stats: COMPLETE Column stats: NONE
                       Reduce Output Operator
                         sort order: 
+                        Statistics: Num rows: 100 Data size: 1000 Basic stats: COMPLETE Column stats: NONE
                         value expressions: _col0 (type: string), _col1 (type: string)
         Reducer 2 
             Reduce Operator Tree:
               Select Operator
                 expressions: VALUE._col0 (type: string), VALUE._col1 (type: string)
                 outputColumnNames: _col0, _col1
+                Statistics: Num rows: 100 Data size: 1000 Basic stats: COMPLETE Column stats: NONE
                 Limit
                   Number of rows: 100
+                  Statistics: Num rows: 100 Data size: 1000 Basic stats: COMPLETE Column stats: NONE
                   Select Operator
                     expressions: UDFToInteger(_col0) (type: int), _col1 (type: string)
                     outputColumnNames: _col0, _col1
+                    Statistics: Num rows: 100 Data size: 1000 Basic stats: COMPLETE Column stats: NONE
                     File Output Operator
                       compressed: false
+                      Statistics: Num rows: 100 Data size: 1000 Basic stats: COMPLETE Column stats: NONE
                       table:
                           input format: org.apache.hadoop.mapred.TextInputFormat
                           output format: org.apache.hadoop.hive.ql.io.HiveIgnoreKeyTextOutputFormat
@@ -358,13 +388,17 @@ STAGE PLANS:
             Map Operator Tree:
                 TableScan
                   alias: insert_into2
+                  Statistics: Num rows: 0 Data size: 1176 Basic stats: PARTIAL Column stats: NONE
                   Select Operator
+                    Statistics: Num rows: 0 Data size: 1176 Basic stats: PARTIAL Column stats: NONE
                     Group By Operator
                       aggregations: count()
                       mode: hash
                       outputColumnNames: _col0
+                      Statistics: Num rows: 1 Data size: 8 Basic stats: COMPLETE Column stats: NONE
                       Reduce Output Operator
                         sort order: 
+                        Statistics: Num rows: 1 Data size: 8 Basic stats: COMPLETE Column stats: NONE
                         value expressions: _col0 (type: bigint)
         Reducer 2 
             Reduce Operator Tree:
@@ -372,11 +406,14 @@ STAGE PLANS:
                 aggregations: count(VALUE._col0)
                 mode: mergepartial
                 outputColumnNames: _col0
+                Statistics: Num rows: 1 Data size: 8 Basic stats: COMPLETE Column stats: NONE
                 Select Operator
                   expressions: _col0 (type: bigint)
                   outputColumnNames: _col0
+                  Statistics: Num rows: 1 Data size: 8 Basic stats: COMPLETE Column stats: NONE
                   File Output Operator
                     compressed: false
+                    Statistics: Num rows: 1 Data size: 8 Basic stats: COMPLETE Column stats: NONE
                     table:
                         input format: org.apache.hadoop.mapred.TextInputFormat
                         output format: org.apache.hadoop.hive.ql.io.HiveIgnoreKeyTextOutputFormat
@@ -422,26 +459,34 @@ STAGE PLANS:
             Map Operator Tree:
                 TableScan
                   alias: src
+                  Statistics: Num rows: 500 Data size: 5312 Basic stats: COMPLETE Column stats: NONE
                   Select Operator
                     expressions: key (type: string), value (type: string)
                     outputColumnNames: _col0, _col1
+                    Statistics: Num rows: 500 Data size: 5312 Basic stats: COMPLETE Column stats: NONE
                     Limit
                       Number of rows: 50
+                      Statistics: Num rows: 50 Data size: 500 Basic stats: COMPLETE Column stats: NONE
                       Reduce Output Operator
                         sort order: 
+                        Statistics: Num rows: 50 Data size: 500 Basic stats: COMPLETE Column stats: NONE
                         value expressions: _col0 (type: string), _col1 (type: string)
         Reducer 2 
             Reduce Operator Tree:
               Select Operator
                 expressions: VALUE._col0 (type: string), VALUE._col1 (type: string)
                 outputColumnNames: _col0, _col1
+                Statistics: Num rows: 50 Data size: 500 Basic stats: COMPLETE Column stats: NONE
                 Limit
                   Number of rows: 50
+                  Statistics: Num rows: 50 Data size: 500 Basic stats: COMPLETE Column stats: NONE
                   Select Operator
                     expressions: UDFToInteger(_col0) (type: int), _col1 (type: string)
                     outputColumnNames: _col0, _col1
+                    Statistics: Num rows: 50 Data size: 500 Basic stats: COMPLETE Column stats: NONE
                     File Output Operator
                       compressed: false
+                      Statistics: Num rows: 50 Data size: 500 Basic stats: COMPLETE Column stats: NONE
                       table:
                           input format: org.apache.hadoop.mapred.TextInputFormat
                           output format: org.apache.hadoop.hive.ql.io.HiveIgnoreKeyTextOutputFormat
@@ -517,13 +562,17 @@ STAGE PLANS:
             Map Operator Tree:
                 TableScan
                   alias: insert_into2
+                  Statistics: Num rows: 0 Data size: 586 Basic stats: PARTIAL Column stats: NONE
                   Select Operator
+                    Statistics: Num rows: 0 Data size: 586 Basic stats: PARTIAL Column stats: NONE
                     Group By Operator
                       aggregations: count()
                       mode: hash
                       outputColumnNames: _col0
+                      Statistics: Num rows: 1 Data size: 8 Basic stats: COMPLETE Column stats: NONE
                       Reduce Output Operator
                         sort order: 
+                        Statistics: Num rows: 1 Data size: 8 Basic stats: COMPLETE Column stats: NONE
                         value expressions: _col0 (type: bigint)
         Reducer 2 
             Reduce Operator Tree:
@@ -531,11 +580,14 @@ STAGE PLANS:
                 aggregations: count(VALUE._col0)
                 mode: mergepartial
                 outputColumnNames: _col0
+                Statistics: Num rows: 1 Data size: 8 Basic stats: COMPLETE Column stats: NONE
                 Select Operator
                   expressions: _col0 (type: bigint)
                   outputColumnNames: _col0
+                  Statistics: Num rows: 1 Data size: 8 Basic stats: COMPLETE Column stats: NONE
                   File Output Operator
                     compressed: false
+                    Statistics: Num rows: 1 Data size: 8 Basic stats: COMPLETE Column stats: NONE
                     table:
                         input format: org.apache.hadoop.mapred.TextInputFormat
                         output format: org.apache.hadoop.hive.ql.io.HiveIgnoreKeyTextOutputFormat
diff --git a/ql/src/test/results/clientpositive/spark/insert_into3.q.out b/ql/src/test/results/clientpositive/spark/insert_into3.q.out
index 5318a8bca4..5b2aa786a0 100644
--- a/ql/src/test/results/clientpositive/spark/insert_into3.q.out
+++ b/ql/src/test/results/clientpositive/spark/insert_into3.q.out
@@ -47,6 +47,7 @@ STAGE PLANS:
             Map Operator Tree:
                 TableScan
                   alias: src
+                  Statistics: Num rows: 500 Data size: 5312 Basic stats: COMPLETE Column stats: NONE
                   File Output Operator
                     compressed: false
                     table:
@@ -66,21 +67,27 @@ STAGE PLANS:
                   Select Operator
                     expressions: key (type: string), value (type: string)
                     outputColumnNames: _col0, _col1
+                    Statistics: Num rows: 500 Data size: 5312 Basic stats: COMPLETE Column stats: NONE
                     Reduce Output Operator
                       key expressions: _col0 (type: string), _col1 (type: string)
                       sort order: ++
+                      Statistics: Num rows: 500 Data size: 5312 Basic stats: COMPLETE Column stats: NONE
         Reducer 4 
             Reduce Operator Tree:
               Select Operator
                 expressions: KEY.reducesinkkey0 (type: string), KEY.reducesinkkey1 (type: string)
                 outputColumnNames: _col0, _col1
+                Statistics: Num rows: 500 Data size: 5312 Basic stats: COMPLETE Column stats: NONE
                 Limit
                   Number of rows: 50
+                  Statistics: Num rows: 50 Data size: 500 Basic stats: COMPLETE Column stats: NONE
                   Select Operator
                     expressions: UDFToInteger(_col0) (type: int), _col1 (type: string)
                     outputColumnNames: _col0, _col1
+                    Statistics: Num rows: 50 Data size: 500 Basic stats: COMPLETE Column stats: NONE
                     File Output Operator
                       compressed: false
+                      Statistics: Num rows: 50 Data size: 500 Basic stats: COMPLETE Column stats: NONE
                       table:
                           input format: org.apache.hadoop.mapred.TextInputFormat
                           output format: org.apache.hadoop.hive.ql.io.HiveIgnoreKeyTextOutputFormat
@@ -128,21 +135,27 @@ STAGE PLANS:
                   Select Operator
                     expressions: key (type: string), value (type: string)
                     outputColumnNames: _col0, _col1
+                    Statistics: Num rows: 500 Data size: 5312 Basic stats: COMPLETE Column stats: NONE
                     Reduce Output Operator
                       key expressions: _col0 (type: string), _col1 (type: string)
                       sort order: ++
+                      Statistics: Num rows: 500 Data size: 5312 Basic stats: COMPLETE Column stats: NONE
         Reducer 5 
             Reduce Operator Tree:
               Select Operator
                 expressions: KEY.reducesinkkey0 (type: string), KEY.reducesinkkey1 (type: string)
                 outputColumnNames: _col0, _col1
+                Statistics: Num rows: 500 Data size: 5312 Basic stats: COMPLETE Column stats: NONE
                 Limit
                   Number of rows: 100
+                  Statistics: Num rows: 100 Data size: 1000 Basic stats: COMPLETE Column stats: NONE
                   Select Operator
                     expressions: UDFToInteger(_col0) (type: int), _col1 (type: string)
                     outputColumnNames: _col0, _col1
+                    Statistics: Num rows: 100 Data size: 1000 Basic stats: COMPLETE Column stats: NONE
                     File Output Operator
                       compressed: false
+                      Statistics: Num rows: 100 Data size: 1000 Basic stats: COMPLETE Column stats: NONE
                       table:
                           input format: org.apache.hadoop.mapred.TextInputFormat
                           output format: org.apache.hadoop.hive.ql.io.HiveIgnoreKeyTextOutputFormat
@@ -218,6 +231,7 @@ STAGE PLANS:
             Map Operator Tree:
                 TableScan
                   alias: src
+                  Statistics: Num rows: 500 Data size: 5312 Basic stats: COMPLETE Column stats: NONE
                   File Output Operator
                     compressed: false
                     table:
@@ -237,23 +251,30 @@ STAGE PLANS:
                   Select Operator
                     expressions: key (type: string), value (type: string)
                     outputColumnNames: _col0, _col1
+                    Statistics: Num rows: 500 Data size: 5312 Basic stats: COMPLETE Column stats: NONE
                     Limit
                       Number of rows: 10
+                      Statistics: Num rows: 10 Data size: 100 Basic stats: COMPLETE Column stats: NONE
                       Reduce Output Operator
                         sort order: 
+                        Statistics: Num rows: 10 Data size: 100 Basic stats: COMPLETE Column stats: NONE
                         value expressions: _col0 (type: string), _col1 (type: string)
         Reducer 4 
             Reduce Operator Tree:
               Select Operator
                 expressions: VALUE._col0 (type: string), VALUE._col1 (type: string)
                 outputColumnNames: _col0, _col1
+                Statistics: Num rows: 10 Data size: 100 Basic stats: COMPLETE Column stats: NONE
                 Limit
                   Number of rows: 10
+                  Statistics: Num rows: 10 Data size: 100 Basic stats: COMPLETE Column stats: NONE
                   Select Operator
                     expressions: UDFToInteger(_col0) (type: int), _col1 (type: string)
                     outputColumnNames: _col0, _col1
+                    Statistics: Num rows: 10 Data size: 100 Basic stats: COMPLETE Column stats: NONE
                     File Output Operator
                       compressed: false
+                      Statistics: Num rows: 10 Data size: 100 Basic stats: COMPLETE Column stats: NONE
                       table:
                           input format: org.apache.hadoop.mapred.TextInputFormat
                           output format: org.apache.hadoop.hive.ql.io.HiveIgnoreKeyTextOutputFormat
@@ -301,23 +322,30 @@ STAGE PLANS:
                   Select Operator
                     expressions: key (type: string), value (type: string)
                     outputColumnNames: _col0, _col1
+                    Statistics: Num rows: 500 Data size: 5312 Basic stats: COMPLETE Column stats: NONE
                     Limit
                       Number of rows: 10
+                      Statistics: Num rows: 10 Data size: 100 Basic stats: COMPLETE Column stats: NONE
                       Reduce Output Operator
                         sort order: 
+                        Statistics: Num rows: 10 Data size: 100 Basic stats: COMPLETE Column stats: NONE
                         value expressions: _col0 (type: string), _col1 (type: string)
         Reducer 5 
             Reduce Operator Tree:
               Select Operator
                 expressions: VALUE._col0 (type: string), VALUE._col1 (type: string)
                 outputColumnNames: _col0, _col1
+                Statistics: Num rows: 10 Data size: 100 Basic stats: COMPLETE Column stats: NONE
                 Limit
                   Number of rows: 10
+                  Statistics: Num rows: 10 Data size: 100 Basic stats: COMPLETE Column stats: NONE
                   Select Operator
                     expressions: UDFToInteger(_col0) (type: int), _col1 (type: string)
                     outputColumnNames: _col0, _col1
+                    Statistics: Num rows: 10 Data size: 100 Basic stats: COMPLETE Column stats: NONE
                     File Output Operator
                       compressed: false
+                      Statistics: Num rows: 10 Data size: 100 Basic stats: COMPLETE Column stats: NONE
                       table:
                           input format: org.apache.hadoop.mapred.TextInputFormat
                           output format: org.apache.hadoop.hive.ql.io.HiveIgnoreKeyTextOutputFormat
diff --git a/ql/src/test/results/clientpositive/spark/join0.q.out b/ql/src/test/results/clientpositive/spark/join0.q.out
index 3573f18f80..55b725e7ae 100644
--- a/ql/src/test/results/clientpositive/spark/join0.q.out
+++ b/ql/src/test/results/clientpositive/spark/join0.q.out
@@ -30,25 +30,33 @@ STAGE PLANS:
             Map Operator Tree:
                 TableScan
                   alias: src
+                  Statistics: Num rows: 500 Data size: 5312 Basic stats: COMPLETE Column stats: NONE
                   Filter Operator
                     predicate: (key < 10) (type: boolean)
+                    Statistics: Num rows: 166 Data size: 1763 Basic stats: COMPLETE Column stats: NONE
                     Select Operator
                       expressions: key (type: string), value (type: string)
                       outputColumnNames: _col0, _col1
+                      Statistics: Num rows: 166 Data size: 1763 Basic stats: COMPLETE Column stats: NONE
                       Reduce Output Operator
                         sort order: 
+                        Statistics: Num rows: 166 Data size: 1763 Basic stats: COMPLETE Column stats: NONE
                         value expressions: _col0 (type: string), _col1 (type: string)
         Map 4 
             Map Operator Tree:
                 TableScan
                   alias: src
+                  Statistics: Num rows: 500 Data size: 5312 Basic stats: COMPLETE Column stats: NONE
                   Filter Operator
                     predicate: (key < 10) (type: boolean)
+                    Statistics: Num rows: 166 Data size: 1763 Basic stats: COMPLETE Column stats: NONE
                     Select Operator
                       expressions: key (type: string), value (type: string)
                       outputColumnNames: _col0, _col1
+                      Statistics: Num rows: 166 Data size: 1763 Basic stats: COMPLETE Column stats: NONE
                       Reduce Output Operator
                         sort order: 
+                        Statistics: Num rows: 166 Data size: 1763 Basic stats: COMPLETE Column stats: NONE
                         value expressions: _col0 (type: string), _col1 (type: string)
         Reducer 2 
             Reduce Operator Tree:
@@ -59,19 +67,24 @@ STAGE PLANS:
                   0 {VALUE._col0} {VALUE._col1}
                   1 {VALUE._col0} {VALUE._col1}
                 outputColumnNames: _col0, _col1, _col2, _col3
+                Statistics: Num rows: 182 Data size: 1939 Basic stats: COMPLETE Column stats: NONE
                 Select Operator
                   expressions: _col0 (type: string), _col1 (type: string), _col2 (type: string), _col3 (type: string)
                   outputColumnNames: _col0, _col1, _col2, _col3
+                  Statistics: Num rows: 182 Data size: 1939 Basic stats: COMPLETE Column stats: NONE
                   Reduce Output Operator
                     key expressions: _col0 (type: string), _col1 (type: string), _col2 (type: string), _col3 (type: string)
                     sort order: ++++
+                    Statistics: Num rows: 182 Data size: 1939 Basic stats: COMPLETE Column stats: NONE
         Reducer 3 
             Reduce Operator Tree:
               Select Operator
                 expressions: KEY.reducesinkkey0 (type: string), KEY.reducesinkkey1 (type: string), KEY.reducesinkkey2 (type: string), KEY.reducesinkkey3 (type: string)
                 outputColumnNames: _col0, _col1, _col2, _col3
+                Statistics: Num rows: 182 Data size: 1939 Basic stats: COMPLETE Column stats: NONE
                 File Output Operator
                   compressed: false
+                  Statistics: Num rows: 182 Data size: 1939 Basic stats: COMPLETE Column stats: NONE
                   table:
                       input format: org.apache.hadoop.mapred.TextInputFormat
                       output format: org.apache.hadoop.hive.ql.io.HiveIgnoreKeyTextOutputFormat
diff --git a/ql/src/test/results/clientpositive/spark/join1.q.out b/ql/src/test/results/clientpositive/spark/join1.q.out
index 9d161a3900..da63bee2a8 100644
--- a/ql/src/test/results/clientpositive/spark/join1.q.out
+++ b/ql/src/test/results/clientpositive/spark/join1.q.out
@@ -31,23 +31,29 @@ STAGE PLANS:
             Map Operator Tree:
                 TableScan
                   alias: src2
+                  Statistics: Num rows: 500 Data size: 5312 Basic stats: COMPLETE Column stats: NONE
                   Filter Operator
                     predicate: key is not null (type: boolean)
+                    Statistics: Num rows: 250 Data size: 2656 Basic stats: COMPLETE Column stats: NONE
                     Reduce Output Operator
                       key expressions: key (type: string)
                       sort order: +
                       Map-reduce partition columns: key (type: string)
+                      Statistics: Num rows: 250 Data size: 2656 Basic stats: COMPLETE Column stats: NONE
                       value expressions: value (type: string)
         Map 3 
             Map Operator Tree:
                 TableScan
                   alias: src1
+                  Statistics: Num rows: 500 Data size: 5312 Basic stats: COMPLETE Column stats: NONE
                   Filter Operator
                     predicate: key is not null (type: boolean)
+                    Statistics: Num rows: 250 Data size: 2656 Basic stats: COMPLETE Column stats: NONE
                     Reduce Output Operator
                       key expressions: key (type: string)
                       sort order: +
                       Map-reduce partition columns: key (type: string)
+                      Statistics: Num rows: 250 Data size: 2656 Basic stats: COMPLETE Column stats: NONE
         Reducer 2 
             Reduce Operator Tree:
               Join Operator
@@ -57,11 +63,14 @@ STAGE PLANS:
                   0 {KEY.reducesinkkey0}
                   1 {VALUE._col0}
                 outputColumnNames: _col0, _col6
+                Statistics: Num rows: 275 Data size: 2921 Basic stats: COMPLETE Column stats: NONE
                 Select Operator
                   expressions: UDFToInteger(_col0) (type: int), _col6 (type: string)
                   outputColumnNames: _col0, _col1
+                  Statistics: Num rows: 275 Data size: 2921 Basic stats: COMPLETE Column stats: NONE
                   File Output Operator
                     compressed: false
+                    Statistics: Num rows: 275 Data size: 2921 Basic stats: COMPLETE Column stats: NONE
                     table:
                         input format: org.apache.hadoop.mapred.TextInputFormat
                         output format: org.apache.hadoop.hive.ql.io.HiveIgnoreKeyTextOutputFormat
diff --git a/ql/src/test/results/clientpositive/spark/join10.q.out b/ql/src/test/results/clientpositive/spark/join10.q.out
index 71db25dbc1..f19f349eae 100644
--- a/ql/src/test/results/clientpositive/spark/join10.q.out
+++ b/ql/src/test/results/clientpositive/spark/join10.q.out
@@ -27,28 +27,36 @@ STAGE PLANS:
             Map Operator Tree:
                 TableScan
                   alias: src
+                  Statistics: Num rows: 500 Data size: 5312 Basic stats: COMPLETE Column stats: NONE
                   Filter Operator
                     predicate: key is not null (type: boolean)
+                    Statistics: Num rows: 250 Data size: 2656 Basic stats: COMPLETE Column stats: NONE
                     Select Operator
                       expressions: key (type: string)
                       outputColumnNames: _col0
+                      Statistics: Num rows: 250 Data size: 2656 Basic stats: COMPLETE Column stats: NONE
                       Reduce Output Operator
                         key expressions: _col0 (type: string)
                         sort order: +
                         Map-reduce partition columns: _col0 (type: string)
+                        Statistics: Num rows: 250 Data size: 2656 Basic stats: COMPLETE Column stats: NONE
         Map 3 
             Map Operator Tree:
                 TableScan
                   alias: src
+                  Statistics: Num rows: 500 Data size: 5312 Basic stats: COMPLETE Column stats: NONE
                   Filter Operator
                     predicate: key is not null (type: boolean)
+                    Statistics: Num rows: 250 Data size: 2656 Basic stats: COMPLETE Column stats: NONE
                     Select Operator
                       expressions: key (type: string), value (type: string)
                       outputColumnNames: _col0, _col1
+                      Statistics: Num rows: 250 Data size: 2656 Basic stats: COMPLETE Column stats: NONE
                       Reduce Output Operator
                         key expressions: _col0 (type: string)
                         sort order: +
                         Map-reduce partition columns: _col0 (type: string)
+                        Statistics: Num rows: 250 Data size: 2656 Basic stats: COMPLETE Column stats: NONE
                         value expressions: _col1 (type: string)
         Reducer 2 
             Reduce Operator Tree:
@@ -59,11 +67,14 @@ STAGE PLANS:
                   0 
                   1 {KEY.reducesinkkey0} {VALUE._col0}
                 outputColumnNames: _col2, _col3
+                Statistics: Num rows: 275 Data size: 2921 Basic stats: COMPLETE Column stats: NONE
                 Select Operator
                   expressions: _col2 (type: string), _col3 (type: string)
                   outputColumnNames: _col0, _col1
+                  Statistics: Num rows: 275 Data size: 2921 Basic stats: COMPLETE Column stats: NONE
                   File Output Operator
                     compressed: false
+                    Statistics: Num rows: 275 Data size: 2921 Basic stats: COMPLETE Column stats: NONE
                     table:
                         input format: org.apache.hadoop.mapred.TextInputFormat
                         output format: org.apache.hadoop.hive.ql.io.HiveIgnoreKeyTextOutputFormat
diff --git a/ql/src/test/results/clientpositive/spark/join11.q.out b/ql/src/test/results/clientpositive/spark/join11.q.out
index b11f5a3360..673a15d879 100644
--- a/ql/src/test/results/clientpositive/spark/join11.q.out
+++ b/ql/src/test/results/clientpositive/spark/join11.q.out
@@ -29,29 +29,37 @@ STAGE PLANS:
             Map Operator Tree:
                 TableScan
                   alias: src
+                  Statistics: Num rows: 500 Data size: 5312 Basic stats: COMPLETE Column stats: NONE
                   Filter Operator
                     predicate: ((key < 100) and key is not null) (type: boolean)
+                    Statistics: Num rows: 83 Data size: 881 Basic stats: COMPLETE Column stats: NONE
                     Select Operator
                       expressions: key (type: string), value (type: string)
                       outputColumnNames: _col0, _col1
+                      Statistics: Num rows: 83 Data size: 881 Basic stats: COMPLETE Column stats: NONE
                       Reduce Output Operator
                         key expressions: _col0 (type: string)
                         sort order: +
                         Map-reduce partition columns: _col0 (type: string)
+                        Statistics: Num rows: 83 Data size: 881 Basic stats: COMPLETE Column stats: NONE
                         value expressions: _col1 (type: string)
         Map 3 
             Map Operator Tree:
                 TableScan
                   alias: src
+                  Statistics: Num rows: 500 Data size: 5312 Basic stats: COMPLETE Column stats: NONE
                   Filter Operator
                     predicate: ((key < 100) and key is not null) (type: boolean)
+                    Statistics: Num rows: 83 Data size: 881 Basic stats: COMPLETE Column stats: NONE
                     Select Operator
                       expressions: key (type: string)
                       outputColumnNames: _col0
+                      Statistics: Num rows: 83 Data size: 881 Basic stats: COMPLETE Column stats: NONE
                       Reduce Output Operator
                         key expressions: _col0 (type: string)
                         sort order: +
                         Map-reduce partition columns: _col0 (type: string)
+                        Statistics: Num rows: 83 Data size: 881 Basic stats: COMPLETE Column stats: NONE
         Reducer 2 
             Reduce Operator Tree:
               Join Operator
@@ -61,11 +69,14 @@ STAGE PLANS:
                   0 {KEY.reducesinkkey0}
                   1 {VALUE._col0}
                 outputColumnNames: _col0, _col3
+                Statistics: Num rows: 91 Data size: 969 Basic stats: COMPLETE Column stats: NONE
                 Select Operator
                   expressions: _col0 (type: string), _col3 (type: string)
                   outputColumnNames: _col0, _col1
+                  Statistics: Num rows: 91 Data size: 969 Basic stats: COMPLETE Column stats: NONE
                   File Output Operator
                     compressed: false
+                    Statistics: Num rows: 91 Data size: 969 Basic stats: COMPLETE Column stats: NONE
                     table:
                         input format: org.apache.hadoop.mapred.TextInputFormat
                         output format: org.apache.hadoop.hive.ql.io.HiveIgnoreKeyTextOutputFormat
diff --git a/ql/src/test/results/clientpositive/spark/join12.q.out b/ql/src/test/results/clientpositive/spark/join12.q.out
index 2eaf578f25..13eb3aa8b6 100644
--- a/ql/src/test/results/clientpositive/spark/join12.q.out
+++ b/ql/src/test/results/clientpositive/spark/join12.q.out
@@ -35,42 +35,54 @@ STAGE PLANS:
             Map Operator Tree:
                 TableScan
                   alias: src
+                  Statistics: Num rows: 500 Data size: 5312 Basic stats: COMPLETE Column stats: NONE
                   Filter Operator
                     predicate: (((key < 100) and key is not null) and (key < 80)) (type: boolean)
+                    Statistics: Num rows: 27 Data size: 286 Basic stats: COMPLETE Column stats: NONE
                     Select Operator
                       expressions: key (type: string), value (type: string)
                       outputColumnNames: _col0, _col1
+                      Statistics: Num rows: 27 Data size: 286 Basic stats: COMPLETE Column stats: NONE
                       Reduce Output Operator
                         key expressions: _col0 (type: string)
                         sort order: +
                         Map-reduce partition columns: _col0 (type: string)
+                        Statistics: Num rows: 27 Data size: 286 Basic stats: COMPLETE Column stats: NONE
                         value expressions: _col1 (type: string)
         Map 3 
             Map Operator Tree:
                 TableScan
                   alias: src
+                  Statistics: Num rows: 500 Data size: 5312 Basic stats: COMPLETE Column stats: NONE
                   Filter Operator
                     predicate: (((key < 80) and key is not null) and (key < 100)) (type: boolean)
+                    Statistics: Num rows: 27 Data size: 286 Basic stats: COMPLETE Column stats: NONE
                     Select Operator
                       expressions: key (type: string)
                       outputColumnNames: _col0
+                      Statistics: Num rows: 27 Data size: 286 Basic stats: COMPLETE Column stats: NONE
                       Reduce Output Operator
                         key expressions: _col0 (type: string)
                         sort order: +
                         Map-reduce partition columns: _col0 (type: string)
+                        Statistics: Num rows: 27 Data size: 286 Basic stats: COMPLETE Column stats: NONE
         Map 4 
             Map Operator Tree:
                 TableScan
                   alias: src
+                  Statistics: Num rows: 500 Data size: 5312 Basic stats: COMPLETE Column stats: NONE
                   Filter Operator
                     predicate: (((key < 100) and key is not null) and (key < 80)) (type: boolean)
+                    Statistics: Num rows: 27 Data size: 286 Basic stats: COMPLETE Column stats: NONE
                     Select Operator
                       expressions: key (type: string)
                       outputColumnNames: _col0
+                      Statistics: Num rows: 27 Data size: 286 Basic stats: COMPLETE Column stats: NONE
                       Reduce Output Operator
                         key expressions: _col0 (type: string)
                         sort order: +
                         Map-reduce partition columns: _col0 (type: string)
+                        Statistics: Num rows: 27 Data size: 286 Basic stats: COMPLETE Column stats: NONE
         Reducer 2 
             Reduce Operator Tree:
               Join Operator
@@ -82,11 +94,14 @@ STAGE PLANS:
                   1 {VALUE._col0}
                   2 
                 outputColumnNames: _col0, _col3
+                Statistics: Num rows: 59 Data size: 629 Basic stats: COMPLETE Column stats: NONE
                 Select Operator
                   expressions: _col0 (type: string), _col3 (type: string)
                   outputColumnNames: _col0, _col1
+                  Statistics: Num rows: 59 Data size: 629 Basic stats: COMPLETE Column stats: NONE
                   File Output Operator
                     compressed: false
+                    Statistics: Num rows: 59 Data size: 629 Basic stats: COMPLETE Column stats: NONE
                     table:
                         input format: org.apache.hadoop.mapred.TextInputFormat
                         output format: org.apache.hadoop.hive.ql.io.HiveIgnoreKeyTextOutputFormat
diff --git a/ql/src/test/results/clientpositive/spark/join13.q.out b/ql/src/test/results/clientpositive/spark/join13.q.out
index 8fcbec8f53..5296870525 100644
--- a/ql/src/test/results/clientpositive/spark/join13.q.out
+++ b/ql/src/test/results/clientpositive/spark/join13.q.out
@@ -36,42 +36,54 @@ STAGE PLANS:
             Map Operator Tree:
                 TableScan
                   alias: src
+                  Statistics: Num rows: 500 Data size: 5312 Basic stats: COMPLETE Column stats: NONE
                   Filter Operator
                     predicate: ((key < 100) and key is not null) (type: boolean)
+                    Statistics: Num rows: 83 Data size: 881 Basic stats: COMPLETE Column stats: NONE
                     Select Operator
                       expressions: key (type: string), value (type: string)
                       outputColumnNames: _col0, _col1
+                      Statistics: Num rows: 83 Data size: 881 Basic stats: COMPLETE Column stats: NONE
                       Reduce Output Operator
                         key expressions: _col0 (type: string)
                         sort order: +
                         Map-reduce partition columns: _col0 (type: string)
+                        Statistics: Num rows: 83 Data size: 881 Basic stats: COMPLETE Column stats: NONE
                         value expressions: _col1 (type: string)
         Map 4 
             Map Operator Tree:
                 TableScan
                   alias: src
+                  Statistics: Num rows: 500 Data size: 5312 Basic stats: COMPLETE Column stats: NONE
                   Filter Operator
                     predicate: ((key < 100) and key is not null) (type: boolean)
+                    Statistics: Num rows: 83 Data size: 881 Basic stats: COMPLETE Column stats: NONE
                     Select Operator
                       expressions: key (type: string)
                       outputColumnNames: _col0
+                      Statistics: Num rows: 83 Data size: 881 Basic stats: COMPLETE Column stats: NONE
                       Reduce Output Operator
                         key expressions: _col0 (type: string)
                         sort order: +
                         Map-reduce partition columns: _col0 (type: string)
+                        Statistics: Num rows: 83 Data size: 881 Basic stats: COMPLETE Column stats: NONE
         Map 5 
             Map Operator Tree:
                 TableScan
                   alias: src
+                  Statistics: Num rows: 500 Data size: 5312 Basic stats: COMPLETE Column stats: NONE
                   Filter Operator
                     predicate: ((key < 200) and UDFToDouble(key) is not null) (type: boolean)
+                    Statistics: Num rows: 83 Data size: 881 Basic stats: COMPLETE Column stats: NONE
                     Select Operator
                       expressions: key (type: string)
                       outputColumnNames: _col0
+                      Statistics: Num rows: 83 Data size: 881 Basic stats: COMPLETE Column stats: NONE
                       Reduce Output Operator
                         key expressions: UDFToDouble(_col0) (type: double)
                         sort order: +
                         Map-reduce partition columns: UDFToDouble(_col0) (type: double)
+                        Statistics: Num rows: 83 Data size: 881 Basic stats: COMPLETE Column stats: NONE
         Reducer 2 
             Reduce Operator Tree:
               Join Operator
@@ -81,12 +93,15 @@ STAGE PLANS:
                   0 {KEY.reducesinkkey0}
                   1 {KEY.reducesinkkey0} {VALUE._col0}
                 outputColumnNames: _col0, _col2, _col3
+                Statistics: Num rows: 91 Data size: 969 Basic stats: COMPLETE Column stats: NONE
                 Filter Operator
                   predicate: (_col0 + _col2) is not null (type: boolean)
+                  Statistics: Num rows: 46 Data size: 489 Basic stats: COMPLETE Column stats: NONE
                   Reduce Output Operator
                     key expressions: (_col0 + _col2) (type: double)
                     sort order: +
                     Map-reduce partition columns: (_col0 + _col2) (type: double)
+                    Statistics: Num rows: 46 Data size: 489 Basic stats: COMPLETE Column stats: NONE
                     value expressions: _col0 (type: string), _col3 (type: string)
         Reducer 3 
             Reduce Operator Tree:
@@ -97,11 +112,14 @@ STAGE PLANS:
                   0 {VALUE._col0} {VALUE._col3}
                   1 
                 outputColumnNames: _col0, _col3
+                Statistics: Num rows: 91 Data size: 969 Basic stats: COMPLETE Column stats: NONE
                 Select Operator
                   expressions: _col0 (type: string), _col3 (type: string)
                   outputColumnNames: _col0, _col1
+                  Statistics: Num rows: 91 Data size: 969 Basic stats: COMPLETE Column stats: NONE
                   File Output Operator
                     compressed: false
+                    Statistics: Num rows: 91 Data size: 969 Basic stats: COMPLETE Column stats: NONE
                     table:
                         input format: org.apache.hadoop.mapred.TextInputFormat
                         output format: org.apache.hadoop.hive.ql.io.HiveIgnoreKeyTextOutputFormat
diff --git a/ql/src/test/results/clientpositive/spark/join14.q.out b/ql/src/test/results/clientpositive/spark/join14.q.out
index 25e7f87e77..f44c5dd27f 100644
--- a/ql/src/test/results/clientpositive/spark/join14.q.out
+++ b/ql/src/test/results/clientpositive/spark/join14.q.out
@@ -35,23 +35,29 @@ STAGE PLANS:
             Map Operator Tree:
                 TableScan
                   alias: srcpart
+                  Statistics: Num rows: 1000 Data size: 10624 Basic stats: COMPLETE Column stats: NONE
                   Filter Operator
                     predicate: ((key > 100) and key is not null) (type: boolean)
+                    Statistics: Num rows: 167 Data size: 1774 Basic stats: COMPLETE Column stats: NONE
                     Reduce Output Operator
                       key expressions: key (type: string)
                       sort order: +
                       Map-reduce partition columns: key (type: string)
+                      Statistics: Num rows: 167 Data size: 1774 Basic stats: COMPLETE Column stats: NONE
                       value expressions: value (type: string)
         Map 3 
             Map Operator Tree:
                 TableScan
                   alias: src
+                  Statistics: Num rows: 500 Data size: 5312 Basic stats: COMPLETE Column stats: NONE
                   Filter Operator
                     predicate: ((key > 100) and key is not null) (type: boolean)
+                    Statistics: Num rows: 83 Data size: 881 Basic stats: COMPLETE Column stats: NONE
                     Reduce Output Operator
                       key expressions: key (type: string)
                       sort order: +
                       Map-reduce partition columns: key (type: string)
+                      Statistics: Num rows: 83 Data size: 881 Basic stats: COMPLETE Column stats: NONE
         Reducer 2 
             Reduce Operator Tree:
               Join Operator
@@ -61,11 +67,14 @@ STAGE PLANS:
                   0 {KEY.reducesinkkey0}
                   1 {VALUE._col0}
                 outputColumnNames: _col0, _col6
+                Statistics: Num rows: 183 Data size: 1951 Basic stats: COMPLETE Column stats: NONE
                 Select Operator
                   expressions: UDFToInteger(_col0) (type: int), _col6 (type: string)
                   outputColumnNames: _col0, _col1
+                  Statistics: Num rows: 183 Data size: 1951 Basic stats: COMPLETE Column stats: NONE
                   File Output Operator
                     compressed: false
+                    Statistics: Num rows: 183 Data size: 1951 Basic stats: COMPLETE Column stats: NONE
                     table:
                         input format: org.apache.hadoop.mapred.TextInputFormat
                         output format: org.apache.hadoop.hive.ql.io.HiveIgnoreKeyTextOutputFormat
diff --git a/ql/src/test/results/clientpositive/spark/join15.q.out b/ql/src/test/results/clientpositive/spark/join15.q.out
index 3d3988e4e1..1651db1049 100644
--- a/ql/src/test/results/clientpositive/spark/join15.q.out
+++ b/ql/src/test/results/clientpositive/spark/join15.q.out
@@ -20,23 +20,29 @@ STAGE PLANS:
             Map Operator Tree:
                 TableScan
                   alias: src2
+                  Statistics: Num rows: 500 Data size: 5312 Basic stats: COMPLETE Column stats: NONE
                   Filter Operator
                     predicate: key is not null (type: boolean)
+                    Statistics: Num rows: 250 Data size: 2656 Basic stats: COMPLETE Column stats: NONE
                     Reduce Output Operator
                       key expressions: key (type: string)
                       sort order: +
                       Map-reduce partition columns: key (type: string)
+                      Statistics: Num rows: 250 Data size: 2656 Basic stats: COMPLETE Column stats: NONE
                       value expressions: value (type: string)
         Map 4 
             Map Operator Tree:
                 TableScan
                   alias: src1
+                  Statistics: Num rows: 500 Data size: 5312 Basic stats: COMPLETE Column stats: NONE
                   Filter Operator
                     predicate: key is not null (type: boolean)
+                    Statistics: Num rows: 250 Data size: 2656 Basic stats: COMPLETE Column stats: NONE
                     Reduce Output Operator
                       key expressions: key (type: string)
                       sort order: +
                       Map-reduce partition columns: key (type: string)
+                      Statistics: Num rows: 250 Data size: 2656 Basic stats: COMPLETE Column stats: NONE
                       value expressions: value (type: string)
         Reducer 2 
             Reduce Operator Tree:
@@ -47,19 +53,24 @@ STAGE PLANS:
                   0 {KEY.reducesinkkey0} {VALUE._col0}
                   1 {KEY.reducesinkkey0} {VALUE._col0}
                 outputColumnNames: _col0, _col1, _col5, _col6
+                Statistics: Num rows: 275 Data size: 2921 Basic stats: COMPLETE Column stats: NONE
                 Select Operator
                   expressions: _col0 (type: string), _col1 (type: string), _col5 (type: string), _col6 (type: string)
                   outputColumnNames: _col0, _col1, _col2, _col3
+                  Statistics: Num rows: 275 Data size: 2921 Basic stats: COMPLETE Column stats: NONE
                   Reduce Output Operator
                     key expressions: _col0 (type: string), _col1 (type: string), _col2 (type: string), _col3 (type: string)
                     sort order: ++++
+                    Statistics: Num rows: 275 Data size: 2921 Basic stats: COMPLETE Column stats: NONE
         Reducer 3 
             Reduce Operator Tree:
               Select Operator
                 expressions: KEY.reducesinkkey0 (type: string), KEY.reducesinkkey1 (type: string), KEY.reducesinkkey2 (type: string), KEY.reducesinkkey3 (type: string)
                 outputColumnNames: _col0, _col1, _col2, _col3
+                Statistics: Num rows: 275 Data size: 2921 Basic stats: COMPLETE Column stats: NONE
                 File Output Operator
                   compressed: false
+                  Statistics: Num rows: 275 Data size: 2921 Basic stats: COMPLETE Column stats: NONE
                   table:
                       input format: org.apache.hadoop.mapred.TextInputFormat
                       output format: org.apache.hadoop.hive.ql.io.HiveIgnoreKeyTextOutputFormat
diff --git a/ql/src/test/results/clientpositive/spark/join16.q.out b/ql/src/test/results/clientpositive/spark/join16.q.out
index 5c133fd685..fde2d486e0 100644
--- a/ql/src/test/results/clientpositive/spark/join16.q.out
+++ b/ql/src/test/results/clientpositive/spark/join16.q.out
@@ -17,25 +17,32 @@ STAGE PLANS:
             Map Operator Tree:
                 TableScan
                   alias: a
+                  Statistics: Num rows: 500 Data size: 5312 Basic stats: COMPLETE Column stats: NONE
                   Filter Operator
                     predicate: (((((key > 10) and (key > 20)) and key is not null) and value is not null) and (value < 200)) (type: boolean)
+                    Statistics: Num rows: 4 Data size: 42 Basic stats: COMPLETE Column stats: NONE
                     Select Operator
                       expressions: key (type: string), value (type: string)
                       outputColumnNames: _col0, _col1
+                      Statistics: Num rows: 4 Data size: 42 Basic stats: COMPLETE Column stats: NONE
                       Reduce Output Operator
                         key expressions: _col0 (type: string), _col1 (type: string)
                         sort order: ++
                         Map-reduce partition columns: _col0 (type: string), _col1 (type: string)
+                        Statistics: Num rows: 4 Data size: 42 Basic stats: COMPLETE Column stats: NONE
         Map 3 
             Map Operator Tree:
                 TableScan
                   alias: tab
+                  Statistics: Num rows: 500 Data size: 5312 Basic stats: COMPLETE Column stats: NONE
                   Filter Operator
                     predicate: ((((key > 20) and key is not null) and value is not null) and (value < 200)) (type: boolean)
+                    Statistics: Num rows: 14 Data size: 148 Basic stats: COMPLETE Column stats: NONE
                     Reduce Output Operator
                       key expressions: key (type: string), value (type: string)
                       sort order: ++
                       Map-reduce partition columns: key (type: string), value (type: string)
+                      Statistics: Num rows: 14 Data size: 148 Basic stats: COMPLETE Column stats: NONE
         Reducer 2 
             Reduce Operator Tree:
               Join Operator
@@ -45,11 +52,14 @@ STAGE PLANS:
                   0 {KEY.reducesinkkey0}
                   1 {KEY.reducesinkkey1}
                 outputColumnNames: _col0, _col3
+                Statistics: Num rows: 15 Data size: 162 Basic stats: COMPLETE Column stats: NONE
                 Select Operator
                   expressions: _col0 (type: string), _col3 (type: string)
                   outputColumnNames: _col0, _col1
+                  Statistics: Num rows: 15 Data size: 162 Basic stats: COMPLETE Column stats: NONE
                   File Output Operator
                     compressed: false
+                    Statistics: Num rows: 15 Data size: 162 Basic stats: COMPLETE Column stats: NONE
                     table:
                         input format: org.apache.hadoop.mapred.TextInputFormat
                         output format: org.apache.hadoop.hive.ql.io.HiveIgnoreKeyTextOutputFormat
diff --git a/ql/src/test/results/clientpositive/spark/join17.q.out b/ql/src/test/results/clientpositive/spark/join17.q.out
index 68883283a0..6d68ed36db 100644
--- a/ql/src/test/results/clientpositive/spark/join17.q.out
+++ b/ql/src/test/results/clientpositive/spark/join17.q.out
@@ -69,14 +69,17 @@ STAGE PLANS:
             Map Operator Tree:
                 TableScan
                   alias: src2
+                  Statistics: Num rows: 500 Data size: 5312 Basic stats: COMPLETE Column stats: NONE
                   GatherStats: false
                   Filter Operator
                     isSamplingPred: false
                     predicate: key is not null (type: boolean)
+                    Statistics: Num rows: 250 Data size: 2656 Basic stats: COMPLETE Column stats: NONE
                     Reduce Output Operator
                       key expressions: key (type: string)
                       sort order: +
                       Map-reduce partition columns: key (type: string)
+                      Statistics: Num rows: 250 Data size: 2656 Basic stats: COMPLETE Column stats: NONE
                       tag: 1
                       value expressions: value (type: string)
                       auto parallelism: true
@@ -133,14 +136,17 @@ STAGE PLANS:
             Map Operator Tree:
                 TableScan
                   alias: src1
+                  Statistics: Num rows: 500 Data size: 5312 Basic stats: COMPLETE Column stats: NONE
                   GatherStats: false
                   Filter Operator
                     isSamplingPred: false
                     predicate: key is not null (type: boolean)
+                    Statistics: Num rows: 250 Data size: 2656 Basic stats: COMPLETE Column stats: NONE
                     Reduce Output Operator
                       key expressions: key (type: string)
                       sort order: +
                       Map-reduce partition columns: key (type: string)
+                      Statistics: Num rows: 250 Data size: 2656 Basic stats: COMPLETE Column stats: NONE
                       tag: 0
                       value expressions: value (type: string)
                       auto parallelism: true
@@ -203,14 +209,17 @@ STAGE PLANS:
                   0 {KEY.reducesinkkey0} {VALUE._col0}
                   1 {KEY.reducesinkkey0} {VALUE._col0}
                 outputColumnNames: _col0, _col1, _col5, _col6
+                Statistics: Num rows: 275 Data size: 2921 Basic stats: COMPLETE Column stats: NONE
                 Select Operator
                   expressions: UDFToInteger(_col0) (type: int), _col1 (type: string), UDFToInteger(_col5) (type: int), _col6 (type: string)
                   outputColumnNames: _col0, _col1, _col2, _col3
+                  Statistics: Num rows: 275 Data size: 2921 Basic stats: COMPLETE Column stats: NONE
                   File Output Operator
                     compressed: false
                     GlobalTableId: 1
 #### A masked pattern was here ####
                     NumFilesPerFileSink: 1
+                    Statistics: Num rows: 275 Data size: 2921 Basic stats: COMPLETE Column stats: NONE
 #### A masked pattern was here ####
                     table:
                         input format: org.apache.hadoop.mapred.TextInputFormat
diff --git a/ql/src/test/results/clientpositive/spark/join18.q.out b/ql/src/test/results/clientpositive/spark/join18.q.out
index f1a96c9e44..7b64fb6d8b 100644
--- a/ql/src/test/results/clientpositive/spark/join18.q.out
+++ b/ql/src/test/results/clientpositive/spark/join18.q.out
@@ -41,34 +41,42 @@ STAGE PLANS:
             Map Operator Tree:
                 TableScan
                   alias: src2
+                  Statistics: Num rows: 25 Data size: 191 Basic stats: COMPLETE Column stats: NONE
                   Select Operator
                     expressions: key (type: string), value (type: string)
                     outputColumnNames: key, value
+                    Statistics: Num rows: 25 Data size: 191 Basic stats: COMPLETE Column stats: NONE
                     Group By Operator
                       aggregations: count(DISTINCT value)
                       keys: key (type: string), value (type: string)
                       mode: hash
                       outputColumnNames: _col0, _col1, _col2
+                      Statistics: Num rows: 25 Data size: 191 Basic stats: COMPLETE Column stats: NONE
                       Reduce Output Operator
                         key expressions: _col0 (type: string), _col1 (type: string)
                         sort order: ++
                         Map-reduce partition columns: _col0 (type: string)
+                        Statistics: Num rows: 25 Data size: 191 Basic stats: COMPLETE Column stats: NONE
         Map 4 
             Map Operator Tree:
                 TableScan
                   alias: src1
+                  Statistics: Num rows: 500 Data size: 5312 Basic stats: COMPLETE Column stats: NONE
                   Select Operator
                     expressions: key (type: string), value (type: string)
                     outputColumnNames: key, value
+                    Statistics: Num rows: 500 Data size: 5312 Basic stats: COMPLETE Column stats: NONE
                     Group By Operator
                       aggregations: count(value)
                       keys: key (type: string)
                       mode: hash
                       outputColumnNames: _col0, _col1
+                      Statistics: Num rows: 500 Data size: 5312 Basic stats: COMPLETE Column stats: NONE
                       Reduce Output Operator
                         key expressions: _col0 (type: string)
                         sort order: +
                         Map-reduce partition columns: _col0 (type: string)
+                        Statistics: Num rows: 500 Data size: 5312 Basic stats: COMPLETE Column stats: NONE
                         value expressions: _col1 (type: bigint)
         Reducer 2 
             Reduce Operator Tree:
@@ -77,13 +85,16 @@ STAGE PLANS:
                 keys: KEY._col0 (type: string)
                 mode: mergepartial
                 outputColumnNames: _col0, _col1
+                Statistics: Num rows: 12 Data size: 91 Basic stats: COMPLETE Column stats: NONE
                 Select Operator
                   expressions: _col0 (type: string), _col1 (type: bigint)
                   outputColumnNames: _col0, _col1
+                  Statistics: Num rows: 12 Data size: 91 Basic stats: COMPLETE Column stats: NONE
                   Reduce Output Operator
                     key expressions: _col0 (type: string)
                     sort order: +
                     Map-reduce partition columns: _col0 (type: string)
+                    Statistics: Num rows: 12 Data size: 91 Basic stats: COMPLETE Column stats: NONE
                     value expressions: _col1 (type: bigint)
         Reducer 3 
             Reduce Operator Tree:
@@ -94,11 +105,14 @@ STAGE PLANS:
                   0 {KEY.reducesinkkey0} {VALUE._col0}
                   1 {KEY.reducesinkkey0} {VALUE._col0}
                 outputColumnNames: _col0, _col1, _col2, _col3
+                Statistics: Num rows: 275 Data size: 2921 Basic stats: COMPLETE Column stats: NONE
                 Select Operator
                   expressions: _col0 (type: string), _col1 (type: bigint), _col2 (type: string), _col3 (type: bigint)
                   outputColumnNames: _col0, _col1, _col2, _col3
+                  Statistics: Num rows: 275 Data size: 2921 Basic stats: COMPLETE Column stats: NONE
                   File Output Operator
                     compressed: false
+                    Statistics: Num rows: 275 Data size: 2921 Basic stats: COMPLETE Column stats: NONE
                     table:
                         input format: org.apache.hadoop.mapred.TextInputFormat
                         output format: org.apache.hadoop.hive.ql.io.HiveIgnoreKeyTextOutputFormat
@@ -110,13 +124,16 @@ STAGE PLANS:
                 keys: KEY._col0 (type: string)
                 mode: mergepartial
                 outputColumnNames: _col0, _col1
+                Statistics: Num rows: 250 Data size: 2656 Basic stats: COMPLETE Column stats: NONE
                 Select Operator
                   expressions: _col0 (type: string), _col1 (type: bigint)
                   outputColumnNames: _col0, _col1
+                  Statistics: Num rows: 250 Data size: 2656 Basic stats: COMPLETE Column stats: NONE
                   Reduce Output Operator
                     key expressions: _col0 (type: string)
                     sort order: +
                     Map-reduce partition columns: _col0 (type: string)
+                    Statistics: Num rows: 250 Data size: 2656 Basic stats: COMPLETE Column stats: NONE
                     value expressions: _col1 (type: bigint)
 
   Stage: Stage-0
diff --git a/ql/src/test/results/clientpositive/spark/join19.q.out b/ql/src/test/results/clientpositive/spark/join19.q.out
index dded76a8a5..eb1cd6b3c6 100644
--- a/ql/src/test/results/clientpositive/spark/join19.q.out
+++ b/ql/src/test/results/clientpositive/spark/join19.q.out
@@ -135,84 +135,108 @@ STAGE PLANS:
             Map Operator Tree:
                 TableScan
                   alias: t6
+                  Statistics: Num rows: 0 Data size: 0 Basic stats: NONE Column stats: NONE
                   Filter Operator
                     predicate: ((predicate = 'http://sofa.semanticweb.org/sofa/v1.0/system#__LABEL_REL') and subject is not null) (type: boolean)
+                    Statistics: Num rows: 0 Data size: 0 Basic stats: NONE Column stats: NONE
                     Select Operator
                       expressions: subject (type: string), object (type: string)
                       outputColumnNames: _col0, _col1
+                      Statistics: Num rows: 0 Data size: 0 Basic stats: NONE Column stats: NONE
                       Reduce Output Operator
                         key expressions: _col0 (type: string)
                         sort order: +
                         Map-reduce partition columns: _col0 (type: string)
+                        Statistics: Num rows: 0 Data size: 0 Basic stats: NONE Column stats: NONE
                         value expressions: _col1 (type: string)
         Map 3 
             Map Operator Tree:
                 TableScan
                   alias: t2
+                  Statistics: Num rows: 0 Data size: 0 Basic stats: NONE Column stats: NONE
                   Filter Operator
                     predicate: ((predicate = 'http://sofa.semanticweb.org/sofa/v1.0/system#__LABEL_REL') and subject is not null) (type: boolean)
+                    Statistics: Num rows: 0 Data size: 0 Basic stats: NONE Column stats: NONE
                     Select Operator
                       expressions: subject (type: string), object (type: string)
                       outputColumnNames: _col0, _col1
+                      Statistics: Num rows: 0 Data size: 0 Basic stats: NONE Column stats: NONE
                       Reduce Output Operator
                         key expressions: _col0 (type: string)
                         sort order: +
                         Map-reduce partition columns: _col0 (type: string)
+                        Statistics: Num rows: 0 Data size: 0 Basic stats: NONE Column stats: NONE
                         value expressions: _col1 (type: string)
         Map 6 
             Map Operator Tree:
                 TableScan
                   alias: t3
+                  Statistics: Num rows: 0 Data size: 0 Basic stats: NONE Column stats: NONE
                   Filter Operator
                     predicate: (((predicate = 'http://www.ontosearch.com/2007/12/ontosofa-ns#_from') and object is not null) and subject is not null) (type: boolean)
+                    Statistics: Num rows: 0 Data size: 0 Basic stats: NONE Column stats: NONE
                     Select Operator
                       expressions: subject (type: string), object (type: string)
                       outputColumnNames: _col0, _col1
+                      Statistics: Num rows: 0 Data size: 0 Basic stats: NONE Column stats: NONE
                       Reduce Output Operator
                         key expressions: _col1 (type: string)
                         sort order: +
                         Map-reduce partition columns: _col1 (type: string)
+                        Statistics: Num rows: 0 Data size: 0 Basic stats: NONE Column stats: NONE
                         value expressions: _col0 (type: string)
         Map 7 
             Map Operator Tree:
                 TableScan
                   alias: t5
+                  Statistics: Num rows: 0 Data size: 0 Basic stats: NONE Column stats: NONE
                   Filter Operator
                     predicate: (((predicate = 'http://www.ontosearch.com/2007/12/ontosofa-ns#_to') and subject is not null) and object is not null) (type: boolean)
+                    Statistics: Num rows: 0 Data size: 0 Basic stats: NONE Column stats: NONE
                     Select Operator
                       expressions: subject (type: string), object (type: string)
                       outputColumnNames: _col0, _col1
+                      Statistics: Num rows: 0 Data size: 0 Basic stats: NONE Column stats: NONE
                       Reduce Output Operator
                         key expressions: _col0 (type: string)
                         sort order: +
                         Map-reduce partition columns: _col0 (type: string)
+                        Statistics: Num rows: 0 Data size: 0 Basic stats: NONE Column stats: NONE
                         value expressions: _col1 (type: string)
         Map 8 
             Map Operator Tree:
                 TableScan
                   alias: t1
+                  Statistics: Num rows: 0 Data size: 0 Basic stats: NONE Column stats: NONE
                   Filter Operator
                     predicate: (((predicate = 'http://sofa.semanticweb.org/sofa/v1.0/system#__INSTANCEOF_REL') and (object = 'http://ontos/OntosMiner/Common.English/ontology#Citation')) and subject is not null) (type: boolean)
+                    Statistics: Num rows: 0 Data size: 0 Basic stats: NONE Column stats: NONE
                     Select Operator
                       expressions: subject (type: string)
                       outputColumnNames: _col0
+                      Statistics: Num rows: 0 Data size: 0 Basic stats: NONE Column stats: NONE
                       Reduce Output Operator
                         key expressions: _col0 (type: string)
                         sort order: +
                         Map-reduce partition columns: _col0 (type: string)
+                        Statistics: Num rows: 0 Data size: 0 Basic stats: NONE Column stats: NONE
         Map 9 
             Map Operator Tree:
                 TableScan
                   alias: t4
+                  Statistics: Num rows: 0 Data size: 0 Basic stats: NONE Column stats: NONE
                   Filter Operator
                     predicate: (((predicate = 'http://sofa.semanticweb.org/sofa/v1.0/system#__INSTANCEOF_REL') and (object = 'http://ontos/OntosMiner/Common.English/ontology#Author')) and subject is not null) (type: boolean)
+                    Statistics: Num rows: 0 Data size: 0 Basic stats: NONE Column stats: NONE
                     Select Operator
                       expressions: subject (type: string)
                       outputColumnNames: _col0
+                      Statistics: Num rows: 0 Data size: 0 Basic stats: NONE Column stats: NONE
                       Reduce Output Operator
                         key expressions: _col0 (type: string)
                         sort order: +
                         Map-reduce partition columns: _col0 (type: string)
+                        Statistics: Num rows: 0 Data size: 0 Basic stats: NONE Column stats: NONE
         Reducer 2 
             Reduce Operator Tree:
               Join Operator
@@ -222,11 +246,14 @@ STAGE PLANS:
                   0 {VALUE._col0} {VALUE._col2} {VALUE._col3} {KEY.reducesinkkey0}
                   1 {VALUE._col0}
                 outputColumnNames: _col0, _col2, _col3, _col7, _col9
+                Statistics: Num rows: 0 Data size: 0 Basic stats: NONE Column stats: NONE
                 Select Operator
                   expressions: _col0 (type: string), _col2 (type: string), _col3 (type: string), _col7 (type: string), _col9 (type: string)
                   outputColumnNames: _col0, _col1, _col2, _col3, _col4
+                  Statistics: Num rows: 0 Data size: 0 Basic stats: NONE Column stats: NONE
                   File Output Operator
                     compressed: false
+                    Statistics: Num rows: 0 Data size: 0 Basic stats: NONE Column stats: NONE
                     table:
                         input format: org.apache.hadoop.mapred.TextInputFormat
                         output format: org.apache.hadoop.hive.ql.io.HiveIgnoreKeyTextOutputFormat
@@ -242,10 +269,12 @@ STAGE PLANS:
                   1 {VALUE._col0}
                   2 {VALUE._col0}
                 outputColumnNames: _col0, _col2, _col3
+                Statistics: Num rows: 0 Data size: 0 Basic stats: NONE Column stats: NONE
                 Reduce Output Operator
                   key expressions: _col3 (type: string)
                   sort order: +
                   Map-reduce partition columns: _col3 (type: string)
+                  Statistics: Num rows: 0 Data size: 0 Basic stats: NONE Column stats: NONE
                   value expressions: _col0 (type: string), _col2 (type: string)
         Reducer 5 
             Reduce Operator Tree:
@@ -258,10 +287,12 @@ STAGE PLANS:
                   1 
                   2 {VALUE._col0}
                 outputColumnNames: _col0, _col2, _col3, _col7
+                Statistics: Num rows: 0 Data size: 0 Basic stats: NONE Column stats: NONE
                 Reduce Output Operator
                   key expressions: _col7 (type: string)
                   sort order: +
                   Map-reduce partition columns: _col7 (type: string)
+                  Statistics: Num rows: 0 Data size: 0 Basic stats: NONE Column stats: NONE
                   value expressions: _col0 (type: string), _col2 (type: string), _col3 (type: string)
 
   Stage: Stage-0
diff --git a/ql/src/test/results/clientpositive/spark/join2.q.out b/ql/src/test/results/clientpositive/spark/join2.q.out
index e1b48a7746..56e0fe9f18 100644
--- a/ql/src/test/results/clientpositive/spark/join2.q.out
+++ b/ql/src/test/results/clientpositive/spark/join2.q.out
@@ -32,33 +32,42 @@ STAGE PLANS:
             Map Operator Tree:
                 TableScan
                   alias: src2
+                  Statistics: Num rows: 500 Data size: 5312 Basic stats: COMPLETE Column stats: NONE
                   Filter Operator
                     predicate: key is not null (type: boolean)
+                    Statistics: Num rows: 250 Data size: 2656 Basic stats: COMPLETE Column stats: NONE
                     Reduce Output Operator
                       key expressions: key (type: string)
                       sort order: +
                       Map-reduce partition columns: key (type: string)
+                      Statistics: Num rows: 250 Data size: 2656 Basic stats: COMPLETE Column stats: NONE
         Map 4 
             Map Operator Tree:
                 TableScan
                   alias: src3
+                  Statistics: Num rows: 500 Data size: 5312 Basic stats: COMPLETE Column stats: NONE
                   Filter Operator
                     predicate: UDFToDouble(key) is not null (type: boolean)
+                    Statistics: Num rows: 250 Data size: 2656 Basic stats: COMPLETE Column stats: NONE
                     Reduce Output Operator
                       key expressions: UDFToDouble(key) (type: double)
                       sort order: +
                       Map-reduce partition columns: UDFToDouble(key) (type: double)
+                      Statistics: Num rows: 250 Data size: 2656 Basic stats: COMPLETE Column stats: NONE
                       value expressions: value (type: string)
         Map 5 
             Map Operator Tree:
                 TableScan
                   alias: src1
+                  Statistics: Num rows: 500 Data size: 5312 Basic stats: COMPLETE Column stats: NONE
                   Filter Operator
                     predicate: key is not null (type: boolean)
+                    Statistics: Num rows: 250 Data size: 2656 Basic stats: COMPLETE Column stats: NONE
                     Reduce Output Operator
                       key expressions: key (type: string)
                       sort order: +
                       Map-reduce partition columns: key (type: string)
+                      Statistics: Num rows: 250 Data size: 2656 Basic stats: COMPLETE Column stats: NONE
         Reducer 2 
             Reduce Operator Tree:
               Join Operator
@@ -68,12 +77,15 @@ STAGE PLANS:
                   0 {KEY.reducesinkkey0}
                   1 {KEY.reducesinkkey0}
                 outputColumnNames: _col0, _col5
+                Statistics: Num rows: 275 Data size: 2921 Basic stats: COMPLETE Column stats: NONE
                 Filter Operator
                   predicate: (_col0 + _col5) is not null (type: boolean)
+                  Statistics: Num rows: 138 Data size: 1465 Basic stats: COMPLETE Column stats: NONE
                   Reduce Output Operator
                     key expressions: (_col0 + _col5) (type: double)
                     sort order: +
                     Map-reduce partition columns: (_col0 + _col5) (type: double)
+                    Statistics: Num rows: 138 Data size: 1465 Basic stats: COMPLETE Column stats: NONE
                     value expressions: _col0 (type: string)
         Reducer 3 
             Reduce Operator Tree:
@@ -84,11 +96,14 @@ STAGE PLANS:
                   0 {VALUE._col0}
                   1 {VALUE._col1}
                 outputColumnNames: _col0, _col11
+                Statistics: Num rows: 275 Data size: 2921 Basic stats: COMPLETE Column stats: NONE
                 Select Operator
                   expressions: UDFToInteger(_col0) (type: int), _col11 (type: string)
                   outputColumnNames: _col0, _col1
+                  Statistics: Num rows: 275 Data size: 2921 Basic stats: COMPLETE Column stats: NONE
                   File Output Operator
                     compressed: false
+                    Statistics: Num rows: 275 Data size: 2921 Basic stats: COMPLETE Column stats: NONE
                     table:
                         input format: org.apache.hadoop.mapred.TextInputFormat
                         output format: org.apache.hadoop.hive.ql.io.HiveIgnoreKeyTextOutputFormat
diff --git a/ql/src/test/results/clientpositive/spark/join20.q.out b/ql/src/test/results/clientpositive/spark/join20.q.out
index bb687e23ea..f06ffac386 100644
--- a/ql/src/test/results/clientpositive/spark/join20.q.out
+++ b/ql/src/test/results/clientpositive/spark/join20.q.out
@@ -22,32 +22,40 @@ STAGE PLANS:
             Map Operator Tree:
                 TableScan
                   alias: src2
+                  Statistics: Num rows: 500 Data size: 5312 Basic stats: COMPLETE Column stats: NONE
                   Filter Operator
                     predicate: (key < 10) (type: boolean)
+                    Statistics: Num rows: 166 Data size: 1763 Basic stats: COMPLETE Column stats: NONE
                     Reduce Output Operator
                       key expressions: key (type: string)
                       sort order: +
                       Map-reduce partition columns: key (type: string)
+                      Statistics: Num rows: 166 Data size: 1763 Basic stats: COMPLETE Column stats: NONE
                       value expressions: value (type: string)
         Map 4 
             Map Operator Tree:
                 TableScan
                   alias: src3
+                  Statistics: Num rows: 500 Data size: 5312 Basic stats: COMPLETE Column stats: NONE
                   Reduce Output Operator
                     key expressions: key (type: string)
                     sort order: +
                     Map-reduce partition columns: key (type: string)
+                    Statistics: Num rows: 500 Data size: 5312 Basic stats: COMPLETE Column stats: NONE
                     value expressions: value (type: string)
         Map 5 
             Map Operator Tree:
                 TableScan
                   alias: src1
+                  Statistics: Num rows: 500 Data size: 5312 Basic stats: COMPLETE Column stats: NONE
                   Filter Operator
                     predicate: (key < 10) (type: boolean)
+                    Statistics: Num rows: 166 Data size: 1763 Basic stats: COMPLETE Column stats: NONE
                     Reduce Output Operator
                       key expressions: key (type: string)
                       sort order: +
                       Map-reduce partition columns: key (type: string)
+                      Statistics: Num rows: 166 Data size: 1763 Basic stats: COMPLETE Column stats: NONE
                       value expressions: value (type: string)
         Reducer 2 
             Reduce Operator Tree:
@@ -64,19 +72,24 @@ STAGE PLANS:
                   1 
                   2 {(KEY.reducesinkkey0 < 20)}
                 outputColumnNames: _col0, _col1, _col5, _col6, _col10, _col11
+                Statistics: Num rows: 1100 Data size: 11686 Basic stats: COMPLETE Column stats: NONE
                 Select Operator
                   expressions: _col0 (type: string), _col1 (type: string), _col5 (type: string), _col6 (type: string), _col10 (type: string), _col11 (type: string)
                   outputColumnNames: _col0, _col1, _col2, _col3, _col4, _col5
+                  Statistics: Num rows: 1100 Data size: 11686 Basic stats: COMPLETE Column stats: NONE
                   Reduce Output Operator
                     key expressions: _col0 (type: string), _col1 (type: string), _col2 (type: string), _col3 (type: string), _col4 (type: string), _col5 (type: string)
                     sort order: ++++++
+                    Statistics: Num rows: 1100 Data size: 11686 Basic stats: COMPLETE Column stats: NONE
         Reducer 3 
             Reduce Operator Tree:
               Select Operator
                 expressions: KEY.reducesinkkey0 (type: string), KEY.reducesinkkey1 (type: string), KEY.reducesinkkey2 (type: string), KEY.reducesinkkey3 (type: string), KEY.reducesinkkey4 (type: string), KEY.reducesinkkey5 (type: string)
                 outputColumnNames: _col0, _col1, _col2, _col3, _col4, _col5
+                Statistics: Num rows: 1100 Data size: 11686 Basic stats: COMPLETE Column stats: NONE
                 File Output Operator
                   compressed: false
+                  Statistics: Num rows: 1100 Data size: 11686 Basic stats: COMPLETE Column stats: NONE
                   table:
                       input format: org.apache.hadoop.mapred.TextInputFormat
                       output format: org.apache.hadoop.hive.ql.io.HiveIgnoreKeyTextOutputFormat
@@ -670,32 +683,40 @@ STAGE PLANS:
             Map Operator Tree:
                 TableScan
                   alias: src2
+                  Statistics: Num rows: 500 Data size: 5312 Basic stats: COMPLETE Column stats: NONE
                   Filter Operator
                     predicate: ((key < 10) and (key < 15)) (type: boolean)
+                    Statistics: Num rows: 55 Data size: 584 Basic stats: COMPLETE Column stats: NONE
                     Reduce Output Operator
                       key expressions: key (type: string)
                       sort order: +
                       Map-reduce partition columns: key (type: string)
+                      Statistics: Num rows: 55 Data size: 584 Basic stats: COMPLETE Column stats: NONE
                       value expressions: value (type: string)
         Map 4 
             Map Operator Tree:
                 TableScan
                   alias: src3
+                  Statistics: Num rows: 500 Data size: 5312 Basic stats: COMPLETE Column stats: NONE
                   Reduce Output Operator
                     key expressions: key (type: string)
                     sort order: +
                     Map-reduce partition columns: key (type: string)
+                    Statistics: Num rows: 500 Data size: 5312 Basic stats: COMPLETE Column stats: NONE
                     value expressions: value (type: string)
         Map 5 
             Map Operator Tree:
                 TableScan
                   alias: src1
+                  Statistics: Num rows: 500 Data size: 5312 Basic stats: COMPLETE Column stats: NONE
                   Filter Operator
                     predicate: ((key < 15) and (key < 10)) (type: boolean)
+                    Statistics: Num rows: 55 Data size: 584 Basic stats: COMPLETE Column stats: NONE
                     Reduce Output Operator
                       key expressions: key (type: string)
                       sort order: +
                       Map-reduce partition columns: key (type: string)
+                      Statistics: Num rows: 55 Data size: 584 Basic stats: COMPLETE Column stats: NONE
                       value expressions: value (type: string)
         Reducer 2 
             Reduce Operator Tree:
@@ -712,19 +733,24 @@ STAGE PLANS:
                   1 
                   2 {(KEY.reducesinkkey0 < 20)}
                 outputColumnNames: _col0, _col1, _col5, _col6, _col10, _col11
+                Statistics: Num rows: 1100 Data size: 11686 Basic stats: COMPLETE Column stats: NONE
                 Select Operator
                   expressions: _col0 (type: string), _col1 (type: string), _col5 (type: string), _col6 (type: string), _col10 (type: string), _col11 (type: string)
                   outputColumnNames: _col0, _col1, _col2, _col3, _col4, _col5
+                  Statistics: Num rows: 1100 Data size: 11686 Basic stats: COMPLETE Column stats: NONE
                   Reduce Output Operator
                     key expressions: _col0 (type: string), _col1 (type: string), _col2 (type: string), _col3 (type: string), _col4 (type: string), _col5 (type: string)
                     sort order: ++++++
+                    Statistics: Num rows: 1100 Data size: 11686 Basic stats: COMPLETE Column stats: NONE
         Reducer 3 
             Reduce Operator Tree:
               Select Operator
                 expressions: KEY.reducesinkkey0 (type: string), KEY.reducesinkkey1 (type: string), KEY.reducesinkkey2 (type: string), KEY.reducesinkkey3 (type: string), KEY.reducesinkkey4 (type: string), KEY.reducesinkkey5 (type: string)
                 outputColumnNames: _col0, _col1, _col2, _col3, _col4, _col5
+                Statistics: Num rows: 1100 Data size: 11686 Basic stats: COMPLETE Column stats: NONE
                 File Output Operator
                   compressed: false
+                  Statistics: Num rows: 1100 Data size: 11686 Basic stats: COMPLETE Column stats: NONE
                   table:
                       input format: org.apache.hadoop.mapred.TextInputFormat
                       output format: org.apache.hadoop.hive.ql.io.HiveIgnoreKeyTextOutputFormat
diff --git a/ql/src/test/results/clientpositive/spark/join21.q.out b/ql/src/test/results/clientpositive/spark/join21.q.out
index 18018e0c2c..e81ec5a910 100644
--- a/ql/src/test/results/clientpositive/spark/join21.q.out
+++ b/ql/src/test/results/clientpositive/spark/join21.q.out
@@ -20,30 +20,37 @@ STAGE PLANS:
             Map Operator Tree:
                 TableScan
                   alias: src2
+                  Statistics: Num rows: 500 Data size: 5312 Basic stats: COMPLETE Column stats: NONE
                   Filter Operator
                     predicate: (key > 10) (type: boolean)
+                    Statistics: Num rows: 166 Data size: 1763 Basic stats: COMPLETE Column stats: NONE
                     Reduce Output Operator
                       key expressions: key (type: string)
                       sort order: +
                       Map-reduce partition columns: key (type: string)
+                      Statistics: Num rows: 166 Data size: 1763 Basic stats: COMPLETE Column stats: NONE
                       value expressions: value (type: string)
         Map 4 
             Map Operator Tree:
                 TableScan
                   alias: src3
+                  Statistics: Num rows: 500 Data size: 5312 Basic stats: COMPLETE Column stats: NONE
                   Reduce Output Operator
                     key expressions: key (type: string)
                     sort order: +
                     Map-reduce partition columns: key (type: string)
+                    Statistics: Num rows: 500 Data size: 5312 Basic stats: COMPLETE Column stats: NONE
                     value expressions: value (type: string)
         Map 5 
             Map Operator Tree:
                 TableScan
                   alias: src1
+                  Statistics: Num rows: 500 Data size: 5312 Basic stats: COMPLETE Column stats: NONE
                   Reduce Output Operator
                     key expressions: key (type: string)
                     sort order: +
                     Map-reduce partition columns: key (type: string)
+                    Statistics: Num rows: 500 Data size: 5312 Basic stats: COMPLETE Column stats: NONE
                     value expressions: value (type: string)
         Reducer 2 
             Reduce Operator Tree:
@@ -60,19 +67,24 @@ STAGE PLANS:
                   1 
                   2 {(KEY.reducesinkkey0 < 10)}
                 outputColumnNames: _col0, _col1, _col5, _col6, _col10, _col11
+                Statistics: Num rows: 1100 Data size: 11686 Basic stats: COMPLETE Column stats: NONE
                 Select Operator
                   expressions: _col0 (type: string), _col1 (type: string), _col5 (type: string), _col6 (type: string), _col10 (type: string), _col11 (type: string)
                   outputColumnNames: _col0, _col1, _col2, _col3, _col4, _col5
+                  Statistics: Num rows: 1100 Data size: 11686 Basic stats: COMPLETE Column stats: NONE
                   Reduce Output Operator
                     key expressions: _col0 (type: string), _col1 (type: string), _col2 (type: string), _col3 (type: string), _col4 (type: string), _col5 (type: string)
                     sort order: ++++++
+                    Statistics: Num rows: 1100 Data size: 11686 Basic stats: COMPLETE Column stats: NONE
         Reducer 3 
             Reduce Operator Tree:
               Select Operator
                 expressions: KEY.reducesinkkey0 (type: string), KEY.reducesinkkey1 (type: string), KEY.reducesinkkey2 (type: string), KEY.reducesinkkey3 (type: string), KEY.reducesinkkey4 (type: string), KEY.reducesinkkey5 (type: string)
                 outputColumnNames: _col0, _col1, _col2, _col3, _col4, _col5
+                Statistics: Num rows: 1100 Data size: 11686 Basic stats: COMPLETE Column stats: NONE
                 File Output Operator
                   compressed: false
+                  Statistics: Num rows: 1100 Data size: 11686 Basic stats: COMPLETE Column stats: NONE
                   table:
                       input format: org.apache.hadoop.mapred.TextInputFormat
                       output format: org.apache.hadoop.hive.ql.io.HiveIgnoreKeyTextOutputFormat
diff --git a/ql/src/test/results/clientpositive/spark/join22.q.out b/ql/src/test/results/clientpositive/spark/join22.q.out
index a486502a9e..6361943ae2 100644
--- a/ql/src/test/results/clientpositive/spark/join22.q.out
+++ b/ql/src/test/results/clientpositive/spark/join22.q.out
@@ -20,33 +20,42 @@ STAGE PLANS:
             Map Operator Tree:
                 TableScan
                   alias: src2
+                  Statistics: Num rows: 500 Data size: 5312 Basic stats: COMPLETE Column stats: NONE
                   Filter Operator
                     predicate: key is not null (type: boolean)
+                    Statistics: Num rows: 250 Data size: 2656 Basic stats: COMPLETE Column stats: NONE
                     Reduce Output Operator
                       key expressions: key (type: string)
                       sort order: +
                       Map-reduce partition columns: key (type: string)
+                      Statistics: Num rows: 250 Data size: 2656 Basic stats: COMPLETE Column stats: NONE
         Map 4 
             Map Operator Tree:
                 TableScan
                   alias: src1
+                  Statistics: Num rows: 500 Data size: 5312 Basic stats: COMPLETE Column stats: NONE
                   Filter Operator
                     predicate: key is not null (type: boolean)
+                    Statistics: Num rows: 250 Data size: 2656 Basic stats: COMPLETE Column stats: NONE
                     Reduce Output Operator
                       key expressions: key (type: string)
                       sort order: +
                       Map-reduce partition columns: key (type: string)
+                      Statistics: Num rows: 250 Data size: 2656 Basic stats: COMPLETE Column stats: NONE
                       value expressions: value (type: string)
         Map 5 
             Map Operator Tree:
                 TableScan
                   alias: src4
+                  Statistics: Num rows: 500 Data size: 5312 Basic stats: COMPLETE Column stats: NONE
                   Filter Operator
                     predicate: key is not null (type: boolean)
+                    Statistics: Num rows: 250 Data size: 2656 Basic stats: COMPLETE Column stats: NONE
                     Reduce Output Operator
                       key expressions: key (type: string)
                       sort order: +
                       Map-reduce partition columns: key (type: string)
+                      Statistics: Num rows: 250 Data size: 2656 Basic stats: COMPLETE Column stats: NONE
         Reducer 2 
             Reduce Operator Tree:
               Join Operator
@@ -56,13 +65,16 @@ STAGE PLANS:
                   0 {KEY.reducesinkkey0} {VALUE._col0}
                   1 
                 outputColumnNames: _col0, _col1
+                Statistics: Num rows: 275 Data size: 2921 Basic stats: COMPLETE Column stats: NONE
                 Select Operator
                   expressions: _col0 (type: string), _col1 (type: string)
                   outputColumnNames: _col2, _col3
+                  Statistics: Num rows: 275 Data size: 2921 Basic stats: COMPLETE Column stats: NONE
                   Reduce Output Operator
                     key expressions: _col2 (type: string)
                     sort order: +
                     Map-reduce partition columns: _col2 (type: string)
+                    Statistics: Num rows: 275 Data size: 2921 Basic stats: COMPLETE Column stats: NONE
                     value expressions: _col3 (type: string)
         Reducer 3 
             Reduce Operator Tree:
@@ -73,11 +85,14 @@ STAGE PLANS:
                   0 
                   1 {VALUE._col2}
                 outputColumnNames: _col8
+                Statistics: Num rows: 302 Data size: 3213 Basic stats: COMPLETE Column stats: NONE
                 Select Operator
                   expressions: _col8 (type: string)
                   outputColumnNames: _col0
+                  Statistics: Num rows: 302 Data size: 3213 Basic stats: COMPLETE Column stats: NONE
                   File Output Operator
                     compressed: false
+                    Statistics: Num rows: 302 Data size: 3213 Basic stats: COMPLETE Column stats: NONE
                     table:
                         input format: org.apache.hadoop.mapred.TextInputFormat
                         output format: org.apache.hadoop.hive.ql.io.HiveIgnoreKeyTextOutputFormat
diff --git a/ql/src/test/results/clientpositive/spark/join23.q.out b/ql/src/test/results/clientpositive/spark/join23.q.out
index f564b139fe..3982ea7129 100644
--- a/ql/src/test/results/clientpositive/spark/join23.q.out
+++ b/ql/src/test/results/clientpositive/spark/join23.q.out
@@ -20,19 +20,25 @@ STAGE PLANS:
             Map Operator Tree:
                 TableScan
                   alias: src2
+                  Statistics: Num rows: 500 Data size: 5312 Basic stats: COMPLETE Column stats: NONE
                   Filter Operator
                     predicate: (key < 10) (type: boolean)
+                    Statistics: Num rows: 166 Data size: 1763 Basic stats: COMPLETE Column stats: NONE
                     Reduce Output Operator
                       sort order: 
+                      Statistics: Num rows: 166 Data size: 1763 Basic stats: COMPLETE Column stats: NONE
                       value expressions: key (type: string), value (type: string)
         Map 4 
             Map Operator Tree:
                 TableScan
                   alias: src1
+                  Statistics: Num rows: 500 Data size: 5312 Basic stats: COMPLETE Column stats: NONE
                   Filter Operator
                     predicate: (key < 10) (type: boolean)
+                    Statistics: Num rows: 166 Data size: 1763 Basic stats: COMPLETE Column stats: NONE
                     Reduce Output Operator
                       sort order: 
+                      Statistics: Num rows: 166 Data size: 1763 Basic stats: COMPLETE Column stats: NONE
                       value expressions: key (type: string), value (type: string)
         Reducer 2 
             Reduce Operator Tree:
@@ -43,19 +49,24 @@ STAGE PLANS:
                   0 {VALUE._col0} {VALUE._col1}
                   1 {VALUE._col0} {VALUE._col1}
                 outputColumnNames: _col0, _col1, _col5, _col6
+                Statistics: Num rows: 182 Data size: 1939 Basic stats: COMPLETE Column stats: NONE
                 Select Operator
                   expressions: _col0 (type: string), _col1 (type: string), _col5 (type: string), _col6 (type: string)
                   outputColumnNames: _col0, _col1, _col2, _col3
+                  Statistics: Num rows: 182 Data size: 1939 Basic stats: COMPLETE Column stats: NONE
                   Reduce Output Operator
                     key expressions: _col0 (type: string), _col1 (type: string), _col2 (type: string), _col3 (type: string)
                     sort order: ++++
+                    Statistics: Num rows: 182 Data size: 1939 Basic stats: COMPLETE Column stats: NONE
         Reducer 3 
             Reduce Operator Tree:
               Select Operator
                 expressions: KEY.reducesinkkey0 (type: string), KEY.reducesinkkey1 (type: string), KEY.reducesinkkey2 (type: string), KEY.reducesinkkey3 (type: string)
                 outputColumnNames: _col0, _col1, _col2, _col3
+                Statistics: Num rows: 182 Data size: 1939 Basic stats: COMPLETE Column stats: NONE
                 File Output Operator
                   compressed: false
+                  Statistics: Num rows: 182 Data size: 1939 Basic stats: COMPLETE Column stats: NONE
                   table:
                       input format: org.apache.hadoop.mapred.TextInputFormat
                       output format: org.apache.hadoop.hive.ql.io.HiveIgnoreKeyTextOutputFormat
diff --git a/ql/src/test/results/clientpositive/spark/join25.q.out b/ql/src/test/results/clientpositive/spark/join25.q.out
index 50bd52bee6..f2c845709e 100644
--- a/ql/src/test/results/clientpositive/spark/join25.q.out
+++ b/ql/src/test/results/clientpositive/spark/join25.q.out
@@ -37,23 +37,29 @@ STAGE PLANS:
             Map Operator Tree:
                 TableScan
                   alias: y
+                  Statistics: Num rows: 500 Data size: 5312 Basic stats: COMPLETE Column stats: NONE
                   Filter Operator
                     predicate: key is not null (type: boolean)
+                    Statistics: Num rows: 250 Data size: 2656 Basic stats: COMPLETE Column stats: NONE
                     Reduce Output Operator
                       key expressions: key (type: string)
                       sort order: +
                       Map-reduce partition columns: key (type: string)
+                      Statistics: Num rows: 250 Data size: 2656 Basic stats: COMPLETE Column stats: NONE
                       value expressions: value (type: string)
         Map 3 
             Map Operator Tree:
                 TableScan
                   alias: x
+                  Statistics: Num rows: 25 Data size: 191 Basic stats: COMPLETE Column stats: NONE
                   Filter Operator
                     predicate: key is not null (type: boolean)
+                    Statistics: Num rows: 13 Data size: 99 Basic stats: COMPLETE Column stats: NONE
                     Reduce Output Operator
                       key expressions: key (type: string)
                       sort order: +
                       Map-reduce partition columns: key (type: string)
+                      Statistics: Num rows: 13 Data size: 99 Basic stats: COMPLETE Column stats: NONE
                       value expressions: value (type: string)
         Reducer 2 
             Reduce Operator Tree:
@@ -64,11 +70,14 @@ STAGE PLANS:
                   0 {KEY.reducesinkkey0} {VALUE._col0}
                   1 {VALUE._col0}
                 outputColumnNames: _col0, _col1, _col6
+                Statistics: Num rows: 275 Data size: 2921 Basic stats: COMPLETE Column stats: NONE
                 Select Operator
                   expressions: UDFToInteger(_col0) (type: int), _col1 (type: string), _col6 (type: string)
                   outputColumnNames: _col0, _col1, _col2
+                  Statistics: Num rows: 275 Data size: 2921 Basic stats: COMPLETE Column stats: NONE
                   File Output Operator
                     compressed: false
+                    Statistics: Num rows: 275 Data size: 2921 Basic stats: COMPLETE Column stats: NONE
                     table:
                         input format: org.apache.hadoop.mapred.TextInputFormat
                         output format: org.apache.hadoop.hive.ql.io.HiveIgnoreKeyTextOutputFormat
diff --git a/ql/src/test/results/clientpositive/spark/join26.q.out b/ql/src/test/results/clientpositive/spark/join26.q.out
index 9a3c79a9cc..3b010a0f98 100644
--- a/ql/src/test/results/clientpositive/spark/join26.q.out
+++ b/ql/src/test/results/clientpositive/spark/join26.q.out
@@ -118,14 +118,17 @@ STAGE PLANS:
             Map Operator Tree:
                 TableScan
                   alias: z
+                  Statistics: Num rows: 500 Data size: 5312 Basic stats: COMPLETE Column stats: NONE
                   GatherStats: false
                   Filter Operator
                     isSamplingPred: false
                     predicate: key is not null (type: boolean)
+                    Statistics: Num rows: 250 Data size: 2656 Basic stats: COMPLETE Column stats: NONE
                     Reduce Output Operator
                       key expressions: key (type: string)
                       sort order: +
                       Map-reduce partition columns: key (type: string)
+                      Statistics: Num rows: 250 Data size: 2656 Basic stats: COMPLETE Column stats: NONE
                       tag: 2
                       value expressions: value (type: string)
                       auto parallelism: true
@@ -184,14 +187,17 @@ STAGE PLANS:
             Map Operator Tree:
                 TableScan
                   alias: y
+                  Statistics: Num rows: 500 Data size: 5312 Basic stats: COMPLETE Column stats: NONE
                   GatherStats: false
                   Filter Operator
                     isSamplingPred: false
                     predicate: key is not null (type: boolean)
+                    Statistics: Num rows: 250 Data size: 2656 Basic stats: COMPLETE Column stats: NONE
                     Reduce Output Operator
                       key expressions: key (type: string)
                       sort order: +
                       Map-reduce partition columns: key (type: string)
+                      Statistics: Num rows: 250 Data size: 2656 Basic stats: COMPLETE Column stats: NONE
                       tag: 1
                       value expressions: value (type: string)
                       auto parallelism: true
@@ -248,14 +254,17 @@ STAGE PLANS:
             Map Operator Tree:
                 TableScan
                   alias: x
+                  Statistics: Num rows: 25 Data size: 191 Basic stats: COMPLETE Column stats: NONE
                   GatherStats: false
                   Filter Operator
                     isSamplingPred: false
                     predicate: key is not null (type: boolean)
+                    Statistics: Num rows: 13 Data size: 99 Basic stats: COMPLETE Column stats: NONE
                     Reduce Output Operator
                       key expressions: key (type: string)
                       sort order: +
                       Map-reduce partition columns: key (type: string)
+                      Statistics: Num rows: 13 Data size: 99 Basic stats: COMPLETE Column stats: NONE
                       tag: 0
                       auto parallelism: true
             Path -> Alias:
@@ -319,14 +328,17 @@ STAGE PLANS:
                   1 {VALUE._col0}
                   2 {VALUE._col0}
                 outputColumnNames: _col0, _col6, _col11
+                Statistics: Num rows: 550 Data size: 5843 Basic stats: COMPLETE Column stats: NONE
                 Select Operator
                   expressions: _col0 (type: string), _col11 (type: string), _col6 (type: string)
                   outputColumnNames: _col0, _col1, _col2
+                  Statistics: Num rows: 550 Data size: 5843 Basic stats: COMPLETE Column stats: NONE
                   File Output Operator
                     compressed: false
                     GlobalTableId: 1
 #### A masked pattern was here ####
                     NumFilesPerFileSink: 1
+                    Statistics: Num rows: 550 Data size: 5843 Basic stats: COMPLETE Column stats: NONE
 #### A masked pattern was here ####
                     table:
                         input format: org.apache.hadoop.mapred.TextInputFormat
diff --git a/ql/src/test/results/clientpositive/spark/join27.q.out b/ql/src/test/results/clientpositive/spark/join27.q.out
index d964ee9254..2e1f61afa7 100644
--- a/ql/src/test/results/clientpositive/spark/join27.q.out
+++ b/ql/src/test/results/clientpositive/spark/join27.q.out
@@ -37,22 +37,28 @@ STAGE PLANS:
             Map Operator Tree:
                 TableScan
                   alias: y
+                  Statistics: Num rows: 500 Data size: 5312 Basic stats: COMPLETE Column stats: NONE
                   Filter Operator
                     predicate: value is not null (type: boolean)
+                    Statistics: Num rows: 250 Data size: 2656 Basic stats: COMPLETE Column stats: NONE
                     Reduce Output Operator
                       key expressions: value (type: string)
                       sort order: +
                       Map-reduce partition columns: value (type: string)
+                      Statistics: Num rows: 250 Data size: 2656 Basic stats: COMPLETE Column stats: NONE
         Map 3 
             Map Operator Tree:
                 TableScan
                   alias: x
+                  Statistics: Num rows: 25 Data size: 191 Basic stats: COMPLETE Column stats: NONE
                   Filter Operator
                     predicate: value is not null (type: boolean)
+                    Statistics: Num rows: 13 Data size: 99 Basic stats: COMPLETE Column stats: NONE
                     Reduce Output Operator
                       key expressions: value (type: string)
                       sort order: +
                       Map-reduce partition columns: value (type: string)
+                      Statistics: Num rows: 13 Data size: 99 Basic stats: COMPLETE Column stats: NONE
                       value expressions: key (type: string)
         Reducer 2 
             Reduce Operator Tree:
@@ -63,11 +69,14 @@ STAGE PLANS:
                   0 {VALUE._col0} {KEY.reducesinkkey0}
                   1 {KEY.reducesinkkey0}
                 outputColumnNames: _col0, _col1, _col6
+                Statistics: Num rows: 275 Data size: 2921 Basic stats: COMPLETE Column stats: NONE
                 Select Operator
                   expressions: UDFToInteger(_col0) (type: int), _col1 (type: string), _col6 (type: string)
                   outputColumnNames: _col0, _col1, _col2
+                  Statistics: Num rows: 275 Data size: 2921 Basic stats: COMPLETE Column stats: NONE
                   File Output Operator
                     compressed: false
+                    Statistics: Num rows: 275 Data size: 2921 Basic stats: COMPLETE Column stats: NONE
                     table:
                         input format: org.apache.hadoop.mapred.TextInputFormat
                         output format: org.apache.hadoop.hive.ql.io.HiveIgnoreKeyTextOutputFormat
diff --git a/ql/src/test/results/clientpositive/spark/join3.q.out b/ql/src/test/results/clientpositive/spark/join3.q.out
index a32471b998..e61f7243a0 100644
--- a/ql/src/test/results/clientpositive/spark/join3.q.out
+++ b/ql/src/test/results/clientpositive/spark/join3.q.out
@@ -31,33 +31,42 @@ STAGE PLANS:
             Map Operator Tree:
                 TableScan
                   alias: src2
+                  Statistics: Num rows: 500 Data size: 5312 Basic stats: COMPLETE Column stats: NONE
                   Filter Operator
                     predicate: key is not null (type: boolean)
+                    Statistics: Num rows: 250 Data size: 2656 Basic stats: COMPLETE Column stats: NONE
                     Reduce Output Operator
                       key expressions: key (type: string)
                       sort order: +
                       Map-reduce partition columns: key (type: string)
+                      Statistics: Num rows: 250 Data size: 2656 Basic stats: COMPLETE Column stats: NONE
         Map 3 
             Map Operator Tree:
                 TableScan
                   alias: src3
+                  Statistics: Num rows: 500 Data size: 5312 Basic stats: COMPLETE Column stats: NONE
                   Filter Operator
                     predicate: key is not null (type: boolean)
+                    Statistics: Num rows: 250 Data size: 2656 Basic stats: COMPLETE Column stats: NONE
                     Reduce Output Operator
                       key expressions: key (type: string)
                       sort order: +
                       Map-reduce partition columns: key (type: string)
+                      Statistics: Num rows: 250 Data size: 2656 Basic stats: COMPLETE Column stats: NONE
                       value expressions: value (type: string)
         Map 4 
             Map Operator Tree:
                 TableScan
                   alias: src1
+                  Statistics: Num rows: 500 Data size: 5312 Basic stats: COMPLETE Column stats: NONE
                   Filter Operator
                     predicate: key is not null (type: boolean)
+                    Statistics: Num rows: 250 Data size: 2656 Basic stats: COMPLETE Column stats: NONE
                     Reduce Output Operator
                       key expressions: key (type: string)
                       sort order: +
                       Map-reduce partition columns: key (type: string)
+                      Statistics: Num rows: 250 Data size: 2656 Basic stats: COMPLETE Column stats: NONE
         Reducer 2 
             Reduce Operator Tree:
               Join Operator
@@ -69,11 +78,14 @@ STAGE PLANS:
                   1 
                   2 {VALUE._col0}
                 outputColumnNames: _col0, _col11
+                Statistics: Num rows: 550 Data size: 5843 Basic stats: COMPLETE Column stats: NONE
                 Select Operator
                   expressions: UDFToInteger(_col0) (type: int), _col11 (type: string)
                   outputColumnNames: _col0, _col1
+                  Statistics: Num rows: 550 Data size: 5843 Basic stats: COMPLETE Column stats: NONE
                   File Output Operator
                     compressed: false
+                    Statistics: Num rows: 550 Data size: 5843 Basic stats: COMPLETE Column stats: NONE
                     table:
                         input format: org.apache.hadoop.mapred.TextInputFormat
                         output format: org.apache.hadoop.hive.ql.io.HiveIgnoreKeyTextOutputFormat
diff --git a/ql/src/test/results/clientpositive/spark/join4.q.out b/ql/src/test/results/clientpositive/spark/join4.q.out
index b09120e95c..1d4839389f 100644
--- a/ql/src/test/results/clientpositive/spark/join4.q.out
+++ b/ql/src/test/results/clientpositive/spark/join4.q.out
@@ -53,29 +53,37 @@ STAGE PLANS:
             Map Operator Tree:
                 TableScan
                   alias: src1
+                  Statistics: Num rows: 500 Data size: 5312 Basic stats: COMPLETE Column stats: NONE
                   Filter Operator
                     predicate: ((key > 10) and (key < 20)) (type: boolean)
+                    Statistics: Num rows: 55 Data size: 584 Basic stats: COMPLETE Column stats: NONE
                     Select Operator
                       expressions: key (type: string), value (type: string)
                       outputColumnNames: _col0, _col1
+                      Statistics: Num rows: 55 Data size: 584 Basic stats: COMPLETE Column stats: NONE
                       Reduce Output Operator
                         key expressions: _col0 (type: string)
                         sort order: +
                         Map-reduce partition columns: _col0 (type: string)
+                        Statistics: Num rows: 55 Data size: 584 Basic stats: COMPLETE Column stats: NONE
                         value expressions: _col1 (type: string)
         Map 3 
             Map Operator Tree:
                 TableScan
                   alias: src2
+                  Statistics: Num rows: 500 Data size: 5312 Basic stats: COMPLETE Column stats: NONE
                   Filter Operator
                     predicate: ((key > 15) and (key < 25)) (type: boolean)
+                    Statistics: Num rows: 55 Data size: 584 Basic stats: COMPLETE Column stats: NONE
                     Select Operator
                       expressions: key (type: string), value (type: string)
                       outputColumnNames: _col0, _col1
+                      Statistics: Num rows: 55 Data size: 584 Basic stats: COMPLETE Column stats: NONE
                       Reduce Output Operator
                         key expressions: _col0 (type: string)
                         sort order: +
                         Map-reduce partition columns: _col0 (type: string)
+                        Statistics: Num rows: 55 Data size: 584 Basic stats: COMPLETE Column stats: NONE
                         value expressions: _col1 (type: string)
         Reducer 2 
             Reduce Operator Tree:
@@ -86,11 +94,14 @@ STAGE PLANS:
                   0 {KEY.reducesinkkey0} {VALUE._col0}
                   1 {KEY.reducesinkkey0} {VALUE._col0}
                 outputColumnNames: _col0, _col1, _col2, _col3
+                Statistics: Num rows: 60 Data size: 642 Basic stats: COMPLETE Column stats: NONE
                 Select Operator
                   expressions: UDFToInteger(_col0) (type: int), _col1 (type: string), UDFToInteger(_col2) (type: int), _col3 (type: string)
                   outputColumnNames: _col0, _col1, _col2, _col3
+                  Statistics: Num rows: 60 Data size: 642 Basic stats: COMPLETE Column stats: NONE
                   File Output Operator
                     compressed: false
+                    Statistics: Num rows: 60 Data size: 642 Basic stats: COMPLETE Column stats: NONE
                     table:
                         input format: org.apache.hadoop.mapred.TextInputFormat
                         output format: org.apache.hadoop.hive.ql.io.HiveIgnoreKeyTextOutputFormat
diff --git a/ql/src/test/results/clientpositive/spark/join5.q.out b/ql/src/test/results/clientpositive/spark/join5.q.out
index 60e9eb50da..247750e0e5 100644
--- a/ql/src/test/results/clientpositive/spark/join5.q.out
+++ b/ql/src/test/results/clientpositive/spark/join5.q.out
@@ -53,29 +53,37 @@ STAGE PLANS:
             Map Operator Tree:
                 TableScan
                   alias: src1
+                  Statistics: Num rows: 500 Data size: 5312 Basic stats: COMPLETE Column stats: NONE
                   Filter Operator
                     predicate: ((key > 10) and (key < 20)) (type: boolean)
+                    Statistics: Num rows: 55 Data size: 584 Basic stats: COMPLETE Column stats: NONE
                     Select Operator
                       expressions: key (type: string), value (type: string)
                       outputColumnNames: _col0, _col1
+                      Statistics: Num rows: 55 Data size: 584 Basic stats: COMPLETE Column stats: NONE
                       Reduce Output Operator
                         key expressions: _col0 (type: string)
                         sort order: +
                         Map-reduce partition columns: _col0 (type: string)
+                        Statistics: Num rows: 55 Data size: 584 Basic stats: COMPLETE Column stats: NONE
                         value expressions: _col1 (type: string)
         Map 3 
             Map Operator Tree:
                 TableScan
                   alias: src2
+                  Statistics: Num rows: 500 Data size: 5312 Basic stats: COMPLETE Column stats: NONE
                   Filter Operator
                     predicate: ((key > 15) and (key < 25)) (type: boolean)
+                    Statistics: Num rows: 55 Data size: 584 Basic stats: COMPLETE Column stats: NONE
                     Select Operator
                       expressions: key (type: string), value (type: string)
                       outputColumnNames: _col0, _col1
+                      Statistics: Num rows: 55 Data size: 584 Basic stats: COMPLETE Column stats: NONE
                       Reduce Output Operator
                         key expressions: _col0 (type: string)
                         sort order: +
                         Map-reduce partition columns: _col0 (type: string)
+                        Statistics: Num rows: 55 Data size: 584 Basic stats: COMPLETE Column stats: NONE
                         value expressions: _col1 (type: string)
         Reducer 2 
             Reduce Operator Tree:
@@ -86,11 +94,14 @@ STAGE PLANS:
                   0 {KEY.reducesinkkey0} {VALUE._col0}
                   1 {KEY.reducesinkkey0} {VALUE._col0}
                 outputColumnNames: _col0, _col1, _col2, _col3
+                Statistics: Num rows: 60 Data size: 642 Basic stats: COMPLETE Column stats: NONE
                 Select Operator
                   expressions: UDFToInteger(_col0) (type: int), _col1 (type: string), UDFToInteger(_col2) (type: int), _col3 (type: string)
                   outputColumnNames: _col0, _col1, _col2, _col3
+                  Statistics: Num rows: 60 Data size: 642 Basic stats: COMPLETE Column stats: NONE
                   File Output Operator
                     compressed: false
+                    Statistics: Num rows: 60 Data size: 642 Basic stats: COMPLETE Column stats: NONE
                     table:
                         input format: org.apache.hadoop.mapred.TextInputFormat
                         output format: org.apache.hadoop.hive.ql.io.HiveIgnoreKeyTextOutputFormat
diff --git a/ql/src/test/results/clientpositive/spark/join6.q.out b/ql/src/test/results/clientpositive/spark/join6.q.out
index 04a39eb07d..966fcf2e95 100644
--- a/ql/src/test/results/clientpositive/spark/join6.q.out
+++ b/ql/src/test/results/clientpositive/spark/join6.q.out
@@ -53,29 +53,37 @@ STAGE PLANS:
             Map Operator Tree:
                 TableScan
                   alias: src1
+                  Statistics: Num rows: 500 Data size: 5312 Basic stats: COMPLETE Column stats: NONE
                   Filter Operator
                     predicate: ((key > 10) and (key < 20)) (type: boolean)
+                    Statistics: Num rows: 55 Data size: 584 Basic stats: COMPLETE Column stats: NONE
                     Select Operator
                       expressions: key (type: string), value (type: string)
                       outputColumnNames: _col0, _col1
+                      Statistics: Num rows: 55 Data size: 584 Basic stats: COMPLETE Column stats: NONE
                       Reduce Output Operator
                         key expressions: _col0 (type: string)
                         sort order: +
                         Map-reduce partition columns: _col0 (type: string)
+                        Statistics: Num rows: 55 Data size: 584 Basic stats: COMPLETE Column stats: NONE
                         value expressions: _col1 (type: string)
         Map 3 
             Map Operator Tree:
                 TableScan
                   alias: src2
+                  Statistics: Num rows: 500 Data size: 5312 Basic stats: COMPLETE Column stats: NONE
                   Filter Operator
                     predicate: ((key > 15) and (key < 25)) (type: boolean)
+                    Statistics: Num rows: 55 Data size: 584 Basic stats: COMPLETE Column stats: NONE
                     Select Operator
                       expressions: key (type: string), value (type: string)
                       outputColumnNames: _col0, _col1
+                      Statistics: Num rows: 55 Data size: 584 Basic stats: COMPLETE Column stats: NONE
                       Reduce Output Operator
                         key expressions: _col0 (type: string)
                         sort order: +
                         Map-reduce partition columns: _col0 (type: string)
+                        Statistics: Num rows: 55 Data size: 584 Basic stats: COMPLETE Column stats: NONE
                         value expressions: _col1 (type: string)
         Reducer 2 
             Reduce Operator Tree:
@@ -86,11 +94,14 @@ STAGE PLANS:
                   0 {KEY.reducesinkkey0} {VALUE._col0}
                   1 {KEY.reducesinkkey0} {VALUE._col0}
                 outputColumnNames: _col0, _col1, _col2, _col3
+                Statistics: Num rows: 60 Data size: 642 Basic stats: COMPLETE Column stats: NONE
                 Select Operator
                   expressions: UDFToInteger(_col0) (type: int), _col1 (type: string), UDFToInteger(_col2) (type: int), _col3 (type: string)
                   outputColumnNames: _col0, _col1, _col2, _col3
+                  Statistics: Num rows: 60 Data size: 642 Basic stats: COMPLETE Column stats: NONE
                   File Output Operator
                     compressed: false
+                    Statistics: Num rows: 60 Data size: 642 Basic stats: COMPLETE Column stats: NONE
                     table:
                         input format: org.apache.hadoop.mapred.TextInputFormat
                         output format: org.apache.hadoop.hive.ql.io.HiveIgnoreKeyTextOutputFormat
diff --git a/ql/src/test/results/clientpositive/spark/join7.q.out b/ql/src/test/results/clientpositive/spark/join7.q.out
index 8c8cec8078..d7e8bd156b 100644
--- a/ql/src/test/results/clientpositive/spark/join7.q.out
+++ b/ql/src/test/results/clientpositive/spark/join7.q.out
@@ -63,43 +63,55 @@ STAGE PLANS:
             Map Operator Tree:
                 TableScan
                   alias: src1
+                  Statistics: Num rows: 500 Data size: 5312 Basic stats: COMPLETE Column stats: NONE
                   Filter Operator
                     predicate: ((key > 10) and (key < 20)) (type: boolean)
+                    Statistics: Num rows: 55 Data size: 584 Basic stats: COMPLETE Column stats: NONE
                     Select Operator
                       expressions: key (type: string), value (type: string)
                       outputColumnNames: _col0, _col1
+                      Statistics: Num rows: 55 Data size: 584 Basic stats: COMPLETE Column stats: NONE
                       Reduce Output Operator
                         key expressions: _col0 (type: string)
                         sort order: +
                         Map-reduce partition columns: _col0 (type: string)
+                        Statistics: Num rows: 55 Data size: 584 Basic stats: COMPLETE Column stats: NONE
                         value expressions: _col1 (type: string)
         Map 3 
             Map Operator Tree:
                 TableScan
                   alias: src2
+                  Statistics: Num rows: 500 Data size: 5312 Basic stats: COMPLETE Column stats: NONE
                   Filter Operator
                     predicate: ((key > 15) and (key < 25)) (type: boolean)
+                    Statistics: Num rows: 55 Data size: 584 Basic stats: COMPLETE Column stats: NONE
                     Select Operator
                       expressions: key (type: string), value (type: string)
                       outputColumnNames: _col0, _col1
+                      Statistics: Num rows: 55 Data size: 584 Basic stats: COMPLETE Column stats: NONE
                       Reduce Output Operator
                         key expressions: _col0 (type: string)
                         sort order: +
                         Map-reduce partition columns: _col0 (type: string)
+                        Statistics: Num rows: 55 Data size: 584 Basic stats: COMPLETE Column stats: NONE
                         value expressions: _col1 (type: string)
         Map 4 
             Map Operator Tree:
                 TableScan
                   alias: src3
+                  Statistics: Num rows: 500 Data size: 5312 Basic stats: COMPLETE Column stats: NONE
                   Filter Operator
                     predicate: ((key > 20) and (key < 25)) (type: boolean)
+                    Statistics: Num rows: 55 Data size: 584 Basic stats: COMPLETE Column stats: NONE
                     Select Operator
                       expressions: key (type: string), value (type: string)
                       outputColumnNames: _col0, _col1
+                      Statistics: Num rows: 55 Data size: 584 Basic stats: COMPLETE Column stats: NONE
                       Reduce Output Operator
                         key expressions: _col0 (type: string)
                         sort order: +
                         Map-reduce partition columns: _col0 (type: string)
+                        Statistics: Num rows: 55 Data size: 584 Basic stats: COMPLETE Column stats: NONE
                         value expressions: _col1 (type: string)
         Reducer 2 
             Reduce Operator Tree:
@@ -112,11 +124,14 @@ STAGE PLANS:
                   1 {KEY.reducesinkkey0} {VALUE._col0}
                   2 {KEY.reducesinkkey0} {VALUE._col0}
                 outputColumnNames: _col0, _col1, _col2, _col3, _col4, _col5
+                Statistics: Num rows: 121 Data size: 1284 Basic stats: COMPLETE Column stats: NONE
                 Select Operator
                   expressions: UDFToInteger(_col0) (type: int), _col1 (type: string), UDFToInteger(_col2) (type: int), _col3 (type: string), UDFToInteger(_col4) (type: int), _col5 (type: string)
                   outputColumnNames: _col0, _col1, _col2, _col3, _col4, _col5
+                  Statistics: Num rows: 121 Data size: 1284 Basic stats: COMPLETE Column stats: NONE
                   File Output Operator
                     compressed: false
+                    Statistics: Num rows: 121 Data size: 1284 Basic stats: COMPLETE Column stats: NONE
                     table:
                         input format: org.apache.hadoop.mapred.TextInputFormat
                         output format: org.apache.hadoop.hive.ql.io.HiveIgnoreKeyTextOutputFormat
diff --git a/ql/src/test/results/clientpositive/spark/join8.q.out b/ql/src/test/results/clientpositive/spark/join8.q.out
index e975c989b2..31115c3bbf 100644
--- a/ql/src/test/results/clientpositive/spark/join8.q.out
+++ b/ql/src/test/results/clientpositive/spark/join8.q.out
@@ -53,29 +53,37 @@ STAGE PLANS:
             Map Operator Tree:
                 TableScan
                   alias: src1
+                  Statistics: Num rows: 500 Data size: 5312 Basic stats: COMPLETE Column stats: NONE
                   Filter Operator
                     predicate: (((key > 10) and (key < 20)) and key is not null) (type: boolean)
+                    Statistics: Num rows: 28 Data size: 297 Basic stats: COMPLETE Column stats: NONE
                     Select Operator
                       expressions: key (type: string), value (type: string)
                       outputColumnNames: _col0, _col1
+                      Statistics: Num rows: 28 Data size: 297 Basic stats: COMPLETE Column stats: NONE
                       Reduce Output Operator
                         key expressions: _col0 (type: string)
                         sort order: +
                         Map-reduce partition columns: _col0 (type: string)
+                        Statistics: Num rows: 28 Data size: 297 Basic stats: COMPLETE Column stats: NONE
                         value expressions: _col1 (type: string)
         Map 3 
             Map Operator Tree:
                 TableScan
                   alias: src2
+                  Statistics: Num rows: 500 Data size: 5312 Basic stats: COMPLETE Column stats: NONE
                   Filter Operator
                     predicate: (((key > 15) and (key < 25)) and key is not null) (type: boolean)
+                    Statistics: Num rows: 28 Data size: 297 Basic stats: COMPLETE Column stats: NONE
                     Select Operator
                       expressions: key (type: string), value (type: string)
                       outputColumnNames: _col0, _col1
+                      Statistics: Num rows: 28 Data size: 297 Basic stats: COMPLETE Column stats: NONE
                       Reduce Output Operator
                         key expressions: _col0 (type: string)
                         sort order: +
                         Map-reduce partition columns: _col0 (type: string)
+                        Statistics: Num rows: 28 Data size: 297 Basic stats: COMPLETE Column stats: NONE
                         value expressions: _col1 (type: string)
         Reducer 2 
             Reduce Operator Tree:
@@ -86,13 +94,17 @@ STAGE PLANS:
                   0 {KEY.reducesinkkey0} {VALUE._col0}
                   1 {KEY.reducesinkkey0} {VALUE._col0}
                 outputColumnNames: _col0, _col1, _col2, _col3
+                Statistics: Num rows: 30 Data size: 326 Basic stats: COMPLETE Column stats: NONE
                 Filter Operator
                   predicate: _col2 is null (type: boolean)
+                  Statistics: Num rows: 15 Data size: 163 Basic stats: COMPLETE Column stats: NONE
                   Select Operator
                     expressions: UDFToInteger(_col0) (type: int), _col1 (type: string), UDFToInteger(null) (type: int), _col3 (type: string)
                     outputColumnNames: _col0, _col1, _col2, _col3
+                    Statistics: Num rows: 15 Data size: 163 Basic stats: COMPLETE Column stats: NONE
                     File Output Operator
                       compressed: false
+                      Statistics: Num rows: 15 Data size: 163 Basic stats: COMPLETE Column stats: NONE
                       table:
                           input format: org.apache.hadoop.mapred.TextInputFormat
                           output format: org.apache.hadoop.hive.ql.io.HiveIgnoreKeyTextOutputFormat
diff --git a/ql/src/test/results/clientpositive/spark/join9.q.out b/ql/src/test/results/clientpositive/spark/join9.q.out
index 227c108cce..5553ad24d4 100644
--- a/ql/src/test/results/clientpositive/spark/join9.q.out
+++ b/ql/src/test/results/clientpositive/spark/join9.q.out
@@ -85,14 +85,17 @@ STAGE PLANS:
             Map Operator Tree:
                 TableScan
                   alias: src2
+                  Statistics: Num rows: 500 Data size: 5312 Basic stats: COMPLETE Column stats: NONE
                   GatherStats: false
                   Filter Operator
                     isSamplingPred: false
                     predicate: key is not null (type: boolean)
+                    Statistics: Num rows: 250 Data size: 2656 Basic stats: COMPLETE Column stats: NONE
                     Reduce Output Operator
                       key expressions: key (type: string)
                       sort order: +
                       Map-reduce partition columns: key (type: string)
+                      Statistics: Num rows: 250 Data size: 2656 Basic stats: COMPLETE Column stats: NONE
                       tag: 1
                       value expressions: value (type: string)
                       auto parallelism: true
@@ -149,14 +152,17 @@ STAGE PLANS:
             Map Operator Tree:
                 TableScan
                   alias: src1
+                  Statistics: Num rows: 500 Data size: 5312 Basic stats: COMPLETE Column stats: NONE
                   GatherStats: false
                   Filter Operator
                     isSamplingPred: false
                     predicate: key is not null (type: boolean)
+                    Statistics: Num rows: 250 Data size: 2656 Basic stats: COMPLETE Column stats: NONE
                     Reduce Output Operator
                       key expressions: key (type: string)
                       sort order: +
                       Map-reduce partition columns: key (type: string)
+                      Statistics: Num rows: 250 Data size: 2656 Basic stats: COMPLETE Column stats: NONE
                       tag: 0
                       auto parallelism: true
             Path -> Alias:
@@ -220,14 +226,17 @@ STAGE PLANS:
                   0 {KEY.reducesinkkey0}
                   1 {VALUE._col0}
                 outputColumnNames: _col0, _col8
+                Statistics: Num rows: 275 Data size: 2921 Basic stats: COMPLETE Column stats: NONE
                 Select Operator
                   expressions: UDFToInteger(_col0) (type: int), _col8 (type: string)
                   outputColumnNames: _col0, _col1
+                  Statistics: Num rows: 275 Data size: 2921 Basic stats: COMPLETE Column stats: NONE
                   File Output Operator
                     compressed: false
                     GlobalTableId: 1
 #### A masked pattern was here ####
                     NumFilesPerFileSink: 1
+                    Statistics: Num rows: 275 Data size: 2921 Basic stats: COMPLETE Column stats: NONE
 #### A masked pattern was here ####
                     table:
                         input format: org.apache.hadoop.mapred.TextInputFormat
diff --git a/ql/src/test/results/clientpositive/spark/join_nullsafe.q.out b/ql/src/test/results/clientpositive/spark/join_nullsafe.q.out
index b1ae6df2aa..c8d44134b2 100644
--- a/ql/src/test/results/clientpositive/spark/join_nullsafe.q.out
+++ b/ql/src/test/results/clientpositive/spark/join_nullsafe.q.out
@@ -39,19 +39,23 @@ STAGE PLANS:
             Map Operator Tree:
                 TableScan
                   alias: b
+                  Statistics: Num rows: 3 Data size: 26 Basic stats: COMPLETE Column stats: NONE
                   Reduce Output Operator
                     key expressions: value (type: int)
                     sort order: +
                     Map-reduce partition columns: value (type: int)
+                    Statistics: Num rows: 3 Data size: 26 Basic stats: COMPLETE Column stats: NONE
                     value expressions: key (type: int)
         Map 3 
             Map Operator Tree:
                 TableScan
                   alias: a
+                  Statistics: Num rows: 3 Data size: 26 Basic stats: COMPLETE Column stats: NONE
                   Reduce Output Operator
                     key expressions: key (type: int)
                     sort order: +
                     Map-reduce partition columns: key (type: int)
+                    Statistics: Num rows: 3 Data size: 26 Basic stats: COMPLETE Column stats: NONE
                     value expressions: value (type: int)
         Reducer 2 
             Reduce Operator Tree:
@@ -63,11 +67,14 @@ STAGE PLANS:
                   1 {VALUE._col0} {KEY.reducesinkkey0}
                 nullSafes: [true]
                 outputColumnNames: _col0, _col1, _col5, _col6
+                Statistics: Num rows: 3 Data size: 28 Basic stats: COMPLETE Column stats: NONE
                 Select Operator
                   expressions: _col0 (type: int), _col1 (type: int), _col5 (type: int), _col6 (type: int)
                   outputColumnNames: _col0, _col1, _col2, _col3
+                  Statistics: Num rows: 3 Data size: 28 Basic stats: COMPLETE Column stats: NONE
                   File Output Operator
                     compressed: false
+                    Statistics: Num rows: 3 Data size: 28 Basic stats: COMPLETE Column stats: NONE
                     table:
                         input format: org.apache.hadoop.mapred.TextInputFormat
                         output format: org.apache.hadoop.hive.ql.io.HiveIgnoreKeyTextOutputFormat
@@ -117,34 +124,43 @@ STAGE PLANS:
             Map Operator Tree:
                 TableScan
                   alias: b
+                  Statistics: Num rows: 3 Data size: 26 Basic stats: COMPLETE Column stats: NONE
                   Filter Operator
                     predicate: value is not null (type: boolean)
+                    Statistics: Num rows: 2 Data size: 17 Basic stats: COMPLETE Column stats: NONE
                     Reduce Output Operator
                       key expressions: value (type: int)
                       sort order: +
                       Map-reduce partition columns: value (type: int)
+                      Statistics: Num rows: 2 Data size: 17 Basic stats: COMPLETE Column stats: NONE
                       value expressions: key (type: int)
         Map 3 
             Map Operator Tree:
                 TableScan
                   alias: c
+                  Statistics: Num rows: 3 Data size: 26 Basic stats: COMPLETE Column stats: NONE
                   Filter Operator
                     predicate: key is not null (type: boolean)
+                    Statistics: Num rows: 2 Data size: 17 Basic stats: COMPLETE Column stats: NONE
                     Reduce Output Operator
                       key expressions: key (type: int)
                       sort order: +
                       Map-reduce partition columns: key (type: int)
+                      Statistics: Num rows: 2 Data size: 17 Basic stats: COMPLETE Column stats: NONE
                       value expressions: value (type: int)
         Map 4 
             Map Operator Tree:
                 TableScan
                   alias: a
+                  Statistics: Num rows: 3 Data size: 26 Basic stats: COMPLETE Column stats: NONE
                   Filter Operator
                     predicate: key is not null (type: boolean)
+                    Statistics: Num rows: 2 Data size: 17 Basic stats: COMPLETE Column stats: NONE
                     Reduce Output Operator
                       key expressions: key (type: int)
                       sort order: +
                       Map-reduce partition columns: key (type: int)
+                      Statistics: Num rows: 2 Data size: 17 Basic stats: COMPLETE Column stats: NONE
                       value expressions: value (type: int)
         Reducer 2 
             Reduce Operator Tree:
@@ -157,11 +173,14 @@ STAGE PLANS:
                   1 {VALUE._col0} {KEY.reducesinkkey0}
                   2 {KEY.reducesinkkey0} {VALUE._col0}
                 outputColumnNames: _col0, _col1, _col5, _col6, _col10, _col11
+                Statistics: Num rows: 4 Data size: 37 Basic stats: COMPLETE Column stats: NONE
                 Select Operator
                   expressions: _col0 (type: int), _col1 (type: int), _col5 (type: int), _col6 (type: int), _col10 (type: int), _col11 (type: int)
                   outputColumnNames: _col0, _col1, _col2, _col3, _col4, _col5
+                  Statistics: Num rows: 4 Data size: 37 Basic stats: COMPLETE Column stats: NONE
                   File Output Operator
                     compressed: false
+                    Statistics: Num rows: 4 Data size: 37 Basic stats: COMPLETE Column stats: NONE
                     table:
                         input format: org.apache.hadoop.mapred.TextInputFormat
                         output format: org.apache.hadoop.hive.ql.io.HiveIgnoreKeyTextOutputFormat
@@ -202,28 +221,34 @@ STAGE PLANS:
             Map Operator Tree:
                 TableScan
                   alias: b
+                  Statistics: Num rows: 3 Data size: 26 Basic stats: COMPLETE Column stats: NONE
                   Reduce Output Operator
                     key expressions: value (type: int)
                     sort order: +
                     Map-reduce partition columns: value (type: int)
+                    Statistics: Num rows: 3 Data size: 26 Basic stats: COMPLETE Column stats: NONE
                     value expressions: key (type: int)
         Map 3 
             Map Operator Tree:
                 TableScan
                   alias: c
+                  Statistics: Num rows: 3 Data size: 26 Basic stats: COMPLETE Column stats: NONE
                   Reduce Output Operator
                     key expressions: key (type: int)
                     sort order: +
                     Map-reduce partition columns: key (type: int)
+                    Statistics: Num rows: 3 Data size: 26 Basic stats: COMPLETE Column stats: NONE
                     value expressions: value (type: int)
         Map 4 
             Map Operator Tree:
                 TableScan
                   alias: a
+                  Statistics: Num rows: 3 Data size: 26 Basic stats: COMPLETE Column stats: NONE
                   Reduce Output Operator
                     key expressions: key (type: int)
                     sort order: +
                     Map-reduce partition columns: key (type: int)
+                    Statistics: Num rows: 3 Data size: 26 Basic stats: COMPLETE Column stats: NONE
                     value expressions: value (type: int)
         Reducer 2 
             Reduce Operator Tree:
@@ -237,11 +262,14 @@ STAGE PLANS:
                   2 {KEY.reducesinkkey0} {VALUE._col0}
                 nullSafes: [true]
                 outputColumnNames: _col0, _col1, _col5, _col6, _col10, _col11
+                Statistics: Num rows: 6 Data size: 57 Basic stats: COMPLETE Column stats: NONE
                 Select Operator
                   expressions: _col0 (type: int), _col1 (type: int), _col5 (type: int), _col6 (type: int), _col10 (type: int), _col11 (type: int)
                   outputColumnNames: _col0, _col1, _col2, _col3, _col4, _col5
+                  Statistics: Num rows: 6 Data size: 57 Basic stats: COMPLETE Column stats: NONE
                   File Output Operator
                     compressed: false
+                    Statistics: Num rows: 6 Data size: 57 Basic stats: COMPLETE Column stats: NONE
                     table:
                         input format: org.apache.hadoop.mapred.TextInputFormat
                         output format: org.apache.hadoop.hive.ql.io.HiveIgnoreKeyTextOutputFormat
@@ -309,32 +337,41 @@ STAGE PLANS:
             Map Operator Tree:
                 TableScan
                   alias: b
+                  Statistics: Num rows: 3 Data size: 26 Basic stats: COMPLETE Column stats: NONE
                   Filter Operator
                     predicate: key is not null (type: boolean)
+                    Statistics: Num rows: 2 Data size: 17 Basic stats: COMPLETE Column stats: NONE
                     Reduce Output Operator
                       key expressions: value (type: int), key (type: int)
                       sort order: ++
                       Map-reduce partition columns: value (type: int), key (type: int)
+                      Statistics: Num rows: 2 Data size: 17 Basic stats: COMPLETE Column stats: NONE
         Map 3 
             Map Operator Tree:
                 TableScan
                   alias: c
+                  Statistics: Num rows: 3 Data size: 26 Basic stats: COMPLETE Column stats: NONE
                   Filter Operator
                     predicate: value is not null (type: boolean)
+                    Statistics: Num rows: 2 Data size: 17 Basic stats: COMPLETE Column stats: NONE
                     Reduce Output Operator
                       key expressions: key (type: int), value (type: int)
                       sort order: ++
                       Map-reduce partition columns: key (type: int), value (type: int)
+                      Statistics: Num rows: 2 Data size: 17 Basic stats: COMPLETE Column stats: NONE
         Map 4 
             Map Operator Tree:
                 TableScan
                   alias: a
+                  Statistics: Num rows: 3 Data size: 26 Basic stats: COMPLETE Column stats: NONE
                   Filter Operator
                     predicate: value is not null (type: boolean)
+                    Statistics: Num rows: 2 Data size: 17 Basic stats: COMPLETE Column stats: NONE
                     Reduce Output Operator
                       key expressions: key (type: int), value (type: int)
                       sort order: ++
                       Map-reduce partition columns: key (type: int), value (type: int)
+                      Statistics: Num rows: 2 Data size: 17 Basic stats: COMPLETE Column stats: NONE
         Reducer 2 
             Reduce Operator Tree:
               Join Operator
@@ -347,11 +384,14 @@ STAGE PLANS:
                   2 {KEY.reducesinkkey0} {KEY.reducesinkkey1}
                 nullSafes: [true, false]
                 outputColumnNames: _col0, _col1, _col5, _col6, _col10, _col11
+                Statistics: Num rows: 4 Data size: 37 Basic stats: COMPLETE Column stats: NONE
                 Select Operator
                   expressions: _col0 (type: int), _col1 (type: int), _col5 (type: int), _col6 (type: int), _col10 (type: int), _col11 (type: int)
                   outputColumnNames: _col0, _col1, _col2, _col3, _col4, _col5
+                  Statistics: Num rows: 4 Data size: 37 Basic stats: COMPLETE Column stats: NONE
                   File Output Operator
                     compressed: false
+                    Statistics: Num rows: 4 Data size: 37 Basic stats: COMPLETE Column stats: NONE
                     table:
                         input format: org.apache.hadoop.mapred.TextInputFormat
                         output format: org.apache.hadoop.hive.ql.io.HiveIgnoreKeyTextOutputFormat
@@ -392,26 +432,32 @@ STAGE PLANS:
             Map Operator Tree:
                 TableScan
                   alias: b
+                  Statistics: Num rows: 3 Data size: 26 Basic stats: COMPLETE Column stats: NONE
                   Reduce Output Operator
                     key expressions: value (type: int), key (type: int)
                     sort order: ++
                     Map-reduce partition columns: value (type: int), key (type: int)
+                    Statistics: Num rows: 3 Data size: 26 Basic stats: COMPLETE Column stats: NONE
         Map 3 
             Map Operator Tree:
                 TableScan
                   alias: c
+                  Statistics: Num rows: 3 Data size: 26 Basic stats: COMPLETE Column stats: NONE
                   Reduce Output Operator
                     key expressions: key (type: int), value (type: int)
                     sort order: ++
                     Map-reduce partition columns: key (type: int), value (type: int)
+                    Statistics: Num rows: 3 Data size: 26 Basic stats: COMPLETE Column stats: NONE
         Map 4 
             Map Operator Tree:
                 TableScan
                   alias: a
+                  Statistics: Num rows: 3 Data size: 26 Basic stats: COMPLETE Column stats: NONE
                   Reduce Output Operator
                     key expressions: key (type: int), value (type: int)
                     sort order: ++
                     Map-reduce partition columns: key (type: int), value (type: int)
+                    Statistics: Num rows: 3 Data size: 26 Basic stats: COMPLETE Column stats: NONE
         Reducer 2 
             Reduce Operator Tree:
               Join Operator
@@ -424,11 +470,14 @@ STAGE PLANS:
                   2 {KEY.reducesinkkey0} {KEY.reducesinkkey1}
                 nullSafes: [true, true]
                 outputColumnNames: _col0, _col1, _col5, _col6, _col10, _col11
+                Statistics: Num rows: 6 Data size: 57 Basic stats: COMPLETE Column stats: NONE
                 Select Operator
                   expressions: _col0 (type: int), _col1 (type: int), _col5 (type: int), _col6 (type: int), _col10 (type: int), _col11 (type: int)
                   outputColumnNames: _col0, _col1, _col2, _col3, _col4, _col5
+                  Statistics: Num rows: 6 Data size: 57 Basic stats: COMPLETE Column stats: NONE
                   File Output Operator
                     compressed: false
+                    Statistics: Num rows: 6 Data size: 57 Basic stats: COMPLETE Column stats: NONE
                     table:
                         input format: org.apache.hadoop.mapred.TextInputFormat
                         output format: org.apache.hadoop.hive.ql.io.HiveIgnoreKeyTextOutputFormat
@@ -1524,21 +1573,27 @@ STAGE PLANS:
             Map Operator Tree:
                 TableScan
                   alias: b
+                  Statistics: Num rows: 3 Data size: 26 Basic stats: COMPLETE Column stats: NONE
                   Filter Operator
                     predicate: value is null (type: boolean)
+                    Statistics: Num rows: 1 Data size: 8 Basic stats: COMPLETE Column stats: NONE
                     Reduce Output Operator
                       key expressions: null (type: void)
                       sort order: +
+                      Statistics: Num rows: 1 Data size: 8 Basic stats: COMPLETE Column stats: NONE
                       value expressions: key (type: int)
         Map 3 
             Map Operator Tree:
                 TableScan
                   alias: a
+                  Statistics: Num rows: 3 Data size: 26 Basic stats: COMPLETE Column stats: NONE
                   Filter Operator
                     predicate: key is null (type: boolean)
+                    Statistics: Num rows: 1 Data size: 8 Basic stats: COMPLETE Column stats: NONE
                     Reduce Output Operator
                       key expressions: null (type: void)
                       sort order: +
+                      Statistics: Num rows: 1 Data size: 8 Basic stats: COMPLETE Column stats: NONE
                       value expressions: value (type: int)
         Reducer 2 
             Reduce Operator Tree:
@@ -1550,11 +1605,14 @@ STAGE PLANS:
                   1 {VALUE._col0}
                 nullSafes: [true]
                 outputColumnNames: _col1, _col5
+                Statistics: Num rows: 1 Data size: 8 Basic stats: COMPLETE Column stats: NONE
                 Select Operator
                   expressions: null (type: void), _col1 (type: int), _col5 (type: int), null (type: void)
                   outputColumnNames: _col0, _col1, _col2, _col3
+                  Statistics: Num rows: 1 Data size: 8 Basic stats: COMPLETE Column stats: NONE
                   File Output Operator
                     compressed: false
+                    Statistics: Num rows: 1 Data size: 8 Basic stats: COMPLETE Column stats: NONE
                     table:
                         input format: org.apache.hadoop.mapred.TextInputFormat
                         output format: org.apache.hadoop.hive.ql.io.HiveIgnoreKeyTextOutputFormat
diff --git a/ql/src/test/results/clientpositive/spark/limit_pushdown.q.out b/ql/src/test/results/clientpositive/spark/limit_pushdown.q.out
index d660ce5323..94b38f7e97 100644
--- a/ql/src/test/results/clientpositive/spark/limit_pushdown.q.out
+++ b/ql/src/test/results/clientpositive/spark/limit_pushdown.q.out
@@ -27,12 +27,15 @@ STAGE PLANS:
             Map Operator Tree:
                 TableScan
                   alias: src
+                  Statistics: Num rows: 500 Data size: 5312 Basic stats: COMPLETE Column stats: NONE
                   Select Operator
                     expressions: key (type: string), value (type: string)
                     outputColumnNames: _col0, _col1
+                    Statistics: Num rows: 500 Data size: 5312 Basic stats: COMPLETE Column stats: NONE
                     Reduce Output Operator
                       key expressions: _col0 (type: string)
                       sort order: +
+                      Statistics: Num rows: 500 Data size: 5312 Basic stats: COMPLETE Column stats: NONE
                       TopN Hash Memory Usage: 0.3
                       value expressions: _col1 (type: string)
         Reducer 2 
@@ -40,10 +43,13 @@ STAGE PLANS:
               Select Operator
                 expressions: KEY.reducesinkkey0 (type: string), VALUE._col0 (type: string)
                 outputColumnNames: _col0, _col1
+                Statistics: Num rows: 500 Data size: 5312 Basic stats: COMPLETE Column stats: NONE
                 Limit
                   Number of rows: 20
+                  Statistics: Num rows: 20 Data size: 200 Basic stats: COMPLETE Column stats: NONE
                   File Output Operator
                     compressed: false
+                    Statistics: Num rows: 20 Data size: 200 Basic stats: COMPLETE Column stats: NONE
                     table:
                         input format: org.apache.hadoop.mapred.TextInputFormat
                         output format: org.apache.hadoop.hive.ql.io.HiveIgnoreKeyTextOutputFormat
@@ -104,12 +110,15 @@ STAGE PLANS:
             Map Operator Tree:
                 TableScan
                   alias: src
+                  Statistics: Num rows: 500 Data size: 5312 Basic stats: COMPLETE Column stats: NONE
                   Select Operator
                     expressions: key (type: string), value (type: string)
                     outputColumnNames: _col0, _col1
+                    Statistics: Num rows: 500 Data size: 5312 Basic stats: COMPLETE Column stats: NONE
                     Reduce Output Operator
                       key expressions: _col0 (type: string)
                       sort order: -
+                      Statistics: Num rows: 500 Data size: 5312 Basic stats: COMPLETE Column stats: NONE
                       TopN Hash Memory Usage: 0.3
                       value expressions: _col1 (type: string)
         Reducer 2 
@@ -117,10 +126,13 @@ STAGE PLANS:
               Select Operator
                 expressions: KEY.reducesinkkey0 (type: string), VALUE._col0 (type: string)
                 outputColumnNames: _col0, _col1
+                Statistics: Num rows: 500 Data size: 5312 Basic stats: COMPLETE Column stats: NONE
                 Limit
                   Number of rows: 20
+                  Statistics: Num rows: 20 Data size: 200 Basic stats: COMPLETE Column stats: NONE
                   File Output Operator
                     compressed: false
+                    Statistics: Num rows: 20 Data size: 200 Basic stats: COMPLETE Column stats: NONE
                     table:
                         input format: org.apache.hadoop.mapred.TextInputFormat
                         output format: org.apache.hadoop.hive.ql.io.HiveIgnoreKeyTextOutputFormat
@@ -181,18 +193,22 @@ STAGE PLANS:
             Map Operator Tree:
                 TableScan
                   alias: src
+                  Statistics: Num rows: 500 Data size: 5312 Basic stats: COMPLETE Column stats: NONE
                   Select Operator
                     expressions: value (type: string), key (type: string)
                     outputColumnNames: value, key
+                    Statistics: Num rows: 500 Data size: 5312 Basic stats: COMPLETE Column stats: NONE
                     Group By Operator
                       aggregations: sum((key + 1))
                       keys: value (type: string)
                       mode: hash
                       outputColumnNames: _col0, _col1
+                      Statistics: Num rows: 500 Data size: 5312 Basic stats: COMPLETE Column stats: NONE
                       Reduce Output Operator
                         key expressions: _col0 (type: string)
                         sort order: +
                         Map-reduce partition columns: _col0 (type: string)
+                        Statistics: Num rows: 500 Data size: 5312 Basic stats: COMPLETE Column stats: NONE
                         TopN Hash Memory Usage: 0.3
                         value expressions: _col1 (type: double)
         Reducer 2 
@@ -202,13 +218,17 @@ STAGE PLANS:
                 keys: KEY._col0 (type: string)
                 mode: mergepartial
                 outputColumnNames: _col0, _col1
+                Statistics: Num rows: 250 Data size: 2656 Basic stats: COMPLETE Column stats: NONE
                 Select Operator
                   expressions: _col0 (type: string), _col1 (type: double)
                   outputColumnNames: _col0, _col1
+                  Statistics: Num rows: 250 Data size: 2656 Basic stats: COMPLETE Column stats: NONE
                   Limit
                     Number of rows: 20
+                    Statistics: Num rows: 20 Data size: 200 Basic stats: COMPLETE Column stats: NONE
                     File Output Operator
                       compressed: false
+                      Statistics: Num rows: 20 Data size: 200 Basic stats: COMPLETE Column stats: NONE
                       table:
                           input format: org.apache.hadoop.mapred.TextInputFormat
                           output format: org.apache.hadoop.hive.ql.io.HiveIgnoreKeyTextOutputFormat
@@ -271,18 +291,22 @@ STAGE PLANS:
             Map Operator Tree:
                 TableScan
                   alias: src
+                  Statistics: Num rows: 500 Data size: 5312 Basic stats: COMPLETE Column stats: NONE
                   Select Operator
                     expressions: value (type: string), key (type: string)
                     outputColumnNames: value, key
+                    Statistics: Num rows: 500 Data size: 5312 Basic stats: COMPLETE Column stats: NONE
                     Group By Operator
                       aggregations: avg((key + 1))
                       keys: value (type: string)
                       mode: hash
                       outputColumnNames: _col0, _col1
+                      Statistics: Num rows: 500 Data size: 5312 Basic stats: COMPLETE Column stats: NONE
                       Reduce Output Operator
                         key expressions: _col0 (type: string)
                         sort order: +
                         Map-reduce partition columns: _col0 (type: string)
+                        Statistics: Num rows: 500 Data size: 5312 Basic stats: COMPLETE Column stats: NONE
                         TopN Hash Memory Usage: 0.3
                         value expressions: _col1 (type: struct<count:bigint,sum:double,input:double>)
         Reducer 2 
@@ -292,13 +316,17 @@ STAGE PLANS:
                 keys: KEY._col0 (type: string)
                 mode: mergepartial
                 outputColumnNames: _col0, _col1
+                Statistics: Num rows: 250 Data size: 2656 Basic stats: COMPLETE Column stats: NONE
                 Select Operator
                   expressions: _col0 (type: string), _col1 (type: double)
                   outputColumnNames: _col0, _col1
+                  Statistics: Num rows: 250 Data size: 2656 Basic stats: COMPLETE Column stats: NONE
                   Limit
                     Number of rows: 20
+                    Statistics: Num rows: 20 Data size: 200 Basic stats: COMPLETE Column stats: NONE
                     File Output Operator
                       compressed: false
+                      Statistics: Num rows: 20 Data size: 200 Basic stats: COMPLETE Column stats: NONE
                       table:
                           input format: org.apache.hadoop.mapred.TextInputFormat
                           output format: org.apache.hadoop.hive.ql.io.HiveIgnoreKeyTextOutputFormat
@@ -361,17 +389,21 @@ STAGE PLANS:
             Map Operator Tree:
                 TableScan
                   alias: alltypesorc
+                  Statistics: Num rows: 12288 Data size: 377237 Basic stats: COMPLETE Column stats: NONE
                   Select Operator
                     expressions: cdouble (type: double)
                     outputColumnNames: cdouble
+                    Statistics: Num rows: 12288 Data size: 377237 Basic stats: COMPLETE Column stats: NONE
                     Group By Operator
                       keys: cdouble (type: double)
                       mode: hash
                       outputColumnNames: _col0
+                      Statistics: Num rows: 12288 Data size: 377237 Basic stats: COMPLETE Column stats: NONE
                       Reduce Output Operator
                         key expressions: _col0 (type: double)
                         sort order: +
                         Map-reduce partition columns: _col0 (type: double)
+                        Statistics: Num rows: 12288 Data size: 377237 Basic stats: COMPLETE Column stats: NONE
                         TopN Hash Memory Usage: 0.3
         Reducer 2 
             Reduce Operator Tree:
@@ -379,13 +411,17 @@ STAGE PLANS:
                 keys: KEY._col0 (type: double)
                 mode: mergepartial
                 outputColumnNames: _col0
+                Statistics: Num rows: 6144 Data size: 188618 Basic stats: COMPLETE Column stats: NONE
                 Select Operator
                   expressions: _col0 (type: double)
                   outputColumnNames: _col0
+                  Statistics: Num rows: 6144 Data size: 188618 Basic stats: COMPLETE Column stats: NONE
                   Limit
                     Number of rows: 20
+                    Statistics: Num rows: 20 Data size: 600 Basic stats: COMPLETE Column stats: NONE
                     File Output Operator
                       compressed: false
+                      Statistics: Num rows: 20 Data size: 600 Basic stats: COMPLETE Column stats: NONE
                       table:
                           input format: org.apache.hadoop.mapred.TextInputFormat
                           output format: org.apache.hadoop.hive.ql.io.HiveIgnoreKeyTextOutputFormat
@@ -446,18 +482,22 @@ STAGE PLANS:
             Map Operator Tree:
                 TableScan
                   alias: alltypesorc
+                  Statistics: Num rows: 12288 Data size: 377237 Basic stats: COMPLETE Column stats: NONE
                   Select Operator
                     expressions: ctinyint (type: tinyint), cdouble (type: double)
                     outputColumnNames: ctinyint, cdouble
+                    Statistics: Num rows: 12288 Data size: 377237 Basic stats: COMPLETE Column stats: NONE
                     Group By Operator
                       aggregations: count(DISTINCT cdouble)
                       keys: ctinyint (type: tinyint), cdouble (type: double)
                       mode: hash
                       outputColumnNames: _col0, _col1, _col2
+                      Statistics: Num rows: 12288 Data size: 377237 Basic stats: COMPLETE Column stats: NONE
                       Reduce Output Operator
                         key expressions: _col0 (type: tinyint), _col1 (type: double)
                         sort order: ++
                         Map-reduce partition columns: _col0 (type: tinyint)
+                        Statistics: Num rows: 12288 Data size: 377237 Basic stats: COMPLETE Column stats: NONE
                         TopN Hash Memory Usage: 0.3
         Reducer 2 
             Reduce Operator Tree:
@@ -466,13 +506,17 @@ STAGE PLANS:
                 keys: KEY._col0 (type: tinyint)
                 mode: mergepartial
                 outputColumnNames: _col0, _col1
+                Statistics: Num rows: 6144 Data size: 188618 Basic stats: COMPLETE Column stats: NONE
                 Select Operator
                   expressions: _col0 (type: tinyint), _col1 (type: bigint)
                   outputColumnNames: _col0, _col1
+                  Statistics: Num rows: 6144 Data size: 188618 Basic stats: COMPLETE Column stats: NONE
                   Limit
                     Number of rows: 20
+                    Statistics: Num rows: 20 Data size: 600 Basic stats: COMPLETE Column stats: NONE
                     File Output Operator
                       compressed: false
+                      Statistics: Num rows: 20 Data size: 600 Basic stats: COMPLETE Column stats: NONE
                       table:
                           input format: org.apache.hadoop.mapred.TextInputFormat
                           output format: org.apache.hadoop.hive.ql.io.HiveIgnoreKeyTextOutputFormat
@@ -535,18 +579,22 @@ STAGE PLANS:
             Map Operator Tree:
                 TableScan
                   alias: alltypesorc
+                  Statistics: Num rows: 12288 Data size: 377237 Basic stats: COMPLETE Column stats: NONE
                   Select Operator
                     expressions: ctinyint (type: tinyint), cstring1 (type: string), cstring2 (type: string)
                     outputColumnNames: ctinyint, cstring1, cstring2
+                    Statistics: Num rows: 12288 Data size: 377237 Basic stats: COMPLETE Column stats: NONE
                     Group By Operator
                       aggregations: count(DISTINCT cstring1), count(DISTINCT cstring2)
                       keys: ctinyint (type: tinyint), cstring1 (type: string), cstring2 (type: string)
                       mode: hash
                       outputColumnNames: _col0, _col1, _col2, _col3, _col4
+                      Statistics: Num rows: 12288 Data size: 377237 Basic stats: COMPLETE Column stats: NONE
                       Reduce Output Operator
                         key expressions: _col0 (type: tinyint), _col1 (type: string), _col2 (type: string)
                         sort order: +++
                         Map-reduce partition columns: _col0 (type: tinyint)
+                        Statistics: Num rows: 12288 Data size: 377237 Basic stats: COMPLETE Column stats: NONE
                         TopN Hash Memory Usage: 0.3
         Reducer 2 
             Reduce Operator Tree:
@@ -555,13 +603,17 @@ STAGE PLANS:
                 keys: KEY._col0 (type: tinyint)
                 mode: mergepartial
                 outputColumnNames: _col0, _col1, _col2
+                Statistics: Num rows: 6144 Data size: 188618 Basic stats: COMPLETE Column stats: NONE
                 Select Operator
                   expressions: _col0 (type: tinyint), _col1 (type: bigint), _col2 (type: bigint)
                   outputColumnNames: _col0, _col1, _col2
+                  Statistics: Num rows: 6144 Data size: 188618 Basic stats: COMPLETE Column stats: NONE
                   Limit
                     Number of rows: 20
+                    Statistics: Num rows: 20 Data size: 600 Basic stats: COMPLETE Column stats: NONE
                     File Output Operator
                       compressed: false
+                      Statistics: Num rows: 20 Data size: 600 Basic stats: COMPLETE Column stats: NONE
                       table:
                           input format: org.apache.hadoop.mapred.TextInputFormat
                           output format: org.apache.hadoop.hive.ql.io.HiveIgnoreKeyTextOutputFormat
@@ -651,18 +703,22 @@ STAGE PLANS:
             Map Operator Tree:
                 TableScan
                   alias: src
+                  Statistics: Num rows: 500 Data size: 5312 Basic stats: COMPLETE Column stats: NONE
                   Select Operator
                     expressions: value (type: string), key (type: string)
                     outputColumnNames: value, key
+                    Statistics: Num rows: 500 Data size: 5312 Basic stats: COMPLETE Column stats: NONE
                     Group By Operator
                       aggregations: sum(key)
                       keys: value (type: string)
                       mode: hash
                       outputColumnNames: _col0, _col1
+                      Statistics: Num rows: 500 Data size: 5312 Basic stats: COMPLETE Column stats: NONE
                       Reduce Output Operator
                         key expressions: _col0 (type: string)
                         sort order: +
                         Map-reduce partition columns: _col0 (type: string)
+                        Statistics: Num rows: 500 Data size: 5312 Basic stats: COMPLETE Column stats: NONE
                         value expressions: _col1 (type: double)
         Reducer 2 
             Reduce Operator Tree:
@@ -671,12 +727,15 @@ STAGE PLANS:
                 keys: KEY._col0 (type: string)
                 mode: mergepartial
                 outputColumnNames: _col0, _col1
+                Statistics: Num rows: 250 Data size: 2656 Basic stats: COMPLETE Column stats: NONE
                 Select Operator
                   expressions: _col0 (type: string), _col1 (type: double)
                   outputColumnNames: _col0, _col1
+                  Statistics: Num rows: 250 Data size: 2656 Basic stats: COMPLETE Column stats: NONE
                   Reduce Output Operator
                     key expressions: _col1 (type: double)
                     sort order: +
+                    Statistics: Num rows: 250 Data size: 2656 Basic stats: COMPLETE Column stats: NONE
                     TopN Hash Memory Usage: 0.3
                     value expressions: _col0 (type: string)
         Reducer 3 
@@ -684,10 +743,13 @@ STAGE PLANS:
               Select Operator
                 expressions: VALUE._col0 (type: string), KEY.reducesinkkey0 (type: double)
                 outputColumnNames: _col0, _col1
+                Statistics: Num rows: 250 Data size: 2656 Basic stats: COMPLETE Column stats: NONE
                 Limit
                   Number of rows: 20
+                  Statistics: Num rows: 20 Data size: 200 Basic stats: COMPLETE Column stats: NONE
                   File Output Operator
                     compressed: false
+                    Statistics: Num rows: 20 Data size: 200 Basic stats: COMPLETE Column stats: NONE
                     table:
                         input format: org.apache.hadoop.mapred.TextInputFormat
                         output format: org.apache.hadoop.hive.ql.io.HiveIgnoreKeyTextOutputFormat
@@ -761,36 +823,44 @@ STAGE PLANS:
             Map Operator Tree:
                 TableScan
                   alias: src
+                  Statistics: Num rows: 500 Data size: 5312 Basic stats: COMPLETE Column stats: NONE
                   Select Operator
                     expressions: key (type: string)
                     outputColumnNames: key
+                    Statistics: Num rows: 500 Data size: 5312 Basic stats: COMPLETE Column stats: NONE
                     Group By Operator
                       aggregations: count(1)
                       keys: key (type: string)
                       mode: hash
                       outputColumnNames: _col0, _col1
+                      Statistics: Num rows: 500 Data size: 5312 Basic stats: COMPLETE Column stats: NONE
                       Reduce Output Operator
                         key expressions: _col0 (type: string)
                         sort order: +
                         Map-reduce partition columns: _col0 (type: string)
+                        Statistics: Num rows: 500 Data size: 5312 Basic stats: COMPLETE Column stats: NONE
                         TopN Hash Memory Usage: 0.3
                         value expressions: _col1 (type: bigint)
         Map 4 
             Map Operator Tree:
                 TableScan
                   alias: src
+                  Statistics: Num rows: 500 Data size: 5312 Basic stats: COMPLETE Column stats: NONE
                   Select Operator
                     expressions: key (type: string)
                     outputColumnNames: key
+                    Statistics: Num rows: 500 Data size: 5312 Basic stats: COMPLETE Column stats: NONE
                     Group By Operator
                       aggregations: count(1)
                       keys: key (type: string)
                       mode: hash
                       outputColumnNames: _col0, _col1
+                      Statistics: Num rows: 500 Data size: 5312 Basic stats: COMPLETE Column stats: NONE
                       Reduce Output Operator
                         key expressions: _col0 (type: string)
                         sort order: +
                         Map-reduce partition columns: _col0 (type: string)
+                        Statistics: Num rows: 500 Data size: 5312 Basic stats: COMPLETE Column stats: NONE
                         TopN Hash Memory Usage: 0.3
                         value expressions: _col1 (type: bigint)
         Reducer 2 
@@ -800,17 +870,22 @@ STAGE PLANS:
                 keys: KEY._col0 (type: string)
                 mode: mergepartial
                 outputColumnNames: _col0, _col1
+                Statistics: Num rows: 250 Data size: 2656 Basic stats: COMPLETE Column stats: NONE
                 Select Operator
                   expressions: _col0 (type: string), _col1 (type: bigint)
                   outputColumnNames: _col0, _col1
+                  Statistics: Num rows: 250 Data size: 2656 Basic stats: COMPLETE Column stats: NONE
                   Limit
                     Number of rows: 2
+                    Statistics: Num rows: 2 Data size: 20 Basic stats: COMPLETE Column stats: NONE
                     Filter Operator
                       predicate: _col0 is not null (type: boolean)
+                      Statistics: Num rows: 1 Data size: 10 Basic stats: COMPLETE Column stats: NONE
                       Reduce Output Operator
                         key expressions: _col0 (type: string)
                         sort order: +
                         Map-reduce partition columns: _col0 (type: string)
+                        Statistics: Num rows: 1 Data size: 10 Basic stats: COMPLETE Column stats: NONE
                         value expressions: _col1 (type: bigint)
         Reducer 3 
             Reduce Operator Tree:
@@ -821,13 +896,17 @@ STAGE PLANS:
                   0 {KEY.reducesinkkey0} {VALUE._col0}
                   1 {KEY.reducesinkkey0} {VALUE._col0}
                 outputColumnNames: _col0, _col1, _col2, _col3
+                Statistics: Num rows: 2 Data size: 22 Basic stats: COMPLETE Column stats: NONE
                 Select Operator
                   expressions: _col0 (type: string), _col1 (type: bigint), _col2 (type: string), _col3 (type: bigint)
                   outputColumnNames: _col0, _col1, _col2, _col3
+                  Statistics: Num rows: 2 Data size: 22 Basic stats: COMPLETE Column stats: NONE
                   Limit
                     Number of rows: 4
+                    Statistics: Num rows: 2 Data size: 22 Basic stats: COMPLETE Column stats: NONE
                     File Output Operator
                       compressed: false
+                      Statistics: Num rows: 2 Data size: 22 Basic stats: COMPLETE Column stats: NONE
                       table:
                           input format: org.apache.hadoop.mapred.TextInputFormat
                           output format: org.apache.hadoop.hive.ql.io.HiveIgnoreKeyTextOutputFormat
@@ -839,13 +918,17 @@ STAGE PLANS:
                 keys: KEY._col0 (type: string)
                 mode: mergepartial
                 outputColumnNames: _col0, _col1
+                Statistics: Num rows: 250 Data size: 2656 Basic stats: COMPLETE Column stats: NONE
                 Select Operator
                   expressions: _col0 (type: string), _col1 (type: bigint)
                   outputColumnNames: _col0, _col1
+                  Statistics: Num rows: 250 Data size: 2656 Basic stats: COMPLETE Column stats: NONE
                   Limit
                     Number of rows: 3
+                    Statistics: Num rows: 3 Data size: 30 Basic stats: COMPLETE Column stats: NONE
                     Reduce Output Operator
                       sort order: 
+                      Statistics: Num rows: 3 Data size: 30 Basic stats: COMPLETE Column stats: NONE
                       TopN Hash Memory Usage: 0.3
                       value expressions: _col0 (type: string), _col1 (type: bigint)
         Reducer 6 
@@ -853,14 +936,18 @@ STAGE PLANS:
               Select Operator
                 expressions: VALUE._col0 (type: string), VALUE._col1 (type: bigint)
                 outputColumnNames: _col0, _col1
+                Statistics: Num rows: 3 Data size: 30 Basic stats: COMPLETE Column stats: NONE
                 Limit
                   Number of rows: 3
+                  Statistics: Num rows: 3 Data size: 30 Basic stats: COMPLETE Column stats: NONE
                   Filter Operator
                     predicate: _col0 is not null (type: boolean)
+                    Statistics: Num rows: 2 Data size: 20 Basic stats: COMPLETE Column stats: NONE
                     Reduce Output Operator
                       key expressions: _col0 (type: string)
                       sort order: +
                       Map-reduce partition columns: _col0 (type: string)
+                      Statistics: Num rows: 2 Data size: 20 Basic stats: COMPLETE Column stats: NONE
                       value expressions: _col1 (type: bigint)
 
   Stage: Stage-0
@@ -892,13 +979,16 @@ STAGE PLANS:
             Map Operator Tree:
                 TableScan
                   alias: src
+                  Statistics: Num rows: 500 Data size: 5312 Basic stats: COMPLETE Column stats: NONE
                   Select Operator
                     expressions: key (type: string), value (type: string)
                     outputColumnNames: key, value
+                    Statistics: Num rows: 500 Data size: 5312 Basic stats: COMPLETE Column stats: NONE
                     Reduce Output Operator
                       key expressions: value (type: string)
                       sort order: +
                       Map-reduce partition columns: value (type: string)
+                      Statistics: Num rows: 500 Data size: 5312 Basic stats: COMPLETE Column stats: NONE
                       TopN Hash Memory Usage: 0.3
                       value expressions: key (type: string)
         Reducer 2 
@@ -908,13 +998,17 @@ STAGE PLANS:
                 keys: KEY._col0 (type: string)
                 mode: complete
                 outputColumnNames: _col0, _col1
+                Statistics: Num rows: 250 Data size: 2656 Basic stats: COMPLETE Column stats: NONE
                 Select Operator
                   expressions: _col0 (type: string), _col1 (type: double)
                   outputColumnNames: _col0, _col1
+                  Statistics: Num rows: 250 Data size: 2656 Basic stats: COMPLETE Column stats: NONE
                   Limit
                     Number of rows: 20
+                    Statistics: Num rows: 20 Data size: 200 Basic stats: COMPLETE Column stats: NONE
                     File Output Operator
                       compressed: false
+                      Statistics: Num rows: 20 Data size: 200 Basic stats: COMPLETE Column stats: NONE
                       table:
                           input format: org.apache.hadoop.mapred.TextInputFormat
                           output format: org.apache.hadoop.hive.ql.io.HiveIgnoreKeyTextOutputFormat
@@ -977,12 +1071,15 @@ STAGE PLANS:
             Map Operator Tree:
                 TableScan
                   alias: src
+                  Statistics: Num rows: 500 Data size: 5312 Basic stats: COMPLETE Column stats: NONE
                   Select Operator
                     expressions: key (type: string), value (type: string)
                     outputColumnNames: _col0, _col1
+                    Statistics: Num rows: 500 Data size: 5312 Basic stats: COMPLETE Column stats: NONE
                     Reduce Output Operator
                       key expressions: _col0 (type: string)
                       sort order: +
+                      Statistics: Num rows: 500 Data size: 5312 Basic stats: COMPLETE Column stats: NONE
                       TopN Hash Memory Usage: 2.0E-5
                       value expressions: _col1 (type: string)
         Reducer 2 
@@ -990,10 +1087,13 @@ STAGE PLANS:
               Select Operator
                 expressions: KEY.reducesinkkey0 (type: string), VALUE._col0 (type: string), VALUE._col0 (type: string), VALUE._col0 (type: string), VALUE._col0 (type: string), VALUE._col0 (type: string), VALUE._col0 (type: string), VALUE._col0 (type: string), VALUE._col0 (type: string)
                 outputColumnNames: _col0, _col1, _col2, _col3, _col4, _col5, _col6, _col7, _col8
+                Statistics: Num rows: 500 Data size: 5312 Basic stats: COMPLETE Column stats: NONE
                 Limit
                   Number of rows: 100
+                  Statistics: Num rows: 100 Data size: 1000 Basic stats: COMPLETE Column stats: NONE
                   File Output Operator
                     compressed: false
+                    Statistics: Num rows: 100 Data size: 1000 Basic stats: COMPLETE Column stats: NONE
                     table:
                         input format: org.apache.hadoop.mapred.TextInputFormat
                         output format: org.apache.hadoop.hive.ql.io.HiveIgnoreKeyTextOutputFormat
@@ -1136,13 +1236,16 @@ STAGE PLANS:
             Map Operator Tree:
                 TableScan
                   alias: src
+                  Statistics: Num rows: 500 Data size: 5312 Basic stats: COMPLETE Column stats: NONE
                   Select Operator
                     expressions: key (type: string), value (type: string)
                     outputColumnNames: key, value
+                    Statistics: Num rows: 500 Data size: 5312 Basic stats: COMPLETE Column stats: NONE
                     Reduce Output Operator
                       key expressions: concat(key, value, value, value, value, value, value, value, value, value) (type: string)
                       sort order: +
                       Map-reduce partition columns: concat(key, value, value, value, value, value, value, value, value, value) (type: string)
+                      Statistics: Num rows: 500 Data size: 5312 Basic stats: COMPLETE Column stats: NONE
                       TopN Hash Memory Usage: 2.0E-5
                       value expressions: key (type: string)
         Reducer 2 
@@ -1152,13 +1255,17 @@ STAGE PLANS:
                 keys: KEY._col0 (type: string)
                 mode: complete
                 outputColumnNames: _col0, _col1
+                Statistics: Num rows: 250 Data size: 2656 Basic stats: COMPLETE Column stats: NONE
                 Select Operator
                   expressions: _col1 (type: double)
                   outputColumnNames: _col0
+                  Statistics: Num rows: 250 Data size: 2656 Basic stats: COMPLETE Column stats: NONE
                   Limit
                     Number of rows: 100
+                    Statistics: Num rows: 100 Data size: 1000 Basic stats: COMPLETE Column stats: NONE
                     File Output Operator
                       compressed: false
+                      Statistics: Num rows: 100 Data size: 1000 Basic stats: COMPLETE Column stats: NONE
                       table:
                           input format: org.apache.hadoop.mapred.TextInputFormat
                           output format: org.apache.hadoop.hive.ql.io.HiveIgnoreKeyTextOutputFormat
diff --git a/ql/src/test/results/clientpositive/spark/load_dyn_part1.q.out b/ql/src/test/results/clientpositive/spark/load_dyn_part1.q.out
index 3b669fc4b8..cbf7204c40 100644
--- a/ql/src/test/results/clientpositive/spark/load_dyn_part1.q.out
+++ b/ql/src/test/results/clientpositive/spark/load_dyn_part1.q.out
@@ -75,6 +75,7 @@ STAGE PLANS:
             Map Operator Tree:
                 TableScan
                   alias: srcpart
+                  Statistics: Num rows: 2000 Data size: 21248 Basic stats: COMPLETE Column stats: NONE
                   File Output Operator
                     compressed: false
                     table:
@@ -91,11 +92,14 @@ STAGE PLANS:
                 TableScan
                   Filter Operator
                     predicate: (ds <= '2008-04-08') (type: boolean)
+                    Statistics: Num rows: 666 Data size: 7075 Basic stats: COMPLETE Column stats: NONE
                     Select Operator
                       expressions: key (type: string), value (type: string), ds (type: string), hr (type: string)
                       outputColumnNames: _col0, _col1, _col2, _col3
+                      Statistics: Num rows: 666 Data size: 7075 Basic stats: COMPLETE Column stats: NONE
                       File Output Operator
                         compressed: false
+                        Statistics: Num rows: 666 Data size: 7075 Basic stats: COMPLETE Column stats: NONE
                         table:
                             input format: org.apache.hadoop.mapred.TextInputFormat
                             output format: org.apache.hadoop.hive.ql.io.HiveIgnoreKeyTextOutputFormat
@@ -146,11 +150,14 @@ STAGE PLANS:
                 TableScan
                   Filter Operator
                     predicate: (ds > '2008-04-08') (type: boolean)
+                    Statistics: Num rows: 666 Data size: 7075 Basic stats: COMPLETE Column stats: NONE
                     Select Operator
                       expressions: key (type: string), value (type: string), hr (type: string)
                       outputColumnNames: _col0, _col1, _col2
+                      Statistics: Num rows: 666 Data size: 7075 Basic stats: COMPLETE Column stats: NONE
                       File Output Operator
                         compressed: false
+                        Statistics: Num rows: 666 Data size: 7075 Basic stats: COMPLETE Column stats: NONE
                         table:
                             input format: org.apache.hadoop.mapred.TextInputFormat
                             output format: org.apache.hadoop.hive.ql.io.HiveIgnoreKeyTextOutputFormat
diff --git a/ql/src/test/results/clientpositive/spark/load_dyn_part10.q.out b/ql/src/test/results/clientpositive/spark/load_dyn_part10.q.out
index bca90d8af4..9b70e4cd36 100644
--- a/ql/src/test/results/clientpositive/spark/load_dyn_part10.q.out
+++ b/ql/src/test/results/clientpositive/spark/load_dyn_part10.q.out
@@ -61,11 +61,14 @@ STAGE PLANS:
             Map Operator Tree:
                 TableScan
                   alias: srcpart
+                  Statistics: Num rows: 1000 Data size: 10624 Basic stats: COMPLETE Column stats: NONE
                   Select Operator
                     expressions: key (type: string), value (type: string), hr (type: string)
                     outputColumnNames: _col0, _col1, _col2
+                    Statistics: Num rows: 1000 Data size: 10624 Basic stats: COMPLETE Column stats: NONE
                     File Output Operator
                       compressed: false
+                      Statistics: Num rows: 1000 Data size: 10624 Basic stats: COMPLETE Column stats: NONE
                       table:
                           input format: org.apache.hadoop.mapred.TextInputFormat
                           output format: org.apache.hadoop.hive.ql.io.HiveIgnoreKeyTextOutputFormat
diff --git a/ql/src/test/results/clientpositive/spark/load_dyn_part14.q.out b/ql/src/test/results/clientpositive/spark/load_dyn_part14.q.out
index f9f5ff8357..5dd5fad096 100644
--- a/ql/src/test/results/clientpositive/spark/load_dyn_part14.q.out
+++ b/ql/src/test/results/clientpositive/spark/load_dyn_part14.q.out
@@ -73,37 +73,49 @@ STAGE PLANS:
             Map Operator Tree:
                 TableScan
                   alias: src
+                  Statistics: Num rows: 500 Data size: 5312 Basic stats: COMPLETE Column stats: COMPLETE
                   Select Operator
                     expressions: 'k2' (type: string), '' (type: string)
                     outputColumnNames: _col0, _col1
+                    Statistics: Num rows: 500 Data size: 85000 Basic stats: COMPLETE Column stats: COMPLETE
                     Limit
                       Number of rows: 2
+                      Statistics: Num rows: 2 Data size: 340 Basic stats: COMPLETE Column stats: COMPLETE
                       Reduce Output Operator
                         sort order: 
+                        Statistics: Num rows: 2 Data size: 340 Basic stats: COMPLETE Column stats: COMPLETE
                         value expressions: _col0 (type: string), _col1 (type: string)
         Map 4 
             Map Operator Tree:
                 TableScan
                   alias: src
+                  Statistics: Num rows: 500 Data size: 5312 Basic stats: COMPLETE Column stats: COMPLETE
                   Select Operator
                     expressions: 'k3' (type: string), ' ' (type: string)
                     outputColumnNames: _col0, _col1
+                    Statistics: Num rows: 500 Data size: 85500 Basic stats: COMPLETE Column stats: COMPLETE
                     Limit
                       Number of rows: 2
+                      Statistics: Num rows: 2 Data size: 342 Basic stats: COMPLETE Column stats: COMPLETE
                       Reduce Output Operator
                         sort order: 
+                        Statistics: Num rows: 2 Data size: 342 Basic stats: COMPLETE Column stats: COMPLETE
                         value expressions: _col0 (type: string), _col1 (type: string)
         Map 6 
             Map Operator Tree:
                 TableScan
                   alias: src
+                  Statistics: Num rows: 500 Data size: 5312 Basic stats: COMPLETE Column stats: COMPLETE
                   Select Operator
                     expressions: 'k1' (type: string), UDFToString(null) (type: string)
                     outputColumnNames: _col0, _col1
+                    Statistics: Num rows: 500 Data size: 85000 Basic stats: COMPLETE Column stats: COMPLETE
                     Limit
                       Number of rows: 2
+                      Statistics: Num rows: 2 Data size: 340 Basic stats: COMPLETE Column stats: COMPLETE
                       Reduce Output Operator
                         sort order: 
+                        Statistics: Num rows: 2 Data size: 340 Basic stats: COMPLETE Column stats: COMPLETE
                         value expressions: _col0 (type: string), _col1 (type: string)
         Reducer 2 
             Reduce Operator Tree:
diff --git a/ql/src/test/results/clientpositive/spark/load_dyn_part2.q.out b/ql/src/test/results/clientpositive/spark/load_dyn_part2.q.out
index 45ff0a537f..f8f8971aed 100644
--- a/ql/src/test/results/clientpositive/spark/load_dyn_part2.q.out
+++ b/ql/src/test/results/clientpositive/spark/load_dyn_part2.q.out
@@ -55,18 +55,23 @@ STAGE PLANS:
             Map Operator Tree:
                 TableScan
                   alias: srcpart
+                  Statistics: Num rows: 2000 Data size: 21248 Basic stats: COMPLETE Column stats: NONE
                   Select Operator
                     expressions: key (type: string), value (type: string), hr (type: string)
                     outputColumnNames: _col0, _col1, _col2
+                    Statistics: Num rows: 2000 Data size: 21248 Basic stats: COMPLETE Column stats: NONE
                     Reduce Output Operator
                       sort order: 
                       Map-reduce partition columns: _col0 (type: string)
+                      Statistics: Num rows: 2000 Data size: 21248 Basic stats: COMPLETE Column stats: NONE
                       value expressions: _col0 (type: string), _col1 (type: string), _col2 (type: string)
         Reducer 2 
             Reduce Operator Tree:
               Extract
+                Statistics: Num rows: 2000 Data size: 21248 Basic stats: COMPLETE Column stats: NONE
                 File Output Operator
                   compressed: false
+                  Statistics: Num rows: 2000 Data size: 21248 Basic stats: COMPLETE Column stats: NONE
                   table:
                       input format: org.apache.hadoop.mapred.TextInputFormat
                       output format: org.apache.hadoop.hive.ql.io.HiveIgnoreKeyTextOutputFormat
diff --git a/ql/src/test/results/clientpositive/spark/load_dyn_part3.q.out b/ql/src/test/results/clientpositive/spark/load_dyn_part3.q.out
index a596554a94..b6ae54c39c 100644
--- a/ql/src/test/results/clientpositive/spark/load_dyn_part3.q.out
+++ b/ql/src/test/results/clientpositive/spark/load_dyn_part3.q.out
@@ -59,11 +59,14 @@ STAGE PLANS:
             Map Operator Tree:
                 TableScan
                   alias: srcpart
+                  Statistics: Num rows: 2000 Data size: 21248 Basic stats: COMPLETE Column stats: NONE
                   Select Operator
                     expressions: key (type: string), value (type: string), ds (type: string), hr (type: string)
                     outputColumnNames: _col0, _col1, _col2, _col3
+                    Statistics: Num rows: 2000 Data size: 21248 Basic stats: COMPLETE Column stats: NONE
                     File Output Operator
                       compressed: false
+                      Statistics: Num rows: 2000 Data size: 21248 Basic stats: COMPLETE Column stats: NONE
                       table:
                           input format: org.apache.hadoop.mapred.TextInputFormat
                           output format: org.apache.hadoop.hive.ql.io.HiveIgnoreKeyTextOutputFormat
diff --git a/ql/src/test/results/clientpositive/spark/load_dyn_part4.q.out b/ql/src/test/results/clientpositive/spark/load_dyn_part4.q.out
index 884acc3267..d8c141211f 100644
--- a/ql/src/test/results/clientpositive/spark/load_dyn_part4.q.out
+++ b/ql/src/test/results/clientpositive/spark/load_dyn_part4.q.out
@@ -70,11 +70,14 @@ STAGE PLANS:
             Map Operator Tree:
                 TableScan
                   alias: srcpart
+                  Statistics: Num rows: 2000 Data size: 21248 Basic stats: COMPLETE Column stats: NONE
                   Select Operator
                     expressions: key (type: string), value (type: string), ds (type: string), hr (type: string)
                     outputColumnNames: _col0, _col1, _col2, _col3
+                    Statistics: Num rows: 2000 Data size: 21248 Basic stats: COMPLETE Column stats: NONE
                     File Output Operator
                       compressed: false
+                      Statistics: Num rows: 2000 Data size: 21248 Basic stats: COMPLETE Column stats: NONE
                       table:
                           input format: org.apache.hadoop.mapred.TextInputFormat
                           output format: org.apache.hadoop.hive.ql.io.HiveIgnoreKeyTextOutputFormat
diff --git a/ql/src/test/results/clientpositive/spark/load_dyn_part5.q.out b/ql/src/test/results/clientpositive/spark/load_dyn_part5.q.out
index 117cfa11b3..b5c83cbb33 100644
--- a/ql/src/test/results/clientpositive/spark/load_dyn_part5.q.out
+++ b/ql/src/test/results/clientpositive/spark/load_dyn_part5.q.out
@@ -42,11 +42,14 @@ STAGE PLANS:
             Map Operator Tree:
                 TableScan
                   alias: src
+                  Statistics: Num rows: 500 Data size: 5312 Basic stats: COMPLETE Column stats: NONE
                   Select Operator
                     expressions: key (type: string), value (type: string)
                     outputColumnNames: _col0, _col1
+                    Statistics: Num rows: 500 Data size: 5312 Basic stats: COMPLETE Column stats: NONE
                     File Output Operator
                       compressed: false
+                      Statistics: Num rows: 500 Data size: 5312 Basic stats: COMPLETE Column stats: NONE
                       table:
                           input format: org.apache.hadoop.mapred.TextInputFormat
                           output format: org.apache.hadoop.hive.ql.io.HiveIgnoreKeyTextOutputFormat
diff --git a/ql/src/test/results/clientpositive/spark/load_dyn_part8.q.out b/ql/src/test/results/clientpositive/spark/load_dyn_part8.q.out
index 50c052d870..3905d843b0 100644
--- a/ql/src/test/results/clientpositive/spark/load_dyn_part8.q.out
+++ b/ql/src/test/results/clientpositive/spark/load_dyn_part8.q.out
@@ -130,6 +130,7 @@ STAGE PLANS:
             Map Operator Tree:
                 TableScan
                   alias: srcpart
+                  Statistics: Num rows: 2000 Data size: 21248 Basic stats: COMPLETE Column stats: NONE
                   GatherStats: false
                   File Output Operator
                     compressed: false
@@ -352,14 +353,17 @@ STAGE PLANS:
                   Filter Operator
                     isSamplingPred: false
                     predicate: (ds <= '2008-04-08') (type: boolean)
+                    Statistics: Num rows: 666 Data size: 7075 Basic stats: COMPLETE Column stats: NONE
                     Select Operator
                       expressions: key (type: string), value (type: string), ds (type: string), hr (type: string)
                       outputColumnNames: _col0, _col1, _col2, _col3
+                      Statistics: Num rows: 666 Data size: 7075 Basic stats: COMPLETE Column stats: NONE
                       File Output Operator
                         compressed: false
                         GlobalTableId: 1
 #### A masked pattern was here ####
                         NumFilesPerFileSink: 1
+                        Statistics: Num rows: 666 Data size: 7075 Basic stats: COMPLETE Column stats: NONE
 #### A masked pattern was here ####
                         table:
                             input format: org.apache.hadoop.mapred.TextInputFormat
@@ -484,15 +488,18 @@ STAGE PLANS:
                   Filter Operator
                     isSamplingPred: false
                     predicate: (ds > '2008-04-08') (type: boolean)
+                    Statistics: Num rows: 666 Data size: 7075 Basic stats: COMPLETE Column stats: NONE
                     Select Operator
                       expressions: key (type: string), value (type: string), hr (type: string)
                       outputColumnNames: _col0, _col1, _col2
+                      Statistics: Num rows: 666 Data size: 7075 Basic stats: COMPLETE Column stats: NONE
                       File Output Operator
                         compressed: false
                         GlobalTableId: 2
 #### A masked pattern was here ####
                         NumFilesPerFileSink: 1
                         Static Partition Specification: ds=2008-12-31/
+                        Statistics: Num rows: 666 Data size: 7075 Basic stats: COMPLETE Column stats: NONE
 #### A masked pattern was here ####
                         table:
                             input format: org.apache.hadoop.mapred.TextInputFormat
diff --git a/ql/src/test/results/clientpositive/spark/load_dyn_part9.q.out b/ql/src/test/results/clientpositive/spark/load_dyn_part9.q.out
index bab435d8d4..d15818079c 100644
--- a/ql/src/test/results/clientpositive/spark/load_dyn_part9.q.out
+++ b/ql/src/test/results/clientpositive/spark/load_dyn_part9.q.out
@@ -61,11 +61,14 @@ STAGE PLANS:
             Map Operator Tree:
                 TableScan
                   alias: srcpart
+                  Statistics: Num rows: 1000 Data size: 10624 Basic stats: COMPLETE Column stats: NONE
                   Select Operator
                     expressions: key (type: string), value (type: string), ds (type: string), hr (type: string)
                     outputColumnNames: _col0, _col1, _col2, _col3
+                    Statistics: Num rows: 1000 Data size: 10624 Basic stats: COMPLETE Column stats: NONE
                     File Output Operator
                       compressed: false
+                      Statistics: Num rows: 1000 Data size: 10624 Basic stats: COMPLETE Column stats: NONE
                       table:
                           input format: org.apache.hadoop.mapred.TextInputFormat
                           output format: org.apache.hadoop.hive.ql.io.HiveIgnoreKeyTextOutputFormat
diff --git a/ql/src/test/results/clientpositive/spark/mapreduce1.q.out b/ql/src/test/results/clientpositive/spark/mapreduce1.q.out
index 91418bd8cb..182412682e 100644
--- a/ql/src/test/results/clientpositive/spark/mapreduce1.q.out
+++ b/ql/src/test/results/clientpositive/spark/mapreduce1.q.out
@@ -39,27 +39,33 @@ STAGE PLANS:
             Map Operator Tree:
                 TableScan
                   alias: src
+                  Statistics: Num rows: 500 Data size: 5312 Basic stats: COMPLETE Column stats: NONE
                   Select Operator
                     expressions: key (type: string), UDFToInteger((key / 10)) (type: int), UDFToInteger((key % 10)) (type: int), value (type: string)
                     outputColumnNames: _col0, _col1, _col2, _col3
+                    Statistics: Num rows: 500 Data size: 5312 Basic stats: COMPLETE Column stats: NONE
                     Transform Operator
                       command: cat
                       output info:
                           input format: org.apache.hadoop.mapred.TextInputFormat
                           output format: org.apache.hadoop.hive.ql.io.HiveIgnoreKeyTextOutputFormat
                           serde: org.apache.hadoop.hive.serde2.lazy.LazySimpleSerDe
+                      Statistics: Num rows: 500 Data size: 5312 Basic stats: COMPLETE Column stats: NONE
                       Reduce Output Operator
                         key expressions: _col1 (type: string), _col2 (type: string)
                         sort order: ++
                         Map-reduce partition columns: _col3 (type: string), _col0 (type: string)
+                        Statistics: Num rows: 500 Data size: 5312 Basic stats: COMPLETE Column stats: NONE
                         value expressions: _col0 (type: string), _col1 (type: string), _col2 (type: string), _col3 (type: string)
         Reducer 2 
             Reduce Operator Tree:
               Select Operator
                 expressions: UDFToInteger(VALUE._col0) (type: int), UDFToInteger(VALUE._col1) (type: int), UDFToInteger(VALUE._col2) (type: int), VALUE._col3 (type: string)
                 outputColumnNames: _col0, _col1, _col2, _col3
+                Statistics: Num rows: 500 Data size: 5312 Basic stats: COMPLETE Column stats: NONE
                 File Output Operator
                   compressed: false
+                  Statistics: Num rows: 500 Data size: 5312 Basic stats: COMPLETE Column stats: NONE
                   table:
                       input format: org.apache.hadoop.mapred.TextInputFormat
                       output format: org.apache.hadoop.hive.ql.io.HiveIgnoreKeyTextOutputFormat
diff --git a/ql/src/test/results/clientpositive/spark/mapreduce2.q.out b/ql/src/test/results/clientpositive/spark/mapreduce2.q.out
index a8badbc438..792a0c8a9a 100644
--- a/ql/src/test/results/clientpositive/spark/mapreduce2.q.out
+++ b/ql/src/test/results/clientpositive/spark/mapreduce2.q.out
@@ -37,26 +37,32 @@ STAGE PLANS:
             Map Operator Tree:
                 TableScan
                   alias: src
+                  Statistics: Num rows: 500 Data size: 5312 Basic stats: COMPLETE Column stats: NONE
                   Select Operator
                     expressions: key (type: string), UDFToInteger((key / 10)) (type: int), UDFToInteger((key % 10)) (type: int), value (type: string)
                     outputColumnNames: _col0, _col1, _col2, _col3
+                    Statistics: Num rows: 500 Data size: 5312 Basic stats: COMPLETE Column stats: NONE
                     Transform Operator
                       command: cat
                       output info:
                           input format: org.apache.hadoop.mapred.TextInputFormat
                           output format: org.apache.hadoop.hive.ql.io.HiveIgnoreKeyTextOutputFormat
                           serde: org.apache.hadoop.hive.serde2.lazy.LazySimpleSerDe
+                      Statistics: Num rows: 500 Data size: 5312 Basic stats: COMPLETE Column stats: NONE
                       Reduce Output Operator
                         sort order: 
                         Map-reduce partition columns: _col3 (type: string), _col0 (type: string)
+                        Statistics: Num rows: 500 Data size: 5312 Basic stats: COMPLETE Column stats: NONE
                         value expressions: _col0 (type: string), _col1 (type: string), _col2 (type: string), _col3 (type: string)
         Reducer 2 
             Reduce Operator Tree:
               Select Operator
                 expressions: UDFToInteger(VALUE._col0) (type: int), UDFToInteger(VALUE._col1) (type: int), UDFToInteger(VALUE._col2) (type: int), VALUE._col3 (type: string)
                 outputColumnNames: _col0, _col1, _col2, _col3
+                Statistics: Num rows: 500 Data size: 5312 Basic stats: COMPLETE Column stats: NONE
                 File Output Operator
                   compressed: false
+                  Statistics: Num rows: 500 Data size: 5312 Basic stats: COMPLETE Column stats: NONE
                   table:
                       input format: org.apache.hadoop.mapred.TextInputFormat
                       output format: org.apache.hadoop.hive.ql.io.HiveIgnoreKeyTextOutputFormat
diff --git a/ql/src/test/results/clientpositive/spark/merge1.q.out b/ql/src/test/results/clientpositive/spark/merge1.q.out
index 9f3d711324..c50a80b5ce 100644
--- a/ql/src/test/results/clientpositive/spark/merge1.q.out
+++ b/ql/src/test/results/clientpositive/spark/merge1.q.out
@@ -40,18 +40,22 @@ STAGE PLANS:
             Map Operator Tree:
                 TableScan
                   alias: src
+                  Statistics: Num rows: 500 Data size: 5312 Basic stats: COMPLETE Column stats: NONE
                   Select Operator
                     expressions: key (type: string)
                     outputColumnNames: key
+                    Statistics: Num rows: 500 Data size: 5312 Basic stats: COMPLETE Column stats: NONE
                     Group By Operator
                       aggregations: count(1)
                       keys: key (type: string)
                       mode: hash
                       outputColumnNames: _col0, _col1
+                      Statistics: Num rows: 500 Data size: 5312 Basic stats: COMPLETE Column stats: NONE
                       Reduce Output Operator
                         key expressions: _col0 (type: string)
                         sort order: +
                         Map-reduce partition columns: _col0 (type: string)
+                        Statistics: Num rows: 500 Data size: 5312 Basic stats: COMPLETE Column stats: NONE
                         value expressions: _col1 (type: bigint)
         Reducer 2 
             Reduce Operator Tree:
@@ -60,11 +64,14 @@ STAGE PLANS:
                 keys: KEY._col0 (type: string)
                 mode: mergepartial
                 outputColumnNames: _col0, _col1
+                Statistics: Num rows: 250 Data size: 2656 Basic stats: COMPLETE Column stats: NONE
                 Select Operator
                   expressions: UDFToInteger(_col0) (type: int), UDFToInteger(_col1) (type: int)
                   outputColumnNames: _col0, _col1
+                  Statistics: Num rows: 250 Data size: 2656 Basic stats: COMPLETE Column stats: NONE
                   File Output Operator
                     compressed: false
+                    Statistics: Num rows: 250 Data size: 2656 Basic stats: COMPLETE Column stats: NONE
                     table:
                         input format: org.apache.hadoop.mapred.TextInputFormat
                         output format: org.apache.hadoop.hive.ql.io.HiveIgnoreKeyTextOutputFormat
@@ -534,11 +541,14 @@ STAGE PLANS:
             Map Operator Tree:
                 TableScan
                   alias: test_src
+                  Statistics: Num rows: 116 Data size: 11624 Basic stats: COMPLETE Column stats: NONE
                   Select Operator
                     expressions: key (type: string)
                     outputColumnNames: _col0
+                    Statistics: Num rows: 116 Data size: 11624 Basic stats: COMPLETE Column stats: NONE
                     File Output Operator
                       compressed: false
+                      Statistics: Num rows: 116 Data size: 11624 Basic stats: COMPLETE Column stats: NONE
                       table:
                           input format: org.apache.hadoop.mapred.TextInputFormat
                           output format: org.apache.hadoop.hive.ql.io.HiveIgnoreKeyTextOutputFormat
@@ -646,11 +656,14 @@ STAGE PLANS:
             Map Operator Tree:
                 TableScan
                   alias: test_src
+                  Statistics: Num rows: 116 Data size: 11624 Basic stats: COMPLETE Column stats: NONE
                   Select Operator
                     expressions: key (type: string)
                     outputColumnNames: _col0
+                    Statistics: Num rows: 116 Data size: 11624 Basic stats: COMPLETE Column stats: NONE
                     File Output Operator
                       compressed: false
+                      Statistics: Num rows: 116 Data size: 11624 Basic stats: COMPLETE Column stats: NONE
                       table:
                           input format: org.apache.hadoop.mapred.TextInputFormat
                           output format: org.apache.hadoop.hive.ql.io.HiveIgnoreKeyTextOutputFormat
diff --git a/ql/src/test/results/clientpositive/spark/merge2.q.out b/ql/src/test/results/clientpositive/spark/merge2.q.out
index 5e2e7f7afe..aec97a3bc2 100644
--- a/ql/src/test/results/clientpositive/spark/merge2.q.out
+++ b/ql/src/test/results/clientpositive/spark/merge2.q.out
@@ -40,18 +40,22 @@ STAGE PLANS:
             Map Operator Tree:
                 TableScan
                   alias: src
+                  Statistics: Num rows: 500 Data size: 5312 Basic stats: COMPLETE Column stats: NONE
                   Select Operator
                     expressions: key (type: string)
                     outputColumnNames: key
+                    Statistics: Num rows: 500 Data size: 5312 Basic stats: COMPLETE Column stats: NONE
                     Group By Operator
                       aggregations: count(1)
                       keys: key (type: string)
                       mode: hash
                       outputColumnNames: _col0, _col1
+                      Statistics: Num rows: 500 Data size: 5312 Basic stats: COMPLETE Column stats: NONE
                       Reduce Output Operator
                         key expressions: _col0 (type: string)
                         sort order: +
                         Map-reduce partition columns: _col0 (type: string)
+                        Statistics: Num rows: 500 Data size: 5312 Basic stats: COMPLETE Column stats: NONE
                         value expressions: _col1 (type: bigint)
         Reducer 2 
             Reduce Operator Tree:
@@ -60,11 +64,14 @@ STAGE PLANS:
                 keys: KEY._col0 (type: string)
                 mode: mergepartial
                 outputColumnNames: _col0, _col1
+                Statistics: Num rows: 250 Data size: 2656 Basic stats: COMPLETE Column stats: NONE
                 Select Operator
                   expressions: UDFToInteger(_col0) (type: int), UDFToInteger(_col1) (type: int)
                   outputColumnNames: _col0, _col1
+                  Statistics: Num rows: 250 Data size: 2656 Basic stats: COMPLETE Column stats: NONE
                   File Output Operator
                     compressed: false
+                    Statistics: Num rows: 250 Data size: 2656 Basic stats: COMPLETE Column stats: NONE
                     table:
                         input format: org.apache.hadoop.mapred.TextInputFormat
                         output format: org.apache.hadoop.hive.ql.io.HiveIgnoreKeyTextOutputFormat
@@ -534,11 +541,14 @@ STAGE PLANS:
             Map Operator Tree:
                 TableScan
                   alias: test_src
+                  Statistics: Num rows: 116 Data size: 11624 Basic stats: COMPLETE Column stats: NONE
                   Select Operator
                     expressions: key (type: string)
                     outputColumnNames: _col0
+                    Statistics: Num rows: 116 Data size: 11624 Basic stats: COMPLETE Column stats: NONE
                     File Output Operator
                       compressed: false
+                      Statistics: Num rows: 116 Data size: 11624 Basic stats: COMPLETE Column stats: NONE
                       table:
                           input format: org.apache.hadoop.mapred.TextInputFormat
                           output format: org.apache.hadoop.hive.ql.io.HiveIgnoreKeyTextOutputFormat
@@ -646,11 +656,14 @@ STAGE PLANS:
             Map Operator Tree:
                 TableScan
                   alias: test_src
+                  Statistics: Num rows: 116 Data size: 11624 Basic stats: COMPLETE Column stats: NONE
                   Select Operator
                     expressions: key (type: string)
                     outputColumnNames: _col0
+                    Statistics: Num rows: 116 Data size: 11624 Basic stats: COMPLETE Column stats: NONE
                     File Output Operator
                       compressed: false
+                      Statistics: Num rows: 116 Data size: 11624 Basic stats: COMPLETE Column stats: NONE
                       table:
                           input format: org.apache.hadoop.mapred.TextInputFormat
                           output format: org.apache.hadoop.hive.ql.io.HiveIgnoreKeyTextOutputFormat
diff --git a/ql/src/test/results/clientpositive/spark/metadata_only_queries.q.out b/ql/src/test/results/clientpositive/spark/metadata_only_queries.q.out
index 9da2a43fc0..7e32dd682e 100644
--- a/ql/src/test/results/clientpositive/spark/metadata_only_queries.q.out
+++ b/ql/src/test/results/clientpositive/spark/metadata_only_queries.q.out
@@ -197,15 +197,19 @@ STAGE PLANS:
             Map Operator Tree:
                 TableScan
                   alias: stats_tbl
+                  Statistics: Num rows: 9999 Data size: 1030908 Basic stats: COMPLETE Column stats: NONE
                   Select Operator
                     expressions: s (type: string), bo (type: boolean), bin (type: binary), si (type: smallint), i (type: int), b (type: bigint)
                     outputColumnNames: s, bo, bin, si, i, b
+                    Statistics: Num rows: 9999 Data size: 1030908 Basic stats: COMPLETE Column stats: NONE
                     Group By Operator
                       aggregations: count(), sum(1), sum(0.2), count(1), count(s), count(bo), count(bin), count(si), max(i), min(b)
                       mode: hash
                       outputColumnNames: _col0, _col1, _col2, _col3, _col4, _col5, _col6, _col7, _col8, _col9
+                      Statistics: Num rows: 1 Data size: 76 Basic stats: COMPLETE Column stats: NONE
                       Reduce Output Operator
                         sort order: 
+                        Statistics: Num rows: 1 Data size: 76 Basic stats: COMPLETE Column stats: NONE
                         value expressions: _col0 (type: bigint), _col1 (type: bigint), _col2 (type: double), _col3 (type: bigint), _col4 (type: bigint), _col5 (type: bigint), _col6 (type: bigint), _col7 (type: bigint), _col8 (type: int), _col9 (type: bigint)
         Reducer 2 
             Reduce Operator Tree:
@@ -213,11 +217,14 @@ STAGE PLANS:
                 aggregations: count(VALUE._col0), sum(VALUE._col1), sum(VALUE._col2), count(VALUE._col3), count(VALUE._col4), count(VALUE._col5), count(VALUE._col6), count(VALUE._col7), max(VALUE._col8), min(VALUE._col9)
                 mode: mergepartial
                 outputColumnNames: _col0, _col1, _col2, _col3, _col4, _col5, _col6, _col7, _col8, _col9
+                Statistics: Num rows: 1 Data size: 76 Basic stats: COMPLETE Column stats: NONE
                 Select Operator
                   expressions: _col0 (type: bigint), _col1 (type: bigint), _col2 (type: double), _col3 (type: bigint), _col4 (type: bigint), _col5 (type: bigint), _col6 (type: bigint), _col7 (type: bigint), _col8 (type: int), _col9 (type: bigint)
                   outputColumnNames: _col0, _col1, _col2, _col3, _col4, _col5, _col6, _col7, _col8, _col9
+                  Statistics: Num rows: 1 Data size: 76 Basic stats: COMPLETE Column stats: NONE
                   File Output Operator
                     compressed: false
+                    Statistics: Num rows: 1 Data size: 76 Basic stats: COMPLETE Column stats: NONE
                     table:
                         input format: org.apache.hadoop.mapred.TextInputFormat
                         output format: org.apache.hadoop.hive.ql.io.HiveIgnoreKeyTextOutputFormat
@@ -250,15 +257,19 @@ STAGE PLANS:
             Map Operator Tree:
                 TableScan
                   alias: stats_tbl_part
+                  Statistics: Num rows: 9489 Data size: 978785 Basic stats: COMPLETE Column stats: NONE
                   Select Operator
                     expressions: s (type: string), bo (type: boolean), bin (type: binary), si (type: smallint), i (type: int), b (type: bigint)
                     outputColumnNames: s, bo, bin, si, i, b
+                    Statistics: Num rows: 9489 Data size: 978785 Basic stats: COMPLETE Column stats: NONE
                     Group By Operator
                       aggregations: count(), sum(1), sum(0.2), count(1), count(s), count(bo), count(bin), count(si), max(i), min(b)
                       mode: hash
                       outputColumnNames: _col0, _col1, _col2, _col3, _col4, _col5, _col6, _col7, _col8, _col9
+                      Statistics: Num rows: 1 Data size: 76 Basic stats: COMPLETE Column stats: NONE
                       Reduce Output Operator
                         sort order: 
+                        Statistics: Num rows: 1 Data size: 76 Basic stats: COMPLETE Column stats: NONE
                         value expressions: _col0 (type: bigint), _col1 (type: bigint), _col2 (type: double), _col3 (type: bigint), _col4 (type: bigint), _col5 (type: bigint), _col6 (type: bigint), _col7 (type: bigint), _col8 (type: int), _col9 (type: bigint)
         Reducer 2 
             Reduce Operator Tree:
@@ -266,11 +277,14 @@ STAGE PLANS:
                 aggregations: count(VALUE._col0), sum(VALUE._col1), sum(VALUE._col2), count(VALUE._col3), count(VALUE._col4), count(VALUE._col5), count(VALUE._col6), count(VALUE._col7), max(VALUE._col8), min(VALUE._col9)
                 mode: mergepartial
                 outputColumnNames: _col0, _col1, _col2, _col3, _col4, _col5, _col6, _col7, _col8, _col9
+                Statistics: Num rows: 1 Data size: 76 Basic stats: COMPLETE Column stats: NONE
                 Select Operator
                   expressions: _col0 (type: bigint), _col1 (type: bigint), _col2 (type: double), _col3 (type: bigint), _col4 (type: bigint), _col5 (type: bigint), _col6 (type: bigint), _col7 (type: bigint), _col8 (type: int), _col9 (type: bigint)
                   outputColumnNames: _col0, _col1, _col2, _col3, _col4, _col5, _col6, _col7, _col8, _col9
+                  Statistics: Num rows: 1 Data size: 76 Basic stats: COMPLETE Column stats: NONE
                   File Output Operator
                     compressed: false
+                    Statistics: Num rows: 1 Data size: 76 Basic stats: COMPLETE Column stats: NONE
                     table:
                         input format: org.apache.hadoop.mapred.TextInputFormat
                         output format: org.apache.hadoop.hive.ql.io.HiveIgnoreKeyTextOutputFormat
@@ -439,15 +453,19 @@ STAGE PLANS:
             Map Operator Tree:
                 TableScan
                   alias: stats_tbl_part
+                  Statistics: Num rows: 9489 Data size: 978785 Basic stats: COMPLETE Column stats: NONE
                   Select Operator
                     expressions: ts (type: timestamp)
                     outputColumnNames: ts
+                    Statistics: Num rows: 9489 Data size: 978785 Basic stats: COMPLETE Column stats: NONE
                     Group By Operator
                       aggregations: count(ts)
                       mode: hash
                       outputColumnNames: _col0
+                      Statistics: Num rows: 1 Data size: 8 Basic stats: COMPLETE Column stats: NONE
                       Reduce Output Operator
                         sort order: 
+                        Statistics: Num rows: 1 Data size: 8 Basic stats: COMPLETE Column stats: NONE
                         value expressions: _col0 (type: bigint)
         Reducer 2 
             Reduce Operator Tree:
@@ -455,11 +473,14 @@ STAGE PLANS:
                 aggregations: count(VALUE._col0)
                 mode: mergepartial
                 outputColumnNames: _col0
+                Statistics: Num rows: 1 Data size: 8 Basic stats: COMPLETE Column stats: NONE
                 Select Operator
                   expressions: _col0 (type: bigint)
                   outputColumnNames: _col0
+                  Statistics: Num rows: 1 Data size: 8 Basic stats: COMPLETE Column stats: NONE
                   File Output Operator
                     compressed: false
+                    Statistics: Num rows: 1 Data size: 8 Basic stats: COMPLETE Column stats: NONE
                     table:
                         input format: org.apache.hadoop.mapred.TextInputFormat
                         output format: org.apache.hadoop.hive.ql.io.HiveIgnoreKeyTextOutputFormat
diff --git a/ql/src/test/results/clientpositive/spark/multi_insert.q.out b/ql/src/test/results/clientpositive/spark/multi_insert.q.out
index bae325ffc2..0404119c1c 100644
--- a/ql/src/test/results/clientpositive/spark/multi_insert.q.out
+++ b/ql/src/test/results/clientpositive/spark/multi_insert.q.out
@@ -47,6 +47,7 @@ STAGE PLANS:
             Map Operator Tree:
                 TableScan
                   alias: src
+                  Statistics: Num rows: 500 Data size: 5312 Basic stats: COMPLETE Column stats: NONE
                   File Output Operator
                     compressed: false
                     table:
@@ -63,11 +64,14 @@ STAGE PLANS:
                 TableScan
                   Filter Operator
                     predicate: (key < 10) (type: boolean)
+                    Statistics: Num rows: 166 Data size: 1763 Basic stats: COMPLETE Column stats: NONE
                     Select Operator
                       expressions: key (type: string), value (type: string)
                       outputColumnNames: _col0, _col1
+                      Statistics: Num rows: 166 Data size: 1763 Basic stats: COMPLETE Column stats: NONE
                       File Output Operator
                         compressed: false
+                        Statistics: Num rows: 166 Data size: 1763 Basic stats: COMPLETE Column stats: NONE
                         table:
                             input format: org.apache.hadoop.mapred.TextInputFormat
                             output format: org.apache.hadoop.hive.ql.io.HiveIgnoreKeyTextOutputFormat
@@ -112,11 +116,14 @@ STAGE PLANS:
                 TableScan
                   Filter Operator
                     predicate: ((key > 10) and (key < 20)) (type: boolean)
+                    Statistics: Num rows: 55 Data size: 584 Basic stats: COMPLETE Column stats: NONE
                     Select Operator
                       expressions: key (type: string), value (type: string)
                       outputColumnNames: _col0, _col1
+                      Statistics: Num rows: 55 Data size: 584 Basic stats: COMPLETE Column stats: NONE
                       File Output Operator
                         compressed: false
+                        Statistics: Num rows: 55 Data size: 584 Basic stats: COMPLETE Column stats: NONE
                         table:
                             input format: org.apache.hadoop.mapred.TextInputFormat
                             output format: org.apache.hadoop.hive.ql.io.HiveIgnoreKeyTextOutputFormat
@@ -207,6 +214,7 @@ STAGE PLANS:
             Map Operator Tree:
                 TableScan
                   alias: src
+                  Statistics: Num rows: 500 Data size: 5312 Basic stats: COMPLETE Column stats: NONE
                   File Output Operator
                     compressed: false
                     table:
@@ -223,11 +231,14 @@ STAGE PLANS:
                 TableScan
                   Filter Operator
                     predicate: (key < 10) (type: boolean)
+                    Statistics: Num rows: 166 Data size: 1763 Basic stats: COMPLETE Column stats: NONE
                     Select Operator
                       expressions: key (type: string), value (type: string)
                       outputColumnNames: _col0, _col1
+                      Statistics: Num rows: 166 Data size: 1763 Basic stats: COMPLETE Column stats: NONE
                       File Output Operator
                         compressed: false
+                        Statistics: Num rows: 166 Data size: 1763 Basic stats: COMPLETE Column stats: NONE
                         table:
                             input format: org.apache.hadoop.mapred.TextInputFormat
                             output format: org.apache.hadoop.hive.ql.io.HiveIgnoreKeyTextOutputFormat
@@ -272,11 +283,14 @@ STAGE PLANS:
                 TableScan
                   Filter Operator
                     predicate: ((key > 10) and (key < 20)) (type: boolean)
+                    Statistics: Num rows: 55 Data size: 584 Basic stats: COMPLETE Column stats: NONE
                     Select Operator
                       expressions: key (type: string), value (type: string)
                       outputColumnNames: _col0, _col1
+                      Statistics: Num rows: 55 Data size: 584 Basic stats: COMPLETE Column stats: NONE
                       File Output Operator
                         compressed: false
+                        Statistics: Num rows: 55 Data size: 584 Basic stats: COMPLETE Column stats: NONE
                         table:
                             input format: org.apache.hadoop.mapred.TextInputFormat
                             output format: org.apache.hadoop.hive.ql.io.HiveIgnoreKeyTextOutputFormat
@@ -367,6 +381,7 @@ STAGE PLANS:
             Map Operator Tree:
                 TableScan
                   alias: src
+                  Statistics: Num rows: 500 Data size: 5312 Basic stats: COMPLETE Column stats: NONE
                   File Output Operator
                     compressed: false
                     table:
@@ -383,11 +398,14 @@ STAGE PLANS:
                 TableScan
                   Filter Operator
                     predicate: (key < 10) (type: boolean)
+                    Statistics: Num rows: 166 Data size: 1763 Basic stats: COMPLETE Column stats: NONE
                     Select Operator
                       expressions: key (type: string), value (type: string)
                       outputColumnNames: _col0, _col1
+                      Statistics: Num rows: 166 Data size: 1763 Basic stats: COMPLETE Column stats: NONE
                       File Output Operator
                         compressed: false
+                        Statistics: Num rows: 166 Data size: 1763 Basic stats: COMPLETE Column stats: NONE
                         table:
                             input format: org.apache.hadoop.mapred.TextInputFormat
                             output format: org.apache.hadoop.hive.ql.io.HiveIgnoreKeyTextOutputFormat
@@ -432,11 +450,14 @@ STAGE PLANS:
                 TableScan
                   Filter Operator
                     predicate: ((key > 10) and (key < 20)) (type: boolean)
+                    Statistics: Num rows: 55 Data size: 584 Basic stats: COMPLETE Column stats: NONE
                     Select Operator
                       expressions: key (type: string), value (type: string)
                       outputColumnNames: _col0, _col1
+                      Statistics: Num rows: 55 Data size: 584 Basic stats: COMPLETE Column stats: NONE
                       File Output Operator
                         compressed: false
+                        Statistics: Num rows: 55 Data size: 584 Basic stats: COMPLETE Column stats: NONE
                         table:
                             input format: org.apache.hadoop.mapred.TextInputFormat
                             output format: org.apache.hadoop.hive.ql.io.HiveIgnoreKeyTextOutputFormat
@@ -527,6 +548,7 @@ STAGE PLANS:
             Map Operator Tree:
                 TableScan
                   alias: src
+                  Statistics: Num rows: 500 Data size: 5312 Basic stats: COMPLETE Column stats: NONE
                   File Output Operator
                     compressed: false
                     table:
@@ -543,11 +565,14 @@ STAGE PLANS:
                 TableScan
                   Filter Operator
                     predicate: (key < 10) (type: boolean)
+                    Statistics: Num rows: 166 Data size: 1763 Basic stats: COMPLETE Column stats: NONE
                     Select Operator
                       expressions: key (type: string), value (type: string)
                       outputColumnNames: _col0, _col1
+                      Statistics: Num rows: 166 Data size: 1763 Basic stats: COMPLETE Column stats: NONE
                       File Output Operator
                         compressed: false
+                        Statistics: Num rows: 166 Data size: 1763 Basic stats: COMPLETE Column stats: NONE
                         table:
                             input format: org.apache.hadoop.mapred.TextInputFormat
                             output format: org.apache.hadoop.hive.ql.io.HiveIgnoreKeyTextOutputFormat
@@ -592,11 +617,14 @@ STAGE PLANS:
                 TableScan
                   Filter Operator
                     predicate: ((key > 10) and (key < 20)) (type: boolean)
+                    Statistics: Num rows: 55 Data size: 584 Basic stats: COMPLETE Column stats: NONE
                     Select Operator
                       expressions: key (type: string), value (type: string)
                       outputColumnNames: _col0, _col1
+                      Statistics: Num rows: 55 Data size: 584 Basic stats: COMPLETE Column stats: NONE
                       File Output Operator
                         compressed: false
+                        Statistics: Num rows: 55 Data size: 584 Basic stats: COMPLETE Column stats: NONE
                         table:
                             input format: org.apache.hadoop.mapred.TextInputFormat
                             output format: org.apache.hadoop.hive.ql.io.HiveIgnoreKeyTextOutputFormat
@@ -687,29 +715,38 @@ STAGE PLANS:
             Map Operator Tree:
                 TableScan
                   alias: src
+                  Statistics: Num rows: 500 Data size: 5312 Basic stats: COMPLETE Column stats: NONE
                   Filter Operator
                     predicate: ((key < 10) or ((key > 10) and (key < 20))) (type: boolean)
+                    Statistics: Num rows: 221 Data size: 2347 Basic stats: COMPLETE Column stats: NONE
                     Select Operator
                       expressions: key (type: string), value (type: string)
                       outputColumnNames: key, value
+                      Statistics: Num rows: 221 Data size: 2347 Basic stats: COMPLETE Column stats: NONE
                       Reduce Output Operator
                         key expressions: key (type: string), value (type: string)
                         sort order: ++
                         Map-reduce partition columns: key (type: string), value (type: string)
+                        Statistics: Num rows: 221 Data size: 2347 Basic stats: COMPLETE Column stats: NONE
         Reducer 2 
             Reduce Operator Tree:
               Forward
+                Statistics: Num rows: 221 Data size: 2347 Basic stats: COMPLETE Column stats: NONE
                 Filter Operator
                   predicate: (KEY._col0 < 10) (type: boolean)
+                  Statistics: Num rows: 73 Data size: 775 Basic stats: COMPLETE Column stats: NONE
                   Group By Operator
                     keys: KEY._col0 (type: string), KEY._col1 (type: string)
                     mode: complete
                     outputColumnNames: _col0, _col1
+                    Statistics: Num rows: 36 Data size: 382 Basic stats: COMPLETE Column stats: NONE
                     Select Operator
                       expressions: _col0 (type: string), _col1 (type: string)
                       outputColumnNames: _col0, _col1
+                      Statistics: Num rows: 36 Data size: 382 Basic stats: COMPLETE Column stats: NONE
                       File Output Operator
                         compressed: false
+                        Statistics: Num rows: 36 Data size: 382 Basic stats: COMPLETE Column stats: NONE
                         table:
                             input format: org.apache.hadoop.mapred.TextInputFormat
                             output format: org.apache.hadoop.hive.ql.io.HiveIgnoreKeyTextOutputFormat
@@ -717,15 +754,19 @@ STAGE PLANS:
                             name: default.src_multi1
                 Filter Operator
                   predicate: ((KEY._col0 > 10) and (KEY._col0 < 20)) (type: boolean)
+                  Statistics: Num rows: 24 Data size: 254 Basic stats: COMPLETE Column stats: NONE
                   Group By Operator
                     keys: KEY._col0 (type: string), KEY._col1 (type: string)
                     mode: complete
                     outputColumnNames: _col0, _col1
+                    Statistics: Num rows: 12 Data size: 127 Basic stats: COMPLETE Column stats: NONE
                     Select Operator
                       expressions: _col0 (type: string), _col1 (type: string)
                       outputColumnNames: _col0, _col1
+                      Statistics: Num rows: 12 Data size: 127 Basic stats: COMPLETE Column stats: NONE
                       File Output Operator
                         compressed: false
+                        Statistics: Num rows: 12 Data size: 127 Basic stats: COMPLETE Column stats: NONE
                         table:
                             input format: org.apache.hadoop.mapred.TextInputFormat
                             output format: org.apache.hadoop.hive.ql.io.HiveIgnoreKeyTextOutputFormat
@@ -838,29 +879,38 @@ STAGE PLANS:
             Map Operator Tree:
                 TableScan
                   alias: src
+                  Statistics: Num rows: 500 Data size: 5312 Basic stats: COMPLETE Column stats: NONE
                   Filter Operator
                     predicate: ((key < 10) or ((key > 10) and (key < 20))) (type: boolean)
+                    Statistics: Num rows: 221 Data size: 2347 Basic stats: COMPLETE Column stats: NONE
                     Select Operator
                       expressions: key (type: string), value (type: string)
                       outputColumnNames: key, value
+                      Statistics: Num rows: 221 Data size: 2347 Basic stats: COMPLETE Column stats: NONE
                       Reduce Output Operator
                         key expressions: key (type: string), value (type: string)
                         sort order: ++
                         Map-reduce partition columns: key (type: string), value (type: string)
+                        Statistics: Num rows: 221 Data size: 2347 Basic stats: COMPLETE Column stats: NONE
         Reducer 2 
             Reduce Operator Tree:
               Forward
+                Statistics: Num rows: 221 Data size: 2347 Basic stats: COMPLETE Column stats: NONE
                 Filter Operator
                   predicate: (KEY._col0 < 10) (type: boolean)
+                  Statistics: Num rows: 73 Data size: 775 Basic stats: COMPLETE Column stats: NONE
                   Group By Operator
                     keys: KEY._col0 (type: string), KEY._col1 (type: string)
                     mode: complete
                     outputColumnNames: _col0, _col1
+                    Statistics: Num rows: 36 Data size: 382 Basic stats: COMPLETE Column stats: NONE
                     Select Operator
                       expressions: _col0 (type: string), _col1 (type: string)
                       outputColumnNames: _col0, _col1
+                      Statistics: Num rows: 36 Data size: 382 Basic stats: COMPLETE Column stats: NONE
                       File Output Operator
                         compressed: false
+                        Statistics: Num rows: 36 Data size: 382 Basic stats: COMPLETE Column stats: NONE
                         table:
                             input format: org.apache.hadoop.mapred.TextInputFormat
                             output format: org.apache.hadoop.hive.ql.io.HiveIgnoreKeyTextOutputFormat
@@ -868,15 +918,19 @@ STAGE PLANS:
                             name: default.src_multi1
                 Filter Operator
                   predicate: ((KEY._col0 > 10) and (KEY._col0 < 20)) (type: boolean)
+                  Statistics: Num rows: 24 Data size: 254 Basic stats: COMPLETE Column stats: NONE
                   Group By Operator
                     keys: KEY._col0 (type: string), KEY._col1 (type: string)
                     mode: complete
                     outputColumnNames: _col0, _col1
+                    Statistics: Num rows: 12 Data size: 127 Basic stats: COMPLETE Column stats: NONE
                     Select Operator
                       expressions: _col0 (type: string), _col1 (type: string)
                       outputColumnNames: _col0, _col1
+                      Statistics: Num rows: 12 Data size: 127 Basic stats: COMPLETE Column stats: NONE
                       File Output Operator
                         compressed: false
+                        Statistics: Num rows: 12 Data size: 127 Basic stats: COMPLETE Column stats: NONE
                         table:
                             input format: org.apache.hadoop.mapred.TextInputFormat
                             output format: org.apache.hadoop.hive.ql.io.HiveIgnoreKeyTextOutputFormat
@@ -989,29 +1043,38 @@ STAGE PLANS:
             Map Operator Tree:
                 TableScan
                   alias: src
+                  Statistics: Num rows: 500 Data size: 5312 Basic stats: COMPLETE Column stats: NONE
                   Filter Operator
                     predicate: ((key < 10) or ((key > 10) and (key < 20))) (type: boolean)
+                    Statistics: Num rows: 221 Data size: 2347 Basic stats: COMPLETE Column stats: NONE
                     Select Operator
                       expressions: key (type: string), value (type: string)
                       outputColumnNames: key, value
+                      Statistics: Num rows: 221 Data size: 2347 Basic stats: COMPLETE Column stats: NONE
                       Reduce Output Operator
                         key expressions: key (type: string), value (type: string)
                         sort order: ++
                         Map-reduce partition columns: key (type: string), value (type: string)
+                        Statistics: Num rows: 221 Data size: 2347 Basic stats: COMPLETE Column stats: NONE
         Reducer 2 
             Reduce Operator Tree:
               Forward
+                Statistics: Num rows: 221 Data size: 2347 Basic stats: COMPLETE Column stats: NONE
                 Filter Operator
                   predicate: (KEY._col0 < 10) (type: boolean)
+                  Statistics: Num rows: 73 Data size: 775 Basic stats: COMPLETE Column stats: NONE
                   Group By Operator
                     keys: KEY._col0 (type: string), KEY._col1 (type: string)
                     mode: complete
                     outputColumnNames: _col0, _col1
+                    Statistics: Num rows: 36 Data size: 382 Basic stats: COMPLETE Column stats: NONE
                     Select Operator
                       expressions: _col0 (type: string), _col1 (type: string)
                       outputColumnNames: _col0, _col1
+                      Statistics: Num rows: 36 Data size: 382 Basic stats: COMPLETE Column stats: NONE
                       File Output Operator
                         compressed: false
+                        Statistics: Num rows: 36 Data size: 382 Basic stats: COMPLETE Column stats: NONE
                         table:
                             input format: org.apache.hadoop.mapred.TextInputFormat
                             output format: org.apache.hadoop.hive.ql.io.HiveIgnoreKeyTextOutputFormat
@@ -1019,15 +1082,19 @@ STAGE PLANS:
                             name: default.src_multi1
                 Filter Operator
                   predicate: ((KEY._col0 > 10) and (KEY._col0 < 20)) (type: boolean)
+                  Statistics: Num rows: 24 Data size: 254 Basic stats: COMPLETE Column stats: NONE
                   Group By Operator
                     keys: KEY._col0 (type: string), KEY._col1 (type: string)
                     mode: complete
                     outputColumnNames: _col0, _col1
+                    Statistics: Num rows: 12 Data size: 127 Basic stats: COMPLETE Column stats: NONE
                     Select Operator
                       expressions: _col0 (type: string), _col1 (type: string)
                       outputColumnNames: _col0, _col1
+                      Statistics: Num rows: 12 Data size: 127 Basic stats: COMPLETE Column stats: NONE
                       File Output Operator
                         compressed: false
+                        Statistics: Num rows: 12 Data size: 127 Basic stats: COMPLETE Column stats: NONE
                         table:
                             input format: org.apache.hadoop.mapred.TextInputFormat
                             output format: org.apache.hadoop.hive.ql.io.HiveIgnoreKeyTextOutputFormat
@@ -1140,29 +1207,38 @@ STAGE PLANS:
             Map Operator Tree:
                 TableScan
                   alias: src
+                  Statistics: Num rows: 500 Data size: 5312 Basic stats: COMPLETE Column stats: NONE
                   Filter Operator
                     predicate: ((key < 10) or ((key > 10) and (key < 20))) (type: boolean)
+                    Statistics: Num rows: 221 Data size: 2347 Basic stats: COMPLETE Column stats: NONE
                     Select Operator
                       expressions: key (type: string), value (type: string)
                       outputColumnNames: key, value
+                      Statistics: Num rows: 221 Data size: 2347 Basic stats: COMPLETE Column stats: NONE
                       Reduce Output Operator
                         key expressions: key (type: string), value (type: string)
                         sort order: ++
                         Map-reduce partition columns: key (type: string), value (type: string)
+                        Statistics: Num rows: 221 Data size: 2347 Basic stats: COMPLETE Column stats: NONE
         Reducer 2 
             Reduce Operator Tree:
               Forward
+                Statistics: Num rows: 221 Data size: 2347 Basic stats: COMPLETE Column stats: NONE
                 Filter Operator
                   predicate: (KEY._col0 < 10) (type: boolean)
+                  Statistics: Num rows: 73 Data size: 775 Basic stats: COMPLETE Column stats: NONE
                   Group By Operator
                     keys: KEY._col0 (type: string), KEY._col1 (type: string)
                     mode: complete
                     outputColumnNames: _col0, _col1
+                    Statistics: Num rows: 36 Data size: 382 Basic stats: COMPLETE Column stats: NONE
                     Select Operator
                       expressions: _col0 (type: string), _col1 (type: string)
                       outputColumnNames: _col0, _col1
+                      Statistics: Num rows: 36 Data size: 382 Basic stats: COMPLETE Column stats: NONE
                       File Output Operator
                         compressed: false
+                        Statistics: Num rows: 36 Data size: 382 Basic stats: COMPLETE Column stats: NONE
                         table:
                             input format: org.apache.hadoop.mapred.TextInputFormat
                             output format: org.apache.hadoop.hive.ql.io.HiveIgnoreKeyTextOutputFormat
@@ -1170,15 +1246,19 @@ STAGE PLANS:
                             name: default.src_multi1
                 Filter Operator
                   predicate: ((KEY._col0 > 10) and (KEY._col0 < 20)) (type: boolean)
+                  Statistics: Num rows: 24 Data size: 254 Basic stats: COMPLETE Column stats: NONE
                   Group By Operator
                     keys: KEY._col0 (type: string), KEY._col1 (type: string)
                     mode: complete
                     outputColumnNames: _col0, _col1
+                    Statistics: Num rows: 12 Data size: 127 Basic stats: COMPLETE Column stats: NONE
                     Select Operator
                       expressions: _col0 (type: string), _col1 (type: string)
                       outputColumnNames: _col0, _col1
+                      Statistics: Num rows: 12 Data size: 127 Basic stats: COMPLETE Column stats: NONE
                       File Output Operator
                         compressed: false
+                        Statistics: Num rows: 12 Data size: 127 Basic stats: COMPLETE Column stats: NONE
                         table:
                             input format: org.apache.hadoop.mapred.TextInputFormat
                             output format: org.apache.hadoop.hive.ql.io.HiveIgnoreKeyTextOutputFormat
@@ -1327,11 +1407,14 @@ STAGE PLANS:
                 TableScan
                   Filter Operator
                     predicate: (_col0 < 10) (type: boolean)
+                    Statistics: Num rows: 333 Data size: 3537 Basic stats: COMPLETE Column stats: NONE
                     Select Operator
                       expressions: _col0 (type: string), _col1 (type: string)
                       outputColumnNames: _col0, _col1
+                      Statistics: Num rows: 333 Data size: 3537 Basic stats: COMPLETE Column stats: NONE
                       File Output Operator
                         compressed: false
+                        Statistics: Num rows: 333 Data size: 3537 Basic stats: COMPLETE Column stats: NONE
                         table:
                             input format: org.apache.hadoop.mapred.TextInputFormat
                             output format: org.apache.hadoop.hive.ql.io.HiveIgnoreKeyTextOutputFormat
@@ -1376,11 +1459,14 @@ STAGE PLANS:
                 TableScan
                   Filter Operator
                     predicate: ((_col0 > 10) and (_col0 < 20)) (type: boolean)
+                    Statistics: Num rows: 111 Data size: 1179 Basic stats: COMPLETE Column stats: NONE
                     Select Operator
                       expressions: _col0 (type: string), _col1 (type: string)
                       outputColumnNames: _col0, _col1
+                      Statistics: Num rows: 111 Data size: 1179 Basic stats: COMPLETE Column stats: NONE
                       File Output Operator
                         compressed: false
+                        Statistics: Num rows: 111 Data size: 1179 Basic stats: COMPLETE Column stats: NONE
                         table:
                             input format: org.apache.hadoop.mapred.TextInputFormat
                             output format: org.apache.hadoop.hive.ql.io.HiveIgnoreKeyTextOutputFormat
@@ -1526,11 +1612,14 @@ STAGE PLANS:
                 TableScan
                   Filter Operator
                     predicate: (_col0 < 10) (type: boolean)
+                    Statistics: Num rows: 333 Data size: 3537 Basic stats: COMPLETE Column stats: NONE
                     Select Operator
                       expressions: _col0 (type: string), _col1 (type: string)
                       outputColumnNames: _col0, _col1
+                      Statistics: Num rows: 333 Data size: 3537 Basic stats: COMPLETE Column stats: NONE
                       File Output Operator
                         compressed: false
+                        Statistics: Num rows: 333 Data size: 3537 Basic stats: COMPLETE Column stats: NONE
                         table:
                             input format: org.apache.hadoop.mapred.TextInputFormat
                             output format: org.apache.hadoop.hive.ql.io.HiveIgnoreKeyTextOutputFormat
@@ -1575,11 +1664,14 @@ STAGE PLANS:
                 TableScan
                   Filter Operator
                     predicate: ((_col0 > 10) and (_col0 < 20)) (type: boolean)
+                    Statistics: Num rows: 111 Data size: 1179 Basic stats: COMPLETE Column stats: NONE
                     Select Operator
                       expressions: _col0 (type: string), _col1 (type: string)
                       outputColumnNames: _col0, _col1
+                      Statistics: Num rows: 111 Data size: 1179 Basic stats: COMPLETE Column stats: NONE
                       File Output Operator
                         compressed: false
+                        Statistics: Num rows: 111 Data size: 1179 Basic stats: COMPLETE Column stats: NONE
                         table:
                             input format: org.apache.hadoop.mapred.TextInputFormat
                             output format: org.apache.hadoop.hive.ql.io.HiveIgnoreKeyTextOutputFormat
@@ -1725,11 +1817,14 @@ STAGE PLANS:
                 TableScan
                   Filter Operator
                     predicate: (_col0 < 10) (type: boolean)
+                    Statistics: Num rows: 333 Data size: 3537 Basic stats: COMPLETE Column stats: NONE
                     Select Operator
                       expressions: _col0 (type: string), _col1 (type: string)
                       outputColumnNames: _col0, _col1
+                      Statistics: Num rows: 333 Data size: 3537 Basic stats: COMPLETE Column stats: NONE
                       File Output Operator
                         compressed: false
+                        Statistics: Num rows: 333 Data size: 3537 Basic stats: COMPLETE Column stats: NONE
                         table:
                             input format: org.apache.hadoop.mapred.TextInputFormat
                             output format: org.apache.hadoop.hive.ql.io.HiveIgnoreKeyTextOutputFormat
@@ -1774,11 +1869,14 @@ STAGE PLANS:
                 TableScan
                   Filter Operator
                     predicate: ((_col0 > 10) and (_col0 < 20)) (type: boolean)
+                    Statistics: Num rows: 111 Data size: 1179 Basic stats: COMPLETE Column stats: NONE
                     Select Operator
                       expressions: _col0 (type: string), _col1 (type: string)
                       outputColumnNames: _col0, _col1
+                      Statistics: Num rows: 111 Data size: 1179 Basic stats: COMPLETE Column stats: NONE
                       File Output Operator
                         compressed: false
+                        Statistics: Num rows: 111 Data size: 1179 Basic stats: COMPLETE Column stats: NONE
                         table:
                             input format: org.apache.hadoop.mapred.TextInputFormat
                             output format: org.apache.hadoop.hive.ql.io.HiveIgnoreKeyTextOutputFormat
@@ -1924,11 +2022,14 @@ STAGE PLANS:
                 TableScan
                   Filter Operator
                     predicate: (_col0 < 10) (type: boolean)
+                    Statistics: Num rows: 333 Data size: 3537 Basic stats: COMPLETE Column stats: NONE
                     Select Operator
                       expressions: _col0 (type: string), _col1 (type: string)
                       outputColumnNames: _col0, _col1
+                      Statistics: Num rows: 333 Data size: 3537 Basic stats: COMPLETE Column stats: NONE
                       File Output Operator
                         compressed: false
+                        Statistics: Num rows: 333 Data size: 3537 Basic stats: COMPLETE Column stats: NONE
                         table:
                             input format: org.apache.hadoop.mapred.TextInputFormat
                             output format: org.apache.hadoop.hive.ql.io.HiveIgnoreKeyTextOutputFormat
@@ -1973,11 +2074,14 @@ STAGE PLANS:
                 TableScan
                   Filter Operator
                     predicate: ((_col0 > 10) and (_col0 < 20)) (type: boolean)
+                    Statistics: Num rows: 111 Data size: 1179 Basic stats: COMPLETE Column stats: NONE
                     Select Operator
                       expressions: _col0 (type: string), _col1 (type: string)
                       outputColumnNames: _col0, _col1
+                      Statistics: Num rows: 111 Data size: 1179 Basic stats: COMPLETE Column stats: NONE
                       File Output Operator
                         compressed: false
+                        Statistics: Num rows: 111 Data size: 1179 Basic stats: COMPLETE Column stats: NONE
                         table:
                             input format: org.apache.hadoop.mapred.TextInputFormat
                             output format: org.apache.hadoop.hive.ql.io.HiveIgnoreKeyTextOutputFormat
@@ -2086,6 +2190,7 @@ STAGE PLANS:
             Map Operator Tree:
                 TableScan
                   alias: src
+                  Statistics: Num rows: 500 Data size: 5312 Basic stats: COMPLETE Column stats: NONE
                   File Output Operator
                     compressed: false
                     table:
@@ -2102,11 +2207,14 @@ STAGE PLANS:
                 TableScan
                   Filter Operator
                     predicate: (key = 0) (type: boolean)
+                    Statistics: Num rows: 250 Data size: 2656 Basic stats: COMPLETE Column stats: NONE
                     Select Operator
                       expressions: '0' (type: string), value (type: string)
                       outputColumnNames: _col0, _col1
+                      Statistics: Num rows: 250 Data size: 2656 Basic stats: COMPLETE Column stats: NONE
                       File Output Operator
                         compressed: false
+                        Statistics: Num rows: 250 Data size: 2656 Basic stats: COMPLETE Column stats: NONE
                         table:
                             input format: org.apache.hadoop.mapred.TextInputFormat
                             output format: org.apache.hadoop.hive.ql.io.HiveIgnoreKeyTextOutputFormat
@@ -2130,11 +2238,14 @@ STAGE PLANS:
                 TableScan
                   Filter Operator
                     predicate: (key = 2) (type: boolean)
+                    Statistics: Num rows: 250 Data size: 2656 Basic stats: COMPLETE Column stats: NONE
                     Select Operator
                       expressions: '2' (type: string), value (type: string)
                       outputColumnNames: _col0, _col1
+                      Statistics: Num rows: 250 Data size: 2656 Basic stats: COMPLETE Column stats: NONE
                       File Output Operator
                         compressed: false
+                        Statistics: Num rows: 250 Data size: 2656 Basic stats: COMPLETE Column stats: NONE
                         table:
                             input format: org.apache.hadoop.mapred.TextInputFormat
                             output format: org.apache.hadoop.hive.ql.io.HiveIgnoreKeyTextOutputFormat
@@ -2155,11 +2266,14 @@ STAGE PLANS:
                 TableScan
                   Filter Operator
                     predicate: (key = 4) (type: boolean)
+                    Statistics: Num rows: 250 Data size: 2656 Basic stats: COMPLETE Column stats: NONE
                     Select Operator
                       expressions: '4' (type: string), value (type: string)
                       outputColumnNames: _col0, _col1
+                      Statistics: Num rows: 250 Data size: 2656 Basic stats: COMPLETE Column stats: NONE
                       File Output Operator
                         compressed: false
+                        Statistics: Num rows: 250 Data size: 2656 Basic stats: COMPLETE Column stats: NONE
                         table:
                             input format: org.apache.hadoop.mapred.TextInputFormat
                             output format: org.apache.hadoop.hive.ql.io.HiveIgnoreKeyTextOutputFormat
@@ -2210,6 +2324,7 @@ STAGE PLANS:
             Map Operator Tree:
                 TableScan
                   alias: src
+                  Statistics: Num rows: 500 Data size: 5312 Basic stats: COMPLETE Column stats: NONE
                   File Output Operator
                     compressed: false
                     table:
@@ -2226,11 +2341,14 @@ STAGE PLANS:
                 TableScan
                   Filter Operator
                     predicate: (key = 0) (type: boolean)
+                    Statistics: Num rows: 250 Data size: 2656 Basic stats: COMPLETE Column stats: NONE
                     Select Operator
                       expressions: '0' (type: string), value (type: string)
                       outputColumnNames: _col0, _col1
+                      Statistics: Num rows: 250 Data size: 2656 Basic stats: COMPLETE Column stats: NONE
                       File Output Operator
                         compressed: false
+                        Statistics: Num rows: 250 Data size: 2656 Basic stats: COMPLETE Column stats: NONE
                         table:
                             input format: org.apache.hadoop.mapred.TextInputFormat
                             output format: org.apache.hadoop.hive.ql.io.HiveIgnoreKeyTextOutputFormat
@@ -2254,11 +2372,14 @@ STAGE PLANS:
                 TableScan
                   Filter Operator
                     predicate: (key = 2) (type: boolean)
+                    Statistics: Num rows: 250 Data size: 2656 Basic stats: COMPLETE Column stats: NONE
                     Select Operator
                       expressions: '2' (type: string), value (type: string)
                       outputColumnNames: _col0, _col1
+                      Statistics: Num rows: 250 Data size: 2656 Basic stats: COMPLETE Column stats: NONE
                       File Output Operator
                         compressed: false
+                        Statistics: Num rows: 250 Data size: 2656 Basic stats: COMPLETE Column stats: NONE
                         table:
                             input format: org.apache.hadoop.mapred.TextInputFormat
                             output format: org.apache.hadoop.hive.ql.io.HiveIgnoreKeyTextOutputFormat
@@ -2279,11 +2400,14 @@ STAGE PLANS:
                 TableScan
                   Filter Operator
                     predicate: (key = 4) (type: boolean)
+                    Statistics: Num rows: 250 Data size: 2656 Basic stats: COMPLETE Column stats: NONE
                     Select Operator
                       expressions: '4' (type: string), value (type: string)
                       outputColumnNames: _col0, _col1
+                      Statistics: Num rows: 250 Data size: 2656 Basic stats: COMPLETE Column stats: NONE
                       File Output Operator
                         compressed: false
+                        Statistics: Num rows: 250 Data size: 2656 Basic stats: COMPLETE Column stats: NONE
                         table:
                             input format: org.apache.hadoop.mapred.TextInputFormat
                             output format: org.apache.hadoop.hive.ql.io.HiveIgnoreKeyTextOutputFormat
@@ -2334,6 +2458,7 @@ STAGE PLANS:
             Map Operator Tree:
                 TableScan
                   alias: src
+                  Statistics: Num rows: 500 Data size: 5312 Basic stats: COMPLETE Column stats: NONE
                   File Output Operator
                     compressed: false
                     table:
@@ -2350,11 +2475,14 @@ STAGE PLANS:
                 TableScan
                   Filter Operator
                     predicate: (key = 0) (type: boolean)
+                    Statistics: Num rows: 250 Data size: 2656 Basic stats: COMPLETE Column stats: NONE
                     Select Operator
                       expressions: '0' (type: string), value (type: string)
                       outputColumnNames: _col0, _col1
+                      Statistics: Num rows: 250 Data size: 2656 Basic stats: COMPLETE Column stats: NONE
                       File Output Operator
                         compressed: false
+                        Statistics: Num rows: 250 Data size: 2656 Basic stats: COMPLETE Column stats: NONE
                         table:
                             input format: org.apache.hadoop.mapred.TextInputFormat
                             output format: org.apache.hadoop.hive.ql.io.HiveIgnoreKeyTextOutputFormat
@@ -2378,11 +2506,14 @@ STAGE PLANS:
                 TableScan
                   Filter Operator
                     predicate: (key = 2) (type: boolean)
+                    Statistics: Num rows: 250 Data size: 2656 Basic stats: COMPLETE Column stats: NONE
                     Select Operator
                       expressions: '2' (type: string), value (type: string)
                       outputColumnNames: _col0, _col1
+                      Statistics: Num rows: 250 Data size: 2656 Basic stats: COMPLETE Column stats: NONE
                       File Output Operator
                         compressed: false
+                        Statistics: Num rows: 250 Data size: 2656 Basic stats: COMPLETE Column stats: NONE
                         table:
                             input format: org.apache.hadoop.mapred.TextInputFormat
                             output format: org.apache.hadoop.hive.ql.io.HiveIgnoreKeyTextOutputFormat
@@ -2403,11 +2534,14 @@ STAGE PLANS:
                 TableScan
                   Filter Operator
                     predicate: (key = 4) (type: boolean)
+                    Statistics: Num rows: 250 Data size: 2656 Basic stats: COMPLETE Column stats: NONE
                     Select Operator
                       expressions: '4' (type: string), value (type: string)
                       outputColumnNames: _col0, _col1
+                      Statistics: Num rows: 250 Data size: 2656 Basic stats: COMPLETE Column stats: NONE
                       File Output Operator
                         compressed: false
+                        Statistics: Num rows: 250 Data size: 2656 Basic stats: COMPLETE Column stats: NONE
                         table:
                             input format: org.apache.hadoop.mapred.TextInputFormat
                             output format: org.apache.hadoop.hive.ql.io.HiveIgnoreKeyTextOutputFormat
@@ -2458,6 +2592,7 @@ STAGE PLANS:
             Map Operator Tree:
                 TableScan
                   alias: src
+                  Statistics: Num rows: 500 Data size: 5312 Basic stats: COMPLETE Column stats: NONE
                   File Output Operator
                     compressed: false
                     table:
@@ -2474,11 +2609,14 @@ STAGE PLANS:
                 TableScan
                   Filter Operator
                     predicate: (key = 0) (type: boolean)
+                    Statistics: Num rows: 250 Data size: 2656 Basic stats: COMPLETE Column stats: NONE
                     Select Operator
                       expressions: '0' (type: string), value (type: string)
                       outputColumnNames: _col0, _col1
+                      Statistics: Num rows: 250 Data size: 2656 Basic stats: COMPLETE Column stats: NONE
                       File Output Operator
                         compressed: false
+                        Statistics: Num rows: 250 Data size: 2656 Basic stats: COMPLETE Column stats: NONE
                         table:
                             input format: org.apache.hadoop.mapred.TextInputFormat
                             output format: org.apache.hadoop.hive.ql.io.HiveIgnoreKeyTextOutputFormat
@@ -2502,11 +2640,14 @@ STAGE PLANS:
                 TableScan
                   Filter Operator
                     predicate: (key = 2) (type: boolean)
+                    Statistics: Num rows: 250 Data size: 2656 Basic stats: COMPLETE Column stats: NONE
                     Select Operator
                       expressions: '2' (type: string), value (type: string)
                       outputColumnNames: _col0, _col1
+                      Statistics: Num rows: 250 Data size: 2656 Basic stats: COMPLETE Column stats: NONE
                       File Output Operator
                         compressed: false
+                        Statistics: Num rows: 250 Data size: 2656 Basic stats: COMPLETE Column stats: NONE
                         table:
                             input format: org.apache.hadoop.mapred.TextInputFormat
                             output format: org.apache.hadoop.hive.ql.io.HiveIgnoreKeyTextOutputFormat
@@ -2527,11 +2668,14 @@ STAGE PLANS:
                 TableScan
                   Filter Operator
                     predicate: (key = 4) (type: boolean)
+                    Statistics: Num rows: 250 Data size: 2656 Basic stats: COMPLETE Column stats: NONE
                     Select Operator
                       expressions: '4' (type: string), value (type: string)
                       outputColumnNames: _col0, _col1
+                      Statistics: Num rows: 250 Data size: 2656 Basic stats: COMPLETE Column stats: NONE
                       File Output Operator
                         compressed: false
+                        Statistics: Num rows: 250 Data size: 2656 Basic stats: COMPLETE Column stats: NONE
                         table:
                             input format: org.apache.hadoop.mapred.TextInputFormat
                             output format: org.apache.hadoop.hive.ql.io.HiveIgnoreKeyTextOutputFormat
diff --git a/ql/src/test/results/clientpositive/spark/multi_insert_gby.q.out b/ql/src/test/results/clientpositive/spark/multi_insert_gby.q.out
index 6febe9d10f..7d6d58b580 100644
--- a/ql/src/test/results/clientpositive/spark/multi_insert_gby.q.out
+++ b/ql/src/test/results/clientpositive/spark/multi_insert_gby.q.out
@@ -51,30 +51,39 @@ STAGE PLANS:
             Map Operator Tree:
                 TableScan
                   alias: src
+                  Statistics: Num rows: 500 Data size: 5312 Basic stats: COMPLETE Column stats: NONE
                   Filter Operator
                     predicate: ((key > 450) or (key > 500)) (type: boolean)
+                    Statistics: Num rows: 332 Data size: 3527 Basic stats: COMPLETE Column stats: NONE
                     Select Operator
                       expressions: key (type: string)
                       outputColumnNames: key
+                      Statistics: Num rows: 332 Data size: 3527 Basic stats: COMPLETE Column stats: NONE
                       Reduce Output Operator
                         key expressions: key (type: string)
                         sort order: +
                         Map-reduce partition columns: key (type: string)
+                        Statistics: Num rows: 332 Data size: 3527 Basic stats: COMPLETE Column stats: NONE
         Reducer 2 
             Reduce Operator Tree:
               Forward
+                Statistics: Num rows: 332 Data size: 3527 Basic stats: COMPLETE Column stats: NONE
                 Filter Operator
                   predicate: (KEY._col0 > 450) (type: boolean)
+                  Statistics: Num rows: 110 Data size: 1168 Basic stats: COMPLETE Column stats: NONE
                   Group By Operator
                     aggregations: count()
                     keys: KEY._col0 (type: string)
                     mode: complete
                     outputColumnNames: _col0, _col1
+                    Statistics: Num rows: 55 Data size: 584 Basic stats: COMPLETE Column stats: NONE
                     Select Operator
                       expressions: _col0 (type: string), UDFToInteger(_col1) (type: int)
                       outputColumnNames: _col0, _col1
+                      Statistics: Num rows: 55 Data size: 584 Basic stats: COMPLETE Column stats: NONE
                       File Output Operator
                         compressed: false
+                        Statistics: Num rows: 55 Data size: 584 Basic stats: COMPLETE Column stats: NONE
                         table:
                             input format: org.apache.hadoop.mapred.TextInputFormat
                             output format: org.apache.hadoop.hive.ql.io.HiveIgnoreKeyTextOutputFormat
@@ -82,16 +91,20 @@ STAGE PLANS:
                             name: default.e1
                 Filter Operator
                   predicate: (KEY._col0 > 500) (type: boolean)
+                  Statistics: Num rows: 110 Data size: 1168 Basic stats: COMPLETE Column stats: NONE
                   Group By Operator
                     aggregations: count()
                     keys: KEY._col0 (type: string)
                     mode: complete
                     outputColumnNames: _col0, _col1
+                    Statistics: Num rows: 55 Data size: 584 Basic stats: COMPLETE Column stats: NONE
                     Select Operator
                       expressions: _col0 (type: string), UDFToInteger(_col1) (type: int)
                       outputColumnNames: _col0, _col1
+                      Statistics: Num rows: 55 Data size: 584 Basic stats: COMPLETE Column stats: NONE
                       File Output Operator
                         compressed: false
+                        Statistics: Num rows: 55 Data size: 584 Basic stats: COMPLETE Column stats: NONE
                         table:
                             input format: org.apache.hadoop.mapred.TextInputFormat
                             output format: org.apache.hadoop.hive.ql.io.HiveIgnoreKeyTextOutputFormat
@@ -235,28 +248,36 @@ STAGE PLANS:
             Map Operator Tree:
                 TableScan
                   alias: src
+                  Statistics: Num rows: 500 Data size: 5312 Basic stats: COMPLETE Column stats: NONE
                   Select Operator
                     expressions: key (type: string)
                     outputColumnNames: key
+                    Statistics: Num rows: 500 Data size: 5312 Basic stats: COMPLETE Column stats: NONE
                     Reduce Output Operator
                       key expressions: key (type: string)
                       sort order: +
                       Map-reduce partition columns: key (type: string)
+                      Statistics: Num rows: 500 Data size: 5312 Basic stats: COMPLETE Column stats: NONE
         Reducer 2 
             Reduce Operator Tree:
               Forward
+                Statistics: Num rows: 500 Data size: 5312 Basic stats: COMPLETE Column stats: NONE
                 Filter Operator
                   predicate: (KEY._col0 > 450) (type: boolean)
+                  Statistics: Num rows: 166 Data size: 1763 Basic stats: COMPLETE Column stats: NONE
                   Group By Operator
                     aggregations: count()
                     keys: KEY._col0 (type: string)
                     mode: complete
                     outputColumnNames: _col0, _col1
+                    Statistics: Num rows: 83 Data size: 881 Basic stats: COMPLETE Column stats: NONE
                     Select Operator
                       expressions: _col0 (type: string), UDFToInteger(_col1) (type: int)
                       outputColumnNames: _col0, _col1
+                      Statistics: Num rows: 83 Data size: 881 Basic stats: COMPLETE Column stats: NONE
                       File Output Operator
                         compressed: false
+                        Statistics: Num rows: 83 Data size: 881 Basic stats: COMPLETE Column stats: NONE
                         table:
                             input format: org.apache.hadoop.mapred.TextInputFormat
                             output format: org.apache.hadoop.hive.ql.io.HiveIgnoreKeyTextOutputFormat
@@ -267,11 +288,14 @@ STAGE PLANS:
                   keys: KEY._col0 (type: string)
                   mode: complete
                   outputColumnNames: _col0, _col1
+                  Statistics: Num rows: 250 Data size: 2656 Basic stats: COMPLETE Column stats: NONE
                   Select Operator
                     expressions: _col0 (type: string), UDFToInteger(_col1) (type: int)
                     outputColumnNames: _col0, _col1
+                    Statistics: Num rows: 250 Data size: 2656 Basic stats: COMPLETE Column stats: NONE
                     File Output Operator
                       compressed: false
+                      Statistics: Num rows: 250 Data size: 2656 Basic stats: COMPLETE Column stats: NONE
                       table:
                           input format: org.apache.hadoop.mapred.TextInputFormat
                           output format: org.apache.hadoop.hive.ql.io.HiveIgnoreKeyTextOutputFormat
diff --git a/ql/src/test/results/clientpositive/spark/multi_insert_gby2.q.out b/ql/src/test/results/clientpositive/spark/multi_insert_gby2.q.out
index 670c81d6a6..fca3e1dae7 100644
--- a/ql/src/test/results/clientpositive/spark/multi_insert_gby2.q.out
+++ b/ql/src/test/results/clientpositive/spark/multi_insert_gby2.q.out
@@ -50,33 +50,42 @@ STAGE PLANS:
             Map Operator Tree:
                 TableScan
                   alias: src
+                  Statistics: Num rows: 500 Data size: 5312 Basic stats: COMPLETE Column stats: NONE
                   Select Operator
                     expressions: key (type: string), UDFToDouble(key) (type: double)
                     outputColumnNames: _col0, _col1
+                    Statistics: Num rows: 500 Data size: 5312 Basic stats: COMPLETE Column stats: NONE
                     Reduce Output Operator
                       key expressions: _col0 (type: string)
                       sort order: +
+                      Statistics: Num rows: 500 Data size: 5312 Basic stats: COMPLETE Column stats: NONE
                       value expressions: _col1 (type: double)
         Reducer 2 
             Reduce Operator Tree:
               Select Operator
                 expressions: VALUE._col0 (type: double)
                 outputColumnNames: _col1
+                Statistics: Num rows: 500 Data size: 5312 Basic stats: COMPLETE Column stats: NONE
                 Reduce Output Operator
                   sort order: 
+                  Statistics: Num rows: 500 Data size: 5312 Basic stats: COMPLETE Column stats: NONE
                   value expressions: _col1 (type: double)
         Reducer 3 
             Reduce Operator Tree:
               Forward
+                Statistics: Num rows: 500 Data size: 5312 Basic stats: COMPLETE Column stats: NONE
                 Group By Operator
                   aggregations: count()
                   mode: complete
                   outputColumnNames: _col0
+                  Statistics: Num rows: 1 Data size: 8 Basic stats: COMPLETE Column stats: NONE
                   Select Operator
                     expressions: UDFToInteger(_col0) (type: int)
                     outputColumnNames: _col0
+                    Statistics: Num rows: 1 Data size: 8 Basic stats: COMPLETE Column stats: NONE
                     File Output Operator
                       compressed: false
+                      Statistics: Num rows: 1 Data size: 8 Basic stats: COMPLETE Column stats: NONE
                       table:
                           input format: org.apache.hadoop.mapred.TextInputFormat
                           output format: org.apache.hadoop.hive.ql.io.HiveIgnoreKeyTextOutputFormat
@@ -86,11 +95,14 @@ STAGE PLANS:
                   aggregations: percentile_approx(VALUE._col0, 0.5)
                   mode: complete
                   outputColumnNames: _col0
+                  Statistics: Num rows: 1 Data size: 8 Basic stats: COMPLETE Column stats: NONE
                   Select Operator
                     expressions: _col0 (type: double)
                     outputColumnNames: _col0
+                    Statistics: Num rows: 1 Data size: 8 Basic stats: COMPLETE Column stats: NONE
                     File Output Operator
                       compressed: false
+                      Statistics: Num rows: 1 Data size: 8 Basic stats: COMPLETE Column stats: NONE
                       table:
                           input format: org.apache.hadoop.mapred.TextInputFormat
                           output format: org.apache.hadoop.hive.ql.io.HiveIgnoreKeyTextOutputFormat
diff --git a/ql/src/test/results/clientpositive/spark/multi_insert_gby3.q.out b/ql/src/test/results/clientpositive/spark/multi_insert_gby3.q.out
index 280a893e80..903e966701 100644
--- a/ql/src/test/results/clientpositive/spark/multi_insert_gby3.q.out
+++ b/ql/src/test/results/clientpositive/spark/multi_insert_gby3.q.out
@@ -56,36 +56,45 @@ STAGE PLANS:
             Map Operator Tree:
                 TableScan
                   alias: src
+                  Statistics: Num rows: 500 Data size: 5312 Basic stats: COMPLETE Column stats: NONE
                   Select Operator
                     expressions: key (type: string), UDFToDouble(key) (type: double), value (type: string)
                     outputColumnNames: _col0, _col1, _col2
+                    Statistics: Num rows: 500 Data size: 5312 Basic stats: COMPLETE Column stats: NONE
                     Reduce Output Operator
                       key expressions: _col0 (type: string)
                       sort order: +
+                      Statistics: Num rows: 500 Data size: 5312 Basic stats: COMPLETE Column stats: NONE
                       value expressions: _col1 (type: double), _col2 (type: string)
         Reducer 2 
             Reduce Operator Tree:
               Select Operator
                 expressions: KEY.reducesinkkey0 (type: string), VALUE._col0 (type: double), VALUE._col1 (type: string)
                 outputColumnNames: _col0, _col1, _col2
+                Statistics: Num rows: 500 Data size: 5312 Basic stats: COMPLETE Column stats: NONE
                 Reduce Output Operator
                   key expressions: _col0 (type: string), _col2 (type: string)
                   sort order: ++
                   Map-reduce partition columns: _col0 (type: string)
+                  Statistics: Num rows: 500 Data size: 5312 Basic stats: COMPLETE Column stats: NONE
                   value expressions: _col1 (type: double)
         Reducer 3 
             Reduce Operator Tree:
               Forward
+                Statistics: Num rows: 500 Data size: 5312 Basic stats: COMPLETE Column stats: NONE
                 Group By Operator
                   aggregations: count(DISTINCT KEY._col1:0._col0)
                   keys: KEY._col0 (type: string)
                   mode: complete
                   outputColumnNames: _col0, _col1
+                  Statistics: Num rows: 250 Data size: 2656 Basic stats: COMPLETE Column stats: NONE
                   Select Operator
                     expressions: _col0 (type: string), UDFToDouble(_col1) (type: double)
                     outputColumnNames: _col0, _col1
+                    Statistics: Num rows: 250 Data size: 2656 Basic stats: COMPLETE Column stats: NONE
                     File Output Operator
                       compressed: false
+                      Statistics: Num rows: 250 Data size: 2656 Basic stats: COMPLETE Column stats: NONE
                       table:
                           input format: org.apache.hadoop.mapred.TextInputFormat
                           output format: org.apache.hadoop.hive.ql.io.HiveIgnoreKeyTextOutputFormat
@@ -96,11 +105,14 @@ STAGE PLANS:
                   keys: KEY._col0 (type: string), KEY._col1:0._col0 (type: string)
                   mode: complete
                   outputColumnNames: _col0, _col1, _col2
+                  Statistics: Num rows: 250 Data size: 2656 Basic stats: COMPLETE Column stats: NONE
                   Select Operator
                     expressions: _col0 (type: string), _col2 (type: double), _col1 (type: string)
                     outputColumnNames: _col0, _col1, _col2
+                    Statistics: Num rows: 250 Data size: 2656 Basic stats: COMPLETE Column stats: NONE
                     File Output Operator
                       compressed: false
+                      Statistics: Num rows: 250 Data size: 2656 Basic stats: COMPLETE Column stats: NONE
                       table:
                           input format: org.apache.hadoop.mapred.TextInputFormat
                           output format: org.apache.hadoop.hive.ql.io.HiveIgnoreKeyTextOutputFormat
@@ -170,36 +182,45 @@ STAGE PLANS:
             Map Operator Tree:
                 TableScan
                   alias: src
+                  Statistics: Num rows: 500 Data size: 5312 Basic stats: COMPLETE Column stats: NONE
                   Select Operator
                     expressions: key (type: string), UDFToDouble(key) (type: double), value (type: string)
                     outputColumnNames: _col0, _col1, _col2
+                    Statistics: Num rows: 500 Data size: 5312 Basic stats: COMPLETE Column stats: NONE
                     Reduce Output Operator
                       key expressions: _col0 (type: string)
                       sort order: +
+                      Statistics: Num rows: 500 Data size: 5312 Basic stats: COMPLETE Column stats: NONE
                       value expressions: _col1 (type: double), _col2 (type: string)
         Reducer 2 
             Reduce Operator Tree:
               Select Operator
                 expressions: KEY.reducesinkkey0 (type: string), VALUE._col0 (type: double), VALUE._col1 (type: string)
                 outputColumnNames: _col0, _col1, _col2
+                Statistics: Num rows: 500 Data size: 5312 Basic stats: COMPLETE Column stats: NONE
                 Reduce Output Operator
                   key expressions: _col0 (type: string), _col2 (type: string)
                   sort order: ++
                   Map-reduce partition columns: _col0 (type: string)
+                  Statistics: Num rows: 500 Data size: 5312 Basic stats: COMPLETE Column stats: NONE
                   value expressions: _col1 (type: double)
         Reducer 3 
             Reduce Operator Tree:
               Forward
+                Statistics: Num rows: 500 Data size: 5312 Basic stats: COMPLETE Column stats: NONE
                 Group By Operator
                   aggregations: count(DISTINCT KEY._col1:0._col0)
                   keys: KEY._col0 (type: string)
                   mode: complete
                   outputColumnNames: _col0, _col1
+                  Statistics: Num rows: 250 Data size: 2656 Basic stats: COMPLETE Column stats: NONE
                   Select Operator
                     expressions: _col0 (type: string), UDFToDouble(_col1) (type: double)
                     outputColumnNames: _col0, _col1
+                    Statistics: Num rows: 250 Data size: 2656 Basic stats: COMPLETE Column stats: NONE
                     File Output Operator
                       compressed: false
+                      Statistics: Num rows: 250 Data size: 2656 Basic stats: COMPLETE Column stats: NONE
                       table:
                           input format: org.apache.hadoop.mapred.TextInputFormat
                           output format: org.apache.hadoop.hive.ql.io.HiveIgnoreKeyTextOutputFormat
@@ -210,11 +231,14 @@ STAGE PLANS:
                   keys: KEY._col0 (type: string), KEY._col1:0._col0 (type: string)
                   mode: complete
                   outputColumnNames: _col0, _col1, _col2
+                  Statistics: Num rows: 250 Data size: 2656 Basic stats: COMPLETE Column stats: NONE
                   Select Operator
                     expressions: _col0 (type: string), _col2 (type: double), _col1 (type: string)
                     outputColumnNames: _col0, _col1, _col2
+                    Statistics: Num rows: 250 Data size: 2656 Basic stats: COMPLETE Column stats: NONE
                     File Output Operator
                       compressed: false
+                      Statistics: Num rows: 250 Data size: 2656 Basic stats: COMPLETE Column stats: NONE
                       table:
                           input format: org.apache.hadoop.mapred.TextInputFormat
                           output format: org.apache.hadoop.hive.ql.io.HiveIgnoreKeyTextOutputFormat
@@ -1601,6 +1625,7 @@ STAGE PLANS:
             Map Operator Tree:
                 TableScan
                   alias: src
+                  Statistics: Num rows: 500 Data size: 5312 Basic stats: COMPLETE Column stats: NONE
                   File Output Operator
                     compressed: false
                     table:
@@ -1620,15 +1645,18 @@ STAGE PLANS:
                   Select Operator
                     expressions: key (type: string), value (type: string)
                     outputColumnNames: key, value
+                    Statistics: Num rows: 500 Data size: 5312 Basic stats: COMPLETE Column stats: NONE
                     Group By Operator
                       aggregations: count(DISTINCT value)
                       keys: key (type: string), value (type: string)
                       mode: hash
                       outputColumnNames: _col0, _col1, _col2
+                      Statistics: Num rows: 500 Data size: 5312 Basic stats: COMPLETE Column stats: NONE
                       Reduce Output Operator
                         key expressions: _col0 (type: string), _col1 (type: string)
                         sort order: ++
                         Map-reduce partition columns: _col0 (type: string)
+                        Statistics: Num rows: 500 Data size: 5312 Basic stats: COMPLETE Column stats: NONE
         Reducer 4 
             Reduce Operator Tree:
               Group By Operator
@@ -1636,11 +1664,14 @@ STAGE PLANS:
                 keys: KEY._col0 (type: string)
                 mode: mergepartial
                 outputColumnNames: _col0, _col1
+                Statistics: Num rows: 250 Data size: 2656 Basic stats: COMPLETE Column stats: NONE
                 Select Operator
                   expressions: _col0 (type: string), UDFToDouble(_col1) (type: double)
                   outputColumnNames: _col0, _col1
+                  Statistics: Num rows: 250 Data size: 2656 Basic stats: COMPLETE Column stats: NONE
                   File Output Operator
                     compressed: false
+                    Statistics: Num rows: 250 Data size: 2656 Basic stats: COMPLETE Column stats: NONE
                     table:
                         input format: org.apache.hadoop.mapred.TextInputFormat
                         output format: org.apache.hadoop.hive.ql.io.HiveIgnoreKeyTextOutputFormat
@@ -1688,15 +1719,18 @@ STAGE PLANS:
                   Select Operator
                     expressions: value (type: string), key (type: string)
                     outputColumnNames: value, key
+                    Statistics: Num rows: 500 Data size: 5312 Basic stats: COMPLETE Column stats: NONE
                     Group By Operator
                       aggregations: count(DISTINCT key)
                       keys: value (type: string), key (type: string)
                       mode: hash
                       outputColumnNames: _col0, _col1, _col2
+                      Statistics: Num rows: 500 Data size: 5312 Basic stats: COMPLETE Column stats: NONE
                       Reduce Output Operator
                         key expressions: _col0 (type: string), _col1 (type: string)
                         sort order: ++
                         Map-reduce partition columns: _col0 (type: string)
+                        Statistics: Num rows: 500 Data size: 5312 Basic stats: COMPLETE Column stats: NONE
         Reducer 5 
             Reduce Operator Tree:
               Group By Operator
@@ -1704,11 +1738,14 @@ STAGE PLANS:
                 keys: KEY._col0 (type: string)
                 mode: mergepartial
                 outputColumnNames: _col0, _col1
+                Statistics: Num rows: 250 Data size: 2656 Basic stats: COMPLETE Column stats: NONE
                 Select Operator
                   expressions: _col0 (type: string), UDFToDouble(_col1) (type: double)
                   outputColumnNames: _col0, _col1
+                  Statistics: Num rows: 250 Data size: 2656 Basic stats: COMPLETE Column stats: NONE
                   File Output Operator
                     compressed: false
+                    Statistics: Num rows: 250 Data size: 2656 Basic stats: COMPLETE Column stats: NONE
                     table:
                         input format: org.apache.hadoop.mapred.TextInputFormat
                         output format: org.apache.hadoop.hive.ql.io.HiveIgnoreKeyTextOutputFormat
@@ -1756,19 +1793,23 @@ STAGE PLANS:
             Map Operator Tree:
                 TableScan
                   alias: src
+                  Statistics: Num rows: 500 Data size: 5312 Basic stats: COMPLETE Column stats: NONE
                   Select Operator
                     expressions: key (type: string), UDFToDouble(key) (type: double), value (type: string)
                     outputColumnNames: _col0, _col1, _col2
+                    Statistics: Num rows: 500 Data size: 5312 Basic stats: COMPLETE Column stats: NONE
                     Reduce Output Operator
                       key expressions: _col0 (type: string), _col1 (type: double), _col2 (type: string)
                       sort order: ++++
                       Map-reduce partition columns: _col0 (type: string), _col1 (type: double), _col2 (type: string)
+                      Statistics: Num rows: 500 Data size: 5312 Basic stats: COMPLETE Column stats: NONE
                       value expressions: _col1 (type: double), _col2 (type: string)
         Reducer 4 
             Reduce Operator Tree:
               Select Operator
                 expressions: KEY.reducesinkkey0 (type: string), VALUE._col0 (type: double), VALUE._col1 (type: string)
                 outputColumnNames: _col0, _col1, _col2
+                Statistics: Num rows: 500 Data size: 5312 Basic stats: COMPLETE Column stats: NONE
                 File Output Operator
                   compressed: false
                   table:
@@ -1788,24 +1829,30 @@ STAGE PLANS:
                   Select Operator
                     expressions: _col0 (type: string), _col1 (type: double), _col2 (type: string)
                     outputColumnNames: _col0, _col1, _col2
+                    Statistics: Num rows: 500 Data size: 5312 Basic stats: COMPLETE Column stats: NONE
                     Reduce Output Operator
                       key expressions: _col0 (type: string), _col2 (type: string)
                       sort order: ++
                       Map-reduce partition columns: _col0 (type: string)
+                      Statistics: Num rows: 500 Data size: 5312 Basic stats: COMPLETE Column stats: NONE
                       value expressions: _col1 (type: double)
         Reducer 5 
             Reduce Operator Tree:
               Forward
+                Statistics: Num rows: 500 Data size: 5312 Basic stats: COMPLETE Column stats: NONE
                 Group By Operator
                   aggregations: count(DISTINCT KEY._col1:0._col0)
                   keys: KEY._col0 (type: string)
                   mode: complete
                   outputColumnNames: _col0, _col1
+                  Statistics: Num rows: 250 Data size: 2656 Basic stats: COMPLETE Column stats: NONE
                   Select Operator
                     expressions: _col0 (type: string), UDFToDouble(_col1) (type: double)
                     outputColumnNames: _col0, _col1
+                    Statistics: Num rows: 250 Data size: 2656 Basic stats: COMPLETE Column stats: NONE
                     File Output Operator
                       compressed: false
+                      Statistics: Num rows: 250 Data size: 2656 Basic stats: COMPLETE Column stats: NONE
                       table:
                           input format: org.apache.hadoop.mapred.TextInputFormat
                           output format: org.apache.hadoop.hive.ql.io.HiveIgnoreKeyTextOutputFormat
@@ -1816,11 +1863,14 @@ STAGE PLANS:
                   keys: KEY._col0 (type: string), KEY._col1:0._col0 (type: string)
                   mode: complete
                   outputColumnNames: _col0, _col1, _col2
+                  Statistics: Num rows: 250 Data size: 2656 Basic stats: COMPLETE Column stats: NONE
                   Select Operator
                     expressions: _col0 (type: string), _col2 (type: double), _col1 (type: string)
                     outputColumnNames: _col0, _col1, _col2
+                    Statistics: Num rows: 250 Data size: 2656 Basic stats: COMPLETE Column stats: NONE
                     File Output Operator
                       compressed: false
+                      Statistics: Num rows: 250 Data size: 2656 Basic stats: COMPLETE Column stats: NONE
                       table:
                           input format: org.apache.hadoop.mapred.TextInputFormat
                           output format: org.apache.hadoop.hive.ql.io.HiveIgnoreKeyTextOutputFormat
@@ -1879,16 +1929,20 @@ STAGE PLANS:
                   Select Operator
                     expressions: _col0 (type: string), _col1 (type: double), _col2 (type: string)
                     outputColumnNames: _col0, _col1, _col2
+                    Statistics: Num rows: 500 Data size: 5312 Basic stats: COMPLETE Column stats: NONE
                     Group By Operator
                       aggregations: count(DISTINCT _col1)
                       keys: _col0 (type: string), _col1 (type: double), _col2 (type: string)
                       mode: complete
                       outputColumnNames: _col0, _col1, _col2, _col3
+                      Statistics: Num rows: 250 Data size: 2656 Basic stats: COMPLETE Column stats: NONE
                       Select Operator
                         expressions: _col0 (type: string), UDFToDouble(_col3) (type: double)
                         outputColumnNames: _col0, _col1
+                        Statistics: Num rows: 250 Data size: 2656 Basic stats: COMPLETE Column stats: NONE
                         File Output Operator
                           compressed: false
+                          Statistics: Num rows: 250 Data size: 2656 Basic stats: COMPLETE Column stats: NONE
                           table:
                               input format: org.apache.hadoop.mapred.TextInputFormat
                               output format: org.apache.hadoop.hive.ql.io.HiveIgnoreKeyTextOutputFormat
diff --git a/ql/src/test/results/clientpositive/spark/multi_insert_lateral_view.q.out b/ql/src/test/results/clientpositive/spark/multi_insert_lateral_view.q.out
index b07c582cae..730fb4f5a7 100644
--- a/ql/src/test/results/clientpositive/spark/multi_insert_lateral_view.q.out
+++ b/ql/src/test/results/clientpositive/spark/multi_insert_lateral_view.q.out
@@ -76,6 +76,7 @@ STAGE PLANS:
             Map Operator Tree:
                 TableScan
                   alias: src_10
+                  Statistics: Num rows: 1 Data size: 114 Basic stats: COMPLETE Column stats: NONE
                   File Output Operator
                     compressed: false
                     table:
@@ -91,16 +92,21 @@ STAGE PLANS:
             Map Operator Tree:
                 TableScan
                   Lateral View Forward
+                    Statistics: Num rows: 1 Data size: 114 Basic stats: COMPLETE Column stats: NONE
                     Select Operator
                       expressions: key (type: string)
                       outputColumnNames: key
+                      Statistics: Num rows: 1 Data size: 114 Basic stats: COMPLETE Column stats: NONE
                       Lateral View Join Operator
                         outputColumnNames: _col0, _col5
+                        Statistics: Num rows: 2 Data size: 228 Basic stats: COMPLETE Column stats: NONE
                         Select Operator
                           expressions: _col0 (type: string), _col5 (type: double)
                           outputColumnNames: _col0, _col1
+                          Statistics: Num rows: 2 Data size: 228 Basic stats: COMPLETE Column stats: NONE
                           File Output Operator
                             compressed: false
+                            Statistics: Num rows: 2 Data size: 228 Basic stats: COMPLETE Column stats: NONE
                             table:
                                 input format: org.apache.hadoop.mapred.TextInputFormat
                                 output format: org.apache.hadoop.hive.ql.io.HiveIgnoreKeyTextOutputFormat
@@ -109,15 +115,20 @@ STAGE PLANS:
                     Select Operator
                       expressions: array((key + 1),(key + 2)) (type: array<double>)
                       outputColumnNames: _col0
+                      Statistics: Num rows: 1 Data size: 114 Basic stats: COMPLETE Column stats: NONE
                       UDTF Operator
+                        Statistics: Num rows: 1 Data size: 114 Basic stats: COMPLETE Column stats: NONE
                         function name: explode
                         Lateral View Join Operator
                           outputColumnNames: _col0, _col5
+                          Statistics: Num rows: 2 Data size: 228 Basic stats: COMPLETE Column stats: NONE
                           Select Operator
                             expressions: _col0 (type: string), _col5 (type: double)
                             outputColumnNames: _col0, _col1
+                            Statistics: Num rows: 2 Data size: 228 Basic stats: COMPLETE Column stats: NONE
                             File Output Operator
                               compressed: false
+                              Statistics: Num rows: 2 Data size: 228 Basic stats: COMPLETE Column stats: NONE
                               table:
                                   input format: org.apache.hadoop.mapred.TextInputFormat
                                   output format: org.apache.hadoop.hive.ql.io.HiveIgnoreKeyTextOutputFormat
@@ -161,16 +172,21 @@ STAGE PLANS:
             Map Operator Tree:
                 TableScan
                   Lateral View Forward
+                    Statistics: Num rows: 1 Data size: 114 Basic stats: COMPLETE Column stats: NONE
                     Select Operator
                       expressions: key (type: string)
                       outputColumnNames: key
+                      Statistics: Num rows: 1 Data size: 114 Basic stats: COMPLETE Column stats: NONE
                       Lateral View Join Operator
                         outputColumnNames: _col0, _col5
+                        Statistics: Num rows: 2 Data size: 228 Basic stats: COMPLETE Column stats: NONE
                         Select Operator
                           expressions: _col0 (type: string), _col5 (type: double)
                           outputColumnNames: _col0, _col1
+                          Statistics: Num rows: 2 Data size: 228 Basic stats: COMPLETE Column stats: NONE
                           File Output Operator
                             compressed: false
+                            Statistics: Num rows: 2 Data size: 228 Basic stats: COMPLETE Column stats: NONE
                             table:
                                 input format: org.apache.hadoop.mapred.TextInputFormat
                                 output format: org.apache.hadoop.hive.ql.io.HiveIgnoreKeyTextOutputFormat
@@ -179,15 +195,20 @@ STAGE PLANS:
                     Select Operator
                       expressions: array((key + 3),(key + 4)) (type: array<double>)
                       outputColumnNames: _col0
+                      Statistics: Num rows: 1 Data size: 114 Basic stats: COMPLETE Column stats: NONE
                       UDTF Operator
+                        Statistics: Num rows: 1 Data size: 114 Basic stats: COMPLETE Column stats: NONE
                         function name: explode
                         Lateral View Join Operator
                           outputColumnNames: _col0, _col5
+                          Statistics: Num rows: 2 Data size: 228 Basic stats: COMPLETE Column stats: NONE
                           Select Operator
                             expressions: _col0 (type: string), _col5 (type: double)
                             outputColumnNames: _col0, _col1
+                            Statistics: Num rows: 2 Data size: 228 Basic stats: COMPLETE Column stats: NONE
                             File Output Operator
                               compressed: false
+                              Statistics: Num rows: 2 Data size: 228 Basic stats: COMPLETE Column stats: NONE
                               table:
                                   input format: org.apache.hadoop.mapred.TextInputFormat
                                   output format: org.apache.hadoop.hive.ql.io.HiveIgnoreKeyTextOutputFormat
@@ -309,6 +330,7 @@ STAGE PLANS:
             Map Operator Tree:
                 TableScan
                   alias: src_10
+                  Statistics: Num rows: 1 Data size: 114 Basic stats: COMPLETE Column stats: NONE
                   File Output Operator
                     compressed: false
                     table:
@@ -326,43 +348,55 @@ STAGE PLANS:
             Map Operator Tree:
                 TableScan
                   Lateral View Forward
+                    Statistics: Num rows: 1 Data size: 114 Basic stats: COMPLETE Column stats: NONE
                     Select Operator
                       expressions: key (type: string)
                       outputColumnNames: key
+                      Statistics: Num rows: 1 Data size: 114 Basic stats: COMPLETE Column stats: NONE
                       Lateral View Join Operator
                         outputColumnNames: _col0, _col5
+                        Statistics: Num rows: 2 Data size: 228 Basic stats: COMPLETE Column stats: NONE
                         Select Operator
                           expressions: _col0 (type: string), _col5 (type: double)
                           outputColumnNames: _col0, _col5
+                          Statistics: Num rows: 2 Data size: 228 Basic stats: COMPLETE Column stats: NONE
                           Group By Operator
                             aggregations: sum(_col5)
                             keys: _col0 (type: string)
                             mode: hash
                             outputColumnNames: _col0, _col1
+                            Statistics: Num rows: 2 Data size: 228 Basic stats: COMPLETE Column stats: NONE
                             Reduce Output Operator
                               key expressions: _col0 (type: string)
                               sort order: +
                               Map-reduce partition columns: _col0 (type: string)
+                              Statistics: Num rows: 2 Data size: 228 Basic stats: COMPLETE Column stats: NONE
                               value expressions: _col1 (type: double)
                     Select Operator
                       expressions: array((key + 1),(key + 2)) (type: array<double>)
                       outputColumnNames: _col0
+                      Statistics: Num rows: 1 Data size: 114 Basic stats: COMPLETE Column stats: NONE
                       UDTF Operator
+                        Statistics: Num rows: 1 Data size: 114 Basic stats: COMPLETE Column stats: NONE
                         function name: explode
                         Lateral View Join Operator
                           outputColumnNames: _col0, _col5
+                          Statistics: Num rows: 2 Data size: 228 Basic stats: COMPLETE Column stats: NONE
                           Select Operator
                             expressions: _col0 (type: string), _col5 (type: double)
                             outputColumnNames: _col0, _col5
+                            Statistics: Num rows: 2 Data size: 228 Basic stats: COMPLETE Column stats: NONE
                             Group By Operator
                               aggregations: sum(_col5)
                               keys: _col0 (type: string)
                               mode: hash
                               outputColumnNames: _col0, _col1
+                              Statistics: Num rows: 2 Data size: 228 Basic stats: COMPLETE Column stats: NONE
                               Reduce Output Operator
                                 key expressions: _col0 (type: string)
                                 sort order: +
                                 Map-reduce partition columns: _col0 (type: string)
+                                Statistics: Num rows: 2 Data size: 228 Basic stats: COMPLETE Column stats: NONE
                                 value expressions: _col1 (type: double)
         Reducer 4 
             Reduce Operator Tree:
@@ -371,11 +405,14 @@ STAGE PLANS:
                 keys: KEY._col0 (type: string)
                 mode: mergepartial
                 outputColumnNames: _col0, _col1
+                Statistics: Num rows: 1 Data size: 114 Basic stats: COMPLETE Column stats: NONE
                 Select Operator
                   expressions: _col0 (type: string), _col1 (type: double)
                   outputColumnNames: _col0, _col1
+                  Statistics: Num rows: 1 Data size: 114 Basic stats: COMPLETE Column stats: NONE
                   File Output Operator
                     compressed: false
+                    Statistics: Num rows: 1 Data size: 114 Basic stats: COMPLETE Column stats: NONE
                     table:
                         input format: org.apache.hadoop.mapred.TextInputFormat
                         output format: org.apache.hadoop.hive.ql.io.HiveIgnoreKeyTextOutputFormat
@@ -421,43 +458,55 @@ STAGE PLANS:
             Map Operator Tree:
                 TableScan
                   Lateral View Forward
+                    Statistics: Num rows: 1 Data size: 114 Basic stats: COMPLETE Column stats: NONE
                     Select Operator
                       expressions: key (type: string)
                       outputColumnNames: key
+                      Statistics: Num rows: 1 Data size: 114 Basic stats: COMPLETE Column stats: NONE
                       Lateral View Join Operator
                         outputColumnNames: _col0, _col5
+                        Statistics: Num rows: 2 Data size: 228 Basic stats: COMPLETE Column stats: NONE
                         Select Operator
                           expressions: _col0 (type: string), _col5 (type: double)
                           outputColumnNames: _col0, _col5
+                          Statistics: Num rows: 2 Data size: 228 Basic stats: COMPLETE Column stats: NONE
                           Group By Operator
                             aggregations: sum(_col5)
                             keys: _col0 (type: string)
                             mode: hash
                             outputColumnNames: _col0, _col1
+                            Statistics: Num rows: 2 Data size: 228 Basic stats: COMPLETE Column stats: NONE
                             Reduce Output Operator
                               key expressions: _col0 (type: string)
                               sort order: +
                               Map-reduce partition columns: _col0 (type: string)
+                              Statistics: Num rows: 2 Data size: 228 Basic stats: COMPLETE Column stats: NONE
                               value expressions: _col1 (type: double)
                     Select Operator
                       expressions: array((key + 3),(key + 4)) (type: array<double>)
                       outputColumnNames: _col0
+                      Statistics: Num rows: 1 Data size: 114 Basic stats: COMPLETE Column stats: NONE
                       UDTF Operator
+                        Statistics: Num rows: 1 Data size: 114 Basic stats: COMPLETE Column stats: NONE
                         function name: explode
                         Lateral View Join Operator
                           outputColumnNames: _col0, _col5
+                          Statistics: Num rows: 2 Data size: 228 Basic stats: COMPLETE Column stats: NONE
                           Select Operator
                             expressions: _col0 (type: string), _col5 (type: double)
                             outputColumnNames: _col0, _col5
+                            Statistics: Num rows: 2 Data size: 228 Basic stats: COMPLETE Column stats: NONE
                             Group By Operator
                               aggregations: sum(_col5)
                               keys: _col0 (type: string)
                               mode: hash
                               outputColumnNames: _col0, _col1
+                              Statistics: Num rows: 2 Data size: 228 Basic stats: COMPLETE Column stats: NONE
                               Reduce Output Operator
                                 key expressions: _col0 (type: string)
                                 sort order: +
                                 Map-reduce partition columns: _col0 (type: string)
+                                Statistics: Num rows: 2 Data size: 228 Basic stats: COMPLETE Column stats: NONE
                                 value expressions: _col1 (type: double)
         Reducer 5 
             Reduce Operator Tree:
@@ -466,11 +515,14 @@ STAGE PLANS:
                 keys: KEY._col0 (type: string)
                 mode: mergepartial
                 outputColumnNames: _col0, _col1
+                Statistics: Num rows: 1 Data size: 114 Basic stats: COMPLETE Column stats: NONE
                 Select Operator
                   expressions: _col0 (type: string), _col1 (type: double)
                   outputColumnNames: _col0, _col1
+                  Statistics: Num rows: 1 Data size: 114 Basic stats: COMPLETE Column stats: NONE
                   File Output Operator
                     compressed: false
+                    Statistics: Num rows: 1 Data size: 114 Basic stats: COMPLETE Column stats: NONE
                     table:
                         input format: org.apache.hadoop.mapred.TextInputFormat
                         output format: org.apache.hadoop.hive.ql.io.HiveIgnoreKeyTextOutputFormat
@@ -576,6 +628,7 @@ STAGE PLANS:
             Map Operator Tree:
                 TableScan
                   alias: src_10
+                  Statistics: Num rows: 0 Data size: 114 Basic stats: PARTIAL Column stats: NONE
                   File Output Operator
                     compressed: false
                     table:
@@ -593,43 +646,55 @@ STAGE PLANS:
             Map Operator Tree:
                 TableScan
                   Lateral View Forward
+                    Statistics: Num rows: 0 Data size: 114 Basic stats: PARTIAL Column stats: NONE
                     Select Operator
                       expressions: key (type: string)
                       outputColumnNames: key
+                      Statistics: Num rows: 0 Data size: 114 Basic stats: PARTIAL Column stats: NONE
                       Lateral View Join Operator
                         outputColumnNames: _col0, _col5
+                        Statistics: Num rows: 0 Data size: 228 Basic stats: PARTIAL Column stats: NONE
                         Select Operator
                           expressions: _col0 (type: string), _col5 (type: double)
                           outputColumnNames: _col0, _col5
+                          Statistics: Num rows: 0 Data size: 228 Basic stats: PARTIAL Column stats: NONE
                           Group By Operator
                             aggregations: sum(_col5)
                             keys: _col0 (type: string)
                             mode: hash
                             outputColumnNames: _col0, _col1
+                            Statistics: Num rows: 0 Data size: 0 Basic stats: NONE Column stats: NONE
                             Reduce Output Operator
                               key expressions: _col0 (type: string)
                               sort order: +
                               Map-reduce partition columns: _col0 (type: string)
+                              Statistics: Num rows: 0 Data size: 0 Basic stats: NONE Column stats: NONE
                               value expressions: _col1 (type: double)
                     Select Operator
                       expressions: array((key + 1),(key + 2)) (type: array<double>)
                       outputColumnNames: _col0
+                      Statistics: Num rows: 0 Data size: 114 Basic stats: PARTIAL Column stats: NONE
                       UDTF Operator
+                        Statistics: Num rows: 0 Data size: 114 Basic stats: PARTIAL Column stats: NONE
                         function name: explode
                         Lateral View Join Operator
                           outputColumnNames: _col0, _col5
+                          Statistics: Num rows: 0 Data size: 228 Basic stats: PARTIAL Column stats: NONE
                           Select Operator
                             expressions: _col0 (type: string), _col5 (type: double)
                             outputColumnNames: _col0, _col5
+                            Statistics: Num rows: 0 Data size: 228 Basic stats: PARTIAL Column stats: NONE
                             Group By Operator
                               aggregations: sum(_col5)
                               keys: _col0 (type: string)
                               mode: hash
                               outputColumnNames: _col0, _col1
+                              Statistics: Num rows: 0 Data size: 0 Basic stats: NONE Column stats: NONE
                               Reduce Output Operator
                                 key expressions: _col0 (type: string)
                                 sort order: +
                                 Map-reduce partition columns: _col0 (type: string)
+                                Statistics: Num rows: 0 Data size: 0 Basic stats: NONE Column stats: NONE
                                 value expressions: _col1 (type: double)
         Reducer 4 
             Reduce Operator Tree:
@@ -638,11 +703,14 @@ STAGE PLANS:
                 keys: KEY._col0 (type: string)
                 mode: mergepartial
                 outputColumnNames: _col0, _col1
+                Statistics: Num rows: 0 Data size: 0 Basic stats: NONE Column stats: NONE
                 Select Operator
                   expressions: _col0 (type: string), _col1 (type: double)
                   outputColumnNames: _col0, _col1
+                  Statistics: Num rows: 0 Data size: 0 Basic stats: NONE Column stats: NONE
                   File Output Operator
                     compressed: false
+                    Statistics: Num rows: 0 Data size: 0 Basic stats: NONE Column stats: NONE
                     table:
                         input format: org.apache.hadoop.mapred.TextInputFormat
                         output format: org.apache.hadoop.hive.ql.io.HiveIgnoreKeyTextOutputFormat
@@ -702,29 +770,37 @@ STAGE PLANS:
                 TableScan
                   Filter Operator
                     predicate: ((key > 200) or (key < 200)) (type: boolean)
+                    Statistics: Num rows: 0 Data size: 0 Basic stats: NONE Column stats: NONE
                     Select Operator
                       expressions: key (type: string), value (type: string)
                       outputColumnNames: key, value
+                      Statistics: Num rows: 0 Data size: 0 Basic stats: NONE Column stats: NONE
                       Reduce Output Operator
                         key expressions: key (type: string)
                         sort order: +
                         Map-reduce partition columns: key (type: string)
+                        Statistics: Num rows: 0 Data size: 0 Basic stats: NONE Column stats: NONE
                         value expressions: value (type: string)
         Reducer 5 
             Reduce Operator Tree:
               Forward
+                Statistics: Num rows: 0 Data size: 0 Basic stats: NONE Column stats: NONE
                 Filter Operator
                   predicate: (KEY._col0 > 200) (type: boolean)
+                  Statistics: Num rows: 0 Data size: 0 Basic stats: NONE Column stats: NONE
                   Group By Operator
                     aggregations: count(VALUE._col0)
                     keys: KEY._col0 (type: string)
                     mode: complete
                     outputColumnNames: _col0, _col1
+                    Statistics: Num rows: 0 Data size: 0 Basic stats: NONE Column stats: NONE
                     Select Operator
                       expressions: _col0 (type: string), _col1 (type: bigint)
                       outputColumnNames: _col0, _col1
+                      Statistics: Num rows: 0 Data size: 0 Basic stats: NONE Column stats: NONE
                       File Output Operator
                         compressed: false
+                        Statistics: Num rows: 0 Data size: 0 Basic stats: NONE Column stats: NONE
                         table:
                             input format: org.apache.hadoop.mapred.TextInputFormat
                             output format: org.apache.hadoop.hive.ql.io.HiveIgnoreKeyTextOutputFormat
@@ -732,16 +808,20 @@ STAGE PLANS:
                             name: default.src_lv2
                 Filter Operator
                   predicate: (KEY._col0 < 200) (type: boolean)
+                  Statistics: Num rows: 0 Data size: 0 Basic stats: NONE Column stats: NONE
                   Group By Operator
                     aggregations: count(VALUE._col0)
                     keys: KEY._col0 (type: string)
                     mode: complete
                     outputColumnNames: _col0, _col1
+                    Statistics: Num rows: 0 Data size: 0 Basic stats: NONE Column stats: NONE
                     Select Operator
                       expressions: _col0 (type: string), _col1 (type: bigint)
                       outputColumnNames: _col0, _col1
+                      Statistics: Num rows: 0 Data size: 0 Basic stats: NONE Column stats: NONE
                       File Output Operator
                         compressed: false
+                        Statistics: Num rows: 0 Data size: 0 Basic stats: NONE Column stats: NONE
                         table:
                             input format: org.apache.hadoop.mapred.TextInputFormat
                             output format: org.apache.hadoop.hive.ql.io.HiveIgnoreKeyTextOutputFormat
@@ -867,6 +947,7 @@ STAGE PLANS:
             Map Operator Tree:
                 TableScan
                   alias: src_10
+                  Statistics: Num rows: 0 Data size: 114 Basic stats: PARTIAL Column stats: NONE
                   File Output Operator
                     compressed: false
                     table:
@@ -884,42 +965,54 @@ STAGE PLANS:
             Map Operator Tree:
                 TableScan
                   Lateral View Forward
+                    Statistics: Num rows: 0 Data size: 114 Basic stats: PARTIAL Column stats: NONE
                     Select Operator
                       expressions: key (type: string)
                       outputColumnNames: key
+                      Statistics: Num rows: 0 Data size: 114 Basic stats: PARTIAL Column stats: NONE
                       Lateral View Join Operator
                         outputColumnNames: _col0, _col5
+                        Statistics: Num rows: 0 Data size: 228 Basic stats: PARTIAL Column stats: NONE
                         Select Operator
                           expressions: _col5 (type: double), _col0 (type: string)
                           outputColumnNames: _col5, _col0
+                          Statistics: Num rows: 0 Data size: 228 Basic stats: PARTIAL Column stats: NONE
                           Group By Operator
                             aggregations: sum(DISTINCT _col0)
                             keys: _col5 (type: double), _col0 (type: string)
                             mode: hash
                             outputColumnNames: _col0, _col1, _col2
+                            Statistics: Num rows: 0 Data size: 0 Basic stats: NONE Column stats: NONE
                             Reduce Output Operator
                               key expressions: _col0 (type: double), _col1 (type: string)
                               sort order: ++
                               Map-reduce partition columns: _col0 (type: double)
+                              Statistics: Num rows: 0 Data size: 0 Basic stats: NONE Column stats: NONE
                     Select Operator
                       expressions: array((key + 1),(key + 2)) (type: array<double>)
                       outputColumnNames: _col0
+                      Statistics: Num rows: 0 Data size: 114 Basic stats: PARTIAL Column stats: NONE
                       UDTF Operator
+                        Statistics: Num rows: 0 Data size: 114 Basic stats: PARTIAL Column stats: NONE
                         function name: explode
                         Lateral View Join Operator
                           outputColumnNames: _col0, _col5
+                          Statistics: Num rows: 0 Data size: 228 Basic stats: PARTIAL Column stats: NONE
                           Select Operator
                             expressions: _col5 (type: double), _col0 (type: string)
                             outputColumnNames: _col5, _col0
+                            Statistics: Num rows: 0 Data size: 228 Basic stats: PARTIAL Column stats: NONE
                             Group By Operator
                               aggregations: sum(DISTINCT _col0)
                               keys: _col5 (type: double), _col0 (type: string)
                               mode: hash
                               outputColumnNames: _col0, _col1, _col2
+                              Statistics: Num rows: 0 Data size: 0 Basic stats: NONE Column stats: NONE
                               Reduce Output Operator
                                 key expressions: _col0 (type: double), _col1 (type: string)
                                 sort order: ++
                                 Map-reduce partition columns: _col0 (type: double)
+                                Statistics: Num rows: 0 Data size: 0 Basic stats: NONE Column stats: NONE
         Reducer 5 
             Reduce Operator Tree:
               Group By Operator
@@ -927,11 +1020,14 @@ STAGE PLANS:
                 keys: KEY._col0 (type: double)
                 mode: mergepartial
                 outputColumnNames: _col0, _col1
+                Statistics: Num rows: 0 Data size: 0 Basic stats: NONE Column stats: NONE
                 Select Operator
                   expressions: _col0 (type: double), _col1 (type: double)
                   outputColumnNames: _col0, _col1
+                  Statistics: Num rows: 0 Data size: 0 Basic stats: NONE Column stats: NONE
                   File Output Operator
                     compressed: false
+                    Statistics: Num rows: 0 Data size: 0 Basic stats: NONE Column stats: NONE
                     table:
                         input format: org.apache.hadoop.mapred.TextInputFormat
                         output format: org.apache.hadoop.hive.ql.io.HiveIgnoreKeyTextOutputFormat
@@ -990,42 +1086,54 @@ STAGE PLANS:
             Map Operator Tree:
                 TableScan
                   Lateral View Forward
+                    Statistics: Num rows: 0 Data size: 114 Basic stats: PARTIAL Column stats: NONE
                     Select Operator
                       expressions: key (type: string)
                       outputColumnNames: key
+                      Statistics: Num rows: 0 Data size: 114 Basic stats: PARTIAL Column stats: NONE
                       Lateral View Join Operator
                         outputColumnNames: _col0, _col5
+                        Statistics: Num rows: 0 Data size: 228 Basic stats: PARTIAL Column stats: NONE
                         Select Operator
                           expressions: _col5 (type: double), _col0 (type: string)
                           outputColumnNames: _col5, _col0
+                          Statistics: Num rows: 0 Data size: 228 Basic stats: PARTIAL Column stats: NONE
                           Group By Operator
                             aggregations: sum(DISTINCT _col0)
                             keys: _col5 (type: double), _col0 (type: string)
                             mode: hash
                             outputColumnNames: _col0, _col1, _col2
+                            Statistics: Num rows: 0 Data size: 0 Basic stats: NONE Column stats: NONE
                             Reduce Output Operator
                               key expressions: _col0 (type: double), _col1 (type: string)
                               sort order: ++
                               Map-reduce partition columns: _col0 (type: double)
+                              Statistics: Num rows: 0 Data size: 0 Basic stats: NONE Column stats: NONE
                     Select Operator
                       expressions: array((key + 3),(key + 4)) (type: array<double>)
                       outputColumnNames: _col0
+                      Statistics: Num rows: 0 Data size: 114 Basic stats: PARTIAL Column stats: NONE
                       UDTF Operator
+                        Statistics: Num rows: 0 Data size: 114 Basic stats: PARTIAL Column stats: NONE
                         function name: explode
                         Lateral View Join Operator
                           outputColumnNames: _col0, _col5
+                          Statistics: Num rows: 0 Data size: 228 Basic stats: PARTIAL Column stats: NONE
                           Select Operator
                             expressions: _col5 (type: double), _col0 (type: string)
                             outputColumnNames: _col5, _col0
+                            Statistics: Num rows: 0 Data size: 228 Basic stats: PARTIAL Column stats: NONE
                             Group By Operator
                               aggregations: sum(DISTINCT _col0)
                               keys: _col5 (type: double), _col0 (type: string)
                               mode: hash
                               outputColumnNames: _col0, _col1, _col2
+                              Statistics: Num rows: 0 Data size: 0 Basic stats: NONE Column stats: NONE
                               Reduce Output Operator
                                 key expressions: _col0 (type: double), _col1 (type: string)
                                 sort order: ++
                                 Map-reduce partition columns: _col0 (type: double)
+                                Statistics: Num rows: 0 Data size: 0 Basic stats: NONE Column stats: NONE
         Reducer 6 
             Reduce Operator Tree:
               Group By Operator
@@ -1033,11 +1141,14 @@ STAGE PLANS:
                 keys: KEY._col0 (type: double)
                 mode: mergepartial
                 outputColumnNames: _col0, _col1
+                Statistics: Num rows: 0 Data size: 0 Basic stats: NONE Column stats: NONE
                 Select Operator
                   expressions: _col0 (type: double), _col1 (type: double)
                   outputColumnNames: _col0, _col1
+                  Statistics: Num rows: 0 Data size: 0 Basic stats: NONE Column stats: NONE
                   File Output Operator
                     compressed: false
+                    Statistics: Num rows: 0 Data size: 0 Basic stats: NONE Column stats: NONE
                     table:
                         input format: org.apache.hadoop.mapred.TextInputFormat
                         output format: org.apache.hadoop.hive.ql.io.HiveIgnoreKeyTextOutputFormat
@@ -1056,15 +1167,18 @@ STAGE PLANS:
                   Select Operator
                     expressions: value (type: string), key (type: string)
                     outputColumnNames: value, key
+                    Statistics: Num rows: 0 Data size: 114 Basic stats: PARTIAL Column stats: NONE
                     Group By Operator
                       aggregations: sum(DISTINCT key)
                       keys: value (type: string), key (type: string)
                       mode: hash
                       outputColumnNames: _col0, _col1, _col2
+                      Statistics: Num rows: 0 Data size: 0 Basic stats: NONE Column stats: NONE
                       Reduce Output Operator
                         key expressions: _col0 (type: string), _col1 (type: string)
                         sort order: ++
                         Map-reduce partition columns: _col0 (type: string)
+                        Statistics: Num rows: 0 Data size: 0 Basic stats: NONE Column stats: NONE
         Reducer 7 
             Reduce Operator Tree:
               Group By Operator
@@ -1072,11 +1186,14 @@ STAGE PLANS:
                 keys: KEY._col0 (type: string)
                 mode: mergepartial
                 outputColumnNames: _col0, _col1
+                Statistics: Num rows: 0 Data size: 0 Basic stats: NONE Column stats: NONE
                 Select Operator
                   expressions: _col0 (type: string), _col1 (type: double)
                   outputColumnNames: _col0, _col1
+                  Statistics: Num rows: 0 Data size: 0 Basic stats: NONE Column stats: NONE
                   File Output Operator
                     compressed: false
+                    Statistics: Num rows: 0 Data size: 0 Basic stats: NONE Column stats: NONE
                     table:
                         input format: org.apache.hadoop.mapred.TextInputFormat
                         output format: org.apache.hadoop.hive.ql.io.HiveIgnoreKeyTextOutputFormat
@@ -1232,6 +1349,7 @@ STAGE PLANS:
             Map Operator Tree:
                 TableScan
                   alias: src_10
+                  Statistics: Num rows: 0 Data size: 114 Basic stats: PARTIAL Column stats: NONE
                   File Output Operator
                     compressed: false
                     table:
@@ -1249,42 +1367,54 @@ STAGE PLANS:
             Map Operator Tree:
                 TableScan
                   Lateral View Forward
+                    Statistics: Num rows: 0 Data size: 114 Basic stats: PARTIAL Column stats: NONE
                     Select Operator
                       expressions: key (type: string)
                       outputColumnNames: key
+                      Statistics: Num rows: 0 Data size: 114 Basic stats: PARTIAL Column stats: NONE
                       Lateral View Join Operator
                         outputColumnNames: _col0, _col5
+                        Statistics: Num rows: 0 Data size: 228 Basic stats: PARTIAL Column stats: NONE
                         Select Operator
                           expressions: _col0 (type: string), _col5 (type: double)
                           outputColumnNames: _col0, _col5
+                          Statistics: Num rows: 0 Data size: 228 Basic stats: PARTIAL Column stats: NONE
                           Group By Operator
                             aggregations: sum(DISTINCT _col5)
                             keys: _col0 (type: string), _col5 (type: double)
                             mode: hash
                             outputColumnNames: _col0, _col1, _col2
+                            Statistics: Num rows: 0 Data size: 0 Basic stats: NONE Column stats: NONE
                             Reduce Output Operator
                               key expressions: _col0 (type: string), _col1 (type: double)
                               sort order: ++
                               Map-reduce partition columns: _col0 (type: string)
+                              Statistics: Num rows: 0 Data size: 0 Basic stats: NONE Column stats: NONE
                     Select Operator
                       expressions: array((key + 1),(key + 2)) (type: array<double>)
                       outputColumnNames: _col0
+                      Statistics: Num rows: 0 Data size: 114 Basic stats: PARTIAL Column stats: NONE
                       UDTF Operator
+                        Statistics: Num rows: 0 Data size: 114 Basic stats: PARTIAL Column stats: NONE
                         function name: explode
                         Lateral View Join Operator
                           outputColumnNames: _col0, _col5
+                          Statistics: Num rows: 0 Data size: 228 Basic stats: PARTIAL Column stats: NONE
                           Select Operator
                             expressions: _col0 (type: string), _col5 (type: double)
                             outputColumnNames: _col0, _col5
+                            Statistics: Num rows: 0 Data size: 228 Basic stats: PARTIAL Column stats: NONE
                             Group By Operator
                               aggregations: sum(DISTINCT _col5)
                               keys: _col0 (type: string), _col5 (type: double)
                               mode: hash
                               outputColumnNames: _col0, _col1, _col2
+                              Statistics: Num rows: 0 Data size: 0 Basic stats: NONE Column stats: NONE
                               Reduce Output Operator
                                 key expressions: _col0 (type: string), _col1 (type: double)
                                 sort order: ++
                                 Map-reduce partition columns: _col0 (type: string)
+                                Statistics: Num rows: 0 Data size: 0 Basic stats: NONE Column stats: NONE
         Reducer 5 
             Reduce Operator Tree:
               Group By Operator
@@ -1292,11 +1422,14 @@ STAGE PLANS:
                 keys: KEY._col0 (type: string)
                 mode: mergepartial
                 outputColumnNames: _col0, _col1
+                Statistics: Num rows: 0 Data size: 0 Basic stats: NONE Column stats: NONE
                 Select Operator
                   expressions: _col0 (type: string), _col1 (type: double)
                   outputColumnNames: _col0, _col1
+                  Statistics: Num rows: 0 Data size: 0 Basic stats: NONE Column stats: NONE
                   File Output Operator
                     compressed: false
+                    Statistics: Num rows: 0 Data size: 0 Basic stats: NONE Column stats: NONE
                     table:
                         input format: org.apache.hadoop.mapred.TextInputFormat
                         output format: org.apache.hadoop.hive.ql.io.HiveIgnoreKeyTextOutputFormat
@@ -1368,42 +1501,54 @@ STAGE PLANS:
             Map Operator Tree:
                 TableScan
                   Lateral View Forward
+                    Statistics: Num rows: 0 Data size: 114 Basic stats: PARTIAL Column stats: NONE
                     Select Operator
                       expressions: key (type: string)
                       outputColumnNames: key
+                      Statistics: Num rows: 0 Data size: 114 Basic stats: PARTIAL Column stats: NONE
                       Lateral View Join Operator
                         outputColumnNames: _col0, _col5
+                        Statistics: Num rows: 0 Data size: 228 Basic stats: PARTIAL Column stats: NONE
                         Select Operator
                           expressions: _col0 (type: string), _col5 (type: double)
                           outputColumnNames: _col0, _col5
+                          Statistics: Num rows: 0 Data size: 228 Basic stats: PARTIAL Column stats: NONE
                           Group By Operator
                             aggregations: sum(DISTINCT _col5)
                             keys: _col0 (type: string), _col5 (type: double)
                             mode: hash
                             outputColumnNames: _col0, _col1, _col2
+                            Statistics: Num rows: 0 Data size: 0 Basic stats: NONE Column stats: NONE
                             Reduce Output Operator
                               key expressions: _col0 (type: string), _col1 (type: double)
                               sort order: ++
                               Map-reduce partition columns: _col0 (type: string)
+                              Statistics: Num rows: 0 Data size: 0 Basic stats: NONE Column stats: NONE
                     Select Operator
                       expressions: array((key + 3),(key + 4)) (type: array<double>)
                       outputColumnNames: _col0
+                      Statistics: Num rows: 0 Data size: 114 Basic stats: PARTIAL Column stats: NONE
                       UDTF Operator
+                        Statistics: Num rows: 0 Data size: 114 Basic stats: PARTIAL Column stats: NONE
                         function name: explode
                         Lateral View Join Operator
                           outputColumnNames: _col0, _col5
+                          Statistics: Num rows: 0 Data size: 228 Basic stats: PARTIAL Column stats: NONE
                           Select Operator
                             expressions: _col0 (type: string), _col5 (type: double)
                             outputColumnNames: _col0, _col5
+                            Statistics: Num rows: 0 Data size: 228 Basic stats: PARTIAL Column stats: NONE
                             Group By Operator
                               aggregations: sum(DISTINCT _col5)
                               keys: _col0 (type: string), _col5 (type: double)
                               mode: hash
                               outputColumnNames: _col0, _col1, _col2
+                              Statistics: Num rows: 0 Data size: 0 Basic stats: NONE Column stats: NONE
                               Reduce Output Operator
                                 key expressions: _col0 (type: string), _col1 (type: double)
                                 sort order: ++
                                 Map-reduce partition columns: _col0 (type: string)
+                                Statistics: Num rows: 0 Data size: 0 Basic stats: NONE Column stats: NONE
         Reducer 6 
             Reduce Operator Tree:
               Group By Operator
@@ -1411,11 +1556,14 @@ STAGE PLANS:
                 keys: KEY._col0 (type: string)
                 mode: mergepartial
                 outputColumnNames: _col0, _col1
+                Statistics: Num rows: 0 Data size: 0 Basic stats: NONE Column stats: NONE
                 Select Operator
                   expressions: _col0 (type: string), _col1 (type: double)
                   outputColumnNames: _col0, _col1
+                  Statistics: Num rows: 0 Data size: 0 Basic stats: NONE Column stats: NONE
                   File Output Operator
                     compressed: false
+                    Statistics: Num rows: 0 Data size: 0 Basic stats: NONE Column stats: NONE
                     table:
                         input format: org.apache.hadoop.mapred.TextInputFormat
                         output format: org.apache.hadoop.hive.ql.io.HiveIgnoreKeyTextOutputFormat
@@ -1433,28 +1581,36 @@ STAGE PLANS:
                 TableScan
                   Filter Operator
                     predicate: ((key > 200) or (key < 200)) (type: boolean)
+                    Statistics: Num rows: 0 Data size: 0 Basic stats: NONE Column stats: NONE
                     Select Operator
                       expressions: key (type: string), value (type: string)
                       outputColumnNames: key, value
+                      Statistics: Num rows: 0 Data size: 0 Basic stats: NONE Column stats: NONE
                       Reduce Output Operator
                         key expressions: value (type: string), key (type: string)
                         sort order: ++
                         Map-reduce partition columns: value (type: string)
+                        Statistics: Num rows: 0 Data size: 0 Basic stats: NONE Column stats: NONE
         Reducer 7 
             Reduce Operator Tree:
               Forward
+                Statistics: Num rows: 0 Data size: 0 Basic stats: NONE Column stats: NONE
                 Filter Operator
                   predicate: (KEY._col1:0._col0 > 200) (type: boolean)
+                  Statistics: Num rows: 0 Data size: 0 Basic stats: NONE Column stats: NONE
                   Group By Operator
                     aggregations: sum(DISTINCT KEY._col1:0._col0)
                     keys: KEY._col0 (type: string)
                     mode: complete
                     outputColumnNames: _col0, _col1
+                    Statistics: Num rows: 0 Data size: 0 Basic stats: NONE Column stats: NONE
                     Select Operator
                       expressions: _col0 (type: string), _col1 (type: double)
                       outputColumnNames: _col0, _col1
+                      Statistics: Num rows: 0 Data size: 0 Basic stats: NONE Column stats: NONE
                       File Output Operator
                         compressed: false
+                        Statistics: Num rows: 0 Data size: 0 Basic stats: NONE Column stats: NONE
                         table:
                             input format: org.apache.hadoop.mapred.TextInputFormat
                             output format: org.apache.hadoop.hive.ql.io.HiveIgnoreKeyTextOutputFormat
@@ -1462,16 +1618,20 @@ STAGE PLANS:
                             name: default.src_lv3
                 Filter Operator
                   predicate: (KEY._col1:0._col0 < 200) (type: boolean)
+                  Statistics: Num rows: 0 Data size: 0 Basic stats: NONE Column stats: NONE
                   Group By Operator
                     aggregations: sum(DISTINCT KEY._col1:0._col0)
                     keys: KEY._col0 (type: string)
                     mode: complete
                     outputColumnNames: _col0, _col1
+                    Statistics: Num rows: 0 Data size: 0 Basic stats: NONE Column stats: NONE
                     Select Operator
                       expressions: _col0 (type: string), _col1 (type: double)
                       outputColumnNames: _col0, _col1
+                      Statistics: Num rows: 0 Data size: 0 Basic stats: NONE Column stats: NONE
                       File Output Operator
                         compressed: false
+                        Statistics: Num rows: 0 Data size: 0 Basic stats: NONE Column stats: NONE
                         table:
                             input format: org.apache.hadoop.mapred.TextInputFormat
                             output format: org.apache.hadoop.hive.ql.io.HiveIgnoreKeyTextOutputFormat
diff --git a/ql/src/test/results/clientpositive/spark/multi_insert_move_tasks_share_dependencies.q.out b/ql/src/test/results/clientpositive/spark/multi_insert_move_tasks_share_dependencies.q.out
index fd477ca405..1f31f56fd4 100644
--- a/ql/src/test/results/clientpositive/spark/multi_insert_move_tasks_share_dependencies.q.out
+++ b/ql/src/test/results/clientpositive/spark/multi_insert_move_tasks_share_dependencies.q.out
@@ -47,6 +47,7 @@ STAGE PLANS:
             Map Operator Tree:
                 TableScan
                   alias: src
+                  Statistics: Num rows: 500 Data size: 5312 Basic stats: COMPLETE Column stats: NONE
                   File Output Operator
                     compressed: false
                     table:
@@ -63,11 +64,14 @@ STAGE PLANS:
                 TableScan
                   Filter Operator
                     predicate: (key < 10) (type: boolean)
+                    Statistics: Num rows: 166 Data size: 1763 Basic stats: COMPLETE Column stats: NONE
                     Select Operator
                       expressions: key (type: string), value (type: string)
                       outputColumnNames: _col0, _col1
+                      Statistics: Num rows: 166 Data size: 1763 Basic stats: COMPLETE Column stats: NONE
                       File Output Operator
                         compressed: false
+                        Statistics: Num rows: 166 Data size: 1763 Basic stats: COMPLETE Column stats: NONE
                         table:
                             input format: org.apache.hadoop.mapred.TextInputFormat
                             output format: org.apache.hadoop.hive.ql.io.HiveIgnoreKeyTextOutputFormat
@@ -112,11 +116,14 @@ STAGE PLANS:
                 TableScan
                   Filter Operator
                     predicate: ((key > 10) and (key < 20)) (type: boolean)
+                    Statistics: Num rows: 55 Data size: 584 Basic stats: COMPLETE Column stats: NONE
                     Select Operator
                       expressions: key (type: string), value (type: string)
                       outputColumnNames: _col0, _col1
+                      Statistics: Num rows: 55 Data size: 584 Basic stats: COMPLETE Column stats: NONE
                       File Output Operator
                         compressed: false
+                        Statistics: Num rows: 55 Data size: 584 Basic stats: COMPLETE Column stats: NONE
                         table:
                             input format: org.apache.hadoop.mapred.TextInputFormat
                             output format: org.apache.hadoop.hive.ql.io.HiveIgnoreKeyTextOutputFormat
@@ -207,6 +214,7 @@ STAGE PLANS:
             Map Operator Tree:
                 TableScan
                   alias: src
+                  Statistics: Num rows: 500 Data size: 5312 Basic stats: COMPLETE Column stats: NONE
                   File Output Operator
                     compressed: false
                     table:
@@ -223,11 +231,14 @@ STAGE PLANS:
                 TableScan
                   Filter Operator
                     predicate: (key < 10) (type: boolean)
+                    Statistics: Num rows: 166 Data size: 1763 Basic stats: COMPLETE Column stats: NONE
                     Select Operator
                       expressions: key (type: string), value (type: string)
                       outputColumnNames: _col0, _col1
+                      Statistics: Num rows: 166 Data size: 1763 Basic stats: COMPLETE Column stats: NONE
                       File Output Operator
                         compressed: false
+                        Statistics: Num rows: 166 Data size: 1763 Basic stats: COMPLETE Column stats: NONE
                         table:
                             input format: org.apache.hadoop.mapred.TextInputFormat
                             output format: org.apache.hadoop.hive.ql.io.HiveIgnoreKeyTextOutputFormat
@@ -272,11 +283,14 @@ STAGE PLANS:
                 TableScan
                   Filter Operator
                     predicate: ((key > 10) and (key < 20)) (type: boolean)
+                    Statistics: Num rows: 55 Data size: 584 Basic stats: COMPLETE Column stats: NONE
                     Select Operator
                       expressions: key (type: string), value (type: string)
                       outputColumnNames: _col0, _col1
+                      Statistics: Num rows: 55 Data size: 584 Basic stats: COMPLETE Column stats: NONE
                       File Output Operator
                         compressed: false
+                        Statistics: Num rows: 55 Data size: 584 Basic stats: COMPLETE Column stats: NONE
                         table:
                             input format: org.apache.hadoop.mapred.TextInputFormat
                             output format: org.apache.hadoop.hive.ql.io.HiveIgnoreKeyTextOutputFormat
@@ -367,6 +381,7 @@ STAGE PLANS:
             Map Operator Tree:
                 TableScan
                   alias: src
+                  Statistics: Num rows: 500 Data size: 5312 Basic stats: COMPLETE Column stats: NONE
                   File Output Operator
                     compressed: false
                     table:
@@ -383,11 +398,14 @@ STAGE PLANS:
                 TableScan
                   Filter Operator
                     predicate: (key < 10) (type: boolean)
+                    Statistics: Num rows: 166 Data size: 1763 Basic stats: COMPLETE Column stats: NONE
                     Select Operator
                       expressions: key (type: string), value (type: string)
                       outputColumnNames: _col0, _col1
+                      Statistics: Num rows: 166 Data size: 1763 Basic stats: COMPLETE Column stats: NONE
                       File Output Operator
                         compressed: false
+                        Statistics: Num rows: 166 Data size: 1763 Basic stats: COMPLETE Column stats: NONE
                         table:
                             input format: org.apache.hadoop.mapred.TextInputFormat
                             output format: org.apache.hadoop.hive.ql.io.HiveIgnoreKeyTextOutputFormat
@@ -432,11 +450,14 @@ STAGE PLANS:
                 TableScan
                   Filter Operator
                     predicate: ((key > 10) and (key < 20)) (type: boolean)
+                    Statistics: Num rows: 55 Data size: 584 Basic stats: COMPLETE Column stats: NONE
                     Select Operator
                       expressions: key (type: string), value (type: string)
                       outputColumnNames: _col0, _col1
+                      Statistics: Num rows: 55 Data size: 584 Basic stats: COMPLETE Column stats: NONE
                       File Output Operator
                         compressed: false
+                        Statistics: Num rows: 55 Data size: 584 Basic stats: COMPLETE Column stats: NONE
                         table:
                             input format: org.apache.hadoop.mapred.TextInputFormat
                             output format: org.apache.hadoop.hive.ql.io.HiveIgnoreKeyTextOutputFormat
@@ -527,6 +548,7 @@ STAGE PLANS:
             Map Operator Tree:
                 TableScan
                   alias: src
+                  Statistics: Num rows: 500 Data size: 5312 Basic stats: COMPLETE Column stats: NONE
                   File Output Operator
                     compressed: false
                     table:
@@ -543,11 +565,14 @@ STAGE PLANS:
                 TableScan
                   Filter Operator
                     predicate: (key < 10) (type: boolean)
+                    Statistics: Num rows: 166 Data size: 1763 Basic stats: COMPLETE Column stats: NONE
                     Select Operator
                       expressions: key (type: string), value (type: string)
                       outputColumnNames: _col0, _col1
+                      Statistics: Num rows: 166 Data size: 1763 Basic stats: COMPLETE Column stats: NONE
                       File Output Operator
                         compressed: false
+                        Statistics: Num rows: 166 Data size: 1763 Basic stats: COMPLETE Column stats: NONE
                         table:
                             input format: org.apache.hadoop.mapred.TextInputFormat
                             output format: org.apache.hadoop.hive.ql.io.HiveIgnoreKeyTextOutputFormat
@@ -592,11 +617,14 @@ STAGE PLANS:
                 TableScan
                   Filter Operator
                     predicate: ((key > 10) and (key < 20)) (type: boolean)
+                    Statistics: Num rows: 55 Data size: 584 Basic stats: COMPLETE Column stats: NONE
                     Select Operator
                       expressions: key (type: string), value (type: string)
                       outputColumnNames: _col0, _col1
+                      Statistics: Num rows: 55 Data size: 584 Basic stats: COMPLETE Column stats: NONE
                       File Output Operator
                         compressed: false
+                        Statistics: Num rows: 55 Data size: 584 Basic stats: COMPLETE Column stats: NONE
                         table:
                             input format: org.apache.hadoop.mapred.TextInputFormat
                             output format: org.apache.hadoop.hive.ql.io.HiveIgnoreKeyTextOutputFormat
@@ -687,29 +715,38 @@ STAGE PLANS:
             Map Operator Tree:
                 TableScan
                   alias: src
+                  Statistics: Num rows: 500 Data size: 5312 Basic stats: COMPLETE Column stats: NONE
                   Filter Operator
                     predicate: ((key < 10) or ((key > 10) and (key < 20))) (type: boolean)
+                    Statistics: Num rows: 221 Data size: 2347 Basic stats: COMPLETE Column stats: NONE
                     Select Operator
                       expressions: key (type: string), value (type: string)
                       outputColumnNames: key, value
+                      Statistics: Num rows: 221 Data size: 2347 Basic stats: COMPLETE Column stats: NONE
                       Reduce Output Operator
                         key expressions: key (type: string), value (type: string)
                         sort order: ++
                         Map-reduce partition columns: key (type: string), value (type: string)
+                        Statistics: Num rows: 221 Data size: 2347 Basic stats: COMPLETE Column stats: NONE
         Reducer 2 
             Reduce Operator Tree:
               Forward
+                Statistics: Num rows: 221 Data size: 2347 Basic stats: COMPLETE Column stats: NONE
                 Filter Operator
                   predicate: (KEY._col0 < 10) (type: boolean)
+                  Statistics: Num rows: 73 Data size: 775 Basic stats: COMPLETE Column stats: NONE
                   Group By Operator
                     keys: KEY._col0 (type: string), KEY._col1 (type: string)
                     mode: complete
                     outputColumnNames: _col0, _col1
+                    Statistics: Num rows: 36 Data size: 382 Basic stats: COMPLETE Column stats: NONE
                     Select Operator
                       expressions: _col0 (type: string), _col1 (type: string)
                       outputColumnNames: _col0, _col1
+                      Statistics: Num rows: 36 Data size: 382 Basic stats: COMPLETE Column stats: NONE
                       File Output Operator
                         compressed: false
+                        Statistics: Num rows: 36 Data size: 382 Basic stats: COMPLETE Column stats: NONE
                         table:
                             input format: org.apache.hadoop.mapred.TextInputFormat
                             output format: org.apache.hadoop.hive.ql.io.HiveIgnoreKeyTextOutputFormat
@@ -717,15 +754,19 @@ STAGE PLANS:
                             name: default.src_multi1
                 Filter Operator
                   predicate: ((KEY._col0 > 10) and (KEY._col0 < 20)) (type: boolean)
+                  Statistics: Num rows: 24 Data size: 254 Basic stats: COMPLETE Column stats: NONE
                   Group By Operator
                     keys: KEY._col0 (type: string), KEY._col1 (type: string)
                     mode: complete
                     outputColumnNames: _col0, _col1
+                    Statistics: Num rows: 12 Data size: 127 Basic stats: COMPLETE Column stats: NONE
                     Select Operator
                       expressions: _col0 (type: string), _col1 (type: string)
                       outputColumnNames: _col0, _col1
+                      Statistics: Num rows: 12 Data size: 127 Basic stats: COMPLETE Column stats: NONE
                       File Output Operator
                         compressed: false
+                        Statistics: Num rows: 12 Data size: 127 Basic stats: COMPLETE Column stats: NONE
                         table:
                             input format: org.apache.hadoop.mapred.TextInputFormat
                             output format: org.apache.hadoop.hive.ql.io.HiveIgnoreKeyTextOutputFormat
@@ -838,29 +879,38 @@ STAGE PLANS:
             Map Operator Tree:
                 TableScan
                   alias: src
+                  Statistics: Num rows: 500 Data size: 5312 Basic stats: COMPLETE Column stats: NONE
                   Filter Operator
                     predicate: ((key < 10) or ((key > 10) and (key < 20))) (type: boolean)
+                    Statistics: Num rows: 221 Data size: 2347 Basic stats: COMPLETE Column stats: NONE
                     Select Operator
                       expressions: key (type: string), value (type: string)
                       outputColumnNames: key, value
+                      Statistics: Num rows: 221 Data size: 2347 Basic stats: COMPLETE Column stats: NONE
                       Reduce Output Operator
                         key expressions: key (type: string), value (type: string)
                         sort order: ++
                         Map-reduce partition columns: key (type: string), value (type: string)
+                        Statistics: Num rows: 221 Data size: 2347 Basic stats: COMPLETE Column stats: NONE
         Reducer 2 
             Reduce Operator Tree:
               Forward
+                Statistics: Num rows: 221 Data size: 2347 Basic stats: COMPLETE Column stats: NONE
                 Filter Operator
                   predicate: (KEY._col0 < 10) (type: boolean)
+                  Statistics: Num rows: 73 Data size: 775 Basic stats: COMPLETE Column stats: NONE
                   Group By Operator
                     keys: KEY._col0 (type: string), KEY._col1 (type: string)
                     mode: complete
                     outputColumnNames: _col0, _col1
+                    Statistics: Num rows: 36 Data size: 382 Basic stats: COMPLETE Column stats: NONE
                     Select Operator
                       expressions: _col0 (type: string), _col1 (type: string)
                       outputColumnNames: _col0, _col1
+                      Statistics: Num rows: 36 Data size: 382 Basic stats: COMPLETE Column stats: NONE
                       File Output Operator
                         compressed: false
+                        Statistics: Num rows: 36 Data size: 382 Basic stats: COMPLETE Column stats: NONE
                         table:
                             input format: org.apache.hadoop.mapred.TextInputFormat
                             output format: org.apache.hadoop.hive.ql.io.HiveIgnoreKeyTextOutputFormat
@@ -868,15 +918,19 @@ STAGE PLANS:
                             name: default.src_multi1
                 Filter Operator
                   predicate: ((KEY._col0 > 10) and (KEY._col0 < 20)) (type: boolean)
+                  Statistics: Num rows: 24 Data size: 254 Basic stats: COMPLETE Column stats: NONE
                   Group By Operator
                     keys: KEY._col0 (type: string), KEY._col1 (type: string)
                     mode: complete
                     outputColumnNames: _col0, _col1
+                    Statistics: Num rows: 12 Data size: 127 Basic stats: COMPLETE Column stats: NONE
                     Select Operator
                       expressions: _col0 (type: string), _col1 (type: string)
                       outputColumnNames: _col0, _col1
+                      Statistics: Num rows: 12 Data size: 127 Basic stats: COMPLETE Column stats: NONE
                       File Output Operator
                         compressed: false
+                        Statistics: Num rows: 12 Data size: 127 Basic stats: COMPLETE Column stats: NONE
                         table:
                             input format: org.apache.hadoop.mapred.TextInputFormat
                             output format: org.apache.hadoop.hive.ql.io.HiveIgnoreKeyTextOutputFormat
@@ -989,29 +1043,38 @@ STAGE PLANS:
             Map Operator Tree:
                 TableScan
                   alias: src
+                  Statistics: Num rows: 500 Data size: 5312 Basic stats: COMPLETE Column stats: NONE
                   Filter Operator
                     predicate: ((key < 10) or ((key > 10) and (key < 20))) (type: boolean)
+                    Statistics: Num rows: 221 Data size: 2347 Basic stats: COMPLETE Column stats: NONE
                     Select Operator
                       expressions: key (type: string), value (type: string)
                       outputColumnNames: key, value
+                      Statistics: Num rows: 221 Data size: 2347 Basic stats: COMPLETE Column stats: NONE
                       Reduce Output Operator
                         key expressions: key (type: string), value (type: string)
                         sort order: ++
                         Map-reduce partition columns: key (type: string), value (type: string)
+                        Statistics: Num rows: 221 Data size: 2347 Basic stats: COMPLETE Column stats: NONE
         Reducer 2 
             Reduce Operator Tree:
               Forward
+                Statistics: Num rows: 221 Data size: 2347 Basic stats: COMPLETE Column stats: NONE
                 Filter Operator
                   predicate: (KEY._col0 < 10) (type: boolean)
+                  Statistics: Num rows: 73 Data size: 775 Basic stats: COMPLETE Column stats: NONE
                   Group By Operator
                     keys: KEY._col0 (type: string), KEY._col1 (type: string)
                     mode: complete
                     outputColumnNames: _col0, _col1
+                    Statistics: Num rows: 36 Data size: 382 Basic stats: COMPLETE Column stats: NONE
                     Select Operator
                       expressions: _col0 (type: string), _col1 (type: string)
                       outputColumnNames: _col0, _col1
+                      Statistics: Num rows: 36 Data size: 382 Basic stats: COMPLETE Column stats: NONE
                       File Output Operator
                         compressed: false
+                        Statistics: Num rows: 36 Data size: 382 Basic stats: COMPLETE Column stats: NONE
                         table:
                             input format: org.apache.hadoop.mapred.TextInputFormat
                             output format: org.apache.hadoop.hive.ql.io.HiveIgnoreKeyTextOutputFormat
@@ -1019,15 +1082,19 @@ STAGE PLANS:
                             name: default.src_multi1
                 Filter Operator
                   predicate: ((KEY._col0 > 10) and (KEY._col0 < 20)) (type: boolean)
+                  Statistics: Num rows: 24 Data size: 254 Basic stats: COMPLETE Column stats: NONE
                   Group By Operator
                     keys: KEY._col0 (type: string), KEY._col1 (type: string)
                     mode: complete
                     outputColumnNames: _col0, _col1
+                    Statistics: Num rows: 12 Data size: 127 Basic stats: COMPLETE Column stats: NONE
                     Select Operator
                       expressions: _col0 (type: string), _col1 (type: string)
                       outputColumnNames: _col0, _col1
+                      Statistics: Num rows: 12 Data size: 127 Basic stats: COMPLETE Column stats: NONE
                       File Output Operator
                         compressed: false
+                        Statistics: Num rows: 12 Data size: 127 Basic stats: COMPLETE Column stats: NONE
                         table:
                             input format: org.apache.hadoop.mapred.TextInputFormat
                             output format: org.apache.hadoop.hive.ql.io.HiveIgnoreKeyTextOutputFormat
@@ -1140,29 +1207,38 @@ STAGE PLANS:
             Map Operator Tree:
                 TableScan
                   alias: src
+                  Statistics: Num rows: 500 Data size: 5312 Basic stats: COMPLETE Column stats: NONE
                   Filter Operator
                     predicate: ((key < 10) or ((key > 10) and (key < 20))) (type: boolean)
+                    Statistics: Num rows: 221 Data size: 2347 Basic stats: COMPLETE Column stats: NONE
                     Select Operator
                       expressions: key (type: string), value (type: string)
                       outputColumnNames: key, value
+                      Statistics: Num rows: 221 Data size: 2347 Basic stats: COMPLETE Column stats: NONE
                       Reduce Output Operator
                         key expressions: key (type: string), value (type: string)
                         sort order: ++
                         Map-reduce partition columns: key (type: string), value (type: string)
+                        Statistics: Num rows: 221 Data size: 2347 Basic stats: COMPLETE Column stats: NONE
         Reducer 2 
             Reduce Operator Tree:
               Forward
+                Statistics: Num rows: 221 Data size: 2347 Basic stats: COMPLETE Column stats: NONE
                 Filter Operator
                   predicate: (KEY._col0 < 10) (type: boolean)
+                  Statistics: Num rows: 73 Data size: 775 Basic stats: COMPLETE Column stats: NONE
                   Group By Operator
                     keys: KEY._col0 (type: string), KEY._col1 (type: string)
                     mode: complete
                     outputColumnNames: _col0, _col1
+                    Statistics: Num rows: 36 Data size: 382 Basic stats: COMPLETE Column stats: NONE
                     Select Operator
                       expressions: _col0 (type: string), _col1 (type: string)
                       outputColumnNames: _col0, _col1
+                      Statistics: Num rows: 36 Data size: 382 Basic stats: COMPLETE Column stats: NONE
                       File Output Operator
                         compressed: false
+                        Statistics: Num rows: 36 Data size: 382 Basic stats: COMPLETE Column stats: NONE
                         table:
                             input format: org.apache.hadoop.mapred.TextInputFormat
                             output format: org.apache.hadoop.hive.ql.io.HiveIgnoreKeyTextOutputFormat
@@ -1170,15 +1246,19 @@ STAGE PLANS:
                             name: default.src_multi1
                 Filter Operator
                   predicate: ((KEY._col0 > 10) and (KEY._col0 < 20)) (type: boolean)
+                  Statistics: Num rows: 24 Data size: 254 Basic stats: COMPLETE Column stats: NONE
                   Group By Operator
                     keys: KEY._col0 (type: string), KEY._col1 (type: string)
                     mode: complete
                     outputColumnNames: _col0, _col1
+                    Statistics: Num rows: 12 Data size: 127 Basic stats: COMPLETE Column stats: NONE
                     Select Operator
                       expressions: _col0 (type: string), _col1 (type: string)
                       outputColumnNames: _col0, _col1
+                      Statistics: Num rows: 12 Data size: 127 Basic stats: COMPLETE Column stats: NONE
                       File Output Operator
                         compressed: false
+                        Statistics: Num rows: 12 Data size: 127 Basic stats: COMPLETE Column stats: NONE
                         table:
                             input format: org.apache.hadoop.mapred.TextInputFormat
                             output format: org.apache.hadoop.hive.ql.io.HiveIgnoreKeyTextOutputFormat
@@ -1327,11 +1407,14 @@ STAGE PLANS:
                 TableScan
                   Filter Operator
                     predicate: (_col0 < 10) (type: boolean)
+                    Statistics: Num rows: 333 Data size: 3537 Basic stats: COMPLETE Column stats: NONE
                     Select Operator
                       expressions: _col0 (type: string), _col1 (type: string)
                       outputColumnNames: _col0, _col1
+                      Statistics: Num rows: 333 Data size: 3537 Basic stats: COMPLETE Column stats: NONE
                       File Output Operator
                         compressed: false
+                        Statistics: Num rows: 333 Data size: 3537 Basic stats: COMPLETE Column stats: NONE
                         table:
                             input format: org.apache.hadoop.mapred.TextInputFormat
                             output format: org.apache.hadoop.hive.ql.io.HiveIgnoreKeyTextOutputFormat
@@ -1376,11 +1459,14 @@ STAGE PLANS:
                 TableScan
                   Filter Operator
                     predicate: ((_col0 > 10) and (_col0 < 20)) (type: boolean)
+                    Statistics: Num rows: 111 Data size: 1179 Basic stats: COMPLETE Column stats: NONE
                     Select Operator
                       expressions: _col0 (type: string), _col1 (type: string)
                       outputColumnNames: _col0, _col1
+                      Statistics: Num rows: 111 Data size: 1179 Basic stats: COMPLETE Column stats: NONE
                       File Output Operator
                         compressed: false
+                        Statistics: Num rows: 111 Data size: 1179 Basic stats: COMPLETE Column stats: NONE
                         table:
                             input format: org.apache.hadoop.mapred.TextInputFormat
                             output format: org.apache.hadoop.hive.ql.io.HiveIgnoreKeyTextOutputFormat
@@ -1526,11 +1612,14 @@ STAGE PLANS:
                 TableScan
                   Filter Operator
                     predicate: (_col0 < 10) (type: boolean)
+                    Statistics: Num rows: 333 Data size: 3537 Basic stats: COMPLETE Column stats: NONE
                     Select Operator
                       expressions: _col0 (type: string), _col1 (type: string)
                       outputColumnNames: _col0, _col1
+                      Statistics: Num rows: 333 Data size: 3537 Basic stats: COMPLETE Column stats: NONE
                       File Output Operator
                         compressed: false
+                        Statistics: Num rows: 333 Data size: 3537 Basic stats: COMPLETE Column stats: NONE
                         table:
                             input format: org.apache.hadoop.mapred.TextInputFormat
                             output format: org.apache.hadoop.hive.ql.io.HiveIgnoreKeyTextOutputFormat
@@ -1575,11 +1664,14 @@ STAGE PLANS:
                 TableScan
                   Filter Operator
                     predicate: ((_col0 > 10) and (_col0 < 20)) (type: boolean)
+                    Statistics: Num rows: 111 Data size: 1179 Basic stats: COMPLETE Column stats: NONE
                     Select Operator
                       expressions: _col0 (type: string), _col1 (type: string)
                       outputColumnNames: _col0, _col1
+                      Statistics: Num rows: 111 Data size: 1179 Basic stats: COMPLETE Column stats: NONE
                       File Output Operator
                         compressed: false
+                        Statistics: Num rows: 111 Data size: 1179 Basic stats: COMPLETE Column stats: NONE
                         table:
                             input format: org.apache.hadoop.mapred.TextInputFormat
                             output format: org.apache.hadoop.hive.ql.io.HiveIgnoreKeyTextOutputFormat
@@ -1725,11 +1817,14 @@ STAGE PLANS:
                 TableScan
                   Filter Operator
                     predicate: (_col0 < 10) (type: boolean)
+                    Statistics: Num rows: 333 Data size: 3537 Basic stats: COMPLETE Column stats: NONE
                     Select Operator
                       expressions: _col0 (type: string), _col1 (type: string)
                       outputColumnNames: _col0, _col1
+                      Statistics: Num rows: 333 Data size: 3537 Basic stats: COMPLETE Column stats: NONE
                       File Output Operator
                         compressed: false
+                        Statistics: Num rows: 333 Data size: 3537 Basic stats: COMPLETE Column stats: NONE
                         table:
                             input format: org.apache.hadoop.mapred.TextInputFormat
                             output format: org.apache.hadoop.hive.ql.io.HiveIgnoreKeyTextOutputFormat
@@ -1774,11 +1869,14 @@ STAGE PLANS:
                 TableScan
                   Filter Operator
                     predicate: ((_col0 > 10) and (_col0 < 20)) (type: boolean)
+                    Statistics: Num rows: 111 Data size: 1179 Basic stats: COMPLETE Column stats: NONE
                     Select Operator
                       expressions: _col0 (type: string), _col1 (type: string)
                       outputColumnNames: _col0, _col1
+                      Statistics: Num rows: 111 Data size: 1179 Basic stats: COMPLETE Column stats: NONE
                       File Output Operator
                         compressed: false
+                        Statistics: Num rows: 111 Data size: 1179 Basic stats: COMPLETE Column stats: NONE
                         table:
                             input format: org.apache.hadoop.mapred.TextInputFormat
                             output format: org.apache.hadoop.hive.ql.io.HiveIgnoreKeyTextOutputFormat
@@ -1924,11 +2022,14 @@ STAGE PLANS:
                 TableScan
                   Filter Operator
                     predicate: (_col0 < 10) (type: boolean)
+                    Statistics: Num rows: 333 Data size: 3537 Basic stats: COMPLETE Column stats: NONE
                     Select Operator
                       expressions: _col0 (type: string), _col1 (type: string)
                       outputColumnNames: _col0, _col1
+                      Statistics: Num rows: 333 Data size: 3537 Basic stats: COMPLETE Column stats: NONE
                       File Output Operator
                         compressed: false
+                        Statistics: Num rows: 333 Data size: 3537 Basic stats: COMPLETE Column stats: NONE
                         table:
                             input format: org.apache.hadoop.mapred.TextInputFormat
                             output format: org.apache.hadoop.hive.ql.io.HiveIgnoreKeyTextOutputFormat
@@ -1973,11 +2074,14 @@ STAGE PLANS:
                 TableScan
                   Filter Operator
                     predicate: ((_col0 > 10) and (_col0 < 20)) (type: boolean)
+                    Statistics: Num rows: 111 Data size: 1179 Basic stats: COMPLETE Column stats: NONE
                     Select Operator
                       expressions: _col0 (type: string), _col1 (type: string)
                       outputColumnNames: _col0, _col1
+                      Statistics: Num rows: 111 Data size: 1179 Basic stats: COMPLETE Column stats: NONE
                       File Output Operator
                         compressed: false
+                        Statistics: Num rows: 111 Data size: 1179 Basic stats: COMPLETE Column stats: NONE
                         table:
                             input format: org.apache.hadoop.mapred.TextInputFormat
                             output format: org.apache.hadoop.hive.ql.io.HiveIgnoreKeyTextOutputFormat
@@ -2086,6 +2190,7 @@ STAGE PLANS:
             Map Operator Tree:
                 TableScan
                   alias: src
+                  Statistics: Num rows: 500 Data size: 5312 Basic stats: COMPLETE Column stats: NONE
                   File Output Operator
                     compressed: false
                     table:
@@ -2102,11 +2207,14 @@ STAGE PLANS:
                 TableScan
                   Filter Operator
                     predicate: (key = 0) (type: boolean)
+                    Statistics: Num rows: 250 Data size: 2656 Basic stats: COMPLETE Column stats: NONE
                     Select Operator
                       expressions: '0' (type: string), value (type: string)
                       outputColumnNames: _col0, _col1
+                      Statistics: Num rows: 250 Data size: 2656 Basic stats: COMPLETE Column stats: NONE
                       File Output Operator
                         compressed: false
+                        Statistics: Num rows: 250 Data size: 2656 Basic stats: COMPLETE Column stats: NONE
                         table:
                             input format: org.apache.hadoop.mapred.TextInputFormat
                             output format: org.apache.hadoop.hive.ql.io.HiveIgnoreKeyTextOutputFormat
@@ -2130,11 +2238,14 @@ STAGE PLANS:
                 TableScan
                   Filter Operator
                     predicate: (key = 2) (type: boolean)
+                    Statistics: Num rows: 250 Data size: 2656 Basic stats: COMPLETE Column stats: NONE
                     Select Operator
                       expressions: '2' (type: string), value (type: string)
                       outputColumnNames: _col0, _col1
+                      Statistics: Num rows: 250 Data size: 2656 Basic stats: COMPLETE Column stats: NONE
                       File Output Operator
                         compressed: false
+                        Statistics: Num rows: 250 Data size: 2656 Basic stats: COMPLETE Column stats: NONE
                         table:
                             input format: org.apache.hadoop.mapred.TextInputFormat
                             output format: org.apache.hadoop.hive.ql.io.HiveIgnoreKeyTextOutputFormat
@@ -2155,11 +2266,14 @@ STAGE PLANS:
                 TableScan
                   Filter Operator
                     predicate: (key = 4) (type: boolean)
+                    Statistics: Num rows: 250 Data size: 2656 Basic stats: COMPLETE Column stats: NONE
                     Select Operator
                       expressions: '4' (type: string), value (type: string)
                       outputColumnNames: _col0, _col1
+                      Statistics: Num rows: 250 Data size: 2656 Basic stats: COMPLETE Column stats: NONE
                       File Output Operator
                         compressed: false
+                        Statistics: Num rows: 250 Data size: 2656 Basic stats: COMPLETE Column stats: NONE
                         table:
                             input format: org.apache.hadoop.mapred.TextInputFormat
                             output format: org.apache.hadoop.hive.ql.io.HiveIgnoreKeyTextOutputFormat
@@ -2210,6 +2324,7 @@ STAGE PLANS:
             Map Operator Tree:
                 TableScan
                   alias: src
+                  Statistics: Num rows: 500 Data size: 5312 Basic stats: COMPLETE Column stats: NONE
                   File Output Operator
                     compressed: false
                     table:
@@ -2226,11 +2341,14 @@ STAGE PLANS:
                 TableScan
                   Filter Operator
                     predicate: (key = 0) (type: boolean)
+                    Statistics: Num rows: 250 Data size: 2656 Basic stats: COMPLETE Column stats: NONE
                     Select Operator
                       expressions: '0' (type: string), value (type: string)
                       outputColumnNames: _col0, _col1
+                      Statistics: Num rows: 250 Data size: 2656 Basic stats: COMPLETE Column stats: NONE
                       File Output Operator
                         compressed: false
+                        Statistics: Num rows: 250 Data size: 2656 Basic stats: COMPLETE Column stats: NONE
                         table:
                             input format: org.apache.hadoop.mapred.TextInputFormat
                             output format: org.apache.hadoop.hive.ql.io.HiveIgnoreKeyTextOutputFormat
@@ -2254,11 +2372,14 @@ STAGE PLANS:
                 TableScan
                   Filter Operator
                     predicate: (key = 2) (type: boolean)
+                    Statistics: Num rows: 250 Data size: 2656 Basic stats: COMPLETE Column stats: NONE
                     Select Operator
                       expressions: '2' (type: string), value (type: string)
                       outputColumnNames: _col0, _col1
+                      Statistics: Num rows: 250 Data size: 2656 Basic stats: COMPLETE Column stats: NONE
                       File Output Operator
                         compressed: false
+                        Statistics: Num rows: 250 Data size: 2656 Basic stats: COMPLETE Column stats: NONE
                         table:
                             input format: org.apache.hadoop.mapred.TextInputFormat
                             output format: org.apache.hadoop.hive.ql.io.HiveIgnoreKeyTextOutputFormat
@@ -2279,11 +2400,14 @@ STAGE PLANS:
                 TableScan
                   Filter Operator
                     predicate: (key = 4) (type: boolean)
+                    Statistics: Num rows: 250 Data size: 2656 Basic stats: COMPLETE Column stats: NONE
                     Select Operator
                       expressions: '4' (type: string), value (type: string)
                       outputColumnNames: _col0, _col1
+                      Statistics: Num rows: 250 Data size: 2656 Basic stats: COMPLETE Column stats: NONE
                       File Output Operator
                         compressed: false
+                        Statistics: Num rows: 250 Data size: 2656 Basic stats: COMPLETE Column stats: NONE
                         table:
                             input format: org.apache.hadoop.mapred.TextInputFormat
                             output format: org.apache.hadoop.hive.ql.io.HiveIgnoreKeyTextOutputFormat
@@ -2334,6 +2458,7 @@ STAGE PLANS:
             Map Operator Tree:
                 TableScan
                   alias: src
+                  Statistics: Num rows: 500 Data size: 5312 Basic stats: COMPLETE Column stats: NONE
                   File Output Operator
                     compressed: false
                     table:
@@ -2350,11 +2475,14 @@ STAGE PLANS:
                 TableScan
                   Filter Operator
                     predicate: (key = 0) (type: boolean)
+                    Statistics: Num rows: 250 Data size: 2656 Basic stats: COMPLETE Column stats: NONE
                     Select Operator
                       expressions: '0' (type: string), value (type: string)
                       outputColumnNames: _col0, _col1
+                      Statistics: Num rows: 250 Data size: 2656 Basic stats: COMPLETE Column stats: NONE
                       File Output Operator
                         compressed: false
+                        Statistics: Num rows: 250 Data size: 2656 Basic stats: COMPLETE Column stats: NONE
                         table:
                             input format: org.apache.hadoop.mapred.TextInputFormat
                             output format: org.apache.hadoop.hive.ql.io.HiveIgnoreKeyTextOutputFormat
@@ -2378,11 +2506,14 @@ STAGE PLANS:
                 TableScan
                   Filter Operator
                     predicate: (key = 2) (type: boolean)
+                    Statistics: Num rows: 250 Data size: 2656 Basic stats: COMPLETE Column stats: NONE
                     Select Operator
                       expressions: '2' (type: string), value (type: string)
                       outputColumnNames: _col0, _col1
+                      Statistics: Num rows: 250 Data size: 2656 Basic stats: COMPLETE Column stats: NONE
                       File Output Operator
                         compressed: false
+                        Statistics: Num rows: 250 Data size: 2656 Basic stats: COMPLETE Column stats: NONE
                         table:
                             input format: org.apache.hadoop.mapred.TextInputFormat
                             output format: org.apache.hadoop.hive.ql.io.HiveIgnoreKeyTextOutputFormat
@@ -2403,11 +2534,14 @@ STAGE PLANS:
                 TableScan
                   Filter Operator
                     predicate: (key = 4) (type: boolean)
+                    Statistics: Num rows: 250 Data size: 2656 Basic stats: COMPLETE Column stats: NONE
                     Select Operator
                       expressions: '4' (type: string), value (type: string)
                       outputColumnNames: _col0, _col1
+                      Statistics: Num rows: 250 Data size: 2656 Basic stats: COMPLETE Column stats: NONE
                       File Output Operator
                         compressed: false
+                        Statistics: Num rows: 250 Data size: 2656 Basic stats: COMPLETE Column stats: NONE
                         table:
                             input format: org.apache.hadoop.mapred.TextInputFormat
                             output format: org.apache.hadoop.hive.ql.io.HiveIgnoreKeyTextOutputFormat
@@ -2458,6 +2592,7 @@ STAGE PLANS:
             Map Operator Tree:
                 TableScan
                   alias: src
+                  Statistics: Num rows: 500 Data size: 5312 Basic stats: COMPLETE Column stats: NONE
                   File Output Operator
                     compressed: false
                     table:
@@ -2474,11 +2609,14 @@ STAGE PLANS:
                 TableScan
                   Filter Operator
                     predicate: (key = 0) (type: boolean)
+                    Statistics: Num rows: 250 Data size: 2656 Basic stats: COMPLETE Column stats: NONE
                     Select Operator
                       expressions: '0' (type: string), value (type: string)
                       outputColumnNames: _col0, _col1
+                      Statistics: Num rows: 250 Data size: 2656 Basic stats: COMPLETE Column stats: NONE
                       File Output Operator
                         compressed: false
+                        Statistics: Num rows: 250 Data size: 2656 Basic stats: COMPLETE Column stats: NONE
                         table:
                             input format: org.apache.hadoop.mapred.TextInputFormat
                             output format: org.apache.hadoop.hive.ql.io.HiveIgnoreKeyTextOutputFormat
@@ -2502,11 +2640,14 @@ STAGE PLANS:
                 TableScan
                   Filter Operator
                     predicate: (key = 2) (type: boolean)
+                    Statistics: Num rows: 250 Data size: 2656 Basic stats: COMPLETE Column stats: NONE
                     Select Operator
                       expressions: '2' (type: string), value (type: string)
                       outputColumnNames: _col0, _col1
+                      Statistics: Num rows: 250 Data size: 2656 Basic stats: COMPLETE Column stats: NONE
                       File Output Operator
                         compressed: false
+                        Statistics: Num rows: 250 Data size: 2656 Basic stats: COMPLETE Column stats: NONE
                         table:
                             input format: org.apache.hadoop.mapred.TextInputFormat
                             output format: org.apache.hadoop.hive.ql.io.HiveIgnoreKeyTextOutputFormat
@@ -2527,11 +2668,14 @@ STAGE PLANS:
                 TableScan
                   Filter Operator
                     predicate: (key = 4) (type: boolean)
+                    Statistics: Num rows: 250 Data size: 2656 Basic stats: COMPLETE Column stats: NONE
                     Select Operator
                       expressions: '4' (type: string), value (type: string)
                       outputColumnNames: _col0, _col1
+                      Statistics: Num rows: 250 Data size: 2656 Basic stats: COMPLETE Column stats: NONE
                       File Output Operator
                         compressed: false
+                        Statistics: Num rows: 250 Data size: 2656 Basic stats: COMPLETE Column stats: NONE
                         table:
                             input format: org.apache.hadoop.mapred.TextInputFormat
                             output format: org.apache.hadoop.hive.ql.io.HiveIgnoreKeyTextOutputFormat
@@ -2582,53 +2726,68 @@ STAGE PLANS:
             Map Operator Tree:
                 TableScan
                   alias: src
+                  Statistics: Num rows: 500 Data size: 5312 Basic stats: COMPLETE Column stats: NONE
                   Filter Operator
                     predicate: ((key < 10) or ((key > 10) and (key < 20))) (type: boolean)
+                    Statistics: Num rows: 221 Data size: 2347 Basic stats: COMPLETE Column stats: NONE
                     Select Operator
                       expressions: key (type: string), value (type: string)
                       outputColumnNames: key, value
+                      Statistics: Num rows: 221 Data size: 2347 Basic stats: COMPLETE Column stats: NONE
                       Reduce Output Operator
                         key expressions: key (type: string), value (type: string)
                         sort order: ++
                         Map-reduce partition columns: key (type: string), value (type: string)
+                        Statistics: Num rows: 221 Data size: 2347 Basic stats: COMPLETE Column stats: NONE
         Reducer 2 
             Reduce Operator Tree:
               Forward
+                Statistics: Num rows: 221 Data size: 2347 Basic stats: COMPLETE Column stats: NONE
                 Filter Operator
                   predicate: (KEY._col0 < 10) (type: boolean)
+                  Statistics: Num rows: 73 Data size: 775 Basic stats: COMPLETE Column stats: NONE
                   Group By Operator
                     keys: KEY._col0 (type: string), KEY._col1 (type: string)
                     mode: complete
                     outputColumnNames: _col0, _col1
+                    Statistics: Num rows: 36 Data size: 382 Basic stats: COMPLETE Column stats: NONE
                     Select Operator
                       expressions: _col0 (type: string), _col1 (type: string)
                       outputColumnNames: _col0, _col1
+                      Statistics: Num rows: 36 Data size: 382 Basic stats: COMPLETE Column stats: NONE
                       Reduce Output Operator
                         key expressions: _col0 (type: string)
                         sort order: +
                         Map-reduce partition columns: _col0 (type: string)
+                        Statistics: Num rows: 36 Data size: 382 Basic stats: COMPLETE Column stats: NONE
                         value expressions: _col1 (type: string)
                 Filter Operator
                   predicate: ((KEY._col0 > 10) and (KEY._col0 < 20)) (type: boolean)
+                  Statistics: Num rows: 24 Data size: 254 Basic stats: COMPLETE Column stats: NONE
                   Group By Operator
                     keys: KEY._col0 (type: string), KEY._col1 (type: string)
                     mode: complete
                     outputColumnNames: _col0, _col1
+                    Statistics: Num rows: 12 Data size: 127 Basic stats: COMPLETE Column stats: NONE
                     Select Operator
                       expressions: _col0 (type: string), _col1 (type: string)
                       outputColumnNames: _col0, _col1
+                      Statistics: Num rows: 12 Data size: 127 Basic stats: COMPLETE Column stats: NONE
                       Reduce Output Operator
                         key expressions: _col1 (type: string)
                         sort order: +
                         Map-reduce partition columns: _col1 (type: string)
+                        Statistics: Num rows: 12 Data size: 127 Basic stats: COMPLETE Column stats: NONE
                         value expressions: _col0 (type: string)
         Reducer 3 
             Reduce Operator Tree:
               Select Operator
                 expressions: KEY.reducesinkkey0 (type: string), VALUE._col0 (type: string)
                 outputColumnNames: _col0, _col1
+                Statistics: Num rows: 36 Data size: 382 Basic stats: COMPLETE Column stats: NONE
                 File Output Operator
                   compressed: false
+                  Statistics: Num rows: 36 Data size: 382 Basic stats: COMPLETE Column stats: NONE
                   table:
                       input format: org.apache.hadoop.mapred.TextInputFormat
                       output format: org.apache.hadoop.hive.ql.io.HiveIgnoreKeyTextOutputFormat
@@ -2638,8 +2797,10 @@ STAGE PLANS:
               Select Operator
                 expressions: VALUE._col0 (type: string), KEY.reducesinkkey0 (type: string)
                 outputColumnNames: _col0, _col1
+                Statistics: Num rows: 12 Data size: 127 Basic stats: COMPLETE Column stats: NONE
                 File Output Operator
                   compressed: false
+                  Statistics: Num rows: 12 Data size: 127 Basic stats: COMPLETE Column stats: NONE
                   table:
                       input format: org.apache.hadoop.mapred.TextInputFormat
                       output format: org.apache.hadoop.hive.ql.io.HiveIgnoreKeyTextOutputFormat
@@ -2699,53 +2860,68 @@ STAGE PLANS:
             Map Operator Tree:
                 TableScan
                   alias: src
+                  Statistics: Num rows: 500 Data size: 5312 Basic stats: COMPLETE Column stats: NONE
                   Filter Operator
                     predicate: ((key < 10) or ((key > 10) and (key < 20))) (type: boolean)
+                    Statistics: Num rows: 221 Data size: 2347 Basic stats: COMPLETE Column stats: NONE
                     Select Operator
                       expressions: key (type: string), value (type: string)
                       outputColumnNames: key, value
+                      Statistics: Num rows: 221 Data size: 2347 Basic stats: COMPLETE Column stats: NONE
                       Reduce Output Operator
                         key expressions: key (type: string), value (type: string)
                         sort order: ++
                         Map-reduce partition columns: key (type: string), value (type: string)
+                        Statistics: Num rows: 221 Data size: 2347 Basic stats: COMPLETE Column stats: NONE
         Reducer 2 
             Reduce Operator Tree:
               Forward
+                Statistics: Num rows: 221 Data size: 2347 Basic stats: COMPLETE Column stats: NONE
                 Filter Operator
                   predicate: (KEY._col0 < 10) (type: boolean)
+                  Statistics: Num rows: 73 Data size: 775 Basic stats: COMPLETE Column stats: NONE
                   Group By Operator
                     keys: KEY._col0 (type: string), KEY._col1 (type: string)
                     mode: complete
                     outputColumnNames: _col0, _col1
+                    Statistics: Num rows: 36 Data size: 382 Basic stats: COMPLETE Column stats: NONE
                     Select Operator
                       expressions: _col0 (type: string), _col1 (type: string)
                       outputColumnNames: _col0, _col1
+                      Statistics: Num rows: 36 Data size: 382 Basic stats: COMPLETE Column stats: NONE
                       Reduce Output Operator
                         key expressions: _col0 (type: string)
                         sort order: +
                         Map-reduce partition columns: _col0 (type: string)
+                        Statistics: Num rows: 36 Data size: 382 Basic stats: COMPLETE Column stats: NONE
                         value expressions: _col1 (type: string)
                 Filter Operator
                   predicate: ((KEY._col0 > 10) and (KEY._col0 < 20)) (type: boolean)
+                  Statistics: Num rows: 24 Data size: 254 Basic stats: COMPLETE Column stats: NONE
                   Group By Operator
                     keys: KEY._col0 (type: string), KEY._col1 (type: string)
                     mode: complete
                     outputColumnNames: _col0, _col1
+                    Statistics: Num rows: 12 Data size: 127 Basic stats: COMPLETE Column stats: NONE
                     Select Operator
                       expressions: _col0 (type: string), _col1 (type: string)
                       outputColumnNames: _col0, _col1
+                      Statistics: Num rows: 12 Data size: 127 Basic stats: COMPLETE Column stats: NONE
                       Reduce Output Operator
                         key expressions: _col1 (type: string)
                         sort order: +
                         Map-reduce partition columns: _col1 (type: string)
+                        Statistics: Num rows: 12 Data size: 127 Basic stats: COMPLETE Column stats: NONE
                         value expressions: _col0 (type: string)
         Reducer 3 
             Reduce Operator Tree:
               Select Operator
                 expressions: KEY.reducesinkkey0 (type: string), VALUE._col0 (type: string)
                 outputColumnNames: _col0, _col1
+                Statistics: Num rows: 36 Data size: 382 Basic stats: COMPLETE Column stats: NONE
                 File Output Operator
                   compressed: false
+                  Statistics: Num rows: 36 Data size: 382 Basic stats: COMPLETE Column stats: NONE
                   table:
                       input format: org.apache.hadoop.mapred.TextInputFormat
                       output format: org.apache.hadoop.hive.ql.io.HiveIgnoreKeyTextOutputFormat
@@ -2755,8 +2931,10 @@ STAGE PLANS:
               Select Operator
                 expressions: VALUE._col0 (type: string), KEY.reducesinkkey0 (type: string)
                 outputColumnNames: _col0, _col1
+                Statistics: Num rows: 12 Data size: 127 Basic stats: COMPLETE Column stats: NONE
                 File Output Operator
                   compressed: false
+                  Statistics: Num rows: 12 Data size: 127 Basic stats: COMPLETE Column stats: NONE
                   table:
                       input format: org.apache.hadoop.mapred.TextInputFormat
                       output format: org.apache.hadoop.hive.ql.io.HiveIgnoreKeyTextOutputFormat
@@ -2816,53 +2994,68 @@ STAGE PLANS:
             Map Operator Tree:
                 TableScan
                   alias: src
+                  Statistics: Num rows: 500 Data size: 5312 Basic stats: COMPLETE Column stats: NONE
                   Filter Operator
                     predicate: ((key < 10) or ((key > 10) and (key < 20))) (type: boolean)
+                    Statistics: Num rows: 221 Data size: 2347 Basic stats: COMPLETE Column stats: NONE
                     Select Operator
                       expressions: key (type: string), value (type: string)
                       outputColumnNames: key, value
+                      Statistics: Num rows: 221 Data size: 2347 Basic stats: COMPLETE Column stats: NONE
                       Reduce Output Operator
                         key expressions: key (type: string), value (type: string)
                         sort order: ++
                         Map-reduce partition columns: key (type: string), value (type: string)
+                        Statistics: Num rows: 221 Data size: 2347 Basic stats: COMPLETE Column stats: NONE
         Reducer 2 
             Reduce Operator Tree:
               Forward
+                Statistics: Num rows: 221 Data size: 2347 Basic stats: COMPLETE Column stats: NONE
                 Filter Operator
                   predicate: (KEY._col0 < 10) (type: boolean)
+                  Statistics: Num rows: 73 Data size: 775 Basic stats: COMPLETE Column stats: NONE
                   Group By Operator
                     keys: KEY._col0 (type: string), KEY._col1 (type: string)
                     mode: complete
                     outputColumnNames: _col0, _col1
+                    Statistics: Num rows: 36 Data size: 382 Basic stats: COMPLETE Column stats: NONE
                     Select Operator
                       expressions: _col0 (type: string), _col1 (type: string)
                       outputColumnNames: _col0, _col1
+                      Statistics: Num rows: 36 Data size: 382 Basic stats: COMPLETE Column stats: NONE
                       Reduce Output Operator
                         key expressions: _col0 (type: string)
                         sort order: +
                         Map-reduce partition columns: _col0 (type: string)
+                        Statistics: Num rows: 36 Data size: 382 Basic stats: COMPLETE Column stats: NONE
                         value expressions: _col1 (type: string)
                 Filter Operator
                   predicate: ((KEY._col0 > 10) and (KEY._col0 < 20)) (type: boolean)
+                  Statistics: Num rows: 24 Data size: 254 Basic stats: COMPLETE Column stats: NONE
                   Group By Operator
                     keys: KEY._col0 (type: string), KEY._col1 (type: string)
                     mode: complete
                     outputColumnNames: _col0, _col1
+                    Statistics: Num rows: 12 Data size: 127 Basic stats: COMPLETE Column stats: NONE
                     Select Operator
                       expressions: _col0 (type: string), _col1 (type: string)
                       outputColumnNames: _col0, _col1
+                      Statistics: Num rows: 12 Data size: 127 Basic stats: COMPLETE Column stats: NONE
                       Reduce Output Operator
                         key expressions: _col1 (type: string)
                         sort order: +
                         Map-reduce partition columns: _col1 (type: string)
+                        Statistics: Num rows: 12 Data size: 127 Basic stats: COMPLETE Column stats: NONE
                         value expressions: _col0 (type: string)
         Reducer 3 
             Reduce Operator Tree:
               Select Operator
                 expressions: KEY.reducesinkkey0 (type: string), VALUE._col0 (type: string)
                 outputColumnNames: _col0, _col1
+                Statistics: Num rows: 36 Data size: 382 Basic stats: COMPLETE Column stats: NONE
                 File Output Operator
                   compressed: false
+                  Statistics: Num rows: 36 Data size: 382 Basic stats: COMPLETE Column stats: NONE
                   table:
                       input format: org.apache.hadoop.mapred.TextInputFormat
                       output format: org.apache.hadoop.hive.ql.io.HiveIgnoreKeyTextOutputFormat
@@ -2872,8 +3065,10 @@ STAGE PLANS:
               Select Operator
                 expressions: VALUE._col0 (type: string), KEY.reducesinkkey0 (type: string)
                 outputColumnNames: _col0, _col1
+                Statistics: Num rows: 12 Data size: 127 Basic stats: COMPLETE Column stats: NONE
                 File Output Operator
                   compressed: false
+                  Statistics: Num rows: 12 Data size: 127 Basic stats: COMPLETE Column stats: NONE
                   table:
                       input format: org.apache.hadoop.mapred.TextInputFormat
                       output format: org.apache.hadoop.hive.ql.io.HiveIgnoreKeyTextOutputFormat
@@ -2933,53 +3128,68 @@ STAGE PLANS:
             Map Operator Tree:
                 TableScan
                   alias: src
+                  Statistics: Num rows: 500 Data size: 5312 Basic stats: COMPLETE Column stats: NONE
                   Filter Operator
                     predicate: ((key < 10) or ((key > 10) and (key < 20))) (type: boolean)
+                    Statistics: Num rows: 221 Data size: 2347 Basic stats: COMPLETE Column stats: NONE
                     Select Operator
                       expressions: key (type: string), value (type: string)
                       outputColumnNames: key, value
+                      Statistics: Num rows: 221 Data size: 2347 Basic stats: COMPLETE Column stats: NONE
                       Reduce Output Operator
                         key expressions: key (type: string), value (type: string)
                         sort order: ++
                         Map-reduce partition columns: key (type: string), value (type: string)
+                        Statistics: Num rows: 221 Data size: 2347 Basic stats: COMPLETE Column stats: NONE
         Reducer 2 
             Reduce Operator Tree:
               Forward
+                Statistics: Num rows: 221 Data size: 2347 Basic stats: COMPLETE Column stats: NONE
                 Filter Operator
                   predicate: (KEY._col0 < 10) (type: boolean)
+                  Statistics: Num rows: 73 Data size: 775 Basic stats: COMPLETE Column stats: NONE
                   Group By Operator
                     keys: KEY._col0 (type: string), KEY._col1 (type: string)
                     mode: complete
                     outputColumnNames: _col0, _col1
+                    Statistics: Num rows: 36 Data size: 382 Basic stats: COMPLETE Column stats: NONE
                     Select Operator
                       expressions: _col0 (type: string), _col1 (type: string)
                       outputColumnNames: _col0, _col1
+                      Statistics: Num rows: 36 Data size: 382 Basic stats: COMPLETE Column stats: NONE
                       Reduce Output Operator
                         key expressions: _col0 (type: string)
                         sort order: +
                         Map-reduce partition columns: _col0 (type: string)
+                        Statistics: Num rows: 36 Data size: 382 Basic stats: COMPLETE Column stats: NONE
                         value expressions: _col1 (type: string)
                 Filter Operator
                   predicate: ((KEY._col0 > 10) and (KEY._col0 < 20)) (type: boolean)
+                  Statistics: Num rows: 24 Data size: 254 Basic stats: COMPLETE Column stats: NONE
                   Group By Operator
                     keys: KEY._col0 (type: string), KEY._col1 (type: string)
                     mode: complete
                     outputColumnNames: _col0, _col1
+                    Statistics: Num rows: 12 Data size: 127 Basic stats: COMPLETE Column stats: NONE
                     Select Operator
                       expressions: _col0 (type: string), _col1 (type: string)
                       outputColumnNames: _col0, _col1
+                      Statistics: Num rows: 12 Data size: 127 Basic stats: COMPLETE Column stats: NONE
                       Reduce Output Operator
                         key expressions: _col1 (type: string)
                         sort order: +
                         Map-reduce partition columns: _col1 (type: string)
+                        Statistics: Num rows: 12 Data size: 127 Basic stats: COMPLETE Column stats: NONE
                         value expressions: _col0 (type: string)
         Reducer 3 
             Reduce Operator Tree:
               Select Operator
                 expressions: KEY.reducesinkkey0 (type: string), VALUE._col0 (type: string)
                 outputColumnNames: _col0, _col1
+                Statistics: Num rows: 36 Data size: 382 Basic stats: COMPLETE Column stats: NONE
                 File Output Operator
                   compressed: false
+                  Statistics: Num rows: 36 Data size: 382 Basic stats: COMPLETE Column stats: NONE
                   table:
                       input format: org.apache.hadoop.mapred.TextInputFormat
                       output format: org.apache.hadoop.hive.ql.io.HiveIgnoreKeyTextOutputFormat
@@ -2989,8 +3199,10 @@ STAGE PLANS:
               Select Operator
                 expressions: VALUE._col0 (type: string), KEY.reducesinkkey0 (type: string)
                 outputColumnNames: _col0, _col1
+                Statistics: Num rows: 12 Data size: 127 Basic stats: COMPLETE Column stats: NONE
                 File Output Operator
                   compressed: false
+                  Statistics: Num rows: 12 Data size: 127 Basic stats: COMPLETE Column stats: NONE
                   table:
                       input format: org.apache.hadoop.mapred.TextInputFormat
                       output format: org.apache.hadoop.hive.ql.io.HiveIgnoreKeyTextOutputFormat
@@ -3057,6 +3269,7 @@ STAGE PLANS:
             Map Operator Tree:
                 TableScan
                   alias: src
+                  Statistics: Num rows: 500 Data size: 5312 Basic stats: COMPLETE Column stats: NONE
                   File Output Operator
                     compressed: false
                     table:
@@ -3073,11 +3286,14 @@ STAGE PLANS:
                 TableScan
                   Filter Operator
                     predicate: (key < 10) (type: boolean)
+                    Statistics: Num rows: 166 Data size: 1763 Basic stats: COMPLETE Column stats: NONE
                     Select Operator
                       expressions: key (type: string), value (type: string)
                       outputColumnNames: _col0, _col1
+                      Statistics: Num rows: 166 Data size: 1763 Basic stats: COMPLETE Column stats: NONE
                       File Output Operator
                         compressed: false
+                        Statistics: Num rows: 166 Data size: 1763 Basic stats: COMPLETE Column stats: NONE
                         table:
                             input format: org.apache.hadoop.mapred.TextInputFormat
                             output format: org.apache.hadoop.hive.ql.io.HiveIgnoreKeyTextOutputFormat
@@ -3122,11 +3338,14 @@ STAGE PLANS:
                 TableScan
                   Filter Operator
                     predicate: ((key > 10) and (key < 20)) (type: boolean)
+                    Statistics: Num rows: 55 Data size: 584 Basic stats: COMPLETE Column stats: NONE
                     Select Operator
                       expressions: key (type: string), value (type: string)
                       outputColumnNames: _col0, _col1
+                      Statistics: Num rows: 55 Data size: 584 Basic stats: COMPLETE Column stats: NONE
                       File Output Operator
                         compressed: false
+                        Statistics: Num rows: 55 Data size: 584 Basic stats: COMPLETE Column stats: NONE
                         table:
                             input format: org.apache.hadoop.mapred.TextInputFormat
                             output format: org.apache.hadoop.hive.ql.io.HiveIgnoreKeyTextOutputFormat
@@ -3146,51 +3365,65 @@ STAGE PLANS:
                 TableScan
                   Filter Operator
                     predicate: ((key < 10) or ((key > 10) and (key < 20))) (type: boolean)
+                    Statistics: Num rows: 221 Data size: 2347 Basic stats: COMPLETE Column stats: NONE
                     Select Operator
                       expressions: key (type: string), value (type: string)
                       outputColumnNames: key, value
+                      Statistics: Num rows: 221 Data size: 2347 Basic stats: COMPLETE Column stats: NONE
                       Reduce Output Operator
                         key expressions: key (type: string), value (type: string)
                         sort order: ++
                         Map-reduce partition columns: key (type: string), value (type: string)
+                        Statistics: Num rows: 221 Data size: 2347 Basic stats: COMPLETE Column stats: NONE
         Reducer 5 
             Reduce Operator Tree:
               Forward
+                Statistics: Num rows: 221 Data size: 2347 Basic stats: COMPLETE Column stats: NONE
                 Filter Operator
                   predicate: (KEY._col0 < 10) (type: boolean)
+                  Statistics: Num rows: 73 Data size: 775 Basic stats: COMPLETE Column stats: NONE
                   Group By Operator
                     keys: KEY._col0 (type: string), KEY._col1 (type: string)
                     mode: complete
                     outputColumnNames: _col0, _col1
+                    Statistics: Num rows: 36 Data size: 382 Basic stats: COMPLETE Column stats: NONE
                     Select Operator
                       expressions: _col0 (type: string), _col1 (type: string)
                       outputColumnNames: _col0, _col1
+                      Statistics: Num rows: 36 Data size: 382 Basic stats: COMPLETE Column stats: NONE
                       Reduce Output Operator
                         key expressions: _col0 (type: string)
                         sort order: +
                         Map-reduce partition columns: _col0 (type: string)
+                        Statistics: Num rows: 36 Data size: 382 Basic stats: COMPLETE Column stats: NONE
                         value expressions: _col1 (type: string)
                 Filter Operator
                   predicate: ((KEY._col0 > 10) and (KEY._col0 < 20)) (type: boolean)
+                  Statistics: Num rows: 24 Data size: 254 Basic stats: COMPLETE Column stats: NONE
                   Group By Operator
                     keys: KEY._col0 (type: string), KEY._col1 (type: string)
                     mode: complete
                     outputColumnNames: _col0, _col1
+                    Statistics: Num rows: 12 Data size: 127 Basic stats: COMPLETE Column stats: NONE
                     Select Operator
                       expressions: _col0 (type: string), _col1 (type: string)
                       outputColumnNames: _col0, _col1
+                      Statistics: Num rows: 12 Data size: 127 Basic stats: COMPLETE Column stats: NONE
                       Reduce Output Operator
                         key expressions: _col1 (type: string)
                         sort order: +
                         Map-reduce partition columns: _col1 (type: string)
+                        Statistics: Num rows: 12 Data size: 127 Basic stats: COMPLETE Column stats: NONE
                         value expressions: _col0 (type: string)
         Reducer 6 
             Reduce Operator Tree:
               Select Operator
                 expressions: KEY.reducesinkkey0 (type: string), VALUE._col0 (type: string)
                 outputColumnNames: _col0, _col1
+                Statistics: Num rows: 36 Data size: 382 Basic stats: COMPLETE Column stats: NONE
                 File Output Operator
                   compressed: false
+                  Statistics: Num rows: 36 Data size: 382 Basic stats: COMPLETE Column stats: NONE
                   table:
                       input format: org.apache.hadoop.mapred.TextInputFormat
                       output format: org.apache.hadoop.hive.ql.io.HiveIgnoreKeyTextOutputFormat
@@ -3200,8 +3433,10 @@ STAGE PLANS:
               Select Operator
                 expressions: VALUE._col0 (type: string), KEY.reducesinkkey0 (type: string)
                 outputColumnNames: _col0, _col1
+                Statistics: Num rows: 12 Data size: 127 Basic stats: COMPLETE Column stats: NONE
                 File Output Operator
                   compressed: false
+                  Statistics: Num rows: 12 Data size: 127 Basic stats: COMPLETE Column stats: NONE
                   table:
                       input format: org.apache.hadoop.mapred.TextInputFormat
                       output format: org.apache.hadoop.hive.ql.io.HiveIgnoreKeyTextOutputFormat
@@ -3314,6 +3549,7 @@ STAGE PLANS:
             Map Operator Tree:
                 TableScan
                   alias: src
+                  Statistics: Num rows: 500 Data size: 5312 Basic stats: COMPLETE Column stats: NONE
                   File Output Operator
                     compressed: false
                     table:
@@ -3330,11 +3566,14 @@ STAGE PLANS:
                 TableScan
                   Filter Operator
                     predicate: (key < 10) (type: boolean)
+                    Statistics: Num rows: 166 Data size: 1763 Basic stats: COMPLETE Column stats: NONE
                     Select Operator
                       expressions: key (type: string), value (type: string)
                       outputColumnNames: _col0, _col1
+                      Statistics: Num rows: 166 Data size: 1763 Basic stats: COMPLETE Column stats: NONE
                       File Output Operator
                         compressed: false
+                        Statistics: Num rows: 166 Data size: 1763 Basic stats: COMPLETE Column stats: NONE
                         table:
                             input format: org.apache.hadoop.mapred.TextInputFormat
                             output format: org.apache.hadoop.hive.ql.io.HiveIgnoreKeyTextOutputFormat
@@ -3379,11 +3618,14 @@ STAGE PLANS:
                 TableScan
                   Filter Operator
                     predicate: ((key > 10) and (key < 20)) (type: boolean)
+                    Statistics: Num rows: 55 Data size: 584 Basic stats: COMPLETE Column stats: NONE
                     Select Operator
                       expressions: key (type: string), value (type: string)
                       outputColumnNames: _col0, _col1
+                      Statistics: Num rows: 55 Data size: 584 Basic stats: COMPLETE Column stats: NONE
                       File Output Operator
                         compressed: false
+                        Statistics: Num rows: 55 Data size: 584 Basic stats: COMPLETE Column stats: NONE
                         table:
                             input format: org.apache.hadoop.mapred.TextInputFormat
                             output format: org.apache.hadoop.hive.ql.io.HiveIgnoreKeyTextOutputFormat
@@ -3403,51 +3645,65 @@ STAGE PLANS:
                 TableScan
                   Filter Operator
                     predicate: ((key < 10) or ((key > 10) and (key < 20))) (type: boolean)
+                    Statistics: Num rows: 221 Data size: 2347 Basic stats: COMPLETE Column stats: NONE
                     Select Operator
                       expressions: key (type: string), value (type: string)
                       outputColumnNames: key, value
+                      Statistics: Num rows: 221 Data size: 2347 Basic stats: COMPLETE Column stats: NONE
                       Reduce Output Operator
                         key expressions: key (type: string), value (type: string)
                         sort order: ++
                         Map-reduce partition columns: key (type: string), value (type: string)
+                        Statistics: Num rows: 221 Data size: 2347 Basic stats: COMPLETE Column stats: NONE
         Reducer 5 
             Reduce Operator Tree:
               Forward
+                Statistics: Num rows: 221 Data size: 2347 Basic stats: COMPLETE Column stats: NONE
                 Filter Operator
                   predicate: (KEY._col0 < 10) (type: boolean)
+                  Statistics: Num rows: 73 Data size: 775 Basic stats: COMPLETE Column stats: NONE
                   Group By Operator
                     keys: KEY._col0 (type: string), KEY._col1 (type: string)
                     mode: complete
                     outputColumnNames: _col0, _col1
+                    Statistics: Num rows: 36 Data size: 382 Basic stats: COMPLETE Column stats: NONE
                     Select Operator
                       expressions: _col0 (type: string), _col1 (type: string)
                       outputColumnNames: _col0, _col1
+                      Statistics: Num rows: 36 Data size: 382 Basic stats: COMPLETE Column stats: NONE
                       Reduce Output Operator
                         key expressions: _col0 (type: string)
                         sort order: +
                         Map-reduce partition columns: _col0 (type: string)
+                        Statistics: Num rows: 36 Data size: 382 Basic stats: COMPLETE Column stats: NONE
                         value expressions: _col1 (type: string)
                 Filter Operator
                   predicate: ((KEY._col0 > 10) and (KEY._col0 < 20)) (type: boolean)
+                  Statistics: Num rows: 24 Data size: 254 Basic stats: COMPLETE Column stats: NONE
                   Group By Operator
                     keys: KEY._col0 (type: string), KEY._col1 (type: string)
                     mode: complete
                     outputColumnNames: _col0, _col1
+                    Statistics: Num rows: 12 Data size: 127 Basic stats: COMPLETE Column stats: NONE
                     Select Operator
                       expressions: _col0 (type: string), _col1 (type: string)
                       outputColumnNames: _col0, _col1
+                      Statistics: Num rows: 12 Data size: 127 Basic stats: COMPLETE Column stats: NONE
                       Reduce Output Operator
                         key expressions: _col1 (type: string)
                         sort order: +
                         Map-reduce partition columns: _col1 (type: string)
+                        Statistics: Num rows: 12 Data size: 127 Basic stats: COMPLETE Column stats: NONE
                         value expressions: _col0 (type: string)
         Reducer 6 
             Reduce Operator Tree:
               Select Operator
                 expressions: KEY.reducesinkkey0 (type: string), VALUE._col0 (type: string)
                 outputColumnNames: _col0, _col1
+                Statistics: Num rows: 36 Data size: 382 Basic stats: COMPLETE Column stats: NONE
                 File Output Operator
                   compressed: false
+                  Statistics: Num rows: 36 Data size: 382 Basic stats: COMPLETE Column stats: NONE
                   table:
                       input format: org.apache.hadoop.mapred.TextInputFormat
                       output format: org.apache.hadoop.hive.ql.io.HiveIgnoreKeyTextOutputFormat
@@ -3457,8 +3713,10 @@ STAGE PLANS:
               Select Operator
                 expressions: VALUE._col0 (type: string), KEY.reducesinkkey0 (type: string)
                 outputColumnNames: _col0, _col1
+                Statistics: Num rows: 12 Data size: 127 Basic stats: COMPLETE Column stats: NONE
                 File Output Operator
                   compressed: false
+                  Statistics: Num rows: 12 Data size: 127 Basic stats: COMPLETE Column stats: NONE
                   table:
                       input format: org.apache.hadoop.mapred.TextInputFormat
                       output format: org.apache.hadoop.hive.ql.io.HiveIgnoreKeyTextOutputFormat
@@ -3571,6 +3829,7 @@ STAGE PLANS:
             Map Operator Tree:
                 TableScan
                   alias: src
+                  Statistics: Num rows: 500 Data size: 5312 Basic stats: COMPLETE Column stats: NONE
                   File Output Operator
                     compressed: false
                     table:
@@ -3587,11 +3846,14 @@ STAGE PLANS:
                 TableScan
                   Filter Operator
                     predicate: (key < 10) (type: boolean)
+                    Statistics: Num rows: 166 Data size: 1763 Basic stats: COMPLETE Column stats: NONE
                     Select Operator
                       expressions: key (type: string), value (type: string)
                       outputColumnNames: _col0, _col1
+                      Statistics: Num rows: 166 Data size: 1763 Basic stats: COMPLETE Column stats: NONE
                       File Output Operator
                         compressed: false
+                        Statistics: Num rows: 166 Data size: 1763 Basic stats: COMPLETE Column stats: NONE
                         table:
                             input format: org.apache.hadoop.mapred.TextInputFormat
                             output format: org.apache.hadoop.hive.ql.io.HiveIgnoreKeyTextOutputFormat
@@ -3636,11 +3898,14 @@ STAGE PLANS:
                 TableScan
                   Filter Operator
                     predicate: ((key > 10) and (key < 20)) (type: boolean)
+                    Statistics: Num rows: 55 Data size: 584 Basic stats: COMPLETE Column stats: NONE
                     Select Operator
                       expressions: key (type: string), value (type: string)
                       outputColumnNames: _col0, _col1
+                      Statistics: Num rows: 55 Data size: 584 Basic stats: COMPLETE Column stats: NONE
                       File Output Operator
                         compressed: false
+                        Statistics: Num rows: 55 Data size: 584 Basic stats: COMPLETE Column stats: NONE
                         table:
                             input format: org.apache.hadoop.mapred.TextInputFormat
                             output format: org.apache.hadoop.hive.ql.io.HiveIgnoreKeyTextOutputFormat
@@ -3660,51 +3925,65 @@ STAGE PLANS:
                 TableScan
                   Filter Operator
                     predicate: ((key < 10) or ((key > 10) and (key < 20))) (type: boolean)
+                    Statistics: Num rows: 221 Data size: 2347 Basic stats: COMPLETE Column stats: NONE
                     Select Operator
                       expressions: key (type: string), value (type: string)
                       outputColumnNames: key, value
+                      Statistics: Num rows: 221 Data size: 2347 Basic stats: COMPLETE Column stats: NONE
                       Reduce Output Operator
                         key expressions: key (type: string), value (type: string)
                         sort order: ++
                         Map-reduce partition columns: key (type: string), value (type: string)
+                        Statistics: Num rows: 221 Data size: 2347 Basic stats: COMPLETE Column stats: NONE
         Reducer 5 
             Reduce Operator Tree:
               Forward
+                Statistics: Num rows: 221 Data size: 2347 Basic stats: COMPLETE Column stats: NONE
                 Filter Operator
                   predicate: (KEY._col0 < 10) (type: boolean)
+                  Statistics: Num rows: 73 Data size: 775 Basic stats: COMPLETE Column stats: NONE
                   Group By Operator
                     keys: KEY._col0 (type: string), KEY._col1 (type: string)
                     mode: complete
                     outputColumnNames: _col0, _col1
+                    Statistics: Num rows: 36 Data size: 382 Basic stats: COMPLETE Column stats: NONE
                     Select Operator
                       expressions: _col0 (type: string), _col1 (type: string)
                       outputColumnNames: _col0, _col1
+                      Statistics: Num rows: 36 Data size: 382 Basic stats: COMPLETE Column stats: NONE
                       Reduce Output Operator
                         key expressions: _col0 (type: string)
                         sort order: +
                         Map-reduce partition columns: _col0 (type: string)
+                        Statistics: Num rows: 36 Data size: 382 Basic stats: COMPLETE Column stats: NONE
                         value expressions: _col1 (type: string)
                 Filter Operator
                   predicate: ((KEY._col0 > 10) and (KEY._col0 < 20)) (type: boolean)
+                  Statistics: Num rows: 24 Data size: 254 Basic stats: COMPLETE Column stats: NONE
                   Group By Operator
                     keys: KEY._col0 (type: string), KEY._col1 (type: string)
                     mode: complete
                     outputColumnNames: _col0, _col1
+                    Statistics: Num rows: 12 Data size: 127 Basic stats: COMPLETE Column stats: NONE
                     Select Operator
                       expressions: _col0 (type: string), _col1 (type: string)
                       outputColumnNames: _col0, _col1
+                      Statistics: Num rows: 12 Data size: 127 Basic stats: COMPLETE Column stats: NONE
                       Reduce Output Operator
                         key expressions: _col1 (type: string)
                         sort order: +
                         Map-reduce partition columns: _col1 (type: string)
+                        Statistics: Num rows: 12 Data size: 127 Basic stats: COMPLETE Column stats: NONE
                         value expressions: _col0 (type: string)
         Reducer 6 
             Reduce Operator Tree:
               Select Operator
                 expressions: KEY.reducesinkkey0 (type: string), VALUE._col0 (type: string)
                 outputColumnNames: _col0, _col1
+                Statistics: Num rows: 36 Data size: 382 Basic stats: COMPLETE Column stats: NONE
                 File Output Operator
                   compressed: false
+                  Statistics: Num rows: 36 Data size: 382 Basic stats: COMPLETE Column stats: NONE
                   table:
                       input format: org.apache.hadoop.mapred.TextInputFormat
                       output format: org.apache.hadoop.hive.ql.io.HiveIgnoreKeyTextOutputFormat
@@ -3714,8 +3993,10 @@ STAGE PLANS:
               Select Operator
                 expressions: VALUE._col0 (type: string), KEY.reducesinkkey0 (type: string)
                 outputColumnNames: _col0, _col1
+                Statistics: Num rows: 12 Data size: 127 Basic stats: COMPLETE Column stats: NONE
                 File Output Operator
                   compressed: false
+                  Statistics: Num rows: 12 Data size: 127 Basic stats: COMPLETE Column stats: NONE
                   table:
                       input format: org.apache.hadoop.mapred.TextInputFormat
                       output format: org.apache.hadoop.hive.ql.io.HiveIgnoreKeyTextOutputFormat
@@ -3828,6 +4109,7 @@ STAGE PLANS:
             Map Operator Tree:
                 TableScan
                   alias: src
+                  Statistics: Num rows: 500 Data size: 5312 Basic stats: COMPLETE Column stats: NONE
                   File Output Operator
                     compressed: false
                     table:
@@ -3844,11 +4126,14 @@ STAGE PLANS:
                 TableScan
                   Filter Operator
                     predicate: (key < 10) (type: boolean)
+                    Statistics: Num rows: 166 Data size: 1763 Basic stats: COMPLETE Column stats: NONE
                     Select Operator
                       expressions: key (type: string), value (type: string)
                       outputColumnNames: _col0, _col1
+                      Statistics: Num rows: 166 Data size: 1763 Basic stats: COMPLETE Column stats: NONE
                       File Output Operator
                         compressed: false
+                        Statistics: Num rows: 166 Data size: 1763 Basic stats: COMPLETE Column stats: NONE
                         table:
                             input format: org.apache.hadoop.mapred.TextInputFormat
                             output format: org.apache.hadoop.hive.ql.io.HiveIgnoreKeyTextOutputFormat
@@ -3893,11 +4178,14 @@ STAGE PLANS:
                 TableScan
                   Filter Operator
                     predicate: ((key > 10) and (key < 20)) (type: boolean)
+                    Statistics: Num rows: 55 Data size: 584 Basic stats: COMPLETE Column stats: NONE
                     Select Operator
                       expressions: key (type: string), value (type: string)
                       outputColumnNames: _col0, _col1
+                      Statistics: Num rows: 55 Data size: 584 Basic stats: COMPLETE Column stats: NONE
                       File Output Operator
                         compressed: false
+                        Statistics: Num rows: 55 Data size: 584 Basic stats: COMPLETE Column stats: NONE
                         table:
                             input format: org.apache.hadoop.mapred.TextInputFormat
                             output format: org.apache.hadoop.hive.ql.io.HiveIgnoreKeyTextOutputFormat
@@ -3917,51 +4205,65 @@ STAGE PLANS:
                 TableScan
                   Filter Operator
                     predicate: ((key < 10) or ((key > 10) and (key < 20))) (type: boolean)
+                    Statistics: Num rows: 221 Data size: 2347 Basic stats: COMPLETE Column stats: NONE
                     Select Operator
                       expressions: key (type: string), value (type: string)
                       outputColumnNames: key, value
+                      Statistics: Num rows: 221 Data size: 2347 Basic stats: COMPLETE Column stats: NONE
                       Reduce Output Operator
                         key expressions: key (type: string), value (type: string)
                         sort order: ++
                         Map-reduce partition columns: key (type: string), value (type: string)
+                        Statistics: Num rows: 221 Data size: 2347 Basic stats: COMPLETE Column stats: NONE
         Reducer 5 
             Reduce Operator Tree:
               Forward
+                Statistics: Num rows: 221 Data size: 2347 Basic stats: COMPLETE Column stats: NONE
                 Filter Operator
                   predicate: (KEY._col0 < 10) (type: boolean)
+                  Statistics: Num rows: 73 Data size: 775 Basic stats: COMPLETE Column stats: NONE
                   Group By Operator
                     keys: KEY._col0 (type: string), KEY._col1 (type: string)
                     mode: complete
                     outputColumnNames: _col0, _col1
+                    Statistics: Num rows: 36 Data size: 382 Basic stats: COMPLETE Column stats: NONE
                     Select Operator
                       expressions: _col0 (type: string), _col1 (type: string)
                       outputColumnNames: _col0, _col1
+                      Statistics: Num rows: 36 Data size: 382 Basic stats: COMPLETE Column stats: NONE
                       Reduce Output Operator
                         key expressions: _col0 (type: string)
                         sort order: +
                         Map-reduce partition columns: _col0 (type: string)
+                        Statistics: Num rows: 36 Data size: 382 Basic stats: COMPLETE Column stats: NONE
                         value expressions: _col1 (type: string)
                 Filter Operator
                   predicate: ((KEY._col0 > 10) and (KEY._col0 < 20)) (type: boolean)
+                  Statistics: Num rows: 24 Data size: 254 Basic stats: COMPLETE Column stats: NONE
                   Group By Operator
                     keys: KEY._col0 (type: string), KEY._col1 (type: string)
                     mode: complete
                     outputColumnNames: _col0, _col1
+                    Statistics: Num rows: 12 Data size: 127 Basic stats: COMPLETE Column stats: NONE
                     Select Operator
                       expressions: _col0 (type: string), _col1 (type: string)
                       outputColumnNames: _col0, _col1
+                      Statistics: Num rows: 12 Data size: 127 Basic stats: COMPLETE Column stats: NONE
                       Reduce Output Operator
                         key expressions: _col1 (type: string)
                         sort order: +
                         Map-reduce partition columns: _col1 (type: string)
+                        Statistics: Num rows: 12 Data size: 127 Basic stats: COMPLETE Column stats: NONE
                         value expressions: _col0 (type: string)
         Reducer 6 
             Reduce Operator Tree:
               Select Operator
                 expressions: KEY.reducesinkkey0 (type: string), VALUE._col0 (type: string)
                 outputColumnNames: _col0, _col1
+                Statistics: Num rows: 36 Data size: 382 Basic stats: COMPLETE Column stats: NONE
                 File Output Operator
                   compressed: false
+                  Statistics: Num rows: 36 Data size: 382 Basic stats: COMPLETE Column stats: NONE
                   table:
                       input format: org.apache.hadoop.mapred.TextInputFormat
                       output format: org.apache.hadoop.hive.ql.io.HiveIgnoreKeyTextOutputFormat
@@ -3971,8 +4273,10 @@ STAGE PLANS:
               Select Operator
                 expressions: VALUE._col0 (type: string), KEY.reducesinkkey0 (type: string)
                 outputColumnNames: _col0, _col1
+                Statistics: Num rows: 12 Data size: 127 Basic stats: COMPLETE Column stats: NONE
                 File Output Operator
                   compressed: false
+                  Statistics: Num rows: 12 Data size: 127 Basic stats: COMPLETE Column stats: NONE
                   table:
                       input format: org.apache.hadoop.mapred.TextInputFormat
                       output format: org.apache.hadoop.hive.ql.io.HiveIgnoreKeyTextOutputFormat
diff --git a/ql/src/test/results/clientpositive/spark/multigroupby_singlemr.q.out b/ql/src/test/results/clientpositive/spark/multigroupby_singlemr.q.out
index 44991e39dd..4ded9d205a 100644
--- a/ql/src/test/results/clientpositive/spark/multigroupby_singlemr.q.out
+++ b/ql/src/test/results/clientpositive/spark/multigroupby_singlemr.q.out
@@ -67,6 +67,7 @@ STAGE PLANS:
             Map Operator Tree:
                 TableScan
                   alias: tbl
+                  Statistics: Num rows: 0 Data size: 0 Basic stats: NONE Column stats: NONE
                   File Output Operator
                     compressed: false
                     table:
@@ -86,15 +87,18 @@ STAGE PLANS:
                   Select Operator
                     expressions: c1 (type: int), c2 (type: int)
                     outputColumnNames: c1, c2
+                    Statistics: Num rows: 0 Data size: 0 Basic stats: NONE Column stats: NONE
                     Group By Operator
                       aggregations: count(c2)
                       keys: c1 (type: int)
                       mode: hash
                       outputColumnNames: _col0, _col1
+                      Statistics: Num rows: 0 Data size: 0 Basic stats: NONE Column stats: NONE
                       Reduce Output Operator
                         key expressions: _col0 (type: int)
                         sort order: +
                         Map-reduce partition columns: _col0 (type: int)
+                        Statistics: Num rows: 0 Data size: 0 Basic stats: NONE Column stats: NONE
                         value expressions: _col1 (type: bigint)
         Reducer 4 
             Reduce Operator Tree:
@@ -103,11 +107,14 @@ STAGE PLANS:
                 keys: KEY._col0 (type: int)
                 mode: mergepartial
                 outputColumnNames: _col0, _col1
+                Statistics: Num rows: 0 Data size: 0 Basic stats: NONE Column stats: NONE
                 Select Operator
                   expressions: _col0 (type: int), UDFToInteger(_col1) (type: int)
                   outputColumnNames: _col0, _col1
+                  Statistics: Num rows: 0 Data size: 0 Basic stats: NONE Column stats: NONE
                   File Output Operator
                     compressed: false
+                    Statistics: Num rows: 0 Data size: 0 Basic stats: NONE Column stats: NONE
                     table:
                         input format: org.apache.hadoop.mapred.TextInputFormat
                         output format: org.apache.hadoop.hive.ql.io.HiveIgnoreKeyTextOutputFormat
@@ -155,15 +162,18 @@ STAGE PLANS:
                   Select Operator
                     expressions: c1 (type: int), c2 (type: int), c3 (type: int)
                     outputColumnNames: c1, c2, c3
+                    Statistics: Num rows: 0 Data size: 0 Basic stats: NONE Column stats: NONE
                     Group By Operator
                       aggregations: count(c3)
                       keys: c1 (type: int), c2 (type: int)
                       mode: hash
                       outputColumnNames: _col0, _col1, _col2
+                      Statistics: Num rows: 0 Data size: 0 Basic stats: NONE Column stats: NONE
                       Reduce Output Operator
                         key expressions: _col0 (type: int), _col1 (type: int)
                         sort order: ++
                         Map-reduce partition columns: _col0 (type: int), _col1 (type: int)
+                        Statistics: Num rows: 0 Data size: 0 Basic stats: NONE Column stats: NONE
                         value expressions: _col2 (type: bigint)
         Reducer 5 
             Reduce Operator Tree:
@@ -172,11 +182,14 @@ STAGE PLANS:
                 keys: KEY._col0 (type: int), KEY._col1 (type: int)
                 mode: mergepartial
                 outputColumnNames: _col0, _col1, _col2
+                Statistics: Num rows: 0 Data size: 0 Basic stats: NONE Column stats: NONE
                 Select Operator
                   expressions: _col0 (type: int), _col1 (type: int), UDFToInteger(_col2) (type: int)
                   outputColumnNames: _col0, _col1, _col2
+                  Statistics: Num rows: 0 Data size: 0 Basic stats: NONE Column stats: NONE
                   File Output Operator
                     compressed: false
+                    Statistics: Num rows: 0 Data size: 0 Basic stats: NONE Column stats: NONE
                     table:
                         input format: org.apache.hadoop.mapred.TextInputFormat
                         output format: org.apache.hadoop.hive.ql.io.HiveIgnoreKeyTextOutputFormat
@@ -212,6 +225,7 @@ STAGE PLANS:
             Map Operator Tree:
                 TableScan
                   alias: tbl
+                  Statistics: Num rows: 0 Data size: 0 Basic stats: NONE Column stats: NONE
                   File Output Operator
                     compressed: false
                     table:
@@ -231,15 +245,18 @@ STAGE PLANS:
                   Select Operator
                     expressions: c1 (type: int), c2 (type: int)
                     outputColumnNames: c1, c2
+                    Statistics: Num rows: 0 Data size: 0 Basic stats: NONE Column stats: NONE
                     Group By Operator
                       aggregations: count(c2)
                       keys: c1 (type: int)
                       mode: hash
                       outputColumnNames: _col0, _col1
+                      Statistics: Num rows: 0 Data size: 0 Basic stats: NONE Column stats: NONE
                       Reduce Output Operator
                         key expressions: _col0 (type: int)
                         sort order: +
                         Map-reduce partition columns: _col0 (type: int)
+                        Statistics: Num rows: 0 Data size: 0 Basic stats: NONE Column stats: NONE
                         value expressions: _col1 (type: bigint)
         Reducer 4 
             Reduce Operator Tree:
@@ -248,11 +265,14 @@ STAGE PLANS:
                 keys: KEY._col0 (type: int)
                 mode: mergepartial
                 outputColumnNames: _col0, _col1
+                Statistics: Num rows: 0 Data size: 0 Basic stats: NONE Column stats: NONE
                 Select Operator
                   expressions: _col0 (type: int), UDFToInteger(_col1) (type: int)
                   outputColumnNames: _col0, _col1
+                  Statistics: Num rows: 0 Data size: 0 Basic stats: NONE Column stats: NONE
                   File Output Operator
                     compressed: false
+                    Statistics: Num rows: 0 Data size: 0 Basic stats: NONE Column stats: NONE
                     table:
                         input format: org.apache.hadoop.mapred.TextInputFormat
                         output format: org.apache.hadoop.hive.ql.io.HiveIgnoreKeyTextOutputFormat
@@ -300,15 +320,18 @@ STAGE PLANS:
                   Select Operator
                     expressions: c2 (type: int), c1 (type: int), c3 (type: int)
                     outputColumnNames: c2, c1, c3
+                    Statistics: Num rows: 0 Data size: 0 Basic stats: NONE Column stats: NONE
                     Group By Operator
                       aggregations: count(c3)
                       keys: c2 (type: int), c1 (type: int)
                       mode: hash
                       outputColumnNames: _col0, _col1, _col2
+                      Statistics: Num rows: 0 Data size: 0 Basic stats: NONE Column stats: NONE
                       Reduce Output Operator
                         key expressions: _col0 (type: int), _col1 (type: int)
                         sort order: ++
                         Map-reduce partition columns: _col0 (type: int), _col1 (type: int)
+                        Statistics: Num rows: 0 Data size: 0 Basic stats: NONE Column stats: NONE
                         value expressions: _col2 (type: bigint)
         Reducer 5 
             Reduce Operator Tree:
@@ -317,11 +340,14 @@ STAGE PLANS:
                 keys: KEY._col0 (type: int), KEY._col1 (type: int)
                 mode: mergepartial
                 outputColumnNames: _col0, _col1, _col2
+                Statistics: Num rows: 0 Data size: 0 Basic stats: NONE Column stats: NONE
                 Select Operator
                   expressions: _col1 (type: int), _col0 (type: int), UDFToInteger(_col2) (type: int)
                   outputColumnNames: _col0, _col1, _col2
+                  Statistics: Num rows: 0 Data size: 0 Basic stats: NONE Column stats: NONE
                   File Output Operator
                     compressed: false
+                    Statistics: Num rows: 0 Data size: 0 Basic stats: NONE Column stats: NONE
                     table:
                         input format: org.apache.hadoop.mapred.TextInputFormat
                         output format: org.apache.hadoop.hive.ql.io.HiveIgnoreKeyTextOutputFormat
@@ -357,6 +383,7 @@ STAGE PLANS:
             Map Operator Tree:
                 TableScan
                   alias: tbl
+                  Statistics: Num rows: 0 Data size: 0 Basic stats: NONE Column stats: NONE
                   File Output Operator
                     compressed: false
                     table:
@@ -376,15 +403,18 @@ STAGE PLANS:
                   Select Operator
                     expressions: c1 (type: int), c2 (type: int), c3 (type: int), c4 (type: int)
                     outputColumnNames: c1, c2, c3, c4
+                    Statistics: Num rows: 0 Data size: 0 Basic stats: NONE Column stats: NONE
                     Group By Operator
                       aggregations: count(c4)
                       keys: c1 (type: int), c2 (type: int), c3 (type: int)
                       mode: hash
                       outputColumnNames: _col0, _col1, _col2, _col3
+                      Statistics: Num rows: 0 Data size: 0 Basic stats: NONE Column stats: NONE
                       Reduce Output Operator
                         key expressions: _col0 (type: int), _col1 (type: int), _col2 (type: int)
                         sort order: +++
                         Map-reduce partition columns: _col0 (type: int), _col1 (type: int), _col2 (type: int)
+                        Statistics: Num rows: 0 Data size: 0 Basic stats: NONE Column stats: NONE
                         value expressions: _col3 (type: bigint)
         Reducer 4 
             Reduce Operator Tree:
@@ -393,11 +423,14 @@ STAGE PLANS:
                 keys: KEY._col0 (type: int), KEY._col1 (type: int), KEY._col2 (type: int)
                 mode: mergepartial
                 outputColumnNames: _col0, _col1, _col2, _col3
+                Statistics: Num rows: 0 Data size: 0 Basic stats: NONE Column stats: NONE
                 Select Operator
                   expressions: _col0 (type: int), _col1 (type: int), _col2 (type: int), UDFToInteger(_col3) (type: int)
                   outputColumnNames: _col0, _col1, _col2, _col3
+                  Statistics: Num rows: 0 Data size: 0 Basic stats: NONE Column stats: NONE
                   File Output Operator
                     compressed: false
+                    Statistics: Num rows: 0 Data size: 0 Basic stats: NONE Column stats: NONE
                     table:
                         input format: org.apache.hadoop.mapred.TextInputFormat
                         output format: org.apache.hadoop.hive.ql.io.HiveIgnoreKeyTextOutputFormat
@@ -445,15 +478,18 @@ STAGE PLANS:
                   Select Operator
                     expressions: c1 (type: int), c2 (type: int), c3 (type: int)
                     outputColumnNames: c1, c2, c3
+                    Statistics: Num rows: 0 Data size: 0 Basic stats: NONE Column stats: NONE
                     Group By Operator
                       aggregations: count(c3)
                       keys: c1 (type: int), c2 (type: int)
                       mode: hash
                       outputColumnNames: _col0, _col1, _col2
+                      Statistics: Num rows: 0 Data size: 0 Basic stats: NONE Column stats: NONE
                       Reduce Output Operator
                         key expressions: _col0 (type: int), _col1 (type: int)
                         sort order: ++
                         Map-reduce partition columns: _col0 (type: int), _col1 (type: int)
+                        Statistics: Num rows: 0 Data size: 0 Basic stats: NONE Column stats: NONE
                         value expressions: _col2 (type: bigint)
         Reducer 5 
             Reduce Operator Tree:
@@ -462,11 +498,14 @@ STAGE PLANS:
                 keys: KEY._col0 (type: int), KEY._col1 (type: int)
                 mode: mergepartial
                 outputColumnNames: _col0, _col1, _col2
+                Statistics: Num rows: 0 Data size: 0 Basic stats: NONE Column stats: NONE
                 Select Operator
                   expressions: _col0 (type: int), _col1 (type: int), UDFToInteger(_col2) (type: int)
                   outputColumnNames: _col0, _col1, _col2
+                  Statistics: Num rows: 0 Data size: 0 Basic stats: NONE Column stats: NONE
                   File Output Operator
                     compressed: false
+                    Statistics: Num rows: 0 Data size: 0 Basic stats: NONE Column stats: NONE
                     table:
                         input format: org.apache.hadoop.mapred.TextInputFormat
                         output format: org.apache.hadoop.hive.ql.io.HiveIgnoreKeyTextOutputFormat
@@ -502,27 +541,34 @@ STAGE PLANS:
             Map Operator Tree:
                 TableScan
                   alias: tbl
+                  Statistics: Num rows: 0 Data size: 0 Basic stats: NONE Column stats: NONE
                   Select Operator
                     expressions: c1 (type: int), c2 (type: int), c3 (type: int), c4 (type: int)
                     outputColumnNames: c1, c2, c3, c4
+                    Statistics: Num rows: 0 Data size: 0 Basic stats: NONE Column stats: NONE
                     Reduce Output Operator
                       key expressions: c1 (type: int), c2 (type: int), c3 (type: int)
                       sort order: +++
                       Map-reduce partition columns: c1 (type: int), c2 (type: int), c3 (type: int)
+                      Statistics: Num rows: 0 Data size: 0 Basic stats: NONE Column stats: NONE
                       value expressions: c4 (type: int)
         Reducer 2 
             Reduce Operator Tree:
               Forward
+                Statistics: Num rows: 0 Data size: 0 Basic stats: NONE Column stats: NONE
                 Group By Operator
                   aggregations: count(VALUE._col0)
                   keys: KEY._col0 (type: int), KEY._col1 (type: int), KEY._col2 (type: int)
                   mode: complete
                   outputColumnNames: _col0, _col1, _col2, _col3
+                  Statistics: Num rows: 0 Data size: 0 Basic stats: NONE Column stats: NONE
                   Select Operator
                     expressions: _col0 (type: int), _col1 (type: int), _col2 (type: int), UDFToInteger(_col3) (type: int)
                     outputColumnNames: _col0, _col1, _col2, _col3
+                    Statistics: Num rows: 0 Data size: 0 Basic stats: NONE Column stats: NONE
                     File Output Operator
                       compressed: false
+                      Statistics: Num rows: 0 Data size: 0 Basic stats: NONE Column stats: NONE
                       table:
                           input format: org.apache.hadoop.mapred.TextInputFormat
                           output format: org.apache.hadoop.hive.ql.io.HiveIgnoreKeyTextOutputFormat
@@ -533,11 +579,14 @@ STAGE PLANS:
                   keys: KEY._col0 (type: int), KEY._col2 (type: int), KEY._col1 (type: int)
                   mode: complete
                   outputColumnNames: _col0, _col1, _col2, _col3
+                  Statistics: Num rows: 0 Data size: 0 Basic stats: NONE Column stats: NONE
                   Select Operator
                     expressions: _col0 (type: int), _col2 (type: int), _col1 (type: int), UDFToInteger(_col3) (type: int)
                     outputColumnNames: _col0, _col1, _col2, _col3
+                    Statistics: Num rows: 0 Data size: 0 Basic stats: NONE Column stats: NONE
                     File Output Operator
                       compressed: false
+                      Statistics: Num rows: 0 Data size: 0 Basic stats: NONE Column stats: NONE
                       table:
                           input format: org.apache.hadoop.mapred.TextInputFormat
                           output format: org.apache.hadoop.hive.ql.io.HiveIgnoreKeyTextOutputFormat
@@ -607,6 +656,7 @@ STAGE PLANS:
             Map Operator Tree:
                 TableScan
                   alias: tbl
+                  Statistics: Num rows: 0 Data size: 0 Basic stats: NONE Column stats: NONE
                   File Output Operator
                     compressed: false
                     table:
@@ -626,15 +676,18 @@ STAGE PLANS:
                   Select Operator
                     expressions: c1 (type: int), c2 (type: int), c3 (type: int), c4 (type: int)
                     outputColumnNames: c1, c2, c3, c4
+                    Statistics: Num rows: 0 Data size: 0 Basic stats: NONE Column stats: NONE
                     Group By Operator
                       aggregations: count(c4)
                       keys: c1 (type: int), c2 (type: int), c3 (type: int)
                       mode: hash
                       outputColumnNames: _col0, _col1, _col2, _col3
+                      Statistics: Num rows: 0 Data size: 0 Basic stats: NONE Column stats: NONE
                       Reduce Output Operator
                         key expressions: _col0 (type: int), _col1 (type: int), _col2 (type: int)
                         sort order: +++
                         Map-reduce partition columns: _col0 (type: int), _col1 (type: int), _col2 (type: int)
+                        Statistics: Num rows: 0 Data size: 0 Basic stats: NONE Column stats: NONE
                         value expressions: _col3 (type: bigint)
         Reducer 5 
             Reduce Operator Tree:
@@ -643,11 +696,14 @@ STAGE PLANS:
                 keys: KEY._col0 (type: int), KEY._col1 (type: int), KEY._col2 (type: int)
                 mode: mergepartial
                 outputColumnNames: _col0, _col1, _col2, _col3
+                Statistics: Num rows: 0 Data size: 0 Basic stats: NONE Column stats: NONE
                 Select Operator
                   expressions: _col0 (type: int), _col1 (type: int), _col2 (type: int), UDFToInteger(_col3) (type: int)
                   outputColumnNames: _col0, _col1, _col2, _col3
+                  Statistics: Num rows: 0 Data size: 0 Basic stats: NONE Column stats: NONE
                   File Output Operator
                     compressed: false
+                    Statistics: Num rows: 0 Data size: 0 Basic stats: NONE Column stats: NONE
                     table:
                         input format: org.apache.hadoop.mapred.TextInputFormat
                         output format: org.apache.hadoop.hive.ql.io.HiveIgnoreKeyTextOutputFormat
@@ -708,15 +764,18 @@ STAGE PLANS:
                   Select Operator
                     expressions: c1 (type: int), c2 (type: int), c3 (type: int)
                     outputColumnNames: c1, c2, c3
+                    Statistics: Num rows: 0 Data size: 0 Basic stats: NONE Column stats: NONE
                     Group By Operator
                       aggregations: count(c3)
                       keys: c1 (type: int), c2 (type: int)
                       mode: hash
                       outputColumnNames: _col0, _col1, _col2
+                      Statistics: Num rows: 0 Data size: 0 Basic stats: NONE Column stats: NONE
                       Reduce Output Operator
                         key expressions: _col0 (type: int), _col1 (type: int)
                         sort order: ++
                         Map-reduce partition columns: _col0 (type: int), _col1 (type: int)
+                        Statistics: Num rows: 0 Data size: 0 Basic stats: NONE Column stats: NONE
                         value expressions: _col2 (type: bigint)
         Reducer 6 
             Reduce Operator Tree:
@@ -725,11 +784,14 @@ STAGE PLANS:
                 keys: KEY._col0 (type: int), KEY._col1 (type: int)
                 mode: mergepartial
                 outputColumnNames: _col0, _col1, _col2
+                Statistics: Num rows: 0 Data size: 0 Basic stats: NONE Column stats: NONE
                 Select Operator
                   expressions: _col0 (type: int), _col1 (type: int), UDFToInteger(_col2) (type: int)
                   outputColumnNames: _col0, _col1, _col2
+                  Statistics: Num rows: 0 Data size: 0 Basic stats: NONE Column stats: NONE
                   File Output Operator
                     compressed: false
+                    Statistics: Num rows: 0 Data size: 0 Basic stats: NONE Column stats: NONE
                     table:
                         input format: org.apache.hadoop.mapred.TextInputFormat
                         output format: org.apache.hadoop.hive.ql.io.HiveIgnoreKeyTextOutputFormat
@@ -748,15 +810,18 @@ STAGE PLANS:
                   Select Operator
                     expressions: c1 (type: int), c2 (type: int)
                     outputColumnNames: c1, c2
+                    Statistics: Num rows: 0 Data size: 0 Basic stats: NONE Column stats: NONE
                     Group By Operator
                       aggregations: count(c2)
                       keys: c1 (type: int)
                       mode: hash
                       outputColumnNames: _col0, _col1
+                      Statistics: Num rows: 0 Data size: 0 Basic stats: NONE Column stats: NONE
                       Reduce Output Operator
                         key expressions: _col0 (type: int)
                         sort order: +
                         Map-reduce partition columns: _col0 (type: int)
+                        Statistics: Num rows: 0 Data size: 0 Basic stats: NONE Column stats: NONE
                         value expressions: _col1 (type: bigint)
         Reducer 7 
             Reduce Operator Tree:
@@ -765,11 +830,14 @@ STAGE PLANS:
                 keys: KEY._col0 (type: int)
                 mode: mergepartial
                 outputColumnNames: _col0, _col1
+                Statistics: Num rows: 0 Data size: 0 Basic stats: NONE Column stats: NONE
                 Select Operator
                   expressions: _col0 (type: int), UDFToInteger(_col1) (type: int)
                   outputColumnNames: _col0, _col1
+                  Statistics: Num rows: 0 Data size: 0 Basic stats: NONE Column stats: NONE
                   File Output Operator
                     compressed: false
+                    Statistics: Num rows: 0 Data size: 0 Basic stats: NONE Column stats: NONE
                     table:
                         input format: org.apache.hadoop.mapred.TextInputFormat
                         output format: org.apache.hadoop.hive.ql.io.HiveIgnoreKeyTextOutputFormat
diff --git a/ql/src/test/results/clientpositive/spark/optimize_nullscan.q.out b/ql/src/test/results/clientpositive/spark/optimize_nullscan.q.out
index a4b8a90338..d9de8d9602 100644
--- a/ql/src/test/results/clientpositive/spark/optimize_nullscan.q.out
+++ b/ql/src/test/results/clientpositive/spark/optimize_nullscan.q.out
@@ -37,13 +37,16 @@ STAGE PLANS:
       Processor Tree:
         TableScan
           alias: src
+          Statistics: Num rows: 500 Data size: 5312 Basic stats: COMPLETE Column stats: NONE
           GatherStats: false
           Filter Operator
             isSamplingPred: false
             predicate: false (type: boolean)
+            Statistics: Num rows: 0 Data size: 0 Basic stats: NONE Column stats: NONE
             Select Operator
               expressions: key (type: string)
               outputColumnNames: _col0
+              Statistics: Num rows: 0 Data size: 0 Basic stats: NONE Column stats: NONE
               ListSink
 
 PREHOOK: query: select key from src where false
@@ -106,14 +109,17 @@ STAGE PLANS:
                 keys: KEY._col0 (type: string)
                 mode: mergepartial
                 outputColumnNames: _col0, _col1
+                Statistics: Num rows: 0 Data size: 0 Basic stats: NONE Column stats: NONE
                 Select Operator
                   expressions: _col1 (type: bigint)
                   outputColumnNames: _col0
+                  Statistics: Num rows: 0 Data size: 0 Basic stats: NONE Column stats: NONE
                   File Output Operator
                     compressed: false
                     GlobalTableId: 0
 #### A masked pattern was here ####
                     NumFilesPerFileSink: 1
+                    Statistics: Num rows: 0 Data size: 0 Basic stats: NONE Column stats: NONE
 #### A masked pattern was here ####
                     table:
                         input format: org.apache.hadoop.mapred.TextInputFormat
@@ -223,17 +229,21 @@ STAGE PLANS:
             Map Operator Tree:
                 TableScan
                   alias: src
+                  Statistics: Num rows: 500 Data size: 5312 Basic stats: COMPLETE Column stats: NONE
                   GatherStats: false
                   Filter Operator
                     isSamplingPred: false
                     predicate: false (type: boolean)
+                    Statistics: Num rows: 0 Data size: 0 Basic stats: NONE Column stats: NONE
                     Select Operator
                       expressions: key (type: string)
                       outputColumnNames: _col0
+                      Statistics: Num rows: 0 Data size: 0 Basic stats: NONE Column stats: NONE
                       Reduce Output Operator
                         key expressions: _col0 (type: string)
                         sort order: +
                         Map-reduce partition columns: _col0 (type: string)
+                        Statistics: Num rows: 0 Data size: 0 Basic stats: NONE Column stats: NONE
                         tag: 0
                         auto parallelism: true
             Path -> Alias:
@@ -289,14 +299,18 @@ STAGE PLANS:
             Map Operator Tree:
                 TableScan
                   alias: srcpart
+                  Statistics: Num rows: 2000 Data size: 21248 Basic stats: COMPLETE Column stats: NONE
                   GatherStats: false
                   Select Operator
                     expressions: key (type: string)
                     outputColumnNames: _col0
+                    Statistics: Num rows: 2000 Data size: 21248 Basic stats: COMPLETE Column stats: NONE
                     Limit
                       Number of rows: 0
+                      Statistics: Num rows: 0 Data size: 0 Basic stats: NONE Column stats: NONE
                       Reduce Output Operator
                         sort order: 
+                        Statistics: Num rows: 0 Data size: 0 Basic stats: NONE Column stats: NONE
                         tag: -1
                         value expressions: _col0 (type: string)
                         auto parallelism: false
@@ -505,14 +519,17 @@ STAGE PLANS:
                   0 {KEY.reducesinkkey0}
                   1 {KEY.reducesinkkey0}
                 outputColumnNames: _col0, _col1
+                Statistics: Num rows: 0 Data size: 0 Basic stats: NONE Column stats: NONE
                 Select Operator
                   expressions: _col0 (type: string), _col1 (type: string)
                   outputColumnNames: _col0, _col1
+                  Statistics: Num rows: 0 Data size: 0 Basic stats: NONE Column stats: NONE
                   File Output Operator
                     compressed: false
                     GlobalTableId: 0
 #### A masked pattern was here ####
                     NumFilesPerFileSink: 1
+                    Statistics: Num rows: 0 Data size: 0 Basic stats: NONE Column stats: NONE
 #### A masked pattern was here ####
                     table:
                         input format: org.apache.hadoop.mapred.TextInputFormat
@@ -534,12 +551,15 @@ STAGE PLANS:
               Select Operator
                 expressions: VALUE._col0 (type: string)
                 outputColumnNames: _col0
+                Statistics: Num rows: 0 Data size: 0 Basic stats: NONE Column stats: NONE
                 Limit
                   Number of rows: 0
+                  Statistics: Num rows: 0 Data size: 0 Basic stats: NONE Column stats: NONE
                   Reduce Output Operator
                     key expressions: _col0 (type: string)
                     sort order: +
                     Map-reduce partition columns: _col0 (type: string)
+                    Statistics: Num rows: 0 Data size: 0 Basic stats: NONE Column stats: NONE
                     tag: 1
                     auto parallelism: true
 
@@ -638,16 +658,20 @@ STAGE PLANS:
             Map Operator Tree:
                 TableScan
                   alias: srcpart
+                  Statistics: Num rows: 2000 Data size: 21248 Basic stats: COMPLETE Column stats: NONE
                   GatherStats: false
                   Select Operator
                     expressions: key (type: string)
                     outputColumnNames: key
+                    Statistics: Num rows: 2000 Data size: 21248 Basic stats: COMPLETE Column stats: NONE
                     Group By Operator
                       aggregations: count(key)
                       mode: hash
                       outputColumnNames: _col0
+                      Statistics: Num rows: 1 Data size: 8 Basic stats: COMPLETE Column stats: NONE
                       Reduce Output Operator
                         sort order: 
+                        Statistics: Num rows: 1 Data size: 8 Basic stats: COMPLETE Column stats: NONE
                         tag: -1
                         value expressions: _col0 (type: bigint)
                         auto parallelism: false
@@ -847,19 +871,24 @@ STAGE PLANS:
             Map Operator Tree:
                 TableScan
                   alias: src
+                  Statistics: Num rows: 500 Data size: 5312 Basic stats: COMPLETE Column stats: NONE
                   GatherStats: false
                   Filter Operator
                     isSamplingPred: false
                     predicate: false (type: boolean)
+                    Statistics: Num rows: 0 Data size: 0 Basic stats: NONE Column stats: NONE
                     Select Operator
                       expressions: key (type: string)
                       outputColumnNames: key
+                      Statistics: Num rows: 0 Data size: 0 Basic stats: NONE Column stats: NONE
                       Group By Operator
                         aggregations: count(key)
                         mode: hash
                         outputColumnNames: _col0
+                        Statistics: Num rows: 1 Data size: 8 Basic stats: COMPLETE Column stats: NONE
                         Reduce Output Operator
                           sort order: 
+                          Statistics: Num rows: 1 Data size: 8 Basic stats: COMPLETE Column stats: NONE
                           tag: -1
                           value expressions: _col0 (type: bigint)
                           auto parallelism: false
@@ -1077,15 +1106,19 @@ STAGE PLANS:
             Map Operator Tree:
                 TableScan
                   alias: src
+                  Statistics: Num rows: 500 Data size: 5312 Basic stats: COMPLETE Column stats: NONE
                   GatherStats: false
                   Filter Operator
                     isSamplingPred: false
                     predicate: false (type: boolean)
+                    Statistics: Num rows: 0 Data size: 0 Basic stats: NONE Column stats: NONE
                     Select Operator
                       expressions: key (type: string)
                       outputColumnNames: _col0
+                      Statistics: Num rows: 0 Data size: 0 Basic stats: NONE Column stats: NONE
                       Reduce Output Operator
                         sort order: 
+                        Statistics: Num rows: 0 Data size: 0 Basic stats: NONE Column stats: NONE
                         tag: 0
                         value expressions: _col0 (type: string)
                         auto parallelism: false
@@ -1142,14 +1175,18 @@ STAGE PLANS:
             Map Operator Tree:
                 TableScan
                   alias: srcpart
+                  Statistics: Num rows: 2000 Data size: 21248 Basic stats: COMPLETE Column stats: NONE
                   GatherStats: false
                   Select Operator
                     expressions: value (type: string)
                     outputColumnNames: _col0
+                    Statistics: Num rows: 2000 Data size: 21248 Basic stats: COMPLETE Column stats: NONE
                     Limit
                       Number of rows: 0
+                      Statistics: Num rows: 0 Data size: 0 Basic stats: NONE Column stats: NONE
                       Reduce Output Operator
                         sort order: 
+                        Statistics: Num rows: 0 Data size: 0 Basic stats: NONE Column stats: NONE
                         tag: -1
                         value expressions: _col0 (type: string)
                         auto parallelism: false
@@ -1358,14 +1395,17 @@ STAGE PLANS:
                   0 {VALUE._col0}
                   1 {VALUE._col0}
                 outputColumnNames: _col0, _col1
+                Statistics: Num rows: 0 Data size: 0 Basic stats: NONE Column stats: NONE
                 Select Operator
                   expressions: _col0 (type: string), _col1 (type: string)
                   outputColumnNames: _col0, _col1
+                  Statistics: Num rows: 0 Data size: 0 Basic stats: NONE Column stats: NONE
                   File Output Operator
                     compressed: false
                     GlobalTableId: 0
 #### A masked pattern was here ####
                     NumFilesPerFileSink: 1
+                    Statistics: Num rows: 0 Data size: 0 Basic stats: NONE Column stats: NONE
 #### A masked pattern was here ####
                     table:
                         input format: org.apache.hadoop.mapred.TextInputFormat
@@ -1387,10 +1427,13 @@ STAGE PLANS:
               Select Operator
                 expressions: VALUE._col0 (type: string)
                 outputColumnNames: _col0
+                Statistics: Num rows: 0 Data size: 0 Basic stats: NONE Column stats: NONE
                 Limit
                   Number of rows: 0
+                  Statistics: Num rows: 0 Data size: 0 Basic stats: NONE Column stats: NONE
                   Reduce Output Operator
                     sort order: 
+                    Statistics: Num rows: 0 Data size: 0 Basic stats: NONE Column stats: NONE
                     tag: 1
                     value expressions: _col0 (type: string)
                     auto parallelism: false
@@ -1500,11 +1543,13 @@ STAGE PLANS:
             Map Operator Tree:
                 TableScan
                   alias: srcpart
+                  Statistics: Num rows: 2000 Data size: 21248 Basic stats: COMPLETE Column stats: NONE
                   GatherStats: false
                   Reduce Output Operator
                     key expressions: key (type: string)
                     sort order: +
                     Map-reduce partition columns: key (type: string)
+                    Statistics: Num rows: 2000 Data size: 21248 Basic stats: COMPLETE Column stats: NONE
                     tag: 1
                     auto parallelism: true
             Path -> Alias:
@@ -1786,11 +1831,13 @@ STAGE PLANS:
             Map Operator Tree:
                 TableScan
                   alias: src
+                  Statistics: Num rows: 500 Data size: 5312 Basic stats: COMPLETE Column stats: NONE
                   GatherStats: false
                   Reduce Output Operator
                     key expressions: key (type: string)
                     sort order: +
                     Map-reduce partition columns: key (type: string)
+                    Statistics: Num rows: 500 Data size: 5312 Basic stats: COMPLETE Column stats: NONE
                     tag: 0
                     auto parallelism: true
             Path -> Alias:
diff --git a/ql/src/test/results/clientpositive/spark/order.q.out b/ql/src/test/results/clientpositive/spark/order.q.out
index 7afa5e8561..3c5b16962e 100644
--- a/ql/src/test/results/clientpositive/spark/order.q.out
+++ b/ql/src/test/results/clientpositive/spark/order.q.out
@@ -19,22 +19,28 @@ STAGE PLANS:
             Map Operator Tree:
                 TableScan
                   alias: x
+                  Statistics: Num rows: 500 Data size: 5312 Basic stats: COMPLETE Column stats: NONE
                   Select Operator
                     expressions: key (type: string), value (type: string)
                     outputColumnNames: _col0, _col1
+                    Statistics: Num rows: 500 Data size: 5312 Basic stats: COMPLETE Column stats: NONE
                     Reduce Output Operator
                       key expressions: _col0 (type: string)
                       sort order: +
+                      Statistics: Num rows: 500 Data size: 5312 Basic stats: COMPLETE Column stats: NONE
                       value expressions: _col1 (type: string)
         Reducer 2 
             Reduce Operator Tree:
               Select Operator
                 expressions: KEY.reducesinkkey0 (type: string), VALUE._col0 (type: string)
                 outputColumnNames: _col0, _col1
+                Statistics: Num rows: 500 Data size: 5312 Basic stats: COMPLETE Column stats: NONE
                 Limit
                   Number of rows: 10
+                  Statistics: Num rows: 10 Data size: 100 Basic stats: COMPLETE Column stats: NONE
                   File Output Operator
                     compressed: false
+                    Statistics: Num rows: 10 Data size: 100 Basic stats: COMPLETE Column stats: NONE
                     table:
                         input format: org.apache.hadoop.mapred.TextInputFormat
                         output format: org.apache.hadoop.hive.ql.io.HiveIgnoreKeyTextOutputFormat
@@ -85,22 +91,28 @@ STAGE PLANS:
             Map Operator Tree:
                 TableScan
                   alias: x
+                  Statistics: Num rows: 500 Data size: 5312 Basic stats: COMPLETE Column stats: NONE
                   Select Operator
                     expressions: key (type: string), value (type: string)
                     outputColumnNames: _col0, _col1
+                    Statistics: Num rows: 500 Data size: 5312 Basic stats: COMPLETE Column stats: NONE
                     Reduce Output Operator
                       key expressions: _col0 (type: string)
                       sort order: -
+                      Statistics: Num rows: 500 Data size: 5312 Basic stats: COMPLETE Column stats: NONE
                       value expressions: _col1 (type: string)
         Reducer 2 
             Reduce Operator Tree:
               Select Operator
                 expressions: KEY.reducesinkkey0 (type: string), VALUE._col0 (type: string)
                 outputColumnNames: _col0, _col1
+                Statistics: Num rows: 500 Data size: 5312 Basic stats: COMPLETE Column stats: NONE
                 Limit
                   Number of rows: 10
+                  Statistics: Num rows: 10 Data size: 100 Basic stats: COMPLETE Column stats: NONE
                   File Output Operator
                     compressed: false
+                    Statistics: Num rows: 10 Data size: 100 Basic stats: COMPLETE Column stats: NONE
                     table:
                         input format: org.apache.hadoop.mapred.TextInputFormat
                         output format: org.apache.hadoop.hive.ql.io.HiveIgnoreKeyTextOutputFormat
diff --git a/ql/src/test/results/clientpositive/spark/order2.q.out b/ql/src/test/results/clientpositive/spark/order2.q.out
index 2f3fe53438..89993991e4 100644
--- a/ql/src/test/results/clientpositive/spark/order2.q.out
+++ b/ql/src/test/results/clientpositive/spark/order2.q.out
@@ -23,27 +23,35 @@ STAGE PLANS:
             Map Operator Tree:
                 TableScan
                   alias: x
+                  Statistics: Num rows: 500 Data size: 5312 Basic stats: COMPLETE Column stats: NONE
                   Select Operator
                     expressions: key (type: string), value (type: string)
                     outputColumnNames: _col0, _col1
+                    Statistics: Num rows: 500 Data size: 5312 Basic stats: COMPLETE Column stats: NONE
                     Reduce Output Operator
                       key expressions: _col0 (type: string)
                       sort order: +
+                      Statistics: Num rows: 500 Data size: 5312 Basic stats: COMPLETE Column stats: NONE
                       value expressions: _col1 (type: string)
         Reducer 2 
             Reduce Operator Tree:
               Select Operator
                 expressions: KEY.reducesinkkey0 (type: string), VALUE._col0 (type: string)
                 outputColumnNames: _col0, _col1
+                Statistics: Num rows: 500 Data size: 5312 Basic stats: COMPLETE Column stats: NONE
                 Limit
                   Number of rows: 10
+                  Statistics: Num rows: 10 Data size: 100 Basic stats: COMPLETE Column stats: NONE
                   Filter Operator
                     predicate: (_col0 < 10) (type: boolean)
+                    Statistics: Num rows: 3 Data size: 30 Basic stats: COMPLETE Column stats: NONE
                     Select Operator
                       expressions: _col0 (type: string), _col1 (type: string)
                       outputColumnNames: _col0, _col1
+                      Statistics: Num rows: 3 Data size: 30 Basic stats: COMPLETE Column stats: NONE
                       File Output Operator
                         compressed: false
+                        Statistics: Num rows: 3 Data size: 30 Basic stats: COMPLETE Column stats: NONE
                         table:
                             input format: org.apache.hadoop.mapred.TextInputFormat
                             output format: org.apache.hadoop.hive.ql.io.HiveIgnoreKeyTextOutputFormat
diff --git a/ql/src/test/results/clientpositive/spark/parallel.q.out b/ql/src/test/results/clientpositive/spark/parallel.q.out
index df1759b40a..32d7ff1bd6 100644
--- a/ql/src/test/results/clientpositive/spark/parallel.q.out
+++ b/ql/src/test/results/clientpositive/spark/parallel.q.out
@@ -48,42 +48,53 @@ STAGE PLANS:
             Map Operator Tree:
                 TableScan
                   alias: src
+                  Statistics: Num rows: 500 Data size: 5312 Basic stats: COMPLETE Column stats: NONE
                   Select Operator
                     expressions: key (type: string), value (type: string)
                     outputColumnNames: key, value
+                    Statistics: Num rows: 500 Data size: 5312 Basic stats: COMPLETE Column stats: NONE
                     Group By Operator
                       keys: key (type: string), value (type: string)
                       mode: hash
                       outputColumnNames: _col0, _col1
+                      Statistics: Num rows: 500 Data size: 5312 Basic stats: COMPLETE Column stats: NONE
                       Reduce Output Operator
                         key expressions: _col0 (type: string), _col1 (type: string)
                         sort order: ++
                         Map-reduce partition columns: _col0 (type: string), _col1 (type: string)
+                        Statistics: Num rows: 500 Data size: 5312 Basic stats: COMPLETE Column stats: NONE
         Reducer 2 
             Reduce Operator Tree:
               Group By Operator
                 keys: KEY._col0 (type: string), KEY._col1 (type: string)
                 mode: mergepartial
                 outputColumnNames: _col0, _col1
+                Statistics: Num rows: 250 Data size: 2656 Basic stats: COMPLETE Column stats: NONE
                 Select Operator
                   expressions: _col0 (type: string), _col1 (type: string)
                   outputColumnNames: _col0, _col1
+                  Statistics: Num rows: 250 Data size: 2656 Basic stats: COMPLETE Column stats: NONE
                   Reduce Output Operator
                     key expressions: _col0 (type: string), _col1 (type: string)
                     sort order: ++
                     Map-reduce partition columns: _col0 (type: string), _col1 (type: string)
+                    Statistics: Num rows: 250 Data size: 2656 Basic stats: COMPLETE Column stats: NONE
         Reducer 3 
             Reduce Operator Tree:
               Forward
+                Statistics: Num rows: 250 Data size: 2656 Basic stats: COMPLETE Column stats: NONE
                 Group By Operator
                   keys: KEY._col0 (type: string), KEY._col1 (type: string)
                   mode: complete
                   outputColumnNames: _col0, _col1
+                  Statistics: Num rows: 125 Data size: 1328 Basic stats: COMPLETE Column stats: NONE
                   Select Operator
                     expressions: _col0 (type: string), _col1 (type: string)
                     outputColumnNames: _col0, _col1
+                    Statistics: Num rows: 125 Data size: 1328 Basic stats: COMPLETE Column stats: NONE
                     File Output Operator
                       compressed: false
+                      Statistics: Num rows: 125 Data size: 1328 Basic stats: COMPLETE Column stats: NONE
                       table:
                           input format: org.apache.hadoop.mapred.TextInputFormat
                           output format: org.apache.hadoop.hive.ql.io.HiveIgnoreKeyTextOutputFormat
@@ -93,11 +104,14 @@ STAGE PLANS:
                   keys: KEY._col0 (type: string), KEY._col1 (type: string)
                   mode: complete
                   outputColumnNames: _col0, _col1
+                  Statistics: Num rows: 125 Data size: 1328 Basic stats: COMPLETE Column stats: NONE
                   Select Operator
                     expressions: _col0 (type: string), _col1 (type: string)
                     outputColumnNames: _col0, _col1
+                    Statistics: Num rows: 125 Data size: 1328 Basic stats: COMPLETE Column stats: NONE
                     File Output Operator
                       compressed: false
+                      Statistics: Num rows: 125 Data size: 1328 Basic stats: COMPLETE Column stats: NONE
                       table:
                           input format: org.apache.hadoop.mapred.TextInputFormat
                           output format: org.apache.hadoop.hive.ql.io.HiveIgnoreKeyTextOutputFormat
diff --git a/ql/src/test/results/clientpositive/spark/parallel_join0.q.out b/ql/src/test/results/clientpositive/spark/parallel_join0.q.out
index fa948af633..46a93ccb02 100644
--- a/ql/src/test/results/clientpositive/spark/parallel_join0.q.out
+++ b/ql/src/test/results/clientpositive/spark/parallel_join0.q.out
@@ -34,25 +34,33 @@ STAGE PLANS:
             Map Operator Tree:
                 TableScan
                   alias: src
+                  Statistics: Num rows: 500 Data size: 5312 Basic stats: COMPLETE Column stats: NONE
                   Filter Operator
                     predicate: (key < 10) (type: boolean)
+                    Statistics: Num rows: 166 Data size: 1763 Basic stats: COMPLETE Column stats: NONE
                     Select Operator
                       expressions: key (type: string), value (type: string)
                       outputColumnNames: _col0, _col1
+                      Statistics: Num rows: 166 Data size: 1763 Basic stats: COMPLETE Column stats: NONE
                       Reduce Output Operator
                         sort order: 
+                        Statistics: Num rows: 166 Data size: 1763 Basic stats: COMPLETE Column stats: NONE
                         value expressions: _col0 (type: string), _col1 (type: string)
         Map 4 
             Map Operator Tree:
                 TableScan
                   alias: src
+                  Statistics: Num rows: 500 Data size: 5312 Basic stats: COMPLETE Column stats: NONE
                   Filter Operator
                     predicate: (key < 10) (type: boolean)
+                    Statistics: Num rows: 166 Data size: 1763 Basic stats: COMPLETE Column stats: NONE
                     Select Operator
                       expressions: key (type: string), value (type: string)
                       outputColumnNames: _col0, _col1
+                      Statistics: Num rows: 166 Data size: 1763 Basic stats: COMPLETE Column stats: NONE
                       Reduce Output Operator
                         sort order: 
+                        Statistics: Num rows: 166 Data size: 1763 Basic stats: COMPLETE Column stats: NONE
                         value expressions: _col0 (type: string), _col1 (type: string)
         Reducer 2 
             Reduce Operator Tree:
@@ -63,19 +71,24 @@ STAGE PLANS:
                   0 {VALUE._col0} {VALUE._col1}
                   1 {VALUE._col0} {VALUE._col1}
                 outputColumnNames: _col0, _col1, _col2, _col3
+                Statistics: Num rows: 182 Data size: 1939 Basic stats: COMPLETE Column stats: NONE
                 Select Operator
                   expressions: _col0 (type: string), _col1 (type: string), _col2 (type: string), _col3 (type: string)
                   outputColumnNames: _col0, _col1, _col2, _col3
+                  Statistics: Num rows: 182 Data size: 1939 Basic stats: COMPLETE Column stats: NONE
                   Reduce Output Operator
                     key expressions: _col0 (type: string), _col1 (type: string), _col2 (type: string), _col3 (type: string)
                     sort order: ++++
+                    Statistics: Num rows: 182 Data size: 1939 Basic stats: COMPLETE Column stats: NONE
         Reducer 3 
             Reduce Operator Tree:
               Select Operator
                 expressions: KEY.reducesinkkey0 (type: string), KEY.reducesinkkey1 (type: string), KEY.reducesinkkey2 (type: string), KEY.reducesinkkey3 (type: string)
                 outputColumnNames: _col0, _col1, _col2, _col3
+                Statistics: Num rows: 182 Data size: 1939 Basic stats: COMPLETE Column stats: NONE
                 File Output Operator
                   compressed: false
+                  Statistics: Num rows: 182 Data size: 1939 Basic stats: COMPLETE Column stats: NONE
                   table:
                       input format: org.apache.hadoop.mapred.TextInputFormat
                       output format: org.apache.hadoop.hive.ql.io.HiveIgnoreKeyTextOutputFormat
diff --git a/ql/src/test/results/clientpositive/spark/parallel_join1.q.out b/ql/src/test/results/clientpositive/spark/parallel_join1.q.out
index c2bc626c5e..8ba3abbb0a 100644
--- a/ql/src/test/results/clientpositive/spark/parallel_join1.q.out
+++ b/ql/src/test/results/clientpositive/spark/parallel_join1.q.out
@@ -35,23 +35,29 @@ STAGE PLANS:
             Map Operator Tree:
                 TableScan
                   alias: src2
+                  Statistics: Num rows: 500 Data size: 5312 Basic stats: COMPLETE Column stats: NONE
                   Filter Operator
                     predicate: key is not null (type: boolean)
+                    Statistics: Num rows: 250 Data size: 2656 Basic stats: COMPLETE Column stats: NONE
                     Reduce Output Operator
                       key expressions: key (type: string)
                       sort order: +
                       Map-reduce partition columns: key (type: string)
+                      Statistics: Num rows: 250 Data size: 2656 Basic stats: COMPLETE Column stats: NONE
                       value expressions: value (type: string)
         Map 3 
             Map Operator Tree:
                 TableScan
                   alias: src1
+                  Statistics: Num rows: 500 Data size: 5312 Basic stats: COMPLETE Column stats: NONE
                   Filter Operator
                     predicate: key is not null (type: boolean)
+                    Statistics: Num rows: 250 Data size: 2656 Basic stats: COMPLETE Column stats: NONE
                     Reduce Output Operator
                       key expressions: key (type: string)
                       sort order: +
                       Map-reduce partition columns: key (type: string)
+                      Statistics: Num rows: 250 Data size: 2656 Basic stats: COMPLETE Column stats: NONE
         Reducer 2 
             Reduce Operator Tree:
               Join Operator
@@ -61,11 +67,14 @@ STAGE PLANS:
                   0 {KEY.reducesinkkey0}
                   1 {VALUE._col0}
                 outputColumnNames: _col0, _col6
+                Statistics: Num rows: 275 Data size: 2921 Basic stats: COMPLETE Column stats: NONE
                 Select Operator
                   expressions: UDFToInteger(_col0) (type: int), _col6 (type: string)
                   outputColumnNames: _col0, _col1
+                  Statistics: Num rows: 275 Data size: 2921 Basic stats: COMPLETE Column stats: NONE
                   File Output Operator
                     compressed: false
+                    Statistics: Num rows: 275 Data size: 2921 Basic stats: COMPLETE Column stats: NONE
                     table:
                         input format: org.apache.hadoop.mapred.TextInputFormat
                         output format: org.apache.hadoop.hive.ql.io.HiveIgnoreKeyTextOutputFormat
diff --git a/ql/src/test/results/clientpositive/spark/ppd_multi_insert.q.out b/ql/src/test/results/clientpositive/spark/ppd_multi_insert.q.out
index 96f2c060ba..2b63321533 100644
--- a/ql/src/test/results/clientpositive/spark/ppd_multi_insert.q.out
+++ b/ql/src/test/results/clientpositive/spark/ppd_multi_insert.q.out
@@ -62,22 +62,28 @@ STAGE PLANS:
             Map Operator Tree:
                 TableScan
                   alias: b
+                  Statistics: Num rows: 500 Data size: 5312 Basic stats: COMPLETE Column stats: NONE
                   Filter Operator
                     predicate: key is not null (type: boolean)
+                    Statistics: Num rows: 250 Data size: 2656 Basic stats: COMPLETE Column stats: NONE
                     Reduce Output Operator
                       key expressions: key (type: string)
                       sort order: +
                       Map-reduce partition columns: key (type: string)
+                      Statistics: Num rows: 250 Data size: 2656 Basic stats: COMPLETE Column stats: NONE
         Map 7 
             Map Operator Tree:
                 TableScan
                   alias: a
+                  Statistics: Num rows: 500 Data size: 5312 Basic stats: COMPLETE Column stats: NONE
                   Filter Operator
                     predicate: key is not null (type: boolean)
+                    Statistics: Num rows: 250 Data size: 2656 Basic stats: COMPLETE Column stats: NONE
                     Reduce Output Operator
                       key expressions: key (type: string)
                       sort order: +
                       Map-reduce partition columns: key (type: string)
+                      Statistics: Num rows: 250 Data size: 2656 Basic stats: COMPLETE Column stats: NONE
                       value expressions: value (type: string)
         Reducer 6 
             Reduce Operator Tree:
@@ -88,6 +94,7 @@ STAGE PLANS:
                   0 {KEY.reducesinkkey0} {VALUE._col0}
                   1 
                 outputColumnNames: _col0, _col1
+                Statistics: Num rows: 275 Data size: 2921 Basic stats: COMPLETE Column stats: NONE
                 File Output Operator
                   compressed: false
                   table:
@@ -104,11 +111,14 @@ STAGE PLANS:
                 TableScan
                   Filter Operator
                     predicate: (_col0 < 100) (type: boolean)
+                    Statistics: Num rows: 91 Data size: 966 Basic stats: COMPLETE Column stats: NONE
                     Select Operator
                       expressions: UDFToInteger(_col0) (type: int), _col1 (type: string)
                       outputColumnNames: _col0, _col1
+                      Statistics: Num rows: 91 Data size: 966 Basic stats: COMPLETE Column stats: NONE
                       File Output Operator
                         compressed: false
+                        Statistics: Num rows: 91 Data size: 966 Basic stats: COMPLETE Column stats: NONE
                         table:
                             input format: org.apache.hadoop.mapred.TextInputFormat
                             output format: org.apache.hadoop.hive.ql.io.HiveIgnoreKeyTextOutputFormat
@@ -169,11 +179,14 @@ STAGE PLANS:
                 TableScan
                   Filter Operator
                     predicate: ((_col0 >= 100) and (_col0 < 200)) (type: boolean)
+                    Statistics: Num rows: 30 Data size: 318 Basic stats: COMPLETE Column stats: NONE
                     Select Operator
                       expressions: UDFToInteger(_col0) (type: int), _col1 (type: string)
                       outputColumnNames: _col0, _col1
+                      Statistics: Num rows: 30 Data size: 318 Basic stats: COMPLETE Column stats: NONE
                       File Output Operator
                         compressed: false
+                        Statistics: Num rows: 30 Data size: 318 Basic stats: COMPLETE Column stats: NONE
                         table:
                             input format: org.apache.hadoop.mapred.TextInputFormat
                             output format: org.apache.hadoop.hive.ql.io.HiveIgnoreKeyTextOutputFormat
@@ -189,11 +202,14 @@ STAGE PLANS:
                 TableScan
                   Filter Operator
                     predicate: ((_col0 >= 200) and (_col0 < 300)) (type: boolean)
+                    Statistics: Num rows: 30 Data size: 318 Basic stats: COMPLETE Column stats: NONE
                     Select Operator
                       expressions: UDFToInteger(_col0) (type: int)
                       outputColumnNames: _col0
+                      Statistics: Num rows: 30 Data size: 318 Basic stats: COMPLETE Column stats: NONE
                       File Output Operator
                         compressed: false
+                        Statistics: Num rows: 30 Data size: 318 Basic stats: COMPLETE Column stats: NONE
                         table:
                             input format: org.apache.hadoop.mapred.TextInputFormat
                             output format: org.apache.hadoop.hive.ql.io.HiveIgnoreKeyTextOutputFormat
@@ -209,11 +225,14 @@ STAGE PLANS:
                 TableScan
                   Filter Operator
                     predicate: (_col0 >= 300) (type: boolean)
+                    Statistics: Num rows: 91 Data size: 966 Basic stats: COMPLETE Column stats: NONE
                     Select Operator
                       expressions: _col1 (type: string)
                       outputColumnNames: _col0
+                      Statistics: Num rows: 91 Data size: 966 Basic stats: COMPLETE Column stats: NONE
                       File Output Operator
                         compressed: false
+                        Statistics: Num rows: 91 Data size: 966 Basic stats: COMPLETE Column stats: NONE
                         table:
                             input format: org.apache.hadoop.mapred.TextInputFormat
                             output format: org.apache.hadoop.hive.ql.io.HiveIgnoreKeyTextOutputFormat
@@ -1349,22 +1368,28 @@ STAGE PLANS:
             Map Operator Tree:
                 TableScan
                   alias: b
+                  Statistics: Num rows: 500 Data size: 5312 Basic stats: COMPLETE Column stats: NONE
                   Filter Operator
                     predicate: key is not null (type: boolean)
+                    Statistics: Num rows: 250 Data size: 2656 Basic stats: COMPLETE Column stats: NONE
                     Reduce Output Operator
                       key expressions: key (type: string)
                       sort order: +
                       Map-reduce partition columns: key (type: string)
+                      Statistics: Num rows: 250 Data size: 2656 Basic stats: COMPLETE Column stats: NONE
         Map 7 
             Map Operator Tree:
                 TableScan
                   alias: a
+                  Statistics: Num rows: 500 Data size: 5312 Basic stats: COMPLETE Column stats: NONE
                   Filter Operator
                     predicate: key is not null (type: boolean)
+                    Statistics: Num rows: 250 Data size: 2656 Basic stats: COMPLETE Column stats: NONE
                     Reduce Output Operator
                       key expressions: key (type: string)
                       sort order: +
                       Map-reduce partition columns: key (type: string)
+                      Statistics: Num rows: 250 Data size: 2656 Basic stats: COMPLETE Column stats: NONE
                       value expressions: value (type: string)
         Reducer 6 
             Reduce Operator Tree:
@@ -1375,6 +1400,7 @@ STAGE PLANS:
                   0 {KEY.reducesinkkey0} {VALUE._col0}
                   1 
                 outputColumnNames: _col0, _col1
+                Statistics: Num rows: 275 Data size: 2921 Basic stats: COMPLETE Column stats: NONE
                 File Output Operator
                   compressed: false
                   table:
@@ -1391,11 +1417,14 @@ STAGE PLANS:
                 TableScan
                   Filter Operator
                     predicate: (_col0 < 100) (type: boolean)
+                    Statistics: Num rows: 91 Data size: 966 Basic stats: COMPLETE Column stats: NONE
                     Select Operator
                       expressions: UDFToInteger(_col0) (type: int), _col1 (type: string)
                       outputColumnNames: _col0, _col1
+                      Statistics: Num rows: 91 Data size: 966 Basic stats: COMPLETE Column stats: NONE
                       File Output Operator
                         compressed: false
+                        Statistics: Num rows: 91 Data size: 966 Basic stats: COMPLETE Column stats: NONE
                         table:
                             input format: org.apache.hadoop.mapred.TextInputFormat
                             output format: org.apache.hadoop.hive.ql.io.HiveIgnoreKeyTextOutputFormat
@@ -1456,11 +1485,14 @@ STAGE PLANS:
                 TableScan
                   Filter Operator
                     predicate: ((_col0 >= 100) and (_col0 < 200)) (type: boolean)
+                    Statistics: Num rows: 30 Data size: 318 Basic stats: COMPLETE Column stats: NONE
                     Select Operator
                       expressions: UDFToInteger(_col0) (type: int), _col1 (type: string)
                       outputColumnNames: _col0, _col1
+                      Statistics: Num rows: 30 Data size: 318 Basic stats: COMPLETE Column stats: NONE
                       File Output Operator
                         compressed: false
+                        Statistics: Num rows: 30 Data size: 318 Basic stats: COMPLETE Column stats: NONE
                         table:
                             input format: org.apache.hadoop.mapred.TextInputFormat
                             output format: org.apache.hadoop.hive.ql.io.HiveIgnoreKeyTextOutputFormat
@@ -1476,11 +1508,14 @@ STAGE PLANS:
                 TableScan
                   Filter Operator
                     predicate: ((_col0 >= 200) and (_col0 < 300)) (type: boolean)
+                    Statistics: Num rows: 30 Data size: 318 Basic stats: COMPLETE Column stats: NONE
                     Select Operator
                       expressions: UDFToInteger(_col0) (type: int)
                       outputColumnNames: _col0
+                      Statistics: Num rows: 30 Data size: 318 Basic stats: COMPLETE Column stats: NONE
                       File Output Operator
                         compressed: false
+                        Statistics: Num rows: 30 Data size: 318 Basic stats: COMPLETE Column stats: NONE
                         table:
                             input format: org.apache.hadoop.mapred.TextInputFormat
                             output format: org.apache.hadoop.hive.ql.io.HiveIgnoreKeyTextOutputFormat
@@ -1496,11 +1531,14 @@ STAGE PLANS:
                 TableScan
                   Filter Operator
                     predicate: (_col0 >= 300) (type: boolean)
+                    Statistics: Num rows: 91 Data size: 966 Basic stats: COMPLETE Column stats: NONE
                     Select Operator
                       expressions: _col1 (type: string)
                       outputColumnNames: _col0
+                      Statistics: Num rows: 91 Data size: 966 Basic stats: COMPLETE Column stats: NONE
                       File Output Operator
                         compressed: false
+                        Statistics: Num rows: 91 Data size: 966 Basic stats: COMPLETE Column stats: NONE
                         table:
                             input format: org.apache.hadoop.mapred.TextInputFormat
                             output format: org.apache.hadoop.hive.ql.io.HiveIgnoreKeyTextOutputFormat
diff --git a/ql/src/test/results/clientpositive/spark/ppd_transform.q.out b/ql/src/test/results/clientpositive/spark/ppd_transform.q.out
index 7ec5d8d2be..16bfac1ddb 100644
--- a/ql/src/test/results/clientpositive/spark/ppd_transform.q.out
+++ b/ql/src/test/results/clientpositive/spark/ppd_transform.q.out
@@ -31,32 +31,40 @@ STAGE PLANS:
             Map Operator Tree:
                 TableScan
                   alias: src
+                  Statistics: Num rows: 500 Data size: 5312 Basic stats: COMPLETE Column stats: NONE
                   Select Operator
                     expressions: key (type: string), value (type: string)
                     outputColumnNames: _col0, _col1
+                    Statistics: Num rows: 500 Data size: 5312 Basic stats: COMPLETE Column stats: NONE
                     Transform Operator
                       command: cat
                       output info:
                           input format: org.apache.hadoop.mapred.TextInputFormat
                           output format: org.apache.hadoop.hive.ql.io.HiveIgnoreKeyTextOutputFormat
                           serde: org.apache.hadoop.hive.serde2.lazy.LazySimpleSerDe
+                      Statistics: Num rows: 500 Data size: 5312 Basic stats: COMPLETE Column stats: NONE
                       Reduce Output Operator
                         key expressions: _col0 (type: string)
                         sort order: +
                         Map-reduce partition columns: _col0 (type: string)
+                        Statistics: Num rows: 500 Data size: 5312 Basic stats: COMPLETE Column stats: NONE
                         value expressions: _col0 (type: string), _col1 (type: string)
         Reducer 2 
             Reduce Operator Tree:
               Select Operator
                 expressions: VALUE._col0 (type: string), VALUE._col1 (type: string)
                 outputColumnNames: _col0, _col1
+                Statistics: Num rows: 500 Data size: 5312 Basic stats: COMPLETE Column stats: NONE
                 Filter Operator
                   predicate: (_col0 < 100) (type: boolean)
+                  Statistics: Num rows: 166 Data size: 1763 Basic stats: COMPLETE Column stats: NONE
                   Select Operator
                     expressions: _col0 (type: string), _col1 (type: string)
                     outputColumnNames: _col0, _col1
+                    Statistics: Num rows: 166 Data size: 1763 Basic stats: COMPLETE Column stats: NONE
                     File Output Operator
                       compressed: false
+                      Statistics: Num rows: 166 Data size: 1763 Basic stats: COMPLETE Column stats: NONE
                       table:
                           input format: org.apache.hadoop.mapred.TextInputFormat
                           output format: org.apache.hadoop.hive.ql.io.HiveIgnoreKeyTextOutputFormat
@@ -205,29 +213,36 @@ STAGE PLANS:
             Map Operator Tree:
                 TableScan
                   alias: src
+                  Statistics: Num rows: 500 Data size: 5312 Basic stats: COMPLETE Column stats: NONE
                   Select Operator
                     expressions: key (type: string), value (type: string)
                     outputColumnNames: _col0, _col1
+                    Statistics: Num rows: 500 Data size: 5312 Basic stats: COMPLETE Column stats: NONE
                     Transform Operator
                       command: cat
                       output info:
                           input format: org.apache.hadoop.mapred.TextInputFormat
                           output format: org.apache.hadoop.hive.ql.io.HiveIgnoreKeyTextOutputFormat
                           serde: org.apache.hadoop.hive.serde2.lazy.LazySimpleSerDe
+                      Statistics: Num rows: 500 Data size: 5312 Basic stats: COMPLETE Column stats: NONE
                       Filter Operator
                         predicate: (_col0 < 100) (type: boolean)
+                        Statistics: Num rows: 166 Data size: 1763 Basic stats: COMPLETE Column stats: NONE
                         Reduce Output Operator
                           key expressions: _col0 (type: string)
                           sort order: +
                           Map-reduce partition columns: _col0 (type: string)
+                          Statistics: Num rows: 166 Data size: 1763 Basic stats: COMPLETE Column stats: NONE
                           value expressions: _col0 (type: string), _col1 (type: string)
         Reducer 2 
             Reduce Operator Tree:
               Select Operator
                 expressions: VALUE._col0 (type: string), VALUE._col1 (type: string)
                 outputColumnNames: _col0, _col1
+                Statistics: Num rows: 166 Data size: 1763 Basic stats: COMPLETE Column stats: NONE
                 File Output Operator
                   compressed: false
+                  Statistics: Num rows: 166 Data size: 1763 Basic stats: COMPLETE Column stats: NONE
                   table:
                       input format: org.apache.hadoop.mapred.TextInputFormat
                       output format: org.apache.hadoop.hive.ql.io.HiveIgnoreKeyTextOutputFormat
@@ -376,15 +391,18 @@ STAGE PLANS:
             Map Operator Tree:
                 TableScan
                   alias: src
+                  Statistics: Num rows: 500 Data size: 5312 Basic stats: COMPLETE Column stats: NONE
                   Select Operator
                     expressions: key (type: string), value (type: string)
                     outputColumnNames: _col0, _col1
+                    Statistics: Num rows: 500 Data size: 5312 Basic stats: COMPLETE Column stats: NONE
                     Transform Operator
                       command: cat
                       output info:
                           input format: org.apache.hadoop.mapred.TextInputFormat
                           output format: org.apache.hadoop.hive.ql.io.HiveIgnoreKeyTextOutputFormat
                           serde: org.apache.hadoop.hive.serde2.lazy.LazySimpleSerDe
+                      Statistics: Num rows: 500 Data size: 5312 Basic stats: COMPLETE Column stats: NONE
                       File Output Operator
                         compressed: false
                         table:
@@ -401,11 +419,14 @@ STAGE PLANS:
                 TableScan
                   Filter Operator
                     predicate: ((_col0 = 'a') or (_col0 = 'b')) (type: boolean)
+                    Statistics: Num rows: 500 Data size: 5312 Basic stats: COMPLETE Column stats: NONE
                     Select Operator
                       expressions: _col0 (type: string), _col1 (type: string)
                       outputColumnNames: _col0, _col1
+                      Statistics: Num rows: 500 Data size: 5312 Basic stats: COMPLETE Column stats: NONE
                       File Output Operator
                         compressed: false
+                        Statistics: Num rows: 500 Data size: 5312 Basic stats: COMPLETE Column stats: NONE
                         table:
                             input format: org.apache.hadoop.mapred.TextInputFormat
                             output format: org.apache.hadoop.hive.ql.io.HiveIgnoreKeyTextOutputFormat
@@ -429,11 +450,14 @@ STAGE PLANS:
                 TableScan
                   Filter Operator
                     predicate: ((_col0 = 'c') or (_col0 = 'd')) (type: boolean)
+                    Statistics: Num rows: 500 Data size: 5312 Basic stats: COMPLETE Column stats: NONE
                     Select Operator
                       expressions: _col0 (type: string), _col1 (type: string)
                       outputColumnNames: _col0, _col1
+                      Statistics: Num rows: 500 Data size: 5312 Basic stats: COMPLETE Column stats: NONE
                       File Output Operator
                         compressed: false
+                        Statistics: Num rows: 500 Data size: 5312 Basic stats: COMPLETE Column stats: NONE
                         table:
                             input format: org.apache.hadoop.mapred.TextInputFormat
                             output format: org.apache.hadoop.hive.ql.io.HiveIgnoreKeyTextOutputFormat
diff --git a/ql/src/test/results/clientpositive/spark/sample1.q.out b/ql/src/test/results/clientpositive/spark/sample1.q.out
index 534ef7a60e..e6c5e62622 100644
--- a/ql/src/test/results/clientpositive/spark/sample1.q.out
+++ b/ql/src/test/results/clientpositive/spark/sample1.q.out
@@ -72,18 +72,22 @@ STAGE PLANS:
             Map Operator Tree:
                 TableScan
                   alias: s
+                  Statistics: Num rows: 500 Data size: 5312 Basic stats: COMPLETE Column stats: NONE
                   GatherStats: false
                   Filter Operator
                     isSamplingPred: true
                     predicate: (((hash(rand()) & 2147483647) % 1) = 0) (type: boolean)
+                    Statistics: Num rows: 250 Data size: 2656 Basic stats: COMPLETE Column stats: NONE
                     Select Operator
                       expressions: UDFToInteger(key) (type: int), value (type: string), ds (type: string), hr (type: string)
                       outputColumnNames: _col0, _col1, _col2, _col3
+                      Statistics: Num rows: 250 Data size: 2656 Basic stats: COMPLETE Column stats: NONE
                       File Output Operator
                         compressed: false
                         GlobalTableId: 1
 #### A masked pattern was here ####
                         NumFilesPerFileSink: 1
+                        Statistics: Num rows: 250 Data size: 2656 Basic stats: COMPLETE Column stats: NONE
 #### A masked pattern was here ####
                         table:
                             input format: org.apache.hadoop.mapred.TextInputFormat
diff --git a/ql/src/test/results/clientpositive/spark/sample10.q.out b/ql/src/test/results/clientpositive/spark/sample10.q.out
index f6f333e5f3..c511152bda 100644
--- a/ql/src/test/results/clientpositive/spark/sample10.q.out
+++ b/ql/src/test/results/clientpositive/spark/sample10.q.out
@@ -98,22 +98,27 @@ STAGE PLANS:
             Map Operator Tree:
                 TableScan
                   alias: srcpartbucket
+                  Statistics: Num rows: 12 Data size: 1404 Basic stats: COMPLETE Column stats: NONE
                   GatherStats: false
                   Filter Operator
                     isSamplingPred: true
                     predicate: (((hash(key) & 2147483647) % 4) = 0) (type: boolean)
+                    Statistics: Num rows: 6 Data size: 702 Basic stats: COMPLETE Column stats: NONE
                     Select Operator
                       expressions: ds (type: string)
                       outputColumnNames: ds
+                      Statistics: Num rows: 6 Data size: 702 Basic stats: COMPLETE Column stats: NONE
                       Group By Operator
                         aggregations: count(1)
                         keys: ds (type: string)
                         mode: hash
                         outputColumnNames: _col0, _col1
+                        Statistics: Num rows: 6 Data size: 702 Basic stats: COMPLETE Column stats: NONE
                         Reduce Output Operator
                           key expressions: _col0 (type: string)
                           sort order: +
                           Map-reduce partition columns: _col0 (type: string)
+                          Statistics: Num rows: 6 Data size: 702 Basic stats: COMPLETE Column stats: NONE
                           tag: -1
                           value expressions: _col1 (type: bigint)
                           auto parallelism: true
@@ -325,12 +330,15 @@ STAGE PLANS:
                 keys: KEY._col0 (type: string)
                 mode: mergepartial
                 outputColumnNames: _col0, _col1
+                Statistics: Num rows: 3 Data size: 351 Basic stats: COMPLETE Column stats: NONE
                 Select Operator
                   expressions: _col0 (type: string), _col1 (type: bigint)
                   outputColumnNames: _col0, _col1
+                  Statistics: Num rows: 3 Data size: 351 Basic stats: COMPLETE Column stats: NONE
                   Reduce Output Operator
                     key expressions: _col0 (type: string)
                     sort order: +
+                    Statistics: Num rows: 3 Data size: 351 Basic stats: COMPLETE Column stats: NONE
                     tag: -1
                     value expressions: _col1 (type: bigint)
                     auto parallelism: false
@@ -340,11 +348,13 @@ STAGE PLANS:
               Select Operator
                 expressions: KEY.reducesinkkey0 (type: string), VALUE._col0 (type: bigint)
                 outputColumnNames: _col0, _col1
+                Statistics: Num rows: 3 Data size: 351 Basic stats: COMPLETE Column stats: NONE
                 File Output Operator
                   compressed: false
                   GlobalTableId: 0
 #### A masked pattern was here ####
                   NumFilesPerFileSink: 1
+                  Statistics: Num rows: 3 Data size: 351 Basic stats: COMPLETE Column stats: NONE
 #### A masked pattern was here ####
                   table:
                       input format: org.apache.hadoop.mapred.TextInputFormat
diff --git a/ql/src/test/results/clientpositive/spark/sample2.q.out b/ql/src/test/results/clientpositive/spark/sample2.q.out
index 51b3678422..2b4fcd6cf5 100644
--- a/ql/src/test/results/clientpositive/spark/sample2.q.out
+++ b/ql/src/test/results/clientpositive/spark/sample2.q.out
@@ -56,18 +56,22 @@ STAGE PLANS:
             Map Operator Tree:
                 TableScan
                   alias: s
+                  Statistics: Num rows: 1000 Data size: 10603 Basic stats: COMPLETE Column stats: NONE
                   GatherStats: false
                   Filter Operator
                     isSamplingPred: true
                     predicate: (((hash(key) & 2147483647) % 2) = 0) (type: boolean)
+                    Statistics: Num rows: 500 Data size: 5301 Basic stats: COMPLETE Column stats: NONE
                     Select Operator
                       expressions: key (type: int), value (type: string)
                       outputColumnNames: _col0, _col1
+                      Statistics: Num rows: 500 Data size: 5301 Basic stats: COMPLETE Column stats: NONE
                       File Output Operator
                         compressed: false
                         GlobalTableId: 1
 #### A masked pattern was here ####
                         NumFilesPerFileSink: 1
+                        Statistics: Num rows: 500 Data size: 5301 Basic stats: COMPLETE Column stats: NONE
 #### A masked pattern was here ####
                         table:
                             input format: org.apache.hadoop.mapred.TextInputFormat
diff --git a/ql/src/test/results/clientpositive/spark/sample3.q.out b/ql/src/test/results/clientpositive/spark/sample3.q.out
index dff86a773a..f15eabaa83 100644
--- a/ql/src/test/results/clientpositive/spark/sample3.q.out
+++ b/ql/src/test/results/clientpositive/spark/sample3.q.out
@@ -18,11 +18,14 @@ STAGE PLANS:
       Processor Tree:
         TableScan
           alias: s
+          Statistics: Num rows: 1000 Data size: 10603 Basic stats: COMPLETE Column stats: NONE
           Filter Operator
             predicate: (((hash(key) & 2147483647) % 5) = 0) (type: boolean)
+            Statistics: Num rows: 500 Data size: 5301 Basic stats: COMPLETE Column stats: NONE
             Select Operator
               expressions: key (type: int)
               outputColumnNames: _col0
+              Statistics: Num rows: 500 Data size: 5301 Basic stats: COMPLETE Column stats: NONE
               ListSink
 
 PREHOOK: query: SELECT s.key
diff --git a/ql/src/test/results/clientpositive/spark/sample4.q.out b/ql/src/test/results/clientpositive/spark/sample4.q.out
index 416ab839a1..6b12cd6cc2 100644
--- a/ql/src/test/results/clientpositive/spark/sample4.q.out
+++ b/ql/src/test/results/clientpositive/spark/sample4.q.out
@@ -58,18 +58,22 @@ STAGE PLANS:
             Map Operator Tree:
                 TableScan
                   alias: s
+                  Statistics: Num rows: 1000 Data size: 10603 Basic stats: COMPLETE Column stats: NONE
                   GatherStats: false
                   Filter Operator
                     isSamplingPred: true
                     predicate: (((hash(key) & 2147483647) % 2) = 0) (type: boolean)
+                    Statistics: Num rows: 500 Data size: 5301 Basic stats: COMPLETE Column stats: NONE
                     Select Operator
                       expressions: key (type: int), value (type: string)
                       outputColumnNames: _col0, _col1
+                      Statistics: Num rows: 500 Data size: 5301 Basic stats: COMPLETE Column stats: NONE
                       File Output Operator
                         compressed: false
                         GlobalTableId: 1
 #### A masked pattern was here ####
                         NumFilesPerFileSink: 1
+                        Statistics: Num rows: 500 Data size: 5301 Basic stats: COMPLETE Column stats: NONE
 #### A masked pattern was here ####
                         table:
                             input format: org.apache.hadoop.mapred.TextInputFormat
diff --git a/ql/src/test/results/clientpositive/spark/sample5.q.out b/ql/src/test/results/clientpositive/spark/sample5.q.out
index e1ca519dee..a605c9217e 100644
--- a/ql/src/test/results/clientpositive/spark/sample5.q.out
+++ b/ql/src/test/results/clientpositive/spark/sample5.q.out
@@ -56,18 +56,22 @@ STAGE PLANS:
             Map Operator Tree:
                 TableScan
                   alias: s
+                  Statistics: Num rows: 1000 Data size: 10603 Basic stats: COMPLETE Column stats: NONE
                   GatherStats: false
                   Filter Operator
                     isSamplingPred: true
                     predicate: (((hash(key) & 2147483647) % 5) = 0) (type: boolean)
+                    Statistics: Num rows: 500 Data size: 5301 Basic stats: COMPLETE Column stats: NONE
                     Select Operator
                       expressions: key (type: int), value (type: string)
                       outputColumnNames: _col0, _col1
+                      Statistics: Num rows: 500 Data size: 5301 Basic stats: COMPLETE Column stats: NONE
                       File Output Operator
                         compressed: false
                         GlobalTableId: 1
 #### A masked pattern was here ####
                         NumFilesPerFileSink: 1
+                        Statistics: Num rows: 500 Data size: 5301 Basic stats: COMPLETE Column stats: NONE
 #### A masked pattern was here ####
                         table:
                             input format: org.apache.hadoop.mapred.TextInputFormat
diff --git a/ql/src/test/results/clientpositive/spark/sample6.q.out b/ql/src/test/results/clientpositive/spark/sample6.q.out
index c4a79cca12..f6256f552f 100644
--- a/ql/src/test/results/clientpositive/spark/sample6.q.out
+++ b/ql/src/test/results/clientpositive/spark/sample6.q.out
@@ -56,18 +56,22 @@ STAGE PLANS:
             Map Operator Tree:
                 TableScan
                   alias: s
+                  Statistics: Num rows: 1000 Data size: 10603 Basic stats: COMPLETE Column stats: NONE
                   GatherStats: false
                   Filter Operator
                     isSamplingPred: true
                     predicate: (((hash(key) & 2147483647) % 4) = 0) (type: boolean)
+                    Statistics: Num rows: 500 Data size: 5301 Basic stats: COMPLETE Column stats: NONE
                     Select Operator
                       expressions: key (type: int), value (type: string)
                       outputColumnNames: _col0, _col1
+                      Statistics: Num rows: 500 Data size: 5301 Basic stats: COMPLETE Column stats: NONE
                       File Output Operator
                         compressed: false
                         GlobalTableId: 1
 #### A masked pattern was here ####
                         NumFilesPerFileSink: 1
+                        Statistics: Num rows: 500 Data size: 5301 Basic stats: COMPLETE Column stats: NONE
 #### A masked pattern was here ####
                         table:
                             input format: org.apache.hadoop.mapred.TextInputFormat
@@ -491,16 +495,20 @@ STAGE PLANS:
             Map Operator Tree:
                 TableScan
                   alias: s
+                  Statistics: Num rows: 1000 Data size: 10603 Basic stats: COMPLETE Column stats: NONE
                   GatherStats: false
                   Filter Operator
                     isSamplingPred: true
                     predicate: (((hash(key) & 2147483647) % 4) = 3) (type: boolean)
+                    Statistics: Num rows: 500 Data size: 5301 Basic stats: COMPLETE Column stats: NONE
                     Select Operator
                       expressions: key (type: int), value (type: string)
                       outputColumnNames: _col0, _col1
+                      Statistics: Num rows: 500 Data size: 5301 Basic stats: COMPLETE Column stats: NONE
                       Reduce Output Operator
                         key expressions: _col0 (type: int), _col1 (type: string)
                         sort order: ++
+                        Statistics: Num rows: 500 Data size: 5301 Basic stats: COMPLETE Column stats: NONE
                         tag: -1
                         auto parallelism: false
             Path -> Alias:
@@ -560,11 +568,13 @@ STAGE PLANS:
               Select Operator
                 expressions: KEY.reducesinkkey0 (type: int), KEY.reducesinkkey1 (type: string)
                 outputColumnNames: _col0, _col1
+                Statistics: Num rows: 500 Data size: 5301 Basic stats: COMPLETE Column stats: NONE
                 File Output Operator
                   compressed: false
                   GlobalTableId: 0
 #### A masked pattern was here ####
                   NumFilesPerFileSink: 1
+                  Statistics: Num rows: 500 Data size: 5301 Basic stats: COMPLETE Column stats: NONE
 #### A masked pattern was here ####
                   table:
                       input format: org.apache.hadoop.mapred.TextInputFormat
@@ -888,16 +898,20 @@ STAGE PLANS:
             Map Operator Tree:
                 TableScan
                   alias: s
+                  Statistics: Num rows: 1000 Data size: 10603 Basic stats: COMPLETE Column stats: NONE
                   GatherStats: false
                   Filter Operator
                     isSamplingPred: true
                     predicate: (((hash(key) & 2147483647) % 2) = 0) (type: boolean)
+                    Statistics: Num rows: 500 Data size: 5301 Basic stats: COMPLETE Column stats: NONE
                     Select Operator
                       expressions: key (type: int), value (type: string)
                       outputColumnNames: _col0, _col1
+                      Statistics: Num rows: 500 Data size: 5301 Basic stats: COMPLETE Column stats: NONE
                       Reduce Output Operator
                         key expressions: _col0 (type: int), _col1 (type: string)
                         sort order: ++
+                        Statistics: Num rows: 500 Data size: 5301 Basic stats: COMPLETE Column stats: NONE
                         tag: -1
                         auto parallelism: false
             Path -> Alias:
@@ -957,11 +971,13 @@ STAGE PLANS:
               Select Operator
                 expressions: KEY.reducesinkkey0 (type: int), KEY.reducesinkkey1 (type: string)
                 outputColumnNames: _col0, _col1
+                Statistics: Num rows: 500 Data size: 5301 Basic stats: COMPLETE Column stats: NONE
                 File Output Operator
                   compressed: false
                   GlobalTableId: 0
 #### A masked pattern was here ####
                   NumFilesPerFileSink: 1
+                  Statistics: Num rows: 500 Data size: 5301 Basic stats: COMPLETE Column stats: NONE
 #### A masked pattern was here ####
                   table:
                       input format: org.apache.hadoop.mapred.TextInputFormat
@@ -1539,16 +1555,20 @@ STAGE PLANS:
             Map Operator Tree:
                 TableScan
                   alias: s
+                  Statistics: Num rows: 1000 Data size: 10603 Basic stats: COMPLETE Column stats: NONE
                   GatherStats: false
                   Filter Operator
                     isSamplingPred: true
                     predicate: (((hash(key) & 2147483647) % 3) = 0) (type: boolean)
+                    Statistics: Num rows: 500 Data size: 5301 Basic stats: COMPLETE Column stats: NONE
                     Select Operator
                       expressions: key (type: int), value (type: string)
                       outputColumnNames: _col0, _col1
+                      Statistics: Num rows: 500 Data size: 5301 Basic stats: COMPLETE Column stats: NONE
                       Reduce Output Operator
                         key expressions: _col0 (type: int), _col1 (type: string)
                         sort order: ++
+                        Statistics: Num rows: 500 Data size: 5301 Basic stats: COMPLETE Column stats: NONE
                         tag: -1
                         auto parallelism: false
             Path -> Alias:
@@ -1608,11 +1628,13 @@ STAGE PLANS:
               Select Operator
                 expressions: KEY.reducesinkkey0 (type: int), KEY.reducesinkkey1 (type: string)
                 outputColumnNames: _col0, _col1
+                Statistics: Num rows: 500 Data size: 5301 Basic stats: COMPLETE Column stats: NONE
                 File Output Operator
                   compressed: false
                   GlobalTableId: 0
 #### A masked pattern was here ####
                   NumFilesPerFileSink: 1
+                  Statistics: Num rows: 500 Data size: 5301 Basic stats: COMPLETE Column stats: NONE
 #### A masked pattern was here ####
                   table:
                       input format: org.apache.hadoop.mapred.TextInputFormat
@@ -2033,16 +2055,20 @@ STAGE PLANS:
             Map Operator Tree:
                 TableScan
                   alias: s
+                  Statistics: Num rows: 1000 Data size: 10603 Basic stats: COMPLETE Column stats: NONE
                   GatherStats: false
                   Filter Operator
                     isSamplingPred: true
                     predicate: (((hash(key) & 2147483647) % 3) = 1) (type: boolean)
+                    Statistics: Num rows: 500 Data size: 5301 Basic stats: COMPLETE Column stats: NONE
                     Select Operator
                       expressions: key (type: int), value (type: string)
                       outputColumnNames: _col0, _col1
+                      Statistics: Num rows: 500 Data size: 5301 Basic stats: COMPLETE Column stats: NONE
                       Reduce Output Operator
                         key expressions: _col0 (type: int), _col1 (type: string)
                         sort order: ++
+                        Statistics: Num rows: 500 Data size: 5301 Basic stats: COMPLETE Column stats: NONE
                         tag: -1
                         auto parallelism: false
             Path -> Alias:
@@ -2102,11 +2128,13 @@ STAGE PLANS:
               Select Operator
                 expressions: KEY.reducesinkkey0 (type: int), KEY.reducesinkkey1 (type: string)
                 outputColumnNames: _col0, _col1
+                Statistics: Num rows: 500 Data size: 5301 Basic stats: COMPLETE Column stats: NONE
                 File Output Operator
                   compressed: false
                   GlobalTableId: 0
 #### A masked pattern was here ####
                   NumFilesPerFileSink: 1
+                  Statistics: Num rows: 500 Data size: 5301 Basic stats: COMPLETE Column stats: NONE
 #### A masked pattern was here ####
                   table:
                       input format: org.apache.hadoop.mapred.TextInputFormat
@@ -2513,16 +2541,20 @@ STAGE PLANS:
             Map Operator Tree:
                 TableScan
                   alias: s
+                  Statistics: Num rows: 500 Data size: 5312 Basic stats: COMPLETE Column stats: NONE
                   GatherStats: false
                   Filter Operator
                     isSamplingPred: true
                     predicate: (((hash(key) & 2147483647) % 2) = 0) (type: boolean)
+                    Statistics: Num rows: 250 Data size: 2656 Basic stats: COMPLETE Column stats: NONE
                     Select Operator
                       expressions: key (type: int), value (type: string)
                       outputColumnNames: _col0, _col1
+                      Statistics: Num rows: 250 Data size: 2656 Basic stats: COMPLETE Column stats: NONE
                       Reduce Output Operator
                         key expressions: _col0 (type: int), _col1 (type: string)
                         sort order: ++
+                        Statistics: Num rows: 250 Data size: 2656 Basic stats: COMPLETE Column stats: NONE
                         tag: -1
                         auto parallelism: false
             Path -> Alias:
@@ -2629,11 +2661,13 @@ STAGE PLANS:
               Select Operator
                 expressions: KEY.reducesinkkey0 (type: int), KEY.reducesinkkey1 (type: string)
                 outputColumnNames: _col0, _col1
+                Statistics: Num rows: 250 Data size: 2656 Basic stats: COMPLETE Column stats: NONE
                 File Output Operator
                   compressed: false
                   GlobalTableId: 0
 #### A masked pattern was here ####
                   NumFilesPerFileSink: 1
+                  Statistics: Num rows: 250 Data size: 2656 Basic stats: COMPLETE Column stats: NONE
 #### A masked pattern was here ####
                   table:
                       input format: org.apache.hadoop.mapred.TextInputFormat
@@ -2840,16 +2874,20 @@ STAGE PLANS:
             Map Operator Tree:
                 TableScan
                   alias: s
+                  Statistics: Num rows: 500 Data size: 5312 Basic stats: COMPLETE Column stats: NONE
                   GatherStats: false
                   Filter Operator
                     isSamplingPred: true
                     predicate: (((hash(key) & 2147483647) % 4) = 1) (type: boolean)
+                    Statistics: Num rows: 250 Data size: 2656 Basic stats: COMPLETE Column stats: NONE
                     Select Operator
                       expressions: key (type: int), value (type: string)
                       outputColumnNames: _col0, _col1
+                      Statistics: Num rows: 250 Data size: 2656 Basic stats: COMPLETE Column stats: NONE
                       Reduce Output Operator
                         key expressions: _col0 (type: int), _col1 (type: string)
                         sort order: ++
+                        Statistics: Num rows: 250 Data size: 2656 Basic stats: COMPLETE Column stats: NONE
                         tag: -1
                         auto parallelism: false
             Path -> Alias:
@@ -2909,11 +2947,13 @@ STAGE PLANS:
               Select Operator
                 expressions: KEY.reducesinkkey0 (type: int), KEY.reducesinkkey1 (type: string)
                 outputColumnNames: _col0, _col1
+                Statistics: Num rows: 250 Data size: 2656 Basic stats: COMPLETE Column stats: NONE
                 File Output Operator
                   compressed: false
                   GlobalTableId: 0
 #### A masked pattern was here ####
                   NumFilesPerFileSink: 1
+                  Statistics: Num rows: 250 Data size: 2656 Basic stats: COMPLETE Column stats: NONE
 #### A masked pattern was here ####
                   table:
                       input format: org.apache.hadoop.mapred.TextInputFormat
@@ -3047,11 +3087,13 @@ STAGE PLANS:
               Select Operator
                 expressions: KEY.reducesinkkey0 (type: int), KEY.reducesinkkey1 (type: string)
                 outputColumnNames: _col0, _col1
+                Statistics: Num rows: 0 Data size: 0 Basic stats: NONE Column stats: NONE
                 File Output Operator
                   compressed: false
                   GlobalTableId: 0
 #### A masked pattern was here ####
                   NumFilesPerFileSink: 1
+                  Statistics: Num rows: 0 Data size: 0 Basic stats: NONE Column stats: NONE
 #### A masked pattern was here ####
                   table:
                       input format: org.apache.hadoop.mapred.TextInputFormat
diff --git a/ql/src/test/results/clientpositive/spark/sample7.q.out b/ql/src/test/results/clientpositive/spark/sample7.q.out
index 0d08599737..f99d89876c 100644
--- a/ql/src/test/results/clientpositive/spark/sample7.q.out
+++ b/ql/src/test/results/clientpositive/spark/sample7.q.out
@@ -65,18 +65,22 @@ STAGE PLANS:
             Map Operator Tree:
                 TableScan
                   alias: s
+                  Statistics: Num rows: 1000 Data size: 10603 Basic stats: COMPLETE Column stats: NONE
                   GatherStats: false
                   Filter Operator
                     isSamplingPred: false
                     predicate: ((((hash(key) & 2147483647) % 4) = 0) and (key > 100)) (type: boolean)
+                    Statistics: Num rows: 166 Data size: 1760 Basic stats: COMPLETE Column stats: NONE
                     Select Operator
                       expressions: key (type: int), value (type: string)
                       outputColumnNames: _col0, _col1
+                      Statistics: Num rows: 166 Data size: 1760 Basic stats: COMPLETE Column stats: NONE
                       File Output Operator
                         compressed: false
                         GlobalTableId: 1
 #### A masked pattern was here ####
                         NumFilesPerFileSink: 1
+                        Statistics: Num rows: 166 Data size: 1760 Basic stats: COMPLETE Column stats: NONE
 #### A masked pattern was here ####
                         table:
                             input format: org.apache.hadoop.mapred.TextInputFormat
diff --git a/ql/src/test/results/clientpositive/spark/sample8.q.out b/ql/src/test/results/clientpositive/spark/sample8.q.out
index 9660a1b551..62969002f2 100644
--- a/ql/src/test/results/clientpositive/spark/sample8.q.out
+++ b/ql/src/test/results/clientpositive/spark/sample8.q.out
@@ -99,14 +99,17 @@ STAGE PLANS:
             Map Operator Tree:
                 TableScan
                   alias: t
+                  Statistics: Num rows: 2000 Data size: 21248 Basic stats: COMPLETE Column stats: NONE
                   GatherStats: false
                   Filter Operator
                     isSamplingPred: true
                     predicate: ((((((hash(key) & 2147483647) % 1) = 0) and key is not null) and value is not null) and (((hash(key) & 2147483647) % 10) = 0)) (type: boolean)
+                    Statistics: Num rows: 125 Data size: 1328 Basic stats: COMPLETE Column stats: NONE
                     Reduce Output Operator
                       key expressions: key (type: string), value (type: string)
                       sort order: ++
                       Map-reduce partition columns: key (type: string), value (type: string)
+                      Statistics: Num rows: 125 Data size: 1328 Basic stats: COMPLETE Column stats: NONE
                       tag: 1
                       auto parallelism: true
             Path -> Alias:
@@ -305,14 +308,17 @@ STAGE PLANS:
             Map Operator Tree:
                 TableScan
                   alias: s
+                  Statistics: Num rows: 500 Data size: 5312 Basic stats: COMPLETE Column stats: NONE
                   GatherStats: false
                   Filter Operator
                     isSamplingPred: true
                     predicate: ((((((hash(key) & 2147483647) % 10) = 0) and key is not null) and value is not null) and (((hash(key) & 2147483647) % 1) = 0)) (type: boolean)
+                    Statistics: Num rows: 31 Data size: 329 Basic stats: COMPLETE Column stats: NONE
                     Reduce Output Operator
                       key expressions: key (type: string), value (type: string)
                       sort order: ++
                       Map-reduce partition columns: key (type: string), value (type: string)
+                      Statistics: Num rows: 31 Data size: 329 Basic stats: COMPLETE Column stats: NONE
                       tag: 0
                       value expressions: ds (type: string), hr (type: string)
                       auto parallelism: true
@@ -377,17 +383,21 @@ STAGE PLANS:
                   0 {KEY.reducesinkkey0} {KEY.reducesinkkey1} {VALUE._col0} {VALUE._col1}
                   1 {KEY.reducesinkkey0} {KEY.reducesinkkey1}
                 outputColumnNames: _col0, _col1, _col2, _col3, _col7, _col8
+                Statistics: Num rows: 137 Data size: 1460 Basic stats: COMPLETE Column stats: NONE
                 Filter Operator
                   isSamplingPred: false
                   predicate: ((((_col7 = _col0) and (_col8 = _col1)) and (_col2 = '2008-04-08')) and (_col3 = '11')) (type: boolean)
+                  Statistics: Num rows: 8 Data size: 85 Basic stats: COMPLETE Column stats: NONE
                   Select Operator
                     expressions: _col0 (type: string), _col1 (type: string), '2008-04-08' (type: string), '11' (type: string)
                     outputColumnNames: _col0, _col1, _col2, _col3
+                    Statistics: Num rows: 8 Data size: 85 Basic stats: COMPLETE Column stats: NONE
                     File Output Operator
                       compressed: false
                       GlobalTableId: 0
 #### A masked pattern was here ####
                       NumFilesPerFileSink: 1
+                      Statistics: Num rows: 8 Data size: 85 Basic stats: COMPLETE Column stats: NONE
 #### A masked pattern was here ####
                       table:
                           input format: org.apache.hadoop.mapred.TextInputFormat
@@ -806,24 +816,30 @@ STAGE PLANS:
                 TableScan
                   alias: b
                   Row Limit Per Split: 10
+                  Statistics: Num rows: 25 Data size: 191 Basic stats: COMPLETE Column stats: NONE
                   Filter Operator
                     predicate: key is not null (type: boolean)
+                    Statistics: Num rows: 13 Data size: 99 Basic stats: COMPLETE Column stats: NONE
                     Reduce Output Operator
                       key expressions: key (type: string)
                       sort order: +
                       Map-reduce partition columns: key (type: string)
+                      Statistics: Num rows: 13 Data size: 99 Basic stats: COMPLETE Column stats: NONE
                       value expressions: value (type: string)
         Map 3 
             Map Operator Tree:
                 TableScan
                   alias: a
                   Row Limit Per Split: 100
+                  Statistics: Num rows: 500 Data size: 5312 Basic stats: COMPLETE Column stats: NONE
                   Filter Operator
                     predicate: key is not null (type: boolean)
+                    Statistics: Num rows: 250 Data size: 2656 Basic stats: COMPLETE Column stats: NONE
                     Reduce Output Operator
                       key expressions: key (type: string)
                       sort order: +
                       Map-reduce partition columns: key (type: string)
+                      Statistics: Num rows: 250 Data size: 2656 Basic stats: COMPLETE Column stats: NONE
                       value expressions: value (type: string)
         Reducer 2 
             Reduce Operator Tree:
@@ -834,11 +850,14 @@ STAGE PLANS:
                   0 {KEY.reducesinkkey0} {VALUE._col0}
                   1 {KEY.reducesinkkey0} {VALUE._col0}
                 outputColumnNames: _col0, _col1, _col5, _col6
+                Statistics: Num rows: 275 Data size: 2921 Basic stats: COMPLETE Column stats: NONE
                 Select Operator
                   expressions: _col0 (type: string), _col1 (type: string), _col5 (type: string), _col6 (type: string)
                   outputColumnNames: _col0, _col1, _col2, _col3
+                  Statistics: Num rows: 275 Data size: 2921 Basic stats: COMPLETE Column stats: NONE
                   File Output Operator
                     compressed: false
+                    Statistics: Num rows: 275 Data size: 2921 Basic stats: COMPLETE Column stats: NONE
                     table:
                         input format: org.apache.hadoop.mapred.TextInputFormat
                         output format: org.apache.hadoop.hive.ql.io.HiveIgnoreKeyTextOutputFormat
@@ -888,24 +907,30 @@ STAGE PLANS:
                 TableScan
                   alias: b
                   Row Limit Per Split: 10
+                  Statistics: Num rows: 25 Data size: 191 Basic stats: COMPLETE Column stats: NONE
                   Filter Operator
                     predicate: key is not null (type: boolean)
+                    Statistics: Num rows: 13 Data size: 99 Basic stats: COMPLETE Column stats: NONE
                     Reduce Output Operator
                       key expressions: key (type: string)
                       sort order: +
                       Map-reduce partition columns: key (type: string)
+                      Statistics: Num rows: 13 Data size: 99 Basic stats: COMPLETE Column stats: NONE
                       value expressions: value (type: string)
         Map 3 
             Map Operator Tree:
                 TableScan
                   alias: a
                   Row Limit Per Split: 100
+                  Statistics: Num rows: 500 Data size: 5312 Basic stats: COMPLETE Column stats: NONE
                   Filter Operator
                     predicate: key is not null (type: boolean)
+                    Statistics: Num rows: 250 Data size: 2656 Basic stats: COMPLETE Column stats: NONE
                     Reduce Output Operator
                       key expressions: key (type: string)
                       sort order: +
                       Map-reduce partition columns: key (type: string)
+                      Statistics: Num rows: 250 Data size: 2656 Basic stats: COMPLETE Column stats: NONE
                       value expressions: value (type: string)
         Reducer 2 
             Reduce Operator Tree:
@@ -916,13 +941,17 @@ STAGE PLANS:
                   0 {KEY.reducesinkkey0} {VALUE._col0}
                   1 {KEY.reducesinkkey0} {VALUE._col0}
                 outputColumnNames: _col0, _col1, _col5, _col6
+                Statistics: Num rows: 275 Data size: 2921 Basic stats: COMPLETE Column stats: NONE
                 Filter Operator
                   predicate: (_col0 = _col5) (type: boolean)
+                  Statistics: Num rows: 137 Data size: 1455 Basic stats: COMPLETE Column stats: NONE
                   Select Operator
                     expressions: _col0 (type: string), _col1 (type: string), _col5 (type: string), _col6 (type: string)
                     outputColumnNames: _col0, _col1, _col2, _col3
+                    Statistics: Num rows: 137 Data size: 1455 Basic stats: COMPLETE Column stats: NONE
                     File Output Operator
                       compressed: false
+                      Statistics: Num rows: 137 Data size: 1455 Basic stats: COMPLETE Column stats: NONE
                       table:
                           input format: org.apache.hadoop.mapred.TextInputFormat
                           output format: org.apache.hadoop.hive.ql.io.HiveIgnoreKeyTextOutputFormat
diff --git a/ql/src/test/results/clientpositive/spark/sample9.q.out b/ql/src/test/results/clientpositive/spark/sample9.q.out
index 326c3de6ef..ff5d08eca7 100644
--- a/ql/src/test/results/clientpositive/spark/sample9.q.out
+++ b/ql/src/test/results/clientpositive/spark/sample9.q.out
@@ -53,13 +53,16 @@ STAGE PLANS:
       Processor Tree:
         TableScan
           alias: a
+          Statistics: Num rows: 1000 Data size: 10603 Basic stats: COMPLETE Column stats: NONE
           GatherStats: false
           Filter Operator
             isSamplingPred: true
             predicate: (((hash(key) & 2147483647) % 2) = 0) (type: boolean)
+            Statistics: Num rows: 500 Data size: 5301 Basic stats: COMPLETE Column stats: NONE
             Select Operator
               expressions: key (type: int), value (type: string)
               outputColumnNames: _col0, _col1
+              Statistics: Num rows: 500 Data size: 5301 Basic stats: COMPLETE Column stats: NONE
               ListSink
 
 PREHOOK: query: SELECT s.*
diff --git a/ql/src/test/results/clientpositive/spark/script_pipe.q.out b/ql/src/test/results/clientpositive/spark/script_pipe.q.out
index ef45626a60..5b966ff403 100644
--- a/ql/src/test/results/clientpositive/spark/script_pipe.q.out
+++ b/ql/src/test/results/clientpositive/spark/script_pipe.q.out
@@ -19,32 +19,41 @@ STAGE PLANS:
             Map Operator Tree:
                 TableScan
                   alias: src
+                  Statistics: Num rows: 500 Data size: 5312 Basic stats: COMPLETE Column stats: NONE
                   Select Operator
                     expressions: key (type: string), value (type: string)
                     outputColumnNames: _col0, _col1
+                    Statistics: Num rows: 500 Data size: 5312 Basic stats: COMPLETE Column stats: NONE
                     Limit
                       Number of rows: 1
+                      Statistics: Num rows: 1 Data size: 10 Basic stats: COMPLETE Column stats: NONE
                       Reduce Output Operator
                         sort order: 
+                        Statistics: Num rows: 1 Data size: 10 Basic stats: COMPLETE Column stats: NONE
                         value expressions: _col0 (type: string), _col1 (type: string)
         Reducer 2 
             Reduce Operator Tree:
               Select Operator
                 expressions: VALUE._col0 (type: string), VALUE._col1 (type: string)
                 outputColumnNames: _col0, _col1
+                Statistics: Num rows: 1 Data size: 10 Basic stats: COMPLETE Column stats: NONE
                 Limit
                   Number of rows: 1
+                  Statistics: Num rows: 1 Data size: 10 Basic stats: COMPLETE Column stats: NONE
                   Select Operator
                     expressions: _col0 (type: string), _col1 (type: string)
                     outputColumnNames: _col0, _col1
+                    Statistics: Num rows: 1 Data size: 10 Basic stats: COMPLETE Column stats: NONE
                     Transform Operator
                       command: true
                       output info:
                           input format: org.apache.hadoop.mapred.TextInputFormat
                           output format: org.apache.hadoop.hive.ql.io.HiveIgnoreKeyTextOutputFormat
                           serde: org.apache.hadoop.hive.serde2.lazy.LazySimpleSerDe
+                      Statistics: Num rows: 1 Data size: 10 Basic stats: COMPLETE Column stats: NONE
                       File Output Operator
                         compressed: false
+                        Statistics: Num rows: 1 Data size: 10 Basic stats: COMPLETE Column stats: NONE
                         table:
                             input format: org.apache.hadoop.mapred.TextInputFormat
                             output format: org.apache.hadoop.hive.ql.io.HiveIgnoreKeyTextOutputFormat
@@ -75,17 +84,21 @@ STAGE PLANS:
             Map Operator Tree:
                 TableScan
                   alias: src
+                  Statistics: Num rows: 500 Data size: 5312 Basic stats: COMPLETE Column stats: NONE
                   Select Operator
                     expressions: key (type: string), value (type: string), key (type: string), value (type: string), key (type: string), value (type: string), key (type: string), value (type: string), key (type: string), value (type: string), key (type: string), value (type: string)
                     outputColumnNames: _col0, _col1, _col2, _col3, _col4, _col5, _col6, _col7, _col8, _col9, _col10, _col11
+                    Statistics: Num rows: 500 Data size: 5312 Basic stats: COMPLETE Column stats: NONE
                     Transform Operator
                       command: head -n 1
                       output info:
                           input format: org.apache.hadoop.mapred.TextInputFormat
                           output format: org.apache.hadoop.hive.ql.io.HiveIgnoreKeyTextOutputFormat
                           serde: org.apache.hadoop.hive.serde2.lazy.LazySimpleSerDe
+                      Statistics: Num rows: 500 Data size: 5312 Basic stats: COMPLETE Column stats: NONE
                       File Output Operator
                         compressed: false
+                        Statistics: Num rows: 500 Data size: 5312 Basic stats: COMPLETE Column stats: NONE
                         table:
                             input format: org.apache.hadoop.mapred.TextInputFormat
                             output format: org.apache.hadoop.hive.ql.io.HiveIgnoreKeyTextOutputFormat
diff --git a/ql/src/test/results/clientpositive/spark/skewjoin.q.out b/ql/src/test/results/clientpositive/spark/skewjoin.q.out
index a6f5b2b996..d674d04bd8 100644
--- a/ql/src/test/results/clientpositive/spark/skewjoin.q.out
+++ b/ql/src/test/results/clientpositive/spark/skewjoin.q.out
@@ -95,23 +95,29 @@ STAGE PLANS:
             Map Operator Tree:
                 TableScan
                   alias: src2
+                  Statistics: Num rows: 500 Data size: 5312 Basic stats: COMPLETE Column stats: NONE
                   Filter Operator
                     predicate: key is not null (type: boolean)
+                    Statistics: Num rows: 250 Data size: 2656 Basic stats: COMPLETE Column stats: NONE
                     Reduce Output Operator
                       key expressions: key (type: string)
                       sort order: +
                       Map-reduce partition columns: key (type: string)
+                      Statistics: Num rows: 250 Data size: 2656 Basic stats: COMPLETE Column stats: NONE
                       value expressions: value (type: string)
         Map 3 
             Map Operator Tree:
                 TableScan
                   alias: src1
+                  Statistics: Num rows: 500 Data size: 5312 Basic stats: COMPLETE Column stats: NONE
                   Filter Operator
                     predicate: key is not null (type: boolean)
+                    Statistics: Num rows: 250 Data size: 2656 Basic stats: COMPLETE Column stats: NONE
                     Reduce Output Operator
                       key expressions: key (type: string)
                       sort order: +
                       Map-reduce partition columns: key (type: string)
+                      Statistics: Num rows: 250 Data size: 2656 Basic stats: COMPLETE Column stats: NONE
         Reducer 2 
             Reduce Operator Tree:
               Join Operator
@@ -121,11 +127,14 @@ STAGE PLANS:
                   0 {KEY.reducesinkkey0}
                   1 {VALUE._col0}
                 outputColumnNames: _col0, _col6
+                Statistics: Num rows: 275 Data size: 2921 Basic stats: COMPLETE Column stats: NONE
                 Select Operator
                   expressions: UDFToInteger(_col0) (type: int), _col6 (type: string)
                   outputColumnNames: _col0, _col1
+                  Statistics: Num rows: 275 Data size: 2921 Basic stats: COMPLETE Column stats: NONE
                   File Output Operator
                     compressed: false
+                    Statistics: Num rows: 275 Data size: 2921 Basic stats: COMPLETE Column stats: NONE
                     table:
                         input format: org.apache.hadoop.mapred.TextInputFormat
                         output format: org.apache.hadoop.hive.ql.io.HiveIgnoreKeyTextOutputFormat
@@ -197,45 +206,57 @@ STAGE PLANS:
             Map Operator Tree:
                 TableScan
                   alias: d
+                  Statistics: Num rows: 0 Data size: 30 Basic stats: PARTIAL Column stats: NONE
                   Filter Operator
                     predicate: key is not null (type: boolean)
+                    Statistics: Num rows: 0 Data size: 0 Basic stats: NONE Column stats: NONE
                     Reduce Output Operator
                       key expressions: key (type: string)
                       sort order: +
                       Map-reduce partition columns: key (type: string)
+                      Statistics: Num rows: 0 Data size: 0 Basic stats: NONE Column stats: NONE
                       value expressions: val (type: string)
         Map 3 
             Map Operator Tree:
                 TableScan
                   alias: b
+                  Statistics: Num rows: 0 Data size: 30 Basic stats: PARTIAL Column stats: NONE
                   Filter Operator
                     predicate: key is not null (type: boolean)
+                    Statistics: Num rows: 0 Data size: 0 Basic stats: NONE Column stats: NONE
                     Reduce Output Operator
                       key expressions: key (type: string)
                       sort order: +
                       Map-reduce partition columns: key (type: string)
+                      Statistics: Num rows: 0 Data size: 0 Basic stats: NONE Column stats: NONE
                       value expressions: val (type: string)
         Map 4 
             Map Operator Tree:
                 TableScan
                   alias: c
+                  Statistics: Num rows: 0 Data size: 20 Basic stats: PARTIAL Column stats: NONE
                   Filter Operator
                     predicate: key is not null (type: boolean)
+                    Statistics: Num rows: 0 Data size: 0 Basic stats: NONE Column stats: NONE
                     Reduce Output Operator
                       key expressions: key (type: string)
                       sort order: +
                       Map-reduce partition columns: key (type: string)
+                      Statistics: Num rows: 0 Data size: 0 Basic stats: NONE Column stats: NONE
                       value expressions: val (type: string)
         Map 5 
             Map Operator Tree:
                 TableScan
                   alias: a
+                  Statistics: Num rows: 0 Data size: 30 Basic stats: PARTIAL Column stats: NONE
                   Filter Operator
                     predicate: key is not null (type: boolean)
+                    Statistics: Num rows: 0 Data size: 0 Basic stats: NONE Column stats: NONE
                     Reduce Output Operator
                       key expressions: key (type: string)
                       sort order: +
                       Map-reduce partition columns: key (type: string)
+                      Statistics: Num rows: 0 Data size: 0 Basic stats: NONE Column stats: NONE
                       value expressions: val (type: string)
         Reducer 2 
             Reduce Operator Tree:
@@ -250,11 +271,14 @@ STAGE PLANS:
                   2 {KEY.reducesinkkey0} {VALUE._col0}
                   3 {KEY.reducesinkkey0} {VALUE._col0}
                 outputColumnNames: _col0, _col1, _col5, _col6, _col10, _col11, _col15, _col16
+                Statistics: Num rows: 0 Data size: 0 Basic stats: NONE Column stats: NONE
                 Select Operator
                   expressions: _col0 (type: string), _col1 (type: string), _col5 (type: string), _col6 (type: string), _col10 (type: string), _col11 (type: string), _col15 (type: string), _col16 (type: string)
                   outputColumnNames: _col0, _col1, _col2, _col3, _col4, _col5, _col6, _col7
+                  Statistics: Num rows: 0 Data size: 0 Basic stats: NONE Column stats: NONE
                   File Output Operator
                     compressed: false
+                    Statistics: Num rows: 0 Data size: 0 Basic stats: NONE Column stats: NONE
                     table:
                         input format: org.apache.hadoop.mapred.TextInputFormat
                         output format: org.apache.hadoop.hive.ql.io.HiveIgnoreKeyTextOutputFormat
@@ -314,45 +338,57 @@ STAGE PLANS:
             Map Operator Tree:
                 TableScan
                   alias: d
+                  Statistics: Num rows: 0 Data size: 30 Basic stats: PARTIAL Column stats: NONE
                   Filter Operator
                     predicate: key is not null (type: boolean)
+                    Statistics: Num rows: 0 Data size: 0 Basic stats: NONE Column stats: NONE
                     Reduce Output Operator
                       key expressions: key (type: string)
                       sort order: +
                       Map-reduce partition columns: key (type: string)
+                      Statistics: Num rows: 0 Data size: 0 Basic stats: NONE Column stats: NONE
                       value expressions: val (type: string)
         Map 3 
             Map Operator Tree:
                 TableScan
                   alias: b
+                  Statistics: Num rows: 0 Data size: 30 Basic stats: PARTIAL Column stats: NONE
                   Filter Operator
                     predicate: key is not null (type: boolean)
+                    Statistics: Num rows: 0 Data size: 0 Basic stats: NONE Column stats: NONE
                     Reduce Output Operator
                       key expressions: key (type: string)
                       sort order: +
                       Map-reduce partition columns: key (type: string)
+                      Statistics: Num rows: 0 Data size: 0 Basic stats: NONE Column stats: NONE
                       value expressions: val (type: string)
         Map 4 
             Map Operator Tree:
                 TableScan
                   alias: c
+                  Statistics: Num rows: 0 Data size: 20 Basic stats: PARTIAL Column stats: NONE
                   Filter Operator
                     predicate: key is not null (type: boolean)
+                    Statistics: Num rows: 0 Data size: 0 Basic stats: NONE Column stats: NONE
                     Reduce Output Operator
                       key expressions: key (type: string)
                       sort order: +
                       Map-reduce partition columns: key (type: string)
+                      Statistics: Num rows: 0 Data size: 0 Basic stats: NONE Column stats: NONE
                       value expressions: val (type: string)
         Map 5 
             Map Operator Tree:
                 TableScan
                   alias: a
+                  Statistics: Num rows: 0 Data size: 30 Basic stats: PARTIAL Column stats: NONE
                   Filter Operator
                     predicate: key is not null (type: boolean)
+                    Statistics: Num rows: 0 Data size: 0 Basic stats: NONE Column stats: NONE
                     Reduce Output Operator
                       key expressions: key (type: string)
                       sort order: +
                       Map-reduce partition columns: key (type: string)
+                      Statistics: Num rows: 0 Data size: 0 Basic stats: NONE Column stats: NONE
                       value expressions: val (type: string)
         Reducer 2 
             Reduce Operator Tree:
@@ -367,11 +403,14 @@ STAGE PLANS:
                   2 {KEY.reducesinkkey0} {VALUE._col0}
                   3 {KEY.reducesinkkey0} {VALUE._col0}
                 outputColumnNames: _col0, _col1, _col5, _col6, _col10, _col11, _col15, _col16
+                Statistics: Num rows: 0 Data size: 0 Basic stats: NONE Column stats: NONE
                 Select Operator
                   expressions: _col0 (type: string), _col1 (type: string), _col5 (type: string), _col6 (type: string), _col10 (type: string), _col11 (type: string), _col15 (type: string), _col16 (type: string)
                   outputColumnNames: _col0, _col1, _col2, _col3, _col4, _col5, _col6, _col7
+                  Statistics: Num rows: 0 Data size: 0 Basic stats: NONE Column stats: NONE
                   File Output Operator
                     compressed: false
+                    Statistics: Num rows: 0 Data size: 0 Basic stats: NONE Column stats: NONE
                     table:
                         input format: org.apache.hadoop.mapred.TextInputFormat
                         output format: org.apache.hadoop.hive.ql.io.HiveIgnoreKeyTextOutputFormat
@@ -424,23 +463,29 @@ STAGE PLANS:
             Map Operator Tree:
                 TableScan
                   alias: c
+                  Statistics: Num rows: 500 Data size: 5312 Basic stats: COMPLETE Column stats: NONE
                   Filter Operator
                     predicate: (key + 1) is not null (type: boolean)
+                    Statistics: Num rows: 250 Data size: 2656 Basic stats: COMPLETE Column stats: NONE
                     Reduce Output Operator
                       key expressions: (key + 1) (type: double)
                       sort order: +
                       Map-reduce partition columns: (key + 1) (type: double)
+                      Statistics: Num rows: 250 Data size: 2656 Basic stats: COMPLETE Column stats: NONE
                       value expressions: key (type: string)
         Map 4 
             Map Operator Tree:
                 TableScan
                   alias: a
+                  Statistics: Num rows: 0 Data size: 30 Basic stats: PARTIAL Column stats: NONE
                   Filter Operator
                     predicate: UDFToDouble(key) is not null (type: boolean)
+                    Statistics: Num rows: 0 Data size: 0 Basic stats: NONE Column stats: NONE
                     Reduce Output Operator
                       key expressions: UDFToDouble(key) (type: double)
                       sort order: +
                       Map-reduce partition columns: UDFToDouble(key) (type: double)
+                      Statistics: Num rows: 0 Data size: 0 Basic stats: NONE Column stats: NONE
                       value expressions: key (type: string), val (type: string)
         Reducer 2 
             Reduce Operator Tree:
@@ -451,15 +496,19 @@ STAGE PLANS:
                   0 {VALUE._col0} {VALUE._col1}
                   1 {VALUE._col0}
                 outputColumnNames: _col0, _col1, _col5
+                Statistics: Num rows: 275 Data size: 2921 Basic stats: COMPLETE Column stats: NONE
                 Select Operator
                   expressions: _col0 (type: string), _col1 (type: string), _col5 (type: string)
                   outputColumnNames: _col0, _col1, _col5
+                  Statistics: Num rows: 275 Data size: 2921 Basic stats: COMPLETE Column stats: NONE
                   Group By Operator
                     aggregations: sum(hash(_col0)), sum(hash(_col1)), sum(hash(_col5))
                     mode: hash
                     outputColumnNames: _col0, _col1, _col2
+                    Statistics: Num rows: 1 Data size: 24 Basic stats: COMPLETE Column stats: NONE
                     Reduce Output Operator
                       sort order: 
+                      Statistics: Num rows: 1 Data size: 24 Basic stats: COMPLETE Column stats: NONE
                       value expressions: _col0 (type: bigint), _col1 (type: bigint), _col2 (type: bigint)
         Reducer 3 
             Reduce Operator Tree:
@@ -467,11 +516,14 @@ STAGE PLANS:
                 aggregations: sum(VALUE._col0), sum(VALUE._col1), sum(VALUE._col2)
                 mode: mergepartial
                 outputColumnNames: _col0, _col1, _col2
+                Statistics: Num rows: 1 Data size: 24 Basic stats: COMPLETE Column stats: NONE
                 Select Operator
                   expressions: _col0 (type: bigint), _col1 (type: bigint), _col2 (type: bigint)
                   outputColumnNames: _col0, _col1, _col2
+                  Statistics: Num rows: 1 Data size: 24 Basic stats: COMPLETE Column stats: NONE
                   File Output Operator
                     compressed: false
+                    Statistics: Num rows: 1 Data size: 24 Basic stats: COMPLETE Column stats: NONE
                     table:
                         input format: org.apache.hadoop.mapred.TextInputFormat
                         output format: org.apache.hadoop.hive.ql.io.HiveIgnoreKeyTextOutputFormat
@@ -524,28 +576,36 @@ STAGE PLANS:
             Map Operator Tree:
                 TableScan
                   alias: src
+                  Statistics: Num rows: 500 Data size: 5312 Basic stats: COMPLETE Column stats: NONE
                   Filter Operator
                     predicate: key is not null (type: boolean)
+                    Statistics: Num rows: 250 Data size: 2656 Basic stats: COMPLETE Column stats: NONE
                     Select Operator
                       expressions: key (type: string)
                       outputColumnNames: _col0
+                      Statistics: Num rows: 250 Data size: 2656 Basic stats: COMPLETE Column stats: NONE
                       Reduce Output Operator
                         key expressions: _col0 (type: string)
                         sort order: +
                         Map-reduce partition columns: _col0 (type: string)
+                        Statistics: Num rows: 250 Data size: 2656 Basic stats: COMPLETE Column stats: NONE
         Map 4 
             Map Operator Tree:
                 TableScan
                   alias: src
+                  Statistics: Num rows: 500 Data size: 5312 Basic stats: COMPLETE Column stats: NONE
                   Filter Operator
                     predicate: key is not null (type: boolean)
+                    Statistics: Num rows: 250 Data size: 2656 Basic stats: COMPLETE Column stats: NONE
                     Select Operator
                       expressions: key (type: string), value (type: string)
                       outputColumnNames: _col0, _col1
+                      Statistics: Num rows: 250 Data size: 2656 Basic stats: COMPLETE Column stats: NONE
                       Reduce Output Operator
                         key expressions: _col0 (type: string)
                         sort order: +
                         Map-reduce partition columns: _col0 (type: string)
+                        Statistics: Num rows: 250 Data size: 2656 Basic stats: COMPLETE Column stats: NONE
                         value expressions: _col1 (type: string)
         Reducer 2 
             Reduce Operator Tree:
@@ -556,15 +616,19 @@ STAGE PLANS:
                   0 
                   1 {KEY.reducesinkkey0} {VALUE._col0}
                 outputColumnNames: _col2, _col3
+                Statistics: Num rows: 275 Data size: 2921 Basic stats: COMPLETE Column stats: NONE
                 Select Operator
                   expressions: _col2 (type: string), _col3 (type: string)
                   outputColumnNames: _col2, _col3
+                  Statistics: Num rows: 275 Data size: 2921 Basic stats: COMPLETE Column stats: NONE
                   Group By Operator
                     aggregations: sum(hash(_col2)), sum(hash(_col3))
                     mode: hash
                     outputColumnNames: _col0, _col1
+                    Statistics: Num rows: 1 Data size: 16 Basic stats: COMPLETE Column stats: NONE
                     Reduce Output Operator
                       sort order: 
+                      Statistics: Num rows: 1 Data size: 16 Basic stats: COMPLETE Column stats: NONE
                       value expressions: _col0 (type: bigint), _col1 (type: bigint)
         Reducer 3 
             Reduce Operator Tree:
@@ -572,11 +636,14 @@ STAGE PLANS:
                 aggregations: sum(VALUE._col0), sum(VALUE._col1)
                 mode: mergepartial
                 outputColumnNames: _col0, _col1
+                Statistics: Num rows: 1 Data size: 16 Basic stats: COMPLETE Column stats: NONE
                 Select Operator
                   expressions: _col0 (type: bigint), _col1 (type: bigint)
                   outputColumnNames: _col0, _col1
+                  Statistics: Num rows: 1 Data size: 16 Basic stats: COMPLETE Column stats: NONE
                   File Output Operator
                     compressed: false
+                    Statistics: Num rows: 1 Data size: 16 Basic stats: COMPLETE Column stats: NONE
                     table:
                         input format: org.apache.hadoop.mapred.TextInputFormat
                         output format: org.apache.hadoop.hive.ql.io.HiveIgnoreKeyTextOutputFormat
@@ -637,28 +704,36 @@ STAGE PLANS:
             Map Operator Tree:
                 TableScan
                   alias: src
+                  Statistics: Num rows: 500 Data size: 5312 Basic stats: COMPLETE Column stats: NONE
                   Filter Operator
                     predicate: (key is not null and UDFToDouble(substring(value, 5)) is not null) (type: boolean)
+                    Statistics: Num rows: 125 Data size: 1328 Basic stats: COMPLETE Column stats: NONE
                     Select Operator
                       expressions: key (type: string), value (type: string)
                       outputColumnNames: _col0, _col1
+                      Statistics: Num rows: 125 Data size: 1328 Basic stats: COMPLETE Column stats: NONE
                       Reduce Output Operator
                         key expressions: _col0 (type: string), UDFToDouble(substring(_col1, 5)) (type: double)
                         sort order: ++
                         Map-reduce partition columns: _col0 (type: string), UDFToDouble(substring(_col1, 5)) (type: double)
+                        Statistics: Num rows: 125 Data size: 1328 Basic stats: COMPLETE Column stats: NONE
         Map 4 
             Map Operator Tree:
                 TableScan
                   alias: src
+                  Statistics: Num rows: 500 Data size: 5312 Basic stats: COMPLETE Column stats: NONE
                   Filter Operator
                     predicate: (key is not null and (substring(value, 5) + 1) is not null) (type: boolean)
+                    Statistics: Num rows: 125 Data size: 1328 Basic stats: COMPLETE Column stats: NONE
                     Select Operator
                       expressions: key (type: string), value (type: string)
                       outputColumnNames: _col0, _col1
+                      Statistics: Num rows: 125 Data size: 1328 Basic stats: COMPLETE Column stats: NONE
                       Reduce Output Operator
                         key expressions: _col0 (type: string), (substring(_col1, 5) + 1) (type: double)
                         sort order: ++
                         Map-reduce partition columns: _col0 (type: string), (substring(_col1, 5) + 1) (type: double)
+                        Statistics: Num rows: 125 Data size: 1328 Basic stats: COMPLETE Column stats: NONE
                         value expressions: _col1 (type: string)
         Reducer 2 
             Reduce Operator Tree:
@@ -669,15 +744,19 @@ STAGE PLANS:
                   0 
                   1 {KEY.reducesinkkey0} {VALUE._col0}
                 outputColumnNames: _col2, _col3
+                Statistics: Num rows: 137 Data size: 1460 Basic stats: COMPLETE Column stats: NONE
                 Select Operator
                   expressions: _col2 (type: string), _col3 (type: string)
                   outputColumnNames: _col2, _col3
+                  Statistics: Num rows: 137 Data size: 1460 Basic stats: COMPLETE Column stats: NONE
                   Group By Operator
                     aggregations: sum(hash(_col2)), sum(hash(_col3))
                     mode: hash
                     outputColumnNames: _col0, _col1
+                    Statistics: Num rows: 1 Data size: 16 Basic stats: COMPLETE Column stats: NONE
                     Reduce Output Operator
                       sort order: 
+                      Statistics: Num rows: 1 Data size: 16 Basic stats: COMPLETE Column stats: NONE
                       value expressions: _col0 (type: bigint), _col1 (type: bigint)
         Reducer 3 
             Reduce Operator Tree:
@@ -685,11 +764,14 @@ STAGE PLANS:
                 aggregations: sum(VALUE._col0), sum(VALUE._col1)
                 mode: mergepartial
                 outputColumnNames: _col0, _col1
+                Statistics: Num rows: 1 Data size: 16 Basic stats: COMPLETE Column stats: NONE
                 Select Operator
                   expressions: _col0 (type: bigint), _col1 (type: bigint)
                   outputColumnNames: _col0, _col1
+                  Statistics: Num rows: 1 Data size: 16 Basic stats: COMPLETE Column stats: NONE
                   File Output Operator
                     compressed: false
+                    Statistics: Num rows: 1 Data size: 16 Basic stats: COMPLETE Column stats: NONE
                     table:
                         input format: org.apache.hadoop.mapred.TextInputFormat
                         output format: org.apache.hadoop.hive.ql.io.HiveIgnoreKeyTextOutputFormat
@@ -758,42 +840,54 @@ STAGE PLANS:
             Map Operator Tree:
                 TableScan
                   alias: src
+                  Statistics: Num rows: 500 Data size: 5312 Basic stats: COMPLETE Column stats: NONE
                   Filter Operator
                     predicate: (((key < 100) and key is not null) and (key < 80)) (type: boolean)
+                    Statistics: Num rows: 27 Data size: 286 Basic stats: COMPLETE Column stats: NONE
                     Select Operator
                       expressions: key (type: string), value (type: string)
                       outputColumnNames: _col0, _col1
+                      Statistics: Num rows: 27 Data size: 286 Basic stats: COMPLETE Column stats: NONE
                       Reduce Output Operator
                         key expressions: _col0 (type: string)
                         sort order: +
                         Map-reduce partition columns: _col0 (type: string)
+                        Statistics: Num rows: 27 Data size: 286 Basic stats: COMPLETE Column stats: NONE
                         value expressions: _col1 (type: string)
         Map 4 
             Map Operator Tree:
                 TableScan
                   alias: src
+                  Statistics: Num rows: 500 Data size: 5312 Basic stats: COMPLETE Column stats: NONE
                   Filter Operator
                     predicate: (((key < 80) and key is not null) and (key < 100)) (type: boolean)
+                    Statistics: Num rows: 27 Data size: 286 Basic stats: COMPLETE Column stats: NONE
                     Select Operator
                       expressions: key (type: string)
                       outputColumnNames: _col0
+                      Statistics: Num rows: 27 Data size: 286 Basic stats: COMPLETE Column stats: NONE
                       Reduce Output Operator
                         key expressions: _col0 (type: string)
                         sort order: +
                         Map-reduce partition columns: _col0 (type: string)
+                        Statistics: Num rows: 27 Data size: 286 Basic stats: COMPLETE Column stats: NONE
         Map 5 
             Map Operator Tree:
                 TableScan
                   alias: src
+                  Statistics: Num rows: 500 Data size: 5312 Basic stats: COMPLETE Column stats: NONE
                   Filter Operator
                     predicate: (((key < 100) and key is not null) and (key < 80)) (type: boolean)
+                    Statistics: Num rows: 27 Data size: 286 Basic stats: COMPLETE Column stats: NONE
                     Select Operator
                       expressions: key (type: string)
                       outputColumnNames: _col0
+                      Statistics: Num rows: 27 Data size: 286 Basic stats: COMPLETE Column stats: NONE
                       Reduce Output Operator
                         key expressions: _col0 (type: string)
                         sort order: +
                         Map-reduce partition columns: _col0 (type: string)
+                        Statistics: Num rows: 27 Data size: 286 Basic stats: COMPLETE Column stats: NONE
         Reducer 2 
             Reduce Operator Tree:
               Join Operator
@@ -805,15 +899,19 @@ STAGE PLANS:
                   1 {VALUE._col0}
                   2 
                 outputColumnNames: _col0, _col3
+                Statistics: Num rows: 59 Data size: 629 Basic stats: COMPLETE Column stats: NONE
                 Select Operator
                   expressions: _col0 (type: string), _col3 (type: string)
                   outputColumnNames: _col0, _col3
+                  Statistics: Num rows: 59 Data size: 629 Basic stats: COMPLETE Column stats: NONE
                   Group By Operator
                     aggregations: sum(hash(_col0)), sum(hash(_col3))
                     mode: hash
                     outputColumnNames: _col0, _col1
+                    Statistics: Num rows: 1 Data size: 16 Basic stats: COMPLETE Column stats: NONE
                     Reduce Output Operator
                       sort order: 
+                      Statistics: Num rows: 1 Data size: 16 Basic stats: COMPLETE Column stats: NONE
                       value expressions: _col0 (type: bigint), _col1 (type: bigint)
         Reducer 3 
             Reduce Operator Tree:
@@ -821,11 +919,14 @@ STAGE PLANS:
                 aggregations: sum(VALUE._col0), sum(VALUE._col1)
                 mode: mergepartial
                 outputColumnNames: _col0, _col1
+                Statistics: Num rows: 1 Data size: 16 Basic stats: COMPLETE Column stats: NONE
                 Select Operator
                   expressions: _col0 (type: bigint), _col1 (type: bigint)
                   outputColumnNames: _col0, _col1
+                  Statistics: Num rows: 1 Data size: 16 Basic stats: COMPLETE Column stats: NONE
                   File Output Operator
                     compressed: false
+                    Statistics: Num rows: 1 Data size: 16 Basic stats: COMPLETE Column stats: NONE
                     table:
                         input format: org.apache.hadoop.mapred.TextInputFormat
                         output format: org.apache.hadoop.hive.ql.io.HiveIgnoreKeyTextOutputFormat
@@ -884,19 +985,23 @@ STAGE PLANS:
             Map Operator Tree:
                 TableScan
                   alias: v
+                  Statistics: Num rows: 0 Data size: 30 Basic stats: PARTIAL Column stats: NONE
                   Reduce Output Operator
                     key expressions: UDFToDouble(key) (type: double)
                     sort order: +
                     Map-reduce partition columns: UDFToDouble(key) (type: double)
+                    Statistics: Num rows: 0 Data size: 30 Basic stats: PARTIAL Column stats: NONE
                     value expressions: val (type: string)
         Map 4 
             Map Operator Tree:
                 TableScan
                   alias: k
+                  Statistics: Num rows: 0 Data size: 30 Basic stats: PARTIAL Column stats: NONE
                   Reduce Output Operator
                     key expressions: (key + 1) (type: double)
                     sort order: +
                     Map-reduce partition columns: (key + 1) (type: double)
+                    Statistics: Num rows: 0 Data size: 30 Basic stats: PARTIAL Column stats: NONE
                     value expressions: key (type: string)
         Reducer 2 
             Reduce Operator Tree:
@@ -907,15 +1012,19 @@ STAGE PLANS:
                   0 {VALUE._col0}
                   1 {VALUE._col1}
                 outputColumnNames: _col0, _col6
+                Statistics: Num rows: 0 Data size: 33 Basic stats: PARTIAL Column stats: NONE
                 Select Operator
                   expressions: _col0 (type: string), _col6 (type: string)
                   outputColumnNames: _col0, _col6
+                  Statistics: Num rows: 0 Data size: 33 Basic stats: PARTIAL Column stats: NONE
                   Group By Operator
                     aggregations: sum(hash(_col0)), sum(hash(_col6))
                     mode: hash
                     outputColumnNames: _col0, _col1
+                    Statistics: Num rows: 1 Data size: 16 Basic stats: COMPLETE Column stats: NONE
                     Reduce Output Operator
                       sort order: 
+                      Statistics: Num rows: 1 Data size: 16 Basic stats: COMPLETE Column stats: NONE
                       value expressions: _col0 (type: bigint), _col1 (type: bigint)
         Reducer 3 
             Reduce Operator Tree:
@@ -923,11 +1032,14 @@ STAGE PLANS:
                 aggregations: sum(VALUE._col0), sum(VALUE._col1)
                 mode: mergepartial
                 outputColumnNames: _col0, _col1
+                Statistics: Num rows: 1 Data size: 16 Basic stats: COMPLETE Column stats: NONE
                 Select Operator
                   expressions: _col0 (type: bigint), _col1 (type: bigint)
                   outputColumnNames: _col0, _col1
+                  Statistics: Num rows: 1 Data size: 16 Basic stats: COMPLETE Column stats: NONE
                   File Output Operator
                     compressed: false
+                    Statistics: Num rows: 1 Data size: 16 Basic stats: COMPLETE Column stats: NONE
                     table:
                         input format: org.apache.hadoop.mapred.TextInputFormat
                         output format: org.apache.hadoop.hive.ql.io.HiveIgnoreKeyTextOutputFormat
diff --git a/ql/src/test/results/clientpositive/spark/sort.q.out b/ql/src/test/results/clientpositive/spark/sort.q.out
index a725303792..04f6c329f9 100644
--- a/ql/src/test/results/clientpositive/spark/sort.q.out
+++ b/ql/src/test/results/clientpositive/spark/sort.q.out
@@ -19,20 +19,25 @@ STAGE PLANS:
             Map Operator Tree:
                 TableScan
                   alias: x
+                  Statistics: Num rows: 500 Data size: 5312 Basic stats: COMPLETE Column stats: NONE
                   Select Operator
                     expressions: key (type: string), value (type: string)
                     outputColumnNames: _col0, _col1
+                    Statistics: Num rows: 500 Data size: 5312 Basic stats: COMPLETE Column stats: NONE
                     Reduce Output Operator
                       key expressions: _col0 (type: string)
                       sort order: +
+                      Statistics: Num rows: 500 Data size: 5312 Basic stats: COMPLETE Column stats: NONE
                       value expressions: _col1 (type: string)
         Reducer 2 
             Reduce Operator Tree:
               Select Operator
                 expressions: KEY.reducesinkkey0 (type: string), VALUE._col0 (type: string)
                 outputColumnNames: _col0, _col1
+                Statistics: Num rows: 500 Data size: 5312 Basic stats: COMPLETE Column stats: NONE
                 File Output Operator
                   compressed: false
+                  Statistics: Num rows: 500 Data size: 5312 Basic stats: COMPLETE Column stats: NONE
                   table:
                       input format: org.apache.hadoop.mapred.TextInputFormat
                       output format: org.apache.hadoop.hive.ql.io.HiveIgnoreKeyTextOutputFormat
diff --git a/ql/src/test/results/clientpositive/spark/subquery_exists.q.out b/ql/src/test/results/clientpositive/spark/subquery_exists.q.out
index a0ddd25fc1..d5628f6c3c 100644
--- a/ql/src/test/results/clientpositive/spark/subquery_exists.q.out
+++ b/ql/src/test/results/clientpositive/spark/subquery_exists.q.out
@@ -33,29 +33,37 @@ STAGE PLANS:
             Map Operator Tree:
                 TableScan
                   alias: b
+                  Statistics: Num rows: 500 Data size: 5312 Basic stats: COMPLETE Column stats: NONE
                   Filter Operator
                     predicate: (value is not null and key is not null) (type: boolean)
+                    Statistics: Num rows: 125 Data size: 1328 Basic stats: COMPLETE Column stats: NONE
                     Reduce Output Operator
                       key expressions: value (type: string), key (type: string)
                       sort order: ++
                       Map-reduce partition columns: value (type: string), key (type: string)
+                      Statistics: Num rows: 125 Data size: 1328 Basic stats: COMPLETE Column stats: NONE
         Map 3 
             Map Operator Tree:
                 TableScan
                   alias: a
+                  Statistics: Num rows: 500 Data size: 5312 Basic stats: COMPLETE Column stats: NONE
                   Filter Operator
                     predicate: (((value > 'val_9') and value is not null) and key is not null) (type: boolean)
+                    Statistics: Num rows: 42 Data size: 446 Basic stats: COMPLETE Column stats: NONE
                     Select Operator
                       expressions: value (type: string), key (type: string)
                       outputColumnNames: _col1, _col2
+                      Statistics: Num rows: 42 Data size: 446 Basic stats: COMPLETE Column stats: NONE
                       Group By Operator
                         keys: _col1 (type: string), _col2 (type: string)
                         mode: hash
                         outputColumnNames: _col0, _col1
+                        Statistics: Num rows: 42 Data size: 446 Basic stats: COMPLETE Column stats: NONE
                         Reduce Output Operator
                           key expressions: _col0 (type: string), _col1 (type: string)
                           sort order: ++
                           Map-reduce partition columns: _col0 (type: string), _col1 (type: string)
+                          Statistics: Num rows: 42 Data size: 446 Basic stats: COMPLETE Column stats: NONE
         Reducer 2 
             Reduce Operator Tree:
               Join Operator
@@ -65,11 +73,14 @@ STAGE PLANS:
                   0 {KEY.reducesinkkey1} {KEY.reducesinkkey0}
                   1 
                 outputColumnNames: _col0, _col1
+                Statistics: Num rows: 137 Data size: 1460 Basic stats: COMPLETE Column stats: NONE
                 Select Operator
                   expressions: _col0 (type: string), _col1 (type: string)
                   outputColumnNames: _col0, _col1
+                  Statistics: Num rows: 137 Data size: 1460 Basic stats: COMPLETE Column stats: NONE
                   File Output Operator
                     compressed: false
+                    Statistics: Num rows: 137 Data size: 1460 Basic stats: COMPLETE Column stats: NONE
                     table:
                         input format: org.apache.hadoop.mapred.TextInputFormat
                         output format: org.apache.hadoop.hive.ql.io.HiveIgnoreKeyTextOutputFormat
diff --git a/ql/src/test/results/clientpositive/spark/subquery_in.q.out b/ql/src/test/results/clientpositive/spark/subquery_in.q.out
index 65218d9645..323c8947af 100644
--- a/ql/src/test/results/clientpositive/spark/subquery_in.q.out
+++ b/ql/src/test/results/clientpositive/spark/subquery_in.q.out
@@ -125,29 +125,37 @@ STAGE PLANS:
             Map Operator Tree:
                 TableScan
                   alias: s1
+                  Statistics: Num rows: 500 Data size: 5312 Basic stats: COMPLETE Column stats: NONE
                   Filter Operator
                     predicate: ((key > '9') and key is not null) (type: boolean)
+                    Statistics: Num rows: 83 Data size: 881 Basic stats: COMPLETE Column stats: NONE
                     Select Operator
                       expressions: key (type: string)
                       outputColumnNames: _col0
+                      Statistics: Num rows: 83 Data size: 881 Basic stats: COMPLETE Column stats: NONE
                       Group By Operator
                         keys: _col0 (type: string)
                         mode: hash
                         outputColumnNames: _col0
+                        Statistics: Num rows: 83 Data size: 881 Basic stats: COMPLETE Column stats: NONE
                         Reduce Output Operator
                           key expressions: _col0 (type: string)
                           sort order: +
                           Map-reduce partition columns: _col0 (type: string)
+                          Statistics: Num rows: 83 Data size: 881 Basic stats: COMPLETE Column stats: NONE
         Map 3 
             Map Operator Tree:
                 TableScan
                   alias: src
+                  Statistics: Num rows: 500 Data size: 5312 Basic stats: COMPLETE Column stats: NONE
                   Filter Operator
                     predicate: key is not null (type: boolean)
+                    Statistics: Num rows: 250 Data size: 2656 Basic stats: COMPLETE Column stats: NONE
                     Reduce Output Operator
                       key expressions: key (type: string)
                       sort order: +
                       Map-reduce partition columns: key (type: string)
+                      Statistics: Num rows: 250 Data size: 2656 Basic stats: COMPLETE Column stats: NONE
                       value expressions: value (type: string)
         Reducer 2 
             Reduce Operator Tree:
@@ -158,11 +166,14 @@ STAGE PLANS:
                   0 {KEY.reducesinkkey0} {VALUE._col0}
                   1 
                 outputColumnNames: _col0, _col1
+                Statistics: Num rows: 275 Data size: 2921 Basic stats: COMPLETE Column stats: NONE
                 Select Operator
                   expressions: _col0 (type: string), _col1 (type: string)
                   outputColumnNames: _col0, _col1
+                  Statistics: Num rows: 275 Data size: 2921 Basic stats: COMPLETE Column stats: NONE
                   File Output Operator
                     compressed: false
+                    Statistics: Num rows: 275 Data size: 2921 Basic stats: COMPLETE Column stats: NONE
                     table:
                         input format: org.apache.hadoop.mapred.TextInputFormat
                         output format: org.apache.hadoop.hive.ql.io.HiveIgnoreKeyTextOutputFormat
@@ -232,29 +243,37 @@ STAGE PLANS:
             Map Operator Tree:
                 TableScan
                   alias: b
+                  Statistics: Num rows: 500 Data size: 5312 Basic stats: COMPLETE Column stats: NONE
                   Filter Operator
                     predicate: (key is not null and value is not null) (type: boolean)
+                    Statistics: Num rows: 125 Data size: 1328 Basic stats: COMPLETE Column stats: NONE
                     Reduce Output Operator
                       key expressions: key (type: string), value (type: string)
                       sort order: ++
                       Map-reduce partition columns: key (type: string), value (type: string)
+                      Statistics: Num rows: 125 Data size: 1328 Basic stats: COMPLETE Column stats: NONE
         Map 3 
             Map Operator Tree:
                 TableScan
                   alias: a
+                  Statistics: Num rows: 500 Data size: 5312 Basic stats: COMPLETE Column stats: NONE
                   Filter Operator
                     predicate: (((key > '9') and key is not null) and value is not null) (type: boolean)
+                    Statistics: Num rows: 42 Data size: 446 Basic stats: COMPLETE Column stats: NONE
                     Select Operator
                       expressions: key (type: string), value (type: string)
                       outputColumnNames: _col0, _col1
+                      Statistics: Num rows: 42 Data size: 446 Basic stats: COMPLETE Column stats: NONE
                       Group By Operator
                         keys: _col0 (type: string), _col1 (type: string)
                         mode: hash
                         outputColumnNames: _col0, _col1
+                        Statistics: Num rows: 42 Data size: 446 Basic stats: COMPLETE Column stats: NONE
                         Reduce Output Operator
                           key expressions: _col0 (type: string), _col1 (type: string)
                           sort order: ++
                           Map-reduce partition columns: _col0 (type: string), _col1 (type: string)
+                          Statistics: Num rows: 42 Data size: 446 Basic stats: COMPLETE Column stats: NONE
         Reducer 2 
             Reduce Operator Tree:
               Join Operator
@@ -264,11 +283,14 @@ STAGE PLANS:
                   0 {KEY.reducesinkkey0} {KEY.reducesinkkey1}
                   1 
                 outputColumnNames: _col0, _col1
+                Statistics: Num rows: 137 Data size: 1460 Basic stats: COMPLETE Column stats: NONE
                 Select Operator
                   expressions: _col0 (type: string), _col1 (type: string)
                   outputColumnNames: _col0, _col1
+                  Statistics: Num rows: 137 Data size: 1460 Basic stats: COMPLETE Column stats: NONE
                   File Output Operator
                     compressed: false
+                    Statistics: Num rows: 137 Data size: 1460 Basic stats: COMPLETE Column stats: NONE
                     table:
                         input format: org.apache.hadoop.mapred.TextInputFormat
                         output format: org.apache.hadoop.hive.ql.io.HiveIgnoreKeyTextOutputFormat
@@ -348,37 +370,48 @@ STAGE PLANS:
             Map Operator Tree:
                 TableScan
                   alias: part
+                  Statistics: Num rows: 30 Data size: 3173 Basic stats: COMPLETE Column stats: NONE
                   Reduce Output Operator
                     key expressions: p_mfgr (type: string), p_size (type: int)
                     sort order: ++
                     Map-reduce partition columns: p_mfgr (type: string)
+                    Statistics: Num rows: 30 Data size: 3173 Basic stats: COMPLETE Column stats: NONE
                     value expressions: p_mfgr (type: string), p_size (type: int)
         Map 5 
             Map Operator Tree:
                 TableScan
                   alias: part
+                  Statistics: Num rows: 30 Data size: 3173 Basic stats: COMPLETE Column stats: NONE
                   Filter Operator
                     predicate: UDFToDouble(p_size) is not null (type: boolean)
+                    Statistics: Num rows: 15 Data size: 1586 Basic stats: COMPLETE Column stats: NONE
                     Reduce Output Operator
                       key expressions: UDFToDouble(p_size) (type: double)
                       sort order: +
                       Map-reduce partition columns: UDFToDouble(p_size) (type: double)
+                      Statistics: Num rows: 15 Data size: 1586 Basic stats: COMPLETE Column stats: NONE
                       value expressions: p_name (type: string), p_size (type: int)
         Reducer 2 
             Reduce Operator Tree:
               Extract
+                Statistics: Num rows: 30 Data size: 3173 Basic stats: COMPLETE Column stats: NONE
                 PTF Operator
+                  Statistics: Num rows: 30 Data size: 3173 Basic stats: COMPLETE Column stats: NONE
                   Filter Operator
                     predicate: (_wcol0 <= 2) (type: boolean)
+                    Statistics: Num rows: 10 Data size: 1057 Basic stats: COMPLETE Column stats: NONE
                     Select Operator
                       expressions: _col5 (type: int)
                       outputColumnNames: _col0
+                      Statistics: Num rows: 10 Data size: 1057 Basic stats: COMPLETE Column stats: NONE
                       Group By Operator
                         aggregations: avg(_col0)
                         mode: hash
                         outputColumnNames: _col0
+                        Statistics: Num rows: 1 Data size: 0 Basic stats: PARTIAL Column stats: NONE
                         Reduce Output Operator
                           sort order: 
+                          Statistics: Num rows: 1 Data size: 0 Basic stats: PARTIAL Column stats: NONE
                           value expressions: _col0 (type: struct<count:bigint,sum:double,input:int>)
         Reducer 3 
             Reduce Operator Tree:
@@ -386,19 +419,24 @@ STAGE PLANS:
                 aggregations: avg(VALUE._col0)
                 mode: mergepartial
                 outputColumnNames: _col0
+                Statistics: Num rows: 1 Data size: 8 Basic stats: COMPLETE Column stats: NONE
                 Filter Operator
                   predicate: _col0 is not null (type: boolean)
+                  Statistics: Num rows: 1 Data size: 8 Basic stats: COMPLETE Column stats: NONE
                   Select Operator
                     expressions: _col0 (type: double)
                     outputColumnNames: _col0
+                    Statistics: Num rows: 1 Data size: 8 Basic stats: COMPLETE Column stats: NONE
                     Group By Operator
                       keys: _col0 (type: double)
                       mode: hash
                       outputColumnNames: _col0
+                      Statistics: Num rows: 1 Data size: 8 Basic stats: COMPLETE Column stats: NONE
                       Reduce Output Operator
                         key expressions: _col0 (type: double)
                         sort order: +
                         Map-reduce partition columns: _col0 (type: double)
+                        Statistics: Num rows: 1 Data size: 8 Basic stats: COMPLETE Column stats: NONE
         Reducer 4 
             Reduce Operator Tree:
               Join Operator
@@ -408,11 +446,14 @@ STAGE PLANS:
                   0 {VALUE._col1} {VALUE._col5}
                   1 
                 outputColumnNames: _col1, _col5
+                Statistics: Num rows: 16 Data size: 1744 Basic stats: COMPLETE Column stats: NONE
                 Select Operator
                   expressions: _col1 (type: string), _col5 (type: int)
                   outputColumnNames: _col0, _col1
+                  Statistics: Num rows: 16 Data size: 1744 Basic stats: COMPLETE Column stats: NONE
                   File Output Operator
                     compressed: false
+                    Statistics: Num rows: 16 Data size: 1744 Basic stats: COMPLETE Column stats: NONE
                     table:
                         input format: org.apache.hadoop.mapred.TextInputFormat
                         output format: org.apache.hadoop.hive.ql.io.HiveIgnoreKeyTextOutputFormat
@@ -481,21 +522,26 @@ STAGE PLANS:
             Map Operator Tree:
                 TableScan
                   alias: b
+                  Statistics: Num rows: 15 Data size: 3173 Basic stats: COMPLETE Column stats: NONE
                   Filter Operator
                     predicate: (p_size is not null and p_mfgr is not null) (type: boolean)
+                    Statistics: Num rows: 4 Data size: 846 Basic stats: COMPLETE Column stats: NONE
                     Reduce Output Operator
                       key expressions: p_size (type: int), p_mfgr (type: string)
                       sort order: ++
                       Map-reduce partition columns: p_size (type: int), p_mfgr (type: string)
+                      Statistics: Num rows: 4 Data size: 846 Basic stats: COMPLETE Column stats: NONE
                       value expressions: p_name (type: string)
         Map 3 
             Map Operator Tree:
                 TableScan
                   alias: part
+                  Statistics: Num rows: 30 Data size: 3173 Basic stats: COMPLETE Column stats: NONE
                   Reduce Output Operator
                     key expressions: p_mfgr (type: string), p_size (type: int)
                     sort order: ++
                     Map-reduce partition columns: p_mfgr (type: string)
+                    Statistics: Num rows: 30 Data size: 3173 Basic stats: COMPLETE Column stats: NONE
                     value expressions: p_mfgr (type: string), p_size (type: int)
         Reducer 2 
             Reduce Operator Tree:
@@ -506,11 +552,14 @@ STAGE PLANS:
                   0 {VALUE._col1} {KEY.reducesinkkey1} {KEY.reducesinkkey0}
                   1 
                 outputColumnNames: _col1, _col2, _col5
+                Statistics: Num rows: 4 Data size: 930 Basic stats: COMPLETE Column stats: NONE
                 Select Operator
                   expressions: _col2 (type: string), _col1 (type: string), _col5 (type: int)
                   outputColumnNames: _col0, _col1, _col2
+                  Statistics: Num rows: 4 Data size: 930 Basic stats: COMPLETE Column stats: NONE
                   File Output Operator
                     compressed: false
+                    Statistics: Num rows: 4 Data size: 930 Basic stats: COMPLETE Column stats: NONE
                     table:
                         input format: org.apache.hadoop.mapred.TextInputFormat
                         output format: org.apache.hadoop.hive.ql.io.HiveIgnoreKeyTextOutputFormat
@@ -518,21 +567,27 @@ STAGE PLANS:
         Reducer 4 
             Reduce Operator Tree:
               Extract
+                Statistics: Num rows: 30 Data size: 3173 Basic stats: COMPLETE Column stats: NONE
                 PTF Operator
+                  Statistics: Num rows: 30 Data size: 3173 Basic stats: COMPLETE Column stats: NONE
                   Filter Operator
                     predicate: ((_wcol0 <= 2) and _col2 is not null) (type: boolean)
+                    Statistics: Num rows: 5 Data size: 528 Basic stats: COMPLETE Column stats: NONE
                     Select Operator
                       expressions: _col2 (type: string), _col5 (type: int)
                       outputColumnNames: _col0, _col1
+                      Statistics: Num rows: 5 Data size: 528 Basic stats: COMPLETE Column stats: NONE
                       Group By Operator
                         aggregations: min(_col1)
                         keys: _col0 (type: string)
                         mode: hash
                         outputColumnNames: _col0, _col1
+                        Statistics: Num rows: 5 Data size: 528 Basic stats: COMPLETE Column stats: NONE
                         Reduce Output Operator
                           key expressions: _col0 (type: string)
                           sort order: +
                           Map-reduce partition columns: _col0 (type: string)
+                          Statistics: Num rows: 5 Data size: 528 Basic stats: COMPLETE Column stats: NONE
                           value expressions: _col1 (type: int)
         Reducer 5 
             Reduce Operator Tree:
@@ -541,19 +596,24 @@ STAGE PLANS:
                 keys: KEY._col0 (type: string)
                 mode: mergepartial
                 outputColumnNames: _col0, _col1
+                Statistics: Num rows: 2 Data size: 211 Basic stats: COMPLETE Column stats: NONE
                 Filter Operator
                   predicate: _col1 is not null (type: boolean)
+                  Statistics: Num rows: 2 Data size: 211 Basic stats: COMPLETE Column stats: NONE
                   Select Operator
                     expressions: _col1 (type: int), _col0 (type: string)
                     outputColumnNames: _col0, _col1
+                    Statistics: Num rows: 2 Data size: 211 Basic stats: COMPLETE Column stats: NONE
                     Group By Operator
                       keys: _col0 (type: int), _col1 (type: string)
                       mode: hash
                       outputColumnNames: _col0, _col1
+                      Statistics: Num rows: 2 Data size: 211 Basic stats: COMPLETE Column stats: NONE
                       Reduce Output Operator
                         key expressions: _col0 (type: int), _col1 (type: string)
                         sort order: ++
                         Map-reduce partition columns: _col0 (type: int), _col1 (type: string)
+                        Statistics: Num rows: 2 Data size: 211 Basic stats: COMPLETE Column stats: NONE
 
   Stage: Stage-0
     Fetch Operator
@@ -621,29 +681,37 @@ STAGE PLANS:
             Map Operator Tree:
                 TableScan
                   alias: b
+                  Statistics: Num rows: 500 Data size: 5312 Basic stats: COMPLETE Column stats: NONE
                   Filter Operator
                     predicate: (key is not null and value is not null) (type: boolean)
+                    Statistics: Num rows: 125 Data size: 1328 Basic stats: COMPLETE Column stats: NONE
                     Reduce Output Operator
                       key expressions: key (type: string), value (type: string)
                       sort order: ++
                       Map-reduce partition columns: key (type: string), value (type: string)
+                      Statistics: Num rows: 125 Data size: 1328 Basic stats: COMPLETE Column stats: NONE
         Map 3 
             Map Operator Tree:
                 TableScan
                   alias: a
+                  Statistics: Num rows: 500 Data size: 5312 Basic stats: COMPLETE Column stats: NONE
                   Filter Operator
                     predicate: (((key > '9') and key is not null) and value is not null) (type: boolean)
+                    Statistics: Num rows: 42 Data size: 446 Basic stats: COMPLETE Column stats: NONE
                     Select Operator
                       expressions: key (type: string), value (type: string)
                       outputColumnNames: key, value
+                      Statistics: Num rows: 42 Data size: 446 Basic stats: COMPLETE Column stats: NONE
                       Group By Operator
                         keys: key (type: string), value (type: string)
                         mode: hash
                         outputColumnNames: _col0, _col1
+                        Statistics: Num rows: 42 Data size: 446 Basic stats: COMPLETE Column stats: NONE
                         Reduce Output Operator
                           key expressions: _col0 (type: string), _col1 (type: string)
                           sort order: ++
                           Map-reduce partition columns: _col0 (type: string), _col1 (type: string)
+                          Statistics: Num rows: 42 Data size: 446 Basic stats: COMPLETE Column stats: NONE
         Reducer 2 
             Reduce Operator Tree:
               Join Operator
@@ -653,11 +721,14 @@ STAGE PLANS:
                   0 {KEY.reducesinkkey0} {KEY.reducesinkkey1}
                   1 
                 outputColumnNames: _col0, _col1
+                Statistics: Num rows: 137 Data size: 1460 Basic stats: COMPLETE Column stats: NONE
                 Select Operator
                   expressions: _col0 (type: string), _col1 (type: string)
                   outputColumnNames: _col0, _col1
+                  Statistics: Num rows: 137 Data size: 1460 Basic stats: COMPLETE Column stats: NONE
                   File Output Operator
                     compressed: false
+                    Statistics: Num rows: 137 Data size: 1460 Basic stats: COMPLETE Column stats: NONE
                     table:
                         input format: org.apache.hadoop.mapred.TextInputFormat
                         output format: org.apache.hadoop.hive.ql.io.HiveIgnoreKeyTextOutputFormat
@@ -668,17 +739,21 @@ STAGE PLANS:
                 keys: KEY._col0 (type: string), KEY._col1 (type: string)
                 mode: mergepartial
                 outputColumnNames: _col0, _col1
+                Statistics: Num rows: 21 Data size: 223 Basic stats: COMPLETE Column stats: NONE
                 Select Operator
                   expressions: _col0 (type: string), _col1 (type: string)
                   outputColumnNames: _col0, _col1
+                  Statistics: Num rows: 21 Data size: 223 Basic stats: COMPLETE Column stats: NONE
                   Group By Operator
                     keys: _col0 (type: string), _col1 (type: string)
                     mode: hash
                     outputColumnNames: _col0, _col1
+                    Statistics: Num rows: 21 Data size: 223 Basic stats: COMPLETE Column stats: NONE
                     Reduce Output Operator
                       key expressions: _col0 (type: string), _col1 (type: string)
                       sort order: ++
                       Map-reduce partition columns: _col0 (type: string), _col1 (type: string)
+                      Statistics: Num rows: 21 Data size: 223 Basic stats: COMPLETE Column stats: NONE
 
   Stage: Stage-0
     Fetch Operator
@@ -770,47 +845,60 @@ STAGE PLANS:
             Map Operator Tree:
                 TableScan
                   alias: li
+                  Statistics: Num rows: 756 Data size: 12099 Basic stats: COMPLETE Column stats: NONE
                   Filter Operator
                     predicate: ((l_partkey is not null and l_orderkey is not null) and (l_linenumber = 1)) (type: boolean)
+                    Statistics: Num rows: 94 Data size: 1504 Basic stats: COMPLETE Column stats: NONE
                     Reduce Output Operator
                       key expressions: l_partkey (type: int)
                       sort order: +
                       Map-reduce partition columns: l_partkey (type: int)
+                      Statistics: Num rows: 94 Data size: 1504 Basic stats: COMPLETE Column stats: NONE
                       value expressions: l_orderkey (type: int), l_suppkey (type: int)
         Map 4 
             Map Operator Tree:
                 TableScan
                   alias: lineitem
+                  Statistics: Num rows: 3024 Data size: 12099 Basic stats: COMPLETE Column stats: NONE
                   Filter Operator
                     predicate: l_partkey is not null (type: boolean)
+                    Statistics: Num rows: 1512 Data size: 6049 Basic stats: COMPLETE Column stats: NONE
                     Select Operator
                       expressions: l_partkey (type: int)
                       outputColumnNames: l_partkey
+                      Statistics: Num rows: 1512 Data size: 6049 Basic stats: COMPLETE Column stats: NONE
                       Group By Operator
                         keys: l_partkey (type: int)
                         mode: hash
                         outputColumnNames: _col0
+                        Statistics: Num rows: 1512 Data size: 6049 Basic stats: COMPLETE Column stats: NONE
                         Reduce Output Operator
                           key expressions: _col0 (type: int)
                           sort order: +
                           Map-reduce partition columns: _col0 (type: int)
+                          Statistics: Num rows: 1512 Data size: 6049 Basic stats: COMPLETE Column stats: NONE
         Map 6 
             Map Operator Tree:
                 TableScan
                   alias: lineitem
+                  Statistics: Num rows: 1728 Data size: 12099 Basic stats: COMPLETE Column stats: NONE
                   Filter Operator
                     predicate: ((l_shipmode = 'AIR') and l_orderkey is not null) (type: boolean)
+                    Statistics: Num rows: 432 Data size: 3024 Basic stats: COMPLETE Column stats: NONE
                     Select Operator
                       expressions: l_orderkey (type: int)
                       outputColumnNames: _col0
+                      Statistics: Num rows: 432 Data size: 3024 Basic stats: COMPLETE Column stats: NONE
                       Group By Operator
                         keys: _col0 (type: int)
                         mode: hash
                         outputColumnNames: _col0
+                        Statistics: Num rows: 432 Data size: 3024 Basic stats: COMPLETE Column stats: NONE
                         Reduce Output Operator
                           key expressions: _col0 (type: int)
                           sort order: +
                           Map-reduce partition columns: _col0 (type: int)
+                          Statistics: Num rows: 432 Data size: 3024 Basic stats: COMPLETE Column stats: NONE
         Reducer 2 
             Reduce Operator Tree:
               Join Operator
@@ -820,10 +908,12 @@ STAGE PLANS:
                   0 {KEY.reducesinkkey0}
                   1 {VALUE._col0} {VALUE._col1}
                 outputColumnNames: _col0, _col1, _col3
+                Statistics: Num rows: 831 Data size: 3326 Basic stats: COMPLETE Column stats: NONE
                 Reduce Output Operator
                   key expressions: _col1 (type: int)
                   sort order: +
                   Map-reduce partition columns: _col1 (type: int)
+                  Statistics: Num rows: 831 Data size: 3326 Basic stats: COMPLETE Column stats: NONE
                   value expressions: _col0 (type: int), _col3 (type: int)
         Reducer 3 
             Reduce Operator Tree:
@@ -834,11 +924,14 @@ STAGE PLANS:
                   0 {VALUE._col0} {VALUE._col2}
                   1 
                 outputColumnNames: _col0, _col3
+                Statistics: Num rows: 914 Data size: 3658 Basic stats: COMPLETE Column stats: NONE
                 Select Operator
                   expressions: _col0 (type: int), _col3 (type: int)
                   outputColumnNames: _col0, _col1
+                  Statistics: Num rows: 914 Data size: 3658 Basic stats: COMPLETE Column stats: NONE
                   File Output Operator
                     compressed: false
+                    Statistics: Num rows: 914 Data size: 3658 Basic stats: COMPLETE Column stats: NONE
                     table:
                         input format: org.apache.hadoop.mapred.TextInputFormat
                         output format: org.apache.hadoop.hive.ql.io.HiveIgnoreKeyTextOutputFormat
@@ -849,13 +942,16 @@ STAGE PLANS:
                 keys: KEY._col0 (type: int)
                 mode: mergepartial
                 outputColumnNames: _col0
+                Statistics: Num rows: 756 Data size: 3024 Basic stats: COMPLETE Column stats: NONE
                 Select Operator
                   expressions: _col0 (type: int)
                   outputColumnNames: _col0
+                  Statistics: Num rows: 756 Data size: 3024 Basic stats: COMPLETE Column stats: NONE
                   Reduce Output Operator
                     key expressions: _col0 (type: int)
                     sort order: +
                     Map-reduce partition columns: _col0 (type: int)
+                    Statistics: Num rows: 756 Data size: 3024 Basic stats: COMPLETE Column stats: NONE
 
   Stage: Stage-0
     Fetch Operator
diff --git a/ql/src/test/results/clientpositive/spark/subquery_multiinsert.q.out b/ql/src/test/results/clientpositive/spark/subquery_multiinsert.q.out
index 2b4a331001..05d719a94d 100644
--- a/ql/src/test/results/clientpositive/spark/subquery_multiinsert.q.out
+++ b/ql/src/test/results/clientpositive/spark/subquery_multiinsert.q.out
@@ -75,6 +75,7 @@ STAGE PLANS:
             Map Operator Tree:
                 TableScan
                   alias: b
+                  Statistics: Num rows: 500 Data size: 5312 Basic stats: COMPLETE Column stats: NONE
                   File Output Operator
                     compressed: false
                     table:
@@ -96,33 +97,43 @@ STAGE PLANS:
                 TableScan
                   Reduce Output Operator
                     sort order: 
+                    Statistics: Num rows: 500 Data size: 5312 Basic stats: COMPLETE Column stats: NONE
                     value expressions: key (type: string), value (type: string)
         Map 6 
             Map Operator Tree:
                 TableScan
                   alias: s1
+                  Statistics: Num rows: 500 Data size: 5312 Basic stats: COMPLETE Column stats: NONE
                   Filter Operator
                     predicate: (key > '2') (type: boolean)
+                    Statistics: Num rows: 166 Data size: 1763 Basic stats: COMPLETE Column stats: NONE
                     Select Operator
                       expressions: key (type: string)
                       outputColumnNames: _col0
+                      Statistics: Num rows: 166 Data size: 1763 Basic stats: COMPLETE Column stats: NONE
                       Reduce Output Operator
                         key expressions: _col0 (type: string)
                         sort order: +
                         Map-reduce partition columns: _col0 (type: string)
+                        Statistics: Num rows: 166 Data size: 1763 Basic stats: COMPLETE Column stats: NONE
         Map 9 
             Map Operator Tree:
                 TableScan
                   alias: s1
+                  Statistics: Num rows: 500 Data size: 5312 Basic stats: COMPLETE Column stats: NONE
                   Filter Operator
                     predicate: ((key > '2') and key is null) (type: boolean)
+                    Statistics: Num rows: 83 Data size: 881 Basic stats: COMPLETE Column stats: NONE
                     Select Operator
+                      Statistics: Num rows: 83 Data size: 881 Basic stats: COMPLETE Column stats: NONE
                       Group By Operator
                         aggregations: count()
                         mode: hash
                         outputColumnNames: _col0
+                        Statistics: Num rows: 1 Data size: 8 Basic stats: COMPLETE Column stats: NONE
                         Reduce Output Operator
                           sort order: 
+                          Statistics: Num rows: 1 Data size: 8 Basic stats: COMPLETE Column stats: NONE
                           value expressions: _col0 (type: bigint)
         Reducer 10 
             Reduce Operator Tree:
@@ -130,17 +141,22 @@ STAGE PLANS:
                 aggregations: count(VALUE._col0)
                 mode: mergepartial
                 outputColumnNames: _col0
+                Statistics: Num rows: 1 Data size: 8 Basic stats: COMPLETE Column stats: NONE
                 Filter Operator
                   predicate: (_col0 = 0) (type: boolean)
+                  Statistics: Num rows: 0 Data size: 0 Basic stats: NONE Column stats: NONE
                   Select Operator
                     expressions: 0 (type: bigint)
                     outputColumnNames: _col0
+                    Statistics: Num rows: 0 Data size: 0 Basic stats: NONE Column stats: NONE
                     Group By Operator
                       keys: _col0 (type: bigint)
                       mode: hash
                       outputColumnNames: _col0
+                      Statistics: Num rows: 0 Data size: 0 Basic stats: NONE Column stats: NONE
                       Reduce Output Operator
                         sort order: 
+                        Statistics: Num rows: 0 Data size: 0 Basic stats: NONE Column stats: NONE
         Reducer 11 
             Reduce Operator Tree:
               Join Operator
@@ -150,10 +166,12 @@ STAGE PLANS:
                   0 {VALUE._col0} {VALUE._col1}
                   1 
                 outputColumnNames: _col0, _col1
+                Statistics: Num rows: 550 Data size: 5843 Basic stats: COMPLETE Column stats: NONE
                 Reduce Output Operator
                   key expressions: _col0 (type: string)
                   sort order: +
                   Map-reduce partition columns: _col0 (type: string)
+                  Statistics: Num rows: 550 Data size: 5843 Basic stats: COMPLETE Column stats: NONE
                   value expressions: _col1 (type: string)
         Reducer 7 
             Reduce Operator Tree:
@@ -164,22 +182,28 @@ STAGE PLANS:
                   0 {KEY.reducesinkkey0} {VALUE._col0}
                   1 {KEY.reducesinkkey0}
                 outputColumnNames: _col0, _col1, _col5
+                Statistics: Num rows: 605 Data size: 6427 Basic stats: COMPLETE Column stats: NONE
                 Filter Operator
                   predicate: _col5 is null (type: boolean)
+                  Statistics: Num rows: 302 Data size: 3208 Basic stats: COMPLETE Column stats: NONE
                   Select Operator
                     expressions: _col0 (type: string), _col1 (type: string)
                     outputColumnNames: _col0, _col1
+                    Statistics: Num rows: 302 Data size: 3208 Basic stats: COMPLETE Column stats: NONE
                     Reduce Output Operator
                       key expressions: _col0 (type: string)
                       sort order: +
+                      Statistics: Num rows: 302 Data size: 3208 Basic stats: COMPLETE Column stats: NONE
                       value expressions: _col1 (type: string)
         Reducer 8 
             Reduce Operator Tree:
               Select Operator
                 expressions: KEY.reducesinkkey0 (type: string), VALUE._col0 (type: string)
                 outputColumnNames: _col0, _col1
+                Statistics: Num rows: 302 Data size: 3208 Basic stats: COMPLETE Column stats: NONE
                 File Output Operator
                   compressed: false
+                  Statistics: Num rows: 302 Data size: 3208 Basic stats: COMPLETE Column stats: NONE
                   table:
                       input format: org.apache.hadoop.mapred.TextInputFormat
                       output format: org.apache.hadoop.hive.ql.io.HiveIgnoreKeyTextOutputFormat
@@ -228,23 +252,29 @@ STAGE PLANS:
                     key expressions: key (type: string), value (type: string)
                     sort order: ++
                     Map-reduce partition columns: key (type: string), value (type: string)
+                    Statistics: Num rows: 500 Data size: 5312 Basic stats: COMPLETE Column stats: NONE
         Map 4 
             Map Operator Tree:
                 TableScan
                   alias: a
+                  Statistics: Num rows: 500 Data size: 5312 Basic stats: COMPLETE Column stats: NONE
                   Filter Operator
                     predicate: (((key > '9') and key is not null) and value is not null) (type: boolean)
+                    Statistics: Num rows: 42 Data size: 446 Basic stats: COMPLETE Column stats: NONE
                     Select Operator
                       expressions: key (type: string), value (type: string)
                       outputColumnNames: _col0, _col1
+                      Statistics: Num rows: 42 Data size: 446 Basic stats: COMPLETE Column stats: NONE
                       Group By Operator
                         keys: _col0 (type: string), _col1 (type: string)
                         mode: hash
                         outputColumnNames: _col0, _col1
+                        Statistics: Num rows: 42 Data size: 446 Basic stats: COMPLETE Column stats: NONE
                         Reduce Output Operator
                           key expressions: _col0 (type: string), _col1 (type: string)
                           sort order: ++
                           Map-reduce partition columns: _col0 (type: string), _col1 (type: string)
+                          Statistics: Num rows: 42 Data size: 446 Basic stats: COMPLETE Column stats: NONE
         Reducer 5 
             Reduce Operator Tree:
               Join Operator
@@ -254,11 +284,14 @@ STAGE PLANS:
                   0 {KEY.reducesinkkey0} {KEY.reducesinkkey1}
                   1 
                 outputColumnNames: _col0, _col1
+                Statistics: Num rows: 550 Data size: 5843 Basic stats: COMPLETE Column stats: NONE
                 Select Operator
                   expressions: _col0 (type: string), _col1 (type: string)
                   outputColumnNames: _col0, _col1
+                  Statistics: Num rows: 550 Data size: 5843 Basic stats: COMPLETE Column stats: NONE
                   File Output Operator
                     compressed: false
+                    Statistics: Num rows: 550 Data size: 5843 Basic stats: COMPLETE Column stats: NONE
                     table:
                         input format: org.apache.hadoop.mapred.TextInputFormat
                         output format: org.apache.hadoop.hive.ql.io.HiveIgnoreKeyTextOutputFormat
@@ -504,6 +537,7 @@ STAGE PLANS:
             Map Operator Tree:
                 TableScan
                   alias: b
+                  Statistics: Num rows: 500 Data size: 5312 Basic stats: COMPLETE Column stats: NONE
                   File Output Operator
                     compressed: false
                     table:
@@ -525,33 +559,43 @@ STAGE PLANS:
                 TableScan
                   Reduce Output Operator
                     sort order: 
+                    Statistics: Num rows: 500 Data size: 5312 Basic stats: COMPLETE Column stats: NONE
                     value expressions: key (type: string), value (type: string)
         Map 6 
             Map Operator Tree:
                 TableScan
                   alias: s1
+                  Statistics: Num rows: 500 Data size: 5312 Basic stats: COMPLETE Column stats: NONE
                   Filter Operator
                     predicate: (key > '2') (type: boolean)
+                    Statistics: Num rows: 166 Data size: 1763 Basic stats: COMPLETE Column stats: NONE
                     Select Operator
                       expressions: key (type: string)
                       outputColumnNames: _col0
+                      Statistics: Num rows: 166 Data size: 1763 Basic stats: COMPLETE Column stats: NONE
                       Reduce Output Operator
                         key expressions: _col0 (type: string)
                         sort order: +
                         Map-reduce partition columns: _col0 (type: string)
+                        Statistics: Num rows: 166 Data size: 1763 Basic stats: COMPLETE Column stats: NONE
         Map 9 
             Map Operator Tree:
                 TableScan
                   alias: s1
+                  Statistics: Num rows: 500 Data size: 5312 Basic stats: COMPLETE Column stats: NONE
                   Filter Operator
                     predicate: ((key > '2') and key is null) (type: boolean)
+                    Statistics: Num rows: 83 Data size: 881 Basic stats: COMPLETE Column stats: NONE
                     Select Operator
+                      Statistics: Num rows: 83 Data size: 881 Basic stats: COMPLETE Column stats: NONE
                       Group By Operator
                         aggregations: count()
                         mode: hash
                         outputColumnNames: _col0
+                        Statistics: Num rows: 1 Data size: 8 Basic stats: COMPLETE Column stats: NONE
                         Reduce Output Operator
                           sort order: 
+                          Statistics: Num rows: 1 Data size: 8 Basic stats: COMPLETE Column stats: NONE
                           value expressions: _col0 (type: bigint)
         Reducer 10 
             Reduce Operator Tree:
@@ -559,17 +603,22 @@ STAGE PLANS:
                 aggregations: count(VALUE._col0)
                 mode: mergepartial
                 outputColumnNames: _col0
+                Statistics: Num rows: 1 Data size: 8 Basic stats: COMPLETE Column stats: NONE
                 Filter Operator
                   predicate: (_col0 = 0) (type: boolean)
+                  Statistics: Num rows: 0 Data size: 0 Basic stats: NONE Column stats: NONE
                   Select Operator
                     expressions: 0 (type: bigint)
                     outputColumnNames: _col0
+                    Statistics: Num rows: 0 Data size: 0 Basic stats: NONE Column stats: NONE
                     Group By Operator
                       keys: _col0 (type: bigint)
                       mode: hash
                       outputColumnNames: _col0
+                      Statistics: Num rows: 0 Data size: 0 Basic stats: NONE Column stats: NONE
                       Reduce Output Operator
                         sort order: 
+                        Statistics: Num rows: 0 Data size: 0 Basic stats: NONE Column stats: NONE
         Reducer 11 
             Reduce Operator Tree:
               Join Operator
@@ -579,10 +628,12 @@ STAGE PLANS:
                   0 {VALUE._col0} {VALUE._col1}
                   1 
                 outputColumnNames: _col0, _col1
+                Statistics: Num rows: 550 Data size: 5843 Basic stats: COMPLETE Column stats: NONE
                 Reduce Output Operator
                   key expressions: _col0 (type: string)
                   sort order: +
                   Map-reduce partition columns: _col0 (type: string)
+                  Statistics: Num rows: 550 Data size: 5843 Basic stats: COMPLETE Column stats: NONE
                   value expressions: _col1 (type: string)
         Reducer 7 
             Reduce Operator Tree:
@@ -593,22 +644,28 @@ STAGE PLANS:
                   0 {KEY.reducesinkkey0} {VALUE._col0}
                   1 {KEY.reducesinkkey0}
                 outputColumnNames: _col0, _col1, _col5
+                Statistics: Num rows: 605 Data size: 6427 Basic stats: COMPLETE Column stats: NONE
                 Filter Operator
                   predicate: _col5 is null (type: boolean)
+                  Statistics: Num rows: 302 Data size: 3208 Basic stats: COMPLETE Column stats: NONE
                   Select Operator
                     expressions: _col0 (type: string), _col1 (type: string)
                     outputColumnNames: _col0, _col1
+                    Statistics: Num rows: 302 Data size: 3208 Basic stats: COMPLETE Column stats: NONE
                     Reduce Output Operator
                       key expressions: _col0 (type: string)
                       sort order: +
+                      Statistics: Num rows: 302 Data size: 3208 Basic stats: COMPLETE Column stats: NONE
                       value expressions: _col1 (type: string)
         Reducer 8 
             Reduce Operator Tree:
               Select Operator
                 expressions: KEY.reducesinkkey0 (type: string), VALUE._col0 (type: string)
                 outputColumnNames: _col0, _col1
+                Statistics: Num rows: 302 Data size: 3208 Basic stats: COMPLETE Column stats: NONE
                 File Output Operator
                   compressed: false
+                  Statistics: Num rows: 302 Data size: 3208 Basic stats: COMPLETE Column stats: NONE
                   table:
                       input format: org.apache.hadoop.mapred.TextInputFormat
                       output format: org.apache.hadoop.hive.ql.io.HiveIgnoreKeyTextOutputFormat
@@ -657,23 +714,29 @@ STAGE PLANS:
                     key expressions: key (type: string), value (type: string)
                     sort order: ++
                     Map-reduce partition columns: key (type: string), value (type: string)
+                    Statistics: Num rows: 500 Data size: 5312 Basic stats: COMPLETE Column stats: NONE
         Map 4 
             Map Operator Tree:
                 TableScan
                   alias: a
+                  Statistics: Num rows: 500 Data size: 5312 Basic stats: COMPLETE Column stats: NONE
                   Filter Operator
                     predicate: (((key > '9') and key is not null) and value is not null) (type: boolean)
+                    Statistics: Num rows: 42 Data size: 446 Basic stats: COMPLETE Column stats: NONE
                     Select Operator
                       expressions: key (type: string), value (type: string)
                       outputColumnNames: _col0, _col1
+                      Statistics: Num rows: 42 Data size: 446 Basic stats: COMPLETE Column stats: NONE
                       Group By Operator
                         keys: _col0 (type: string), _col1 (type: string)
                         mode: hash
                         outputColumnNames: _col0, _col1
+                        Statistics: Num rows: 42 Data size: 446 Basic stats: COMPLETE Column stats: NONE
                         Reduce Output Operator
                           key expressions: _col0 (type: string), _col1 (type: string)
                           sort order: ++
                           Map-reduce partition columns: _col0 (type: string), _col1 (type: string)
+                          Statistics: Num rows: 42 Data size: 446 Basic stats: COMPLETE Column stats: NONE
         Reducer 5 
             Reduce Operator Tree:
               Join Operator
@@ -683,11 +746,14 @@ STAGE PLANS:
                   0 {KEY.reducesinkkey0} {KEY.reducesinkkey1}
                   1 
                 outputColumnNames: _col0, _col1
+                Statistics: Num rows: 550 Data size: 5843 Basic stats: COMPLETE Column stats: NONE
                 Select Operator
                   expressions: _col0 (type: string), _col1 (type: string)
                   outputColumnNames: _col0, _col1
+                  Statistics: Num rows: 550 Data size: 5843 Basic stats: COMPLETE Column stats: NONE
                   File Output Operator
                     compressed: false
+                    Statistics: Num rows: 550 Data size: 5843 Basic stats: COMPLETE Column stats: NONE
                     table:
                         input format: org.apache.hadoop.mapred.TextInputFormat
                         output format: org.apache.hadoop.hive.ql.io.HiveIgnoreKeyTextOutputFormat
diff --git a/ql/src/test/results/clientpositive/spark/temp_table.q.out b/ql/src/test/results/clientpositive/spark/temp_table.q.out
index 919c473264..a126fc7165 100644
--- a/ql/src/test/results/clientpositive/spark/temp_table.q.out
+++ b/ql/src/test/results/clientpositive/spark/temp_table.q.out
@@ -18,13 +18,17 @@ STAGE PLANS:
             Map Operator Tree:
                 TableScan
                   alias: src
+                  Statistics: Num rows: 500 Data size: 5312 Basic stats: COMPLETE Column stats: NONE
                   Filter Operator
                     predicate: ((key % 2) = 0) (type: boolean)
+                    Statistics: Num rows: 250 Data size: 2656 Basic stats: COMPLETE Column stats: NONE
                     Select Operator
                       expressions: key (type: string), value (type: string)
                       outputColumnNames: _col0, _col1
+                      Statistics: Num rows: 250 Data size: 2656 Basic stats: COMPLETE Column stats: NONE
                       File Output Operator
                         compressed: false
+                        Statistics: Num rows: 250 Data size: 2656 Basic stats: COMPLETE Column stats: NONE
                         table:
                             input format: org.apache.hadoop.mapred.TextInputFormat
                             output format: org.apache.hadoop.hive.ql.io.HiveIgnoreKeyTextOutputFormat
@@ -85,13 +89,17 @@ STAGE PLANS:
             Map Operator Tree:
                 TableScan
                   alias: src
+                  Statistics: Num rows: 500 Data size: 5312 Basic stats: COMPLETE Column stats: NONE
                   Filter Operator
                     predicate: ((key % 2) = 1) (type: boolean)
+                    Statistics: Num rows: 250 Data size: 2656 Basic stats: COMPLETE Column stats: NONE
                     Select Operator
                       expressions: key (type: string), value (type: string)
                       outputColumnNames: _col0, _col1
+                      Statistics: Num rows: 250 Data size: 2656 Basic stats: COMPLETE Column stats: NONE
                       File Output Operator
                         compressed: false
+                        Statistics: Num rows: 250 Data size: 2656 Basic stats: COMPLETE Column stats: NONE
                         table:
                             input format: org.apache.hadoop.mapred.TextInputFormat
                             output format: org.apache.hadoop.hive.ql.io.HiveIgnoreKeyTextOutputFormat
@@ -162,11 +170,14 @@ STAGE PLANS:
       Processor Tree:
         TableScan
           alias: foo
+          Statistics: Num rows: 14 Data size: 2856 Basic stats: COMPLETE Column stats: NONE
           Select Operator
             expressions: key (type: string), value (type: string)
             outputColumnNames: _col0, _col1
+            Statistics: Num rows: 14 Data size: 2856 Basic stats: COMPLETE Column stats: NONE
             Limit
               Number of rows: 10
+              Statistics: Num rows: 10 Data size: 2040 Basic stats: COMPLETE Column stats: NONE
               ListSink
 
 PREHOOK: query: select * from foo limit 10
@@ -236,10 +247,13 @@ STAGE PLANS:
               Select Operator
                 expressions: KEY.reducesinkkey0 (type: string), VALUE._col0 (type: string)
                 outputColumnNames: _col0, _col1
+                Statistics: Num rows: 28 Data size: 5812 Basic stats: COMPLETE Column stats: NONE
                 Limit
                   Number of rows: 10
+                  Statistics: Num rows: 10 Data size: 2070 Basic stats: COMPLETE Column stats: NONE
                   File Output Operator
                     compressed: false
+                    Statistics: Num rows: 10 Data size: 2070 Basic stats: COMPLETE Column stats: NONE
                     table:
                         input format: org.apache.hadoop.mapred.TextInputFormat
                         output format: org.apache.hadoop.hive.ql.io.HiveIgnoreKeyTextOutputFormat
diff --git a/ql/src/test/results/clientpositive/spark/transform1.q.out b/ql/src/test/results/clientpositive/spark/transform1.q.out
index 356509e77b..a657d01cd6 100644
--- a/ql/src/test/results/clientpositive/spark/transform1.q.out
+++ b/ql/src/test/results/clientpositive/spark/transform1.q.out
@@ -25,17 +25,21 @@ STAGE PLANS:
             Map Operator Tree:
                 TableScan
                   alias: transform1_t1
+                  Statistics: Num rows: 0 Data size: 0 Basic stats: NONE Column stats: NONE
                   Select Operator
                     expressions: a (type: string), b (type: string)
                     outputColumnNames: _col0, _col1
+                    Statistics: Num rows: 0 Data size: 0 Basic stats: NONE Column stats: NONE
                     Transform Operator
                       command: cat
                       output info:
                           input format: org.apache.hadoop.mapred.TextInputFormat
                           output format: org.apache.hadoop.hive.ql.io.HiveIgnoreKeyTextOutputFormat
                           serde: org.apache.hadoop.hive.serde2.lazy.LazySimpleSerDe
+                      Statistics: Num rows: 0 Data size: 0 Basic stats: NONE Column stats: NONE
                       File Output Operator
                         compressed: false
+                        Statistics: Num rows: 0 Data size: 0 Basic stats: NONE Column stats: NONE
                         table:
                             input format: org.apache.hadoop.mapred.TextInputFormat
                             output format: org.apache.hadoop.hive.ql.io.HiveIgnoreKeyTextOutputFormat
@@ -94,17 +98,21 @@ STAGE PLANS:
             Map Operator Tree:
                 TableScan
                   alias: transform1_t2
+                  Statistics: Num rows: -1 Data size: 6 Basic stats: PARTIAL Column stats: COMPLETE
                   Select Operator
                     expressions: '012' (type: string)
                     outputColumnNames: _col0
+                    Statistics: Num rows: -1 Data size: 6 Basic stats: PARTIAL Column stats: COMPLETE
                     Transform Operator
                       command: cat
                       output info:
                           input format: org.apache.hadoop.mapred.TextInputFormat
                           output format: org.apache.hadoop.hive.ql.io.HiveIgnoreKeyTextOutputFormat
                           serde: org.apache.hadoop.hive.serde2.lazy.LazySimpleSerDe
+                      Statistics: Num rows: -1 Data size: 6 Basic stats: PARTIAL Column stats: COMPLETE
                       File Output Operator
                         compressed: false
+                        Statistics: Num rows: -1 Data size: 6 Basic stats: PARTIAL Column stats: COMPLETE
                         table:
                             input format: org.apache.hadoop.mapred.TextInputFormat
                             output format: org.apache.hadoop.hive.ql.io.HiveIgnoreKeyTextOutputFormat
diff --git a/ql/src/test/results/clientpositive/spark/transform_ppr1.q.out b/ql/src/test/results/clientpositive/spark/transform_ppr1.q.out
index fef0940df8..5309ade2a2 100644
--- a/ql/src/test/results/clientpositive/spark/transform_ppr1.q.out
+++ b/ql/src/test/results/clientpositive/spark/transform_ppr1.q.out
@@ -106,10 +106,12 @@ STAGE PLANS:
             Map Operator Tree:
                 TableScan
                   alias: src
+                  Statistics: Num rows: 2000 Data size: 21248 Basic stats: COMPLETE Column stats: NONE
                   GatherStats: false
                   Select Operator
                     expressions: ds (type: string), key (type: string), value (type: string)
                     outputColumnNames: _col0, _col1, _col2
+                    Statistics: Num rows: 2000 Data size: 21248 Basic stats: COMPLETE Column stats: NONE
                     Transform Operator
                       command: cat
                       output info:
@@ -122,13 +124,16 @@ STAGE PLANS:
                             serialization.format 9
                             serialization.lib org.apache.hadoop.hive.serde2.lazy.LazySimpleSerDe
                           serde: org.apache.hadoop.hive.serde2.lazy.LazySimpleSerDe
+                      Statistics: Num rows: 2000 Data size: 21248 Basic stats: COMPLETE Column stats: NONE
                       Filter Operator
                         isSamplingPred: false
                         predicate: ((_col1 < 100) and (_col0 = '2008-04-08')) (type: boolean)
+                        Statistics: Num rows: 333 Data size: 3537 Basic stats: COMPLETE Column stats: NONE
                         Reduce Output Operator
                           key expressions: _col1 (type: string)
                           sort order: +
                           Map-reduce partition columns: _col1 (type: string)
+                          Statistics: Num rows: 333 Data size: 3537 Basic stats: COMPLETE Column stats: NONE
                           tag: -1
                           value expressions: '2008-04-08' (type: string), _col1 (type: string), _col2 (type: string)
                           auto parallelism: true
@@ -330,11 +335,13 @@ STAGE PLANS:
               Select Operator
                 expressions: VALUE._col1 (type: string), VALUE._col2 (type: string)
                 outputColumnNames: _col0, _col1
+                Statistics: Num rows: 333 Data size: 3537 Basic stats: COMPLETE Column stats: NONE
                 File Output Operator
                   compressed: false
                   GlobalTableId: 0
 #### A masked pattern was here ####
                   NumFilesPerFileSink: 1
+                  Statistics: Num rows: 333 Data size: 3537 Basic stats: COMPLETE Column stats: NONE
 #### A masked pattern was here ####
                   table:
                       input format: org.apache.hadoop.mapred.TextInputFormat
diff --git a/ql/src/test/results/clientpositive/spark/transform_ppr2.q.out b/ql/src/test/results/clientpositive/spark/transform_ppr2.q.out
index 2495d49f55..2dc285fa82 100644
--- a/ql/src/test/results/clientpositive/spark/transform_ppr2.q.out
+++ b/ql/src/test/results/clientpositive/spark/transform_ppr2.q.out
@@ -108,10 +108,12 @@ STAGE PLANS:
             Map Operator Tree:
                 TableScan
                   alias: src
+                  Statistics: Num rows: 1000 Data size: 10624 Basic stats: COMPLETE Column stats: NONE
                   GatherStats: false
                   Select Operator
                     expressions: ds (type: string), key (type: string), value (type: string)
                     outputColumnNames: _col0, _col1, _col2
+                    Statistics: Num rows: 1000 Data size: 10624 Basic stats: COMPLETE Column stats: NONE
                     Transform Operator
                       command: cat
                       output info:
@@ -124,13 +126,16 @@ STAGE PLANS:
                             serialization.format 9
                             serialization.lib org.apache.hadoop.hive.serde2.lazy.LazySimpleSerDe
                           serde: org.apache.hadoop.hive.serde2.lazy.LazySimpleSerDe
+                      Statistics: Num rows: 1000 Data size: 10624 Basic stats: COMPLETE Column stats: NONE
                       Filter Operator
                         isSamplingPred: false
                         predicate: (_col1 < 100) (type: boolean)
+                        Statistics: Num rows: 333 Data size: 3537 Basic stats: COMPLETE Column stats: NONE
                         Reduce Output Operator
                           key expressions: _col1 (type: string)
                           sort order: +
                           Map-reduce partition columns: _col1 (type: string)
+                          Statistics: Num rows: 333 Data size: 3537 Basic stats: COMPLETE Column stats: NONE
                           tag: -1
                           value expressions: _col0 (type: string), _col1 (type: string), _col2 (type: string)
                           auto parallelism: true
@@ -238,11 +243,13 @@ STAGE PLANS:
               Select Operator
                 expressions: VALUE._col1 (type: string), VALUE._col2 (type: string)
                 outputColumnNames: _col0, _col1
+                Statistics: Num rows: 333 Data size: 3537 Basic stats: COMPLETE Column stats: NONE
                 File Output Operator
                   compressed: false
                   GlobalTableId: 0
 #### A masked pattern was here ####
                   NumFilesPerFileSink: 1
+                  Statistics: Num rows: 333 Data size: 3537 Basic stats: COMPLETE Column stats: NONE
 #### A masked pattern was here ####
                   table:
                       input format: org.apache.hadoop.mapred.TextInputFormat
diff --git a/ql/src/test/results/clientpositive/spark/union10.q.out b/ql/src/test/results/clientpositive/spark/union10.q.out
index 0b32fdfe88..59ebb0ca06 100644
--- a/ql/src/test/results/clientpositive/spark/union10.q.out
+++ b/ql/src/test/results/clientpositive/spark/union10.q.out
@@ -46,37 +46,49 @@ STAGE PLANS:
             Map Operator Tree:
                 TableScan
                   alias: s1
+                  Statistics: Num rows: 500 Data size: 5312 Basic stats: COMPLETE Column stats: COMPLETE
                   Select Operator
+                    Statistics: Num rows: 500 Data size: 5312 Basic stats: COMPLETE Column stats: COMPLETE
                     Group By Operator
                       aggregations: count(1)
                       mode: hash
                       outputColumnNames: _col0
+                      Statistics: Num rows: 1 Data size: 8 Basic stats: COMPLETE Column stats: COMPLETE
                       Reduce Output Operator
                         sort order: 
+                        Statistics: Num rows: 1 Data size: 8 Basic stats: COMPLETE Column stats: COMPLETE
                         value expressions: _col0 (type: bigint)
         Map 4 
             Map Operator Tree:
                 TableScan
                   alias: s2
+                  Statistics: Num rows: 500 Data size: 5312 Basic stats: COMPLETE Column stats: COMPLETE
                   Select Operator
+                    Statistics: Num rows: 500 Data size: 5312 Basic stats: COMPLETE Column stats: COMPLETE
                     Group By Operator
                       aggregations: count(1)
                       mode: hash
                       outputColumnNames: _col0
+                      Statistics: Num rows: 1 Data size: 8 Basic stats: COMPLETE Column stats: COMPLETE
                       Reduce Output Operator
                         sort order: 
+                        Statistics: Num rows: 1 Data size: 8 Basic stats: COMPLETE Column stats: COMPLETE
                         value expressions: _col0 (type: bigint)
         Map 6 
             Map Operator Tree:
                 TableScan
                   alias: s3
+                  Statistics: Num rows: 500 Data size: 5312 Basic stats: COMPLETE Column stats: COMPLETE
                   Select Operator
+                    Statistics: Num rows: 500 Data size: 5312 Basic stats: COMPLETE Column stats: COMPLETE
                     Group By Operator
                       aggregations: count(1)
                       mode: hash
                       outputColumnNames: _col0
+                      Statistics: Num rows: 1 Data size: 8 Basic stats: COMPLETE Column stats: COMPLETE
                       Reduce Output Operator
                         sort order: 
+                        Statistics: Num rows: 1 Data size: 8 Basic stats: COMPLETE Column stats: COMPLETE
                         value expressions: _col0 (type: bigint)
         Reducer 2 
             Reduce Operator Tree:
diff --git a/ql/src/test/results/clientpositive/spark/union11.q.out b/ql/src/test/results/clientpositive/spark/union11.q.out
index 1ea20c9726..40e29b8744 100644
--- a/ql/src/test/results/clientpositive/spark/union11.q.out
+++ b/ql/src/test/results/clientpositive/spark/union11.q.out
@@ -37,37 +37,49 @@ STAGE PLANS:
             Map Operator Tree:
                 TableScan
                   alias: s1
+                  Statistics: Num rows: 500 Data size: 5312 Basic stats: COMPLETE Column stats: COMPLETE
                   Select Operator
+                    Statistics: Num rows: 500 Data size: 5312 Basic stats: COMPLETE Column stats: COMPLETE
                     Group By Operator
                       aggregations: count(1)
                       mode: hash
                       outputColumnNames: _col0
+                      Statistics: Num rows: 1 Data size: 8 Basic stats: COMPLETE Column stats: COMPLETE
                       Reduce Output Operator
                         sort order: 
+                        Statistics: Num rows: 1 Data size: 8 Basic stats: COMPLETE Column stats: COMPLETE
                         value expressions: _col0 (type: bigint)
         Map 5 
             Map Operator Tree:
                 TableScan
                   alias: s2
+                  Statistics: Num rows: 500 Data size: 5312 Basic stats: COMPLETE Column stats: COMPLETE
                   Select Operator
+                    Statistics: Num rows: 500 Data size: 5312 Basic stats: COMPLETE Column stats: COMPLETE
                     Group By Operator
                       aggregations: count(1)
                       mode: hash
                       outputColumnNames: _col0
+                      Statistics: Num rows: 1 Data size: 8 Basic stats: COMPLETE Column stats: COMPLETE
                       Reduce Output Operator
                         sort order: 
+                        Statistics: Num rows: 1 Data size: 8 Basic stats: COMPLETE Column stats: COMPLETE
                         value expressions: _col0 (type: bigint)
         Map 7 
             Map Operator Tree:
                 TableScan
                   alias: s3
+                  Statistics: Num rows: 500 Data size: 5312 Basic stats: COMPLETE Column stats: COMPLETE
                   Select Operator
+                    Statistics: Num rows: 500 Data size: 5312 Basic stats: COMPLETE Column stats: COMPLETE
                     Group By Operator
                       aggregations: count(1)
                       mode: hash
                       outputColumnNames: _col0
+                      Statistics: Num rows: 1 Data size: 8 Basic stats: COMPLETE Column stats: COMPLETE
                       Reduce Output Operator
                         sort order: 
+                        Statistics: Num rows: 1 Data size: 8 Basic stats: COMPLETE Column stats: COMPLETE
                         value expressions: _col0 (type: bigint)
         Reducer 2 
             Reduce Operator Tree:
@@ -98,11 +110,14 @@ STAGE PLANS:
                 keys: KEY._col0 (type: string)
                 mode: mergepartial
                 outputColumnNames: _col0, _col1
+                Statistics: Num rows: 1 Data size: 100 Basic stats: COMPLETE Column stats: COMPLETE
                 Select Operator
                   expressions: _col0 (type: string), _col1 (type: bigint)
                   outputColumnNames: _col0, _col1
+                  Statistics: Num rows: 1 Data size: 100 Basic stats: COMPLETE Column stats: COMPLETE
                   File Output Operator
                     compressed: false
+                    Statistics: Num rows: 1 Data size: 100 Basic stats: COMPLETE Column stats: COMPLETE
                     table:
                         input format: org.apache.hadoop.mapred.TextInputFormat
                         output format: org.apache.hadoop.hive.ql.io.HiveIgnoreKeyTextOutputFormat
diff --git a/ql/src/test/results/clientpositive/spark/union14.q.out b/ql/src/test/results/clientpositive/spark/union14.q.out
index 1a8f3a57bc..5e8fdd8477 100644
--- a/ql/src/test/results/clientpositive/spark/union14.q.out
+++ b/ql/src/test/results/clientpositive/spark/union14.q.out
@@ -53,13 +53,17 @@ STAGE PLANS:
             Map Operator Tree:
                 TableScan
                   alias: s1
+                  Statistics: Num rows: 500 Data size: 5312 Basic stats: COMPLETE Column stats: COMPLETE
                   Select Operator
+                    Statistics: Num rows: 500 Data size: 5312 Basic stats: COMPLETE Column stats: COMPLETE
                     Group By Operator
                       aggregations: count(1)
                       mode: hash
                       outputColumnNames: _col0
+                      Statistics: Num rows: 1 Data size: 8 Basic stats: COMPLETE Column stats: COMPLETE
                       Reduce Output Operator
                         sort order: 
+                        Statistics: Num rows: 1 Data size: 8 Basic stats: COMPLETE Column stats: COMPLETE
                         value expressions: _col0 (type: bigint)
         Reducer 3 
             Reduce Operator Tree:
@@ -68,11 +72,14 @@ STAGE PLANS:
                 keys: KEY._col0 (type: string)
                 mode: mergepartial
                 outputColumnNames: _col0, _col1
+                Statistics: Num rows: 1 Data size: 100 Basic stats: COMPLETE Column stats: COMPLETE
                 Select Operator
                   expressions: _col0 (type: string), _col1 (type: bigint)
                   outputColumnNames: _col0, _col1
+                  Statistics: Num rows: 1 Data size: 100 Basic stats: COMPLETE Column stats: COMPLETE
                   File Output Operator
                     compressed: false
+                    Statistics: Num rows: 1 Data size: 100 Basic stats: COMPLETE Column stats: COMPLETE
                     table:
                         input format: org.apache.hadoop.mapred.TextInputFormat
                         output format: org.apache.hadoop.hive.ql.io.HiveIgnoreKeyTextOutputFormat
diff --git a/ql/src/test/results/clientpositive/spark/union15.q.out b/ql/src/test/results/clientpositive/spark/union15.q.out
index 2b22885413..1c35ead2b3 100644
--- a/ql/src/test/results/clientpositive/spark/union15.q.out
+++ b/ql/src/test/results/clientpositive/spark/union15.q.out
@@ -35,13 +35,17 @@ STAGE PLANS:
             Map Operator Tree:
                 TableScan
                   alias: s1
+                  Statistics: Num rows: 500 Data size: 5312 Basic stats: COMPLETE Column stats: COMPLETE
                   Select Operator
+                    Statistics: Num rows: 500 Data size: 5312 Basic stats: COMPLETE Column stats: COMPLETE
                     Group By Operator
                       aggregations: count(1)
                       mode: hash
                       outputColumnNames: _col0
+                      Statistics: Num rows: 1 Data size: 8 Basic stats: COMPLETE Column stats: COMPLETE
                       Reduce Output Operator
                         sort order: 
+                        Statistics: Num rows: 1 Data size: 8 Basic stats: COMPLETE Column stats: COMPLETE
                         value expressions: _col0 (type: bigint)
         Map 5 
             Map Operator Tree:
@@ -112,11 +116,14 @@ STAGE PLANS:
                 keys: KEY._col0 (type: string)
                 mode: mergepartial
                 outputColumnNames: _col0, _col1
+                Statistics: Num rows: 12 Data size: 1200 Basic stats: COMPLETE Column stats: PARTIAL
                 Select Operator
                   expressions: _col0 (type: string), _col1 (type: bigint)
                   outputColumnNames: _col0, _col1
+                  Statistics: Num rows: 12 Data size: 1200 Basic stats: COMPLETE Column stats: PARTIAL
                   File Output Operator
                     compressed: false
+                    Statistics: Num rows: 12 Data size: 1200 Basic stats: COMPLETE Column stats: PARTIAL
                     table:
                         input format: org.apache.hadoop.mapred.TextInputFormat
                         output format: org.apache.hadoop.hive.ql.io.HiveIgnoreKeyTextOutputFormat
diff --git a/ql/src/test/results/clientpositive/spark/union16.q.out b/ql/src/test/results/clientpositive/spark/union16.q.out
index fb274434fa..c35ed10915 100644
--- a/ql/src/test/results/clientpositive/spark/union16.q.out
+++ b/ql/src/test/results/clientpositive/spark/union16.q.out
@@ -407,11 +407,14 @@ STAGE PLANS:
                 aggregations: count(VALUE._col0)
                 mode: mergepartial
                 outputColumnNames: _col0
+                Statistics: Num rows: 1 Data size: 8 Basic stats: COMPLETE Column stats: COMPLETE
                 Select Operator
                   expressions: _col0 (type: bigint)
                   outputColumnNames: _col0
+                  Statistics: Num rows: 1 Data size: 8 Basic stats: COMPLETE Column stats: COMPLETE
                   File Output Operator
                     compressed: false
+                    Statistics: Num rows: 1 Data size: 8 Basic stats: COMPLETE Column stats: COMPLETE
                     table:
                         input format: org.apache.hadoop.mapred.TextInputFormat
                         output format: org.apache.hadoop.hive.ql.io.HiveIgnoreKeyTextOutputFormat
diff --git a/ql/src/test/results/clientpositive/spark/union18.q.out b/ql/src/test/results/clientpositive/spark/union18.q.out
index f94fa0be15..ce3e20c58b 100644
--- a/ql/src/test/results/clientpositive/spark/union18.q.out
+++ b/ql/src/test/results/clientpositive/spark/union18.q.out
@@ -54,13 +54,17 @@ STAGE PLANS:
             Map Operator Tree:
                 TableScan
                   alias: s1
+                  Statistics: Num rows: 500 Data size: 5312 Basic stats: COMPLETE Column stats: COMPLETE
                   Select Operator
+                    Statistics: Num rows: 500 Data size: 5312 Basic stats: COMPLETE Column stats: COMPLETE
                     Group By Operator
                       aggregations: count(1)
                       mode: hash
                       outputColumnNames: _col0
+                      Statistics: Num rows: 1 Data size: 8 Basic stats: COMPLETE Column stats: COMPLETE
                       Reduce Output Operator
                         sort order: 
+                        Statistics: Num rows: 1 Data size: 8 Basic stats: COMPLETE Column stats: COMPLETE
                         value expressions: _col0 (type: bigint)
         Map 6 
             Map Operator Tree:
@@ -103,8 +107,10 @@ STAGE PLANS:
                   Select Operator
                     expressions: _col0 (type: string), _col1 (type: string)
                     outputColumnNames: _col0, _col1
+                    Statistics: Num rows: 501 Data size: 136272 Basic stats: COMPLETE Column stats: PARTIAL
                     File Output Operator
                       compressed: false
+                      Statistics: Num rows: 501 Data size: 136272 Basic stats: COMPLETE Column stats: PARTIAL
                       table:
                           input format: org.apache.hadoop.mapred.TextInputFormat
                           output format: org.apache.hadoop.hive.ql.io.HiveIgnoreKeyTextOutputFormat
@@ -150,8 +156,10 @@ STAGE PLANS:
                   Select Operator
                     expressions: _col0 (type: string), _col1 (type: string), _col1 (type: string)
                     outputColumnNames: _col0, _col1, _col2
+                    Statistics: Num rows: 501 Data size: 228456 Basic stats: COMPLETE Column stats: PARTIAL
                     File Output Operator
                       compressed: false
+                      Statistics: Num rows: 501 Data size: 228456 Basic stats: COMPLETE Column stats: PARTIAL
                       table:
                           input format: org.apache.hadoop.mapred.TextInputFormat
                           output format: org.apache.hadoop.hive.ql.io.HiveIgnoreKeyTextOutputFormat
diff --git a/ql/src/test/results/clientpositive/spark/union19.q.out b/ql/src/test/results/clientpositive/spark/union19.q.out
index 8dcb543979..ac28e36c16 100644
--- a/ql/src/test/results/clientpositive/spark/union19.q.out
+++ b/ql/src/test/results/clientpositive/spark/union19.q.out
@@ -54,13 +54,17 @@ STAGE PLANS:
             Map Operator Tree:
                 TableScan
                   alias: s1
+                  Statistics: Num rows: 500 Data size: 5312 Basic stats: COMPLETE Column stats: COMPLETE
                   Select Operator
+                    Statistics: Num rows: 500 Data size: 5312 Basic stats: COMPLETE Column stats: COMPLETE
                     Group By Operator
                       aggregations: count(1)
                       mode: hash
                       outputColumnNames: _col0
+                      Statistics: Num rows: 1 Data size: 8 Basic stats: COMPLETE Column stats: COMPLETE
                       Reduce Output Operator
                         sort order: 
+                        Statistics: Num rows: 1 Data size: 8 Basic stats: COMPLETE Column stats: COMPLETE
                         value expressions: _col0 (type: bigint)
         Map 6 
             Map Operator Tree:
@@ -105,15 +109,18 @@ STAGE PLANS:
                   Select Operator
                     expressions: _col0 (type: string), _col1 (type: string)
                     outputColumnNames: _col0, _col1
+                    Statistics: Num rows: 501 Data size: 5584 Basic stats: COMPLETE Column stats: PARTIAL
                     Group By Operator
                       aggregations: count(_col1)
                       keys: _col0 (type: string)
                       mode: hash
                       outputColumnNames: _col0, _col1
+                      Statistics: Num rows: 250 Data size: 24000 Basic stats: COMPLETE Column stats: PARTIAL
                       Reduce Output Operator
                         key expressions: _col0 (type: string)
                         sort order: +
                         Map-reduce partition columns: _col0 (type: string)
+                        Statistics: Num rows: 250 Data size: 24000 Basic stats: COMPLETE Column stats: PARTIAL
                         value expressions: _col1 (type: bigint)
         Reducer 7 
             Reduce Operator Tree:
@@ -122,11 +129,14 @@ STAGE PLANS:
                 keys: KEY._col0 (type: string)
                 mode: mergepartial
                 outputColumnNames: _col0, _col1
+                Statistics: Num rows: 125 Data size: 12500 Basic stats: COMPLETE Column stats: PARTIAL
                 Select Operator
                   expressions: _col0 (type: string), _col1 (type: bigint)
                   outputColumnNames: _col0, _col1
+                  Statistics: Num rows: 125 Data size: 12500 Basic stats: COMPLETE Column stats: PARTIAL
                   File Output Operator
                     compressed: false
+                    Statistics: Num rows: 125 Data size: 12500 Basic stats: COMPLETE Column stats: PARTIAL
                     table:
                         input format: org.apache.hadoop.mapred.TextInputFormat
                         output format: org.apache.hadoop.hive.ql.io.HiveIgnoreKeyTextOutputFormat
@@ -172,8 +182,10 @@ STAGE PLANS:
                   Select Operator
                     expressions: _col0 (type: string), _col1 (type: string), _col1 (type: string)
                     outputColumnNames: _col0, _col1, _col2
+                    Statistics: Num rows: 501 Data size: 228456 Basic stats: COMPLETE Column stats: PARTIAL
                     File Output Operator
                       compressed: false
+                      Statistics: Num rows: 501 Data size: 228456 Basic stats: COMPLETE Column stats: PARTIAL
                       table:
                           input format: org.apache.hadoop.mapred.TextInputFormat
                           output format: org.apache.hadoop.hive.ql.io.HiveIgnoreKeyTextOutputFormat
diff --git a/ql/src/test/results/clientpositive/spark/union2.q.out b/ql/src/test/results/clientpositive/spark/union2.q.out
index c578828285..da8d154bb2 100644
--- a/ql/src/test/results/clientpositive/spark/union2.q.out
+++ b/ql/src/test/results/clientpositive/spark/union2.q.out
@@ -56,11 +56,14 @@ STAGE PLANS:
                 aggregations: count(VALUE._col0)
                 mode: mergepartial
                 outputColumnNames: _col0
+                Statistics: Num rows: 1 Data size: 8 Basic stats: COMPLETE Column stats: COMPLETE
                 Select Operator
                   expressions: _col0 (type: bigint)
                   outputColumnNames: _col0
+                  Statistics: Num rows: 1 Data size: 8 Basic stats: COMPLETE Column stats: COMPLETE
                   File Output Operator
                     compressed: false
+                    Statistics: Num rows: 1 Data size: 8 Basic stats: COMPLETE Column stats: COMPLETE
                     table:
                         input format: org.apache.hadoop.mapred.TextInputFormat
                         output format: org.apache.hadoop.hive.ql.io.HiveIgnoreKeyTextOutputFormat
diff --git a/ql/src/test/results/clientpositive/spark/union23.q.out b/ql/src/test/results/clientpositive/spark/union23.q.out
index 22aa965fa5..9e26762322 100644
--- a/ql/src/test/results/clientpositive/spark/union23.q.out
+++ b/ql/src/test/results/clientpositive/spark/union23.q.out
@@ -65,8 +65,10 @@ STAGE PLANS:
               Select Operator
                 expressions: KEY.reducesinkkey0 (type: string), KEY.reducesinkkey1 (type: string)
                 outputColumnNames: _col0, _col1
+                Statistics: Num rows: 1000 Data size: 10624 Basic stats: COMPLETE Column stats: NONE
                 File Output Operator
                   compressed: false
+                  Statistics: Num rows: 1000 Data size: 10624 Basic stats: COMPLETE Column stats: NONE
                   table:
                       input format: org.apache.hadoop.mapred.TextInputFormat
                       output format: org.apache.hadoop.hive.ql.io.HiveIgnoreKeyTextOutputFormat
diff --git a/ql/src/test/results/clientpositive/spark/union25.q.out b/ql/src/test/results/clientpositive/spark/union25.q.out
index bad0e5c02d..07ba8756a7 100644
--- a/ql/src/test/results/clientpositive/spark/union25.q.out
+++ b/ql/src/test/results/clientpositive/spark/union25.q.out
@@ -159,11 +159,14 @@ STAGE PLANS:
                 keys: KEY._col0 (type: string), KEY._col1 (type: string)
                 mode: mergepartial
                 outputColumnNames: _col0, _col1, _col2
+                Statistics: Num rows: 279 Data size: 5562 Basic stats: COMPLETE Column stats: NONE
                 Select Operator
                   expressions: _col2 (type: bigint), _col0 (type: string), _col1 (type: string)
                   outputColumnNames: _col0, _col1, _col2
+                  Statistics: Num rows: 279 Data size: 5562 Basic stats: COMPLETE Column stats: NONE
                   File Output Operator
                     compressed: false
+                    Statistics: Num rows: 279 Data size: 5562 Basic stats: COMPLETE Column stats: NONE
                     table:
                         input format: org.apache.hadoop.mapred.TextInputFormat
                         output format: org.apache.hadoop.hive.ql.io.HiveIgnoreKeyTextOutputFormat
diff --git a/ql/src/test/results/clientpositive/spark/union28.q.out b/ql/src/test/results/clientpositive/spark/union28.q.out
index 1478976264..f668ff8c83 100644
--- a/ql/src/test/results/clientpositive/spark/union28.q.out
+++ b/ql/src/test/results/clientpositive/spark/union28.q.out
@@ -68,35 +68,43 @@ STAGE PLANS:
             Map Operator Tree:
                 TableScan
                   alias: src
+                  Statistics: Num rows: 500 Data size: 5312 Basic stats: COMPLETE Column stats: NONE
                   Select Operator
                     expressions: key (type: string), value (type: string)
                     outputColumnNames: key, value
+                    Statistics: Num rows: 500 Data size: 5312 Basic stats: COMPLETE Column stats: NONE
                     Group By Operator
                       aggregations: count(1)
                       keys: key (type: string), value (type: string)
                       mode: hash
                       outputColumnNames: _col0, _col1, _col2
+                      Statistics: Num rows: 500 Data size: 5312 Basic stats: COMPLETE Column stats: NONE
                       Reduce Output Operator
                         key expressions: _col0 (type: string), _col1 (type: string)
                         sort order: ++
                         Map-reduce partition columns: _col0 (type: string), _col1 (type: string)
+                        Statistics: Num rows: 500 Data size: 5312 Basic stats: COMPLETE Column stats: NONE
                         value expressions: _col2 (type: bigint)
         Map 5 
             Map Operator Tree:
                 TableScan
                   alias: src
+                  Statistics: Num rows: 500 Data size: 5312 Basic stats: COMPLETE Column stats: NONE
                   Select Operator
                     expressions: key (type: string), value (type: string)
                     outputColumnNames: key, value
+                    Statistics: Num rows: 500 Data size: 5312 Basic stats: COMPLETE Column stats: NONE
                     Group By Operator
                       aggregations: count(1)
                       keys: key (type: string), value (type: string)
                       mode: hash
                       outputColumnNames: _col0, _col1, _col2
+                      Statistics: Num rows: 500 Data size: 5312 Basic stats: COMPLETE Column stats: NONE
                       Reduce Output Operator
                         key expressions: _col0 (type: string), _col1 (type: string)
                         sort order: ++
                         Map-reduce partition columns: _col0 (type: string), _col1 (type: string)
+                        Statistics: Num rows: 500 Data size: 5312 Basic stats: COMPLETE Column stats: NONE
                         value expressions: _col2 (type: bigint)
         Reducer 4 
             Reduce Operator Tree:
diff --git a/ql/src/test/results/clientpositive/spark/union3.q.out b/ql/src/test/results/clientpositive/spark/union3.q.out
index 8a7954bb3c..ba21367e43 100644
--- a/ql/src/test/results/clientpositive/spark/union3.q.out
+++ b/ql/src/test/results/clientpositive/spark/union3.q.out
@@ -59,50 +59,70 @@ STAGE PLANS:
             Map Operator Tree:
                 TableScan
                   alias: src
+                  Statistics: Num rows: 500 Data size: 5312 Basic stats: COMPLETE Column stats: COMPLETE
                   Select Operator
+                    Statistics: Num rows: 500 Data size: 5312 Basic stats: COMPLETE Column stats: COMPLETE
                     Limit
                       Number of rows: 1
+                      Statistics: Num rows: 1 Data size: 0 Basic stats: PARTIAL Column stats: COMPLETE
                       Reduce Output Operator
                         sort order: 
+                        Statistics: Num rows: 1 Data size: 0 Basic stats: PARTIAL Column stats: COMPLETE
         Map 4 
             Map Operator Tree:
                 TableScan
                   alias: src
+                  Statistics: Num rows: 500 Data size: 5312 Basic stats: COMPLETE Column stats: COMPLETE
                   Select Operator
+                    Statistics: Num rows: 500 Data size: 5312 Basic stats: COMPLETE Column stats: COMPLETE
                     Limit
                       Number of rows: 1
+                      Statistics: Num rows: 1 Data size: 0 Basic stats: PARTIAL Column stats: COMPLETE
                       Reduce Output Operator
                         sort order: 
+                        Statistics: Num rows: 1 Data size: 0 Basic stats: PARTIAL Column stats: COMPLETE
         Map 6 
             Map Operator Tree:
                 TableScan
                   alias: src
+                  Statistics: Num rows: 500 Data size: 5312 Basic stats: COMPLETE Column stats: COMPLETE
                   Select Operator
+                    Statistics: Num rows: 500 Data size: 5312 Basic stats: COMPLETE Column stats: COMPLETE
                     Limit
                       Number of rows: 1
+                      Statistics: Num rows: 1 Data size: 0 Basic stats: PARTIAL Column stats: COMPLETE
                       Reduce Output Operator
                         sort order: 
+                        Statistics: Num rows: 1 Data size: 0 Basic stats: PARTIAL Column stats: COMPLETE
         Map 9 
             Map Operator Tree:
                 TableScan
                   alias: src
+                  Statistics: Num rows: 500 Data size: 5312 Basic stats: COMPLETE Column stats: COMPLETE
                   Select Operator
+                    Statistics: Num rows: 500 Data size: 5312 Basic stats: COMPLETE Column stats: COMPLETE
                     Limit
                       Number of rows: 1
+                      Statistics: Num rows: 1 Data size: 0 Basic stats: PARTIAL Column stats: COMPLETE
                       Reduce Output Operator
                         sort order: 
+                        Statistics: Num rows: 1 Data size: 0 Basic stats: PARTIAL Column stats: COMPLETE
         Reducer 10 
             Reduce Operator Tree:
               Select Operator
+                Statistics: Num rows: 1 Data size: 0 Basic stats: PARTIAL Column stats: COMPLETE
                 Limit
                   Number of rows: 1
+                  Statistics: Num rows: 1 Data size: 0 Basic stats: PARTIAL Column stats: COMPLETE
                   Select Operator
                     expressions: 2 (type: int)
                     outputColumnNames: _col0
+                    Statistics: Num rows: 1 Data size: 0 Basic stats: PARTIAL Column stats: COMPLETE
                     Reduce Output Operator
                       key expressions: _col0 (type: int)
                       sort order: +
                       Map-reduce partition columns: _col0 (type: int)
+                      Statistics: Num rows: 1 Data size: 0 Basic stats: PARTIAL Column stats: COMPLETE
         Reducer 11 
             Reduce Operator Tree:
               Select Operator
@@ -154,15 +174,19 @@ STAGE PLANS:
         Reducer 7 
             Reduce Operator Tree:
               Select Operator
+                Statistics: Num rows: 1 Data size: 0 Basic stats: PARTIAL Column stats: COMPLETE
                 Limit
                   Number of rows: 1
+                  Statistics: Num rows: 1 Data size: 0 Basic stats: PARTIAL Column stats: COMPLETE
                   Select Operator
                     expressions: 1 (type: int)
                     outputColumnNames: _col0
+                    Statistics: Num rows: 1 Data size: 0 Basic stats: PARTIAL Column stats: COMPLETE
                     Reduce Output Operator
                       key expressions: _col0 (type: int)
                       sort order: +
                       Map-reduce partition columns: _col0 (type: int)
+                      Statistics: Num rows: 1 Data size: 0 Basic stats: PARTIAL Column stats: COMPLETE
         Reducer 8 
             Reduce Operator Tree:
               Select Operator
diff --git a/ql/src/test/results/clientpositive/spark/union30.q.out b/ql/src/test/results/clientpositive/spark/union30.q.out
index a33e999313..ee0daf43ad 100644
--- a/ql/src/test/results/clientpositive/spark/union30.q.out
+++ b/ql/src/test/results/clientpositive/spark/union30.q.out
@@ -65,35 +65,43 @@ STAGE PLANS:
             Map Operator Tree:
                 TableScan
                   alias: src
+                  Statistics: Num rows: 500 Data size: 5312 Basic stats: COMPLETE Column stats: NONE
                   Select Operator
                     expressions: key (type: string), value (type: string)
                     outputColumnNames: key, value
+                    Statistics: Num rows: 500 Data size: 5312 Basic stats: COMPLETE Column stats: NONE
                     Group By Operator
                       aggregations: count(1)
                       keys: key (type: string), value (type: string)
                       mode: hash
                       outputColumnNames: _col0, _col1, _col2
+                      Statistics: Num rows: 500 Data size: 5312 Basic stats: COMPLETE Column stats: NONE
                       Reduce Output Operator
                         key expressions: _col0 (type: string), _col1 (type: string)
                         sort order: ++
                         Map-reduce partition columns: _col0 (type: string), _col1 (type: string)
+                        Statistics: Num rows: 500 Data size: 5312 Basic stats: COMPLETE Column stats: NONE
                         value expressions: _col2 (type: bigint)
         Map 4 
             Map Operator Tree:
                 TableScan
                   alias: src
+                  Statistics: Num rows: 500 Data size: 5312 Basic stats: COMPLETE Column stats: NONE
                   Select Operator
                     expressions: key (type: string), value (type: string)
                     outputColumnNames: key, value
+                    Statistics: Num rows: 500 Data size: 5312 Basic stats: COMPLETE Column stats: NONE
                     Group By Operator
                       aggregations: count(1)
                       keys: key (type: string), value (type: string)
                       mode: hash
                       outputColumnNames: _col0, _col1, _col2
+                      Statistics: Num rows: 500 Data size: 5312 Basic stats: COMPLETE Column stats: NONE
                       Reduce Output Operator
                         key expressions: _col0 (type: string), _col1 (type: string)
                         sort order: ++
                         Map-reduce partition columns: _col0 (type: string), _col1 (type: string)
+                        Statistics: Num rows: 500 Data size: 5312 Basic stats: COMPLETE Column stats: NONE
                         value expressions: _col2 (type: bigint)
         Map 6 
             Map Operator Tree:
diff --git a/ql/src/test/results/clientpositive/spark/union33.q.out b/ql/src/test/results/clientpositive/spark/union33.q.out
index 840cb4d3a6..ca08e0cc4d 100644
--- a/ql/src/test/results/clientpositive/spark/union33.q.out
+++ b/ql/src/test/results/clientpositive/spark/union33.q.out
@@ -70,18 +70,22 @@ STAGE PLANS:
             Map Operator Tree:
                 TableScan
                   alias: src
+                  Statistics: Num rows: 500 Data size: 5312 Basic stats: COMPLETE Column stats: NONE
                   Select Operator
                     expressions: key (type: string)
                     outputColumnNames: key
+                    Statistics: Num rows: 500 Data size: 5312 Basic stats: COMPLETE Column stats: NONE
                     Group By Operator
                       aggregations: count()
                       keys: key (type: string)
                       mode: hash
                       outputColumnNames: _col0, _col1
+                      Statistics: Num rows: 500 Data size: 5312 Basic stats: COMPLETE Column stats: NONE
                       Reduce Output Operator
                         key expressions: _col0 (type: string)
                         sort order: +
                         Map-reduce partition columns: rand() (type: double)
+                        Statistics: Num rows: 500 Data size: 5312 Basic stats: COMPLETE Column stats: NONE
                         value expressions: _col1 (type: bigint)
         Reducer 4 
             Reduce Operator Tree:
@@ -90,10 +94,12 @@ STAGE PLANS:
                 keys: KEY._col0 (type: string)
                 mode: partials
                 outputColumnNames: _col0, _col1
+                Statistics: Num rows: 500 Data size: 5312 Basic stats: COMPLETE Column stats: NONE
                 Reduce Output Operator
                   key expressions: _col0 (type: string)
                   sort order: +
                   Map-reduce partition columns: _col0 (type: string)
+                  Statistics: Num rows: 500 Data size: 5312 Basic stats: COMPLETE Column stats: NONE
                   value expressions: _col1 (type: bigint)
         Reducer 5 
             Reduce Operator Tree:
@@ -205,18 +211,22 @@ STAGE PLANS:
             Map Operator Tree:
                 TableScan
                   alias: src
+                  Statistics: Num rows: 500 Data size: 5312 Basic stats: COMPLETE Column stats: NONE
                   Select Operator
                     expressions: key (type: string)
                     outputColumnNames: key
+                    Statistics: Num rows: 500 Data size: 5312 Basic stats: COMPLETE Column stats: NONE
                     Group By Operator
                       aggregations: count()
                       keys: key (type: string)
                       mode: hash
                       outputColumnNames: _col0, _col1
+                      Statistics: Num rows: 500 Data size: 5312 Basic stats: COMPLETE Column stats: NONE
                       Reduce Output Operator
                         key expressions: _col0 (type: string)
                         sort order: +
                         Map-reduce partition columns: rand() (type: double)
+                        Statistics: Num rows: 500 Data size: 5312 Basic stats: COMPLETE Column stats: NONE
                         value expressions: _col1 (type: bigint)
         Map 5 
             Map Operator Tree:
@@ -244,10 +254,12 @@ STAGE PLANS:
                 keys: KEY._col0 (type: string)
                 mode: partials
                 outputColumnNames: _col0, _col1
+                Statistics: Num rows: 500 Data size: 5312 Basic stats: COMPLETE Column stats: NONE
                 Reduce Output Operator
                   key expressions: _col0 (type: string)
                   sort order: +
                   Map-reduce partition columns: _col0 (type: string)
+                  Statistics: Num rows: 500 Data size: 5312 Basic stats: COMPLETE Column stats: NONE
                   value expressions: _col1 (type: bigint)
         Reducer 3 
             Reduce Operator Tree:
diff --git a/ql/src/test/results/clientpositive/spark/union4.q.out b/ql/src/test/results/clientpositive/spark/union4.q.out
index 78c3979228..2e4620411d 100644
--- a/ql/src/test/results/clientpositive/spark/union4.q.out
+++ b/ql/src/test/results/clientpositive/spark/union4.q.out
@@ -43,25 +43,33 @@ STAGE PLANS:
             Map Operator Tree:
                 TableScan
                   alias: s1
+                  Statistics: Num rows: 500 Data size: 5312 Basic stats: COMPLETE Column stats: COMPLETE
                   Select Operator
+                    Statistics: Num rows: 500 Data size: 5312 Basic stats: COMPLETE Column stats: COMPLETE
                     Group By Operator
                       aggregations: count(1)
                       mode: hash
                       outputColumnNames: _col0
+                      Statistics: Num rows: 1 Data size: 8 Basic stats: COMPLETE Column stats: COMPLETE
                       Reduce Output Operator
                         sort order: 
+                        Statistics: Num rows: 1 Data size: 8 Basic stats: COMPLETE Column stats: COMPLETE
                         value expressions: _col0 (type: bigint)
         Map 4 
             Map Operator Tree:
                 TableScan
                   alias: s2
+                  Statistics: Num rows: 500 Data size: 5312 Basic stats: COMPLETE Column stats: COMPLETE
                   Select Operator
+                    Statistics: Num rows: 500 Data size: 5312 Basic stats: COMPLETE Column stats: COMPLETE
                     Group By Operator
                       aggregations: count(1)
                       mode: hash
                       outputColumnNames: _col0
+                      Statistics: Num rows: 1 Data size: 8 Basic stats: COMPLETE Column stats: COMPLETE
                       Reduce Output Operator
                         sort order: 
+                        Statistics: Num rows: 1 Data size: 8 Basic stats: COMPLETE Column stats: COMPLETE
                         value expressions: _col0 (type: bigint)
         Reducer 2 
             Reduce Operator Tree:
diff --git a/ql/src/test/results/clientpositive/spark/union5.q.out b/ql/src/test/results/clientpositive/spark/union5.q.out
index 9717853d2f..5512b50c1c 100644
--- a/ql/src/test/results/clientpositive/spark/union5.q.out
+++ b/ql/src/test/results/clientpositive/spark/union5.q.out
@@ -32,25 +32,33 @@ STAGE PLANS:
             Map Operator Tree:
                 TableScan
                   alias: s1
+                  Statistics: Num rows: 500 Data size: 5312 Basic stats: COMPLETE Column stats: COMPLETE
                   Select Operator
+                    Statistics: Num rows: 500 Data size: 5312 Basic stats: COMPLETE Column stats: COMPLETE
                     Group By Operator
                       aggregations: count(1)
                       mode: hash
                       outputColumnNames: _col0
+                      Statistics: Num rows: 1 Data size: 8 Basic stats: COMPLETE Column stats: COMPLETE
                       Reduce Output Operator
                         sort order: 
+                        Statistics: Num rows: 1 Data size: 8 Basic stats: COMPLETE Column stats: COMPLETE
                         value expressions: _col0 (type: bigint)
         Map 5 
             Map Operator Tree:
                 TableScan
                   alias: s2
+                  Statistics: Num rows: 500 Data size: 5312 Basic stats: COMPLETE Column stats: COMPLETE
                   Select Operator
+                    Statistics: Num rows: 500 Data size: 5312 Basic stats: COMPLETE Column stats: COMPLETE
                     Group By Operator
                       aggregations: count(1)
                       mode: hash
                       outputColumnNames: _col0
+                      Statistics: Num rows: 1 Data size: 8 Basic stats: COMPLETE Column stats: COMPLETE
                       Reduce Output Operator
                         sort order: 
+                        Statistics: Num rows: 1 Data size: 8 Basic stats: COMPLETE Column stats: COMPLETE
                         value expressions: _col0 (type: bigint)
         Reducer 2 
             Reduce Operator Tree:
@@ -81,11 +89,14 @@ STAGE PLANS:
                 keys: KEY._col0 (type: string)
                 mode: mergepartial
                 outputColumnNames: _col0, _col1
+                Statistics: Num rows: 1 Data size: 100 Basic stats: COMPLETE Column stats: COMPLETE
                 Select Operator
                   expressions: _col0 (type: string), _col1 (type: bigint)
                   outputColumnNames: _col0, _col1
+                  Statistics: Num rows: 1 Data size: 100 Basic stats: COMPLETE Column stats: COMPLETE
                   File Output Operator
                     compressed: false
+                    Statistics: Num rows: 1 Data size: 100 Basic stats: COMPLETE Column stats: COMPLETE
                     table:
                         input format: org.apache.hadoop.mapred.TextInputFormat
                         output format: org.apache.hadoop.hive.ql.io.HiveIgnoreKeyTextOutputFormat
diff --git a/ql/src/test/results/clientpositive/spark/union6.q.out b/ql/src/test/results/clientpositive/spark/union6.q.out
index eb42a40706..01f044e752 100644
--- a/ql/src/test/results/clientpositive/spark/union6.q.out
+++ b/ql/src/test/results/clientpositive/spark/union6.q.out
@@ -42,13 +42,17 @@ STAGE PLANS:
             Map Operator Tree:
                 TableScan
                   alias: s1
+                  Statistics: Num rows: 500 Data size: 5312 Basic stats: COMPLETE Column stats: COMPLETE
                   Select Operator
+                    Statistics: Num rows: 500 Data size: 5312 Basic stats: COMPLETE Column stats: COMPLETE
                     Group By Operator
                       aggregations: count(1)
                       mode: hash
                       outputColumnNames: _col0
+                      Statistics: Num rows: 1 Data size: 8 Basic stats: COMPLETE Column stats: COMPLETE
                       Reduce Output Operator
                         sort order: 
+                        Statistics: Num rows: 1 Data size: 8 Basic stats: COMPLETE Column stats: COMPLETE
                         value expressions: _col0 (type: bigint)
         Map 4 
             Map Operator Tree:
diff --git a/ql/src/test/results/clientpositive/spark/union7.q.out b/ql/src/test/results/clientpositive/spark/union7.q.out
index 8606278d2e..b5a693e606 100644
--- a/ql/src/test/results/clientpositive/spark/union7.q.out
+++ b/ql/src/test/results/clientpositive/spark/union7.q.out
@@ -31,13 +31,17 @@ STAGE PLANS:
             Map Operator Tree:
                 TableScan
                   alias: s1
+                  Statistics: Num rows: 500 Data size: 5312 Basic stats: COMPLETE Column stats: COMPLETE
                   Select Operator
+                    Statistics: Num rows: 500 Data size: 5312 Basic stats: COMPLETE Column stats: COMPLETE
                     Group By Operator
                       aggregations: count(1)
                       mode: hash
                       outputColumnNames: _col0
+                      Statistics: Num rows: 1 Data size: 8 Basic stats: COMPLETE Column stats: COMPLETE
                       Reduce Output Operator
                         sort order: 
+                        Statistics: Num rows: 1 Data size: 8 Basic stats: COMPLETE Column stats: COMPLETE
                         value expressions: _col0 (type: bigint)
         Map 5 
             Map Operator Tree:
@@ -88,11 +92,14 @@ STAGE PLANS:
                 keys: KEY._col0 (type: string)
                 mode: mergepartial
                 outputColumnNames: _col0, _col1
+                Statistics: Num rows: 6 Data size: 600 Basic stats: COMPLETE Column stats: PARTIAL
                 Select Operator
                   expressions: _col0 (type: string), _col1 (type: bigint)
                   outputColumnNames: _col0, _col1
+                  Statistics: Num rows: 6 Data size: 600 Basic stats: COMPLETE Column stats: PARTIAL
                   File Output Operator
                     compressed: false
+                    Statistics: Num rows: 6 Data size: 600 Basic stats: COMPLETE Column stats: PARTIAL
                     table:
                         input format: org.apache.hadoop.mapred.TextInputFormat
                         output format: org.apache.hadoop.hive.ql.io.HiveIgnoreKeyTextOutputFormat
diff --git a/ql/src/test/results/clientpositive/spark/union9.q.out b/ql/src/test/results/clientpositive/spark/union9.q.out
index 9db0539d83..db144777ef 100644
--- a/ql/src/test/results/clientpositive/spark/union9.q.out
+++ b/ql/src/test/results/clientpositive/spark/union9.q.out
@@ -71,11 +71,14 @@ STAGE PLANS:
                 aggregations: count(VALUE._col0)
                 mode: mergepartial
                 outputColumnNames: _col0
+                Statistics: Num rows: 1 Data size: 8 Basic stats: COMPLETE Column stats: COMPLETE
                 Select Operator
                   expressions: _col0 (type: bigint)
                   outputColumnNames: _col0
+                  Statistics: Num rows: 1 Data size: 8 Basic stats: COMPLETE Column stats: COMPLETE
                   File Output Operator
                     compressed: false
+                    Statistics: Num rows: 1 Data size: 8 Basic stats: COMPLETE Column stats: COMPLETE
                     table:
                         input format: org.apache.hadoop.mapred.TextInputFormat
                         output format: org.apache.hadoop.hive.ql.io.HiveIgnoreKeyTextOutputFormat
diff --git a/ql/src/test/results/clientpositive/spark/union_ppr.q.out b/ql/src/test/results/clientpositive/spark/union_ppr.q.out
index 15dec39961..9ed0c86a67 100644
--- a/ql/src/test/results/clientpositive/spark/union_ppr.q.out
+++ b/ql/src/test/results/clientpositive/spark/union_ppr.q.out
@@ -356,11 +356,13 @@ STAGE PLANS:
               Select Operator
                 expressions: KEY.reducesinkkey0 (type: string), KEY.reducesinkkey1 (type: string), KEY.reducesinkkey2 (type: string), KEY.reducesinkkey3 (type: string)
                 outputColumnNames: _col0, _col1, _col2, _col3
+                Statistics: Num rows: 666 Data size: 7074 Basic stats: COMPLETE Column stats: NONE
                 File Output Operator
                   compressed: false
                   GlobalTableId: 0
 #### A masked pattern was here ####
                   NumFilesPerFileSink: 1
+                  Statistics: Num rows: 666 Data size: 7074 Basic stats: COMPLETE Column stats: NONE
 #### A masked pattern was here ####
                   table:
                       input format: org.apache.hadoop.mapred.TextInputFormat
diff --git a/ql/src/test/results/clientpositive/spark/union_remove_1.q.out b/ql/src/test/results/clientpositive/spark/union_remove_1.q.out
index 0d0ec26373..85ec617740 100644
--- a/ql/src/test/results/clientpositive/spark/union_remove_1.q.out
+++ b/ql/src/test/results/clientpositive/spark/union_remove_1.q.out
@@ -78,35 +78,43 @@ STAGE PLANS:
             Map Operator Tree:
                 TableScan
                   alias: inputtbl1
+                  Statistics: Num rows: 0 Data size: 30 Basic stats: PARTIAL Column stats: NONE
                   Select Operator
                     expressions: key (type: string)
                     outputColumnNames: key
+                    Statistics: Num rows: 0 Data size: 30 Basic stats: PARTIAL Column stats: NONE
                     Group By Operator
                       aggregations: count(1)
                       keys: key (type: string)
                       mode: hash
                       outputColumnNames: _col0, _col1
+                      Statistics: Num rows: 0 Data size: 0 Basic stats: NONE Column stats: NONE
                       Reduce Output Operator
                         key expressions: _col0 (type: string)
                         sort order: +
                         Map-reduce partition columns: _col0 (type: string)
+                        Statistics: Num rows: 0 Data size: 0 Basic stats: NONE Column stats: NONE
                         value expressions: _col1 (type: bigint)
         Map 4 
             Map Operator Tree:
                 TableScan
                   alias: inputtbl1
+                  Statistics: Num rows: 0 Data size: 30 Basic stats: PARTIAL Column stats: NONE
                   Select Operator
                     expressions: key (type: string)
                     outputColumnNames: key
+                    Statistics: Num rows: 0 Data size: 30 Basic stats: PARTIAL Column stats: NONE
                     Group By Operator
                       aggregations: count(1)
                       keys: key (type: string)
                       mode: hash
                       outputColumnNames: _col0, _col1
+                      Statistics: Num rows: 0 Data size: 0 Basic stats: NONE Column stats: NONE
                       Reduce Output Operator
                         key expressions: _col0 (type: string)
                         sort order: +
                         Map-reduce partition columns: _col0 (type: string)
+                        Statistics: Num rows: 0 Data size: 0 Basic stats: NONE Column stats: NONE
                         value expressions: _col1 (type: bigint)
         Reducer 2 
             Reduce Operator Tree:
diff --git a/ql/src/test/results/clientpositive/spark/union_remove_10.q.out b/ql/src/test/results/clientpositive/spark/union_remove_10.q.out
index e03c2d99ba..f4601fd697 100644
--- a/ql/src/test/results/clientpositive/spark/union_remove_10.q.out
+++ b/ql/src/test/results/clientpositive/spark/union_remove_10.q.out
@@ -98,18 +98,22 @@ STAGE PLANS:
             Map Operator Tree:
                 TableScan
                   alias: inputtbl1
+                  Statistics: Num rows: 0 Data size: 30 Basic stats: PARTIAL Column stats: NONE
                   Select Operator
                     expressions: key (type: string)
                     outputColumnNames: key
+                    Statistics: Num rows: 0 Data size: 30 Basic stats: PARTIAL Column stats: NONE
                     Group By Operator
                       aggregations: count(1)
                       keys: key (type: string)
                       mode: hash
                       outputColumnNames: _col0, _col1
+                      Statistics: Num rows: 0 Data size: 0 Basic stats: NONE Column stats: NONE
                       Reduce Output Operator
                         key expressions: _col0 (type: string)
                         sort order: +
                         Map-reduce partition columns: _col0 (type: string)
+                        Statistics: Num rows: 0 Data size: 0 Basic stats: NONE Column stats: NONE
                         value expressions: _col1 (type: bigint)
         Map 4 
             Map Operator Tree:
diff --git a/ql/src/test/results/clientpositive/spark/union_remove_15.q.out b/ql/src/test/results/clientpositive/spark/union_remove_15.q.out
index ab9851868a..fe2dcd199b 100644
--- a/ql/src/test/results/clientpositive/spark/union_remove_15.q.out
+++ b/ql/src/test/results/clientpositive/spark/union_remove_15.q.out
@@ -84,35 +84,43 @@ STAGE PLANS:
             Map Operator Tree:
                 TableScan
                   alias: inputtbl1
+                  Statistics: Num rows: 0 Data size: 30 Basic stats: PARTIAL Column stats: NONE
                   Select Operator
                     expressions: key (type: string)
                     outputColumnNames: key
+                    Statistics: Num rows: 0 Data size: 30 Basic stats: PARTIAL Column stats: NONE
                     Group By Operator
                       aggregations: count(1)
                       keys: key (type: string)
                       mode: hash
                       outputColumnNames: _col0, _col1
+                      Statistics: Num rows: 0 Data size: 0 Basic stats: NONE Column stats: NONE
                       Reduce Output Operator
                         key expressions: _col0 (type: string)
                         sort order: +
                         Map-reduce partition columns: _col0 (type: string)
+                        Statistics: Num rows: 0 Data size: 0 Basic stats: NONE Column stats: NONE
                         value expressions: _col1 (type: bigint)
         Map 4 
             Map Operator Tree:
                 TableScan
                   alias: inputtbl1
+                  Statistics: Num rows: 0 Data size: 30 Basic stats: PARTIAL Column stats: NONE
                   Select Operator
                     expressions: key (type: string)
                     outputColumnNames: key
+                    Statistics: Num rows: 0 Data size: 30 Basic stats: PARTIAL Column stats: NONE
                     Group By Operator
                       aggregations: count(1)
                       keys: key (type: string)
                       mode: hash
                       outputColumnNames: _col0, _col1
+                      Statistics: Num rows: 0 Data size: 0 Basic stats: NONE Column stats: NONE
                       Reduce Output Operator
                         key expressions: _col0 (type: string)
                         sort order: +
                         Map-reduce partition columns: _col0 (type: string)
+                        Statistics: Num rows: 0 Data size: 0 Basic stats: NONE Column stats: NONE
                         value expressions: _col1 (type: bigint)
         Reducer 2 
             Reduce Operator Tree:
diff --git a/ql/src/test/results/clientpositive/spark/union_remove_16.q.out b/ql/src/test/results/clientpositive/spark/union_remove_16.q.out
index 90cb97c752..6902aebcd1 100644
--- a/ql/src/test/results/clientpositive/spark/union_remove_16.q.out
+++ b/ql/src/test/results/clientpositive/spark/union_remove_16.q.out
@@ -87,35 +87,43 @@ STAGE PLANS:
             Map Operator Tree:
                 TableScan
                   alias: inputtbl1
+                  Statistics: Num rows: 0 Data size: 30 Basic stats: PARTIAL Column stats: NONE
                   Select Operator
                     expressions: key (type: string)
                     outputColumnNames: key
+                    Statistics: Num rows: 0 Data size: 30 Basic stats: PARTIAL Column stats: NONE
                     Group By Operator
                       aggregations: count(1)
                       keys: key (type: string)
                       mode: hash
                       outputColumnNames: _col0, _col1
+                      Statistics: Num rows: 0 Data size: 0 Basic stats: NONE Column stats: NONE
                       Reduce Output Operator
                         key expressions: _col0 (type: string)
                         sort order: +
                         Map-reduce partition columns: _col0 (type: string)
+                        Statistics: Num rows: 0 Data size: 0 Basic stats: NONE Column stats: NONE
                         value expressions: _col1 (type: bigint)
         Map 4 
             Map Operator Tree:
                 TableScan
                   alias: inputtbl1
+                  Statistics: Num rows: 0 Data size: 30 Basic stats: PARTIAL Column stats: NONE
                   Select Operator
                     expressions: key (type: string)
                     outputColumnNames: key
+                    Statistics: Num rows: 0 Data size: 30 Basic stats: PARTIAL Column stats: NONE
                     Group By Operator
                       aggregations: count(1)
                       keys: key (type: string)
                       mode: hash
                       outputColumnNames: _col0, _col1
+                      Statistics: Num rows: 0 Data size: 0 Basic stats: NONE Column stats: NONE
                       Reduce Output Operator
                         key expressions: _col0 (type: string)
                         sort order: +
                         Map-reduce partition columns: _col0 (type: string)
+                        Statistics: Num rows: 0 Data size: 0 Basic stats: NONE Column stats: NONE
                         value expressions: _col1 (type: bigint)
         Reducer 2 
             Reduce Operator Tree:
diff --git a/ql/src/test/results/clientpositive/spark/union_remove_18.q.out b/ql/src/test/results/clientpositive/spark/union_remove_18.q.out
index 83fab64138..b901363123 100644
--- a/ql/src/test/results/clientpositive/spark/union_remove_18.q.out
+++ b/ql/src/test/results/clientpositive/spark/union_remove_18.q.out
@@ -82,35 +82,43 @@ STAGE PLANS:
             Map Operator Tree:
                 TableScan
                   alias: inputtbl1
+                  Statistics: Num rows: 0 Data size: 30 Basic stats: PARTIAL Column stats: NONE
                   Select Operator
                     expressions: key (type: string), ds (type: string)
                     outputColumnNames: key, ds
+                    Statistics: Num rows: 0 Data size: 30 Basic stats: PARTIAL Column stats: NONE
                     Group By Operator
                       aggregations: count(1)
                       keys: key (type: string), ds (type: string)
                       mode: hash
                       outputColumnNames: _col0, _col1, _col2
+                      Statistics: Num rows: 0 Data size: 0 Basic stats: NONE Column stats: NONE
                       Reduce Output Operator
                         key expressions: _col0 (type: string), _col1 (type: string)
                         sort order: ++
                         Map-reduce partition columns: _col0 (type: string), _col1 (type: string)
+                        Statistics: Num rows: 0 Data size: 0 Basic stats: NONE Column stats: NONE
                         value expressions: _col2 (type: bigint)
         Map 4 
             Map Operator Tree:
                 TableScan
                   alias: inputtbl1
+                  Statistics: Num rows: 0 Data size: 30 Basic stats: PARTIAL Column stats: NONE
                   Select Operator
                     expressions: key (type: string), ds (type: string)
                     outputColumnNames: key, ds
+                    Statistics: Num rows: 0 Data size: 30 Basic stats: PARTIAL Column stats: NONE
                     Group By Operator
                       aggregations: count(1)
                       keys: key (type: string), ds (type: string)
                       mode: hash
                       outputColumnNames: _col0, _col1, _col2
+                      Statistics: Num rows: 0 Data size: 0 Basic stats: NONE Column stats: NONE
                       Reduce Output Operator
                         key expressions: _col0 (type: string), _col1 (type: string)
                         sort order: ++
                         Map-reduce partition columns: _col0 (type: string), _col1 (type: string)
+                        Statistics: Num rows: 0 Data size: 0 Basic stats: NONE Column stats: NONE
                         value expressions: _col2 (type: bigint)
         Reducer 2 
             Reduce Operator Tree:
diff --git a/ql/src/test/results/clientpositive/spark/union_remove_19.q.out b/ql/src/test/results/clientpositive/spark/union_remove_19.q.out
index 07e1cc3f82..ea6ff41c98 100644
--- a/ql/src/test/results/clientpositive/spark/union_remove_19.q.out
+++ b/ql/src/test/results/clientpositive/spark/union_remove_19.q.out
@@ -82,35 +82,43 @@ STAGE PLANS:
             Map Operator Tree:
                 TableScan
                   alias: inputtbl1
+                  Statistics: Num rows: 0 Data size: 30 Basic stats: PARTIAL Column stats: NONE
                   Select Operator
                     expressions: key (type: string)
                     outputColumnNames: key
+                    Statistics: Num rows: 0 Data size: 30 Basic stats: PARTIAL Column stats: NONE
                     Group By Operator
                       aggregations: count(1)
                       keys: key (type: string)
                       mode: hash
                       outputColumnNames: _col0, _col1
+                      Statistics: Num rows: 0 Data size: 0 Basic stats: NONE Column stats: NONE
                       Reduce Output Operator
                         key expressions: _col0 (type: string)
                         sort order: +
                         Map-reduce partition columns: _col0 (type: string)
+                        Statistics: Num rows: 0 Data size: 0 Basic stats: NONE Column stats: NONE
                         value expressions: _col1 (type: bigint)
         Map 4 
             Map Operator Tree:
                 TableScan
                   alias: inputtbl1
+                  Statistics: Num rows: 0 Data size: 30 Basic stats: PARTIAL Column stats: NONE
                   Select Operator
                     expressions: key (type: string)
                     outputColumnNames: key
+                    Statistics: Num rows: 0 Data size: 30 Basic stats: PARTIAL Column stats: NONE
                     Group By Operator
                       aggregations: count(1)
                       keys: key (type: string)
                       mode: hash
                       outputColumnNames: _col0, _col1
+                      Statistics: Num rows: 0 Data size: 0 Basic stats: NONE Column stats: NONE
                       Reduce Output Operator
                         key expressions: _col0 (type: string)
                         sort order: +
                         Map-reduce partition columns: _col0 (type: string)
+                        Statistics: Num rows: 0 Data size: 0 Basic stats: NONE Column stats: NONE
                         value expressions: _col1 (type: bigint)
         Reducer 2 
             Reduce Operator Tree:
@@ -282,39 +290,49 @@ STAGE PLANS:
             Map Operator Tree:
                 TableScan
                   alias: inputtbl1
+                  Statistics: Num rows: 30 Data size: 30 Basic stats: COMPLETE Column stats: NONE
                   Filter Operator
                     predicate: (key = 7) (type: boolean)
+                    Statistics: Num rows: 15 Data size: 15 Basic stats: COMPLETE Column stats: NONE
                     Select Operator
                       expressions: '7' (type: string)
                       outputColumnNames: key
+                      Statistics: Num rows: 15 Data size: 15 Basic stats: COMPLETE Column stats: NONE
                       Group By Operator
                         aggregations: count(1)
                         keys: key (type: string)
                         mode: hash
                         outputColumnNames: _col0, _col1
+                        Statistics: Num rows: 15 Data size: 15 Basic stats: COMPLETE Column stats: NONE
                         Reduce Output Operator
                           key expressions: _col0 (type: string)
                           sort order: +
                           Map-reduce partition columns: _col0 (type: string)
+                          Statistics: Num rows: 15 Data size: 15 Basic stats: COMPLETE Column stats: NONE
                           value expressions: _col1 (type: bigint)
         Map 4 
             Map Operator Tree:
                 TableScan
                   alias: inputtbl1
+                  Statistics: Num rows: 30 Data size: 30 Basic stats: COMPLETE Column stats: NONE
                   Filter Operator
                     predicate: (key = 7) (type: boolean)
+                    Statistics: Num rows: 15 Data size: 15 Basic stats: COMPLETE Column stats: NONE
                     Select Operator
                       expressions: '7' (type: string)
                       outputColumnNames: key
+                      Statistics: Num rows: 15 Data size: 15 Basic stats: COMPLETE Column stats: NONE
                       Group By Operator
                         aggregations: count(1)
                         keys: key (type: string)
                         mode: hash
                         outputColumnNames: _col0, _col1
+                        Statistics: Num rows: 15 Data size: 15 Basic stats: COMPLETE Column stats: NONE
                         Reduce Output Operator
                           key expressions: _col0 (type: string)
                           sort order: +
                           Map-reduce partition columns: _col0 (type: string)
+                          Statistics: Num rows: 15 Data size: 15 Basic stats: COMPLETE Column stats: NONE
                           value expressions: _col1 (type: bigint)
         Reducer 2 
             Reduce Operator Tree:
@@ -448,35 +466,43 @@ STAGE PLANS:
             Map Operator Tree:
                 TableScan
                   alias: inputtbl1
+                  Statistics: Num rows: 0 Data size: 30 Basic stats: PARTIAL Column stats: NONE
                   Select Operator
                     expressions: key (type: string)
                     outputColumnNames: key
+                    Statistics: Num rows: 0 Data size: 30 Basic stats: PARTIAL Column stats: NONE
                     Group By Operator
                       aggregations: count(1)
                       keys: key (type: string)
                       mode: hash
                       outputColumnNames: _col0, _col1
+                      Statistics: Num rows: 0 Data size: 0 Basic stats: NONE Column stats: NONE
                       Reduce Output Operator
                         key expressions: _col0 (type: string)
                         sort order: +
                         Map-reduce partition columns: _col0 (type: string)
+                        Statistics: Num rows: 0 Data size: 0 Basic stats: NONE Column stats: NONE
                         value expressions: _col1 (type: bigint)
         Map 4 
             Map Operator Tree:
                 TableScan
                   alias: inputtbl1
+                  Statistics: Num rows: 0 Data size: 30 Basic stats: PARTIAL Column stats: NONE
                   Select Operator
                     expressions: key (type: string)
                     outputColumnNames: key
+                    Statistics: Num rows: 0 Data size: 30 Basic stats: PARTIAL Column stats: NONE
                     Group By Operator
                       aggregations: count(1)
                       keys: key (type: string)
                       mode: hash
                       outputColumnNames: _col0, _col1
+                      Statistics: Num rows: 0 Data size: 0 Basic stats: NONE Column stats: NONE
                       Reduce Output Operator
                         key expressions: _col0 (type: string)
                         sort order: +
                         Map-reduce partition columns: _col0 (type: string)
+                        Statistics: Num rows: 0 Data size: 0 Basic stats: NONE Column stats: NONE
                         value expressions: _col1 (type: bigint)
         Reducer 2 
             Reduce Operator Tree:
diff --git a/ql/src/test/results/clientpositive/spark/union_remove_2.q.out b/ql/src/test/results/clientpositive/spark/union_remove_2.q.out
index 00dd51e2d2..8e58c46b47 100644
--- a/ql/src/test/results/clientpositive/spark/union_remove_2.q.out
+++ b/ql/src/test/results/clientpositive/spark/union_remove_2.q.out
@@ -100,18 +100,22 @@ STAGE PLANS:
             Map Operator Tree:
                 TableScan
                   alias: inputtbl1
+                  Statistics: Num rows: 0 Data size: 30 Basic stats: PARTIAL Column stats: NONE
                   Select Operator
                     expressions: key (type: string)
                     outputColumnNames: key
+                    Statistics: Num rows: 0 Data size: 30 Basic stats: PARTIAL Column stats: NONE
                     Group By Operator
                       aggregations: count(1)
                       keys: key (type: string)
                       mode: hash
                       outputColumnNames: _col0, _col1
+                      Statistics: Num rows: 0 Data size: 0 Basic stats: NONE Column stats: NONE
                       Reduce Output Operator
                         key expressions: _col0 (type: string)
                         sort order: +
                         Map-reduce partition columns: _col0 (type: string)
+                        Statistics: Num rows: 0 Data size: 0 Basic stats: NONE Column stats: NONE
                         value expressions: _col1 (type: bigint)
         Map 5 
             Map Operator Tree:
diff --git a/ql/src/test/results/clientpositive/spark/union_remove_20.q.out b/ql/src/test/results/clientpositive/spark/union_remove_20.q.out
index 9140453c74..13085a4207 100644
--- a/ql/src/test/results/clientpositive/spark/union_remove_20.q.out
+++ b/ql/src/test/results/clientpositive/spark/union_remove_20.q.out
@@ -80,35 +80,43 @@ STAGE PLANS:
             Map Operator Tree:
                 TableScan
                   alias: inputtbl1
+                  Statistics: Num rows: 0 Data size: 30 Basic stats: PARTIAL Column stats: NONE
                   Select Operator
                     expressions: key (type: string)
                     outputColumnNames: key
+                    Statistics: Num rows: 0 Data size: 30 Basic stats: PARTIAL Column stats: NONE
                     Group By Operator
                       aggregations: count(1)
                       keys: key (type: string)
                       mode: hash
                       outputColumnNames: _col0, _col1
+                      Statistics: Num rows: 0 Data size: 0 Basic stats: NONE Column stats: NONE
                       Reduce Output Operator
                         key expressions: _col0 (type: string)
                         sort order: +
                         Map-reduce partition columns: _col0 (type: string)
+                        Statistics: Num rows: 0 Data size: 0 Basic stats: NONE Column stats: NONE
                         value expressions: _col1 (type: bigint)
         Map 4 
             Map Operator Tree:
                 TableScan
                   alias: inputtbl1
+                  Statistics: Num rows: 0 Data size: 30 Basic stats: PARTIAL Column stats: NONE
                   Select Operator
                     expressions: key (type: string)
                     outputColumnNames: key
+                    Statistics: Num rows: 0 Data size: 30 Basic stats: PARTIAL Column stats: NONE
                     Group By Operator
                       aggregations: count(1)
                       keys: key (type: string)
                       mode: hash
                       outputColumnNames: _col0, _col1
+                      Statistics: Num rows: 0 Data size: 0 Basic stats: NONE Column stats: NONE
                       Reduce Output Operator
                         key expressions: _col0 (type: string)
                         sort order: +
                         Map-reduce partition columns: _col0 (type: string)
+                        Statistics: Num rows: 0 Data size: 0 Basic stats: NONE Column stats: NONE
                         value expressions: _col1 (type: bigint)
         Reducer 2 
             Reduce Operator Tree:
diff --git a/ql/src/test/results/clientpositive/spark/union_remove_21.q.out b/ql/src/test/results/clientpositive/spark/union_remove_21.q.out
index b921b1ad5b..2cc70c5804 100644
--- a/ql/src/test/results/clientpositive/spark/union_remove_21.q.out
+++ b/ql/src/test/results/clientpositive/spark/union_remove_21.q.out
@@ -80,35 +80,43 @@ STAGE PLANS:
             Map Operator Tree:
                 TableScan
                   alias: inputtbl1
+                  Statistics: Num rows: 0 Data size: 30 Basic stats: PARTIAL Column stats: NONE
                   Select Operator
                     expressions: key (type: string)
                     outputColumnNames: key
+                    Statistics: Num rows: 0 Data size: 30 Basic stats: PARTIAL Column stats: NONE
                     Group By Operator
                       aggregations: count(1)
                       keys: key (type: string)
                       mode: hash
                       outputColumnNames: _col0, _col1
+                      Statistics: Num rows: 0 Data size: 0 Basic stats: NONE Column stats: NONE
                       Reduce Output Operator
                         key expressions: _col0 (type: string)
                         sort order: +
                         Map-reduce partition columns: _col0 (type: string)
+                        Statistics: Num rows: 0 Data size: 0 Basic stats: NONE Column stats: NONE
                         value expressions: _col1 (type: bigint)
         Map 4 
             Map Operator Tree:
                 TableScan
                   alias: inputtbl1
+                  Statistics: Num rows: 0 Data size: 30 Basic stats: PARTIAL Column stats: NONE
                   Select Operator
                     expressions: key (type: string)
                     outputColumnNames: key
+                    Statistics: Num rows: 0 Data size: 30 Basic stats: PARTIAL Column stats: NONE
                     Group By Operator
                       aggregations: count(1)
                       keys: key (type: string)
                       mode: hash
                       outputColumnNames: _col0, _col1
+                      Statistics: Num rows: 0 Data size: 0 Basic stats: NONE Column stats: NONE
                       Reduce Output Operator
                         key expressions: _col0 (type: string)
                         sort order: +
                         Map-reduce partition columns: _col0 (type: string)
+                        Statistics: Num rows: 0 Data size: 0 Basic stats: NONE Column stats: NONE
                         value expressions: _col1 (type: bigint)
         Reducer 2 
             Reduce Operator Tree:
diff --git a/ql/src/test/results/clientpositive/spark/union_remove_24.q.out b/ql/src/test/results/clientpositive/spark/union_remove_24.q.out
index 7d54e78cf5..5913610b3e 100644
--- a/ql/src/test/results/clientpositive/spark/union_remove_24.q.out
+++ b/ql/src/test/results/clientpositive/spark/union_remove_24.q.out
@@ -76,35 +76,43 @@ STAGE PLANS:
             Map Operator Tree:
                 TableScan
                   alias: inputtbl1
+                  Statistics: Num rows: 0 Data size: 30 Basic stats: PARTIAL Column stats: NONE
                   Select Operator
                     expressions: key (type: string)
                     outputColumnNames: key
+                    Statistics: Num rows: 0 Data size: 30 Basic stats: PARTIAL Column stats: NONE
                     Group By Operator
                       aggregations: count(1)
                       keys: key (type: string)
                       mode: hash
                       outputColumnNames: _col0, _col1
+                      Statistics: Num rows: 0 Data size: 0 Basic stats: NONE Column stats: NONE
                       Reduce Output Operator
                         key expressions: _col0 (type: string)
                         sort order: +
                         Map-reduce partition columns: _col0 (type: string)
+                        Statistics: Num rows: 0 Data size: 0 Basic stats: NONE Column stats: NONE
                         value expressions: _col1 (type: bigint)
         Map 4 
             Map Operator Tree:
                 TableScan
                   alias: inputtbl1
+                  Statistics: Num rows: 0 Data size: 30 Basic stats: PARTIAL Column stats: NONE
                   Select Operator
                     expressions: key (type: string)
                     outputColumnNames: key
+                    Statistics: Num rows: 0 Data size: 30 Basic stats: PARTIAL Column stats: NONE
                     Group By Operator
                       aggregations: count(1)
                       keys: key (type: string)
                       mode: hash
                       outputColumnNames: _col0, _col1
+                      Statistics: Num rows: 0 Data size: 0 Basic stats: NONE Column stats: NONE
                       Reduce Output Operator
                         key expressions: _col0 (type: string)
                         sort order: +
                         Map-reduce partition columns: _col0 (type: string)
+                        Statistics: Num rows: 0 Data size: 0 Basic stats: NONE Column stats: NONE
                         value expressions: _col1 (type: bigint)
         Reducer 2 
             Reduce Operator Tree:
diff --git a/ql/src/test/results/clientpositive/spark/union_remove_25.q.out b/ql/src/test/results/clientpositive/spark/union_remove_25.q.out
index d8292aad1c..89b8bac992 100644
--- a/ql/src/test/results/clientpositive/spark/union_remove_25.q.out
+++ b/ql/src/test/results/clientpositive/spark/union_remove_25.q.out
@@ -94,35 +94,43 @@ STAGE PLANS:
             Map Operator Tree:
                 TableScan
                   alias: inputtbl1
+                  Statistics: Num rows: 0 Data size: 30 Basic stats: PARTIAL Column stats: NONE
                   Select Operator
                     expressions: key (type: string)
                     outputColumnNames: key
+                    Statistics: Num rows: 0 Data size: 30 Basic stats: PARTIAL Column stats: NONE
                     Group By Operator
                       aggregations: count(1)
                       keys: key (type: string)
                       mode: hash
                       outputColumnNames: _col0, _col1
+                      Statistics: Num rows: 0 Data size: 0 Basic stats: NONE Column stats: NONE
                       Reduce Output Operator
                         key expressions: _col0 (type: string)
                         sort order: +
                         Map-reduce partition columns: _col0 (type: string)
+                        Statistics: Num rows: 0 Data size: 0 Basic stats: NONE Column stats: NONE
                         value expressions: _col1 (type: bigint)
         Map 4 
             Map Operator Tree:
                 TableScan
                   alias: inputtbl1
+                  Statistics: Num rows: 0 Data size: 30 Basic stats: PARTIAL Column stats: NONE
                   Select Operator
                     expressions: key (type: string)
                     outputColumnNames: key
+                    Statistics: Num rows: 0 Data size: 30 Basic stats: PARTIAL Column stats: NONE
                     Group By Operator
                       aggregations: count(1)
                       keys: key (type: string)
                       mode: hash
                       outputColumnNames: _col0, _col1
+                      Statistics: Num rows: 0 Data size: 0 Basic stats: NONE Column stats: NONE
                       Reduce Output Operator
                         key expressions: _col0 (type: string)
                         sort order: +
                         Map-reduce partition columns: _col0 (type: string)
+                        Statistics: Num rows: 0 Data size: 0 Basic stats: NONE Column stats: NONE
                         value expressions: _col1 (type: bigint)
         Reducer 2 
             Reduce Operator Tree:
@@ -301,25 +309,33 @@ STAGE PLANS:
             Map Operator Tree:
                 TableScan
                   alias: srcpart
+                  Statistics: Num rows: 1000 Data size: 10624 Basic stats: COMPLETE Column stats: NONE
                   Select Operator
                     expressions: key (type: string), value (type: string), ds (type: string)
                     outputColumnNames: _col0, _col1, _col2
+                    Statistics: Num rows: 1000 Data size: 10624 Basic stats: COMPLETE Column stats: NONE
                     Limit
                       Number of rows: 500
+                      Statistics: Num rows: 500 Data size: 5000 Basic stats: COMPLETE Column stats: NONE
                       Reduce Output Operator
                         sort order: 
+                        Statistics: Num rows: 500 Data size: 5000 Basic stats: COMPLETE Column stats: NONE
                         value expressions: _col0 (type: string), _col1 (type: string), _col2 (type: string)
         Map 4 
             Map Operator Tree:
                 TableScan
                   alias: srcpart
+                  Statistics: Num rows: 1000 Data size: 10624 Basic stats: COMPLETE Column stats: NONE
                   Select Operator
                     expressions: key (type: string), value (type: string), ds (type: string)
                     outputColumnNames: _col0, _col1, _col2
+                    Statistics: Num rows: 1000 Data size: 10624 Basic stats: COMPLETE Column stats: NONE
                     Limit
                       Number of rows: 500
+                      Statistics: Num rows: 500 Data size: 5000 Basic stats: COMPLETE Column stats: NONE
                       Reduce Output Operator
                         sort order: 
+                        Statistics: Num rows: 500 Data size: 5000 Basic stats: COMPLETE Column stats: NONE
                         value expressions: _col0 (type: string), _col1 (type: string), _col2 (type: string)
         Reducer 2 
             Reduce Operator Tree:
@@ -481,25 +497,33 @@ STAGE PLANS:
             Map Operator Tree:
                 TableScan
                   alias: srcpart
+                  Statistics: Num rows: 1000 Data size: 10624 Basic stats: COMPLETE Column stats: NONE
                   Select Operator
                     expressions: key (type: string), value (type: string), ds (type: string), hr (type: string)
                     outputColumnNames: _col0, _col1, _col2, _col3
+                    Statistics: Num rows: 1000 Data size: 10624 Basic stats: COMPLETE Column stats: NONE
                     Limit
                       Number of rows: 1000
+                      Statistics: Num rows: 1000 Data size: 10000 Basic stats: COMPLETE Column stats: NONE
                       Reduce Output Operator
                         sort order: 
+                        Statistics: Num rows: 1000 Data size: 10000 Basic stats: COMPLETE Column stats: NONE
                         value expressions: _col0 (type: string), _col1 (type: string), _col2 (type: string), _col3 (type: string)
         Map 4 
             Map Operator Tree:
                 TableScan
                   alias: srcpart
+                  Statistics: Num rows: 1000 Data size: 10624 Basic stats: COMPLETE Column stats: NONE
                   Select Operator
                     expressions: key (type: string), value (type: string), ds (type: string), hr (type: string)
                     outputColumnNames: _col0, _col1, _col2, _col3
+                    Statistics: Num rows: 1000 Data size: 10624 Basic stats: COMPLETE Column stats: NONE
                     Limit
                       Number of rows: 1000
+                      Statistics: Num rows: 1000 Data size: 10000 Basic stats: COMPLETE Column stats: NONE
                       Reduce Output Operator
                         sort order: 
+                        Statistics: Num rows: 1000 Data size: 10000 Basic stats: COMPLETE Column stats: NONE
                         value expressions: _col0 (type: string), _col1 (type: string), _col2 (type: string), _col3 (type: string)
         Reducer 2 
             Reduce Operator Tree:
diff --git a/ql/src/test/results/clientpositive/spark/union_remove_4.q.out b/ql/src/test/results/clientpositive/spark/union_remove_4.q.out
index db816e47e4..909a92403a 100644
--- a/ql/src/test/results/clientpositive/spark/union_remove_4.q.out
+++ b/ql/src/test/results/clientpositive/spark/union_remove_4.q.out
@@ -83,35 +83,43 @@ STAGE PLANS:
             Map Operator Tree:
                 TableScan
                   alias: inputtbl1
+                  Statistics: Num rows: 0 Data size: 30 Basic stats: PARTIAL Column stats: NONE
                   Select Operator
                     expressions: key (type: string)
                     outputColumnNames: key
+                    Statistics: Num rows: 0 Data size: 30 Basic stats: PARTIAL Column stats: NONE
                     Group By Operator
                       aggregations: count(1)
                       keys: key (type: string)
                       mode: hash
                       outputColumnNames: _col0, _col1
+                      Statistics: Num rows: 0 Data size: 0 Basic stats: NONE Column stats: NONE
                       Reduce Output Operator
                         key expressions: _col0 (type: string)
                         sort order: +
                         Map-reduce partition columns: _col0 (type: string)
+                        Statistics: Num rows: 0 Data size: 0 Basic stats: NONE Column stats: NONE
                         value expressions: _col1 (type: bigint)
         Map 4 
             Map Operator Tree:
                 TableScan
                   alias: inputtbl1
+                  Statistics: Num rows: 0 Data size: 30 Basic stats: PARTIAL Column stats: NONE
                   Select Operator
                     expressions: key (type: string)
                     outputColumnNames: key
+                    Statistics: Num rows: 0 Data size: 30 Basic stats: PARTIAL Column stats: NONE
                     Group By Operator
                       aggregations: count(1)
                       keys: key (type: string)
                       mode: hash
                       outputColumnNames: _col0, _col1
+                      Statistics: Num rows: 0 Data size: 0 Basic stats: NONE Column stats: NONE
                       Reduce Output Operator
                         key expressions: _col0 (type: string)
                         sort order: +
                         Map-reduce partition columns: _col0 (type: string)
+                        Statistics: Num rows: 0 Data size: 0 Basic stats: NONE Column stats: NONE
                         value expressions: _col1 (type: bigint)
         Reducer 2 
             Reduce Operator Tree:
diff --git a/ql/src/test/results/clientpositive/spark/union_remove_5.q.out b/ql/src/test/results/clientpositive/spark/union_remove_5.q.out
index 7c85791401..fb24181a5c 100644
--- a/ql/src/test/results/clientpositive/spark/union_remove_5.q.out
+++ b/ql/src/test/results/clientpositive/spark/union_remove_5.q.out
@@ -107,18 +107,22 @@ STAGE PLANS:
             Map Operator Tree:
                 TableScan
                   alias: inputtbl1
+                  Statistics: Num rows: 0 Data size: 30 Basic stats: PARTIAL Column stats: NONE
                   Select Operator
                     expressions: key (type: string)
                     outputColumnNames: key
+                    Statistics: Num rows: 0 Data size: 30 Basic stats: PARTIAL Column stats: NONE
                     Group By Operator
                       aggregations: count(1)
                       keys: key (type: string)
                       mode: hash
                       outputColumnNames: _col0, _col1
+                      Statistics: Num rows: 0 Data size: 0 Basic stats: NONE Column stats: NONE
                       Reduce Output Operator
                         key expressions: _col0 (type: string)
                         sort order: +
                         Map-reduce partition columns: _col0 (type: string)
+                        Statistics: Num rows: 0 Data size: 0 Basic stats: NONE Column stats: NONE
                         value expressions: _col1 (type: bigint)
         Map 5 
             Map Operator Tree:
diff --git a/ql/src/test/results/clientpositive/spark/union_remove_6.q.out b/ql/src/test/results/clientpositive/spark/union_remove_6.q.out
index 6730010eb7..1836150c46 100644
--- a/ql/src/test/results/clientpositive/spark/union_remove_6.q.out
+++ b/ql/src/test/results/clientpositive/spark/union_remove_6.q.out
@@ -83,35 +83,43 @@ STAGE PLANS:
             Map Operator Tree:
                 TableScan
                   alias: inputtbl1
+                  Statistics: Num rows: 0 Data size: 30 Basic stats: PARTIAL Column stats: NONE
                   Select Operator
                     expressions: key (type: string)
                     outputColumnNames: key
+                    Statistics: Num rows: 0 Data size: 30 Basic stats: PARTIAL Column stats: NONE
                     Group By Operator
                       aggregations: count(1)
                       keys: key (type: string)
                       mode: hash
                       outputColumnNames: _col0, _col1
+                      Statistics: Num rows: 0 Data size: 0 Basic stats: NONE Column stats: NONE
                       Reduce Output Operator
                         key expressions: _col0 (type: string)
                         sort order: +
                         Map-reduce partition columns: _col0 (type: string)
+                        Statistics: Num rows: 0 Data size: 0 Basic stats: NONE Column stats: NONE
                         value expressions: _col1 (type: bigint)
         Map 6 
             Map Operator Tree:
                 TableScan
                   alias: inputtbl1
+                  Statistics: Num rows: 0 Data size: 30 Basic stats: PARTIAL Column stats: NONE
                   Select Operator
                     expressions: key (type: string)
                     outputColumnNames: key
+                    Statistics: Num rows: 0 Data size: 30 Basic stats: PARTIAL Column stats: NONE
                     Group By Operator
                       aggregations: count(1)
                       keys: key (type: string)
                       mode: hash
                       outputColumnNames: _col0, _col1
+                      Statistics: Num rows: 0 Data size: 0 Basic stats: NONE Column stats: NONE
                       Reduce Output Operator
                         key expressions: _col0 (type: string)
                         sort order: +
                         Map-reduce partition columns: _col0 (type: string)
+                        Statistics: Num rows: 0 Data size: 0 Basic stats: NONE Column stats: NONE
                         value expressions: _col1 (type: bigint)
         Reducer 4 
             Reduce Operator Tree:
@@ -158,8 +166,10 @@ STAGE PLANS:
                   Select Operator
                     expressions: _col0 (type: string), _col1 (type: bigint)
                     outputColumnNames: _col0, _col1
+                    Statistics: Num rows: 0 Data size: 0 Basic stats: NONE Column stats: NONE
                     File Output Operator
                       compressed: false
+                      Statistics: Num rows: 0 Data size: 0 Basic stats: NONE Column stats: NONE
                       table:
                           input format: org.apache.hadoop.mapred.TextInputFormat
                           output format: org.apache.hadoop.hive.ql.io.HiveIgnoreKeyTextOutputFormat
@@ -199,8 +209,10 @@ STAGE PLANS:
                   Select Operator
                     expressions: _col0 (type: string), _col1 (type: bigint)
                     outputColumnNames: _col0, _col1
+                    Statistics: Num rows: 0 Data size: 0 Basic stats: NONE Column stats: NONE
                     File Output Operator
                       compressed: false
+                      Statistics: Num rows: 0 Data size: 0 Basic stats: NONE Column stats: NONE
                       table:
                           input format: org.apache.hadoop.mapred.TextInputFormat
                           output format: org.apache.hadoop.hive.ql.io.HiveIgnoreKeyTextOutputFormat
diff --git a/ql/src/test/results/clientpositive/spark/union_remove_7.q.out b/ql/src/test/results/clientpositive/spark/union_remove_7.q.out
index ed30b093ab..49ec68508d 100644
--- a/ql/src/test/results/clientpositive/spark/union_remove_7.q.out
+++ b/ql/src/test/results/clientpositive/spark/union_remove_7.q.out
@@ -82,35 +82,43 @@ STAGE PLANS:
             Map Operator Tree:
                 TableScan
                   alias: inputtbl1
+                  Statistics: Num rows: 0 Data size: 30 Basic stats: PARTIAL Column stats: NONE
                   Select Operator
                     expressions: key (type: string)
                     outputColumnNames: key
+                    Statistics: Num rows: 0 Data size: 30 Basic stats: PARTIAL Column stats: NONE
                     Group By Operator
                       aggregations: count(1)
                       keys: key (type: string)
                       mode: hash
                       outputColumnNames: _col0, _col1
+                      Statistics: Num rows: 0 Data size: 0 Basic stats: NONE Column stats: NONE
                       Reduce Output Operator
                         key expressions: _col0 (type: string)
                         sort order: +
                         Map-reduce partition columns: _col0 (type: string)
+                        Statistics: Num rows: 0 Data size: 0 Basic stats: NONE Column stats: NONE
                         value expressions: _col1 (type: bigint)
         Map 4 
             Map Operator Tree:
                 TableScan
                   alias: inputtbl1
+                  Statistics: Num rows: 0 Data size: 30 Basic stats: PARTIAL Column stats: NONE
                   Select Operator
                     expressions: key (type: string)
                     outputColumnNames: key
+                    Statistics: Num rows: 0 Data size: 30 Basic stats: PARTIAL Column stats: NONE
                     Group By Operator
                       aggregations: count(1)
                       keys: key (type: string)
                       mode: hash
                       outputColumnNames: _col0, _col1
+                      Statistics: Num rows: 0 Data size: 0 Basic stats: NONE Column stats: NONE
                       Reduce Output Operator
                         key expressions: _col0 (type: string)
                         sort order: +
                         Map-reduce partition columns: _col0 (type: string)
+                        Statistics: Num rows: 0 Data size: 0 Basic stats: NONE Column stats: NONE
                         value expressions: _col1 (type: bigint)
         Reducer 2 
             Reduce Operator Tree:
diff --git a/ql/src/test/results/clientpositive/spark/union_remove_8.q.out b/ql/src/test/results/clientpositive/spark/union_remove_8.q.out
index 16f15f46a9..e98957dfa7 100644
--- a/ql/src/test/results/clientpositive/spark/union_remove_8.q.out
+++ b/ql/src/test/results/clientpositive/spark/union_remove_8.q.out
@@ -104,18 +104,22 @@ STAGE PLANS:
             Map Operator Tree:
                 TableScan
                   alias: inputtbl1
+                  Statistics: Num rows: 0 Data size: 30 Basic stats: PARTIAL Column stats: NONE
                   Select Operator
                     expressions: key (type: string)
                     outputColumnNames: key
+                    Statistics: Num rows: 0 Data size: 30 Basic stats: PARTIAL Column stats: NONE
                     Group By Operator
                       aggregations: count(1)
                       keys: key (type: string)
                       mode: hash
                       outputColumnNames: _col0, _col1
+                      Statistics: Num rows: 0 Data size: 0 Basic stats: NONE Column stats: NONE
                       Reduce Output Operator
                         key expressions: _col0 (type: string)
                         sort order: +
                         Map-reduce partition columns: _col0 (type: string)
+                        Statistics: Num rows: 0 Data size: 0 Basic stats: NONE Column stats: NONE
                         value expressions: _col1 (type: bigint)
         Map 5 
             Map Operator Tree:
diff --git a/ql/src/test/results/clientpositive/spark/union_remove_9.q.out b/ql/src/test/results/clientpositive/spark/union_remove_9.q.out
index 4a334364ab..66fe4e97eb 100644
--- a/ql/src/test/results/clientpositive/spark/union_remove_9.q.out
+++ b/ql/src/test/results/clientpositive/spark/union_remove_9.q.out
@@ -114,18 +114,22 @@ STAGE PLANS:
             Map Operator Tree:
                 TableScan
                   alias: inputtbl1
+                  Statistics: Num rows: 0 Data size: 30 Basic stats: PARTIAL Column stats: NONE
                   Select Operator
                     expressions: key (type: string)
                     outputColumnNames: key
+                    Statistics: Num rows: 0 Data size: 30 Basic stats: PARTIAL Column stats: NONE
                     Group By Operator
                       aggregations: count(1)
                       keys: key (type: string)
                       mode: hash
                       outputColumnNames: _col0, _col1
+                      Statistics: Num rows: 0 Data size: 0 Basic stats: NONE Column stats: NONE
                       Reduce Output Operator
                         key expressions: _col0 (type: string)
                         sort order: +
                         Map-reduce partition columns: _col0 (type: string)
+                        Statistics: Num rows: 0 Data size: 0 Basic stats: NONE Column stats: NONE
                         value expressions: _col1 (type: bigint)
         Map 5 
             Map Operator Tree:
diff --git a/ql/src/test/results/clientpositive/spark/vector_cast_constant.q.out b/ql/src/test/results/clientpositive/spark/vector_cast_constant.q.out
index f30c803f26..2dd7aabfd1 100644
--- a/ql/src/test/results/clientpositive/spark/vector_cast_constant.q.out
+++ b/ql/src/test/results/clientpositive/spark/vector_cast_constant.q.out
@@ -128,18 +128,22 @@ STAGE PLANS:
             Map Operator Tree:
                 TableScan
                   alias: over1korc
+                  Statistics: Num rows: 5898 Data size: 23594 Basic stats: COMPLETE Column stats: NONE
                   Select Operator
                     expressions: i (type: int)
                     outputColumnNames: i
+                    Statistics: Num rows: 5898 Data size: 23594 Basic stats: COMPLETE Column stats: NONE
                     Group By Operator
                       aggregations: avg(50), avg(UDFToDouble(50)), avg(CAST( 50 AS decimal(10,0)))
                       keys: i (type: int)
                       mode: hash
                       outputColumnNames: _col0, _col1, _col2, _col3
+                      Statistics: Num rows: 5898 Data size: 23594 Basic stats: COMPLETE Column stats: NONE
                       Reduce Output Operator
                         key expressions: _col0 (type: int)
                         sort order: +
                         Map-reduce partition columns: _col0 (type: int)
+                        Statistics: Num rows: 5898 Data size: 23594 Basic stats: COMPLETE Column stats: NONE
                         value expressions: _col1 (type: struct<count:bigint,sum:double,input:int>), _col2 (type: struct<count:bigint,sum:double,input:double>), _col3 (type: struct<count:bigint,sum:decimal(12,0),input:decimal(10,0)>)
             Execution mode: vectorized
         Reducer 2 
@@ -149,22 +153,28 @@ STAGE PLANS:
                 keys: KEY._col0 (type: int)
                 mode: mergepartial
                 outputColumnNames: _col0, _col1, _col2, _col3
+                Statistics: Num rows: 2949 Data size: 11797 Basic stats: COMPLETE Column stats: NONE
                 Select Operator
                   expressions: _col0 (type: int), _col1 (type: double), _col2 (type: double), _col3 (type: decimal(14,4))
                   outputColumnNames: _col0, _col1, _col2, _col3
+                  Statistics: Num rows: 2949 Data size: 11797 Basic stats: COMPLETE Column stats: NONE
                   Reduce Output Operator
                     key expressions: _col0 (type: int)
                     sort order: +
+                    Statistics: Num rows: 2949 Data size: 11797 Basic stats: COMPLETE Column stats: NONE
                     value expressions: _col1 (type: double), _col2 (type: double), _col3 (type: decimal(14,4))
         Reducer 3 
             Reduce Operator Tree:
               Select Operator
                 expressions: KEY.reducesinkkey0 (type: int), VALUE._col0 (type: double), VALUE._col1 (type: double), VALUE._col2 (type: decimal(14,4))
                 outputColumnNames: _col0, _col1, _col2, _col3
+                Statistics: Num rows: 2949 Data size: 11797 Basic stats: COMPLETE Column stats: NONE
                 Limit
                   Number of rows: 10
+                  Statistics: Num rows: 10 Data size: 40 Basic stats: COMPLETE Column stats: NONE
                   File Output Operator
                     compressed: false
+                    Statistics: Num rows: 10 Data size: 40 Basic stats: COMPLETE Column stats: NONE
                     table:
                         input format: org.apache.hadoop.mapred.TextInputFormat
                         output format: org.apache.hadoop.hive.ql.io.HiveIgnoreKeyTextOutputFormat
diff --git a/ql/src/test/results/clientpositive/spark/vector_data_types.q.out b/ql/src/test/results/clientpositive/spark/vector_data_types.q.out
index d21c68f4af..5758c4b072 100644
--- a/ql/src/test/results/clientpositive/spark/vector_data_types.q.out
+++ b/ql/src/test/results/clientpositive/spark/vector_data_types.q.out
@@ -117,22 +117,28 @@ STAGE PLANS:
             Map Operator Tree:
                 TableScan
                   alias: over1korc
+                  Statistics: Num rows: 60 Data size: 23594 Basic stats: COMPLETE Column stats: NONE
                   Select Operator
                     expressions: t (type: tinyint), si (type: smallint), i (type: int), b (type: bigint), f (type: float), d (type: double), bo (type: boolean), s (type: string), ts (type: timestamp), dec (type: decimal(4,2)), bin (type: binary)
                     outputColumnNames: _col0, _col1, _col2, _col3, _col4, _col5, _col6, _col7, _col8, _col9, _col10
+                    Statistics: Num rows: 60 Data size: 23594 Basic stats: COMPLETE Column stats: NONE
                     Reduce Output Operator
                       key expressions: _col2 (type: int)
                       sort order: +
+                      Statistics: Num rows: 60 Data size: 23594 Basic stats: COMPLETE Column stats: NONE
                       value expressions: _col0 (type: tinyint), _col1 (type: smallint), _col3 (type: bigint), _col4 (type: float), _col5 (type: double), _col6 (type: boolean), _col7 (type: string), _col8 (type: timestamp), _col9 (type: decimal(4,2)), _col10 (type: binary)
         Reducer 2 
             Reduce Operator Tree:
               Select Operator
                 expressions: VALUE._col0 (type: tinyint), VALUE._col1 (type: smallint), KEY.reducesinkkey0 (type: int), VALUE._col2 (type: bigint), VALUE._col3 (type: float), VALUE._col4 (type: double), VALUE._col5 (type: boolean), VALUE._col6 (type: string), VALUE._col7 (type: timestamp), VALUE._col8 (type: decimal(4,2)), VALUE._col9 (type: binary)
                 outputColumnNames: _col0, _col1, _col2, _col3, _col4, _col5, _col6, _col7, _col8, _col9, _col10
+                Statistics: Num rows: 60 Data size: 23594 Basic stats: COMPLETE Column stats: NONE
                 Limit
                   Number of rows: 20
+                  Statistics: Num rows: 20 Data size: 7860 Basic stats: COMPLETE Column stats: NONE
                   File Output Operator
                     compressed: false
+                    Statistics: Num rows: 20 Data size: 7860 Basic stats: COMPLETE Column stats: NONE
                     table:
                         input format: org.apache.hadoop.mapred.TextInputFormat
                         output format: org.apache.hadoop.hive.ql.io.HiveIgnoreKeyTextOutputFormat
@@ -191,12 +197,15 @@ STAGE PLANS:
             Map Operator Tree:
                 TableScan
                   alias: over1korc
+                  Statistics: Num rows: 60 Data size: 23594 Basic stats: COMPLETE Column stats: NONE
                   Select Operator
                     expressions: t (type: tinyint), si (type: smallint), i (type: int), b (type: bigint), f (type: float), d (type: double), bo (type: boolean), s (type: string), ts (type: timestamp), dec (type: decimal(4,2)), bin (type: binary)
                     outputColumnNames: _col0, _col1, _col2, _col3, _col4, _col5, _col6, _col7, _col8, _col9, _col10
+                    Statistics: Num rows: 60 Data size: 23594 Basic stats: COMPLETE Column stats: NONE
                     Reduce Output Operator
                       key expressions: _col2 (type: int)
                       sort order: +
+                      Statistics: Num rows: 60 Data size: 23594 Basic stats: COMPLETE Column stats: NONE
                       value expressions: _col0 (type: tinyint), _col1 (type: smallint), _col3 (type: bigint), _col4 (type: float), _col5 (type: double), _col6 (type: boolean), _col7 (type: string), _col8 (type: timestamp), _col9 (type: decimal(4,2)), _col10 (type: binary)
             Execution mode: vectorized
         Reducer 2 
@@ -204,10 +213,13 @@ STAGE PLANS:
               Select Operator
                 expressions: VALUE._col0 (type: tinyint), VALUE._col1 (type: smallint), KEY.reducesinkkey0 (type: int), VALUE._col2 (type: bigint), VALUE._col3 (type: float), VALUE._col4 (type: double), VALUE._col5 (type: boolean), VALUE._col6 (type: string), VALUE._col7 (type: timestamp), VALUE._col8 (type: decimal(4,2)), VALUE._col9 (type: binary)
                 outputColumnNames: _col0, _col1, _col2, _col3, _col4, _col5, _col6, _col7, _col8, _col9, _col10
+                Statistics: Num rows: 60 Data size: 23594 Basic stats: COMPLETE Column stats: NONE
                 Limit
                   Number of rows: 20
+                  Statistics: Num rows: 20 Data size: 7860 Basic stats: COMPLETE Column stats: NONE
                   File Output Operator
                     compressed: false
+                    Statistics: Num rows: 20 Data size: 7860 Basic stats: COMPLETE Column stats: NONE
                     table:
                         input format: org.apache.hadoop.mapred.TextInputFormat
                         output format: org.apache.hadoop.hive.ql.io.HiveIgnoreKeyTextOutputFormat
diff --git a/ql/src/test/results/clientpositive/spark/vector_decimal_aggregate.q.out b/ql/src/test/results/clientpositive/spark/vector_decimal_aggregate.q.out
index 99606d9ffa..3c6d561a39 100644
--- a/ql/src/test/results/clientpositive/spark/vector_decimal_aggregate.q.out
+++ b/ql/src/test/results/clientpositive/spark/vector_decimal_aggregate.q.out
@@ -48,18 +48,22 @@ STAGE PLANS:
             Map Operator Tree:
                 TableScan
                   alias: decimal_vgby
+                  Statistics: Num rows: 559 Data size: 127658 Basic stats: COMPLETE Column stats: NONE
                   Select Operator
                     expressions: cint (type: int), cdecimal1 (type: decimal(20,10)), cdecimal2 (type: decimal(23,14))
                     outputColumnNames: cint, cdecimal1, cdecimal2
+                    Statistics: Num rows: 559 Data size: 127658 Basic stats: COMPLETE Column stats: NONE
                     Group By Operator
                       aggregations: count(cdecimal1), max(cdecimal1), min(cdecimal1), sum(cdecimal1), count(cdecimal2), max(cdecimal2), min(cdecimal2), sum(cdecimal2), count()
                       keys: cint (type: int)
                       mode: hash
                       outputColumnNames: _col0, _col1, _col2, _col3, _col4, _col5, _col6, _col7, _col8, _col9
+                      Statistics: Num rows: 559 Data size: 127658 Basic stats: COMPLETE Column stats: NONE
                       Reduce Output Operator
                         key expressions: _col0 (type: int)
                         sort order: +
                         Map-reduce partition columns: _col0 (type: int)
+                        Statistics: Num rows: 559 Data size: 127658 Basic stats: COMPLETE Column stats: NONE
                         value expressions: _col1 (type: bigint), _col2 (type: decimal(20,10)), _col3 (type: decimal(20,10)), _col4 (type: decimal(30,10)), _col5 (type: bigint), _col6 (type: decimal(23,14)), _col7 (type: decimal(23,14)), _col8 (type: decimal(33,14)), _col9 (type: bigint)
             Execution mode: vectorized
         Reducer 2 
@@ -69,13 +73,17 @@ STAGE PLANS:
                 keys: KEY._col0 (type: int)
                 mode: mergepartial
                 outputColumnNames: _col0, _col1, _col2, _col3, _col4, _col5, _col6, _col7, _col8, _col9
+                Statistics: Num rows: 279 Data size: 63714 Basic stats: COMPLETE Column stats: NONE
                 Filter Operator
                   predicate: (_col9 > 1) (type: boolean)
+                  Statistics: Num rows: 93 Data size: 21238 Basic stats: COMPLETE Column stats: NONE
                   Select Operator
                     expressions: _col0 (type: int), _col1 (type: bigint), _col2 (type: decimal(20,10)), _col3 (type: decimal(20,10)), _col4 (type: decimal(30,10)), _col5 (type: bigint), _col6 (type: decimal(23,14)), _col7 (type: decimal(23,14)), _col8 (type: decimal(33,14))
                     outputColumnNames: _col0, _col1, _col2, _col3, _col4, _col5, _col6, _col7, _col8
+                    Statistics: Num rows: 93 Data size: 21238 Basic stats: COMPLETE Column stats: NONE
                     File Output Operator
                       compressed: false
+                      Statistics: Num rows: 93 Data size: 21238 Basic stats: COMPLETE Column stats: NONE
                       table:
                           input format: org.apache.hadoop.mapred.TextInputFormat
                           output format: org.apache.hadoop.hive.ql.io.HiveIgnoreKeyTextOutputFormat
@@ -145,18 +153,22 @@ STAGE PLANS:
             Map Operator Tree:
                 TableScan
                   alias: decimal_vgby
+                  Statistics: Num rows: 559 Data size: 127658 Basic stats: COMPLETE Column stats: NONE
                   Select Operator
                     expressions: cint (type: int), cdecimal1 (type: decimal(20,10)), cdecimal2 (type: decimal(23,14))
                     outputColumnNames: cint, cdecimal1, cdecimal2
+                    Statistics: Num rows: 559 Data size: 127658 Basic stats: COMPLETE Column stats: NONE
                     Group By Operator
                       aggregations: count(cdecimal1), max(cdecimal1), min(cdecimal1), sum(cdecimal1), avg(cdecimal1), stddev_pop(cdecimal1), stddev_samp(cdecimal1), count(cdecimal2), max(cdecimal2), min(cdecimal2), sum(cdecimal2), avg(cdecimal2), stddev_pop(cdecimal2), stddev_samp(cdecimal2), count()
                       keys: cint (type: int)
                       mode: hash
                       outputColumnNames: _col0, _col1, _col2, _col3, _col4, _col5, _col6, _col7, _col8, _col9, _col10, _col11, _col12, _col13, _col14, _col15
+                      Statistics: Num rows: 559 Data size: 127658 Basic stats: COMPLETE Column stats: NONE
                       Reduce Output Operator
                         key expressions: _col0 (type: int)
                         sort order: +
                         Map-reduce partition columns: _col0 (type: int)
+                        Statistics: Num rows: 559 Data size: 127658 Basic stats: COMPLETE Column stats: NONE
                         value expressions: _col1 (type: bigint), _col2 (type: decimal(20,10)), _col3 (type: decimal(20,10)), _col4 (type: decimal(30,10)), _col5 (type: struct<count:bigint,sum:decimal(30,10),input:decimal(20,10)>), _col6 (type: struct<count:bigint,sum:double,variance:double>), _col7 (type: struct<count:bigint,sum:double,variance:double>), _col8 (type: bigint), _col9 (type: decimal(23,14)), _col10 (type: decimal(23,14)), _col11 (type: decimal(33,14)), _col12 (type: struct<count:bigint,sum:decimal(33,14),input:decimal(23,14)>), _col13 (type: struct<count:bigint,sum:double,variance:double>), _col14 (type: struct<count:bigint,sum:double,variance:double>), _col15 (type: bigint)
             Execution mode: vectorized
         Reducer 2 
@@ -166,13 +178,17 @@ STAGE PLANS:
                 keys: KEY._col0 (type: int)
                 mode: mergepartial
                 outputColumnNames: _col0, _col1, _col2, _col3, _col4, _col5, _col6, _col7, _col8, _col9, _col10, _col11, _col12, _col13, _col14, _col15
+                Statistics: Num rows: 279 Data size: 63714 Basic stats: COMPLETE Column stats: NONE
                 Filter Operator
                   predicate: (_col15 > 1) (type: boolean)
+                  Statistics: Num rows: 93 Data size: 21238 Basic stats: COMPLETE Column stats: NONE
                   Select Operator
                     expressions: _col0 (type: int), _col1 (type: bigint), _col2 (type: decimal(20,10)), _col3 (type: decimal(20,10)), _col4 (type: decimal(30,10)), _col5 (type: decimal(24,14)), _col6 (type: double), _col7 (type: double), _col8 (type: bigint), _col9 (type: decimal(23,14)), _col10 (type: decimal(23,14)), _col11 (type: decimal(33,14)), _col12 (type: decimal(27,18)), _col13 (type: double), _col14 (type: double)
                     outputColumnNames: _col0, _col1, _col2, _col3, _col4, _col5, _col6, _col7, _col8, _col9, _col10, _col11, _col12, _col13, _col14
+                    Statistics: Num rows: 93 Data size: 21238 Basic stats: COMPLETE Column stats: NONE
                     File Output Operator
                       compressed: false
+                      Statistics: Num rows: 93 Data size: 21238 Basic stats: COMPLETE Column stats: NONE
                       table:
                           input format: org.apache.hadoop.mapred.TextInputFormat
                           output format: org.apache.hadoop.hive.ql.io.HiveIgnoreKeyTextOutputFormat
diff --git a/ql/src/test/results/clientpositive/spark/vector_left_outer_join.q.out b/ql/src/test/results/clientpositive/spark/vector_left_outer_join.q.out
index 8c28349c63..31e2cd7cfb 100644
--- a/ql/src/test/results/clientpositive/spark/vector_left_outer_join.q.out
+++ b/ql/src/test/results/clientpositive/spark/vector_left_outer_join.q.out
@@ -33,29 +33,35 @@ STAGE PLANS:
             Map Operator Tree:
                 TableScan
                   alias: hd
+                  Statistics: Num rows: 12288 Data size: 377237 Basic stats: COMPLETE Column stats: NONE
                   Reduce Output Operator
                     key expressions: ctinyint (type: tinyint)
                     sort order: +
                     Map-reduce partition columns: ctinyint (type: tinyint)
+                    Statistics: Num rows: 12288 Data size: 377237 Basic stats: COMPLETE Column stats: NONE
             Execution mode: vectorized
         Map 4 
             Map Operator Tree:
                 TableScan
                   alias: c
+                  Statistics: Num rows: 12288 Data size: 377237 Basic stats: COMPLETE Column stats: NONE
                   Reduce Output Operator
                     key expressions: cint (type: int)
                     sort order: +
                     Map-reduce partition columns: cint (type: int)
+                    Statistics: Num rows: 12288 Data size: 377237 Basic stats: COMPLETE Column stats: NONE
                     value expressions: ctinyint (type: tinyint)
             Execution mode: vectorized
         Map 6 
             Map Operator Tree:
                 TableScan
                   alias: cd
+                  Statistics: Num rows: 12288 Data size: 377237 Basic stats: COMPLETE Column stats: NONE
                   Reduce Output Operator
                     key expressions: cint (type: int)
                     sort order: +
                     Map-reduce partition columns: cint (type: int)
+                    Statistics: Num rows: 12288 Data size: 377237 Basic stats: COMPLETE Column stats: NONE
             Execution mode: vectorized
         Reducer 2 
             Reduce Operator Tree:
@@ -65,13 +71,17 @@ STAGE PLANS:
                 condition expressions:
                   0 
                   1 
+                Statistics: Num rows: 14867 Data size: 456456 Basic stats: COMPLETE Column stats: NONE
                 Select Operator
+                  Statistics: Num rows: 14867 Data size: 456456 Basic stats: COMPLETE Column stats: NONE
                   Group By Operator
                     aggregations: count()
                     mode: hash
                     outputColumnNames: _col0
+                    Statistics: Num rows: 1 Data size: 8 Basic stats: COMPLETE Column stats: NONE
                     Reduce Output Operator
                       sort order: 
+                      Statistics: Num rows: 1 Data size: 8 Basic stats: COMPLETE Column stats: NONE
                       value expressions: _col0 (type: bigint)
         Reducer 3 
             Reduce Operator Tree:
@@ -79,11 +89,14 @@ STAGE PLANS:
                 aggregations: count(VALUE._col0)
                 mode: mergepartial
                 outputColumnNames: _col0
+                Statistics: Num rows: 1 Data size: 8 Basic stats: COMPLETE Column stats: NONE
                 Select Operator
                   expressions: _col0 (type: bigint)
                   outputColumnNames: _col0
+                  Statistics: Num rows: 1 Data size: 8 Basic stats: COMPLETE Column stats: NONE
                   File Output Operator
                     compressed: false
+                    Statistics: Num rows: 1 Data size: 8 Basic stats: COMPLETE Column stats: NONE
                     table:
                         input format: org.apache.hadoop.mapred.TextInputFormat
                         output format: org.apache.hadoop.hive.ql.io.HiveIgnoreKeyTextOutputFormat
@@ -98,10 +111,12 @@ STAGE PLANS:
                   0 {VALUE._col0}
                   1 
                 outputColumnNames: _col0
+                Statistics: Num rows: 13516 Data size: 414960 Basic stats: COMPLETE Column stats: NONE
                 Reduce Output Operator
                   key expressions: _col0 (type: tinyint)
                   sort order: +
                   Map-reduce partition columns: _col0 (type: tinyint)
+                  Statistics: Num rows: 13516 Data size: 414960 Basic stats: COMPLETE Column stats: NONE
 
   Stage: Stage-0
     Fetch Operator
diff --git a/ql/src/test/results/clientpositive/spark/vectorization_14.q.out b/ql/src/test/results/clientpositive/spark/vectorization_14.q.out
index f1e49161a0..2d49a0c133 100644
--- a/ql/src/test/results/clientpositive/spark/vectorization_14.q.out
+++ b/ql/src/test/results/clientpositive/spark/vectorization_14.q.out
@@ -80,20 +80,25 @@ STAGE PLANS:
             Map Operator Tree:
                 TableScan
                   alias: alltypesorc
+                  Statistics: Num rows: 12288 Data size: 377237 Basic stats: COMPLETE Column stats: NONE
                   Filter Operator
                     predicate: ((((ctinyint <= cbigint) and ((cint <= cdouble) or (ctimestamp2 < ctimestamp1))) and (cdouble < ctinyint)) and ((cbigint > -257) or (cfloat < cint))) (type: boolean)
+                    Statistics: Num rows: 606 Data size: 18603 Basic stats: COMPLETE Column stats: NONE
                     Select Operator
                       expressions: ctimestamp1 (type: timestamp), cfloat (type: float), cstring1 (type: string), cboolean1 (type: boolean), cdouble (type: double)
                       outputColumnNames: ctimestamp1, cfloat, cstring1, cboolean1, cdouble
+                      Statistics: Num rows: 606 Data size: 18603 Basic stats: COMPLETE Column stats: NONE
                       Group By Operator
                         aggregations: stddev_samp((- ((- 26.28) + cdouble))), max(cfloat), stddev_pop(cfloat), count(cfloat), var_pop(cfloat), var_samp(cfloat)
                         keys: ctimestamp1 (type: timestamp), cfloat (type: float), cstring1 (type: string), cboolean1 (type: boolean), cdouble (type: double)
                         mode: hash
                         outputColumnNames: _col0, _col1, _col2, _col3, _col4, _col5, _col6, _col7, _col8, _col9, _col10
+                        Statistics: Num rows: 606 Data size: 18603 Basic stats: COMPLETE Column stats: NONE
                         Reduce Output Operator
                           key expressions: _col0 (type: timestamp), _col1 (type: float), _col2 (type: string), _col3 (type: boolean), _col4 (type: double)
                           sort order: +++++
                           Map-reduce partition columns: _col0 (type: timestamp), _col1 (type: float), _col2 (type: string), _col3 (type: boolean), _col4 (type: double)
+                          Statistics: Num rows: 606 Data size: 18603 Basic stats: COMPLETE Column stats: NONE
                           value expressions: _col5 (type: struct<count:bigint,sum:double,variance:double>), _col6 (type: float), _col7 (type: struct<count:bigint,sum:double,variance:double>), _col8 (type: bigint), _col9 (type: struct<count:bigint,sum:double,variance:double>), _col10 (type: struct<count:bigint,sum:double,variance:double>)
             Execution mode: vectorized
         Reducer 2 
@@ -103,20 +108,25 @@ STAGE PLANS:
                 keys: KEY._col0 (type: timestamp), KEY._col1 (type: float), KEY._col2 (type: string), KEY._col3 (type: boolean), KEY._col4 (type: double)
                 mode: mergepartial
                 outputColumnNames: _col0, _col1, _col2, _col3, _col4, _col5, _col6, _col7, _col8, _col9, _col10
+                Statistics: Num rows: 303 Data size: 9301 Basic stats: COMPLETE Column stats: NONE
                 Select Operator
                   expressions: _col0 (type: timestamp), _col1 (type: float), _col2 (type: string), _col3 (type: boolean), _col4 (type: double), (-26.28 + _col4) (type: double), (- (-26.28 + _col4)) (type: double), _col5 (type: double), (_col1 * -26.28) (type: double), _col6 (type: float), (- _col1) (type: float), (- _col6) (type: float), ((- (-26.28 + _col4)) / 10.175) (type: double), _col7 (type: double), _col8 (type: bigint), (- ((- (-26.28 + _col4)) / 10.175)) (type: double), (-1.389 % _col5) (type: double), (_col1 - _col4) (type: double), _col9 (type: double), (_col9 % 10.175) (type: double), _col10 (type: double), (- (_col1 - _col4)) (type: double)
                   outputColumnNames: _col0, _col1, _col2, _col3, _col4, _col5, _col6, _col7, _col8, _col9, _col10, _col11, _col12, _col13, _col14, _col15, _col16, _col17, _col18, _col19, _col20, _col21
+                  Statistics: Num rows: 303 Data size: 9301 Basic stats: COMPLETE Column stats: NONE
                   Reduce Output Operator
                     key expressions: _col2 (type: string), _col1 (type: float), _col4 (type: double), _col0 (type: timestamp)
                     sort order: ++++
+                    Statistics: Num rows: 303 Data size: 9301 Basic stats: COMPLETE Column stats: NONE
                     value expressions: _col3 (type: boolean), _col5 (type: double), _col6 (type: double), _col7 (type: double), _col8 (type: double), _col9 (type: float), _col10 (type: float), _col11 (type: float), _col12 (type: double), _col13 (type: double), _col14 (type: bigint), _col15 (type: double), _col16 (type: double), _col17 (type: double), _col18 (type: double), _col19 (type: double), _col20 (type: double), _col21 (type: double)
         Reducer 3 
             Reduce Operator Tree:
               Select Operator
                 expressions: KEY.reducesinkkey3 (type: timestamp), KEY.reducesinkkey1 (type: float), KEY.reducesinkkey0 (type: string), VALUE._col0 (type: boolean), KEY.reducesinkkey2 (type: double), VALUE._col1 (type: double), VALUE._col2 (type: double), VALUE._col3 (type: double), VALUE._col4 (type: double), VALUE._col5 (type: float), VALUE._col6 (type: float), VALUE._col7 (type: float), VALUE._col8 (type: double), VALUE._col9 (type: double), VALUE._col10 (type: bigint), VALUE._col11 (type: double), VALUE._col12 (type: double), VALUE._col13 (type: double), VALUE._col14 (type: double), VALUE._col15 (type: double), VALUE._col16 (type: double), VALUE._col17 (type: double)
                 outputColumnNames: _col0, _col1, _col2, _col3, _col4, _col5, _col6, _col7, _col8, _col9, _col10, _col11, _col12, _col13, _col14, _col15, _col16, _col17, _col18, _col19, _col20, _col21
+                Statistics: Num rows: 303 Data size: 9301 Basic stats: COMPLETE Column stats: NONE
                 File Output Operator
                   compressed: false
+                  Statistics: Num rows: 303 Data size: 9301 Basic stats: COMPLETE Column stats: NONE
                   table:
                       input format: org.apache.hadoop.mapred.TextInputFormat
                       output format: org.apache.hadoop.hive.ql.io.HiveIgnoreKeyTextOutputFormat
diff --git a/ql/src/test/results/clientpositive/spark/vectorization_15.q.out b/ql/src/test/results/clientpositive/spark/vectorization_15.q.out
index 3eb3722d30..f9f447601f 100644
--- a/ql/src/test/results/clientpositive/spark/vectorization_15.q.out
+++ b/ql/src/test/results/clientpositive/spark/vectorization_15.q.out
@@ -76,20 +76,25 @@ STAGE PLANS:
             Map Operator Tree:
                 TableScan
                   alias: alltypesorc
+                  Statistics: Num rows: 12288 Data size: 377237 Basic stats: COMPLETE Column stats: NONE
                   Filter Operator
                     predicate: (((cstring2 like '%ss%') or (cstring1 like '10%')) or ((cint >= -75) and ((ctinyint = csmallint) and (cdouble >= -3728)))) (type: boolean)
+                    Statistics: Num rows: 12288 Data size: 377237 Basic stats: COMPLETE Column stats: NONE
                     Select Operator
                       expressions: cfloat (type: float), cboolean1 (type: boolean), cdouble (type: double), cstring1 (type: string), ctinyint (type: tinyint), cint (type: int), ctimestamp1 (type: timestamp)
                       outputColumnNames: cfloat, cboolean1, cdouble, cstring1, ctinyint, cint, ctimestamp1
+                      Statistics: Num rows: 12288 Data size: 377237 Basic stats: COMPLETE Column stats: NONE
                       Group By Operator
                         aggregations: stddev_samp(cfloat), min(cdouble), stddev_samp(ctinyint), var_pop(ctinyint), var_samp(cint), stddev_pop(cint)
                         keys: cfloat (type: float), cboolean1 (type: boolean), cdouble (type: double), cstring1 (type: string), ctinyint (type: tinyint), cint (type: int), ctimestamp1 (type: timestamp)
                         mode: hash
                         outputColumnNames: _col0, _col1, _col2, _col3, _col4, _col5, _col6, _col7, _col8, _col9, _col10, _col11, _col12
+                        Statistics: Num rows: 12288 Data size: 377237 Basic stats: COMPLETE Column stats: NONE
                         Reduce Output Operator
                           key expressions: _col0 (type: float), _col1 (type: boolean), _col2 (type: double), _col3 (type: string), _col4 (type: tinyint), _col5 (type: int), _col6 (type: timestamp)
                           sort order: +++++++
                           Map-reduce partition columns: _col0 (type: float), _col1 (type: boolean), _col2 (type: double), _col3 (type: string), _col4 (type: tinyint), _col5 (type: int), _col6 (type: timestamp)
+                          Statistics: Num rows: 12288 Data size: 377237 Basic stats: COMPLETE Column stats: NONE
                           value expressions: _col7 (type: struct<count:bigint,sum:double,variance:double>), _col8 (type: double), _col9 (type: struct<count:bigint,sum:double,variance:double>), _col10 (type: struct<count:bigint,sum:double,variance:double>), _col11 (type: struct<count:bigint,sum:double,variance:double>), _col12 (type: struct<count:bigint,sum:double,variance:double>)
             Execution mode: vectorized
         Reducer 2 
@@ -99,20 +104,25 @@ STAGE PLANS:
                 keys: KEY._col0 (type: float), KEY._col1 (type: boolean), KEY._col2 (type: double), KEY._col3 (type: string), KEY._col4 (type: tinyint), KEY._col5 (type: int), KEY._col6 (type: timestamp)
                 mode: mergepartial
                 outputColumnNames: _col0, _col1, _col2, _col3, _col4, _col5, _col6, _col7, _col8, _col9, _col10, _col11, _col12
+                Statistics: Num rows: 6144 Data size: 188618 Basic stats: COMPLETE Column stats: NONE
                 Select Operator
                   expressions: _col0 (type: float), _col1 (type: boolean), _col2 (type: double), _col3 (type: string), _col4 (type: tinyint), _col5 (type: int), _col6 (type: timestamp), _col7 (type: double), (-26.28 - _col5) (type: double), _col8 (type: double), (_col2 * 79.553) (type: double), (33 % _col0) (type: float), _col9 (type: double), _col10 (type: double), (-23 % _col2) (type: double), (- _col4) (type: tinyint), _col11 (type: double), (_col5 - _col0) (type: float), (-23 % _col4) (type: int), (- (-26.28 - _col5)) (type: double), _col12 (type: double)
                   outputColumnNames: _col0, _col1, _col2, _col3, _col4, _col5, _col6, _col7, _col8, _col9, _col10, _col11, _col12, _col13, _col14, _col15, _col16, _col17, _col18, _col19, _col20
+                  Statistics: Num rows: 6144 Data size: 188618 Basic stats: COMPLETE Column stats: NONE
                   Reduce Output Operator
                     key expressions: _col0 (type: float), _col1 (type: boolean), _col2 (type: double), _col3 (type: string), _col4 (type: tinyint), _col5 (type: int), _col6 (type: timestamp)
                     sort order: +++++++
+                    Statistics: Num rows: 6144 Data size: 188618 Basic stats: COMPLETE Column stats: NONE
                     value expressions: _col7 (type: double), _col8 (type: double), _col9 (type: double), _col10 (type: double), _col11 (type: float), _col12 (type: double), _col13 (type: double), _col14 (type: double), _col15 (type: tinyint), _col16 (type: double), _col17 (type: float), _col18 (type: int), _col19 (type: double), _col20 (type: double)
         Reducer 3 
             Reduce Operator Tree:
               Select Operator
                 expressions: KEY.reducesinkkey0 (type: float), KEY.reducesinkkey1 (type: boolean), KEY.reducesinkkey2 (type: double), KEY.reducesinkkey3 (type: string), KEY.reducesinkkey4 (type: tinyint), KEY.reducesinkkey5 (type: int), KEY.reducesinkkey6 (type: timestamp), VALUE._col0 (type: double), VALUE._col1 (type: double), VALUE._col2 (type: double), VALUE._col3 (type: double), VALUE._col4 (type: float), VALUE._col5 (type: double), VALUE._col6 (type: double), VALUE._col7 (type: double), VALUE._col8 (type: tinyint), VALUE._col9 (type: double), VALUE._col10 (type: float), VALUE._col11 (type: int), VALUE._col12 (type: double), VALUE._col13 (type: double)
                 outputColumnNames: _col0, _col1, _col2, _col3, _col4, _col5, _col6, _col7, _col8, _col9, _col10, _col11, _col12, _col13, _col14, _col15, _col16, _col17, _col18, _col19, _col20
+                Statistics: Num rows: 6144 Data size: 188618 Basic stats: COMPLETE Column stats: NONE
                 File Output Operator
                   compressed: false
+                  Statistics: Num rows: 6144 Data size: 188618 Basic stats: COMPLETE Column stats: NONE
                   table:
                       input format: org.apache.hadoop.mapred.TextInputFormat
                       output format: org.apache.hadoop.hive.ql.io.HiveIgnoreKeyTextOutputFormat
diff --git a/ql/src/test/results/clientpositive/spark/vectorization_9.q.out b/ql/src/test/results/clientpositive/spark/vectorization_9.q.out
index 21434d4a67..80a93f4f8b 100644
--- a/ql/src/test/results/clientpositive/spark/vectorization_9.q.out
+++ b/ql/src/test/results/clientpositive/spark/vectorization_9.q.out
@@ -53,20 +53,25 @@ STAGE PLANS:
             Map Operator Tree:
                 TableScan
                   alias: alltypesorc
+                  Statistics: Num rows: 12288 Data size: 377237 Basic stats: COMPLETE Column stats: NONE
                   Filter Operator
                     predicate: ((cstring2 like '%b%') and ((cdouble >= -1.389) or (cstring1 < 'a'))) (type: boolean)
+                    Statistics: Num rows: 4096 Data size: 125745 Basic stats: COMPLETE Column stats: NONE
                     Select Operator
                       expressions: cstring1 (type: string), cdouble (type: double), ctimestamp1 (type: timestamp)
                       outputColumnNames: cstring1, cdouble, ctimestamp1
+                      Statistics: Num rows: 4096 Data size: 125745 Basic stats: COMPLETE Column stats: NONE
                       Group By Operator
                         aggregations: count(cdouble), stddev_samp(cdouble), min(cdouble)
                         keys: cstring1 (type: string), cdouble (type: double), ctimestamp1 (type: timestamp)
                         mode: hash
                         outputColumnNames: _col0, _col1, _col2, _col3, _col4, _col5
+                        Statistics: Num rows: 4096 Data size: 125745 Basic stats: COMPLETE Column stats: NONE
                         Reduce Output Operator
                           key expressions: _col0 (type: string), _col1 (type: double), _col2 (type: timestamp)
                           sort order: +++
                           Map-reduce partition columns: _col0 (type: string), _col1 (type: double), _col2 (type: timestamp)
+                          Statistics: Num rows: 4096 Data size: 125745 Basic stats: COMPLETE Column stats: NONE
                           value expressions: _col3 (type: bigint), _col4 (type: struct<count:bigint,sum:double,variance:double>), _col5 (type: double)
             Execution mode: vectorized
         Reducer 2 
@@ -76,11 +81,14 @@ STAGE PLANS:
                 keys: KEY._col0 (type: string), KEY._col1 (type: double), KEY._col2 (type: timestamp)
                 mode: mergepartial
                 outputColumnNames: _col0, _col1, _col2, _col3, _col4, _col5
+                Statistics: Num rows: 2048 Data size: 62872 Basic stats: COMPLETE Column stats: NONE
                 Select Operator
                   expressions: _col0 (type: string), _col1 (type: double), _col2 (type: timestamp), (_col1 - 9763215.5639) (type: double), (- (_col1 - 9763215.5639)) (type: double), _col3 (type: bigint), _col4 (type: double), (- _col4) (type: double), (_col4 * _col3) (type: double), _col5 (type: double), (9763215.5639 / _col1) (type: double), (_col3 / -1.389) (type: double), _col4 (type: double)
                   outputColumnNames: _col0, _col1, _col2, _col3, _col4, _col5, _col6, _col7, _col8, _col9, _col10, _col11, _col12
+                  Statistics: Num rows: 2048 Data size: 62872 Basic stats: COMPLETE Column stats: NONE
                   File Output Operator
                     compressed: false
+                    Statistics: Num rows: 2048 Data size: 62872 Basic stats: COMPLETE Column stats: NONE
                     table:
                         input format: org.apache.hadoop.mapred.TextInputFormat
                         output format: org.apache.hadoop.hive.ql.io.HiveIgnoreKeyTextOutputFormat
diff --git a/ql/src/test/results/clientpositive/spark/vectorization_part_project.q.out b/ql/src/test/results/clientpositive/spark/vectorization_part_project.q.out
index c6458ecbea..aa87dd9fc5 100644
--- a/ql/src/test/results/clientpositive/spark/vectorization_part_project.q.out
+++ b/ql/src/test/results/clientpositive/spark/vectorization_part_project.q.out
@@ -67,22 +67,28 @@ STAGE PLANS:
             Map Operator Tree:
                 TableScan
                   alias: alltypesorc_part
+                  Statistics: Num rows: 706 Data size: 5648 Basic stats: COMPLETE Column stats: NONE
                   Select Operator
                     expressions: (cdouble + 2) (type: double)
                     outputColumnNames: _col0
+                    Statistics: Num rows: 706 Data size: 5648 Basic stats: COMPLETE Column stats: NONE
                     Reduce Output Operator
                       key expressions: _col0 (type: double)
                       sort order: +
+                      Statistics: Num rows: 706 Data size: 5648 Basic stats: COMPLETE Column stats: NONE
             Execution mode: vectorized
         Reducer 2 
             Reduce Operator Tree:
               Select Operator
                 expressions: KEY.reducesinkkey0 (type: double)
                 outputColumnNames: _col0
+                Statistics: Num rows: 706 Data size: 5648 Basic stats: COMPLETE Column stats: NONE
                 Limit
                   Number of rows: 10
+                  Statistics: Num rows: 10 Data size: 80 Basic stats: COMPLETE Column stats: NONE
                   File Output Operator
                     compressed: false
+                    Statistics: Num rows: 10 Data size: 80 Basic stats: COMPLETE Column stats: NONE
                     table:
                         input format: org.apache.hadoop.mapred.TextInputFormat
                         output format: org.apache.hadoop.hive.ql.io.HiveIgnoreKeyTextOutputFormat
diff --git a/ql/src/test/results/clientpositive/spark/vectorized_mapjoin.q.out b/ql/src/test/results/clientpositive/spark/vectorized_mapjoin.q.out
index e8751a6602..5b9205bc5a 100644
--- a/ql/src/test/results/clientpositive/spark/vectorized_mapjoin.q.out
+++ b/ql/src/test/results/clientpositive/spark/vectorized_mapjoin.q.out
@@ -22,23 +22,29 @@ STAGE PLANS:
             Map Operator Tree:
                 TableScan
                   alias: t2
+                  Statistics: Num rows: 12288 Data size: 377237 Basic stats: COMPLETE Column stats: NONE
                   Filter Operator
                     predicate: cint is not null (type: boolean)
+                    Statistics: Num rows: 6144 Data size: 188618 Basic stats: COMPLETE Column stats: NONE
                     Reduce Output Operator
                       key expressions: cint (type: int)
                       sort order: +
                       Map-reduce partition columns: cint (type: int)
+                      Statistics: Num rows: 6144 Data size: 188618 Basic stats: COMPLETE Column stats: NONE
             Execution mode: vectorized
         Map 4 
             Map Operator Tree:
                 TableScan
                   alias: t1
+                  Statistics: Num rows: 12288 Data size: 377237 Basic stats: COMPLETE Column stats: NONE
                   Filter Operator
                     predicate: cint is not null (type: boolean)
+                    Statistics: Num rows: 6144 Data size: 188618 Basic stats: COMPLETE Column stats: NONE
                     Reduce Output Operator
                       key expressions: cint (type: int)
                       sort order: +
                       Map-reduce partition columns: cint (type: int)
+                      Statistics: Num rows: 6144 Data size: 188618 Basic stats: COMPLETE Column stats: NONE
             Execution mode: vectorized
         Reducer 2 
             Reduce Operator Tree:
@@ -49,15 +55,19 @@ STAGE PLANS:
                   0 {KEY.reducesinkkey0}
                   1 {KEY.reducesinkkey0}
                 outputColumnNames: _col2, _col17
+                Statistics: Num rows: 6758 Data size: 207479 Basic stats: COMPLETE Column stats: NONE
                 Select Operator
                   expressions: _col2 (type: int), _col17 (type: int)
                   outputColumnNames: _col2, _col17
+                  Statistics: Num rows: 6758 Data size: 207479 Basic stats: COMPLETE Column stats: NONE
                   Group By Operator
                     aggregations: count(_col2), max(_col17), min(_col2), avg((_col2 + _col17))
                     mode: hash
                     outputColumnNames: _col0, _col1, _col2, _col3
+                    Statistics: Num rows: 1 Data size: 16 Basic stats: COMPLETE Column stats: NONE
                     Reduce Output Operator
                       sort order: 
+                      Statistics: Num rows: 1 Data size: 16 Basic stats: COMPLETE Column stats: NONE
                       value expressions: _col0 (type: bigint), _col1 (type: int), _col2 (type: int), _col3 (type: struct<count:bigint,sum:double,input:int>)
         Reducer 3 
             Reduce Operator Tree:
@@ -65,11 +75,14 @@ STAGE PLANS:
                 aggregations: count(VALUE._col0), max(VALUE._col1), min(VALUE._col2), avg(VALUE._col3)
                 mode: mergepartial
                 outputColumnNames: _col0, _col1, _col2, _col3
+                Statistics: Num rows: 1 Data size: 24 Basic stats: COMPLETE Column stats: NONE
                 Select Operator
                   expressions: _col0 (type: bigint), _col1 (type: int), _col2 (type: int), _col3 (type: double)
                   outputColumnNames: _col0, _col1, _col2, _col3
+                  Statistics: Num rows: 1 Data size: 24 Basic stats: COMPLETE Column stats: NONE
                   File Output Operator
                     compressed: false
+                    Statistics: Num rows: 1 Data size: 24 Basic stats: COMPLETE Column stats: NONE
                     table:
                         input format: org.apache.hadoop.mapred.TextInputFormat
                         output format: org.apache.hadoop.hive.ql.io.HiveIgnoreKeyTextOutputFormat
diff --git a/ql/src/test/results/clientpositive/spark/vectorized_nested_mapjoin.q.out b/ql/src/test/results/clientpositive/spark/vectorized_nested_mapjoin.q.out
index d163d424c3..1c226fd34f 100644
--- a/ql/src/test/results/clientpositive/spark/vectorized_nested_mapjoin.q.out
+++ b/ql/src/test/results/clientpositive/spark/vectorized_nested_mapjoin.q.out
@@ -19,35 +19,44 @@ STAGE PLANS:
             Map Operator Tree:
                 TableScan
                   alias: v3
+                  Statistics: Num rows: 12288 Data size: 377237 Basic stats: COMPLETE Column stats: NONE
                   Filter Operator
                     predicate: csmallint is not null (type: boolean)
+                    Statistics: Num rows: 6144 Data size: 188618 Basic stats: COMPLETE Column stats: NONE
                     Reduce Output Operator
                       key expressions: csmallint (type: smallint)
                       sort order: +
                       Map-reduce partition columns: csmallint (type: smallint)
+                      Statistics: Num rows: 6144 Data size: 188618 Basic stats: COMPLETE Column stats: NONE
             Execution mode: vectorized
         Map 4 
             Map Operator Tree:
                 TableScan
                   alias: v1
+                  Statistics: Num rows: 12288 Data size: 377237 Basic stats: COMPLETE Column stats: NONE
                   Filter Operator
                     predicate: (ctinyint is not null and csmallint is not null) (type: boolean)
+                    Statistics: Num rows: 3072 Data size: 94309 Basic stats: COMPLETE Column stats: NONE
                     Reduce Output Operator
                       key expressions: ctinyint (type: tinyint)
                       sort order: +
                       Map-reduce partition columns: ctinyint (type: tinyint)
+                      Statistics: Num rows: 3072 Data size: 94309 Basic stats: COMPLETE Column stats: NONE
                       value expressions: csmallint (type: smallint), cdouble (type: double)
             Execution mode: vectorized
         Map 6 
             Map Operator Tree:
                 TableScan
                   alias: v2
+                  Statistics: Num rows: 12288 Data size: 377237 Basic stats: COMPLETE Column stats: NONE
                   Filter Operator
                     predicate: ctinyint is not null (type: boolean)
+                    Statistics: Num rows: 6144 Data size: 188618 Basic stats: COMPLETE Column stats: NONE
                     Reduce Output Operator
                       key expressions: ctinyint (type: tinyint)
                       sort order: +
                       Map-reduce partition columns: ctinyint (type: tinyint)
+                      Statistics: Num rows: 6144 Data size: 188618 Basic stats: COMPLETE Column stats: NONE
             Execution mode: vectorized
         Reducer 2 
             Reduce Operator Tree:
@@ -58,15 +67,19 @@ STAGE PLANS:
                   0 {VALUE._col0}
                   1 
                 outputColumnNames: _col1
+                Statistics: Num rows: 6758 Data size: 207479 Basic stats: COMPLETE Column stats: NONE
                 Select Operator
                   expressions: _col1 (type: double)
                   outputColumnNames: _col1
+                  Statistics: Num rows: 6758 Data size: 207479 Basic stats: COMPLETE Column stats: NONE
                   Group By Operator
                     aggregations: sum(_col1)
                     mode: hash
                     outputColumnNames: _col0
+                    Statistics: Num rows: 1 Data size: 8 Basic stats: COMPLETE Column stats: NONE
                     Reduce Output Operator
                       sort order: 
+                      Statistics: Num rows: 1 Data size: 8 Basic stats: COMPLETE Column stats: NONE
                       value expressions: _col0 (type: double)
         Reducer 3 
             Reduce Operator Tree:
@@ -74,11 +87,14 @@ STAGE PLANS:
                 aggregations: sum(VALUE._col0)
                 mode: mergepartial
                 outputColumnNames: _col0
+                Statistics: Num rows: 1 Data size: 8 Basic stats: COMPLETE Column stats: NONE
                 Select Operator
                   expressions: _col0 (type: double)
                   outputColumnNames: _col0
+                  Statistics: Num rows: 1 Data size: 8 Basic stats: COMPLETE Column stats: NONE
                   File Output Operator
                     compressed: false
+                    Statistics: Num rows: 1 Data size: 8 Basic stats: COMPLETE Column stats: NONE
                     table:
                         input format: org.apache.hadoop.mapred.TextInputFormat
                         output format: org.apache.hadoop.hive.ql.io.HiveIgnoreKeyTextOutputFormat
@@ -93,15 +109,19 @@ STAGE PLANS:
                   0 {KEY.reducesinkkey0} {VALUE._col0} {VALUE._col4}
                   1 {KEY.reducesinkkey0}
                 outputColumnNames: _col0, _col1, _col5, _col15
+                Statistics: Num rows: 6758 Data size: 207479 Basic stats: COMPLETE Column stats: NONE
                 Filter Operator
                   predicate: (_col0 = _col15) (type: boolean)
+                  Statistics: Num rows: 3379 Data size: 103739 Basic stats: COMPLETE Column stats: NONE
                   Select Operator
                     expressions: _col1 (type: smallint), _col5 (type: double)
                     outputColumnNames: _col0, _col1
+                    Statistics: Num rows: 3379 Data size: 103739 Basic stats: COMPLETE Column stats: NONE
                     Reduce Output Operator
                       key expressions: _col0 (type: smallint)
                       sort order: +
                       Map-reduce partition columns: _col0 (type: smallint)
+                      Statistics: Num rows: 3379 Data size: 103739 Basic stats: COMPLETE Column stats: NONE
                       value expressions: _col1 (type: double)
 
   Stage: Stage-0
diff --git a/ql/src/test/results/clientpositive/spark/vectorized_ptf.q.out b/ql/src/test/results/clientpositive/spark/vectorized_ptf.q.out
index 909378b58c..179edd1c7e 100644
--- a/ql/src/test/results/clientpositive/spark/vectorized_ptf.q.out
+++ b/ql/src/test/results/clientpositive/spark/vectorized_ptf.q.out
@@ -233,11 +233,13 @@ STAGE PLANS:
             Map Operator Tree:
                 TableScan
                   alias: part
+                  Statistics: Num rows: 4 Data size: 2597 Basic stats: COMPLETE Column stats: NONE
                   GatherStats: false
                   Reduce Output Operator
                     key expressions: p_mfgr (type: string), p_name (type: string)
                     sort order: ++
                     Map-reduce partition columns: p_mfgr (type: string)
+                    Statistics: Num rows: 4 Data size: 2597 Basic stats: COMPLETE Column stats: NONE
                     tag: -1
                     value expressions: p_partkey (type: int), p_name (type: string), p_mfgr (type: string), p_brand (type: string), p_type (type: string), p_size (type: int), p_container (type: string), p_retailprice (type: double), p_comment (type: string), BLOCK__OFFSET__INSIDE__FILE (type: bigint), INPUT__FILE__NAME (type: string), ROW__ID (type: struct<transactionid:bigint,bucketid:int,rowid:bigint>)
                     auto parallelism: true
@@ -290,14 +292,18 @@ STAGE PLANS:
             Needs Tagging: false
             Reduce Operator Tree:
               Extract
+                Statistics: Num rows: 4 Data size: 2597 Basic stats: COMPLETE Column stats: NONE
                 PTF Operator
+                  Statistics: Num rows: 4 Data size: 2597 Basic stats: COMPLETE Column stats: NONE
                   Select Operator
                     expressions: _col1 (type: string), _col2 (type: string), _col5 (type: int), _col7 (type: double)
                     outputColumnNames: _col1, _col2, _col5, _col7
+                    Statistics: Num rows: 4 Data size: 2597 Basic stats: COMPLETE Column stats: NONE
                     Reduce Output Operator
                       key expressions: _col2 (type: string), _col1 (type: string)
                       sort order: ++
                       Map-reduce partition columns: _col2 (type: string)
+                      Statistics: Num rows: 4 Data size: 2597 Basic stats: COMPLETE Column stats: NONE
                       tag: -1
                       value expressions: _col1 (type: string), _col2 (type: string), _col5 (type: int), _col7 (type: double)
                       auto parallelism: true
@@ -305,15 +311,19 @@ STAGE PLANS:
             Needs Tagging: false
             Reduce Operator Tree:
               Extract
+                Statistics: Num rows: 4 Data size: 2597 Basic stats: COMPLETE Column stats: NONE
                 PTF Operator
+                  Statistics: Num rows: 4 Data size: 2597 Basic stats: COMPLETE Column stats: NONE
                   Select Operator
                     expressions: _col2 (type: string), _col1 (type: string), _col5 (type: int), _wcol0 (type: int), _wcol1 (type: int), _wcol2 (type: double)
                     outputColumnNames: _col0, _col1, _col2, _col3, _col4, _col5
+                    Statistics: Num rows: 4 Data size: 2597 Basic stats: COMPLETE Column stats: NONE
                     File Output Operator
                       compressed: false
                       GlobalTableId: 0
 #### A masked pattern was here ####
                       NumFilesPerFileSink: 1
+                      Statistics: Num rows: 4 Data size: 2597 Basic stats: COMPLETE Column stats: NONE
 #### A masked pattern was here ####
                       table:
                           input format: org.apache.hadoop.mapred.TextInputFormat
@@ -505,14 +515,17 @@ STAGE PLANS:
             Map Operator Tree:
                 TableScan
                   alias: p1
+                  Statistics: Num rows: 4 Data size: 2597 Basic stats: COMPLETE Column stats: NONE
                   GatherStats: false
                   Filter Operator
                     isSamplingPred: false
                     predicate: p_partkey is not null (type: boolean)
+                    Statistics: Num rows: 2 Data size: 1298 Basic stats: COMPLETE Column stats: NONE
                     Reduce Output Operator
                       key expressions: p_partkey (type: int)
                       sort order: +
                       Map-reduce partition columns: p_partkey (type: int)
+                      Statistics: Num rows: 2 Data size: 1298 Basic stats: COMPLETE Column stats: NONE
                       tag: 0
                       value expressions: p_name (type: string), p_mfgr (type: string), p_brand (type: string), p_type (type: string), p_size (type: int), p_container (type: string), p_retailprice (type: double), p_comment (type: string)
                       auto parallelism: true
@@ -566,14 +579,17 @@ STAGE PLANS:
             Map Operator Tree:
                 TableScan
                   alias: p2
+                  Statistics: Num rows: 649 Data size: 2597 Basic stats: COMPLETE Column stats: NONE
                   GatherStats: false
                   Filter Operator
                     isSamplingPred: false
                     predicate: p_partkey is not null (type: boolean)
+                    Statistics: Num rows: 325 Data size: 1300 Basic stats: COMPLETE Column stats: NONE
                     Reduce Output Operator
                       key expressions: p_partkey (type: int)
                       sort order: +
                       Map-reduce partition columns: p_partkey (type: int)
+                      Statistics: Num rows: 325 Data size: 1300 Basic stats: COMPLETE Column stats: NONE
                       tag: 1
                       auto parallelism: true
             Path -> Alias:
@@ -632,13 +648,16 @@ STAGE PLANS:
                   0 {KEY.reducesinkkey0} {VALUE._col0} {VALUE._col1} {VALUE._col2} {VALUE._col3} {VALUE._col4} {VALUE._col5} {VALUE._col6} {VALUE._col7}
                   1 
                 outputColumnNames: _col0, _col1, _col2, _col3, _col4, _col5, _col6, _col7, _col8
+                Statistics: Num rows: 357 Data size: 1430 Basic stats: COMPLETE Column stats: NONE
                 Select Operator
                   expressions: _col0 (type: int), _col1 (type: string), _col2 (type: string), _col3 (type: string), _col4 (type: string), _col5 (type: int), _col6 (type: string), _col7 (type: double), _col8 (type: string)
                   outputColumnNames: _col0, _col1, _col2, _col3, _col4, _col5, _col6, _col7, _col8
+                  Statistics: Num rows: 357 Data size: 1430 Basic stats: COMPLETE Column stats: NONE
                   Reduce Output Operator
                     key expressions: _col2 (type: string), _col1 (type: string)
                     sort order: ++
                     Map-reduce partition columns: _col2 (type: string)
+                    Statistics: Num rows: 357 Data size: 1430 Basic stats: COMPLETE Column stats: NONE
                     tag: -1
                     value expressions: _col0 (type: int), _col1 (type: string), _col2 (type: string), _col3 (type: string), _col4 (type: string), _col5 (type: int), _col6 (type: string), _col7 (type: double), _col8 (type: string)
                     auto parallelism: true
@@ -646,14 +665,18 @@ STAGE PLANS:
             Needs Tagging: false
             Reduce Operator Tree:
               Extract
+                Statistics: Num rows: 357 Data size: 1430 Basic stats: COMPLETE Column stats: NONE
                 PTF Operator
+                  Statistics: Num rows: 357 Data size: 1430 Basic stats: COMPLETE Column stats: NONE
                   Select Operator
                     expressions: _col1 (type: string), _col2 (type: string), _col5 (type: int)
                     outputColumnNames: _col1, _col2, _col5
+                    Statistics: Num rows: 357 Data size: 1430 Basic stats: COMPLETE Column stats: NONE
                     Reduce Output Operator
                       key expressions: _col2 (type: string), _col1 (type: string)
                       sort order: ++
                       Map-reduce partition columns: _col2 (type: string)
+                      Statistics: Num rows: 357 Data size: 1430 Basic stats: COMPLETE Column stats: NONE
                       tag: -1
                       value expressions: _col1 (type: string), _col2 (type: string), _col5 (type: int)
                       auto parallelism: true
@@ -661,15 +684,19 @@ STAGE PLANS:
             Needs Tagging: false
             Reduce Operator Tree:
               Extract
+                Statistics: Num rows: 357 Data size: 1430 Basic stats: COMPLETE Column stats: NONE
                 PTF Operator
+                  Statistics: Num rows: 357 Data size: 1430 Basic stats: COMPLETE Column stats: NONE
                   Select Operator
                     expressions: _col2 (type: string), _col1 (type: string), _col5 (type: int), (_col5 - _wcol0) (type: int)
                     outputColumnNames: _col0, _col1, _col2, _col3
+                    Statistics: Num rows: 357 Data size: 1430 Basic stats: COMPLETE Column stats: NONE
                     File Output Operator
                       compressed: false
                       GlobalTableId: 0
 #### A masked pattern was here ####
                       NumFilesPerFileSink: 1
+                      Statistics: Num rows: 357 Data size: 1430 Basic stats: COMPLETE Column stats: NONE
 #### A masked pattern was here ####
                       table:
                           input format: org.apache.hadoop.mapred.TextInputFormat
@@ -800,11 +827,13 @@ STAGE PLANS:
             Map Operator Tree:
                 TableScan
                   alias: part
+                  Statistics: Num rows: 4 Data size: 2597 Basic stats: COMPLETE Column stats: NONE
                   GatherStats: false
                   Reduce Output Operator
                     key expressions: p_mfgr (type: string), p_name (type: string)
                     sort order: ++
                     Map-reduce partition columns: p_mfgr (type: string)
+                    Statistics: Num rows: 4 Data size: 2597 Basic stats: COMPLETE Column stats: NONE
                     tag: -1
                     value expressions: p_partkey (type: int), p_name (type: string), p_mfgr (type: string), p_brand (type: string), p_type (type: string), p_size (type: int), p_container (type: string), p_retailprice (type: double), p_comment (type: string), BLOCK__OFFSET__INSIDE__FILE (type: bigint), INPUT__FILE__NAME (type: string), ROW__ID (type: struct<transactionid:bigint,bucketid:int,rowid:bigint>)
                     auto parallelism: true
@@ -857,15 +886,19 @@ STAGE PLANS:
             Needs Tagging: false
             Reduce Operator Tree:
               Extract
+                Statistics: Num rows: 4 Data size: 2597 Basic stats: COMPLETE Column stats: NONE
                 PTF Operator
+                  Statistics: Num rows: 4 Data size: 2597 Basic stats: COMPLETE Column stats: NONE
                   Select Operator
                     expressions: _col2 (type: string), _col1 (type: string), _col5 (type: int)
                     outputColumnNames: _col0, _col1, _col2
+                    Statistics: Num rows: 4 Data size: 2597 Basic stats: COMPLETE Column stats: NONE
                     File Output Operator
                       compressed: false
                       GlobalTableId: 0
 #### A masked pattern was here ####
                       NumFilesPerFileSink: 1
+                      Statistics: Num rows: 4 Data size: 2597 Basic stats: COMPLETE Column stats: NONE
 #### A masked pattern was here ####
                       table:
                           input format: org.apache.hadoop.mapred.TextInputFormat
@@ -1047,11 +1080,13 @@ STAGE PLANS:
             Map Operator Tree:
                 TableScan
                   alias: part
+                  Statistics: Num rows: 4 Data size: 2597 Basic stats: COMPLETE Column stats: NONE
                   GatherStats: false
                   Reduce Output Operator
                     key expressions: p_mfgr (type: string), p_name (type: string)
                     sort order: ++
                     Map-reduce partition columns: p_mfgr (type: string)
+                    Statistics: Num rows: 4 Data size: 2597 Basic stats: COMPLETE Column stats: NONE
                     tag: -1
                     value expressions: p_partkey (type: int), p_name (type: string), p_mfgr (type: string), p_brand (type: string), p_type (type: string), p_size (type: int), p_container (type: string), p_retailprice (type: double), p_comment (type: string), BLOCK__OFFSET__INSIDE__FILE (type: bigint), INPUT__FILE__NAME (type: string), ROW__ID (type: struct<transactionid:bigint,bucketid:int,rowid:bigint>)
                     auto parallelism: true
@@ -1104,14 +1139,18 @@ STAGE PLANS:
             Needs Tagging: false
             Reduce Operator Tree:
               Extract
+                Statistics: Num rows: 4 Data size: 2597 Basic stats: COMPLETE Column stats: NONE
                 PTF Operator
+                  Statistics: Num rows: 4 Data size: 2597 Basic stats: COMPLETE Column stats: NONE
                   Select Operator
                     expressions: _col1 (type: string), _col2 (type: string), _col5 (type: int), _col7 (type: double)
                     outputColumnNames: _col1, _col2, _col5, _col7
+                    Statistics: Num rows: 4 Data size: 2597 Basic stats: COMPLETE Column stats: NONE
                     Reduce Output Operator
                       key expressions: _col2 (type: string), _col1 (type: string)
                       sort order: ++
                       Map-reduce partition columns: _col2 (type: string)
+                      Statistics: Num rows: 4 Data size: 2597 Basic stats: COMPLETE Column stats: NONE
                       tag: -1
                       value expressions: _col1 (type: string), _col2 (type: string), _col5 (type: int), _col7 (type: double)
                       auto parallelism: true
@@ -1119,15 +1158,19 @@ STAGE PLANS:
             Needs Tagging: false
             Reduce Operator Tree:
               Extract
+                Statistics: Num rows: 4 Data size: 2597 Basic stats: COMPLETE Column stats: NONE
                 PTF Operator
+                  Statistics: Num rows: 4 Data size: 2597 Basic stats: COMPLETE Column stats: NONE
                   Select Operator
                     expressions: _col2 (type: string), _col1 (type: string), _col5 (type: int), _wcol0 (type: int), _wcol1 (type: int), _wcol2 (type: double)
                     outputColumnNames: _col0, _col1, _col2, _col3, _col4, _col5
+                    Statistics: Num rows: 4 Data size: 2597 Basic stats: COMPLETE Column stats: NONE
                     File Output Operator
                       compressed: false
                       GlobalTableId: 0
 #### A masked pattern was here ####
                       NumFilesPerFileSink: 1
+                      Statistics: Num rows: 4 Data size: 2597 Basic stats: COMPLETE Column stats: NONE
 #### A masked pattern was here ####
                       table:
                           input format: org.apache.hadoop.mapred.TextInputFormat
@@ -1321,11 +1364,13 @@ STAGE PLANS:
             Map Operator Tree:
                 TableScan
                   alias: part
+                  Statistics: Num rows: 4 Data size: 2597 Basic stats: COMPLETE Column stats: NONE
                   GatherStats: false
                   Reduce Output Operator
                     key expressions: p_mfgr (type: string), p_name (type: string)
                     sort order: ++
                     Map-reduce partition columns: p_mfgr (type: string)
+                    Statistics: Num rows: 4 Data size: 2597 Basic stats: COMPLETE Column stats: NONE
                     tag: -1
                     value expressions: p_partkey (type: int), p_name (type: string), p_mfgr (type: string), p_brand (type: string), p_type (type: string), p_size (type: int), p_container (type: string), p_retailprice (type: double), p_comment (type: string), BLOCK__OFFSET__INSIDE__FILE (type: bigint), INPUT__FILE__NAME (type: string), ROW__ID (type: struct<transactionid:bigint,bucketid:int,rowid:bigint>)
                     auto parallelism: true
@@ -1378,14 +1423,18 @@ STAGE PLANS:
             Needs Tagging: false
             Reduce Operator Tree:
               Extract
+                Statistics: Num rows: 4 Data size: 2597 Basic stats: COMPLETE Column stats: NONE
                 PTF Operator
+                  Statistics: Num rows: 4 Data size: 2597 Basic stats: COMPLETE Column stats: NONE
                   Select Operator
                     expressions: _col1 (type: string), _col2 (type: string), _col5 (type: int)
                     outputColumnNames: _col1, _col2, _col5
+                    Statistics: Num rows: 4 Data size: 2597 Basic stats: COMPLETE Column stats: NONE
                     Reduce Output Operator
                       key expressions: _col2 (type: string), _col1 (type: string)
                       sort order: ++
                       Map-reduce partition columns: _col2 (type: string)
+                      Statistics: Num rows: 4 Data size: 2597 Basic stats: COMPLETE Column stats: NONE
                       tag: -1
                       value expressions: _col1 (type: string), _col2 (type: string), _col5 (type: int)
                       auto parallelism: true
@@ -1393,15 +1442,19 @@ STAGE PLANS:
             Needs Tagging: false
             Reduce Operator Tree:
               Extract
+                Statistics: Num rows: 4 Data size: 2597 Basic stats: COMPLETE Column stats: NONE
                 PTF Operator
+                  Statistics: Num rows: 4 Data size: 2597 Basic stats: COMPLETE Column stats: NONE
                   Select Operator
                     expressions: _col2 (type: string), _col1 (type: string), _col5 (type: int), _wcol0 (type: int), _wcol1 (type: int), _col5 (type: int), (_col5 - _wcol2) (type: int)
                     outputColumnNames: _col0, _col1, _col2, _col3, _col4, _col5, _col6
+                    Statistics: Num rows: 4 Data size: 2597 Basic stats: COMPLETE Column stats: NONE
                     File Output Operator
                       compressed: false
                       GlobalTableId: 0
 #### A masked pattern was here ####
                       NumFilesPerFileSink: 1
+                      Statistics: Num rows: 4 Data size: 2597 Basic stats: COMPLETE Column stats: NONE
 #### A masked pattern was here ####
                       table:
                           input format: org.apache.hadoop.mapred.TextInputFormat
@@ -1605,11 +1658,13 @@ STAGE PLANS:
             Map Operator Tree:
                 TableScan
                   alias: part
+                  Statistics: Num rows: 4 Data size: 2597 Basic stats: COMPLETE Column stats: NONE
                   GatherStats: false
                   Reduce Output Operator
                     key expressions: p_mfgr (type: string), p_name (type: string)
                     sort order: ++
                     Map-reduce partition columns: p_mfgr (type: string)
+                    Statistics: Num rows: 4 Data size: 2597 Basic stats: COMPLETE Column stats: NONE
                     tag: -1
                     value expressions: p_partkey (type: int), p_name (type: string), p_mfgr (type: string), p_brand (type: string), p_type (type: string), p_size (type: int), p_container (type: string), p_retailprice (type: double), p_comment (type: string), BLOCK__OFFSET__INSIDE__FILE (type: bigint), INPUT__FILE__NAME (type: string), ROW__ID (type: struct<transactionid:bigint,bucketid:int,rowid:bigint>)
                     auto parallelism: true
@@ -1662,18 +1717,23 @@ STAGE PLANS:
             Needs Tagging: false
             Reduce Operator Tree:
               Extract
+                Statistics: Num rows: 4 Data size: 2597 Basic stats: COMPLETE Column stats: NONE
                 PTF Operator
+                  Statistics: Num rows: 4 Data size: 2597 Basic stats: COMPLETE Column stats: NONE
                   Select Operator
                     expressions: _col2 (type: string), _col1 (type: string), _col5 (type: int)
                     outputColumnNames: _col2, _col1, _col5
+                    Statistics: Num rows: 4 Data size: 2597 Basic stats: COMPLETE Column stats: NONE
                     Group By Operator
                       keys: _col2 (type: string), _col1 (type: string), _col5 (type: int)
                       mode: hash
                       outputColumnNames: _col0, _col1, _col2
+                      Statistics: Num rows: 4 Data size: 2597 Basic stats: COMPLETE Column stats: NONE
                       Reduce Output Operator
                         key expressions: _col0 (type: string), _col1 (type: string), _col2 (type: int)
                         sort order: +++
                         Map-reduce partition columns: _col0 (type: string), _col1 (type: string), _col2 (type: int)
+                        Statistics: Num rows: 4 Data size: 2597 Basic stats: COMPLETE Column stats: NONE
                         tag: -1
                         auto parallelism: true
         Reducer 3 
@@ -1683,10 +1743,12 @@ STAGE PLANS:
                 keys: KEY._col0 (type: string), KEY._col1 (type: string), KEY._col2 (type: int)
                 mode: mergepartial
                 outputColumnNames: _col0, _col1, _col2
+                Statistics: Num rows: 4 Data size: 2597 Basic stats: COMPLETE Column stats: NONE
                 Reduce Output Operator
                   key expressions: _col0 (type: string), _col1 (type: string)
                   sort order: ++
                   Map-reduce partition columns: _col0 (type: string)
+                  Statistics: Num rows: 4 Data size: 2597 Basic stats: COMPLETE Column stats: NONE
                   tag: -1
                   value expressions: _col0 (type: string), _col1 (type: string), _col2 (type: int)
                   auto parallelism: true
@@ -1695,15 +1757,19 @@ STAGE PLANS:
             Needs Tagging: false
             Reduce Operator Tree:
               Extract
+                Statistics: Num rows: 4 Data size: 2597 Basic stats: COMPLETE Column stats: NONE
                 PTF Operator
+                  Statistics: Num rows: 4 Data size: 2597 Basic stats: COMPLETE Column stats: NONE
                   Select Operator
                     expressions: _col0 (type: string), _col1 (type: string), _col2 (type: int), _wcol0 (type: int), _wcol1 (type: int), _col2 (type: int), (_col2 - _wcol2) (type: int)
                     outputColumnNames: _col0, _col1, _col2, _col3, _col4, _col5, _col6
+                    Statistics: Num rows: 4 Data size: 2597 Basic stats: COMPLETE Column stats: NONE
                     File Output Operator
                       compressed: false
                       GlobalTableId: 0
 #### A masked pattern was here ####
                       NumFilesPerFileSink: 1
+                      Statistics: Num rows: 4 Data size: 2597 Basic stats: COMPLETE Column stats: NONE
 #### A masked pattern was here ####
                       table:
                           input format: org.apache.hadoop.mapred.TextInputFormat
@@ -1852,14 +1918,17 @@ STAGE PLANS:
             Map Operator Tree:
                 TableScan
                   alias: p1
+                  Statistics: Num rows: 649 Data size: 2597 Basic stats: COMPLETE Column stats: NONE
                   GatherStats: false
                   Filter Operator
                     isSamplingPred: false
                     predicate: p_partkey is not null (type: boolean)
+                    Statistics: Num rows: 325 Data size: 1300 Basic stats: COMPLETE Column stats: NONE
                     Reduce Output Operator
                       key expressions: p_partkey (type: int)
                       sort order: +
                       Map-reduce partition columns: p_partkey (type: int)
+                      Statistics: Num rows: 325 Data size: 1300 Basic stats: COMPLETE Column stats: NONE
                       tag: 1
                       auto parallelism: true
             Path -> Alias:
@@ -1912,11 +1981,13 @@ STAGE PLANS:
             Map Operator Tree:
                 TableScan
                   alias: part
+                  Statistics: Num rows: 4 Data size: 2597 Basic stats: COMPLETE Column stats: NONE
                   GatherStats: false
                   Reduce Output Operator
                     key expressions: p_mfgr (type: string), p_name (type: string)
                     sort order: ++
                     Map-reduce partition columns: p_mfgr (type: string)
+                    Statistics: Num rows: 4 Data size: 2597 Basic stats: COMPLETE Column stats: NONE
                     tag: -1
                     value expressions: p_partkey (type: int), p_name (type: string), p_mfgr (type: string), p_brand (type: string), p_type (type: string), p_size (type: int), p_container (type: string), p_retailprice (type: double), p_comment (type: string), BLOCK__OFFSET__INSIDE__FILE (type: bigint), INPUT__FILE__NAME (type: string), ROW__ID (type: struct<transactionid:bigint,bucketid:int,rowid:bigint>)
                     auto parallelism: true
@@ -1975,14 +2046,17 @@ STAGE PLANS:
                   0 {KEY.reducesinkkey0} {VALUE._col0} {VALUE._col1} {VALUE._col2} {VALUE._col3} {VALUE._col4} {VALUE._col5} {VALUE._col6} {VALUE._col7}
                   1 
                 outputColumnNames: _col0, _col1, _col2, _col3, _col4, _col5, _col6, _col7, _col8
+                Statistics: Num rows: 357 Data size: 1430 Basic stats: COMPLETE Column stats: NONE
                 Select Operator
                   expressions: _col0 (type: int), _col1 (type: string), _col2 (type: string), _col3 (type: string), _col4 (type: string), _col5 (type: int), _col6 (type: string), _col7 (type: double), _col8 (type: string)
                   outputColumnNames: _col0, _col1, _col2, _col3, _col4, _col5, _col6, _col7, _col8
+                  Statistics: Num rows: 357 Data size: 1430 Basic stats: COMPLETE Column stats: NONE
                   File Output Operator
                     compressed: false
                     GlobalTableId: 0
 #### A masked pattern was here ####
                     NumFilesPerFileSink: 1
+                    Statistics: Num rows: 357 Data size: 1430 Basic stats: COMPLETE Column stats: NONE
 #### A masked pattern was here ####
                     table:
                         input format: org.apache.hadoop.mapred.TextInputFormat
@@ -2002,17 +2076,22 @@ STAGE PLANS:
             Needs Tagging: false
             Reduce Operator Tree:
               Extract
+                Statistics: Num rows: 4 Data size: 2597 Basic stats: COMPLETE Column stats: NONE
                 PTF Operator
+                  Statistics: Num rows: 4 Data size: 2597 Basic stats: COMPLETE Column stats: NONE
                   Select Operator
                     expressions: _col0 (type: int), _col1 (type: string), _col2 (type: string), _col3 (type: string), _col4 (type: string), _col5 (type: int), _col6 (type: string), _col7 (type: double), _col8 (type: string)
                     outputColumnNames: _col0, _col1, _col2, _col3, _col4, _col5, _col6, _col7, _col8
+                    Statistics: Num rows: 4 Data size: 2597 Basic stats: COMPLETE Column stats: NONE
                     Filter Operator
                       isSamplingPred: false
                       predicate: _col0 is not null (type: boolean)
+                      Statistics: Num rows: 2 Data size: 1298 Basic stats: COMPLETE Column stats: NONE
                       Reduce Output Operator
                         key expressions: _col0 (type: int)
                         sort order: +
                         Map-reduce partition columns: _col0 (type: int)
+                        Statistics: Num rows: 2 Data size: 1298 Basic stats: COMPLETE Column stats: NONE
                         tag: 0
                         value expressions: _col1 (type: string), _col2 (type: string), _col3 (type: string), _col4 (type: string), _col5 (type: int), _col6 (type: string), _col7 (type: double), _col8 (type: string)
                         auto parallelism: true
@@ -2144,14 +2223,17 @@ STAGE PLANS:
             Map Operator Tree:
                 TableScan
                   alias: p1
+                  Statistics: Num rows: 649 Data size: 2597 Basic stats: COMPLETE Column stats: NONE
                   GatherStats: false
                   Filter Operator
                     isSamplingPred: false
                     predicate: p_partkey is not null (type: boolean)
+                    Statistics: Num rows: 325 Data size: 1300 Basic stats: COMPLETE Column stats: NONE
                     Reduce Output Operator
                       key expressions: p_partkey (type: int)
                       sort order: +
                       Map-reduce partition columns: p_partkey (type: int)
+                      Statistics: Num rows: 325 Data size: 1300 Basic stats: COMPLETE Column stats: NONE
                       tag: 0
                       auto parallelism: true
             Path -> Alias:
@@ -2204,11 +2286,13 @@ STAGE PLANS:
             Map Operator Tree:
                 TableScan
                   alias: part
+                  Statistics: Num rows: 4 Data size: 2597 Basic stats: COMPLETE Column stats: NONE
                   GatherStats: false
                   Reduce Output Operator
                     key expressions: p_mfgr (type: string), p_name (type: string)
                     sort order: ++
                     Map-reduce partition columns: p_mfgr (type: string)
+                    Statistics: Num rows: 4 Data size: 2597 Basic stats: COMPLETE Column stats: NONE
                     tag: -1
                     value expressions: p_partkey (type: int), p_name (type: string), p_mfgr (type: string), p_brand (type: string), p_type (type: string), p_size (type: int), p_container (type: string), p_retailprice (type: double), p_comment (type: string), BLOCK__OFFSET__INSIDE__FILE (type: bigint), INPUT__FILE__NAME (type: string), ROW__ID (type: struct<transactionid:bigint,bucketid:int,rowid:bigint>)
                     auto parallelism: true
@@ -2267,14 +2351,17 @@ STAGE PLANS:
                   0 
                   1 {KEY.reducesinkkey0} {VALUE._col0} {VALUE._col1} {VALUE._col2} {VALUE._col3} {VALUE._col4} {VALUE._col5} {VALUE._col6} {VALUE._col7}
                 outputColumnNames: _col12, _col13, _col14, _col15, _col16, _col17, _col18, _col19, _col20
+                Statistics: Num rows: 357 Data size: 1430 Basic stats: COMPLETE Column stats: NONE
                 Select Operator
                   expressions: _col12 (type: int), _col13 (type: string), _col14 (type: string), _col15 (type: string), _col16 (type: string), _col17 (type: int), _col18 (type: string), _col19 (type: double), _col20 (type: string)
                   outputColumnNames: _col0, _col1, _col2, _col3, _col4, _col5, _col6, _col7, _col8
+                  Statistics: Num rows: 357 Data size: 1430 Basic stats: COMPLETE Column stats: NONE
                   File Output Operator
                     compressed: false
                     GlobalTableId: 0
 #### A masked pattern was here ####
                     NumFilesPerFileSink: 1
+                    Statistics: Num rows: 357 Data size: 1430 Basic stats: COMPLETE Column stats: NONE
 #### A masked pattern was here ####
                     table:
                         input format: org.apache.hadoop.mapred.TextInputFormat
@@ -2294,17 +2381,22 @@ STAGE PLANS:
             Needs Tagging: false
             Reduce Operator Tree:
               Extract
+                Statistics: Num rows: 4 Data size: 2597 Basic stats: COMPLETE Column stats: NONE
                 PTF Operator
+                  Statistics: Num rows: 4 Data size: 2597 Basic stats: COMPLETE Column stats: NONE
                   Select Operator
                     expressions: _col0 (type: int), _col1 (type: string), _col2 (type: string), _col3 (type: string), _col4 (type: string), _col5 (type: int), _col6 (type: string), _col7 (type: double), _col8 (type: string)
                     outputColumnNames: _col0, _col1, _col2, _col3, _col4, _col5, _col6, _col7, _col8
+                    Statistics: Num rows: 4 Data size: 2597 Basic stats: COMPLETE Column stats: NONE
                     Filter Operator
                       isSamplingPred: false
                       predicate: _col0 is not null (type: boolean)
+                      Statistics: Num rows: 2 Data size: 1298 Basic stats: COMPLETE Column stats: NONE
                       Reduce Output Operator
                         key expressions: _col0 (type: int)
                         sort order: +
                         Map-reduce partition columns: _col0 (type: int)
+                        Statistics: Num rows: 2 Data size: 1298 Basic stats: COMPLETE Column stats: NONE
                         tag: 1
                         value expressions: _col1 (type: string), _col2 (type: string), _col3 (type: string), _col4 (type: string), _col5 (type: int), _col6 (type: string), _col7 (type: double), _col8 (type: string)
                         auto parallelism: true
@@ -2445,12 +2537,15 @@ STAGE PLANS:
             Map Operator Tree:
                 TableScan
                   alias: part
+                  Statistics: Num rows: 4 Data size: 2597 Basic stats: COMPLETE Column stats: NONE
                   GatherStats: false
                   PTF Operator
+                    Statistics: Num rows: 4 Data size: 2597 Basic stats: COMPLETE Column stats: NONE
                     Reduce Output Operator
                       key expressions: p_mfgr (type: string), p_name (type: string), p_size (type: int)
                       sort order: ++-
                       Map-reduce partition columns: p_mfgr (type: string)
+                      Statistics: Num rows: 4 Data size: 2597 Basic stats: COMPLETE Column stats: NONE
                       tag: -1
                       value expressions: p_partkey (type: int), p_name (type: string), p_mfgr (type: string), p_brand (type: string), p_type (type: string), p_size (type: int), p_container (type: string), p_retailprice (type: double), p_comment (type: string), BLOCK__OFFSET__INSIDE__FILE (type: bigint), INPUT__FILE__NAME (type: string), ROW__ID (type: struct<transactionid:bigint,bucketid:int,rowid:bigint>)
                       auto parallelism: true
@@ -2503,14 +2598,18 @@ STAGE PLANS:
             Needs Tagging: false
             Reduce Operator Tree:
               Extract
+                Statistics: Num rows: 4 Data size: 2597 Basic stats: COMPLETE Column stats: NONE
                 PTF Operator
+                  Statistics: Num rows: 4 Data size: 2597 Basic stats: COMPLETE Column stats: NONE
                   Select Operator
                     expressions: _col1 (type: string), _col2 (type: string), _col5 (type: int)
                     outputColumnNames: _col1, _col2, _col5
+                    Statistics: Num rows: 4 Data size: 2597 Basic stats: COMPLETE Column stats: NONE
                     Reduce Output Operator
                       key expressions: _col2 (type: string), _col1 (type: string), _col5 (type: int)
                       sort order: ++-
                       Map-reduce partition columns: _col2 (type: string)
+                      Statistics: Num rows: 4 Data size: 2597 Basic stats: COMPLETE Column stats: NONE
                       tag: -1
                       value expressions: _col1 (type: string), _col2 (type: string), _col5 (type: int)
                       auto parallelism: true
@@ -2518,15 +2617,19 @@ STAGE PLANS:
             Needs Tagging: false
             Reduce Operator Tree:
               Extract
+                Statistics: Num rows: 4 Data size: 2597 Basic stats: COMPLETE Column stats: NONE
                 PTF Operator
+                  Statistics: Num rows: 4 Data size: 2597 Basic stats: COMPLETE Column stats: NONE
                   Select Operator
                     expressions: _col2 (type: string), _col1 (type: string), _col5 (type: int), _wcol0 (type: int)
                     outputColumnNames: _col0, _col1, _col2, _col3
+                    Statistics: Num rows: 4 Data size: 2597 Basic stats: COMPLETE Column stats: NONE
                     File Output Operator
                       compressed: false
                       GlobalTableId: 0
 #### A masked pattern was here ####
                       NumFilesPerFileSink: 1
+                      Statistics: Num rows: 4 Data size: 2597 Basic stats: COMPLETE Column stats: NONE
 #### A masked pattern was here ####
                       table:
                           input format: org.apache.hadoop.mapred.TextInputFormat
@@ -2707,12 +2810,15 @@ STAGE PLANS:
             Map Operator Tree:
                 TableScan
                   alias: part
+                  Statistics: Num rows: 4 Data size: 2597 Basic stats: COMPLETE Column stats: NONE
                   GatherStats: false
                   PTF Operator
+                    Statistics: Num rows: 4 Data size: 2597 Basic stats: COMPLETE Column stats: NONE
                     Reduce Output Operator
                       key expressions: p_mfgr (type: string), p_name (type: string)
                       sort order: ++
                       Map-reduce partition columns: p_mfgr (type: string)
+                      Statistics: Num rows: 4 Data size: 2597 Basic stats: COMPLETE Column stats: NONE
                       tag: -1
                       value expressions: p_partkey (type: int), p_name (type: string), p_mfgr (type: string), p_brand (type: string), p_type (type: string), p_size (type: int), p_container (type: string), p_retailprice (type: double), p_comment (type: string), BLOCK__OFFSET__INSIDE__FILE (type: bigint), INPUT__FILE__NAME (type: string), ROW__ID (type: struct<transactionid:bigint,bucketid:int,rowid:bigint>)
                       auto parallelism: true
@@ -2765,14 +2871,18 @@ STAGE PLANS:
             Needs Tagging: false
             Reduce Operator Tree:
               Extract
+                Statistics: Num rows: 4 Data size: 2597 Basic stats: COMPLETE Column stats: NONE
                 PTF Operator
+                  Statistics: Num rows: 4 Data size: 2597 Basic stats: COMPLETE Column stats: NONE
                   Select Operator
                     expressions: _col1 (type: string), _col2 (type: string), _col5 (type: int), _col7 (type: double)
                     outputColumnNames: _col1, _col2, _col5, _col7
+                    Statistics: Num rows: 4 Data size: 2597 Basic stats: COMPLETE Column stats: NONE
                     Reduce Output Operator
                       key expressions: _col2 (type: string), _col1 (type: string)
                       sort order: ++
                       Map-reduce partition columns: _col2 (type: string)
+                      Statistics: Num rows: 4 Data size: 2597 Basic stats: COMPLETE Column stats: NONE
                       tag: -1
                       value expressions: _col1 (type: string), _col2 (type: string), _col5 (type: int), _col7 (type: double)
                       auto parallelism: true
@@ -2780,15 +2890,19 @@ STAGE PLANS:
             Needs Tagging: false
             Reduce Operator Tree:
               Extract
+                Statistics: Num rows: 4 Data size: 2597 Basic stats: COMPLETE Column stats: NONE
                 PTF Operator
+                  Statistics: Num rows: 4 Data size: 2597 Basic stats: COMPLETE Column stats: NONE
                   Select Operator
                     expressions: _col2 (type: string), _col1 (type: string), _col5 (type: int), _wcol0 (type: int), _wcol1 (type: int), _wcol2 (type: double)
                     outputColumnNames: _col0, _col1, _col2, _col3, _col4, _col5
+                    Statistics: Num rows: 4 Data size: 2597 Basic stats: COMPLETE Column stats: NONE
                     File Output Operator
                       compressed: false
                       GlobalTableId: 0
 #### A masked pattern was here ####
                       NumFilesPerFileSink: 1
+                      Statistics: Num rows: 4 Data size: 2597 Basic stats: COMPLETE Column stats: NONE
 #### A masked pattern was here ####
                       table:
                           input format: org.apache.hadoop.mapred.TextInputFormat
@@ -2973,11 +3087,13 @@ STAGE PLANS:
             Map Operator Tree:
                 TableScan
                   alias: part
+                  Statistics: Num rows: 4 Data size: 2597 Basic stats: COMPLETE Column stats: NONE
                   GatherStats: false
                   Reduce Output Operator
                     key expressions: p_mfgr (type: string), p_name (type: string)
                     sort order: ++
                     Map-reduce partition columns: p_mfgr (type: string)
+                    Statistics: Num rows: 4 Data size: 2597 Basic stats: COMPLETE Column stats: NONE
                     tag: -1
                     value expressions: p_partkey (type: int), p_name (type: string), p_mfgr (type: string), p_brand (type: string), p_type (type: string), p_size (type: int), p_container (type: string), p_retailprice (type: double), p_comment (type: string), BLOCK__OFFSET__INSIDE__FILE (type: bigint), INPUT__FILE__NAME (type: string), ROW__ID (type: struct<transactionid:bigint,bucketid:int,rowid:bigint>)
                     auto parallelism: true
@@ -3030,14 +3146,18 @@ STAGE PLANS:
             Needs Tagging: false
             Reduce Operator Tree:
               Extract
+                Statistics: Num rows: 4 Data size: 2597 Basic stats: COMPLETE Column stats: NONE
                 PTF Operator
+                  Statistics: Num rows: 4 Data size: 2597 Basic stats: COMPLETE Column stats: NONE
                   Select Operator
                     expressions: _col1 (type: string), _col2 (type: string), _col5 (type: int), _col7 (type: double)
                     outputColumnNames: _col1, _col2, _col5, _col7
+                    Statistics: Num rows: 4 Data size: 2597 Basic stats: COMPLETE Column stats: NONE
                     Reduce Output Operator
                       key expressions: _col2 (type: string), _col1 (type: string)
                       sort order: ++
                       Map-reduce partition columns: _col2 (type: string)
+                      Statistics: Num rows: 4 Data size: 2597 Basic stats: COMPLETE Column stats: NONE
                       tag: -1
                       value expressions: _col1 (type: string), _col2 (type: string), _col5 (type: int), _col7 (type: double)
                       auto parallelism: true
@@ -3045,15 +3165,19 @@ STAGE PLANS:
             Needs Tagging: false
             Reduce Operator Tree:
               Extract
+                Statistics: Num rows: 4 Data size: 2597 Basic stats: COMPLETE Column stats: NONE
                 PTF Operator
+                  Statistics: Num rows: 4 Data size: 2597 Basic stats: COMPLETE Column stats: NONE
                   Select Operator
                     expressions: _col2 (type: string), _col1 (type: string), _col5 (type: int), _wcol0 (type: int), _wcol1 (type: int), _wcol2 (type: double)
                     outputColumnNames: _col0, _col1, _col2, _col3, _col4, _col5
+                    Statistics: Num rows: 4 Data size: 2597 Basic stats: COMPLETE Column stats: NONE
                     File Output Operator
                       compressed: false
                       GlobalTableId: 0
 #### A masked pattern was here ####
                       NumFilesPerFileSink: 1
+                      Statistics: Num rows: 4 Data size: 2597 Basic stats: COMPLETE Column stats: NONE
 #### A masked pattern was here ####
                       table:
                           input format: org.apache.hadoop.mapred.TextInputFormat
@@ -3248,11 +3372,13 @@ STAGE PLANS:
             Map Operator Tree:
                 TableScan
                   alias: part
+                  Statistics: Num rows: 4 Data size: 2597 Basic stats: COMPLETE Column stats: NONE
                   GatherStats: false
                   Reduce Output Operator
                     key expressions: p_mfgr (type: string), p_mfgr (type: string), p_name (type: string)
                     sort order: +++
                     Map-reduce partition columns: p_mfgr (type: string)
+                    Statistics: Num rows: 4 Data size: 2597 Basic stats: COMPLETE Column stats: NONE
                     tag: -1
                     value expressions: p_partkey (type: int), p_name (type: string), p_mfgr (type: string), p_brand (type: string), p_type (type: string), p_size (type: int), p_container (type: string), p_retailprice (type: double), p_comment (type: string), BLOCK__OFFSET__INSIDE__FILE (type: bigint), INPUT__FILE__NAME (type: string), ROW__ID (type: struct<transactionid:bigint,bucketid:int,rowid:bigint>)
                     auto parallelism: true
@@ -3305,12 +3431,16 @@ STAGE PLANS:
             Needs Tagging: false
             Reduce Operator Tree:
               Extract
+                Statistics: Num rows: 4 Data size: 2597 Basic stats: COMPLETE Column stats: NONE
                 PTF Operator
+                  Statistics: Num rows: 4 Data size: 2597 Basic stats: COMPLETE Column stats: NONE
                   PTF Operator
+                    Statistics: Num rows: 4 Data size: 2597 Basic stats: COMPLETE Column stats: NONE
                     Reduce Output Operator
                       key expressions: _col2 (type: string), _col2 (type: string), _col1 (type: string)
                       sort order: +++
                       Map-reduce partition columns: _col2 (type: string)
+                      Statistics: Num rows: 4 Data size: 2597 Basic stats: COMPLETE Column stats: NONE
                       tag: -1
                       value expressions: _col0 (type: int), _col1 (type: string), _col2 (type: string), _col3 (type: string), _col4 (type: string), _col5 (type: int), _col6 (type: string), _col7 (type: double), _col8 (type: string), _col9 (type: bigint), _col10 (type: string), _col11 (type: struct<transactionid:bigint,bucketid:int,rowid:bigint>)
                       auto parallelism: true
@@ -3318,14 +3448,18 @@ STAGE PLANS:
             Needs Tagging: false
             Reduce Operator Tree:
               Extract
+                Statistics: Num rows: 4 Data size: 2597 Basic stats: COMPLETE Column stats: NONE
                 PTF Operator
+                  Statistics: Num rows: 4 Data size: 2597 Basic stats: COMPLETE Column stats: NONE
                   Select Operator
                     expressions: _col1 (type: string), _col2 (type: string), _col5 (type: int), _col7 (type: double)
                     outputColumnNames: _col1, _col2, _col5, _col7
+                    Statistics: Num rows: 4 Data size: 2597 Basic stats: COMPLETE Column stats: NONE
                     Reduce Output Operator
                       key expressions: _col2 (type: string), _col1 (type: string)
                       sort order: ++
                       Map-reduce partition columns: _col2 (type: string)
+                      Statistics: Num rows: 4 Data size: 2597 Basic stats: COMPLETE Column stats: NONE
                       tag: -1
                       value expressions: _col1 (type: string), _col2 (type: string), _col5 (type: int), _col7 (type: double)
                       auto parallelism: true
@@ -3333,15 +3467,19 @@ STAGE PLANS:
             Needs Tagging: false
             Reduce Operator Tree:
               Extract
+                Statistics: Num rows: 4 Data size: 2597 Basic stats: COMPLETE Column stats: NONE
                 PTF Operator
+                  Statistics: Num rows: 4 Data size: 2597 Basic stats: COMPLETE Column stats: NONE
                   Select Operator
                     expressions: _col2 (type: string), _col1 (type: string), _col5 (type: int), _wcol0 (type: int), _wcol1 (type: int), _wcol2 (type: double)
                     outputColumnNames: _col0, _col1, _col2, _col3, _col4, _col5
+                    Statistics: Num rows: 4 Data size: 2597 Basic stats: COMPLETE Column stats: NONE
                     File Output Operator
                       compressed: false
                       GlobalTableId: 0
 #### A masked pattern was here ####
                       NumFilesPerFileSink: 1
+                      Statistics: Num rows: 4 Data size: 2597 Basic stats: COMPLETE Column stats: NONE
 #### A masked pattern was here ####
                       table:
                           input format: org.apache.hadoop.mapred.TextInputFormat
@@ -3556,11 +3694,13 @@ STAGE PLANS:
             Map Operator Tree:
                 TableScan
                   alias: part
+                  Statistics: Num rows: 4 Data size: 2597 Basic stats: COMPLETE Column stats: NONE
                   GatherStats: false
                   Reduce Output Operator
                     key expressions: p_mfgr (type: string), p_name (type: string)
                     sort order: ++
                     Map-reduce partition columns: p_mfgr (type: string)
+                    Statistics: Num rows: 4 Data size: 2597 Basic stats: COMPLETE Column stats: NONE
                     tag: -1
                     value expressions: p_partkey (type: int), p_name (type: string), p_mfgr (type: string), p_brand (type: string), p_type (type: string), p_size (type: int), p_container (type: string), p_retailprice (type: double), p_comment (type: string), BLOCK__OFFSET__INSIDE__FILE (type: bigint), INPUT__FILE__NAME (type: string), ROW__ID (type: struct<transactionid:bigint,bucketid:int,rowid:bigint>)
                     auto parallelism: true
@@ -3613,14 +3753,18 @@ STAGE PLANS:
             Needs Tagging: false
             Reduce Operator Tree:
               Extract
+                Statistics: Num rows: 4 Data size: 2597 Basic stats: COMPLETE Column stats: NONE
                 PTF Operator
+                  Statistics: Num rows: 4 Data size: 2597 Basic stats: COMPLETE Column stats: NONE
                   Select Operator
                     expressions: _col1 (type: string), _col2 (type: string), _col5 (type: int), _col7 (type: double)
                     outputColumnNames: _col1, _col2, _col5, _col7
+                    Statistics: Num rows: 4 Data size: 2597 Basic stats: COMPLETE Column stats: NONE
                     Reduce Output Operator
                       key expressions: _col2 (type: string), _col1 (type: string)
                       sort order: ++
                       Map-reduce partition columns: _col2 (type: string)
+                      Statistics: Num rows: 4 Data size: 2597 Basic stats: COMPLETE Column stats: NONE
                       tag: -1
                       value expressions: _col1 (type: string), _col2 (type: string), _col5 (type: int), _col7 (type: double)
                       auto parallelism: true
@@ -3628,15 +3772,19 @@ STAGE PLANS:
             Needs Tagging: false
             Reduce Operator Tree:
               Extract
+                Statistics: Num rows: 4 Data size: 2597 Basic stats: COMPLETE Column stats: NONE
                 PTF Operator
+                  Statistics: Num rows: 4 Data size: 2597 Basic stats: COMPLETE Column stats: NONE
                   Select Operator
                     expressions: _col2 (type: string), _col1 (type: string), _wcol0 (type: bigint), _wcol1 (type: double)
                     outputColumnNames: _col0, _col1, _col2, _col3
+                    Statistics: Num rows: 4 Data size: 2597 Basic stats: COMPLETE Column stats: NONE
                     File Output Operator
                       compressed: false
                       GlobalTableId: 0
 #### A masked pattern was here ####
                       NumFilesPerFileSink: 1
+                      Statistics: Num rows: 4 Data size: 2597 Basic stats: COMPLETE Column stats: NONE
 #### A masked pattern was here ####
                       table:
                           input format: org.apache.hadoop.mapred.TextInputFormat
@@ -3928,14 +4076,17 @@ STAGE PLANS:
             Map Operator Tree:
                 TableScan
                   alias: p1
+                  Statistics: Num rows: 649 Data size: 2597 Basic stats: COMPLETE Column stats: NONE
                   GatherStats: false
                   Filter Operator
                     isSamplingPred: false
                     predicate: p_partkey is not null (type: boolean)
+                    Statistics: Num rows: 325 Data size: 1300 Basic stats: COMPLETE Column stats: NONE
                     Reduce Output Operator
                       key expressions: p_partkey (type: int)
                       sort order: +
                       Map-reduce partition columns: p_partkey (type: int)
+                      Statistics: Num rows: 325 Data size: 1300 Basic stats: COMPLETE Column stats: NONE
                       tag: 1
                       auto parallelism: true
             Path -> Alias:
@@ -3988,11 +4139,13 @@ STAGE PLANS:
             Map Operator Tree:
                 TableScan
                   alias: part
+                  Statistics: Num rows: 4 Data size: 2597 Basic stats: COMPLETE Column stats: NONE
                   GatherStats: false
                   Reduce Output Operator
                     key expressions: p_mfgr (type: string), p_name (type: string)
                     sort order: ++
                     Map-reduce partition columns: p_mfgr (type: string)
+                    Statistics: Num rows: 4 Data size: 2597 Basic stats: COMPLETE Column stats: NONE
                     tag: -1
                     value expressions: p_partkey (type: int), p_name (type: string), p_mfgr (type: string), p_brand (type: string), p_type (type: string), p_size (type: int), p_container (type: string), p_retailprice (type: double), p_comment (type: string), BLOCK__OFFSET__INSIDE__FILE (type: bigint), INPUT__FILE__NAME (type: string), ROW__ID (type: struct<transactionid:bigint,bucketid:int,rowid:bigint>)
                     auto parallelism: true
@@ -4051,10 +4204,12 @@ STAGE PLANS:
                   0 {VALUE._col0} {VALUE._col1} {VALUE._col4} {VALUE._col6}
                   1 
                 outputColumnNames: _col1, _col2, _col5, _col7
+                Statistics: Num rows: 357 Data size: 1430 Basic stats: COMPLETE Column stats: NONE
                 Reduce Output Operator
                   key expressions: _col2 (type: string), _col1 (type: string)
                   sort order: ++
                   Map-reduce partition columns: _col2 (type: string)
+                  Statistics: Num rows: 357 Data size: 1430 Basic stats: COMPLETE Column stats: NONE
                   tag: -1
                   value expressions: _col1 (type: string), _col2 (type: string), _col5 (type: int), _col7 (type: double)
                   auto parallelism: true
@@ -4062,15 +4217,19 @@ STAGE PLANS:
             Needs Tagging: false
             Reduce Operator Tree:
               Extract
+                Statistics: Num rows: 357 Data size: 1430 Basic stats: COMPLETE Column stats: NONE
                 PTF Operator
+                  Statistics: Num rows: 357 Data size: 1430 Basic stats: COMPLETE Column stats: NONE
                   Select Operator
                     expressions: _col2 (type: string), _col1 (type: string), _wcol0 (type: int), _wcol1 (type: int), _wcol2 (type: bigint), _col7 (type: double), _wcol3 (type: double), _col5 (type: int), (_col5 - _wcol4) (type: int)
                     outputColumnNames: _col0, _col1, _col2, _col3, _col4, _col5, _col6, _col7, _col8
+                    Statistics: Num rows: 357 Data size: 1430 Basic stats: COMPLETE Column stats: NONE
                     File Output Operator
                       compressed: false
                       GlobalTableId: 0
 #### A masked pattern was here ####
                       NumFilesPerFileSink: 1
+                      Statistics: Num rows: 357 Data size: 1430 Basic stats: COMPLETE Column stats: NONE
 #### A masked pattern was here ####
                       table:
                           input format: org.apache.hadoop.mapred.TextInputFormat
@@ -4090,17 +4249,22 @@ STAGE PLANS:
             Needs Tagging: false
             Reduce Operator Tree:
               Extract
+                Statistics: Num rows: 4 Data size: 2597 Basic stats: COMPLETE Column stats: NONE
                 PTF Operator
+                  Statistics: Num rows: 4 Data size: 2597 Basic stats: COMPLETE Column stats: NONE
                   Select Operator
                     expressions: _col0 (type: int), _col1 (type: string), _col2 (type: string), _col5 (type: int), _col7 (type: double)
                     outputColumnNames: _col0, _col1, _col2, _col5, _col7
+                    Statistics: Num rows: 4 Data size: 2597 Basic stats: COMPLETE Column stats: NONE
                     Filter Operator
                       isSamplingPred: false
                       predicate: _col0 is not null (type: boolean)
+                      Statistics: Num rows: 2 Data size: 1298 Basic stats: COMPLETE Column stats: NONE
                       Reduce Output Operator
                         key expressions: _col0 (type: int)
                         sort order: +
                         Map-reduce partition columns: _col0 (type: int)
+                        Statistics: Num rows: 2 Data size: 1298 Basic stats: COMPLETE Column stats: NONE
                         tag: 0
                         value expressions: _col1 (type: string), _col2 (type: string), _col5 (type: int), _col7 (type: double)
                         auto parallelism: true
@@ -4230,11 +4394,13 @@ STAGE PLANS:
             Map Operator Tree:
                 TableScan
                   alias: part
+                  Statistics: Num rows: 4 Data size: 2597 Basic stats: COMPLETE Column stats: NONE
                   GatherStats: false
                   Reduce Output Operator
                     key expressions: p_mfgr (type: string), p_name (type: string)
                     sort order: ++
                     Map-reduce partition columns: p_mfgr (type: string)
+                    Statistics: Num rows: 4 Data size: 2597 Basic stats: COMPLETE Column stats: NONE
                     tag: -1
                     value expressions: p_partkey (type: int), p_name (type: string), p_mfgr (type: string), p_brand (type: string), p_type (type: string), p_size (type: int), p_container (type: string), p_retailprice (type: double), p_comment (type: string), BLOCK__OFFSET__INSIDE__FILE (type: bigint), INPUT__FILE__NAME (type: string), ROW__ID (type: struct<transactionid:bigint,bucketid:int,rowid:bigint>)
                     auto parallelism: true
@@ -4287,18 +4453,23 @@ STAGE PLANS:
             Needs Tagging: false
             Reduce Operator Tree:
               Extract
+                Statistics: Num rows: 4 Data size: 2597 Basic stats: COMPLETE Column stats: NONE
                 PTF Operator
+                  Statistics: Num rows: 4 Data size: 2597 Basic stats: COMPLETE Column stats: NONE
                   Select Operator
                     expressions: _col2 (type: string), _col1 (type: string), _col5 (type: int)
                     outputColumnNames: _col2, _col1, _col5
+                    Statistics: Num rows: 4 Data size: 2597 Basic stats: COMPLETE Column stats: NONE
                     Group By Operator
                       keys: _col2 (type: string), _col1 (type: string), _col5 (type: int)
                       mode: hash
                       outputColumnNames: _col0, _col1, _col2
+                      Statistics: Num rows: 4 Data size: 2597 Basic stats: COMPLETE Column stats: NONE
                       Reduce Output Operator
                         key expressions: _col0 (type: string), _col1 (type: string), _col2 (type: int)
                         sort order: +++
                         Map-reduce partition columns: _col0 (type: string), _col1 (type: string), _col2 (type: int)
+                        Statistics: Num rows: 4 Data size: 2597 Basic stats: COMPLETE Column stats: NONE
                         tag: -1
                         auto parallelism: true
         Reducer 3 
@@ -4308,14 +4479,17 @@ STAGE PLANS:
                 keys: KEY._col0 (type: string), KEY._col1 (type: string), KEY._col2 (type: int)
                 mode: mergepartial
                 outputColumnNames: _col0, _col1, _col2
+                Statistics: Num rows: 2 Data size: 1298 Basic stats: COMPLETE Column stats: NONE
                 Select Operator
                   expressions: _col0 (type: string), _col1 (type: string), _col2 (type: int)
                   outputColumnNames: _col0, _col1, _col2
+                  Statistics: Num rows: 2 Data size: 1298 Basic stats: COMPLETE Column stats: NONE
                   File Output Operator
                     compressed: false
                     GlobalTableId: 0
 #### A masked pattern was here ####
                     NumFilesPerFileSink: 1
+                    Statistics: Num rows: 2 Data size: 1298 Basic stats: COMPLETE Column stats: NONE
 #### A masked pattern was here ####
                     table:
                         input format: org.apache.hadoop.mapred.TextInputFormat
@@ -4488,19 +4662,23 @@ STAGE PLANS:
             Map Operator Tree:
                 TableScan
                   alias: part
+                  Statistics: Num rows: 12 Data size: 2597 Basic stats: COMPLETE Column stats: NONE
                   GatherStats: false
                   Select Operator
                     expressions: p_mfgr (type: string), p_brand (type: string), p_retailprice (type: double)
                     outputColumnNames: p_mfgr, p_brand, p_retailprice
+                    Statistics: Num rows: 12 Data size: 2597 Basic stats: COMPLETE Column stats: NONE
                     Group By Operator
                       aggregations: sum(p_retailprice)
                       keys: p_mfgr (type: string), p_brand (type: string)
                       mode: hash
                       outputColumnNames: _col0, _col1, _col2
+                      Statistics: Num rows: 12 Data size: 2597 Basic stats: COMPLETE Column stats: NONE
                       Reduce Output Operator
                         key expressions: _col0 (type: string), _col1 (type: string)
                         sort order: ++
                         Map-reduce partition columns: _col0 (type: string), _col1 (type: string)
+                        Statistics: Num rows: 12 Data size: 2597 Basic stats: COMPLETE Column stats: NONE
                         tag: -1
                         value expressions: _col2 (type: double)
                         auto parallelism: true
@@ -4558,13 +4736,16 @@ STAGE PLANS:
                 keys: KEY._col0 (type: string), KEY._col1 (type: string)
                 mode: mergepartial
                 outputColumnNames: _col0, _col1, _col2
+                Statistics: Num rows: 6 Data size: 1298 Basic stats: COMPLETE Column stats: NONE
                 Select Operator
                   expressions: _col0 (type: string), _col1 (type: string), _col2 (type: double)
                   outputColumnNames: _col0, _col1, _col2
+                  Statistics: Num rows: 6 Data size: 1298 Basic stats: COMPLETE Column stats: NONE
                   Reduce Output Operator
                     key expressions: _col0 (type: string), _col0 (type: string)
                     sort order: ++
                     Map-reduce partition columns: _col0 (type: string)
+                    Statistics: Num rows: 6 Data size: 1298 Basic stats: COMPLETE Column stats: NONE
                     tag: -1
                     value expressions: _col0 (type: string), _col1 (type: string), _col2 (type: double)
                     auto parallelism: true
@@ -4573,11 +4754,14 @@ STAGE PLANS:
             Needs Tagging: false
             Reduce Operator Tree:
               Extract
+                Statistics: Num rows: 6 Data size: 1298 Basic stats: COMPLETE Column stats: NONE
                 PTF Operator
+                  Statistics: Num rows: 6 Data size: 1298 Basic stats: COMPLETE Column stats: NONE
                   Reduce Output Operator
                     key expressions: _col0 (type: string), _col1 (type: string)
                     sort order: ++
                     Map-reduce partition columns: _col0 (type: string)
+                    Statistics: Num rows: 6 Data size: 1298 Basic stats: COMPLETE Column stats: NONE
                     tag: -1
                     value expressions: _col0 (type: string), _col1 (type: string), _col2 (type: double)
                     auto parallelism: true
@@ -4585,15 +4769,19 @@ STAGE PLANS:
             Needs Tagging: false
             Reduce Operator Tree:
               Extract
+                Statistics: Num rows: 6 Data size: 1298 Basic stats: COMPLETE Column stats: NONE
                 PTF Operator
+                  Statistics: Num rows: 6 Data size: 1298 Basic stats: COMPLETE Column stats: NONE
                   Select Operator
                     expressions: _col0 (type: string), _col1 (type: string), _col2 (type: double), _wcol0 (type: double)
                     outputColumnNames: _col0, _col1, _col2, _col3
+                    Statistics: Num rows: 6 Data size: 1298 Basic stats: COMPLETE Column stats: NONE
                     File Output Operator
                       compressed: false
                       GlobalTableId: 0
 #### A masked pattern was here ####
                       NumFilesPerFileSink: 1
+                      Statistics: Num rows: 6 Data size: 1298 Basic stats: COMPLETE Column stats: NONE
 #### A masked pattern was here ####
                       table:
                           input format: org.apache.hadoop.mapred.TextInputFormat
@@ -4944,11 +5132,13 @@ STAGE PLANS:
             Map Operator Tree:
                 TableScan
                   alias: part
+                  Statistics: Num rows: 4 Data size: 2597 Basic stats: COMPLETE Column stats: NONE
                   GatherStats: false
                   Reduce Output Operator
                     key expressions: p_mfgr (type: string), p_name (type: string)
                     sort order: ++
                     Map-reduce partition columns: p_mfgr (type: string)
+                    Statistics: Num rows: 4 Data size: 2597 Basic stats: COMPLETE Column stats: NONE
                     tag: -1
                     value expressions: p_partkey (type: int), p_name (type: string), p_mfgr (type: string), p_brand (type: string), p_type (type: string), p_size (type: int), p_container (type: string), p_retailprice (type: double), p_comment (type: string), BLOCK__OFFSET__INSIDE__FILE (type: bigint), INPUT__FILE__NAME (type: string), ROW__ID (type: struct<transactionid:bigint,bucketid:int,rowid:bigint>)
                     auto parallelism: true
@@ -5001,7 +5191,9 @@ STAGE PLANS:
             Needs Tagging: false
             Reduce Operator Tree:
               Extract
+                Statistics: Num rows: 4 Data size: 2597 Basic stats: COMPLETE Column stats: NONE
                 PTF Operator
+                  Statistics: Num rows: 4 Data size: 2597 Basic stats: COMPLETE Column stats: NONE
                   File Output Operator
                     compressed: false
                     GlobalTableId: 0
@@ -5035,6 +5227,7 @@ STAGE PLANS:
                     key expressions: _col2 (type: string), _col5 (type: int)
                     sort order: ++
                     Map-reduce partition columns: _col2 (type: string)
+                    Statistics: Num rows: 4 Data size: 2597 Basic stats: COMPLETE Column stats: NONE
                     tag: -1
                     value expressions: _col1 (type: string), _col2 (type: string), _col5 (type: int)
                     auto parallelism: true
@@ -5067,11 +5260,14 @@ STAGE PLANS:
             Needs Tagging: false
             Reduce Operator Tree:
               Extract
+                Statistics: Num rows: 4 Data size: 2597 Basic stats: COMPLETE Column stats: NONE
                 PTF Operator
+                  Statistics: Num rows: 4 Data size: 2597 Basic stats: COMPLETE Column stats: NONE
                   Reduce Output Operator
                     key expressions: _col2 (type: string), _col2 (type: string), _col1 (type: string)
                     sort order: +++
                     Map-reduce partition columns: _col2 (type: string)
+                    Statistics: Num rows: 4 Data size: 2597 Basic stats: COMPLETE Column stats: NONE
                     tag: -1
                     value expressions: _wcol0 (type: bigint), _col1 (type: string), _col2 (type: string), _col5 (type: int)
                     auto parallelism: true
@@ -5079,15 +5275,19 @@ STAGE PLANS:
             Needs Tagging: false
             Reduce Operator Tree:
               Extract
+                Statistics: Num rows: 4 Data size: 2597 Basic stats: COMPLETE Column stats: NONE
                 PTF Operator
+                  Statistics: Num rows: 4 Data size: 2597 Basic stats: COMPLETE Column stats: NONE
                   Select Operator
                     expressions: _col3 (type: string), _col2 (type: string), _col6 (type: int), UDFToInteger(round(_col0, 1)) (type: int), _wcol1 (type: int), _wcol2 (type: int), _wcol3 (type: double), _wcol4 (type: int)
                     outputColumnNames: _col0, _col1, _col2, _col3, _col4, _col5, _col6, _col7
+                    Statistics: Num rows: 4 Data size: 2597 Basic stats: COMPLETE Column stats: NONE
                     File Output Operator
                       compressed: false
                       GlobalTableId: 2
 #### A masked pattern was here ####
                       NumFilesPerFileSink: 1
+                      Statistics: Num rows: 4 Data size: 2597 Basic stats: COMPLETE Column stats: NONE
 #### A masked pattern was here ####
                       table:
                           input format: org.apache.hadoop.mapred.TextInputFormat
@@ -5177,10 +5377,12 @@ STAGE PLANS:
                   Select Operator
                     expressions: _col1 (type: string), _col2 (type: string), _col5 (type: int), _col7 (type: double)
                     outputColumnNames: _col1, _col2, _col5, _col7
+                    Statistics: Num rows: 4 Data size: 2597 Basic stats: COMPLETE Column stats: NONE
                     Reduce Output Operator
                       key expressions: _col2 (type: string), _col1 (type: string)
                       sort order: ++
                       Map-reduce partition columns: _col2 (type: string)
+                      Statistics: Num rows: 4 Data size: 2597 Basic stats: COMPLETE Column stats: NONE
                       tag: -1
                       value expressions: _col1 (type: string), _col2 (type: string), _col5 (type: int), _col7 (type: double)
                       auto parallelism: true
@@ -5213,15 +5415,19 @@ STAGE PLANS:
             Needs Tagging: false
             Reduce Operator Tree:
               Extract
+                Statistics: Num rows: 4 Data size: 2597 Basic stats: COMPLETE Column stats: NONE
                 PTF Operator
+                  Statistics: Num rows: 4 Data size: 2597 Basic stats: COMPLETE Column stats: NONE
                   Select Operator
                     expressions: _col2 (type: string), _col1 (type: string), _col5 (type: int), _wcol0 (type: int), _wcol1 (type: int), _wcol2 (type: double)
                     outputColumnNames: _col0, _col1, _col2, _col3, _col4, _col5
+                    Statistics: Num rows: 4 Data size: 2597 Basic stats: COMPLETE Column stats: NONE
                     File Output Operator
                       compressed: false
                       GlobalTableId: 1
 #### A masked pattern was here ####
                       NumFilesPerFileSink: 1
+                      Statistics: Num rows: 4 Data size: 2597 Basic stats: COMPLETE Column stats: NONE
 #### A masked pattern was here ####
                       table:
                           input format: org.apache.hadoop.mapred.TextInputFormat
@@ -5522,11 +5728,13 @@ STAGE PLANS:
             Map Operator Tree:
                 TableScan
                   alias: part
+                  Statistics: Num rows: 4 Data size: 2597 Basic stats: COMPLETE Column stats: NONE
                   GatherStats: false
                   Reduce Output Operator
                     key expressions: p_mfgr (type: string), p_mfgr (type: string)
                     sort order: ++
                     Map-reduce partition columns: p_mfgr (type: string)
+                    Statistics: Num rows: 4 Data size: 2597 Basic stats: COMPLETE Column stats: NONE
                     tag: -1
                     value expressions: p_partkey (type: int), p_name (type: string), p_mfgr (type: string), p_brand (type: string), p_type (type: string), p_size (type: int), p_container (type: string), p_retailprice (type: double), p_comment (type: string), BLOCK__OFFSET__INSIDE__FILE (type: bigint), INPUT__FILE__NAME (type: string), ROW__ID (type: struct<transactionid:bigint,bucketid:int,rowid:bigint>)
                     auto parallelism: true
@@ -5579,12 +5787,16 @@ STAGE PLANS:
             Needs Tagging: false
             Reduce Operator Tree:
               Extract
+                Statistics: Num rows: 4 Data size: 2597 Basic stats: COMPLETE Column stats: NONE
                 PTF Operator
+                  Statistics: Num rows: 4 Data size: 2597 Basic stats: COMPLETE Column stats: NONE
                   PTF Operator
+                    Statistics: Num rows: 4 Data size: 2597 Basic stats: COMPLETE Column stats: NONE
                     Reduce Output Operator
                       key expressions: _col2 (type: string), _col1 (type: string), _col2 (type: string), _col1 (type: string)
                       sort order: ++++
                       Map-reduce partition columns: _col2 (type: string), _col1 (type: string)
+                      Statistics: Num rows: 4 Data size: 2597 Basic stats: COMPLETE Column stats: NONE
                       tag: -1
                       value expressions: _col0 (type: int), _col1 (type: string), _col2 (type: string), _col3 (type: string), _col4 (type: string), _col5 (type: int), _col6 (type: string), _col7 (type: double), _col8 (type: string), _col9 (type: bigint), _col10 (type: string), _col11 (type: struct<transactionid:bigint,bucketid:int,rowid:bigint>)
                       auto parallelism: true
@@ -5592,14 +5804,18 @@ STAGE PLANS:
             Needs Tagging: false
             Reduce Operator Tree:
               Extract
+                Statistics: Num rows: 4 Data size: 2597 Basic stats: COMPLETE Column stats: NONE
                 PTF Operator
+                  Statistics: Num rows: 4 Data size: 2597 Basic stats: COMPLETE Column stats: NONE
                   Select Operator
                     expressions: _col1 (type: string), _col2 (type: string), _col5 (type: int)
                     outputColumnNames: _col1, _col2, _col5
+                    Statistics: Num rows: 4 Data size: 2597 Basic stats: COMPLETE Column stats: NONE
                     Reduce Output Operator
                       key expressions: _col2 (type: string), _col1 (type: string), _col2 (type: string), _col1 (type: string)
                       sort order: ++++
                       Map-reduce partition columns: _col2 (type: string), _col1 (type: string)
+                      Statistics: Num rows: 4 Data size: 2597 Basic stats: COMPLETE Column stats: NONE
                       tag: -1
                       value expressions: _col1 (type: string), _col2 (type: string), _col5 (type: int)
                       auto parallelism: true
@@ -5607,15 +5823,19 @@ STAGE PLANS:
             Needs Tagging: false
             Reduce Operator Tree:
               Extract
+                Statistics: Num rows: 4 Data size: 2597 Basic stats: COMPLETE Column stats: NONE
                 PTF Operator
+                  Statistics: Num rows: 4 Data size: 2597 Basic stats: COMPLETE Column stats: NONE
                   Select Operator
                     expressions: _col2 (type: string), _col1 (type: string), _wcol0 (type: int), _wcol1 (type: int), _col5 (type: int), _wcol2 (type: bigint)
                     outputColumnNames: _col0, _col1, _col2, _col3, _col4, _col5
+                    Statistics: Num rows: 4 Data size: 2597 Basic stats: COMPLETE Column stats: NONE
                     File Output Operator
                       compressed: false
                       GlobalTableId: 0
 #### A masked pattern was here ####
                       NumFilesPerFileSink: 1
+                      Statistics: Num rows: 4 Data size: 2597 Basic stats: COMPLETE Column stats: NONE
 #### A masked pattern was here ####
                       table:
                           input format: org.apache.hadoop.mapred.TextInputFormat
@@ -5861,11 +6081,13 @@ STAGE PLANS:
             Map Operator Tree:
                 TableScan
                   alias: part
+                  Statistics: Num rows: 4 Data size: 2597 Basic stats: COMPLETE Column stats: NONE
                   GatherStats: false
                   Reduce Output Operator
                     key expressions: p_mfgr (type: string), p_mfgr (type: string)
                     sort order: ++
                     Map-reduce partition columns: p_mfgr (type: string)
+                    Statistics: Num rows: 4 Data size: 2597 Basic stats: COMPLETE Column stats: NONE
                     tag: -1
                     value expressions: p_partkey (type: int), p_name (type: string), p_mfgr (type: string), p_brand (type: string), p_type (type: string), p_size (type: int), p_container (type: string), p_retailprice (type: double), p_comment (type: string), BLOCK__OFFSET__INSIDE__FILE (type: bigint), INPUT__FILE__NAME (type: string), ROW__ID (type: struct<transactionid:bigint,bucketid:int,rowid:bigint>)
                     auto parallelism: true
@@ -5918,11 +6140,14 @@ STAGE PLANS:
             Needs Tagging: false
             Reduce Operator Tree:
               Extract
+                Statistics: Num rows: 4 Data size: 2597 Basic stats: COMPLETE Column stats: NONE
                 PTF Operator
+                  Statistics: Num rows: 4 Data size: 2597 Basic stats: COMPLETE Column stats: NONE
                   Reduce Output Operator
                     key expressions: _col2 (type: string), _col1 (type: string), _col2 (type: string), _col1 (type: string)
                     sort order: ++++
                     Map-reduce partition columns: _col2 (type: string), _col1 (type: string)
+                    Statistics: Num rows: 4 Data size: 2597 Basic stats: COMPLETE Column stats: NONE
                     tag: -1
                     value expressions: _col0 (type: int), _col1 (type: string), _col2 (type: string), _col3 (type: string), _col4 (type: string), _col5 (type: int), _col6 (type: string), _col7 (type: double), _col8 (type: string), _col9 (type: bigint), _col10 (type: string), _col11 (type: struct<transactionid:bigint,bucketid:int,rowid:bigint>)
                     auto parallelism: true
@@ -5930,11 +6155,14 @@ STAGE PLANS:
             Needs Tagging: false
             Reduce Operator Tree:
               Extract
+                Statistics: Num rows: 4 Data size: 2597 Basic stats: COMPLETE Column stats: NONE
                 PTF Operator
+                  Statistics: Num rows: 4 Data size: 2597 Basic stats: COMPLETE Column stats: NONE
                   Reduce Output Operator
                     key expressions: _col2 (type: string), _col2 (type: string)
                     sort order: ++
                     Map-reduce partition columns: _col2 (type: string)
+                    Statistics: Num rows: 4 Data size: 2597 Basic stats: COMPLETE Column stats: NONE
                     tag: -1
                     value expressions: _col0 (type: int), _col1 (type: string), _col2 (type: string), _col3 (type: string), _col4 (type: string), _col5 (type: int), _col6 (type: string), _col7 (type: double), _col8 (type: string), _col9 (type: bigint), _col10 (type: string), _col11 (type: struct<transactionid:bigint,bucketid:int,rowid:bigint>)
                     auto parallelism: true
@@ -5942,14 +6170,18 @@ STAGE PLANS:
             Needs Tagging: false
             Reduce Operator Tree:
               Extract
+                Statistics: Num rows: 4 Data size: 2597 Basic stats: COMPLETE Column stats: NONE
                 PTF Operator
+                  Statistics: Num rows: 4 Data size: 2597 Basic stats: COMPLETE Column stats: NONE
                   Select Operator
                     expressions: _col1 (type: string), _col2 (type: string), _col5 (type: int)
                     outputColumnNames: _col1, _col2, _col5
+                    Statistics: Num rows: 4 Data size: 2597 Basic stats: COMPLETE Column stats: NONE
                     Reduce Output Operator
                       key expressions: _col2 (type: string), _col1 (type: string)
                       sort order: ++
                       Map-reduce partition columns: _col2 (type: string)
+                      Statistics: Num rows: 4 Data size: 2597 Basic stats: COMPLETE Column stats: NONE
                       tag: -1
                       value expressions: _col1 (type: string), _col2 (type: string), _col5 (type: int)
                       auto parallelism: true
@@ -5957,15 +6189,19 @@ STAGE PLANS:
             Needs Tagging: false
             Reduce Operator Tree:
               Extract
+                Statistics: Num rows: 4 Data size: 2597 Basic stats: COMPLETE Column stats: NONE
                 PTF Operator
+                  Statistics: Num rows: 4 Data size: 2597 Basic stats: COMPLETE Column stats: NONE
                   Select Operator
                     expressions: _col2 (type: string), _col1 (type: string), _wcol0 (type: int), _wcol1 (type: int), _col5 (type: int), _wcol2 (type: bigint)
                     outputColumnNames: _col0, _col1, _col2, _col3, _col4, _col5
+                    Statistics: Num rows: 4 Data size: 2597 Basic stats: COMPLETE Column stats: NONE
                     File Output Operator
                       compressed: false
                       GlobalTableId: 0
 #### A masked pattern was here ####
                       NumFilesPerFileSink: 1
+                      Statistics: Num rows: 4 Data size: 2597 Basic stats: COMPLETE Column stats: NONE
 #### A masked pattern was here ####
                       table:
                           input format: org.apache.hadoop.mapred.TextInputFormat
@@ -6194,11 +6430,13 @@ STAGE PLANS:
             Map Operator Tree:
                 TableScan
                   alias: part
+                  Statistics: Num rows: 4 Data size: 2597 Basic stats: COMPLETE Column stats: NONE
                   GatherStats: false
                   Reduce Output Operator
                     key expressions: p_mfgr (type: string), p_name (type: string), p_mfgr (type: string), p_name (type: string)
                     sort order: ++++
                     Map-reduce partition columns: p_mfgr (type: string), p_name (type: string)
+                    Statistics: Num rows: 4 Data size: 2597 Basic stats: COMPLETE Column stats: NONE
                     tag: -1
                     value expressions: p_partkey (type: int), p_name (type: string), p_mfgr (type: string), p_brand (type: string), p_type (type: string), p_size (type: int), p_container (type: string), p_retailprice (type: double), p_comment (type: string), BLOCK__OFFSET__INSIDE__FILE (type: bigint), INPUT__FILE__NAME (type: string), ROW__ID (type: struct<transactionid:bigint,bucketid:int,rowid:bigint>)
                     auto parallelism: true
@@ -6251,11 +6489,14 @@ STAGE PLANS:
             Needs Tagging: false
             Reduce Operator Tree:
               Extract
+                Statistics: Num rows: 4 Data size: 2597 Basic stats: COMPLETE Column stats: NONE
                 PTF Operator
+                  Statistics: Num rows: 4 Data size: 2597 Basic stats: COMPLETE Column stats: NONE
                   Reduce Output Operator
                     key expressions: _col2 (type: string), _col2 (type: string)
                     sort order: ++
                     Map-reduce partition columns: _col2 (type: string)
+                    Statistics: Num rows: 4 Data size: 2597 Basic stats: COMPLETE Column stats: NONE
                     tag: -1
                     value expressions: _col0 (type: int), _col1 (type: string), _col2 (type: string), _col3 (type: string), _col4 (type: string), _col5 (type: int), _col6 (type: string), _col7 (type: double), _col8 (type: string), _col9 (type: bigint), _col10 (type: string), _col11 (type: struct<transactionid:bigint,bucketid:int,rowid:bigint>)
                     auto parallelism: true
@@ -6263,14 +6504,18 @@ STAGE PLANS:
             Needs Tagging: false
             Reduce Operator Tree:
               Extract
+                Statistics: Num rows: 4 Data size: 2597 Basic stats: COMPLETE Column stats: NONE
                 PTF Operator
+                  Statistics: Num rows: 4 Data size: 2597 Basic stats: COMPLETE Column stats: NONE
                   Select Operator
                     expressions: _col1 (type: string), _col2 (type: string), _col5 (type: int)
                     outputColumnNames: _col1, _col2, _col5
+                    Statistics: Num rows: 4 Data size: 2597 Basic stats: COMPLETE Column stats: NONE
                     Reduce Output Operator
                       key expressions: _col2 (type: string), _col1 (type: string)
                       sort order: ++
                       Map-reduce partition columns: _col2 (type: string)
+                      Statistics: Num rows: 4 Data size: 2597 Basic stats: COMPLETE Column stats: NONE
                       tag: -1
                       value expressions: _col1 (type: string), _col2 (type: string), _col5 (type: int)
                       auto parallelism: true
@@ -6278,15 +6523,19 @@ STAGE PLANS:
             Needs Tagging: false
             Reduce Operator Tree:
               Extract
+                Statistics: Num rows: 4 Data size: 2597 Basic stats: COMPLETE Column stats: NONE
                 PTF Operator
+                  Statistics: Num rows: 4 Data size: 2597 Basic stats: COMPLETE Column stats: NONE
                   Select Operator
                     expressions: _col2 (type: string), _col1 (type: string), _wcol0 (type: int), _wcol1 (type: int), _col5 (type: int), _wcol2 (type: bigint)
                     outputColumnNames: _col0, _col1, _col2, _col3, _col4, _col5
+                    Statistics: Num rows: 4 Data size: 2597 Basic stats: COMPLETE Column stats: NONE
                     File Output Operator
                       compressed: false
                       GlobalTableId: 0
 #### A masked pattern was here ####
                       NumFilesPerFileSink: 1
+                      Statistics: Num rows: 4 Data size: 2597 Basic stats: COMPLETE Column stats: NONE
 #### A masked pattern was here ####
                       table:
                           input format: org.apache.hadoop.mapred.TextInputFormat
@@ -6527,11 +6776,13 @@ STAGE PLANS:
             Map Operator Tree:
                 TableScan
                   alias: part
+                  Statistics: Num rows: 4 Data size: 2597 Basic stats: COMPLETE Column stats: NONE
                   GatherStats: false
                   Reduce Output Operator
                     key expressions: p_mfgr (type: string), p_name (type: string), p_mfgr (type: string), p_name (type: string)
                     sort order: ++++
                     Map-reduce partition columns: p_mfgr (type: string), p_name (type: string)
+                    Statistics: Num rows: 4 Data size: 2597 Basic stats: COMPLETE Column stats: NONE
                     tag: -1
                     value expressions: p_partkey (type: int), p_name (type: string), p_mfgr (type: string), p_brand (type: string), p_type (type: string), p_size (type: int), p_container (type: string), p_retailprice (type: double), p_comment (type: string), BLOCK__OFFSET__INSIDE__FILE (type: bigint), INPUT__FILE__NAME (type: string), ROW__ID (type: struct<transactionid:bigint,bucketid:int,rowid:bigint>)
                     auto parallelism: true
@@ -6584,11 +6835,14 @@ STAGE PLANS:
             Needs Tagging: false
             Reduce Operator Tree:
               Extract
+                Statistics: Num rows: 4 Data size: 2597 Basic stats: COMPLETE Column stats: NONE
                 PTF Operator
+                  Statistics: Num rows: 4 Data size: 2597 Basic stats: COMPLETE Column stats: NONE
                   Reduce Output Operator
                     key expressions: _col2 (type: string), _col2 (type: string)
                     sort order: ++
                     Map-reduce partition columns: _col2 (type: string)
+                    Statistics: Num rows: 4 Data size: 2597 Basic stats: COMPLETE Column stats: NONE
                     tag: -1
                     value expressions: _col0 (type: int), _col1 (type: string), _col2 (type: string), _col3 (type: string), _col4 (type: string), _col5 (type: int), _col6 (type: string), _col7 (type: double), _col8 (type: string), _col9 (type: bigint), _col10 (type: string), _col11 (type: struct<transactionid:bigint,bucketid:int,rowid:bigint>)
                     auto parallelism: true
@@ -6596,12 +6850,16 @@ STAGE PLANS:
             Needs Tagging: false
             Reduce Operator Tree:
               Extract
+                Statistics: Num rows: 4 Data size: 2597 Basic stats: COMPLETE Column stats: NONE
                 PTF Operator
+                  Statistics: Num rows: 4 Data size: 2597 Basic stats: COMPLETE Column stats: NONE
                   PTF Operator
+                    Statistics: Num rows: 4 Data size: 2597 Basic stats: COMPLETE Column stats: NONE
                     Reduce Output Operator
                       key expressions: _col2 (type: string), _col1 (type: string), _col2 (type: string), _col1 (type: string)
                       sort order: ++++
                       Map-reduce partition columns: _col2 (type: string), _col1 (type: string)
+                      Statistics: Num rows: 4 Data size: 2597 Basic stats: COMPLETE Column stats: NONE
                       tag: -1
                       value expressions: _col0 (type: int), _col1 (type: string), _col2 (type: string), _col3 (type: string), _col4 (type: string), _col5 (type: int), _col6 (type: string), _col7 (type: double), _col8 (type: string), _col9 (type: bigint), _col10 (type: string), _col11 (type: struct<transactionid:bigint,bucketid:int,rowid:bigint>)
                       auto parallelism: true
@@ -6609,14 +6867,18 @@ STAGE PLANS:
             Needs Tagging: false
             Reduce Operator Tree:
               Extract
+                Statistics: Num rows: 4 Data size: 2597 Basic stats: COMPLETE Column stats: NONE
                 PTF Operator
+                  Statistics: Num rows: 4 Data size: 2597 Basic stats: COMPLETE Column stats: NONE
                   Select Operator
                     expressions: _col1 (type: string), _col2 (type: string), _col5 (type: int)
                     outputColumnNames: _col1, _col2, _col5
+                    Statistics: Num rows: 4 Data size: 2597 Basic stats: COMPLETE Column stats: NONE
                     Reduce Output Operator
                       key expressions: _col2 (type: string), _col1 (type: string), _col2 (type: string), _col1 (type: string)
                       sort order: ++++
                       Map-reduce partition columns: _col2 (type: string), _col1 (type: string)
+                      Statistics: Num rows: 4 Data size: 2597 Basic stats: COMPLETE Column stats: NONE
                       tag: -1
                       value expressions: _col1 (type: string), _col2 (type: string), _col5 (type: int)
                       auto parallelism: true
@@ -6624,15 +6886,19 @@ STAGE PLANS:
             Needs Tagging: false
             Reduce Operator Tree:
               Extract
+                Statistics: Num rows: 4 Data size: 2597 Basic stats: COMPLETE Column stats: NONE
                 PTF Operator
+                  Statistics: Num rows: 4 Data size: 2597 Basic stats: COMPLETE Column stats: NONE
                   Select Operator
                     expressions: _col2 (type: string), _col1 (type: string), _wcol0 (type: int), _wcol1 (type: int), _col5 (type: int), _wcol2 (type: bigint)
                     outputColumnNames: _col0, _col1, _col2, _col3, _col4, _col5
+                    Statistics: Num rows: 4 Data size: 2597 Basic stats: COMPLETE Column stats: NONE
                     File Output Operator
                       compressed: false
                       GlobalTableId: 0
 #### A masked pattern was here ####
                       NumFilesPerFileSink: 1
+                      Statistics: Num rows: 4 Data size: 2597 Basic stats: COMPLETE Column stats: NONE
 #### A masked pattern was here ####
                       table:
                           input format: org.apache.hadoop.mapred.TextInputFormat
@@ -6904,11 +7170,13 @@ STAGE PLANS:
             Map Operator Tree:
                 TableScan
                   alias: part
+                  Statistics: Num rows: 4 Data size: 2597 Basic stats: COMPLETE Column stats: NONE
                   GatherStats: false
                   Reduce Output Operator
                     key expressions: p_mfgr (type: string), p_name (type: string), p_mfgr (type: string), p_name (type: string)
                     sort order: ++++
                     Map-reduce partition columns: p_mfgr (type: string), p_name (type: string)
+                    Statistics: Num rows: 4 Data size: 2597 Basic stats: COMPLETE Column stats: NONE
                     tag: -1
                     value expressions: p_partkey (type: int), p_name (type: string), p_mfgr (type: string), p_brand (type: string), p_type (type: string), p_size (type: int), p_container (type: string), p_retailprice (type: double), p_comment (type: string), BLOCK__OFFSET__INSIDE__FILE (type: bigint), INPUT__FILE__NAME (type: string), ROW__ID (type: struct<transactionid:bigint,bucketid:int,rowid:bigint>)
                     auto parallelism: true
@@ -6961,12 +7229,16 @@ STAGE PLANS:
             Needs Tagging: false
             Reduce Operator Tree:
               Extract
+                Statistics: Num rows: 4 Data size: 2597 Basic stats: COMPLETE Column stats: NONE
                 PTF Operator
+                  Statistics: Num rows: 4 Data size: 2597 Basic stats: COMPLETE Column stats: NONE
                   PTF Operator
+                    Statistics: Num rows: 4 Data size: 2597 Basic stats: COMPLETE Column stats: NONE
                     Reduce Output Operator
                       key expressions: _col2 (type: string), _col2 (type: string)
                       sort order: ++
                       Map-reduce partition columns: _col2 (type: string)
+                      Statistics: Num rows: 4 Data size: 2597 Basic stats: COMPLETE Column stats: NONE
                       tag: -1
                       value expressions: _col0 (type: int), _col1 (type: string), _col2 (type: string), _col3 (type: string), _col4 (type: string), _col5 (type: int), _col6 (type: string), _col7 (type: double), _col8 (type: string), _col9 (type: bigint), _col10 (type: string), _col11 (type: struct<transactionid:bigint,bucketid:int,rowid:bigint>)
                       auto parallelism: true
@@ -6974,14 +7246,18 @@ STAGE PLANS:
             Needs Tagging: false
             Reduce Operator Tree:
               Extract
+                Statistics: Num rows: 4 Data size: 2597 Basic stats: COMPLETE Column stats: NONE
                 PTF Operator
+                  Statistics: Num rows: 4 Data size: 2597 Basic stats: COMPLETE Column stats: NONE
                   Select Operator
                     expressions: _col1 (type: string), _col2 (type: string), _col5 (type: int)
                     outputColumnNames: _col1, _col2, _col5
+                    Statistics: Num rows: 4 Data size: 2597 Basic stats: COMPLETE Column stats: NONE
                     Reduce Output Operator
                       key expressions: _col2 (type: string), _col1 (type: string), _col2 (type: string), _col1 (type: string)
                       sort order: ++++
                       Map-reduce partition columns: _col2 (type: string), _col1 (type: string)
+                      Statistics: Num rows: 4 Data size: 2597 Basic stats: COMPLETE Column stats: NONE
                       tag: -1
                       value expressions: _col1 (type: string), _col2 (type: string), _col5 (type: int)
                       auto parallelism: true
@@ -6989,15 +7265,19 @@ STAGE PLANS:
             Needs Tagging: false
             Reduce Operator Tree:
               Extract
+                Statistics: Num rows: 4 Data size: 2597 Basic stats: COMPLETE Column stats: NONE
                 PTF Operator
+                  Statistics: Num rows: 4 Data size: 2597 Basic stats: COMPLETE Column stats: NONE
                   Select Operator
                     expressions: _col2 (type: string), _col1 (type: string), _wcol0 (type: int), _wcol1 (type: int), _col5 (type: int), _wcol2 (type: bigint), _wcol2 (type: bigint)
                     outputColumnNames: _col0, _col1, _col2, _col3, _col4, _col5, _col6
+                    Statistics: Num rows: 4 Data size: 2597 Basic stats: COMPLETE Column stats: NONE
                     File Output Operator
                       compressed: false
                       GlobalTableId: 0
 #### A masked pattern was here ####
                       NumFilesPerFileSink: 1
+                      Statistics: Num rows: 4 Data size: 2597 Basic stats: COMPLETE Column stats: NONE
 #### A masked pattern was here ####
                       table:
                           input format: org.apache.hadoop.mapred.TextInputFormat
@@ -7235,11 +7515,13 @@ STAGE PLANS:
             Map Operator Tree:
                 TableScan
                   alias: part
+                  Statistics: Num rows: 4 Data size: 2597 Basic stats: COMPLETE Column stats: NONE
                   GatherStats: false
                   Reduce Output Operator
                     key expressions: p_mfgr (type: string), p_name (type: string), p_mfgr (type: string), p_name (type: string)
                     sort order: ++++
                     Map-reduce partition columns: p_mfgr (type: string), p_name (type: string)
+                    Statistics: Num rows: 4 Data size: 2597 Basic stats: COMPLETE Column stats: NONE
                     tag: -1
                     value expressions: p_partkey (type: int), p_name (type: string), p_mfgr (type: string), p_brand (type: string), p_type (type: string), p_size (type: int), p_container (type: string), p_retailprice (type: double), p_comment (type: string), BLOCK__OFFSET__INSIDE__FILE (type: bigint), INPUT__FILE__NAME (type: string), ROW__ID (type: struct<transactionid:bigint,bucketid:int,rowid:bigint>)
                     auto parallelism: true
@@ -7292,12 +7574,16 @@ STAGE PLANS:
             Needs Tagging: false
             Reduce Operator Tree:
               Extract
+                Statistics: Num rows: 4 Data size: 2597 Basic stats: COMPLETE Column stats: NONE
                 PTF Operator
+                  Statistics: Num rows: 4 Data size: 2597 Basic stats: COMPLETE Column stats: NONE
                   PTF Operator
+                    Statistics: Num rows: 4 Data size: 2597 Basic stats: COMPLETE Column stats: NONE
                     Reduce Output Operator
                       key expressions: _col2 (type: string), _col1 (type: string), _col2 (type: string), _col1 (type: string)
                       sort order: ++++
                       Map-reduce partition columns: _col2 (type: string), _col1 (type: string)
+                      Statistics: Num rows: 4 Data size: 2597 Basic stats: COMPLETE Column stats: NONE
                       tag: -1
                       value expressions: _col0 (type: int), _col1 (type: string), _col2 (type: string), _col3 (type: string), _col4 (type: string), _col5 (type: int), _col6 (type: string), _col7 (type: double), _col8 (type: string), _col9 (type: bigint), _col10 (type: string), _col11 (type: struct<transactionid:bigint,bucketid:int,rowid:bigint>)
                       auto parallelism: true
@@ -7305,14 +7591,18 @@ STAGE PLANS:
             Needs Tagging: false
             Reduce Operator Tree:
               Extract
+                Statistics: Num rows: 4 Data size: 2597 Basic stats: COMPLETE Column stats: NONE
                 PTF Operator
+                  Statistics: Num rows: 4 Data size: 2597 Basic stats: COMPLETE Column stats: NONE
                   Select Operator
                     expressions: _col1 (type: string), _col2 (type: string), _col5 (type: int)
                     outputColumnNames: _col1, _col2, _col5
+                    Statistics: Num rows: 4 Data size: 2597 Basic stats: COMPLETE Column stats: NONE
                     Reduce Output Operator
                       key expressions: _col2 (type: string), _col1 (type: string)
                       sort order: ++
                       Map-reduce partition columns: _col2 (type: string)
+                      Statistics: Num rows: 4 Data size: 2597 Basic stats: COMPLETE Column stats: NONE
                       tag: -1
                       value expressions: _col1 (type: string), _col2 (type: string), _col5 (type: int)
                       auto parallelism: true
@@ -7320,15 +7610,19 @@ STAGE PLANS:
             Needs Tagging: false
             Reduce Operator Tree:
               Extract
+                Statistics: Num rows: 4 Data size: 2597 Basic stats: COMPLETE Column stats: NONE
                 PTF Operator
+                  Statistics: Num rows: 4 Data size: 2597 Basic stats: COMPLETE Column stats: NONE
                   Select Operator
                     expressions: _col2 (type: string), _col1 (type: string), _wcol0 (type: int), _wcol1 (type: int), _col5 (type: int), _wcol2 (type: bigint), _wcol2 (type: bigint)
                     outputColumnNames: _col0, _col1, _col2, _col3, _col4, _col5, _col6
+                    Statistics: Num rows: 4 Data size: 2597 Basic stats: COMPLETE Column stats: NONE
                     File Output Operator
                       compressed: false
                       GlobalTableId: 0
 #### A masked pattern was here ####
                       NumFilesPerFileSink: 1
+                      Statistics: Num rows: 4 Data size: 2597 Basic stats: COMPLETE Column stats: NONE
 #### A masked pattern was here ####
                       table:
                           input format: org.apache.hadoop.mapred.TextInputFormat
diff --git a/ql/src/test/results/clientpositive/spark/vectorized_shufflejoin.q.out b/ql/src/test/results/clientpositive/spark/vectorized_shufflejoin.q.out
index e8751a6602..5b9205bc5a 100644
--- a/ql/src/test/results/clientpositive/spark/vectorized_shufflejoin.q.out
+++ b/ql/src/test/results/clientpositive/spark/vectorized_shufflejoin.q.out
@@ -22,23 +22,29 @@ STAGE PLANS:
             Map Operator Tree:
                 TableScan
                   alias: t2
+                  Statistics: Num rows: 12288 Data size: 377237 Basic stats: COMPLETE Column stats: NONE
                   Filter Operator
                     predicate: cint is not null (type: boolean)
+                    Statistics: Num rows: 6144 Data size: 188618 Basic stats: COMPLETE Column stats: NONE
                     Reduce Output Operator
                       key expressions: cint (type: int)
                       sort order: +
                       Map-reduce partition columns: cint (type: int)
+                      Statistics: Num rows: 6144 Data size: 188618 Basic stats: COMPLETE Column stats: NONE
             Execution mode: vectorized
         Map 4 
             Map Operator Tree:
                 TableScan
                   alias: t1
+                  Statistics: Num rows: 12288 Data size: 377237 Basic stats: COMPLETE Column stats: NONE
                   Filter Operator
                     predicate: cint is not null (type: boolean)
+                    Statistics: Num rows: 6144 Data size: 188618 Basic stats: COMPLETE Column stats: NONE
                     Reduce Output Operator
                       key expressions: cint (type: int)
                       sort order: +
                       Map-reduce partition columns: cint (type: int)
+                      Statistics: Num rows: 6144 Data size: 188618 Basic stats: COMPLETE Column stats: NONE
             Execution mode: vectorized
         Reducer 2 
             Reduce Operator Tree:
@@ -49,15 +55,19 @@ STAGE PLANS:
                   0 {KEY.reducesinkkey0}
                   1 {KEY.reducesinkkey0}
                 outputColumnNames: _col2, _col17
+                Statistics: Num rows: 6758 Data size: 207479 Basic stats: COMPLETE Column stats: NONE
                 Select Operator
                   expressions: _col2 (type: int), _col17 (type: int)
                   outputColumnNames: _col2, _col17
+                  Statistics: Num rows: 6758 Data size: 207479 Basic stats: COMPLETE Column stats: NONE
                   Group By Operator
                     aggregations: count(_col2), max(_col17), min(_col2), avg((_col2 + _col17))
                     mode: hash
                     outputColumnNames: _col0, _col1, _col2, _col3
+                    Statistics: Num rows: 1 Data size: 16 Basic stats: COMPLETE Column stats: NONE
                     Reduce Output Operator
                       sort order: 
+                      Statistics: Num rows: 1 Data size: 16 Basic stats: COMPLETE Column stats: NONE
                       value expressions: _col0 (type: bigint), _col1 (type: int), _col2 (type: int), _col3 (type: struct<count:bigint,sum:double,input:int>)
         Reducer 3 
             Reduce Operator Tree:
@@ -65,11 +75,14 @@ STAGE PLANS:
                 aggregations: count(VALUE._col0), max(VALUE._col1), min(VALUE._col2), avg(VALUE._col3)
                 mode: mergepartial
                 outputColumnNames: _col0, _col1, _col2, _col3
+                Statistics: Num rows: 1 Data size: 24 Basic stats: COMPLETE Column stats: NONE
                 Select Operator
                   expressions: _col0 (type: bigint), _col1 (type: int), _col2 (type: int), _col3 (type: double)
                   outputColumnNames: _col0, _col1, _col2, _col3
+                  Statistics: Num rows: 1 Data size: 24 Basic stats: COMPLETE Column stats: NONE
                   File Output Operator
                     compressed: false
+                    Statistics: Num rows: 1 Data size: 24 Basic stats: COMPLETE Column stats: NONE
                     table:
                         input format: org.apache.hadoop.mapred.TextInputFormat
                         output format: org.apache.hadoop.hive.ql.io.HiveIgnoreKeyTextOutputFormat
diff --git a/ql/src/test/results/clientpositive/spark/vectorized_timestamp_funcs.q.out b/ql/src/test/results/clientpositive/spark/vectorized_timestamp_funcs.q.out
index abf1d86436..cd4319700b 100644
--- a/ql/src/test/results/clientpositive/spark/vectorized_timestamp_funcs.q.out
+++ b/ql/src/test/results/clientpositive/spark/vectorized_timestamp_funcs.q.out
@@ -116,12 +116,15 @@ STAGE PLANS:
             Map Operator Tree:
                 TableScan
                   alias: alltypesorc_string
+                  Statistics: Num rows: 20 Data size: 829 Basic stats: COMPLETE Column stats: NONE
                   Select Operator
                     expressions: to_unix_timestamp(ctimestamp1) (type: bigint), year(ctimestamp1) (type: int), month(ctimestamp1) (type: int), day(ctimestamp1) (type: int), dayofmonth(ctimestamp1) (type: int), weekofyear(ctimestamp1) (type: int), hour(ctimestamp1) (type: int), minute(ctimestamp1) (type: int), second(ctimestamp1) (type: int)
                     outputColumnNames: _col0, _col1, _col2, _col3, _col4, _col5, _col6, _col7, _col8
+                    Statistics: Num rows: 20 Data size: 829 Basic stats: COMPLETE Column stats: NONE
                     Reduce Output Operator
                       key expressions: _col0 (type: bigint)
                       sort order: +
+                      Statistics: Num rows: 20 Data size: 829 Basic stats: COMPLETE Column stats: NONE
                       value expressions: _col1 (type: int), _col2 (type: int), _col3 (type: int), _col4 (type: int), _col5 (type: int), _col6 (type: int), _col7 (type: int), _col8 (type: int)
             Execution mode: vectorized
         Reducer 2 
@@ -129,8 +132,10 @@ STAGE PLANS:
               Select Operator
                 expressions: KEY.reducesinkkey0 (type: bigint), VALUE._col0 (type: int), VALUE._col1 (type: int), VALUE._col2 (type: int), VALUE._col3 (type: int), VALUE._col4 (type: int), VALUE._col5 (type: int), VALUE._col6 (type: int), VALUE._col7 (type: int)
                 outputColumnNames: _col0, _col1, _col2, _col3, _col4, _col5, _col6, _col7, _col8
+                Statistics: Num rows: 20 Data size: 829 Basic stats: COMPLETE Column stats: NONE
                 File Output Operator
                   compressed: false
+                  Statistics: Num rows: 20 Data size: 829 Basic stats: COMPLETE Column stats: NONE
                   table:
                       input format: org.apache.hadoop.mapred.TextInputFormat
                       output format: org.apache.hadoop.hive.ql.io.HiveIgnoreKeyTextOutputFormat
@@ -254,12 +259,15 @@ STAGE PLANS:
             Map Operator Tree:
                 TableScan
                   alias: alltypesorc_string
+                  Statistics: Num rows: 8 Data size: 829 Basic stats: COMPLETE Column stats: NONE
                   Select Operator
                     expressions: to_unix_timestamp(stimestamp1) (type: bigint), year(stimestamp1) (type: int), month(stimestamp1) (type: int), day(stimestamp1) (type: int), dayofmonth(stimestamp1) (type: int), weekofyear(stimestamp1) (type: int), hour(stimestamp1) (type: int), minute(stimestamp1) (type: int), second(stimestamp1) (type: int)
                     outputColumnNames: _col0, _col1, _col2, _col3, _col4, _col5, _col6, _col7, _col8
+                    Statistics: Num rows: 8 Data size: 829 Basic stats: COMPLETE Column stats: NONE
                     Reduce Output Operator
                       key expressions: _col0 (type: bigint)
                       sort order: +
+                      Statistics: Num rows: 8 Data size: 829 Basic stats: COMPLETE Column stats: NONE
                       value expressions: _col1 (type: int), _col2 (type: int), _col3 (type: int), _col4 (type: int), _col5 (type: int), _col6 (type: int), _col7 (type: int), _col8 (type: int)
             Execution mode: vectorized
         Reducer 2 
@@ -267,8 +275,10 @@ STAGE PLANS:
               Select Operator
                 expressions: KEY.reducesinkkey0 (type: bigint), VALUE._col0 (type: int), VALUE._col1 (type: int), VALUE._col2 (type: int), VALUE._col3 (type: int), VALUE._col4 (type: int), VALUE._col5 (type: int), VALUE._col6 (type: int), VALUE._col7 (type: int)
                 outputColumnNames: _col0, _col1, _col2, _col3, _col4, _col5, _col6, _col7, _col8
+                Statistics: Num rows: 8 Data size: 829 Basic stats: COMPLETE Column stats: NONE
                 File Output Operator
                   compressed: false
+                  Statistics: Num rows: 8 Data size: 829 Basic stats: COMPLETE Column stats: NONE
                   table:
                       input format: org.apache.hadoop.mapred.TextInputFormat
                       output format: org.apache.hadoop.hive.ql.io.HiveIgnoreKeyTextOutputFormat
@@ -392,12 +402,15 @@ STAGE PLANS:
             Map Operator Tree:
                 TableScan
                   alias: alltypesorc_string
+                  Statistics: Num rows: 5 Data size: 829 Basic stats: COMPLETE Column stats: NONE
                   Select Operator
                     expressions: (to_unix_timestamp(ctimestamp1) = to_unix_timestamp(stimestamp1)) (type: boolean), (year(ctimestamp1) = year(stimestamp1)) (type: boolean), (month(ctimestamp1) = month(stimestamp1)) (type: boolean), (day(ctimestamp1) = day(stimestamp1)) (type: boolean), (dayofmonth(ctimestamp1) = dayofmonth(stimestamp1)) (type: boolean), (weekofyear(ctimestamp1) = weekofyear(stimestamp1)) (type: boolean), (hour(ctimestamp1) = hour(stimestamp1)) (type: boolean), (minute(ctimestamp1) = minute(stimestamp1)) (type: boolean), (second(ctimestamp1) = second(stimestamp1)) (type: boolean)
                     outputColumnNames: _col0, _col1, _col2, _col3, _col4, _col5, _col6, _col7, _col8
+                    Statistics: Num rows: 5 Data size: 829 Basic stats: COMPLETE Column stats: NONE
                     Reduce Output Operator
                       key expressions: _col0 (type: boolean)
                       sort order: +
+                      Statistics: Num rows: 5 Data size: 829 Basic stats: COMPLETE Column stats: NONE
                       value expressions: _col1 (type: boolean), _col2 (type: boolean), _col3 (type: boolean), _col4 (type: boolean), _col5 (type: boolean), _col6 (type: boolean), _col7 (type: boolean), _col8 (type: boolean)
             Execution mode: vectorized
         Reducer 2 
@@ -405,8 +418,10 @@ STAGE PLANS:
               Select Operator
                 expressions: KEY.reducesinkkey0 (type: boolean), VALUE._col0 (type: boolean), VALUE._col1 (type: boolean), VALUE._col2 (type: boolean), VALUE._col3 (type: boolean), VALUE._col4 (type: boolean), VALUE._col5 (type: boolean), VALUE._col6 (type: boolean), VALUE._col7 (type: boolean)
                 outputColumnNames: _col0, _col1, _col2, _col3, _col4, _col5, _col6, _col7, _col8
+                Statistics: Num rows: 5 Data size: 829 Basic stats: COMPLETE Column stats: NONE
                 File Output Operator
                   compressed: false
+                  Statistics: Num rows: 5 Data size: 829 Basic stats: COMPLETE Column stats: NONE
                   table:
                       input format: org.apache.hadoop.mapred.TextInputFormat
                       output format: org.apache.hadoop.hive.ql.io.HiveIgnoreKeyTextOutputFormat
@@ -534,12 +549,15 @@ STAGE PLANS:
             Map Operator Tree:
                 TableScan
                   alias: alltypesorc_wrong
+                  Statistics: Num rows: 6 Data size: 678 Basic stats: COMPLETE Column stats: NONE
                   Select Operator
                     expressions: to_unix_timestamp(stimestamp1) (type: bigint), year(stimestamp1) (type: int), month(stimestamp1) (type: int), day(stimestamp1) (type: int), dayofmonth(stimestamp1) (type: int), weekofyear(stimestamp1) (type: int), hour(stimestamp1) (type: int), minute(stimestamp1) (type: int), second(stimestamp1) (type: int)
                     outputColumnNames: _col0, _col1, _col2, _col3, _col4, _col5, _col6, _col7, _col8
+                    Statistics: Num rows: 6 Data size: 678 Basic stats: COMPLETE Column stats: NONE
                     Reduce Output Operator
                       key expressions: _col0 (type: bigint)
                       sort order: +
+                      Statistics: Num rows: 6 Data size: 678 Basic stats: COMPLETE Column stats: NONE
                       value expressions: _col1 (type: int), _col2 (type: int), _col3 (type: int), _col4 (type: int), _col5 (type: int), _col6 (type: int), _col7 (type: int), _col8 (type: int)
             Execution mode: vectorized
         Reducer 2 
@@ -547,8 +565,10 @@ STAGE PLANS:
               Select Operator
                 expressions: KEY.reducesinkkey0 (type: bigint), VALUE._col0 (type: int), VALUE._col1 (type: int), VALUE._col2 (type: int), VALUE._col3 (type: int), VALUE._col4 (type: int), VALUE._col5 (type: int), VALUE._col6 (type: int), VALUE._col7 (type: int)
                 outputColumnNames: _col0, _col1, _col2, _col3, _col4, _col5, _col6, _col7, _col8
+                Statistics: Num rows: 6 Data size: 678 Basic stats: COMPLETE Column stats: NONE
                 File Output Operator
                   compressed: false
+                  Statistics: Num rows: 6 Data size: 678 Basic stats: COMPLETE Column stats: NONE
                   table:
                       input format: org.apache.hadoop.mapred.TextInputFormat
                       output format: org.apache.hadoop.hive.ql.io.HiveIgnoreKeyTextOutputFormat
@@ -623,15 +643,19 @@ STAGE PLANS:
             Map Operator Tree:
                 TableScan
                   alias: alltypesorc_string
+                  Statistics: Num rows: 20 Data size: 829 Basic stats: COMPLETE Column stats: NONE
                   Select Operator
                     expressions: ctimestamp1 (type: timestamp)
                     outputColumnNames: ctimestamp1
+                    Statistics: Num rows: 20 Data size: 829 Basic stats: COMPLETE Column stats: NONE
                     Group By Operator
                       aggregations: min(ctimestamp1), max(ctimestamp1), count(ctimestamp1), count()
                       mode: hash
                       outputColumnNames: _col0, _col1, _col2, _col3
+                      Statistics: Num rows: 1 Data size: 96 Basic stats: COMPLETE Column stats: NONE
                       Reduce Output Operator
                         sort order: 
+                        Statistics: Num rows: 1 Data size: 96 Basic stats: COMPLETE Column stats: NONE
                         value expressions: _col0 (type: timestamp), _col1 (type: timestamp), _col2 (type: bigint), _col3 (type: bigint)
             Execution mode: vectorized
         Reducer 2 
@@ -640,11 +664,14 @@ STAGE PLANS:
                 aggregations: min(VALUE._col0), max(VALUE._col1), count(VALUE._col2), count(VALUE._col3)
                 mode: mergepartial
                 outputColumnNames: _col0, _col1, _col2, _col3
+                Statistics: Num rows: 1 Data size: 96 Basic stats: COMPLETE Column stats: NONE
                 Select Operator
                   expressions: _col0 (type: timestamp), _col1 (type: timestamp), _col2 (type: bigint), _col3 (type: bigint)
                   outputColumnNames: _col0, _col1, _col2, _col3
+                  Statistics: Num rows: 1 Data size: 96 Basic stats: COMPLETE Column stats: NONE
                   File Output Operator
                     compressed: false
+                    Statistics: Num rows: 1 Data size: 96 Basic stats: COMPLETE Column stats: NONE
                     table:
                         input format: org.apache.hadoop.mapred.TextInputFormat
                         output format: org.apache.hadoop.hive.ql.io.HiveIgnoreKeyTextOutputFormat
@@ -701,15 +728,19 @@ STAGE PLANS:
             Map Operator Tree:
                 TableScan
                   alias: alltypesorc_string
+                  Statistics: Num rows: 20 Data size: 829 Basic stats: COMPLETE Column stats: NONE
                   Select Operator
                     expressions: ctimestamp1 (type: timestamp)
                     outputColumnNames: ctimestamp1
+                    Statistics: Num rows: 20 Data size: 829 Basic stats: COMPLETE Column stats: NONE
                     Group By Operator
                       aggregations: sum(ctimestamp1)
                       mode: hash
                       outputColumnNames: _col0
+                      Statistics: Num rows: 1 Data size: 8 Basic stats: COMPLETE Column stats: NONE
                       Reduce Output Operator
                         sort order: 
+                        Statistics: Num rows: 1 Data size: 8 Basic stats: COMPLETE Column stats: NONE
                         value expressions: _col0 (type: double)
         Reducer 2 
             Reduce Operator Tree:
@@ -717,11 +748,14 @@ STAGE PLANS:
                 aggregations: sum(VALUE._col0)
                 mode: mergepartial
                 outputColumnNames: _col0
+                Statistics: Num rows: 1 Data size: 8 Basic stats: COMPLETE Column stats: NONE
                 Select Operator
                   expressions: _col0 (type: double)
                   outputColumnNames: _col0
+                  Statistics: Num rows: 1 Data size: 8 Basic stats: COMPLETE Column stats: NONE
                   File Output Operator
                     compressed: false
+                    Statistics: Num rows: 1 Data size: 8 Basic stats: COMPLETE Column stats: NONE
                     table:
                         input format: org.apache.hadoop.mapred.TextInputFormat
                         output format: org.apache.hadoop.hive.ql.io.HiveIgnoreKeyTextOutputFormat
@@ -784,15 +818,19 @@ STAGE PLANS:
             Map Operator Tree:
                 TableScan
                   alias: alltypesorc_string
+                  Statistics: Num rows: 20 Data size: 829 Basic stats: COMPLETE Column stats: NONE
                   Select Operator
                     expressions: ctimestamp1 (type: timestamp)
                     outputColumnNames: ctimestamp1
+                    Statistics: Num rows: 20 Data size: 829 Basic stats: COMPLETE Column stats: NONE
                     Group By Operator
                       aggregations: avg(ctimestamp1), variance(ctimestamp1), var_pop(ctimestamp1), var_samp(ctimestamp1), std(ctimestamp1), stddev(ctimestamp1), stddev_pop(ctimestamp1), stddev_samp(ctimestamp1)
                       mode: hash
                       outputColumnNames: _col0, _col1, _col2, _col3, _col4, _col5, _col6, _col7
+                      Statistics: Num rows: 1 Data size: 0 Basic stats: PARTIAL Column stats: NONE
                       Reduce Output Operator
                         sort order: 
+                        Statistics: Num rows: 1 Data size: 0 Basic stats: PARTIAL Column stats: NONE
                         value expressions: _col0 (type: struct<count:bigint,sum:double,input:timestamp>), _col1 (type: struct<count:bigint,sum:double,variance:double>), _col2 (type: struct<count:bigint,sum:double,variance:double>), _col3 (type: struct<count:bigint,sum:double,variance:double>), _col4 (type: struct<count:bigint,sum:double,variance:double>), _col5 (type: struct<count:bigint,sum:double,variance:double>), _col6 (type: struct<count:bigint,sum:double,variance:double>), _col7 (type: struct<count:bigint,sum:double,variance:double>)
             Execution mode: vectorized
         Reducer 2 
@@ -801,11 +839,14 @@ STAGE PLANS:
                 aggregations: avg(VALUE._col0), variance(VALUE._col1), var_pop(VALUE._col2), var_samp(VALUE._col3), std(VALUE._col4), stddev(VALUE._col5), stddev_pop(VALUE._col6), stddev_samp(VALUE._col7)
                 mode: mergepartial
                 outputColumnNames: _col0, _col1, _col2, _col3, _col4, _col5, _col6, _col7
+                Statistics: Num rows: 1 Data size: 64 Basic stats: COMPLETE Column stats: NONE
                 Select Operator
                   expressions: _col0 (type: double), _col1 (type: double), _col2 (type: double), _col3 (type: double), _col4 (type: double), _col5 (type: double), _col6 (type: double), _col7 (type: double)
                   outputColumnNames: _col0, _col1, _col2, _col3, _col4, _col5, _col6, _col7
+                  Statistics: Num rows: 1 Data size: 64 Basic stats: COMPLETE Column stats: NONE
                   File Output Operator
                     compressed: false
+                    Statistics: Num rows: 1 Data size: 64 Basic stats: COMPLETE Column stats: NONE
                     table:
                         input format: org.apache.hadoop.mapred.TextInputFormat
                         output format: org.apache.hadoop.hive.ql.io.HiveIgnoreKeyTextOutputFormat
