diff --git a/ql/src/java/org/apache/hadoop/hive/ql/exec/FileSinkOperator.java b/ql/src/java/org/apache/hadoop/hive/ql/exec/FileSinkOperator.java
index 4a8ca4716f..4fb30bc271 100644
--- a/ql/src/java/org/apache/hadoop/hive/ql/exec/FileSinkOperator.java
+++ b/ql/src/java/org/apache/hadoop/hive/ql/exec/FileSinkOperator.java
@@ -1135,7 +1135,9 @@ private void publishStats() throws HiveException {
       String postfix=null;
       if (taskIndependent) {
         // key = "database.table/SP/DP/"LB/
-        prefix = conf.getTableInfo().getTableName();
+        // Hive store lowercase table name in metastore, and Counters is character case sensitive, so we
+        // use lowercase table name as prefix here, as StatsTask get table name from metastore to fetch counter.
+        prefix = conf.getTableInfo().getTableName().toLowerCase();
       } else {
         // key = "prefix/SP/DP/"LB/taskID/
         prefix = conf.getStatsAggPrefix();
diff --git a/ql/src/test/results/clientpositive/tez/cross_product_check_1.q.out b/ql/src/test/results/clientpositive/tez/cross_product_check_1.q.out
index cc13e3714e..afc261a279 100644
--- a/ql/src/test/results/clientpositive/tez/cross_product_check_1.q.out
+++ b/ql/src/test/results/clientpositive/tez/cross_product_check_1.q.out
@@ -44,19 +44,19 @@ STAGE PLANS:
             Map Operator Tree:
                 TableScan
                   alias: b
-                  Statistics: Num rows: 0 Data size: 114 Basic stats: PARTIAL Column stats: NONE
+                  Statistics: Num rows: 10 Data size: 104 Basic stats: COMPLETE Column stats: NONE
                   Reduce Output Operator
                     sort order: 
-                    Statistics: Num rows: 0 Data size: 114 Basic stats: PARTIAL Column stats: NONE
+                    Statistics: Num rows: 10 Data size: 104 Basic stats: COMPLETE Column stats: NONE
                     value expressions: key (type: string), value (type: string)
         Map 3 
             Map Operator Tree:
                 TableScan
                   alias: a
-                  Statistics: Num rows: 29 Data size: 5812 Basic stats: COMPLETE Column stats: NONE
+                  Statistics: Num rows: 500 Data size: 5312 Basic stats: COMPLETE Column stats: NONE
                   Reduce Output Operator
                     sort order: 
-                    Statistics: Num rows: 29 Data size: 5812 Basic stats: COMPLETE Column stats: NONE
+                    Statistics: Num rows: 500 Data size: 5312 Basic stats: COMPLETE Column stats: NONE
                     value expressions: key (type: string), value (type: string)
         Reducer 2 
             Reduce Operator Tree:
@@ -67,14 +67,14 @@ STAGE PLANS:
                   0 {VALUE._col0} {VALUE._col1}
                   1 {VALUE._col0} {VALUE._col1}
                 outputColumnNames: _col0, _col1, _col5, _col6
-                Statistics: Num rows: 31 Data size: 6393 Basic stats: COMPLETE Column stats: NONE
+                Statistics: Num rows: 550 Data size: 5843 Basic stats: COMPLETE Column stats: NONE
                 Select Operator
                   expressions: _col0 (type: string), _col1 (type: string), _col5 (type: string), _col6 (type: string)
                   outputColumnNames: _col0, _col1, _col2, _col3
-                  Statistics: Num rows: 31 Data size: 6393 Basic stats: COMPLETE Column stats: NONE
+                  Statistics: Num rows: 550 Data size: 5843 Basic stats: COMPLETE Column stats: NONE
                   File Output Operator
                     compressed: false
-                    Statistics: Num rows: 31 Data size: 6393 Basic stats: COMPLETE Column stats: NONE
+                    Statistics: Num rows: 550 Data size: 5843 Basic stats: COMPLETE Column stats: NONE
                     table:
                         input format: org.apache.hadoop.mapred.TextInputFormat
                         output format: org.apache.hadoop.hive.ql.io.HiveIgnoreKeyTextOutputFormat
@@ -107,38 +107,38 @@ STAGE PLANS:
             Map Operator Tree:
                 TableScan
                   alias: d1
-                  Statistics: Num rows: 0 Data size: 114 Basic stats: PARTIAL Column stats: NONE
+                  Statistics: Num rows: 10 Data size: 104 Basic stats: COMPLETE Column stats: NONE
                   Filter Operator
                     predicate: key is not null (type: boolean)
-                    Statistics: Num rows: 0 Data size: 0 Basic stats: NONE Column stats: NONE
+                    Statistics: Num rows: 5 Data size: 52 Basic stats: COMPLETE Column stats: NONE
                     Reduce Output Operator
                       key expressions: key (type: string)
                       sort order: +
                       Map-reduce partition columns: key (type: string)
-                      Statistics: Num rows: 0 Data size: 0 Basic stats: NONE Column stats: NONE
+                      Statistics: Num rows: 5 Data size: 52 Basic stats: COMPLETE Column stats: NONE
                       value expressions: value (type: string)
         Map 4 
             Map Operator Tree:
                 TableScan
                   alias: d2
-                  Statistics: Num rows: 0 Data size: 114 Basic stats: PARTIAL Column stats: NONE
+                  Statistics: Num rows: 10 Data size: 104 Basic stats: COMPLETE Column stats: NONE
                   Filter Operator
                     predicate: key is not null (type: boolean)
-                    Statistics: Num rows: 0 Data size: 0 Basic stats: NONE Column stats: NONE
+                    Statistics: Num rows: 5 Data size: 52 Basic stats: COMPLETE Column stats: NONE
                     Reduce Output Operator
                       key expressions: key (type: string)
                       sort order: +
                       Map-reduce partition columns: key (type: string)
-                      Statistics: Num rows: 0 Data size: 0 Basic stats: NONE Column stats: NONE
+                      Statistics: Num rows: 5 Data size: 52 Basic stats: COMPLETE Column stats: NONE
                       value expressions: value (type: string)
         Map 5 
             Map Operator Tree:
                 TableScan
                   alias: a
-                  Statistics: Num rows: 29 Data size: 5812 Basic stats: COMPLETE Column stats: NONE
+                  Statistics: Num rows: 500 Data size: 5312 Basic stats: COMPLETE Column stats: NONE
                   Reduce Output Operator
                     sort order: 
-                    Statistics: Num rows: 29 Data size: 5812 Basic stats: COMPLETE Column stats: NONE
+                    Statistics: Num rows: 500 Data size: 5312 Basic stats: COMPLETE Column stats: NONE
                     value expressions: key (type: string), value (type: string)
         Reducer 2 
             Reduce Operator Tree:
@@ -149,10 +149,10 @@ STAGE PLANS:
                   0 {KEY.reducesinkkey0} {VALUE._col0}
                   1 {KEY.reducesinkkey0} {VALUE._col0}
                 outputColumnNames: _col0, _col1, _col5, _col6
-                Statistics: Num rows: 0 Data size: 0 Basic stats: NONE Column stats: NONE
+                Statistics: Num rows: 5 Data size: 57 Basic stats: COMPLETE Column stats: NONE
                 Reduce Output Operator
                   sort order: 
-                  Statistics: Num rows: 0 Data size: 0 Basic stats: NONE Column stats: NONE
+                  Statistics: Num rows: 5 Data size: 57 Basic stats: COMPLETE Column stats: NONE
                   value expressions: _col0 (type: string), _col1 (type: string), _col5 (type: string), _col6 (type: string)
         Reducer 3 
             Reduce Operator Tree:
@@ -163,14 +163,14 @@ STAGE PLANS:
                   0 {VALUE._col0} {VALUE._col1} {VALUE._col5} {VALUE._col6}
                   1 {VALUE._col0} {VALUE._col1}
                 outputColumnNames: _col0, _col1, _col5, _col6, _col10, _col11
-                Statistics: Num rows: 31 Data size: 6393 Basic stats: COMPLETE Column stats: NONE
+                Statistics: Num rows: 550 Data size: 5843 Basic stats: COMPLETE Column stats: NONE
                 Select Operator
                   expressions: _col0 (type: string), _col1 (type: string), _col5 (type: string), _col6 (type: string), _col10 (type: string), _col11 (type: string)
                   outputColumnNames: _col0, _col1, _col2, _col3, _col4, _col5
-                  Statistics: Num rows: 31 Data size: 6393 Basic stats: COMPLETE Column stats: NONE
+                  Statistics: Num rows: 550 Data size: 5843 Basic stats: COMPLETE Column stats: NONE
                   File Output Operator
                     compressed: false
-                    Statistics: Num rows: 31 Data size: 6393 Basic stats: COMPLETE Column stats: NONE
+                    Statistics: Num rows: 550 Data size: 5843 Basic stats: COMPLETE Column stats: NONE
                     table:
                         input format: org.apache.hadoop.mapred.TextInputFormat
                         output format: org.apache.hadoop.hive.ql.io.HiveIgnoreKeyTextOutputFormat
@@ -210,36 +210,36 @@ STAGE PLANS:
             Map Operator Tree:
                 TableScan
                   alias: d1
-                  Statistics: Num rows: 1 Data size: 114 Basic stats: COMPLETE Column stats: NONE
+                  Statistics: Num rows: 10 Data size: 104 Basic stats: COMPLETE Column stats: NONE
                   Filter Operator
                     predicate: key is not null (type: boolean)
-                    Statistics: Num rows: 1 Data size: 114 Basic stats: COMPLETE Column stats: NONE
+                    Statistics: Num rows: 5 Data size: 52 Basic stats: COMPLETE Column stats: NONE
                     Reduce Output Operator
                       key expressions: key (type: string)
                       sort order: +
                       Map-reduce partition columns: key (type: string)
-                      Statistics: Num rows: 1 Data size: 114 Basic stats: COMPLETE Column stats: NONE
+                      Statistics: Num rows: 5 Data size: 52 Basic stats: COMPLETE Column stats: NONE
         Map 5 
             Map Operator Tree:
                 TableScan
                   alias: d2
-                  Statistics: Num rows: 1 Data size: 114 Basic stats: COMPLETE Column stats: NONE
+                  Statistics: Num rows: 10 Data size: 104 Basic stats: COMPLETE Column stats: NONE
                   Filter Operator
                     predicate: key is not null (type: boolean)
-                    Statistics: Num rows: 1 Data size: 114 Basic stats: COMPLETE Column stats: NONE
+                    Statistics: Num rows: 5 Data size: 52 Basic stats: COMPLETE Column stats: NONE
                     Reduce Output Operator
                       key expressions: key (type: string)
                       sort order: +
                       Map-reduce partition columns: key (type: string)
-                      Statistics: Num rows: 1 Data size: 114 Basic stats: COMPLETE Column stats: NONE
+                      Statistics: Num rows: 5 Data size: 52 Basic stats: COMPLETE Column stats: NONE
         Map 6 
             Map Operator Tree:
                 TableScan
                   alias: a
-                  Statistics: Num rows: 29 Data size: 5812 Basic stats: COMPLETE Column stats: NONE
+                  Statistics: Num rows: 500 Data size: 5312 Basic stats: COMPLETE Column stats: NONE
                   Reduce Output Operator
                     sort order: 
-                    Statistics: Num rows: 29 Data size: 5812 Basic stats: COMPLETE Column stats: NONE
+                    Statistics: Num rows: 500 Data size: 5312 Basic stats: COMPLETE Column stats: NONE
                     value expressions: key (type: string), value (type: string)
         Reducer 2 
             Reduce Operator Tree:
@@ -250,35 +250,35 @@ STAGE PLANS:
                   0 {KEY.reducesinkkey0}
                   1 
                 outputColumnNames: _col0
-                Statistics: Num rows: 1 Data size: 125 Basic stats: COMPLETE Column stats: NONE
+                Statistics: Num rows: 5 Data size: 57 Basic stats: COMPLETE Column stats: NONE
                 Select Operator
                   expressions: _col0 (type: string)
                   outputColumnNames: _col0
-                  Statistics: Num rows: 1 Data size: 125 Basic stats: COMPLETE Column stats: NONE
+                  Statistics: Num rows: 5 Data size: 57 Basic stats: COMPLETE Column stats: NONE
                   Group By Operator
                     keys: _col0 (type: string)
                     mode: hash
                     outputColumnNames: _col0
-                    Statistics: Num rows: 1 Data size: 125 Basic stats: COMPLETE Column stats: NONE
+                    Statistics: Num rows: 5 Data size: 57 Basic stats: COMPLETE Column stats: NONE
                     Reduce Output Operator
                       key expressions: _col0 (type: string)
                       sort order: +
                       Map-reduce partition columns: _col0 (type: string)
-                      Statistics: Num rows: 1 Data size: 125 Basic stats: COMPLETE Column stats: NONE
+                      Statistics: Num rows: 5 Data size: 57 Basic stats: COMPLETE Column stats: NONE
         Reducer 3 
             Reduce Operator Tree:
               Group By Operator
                 keys: KEY._col0 (type: string)
                 mode: mergepartial
                 outputColumnNames: _col0
-                Statistics: Num rows: 0 Data size: 0 Basic stats: NONE Column stats: NONE
+                Statistics: Num rows: 2 Data size: 22 Basic stats: COMPLETE Column stats: NONE
                 Select Operator
                   expressions: _col0 (type: string)
                   outputColumnNames: _col0
-                  Statistics: Num rows: 0 Data size: 0 Basic stats: NONE Column stats: NONE
+                  Statistics: Num rows: 2 Data size: 22 Basic stats: COMPLETE Column stats: NONE
                   Reduce Output Operator
                     sort order: 
-                    Statistics: Num rows: 0 Data size: 0 Basic stats: NONE Column stats: NONE
+                    Statistics: Num rows: 2 Data size: 22 Basic stats: COMPLETE Column stats: NONE
                     value expressions: _col0 (type: string)
         Reducer 4 
             Reduce Operator Tree:
@@ -289,14 +289,14 @@ STAGE PLANS:
                   0 {VALUE._col0} {VALUE._col1}
                   1 {VALUE._col0}
                 outputColumnNames: _col0, _col1, _col5
-                Statistics: Num rows: 31 Data size: 6393 Basic stats: COMPLETE Column stats: NONE
+                Statistics: Num rows: 550 Data size: 5843 Basic stats: COMPLETE Column stats: NONE
                 Select Operator
                   expressions: _col0 (type: string), _col1 (type: string), _col5 (type: string)
                   outputColumnNames: _col0, _col1, _col2
-                  Statistics: Num rows: 31 Data size: 6393 Basic stats: COMPLETE Column stats: NONE
+                  Statistics: Num rows: 550 Data size: 5843 Basic stats: COMPLETE Column stats: NONE
                   File Output Operator
                     compressed: false
-                    Statistics: Num rows: 31 Data size: 6393 Basic stats: COMPLETE Column stats: NONE
+                    Statistics: Num rows: 550 Data size: 5843 Basic stats: COMPLETE Column stats: NONE
                     table:
                         input format: org.apache.hadoop.mapred.TextInputFormat
                         output format: org.apache.hadoop.hive.ql.io.HiveIgnoreKeyTextOutputFormat
@@ -331,27 +331,27 @@ STAGE PLANS:
             Map Operator Tree:
                 TableScan
                   alias: d1
-                  Statistics: Num rows: 1 Data size: 114 Basic stats: COMPLETE Column stats: NONE
+                  Statistics: Num rows: 10 Data size: 104 Basic stats: COMPLETE Column stats: NONE
                   Reduce Output Operator
                     sort order: 
-                    Statistics: Num rows: 1 Data size: 114 Basic stats: COMPLETE Column stats: NONE
+                    Statistics: Num rows: 10 Data size: 104 Basic stats: COMPLETE Column stats: NONE
                     value expressions: key (type: string)
         Map 5 
             Map Operator Tree:
                 TableScan
                   alias: d2
-                  Statistics: Num rows: 0 Data size: 114 Basic stats: PARTIAL Column stats: COMPLETE
+                  Statistics: Num rows: 10 Data size: 104 Basic stats: COMPLETE Column stats: COMPLETE
                   Reduce Output Operator
                     sort order: 
-                    Statistics: Num rows: 0 Data size: 114 Basic stats: PARTIAL Column stats: COMPLETE
+                    Statistics: Num rows: 10 Data size: 104 Basic stats: COMPLETE Column stats: COMPLETE
         Map 6 
             Map Operator Tree:
                 TableScan
                   alias: a
-                  Statistics: Num rows: 29 Data size: 5812 Basic stats: COMPLETE Column stats: NONE
+                  Statistics: Num rows: 500 Data size: 5312 Basic stats: COMPLETE Column stats: NONE
                   Reduce Output Operator
                     sort order: 
-                    Statistics: Num rows: 29 Data size: 5812 Basic stats: COMPLETE Column stats: NONE
+                    Statistics: Num rows: 500 Data size: 5312 Basic stats: COMPLETE Column stats: NONE
                     value expressions: key (type: string), value (type: string)
         Reducer 2 
             Reduce Operator Tree:
@@ -362,35 +362,35 @@ STAGE PLANS:
                   0 {VALUE._col0}
                   1 
                 outputColumnNames: _col0
-                Statistics: Num rows: 1 Data size: 125 Basic stats: COMPLETE Column stats: NONE
+                Statistics: Num rows: 11 Data size: 114 Basic stats: COMPLETE Column stats: NONE
                 Select Operator
                   expressions: _col0 (type: string)
                   outputColumnNames: _col0
-                  Statistics: Num rows: 1 Data size: 125 Basic stats: COMPLETE Column stats: NONE
+                  Statistics: Num rows: 11 Data size: 114 Basic stats: COMPLETE Column stats: NONE
                   Group By Operator
                     keys: _col0 (type: string)
                     mode: hash
                     outputColumnNames: _col0
-                    Statistics: Num rows: 1 Data size: 125 Basic stats: COMPLETE Column stats: NONE
+                    Statistics: Num rows: 11 Data size: 114 Basic stats: COMPLETE Column stats: NONE
                     Reduce Output Operator
                       key expressions: _col0 (type: string)
                       sort order: +
                       Map-reduce partition columns: _col0 (type: string)
-                      Statistics: Num rows: 1 Data size: 125 Basic stats: COMPLETE Column stats: NONE
+                      Statistics: Num rows: 11 Data size: 114 Basic stats: COMPLETE Column stats: NONE
         Reducer 3 
             Reduce Operator Tree:
               Group By Operator
                 keys: KEY._col0 (type: string)
                 mode: mergepartial
                 outputColumnNames: _col0
-                Statistics: Num rows: 0 Data size: 0 Basic stats: NONE Column stats: NONE
+                Statistics: Num rows: 5 Data size: 51 Basic stats: COMPLETE Column stats: NONE
                 Select Operator
                   expressions: _col0 (type: string)
                   outputColumnNames: _col0
-                  Statistics: Num rows: 0 Data size: 0 Basic stats: NONE Column stats: NONE
+                  Statistics: Num rows: 5 Data size: 51 Basic stats: COMPLETE Column stats: NONE
                   Reduce Output Operator
                     sort order: 
-                    Statistics: Num rows: 0 Data size: 0 Basic stats: NONE Column stats: NONE
+                    Statistics: Num rows: 5 Data size: 51 Basic stats: COMPLETE Column stats: NONE
                     value expressions: _col0 (type: string)
         Reducer 4 
             Reduce Operator Tree:
@@ -401,14 +401,14 @@ STAGE PLANS:
                   0 {VALUE._col0} {VALUE._col1}
                   1 {VALUE._col0}
                 outputColumnNames: _col0, _col1, _col5
-                Statistics: Num rows: 31 Data size: 6393 Basic stats: COMPLETE Column stats: NONE
+                Statistics: Num rows: 550 Data size: 5843 Basic stats: COMPLETE Column stats: NONE
                 Select Operator
                   expressions: _col0 (type: string), _col1 (type: string), _col5 (type: string)
                   outputColumnNames: _col0, _col1, _col2
-                  Statistics: Num rows: 31 Data size: 6393 Basic stats: COMPLETE Column stats: NONE
+                  Statistics: Num rows: 550 Data size: 5843 Basic stats: COMPLETE Column stats: NONE
                   File Output Operator
                     compressed: false
-                    Statistics: Num rows: 31 Data size: 6393 Basic stats: COMPLETE Column stats: NONE
+                    Statistics: Num rows: 550 Data size: 5843 Basic stats: COMPLETE Column stats: NONE
                     table:
                         input format: org.apache.hadoop.mapred.TextInputFormat
                         output format: org.apache.hadoop.hive.ql.io.HiveIgnoreKeyTextOutputFormat
@@ -447,47 +447,47 @@ STAGE PLANS:
             Map Operator Tree:
                 TableScan
                   alias: d1
-                  Statistics: Num rows: 1 Data size: 114 Basic stats: COMPLETE Column stats: NONE
+                  Statistics: Num rows: 10 Data size: 104 Basic stats: COMPLETE Column stats: NONE
                   Filter Operator
                     predicate: key is not null (type: boolean)
-                    Statistics: Num rows: 1 Data size: 114 Basic stats: COMPLETE Column stats: NONE
+                    Statistics: Num rows: 5 Data size: 52 Basic stats: COMPLETE Column stats: NONE
                     Reduce Output Operator
                       key expressions: key (type: string)
                       sort order: +
                       Map-reduce partition columns: key (type: string)
-                      Statistics: Num rows: 1 Data size: 114 Basic stats: COMPLETE Column stats: NONE
+                      Statistics: Num rows: 5 Data size: 52 Basic stats: COMPLETE Column stats: NONE
         Map 5 
             Map Operator Tree:
                 TableScan
                   alias: d2
-                  Statistics: Num rows: 1 Data size: 114 Basic stats: COMPLETE Column stats: NONE
+                  Statistics: Num rows: 10 Data size: 104 Basic stats: COMPLETE Column stats: NONE
                   Filter Operator
                     predicate: key is not null (type: boolean)
-                    Statistics: Num rows: 1 Data size: 114 Basic stats: COMPLETE Column stats: NONE
+                    Statistics: Num rows: 5 Data size: 52 Basic stats: COMPLETE Column stats: NONE
                     Reduce Output Operator
                       key expressions: key (type: string)
                       sort order: +
                       Map-reduce partition columns: key (type: string)
-                      Statistics: Num rows: 1 Data size: 114 Basic stats: COMPLETE Column stats: NONE
+                      Statistics: Num rows: 5 Data size: 52 Basic stats: COMPLETE Column stats: NONE
         Map 6 
             Map Operator Tree:
                 TableScan
                   alias: a
-                  Statistics: Num rows: 58 Data size: 5812 Basic stats: COMPLETE Column stats: NONE
+                  Statistics: Num rows: 500 Data size: 5312 Basic stats: COMPLETE Column stats: NONE
                   Select Operator
                     expressions: key (type: string)
                     outputColumnNames: key
-                    Statistics: Num rows: 58 Data size: 5812 Basic stats: COMPLETE Column stats: NONE
+                    Statistics: Num rows: 500 Data size: 5312 Basic stats: COMPLETE Column stats: NONE
                     Group By Operator
                       keys: key (type: string)
                       mode: hash
                       outputColumnNames: _col0
-                      Statistics: Num rows: 58 Data size: 5812 Basic stats: COMPLETE Column stats: NONE
+                      Statistics: Num rows: 500 Data size: 5312 Basic stats: COMPLETE Column stats: NONE
                       Reduce Output Operator
                         key expressions: _col0 (type: string)
                         sort order: +
                         Map-reduce partition columns: _col0 (type: string)
-                        Statistics: Num rows: 58 Data size: 5812 Basic stats: COMPLETE Column stats: NONE
+                        Statistics: Num rows: 500 Data size: 5312 Basic stats: COMPLETE Column stats: NONE
         Reducer 2 
             Reduce Operator Tree:
               Merge Join Operator
@@ -497,35 +497,35 @@ STAGE PLANS:
                   0 {KEY.reducesinkkey0}
                   1 
                 outputColumnNames: _col0
-                Statistics: Num rows: 1 Data size: 125 Basic stats: COMPLETE Column stats: NONE
+                Statistics: Num rows: 5 Data size: 57 Basic stats: COMPLETE Column stats: NONE
                 Select Operator
                   expressions: _col0 (type: string)
                   outputColumnNames: _col0
-                  Statistics: Num rows: 1 Data size: 125 Basic stats: COMPLETE Column stats: NONE
+                  Statistics: Num rows: 5 Data size: 57 Basic stats: COMPLETE Column stats: NONE
                   Group By Operator
                     keys: _col0 (type: string)
                     mode: hash
                     outputColumnNames: _col0
-                    Statistics: Num rows: 1 Data size: 125 Basic stats: COMPLETE Column stats: NONE
+                    Statistics: Num rows: 5 Data size: 57 Basic stats: COMPLETE Column stats: NONE
                     Reduce Output Operator
                       key expressions: _col0 (type: string)
                       sort order: +
                       Map-reduce partition columns: _col0 (type: string)
-                      Statistics: Num rows: 1 Data size: 125 Basic stats: COMPLETE Column stats: NONE
+                      Statistics: Num rows: 5 Data size: 57 Basic stats: COMPLETE Column stats: NONE
         Reducer 3 
             Reduce Operator Tree:
               Group By Operator
                 keys: KEY._col0 (type: string)
                 mode: mergepartial
                 outputColumnNames: _col0
-                Statistics: Num rows: 0 Data size: 0 Basic stats: NONE Column stats: NONE
+                Statistics: Num rows: 2 Data size: 22 Basic stats: COMPLETE Column stats: NONE
                 Select Operator
                   expressions: _col0 (type: string)
                   outputColumnNames: _col0
-                  Statistics: Num rows: 0 Data size: 0 Basic stats: NONE Column stats: NONE
+                  Statistics: Num rows: 2 Data size: 22 Basic stats: COMPLETE Column stats: NONE
                   Reduce Output Operator
                     sort order: 
-                    Statistics: Num rows: 0 Data size: 0 Basic stats: NONE Column stats: NONE
+                    Statistics: Num rows: 2 Data size: 22 Basic stats: COMPLETE Column stats: NONE
                     value expressions: _col0 (type: string)
         Reducer 4 
             Reduce Operator Tree:
@@ -536,14 +536,14 @@ STAGE PLANS:
                   0 {VALUE._col0}
                   1 {VALUE._col0}
                 outputColumnNames: _col0, _col1
-                Statistics: Num rows: 31 Data size: 3196 Basic stats: COMPLETE Column stats: NONE
+                Statistics: Num rows: 275 Data size: 2921 Basic stats: COMPLETE Column stats: NONE
                 Select Operator
                   expressions: _col0 (type: string), _col1 (type: string)
                   outputColumnNames: _col0, _col1
-                  Statistics: Num rows: 31 Data size: 3196 Basic stats: COMPLETE Column stats: NONE
+                  Statistics: Num rows: 275 Data size: 2921 Basic stats: COMPLETE Column stats: NONE
                   File Output Operator
                     compressed: false
-                    Statistics: Num rows: 31 Data size: 3196 Basic stats: COMPLETE Column stats: NONE
+                    Statistics: Num rows: 275 Data size: 2921 Basic stats: COMPLETE Column stats: NONE
                     table:
                         input format: org.apache.hadoop.mapred.TextInputFormat
                         output format: org.apache.hadoop.hive.ql.io.HiveIgnoreKeyTextOutputFormat
@@ -554,14 +554,14 @@ STAGE PLANS:
                 keys: KEY._col0 (type: string)
                 mode: mergepartial
                 outputColumnNames: _col0
-                Statistics: Num rows: 29 Data size: 2906 Basic stats: COMPLETE Column stats: NONE
+                Statistics: Num rows: 250 Data size: 2656 Basic stats: COMPLETE Column stats: NONE
                 Select Operator
                   expressions: _col0 (type: string)
                   outputColumnNames: _col0
-                  Statistics: Num rows: 29 Data size: 2906 Basic stats: COMPLETE Column stats: NONE
+                  Statistics: Num rows: 250 Data size: 2656 Basic stats: COMPLETE Column stats: NONE
                   Reduce Output Operator
                     sort order: 
-                    Statistics: Num rows: 29 Data size: 2906 Basic stats: COMPLETE Column stats: NONE
+                    Statistics: Num rows: 250 Data size: 2656 Basic stats: COMPLETE Column stats: NONE
                     value expressions: _col0 (type: string)
 
   Stage: Stage-0
diff --git a/ql/src/test/results/clientpositive/tez/cross_product_check_2.q.out b/ql/src/test/results/clientpositive/tez/cross_product_check_2.q.out
index 69c30017a6..0e407c5dfe 100644
--- a/ql/src/test/results/clientpositive/tez/cross_product_check_2.q.out
+++ b/ql/src/test/results/clientpositive/tez/cross_product_check_2.q.out
@@ -44,16 +44,16 @@ STAGE PLANS:
             Map Operator Tree:
                 TableScan
                   alias: b
-                  Statistics: Num rows: 0 Data size: 114 Basic stats: PARTIAL Column stats: NONE
+                  Statistics: Num rows: 10 Data size: 104 Basic stats: COMPLETE Column stats: NONE
                   Reduce Output Operator
                     sort order: 
-                    Statistics: Num rows: 0 Data size: 114 Basic stats: PARTIAL Column stats: NONE
+                    Statistics: Num rows: 10 Data size: 104 Basic stats: COMPLETE Column stats: NONE
                     value expressions: key (type: string), value (type: string)
         Map 2 
             Map Operator Tree:
                 TableScan
                   alias: a
-                  Statistics: Num rows: 29 Data size: 5812 Basic stats: COMPLETE Column stats: NONE
+                  Statistics: Num rows: 500 Data size: 5312 Basic stats: COMPLETE Column stats: NONE
                   Map Join Operator
                     condition map:
                          Inner Join 0 to 1
@@ -66,14 +66,14 @@ STAGE PLANS:
                     outputColumnNames: _col0, _col1, _col5, _col6
                     input vertices:
                       1 Map 1
-                    Statistics: Num rows: 31 Data size: 6393 Basic stats: COMPLETE Column stats: NONE
+                    Statistics: Num rows: 550 Data size: 5843 Basic stats: COMPLETE Column stats: NONE
                     Select Operator
                       expressions: _col0 (type: string), _col1 (type: string), _col5 (type: string), _col6 (type: string)
                       outputColumnNames: _col0, _col1, _col2, _col3
-                      Statistics: Num rows: 31 Data size: 6393 Basic stats: COMPLETE Column stats: NONE
+                      Statistics: Num rows: 550 Data size: 5843 Basic stats: COMPLETE Column stats: NONE
                       File Output Operator
                         compressed: false
-                        Statistics: Num rows: 31 Data size: 6393 Basic stats: COMPLETE Column stats: NONE
+                        Statistics: Num rows: 550 Data size: 5843 Basic stats: COMPLETE Column stats: NONE
                         table:
                             input format: org.apache.hadoop.mapred.TextInputFormat
                             output format: org.apache.hadoop.hive.ql.io.HiveIgnoreKeyTextOutputFormat
@@ -106,10 +106,10 @@ STAGE PLANS:
             Map Operator Tree:
                 TableScan
                   alias: d1
-                  Statistics: Num rows: 0 Data size: 114 Basic stats: PARTIAL Column stats: NONE
+                  Statistics: Num rows: 10 Data size: 104 Basic stats: COMPLETE Column stats: NONE
                   Filter Operator
                     predicate: key is not null (type: boolean)
-                    Statistics: Num rows: 0 Data size: 0 Basic stats: NONE Column stats: NONE
+                    Statistics: Num rows: 5 Data size: 52 Basic stats: COMPLETE Column stats: NONE
                     Map Join Operator
                       condition map:
                            Inner Join 0 to 1
@@ -122,30 +122,30 @@ STAGE PLANS:
                       outputColumnNames: _col0, _col1, _col5, _col6
                       input vertices:
                         1 Map 2
-                      Statistics: Num rows: 0 Data size: 0 Basic stats: NONE Column stats: NONE
+                      Statistics: Num rows: 5 Data size: 57 Basic stats: COMPLETE Column stats: NONE
                       Reduce Output Operator
                         sort order: 
-                        Statistics: Num rows: 0 Data size: 0 Basic stats: NONE Column stats: NONE
+                        Statistics: Num rows: 5 Data size: 57 Basic stats: COMPLETE Column stats: NONE
                         value expressions: _col0 (type: string), _col1 (type: string), _col5 (type: string), _col6 (type: string)
         Map 2 
             Map Operator Tree:
                 TableScan
                   alias: d2
-                  Statistics: Num rows: 0 Data size: 114 Basic stats: PARTIAL Column stats: NONE
+                  Statistics: Num rows: 10 Data size: 104 Basic stats: COMPLETE Column stats: NONE
                   Filter Operator
                     predicate: key is not null (type: boolean)
-                    Statistics: Num rows: 0 Data size: 0 Basic stats: NONE Column stats: NONE
+                    Statistics: Num rows: 5 Data size: 52 Basic stats: COMPLETE Column stats: NONE
                     Reduce Output Operator
                       key expressions: key (type: string)
                       sort order: +
                       Map-reduce partition columns: key (type: string)
-                      Statistics: Num rows: 0 Data size: 0 Basic stats: NONE Column stats: NONE
+                      Statistics: Num rows: 5 Data size: 52 Basic stats: COMPLETE Column stats: NONE
                       value expressions: value (type: string)
         Map 3 
             Map Operator Tree:
                 TableScan
                   alias: a
-                  Statistics: Num rows: 29 Data size: 5812 Basic stats: COMPLETE Column stats: NONE
+                  Statistics: Num rows: 500 Data size: 5312 Basic stats: COMPLETE Column stats: NONE
                   Map Join Operator
                     condition map:
                          Inner Join 0 to 1
@@ -158,14 +158,14 @@ STAGE PLANS:
                     outputColumnNames: _col0, _col1, _col5, _col6, _col10, _col11
                     input vertices:
                       0 Map 1
-                    Statistics: Num rows: 31 Data size: 6393 Basic stats: COMPLETE Column stats: NONE
+                    Statistics: Num rows: 550 Data size: 5843 Basic stats: COMPLETE Column stats: NONE
                     Select Operator
                       expressions: _col0 (type: string), _col1 (type: string), _col5 (type: string), _col6 (type: string), _col10 (type: string), _col11 (type: string)
                       outputColumnNames: _col0, _col1, _col2, _col3, _col4, _col5
-                      Statistics: Num rows: 31 Data size: 6393 Basic stats: COMPLETE Column stats: NONE
+                      Statistics: Num rows: 550 Data size: 5843 Basic stats: COMPLETE Column stats: NONE
                       File Output Operator
                         compressed: false
-                        Statistics: Num rows: 31 Data size: 6393 Basic stats: COMPLETE Column stats: NONE
+                        Statistics: Num rows: 550 Data size: 5843 Basic stats: COMPLETE Column stats: NONE
                         table:
                             input format: org.apache.hadoop.mapred.TextInputFormat
                             output format: org.apache.hadoop.hive.ql.io.HiveIgnoreKeyTextOutputFormat
@@ -205,10 +205,10 @@ STAGE PLANS:
             Map Operator Tree:
                 TableScan
                   alias: d1
-                  Statistics: Num rows: 1 Data size: 114 Basic stats: COMPLETE Column stats: NONE
+                  Statistics: Num rows: 10 Data size: 104 Basic stats: COMPLETE Column stats: NONE
                   Filter Operator
                     predicate: key is not null (type: boolean)
-                    Statistics: Num rows: 1 Data size: 114 Basic stats: COMPLETE Column stats: NONE
+                    Statistics: Num rows: 5 Data size: 52 Basic stats: COMPLETE Column stats: NONE
                     Map Join Operator
                       condition map:
                            Inner Join 0 to 1
@@ -221,39 +221,39 @@ STAGE PLANS:
                       outputColumnNames: _col0
                       input vertices:
                         1 Map 3
-                      Statistics: Num rows: 1 Data size: 125 Basic stats: COMPLETE Column stats: NONE
+                      Statistics: Num rows: 5 Data size: 57 Basic stats: COMPLETE Column stats: NONE
                       Select Operator
                         expressions: _col0 (type: string)
                         outputColumnNames: _col0
-                        Statistics: Num rows: 1 Data size: 125 Basic stats: COMPLETE Column stats: NONE
+                        Statistics: Num rows: 5 Data size: 57 Basic stats: COMPLETE Column stats: NONE
                         Group By Operator
                           keys: _col0 (type: string)
                           mode: hash
                           outputColumnNames: _col0
-                          Statistics: Num rows: 1 Data size: 125 Basic stats: COMPLETE Column stats: NONE
+                          Statistics: Num rows: 5 Data size: 57 Basic stats: COMPLETE Column stats: NONE
                           Reduce Output Operator
                             key expressions: _col0 (type: string)
                             sort order: +
                             Map-reduce partition columns: _col0 (type: string)
-                            Statistics: Num rows: 1 Data size: 125 Basic stats: COMPLETE Column stats: NONE
+                            Statistics: Num rows: 5 Data size: 57 Basic stats: COMPLETE Column stats: NONE
         Map 3 
             Map Operator Tree:
                 TableScan
                   alias: d2
-                  Statistics: Num rows: 1 Data size: 114 Basic stats: COMPLETE Column stats: NONE
+                  Statistics: Num rows: 10 Data size: 104 Basic stats: COMPLETE Column stats: NONE
                   Filter Operator
                     predicate: key is not null (type: boolean)
-                    Statistics: Num rows: 1 Data size: 114 Basic stats: COMPLETE Column stats: NONE
+                    Statistics: Num rows: 5 Data size: 52 Basic stats: COMPLETE Column stats: NONE
                     Reduce Output Operator
                       key expressions: key (type: string)
                       sort order: +
                       Map-reduce partition columns: key (type: string)
-                      Statistics: Num rows: 1 Data size: 114 Basic stats: COMPLETE Column stats: NONE
+                      Statistics: Num rows: 5 Data size: 52 Basic stats: COMPLETE Column stats: NONE
         Map 4 
             Map Operator Tree:
                 TableScan
                   alias: a
-                  Statistics: Num rows: 29 Data size: 5812 Basic stats: COMPLETE Column stats: NONE
+                  Statistics: Num rows: 500 Data size: 5312 Basic stats: COMPLETE Column stats: NONE
                   Map Join Operator
                     condition map:
                          Inner Join 0 to 1
@@ -266,14 +266,14 @@ STAGE PLANS:
                     outputColumnNames: _col0, _col1, _col5
                     input vertices:
                       1 Reducer 2
-                    Statistics: Num rows: 31 Data size: 6393 Basic stats: COMPLETE Column stats: NONE
+                    Statistics: Num rows: 550 Data size: 5843 Basic stats: COMPLETE Column stats: NONE
                     Select Operator
                       expressions: _col0 (type: string), _col1 (type: string), _col5 (type: string)
                       outputColumnNames: _col0, _col1, _col2
-                      Statistics: Num rows: 31 Data size: 6393 Basic stats: COMPLETE Column stats: NONE
+                      Statistics: Num rows: 550 Data size: 5843 Basic stats: COMPLETE Column stats: NONE
                       File Output Operator
                         compressed: false
-                        Statistics: Num rows: 31 Data size: 6393 Basic stats: COMPLETE Column stats: NONE
+                        Statistics: Num rows: 550 Data size: 5843 Basic stats: COMPLETE Column stats: NONE
                         table:
                             input format: org.apache.hadoop.mapred.TextInputFormat
                             output format: org.apache.hadoop.hive.ql.io.HiveIgnoreKeyTextOutputFormat
@@ -284,14 +284,14 @@ STAGE PLANS:
                 keys: KEY._col0 (type: string)
                 mode: mergepartial
                 outputColumnNames: _col0
-                Statistics: Num rows: 0 Data size: 0 Basic stats: NONE Column stats: NONE
+                Statistics: Num rows: 2 Data size: 22 Basic stats: COMPLETE Column stats: NONE
                 Select Operator
                   expressions: _col0 (type: string)
                   outputColumnNames: _col0
-                  Statistics: Num rows: 0 Data size: 0 Basic stats: NONE Column stats: NONE
+                  Statistics: Num rows: 2 Data size: 22 Basic stats: COMPLETE Column stats: NONE
                   Reduce Output Operator
                     sort order: 
-                    Statistics: Num rows: 0 Data size: 0 Basic stats: NONE Column stats: NONE
+                    Statistics: Num rows: 2 Data size: 22 Basic stats: COMPLETE Column stats: NONE
                     value expressions: _col0 (type: string)
 
   Stage: Stage-0
@@ -323,7 +323,7 @@ STAGE PLANS:
             Map Operator Tree:
                 TableScan
                   alias: d1
-                  Statistics: Num rows: 1 Data size: 114 Basic stats: COMPLETE Column stats: NONE
+                  Statistics: Num rows: 10 Data size: 104 Basic stats: COMPLETE Column stats: NONE
                   Map Join Operator
                     condition map:
                          Inner Join 0 to 1
@@ -336,34 +336,34 @@ STAGE PLANS:
                     outputColumnNames: _col0
                     input vertices:
                       1 Map 3
-                    Statistics: Num rows: 1 Data size: 125 Basic stats: COMPLETE Column stats: NONE
+                    Statistics: Num rows: 11 Data size: 114 Basic stats: COMPLETE Column stats: NONE
                     Select Operator
                       expressions: _col0 (type: string)
                       outputColumnNames: _col0
-                      Statistics: Num rows: 1 Data size: 125 Basic stats: COMPLETE Column stats: NONE
+                      Statistics: Num rows: 11 Data size: 114 Basic stats: COMPLETE Column stats: NONE
                       Group By Operator
                         keys: _col0 (type: string)
                         mode: hash
                         outputColumnNames: _col0
-                        Statistics: Num rows: 1 Data size: 125 Basic stats: COMPLETE Column stats: NONE
+                        Statistics: Num rows: 11 Data size: 114 Basic stats: COMPLETE Column stats: NONE
                         Reduce Output Operator
                           key expressions: _col0 (type: string)
                           sort order: +
                           Map-reduce partition columns: _col0 (type: string)
-                          Statistics: Num rows: 1 Data size: 125 Basic stats: COMPLETE Column stats: NONE
+                          Statistics: Num rows: 11 Data size: 114 Basic stats: COMPLETE Column stats: NONE
         Map 3 
             Map Operator Tree:
                 TableScan
                   alias: d2
-                  Statistics: Num rows: 0 Data size: 114 Basic stats: PARTIAL Column stats: COMPLETE
+                  Statistics: Num rows: 10 Data size: 104 Basic stats: COMPLETE Column stats: COMPLETE
                   Reduce Output Operator
                     sort order: 
-                    Statistics: Num rows: 0 Data size: 114 Basic stats: PARTIAL Column stats: COMPLETE
+                    Statistics: Num rows: 10 Data size: 104 Basic stats: COMPLETE Column stats: COMPLETE
         Map 4 
             Map Operator Tree:
                 TableScan
                   alias: a
-                  Statistics: Num rows: 29 Data size: 5812 Basic stats: COMPLETE Column stats: NONE
+                  Statistics: Num rows: 500 Data size: 5312 Basic stats: COMPLETE Column stats: NONE
                   Map Join Operator
                     condition map:
                          Inner Join 0 to 1
@@ -376,14 +376,14 @@ STAGE PLANS:
                     outputColumnNames: _col0, _col1, _col5
                     input vertices:
                       1 Reducer 2
-                    Statistics: Num rows: 31 Data size: 6393 Basic stats: COMPLETE Column stats: NONE
+                    Statistics: Num rows: 550 Data size: 5843 Basic stats: COMPLETE Column stats: NONE
                     Select Operator
                       expressions: _col0 (type: string), _col1 (type: string), _col5 (type: string)
                       outputColumnNames: _col0, _col1, _col2
-                      Statistics: Num rows: 31 Data size: 6393 Basic stats: COMPLETE Column stats: NONE
+                      Statistics: Num rows: 550 Data size: 5843 Basic stats: COMPLETE Column stats: NONE
                       File Output Operator
                         compressed: false
-                        Statistics: Num rows: 31 Data size: 6393 Basic stats: COMPLETE Column stats: NONE
+                        Statistics: Num rows: 550 Data size: 5843 Basic stats: COMPLETE Column stats: NONE
                         table:
                             input format: org.apache.hadoop.mapred.TextInputFormat
                             output format: org.apache.hadoop.hive.ql.io.HiveIgnoreKeyTextOutputFormat
@@ -394,14 +394,14 @@ STAGE PLANS:
                 keys: KEY._col0 (type: string)
                 mode: mergepartial
                 outputColumnNames: _col0
-                Statistics: Num rows: 0 Data size: 0 Basic stats: NONE Column stats: NONE
+                Statistics: Num rows: 5 Data size: 51 Basic stats: COMPLETE Column stats: NONE
                 Select Operator
                   expressions: _col0 (type: string)
                   outputColumnNames: _col0
-                  Statistics: Num rows: 0 Data size: 0 Basic stats: NONE Column stats: NONE
+                  Statistics: Num rows: 5 Data size: 51 Basic stats: COMPLETE Column stats: NONE
                   Reduce Output Operator
                     sort order: 
-                    Statistics: Num rows: 0 Data size: 0 Basic stats: NONE Column stats: NONE
+                    Statistics: Num rows: 5 Data size: 51 Basic stats: COMPLETE Column stats: NONE
                     value expressions: _col0 (type: string)
 
   Stage: Stage-0
@@ -436,10 +436,10 @@ STAGE PLANS:
             Map Operator Tree:
                 TableScan
                   alias: d1
-                  Statistics: Num rows: 1 Data size: 114 Basic stats: COMPLETE Column stats: NONE
+                  Statistics: Num rows: 10 Data size: 104 Basic stats: COMPLETE Column stats: NONE
                   Filter Operator
                     predicate: key is not null (type: boolean)
-                    Statistics: Num rows: 1 Data size: 114 Basic stats: COMPLETE Column stats: NONE
+                    Statistics: Num rows: 5 Data size: 52 Basic stats: COMPLETE Column stats: NONE
                     Map Join Operator
                       condition map:
                            Inner Join 0 to 1
@@ -452,67 +452,67 @@ STAGE PLANS:
                       outputColumnNames: _col0
                       input vertices:
                         1 Map 3
-                      Statistics: Num rows: 1 Data size: 125 Basic stats: COMPLETE Column stats: NONE
+                      Statistics: Num rows: 5 Data size: 57 Basic stats: COMPLETE Column stats: NONE
                       Select Operator
                         expressions: _col0 (type: string)
                         outputColumnNames: _col0
-                        Statistics: Num rows: 1 Data size: 125 Basic stats: COMPLETE Column stats: NONE
+                        Statistics: Num rows: 5 Data size: 57 Basic stats: COMPLETE Column stats: NONE
                         Group By Operator
                           keys: _col0 (type: string)
                           mode: hash
                           outputColumnNames: _col0
-                          Statistics: Num rows: 1 Data size: 125 Basic stats: COMPLETE Column stats: NONE
+                          Statistics: Num rows: 5 Data size: 57 Basic stats: COMPLETE Column stats: NONE
                           Reduce Output Operator
                             key expressions: _col0 (type: string)
                             sort order: +
                             Map-reduce partition columns: _col0 (type: string)
-                            Statistics: Num rows: 1 Data size: 125 Basic stats: COMPLETE Column stats: NONE
+                            Statistics: Num rows: 5 Data size: 57 Basic stats: COMPLETE Column stats: NONE
         Map 3 
             Map Operator Tree:
                 TableScan
                   alias: d2
-                  Statistics: Num rows: 1 Data size: 114 Basic stats: COMPLETE Column stats: NONE
+                  Statistics: Num rows: 10 Data size: 104 Basic stats: COMPLETE Column stats: NONE
                   Filter Operator
                     predicate: key is not null (type: boolean)
-                    Statistics: Num rows: 1 Data size: 114 Basic stats: COMPLETE Column stats: NONE
+                    Statistics: Num rows: 5 Data size: 52 Basic stats: COMPLETE Column stats: NONE
                     Reduce Output Operator
                       key expressions: key (type: string)
                       sort order: +
                       Map-reduce partition columns: key (type: string)
-                      Statistics: Num rows: 1 Data size: 114 Basic stats: COMPLETE Column stats: NONE
+                      Statistics: Num rows: 5 Data size: 52 Basic stats: COMPLETE Column stats: NONE
         Map 4 
             Map Operator Tree:
                 TableScan
                   alias: a
-                  Statistics: Num rows: 58 Data size: 5812 Basic stats: COMPLETE Column stats: NONE
+                  Statistics: Num rows: 500 Data size: 5312 Basic stats: COMPLETE Column stats: NONE
                   Select Operator
                     expressions: key (type: string)
                     outputColumnNames: key
-                    Statistics: Num rows: 58 Data size: 5812 Basic stats: COMPLETE Column stats: NONE
+                    Statistics: Num rows: 500 Data size: 5312 Basic stats: COMPLETE Column stats: NONE
                     Group By Operator
                       keys: key (type: string)
                       mode: hash
                       outputColumnNames: _col0
-                      Statistics: Num rows: 58 Data size: 5812 Basic stats: COMPLETE Column stats: NONE
+                      Statistics: Num rows: 500 Data size: 5312 Basic stats: COMPLETE Column stats: NONE
                       Reduce Output Operator
                         key expressions: _col0 (type: string)
                         sort order: +
                         Map-reduce partition columns: _col0 (type: string)
-                        Statistics: Num rows: 58 Data size: 5812 Basic stats: COMPLETE Column stats: NONE
+                        Statistics: Num rows: 500 Data size: 5312 Basic stats: COMPLETE Column stats: NONE
         Reducer 2 
             Reduce Operator Tree:
               Group By Operator
                 keys: KEY._col0 (type: string)
                 mode: mergepartial
                 outputColumnNames: _col0
-                Statistics: Num rows: 0 Data size: 0 Basic stats: NONE Column stats: NONE
+                Statistics: Num rows: 2 Data size: 22 Basic stats: COMPLETE Column stats: NONE
                 Select Operator
                   expressions: _col0 (type: string)
                   outputColumnNames: _col0
-                  Statistics: Num rows: 0 Data size: 0 Basic stats: NONE Column stats: NONE
+                  Statistics: Num rows: 2 Data size: 22 Basic stats: COMPLETE Column stats: NONE
                   Reduce Output Operator
                     sort order: 
-                    Statistics: Num rows: 0 Data size: 0 Basic stats: NONE Column stats: NONE
+                    Statistics: Num rows: 2 Data size: 22 Basic stats: COMPLETE Column stats: NONE
                     value expressions: _col0 (type: string)
         Reducer 5 
             Reduce Operator Tree:
@@ -520,11 +520,11 @@ STAGE PLANS:
                 keys: KEY._col0 (type: string)
                 mode: mergepartial
                 outputColumnNames: _col0
-                Statistics: Num rows: 29 Data size: 2906 Basic stats: COMPLETE Column stats: NONE
+                Statistics: Num rows: 250 Data size: 2656 Basic stats: COMPLETE Column stats: NONE
                 Select Operator
                   expressions: _col0 (type: string)
                   outputColumnNames: _col0
-                  Statistics: Num rows: 29 Data size: 2906 Basic stats: COMPLETE Column stats: NONE
+                  Statistics: Num rows: 250 Data size: 2656 Basic stats: COMPLETE Column stats: NONE
                   Map Join Operator
                     condition map:
                          Inner Join 0 to 1
@@ -537,14 +537,14 @@ STAGE PLANS:
                     outputColumnNames: _col0, _col1
                     input vertices:
                       1 Reducer 2
-                    Statistics: Num rows: 31 Data size: 3196 Basic stats: COMPLETE Column stats: NONE
+                    Statistics: Num rows: 275 Data size: 2921 Basic stats: COMPLETE Column stats: NONE
                     Select Operator
                       expressions: _col0 (type: string), _col1 (type: string)
                       outputColumnNames: _col0, _col1
-                      Statistics: Num rows: 31 Data size: 3196 Basic stats: COMPLETE Column stats: NONE
+                      Statistics: Num rows: 275 Data size: 2921 Basic stats: COMPLETE Column stats: NONE
                       File Output Operator
                         compressed: false
-                        Statistics: Num rows: 31 Data size: 3196 Basic stats: COMPLETE Column stats: NONE
+                        Statistics: Num rows: 275 Data size: 2921 Basic stats: COMPLETE Column stats: NONE
                         table:
                             input format: org.apache.hadoop.mapred.TextInputFormat
                             output format: org.apache.hadoop.hive.ql.io.HiveIgnoreKeyTextOutputFormat
diff --git a/ql/src/test/results/clientpositive/tez/ctas.q.out b/ql/src/test/results/clientpositive/tez/ctas.q.out
index 843d6fefcd..b90716e94b 100644
--- a/ql/src/test/results/clientpositive/tez/ctas.q.out
+++ b/ql/src/test/results/clientpositive/tez/ctas.q.out
@@ -151,8 +151,8 @@ Table Type:         	MANAGED_TABLE
 Table Parameters:	 	 
 	COLUMN_STATS_ACCURATE	true                
 	numFiles            	1                   
-	numRows             	0                   
-	rawDataSize         	0                   
+	numRows             	10                  
+	rawDataSize         	96                  
 	totalSize           	106                 
 #### A masked pattern was here ####
 	 	 
diff --git a/ql/src/test/results/clientpositive/tez/vector_decimal_10_0.q.out b/ql/src/test/results/clientpositive/tez/vector_decimal_10_0.q.out
index 4f97ecdb7a..6f2b221d8f 100644
--- a/ql/src/test/results/clientpositive/tez/vector_decimal_10_0.q.out
+++ b/ql/src/test/results/clientpositive/tez/vector_decimal_10_0.q.out
@@ -53,25 +53,25 @@ STAGE PLANS:
             Map Operator Tree:
                 TableScan
                   alias: decimal
-                  Statistics: Num rows: 1 Data size: 221 Basic stats: COMPLETE Column stats: NONE
+                  Statistics: Num rows: 2 Data size: 112 Basic stats: COMPLETE Column stats: NONE
                   Select Operator
                     expressions: dec (type: decimal(10,0))
                     outputColumnNames: _col0
-                    Statistics: Num rows: 1 Data size: 221 Basic stats: COMPLETE Column stats: NONE
+                    Statistics: Num rows: 2 Data size: 112 Basic stats: COMPLETE Column stats: NONE
                     Reduce Output Operator
                       key expressions: _col0 (type: decimal(10,0))
                       sort order: +
-                      Statistics: Num rows: 1 Data size: 221 Basic stats: COMPLETE Column stats: NONE
+                      Statistics: Num rows: 2 Data size: 112 Basic stats: COMPLETE Column stats: NONE
             Execution mode: vectorized
         Reducer 2 
             Reduce Operator Tree:
               Select Operator
                 expressions: KEY.reducesinkkey0 (type: decimal(10,0))
                 outputColumnNames: _col0
-                Statistics: Num rows: 1 Data size: 221 Basic stats: COMPLETE Column stats: NONE
+                Statistics: Num rows: 2 Data size: 112 Basic stats: COMPLETE Column stats: NONE
                 File Output Operator
                   compressed: false
-                  Statistics: Num rows: 1 Data size: 221 Basic stats: COMPLETE Column stats: NONE
+                  Statistics: Num rows: 2 Data size: 112 Basic stats: COMPLETE Column stats: NONE
                   table:
                       input format: org.apache.hadoop.mapred.TextInputFormat
                       output format: org.apache.hadoop.hive.ql.io.HiveIgnoreKeyTextOutputFormat
