diff --git a/ql/src/java/org/apache/hadoop/hive/ql/optimizer/ColumnPrunerProcCtx.java b/ql/src/java/org/apache/hadoop/hive/ql/optimizer/ColumnPrunerProcCtx.java
index fee9bcf343..5d848a1291 100644
--- a/ql/src/java/org/apache/hadoop/hive/ql/optimizer/ColumnPrunerProcCtx.java
+++ b/ql/src/java/org/apache/hadoop/hive/ql/optimizer/ColumnPrunerProcCtx.java
@@ -23,6 +23,7 @@
 import java.util.List;
 import java.util.Map;
 
+import org.apache.hadoop.hive.ql.exec.ColumnInfo;
 import org.apache.hadoop.hive.ql.exec.CommonJoinOperator;
 import org.apache.hadoop.hive.ql.exec.Operator;
 import org.apache.hadoop.hive.ql.exec.SelectOperator;
@@ -128,9 +129,16 @@ public List<String> genColLists(Operator<? extends OperatorDesc> curOp)
   public List<String> getColsFromSelectExpr(SelectOperator op) {
     List<String> cols = new ArrayList<String>();
     SelectDesc conf = op.getConf();
-    List<ExprNodeDesc> exprList = conf.getColList();
-    for (ExprNodeDesc expr : exprList) {
-      cols = Utilities.mergeUniqElems(cols, expr.getCols());
+    if(conf.isSelStarNoCompute()) {
+      for (ColumnInfo colInfo : op.getSchema().getSignature()) {
+        cols.add(colInfo.getInternalName());
+      }
+    }
+    else {
+      List<ExprNodeDesc> exprList = conf.getColList();
+        for (ExprNodeDesc expr : exprList) {
+          cols = Utilities.mergeUniqElems(cols, expr.getCols());
+        }
     }
     return cols;
   }
diff --git a/ql/src/java/org/apache/hadoop/hive/ql/optimizer/ColumnPrunerProcFactory.java b/ql/src/java/org/apache/hadoop/hive/ql/optimizer/ColumnPrunerProcFactory.java
index 2dc66f7efc..afd1738037 100644
--- a/ql/src/java/org/apache/hadoop/hive/ql/optimizer/ColumnPrunerProcFactory.java
+++ b/ql/src/java/org/apache/hadoop/hive/ql/optimizer/ColumnPrunerProcFactory.java
@@ -386,12 +386,14 @@ public Object process(Node nd, Stack<Node> stack, NodeProcessorCtx ctx,
         scanOp.setNeededColumnIDs(null);
         return null;
       }
+
       cols = cols == null ? new ArrayList<String>() : cols;
 
       cppCtx.getPrunedColLists().put((Operator<? extends OperatorDesc>) nd,
           cols);
       RowResolver inputRR = cppCtx.getOpToParseCtxMap().get(scanOp).getRowResolver();
       setupNeededColumns(scanOp, inputRR, cols);
+
       return null;
     }
   }
@@ -569,7 +571,7 @@ public Object process(Node nd, Stack<Node> stack, NodeProcessorCtx ctx,
       // following SEL will do CP for columns from UDTF, not adding SEL in here
       newColNames.addAll(outputCols.subList(numSelColumns, outputCols.size()));
       op.getConf().setOutputInternalColNames(newColNames);
-
+      pruneOperator(ctx, op, newColNames);
       cppCtx.getPrunedColLists().put(op, colsAfterReplacement);
       return null;
     }
@@ -607,6 +609,12 @@ public Object process(Node nd, Stack<Node> stack, NodeProcessorCtx ctx,
         ((SelectDesc)select.getConf()).setSelStarNoCompute(false);
         ((SelectDesc)select.getConf()).setColList(colList);
         ((SelectDesc)select.getConf()).setOutputColumnNames(outputColNames);
+        pruneOperator(ctx, select, outputColNames);
+        
+        Operator<?> udtfPath = op.getChildOperators().get(LateralViewJoinOperator.UDTF_TAG);
+        List<String> lvFCols = new ArrayList<String>(cppCtx.getPrunedColLists().get(udtfPath));
+        lvFCols = Utilities.mergeUniqElems(lvFCols, outputColNames);
+        pruneOperator(ctx, op, lvFCols);
       }
       return null;
     }
@@ -874,12 +882,16 @@ private static void pruneOperator(NodeProcessorCtx ctx,
     RowSchema inputSchema = op.getSchema();
     if (inputSchema != null) {
       ArrayList<ColumnInfo> rs = new ArrayList<ColumnInfo>();
-      ArrayList<ColumnInfo> inputCols = inputSchema.getSignature();
-      for (ColumnInfo i: inputCols) {
-        if (cols.contains(i.getInternalName())) {
+      RowResolver oldRR = ((ColumnPrunerProcCtx)ctx).getOpToParseCtxMap().get(op).getRowResolver();
+      RowResolver newRR = new RowResolver();
+      for(ColumnInfo i : oldRR.getRowSchema().getSignature()) {
+        if ( cols.contains(i.getInternalName())) {
+          String[] nm = oldRR.reverseLookup(i.getInternalName());
+          newRR.put(nm[0], nm[1], i);
           rs.add(i);
         }
       }
+      ((ColumnPrunerProcCtx)ctx).getOpToParseCtxMap().get(op).setRowResolver(newRR);
       op.getSchema().setSignature(rs);
     }
   }
diff --git a/ql/src/test/results/clientnegative/udf_assert_true.q.out b/ql/src/test/results/clientnegative/udf_assert_true.q.out
index 4a5b30de3b..819d723c1a 100644
--- a/ql/src/test/results/clientnegative/udf_assert_true.q.out
+++ b/ql/src/test/results/clientnegative/udf_assert_true.q.out
@@ -21,10 +21,10 @@ STAGE PLANS:
             Lateral View Forward
               Statistics: Num rows: 500 Data size: 5312 Basic stats: COMPLETE Column stats: COMPLETE
               Select Operator
-                Statistics: Num rows: 500 Data size: 134000 Basic stats: COMPLETE Column stats: COMPLETE
+                Statistics: Num rows: 500 Data size: 0 Basic stats: PARTIAL Column stats: COMPLETE
                 Lateral View Join Operator
                   outputColumnNames: _col5
-                  Statistics: Num rows: 1000 Data size: 158000 Basic stats: COMPLETE Column stats: COMPLETE
+                  Statistics: Num rows: 1000 Data size: 24000 Basic stats: COMPLETE Column stats: COMPLETE
                   Select Operator
                     expressions: assert_true((_col5 > 0)) (type: void)
                     outputColumnNames: _col0
@@ -48,7 +48,7 @@ STAGE PLANS:
                   function name: explode
                   Lateral View Join Operator
                     outputColumnNames: _col5
-                    Statistics: Num rows: 1000 Data size: 158000 Basic stats: COMPLETE Column stats: COMPLETE
+                    Statistics: Num rows: 1000 Data size: 24000 Basic stats: COMPLETE Column stats: COMPLETE
                     Select Operator
                       expressions: assert_true((_col5 > 0)) (type: void)
                       outputColumnNames: _col0
@@ -98,10 +98,10 @@ STAGE PLANS:
             Lateral View Forward
               Statistics: Num rows: 500 Data size: 5312 Basic stats: COMPLETE Column stats: COMPLETE
               Select Operator
-                Statistics: Num rows: 500 Data size: 134000 Basic stats: COMPLETE Column stats: COMPLETE
+                Statistics: Num rows: 500 Data size: 0 Basic stats: PARTIAL Column stats: COMPLETE
                 Lateral View Join Operator
                   outputColumnNames: _col5
-                  Statistics: Num rows: 1000 Data size: 158000 Basic stats: COMPLETE Column stats: COMPLETE
+                  Statistics: Num rows: 1000 Data size: 24000 Basic stats: COMPLETE Column stats: COMPLETE
                   Select Operator
                     expressions: assert_true((_col5 < 2)) (type: void)
                     outputColumnNames: _col0
@@ -125,7 +125,7 @@ STAGE PLANS:
                   function name: explode
                   Lateral View Join Operator
                     outputColumnNames: _col5
-                    Statistics: Num rows: 1000 Data size: 158000 Basic stats: COMPLETE Column stats: COMPLETE
+                    Statistics: Num rows: 1000 Data size: 24000 Basic stats: COMPLETE Column stats: COMPLETE
                     Select Operator
                       expressions: assert_true((_col5 < 2)) (type: void)
                       outputColumnNames: _col0
diff --git a/ql/src/test/results/clientnegative/udf_assert_true2.q.out b/ql/src/test/results/clientnegative/udf_assert_true2.q.out
index 3684a3f6c5..9760d0d97a 100644
--- a/ql/src/test/results/clientnegative/udf_assert_true2.q.out
+++ b/ql/src/test/results/clientnegative/udf_assert_true2.q.out
@@ -16,10 +16,10 @@ STAGE PLANS:
             Lateral View Forward
               Statistics: Num rows: 500 Data size: 5312 Basic stats: COMPLETE Column stats: COMPLETE
               Select Operator
-                Statistics: Num rows: 500 Data size: 134000 Basic stats: COMPLETE Column stats: COMPLETE
+                Statistics: Num rows: 500 Data size: 0 Basic stats: PARTIAL Column stats: COMPLETE
                 Lateral View Join Operator
                   outputColumnNames: _col5
-                  Statistics: Num rows: 1000 Data size: 158000 Basic stats: COMPLETE Column stats: COMPLETE
+                  Statistics: Num rows: 1000 Data size: 24000 Basic stats: COMPLETE Column stats: COMPLETE
                   Select Operator
                     expressions: (1 + assert_true((_col5 < 2))) (type: double)
                     outputColumnNames: _col0
@@ -43,7 +43,7 @@ STAGE PLANS:
                   function name: explode
                   Lateral View Join Operator
                     outputColumnNames: _col5
-                    Statistics: Num rows: 1000 Data size: 158000 Basic stats: COMPLETE Column stats: COMPLETE
+                    Statistics: Num rows: 1000 Data size: 24000 Basic stats: COMPLETE Column stats: COMPLETE
                     Select Operator
                       expressions: (1 + assert_true((_col5 < 2))) (type: double)
                       outputColumnNames: _col0
diff --git a/ql/src/test/results/clientpositive/lateral_view.q.out b/ql/src/test/results/clientpositive/lateral_view.q.out
index 25ed62fc53..ce20041e28 100644
--- a/ql/src/test/results/clientpositive/lateral_view.q.out
+++ b/ql/src/test/results/clientpositive/lateral_view.q.out
@@ -132,14 +132,14 @@ STAGE PLANS:
             Lateral View Forward
               Statistics: Num rows: 500 Data size: 5312 Basic stats: COMPLETE Column stats: COMPLETE
               Select Operator
-                Statistics: Num rows: 500 Data size: 134000 Basic stats: COMPLETE Column stats: COMPLETE
+                Statistics: Num rows: 500 Data size: 0 Basic stats: PARTIAL Column stats: COMPLETE
                 Lateral View Join Operator
                   outputColumnNames: _col5
-                  Statistics: Num rows: 1000 Data size: 162000 Basic stats: COMPLETE Column stats: COMPLETE
+                  Statistics: Num rows: 1000 Data size: 28000 Basic stats: COMPLETE Column stats: COMPLETE
                   Select Operator
                     expressions: _col5 (type: int)
                     outputColumnNames: _col0
-                    Statistics: Num rows: 1000 Data size: 162000 Basic stats: COMPLETE Column stats: COMPLETE
+                    Statistics: Num rows: 1000 Data size: 28000 Basic stats: COMPLETE Column stats: COMPLETE
                     Limit
                       Number of rows: 3
                       Statistics: Num rows: 3 Data size: 0 Basic stats: PARTIAL Column stats: COMPLETE
@@ -159,11 +159,11 @@ STAGE PLANS:
                   function name: explode
                   Lateral View Join Operator
                     outputColumnNames: _col5
-                    Statistics: Num rows: 1000 Data size: 162000 Basic stats: COMPLETE Column stats: COMPLETE
+                    Statistics: Num rows: 1000 Data size: 28000 Basic stats: COMPLETE Column stats: COMPLETE
                     Select Operator
                       expressions: _col5 (type: int)
                       outputColumnNames: _col0
-                      Statistics: Num rows: 1000 Data size: 162000 Basic stats: COMPLETE Column stats: COMPLETE
+                      Statistics: Num rows: 1000 Data size: 28000 Basic stats: COMPLETE Column stats: COMPLETE
                       Limit
                         Number of rows: 3
                         Statistics: Num rows: 3 Data size: 0 Basic stats: PARTIAL Column stats: COMPLETE
@@ -199,19 +199,19 @@ STAGE PLANS:
             Lateral View Forward
               Statistics: Num rows: 500 Data size: 5312 Basic stats: COMPLETE Column stats: COMPLETE
               Select Operator
-                Statistics: Num rows: 500 Data size: 134000 Basic stats: COMPLETE Column stats: COMPLETE
+                Statistics: Num rows: 500 Data size: 0 Basic stats: PARTIAL Column stats: COMPLETE
                 Lateral View Join Operator
                   outputColumnNames: _col5
-                  Statistics: Num rows: 1000 Data size: 162000 Basic stats: COMPLETE Column stats: COMPLETE
+                  Statistics: Num rows: 1000 Data size: 28000 Basic stats: COMPLETE Column stats: COMPLETE
                   Lateral View Forward
-                    Statistics: Num rows: 1000 Data size: 162000 Basic stats: COMPLETE Column stats: COMPLETE
+                    Statistics: Num rows: 1000 Data size: 28000 Basic stats: COMPLETE Column stats: COMPLETE
                     Select Operator
                       expressions: _col5 (type: int)
                       outputColumnNames: _col5
-                      Statistics: Num rows: 1000 Data size: 268000 Basic stats: COMPLETE Column stats: COMPLETE
+                      Statistics: Num rows: 1000 Data size: 0 Basic stats: PARTIAL Column stats: COMPLETE
                       Lateral View Join Operator
                         outputColumnNames: _col5, _col6
-                        Statistics: Num rows: 2000 Data size: 268000 Basic stats: COMPLETE Column stats: COMPLETE
+                        Statistics: Num rows: 2000 Data size: 0 Basic stats: PARTIAL Column stats: COMPLETE
                         Select Operator
                           expressions: _col5 (type: int), _col6 (type: string)
                           outputColumnNames: _col0, _col1
@@ -235,7 +235,7 @@ STAGE PLANS:
                         function name: explode
                         Lateral View Join Operator
                           outputColumnNames: _col5, _col6
-                          Statistics: Num rows: 2000 Data size: 268000 Basic stats: COMPLETE Column stats: COMPLETE
+                          Statistics: Num rows: 2000 Data size: 0 Basic stats: PARTIAL Column stats: COMPLETE
                           Select Operator
                             expressions: _col5 (type: int), _col6 (type: string)
                             outputColumnNames: _col0, _col1
@@ -259,16 +259,16 @@ STAGE PLANS:
                   function name: explode
                   Lateral View Join Operator
                     outputColumnNames: _col5
-                    Statistics: Num rows: 1000 Data size: 162000 Basic stats: COMPLETE Column stats: COMPLETE
+                    Statistics: Num rows: 1000 Data size: 28000 Basic stats: COMPLETE Column stats: COMPLETE
                     Lateral View Forward
-                      Statistics: Num rows: 1000 Data size: 162000 Basic stats: COMPLETE Column stats: COMPLETE
+                      Statistics: Num rows: 1000 Data size: 28000 Basic stats: COMPLETE Column stats: COMPLETE
                       Select Operator
                         expressions: _col5 (type: int)
                         outputColumnNames: _col5
-                        Statistics: Num rows: 1000 Data size: 268000 Basic stats: COMPLETE Column stats: COMPLETE
+                        Statistics: Num rows: 1000 Data size: 0 Basic stats: PARTIAL Column stats: COMPLETE
                         Lateral View Join Operator
                           outputColumnNames: _col5, _col6
-                          Statistics: Num rows: 2000 Data size: 268000 Basic stats: COMPLETE Column stats: COMPLETE
+                          Statistics: Num rows: 2000 Data size: 0 Basic stats: PARTIAL Column stats: COMPLETE
                           Select Operator
                             expressions: _col5 (type: int), _col6 (type: string)
                             outputColumnNames: _col0, _col1
@@ -292,7 +292,7 @@ STAGE PLANS:
                           function name: explode
                           Lateral View Join Operator
                             outputColumnNames: _col5, _col6
-                            Statistics: Num rows: 2000 Data size: 268000 Basic stats: COMPLETE Column stats: COMPLETE
+                            Statistics: Num rows: 2000 Data size: 0 Basic stats: PARTIAL Column stats: COMPLETE
                             Select Operator
                               expressions: _col5 (type: int), _col6 (type: string)
                               outputColumnNames: _col0, _col1
@@ -332,21 +332,21 @@ STAGE PLANS:
             Lateral View Forward
               Statistics: Num rows: 500 Data size: 5312 Basic stats: COMPLETE Column stats: COMPLETE
               Select Operator
-                Statistics: Num rows: 500 Data size: 134000 Basic stats: COMPLETE Column stats: COMPLETE
+                Statistics: Num rows: 500 Data size: 0 Basic stats: PARTIAL Column stats: COMPLETE
                 Lateral View Join Operator
                   outputColumnNames: _col5
-                  Statistics: Num rows: 1000 Data size: 158000 Basic stats: COMPLETE Column stats: COMPLETE
+                  Statistics: Num rows: 1000 Data size: 24000 Basic stats: COMPLETE Column stats: COMPLETE
                   Lateral View Forward
-                    Statistics: Num rows: 1000 Data size: 158000 Basic stats: COMPLETE Column stats: COMPLETE
+                    Statistics: Num rows: 1000 Data size: 24000 Basic stats: COMPLETE Column stats: COMPLETE
                     Select Operator
-                      Statistics: Num rows: 1000 Data size: 268000 Basic stats: COMPLETE Column stats: COMPLETE
+                      Statistics: Num rows: 1000 Data size: 0 Basic stats: PARTIAL Column stats: COMPLETE
                       Lateral View Join Operator
                         outputColumnNames: _col6
-                        Statistics: Num rows: 2000 Data size: 268000 Basic stats: COMPLETE Column stats: COMPLETE
+                        Statistics: Num rows: 2000 Data size: 0 Basic stats: PARTIAL Column stats: COMPLETE
                         Select Operator
                           expressions: _col6 (type: int)
                           outputColumnNames: _col0
-                          Statistics: Num rows: 2000 Data size: 268000 Basic stats: COMPLETE Column stats: COMPLETE
+                          Statistics: Num rows: 2000 Data size: 0 Basic stats: PARTIAL Column stats: COMPLETE
                           Limit
                             Number of rows: 3
                             Statistics: Num rows: 3 Data size: 0 Basic stats: PARTIAL Column stats: COMPLETE
@@ -366,11 +366,11 @@ STAGE PLANS:
                         function name: explode
                         Lateral View Join Operator
                           outputColumnNames: _col6
-                          Statistics: Num rows: 2000 Data size: 268000 Basic stats: COMPLETE Column stats: COMPLETE
+                          Statistics: Num rows: 2000 Data size: 0 Basic stats: PARTIAL Column stats: COMPLETE
                           Select Operator
                             expressions: _col6 (type: int)
                             outputColumnNames: _col0
-                            Statistics: Num rows: 2000 Data size: 268000 Basic stats: COMPLETE Column stats: COMPLETE
+                            Statistics: Num rows: 2000 Data size: 0 Basic stats: PARTIAL Column stats: COMPLETE
                             Limit
                               Number of rows: 3
                               Statistics: Num rows: 3 Data size: 0 Basic stats: PARTIAL Column stats: COMPLETE
@@ -390,18 +390,18 @@ STAGE PLANS:
                   function name: explode
                   Lateral View Join Operator
                     outputColumnNames: _col5
-                    Statistics: Num rows: 1000 Data size: 158000 Basic stats: COMPLETE Column stats: COMPLETE
+                    Statistics: Num rows: 1000 Data size: 24000 Basic stats: COMPLETE Column stats: COMPLETE
                     Lateral View Forward
-                      Statistics: Num rows: 1000 Data size: 158000 Basic stats: COMPLETE Column stats: COMPLETE
+                      Statistics: Num rows: 1000 Data size: 24000 Basic stats: COMPLETE Column stats: COMPLETE
                       Select Operator
-                        Statistics: Num rows: 1000 Data size: 268000 Basic stats: COMPLETE Column stats: COMPLETE
+                        Statistics: Num rows: 1000 Data size: 0 Basic stats: PARTIAL Column stats: COMPLETE
                         Lateral View Join Operator
                           outputColumnNames: _col6
-                          Statistics: Num rows: 2000 Data size: 268000 Basic stats: COMPLETE Column stats: COMPLETE
+                          Statistics: Num rows: 2000 Data size: 0 Basic stats: PARTIAL Column stats: COMPLETE
                           Select Operator
                             expressions: _col6 (type: int)
                             outputColumnNames: _col0
-                            Statistics: Num rows: 2000 Data size: 268000 Basic stats: COMPLETE Column stats: COMPLETE
+                            Statistics: Num rows: 2000 Data size: 0 Basic stats: PARTIAL Column stats: COMPLETE
                             Limit
                               Number of rows: 3
                               Statistics: Num rows: 3 Data size: 0 Basic stats: PARTIAL Column stats: COMPLETE
@@ -421,11 +421,11 @@ STAGE PLANS:
                           function name: explode
                           Lateral View Join Operator
                             outputColumnNames: _col6
-                            Statistics: Num rows: 2000 Data size: 268000 Basic stats: COMPLETE Column stats: COMPLETE
+                            Statistics: Num rows: 2000 Data size: 0 Basic stats: PARTIAL Column stats: COMPLETE
                             Select Operator
                               expressions: _col6 (type: int)
                               outputColumnNames: _col0
-                              Statistics: Num rows: 2000 Data size: 268000 Basic stats: COMPLETE Column stats: COMPLETE
+                              Statistics: Num rows: 2000 Data size: 0 Basic stats: PARTIAL Column stats: COMPLETE
                               Limit
                                 Number of rows: 3
                                 Statistics: Num rows: 3 Data size: 0 Basic stats: PARTIAL Column stats: COMPLETE
@@ -519,10 +519,10 @@ STAGE PLANS:
             Lateral View Forward
               Statistics: Num rows: 500 Data size: 1406 Basic stats: COMPLETE Column stats: COMPLETE
               Select Operator
-                Statistics: Num rows: 500 Data size: 134000 Basic stats: COMPLETE Column stats: COMPLETE
+                Statistics: Num rows: 500 Data size: 0 Basic stats: PARTIAL Column stats: COMPLETE
                 Lateral View Join Operator
                   outputColumnNames: _col4
-                  Statistics: Num rows: 1000 Data size: 162000 Basic stats: COMPLETE Column stats: COMPLETE
+                  Statistics: Num rows: 1000 Data size: 28000 Basic stats: COMPLETE Column stats: COMPLETE
                   Select Operator
                     expressions: _col4 (type: int)
                     outputColumnNames: _col0
@@ -546,7 +546,7 @@ STAGE PLANS:
                   function name: explode
                   Lateral View Join Operator
                     outputColumnNames: _col4
-                    Statistics: Num rows: 1000 Data size: 162000 Basic stats: COMPLETE Column stats: COMPLETE
+                    Statistics: Num rows: 1000 Data size: 28000 Basic stats: COMPLETE Column stats: COMPLETE
                     Select Operator
                       expressions: _col4 (type: int)
                       outputColumnNames: _col0
diff --git a/ql/src/test/results/clientpositive/lateral_view_noalias.q.out b/ql/src/test/results/clientpositive/lateral_view_noalias.q.out
index 51a29d0c9d..e1445bf3a4 100644
--- a/ql/src/test/results/clientpositive/lateral_view_noalias.q.out
+++ b/ql/src/test/results/clientpositive/lateral_view_noalias.q.out
@@ -18,14 +18,14 @@ STAGE PLANS:
             Lateral View Forward
               Statistics: Num rows: 500 Data size: 5312 Basic stats: COMPLETE Column stats: COMPLETE
               Select Operator
-                Statistics: Num rows: 500 Data size: 134000 Basic stats: COMPLETE Column stats: COMPLETE
+                Statistics: Num rows: 500 Data size: 0 Basic stats: PARTIAL Column stats: COMPLETE
                 Lateral View Join Operator
                   outputColumnNames: _col5, _col6
-                  Statistics: Num rows: 1000 Data size: 326000 Basic stats: COMPLETE Column stats: COMPLETE
+                  Statistics: Num rows: 1000 Data size: 192000 Basic stats: COMPLETE Column stats: COMPLETE
                   Select Operator
                     expressions: _col5 (type: string), _col6 (type: int)
                     outputColumnNames: _col0, _col1
-                    Statistics: Num rows: 1000 Data size: 326000 Basic stats: COMPLETE Column stats: COMPLETE
+                    Statistics: Num rows: 1000 Data size: 192000 Basic stats: COMPLETE Column stats: COMPLETE
                     Limit
                       Number of rows: 2
                       Statistics: Num rows: 2 Data size: 0 Basic stats: PARTIAL Column stats: COMPLETE
@@ -45,11 +45,11 @@ STAGE PLANS:
                   function name: explode
                   Lateral View Join Operator
                     outputColumnNames: _col5, _col6
-                    Statistics: Num rows: 1000 Data size: 326000 Basic stats: COMPLETE Column stats: COMPLETE
+                    Statistics: Num rows: 1000 Data size: 192000 Basic stats: COMPLETE Column stats: COMPLETE
                     Select Operator
                       expressions: _col5 (type: string), _col6 (type: int)
                       outputColumnNames: _col0, _col1
-                      Statistics: Num rows: 1000 Data size: 326000 Basic stats: COMPLETE Column stats: COMPLETE
+                      Statistics: Num rows: 1000 Data size: 192000 Basic stats: COMPLETE Column stats: COMPLETE
                       Limit
                         Number of rows: 2
                         Statistics: Num rows: 2 Data size: 0 Basic stats: PARTIAL Column stats: COMPLETE
@@ -158,10 +158,10 @@ STAGE PLANS:
             Lateral View Forward
               Statistics: Num rows: 500 Data size: 5312 Basic stats: COMPLETE Column stats: COMPLETE
               Select Operator
-                Statistics: Num rows: 500 Data size: 134000 Basic stats: COMPLETE Column stats: COMPLETE
+                Statistics: Num rows: 500 Data size: 0 Basic stats: PARTIAL Column stats: COMPLETE
                 Lateral View Join Operator
                   outputColumnNames: _col5, _col6
-                  Statistics: Num rows: 1000 Data size: 326000 Basic stats: COMPLETE Column stats: COMPLETE
+                  Statistics: Num rows: 1000 Data size: 192000 Basic stats: COMPLETE Column stats: COMPLETE
                   Select Operator
                     expressions: _col5 (type: string), _col6 (type: int)
                     outputColumnNames: _col0, _col1
@@ -182,7 +182,7 @@ STAGE PLANS:
                   function name: explode
                   Lateral View Join Operator
                     outputColumnNames: _col5, _col6
-                    Statistics: Num rows: 1000 Data size: 326000 Basic stats: COMPLETE Column stats: COMPLETE
+                    Statistics: Num rows: 1000 Data size: 192000 Basic stats: COMPLETE Column stats: COMPLETE
                     Select Operator
                       expressions: _col5 (type: string), _col6 (type: int)
                       outputColumnNames: _col0, _col1
@@ -259,10 +259,10 @@ STAGE PLANS:
             Lateral View Forward
               Statistics: Num rows: 500 Data size: 5312 Basic stats: COMPLETE Column stats: COMPLETE
               Select Operator
-                Statistics: Num rows: 500 Data size: 134000 Basic stats: COMPLETE Column stats: COMPLETE
+                Statistics: Num rows: 500 Data size: 0 Basic stats: PARTIAL Column stats: COMPLETE
                 Lateral View Join Operator
                   outputColumnNames: _col5, _col6
-                  Statistics: Num rows: 1000 Data size: 326000 Basic stats: COMPLETE Column stats: COMPLETE
+                  Statistics: Num rows: 1000 Data size: 192000 Basic stats: COMPLETE Column stats: COMPLETE
                   Select Operator
                     expressions: _col5 (type: string), _col6 (type: int)
                     outputColumnNames: _col0, _col1
@@ -283,7 +283,7 @@ STAGE PLANS:
                   function name: explode
                   Lateral View Join Operator
                     outputColumnNames: _col5, _col6
-                    Statistics: Num rows: 1000 Data size: 326000 Basic stats: COMPLETE Column stats: COMPLETE
+                    Statistics: Num rows: 1000 Data size: 192000 Basic stats: COMPLETE Column stats: COMPLETE
                     Select Operator
                       expressions: _col5 (type: string), _col6 (type: int)
                       outputColumnNames: _col0, _col1
diff --git a/ql/src/test/results/clientpositive/udtf_stack.q.out b/ql/src/test/results/clientpositive/udtf_stack.q.out
index 80edb65d03..43f0a76e39 100644
--- a/ql/src/test/results/clientpositive/udtf_stack.q.out
+++ b/ql/src/test/results/clientpositive/udtf_stack.q.out
@@ -21,10 +21,10 @@ STAGE PLANS:
             Lateral View Forward
               Statistics: Num rows: 500 Data size: 5312 Basic stats: COMPLETE Column stats: COMPLETE
               Select Operator
-                Statistics: Num rows: 500 Data size: 134000 Basic stats: COMPLETE Column stats: COMPLETE
+                Statistics: Num rows: 500 Data size: 0 Basic stats: PARTIAL Column stats: COMPLETE
                 Lateral View Join Operator
                   outputColumnNames: _col5, _col6
-                  Statistics: Num rows: 1000 Data size: 245000 Basic stats: COMPLETE Column stats: COMPLETE
+                  Statistics: Num rows: 1000 Data size: 111000 Basic stats: COMPLETE Column stats: COMPLETE
                   Select Operator
                     expressions: _col5 (type: string), _col6 (type: array<int>)
                     outputColumnNames: _col0, _col1
@@ -48,7 +48,7 @@ STAGE PLANS:
                   function name: stack
                   Lateral View Join Operator
                     outputColumnNames: _col5, _col6
-                    Statistics: Num rows: 1000 Data size: 245000 Basic stats: COMPLETE Column stats: COMPLETE
+                    Statistics: Num rows: 1000 Data size: 111000 Basic stats: COMPLETE Column stats: COMPLETE
                     Select Operator
                       expressions: _col5 (type: string), _col6 (type: array<int>)
                       outputColumnNames: _col0, _col1
@@ -88,10 +88,10 @@ STAGE PLANS:
             Lateral View Forward
               Statistics: Num rows: 500 Data size: 5312 Basic stats: COMPLETE Column stats: COMPLETE
               Select Operator
-                Statistics: Num rows: 500 Data size: 134000 Basic stats: COMPLETE Column stats: COMPLETE
+                Statistics: Num rows: 500 Data size: 0 Basic stats: PARTIAL Column stats: COMPLETE
                 Lateral View Join Operator
                   outputColumnNames: _col5, _col6
-                  Statistics: Num rows: 1000 Data size: 269000 Basic stats: COMPLETE Column stats: COMPLETE
+                  Statistics: Num rows: 1000 Data size: 135000 Basic stats: COMPLETE Column stats: COMPLETE
                   Select Operator
                     expressions: _col5 (type: string), _col6 (type: array<int>)
                     outputColumnNames: _col0, _col1
@@ -115,7 +115,7 @@ STAGE PLANS:
                   function name: stack
                   Lateral View Join Operator
                     outputColumnNames: _col5, _col6
-                    Statistics: Num rows: 1000 Data size: 269000 Basic stats: COMPLETE Column stats: COMPLETE
+                    Statistics: Num rows: 1000 Data size: 135000 Basic stats: COMPLETE Column stats: COMPLETE
                     Select Operator
                       expressions: _col5 (type: string), _col6 (type: array<int>)
                       outputColumnNames: _col0, _col1
