diff --git a/hbase-handler/src/test/results/positive/hbase_queries.q.out b/hbase-handler/src/test/results/positive/hbase_queries.q.out
index 0b4ed37fd0..9375ca1005 100644
--- a/hbase-handler/src/test/results/positive/hbase_queries.q.out
+++ b/hbase-handler/src/test/results/positive/hbase_queries.q.out
@@ -513,7 +513,7 @@ STAGE PLANS:
           keys: KEY._col0 (type: string)
           mode: mergepartial
           outputColumnNames: _col0, _col1
-          Statistics: Num rows: 250 Data size: 2656 Basic stats: COMPLETE Column stats: NONE
+          Statistics: Num rows: 125 Data size: 1328 Basic stats: COMPLETE Column stats: NONE
           File Output Operator
             compressed: false
             table:
@@ -545,7 +545,7 @@ STAGE PLANS:
               key expressions: UDFToDouble(_col0) (type: double)
               sort order: +
               Map-reduce partition columns: UDFToDouble(_col0) (type: double)
-              Statistics: Num rows: 250 Data size: 2656 Basic stats: COMPLETE Column stats: NONE
+              Statistics: Num rows: 125 Data size: 1328 Basic stats: COMPLETE Column stats: NONE
               value expressions: _col1 (type: bigint)
       Reduce Operator Tree:
         Join Operator
@@ -555,14 +555,14 @@ STAGE PLANS:
             0 {VALUE._col0} {VALUE._col1}
             1 {VALUE._col1}
           outputColumnNames: _col0, _col1, _col3
-          Statistics: Num rows: 275 Data size: 2921 Basic stats: COMPLETE Column stats: NONE
+          Statistics: Num rows: 137 Data size: 1460 Basic stats: COMPLETE Column stats: NONE
           Select Operator
             expressions: _col0 (type: int), _col1 (type: string), UDFToInteger(_col3) (type: int)
             outputColumnNames: _col0, _col1, _col2
-            Statistics: Num rows: 275 Data size: 2921 Basic stats: COMPLETE Column stats: NONE
+            Statistics: Num rows: 137 Data size: 1460 Basic stats: COMPLETE Column stats: NONE
             File Output Operator
               compressed: false
-              Statistics: Num rows: 275 Data size: 2921 Basic stats: COMPLETE Column stats: NONE
+              Statistics: Num rows: 137 Data size: 1460 Basic stats: COMPLETE Column stats: NONE
               table:
                   input format: org.apache.hadoop.hive.hbase.HiveHBaseTableInputFormat
                   output format: org.apache.hadoop.hive.hbase.HiveHBaseTableOutputFormat
diff --git a/ql/src/java/org/apache/hadoop/hive/ql/optimizer/stats/annotation/StatsRulesProcFactory.java b/ql/src/java/org/apache/hadoop/hive/ql/optimizer/stats/annotation/StatsRulesProcFactory.java
index 465d110191..8572491bae 100644
--- a/ql/src/java/org/apache/hadoop/hive/ql/optimizer/stats/annotation/StatsRulesProcFactory.java
+++ b/ql/src/java/org/apache/hadoop/hive/ql/optimizer/stats/annotation/StatsRulesProcFactory.java
@@ -25,7 +25,6 @@
 import org.apache.commons.logging.LogFactory;
 import org.apache.hadoop.hive.conf.HiveConf;
 import org.apache.hadoop.hive.ql.ErrorMsg;
-import org.apache.hadoop.hive.ql.exec.AppMasterEventOperator;
 import org.apache.hadoop.hive.ql.exec.ColumnInfo;
 import org.apache.hadoop.hive.ql.exec.CommonJoinOperator;
 import org.apache.hadoop.hive.ql.exec.FilterOperator;
@@ -605,8 +604,8 @@ public Object process(Node nd, Stack<Node> stack, NodeProcessorCtx procCtx,
           colExprMap, rs);
       long cardinality;
       long parallelism = 1L;
-      boolean mapSide = false;
-      boolean mapSideHashAgg = false;
+      boolean interReduction = false;
+      boolean hashAgg = false;
       long inputSize = 1L;
       boolean containsGroupingSet = gop.getConf().isGroupingSetsPresent();
       long sizeOfGroupingSet =
@@ -617,7 +616,7 @@ public Object process(Node nd, Stack<Node> stack, NodeProcessorCtx procCtx,
       // aggregation is disabled. Following are the possible cases and rule for cardinality
       // estimation
 
-      // MAP SIDE:
+      // INTERMEDIATE REDUCTION:
       // Case 1: NO column stats, NO hash aggregation, NO grouping sets — numRows
       // Case 2: NO column stats, NO hash aggregation, grouping sets — numRows * sizeOfGroupingSet
       // Case 3: column stats, hash aggregation, NO grouping sets — Min(numRows / 2, ndvProduct * parallelism)
@@ -625,15 +624,16 @@ public Object process(Node nd, Stack<Node> stack, NodeProcessorCtx procCtx,
       // Case 5: column stats, NO hash aggregation, NO grouping sets — numRows
       // Case 6: column stats, NO hash aggregation, grouping sets — numRows * sizeOfGroupingSet
 
-      // REDUCE SIDE:
+      // FINAL REDUCTION:
       // Case 7: NO column stats — numRows / 2
       // Case 8: column stats, grouping sets — Min(numRows, ndvProduct * sizeOfGroupingSet)
       // Case 9: column stats, NO grouping sets - Min(numRows, ndvProduct)
 
-      if (gop.getChildOperators().get(0) instanceof ReduceSinkOperator ||
-          gop.getChildOperators().get(0) instanceof AppMasterEventOperator) {
+      if (!gop.getConf().getMode().equals(GroupByDesc.Mode.MERGEPARTIAL) &&
+          !gop.getConf().getMode().equals(GroupByDesc.Mode.COMPLETE) &&
+          !gop.getConf().getMode().equals(GroupByDesc.Mode.FINAL)) {
 
-        mapSide = true;
+        interReduction = true;
 
         // consider approximate map side parallelism to be table data size
         // divided by max split size
@@ -662,10 +662,10 @@ public Object process(Node nd, Stack<Node> stack, NodeProcessorCtx procCtx,
         if (satisfyPrecondition(parentStats)) {
 
           // check if map side aggregation is possible or not based on column stats
-          mapSideHashAgg = checkMapSideAggregation(gop, colStats, conf);
+          hashAgg = checkMapSideAggregation(gop, colStats, conf);
 
           if (isDebugEnabled) {
-            LOG.debug("STATS-" + gop.toString() + " mapSideHashAgg: " + mapSideHashAgg);
+            LOG.debug("STATS-" + gop.toString() + " hashAgg: " + hashAgg);
           }
 
           stats = parentStats.clone();
@@ -709,10 +709,9 @@ public Object process(Node nd, Stack<Node> stack, NodeProcessorCtx procCtx,
             }
           }
 
-          if (mapSide) {
-            // MAP SIDE
+          if (interReduction) {
 
-            if (mapSideHashAgg) {
+            if (hashAgg) {
               if (containsGroupingSet) {
                 // Case 4: column stats, hash aggregation, grouping sets
                 cardinality = Math.min(
@@ -748,7 +747,6 @@ public Object process(Node nd, Stack<Node> stack, NodeProcessorCtx procCtx,
               }
             }
           } else {
-            // REDUCE SIDE
 
             // in reduce side GBY, we don't know if the grouping set was present or not. so get it
             // from map side GBY
@@ -786,8 +784,7 @@ public Object process(Node nd, Stack<Node> stack, NodeProcessorCtx procCtx,
             final long parentNumRows = stats.getNumRows();
 
             // if we don't have column stats, we just assume hash aggregation is disabled
-            if (mapSide) {
-              // MAP SIDE
+            if (interReduction) {
 
               if (containsGroupingSet) {
                 // Case 2: NO column stats, NO hash aggregation, grouping sets
@@ -805,7 +802,6 @@ public Object process(Node nd, Stack<Node> stack, NodeProcessorCtx procCtx,
                 }
               }
             } else {
-              // REDUCE SIDE
 
               // Case 7: NO column stats
               cardinality = parentNumRows / 2;
diff --git a/ql/src/test/results/clientpositive/auto_join18.q.out b/ql/src/test/results/clientpositive/auto_join18.q.out
index 2303f18c84..d1322a92f6 100644
--- a/ql/src/test/results/clientpositive/auto_join18.q.out
+++ b/ql/src/test/results/clientpositive/auto_join18.q.out
@@ -60,7 +60,7 @@ STAGE PLANS:
           keys: KEY._col0 (type: string)
           mode: mergepartial
           outputColumnNames: _col0, _col1
-          Statistics: Num rows: 500 Data size: 5312 Basic stats: COMPLETE Column stats: NONE
+          Statistics: Num rows: 250 Data size: 2656 Basic stats: COMPLETE Column stats: NONE
           File Output Operator
             compressed: false
             table:
@@ -76,14 +76,14 @@ STAGE PLANS:
               key expressions: _col0 (type: string)
               sort order: +
               Map-reduce partition columns: _col0 (type: string)
-              Statistics: Num rows: 500 Data size: 5312 Basic stats: COMPLETE Column stats: NONE
+              Statistics: Num rows: 250 Data size: 2656 Basic stats: COMPLETE Column stats: NONE
               value expressions: _col1 (type: bigint)
           TableScan
             Reduce Output Operator
               key expressions: _col0 (type: string)
               sort order: +
               Map-reduce partition columns: _col0 (type: string)
-              Statistics: Num rows: 25 Data size: 191 Basic stats: COMPLETE Column stats: NONE
+              Statistics: Num rows: 12 Data size: 91 Basic stats: COMPLETE Column stats: NONE
               value expressions: _col1 (type: bigint)
       Reduce Operator Tree:
         Join Operator
@@ -93,7 +93,7 @@ STAGE PLANS:
             0 {KEY.reducesinkkey0} {VALUE._col0}
             1 {KEY.reducesinkkey0} {VALUE._col0}
           outputColumnNames: _col0, _col1, _col2, _col3
-          Statistics: Num rows: 550 Data size: 5843 Basic stats: COMPLETE Column stats: NONE
+          Statistics: Num rows: 275 Data size: 2921 Basic stats: COMPLETE Column stats: NONE
           Group By Operator
             aggregations: sum(hash(_col0,_col1,_col2,_col3))
             mode: hash
@@ -159,7 +159,7 @@ STAGE PLANS:
           keys: KEY._col0 (type: string)
           mode: mergepartial
           outputColumnNames: _col0, _col1
-          Statistics: Num rows: 25 Data size: 191 Basic stats: COMPLETE Column stats: NONE
+          Statistics: Num rows: 12 Data size: 91 Basic stats: COMPLETE Column stats: NONE
           File Output Operator
             compressed: false
             table:
diff --git a/ql/src/test/results/clientpositive/auto_join18_multi_distinct.q.out b/ql/src/test/results/clientpositive/auto_join18_multi_distinct.q.out
index ee5a32c3f5..c7a5732414 100644
--- a/ql/src/test/results/clientpositive/auto_join18_multi_distinct.q.out
+++ b/ql/src/test/results/clientpositive/auto_join18_multi_distinct.q.out
@@ -62,7 +62,7 @@ STAGE PLANS:
           keys: KEY._col0 (type: string)
           mode: mergepartial
           outputColumnNames: _col0, _col1
-          Statistics: Num rows: 500 Data size: 5312 Basic stats: COMPLETE Column stats: NONE
+          Statistics: Num rows: 250 Data size: 2656 Basic stats: COMPLETE Column stats: NONE
           File Output Operator
             compressed: false
             table:
@@ -78,14 +78,14 @@ STAGE PLANS:
               key expressions: _col0 (type: string)
               sort order: +
               Map-reduce partition columns: _col0 (type: string)
-              Statistics: Num rows: 500 Data size: 5312 Basic stats: COMPLETE Column stats: NONE
+              Statistics: Num rows: 250 Data size: 2656 Basic stats: COMPLETE Column stats: NONE
               value expressions: _col1 (type: bigint)
           TableScan
             Reduce Output Operator
               key expressions: _col0 (type: string)
               sort order: +
               Map-reduce partition columns: _col0 (type: string)
-              Statistics: Num rows: 25 Data size: 191 Basic stats: COMPLETE Column stats: NONE
+              Statistics: Num rows: 12 Data size: 91 Basic stats: COMPLETE Column stats: NONE
               value expressions: _col1 (type: bigint), _col2 (type: bigint)
       Reduce Operator Tree:
         Join Operator
@@ -95,7 +95,7 @@ STAGE PLANS:
             0 {KEY.reducesinkkey0} {VALUE._col0}
             1 {KEY.reducesinkkey0} {VALUE._col0} {VALUE._col1}
           outputColumnNames: _col0, _col1, _col2, _col3, _col4
-          Statistics: Num rows: 550 Data size: 5843 Basic stats: COMPLETE Column stats: NONE
+          Statistics: Num rows: 275 Data size: 2921 Basic stats: COMPLETE Column stats: NONE
           Group By Operator
             aggregations: sum(hash(_col0,_col1,_col2,_col3,_col4))
             mode: hash
@@ -161,7 +161,7 @@ STAGE PLANS:
           keys: KEY._col0 (type: string)
           mode: mergepartial
           outputColumnNames: _col0, _col1, _col2
-          Statistics: Num rows: 25 Data size: 191 Basic stats: COMPLETE Column stats: NONE
+          Statistics: Num rows: 12 Data size: 91 Basic stats: COMPLETE Column stats: NONE
           File Output Operator
             compressed: false
             table:
diff --git a/ql/src/test/results/clientpositive/correlationoptimizer10.q.out b/ql/src/test/results/clientpositive/correlationoptimizer10.q.out
index 00d0c1e9c1..2c7be97f30 100644
--- a/ql/src/test/results/clientpositive/correlationoptimizer10.q.out
+++ b/ql/src/test/results/clientpositive/correlationoptimizer10.q.out
@@ -102,7 +102,7 @@ STAGE PLANS:
           keys: KEY._col0 (type: string)
           mode: mergepartial
           outputColumnNames: _col0, _col1
-          Statistics: Num rows: 14 Data size: 108 Basic stats: COMPLETE Column stats: NONE
+          Statistics: Num rows: 7 Data size: 54 Basic stats: COMPLETE Column stats: NONE
           File Output Operator
             compressed: false
             table:
@@ -118,7 +118,7 @@ STAGE PLANS:
               key expressions: _col0 (type: string)
               sort order: +
               Map-reduce partition columns: _col0 (type: string)
-              Statistics: Num rows: 14 Data size: 108 Basic stats: COMPLETE Column stats: NONE
+              Statistics: Num rows: 7 Data size: 54 Basic stats: COMPLETE Column stats: NONE
               value expressions: _col1 (type: bigint)
           TableScan
             alias: yy
diff --git a/ql/src/test/results/clientpositive/correlationoptimizer14.q.out b/ql/src/test/results/clientpositive/correlationoptimizer14.q.out
index 166ba4b09a..ed9fa97122 100644
--- a/ql/src/test/results/clientpositive/correlationoptimizer14.q.out
+++ b/ql/src/test/results/clientpositive/correlationoptimizer14.q.out
@@ -1331,7 +1331,7 @@ STAGE PLANS:
               key expressions: _col0 (type: string)
               sort order: +
               Map-reduce partition columns: _col0 (type: string)
-              Statistics: Num rows: 13 Data size: 99 Basic stats: COMPLETE Column stats: NONE
+              Statistics: Num rows: 6 Data size: 45 Basic stats: COMPLETE Column stats: NONE
               value expressions: _col1 (type: bigint)
       Reduce Operator Tree:
         Join Operator
@@ -1381,7 +1381,7 @@ STAGE PLANS:
           keys: KEY._col0 (type: string)
           mode: mergepartial
           outputColumnNames: _col0, _col1
-          Statistics: Num rows: 13 Data size: 99 Basic stats: COMPLETE Column stats: NONE
+          Statistics: Num rows: 6 Data size: 45 Basic stats: COMPLETE Column stats: NONE
           File Output Operator
             compressed: false
             table:
diff --git a/ql/src/test/results/clientpositive/correlationoptimizer15.q.out b/ql/src/test/results/clientpositive/correlationoptimizer15.q.out
index 6b8cf50a79..35aeb10a8f 100644
--- a/ql/src/test/results/clientpositive/correlationoptimizer15.q.out
+++ b/ql/src/test/results/clientpositive/correlationoptimizer15.q.out
@@ -93,7 +93,7 @@ STAGE PLANS:
           keys: KEY._col0 (type: string)
           mode: mergepartial
           outputColumnNames: _col0, _col1
-          Statistics: Num rows: 14 Data size: 108 Basic stats: COMPLETE Column stats: NONE
+          Statistics: Num rows: 7 Data size: 54 Basic stats: COMPLETE Column stats: NONE
           File Output Operator
             compressed: false
             table:
@@ -109,7 +109,7 @@ STAGE PLANS:
               key expressions: _col0 (type: string)
               sort order: +
               Map-reduce partition columns: _col0 (type: string)
-              Statistics: Num rows: 14 Data size: 108 Basic stats: COMPLETE Column stats: NONE
+              Statistics: Num rows: 7 Data size: 54 Basic stats: COMPLETE Column stats: NONE
               value expressions: _col1 (type: bigint)
           TableScan
             alias: yy
diff --git a/ql/src/test/results/clientpositive/correlationoptimizer2.q.out b/ql/src/test/results/clientpositive/correlationoptimizer2.q.out
index 8782ac125a..51e61b426e 100644
--- a/ql/src/test/results/clientpositive/correlationoptimizer2.q.out
+++ b/ql/src/test/results/clientpositive/correlationoptimizer2.q.out
@@ -59,7 +59,7 @@ STAGE PLANS:
           keys: KEY._col0 (type: string)
           mode: mergepartial
           outputColumnNames: _col0, _col1
-          Statistics: Num rows: 250 Data size: 2656 Basic stats: COMPLETE Column stats: NONE
+          Statistics: Num rows: 125 Data size: 1328 Basic stats: COMPLETE Column stats: NONE
           File Output Operator
             compressed: false
             table:
@@ -75,14 +75,14 @@ STAGE PLANS:
               key expressions: _col0 (type: string)
               sort order: +
               Map-reduce partition columns: _col0 (type: string)
-              Statistics: Num rows: 250 Data size: 2656 Basic stats: COMPLETE Column stats: NONE
+              Statistics: Num rows: 125 Data size: 1328 Basic stats: COMPLETE Column stats: NONE
               value expressions: _col1 (type: bigint)
           TableScan
             Reduce Output Operator
               key expressions: _col0 (type: string)
               sort order: +
               Map-reduce partition columns: _col0 (type: string)
-              Statistics: Num rows: 13 Data size: 99 Basic stats: COMPLETE Column stats: NONE
+              Statistics: Num rows: 6 Data size: 45 Basic stats: COMPLETE Column stats: NONE
               value expressions: _col1 (type: bigint)
       Reduce Operator Tree:
         Join Operator
@@ -92,7 +92,7 @@ STAGE PLANS:
             0 {KEY.reducesinkkey0} {VALUE._col0}
             1 {KEY.reducesinkkey0} {VALUE._col0}
           outputColumnNames: _col0, _col1, _col2, _col3
-          Statistics: Num rows: 275 Data size: 2921 Basic stats: COMPLETE Column stats: NONE
+          Statistics: Num rows: 137 Data size: 1460 Basic stats: COMPLETE Column stats: NONE
           Group By Operator
             aggregations: sum(hash(_col0)), sum(hash(_col1)), sum(hash(_col2)), sum(hash(_col3))
             mode: hash
@@ -158,7 +158,7 @@ STAGE PLANS:
           keys: KEY._col0 (type: string)
           mode: mergepartial
           outputColumnNames: _col0, _col1
-          Statistics: Num rows: 13 Data size: 99 Basic stats: COMPLETE Column stats: NONE
+          Statistics: Num rows: 6 Data size: 45 Basic stats: COMPLETE Column stats: NONE
           File Output Operator
             compressed: false
             table:
@@ -411,7 +411,7 @@ STAGE PLANS:
           keys: KEY._col0 (type: string)
           mode: mergepartial
           outputColumnNames: _col0, _col1
-          Statistics: Num rows: 500 Data size: 5312 Basic stats: COMPLETE Column stats: NONE
+          Statistics: Num rows: 250 Data size: 2656 Basic stats: COMPLETE Column stats: NONE
           File Output Operator
             compressed: false
             table:
@@ -427,14 +427,14 @@ STAGE PLANS:
               key expressions: _col0 (type: string)
               sort order: +
               Map-reduce partition columns: _col0 (type: string)
-              Statistics: Num rows: 500 Data size: 5312 Basic stats: COMPLETE Column stats: NONE
+              Statistics: Num rows: 250 Data size: 2656 Basic stats: COMPLETE Column stats: NONE
               value expressions: _col1 (type: bigint)
           TableScan
             Reduce Output Operator
               key expressions: _col0 (type: string)
               sort order: +
               Map-reduce partition columns: _col0 (type: string)
-              Statistics: Num rows: 25 Data size: 191 Basic stats: COMPLETE Column stats: NONE
+              Statistics: Num rows: 12 Data size: 91 Basic stats: COMPLETE Column stats: NONE
               value expressions: _col1 (type: bigint)
       Reduce Operator Tree:
         Join Operator
@@ -444,7 +444,7 @@ STAGE PLANS:
             0 {KEY.reducesinkkey0} {VALUE._col0}
             1 {KEY.reducesinkkey0} {VALUE._col0}
           outputColumnNames: _col0, _col1, _col2, _col3
-          Statistics: Num rows: 550 Data size: 5843 Basic stats: COMPLETE Column stats: NONE
+          Statistics: Num rows: 275 Data size: 2921 Basic stats: COMPLETE Column stats: NONE
           Group By Operator
             aggregations: sum(hash(_col0)), sum(hash(_col1)), sum(hash(_col2)), sum(hash(_col3))
             mode: hash
@@ -511,7 +511,7 @@ STAGE PLANS:
           keys: KEY._col0 (type: string)
           mode: mergepartial
           outputColumnNames: _col0, _col1
-          Statistics: Num rows: 25 Data size: 191 Basic stats: COMPLETE Column stats: NONE
+          Statistics: Num rows: 12 Data size: 91 Basic stats: COMPLETE Column stats: NONE
           File Output Operator
             compressed: false
             table:
@@ -766,7 +766,7 @@ STAGE PLANS:
           keys: KEY._col0 (type: string)
           mode: mergepartial
           outputColumnNames: _col0, _col1
-          Statistics: Num rows: 500 Data size: 5312 Basic stats: COMPLETE Column stats: NONE
+          Statistics: Num rows: 250 Data size: 2656 Basic stats: COMPLETE Column stats: NONE
           File Output Operator
             compressed: false
             table:
@@ -782,14 +782,14 @@ STAGE PLANS:
               key expressions: _col0 (type: string)
               sort order: +
               Map-reduce partition columns: _col0 (type: string)
-              Statistics: Num rows: 500 Data size: 5312 Basic stats: COMPLETE Column stats: NONE
+              Statistics: Num rows: 250 Data size: 2656 Basic stats: COMPLETE Column stats: NONE
               value expressions: _col1 (type: bigint)
           TableScan
             Reduce Output Operator
               key expressions: _col0 (type: string)
               sort order: +
               Map-reduce partition columns: _col0 (type: string)
-              Statistics: Num rows: 25 Data size: 191 Basic stats: COMPLETE Column stats: NONE
+              Statistics: Num rows: 12 Data size: 91 Basic stats: COMPLETE Column stats: NONE
               value expressions: _col1 (type: bigint)
       Reduce Operator Tree:
         Join Operator
@@ -799,7 +799,7 @@ STAGE PLANS:
             0 {KEY.reducesinkkey0} {VALUE._col0}
             1 {KEY.reducesinkkey0} {VALUE._col0}
           outputColumnNames: _col0, _col1, _col2, _col3
-          Statistics: Num rows: 550 Data size: 5843 Basic stats: COMPLETE Column stats: NONE
+          Statistics: Num rows: 275 Data size: 2921 Basic stats: COMPLETE Column stats: NONE
           Group By Operator
             aggregations: sum(hash(_col0)), sum(hash(_col1)), sum(hash(_col2)), sum(hash(_col3))
             mode: hash
@@ -866,7 +866,7 @@ STAGE PLANS:
           keys: KEY._col0 (type: string)
           mode: mergepartial
           outputColumnNames: _col0, _col1
-          Statistics: Num rows: 25 Data size: 191 Basic stats: COMPLETE Column stats: NONE
+          Statistics: Num rows: 12 Data size: 91 Basic stats: COMPLETE Column stats: NONE
           File Output Operator
             compressed: false
             table:
@@ -1121,7 +1121,7 @@ STAGE PLANS:
           keys: KEY._col0 (type: string)
           mode: mergepartial
           outputColumnNames: _col0, _col1
-          Statistics: Num rows: 500 Data size: 5312 Basic stats: COMPLETE Column stats: NONE
+          Statistics: Num rows: 250 Data size: 2656 Basic stats: COMPLETE Column stats: NONE
           File Output Operator
             compressed: false
             table:
@@ -1137,14 +1137,14 @@ STAGE PLANS:
               key expressions: _col0 (type: string)
               sort order: +
               Map-reduce partition columns: _col0 (type: string)
-              Statistics: Num rows: 500 Data size: 5312 Basic stats: COMPLETE Column stats: NONE
+              Statistics: Num rows: 250 Data size: 2656 Basic stats: COMPLETE Column stats: NONE
               value expressions: _col1 (type: bigint)
           TableScan
             Reduce Output Operator
               key expressions: _col0 (type: string)
               sort order: +
               Map-reduce partition columns: _col0 (type: string)
-              Statistics: Num rows: 25 Data size: 191 Basic stats: COMPLETE Column stats: NONE
+              Statistics: Num rows: 12 Data size: 91 Basic stats: COMPLETE Column stats: NONE
               value expressions: _col1 (type: bigint)
       Reduce Operator Tree:
         Join Operator
@@ -1154,7 +1154,7 @@ STAGE PLANS:
             0 {KEY.reducesinkkey0} {VALUE._col0}
             1 {KEY.reducesinkkey0} {VALUE._col0}
           outputColumnNames: _col0, _col1, _col2, _col3
-          Statistics: Num rows: 550 Data size: 5843 Basic stats: COMPLETE Column stats: NONE
+          Statistics: Num rows: 275 Data size: 2921 Basic stats: COMPLETE Column stats: NONE
           Group By Operator
             aggregations: sum(hash(_col0)), sum(hash(_col1)), sum(hash(_col2)), sum(hash(_col3))
             mode: hash
@@ -1221,7 +1221,7 @@ STAGE PLANS:
           keys: KEY._col0 (type: string)
           mode: mergepartial
           outputColumnNames: _col0, _col1
-          Statistics: Num rows: 25 Data size: 191 Basic stats: COMPLETE Column stats: NONE
+          Statistics: Num rows: 12 Data size: 91 Basic stats: COMPLETE Column stats: NONE
           File Output Operator
             compressed: false
             table:
@@ -1955,7 +1955,7 @@ STAGE PLANS:
               key expressions: _col0 (type: string)
               sort order: +
               Map-reduce partition columns: _col0 (type: string)
-              Statistics: Num rows: 13 Data size: 99 Basic stats: COMPLETE Column stats: NONE
+              Statistics: Num rows: 6 Data size: 45 Basic stats: COMPLETE Column stats: NONE
               value expressions: _col1 (type: bigint)
       Reduce Operator Tree:
         Join Operator
@@ -2031,7 +2031,7 @@ STAGE PLANS:
           keys: KEY._col0 (type: string)
           mode: mergepartial
           outputColumnNames: _col0, _col1
-          Statistics: Num rows: 13 Data size: 99 Basic stats: COMPLETE Column stats: NONE
+          Statistics: Num rows: 6 Data size: 45 Basic stats: COMPLETE Column stats: NONE
           File Output Operator
             compressed: false
             table:
diff --git a/ql/src/test/results/clientpositive/correlationoptimizer3.q.out b/ql/src/test/results/clientpositive/correlationoptimizer3.q.out
index c59c0ccbac..73c91e3b26 100644
--- a/ql/src/test/results/clientpositive/correlationoptimizer3.q.out
+++ b/ql/src/test/results/clientpositive/correlationoptimizer3.q.out
@@ -98,7 +98,7 @@ STAGE PLANS:
           keys: KEY._col0 (type: string)
           mode: mergepartial
           outputColumnNames: _col0, _col1
-          Statistics: Num rows: 275 Data size: 2921 Basic stats: COMPLETE Column stats: NONE
+          Statistics: Num rows: 137 Data size: 1455 Basic stats: COMPLETE Column stats: NONE
           File Output Operator
             compressed: false
             table:
@@ -114,7 +114,7 @@ STAGE PLANS:
               key expressions: _col0 (type: string)
               sort order: +
               Map-reduce partition columns: _col0 (type: string)
-              Statistics: Num rows: 275 Data size: 2921 Basic stats: COMPLETE Column stats: NONE
+              Statistics: Num rows: 137 Data size: 1455 Basic stats: COMPLETE Column stats: NONE
               value expressions: _col1 (type: bigint)
           TableScan
             Reduce Output Operator
@@ -748,7 +748,7 @@ STAGE PLANS:
               key expressions: _col0 (type: string)
               sort order: +
               Map-reduce partition columns: _col0 (type: string)
-              Statistics: Num rows: 275 Data size: 2921 Basic stats: COMPLETE Column stats: NONE
+              Statistics: Num rows: 137 Data size: 1455 Basic stats: COMPLETE Column stats: NONE
               value expressions: _col1 (type: bigint)
       Reduce Operator Tree:
         Join Operator
@@ -864,7 +864,7 @@ STAGE PLANS:
           keys: KEY._col0 (type: string)
           mode: mergepartial
           outputColumnNames: _col0, _col1
-          Statistics: Num rows: 275 Data size: 2921 Basic stats: COMPLETE Column stats: NONE
+          Statistics: Num rows: 137 Data size: 1455 Basic stats: COMPLETE Column stats: NONE
           File Output Operator
             compressed: false
             table:
diff --git a/ql/src/test/results/clientpositive/correlationoptimizer6.q.out b/ql/src/test/results/clientpositive/correlationoptimizer6.q.out
index 852fac38db..30df927427 100644
--- a/ql/src/test/results/clientpositive/correlationoptimizer6.q.out
+++ b/ql/src/test/results/clientpositive/correlationoptimizer6.q.out
@@ -96,7 +96,7 @@ STAGE PLANS:
           keys: KEY._col0 (type: string)
           mode: mergepartial
           outputColumnNames: _col0, _col1
-          Statistics: Num rows: 14 Data size: 108 Basic stats: COMPLETE Column stats: NONE
+          Statistics: Num rows: 7 Data size: 54 Basic stats: COMPLETE Column stats: NONE
           File Output Operator
             compressed: false
             table:
@@ -112,14 +112,14 @@ STAGE PLANS:
               key expressions: _col0 (type: string)
               sort order: +
               Map-reduce partition columns: _col0 (type: string)
-              Statistics: Num rows: 14 Data size: 108 Basic stats: COMPLETE Column stats: NONE
+              Statistics: Num rows: 7 Data size: 54 Basic stats: COMPLETE Column stats: NONE
               value expressions: _col1 (type: bigint)
           TableScan
             Reduce Output Operator
               key expressions: _col0 (type: string)
               sort order: +
               Map-reduce partition columns: _col0 (type: string)
-              Statistics: Num rows: 275 Data size: 2921 Basic stats: COMPLETE Column stats: NONE
+              Statistics: Num rows: 137 Data size: 1455 Basic stats: COMPLETE Column stats: NONE
               value expressions: _col1 (type: bigint)
       Reduce Operator Tree:
         Join Operator
@@ -129,14 +129,14 @@ STAGE PLANS:
             0 {KEY.reducesinkkey0} {VALUE._col0}
             1 {KEY.reducesinkkey0} {VALUE._col0}
           outputColumnNames: _col0, _col1, _col2, _col3
-          Statistics: Num rows: 302 Data size: 3213 Basic stats: COMPLETE Column stats: NONE
+          Statistics: Num rows: 150 Data size: 1600 Basic stats: COMPLETE Column stats: NONE
           Select Operator
             expressions: _col0 (type: string), _col1 (type: bigint), _col2 (type: string), _col3 (type: bigint)
             outputColumnNames: _col0, _col1, _col2, _col3
-            Statistics: Num rows: 302 Data size: 3213 Basic stats: COMPLETE Column stats: NONE
+            Statistics: Num rows: 150 Data size: 1600 Basic stats: COMPLETE Column stats: NONE
             File Output Operator
               compressed: false
-              Statistics: Num rows: 302 Data size: 3213 Basic stats: COMPLETE Column stats: NONE
+              Statistics: Num rows: 150 Data size: 1600 Basic stats: COMPLETE Column stats: NONE
               table:
                   input format: org.apache.hadoop.mapred.TextInputFormat
                   output format: org.apache.hadoop.hive.ql.io.HiveIgnoreKeyTextOutputFormat
@@ -205,7 +205,7 @@ STAGE PLANS:
           keys: KEY._col0 (type: string)
           mode: mergepartial
           outputColumnNames: _col0, _col1
-          Statistics: Num rows: 275 Data size: 2921 Basic stats: COMPLETE Column stats: NONE
+          Statistics: Num rows: 137 Data size: 1455 Basic stats: COMPLETE Column stats: NONE
           File Output Operator
             compressed: false
             table:
@@ -719,7 +719,7 @@ STAGE PLANS:
           keys: KEY._col0 (type: string)
           mode: mergepartial
           outputColumnNames: _col0, _col1
-          Statistics: Num rows: 250 Data size: 2656 Basic stats: COMPLETE Column stats: NONE
+          Statistics: Num rows: 125 Data size: 1328 Basic stats: COMPLETE Column stats: NONE
           File Output Operator
             compressed: false
             table:
@@ -735,7 +735,7 @@ STAGE PLANS:
               key expressions: _col0 (type: string)
               sort order: +
               Map-reduce partition columns: _col0 (type: string)
-              Statistics: Num rows: 250 Data size: 2656 Basic stats: COMPLETE Column stats: NONE
+              Statistics: Num rows: 125 Data size: 1328 Basic stats: COMPLETE Column stats: NONE
               value expressions: _col1 (type: bigint)
           TableScan
             alias: xx
@@ -756,14 +756,14 @@ STAGE PLANS:
             0 {KEY.reducesinkkey0}
             1 {KEY.reducesinkkey0} {VALUE._col0}
           outputColumnNames: _col0, _col5, _col6
-          Statistics: Num rows: 275 Data size: 2921 Basic stats: COMPLETE Column stats: NONE
+          Statistics: Num rows: 137 Data size: 1460 Basic stats: COMPLETE Column stats: NONE
           Select Operator
             expressions: _col0 (type: string), _col5 (type: string), _col6 (type: bigint)
             outputColumnNames: _col0, _col1, _col2
-            Statistics: Num rows: 275 Data size: 2921 Basic stats: COMPLETE Column stats: NONE
+            Statistics: Num rows: 137 Data size: 1460 Basic stats: COMPLETE Column stats: NONE
             File Output Operator
               compressed: false
-              Statistics: Num rows: 275 Data size: 2921 Basic stats: COMPLETE Column stats: NONE
+              Statistics: Num rows: 137 Data size: 1460 Basic stats: COMPLETE Column stats: NONE
               table:
                   input format: org.apache.hadoop.mapred.TextInputFormat
                   output format: org.apache.hadoop.hive.ql.io.HiveIgnoreKeyTextOutputFormat
@@ -1040,7 +1040,7 @@ STAGE PLANS:
           keys: KEY._col0 (type: string)
           mode: mergepartial
           outputColumnNames: _col0, _col1
-          Statistics: Num rows: 275 Data size: 2921 Basic stats: COMPLETE Column stats: NONE
+          Statistics: Num rows: 137 Data size: 1455 Basic stats: COMPLETE Column stats: NONE
           File Output Operator
             compressed: false
             table:
@@ -1056,7 +1056,7 @@ STAGE PLANS:
               key expressions: _col0 (type: string)
               sort order: +
               Map-reduce partition columns: _col0 (type: string)
-              Statistics: Num rows: 275 Data size: 2921 Basic stats: COMPLETE Column stats: NONE
+              Statistics: Num rows: 137 Data size: 1455 Basic stats: COMPLETE Column stats: NONE
               value expressions: _col1 (type: bigint)
           TableScan
             alias: xx
@@ -1077,14 +1077,14 @@ STAGE PLANS:
             0 {KEY.reducesinkkey0}
             1 {KEY.reducesinkkey0} {VALUE._col0}
           outputColumnNames: _col0, _col5, _col6
-          Statistics: Num rows: 302 Data size: 3213 Basic stats: COMPLETE Column stats: NONE
+          Statistics: Num rows: 150 Data size: 1600 Basic stats: COMPLETE Column stats: NONE
           Select Operator
             expressions: _col0 (type: string), _col5 (type: string), _col6 (type: bigint)
             outputColumnNames: _col0, _col1, _col2
-            Statistics: Num rows: 302 Data size: 3213 Basic stats: COMPLETE Column stats: NONE
+            Statistics: Num rows: 150 Data size: 1600 Basic stats: COMPLETE Column stats: NONE
             File Output Operator
               compressed: false
-              Statistics: Num rows: 302 Data size: 3213 Basic stats: COMPLETE Column stats: NONE
+              Statistics: Num rows: 150 Data size: 1600 Basic stats: COMPLETE Column stats: NONE
               table:
                   input format: org.apache.hadoop.mapred.TextInputFormat
                   output format: org.apache.hadoop.hive.ql.io.HiveIgnoreKeyTextOutputFormat
@@ -1375,7 +1375,7 @@ STAGE PLANS:
           keys: KEY._col0 (type: string)
           mode: mergepartial
           outputColumnNames: _col0, _col1
-          Statistics: Num rows: 14 Data size: 108 Basic stats: COMPLETE Column stats: NONE
+          Statistics: Num rows: 7 Data size: 54 Basic stats: COMPLETE Column stats: NONE
           File Output Operator
             compressed: false
             table:
@@ -1391,7 +1391,7 @@ STAGE PLANS:
               key expressions: _col0 (type: string)
               sort order: +
               Map-reduce partition columns: _col0 (type: string)
-              Statistics: Num rows: 14 Data size: 108 Basic stats: COMPLETE Column stats: NONE
+              Statistics: Num rows: 7 Data size: 54 Basic stats: COMPLETE Column stats: NONE
               value expressions: _col1 (type: bigint)
           TableScan
             alias: yy
@@ -1756,7 +1756,7 @@ STAGE PLANS:
           keys: KEY._col0 (type: string)
           mode: mergepartial
           outputColumnNames: _col0, _col1
-          Statistics: Num rows: 275 Data size: 2921 Basic stats: COMPLETE Column stats: NONE
+          Statistics: Num rows: 137 Data size: 1455 Basic stats: COMPLETE Column stats: NONE
           File Output Operator
             compressed: false
             table:
@@ -1772,7 +1772,7 @@ STAGE PLANS:
               key expressions: _col0 (type: string)
               sort order: +
               Map-reduce partition columns: _col0 (type: string)
-              Statistics: Num rows: 275 Data size: 2921 Basic stats: COMPLETE Column stats: NONE
+              Statistics: Num rows: 137 Data size: 1455 Basic stats: COMPLETE Column stats: NONE
               value expressions: _col1 (type: bigint)
           TableScan
             alias: xx
@@ -1806,14 +1806,14 @@ STAGE PLANS:
             1 
             2 {KEY.reducesinkkey0} {VALUE._col0}
           outputColumnNames: _col0, _col10, _col11
-          Statistics: Num rows: 605 Data size: 6426 Basic stats: COMPLETE Column stats: NONE
+          Statistics: Num rows: 550 Data size: 5843 Basic stats: COMPLETE Column stats: NONE
           Select Operator
             expressions: _col0 (type: string), _col10 (type: string), _col11 (type: bigint)
             outputColumnNames: _col0, _col1, _col2
-            Statistics: Num rows: 605 Data size: 6426 Basic stats: COMPLETE Column stats: NONE
+            Statistics: Num rows: 550 Data size: 5843 Basic stats: COMPLETE Column stats: NONE
             File Output Operator
               compressed: false
-              Statistics: Num rows: 605 Data size: 6426 Basic stats: COMPLETE Column stats: NONE
+              Statistics: Num rows: 550 Data size: 5843 Basic stats: COMPLETE Column stats: NONE
               table:
                   input format: org.apache.hadoop.mapred.TextInputFormat
                   output format: org.apache.hadoop.hive.ql.io.HiveIgnoreKeyTextOutputFormat
@@ -2177,7 +2177,7 @@ STAGE PLANS:
           keys: KEY._col0 (type: string)
           mode: mergepartial
           outputColumnNames: _col0, _col1
-          Statistics: Num rows: 275 Data size: 2921 Basic stats: COMPLETE Column stats: NONE
+          Statistics: Num rows: 137 Data size: 1455 Basic stats: COMPLETE Column stats: NONE
           File Output Operator
             compressed: false
             table:
@@ -2193,7 +2193,7 @@ STAGE PLANS:
               key expressions: _col0 (type: string)
               sort order: +
               Map-reduce partition columns: _col0 (type: string)
-              Statistics: Num rows: 275 Data size: 2921 Basic stats: COMPLETE Column stats: NONE
+              Statistics: Num rows: 137 Data size: 1455 Basic stats: COMPLETE Column stats: NONE
               value expressions: _col1 (type: bigint)
           TableScan
             alias: xx
@@ -2227,14 +2227,14 @@ STAGE PLANS:
             1 {KEY.reducesinkkey0} {VALUE._col0}
             2 
           outputColumnNames: _col0, _col5, _col6
-          Statistics: Num rows: 605 Data size: 6426 Basic stats: COMPLETE Column stats: NONE
+          Statistics: Num rows: 550 Data size: 5843 Basic stats: COMPLETE Column stats: NONE
           Select Operator
             expressions: _col0 (type: string), _col5 (type: string), _col6 (type: bigint)
             outputColumnNames: _col0, _col1, _col2
-            Statistics: Num rows: 605 Data size: 6426 Basic stats: COMPLETE Column stats: NONE
+            Statistics: Num rows: 550 Data size: 5843 Basic stats: COMPLETE Column stats: NONE
             File Output Operator
               compressed: false
-              Statistics: Num rows: 605 Data size: 6426 Basic stats: COMPLETE Column stats: NONE
+              Statistics: Num rows: 550 Data size: 5843 Basic stats: COMPLETE Column stats: NONE
               table:
                   input format: org.apache.hadoop.mapred.TextInputFormat
                   output format: org.apache.hadoop.hive.ql.io.HiveIgnoreKeyTextOutputFormat
@@ -2560,7 +2560,7 @@ STAGE PLANS:
           keys: KEY._col0 (type: string)
           mode: mergepartial
           outputColumnNames: _col0, _col1
-          Statistics: Num rows: 250 Data size: 2656 Basic stats: COMPLETE Column stats: NONE
+          Statistics: Num rows: 125 Data size: 1328 Basic stats: COMPLETE Column stats: NONE
           File Output Operator
             compressed: false
             table:
@@ -2576,14 +2576,14 @@ STAGE PLANS:
               key expressions: _col0 (type: string)
               sort order: +
               Map-reduce partition columns: _col0 (type: string)
-              Statistics: Num rows: 250 Data size: 2656 Basic stats: COMPLETE Column stats: NONE
+              Statistics: Num rows: 125 Data size: 1328 Basic stats: COMPLETE Column stats: NONE
               value expressions: _col1 (type: bigint)
           TableScan
             Reduce Output Operator
               key expressions: _col0 (type: string)
               sort order: +
               Map-reduce partition columns: _col0 (type: string)
-              Statistics: Num rows: 13 Data size: 99 Basic stats: COMPLETE Column stats: NONE
+              Statistics: Num rows: 6 Data size: 45 Basic stats: COMPLETE Column stats: NONE
               value expressions: _col1 (type: bigint)
       Reduce Operator Tree:
         Join Operator
@@ -2593,13 +2593,13 @@ STAGE PLANS:
             0 {KEY.reducesinkkey0} {VALUE._col0}
             1 {VALUE._col0}
           outputColumnNames: _col0, _col1, _col3
-          Statistics: Num rows: 275 Data size: 2921 Basic stats: COMPLETE Column stats: NONE
+          Statistics: Num rows: 137 Data size: 1460 Basic stats: COMPLETE Column stats: NONE
           Group By Operator
             aggregations: sum(_col1), sum(_col3)
             keys: _col0 (type: string)
             mode: hash
             outputColumnNames: _col0, _col1, _col2
-            Statistics: Num rows: 275 Data size: 2921 Basic stats: COMPLETE Column stats: NONE
+            Statistics: Num rows: 137 Data size: 1460 Basic stats: COMPLETE Column stats: NONE
             File Output Operator
               compressed: false
               table:
@@ -2615,7 +2615,7 @@ STAGE PLANS:
               key expressions: _col0 (type: string)
               sort order: +
               Map-reduce partition columns: _col0 (type: string)
-              Statistics: Num rows: 275 Data size: 2921 Basic stats: COMPLETE Column stats: NONE
+              Statistics: Num rows: 137 Data size: 1460 Basic stats: COMPLETE Column stats: NONE
               value expressions: _col1 (type: bigint), _col2 (type: bigint)
       Reduce Operator Tree:
         Group By Operator
@@ -2623,7 +2623,7 @@ STAGE PLANS:
           keys: KEY._col0 (type: string)
           mode: mergepartial
           outputColumnNames: _col0, _col1, _col2
-          Statistics: Num rows: 275 Data size: 2921 Basic stats: COMPLETE Column stats: NONE
+          Statistics: Num rows: 68 Data size: 724 Basic stats: COMPLETE Column stats: NONE
           File Output Operator
             compressed: false
             table:
@@ -2639,7 +2639,7 @@ STAGE PLANS:
               key expressions: _col0 (type: string)
               sort order: +
               Map-reduce partition columns: _col0 (type: string)
-              Statistics: Num rows: 275 Data size: 2921 Basic stats: COMPLETE Column stats: NONE
+              Statistics: Num rows: 68 Data size: 724 Basic stats: COMPLETE Column stats: NONE
               value expressions: _col1 (type: bigint), _col2 (type: bigint)
           TableScan
             alias: z
@@ -2661,14 +2661,14 @@ STAGE PLANS:
             0 {KEY.reducesinkkey0} {VALUE._col0} {VALUE._col1}
             1 {KEY.reducesinkkey0} {VALUE._col0}
           outputColumnNames: _col0, _col1, _col2, _col3, _col4
-          Statistics: Num rows: 302 Data size: 3213 Basic stats: COMPLETE Column stats: NONE
+          Statistics: Num rows: 275 Data size: 2921 Basic stats: COMPLETE Column stats: NONE
           Select Operator
             expressions: _col0 (type: string), _col1 (type: bigint), _col2 (type: bigint), _col3 (type: string), _col4 (type: string)
             outputColumnNames: _col0, _col1, _col2, _col3, _col4
-            Statistics: Num rows: 302 Data size: 3213 Basic stats: COMPLETE Column stats: NONE
+            Statistics: Num rows: 275 Data size: 2921 Basic stats: COMPLETE Column stats: NONE
             File Output Operator
               compressed: false
-              Statistics: Num rows: 302 Data size: 3213 Basic stats: COMPLETE Column stats: NONE
+              Statistics: Num rows: 275 Data size: 2921 Basic stats: COMPLETE Column stats: NONE
               table:
                   input format: org.apache.hadoop.mapred.TextInputFormat
                   output format: org.apache.hadoop.hive.ql.io.HiveIgnoreKeyTextOutputFormat
@@ -2701,7 +2701,7 @@ STAGE PLANS:
           keys: KEY._col0 (type: string)
           mode: mergepartial
           outputColumnNames: _col0, _col1
-          Statistics: Num rows: 13 Data size: 99 Basic stats: COMPLETE Column stats: NONE
+          Statistics: Num rows: 6 Data size: 45 Basic stats: COMPLETE Column stats: NONE
           File Output Operator
             compressed: false
             table:
@@ -3125,7 +3125,7 @@ STAGE PLANS:
           keys: KEY._col0 (type: string)
           mode: mergepartial
           outputColumnNames: _col0, _col1
-          Statistics: Num rows: 14 Data size: 108 Basic stats: COMPLETE Column stats: NONE
+          Statistics: Num rows: 7 Data size: 54 Basic stats: COMPLETE Column stats: NONE
           File Output Operator
             compressed: false
             table:
@@ -3141,14 +3141,14 @@ STAGE PLANS:
               key expressions: _col0 (type: string)
               sort order: +
               Map-reduce partition columns: _col0 (type: string)
-              Statistics: Num rows: 14 Data size: 108 Basic stats: COMPLETE Column stats: NONE
+              Statistics: Num rows: 7 Data size: 54 Basic stats: COMPLETE Column stats: NONE
               value expressions: _col1 (type: bigint)
           TableScan
             Reduce Output Operator
               key expressions: _col0 (type: string)
               sort order: +
               Map-reduce partition columns: _col0 (type: string)
-              Statistics: Num rows: 275 Data size: 2921 Basic stats: COMPLETE Column stats: NONE
+              Statistics: Num rows: 137 Data size: 1455 Basic stats: COMPLETE Column stats: NONE
               value expressions: _col1 (type: string), _col2 (type: bigint)
       Reduce Operator Tree:
         Join Operator
@@ -3158,7 +3158,7 @@ STAGE PLANS:
             0 {KEY.reducesinkkey0} {VALUE._col0}
             1 {KEY.reducesinkkey0} {VALUE._col0} {VALUE._col1}
           outputColumnNames: _col0, _col1, _col2, _col3, _col4
-          Statistics: Num rows: 302 Data size: 3213 Basic stats: COMPLETE Column stats: NONE
+          Statistics: Num rows: 150 Data size: 1600 Basic stats: COMPLETE Column stats: NONE
           File Output Operator
             compressed: false
             table:
@@ -3173,15 +3173,15 @@ STAGE PLANS:
             Reduce Output Operator
               key expressions: _col0 (type: string), _col1 (type: bigint), _col2 (type: string), _col3 (type: string), _col4 (type: bigint)
               sort order: +++++
-              Statistics: Num rows: 302 Data size: 3213 Basic stats: COMPLETE Column stats: NONE
+              Statistics: Num rows: 150 Data size: 1600 Basic stats: COMPLETE Column stats: NONE
       Reduce Operator Tree:
         Select Operator
           expressions: KEY.reducesinkkey0 (type: string), KEY.reducesinkkey1 (type: bigint), KEY.reducesinkkey2 (type: string), KEY.reducesinkkey3 (type: string), KEY.reducesinkkey4 (type: bigint)
           outputColumnNames: _col0, _col1, _col2, _col3, _col4
-          Statistics: Num rows: 302 Data size: 3213 Basic stats: COMPLETE Column stats: NONE
+          Statistics: Num rows: 150 Data size: 1600 Basic stats: COMPLETE Column stats: NONE
           File Output Operator
             compressed: false
-            Statistics: Num rows: 302 Data size: 3213 Basic stats: COMPLETE Column stats: NONE
+            Statistics: Num rows: 150 Data size: 1600 Basic stats: COMPLETE Column stats: NONE
             table:
                 input format: org.apache.hadoop.mapred.TextInputFormat
                 output format: org.apache.hadoop.hive.ql.io.HiveIgnoreKeyTextOutputFormat
@@ -3251,7 +3251,7 @@ STAGE PLANS:
           keys: KEY._col0 (type: string), KEY._col1 (type: string)
           mode: mergepartial
           outputColumnNames: _col0, _col1, _col2
-          Statistics: Num rows: 275 Data size: 2921 Basic stats: COMPLETE Column stats: NONE
+          Statistics: Num rows: 137 Data size: 1455 Basic stats: COMPLETE Column stats: NONE
           File Output Operator
             compressed: false
             table:
@@ -3387,7 +3387,7 @@ STAGE PLANS:
           keys: KEY._col0 (type: string), KEY._col1 (type: string)
           mode: mergepartial
           outputColumnNames: _col0, _col1, _col2
-          Statistics: Num rows: 275 Data size: 2921 Basic stats: COMPLETE Column stats: NONE
+          Statistics: Num rows: 137 Data size: 1455 Basic stats: COMPLETE Column stats: NONE
           File Output Operator
             compressed: false
             table:
@@ -3425,11 +3425,11 @@ STAGE PLANS:
               key expressions: _col0 (type: string)
               sort order: +
               Map-reduce partition columns: _col0 (type: string)
-              Statistics: Num rows: 275 Data size: 2921 Basic stats: COMPLETE Column stats: NONE
+              Statistics: Num rows: 137 Data size: 1455 Basic stats: COMPLETE Column stats: NONE
               value expressions: _col1 (type: string), _col2 (type: bigint)
       Reduce Operator Tree:
         Demux Operator
-          Statistics: Num rows: 301 Data size: 3119 Basic stats: COMPLETE Column stats: NONE
+          Statistics: Num rows: 163 Data size: 1653 Basic stats: COMPLETE Column stats: NONE
           Join Operator
             condition map:
                  Inner Join 0 to 1
@@ -3447,7 +3447,7 @@ STAGE PLANS:
                 outputColumnNames: _col0, _col1
                 Statistics: Num rows: 0 Data size: 0 Basic stats: NONE Column stats: NONE
                 Mux Operator
-                  Statistics: Num rows: 301 Data size: 3119 Basic stats: COMPLETE Column stats: NONE
+                  Statistics: Num rows: 163 Data size: 1653 Basic stats: COMPLETE Column stats: NONE
                   Join Operator
                     condition map:
                          Inner Join 0 to 1
@@ -3468,7 +3468,7 @@ STAGE PLANS:
                             output format: org.apache.hadoop.hive.ql.io.HiveIgnoreKeyTextOutputFormat
                             serde: org.apache.hadoop.hive.serde2.lazy.LazySimpleSerDe
           Mux Operator
-            Statistics: Num rows: 301 Data size: 3119 Basic stats: COMPLETE Column stats: NONE
+            Statistics: Num rows: 163 Data size: 1653 Basic stats: COMPLETE Column stats: NONE
             Join Operator
               condition map:
                    Inner Join 0 to 1
@@ -3616,7 +3616,7 @@ STAGE PLANS:
           keys: KEY._col0 (type: string), KEY._col1 (type: string)
           mode: mergepartial
           outputColumnNames: _col0, _col1, _col2
-          Statistics: Num rows: 275 Data size: 2921 Basic stats: COMPLETE Column stats: NONE
+          Statistics: Num rows: 137 Data size: 1455 Basic stats: COMPLETE Column stats: NONE
           File Output Operator
             compressed: false
             table:
@@ -3654,7 +3654,7 @@ STAGE PLANS:
               key expressions: _col0 (type: string)
               sort order: +
               Map-reduce partition columns: _col0 (type: string)
-              Statistics: Num rows: 275 Data size: 2921 Basic stats: COMPLETE Column stats: NONE
+              Statistics: Num rows: 137 Data size: 1455 Basic stats: COMPLETE Column stats: NONE
               value expressions: _col1 (type: string), _col2 (type: bigint)
           TableScan
             alias: y
@@ -3689,15 +3689,15 @@ STAGE PLANS:
         Map Reduce Local Work
       Reduce Operator Tree:
         Demux Operator
-          Statistics: Num rows: 289 Data size: 3029 Basic stats: COMPLETE Column stats: NONE
+          Statistics: Num rows: 151 Data size: 1563 Basic stats: COMPLETE Column stats: NONE
           Group By Operator
             aggregations: count(VALUE._col0)
             keys: KEY._col0 (type: string)
             mode: mergepartial
             outputColumnNames: _col0, _col1
-            Statistics: Num rows: 144 Data size: 1509 Basic stats: COMPLETE Column stats: NONE
+            Statistics: Num rows: 75 Data size: 776 Basic stats: COMPLETE Column stats: NONE
             Mux Operator
-              Statistics: Num rows: 433 Data size: 4538 Basic stats: COMPLETE Column stats: NONE
+              Statistics: Num rows: 226 Data size: 2339 Basic stats: COMPLETE Column stats: NONE
               Join Operator
                 condition map:
                      Inner Join 0 to 1
@@ -3718,7 +3718,7 @@ STAGE PLANS:
                         output format: org.apache.hadoop.hive.ql.io.HiveIgnoreKeyTextOutputFormat
                         serde: org.apache.hadoop.hive.serde2.lazy.LazySimpleSerDe
           Mux Operator
-            Statistics: Num rows: 433 Data size: 4538 Basic stats: COMPLETE Column stats: NONE
+            Statistics: Num rows: 226 Data size: 2339 Basic stats: COMPLETE Column stats: NONE
             Join Operator
               condition map:
                    Inner Join 0 to 1
diff --git a/ql/src/test/results/clientpositive/correlationoptimizer7.q.out b/ql/src/test/results/clientpositive/correlationoptimizer7.q.out
index 15c0eb2dc6..3d7e4459a0 100644
--- a/ql/src/test/results/clientpositive/correlationoptimizer7.q.out
+++ b/ql/src/test/results/clientpositive/correlationoptimizer7.q.out
@@ -88,7 +88,7 @@ STAGE PLANS:
           keys: KEY._col0 (type: string)
           mode: mergepartial
           outputColumnNames: _col0, _col1
-          Statistics: Num rows: 275 Data size: 2921 Basic stats: COMPLETE Column stats: NONE
+          Statistics: Num rows: 137 Data size: 1455 Basic stats: COMPLETE Column stats: NONE
           File Output Operator
             compressed: false
             table:
@@ -132,14 +132,14 @@ STAGE PLANS:
                 0 _col0 (type: string)
                 1 key (type: string)
               outputColumnNames: _col0, _col1, _col2, _col3
-              Statistics: Num rows: 302 Data size: 3213 Basic stats: COMPLETE Column stats: NONE
+              Statistics: Num rows: 150 Data size: 1600 Basic stats: COMPLETE Column stats: NONE
               Select Operator
                 expressions: _col0 (type: string), _col1 (type: bigint), _col2 (type: string), _col3 (type: string)
                 outputColumnNames: _col0, _col1, _col2, _col3
-                Statistics: Num rows: 302 Data size: 3213 Basic stats: COMPLETE Column stats: NONE
+                Statistics: Num rows: 150 Data size: 1600 Basic stats: COMPLETE Column stats: NONE
                 File Output Operator
                   compressed: false
-                  Statistics: Num rows: 302 Data size: 3213 Basic stats: COMPLETE Column stats: NONE
+                  Statistics: Num rows: 150 Data size: 1600 Basic stats: COMPLETE Column stats: NONE
                   table:
                       input format: org.apache.hadoop.mapred.TextInputFormat
                       output format: org.apache.hadoop.hive.ql.io.HiveIgnoreKeyTextOutputFormat
@@ -469,7 +469,7 @@ STAGE PLANS:
           keys: KEY._col0 (type: string)
           mode: mergepartial
           outputColumnNames: _col0, _col1
-          Statistics: Num rows: 275 Data size: 2921 Basic stats: COMPLETE Column stats: NONE
+          Statistics: Num rows: 137 Data size: 1455 Basic stats: COMPLETE Column stats: NONE
           File Output Operator
             compressed: false
             table:
@@ -513,14 +513,14 @@ STAGE PLANS:
                 0 _col0 (type: string)
                 1 key (type: string)
               outputColumnNames: _col0, _col1, _col2, _col3
-              Statistics: Num rows: 302 Data size: 3213 Basic stats: COMPLETE Column stats: NONE
+              Statistics: Num rows: 150 Data size: 1600 Basic stats: COMPLETE Column stats: NONE
               Select Operator
                 expressions: _col0 (type: string), _col1 (type: bigint), _col2 (type: string), _col3 (type: string)
                 outputColumnNames: _col0, _col1, _col2, _col3
-                Statistics: Num rows: 302 Data size: 3213 Basic stats: COMPLETE Column stats: NONE
+                Statistics: Num rows: 150 Data size: 1600 Basic stats: COMPLETE Column stats: NONE
                 File Output Operator
                   compressed: false
-                  Statistics: Num rows: 302 Data size: 3213 Basic stats: COMPLETE Column stats: NONE
+                  Statistics: Num rows: 150 Data size: 1600 Basic stats: COMPLETE Column stats: NONE
                   table:
                       input format: org.apache.hadoop.mapred.TextInputFormat
                       output format: org.apache.hadoop.hive.ql.io.HiveIgnoreKeyTextOutputFormat
diff --git a/ql/src/test/results/clientpositive/correlationoptimizer9.q.out b/ql/src/test/results/clientpositive/correlationoptimizer9.q.out
index ea0bef327f..b767cfa3ef 100644
--- a/ql/src/test/results/clientpositive/correlationoptimizer9.q.out
+++ b/ql/src/test/results/clientpositive/correlationoptimizer9.q.out
@@ -74,7 +74,7 @@ STAGE PLANS:
           keys: KEY._col0 (type: int)
           mode: mergepartial
           outputColumnNames: _col0, _col1
-          Statistics: Num rows: 342 Data size: 7639 Basic stats: COMPLETE Column stats: NONE
+          Statistics: Num rows: 171 Data size: 3819 Basic stats: COMPLETE Column stats: NONE
           File Output Operator
             compressed: false
             table:
@@ -90,14 +90,14 @@ STAGE PLANS:
               key expressions: _col0 (type: int)
               sort order: +
               Map-reduce partition columns: _col0 (type: int)
-              Statistics: Num rows: 342 Data size: 7639 Basic stats: COMPLETE Column stats: NONE
+              Statistics: Num rows: 171 Data size: 3819 Basic stats: COMPLETE Column stats: NONE
               value expressions: _col1 (type: bigint)
           TableScan
             Reduce Output Operator
               key expressions: _col0 (type: int)
               sort order: +
               Map-reduce partition columns: _col0 (type: int)
-              Statistics: Num rows: 342 Data size: 7639 Basic stats: COMPLETE Column stats: NONE
+              Statistics: Num rows: 171 Data size: 3819 Basic stats: COMPLETE Column stats: NONE
               value expressions: _col1 (type: bigint)
       Reduce Operator Tree:
         Join Operator
@@ -107,14 +107,14 @@ STAGE PLANS:
             0 {KEY.reducesinkkey0} {VALUE._col0}
             1 {KEY.reducesinkkey0} {VALUE._col0}
           outputColumnNames: _col0, _col1, _col2, _col3
-          Statistics: Num rows: 376 Data size: 8402 Basic stats: COMPLETE Column stats: NONE
+          Statistics: Num rows: 188 Data size: 4200 Basic stats: COMPLETE Column stats: NONE
           Select Operator
             expressions: _col0 (type: int), _col2 (type: int), _col1 (type: bigint), _col3 (type: bigint)
             outputColumnNames: _col0, _col1, _col2, _col3
-            Statistics: Num rows: 376 Data size: 8402 Basic stats: COMPLETE Column stats: NONE
+            Statistics: Num rows: 188 Data size: 4200 Basic stats: COMPLETE Column stats: NONE
             File Output Operator
               compressed: false
-              Statistics: Num rows: 376 Data size: 8402 Basic stats: COMPLETE Column stats: NONE
+              Statistics: Num rows: 188 Data size: 4200 Basic stats: COMPLETE Column stats: NONE
               table:
                   input format: org.apache.hadoop.mapred.TextInputFormat
                   output format: org.apache.hadoop.hive.ql.io.HiveIgnoreKeyTextOutputFormat
@@ -147,7 +147,7 @@ STAGE PLANS:
           keys: KEY._col0 (type: int)
           mode: mergepartial
           outputColumnNames: _col0, _col1
-          Statistics: Num rows: 342 Data size: 7639 Basic stats: COMPLETE Column stats: NONE
+          Statistics: Num rows: 171 Data size: 3819 Basic stats: COMPLETE Column stats: NONE
           File Output Operator
             compressed: false
             table:
@@ -391,7 +391,7 @@ STAGE PLANS:
           keys: KEY._col0 (type: int), KEY._col1 (type: string)
           mode: mergepartial
           outputColumnNames: _col0, _col1, _col2
-          Statistics: Num rows: 171 Data size: 3819 Basic stats: COMPLETE Column stats: NONE
+          Statistics: Num rows: 85 Data size: 1898 Basic stats: COMPLETE Column stats: NONE
           File Output Operator
             compressed: false
             table:
@@ -407,14 +407,14 @@ STAGE PLANS:
               key expressions: _col0 (type: int), _col1 (type: string)
               sort order: ++
               Map-reduce partition columns: _col0 (type: int), _col1 (type: string)
-              Statistics: Num rows: 171 Data size: 3819 Basic stats: COMPLETE Column stats: NONE
+              Statistics: Num rows: 85 Data size: 1898 Basic stats: COMPLETE Column stats: NONE
               value expressions: _col2 (type: bigint)
           TableScan
             Reduce Output Operator
               key expressions: _col0 (type: int), _col1 (type: string)
               sort order: ++
               Map-reduce partition columns: _col0 (type: int), _col1 (type: string)
-              Statistics: Num rows: 86 Data size: 1921 Basic stats: COMPLETE Column stats: NONE
+              Statistics: Num rows: 43 Data size: 960 Basic stats: COMPLETE Column stats: NONE
               value expressions: _col2 (type: bigint)
       Reduce Operator Tree:
         Join Operator
@@ -424,14 +424,14 @@ STAGE PLANS:
             0 {KEY.reducesinkkey0} {KEY.reducesinkkey1} {VALUE._col0}
             1 {KEY.reducesinkkey0} {KEY.reducesinkkey1} {VALUE._col0}
           outputColumnNames: _col0, _col1, _col2, _col3, _col4, _col5
-          Statistics: Num rows: 188 Data size: 4200 Basic stats: COMPLETE Column stats: NONE
+          Statistics: Num rows: 93 Data size: 2087 Basic stats: COMPLETE Column stats: NONE
           Select Operator
             expressions: _col0 (type: int), _col1 (type: string), _col3 (type: int), _col4 (type: string), _col2 (type: bigint), _col5 (type: bigint)
             outputColumnNames: _col0, _col1, _col2, _col3, _col4, _col5
-            Statistics: Num rows: 188 Data size: 4200 Basic stats: COMPLETE Column stats: NONE
+            Statistics: Num rows: 93 Data size: 2087 Basic stats: COMPLETE Column stats: NONE
             File Output Operator
               compressed: false
-              Statistics: Num rows: 188 Data size: 4200 Basic stats: COMPLETE Column stats: NONE
+              Statistics: Num rows: 93 Data size: 2087 Basic stats: COMPLETE Column stats: NONE
               table:
                   input format: org.apache.hadoop.mapred.TextInputFormat
                   output format: org.apache.hadoop.hive.ql.io.HiveIgnoreKeyTextOutputFormat
@@ -468,7 +468,7 @@ STAGE PLANS:
           keys: KEY._col0 (type: int), KEY._col1 (type: string)
           mode: mergepartial
           outputColumnNames: _col0, _col1, _col2
-          Statistics: Num rows: 86 Data size: 1921 Basic stats: COMPLETE Column stats: NONE
+          Statistics: Num rows: 43 Data size: 960 Basic stats: COMPLETE Column stats: NONE
           File Output Operator
             compressed: false
             table:
diff --git a/ql/src/test/results/clientpositive/cross_product_check_1.q.out b/ql/src/test/results/clientpositive/cross_product_check_1.q.out
index f56f6eac8d..7ffb645c96 100644
--- a/ql/src/test/results/clientpositive/cross_product_check_1.q.out
+++ b/ql/src/test/results/clientpositive/cross_product_check_1.q.out
@@ -252,7 +252,7 @@ STAGE PLANS:
           keys: KEY._col0 (type: string)
           mode: mergepartial
           outputColumnNames: _col0
-          Statistics: Num rows: 5 Data size: 57 Basic stats: COMPLETE Column stats: NONE
+          Statistics: Num rows: 2 Data size: 22 Basic stats: COMPLETE Column stats: NONE
           File Output Operator
             compressed: false
             table:
@@ -266,7 +266,7 @@ STAGE PLANS:
           TableScan
             Reduce Output Operator
               sort order: 
-              Statistics: Num rows: 5 Data size: 57 Basic stats: COMPLETE Column stats: NONE
+              Statistics: Num rows: 2 Data size: 22 Basic stats: COMPLETE Column stats: NONE
               value expressions: _col0 (type: string)
           TableScan
             alias: a
@@ -366,7 +366,7 @@ STAGE PLANS:
           keys: KEY._col0 (type: string)
           mode: mergepartial
           outputColumnNames: _col0
-          Statistics: Num rows: 11 Data size: 114 Basic stats: COMPLETE Column stats: NONE
+          Statistics: Num rows: 5 Data size: 51 Basic stats: COMPLETE Column stats: NONE
           File Output Operator
             compressed: false
             table:
@@ -380,7 +380,7 @@ STAGE PLANS:
           TableScan
             Reduce Output Operator
               sort order: 
-              Statistics: Num rows: 11 Data size: 114 Basic stats: COMPLETE Column stats: NONE
+              Statistics: Num rows: 5 Data size: 51 Basic stats: COMPLETE Column stats: NONE
               value expressions: _col0 (type: string)
           TableScan
             alias: a
@@ -458,7 +458,7 @@ STAGE PLANS:
           keys: KEY._col0 (type: string)
           mode: mergepartial
           outputColumnNames: _col0
-          Statistics: Num rows: 500 Data size: 5312 Basic stats: COMPLETE Column stats: NONE
+          Statistics: Num rows: 250 Data size: 2656 Basic stats: COMPLETE Column stats: NONE
           File Output Operator
             compressed: false
             table:
@@ -472,12 +472,12 @@ STAGE PLANS:
           TableScan
             Reduce Output Operator
               sort order: 
-              Statistics: Num rows: 500 Data size: 5312 Basic stats: COMPLETE Column stats: NONE
+              Statistics: Num rows: 250 Data size: 2656 Basic stats: COMPLETE Column stats: NONE
               value expressions: _col0 (type: string)
           TableScan
             Reduce Output Operator
               sort order: 
-              Statistics: Num rows: 5 Data size: 57 Basic stats: COMPLETE Column stats: NONE
+              Statistics: Num rows: 2 Data size: 22 Basic stats: COMPLETE Column stats: NONE
               value expressions: _col0 (type: string)
       Reduce Operator Tree:
         Join Operator
@@ -487,14 +487,14 @@ STAGE PLANS:
             0 {VALUE._col0}
             1 {VALUE._col0}
           outputColumnNames: _col0, _col1
-          Statistics: Num rows: 550 Data size: 5843 Basic stats: COMPLETE Column stats: NONE
+          Statistics: Num rows: 275 Data size: 2921 Basic stats: COMPLETE Column stats: NONE
           Select Operator
             expressions: _col0 (type: string), _col1 (type: string)
             outputColumnNames: _col0, _col1
-            Statistics: Num rows: 550 Data size: 5843 Basic stats: COMPLETE Column stats: NONE
+            Statistics: Num rows: 275 Data size: 2921 Basic stats: COMPLETE Column stats: NONE
             File Output Operator
               compressed: false
-              Statistics: Num rows: 550 Data size: 5843 Basic stats: COMPLETE Column stats: NONE
+              Statistics: Num rows: 275 Data size: 2921 Basic stats: COMPLETE Column stats: NONE
               table:
                   input format: org.apache.hadoop.mapred.TextInputFormat
                   output format: org.apache.hadoop.hive.ql.io.HiveIgnoreKeyTextOutputFormat
@@ -560,7 +560,7 @@ STAGE PLANS:
           keys: KEY._col0 (type: string)
           mode: mergepartial
           outputColumnNames: _col0
-          Statistics: Num rows: 5 Data size: 57 Basic stats: COMPLETE Column stats: NONE
+          Statistics: Num rows: 2 Data size: 22 Basic stats: COMPLETE Column stats: NONE
           File Output Operator
             compressed: false
             table:
diff --git a/ql/src/test/results/clientpositive/cross_product_check_2.q.out b/ql/src/test/results/clientpositive/cross_product_check_2.q.out
index fa5c784923..560671ff9e 100644
--- a/ql/src/test/results/clientpositive/cross_product_check_2.q.out
+++ b/ql/src/test/results/clientpositive/cross_product_check_2.q.out
@@ -267,7 +267,7 @@ STAGE PLANS:
           keys: KEY._col0 (type: string)
           mode: mergepartial
           outputColumnNames: _col0
-          Statistics: Num rows: 5 Data size: 57 Basic stats: COMPLETE Column stats: NONE
+          Statistics: Num rows: 2 Data size: 22 Basic stats: COMPLETE Column stats: NONE
           File Output Operator
             compressed: false
             table:
@@ -396,7 +396,7 @@ STAGE PLANS:
           keys: KEY._col0 (type: string)
           mode: mergepartial
           outputColumnNames: _col0
-          Statistics: Num rows: 11 Data size: 114 Basic stats: COMPLETE Column stats: NONE
+          Statistics: Num rows: 5 Data size: 51 Basic stats: COMPLETE Column stats: NONE
           File Output Operator
             compressed: false
             table:
@@ -507,7 +507,7 @@ STAGE PLANS:
           keys: KEY._col0 (type: string)
           mode: mergepartial
           outputColumnNames: _col0
-          Statistics: Num rows: 500 Data size: 5312 Basic stats: COMPLETE Column stats: NONE
+          Statistics: Num rows: 250 Data size: 2656 Basic stats: COMPLETE Column stats: NONE
           File Output Operator
             compressed: false
             table:
@@ -610,12 +610,12 @@ STAGE PLANS:
           TableScan
             Reduce Output Operator
               sort order: 
-              Statistics: Num rows: 500 Data size: 5312 Basic stats: COMPLETE Column stats: NONE
+              Statistics: Num rows: 250 Data size: 2656 Basic stats: COMPLETE Column stats: NONE
               value expressions: _col0 (type: string)
           TableScan
             Reduce Output Operator
               sort order: 
-              Statistics: Num rows: 5 Data size: 57 Basic stats: COMPLETE Column stats: NONE
+              Statistics: Num rows: 2 Data size: 22 Basic stats: COMPLETE Column stats: NONE
               value expressions: _col0 (type: string)
       Reduce Operator Tree:
         Join Operator
@@ -625,14 +625,14 @@ STAGE PLANS:
             0 {VALUE._col0}
             1 {VALUE._col0}
           outputColumnNames: _col0, _col1
-          Statistics: Num rows: 550 Data size: 5843 Basic stats: COMPLETE Column stats: NONE
+          Statistics: Num rows: 275 Data size: 2921 Basic stats: COMPLETE Column stats: NONE
           Select Operator
             expressions: _col0 (type: string), _col1 (type: string)
             outputColumnNames: _col0, _col1
-            Statistics: Num rows: 550 Data size: 5843 Basic stats: COMPLETE Column stats: NONE
+            Statistics: Num rows: 275 Data size: 2921 Basic stats: COMPLETE Column stats: NONE
             File Output Operator
               compressed: false
-              Statistics: Num rows: 550 Data size: 5843 Basic stats: COMPLETE Column stats: NONE
+              Statistics: Num rows: 275 Data size: 2921 Basic stats: COMPLETE Column stats: NONE
               table:
                   input format: org.apache.hadoop.mapred.TextInputFormat
                   output format: org.apache.hadoop.hive.ql.io.HiveIgnoreKeyTextOutputFormat
@@ -697,7 +697,7 @@ STAGE PLANS:
           keys: KEY._col0 (type: string)
           mode: mergepartial
           outputColumnNames: _col0
-          Statistics: Num rows: 5 Data size: 57 Basic stats: COMPLETE Column stats: NONE
+          Statistics: Num rows: 2 Data size: 22 Basic stats: COMPLETE Column stats: NONE
           File Output Operator
             compressed: false
             table:
diff --git a/ql/src/test/results/clientpositive/dynpart_sort_opt_vectorization.q.out b/ql/src/test/results/clientpositive/dynpart_sort_opt_vectorization.q.out
index 87dddc1cb9..de545e9959 100644
--- a/ql/src/test/results/clientpositive/dynpart_sort_opt_vectorization.q.out
+++ b/ql/src/test/results/clientpositive/dynpart_sort_opt_vectorization.q.out
@@ -1602,7 +1602,7 @@ STAGE PLANS:
           keys: KEY._col0 (type: smallint), KEY._col1 (type: int), KEY._col2 (type: bigint), KEY._col3 (type: float), KEY._col4 (type: tinyint)
           mode: mergepartial
           outputColumnNames: _col0, _col1, _col2, _col3, _col4
-          Statistics: Num rows: 1048 Data size: 310873 Basic stats: COMPLETE Column stats: NONE
+          Statistics: Num rows: 524 Data size: 155436 Basic stats: COMPLETE Column stats: NONE
           File Output Operator
             compressed: false
             table:
@@ -1618,14 +1618,14 @@ STAGE PLANS:
               key expressions: _col4 (type: tinyint)
               sort order: +
               Map-reduce partition columns: _col4 (type: tinyint)
-              Statistics: Num rows: 1048 Data size: 310873 Basic stats: COMPLETE Column stats: NONE
+              Statistics: Num rows: 524 Data size: 155436 Basic stats: COMPLETE Column stats: NONE
               value expressions: _col0 (type: smallint), _col1 (type: int), _col2 (type: bigint), _col3 (type: float), _col4 (type: tinyint)
       Reduce Operator Tree:
         Extract
-          Statistics: Num rows: 1048 Data size: 310873 Basic stats: COMPLETE Column stats: NONE
+          Statistics: Num rows: 524 Data size: 155436 Basic stats: COMPLETE Column stats: NONE
           File Output Operator
             compressed: false
-            Statistics: Num rows: 1048 Data size: 310873 Basic stats: COMPLETE Column stats: NONE
+            Statistics: Num rows: 524 Data size: 155436 Basic stats: COMPLETE Column stats: NONE
             table:
                 input format: org.apache.hadoop.mapred.TextInputFormat
                 output format: org.apache.hadoop.hive.ql.io.HiveIgnoreKeyTextOutputFormat
diff --git a/ql/src/test/results/clientpositive/dynpart_sort_optimization.q.out b/ql/src/test/results/clientpositive/dynpart_sort_optimization.q.out
index cdb783ee8f..ad2966768f 100644
--- a/ql/src/test/results/clientpositive/dynpart_sort_optimization.q.out
+++ b/ql/src/test/results/clientpositive/dynpart_sort_optimization.q.out
@@ -1502,7 +1502,7 @@ STAGE PLANS:
           keys: KEY._col0 (type: smallint), KEY._col1 (type: int), KEY._col2 (type: bigint), KEY._col3 (type: float), KEY._col4 (type: tinyint)
           mode: mergepartial
           outputColumnNames: _col0, _col1, _col2, _col3, _col4
-          Statistics: Num rows: 4442 Data size: 106611 Basic stats: COMPLETE Column stats: NONE
+          Statistics: Num rows: 2221 Data size: 53305 Basic stats: COMPLETE Column stats: NONE
           File Output Operator
             compressed: false
             table:
@@ -1518,14 +1518,14 @@ STAGE PLANS:
               key expressions: _col4 (type: tinyint)
               sort order: +
               Map-reduce partition columns: _col4 (type: tinyint)
-              Statistics: Num rows: 4442 Data size: 106611 Basic stats: COMPLETE Column stats: NONE
+              Statistics: Num rows: 2221 Data size: 53305 Basic stats: COMPLETE Column stats: NONE
               value expressions: _col0 (type: smallint), _col1 (type: int), _col2 (type: bigint), _col3 (type: float), _col4 (type: tinyint)
       Reduce Operator Tree:
         Extract
-          Statistics: Num rows: 4442 Data size: 106611 Basic stats: COMPLETE Column stats: NONE
+          Statistics: Num rows: 2221 Data size: 53305 Basic stats: COMPLETE Column stats: NONE
           File Output Operator
             compressed: false
-            Statistics: Num rows: 4442 Data size: 106611 Basic stats: COMPLETE Column stats: NONE
+            Statistics: Num rows: 2221 Data size: 53305 Basic stats: COMPLETE Column stats: NONE
             table:
                 input format: org.apache.hadoop.mapred.TextInputFormat
                 output format: org.apache.hadoop.hive.ql.io.HiveIgnoreKeyTextOutputFormat
diff --git a/ql/src/test/results/clientpositive/explain_logical.q.out b/ql/src/test/results/clientpositive/explain_logical.q.out
index ec2fd20221..9edc0f7a23 100644
--- a/ql/src/test/results/clientpositive/explain_logical.q.out
+++ b/ql/src/test/results/clientpositive/explain_logical.q.out
@@ -820,12 +820,12 @@ s1:src
             keys: KEY._col0 (type: string)
             mode: mergepartial
             outputColumnNames: _col0, _col1
-            Statistics: Num rows: 250 Data size: 2656 Basic stats: COMPLETE Column stats: NONE
+            Statistics: Num rows: 125 Data size: 1328 Basic stats: COMPLETE Column stats: NONE
             Reduce Output Operator (RS_8)
               key expressions: _col0 (type: string)
               sort order: +
               Map-reduce partition columns: _col0 (type: string)
-              Statistics: Num rows: 250 Data size: 2656 Basic stats: COMPLETE Column stats: NONE
+              Statistics: Num rows: 125 Data size: 1328 Basic stats: COMPLETE Column stats: NONE
               value expressions: _col1 (type: bigint)
               Join Operator (JOIN_11)
                 condition map:
diff --git a/ql/src/test/results/clientpositive/groupby2_limit.q.out b/ql/src/test/results/clientpositive/groupby2_limit.q.out
index 8f185a3df9..61087fedc7 100644
--- a/ql/src/test/results/clientpositive/groupby2_limit.q.out
+++ b/ql/src/test/results/clientpositive/groupby2_limit.q.out
@@ -38,7 +38,7 @@ STAGE PLANS:
           keys: KEY._col0 (type: string)
           mode: mergepartial
           outputColumnNames: _col0, _col1
-          Statistics: Num rows: 500 Data size: 5312 Basic stats: COMPLETE Column stats: NONE
+          Statistics: Num rows: 250 Data size: 2656 Basic stats: COMPLETE Column stats: NONE
           File Output Operator
             compressed: false
             table:
@@ -53,13 +53,13 @@ STAGE PLANS:
             Reduce Output Operator
               key expressions: _col0 (type: string)
               sort order: +
-              Statistics: Num rows: 500 Data size: 5312 Basic stats: COMPLETE Column stats: NONE
+              Statistics: Num rows: 250 Data size: 2656 Basic stats: COMPLETE Column stats: NONE
               value expressions: _col1 (type: double)
       Reduce Operator Tree:
         Select Operator
           expressions: KEY.reducesinkkey0 (type: string), VALUE._col0 (type: double)
           outputColumnNames: _col0, _col1
-          Statistics: Num rows: 500 Data size: 5312 Basic stats: COMPLETE Column stats: NONE
+          Statistics: Num rows: 250 Data size: 2656 Basic stats: COMPLETE Column stats: NONE
           Limit
             Number of rows: 5
             Statistics: Num rows: 5 Data size: 50 Basic stats: COMPLETE Column stats: NONE
diff --git a/ql/src/test/results/clientpositive/groupby_position.q.out b/ql/src/test/results/clientpositive/groupby_position.q.out
index 375f2f3ace..df2ff50e12 100644
--- a/ql/src/test/results/clientpositive/groupby_position.q.out
+++ b/ql/src/test/results/clientpositive/groupby_position.q.out
@@ -449,7 +449,7 @@ STAGE PLANS:
           keys: KEY._col0 (type: string)
           mode: mergepartial
           outputColumnNames: _col0, _col1
-          Statistics: Num rows: 166 Data size: 1763 Basic stats: COMPLETE Column stats: NONE
+          Statistics: Num rows: 83 Data size: 881 Basic stats: COMPLETE Column stats: NONE
           File Output Operator
             compressed: false
             table:
@@ -464,15 +464,15 @@ STAGE PLANS:
             Reduce Output Operator
               key expressions: _col1 (type: bigint), _col0 (type: string)
               sort order: -+
-              Statistics: Num rows: 166 Data size: 1763 Basic stats: COMPLETE Column stats: NONE
+              Statistics: Num rows: 83 Data size: 881 Basic stats: COMPLETE Column stats: NONE
       Reduce Operator Tree:
         Select Operator
           expressions: KEY.reducesinkkey1 (type: string), KEY.reducesinkkey0 (type: bigint)
           outputColumnNames: _col0, _col1
-          Statistics: Num rows: 166 Data size: 1763 Basic stats: COMPLETE Column stats: NONE
+          Statistics: Num rows: 83 Data size: 881 Basic stats: COMPLETE Column stats: NONE
           File Output Operator
             compressed: false
-            Statistics: Num rows: 166 Data size: 1763 Basic stats: COMPLETE Column stats: NONE
+            Statistics: Num rows: 83 Data size: 881 Basic stats: COMPLETE Column stats: NONE
             table:
                 input format: org.apache.hadoop.mapred.TextInputFormat
                 output format: org.apache.hadoop.hive.ql.io.HiveIgnoreKeyTextOutputFormat
@@ -603,7 +603,7 @@ STAGE PLANS:
               key expressions: _col0 (type: string)
               sort order: +
               Map-reduce partition columns: _col0 (type: string)
-              Statistics: Num rows: 28 Data size: 297 Basic stats: COMPLETE Column stats: NONE
+              Statistics: Num rows: 14 Data size: 148 Basic stats: COMPLETE Column stats: NONE
               value expressions: _col1 (type: string)
       Reduce Operator Tree:
         Join Operator
@@ -613,11 +613,11 @@ STAGE PLANS:
             0 {KEY.reducesinkkey0} {VALUE._col0}
             1 {KEY.reducesinkkey0} {VALUE._col0}
           outputColumnNames: _col0, _col1, _col3, _col4
-          Statistics: Num rows: 30 Data size: 326 Basic stats: COMPLETE Column stats: NONE
+          Statistics: Num rows: 15 Data size: 162 Basic stats: COMPLETE Column stats: NONE
           Select Operator
             expressions: _col0 (type: string), _col1 (type: string), _col3 (type: string), _col4 (type: string)
             outputColumnNames: _col0, _col1, _col2, _col3
-            Statistics: Num rows: 30 Data size: 326 Basic stats: COMPLETE Column stats: NONE
+            Statistics: Num rows: 15 Data size: 162 Basic stats: COMPLETE Column stats: NONE
             File Output Operator
               compressed: false
               table:
@@ -632,15 +632,15 @@ STAGE PLANS:
             Reduce Output Operator
               key expressions: _col0 (type: string), _col1 (type: string), _col2 (type: string), _col3 (type: string)
               sort order: --++
-              Statistics: Num rows: 30 Data size: 326 Basic stats: COMPLETE Column stats: NONE
+              Statistics: Num rows: 15 Data size: 162 Basic stats: COMPLETE Column stats: NONE
       Reduce Operator Tree:
         Select Operator
           expressions: KEY.reducesinkkey0 (type: string), KEY.reducesinkkey1 (type: string), KEY.reducesinkkey2 (type: string), KEY.reducesinkkey3 (type: string)
           outputColumnNames: _col0, _col1, _col2, _col3
-          Statistics: Num rows: 30 Data size: 326 Basic stats: COMPLETE Column stats: NONE
+          Statistics: Num rows: 15 Data size: 162 Basic stats: COMPLETE Column stats: NONE
           File Output Operator
             compressed: false
-            Statistics: Num rows: 30 Data size: 326 Basic stats: COMPLETE Column stats: NONE
+            Statistics: Num rows: 15 Data size: 162 Basic stats: COMPLETE Column stats: NONE
             table:
                 input format: org.apache.hadoop.mapred.TextInputFormat
                 output format: org.apache.hadoop.hive.ql.io.HiveIgnoreKeyTextOutputFormat
@@ -670,7 +670,7 @@ STAGE PLANS:
           keys: KEY._col0 (type: string), KEY._col1 (type: string)
           mode: mergepartial
           outputColumnNames: _col0, _col1
-          Statistics: Num rows: 28 Data size: 297 Basic stats: COMPLETE Column stats: NONE
+          Statistics: Num rows: 14 Data size: 148 Basic stats: COMPLETE Column stats: NONE
           File Output Operator
             compressed: false
             table:
diff --git a/ql/src/test/results/clientpositive/groupby_resolution.q.out b/ql/src/test/results/clientpositive/groupby_resolution.q.out
index 53af591e07..58d78e0d84 100644
--- a/ql/src/test/results/clientpositive/groupby_resolution.q.out
+++ b/ql/src/test/results/clientpositive/groupby_resolution.q.out
@@ -681,7 +681,7 @@ STAGE PLANS:
           keys: KEY._col0 (type: string)
           mode: final
           outputColumnNames: _col0, _col1
-          Statistics: Num rows: 166 Data size: 1763 Basic stats: COMPLETE Column stats: NONE
+          Statistics: Num rows: 83 Data size: 881 Basic stats: COMPLETE Column stats: NONE
           File Output Operator
             compressed: false
             table:
@@ -697,20 +697,20 @@ STAGE PLANS:
               key expressions: 0 (type: int), _col1 (type: bigint)
               sort order: ++
               Map-reduce partition columns: 0 (type: int)
-              Statistics: Num rows: 166 Data size: 1763 Basic stats: COMPLETE Column stats: NONE
+              Statistics: Num rows: 83 Data size: 881 Basic stats: COMPLETE Column stats: NONE
               value expressions: _col0 (type: string), _col1 (type: bigint)
       Reduce Operator Tree:
         Extract
-          Statistics: Num rows: 166 Data size: 1763 Basic stats: COMPLETE Column stats: NONE
+          Statistics: Num rows: 83 Data size: 881 Basic stats: COMPLETE Column stats: NONE
           PTF Operator
-            Statistics: Num rows: 166 Data size: 1763 Basic stats: COMPLETE Column stats: NONE
+            Statistics: Num rows: 83 Data size: 881 Basic stats: COMPLETE Column stats: NONE
             Select Operator
               expressions: _col0 (type: string), _col1 (type: bigint), _wcol0 (type: int)
               outputColumnNames: _col0, _col1, _col2
-              Statistics: Num rows: 166 Data size: 1763 Basic stats: COMPLETE Column stats: NONE
+              Statistics: Num rows: 83 Data size: 881 Basic stats: COMPLETE Column stats: NONE
               File Output Operator
                 compressed: false
-                Statistics: Num rows: 166 Data size: 1763 Basic stats: COMPLETE Column stats: NONE
+                Statistics: Num rows: 83 Data size: 881 Basic stats: COMPLETE Column stats: NONE
                 table:
                     input format: org.apache.hadoop.mapred.TextInputFormat
                     output format: org.apache.hadoop.hive.ql.io.HiveIgnoreKeyTextOutputFormat
diff --git a/ql/src/test/results/clientpositive/groupby_sort_1_23.q.out b/ql/src/test/results/clientpositive/groupby_sort_1_23.q.out
index b199bf937e..c491db448c 100644
--- a/ql/src/test/results/clientpositive/groupby_sort_1_23.q.out
+++ b/ql/src/test/results/clientpositive/groupby_sort_1_23.q.out
@@ -3763,12 +3763,12 @@ STAGE PLANS:
                 keys: key (type: string)
                 mode: final
                 outputColumnNames: _col0, _col1
-                Statistics: Num rows: 3 Data size: 12 Basic stats: COMPLETE Column stats: NONE
+                Statistics: Num rows: 1 Data size: 4 Basic stats: COMPLETE Column stats: NONE
                 Reduce Output Operator
                   key expressions: _col0 (type: string)
                   sort order: +
                   Map-reduce partition columns: _col0 (type: string)
-                  Statistics: Num rows: 3 Data size: 12 Basic stats: COMPLETE Column stats: NONE
+                  Statistics: Num rows: 1 Data size: 4 Basic stats: COMPLETE Column stats: NONE
                   tag: 0
                   value expressions: _col1 (type: bigint)
                   auto parallelism: false
@@ -3785,12 +3785,12 @@ STAGE PLANS:
                 keys: key (type: string)
                 mode: final
                 outputColumnNames: _col0, _col1
-                Statistics: Num rows: 3 Data size: 12 Basic stats: COMPLETE Column stats: NONE
+                Statistics: Num rows: 1 Data size: 4 Basic stats: COMPLETE Column stats: NONE
                 Reduce Output Operator
                   key expressions: _col0 (type: string)
                   sort order: +
                   Map-reduce partition columns: _col0 (type: string)
-                  Statistics: Num rows: 3 Data size: 12 Basic stats: COMPLETE Column stats: NONE
+                  Statistics: Num rows: 1 Data size: 4 Basic stats: COMPLETE Column stats: NONE
                   tag: 1
                   value expressions: _col1 (type: bigint)
                   auto parallelism: false
@@ -3856,17 +3856,17 @@ STAGE PLANS:
             0 {KEY.reducesinkkey0} {VALUE._col0}
             1 {VALUE._col0}
           outputColumnNames: _col0, _col1, _col3
-          Statistics: Num rows: 3 Data size: 13 Basic stats: COMPLETE Column stats: NONE
+          Statistics: Num rows: 1 Data size: 4 Basic stats: COMPLETE Column stats: NONE
           Select Operator
             expressions: UDFToInteger(_col0) (type: int), UDFToInteger((_col1 + _col3)) (type: int)
             outputColumnNames: _col0, _col1
-            Statistics: Num rows: 3 Data size: 13 Basic stats: COMPLETE Column stats: NONE
+            Statistics: Num rows: 1 Data size: 4 Basic stats: COMPLETE Column stats: NONE
             File Output Operator
               compressed: false
               GlobalTableId: 1
 #### A masked pattern was here ####
               NumFilesPerFileSink: 1
-              Statistics: Num rows: 3 Data size: 13 Basic stats: COMPLETE Column stats: NONE
+              Statistics: Num rows: 1 Data size: 4 Basic stats: COMPLETE Column stats: NONE
 #### A masked pattern was here ####
               table:
                   input format: org.apache.hadoop.mapred.TextInputFormat
@@ -4136,7 +4136,7 @@ STAGE PLANS:
           keys: KEY._col0 (type: string), KEY._col1 (type: string)
           mode: mergepartial
           outputColumnNames: _col0, _col1, _col2
-          Statistics: Num rows: 3 Data size: 12 Basic stats: COMPLETE Column stats: NONE
+          Statistics: Num rows: 1 Data size: 4 Basic stats: COMPLETE Column stats: NONE
           File Output Operator
             compressed: false
             GlobalTableId: 0
@@ -4171,12 +4171,12 @@ STAGE PLANS:
                 keys: key (type: string)
                 mode: final
                 outputColumnNames: _col0, _col1
-                Statistics: Num rows: 3 Data size: 12 Basic stats: COMPLETE Column stats: NONE
+                Statistics: Num rows: 1 Data size: 4 Basic stats: COMPLETE Column stats: NONE
                 Reduce Output Operator
                   key expressions: _col0 (type: string)
                   sort order: +
                   Map-reduce partition columns: _col0 (type: string)
-                  Statistics: Num rows: 3 Data size: 12 Basic stats: COMPLETE Column stats: NONE
+                  Statistics: Num rows: 1 Data size: 4 Basic stats: COMPLETE Column stats: NONE
                   tag: 0
                   value expressions: _col1 (type: bigint)
                   auto parallelism: false
@@ -4186,7 +4186,7 @@ STAGE PLANS:
               key expressions: _col0 (type: string)
               sort order: +
               Map-reduce partition columns: _col0 (type: string)
-              Statistics: Num rows: 3 Data size: 12 Basic stats: COMPLETE Column stats: NONE
+              Statistics: Num rows: 1 Data size: 4 Basic stats: COMPLETE Column stats: NONE
               tag: 1
               value expressions: _col1 (type: string), _col2 (type: bigint)
               auto parallelism: false
@@ -4273,17 +4273,17 @@ STAGE PLANS:
             0 {KEY.reducesinkkey0} {VALUE._col0}
             1 {KEY.reducesinkkey0} {VALUE._col0} {VALUE._col1}
           outputColumnNames: _col0, _col1, _col2, _col3, _col4
-          Statistics: Num rows: 3 Data size: 13 Basic stats: COMPLETE Column stats: NONE
+          Statistics: Num rows: 1 Data size: 4 Basic stats: COMPLETE Column stats: NONE
           Select Operator
             expressions: _col0 (type: string), _col1 (type: bigint), _col2 (type: string), _col3 (type: string), _col4 (type: bigint)
             outputColumnNames: _col0, _col1, _col2, _col3, _col4
-            Statistics: Num rows: 3 Data size: 13 Basic stats: COMPLETE Column stats: NONE
+            Statistics: Num rows: 1 Data size: 4 Basic stats: COMPLETE Column stats: NONE
             File Output Operator
               compressed: false
               GlobalTableId: 0
 #### A masked pattern was here ####
               NumFilesPerFileSink: 1
-              Statistics: Num rows: 3 Data size: 13 Basic stats: COMPLETE Column stats: NONE
+              Statistics: Num rows: 1 Data size: 4 Basic stats: COMPLETE Column stats: NONE
 #### A masked pattern was here ####
               table:
                   input format: org.apache.hadoop.mapred.TextInputFormat
diff --git a/ql/src/test/results/clientpositive/groupby_sort_skew_1_23.q.out b/ql/src/test/results/clientpositive/groupby_sort_skew_1_23.q.out
index 3e68cacd81..67798afde5 100644
--- a/ql/src/test/results/clientpositive/groupby_sort_skew_1_23.q.out
+++ b/ql/src/test/results/clientpositive/groupby_sort_skew_1_23.q.out
@@ -4088,12 +4088,12 @@ STAGE PLANS:
                 keys: key (type: string)
                 mode: final
                 outputColumnNames: _col0, _col1
-                Statistics: Num rows: 3 Data size: 12 Basic stats: COMPLETE Column stats: NONE
+                Statistics: Num rows: 1 Data size: 4 Basic stats: COMPLETE Column stats: NONE
                 Reduce Output Operator
                   key expressions: _col0 (type: string)
                   sort order: +
                   Map-reduce partition columns: _col0 (type: string)
-                  Statistics: Num rows: 3 Data size: 12 Basic stats: COMPLETE Column stats: NONE
+                  Statistics: Num rows: 1 Data size: 4 Basic stats: COMPLETE Column stats: NONE
                   tag: 0
                   value expressions: _col1 (type: bigint)
                   auto parallelism: false
@@ -4110,12 +4110,12 @@ STAGE PLANS:
                 keys: key (type: string)
                 mode: final
                 outputColumnNames: _col0, _col1
-                Statistics: Num rows: 3 Data size: 12 Basic stats: COMPLETE Column stats: NONE
+                Statistics: Num rows: 1 Data size: 4 Basic stats: COMPLETE Column stats: NONE
                 Reduce Output Operator
                   key expressions: _col0 (type: string)
                   sort order: +
                   Map-reduce partition columns: _col0 (type: string)
-                  Statistics: Num rows: 3 Data size: 12 Basic stats: COMPLETE Column stats: NONE
+                  Statistics: Num rows: 1 Data size: 4 Basic stats: COMPLETE Column stats: NONE
                   tag: 1
                   value expressions: _col1 (type: bigint)
                   auto parallelism: false
@@ -4181,17 +4181,17 @@ STAGE PLANS:
             0 {KEY.reducesinkkey0} {VALUE._col0}
             1 {VALUE._col0}
           outputColumnNames: _col0, _col1, _col3
-          Statistics: Num rows: 3 Data size: 13 Basic stats: COMPLETE Column stats: NONE
+          Statistics: Num rows: 1 Data size: 4 Basic stats: COMPLETE Column stats: NONE
           Select Operator
             expressions: UDFToInteger(_col0) (type: int), UDFToInteger((_col1 + _col3)) (type: int)
             outputColumnNames: _col0, _col1
-            Statistics: Num rows: 3 Data size: 13 Basic stats: COMPLETE Column stats: NONE
+            Statistics: Num rows: 1 Data size: 4 Basic stats: COMPLETE Column stats: NONE
             File Output Operator
               compressed: false
               GlobalTableId: 1
 #### A masked pattern was here ####
               NumFilesPerFileSink: 1
-              Statistics: Num rows: 3 Data size: 13 Basic stats: COMPLETE Column stats: NONE
+              Statistics: Num rows: 1 Data size: 4 Basic stats: COMPLETE Column stats: NONE
 #### A masked pattern was here ####
               table:
                   input format: org.apache.hadoop.mapred.TextInputFormat
@@ -4526,7 +4526,7 @@ STAGE PLANS:
           keys: KEY._col0 (type: string), KEY._col1 (type: string)
           mode: final
           outputColumnNames: _col0, _col1, _col2
-          Statistics: Num rows: 3 Data size: 12 Basic stats: COMPLETE Column stats: NONE
+          Statistics: Num rows: 1 Data size: 4 Basic stats: COMPLETE Column stats: NONE
           File Output Operator
             compressed: false
             GlobalTableId: 0
@@ -4561,12 +4561,12 @@ STAGE PLANS:
                 keys: key (type: string)
                 mode: final
                 outputColumnNames: _col0, _col1
-                Statistics: Num rows: 3 Data size: 12 Basic stats: COMPLETE Column stats: NONE
+                Statistics: Num rows: 1 Data size: 4 Basic stats: COMPLETE Column stats: NONE
                 Reduce Output Operator
                   key expressions: _col0 (type: string)
                   sort order: +
                   Map-reduce partition columns: _col0 (type: string)
-                  Statistics: Num rows: 3 Data size: 12 Basic stats: COMPLETE Column stats: NONE
+                  Statistics: Num rows: 1 Data size: 4 Basic stats: COMPLETE Column stats: NONE
                   tag: 0
                   value expressions: _col1 (type: bigint)
                   auto parallelism: false
@@ -4576,7 +4576,7 @@ STAGE PLANS:
               key expressions: _col0 (type: string)
               sort order: +
               Map-reduce partition columns: _col0 (type: string)
-              Statistics: Num rows: 3 Data size: 12 Basic stats: COMPLETE Column stats: NONE
+              Statistics: Num rows: 1 Data size: 4 Basic stats: COMPLETE Column stats: NONE
               tag: 1
               value expressions: _col1 (type: string), _col2 (type: bigint)
               auto parallelism: false
@@ -4663,17 +4663,17 @@ STAGE PLANS:
             0 {KEY.reducesinkkey0} {VALUE._col0}
             1 {KEY.reducesinkkey0} {VALUE._col0} {VALUE._col1}
           outputColumnNames: _col0, _col1, _col2, _col3, _col4
-          Statistics: Num rows: 3 Data size: 13 Basic stats: COMPLETE Column stats: NONE
+          Statistics: Num rows: 1 Data size: 4 Basic stats: COMPLETE Column stats: NONE
           Select Operator
             expressions: _col0 (type: string), _col1 (type: bigint), _col2 (type: string), _col3 (type: string), _col4 (type: bigint)
             outputColumnNames: _col0, _col1, _col2, _col3, _col4
-            Statistics: Num rows: 3 Data size: 13 Basic stats: COMPLETE Column stats: NONE
+            Statistics: Num rows: 1 Data size: 4 Basic stats: COMPLETE Column stats: NONE
             File Output Operator
               compressed: false
               GlobalTableId: 0
 #### A masked pattern was here ####
               NumFilesPerFileSink: 1
-              Statistics: Num rows: 3 Data size: 13 Basic stats: COMPLETE Column stats: NONE
+              Statistics: Num rows: 1 Data size: 4 Basic stats: COMPLETE Column stats: NONE
 #### A masked pattern was here ####
               table:
                   input format: org.apache.hadoop.mapred.TextInputFormat
diff --git a/ql/src/test/results/clientpositive/join18.q.out b/ql/src/test/results/clientpositive/join18.q.out
index fbde0c8119..86125c1a1a 100644
--- a/ql/src/test/results/clientpositive/join18.q.out
+++ b/ql/src/test/results/clientpositive/join18.q.out
@@ -59,7 +59,7 @@ STAGE PLANS:
           keys: KEY._col0 (type: string)
           mode: mergepartial
           outputColumnNames: _col0, _col1
-          Statistics: Num rows: 500 Data size: 5312 Basic stats: COMPLETE Column stats: NONE
+          Statistics: Num rows: 250 Data size: 2656 Basic stats: COMPLETE Column stats: NONE
           File Output Operator
             compressed: false
             table:
@@ -75,14 +75,14 @@ STAGE PLANS:
               key expressions: _col0 (type: string)
               sort order: +
               Map-reduce partition columns: _col0 (type: string)
-              Statistics: Num rows: 500 Data size: 5312 Basic stats: COMPLETE Column stats: NONE
+              Statistics: Num rows: 250 Data size: 2656 Basic stats: COMPLETE Column stats: NONE
               value expressions: _col1 (type: bigint)
           TableScan
             Reduce Output Operator
               key expressions: _col0 (type: string)
               sort order: +
               Map-reduce partition columns: _col0 (type: string)
-              Statistics: Num rows: 25 Data size: 191 Basic stats: COMPLETE Column stats: NONE
+              Statistics: Num rows: 12 Data size: 91 Basic stats: COMPLETE Column stats: NONE
               value expressions: _col1 (type: bigint)
       Reduce Operator Tree:
         Join Operator
@@ -92,14 +92,14 @@ STAGE PLANS:
             0 {KEY.reducesinkkey0} {VALUE._col0}
             1 {KEY.reducesinkkey0} {VALUE._col0}
           outputColumnNames: _col0, _col1, _col2, _col3
-          Statistics: Num rows: 550 Data size: 5843 Basic stats: COMPLETE Column stats: NONE
+          Statistics: Num rows: 275 Data size: 2921 Basic stats: COMPLETE Column stats: NONE
           Select Operator
             expressions: _col0 (type: string), _col1 (type: bigint), _col2 (type: string), _col3 (type: bigint)
             outputColumnNames: _col0, _col1, _col2, _col3
-            Statistics: Num rows: 550 Data size: 5843 Basic stats: COMPLETE Column stats: NONE
+            Statistics: Num rows: 275 Data size: 2921 Basic stats: COMPLETE Column stats: NONE
             File Output Operator
               compressed: false
-              Statistics: Num rows: 550 Data size: 5843 Basic stats: COMPLETE Column stats: NONE
+              Statistics: Num rows: 275 Data size: 2921 Basic stats: COMPLETE Column stats: NONE
               table:
                   input format: org.apache.hadoop.mapred.TextInputFormat
                   output format: org.apache.hadoop.hive.ql.io.HiveIgnoreKeyTextOutputFormat
@@ -132,7 +132,7 @@ STAGE PLANS:
           keys: KEY._col0 (type: string)
           mode: mergepartial
           outputColumnNames: _col0, _col1
-          Statistics: Num rows: 25 Data size: 191 Basic stats: COMPLETE Column stats: NONE
+          Statistics: Num rows: 12 Data size: 91 Basic stats: COMPLETE Column stats: NONE
           File Output Operator
             compressed: false
             table:
diff --git a/ql/src/test/results/clientpositive/join18_multi_distinct.q.out b/ql/src/test/results/clientpositive/join18_multi_distinct.q.out
index ac2b0f12f8..cabb287eba 100644
--- a/ql/src/test/results/clientpositive/join18_multi_distinct.q.out
+++ b/ql/src/test/results/clientpositive/join18_multi_distinct.q.out
@@ -65,7 +65,7 @@ STAGE PLANS:
           keys: KEY._col0 (type: string)
           mode: mergepartial
           outputColumnNames: _col0, _col1
-          Statistics: Num rows: 500 Data size: 5312 Basic stats: COMPLETE Column stats: NONE
+          Statistics: Num rows: 250 Data size: 2656 Basic stats: COMPLETE Column stats: NONE
           File Output Operator
             compressed: false
             table:
@@ -81,14 +81,14 @@ STAGE PLANS:
               key expressions: _col0 (type: string)
               sort order: +
               Map-reduce partition columns: _col0 (type: string)
-              Statistics: Num rows: 500 Data size: 5312 Basic stats: COMPLETE Column stats: NONE
+              Statistics: Num rows: 250 Data size: 2656 Basic stats: COMPLETE Column stats: NONE
               value expressions: _col1 (type: bigint)
           TableScan
             Reduce Output Operator
               key expressions: _col0 (type: string)
               sort order: +
               Map-reduce partition columns: _col0 (type: string)
-              Statistics: Num rows: 25 Data size: 191 Basic stats: COMPLETE Column stats: NONE
+              Statistics: Num rows: 12 Data size: 91 Basic stats: COMPLETE Column stats: NONE
               value expressions: _col1 (type: bigint), _col2 (type: bigint)
       Reduce Operator Tree:
         Join Operator
@@ -98,14 +98,14 @@ STAGE PLANS:
             0 {KEY.reducesinkkey0} {VALUE._col0}
             1 {KEY.reducesinkkey0} {VALUE._col0} {VALUE._col1}
           outputColumnNames: _col0, _col1, _col2, _col3, _col4
-          Statistics: Num rows: 550 Data size: 5843 Basic stats: COMPLETE Column stats: NONE
+          Statistics: Num rows: 275 Data size: 2921 Basic stats: COMPLETE Column stats: NONE
           Select Operator
             expressions: _col0 (type: string), _col1 (type: bigint), _col2 (type: string), _col3 (type: bigint), _col4 (type: bigint)
             outputColumnNames: _col0, _col1, _col2, _col3, _col4
-            Statistics: Num rows: 550 Data size: 5843 Basic stats: COMPLETE Column stats: NONE
+            Statistics: Num rows: 275 Data size: 2921 Basic stats: COMPLETE Column stats: NONE
             File Output Operator
               compressed: false
-              Statistics: Num rows: 550 Data size: 5843 Basic stats: COMPLETE Column stats: NONE
+              Statistics: Num rows: 275 Data size: 2921 Basic stats: COMPLETE Column stats: NONE
               table:
                   input format: org.apache.hadoop.mapred.TextInputFormat
                   output format: org.apache.hadoop.hive.ql.io.HiveIgnoreKeyTextOutputFormat
@@ -138,7 +138,7 @@ STAGE PLANS:
           keys: KEY._col0 (type: string)
           mode: mergepartial
           outputColumnNames: _col0, _col1, _col2
-          Statistics: Num rows: 25 Data size: 191 Basic stats: COMPLETE Column stats: NONE
+          Statistics: Num rows: 12 Data size: 91 Basic stats: COMPLETE Column stats: NONE
           File Output Operator
             compressed: false
             table:
diff --git a/ql/src/test/results/clientpositive/join29.q.out b/ql/src/test/results/clientpositive/join29.q.out
index f4aab18d29..100160ab0b 100644
--- a/ql/src/test/results/clientpositive/join29.q.out
+++ b/ql/src/test/results/clientpositive/join29.q.out
@@ -66,7 +66,7 @@ STAGE PLANS:
           keys: KEY._col0 (type: string)
           mode: mergepartial
           outputColumnNames: _col0, _col1
-          Statistics: Num rows: 13 Data size: 99 Basic stats: COMPLETE Column stats: NONE
+          Statistics: Num rows: 6 Data size: 45 Basic stats: COMPLETE Column stats: NONE
           File Output Operator
             compressed: false
             table:
@@ -186,14 +186,14 @@ STAGE PLANS:
               key expressions: _col0 (type: string)
               sort order: +
               Map-reduce partition columns: _col0 (type: string)
-              Statistics: Num rows: 13 Data size: 99 Basic stats: COMPLETE Column stats: NONE
+              Statistics: Num rows: 6 Data size: 45 Basic stats: COMPLETE Column stats: NONE
               value expressions: _col1 (type: bigint)
           TableScan
             Reduce Output Operator
               key expressions: _col0 (type: string)
               sort order: +
               Map-reduce partition columns: _col0 (type: string)
-              Statistics: Num rows: 250 Data size: 2656 Basic stats: COMPLETE Column stats: NONE
+              Statistics: Num rows: 125 Data size: 1328 Basic stats: COMPLETE Column stats: NONE
               value expressions: _col1 (type: bigint)
       Reduce Operator Tree:
         Join Operator
@@ -203,14 +203,14 @@ STAGE PLANS:
             0 {KEY.reducesinkkey0} {VALUE._col0}
             1 {VALUE._col0}
           outputColumnNames: _col0, _col1, _col3
-          Statistics: Num rows: 275 Data size: 2921 Basic stats: COMPLETE Column stats: NONE
+          Statistics: Num rows: 137 Data size: 1460 Basic stats: COMPLETE Column stats: NONE
           Select Operator
             expressions: _col0 (type: string), UDFToInteger(_col1) (type: int), UDFToInteger(_col3) (type: int)
             outputColumnNames: _col0, _col1, _col2
-            Statistics: Num rows: 275 Data size: 2921 Basic stats: COMPLETE Column stats: NONE
+            Statistics: Num rows: 137 Data size: 1460 Basic stats: COMPLETE Column stats: NONE
             File Output Operator
               compressed: false
-              Statistics: Num rows: 275 Data size: 2921 Basic stats: COMPLETE Column stats: NONE
+              Statistics: Num rows: 137 Data size: 1460 Basic stats: COMPLETE Column stats: NONE
               table:
                   input format: org.apache.hadoop.mapred.TextInputFormat
                   output format: org.apache.hadoop.hive.ql.io.HiveIgnoreKeyTextOutputFormat
@@ -244,7 +244,7 @@ STAGE PLANS:
           keys: KEY._col0 (type: string)
           mode: mergepartial
           outputColumnNames: _col0, _col1
-          Statistics: Num rows: 250 Data size: 2656 Basic stats: COMPLETE Column stats: NONE
+          Statistics: Num rows: 125 Data size: 1328 Basic stats: COMPLETE Column stats: NONE
           File Output Operator
             compressed: false
             table:
diff --git a/ql/src/test/results/clientpositive/limit_pushdown.q.out b/ql/src/test/results/clientpositive/limit_pushdown.q.out
index ed6b7aae19..5f31ebc939 100644
--- a/ql/src/test/results/clientpositive/limit_pushdown.q.out
+++ b/ql/src/test/results/clientpositive/limit_pushdown.q.out
@@ -679,7 +679,7 @@ STAGE PLANS:
           keys: KEY._col0 (type: string)
           mode: mergepartial
           outputColumnNames: _col0, _col1
-          Statistics: Num rows: 500 Data size: 5312 Basic stats: COMPLETE Column stats: NONE
+          Statistics: Num rows: 250 Data size: 2656 Basic stats: COMPLETE Column stats: NONE
           File Output Operator
             compressed: false
             table:
@@ -694,14 +694,14 @@ STAGE PLANS:
             Reduce Output Operator
               key expressions: _col1 (type: double)
               sort order: +
-              Statistics: Num rows: 500 Data size: 5312 Basic stats: COMPLETE Column stats: NONE
+              Statistics: Num rows: 250 Data size: 2656 Basic stats: COMPLETE Column stats: NONE
               TopN Hash Memory Usage: 0.3
               value expressions: _col0 (type: string)
       Reduce Operator Tree:
         Select Operator
           expressions: VALUE._col0 (type: string), KEY.reducesinkkey0 (type: double)
           outputColumnNames: _col0, _col1
-          Statistics: Num rows: 500 Data size: 5312 Basic stats: COMPLETE Column stats: NONE
+          Statistics: Num rows: 250 Data size: 2656 Basic stats: COMPLETE Column stats: NONE
           Limit
             Number of rows: 20
             Statistics: Num rows: 20 Data size: 200 Basic stats: COMPLETE Column stats: NONE
diff --git a/ql/src/test/results/clientpositive/multiMapJoin2.q.out b/ql/src/test/results/clientpositive/multiMapJoin2.q.out
index 5ed27d67ae..8c8e931fc3 100644
--- a/ql/src/test/results/clientpositive/multiMapJoin2.q.out
+++ b/ql/src/test/results/clientpositive/multiMapJoin2.q.out
@@ -807,7 +807,7 @@ STAGE PLANS:
           keys: KEY._col0 (type: string)
           mode: mergepartial
           outputColumnNames: _col0
-          Statistics: Num rows: 275 Data size: 2921 Basic stats: COMPLETE Column stats: NONE
+          Statistics: Num rows: 137 Data size: 1455 Basic stats: COMPLETE Column stats: NONE
           File Output Operator
             compressed: false
             table:
@@ -871,7 +871,7 @@ STAGE PLANS:
               key expressions: _col0 (type: string)
               sort order: +
               Map-reduce partition columns: _col0 (type: string)
-              Statistics: Num rows: 302 Data size: 3213 Basic stats: COMPLETE Column stats: NONE
+              Statistics: Num rows: 150 Data size: 1600 Basic stats: COMPLETE Column stats: NONE
               value expressions: _col1 (type: bigint)
       Reduce Operator Tree:
         Group By Operator
@@ -879,7 +879,7 @@ STAGE PLANS:
           keys: KEY._col0 (type: string)
           mode: mergepartial
           outputColumnNames: _col0, _col1
-          Statistics: Num rows: 302 Data size: 3213 Basic stats: COMPLETE Column stats: NONE
+          Statistics: Num rows: 75 Data size: 800 Basic stats: COMPLETE Column stats: NONE
           File Output Operator
             compressed: false
             table:
@@ -894,15 +894,15 @@ STAGE PLANS:
             Reduce Output Operator
               key expressions: _col0 (type: string), _col1 (type: bigint)
               sort order: ++
-              Statistics: Num rows: 302 Data size: 3213 Basic stats: COMPLETE Column stats: NONE
+              Statistics: Num rows: 75 Data size: 800 Basic stats: COMPLETE Column stats: NONE
       Reduce Operator Tree:
         Select Operator
           expressions: KEY.reducesinkkey0 (type: string), KEY.reducesinkkey1 (type: bigint)
           outputColumnNames: _col0, _col1
-          Statistics: Num rows: 302 Data size: 3213 Basic stats: COMPLETE Column stats: NONE
+          Statistics: Num rows: 75 Data size: 800 Basic stats: COMPLETE Column stats: NONE
           File Output Operator
             compressed: false
-            Statistics: Num rows: 302 Data size: 3213 Basic stats: COMPLETE Column stats: NONE
+            Statistics: Num rows: 75 Data size: 800 Basic stats: COMPLETE Column stats: NONE
             table:
                 input format: org.apache.hadoop.mapred.TextInputFormat
                 output format: org.apache.hadoop.hive.ql.io.HiveIgnoreKeyTextOutputFormat
@@ -961,13 +961,13 @@ STAGE PLANS:
               key expressions: _col0 (type: string)
               sort order: +
               Map-reduce partition columns: _col0 (type: string)
-              Statistics: Num rows: 275 Data size: 2921 Basic stats: COMPLETE Column stats: NONE
+              Statistics: Num rows: 137 Data size: 1455 Basic stats: COMPLETE Column stats: NONE
           TableScan
             Reduce Output Operator
               key expressions: _col0 (type: string)
               sort order: +
               Map-reduce partition columns: _col0 (type: string)
-              Statistics: Num rows: 275 Data size: 2921 Basic stats: COMPLETE Column stats: NONE
+              Statistics: Num rows: 137 Data size: 1455 Basic stats: COMPLETE Column stats: NONE
       Reduce Operator Tree:
         Join Operator
           condition map:
@@ -976,13 +976,13 @@ STAGE PLANS:
             0 {KEY.reducesinkkey0}
             1 
           outputColumnNames: _col0
-          Statistics: Num rows: 302 Data size: 3213 Basic stats: COMPLETE Column stats: NONE
+          Statistics: Num rows: 150 Data size: 1600 Basic stats: COMPLETE Column stats: NONE
           Group By Operator
             aggregations: count()
             keys: _col0 (type: string)
             mode: hash
             outputColumnNames: _col0, _col1
-            Statistics: Num rows: 302 Data size: 3213 Basic stats: COMPLETE Column stats: NONE
+            Statistics: Num rows: 150 Data size: 1600 Basic stats: COMPLETE Column stats: NONE
             File Output Operator
               compressed: false
               table:
@@ -1049,7 +1049,7 @@ STAGE PLANS:
           keys: KEY._col0 (type: string)
           mode: mergepartial
           outputColumnNames: _col0
-          Statistics: Num rows: 275 Data size: 2921 Basic stats: COMPLETE Column stats: NONE
+          Statistics: Num rows: 137 Data size: 1455 Basic stats: COMPLETE Column stats: NONE
           File Output Operator
             compressed: false
             table:
@@ -1464,7 +1464,7 @@ STAGE PLANS:
           keys: KEY._col0 (type: string)
           mode: mergepartial
           outputColumnNames: _col0
-          Statistics: Num rows: 13 Data size: 99 Basic stats: COMPLETE Column stats: NONE
+          Statistics: Num rows: 6 Data size: 45 Basic stats: COMPLETE Column stats: NONE
           File Output Operator
             compressed: false
             table:
@@ -1528,7 +1528,7 @@ STAGE PLANS:
               key expressions: _col0 (type: string)
               sort order: +
               Map-reduce partition columns: _col0 (type: string)
-              Statistics: Num rows: 302 Data size: 3213 Basic stats: COMPLETE Column stats: NONE
+              Statistics: Num rows: 150 Data size: 1600 Basic stats: COMPLETE Column stats: NONE
               value expressions: _col1 (type: bigint)
       Reduce Operator Tree:
         Group By Operator
@@ -1536,7 +1536,7 @@ STAGE PLANS:
           keys: KEY._col0 (type: string)
           mode: mergepartial
           outputColumnNames: _col0, _col1
-          Statistics: Num rows: 302 Data size: 3213 Basic stats: COMPLETE Column stats: NONE
+          Statistics: Num rows: 75 Data size: 800 Basic stats: COMPLETE Column stats: NONE
           File Output Operator
             compressed: false
             table:
@@ -1551,15 +1551,15 @@ STAGE PLANS:
             Reduce Output Operator
               key expressions: _col0 (type: string), _col1 (type: bigint)
               sort order: ++
-              Statistics: Num rows: 302 Data size: 3213 Basic stats: COMPLETE Column stats: NONE
+              Statistics: Num rows: 75 Data size: 800 Basic stats: COMPLETE Column stats: NONE
       Reduce Operator Tree:
         Select Operator
           expressions: KEY.reducesinkkey0 (type: string), KEY.reducesinkkey1 (type: bigint)
           outputColumnNames: _col0, _col1
-          Statistics: Num rows: 302 Data size: 3213 Basic stats: COMPLETE Column stats: NONE
+          Statistics: Num rows: 75 Data size: 800 Basic stats: COMPLETE Column stats: NONE
           File Output Operator
             compressed: false
-            Statistics: Num rows: 302 Data size: 3213 Basic stats: COMPLETE Column stats: NONE
+            Statistics: Num rows: 75 Data size: 800 Basic stats: COMPLETE Column stats: NONE
             table:
                 input format: org.apache.hadoop.mapred.TextInputFormat
                 output format: org.apache.hadoop.hive.ql.io.HiveIgnoreKeyTextOutputFormat
@@ -1618,13 +1618,13 @@ STAGE PLANS:
               key expressions: _col0 (type: string)
               sort order: +
               Map-reduce partition columns: _col0 (type: string)
-              Statistics: Num rows: 13 Data size: 99 Basic stats: COMPLETE Column stats: NONE
+              Statistics: Num rows: 6 Data size: 45 Basic stats: COMPLETE Column stats: NONE
           TableScan
             Reduce Output Operator
               key expressions: _col0 (type: string)
               sort order: +
               Map-reduce partition columns: _col0 (type: string)
-              Statistics: Num rows: 275 Data size: 2921 Basic stats: COMPLETE Column stats: NONE
+              Statistics: Num rows: 137 Data size: 1455 Basic stats: COMPLETE Column stats: NONE
       Reduce Operator Tree:
         Join Operator
           condition map:
@@ -1633,13 +1633,13 @@ STAGE PLANS:
             0 {KEY.reducesinkkey0}
             1 
           outputColumnNames: _col0
-          Statistics: Num rows: 302 Data size: 3213 Basic stats: COMPLETE Column stats: NONE
+          Statistics: Num rows: 150 Data size: 1600 Basic stats: COMPLETE Column stats: NONE
           Group By Operator
             aggregations: count()
             keys: _col0 (type: string)
             mode: hash
             outputColumnNames: _col0, _col1
-            Statistics: Num rows: 302 Data size: 3213 Basic stats: COMPLETE Column stats: NONE
+            Statistics: Num rows: 150 Data size: 1600 Basic stats: COMPLETE Column stats: NONE
             File Output Operator
               compressed: false
               table:
@@ -1706,7 +1706,7 @@ STAGE PLANS:
           keys: KEY._col0 (type: string)
           mode: mergepartial
           outputColumnNames: _col0
-          Statistics: Num rows: 275 Data size: 2921 Basic stats: COMPLETE Column stats: NONE
+          Statistics: Num rows: 137 Data size: 1455 Basic stats: COMPLETE Column stats: NONE
           File Output Operator
             compressed: false
             table:
@@ -2260,7 +2260,7 @@ STAGE PLANS:
           keys: KEY._col0 (type: string)
           mode: mergepartial
           outputColumnNames: _col0
-          Statistics: Num rows: 275 Data size: 2921 Basic stats: COMPLETE Column stats: NONE
+          Statistics: Num rows: 137 Data size: 1455 Basic stats: COMPLETE Column stats: NONE
           File Output Operator
             compressed: false
             table:
@@ -2321,20 +2321,20 @@ STAGE PLANS:
                 0 _col0 (type: string)
                 1 key (type: string)
               outputColumnNames: _col1
-              Statistics: Num rows: 302 Data size: 3213 Basic stats: COMPLETE Column stats: NONE
+              Statistics: Num rows: 275 Data size: 2921 Basic stats: COMPLETE Column stats: NONE
               Select Operator
                 expressions: _col1 (type: string)
                 outputColumnNames: _col0
-                Statistics: Num rows: 302 Data size: 3213 Basic stats: COMPLETE Column stats: NONE
+                Statistics: Num rows: 275 Data size: 2921 Basic stats: COMPLETE Column stats: NONE
                 Union
-                  Statistics: Num rows: 604 Data size: 6426 Basic stats: COMPLETE Column stats: NONE
+                  Statistics: Num rows: 550 Data size: 5842 Basic stats: COMPLETE Column stats: NONE
                   Select Operator
                     expressions: _col0 (type: string)
                     outputColumnNames: _col0
-                    Statistics: Num rows: 604 Data size: 6426 Basic stats: COMPLETE Column stats: NONE
+                    Statistics: Num rows: 550 Data size: 5842 Basic stats: COMPLETE Column stats: NONE
                     File Output Operator
                       compressed: false
-                      Statistics: Num rows: 604 Data size: 6426 Basic stats: COMPLETE Column stats: NONE
+                      Statistics: Num rows: 550 Data size: 5842 Basic stats: COMPLETE Column stats: NONE
                       table:
                           input format: org.apache.hadoop.mapred.TextInputFormat
                           output format: org.apache.hadoop.hive.ql.io.HiveIgnoreKeyTextOutputFormat
@@ -2350,20 +2350,20 @@ STAGE PLANS:
                 0 _col0 (type: string)
                 1 key (type: string)
               outputColumnNames: _col1
-              Statistics: Num rows: 302 Data size: 3213 Basic stats: COMPLETE Column stats: NONE
+              Statistics: Num rows: 275 Data size: 2921 Basic stats: COMPLETE Column stats: NONE
               Select Operator
                 expressions: _col1 (type: string)
                 outputColumnNames: _col0
-                Statistics: Num rows: 302 Data size: 3213 Basic stats: COMPLETE Column stats: NONE
+                Statistics: Num rows: 275 Data size: 2921 Basic stats: COMPLETE Column stats: NONE
                 Union
-                  Statistics: Num rows: 604 Data size: 6426 Basic stats: COMPLETE Column stats: NONE
+                  Statistics: Num rows: 550 Data size: 5842 Basic stats: COMPLETE Column stats: NONE
                   Select Operator
                     expressions: _col0 (type: string)
                     outputColumnNames: _col0
-                    Statistics: Num rows: 604 Data size: 6426 Basic stats: COMPLETE Column stats: NONE
+                    Statistics: Num rows: 550 Data size: 5842 Basic stats: COMPLETE Column stats: NONE
                     File Output Operator
                       compressed: false
-                      Statistics: Num rows: 604 Data size: 6426 Basic stats: COMPLETE Column stats: NONE
+                      Statistics: Num rows: 550 Data size: 5842 Basic stats: COMPLETE Column stats: NONE
                       table:
                           input format: org.apache.hadoop.mapred.TextInputFormat
                           output format: org.apache.hadoop.hive.ql.io.HiveIgnoreKeyTextOutputFormat
@@ -2430,7 +2430,7 @@ STAGE PLANS:
           keys: KEY._col0 (type: string)
           mode: mergepartial
           outputColumnNames: _col0
-          Statistics: Num rows: 275 Data size: 2921 Basic stats: COMPLETE Column stats: NONE
+          Statistics: Num rows: 137 Data size: 1455 Basic stats: COMPLETE Column stats: NONE
           File Output Operator
             compressed: false
             table:
diff --git a/ql/src/test/results/clientpositive/multi_insert_move_tasks_share_dependencies.q.out b/ql/src/test/results/clientpositive/multi_insert_move_tasks_share_dependencies.q.out
index 2060693659..0fbad492c7 100644
--- a/ql/src/test/results/clientpositive/multi_insert_move_tasks_share_dependencies.q.out
+++ b/ql/src/test/results/clientpositive/multi_insert_move_tasks_share_dependencies.q.out
@@ -2852,7 +2852,7 @@ STAGE PLANS:
               keys: KEY._col0 (type: string), KEY._col1 (type: string)
               mode: complete
               outputColumnNames: _col0, _col1
-              Statistics: Num rows: 73 Data size: 775 Basic stats: COMPLETE Column stats: NONE
+              Statistics: Num rows: 36 Data size: 382 Basic stats: COMPLETE Column stats: NONE
               File Output Operator
                 compressed: false
                 table:
@@ -2866,7 +2866,7 @@ STAGE PLANS:
               keys: KEY._col0 (type: string), KEY._col1 (type: string)
               mode: complete
               outputColumnNames: _col0, _col1
-              Statistics: Num rows: 24 Data size: 254 Basic stats: COMPLETE Column stats: NONE
+              Statistics: Num rows: 12 Data size: 127 Basic stats: COMPLETE Column stats: NONE
               File Output Operator
                 compressed: false
                 table:
@@ -2882,16 +2882,16 @@ STAGE PLANS:
               key expressions: _col0 (type: string)
               sort order: +
               Map-reduce partition columns: _col0 (type: string)
-              Statistics: Num rows: 73 Data size: 775 Basic stats: COMPLETE Column stats: NONE
+              Statistics: Num rows: 36 Data size: 382 Basic stats: COMPLETE Column stats: NONE
               value expressions: _col1 (type: string)
       Reduce Operator Tree:
         Select Operator
           expressions: KEY.reducesinkkey0 (type: string), VALUE._col0 (type: string)
           outputColumnNames: _col0, _col1
-          Statistics: Num rows: 73 Data size: 775 Basic stats: COMPLETE Column stats: NONE
+          Statistics: Num rows: 36 Data size: 382 Basic stats: COMPLETE Column stats: NONE
           File Output Operator
             compressed: false
-            Statistics: Num rows: 73 Data size: 775 Basic stats: COMPLETE Column stats: NONE
+            Statistics: Num rows: 36 Data size: 382 Basic stats: COMPLETE Column stats: NONE
             table:
                 input format: org.apache.hadoop.mapred.TextInputFormat
                 output format: org.apache.hadoop.hive.ql.io.HiveIgnoreKeyTextOutputFormat
@@ -2914,16 +2914,16 @@ STAGE PLANS:
               key expressions: _col1 (type: string)
               sort order: +
               Map-reduce partition columns: _col1 (type: string)
-              Statistics: Num rows: 24 Data size: 254 Basic stats: COMPLETE Column stats: NONE
+              Statistics: Num rows: 12 Data size: 127 Basic stats: COMPLETE Column stats: NONE
               value expressions: _col0 (type: string)
       Reduce Operator Tree:
         Select Operator
           expressions: VALUE._col0 (type: string), KEY.reducesinkkey0 (type: string)
           outputColumnNames: _col0, _col1
-          Statistics: Num rows: 24 Data size: 254 Basic stats: COMPLETE Column stats: NONE
+          Statistics: Num rows: 12 Data size: 127 Basic stats: COMPLETE Column stats: NONE
           File Output Operator
             compressed: false
-            Statistics: Num rows: 24 Data size: 254 Basic stats: COMPLETE Column stats: NONE
+            Statistics: Num rows: 12 Data size: 127 Basic stats: COMPLETE Column stats: NONE
             table:
                 input format: org.apache.hadoop.mapred.TextInputFormat
                 output format: org.apache.hadoop.hive.ql.io.HiveIgnoreKeyTextOutputFormat
@@ -2988,7 +2988,7 @@ STAGE PLANS:
               keys: KEY._col0 (type: string), KEY._col1 (type: string)
               mode: complete
               outputColumnNames: _col0, _col1
-              Statistics: Num rows: 73 Data size: 775 Basic stats: COMPLETE Column stats: NONE
+              Statistics: Num rows: 36 Data size: 382 Basic stats: COMPLETE Column stats: NONE
               File Output Operator
                 compressed: false
                 table:
@@ -3002,7 +3002,7 @@ STAGE PLANS:
               keys: KEY._col0 (type: string), KEY._col1 (type: string)
               mode: complete
               outputColumnNames: _col0, _col1
-              Statistics: Num rows: 24 Data size: 254 Basic stats: COMPLETE Column stats: NONE
+              Statistics: Num rows: 12 Data size: 127 Basic stats: COMPLETE Column stats: NONE
               File Output Operator
                 compressed: false
                 table:
@@ -3018,16 +3018,16 @@ STAGE PLANS:
               key expressions: _col0 (type: string)
               sort order: +
               Map-reduce partition columns: _col0 (type: string)
-              Statistics: Num rows: 73 Data size: 775 Basic stats: COMPLETE Column stats: NONE
+              Statistics: Num rows: 36 Data size: 382 Basic stats: COMPLETE Column stats: NONE
               value expressions: _col1 (type: string)
       Reduce Operator Tree:
         Select Operator
           expressions: KEY.reducesinkkey0 (type: string), VALUE._col0 (type: string)
           outputColumnNames: _col0, _col1
-          Statistics: Num rows: 73 Data size: 775 Basic stats: COMPLETE Column stats: NONE
+          Statistics: Num rows: 36 Data size: 382 Basic stats: COMPLETE Column stats: NONE
           File Output Operator
             compressed: false
-            Statistics: Num rows: 73 Data size: 775 Basic stats: COMPLETE Column stats: NONE
+            Statistics: Num rows: 36 Data size: 382 Basic stats: COMPLETE Column stats: NONE
             table:
                 input format: org.apache.hadoop.mapred.TextInputFormat
                 output format: org.apache.hadoop.hive.ql.io.HiveIgnoreKeyTextOutputFormat
@@ -3050,16 +3050,16 @@ STAGE PLANS:
               key expressions: _col1 (type: string)
               sort order: +
               Map-reduce partition columns: _col1 (type: string)
-              Statistics: Num rows: 24 Data size: 254 Basic stats: COMPLETE Column stats: NONE
+              Statistics: Num rows: 12 Data size: 127 Basic stats: COMPLETE Column stats: NONE
               value expressions: _col0 (type: string)
       Reduce Operator Tree:
         Select Operator
           expressions: VALUE._col0 (type: string), KEY.reducesinkkey0 (type: string)
           outputColumnNames: _col0, _col1
-          Statistics: Num rows: 24 Data size: 254 Basic stats: COMPLETE Column stats: NONE
+          Statistics: Num rows: 12 Data size: 127 Basic stats: COMPLETE Column stats: NONE
           File Output Operator
             compressed: false
-            Statistics: Num rows: 24 Data size: 254 Basic stats: COMPLETE Column stats: NONE
+            Statistics: Num rows: 12 Data size: 127 Basic stats: COMPLETE Column stats: NONE
             table:
                 input format: org.apache.hadoop.mapred.TextInputFormat
                 output format: org.apache.hadoop.hive.ql.io.HiveIgnoreKeyTextOutputFormat
@@ -3124,7 +3124,7 @@ STAGE PLANS:
               keys: KEY._col0 (type: string), KEY._col1 (type: string)
               mode: complete
               outputColumnNames: _col0, _col1
-              Statistics: Num rows: 73 Data size: 775 Basic stats: COMPLETE Column stats: NONE
+              Statistics: Num rows: 36 Data size: 382 Basic stats: COMPLETE Column stats: NONE
               File Output Operator
                 compressed: false
                 table:
@@ -3138,7 +3138,7 @@ STAGE PLANS:
               keys: KEY._col0 (type: string), KEY._col1 (type: string)
               mode: complete
               outputColumnNames: _col0, _col1
-              Statistics: Num rows: 24 Data size: 254 Basic stats: COMPLETE Column stats: NONE
+              Statistics: Num rows: 12 Data size: 127 Basic stats: COMPLETE Column stats: NONE
               File Output Operator
                 compressed: false
                 table:
@@ -3154,16 +3154,16 @@ STAGE PLANS:
               key expressions: _col0 (type: string)
               sort order: +
               Map-reduce partition columns: _col0 (type: string)
-              Statistics: Num rows: 73 Data size: 775 Basic stats: COMPLETE Column stats: NONE
+              Statistics: Num rows: 36 Data size: 382 Basic stats: COMPLETE Column stats: NONE
               value expressions: _col1 (type: string)
       Reduce Operator Tree:
         Select Operator
           expressions: KEY.reducesinkkey0 (type: string), VALUE._col0 (type: string)
           outputColumnNames: _col0, _col1
-          Statistics: Num rows: 73 Data size: 775 Basic stats: COMPLETE Column stats: NONE
+          Statistics: Num rows: 36 Data size: 382 Basic stats: COMPLETE Column stats: NONE
           File Output Operator
             compressed: false
-            Statistics: Num rows: 73 Data size: 775 Basic stats: COMPLETE Column stats: NONE
+            Statistics: Num rows: 36 Data size: 382 Basic stats: COMPLETE Column stats: NONE
             table:
                 input format: org.apache.hadoop.mapred.TextInputFormat
                 output format: org.apache.hadoop.hive.ql.io.HiveIgnoreKeyTextOutputFormat
@@ -3186,16 +3186,16 @@ STAGE PLANS:
               key expressions: _col1 (type: string)
               sort order: +
               Map-reduce partition columns: _col1 (type: string)
-              Statistics: Num rows: 24 Data size: 254 Basic stats: COMPLETE Column stats: NONE
+              Statistics: Num rows: 12 Data size: 127 Basic stats: COMPLETE Column stats: NONE
               value expressions: _col0 (type: string)
       Reduce Operator Tree:
         Select Operator
           expressions: VALUE._col0 (type: string), KEY.reducesinkkey0 (type: string)
           outputColumnNames: _col0, _col1
-          Statistics: Num rows: 24 Data size: 254 Basic stats: COMPLETE Column stats: NONE
+          Statistics: Num rows: 12 Data size: 127 Basic stats: COMPLETE Column stats: NONE
           File Output Operator
             compressed: false
-            Statistics: Num rows: 24 Data size: 254 Basic stats: COMPLETE Column stats: NONE
+            Statistics: Num rows: 12 Data size: 127 Basic stats: COMPLETE Column stats: NONE
             table:
                 input format: org.apache.hadoop.mapred.TextInputFormat
                 output format: org.apache.hadoop.hive.ql.io.HiveIgnoreKeyTextOutputFormat
@@ -3260,7 +3260,7 @@ STAGE PLANS:
               keys: KEY._col0 (type: string), KEY._col1 (type: string)
               mode: complete
               outputColumnNames: _col0, _col1
-              Statistics: Num rows: 73 Data size: 775 Basic stats: COMPLETE Column stats: NONE
+              Statistics: Num rows: 36 Data size: 382 Basic stats: COMPLETE Column stats: NONE
               File Output Operator
                 compressed: false
                 table:
@@ -3274,7 +3274,7 @@ STAGE PLANS:
               keys: KEY._col0 (type: string), KEY._col1 (type: string)
               mode: complete
               outputColumnNames: _col0, _col1
-              Statistics: Num rows: 24 Data size: 254 Basic stats: COMPLETE Column stats: NONE
+              Statistics: Num rows: 12 Data size: 127 Basic stats: COMPLETE Column stats: NONE
               File Output Operator
                 compressed: false
                 table:
@@ -3290,16 +3290,16 @@ STAGE PLANS:
               key expressions: _col0 (type: string)
               sort order: +
               Map-reduce partition columns: _col0 (type: string)
-              Statistics: Num rows: 73 Data size: 775 Basic stats: COMPLETE Column stats: NONE
+              Statistics: Num rows: 36 Data size: 382 Basic stats: COMPLETE Column stats: NONE
               value expressions: _col1 (type: string)
       Reduce Operator Tree:
         Select Operator
           expressions: KEY.reducesinkkey0 (type: string), VALUE._col0 (type: string)
           outputColumnNames: _col0, _col1
-          Statistics: Num rows: 73 Data size: 775 Basic stats: COMPLETE Column stats: NONE
+          Statistics: Num rows: 36 Data size: 382 Basic stats: COMPLETE Column stats: NONE
           File Output Operator
             compressed: false
-            Statistics: Num rows: 73 Data size: 775 Basic stats: COMPLETE Column stats: NONE
+            Statistics: Num rows: 36 Data size: 382 Basic stats: COMPLETE Column stats: NONE
             table:
                 input format: org.apache.hadoop.mapred.TextInputFormat
                 output format: org.apache.hadoop.hive.ql.io.HiveIgnoreKeyTextOutputFormat
@@ -3322,16 +3322,16 @@ STAGE PLANS:
               key expressions: _col1 (type: string)
               sort order: +
               Map-reduce partition columns: _col1 (type: string)
-              Statistics: Num rows: 24 Data size: 254 Basic stats: COMPLETE Column stats: NONE
+              Statistics: Num rows: 12 Data size: 127 Basic stats: COMPLETE Column stats: NONE
               value expressions: _col0 (type: string)
       Reduce Operator Tree:
         Select Operator
           expressions: VALUE._col0 (type: string), KEY.reducesinkkey0 (type: string)
           outputColumnNames: _col0, _col1
-          Statistics: Num rows: 24 Data size: 254 Basic stats: COMPLETE Column stats: NONE
+          Statistics: Num rows: 12 Data size: 127 Basic stats: COMPLETE Column stats: NONE
           File Output Operator
             compressed: false
-            Statistics: Num rows: 24 Data size: 254 Basic stats: COMPLETE Column stats: NONE
+            Statistics: Num rows: 12 Data size: 127 Basic stats: COMPLETE Column stats: NONE
             table:
                 input format: org.apache.hadoop.mapred.TextInputFormat
                 output format: org.apache.hadoop.hive.ql.io.HiveIgnoreKeyTextOutputFormat
@@ -3434,7 +3434,7 @@ STAGE PLANS:
               keys: KEY._col0 (type: string), KEY._col1 (type: string)
               mode: complete
               outputColumnNames: _col0, _col1
-              Statistics: Num rows: 73 Data size: 775 Basic stats: COMPLETE Column stats: NONE
+              Statistics: Num rows: 36 Data size: 382 Basic stats: COMPLETE Column stats: NONE
               File Output Operator
                 compressed: false
                 table:
@@ -3448,7 +3448,7 @@ STAGE PLANS:
               keys: KEY._col0 (type: string), KEY._col1 (type: string)
               mode: complete
               outputColumnNames: _col0, _col1
-              Statistics: Num rows: 24 Data size: 254 Basic stats: COMPLETE Column stats: NONE
+              Statistics: Num rows: 12 Data size: 127 Basic stats: COMPLETE Column stats: NONE
               File Output Operator
                 compressed: false
                 table:
@@ -3493,16 +3493,16 @@ STAGE PLANS:
               key expressions: _col0 (type: string)
               sort order: +
               Map-reduce partition columns: _col0 (type: string)
-              Statistics: Num rows: 73 Data size: 775 Basic stats: COMPLETE Column stats: NONE
+              Statistics: Num rows: 36 Data size: 382 Basic stats: COMPLETE Column stats: NONE
               value expressions: _col1 (type: string)
       Reduce Operator Tree:
         Select Operator
           expressions: KEY.reducesinkkey0 (type: string), VALUE._col0 (type: string)
           outputColumnNames: _col0, _col1
-          Statistics: Num rows: 73 Data size: 775 Basic stats: COMPLETE Column stats: NONE
+          Statistics: Num rows: 36 Data size: 382 Basic stats: COMPLETE Column stats: NONE
           File Output Operator
             compressed: false
-            Statistics: Num rows: 73 Data size: 775 Basic stats: COMPLETE Column stats: NONE
+            Statistics: Num rows: 36 Data size: 382 Basic stats: COMPLETE Column stats: NONE
             table:
                 input format: org.apache.hadoop.mapred.TextInputFormat
                 output format: org.apache.hadoop.hive.ql.io.HiveIgnoreKeyTextOutputFormat
@@ -3522,16 +3522,16 @@ STAGE PLANS:
               key expressions: _col1 (type: string)
               sort order: +
               Map-reduce partition columns: _col1 (type: string)
-              Statistics: Num rows: 24 Data size: 254 Basic stats: COMPLETE Column stats: NONE
+              Statistics: Num rows: 12 Data size: 127 Basic stats: COMPLETE Column stats: NONE
               value expressions: _col0 (type: string)
       Reduce Operator Tree:
         Select Operator
           expressions: VALUE._col0 (type: string), KEY.reducesinkkey0 (type: string)
           outputColumnNames: _col0, _col1
-          Statistics: Num rows: 24 Data size: 254 Basic stats: COMPLETE Column stats: NONE
+          Statistics: Num rows: 12 Data size: 127 Basic stats: COMPLETE Column stats: NONE
           File Output Operator
             compressed: false
-            Statistics: Num rows: 24 Data size: 254 Basic stats: COMPLETE Column stats: NONE
+            Statistics: Num rows: 12 Data size: 127 Basic stats: COMPLETE Column stats: NONE
             table:
                 input format: org.apache.hadoop.mapred.TextInputFormat
                 output format: org.apache.hadoop.hive.ql.io.HiveIgnoreKeyTextOutputFormat
@@ -3681,7 +3681,7 @@ STAGE PLANS:
               keys: KEY._col0 (type: string), KEY._col1 (type: string)
               mode: complete
               outputColumnNames: _col0, _col1
-              Statistics: Num rows: 73 Data size: 775 Basic stats: COMPLETE Column stats: NONE
+              Statistics: Num rows: 36 Data size: 382 Basic stats: COMPLETE Column stats: NONE
               File Output Operator
                 compressed: false
                 table:
@@ -3695,7 +3695,7 @@ STAGE PLANS:
               keys: KEY._col0 (type: string), KEY._col1 (type: string)
               mode: complete
               outputColumnNames: _col0, _col1
-              Statistics: Num rows: 24 Data size: 254 Basic stats: COMPLETE Column stats: NONE
+              Statistics: Num rows: 12 Data size: 127 Basic stats: COMPLETE Column stats: NONE
               File Output Operator
                 compressed: false
                 table:
@@ -3740,16 +3740,16 @@ STAGE PLANS:
               key expressions: _col0 (type: string)
               sort order: +
               Map-reduce partition columns: _col0 (type: string)
-              Statistics: Num rows: 73 Data size: 775 Basic stats: COMPLETE Column stats: NONE
+              Statistics: Num rows: 36 Data size: 382 Basic stats: COMPLETE Column stats: NONE
               value expressions: _col1 (type: string)
       Reduce Operator Tree:
         Select Operator
           expressions: KEY.reducesinkkey0 (type: string), VALUE._col0 (type: string)
           outputColumnNames: _col0, _col1
-          Statistics: Num rows: 73 Data size: 775 Basic stats: COMPLETE Column stats: NONE
+          Statistics: Num rows: 36 Data size: 382 Basic stats: COMPLETE Column stats: NONE
           File Output Operator
             compressed: false
-            Statistics: Num rows: 73 Data size: 775 Basic stats: COMPLETE Column stats: NONE
+            Statistics: Num rows: 36 Data size: 382 Basic stats: COMPLETE Column stats: NONE
             table:
                 input format: org.apache.hadoop.mapred.TextInputFormat
                 output format: org.apache.hadoop.hive.ql.io.HiveIgnoreKeyTextOutputFormat
@@ -3769,16 +3769,16 @@ STAGE PLANS:
               key expressions: _col1 (type: string)
               sort order: +
               Map-reduce partition columns: _col1 (type: string)
-              Statistics: Num rows: 24 Data size: 254 Basic stats: COMPLETE Column stats: NONE
+              Statistics: Num rows: 12 Data size: 127 Basic stats: COMPLETE Column stats: NONE
               value expressions: _col0 (type: string)
       Reduce Operator Tree:
         Select Operator
           expressions: VALUE._col0 (type: string), KEY.reducesinkkey0 (type: string)
           outputColumnNames: _col0, _col1
-          Statistics: Num rows: 24 Data size: 254 Basic stats: COMPLETE Column stats: NONE
+          Statistics: Num rows: 12 Data size: 127 Basic stats: COMPLETE Column stats: NONE
           File Output Operator
             compressed: false
-            Statistics: Num rows: 24 Data size: 254 Basic stats: COMPLETE Column stats: NONE
+            Statistics: Num rows: 12 Data size: 127 Basic stats: COMPLETE Column stats: NONE
             table:
                 input format: org.apache.hadoop.mapred.TextInputFormat
                 output format: org.apache.hadoop.hive.ql.io.HiveIgnoreKeyTextOutputFormat
@@ -3938,7 +3938,7 @@ STAGE PLANS:
               keys: KEY._col0 (type: string), KEY._col1 (type: string)
               mode: complete
               outputColumnNames: _col0, _col1
-              Statistics: Num rows: 73 Data size: 775 Basic stats: COMPLETE Column stats: NONE
+              Statistics: Num rows: 36 Data size: 382 Basic stats: COMPLETE Column stats: NONE
               File Output Operator
                 compressed: false
                 table:
@@ -3952,7 +3952,7 @@ STAGE PLANS:
               keys: KEY._col0 (type: string), KEY._col1 (type: string)
               mode: complete
               outputColumnNames: _col0, _col1
-              Statistics: Num rows: 24 Data size: 254 Basic stats: COMPLETE Column stats: NONE
+              Statistics: Num rows: 12 Data size: 127 Basic stats: COMPLETE Column stats: NONE
               File Output Operator
                 compressed: false
                 table:
@@ -4075,16 +4075,16 @@ STAGE PLANS:
               key expressions: _col0 (type: string)
               sort order: +
               Map-reduce partition columns: _col0 (type: string)
-              Statistics: Num rows: 73 Data size: 775 Basic stats: COMPLETE Column stats: NONE
+              Statistics: Num rows: 36 Data size: 382 Basic stats: COMPLETE Column stats: NONE
               value expressions: _col1 (type: string)
       Reduce Operator Tree:
         Select Operator
           expressions: KEY.reducesinkkey0 (type: string), VALUE._col0 (type: string)
           outputColumnNames: _col0, _col1
-          Statistics: Num rows: 73 Data size: 775 Basic stats: COMPLETE Column stats: NONE
+          Statistics: Num rows: 36 Data size: 382 Basic stats: COMPLETE Column stats: NONE
           File Output Operator
             compressed: false
-            Statistics: Num rows: 73 Data size: 775 Basic stats: COMPLETE Column stats: NONE
+            Statistics: Num rows: 36 Data size: 382 Basic stats: COMPLETE Column stats: NONE
             table:
                 input format: org.apache.hadoop.mapred.TextInputFormat
                 output format: org.apache.hadoop.hive.ql.io.HiveIgnoreKeyTextOutputFormat
@@ -4104,16 +4104,16 @@ STAGE PLANS:
               key expressions: _col1 (type: string)
               sort order: +
               Map-reduce partition columns: _col1 (type: string)
-              Statistics: Num rows: 24 Data size: 254 Basic stats: COMPLETE Column stats: NONE
+              Statistics: Num rows: 12 Data size: 127 Basic stats: COMPLETE Column stats: NONE
               value expressions: _col0 (type: string)
       Reduce Operator Tree:
         Select Operator
           expressions: VALUE._col0 (type: string), KEY.reducesinkkey0 (type: string)
           outputColumnNames: _col0, _col1
-          Statistics: Num rows: 24 Data size: 254 Basic stats: COMPLETE Column stats: NONE
+          Statistics: Num rows: 12 Data size: 127 Basic stats: COMPLETE Column stats: NONE
           File Output Operator
             compressed: false
-            Statistics: Num rows: 24 Data size: 254 Basic stats: COMPLETE Column stats: NONE
+            Statistics: Num rows: 12 Data size: 127 Basic stats: COMPLETE Column stats: NONE
             table:
                 input format: org.apache.hadoop.mapred.TextInputFormat
                 output format: org.apache.hadoop.hive.ql.io.HiveIgnoreKeyTextOutputFormat
@@ -4273,7 +4273,7 @@ STAGE PLANS:
               keys: KEY._col0 (type: string), KEY._col1 (type: string)
               mode: complete
               outputColumnNames: _col0, _col1
-              Statistics: Num rows: 73 Data size: 775 Basic stats: COMPLETE Column stats: NONE
+              Statistics: Num rows: 36 Data size: 382 Basic stats: COMPLETE Column stats: NONE
               File Output Operator
                 compressed: false
                 table:
@@ -4287,7 +4287,7 @@ STAGE PLANS:
               keys: KEY._col0 (type: string), KEY._col1 (type: string)
               mode: complete
               outputColumnNames: _col0, _col1
-              Statistics: Num rows: 24 Data size: 254 Basic stats: COMPLETE Column stats: NONE
+              Statistics: Num rows: 12 Data size: 127 Basic stats: COMPLETE Column stats: NONE
               File Output Operator
                 compressed: false
                 table:
@@ -4410,16 +4410,16 @@ STAGE PLANS:
               key expressions: _col0 (type: string)
               sort order: +
               Map-reduce partition columns: _col0 (type: string)
-              Statistics: Num rows: 73 Data size: 775 Basic stats: COMPLETE Column stats: NONE
+              Statistics: Num rows: 36 Data size: 382 Basic stats: COMPLETE Column stats: NONE
               value expressions: _col1 (type: string)
       Reduce Operator Tree:
         Select Operator
           expressions: KEY.reducesinkkey0 (type: string), VALUE._col0 (type: string)
           outputColumnNames: _col0, _col1
-          Statistics: Num rows: 73 Data size: 775 Basic stats: COMPLETE Column stats: NONE
+          Statistics: Num rows: 36 Data size: 382 Basic stats: COMPLETE Column stats: NONE
           File Output Operator
             compressed: false
-            Statistics: Num rows: 73 Data size: 775 Basic stats: COMPLETE Column stats: NONE
+            Statistics: Num rows: 36 Data size: 382 Basic stats: COMPLETE Column stats: NONE
             table:
                 input format: org.apache.hadoop.mapred.TextInputFormat
                 output format: org.apache.hadoop.hive.ql.io.HiveIgnoreKeyTextOutputFormat
@@ -4439,16 +4439,16 @@ STAGE PLANS:
               key expressions: _col1 (type: string)
               sort order: +
               Map-reduce partition columns: _col1 (type: string)
-              Statistics: Num rows: 24 Data size: 254 Basic stats: COMPLETE Column stats: NONE
+              Statistics: Num rows: 12 Data size: 127 Basic stats: COMPLETE Column stats: NONE
               value expressions: _col0 (type: string)
       Reduce Operator Tree:
         Select Operator
           expressions: VALUE._col0 (type: string), KEY.reducesinkkey0 (type: string)
           outputColumnNames: _col0, _col1
-          Statistics: Num rows: 24 Data size: 254 Basic stats: COMPLETE Column stats: NONE
+          Statistics: Num rows: 12 Data size: 127 Basic stats: COMPLETE Column stats: NONE
           File Output Operator
             compressed: false
-            Statistics: Num rows: 24 Data size: 254 Basic stats: COMPLETE Column stats: NONE
+            Statistics: Num rows: 12 Data size: 127 Basic stats: COMPLETE Column stats: NONE
             table:
                 input format: org.apache.hadoop.mapred.TextInputFormat
                 output format: org.apache.hadoop.hive.ql.io.HiveIgnoreKeyTextOutputFormat
diff --git a/ql/src/test/results/clientpositive/parallel.q.out b/ql/src/test/results/clientpositive/parallel.q.out
index 1ab6a0167a..737cedaa92 100644
--- a/ql/src/test/results/clientpositive/parallel.q.out
+++ b/ql/src/test/results/clientpositive/parallel.q.out
@@ -62,7 +62,7 @@ STAGE PLANS:
           keys: KEY._col0 (type: string), KEY._col1 (type: string)
           mode: mergepartial
           outputColumnNames: _col0, _col1
-          Statistics: Num rows: 500 Data size: 5312 Basic stats: COMPLETE Column stats: NONE
+          Statistics: Num rows: 250 Data size: 2656 Basic stats: COMPLETE Column stats: NONE
           File Output Operator
             compressed: false
             table:
@@ -78,18 +78,18 @@ STAGE PLANS:
               key expressions: _col0 (type: string), _col1 (type: string)
               sort order: ++
               Map-reduce partition columns: _col0 (type: string), _col1 (type: string)
-              Statistics: Num rows: 500 Data size: 5312 Basic stats: COMPLETE Column stats: NONE
+              Statistics: Num rows: 250 Data size: 2656 Basic stats: COMPLETE Column stats: NONE
       Reduce Operator Tree:
         Forward
-          Statistics: Num rows: 500 Data size: 5312 Basic stats: COMPLETE Column stats: NONE
+          Statistics: Num rows: 250 Data size: 2656 Basic stats: COMPLETE Column stats: NONE
           Group By Operator
             keys: KEY._col0 (type: string), KEY._col1 (type: string)
             mode: complete
             outputColumnNames: _col0, _col1
-            Statistics: Num rows: 250 Data size: 2656 Basic stats: COMPLETE Column stats: NONE
+            Statistics: Num rows: 125 Data size: 1328 Basic stats: COMPLETE Column stats: NONE
             File Output Operator
               compressed: false
-              Statistics: Num rows: 250 Data size: 2656 Basic stats: COMPLETE Column stats: NONE
+              Statistics: Num rows: 125 Data size: 1328 Basic stats: COMPLETE Column stats: NONE
               table:
                   input format: org.apache.hadoop.mapred.TextInputFormat
                   output format: org.apache.hadoop.hive.ql.io.HiveIgnoreKeyTextOutputFormat
@@ -99,10 +99,10 @@ STAGE PLANS:
             keys: KEY._col0 (type: string), KEY._col1 (type: string)
             mode: complete
             outputColumnNames: _col0, _col1
-            Statistics: Num rows: 250 Data size: 2656 Basic stats: COMPLETE Column stats: NONE
+            Statistics: Num rows: 125 Data size: 1328 Basic stats: COMPLETE Column stats: NONE
             File Output Operator
               compressed: false
-              Statistics: Num rows: 250 Data size: 2656 Basic stats: COMPLETE Column stats: NONE
+              Statistics: Num rows: 125 Data size: 1328 Basic stats: COMPLETE Column stats: NONE
               table:
                   input format: org.apache.hadoop.mapred.TextInputFormat
                   output format: org.apache.hadoop.hive.ql.io.HiveIgnoreKeyTextOutputFormat
diff --git a/ql/src/test/results/clientpositive/ppd2.q.out b/ql/src/test/results/clientpositive/ppd2.q.out
index d22be6d493..5fa19559a6 100644
--- a/ql/src/test/results/clientpositive/ppd2.q.out
+++ b/ql/src/test/results/clientpositive/ppd2.q.out
@@ -469,7 +469,7 @@ STAGE PLANS:
           keys: KEY._col0 (type: string)
           mode: mergepartial
           outputColumnNames: _col0, _col1
-          Statistics: Num rows: 500 Data size: 5312 Basic stats: COMPLETE Column stats: NONE
+          Statistics: Num rows: 250 Data size: 2656 Basic stats: COMPLETE Column stats: NONE
           File Output Operator
             compressed: false
             table:
@@ -485,22 +485,22 @@ STAGE PLANS:
               key expressions: _col0 (type: string), _col1 (type: bigint)
               sort order: +-
               Map-reduce partition columns: _col0 (type: string)
-              Statistics: Num rows: 500 Data size: 5312 Basic stats: COMPLETE Column stats: NONE
+              Statistics: Num rows: 250 Data size: 2656 Basic stats: COMPLETE Column stats: NONE
       Reduce Operator Tree:
         Select Operator
           expressions: KEY.reducesinkkey0 (type: string), KEY.reducesinkkey1 (type: bigint)
           outputColumnNames: _col0, _col1
-          Statistics: Num rows: 500 Data size: 5312 Basic stats: COMPLETE Column stats: NONE
+          Statistics: Num rows: 250 Data size: 2656 Basic stats: COMPLETE Column stats: NONE
           Filter Operator
             predicate: (_col1 > 1) (type: boolean)
-            Statistics: Num rows: 166 Data size: 1763 Basic stats: COMPLETE Column stats: NONE
+            Statistics: Num rows: 83 Data size: 881 Basic stats: COMPLETE Column stats: NONE
             Select Operator
               expressions: _col0 (type: string), _col1 (type: bigint)
               outputColumnNames: _col0, _col1
-              Statistics: Num rows: 166 Data size: 1763 Basic stats: COMPLETE Column stats: NONE
+              Statistics: Num rows: 83 Data size: 881 Basic stats: COMPLETE Column stats: NONE
               File Output Operator
                 compressed: false
-                Statistics: Num rows: 166 Data size: 1763 Basic stats: COMPLETE Column stats: NONE
+                Statistics: Num rows: 83 Data size: 881 Basic stats: COMPLETE Column stats: NONE
                 table:
                     input format: org.apache.hadoop.mapred.TextInputFormat
                     output format: org.apache.hadoop.hive.ql.io.HiveIgnoreKeyTextOutputFormat
diff --git a/ql/src/test/results/clientpositive/ql_rewrite_gbtoidx.q.out b/ql/src/test/results/clientpositive/ql_rewrite_gbtoidx.q.out
index 7f2dee2b6f..2dd0422072 100644
--- a/ql/src/test/results/clientpositive/ql_rewrite_gbtoidx.q.out
+++ b/ql/src/test/results/clientpositive/ql_rewrite_gbtoidx.q.out
@@ -459,7 +459,7 @@ STAGE PLANS:
           keys: KEY._col0 (type: int), KEY._col1 (type: int)
           mode: mergepartial
           outputColumnNames: _col0, _col1, _col2
-          Statistics: Num rows: 120 Data size: 12099 Basic stats: COMPLETE Column stats: NONE
+          Statistics: Num rows: 60 Data size: 6049 Basic stats: COMPLETE Column stats: NONE
           File Output Operator
             compressed: false
             table:
@@ -474,16 +474,16 @@ STAGE PLANS:
             Reduce Output Operator
               key expressions: _col0 (type: int), _col1 (type: int)
               sort order: ++
-              Statistics: Num rows: 120 Data size: 12099 Basic stats: COMPLETE Column stats: NONE
+              Statistics: Num rows: 60 Data size: 6049 Basic stats: COMPLETE Column stats: NONE
               value expressions: _col2 (type: bigint)
       Reduce Operator Tree:
         Select Operator
           expressions: KEY.reducesinkkey0 (type: int), KEY.reducesinkkey1 (type: int), VALUE._col0 (type: bigint)
           outputColumnNames: _col0, _col1, _col2
-          Statistics: Num rows: 120 Data size: 12099 Basic stats: COMPLETE Column stats: NONE
+          Statistics: Num rows: 60 Data size: 6049 Basic stats: COMPLETE Column stats: NONE
           File Output Operator
             compressed: false
-            Statistics: Num rows: 120 Data size: 12099 Basic stats: COMPLETE Column stats: NONE
+            Statistics: Num rows: 60 Data size: 6049 Basic stats: COMPLETE Column stats: NONE
             table:
                 input format: org.apache.hadoop.mapred.TextInputFormat
                 output format: org.apache.hadoop.hive.ql.io.HiveIgnoreKeyTextOutputFormat
@@ -604,7 +604,7 @@ STAGE PLANS:
           keys: KEY._col0 (type: int), KEY._col1 (type: int)
           mode: mergepartial
           outputColumnNames: _col0, _col1, _col2
-          Statistics: Num rows: 95 Data size: 8960 Basic stats: COMPLETE Column stats: NONE
+          Statistics: Num rows: 47 Data size: 4432 Basic stats: COMPLETE Column stats: NONE
           File Output Operator
             compressed: false
             table:
@@ -619,16 +619,16 @@ STAGE PLANS:
             Reduce Output Operator
               key expressions: _col0 (type: int), _col1 (type: int)
               sort order: ++
-              Statistics: Num rows: 95 Data size: 8960 Basic stats: COMPLETE Column stats: NONE
+              Statistics: Num rows: 47 Data size: 4432 Basic stats: COMPLETE Column stats: NONE
               value expressions: _col2 (type: bigint)
       Reduce Operator Tree:
         Select Operator
           expressions: KEY.reducesinkkey0 (type: int), KEY.reducesinkkey1 (type: int), VALUE._col0 (type: bigint)
           outputColumnNames: _col0, _col1, _col2
-          Statistics: Num rows: 95 Data size: 8960 Basic stats: COMPLETE Column stats: NONE
+          Statistics: Num rows: 47 Data size: 4432 Basic stats: COMPLETE Column stats: NONE
           File Output Operator
             compressed: false
-            Statistics: Num rows: 95 Data size: 8960 Basic stats: COMPLETE Column stats: NONE
+            Statistics: Num rows: 47 Data size: 4432 Basic stats: COMPLETE Column stats: NONE
             table:
                 input format: org.apache.hadoop.mapred.TextInputFormat
                 output format: org.apache.hadoop.hive.ql.io.HiveIgnoreKeyTextOutputFormat
@@ -768,15 +768,15 @@ STAGE PLANS:
                   keys: year(l_shipdate) (type: int), month(l_shipdate) (type: int)
                   mode: hash
                   outputColumnNames: _col0, _col1, _col2
-                  Statistics: Num rows: 23 Data size: 2168 Basic stats: COMPLETE Column stats: NONE
+                  Statistics: Num rows: 47 Data size: 4432 Basic stats: COMPLETE Column stats: NONE
                   Filter Operator
                     predicate: _col1 is not null (type: boolean)
-                    Statistics: Num rows: 12 Data size: 1131 Basic stats: COMPLETE Column stats: NONE
+                    Statistics: Num rows: 24 Data size: 2263 Basic stats: COMPLETE Column stats: NONE
                     Reduce Output Operator
                       key expressions: _col0 (type: int), _col1 (type: int)
                       sort order: ++
                       Map-reduce partition columns: _col0 (type: int), _col1 (type: int)
-                      Statistics: Num rows: 12 Data size: 1131 Basic stats: COMPLETE Column stats: NONE
+                      Statistics: Num rows: 24 Data size: 2263 Basic stats: COMPLETE Column stats: NONE
                       value expressions: _col2 (type: bigint)
       Reduce Operator Tree:
         Group By Operator
@@ -784,11 +784,11 @@ STAGE PLANS:
           keys: KEY._col0 (type: int), KEY._col1 (type: int)
           mode: mergepartial
           outputColumnNames: _col0, _col1, _col2
-          Statistics: Num rows: 6 Data size: 565 Basic stats: COMPLETE Column stats: NONE
+          Statistics: Num rows: 12 Data size: 1131 Basic stats: COMPLETE Column stats: NONE
           Select Operator
             expressions: _col1 (type: int), _col2 (type: bigint)
             outputColumnNames: _col1, _col2
-            Statistics: Num rows: 6 Data size: 565 Basic stats: COMPLETE Column stats: NONE
+            Statistics: Num rows: 12 Data size: 1131 Basic stats: COMPLETE Column stats: NONE
             File Output Operator
               compressed: false
               table:
@@ -804,14 +804,14 @@ STAGE PLANS:
               key expressions: _col1 (type: int)
               sort order: +
               Map-reduce partition columns: _col1 (type: int)
-              Statistics: Num rows: 6 Data size: 565 Basic stats: COMPLETE Column stats: NONE
+              Statistics: Num rows: 12 Data size: 1131 Basic stats: COMPLETE Column stats: NONE
               value expressions: _col2 (type: bigint)
           TableScan
             Reduce Output Operator
               key expressions: _col1 (type: int)
               sort order: +
               Map-reduce partition columns: _col1 (type: int)
-              Statistics: Num rows: 6 Data size: 565 Basic stats: COMPLETE Column stats: NONE
+              Statistics: Num rows: 12 Data size: 1131 Basic stats: COMPLETE Column stats: NONE
               value expressions: _col2 (type: bigint)
       Reduce Operator Tree:
         Join Operator
@@ -821,14 +821,14 @@ STAGE PLANS:
             0 {KEY.reducesinkkey0} {VALUE._col1}
             1 {KEY.reducesinkkey0} {VALUE._col1}
           outputColumnNames: _col1, _col2, _col4, _col5
-          Statistics: Num rows: 6 Data size: 621 Basic stats: COMPLETE Column stats: NONE
+          Statistics: Num rows: 13 Data size: 1244 Basic stats: COMPLETE Column stats: NONE
           Select Operator
             expressions: _col1 (type: int), _col4 (type: int), ((_col5 - _col2) / _col2) (type: double)
             outputColumnNames: _col0, _col1, _col2
-            Statistics: Num rows: 6 Data size: 621 Basic stats: COMPLETE Column stats: NONE
+            Statistics: Num rows: 13 Data size: 1244 Basic stats: COMPLETE Column stats: NONE
             File Output Operator
               compressed: false
-              Statistics: Num rows: 6 Data size: 621 Basic stats: COMPLETE Column stats: NONE
+              Statistics: Num rows: 13 Data size: 1244 Basic stats: COMPLETE Column stats: NONE
               table:
                   input format: org.apache.hadoop.mapred.TextInputFormat
                   output format: org.apache.hadoop.hive.ql.io.HiveIgnoreKeyTextOutputFormat
@@ -852,15 +852,15 @@ STAGE PLANS:
                   keys: year(l_shipdate) (type: int), month(l_shipdate) (type: int)
                   mode: hash
                   outputColumnNames: _col0, _col1, _col2
-                  Statistics: Num rows: 23 Data size: 2168 Basic stats: COMPLETE Column stats: NONE
+                  Statistics: Num rows: 47 Data size: 4432 Basic stats: COMPLETE Column stats: NONE
                   Filter Operator
                     predicate: _col1 is not null (type: boolean)
-                    Statistics: Num rows: 12 Data size: 1131 Basic stats: COMPLETE Column stats: NONE
+                    Statistics: Num rows: 24 Data size: 2263 Basic stats: COMPLETE Column stats: NONE
                     Reduce Output Operator
                       key expressions: _col0 (type: int), _col1 (type: int)
                       sort order: ++
                       Map-reduce partition columns: _col0 (type: int), _col1 (type: int)
-                      Statistics: Num rows: 12 Data size: 1131 Basic stats: COMPLETE Column stats: NONE
+                      Statistics: Num rows: 24 Data size: 2263 Basic stats: COMPLETE Column stats: NONE
                       value expressions: _col2 (type: bigint)
       Reduce Operator Tree:
         Group By Operator
@@ -868,11 +868,11 @@ STAGE PLANS:
           keys: KEY._col0 (type: int), KEY._col1 (type: int)
           mode: mergepartial
           outputColumnNames: _col0, _col1, _col2
-          Statistics: Num rows: 6 Data size: 565 Basic stats: COMPLETE Column stats: NONE
+          Statistics: Num rows: 12 Data size: 1131 Basic stats: COMPLETE Column stats: NONE
           Select Operator
             expressions: _col1 (type: int), _col2 (type: bigint)
             outputColumnNames: _col1, _col2
-            Statistics: Num rows: 6 Data size: 565 Basic stats: COMPLETE Column stats: NONE
+            Statistics: Num rows: 12 Data size: 1131 Basic stats: COMPLETE Column stats: NONE
             File Output Operator
               compressed: false
               table:
@@ -2473,7 +2473,7 @@ STAGE PLANS:
           keys: KEY._col0 (type: int)
           mode: mergepartial
           outputColumnNames: _col0, _col1
-          Statistics: Num rows: 17 Data size: 70 Basic stats: COMPLETE Column stats: NONE
+          Statistics: Num rows: 8 Data size: 32 Basic stats: COMPLETE Column stats: NONE
           File Output Operator
             compressed: false
             table:
@@ -2488,16 +2488,16 @@ STAGE PLANS:
             Reduce Output Operator
               key expressions: _col0 (type: int)
               sort order: +
-              Statistics: Num rows: 17 Data size: 70 Basic stats: COMPLETE Column stats: NONE
+              Statistics: Num rows: 8 Data size: 32 Basic stats: COMPLETE Column stats: NONE
               value expressions: _col1 (type: bigint)
       Reduce Operator Tree:
         Select Operator
           expressions: KEY.reducesinkkey0 (type: int), VALUE._col0 (type: bigint)
           outputColumnNames: _col0, _col1
-          Statistics: Num rows: 17 Data size: 70 Basic stats: COMPLETE Column stats: NONE
+          Statistics: Num rows: 8 Data size: 32 Basic stats: COMPLETE Column stats: NONE
           File Output Operator
             compressed: false
-            Statistics: Num rows: 17 Data size: 70 Basic stats: COMPLETE Column stats: NONE
+            Statistics: Num rows: 8 Data size: 32 Basic stats: COMPLETE Column stats: NONE
             table:
                 input format: org.apache.hadoop.mapred.TextInputFormat
                 output format: org.apache.hadoop.hive.ql.io.HiveIgnoreKeyTextOutputFormat
@@ -2561,7 +2561,7 @@ STAGE PLANS:
           keys: KEY._col0 (type: int)
           mode: mergepartial
           outputColumnNames: _col0, _col1
-          Statistics: Num rows: 6 Data size: 430 Basic stats: COMPLETE Column stats: NONE
+          Statistics: Num rows: 3 Data size: 215 Basic stats: COMPLETE Column stats: NONE
           File Output Operator
             compressed: false
             table:
@@ -2576,16 +2576,16 @@ STAGE PLANS:
             Reduce Output Operator
               key expressions: _col0 (type: int)
               sort order: +
-              Statistics: Num rows: 6 Data size: 430 Basic stats: COMPLETE Column stats: NONE
+              Statistics: Num rows: 3 Data size: 215 Basic stats: COMPLETE Column stats: NONE
               value expressions: _col1 (type: bigint)
       Reduce Operator Tree:
         Select Operator
           expressions: KEY.reducesinkkey0 (type: int), VALUE._col0 (type: bigint)
           outputColumnNames: _col0, _col1
-          Statistics: Num rows: 6 Data size: 430 Basic stats: COMPLETE Column stats: NONE
+          Statistics: Num rows: 3 Data size: 215 Basic stats: COMPLETE Column stats: NONE
           File Output Operator
             compressed: false
-            Statistics: Num rows: 6 Data size: 430 Basic stats: COMPLETE Column stats: NONE
+            Statistics: Num rows: 3 Data size: 215 Basic stats: COMPLETE Column stats: NONE
             table:
                 input format: org.apache.hadoop.mapred.TextInputFormat
                 output format: org.apache.hadoop.hive.ql.io.HiveIgnoreKeyTextOutputFormat
diff --git a/ql/src/test/results/clientpositive/sample10.q.out b/ql/src/test/results/clientpositive/sample10.q.out
index fbccc0a9ec..ba9b145ff4 100644
--- a/ql/src/test/results/clientpositive/sample10.q.out
+++ b/ql/src/test/results/clientpositive/sample10.q.out
@@ -323,7 +323,7 @@ STAGE PLANS:
           keys: KEY._col0 (type: string)
           mode: mergepartial
           outputColumnNames: _col0, _col1
-          Statistics: Num rows: 20 Data size: 120 Basic stats: COMPLETE Column stats: NONE
+          Statistics: Num rows: 10 Data size: 60 Basic stats: COMPLETE Column stats: NONE
           File Output Operator
             compressed: false
             GlobalTableId: 0
@@ -350,7 +350,7 @@ STAGE PLANS:
             Reduce Output Operator
               key expressions: _col0 (type: string)
               sort order: +
-              Statistics: Num rows: 20 Data size: 120 Basic stats: COMPLETE Column stats: NONE
+              Statistics: Num rows: 10 Data size: 60 Basic stats: COMPLETE Column stats: NONE
               tag: -1
               value expressions: _col1 (type: bigint)
               auto parallelism: false
@@ -384,13 +384,13 @@ STAGE PLANS:
         Select Operator
           expressions: KEY.reducesinkkey0 (type: string), VALUE._col0 (type: bigint)
           outputColumnNames: _col0, _col1
-          Statistics: Num rows: 20 Data size: 120 Basic stats: COMPLETE Column stats: NONE
+          Statistics: Num rows: 10 Data size: 60 Basic stats: COMPLETE Column stats: NONE
           File Output Operator
             compressed: false
             GlobalTableId: 0
 #### A masked pattern was here ####
             NumFilesPerFileSink: 1
-            Statistics: Num rows: 20 Data size: 120 Basic stats: COMPLETE Column stats: NONE
+            Statistics: Num rows: 10 Data size: 60 Basic stats: COMPLETE Column stats: NONE
 #### A masked pattern was here ####
             table:
                 input format: org.apache.hadoop.mapred.TextInputFormat
diff --git a/ql/src/test/results/clientpositive/semijoin.q.out b/ql/src/test/results/clientpositive/semijoin.q.out
index 45e9c1fc77..b5645c3626 100644
--- a/ql/src/test/results/clientpositive/semijoin.q.out
+++ b/ql/src/test/results/clientpositive/semijoin.q.out
@@ -974,7 +974,7 @@ STAGE PLANS:
                   keys: key (type: int)
                   mode: hash
                   outputColumnNames: _col0
-                  Statistics: Num rows: 3 Data size: 21 Basic stats: COMPLETE Column stats: NONE
+                  Statistics: Num rows: 6 Data size: 43 Basic stats: COMPLETE Column stats: NONE
                   HashTable Sink Operator
                     condition expressions:
                       0 {key}
@@ -1438,7 +1438,7 @@ STAGE PLANS:
                   keys: key (type: int)
                   mode: hash
                   outputColumnNames: _col0
-                  Statistics: Num rows: 3 Data size: 21 Basic stats: COMPLETE Column stats: NONE
+                  Statistics: Num rows: 6 Data size: 43 Basic stats: COMPLETE Column stats: NONE
                   HashTable Sink Operator
                     condition expressions:
                       0 {key}
@@ -1463,7 +1463,7 @@ STAGE PLANS:
                   keys: key (type: int)
                   mode: hash
                   outputColumnNames: _col0
-                  Statistics: Num rows: 3 Data size: 22 Basic stats: COMPLETE Column stats: NONE
+                  Statistics: Num rows: 6 Data size: 45 Basic stats: COMPLETE Column stats: NONE
                   HashTable Sink Operator
                     condition expressions:
                       0 {key}
diff --git a/ql/src/test/results/clientpositive/subquery_exists_having.q.out b/ql/src/test/results/clientpositive/subquery_exists_having.q.out
index 41d35e99d0..1c896dc63f 100644
--- a/ql/src/test/results/clientpositive/subquery_exists_having.q.out
+++ b/ql/src/test/results/clientpositive/subquery_exists_having.q.out
@@ -53,7 +53,7 @@ STAGE PLANS:
           keys: KEY._col0 (type: string)
           mode: mergepartial
           outputColumnNames: _col0, _col1
-          Statistics: Num rows: 250 Data size: 2656 Basic stats: COMPLETE Column stats: NONE
+          Statistics: Num rows: 125 Data size: 1328 Basic stats: COMPLETE Column stats: NONE
           File Output Operator
             compressed: false
             table:
@@ -69,7 +69,7 @@ STAGE PLANS:
               key expressions: _col0 (type: string)
               sort order: +
               Map-reduce partition columns: _col0 (type: string)
-              Statistics: Num rows: 250 Data size: 2656 Basic stats: COMPLETE Column stats: NONE
+              Statistics: Num rows: 125 Data size: 1328 Basic stats: COMPLETE Column stats: NONE
               value expressions: _col1 (type: bigint)
           TableScan
             alias: a
@@ -99,14 +99,14 @@ STAGE PLANS:
             0 {KEY.reducesinkkey0} {VALUE._col0}
             1 
           outputColumnNames: _col0, _col1
-          Statistics: Num rows: 275 Data size: 2921 Basic stats: COMPLETE Column stats: NONE
+          Statistics: Num rows: 137 Data size: 1460 Basic stats: COMPLETE Column stats: NONE
           Select Operator
             expressions: _col0 (type: string), _col1 (type: bigint)
             outputColumnNames: _col0, _col1
-            Statistics: Num rows: 275 Data size: 2921 Basic stats: COMPLETE Column stats: NONE
+            Statistics: Num rows: 137 Data size: 1460 Basic stats: COMPLETE Column stats: NONE
             File Output Operator
               compressed: false
-              Statistics: Num rows: 275 Data size: 2921 Basic stats: COMPLETE Column stats: NONE
+              Statistics: Num rows: 137 Data size: 1460 Basic stats: COMPLETE Column stats: NONE
               table:
                   input format: org.apache.hadoop.mapred.TextInputFormat
                   output format: org.apache.hadoop.hive.ql.io.HiveIgnoreKeyTextOutputFormat
diff --git a/ql/src/test/results/clientpositive/subquery_in.q.out b/ql/src/test/results/clientpositive/subquery_in.q.out
index bb0d876165..add72aad61 100644
--- a/ql/src/test/results/clientpositive/subquery_in.q.out
+++ b/ql/src/test/results/clientpositive/subquery_in.q.out
@@ -761,7 +761,7 @@ STAGE PLANS:
           keys: KEY._col0 (type: int)
           mode: mergepartial
           outputColumnNames: _col0
-          Statistics: Num rows: 50 Data size: 5999 Basic stats: COMPLETE Column stats: NONE
+          Statistics: Num rows: 25 Data size: 2999 Basic stats: COMPLETE Column stats: NONE
           File Output Operator
             compressed: false
             table:
@@ -777,7 +777,7 @@ STAGE PLANS:
               key expressions: _col0 (type: int)
               sort order: +
               Map-reduce partition columns: _col0 (type: int)
-              Statistics: Num rows: 50 Data size: 5999 Basic stats: COMPLETE Column stats: NONE
+              Statistics: Num rows: 25 Data size: 2999 Basic stats: COMPLETE Column stats: NONE
           TableScan
             alias: li
             Statistics: Num rows: 100 Data size: 11999 Basic stats: COMPLETE Column stats: NONE
@@ -798,7 +798,7 @@ STAGE PLANS:
             0 {KEY.reducesinkkey0}
             1 {VALUE._col0} {VALUE._col1}
           outputColumnNames: _col0, _col1, _col3
-          Statistics: Num rows: 55 Data size: 6598 Basic stats: COMPLETE Column stats: NONE
+          Statistics: Num rows: 27 Data size: 3298 Basic stats: COMPLETE Column stats: NONE
           File Output Operator
             compressed: false
             table:
@@ -814,7 +814,7 @@ STAGE PLANS:
               key expressions: _col1 (type: int)
               sort order: +
               Map-reduce partition columns: _col1 (type: int)
-              Statistics: Num rows: 55 Data size: 6598 Basic stats: COMPLETE Column stats: NONE
+              Statistics: Num rows: 27 Data size: 3298 Basic stats: COMPLETE Column stats: NONE
               value expressions: _col0 (type: int), _col3 (type: int)
           TableScan
             alias: lineitem
@@ -844,14 +844,14 @@ STAGE PLANS:
             0 {VALUE._col0} {VALUE._col2}
             1 
           outputColumnNames: _col0, _col3
-          Statistics: Num rows: 60 Data size: 7257 Basic stats: COMPLETE Column stats: NONE
+          Statistics: Num rows: 29 Data size: 3627 Basic stats: COMPLETE Column stats: NONE
           Select Operator
             expressions: _col0 (type: int), _col3 (type: int)
             outputColumnNames: _col0, _col1
-            Statistics: Num rows: 60 Data size: 7257 Basic stats: COMPLETE Column stats: NONE
+            Statistics: Num rows: 29 Data size: 3627 Basic stats: COMPLETE Column stats: NONE
             File Output Operator
               compressed: false
-              Statistics: Num rows: 60 Data size: 7257 Basic stats: COMPLETE Column stats: NONE
+              Statistics: Num rows: 29 Data size: 3627 Basic stats: COMPLETE Column stats: NONE
               table:
                   input format: org.apache.hadoop.mapred.TextInputFormat
                   output format: org.apache.hadoop.hive.ql.io.HiveIgnoreKeyTextOutputFormat
diff --git a/ql/src/test/results/clientpositive/subquery_in_having.q.out b/ql/src/test/results/clientpositive/subquery_in_having.q.out
index f5cc6bb776..940d12ae31 100644
--- a/ql/src/test/results/clientpositive/subquery_in_having.q.out
+++ b/ql/src/test/results/clientpositive/subquery_in_having.q.out
@@ -464,7 +464,7 @@ STAGE PLANS:
           keys: KEY._col0 (type: string)
           mode: mergepartial
           outputColumnNames: _col0, _col1
-          Statistics: Num rows: 15 Data size: 1586 Basic stats: COMPLETE Column stats: NONE
+          Statistics: Num rows: 7 Data size: 740 Basic stats: COMPLETE Column stats: NONE
           File Output Operator
             compressed: false
             table:
@@ -480,7 +480,7 @@ STAGE PLANS:
               key expressions: _col0 (type: string)
               sort order: +
               Map-reduce partition columns: _col0 (type: string)
-              Statistics: Num rows: 15 Data size: 1586 Basic stats: COMPLETE Column stats: NONE
+              Statistics: Num rows: 7 Data size: 740 Basic stats: COMPLETE Column stats: NONE
               value expressions: _col1 (type: double)
           TableScan
             Reduce Output Operator
@@ -496,14 +496,14 @@ STAGE PLANS:
             0 {KEY.reducesinkkey0} {VALUE._col0}
             1 
           outputColumnNames: _col0, _col1
-          Statistics: Num rows: 16 Data size: 1744 Basic stats: COMPLETE Column stats: NONE
+          Statistics: Num rows: 7 Data size: 814 Basic stats: COMPLETE Column stats: NONE
           Select Operator
             expressions: _col0 (type: string), _col1 (type: double)
             outputColumnNames: _col0, _col1
-            Statistics: Num rows: 16 Data size: 1744 Basic stats: COMPLETE Column stats: NONE
+            Statistics: Num rows: 7 Data size: 814 Basic stats: COMPLETE Column stats: NONE
             File Output Operator
               compressed: false
-              Statistics: Num rows: 16 Data size: 1744 Basic stats: COMPLETE Column stats: NONE
+              Statistics: Num rows: 7 Data size: 814 Basic stats: COMPLETE Column stats: NONE
               table:
                   input format: org.apache.hadoop.mapred.TextInputFormat
                   output format: org.apache.hadoop.hive.ql.io.HiveIgnoreKeyTextOutputFormat
@@ -1251,7 +1251,7 @@ STAGE PLANS:
           keys: KEY._col0 (type: string), KEY._col1 (type: string)
           mode: mergepartial
           outputColumnNames: _col0, _col1, _col2
-          Statistics: Num rows: 8 Data size: 1692 Basic stats: COMPLETE Column stats: NONE
+          Statistics: Num rows: 4 Data size: 846 Basic stats: COMPLETE Column stats: NONE
           File Output Operator
             compressed: false
             table:
@@ -1313,7 +1313,7 @@ STAGE PLANS:
               key expressions: _col1 (type: string)
               sort order: +
               Map-reduce partition columns: _col1 (type: string)
-              Statistics: Num rows: 8 Data size: 1692 Basic stats: COMPLETE Column stats: NONE
+              Statistics: Num rows: 4 Data size: 846 Basic stats: COMPLETE Column stats: NONE
               value expressions: _col0 (type: string), _col2 (type: double)
           TableScan
             Reduce Output Operator
diff --git a/ql/src/test/results/clientpositive/subquery_notexists_having.q.out b/ql/src/test/results/clientpositive/subquery_notexists_having.q.out
index 7e45cd99f6..e672879b0d 100644
--- a/ql/src/test/results/clientpositive/subquery_notexists_having.q.out
+++ b/ql/src/test/results/clientpositive/subquery_notexists_having.q.out
@@ -51,7 +51,7 @@ STAGE PLANS:
           keys: KEY._col0 (type: string), KEY._col1 (type: string)
           mode: mergepartial
           outputColumnNames: _col0, _col1
-          Statistics: Num rows: 500 Data size: 5312 Basic stats: COMPLETE Column stats: NONE
+          Statistics: Num rows: 250 Data size: 2656 Basic stats: COMPLETE Column stats: NONE
           File Output Operator
             compressed: false
             table:
@@ -67,7 +67,7 @@ STAGE PLANS:
               key expressions: _col1 (type: string), _col0 (type: string)
               sort order: ++
               Map-reduce partition columns: _col1 (type: string), _col0 (type: string)
-              Statistics: Num rows: 500 Data size: 5312 Basic stats: COMPLETE Column stats: NONE
+              Statistics: Num rows: 250 Data size: 2656 Basic stats: COMPLETE Column stats: NONE
           TableScan
             alias: a
             Statistics: Num rows: 500 Data size: 5312 Basic stats: COMPLETE Column stats: NONE
@@ -91,17 +91,17 @@ STAGE PLANS:
             0 {KEY.reducesinkkey1} {KEY.reducesinkkey0}
             1 {KEY.reducesinkkey1}
           outputColumnNames: _col0, _col1, _col4
-          Statistics: Num rows: 550 Data size: 5843 Basic stats: COMPLETE Column stats: NONE
+          Statistics: Num rows: 275 Data size: 2921 Basic stats: COMPLETE Column stats: NONE
           Filter Operator
             predicate: _col4 is null (type: boolean)
-            Statistics: Num rows: 275 Data size: 2921 Basic stats: COMPLETE Column stats: NONE
+            Statistics: Num rows: 137 Data size: 1455 Basic stats: COMPLETE Column stats: NONE
             Select Operator
               expressions: _col0 (type: string), _col1 (type: string)
               outputColumnNames: _col0, _col1
-              Statistics: Num rows: 275 Data size: 2921 Basic stats: COMPLETE Column stats: NONE
+              Statistics: Num rows: 137 Data size: 1455 Basic stats: COMPLETE Column stats: NONE
               File Output Operator
                 compressed: false
-                Statistics: Num rows: 275 Data size: 2921 Basic stats: COMPLETE Column stats: NONE
+                Statistics: Num rows: 137 Data size: 1455 Basic stats: COMPLETE Column stats: NONE
                 table:
                     input format: org.apache.hadoop.mapred.TextInputFormat
                     output format: org.apache.hadoop.hive.ql.io.HiveIgnoreKeyTextOutputFormat
@@ -203,7 +203,7 @@ STAGE PLANS:
           keys: KEY._col0 (type: string), KEY._col1 (type: string)
           mode: mergepartial
           outputColumnNames: _col0, _col1
-          Statistics: Num rows: 500 Data size: 5312 Basic stats: COMPLETE Column stats: NONE
+          Statistics: Num rows: 250 Data size: 2656 Basic stats: COMPLETE Column stats: NONE
           File Output Operator
             compressed: false
             table:
@@ -219,7 +219,7 @@ STAGE PLANS:
               key expressions: _col1 (type: string)
               sort order: +
               Map-reduce partition columns: _col1 (type: string)
-              Statistics: Num rows: 500 Data size: 5312 Basic stats: COMPLETE Column stats: NONE
+              Statistics: Num rows: 250 Data size: 2656 Basic stats: COMPLETE Column stats: NONE
               value expressions: _col0 (type: string)
           TableScan
             Reduce Output Operator
@@ -235,17 +235,17 @@ STAGE PLANS:
             0 {VALUE._col0} {KEY.reducesinkkey0}
             1 {KEY.reducesinkkey0}
           outputColumnNames: _col0, _col1, _col3
-          Statistics: Num rows: 550 Data size: 5843 Basic stats: COMPLETE Column stats: NONE
+          Statistics: Num rows: 275 Data size: 2921 Basic stats: COMPLETE Column stats: NONE
           Filter Operator
             predicate: _col3 is null (type: boolean)
-            Statistics: Num rows: 275 Data size: 2921 Basic stats: COMPLETE Column stats: NONE
+            Statistics: Num rows: 137 Data size: 1455 Basic stats: COMPLETE Column stats: NONE
             Select Operator
               expressions: _col0 (type: string), _col1 (type: string)
               outputColumnNames: _col0, _col1
-              Statistics: Num rows: 275 Data size: 2921 Basic stats: COMPLETE Column stats: NONE
+              Statistics: Num rows: 137 Data size: 1455 Basic stats: COMPLETE Column stats: NONE
               File Output Operator
                 compressed: false
-                Statistics: Num rows: 275 Data size: 2921 Basic stats: COMPLETE Column stats: NONE
+                Statistics: Num rows: 137 Data size: 1455 Basic stats: COMPLETE Column stats: NONE
                 table:
                     input format: org.apache.hadoop.mapred.TextInputFormat
                     output format: org.apache.hadoop.hive.ql.io.HiveIgnoreKeyTextOutputFormat
diff --git a/ql/src/test/results/clientpositive/subquery_notin_having.q.out b/ql/src/test/results/clientpositive/subquery_notin_having.q.out
index 999c7f934e..fc21b97eed 100644
--- a/ql/src/test/results/clientpositive/subquery_notin_having.q.out
+++ b/ql/src/test/results/clientpositive/subquery_notin_having.q.out
@@ -55,7 +55,7 @@ STAGE PLANS:
           keys: KEY._col0 (type: string)
           mode: mergepartial
           outputColumnNames: _col0, _col1
-          Statistics: Num rows: 500 Data size: 5312 Basic stats: COMPLETE Column stats: NONE
+          Statistics: Num rows: 250 Data size: 2656 Basic stats: COMPLETE Column stats: NONE
           File Output Operator
             compressed: false
             table:
@@ -69,7 +69,7 @@ STAGE PLANS:
           TableScan
             Reduce Output Operator
               sort order: 
-              Statistics: Num rows: 500 Data size: 5312 Basic stats: COMPLETE Column stats: NONE
+              Statistics: Num rows: 250 Data size: 2656 Basic stats: COMPLETE Column stats: NONE
               value expressions: _col0 (type: string), _col1 (type: bigint)
           TableScan
             Reduce Output Operator
@@ -83,7 +83,7 @@ STAGE PLANS:
             0 {VALUE._col0} {VALUE._col1}
             1 
           outputColumnNames: _col0, _col1
-          Statistics: Num rows: 550 Data size: 5843 Basic stats: COMPLETE Column stats: NONE
+          Statistics: Num rows: 275 Data size: 2921 Basic stats: COMPLETE Column stats: NONE
           File Output Operator
             compressed: false
             table:
@@ -99,7 +99,7 @@ STAGE PLANS:
               key expressions: _col0 (type: string)
               sort order: +
               Map-reduce partition columns: _col0 (type: string)
-              Statistics: Num rows: 550 Data size: 5843 Basic stats: COMPLETE Column stats: NONE
+              Statistics: Num rows: 275 Data size: 2921 Basic stats: COMPLETE Column stats: NONE
               value expressions: _col1 (type: bigint)
           TableScan
             alias: s1
@@ -124,17 +124,17 @@ STAGE PLANS:
             0 {KEY.reducesinkkey0} {VALUE._col0}
             1 {KEY.reducesinkkey0}
           outputColumnNames: _col0, _col1, _col2
-          Statistics: Num rows: 605 Data size: 6427 Basic stats: COMPLETE Column stats: NONE
+          Statistics: Num rows: 302 Data size: 3213 Basic stats: COMPLETE Column stats: NONE
           Filter Operator
             predicate: _col2 is null (type: boolean)
-            Statistics: Num rows: 302 Data size: 3208 Basic stats: COMPLETE Column stats: NONE
+            Statistics: Num rows: 151 Data size: 1606 Basic stats: COMPLETE Column stats: NONE
             Select Operator
               expressions: _col0 (type: string), _col1 (type: bigint)
               outputColumnNames: _col0, _col1
-              Statistics: Num rows: 302 Data size: 3208 Basic stats: COMPLETE Column stats: NONE
+              Statistics: Num rows: 151 Data size: 1606 Basic stats: COMPLETE Column stats: NONE
               File Output Operator
                 compressed: false
-                Statistics: Num rows: 302 Data size: 3208 Basic stats: COMPLETE Column stats: NONE
+                Statistics: Num rows: 151 Data size: 1606 Basic stats: COMPLETE Column stats: NONE
                 table:
                     input format: org.apache.hadoop.mapred.TextInputFormat
                     output format: org.apache.hadoop.hive.ql.io.HiveIgnoreKeyTextOutputFormat
@@ -252,7 +252,7 @@ STAGE PLANS:
           keys: KEY._col0 (type: string)
           mode: mergepartial
           outputColumnNames: _col0, _col1, _col2, _col3
-          Statistics: Num rows: 26 Data size: 3147 Basic stats: COMPLETE Column stats: NONE
+          Statistics: Num rows: 13 Data size: 1573 Basic stats: COMPLETE Column stats: NONE
           File Output Operator
             compressed: false
             table:
@@ -266,7 +266,7 @@ STAGE PLANS:
           TableScan
             Reduce Output Operator
               sort order: 
-              Statistics: Num rows: 26 Data size: 3147 Basic stats: COMPLETE Column stats: NONE
+              Statistics: Num rows: 13 Data size: 1573 Basic stats: COMPLETE Column stats: NONE
               value expressions: _col0 (type: string), _col1 (type: double)
           TableScan
             Reduce Output Operator
@@ -280,7 +280,7 @@ STAGE PLANS:
             0 {VALUE._col0} {VALUE._col1}
             1 
           outputColumnNames: _col0, _col1
-          Statistics: Num rows: 28 Data size: 3461 Basic stats: COMPLETE Column stats: NONE
+          Statistics: Num rows: 14 Data size: 1730 Basic stats: COMPLETE Column stats: NONE
           File Output Operator
             compressed: false
             table:
@@ -296,7 +296,7 @@ STAGE PLANS:
               key expressions: _col0 (type: string), _col1 (type: double)
               sort order: ++
               Map-reduce partition columns: _col0 (type: string), _col1 (type: double)
-              Statistics: Num rows: 28 Data size: 3461 Basic stats: COMPLETE Column stats: NONE
+              Statistics: Num rows: 14 Data size: 1730 Basic stats: COMPLETE Column stats: NONE
           TableScan
             Reduce Output Operator
               key expressions: _col0 (type: string), _col1 (type: double)
@@ -311,17 +311,17 @@ STAGE PLANS:
             0 {KEY.reducesinkkey0} {KEY.reducesinkkey1}
             1 {KEY.reducesinkkey0}
           outputColumnNames: _col0, _col1, _col4
-          Statistics: Num rows: 30 Data size: 3807 Basic stats: COMPLETE Column stats: NONE
+          Statistics: Num rows: 15 Data size: 1903 Basic stats: COMPLETE Column stats: NONE
           Filter Operator
             predicate: _col4 is null (type: boolean)
-            Statistics: Num rows: 15 Data size: 1903 Basic stats: COMPLETE Column stats: NONE
+            Statistics: Num rows: 7 Data size: 888 Basic stats: COMPLETE Column stats: NONE
             Select Operator
               expressions: _col0 (type: string), _col1 (type: double)
               outputColumnNames: _col0, _col1
-              Statistics: Num rows: 15 Data size: 1903 Basic stats: COMPLETE Column stats: NONE
+              Statistics: Num rows: 7 Data size: 888 Basic stats: COMPLETE Column stats: NONE
               File Output Operator
                 compressed: false
-                Statistics: Num rows: 15 Data size: 1903 Basic stats: COMPLETE Column stats: NONE
+                Statistics: Num rows: 7 Data size: 888 Basic stats: COMPLETE Column stats: NONE
                 table:
                     input format: org.apache.hadoop.mapred.TextInputFormat
                     output format: org.apache.hadoop.hive.ql.io.HiveIgnoreKeyTextOutputFormat
@@ -543,7 +543,7 @@ STAGE PLANS:
           keys: KEY._col0 (type: string)
           mode: mergepartial
           outputColumnNames: _col0, _col1, _col2
-          Statistics: Num rows: 26 Data size: 3147 Basic stats: COMPLETE Column stats: NONE
+          Statistics: Num rows: 13 Data size: 1573 Basic stats: COMPLETE Column stats: NONE
           File Output Operator
             compressed: false
             table:
@@ -557,7 +557,7 @@ STAGE PLANS:
           TableScan
             Reduce Output Operator
               sort order: 
-              Statistics: Num rows: 26 Data size: 3147 Basic stats: COMPLETE Column stats: NONE
+              Statistics: Num rows: 13 Data size: 1573 Basic stats: COMPLETE Column stats: NONE
               value expressions: _col0 (type: string), _col1 (type: double)
           TableScan
             Reduce Output Operator
@@ -571,7 +571,7 @@ STAGE PLANS:
             0 {VALUE._col0} {VALUE._col1}
             1 
           outputColumnNames: _col0, _col1
-          Statistics: Num rows: 28 Data size: 3461 Basic stats: COMPLETE Column stats: NONE
+          Statistics: Num rows: 14 Data size: 1730 Basic stats: COMPLETE Column stats: NONE
           File Output Operator
             compressed: false
             table:
@@ -587,7 +587,7 @@ STAGE PLANS:
               key expressions: _col0 (type: string)
               sort order: +
               Map-reduce partition columns: _col0 (type: string)
-              Statistics: Num rows: 28 Data size: 3461 Basic stats: COMPLETE Column stats: NONE
+              Statistics: Num rows: 14 Data size: 1730 Basic stats: COMPLETE Column stats: NONE
               value expressions: _col1 (type: double)
           TableScan
             Reduce Output Operator
@@ -603,17 +603,17 @@ STAGE PLANS:
             0 {KEY.reducesinkkey0} {VALUE._col0}
             1 {KEY.reducesinkkey0}
           outputColumnNames: _col0, _col1, _col3
-          Statistics: Num rows: 30 Data size: 3807 Basic stats: COMPLETE Column stats: NONE
+          Statistics: Num rows: 15 Data size: 1903 Basic stats: COMPLETE Column stats: NONE
           Filter Operator
             predicate: _col3 is null (type: boolean)
-            Statistics: Num rows: 15 Data size: 1903 Basic stats: COMPLETE Column stats: NONE
+            Statistics: Num rows: 7 Data size: 888 Basic stats: COMPLETE Column stats: NONE
             Select Operator
               expressions: _col0 (type: string), _col1 (type: double)
               outputColumnNames: _col0, _col1
-              Statistics: Num rows: 15 Data size: 1903 Basic stats: COMPLETE Column stats: NONE
+              Statistics: Num rows: 7 Data size: 888 Basic stats: COMPLETE Column stats: NONE
               File Output Operator
                 compressed: false
-                Statistics: Num rows: 15 Data size: 1903 Basic stats: COMPLETE Column stats: NONE
+                Statistics: Num rows: 7 Data size: 888 Basic stats: COMPLETE Column stats: NONE
                 table:
                     input format: org.apache.hadoop.mapred.TextInputFormat
                     output format: org.apache.hadoop.hive.ql.io.HiveIgnoreKeyTextOutputFormat
diff --git a/ql/src/test/results/clientpositive/tez/auto_sortmerge_join_9.q.out b/ql/src/test/results/clientpositive/tez/auto_sortmerge_join_9.q.out
index 98e4083c06..413471023e 100644
--- a/ql/src/test/results/clientpositive/tez/auto_sortmerge_join_9.q.out
+++ b/ql/src/test/results/clientpositive/tez/auto_sortmerge_join_9.q.out
@@ -573,7 +573,7 @@ STAGE PLANS:
                 keys: KEY._col0 (type: int)
                 mode: mergepartial
                 outputColumnNames: _col0, _col1
-                Statistics: Num rows: 5 Data size: 38 Basic stats: COMPLETE Column stats: NONE
+                Statistics: Num rows: 2 Data size: 15 Basic stats: COMPLETE Column stats: NONE
                 Map Join Operator
                   condition map:
                        Inner Join 0 to 1
@@ -586,14 +586,14 @@ STAGE PLANS:
                   outputColumnNames: _col0, _col1, _col3
                   input vertices:
                     1 Reducer 5
-                  Statistics: Num rows: 5 Data size: 41 Basic stats: COMPLETE Column stats: NONE
+                  Statistics: Num rows: 2 Data size: 16 Basic stats: COMPLETE Column stats: NONE
                   Select Operator
                     expressions: _col0 (type: int), _col1 (type: bigint), _col3 (type: bigint)
                     outputColumnNames: _col0, _col1, _col2
-                    Statistics: Num rows: 5 Data size: 41 Basic stats: COMPLETE Column stats: NONE
+                    Statistics: Num rows: 2 Data size: 16 Basic stats: COMPLETE Column stats: NONE
                     File Output Operator
                       compressed: false
-                      Statistics: Num rows: 5 Data size: 41 Basic stats: COMPLETE Column stats: NONE
+                      Statistics: Num rows: 2 Data size: 16 Basic stats: COMPLETE Column stats: NONE
                       table:
                           input format: org.apache.hadoop.mapred.TextInputFormat
                           output format: org.apache.hadoop.hive.ql.io.HiveIgnoreKeyTextOutputFormat
@@ -605,12 +605,12 @@ STAGE PLANS:
                 keys: KEY._col0 (type: int)
                 mode: mergepartial
                 outputColumnNames: _col0, _col1
-                Statistics: Num rows: 5 Data size: 38 Basic stats: COMPLETE Column stats: NONE
+                Statistics: Num rows: 2 Data size: 15 Basic stats: COMPLETE Column stats: NONE
                 Reduce Output Operator
                   key expressions: _col0 (type: int)
                   sort order: +
                   Map-reduce partition columns: _col0 (type: int)
-                  Statistics: Num rows: 5 Data size: 38 Basic stats: COMPLETE Column stats: NONE
+                  Statistics: Num rows: 2 Data size: 15 Basic stats: COMPLETE Column stats: NONE
                   value expressions: _col1 (type: bigint)
 
   Stage: Stage-0
@@ -2407,7 +2407,7 @@ STAGE PLANS:
                 keys: KEY._col0 (type: int)
                 mode: mergepartial
                 outputColumnNames: _col0, _col1
-                Statistics: Num rows: 5 Data size: 38 Basic stats: COMPLETE Column stats: NONE
+                Statistics: Num rows: 2 Data size: 15 Basic stats: COMPLETE Column stats: NONE
                 Map Join Operator
                   condition map:
                        Inner Join 0 to 1
@@ -2420,14 +2420,14 @@ STAGE PLANS:
                   outputColumnNames: _col0, _col1, _col3
                   input vertices:
                     1 Reducer 5
-                  Statistics: Num rows: 5 Data size: 41 Basic stats: COMPLETE Column stats: NONE
+                  Statistics: Num rows: 2 Data size: 16 Basic stats: COMPLETE Column stats: NONE
                   Select Operator
                     expressions: _col0 (type: int), _col1 (type: bigint), _col3 (type: bigint)
                     outputColumnNames: _col0, _col1, _col2
-                    Statistics: Num rows: 5 Data size: 41 Basic stats: COMPLETE Column stats: NONE
+                    Statistics: Num rows: 2 Data size: 16 Basic stats: COMPLETE Column stats: NONE
                     File Output Operator
                       compressed: false
-                      Statistics: Num rows: 5 Data size: 41 Basic stats: COMPLETE Column stats: NONE
+                      Statistics: Num rows: 2 Data size: 16 Basic stats: COMPLETE Column stats: NONE
                       table:
                           input format: org.apache.hadoop.mapred.TextInputFormat
                           output format: org.apache.hadoop.hive.ql.io.HiveIgnoreKeyTextOutputFormat
@@ -2439,12 +2439,12 @@ STAGE PLANS:
                 keys: KEY._col0 (type: int)
                 mode: mergepartial
                 outputColumnNames: _col0, _col1
-                Statistics: Num rows: 5 Data size: 38 Basic stats: COMPLETE Column stats: NONE
+                Statistics: Num rows: 2 Data size: 15 Basic stats: COMPLETE Column stats: NONE
                 Reduce Output Operator
                   key expressions: _col0 (type: int)
                   sort order: +
                   Map-reduce partition columns: _col0 (type: int)
-                  Statistics: Num rows: 5 Data size: 38 Basic stats: COMPLETE Column stats: NONE
+                  Statistics: Num rows: 2 Data size: 15 Basic stats: COMPLETE Column stats: NONE
                   value expressions: _col1 (type: bigint)
 
   Stage: Stage-0
diff --git a/ql/src/test/results/clientpositive/tez/bucket_map_join_tez1.q.out b/ql/src/test/results/clientpositive/tez/bucket_map_join_tez1.q.out
index 50b4383b7e..1c0e241fd3 100644
--- a/ql/src/test/results/clientpositive/tez/bucket_map_join_tez1.q.out
+++ b/ql/src/test/results/clientpositive/tez/bucket_map_join_tez1.q.out
@@ -807,12 +807,12 @@ STAGE PLANS:
                 keys: KEY._col0 (type: int)
                 mode: mergepartial
                 outputColumnNames: _col0, _col1
-                Statistics: Num rows: 14 Data size: 1456 Basic stats: COMPLETE Column stats: NONE
+                Statistics: Num rows: 7 Data size: 728 Basic stats: COMPLETE Column stats: NONE
                 Reduce Output Operator
                   key expressions: _col0 (type: int)
                   sort order: +
                   Map-reduce partition columns: _col0 (type: int)
-                  Statistics: Num rows: 14 Data size: 1456 Basic stats: COMPLETE Column stats: NONE
+                  Statistics: Num rows: 7 Data size: 728 Basic stats: COMPLETE Column stats: NONE
                   value expressions: _col1 (type: double)
 
   Stage: Stage-0
@@ -896,12 +896,12 @@ STAGE PLANS:
                 keys: KEY._col0 (type: int)
                 mode: complete
                 outputColumnNames: _col0, _col1
-                Statistics: Num rows: 14 Data size: 1456 Basic stats: COMPLETE Column stats: NONE
+                Statistics: Num rows: 7 Data size: 728 Basic stats: COMPLETE Column stats: NONE
                 Reduce Output Operator
                   key expressions: _col0 (type: int)
                   sort order: +
                   Map-reduce partition columns: _col0 (type: int)
-                  Statistics: Num rows: 14 Data size: 1456 Basic stats: COMPLETE Column stats: NONE
+                  Statistics: Num rows: 7 Data size: 728 Basic stats: COMPLETE Column stats: NONE
                   value expressions: _col1 (type: double)
 
   Stage: Stage-0
diff --git a/ql/src/test/results/clientpositive/tez/bucket_map_join_tez2.q.out b/ql/src/test/results/clientpositive/tez/bucket_map_join_tez2.q.out
index 116d9e5d0e..55cff6efcb 100644
--- a/ql/src/test/results/clientpositive/tez/bucket_map_join_tez2.q.out
+++ b/ql/src/test/results/clientpositive/tez/bucket_map_join_tez2.q.out
@@ -540,7 +540,8 @@ STAGE PLANS:
   Stage: Stage-1
     Tez
       Edges:
-        Reducer 2 <- Map 1 (SIMPLE_EDGE), Map 3 (CUSTOM_SIMPLE_EDGE)
+        Map 3 <- Reducer 2 (CUSTOM_EDGE)
+        Reducer 2 <- Map 1 (SIMPLE_EDGE)
 #### A masked pattern was here ####
       Vertices:
         Map 1 
@@ -569,42 +570,42 @@ STAGE PLANS:
                   Filter Operator
                     predicate: key is not null (type: boolean)
                     Statistics: Num rows: 121 Data size: 1283 Basic stats: COMPLETE Column stats: NONE
-                    Reduce Output Operator
-                      key expressions: key (type: int)
-                      sort order: +
-                      Map-reduce partition columns: key (type: int)
-                      Statistics: Num rows: 121 Data size: 1283 Basic stats: COMPLETE Column stats: NONE
+                    Map Join Operator
+                      condition map:
+                           Inner Join 0 to 1
+                      condition expressions:
+                        0 {_col0}
+                        1 {key}
+                      keys:
+                        0 _col0 (type: int)
+                        1 key (type: int)
+                      outputColumnNames: _col0, _col1
+                      input vertices:
+                        0 Reducer 2
+                      Statistics: Num rows: 133 Data size: 1411 Basic stats: COMPLETE Column stats: NONE
+                      Select Operator
+                        expressions: _col0 (type: int), _col1 (type: int)
+                        outputColumnNames: _col0, _col1
+                        Statistics: Num rows: 133 Data size: 1411 Basic stats: COMPLETE Column stats: NONE
+                        File Output Operator
+                          compressed: false
+                          Statistics: Num rows: 133 Data size: 1411 Basic stats: COMPLETE Column stats: NONE
+                          table:
+                              input format: org.apache.hadoop.mapred.TextInputFormat
+                              output format: org.apache.hadoop.hive.ql.io.HiveIgnoreKeyTextOutputFormat
+                              serde: org.apache.hadoop.hive.serde2.lazy.LazySimpleSerDe
         Reducer 2 
             Reduce Operator Tree:
               Group By Operator
                 keys: KEY._col0 (type: int)
                 mode: mergepartial
                 outputColumnNames: _col0
-                Statistics: Num rows: 121 Data size: 1283 Basic stats: COMPLETE Column stats: NONE
-                Map Join Operator
-                  condition map:
-                       Inner Join 0 to 1
-                  condition expressions:
-                    0 {_col0}
-                    1 {key}
-                  keys:
-                    0 _col0 (type: int)
-                    1 key (type: int)
-                  outputColumnNames: _col0, _col1
-                  input vertices:
-                    1 Map 3
-                  Statistics: Num rows: 133 Data size: 1411 Basic stats: COMPLETE Column stats: NONE
-                  Select Operator
-                    expressions: _col0 (type: int), _col1 (type: int)
-                    outputColumnNames: _col0, _col1
-                    Statistics: Num rows: 133 Data size: 1411 Basic stats: COMPLETE Column stats: NONE
-                    File Output Operator
-                      compressed: false
-                      Statistics: Num rows: 133 Data size: 1411 Basic stats: COMPLETE Column stats: NONE
-                      table:
-                          input format: org.apache.hadoop.mapred.TextInputFormat
-                          output format: org.apache.hadoop.hive.ql.io.HiveIgnoreKeyTextOutputFormat
-                          serde: org.apache.hadoop.hive.serde2.lazy.LazySimpleSerDe
+                Statistics: Num rows: 60 Data size: 636 Basic stats: COMPLETE Column stats: NONE
+                Reduce Output Operator
+                  key expressions: _col0 (type: int)
+                  sort order: +
+                  Map-reduce partition columns: _col0 (type: int)
+                  Statistics: Num rows: 60 Data size: 636 Basic stats: COMPLETE Column stats: NONE
 
   Stage: Stage-0
     Fetch Operator
@@ -624,7 +625,8 @@ STAGE PLANS:
   Stage: Stage-1
     Tez
       Edges:
-        Reducer 2 <- Map 1 (SIMPLE_EDGE), Map 3 (BROADCAST_EDGE)
+        Map 3 <- Reducer 2 (BROADCAST_EDGE)
+        Reducer 2 <- Map 1 (SIMPLE_EDGE)
 #### A masked pattern was here ####
       Vertices:
         Map 1 
@@ -653,43 +655,43 @@ STAGE PLANS:
                   Filter Operator
                     predicate: UDFToDouble(key) is not null (type: boolean)
                     Statistics: Num rows: 121 Data size: 1283 Basic stats: COMPLETE Column stats: NONE
-                    Reduce Output Operator
-                      key expressions: UDFToDouble(key) (type: double)
-                      sort order: +
-                      Map-reduce partition columns: UDFToDouble(key) (type: double)
-                      Statistics: Num rows: 121 Data size: 1283 Basic stats: COMPLETE Column stats: NONE
-                      value expressions: value (type: string)
+                    Map Join Operator
+                      condition map:
+                           Inner Join 0 to 1
+                      condition expressions:
+                        0 {_col0}
+                        1 {value}
+                      keys:
+                        0 UDFToDouble(_col0) (type: double)
+                        1 UDFToDouble(key) (type: double)
+                      outputColumnNames: _col0, _col2
+                      input vertices:
+                        0 Reducer 2
+                      Statistics: Num rows: 133 Data size: 1411 Basic stats: COMPLETE Column stats: NONE
+                      Select Operator
+                        expressions: _col0 (type: string), _col2 (type: string)
+                        outputColumnNames: _col0, _col1
+                        Statistics: Num rows: 133 Data size: 1411 Basic stats: COMPLETE Column stats: NONE
+                        File Output Operator
+                          compressed: false
+                          Statistics: Num rows: 133 Data size: 1411 Basic stats: COMPLETE Column stats: NONE
+                          table:
+                              input format: org.apache.hadoop.mapred.TextInputFormat
+                              output format: org.apache.hadoop.hive.ql.io.HiveIgnoreKeyTextOutputFormat
+                              serde: org.apache.hadoop.hive.serde2.lazy.LazySimpleSerDe
         Reducer 2 
             Reduce Operator Tree:
               Group By Operator
                 keys: KEY._col0 (type: string)
                 mode: mergepartial
                 outputColumnNames: _col0
-                Statistics: Num rows: 121 Data size: 1283 Basic stats: COMPLETE Column stats: NONE
-                Map Join Operator
-                  condition map:
-                       Inner Join 0 to 1
-                  condition expressions:
-                    0 {_col0}
-                    1 {value}
-                  keys:
-                    0 UDFToDouble(_col0) (type: double)
-                    1 UDFToDouble(key) (type: double)
-                  outputColumnNames: _col0, _col2
-                  input vertices:
-                    1 Map 3
-                  Statistics: Num rows: 133 Data size: 1411 Basic stats: COMPLETE Column stats: NONE
-                  Select Operator
-                    expressions: _col0 (type: string), _col2 (type: string)
-                    outputColumnNames: _col0, _col1
-                    Statistics: Num rows: 133 Data size: 1411 Basic stats: COMPLETE Column stats: NONE
-                    File Output Operator
-                      compressed: false
-                      Statistics: Num rows: 133 Data size: 1411 Basic stats: COMPLETE Column stats: NONE
-                      table:
-                          input format: org.apache.hadoop.mapred.TextInputFormat
-                          output format: org.apache.hadoop.hive.ql.io.HiveIgnoreKeyTextOutputFormat
-                          serde: org.apache.hadoop.hive.serde2.lazy.LazySimpleSerDe
+                Statistics: Num rows: 60 Data size: 636 Basic stats: COMPLETE Column stats: NONE
+                Reduce Output Operator
+                  key expressions: UDFToDouble(_col0) (type: double)
+                  sort order: +
+                  Map-reduce partition columns: UDFToDouble(_col0) (type: double)
+                  Statistics: Num rows: 60 Data size: 636 Basic stats: COMPLETE Column stats: NONE
+                  value expressions: _col0 (type: string)
 
   Stage: Stage-0
     Fetch Operator
diff --git a/ql/src/test/results/clientpositive/tez/cross_product_check_1.q.out b/ql/src/test/results/clientpositive/tez/cross_product_check_1.q.out
index 1e6ee1fbf8..98aa6755b2 100644
--- a/ql/src/test/results/clientpositive/tez/cross_product_check_1.q.out
+++ b/ql/src/test/results/clientpositive/tez/cross_product_check_1.q.out
@@ -267,10 +267,10 @@ STAGE PLANS:
                 keys: KEY._col0 (type: string)
                 mode: mergepartial
                 outputColumnNames: _col0
-                Statistics: Num rows: 5 Data size: 57 Basic stats: COMPLETE Column stats: NONE
+                Statistics: Num rows: 2 Data size: 22 Basic stats: COMPLETE Column stats: NONE
                 Reduce Output Operator
                   sort order: 
-                  Statistics: Num rows: 5 Data size: 57 Basic stats: COMPLETE Column stats: NONE
+                  Statistics: Num rows: 2 Data size: 22 Basic stats: COMPLETE Column stats: NONE
                   value expressions: _col0 (type: string)
         Reducer 4 
             Reduce Operator Tree:
@@ -371,10 +371,10 @@ STAGE PLANS:
                 keys: KEY._col0 (type: string)
                 mode: mergepartial
                 outputColumnNames: _col0
-                Statistics: Num rows: 11 Data size: 114 Basic stats: COMPLETE Column stats: NONE
+                Statistics: Num rows: 5 Data size: 51 Basic stats: COMPLETE Column stats: NONE
                 Reduce Output Operator
                   sort order: 
-                  Statistics: Num rows: 11 Data size: 114 Basic stats: COMPLETE Column stats: NONE
+                  Statistics: Num rows: 5 Data size: 51 Basic stats: COMPLETE Column stats: NONE
                   value expressions: _col0 (type: string)
         Reducer 4 
             Reduce Operator Tree:
@@ -478,10 +478,10 @@ STAGE PLANS:
                 keys: KEY._col0 (type: string)
                 mode: mergepartial
                 outputColumnNames: _col0
-                Statistics: Num rows: 500 Data size: 5312 Basic stats: COMPLETE Column stats: NONE
+                Statistics: Num rows: 250 Data size: 2656 Basic stats: COMPLETE Column stats: NONE
                 Reduce Output Operator
                   sort order: 
-                  Statistics: Num rows: 500 Data size: 5312 Basic stats: COMPLETE Column stats: NONE
+                  Statistics: Num rows: 250 Data size: 2656 Basic stats: COMPLETE Column stats: NONE
                   value expressions: _col0 (type: string)
         Reducer 3 
             Reduce Operator Tree:
@@ -492,14 +492,14 @@ STAGE PLANS:
                   0 {VALUE._col0}
                   1 {VALUE._col0}
                 outputColumnNames: _col0, _col1
-                Statistics: Num rows: 550 Data size: 5843 Basic stats: COMPLETE Column stats: NONE
+                Statistics: Num rows: 275 Data size: 2921 Basic stats: COMPLETE Column stats: NONE
                 Select Operator
                   expressions: _col0 (type: string), _col1 (type: string)
                   outputColumnNames: _col0, _col1
-                  Statistics: Num rows: 550 Data size: 5843 Basic stats: COMPLETE Column stats: NONE
+                  Statistics: Num rows: 275 Data size: 2921 Basic stats: COMPLETE Column stats: NONE
                   File Output Operator
                     compressed: false
-                    Statistics: Num rows: 550 Data size: 5843 Basic stats: COMPLETE Column stats: NONE
+                    Statistics: Num rows: 275 Data size: 2921 Basic stats: COMPLETE Column stats: NONE
                     table:
                         input format: org.apache.hadoop.mapred.TextInputFormat
                         output format: org.apache.hadoop.hive.ql.io.HiveIgnoreKeyTextOutputFormat
@@ -530,10 +530,10 @@ STAGE PLANS:
                 keys: KEY._col0 (type: string)
                 mode: mergepartial
                 outputColumnNames: _col0
-                Statistics: Num rows: 5 Data size: 57 Basic stats: COMPLETE Column stats: NONE
+                Statistics: Num rows: 2 Data size: 22 Basic stats: COMPLETE Column stats: NONE
                 Reduce Output Operator
                   sort order: 
-                  Statistics: Num rows: 5 Data size: 57 Basic stats: COMPLETE Column stats: NONE
+                  Statistics: Num rows: 2 Data size: 22 Basic stats: COMPLETE Column stats: NONE
                   value expressions: _col0 (type: string)
 
   Stage: Stage-0
diff --git a/ql/src/test/results/clientpositive/tez/cross_product_check_2.q.out b/ql/src/test/results/clientpositive/tez/cross_product_check_2.q.out
index b1f7a91d2c..4155672652 100644
--- a/ql/src/test/results/clientpositive/tez/cross_product_check_2.q.out
+++ b/ql/src/test/results/clientpositive/tez/cross_product_check_2.q.out
@@ -280,10 +280,10 @@ STAGE PLANS:
                 keys: KEY._col0 (type: string)
                 mode: mergepartial
                 outputColumnNames: _col0
-                Statistics: Num rows: 5 Data size: 57 Basic stats: COMPLETE Column stats: NONE
+                Statistics: Num rows: 2 Data size: 22 Basic stats: COMPLETE Column stats: NONE
                 Reduce Output Operator
                   sort order: 
-                  Statistics: Num rows: 5 Data size: 57 Basic stats: COMPLETE Column stats: NONE
+                  Statistics: Num rows: 2 Data size: 22 Basic stats: COMPLETE Column stats: NONE
                   value expressions: _col0 (type: string)
 
   Stage: Stage-0
@@ -382,10 +382,10 @@ STAGE PLANS:
                 keys: KEY._col0 (type: string)
                 mode: mergepartial
                 outputColumnNames: _col0
-                Statistics: Num rows: 11 Data size: 114 Basic stats: COMPLETE Column stats: NONE
+                Statistics: Num rows: 5 Data size: 51 Basic stats: COMPLETE Column stats: NONE
                 Reduce Output Operator
                   sort order: 
-                  Statistics: Num rows: 11 Data size: 114 Basic stats: COMPLETE Column stats: NONE
+                  Statistics: Num rows: 5 Data size: 51 Basic stats: COMPLETE Column stats: NONE
                   value expressions: _col0 (type: string)
 
   Stage: Stage-0
@@ -485,7 +485,7 @@ STAGE PLANS:
                 keys: KEY._col0 (type: string)
                 mode: mergepartial
                 outputColumnNames: _col0
-                Statistics: Num rows: 500 Data size: 5312 Basic stats: COMPLETE Column stats: NONE
+                Statistics: Num rows: 250 Data size: 2656 Basic stats: COMPLETE Column stats: NONE
                 Map Join Operator
                   condition map:
                        Inner Join 0 to 1
@@ -498,14 +498,14 @@ STAGE PLANS:
                   outputColumnNames: _col0, _col1
                   input vertices:
                     1 Reducer 4
-                  Statistics: Num rows: 550 Data size: 5843 Basic stats: COMPLETE Column stats: NONE
+                  Statistics: Num rows: 275 Data size: 2921 Basic stats: COMPLETE Column stats: NONE
                   Select Operator
                     expressions: _col0 (type: string), _col1 (type: string)
                     outputColumnNames: _col0, _col1
-                    Statistics: Num rows: 550 Data size: 5843 Basic stats: COMPLETE Column stats: NONE
+                    Statistics: Num rows: 275 Data size: 2921 Basic stats: COMPLETE Column stats: NONE
                     File Output Operator
                       compressed: false
-                      Statistics: Num rows: 550 Data size: 5843 Basic stats: COMPLETE Column stats: NONE
+                      Statistics: Num rows: 275 Data size: 2921 Basic stats: COMPLETE Column stats: NONE
                       table:
                           input format: org.apache.hadoop.mapred.TextInputFormat
                           output format: org.apache.hadoop.hive.ql.io.HiveIgnoreKeyTextOutputFormat
@@ -516,10 +516,10 @@ STAGE PLANS:
                 keys: KEY._col0 (type: string)
                 mode: mergepartial
                 outputColumnNames: _col0
-                Statistics: Num rows: 5 Data size: 57 Basic stats: COMPLETE Column stats: NONE
+                Statistics: Num rows: 2 Data size: 22 Basic stats: COMPLETE Column stats: NONE
                 Reduce Output Operator
                   sort order: 
-                  Statistics: Num rows: 5 Data size: 57 Basic stats: COMPLETE Column stats: NONE
+                  Statistics: Num rows: 2 Data size: 22 Basic stats: COMPLETE Column stats: NONE
                   value expressions: _col0 (type: string)
 
   Stage: Stage-0
diff --git a/ql/src/test/results/clientpositive/tez/dynamic_partition_pruning.q.out b/ql/src/test/results/clientpositive/tez/dynamic_partition_pruning.q.out
index 97c57f07a4..ae9d13025c 100644
--- a/ql/src/test/results/clientpositive/tez/dynamic_partition_pruning.q.out
+++ b/ql/src/test/results/clientpositive/tez/dynamic_partition_pruning.q.out
@@ -1896,12 +1896,12 @@ STAGE PLANS:
                 keys: KEY._col0 (type: string)
                 mode: mergepartial
                 outputColumnNames: _col0
-                Statistics: Num rows: 1000 Data size: 10624 Basic stats: COMPLETE Column stats: NONE
+                Statistics: Num rows: 500 Data size: 5312 Basic stats: COMPLETE Column stats: NONE
                 Reduce Output Operator
                   key expressions: _col0 (type: string)
                   sort order: +
                   Map-reduce partition columns: _col0 (type: string)
-                  Statistics: Num rows: 1000 Data size: 10624 Basic stats: COMPLETE Column stats: NONE
+                  Statistics: Num rows: 500 Data size: 5312 Basic stats: COMPLETE Column stats: NONE
         Reducer 3 
             Reduce Operator Tree:
               Merge Join Operator
@@ -4271,25 +4271,25 @@ STAGE PLANS:
                 keys: KEY._col0 (type: string)
                 mode: mergepartial
                 outputColumnNames: _col0
-                Statistics: Num rows: 1000 Data size: 10624 Basic stats: COMPLETE Column stats: NONE
+                Statistics: Num rows: 500 Data size: 5312 Basic stats: COMPLETE Column stats: NONE
                 Reduce Output Operator
                   key expressions: _col0 (type: string)
                   sort order: +
                   Map-reduce partition columns: _col0 (type: string)
-                  Statistics: Num rows: 1000 Data size: 10624 Basic stats: COMPLETE Column stats: NONE
+                  Statistics: Num rows: 500 Data size: 5312 Basic stats: COMPLETE Column stats: NONE
                 Select Operator
                   expressions: _col0 (type: string)
                   outputColumnNames: _col0
-                  Statistics: Num rows: 1000 Data size: 10624 Basic stats: COMPLETE Column stats: NONE
+                  Statistics: Num rows: 500 Data size: 5312 Basic stats: COMPLETE Column stats: NONE
                   Group By Operator
                     keys: _col0 (type: string)
                     mode: hash
                     outputColumnNames: _col0
-                    Statistics: Num rows: 1000 Data size: 10624 Basic stats: COMPLETE Column stats: NONE
+                    Statistics: Num rows: 500 Data size: 5312 Basic stats: COMPLETE Column stats: NONE
                     Dynamic Partitioning Event Operator
                       Target Input: srcpart
                       Partition key expr: ds
-                      Statistics: Num rows: 1000 Data size: 10624 Basic stats: COMPLETE Column stats: NONE
+                      Statistics: Num rows: 500 Data size: 5312 Basic stats: COMPLETE Column stats: NONE
                       Target column: ds
                       Target Vertex: Map 3
         Reducer 4 
diff --git a/ql/src/test/results/clientpositive/tez/dynamic_partition_pruning_2.q.out b/ql/src/test/results/clientpositive/tez/dynamic_partition_pruning_2.q.out
index 35504bb5bf..aa5c9e34d8 100644
--- a/ql/src/test/results/clientpositive/tez/dynamic_partition_pruning_2.q.out
+++ b/ql/src/test/results/clientpositive/tez/dynamic_partition_pruning_2.q.out
@@ -235,21 +235,21 @@ STAGE PLANS:
                 keys: KEY._col0 (type: string)
                 mode: mergepartial
                 outputColumnNames: _col0, _col1, _col2
-                Statistics: Num rows: 2 Data size: 6 Basic stats: COMPLETE Column stats: NONE
+                Statistics: Num rows: 1 Data size: 3 Basic stats: COMPLETE Column stats: NONE
                 Reduce Output Operator
                   key expressions: _col0 (type: string)
                   sort order: +
-                  Statistics: Num rows: 2 Data size: 6 Basic stats: COMPLETE Column stats: NONE
+                  Statistics: Num rows: 1 Data size: 3 Basic stats: COMPLETE Column stats: NONE
                   value expressions: _col1 (type: bigint), _col2 (type: decimal(20,0))
         Reducer 3 
             Reduce Operator Tree:
               Select Operator
                 expressions: KEY.reducesinkkey0 (type: string), VALUE._col0 (type: bigint), VALUE._col1 (type: decimal(20,0))
                 outputColumnNames: _col0, _col1, _col2
-                Statistics: Num rows: 2 Data size: 6 Basic stats: COMPLETE Column stats: NONE
+                Statistics: Num rows: 1 Data size: 3 Basic stats: COMPLETE Column stats: NONE
                 File Output Operator
                   compressed: false
-                  Statistics: Num rows: 2 Data size: 6 Basic stats: COMPLETE Column stats: NONE
+                  Statistics: Num rows: 1 Data size: 3 Basic stats: COMPLETE Column stats: NONE
                   table:
                       input format: org.apache.hadoop.mapred.TextInputFormat
                       output format: org.apache.hadoop.hive.ql.io.HiveIgnoreKeyTextOutputFormat
@@ -384,21 +384,21 @@ STAGE PLANS:
                 keys: KEY._col0 (type: string)
                 mode: mergepartial
                 outputColumnNames: _col0, _col1, _col2
-                Statistics: Num rows: 2 Data size: 6 Basic stats: COMPLETE Column stats: NONE
+                Statistics: Num rows: 1 Data size: 3 Basic stats: COMPLETE Column stats: NONE
                 Reduce Output Operator
                   key expressions: _col0 (type: string)
                   sort order: +
-                  Statistics: Num rows: 2 Data size: 6 Basic stats: COMPLETE Column stats: NONE
+                  Statistics: Num rows: 1 Data size: 3 Basic stats: COMPLETE Column stats: NONE
                   value expressions: _col1 (type: bigint), _col2 (type: decimal(20,0))
         Reducer 3 
             Reduce Operator Tree:
               Select Operator
                 expressions: KEY.reducesinkkey0 (type: string), VALUE._col0 (type: bigint), VALUE._col1 (type: decimal(20,0))
                 outputColumnNames: _col0, _col1, _col2
-                Statistics: Num rows: 2 Data size: 6 Basic stats: COMPLETE Column stats: NONE
+                Statistics: Num rows: 1 Data size: 3 Basic stats: COMPLETE Column stats: NONE
                 File Output Operator
                   compressed: false
-                  Statistics: Num rows: 2 Data size: 6 Basic stats: COMPLETE Column stats: NONE
+                  Statistics: Num rows: 1 Data size: 3 Basic stats: COMPLETE Column stats: NONE
                   table:
                       input format: org.apache.hadoop.mapred.TextInputFormat
                       output format: org.apache.hadoop.hive.ql.io.HiveIgnoreKeyTextOutputFormat
@@ -751,21 +751,21 @@ STAGE PLANS:
                 keys: KEY._col0 (type: string)
                 mode: mergepartial
                 outputColumnNames: _col0, _col1, _col2
-                Statistics: Num rows: 2 Data size: 6 Basic stats: COMPLETE Column stats: NONE
+                Statistics: Num rows: 1 Data size: 3 Basic stats: COMPLETE Column stats: NONE
                 Reduce Output Operator
                   key expressions: _col0 (type: string)
                   sort order: +
-                  Statistics: Num rows: 2 Data size: 6 Basic stats: COMPLETE Column stats: NONE
+                  Statistics: Num rows: 1 Data size: 3 Basic stats: COMPLETE Column stats: NONE
                   value expressions: _col1 (type: bigint), _col2 (type: decimal(20,0))
         Reducer 3 
             Reduce Operator Tree:
               Select Operator
                 expressions: KEY.reducesinkkey0 (type: string), VALUE._col0 (type: bigint), VALUE._col1 (type: decimal(20,0))
                 outputColumnNames: _col0, _col1, _col2
-                Statistics: Num rows: 2 Data size: 6 Basic stats: COMPLETE Column stats: NONE
+                Statistics: Num rows: 1 Data size: 3 Basic stats: COMPLETE Column stats: NONE
                 File Output Operator
                   compressed: false
-                  Statistics: Num rows: 2 Data size: 6 Basic stats: COMPLETE Column stats: NONE
+                  Statistics: Num rows: 1 Data size: 3 Basic stats: COMPLETE Column stats: NONE
                   table:
                       input format: org.apache.hadoop.mapred.TextInputFormat
                       output format: org.apache.hadoop.hive.ql.io.HiveIgnoreKeyTextOutputFormat
diff --git a/ql/src/test/results/clientpositive/tez/dynpart_sort_opt_vectorization.q.out b/ql/src/test/results/clientpositive/tez/dynpart_sort_opt_vectorization.q.out
index 909a20135e..8a03cd5c9e 100644
--- a/ql/src/test/results/clientpositive/tez/dynpart_sort_opt_vectorization.q.out
+++ b/ql/src/test/results/clientpositive/tez/dynpart_sort_opt_vectorization.q.out
@@ -1687,21 +1687,21 @@ STAGE PLANS:
                 keys: KEY._col0 (type: smallint), KEY._col1 (type: int), KEY._col2 (type: bigint), KEY._col3 (type: float), KEY._col4 (type: tinyint)
                 mode: mergepartial
                 outputColumnNames: _col0, _col1, _col2, _col3, _col4
-                Statistics: Num rows: 1048 Data size: 310873 Basic stats: COMPLETE Column stats: NONE
+                Statistics: Num rows: 524 Data size: 155436 Basic stats: COMPLETE Column stats: NONE
                 Reduce Output Operator
                   key expressions: _col4 (type: tinyint)
                   sort order: +
                   Map-reduce partition columns: _col4 (type: tinyint)
-                  Statistics: Num rows: 1048 Data size: 310873 Basic stats: COMPLETE Column stats: NONE
+                  Statistics: Num rows: 524 Data size: 155436 Basic stats: COMPLETE Column stats: NONE
                   value expressions: _col0 (type: smallint), _col1 (type: int), _col2 (type: bigint), _col3 (type: float), _col4 (type: tinyint)
             Execution mode: vectorized
         Reducer 3 
             Reduce Operator Tree:
               Extract
-                Statistics: Num rows: 1048 Data size: 310873 Basic stats: COMPLETE Column stats: NONE
+                Statistics: Num rows: 524 Data size: 155436 Basic stats: COMPLETE Column stats: NONE
                 File Output Operator
                   compressed: false
-                  Statistics: Num rows: 1048 Data size: 310873 Basic stats: COMPLETE Column stats: NONE
+                  Statistics: Num rows: 524 Data size: 155436 Basic stats: COMPLETE Column stats: NONE
                   table:
                       input format: org.apache.hadoop.mapred.TextInputFormat
                       output format: org.apache.hadoop.hive.ql.io.HiveIgnoreKeyTextOutputFormat
diff --git a/ql/src/test/results/clientpositive/tez/dynpart_sort_optimization.q.out b/ql/src/test/results/clientpositive/tez/dynpart_sort_optimization.q.out
index ab0cd53e95..edd14ac878 100644
--- a/ql/src/test/results/clientpositive/tez/dynpart_sort_optimization.q.out
+++ b/ql/src/test/results/clientpositive/tez/dynpart_sort_optimization.q.out
@@ -1589,20 +1589,20 @@ STAGE PLANS:
                 keys: KEY._col0 (type: smallint), KEY._col1 (type: int), KEY._col2 (type: bigint), KEY._col3 (type: float), KEY._col4 (type: tinyint)
                 mode: mergepartial
                 outputColumnNames: _col0, _col1, _col2, _col3, _col4
-                Statistics: Num rows: 4442 Data size: 106611 Basic stats: COMPLETE Column stats: NONE
+                Statistics: Num rows: 2221 Data size: 53305 Basic stats: COMPLETE Column stats: NONE
                 Reduce Output Operator
                   key expressions: _col4 (type: tinyint)
                   sort order: +
                   Map-reduce partition columns: _col4 (type: tinyint)
-                  Statistics: Num rows: 4442 Data size: 106611 Basic stats: COMPLETE Column stats: NONE
+                  Statistics: Num rows: 2221 Data size: 53305 Basic stats: COMPLETE Column stats: NONE
                   value expressions: _col0 (type: smallint), _col1 (type: int), _col2 (type: bigint), _col3 (type: float), _col4 (type: tinyint)
         Reducer 3 
             Reduce Operator Tree:
               Extract
-                Statistics: Num rows: 4442 Data size: 106611 Basic stats: COMPLETE Column stats: NONE
+                Statistics: Num rows: 2221 Data size: 53305 Basic stats: COMPLETE Column stats: NONE
                 File Output Operator
                   compressed: false
-                  Statistics: Num rows: 4442 Data size: 106611 Basic stats: COMPLETE Column stats: NONE
+                  Statistics: Num rows: 2221 Data size: 53305 Basic stats: COMPLETE Column stats: NONE
                   table:
                       input format: org.apache.hadoop.mapred.TextInputFormat
                       output format: org.apache.hadoop.hive.ql.io.HiveIgnoreKeyTextOutputFormat
diff --git a/ql/src/test/results/clientpositive/tez/limit_pushdown.q.out b/ql/src/test/results/clientpositive/tez/limit_pushdown.q.out
index df18610c4b..2324800e80 100644
--- a/ql/src/test/results/clientpositive/tez/limit_pushdown.q.out
+++ b/ql/src/test/results/clientpositive/tez/limit_pushdown.q.out
@@ -727,11 +727,11 @@ STAGE PLANS:
                 keys: KEY._col0 (type: string)
                 mode: mergepartial
                 outputColumnNames: _col0, _col1
-                Statistics: Num rows: 500 Data size: 5312 Basic stats: COMPLETE Column stats: NONE
+                Statistics: Num rows: 250 Data size: 2656 Basic stats: COMPLETE Column stats: NONE
                 Reduce Output Operator
                   key expressions: _col1 (type: double)
                   sort order: +
-                  Statistics: Num rows: 500 Data size: 5312 Basic stats: COMPLETE Column stats: NONE
+                  Statistics: Num rows: 250 Data size: 2656 Basic stats: COMPLETE Column stats: NONE
                   TopN Hash Memory Usage: 0.3
                   value expressions: _col0 (type: string)
         Reducer 3 
@@ -739,7 +739,7 @@ STAGE PLANS:
               Select Operator
                 expressions: VALUE._col0 (type: string), KEY.reducesinkkey0 (type: double)
                 outputColumnNames: _col0, _col1
-                Statistics: Num rows: 500 Data size: 5312 Basic stats: COMPLETE Column stats: NONE
+                Statistics: Num rows: 250 Data size: 2656 Basic stats: COMPLETE Column stats: NONE
                 Limit
                   Number of rows: 20
                   Statistics: Num rows: 20 Data size: 200 Basic stats: COMPLETE Column stats: NONE
diff --git a/ql/src/test/results/clientpositive/tez/mrr.q.out b/ql/src/test/results/clientpositive/tez/mrr.q.out
index 41c77607bb..93b7e81c26 100644
--- a/ql/src/test/results/clientpositive/tez/mrr.q.out
+++ b/ql/src/test/results/clientpositive/tez/mrr.q.out
@@ -44,21 +44,21 @@ STAGE PLANS:
                 keys: KEY._col0 (type: string)
                 mode: mergepartial
                 outputColumnNames: _col0, _col1
-                Statistics: Num rows: 500 Data size: 5312 Basic stats: COMPLETE Column stats: NONE
+                Statistics: Num rows: 250 Data size: 2656 Basic stats: COMPLETE Column stats: NONE
                 Reduce Output Operator
                   key expressions: _col1 (type: bigint)
                   sort order: +
-                  Statistics: Num rows: 500 Data size: 5312 Basic stats: COMPLETE Column stats: NONE
+                  Statistics: Num rows: 250 Data size: 2656 Basic stats: COMPLETE Column stats: NONE
                   value expressions: _col0 (type: string)
         Reducer 3 
             Reduce Operator Tree:
               Select Operator
                 expressions: VALUE._col0 (type: string), KEY.reducesinkkey0 (type: bigint)
                 outputColumnNames: _col0, _col1
-                Statistics: Num rows: 500 Data size: 5312 Basic stats: COMPLETE Column stats: NONE
+                Statistics: Num rows: 250 Data size: 2656 Basic stats: COMPLETE Column stats: NONE
                 File Output Operator
                   compressed: false
-                  Statistics: Num rows: 500 Data size: 5312 Basic stats: COMPLETE Column stats: NONE
+                  Statistics: Num rows: 250 Data size: 2656 Basic stats: COMPLETE Column stats: NONE
                   table:
                       input format: org.apache.hadoop.mapred.TextInputFormat
                       output format: org.apache.hadoop.hive.ql.io.HiveIgnoreKeyTextOutputFormat
@@ -461,21 +461,21 @@ STAGE PLANS:
                 keys: KEY._col0 (type: string)
                 mode: mergepartial
                 outputColumnNames: _col0, _col1
-                Statistics: Num rows: 275 Data size: 2921 Basic stats: COMPLETE Column stats: NONE
+                Statistics: Num rows: 137 Data size: 1455 Basic stats: COMPLETE Column stats: NONE
                 Reduce Output Operator
                   key expressions: _col1 (type: bigint)
                   sort order: +
-                  Statistics: Num rows: 275 Data size: 2921 Basic stats: COMPLETE Column stats: NONE
+                  Statistics: Num rows: 137 Data size: 1455 Basic stats: COMPLETE Column stats: NONE
                   value expressions: _col0 (type: string)
         Reducer 4 
             Reduce Operator Tree:
               Select Operator
                 expressions: VALUE._col0 (type: string), KEY.reducesinkkey0 (type: bigint)
                 outputColumnNames: _col0, _col1
-                Statistics: Num rows: 275 Data size: 2921 Basic stats: COMPLETE Column stats: NONE
+                Statistics: Num rows: 137 Data size: 1455 Basic stats: COMPLETE Column stats: NONE
                 File Output Operator
                   compressed: false
-                  Statistics: Num rows: 275 Data size: 2921 Basic stats: COMPLETE Column stats: NONE
+                  Statistics: Num rows: 137 Data size: 1455 Basic stats: COMPLETE Column stats: NONE
                   table:
                       input format: org.apache.hadoop.mapred.TextInputFormat
                       output format: org.apache.hadoop.hive.ql.io.HiveIgnoreKeyTextOutputFormat
@@ -876,21 +876,21 @@ STAGE PLANS:
                 keys: KEY._col0 (type: string)
                 mode: mergepartial
                 outputColumnNames: _col0, _col1
-                Statistics: Num rows: 275 Data size: 2921 Basic stats: COMPLETE Column stats: NONE
+                Statistics: Num rows: 137 Data size: 1455 Basic stats: COMPLETE Column stats: NONE
                 Reduce Output Operator
                   key expressions: _col1 (type: bigint)
                   sort order: +
-                  Statistics: Num rows: 275 Data size: 2921 Basic stats: COMPLETE Column stats: NONE
+                  Statistics: Num rows: 137 Data size: 1455 Basic stats: COMPLETE Column stats: NONE
                   value expressions: _col0 (type: string)
         Reducer 3 
             Reduce Operator Tree:
               Select Operator
                 expressions: VALUE._col0 (type: string), KEY.reducesinkkey0 (type: bigint)
                 outputColumnNames: _col0, _col1
-                Statistics: Num rows: 275 Data size: 2921 Basic stats: COMPLETE Column stats: NONE
+                Statistics: Num rows: 137 Data size: 1455 Basic stats: COMPLETE Column stats: NONE
                 File Output Operator
                   compressed: false
-                  Statistics: Num rows: 275 Data size: 2921 Basic stats: COMPLETE Column stats: NONE
+                  Statistics: Num rows: 137 Data size: 1455 Basic stats: COMPLETE Column stats: NONE
                   table:
                       input format: org.apache.hadoop.mapred.TextInputFormat
                       output format: org.apache.hadoop.hive.ql.io.HiveIgnoreKeyTextOutputFormat
@@ -1338,23 +1338,23 @@ STAGE PLANS:
                 keys: KEY._col0 (type: string)
                 mode: mergepartial
                 outputColumnNames: _col0, _col1
-                Statistics: Num rows: 250 Data size: 2656 Basic stats: COMPLETE Column stats: NONE
+                Statistics: Num rows: 125 Data size: 1328 Basic stats: COMPLETE Column stats: NONE
                 Reduce Output Operator
                   key expressions: _col1 (type: bigint)
                   sort order: +
-                  Statistics: Num rows: 250 Data size: 2656 Basic stats: COMPLETE Column stats: NONE
+                  Statistics: Num rows: 125 Data size: 1328 Basic stats: COMPLETE Column stats: NONE
                   value expressions: _col0 (type: string)
         Reducer 11 
             Reduce Operator Tree:
               Select Operator
                 expressions: VALUE._col0 (type: string), KEY.reducesinkkey0 (type: bigint)
                 outputColumnNames: _col0, _col1
-                Statistics: Num rows: 250 Data size: 2656 Basic stats: COMPLETE Column stats: NONE
+                Statistics: Num rows: 125 Data size: 1328 Basic stats: COMPLETE Column stats: NONE
                 Reduce Output Operator
                   key expressions: _col0 (type: string)
                   sort order: +
                   Map-reduce partition columns: _col0 (type: string)
-                  Statistics: Num rows: 250 Data size: 2656 Basic stats: COMPLETE Column stats: NONE
+                  Statistics: Num rows: 125 Data size: 1328 Basic stats: COMPLETE Column stats: NONE
                   value expressions: _col1 (type: bigint)
         Reducer 2 
             Reduce Operator Tree:
@@ -1395,21 +1395,21 @@ STAGE PLANS:
                   1 {KEY.reducesinkkey0} {VALUE._col0}
                   2 {KEY.reducesinkkey0} {VALUE._col0}
                 outputColumnNames: _col0, _col1, _col2, _col3, _col4, _col5
-                Statistics: Num rows: 550 Data size: 5843 Basic stats: COMPLETE Column stats: NONE
+                Statistics: Num rows: 275 Data size: 2921 Basic stats: COMPLETE Column stats: NONE
                 Reduce Output Operator
                   key expressions: _col0 (type: string)
                   sort order: +
-                  Statistics: Num rows: 550 Data size: 5843 Basic stats: COMPLETE Column stats: NONE
+                  Statistics: Num rows: 275 Data size: 2921 Basic stats: COMPLETE Column stats: NONE
                   value expressions: _col1 (type: bigint), _col2 (type: string), _col3 (type: bigint), _col4 (type: string), _col5 (type: bigint)
         Reducer 5 
             Reduce Operator Tree:
               Select Operator
                 expressions: KEY.reducesinkkey0 (type: string), VALUE._col0 (type: bigint), VALUE._col1 (type: string), VALUE._col2 (type: bigint), VALUE._col3 (type: string), VALUE._col4 (type: bigint)
                 outputColumnNames: _col0, _col1, _col2, _col3, _col4, _col5
-                Statistics: Num rows: 550 Data size: 5843 Basic stats: COMPLETE Column stats: NONE
+                Statistics: Num rows: 275 Data size: 2921 Basic stats: COMPLETE Column stats: NONE
                 File Output Operator
                   compressed: false
-                  Statistics: Num rows: 550 Data size: 5843 Basic stats: COMPLETE Column stats: NONE
+                  Statistics: Num rows: 275 Data size: 2921 Basic stats: COMPLETE Column stats: NONE
                   table:
                       input format: org.apache.hadoop.mapred.TextInputFormat
                       output format: org.apache.hadoop.hive.ql.io.HiveIgnoreKeyTextOutputFormat
@@ -1421,23 +1421,23 @@ STAGE PLANS:
                 keys: KEY._col0 (type: string)
                 mode: mergepartial
                 outputColumnNames: _col0, _col1
-                Statistics: Num rows: 250 Data size: 2656 Basic stats: COMPLETE Column stats: NONE
+                Statistics: Num rows: 125 Data size: 1328 Basic stats: COMPLETE Column stats: NONE
                 Reduce Output Operator
                   key expressions: _col1 (type: bigint)
                   sort order: +
-                  Statistics: Num rows: 250 Data size: 2656 Basic stats: COMPLETE Column stats: NONE
+                  Statistics: Num rows: 125 Data size: 1328 Basic stats: COMPLETE Column stats: NONE
                   value expressions: _col0 (type: string)
         Reducer 8 
             Reduce Operator Tree:
               Select Operator
                 expressions: VALUE._col0 (type: string), KEY.reducesinkkey0 (type: bigint)
                 outputColumnNames: _col0, _col1
-                Statistics: Num rows: 250 Data size: 2656 Basic stats: COMPLETE Column stats: NONE
+                Statistics: Num rows: 125 Data size: 1328 Basic stats: COMPLETE Column stats: NONE
                 Reduce Output Operator
                   key expressions: _col0 (type: string)
                   sort order: +
                   Map-reduce partition columns: _col0 (type: string)
-                  Statistics: Num rows: 250 Data size: 2656 Basic stats: COMPLETE Column stats: NONE
+                  Statistics: Num rows: 125 Data size: 1328 Basic stats: COMPLETE Column stats: NONE
                   value expressions: _col1 (type: bigint)
 
   Stage: Stage-0
@@ -1638,7 +1638,8 @@ STAGE PLANS:
   Stage: Stage-1
     Tez
       Edges:
-        Reducer 2 <- Map 1 (SIMPLE_EDGE), Map 3 (BROADCAST_EDGE)
+        Map 3 <- Reducer 2 (BROADCAST_EDGE)
+        Reducer 2 <- Map 1 (SIMPLE_EDGE)
 #### A masked pattern was here ####
       Vertices:
         Map 1 
@@ -1669,12 +1670,30 @@ STAGE PLANS:
                   Filter Operator
                     predicate: key is not null (type: boolean)
                     Statistics: Num rows: 250 Data size: 2656 Basic stats: COMPLETE Column stats: NONE
-                    Reduce Output Operator
-                      key expressions: key (type: string)
-                      sort order: +
-                      Map-reduce partition columns: key (type: string)
-                      Statistics: Num rows: 250 Data size: 2656 Basic stats: COMPLETE Column stats: NONE
-                      value expressions: value (type: string)
+                    Map Join Operator
+                      condition map:
+                           Inner Join 0 to 1
+                      condition expressions:
+                        0 {_col0} {_col1}
+                        1 {key} {value}
+                      keys:
+                        0 _col0 (type: string)
+                        1 key (type: string)
+                      outputColumnNames: _col0, _col1, _col2, _col3
+                      input vertices:
+                        0 Reducer 2
+                      Statistics: Num rows: 275 Data size: 2921 Basic stats: COMPLETE Column stats: NONE
+                      Select Operator
+                        expressions: _col0 (type: string), _col1 (type: bigint), _col2 (type: string), _col3 (type: string)
+                        outputColumnNames: _col0, _col1, _col2, _col3
+                        Statistics: Num rows: 275 Data size: 2921 Basic stats: COMPLETE Column stats: NONE
+                        File Output Operator
+                          compressed: false
+                          Statistics: Num rows: 275 Data size: 2921 Basic stats: COMPLETE Column stats: NONE
+                          table:
+                              input format: org.apache.hadoop.mapred.TextInputFormat
+                              output format: org.apache.hadoop.hive.ql.io.HiveIgnoreKeyTextOutputFormat
+                              serde: org.apache.hadoop.hive.serde2.lazy.LazySimpleSerDe
         Reducer 2 
             Reduce Operator Tree:
               Group By Operator
@@ -1682,31 +1701,13 @@ STAGE PLANS:
                 keys: KEY._col0 (type: string)
                 mode: mergepartial
                 outputColumnNames: _col0, _col1
-                Statistics: Num rows: 250 Data size: 2656 Basic stats: COMPLETE Column stats: NONE
-                Map Join Operator
-                  condition map:
-                       Inner Join 0 to 1
-                  condition expressions:
-                    0 {_col0} {_col1}
-                    1 {key} {value}
-                  keys:
-                    0 _col0 (type: string)
-                    1 key (type: string)
-                  outputColumnNames: _col0, _col1, _col2, _col3
-                  input vertices:
-                    1 Map 3
-                  Statistics: Num rows: 275 Data size: 2921 Basic stats: COMPLETE Column stats: NONE
-                  Select Operator
-                    expressions: _col0 (type: string), _col1 (type: bigint), _col2 (type: string), _col3 (type: string)
-                    outputColumnNames: _col0, _col1, _col2, _col3
-                    Statistics: Num rows: 275 Data size: 2921 Basic stats: COMPLETE Column stats: NONE
-                    File Output Operator
-                      compressed: false
-                      Statistics: Num rows: 275 Data size: 2921 Basic stats: COMPLETE Column stats: NONE
-                      table:
-                          input format: org.apache.hadoop.mapred.TextInputFormat
-                          output format: org.apache.hadoop.hive.ql.io.HiveIgnoreKeyTextOutputFormat
-                          serde: org.apache.hadoop.hive.serde2.lazy.LazySimpleSerDe
+                Statistics: Num rows: 125 Data size: 1328 Basic stats: COMPLETE Column stats: NONE
+                Reduce Output Operator
+                  key expressions: _col0 (type: string)
+                  sort order: +
+                  Map-reduce partition columns: _col0 (type: string)
+                  Statistics: Num rows: 125 Data size: 1328 Basic stats: COMPLETE Column stats: NONE
+                  value expressions: _col1 (type: bigint)
 
   Stage: Stage-0
     Fetch Operator
@@ -1728,503 +1729,503 @@ FROM
 POSTHOOK: type: QUERY
 POSTHOOK: Input: default@src
 #### A masked pattern was here ####
-0	3	0	val_0
-0	3	0	val_0
-0	3	0	val_0
-10	1	10	val_10
-100	2	100	val_100
-100	2	100	val_100
-103	2	103	val_103
-103	2	103	val_103
-104	2	104	val_104
-104	2	104	val_104
-105	1	105	val_105
-11	1	11	val_11
-111	1	111	val_111
-113	2	113	val_113
-113	2	113	val_113
-114	1	114	val_114
-116	1	116	val_116
-118	2	118	val_118
-118	2	118	val_118
-119	3	119	val_119
-119	3	119	val_119
-119	3	119	val_119
-12	2	12	val_12
-12	2	12	val_12
-120	2	120	val_120
-120	2	120	val_120
-125	2	125	val_125
-125	2	125	val_125
-126	1	126	val_126
-128	3	128	val_128
-128	3	128	val_128
+238	2	238	val_238
+86	1	86	val_86
+311	3	311	val_311
+27	1	27	val_27
+165	2	165	val_165
+409	3	409	val_409
+255	2	255	val_255
+278	2	278	val_278
+98	2	98	val_98
+484	1	484	val_484
+265	2	265	val_265
+193	3	193	val_193
+401	5	401	val_401
+150	1	150	val_150
+273	3	273	val_273
+224	2	224	val_224
+369	3	369	val_369
+66	1	66	val_66
 128	3	128	val_128
-129	2	129	val_129
-129	2	129	val_129
-131	1	131	val_131
-133	1	133	val_133
-134	2	134	val_134
-134	2	134	val_134
-136	1	136	val_136
-137	2	137	val_137
-137	2	137	val_137
-138	4	138	val_138
-138	4	138	val_138
-138	4	138	val_138
-138	4	138	val_138
-143	1	143	val_143
-145	1	145	val_145
-146	2	146	val_146
+213	2	213	val_213
 146	2	146	val_146
-149	2	149	val_149
-149	2	149	val_149
-15	2	15	val_15
-15	2	15	val_15
-150	1	150	val_150
-152	2	152	val_152
+406	4	406	val_406
+429	2	429	val_429
+374	1	374	val_374
 152	2	152	val_152
+469	5	469	val_469
+145	1	145	val_145
+495	1	495	val_495
+37	2	37	val_37
+327	3	327	val_327
+281	2	281	val_281
+277	4	277	val_277
+209	2	209	val_209
+15	2	15	val_15
+82	1	82	val_82
+403	3	403	val_403
+166	1	166	val_166
+417	3	417	val_417
+430	3	430	val_430
+252	1	252	val_252
+292	1	292	val_292
+219	2	219	val_219
+287	1	287	val_287
 153	1	153	val_153
-155	1	155	val_155
-156	1	156	val_156
-157	1	157	val_157
-158	1	158	val_158
-160	1	160	val_160
+193	3	193	val_193
+338	1	338	val_338
+446	1	446	val_446
+459	2	459	val_459
+394	1	394	val_394
+237	2	237	val_237
+482	1	482	val_482
+174	2	174	val_174
+413	2	413	val_413
+494	1	494	val_494
+207	2	207	val_207
+199	3	199	val_199
+466	3	466	val_466
+208	3	208	val_208
+174	2	174	val_174
+399	2	399	val_399
+396	3	396	val_396
+247	1	247	val_247
+417	3	417	val_417
+489	4	489	val_489
 162	1	162	val_162
-163	1	163	val_163
-164	2	164	val_164
-164	2	164	val_164
-165	2	165	val_165
-165	2	165	val_165
-166	1	166	val_166
-167	3	167	val_167
-167	3	167	val_167
+377	1	377	val_377
+397	2	397	val_397
+309	2	309	val_309
+365	1	365	val_365
+266	1	266	val_266
+439	2	439	val_439
+342	2	342	val_342
+367	2	367	val_367
+325	2	325	val_325
 167	3	167	val_167
-168	1	168	val_168
-169	4	169	val_169
-169	4	169	val_169
-169	4	169	val_169
-169	4	169	val_169
+195	2	195	val_195
+475	1	475	val_475
 17	1	17	val_17
+113	2	113	val_113
+155	1	155	val_155
+203	2	203	val_203
+339	1	339	val_339
+0	3	0	val_0
+455	1	455	val_455
+128	3	128	val_128
+311	3	311	val_311
+316	3	316	val_316
+57	1	57	val_57
+302	1	302	val_302
+205	2	205	val_205
+149	2	149	val_149
+438	3	438	val_438
+345	1	345	val_345
+129	2	129	val_129
 170	1	170	val_170
-172	2	172	val_172
-172	2	172	val_172
-174	2	174	val_174
-174	2	174	val_174
-175	2	175	val_175
-175	2	175	val_175
-176	2	176	val_176
+20	1	20	val_20
+489	4	489	val_489
+157	1	157	val_157
+378	1	378	val_378
+221	2	221	val_221
+92	1	92	val_92
+111	1	111	val_111
+47	1	47	val_47
+72	2	72	val_72
+4	1	4	val_4
+280	2	280	val_280
+35	3	35	val_35
+427	1	427	val_427
+277	4	277	val_277
+208	3	208	val_208
+356	1	356	val_356
+399	2	399	val_399
+169	4	169	val_169
+382	2	382	val_382
+498	3	498	val_498
+125	2	125	val_125
+386	1	386	val_386
+437	1	437	val_437
+469	5	469	val_469
+192	1	192	val_192
+286	1	286	val_286
+187	3	187	val_187
 176	2	176	val_176
-177	1	177	val_177
-178	1	178	val_178
-179	2	179	val_179
-179	2	179	val_179
-18	2	18	val_18
-18	2	18	val_18
-180	1	180	val_180
-181	1	181	val_181
-183	1	183	val_183
-186	1	186	val_186
-187	3	187	val_187
-187	3	187	val_187
-187	3	187	val_187
-189	1	189	val_189
-19	1	19	val_19
-190	1	190	val_190
-191	2	191	val_191
-191	2	191	val_191
-192	1	192	val_192
-193	3	193	val_193
-193	3	193	val_193
-193	3	193	val_193
-194	1	194	val_194
-195	2	195	val_195
-195	2	195	val_195
-196	1	196	val_196
-197	2	197	val_197
-197	2	197	val_197
-199	3	199	val_199
-199	3	199	val_199
-199	3	199	val_199
-2	1	2	val_2
-20	1	20	val_20
-200	2	200	val_200
-200	2	200	val_200
-201	1	201	val_201
-202	1	202	val_202
-203	2	203	val_203
-203	2	203	val_203
-205	2	205	val_205
-205	2	205	val_205
-207	2	207	val_207
-207	2	207	val_207
-208	3	208	val_208
-208	3	208	val_208
-208	3	208	val_208
-209	2	209	val_209
-209	2	209	val_209
-213	2	213	val_213
+54	1	54	val_54
+459	2	459	val_459
+51	2	51	val_51
+138	4	138	val_138
+103	2	103	val_103
+239	2	239	val_239
 213	2	213	val_213
-214	1	214	val_214
-216	2	216	val_216
 216	2	216	val_216
-217	2	217	val_217
-217	2	217	val_217
-218	1	218	val_218
-219	2	219	val_219
-219	2	219	val_219
-221	2	221	val_221
+430	3	430	val_430
+278	2	278	val_278
+176	2	176	val_176
+289	1	289	val_289
 221	2	221	val_221
-222	1	222	val_222
-223	2	223	val_223
-223	2	223	val_223
-224	2	224	val_224
-224	2	224	val_224
-226	1	226	val_226
-228	1	228	val_228
-229	2	229	val_229
-229	2	229	val_229
-230	5	230	val_230
-230	5	230	val_230
-230	5	230	val_230
+65	1	65	val_65
+318	3	318	val_318
+332	1	332	val_332
+311	3	311	val_311
+275	1	275	val_275
+137	2	137	val_137
+241	1	241	val_241
+83	2	83	val_83
+333	2	333	val_333
+180	1	180	val_180
+284	1	284	val_284
+12	2	12	val_12
 230	5	230	val_230
+181	1	181	val_181
+67	2	67	val_67
+260	1	260	val_260
+404	2	404	val_404
+384	3	384	val_384
+489	4	489	val_489
+353	2	353	val_353
+373	1	373	val_373
+272	2	272	val_272
+138	4	138	val_138
+217	2	217	val_217
+84	2	84	val_84
+348	5	348	val_348
+466	3	466	val_466
+58	2	58	val_58
+8	1	8	val_8
+411	1	411	val_411
 230	5	230	val_230
-233	2	233	val_233
-233	2	233	val_233
-235	1	235	val_235
-237	2	237	val_237
-237	2	237	val_237
-238	2	238	val_238
-238	2	238	val_238
-239	2	239	val_239
-239	2	239	val_239
-24	2	24	val_24
+208	3	208	val_208
+348	5	348	val_348
 24	2	24	val_24
-241	1	241	val_241
-242	2	242	val_242
-242	2	242	val_242
-244	1	244	val_244
-247	1	247	val_247
-248	1	248	val_248
-249	1	249	val_249
-252	1	252	val_252
-255	2	255	val_255
-255	2	255	val_255
-256	2	256	val_256
-256	2	256	val_256
-257	1	257	val_257
-258	1	258	val_258
-26	2	26	val_26
+463	2	463	val_463
+431	3	431	val_431
+179	2	179	val_179
+172	2	172	val_172
+42	2	42	val_42
+129	2	129	val_129
+158	1	158	val_158
+119	3	119	val_119
+496	1	496	val_496
+0	3	0	val_0
+322	2	322	val_322
+197	2	197	val_197
+468	4	468	val_468
+393	1	393	val_393
+454	3	454	val_454
+100	2	100	val_100
+298	3	298	val_298
+199	3	199	val_199
+191	2	191	val_191
+418	1	418	val_418
+96	1	96	val_96
 26	2	26	val_26
-260	1	260	val_260
-262	1	262	val_262
-263	1	263	val_263
-265	2	265	val_265
-265	2	265	val_265
-266	1	266	val_266
-27	1	27	val_27
-272	2	272	val_272
-272	2	272	val_272
-273	3	273	val_273
-273	3	273	val_273
-273	3	273	val_273
-274	1	274	val_274
-275	1	275	val_275
-277	4	277	val_277
-277	4	277	val_277
-277	4	277	val_277
-277	4	277	val_277
-278	2	278	val_278
-278	2	278	val_278
-28	1	28	val_28
-280	2	280	val_280
-280	2	280	val_280
-281	2	281	val_281
-281	2	281	val_281
+165	2	165	val_165
+327	3	327	val_327
+230	5	230	val_230
+205	2	205	val_205
+120	2	120	val_120
+131	1	131	val_131
+51	2	51	val_51
+404	2	404	val_404
+43	1	43	val_43
+436	1	436	val_436
+156	1	156	val_156
+469	5	469	val_469
+468	4	468	val_468
+308	1	308	val_308
+95	2	95	val_95
+196	1	196	val_196
+288	2	288	val_288
+481	1	481	val_481
+457	1	457	val_457
+98	2	98	val_98
 282	2	282	val_282
+197	2	197	val_197
+187	3	187	val_187
+318	3	318	val_318
+318	3	318	val_318
+409	3	409	val_409
+470	1	470	val_470
+137	2	137	val_137
+369	3	369	val_369
+316	3	316	val_316
+169	4	169	val_169
+413	2	413	val_413
+85	1	85	val_85
+77	1	77	val_77
+0	3	0	val_0
+490	1	490	val_490
+87	1	87	val_87
+364	1	364	val_364
+179	2	179	val_179
+118	2	118	val_118
+134	2	134	val_134
+395	2	395	val_395
 282	2	282	val_282
-283	1	283	val_283
-284	1	284	val_284
-285	1	285	val_285
-286	1	286	val_286
-287	1	287	val_287
-288	2	288	val_288
-288	2	288	val_288
-289	1	289	val_289
-291	1	291	val_291
-292	1	292	val_292
-296	1	296	val_296
-298	3	298	val_298
-298	3	298	val_298
-298	3	298	val_298
-30	1	30	val_30
-302	1	302	val_302
-305	1	305	val_305
-306	1	306	val_306
-307	2	307	val_307
+138	4	138	val_138
+238	2	238	val_238
+419	1	419	val_419
+15	2	15	val_15
+118	2	118	val_118
+72	2	72	val_72
+90	3	90	val_90
 307	2	307	val_307
-308	1	308	val_308
-309	2	309	val_309
+19	1	19	val_19
+435	1	435	val_435
+10	1	10	val_10
+277	4	277	val_277
+273	3	273	val_273
+306	1	306	val_306
+224	2	224	val_224
 309	2	309	val_309
-310	1	310	val_310
-311	3	311	val_311
-311	3	311	val_311
-311	3	311	val_311
-315	1	315	val_315
-316	3	316	val_316
-316	3	316	val_316
-316	3	316	val_316
-317	2	317	val_317
-317	2	317	val_317
-318	3	318	val_318
-318	3	318	val_318
-318	3	318	val_318
-321	2	321	val_321
-321	2	321	val_321
-322	2	322	val_322
-322	2	322	val_322
-323	1	323	val_323
-325	2	325	val_325
-325	2	325	val_325
-327	3	327	val_327
-327	3	327	val_327
+389	1	389	val_389
 327	3	327	val_327
-33	1	33	val_33
-331	2	331	val_331
+242	2	242	val_242
+369	3	369	val_369
+392	1	392	val_392
+272	2	272	val_272
 331	2	331	val_331
-332	1	332	val_332
-333	2	333	val_333
-333	2	333	val_333
-335	1	335	val_335
+401	5	401	val_401
+242	2	242	val_242
+452	1	452	val_452
+177	1	177	val_177
+226	1	226	val_226
+5	3	5	val_5
+497	1	497	val_497
+402	1	402	val_402
+396	3	396	val_396
+317	2	317	val_317
+395	2	395	val_395
+58	2	58	val_58
+35	3	35	val_35
 336	1	336	val_336
-338	1	338	val_338
-339	1	339	val_339
+95	2	95	val_95
+11	1	11	val_11
+168	1	168	val_168
 34	1	34	val_34
-341	1	341	val_341
-342	2	342	val_342
+229	2	229	val_229
+233	2	233	val_233
+143	1	143	val_143
+472	1	472	val_472
+322	2	322	val_322
+498	3	498	val_498
+160	1	160	val_160
+195	2	195	val_195
+42	2	42	val_42
+321	2	321	val_321
+430	3	430	val_430
+119	3	119	val_119
+489	4	489	val_489
+458	2	458	val_458
+78	1	78	val_78
+76	2	76	val_76
+41	1	41	val_41
+223	2	223	val_223
+492	2	492	val_492
+149	2	149	val_149
+449	1	449	val_449
+218	1	218	val_218
+228	1	228	val_228
+138	4	138	val_138
+453	1	453	val_453
+30	1	30	val_30
+209	2	209	val_209
+64	1	64	val_64
+468	4	468	val_468
+76	2	76	val_76
+74	1	74	val_74
 342	2	342	val_342
-344	2	344	val_344
-344	2	344	val_344
-345	1	345	val_345
-348	5	348	val_348
-348	5	348	val_348
-348	5	348	val_348
-348	5	348	val_348
-348	5	348	val_348
-35	3	35	val_35
-35	3	35	val_35
-35	3	35	val_35
-351	1	351	val_351
-353	2	353	val_353
-353	2	353	val_353
-356	1	356	val_356
-360	1	360	val_360
-362	1	362	val_362
-364	1	364	val_364
-365	1	365	val_365
-366	1	366	val_366
-367	2	367	val_367
-367	2	367	val_367
+69	1	69	val_69
+230	5	230	val_230
+33	1	33	val_33
 368	1	368	val_368
-369	3	369	val_369
-369	3	369	val_369
-369	3	369	val_369
-37	2	37	val_37
-37	2	37	val_37
-373	1	373	val_373
-374	1	374	val_374
-375	1	375	val_375
-377	1	377	val_377
-378	1	378	val_378
-379	1	379	val_379
-382	2	382	val_382
-382	2	382	val_382
-384	3	384	val_384
-384	3	384	val_384
-384	3	384	val_384
-386	1	386	val_386
-389	1	389	val_389
-392	1	392	val_392
-393	1	393	val_393
-394	1	394	val_394
-395	2	395	val_395
-395	2	395	val_395
-396	3	396	val_396
-396	3	396	val_396
-396	3	396	val_396
-397	2	397	val_397
-397	2	397	val_397
-399	2	399	val_399
-399	2	399	val_399
-4	1	4	val_4
-400	1	400	val_400
-401	5	401	val_401
-401	5	401	val_401
-401	5	401	val_401
-401	5	401	val_401
+103	2	103	val_103
+296	1	296	val_296
+113	2	113	val_113
+216	2	216	val_216
+367	2	367	val_367
+344	2	344	val_344
+167	3	167	val_167
+274	1	274	val_274
+219	2	219	val_219
+239	2	239	val_239
+485	1	485	val_485
+116	1	116	val_116
+223	2	223	val_223
+256	2	256	val_256
+263	1	263	val_263
+70	3	70	val_70
+487	1	487	val_487
+480	3	480	val_480
 401	5	401	val_401
-402	1	402	val_402
-403	3	403	val_403
-403	3	403	val_403
-403	3	403	val_403
-404	2	404	val_404
-404	2	404	val_404
-406	4	406	val_406
-406	4	406	val_406
-406	4	406	val_406
-406	4	406	val_406
-407	1	407	val_407
-409	3	409	val_409
-409	3	409	val_409
-409	3	409	val_409
-41	1	41	val_41
-411	1	411	val_411
-413	2	413	val_413
-413	2	413	val_413
-414	2	414	val_414
-414	2	414	val_414
-417	3	417	val_417
-417	3	417	val_417
-417	3	417	val_417
-418	1	418	val_418
-419	1	419	val_419
-42	2	42	val_42
-42	2	42	val_42
-421	1	421	val_421
-424	2	424	val_424
+288	2	288	val_288
+191	2	191	val_191
+5	3	5	val_5
+244	1	244	val_244
+438	3	438	val_438
+128	3	128	val_128
+467	1	467	val_467
+432	1	432	val_432
+202	1	202	val_202
+316	3	316	val_316
+229	2	229	val_229
+469	5	469	val_469
+463	2	463	val_463
+280	2	280	val_280
+2	1	2	val_2
+35	3	35	val_35
+283	1	283	val_283
+331	2	331	val_331
+235	1	235	val_235
+80	1	80	val_80
+44	1	44	val_44
+193	3	193	val_193
+321	2	321	val_321
+335	1	335	val_335
+104	2	104	val_104
+466	3	466	val_466
+366	1	366	val_366
+175	2	175	val_175
+403	3	403	val_403
+483	1	483	val_483
+53	1	53	val_53
+105	1	105	val_105
+257	1	257	val_257
+406	4	406	val_406
+409	3	409	val_409
+190	1	190	val_190
+406	4	406	val_406
+401	5	401	val_401
+114	1	114	val_114
+258	1	258	val_258
+90	3	90	val_90
+203	2	203	val_203
+262	1	262	val_262
+348	5	348	val_348
 424	2	424	val_424
-427	1	427	val_427
-429	2	429	val_429
-429	2	429	val_429
-43	1	43	val_43
-430	3	430	val_430
-430	3	430	val_430
-430	3	430	val_430
-431	3	431	val_431
+12	2	12	val_12
+396	3	396	val_396
+201	1	201	val_201
+217	2	217	val_217
+164	2	164	val_164
 431	3	431	val_431
+454	3	454	val_454
+478	2	478	val_478
+298	3	298	val_298
+125	2	125	val_125
 431	3	431	val_431
-432	1	432	val_432
-435	1	435	val_435
-436	1	436	val_436
-437	1	437	val_437
-438	3	438	val_438
-438	3	438	val_438
+164	2	164	val_164
+424	2	424	val_424
+187	3	187	val_187
+382	2	382	val_382
+5	3	5	val_5
+70	3	70	val_70
+397	2	397	val_397
+480	3	480	val_480
+291	1	291	val_291
+24	2	24	val_24
+351	1	351	val_351
+255	2	255	val_255
+104	2	104	val_104
+70	3	70	val_70
+163	1	163	val_163
 438	3	438	val_438
+119	3	119	val_119
+414	2	414	val_414
+200	2	200	val_200
+491	1	491	val_491
+237	2	237	val_237
 439	2	439	val_439
-439	2	439	val_439
-44	1	44	val_44
-443	1	443	val_443
+360	1	360	val_360
+248	1	248	val_248
+479	1	479	val_479
+305	1	305	val_305
+417	3	417	val_417
+199	3	199	val_199
 444	1	444	val_444
-446	1	446	val_446
-448	1	448	val_448
-449	1	449	val_449
-452	1	452	val_452
-453	1	453	val_453
-454	3	454	val_454
-454	3	454	val_454
-454	3	454	val_454
-455	1	455	val_455
-457	1	457	val_457
-458	2	458	val_458
-458	2	458	val_458
-459	2	459	val_459
-459	2	459	val_459
+120	2	120	val_120
+429	2	429	val_429
+169	4	169	val_169
+443	1	443	val_443
+323	1	323	val_323
+325	2	325	val_325
+277	4	277	val_277
+230	5	230	val_230
+478	2	478	val_478
+178	1	178	val_178
+468	4	468	val_468
+310	1	310	val_310
+317	2	317	val_317
+333	2	333	val_333
+493	1	493	val_493
 460	1	460	val_460
+207	2	207	val_207
+249	1	249	val_249
+265	2	265	val_265
+480	3	480	val_480
+83	2	83	val_83
+136	1	136	val_136
+353	2	353	val_353
+172	2	172	val_172
+214	1	214	val_214
 462	2	462	val_462
+233	2	233	val_233
+406	4	406	val_406
+133	1	133	val_133
+175	2	175	val_175
+189	1	189	val_189
+454	3	454	val_454
+375	1	375	val_375
+401	5	401	val_401
+421	1	421	val_421
+407	1	407	val_407
+384	3	384	val_384
+256	2	256	val_256
+26	2	26	val_26
+134	2	134	val_134
+67	2	67	val_67
+384	3	384	val_384
+379	1	379	val_379
+18	2	18	val_18
 462	2	462	val_462
-463	2	463	val_463
-463	2	463	val_463
-466	3	466	val_466
-466	3	466	val_466
-466	3	466	val_466
-467	1	467	val_467
-468	4	468	val_468
-468	4	468	val_468
-468	4	468	val_468
-468	4	468	val_468
-469	5	469	val_469
-469	5	469	val_469
-469	5	469	val_469
-469	5	469	val_469
-469	5	469	val_469
-47	1	47	val_47
-470	1	470	val_470
-472	1	472	val_472
-475	1	475	val_475
-477	1	477	val_477
-478	2	478	val_478
-478	2	478	val_478
-479	1	479	val_479
-480	3	480	val_480
-480	3	480	val_480
-480	3	480	val_480
-481	1	481	val_481
-482	1	482	val_482
-483	1	483	val_483
-484	1	484	val_484
-485	1	485	val_485
-487	1	487	val_487
-489	4	489	val_489
-489	4	489	val_489
-489	4	489	val_489
-489	4	489	val_489
-490	1	490	val_490
-491	1	491	val_491
-492	2	492	val_492
 492	2	492	val_492
-493	1	493	val_493
-494	1	494	val_494
-495	1	495	val_495
-496	1	496	val_496
-497	1	497	val_497
-498	3	498	val_498
-498	3	498	val_498
+100	2	100	val_100
+298	3	298	val_298
+9	1	9	val_9
+341	1	341	val_341
 498	3	498	val_498
-5	3	5	val_5
-5	3	5	val_5
-5	3	5	val_5
-51	2	51	val_51
-51	2	51	val_51
-53	1	53	val_53
-54	1	54	val_54
-57	1	57	val_57
-58	2	58	val_58
-58	2	58	val_58
-64	1	64	val_64
-65	1	65	val_65
-66	1	66	val_66
-67	2	67	val_67
-67	2	67	val_67
-69	1	69	val_69
-70	3	70	val_70
-70	3	70	val_70
-70	3	70	val_70
-72	2	72	val_72
-72	2	72	val_72
-74	1	74	val_74
-76	2	76	val_76
-76	2	76	val_76
-77	1	77	val_77
-78	1	78	val_78
-8	1	8	val_8
-80	1	80	val_80
-82	1	82	val_82
-83	2	83	val_83
-83	2	83	val_83
-84	2	84	val_84
+146	2	146	val_146
+458	2	458	val_458
+362	1	362	val_362
+186	1	186	val_186
+285	1	285	val_285
+348	5	348	val_348
+167	3	167	val_167
+18	2	18	val_18
+273	3	273	val_273
+183	1	183	val_183
+281	2	281	val_281
+344	2	344	val_344
+97	2	97	val_97
+469	5	469	val_469
+315	1	315	val_315
 84	2	84	val_84
-85	1	85	val_85
-86	1	86	val_86
-87	1	87	val_87
-9	1	9	val_9
-90	3	90	val_90
-90	3	90	val_90
+28	1	28	val_28
+37	2	37	val_37
+448	1	448	val_448
+152	2	152	val_152
+348	5	348	val_348
+307	2	307	val_307
+194	1	194	val_194
+414	2	414	val_414
+477	1	477	val_477
+222	1	222	val_222
+126	1	126	val_126
 90	3	90	val_90
-92	1	92	val_92
-95	2	95	val_95
-95	2	95	val_95
-96	1	96	val_96
-97	2	97	val_97
+169	4	169	val_169
+403	3	403	val_403
+400	1	400	val_400
+200	2	200	val_200
 97	2	97	val_97
-98	2	98	val_98
-98	2	98	val_98
diff --git a/ql/src/test/results/clientpositive/tez/parallel.q.out b/ql/src/test/results/clientpositive/tez/parallel.q.out
index 8d1748d1df..238b860475 100644
--- a/ql/src/test/results/clientpositive/tez/parallel.q.out
+++ b/ql/src/test/results/clientpositive/tez/parallel.q.out
@@ -69,24 +69,24 @@ STAGE PLANS:
                 keys: KEY._col0 (type: string), KEY._col1 (type: string)
                 mode: mergepartial
                 outputColumnNames: _col0, _col1
-                Statistics: Num rows: 500 Data size: 5312 Basic stats: COMPLETE Column stats: NONE
+                Statistics: Num rows: 250 Data size: 2656 Basic stats: COMPLETE Column stats: NONE
                 Reduce Output Operator
                   key expressions: _col0 (type: string), _col1 (type: string)
                   sort order: ++
                   Map-reduce partition columns: _col0 (type: string), _col1 (type: string)
-                  Statistics: Num rows: 500 Data size: 5312 Basic stats: COMPLETE Column stats: NONE
+                  Statistics: Num rows: 250 Data size: 2656 Basic stats: COMPLETE Column stats: NONE
         Reducer 3 
             Reduce Operator Tree:
               Forward
-                Statistics: Num rows: 500 Data size: 5312 Basic stats: COMPLETE Column stats: NONE
+                Statistics: Num rows: 250 Data size: 2656 Basic stats: COMPLETE Column stats: NONE
                 Group By Operator
                   keys: KEY._col0 (type: string), KEY._col1 (type: string)
                   mode: complete
                   outputColumnNames: _col0, _col1
-                  Statistics: Num rows: 250 Data size: 2656 Basic stats: COMPLETE Column stats: NONE
+                  Statistics: Num rows: 125 Data size: 1328 Basic stats: COMPLETE Column stats: NONE
                   File Output Operator
                     compressed: false
-                    Statistics: Num rows: 250 Data size: 2656 Basic stats: COMPLETE Column stats: NONE
+                    Statistics: Num rows: 125 Data size: 1328 Basic stats: COMPLETE Column stats: NONE
                     table:
                         input format: org.apache.hadoop.mapred.TextInputFormat
                         output format: org.apache.hadoop.hive.ql.io.HiveIgnoreKeyTextOutputFormat
@@ -96,10 +96,10 @@ STAGE PLANS:
                   keys: KEY._col0 (type: string), KEY._col1 (type: string)
                   mode: complete
                   outputColumnNames: _col0, _col1
-                  Statistics: Num rows: 250 Data size: 2656 Basic stats: COMPLETE Column stats: NONE
+                  Statistics: Num rows: 125 Data size: 1328 Basic stats: COMPLETE Column stats: NONE
                   File Output Operator
                     compressed: false
-                    Statistics: Num rows: 250 Data size: 2656 Basic stats: COMPLETE Column stats: NONE
+                    Statistics: Num rows: 125 Data size: 1328 Basic stats: COMPLETE Column stats: NONE
                     table:
                         input format: org.apache.hadoop.mapred.TextInputFormat
                         output format: org.apache.hadoop.hive.ql.io.HiveIgnoreKeyTextOutputFormat
diff --git a/ql/src/test/results/clientpositive/tez/subquery_in.q.out b/ql/src/test/results/clientpositive/tez/subquery_in.q.out
index 51d7d1c836..9aa8677bc2 100644
--- a/ql/src/test/results/clientpositive/tez/subquery_in.q.out
+++ b/ql/src/test/results/clientpositive/tez/subquery_in.q.out
@@ -793,12 +793,12 @@ STAGE PLANS:
                 keys: KEY._col0 (type: int)
                 mode: mergepartial
                 outputColumnNames: _col0
-                Statistics: Num rows: 50 Data size: 5999 Basic stats: COMPLETE Column stats: NONE
+                Statistics: Num rows: 25 Data size: 2999 Basic stats: COMPLETE Column stats: NONE
                 Reduce Output Operator
                   key expressions: _col0 (type: int)
                   sort order: +
                   Map-reduce partition columns: _col0 (type: int)
-                  Statistics: Num rows: 50 Data size: 5999 Basic stats: COMPLETE Column stats: NONE
+                  Statistics: Num rows: 25 Data size: 2999 Basic stats: COMPLETE Column stats: NONE
         Reducer 3 
             Reduce Operator Tree:
               Merge Join Operator
@@ -808,12 +808,12 @@ STAGE PLANS:
                   0 {KEY.reducesinkkey0}
                   1 {VALUE._col0} {VALUE._col1}
                 outputColumnNames: _col0, _col1, _col3
-                Statistics: Num rows: 55 Data size: 6598 Basic stats: COMPLETE Column stats: NONE
+                Statistics: Num rows: 27 Data size: 3298 Basic stats: COMPLETE Column stats: NONE
                 Reduce Output Operator
                   key expressions: _col1 (type: int)
                   sort order: +
                   Map-reduce partition columns: _col1 (type: int)
-                  Statistics: Num rows: 55 Data size: 6598 Basic stats: COMPLETE Column stats: NONE
+                  Statistics: Num rows: 27 Data size: 3298 Basic stats: COMPLETE Column stats: NONE
                   value expressions: _col0 (type: int), _col3 (type: int)
         Reducer 4 
             Reduce Operator Tree:
@@ -824,14 +824,14 @@ STAGE PLANS:
                   0 {VALUE._col0} {VALUE._col2}
                   1 
                 outputColumnNames: _col0, _col3
-                Statistics: Num rows: 60 Data size: 7257 Basic stats: COMPLETE Column stats: NONE
+                Statistics: Num rows: 29 Data size: 3627 Basic stats: COMPLETE Column stats: NONE
                 Select Operator
                   expressions: _col0 (type: int), _col3 (type: int)
                   outputColumnNames: _col0, _col1
-                  Statistics: Num rows: 60 Data size: 7257 Basic stats: COMPLETE Column stats: NONE
+                  Statistics: Num rows: 29 Data size: 3627 Basic stats: COMPLETE Column stats: NONE
                   File Output Operator
                     compressed: false
-                    Statistics: Num rows: 60 Data size: 7257 Basic stats: COMPLETE Column stats: NONE
+                    Statistics: Num rows: 29 Data size: 3627 Basic stats: COMPLETE Column stats: NONE
                     table:
                         input format: org.apache.hadoop.mapred.TextInputFormat
                         output format: org.apache.hadoop.hive.ql.io.HiveIgnoreKeyTextOutputFormat
diff --git a/ql/src/test/results/clientpositive/tez/tez_dml.q.out b/ql/src/test/results/clientpositive/tez/tez_dml.q.out
index 48223f4242..8954fc84a8 100644
--- a/ql/src/test/results/clientpositive/tez/tez_dml.q.out
+++ b/ql/src/test/results/clientpositive/tez/tez_dml.q.out
@@ -47,21 +47,21 @@ STAGE PLANS:
                 keys: KEY._col0 (type: string)
                 mode: mergepartial
                 outputColumnNames: _col0, _col1
-                Statistics: Num rows: 500 Data size: 5312 Basic stats: COMPLETE Column stats: NONE
+                Statistics: Num rows: 250 Data size: 2656 Basic stats: COMPLETE Column stats: NONE
                 Reduce Output Operator
                   key expressions: _col1 (type: bigint)
                   sort order: +
-                  Statistics: Num rows: 500 Data size: 5312 Basic stats: COMPLETE Column stats: NONE
+                  Statistics: Num rows: 250 Data size: 2656 Basic stats: COMPLETE Column stats: NONE
                   value expressions: _col0 (type: string)
         Reducer 3 
             Reduce Operator Tree:
               Select Operator
                 expressions: VALUE._col0 (type: string), KEY.reducesinkkey0 (type: bigint)
                 outputColumnNames: _col0, _col1
-                Statistics: Num rows: 500 Data size: 5312 Basic stats: COMPLETE Column stats: NONE
+                Statistics: Num rows: 250 Data size: 2656 Basic stats: COMPLETE Column stats: NONE
                 File Output Operator
                   compressed: false
-                  Statistics: Num rows: 500 Data size: 5312 Basic stats: COMPLETE Column stats: NONE
+                  Statistics: Num rows: 250 Data size: 2656 Basic stats: COMPLETE Column stats: NONE
                   table:
                       input format: org.apache.hadoop.mapred.TextInputFormat
                       output format: org.apache.hadoop.hive.ql.io.HiveIgnoreKeyTextOutputFormat
diff --git a/ql/src/test/results/clientpositive/tez/vector_mapjoin_reduce.q.out b/ql/src/test/results/clientpositive/tez/vector_mapjoin_reduce.q.out
index 7eeadb9ed3..4dd2620508 100644
--- a/ql/src/test/results/clientpositive/tez/vector_mapjoin_reduce.q.out
+++ b/ql/src/test/results/clientpositive/tez/vector_mapjoin_reduce.q.out
@@ -93,7 +93,7 @@ STAGE PLANS:
                 keys: KEY._col0 (type: int)
                 mode: mergepartial
                 outputColumnNames: _col0
-                Statistics: Num rows: 50 Data size: 5999 Basic stats: COMPLETE Column stats: NONE
+                Statistics: Num rows: 25 Data size: 2999 Basic stats: COMPLETE Column stats: NONE
                 Map Join Operator
                   condition map:
                        Inner Join 0 to 1
@@ -106,7 +106,7 @@ STAGE PLANS:
                   outputColumnNames: _col0, _col1, _col3
                   input vertices:
                     1 Map 3
-                  Statistics: Num rows: 55 Data size: 6598 Basic stats: COMPLETE Column stats: NONE
+                  Statistics: Num rows: 27 Data size: 3298 Basic stats: COMPLETE Column stats: NONE
                   Map Join Operator
                     condition map:
                          Left Semi Join 0 to 1
@@ -119,14 +119,14 @@ STAGE PLANS:
                     outputColumnNames: _col0, _col3
                     input vertices:
                       1 Map 4
-                    Statistics: Num rows: 60 Data size: 7257 Basic stats: COMPLETE Column stats: NONE
+                    Statistics: Num rows: 29 Data size: 3627 Basic stats: COMPLETE Column stats: NONE
                     Select Operator
                       expressions: _col0 (type: int), _col3 (type: int)
                       outputColumnNames: _col0, _col1
-                      Statistics: Num rows: 60 Data size: 7257 Basic stats: COMPLETE Column stats: NONE
+                      Statistics: Num rows: 29 Data size: 3627 Basic stats: COMPLETE Column stats: NONE
                       File Output Operator
                         compressed: false
-                        Statistics: Num rows: 60 Data size: 7257 Basic stats: COMPLETE Column stats: NONE
+                        Statistics: Num rows: 29 Data size: 3627 Basic stats: COMPLETE Column stats: NONE
                         table:
                             input format: org.apache.hadoop.mapred.TextInputFormat
                             output format: org.apache.hadoop.hive.ql.io.HiveIgnoreKeyTextOutputFormat
@@ -248,7 +248,7 @@ STAGE PLANS:
                 keys: KEY._col0 (type: int)
                 mode: mergepartial
                 outputColumnNames: _col0
-                Statistics: Num rows: 50 Data size: 5999 Basic stats: COMPLETE Column stats: NONE
+                Statistics: Num rows: 25 Data size: 2999 Basic stats: COMPLETE Column stats: NONE
                 Map Join Operator
                   condition map:
                        Inner Join 0 to 1
@@ -261,7 +261,7 @@ STAGE PLANS:
                   outputColumnNames: _col0, _col1, _col3
                   input vertices:
                     1 Map 3
-                  Statistics: Num rows: 55 Data size: 6598 Basic stats: COMPLETE Column stats: NONE
+                  Statistics: Num rows: 27 Data size: 3298 Basic stats: COMPLETE Column stats: NONE
                   Map Join Operator
                     condition map:
                          Left Semi Join 0 to 1
@@ -274,14 +274,14 @@ STAGE PLANS:
                     outputColumnNames: _col0, _col3
                     input vertices:
                       1 Map 4
-                    Statistics: Num rows: 60 Data size: 7257 Basic stats: COMPLETE Column stats: NONE
+                    Statistics: Num rows: 29 Data size: 3627 Basic stats: COMPLETE Column stats: NONE
                     Select Operator
                       expressions: _col0 (type: int), _col3 (type: int)
                       outputColumnNames: _col0, _col1
-                      Statistics: Num rows: 60 Data size: 7257 Basic stats: COMPLETE Column stats: NONE
+                      Statistics: Num rows: 29 Data size: 3627 Basic stats: COMPLETE Column stats: NONE
                       File Output Operator
                         compressed: false
-                        Statistics: Num rows: 60 Data size: 7257 Basic stats: COMPLETE Column stats: NONE
+                        Statistics: Num rows: 29 Data size: 3627 Basic stats: COMPLETE Column stats: NONE
                         table:
                             input format: org.apache.hadoop.mapred.TextInputFormat
                             output format: org.apache.hadoop.hive.ql.io.HiveIgnoreKeyTextOutputFormat
diff --git a/ql/src/test/results/clientpositive/tez/vector_orderby_5.q.out b/ql/src/test/results/clientpositive/tez/vector_orderby_5.q.out
index c968d72f21..3712b16ae1 100644
--- a/ql/src/test/results/clientpositive/tez/vector_orderby_5.q.out
+++ b/ql/src/test/results/clientpositive/tez/vector_orderby_5.q.out
@@ -148,11 +148,11 @@ STAGE PLANS:
                 keys: KEY._col0 (type: boolean)
                 mode: mergepartial
                 outputColumnNames: _col0, _col1
-                Statistics: Num rows: 2000 Data size: 918712 Basic stats: COMPLETE Column stats: NONE
+                Statistics: Num rows: 1000 Data size: 459356 Basic stats: COMPLETE Column stats: NONE
                 Reduce Output Operator
                   key expressions: _col0 (type: boolean)
                   sort order: -
-                  Statistics: Num rows: 2000 Data size: 918712 Basic stats: COMPLETE Column stats: NONE
+                  Statistics: Num rows: 1000 Data size: 459356 Basic stats: COMPLETE Column stats: NONE
                   value expressions: _col1 (type: bigint)
             Execution mode: vectorized
         Reducer 3 
@@ -160,10 +160,10 @@ STAGE PLANS:
               Select Operator
                 expressions: KEY.reducesinkkey0 (type: boolean), VALUE._col0 (type: bigint)
                 outputColumnNames: _col0, _col1
-                Statistics: Num rows: 2000 Data size: 918712 Basic stats: COMPLETE Column stats: NONE
+                Statistics: Num rows: 1000 Data size: 459356 Basic stats: COMPLETE Column stats: NONE
                 File Output Operator
                   compressed: false
-                  Statistics: Num rows: 2000 Data size: 918712 Basic stats: COMPLETE Column stats: NONE
+                  Statistics: Num rows: 1000 Data size: 459356 Basic stats: COMPLETE Column stats: NONE
                   table:
                       input format: org.apache.hadoop.mapred.TextInputFormat
                       output format: org.apache.hadoop.hive.ql.io.HiveIgnoreKeyTextOutputFormat
diff --git a/ql/src/test/results/clientpositive/tez/vector_reduce_groupby_decimal.q.out b/ql/src/test/results/clientpositive/tez/vector_reduce_groupby_decimal.q.out
index 6c6c4a0d27..14aa7774b5 100644
--- a/ql/src/test/results/clientpositive/tez/vector_reduce_groupby_decimal.q.out
+++ b/ql/src/test/results/clientpositive/tez/vector_reduce_groupby_decimal.q.out
@@ -64,11 +64,11 @@ STAGE PLANS:
                 keys: KEY._col0 (type: int), KEY._col1 (type: double), KEY._col2 (type: decimal(20,10)), KEY._col3 (type: decimal(23,14))
                 mode: mergepartial
                 outputColumnNames: _col0, _col1, _col2, _col3, _col4
-                Statistics: Num rows: 1526 Data size: 360136 Basic stats: COMPLETE Column stats: NONE
+                Statistics: Num rows: 763 Data size: 180068 Basic stats: COMPLETE Column stats: NONE
                 Reduce Output Operator
                   key expressions: _col0 (type: int), _col1 (type: double), _col2 (type: decimal(20,10)), _col3 (type: decimal(23,14))
                   sort order: ++++
-                  Statistics: Num rows: 1526 Data size: 360136 Basic stats: COMPLETE Column stats: NONE
+                  Statistics: Num rows: 763 Data size: 180068 Basic stats: COMPLETE Column stats: NONE
                   value expressions: _col4 (type: decimal(20,10))
             Execution mode: vectorized
         Reducer 3 
@@ -76,7 +76,7 @@ STAGE PLANS:
               Select Operator
                 expressions: KEY.reducesinkkey0 (type: int), KEY.reducesinkkey1 (type: double), KEY.reducesinkkey2 (type: decimal(20,10)), KEY.reducesinkkey3 (type: decimal(23,14)), VALUE._col0 (type: decimal(20,10))
                 outputColumnNames: _col0, _col1, _col2, _col3, _col4
-                Statistics: Num rows: 1526 Data size: 360136 Basic stats: COMPLETE Column stats: NONE
+                Statistics: Num rows: 763 Data size: 180068 Basic stats: COMPLETE Column stats: NONE
                 Limit
                   Number of rows: 50
                   Statistics: Num rows: 50 Data size: 11800 Basic stats: COMPLETE Column stats: NONE
diff --git a/ql/src/test/results/clientpositive/tez/vectorization_limit.q.out b/ql/src/test/results/clientpositive/tez/vectorization_limit.q.out
index 8e0d7a1f7a..2663a2710a 100644
--- a/ql/src/test/results/clientpositive/tez/vectorization_limit.q.out
+++ b/ql/src/test/results/clientpositive/tez/vectorization_limit.q.out
@@ -500,11 +500,11 @@ STAGE PLANS:
                 keys: KEY._col0 (type: double)
                 mode: mergepartial
                 outputColumnNames: _col0, _col1
-                Statistics: Num rows: 6144 Data size: 188618 Basic stats: COMPLETE Column stats: NONE
+                Statistics: Num rows: 3072 Data size: 94309 Basic stats: COMPLETE Column stats: NONE
                 Reduce Output Operator
                   key expressions: _col1 (type: bigint), _col0 (type: double)
                   sort order: ++
-                  Statistics: Num rows: 6144 Data size: 188618 Basic stats: COMPLETE Column stats: NONE
+                  Statistics: Num rows: 3072 Data size: 94309 Basic stats: COMPLETE Column stats: NONE
                   TopN Hash Memory Usage: 0.3
             Execution mode: vectorized
         Reducer 3 
@@ -512,7 +512,7 @@ STAGE PLANS:
               Select Operator
                 expressions: KEY.reducesinkkey1 (type: double), KEY.reducesinkkey0 (type: bigint)
                 outputColumnNames: _col0, _col1
-                Statistics: Num rows: 6144 Data size: 188618 Basic stats: COMPLETE Column stats: NONE
+                Statistics: Num rows: 3072 Data size: 94309 Basic stats: COMPLETE Column stats: NONE
                 Limit
                   Number of rows: 20
                   Statistics: Num rows: 20 Data size: 600 Basic stats: COMPLETE Column stats: NONE
diff --git a/ql/src/test/results/clientpositive/tez/vectorized_dynamic_partition_pruning.q.out b/ql/src/test/results/clientpositive/tez/vectorized_dynamic_partition_pruning.q.out
index a21108bf47..fd380faae7 100644
--- a/ql/src/test/results/clientpositive/tez/vectorized_dynamic_partition_pruning.q.out
+++ b/ql/src/test/results/clientpositive/tez/vectorized_dynamic_partition_pruning.q.out
@@ -1916,12 +1916,12 @@ STAGE PLANS:
                 keys: KEY._col0 (type: string)
                 mode: mergepartial
                 outputColumnNames: _col0
-                Statistics: Num rows: 1000 Data size: 10624 Basic stats: COMPLETE Column stats: NONE
+                Statistics: Num rows: 500 Data size: 5312 Basic stats: COMPLETE Column stats: NONE
                 Reduce Output Operator
                   key expressions: _col0 (type: string)
                   sort order: +
                   Map-reduce partition columns: _col0 (type: string)
-                  Statistics: Num rows: 1000 Data size: 10624 Basic stats: COMPLETE Column stats: NONE
+                  Statistics: Num rows: 500 Data size: 5312 Basic stats: COMPLETE Column stats: NONE
             Execution mode: vectorized
         Reducer 3 
             Reduce Operator Tree:
@@ -4318,25 +4318,25 @@ STAGE PLANS:
                 keys: KEY._col0 (type: string)
                 mode: mergepartial
                 outputColumnNames: _col0
-                Statistics: Num rows: 1000 Data size: 10624 Basic stats: COMPLETE Column stats: NONE
+                Statistics: Num rows: 500 Data size: 5312 Basic stats: COMPLETE Column stats: NONE
                 Reduce Output Operator
                   key expressions: _col0 (type: string)
                   sort order: +
                   Map-reduce partition columns: _col0 (type: string)
-                  Statistics: Num rows: 1000 Data size: 10624 Basic stats: COMPLETE Column stats: NONE
+                  Statistics: Num rows: 500 Data size: 5312 Basic stats: COMPLETE Column stats: NONE
                 Select Operator
                   expressions: _col0 (type: string)
                   outputColumnNames: _col0
-                  Statistics: Num rows: 1000 Data size: 10624 Basic stats: COMPLETE Column stats: NONE
+                  Statistics: Num rows: 500 Data size: 5312 Basic stats: COMPLETE Column stats: NONE
                   Group By Operator
                     keys: _col0 (type: string)
                     mode: hash
                     outputColumnNames: _col0
-                    Statistics: Num rows: 1000 Data size: 10624 Basic stats: COMPLETE Column stats: NONE
+                    Statistics: Num rows: 500 Data size: 5312 Basic stats: COMPLETE Column stats: NONE
                     Dynamic Partitioning Event Operator
                       Target Input: srcpart
                       Partition key expr: ds
-                      Statistics: Num rows: 1000 Data size: 10624 Basic stats: COMPLETE Column stats: NONE
+                      Statistics: Num rows: 500 Data size: 5312 Basic stats: COMPLETE Column stats: NONE
                       Target column: ds
                       Target Vertex: Map 3
         Reducer 4 
diff --git a/ql/src/test/results/clientpositive/tez/vectorized_ptf.q.out b/ql/src/test/results/clientpositive/tez/vectorized_ptf.q.out
index 0a760001ed..3c5b26766a 100644
--- a/ql/src/test/results/clientpositive/tez/vectorized_ptf.q.out
+++ b/ql/src/test/results/clientpositive/tez/vectorized_ptf.q.out
@@ -1771,12 +1771,12 @@ STAGE PLANS:
                 keys: KEY._col0 (type: string), KEY._col1 (type: string), KEY._col2 (type: int)
                 mode: mergepartial
                 outputColumnNames: _col0, _col1, _col2
-                Statistics: Num rows: 26 Data size: 16042 Basic stats: COMPLETE Column stats: NONE
+                Statistics: Num rows: 13 Data size: 8021 Basic stats: COMPLETE Column stats: NONE
                 Reduce Output Operator
                   key expressions: _col0 (type: string), _col1 (type: string)
                   sort order: ++
                   Map-reduce partition columns: _col0 (type: string)
-                  Statistics: Num rows: 26 Data size: 16042 Basic stats: COMPLETE Column stats: NONE
+                  Statistics: Num rows: 13 Data size: 8021 Basic stats: COMPLETE Column stats: NONE
                   tag: -1
                   value expressions: _col0 (type: string), _col1 (type: string), _col2 (type: int)
                   auto parallelism: true
@@ -1785,19 +1785,19 @@ STAGE PLANS:
             Needs Tagging: false
             Reduce Operator Tree:
               Extract
-                Statistics: Num rows: 26 Data size: 16042 Basic stats: COMPLETE Column stats: NONE
+                Statistics: Num rows: 13 Data size: 8021 Basic stats: COMPLETE Column stats: NONE
                 PTF Operator
-                  Statistics: Num rows: 26 Data size: 16042 Basic stats: COMPLETE Column stats: NONE
+                  Statistics: Num rows: 13 Data size: 8021 Basic stats: COMPLETE Column stats: NONE
                   Select Operator
                     expressions: _col0 (type: string), _col1 (type: string), _col2 (type: int), _wcol0 (type: int), _wcol1 (type: int), _col2 (type: int), (_col2 - _wcol2) (type: int)
                     outputColumnNames: _col0, _col1, _col2, _col3, _col4, _col5, _col6
-                    Statistics: Num rows: 26 Data size: 16042 Basic stats: COMPLETE Column stats: NONE
+                    Statistics: Num rows: 13 Data size: 8021 Basic stats: COMPLETE Column stats: NONE
                     File Output Operator
                       compressed: false
                       GlobalTableId: 0
 #### A masked pattern was here ####
                       NumFilesPerFileSink: 1
-                      Statistics: Num rows: 26 Data size: 16042 Basic stats: COMPLETE Column stats: NONE
+                      Statistics: Num rows: 13 Data size: 8021 Basic stats: COMPLETE Column stats: NONE
 #### A masked pattern was here ####
                       table:
                           input format: org.apache.hadoop.mapred.TextInputFormat
@@ -4819,12 +4819,12 @@ STAGE PLANS:
                 keys: KEY._col0 (type: string), KEY._col1 (type: string)
                 mode: mergepartial
                 outputColumnNames: _col0, _col1, _col2
-                Statistics: Num rows: 26 Data size: 16042 Basic stats: COMPLETE Column stats: NONE
+                Statistics: Num rows: 13 Data size: 8021 Basic stats: COMPLETE Column stats: NONE
                 Reduce Output Operator
                   key expressions: _col0 (type: string), _col0 (type: string)
                   sort order: ++
                   Map-reduce partition columns: _col0 (type: string)
-                  Statistics: Num rows: 26 Data size: 16042 Basic stats: COMPLETE Column stats: NONE
+                  Statistics: Num rows: 13 Data size: 8021 Basic stats: COMPLETE Column stats: NONE
                   tag: -1
                   value expressions: _col0 (type: string), _col1 (type: string), _col2 (type: double)
                   auto parallelism: true
@@ -4833,14 +4833,14 @@ STAGE PLANS:
             Needs Tagging: false
             Reduce Operator Tree:
               Extract
-                Statistics: Num rows: 26 Data size: 16042 Basic stats: COMPLETE Column stats: NONE
+                Statistics: Num rows: 13 Data size: 8021 Basic stats: COMPLETE Column stats: NONE
                 PTF Operator
-                  Statistics: Num rows: 26 Data size: 16042 Basic stats: COMPLETE Column stats: NONE
+                  Statistics: Num rows: 13 Data size: 8021 Basic stats: COMPLETE Column stats: NONE
                   Reduce Output Operator
                     key expressions: _col0 (type: string), _col1 (type: string)
                     sort order: ++
                     Map-reduce partition columns: _col0 (type: string)
-                    Statistics: Num rows: 26 Data size: 16042 Basic stats: COMPLETE Column stats: NONE
+                    Statistics: Num rows: 13 Data size: 8021 Basic stats: COMPLETE Column stats: NONE
                     tag: -1
                     value expressions: _col0 (type: string), _col1 (type: string), _col2 (type: double)
                     auto parallelism: true
@@ -4848,19 +4848,19 @@ STAGE PLANS:
             Needs Tagging: false
             Reduce Operator Tree:
               Extract
-                Statistics: Num rows: 26 Data size: 16042 Basic stats: COMPLETE Column stats: NONE
+                Statistics: Num rows: 13 Data size: 8021 Basic stats: COMPLETE Column stats: NONE
                 PTF Operator
-                  Statistics: Num rows: 26 Data size: 16042 Basic stats: COMPLETE Column stats: NONE
+                  Statistics: Num rows: 13 Data size: 8021 Basic stats: COMPLETE Column stats: NONE
                   Select Operator
                     expressions: _col0 (type: string), _col1 (type: string), _col2 (type: double), _wcol0 (type: double)
                     outputColumnNames: _col0, _col1, _col2, _col3
-                    Statistics: Num rows: 26 Data size: 16042 Basic stats: COMPLETE Column stats: NONE
+                    Statistics: Num rows: 13 Data size: 8021 Basic stats: COMPLETE Column stats: NONE
                     File Output Operator
                       compressed: false
                       GlobalTableId: 0
 #### A masked pattern was here ####
                       NumFilesPerFileSink: 1
-                      Statistics: Num rows: 26 Data size: 16042 Basic stats: COMPLETE Column stats: NONE
+                      Statistics: Num rows: 13 Data size: 8021 Basic stats: COMPLETE Column stats: NONE
 #### A masked pattern was here ####
                       table:
                           input format: org.apache.hadoop.mapred.TextInputFormat
diff --git a/ql/src/test/results/clientpositive/udtf_json_tuple.q.out b/ql/src/test/results/clientpositive/udtf_json_tuple.q.out
index 957417973d..6e60553a57 100644
--- a/ql/src/test/results/clientpositive/udtf_json_tuple.q.out
+++ b/ql/src/test/results/clientpositive/udtf_json_tuple.q.out
@@ -354,7 +354,7 @@ STAGE PLANS:
           keys: KEY._col0 (type: string)
           mode: mergepartial
           outputColumnNames: _col0, _col1
-          Statistics: Num rows: 9 Data size: 354 Basic stats: COMPLETE Column stats: NONE
+          Statistics: Num rows: 4 Data size: 157 Basic stats: COMPLETE Column stats: NONE
           File Output Operator
             compressed: false
             table:
@@ -369,16 +369,16 @@ STAGE PLANS:
             Reduce Output Operator
               key expressions: _col0 (type: string)
               sort order: +
-              Statistics: Num rows: 9 Data size: 354 Basic stats: COMPLETE Column stats: NONE
+              Statistics: Num rows: 4 Data size: 157 Basic stats: COMPLETE Column stats: NONE
               value expressions: _col1 (type: bigint)
       Reduce Operator Tree:
         Select Operator
           expressions: KEY.reducesinkkey0 (type: string), VALUE._col0 (type: bigint)
           outputColumnNames: _col0, _col1
-          Statistics: Num rows: 9 Data size: 354 Basic stats: COMPLETE Column stats: NONE
+          Statistics: Num rows: 4 Data size: 157 Basic stats: COMPLETE Column stats: NONE
           File Output Operator
             compressed: false
-            Statistics: Num rows: 9 Data size: 354 Basic stats: COMPLETE Column stats: NONE
+            Statistics: Num rows: 4 Data size: 157 Basic stats: COMPLETE Column stats: NONE
             table:
                 input format: org.apache.hadoop.mapred.TextInputFormat
                 output format: org.apache.hadoop.hive.ql.io.HiveIgnoreKeyTextOutputFormat
diff --git a/ql/src/test/results/clientpositive/vector_char_2.q.out b/ql/src/test/results/clientpositive/vector_char_2.q.out
index 117967a738..fa44e0a875 100644
--- a/ql/src/test/results/clientpositive/vector_char_2.q.out
+++ b/ql/src/test/results/clientpositive/vector_char_2.q.out
@@ -94,7 +94,7 @@ STAGE PLANS:
           keys: KEY._col0 (type: char(20))
           mode: mergepartial
           outputColumnNames: _col0, _col1, _col2
-          Statistics: Num rows: 500 Data size: 99000 Basic stats: COMPLETE Column stats: NONE
+          Statistics: Num rows: 250 Data size: 49500 Basic stats: COMPLETE Column stats: NONE
           File Output Operator
             compressed: false
             table:
@@ -109,13 +109,13 @@ STAGE PLANS:
             Reduce Output Operator
               key expressions: _col0 (type: char(20))
               sort order: +
-              Statistics: Num rows: 500 Data size: 99000 Basic stats: COMPLETE Column stats: NONE
+              Statistics: Num rows: 250 Data size: 49500 Basic stats: COMPLETE Column stats: NONE
               value expressions: _col1 (type: bigint), _col2 (type: bigint)
       Reduce Operator Tree:
         Select Operator
           expressions: KEY.reducesinkkey0 (type: char(20)), VALUE._col0 (type: bigint), VALUE._col1 (type: bigint)
           outputColumnNames: _col0, _col1, _col2
-          Statistics: Num rows: 500 Data size: 99000 Basic stats: COMPLETE Column stats: NONE
+          Statistics: Num rows: 250 Data size: 49500 Basic stats: COMPLETE Column stats: NONE
           Limit
             Number of rows: 5
             Statistics: Num rows: 5 Data size: 990 Basic stats: COMPLETE Column stats: NONE
@@ -224,7 +224,7 @@ STAGE PLANS:
           keys: KEY._col0 (type: char(20))
           mode: mergepartial
           outputColumnNames: _col0, _col1, _col2
-          Statistics: Num rows: 500 Data size: 99000 Basic stats: COMPLETE Column stats: NONE
+          Statistics: Num rows: 250 Data size: 49500 Basic stats: COMPLETE Column stats: NONE
           File Output Operator
             compressed: false
             table:
@@ -239,13 +239,13 @@ STAGE PLANS:
             Reduce Output Operator
               key expressions: _col0 (type: char(20))
               sort order: -
-              Statistics: Num rows: 500 Data size: 99000 Basic stats: COMPLETE Column stats: NONE
+              Statistics: Num rows: 250 Data size: 49500 Basic stats: COMPLETE Column stats: NONE
               value expressions: _col1 (type: bigint), _col2 (type: bigint)
       Reduce Operator Tree:
         Select Operator
           expressions: KEY.reducesinkkey0 (type: char(20)), VALUE._col0 (type: bigint), VALUE._col1 (type: bigint)
           outputColumnNames: _col0, _col1, _col2
-          Statistics: Num rows: 500 Data size: 99000 Basic stats: COMPLETE Column stats: NONE
+          Statistics: Num rows: 250 Data size: 49500 Basic stats: COMPLETE Column stats: NONE
           Limit
             Number of rows: 5
             Statistics: Num rows: 5 Data size: 990 Basic stats: COMPLETE Column stats: NONE
diff --git a/ql/src/test/results/clientpositive/vector_decimal_aggregate.q.out b/ql/src/test/results/clientpositive/vector_decimal_aggregate.q.out
index 787d5dd52a..cf975d10dd 100644
--- a/ql/src/test/results/clientpositive/vector_decimal_aggregate.q.out
+++ b/ql/src/test/results/clientpositive/vector_decimal_aggregate.q.out
@@ -46,22 +46,22 @@ STAGE PLANS:
       Map Operator Tree:
           TableScan
             alias: decimal_vgby
-            Statistics: Num rows: 561 Data size: 128041 Basic stats: COMPLETE Column stats: NONE
+            Statistics: Num rows: 12288 Data size: 2165060 Basic stats: COMPLETE Column stats: NONE
             Select Operator
               expressions: cint (type: int), cdecimal1 (type: decimal(20,10)), cdecimal2 (type: decimal(23,14))
               outputColumnNames: cint, cdecimal1, cdecimal2
-              Statistics: Num rows: 561 Data size: 128041 Basic stats: COMPLETE Column stats: NONE
+              Statistics: Num rows: 12288 Data size: 2165060 Basic stats: COMPLETE Column stats: NONE
               Group By Operator
                 aggregations: count(cdecimal1), max(cdecimal1), min(cdecimal1), sum(cdecimal1), count(cdecimal2), max(cdecimal2), min(cdecimal2), sum(cdecimal2), count()
                 keys: cint (type: int)
                 mode: hash
                 outputColumnNames: _col0, _col1, _col2, _col3, _col4, _col5, _col6, _col7, _col8, _col9
-                Statistics: Num rows: 561 Data size: 128041 Basic stats: COMPLETE Column stats: NONE
+                Statistics: Num rows: 12288 Data size: 2165060 Basic stats: COMPLETE Column stats: NONE
                 Reduce Output Operator
                   key expressions: _col0 (type: int)
                   sort order: +
                   Map-reduce partition columns: _col0 (type: int)
-                  Statistics: Num rows: 561 Data size: 128041 Basic stats: COMPLETE Column stats: NONE
+                  Statistics: Num rows: 12288 Data size: 2165060 Basic stats: COMPLETE Column stats: NONE
                   value expressions: _col1 (type: bigint), _col2 (type: decimal(20,10)), _col3 (type: decimal(20,10)), _col4 (type: decimal(30,10)), _col5 (type: bigint), _col6 (type: decimal(23,14)), _col7 (type: decimal(23,14)), _col8 (type: decimal(33,14)), _col9 (type: bigint)
       Execution mode: vectorized
       Reduce Operator Tree:
@@ -70,17 +70,17 @@ STAGE PLANS:
           keys: KEY._col0 (type: int)
           mode: mergepartial
           outputColumnNames: _col0, _col1, _col2, _col3, _col4, _col5, _col6, _col7, _col8, _col9
-          Statistics: Num rows: 280 Data size: 63906 Basic stats: COMPLETE Column stats: NONE
+          Statistics: Num rows: 6144 Data size: 1082530 Basic stats: COMPLETE Column stats: NONE
           Filter Operator
             predicate: (_col9 > 1) (type: boolean)
-            Statistics: Num rows: 93 Data size: 21225 Basic stats: COMPLETE Column stats: NONE
+            Statistics: Num rows: 2048 Data size: 360843 Basic stats: COMPLETE Column stats: NONE
             Select Operator
               expressions: _col0 (type: int), _col1 (type: bigint), _col2 (type: decimal(20,10)), _col3 (type: decimal(20,10)), _col4 (type: decimal(30,10)), _col5 (type: bigint), _col6 (type: decimal(23,14)), _col7 (type: decimal(23,14)), _col8 (type: decimal(33,14))
               outputColumnNames: _col0, _col1, _col2, _col3, _col4, _col5, _col6, _col7, _col8
-              Statistics: Num rows: 93 Data size: 21225 Basic stats: COMPLETE Column stats: NONE
+              Statistics: Num rows: 2048 Data size: 360843 Basic stats: COMPLETE Column stats: NONE
               File Output Operator
                 compressed: false
-                Statistics: Num rows: 93 Data size: 21225 Basic stats: COMPLETE Column stats: NONE
+                Statistics: Num rows: 2048 Data size: 360843 Basic stats: COMPLETE Column stats: NONE
                 table:
                     input format: org.apache.hadoop.mapred.TextInputFormat
                     output format: org.apache.hadoop.hive.ql.io.HiveIgnoreKeyTextOutputFormat
@@ -144,22 +144,22 @@ STAGE PLANS:
       Map Operator Tree:
           TableScan
             alias: decimal_vgby
-            Statistics: Num rows: 561 Data size: 128041 Basic stats: COMPLETE Column stats: NONE
+            Statistics: Num rows: 12288 Data size: 2165060 Basic stats: COMPLETE Column stats: NONE
             Select Operator
               expressions: cint (type: int), cdecimal1 (type: decimal(20,10)), cdecimal2 (type: decimal(23,14))
               outputColumnNames: cint, cdecimal1, cdecimal2
-              Statistics: Num rows: 561 Data size: 128041 Basic stats: COMPLETE Column stats: NONE
+              Statistics: Num rows: 12288 Data size: 2165060 Basic stats: COMPLETE Column stats: NONE
               Group By Operator
                 aggregations: count(cdecimal1), max(cdecimal1), min(cdecimal1), sum(cdecimal1), avg(cdecimal1), stddev_pop(cdecimal1), stddev_samp(cdecimal1), count(cdecimal2), max(cdecimal2), min(cdecimal2), sum(cdecimal2), avg(cdecimal2), stddev_pop(cdecimal2), stddev_samp(cdecimal2), count()
                 keys: cint (type: int)
                 mode: hash
                 outputColumnNames: _col0, _col1, _col2, _col3, _col4, _col5, _col6, _col7, _col8, _col9, _col10, _col11, _col12, _col13, _col14, _col15
-                Statistics: Num rows: 561 Data size: 128041 Basic stats: COMPLETE Column stats: NONE
+                Statistics: Num rows: 12288 Data size: 2165060 Basic stats: COMPLETE Column stats: NONE
                 Reduce Output Operator
                   key expressions: _col0 (type: int)
                   sort order: +
                   Map-reduce partition columns: _col0 (type: int)
-                  Statistics: Num rows: 561 Data size: 128041 Basic stats: COMPLETE Column stats: NONE
+                  Statistics: Num rows: 12288 Data size: 2165060 Basic stats: COMPLETE Column stats: NONE
                   value expressions: _col1 (type: bigint), _col2 (type: decimal(20,10)), _col3 (type: decimal(20,10)), _col4 (type: decimal(30,10)), _col5 (type: struct<count:bigint,sum:decimal(30,10),input:decimal(20,10)>), _col6 (type: struct<count:bigint,sum:double,variance:double>), _col7 (type: struct<count:bigint,sum:double,variance:double>), _col8 (type: bigint), _col9 (type: decimal(23,14)), _col10 (type: decimal(23,14)), _col11 (type: decimal(33,14)), _col12 (type: struct<count:bigint,sum:decimal(33,14),input:decimal(23,14)>), _col13 (type: struct<count:bigint,sum:double,variance:double>), _col14 (type: struct<count:bigint,sum:double,variance:double>), _col15 (type: bigint)
       Execution mode: vectorized
       Reduce Operator Tree:
@@ -168,17 +168,17 @@ STAGE PLANS:
           keys: KEY._col0 (type: int)
           mode: mergepartial
           outputColumnNames: _col0, _col1, _col2, _col3, _col4, _col5, _col6, _col7, _col8, _col9, _col10, _col11, _col12, _col13, _col14, _col15
-          Statistics: Num rows: 280 Data size: 63906 Basic stats: COMPLETE Column stats: NONE
+          Statistics: Num rows: 6144 Data size: 1082530 Basic stats: COMPLETE Column stats: NONE
           Filter Operator
             predicate: (_col15 > 1) (type: boolean)
-            Statistics: Num rows: 93 Data size: 21225 Basic stats: COMPLETE Column stats: NONE
+            Statistics: Num rows: 2048 Data size: 360843 Basic stats: COMPLETE Column stats: NONE
             Select Operator
               expressions: _col0 (type: int), _col1 (type: bigint), _col2 (type: decimal(20,10)), _col3 (type: decimal(20,10)), _col4 (type: decimal(30,10)), _col5 (type: decimal(24,14)), _col6 (type: double), _col7 (type: double), _col8 (type: bigint), _col9 (type: decimal(23,14)), _col10 (type: decimal(23,14)), _col11 (type: decimal(33,14)), _col12 (type: decimal(27,18)), _col13 (type: double), _col14 (type: double)
               outputColumnNames: _col0, _col1, _col2, _col3, _col4, _col5, _col6, _col7, _col8, _col9, _col10, _col11, _col12, _col13, _col14
-              Statistics: Num rows: 93 Data size: 21225 Basic stats: COMPLETE Column stats: NONE
+              Statistics: Num rows: 2048 Data size: 360843 Basic stats: COMPLETE Column stats: NONE
               File Output Operator
                 compressed: false
-                Statistics: Num rows: 93 Data size: 21225 Basic stats: COMPLETE Column stats: NONE
+                Statistics: Num rows: 2048 Data size: 360843 Basic stats: COMPLETE Column stats: NONE
                 table:
                     input format: org.apache.hadoop.mapred.TextInputFormat
                     output format: org.apache.hadoop.hive.ql.io.HiveIgnoreKeyTextOutputFormat
diff --git a/ql/src/test/results/clientpositive/vector_mapjoin_reduce.q.out b/ql/src/test/results/clientpositive/vector_mapjoin_reduce.q.out
index 4c05f6cd79..64d4603cfb 100644
--- a/ql/src/test/results/clientpositive/vector_mapjoin_reduce.q.out
+++ b/ql/src/test/results/clientpositive/vector_mapjoin_reduce.q.out
@@ -53,7 +53,7 @@ STAGE PLANS:
           keys: KEY._col0 (type: int)
           mode: mergepartial
           outputColumnNames: _col0
-          Statistics: Num rows: 50 Data size: 5999 Basic stats: COMPLETE Column stats: NONE
+          Statistics: Num rows: 25 Data size: 2999 Basic stats: COMPLETE Column stats: NONE
           File Output Operator
             compressed: false
             table:
@@ -123,7 +123,7 @@ STAGE PLANS:
                 0 _col0 (type: int)
                 1 l_partkey (type: int)
               outputColumnNames: _col0, _col1, _col3
-              Statistics: Num rows: 55 Data size: 6598 Basic stats: COMPLETE Column stats: NONE
+              Statistics: Num rows: 27 Data size: 3298 Basic stats: COMPLETE Column stats: NONE
               Map Join Operator
                 condition map:
                      Left Semi Join 0 to 1
@@ -134,14 +134,14 @@ STAGE PLANS:
                   0 _col1 (type: int)
                   1 _col0 (type: int)
                 outputColumnNames: _col0, _col3
-                Statistics: Num rows: 60 Data size: 7257 Basic stats: COMPLETE Column stats: NONE
+                Statistics: Num rows: 29 Data size: 3627 Basic stats: COMPLETE Column stats: NONE
                 Select Operator
                   expressions: _col0 (type: int), _col3 (type: int)
                   outputColumnNames: _col0, _col1
-                  Statistics: Num rows: 60 Data size: 7257 Basic stats: COMPLETE Column stats: NONE
+                  Statistics: Num rows: 29 Data size: 3627 Basic stats: COMPLETE Column stats: NONE
                   File Output Operator
                     compressed: false
-                    Statistics: Num rows: 60 Data size: 7257 Basic stats: COMPLETE Column stats: NONE
+                    Statistics: Num rows: 29 Data size: 3627 Basic stats: COMPLETE Column stats: NONE
                     table:
                         input format: org.apache.hadoop.mapred.TextInputFormat
                         output format: org.apache.hadoop.hive.ql.io.HiveIgnoreKeyTextOutputFormat
@@ -224,7 +224,7 @@ STAGE PLANS:
           keys: KEY._col0 (type: int)
           mode: mergepartial
           outputColumnNames: _col0
-          Statistics: Num rows: 50 Data size: 5999 Basic stats: COMPLETE Column stats: NONE
+          Statistics: Num rows: 25 Data size: 2999 Basic stats: COMPLETE Column stats: NONE
           File Output Operator
             compressed: false
             table:
@@ -294,7 +294,7 @@ STAGE PLANS:
                 0 _col0 (type: int)
                 1 l_partkey (type: int)
               outputColumnNames: _col0, _col1, _col3
-              Statistics: Num rows: 55 Data size: 6598 Basic stats: COMPLETE Column stats: NONE
+              Statistics: Num rows: 27 Data size: 3298 Basic stats: COMPLETE Column stats: NONE
               Map Join Operator
                 condition map:
                      Left Semi Join 0 to 1
@@ -305,14 +305,14 @@ STAGE PLANS:
                   0 _col1 (type: int), 1 (type: int)
                   1 _col0 (type: int), _col1 (type: int)
                 outputColumnNames: _col0, _col3
-                Statistics: Num rows: 60 Data size: 7257 Basic stats: COMPLETE Column stats: NONE
+                Statistics: Num rows: 29 Data size: 3627 Basic stats: COMPLETE Column stats: NONE
                 Select Operator
                   expressions: _col0 (type: int), _col3 (type: int)
                   outputColumnNames: _col0, _col1
-                  Statistics: Num rows: 60 Data size: 7257 Basic stats: COMPLETE Column stats: NONE
+                  Statistics: Num rows: 29 Data size: 3627 Basic stats: COMPLETE Column stats: NONE
                   File Output Operator
                     compressed: false
-                    Statistics: Num rows: 60 Data size: 7257 Basic stats: COMPLETE Column stats: NONE
+                    Statistics: Num rows: 29 Data size: 3627 Basic stats: COMPLETE Column stats: NONE
                     table:
                         input format: org.apache.hadoop.mapred.TextInputFormat
                         output format: org.apache.hadoop.hive.ql.io.HiveIgnoreKeyTextOutputFormat
diff --git a/ql/src/test/results/clientpositive/vector_orderby_5.q.out b/ql/src/test/results/clientpositive/vector_orderby_5.q.out
index 3e24a32757..a3be243656 100644
--- a/ql/src/test/results/clientpositive/vector_orderby_5.q.out
+++ b/ql/src/test/results/clientpositive/vector_orderby_5.q.out
@@ -142,7 +142,7 @@ STAGE PLANS:
           keys: KEY._col0 (type: boolean)
           mode: mergepartial
           outputColumnNames: _col0, _col1
-          Statistics: Num rows: 2000 Data size: 918712 Basic stats: COMPLETE Column stats: NONE
+          Statistics: Num rows: 1000 Data size: 459356 Basic stats: COMPLETE Column stats: NONE
           File Output Operator
             compressed: false
             table:
@@ -157,16 +157,16 @@ STAGE PLANS:
             Reduce Output Operator
               key expressions: _col0 (type: boolean)
               sort order: -
-              Statistics: Num rows: 2000 Data size: 918712 Basic stats: COMPLETE Column stats: NONE
+              Statistics: Num rows: 1000 Data size: 459356 Basic stats: COMPLETE Column stats: NONE
               value expressions: _col1 (type: bigint)
       Reduce Operator Tree:
         Select Operator
           expressions: KEY.reducesinkkey0 (type: boolean), VALUE._col0 (type: bigint)
           outputColumnNames: _col0, _col1
-          Statistics: Num rows: 2000 Data size: 918712 Basic stats: COMPLETE Column stats: NONE
+          Statistics: Num rows: 1000 Data size: 459356 Basic stats: COMPLETE Column stats: NONE
           File Output Operator
             compressed: false
-            Statistics: Num rows: 2000 Data size: 918712 Basic stats: COMPLETE Column stats: NONE
+            Statistics: Num rows: 1000 Data size: 459356 Basic stats: COMPLETE Column stats: NONE
             table:
                 input format: org.apache.hadoop.mapred.TextInputFormat
                 output format: org.apache.hadoop.hive.ql.io.HiveIgnoreKeyTextOutputFormat
diff --git a/ql/src/test/results/clientpositive/vector_reduce_groupby_decimal.q.out b/ql/src/test/results/clientpositive/vector_reduce_groupby_decimal.q.out
index 084d3d5ce4..77dc175cf3 100644
--- a/ql/src/test/results/clientpositive/vector_reduce_groupby_decimal.q.out
+++ b/ql/src/test/results/clientpositive/vector_reduce_groupby_decimal.q.out
@@ -58,7 +58,7 @@ STAGE PLANS:
           keys: KEY._col0 (type: int), KEY._col1 (type: double), KEY._col2 (type: decimal(20,10)), KEY._col3 (type: decimal(23,14))
           mode: mergepartial
           outputColumnNames: _col0, _col1, _col2, _col3, _col4
-          Statistics: Num rows: 1526 Data size: 360136 Basic stats: COMPLETE Column stats: NONE
+          Statistics: Num rows: 763 Data size: 180068 Basic stats: COMPLETE Column stats: NONE
           File Output Operator
             compressed: false
             table:
@@ -73,13 +73,13 @@ STAGE PLANS:
             Reduce Output Operator
               key expressions: _col0 (type: int), _col1 (type: double), _col2 (type: decimal(20,10)), _col3 (type: decimal(23,14))
               sort order: ++++
-              Statistics: Num rows: 1526 Data size: 360136 Basic stats: COMPLETE Column stats: NONE
+              Statistics: Num rows: 763 Data size: 180068 Basic stats: COMPLETE Column stats: NONE
               value expressions: _col4 (type: decimal(20,10))
       Reduce Operator Tree:
         Select Operator
           expressions: KEY.reducesinkkey0 (type: int), KEY.reducesinkkey1 (type: double), KEY.reducesinkkey2 (type: decimal(20,10)), KEY.reducesinkkey3 (type: decimal(23,14)), VALUE._col0 (type: decimal(20,10))
           outputColumnNames: _col0, _col1, _col2, _col3, _col4
-          Statistics: Num rows: 1526 Data size: 360136 Basic stats: COMPLETE Column stats: NONE
+          Statistics: Num rows: 763 Data size: 180068 Basic stats: COMPLETE Column stats: NONE
           Limit
             Number of rows: 50
             Statistics: Num rows: 50 Data size: 11800 Basic stats: COMPLETE Column stats: NONE
diff --git a/ql/src/test/results/clientpositive/vectorization_limit.q.out b/ql/src/test/results/clientpositive/vectorization_limit.q.out
index 8c47ece44c..e2cba2655e 100644
--- a/ql/src/test/results/clientpositive/vectorization_limit.q.out
+++ b/ql/src/test/results/clientpositive/vectorization_limit.q.out
@@ -485,7 +485,7 @@ STAGE PLANS:
           keys: KEY._col0 (type: double)
           mode: mergepartial
           outputColumnNames: _col0, _col1
-          Statistics: Num rows: 6144 Data size: 188618 Basic stats: COMPLETE Column stats: NONE
+          Statistics: Num rows: 3072 Data size: 94309 Basic stats: COMPLETE Column stats: NONE
           File Output Operator
             compressed: false
             table:
@@ -500,13 +500,13 @@ STAGE PLANS:
             Reduce Output Operator
               key expressions: _col1 (type: bigint), _col0 (type: double)
               sort order: ++
-              Statistics: Num rows: 6144 Data size: 188618 Basic stats: COMPLETE Column stats: NONE
+              Statistics: Num rows: 3072 Data size: 94309 Basic stats: COMPLETE Column stats: NONE
               TopN Hash Memory Usage: 0.3
       Reduce Operator Tree:
         Select Operator
           expressions: KEY.reducesinkkey1 (type: double), KEY.reducesinkkey0 (type: bigint)
           outputColumnNames: _col0, _col1
-          Statistics: Num rows: 6144 Data size: 188618 Basic stats: COMPLETE Column stats: NONE
+          Statistics: Num rows: 3072 Data size: 94309 Basic stats: COMPLETE Column stats: NONE
           Limit
             Number of rows: 20
             Statistics: Num rows: 20 Data size: 600 Basic stats: COMPLETE Column stats: NONE
diff --git a/ql/src/test/results/clientpositive/vectorized_ptf.q.out b/ql/src/test/results/clientpositive/vectorized_ptf.q.out
index 5acda351f6..13f5af5d97 100644
--- a/ql/src/test/results/clientpositive/vectorized_ptf.q.out
+++ b/ql/src/test/results/clientpositive/vectorized_ptf.q.out
@@ -1964,7 +1964,7 @@ STAGE PLANS:
           keys: KEY._col0 (type: string), KEY._col1 (type: string), KEY._col2 (type: int)
           mode: mergepartial
           outputColumnNames: _col0, _col1, _col2
-          Statistics: Num rows: 26 Data size: 16042 Basic stats: COMPLETE Column stats: NONE
+          Statistics: Num rows: 13 Data size: 8021 Basic stats: COMPLETE Column stats: NONE
           File Output Operator
             compressed: false
             GlobalTableId: 0
@@ -1992,7 +1992,7 @@ STAGE PLANS:
               key expressions: _col0 (type: string), _col1 (type: string)
               sort order: ++
               Map-reduce partition columns: _col0 (type: string)
-              Statistics: Num rows: 26 Data size: 16042 Basic stats: COMPLETE Column stats: NONE
+              Statistics: Num rows: 13 Data size: 8021 Basic stats: COMPLETE Column stats: NONE
               tag: -1
               value expressions: _col0 (type: string), _col1 (type: string), _col2 (type: int)
               auto parallelism: false
@@ -2024,19 +2024,19 @@ STAGE PLANS:
       Needs Tagging: false
       Reduce Operator Tree:
         Extract
-          Statistics: Num rows: 26 Data size: 16042 Basic stats: COMPLETE Column stats: NONE
+          Statistics: Num rows: 13 Data size: 8021 Basic stats: COMPLETE Column stats: NONE
           PTF Operator
-            Statistics: Num rows: 26 Data size: 16042 Basic stats: COMPLETE Column stats: NONE
+            Statistics: Num rows: 13 Data size: 8021 Basic stats: COMPLETE Column stats: NONE
             Select Operator
               expressions: _col0 (type: string), _col1 (type: string), _col2 (type: int), _wcol0 (type: int), _wcol1 (type: int), _col2 (type: int), (_col2 - _wcol2) (type: int)
               outputColumnNames: _col0, _col1, _col2, _col3, _col4, _col5, _col6
-              Statistics: Num rows: 26 Data size: 16042 Basic stats: COMPLETE Column stats: NONE
+              Statistics: Num rows: 13 Data size: 8021 Basic stats: COMPLETE Column stats: NONE
               File Output Operator
                 compressed: false
                 GlobalTableId: 0
 #### A masked pattern was here ####
                 NumFilesPerFileSink: 1
-                Statistics: Num rows: 26 Data size: 16042 Basic stats: COMPLETE Column stats: NONE
+                Statistics: Num rows: 13 Data size: 8021 Basic stats: COMPLETE Column stats: NONE
 #### A masked pattern was here ####
                 table:
                     input format: org.apache.hadoop.mapred.TextInputFormat
@@ -5490,7 +5490,7 @@ STAGE PLANS:
           keys: KEY._col0 (type: string), KEY._col1 (type: string)
           mode: mergepartial
           outputColumnNames: _col0, _col1, _col2
-          Statistics: Num rows: 26 Data size: 16042 Basic stats: COMPLETE Column stats: NONE
+          Statistics: Num rows: 13 Data size: 8021 Basic stats: COMPLETE Column stats: NONE
           File Output Operator
             compressed: false
             GlobalTableId: 0
@@ -5518,7 +5518,7 @@ STAGE PLANS:
               key expressions: _col0 (type: string), _col0 (type: string)
               sort order: ++
               Map-reduce partition columns: _col0 (type: string)
-              Statistics: Num rows: 26 Data size: 16042 Basic stats: COMPLETE Column stats: NONE
+              Statistics: Num rows: 13 Data size: 8021 Basic stats: COMPLETE Column stats: NONE
               tag: -1
               value expressions: _col0 (type: string), _col1 (type: string), _col2 (type: double)
               auto parallelism: false
@@ -5550,9 +5550,9 @@ STAGE PLANS:
       Needs Tagging: false
       Reduce Operator Tree:
         Extract
-          Statistics: Num rows: 26 Data size: 16042 Basic stats: COMPLETE Column stats: NONE
+          Statistics: Num rows: 13 Data size: 8021 Basic stats: COMPLETE Column stats: NONE
           PTF Operator
-            Statistics: Num rows: 26 Data size: 16042 Basic stats: COMPLETE Column stats: NONE
+            Statistics: Num rows: 13 Data size: 8021 Basic stats: COMPLETE Column stats: NONE
             File Output Operator
               compressed: false
               GlobalTableId: 0
@@ -5580,7 +5580,7 @@ STAGE PLANS:
               key expressions: _col0 (type: string), _col1 (type: string)
               sort order: ++
               Map-reduce partition columns: _col0 (type: string)
-              Statistics: Num rows: 26 Data size: 16042 Basic stats: COMPLETE Column stats: NONE
+              Statistics: Num rows: 13 Data size: 8021 Basic stats: COMPLETE Column stats: NONE
               tag: -1
               value expressions: _col0 (type: string), _col1 (type: string), _col2 (type: double)
               auto parallelism: false
@@ -5612,19 +5612,19 @@ STAGE PLANS:
       Needs Tagging: false
       Reduce Operator Tree:
         Extract
-          Statistics: Num rows: 26 Data size: 16042 Basic stats: COMPLETE Column stats: NONE
+          Statistics: Num rows: 13 Data size: 8021 Basic stats: COMPLETE Column stats: NONE
           PTF Operator
-            Statistics: Num rows: 26 Data size: 16042 Basic stats: COMPLETE Column stats: NONE
+            Statistics: Num rows: 13 Data size: 8021 Basic stats: COMPLETE Column stats: NONE
             Select Operator
               expressions: _col0 (type: string), _col1 (type: string), _col2 (type: double), _wcol0 (type: double)
               outputColumnNames: _col0, _col1, _col2, _col3
-              Statistics: Num rows: 26 Data size: 16042 Basic stats: COMPLETE Column stats: NONE
+              Statistics: Num rows: 13 Data size: 8021 Basic stats: COMPLETE Column stats: NONE
               File Output Operator
                 compressed: false
                 GlobalTableId: 0
 #### A masked pattern was here ####
                 NumFilesPerFileSink: 1
-                Statistics: Num rows: 26 Data size: 16042 Basic stats: COMPLETE Column stats: NONE
+                Statistics: Num rows: 13 Data size: 8021 Basic stats: COMPLETE Column stats: NONE
 #### A masked pattern was here ####
                 table:
                     input format: org.apache.hadoop.mapred.TextInputFormat
