diff --git a/ql/src/test/results/clientpositive/tez/vector_partition_diff_num_cols.q.out b/ql/src/test/results/clientpositive/tez/vector_partition_diff_num_cols.q.out
index 7d860f7165..ec3b0936d5 100644
--- a/ql/src/test/results/clientpositive/tez/vector_partition_diff_num_cols.q.out
+++ b/ql/src/test/results/clientpositive/tez/vector_partition_diff_num_cols.q.out
@@ -100,10 +100,10 @@ STAGE PLANS:
                   Statistics: Num rows: 200 Data size: 3176 Basic stats: COMPLETE Column stats: NONE
                   Select Operator
                     expressions: inv_quantity_on_hand (type: int)
-                    outputColumnNames: inv_quantity_on_hand
+                    outputColumnNames: _col0
                     Statistics: Num rows: 200 Data size: 3176 Basic stats: COMPLETE Column stats: NONE
                     Group By Operator
-                      aggregations: sum(inv_quantity_on_hand)
+                      aggregations: sum(_col0)
                       mode: hash
                       outputColumnNames: _col0
                       Statistics: Num rows: 1 Data size: 8 Basic stats: COMPLETE Column stats: NONE
@@ -230,10 +230,10 @@ STAGE PLANS:
                   Statistics: Num rows: 200 Data size: 11876 Basic stats: COMPLETE Column stats: NONE
                   Select Operator
                     expressions: inv_quantity_on_hand (type: int)
-                    outputColumnNames: inv_quantity_on_hand
+                    outputColumnNames: _col0
                     Statistics: Num rows: 200 Data size: 11876 Basic stats: COMPLETE Column stats: NONE
                     Group By Operator
-                      aggregations: sum(inv_quantity_on_hand)
+                      aggregations: sum(_col0)
                       mode: hash
                       outputColumnNames: _col0
                       Statistics: Num rows: 1 Data size: 8 Basic stats: COMPLETE Column stats: NONE
@@ -361,10 +361,10 @@ STAGE PLANS:
                   Statistics: Num rows: 200 Data size: 3176 Basic stats: COMPLETE Column stats: NONE
                   Select Operator
                     expressions: inv_quantity_on_hand (type: int)
-                    outputColumnNames: inv_quantity_on_hand
+                    outputColumnNames: _col0
                     Statistics: Num rows: 200 Data size: 3176 Basic stats: COMPLETE Column stats: NONE
                     Group By Operator
-                      aggregations: sum(inv_quantity_on_hand)
+                      aggregations: sum(_col0)
                       mode: hash
                       outputColumnNames: _col0
                       Statistics: Num rows: 1 Data size: 8 Basic stats: COMPLETE Column stats: NONE
@@ -473,10 +473,10 @@ STAGE PLANS:
                   Statistics: Num rows: 200 Data size: 3176 Basic stats: COMPLETE Column stats: NONE
                   Select Operator
                     expressions: inv_quantity_on_hand (type: int)
-                    outputColumnNames: inv_quantity_on_hand
+                    outputColumnNames: _col0
                     Statistics: Num rows: 200 Data size: 3176 Basic stats: COMPLETE Column stats: NONE
                     Group By Operator
-                      aggregations: sum(inv_quantity_on_hand)
+                      aggregations: sum(_col0)
                       mode: hash
                       outputColumnNames: _col0
                       Statistics: Num rows: 1 Data size: 8 Basic stats: COMPLETE Column stats: NONE
@@ -591,10 +591,10 @@ STAGE PLANS:
                   Statistics: Num rows: 200 Data size: 3176 Basic stats: COMPLETE Column stats: NONE
                   Select Operator
                     expressions: inv_quantity_on_hand (type: int)
-                    outputColumnNames: inv_quantity_on_hand
+                    outputColumnNames: _col0
                     Statistics: Num rows: 200 Data size: 3176 Basic stats: COMPLETE Column stats: NONE
                     Group By Operator
-                      aggregations: sum(inv_quantity_on_hand)
+                      aggregations: sum(_col0)
                       mode: hash
                       outputColumnNames: _col0
                       Statistics: Num rows: 1 Data size: 8 Basic stats: COMPLETE Column stats: NONE
diff --git a/ql/src/test/results/clientpositive/vector_partition_diff_num_cols.q.out b/ql/src/test/results/clientpositive/vector_partition_diff_num_cols.q.out
index 33307dee98..09f586d622 100644
--- a/ql/src/test/results/clientpositive/vector_partition_diff_num_cols.q.out
+++ b/ql/src/test/results/clientpositive/vector_partition_diff_num_cols.q.out
@@ -95,10 +95,10 @@ STAGE PLANS:
             Statistics: Num rows: 200 Data size: 3176 Basic stats: COMPLETE Column stats: NONE
             Select Operator
               expressions: inv_quantity_on_hand (type: int)
-              outputColumnNames: inv_quantity_on_hand
+              outputColumnNames: _col0
               Statistics: Num rows: 200 Data size: 3176 Basic stats: COMPLETE Column stats: NONE
               Group By Operator
-                aggregations: sum(inv_quantity_on_hand)
+                aggregations: sum(_col0)
                 mode: hash
                 outputColumnNames: _col0
                 Statistics: Num rows: 1 Data size: 8 Basic stats: COMPLETE Column stats: NONE
@@ -218,10 +218,10 @@ STAGE PLANS:
             Statistics: Num rows: 200 Data size: 11876 Basic stats: COMPLETE Column stats: NONE
             Select Operator
               expressions: inv_quantity_on_hand (type: int)
-              outputColumnNames: inv_quantity_on_hand
+              outputColumnNames: _col0
               Statistics: Num rows: 200 Data size: 11876 Basic stats: COMPLETE Column stats: NONE
               Group By Operator
-                aggregations: sum(inv_quantity_on_hand)
+                aggregations: sum(_col0)
                 mode: hash
                 outputColumnNames: _col0
                 Statistics: Num rows: 1 Data size: 8 Basic stats: COMPLETE Column stats: NONE
@@ -342,10 +342,10 @@ STAGE PLANS:
             Statistics: Num rows: 200 Data size: 3176 Basic stats: COMPLETE Column stats: NONE
             Select Operator
               expressions: inv_quantity_on_hand (type: int)
-              outputColumnNames: inv_quantity_on_hand
+              outputColumnNames: _col0
               Statistics: Num rows: 200 Data size: 3176 Basic stats: COMPLETE Column stats: NONE
               Group By Operator
-                aggregations: sum(inv_quantity_on_hand)
+                aggregations: sum(_col0)
                 mode: hash
                 outputColumnNames: _col0
                 Statistics: Num rows: 1 Data size: 8 Basic stats: COMPLETE Column stats: NONE
@@ -447,10 +447,10 @@ STAGE PLANS:
             Statistics: Num rows: 200 Data size: 3176 Basic stats: COMPLETE Column stats: NONE
             Select Operator
               expressions: inv_quantity_on_hand (type: int)
-              outputColumnNames: inv_quantity_on_hand
+              outputColumnNames: _col0
               Statistics: Num rows: 200 Data size: 3176 Basic stats: COMPLETE Column stats: NONE
               Group By Operator
-                aggregations: sum(inv_quantity_on_hand)
+                aggregations: sum(_col0)
                 mode: hash
                 outputColumnNames: _col0
                 Statistics: Num rows: 1 Data size: 8 Basic stats: COMPLETE Column stats: NONE
@@ -558,10 +558,10 @@ STAGE PLANS:
             Statistics: Num rows: 200 Data size: 3176 Basic stats: COMPLETE Column stats: NONE
             Select Operator
               expressions: inv_quantity_on_hand (type: int)
-              outputColumnNames: inv_quantity_on_hand
+              outputColumnNames: _col0
               Statistics: Num rows: 200 Data size: 3176 Basic stats: COMPLETE Column stats: NONE
               Group By Operator
-                aggregations: sum(inv_quantity_on_hand)
+                aggregations: sum(_col0)
                 mode: hash
                 outputColumnNames: _col0
                 Statistics: Num rows: 1 Data size: 8 Basic stats: COMPLETE Column stats: NONE
