diff --git a/contrib/src/test/results/clientpositive/udaf_example_group_concat.q.out b/contrib/src/test/results/clientpositive/udaf_example_group_concat.q.out
index 4123c5a148..856dcfe337 100644
--- a/contrib/src/test/results/clientpositive/udaf_example_group_concat.q.out
+++ b/contrib/src/test/results/clientpositive/udaf_example_group_concat.q.out
@@ -26,11 +26,11 @@ STAGE PLANS:
             alias: src
             Statistics: Num rows: 500 Data size: 5312 Basic stats: COMPLETE Column stats: NONE
             Select Operator
-              expressions: substr(value, 5, 1) (type: string), '(' (type: string), key (type: string), ':' (type: string), value (type: string), ')' (type: string)
-              outputColumnNames: _col0, _col1, _col2, _col3, _col4, _col5
+              expressions: substr(value, 5, 1) (type: string), key (type: string), value (type: string)
+              outputColumnNames: _col0, _col2, _col4
               Statistics: Num rows: 500 Data size: 5312 Basic stats: COMPLETE Column stats: NONE
               Group By Operator
-                aggregations: example_group_concat(_col1, _col2, _col3, _col4, _col5)
+                aggregations: example_group_concat('(', _col2, ':', _col4, ')')
                 keys: _col0 (type: string)
                 mode: hash
                 outputColumnNames: _col0, _col1
diff --git a/contrib/src/test/results/clientpositive/udaf_example_max_n.q.out b/contrib/src/test/results/clientpositive/udaf_example_max_n.q.out
index 4e911ed30d..05e0028f36 100644
--- a/contrib/src/test/results/clientpositive/udaf_example_max_n.q.out
+++ b/contrib/src/test/results/clientpositive/udaf_example_max_n.q.out
@@ -26,11 +26,11 @@ STAGE PLANS:
             alias: src
             Statistics: Num rows: 500 Data size: 5312 Basic stats: COMPLETE Column stats: NONE
             Select Operator
-              expressions: substr(value, 5) (type: string), 10 (type: int), if((UDFToDouble(substr(value, 5)) > 250.0), null, substr(value, 5)) (type: string)
-              outputColumnNames: _col0, _col1, _col2
+              expressions: substr(value, 5) (type: string), if((UDFToDouble(substr(value, 5)) > 250.0), null, substr(value, 5)) (type: string)
+              outputColumnNames: _col0, _col2
               Statistics: Num rows: 500 Data size: 5312 Basic stats: COMPLETE Column stats: NONE
               Group By Operator
-                aggregations: example_max_n(_col0, _col1), example_max_n(_col2, _col1)
+                aggregations: example_max_n(_col0, 10), example_max_n(_col2, 10)
                 mode: hash
                 outputColumnNames: _col0, _col1
                 Statistics: Num rows: 1 Data size: 0 Basic stats: PARTIAL Column stats: NONE
diff --git a/contrib/src/test/results/clientpositive/udaf_example_min_n.q.out b/contrib/src/test/results/clientpositive/udaf_example_min_n.q.out
index c732838e22..aba1569f33 100644
--- a/contrib/src/test/results/clientpositive/udaf_example_min_n.q.out
+++ b/contrib/src/test/results/clientpositive/udaf_example_min_n.q.out
@@ -26,11 +26,11 @@ STAGE PLANS:
             alias: src
             Statistics: Num rows: 500 Data size: 5312 Basic stats: COMPLETE Column stats: NONE
             Select Operator
-              expressions: substr(value, 5) (type: string), 10 (type: int), if((UDFToDouble(substr(value, 5)) < 250.0), null, substr(value, 5)) (type: string)
-              outputColumnNames: _col0, _col1, _col2
+              expressions: substr(value, 5) (type: string), if((UDFToDouble(substr(value, 5)) < 250.0), null, substr(value, 5)) (type: string)
+              outputColumnNames: _col0, _col2
               Statistics: Num rows: 500 Data size: 5312 Basic stats: COMPLETE Column stats: NONE
               Group By Operator
-                aggregations: example_min_n(_col0, _col1), example_min_n(_col2, _col1)
+                aggregations: example_min_n(_col0, 10), example_min_n(_col2, 10)
                 mode: hash
                 outputColumnNames: _col0, _col1
                 Statistics: Num rows: 1 Data size: 0 Basic stats: PARTIAL Column stats: NONE
diff --git a/ql/src/java/org/apache/hadoop/hive/ql/optimizer/calcite/translator/RexNodeConverter.java b/ql/src/java/org/apache/hadoop/hive/ql/optimizer/calcite/translator/RexNodeConverter.java
index 99b2950c07..58f89c5209 100644
--- a/ql/src/java/org/apache/hadoop/hive/ql/optimizer/calcite/translator/RexNodeConverter.java
+++ b/ql/src/java/org/apache/hadoop/hive/ql/optimizer/calcite/translator/RexNodeConverter.java
@@ -389,8 +389,11 @@ protected RexNode convert(ExprNodeConstantDesc literal) throws CalciteSemanticEx
       }
       calciteLiteral = rexBuilder.makeTimestampLiteral(c, RelDataType.PRECISION_NOT_SPECIFIED);
       break;
-    case BINARY:
     case VOID:
+      calciteLiteral = cluster.getRexBuilder().makeLiteral(null,
+          cluster.getTypeFactory().createSqlType(SqlTypeName.NULL), true);
+      break;
+    case BINARY:
     case UNKNOWN:
     default:
       throw new RuntimeException("UnSupported Literal");
diff --git a/ql/src/java/org/apache/hadoop/hive/ql/parse/TypeCheckProcFactory.java b/ql/src/java/org/apache/hadoop/hive/ql/parse/TypeCheckProcFactory.java
index bd610d9a3e..ca1b5c6664 100644
--- a/ql/src/java/org/apache/hadoop/hive/ql/parse/TypeCheckProcFactory.java
+++ b/ql/src/java/org/apache/hadoop/hive/ql/parse/TypeCheckProcFactory.java
@@ -62,8 +62,10 @@
 import org.apache.hadoop.hive.ql.udf.generic.GenericUDFBaseCompare;
 import org.apache.hadoop.hive.ql.udf.generic.GenericUDFOPEqual;
 import org.apache.hadoop.hive.serde.serdeConstants;
+import org.apache.hadoop.hive.serde2.objectinspector.ConstantObjectInspector;
 import org.apache.hadoop.hive.serde2.objectinspector.ObjectInspector;
 import org.apache.hadoop.hive.serde2.objectinspector.ObjectInspector.Category;
+import org.apache.hadoop.hive.serde2.objectinspector.PrimitiveObjectInspector;
 import org.apache.hadoop.hive.serde2.typeinfo.CharTypeInfo;
 import org.apache.hadoop.hive.serde2.typeinfo.DecimalTypeInfo;
 import org.apache.hadoop.hive.serde2.typeinfo.ListTypeInfo;
@@ -513,9 +515,7 @@ public Object process(Node nd, Stack<Node> stack, NodeProcessorCtx procCtx,
             return null;
           }
           // It's a column.
-          return new ExprNodeColumnDesc(colInfo.getType(), colInfo
-              .getInternalName(), colInfo.getTabAlias(), colInfo
-              .getIsVirtualCol());
+          return toExprNodeDesc(colInfo);
         } else {
           // It's a table alias.
           // We will process that later in DOT.
@@ -547,11 +547,7 @@ public Object process(Node nd, Stack<Node> stack, NodeProcessorCtx procCtx,
           }
         } else {
           // It's a column.
-          ExprNodeColumnDesc exprNodColDesc = new ExprNodeColumnDesc(colInfo.getType(), colInfo
-              .getInternalName(), colInfo.getTabAlias(), colInfo
-              .getIsVirtualCol());
-          exprNodColDesc.setSkewedCol(colInfo.isSkewedCol());
-          return exprNodColDesc;
+          return toExprNodeDesc(colInfo);
         }
       }
 
@@ -559,6 +555,22 @@ public Object process(Node nd, Stack<Node> stack, NodeProcessorCtx procCtx,
 
   }
 
+  private static ExprNodeDesc toExprNodeDesc(ColumnInfo colInfo) {
+    ObjectInspector inspector = colInfo.getObjectInspector();
+    if (inspector instanceof ConstantObjectInspector && 
+        inspector instanceof PrimitiveObjectInspector) {
+      PrimitiveObjectInspector poi = (PrimitiveObjectInspector) inspector;
+      Object constant = ((ConstantObjectInspector) inspector).getWritableConstantValue();
+      return new ExprNodeConstantDesc(colInfo.getType(), poi.getPrimitiveJavaObject(constant));
+    }
+    // non-constant or non-primitive constants
+    ExprNodeColumnDesc column = new ExprNodeColumnDesc(colInfo.getType(), colInfo
+        .getInternalName(), colInfo.getTabAlias(), colInfo
+        .getIsVirtualCol());
+    column.setSkewedCol(colInfo.isSkewedCol());
+    return column;
+  }
+
   /**
    * Factory method to get ColumnExprProcessor.
    *
@@ -979,7 +991,7 @@ private boolean isDescendant(Node ans, Node des) {
       return false;
     }
 
-    protected ExprNodeColumnDesc processQualifiedColRef(TypeCheckCtx ctx, ASTNode expr,
+    protected ExprNodeDesc processQualifiedColRef(TypeCheckCtx ctx, ASTNode expr,
         Object... nodeOutputs) throws SemanticException {
       RowResolver input = ctx.getInputRR();
       String tableAlias = BaseSemanticAnalyzer.unescapeIdentifier(expr.getChild(0).getChild(0)
@@ -993,8 +1005,7 @@ protected ExprNodeColumnDesc processQualifiedColRef(TypeCheckCtx ctx, ASTNode ex
         ctx.setError(ErrorMsg.INVALID_COLUMN.getMsg(expr.getChild(1)), expr);
         return null;
       }
-      return new ExprNodeColumnDesc(colInfo.getType(), colInfo.getInternalName(),
-          colInfo.getTabAlias(), colInfo.getIsVirtualCol());
+      return toExprNodeDesc(colInfo);
     }
 
     @Override
@@ -1080,16 +1091,14 @@ public Object process(Node nd, Stack<Node> stack, NodeProcessorCtx procCtx,
           for (Map.Entry<String, ColumnInfo> colMap : columns.entrySet()) {
             ColumnInfo colInfo = colMap.getValue();
             if (!colInfo.getIsVirtualCol()) {
-              columnList.addColumn(new ExprNodeColumnDesc(colInfo.getType(),
-                  colInfo.getInternalName(), colInfo.getTabAlias(), false));
+              columnList.addColumn(toExprNodeDesc(colInfo));
             }
           }
         } else {
           // all columns (select *, for example)
           for (ColumnInfo colInfo : input.getColumnInfos()) {
             if (!colInfo.getIsVirtualCol()) {
-              columnList.addColumn(new ExprNodeColumnDesc(colInfo.getType(),
-                  colInfo.getInternalName(), colInfo.getTabAlias(), false));
+              columnList.addColumn(toExprNodeDesc(colInfo));
             }
           }
         }
@@ -1127,7 +1136,7 @@ public Object process(Node nd, Stack<Node> stack, NodeProcessorCtx procCtx,
           expr.getChildCount() - childrenBegin);
       for (int ci = childrenBegin; ci < expr.getChildCount(); ci++) {
         if (nodeOutputs[ci] instanceof ExprNodeColumnListDesc) {
-          children.addAll(((ExprNodeColumnListDesc)nodeOutputs[ci]).getChildren());
+          children.addAll(((ExprNodeColumnListDesc) nodeOutputs[ci]).getChildren());
         } else {
           children.add((ExprNodeDesc) nodeOutputs[ci]);
         }
@@ -1142,8 +1151,7 @@ public Object process(Node nd, Stack<Node> stack, NodeProcessorCtx procCtx,
         RowResolver input = ctx.getInputRR();
         for (ColumnInfo colInfo : input.getColumnInfos()) {
           if (!colInfo.getIsVirtualCol()) {
-            children.add(new ExprNodeColumnDesc(colInfo.getType(),
-                colInfo.getInternalName(), colInfo.getTabAlias(), false));
+            children.add(toExprNodeDesc(colInfo));
           }
         }
       }
diff --git a/ql/src/java/org/apache/hadoop/hive/ql/plan/ExprNodeColumnListDesc.java b/ql/src/java/org/apache/hadoop/hive/ql/plan/ExprNodeColumnListDesc.java
index f8738cdafd..be78e7339c 100644
--- a/ql/src/java/org/apache/hadoop/hive/ql/plan/ExprNodeColumnListDesc.java
+++ b/ql/src/java/org/apache/hadoop/hive/ql/plan/ExprNodeColumnListDesc.java
@@ -30,16 +30,17 @@
  */
 public class ExprNodeColumnListDesc extends ExprNodeDesc {
 
-  List<ExprNodeColumnDesc> columns = new ArrayList<ExprNodeColumnDesc>();
+  // column or constant
+  final List<ExprNodeDesc> columns = new ArrayList<ExprNodeDesc>();
 
-  public void addColumn(ExprNodeColumnDesc column) {
+  public void addColumn(ExprNodeDesc column) {
     columns.add(column);
   }
 
   @Override
   public ExprNodeDesc clone() {
     ExprNodeColumnListDesc clone = new ExprNodeColumnListDesc();
-    clone.columns = new ArrayList<ExprNodeColumnDesc>(columns);
+    clone.columns.addAll(columns);
     return clone;
   }
 
@@ -73,11 +74,7 @@ public String getTypeString() {
 
   @Override
   public List<String> getCols() {
-    List<String> cols = new ArrayList<String>();
-    for (ExprNodeColumnDesc column : columns) {
-      cols.add(column.getColumn());
-    }
-    return cols;
+    throw new IllegalStateException();
   }
 
   @Override
diff --git a/ql/src/test/queries/clientpositive/udaf_percentile_approx_23.q b/ql/src/test/queries/clientpositive/udaf_percentile_approx_23.q
index fa1dd6ebfb..e958eb82e5 100644
--- a/ql/src/test/queries/clientpositive/udaf_percentile_approx_23.q
+++ b/ql/src/test/queries/clientpositive/udaf_percentile_approx_23.q
@@ -91,3 +91,8 @@ set hive.cbo.enable=false;
 explain 
 select percentile_approx(case when key < 100 then cast('NaN' as double) else key end, 0.5) from bucket;
 select percentile_approx(case when key < 100 then cast('NaN' as double) else key end, 0.5) from bucket;
+
+-- with CBO
+explain 
+select percentile_approx(key, 0.5) from bucket;
+select percentile_approx(key, 0.5) from bucket;
diff --git a/ql/src/test/results/clientpositive/annotate_stats_select.q.out b/ql/src/test/results/clientpositive/annotate_stats_select.q.out
index 03e1f6f1e0..65270d0862 100644
--- a/ql/src/test/results/clientpositive/annotate_stats_select.q.out
+++ b/ql/src/test/results/clientpositive/annotate_stats_select.q.out
@@ -750,11 +750,9 @@ STAGE PLANS:
             alias: alltypes_orc
             Statistics: Num rows: 2 Data size: 1686 Basic stats: COMPLETE Column stats: COMPLETE
             Select Operator
-              expressions: 1 (type: int)
-              outputColumnNames: _col0
               Statistics: Num rows: 2 Data size: 1686 Basic stats: COMPLETE Column stats: COMPLETE
               Group By Operator
-                aggregations: count(_col0)
+                aggregations: count(1)
                 mode: hash
                 outputColumnNames: _col0
                 Statistics: Num rows: 1 Data size: 8 Basic stats: COMPLETE Column stats: COMPLETE
diff --git a/ql/src/test/results/clientpositive/auto_join26.q.out b/ql/src/test/results/clientpositive/auto_join26.q.out
index 5580f4927e..0874b7f372 100644
--- a/ql/src/test/results/clientpositive/auto_join26.q.out
+++ b/ql/src/test/results/clientpositive/auto_join26.q.out
@@ -70,11 +70,11 @@ STAGE PLANS:
                   outputColumnNames: _col1
                   Statistics: Num rows: 275 Data size: 2921 Basic stats: COMPLETE Column stats: NONE
                   Select Operator
-                    expressions: _col1 (type: string), 1 (type: int)
-                    outputColumnNames: _col0, _col1
+                    expressions: _col1 (type: string)
+                    outputColumnNames: _col0
                     Statistics: Num rows: 275 Data size: 2921 Basic stats: COMPLETE Column stats: NONE
                     Group By Operator
-                      aggregations: count(_col1)
+                      aggregations: count(1)
                       keys: _col0 (type: string)
                       mode: hash
                       outputColumnNames: _col0, _col1
diff --git a/ql/src/test/results/clientpositive/auto_join27.q.out b/ql/src/test/results/clientpositive/auto_join27.q.out
index 06159c521e..d82cdb4bad 100644
--- a/ql/src/test/results/clientpositive/auto_join27.q.out
+++ b/ql/src/test/results/clientpositive/auto_join27.q.out
@@ -115,21 +115,17 @@ STAGE PLANS:
                       0 _col0 (type: string)
                       1 _col0 (type: string)
                     Statistics: Num rows: 273 Data size: 2908 Basic stats: COMPLETE Column stats: NONE
-                    Select Operator
-                      expressions: 1 (type: int)
+                    Group By Operator
+                      aggregations: count(1)
+                      mode: hash
                       outputColumnNames: _col0
-                      Statistics: Num rows: 273 Data size: 2908 Basic stats: COMPLETE Column stats: NONE
-                      Group By Operator
-                        aggregations: count(_col0)
-                        mode: hash
-                        outputColumnNames: _col0
-                        Statistics: Num rows: 1 Data size: 8 Basic stats: COMPLETE Column stats: NONE
-                        File Output Operator
-                          compressed: false
-                          table:
-                              input format: org.apache.hadoop.mapred.SequenceFileInputFormat
-                              output format: org.apache.hadoop.hive.ql.io.HiveSequenceFileOutputFormat
-                              serde: org.apache.hadoop.hive.serde2.lazybinary.LazyBinarySerDe
+                      Statistics: Num rows: 1 Data size: 8 Basic stats: COMPLETE Column stats: NONE
+                      File Output Operator
+                        compressed: false
+                        table:
+                            input format: org.apache.hadoop.mapred.SequenceFileInputFormat
+                            output format: org.apache.hadoop.hive.ql.io.HiveSequenceFileOutputFormat
+                            serde: org.apache.hadoop.hive.serde2.lazybinary.LazyBinarySerDe
           TableScan
             Union
               Statistics: Num rows: 249 Data size: 2644 Basic stats: COMPLETE Column stats: NONE
@@ -140,21 +136,17 @@ STAGE PLANS:
                   0 _col0 (type: string)
                   1 _col0 (type: string)
                 Statistics: Num rows: 273 Data size: 2908 Basic stats: COMPLETE Column stats: NONE
-                Select Operator
-                  expressions: 1 (type: int)
+                Group By Operator
+                  aggregations: count(1)
+                  mode: hash
                   outputColumnNames: _col0
-                  Statistics: Num rows: 273 Data size: 2908 Basic stats: COMPLETE Column stats: NONE
-                  Group By Operator
-                    aggregations: count(_col0)
-                    mode: hash
-                    outputColumnNames: _col0
-                    Statistics: Num rows: 1 Data size: 8 Basic stats: COMPLETE Column stats: NONE
-                    File Output Operator
-                      compressed: false
-                      table:
-                          input format: org.apache.hadoop.mapred.SequenceFileInputFormat
-                          output format: org.apache.hadoop.hive.ql.io.HiveSequenceFileOutputFormat
-                          serde: org.apache.hadoop.hive.serde2.lazybinary.LazyBinarySerDe
+                  Statistics: Num rows: 1 Data size: 8 Basic stats: COMPLETE Column stats: NONE
+                  File Output Operator
+                    compressed: false
+                    table:
+                        input format: org.apache.hadoop.mapred.SequenceFileInputFormat
+                        output format: org.apache.hadoop.hive.ql.io.HiveSequenceFileOutputFormat
+                        serde: org.apache.hadoop.hive.serde2.lazybinary.LazyBinarySerDe
       Local Work:
         Map Reduce Local Work
 
diff --git a/ql/src/test/results/clientpositive/bucket_groupby.q.out b/ql/src/test/results/clientpositive/bucket_groupby.q.out
index feb5ac8e6e..f23f25bdde 100644
--- a/ql/src/test/results/clientpositive/bucket_groupby.q.out
+++ b/ql/src/test/results/clientpositive/bucket_groupby.q.out
@@ -58,11 +58,11 @@ STAGE PLANS:
             alias: clustergroupby
             Statistics: Num rows: 500 Data size: 5312 Basic stats: COMPLETE Column stats: NONE
             Select Operator
-              expressions: key (type: string), 1 (type: int)
-              outputColumnNames: _col0, _col1
+              expressions: key (type: string)
+              outputColumnNames: _col0
               Statistics: Num rows: 500 Data size: 5312 Basic stats: COMPLETE Column stats: NONE
               Group By Operator
-                aggregations: count(_col1)
+                aggregations: count(1)
                 keys: _col0 (type: string)
                 mode: hash
                 outputColumnNames: _col0, _col1
@@ -167,11 +167,11 @@ STAGE PLANS:
             alias: clustergroupby
             Statistics: Num rows: 500 Data size: 5312 Basic stats: COMPLETE Column stats: NONE
             Select Operator
-              expressions: key (type: string), 1 (type: int)
-              outputColumnNames: _col0, _col1
+              expressions: key (type: string)
+              outputColumnNames: _col0
               Statistics: Num rows: 500 Data size: 5312 Basic stats: COMPLETE Column stats: NONE
               Group By Operator
-                aggregations: count(_col1)
+                aggregations: count(1)
                 keys: _col0 (type: string)
                 mode: hash
                 outputColumnNames: _col0, _col1
@@ -250,11 +250,11 @@ STAGE PLANS:
             alias: clustergroupby
             Statistics: Num rows: 500 Data size: 5312 Basic stats: COMPLETE Column stats: NONE
             Select Operator
-              expressions: length(key) (type: int), 1 (type: int)
-              outputColumnNames: _col0, _col1
+              expressions: length(key) (type: int)
+              outputColumnNames: _col0
               Statistics: Num rows: 500 Data size: 5312 Basic stats: COMPLETE Column stats: NONE
               Group By Operator
-                aggregations: count(_col1)
+                aggregations: count(1)
                 keys: _col0 (type: int)
                 mode: hash
                 outputColumnNames: _col0, _col1
@@ -324,11 +324,11 @@ STAGE PLANS:
             alias: clustergroupby
             Statistics: Num rows: 500 Data size: 5312 Basic stats: COMPLETE Column stats: NONE
             Select Operator
-              expressions: abs(length(key)) (type: int), 1 (type: int)
-              outputColumnNames: _col0, _col1
+              expressions: abs(length(key)) (type: int)
+              outputColumnNames: _col0
               Statistics: Num rows: 500 Data size: 5312 Basic stats: COMPLETE Column stats: NONE
               Group By Operator
-                aggregations: count(_col1)
+                aggregations: count(1)
                 keys: _col0 (type: int)
                 mode: hash
                 outputColumnNames: _col0, _col1
@@ -400,12 +400,12 @@ STAGE PLANS:
             alias: clustergroupby
             Statistics: Num rows: 500 Data size: 5312 Basic stats: COMPLETE Column stats: NONE
             Select Operator
-              expressions: key (type: string), 3 (type: int), 1 (type: int)
-              outputColumnNames: _col0, _col1, _col2
+              expressions: key (type: string)
+              outputColumnNames: _col0
               Statistics: Num rows: 500 Data size: 5312 Basic stats: COMPLETE Column stats: NONE
               Group By Operator
-                aggregations: count(_col2)
-                keys: _col0 (type: string), _col1 (type: int)
+                aggregations: count(1)
+                keys: _col0 (type: string), 3 (type: int)
                 mode: hash
                 outputColumnNames: _col0, _col1, _col2
                 Statistics: Num rows: 500 Data size: 5312 Basic stats: COMPLETE Column stats: NONE
@@ -483,11 +483,11 @@ STAGE PLANS:
             alias: clustergroupby
             Statistics: Num rows: 500 Data size: 5312 Basic stats: COMPLETE Column stats: NONE
             Select Operator
-              expressions: value (type: string), 1 (type: int)
-              outputColumnNames: _col0, _col1
+              expressions: value (type: string)
+              outputColumnNames: _col0
               Statistics: Num rows: 500 Data size: 5312 Basic stats: COMPLETE Column stats: NONE
               Group By Operator
-                aggregations: count(_col1)
+                aggregations: count(1)
                 keys: _col0 (type: string)
                 mode: hash
                 outputColumnNames: _col0, _col1
@@ -564,11 +564,11 @@ STAGE PLANS:
             alias: clustergroupby
             Statistics: Num rows: 1000 Data size: 10624 Basic stats: COMPLETE Column stats: NONE
             Select Operator
-              expressions: key (type: string), 1 (type: int)
-              outputColumnNames: _col0, _col1
+              expressions: key (type: string)
+              outputColumnNames: _col0
               Statistics: Num rows: 1000 Data size: 10624 Basic stats: COMPLETE Column stats: NONE
               Group By Operator
-                aggregations: count(_col1)
+                aggregations: count(1)
                 keys: _col0 (type: string)
                 mode: hash
                 outputColumnNames: _col0, _col1
@@ -943,12 +943,12 @@ STAGE PLANS:
             alias: clustergroupby
             Statistics: Num rows: 1000 Data size: 10624 Basic stats: COMPLETE Column stats: NONE
             Select Operator
-              expressions: key (type: string), 3 (type: int), 1 (type: int)
-              outputColumnNames: _col0, _col1, _col2
+              expressions: key (type: string)
+              outputColumnNames: _col0
               Statistics: Num rows: 1000 Data size: 10624 Basic stats: COMPLETE Column stats: NONE
               Group By Operator
-                aggregations: count(_col2)
-                keys: _col0 (type: string), _col1 (type: int)
+                aggregations: count(1)
+                keys: _col0 (type: string), 3 (type: int)
                 mode: hash
                 outputColumnNames: _col0, _col1, _col2
                 Statistics: Num rows: 1000 Data size: 10624 Basic stats: COMPLETE Column stats: NONE
@@ -1055,11 +1055,11 @@ STAGE PLANS:
             alias: clustergroupby
             Statistics: Num rows: 500 Data size: 5312 Basic stats: COMPLETE Column stats: NONE
             Select Operator
-              expressions: key (type: string), 1 (type: int)
-              outputColumnNames: _col0, _col1
+              expressions: key (type: string)
+              outputColumnNames: _col0
               Statistics: Num rows: 500 Data size: 5312 Basic stats: COMPLETE Column stats: NONE
               Group By Operator
-                aggregations: count(_col1)
+                aggregations: count(1)
                 bucketGroup: true
                 keys: _col0 (type: string)
                 mode: hash
@@ -1137,11 +1137,11 @@ STAGE PLANS:
             alias: clustergroupby
             Statistics: Num rows: 500 Data size: 5312 Basic stats: COMPLETE Column stats: NONE
             Select Operator
-              expressions: value (type: string), 1 (type: int)
-              outputColumnNames: _col0, _col1
+              expressions: value (type: string)
+              outputColumnNames: _col0
               Statistics: Num rows: 500 Data size: 5312 Basic stats: COMPLETE Column stats: NONE
               Group By Operator
-                aggregations: count(_col1)
+                aggregations: count(1)
                 keys: _col0 (type: string)
                 mode: hash
                 outputColumnNames: _col0, _col1
@@ -1218,11 +1218,11 @@ STAGE PLANS:
             alias: clustergroupby
             Statistics: Num rows: 500 Data size: 5312 Basic stats: COMPLETE Column stats: NONE
             Select Operator
-              expressions: key (type: string), value (type: string), 1 (type: int)
-              outputColumnNames: _col0, _col1, _col2
+              expressions: key (type: string), value (type: string)
+              outputColumnNames: _col0, _col1
               Statistics: Num rows: 500 Data size: 5312 Basic stats: COMPLETE Column stats: NONE
               Group By Operator
-                aggregations: count(_col2)
+                aggregations: count(1)
                 bucketGroup: true
                 keys: _col0 (type: string), _col1 (type: string)
                 mode: hash
@@ -1352,11 +1352,11 @@ STAGE PLANS:
             alias: clustergroupby
             Statistics: Num rows: 500 Data size: 5312 Basic stats: COMPLETE Column stats: NONE
             Select Operator
-              expressions: key (type: string), 1 (type: int)
-              outputColumnNames: _col0, _col1
+              expressions: key (type: string)
+              outputColumnNames: _col0
               Statistics: Num rows: 500 Data size: 5312 Basic stats: COMPLETE Column stats: NONE
               Group By Operator
-                aggregations: count(_col1)
+                aggregations: count(1)
                 bucketGroup: true
                 keys: _col0 (type: string)
                 mode: hash
@@ -1434,11 +1434,11 @@ STAGE PLANS:
             alias: clustergroupby
             Statistics: Num rows: 500 Data size: 5312 Basic stats: COMPLETE Column stats: NONE
             Select Operator
-              expressions: value (type: string), key (type: string), 1 (type: int)
-              outputColumnNames: _col0, _col1, _col2
+              expressions: value (type: string), key (type: string)
+              outputColumnNames: _col0, _col1
               Statistics: Num rows: 500 Data size: 5312 Basic stats: COMPLETE Column stats: NONE
               Group By Operator
-                aggregations: count(_col2)
+                aggregations: count(1)
                 keys: _col0 (type: string), _col1 (type: string)
                 mode: hash
                 outputColumnNames: _col0, _col1, _col2
diff --git a/ql/src/test/results/clientpositive/combine2.q.out b/ql/src/test/results/clientpositive/combine2.q.out
index 7c94b96834..c29e9405c4 100644
--- a/ql/src/test/results/clientpositive/combine2.q.out
+++ b/ql/src/test/results/clientpositive/combine2.q.out
@@ -188,11 +188,9 @@ STAGE PLANS:
             Statistics: Num rows: 12 Data size: 14 Basic stats: COMPLETE Column stats: NONE
             GatherStats: false
             Select Operator
-              expressions: 1 (type: int)
-              outputColumnNames: _col0
               Statistics: Num rows: 12 Data size: 14 Basic stats: COMPLETE Column stats: NONE
               Group By Operator
-                aggregations: count(_col0)
+                aggregations: count(1)
                 mode: hash
                 outputColumnNames: _col0
                 Statistics: Num rows: 1 Data size: 8 Basic stats: COMPLETE Column stats: NONE
@@ -656,11 +654,11 @@ STAGE PLANS:
             alias: srcpart
             Statistics: Num rows: 2000 Data size: 21248 Basic stats: COMPLETE Column stats: NONE
             Select Operator
-              expressions: ds (type: string), 1 (type: int)
-              outputColumnNames: _col0, _col1
+              expressions: ds (type: string)
+              outputColumnNames: _col0
               Statistics: Num rows: 2000 Data size: 21248 Basic stats: COMPLETE Column stats: NONE
               Group By Operator
-                aggregations: count(_col1)
+                aggregations: count(1)
                 keys: _col0 (type: string)
                 mode: hash
                 outputColumnNames: _col0, _col1
diff --git a/ql/src/test/results/clientpositive/correlationoptimizer1.q.out b/ql/src/test/results/clientpositive/correlationoptimizer1.q.out
index 50662a9a7c..7575b48629 100644
--- a/ql/src/test/results/clientpositive/correlationoptimizer1.q.out
+++ b/ql/src/test/results/clientpositive/correlationoptimizer1.q.out
@@ -70,11 +70,11 @@ STAGE PLANS:
           outputColumnNames: _col1
           Statistics: Num rows: 275 Data size: 2921 Basic stats: COMPLETE Column stats: NONE
           Select Operator
-            expressions: _col1 (type: string), 1 (type: int)
-            outputColumnNames: _col0, _col1
+            expressions: _col1 (type: string)
+            outputColumnNames: _col0
             Statistics: Num rows: 275 Data size: 2921 Basic stats: COMPLETE Column stats: NONE
             Group By Operator
-              aggregations: count(_col1)
+              aggregations: count(1)
               keys: _col0 (type: string)
               mode: hash
               outputColumnNames: _col0, _col1
@@ -231,13 +231,13 @@ STAGE PLANS:
             outputColumnNames: _col1
             Statistics: Num rows: 0 Data size: 0 Basic stats: NONE Column stats: NONE
             Select Operator
-              expressions: _col1 (type: string), 1 (type: int)
-              outputColumnNames: _col0, _col1
+              expressions: _col1 (type: string)
+              outputColumnNames: _col0
               Statistics: Num rows: 0 Data size: 0 Basic stats: NONE Column stats: NONE
               Mux Operator
                 Statistics: Num rows: 0 Data size: 0 Basic stats: NONE Column stats: NONE
                 Group By Operator
-                  aggregations: count(_col1)
+                  aggregations: count(1)
                   keys: _col0 (type: string)
                   mode: complete
                   outputColumnNames: _col0, _col1
@@ -379,11 +379,11 @@ STAGE PLANS:
                   outputColumnNames: _col1
                   Statistics: Num rows: 275 Data size: 2921 Basic stats: COMPLETE Column stats: NONE
                   Select Operator
-                    expressions: _col1 (type: string), 1 (type: int)
-                    outputColumnNames: _col0, _col1
+                    expressions: _col1 (type: string)
+                    outputColumnNames: _col0
                     Statistics: Num rows: 275 Data size: 2921 Basic stats: COMPLETE Column stats: NONE
                     Group By Operator
-                      aggregations: count(_col1)
+                      aggregations: count(1)
                       keys: _col0 (type: string)
                       mode: hash
                       outputColumnNames: _col0, _col1
@@ -540,22 +540,18 @@ STAGE PLANS:
             1 _col0 (type: string)
           outputColumnNames: _col0
           Statistics: Num rows: 275 Data size: 2921 Basic stats: COMPLETE Column stats: NONE
-          Select Operator
-            expressions: _col0 (type: string), 1 (type: int)
+          Group By Operator
+            aggregations: count(1)
+            keys: _col0 (type: string)
+            mode: hash
             outputColumnNames: _col0, _col1
             Statistics: Num rows: 275 Data size: 2921 Basic stats: COMPLETE Column stats: NONE
-            Group By Operator
-              aggregations: count(_col1)
-              keys: _col0 (type: string)
-              mode: hash
-              outputColumnNames: _col0, _col1
-              Statistics: Num rows: 275 Data size: 2921 Basic stats: COMPLETE Column stats: NONE
-              File Output Operator
-                compressed: false
-                table:
-                    input format: org.apache.hadoop.mapred.SequenceFileInputFormat
-                    output format: org.apache.hadoop.hive.ql.io.HiveSequenceFileOutputFormat
-                    serde: org.apache.hadoop.hive.serde2.lazybinary.LazyBinarySerDe
+            File Output Operator
+              compressed: false
+              table:
+                  input format: org.apache.hadoop.mapred.SequenceFileInputFormat
+                  output format: org.apache.hadoop.hive.ql.io.HiveSequenceFileOutputFormat
+                  serde: org.apache.hadoop.hive.serde2.lazybinary.LazyBinarySerDe
 
   Stage: Stage-2
     Map Reduce
@@ -706,33 +702,29 @@ STAGE PLANS:
               1 _col0 (type: string)
             outputColumnNames: _col0
             Statistics: Num rows: 0 Data size: 0 Basic stats: NONE Column stats: NONE
-            Select Operator
-              expressions: _col0 (type: string), 1 (type: int)
-              outputColumnNames: _col0, _col1
+            Mux Operator
               Statistics: Num rows: 0 Data size: 0 Basic stats: NONE Column stats: NONE
-              Mux Operator
+              Group By Operator
+                aggregations: count(1)
+                keys: _col0 (type: string)
+                mode: complete
+                outputColumnNames: _col0, _col1
                 Statistics: Num rows: 0 Data size: 0 Basic stats: NONE Column stats: NONE
-                Group By Operator
-                  aggregations: count(_col1)
-                  keys: _col0 (type: string)
-                  mode: complete
+                Select Operator
+                  expressions: hash(_col0) (type: int), hash(_col1) (type: int)
                   outputColumnNames: _col0, _col1
                   Statistics: Num rows: 0 Data size: 0 Basic stats: NONE Column stats: NONE
-                  Select Operator
-                    expressions: hash(_col0) (type: int), hash(_col1) (type: int)
+                  Group By Operator
+                    aggregations: sum(_col0), sum(_col1)
+                    mode: hash
                     outputColumnNames: _col0, _col1
-                    Statistics: Num rows: 0 Data size: 0 Basic stats: NONE Column stats: NONE
-                    Group By Operator
-                      aggregations: sum(_col0), sum(_col1)
-                      mode: hash
-                      outputColumnNames: _col0, _col1
-                      Statistics: Num rows: 1 Data size: 16 Basic stats: COMPLETE Column stats: NONE
-                      File Output Operator
-                        compressed: false
-                        table:
-                            input format: org.apache.hadoop.mapred.SequenceFileInputFormat
-                            output format: org.apache.hadoop.hive.ql.io.HiveSequenceFileOutputFormat
-                            serde: org.apache.hadoop.hive.serde2.lazybinary.LazyBinarySerDe
+                    Statistics: Num rows: 1 Data size: 16 Basic stats: COMPLETE Column stats: NONE
+                    File Output Operator
+                      compressed: false
+                      table:
+                          input format: org.apache.hadoop.mapred.SequenceFileInputFormat
+                          output format: org.apache.hadoop.hive.ql.io.HiveSequenceFileOutputFormat
+                          serde: org.apache.hadoop.hive.serde2.lazybinary.LazyBinarySerDe
 
   Stage: Stage-2
     Map Reduce
@@ -845,11 +837,11 @@ STAGE PLANS:
           outputColumnNames: _col1
           Statistics: Num rows: 550 Data size: 5843 Basic stats: COMPLETE Column stats: NONE
           Select Operator
-            expressions: _col1 (type: string), 1 (type: int)
-            outputColumnNames: _col0, _col1
+            expressions: _col1 (type: string)
+            outputColumnNames: _col0
             Statistics: Num rows: 550 Data size: 5843 Basic stats: COMPLETE Column stats: NONE
             Group By Operator
-              aggregations: count(_col1)
+              aggregations: count(1)
               keys: _col0 (type: string)
               mode: hash
               outputColumnNames: _col0, _col1
@@ -1000,13 +992,13 @@ STAGE PLANS:
             outputColumnNames: _col1
             Statistics: Num rows: 0 Data size: 0 Basic stats: NONE Column stats: NONE
             Select Operator
-              expressions: _col1 (type: string), 1 (type: int)
-              outputColumnNames: _col0, _col1
+              expressions: _col1 (type: string)
+              outputColumnNames: _col0
               Statistics: Num rows: 0 Data size: 0 Basic stats: NONE Column stats: NONE
               Mux Operator
                 Statistics: Num rows: 0 Data size: 0 Basic stats: NONE Column stats: NONE
                 Group By Operator
-                  aggregations: count(_col1)
+                  aggregations: count(1)
                   keys: _col0 (type: string)
                   mode: complete
                   outputColumnNames: _col0, _col1
@@ -1137,22 +1129,18 @@ STAGE PLANS:
             1 _col0 (type: string)
           outputColumnNames: _col0
           Statistics: Num rows: 550 Data size: 5843 Basic stats: COMPLETE Column stats: NONE
-          Select Operator
-            expressions: _col0 (type: string), 1 (type: int)
+          Group By Operator
+            aggregations: count(1)
+            keys: _col0 (type: string)
+            mode: hash
             outputColumnNames: _col0, _col1
             Statistics: Num rows: 550 Data size: 5843 Basic stats: COMPLETE Column stats: NONE
-            Group By Operator
-              aggregations: count(_col1)
-              keys: _col0 (type: string)
-              mode: hash
-              outputColumnNames: _col0, _col1
-              Statistics: Num rows: 550 Data size: 5843 Basic stats: COMPLETE Column stats: NONE
-              File Output Operator
-                compressed: false
-                table:
-                    input format: org.apache.hadoop.mapred.SequenceFileInputFormat
-                    output format: org.apache.hadoop.hive.ql.io.HiveSequenceFileOutputFormat
-                    serde: org.apache.hadoop.hive.serde2.lazybinary.LazyBinarySerDe
+            File Output Operator
+              compressed: false
+              table:
+                  input format: org.apache.hadoop.mapred.SequenceFileInputFormat
+                  output format: org.apache.hadoop.hive.ql.io.HiveSequenceFileOutputFormat
+                  serde: org.apache.hadoop.hive.serde2.lazybinary.LazyBinarySerDe
 
   Stage: Stage-2
     Map Reduce
@@ -1291,22 +1279,18 @@ STAGE PLANS:
             1 _col0 (type: string)
           outputColumnNames: _col0
           Statistics: Num rows: 550 Data size: 5843 Basic stats: COMPLETE Column stats: NONE
-          Select Operator
-            expressions: _col0 (type: string), 1 (type: int)
+          Group By Operator
+            aggregations: count(1)
+            keys: _col0 (type: string)
+            mode: hash
             outputColumnNames: _col0, _col1
             Statistics: Num rows: 550 Data size: 5843 Basic stats: COMPLETE Column stats: NONE
-            Group By Operator
-              aggregations: count(_col1)
-              keys: _col0 (type: string)
-              mode: hash
-              outputColumnNames: _col0, _col1
-              Statistics: Num rows: 550 Data size: 5843 Basic stats: COMPLETE Column stats: NONE
-              File Output Operator
-                compressed: false
-                table:
-                    input format: org.apache.hadoop.mapred.SequenceFileInputFormat
-                    output format: org.apache.hadoop.hive.ql.io.HiveSequenceFileOutputFormat
-                    serde: org.apache.hadoop.hive.serde2.lazybinary.LazyBinarySerDe
+            File Output Operator
+              compressed: false
+              table:
+                  input format: org.apache.hadoop.mapred.SequenceFileInputFormat
+                  output format: org.apache.hadoop.hive.ql.io.HiveSequenceFileOutputFormat
+                  serde: org.apache.hadoop.hive.serde2.lazybinary.LazyBinarySerDe
 
   Stage: Stage-2
     Map Reduce
@@ -1449,11 +1433,11 @@ STAGE PLANS:
           outputColumnNames: _col1, _col2
           Statistics: Num rows: 550 Data size: 5843 Basic stats: COMPLETE Column stats: NONE
           Select Operator
-            expressions: _col2 (type: string), _col1 (type: string), 1 (type: int)
-            outputColumnNames: _col0, _col1, _col2
+            expressions: _col2 (type: string), _col1 (type: string)
+            outputColumnNames: _col0, _col1
             Statistics: Num rows: 550 Data size: 5843 Basic stats: COMPLETE Column stats: NONE
             Group By Operator
-              aggregations: count(_col2)
+              aggregations: count(1)
               keys: _col0 (type: string), _col1 (type: string)
               mode: hash
               outputColumnNames: _col0, _col1, _col2
@@ -1583,11 +1567,11 @@ STAGE PLANS:
           outputColumnNames: _col1, _col2
           Statistics: Num rows: 550 Data size: 5843 Basic stats: COMPLETE Column stats: NONE
           Select Operator
-            expressions: _col2 (type: string), _col1 (type: string), 1 (type: int)
-            outputColumnNames: _col0, _col1, _col2
+            expressions: _col2 (type: string), _col1 (type: string)
+            outputColumnNames: _col0, _col1
             Statistics: Num rows: 550 Data size: 5843 Basic stats: COMPLETE Column stats: NONE
             Group By Operator
-              aggregations: count(_col2)
+              aggregations: count(1)
               keys: _col0 (type: string), _col1 (type: string)
               mode: hash
               outputColumnNames: _col0, _col1, _col2
@@ -1725,22 +1709,18 @@ STAGE PLANS:
             1 _col0 (type: string)
           outputColumnNames: _col0
           Statistics: Num rows: 550 Data size: 5843 Basic stats: COMPLETE Column stats: NONE
-          Select Operator
-            expressions: _col0 (type: string), 1 (type: int)
+          Group By Operator
+            aggregations: count(1)
+            keys: _col0 (type: string)
+            mode: hash
             outputColumnNames: _col0, _col1
             Statistics: Num rows: 550 Data size: 5843 Basic stats: COMPLETE Column stats: NONE
-            Group By Operator
-              aggregations: count(_col1)
-              keys: _col0 (type: string)
-              mode: hash
-              outputColumnNames: _col0, _col1
-              Statistics: Num rows: 550 Data size: 5843 Basic stats: COMPLETE Column stats: NONE
-              File Output Operator
-                compressed: false
-                table:
-                    input format: org.apache.hadoop.mapred.SequenceFileInputFormat
-                    output format: org.apache.hadoop.hive.ql.io.HiveSequenceFileOutputFormat
-                    serde: org.apache.hadoop.hive.serde2.lazybinary.LazyBinarySerDe
+            File Output Operator
+              compressed: false
+              table:
+                  input format: org.apache.hadoop.mapred.SequenceFileInputFormat
+                  output format: org.apache.hadoop.hive.ql.io.HiveSequenceFileOutputFormat
+                  serde: org.apache.hadoop.hive.serde2.lazybinary.LazyBinarySerDe
 
   Stage: Stage-2
     Map Reduce
@@ -1880,33 +1860,29 @@ STAGE PLANS:
               1 _col0 (type: string)
             outputColumnNames: _col0
             Statistics: Num rows: 0 Data size: 0 Basic stats: NONE Column stats: NONE
-            Select Operator
-              expressions: _col0 (type: string), 1 (type: int)
-              outputColumnNames: _col0, _col1
+            Mux Operator
               Statistics: Num rows: 0 Data size: 0 Basic stats: NONE Column stats: NONE
-              Mux Operator
+              Group By Operator
+                aggregations: count(1)
+                keys: _col0 (type: string)
+                mode: complete
+                outputColumnNames: _col0, _col1
                 Statistics: Num rows: 0 Data size: 0 Basic stats: NONE Column stats: NONE
-                Group By Operator
-                  aggregations: count(_col1)
-                  keys: _col0 (type: string)
-                  mode: complete
+                Select Operator
+                  expressions: hash(_col0) (type: int), hash(_col1) (type: int)
                   outputColumnNames: _col0, _col1
                   Statistics: Num rows: 0 Data size: 0 Basic stats: NONE Column stats: NONE
-                  Select Operator
-                    expressions: hash(_col0) (type: int), hash(_col1) (type: int)
+                  Group By Operator
+                    aggregations: sum(_col0), sum(_col1)
+                    mode: hash
                     outputColumnNames: _col0, _col1
-                    Statistics: Num rows: 0 Data size: 0 Basic stats: NONE Column stats: NONE
-                    Group By Operator
-                      aggregations: sum(_col0), sum(_col1)
-                      mode: hash
-                      outputColumnNames: _col0, _col1
-                      Statistics: Num rows: 1 Data size: 16 Basic stats: COMPLETE Column stats: NONE
-                      File Output Operator
-                        compressed: false
-                        table:
-                            input format: org.apache.hadoop.mapred.SequenceFileInputFormat
-                            output format: org.apache.hadoop.hive.ql.io.HiveSequenceFileOutputFormat
-                            serde: org.apache.hadoop.hive.serde2.lazybinary.LazyBinarySerDe
+                    Statistics: Num rows: 1 Data size: 16 Basic stats: COMPLETE Column stats: NONE
+                    File Output Operator
+                      compressed: false
+                      table:
+                          input format: org.apache.hadoop.mapred.SequenceFileInputFormat
+                          output format: org.apache.hadoop.hive.ql.io.HiveSequenceFileOutputFormat
+                          serde: org.apache.hadoop.hive.serde2.lazybinary.LazyBinarySerDe
 
   Stage: Stage-2
     Map Reduce
@@ -2019,11 +1995,11 @@ STAGE PLANS:
           outputColumnNames: _col1
           Statistics: Num rows: 550 Data size: 5843 Basic stats: COMPLETE Column stats: NONE
           Select Operator
-            expressions: _col1 (type: string), 1 (type: int)
-            outputColumnNames: _col0, _col1
+            expressions: _col1 (type: string)
+            outputColumnNames: _col0
             Statistics: Num rows: 550 Data size: 5843 Basic stats: COMPLETE Column stats: NONE
             Group By Operator
-              aggregations: count(_col1)
+              aggregations: count(1)
               keys: _col0 (type: string)
               mode: hash
               outputColumnNames: _col0, _col1
@@ -2173,11 +2149,11 @@ STAGE PLANS:
           outputColumnNames: _col1
           Statistics: Num rows: 550 Data size: 5843 Basic stats: COMPLETE Column stats: NONE
           Select Operator
-            expressions: _col1 (type: string), 1 (type: int)
-            outputColumnNames: _col0, _col1
+            expressions: _col1 (type: string)
+            outputColumnNames: _col0
             Statistics: Num rows: 550 Data size: 5843 Basic stats: COMPLETE Column stats: NONE
             Group By Operator
-              aggregations: count(_col1)
+              aggregations: count(1)
               keys: _col0 (type: string)
               mode: hash
               outputColumnNames: _col0, _col1
@@ -2335,11 +2311,11 @@ STAGE PLANS:
           outputColumnNames: _col1
           Statistics: Num rows: 550 Data size: 5843 Basic stats: COMPLETE Column stats: NONE
           Select Operator
-            expressions: _col1 (type: string), 1 (type: int)
-            outputColumnNames: _col0, _col1
+            expressions: _col1 (type: string)
+            outputColumnNames: _col0
             Statistics: Num rows: 550 Data size: 5843 Basic stats: COMPLETE Column stats: NONE
             Group By Operator
-              aggregations: count(_col1)
+              aggregations: count(1)
               keys: _col0 (type: string)
               mode: hash
               outputColumnNames: _col0, _col1
@@ -2489,11 +2465,11 @@ STAGE PLANS:
           outputColumnNames: _col1
           Statistics: Num rows: 550 Data size: 5843 Basic stats: COMPLETE Column stats: NONE
           Select Operator
-            expressions: _col1 (type: string), 1 (type: int)
-            outputColumnNames: _col0, _col1
+            expressions: _col1 (type: string)
+            outputColumnNames: _col0
             Statistics: Num rows: 550 Data size: 5843 Basic stats: COMPLETE Column stats: NONE
             Group By Operator
-              aggregations: count(_col1)
+              aggregations: count(1)
               keys: _col0 (type: string)
               mode: hash
               outputColumnNames: _col0, _col1
@@ -2652,11 +2628,11 @@ STAGE PLANS:
           outputColumnNames: _col1, _col2
           Statistics: Num rows: 275 Data size: 2921 Basic stats: COMPLETE Column stats: NONE
           Select Operator
-            expressions: _col1 (type: string), _col2 (type: string), 1 (type: int)
-            outputColumnNames: _col0, _col1, _col2
+            expressions: _col1 (type: string), _col2 (type: string)
+            outputColumnNames: _col0, _col1
             Statistics: Num rows: 275 Data size: 2921 Basic stats: COMPLETE Column stats: NONE
             Group By Operator
-              aggregations: count(_col2)
+              aggregations: count(1)
               keys: _col0 (type: string), _col1 (type: string)
               mode: hash
               outputColumnNames: _col0, _col1, _col2
@@ -2813,11 +2789,11 @@ STAGE PLANS:
           outputColumnNames: _col1, _col2
           Statistics: Num rows: 275 Data size: 2921 Basic stats: COMPLETE Column stats: NONE
           Select Operator
-            expressions: _col1 (type: string), _col2 (type: string), 1 (type: int)
-            outputColumnNames: _col0, _col1, _col2
+            expressions: _col1 (type: string), _col2 (type: string)
+            outputColumnNames: _col0, _col1
             Statistics: Num rows: 275 Data size: 2921 Basic stats: COMPLETE Column stats: NONE
             Group By Operator
-              aggregations: count(_col2)
+              aggregations: count(1)
               keys: _col0 (type: string), _col1 (type: string)
               mode: hash
               outputColumnNames: _col0, _col1, _col2
@@ -2975,11 +2951,11 @@ STAGE PLANS:
           outputColumnNames: _col2
           Statistics: Num rows: 137 Data size: 1460 Basic stats: COMPLETE Column stats: NONE
           Select Operator
-            expressions: _col2 (type: string), 1 (type: int)
-            outputColumnNames: _col0, _col1
+            expressions: _col2 (type: string)
+            outputColumnNames: _col0
             Statistics: Num rows: 137 Data size: 1460 Basic stats: COMPLETE Column stats: NONE
             Group By Operator
-              aggregations: count(_col1)
+              aggregations: count(1)
               keys: _col0 (type: string)
               mode: hash
               outputColumnNames: _col0, _col1
@@ -3135,11 +3111,11 @@ STAGE PLANS:
           outputColumnNames: _col2
           Statistics: Num rows: 137 Data size: 1460 Basic stats: COMPLETE Column stats: NONE
           Select Operator
-            expressions: _col2 (type: string), 1 (type: int)
-            outputColumnNames: _col0, _col1
+            expressions: _col2 (type: string)
+            outputColumnNames: _col0
             Statistics: Num rows: 137 Data size: 1460 Basic stats: COMPLETE Column stats: NONE
             Group By Operator
-              aggregations: count(_col1)
+              aggregations: count(1)
               keys: _col0 (type: string)
               mode: hash
               outputColumnNames: _col0, _col1
diff --git a/ql/src/test/results/clientpositive/correlationoptimizer10.q.out b/ql/src/test/results/clientpositive/correlationoptimizer10.q.out
index 3551cabdcc..c92891e409 100644
--- a/ql/src/test/results/clientpositive/correlationoptimizer10.q.out
+++ b/ql/src/test/results/clientpositive/correlationoptimizer10.q.out
@@ -81,22 +81,18 @@ STAGE PLANS:
             1 _col0 (type: string)
           outputColumnNames: _col0
           Statistics: Num rows: 14 Data size: 108 Basic stats: COMPLETE Column stats: NONE
-          Select Operator
-            expressions: _col0 (type: string), 1 (type: int)
+          Group By Operator
+            aggregations: count(1)
+            keys: _col0 (type: string)
+            mode: hash
             outputColumnNames: _col0, _col1
             Statistics: Num rows: 14 Data size: 108 Basic stats: COMPLETE Column stats: NONE
-            Group By Operator
-              aggregations: count(_col1)
-              keys: _col0 (type: string)
-              mode: hash
-              outputColumnNames: _col0, _col1
-              Statistics: Num rows: 14 Data size: 108 Basic stats: COMPLETE Column stats: NONE
-              File Output Operator
-                compressed: false
-                table:
-                    input format: org.apache.hadoop.mapred.SequenceFileInputFormat
-                    output format: org.apache.hadoop.hive.ql.io.HiveSequenceFileOutputFormat
-                    serde: org.apache.hadoop.hive.serde2.lazybinary.LazyBinarySerDe
+            File Output Operator
+              compressed: false
+              table:
+                  input format: org.apache.hadoop.mapred.SequenceFileInputFormat
+                  output format: org.apache.hadoop.hive.ql.io.HiveSequenceFileOutputFormat
+                  serde: org.apache.hadoop.hive.serde2.lazybinary.LazyBinarySerDe
 
   Stage: Stage-2
     Map Reduce
@@ -296,39 +292,35 @@ STAGE PLANS:
               1 _col0 (type: string)
             outputColumnNames: _col0
             Statistics: Num rows: 0 Data size: 0 Basic stats: NONE Column stats: NONE
-            Select Operator
-              expressions: _col0 (type: string), 1 (type: int)
-              outputColumnNames: _col0, _col1
+            Mux Operator
               Statistics: Num rows: 0 Data size: 0 Basic stats: NONE Column stats: NONE
-              Mux Operator
+              Group By Operator
+                aggregations: count(1)
+                keys: _col0 (type: string)
+                mode: complete
+                outputColumnNames: _col0, _col1
                 Statistics: Num rows: 0 Data size: 0 Basic stats: NONE Column stats: NONE
-                Group By Operator
-                  aggregations: count(_col1)
-                  keys: _col0 (type: string)
-                  mode: complete
-                  outputColumnNames: _col0, _col1
-                  Statistics: Num rows: 0 Data size: 0 Basic stats: NONE Column stats: NONE
-                  Mux Operator
-                    Statistics: Num rows: 276 Data size: 2854 Basic stats: COMPLETE Column stats: NONE
-                    Join Operator
-                      condition map:
-                           Left Semi Join 0 to 1
-                      keys:
-                        0 _col0 (type: string)
-                        1 _col0 (type: string)
+                Mux Operator
+                  Statistics: Num rows: 276 Data size: 2854 Basic stats: COMPLETE Column stats: NONE
+                  Join Operator
+                    condition map:
+                         Left Semi Join 0 to 1
+                    keys:
+                      0 _col0 (type: string)
+                      1 _col0 (type: string)
+                    outputColumnNames: _col0, _col1
+                    Statistics: Num rows: 0 Data size: 0 Basic stats: NONE Column stats: NONE
+                    Select Operator
+                      expressions: _col0 (type: string), _col1 (type: bigint)
                       outputColumnNames: _col0, _col1
                       Statistics: Num rows: 0 Data size: 0 Basic stats: NONE Column stats: NONE
-                      Select Operator
-                        expressions: _col0 (type: string), _col1 (type: bigint)
-                        outputColumnNames: _col0, _col1
+                      File Output Operator
+                        compressed: false
                         Statistics: Num rows: 0 Data size: 0 Basic stats: NONE Column stats: NONE
-                        File Output Operator
-                          compressed: false
-                          Statistics: Num rows: 0 Data size: 0 Basic stats: NONE Column stats: NONE
-                          table:
-                              input format: org.apache.hadoop.mapred.TextInputFormat
-                              output format: org.apache.hadoop.hive.ql.io.HiveIgnoreKeyTextOutputFormat
-                              serde: org.apache.hadoop.hive.serde2.lazy.LazySimpleSerDe
+                        table:
+                            input format: org.apache.hadoop.mapred.TextInputFormat
+                            output format: org.apache.hadoop.hive.ql.io.HiveIgnoreKeyTextOutputFormat
+                            serde: org.apache.hadoop.hive.serde2.lazy.LazySimpleSerDe
           Mux Operator
             Statistics: Num rows: 276 Data size: 2854 Basic stats: COMPLETE Column stats: NONE
             Join Operator
diff --git a/ql/src/test/results/clientpositive/correlationoptimizer15.q.out b/ql/src/test/results/clientpositive/correlationoptimizer15.q.out
index 89b9b9f67a..b57203e74b 100644
--- a/ql/src/test/results/clientpositive/correlationoptimizer15.q.out
+++ b/ql/src/test/results/clientpositive/correlationoptimizer15.q.out
@@ -72,22 +72,18 @@ STAGE PLANS:
             1 _col0 (type: string)
           outputColumnNames: _col0
           Statistics: Num rows: 14 Data size: 108 Basic stats: COMPLETE Column stats: NONE
-          Select Operator
-            expressions: _col0 (type: string), 1 (type: int)
+          Group By Operator
+            aggregations: count(1)
+            keys: _col0 (type: string)
+            mode: hash
             outputColumnNames: _col0, _col1
             Statistics: Num rows: 14 Data size: 108 Basic stats: COMPLETE Column stats: NONE
-            Group By Operator
-              aggregations: count(_col1)
-              keys: _col0 (type: string)
-              mode: hash
-              outputColumnNames: _col0, _col1
-              Statistics: Num rows: 14 Data size: 108 Basic stats: COMPLETE Column stats: NONE
-              File Output Operator
-                compressed: false
-                table:
-                    input format: org.apache.hadoop.mapred.SequenceFileInputFormat
-                    output format: org.apache.hadoop.hive.ql.io.HiveSequenceFileOutputFormat
-                    serde: org.apache.hadoop.hive.serde2.lazybinary.LazyBinarySerDe
+            File Output Operator
+              compressed: false
+              table:
+                  input format: org.apache.hadoop.mapred.SequenceFileInputFormat
+                  output format: org.apache.hadoop.hive.ql.io.HiveSequenceFileOutputFormat
+                  serde: org.apache.hadoop.hive.serde2.lazybinary.LazyBinarySerDe
 
   Stage: Stage-4
     Map Reduce
@@ -339,39 +335,35 @@ STAGE PLANS:
               1 _col0 (type: string)
             outputColumnNames: _col0
             Statistics: Num rows: 0 Data size: 0 Basic stats: NONE Column stats: NONE
-            Select Operator
-              expressions: _col0 (type: string), 1 (type: int)
-              outputColumnNames: _col0, _col1
+            Mux Operator
               Statistics: Num rows: 0 Data size: 0 Basic stats: NONE Column stats: NONE
-              Mux Operator
+              Group By Operator
+                aggregations: count(1)
+                keys: _col0 (type: string)
+                mode: complete
+                outputColumnNames: _col0, _col1
                 Statistics: Num rows: 0 Data size: 0 Basic stats: NONE Column stats: NONE
-                Group By Operator
-                  aggregations: count(_col1)
-                  keys: _col0 (type: string)
-                  mode: complete
-                  outputColumnNames: _col0, _col1
-                  Statistics: Num rows: 0 Data size: 0 Basic stats: NONE Column stats: NONE
-                  Mux Operator
-                    Statistics: Num rows: 276 Data size: 2854 Basic stats: COMPLETE Column stats: NONE
-                    Join Operator
-                      condition map:
-                           Inner Join 0 to 1
-                      keys:
-                        0 _col0 (type: string)
-                        1 _col0 (type: string)
+                Mux Operator
+                  Statistics: Num rows: 276 Data size: 2854 Basic stats: COMPLETE Column stats: NONE
+                  Join Operator
+                    condition map:
+                         Inner Join 0 to 1
+                    keys:
+                      0 _col0 (type: string)
+                      1 _col0 (type: string)
+                    outputColumnNames: _col0, _col1, _col2
+                    Statistics: Num rows: 0 Data size: 0 Basic stats: NONE Column stats: NONE
+                    Select Operator
+                      expressions: _col1 (type: string), _col2 (type: bigint), _col0 (type: string)
                       outputColumnNames: _col0, _col1, _col2
                       Statistics: Num rows: 0 Data size: 0 Basic stats: NONE Column stats: NONE
-                      Select Operator
-                        expressions: _col1 (type: string), _col2 (type: bigint), _col0 (type: string)
-                        outputColumnNames: _col0, _col1, _col2
+                      File Output Operator
+                        compressed: false
                         Statistics: Num rows: 0 Data size: 0 Basic stats: NONE Column stats: NONE
-                        File Output Operator
-                          compressed: false
-                          Statistics: Num rows: 0 Data size: 0 Basic stats: NONE Column stats: NONE
-                          table:
-                              input format: org.apache.hadoop.mapred.TextInputFormat
-                              output format: org.apache.hadoop.hive.ql.io.HiveIgnoreKeyTextOutputFormat
-                              serde: org.apache.hadoop.hive.serde2.lazy.LazySimpleSerDe
+                        table:
+                            input format: org.apache.hadoop.mapred.TextInputFormat
+                            output format: org.apache.hadoop.hive.ql.io.HiveIgnoreKeyTextOutputFormat
+                            serde: org.apache.hadoop.hive.serde2.lazy.LazySimpleSerDe
 
   Stage: Stage-0
     Fetch Operator
diff --git a/ql/src/test/results/clientpositive/correlationoptimizer2.q.out b/ql/src/test/results/clientpositive/correlationoptimizer2.q.out
index 54bfb33908..b74c04e3cd 100644
--- a/ql/src/test/results/clientpositive/correlationoptimizer2.q.out
+++ b/ql/src/test/results/clientpositive/correlationoptimizer2.q.out
@@ -1570,22 +1570,18 @@ STAGE PLANS:
             1 _col0 (type: string)
           outputColumnNames: _col0
           Statistics: Num rows: 275 Data size: 2921 Basic stats: COMPLETE Column stats: NONE
-          Select Operator
-            expressions: _col0 (type: string), 1 (type: int)
+          Group By Operator
+            aggregations: count(1)
+            keys: _col0 (type: string)
+            mode: hash
             outputColumnNames: _col0, _col1
             Statistics: Num rows: 275 Data size: 2921 Basic stats: COMPLETE Column stats: NONE
-            Group By Operator
-              aggregations: count(_col1)
-              keys: _col0 (type: string)
-              mode: hash
-              outputColumnNames: _col0, _col1
-              Statistics: Num rows: 275 Data size: 2921 Basic stats: COMPLETE Column stats: NONE
-              File Output Operator
-                compressed: false
-                table:
-                    input format: org.apache.hadoop.mapred.SequenceFileInputFormat
-                    output format: org.apache.hadoop.hive.ql.io.HiveSequenceFileOutputFormat
-                    serde: org.apache.hadoop.hive.serde2.lazybinary.LazyBinarySerDe
+            File Output Operator
+              compressed: false
+              table:
+                  input format: org.apache.hadoop.mapred.SequenceFileInputFormat
+                  output format: org.apache.hadoop.hive.ql.io.HiveSequenceFileOutputFormat
+                  serde: org.apache.hadoop.hive.serde2.lazybinary.LazyBinarySerDe
 
   Stage: Stage-3
     Map Reduce
@@ -1790,22 +1786,18 @@ STAGE PLANS:
                   1 _col0 (type: string)
                 outputColumnNames: _col0
                 Statistics: Num rows: 0 Data size: 0 Basic stats: NONE Column stats: NONE
-                Select Operator
-                  expressions: _col0 (type: string), 1 (type: int)
+                Group By Operator
+                  aggregations: count(1)
+                  keys: _col0 (type: string)
+                  mode: hash
                   outputColumnNames: _col0, _col1
                   Statistics: Num rows: 0 Data size: 0 Basic stats: NONE Column stats: NONE
-                  Group By Operator
-                    aggregations: count(_col1)
-                    keys: _col0 (type: string)
-                    mode: hash
-                    outputColumnNames: _col0, _col1
-                    Statistics: Num rows: 0 Data size: 0 Basic stats: NONE Column stats: NONE
-                    File Output Operator
-                      compressed: false
-                      table:
-                          input format: org.apache.hadoop.mapred.SequenceFileInputFormat
-                          output format: org.apache.hadoop.hive.ql.io.HiveSequenceFileOutputFormat
-                          serde: org.apache.hadoop.hive.serde2.lazybinary.LazyBinarySerDe
+                  File Output Operator
+                    compressed: false
+                    table:
+                        input format: org.apache.hadoop.mapred.SequenceFileInputFormat
+                        output format: org.apache.hadoop.hive.ql.io.HiveSequenceFileOutputFormat
+                        serde: org.apache.hadoop.hive.serde2.lazybinary.LazyBinarySerDe
           Group By Operator
             keys: KEY._col0 (type: string)
             mode: mergepartial
@@ -1821,22 +1813,18 @@ STAGE PLANS:
                   1 _col0 (type: string)
                 outputColumnNames: _col0
                 Statistics: Num rows: 0 Data size: 0 Basic stats: NONE Column stats: NONE
-                Select Operator
-                  expressions: _col0 (type: string), 1 (type: int)
+                Group By Operator
+                  aggregations: count(1)
+                  keys: _col0 (type: string)
+                  mode: hash
                   outputColumnNames: _col0, _col1
                   Statistics: Num rows: 0 Data size: 0 Basic stats: NONE Column stats: NONE
-                  Group By Operator
-                    aggregations: count(_col1)
-                    keys: _col0 (type: string)
-                    mode: hash
-                    outputColumnNames: _col0, _col1
-                    Statistics: Num rows: 0 Data size: 0 Basic stats: NONE Column stats: NONE
-                    File Output Operator
-                      compressed: false
-                      table:
-                          input format: org.apache.hadoop.mapred.SequenceFileInputFormat
-                          output format: org.apache.hadoop.hive.ql.io.HiveSequenceFileOutputFormat
-                          serde: org.apache.hadoop.hive.serde2.lazybinary.LazyBinarySerDe
+                  File Output Operator
+                    compressed: false
+                    table:
+                        input format: org.apache.hadoop.mapred.SequenceFileInputFormat
+                        output format: org.apache.hadoop.hive.ql.io.HiveSequenceFileOutputFormat
+                        serde: org.apache.hadoop.hive.serde2.lazybinary.LazyBinarySerDe
 
   Stage: Stage-2
     Map Reduce
diff --git a/ql/src/test/results/clientpositive/correlationoptimizer3.q.out b/ql/src/test/results/clientpositive/correlationoptimizer3.q.out
index bb505aad36..bb8a3c54d9 100644
--- a/ql/src/test/results/clientpositive/correlationoptimizer3.q.out
+++ b/ql/src/test/results/clientpositive/correlationoptimizer3.q.out
@@ -200,11 +200,11 @@ STAGE PLANS:
           outputColumnNames: _col1
           Statistics: Num rows: 275 Data size: 2921 Basic stats: COMPLETE Column stats: NONE
           Select Operator
-            expressions: _col1 (type: string), 1 (type: int)
-            outputColumnNames: _col0, _col1
+            expressions: _col1 (type: string)
+            outputColumnNames: _col0
             Statistics: Num rows: 275 Data size: 2921 Basic stats: COMPLETE Column stats: NONE
             Group By Operator
-              aggregations: count(_col1)
+              aggregations: count(1)
               keys: _col0 (type: string)
               mode: hash
               outputColumnNames: _col0, _col1
@@ -398,13 +398,13 @@ STAGE PLANS:
             outputColumnNames: _col1
             Statistics: Num rows: 0 Data size: 0 Basic stats: NONE Column stats: NONE
             Select Operator
-              expressions: _col1 (type: string), 1 (type: int)
-              outputColumnNames: _col0, _col1
+              expressions: _col1 (type: string)
+              outputColumnNames: _col0
               Statistics: Num rows: 0 Data size: 0 Basic stats: NONE Column stats: NONE
               Mux Operator
                 Statistics: Num rows: 0 Data size: 0 Basic stats: NONE Column stats: NONE
                 Group By Operator
-                  aggregations: count(_col1)
+                  aggregations: count(1)
                   keys: _col0 (type: string)
                   mode: complete
                   outputColumnNames: _col0, _col1
@@ -600,11 +600,11 @@ STAGE PLANS:
                   outputColumnNames: _col1
                   Statistics: Num rows: 275 Data size: 2921 Basic stats: COMPLETE Column stats: NONE
                   Select Operator
-                    expressions: _col1 (type: string), 1 (type: int)
-                    outputColumnNames: _col0, _col1
+                    expressions: _col1 (type: string)
+                    outputColumnNames: _col0
                     Statistics: Num rows: 275 Data size: 2921 Basic stats: COMPLETE Column stats: NONE
                     Group By Operator
-                      aggregations: count(_col1)
+                      aggregations: count(1)
                       keys: _col0 (type: string)
                       mode: hash
                       outputColumnNames: _col0, _col1
@@ -916,11 +916,11 @@ STAGE PLANS:
           outputColumnNames: _col1
           Statistics: Num rows: 275 Data size: 2921 Basic stats: COMPLETE Column stats: NONE
           Select Operator
-            expressions: _col1 (type: string), 1 (type: int)
-            outputColumnNames: _col0, _col1
+            expressions: _col1 (type: string)
+            outputColumnNames: _col0
             Statistics: Num rows: 275 Data size: 2921 Basic stats: COMPLETE Column stats: NONE
             Group By Operator
-              aggregations: count(_col1)
+              aggregations: count(1)
               keys: _col0 (type: string)
               mode: hash
               outputColumnNames: _col0, _col1
@@ -1114,13 +1114,13 @@ STAGE PLANS:
             outputColumnNames: _col1
             Statistics: Num rows: 0 Data size: 0 Basic stats: NONE Column stats: NONE
             Select Operator
-              expressions: _col1 (type: string), 1 (type: int)
-              outputColumnNames: _col0, _col1
+              expressions: _col1 (type: string)
+              outputColumnNames: _col0
               Statistics: Num rows: 0 Data size: 0 Basic stats: NONE Column stats: NONE
               Mux Operator
                 Statistics: Num rows: 0 Data size: 0 Basic stats: NONE Column stats: NONE
                 Group By Operator
-                  aggregations: count(_col1)
+                  aggregations: count(1)
                   keys: _col0 (type: string)
                   mode: complete
                   outputColumnNames: _col0, _col1
@@ -1316,11 +1316,11 @@ STAGE PLANS:
                   outputColumnNames: _col1
                   Statistics: Num rows: 275 Data size: 2921 Basic stats: COMPLETE Column stats: NONE
                   Select Operator
-                    expressions: _col1 (type: string), 1 (type: int)
-                    outputColumnNames: _col0, _col1
+                    expressions: _col1 (type: string)
+                    outputColumnNames: _col0
                     Statistics: Num rows: 275 Data size: 2921 Basic stats: COMPLETE Column stats: NONE
                     Group By Operator
-                      aggregations: count(_col1)
+                      aggregations: count(1)
                       keys: _col0 (type: string)
                       mode: hash
                       outputColumnNames: _col0, _col1
diff --git a/ql/src/test/results/clientpositive/correlationoptimizer6.q.out b/ql/src/test/results/clientpositive/correlationoptimizer6.q.out
index f325cb799b..f0cf64c50f 100644
--- a/ql/src/test/results/clientpositive/correlationoptimizer6.q.out
+++ b/ql/src/test/results/clientpositive/correlationoptimizer6.q.out
@@ -75,22 +75,18 @@ STAGE PLANS:
             1 _col0 (type: string)
           outputColumnNames: _col0
           Statistics: Num rows: 275 Data size: 2921 Basic stats: COMPLETE Column stats: NONE
-          Select Operator
-            expressions: _col0 (type: string), 1 (type: int)
+          Group By Operator
+            aggregations: count(1)
+            keys: _col0 (type: string)
+            mode: hash
             outputColumnNames: _col0, _col1
             Statistics: Num rows: 275 Data size: 2921 Basic stats: COMPLETE Column stats: NONE
-            Group By Operator
-              aggregations: count(_col1)
-              keys: _col0 (type: string)
-              mode: hash
-              outputColumnNames: _col0, _col1
-              Statistics: Num rows: 275 Data size: 2921 Basic stats: COMPLETE Column stats: NONE
-              File Output Operator
-                compressed: false
-                table:
-                    input format: org.apache.hadoop.mapred.SequenceFileInputFormat
-                    output format: org.apache.hadoop.hive.ql.io.HiveSequenceFileOutputFormat
-                    serde: org.apache.hadoop.hive.serde2.lazybinary.LazyBinarySerDe
+            File Output Operator
+              compressed: false
+              table:
+                  input format: org.apache.hadoop.mapred.SequenceFileInputFormat
+                  output format: org.apache.hadoop.hive.ql.io.HiveSequenceFileOutputFormat
+                  serde: org.apache.hadoop.hive.serde2.lazybinary.LazyBinarySerDe
 
   Stage: Stage-2
     Map Reduce
@@ -196,22 +192,18 @@ STAGE PLANS:
             1 _col0 (type: string)
           outputColumnNames: _col0
           Statistics: Num rows: 14 Data size: 108 Basic stats: COMPLETE Column stats: NONE
-          Select Operator
-            expressions: _col0 (type: string), 1 (type: int)
+          Group By Operator
+            aggregations: count(1)
+            keys: _col0 (type: string)
+            mode: hash
             outputColumnNames: _col0, _col1
             Statistics: Num rows: 14 Data size: 108 Basic stats: COMPLETE Column stats: NONE
-            Group By Operator
-              aggregations: count(_col1)
-              keys: _col0 (type: string)
-              mode: hash
-              outputColumnNames: _col0, _col1
-              Statistics: Num rows: 14 Data size: 108 Basic stats: COMPLETE Column stats: NONE
-              File Output Operator
-                compressed: false
-                table:
-                    input format: org.apache.hadoop.mapred.SequenceFileInputFormat
-                    output format: org.apache.hadoop.hive.ql.io.HiveSequenceFileOutputFormat
-                    serde: org.apache.hadoop.hive.serde2.lazybinary.LazyBinarySerDe
+            File Output Operator
+              compressed: false
+              table:
+                  input format: org.apache.hadoop.mapred.SequenceFileInputFormat
+                  output format: org.apache.hadoop.hive.ql.io.HiveSequenceFileOutputFormat
+                  serde: org.apache.hadoop.hive.serde2.lazybinary.LazyBinarySerDe
 
   Stage: Stage-6
     Map Reduce
@@ -373,39 +365,35 @@ STAGE PLANS:
               1 _col0 (type: string)
             outputColumnNames: _col0
             Statistics: Num rows: 0 Data size: 0 Basic stats: NONE Column stats: NONE
-            Select Operator
-              expressions: _col0 (type: string), 1 (type: int)
-              outputColumnNames: _col0, _col1
+            Mux Operator
               Statistics: Num rows: 0 Data size: 0 Basic stats: NONE Column stats: NONE
-              Mux Operator
+              Group By Operator
+                aggregations: count(1)
+                keys: _col0 (type: string)
+                mode: complete
+                outputColumnNames: _col0, _col1
                 Statistics: Num rows: 0 Data size: 0 Basic stats: NONE Column stats: NONE
-                Group By Operator
-                  aggregations: count(_col1)
-                  keys: _col0 (type: string)
-                  mode: complete
-                  outputColumnNames: _col0, _col1
+                Mux Operator
                   Statistics: Num rows: 0 Data size: 0 Basic stats: NONE Column stats: NONE
-                  Mux Operator
+                  Join Operator
+                    condition map:
+                         Inner Join 0 to 1
+                    keys:
+                      0 _col0 (type: string)
+                      1 _col0 (type: string)
+                    outputColumnNames: _col0, _col1, _col2, _col3
                     Statistics: Num rows: 0 Data size: 0 Basic stats: NONE Column stats: NONE
-                    Join Operator
-                      condition map:
-                           Inner Join 0 to 1
-                      keys:
-                        0 _col0 (type: string)
-                        1 _col0 (type: string)
+                    Select Operator
+                      expressions: _col2 (type: string), _col3 (type: bigint), _col0 (type: string), _col1 (type: bigint)
                       outputColumnNames: _col0, _col1, _col2, _col3
                       Statistics: Num rows: 0 Data size: 0 Basic stats: NONE Column stats: NONE
-                      Select Operator
-                        expressions: _col2 (type: string), _col3 (type: bigint), _col0 (type: string), _col1 (type: bigint)
-                        outputColumnNames: _col0, _col1, _col2, _col3
+                      File Output Operator
+                        compressed: false
                         Statistics: Num rows: 0 Data size: 0 Basic stats: NONE Column stats: NONE
-                        File Output Operator
-                          compressed: false
-                          Statistics: Num rows: 0 Data size: 0 Basic stats: NONE Column stats: NONE
-                          table:
-                              input format: org.apache.hadoop.mapred.TextInputFormat
-                              output format: org.apache.hadoop.hive.ql.io.HiveIgnoreKeyTextOutputFormat
-                              serde: org.apache.hadoop.hive.serde2.lazy.LazySimpleSerDe
+                        table:
+                            input format: org.apache.hadoop.mapred.TextInputFormat
+                            output format: org.apache.hadoop.hive.ql.io.HiveIgnoreKeyTextOutputFormat
+                            serde: org.apache.hadoop.hive.serde2.lazy.LazySimpleSerDe
           Join Operator
             condition map:
                  Inner Join 0 to 1
@@ -414,39 +402,35 @@ STAGE PLANS:
               1 _col0 (type: string)
             outputColumnNames: _col0
             Statistics: Num rows: 0 Data size: 0 Basic stats: NONE Column stats: NONE
-            Select Operator
-              expressions: _col0 (type: string), 1 (type: int)
-              outputColumnNames: _col0, _col1
+            Mux Operator
               Statistics: Num rows: 0 Data size: 0 Basic stats: NONE Column stats: NONE
-              Mux Operator
+              Group By Operator
+                aggregations: count(1)
+                keys: _col0 (type: string)
+                mode: complete
+                outputColumnNames: _col0, _col1
                 Statistics: Num rows: 0 Data size: 0 Basic stats: NONE Column stats: NONE
-                Group By Operator
-                  aggregations: count(_col1)
-                  keys: _col0 (type: string)
-                  mode: complete
-                  outputColumnNames: _col0, _col1
+                Mux Operator
                   Statistics: Num rows: 0 Data size: 0 Basic stats: NONE Column stats: NONE
-                  Mux Operator
+                  Join Operator
+                    condition map:
+                         Inner Join 0 to 1
+                    keys:
+                      0 _col0 (type: string)
+                      1 _col0 (type: string)
+                    outputColumnNames: _col0, _col1, _col2, _col3
                     Statistics: Num rows: 0 Data size: 0 Basic stats: NONE Column stats: NONE
-                    Join Operator
-                      condition map:
-                           Inner Join 0 to 1
-                      keys:
-                        0 _col0 (type: string)
-                        1 _col0 (type: string)
+                    Select Operator
+                      expressions: _col2 (type: string), _col3 (type: bigint), _col0 (type: string), _col1 (type: bigint)
                       outputColumnNames: _col0, _col1, _col2, _col3
                       Statistics: Num rows: 0 Data size: 0 Basic stats: NONE Column stats: NONE
-                      Select Operator
-                        expressions: _col2 (type: string), _col3 (type: bigint), _col0 (type: string), _col1 (type: bigint)
-                        outputColumnNames: _col0, _col1, _col2, _col3
+                      File Output Operator
+                        compressed: false
                         Statistics: Num rows: 0 Data size: 0 Basic stats: NONE Column stats: NONE
-                        File Output Operator
-                          compressed: false
-                          Statistics: Num rows: 0 Data size: 0 Basic stats: NONE Column stats: NONE
-                          table:
-                              input format: org.apache.hadoop.mapred.TextInputFormat
-                              output format: org.apache.hadoop.hive.ql.io.HiveIgnoreKeyTextOutputFormat
-                              serde: org.apache.hadoop.hive.serde2.lazy.LazySimpleSerDe
+                        table:
+                            input format: org.apache.hadoop.mapred.TextInputFormat
+                            output format: org.apache.hadoop.hive.ql.io.HiveIgnoreKeyTextOutputFormat
+                            serde: org.apache.hadoop.hive.serde2.lazy.LazySimpleSerDe
 
   Stage: Stage-0
     Fetch Operator
@@ -575,22 +559,18 @@ STAGE PLANS:
                     1 _col0 (type: string)
                   outputColumnNames: _col0
                   Statistics: Num rows: 275 Data size: 2921 Basic stats: COMPLETE Column stats: NONE
-                  Select Operator
-                    expressions: _col0 (type: string), 1 (type: int)
+                  Group By Operator
+                    aggregations: count(1)
+                    keys: _col0 (type: string)
+                    mode: hash
                     outputColumnNames: _col0, _col1
                     Statistics: Num rows: 275 Data size: 2921 Basic stats: COMPLETE Column stats: NONE
-                    Group By Operator
-                      aggregations: count(_col1)
-                      keys: _col0 (type: string)
-                      mode: hash
-                      outputColumnNames: _col0, _col1
+                    Reduce Output Operator
+                      key expressions: _col0 (type: string)
+                      sort order: +
+                      Map-reduce partition columns: _col0 (type: string)
                       Statistics: Num rows: 275 Data size: 2921 Basic stats: COMPLETE Column stats: NONE
-                      Reduce Output Operator
-                        key expressions: _col0 (type: string)
-                        sort order: +
-                        Map-reduce partition columns: _col0 (type: string)
-                        Statistics: Num rows: 275 Data size: 2921 Basic stats: COMPLETE Column stats: NONE
-                        value expressions: _col1 (type: bigint)
+                      value expressions: _col1 (type: bigint)
           TableScan
             alias: x
             Statistics: Num rows: 25 Data size: 191 Basic stats: COMPLETE Column stats: NONE
@@ -609,22 +589,18 @@ STAGE PLANS:
                     1 _col0 (type: string)
                   outputColumnNames: _col0
                   Statistics: Num rows: 14 Data size: 108 Basic stats: COMPLETE Column stats: NONE
-                  Select Operator
-                    expressions: _col0 (type: string), 1 (type: int)
+                  Group By Operator
+                    aggregations: count(1)
+                    keys: _col0 (type: string)
+                    mode: hash
                     outputColumnNames: _col0, _col1
                     Statistics: Num rows: 14 Data size: 108 Basic stats: COMPLETE Column stats: NONE
-                    Group By Operator
-                      aggregations: count(_col1)
-                      keys: _col0 (type: string)
-                      mode: hash
-                      outputColumnNames: _col0, _col1
+                    Reduce Output Operator
+                      key expressions: _col0 (type: string)
+                      sort order: +
+                      Map-reduce partition columns: _col0 (type: string)
                       Statistics: Num rows: 14 Data size: 108 Basic stats: COMPLETE Column stats: NONE
-                      Reduce Output Operator
-                        key expressions: _col0 (type: string)
-                        sort order: +
-                        Map-reduce partition columns: _col0 (type: string)
-                        Statistics: Num rows: 14 Data size: 108 Basic stats: COMPLETE Column stats: NONE
-                        value expressions: _col1 (type: bigint)
+                      value expressions: _col1 (type: bigint)
       Local Work:
         Map Reduce Local Work
       Reduce Operator Tree:
@@ -762,11 +738,11 @@ STAGE PLANS:
               predicate: key is not null (type: boolean)
               Statistics: Num rows: 250 Data size: 2656 Basic stats: COMPLETE Column stats: NONE
               Select Operator
-                expressions: key (type: string), 1 (type: int)
-                outputColumnNames: _col0, _col1
+                expressions: key (type: string)
+                outputColumnNames: _col0
                 Statistics: Num rows: 250 Data size: 2656 Basic stats: COMPLETE Column stats: NONE
                 Group By Operator
-                  aggregations: count(_col1)
+                  aggregations: count(1)
                   keys: _col0 (type: string)
                   mode: hash
                   outputColumnNames: _col0, _col1
@@ -905,11 +881,11 @@ STAGE PLANS:
               predicate: key is not null (type: boolean)
               Statistics: Num rows: 250 Data size: 2656 Basic stats: COMPLETE Column stats: NONE
               Select Operator
-                expressions: key (type: string), 1 (type: int)
-                outputColumnNames: _col0, _col1
+                expressions: key (type: string)
+                outputColumnNames: _col0
                 Statistics: Num rows: 250 Data size: 2656 Basic stats: COMPLETE Column stats: NONE
                 Group By Operator
-                  aggregations: count(_col1)
+                  aggregations: count(1)
                   keys: _col0 (type: string)
                   mode: hash
                   outputColumnNames: _col0, _col1
@@ -1095,22 +1071,18 @@ STAGE PLANS:
             1 _col0 (type: string)
           outputColumnNames: _col0
           Statistics: Num rows: 275 Data size: 2921 Basic stats: COMPLETE Column stats: NONE
-          Select Operator
-            expressions: _col0 (type: string), 1 (type: int)
+          Group By Operator
+            aggregations: count(1)
+            keys: _col0 (type: string)
+            mode: hash
             outputColumnNames: _col0, _col1
             Statistics: Num rows: 275 Data size: 2921 Basic stats: COMPLETE Column stats: NONE
-            Group By Operator
-              aggregations: count(_col1)
-              keys: _col0 (type: string)
-              mode: hash
-              outputColumnNames: _col0, _col1
-              Statistics: Num rows: 275 Data size: 2921 Basic stats: COMPLETE Column stats: NONE
-              File Output Operator
-                compressed: false
-                table:
-                    input format: org.apache.hadoop.mapred.SequenceFileInputFormat
-                    output format: org.apache.hadoop.hive.ql.io.HiveSequenceFileOutputFormat
-                    serde: org.apache.hadoop.hive.serde2.lazybinary.LazyBinarySerDe
+            File Output Operator
+              compressed: false
+              table:
+                  input format: org.apache.hadoop.mapred.SequenceFileInputFormat
+                  output format: org.apache.hadoop.hive.ql.io.HiveSequenceFileOutputFormat
+                  serde: org.apache.hadoop.hive.serde2.lazybinary.LazyBinarySerDe
 
   Stage: Stage-2
     Map Reduce
@@ -1299,39 +1271,35 @@ STAGE PLANS:
               1 _col0 (type: string)
             outputColumnNames: _col0
             Statistics: Num rows: 0 Data size: 0 Basic stats: NONE Column stats: NONE
-            Select Operator
-              expressions: _col0 (type: string), 1 (type: int)
-              outputColumnNames: _col0, _col1
+            Mux Operator
               Statistics: Num rows: 0 Data size: 0 Basic stats: NONE Column stats: NONE
-              Mux Operator
+              Group By Operator
+                aggregations: count(1)
+                keys: _col0 (type: string)
+                mode: complete
+                outputColumnNames: _col0, _col1
                 Statistics: Num rows: 0 Data size: 0 Basic stats: NONE Column stats: NONE
-                Group By Operator
-                  aggregations: count(_col1)
-                  keys: _col0 (type: string)
-                  mode: complete
-                  outputColumnNames: _col0, _col1
-                  Statistics: Num rows: 0 Data size: 0 Basic stats: NONE Column stats: NONE
-                  Mux Operator
-                    Statistics: Num rows: 513 Data size: 5411 Basic stats: COMPLETE Column stats: NONE
-                    Join Operator
-                      condition map:
-                           Inner Join 0 to 1
-                      keys:
-                        0 _col0 (type: string)
-                        1 _col0 (type: string)
+                Mux Operator
+                  Statistics: Num rows: 513 Data size: 5411 Basic stats: COMPLETE Column stats: NONE
+                  Join Operator
+                    condition map:
+                         Inner Join 0 to 1
+                    keys:
+                      0 _col0 (type: string)
+                      1 _col0 (type: string)
+                    outputColumnNames: _col0, _col1, _col2
+                    Statistics: Num rows: 0 Data size: 0 Basic stats: NONE Column stats: NONE
+                    Select Operator
+                      expressions: _col2 (type: string), _col0 (type: string), _col1 (type: bigint)
                       outputColumnNames: _col0, _col1, _col2
                       Statistics: Num rows: 0 Data size: 0 Basic stats: NONE Column stats: NONE
-                      Select Operator
-                        expressions: _col2 (type: string), _col0 (type: string), _col1 (type: bigint)
-                        outputColumnNames: _col0, _col1, _col2
+                      File Output Operator
+                        compressed: false
                         Statistics: Num rows: 0 Data size: 0 Basic stats: NONE Column stats: NONE
-                        File Output Operator
-                          compressed: false
-                          Statistics: Num rows: 0 Data size: 0 Basic stats: NONE Column stats: NONE
-                          table:
-                              input format: org.apache.hadoop.mapred.TextInputFormat
-                              output format: org.apache.hadoop.hive.ql.io.HiveIgnoreKeyTextOutputFormat
-                              serde: org.apache.hadoop.hive.serde2.lazy.LazySimpleSerDe
+                        table:
+                            input format: org.apache.hadoop.mapred.TextInputFormat
+                            output format: org.apache.hadoop.hive.ql.io.HiveIgnoreKeyTextOutputFormat
+                            serde: org.apache.hadoop.hive.serde2.lazy.LazySimpleSerDe
           Mux Operator
             Statistics: Num rows: 513 Data size: 5411 Basic stats: COMPLETE Column stats: NONE
             Join Operator
@@ -1462,22 +1430,18 @@ STAGE PLANS:
             1 _col0 (type: string)
           outputColumnNames: _col0
           Statistics: Num rows: 14 Data size: 108 Basic stats: COMPLETE Column stats: NONE
-          Select Operator
-            expressions: _col0 (type: string), 1 (type: int)
+          Group By Operator
+            aggregations: count(1)
+            keys: _col0 (type: string)
+            mode: hash
             outputColumnNames: _col0, _col1
             Statistics: Num rows: 14 Data size: 108 Basic stats: COMPLETE Column stats: NONE
-            Group By Operator
-              aggregations: count(_col1)
-              keys: _col0 (type: string)
-              mode: hash
-              outputColumnNames: _col0, _col1
-              Statistics: Num rows: 14 Data size: 108 Basic stats: COMPLETE Column stats: NONE
-              File Output Operator
-                compressed: false
-                table:
-                    input format: org.apache.hadoop.mapred.SequenceFileInputFormat
-                    output format: org.apache.hadoop.hive.ql.io.HiveSequenceFileOutputFormat
-                    serde: org.apache.hadoop.hive.serde2.lazybinary.LazyBinarySerDe
+            File Output Operator
+              compressed: false
+              table:
+                  input format: org.apache.hadoop.mapred.SequenceFileInputFormat
+                  output format: org.apache.hadoop.hive.ql.io.HiveSequenceFileOutputFormat
+                  serde: org.apache.hadoop.hive.serde2.lazybinary.LazyBinarySerDe
 
   Stage: Stage-3
     Map Reduce
@@ -1709,39 +1673,35 @@ STAGE PLANS:
               1 _col0 (type: string)
             outputColumnNames: _col0
             Statistics: Num rows: 0 Data size: 0 Basic stats: NONE Column stats: NONE
-            Select Operator
-              expressions: _col0 (type: string), 1 (type: int)
-              outputColumnNames: _col0, _col1
+            Mux Operator
               Statistics: Num rows: 0 Data size: 0 Basic stats: NONE Column stats: NONE
-              Mux Operator
+              Group By Operator
+                aggregations: count(1)
+                keys: _col0 (type: string)
+                mode: complete
+                outputColumnNames: _col0, _col1
                 Statistics: Num rows: 0 Data size: 0 Basic stats: NONE Column stats: NONE
-                Group By Operator
-                  aggregations: count(_col1)
-                  keys: _col0 (type: string)
-                  mode: complete
-                  outputColumnNames: _col0, _col1
-                  Statistics: Num rows: 0 Data size: 0 Basic stats: NONE Column stats: NONE
-                  Mux Operator
-                    Statistics: Num rows: 276 Data size: 2854 Basic stats: COMPLETE Column stats: NONE
-                    Join Operator
-                      condition map:
-                           Inner Join 0 to 1
-                      keys:
-                        0 _col0 (type: string)
-                        1 _col0 (type: string)
+                Mux Operator
+                  Statistics: Num rows: 276 Data size: 2854 Basic stats: COMPLETE Column stats: NONE
+                  Join Operator
+                    condition map:
+                         Inner Join 0 to 1
+                    keys:
+                      0 _col0 (type: string)
+                      1 _col0 (type: string)
+                    outputColumnNames: _col0, _col1, _col2
+                    Statistics: Num rows: 0 Data size: 0 Basic stats: NONE Column stats: NONE
+                    Select Operator
+                      expressions: _col1 (type: string), _col2 (type: bigint), _col0 (type: string)
                       outputColumnNames: _col0, _col1, _col2
                       Statistics: Num rows: 0 Data size: 0 Basic stats: NONE Column stats: NONE
-                      Select Operator
-                        expressions: _col1 (type: string), _col2 (type: bigint), _col0 (type: string)
-                        outputColumnNames: _col0, _col1, _col2
+                      File Output Operator
+                        compressed: false
                         Statistics: Num rows: 0 Data size: 0 Basic stats: NONE Column stats: NONE
-                        File Output Operator
-                          compressed: false
-                          Statistics: Num rows: 0 Data size: 0 Basic stats: NONE Column stats: NONE
-                          table:
-                              input format: org.apache.hadoop.mapred.TextInputFormat
-                              output format: org.apache.hadoop.hive.ql.io.HiveIgnoreKeyTextOutputFormat
-                              serde: org.apache.hadoop.hive.serde2.lazy.LazySimpleSerDe
+                        table:
+                            input format: org.apache.hadoop.mapred.TextInputFormat
+                            output format: org.apache.hadoop.hive.ql.io.HiveIgnoreKeyTextOutputFormat
+                            serde: org.apache.hadoop.hive.serde2.lazy.LazySimpleSerDe
 
   Stage: Stage-0
     Fetch Operator
@@ -1876,22 +1836,18 @@ STAGE PLANS:
             1 _col0 (type: string)
           outputColumnNames: _col0
           Statistics: Num rows: 275 Data size: 2921 Basic stats: COMPLETE Column stats: NONE
-          Select Operator
-            expressions: _col0 (type: string), 1 (type: int)
+          Group By Operator
+            aggregations: count(1)
+            keys: _col0 (type: string)
+            mode: hash
             outputColumnNames: _col0, _col1
             Statistics: Num rows: 275 Data size: 2921 Basic stats: COMPLETE Column stats: NONE
-            Group By Operator
-              aggregations: count(_col1)
-              keys: _col0 (type: string)
-              mode: hash
-              outputColumnNames: _col0, _col1
-              Statistics: Num rows: 275 Data size: 2921 Basic stats: COMPLETE Column stats: NONE
-              File Output Operator
-                compressed: false
-                table:
-                    input format: org.apache.hadoop.mapred.SequenceFileInputFormat
-                    output format: org.apache.hadoop.hive.ql.io.HiveSequenceFileOutputFormat
-                    serde: org.apache.hadoop.hive.serde2.lazybinary.LazyBinarySerDe
+            File Output Operator
+              compressed: false
+              table:
+                  input format: org.apache.hadoop.mapred.SequenceFileInputFormat
+                  output format: org.apache.hadoop.hive.ql.io.HiveSequenceFileOutputFormat
+                  serde: org.apache.hadoop.hive.serde2.lazybinary.LazyBinarySerDe
 
   Stage: Stage-2
     Map Reduce
@@ -2168,39 +2124,35 @@ STAGE PLANS:
               1 _col0 (type: string)
             outputColumnNames: _col0
             Statistics: Num rows: 0 Data size: 0 Basic stats: NONE Column stats: NONE
-            Select Operator
-              expressions: _col0 (type: string), 1 (type: int)
-              outputColumnNames: _col0, _col1
+            Mux Operator
               Statistics: Num rows: 0 Data size: 0 Basic stats: NONE Column stats: NONE
-              Mux Operator
+              Group By Operator
+                aggregations: count(1)
+                keys: _col0 (type: string)
+                mode: complete
+                outputColumnNames: _col0, _col1
                 Statistics: Num rows: 0 Data size: 0 Basic stats: NONE Column stats: NONE
-                Group By Operator
-                  aggregations: count(_col1)
-                  keys: _col0 (type: string)
-                  mode: complete
-                  outputColumnNames: _col0, _col1
+                Mux Operator
                   Statistics: Num rows: 0 Data size: 0 Basic stats: NONE Column stats: NONE
-                  Mux Operator
+                  Join Operator
+                    condition map:
+                         Inner Join 0 to 1
+                    keys:
+                      0 _col0 (type: string)
+                      1 _col0 (type: string)
+                    outputColumnNames: _col0, _col1, _col3
                     Statistics: Num rows: 0 Data size: 0 Basic stats: NONE Column stats: NONE
-                    Join Operator
-                      condition map:
-                           Inner Join 0 to 1
-                      keys:
-                        0 _col0 (type: string)
-                        1 _col0 (type: string)
-                      outputColumnNames: _col0, _col1, _col3
+                    Select Operator
+                      expressions: _col3 (type: string), _col0 (type: string), _col1 (type: bigint)
+                      outputColumnNames: _col0, _col1, _col2
                       Statistics: Num rows: 0 Data size: 0 Basic stats: NONE Column stats: NONE
-                      Select Operator
-                        expressions: _col3 (type: string), _col0 (type: string), _col1 (type: bigint)
-                        outputColumnNames: _col0, _col1, _col2
+                      File Output Operator
+                        compressed: false
                         Statistics: Num rows: 0 Data size: 0 Basic stats: NONE Column stats: NONE
-                        File Output Operator
-                          compressed: false
-                          Statistics: Num rows: 0 Data size: 0 Basic stats: NONE Column stats: NONE
-                          table:
-                              input format: org.apache.hadoop.mapred.TextInputFormat
-                              output format: org.apache.hadoop.hive.ql.io.HiveIgnoreKeyTextOutputFormat
-                              serde: org.apache.hadoop.hive.serde2.lazy.LazySimpleSerDe
+                        table:
+                            input format: org.apache.hadoop.mapred.TextInputFormat
+                            output format: org.apache.hadoop.hive.ql.io.HiveIgnoreKeyTextOutputFormat
+                            serde: org.apache.hadoop.hive.serde2.lazy.LazySimpleSerDe
           Join Operator
             condition map:
                  Inner Join 0 to 1
@@ -2365,22 +2317,18 @@ STAGE PLANS:
             1 _col0 (type: string)
           outputColumnNames: _col0
           Statistics: Num rows: 275 Data size: 2921 Basic stats: COMPLETE Column stats: NONE
-          Select Operator
-            expressions: _col0 (type: string), 1 (type: int)
+          Group By Operator
+            aggregations: count(1)
+            keys: _col0 (type: string)
+            mode: hash
             outputColumnNames: _col0, _col1
             Statistics: Num rows: 275 Data size: 2921 Basic stats: COMPLETE Column stats: NONE
-            Group By Operator
-              aggregations: count(_col1)
-              keys: _col0 (type: string)
-              mode: hash
-              outputColumnNames: _col0, _col1
-              Statistics: Num rows: 275 Data size: 2921 Basic stats: COMPLETE Column stats: NONE
-              File Output Operator
-                compressed: false
-                table:
-                    input format: org.apache.hadoop.mapred.SequenceFileInputFormat
-                    output format: org.apache.hadoop.hive.ql.io.HiveSequenceFileOutputFormat
-                    serde: org.apache.hadoop.hive.serde2.lazybinary.LazyBinarySerDe
+            File Output Operator
+              compressed: false
+              table:
+                  input format: org.apache.hadoop.mapred.SequenceFileInputFormat
+                  output format: org.apache.hadoop.hive.ql.io.HiveSequenceFileOutputFormat
+                  serde: org.apache.hadoop.hive.serde2.lazybinary.LazyBinarySerDe
 
   Stage: Stage-2
     Map Reduce
@@ -2627,41 +2575,37 @@ STAGE PLANS:
               1 _col0 (type: string)
             outputColumnNames: _col0
             Statistics: Num rows: 0 Data size: 0 Basic stats: NONE Column stats: NONE
-            Select Operator
-              expressions: _col0 (type: string), 1 (type: int)
-              outputColumnNames: _col0, _col1
+            Mux Operator
               Statistics: Num rows: 0 Data size: 0 Basic stats: NONE Column stats: NONE
-              Mux Operator
+              Group By Operator
+                aggregations: count(1)
+                keys: _col0 (type: string)
+                mode: complete
+                outputColumnNames: _col0, _col1
                 Statistics: Num rows: 0 Data size: 0 Basic stats: NONE Column stats: NONE
-                Group By Operator
-                  aggregations: count(_col1)
-                  keys: _col0 (type: string)
-                  mode: complete
-                  outputColumnNames: _col0, _col1
-                  Statistics: Num rows: 0 Data size: 0 Basic stats: NONE Column stats: NONE
-                  Mux Operator
-                    Statistics: Num rows: 1526 Data size: 16134 Basic stats: COMPLETE Column stats: NONE
-                    Join Operator
-                      condition map:
-                           Inner Join 0 to 1
-                           Inner Join 0 to 2
-                      keys:
-                        0 _col0 (type: string)
-                        1 _col0 (type: string)
-                        2 _col0 (type: string)
-                      outputColumnNames: _col0, _col1, _col3
+                Mux Operator
+                  Statistics: Num rows: 1526 Data size: 16134 Basic stats: COMPLETE Column stats: NONE
+                  Join Operator
+                    condition map:
+                         Inner Join 0 to 1
+                         Inner Join 0 to 2
+                    keys:
+                      0 _col0 (type: string)
+                      1 _col0 (type: string)
+                      2 _col0 (type: string)
+                    outputColumnNames: _col0, _col1, _col3
+                    Statistics: Num rows: 0 Data size: 0 Basic stats: NONE Column stats: NONE
+                    Select Operator
+                      expressions: _col3 (type: string), _col0 (type: string), _col1 (type: bigint)
+                      outputColumnNames: _col0, _col1, _col2
                       Statistics: Num rows: 0 Data size: 0 Basic stats: NONE Column stats: NONE
-                      Select Operator
-                        expressions: _col3 (type: string), _col0 (type: string), _col1 (type: bigint)
-                        outputColumnNames: _col0, _col1, _col2
+                      File Output Operator
+                        compressed: false
                         Statistics: Num rows: 0 Data size: 0 Basic stats: NONE Column stats: NONE
-                        File Output Operator
-                          compressed: false
-                          Statistics: Num rows: 0 Data size: 0 Basic stats: NONE Column stats: NONE
-                          table:
-                              input format: org.apache.hadoop.mapred.TextInputFormat
-                              output format: org.apache.hadoop.hive.ql.io.HiveIgnoreKeyTextOutputFormat
-                              serde: org.apache.hadoop.hive.serde2.lazy.LazySimpleSerDe
+                        table:
+                            input format: org.apache.hadoop.mapred.TextInputFormat
+                            output format: org.apache.hadoop.hive.ql.io.HiveIgnoreKeyTextOutputFormat
+                            serde: org.apache.hadoop.hive.serde2.lazy.LazySimpleSerDe
           Mux Operator
             Statistics: Num rows: 1526 Data size: 16134 Basic stats: COMPLETE Column stats: NONE
             Join Operator
@@ -3390,22 +3334,18 @@ STAGE PLANS:
             1 _col0 (type: string)
           outputColumnNames: _col0, _col1
           Statistics: Num rows: 275 Data size: 2921 Basic stats: COMPLETE Column stats: NONE
-          Select Operator
-            expressions: _col0 (type: string), _col1 (type: string), 1 (type: int)
+          Group By Operator
+            aggregations: count(1)
+            keys: _col0 (type: string), _col1 (type: string)
+            mode: hash
             outputColumnNames: _col0, _col1, _col2
             Statistics: Num rows: 275 Data size: 2921 Basic stats: COMPLETE Column stats: NONE
-            Group By Operator
-              aggregations: count(_col2)
-              keys: _col0 (type: string), _col1 (type: string)
-              mode: hash
-              outputColumnNames: _col0, _col1, _col2
-              Statistics: Num rows: 275 Data size: 2921 Basic stats: COMPLETE Column stats: NONE
-              File Output Operator
-                compressed: false
-                table:
-                    input format: org.apache.hadoop.mapred.SequenceFileInputFormat
-                    output format: org.apache.hadoop.hive.ql.io.HiveSequenceFileOutputFormat
-                    serde: org.apache.hadoop.hive.serde2.lazybinary.LazyBinarySerDe
+            File Output Operator
+              compressed: false
+              table:
+                  input format: org.apache.hadoop.mapred.SequenceFileInputFormat
+                  output format: org.apache.hadoop.hive.ql.io.HiveSequenceFileOutputFormat
+                  serde: org.apache.hadoop.hive.serde2.lazybinary.LazyBinarySerDe
 
   Stage: Stage-2
     Map Reduce
@@ -3531,22 +3471,18 @@ STAGE PLANS:
             1 _col0 (type: string)
           outputColumnNames: _col0
           Statistics: Num rows: 14 Data size: 108 Basic stats: COMPLETE Column stats: NONE
-          Select Operator
-            expressions: _col0 (type: string), 1 (type: int)
+          Group By Operator
+            aggregations: count(1)
+            keys: _col0 (type: string)
+            mode: hash
             outputColumnNames: _col0, _col1
             Statistics: Num rows: 14 Data size: 108 Basic stats: COMPLETE Column stats: NONE
-            Group By Operator
-              aggregations: count(_col1)
-              keys: _col0 (type: string)
-              mode: hash
-              outputColumnNames: _col0, _col1
-              Statistics: Num rows: 14 Data size: 108 Basic stats: COMPLETE Column stats: NONE
-              File Output Operator
-                compressed: false
-                table:
-                    input format: org.apache.hadoop.mapred.SequenceFileInputFormat
-                    output format: org.apache.hadoop.hive.ql.io.HiveSequenceFileOutputFormat
-                    serde: org.apache.hadoop.hive.serde2.lazybinary.LazyBinarySerDe
+            File Output Operator
+              compressed: false
+              table:
+                  input format: org.apache.hadoop.mapred.SequenceFileInputFormat
+                  output format: org.apache.hadoop.hive.ql.io.HiveSequenceFileOutputFormat
+                  serde: org.apache.hadoop.hive.serde2.lazybinary.LazyBinarySerDe
 
   Stage: Stage-7
     Map Reduce
@@ -3679,22 +3615,18 @@ STAGE PLANS:
             1 _col0 (type: string)
           outputColumnNames: _col0, _col1
           Statistics: Num rows: 275 Data size: 2921 Basic stats: COMPLETE Column stats: NONE
-          Select Operator
-            expressions: _col0 (type: string), _col1 (type: string), 1 (type: int)
+          Group By Operator
+            aggregations: count(1)
+            keys: _col0 (type: string), _col1 (type: string)
+            mode: hash
             outputColumnNames: _col0, _col1, _col2
             Statistics: Num rows: 275 Data size: 2921 Basic stats: COMPLETE Column stats: NONE
-            Group By Operator
-              aggregations: count(_col2)
-              keys: _col0 (type: string), _col1 (type: string)
-              mode: hash
-              outputColumnNames: _col0, _col1, _col2
-              Statistics: Num rows: 275 Data size: 2921 Basic stats: COMPLETE Column stats: NONE
-              File Output Operator
-                compressed: false
-                table:
-                    input format: org.apache.hadoop.mapred.SequenceFileInputFormat
-                    output format: org.apache.hadoop.hive.ql.io.HiveSequenceFileOutputFormat
-                    serde: org.apache.hadoop.hive.serde2.lazybinary.LazyBinarySerDe
+            File Output Operator
+              compressed: false
+              table:
+                  input format: org.apache.hadoop.mapred.SequenceFileInputFormat
+                  output format: org.apache.hadoop.hive.ql.io.HiveSequenceFileOutputFormat
+                  serde: org.apache.hadoop.hive.serde2.lazybinary.LazyBinarySerDe
 
   Stage: Stage-2
     Map Reduce
@@ -3792,39 +3724,35 @@ STAGE PLANS:
               1 _col0 (type: string)
             outputColumnNames: _col0
             Statistics: Num rows: 0 Data size: 0 Basic stats: NONE Column stats: NONE
-            Select Operator
-              expressions: _col0 (type: string), 1 (type: int)
-              outputColumnNames: _col0, _col1
+            Mux Operator
               Statistics: Num rows: 0 Data size: 0 Basic stats: NONE Column stats: NONE
-              Mux Operator
+              Group By Operator
+                aggregations: count(1)
+                keys: _col0 (type: string)
+                mode: complete
+                outputColumnNames: _col0, _col1
                 Statistics: Num rows: 0 Data size: 0 Basic stats: NONE Column stats: NONE
-                Group By Operator
-                  aggregations: count(_col1)
-                  keys: _col0 (type: string)
-                  mode: complete
-                  outputColumnNames: _col0, _col1
-                  Statistics: Num rows: 0 Data size: 0 Basic stats: NONE Column stats: NONE
-                  Mux Operator
-                    Statistics: Num rows: 163 Data size: 1653 Basic stats: COMPLETE Column stats: NONE
-                    Join Operator
-                      condition map:
-                           Inner Join 0 to 1
-                      keys:
-                        0 _col0 (type: string)
-                        1 _col0 (type: string)
+                Mux Operator
+                  Statistics: Num rows: 163 Data size: 1653 Basic stats: COMPLETE Column stats: NONE
+                  Join Operator
+                    condition map:
+                         Inner Join 0 to 1
+                    keys:
+                      0 _col0 (type: string)
+                      1 _col0 (type: string)
+                    outputColumnNames: _col0, _col1, _col2, _col3, _col4
+                    Statistics: Num rows: 0 Data size: 0 Basic stats: NONE Column stats: NONE
+                    Select Operator
+                      expressions: _col3 (type: string), _col4 (type: bigint), _col0 (type: string), _col1 (type: string), _col2 (type: bigint)
                       outputColumnNames: _col0, _col1, _col2, _col3, _col4
                       Statistics: Num rows: 0 Data size: 0 Basic stats: NONE Column stats: NONE
-                      Select Operator
-                        expressions: _col3 (type: string), _col4 (type: bigint), _col0 (type: string), _col1 (type: string), _col2 (type: bigint)
-                        outputColumnNames: _col0, _col1, _col2, _col3, _col4
+                      File Output Operator
+                        compressed: false
                         Statistics: Num rows: 0 Data size: 0 Basic stats: NONE Column stats: NONE
-                        File Output Operator
-                          compressed: false
-                          Statistics: Num rows: 0 Data size: 0 Basic stats: NONE Column stats: NONE
-                          table:
-                              input format: org.apache.hadoop.mapred.TextInputFormat
-                              output format: org.apache.hadoop.hive.ql.io.HiveIgnoreKeyTextOutputFormat
-                              serde: org.apache.hadoop.hive.serde2.lazy.LazySimpleSerDe
+                        table:
+                            input format: org.apache.hadoop.mapred.TextInputFormat
+                            output format: org.apache.hadoop.hive.ql.io.HiveIgnoreKeyTextOutputFormat
+                            serde: org.apache.hadoop.hive.serde2.lazy.LazySimpleSerDe
 
   Stage: Stage-0
     Fetch Operator
@@ -3935,22 +3863,18 @@ STAGE PLANS:
                     1 _col0 (type: string)
                   outputColumnNames: _col0, _col1
                   Statistics: Num rows: 275 Data size: 2921 Basic stats: COMPLETE Column stats: NONE
-                  Select Operator
-                    expressions: _col0 (type: string), _col1 (type: string), 1 (type: int)
+                  Group By Operator
+                    aggregations: count(1)
+                    keys: _col0 (type: string), _col1 (type: string)
+                    mode: hash
                     outputColumnNames: _col0, _col1, _col2
                     Statistics: Num rows: 275 Data size: 2921 Basic stats: COMPLETE Column stats: NONE
-                    Group By Operator
-                      aggregations: count(_col2)
-                      keys: _col0 (type: string), _col1 (type: string)
-                      mode: hash
-                      outputColumnNames: _col0, _col1, _col2
+                    Reduce Output Operator
+                      key expressions: _col0 (type: string), _col1 (type: string)
+                      sort order: ++
+                      Map-reduce partition columns: _col0 (type: string), _col1 (type: string)
                       Statistics: Num rows: 275 Data size: 2921 Basic stats: COMPLETE Column stats: NONE
-                      Reduce Output Operator
-                        key expressions: _col0 (type: string), _col1 (type: string)
-                        sort order: ++
-                        Map-reduce partition columns: _col0 (type: string), _col1 (type: string)
-                        Statistics: Num rows: 275 Data size: 2921 Basic stats: COMPLETE Column stats: NONE
-                        value expressions: _col2 (type: bigint)
+                      value expressions: _col2 (type: bigint)
       Local Work:
         Map Reduce Local Work
       Reduce Operator Tree:
@@ -4018,22 +3942,18 @@ STAGE PLANS:
                     1 _col0 (type: string)
                   outputColumnNames: _col0
                   Statistics: Num rows: 14 Data size: 108 Basic stats: COMPLETE Column stats: NONE
-                  Select Operator
-                    expressions: _col0 (type: string), 1 (type: int)
+                  Group By Operator
+                    aggregations: count(1)
+                    keys: _col0 (type: string)
+                    mode: hash
                     outputColumnNames: _col0, _col1
                     Statistics: Num rows: 14 Data size: 108 Basic stats: COMPLETE Column stats: NONE
-                    Group By Operator
-                      aggregations: count(_col1)
-                      keys: _col0 (type: string)
-                      mode: hash
-                      outputColumnNames: _col0, _col1
+                    Reduce Output Operator
+                      key expressions: _col0 (type: string)
+                      sort order: +
+                      Map-reduce partition columns: _col0 (type: string)
                       Statistics: Num rows: 14 Data size: 108 Basic stats: COMPLETE Column stats: NONE
-                      Reduce Output Operator
-                        key expressions: _col0 (type: string)
-                        sort order: +
-                        Map-reduce partition columns: _col0 (type: string)
-                        Statistics: Num rows: 14 Data size: 108 Basic stats: COMPLETE Column stats: NONE
-                        value expressions: _col1 (type: bigint)
+                      value expressions: _col1 (type: bigint)
       Local Work:
         Map Reduce Local Work
       Reduce Operator Tree:
diff --git a/ql/src/test/results/clientpositive/correlationoptimizer7.q.out b/ql/src/test/results/clientpositive/correlationoptimizer7.q.out
index a738ebd06b..eca6f27751 100644
--- a/ql/src/test/results/clientpositive/correlationoptimizer7.q.out
+++ b/ql/src/test/results/clientpositive/correlationoptimizer7.q.out
@@ -70,22 +70,18 @@ STAGE PLANS:
                     1 _col0 (type: string)
                   outputColumnNames: _col0
                   Statistics: Num rows: 275 Data size: 2921 Basic stats: COMPLETE Column stats: NONE
-                  Select Operator
-                    expressions: _col0 (type: string), 1 (type: int)
+                  Group By Operator
+                    aggregations: count(1)
+                    keys: _col0 (type: string)
+                    mode: hash
                     outputColumnNames: _col0, _col1
                     Statistics: Num rows: 275 Data size: 2921 Basic stats: COMPLETE Column stats: NONE
-                    Group By Operator
-                      aggregations: count(_col1)
-                      keys: _col0 (type: string)
-                      mode: hash
-                      outputColumnNames: _col0, _col1
+                    Reduce Output Operator
+                      key expressions: _col0 (type: string)
+                      sort order: +
+                      Map-reduce partition columns: _col0 (type: string)
                       Statistics: Num rows: 275 Data size: 2921 Basic stats: COMPLETE Column stats: NONE
-                      Reduce Output Operator
-                        key expressions: _col0 (type: string)
-                        sort order: +
-                        Map-reduce partition columns: _col0 (type: string)
-                        Statistics: Num rows: 275 Data size: 2921 Basic stats: COMPLETE Column stats: NONE
-                        value expressions: _col1 (type: bigint)
+                      value expressions: _col1 (type: bigint)
       Local Work:
         Map Reduce Local Work
       Reduce Operator Tree:
@@ -274,22 +270,18 @@ STAGE PLANS:
                     1 _col0 (type: string)
                   outputColumnNames: _col0
                   Statistics: Num rows: 275 Data size: 2921 Basic stats: COMPLETE Column stats: NONE
-                  Select Operator
-                    expressions: _col0 (type: string), 1 (type: int)
+                  Group By Operator
+                    aggregations: count(1)
+                    keys: _col0 (type: string)
+                    mode: hash
                     outputColumnNames: _col0, _col1
                     Statistics: Num rows: 275 Data size: 2921 Basic stats: COMPLETE Column stats: NONE
-                    Group By Operator
-                      aggregations: count(_col1)
-                      keys: _col0 (type: string)
-                      mode: hash
-                      outputColumnNames: _col0, _col1
+                    Reduce Output Operator
+                      key expressions: _col0 (type: string)
+                      sort order: +
+                      Map-reduce partition columns: _col0 (type: string)
                       Statistics: Num rows: 275 Data size: 2921 Basic stats: COMPLETE Column stats: NONE
-                      Reduce Output Operator
-                        key expressions: _col0 (type: string)
-                        sort order: +
-                        Map-reduce partition columns: _col0 (type: string)
-                        Statistics: Num rows: 275 Data size: 2921 Basic stats: COMPLETE Column stats: NONE
-                        value expressions: _col1 (type: bigint)
+                      value expressions: _col1 (type: bigint)
       Local Work:
         Map Reduce Local Work
       Reduce Operator Tree:
@@ -465,22 +457,18 @@ STAGE PLANS:
                     1 _col0 (type: string)
                   outputColumnNames: _col0
                   Statistics: Num rows: 275 Data size: 2921 Basic stats: COMPLETE Column stats: NONE
-                  Select Operator
-                    expressions: _col0 (type: string), 1 (type: int)
+                  Group By Operator
+                    aggregations: count(1)
+                    keys: _col0 (type: string)
+                    mode: hash
                     outputColumnNames: _col0, _col1
                     Statistics: Num rows: 275 Data size: 2921 Basic stats: COMPLETE Column stats: NONE
-                    Group By Operator
-                      aggregations: count(_col1)
-                      keys: _col0 (type: string)
-                      mode: hash
-                      outputColumnNames: _col0, _col1
+                    Reduce Output Operator
+                      key expressions: _col0 (type: string)
+                      sort order: +
+                      Map-reduce partition columns: _col0 (type: string)
                       Statistics: Num rows: 275 Data size: 2921 Basic stats: COMPLETE Column stats: NONE
-                      Reduce Output Operator
-                        key expressions: _col0 (type: string)
-                        sort order: +
-                        Map-reduce partition columns: _col0 (type: string)
-                        Statistics: Num rows: 275 Data size: 2921 Basic stats: COMPLETE Column stats: NONE
-                        value expressions: _col1 (type: bigint)
+                      value expressions: _col1 (type: bigint)
       Local Work:
         Map Reduce Local Work
       Reduce Operator Tree:
@@ -669,22 +657,18 @@ STAGE PLANS:
                     1 _col0 (type: string)
                   outputColumnNames: _col0
                   Statistics: Num rows: 275 Data size: 2921 Basic stats: COMPLETE Column stats: NONE
-                  Select Operator
-                    expressions: _col0 (type: string), 1 (type: int)
+                  Group By Operator
+                    aggregations: count(1)
+                    keys: _col0 (type: string)
+                    mode: hash
                     outputColumnNames: _col0, _col1
                     Statistics: Num rows: 275 Data size: 2921 Basic stats: COMPLETE Column stats: NONE
-                    Group By Operator
-                      aggregations: count(_col1)
-                      keys: _col0 (type: string)
-                      mode: hash
-                      outputColumnNames: _col0, _col1
+                    Reduce Output Operator
+                      key expressions: _col0 (type: string)
+                      sort order: +
+                      Map-reduce partition columns: _col0 (type: string)
                       Statistics: Num rows: 275 Data size: 2921 Basic stats: COMPLETE Column stats: NONE
-                      Reduce Output Operator
-                        key expressions: _col0 (type: string)
-                        sort order: +
-                        Map-reduce partition columns: _col0 (type: string)
-                        Statistics: Num rows: 275 Data size: 2921 Basic stats: COMPLETE Column stats: NONE
-                        value expressions: _col1 (type: bigint)
+                      value expressions: _col1 (type: bigint)
       Local Work:
         Map Reduce Local Work
       Reduce Operator Tree:
diff --git a/ql/src/test/results/clientpositive/correlationoptimizer8.q.out b/ql/src/test/results/clientpositive/correlationoptimizer8.q.out
index 096da5e6e3..83b0d61445 100644
--- a/ql/src/test/results/clientpositive/correlationoptimizer8.q.out
+++ b/ql/src/test/results/clientpositive/correlationoptimizer8.q.out
@@ -49,11 +49,11 @@ STAGE PLANS:
               predicate: (UDFToDouble(key) < 20.0) (type: boolean)
               Statistics: Num rows: 166 Data size: 1763 Basic stats: COMPLETE Column stats: NONE
               Select Operator
-                expressions: key (type: string), 1 (type: int)
-                outputColumnNames: _col0, _col1
+                expressions: key (type: string)
+                outputColumnNames: _col0
                 Statistics: Num rows: 166 Data size: 1763 Basic stats: COMPLETE Column stats: NONE
                 Group By Operator
-                  aggregations: count(_col1)
+                  aggregations: count(1)
                   keys: _col0 (type: string)
                   mode: hash
                   outputColumnNames: _col0, _col1
@@ -146,11 +146,11 @@ STAGE PLANS:
               predicate: (UDFToDouble(key) > 100.0) (type: boolean)
               Statistics: Num rows: 166 Data size: 1763 Basic stats: COMPLETE Column stats: NONE
               Select Operator
-                expressions: key (type: string), 1 (type: int)
-                outputColumnNames: _col0, _col1
+                expressions: key (type: string)
+                outputColumnNames: _col0
                 Statistics: Num rows: 166 Data size: 1763 Basic stats: COMPLETE Column stats: NONE
                 Group By Operator
-                  aggregations: count(_col1)
+                  aggregations: count(1)
                   keys: _col0 (type: string)
                   mode: hash
                   outputColumnNames: _col0, _col1
@@ -249,11 +249,11 @@ STAGE PLANS:
               predicate: (UDFToDouble(key) < 20.0) (type: boolean)
               Statistics: Num rows: 166 Data size: 1763 Basic stats: COMPLETE Column stats: NONE
               Select Operator
-                expressions: key (type: string), 1 (type: int)
-                outputColumnNames: _col0, _col1
+                expressions: key (type: string)
+                outputColumnNames: _col0
                 Statistics: Num rows: 166 Data size: 1763 Basic stats: COMPLETE Column stats: NONE
                 Group By Operator
-                  aggregations: count(_col1)
+                  aggregations: count(1)
                   keys: _col0 (type: string)
                   mode: hash
                   outputColumnNames: _col0, _col1
@@ -271,11 +271,11 @@ STAGE PLANS:
               predicate: (UDFToDouble(key) > 100.0) (type: boolean)
               Statistics: Num rows: 166 Data size: 1763 Basic stats: COMPLETE Column stats: NONE
               Select Operator
-                expressions: key (type: string), 1 (type: int)
-                outputColumnNames: _col0, _col1
+                expressions: key (type: string)
+                outputColumnNames: _col0
                 Statistics: Num rows: 166 Data size: 1763 Basic stats: COMPLETE Column stats: NONE
                 Group By Operator
-                  aggregations: count(_col1)
+                  aggregations: count(1)
                   keys: _col0 (type: string)
                   mode: hash
                   outputColumnNames: _col0, _col1
@@ -473,11 +473,11 @@ STAGE PLANS:
               predicate: (UDFToDouble(key) < 20.0) (type: boolean)
               Statistics: Num rows: 166 Data size: 1763 Basic stats: COMPLETE Column stats: NONE
               Select Operator
-                expressions: key (type: string), 1 (type: int)
-                outputColumnNames: _col0, _col1
+                expressions: key (type: string)
+                outputColumnNames: _col0
                 Statistics: Num rows: 166 Data size: 1763 Basic stats: COMPLETE Column stats: NONE
                 Group By Operator
-                  aggregations: count(_col1)
+                  aggregations: count(1)
                   keys: _col0 (type: string)
                   mode: hash
                   outputColumnNames: _col0, _col1
@@ -567,11 +567,11 @@ STAGE PLANS:
               predicate: (UDFToDouble(key) > 100.0) (type: boolean)
               Statistics: Num rows: 8 Data size: 61 Basic stats: COMPLETE Column stats: NONE
               Select Operator
-                expressions: value (type: string), 1 (type: int)
-                outputColumnNames: _col0, _col1
+                expressions: value (type: string)
+                outputColumnNames: _col0
                 Statistics: Num rows: 8 Data size: 61 Basic stats: COMPLETE Column stats: NONE
                 Group By Operator
-                  aggregations: count(_col1)
+                  aggregations: count(1)
                   keys: _col0 (type: string)
                   mode: hash
                   outputColumnNames: _col0, _col1
@@ -690,11 +690,11 @@ STAGE PLANS:
               predicate: (UDFToDouble(key) < 20.0) (type: boolean)
               Statistics: Num rows: 166 Data size: 1763 Basic stats: COMPLETE Column stats: NONE
               Select Operator
-                expressions: key (type: string), 1 (type: int)
-                outputColumnNames: _col0, _col1
+                expressions: key (type: string)
+                outputColumnNames: _col0
                 Statistics: Num rows: 166 Data size: 1763 Basic stats: COMPLETE Column stats: NONE
                 Group By Operator
-                  aggregations: count(_col1)
+                  aggregations: count(1)
                   keys: _col0 (type: string)
                   mode: hash
                   outputColumnNames: _col0, _col1
@@ -712,11 +712,11 @@ STAGE PLANS:
               predicate: (UDFToDouble(key) > 100.0) (type: boolean)
               Statistics: Num rows: 8 Data size: 61 Basic stats: COMPLETE Column stats: NONE
               Select Operator
-                expressions: value (type: string), 1 (type: int)
-                outputColumnNames: _col0, _col1
+                expressions: value (type: string)
+                outputColumnNames: _col0
                 Statistics: Num rows: 8 Data size: 61 Basic stats: COMPLETE Column stats: NONE
                 Group By Operator
-                  aggregations: count(_col1)
+                  aggregations: count(1)
                   keys: _col0 (type: string)
                   mode: hash
                   outputColumnNames: _col0, _col1
@@ -925,11 +925,11 @@ STAGE PLANS:
               predicate: (UDFToDouble(key) < 20.0) (type: boolean)
               Statistics: Num rows: 166 Data size: 1763 Basic stats: COMPLETE Column stats: NONE
               Select Operator
-                expressions: key (type: string), 1 (type: int)
-                outputColumnNames: _col0, _col1
+                expressions: key (type: string)
+                outputColumnNames: _col0
                 Statistics: Num rows: 166 Data size: 1763 Basic stats: COMPLETE Column stats: NONE
                 Group By Operator
-                  aggregations: count(_col1)
+                  aggregations: count(1)
                   keys: _col0 (type: string)
                   mode: hash
                   outputColumnNames: _col0, _col1
@@ -1022,11 +1022,11 @@ STAGE PLANS:
               predicate: (UDFToDouble(key) > 100.0) (type: boolean)
               Statistics: Num rows: 166 Data size: 1763 Basic stats: COMPLETE Column stats: NONE
               Select Operator
-                expressions: key (type: string), value (type: string), 1 (type: int)
-                outputColumnNames: _col0, _col1, _col2
+                expressions: key (type: string), value (type: string)
+                outputColumnNames: _col0, _col1
                 Statistics: Num rows: 166 Data size: 1763 Basic stats: COMPLETE Column stats: NONE
                 Group By Operator
-                  aggregations: count(_col2)
+                  aggregations: count(1)
                   keys: _col0 (type: string), _col1 (type: string)
                   mode: hash
                   outputColumnNames: _col0, _col1, _col2
@@ -1103,11 +1103,11 @@ STAGE PLANS:
               predicate: (UDFToDouble(key) < 20.0) (type: boolean)
               Statistics: Num rows: 166 Data size: 1763 Basic stats: COMPLETE Column stats: NONE
               Select Operator
-                expressions: key (type: string), 1 (type: int)
-                outputColumnNames: _col0, _col1
+                expressions: key (type: string)
+                outputColumnNames: _col0
                 Statistics: Num rows: 166 Data size: 1763 Basic stats: COMPLETE Column stats: NONE
                 Group By Operator
-                  aggregations: count(_col1)
+                  aggregations: count(1)
                   keys: _col0 (type: string)
                   mode: hash
                   outputColumnNames: _col0, _col1
@@ -1201,11 +1201,11 @@ STAGE PLANS:
               predicate: (UDFToDouble(key) > 100.0) (type: boolean)
               Statistics: Num rows: 166 Data size: 1763 Basic stats: COMPLETE Column stats: NONE
               Select Operator
-                expressions: key (type: string), 1 (type: int)
-                outputColumnNames: _col0, _col1
+                expressions: key (type: string)
+                outputColumnNames: _col0
                 Statistics: Num rows: 166 Data size: 1763 Basic stats: COMPLETE Column stats: NONE
                 Group By Operator
-                  aggregations: count(_col1)
+                  aggregations: count(1)
                   keys: _col0 (type: string)
                   mode: hash
                   outputColumnNames: _col0, _col1
diff --git a/ql/src/test/results/clientpositive/count.q.out b/ql/src/test/results/clientpositive/count.q.out
index b04a84617a..c6d1731f85 100644
--- a/ql/src/test/results/clientpositive/count.q.out
+++ b/ql/src/test/results/clientpositive/count.q.out
@@ -115,11 +115,11 @@ STAGE PLANS:
             alias: abcd
             Statistics: Num rows: 4 Data size: 78 Basic stats: COMPLETE Column stats: NONE
             Select Operator
-              expressions: 1 (type: int), a (type: int), b (type: int), c (type: int), d (type: int)
-              outputColumnNames: _col0, _col1, _col2, _col3, _col4
+              expressions: a (type: int), b (type: int), c (type: int), d (type: int)
+              outputColumnNames: _col1, _col2, _col3, _col4
               Statistics: Num rows: 4 Data size: 78 Basic stats: COMPLETE Column stats: NONE
               Group By Operator
-                aggregations: count(_col0), count(), count(_col1), count(_col2), count(_col3), count(_col4), count(DISTINCT _col1), count(DISTINCT _col2), count(DISTINCT _col3), count(DISTINCT _col4), count(DISTINCT _col1, _col2), count(DISTINCT _col2, _col3), count(DISTINCT _col3, _col4), count(DISTINCT _col1, _col4), count(DISTINCT _col1, _col3), count(DISTINCT _col2, _col4), count(DISTINCT _col1, _col2, _col3), count(DISTINCT _col2, _col3, _col4), count(DISTINCT _col1, _col3, _col4), count(DISTINCT _col1, _col2, _col4), count(DISTINCT _col1, _col2, _col3, _col4)
+                aggregations: count(1), count(), count(_col1), count(_col2), count(_col3), count(_col4), count(DISTINCT _col1), count(DISTINCT _col2), count(DISTINCT _col3), count(DISTINCT _col4), count(DISTINCT _col1, _col2), count(DISTINCT _col2, _col3), count(DISTINCT _col3, _col4), count(DISTINCT _col1, _col4), count(DISTINCT _col1, _col3), count(DISTINCT _col2, _col4), count(DISTINCT _col1, _col2, _col3), count(DISTINCT _col2, _col3, _col4), count(DISTINCT _col1, _col3, _col4), count(DISTINCT _col1, _col2, _col4), count(DISTINCT _col1, _col2, _col3, _col4)
                 keys: _col1 (type: int), _col2 (type: int), _col3 (type: int), _col4 (type: int)
                 mode: hash
                 outputColumnNames: _col0, _col1, _col2, _col3, _col4, _col5, _col6, _col7, _col8, _col9, _col10, _col11, _col12, _col13, _col14, _col15, _col16, _col17, _col18, _col19, _col20, _col21, _col22, _col23, _col24
@@ -240,17 +240,16 @@ STAGE PLANS:
             alias: abcd
             Statistics: Num rows: 4 Data size: 78 Basic stats: COMPLETE Column stats: NONE
             Select Operator
-              expressions: 1 (type: int), a (type: int), b (type: int), c (type: int), d (type: int)
-              outputColumnNames: _col0, _col1, _col2, _col3, _col4
+              expressions: a (type: int), b (type: int), c (type: int), d (type: int)
+              outputColumnNames: _col1, _col2, _col3, _col4
               Statistics: Num rows: 4 Data size: 78 Basic stats: COMPLETE Column stats: NONE
               Reduce Output Operator
                 key expressions: _col1 (type: int), _col2 (type: int), _col3 (type: int), _col4 (type: int)
                 sort order: ++++
                 Statistics: Num rows: 4 Data size: 78 Basic stats: COMPLETE Column stats: NONE
-                value expressions: _col0 (type: int)
       Reduce Operator Tree:
         Group By Operator
-          aggregations: count(VALUE._col0), count(), count(KEY._col0:0._col0), count(KEY._col0:1._col0), count(KEY._col0:2._col0), count(KEY._col0:3._col0), count(DISTINCT KEY._col0:0._col0), count(DISTINCT KEY._col0:1._col0), count(DISTINCT KEY._col0:2._col0), count(DISTINCT KEY._col0:3._col0), count(DISTINCT KEY._col0:4._col0, KEY._col0:4._col1), count(DISTINCT KEY._col0:5._col0, KEY._col0:5._col1), count(DISTINCT KEY._col0:6._col0, KEY._col0:6._col1), count(DISTINCT KEY._col0:7._col0, KEY._col0:7._col1), count(DISTINCT KEY._col0:8._col0, KEY._col0:8._col1), count(DISTINCT KEY._col0:9._col0, KEY._col0:9._col1), count(DISTINCT KEY._col0:10._col0, KEY._col0:10._col1, KEY._col0:10._col2), count(DISTINCT KEY._col0:11._col0, KEY._col0:11._col1, KEY._col0:11._col2), count(DISTINCT KEY._col0:12._col0, KEY._col0:12._col1, KEY._col0:12._col2), count(DISTINCT KEY._col0:13._col0, KEY._col0:13._col1, KEY._col0:13._col2), count(DISTINCT KEY._col0:14._col0, KEY._col0:14._col1, KEY._col0:14._col2, KEY._col0:14._col3)
+          aggregations: count(1), count(), count(KEY._col0:0._col0), count(KEY._col0:1._col0), count(KEY._col0:2._col0), count(KEY._col0:3._col0), count(DISTINCT KEY._col0:0._col0), count(DISTINCT KEY._col0:1._col0), count(DISTINCT KEY._col0:2._col0), count(DISTINCT KEY._col0:3._col0), count(DISTINCT KEY._col0:4._col0, KEY._col0:4._col1), count(DISTINCT KEY._col0:5._col0, KEY._col0:5._col1), count(DISTINCT KEY._col0:6._col0, KEY._col0:6._col1), count(DISTINCT KEY._col0:7._col0, KEY._col0:7._col1), count(DISTINCT KEY._col0:8._col0, KEY._col0:8._col1), count(DISTINCT KEY._col0:9._col0, KEY._col0:9._col1), count(DISTINCT KEY._col0:10._col0, KEY._col0:10._col1, KEY._col0:10._col2), count(DISTINCT KEY._col0:11._col0, KEY._col0:11._col1, KEY._col0:11._col2), count(DISTINCT KEY._col0:12._col0, KEY._col0:12._col1, KEY._col0:12._col2), count(DISTINCT KEY._col0:13._col0, KEY._col0:13._col1, KEY._col0:13._col2), count(DISTINCT KEY._col0:14._col0, KEY._col0:14._col1, KEY._col0:14._col2, KEY._col0:14._col3)
           mode: complete
           outputColumnNames: _col0, _col1, _col2, _col3, _col4, _col5, _col6, _col7, _col8, _col9, _col10, _col11, _col12, _col13, _col14, _col15, _col16, _col17, _col18, _col19, _col20
           Statistics: Num rows: 1 Data size: 168 Basic stats: COMPLETE Column stats: NONE
diff --git a/ql/src/test/results/clientpositive/create_genericudaf.q.out b/ql/src/test/results/clientpositive/create_genericudaf.q.out
index 774e64faf8..2df7c556c4 100644
--- a/ql/src/test/results/clientpositive/create_genericudaf.q.out
+++ b/ql/src/test/results/clientpositive/create_genericudaf.q.out
@@ -40,11 +40,11 @@ STAGE PLANS:
             alias: src
             Statistics: Num rows: 500 Data size: 5312 Basic stats: COMPLETE Column stats: NONE
             Select Operator
-              expressions: 1 (type: int), substr(value, 5) (type: string)
-              outputColumnNames: _col0, _col1
+              expressions: substr(value, 5) (type: string)
+              outputColumnNames: _col1
               Statistics: Num rows: 500 Data size: 5312 Basic stats: COMPLETE Column stats: NONE
               Group By Operator
-                aggregations: test_avg(_col0), test_avg(_col1)
+                aggregations: test_avg(1), test_avg(_col1)
                 mode: hash
                 outputColumnNames: _col0, _col1
                 Statistics: Num rows: 1 Data size: 0 Basic stats: PARTIAL Column stats: NONE
diff --git a/ql/src/test/results/clientpositive/decimal_udf.q.out b/ql/src/test/results/clientpositive/decimal_udf.q.out
index f89b8ec951..0c760b0ff1 100644
--- a/ql/src/test/results/clientpositive/decimal_udf.q.out
+++ b/ql/src/test/results/clientpositive/decimal_udf.q.out
@@ -2043,11 +2043,11 @@ STAGE PLANS:
             alias: decimal_udf
             Statistics: Num rows: 3 Data size: 359 Basic stats: COMPLETE Column stats: NONE
             Select Operator
-              expressions: key (type: decimal(20,10)), 3 (type: int)
-              outputColumnNames: _col0, _col1
+              expressions: key (type: decimal(20,10))
+              outputColumnNames: _col0
               Statistics: Num rows: 3 Data size: 359 Basic stats: COMPLETE Column stats: NONE
               Group By Operator
-                aggregations: histogram_numeric(_col0, _col1)
+                aggregations: histogram_numeric(_col0, 3)
                 mode: hash
                 outputColumnNames: _col0
                 Statistics: Num rows: 1 Data size: 0 Basic stats: PARTIAL Column stats: NONE
diff --git a/ql/src/test/results/clientpositive/dynpart_sort_optimization2.q.out b/ql/src/test/results/clientpositive/dynpart_sort_optimization2.q.out
index 6687f0d7fe..2b5f79b8c4 100644
--- a/ql/src/test/results/clientpositive/dynpart_sort_optimization2.q.out
+++ b/ql/src/test/results/clientpositive/dynpart_sort_optimization2.q.out
@@ -1557,12 +1557,12 @@ STAGE PLANS:
             alias: src
             Statistics: Num rows: 500 Data size: 5312 Basic stats: COMPLETE Column stats: NONE
             Select Operator
-              expressions: 'day' (type: string), key (type: string), value (type: string)
-              outputColumnNames: _col0, _col1, _col2
+              expressions: key (type: string), value (type: string)
+              outputColumnNames: _col1, _col2
               Statistics: Num rows: 500 Data size: 5312 Basic stats: COMPLETE Column stats: NONE
               Group By Operator
                 aggregations: count(_col2)
-                keys: _col0 (type: string), _col1 (type: string)
+                keys: 'day' (type: string), _col1 (type: string)
                 mode: hash
                 outputColumnNames: _col0, _col1, _col2
                 Statistics: Num rows: 500 Data size: 5312 Basic stats: COMPLETE Column stats: NONE
@@ -1673,12 +1673,12 @@ STAGE PLANS:
             alias: src
             Statistics: Num rows: 500 Data size: 5312 Basic stats: COMPLETE Column stats: NONE
             Select Operator
-              expressions: 'day' (type: string), key (type: string), value (type: string)
-              outputColumnNames: _col0, _col1, _col2
+              expressions: key (type: string), value (type: string)
+              outputColumnNames: _col1, _col2
               Statistics: Num rows: 500 Data size: 5312 Basic stats: COMPLETE Column stats: NONE
               Group By Operator
                 aggregations: count(_col2)
-                keys: _col0 (type: string), _col1 (type: string)
+                keys: 'day' (type: string), _col1 (type: string)
                 mode: hash
                 outputColumnNames: _col0, _col1, _col2
                 Statistics: Num rows: 500 Data size: 5312 Basic stats: COMPLETE Column stats: NONE
diff --git a/ql/src/test/results/clientpositive/explain_logical.q.out b/ql/src/test/results/clientpositive/explain_logical.q.out
index 41c8a2bcb8..d28c685ced 100644
--- a/ql/src/test/results/clientpositive/explain_logical.q.out
+++ b/ql/src/test/results/clientpositive/explain_logical.q.out
@@ -105,11 +105,11 @@ $hdt$_0:$hdt$_0:srcpart
     alias: srcpart
     Statistics: Num rows: 2000 Data size: 21248 Basic stats: COMPLETE Column stats: NONE
     Select Operator (SEL_2)
-      expressions: key (type: string), 1 (type: int)
-      outputColumnNames: _col0, _col1
+      expressions: key (type: string)
+      outputColumnNames: _col0
       Statistics: Num rows: 2000 Data size: 21248 Basic stats: COMPLETE Column stats: NONE
       Group By Operator (GBY_5)
-        aggregations: count(_col1)
+        aggregations: count(1)
         keys: _col0 (type: string)
         mode: hash
         outputColumnNames: _col0, _col1
@@ -189,11 +189,11 @@ $hdt$_0:$hdt$_0:src
     alias: src
     Statistics: Num rows: 500 Data size: 5312 Basic stats: COMPLETE Column stats: NONE
     Select Operator (SEL_1)
-      expressions: key (type: string), 1 (type: int)
-      outputColumnNames: _col0, _col1
+      expressions: key (type: string)
+      outputColumnNames: _col0
       Statistics: Num rows: 500 Data size: 5312 Basic stats: COMPLETE Column stats: NONE
       Group By Operator (GBY_4)
-        aggregations: count(_col1)
+        aggregations: count(1)
         keys: _col0 (type: string)
         mode: hash
         outputColumnNames: _col0, _col1
diff --git a/ql/src/test/results/clientpositive/groupby4_map.q.out b/ql/src/test/results/clientpositive/groupby4_map.q.out
index 56b7a29c71..a8a7fbe052 100644
--- a/ql/src/test/results/clientpositive/groupby4_map.q.out
+++ b/ql/src/test/results/clientpositive/groupby4_map.q.out
@@ -25,11 +25,9 @@ STAGE PLANS:
             alias: src
             Statistics: Num rows: 500 Data size: 5312 Basic stats: COMPLETE Column stats: COMPLETE
             Select Operator
-              expressions: 1 (type: int)
-              outputColumnNames: _col0
               Statistics: Num rows: 500 Data size: 5312 Basic stats: COMPLETE Column stats: COMPLETE
               Group By Operator
-                aggregations: count(_col0)
+                aggregations: count(1)
                 mode: hash
                 outputColumnNames: _col0
                 Statistics: Num rows: 1 Data size: 8 Basic stats: COMPLETE Column stats: COMPLETE
diff --git a/ql/src/test/results/clientpositive/groupby4_map_skew.q.out b/ql/src/test/results/clientpositive/groupby4_map_skew.q.out
index 84f47e50ef..3f38895cde 100644
--- a/ql/src/test/results/clientpositive/groupby4_map_skew.q.out
+++ b/ql/src/test/results/clientpositive/groupby4_map_skew.q.out
@@ -25,11 +25,9 @@ STAGE PLANS:
             alias: src
             Statistics: Num rows: 500 Data size: 5312 Basic stats: COMPLETE Column stats: COMPLETE
             Select Operator
-              expressions: 1 (type: int)
-              outputColumnNames: _col0
               Statistics: Num rows: 500 Data size: 5312 Basic stats: COMPLETE Column stats: COMPLETE
               Group By Operator
-                aggregations: count(_col0)
+                aggregations: count(1)
                 mode: hash
                 outputColumnNames: _col0
                 Statistics: Num rows: 1 Data size: 8 Basic stats: COMPLETE Column stats: COMPLETE
diff --git a/ql/src/test/results/clientpositive/groupby_position.q.out b/ql/src/test/results/clientpositive/groupby_position.q.out
index e18423f0f6..7152101b5c 100644
--- a/ql/src/test/results/clientpositive/groupby_position.q.out
+++ b/ql/src/test/results/clientpositive/groupby_position.q.out
@@ -432,11 +432,11 @@ STAGE PLANS:
               predicate: (UDFToDouble(key) <= 20.0) (type: boolean)
               Statistics: Num rows: 166 Data size: 1763 Basic stats: COMPLETE Column stats: NONE
               Select Operator
-                expressions: key (type: string), 1 (type: int)
-                outputColumnNames: _col0, _col1
+                expressions: key (type: string)
+                outputColumnNames: _col0
                 Statistics: Num rows: 166 Data size: 1763 Basic stats: COMPLETE Column stats: NONE
                 Group By Operator
-                  aggregations: count(_col1)
+                  aggregations: count(1)
                   keys: _col0 (type: string)
                   mode: hash
                   outputColumnNames: _col0, _col1
diff --git a/ql/src/test/results/clientpositive/groupby_sort_11.q.out b/ql/src/test/results/clientpositive/groupby_sort_11.q.out
index 7becc5fc31..ec262e3b81 100644
--- a/ql/src/test/results/clientpositive/groupby_sort_11.q.out
+++ b/ql/src/test/results/clientpositive/groupby_sort_11.q.out
@@ -108,11 +108,11 @@ STAGE PLANS:
             alias: t1
             Statistics: Num rows: 10 Data size: 70 Basic stats: COMPLETE Column stats: NONE
             Select Operator
-              expressions: key (type: string), 1 (type: int)
-              outputColumnNames: _col0, _col1
+              expressions: key (type: string)
+              outputColumnNames: _col0
               Statistics: Num rows: 10 Data size: 70 Basic stats: COMPLETE Column stats: NONE
               Group By Operator
-                aggregations: count(DISTINCT _col0), count(_col1), count(_col0), sum(DISTINCT _col0)
+                aggregations: count(DISTINCT _col0), count(1), count(_col0), sum(DISTINCT _col0)
                 bucketGroup: true
                 keys: _col0 (type: string)
                 mode: hash
@@ -176,11 +176,11 @@ STAGE PLANS:
             alias: t1
             Statistics: Num rows: 10 Data size: 70 Basic stats: COMPLETE Column stats: NONE
             Select Operator
-              expressions: key (type: string), 1 (type: int)
-              outputColumnNames: _col0, _col1
+              expressions: key (type: string)
+              outputColumnNames: _col0
               Statistics: Num rows: 10 Data size: 70 Basic stats: COMPLETE Column stats: NONE
               Group By Operator
-                aggregations: count(DISTINCT _col0), count(_col1), count(_col0), sum(DISTINCT _col0)
+                aggregations: count(DISTINCT _col0), count(1), count(_col0), sum(DISTINCT _col0)
                 bucketGroup: true
                 keys: _col0 (type: string)
                 mode: hash
@@ -251,11 +251,11 @@ STAGE PLANS:
             alias: t1
             Statistics: Num rows: 10 Data size: 70 Basic stats: COMPLETE Column stats: NONE
             Select Operator
-              expressions: key (type: string), 1 (type: int)
-              outputColumnNames: _col0, _col1
+              expressions: key (type: string)
+              outputColumnNames: _col0
               Statistics: Num rows: 10 Data size: 70 Basic stats: COMPLETE Column stats: NONE
               Group By Operator
-                aggregations: count(DISTINCT _col0), count(_col1), count(_col0), sum(DISTINCT _col0)
+                aggregations: count(DISTINCT _col0), count(1), count(_col0), sum(DISTINCT _col0)
                 bucketGroup: true
                 keys: _col0 (type: string)
                 mode: hash
@@ -390,12 +390,10 @@ STAGE PLANS:
             alias: t1
             Statistics: Num rows: 10 Data size: 70 Basic stats: COMPLETE Column stats: NONE
             Select Operator
-              expressions: 1 (type: int)
-              outputColumnNames: _col0
               Statistics: Num rows: 10 Data size: 70 Basic stats: COMPLETE Column stats: NONE
               Group By Operator
-                aggregations: count(DISTINCT _col0)
-                keys: _col0 (type: int)
+                aggregations: count(DISTINCT 1)
+                keys: 1 (type: int)
                 mode: hash
                 outputColumnNames: _col0, _col1
                 Statistics: Num rows: 10 Data size: 70 Basic stats: COMPLETE Column stats: NONE
diff --git a/ql/src/test/results/clientpositive/groupby_sort_1_23.q.out b/ql/src/test/results/clientpositive/groupby_sort_1_23.q.out
index cb94faa46b..dd450cb0b1 100644
--- a/ql/src/test/results/clientpositive/groupby_sort_1_23.q.out
+++ b/ql/src/test/results/clientpositive/groupby_sort_1_23.q.out
@@ -98,11 +98,11 @@ STAGE PLANS:
             Statistics: Num rows: 6 Data size: 24 Basic stats: COMPLETE Column stats: NONE
             GatherStats: false
             Select Operator
-              expressions: key (type: string), 1 (type: int)
-              outputColumnNames: _col0, _col1
+              expressions: key (type: string)
+              outputColumnNames: _col0
               Statistics: Num rows: 6 Data size: 24 Basic stats: COMPLETE Column stats: NONE
               Group By Operator
-                aggregations: count(_col1)
+                aggregations: count(1)
                 keys: _col0 (type: string)
                 mode: final
                 outputColumnNames: _col0, _col1
@@ -457,11 +457,11 @@ STAGE PLANS:
             Statistics: Num rows: 6 Data size: 24 Basic stats: COMPLETE Column stats: NONE
             GatherStats: false
             Select Operator
-              expressions: key (type: string), val (type: string), 1 (type: int)
-              outputColumnNames: _col0, _col1, _col2
+              expressions: key (type: string), val (type: string)
+              outputColumnNames: _col0, _col1
               Statistics: Num rows: 6 Data size: 24 Basic stats: COMPLETE Column stats: NONE
               Group By Operator
-                aggregations: count(_col2)
+                aggregations: count(1)
                 keys: _col0 (type: string), _col1 (type: string)
                 mode: hash
                 outputColumnNames: _col0, _col1, _col2
@@ -688,11 +688,11 @@ STAGE PLANS:
             Statistics: Num rows: 6 Data size: 24 Basic stats: COMPLETE Column stats: NONE
             GatherStats: false
             Select Operator
-              expressions: key (type: string), 1 (type: int)
-              outputColumnNames: _col0, _col1
+              expressions: key (type: string)
+              outputColumnNames: _col0
               Statistics: Num rows: 6 Data size: 24 Basic stats: COMPLETE Column stats: NONE
               Group By Operator
-                aggregations: count(_col1)
+                aggregations: count(1)
                 keys: _col0 (type: string)
                 mode: final
                 outputColumnNames: _col0, _col1
@@ -1096,11 +1096,11 @@ STAGE PLANS:
             Statistics: Num rows: 6 Data size: 24 Basic stats: COMPLETE Column stats: NONE
             GatherStats: false
             Select Operator
-              expressions: key (type: string), 1 (type: int)
-              outputColumnNames: _col0, _col1
+              expressions: key (type: string)
+              outputColumnNames: _col0
               Statistics: Num rows: 6 Data size: 24 Basic stats: COMPLETE Column stats: NONE
               Group By Operator
-                aggregations: count(_col1)
+                aggregations: count(1)
                 keys: _col0 (type: string)
                 mode: final
                 outputColumnNames: _col0, _col1
@@ -1495,12 +1495,12 @@ STAGE PLANS:
             Statistics: Num rows: 6 Data size: 24 Basic stats: COMPLETE Column stats: NONE
             GatherStats: false
             Select Operator
-              expressions: 1 (type: int), key (type: string)
-              outputColumnNames: _col0, _col1
+              expressions: key (type: string)
+              outputColumnNames: _col1
               Statistics: Num rows: 6 Data size: 24 Basic stats: COMPLETE Column stats: NONE
               Group By Operator
-                aggregations: count(_col0)
-                keys: _col0 (type: int), _col1 (type: string)
+                aggregations: count(1)
+                keys: 1 (type: int), _col1 (type: string)
                 mode: hash
                 outputColumnNames: _col0, _col1, _col2
                 Statistics: Num rows: 6 Data size: 24 Basic stats: COMPLETE Column stats: NONE
@@ -1721,12 +1721,12 @@ STAGE PLANS:
             Statistics: Num rows: 6 Data size: 24 Basic stats: COMPLETE Column stats: NONE
             GatherStats: false
             Select Operator
-              expressions: key (type: string), 1 (type: int), val (type: string)
-              outputColumnNames: _col0, _col1, _col2
+              expressions: key (type: string), val (type: string)
+              outputColumnNames: _col0, _col2
               Statistics: Num rows: 6 Data size: 24 Basic stats: COMPLETE Column stats: NONE
               Group By Operator
-                aggregations: count(_col1)
-                keys: _col0 (type: string), _col1 (type: int), _col2 (type: string)
+                aggregations: count(1)
+                keys: _col0 (type: string), 1 (type: int), _col2 (type: string)
                 mode: hash
                 outputColumnNames: _col0, _col1, _col2, _col3
                 Statistics: Num rows: 6 Data size: 24 Basic stats: COMPLETE Column stats: NONE
@@ -1942,11 +1942,11 @@ STAGE PLANS:
             Statistics: Num rows: 6 Data size: 24 Basic stats: COMPLETE Column stats: NONE
             GatherStats: false
             Select Operator
-              expressions: key (type: string), (UDFToDouble(key) + 1.0) (type: double), 1 (type: int)
-              outputColumnNames: _col0, _col1, _col2
+              expressions: key (type: string), (UDFToDouble(key) + 1.0) (type: double)
+              outputColumnNames: _col0, _col1
               Statistics: Num rows: 6 Data size: 24 Basic stats: COMPLETE Column stats: NONE
               Group By Operator
-                aggregations: count(_col2)
+                aggregations: count(1)
                 keys: _col0 (type: string), _col1 (type: double)
                 mode: hash
                 outputColumnNames: _col0, _col1, _col2
@@ -2199,11 +2199,11 @@ STAGE PLANS:
             Statistics: Num rows: 6 Data size: 24 Basic stats: COMPLETE Column stats: NONE
             GatherStats: false
             Select Operator
-              expressions: key (type: string), 1 (type: int)
-              outputColumnNames: _col0, _col1
+              expressions: key (type: string)
+              outputColumnNames: _col0
               Statistics: Num rows: 6 Data size: 24 Basic stats: COMPLETE Column stats: NONE
               Group By Operator
-                aggregations: count(_col1)
+                aggregations: count(1)
                 keys: _col0 (type: string)
                 mode: final
                 outputColumnNames: _col0, _col1
@@ -2477,11 +2477,11 @@ STAGE PLANS:
             Statistics: Num rows: 6 Data size: 24 Basic stats: COMPLETE Column stats: NONE
             GatherStats: false
             Select Operator
-              expressions: key (type: string), 1 (type: int)
-              outputColumnNames: _col0, _col1
+              expressions: key (type: string)
+              outputColumnNames: _col0
               Statistics: Num rows: 6 Data size: 24 Basic stats: COMPLETE Column stats: NONE
               Group By Operator
-                aggregations: count(_col1)
+                aggregations: count(1)
                 keys: _col0 (type: string)
                 mode: final
                 outputColumnNames: _col0, _col1
@@ -2528,11 +2528,11 @@ STAGE PLANS:
             Statistics: Num rows: 6 Data size: 24 Basic stats: COMPLETE Column stats: NONE
             GatherStats: false
             Select Operator
-              expressions: key (type: string), 1 (type: int)
-              outputColumnNames: _col0, _col1
+              expressions: key (type: string)
+              outputColumnNames: _col0
               Statistics: Num rows: 6 Data size: 24 Basic stats: COMPLETE Column stats: NONE
               Group By Operator
-                aggregations: count(_col1)
+                aggregations: count(1)
                 keys: _col0 (type: string)
                 mode: final
                 outputColumnNames: _col0, _col1
@@ -2982,11 +2982,11 @@ STAGE PLANS:
             Statistics: Num rows: 6 Data size: 24 Basic stats: COMPLETE Column stats: NONE
             GatherStats: false
             Select Operator
-              expressions: (UDFToDouble(key) + UDFToDouble(key)) (type: double), 1 (type: int)
-              outputColumnNames: _col0, _col1
+              expressions: (UDFToDouble(key) + UDFToDouble(key)) (type: double)
+              outputColumnNames: _col0
               Statistics: Num rows: 6 Data size: 24 Basic stats: COMPLETE Column stats: NONE
               Group By Operator
-                aggregations: count(_col1)
+                aggregations: count(1)
                 keys: _col0 (type: double)
                 mode: hash
                 outputColumnNames: _col0, _col1
@@ -3086,11 +3086,11 @@ STAGE PLANS:
             Statistics: Num rows: 6 Data size: 24 Basic stats: COMPLETE Column stats: NONE
             GatherStats: false
             Select Operator
-              expressions: key (type: string), 1 (type: int)
-              outputColumnNames: _col0, _col1
+              expressions: key (type: string)
+              outputColumnNames: _col0
               Statistics: Num rows: 6 Data size: 24 Basic stats: COMPLETE Column stats: NONE
               Group By Operator
-                aggregations: count(_col1)
+                aggregations: count(1)
                 keys: _col0 (type: string)
                 mode: final
                 outputColumnNames: _col0, _col1
@@ -4239,11 +4239,11 @@ STAGE PLANS:
             Statistics: Num rows: 6 Data size: 24 Basic stats: COMPLETE Column stats: NONE
             GatherStats: false
             Select Operator
-              expressions: key (type: string), 1 (type: int)
-              outputColumnNames: _col0, _col1
+              expressions: key (type: string)
+              outputColumnNames: _col0
               Statistics: Num rows: 6 Data size: 24 Basic stats: COMPLETE Column stats: NONE
               Group By Operator
-                aggregations: count(_col1)
+                aggregations: count(1)
                 bucketGroup: true
                 keys: _col0 (type: string)
                 mode: hash
@@ -4469,12 +4469,12 @@ STAGE PLANS:
             Statistics: Num rows: 6 Data size: 24 Basic stats: COMPLETE Column stats: NONE
             GatherStats: false
             Select Operator
-              expressions: key (type: string), 1 (type: int), val (type: string)
-              outputColumnNames: _col0, _col1, _col2
+              expressions: key (type: string), val (type: string)
+              outputColumnNames: _col0, _col2
               Statistics: Num rows: 6 Data size: 24 Basic stats: COMPLETE Column stats: NONE
               Group By Operator
-                aggregations: count(_col1)
-                keys: _col0 (type: string), _col1 (type: int), _col2 (type: string)
+                aggregations: count(1)
+                keys: _col0 (type: string), 1 (type: int), _col2 (type: string)
                 mode: hash
                 outputColumnNames: _col0, _col1, _col2, _col3
                 Statistics: Num rows: 6 Data size: 24 Basic stats: COMPLETE Column stats: NONE
@@ -4712,12 +4712,12 @@ STAGE PLANS:
             Statistics: Num rows: 6 Data size: 24 Basic stats: COMPLETE Column stats: NONE
             GatherStats: false
             Select Operator
-              expressions: key (type: string), 1 (type: int), val (type: string), 2 (type: int)
-              outputColumnNames: _col0, _col1, _col2, _col3
+              expressions: key (type: string), val (type: string)
+              outputColumnNames: _col0, _col2
               Statistics: Num rows: 6 Data size: 24 Basic stats: COMPLETE Column stats: NONE
               Group By Operator
-                aggregations: count(_col1)
-                keys: _col0 (type: string), _col1 (type: int), _col2 (type: string), _col3 (type: int)
+                aggregations: count(1)
+                keys: _col0 (type: string), 1 (type: int), _col2 (type: string), 2 (type: int)
                 mode: hash
                 outputColumnNames: _col0, _col1, _col2, _col3, _col4
                 Statistics: Num rows: 6 Data size: 24 Basic stats: COMPLETE Column stats: NONE
@@ -4959,12 +4959,12 @@ STAGE PLANS:
             Statistics: Num rows: 6 Data size: 24 Basic stats: COMPLETE Column stats: NONE
             GatherStats: false
             Select Operator
-              expressions: key (type: string), 1 (type: int), val (type: string), 1 (type: int)
-              outputColumnNames: _col0, _col1, _col2, _col3
+              expressions: key (type: string), val (type: string)
+              outputColumnNames: _col0, _col2
               Statistics: Num rows: 6 Data size: 24 Basic stats: COMPLETE Column stats: NONE
               Group By Operator
-                aggregations: count(_col3)
-                keys: _col0 (type: string), _col1 (type: int), _col2 (type: string)
+                aggregations: count(1)
+                keys: _col0 (type: string), 1 (type: int), _col2 (type: string)
                 mode: hash
                 outputColumnNames: _col0, _col1, _col2, _col3
                 Statistics: Num rows: 6 Data size: 24 Basic stats: COMPLETE Column stats: NONE
@@ -5245,12 +5245,13 @@ STAGE PLANS:
             Statistics: Num rows: 6 Data size: 24 Basic stats: COMPLETE Column stats: NONE
             GatherStats: false
             Select Operator
-              expressions: key (type: string), 2 (type: int), val (type: string), 1 (type: int)
-              outputColumnNames: _col0, _col1, _col2, _col3
+              expressions: key (type: string), val (type: string)
+              outputColumnNames: _col0, _col2
               Statistics: Num rows: 6 Data size: 24 Basic stats: COMPLETE Column stats: NONE
               Group By Operator
-                aggregations: count(_col3)
-                keys: _col0 (type: string), _col1 (type: int), _col2 (type: string)
+                aggregations: count(1)
+                bucketGroup: true
+                keys: _col0 (type: string), 2 (type: int), _col2 (type: string)
                 mode: hash
                 outputColumnNames: _col0, _col1, _col2, _col3
                 Statistics: Num rows: 6 Data size: 24 Basic stats: COMPLETE Column stats: NONE
diff --git a/ql/src/test/results/clientpositive/groupby_sort_2.q.out b/ql/src/test/results/clientpositive/groupby_sort_2.q.out
index 8aca74079d..b5e52f17ee 100644
--- a/ql/src/test/results/clientpositive/groupby_sort_2.q.out
+++ b/ql/src/test/results/clientpositive/groupby_sort_2.q.out
@@ -65,11 +65,11 @@ STAGE PLANS:
             alias: t1
             Statistics: Num rows: 6 Data size: 24 Basic stats: COMPLETE Column stats: NONE
             Select Operator
-              expressions: val (type: string), 1 (type: int)
-              outputColumnNames: _col0, _col1
+              expressions: val (type: string)
+              outputColumnNames: _col0
               Statistics: Num rows: 6 Data size: 24 Basic stats: COMPLETE Column stats: NONE
               Group By Operator
-                aggregations: count(_col1)
+                aggregations: count(1)
                 bucketGroup: true
                 keys: _col0 (type: string)
                 mode: hash
diff --git a/ql/src/test/results/clientpositive/groupby_sort_3.q.out b/ql/src/test/results/clientpositive/groupby_sort_3.q.out
index 82db449cbc..c16911a5ae 100644
--- a/ql/src/test/results/clientpositive/groupby_sort_3.q.out
+++ b/ql/src/test/results/clientpositive/groupby_sort_3.q.out
@@ -68,11 +68,11 @@ STAGE PLANS:
             alias: t1
             Statistics: Num rows: 6 Data size: 24 Basic stats: COMPLETE Column stats: NONE
             Select Operator
-              expressions: key (type: string), val (type: string), 1 (type: int)
-              outputColumnNames: _col0, _col1, _col2
+              expressions: key (type: string), val (type: string)
+              outputColumnNames: _col0, _col1
               Statistics: Num rows: 6 Data size: 24 Basic stats: COMPLETE Column stats: NONE
               Group By Operator
-                aggregations: count(_col2)
+                aggregations: count(1)
                 keys: _col0 (type: string), _col1 (type: string)
                 mode: final
                 outputColumnNames: _col0, _col1, _col2
@@ -205,11 +205,11 @@ STAGE PLANS:
             alias: t1
             Statistics: Num rows: 6 Data size: 24 Basic stats: COMPLETE Column stats: NONE
             Select Operator
-              expressions: key (type: string), 1 (type: int)
-              outputColumnNames: _col0, _col1
+              expressions: key (type: string)
+              outputColumnNames: _col0
               Statistics: Num rows: 6 Data size: 24 Basic stats: COMPLETE Column stats: NONE
               Group By Operator
-                aggregations: count(_col1)
+                aggregations: count(1)
                 keys: _col0 (type: string)
                 mode: final
                 outputColumnNames: _col0, _col1
diff --git a/ql/src/test/results/clientpositive/groupby_sort_4.q.out b/ql/src/test/results/clientpositive/groupby_sort_4.q.out
index 4407cb1453..a6b1c3d9a2 100644
--- a/ql/src/test/results/clientpositive/groupby_sort_4.q.out
+++ b/ql/src/test/results/clientpositive/groupby_sort_4.q.out
@@ -65,11 +65,11 @@ STAGE PLANS:
             alias: t1
             Statistics: Num rows: 6 Data size: 24 Basic stats: COMPLETE Column stats: NONE
             Select Operator
-              expressions: key (type: string), 1 (type: int)
-              outputColumnNames: _col0, _col1
+              expressions: key (type: string)
+              outputColumnNames: _col0
               Statistics: Num rows: 6 Data size: 24 Basic stats: COMPLETE Column stats: NONE
               Group By Operator
-                aggregations: count(_col1)
+                aggregations: count(1)
                 bucketGroup: true
                 keys: _col0 (type: string)
                 mode: hash
@@ -172,11 +172,11 @@ STAGE PLANS:
             alias: t1
             Statistics: Num rows: 6 Data size: 24 Basic stats: COMPLETE Column stats: NONE
             Select Operator
-              expressions: key (type: string), val (type: string), 1 (type: int)
-              outputColumnNames: _col0, _col1, _col2
+              expressions: key (type: string), val (type: string)
+              outputColumnNames: _col0, _col1
               Statistics: Num rows: 6 Data size: 24 Basic stats: COMPLETE Column stats: NONE
               Group By Operator
-                aggregations: count(_col2)
+                aggregations: count(1)
                 keys: _col0 (type: string), _col1 (type: string)
                 mode: hash
                 outputColumnNames: _col0, _col1, _col2
diff --git a/ql/src/test/results/clientpositive/groupby_sort_5.q.out b/ql/src/test/results/clientpositive/groupby_sort_5.q.out
index 39dd72000b..369e2b5e8b 100644
--- a/ql/src/test/results/clientpositive/groupby_sort_5.q.out
+++ b/ql/src/test/results/clientpositive/groupby_sort_5.q.out
@@ -72,11 +72,11 @@ STAGE PLANS:
             alias: t1
             Statistics: Num rows: 6 Data size: 24 Basic stats: COMPLETE Column stats: NONE
             Select Operator
-              expressions: key (type: string), val (type: string), 1 (type: int)
-              outputColumnNames: _col0, _col1, _col2
+              expressions: key (type: string), val (type: string)
+              outputColumnNames: _col0, _col1
               Statistics: Num rows: 6 Data size: 24 Basic stats: COMPLETE Column stats: NONE
               Group By Operator
-                aggregations: count(_col2)
+                aggregations: count(1)
                 keys: _col0 (type: string), _col1 (type: string)
                 mode: final
                 outputColumnNames: _col0, _col1, _col2
@@ -243,11 +243,11 @@ STAGE PLANS:
             alias: t1
             Statistics: Num rows: 6 Data size: 24 Basic stats: COMPLETE Column stats: NONE
             Select Operator
-              expressions: key (type: string), val (type: string), 1 (type: int)
-              outputColumnNames: _col0, _col1, _col2
+              expressions: key (type: string), val (type: string)
+              outputColumnNames: _col0, _col1
               Statistics: Num rows: 6 Data size: 24 Basic stats: COMPLETE Column stats: NONE
               Group By Operator
-                aggregations: count(_col2)
+                aggregations: count(1)
                 keys: _col0 (type: string), _col1 (type: string)
                 mode: final
                 outputColumnNames: _col0, _col1, _col2
@@ -419,11 +419,11 @@ STAGE PLANS:
             alias: t1
             Statistics: Num rows: 6 Data size: 24 Basic stats: COMPLETE Column stats: NONE
             Select Operator
-              expressions: key (type: string), 1 (type: int)
-              outputColumnNames: _col0, _col1
+              expressions: key (type: string)
+              outputColumnNames: _col0
               Statistics: Num rows: 6 Data size: 24 Basic stats: COMPLETE Column stats: NONE
               Group By Operator
-                aggregations: count(_col1)
+                aggregations: count(1)
                 bucketGroup: true
                 keys: _col0 (type: string)
                 mode: hash
diff --git a/ql/src/test/results/clientpositive/groupby_sort_6.q.out b/ql/src/test/results/clientpositive/groupby_sort_6.q.out
index b62e3d1125..4e5c96f09e 100644
--- a/ql/src/test/results/clientpositive/groupby_sort_6.q.out
+++ b/ql/src/test/results/clientpositive/groupby_sort_6.q.out
@@ -359,11 +359,11 @@ STAGE PLANS:
             Statistics: Num rows: 0 Data size: 30 Basic stats: PARTIAL Column stats: NONE
             GatherStats: false
             Select Operator
-              expressions: key (type: string), 1 (type: int)
-              outputColumnNames: _col0, _col1
+              expressions: key (type: string)
+              outputColumnNames: _col0
               Statistics: Num rows: 0 Data size: 30 Basic stats: PARTIAL Column stats: NONE
               Group By Operator
-                aggregations: count(_col1)
+                aggregations: count(1)
                 keys: _col0 (type: string)
                 mode: hash
                 outputColumnNames: _col0, _col1
diff --git a/ql/src/test/results/clientpositive/groupby_sort_7.q.out b/ql/src/test/results/clientpositive/groupby_sort_7.q.out
index 0f2b3620c8..726469586f 100644
--- a/ql/src/test/results/clientpositive/groupby_sort_7.q.out
+++ b/ql/src/test/results/clientpositive/groupby_sort_7.q.out
@@ -75,11 +75,11 @@ STAGE PLANS:
             alias: t1
             Statistics: Num rows: 6 Data size: 24 Basic stats: COMPLETE Column stats: NONE
             Select Operator
-              expressions: key (type: string), val (type: string), 1 (type: int)
-              outputColumnNames: _col0, _col1, _col2
+              expressions: key (type: string), val (type: string)
+              outputColumnNames: _col0, _col1
               Statistics: Num rows: 6 Data size: 24 Basic stats: COMPLETE Column stats: NONE
               Group By Operator
-                aggregations: count(_col2)
+                aggregations: count(1)
                 keys: _col0 (type: string), _col1 (type: string)
                 mode: final
                 outputColumnNames: _col0, _col1, _col2
diff --git a/ql/src/test/results/clientpositive/groupby_sort_9.q.out b/ql/src/test/results/clientpositive/groupby_sort_9.q.out
index db5a291159..95a29a8137 100644
--- a/ql/src/test/results/clientpositive/groupby_sort_9.q.out
+++ b/ql/src/test/results/clientpositive/groupby_sort_9.q.out
@@ -65,11 +65,11 @@ STAGE PLANS:
             alias: t1
             Statistics: Num rows: 12 Data size: 48 Basic stats: COMPLETE Column stats: NONE
             Select Operator
-              expressions: key (type: string), 1 (type: int)
-              outputColumnNames: _col0, _col1
+              expressions: key (type: string)
+              outputColumnNames: _col0
               Statistics: Num rows: 12 Data size: 48 Basic stats: COMPLETE Column stats: NONE
               Group By Operator
-                aggregations: count(_col1)
+                aggregations: count(1)
                 bucketGroup: true
                 keys: _col0 (type: string)
                 mode: hash
diff --git a/ql/src/test/results/clientpositive/groupby_sort_skew_1_23.q.out b/ql/src/test/results/clientpositive/groupby_sort_skew_1_23.q.out
index bbc0de4721..2f08999554 100644
--- a/ql/src/test/results/clientpositive/groupby_sort_skew_1_23.q.out
+++ b/ql/src/test/results/clientpositive/groupby_sort_skew_1_23.q.out
@@ -98,11 +98,11 @@ STAGE PLANS:
             Statistics: Num rows: 6 Data size: 24 Basic stats: COMPLETE Column stats: NONE
             GatherStats: false
             Select Operator
-              expressions: key (type: string), 1 (type: int)
-              outputColumnNames: _col0, _col1
+              expressions: key (type: string)
+              outputColumnNames: _col0
               Statistics: Num rows: 6 Data size: 24 Basic stats: COMPLETE Column stats: NONE
               Group By Operator
-                aggregations: count(_col1)
+                aggregations: count(1)
                 keys: _col0 (type: string)
                 mode: final
                 outputColumnNames: _col0, _col1
@@ -458,11 +458,11 @@ STAGE PLANS:
             Statistics: Num rows: 6 Data size: 24 Basic stats: COMPLETE Column stats: NONE
             GatherStats: false
             Select Operator
-              expressions: key (type: string), val (type: string), 1 (type: int)
-              outputColumnNames: _col0, _col1, _col2
+              expressions: key (type: string), val (type: string)
+              outputColumnNames: _col0, _col1
               Statistics: Num rows: 6 Data size: 24 Basic stats: COMPLETE Column stats: NONE
               Group By Operator
-                aggregations: count(_col2)
+                aggregations: count(1)
                 keys: _col0 (type: string), _col1 (type: string)
                 mode: hash
                 outputColumnNames: _col0, _col1, _col2
@@ -753,11 +753,11 @@ STAGE PLANS:
             Statistics: Num rows: 6 Data size: 24 Basic stats: COMPLETE Column stats: NONE
             GatherStats: false
             Select Operator
-              expressions: key (type: string), 1 (type: int)
-              outputColumnNames: _col0, _col1
+              expressions: key (type: string)
+              outputColumnNames: _col0
               Statistics: Num rows: 6 Data size: 24 Basic stats: COMPLETE Column stats: NONE
               Group By Operator
-                aggregations: count(_col1)
+                aggregations: count(1)
                 keys: _col0 (type: string)
                 mode: final
                 outputColumnNames: _col0, _col1
@@ -1161,11 +1161,11 @@ STAGE PLANS:
             Statistics: Num rows: 6 Data size: 24 Basic stats: COMPLETE Column stats: NONE
             GatherStats: false
             Select Operator
-              expressions: key (type: string), 1 (type: int)
-              outputColumnNames: _col0, _col1
+              expressions: key (type: string)
+              outputColumnNames: _col0
               Statistics: Num rows: 6 Data size: 24 Basic stats: COMPLETE Column stats: NONE
               Group By Operator
-                aggregations: count(_col1)
+                aggregations: count(1)
                 keys: _col0 (type: string)
                 mode: final
                 outputColumnNames: _col0, _col1
@@ -1561,12 +1561,12 @@ STAGE PLANS:
             Statistics: Num rows: 6 Data size: 24 Basic stats: COMPLETE Column stats: NONE
             GatherStats: false
             Select Operator
-              expressions: 1 (type: int), key (type: string)
-              outputColumnNames: _col0, _col1
+              expressions: key (type: string)
+              outputColumnNames: _col1
               Statistics: Num rows: 6 Data size: 24 Basic stats: COMPLETE Column stats: NONE
               Group By Operator
-                aggregations: count(_col0)
-                keys: _col0 (type: int), _col1 (type: string)
+                aggregations: count(1)
+                keys: 1 (type: int), _col1 (type: string)
                 mode: hash
                 outputColumnNames: _col0, _col1, _col2
                 Statistics: Num rows: 6 Data size: 24 Basic stats: COMPLETE Column stats: NONE
@@ -1852,12 +1852,12 @@ STAGE PLANS:
             Statistics: Num rows: 6 Data size: 24 Basic stats: COMPLETE Column stats: NONE
             GatherStats: false
             Select Operator
-              expressions: key (type: string), 1 (type: int), val (type: string)
-              outputColumnNames: _col0, _col1, _col2
+              expressions: key (type: string), val (type: string)
+              outputColumnNames: _col0, _col2
               Statistics: Num rows: 6 Data size: 24 Basic stats: COMPLETE Column stats: NONE
               Group By Operator
-                aggregations: count(_col1)
-                keys: _col0 (type: string), _col1 (type: int), _col2 (type: string)
+                aggregations: count(1)
+                keys: _col0 (type: string), 1 (type: int), _col2 (type: string)
                 mode: hash
                 outputColumnNames: _col0, _col1, _col2, _col3
                 Statistics: Num rows: 6 Data size: 24 Basic stats: COMPLETE Column stats: NONE
@@ -2138,11 +2138,11 @@ STAGE PLANS:
             Statistics: Num rows: 6 Data size: 24 Basic stats: COMPLETE Column stats: NONE
             GatherStats: false
             Select Operator
-              expressions: key (type: string), (UDFToDouble(key) + 1.0) (type: double), 1 (type: int)
-              outputColumnNames: _col0, _col1, _col2
+              expressions: key (type: string), (UDFToDouble(key) + 1.0) (type: double)
+              outputColumnNames: _col0, _col1
               Statistics: Num rows: 6 Data size: 24 Basic stats: COMPLETE Column stats: NONE
               Group By Operator
-                aggregations: count(_col2)
+                aggregations: count(1)
                 keys: _col0 (type: string), _col1 (type: double)
                 mode: hash
                 outputColumnNames: _col0, _col1, _col2
@@ -2460,11 +2460,11 @@ STAGE PLANS:
             Statistics: Num rows: 6 Data size: 24 Basic stats: COMPLETE Column stats: NONE
             GatherStats: false
             Select Operator
-              expressions: key (type: string), 1 (type: int)
-              outputColumnNames: _col0, _col1
+              expressions: key (type: string)
+              outputColumnNames: _col0
               Statistics: Num rows: 6 Data size: 24 Basic stats: COMPLETE Column stats: NONE
               Group By Operator
-                aggregations: count(_col1)
+                aggregations: count(1)
                 keys: _col0 (type: string)
                 mode: final
                 outputColumnNames: _col0, _col1
@@ -2802,11 +2802,11 @@ STAGE PLANS:
             Statistics: Num rows: 6 Data size: 24 Basic stats: COMPLETE Column stats: NONE
             GatherStats: false
             Select Operator
-              expressions: key (type: string), 1 (type: int)
-              outputColumnNames: _col0, _col1
+              expressions: key (type: string)
+              outputColumnNames: _col0
               Statistics: Num rows: 6 Data size: 24 Basic stats: COMPLETE Column stats: NONE
               Group By Operator
-                aggregations: count(_col1)
+                aggregations: count(1)
                 keys: _col0 (type: string)
                 mode: final
                 outputColumnNames: _col0, _col1
@@ -2853,11 +2853,11 @@ STAGE PLANS:
             Statistics: Num rows: 6 Data size: 24 Basic stats: COMPLETE Column stats: NONE
             GatherStats: false
             Select Operator
-              expressions: key (type: string), 1 (type: int)
-              outputColumnNames: _col0, _col1
+              expressions: key (type: string)
+              outputColumnNames: _col0
               Statistics: Num rows: 6 Data size: 24 Basic stats: COMPLETE Column stats: NONE
               Group By Operator
-                aggregations: count(_col1)
+                aggregations: count(1)
                 keys: _col0 (type: string)
                 mode: final
                 outputColumnNames: _col0, _col1
@@ -3308,11 +3308,11 @@ STAGE PLANS:
             Statistics: Num rows: 6 Data size: 24 Basic stats: COMPLETE Column stats: NONE
             GatherStats: false
             Select Operator
-              expressions: (UDFToDouble(key) + UDFToDouble(key)) (type: double), 1 (type: int)
-              outputColumnNames: _col0, _col1
+              expressions: (UDFToDouble(key) + UDFToDouble(key)) (type: double)
+              outputColumnNames: _col0
               Statistics: Num rows: 6 Data size: 24 Basic stats: COMPLETE Column stats: NONE
               Group By Operator
-                aggregations: count(_col1)
+                aggregations: count(1)
                 keys: _col0 (type: double)
                 mode: hash
                 outputColumnNames: _col0, _col1
@@ -3476,11 +3476,11 @@ STAGE PLANS:
             Statistics: Num rows: 6 Data size: 24 Basic stats: COMPLETE Column stats: NONE
             GatherStats: false
             Select Operator
-              expressions: key (type: string), 1 (type: int)
-              outputColumnNames: _col0, _col1
+              expressions: key (type: string)
+              outputColumnNames: _col0
               Statistics: Num rows: 6 Data size: 24 Basic stats: COMPLETE Column stats: NONE
               Group By Operator
-                aggregations: count(_col1)
+                aggregations: count(1)
                 keys: _col0 (type: string)
                 mode: final
                 outputColumnNames: _col0, _col1
@@ -4695,11 +4695,11 @@ STAGE PLANS:
             Statistics: Num rows: 6 Data size: 24 Basic stats: COMPLETE Column stats: NONE
             GatherStats: false
             Select Operator
-              expressions: key (type: string), 1 (type: int)
-              outputColumnNames: _col0, _col1
+              expressions: key (type: string)
+              outputColumnNames: _col0
               Statistics: Num rows: 6 Data size: 24 Basic stats: COMPLETE Column stats: NONE
               Group By Operator
-                aggregations: count(_col1)
+                aggregations: count(1)
                 bucketGroup: true
                 keys: _col0 (type: string)
                 mode: hash
@@ -4990,12 +4990,12 @@ STAGE PLANS:
             Statistics: Num rows: 6 Data size: 24 Basic stats: COMPLETE Column stats: NONE
             GatherStats: false
             Select Operator
-              expressions: key (type: string), 1 (type: int), val (type: string)
-              outputColumnNames: _col0, _col1, _col2
+              expressions: key (type: string), val (type: string)
+              outputColumnNames: _col0, _col2
               Statistics: Num rows: 6 Data size: 24 Basic stats: COMPLETE Column stats: NONE
               Group By Operator
-                aggregations: count(_col1)
-                keys: _col0 (type: string), _col1 (type: int), _col2 (type: string)
+                aggregations: count(1)
+                keys: _col0 (type: string), 1 (type: int), _col2 (type: string)
                 mode: hash
                 outputColumnNames: _col0, _col1, _col2, _col3
                 Statistics: Num rows: 6 Data size: 24 Basic stats: COMPLETE Column stats: NONE
@@ -5298,12 +5298,12 @@ STAGE PLANS:
             Statistics: Num rows: 6 Data size: 24 Basic stats: COMPLETE Column stats: NONE
             GatherStats: false
             Select Operator
-              expressions: key (type: string), 1 (type: int), val (type: string), 2 (type: int)
-              outputColumnNames: _col0, _col1, _col2, _col3
+              expressions: key (type: string), val (type: string)
+              outputColumnNames: _col0, _col2
               Statistics: Num rows: 6 Data size: 24 Basic stats: COMPLETE Column stats: NONE
               Group By Operator
-                aggregations: count(_col1)
-                keys: _col0 (type: string), _col1 (type: int), _col2 (type: string), _col3 (type: int)
+                aggregations: count(1)
+                keys: _col0 (type: string), 1 (type: int), _col2 (type: string), 2 (type: int)
                 mode: hash
                 outputColumnNames: _col0, _col1, _col2, _col3, _col4
                 Statistics: Num rows: 6 Data size: 24 Basic stats: COMPLETE Column stats: NONE
@@ -5610,12 +5610,12 @@ STAGE PLANS:
             Statistics: Num rows: 6 Data size: 24 Basic stats: COMPLETE Column stats: NONE
             GatherStats: false
             Select Operator
-              expressions: key (type: string), 1 (type: int), val (type: string), 1 (type: int)
-              outputColumnNames: _col0, _col1, _col2, _col3
+              expressions: key (type: string), val (type: string)
+              outputColumnNames: _col0, _col2
               Statistics: Num rows: 6 Data size: 24 Basic stats: COMPLETE Column stats: NONE
               Group By Operator
-                aggregations: count(_col3)
-                keys: _col0 (type: string), _col1 (type: int), _col2 (type: string)
+                aggregations: count(1)
+                keys: _col0 (type: string), 1 (type: int), _col2 (type: string)
                 mode: hash
                 outputColumnNames: _col0, _col1, _col2, _col3
                 Statistics: Num rows: 6 Data size: 24 Basic stats: COMPLETE Column stats: NONE
@@ -5961,12 +5961,13 @@ STAGE PLANS:
             Statistics: Num rows: 6 Data size: 24 Basic stats: COMPLETE Column stats: NONE
             GatherStats: false
             Select Operator
-              expressions: key (type: string), 2 (type: int), val (type: string), 1 (type: int)
-              outputColumnNames: _col0, _col1, _col2, _col3
+              expressions: key (type: string), val (type: string)
+              outputColumnNames: _col0, _col2
               Statistics: Num rows: 6 Data size: 24 Basic stats: COMPLETE Column stats: NONE
               Group By Operator
-                aggregations: count(_col3)
-                keys: _col0 (type: string), _col1 (type: int), _col2 (type: string)
+                aggregations: count(1)
+                bucketGroup: true
+                keys: _col0 (type: string), 2 (type: int), _col2 (type: string)
                 mode: hash
                 outputColumnNames: _col0, _col1, _col2, _col3
                 Statistics: Num rows: 6 Data size: 24 Basic stats: COMPLETE Column stats: NONE
diff --git a/ql/src/test/results/clientpositive/groupby_sort_test_1.q.out b/ql/src/test/results/clientpositive/groupby_sort_test_1.q.out
index f9604d6920..8c1765d6bd 100644
--- a/ql/src/test/results/clientpositive/groupby_sort_test_1.q.out
+++ b/ql/src/test/results/clientpositive/groupby_sort_test_1.q.out
@@ -61,11 +61,11 @@ STAGE PLANS:
             alias: t1
             Statistics: Num rows: 6 Data size: 24 Basic stats: COMPLETE Column stats: NONE
             Select Operator
-              expressions: key (type: string), 1 (type: int)
-              outputColumnNames: _col0, _col1
+              expressions: key (type: string)
+              outputColumnNames: _col0
               Statistics: Num rows: 6 Data size: 24 Basic stats: COMPLETE Column stats: NONE
               Group By Operator
-                aggregations: count(_col1)
+                aggregations: count(1)
                 keys: _col0 (type: string)
                 mode: hash
                 outputColumnNames: _col0, _col1
diff --git a/ql/src/test/results/clientpositive/input24.q.out b/ql/src/test/results/clientpositive/input24.q.out
index a579ba6ce5..75689b388e 100644
--- a/ql/src/test/results/clientpositive/input24.q.out
+++ b/ql/src/test/results/clientpositive/input24.q.out
@@ -31,11 +31,9 @@ STAGE PLANS:
             alias: x
             Statistics: Num rows: 0 Data size: 0 Basic stats: NONE Column stats: NONE
             Select Operator
-              expressions: 1 (type: int)
-              outputColumnNames: _col0
               Statistics: Num rows: 0 Data size: 0 Basic stats: NONE Column stats: NONE
               Group By Operator
-                aggregations: count(_col0)
+                aggregations: count(1)
                 mode: hash
                 outputColumnNames: _col0
                 Statistics: Num rows: 1 Data size: 8 Basic stats: COMPLETE Column stats: NONE
diff --git a/ql/src/test/results/clientpositive/input30.q.out b/ql/src/test/results/clientpositive/input30.q.out
index f74dd85e7f..c4848a1a1d 100644
--- a/ql/src/test/results/clientpositive/input30.q.out
+++ b/ql/src/test/results/clientpositive/input30.q.out
@@ -37,19 +37,15 @@ STAGE PLANS:
             Filter Operator
               predicate: (((hash(rand(460476415)) & 2147483647) % 32) = 0) (type: boolean)
               Statistics: Num rows: 250 Data size: 0 Basic stats: PARTIAL Column stats: COMPLETE
-              Select Operator
-                expressions: 1 (type: int)
+              Group By Operator
+                aggregations: count(1)
+                mode: hash
                 outputColumnNames: _col0
-                Statistics: Num rows: 250 Data size: 0 Basic stats: PARTIAL Column stats: COMPLETE
-                Group By Operator
-                  aggregations: count(_col0)
-                  mode: hash
-                  outputColumnNames: _col0
+                Statistics: Num rows: 1 Data size: 8 Basic stats: COMPLETE Column stats: COMPLETE
+                Reduce Output Operator
+                  sort order: 
                   Statistics: Num rows: 1 Data size: 8 Basic stats: COMPLETE Column stats: COMPLETE
-                  Reduce Output Operator
-                    sort order: 
-                    Statistics: Num rows: 1 Data size: 8 Basic stats: COMPLETE Column stats: COMPLETE
-                    value expressions: _col0 (type: bigint)
+                  value expressions: _col0 (type: bigint)
       Reduce Operator Tree:
         Group By Operator
           aggregations: count(VALUE._col0)
diff --git a/ql/src/test/results/clientpositive/input31.q.out b/ql/src/test/results/clientpositive/input31.q.out
index 28015bbbb8..264ebe57a9 100644
--- a/ql/src/test/results/clientpositive/input31.q.out
+++ b/ql/src/test/results/clientpositive/input31.q.out
@@ -38,11 +38,9 @@ STAGE PLANS:
               predicate: (((hash(key) & 2147483647) % 2) = 0) (type: boolean)
               Statistics: Num rows: 500 Data size: 5301 Basic stats: COMPLETE Column stats: NONE
               Select Operator
-                expressions: 1 (type: int)
-                outputColumnNames: _col0
                 Statistics: Num rows: 500 Data size: 5301 Basic stats: COMPLETE Column stats: NONE
                 Group By Operator
-                  aggregations: count(_col0)
+                  aggregations: count(1)
                   mode: hash
                   outputColumnNames: _col0
                   Statistics: Num rows: 1 Data size: 8 Basic stats: COMPLETE Column stats: NONE
diff --git a/ql/src/test/results/clientpositive/input32.q.out b/ql/src/test/results/clientpositive/input32.q.out
index 2e62356a20..c8fdfd4b75 100644
--- a/ql/src/test/results/clientpositive/input32.q.out
+++ b/ql/src/test/results/clientpositive/input32.q.out
@@ -35,11 +35,9 @@ STAGE PLANS:
             alias: srcbucket
             Statistics: Num rows: 1000 Data size: 10603 Basic stats: COMPLETE Column stats: COMPLETE
             Select Operator
-              expressions: 1 (type: int)
-              outputColumnNames: _col0
               Statistics: Num rows: 1000 Data size: 10603 Basic stats: COMPLETE Column stats: COMPLETE
               Group By Operator
-                aggregations: count(_col0)
+                aggregations: count(1)
                 mode: hash
                 outputColumnNames: _col0
                 Statistics: Num rows: 1 Data size: 8 Basic stats: COMPLETE Column stats: COMPLETE
diff --git a/ql/src/test/results/clientpositive/join29.q.out b/ql/src/test/results/clientpositive/join29.q.out
index 33b8d4b42e..6d650e3dee 100644
--- a/ql/src/test/results/clientpositive/join29.q.out
+++ b/ql/src/test/results/clientpositive/join29.q.out
@@ -49,11 +49,11 @@ STAGE PLANS:
               predicate: key is not null (type: boolean)
               Statistics: Num rows: 250 Data size: 2656 Basic stats: COMPLETE Column stats: NONE
               Select Operator
-                expressions: key (type: string), 1 (type: int)
-                outputColumnNames: _col0, _col1
+                expressions: key (type: string)
+                outputColumnNames: _col0
                 Statistics: Num rows: 250 Data size: 2656 Basic stats: COMPLETE Column stats: NONE
                 Group By Operator
-                  aggregations: count(_col1)
+                  aggregations: count(1)
                   keys: _col0 (type: string)
                   mode: hash
                   outputColumnNames: _col0, _col1
@@ -219,11 +219,11 @@ STAGE PLANS:
               predicate: key is not null (type: boolean)
               Statistics: Num rows: 13 Data size: 99 Basic stats: COMPLETE Column stats: NONE
               Select Operator
-                expressions: key (type: string), 1 (type: int)
-                outputColumnNames: _col0, _col1
+                expressions: key (type: string)
+                outputColumnNames: _col0
                 Statistics: Num rows: 13 Data size: 99 Basic stats: COMPLETE Column stats: NONE
                 Group By Operator
-                  aggregations: count(_col1)
+                  aggregations: count(1)
                   keys: _col0 (type: string)
                   mode: hash
                   outputColumnNames: _col0, _col1
diff --git a/ql/src/test/results/clientpositive/join31.q.out b/ql/src/test/results/clientpositive/join31.q.out
index 795d8012ec..9248cd9fcb 100644
--- a/ql/src/test/results/clientpositive/join31.q.out
+++ b/ql/src/test/results/clientpositive/join31.q.out
@@ -107,10 +107,10 @@ STAGE PLANS:
                 1 _col0 (type: string)
               outputColumnNames: _col1
               Select Operator
-                expressions: _col1 (type: string), 1 (type: int)
-                outputColumnNames: _col0, _col1
+                expressions: _col1 (type: string)
+                outputColumnNames: _col0
                 Group By Operator
-                  aggregations: count(_col1)
+                  aggregations: count(1)
                   keys: _col0 (type: string)
                   mode: hash
                   outputColumnNames: _col0, _col1
@@ -192,10 +192,10 @@ STAGE PLANS:
                 1 _col0 (type: string)
               outputColumnNames: _col1
               Select Operator
-                expressions: _col1 (type: string), 1 (type: int)
-                outputColumnNames: _col0, _col1
+                expressions: _col1 (type: string)
+                outputColumnNames: _col0
                 Group By Operator
-                  aggregations: count(_col1)
+                  aggregations: count(1)
                   keys: _col0 (type: string)
                   mode: hash
                   outputColumnNames: _col0, _col1
@@ -233,11 +233,11 @@ STAGE PLANS:
           outputColumnNames: _col1
           Statistics: Num rows: 137 Data size: 1460 Basic stats: COMPLETE Column stats: NONE
           Select Operator
-            expressions: _col1 (type: string), 1 (type: int)
-            outputColumnNames: _col0, _col1
+            expressions: _col1 (type: string)
+            outputColumnNames: _col0
             Statistics: Num rows: 137 Data size: 1460 Basic stats: COMPLETE Column stats: NONE
             Group By Operator
-              aggregations: count(_col1)
+              aggregations: count(1)
               keys: _col0 (type: string)
               mode: hash
               outputColumnNames: _col0, _col1
diff --git a/ql/src/test/results/clientpositive/join35.q.out b/ql/src/test/results/clientpositive/join35.q.out
index 579920b884..76de7bff47 100644
--- a/ql/src/test/results/clientpositive/join35.q.out
+++ b/ql/src/test/results/clientpositive/join35.q.out
@@ -167,11 +167,11 @@ STAGE PLANS:
               predicate: (UDFToDouble(key) < 20.0) (type: boolean)
               Statistics: Num rows: 166 Data size: 1763 Basic stats: COMPLETE Column stats: NONE
               Select Operator
-                expressions: key (type: string), 1 (type: int)
-                outputColumnNames: _col0, _col1
+                expressions: key (type: string)
+                outputColumnNames: _col0
                 Statistics: Num rows: 166 Data size: 1763 Basic stats: COMPLETE Column stats: NONE
                 Group By Operator
-                  aggregations: count(_col1)
+                  aggregations: count(1)
                   keys: _col0 (type: string)
                   mode: hash
                   outputColumnNames: _col0, _col1
@@ -504,11 +504,11 @@ STAGE PLANS:
               predicate: (UDFToDouble(key) > 100.0) (type: boolean)
               Statistics: Num rows: 166 Data size: 1763 Basic stats: COMPLETE Column stats: NONE
               Select Operator
-                expressions: key (type: string), 1 (type: int)
-                outputColumnNames: _col0, _col1
+                expressions: key (type: string)
+                outputColumnNames: _col0
                 Statistics: Num rows: 166 Data size: 1763 Basic stats: COMPLETE Column stats: NONE
                 Group By Operator
-                  aggregations: count(_col1)
+                  aggregations: count(1)
                   keys: _col0 (type: string)
                   mode: hash
                   outputColumnNames: _col0, _col1
diff --git a/ql/src/test/results/clientpositive/join40.q.out b/ql/src/test/results/clientpositive/join40.q.out
index 86be07b270..19849407ad 100644
--- a/ql/src/test/results/clientpositive/join40.q.out
+++ b/ql/src/test/results/clientpositive/join40.q.out
@@ -3780,21 +3780,17 @@ STAGE PLANS:
             0 _col0 (type: string)
             1 _col0 (type: string)
           Statistics: Num rows: 275 Data size: 2921 Basic stats: COMPLETE Column stats: NONE
-          Select Operator
-            expressions: 1 (type: int)
+          Group By Operator
+            aggregations: count(1)
+            mode: hash
             outputColumnNames: _col0
-            Statistics: Num rows: 275 Data size: 2921 Basic stats: COMPLETE Column stats: NONE
-            Group By Operator
-              aggregations: count(_col0)
-              mode: hash
-              outputColumnNames: _col0
-              Statistics: Num rows: 1 Data size: 8 Basic stats: COMPLETE Column stats: NONE
-              File Output Operator
-                compressed: false
-                table:
-                    input format: org.apache.hadoop.mapred.SequenceFileInputFormat
-                    output format: org.apache.hadoop.hive.ql.io.HiveSequenceFileOutputFormat
-                    serde: org.apache.hadoop.hive.serde2.lazybinary.LazyBinarySerDe
+            Statistics: Num rows: 1 Data size: 8 Basic stats: COMPLETE Column stats: NONE
+            File Output Operator
+              compressed: false
+              table:
+                  input format: org.apache.hadoop.mapred.SequenceFileInputFormat
+                  output format: org.apache.hadoop.hive.ql.io.HiveSequenceFileOutputFormat
+                  serde: org.apache.hadoop.hive.serde2.lazybinary.LazyBinarySerDe
 
   Stage: Stage-2
     Map Reduce
diff --git a/ql/src/test/results/clientpositive/limit_pushdown.q.out b/ql/src/test/results/clientpositive/limit_pushdown.q.out
index 9df8c2dbb8..d48ac15ad3 100644
--- a/ql/src/test/results/clientpositive/limit_pushdown.q.out
+++ b/ql/src/test/results/clientpositive/limit_pushdown.q.out
@@ -778,11 +778,11 @@ STAGE PLANS:
             alias: src
             Statistics: Num rows: 500 Data size: 5312 Basic stats: COMPLETE Column stats: NONE
             Select Operator
-              expressions: key (type: string), 1 (type: int)
-              outputColumnNames: _col0, _col1
+              expressions: key (type: string)
+              outputColumnNames: _col0
               Statistics: Num rows: 500 Data size: 5312 Basic stats: COMPLETE Column stats: NONE
               Group By Operator
-                aggregations: count(_col1)
+                aggregations: count(1)
                 keys: _col0 (type: string)
                 mode: hash
                 outputColumnNames: _col0, _col1
@@ -886,11 +886,11 @@ STAGE PLANS:
             alias: src
             Statistics: Num rows: 500 Data size: 5312 Basic stats: COMPLETE Column stats: NONE
             Select Operator
-              expressions: key (type: string), 1 (type: int)
-              outputColumnNames: _col0, _col1
+              expressions: key (type: string)
+              outputColumnNames: _col0
               Statistics: Num rows: 500 Data size: 5312 Basic stats: COMPLETE Column stats: NONE
               Group By Operator
-                aggregations: count(_col1)
+                aggregations: count(1)
                 keys: _col0 (type: string)
                 mode: hash
                 outputColumnNames: _col0, _col1
diff --git a/ql/src/test/results/clientpositive/list_bucket_query_oneskew_2.q.out b/ql/src/test/results/clientpositive/list_bucket_query_oneskew_2.q.out
index cfdfb0b47f..504af161ed 100644
--- a/ql/src/test/results/clientpositive/list_bucket_query_oneskew_2.q.out
+++ b/ql/src/test/results/clientpositive/list_bucket_query_oneskew_2.q.out
@@ -563,11 +563,11 @@ STAGE PLANS:
               predicate: (x = 484) (type: boolean)
               Statistics: Num rows: 0 Data size: 0 Basic stats: NONE Column stats: NONE
               Select Operator
-                expressions: y (type: string), 1 (type: int)
-                outputColumnNames: _col0, _col1
+                expressions: y (type: string)
+                outputColumnNames: _col0
                 Statistics: Num rows: 0 Data size: 0 Basic stats: NONE Column stats: NONE
                 Group By Operator
-                  aggregations: count(_col1)
+                  aggregations: count(1)
                   keys: _col0 (type: string)
                   mode: hash
                   outputColumnNames: _col0, _col1
@@ -759,11 +759,11 @@ STAGE PLANS:
               predicate: (x = 484) (type: boolean)
               Statistics: Num rows: 3 Data size: 12 Basic stats: COMPLETE Column stats: NONE
               Select Operator
-                expressions: 484 (type: int), 1 (type: int)
-                outputColumnNames: _col0, _col1
+                expressions: 484 (type: int)
+                outputColumnNames: _col0
                 Statistics: Num rows: 3 Data size: 12 Basic stats: COMPLETE Column stats: NONE
                 Group By Operator
-                  aggregations: count(_col1)
+                  aggregations: count(1)
                   keys: _col0 (type: int)
                   mode: hash
                   outputColumnNames: _col0, _col1
diff --git a/ql/src/test/results/clientpositive/merge1.q.out b/ql/src/test/results/clientpositive/merge1.q.out
index 9c0353b439..94089fcec8 100644
--- a/ql/src/test/results/clientpositive/merge1.q.out
+++ b/ql/src/test/results/clientpositive/merge1.q.out
@@ -36,11 +36,11 @@ STAGE PLANS:
             alias: src
             Statistics: Num rows: 500 Data size: 5312 Basic stats: COMPLETE Column stats: NONE
             Select Operator
-              expressions: key (type: string), 1 (type: int)
-              outputColumnNames: _col0, _col1
+              expressions: key (type: string)
+              outputColumnNames: _col0
               Statistics: Num rows: 500 Data size: 5312 Basic stats: COMPLETE Column stats: NONE
               Group By Operator
-                aggregations: count(_col1)
+                aggregations: count(1)
                 keys: _col0 (type: string)
                 mode: hash
                 outputColumnNames: _col0, _col1
diff --git a/ql/src/test/results/clientpositive/merge2.q.out b/ql/src/test/results/clientpositive/merge2.q.out
index ae1fbd8dfc..a3a0e8ea38 100644
--- a/ql/src/test/results/clientpositive/merge2.q.out
+++ b/ql/src/test/results/clientpositive/merge2.q.out
@@ -36,11 +36,11 @@ STAGE PLANS:
             alias: src
             Statistics: Num rows: 500 Data size: 5312 Basic stats: COMPLETE Column stats: NONE
             Select Operator
-              expressions: key (type: string), 1 (type: int)
-              outputColumnNames: _col0, _col1
+              expressions: key (type: string)
+              outputColumnNames: _col0
               Statistics: Num rows: 500 Data size: 5312 Basic stats: COMPLETE Column stats: NONE
               Group By Operator
-                aggregations: count(_col1)
+                aggregations: count(1)
                 keys: _col0 (type: string)
                 mode: hash
                 outputColumnNames: _col0, _col1
diff --git a/ql/src/test/results/clientpositive/metadata_only_queries.q.out b/ql/src/test/results/clientpositive/metadata_only_queries.q.out
index c04c98ec7b..e5f7a6a31d 100644
--- a/ql/src/test/results/clientpositive/metadata_only_queries.q.out
+++ b/ql/src/test/results/clientpositive/metadata_only_queries.q.out
@@ -194,11 +194,11 @@ STAGE PLANS:
             alias: stats_tbl
             Statistics: Num rows: 9999 Data size: 1030908 Basic stats: COMPLETE Column stats: NONE
             Select Operator
-              expressions: 1 (type: int), 0.2 (type: double), s (type: string), bo (type: boolean), bin (type: binary), si (type: smallint), i (type: int), b (type: bigint)
-              outputColumnNames: _col0, _col1, _col2, _col3, _col4, _col5, _col6, _col7
+              expressions: s (type: string), bo (type: boolean), bin (type: binary), si (type: smallint), i (type: int), b (type: bigint)
+              outputColumnNames: _col2, _col3, _col4, _col5, _col6, _col7
               Statistics: Num rows: 9999 Data size: 1030908 Basic stats: COMPLETE Column stats: NONE
               Group By Operator
-                aggregations: count(), sum(_col0), sum(_col1), count(_col0), count(_col2), count(_col3), count(_col4), count(_col5), max(_col6), min(_col7)
+                aggregations: count(), sum(1), sum(0.2), count(1), count(_col2), count(_col3), count(_col4), count(_col5), max(_col6), min(_col7)
                 mode: hash
                 outputColumnNames: _col0, _col1, _col2, _col3, _col4, _col5, _col6, _col7, _col8, _col9
                 Statistics: Num rows: 1 Data size: 76 Basic stats: COMPLETE Column stats: NONE
@@ -248,11 +248,11 @@ STAGE PLANS:
             alias: stats_tbl_part
             Statistics: Num rows: 9489 Data size: 978785 Basic stats: COMPLETE Column stats: NONE
             Select Operator
-              expressions: 1 (type: int), 0.2 (type: double), s (type: string), bo (type: boolean), bin (type: binary), si (type: smallint), i (type: int), b (type: bigint)
-              outputColumnNames: _col0, _col1, _col2, _col3, _col4, _col5, _col6, _col7
+              expressions: s (type: string), bo (type: boolean), bin (type: binary), si (type: smallint), i (type: int), b (type: bigint)
+              outputColumnNames: _col2, _col3, _col4, _col5, _col6, _col7
               Statistics: Num rows: 9489 Data size: 978785 Basic stats: COMPLETE Column stats: NONE
               Group By Operator
-                aggregations: count(), sum(_col0), sum(_col1), count(_col0), count(_col2), count(_col3), count(_col4), count(_col5), max(_col6), min(_col7)
+                aggregations: count(), sum(1), sum(0.2), count(1), count(_col2), count(_col3), count(_col4), count(_col5), max(_col6), min(_col7)
                 mode: hash
                 outputColumnNames: _col0, _col1, _col2, _col3, _col4, _col5, _col6, _col7, _col8, _col9
                 Statistics: Num rows: 1 Data size: 76 Basic stats: COMPLETE Column stats: NONE
diff --git a/ql/src/test/results/clientpositive/notable_alias1.q.out b/ql/src/test/results/clientpositive/notable_alias1.q.out
index 383fab5275..200b31cfaa 100644
--- a/ql/src/test/results/clientpositive/notable_alias1.q.out
+++ b/ql/src/test/results/clientpositive/notable_alias1.q.out
@@ -30,11 +30,11 @@ STAGE PLANS:
               predicate: (UDFToDouble(key) < 100.0) (type: boolean)
               Statistics: Num rows: 166 Data size: 1763 Basic stats: COMPLETE Column stats: NONE
               Select Operator
-                expressions: key (type: string), 1 (type: int)
-                outputColumnNames: _col0, _col1
+                expressions: key (type: string)
+                outputColumnNames: _col0
                 Statistics: Num rows: 166 Data size: 1763 Basic stats: COMPLETE Column stats: NONE
                 Group By Operator
-                  aggregations: count(_col1)
+                  aggregations: count(1)
                   keys: _col0 (type: string)
                   mode: hash
                   outputColumnNames: _col0, _col1
diff --git a/ql/src/test/results/clientpositive/notable_alias2.q.out b/ql/src/test/results/clientpositive/notable_alias2.q.out
index 96177c99e1..4df8073cda 100644
--- a/ql/src/test/results/clientpositive/notable_alias2.q.out
+++ b/ql/src/test/results/clientpositive/notable_alias2.q.out
@@ -30,11 +30,11 @@ STAGE PLANS:
               predicate: (UDFToDouble(key) < 100.0) (type: boolean)
               Statistics: Num rows: 166 Data size: 1763 Basic stats: COMPLETE Column stats: NONE
               Select Operator
-                expressions: key (type: string), 1 (type: int)
-                outputColumnNames: _col0, _col1
+                expressions: key (type: string)
+                outputColumnNames: _col0
                 Statistics: Num rows: 166 Data size: 1763 Basic stats: COMPLETE Column stats: NONE
                 Group By Operator
-                  aggregations: count(_col1)
+                  aggregations: count(1)
                   keys: _col0 (type: string)
                   mode: hash
                   outputColumnNames: _col0, _col1
diff --git a/ql/src/test/results/clientpositive/nullgroup.q.out b/ql/src/test/results/clientpositive/nullgroup.q.out
index 25a02750cd..2cdec52f8f 100644
--- a/ql/src/test/results/clientpositive/nullgroup.q.out
+++ b/ql/src/test/results/clientpositive/nullgroup.q.out
@@ -19,11 +19,9 @@ STAGE PLANS:
               predicate: (UDFToDouble(key) > 9999.0) (type: boolean)
               Statistics: Num rows: 166 Data size: 1763 Basic stats: COMPLETE Column stats: NONE
               Select Operator
-                expressions: 1 (type: int)
-                outputColumnNames: _col0
                 Statistics: Num rows: 166 Data size: 1763 Basic stats: COMPLETE Column stats: NONE
                 Group By Operator
-                  aggregations: count(_col0)
+                  aggregations: count(1)
                   mode: hash
                   outputColumnNames: _col0
                   Statistics: Num rows: 1 Data size: 8 Basic stats: COMPLETE Column stats: NONE
@@ -85,11 +83,9 @@ STAGE PLANS:
               predicate: (UDFToDouble(key) > 9999.0) (type: boolean)
               Statistics: Num rows: 166 Data size: 1763 Basic stats: COMPLETE Column stats: NONE
               Select Operator
-                expressions: 1 (type: int)
-                outputColumnNames: _col0
                 Statistics: Num rows: 166 Data size: 1763 Basic stats: COMPLETE Column stats: NONE
                 Group By Operator
-                  aggregations: count(_col0)
+                  aggregations: count(1)
                   mode: hash
                   outputColumnNames: _col0
                   Statistics: Num rows: 1 Data size: 8 Basic stats: COMPLETE Column stats: NONE
@@ -152,17 +148,14 @@ STAGE PLANS:
               predicate: (UDFToDouble(key) > 9999.0) (type: boolean)
               Statistics: Num rows: 166 Data size: 1763 Basic stats: COMPLETE Column stats: NONE
               Select Operator
-                expressions: 1 (type: int)
-                outputColumnNames: _col0
                 Statistics: Num rows: 166 Data size: 1763 Basic stats: COMPLETE Column stats: NONE
                 Reduce Output Operator
                   sort order: 
                   Map-reduce partition columns: rand() (type: double)
                   Statistics: Num rows: 166 Data size: 1763 Basic stats: COMPLETE Column stats: NONE
-                  value expressions: _col0 (type: int)
       Reduce Operator Tree:
         Group By Operator
-          aggregations: count(VALUE._col0)
+          aggregations: count(1)
           mode: partial1
           outputColumnNames: _col0
           Statistics: Num rows: 1 Data size: 8 Basic stats: COMPLETE Column stats: NONE
@@ -235,16 +228,13 @@ STAGE PLANS:
               predicate: (UDFToDouble(key) > 9999.0) (type: boolean)
               Statistics: Num rows: 166 Data size: 1763 Basic stats: COMPLETE Column stats: NONE
               Select Operator
-                expressions: 1 (type: int)
-                outputColumnNames: _col0
                 Statistics: Num rows: 166 Data size: 1763 Basic stats: COMPLETE Column stats: NONE
                 Reduce Output Operator
                   sort order: 
                   Statistics: Num rows: 166 Data size: 1763 Basic stats: COMPLETE Column stats: NONE
-                  value expressions: _col0 (type: int)
       Reduce Operator Tree:
         Group By Operator
-          aggregations: count(VALUE._col0)
+          aggregations: count(1)
           mode: complete
           outputColumnNames: _col0
           Statistics: Num rows: 1 Data size: 8 Basic stats: COMPLETE Column stats: NONE
diff --git a/ql/src/test/results/clientpositive/nullgroup2.q.out b/ql/src/test/results/clientpositive/nullgroup2.q.out
index c4df10ee07..fc5ebf1705 100644
--- a/ql/src/test/results/clientpositive/nullgroup2.q.out
+++ b/ql/src/test/results/clientpositive/nullgroup2.q.out
@@ -20,11 +20,11 @@ STAGE PLANS:
               predicate: (UDFToDouble(key) > 9999.0) (type: boolean)
               Statistics: Num rows: 166 Data size: 1763 Basic stats: COMPLETE Column stats: NONE
               Select Operator
-                expressions: key (type: string), 1 (type: int)
-                outputColumnNames: _col0, _col1
+                expressions: key (type: string)
+                outputColumnNames: _col0
                 Statistics: Num rows: 166 Data size: 1763 Basic stats: COMPLETE Column stats: NONE
                 Group By Operator
-                  aggregations: count(_col1)
+                  aggregations: count(1)
                   keys: _col0 (type: string)
                   mode: hash
                   outputColumnNames: _col0, _col1
@@ -113,11 +113,11 @@ STAGE PLANS:
               predicate: (UDFToDouble(key) > 9999.0) (type: boolean)
               Statistics: Num rows: 166 Data size: 1763 Basic stats: COMPLETE Column stats: NONE
               Select Operator
-                expressions: key (type: string), 1 (type: int)
-                outputColumnNames: _col0, _col1
+                expressions: key (type: string)
+                outputColumnNames: _col0
                 Statistics: Num rows: 166 Data size: 1763 Basic stats: COMPLETE Column stats: NONE
                 Group By Operator
-                  aggregations: count(_col1)
+                  aggregations: count(1)
                   keys: _col0 (type: string)
                   mode: hash
                   outputColumnNames: _col0, _col1
@@ -183,18 +183,17 @@ STAGE PLANS:
               predicate: (UDFToDouble(key) > 9999.0) (type: boolean)
               Statistics: Num rows: 166 Data size: 1763 Basic stats: COMPLETE Column stats: NONE
               Select Operator
-                expressions: key (type: string), 1 (type: int)
-                outputColumnNames: _col0, _col1
+                expressions: key (type: string)
+                outputColumnNames: _col0
                 Statistics: Num rows: 166 Data size: 1763 Basic stats: COMPLETE Column stats: NONE
                 Reduce Output Operator
                   key expressions: _col0 (type: string)
                   sort order: +
                   Map-reduce partition columns: rand() (type: double)
                   Statistics: Num rows: 166 Data size: 1763 Basic stats: COMPLETE Column stats: NONE
-                  value expressions: _col1 (type: int)
       Reduce Operator Tree:
         Group By Operator
-          aggregations: count(VALUE._col0)
+          aggregations: count(1)
           keys: KEY._col0 (type: string)
           mode: partial1
           outputColumnNames: _col0, _col1
@@ -270,18 +269,17 @@ STAGE PLANS:
               predicate: (UDFToDouble(key) > 9999.0) (type: boolean)
               Statistics: Num rows: 166 Data size: 1763 Basic stats: COMPLETE Column stats: NONE
               Select Operator
-                expressions: key (type: string), 1 (type: int)
-                outputColumnNames: _col0, _col1
+                expressions: key (type: string)
+                outputColumnNames: _col0
                 Statistics: Num rows: 166 Data size: 1763 Basic stats: COMPLETE Column stats: NONE
                 Reduce Output Operator
                   key expressions: _col0 (type: string)
                   sort order: +
                   Map-reduce partition columns: _col0 (type: string)
                   Statistics: Num rows: 166 Data size: 1763 Basic stats: COMPLETE Column stats: NONE
-                  value expressions: _col1 (type: int)
       Reduce Operator Tree:
         Group By Operator
-          aggregations: count(VALUE._col0)
+          aggregations: count(1)
           keys: KEY._col0 (type: string)
           mode: complete
           outputColumnNames: _col0, _col1
diff --git a/ql/src/test/results/clientpositive/nullgroup3.q.out b/ql/src/test/results/clientpositive/nullgroup3.q.out
index 5b96d623a1..54657a83a7 100644
--- a/ql/src/test/results/clientpositive/nullgroup3.q.out
+++ b/ql/src/test/results/clientpositive/nullgroup3.q.out
@@ -42,11 +42,9 @@ STAGE PLANS:
             alias: tstparttbl
             Statistics: Num rows: 0 Data size: 5812 Basic stats: PARTIAL Column stats: NONE
             Select Operator
-              expressions: 1 (type: int)
-              outputColumnNames: _col0
               Statistics: Num rows: 0 Data size: 5812 Basic stats: PARTIAL Column stats: NONE
               Group By Operator
-                aggregations: count(_col0)
+                aggregations: count(1)
                 mode: hash
                 outputColumnNames: _col0
                 Statistics: Num rows: 1 Data size: 8 Basic stats: COMPLETE Column stats: NONE
@@ -135,11 +133,9 @@ STAGE PLANS:
             alias: tstparttbl2
             Statistics: Num rows: 0 Data size: 0 Basic stats: NONE Column stats: NONE
             Select Operator
-              expressions: 1 (type: int)
-              outputColumnNames: _col0
               Statistics: Num rows: 0 Data size: 0 Basic stats: NONE Column stats: NONE
               Group By Operator
-                aggregations: count(_col0)
+                aggregations: count(1)
                 mode: hash
                 outputColumnNames: _col0
                 Statistics: Num rows: 1 Data size: 8 Basic stats: COMPLETE Column stats: NONE
@@ -236,11 +232,9 @@ STAGE PLANS:
             alias: tstparttbl
             Statistics: Num rows: 0 Data size: 5812 Basic stats: PARTIAL Column stats: NONE
             Select Operator
-              expressions: 1 (type: int)
-              outputColumnNames: _col0
               Statistics: Num rows: 0 Data size: 5812 Basic stats: PARTIAL Column stats: NONE
               Group By Operator
-                aggregations: count(_col0)
+                aggregations: count(1)
                 mode: hash
                 outputColumnNames: _col0
                 Statistics: Num rows: 1 Data size: 8 Basic stats: COMPLETE Column stats: NONE
@@ -337,11 +331,9 @@ STAGE PLANS:
             alias: tstparttbl2
             Statistics: Num rows: 0 Data size: 0 Basic stats: NONE Column stats: NONE
             Select Operator
-              expressions: 1 (type: int)
-              outputColumnNames: _col0
               Statistics: Num rows: 0 Data size: 0 Basic stats: NONE Column stats: NONE
               Group By Operator
-                aggregations: count(_col0)
+                aggregations: count(1)
                 mode: hash
                 outputColumnNames: _col0
                 Statistics: Num rows: 1 Data size: 8 Basic stats: COMPLETE Column stats: NONE
diff --git a/ql/src/test/results/clientpositive/nullgroup4.q.out b/ql/src/test/results/clientpositive/nullgroup4.q.out
index b2ba216ce5..95c05dd04b 100644
--- a/ql/src/test/results/clientpositive/nullgroup4.q.out
+++ b/ql/src/test/results/clientpositive/nullgroup4.q.out
@@ -20,11 +20,11 @@ STAGE PLANS:
               predicate: (UDFToDouble(key) = 9999.0) (type: boolean)
               Statistics: Num rows: 250 Data size: 2656 Basic stats: COMPLETE Column stats: NONE
               Select Operator
-                expressions: 1 (type: int), value (type: string)
-                outputColumnNames: _col0, _col1
+                expressions: value (type: string)
+                outputColumnNames: _col1
                 Statistics: Num rows: 250 Data size: 2656 Basic stats: COMPLETE Column stats: NONE
                 Group By Operator
-                  aggregations: count(_col0), count(DISTINCT _col1)
+                  aggregations: count(1), count(DISTINCT _col1)
                   keys: _col1 (type: string)
                   mode: hash
                   outputColumnNames: _col0, _col1, _col2
@@ -110,11 +110,11 @@ STAGE PLANS:
               predicate: (UDFToDouble(key) = 9999.0) (type: boolean)
               Statistics: Num rows: 250 Data size: 2656 Basic stats: COMPLETE Column stats: NONE
               Select Operator
-                expressions: 1 (type: int), value (type: string)
-                outputColumnNames: _col0, _col1
+                expressions: value (type: string)
+                outputColumnNames: _col1
                 Statistics: Num rows: 250 Data size: 2656 Basic stats: COMPLETE Column stats: NONE
                 Group By Operator
-                  aggregations: count(_col0), count(DISTINCT _col1)
+                  aggregations: count(1), count(DISTINCT _col1)
                   keys: _col1 (type: string)
                   mode: hash
                   outputColumnNames: _col0, _col1, _col2
@@ -179,18 +179,17 @@ STAGE PLANS:
               predicate: (UDFToDouble(key) = 9999.0) (type: boolean)
               Statistics: Num rows: 250 Data size: 2656 Basic stats: COMPLETE Column stats: NONE
               Select Operator
-                expressions: 1 (type: int), value (type: string)
-                outputColumnNames: _col0, _col1
+                expressions: value (type: string)
+                outputColumnNames: _col1
                 Statistics: Num rows: 250 Data size: 2656 Basic stats: COMPLETE Column stats: NONE
                 Reduce Output Operator
                   key expressions: _col1 (type: string)
                   sort order: +
                   Map-reduce partition columns: _col1 (type: string)
                   Statistics: Num rows: 250 Data size: 2656 Basic stats: COMPLETE Column stats: NONE
-                  value expressions: _col0 (type: int)
       Reduce Operator Tree:
         Group By Operator
-          aggregations: count(VALUE._col0), count(DISTINCT KEY._col0:0._col0)
+          aggregations: count(1), count(DISTINCT KEY._col0:0._col0)
           mode: partial1
           outputColumnNames: _col0, _col1
           Statistics: Num rows: 1 Data size: 16 Basic stats: COMPLETE Column stats: NONE
@@ -263,17 +262,16 @@ STAGE PLANS:
               predicate: (UDFToDouble(key) = 9999.0) (type: boolean)
               Statistics: Num rows: 250 Data size: 2656 Basic stats: COMPLETE Column stats: NONE
               Select Operator
-                expressions: 1 (type: int), value (type: string)
-                outputColumnNames: _col0, _col1
+                expressions: value (type: string)
+                outputColumnNames: _col1
                 Statistics: Num rows: 250 Data size: 2656 Basic stats: COMPLETE Column stats: NONE
                 Reduce Output Operator
                   key expressions: _col1 (type: string)
                   sort order: +
                   Statistics: Num rows: 250 Data size: 2656 Basic stats: COMPLETE Column stats: NONE
-                  value expressions: _col0 (type: int)
       Reduce Operator Tree:
         Group By Operator
-          aggregations: count(VALUE._col0), count(DISTINCT KEY._col0:0._col0)
+          aggregations: count(1), count(DISTINCT KEY._col0:0._col0)
           mode: complete
           outputColumnNames: _col0, _col1
           Statistics: Num rows: 1 Data size: 16 Basic stats: COMPLETE Column stats: NONE
diff --git a/ql/src/test/results/clientpositive/nullgroup4_multi_distinct.q.out b/ql/src/test/results/clientpositive/nullgroup4_multi_distinct.q.out
index 89f73402da..d0f861edf4 100644
--- a/ql/src/test/results/clientpositive/nullgroup4_multi_distinct.q.out
+++ b/ql/src/test/results/clientpositive/nullgroup4_multi_distinct.q.out
@@ -19,11 +19,11 @@ STAGE PLANS:
               predicate: (UDFToDouble(key) = 9999.0) (type: boolean)
               Statistics: Num rows: 250 Data size: 2656 Basic stats: COMPLETE Column stats: NONE
               Select Operator
-                expressions: 1 (type: int), value (type: string), substr(value, 5) (type: string)
-                outputColumnNames: _col0, _col1, _col2
+                expressions: value (type: string), substr(value, 5) (type: string)
+                outputColumnNames: _col1, _col2
                 Statistics: Num rows: 250 Data size: 2656 Basic stats: COMPLETE Column stats: NONE
                 Group By Operator
-                  aggregations: count(_col0), count(DISTINCT _col1), count(DISTINCT _col2)
+                  aggregations: count(1), count(DISTINCT _col1), count(DISTINCT _col2)
                   keys: _col1 (type: string), _col2 (type: string)
                   mode: hash
                   outputColumnNames: _col0, _col1, _col2, _col3, _col4
@@ -87,17 +87,16 @@ STAGE PLANS:
               predicate: (UDFToDouble(key) = 9999.0) (type: boolean)
               Statistics: Num rows: 250 Data size: 2656 Basic stats: COMPLETE Column stats: NONE
               Select Operator
-                expressions: 1 (type: int), value (type: string), substr(value, 5) (type: string)
-                outputColumnNames: _col0, _col1, _col2
+                expressions: value (type: string), substr(value, 5) (type: string)
+                outputColumnNames: _col1, _col2
                 Statistics: Num rows: 250 Data size: 2656 Basic stats: COMPLETE Column stats: NONE
                 Reduce Output Operator
                   key expressions: _col1 (type: string), _col2 (type: string)
                   sort order: ++
                   Statistics: Num rows: 250 Data size: 2656 Basic stats: COMPLETE Column stats: NONE
-                  value expressions: _col0 (type: int)
       Reduce Operator Tree:
         Group By Operator
-          aggregations: count(VALUE._col0), count(DISTINCT KEY._col0:0._col0), count(DISTINCT KEY._col0:1._col0)
+          aggregations: count(1), count(DISTINCT KEY._col0:0._col0), count(DISTINCT KEY._col0:1._col0)
           mode: complete
           outputColumnNames: _col0, _col1, _col2
           Statistics: Num rows: 1 Data size: 24 Basic stats: COMPLETE Column stats: NONE
diff --git a/ql/src/test/results/clientpositive/partition_boolexpr.q.out b/ql/src/test/results/clientpositive/partition_boolexpr.q.out
index 68c8baf674..7d414ff7a2 100644
--- a/ql/src/test/results/clientpositive/partition_boolexpr.q.out
+++ b/ql/src/test/results/clientpositive/partition_boolexpr.q.out
@@ -43,11 +43,9 @@ STAGE PLANS:
             alias: srcpart
             Statistics: Num rows: 2000 Data size: 21248 Basic stats: COMPLETE Column stats: NONE
             Select Operator
-              expressions: 1 (type: int)
-              outputColumnNames: _col0
               Statistics: Num rows: 2000 Data size: 21248 Basic stats: COMPLETE Column stats: NONE
               Group By Operator
-                aggregations: count(_col0)
+                aggregations: count(1)
                 mode: hash
                 outputColumnNames: _col0
                 Statistics: Num rows: 1 Data size: 8 Basic stats: COMPLETE Column stats: NONE
@@ -130,11 +128,9 @@ STAGE PLANS:
             alias: srcpart
             Statistics: Num rows: 1000 Data size: 10624 Basic stats: COMPLETE Column stats: NONE
             Select Operator
-              expressions: 1 (type: int)
-              outputColumnNames: _col0
               Statistics: Num rows: 1000 Data size: 10624 Basic stats: COMPLETE Column stats: NONE
               Group By Operator
-                aggregations: count(_col0)
+                aggregations: count(1)
                 mode: hash
                 outputColumnNames: _col0
                 Statistics: Num rows: 1 Data size: 8 Basic stats: COMPLETE Column stats: NONE
@@ -182,11 +178,9 @@ STAGE PLANS:
             alias: srcpart
             Statistics: Num rows: 2000 Data size: 21248 Basic stats: COMPLETE Column stats: NONE
             Select Operator
-              expressions: 1 (type: int)
-              outputColumnNames: _col0
               Statistics: Num rows: 2000 Data size: 21248 Basic stats: COMPLETE Column stats: NONE
               Group By Operator
-                aggregations: count(_col0)
+                aggregations: count(1)
                 mode: hash
                 outputColumnNames: _col0
                 Statistics: Num rows: 1 Data size: 8 Basic stats: COMPLETE Column stats: NONE
@@ -234,11 +228,9 @@ STAGE PLANS:
             alias: srcpart
             Statistics: Num rows: 1000 Data size: 10624 Basic stats: COMPLETE Column stats: NONE
             Select Operator
-              expressions: 1 (type: int)
-              outputColumnNames: _col0
               Statistics: Num rows: 1000 Data size: 10624 Basic stats: COMPLETE Column stats: NONE
               Group By Operator
-                aggregations: count(_col0)
+                aggregations: count(1)
                 mode: hash
                 outputColumnNames: _col0
                 Statistics: Num rows: 1 Data size: 8 Basic stats: COMPLETE Column stats: NONE
diff --git a/ql/src/test/results/clientpositive/plan_json.q.java1.7.out b/ql/src/test/results/clientpositive/plan_json.q.java1.7.out
index f0f0caedd2..285bb7b352 100644
--- a/ql/src/test/results/clientpositive/plan_json.q.java1.7.out
+++ b/ql/src/test/results/clientpositive/plan_json.q.java1.7.out
@@ -10,4 +10,4 @@ POSTHOOK: query: -- explain plan json:  the query gets the formatted json output
 
 EXPLAIN FORMATTED SELECT count(1) FROM src
 POSTHOOK: type: QUERY
-{"STAGE PLANS":{"Stage-1":{"Map Reduce":{"Reduce Operator Tree:":{"Group By Operator":{"mode:":"mergepartial","aggregations:":["count(VALUE._col0)"],"outputColumnNames:":["_col0"],"children":{"Select Operator":{"expressions:":"_col0 (type: bigint)","outputColumnNames:":["_col0"],"children":{"File Output Operator":{"Statistics:":"Num rows: 1 Data size: 8 Basic stats: COMPLETE Column stats: COMPLETE","compressed:":"false","table:":{"serde:":"org.apache.hadoop.hive.serde2.lazy.LazySimpleSerDe","input format:":"org.apache.hadoop.mapred.TextInputFormat","output format:":"org.apache.hadoop.hive.ql.io.HiveIgnoreKeyTextOutputFormat"}}},"Statistics:":"Num rows: 1 Data size: 8 Basic stats: COMPLETE Column stats: COMPLETE"}},"Statistics:":"Num rows: 1 Data size: 8 Basic stats: COMPLETE Column stats: COMPLETE"}},"Map Operator Tree:":[{"TableScan":{"alias:":"src","children":{"Select Operator":{"expressions:":"1 (type: int)","outputColumnNames:":["_col0"],"children":{"Group By Operator":{"mode:":"hash","aggregations:":["count(_col0)"],"outputColumnNames:":["_col0"],"children":{"Reduce Output Operator":{"sort order:":"","value expressions:":"_col0 (type: bigint)","Statistics:":"Num rows: 1 Data size: 8 Basic stats: COMPLETE Column stats: COMPLETE"}},"Statistics:":"Num rows: 1 Data size: 8 Basic stats: COMPLETE Column stats: COMPLETE"}},"Statistics:":"Num rows: 500 Data size: 5312 Basic stats: COMPLETE Column stats: COMPLETE"}},"Statistics:":"Num rows: 500 Data size: 5312 Basic stats: COMPLETE Column stats: COMPLETE"}}]}},"Stage-0":{"Fetch Operator":{"limit:":"-1","Processor Tree:":{"ListSink":{}}}}},"STAGE DEPENDENCIES":{"Stage-1":{"ROOT STAGE":"TRUE"},"Stage-0":{"DEPENDENT STAGES":"Stage-1"}}}
+{"STAGE PLANS":{"Stage-1":{"Map Reduce":{"Reduce Operator Tree:":{"Group By Operator":{"mode:":"mergepartial","aggregations:":["count(VALUE._col0)"],"outputColumnNames:":["_col0"],"children":{"Select Operator":{"expressions:":"_col0 (type: bigint)","outputColumnNames:":["_col0"],"children":{"File Output Operator":{"Statistics:":"Num rows: 1 Data size: 8 Basic stats: COMPLETE Column stats: COMPLETE","compressed:":"false","table:":{"serde:":"org.apache.hadoop.hive.serde2.lazy.LazySimpleSerDe","input format:":"org.apache.hadoop.mapred.TextInputFormat","output format:":"org.apache.hadoop.hive.ql.io.HiveIgnoreKeyTextOutputFormat"}}},"Statistics:":"Num rows: 1 Data size: 8 Basic stats: COMPLETE Column stats: COMPLETE"}},"Statistics:":"Num rows: 1 Data size: 8 Basic stats: COMPLETE Column stats: COMPLETE"}},"Map Operator Tree:":[{"TableScan":{"alias:":"src","children":{"Select Operator":{"children":{"Group By Operator":{"mode:":"hash","aggregations:":["count(1)"],"outputColumnNames:":["_col0"],"children":{"Reduce Output Operator":{"sort order:":"","value expressions:":"_col0 (type: bigint)","Statistics:":"Num rows: 1 Data size: 8 Basic stats: COMPLETE Column stats: COMPLETE"}},"Statistics:":"Num rows: 1 Data size: 8 Basic stats: COMPLETE Column stats: COMPLETE"}},"Statistics:":"Num rows: 500 Data size: 5312 Basic stats: COMPLETE Column stats: COMPLETE"}},"Statistics:":"Num rows: 500 Data size: 5312 Basic stats: COMPLETE Column stats: COMPLETE"}}]}},"Stage-0":{"Fetch Operator":{"limit:":"-1","Processor Tree:":{"ListSink":{}}}}},"STAGE DEPENDENCIES":{"Stage-1":{"ROOT STAGE":"TRUE"},"Stage-0":{"DEPENDENT STAGES":"Stage-1"}}}
diff --git a/ql/src/test/results/clientpositive/ppd_gby_join.q.out b/ql/src/test/results/clientpositive/ppd_gby_join.q.out
index c6a0ebe846..dc4094e409 100644
--- a/ql/src/test/results/clientpositive/ppd_gby_join.q.out
+++ b/ql/src/test/results/clientpositive/ppd_gby_join.q.out
@@ -86,11 +86,11 @@ STAGE PLANS:
               predicate: ((_col1 > '50') or (_col0 < '50')) (type: boolean)
               Statistics: Num rows: 0 Data size: 0 Basic stats: NONE Column stats: NONE
               Select Operator
-                expressions: _col0 (type: string), 1 (type: int)
-                outputColumnNames: _col0, _col1
+                expressions: _col0 (type: string)
+                outputColumnNames: _col0
                 Statistics: Num rows: 0 Data size: 0 Basic stats: NONE Column stats: NONE
                 Group By Operator
-                  aggregations: count(_col1)
+                  aggregations: count(1)
                   keys: _col0 (type: string)
                   mode: hash
                   outputColumnNames: _col0, _col1
@@ -360,11 +360,11 @@ STAGE PLANS:
             predicate: ((_col0 > '50') or (_col1 < '50')) (type: boolean)
             Statistics: Num rows: 2 Data size: 22 Basic stats: COMPLETE Column stats: NONE
             Select Operator
-              expressions: _col1 (type: string), 1 (type: int)
-              outputColumnNames: _col0, _col1
+              expressions: _col1 (type: string)
+              outputColumnNames: _col0
               Statistics: Num rows: 2 Data size: 22 Basic stats: COMPLETE Column stats: NONE
               Group By Operator
-                aggregations: count(_col1)
+                aggregations: count(1)
                 keys: _col0 (type: string)
                 mode: hash
                 outputColumnNames: _col0, _col1
diff --git a/ql/src/test/results/clientpositive/ql_rewrite_gbtoidx_cbo_1.q.out b/ql/src/test/results/clientpositive/ql_rewrite_gbtoidx_cbo_1.q.out
index 5b942176e6..d46b0a9e3f 100644
--- a/ql/src/test/results/clientpositive/ql_rewrite_gbtoidx_cbo_1.q.out
+++ b/ql/src/test/results/clientpositive/ql_rewrite_gbtoidx_cbo_1.q.out
@@ -1142,11 +1142,9 @@ STAGE PLANS:
             alias: tbl
             Statistics: Num rows: 0 Data size: 0 Basic stats: NONE Column stats: COMPLETE
             Select Operator
-              expressions: 1 (type: int)
-              outputColumnNames: _col0
               Statistics: Num rows: 0 Data size: 0 Basic stats: NONE Column stats: COMPLETE
               Group By Operator
-                aggregations: count(_col0)
+                aggregations: count(1)
                 mode: hash
                 outputColumnNames: _col0
                 Statistics: Num rows: 1 Data size: 8 Basic stats: COMPLETE Column stats: COMPLETE
diff --git a/ql/src/test/results/clientpositive/ql_rewrite_gbtoidx_cbo_2.q.out b/ql/src/test/results/clientpositive/ql_rewrite_gbtoidx_cbo_2.q.out
index bb5d3d799b..3810109af0 100644
--- a/ql/src/test/results/clientpositive/ql_rewrite_gbtoidx_cbo_2.q.out
+++ b/ql/src/test/results/clientpositive/ql_rewrite_gbtoidx_cbo_2.q.out
@@ -118,11 +118,9 @@ STAGE PLANS:
             alias: lineitem_ix
             Statistics: Num rows: 0 Data size: 12099 Basic stats: PARTIAL Column stats: COMPLETE
             Select Operator
-              expressions: 1 (type: int)
-              outputColumnNames: _col0
               Statistics: Num rows: 0 Data size: 12099 Basic stats: PARTIAL Column stats: COMPLETE
               Group By Operator
-                aggregations: count(_col0)
+                aggregations: count(1)
                 mode: hash
                 outputColumnNames: _col0
                 Statistics: Num rows: 1 Data size: 8 Basic stats: COMPLETE Column stats: COMPLETE
@@ -514,11 +512,11 @@ STAGE PLANS:
             alias: lineitem_ix
             Statistics: Num rows: 3024 Data size: 12099 Basic stats: COMPLETE Column stats: NONE
             Select Operator
-              expressions: l_orderkey (type: int), 1 (type: int)
-              outputColumnNames: _col0, _col1
+              expressions: l_orderkey (type: int)
+              outputColumnNames: _col0
               Statistics: Num rows: 3024 Data size: 12099 Basic stats: COMPLETE Column stats: NONE
               Group By Operator
-                aggregations: count(_col1)
+                aggregations: count(1)
                 keys: _col0 (type: int)
                 mode: hash
                 outputColumnNames: _col0, _col1
@@ -986,11 +984,11 @@ STAGE PLANS:
               predicate: (l_orderkey < 7) (type: boolean)
               Statistics: Num rows: 1008 Data size: 4033 Basic stats: COMPLETE Column stats: NONE
               Select Operator
-                expressions: l_orderkey (type: int), 1 (type: int)
-                outputColumnNames: _col0, _col1
+                expressions: l_orderkey (type: int)
+                outputColumnNames: _col0
                 Statistics: Num rows: 1008 Data size: 4033 Basic stats: COMPLETE Column stats: NONE
                 Group By Operator
-                  aggregations: count(_col1)
+                  aggregations: count(1)
                   keys: _col0 (type: int)
                   mode: hash
                   outputColumnNames: _col0, _col1
@@ -1658,11 +1656,11 @@ STAGE PLANS:
             alias: lineitem_ix
             Statistics: Num rows: 3024 Data size: 12099 Basic stats: COMPLETE Column stats: NONE
             Select Operator
-              expressions: (l_orderkey + 1) (type: int), 1 (type: int)
-              outputColumnNames: _col0, _col1
+              expressions: (l_orderkey + 1) (type: int)
+              outputColumnNames: _col0
               Statistics: Num rows: 3024 Data size: 12099 Basic stats: COMPLETE Column stats: NONE
               Group By Operator
-                aggregations: count(_col1)
+                aggregations: count(1)
                 keys: _col0 (type: int)
                 mode: hash
                 outputColumnNames: _col0, _col1
diff --git a/ql/src/test/results/clientpositive/stats1.q.out b/ql/src/test/results/clientpositive/stats1.q.out
index f55f4f2676..61407e4f98 100644
--- a/ql/src/test/results/clientpositive/stats1.q.out
+++ b/ql/src/test/results/clientpositive/stats1.q.out
@@ -34,11 +34,9 @@ STAGE PLANS:
             alias: s1
             Statistics: Num rows: 500 Data size: 5312 Basic stats: COMPLETE Column stats: COMPLETE
             Select Operator
-              expressions: 1 (type: int)
-              outputColumnNames: _col0
               Statistics: Num rows: 500 Data size: 5312 Basic stats: COMPLETE Column stats: COMPLETE
               Group By Operator
-                aggregations: count(_col0)
+                aggregations: count(1)
                 mode: hash
                 outputColumnNames: _col0
                 Statistics: Num rows: 1 Data size: 8 Basic stats: COMPLETE Column stats: COMPLETE
diff --git a/ql/src/test/results/clientpositive/subq2.q.out b/ql/src/test/results/clientpositive/subq2.q.out
index 80ad37b6cb..0f6e239dd6 100644
--- a/ql/src/test/results/clientpositive/subq2.q.out
+++ b/ql/src/test/results/clientpositive/subq2.q.out
@@ -23,11 +23,11 @@ STAGE PLANS:
               predicate: (UDFToDouble(key) >= 90.0) (type: boolean)
               Statistics: Num rows: 166 Data size: 1763 Basic stats: COMPLETE Column stats: NONE
               Select Operator
-                expressions: key (type: string), 1 (type: int)
-                outputColumnNames: _col0, _col1
+                expressions: key (type: string)
+                outputColumnNames: _col0
                 Statistics: Num rows: 166 Data size: 1763 Basic stats: COMPLETE Column stats: NONE
                 Group By Operator
-                  aggregations: count(_col1)
+                  aggregations: count(1)
                   keys: _col0 (type: string)
                   mode: hash
                   outputColumnNames: _col0, _col1
diff --git a/ql/src/test/results/clientpositive/symlink_text_input_format.q.out b/ql/src/test/results/clientpositive/symlink_text_input_format.q.out
index f52429c071..f9d517ccbd 100644
--- a/ql/src/test/results/clientpositive/symlink_text_input_format.q.out
+++ b/ql/src/test/results/clientpositive/symlink_text_input_format.q.out
@@ -176,11 +176,9 @@ STAGE PLANS:
             alias: symlink_text_input_format
             Statistics: Num rows: 0 Data size: 72 Basic stats: PARTIAL Column stats: COMPLETE
             Select Operator
-              expressions: 1 (type: int)
-              outputColumnNames: _col0
               Statistics: Num rows: 0 Data size: 72 Basic stats: PARTIAL Column stats: COMPLETE
               Group By Operator
-                aggregations: count(_col0)
+                aggregations: count(1)
                 mode: hash
                 outputColumnNames: _col0
                 Statistics: Num rows: 1 Data size: 8 Basic stats: COMPLETE Column stats: COMPLETE
diff --git a/ql/src/test/results/clientpositive/tez/correlationoptimizer1.q.out b/ql/src/test/results/clientpositive/tez/correlationoptimizer1.q.out
index 24365eb728..cd51c476bd 100644
--- a/ql/src/test/results/clientpositive/tez/correlationoptimizer1.q.out
+++ b/ql/src/test/results/clientpositive/tez/correlationoptimizer1.q.out
@@ -78,11 +78,11 @@ STAGE PLANS:
                 outputColumnNames: _col1
                 Statistics: Num rows: 275 Data size: 2921 Basic stats: COMPLETE Column stats: NONE
                 Select Operator
-                  expressions: _col1 (type: string), 1 (type: int)
-                  outputColumnNames: _col0, _col1
+                  expressions: _col1 (type: string)
+                  outputColumnNames: _col0
                   Statistics: Num rows: 275 Data size: 2921 Basic stats: COMPLETE Column stats: NONE
                   Group By Operator
-                    aggregations: count(_col1)
+                    aggregations: count(1)
                     keys: _col0 (type: string)
                     mode: hash
                     outputColumnNames: _col0, _col1
@@ -226,11 +226,11 @@ STAGE PLANS:
                 outputColumnNames: _col1
                 Statistics: Num rows: 275 Data size: 2921 Basic stats: COMPLETE Column stats: NONE
                 Select Operator
-                  expressions: _col1 (type: string), 1 (type: int)
-                  outputColumnNames: _col0, _col1
+                  expressions: _col1 (type: string)
+                  outputColumnNames: _col0
                   Statistics: Num rows: 275 Data size: 2921 Basic stats: COMPLETE Column stats: NONE
                   Group By Operator
-                    aggregations: count(_col1)
+                    aggregations: count(1)
                     keys: _col0 (type: string)
                     mode: hash
                     outputColumnNames: _col0, _col1
@@ -360,11 +360,11 @@ STAGE PLANS:
                           1 Map 4
                         Statistics: Num rows: 275 Data size: 2921 Basic stats: COMPLETE Column stats: NONE
                         Select Operator
-                          expressions: _col1 (type: string), 1 (type: int)
-                          outputColumnNames: _col0, _col1
+                          expressions: _col1 (type: string)
+                          outputColumnNames: _col0
                           Statistics: Num rows: 275 Data size: 2921 Basic stats: COMPLETE Column stats: NONE
                           Group By Operator
-                            aggregations: count(_col1)
+                            aggregations: count(1)
                             keys: _col0 (type: string)
                             mode: hash
                             outputColumnNames: _col0, _col1
@@ -535,22 +535,18 @@ STAGE PLANS:
                   1 _col0 (type: string)
                 outputColumnNames: _col0
                 Statistics: Num rows: 275 Data size: 2921 Basic stats: COMPLETE Column stats: NONE
-                Select Operator
-                  expressions: _col0 (type: string), 1 (type: int)
+                Group By Operator
+                  aggregations: count(1)
+                  keys: _col0 (type: string)
+                  mode: hash
                   outputColumnNames: _col0, _col1
                   Statistics: Num rows: 275 Data size: 2921 Basic stats: COMPLETE Column stats: NONE
-                  Group By Operator
-                    aggregations: count(_col1)
-                    keys: _col0 (type: string)
-                    mode: hash
-                    outputColumnNames: _col0, _col1
+                  Reduce Output Operator
+                    key expressions: _col0 (type: string)
+                    sort order: +
+                    Map-reduce partition columns: _col0 (type: string)
                     Statistics: Num rows: 275 Data size: 2921 Basic stats: COMPLETE Column stats: NONE
-                    Reduce Output Operator
-                      key expressions: _col0 (type: string)
-                      sort order: +
-                      Map-reduce partition columns: _col0 (type: string)
-                      Statistics: Num rows: 275 Data size: 2921 Basic stats: COMPLETE Column stats: NONE
-                      value expressions: _col1 (type: bigint)
+                    value expressions: _col1 (type: bigint)
         Reducer 3 
             Reduce Operator Tree:
               Group By Operator
@@ -688,22 +684,18 @@ STAGE PLANS:
                   1 _col0 (type: string)
                 outputColumnNames: _col0
                 Statistics: Num rows: 275 Data size: 2921 Basic stats: COMPLETE Column stats: NONE
-                Select Operator
-                  expressions: _col0 (type: string), 1 (type: int)
+                Group By Operator
+                  aggregations: count(1)
+                  keys: _col0 (type: string)
+                  mode: hash
                   outputColumnNames: _col0, _col1
                   Statistics: Num rows: 275 Data size: 2921 Basic stats: COMPLETE Column stats: NONE
-                  Group By Operator
-                    aggregations: count(_col1)
-                    keys: _col0 (type: string)
-                    mode: hash
-                    outputColumnNames: _col0, _col1
+                  Reduce Output Operator
+                    key expressions: _col0 (type: string)
+                    sort order: +
+                    Map-reduce partition columns: _col0 (type: string)
                     Statistics: Num rows: 275 Data size: 2921 Basic stats: COMPLETE Column stats: NONE
-                    Reduce Output Operator
-                      key expressions: _col0 (type: string)
-                      sort order: +
-                      Map-reduce partition columns: _col0 (type: string)
-                      Statistics: Num rows: 275 Data size: 2921 Basic stats: COMPLETE Column stats: NONE
-                      value expressions: _col1 (type: bigint)
+                    value expressions: _col1 (type: bigint)
         Reducer 3 
             Reduce Operator Tree:
               Group By Operator
@@ -837,11 +829,11 @@ STAGE PLANS:
                 outputColumnNames: _col1
                 Statistics: Num rows: 550 Data size: 5843 Basic stats: COMPLETE Column stats: NONE
                 Select Operator
-                  expressions: _col1 (type: string), 1 (type: int)
-                  outputColumnNames: _col0, _col1
+                  expressions: _col1 (type: string)
+                  outputColumnNames: _col0
                   Statistics: Num rows: 550 Data size: 5843 Basic stats: COMPLETE Column stats: NONE
                   Group By Operator
-                    aggregations: count(_col1)
+                    aggregations: count(1)
                     keys: _col0 (type: string)
                     mode: hash
                     outputColumnNames: _col0, _col1
@@ -979,11 +971,11 @@ STAGE PLANS:
                 outputColumnNames: _col1
                 Statistics: Num rows: 550 Data size: 5843 Basic stats: COMPLETE Column stats: NONE
                 Select Operator
-                  expressions: _col1 (type: string), 1 (type: int)
-                  outputColumnNames: _col0, _col1
+                  expressions: _col1 (type: string)
+                  outputColumnNames: _col0
                   Statistics: Num rows: 550 Data size: 5843 Basic stats: COMPLETE Column stats: NONE
                   Group By Operator
-                    aggregations: count(_col1)
+                    aggregations: count(1)
                     keys: _col0 (type: string)
                     mode: hash
                     outputColumnNames: _col0, _col1
@@ -1126,22 +1118,18 @@ STAGE PLANS:
                   1 _col0 (type: string)
                 outputColumnNames: _col0
                 Statistics: Num rows: 550 Data size: 5843 Basic stats: COMPLETE Column stats: NONE
-                Select Operator
-                  expressions: _col0 (type: string), 1 (type: int)
+                Group By Operator
+                  aggregations: count(1)
+                  keys: _col0 (type: string)
+                  mode: hash
                   outputColumnNames: _col0, _col1
                   Statistics: Num rows: 550 Data size: 5843 Basic stats: COMPLETE Column stats: NONE
-                  Group By Operator
-                    aggregations: count(_col1)
-                    keys: _col0 (type: string)
-                    mode: hash
-                    outputColumnNames: _col0, _col1
+                  Reduce Output Operator
+                    key expressions: _col0 (type: string)
+                    sort order: +
+                    Map-reduce partition columns: _col0 (type: string)
                     Statistics: Num rows: 550 Data size: 5843 Basic stats: COMPLETE Column stats: NONE
-                    Reduce Output Operator
-                      key expressions: _col0 (type: string)
-                      sort order: +
-                      Map-reduce partition columns: _col0 (type: string)
-                      Statistics: Num rows: 550 Data size: 5843 Basic stats: COMPLETE Column stats: NONE
-                      value expressions: _col1 (type: bigint)
+                    value expressions: _col1 (type: bigint)
         Reducer 3 
             Reduce Operator Tree:
               Group By Operator
@@ -1268,22 +1256,18 @@ STAGE PLANS:
                   1 _col0 (type: string)
                 outputColumnNames: _col0
                 Statistics: Num rows: 550 Data size: 5843 Basic stats: COMPLETE Column stats: NONE
-                Select Operator
-                  expressions: _col0 (type: string), 1 (type: int)
+                Group By Operator
+                  aggregations: count(1)
+                  keys: _col0 (type: string)
+                  mode: hash
                   outputColumnNames: _col0, _col1
                   Statistics: Num rows: 550 Data size: 5843 Basic stats: COMPLETE Column stats: NONE
-                  Group By Operator
-                    aggregations: count(_col1)
-                    keys: _col0 (type: string)
-                    mode: hash
-                    outputColumnNames: _col0, _col1
+                  Reduce Output Operator
+                    key expressions: _col0 (type: string)
+                    sort order: +
+                    Map-reduce partition columns: _col0 (type: string)
                     Statistics: Num rows: 550 Data size: 5843 Basic stats: COMPLETE Column stats: NONE
-                    Reduce Output Operator
-                      key expressions: _col0 (type: string)
-                      sort order: +
-                      Map-reduce partition columns: _col0 (type: string)
-                      Statistics: Num rows: 550 Data size: 5843 Basic stats: COMPLETE Column stats: NONE
-                      value expressions: _col1 (type: bigint)
+                    value expressions: _col1 (type: bigint)
         Reducer 3 
             Reduce Operator Tree:
               Group By Operator
@@ -1414,11 +1398,11 @@ STAGE PLANS:
                 outputColumnNames: _col1, _col2
                 Statistics: Num rows: 550 Data size: 5843 Basic stats: COMPLETE Column stats: NONE
                 Select Operator
-                  expressions: _col2 (type: string), _col1 (type: string), 1 (type: int)
-                  outputColumnNames: _col0, _col1, _col2
+                  expressions: _col2 (type: string), _col1 (type: string)
+                  outputColumnNames: _col0, _col1
                   Statistics: Num rows: 550 Data size: 5843 Basic stats: COMPLETE Column stats: NONE
                   Group By Operator
-                    aggregations: count(_col2)
+                    aggregations: count(1)
                     keys: _col0 (type: string), _col1 (type: string)
                     mode: hash
                     outputColumnNames: _col0, _col1, _col2
@@ -1546,11 +1530,11 @@ STAGE PLANS:
                 outputColumnNames: _col1, _col2
                 Statistics: Num rows: 550 Data size: 5843 Basic stats: COMPLETE Column stats: NONE
                 Select Operator
-                  expressions: _col2 (type: string), _col1 (type: string), 1 (type: int)
-                  outputColumnNames: _col0, _col1, _col2
+                  expressions: _col2 (type: string), _col1 (type: string)
+                  outputColumnNames: _col0, _col1
                   Statistics: Num rows: 550 Data size: 5843 Basic stats: COMPLETE Column stats: NONE
                   Group By Operator
-                    aggregations: count(_col2)
+                    aggregations: count(1)
                     keys: _col0 (type: string), _col1 (type: string)
                     mode: hash
                     outputColumnNames: _col0, _col1, _col2
@@ -1686,22 +1670,18 @@ STAGE PLANS:
                   1 _col0 (type: string)
                 outputColumnNames: _col0
                 Statistics: Num rows: 550 Data size: 5843 Basic stats: COMPLETE Column stats: NONE
-                Select Operator
-                  expressions: _col0 (type: string), 1 (type: int)
+                Group By Operator
+                  aggregations: count(1)
+                  keys: _col0 (type: string)
+                  mode: hash
                   outputColumnNames: _col0, _col1
                   Statistics: Num rows: 550 Data size: 5843 Basic stats: COMPLETE Column stats: NONE
-                  Group By Operator
-                    aggregations: count(_col1)
-                    keys: _col0 (type: string)
-                    mode: hash
-                    outputColumnNames: _col0, _col1
+                  Reduce Output Operator
+                    key expressions: _col0 (type: string)
+                    sort order: +
+                    Map-reduce partition columns: _col0 (type: string)
                     Statistics: Num rows: 550 Data size: 5843 Basic stats: COMPLETE Column stats: NONE
-                    Reduce Output Operator
-                      key expressions: _col0 (type: string)
-                      sort order: +
-                      Map-reduce partition columns: _col0 (type: string)
-                      Statistics: Num rows: 550 Data size: 5843 Basic stats: COMPLETE Column stats: NONE
-                      value expressions: _col1 (type: bigint)
+                    value expressions: _col1 (type: bigint)
         Reducer 3 
             Reduce Operator Tree:
               Group By Operator
@@ -1828,22 +1808,18 @@ STAGE PLANS:
                   1 _col0 (type: string)
                 outputColumnNames: _col0
                 Statistics: Num rows: 550 Data size: 5843 Basic stats: COMPLETE Column stats: NONE
-                Select Operator
-                  expressions: _col0 (type: string), 1 (type: int)
+                Group By Operator
+                  aggregations: count(1)
+                  keys: _col0 (type: string)
+                  mode: hash
                   outputColumnNames: _col0, _col1
                   Statistics: Num rows: 550 Data size: 5843 Basic stats: COMPLETE Column stats: NONE
-                  Group By Operator
-                    aggregations: count(_col1)
-                    keys: _col0 (type: string)
-                    mode: hash
-                    outputColumnNames: _col0, _col1
+                  Reduce Output Operator
+                    key expressions: _col0 (type: string)
+                    sort order: +
+                    Map-reduce partition columns: _col0 (type: string)
                     Statistics: Num rows: 550 Data size: 5843 Basic stats: COMPLETE Column stats: NONE
-                    Reduce Output Operator
-                      key expressions: _col0 (type: string)
-                      sort order: +
-                      Map-reduce partition columns: _col0 (type: string)
-                      Statistics: Num rows: 550 Data size: 5843 Basic stats: COMPLETE Column stats: NONE
-                      value expressions: _col1 (type: bigint)
+                    value expressions: _col1 (type: bigint)
         Reducer 3 
             Reduce Operator Tree:
               Group By Operator
@@ -1977,11 +1953,11 @@ STAGE PLANS:
                 outputColumnNames: _col1
                 Statistics: Num rows: 550 Data size: 5843 Basic stats: COMPLETE Column stats: NONE
                 Select Operator
-                  expressions: _col1 (type: string), 1 (type: int)
-                  outputColumnNames: _col0, _col1
+                  expressions: _col1 (type: string)
+                  outputColumnNames: _col0
                   Statistics: Num rows: 550 Data size: 5843 Basic stats: COMPLETE Column stats: NONE
                   Group By Operator
-                    aggregations: count(_col1)
+                    aggregations: count(1)
                     keys: _col0 (type: string)
                     mode: hash
                     outputColumnNames: _col0, _col1
@@ -2119,11 +2095,11 @@ STAGE PLANS:
                 outputColumnNames: _col1
                 Statistics: Num rows: 550 Data size: 5843 Basic stats: COMPLETE Column stats: NONE
                 Select Operator
-                  expressions: _col1 (type: string), 1 (type: int)
-                  outputColumnNames: _col0, _col1
+                  expressions: _col1 (type: string)
+                  outputColumnNames: _col0
                   Statistics: Num rows: 550 Data size: 5843 Basic stats: COMPLETE Column stats: NONE
                   Group By Operator
-                    aggregations: count(_col1)
+                    aggregations: count(1)
                     keys: _col0 (type: string)
                     mode: hash
                     outputColumnNames: _col0, _col1
@@ -2269,11 +2245,11 @@ STAGE PLANS:
                 outputColumnNames: _col1
                 Statistics: Num rows: 550 Data size: 5843 Basic stats: COMPLETE Column stats: NONE
                 Select Operator
-                  expressions: _col1 (type: string), 1 (type: int)
-                  outputColumnNames: _col0, _col1
+                  expressions: _col1 (type: string)
+                  outputColumnNames: _col0
                   Statistics: Num rows: 550 Data size: 5843 Basic stats: COMPLETE Column stats: NONE
                   Group By Operator
-                    aggregations: count(_col1)
+                    aggregations: count(1)
                     keys: _col0 (type: string)
                     mode: hash
                     outputColumnNames: _col0, _col1
@@ -2411,11 +2387,11 @@ STAGE PLANS:
                 outputColumnNames: _col1
                 Statistics: Num rows: 550 Data size: 5843 Basic stats: COMPLETE Column stats: NONE
                 Select Operator
-                  expressions: _col1 (type: string), 1 (type: int)
-                  outputColumnNames: _col0, _col1
+                  expressions: _col1 (type: string)
+                  outputColumnNames: _col0
                   Statistics: Num rows: 550 Data size: 5843 Basic stats: COMPLETE Column stats: NONE
                   Group By Operator
-                    aggregations: count(_col1)
+                    aggregations: count(1)
                     keys: _col0 (type: string)
                     mode: hash
                     outputColumnNames: _col0, _col1
@@ -2562,11 +2538,11 @@ STAGE PLANS:
                 outputColumnNames: _col1, _col2
                 Statistics: Num rows: 275 Data size: 2921 Basic stats: COMPLETE Column stats: NONE
                 Select Operator
-                  expressions: _col1 (type: string), _col2 (type: string), 1 (type: int)
-                  outputColumnNames: _col0, _col1, _col2
+                  expressions: _col1 (type: string), _col2 (type: string)
+                  outputColumnNames: _col0, _col1
                   Statistics: Num rows: 275 Data size: 2921 Basic stats: COMPLETE Column stats: NONE
                   Group By Operator
-                    aggregations: count(_col2)
+                    aggregations: count(1)
                     keys: _col0 (type: string), _col1 (type: string)
                     mode: hash
                     outputColumnNames: _col0, _col1, _col2
@@ -2711,11 +2687,11 @@ STAGE PLANS:
                 outputColumnNames: _col1, _col2
                 Statistics: Num rows: 275 Data size: 2921 Basic stats: COMPLETE Column stats: NONE
                 Select Operator
-                  expressions: _col1 (type: string), _col2 (type: string), 1 (type: int)
-                  outputColumnNames: _col0, _col1, _col2
+                  expressions: _col1 (type: string), _col2 (type: string)
+                  outputColumnNames: _col0, _col1
                   Statistics: Num rows: 275 Data size: 2921 Basic stats: COMPLETE Column stats: NONE
                   Group By Operator
-                    aggregations: count(_col2)
+                    aggregations: count(1)
                     keys: _col0 (type: string), _col1 (type: string)
                     mode: hash
                     outputColumnNames: _col0, _col1, _col2
@@ -2861,11 +2837,11 @@ STAGE PLANS:
                 outputColumnNames: _col2
                 Statistics: Num rows: 137 Data size: 1460 Basic stats: COMPLETE Column stats: NONE
                 Select Operator
-                  expressions: _col2 (type: string), 1 (type: int)
-                  outputColumnNames: _col0, _col1
+                  expressions: _col2 (type: string)
+                  outputColumnNames: _col0
                   Statistics: Num rows: 137 Data size: 1460 Basic stats: COMPLETE Column stats: NONE
                   Group By Operator
-                    aggregations: count(_col1)
+                    aggregations: count(1)
                     keys: _col0 (type: string)
                     mode: hash
                     outputColumnNames: _col0, _col1
@@ -3009,11 +2985,11 @@ STAGE PLANS:
                 outputColumnNames: _col2
                 Statistics: Num rows: 137 Data size: 1460 Basic stats: COMPLETE Column stats: NONE
                 Select Operator
-                  expressions: _col2 (type: string), 1 (type: int)
-                  outputColumnNames: _col0, _col1
+                  expressions: _col2 (type: string)
+                  outputColumnNames: _col0
                   Statistics: Num rows: 137 Data size: 1460 Basic stats: COMPLETE Column stats: NONE
                   Group By Operator
-                    aggregations: count(_col1)
+                    aggregations: count(1)
                     keys: _col0 (type: string)
                     mode: hash
                     outputColumnNames: _col0, _col1
diff --git a/ql/src/test/results/clientpositive/tez/count.q.out b/ql/src/test/results/clientpositive/tez/count.q.out
index 24e2cd2472..3366b2dba9 100644
--- a/ql/src/test/results/clientpositive/tez/count.q.out
+++ b/ql/src/test/results/clientpositive/tez/count.q.out
@@ -126,11 +126,11 @@ STAGE PLANS:
                   alias: abcd
                   Statistics: Num rows: 4 Data size: 78 Basic stats: COMPLETE Column stats: NONE
                   Select Operator
-                    expressions: 1 (type: int), a (type: int), b (type: int), c (type: int), d (type: int)
-                    outputColumnNames: _col0, _col1, _col2, _col3, _col4
+                    expressions: a (type: int), b (type: int), c (type: int), d (type: int)
+                    outputColumnNames: _col1, _col2, _col3, _col4
                     Statistics: Num rows: 4 Data size: 78 Basic stats: COMPLETE Column stats: NONE
                     Group By Operator
-                      aggregations: count(_col0), count(), count(_col1), count(_col2), count(_col3), count(_col4), count(DISTINCT _col1), count(DISTINCT _col2), count(DISTINCT _col3), count(DISTINCT _col4), count(DISTINCT _col1, _col2), count(DISTINCT _col2, _col3), count(DISTINCT _col3, _col4), count(DISTINCT _col1, _col4), count(DISTINCT _col1, _col3), count(DISTINCT _col2, _col4), count(DISTINCT _col1, _col2, _col3), count(DISTINCT _col2, _col3, _col4), count(DISTINCT _col1, _col3, _col4), count(DISTINCT _col1, _col2, _col4), count(DISTINCT _col1, _col2, _col3, _col4)
+                      aggregations: count(1), count(), count(_col1), count(_col2), count(_col3), count(_col4), count(DISTINCT _col1), count(DISTINCT _col2), count(DISTINCT _col3), count(DISTINCT _col4), count(DISTINCT _col1, _col2), count(DISTINCT _col2, _col3), count(DISTINCT _col3, _col4), count(DISTINCT _col1, _col4), count(DISTINCT _col1, _col3), count(DISTINCT _col2, _col4), count(DISTINCT _col1, _col2, _col3), count(DISTINCT _col2, _col3, _col4), count(DISTINCT _col1, _col3, _col4), count(DISTINCT _col1, _col2, _col4), count(DISTINCT _col1, _col2, _col3, _col4)
                       keys: _col1 (type: int), _col2 (type: int), _col3 (type: int), _col4 (type: int)
                       mode: hash
                       outputColumnNames: _col0, _col1, _col2, _col3, _col4, _col5, _col6, _col7, _col8, _col9, _col10, _col11, _col12, _col13, _col14, _col15, _col16, _col17, _col18, _col19, _col20, _col21, _col22, _col23, _col24
@@ -263,18 +263,17 @@ STAGE PLANS:
                   alias: abcd
                   Statistics: Num rows: 4 Data size: 78 Basic stats: COMPLETE Column stats: NONE
                   Select Operator
-                    expressions: 1 (type: int), a (type: int), b (type: int), c (type: int), d (type: int)
-                    outputColumnNames: _col0, _col1, _col2, _col3, _col4
+                    expressions: a (type: int), b (type: int), c (type: int), d (type: int)
+                    outputColumnNames: _col1, _col2, _col3, _col4
                     Statistics: Num rows: 4 Data size: 78 Basic stats: COMPLETE Column stats: NONE
                     Reduce Output Operator
                       key expressions: _col1 (type: int), _col2 (type: int), _col3 (type: int), _col4 (type: int)
                       sort order: ++++
                       Statistics: Num rows: 4 Data size: 78 Basic stats: COMPLETE Column stats: NONE
-                      value expressions: _col0 (type: int)
         Reducer 2 
             Reduce Operator Tree:
               Group By Operator
-                aggregations: count(VALUE._col0), count(), count(KEY._col0:0._col0), count(KEY._col0:1._col0), count(KEY._col0:2._col0), count(KEY._col0:3._col0), count(DISTINCT KEY._col0:0._col0), count(DISTINCT KEY._col0:1._col0), count(DISTINCT KEY._col0:2._col0), count(DISTINCT KEY._col0:3._col0), count(DISTINCT KEY._col0:4._col0, KEY._col0:4._col1), count(DISTINCT KEY._col0:5._col0, KEY._col0:5._col1), count(DISTINCT KEY._col0:6._col0, KEY._col0:6._col1), count(DISTINCT KEY._col0:7._col0, KEY._col0:7._col1), count(DISTINCT KEY._col0:8._col0, KEY._col0:8._col1), count(DISTINCT KEY._col0:9._col0, KEY._col0:9._col1), count(DISTINCT KEY._col0:10._col0, KEY._col0:10._col1, KEY._col0:10._col2), count(DISTINCT KEY._col0:11._col0, KEY._col0:11._col1, KEY._col0:11._col2), count(DISTINCT KEY._col0:12._col0, KEY._col0:12._col1, KEY._col0:12._col2), count(DISTINCT KEY._col0:13._col0, KEY._col0:13._col1, KEY._col0:13._col2), count(DISTINCT KEY._col0:14._col0, KEY._col0:14._col1, KEY._col0:14._col2, KEY._col0:14._col3)
+                aggregations: count(1), count(), count(KEY._col0:0._col0), count(KEY._col0:1._col0), count(KEY._col0:2._col0), count(KEY._col0:3._col0), count(DISTINCT KEY._col0:0._col0), count(DISTINCT KEY._col0:1._col0), count(DISTINCT KEY._col0:2._col0), count(DISTINCT KEY._col0:3._col0), count(DISTINCT KEY._col0:4._col0, KEY._col0:4._col1), count(DISTINCT KEY._col0:5._col0, KEY._col0:5._col1), count(DISTINCT KEY._col0:6._col0, KEY._col0:6._col1), count(DISTINCT KEY._col0:7._col0, KEY._col0:7._col1), count(DISTINCT KEY._col0:8._col0, KEY._col0:8._col1), count(DISTINCT KEY._col0:9._col0, KEY._col0:9._col1), count(DISTINCT KEY._col0:10._col0, KEY._col0:10._col1, KEY._col0:10._col2), count(DISTINCT KEY._col0:11._col0, KEY._col0:11._col1, KEY._col0:11._col2), count(DISTINCT KEY._col0:12._col0, KEY._col0:12._col1, KEY._col0:12._col2), count(DISTINCT KEY._col0:13._col0, KEY._col0:13._col1, KEY._col0:13._col2), count(DISTINCT KEY._col0:14._col0, KEY._col0:14._col1, KEY._col0:14._col2, KEY._col0:14._col3)
                 mode: complete
                 outputColumnNames: _col0, _col1, _col2, _col3, _col4, _col5, _col6, _col7, _col8, _col9, _col10, _col11, _col12, _col13, _col14, _col15, _col16, _col17, _col18, _col19, _col20
                 Statistics: Num rows: 1 Data size: 168 Basic stats: COMPLETE Column stats: NONE
diff --git a/ql/src/test/results/clientpositive/tez/dynpart_sort_optimization2.q.out b/ql/src/test/results/clientpositive/tez/dynpart_sort_optimization2.q.out
index 28bc2a036f..a73443254c 100644
--- a/ql/src/test/results/clientpositive/tez/dynpart_sort_optimization2.q.out
+++ b/ql/src/test/results/clientpositive/tez/dynpart_sort_optimization2.q.out
@@ -1625,12 +1625,12 @@ STAGE PLANS:
                   alias: src
                   Statistics: Num rows: 500 Data size: 5312 Basic stats: COMPLETE Column stats: NONE
                   Select Operator
-                    expressions: 'day' (type: string), key (type: string), value (type: string)
-                    outputColumnNames: _col0, _col1, _col2
+                    expressions: key (type: string), value (type: string)
+                    outputColumnNames: _col1, _col2
                     Statistics: Num rows: 500 Data size: 5312 Basic stats: COMPLETE Column stats: NONE
                     Group By Operator
                       aggregations: count(_col2)
-                      keys: _col0 (type: string), _col1 (type: string)
+                      keys: 'day' (type: string), _col1 (type: string)
                       mode: hash
                       outputColumnNames: _col0, _col1, _col2
                       Statistics: Num rows: 500 Data size: 5312 Basic stats: COMPLETE Column stats: NONE
@@ -1752,12 +1752,12 @@ STAGE PLANS:
                   alias: src
                   Statistics: Num rows: 500 Data size: 5312 Basic stats: COMPLETE Column stats: NONE
                   Select Operator
-                    expressions: 'day' (type: string), key (type: string), value (type: string)
-                    outputColumnNames: _col0, _col1, _col2
+                    expressions: key (type: string), value (type: string)
+                    outputColumnNames: _col1, _col2
                     Statistics: Num rows: 500 Data size: 5312 Basic stats: COMPLETE Column stats: NONE
                     Group By Operator
                       aggregations: count(_col2)
-                      keys: _col0 (type: string), _col1 (type: string)
+                      keys: 'day' (type: string), _col1 (type: string)
                       mode: hash
                       outputColumnNames: _col0, _col1, _col2
                       Statistics: Num rows: 500 Data size: 5312 Basic stats: COMPLETE Column stats: NONE
diff --git a/ql/src/test/results/clientpositive/tez/limit_pushdown.q.out b/ql/src/test/results/clientpositive/tez/limit_pushdown.q.out
index 949a609df0..0a575ab626 100644
--- a/ql/src/test/results/clientpositive/tez/limit_pushdown.q.out
+++ b/ql/src/test/results/clientpositive/tez/limit_pushdown.q.out
@@ -821,11 +821,11 @@ STAGE PLANS:
                   alias: src
                   Statistics: Num rows: 500 Data size: 5312 Basic stats: COMPLETE Column stats: NONE
                   Select Operator
-                    expressions: key (type: string), 1 (type: int)
-                    outputColumnNames: _col0, _col1
+                    expressions: key (type: string)
+                    outputColumnNames: _col0
                     Statistics: Num rows: 500 Data size: 5312 Basic stats: COMPLETE Column stats: NONE
                     Group By Operator
-                      aggregations: count(_col1)
+                      aggregations: count(1)
                       keys: _col0 (type: string)
                       mode: hash
                       outputColumnNames: _col0, _col1
@@ -843,11 +843,11 @@ STAGE PLANS:
                   alias: src
                   Statistics: Num rows: 500 Data size: 5312 Basic stats: COMPLETE Column stats: NONE
                   Select Operator
-                    expressions: key (type: string), 1 (type: int)
-                    outputColumnNames: _col0, _col1
+                    expressions: key (type: string)
+                    outputColumnNames: _col0
                     Statistics: Num rows: 500 Data size: 5312 Basic stats: COMPLETE Column stats: NONE
                     Group By Operator
-                      aggregations: count(_col1)
+                      aggregations: count(1)
                       keys: _col0 (type: string)
                       mode: hash
                       outputColumnNames: _col0, _col1
diff --git a/ql/src/test/results/clientpositive/tez/merge1.q.out b/ql/src/test/results/clientpositive/tez/merge1.q.out
index cfe33e494c..b321080c4f 100644
--- a/ql/src/test/results/clientpositive/tez/merge1.q.out
+++ b/ql/src/test/results/clientpositive/tez/merge1.q.out
@@ -37,11 +37,11 @@ STAGE PLANS:
                   alias: src
                   Statistics: Num rows: 500 Data size: 5312 Basic stats: COMPLETE Column stats: NONE
                   Select Operator
-                    expressions: key (type: string), 1 (type: int)
-                    outputColumnNames: _col0, _col1
+                    expressions: key (type: string)
+                    outputColumnNames: _col0
                     Statistics: Num rows: 500 Data size: 5312 Basic stats: COMPLETE Column stats: NONE
                     Group By Operator
-                      aggregations: count(_col1)
+                      aggregations: count(1)
                       keys: _col0 (type: string)
                       mode: hash
                       outputColumnNames: _col0, _col1
diff --git a/ql/src/test/results/clientpositive/tez/merge2.q.out b/ql/src/test/results/clientpositive/tez/merge2.q.out
index 8fa1b36e3b..d7be565981 100644
--- a/ql/src/test/results/clientpositive/tez/merge2.q.out
+++ b/ql/src/test/results/clientpositive/tez/merge2.q.out
@@ -37,11 +37,11 @@ STAGE PLANS:
                   alias: src
                   Statistics: Num rows: 500 Data size: 5312 Basic stats: COMPLETE Column stats: NONE
                   Select Operator
-                    expressions: key (type: string), 1 (type: int)
-                    outputColumnNames: _col0, _col1
+                    expressions: key (type: string)
+                    outputColumnNames: _col0
                     Statistics: Num rows: 500 Data size: 5312 Basic stats: COMPLETE Column stats: NONE
                     Group By Operator
-                      aggregations: count(_col1)
+                      aggregations: count(1)
                       keys: _col0 (type: string)
                       mode: hash
                       outputColumnNames: _col0, _col1
diff --git a/ql/src/test/results/clientpositive/tez/metadata_only_queries.q.out b/ql/src/test/results/clientpositive/tez/metadata_only_queries.q.out
index 647764b808..9ec575fd2a 100644
--- a/ql/src/test/results/clientpositive/tez/metadata_only_queries.q.out
+++ b/ql/src/test/results/clientpositive/tez/metadata_only_queries.q.out
@@ -199,11 +199,11 @@ STAGE PLANS:
                   alias: stats_tbl
                   Statistics: Num rows: 9999 Data size: 1030908 Basic stats: COMPLETE Column stats: NONE
                   Select Operator
-                    expressions: 1 (type: int), 0.2 (type: double), s (type: string), bo (type: boolean), bin (type: binary), si (type: smallint), i (type: int), b (type: bigint)
-                    outputColumnNames: _col0, _col1, _col2, _col3, _col4, _col5, _col6, _col7
+                    expressions: s (type: string), bo (type: boolean), bin (type: binary), si (type: smallint), i (type: int), b (type: bigint)
+                    outputColumnNames: _col2, _col3, _col4, _col5, _col6, _col7
                     Statistics: Num rows: 9999 Data size: 1030908 Basic stats: COMPLETE Column stats: NONE
                     Group By Operator
-                      aggregations: count(), sum(_col0), sum(_col1), count(_col0), count(_col2), count(_col3), count(_col4), count(_col5), max(_col6), min(_col7)
+                      aggregations: count(), sum(1), sum(0.2), count(1), count(_col2), count(_col3), count(_col4), count(_col5), max(_col6), min(_col7)
                       mode: hash
                       outputColumnNames: _col0, _col1, _col2, _col3, _col4, _col5, _col6, _col7, _col8, _col9
                       Statistics: Num rows: 1 Data size: 76 Basic stats: COMPLETE Column stats: NONE
@@ -259,11 +259,11 @@ STAGE PLANS:
                   alias: stats_tbl_part
                   Statistics: Num rows: 9489 Data size: 978785 Basic stats: COMPLETE Column stats: NONE
                   Select Operator
-                    expressions: 1 (type: int), 0.2 (type: double), s (type: string), bo (type: boolean), bin (type: binary), si (type: smallint), i (type: int), b (type: bigint)
-                    outputColumnNames: _col0, _col1, _col2, _col3, _col4, _col5, _col6, _col7
+                    expressions: s (type: string), bo (type: boolean), bin (type: binary), si (type: smallint), i (type: int), b (type: bigint)
+                    outputColumnNames: _col2, _col3, _col4, _col5, _col6, _col7
                     Statistics: Num rows: 9489 Data size: 978785 Basic stats: COMPLETE Column stats: NONE
                     Group By Operator
-                      aggregations: count(), sum(_col0), sum(_col1), count(_col0), count(_col2), count(_col3), count(_col4), count(_col5), max(_col6), min(_col7)
+                      aggregations: count(), sum(1), sum(0.2), count(1), count(_col2), count(_col3), count(_col4), count(_col5), max(_col6), min(_col7)
                       mode: hash
                       outputColumnNames: _col0, _col1, _col2, _col3, _col4, _col5, _col6, _col7, _col8, _col9
                       Statistics: Num rows: 1 Data size: 76 Basic stats: COMPLETE Column stats: NONE
diff --git a/ql/src/test/results/clientpositive/tez/union2.q.out b/ql/src/test/results/clientpositive/tez/union2.q.out
index 06cb30b763..ce76676ccf 100644
--- a/ql/src/test/results/clientpositive/tez/union2.q.out
+++ b/ql/src/test/results/clientpositive/tez/union2.q.out
@@ -31,10 +31,8 @@ STAGE PLANS:
                   alias: s1
                   Select Operator
                     Select Operator
-                      expressions: 1 (type: int)
-                      outputColumnNames: _col0
                       Group By Operator
-                        aggregations: count(_col0)
+                        aggregations: count(1)
                         mode: hash
                         outputColumnNames: _col0
                         Reduce Output Operator
@@ -46,10 +44,8 @@ STAGE PLANS:
                   alias: s1
                   Select Operator
                     Select Operator
-                      expressions: 1 (type: int)
-                      outputColumnNames: _col0
                       Group By Operator
-                        aggregations: count(_col0)
+                        aggregations: count(1)
                         mode: hash
                         outputColumnNames: _col0
                         Reduce Output Operator
diff --git a/ql/src/test/results/clientpositive/tez/union3.q.out b/ql/src/test/results/clientpositive/tez/union3.q.out
index d4b5119f3c..3dad62162e 100644
--- a/ql/src/test/results/clientpositive/tez/union3.q.out
+++ b/ql/src/test/results/clientpositive/tez/union3.q.out
@@ -127,15 +127,11 @@ STAGE PLANS:
               Limit
                 Number of rows: 1
                 Statistics: Num rows: 1 Data size: 0 Basic stats: PARTIAL Column stats: COMPLETE
-                Select Operator
-                  expressions: 1 (type: int)
-                  outputColumnNames: _col0
+                Reduce Output Operator
+                  key expressions: 1 (type: int)
+                  sort order: +
+                  Map-reduce partition columns: 1 (type: int)
                   Statistics: Num rows: 1 Data size: 0 Basic stats: PARTIAL Column stats: COMPLETE
-                  Reduce Output Operator
-                    key expressions: _col0 (type: int)
-                    sort order: +
-                    Map-reduce partition columns: _col0 (type: int)
-                    Statistics: Num rows: 1 Data size: 0 Basic stats: PARTIAL Column stats: COMPLETE
         Reducer 3 
             Reduce Operator Tree:
               Select Operator
@@ -155,15 +151,11 @@ STAGE PLANS:
               Limit
                 Number of rows: 1
                 Statistics: Num rows: 1 Data size: 0 Basic stats: PARTIAL Column stats: COMPLETE
-                Select Operator
-                  expressions: 2 (type: int)
-                  outputColumnNames: _col0
+                Reduce Output Operator
+                  key expressions: 2 (type: int)
+                  sort order: +
+                  Map-reduce partition columns: 2 (type: int)
                   Statistics: Num rows: 1 Data size: 0 Basic stats: PARTIAL Column stats: COMPLETE
-                  Reduce Output Operator
-                    key expressions: _col0 (type: int)
-                    sort order: +
-                    Map-reduce partition columns: _col0 (type: int)
-                    Statistics: Num rows: 1 Data size: 0 Basic stats: PARTIAL Column stats: COMPLETE
         Reducer 7 
             Reduce Operator Tree:
               Select Operator
diff --git a/ql/src/test/results/clientpositive/tez/union4.q.out b/ql/src/test/results/clientpositive/tez/union4.q.out
index bc930e0d00..6874680946 100644
--- a/ql/src/test/results/clientpositive/tez/union4.q.out
+++ b/ql/src/test/results/clientpositive/tez/union4.q.out
@@ -44,11 +44,9 @@ STAGE PLANS:
                   alias: s1
                   Statistics: Num rows: 500 Data size: 5312 Basic stats: COMPLETE Column stats: COMPLETE
                   Select Operator
-                    expressions: 1 (type: int)
-                    outputColumnNames: _col0
                     Statistics: Num rows: 500 Data size: 5312 Basic stats: COMPLETE Column stats: COMPLETE
                     Group By Operator
-                      aggregations: count(_col0)
+                      aggregations: count(1)
                       mode: hash
                       outputColumnNames: _col0
                       Statistics: Num rows: 1 Data size: 8 Basic stats: COMPLETE Column stats: COMPLETE
@@ -62,11 +60,9 @@ STAGE PLANS:
                   alias: s1
                   Statistics: Num rows: 500 Data size: 5312 Basic stats: COMPLETE Column stats: COMPLETE
                   Select Operator
-                    expressions: 1 (type: int)
-                    outputColumnNames: _col0
                     Statistics: Num rows: 500 Data size: 5312 Basic stats: COMPLETE Column stats: COMPLETE
                     Group By Operator
-                      aggregations: count(_col0)
+                      aggregations: count(1)
                       mode: hash
                       outputColumnNames: _col0
                       Statistics: Num rows: 1 Data size: 8 Basic stats: COMPLETE Column stats: COMPLETE
diff --git a/ql/src/test/results/clientpositive/tez/union5.q.out b/ql/src/test/results/clientpositive/tez/union5.q.out
index 5663cfccfb..f388baaff9 100644
--- a/ql/src/test/results/clientpositive/tez/union5.q.out
+++ b/ql/src/test/results/clientpositive/tez/union5.q.out
@@ -33,11 +33,9 @@ STAGE PLANS:
                   alias: s1
                   Statistics: Num rows: 500 Data size: 5312 Basic stats: COMPLETE Column stats: COMPLETE
                   Select Operator
-                    expressions: 1 (type: int)
-                    outputColumnNames: _col0
                     Statistics: Num rows: 500 Data size: 5312 Basic stats: COMPLETE Column stats: COMPLETE
                     Group By Operator
-                      aggregations: count(_col0)
+                      aggregations: count(1)
                       mode: hash
                       outputColumnNames: _col0
                       Statistics: Num rows: 1 Data size: 8 Basic stats: COMPLETE Column stats: COMPLETE
@@ -51,11 +49,9 @@ STAGE PLANS:
                   alias: s1
                   Statistics: Num rows: 500 Data size: 5312 Basic stats: COMPLETE Column stats: COMPLETE
                   Select Operator
-                    expressions: 1 (type: int)
-                    outputColumnNames: _col0
                     Statistics: Num rows: 500 Data size: 5312 Basic stats: COMPLETE Column stats: COMPLETE
                     Group By Operator
-                      aggregations: count(_col0)
+                      aggregations: count(1)
                       mode: hash
                       outputColumnNames: _col0
                       Statistics: Num rows: 1 Data size: 8 Basic stats: COMPLETE Column stats: COMPLETE
@@ -70,21 +66,18 @@ STAGE PLANS:
                 mode: mergepartial
                 outputColumnNames: _col0
                 Select Operator
-                  expressions: 'tst2' (type: string)
+                  expressions: 'tst1' (type: string)
                   outputColumnNames: _col0
-                  Select Operator
-                    expressions: _col0 (type: string), 1 (type: int)
+                  Group By Operator
+                    aggregations: count(1)
+                    keys: _col0 (type: string)
+                    mode: hash
                     outputColumnNames: _col0, _col1
-                    Group By Operator
-                      aggregations: count(_col1)
-                      keys: _col0 (type: string)
-                      mode: hash
-                      outputColumnNames: _col0, _col1
-                      Reduce Output Operator
-                        key expressions: _col0 (type: string)
-                        sort order: +
-                        Map-reduce partition columns: _col0 (type: string)
-                        value expressions: _col1 (type: bigint)
+                    Reduce Output Operator
+                      key expressions: _col0 (type: string)
+                      sort order: +
+                      Map-reduce partition columns: _col0 (type: string)
+                      value expressions: _col1 (type: bigint)
         Reducer 4 
             Reduce Operator Tree:
               Group By Operator
@@ -111,21 +104,18 @@ STAGE PLANS:
                 mode: mergepartial
                 outputColumnNames: _col0
                 Select Operator
-                  expressions: 'tst1' (type: string)
+                  expressions: 'tst2' (type: string)
                   outputColumnNames: _col0
-                  Select Operator
-                    expressions: _col0 (type: string), 1 (type: int)
+                  Group By Operator
+                    aggregations: count(1)
+                    keys: _col0 (type: string)
+                    mode: hash
                     outputColumnNames: _col0, _col1
-                    Group By Operator
-                      aggregations: count(_col1)
-                      keys: _col0 (type: string)
-                      mode: hash
-                      outputColumnNames: _col0, _col1
-                      Reduce Output Operator
-                        key expressions: _col0 (type: string)
-                        sort order: +
-                        Map-reduce partition columns: _col0 (type: string)
-                        value expressions: _col1 (type: bigint)
+                    Reduce Output Operator
+                      key expressions: _col0 (type: string)
+                      sort order: +
+                      Map-reduce partition columns: _col0 (type: string)
+                      value expressions: _col1 (type: bigint)
         Union 3 
             Vertex: Union 3
 
diff --git a/ql/src/test/results/clientpositive/tez/union6.q.out b/ql/src/test/results/clientpositive/tez/union6.q.out
index 67c90adacd..ece48ceb6a 100644
--- a/ql/src/test/results/clientpositive/tez/union6.q.out
+++ b/ql/src/test/results/clientpositive/tez/union6.q.out
@@ -44,11 +44,9 @@ STAGE PLANS:
                   alias: s1
                   Statistics: Num rows: 500 Data size: 5312 Basic stats: COMPLETE Column stats: COMPLETE
                   Select Operator
-                    expressions: 1 (type: int)
-                    outputColumnNames: _col0
                     Statistics: Num rows: 500 Data size: 5312 Basic stats: COMPLETE Column stats: COMPLETE
                     Group By Operator
-                      aggregations: count(_col0)
+                      aggregations: count(1)
                       mode: hash
                       outputColumnNames: _col0
                       Statistics: Num rows: 1 Data size: 8 Basic stats: COMPLETE Column stats: COMPLETE
diff --git a/ql/src/test/results/clientpositive/tez/union7.q.out b/ql/src/test/results/clientpositive/tez/union7.q.out
index 7c3e778cfa..6131ec1407 100644
--- a/ql/src/test/results/clientpositive/tez/union7.q.out
+++ b/ql/src/test/results/clientpositive/tez/union7.q.out
@@ -33,11 +33,9 @@ STAGE PLANS:
                   alias: s1
                   Statistics: Num rows: 500 Data size: 5312 Basic stats: COMPLETE Column stats: COMPLETE
                   Select Operator
-                    expressions: 1 (type: int)
-                    outputColumnNames: _col0
                     Statistics: Num rows: 500 Data size: 5312 Basic stats: COMPLETE Column stats: COMPLETE
                     Group By Operator
-                      aggregations: count(_col0)
+                      aggregations: count(1)
                       mode: hash
                       outputColumnNames: _col0
                       Statistics: Num rows: 1 Data size: 8 Basic stats: COMPLETE Column stats: COMPLETE
@@ -52,19 +50,16 @@ STAGE PLANS:
                   Select Operator
                     expressions: key (type: string)
                     outputColumnNames: _col0
-                    Select Operator
-                      expressions: _col0 (type: string), 1 (type: int)
+                    Group By Operator
+                      aggregations: count(1)
+                      keys: _col0 (type: string)
+                      mode: hash
                       outputColumnNames: _col0, _col1
-                      Group By Operator
-                        aggregations: count(_col1)
-                        keys: _col0 (type: string)
-                        mode: hash
-                        outputColumnNames: _col0, _col1
-                        Reduce Output Operator
-                          key expressions: _col0 (type: string)
-                          sort order: +
-                          Map-reduce partition columns: _col0 (type: string)
-                          value expressions: _col1 (type: bigint)
+                      Reduce Output Operator
+                        key expressions: _col0 (type: string)
+                        sort order: +
+                        Map-reduce partition columns: _col0 (type: string)
+                        value expressions: _col1 (type: bigint)
         Reducer 2 
             Reduce Operator Tree:
               Group By Operator
@@ -74,19 +69,16 @@ STAGE PLANS:
                 Select Operator
                   expressions: 'tst1' (type: string)
                   outputColumnNames: _col0
-                  Select Operator
-                    expressions: _col0 (type: string), 1 (type: int)
+                  Group By Operator
+                    aggregations: count(1)
+                    keys: _col0 (type: string)
+                    mode: hash
                     outputColumnNames: _col0, _col1
-                    Group By Operator
-                      aggregations: count(_col1)
-                      keys: _col0 (type: string)
-                      mode: hash
-                      outputColumnNames: _col0, _col1
-                      Reduce Output Operator
-                        key expressions: _col0 (type: string)
-                        sort order: +
-                        Map-reduce partition columns: _col0 (type: string)
-                        value expressions: _col1 (type: bigint)
+                    Reduce Output Operator
+                      key expressions: _col0 (type: string)
+                      sort order: +
+                      Map-reduce partition columns: _col0 (type: string)
+                      value expressions: _col1 (type: bigint)
         Reducer 4 
             Reduce Operator Tree:
               Group By Operator
diff --git a/ql/src/test/results/clientpositive/tez/union9.q.out b/ql/src/test/results/clientpositive/tez/union9.q.out
index daac1caf80..ff4edd75bc 100644
--- a/ql/src/test/results/clientpositive/tez/union9.q.out
+++ b/ql/src/test/results/clientpositive/tez/union9.q.out
@@ -34,10 +34,8 @@ STAGE PLANS:
                   alias: s1
                   Select Operator
                     Select Operator
-                      expressions: 1 (type: int)
-                      outputColumnNames: _col0
                       Group By Operator
-                        aggregations: count(_col0)
+                        aggregations: count(1)
                         mode: hash
                         outputColumnNames: _col0
                         Reduce Output Operator
@@ -49,10 +47,8 @@ STAGE PLANS:
                   alias: s1
                   Select Operator
                     Select Operator
-                      expressions: 1 (type: int)
-                      outputColumnNames: _col0
                       Group By Operator
-                        aggregations: count(_col0)
+                        aggregations: count(1)
                         mode: hash
                         outputColumnNames: _col0
                         Reduce Output Operator
@@ -64,10 +60,8 @@ STAGE PLANS:
                   alias: s1
                   Select Operator
                     Select Operator
-                      expressions: 1 (type: int)
-                      outputColumnNames: _col0
                       Group By Operator
-                        aggregations: count(_col0)
+                        aggregations: count(1)
                         mode: hash
                         outputColumnNames: _col0
                         Reduce Output Operator
diff --git a/ql/src/test/results/clientpositive/tez/vector_cast_constant.q.out b/ql/src/test/results/clientpositive/tez/vector_cast_constant.q.out
index d668deeeae..62cbce16b1 100644
--- a/ql/src/test/results/clientpositive/tez/vector_cast_constant.q.out
+++ b/ql/src/test/results/clientpositive/tez/vector_cast_constant.q.out
@@ -128,11 +128,11 @@ STAGE PLANS:
                   alias: over1korc
                   Statistics: Num rows: 1049 Data size: 311170 Basic stats: COMPLETE Column stats: NONE
                   Select Operator
-                    expressions: i (type: int), 50 (type: int), 50.0 (type: double), CAST( 50 AS decimal(10,0)) (type: decimal(10,0))
-                    outputColumnNames: _col0, _col1, _col2, _col3
+                    expressions: i (type: int)
+                    outputColumnNames: _col0
                     Statistics: Num rows: 1049 Data size: 311170 Basic stats: COMPLETE Column stats: NONE
                     Group By Operator
-                      aggregations: avg(_col1), avg(_col2), avg(_col3)
+                      aggregations: avg(50), avg(50.0), avg(50)
                       keys: _col0 (type: int)
                       mode: hash
                       outputColumnNames: _col0, _col1, _col2, _col3
@@ -142,7 +142,7 @@ STAGE PLANS:
                         sort order: +
                         Map-reduce partition columns: _col0 (type: int)
                         Statistics: Num rows: 1049 Data size: 311170 Basic stats: COMPLETE Column stats: NONE
-                        value expressions: _col1 (type: struct<count:bigint,sum:double,input:int>), _col2 (type: struct<count:bigint,sum:double,input:double>), _col3 (type: struct<count:bigint,sum:decimal(20,0),input:decimal(10,0)>)
+                        value expressions: _col1 (type: struct<count:bigint,sum:double,input:int>), _col2 (type: struct<count:bigint,sum:double,input:double>), _col3 (type: struct<count:bigint,sum:decimal(12,0),input:decimal(10,0)>)
             Execution mode: vectorized
         Reducer 2 
             Reduce Operator Tree:
diff --git a/ql/src/test/results/clientpositive/tez/vector_decimal_2.q.out b/ql/src/test/results/clientpositive/tez/vector_decimal_2.q.out
index ba84822731..e67ab7b007 100644
--- a/ql/src/test/results/clientpositive/tez/vector_decimal_2.q.out
+++ b/ql/src/test/results/clientpositive/tez/vector_decimal_2.q.out
@@ -1031,18 +1031,18 @@ STAGE PLANS:
                   alias: decimal_2
                   Statistics: Num rows: 1 Data size: 112 Basic stats: COMPLETE Column stats: COMPLETE
                   Select Operator
-                    expressions: CAST( 3.14 AS decimal(4,2)) (type: decimal(4,2))
+                    expressions: 3.14 (type: decimal(4,2))
                     outputColumnNames: _col0
                     Statistics: Num rows: 1 Data size: 112 Basic stats: COMPLETE Column stats: COMPLETE
                     Reduce Output Operator
-                      key expressions: _col0 (type: decimal(4,2))
+                      key expressions: 3.14 (type: decimal(3,2))
                       sort order: +
                       Statistics: Num rows: 1 Data size: 112 Basic stats: COMPLETE Column stats: COMPLETE
-            Execution mode: vectorized
+                      value expressions: _col0 (type: decimal(4,2))
         Reducer 2 
             Reduce Operator Tree:
               Select Operator
-                expressions: KEY.reducesinkkey0 (type: decimal(4,2))
+                expressions: VALUE._col0 (type: decimal(4,2))
                 outputColumnNames: _col0
                 Statistics: Num rows: 1 Data size: 112 Basic stats: COMPLETE Column stats: COMPLETE
                 File Output Operator
@@ -1092,18 +1092,18 @@ STAGE PLANS:
                   alias: decimal_2
                   Statistics: Num rows: 1 Data size: 112 Basic stats: COMPLETE Column stats: COMPLETE
                   Select Operator
-                    expressions: CAST( 3.14 AS decimal(4,2)) (type: decimal(4,2))
+                    expressions: 3.14 (type: decimal(4,2))
                     outputColumnNames: _col0
                     Statistics: Num rows: 1 Data size: 112 Basic stats: COMPLETE Column stats: COMPLETE
                     Reduce Output Operator
-                      key expressions: _col0 (type: decimal(4,2))
+                      key expressions: 3.14 (type: decimal(3,2))
                       sort order: +
                       Statistics: Num rows: 1 Data size: 112 Basic stats: COMPLETE Column stats: COMPLETE
-            Execution mode: vectorized
+                      value expressions: _col0 (type: decimal(4,2))
         Reducer 2 
             Reduce Operator Tree:
               Select Operator
-                expressions: KEY.reducesinkkey0 (type: decimal(4,2))
+                expressions: VALUE._col0 (type: decimal(4,2))
                 outputColumnNames: _col0
                 Statistics: Num rows: 1 Data size: 112 Basic stats: COMPLETE Column stats: COMPLETE
                 File Output Operator
@@ -1153,17 +1153,18 @@ STAGE PLANS:
                   alias: decimal_2
                   Statistics: Num rows: 1 Data size: 112 Basic stats: COMPLETE Column stats: COMPLETE
                   Select Operator
-                    expressions: CAST( 2012-12-19 11:12:19.1234567 AS decimal(30,8)) (type: decimal(30,8))
+                    expressions: 1355944339.1234567 (type: decimal(30,8))
                     outputColumnNames: _col0
                     Statistics: Num rows: 1 Data size: 112 Basic stats: COMPLETE Column stats: COMPLETE
                     Reduce Output Operator
-                      key expressions: _col0 (type: decimal(30,8))
+                      key expressions: 1355944339.1234567 (type: decimal(17,7))
                       sort order: +
                       Statistics: Num rows: 1 Data size: 112 Basic stats: COMPLETE Column stats: COMPLETE
+                      value expressions: _col0 (type: decimal(30,8))
         Reducer 2 
             Reduce Operator Tree:
               Select Operator
-                expressions: KEY.reducesinkkey0 (type: decimal(30,8))
+                expressions: VALUE._col0 (type: decimal(30,8))
                 outputColumnNames: _col0
                 Statistics: Num rows: 1 Data size: 112 Basic stats: COMPLETE Column stats: COMPLETE
                 File Output Operator
@@ -1213,17 +1214,19 @@ STAGE PLANS:
                   alias: decimal_2
                   Statistics: Num rows: 1 Data size: 112 Basic stats: COMPLETE Column stats: COMPLETE
                   Select Operator
-                    expressions: CAST( true AS decimal(10,0)) (type: decimal(10,0))
+                    expressions: 1 (type: decimal(10,0))
                     outputColumnNames: _col0
                     Statistics: Num rows: 1 Data size: 112 Basic stats: COMPLETE Column stats: COMPLETE
                     Reduce Output Operator
-                      key expressions: _col0 (type: decimal(10,0))
+                      key expressions: 1 (type: int)
                       sort order: +
                       Statistics: Num rows: 1 Data size: 112 Basic stats: COMPLETE Column stats: COMPLETE
+                      value expressions: _col0 (type: decimal(10,0))
+            Execution mode: vectorized
         Reducer 2 
             Reduce Operator Tree:
               Select Operator
-                expressions: KEY.reducesinkkey0 (type: decimal(10,0))
+                expressions: VALUE._col0 (type: decimal(10,0))
                 outputColumnNames: _col0
                 Statistics: Num rows: 1 Data size: 112 Basic stats: COMPLETE Column stats: COMPLETE
                 File Output Operator
@@ -1264,17 +1267,19 @@ STAGE PLANS:
                   alias: decimal_2
                   Statistics: Num rows: 1 Data size: 112 Basic stats: COMPLETE Column stats: COMPLETE
                   Select Operator
-                    expressions: CAST( true AS decimal(10,0)) (type: decimal(10,0))
+                    expressions: 1 (type: decimal(10,0))
                     outputColumnNames: _col0
                     Statistics: Num rows: 1 Data size: 112 Basic stats: COMPLETE Column stats: COMPLETE
                     Reduce Output Operator
-                      key expressions: _col0 (type: decimal(10,0))
+                      key expressions: 1 (type: int)
                       sort order: +
                       Statistics: Num rows: 1 Data size: 112 Basic stats: COMPLETE Column stats: COMPLETE
+                      value expressions: _col0 (type: decimal(10,0))
+            Execution mode: vectorized
         Reducer 2 
             Reduce Operator Tree:
               Select Operator
-                expressions: KEY.reducesinkkey0 (type: decimal(10,0))
+                expressions: VALUE._col0 (type: decimal(10,0))
                 outputColumnNames: _col0
                 Statistics: Num rows: 1 Data size: 112 Basic stats: COMPLETE Column stats: COMPLETE
                 File Output Operator
@@ -1324,18 +1329,19 @@ STAGE PLANS:
                   alias: decimal_2
                   Statistics: Num rows: 1 Data size: 112 Basic stats: COMPLETE Column stats: COMPLETE
                   Select Operator
-                    expressions: CAST( 3 AS decimal(10,0)) (type: decimal(10,0))
+                    expressions: 3 (type: decimal(10,0))
                     outputColumnNames: _col0
                     Statistics: Num rows: 1 Data size: 112 Basic stats: COMPLETE Column stats: COMPLETE
                     Reduce Output Operator
-                      key expressions: _col0 (type: decimal(10,0))
+                      key expressions: 3 (type: int)
                       sort order: +
                       Statistics: Num rows: 1 Data size: 112 Basic stats: COMPLETE Column stats: COMPLETE
+                      value expressions: _col0 (type: decimal(10,0))
             Execution mode: vectorized
         Reducer 2 
             Reduce Operator Tree:
               Select Operator
-                expressions: KEY.reducesinkkey0 (type: decimal(10,0))
+                expressions: VALUE._col0 (type: decimal(10,0))
                 outputColumnNames: _col0
                 Statistics: Num rows: 1 Data size: 112 Basic stats: COMPLETE Column stats: COMPLETE
                 File Output Operator
@@ -1385,18 +1391,19 @@ STAGE PLANS:
                   alias: decimal_2
                   Statistics: Num rows: 1 Data size: 112 Basic stats: COMPLETE Column stats: COMPLETE
                   Select Operator
-                    expressions: CAST( 3 AS decimal(10,0)) (type: decimal(10,0))
+                    expressions: 3 (type: decimal(10,0))
                     outputColumnNames: _col0
                     Statistics: Num rows: 1 Data size: 112 Basic stats: COMPLETE Column stats: COMPLETE
                     Reduce Output Operator
-                      key expressions: _col0 (type: decimal(10,0))
+                      key expressions: 3 (type: int)
                       sort order: +
                       Statistics: Num rows: 1 Data size: 112 Basic stats: COMPLETE Column stats: COMPLETE
+                      value expressions: _col0 (type: decimal(10,0))
             Execution mode: vectorized
         Reducer 2 
             Reduce Operator Tree:
               Select Operator
-                expressions: KEY.reducesinkkey0 (type: decimal(10,0))
+                expressions: VALUE._col0 (type: decimal(10,0))
                 outputColumnNames: _col0
                 Statistics: Num rows: 1 Data size: 112 Basic stats: COMPLETE Column stats: COMPLETE
                 File Output Operator
@@ -1446,18 +1453,19 @@ STAGE PLANS:
                   alias: decimal_2
                   Statistics: Num rows: 1 Data size: 112 Basic stats: COMPLETE Column stats: COMPLETE
                   Select Operator
-                    expressions: CAST( 3 AS decimal(10,0)) (type: decimal(10,0))
+                    expressions: 3 (type: decimal(10,0))
                     outputColumnNames: _col0
                     Statistics: Num rows: 1 Data size: 112 Basic stats: COMPLETE Column stats: COMPLETE
                     Reduce Output Operator
-                      key expressions: _col0 (type: decimal(10,0))
+                      key expressions: 3 (type: int)
                       sort order: +
                       Statistics: Num rows: 1 Data size: 112 Basic stats: COMPLETE Column stats: COMPLETE
+                      value expressions: _col0 (type: decimal(10,0))
             Execution mode: vectorized
         Reducer 2 
             Reduce Operator Tree:
               Select Operator
-                expressions: KEY.reducesinkkey0 (type: decimal(10,0))
+                expressions: VALUE._col0 (type: decimal(10,0))
                 outputColumnNames: _col0
                 Statistics: Num rows: 1 Data size: 112 Basic stats: COMPLETE Column stats: COMPLETE
                 File Output Operator
@@ -1507,18 +1515,19 @@ STAGE PLANS:
                   alias: decimal_2
                   Statistics: Num rows: 1 Data size: 112 Basic stats: COMPLETE Column stats: COMPLETE
                   Select Operator
-                    expressions: CAST( 3 AS decimal(10,0)) (type: decimal(10,0))
+                    expressions: 3 (type: decimal(10,0))
                     outputColumnNames: _col0
                     Statistics: Num rows: 1 Data size: 112 Basic stats: COMPLETE Column stats: COMPLETE
                     Reduce Output Operator
-                      key expressions: _col0 (type: decimal(10,0))
+                      key expressions: 3 (type: int)
                       sort order: +
                       Statistics: Num rows: 1 Data size: 112 Basic stats: COMPLETE Column stats: COMPLETE
+                      value expressions: _col0 (type: decimal(10,0))
             Execution mode: vectorized
         Reducer 2 
             Reduce Operator Tree:
               Select Operator
-                expressions: KEY.reducesinkkey0 (type: decimal(10,0))
+                expressions: VALUE._col0 (type: decimal(10,0))
                 outputColumnNames: _col0
                 Statistics: Num rows: 1 Data size: 112 Basic stats: COMPLETE Column stats: COMPLETE
                 File Output Operator
@@ -1568,18 +1577,19 @@ STAGE PLANS:
                   alias: decimal_2
                   Statistics: Num rows: 1 Data size: 112 Basic stats: COMPLETE Column stats: COMPLETE
                   Select Operator
-                    expressions: CAST( 1.0 AS decimal(20,19)) (type: decimal(20,19))
+                    expressions: 1 (type: decimal(20,19))
                     outputColumnNames: _col0
                     Statistics: Num rows: 1 Data size: 112 Basic stats: COMPLETE Column stats: COMPLETE
                     Reduce Output Operator
-                      key expressions: _col0 (type: decimal(20,19))
+                      key expressions: 1 (type: int)
                       sort order: +
                       Statistics: Num rows: 1 Data size: 112 Basic stats: COMPLETE Column stats: COMPLETE
+                      value expressions: _col0 (type: decimal(20,19))
             Execution mode: vectorized
         Reducer 2 
             Reduce Operator Tree:
               Select Operator
-                expressions: KEY.reducesinkkey0 (type: decimal(20,19))
+                expressions: VALUE._col0 (type: decimal(20,19))
                 outputColumnNames: _col0
                 Statistics: Num rows: 1 Data size: 112 Basic stats: COMPLETE Column stats: COMPLETE
                 File Output Operator
@@ -1629,17 +1639,18 @@ STAGE PLANS:
                   alias: decimal_2
                   Statistics: Num rows: 1 Data size: 112 Basic stats: COMPLETE Column stats: COMPLETE
                   Select Operator
-                    expressions: CAST( '0.99999999999999999999' AS decimal(20,20)) (type: decimal(20,20))
+                    expressions: 0.99999999999999999999 (type: decimal(20,20))
                     outputColumnNames: _col0
                     Statistics: Num rows: 1 Data size: 112 Basic stats: COMPLETE Column stats: COMPLETE
                     Reduce Output Operator
-                      key expressions: _col0 (type: decimal(20,20))
+                      key expressions: 0.99999999999999999999 (type: decimal(20,20))
                       sort order: +
                       Statistics: Num rows: 1 Data size: 112 Basic stats: COMPLETE Column stats: COMPLETE
+                      value expressions: _col0 (type: decimal(20,20))
         Reducer 2 
             Reduce Operator Tree:
               Select Operator
-                expressions: KEY.reducesinkkey0 (type: decimal(20,20))
+                expressions: VALUE._col0 (type: decimal(20,20))
                 outputColumnNames: _col0
                 Statistics: Num rows: 1 Data size: 112 Basic stats: COMPLETE Column stats: COMPLETE
                 File Output Operator
diff --git a/ql/src/test/results/clientpositive/tez/vector_decimal_udf.q.out b/ql/src/test/results/clientpositive/tez/vector_decimal_udf.q.out
index d2a7124c87..e1d3ac3bb9 100644
--- a/ql/src/test/results/clientpositive/tez/vector_decimal_udf.q.out
+++ b/ql/src/test/results/clientpositive/tez/vector_decimal_udf.q.out
@@ -2497,11 +2497,11 @@ STAGE PLANS:
                   alias: decimal_udf
                   Statistics: Num rows: 38 Data size: 4296 Basic stats: COMPLETE Column stats: NONE
                   Select Operator
-                    expressions: key (type: decimal(20,10)), 3 (type: int)
-                    outputColumnNames: _col0, _col1
+                    expressions: key (type: decimal(20,10))
+                    outputColumnNames: _col0
                     Statistics: Num rows: 38 Data size: 4296 Basic stats: COMPLETE Column stats: NONE
                     Group By Operator
-                      aggregations: histogram_numeric(_col0, _col1)
+                      aggregations: histogram_numeric(_col0, 3)
                       mode: hash
                       outputColumnNames: _col0
                       Statistics: Num rows: 1 Data size: 0 Basic stats: PARTIAL Column stats: NONE
diff --git a/ql/src/test/results/clientpositive/type_widening.q.out b/ql/src/test/results/clientpositive/type_widening.q.out
index 4c4a10f3dd..e54ee13053 100644
--- a/ql/src/test/results/clientpositive/type_widening.q.out
+++ b/ql/src/test/results/clientpositive/type_widening.q.out
@@ -49,7 +49,7 @@ STAGE PLANS:
             alias: src
             Statistics: Num rows: 500 Data size: 5312 Basic stats: COMPLETE Column stats: COMPLETE
             Select Operator
-              expressions: UDFToLong(0) (type: bigint)
+              expressions: 0 (type: bigint)
               outputColumnNames: _col0
               Statistics: Num rows: 500 Data size: 4000 Basic stats: COMPLETE Column stats: COMPLETE
               Union
diff --git a/ql/src/test/results/clientpositive/udaf_number_format.q.out b/ql/src/test/results/clientpositive/udaf_number_format.q.out
index b2b0bf8f02..e73f8e7e86 100644
--- a/ql/src/test/results/clientpositive/udaf_number_format.q.out
+++ b/ql/src/test/results/clientpositive/udaf_number_format.q.out
@@ -24,11 +24,9 @@ STAGE PLANS:
             alias: src
             Statistics: Num rows: 500 Data size: 5312 Basic stats: COMPLETE Column stats: COMPLETE
             Select Operator
-              expressions: 'a' (type: string)
-              outputColumnNames: _col0
               Statistics: Num rows: 500 Data size: 5312 Basic stats: COMPLETE Column stats: COMPLETE
               Group By Operator
-                aggregations: sum(_col0), avg(_col0), variance(_col0), std(_col0)
+                aggregations: sum('a'), avg('a'), variance('a'), std('a')
                 mode: hash
                 outputColumnNames: _col0, _col1, _col2, _col3
                 Statistics: Num rows: 1 Data size: 8 Basic stats: COMPLETE Column stats: COMPLETE
diff --git a/ql/src/test/results/clientpositive/udaf_percentile_approx_23.q.out b/ql/src/test/results/clientpositive/udaf_percentile_approx_23.q.out
index 32ae74ba1d..029ccbe929 100644
--- a/ql/src/test/results/clientpositive/udaf_percentile_approx_23.q.out
+++ b/ql/src/test/results/clientpositive/udaf_percentile_approx_23.q.out
@@ -569,3 +569,68 @@ POSTHOOK: type: QUERY
 POSTHOOK: Input: default@bucket
 #### A masked pattern was here ####
 341.5
+PREHOOK: query: -- with CBO
+explain 
+select percentile_approx(key, 0.5) from bucket
+PREHOOK: type: QUERY
+POSTHOOK: query: -- with CBO
+explain 
+select percentile_approx(key, 0.5) from bucket
+POSTHOOK: type: QUERY
+STAGE DEPENDENCIES:
+  Stage-1 is a root stage
+  Stage-0 depends on stages: Stage-1
+
+STAGE PLANS:
+  Stage: Stage-1
+    Map Reduce
+      Map Operator Tree:
+          TableScan
+            alias: bucket
+            Statistics: Num rows: 726 Data size: 5812 Basic stats: COMPLETE Column stats: NONE
+            Select Operator
+              expressions: key (type: double)
+              outputColumnNames: key
+              Statistics: Num rows: 726 Data size: 5812 Basic stats: COMPLETE Column stats: NONE
+              Group By Operator
+                aggregations: percentile_approx(key, 0.5)
+                mode: hash
+                outputColumnNames: _col0
+                Statistics: Num rows: 1 Data size: 0 Basic stats: PARTIAL Column stats: NONE
+                Reduce Output Operator
+                  sort order: 
+                  Statistics: Num rows: 1 Data size: 0 Basic stats: PARTIAL Column stats: NONE
+                  value expressions: _col0 (type: array<double>)
+      Reduce Operator Tree:
+        Group By Operator
+          aggregations: percentile_approx(VALUE._col0)
+          mode: mergepartial
+          outputColumnNames: _col0
+          Statistics: Num rows: 1 Data size: 8 Basic stats: COMPLETE Column stats: NONE
+          Select Operator
+            expressions: _col0 (type: double)
+            outputColumnNames: _col0
+            Statistics: Num rows: 1 Data size: 8 Basic stats: COMPLETE Column stats: NONE
+            File Output Operator
+              compressed: false
+              Statistics: Num rows: 1 Data size: 8 Basic stats: COMPLETE Column stats: NONE
+              table:
+                  input format: org.apache.hadoop.mapred.TextInputFormat
+                  output format: org.apache.hadoop.hive.ql.io.HiveIgnoreKeyTextOutputFormat
+                  serde: org.apache.hadoop.hive.serde2.lazy.LazySimpleSerDe
+
+  Stage: Stage-0
+    Fetch Operator
+      limit: -1
+      Processor Tree:
+        ListSink
+
+PREHOOK: query: select percentile_approx(key, 0.5) from bucket
+PREHOOK: type: QUERY
+PREHOOK: Input: default@bucket
+#### A masked pattern was here ####
+POSTHOOK: query: select percentile_approx(key, 0.5) from bucket
+POSTHOOK: type: QUERY
+POSTHOOK: Input: default@bucket
+#### A masked pattern was here ####
+255.5
diff --git a/ql/src/test/results/clientpositive/udf3.q.out b/ql/src/test/results/clientpositive/udf3.q.out
index c63c3de268..8b2ad31358 100644
--- a/ql/src/test/results/clientpositive/udf3.q.out
+++ b/ql/src/test/results/clientpositive/udf3.q.out
@@ -27,11 +27,9 @@ STAGE PLANS:
             alias: src
             Statistics: Num rows: 500 Data size: 5312 Basic stats: COMPLETE Column stats: COMPLETE
             Select Operator
-              expressions: null (type: void)
-              outputColumnNames: _col0
               Statistics: Num rows: 500 Data size: 5312 Basic stats: COMPLETE Column stats: COMPLETE
               Group By Operator
-                aggregations: count(_col0), sum(_col0), avg(_col0), min(_col0), max(_col0)
+                aggregations: count(null), sum(null), avg(null), min(null), max(null)
                 mode: hash
                 outputColumnNames: _col0, _col1, _col2, _col3, _col4
                 Statistics: Num rows: 1 Data size: 24 Basic stats: COMPLETE Column stats: COMPLETE
diff --git a/ql/src/test/results/clientpositive/udf_count.q.out b/ql/src/test/results/clientpositive/udf_count.q.out
index b7dcc17cbf..82b2d6b245 100644
--- a/ql/src/test/results/clientpositive/udf_count.q.out
+++ b/ql/src/test/results/clientpositive/udf_count.q.out
@@ -272,11 +272,9 @@ STAGE PLANS:
             alias: src
             Statistics: Num rows: 500 Data size: 5312 Basic stats: COMPLETE Column stats: COMPLETE
             Select Operator
-              expressions: 1 (type: int)
-              outputColumnNames: _col0
               Statistics: Num rows: 500 Data size: 5312 Basic stats: COMPLETE Column stats: COMPLETE
               Group By Operator
-                aggregations: count(_col0)
+                aggregations: count(1)
                 mode: hash
                 outputColumnNames: _col0
                 Statistics: Num rows: 1 Data size: 8 Basic stats: COMPLETE Column stats: COMPLETE
diff --git a/ql/src/test/results/clientpositive/udf_reflect2.q.out b/ql/src/test/results/clientpositive/udf_reflect2.q.out
index f445acb359..b9266df9b6 100644
--- a/ql/src/test/results/clientpositive/udf_reflect2.q.out
+++ b/ql/src/test/results/clientpositive/udf_reflect2.q.out
@@ -320,11 +320,11 @@ STAGE PLANS:
           Statistics: Num rows: 500 Data size: 5312 Basic stats: COMPLETE Column stats: NONE
           GatherStats: false
           Select Operator
-            expressions: UDFToInteger(key) (type: int), value (type: string), 2013-02-15 19:41:20.0 (type: timestamp)
-            outputColumnNames: _col0, _col1, _col2
+            expressions: UDFToInteger(key) (type: int), value (type: string)
+            outputColumnNames: _col0, _col1
             Statistics: Num rows: 500 Data size: 5312 Basic stats: COMPLETE Column stats: NONE
             Select Operator
-              expressions: _col0 (type: int), reflect2(_col0,'byteValue') (type: tinyint), reflect2(_col0,'shortValue') (type: smallint), reflect2(_col0,'intValue') (type: int), reflect2(_col0,'longValue') (type: bigint), reflect2(_col0,'floatValue') (type: float), reflect2(_col0,'doubleValue') (type: double), reflect2(_col0,'toString') (type: string), _col1 (type: string), reflect2(_col1,'concat','_concat') (type: string), reflect2(_col1,'contains','86') (type: boolean), reflect2(_col1,'startsWith','v') (type: boolean), reflect2(_col1,'endsWith','6') (type: boolean), reflect2(_col1,'equals','val_86') (type: boolean), reflect2(_col1,'equalsIgnoreCase','VAL_86') (type: boolean), reflect2(_col1,'getBytes') (type: binary), reflect2(_col1,'indexOf','1') (type: int), reflect2(_col1,'lastIndexOf','1') (type: int), reflect2(_col1,'replace','val','VALUE') (type: string), reflect2(_col1,'substring',1) (type: string), reflect2(_col1,'substring',1,5) (type: string), reflect2(_col1,'toUpperCase') (type: string), reflect2(_col1,'trim') (type: string), _col2 (type: timestamp), reflect2(_col2,'getYear') (type: int), reflect2(_col2,'getMonth') (type: int), reflect2(_col2,'getDay') (type: int), reflect2(_col2,'getHours') (type: int), reflect2(_col2,'getMinutes') (type: int), reflect2(_col2,'getSeconds') (type: int), reflect2(_col2,'getTime') (type: bigint)
+              expressions: _col0 (type: int), reflect2(_col0,'byteValue') (type: tinyint), reflect2(_col0,'shortValue') (type: smallint), reflect2(_col0,'intValue') (type: int), reflect2(_col0,'longValue') (type: bigint), reflect2(_col0,'floatValue') (type: float), reflect2(_col0,'doubleValue') (type: double), reflect2(_col0,'toString') (type: string), _col1 (type: string), reflect2(_col1,'concat','_concat') (type: string), reflect2(_col1,'contains','86') (type: boolean), reflect2(_col1,'startsWith','v') (type: boolean), reflect2(_col1,'endsWith','6') (type: boolean), reflect2(_col1,'equals','val_86') (type: boolean), reflect2(_col1,'equalsIgnoreCase','VAL_86') (type: boolean), reflect2(_col1,'getBytes') (type: binary), reflect2(_col1,'indexOf','1') (type: int), reflect2(_col1,'lastIndexOf','1') (type: int), reflect2(_col1,'replace','val','VALUE') (type: string), reflect2(_col1,'substring',1) (type: string), reflect2(_col1,'substring',1,5) (type: string), reflect2(_col1,'toUpperCase') (type: string), reflect2(_col1,'trim') (type: string), 2013-02-15 19:41:20.0 (type: timestamp), 113 (type: int), 1 (type: int), 5 (type: int), 19 (type: int), 41 (type: int), 20 (type: int), 1360986080000 (type: bigint)
               outputColumnNames: _col0, _col1, _col2, _col3, _col4, _col5, _col6, _col7, _col8, _col9, _col10, _col11, _col12, _col13, _col14, _col15, _col16, _col17, _col18, _col19, _col20, _col21, _col22, _col23, _col24, _col25, _col26, _col27, _col28, _col29, _col30
               Statistics: Num rows: 500 Data size: 5312 Basic stats: COMPLETE Column stats: NONE
               Limit
diff --git a/ql/src/test/results/clientpositive/union10.q.out b/ql/src/test/results/clientpositive/union10.q.out
index 84548293f9..b44777f100 100644
--- a/ql/src/test/results/clientpositive/union10.q.out
+++ b/ql/src/test/results/clientpositive/union10.q.out
@@ -47,11 +47,9 @@ STAGE PLANS:
             alias: s1
             Statistics: Num rows: 500 Data size: 5312 Basic stats: COMPLETE Column stats: COMPLETE
             Select Operator
-              expressions: 1 (type: int)
-              outputColumnNames: _col0
               Statistics: Num rows: 500 Data size: 5312 Basic stats: COMPLETE Column stats: COMPLETE
               Group By Operator
-                aggregations: count(_col0)
+                aggregations: count(1)
                 mode: hash
                 outputColumnNames: _col0
                 Statistics: Num rows: 1 Data size: 8 Basic stats: COMPLETE Column stats: COMPLETE
@@ -184,11 +182,9 @@ STAGE PLANS:
             alias: s1
             Statistics: Num rows: 500 Data size: 5312 Basic stats: COMPLETE Column stats: COMPLETE
             Select Operator
-              expressions: 1 (type: int)
-              outputColumnNames: _col0
               Statistics: Num rows: 500 Data size: 5312 Basic stats: COMPLETE Column stats: COMPLETE
               Group By Operator
-                aggregations: count(_col0)
+                aggregations: count(1)
                 mode: hash
                 outputColumnNames: _col0
                 Statistics: Num rows: 1 Data size: 8 Basic stats: COMPLETE Column stats: COMPLETE
@@ -220,11 +216,9 @@ STAGE PLANS:
             alias: s1
             Statistics: Num rows: 500 Data size: 5312 Basic stats: COMPLETE Column stats: COMPLETE
             Select Operator
-              expressions: 1 (type: int)
-              outputColumnNames: _col0
               Statistics: Num rows: 500 Data size: 5312 Basic stats: COMPLETE Column stats: COMPLETE
               Group By Operator
-                aggregations: count(_col0)
+                aggregations: count(1)
                 mode: hash
                 outputColumnNames: _col0
                 Statistics: Num rows: 1 Data size: 8 Basic stats: COMPLETE Column stats: COMPLETE
diff --git a/ql/src/test/results/clientpositive/union11.q.out b/ql/src/test/results/clientpositive/union11.q.out
index c2385c3a3f..7af34cb9dd 100644
--- a/ql/src/test/results/clientpositive/union11.q.out
+++ b/ql/src/test/results/clientpositive/union11.q.out
@@ -33,11 +33,9 @@ STAGE PLANS:
             alias: s1
             Statistics: Num rows: 500 Data size: 5312 Basic stats: COMPLETE Column stats: COMPLETE
             Select Operator
-              expressions: 1 (type: int)
-              outputColumnNames: _col0
               Statistics: Num rows: 500 Data size: 5312 Basic stats: COMPLETE Column stats: COMPLETE
               Group By Operator
-                aggregations: count(_col0)
+                aggregations: count(1)
                 mode: hash
                 outputColumnNames: _col0
                 Statistics: Num rows: 1 Data size: 8 Basic stats: COMPLETE Column stats: COMPLETE
@@ -52,7 +50,7 @@ STAGE PLANS:
           outputColumnNames: _col0
           Statistics: Num rows: 1 Data size: 8 Basic stats: COMPLETE Column stats: COMPLETE
           Select Operator
-            expressions: 'tst3' (type: string)
+            expressions: 'tst1' (type: string)
             outputColumnNames: _col0
             Statistics: Num rows: 1 Data size: 88 Basic stats: COMPLETE Column stats: COMPLETE
             File Output Operator
@@ -68,60 +66,48 @@ STAGE PLANS:
           TableScan
             Union
               Statistics: Num rows: 3 Data size: 264 Basic stats: COMPLETE Column stats: COMPLETE
-              Select Operator
-                expressions: _col0 (type: string), 1 (type: int)
+              Group By Operator
+                aggregations: count(1)
+                keys: _col0 (type: string)
+                mode: hash
                 outputColumnNames: _col0, _col1
-                Statistics: Num rows: 3 Data size: 264 Basic stats: COMPLETE Column stats: COMPLETE
-                Group By Operator
-                  aggregations: count(_col1)
-                  keys: _col0 (type: string)
-                  mode: hash
-                  outputColumnNames: _col0, _col1
+                Statistics: Num rows: 1 Data size: 96 Basic stats: COMPLETE Column stats: COMPLETE
+                Reduce Output Operator
+                  key expressions: _col0 (type: string)
+                  sort order: +
+                  Map-reduce partition columns: _col0 (type: string)
                   Statistics: Num rows: 1 Data size: 96 Basic stats: COMPLETE Column stats: COMPLETE
-                  Reduce Output Operator
-                    key expressions: _col0 (type: string)
-                    sort order: +
-                    Map-reduce partition columns: _col0 (type: string)
-                    Statistics: Num rows: 1 Data size: 96 Basic stats: COMPLETE Column stats: COMPLETE
-                    value expressions: _col1 (type: bigint)
+                  value expressions: _col1 (type: bigint)
           TableScan
             Union
               Statistics: Num rows: 3 Data size: 264 Basic stats: COMPLETE Column stats: COMPLETE
-              Select Operator
-                expressions: _col0 (type: string), 1 (type: int)
+              Group By Operator
+                aggregations: count(1)
+                keys: _col0 (type: string)
+                mode: hash
                 outputColumnNames: _col0, _col1
-                Statistics: Num rows: 3 Data size: 264 Basic stats: COMPLETE Column stats: COMPLETE
-                Group By Operator
-                  aggregations: count(_col1)
-                  keys: _col0 (type: string)
-                  mode: hash
-                  outputColumnNames: _col0, _col1
+                Statistics: Num rows: 1 Data size: 96 Basic stats: COMPLETE Column stats: COMPLETE
+                Reduce Output Operator
+                  key expressions: _col0 (type: string)
+                  sort order: +
+                  Map-reduce partition columns: _col0 (type: string)
                   Statistics: Num rows: 1 Data size: 96 Basic stats: COMPLETE Column stats: COMPLETE
-                  Reduce Output Operator
-                    key expressions: _col0 (type: string)
-                    sort order: +
-                    Map-reduce partition columns: _col0 (type: string)
-                    Statistics: Num rows: 1 Data size: 96 Basic stats: COMPLETE Column stats: COMPLETE
-                    value expressions: _col1 (type: bigint)
+                  value expressions: _col1 (type: bigint)
           TableScan
             Union
               Statistics: Num rows: 3 Data size: 264 Basic stats: COMPLETE Column stats: COMPLETE
-              Select Operator
-                expressions: _col0 (type: string), 1 (type: int)
+              Group By Operator
+                aggregations: count(1)
+                keys: _col0 (type: string)
+                mode: hash
                 outputColumnNames: _col0, _col1
-                Statistics: Num rows: 3 Data size: 264 Basic stats: COMPLETE Column stats: COMPLETE
-                Group By Operator
-                  aggregations: count(_col1)
-                  keys: _col0 (type: string)
-                  mode: hash
-                  outputColumnNames: _col0, _col1
+                Statistics: Num rows: 1 Data size: 96 Basic stats: COMPLETE Column stats: COMPLETE
+                Reduce Output Operator
+                  key expressions: _col0 (type: string)
+                  sort order: +
+                  Map-reduce partition columns: _col0 (type: string)
                   Statistics: Num rows: 1 Data size: 96 Basic stats: COMPLETE Column stats: COMPLETE
-                  Reduce Output Operator
-                    key expressions: _col0 (type: string)
-                    sort order: +
-                    Map-reduce partition columns: _col0 (type: string)
-                    Statistics: Num rows: 1 Data size: 96 Basic stats: COMPLETE Column stats: COMPLETE
-                    value expressions: _col1 (type: bigint)
+                  value expressions: _col1 (type: bigint)
       Reduce Operator Tree:
         Group By Operator
           aggregations: count(VALUE._col0)
@@ -148,11 +134,9 @@ STAGE PLANS:
             alias: s1
             Statistics: Num rows: 500 Data size: 5312 Basic stats: COMPLETE Column stats: COMPLETE
             Select Operator
-              expressions: 1 (type: int)
-              outputColumnNames: _col0
               Statistics: Num rows: 500 Data size: 5312 Basic stats: COMPLETE Column stats: COMPLETE
               Group By Operator
-                aggregations: count(_col0)
+                aggregations: count(1)
                 mode: hash
                 outputColumnNames: _col0
                 Statistics: Num rows: 1 Data size: 8 Basic stats: COMPLETE Column stats: COMPLETE
@@ -184,11 +168,9 @@ STAGE PLANS:
             alias: s1
             Statistics: Num rows: 500 Data size: 5312 Basic stats: COMPLETE Column stats: COMPLETE
             Select Operator
-              expressions: 1 (type: int)
-              outputColumnNames: _col0
               Statistics: Num rows: 500 Data size: 5312 Basic stats: COMPLETE Column stats: COMPLETE
               Group By Operator
-                aggregations: count(_col0)
+                aggregations: count(1)
                 mode: hash
                 outputColumnNames: _col0
                 Statistics: Num rows: 1 Data size: 8 Basic stats: COMPLETE Column stats: COMPLETE
@@ -203,7 +185,7 @@ STAGE PLANS:
           outputColumnNames: _col0
           Statistics: Num rows: 1 Data size: 8 Basic stats: COMPLETE Column stats: COMPLETE
           Select Operator
-            expressions: 'tst1' (type: string)
+            expressions: 'tst3' (type: string)
             outputColumnNames: _col0
             Statistics: Num rows: 1 Data size: 88 Basic stats: COMPLETE Column stats: COMPLETE
             File Output Operator
diff --git a/ql/src/test/results/clientpositive/union12.q.out b/ql/src/test/results/clientpositive/union12.q.out
index ec01c52bef..2fc418231b 100644
--- a/ql/src/test/results/clientpositive/union12.q.out
+++ b/ql/src/test/results/clientpositive/union12.q.out
@@ -47,11 +47,9 @@ STAGE PLANS:
             alias: s1
             Statistics: Num rows: 500 Data size: 5312 Basic stats: COMPLETE Column stats: COMPLETE
             Select Operator
-              expressions: 1 (type: int)
-              outputColumnNames: _col0
               Statistics: Num rows: 500 Data size: 5312 Basic stats: COMPLETE Column stats: COMPLETE
               Group By Operator
-                aggregations: count(_col0)
+                aggregations: count(1)
                 mode: hash
                 outputColumnNames: _col0
                 Statistics: Num rows: 1 Data size: 8 Basic stats: COMPLETE Column stats: COMPLETE
@@ -184,11 +182,9 @@ STAGE PLANS:
             alias: s2
             Statistics: Num rows: 25 Data size: 191 Basic stats: COMPLETE Column stats: COMPLETE
             Select Operator
-              expressions: 1 (type: int)
-              outputColumnNames: _col0
               Statistics: Num rows: 25 Data size: 191 Basic stats: COMPLETE Column stats: COMPLETE
               Group By Operator
-                aggregations: count(_col0)
+                aggregations: count(1)
                 mode: hash
                 outputColumnNames: _col0
                 Statistics: Num rows: 1 Data size: 8 Basic stats: COMPLETE Column stats: COMPLETE
@@ -220,11 +216,9 @@ STAGE PLANS:
             alias: s3
             Statistics: Num rows: 1000 Data size: 10603 Basic stats: COMPLETE Column stats: COMPLETE
             Select Operator
-              expressions: 1 (type: int)
-              outputColumnNames: _col0
               Statistics: Num rows: 1000 Data size: 10603 Basic stats: COMPLETE Column stats: COMPLETE
               Group By Operator
-                aggregations: count(_col0)
+                aggregations: count(1)
                 mode: hash
                 outputColumnNames: _col0
                 Statistics: Num rows: 1 Data size: 8 Basic stats: COMPLETE Column stats: COMPLETE
diff --git a/ql/src/test/results/clientpositive/union14.q.out b/ql/src/test/results/clientpositive/union14.q.out
index bf29fa9949..e2e5fed746 100644
--- a/ql/src/test/results/clientpositive/union14.q.out
+++ b/ql/src/test/results/clientpositive/union14.q.out
@@ -29,11 +29,9 @@ STAGE PLANS:
             alias: s1
             Statistics: Num rows: 500 Data size: 5312 Basic stats: COMPLETE Column stats: COMPLETE
             Select Operator
-              expressions: 1 (type: int)
-              outputColumnNames: _col0
               Statistics: Num rows: 500 Data size: 5312 Basic stats: COMPLETE Column stats: COMPLETE
               Group By Operator
-                aggregations: count(_col0)
+                aggregations: count(1)
                 mode: hash
                 outputColumnNames: _col0
                 Statistics: Num rows: 1 Data size: 8 Basic stats: COMPLETE Column stats: COMPLETE
@@ -69,32 +67,9 @@ STAGE PLANS:
               outputColumnNames: _col0
               Statistics: Num rows: 25 Data size: 191 Basic stats: COMPLETE Column stats: NONE
               Union
-                Statistics: Num rows: 26 Data size: 279 Basic stats: COMPLETE Column stats: COMPLETE
-                Select Operator
-                  expressions: _col0 (type: string), 1 (type: int)
-                  outputColumnNames: _col0, _col1
-                  Statistics: Num rows: 26 Data size: 279 Basic stats: COMPLETE Column stats: COMPLETE
-                  Group By Operator
-                    aggregations: count(_col1)
-                    keys: _col0 (type: string)
-                    mode: hash
-                    outputColumnNames: _col0, _col1
-                    Statistics: Num rows: 1 Data size: 96 Basic stats: COMPLETE Column stats: COMPLETE
-                    Reduce Output Operator
-                      key expressions: _col0 (type: string)
-                      sort order: +
-                      Map-reduce partition columns: _col0 (type: string)
-                      Statistics: Num rows: 1 Data size: 96 Basic stats: COMPLETE Column stats: COMPLETE
-                      value expressions: _col1 (type: bigint)
-          TableScan
-            Union
-              Statistics: Num rows: 26 Data size: 279 Basic stats: COMPLETE Column stats: COMPLETE
-              Select Operator
-                expressions: _col0 (type: string), 1 (type: int)
-                outputColumnNames: _col0, _col1
                 Statistics: Num rows: 26 Data size: 279 Basic stats: COMPLETE Column stats: COMPLETE
                 Group By Operator
-                  aggregations: count(_col1)
+                  aggregations: count(1)
                   keys: _col0 (type: string)
                   mode: hash
                   outputColumnNames: _col0, _col1
@@ -105,6 +80,21 @@ STAGE PLANS:
                     Map-reduce partition columns: _col0 (type: string)
                     Statistics: Num rows: 1 Data size: 96 Basic stats: COMPLETE Column stats: COMPLETE
                     value expressions: _col1 (type: bigint)
+          TableScan
+            Union
+              Statistics: Num rows: 26 Data size: 279 Basic stats: COMPLETE Column stats: COMPLETE
+              Group By Operator
+                aggregations: count(1)
+                keys: _col0 (type: string)
+                mode: hash
+                outputColumnNames: _col0, _col1
+                Statistics: Num rows: 1 Data size: 96 Basic stats: COMPLETE Column stats: COMPLETE
+                Reduce Output Operator
+                  key expressions: _col0 (type: string)
+                  sort order: +
+                  Map-reduce partition columns: _col0 (type: string)
+                  Statistics: Num rows: 1 Data size: 96 Basic stats: COMPLETE Column stats: COMPLETE
+                  value expressions: _col1 (type: bigint)
       Reduce Operator Tree:
         Group By Operator
           aggregations: count(VALUE._col0)
diff --git a/ql/src/test/results/clientpositive/union15.q.out b/ql/src/test/results/clientpositive/union15.q.out
index 25cdbf2cc6..9bca7bdf9e 100644
--- a/ql/src/test/results/clientpositive/union15.q.out
+++ b/ql/src/test/results/clientpositive/union15.q.out
@@ -31,11 +31,9 @@ STAGE PLANS:
             alias: s1
             Statistics: Num rows: 500 Data size: 5312 Basic stats: COMPLETE Column stats: COMPLETE
             Select Operator
-              expressions: 1 (type: int)
-              outputColumnNames: _col0
               Statistics: Num rows: 500 Data size: 5312 Basic stats: COMPLETE Column stats: COMPLETE
               Group By Operator
-                aggregations: count(_col0)
+                aggregations: count(1)
                 mode: hash
                 outputColumnNames: _col0
                 Statistics: Num rows: 1 Data size: 8 Basic stats: COMPLETE Column stats: COMPLETE
@@ -66,22 +64,18 @@ STAGE PLANS:
           TableScan
             Union
               Statistics: Num rows: 51 Data size: 470 Basic stats: COMPLETE Column stats: PARTIAL
-              Select Operator
-                expressions: _col0 (type: string), 1 (type: int)
+              Group By Operator
+                aggregations: count(1)
+                keys: _col0 (type: string)
+                mode: hash
                 outputColumnNames: _col0, _col1
-                Statistics: Num rows: 51 Data size: 470 Basic stats: COMPLETE Column stats: PARTIAL
-                Group By Operator
-                  aggregations: count(_col1)
-                  keys: _col0 (type: string)
-                  mode: hash
-                  outputColumnNames: _col0, _col1
+                Statistics: Num rows: 1 Data size: 96 Basic stats: COMPLETE Column stats: PARTIAL
+                Reduce Output Operator
+                  key expressions: _col0 (type: string)
+                  sort order: +
+                  Map-reduce partition columns: _col0 (type: string)
                   Statistics: Num rows: 1 Data size: 96 Basic stats: COMPLETE Column stats: PARTIAL
-                  Reduce Output Operator
-                    key expressions: _col0 (type: string)
-                    sort order: +
-                    Map-reduce partition columns: _col0 (type: string)
-                    Statistics: Num rows: 1 Data size: 96 Basic stats: COMPLETE Column stats: PARTIAL
-                    value expressions: _col1 (type: bigint)
+                  value expressions: _col1 (type: bigint)
           TableScan
             alias: s2
             Statistics: Num rows: 25 Data size: 191 Basic stats: COMPLETE Column stats: NONE
@@ -91,22 +85,18 @@ STAGE PLANS:
               Statistics: Num rows: 25 Data size: 191 Basic stats: COMPLETE Column stats: NONE
               Union
                 Statistics: Num rows: 51 Data size: 470 Basic stats: COMPLETE Column stats: PARTIAL
-                Select Operator
-                  expressions: _col0 (type: string), 1 (type: int)
+                Group By Operator
+                  aggregations: count(1)
+                  keys: _col0 (type: string)
+                  mode: hash
                   outputColumnNames: _col0, _col1
-                  Statistics: Num rows: 51 Data size: 470 Basic stats: COMPLETE Column stats: PARTIAL
-                  Group By Operator
-                    aggregations: count(_col1)
-                    keys: _col0 (type: string)
-                    mode: hash
-                    outputColumnNames: _col0, _col1
+                  Statistics: Num rows: 1 Data size: 96 Basic stats: COMPLETE Column stats: PARTIAL
+                  Reduce Output Operator
+                    key expressions: _col0 (type: string)
+                    sort order: +
+                    Map-reduce partition columns: _col0 (type: string)
                     Statistics: Num rows: 1 Data size: 96 Basic stats: COMPLETE Column stats: PARTIAL
-                    Reduce Output Operator
-                      key expressions: _col0 (type: string)
-                      sort order: +
-                      Map-reduce partition columns: _col0 (type: string)
-                      Statistics: Num rows: 1 Data size: 96 Basic stats: COMPLETE Column stats: PARTIAL
-                      value expressions: _col1 (type: bigint)
+                    value expressions: _col1 (type: bigint)
           TableScan
             alias: s2
             Statistics: Num rows: 25 Data size: 191 Basic stats: COMPLETE Column stats: NONE
@@ -116,22 +106,18 @@ STAGE PLANS:
               Statistics: Num rows: 25 Data size: 191 Basic stats: COMPLETE Column stats: NONE
               Union
                 Statistics: Num rows: 51 Data size: 470 Basic stats: COMPLETE Column stats: PARTIAL
-                Select Operator
-                  expressions: _col0 (type: string), 1 (type: int)
+                Group By Operator
+                  aggregations: count(1)
+                  keys: _col0 (type: string)
+                  mode: hash
                   outputColumnNames: _col0, _col1
-                  Statistics: Num rows: 51 Data size: 470 Basic stats: COMPLETE Column stats: PARTIAL
-                  Group By Operator
-                    aggregations: count(_col1)
-                    keys: _col0 (type: string)
-                    mode: hash
-                    outputColumnNames: _col0, _col1
+                  Statistics: Num rows: 1 Data size: 96 Basic stats: COMPLETE Column stats: PARTIAL
+                  Reduce Output Operator
+                    key expressions: _col0 (type: string)
+                    sort order: +
+                    Map-reduce partition columns: _col0 (type: string)
                     Statistics: Num rows: 1 Data size: 96 Basic stats: COMPLETE Column stats: PARTIAL
-                    Reduce Output Operator
-                      key expressions: _col0 (type: string)
-                      sort order: +
-                      Map-reduce partition columns: _col0 (type: string)
-                      Statistics: Num rows: 1 Data size: 96 Basic stats: COMPLETE Column stats: PARTIAL
-                      value expressions: _col1 (type: bigint)
+                    value expressions: _col1 (type: bigint)
       Reduce Operator Tree:
         Group By Operator
           aggregations: count(VALUE._col0)
diff --git a/ql/src/test/results/clientpositive/union16.q.out b/ql/src/test/results/clientpositive/union16.q.out
index e36a6a6369..1bf6d38256 100644
--- a/ql/src/test/results/clientpositive/union16.q.out
+++ b/ql/src/test/results/clientpositive/union16.q.out
@@ -80,11 +80,9 @@ STAGE PLANS:
               Union
                 Statistics: Num rows: 12500 Data size: 0 Basic stats: PARTIAL Column stats: COMPLETE
                 Select Operator
-                  expressions: 1 (type: int)
-                  outputColumnNames: _col0
                   Statistics: Num rows: 12500 Data size: 0 Basic stats: PARTIAL Column stats: COMPLETE
                   Group By Operator
-                    aggregations: count(_col0)
+                    aggregations: count(1)
                     mode: hash
                     outputColumnNames: _col0
                     Statistics: Num rows: 1 Data size: 8 Basic stats: COMPLETE Column stats: COMPLETE
@@ -100,11 +98,9 @@ STAGE PLANS:
               Union
                 Statistics: Num rows: 12500 Data size: 0 Basic stats: PARTIAL Column stats: COMPLETE
                 Select Operator
-                  expressions: 1 (type: int)
-                  outputColumnNames: _col0
                   Statistics: Num rows: 12500 Data size: 0 Basic stats: PARTIAL Column stats: COMPLETE
                   Group By Operator
-                    aggregations: count(_col0)
+                    aggregations: count(1)
                     mode: hash
                     outputColumnNames: _col0
                     Statistics: Num rows: 1 Data size: 8 Basic stats: COMPLETE Column stats: COMPLETE
@@ -120,11 +116,9 @@ STAGE PLANS:
               Union
                 Statistics: Num rows: 12500 Data size: 0 Basic stats: PARTIAL Column stats: COMPLETE
                 Select Operator
-                  expressions: 1 (type: int)
-                  outputColumnNames: _col0
                   Statistics: Num rows: 12500 Data size: 0 Basic stats: PARTIAL Column stats: COMPLETE
                   Group By Operator
-                    aggregations: count(_col0)
+                    aggregations: count(1)
                     mode: hash
                     outputColumnNames: _col0
                     Statistics: Num rows: 1 Data size: 8 Basic stats: COMPLETE Column stats: COMPLETE
@@ -140,11 +134,9 @@ STAGE PLANS:
               Union
                 Statistics: Num rows: 12500 Data size: 0 Basic stats: PARTIAL Column stats: COMPLETE
                 Select Operator
-                  expressions: 1 (type: int)
-                  outputColumnNames: _col0
                   Statistics: Num rows: 12500 Data size: 0 Basic stats: PARTIAL Column stats: COMPLETE
                   Group By Operator
-                    aggregations: count(_col0)
+                    aggregations: count(1)
                     mode: hash
                     outputColumnNames: _col0
                     Statistics: Num rows: 1 Data size: 8 Basic stats: COMPLETE Column stats: COMPLETE
@@ -160,11 +152,9 @@ STAGE PLANS:
               Union
                 Statistics: Num rows: 12500 Data size: 0 Basic stats: PARTIAL Column stats: COMPLETE
                 Select Operator
-                  expressions: 1 (type: int)
-                  outputColumnNames: _col0
                   Statistics: Num rows: 12500 Data size: 0 Basic stats: PARTIAL Column stats: COMPLETE
                   Group By Operator
-                    aggregations: count(_col0)
+                    aggregations: count(1)
                     mode: hash
                     outputColumnNames: _col0
                     Statistics: Num rows: 1 Data size: 8 Basic stats: COMPLETE Column stats: COMPLETE
@@ -180,11 +170,9 @@ STAGE PLANS:
               Union
                 Statistics: Num rows: 12500 Data size: 0 Basic stats: PARTIAL Column stats: COMPLETE
                 Select Operator
-                  expressions: 1 (type: int)
-                  outputColumnNames: _col0
                   Statistics: Num rows: 12500 Data size: 0 Basic stats: PARTIAL Column stats: COMPLETE
                   Group By Operator
-                    aggregations: count(_col0)
+                    aggregations: count(1)
                     mode: hash
                     outputColumnNames: _col0
                     Statistics: Num rows: 1 Data size: 8 Basic stats: COMPLETE Column stats: COMPLETE
@@ -200,11 +188,9 @@ STAGE PLANS:
               Union
                 Statistics: Num rows: 12500 Data size: 0 Basic stats: PARTIAL Column stats: COMPLETE
                 Select Operator
-                  expressions: 1 (type: int)
-                  outputColumnNames: _col0
                   Statistics: Num rows: 12500 Data size: 0 Basic stats: PARTIAL Column stats: COMPLETE
                   Group By Operator
-                    aggregations: count(_col0)
+                    aggregations: count(1)
                     mode: hash
                     outputColumnNames: _col0
                     Statistics: Num rows: 1 Data size: 8 Basic stats: COMPLETE Column stats: COMPLETE
@@ -220,11 +206,9 @@ STAGE PLANS:
               Union
                 Statistics: Num rows: 12500 Data size: 0 Basic stats: PARTIAL Column stats: COMPLETE
                 Select Operator
-                  expressions: 1 (type: int)
-                  outputColumnNames: _col0
                   Statistics: Num rows: 12500 Data size: 0 Basic stats: PARTIAL Column stats: COMPLETE
                   Group By Operator
-                    aggregations: count(_col0)
+                    aggregations: count(1)
                     mode: hash
                     outputColumnNames: _col0
                     Statistics: Num rows: 1 Data size: 8 Basic stats: COMPLETE Column stats: COMPLETE
@@ -240,11 +224,9 @@ STAGE PLANS:
               Union
                 Statistics: Num rows: 12500 Data size: 0 Basic stats: PARTIAL Column stats: COMPLETE
                 Select Operator
-                  expressions: 1 (type: int)
-                  outputColumnNames: _col0
                   Statistics: Num rows: 12500 Data size: 0 Basic stats: PARTIAL Column stats: COMPLETE
                   Group By Operator
-                    aggregations: count(_col0)
+                    aggregations: count(1)
                     mode: hash
                     outputColumnNames: _col0
                     Statistics: Num rows: 1 Data size: 8 Basic stats: COMPLETE Column stats: COMPLETE
@@ -260,11 +242,9 @@ STAGE PLANS:
               Union
                 Statistics: Num rows: 12500 Data size: 0 Basic stats: PARTIAL Column stats: COMPLETE
                 Select Operator
-                  expressions: 1 (type: int)
-                  outputColumnNames: _col0
                   Statistics: Num rows: 12500 Data size: 0 Basic stats: PARTIAL Column stats: COMPLETE
                   Group By Operator
-                    aggregations: count(_col0)
+                    aggregations: count(1)
                     mode: hash
                     outputColumnNames: _col0
                     Statistics: Num rows: 1 Data size: 8 Basic stats: COMPLETE Column stats: COMPLETE
@@ -280,11 +260,9 @@ STAGE PLANS:
               Union
                 Statistics: Num rows: 12500 Data size: 0 Basic stats: PARTIAL Column stats: COMPLETE
                 Select Operator
-                  expressions: 1 (type: int)
-                  outputColumnNames: _col0
                   Statistics: Num rows: 12500 Data size: 0 Basic stats: PARTIAL Column stats: COMPLETE
                   Group By Operator
-                    aggregations: count(_col0)
+                    aggregations: count(1)
                     mode: hash
                     outputColumnNames: _col0
                     Statistics: Num rows: 1 Data size: 8 Basic stats: COMPLETE Column stats: COMPLETE
@@ -300,11 +278,9 @@ STAGE PLANS:
               Union
                 Statistics: Num rows: 12500 Data size: 0 Basic stats: PARTIAL Column stats: COMPLETE
                 Select Operator
-                  expressions: 1 (type: int)
-                  outputColumnNames: _col0
                   Statistics: Num rows: 12500 Data size: 0 Basic stats: PARTIAL Column stats: COMPLETE
                   Group By Operator
-                    aggregations: count(_col0)
+                    aggregations: count(1)
                     mode: hash
                     outputColumnNames: _col0
                     Statistics: Num rows: 1 Data size: 8 Basic stats: COMPLETE Column stats: COMPLETE
@@ -320,11 +296,9 @@ STAGE PLANS:
               Union
                 Statistics: Num rows: 12500 Data size: 0 Basic stats: PARTIAL Column stats: COMPLETE
                 Select Operator
-                  expressions: 1 (type: int)
-                  outputColumnNames: _col0
                   Statistics: Num rows: 12500 Data size: 0 Basic stats: PARTIAL Column stats: COMPLETE
                   Group By Operator
-                    aggregations: count(_col0)
+                    aggregations: count(1)
                     mode: hash
                     outputColumnNames: _col0
                     Statistics: Num rows: 1 Data size: 8 Basic stats: COMPLETE Column stats: COMPLETE
@@ -340,11 +314,9 @@ STAGE PLANS:
               Union
                 Statistics: Num rows: 12500 Data size: 0 Basic stats: PARTIAL Column stats: COMPLETE
                 Select Operator
-                  expressions: 1 (type: int)
-                  outputColumnNames: _col0
                   Statistics: Num rows: 12500 Data size: 0 Basic stats: PARTIAL Column stats: COMPLETE
                   Group By Operator
-                    aggregations: count(_col0)
+                    aggregations: count(1)
                     mode: hash
                     outputColumnNames: _col0
                     Statistics: Num rows: 1 Data size: 8 Basic stats: COMPLETE Column stats: COMPLETE
@@ -360,11 +332,9 @@ STAGE PLANS:
               Union
                 Statistics: Num rows: 12500 Data size: 0 Basic stats: PARTIAL Column stats: COMPLETE
                 Select Operator
-                  expressions: 1 (type: int)
-                  outputColumnNames: _col0
                   Statistics: Num rows: 12500 Data size: 0 Basic stats: PARTIAL Column stats: COMPLETE
                   Group By Operator
-                    aggregations: count(_col0)
+                    aggregations: count(1)
                     mode: hash
                     outputColumnNames: _col0
                     Statistics: Num rows: 1 Data size: 8 Basic stats: COMPLETE Column stats: COMPLETE
@@ -380,11 +350,9 @@ STAGE PLANS:
               Union
                 Statistics: Num rows: 12500 Data size: 0 Basic stats: PARTIAL Column stats: COMPLETE
                 Select Operator
-                  expressions: 1 (type: int)
-                  outputColumnNames: _col0
                   Statistics: Num rows: 12500 Data size: 0 Basic stats: PARTIAL Column stats: COMPLETE
                   Group By Operator
-                    aggregations: count(_col0)
+                    aggregations: count(1)
                     mode: hash
                     outputColumnNames: _col0
                     Statistics: Num rows: 1 Data size: 8 Basic stats: COMPLETE Column stats: COMPLETE
@@ -400,11 +368,9 @@ STAGE PLANS:
               Union
                 Statistics: Num rows: 12500 Data size: 0 Basic stats: PARTIAL Column stats: COMPLETE
                 Select Operator
-                  expressions: 1 (type: int)
-                  outputColumnNames: _col0
                   Statistics: Num rows: 12500 Data size: 0 Basic stats: PARTIAL Column stats: COMPLETE
                   Group By Operator
-                    aggregations: count(_col0)
+                    aggregations: count(1)
                     mode: hash
                     outputColumnNames: _col0
                     Statistics: Num rows: 1 Data size: 8 Basic stats: COMPLETE Column stats: COMPLETE
@@ -420,11 +386,9 @@ STAGE PLANS:
               Union
                 Statistics: Num rows: 12500 Data size: 0 Basic stats: PARTIAL Column stats: COMPLETE
                 Select Operator
-                  expressions: 1 (type: int)
-                  outputColumnNames: _col0
                   Statistics: Num rows: 12500 Data size: 0 Basic stats: PARTIAL Column stats: COMPLETE
                   Group By Operator
-                    aggregations: count(_col0)
+                    aggregations: count(1)
                     mode: hash
                     outputColumnNames: _col0
                     Statistics: Num rows: 1 Data size: 8 Basic stats: COMPLETE Column stats: COMPLETE
@@ -440,11 +404,9 @@ STAGE PLANS:
               Union
                 Statistics: Num rows: 12500 Data size: 0 Basic stats: PARTIAL Column stats: COMPLETE
                 Select Operator
-                  expressions: 1 (type: int)
-                  outputColumnNames: _col0
                   Statistics: Num rows: 12500 Data size: 0 Basic stats: PARTIAL Column stats: COMPLETE
                   Group By Operator
-                    aggregations: count(_col0)
+                    aggregations: count(1)
                     mode: hash
                     outputColumnNames: _col0
                     Statistics: Num rows: 1 Data size: 8 Basic stats: COMPLETE Column stats: COMPLETE
@@ -460,11 +422,9 @@ STAGE PLANS:
               Union
                 Statistics: Num rows: 12500 Data size: 0 Basic stats: PARTIAL Column stats: COMPLETE
                 Select Operator
-                  expressions: 1 (type: int)
-                  outputColumnNames: _col0
                   Statistics: Num rows: 12500 Data size: 0 Basic stats: PARTIAL Column stats: COMPLETE
                   Group By Operator
-                    aggregations: count(_col0)
+                    aggregations: count(1)
                     mode: hash
                     outputColumnNames: _col0
                     Statistics: Num rows: 1 Data size: 8 Basic stats: COMPLETE Column stats: COMPLETE
@@ -480,11 +440,9 @@ STAGE PLANS:
               Union
                 Statistics: Num rows: 12500 Data size: 0 Basic stats: PARTIAL Column stats: COMPLETE
                 Select Operator
-                  expressions: 1 (type: int)
-                  outputColumnNames: _col0
                   Statistics: Num rows: 12500 Data size: 0 Basic stats: PARTIAL Column stats: COMPLETE
                   Group By Operator
-                    aggregations: count(_col0)
+                    aggregations: count(1)
                     mode: hash
                     outputColumnNames: _col0
                     Statistics: Num rows: 1 Data size: 8 Basic stats: COMPLETE Column stats: COMPLETE
@@ -500,11 +458,9 @@ STAGE PLANS:
               Union
                 Statistics: Num rows: 12500 Data size: 0 Basic stats: PARTIAL Column stats: COMPLETE
                 Select Operator
-                  expressions: 1 (type: int)
-                  outputColumnNames: _col0
                   Statistics: Num rows: 12500 Data size: 0 Basic stats: PARTIAL Column stats: COMPLETE
                   Group By Operator
-                    aggregations: count(_col0)
+                    aggregations: count(1)
                     mode: hash
                     outputColumnNames: _col0
                     Statistics: Num rows: 1 Data size: 8 Basic stats: COMPLETE Column stats: COMPLETE
@@ -520,11 +476,9 @@ STAGE PLANS:
               Union
                 Statistics: Num rows: 12500 Data size: 0 Basic stats: PARTIAL Column stats: COMPLETE
                 Select Operator
-                  expressions: 1 (type: int)
-                  outputColumnNames: _col0
                   Statistics: Num rows: 12500 Data size: 0 Basic stats: PARTIAL Column stats: COMPLETE
                   Group By Operator
-                    aggregations: count(_col0)
+                    aggregations: count(1)
                     mode: hash
                     outputColumnNames: _col0
                     Statistics: Num rows: 1 Data size: 8 Basic stats: COMPLETE Column stats: COMPLETE
@@ -540,11 +494,9 @@ STAGE PLANS:
               Union
                 Statistics: Num rows: 12500 Data size: 0 Basic stats: PARTIAL Column stats: COMPLETE
                 Select Operator
-                  expressions: 1 (type: int)
-                  outputColumnNames: _col0
                   Statistics: Num rows: 12500 Data size: 0 Basic stats: PARTIAL Column stats: COMPLETE
                   Group By Operator
-                    aggregations: count(_col0)
+                    aggregations: count(1)
                     mode: hash
                     outputColumnNames: _col0
                     Statistics: Num rows: 1 Data size: 8 Basic stats: COMPLETE Column stats: COMPLETE
@@ -560,11 +512,9 @@ STAGE PLANS:
               Union
                 Statistics: Num rows: 12500 Data size: 0 Basic stats: PARTIAL Column stats: COMPLETE
                 Select Operator
-                  expressions: 1 (type: int)
-                  outputColumnNames: _col0
                   Statistics: Num rows: 12500 Data size: 0 Basic stats: PARTIAL Column stats: COMPLETE
                   Group By Operator
-                    aggregations: count(_col0)
+                    aggregations: count(1)
                     mode: hash
                     outputColumnNames: _col0
                     Statistics: Num rows: 1 Data size: 8 Basic stats: COMPLETE Column stats: COMPLETE
diff --git a/ql/src/test/results/clientpositive/union2.q.out b/ql/src/test/results/clientpositive/union2.q.out
index 673450b38a..a53880a70f 100644
--- a/ql/src/test/results/clientpositive/union2.q.out
+++ b/ql/src/test/results/clientpositive/union2.q.out
@@ -28,11 +28,9 @@ STAGE PLANS:
               Union
                 Statistics: Num rows: 1000 Data size: 0 Basic stats: PARTIAL Column stats: COMPLETE
                 Select Operator
-                  expressions: 1 (type: int)
-                  outputColumnNames: _col0
                   Statistics: Num rows: 1000 Data size: 0 Basic stats: PARTIAL Column stats: COMPLETE
                   Group By Operator
-                    aggregations: count(_col0)
+                    aggregations: count(1)
                     mode: hash
                     outputColumnNames: _col0
                     Statistics: Num rows: 1 Data size: 8 Basic stats: COMPLETE Column stats: COMPLETE
@@ -48,11 +46,9 @@ STAGE PLANS:
               Union
                 Statistics: Num rows: 1000 Data size: 0 Basic stats: PARTIAL Column stats: COMPLETE
                 Select Operator
-                  expressions: 1 (type: int)
-                  outputColumnNames: _col0
                   Statistics: Num rows: 1000 Data size: 0 Basic stats: PARTIAL Column stats: COMPLETE
                   Group By Operator
-                    aggregations: count(_col0)
+                    aggregations: count(1)
                     mode: hash
                     outputColumnNames: _col0
                     Statistics: Num rows: 1 Data size: 8 Basic stats: COMPLETE Column stats: COMPLETE
diff --git a/ql/src/test/results/clientpositive/union20.q.out b/ql/src/test/results/clientpositive/union20.q.out
index 44c87dd911..ee117cabaf 100644
--- a/ql/src/test/results/clientpositive/union20.q.out
+++ b/ql/src/test/results/clientpositive/union20.q.out
@@ -40,11 +40,9 @@ STAGE PLANS:
             alias: s1
             Statistics: Num rows: 500 Data size: 5312 Basic stats: COMPLETE Column stats: COMPLETE
             Select Operator
-              expressions: 1 (type: int)
-              outputColumnNames: _col0
               Statistics: Num rows: 500 Data size: 5312 Basic stats: COMPLETE Column stats: COMPLETE
               Group By Operator
-                aggregations: count(_col0)
+                aggregations: count(1)
                 mode: hash
                 outputColumnNames: _col0
                 Statistics: Num rows: 1 Data size: 8 Basic stats: COMPLETE Column stats: COMPLETE
@@ -154,11 +152,9 @@ STAGE PLANS:
             alias: s1
             Statistics: Num rows: 500 Data size: 5312 Basic stats: COMPLETE Column stats: COMPLETE
             Select Operator
-              expressions: 1 (type: int)
-              outputColumnNames: _col0
               Statistics: Num rows: 500 Data size: 5312 Basic stats: COMPLETE Column stats: COMPLETE
               Group By Operator
-                aggregations: count(_col0)
+                aggregations: count(1)
                 mode: hash
                 outputColumnNames: _col0
                 Statistics: Num rows: 1 Data size: 8 Basic stats: COMPLETE Column stats: COMPLETE
diff --git a/ql/src/test/results/clientpositive/union24.q.out b/ql/src/test/results/clientpositive/union24.q.out
index 8755025bc9..0657b65e9e 100644
--- a/ql/src/test/results/clientpositive/union24.q.out
+++ b/ql/src/test/results/clientpositive/union24.q.out
@@ -197,11 +197,11 @@ STAGE PLANS:
               predicate: (UDFToDouble(key) < 10.0) (type: boolean)
               Statistics: Num rows: 103 Data size: 494 Basic stats: COMPLETE Column stats: NONE
               Select Operator
-                expressions: key (type: string), 1 (type: int)
-                outputColumnNames: _col0, _col1
+                expressions: key (type: string)
+                outputColumnNames: _col0
                 Statistics: Num rows: 103 Data size: 494 Basic stats: COMPLETE Column stats: NONE
                 Group By Operator
-                  aggregations: count(_col1)
+                  aggregations: count(1)
                   keys: _col0 (type: string)
                   mode: hash
                   outputColumnNames: _col0, _col1
diff --git a/ql/src/test/results/clientpositive/union25.q.out b/ql/src/test/results/clientpositive/union25.q.out
index 6998a129ba..6be39edcec 100644
--- a/ql/src/test/results/clientpositive/union25.q.out
+++ b/ql/src/test/results/clientpositive/union25.q.out
@@ -133,32 +133,9 @@ STAGE PLANS:
               outputColumnNames: _col0, _col1
               Statistics: Num rows: 500 Data size: 5312 Basic stats: COMPLETE Column stats: NONE
               Union
-                Statistics: Num rows: 1000 Data size: 10624 Basic stats: COMPLETE Column stats: NONE
-                Select Operator
-                  expressions: _col0 (type: string), _col1 (type: string), 1 (type: int)
-                  outputColumnNames: _col0, _col1, _col2
-                  Statistics: Num rows: 1000 Data size: 10624 Basic stats: COMPLETE Column stats: NONE
-                  Group By Operator
-                    aggregations: count(_col2)
-                    keys: _col0 (type: string), _col1 (type: string)
-                    mode: hash
-                    outputColumnNames: _col0, _col1, _col2
-                    Statistics: Num rows: 1000 Data size: 10624 Basic stats: COMPLETE Column stats: NONE
-                    Reduce Output Operator
-                      key expressions: _col0 (type: string), _col1 (type: string)
-                      sort order: ++
-                      Map-reduce partition columns: _col0 (type: string), _col1 (type: string)
-                      Statistics: Num rows: 1000 Data size: 10624 Basic stats: COMPLETE Column stats: NONE
-                      value expressions: _col2 (type: bigint)
-          TableScan
-            Union
-              Statistics: Num rows: 1000 Data size: 10624 Basic stats: COMPLETE Column stats: NONE
-              Select Operator
-                expressions: _col0 (type: string), _col1 (type: string), 1 (type: int)
-                outputColumnNames: _col0, _col1, _col2
                 Statistics: Num rows: 1000 Data size: 10624 Basic stats: COMPLETE Column stats: NONE
                 Group By Operator
-                  aggregations: count(_col2)
+                  aggregations: count(1)
                   keys: _col0 (type: string), _col1 (type: string)
                   mode: hash
                   outputColumnNames: _col0, _col1, _col2
@@ -169,6 +146,21 @@ STAGE PLANS:
                     Map-reduce partition columns: _col0 (type: string), _col1 (type: string)
                     Statistics: Num rows: 1000 Data size: 10624 Basic stats: COMPLETE Column stats: NONE
                     value expressions: _col2 (type: bigint)
+          TableScan
+            Union
+              Statistics: Num rows: 1000 Data size: 10624 Basic stats: COMPLETE Column stats: NONE
+              Group By Operator
+                aggregations: count(1)
+                keys: _col0 (type: string), _col1 (type: string)
+                mode: hash
+                outputColumnNames: _col0, _col1, _col2
+                Statistics: Num rows: 1000 Data size: 10624 Basic stats: COMPLETE Column stats: NONE
+                Reduce Output Operator
+                  key expressions: _col0 (type: string), _col1 (type: string)
+                  sort order: ++
+                  Map-reduce partition columns: _col0 (type: string), _col1 (type: string)
+                  Statistics: Num rows: 1000 Data size: 10624 Basic stats: COMPLETE Column stats: NONE
+                  value expressions: _col2 (type: bigint)
       Reduce Operator Tree:
         Group By Operator
           aggregations: count(VALUE._col0)
diff --git a/ql/src/test/results/clientpositive/union3.q.out b/ql/src/test/results/clientpositive/union3.q.out
index 353434ade7..810d3aff6d 100644
--- a/ql/src/test/results/clientpositive/union3.q.out
+++ b/ql/src/test/results/clientpositive/union3.q.out
@@ -67,25 +67,21 @@ STAGE PLANS:
         Limit
           Number of rows: 1
           Statistics: Num rows: 1 Data size: 0 Basic stats: PARTIAL Column stats: COMPLETE
-          Select Operator
-            expressions: 1 (type: int)
-            outputColumnNames: _col0
-            Statistics: Num rows: 1 Data size: 0 Basic stats: PARTIAL Column stats: COMPLETE
-            File Output Operator
-              compressed: false
-              table:
-                  input format: org.apache.hadoop.mapred.SequenceFileInputFormat
-                  output format: org.apache.hadoop.hive.ql.io.HiveSequenceFileOutputFormat
-                  serde: org.apache.hadoop.hive.serde2.lazybinary.LazyBinarySerDe
+          File Output Operator
+            compressed: false
+            table:
+                input format: org.apache.hadoop.mapred.SequenceFileInputFormat
+                output format: org.apache.hadoop.hive.ql.io.HiveSequenceFileOutputFormat
+                serde: org.apache.hadoop.hive.serde2.lazybinary.LazyBinarySerDe
 
   Stage: Stage-2
     Map Reduce
       Map Operator Tree:
           TableScan
             Reduce Output Operator
-              key expressions: _col0 (type: int)
+              key expressions: 1 (type: int)
               sort order: +
-              Map-reduce partition columns: _col0 (type: int)
+              Map-reduce partition columns: 1 (type: int)
               Statistics: Num rows: 1 Data size: 0 Basic stats: PARTIAL Column stats: COMPLETE
       Reduce Operator Tree:
         Select Operator
@@ -177,25 +173,21 @@ STAGE PLANS:
         Limit
           Number of rows: 1
           Statistics: Num rows: 1 Data size: 0 Basic stats: PARTIAL Column stats: COMPLETE
-          Select Operator
-            expressions: 2 (type: int)
-            outputColumnNames: _col0
-            Statistics: Num rows: 1 Data size: 0 Basic stats: PARTIAL Column stats: COMPLETE
-            File Output Operator
-              compressed: false
-              table:
-                  input format: org.apache.hadoop.mapred.SequenceFileInputFormat
-                  output format: org.apache.hadoop.hive.ql.io.HiveSequenceFileOutputFormat
-                  serde: org.apache.hadoop.hive.serde2.lazybinary.LazyBinarySerDe
+          File Output Operator
+            compressed: false
+            table:
+                input format: org.apache.hadoop.mapred.SequenceFileInputFormat
+                output format: org.apache.hadoop.hive.ql.io.HiveSequenceFileOutputFormat
+                serde: org.apache.hadoop.hive.serde2.lazybinary.LazyBinarySerDe
 
   Stage: Stage-5
     Map Reduce
       Map Operator Tree:
           TableScan
             Reduce Output Operator
-              key expressions: _col0 (type: int)
+              key expressions: 2 (type: int)
               sort order: +
-              Map-reduce partition columns: _col0 (type: int)
+              Map-reduce partition columns: 2 (type: int)
               Statistics: Num rows: 1 Data size: 0 Basic stats: PARTIAL Column stats: COMPLETE
       Reduce Operator Tree:
         Select Operator
diff --git a/ql/src/test/results/clientpositive/union4.q.out b/ql/src/test/results/clientpositive/union4.q.out
index 289c049a62..14fe96b51b 100644
--- a/ql/src/test/results/clientpositive/union4.q.out
+++ b/ql/src/test/results/clientpositive/union4.q.out
@@ -44,11 +44,9 @@ STAGE PLANS:
             alias: s1
             Statistics: Num rows: 500 Data size: 5312 Basic stats: COMPLETE Column stats: COMPLETE
             Select Operator
-              expressions: 1 (type: int)
-              outputColumnNames: _col0
               Statistics: Num rows: 500 Data size: 5312 Basic stats: COMPLETE Column stats: COMPLETE
               Group By Operator
-                aggregations: count(_col0)
+                aggregations: count(1)
                 mode: hash
                 outputColumnNames: _col0
                 Statistics: Num rows: 1 Data size: 8 Basic stats: COMPLETE Column stats: COMPLETE
@@ -166,11 +164,9 @@ STAGE PLANS:
             alias: s1
             Statistics: Num rows: 500 Data size: 5312 Basic stats: COMPLETE Column stats: COMPLETE
             Select Operator
-              expressions: 1 (type: int)
-              outputColumnNames: _col0
               Statistics: Num rows: 500 Data size: 5312 Basic stats: COMPLETE Column stats: COMPLETE
               Group By Operator
-                aggregations: count(_col0)
+                aggregations: count(1)
                 mode: hash
                 outputColumnNames: _col0
                 Statistics: Num rows: 1 Data size: 8 Basic stats: COMPLETE Column stats: COMPLETE
diff --git a/ql/src/test/results/clientpositive/union5.q.out b/ql/src/test/results/clientpositive/union5.q.out
index 8b11364ddf..bdc526f872 100644
--- a/ql/src/test/results/clientpositive/union5.q.out
+++ b/ql/src/test/results/clientpositive/union5.q.out
@@ -28,11 +28,9 @@ STAGE PLANS:
             alias: s1
             Statistics: Num rows: 500 Data size: 5312 Basic stats: COMPLETE Column stats: COMPLETE
             Select Operator
-              expressions: 1 (type: int)
-              outputColumnNames: _col0
               Statistics: Num rows: 500 Data size: 5312 Basic stats: COMPLETE Column stats: COMPLETE
               Group By Operator
-                aggregations: count(_col0)
+                aggregations: count(1)
                 mode: hash
                 outputColumnNames: _col0
                 Statistics: Num rows: 1 Data size: 8 Basic stats: COMPLETE Column stats: COMPLETE
@@ -47,7 +45,7 @@ STAGE PLANS:
           outputColumnNames: _col0
           Statistics: Num rows: 1 Data size: 8 Basic stats: COMPLETE Column stats: COMPLETE
           Select Operator
-            expressions: 'tst2' (type: string)
+            expressions: 'tst1' (type: string)
             outputColumnNames: _col0
             Statistics: Num rows: 1 Data size: 88 Basic stats: COMPLETE Column stats: COMPLETE
             File Output Operator
@@ -63,41 +61,33 @@ STAGE PLANS:
           TableScan
             Union
               Statistics: Num rows: 2 Data size: 176 Basic stats: COMPLETE Column stats: COMPLETE
-              Select Operator
-                expressions: _col0 (type: string), 1 (type: int)
+              Group By Operator
+                aggregations: count(1)
+                keys: _col0 (type: string)
+                mode: hash
                 outputColumnNames: _col0, _col1
-                Statistics: Num rows: 2 Data size: 176 Basic stats: COMPLETE Column stats: COMPLETE
-                Group By Operator
-                  aggregations: count(_col1)
-                  keys: _col0 (type: string)
-                  mode: hash
-                  outputColumnNames: _col0, _col1
+                Statistics: Num rows: 1 Data size: 96 Basic stats: COMPLETE Column stats: COMPLETE
+                Reduce Output Operator
+                  key expressions: _col0 (type: string)
+                  sort order: +
+                  Map-reduce partition columns: _col0 (type: string)
                   Statistics: Num rows: 1 Data size: 96 Basic stats: COMPLETE Column stats: COMPLETE
-                  Reduce Output Operator
-                    key expressions: _col0 (type: string)
-                    sort order: +
-                    Map-reduce partition columns: _col0 (type: string)
-                    Statistics: Num rows: 1 Data size: 96 Basic stats: COMPLETE Column stats: COMPLETE
-                    value expressions: _col1 (type: bigint)
+                  value expressions: _col1 (type: bigint)
           TableScan
             Union
               Statistics: Num rows: 2 Data size: 176 Basic stats: COMPLETE Column stats: COMPLETE
-              Select Operator
-                expressions: _col0 (type: string), 1 (type: int)
+              Group By Operator
+                aggregations: count(1)
+                keys: _col0 (type: string)
+                mode: hash
                 outputColumnNames: _col0, _col1
-                Statistics: Num rows: 2 Data size: 176 Basic stats: COMPLETE Column stats: COMPLETE
-                Group By Operator
-                  aggregations: count(_col1)
-                  keys: _col0 (type: string)
-                  mode: hash
-                  outputColumnNames: _col0, _col1
+                Statistics: Num rows: 1 Data size: 96 Basic stats: COMPLETE Column stats: COMPLETE
+                Reduce Output Operator
+                  key expressions: _col0 (type: string)
+                  sort order: +
+                  Map-reduce partition columns: _col0 (type: string)
                   Statistics: Num rows: 1 Data size: 96 Basic stats: COMPLETE Column stats: COMPLETE
-                  Reduce Output Operator
-                    key expressions: _col0 (type: string)
-                    sort order: +
-                    Map-reduce partition columns: _col0 (type: string)
-                    Statistics: Num rows: 1 Data size: 96 Basic stats: COMPLETE Column stats: COMPLETE
-                    value expressions: _col1 (type: bigint)
+                  value expressions: _col1 (type: bigint)
       Reduce Operator Tree:
         Group By Operator
           aggregations: count(VALUE._col0)
@@ -124,11 +114,9 @@ STAGE PLANS:
             alias: s1
             Statistics: Num rows: 500 Data size: 5312 Basic stats: COMPLETE Column stats: COMPLETE
             Select Operator
-              expressions: 1 (type: int)
-              outputColumnNames: _col0
               Statistics: Num rows: 500 Data size: 5312 Basic stats: COMPLETE Column stats: COMPLETE
               Group By Operator
-                aggregations: count(_col0)
+                aggregations: count(1)
                 mode: hash
                 outputColumnNames: _col0
                 Statistics: Num rows: 1 Data size: 8 Basic stats: COMPLETE Column stats: COMPLETE
@@ -143,7 +131,7 @@ STAGE PLANS:
           outputColumnNames: _col0
           Statistics: Num rows: 1 Data size: 8 Basic stats: COMPLETE Column stats: COMPLETE
           Select Operator
-            expressions: 'tst1' (type: string)
+            expressions: 'tst2' (type: string)
             outputColumnNames: _col0
             Statistics: Num rows: 1 Data size: 88 Basic stats: COMPLETE Column stats: COMPLETE
             File Output Operator
diff --git a/ql/src/test/results/clientpositive/union6.q.out b/ql/src/test/results/clientpositive/union6.q.out
index be0f0b767f..699b18bcda 100644
--- a/ql/src/test/results/clientpositive/union6.q.out
+++ b/ql/src/test/results/clientpositive/union6.q.out
@@ -43,11 +43,9 @@ STAGE PLANS:
             alias: s1
             Statistics: Num rows: 500 Data size: 5312 Basic stats: COMPLETE Column stats: COMPLETE
             Select Operator
-              expressions: 1 (type: int)
-              outputColumnNames: _col0
               Statistics: Num rows: 500 Data size: 5312 Basic stats: COMPLETE Column stats: COMPLETE
               Group By Operator
-                aggregations: count(_col0)
+                aggregations: count(1)
                 mode: hash
                 outputColumnNames: _col0
                 Statistics: Num rows: 1 Data size: 8 Basic stats: COMPLETE Column stats: COMPLETE
diff --git a/ql/src/test/results/clientpositive/union7.q.out b/ql/src/test/results/clientpositive/union7.q.out
index eb872d86f2..5abf1510c1 100644
--- a/ql/src/test/results/clientpositive/union7.q.out
+++ b/ql/src/test/results/clientpositive/union7.q.out
@@ -27,11 +27,9 @@ STAGE PLANS:
             alias: s1
             Statistics: Num rows: 500 Data size: 5312 Basic stats: COMPLETE Column stats: COMPLETE
             Select Operator
-              expressions: 1 (type: int)
-              outputColumnNames: _col0
               Statistics: Num rows: 500 Data size: 5312 Basic stats: COMPLETE Column stats: COMPLETE
               Group By Operator
-                aggregations: count(_col0)
+                aggregations: count(1)
                 mode: hash
                 outputColumnNames: _col0
                 Statistics: Num rows: 1 Data size: 8 Basic stats: COMPLETE Column stats: COMPLETE
@@ -62,22 +60,18 @@ STAGE PLANS:
           TableScan
             Union
               Statistics: Num rows: 26 Data size: 279 Basic stats: COMPLETE Column stats: PARTIAL
-              Select Operator
-                expressions: _col0 (type: string), 1 (type: int)
+              Group By Operator
+                aggregations: count(1)
+                keys: _col0 (type: string)
+                mode: hash
                 outputColumnNames: _col0, _col1
-                Statistics: Num rows: 26 Data size: 279 Basic stats: COMPLETE Column stats: PARTIAL
-                Group By Operator
-                  aggregations: count(_col1)
-                  keys: _col0 (type: string)
-                  mode: hash
-                  outputColumnNames: _col0, _col1
+                Statistics: Num rows: 1 Data size: 96 Basic stats: COMPLETE Column stats: PARTIAL
+                Reduce Output Operator
+                  key expressions: _col0 (type: string)
+                  sort order: +
+                  Map-reduce partition columns: _col0 (type: string)
                   Statistics: Num rows: 1 Data size: 96 Basic stats: COMPLETE Column stats: PARTIAL
-                  Reduce Output Operator
-                    key expressions: _col0 (type: string)
-                    sort order: +
-                    Map-reduce partition columns: _col0 (type: string)
-                    Statistics: Num rows: 1 Data size: 96 Basic stats: COMPLETE Column stats: PARTIAL
-                    value expressions: _col1 (type: bigint)
+                  value expressions: _col1 (type: bigint)
           TableScan
             alias: s2
             Statistics: Num rows: 25 Data size: 191 Basic stats: COMPLETE Column stats: NONE
@@ -87,22 +81,18 @@ STAGE PLANS:
               Statistics: Num rows: 25 Data size: 191 Basic stats: COMPLETE Column stats: NONE
               Union
                 Statistics: Num rows: 26 Data size: 279 Basic stats: COMPLETE Column stats: PARTIAL
-                Select Operator
-                  expressions: _col0 (type: string), 1 (type: int)
+                Group By Operator
+                  aggregations: count(1)
+                  keys: _col0 (type: string)
+                  mode: hash
                   outputColumnNames: _col0, _col1
-                  Statistics: Num rows: 26 Data size: 279 Basic stats: COMPLETE Column stats: PARTIAL
-                  Group By Operator
-                    aggregations: count(_col1)
-                    keys: _col0 (type: string)
-                    mode: hash
-                    outputColumnNames: _col0, _col1
+                  Statistics: Num rows: 1 Data size: 96 Basic stats: COMPLETE Column stats: PARTIAL
+                  Reduce Output Operator
+                    key expressions: _col0 (type: string)
+                    sort order: +
+                    Map-reduce partition columns: _col0 (type: string)
                     Statistics: Num rows: 1 Data size: 96 Basic stats: COMPLETE Column stats: PARTIAL
-                    Reduce Output Operator
-                      key expressions: _col0 (type: string)
-                      sort order: +
-                      Map-reduce partition columns: _col0 (type: string)
-                      Statistics: Num rows: 1 Data size: 96 Basic stats: COMPLETE Column stats: PARTIAL
-                      value expressions: _col1 (type: bigint)
+                    value expressions: _col1 (type: bigint)
       Reduce Operator Tree:
         Group By Operator
           aggregations: count(VALUE._col0)
diff --git a/ql/src/test/results/clientpositive/union9.q.out b/ql/src/test/results/clientpositive/union9.q.out
index 08ddebde38..c231d2ce49 100644
--- a/ql/src/test/results/clientpositive/union9.q.out
+++ b/ql/src/test/results/clientpositive/union9.q.out
@@ -30,11 +30,9 @@ STAGE PLANS:
               Union
                 Statistics: Num rows: 1500 Data size: 0 Basic stats: PARTIAL Column stats: COMPLETE
                 Select Operator
-                  expressions: 1 (type: int)
-                  outputColumnNames: _col0
                   Statistics: Num rows: 1500 Data size: 0 Basic stats: PARTIAL Column stats: COMPLETE
                   Group By Operator
-                    aggregations: count(_col0)
+                    aggregations: count(1)
                     mode: hash
                     outputColumnNames: _col0
                     Statistics: Num rows: 1 Data size: 8 Basic stats: COMPLETE Column stats: COMPLETE
@@ -50,11 +48,9 @@ STAGE PLANS:
               Union
                 Statistics: Num rows: 1500 Data size: 0 Basic stats: PARTIAL Column stats: COMPLETE
                 Select Operator
-                  expressions: 1 (type: int)
-                  outputColumnNames: _col0
                   Statistics: Num rows: 1500 Data size: 0 Basic stats: PARTIAL Column stats: COMPLETE
                   Group By Operator
-                    aggregations: count(_col0)
+                    aggregations: count(1)
                     mode: hash
                     outputColumnNames: _col0
                     Statistics: Num rows: 1 Data size: 8 Basic stats: COMPLETE Column stats: COMPLETE
@@ -70,11 +66,9 @@ STAGE PLANS:
               Union
                 Statistics: Num rows: 1500 Data size: 0 Basic stats: PARTIAL Column stats: COMPLETE
                 Select Operator
-                  expressions: 1 (type: int)
-                  outputColumnNames: _col0
                   Statistics: Num rows: 1500 Data size: 0 Basic stats: PARTIAL Column stats: COMPLETE
                   Group By Operator
-                    aggregations: count(_col0)
+                    aggregations: count(1)
                     mode: hash
                     outputColumnNames: _col0
                     Statistics: Num rows: 1 Data size: 8 Basic stats: COMPLETE Column stats: COMPLETE
diff --git a/ql/src/test/results/clientpositive/union_remove_1.q.out b/ql/src/test/results/clientpositive/union_remove_1.q.out
index a63ed0f40c..411f63eb4e 100644
--- a/ql/src/test/results/clientpositive/union_remove_1.q.out
+++ b/ql/src/test/results/clientpositive/union_remove_1.q.out
@@ -73,11 +73,11 @@ STAGE PLANS:
             alias: inputtbl1
             Statistics: Num rows: 0 Data size: 30 Basic stats: PARTIAL Column stats: NONE
             Select Operator
-              expressions: key (type: string), 1 (type: int)
-              outputColumnNames: _col0, _col1
+              expressions: key (type: string)
+              outputColumnNames: _col0
               Statistics: Num rows: 0 Data size: 30 Basic stats: PARTIAL Column stats: NONE
               Group By Operator
-                aggregations: count(_col1)
+                aggregations: count(1)
                 keys: _col0 (type: string)
                 mode: hash
                 outputColumnNames: _col0, _col1
@@ -121,11 +121,11 @@ STAGE PLANS:
             alias: inputtbl1
             Statistics: Num rows: 0 Data size: 30 Basic stats: PARTIAL Column stats: NONE
             Select Operator
-              expressions: key (type: string), 1 (type: int)
-              outputColumnNames: _col0, _col1
+              expressions: key (type: string)
+              outputColumnNames: _col0
               Statistics: Num rows: 0 Data size: 30 Basic stats: PARTIAL Column stats: NONE
               Group By Operator
-                aggregations: count(_col1)
+                aggregations: count(1)
                 keys: _col0 (type: string)
                 mode: hash
                 outputColumnNames: _col0, _col1
diff --git a/ql/src/test/results/clientpositive/union_remove_10.q.out b/ql/src/test/results/clientpositive/union_remove_10.q.out
index 3fe780cc28..d80bf32bf8 100644
--- a/ql/src/test/results/clientpositive/union_remove_10.q.out
+++ b/ql/src/test/results/clientpositive/union_remove_10.q.out
@@ -95,7 +95,7 @@ STAGE PLANS:
             alias: inputtbl1
             Statistics: Num rows: 0 Data size: 30 Basic stats: PARTIAL Column stats: NONE
             Select Operator
-              expressions: key (type: string), UDFToLong(1) (type: bigint)
+              expressions: key (type: string), 1 (type: bigint)
               outputColumnNames: _col0, _col1
               Statistics: Num rows: 0 Data size: 30 Basic stats: PARTIAL Column stats: NONE
               File Output Operator
@@ -153,11 +153,11 @@ STAGE PLANS:
             alias: inputtbl1
             Statistics: Num rows: 0 Data size: 30 Basic stats: PARTIAL Column stats: NONE
             Select Operator
-              expressions: key (type: string), 1 (type: int)
-              outputColumnNames: _col0, _col1
+              expressions: key (type: string)
+              outputColumnNames: _col0
               Statistics: Num rows: 0 Data size: 30 Basic stats: PARTIAL Column stats: NONE
               Group By Operator
-                aggregations: count(_col1)
+                aggregations: count(1)
                 keys: _col0 (type: string)
                 mode: hash
                 outputColumnNames: _col0, _col1
@@ -191,7 +191,7 @@ STAGE PLANS:
             alias: inputtbl1
             Statistics: Num rows: 0 Data size: 30 Basic stats: PARTIAL Column stats: NONE
             Select Operator
-              expressions: key (type: string), UDFToLong(2) (type: bigint)
+              expressions: key (type: string), 2 (type: bigint)
               outputColumnNames: _col0, _col1
               Statistics: Num rows: 0 Data size: 30 Basic stats: PARTIAL Column stats: NONE
               File Output Operator
diff --git a/ql/src/test/results/clientpositive/union_remove_15.q.out b/ql/src/test/results/clientpositive/union_remove_15.q.out
index 0bd8d7fc6f..faf3e5832e 100644
--- a/ql/src/test/results/clientpositive/union_remove_15.q.out
+++ b/ql/src/test/results/clientpositive/union_remove_15.q.out
@@ -79,11 +79,11 @@ STAGE PLANS:
             alias: inputtbl1
             Statistics: Num rows: 0 Data size: 30 Basic stats: PARTIAL Column stats: NONE
             Select Operator
-              expressions: key (type: string), 1 (type: int)
-              outputColumnNames: _col0, _col1
+              expressions: key (type: string)
+              outputColumnNames: _col0
               Statistics: Num rows: 0 Data size: 30 Basic stats: PARTIAL Column stats: NONE
               Group By Operator
-                aggregations: count(_col1)
+                aggregations: count(1)
                 keys: _col0 (type: string)
                 mode: hash
                 outputColumnNames: _col0, _col1
@@ -133,11 +133,11 @@ STAGE PLANS:
             alias: inputtbl1
             Statistics: Num rows: 0 Data size: 30 Basic stats: PARTIAL Column stats: NONE
             Select Operator
-              expressions: key (type: string), 1 (type: int)
-              outputColumnNames: _col0, _col1
+              expressions: key (type: string)
+              outputColumnNames: _col0
               Statistics: Num rows: 0 Data size: 30 Basic stats: PARTIAL Column stats: NONE
               Group By Operator
-                aggregations: count(_col1)
+                aggregations: count(1)
                 keys: _col0 (type: string)
                 mode: hash
                 outputColumnNames: _col0, _col1
diff --git a/ql/src/test/results/clientpositive/union_remove_16.q.out b/ql/src/test/results/clientpositive/union_remove_16.q.out
index f737c2cee1..8656c11ef3 100644
--- a/ql/src/test/results/clientpositive/union_remove_16.q.out
+++ b/ql/src/test/results/clientpositive/union_remove_16.q.out
@@ -82,11 +82,11 @@ STAGE PLANS:
             alias: inputtbl1
             Statistics: Num rows: 0 Data size: 30 Basic stats: PARTIAL Column stats: NONE
             Select Operator
-              expressions: key (type: string), 1 (type: int)
-              outputColumnNames: _col0, _col1
+              expressions: key (type: string)
+              outputColumnNames: _col0
               Statistics: Num rows: 0 Data size: 30 Basic stats: PARTIAL Column stats: NONE
               Group By Operator
-                aggregations: count(_col1)
+                aggregations: count(1)
                 keys: _col0 (type: string)
                 mode: hash
                 outputColumnNames: _col0, _col1
@@ -165,11 +165,11 @@ STAGE PLANS:
             alias: inputtbl1
             Statistics: Num rows: 0 Data size: 30 Basic stats: PARTIAL Column stats: NONE
             Select Operator
-              expressions: key (type: string), 1 (type: int)
-              outputColumnNames: _col0, _col1
+              expressions: key (type: string)
+              outputColumnNames: _col0
               Statistics: Num rows: 0 Data size: 30 Basic stats: PARTIAL Column stats: NONE
               Group By Operator
-                aggregations: count(_col1)
+                aggregations: count(1)
                 keys: _col0 (type: string)
                 mode: hash
                 outputColumnNames: _col0, _col1
diff --git a/ql/src/test/results/clientpositive/union_remove_18.q.out b/ql/src/test/results/clientpositive/union_remove_18.q.out
index 707c708cd2..0ce6e81f69 100644
--- a/ql/src/test/results/clientpositive/union_remove_18.q.out
+++ b/ql/src/test/results/clientpositive/union_remove_18.q.out
@@ -77,11 +77,11 @@ STAGE PLANS:
             alias: inputtbl1
             Statistics: Num rows: 0 Data size: 30 Basic stats: PARTIAL Column stats: NONE
             Select Operator
-              expressions: key (type: string), ds (type: string), 1 (type: int)
-              outputColumnNames: _col0, _col1, _col2
+              expressions: key (type: string), ds (type: string)
+              outputColumnNames: _col0, _col1
               Statistics: Num rows: 0 Data size: 30 Basic stats: PARTIAL Column stats: NONE
               Group By Operator
-                aggregations: count(_col2)
+                aggregations: count(1)
                 keys: _col0 (type: string), _col1 (type: string)
                 mode: hash
                 outputColumnNames: _col0, _col1, _col2
@@ -131,11 +131,11 @@ STAGE PLANS:
             alias: inputtbl1
             Statistics: Num rows: 0 Data size: 30 Basic stats: PARTIAL Column stats: NONE
             Select Operator
-              expressions: key (type: string), ds (type: string), 1 (type: int)
-              outputColumnNames: _col0, _col1, _col2
+              expressions: key (type: string), ds (type: string)
+              outputColumnNames: _col0, _col1
               Statistics: Num rows: 0 Data size: 30 Basic stats: PARTIAL Column stats: NONE
               Group By Operator
-                aggregations: count(_col2)
+                aggregations: count(1)
                 keys: _col0 (type: string), _col1 (type: string)
                 mode: hash
                 outputColumnNames: _col0, _col1, _col2
diff --git a/ql/src/test/results/clientpositive/union_remove_19.q.out b/ql/src/test/results/clientpositive/union_remove_19.q.out
index 8d5b093366..b6d557ba28 100644
--- a/ql/src/test/results/clientpositive/union_remove_19.q.out
+++ b/ql/src/test/results/clientpositive/union_remove_19.q.out
@@ -77,11 +77,11 @@ STAGE PLANS:
             alias: inputtbl1
             Statistics: Num rows: 0 Data size: 30 Basic stats: PARTIAL Column stats: NONE
             Select Operator
-              expressions: key (type: string), 1 (type: int)
-              outputColumnNames: _col0, _col1
+              expressions: key (type: string)
+              outputColumnNames: _col0
               Statistics: Num rows: 0 Data size: 30 Basic stats: PARTIAL Column stats: NONE
               Group By Operator
-                aggregations: count(_col1)
+                aggregations: count(1)
                 keys: _col0 (type: string)
                 mode: hash
                 outputColumnNames: _col0, _col1
@@ -125,11 +125,11 @@ STAGE PLANS:
             alias: inputtbl1
             Statistics: Num rows: 0 Data size: 30 Basic stats: PARTIAL Column stats: NONE
             Select Operator
-              expressions: key (type: string), 1 (type: int)
-              outputColumnNames: _col0, _col1
+              expressions: key (type: string)
+              outputColumnNames: _col0
               Statistics: Num rows: 0 Data size: 30 Basic stats: PARTIAL Column stats: NONE
               Group By Operator
-                aggregations: count(_col1)
+                aggregations: count(1)
                 keys: _col0 (type: string)
                 mode: hash
                 outputColumnNames: _col0, _col1
@@ -268,11 +268,11 @@ STAGE PLANS:
               predicate: (UDFToDouble(key) = 7.0) (type: boolean)
               Statistics: Num rows: 5 Data size: 15 Basic stats: COMPLETE Column stats: NONE
               Select Operator
-                expressions: '7' (type: string), 1 (type: int)
-                outputColumnNames: _col0, _col1
+                expressions: '7' (type: string)
+                outputColumnNames: _col0
                 Statistics: Num rows: 5 Data size: 15 Basic stats: COMPLETE Column stats: NONE
                 Group By Operator
-                  aggregations: count(_col1)
+                  aggregations: count(1)
                   keys: _col0 (type: string)
                   mode: hash
                   outputColumnNames: _col0, _col1
@@ -319,11 +319,11 @@ STAGE PLANS:
               predicate: (UDFToDouble(key) = 7.0) (type: boolean)
               Statistics: Num rows: 5 Data size: 15 Basic stats: COMPLETE Column stats: NONE
               Select Operator
-                expressions: '7' (type: string), 1 (type: int)
-                outputColumnNames: _col0, _col1
+                expressions: '7' (type: string)
+                outputColumnNames: _col0
                 Statistics: Num rows: 5 Data size: 15 Basic stats: COMPLETE Column stats: NONE
                 Group By Operator
-                  aggregations: count(_col1)
+                  aggregations: count(1)
                   keys: _col0 (type: string)
                   mode: hash
                   outputColumnNames: _col0, _col1
@@ -424,11 +424,11 @@ STAGE PLANS:
               predicate: ((UDFToDouble(key) + UDFToDouble(key)) >= 7.0) (type: boolean)
               Statistics: Num rows: 0 Data size: 0 Basic stats: NONE Column stats: NONE
               Select Operator
-                expressions: key (type: string), 1 (type: int)
-                outputColumnNames: _col0, _col1
+                expressions: key (type: string)
+                outputColumnNames: _col0
                 Statistics: Num rows: 0 Data size: 0 Basic stats: NONE Column stats: NONE
                 Group By Operator
-                  aggregations: count(_col1)
+                  aggregations: count(1)
                   keys: _col0 (type: string)
                   mode: hash
                   outputColumnNames: _col0, _col1
@@ -479,11 +479,11 @@ STAGE PLANS:
               predicate: ((UDFToDouble(key) + UDFToDouble(key)) >= 7.0) (type: boolean)
               Statistics: Num rows: 0 Data size: 0 Basic stats: NONE Column stats: NONE
               Select Operator
-                expressions: key (type: string), 1 (type: int)
-                outputColumnNames: _col0, _col1
+                expressions: key (type: string)
+                outputColumnNames: _col0
                 Statistics: Num rows: 0 Data size: 0 Basic stats: NONE Column stats: NONE
                 Group By Operator
-                  aggregations: count(_col1)
+                  aggregations: count(1)
                   keys: _col0 (type: string)
                   mode: hash
                   outputColumnNames: _col0, _col1
diff --git a/ql/src/test/results/clientpositive/union_remove_2.q.out b/ql/src/test/results/clientpositive/union_remove_2.q.out
index f30d8cfac7..b9e575bdfb 100644
--- a/ql/src/test/results/clientpositive/union_remove_2.q.out
+++ b/ql/src/test/results/clientpositive/union_remove_2.q.out
@@ -80,11 +80,11 @@ STAGE PLANS:
             alias: inputtbl1
             Statistics: Num rows: 0 Data size: 30 Basic stats: PARTIAL Column stats: NONE
             Select Operator
-              expressions: key (type: string), 1 (type: int)
-              outputColumnNames: _col0, _col1
+              expressions: key (type: string)
+              outputColumnNames: _col0
               Statistics: Num rows: 0 Data size: 30 Basic stats: PARTIAL Column stats: NONE
               Group By Operator
-                aggregations: count(_col1)
+                aggregations: count(1)
                 keys: _col0 (type: string)
                 mode: hash
                 outputColumnNames: _col0, _col1
@@ -128,7 +128,7 @@ STAGE PLANS:
             alias: inputtbl1
             Statistics: Num rows: 0 Data size: 30 Basic stats: PARTIAL Column stats: NONE
             Select Operator
-              expressions: key (type: string), UDFToLong(1) (type: bigint)
+              expressions: key (type: string), 1 (type: bigint)
               outputColumnNames: _col0, _col1
               Statistics: Num rows: 0 Data size: 30 Basic stats: PARTIAL Column stats: NONE
               File Output Operator
@@ -147,7 +147,7 @@ STAGE PLANS:
             alias: inputtbl1
             Statistics: Num rows: 0 Data size: 30 Basic stats: PARTIAL Column stats: NONE
             Select Operator
-              expressions: key (type: string), UDFToLong(2) (type: bigint)
+              expressions: key (type: string), 2 (type: bigint)
               outputColumnNames: _col0, _col1
               Statistics: Num rows: 0 Data size: 30 Basic stats: PARTIAL Column stats: NONE
               File Output Operator
diff --git a/ql/src/test/results/clientpositive/union_remove_20.q.out b/ql/src/test/results/clientpositive/union_remove_20.q.out
index 79aa968030..b2819ce550 100644
--- a/ql/src/test/results/clientpositive/union_remove_20.q.out
+++ b/ql/src/test/results/clientpositive/union_remove_20.q.out
@@ -75,11 +75,11 @@ STAGE PLANS:
             alias: inputtbl1
             Statistics: Num rows: 0 Data size: 30 Basic stats: PARTIAL Column stats: NONE
             Select Operator
-              expressions: key (type: string), 1 (type: int)
-              outputColumnNames: _col0, _col1
+              expressions: key (type: string)
+              outputColumnNames: _col0
               Statistics: Num rows: 0 Data size: 30 Basic stats: PARTIAL Column stats: NONE
               Group By Operator
-                aggregations: count(_col1)
+                aggregations: count(1)
                 keys: _col0 (type: string)
                 mode: hash
                 outputColumnNames: _col0, _col1
@@ -127,11 +127,11 @@ STAGE PLANS:
             alias: inputtbl1
             Statistics: Num rows: 0 Data size: 30 Basic stats: PARTIAL Column stats: NONE
             Select Operator
-              expressions: key (type: string), 1 (type: int)
-              outputColumnNames: _col0, _col1
+              expressions: key (type: string)
+              outputColumnNames: _col0
               Statistics: Num rows: 0 Data size: 30 Basic stats: PARTIAL Column stats: NONE
               Group By Operator
-                aggregations: count(_col1)
+                aggregations: count(1)
                 keys: _col0 (type: string)
                 mode: hash
                 outputColumnNames: _col0, _col1
diff --git a/ql/src/test/results/clientpositive/union_remove_22.q.out b/ql/src/test/results/clientpositive/union_remove_22.q.out
index 77c03eb4ee..a8257d0a82 100644
--- a/ql/src/test/results/clientpositive/union_remove_22.q.out
+++ b/ql/src/test/results/clientpositive/union_remove_22.q.out
@@ -269,11 +269,11 @@ STAGE PLANS:
             alias: inputtbl1
             Statistics: Num rows: 0 Data size: 30 Basic stats: PARTIAL Column stats: NONE
             Select Operator
-              expressions: key (type: string), 1 (type: int)
-              outputColumnNames: _col0, _col1
+              expressions: key (type: string)
+              outputColumnNames: _col0
               Statistics: Num rows: 0 Data size: 30 Basic stats: PARTIAL Column stats: NONE
               Group By Operator
-                aggregations: count(_col1)
+                aggregations: count(1)
                 keys: _col0 (type: string)
                 mode: hash
                 outputColumnNames: _col0, _col1
@@ -321,11 +321,11 @@ STAGE PLANS:
             alias: inputtbl1
             Statistics: Num rows: 0 Data size: 30 Basic stats: PARTIAL Column stats: NONE
             Select Operator
-              expressions: key (type: string), 1 (type: int)
-              outputColumnNames: _col0, _col1
+              expressions: key (type: string)
+              outputColumnNames: _col0
               Statistics: Num rows: 0 Data size: 30 Basic stats: PARTIAL Column stats: NONE
               Group By Operator
-                aggregations: count(_col1)
+                aggregations: count(1)
                 keys: _col0 (type: string)
                 mode: hash
                 outputColumnNames: _col0, _col1
diff --git a/ql/src/test/results/clientpositive/union_remove_24.q.out b/ql/src/test/results/clientpositive/union_remove_24.q.out
index c4ecdd5713..d0ac662dd9 100644
--- a/ql/src/test/results/clientpositive/union_remove_24.q.out
+++ b/ql/src/test/results/clientpositive/union_remove_24.q.out
@@ -71,11 +71,11 @@ STAGE PLANS:
             alias: inputtbl1
             Statistics: Num rows: 0 Data size: 30 Basic stats: PARTIAL Column stats: NONE
             Select Operator
-              expressions: key (type: string), 1 (type: int)
-              outputColumnNames: _col0, _col1
+              expressions: key (type: string)
+              outputColumnNames: _col0
               Statistics: Num rows: 0 Data size: 30 Basic stats: PARTIAL Column stats: NONE
               Group By Operator
-                aggregations: count(_col1)
+                aggregations: count(1)
                 keys: _col0 (type: string)
                 mode: hash
                 outputColumnNames: _col0, _col1
@@ -123,11 +123,11 @@ STAGE PLANS:
             alias: inputtbl1
             Statistics: Num rows: 0 Data size: 30 Basic stats: PARTIAL Column stats: NONE
             Select Operator
-              expressions: key (type: string), 1 (type: int)
-              outputColumnNames: _col0, _col1
+              expressions: key (type: string)
+              outputColumnNames: _col0
               Statistics: Num rows: 0 Data size: 30 Basic stats: PARTIAL Column stats: NONE
               Group By Operator
-                aggregations: count(_col1)
+                aggregations: count(1)
                 keys: _col0 (type: string)
                 mode: hash
                 outputColumnNames: _col0, _col1
diff --git a/ql/src/test/results/clientpositive/union_remove_25.q.out b/ql/src/test/results/clientpositive/union_remove_25.q.out
index bbd3d64f09..4eae6d284a 100644
--- a/ql/src/test/results/clientpositive/union_remove_25.q.out
+++ b/ql/src/test/results/clientpositive/union_remove_25.q.out
@@ -89,11 +89,11 @@ STAGE PLANS:
             alias: inputtbl1
             Statistics: Num rows: 0 Data size: 30 Basic stats: PARTIAL Column stats: NONE
             Select Operator
-              expressions: key (type: string), 1 (type: int)
-              outputColumnNames: _col0, _col1
+              expressions: key (type: string)
+              outputColumnNames: _col0
               Statistics: Num rows: 0 Data size: 30 Basic stats: PARTIAL Column stats: NONE
               Group By Operator
-                aggregations: count(_col1)
+                aggregations: count(1)
                 keys: _col0 (type: string)
                 mode: hash
                 outputColumnNames: _col0, _col1
@@ -139,11 +139,11 @@ STAGE PLANS:
             alias: inputtbl1
             Statistics: Num rows: 0 Data size: 30 Basic stats: PARTIAL Column stats: NONE
             Select Operator
-              expressions: key (type: string), 1 (type: int)
-              outputColumnNames: _col0, _col1
+              expressions: key (type: string)
+              outputColumnNames: _col0
               Statistics: Num rows: 0 Data size: 30 Basic stats: PARTIAL Column stats: NONE
               Group By Operator
-                aggregations: count(_col1)
+                aggregations: count(1)
                 keys: _col0 (type: string)
                 mode: hash
                 outputColumnNames: _col0, _col1
diff --git a/ql/src/test/results/clientpositive/union_remove_4.q.out b/ql/src/test/results/clientpositive/union_remove_4.q.out
index b3fd9fcc7c..2291a43367 100644
--- a/ql/src/test/results/clientpositive/union_remove_4.q.out
+++ b/ql/src/test/results/clientpositive/union_remove_4.q.out
@@ -78,11 +78,11 @@ STAGE PLANS:
             alias: inputtbl1
             Statistics: Num rows: 0 Data size: 30 Basic stats: PARTIAL Column stats: NONE
             Select Operator
-              expressions: key (type: string), 1 (type: int)
-              outputColumnNames: _col0, _col1
+              expressions: key (type: string)
+              outputColumnNames: _col0
               Statistics: Num rows: 0 Data size: 30 Basic stats: PARTIAL Column stats: NONE
               Group By Operator
-                aggregations: count(_col1)
+                aggregations: count(1)
                 keys: _col0 (type: string)
                 mode: hash
                 outputColumnNames: _col0, _col1
@@ -165,11 +165,11 @@ STAGE PLANS:
             alias: inputtbl1
             Statistics: Num rows: 0 Data size: 30 Basic stats: PARTIAL Column stats: NONE
             Select Operator
-              expressions: key (type: string), 1 (type: int)
-              outputColumnNames: _col0, _col1
+              expressions: key (type: string)
+              outputColumnNames: _col0
               Statistics: Num rows: 0 Data size: 30 Basic stats: PARTIAL Column stats: NONE
               Group By Operator
-                aggregations: count(_col1)
+                aggregations: count(1)
                 keys: _col0 (type: string)
                 mode: hash
                 outputColumnNames: _col0, _col1
diff --git a/ql/src/test/results/clientpositive/union_remove_5.q.out b/ql/src/test/results/clientpositive/union_remove_5.q.out
index c7291509dd..26179f5b4c 100644
--- a/ql/src/test/results/clientpositive/union_remove_5.q.out
+++ b/ql/src/test/results/clientpositive/union_remove_5.q.out
@@ -87,11 +87,11 @@ STAGE PLANS:
             alias: inputtbl1
             Statistics: Num rows: 0 Data size: 30 Basic stats: PARTIAL Column stats: NONE
             Select Operator
-              expressions: key (type: string), 1 (type: int)
-              outputColumnNames: _col0, _col1
+              expressions: key (type: string)
+              outputColumnNames: _col0
               Statistics: Num rows: 0 Data size: 30 Basic stats: PARTIAL Column stats: NONE
               Group By Operator
-                aggregations: count(_col1)
+                aggregations: count(1)
                 keys: _col0 (type: string)
                 mode: hash
                 outputColumnNames: _col0, _col1
@@ -174,7 +174,7 @@ STAGE PLANS:
             alias: inputtbl1
             Statistics: Num rows: 0 Data size: 30 Basic stats: PARTIAL Column stats: NONE
             Select Operator
-              expressions: key (type: string), UDFToLong(1) (type: bigint)
+              expressions: key (type: string), 1 (type: bigint)
               outputColumnNames: _col0, _col1
               Statistics: Num rows: 0 Data size: 30 Basic stats: PARTIAL Column stats: NONE
               File Output Operator
@@ -193,7 +193,7 @@ STAGE PLANS:
             alias: inputtbl1
             Statistics: Num rows: 0 Data size: 30 Basic stats: PARTIAL Column stats: NONE
             Select Operator
-              expressions: key (type: string), UDFToLong(2) (type: bigint)
+              expressions: key (type: string), 2 (type: bigint)
               outputColumnNames: _col0, _col1
               Statistics: Num rows: 0 Data size: 30 Basic stats: PARTIAL Column stats: NONE
               File Output Operator
diff --git a/ql/src/test/results/clientpositive/union_remove_7.q.out b/ql/src/test/results/clientpositive/union_remove_7.q.out
index b6b3446317..f0e59cb2f1 100644
--- a/ql/src/test/results/clientpositive/union_remove_7.q.out
+++ b/ql/src/test/results/clientpositive/union_remove_7.q.out
@@ -77,11 +77,11 @@ STAGE PLANS:
             alias: inputtbl1
             Statistics: Num rows: 0 Data size: 30 Basic stats: PARTIAL Column stats: NONE
             Select Operator
-              expressions: key (type: string), 1 (type: int)
-              outputColumnNames: _col0, _col1
+              expressions: key (type: string)
+              outputColumnNames: _col0
               Statistics: Num rows: 0 Data size: 30 Basic stats: PARTIAL Column stats: NONE
               Group By Operator
-                aggregations: count(_col1)
+                aggregations: count(1)
                 keys: _col0 (type: string)
                 mode: hash
                 outputColumnNames: _col0, _col1
@@ -125,11 +125,11 @@ STAGE PLANS:
             alias: inputtbl1
             Statistics: Num rows: 0 Data size: 30 Basic stats: PARTIAL Column stats: NONE
             Select Operator
-              expressions: key (type: string), 1 (type: int)
-              outputColumnNames: _col0, _col1
+              expressions: key (type: string)
+              outputColumnNames: _col0
               Statistics: Num rows: 0 Data size: 30 Basic stats: PARTIAL Column stats: NONE
               Group By Operator
-                aggregations: count(_col1)
+                aggregations: count(1)
                 keys: _col0 (type: string)
                 mode: hash
                 outputColumnNames: _col0, _col1
diff --git a/ql/src/test/results/clientpositive/union_remove_8.q.out b/ql/src/test/results/clientpositive/union_remove_8.q.out
index bbac530db6..2cba717900 100644
--- a/ql/src/test/results/clientpositive/union_remove_8.q.out
+++ b/ql/src/test/results/clientpositive/union_remove_8.q.out
@@ -84,11 +84,11 @@ STAGE PLANS:
             alias: inputtbl1
             Statistics: Num rows: 0 Data size: 30 Basic stats: PARTIAL Column stats: NONE
             Select Operator
-              expressions: key (type: string), 1 (type: int)
-              outputColumnNames: _col0, _col1
+              expressions: key (type: string)
+              outputColumnNames: _col0
               Statistics: Num rows: 0 Data size: 30 Basic stats: PARTIAL Column stats: NONE
               Group By Operator
-                aggregations: count(_col1)
+                aggregations: count(1)
                 keys: _col0 (type: string)
                 mode: hash
                 outputColumnNames: _col0, _col1
@@ -132,7 +132,7 @@ STAGE PLANS:
             alias: inputtbl1
             Statistics: Num rows: 0 Data size: 30 Basic stats: PARTIAL Column stats: NONE
             Select Operator
-              expressions: key (type: string), UDFToLong(1) (type: bigint)
+              expressions: key (type: string), 1 (type: bigint)
               outputColumnNames: _col0, _col1
               Statistics: Num rows: 0 Data size: 30 Basic stats: PARTIAL Column stats: NONE
               File Output Operator
@@ -151,7 +151,7 @@ STAGE PLANS:
             alias: inputtbl1
             Statistics: Num rows: 0 Data size: 30 Basic stats: PARTIAL Column stats: NONE
             Select Operator
-              expressions: key (type: string), UDFToLong(2) (type: bigint)
+              expressions: key (type: string), 2 (type: bigint)
               outputColumnNames: _col0, _col1
               Statistics: Num rows: 0 Data size: 30 Basic stats: PARTIAL Column stats: NONE
               File Output Operator
diff --git a/ql/src/test/results/clientpositive/union_remove_9.q.out b/ql/src/test/results/clientpositive/union_remove_9.q.out
index 9ac71a42e3..75925acea9 100644
--- a/ql/src/test/results/clientpositive/union_remove_9.q.out
+++ b/ql/src/test/results/clientpositive/union_remove_9.q.out
@@ -90,11 +90,11 @@ STAGE PLANS:
             alias: inputtbl1
             Statistics: Num rows: 0 Data size: 30 Basic stats: PARTIAL Column stats: NONE
             Select Operator
-              expressions: key (type: string), 1 (type: int)
-              outputColumnNames: _col0, _col1
+              expressions: key (type: string)
+              outputColumnNames: _col0
               Statistics: Num rows: 0 Data size: 30 Basic stats: PARTIAL Column stats: NONE
               Group By Operator
-                aggregations: count(_col1)
+                aggregations: count(1)
                 keys: _col0 (type: string)
                 mode: hash
                 outputColumnNames: _col0, _col1
diff --git a/ql/src/test/results/clientpositive/union_view.q.out b/ql/src/test/results/clientpositive/union_view.q.out
index 04a27a6d17..5e69ec2986 100644
--- a/ql/src/test/results/clientpositive/union_view.q.out
+++ b/ql/src/test/results/clientpositive/union_view.q.out
@@ -262,11 +262,9 @@ STAGE PLANS:
             filterExpr: (ds = '1') (type: boolean)
             Statistics: Num rows: 500 Data size: 5312 Basic stats: COMPLETE Column stats: NONE
             Select Operator
-              expressions: 1 (type: int)
-              outputColumnNames: _col0
               Statistics: Num rows: 500 Data size: 5312 Basic stats: COMPLETE Column stats: NONE
               Group By Operator
-                aggregations: count(_col0)
+                aggregations: count(1)
                 mode: hash
                 outputColumnNames: _col0
                 Statistics: Num rows: 1 Data size: 8 Basic stats: COMPLETE Column stats: NONE
@@ -335,11 +333,9 @@ STAGE PLANS:
             filterExpr: (ds = '2') (type: boolean)
             Statistics: Num rows: 1000 Data size: 10624 Basic stats: COMPLETE Column stats: NONE
             Select Operator
-              expressions: 1 (type: int)
-              outputColumnNames: _col0
               Statistics: Num rows: 1000 Data size: 10624 Basic stats: COMPLETE Column stats: NONE
               Group By Operator
-                aggregations: count(_col0)
+                aggregations: count(1)
                 mode: hash
                 outputColumnNames: _col0
                 Statistics: Num rows: 1 Data size: 8 Basic stats: COMPLETE Column stats: NONE
@@ -408,11 +404,9 @@ STAGE PLANS:
             filterExpr: (ds = '3') (type: boolean)
             Statistics: Num rows: 1000 Data size: 10624 Basic stats: COMPLETE Column stats: NONE
             Select Operator
-              expressions: 1 (type: int)
-              outputColumnNames: _col0
               Statistics: Num rows: 1000 Data size: 10624 Basic stats: COMPLETE Column stats: NONE
               Group By Operator
-                aggregations: count(_col0)
+                aggregations: count(1)
                 mode: hash
                 outputColumnNames: _col0
                 Statistics: Num rows: 1 Data size: 8 Basic stats: COMPLETE Column stats: NONE
@@ -864,11 +858,9 @@ STAGE PLANS:
               Union
                 Statistics: Num rows: 500 Data size: 5312 Basic stats: COMPLETE Column stats: NONE
                 Select Operator
-                  expressions: 1 (type: int)
-                  outputColumnNames: _col0
                   Statistics: Num rows: 500 Data size: 5312 Basic stats: COMPLETE Column stats: NONE
                   Group By Operator
-                    aggregations: count(_col0)
+                    aggregations: count(1)
                     mode: hash
                     outputColumnNames: _col0
                     Statistics: Num rows: 1 Data size: 8 Basic stats: COMPLETE Column stats: NONE
@@ -941,11 +933,9 @@ STAGE PLANS:
               Union
                 Statistics: Num rows: 1000 Data size: 10624 Basic stats: COMPLETE Column stats: NONE
                 Select Operator
-                  expressions: 1 (type: int)
-                  outputColumnNames: _col0
                   Statistics: Num rows: 1000 Data size: 10624 Basic stats: COMPLETE Column stats: NONE
                   Group By Operator
-                    aggregations: count(_col0)
+                    aggregations: count(1)
                     mode: hash
                     outputColumnNames: _col0
                     Statistics: Num rows: 1 Data size: 8 Basic stats: COMPLETE Column stats: NONE
@@ -1018,11 +1008,9 @@ STAGE PLANS:
               Union
                 Statistics: Num rows: 1000 Data size: 10624 Basic stats: COMPLETE Column stats: NONE
                 Select Operator
-                  expressions: 1 (type: int)
-                  outputColumnNames: _col0
                   Statistics: Num rows: 1000 Data size: 10624 Basic stats: COMPLETE Column stats: NONE
                   Group By Operator
-                    aggregations: count(_col0)
+                    aggregations: count(1)
                     mode: hash
                     outputColumnNames: _col0
                     Statistics: Num rows: 1 Data size: 8 Basic stats: COMPLETE Column stats: NONE
@@ -1164,11 +1152,9 @@ STAGE PLANS:
               Union
                 Statistics: Num rows: 500 Data size: 5312 Basic stats: COMPLETE Column stats: NONE
                 Select Operator
-                  expressions: 1 (type: int)
-                  outputColumnNames: _col0
                   Statistics: Num rows: 500 Data size: 5312 Basic stats: COMPLETE Column stats: NONE
                   Group By Operator
-                    aggregations: count(_col0)
+                    aggregations: count(1)
                     mode: hash
                     outputColumnNames: _col0
                     Statistics: Num rows: 1 Data size: 8 Basic stats: COMPLETE Column stats: NONE
diff --git a/ql/src/test/results/clientpositive/vector_cast_constant.q.out b/ql/src/test/results/clientpositive/vector_cast_constant.q.out
index a701d59edd..0179712f1f 100644
--- a/ql/src/test/results/clientpositive/vector_cast_constant.q.out
+++ b/ql/src/test/results/clientpositive/vector_cast_constant.q.out
@@ -123,11 +123,11 @@ STAGE PLANS:
             alias: over1korc
             Statistics: Num rows: 1049 Data size: 311170 Basic stats: COMPLETE Column stats: NONE
             Select Operator
-              expressions: i (type: int), 50 (type: int), 50.0 (type: double), CAST( 50 AS decimal(10,0)) (type: decimal(10,0))
-              outputColumnNames: _col0, _col1, _col2, _col3
+              expressions: i (type: int)
+              outputColumnNames: _col0
               Statistics: Num rows: 1049 Data size: 311170 Basic stats: COMPLETE Column stats: NONE
               Group By Operator
-                aggregations: avg(_col1), avg(_col2), avg(_col3)
+                aggregations: avg(50), avg(50.0), avg(50)
                 keys: _col0 (type: int)
                 mode: hash
                 outputColumnNames: _col0, _col1, _col2, _col3
@@ -137,7 +137,7 @@ STAGE PLANS:
                   sort order: +
                   Map-reduce partition columns: _col0 (type: int)
                   Statistics: Num rows: 1049 Data size: 311170 Basic stats: COMPLETE Column stats: NONE
-                  value expressions: _col1 (type: struct<count:bigint,sum:double,input:int>), _col2 (type: struct<count:bigint,sum:double,input:double>), _col3 (type: struct<count:bigint,sum:decimal(20,0),input:decimal(10,0)>)
+                  value expressions: _col1 (type: struct<count:bigint,sum:double,input:int>), _col2 (type: struct<count:bigint,sum:double,input:double>), _col3 (type: struct<count:bigint,sum:decimal(12,0),input:decimal(10,0)>)
       Execution mode: vectorized
       Reduce Operator Tree:
         Group By Operator
diff --git a/ql/src/test/results/clientpositive/vector_decimal_2.q.out b/ql/src/test/results/clientpositive/vector_decimal_2.q.out
index fceb027c4e..b22d00c0a5 100644
--- a/ql/src/test/results/clientpositive/vector_decimal_2.q.out
+++ b/ql/src/test/results/clientpositive/vector_decimal_2.q.out
@@ -914,17 +914,17 @@ STAGE PLANS:
             alias: decimal_2
             Statistics: Num rows: 1 Data size: 112 Basic stats: COMPLETE Column stats: COMPLETE
             Select Operator
-              expressions: CAST( 3.14 AS decimal(4,2)) (type: decimal(4,2))
+              expressions: 3.14 (type: decimal(4,2))
               outputColumnNames: _col0
               Statistics: Num rows: 1 Data size: 112 Basic stats: COMPLETE Column stats: COMPLETE
               Reduce Output Operator
-                key expressions: _col0 (type: decimal(4,2))
+                key expressions: 3.14 (type: decimal(3,2))
                 sort order: +
                 Statistics: Num rows: 1 Data size: 112 Basic stats: COMPLETE Column stats: COMPLETE
-      Execution mode: vectorized
+                value expressions: _col0 (type: decimal(4,2))
       Reduce Operator Tree:
         Select Operator
-          expressions: KEY.reducesinkkey0 (type: decimal(4,2))
+          expressions: VALUE._col0 (type: decimal(4,2))
           outputColumnNames: _col0
           Statistics: Num rows: 1 Data size: 112 Basic stats: COMPLETE Column stats: COMPLETE
           File Output Operator
@@ -968,17 +968,17 @@ STAGE PLANS:
             alias: decimal_2
             Statistics: Num rows: 1 Data size: 112 Basic stats: COMPLETE Column stats: COMPLETE
             Select Operator
-              expressions: CAST( 3.14 AS decimal(4,2)) (type: decimal(4,2))
+              expressions: 3.14 (type: decimal(4,2))
               outputColumnNames: _col0
               Statistics: Num rows: 1 Data size: 112 Basic stats: COMPLETE Column stats: COMPLETE
               Reduce Output Operator
-                key expressions: _col0 (type: decimal(4,2))
+                key expressions: 3.14 (type: decimal(3,2))
                 sort order: +
                 Statistics: Num rows: 1 Data size: 112 Basic stats: COMPLETE Column stats: COMPLETE
-      Execution mode: vectorized
+                value expressions: _col0 (type: decimal(4,2))
       Reduce Operator Tree:
         Select Operator
-          expressions: KEY.reducesinkkey0 (type: decimal(4,2))
+          expressions: VALUE._col0 (type: decimal(4,2))
           outputColumnNames: _col0
           Statistics: Num rows: 1 Data size: 112 Basic stats: COMPLETE Column stats: COMPLETE
           File Output Operator
@@ -1022,16 +1022,17 @@ STAGE PLANS:
             alias: decimal_2
             Statistics: Num rows: 1 Data size: 112 Basic stats: COMPLETE Column stats: COMPLETE
             Select Operator
-              expressions: CAST( 2012-12-19 11:12:19.1234567 AS decimal(30,8)) (type: decimal(30,8))
+              expressions: 1355944339.1234567 (type: decimal(30,8))
               outputColumnNames: _col0
               Statistics: Num rows: 1 Data size: 112 Basic stats: COMPLETE Column stats: COMPLETE
               Reduce Output Operator
-                key expressions: _col0 (type: decimal(30,8))
+                key expressions: 1355944339.1234567 (type: decimal(17,7))
                 sort order: +
                 Statistics: Num rows: 1 Data size: 112 Basic stats: COMPLETE Column stats: COMPLETE
+                value expressions: _col0 (type: decimal(30,8))
       Reduce Operator Tree:
         Select Operator
-          expressions: KEY.reducesinkkey0 (type: decimal(30,8))
+          expressions: VALUE._col0 (type: decimal(30,8))
           outputColumnNames: _col0
           Statistics: Num rows: 1 Data size: 112 Basic stats: COMPLETE Column stats: COMPLETE
           File Output Operator
@@ -1075,16 +1076,18 @@ STAGE PLANS:
             alias: decimal_2
             Statistics: Num rows: 1 Data size: 112 Basic stats: COMPLETE Column stats: COMPLETE
             Select Operator
-              expressions: CAST( true AS decimal(10,0)) (type: decimal(10,0))
+              expressions: 1 (type: decimal(10,0))
               outputColumnNames: _col0
               Statistics: Num rows: 1 Data size: 112 Basic stats: COMPLETE Column stats: COMPLETE
               Reduce Output Operator
-                key expressions: _col0 (type: decimal(10,0))
+                key expressions: 1 (type: int)
                 sort order: +
                 Statistics: Num rows: 1 Data size: 112 Basic stats: COMPLETE Column stats: COMPLETE
+                value expressions: _col0 (type: decimal(10,0))
+      Execution mode: vectorized
       Reduce Operator Tree:
         Select Operator
-          expressions: KEY.reducesinkkey0 (type: decimal(10,0))
+          expressions: VALUE._col0 (type: decimal(10,0))
           outputColumnNames: _col0
           Statistics: Num rows: 1 Data size: 112 Basic stats: COMPLETE Column stats: COMPLETE
           File Output Operator
@@ -1119,16 +1122,18 @@ STAGE PLANS:
             alias: decimal_2
             Statistics: Num rows: 1 Data size: 112 Basic stats: COMPLETE Column stats: COMPLETE
             Select Operator
-              expressions: CAST( true AS decimal(10,0)) (type: decimal(10,0))
+              expressions: 1 (type: decimal(10,0))
               outputColumnNames: _col0
               Statistics: Num rows: 1 Data size: 112 Basic stats: COMPLETE Column stats: COMPLETE
               Reduce Output Operator
-                key expressions: _col0 (type: decimal(10,0))
+                key expressions: 1 (type: int)
                 sort order: +
                 Statistics: Num rows: 1 Data size: 112 Basic stats: COMPLETE Column stats: COMPLETE
+                value expressions: _col0 (type: decimal(10,0))
+      Execution mode: vectorized
       Reduce Operator Tree:
         Select Operator
-          expressions: KEY.reducesinkkey0 (type: decimal(10,0))
+          expressions: VALUE._col0 (type: decimal(10,0))
           outputColumnNames: _col0
           Statistics: Num rows: 1 Data size: 112 Basic stats: COMPLETE Column stats: COMPLETE
           File Output Operator
@@ -1172,17 +1177,18 @@ STAGE PLANS:
             alias: decimal_2
             Statistics: Num rows: 1 Data size: 112 Basic stats: COMPLETE Column stats: COMPLETE
             Select Operator
-              expressions: CAST( 3 AS decimal(10,0)) (type: decimal(10,0))
+              expressions: 3 (type: decimal(10,0))
               outputColumnNames: _col0
               Statistics: Num rows: 1 Data size: 112 Basic stats: COMPLETE Column stats: COMPLETE
               Reduce Output Operator
-                key expressions: _col0 (type: decimal(10,0))
+                key expressions: 3 (type: int)
                 sort order: +
                 Statistics: Num rows: 1 Data size: 112 Basic stats: COMPLETE Column stats: COMPLETE
+                value expressions: _col0 (type: decimal(10,0))
       Execution mode: vectorized
       Reduce Operator Tree:
         Select Operator
-          expressions: KEY.reducesinkkey0 (type: decimal(10,0))
+          expressions: VALUE._col0 (type: decimal(10,0))
           outputColumnNames: _col0
           Statistics: Num rows: 1 Data size: 112 Basic stats: COMPLETE Column stats: COMPLETE
           File Output Operator
@@ -1226,17 +1232,18 @@ STAGE PLANS:
             alias: decimal_2
             Statistics: Num rows: 1 Data size: 112 Basic stats: COMPLETE Column stats: COMPLETE
             Select Operator
-              expressions: CAST( 3 AS decimal(10,0)) (type: decimal(10,0))
+              expressions: 3 (type: decimal(10,0))
               outputColumnNames: _col0
               Statistics: Num rows: 1 Data size: 112 Basic stats: COMPLETE Column stats: COMPLETE
               Reduce Output Operator
-                key expressions: _col0 (type: decimal(10,0))
+                key expressions: 3 (type: int)
                 sort order: +
                 Statistics: Num rows: 1 Data size: 112 Basic stats: COMPLETE Column stats: COMPLETE
+                value expressions: _col0 (type: decimal(10,0))
       Execution mode: vectorized
       Reduce Operator Tree:
         Select Operator
-          expressions: KEY.reducesinkkey0 (type: decimal(10,0))
+          expressions: VALUE._col0 (type: decimal(10,0))
           outputColumnNames: _col0
           Statistics: Num rows: 1 Data size: 112 Basic stats: COMPLETE Column stats: COMPLETE
           File Output Operator
@@ -1280,17 +1287,18 @@ STAGE PLANS:
             alias: decimal_2
             Statistics: Num rows: 1 Data size: 112 Basic stats: COMPLETE Column stats: COMPLETE
             Select Operator
-              expressions: CAST( 3 AS decimal(10,0)) (type: decimal(10,0))
+              expressions: 3 (type: decimal(10,0))
               outputColumnNames: _col0
               Statistics: Num rows: 1 Data size: 112 Basic stats: COMPLETE Column stats: COMPLETE
               Reduce Output Operator
-                key expressions: _col0 (type: decimal(10,0))
+                key expressions: 3 (type: int)
                 sort order: +
                 Statistics: Num rows: 1 Data size: 112 Basic stats: COMPLETE Column stats: COMPLETE
+                value expressions: _col0 (type: decimal(10,0))
       Execution mode: vectorized
       Reduce Operator Tree:
         Select Operator
-          expressions: KEY.reducesinkkey0 (type: decimal(10,0))
+          expressions: VALUE._col0 (type: decimal(10,0))
           outputColumnNames: _col0
           Statistics: Num rows: 1 Data size: 112 Basic stats: COMPLETE Column stats: COMPLETE
           File Output Operator
@@ -1334,17 +1342,18 @@ STAGE PLANS:
             alias: decimal_2
             Statistics: Num rows: 1 Data size: 112 Basic stats: COMPLETE Column stats: COMPLETE
             Select Operator
-              expressions: CAST( 3 AS decimal(10,0)) (type: decimal(10,0))
+              expressions: 3 (type: decimal(10,0))
               outputColumnNames: _col0
               Statistics: Num rows: 1 Data size: 112 Basic stats: COMPLETE Column stats: COMPLETE
               Reduce Output Operator
-                key expressions: _col0 (type: decimal(10,0))
+                key expressions: 3 (type: int)
                 sort order: +
                 Statistics: Num rows: 1 Data size: 112 Basic stats: COMPLETE Column stats: COMPLETE
+                value expressions: _col0 (type: decimal(10,0))
       Execution mode: vectorized
       Reduce Operator Tree:
         Select Operator
-          expressions: KEY.reducesinkkey0 (type: decimal(10,0))
+          expressions: VALUE._col0 (type: decimal(10,0))
           outputColumnNames: _col0
           Statistics: Num rows: 1 Data size: 112 Basic stats: COMPLETE Column stats: COMPLETE
           File Output Operator
@@ -1388,17 +1397,18 @@ STAGE PLANS:
             alias: decimal_2
             Statistics: Num rows: 1 Data size: 112 Basic stats: COMPLETE Column stats: COMPLETE
             Select Operator
-              expressions: CAST( 1.0 AS decimal(20,19)) (type: decimal(20,19))
+              expressions: 1 (type: decimal(20,19))
               outputColumnNames: _col0
               Statistics: Num rows: 1 Data size: 112 Basic stats: COMPLETE Column stats: COMPLETE
               Reduce Output Operator
-                key expressions: _col0 (type: decimal(20,19))
+                key expressions: 1 (type: int)
                 sort order: +
                 Statistics: Num rows: 1 Data size: 112 Basic stats: COMPLETE Column stats: COMPLETE
+                value expressions: _col0 (type: decimal(20,19))
       Execution mode: vectorized
       Reduce Operator Tree:
         Select Operator
-          expressions: KEY.reducesinkkey0 (type: decimal(20,19))
+          expressions: VALUE._col0 (type: decimal(20,19))
           outputColumnNames: _col0
           Statistics: Num rows: 1 Data size: 112 Basic stats: COMPLETE Column stats: COMPLETE
           File Output Operator
@@ -1442,16 +1452,17 @@ STAGE PLANS:
             alias: decimal_2
             Statistics: Num rows: 1 Data size: 112 Basic stats: COMPLETE Column stats: COMPLETE
             Select Operator
-              expressions: CAST( '0.99999999999999999999' AS decimal(20,20)) (type: decimal(20,20))
+              expressions: 0.99999999999999999999 (type: decimal(20,20))
               outputColumnNames: _col0
               Statistics: Num rows: 1 Data size: 112 Basic stats: COMPLETE Column stats: COMPLETE
               Reduce Output Operator
-                key expressions: _col0 (type: decimal(20,20))
+                key expressions: 0.99999999999999999999 (type: decimal(20,20))
                 sort order: +
                 Statistics: Num rows: 1 Data size: 112 Basic stats: COMPLETE Column stats: COMPLETE
+                value expressions: _col0 (type: decimal(20,20))
       Reduce Operator Tree:
         Select Operator
-          expressions: KEY.reducesinkkey0 (type: decimal(20,20))
+          expressions: VALUE._col0 (type: decimal(20,20))
           outputColumnNames: _col0
           Statistics: Num rows: 1 Data size: 112 Basic stats: COMPLETE Column stats: COMPLETE
           File Output Operator
diff --git a/ql/src/test/results/clientpositive/vector_decimal_udf.q.out b/ql/src/test/results/clientpositive/vector_decimal_udf.q.out
index 235f678046..bc57930ace 100644
--- a/ql/src/test/results/clientpositive/vector_decimal_udf.q.out
+++ b/ql/src/test/results/clientpositive/vector_decimal_udf.q.out
@@ -2407,11 +2407,11 @@ STAGE PLANS:
             alias: decimal_udf
             Statistics: Num rows: 38 Data size: 4296 Basic stats: COMPLETE Column stats: NONE
             Select Operator
-              expressions: key (type: decimal(20,10)), 3 (type: int)
-              outputColumnNames: _col0, _col1
+              expressions: key (type: decimal(20,10))
+              outputColumnNames: _col0
               Statistics: Num rows: 38 Data size: 4296 Basic stats: COMPLETE Column stats: NONE
               Group By Operator
-                aggregations: histogram_numeric(_col0, _col1)
+                aggregations: histogram_numeric(_col0, 3)
                 mode: hash
                 outputColumnNames: _col0
                 Statistics: Num rows: 1 Data size: 0 Basic stats: PARTIAL Column stats: NONE
diff --git a/serde/src/java/org/apache/hadoop/hive/serde2/lazy/objectinspector/primitive/LazyVoidObjectInspector.java b/serde/src/java/org/apache/hadoop/hive/serde2/lazy/objectinspector/primitive/LazyVoidObjectInspector.java
index d63d75a663..7d2d8e7d1f 100644
--- a/serde/src/java/org/apache/hadoop/hive/serde2/lazy/objectinspector/primitive/LazyVoidObjectInspector.java
+++ b/serde/src/java/org/apache/hadoop/hive/serde2/lazy/objectinspector/primitive/LazyVoidObjectInspector.java
@@ -39,6 +39,6 @@ public Object copyObject(Object o) {
 
   @Override
   public Object getPrimitiveJavaObject(Object o) {
-    throw new RuntimeException("Internal error: cannot create Void object.");
+    return null;
   }
 }
diff --git a/serde/src/java/org/apache/hadoop/hive/serde2/objectinspector/ObjectInspectorUtils.java b/serde/src/java/org/apache/hadoop/hive/serde2/objectinspector/ObjectInspectorUtils.java
index e844979f2c..5e67a07a17 100644
--- a/serde/src/java/org/apache/hadoop/hive/serde2/objectinspector/ObjectInspectorUtils.java
+++ b/serde/src/java/org/apache/hadoop/hive/serde2/objectinspector/ObjectInspectorUtils.java
@@ -1000,6 +1000,9 @@ public static boolean compareTypes(ObjectInspector o1, ObjectInspector o2) {
   }
 
   public static ConstantObjectInspector getConstantObjectInspector(ObjectInspector oi, Object value) {
+    if (oi instanceof ConstantObjectInspector) {
+      return (ConstantObjectInspector) oi;  
+    }
     ObjectInspector writableOI = getStandardObjectInspector(oi, ObjectInspectorCopyOption.WRITABLE);
     Object writableValue =
       ObjectInspectorConverters.getConverter(oi, writableOI).convert(value);
diff --git a/serde/src/java/org/apache/hadoop/hive/serde2/objectinspector/primitive/WritableVoidObjectInspector.java b/serde/src/java/org/apache/hadoop/hive/serde2/objectinspector/primitive/WritableVoidObjectInspector.java
index 02b672aec7..f3f4838196 100644
--- a/serde/src/java/org/apache/hadoop/hive/serde2/objectinspector/primitive/WritableVoidObjectInspector.java
+++ b/serde/src/java/org/apache/hadoop/hive/serde2/objectinspector/primitive/WritableVoidObjectInspector.java
@@ -44,6 +44,6 @@ public Object getWritableConstantValue() {
 
   @Override
   public Object getPrimitiveJavaObject(Object o) {
-    throw new RuntimeException("Internal error: cannot create Void object.");
+    return null;
   }
 }
