diff --git a/ql/src/java/org/apache/hadoop/hive/ql/optimizer/stats/annotation/StatsRulesProcFactory.java b/ql/src/java/org/apache/hadoop/hive/ql/optimizer/stats/annotation/StatsRulesProcFactory.java
index 8bba7b6f7c..d18e1a7c59 100644
--- a/ql/src/java/org/apache/hadoop/hive/ql/optimizer/stats/annotation/StatsRulesProcFactory.java
+++ b/ql/src/java/org/apache/hadoop/hive/ql/optimizer/stats/annotation/StatsRulesProcFactory.java
@@ -1589,6 +1589,9 @@ public Object process(Node nd, Stack<Node> stack, NodeProcessorCtx procCtx,
 
         if (satisfyPrecondition(parentStats)) {
           Statistics stats = parentStats.clone();
+          List<ColStatistics> colStats = StatsUtils.getColStatisticsUpdatingTableAlias(
+                  parentStats, lop.getSchema());
+          stats.setColumnStats(colStats);
 
           // if limit is greater than available rows then do not update
           // statistics
diff --git a/ql/src/java/org/apache/hadoop/hive/ql/stats/StatsUtils.java b/ql/src/java/org/apache/hadoop/hive/ql/stats/StatsUtils.java
index 30f63a27cb..b23baf3359 100644
--- a/ql/src/java/org/apache/hadoop/hive/ql/stats/StatsUtils.java
+++ b/ql/src/java/org/apache/hadoop/hive/ql/stats/StatsUtils.java
@@ -20,7 +20,6 @@
 
 import com.google.common.base.Joiner;
 import com.google.common.collect.Lists;
-import com.google.common.math.DoubleMath;
 import com.google.common.math.LongMath;
 
 import org.apache.commons.logging.Log;
@@ -1020,8 +1019,6 @@ public static List<ColStatistics> getColStatisticsFromExprMap(HiveConf conf,
         if (colStat != null) {
           colStat.setColumnName(outColName);
           colStat.setTableAlias(outTabAlias);
-        }
-        if (colStat != null) {
           cs.add(colStat);
         }
       }
@@ -1040,6 +1037,39 @@ public static List<ColStatistics> getColStatisticsFromExprMap(HiveConf conf,
     return cs;
   }
 
+  /**
+   * Get column statistics from parent statistics given the
+   * row schema of its child.
+   * @param parentStats
+   *          - parent statistics
+   * @param rowSchema
+   *          - row schema
+   * @return column statistics
+   */
+  public static List<ColStatistics> getColStatisticsUpdatingTableAlias(
+          Statistics parentStats, RowSchema rowSchema) {
+
+    List<ColStatistics> cs = Lists.newArrayList();
+
+    for (ColStatistics parentColStat : parentStats.getColumnStats()) {
+      ColStatistics colStat;
+      try {
+        colStat = parentColStat.clone();
+      } catch (CloneNotSupportedException e) {
+        colStat = null;
+      }
+      if (colStat != null) {
+        ColumnInfo ci = rowSchema.getColumnInfo(colStat.getColumnName());
+        if (ci != null) {
+          colStat.setTableAlias(ci.getTabAlias());
+        }
+        cs.add(colStat);
+      }
+    }
+
+    return cs;
+  }
+
   /**
    * Get column statistics expression nodes
    * @param conf
diff --git a/ql/src/test/results/clientpositive/annotate_stats_select.q.out b/ql/src/test/results/clientpositive/annotate_stats_select.q.out
index 8984d02c4a..a4c8c41c67 100644
--- a/ql/src/test/results/clientpositive/annotate_stats_select.q.out
+++ b/ql/src/test/results/clientpositive/annotate_stats_select.q.out
@@ -1062,17 +1062,17 @@ STAGE PLANS:
         Select Operator
           expressions: VALUE._col0 (type: string)
           outputColumnNames: _col0
-          Statistics: Num rows: 2 Data size: 0 Basic stats: PARTIAL Column stats: COMPLETE
+          Statistics: Num rows: 2 Data size: 178 Basic stats: COMPLETE Column stats: COMPLETE
           Limit
             Number of rows: 10
-            Statistics: Num rows: 2 Data size: 0 Basic stats: PARTIAL Column stats: COMPLETE
+            Statistics: Num rows: 2 Data size: 178 Basic stats: COMPLETE Column stats: COMPLETE
             Select Operator
               expressions: _col0 (type: string), 11.0 (type: double)
               outputColumnNames: _col0, _col1
-              Statistics: Num rows: 2 Data size: 0 Basic stats: PARTIAL Column stats: COMPLETE
+              Statistics: Num rows: 2 Data size: 194 Basic stats: COMPLETE Column stats: COMPLETE
               File Output Operator
                 compressed: false
-                Statistics: Num rows: 2 Data size: 0 Basic stats: PARTIAL Column stats: COMPLETE
+                Statistics: Num rows: 2 Data size: 194 Basic stats: COMPLETE Column stats: COMPLETE
                 table:
                     input format: org.apache.hadoop.mapred.TextInputFormat
                     output format: org.apache.hadoop.hive.ql.io.HiveIgnoreKeyTextOutputFormat
