diff --git a/ql/src/test/results/clientpositive/union_view.q.out b/ql/src/test/results/clientpositive/union_view.q.out
index 68854b3cad..9181e9b199 100644
--- a/ql/src/test/results/clientpositive/union_view.q.out
+++ b/ql/src/test/results/clientpositive/union_view.q.out
@@ -373,6 +373,54 @@ STAGE PLANS:
                           input format: org.apache.hadoop.mapred.TextInputFormat
                           output format: org.apache.hadoop.hive.ql.io.HiveIgnoreKeyTextOutputFormat
                           serde: org.apache.hadoop.hive.serde2.lazy.LazySimpleSerDe
+          TableScan
+            alias: src_union_2
+            filterExpr: ((key = 86) and (ds = '1')) (type: boolean)
+            Statistics: Num rows: 0 Data size: 0 Basic stats: NONE Column stats: NONE
+            Filter Operator
+              predicate: ((key = 86) and (ds = '1')) (type: boolean)
+              Statistics: Num rows: 0 Data size: 0 Basic stats: NONE Column stats: NONE
+              Select Operator
+                expressions: value (type: string)
+                outputColumnNames: _col1
+                Statistics: Num rows: 0 Data size: 0 Basic stats: NONE Column stats: NONE
+                Union
+                  Statistics: Num rows: 250 Data size: 2656 Basic stats: COMPLETE Column stats: NONE
+                  Select Operator
+                    expressions: 86 (type: int), _col1 (type: string), '1' (type: string)
+                    outputColumnNames: _col0, _col1, _col2
+                    Statistics: Num rows: 250 Data size: 2656 Basic stats: COMPLETE Column stats: NONE
+                    File Output Operator
+                      compressed: false
+                      Statistics: Num rows: 250 Data size: 2656 Basic stats: COMPLETE Column stats: NONE
+                      table:
+                          input format: org.apache.hadoop.mapred.TextInputFormat
+                          output format: org.apache.hadoop.hive.ql.io.HiveIgnoreKeyTextOutputFormat
+                          serde: org.apache.hadoop.hive.serde2.lazy.LazySimpleSerDe
+          TableScan
+            alias: src_union_3
+            filterExpr: ((key = 86) and (ds = '1')) (type: boolean)
+            Statistics: Num rows: 0 Data size: 0 Basic stats: NONE Column stats: NONE
+            Filter Operator
+              predicate: ((key = 86) and (ds = '1')) (type: boolean)
+              Statistics: Num rows: 0 Data size: 0 Basic stats: NONE Column stats: NONE
+              Select Operator
+                expressions: value (type: string)
+                outputColumnNames: _col1
+                Statistics: Num rows: 0 Data size: 0 Basic stats: NONE Column stats: NONE
+                Union
+                  Statistics: Num rows: 250 Data size: 2656 Basic stats: COMPLETE Column stats: NONE
+                  Select Operator
+                    expressions: 86 (type: int), _col1 (type: string), '1' (type: string)
+                    outputColumnNames: _col0, _col1, _col2
+                    Statistics: Num rows: 250 Data size: 2656 Basic stats: COMPLETE Column stats: NONE
+                    File Output Operator
+                      compressed: false
+                      Statistics: Num rows: 250 Data size: 2656 Basic stats: COMPLETE Column stats: NONE
+                      table:
+                          input format: org.apache.hadoop.mapred.TextInputFormat
+                          output format: org.apache.hadoop.hive.ql.io.HiveIgnoreKeyTextOutputFormat
+                          serde: org.apache.hadoop.hive.serde2.lazy.LazySimpleSerDe
 
   Stage: Stage-0
     Fetch Operator
@@ -414,6 +462,30 @@ STAGE PLANS:
   Stage: Stage-1
     Map Reduce
       Map Operator Tree:
+          TableScan
+            alias: src_union_1
+            filterExpr: ((key = 86) and (ds = '2')) (type: boolean)
+            Statistics: Num rows: 0 Data size: 0 Basic stats: NONE Column stats: NONE
+            Filter Operator
+              predicate: ((key = 86) and (ds = '2')) (type: boolean)
+              Statistics: Num rows: 0 Data size: 0 Basic stats: NONE Column stats: NONE
+              Select Operator
+                expressions: value (type: string)
+                outputColumnNames: _col1
+                Statistics: Num rows: 0 Data size: 0 Basic stats: NONE Column stats: NONE
+                Union
+                  Statistics: Num rows: 500 Data size: 5312 Basic stats: COMPLETE Column stats: NONE
+                  Select Operator
+                    expressions: 86 (type: int), _col1 (type: string), '2' (type: string)
+                    outputColumnNames: _col0, _col1, _col2
+                    Statistics: Num rows: 500 Data size: 5312 Basic stats: COMPLETE Column stats: NONE
+                    File Output Operator
+                      compressed: false
+                      Statistics: Num rows: 500 Data size: 5312 Basic stats: COMPLETE Column stats: NONE
+                      table:
+                          input format: org.apache.hadoop.mapred.TextInputFormat
+                          output format: org.apache.hadoop.hive.ql.io.HiveIgnoreKeyTextOutputFormat
+                          serde: org.apache.hadoop.hive.serde2.lazy.LazySimpleSerDe
           TableScan
             alias: src_union_2
             filterExpr: ((key = 86) and (ds = '2')) (type: boolean)
@@ -438,6 +510,30 @@ STAGE PLANS:
                           input format: org.apache.hadoop.mapred.TextInputFormat
                           output format: org.apache.hadoop.hive.ql.io.HiveIgnoreKeyTextOutputFormat
                           serde: org.apache.hadoop.hive.serde2.lazy.LazySimpleSerDe
+          TableScan
+            alias: src_union_3
+            filterExpr: ((key = 86) and (ds = '2')) (type: boolean)
+            Statistics: Num rows: 0 Data size: 0 Basic stats: NONE Column stats: NONE
+            Filter Operator
+              predicate: ((key = 86) and (ds = '2')) (type: boolean)
+              Statistics: Num rows: 0 Data size: 0 Basic stats: NONE Column stats: NONE
+              Select Operator
+                expressions: value (type: string)
+                outputColumnNames: _col1
+                Statistics: Num rows: 0 Data size: 0 Basic stats: NONE Column stats: NONE
+                Union
+                  Statistics: Num rows: 500 Data size: 5312 Basic stats: COMPLETE Column stats: NONE
+                  Select Operator
+                    expressions: 86 (type: int), _col1 (type: string), '2' (type: string)
+                    outputColumnNames: _col0, _col1, _col2
+                    Statistics: Num rows: 500 Data size: 5312 Basic stats: COMPLETE Column stats: NONE
+                    File Output Operator
+                      compressed: false
+                      Statistics: Num rows: 500 Data size: 5312 Basic stats: COMPLETE Column stats: NONE
+                      table:
+                          input format: org.apache.hadoop.mapred.TextInputFormat
+                          output format: org.apache.hadoop.hive.ql.io.HiveIgnoreKeyTextOutputFormat
+                          serde: org.apache.hadoop.hive.serde2.lazy.LazySimpleSerDe
 
   Stage: Stage-0
     Fetch Operator
@@ -480,16 +576,16 @@ STAGE PLANS:
     Map Reduce
       Map Operator Tree:
           TableScan
-            alias: src_union_3
+            alias: src_union_1
             filterExpr: ((key = 86) and (ds = '3')) (type: boolean)
-            Statistics: Num rows: 1000 Data size: 10624 Basic stats: COMPLETE Column stats: NONE
+            Statistics: Num rows: 0 Data size: 0 Basic stats: NONE Column stats: NONE
             Filter Operator
-              predicate: (key = 86) (type: boolean)
-              Statistics: Num rows: 500 Data size: 5312 Basic stats: COMPLETE Column stats: NONE
+              predicate: ((key = 86) and (ds = '3')) (type: boolean)
+              Statistics: Num rows: 0 Data size: 0 Basic stats: NONE Column stats: NONE
               Select Operator
                 expressions: value (type: string)
                 outputColumnNames: _col1
-                Statistics: Num rows: 500 Data size: 5312 Basic stats: COMPLETE Column stats: NONE
+                Statistics: Num rows: 0 Data size: 0 Basic stats: NONE Column stats: NONE
                 Union
                   Statistics: Num rows: 500 Data size: 5312 Basic stats: COMPLETE Column stats: NONE
                   Select Operator
@@ -505,48 +601,48 @@ STAGE PLANS:
                           serde: org.apache.hadoop.hive.serde2.lazy.LazySimpleSerDe
           TableScan
             alias: src_union_2
-            filterExpr: ((key = 86) and (ds = '1')) (type: boolean)
+            filterExpr: ((key = 86) and (ds = '3')) (type: boolean)
             Statistics: Num rows: 0 Data size: 0 Basic stats: NONE Column stats: NONE
             Filter Operator
-              predicate: ((key = 86) and (ds = '1')) (type: boolean)
+              predicate: ((key = 86) and (ds = '3')) (type: boolean)
               Statistics: Num rows: 0 Data size: 0 Basic stats: NONE Column stats: NONE
               Select Operator
                 expressions: value (type: string)
                 outputColumnNames: _col1
                 Statistics: Num rows: 0 Data size: 0 Basic stats: NONE Column stats: NONE
                 Union
-                  Statistics: Num rows: 250 Data size: 2656 Basic stats: COMPLETE Column stats: NONE
+                  Statistics: Num rows: 500 Data size: 5312 Basic stats: COMPLETE Column stats: NONE
                   Select Operator
-                    expressions: 86 (type: int), _col1 (type: string), '1' (type: string)
+                    expressions: 86 (type: int), _col1 (type: string), '3' (type: string)
                     outputColumnNames: _col0, _col1, _col2
-                    Statistics: Num rows: 250 Data size: 2656 Basic stats: COMPLETE Column stats: NONE
+                    Statistics: Num rows: 500 Data size: 5312 Basic stats: COMPLETE Column stats: NONE
                     File Output Operator
                       compressed: false
-                      Statistics: Num rows: 250 Data size: 2656 Basic stats: COMPLETE Column stats: NONE
+                      Statistics: Num rows: 500 Data size: 5312 Basic stats: COMPLETE Column stats: NONE
                       table:
                           input format: org.apache.hadoop.mapred.TextInputFormat
                           output format: org.apache.hadoop.hive.ql.io.HiveIgnoreKeyTextOutputFormat
                           serde: org.apache.hadoop.hive.serde2.lazy.LazySimpleSerDe
           TableScan
             alias: src_union_3
-            filterExpr: ((key = 86) and (ds = '1')) (type: boolean)
-            Statistics: Num rows: 0 Data size: 0 Basic stats: NONE Column stats: NONE
+            filterExpr: ((key = 86) and (ds = '3')) (type: boolean)
+            Statistics: Num rows: 1000 Data size: 10624 Basic stats: COMPLETE Column stats: NONE
             Filter Operator
-              predicate: ((key = 86) and (ds = '1')) (type: boolean)
-              Statistics: Num rows: 0 Data size: 0 Basic stats: NONE Column stats: NONE
+              predicate: (key = 86) (type: boolean)
+              Statistics: Num rows: 500 Data size: 5312 Basic stats: COMPLETE Column stats: NONE
               Select Operator
                 expressions: value (type: string)
                 outputColumnNames: _col1
-                Statistics: Num rows: 0 Data size: 0 Basic stats: NONE Column stats: NONE
+                Statistics: Num rows: 500 Data size: 5312 Basic stats: COMPLETE Column stats: NONE
                 Union
-                  Statistics: Num rows: 250 Data size: 2656 Basic stats: COMPLETE Column stats: NONE
+                  Statistics: Num rows: 500 Data size: 5312 Basic stats: COMPLETE Column stats: NONE
                   Select Operator
-                    expressions: 86 (type: int), _col1 (type: string), '1' (type: string)
+                    expressions: 86 (type: int), _col1 (type: string), '3' (type: string)
                     outputColumnNames: _col0, _col1, _col2
-                    Statistics: Num rows: 250 Data size: 2656 Basic stats: COMPLETE Column stats: NONE
+                    Statistics: Num rows: 500 Data size: 5312 Basic stats: COMPLETE Column stats: NONE
                     File Output Operator
                       compressed: false
-                      Statistics: Num rows: 250 Data size: 2656 Basic stats: COMPLETE Column stats: NONE
+                      Statistics: Num rows: 500 Data size: 5312 Basic stats: COMPLETE Column stats: NONE
                       table:
                           input format: org.apache.hadoop.mapred.TextInputFormat
                           output format: org.apache.hadoop.hive.ql.io.HiveIgnoreKeyTextOutputFormat
@@ -618,30 +714,6 @@ STAGE PLANS:
                       sort order: +
                       Statistics: Num rows: 1250 Data size: 13280 Basic stats: COMPLETE Column stats: NONE
                       value expressions: _col1 (type: string)
-          TableScan
-            alias: src_union_1
-            filterExpr: ((key = 86) and (ds = '2')) (type: boolean)
-            Statistics: Num rows: 0 Data size: 0 Basic stats: NONE Column stats: NONE
-            Filter Operator
-              predicate: ((key = 86) and (ds = '2')) (type: boolean)
-              Statistics: Num rows: 0 Data size: 0 Basic stats: NONE Column stats: NONE
-              Select Operator
-                expressions: value (type: string)
-                outputColumnNames: _col1
-                Statistics: Num rows: 0 Data size: 0 Basic stats: NONE Column stats: NONE
-                Union
-                  Statistics: Num rows: 500 Data size: 5312 Basic stats: COMPLETE Column stats: NONE
-                  Select Operator
-                    expressions: 86 (type: int), _col1 (type: string), '2' (type: string)
-                    outputColumnNames: _col0, _col1, _col2
-                    Statistics: Num rows: 500 Data size: 5312 Basic stats: COMPLETE Column stats: NONE
-                    File Output Operator
-                      compressed: false
-                      Statistics: Num rows: 500 Data size: 5312 Basic stats: COMPLETE Column stats: NONE
-                      table:
-                          input format: org.apache.hadoop.mapred.TextInputFormat
-                          output format: org.apache.hadoop.hive.ql.io.HiveIgnoreKeyTextOutputFormat
-                          serde: org.apache.hadoop.hive.serde2.lazy.LazySimpleSerDe
           TableScan
             alias: src_union_2
             filterExpr: ((key = 86) and ds is not null) (type: boolean)
@@ -814,6 +886,50 @@ STAGE PLANS:
                       sort order: 
                       Statistics: Num rows: 1 Data size: 8 Basic stats: COMPLETE Column stats: NONE
                       value expressions: _col0 (type: bigint)
+          TableScan
+            alias: src_union_2
+            filterExpr: (ds = '1') (type: boolean)
+            Statistics: Num rows: 0 Data size: 0 Basic stats: NONE Column stats: NONE
+            Filter Operator
+              predicate: (ds = '1') (type: boolean)
+              Statistics: Num rows: 0 Data size: 0 Basic stats: NONE Column stats: NONE
+              Select Operator
+                Statistics: Num rows: 0 Data size: 0 Basic stats: NONE Column stats: NONE
+                Union
+                  Statistics: Num rows: 500 Data size: 5312 Basic stats: COMPLETE Column stats: NONE
+                  Select Operator
+                    Statistics: Num rows: 500 Data size: 5312 Basic stats: COMPLETE Column stats: NONE
+                    Group By Operator
+                      aggregations: count(1)
+                      mode: hash
+                      outputColumnNames: _col0
+                      Statistics: Num rows: 1 Data size: 8 Basic stats: COMPLETE Column stats: NONE
+                      Reduce Output Operator
+                        sort order: 
+                        Statistics: Num rows: 1 Data size: 8 Basic stats: COMPLETE Column stats: NONE
+                        value expressions: _col0 (type: bigint)
+          TableScan
+            alias: src_union_3
+            filterExpr: (ds = '1') (type: boolean)
+            Statistics: Num rows: 0 Data size: 0 Basic stats: NONE Column stats: NONE
+            Filter Operator
+              predicate: (ds = '1') (type: boolean)
+              Statistics: Num rows: 0 Data size: 0 Basic stats: NONE Column stats: NONE
+              Select Operator
+                Statistics: Num rows: 0 Data size: 0 Basic stats: NONE Column stats: NONE
+                Union
+                  Statistics: Num rows: 500 Data size: 5312 Basic stats: COMPLETE Column stats: NONE
+                  Select Operator
+                    Statistics: Num rows: 500 Data size: 5312 Basic stats: COMPLETE Column stats: NONE
+                    Group By Operator
+                      aggregations: count(1)
+                      mode: hash
+                      outputColumnNames: _col0
+                      Statistics: Num rows: 1 Data size: 8 Basic stats: COMPLETE Column stats: NONE
+                      Reduce Output Operator
+                        sort order: 
+                        Statistics: Num rows: 1 Data size: 8 Basic stats: COMPLETE Column stats: NONE
+                        value expressions: _col0 (type: bigint)
       Reduce Operator Tree:
         Group By Operator
           aggregations: count(VALUE._col0)
@@ -866,6 +982,28 @@ STAGE PLANS:
   Stage: Stage-1
     Map Reduce
       Map Operator Tree:
+          TableScan
+            alias: src_union_1
+            filterExpr: (ds = '2') (type: boolean)
+            Statistics: Num rows: 0 Data size: 0 Basic stats: NONE Column stats: NONE
+            Filter Operator
+              predicate: (ds = '2') (type: boolean)
+              Statistics: Num rows: 0 Data size: 0 Basic stats: NONE Column stats: NONE
+              Select Operator
+                Statistics: Num rows: 0 Data size: 0 Basic stats: NONE Column stats: NONE
+                Union
+                  Statistics: Num rows: 1000 Data size: 10624 Basic stats: COMPLETE Column stats: NONE
+                  Select Operator
+                    Statistics: Num rows: 1000 Data size: 10624 Basic stats: COMPLETE Column stats: NONE
+                    Group By Operator
+                      aggregations: count(1)
+                      mode: hash
+                      outputColumnNames: _col0
+                      Statistics: Num rows: 1 Data size: 8 Basic stats: COMPLETE Column stats: NONE
+                      Reduce Output Operator
+                        sort order: 
+                        Statistics: Num rows: 1 Data size: 8 Basic stats: COMPLETE Column stats: NONE
+                        value expressions: _col0 (type: bigint)
           TableScan
             alias: src_union_2
             filterExpr: (ds = '2') (type: boolean)
@@ -885,6 +1023,28 @@ STAGE PLANS:
                       sort order: 
                       Statistics: Num rows: 1 Data size: 8 Basic stats: COMPLETE Column stats: NONE
                       value expressions: _col0 (type: bigint)
+          TableScan
+            alias: src_union_3
+            filterExpr: (ds = '2') (type: boolean)
+            Statistics: Num rows: 0 Data size: 0 Basic stats: NONE Column stats: NONE
+            Filter Operator
+              predicate: (ds = '2') (type: boolean)
+              Statistics: Num rows: 0 Data size: 0 Basic stats: NONE Column stats: NONE
+              Select Operator
+                Statistics: Num rows: 0 Data size: 0 Basic stats: NONE Column stats: NONE
+                Union
+                  Statistics: Num rows: 1000 Data size: 10624 Basic stats: COMPLETE Column stats: NONE
+                  Select Operator
+                    Statistics: Num rows: 1000 Data size: 10624 Basic stats: COMPLETE Column stats: NONE
+                    Group By Operator
+                      aggregations: count(1)
+                      mode: hash
+                      outputColumnNames: _col0
+                      Statistics: Num rows: 1 Data size: 8 Basic stats: COMPLETE Column stats: NONE
+                      Reduce Output Operator
+                        sort order: 
+                        Statistics: Num rows: 1 Data size: 8 Basic stats: COMPLETE Column stats: NONE
+                        value expressions: _col0 (type: bigint)
       Reduce Operator Tree:
         Group By Operator
           aggregations: count(VALUE._col0)
@@ -937,6 +1097,50 @@ STAGE PLANS:
   Stage: Stage-1
     Map Reduce
       Map Operator Tree:
+          TableScan
+            alias: src_union_1
+            filterExpr: (ds = '3') (type: boolean)
+            Statistics: Num rows: 0 Data size: 0 Basic stats: NONE Column stats: NONE
+            Filter Operator
+              predicate: (ds = '3') (type: boolean)
+              Statistics: Num rows: 0 Data size: 0 Basic stats: NONE Column stats: NONE
+              Select Operator
+                Statistics: Num rows: 0 Data size: 0 Basic stats: NONE Column stats: NONE
+                Union
+                  Statistics: Num rows: 1000 Data size: 10624 Basic stats: COMPLETE Column stats: NONE
+                  Select Operator
+                    Statistics: Num rows: 1000 Data size: 10624 Basic stats: COMPLETE Column stats: NONE
+                    Group By Operator
+                      aggregations: count(1)
+                      mode: hash
+                      outputColumnNames: _col0
+                      Statistics: Num rows: 1 Data size: 8 Basic stats: COMPLETE Column stats: NONE
+                      Reduce Output Operator
+                        sort order: 
+                        Statistics: Num rows: 1 Data size: 8 Basic stats: COMPLETE Column stats: NONE
+                        value expressions: _col0 (type: bigint)
+          TableScan
+            alias: src_union_2
+            filterExpr: (ds = '3') (type: boolean)
+            Statistics: Num rows: 0 Data size: 0 Basic stats: NONE Column stats: NONE
+            Filter Operator
+              predicate: (ds = '3') (type: boolean)
+              Statistics: Num rows: 0 Data size: 0 Basic stats: NONE Column stats: NONE
+              Select Operator
+                Statistics: Num rows: 0 Data size: 0 Basic stats: NONE Column stats: NONE
+                Union
+                  Statistics: Num rows: 1000 Data size: 10624 Basic stats: COMPLETE Column stats: NONE
+                  Select Operator
+                    Statistics: Num rows: 1000 Data size: 10624 Basic stats: COMPLETE Column stats: NONE
+                    Group By Operator
+                      aggregations: count(1)
+                      mode: hash
+                      outputColumnNames: _col0
+                      Statistics: Num rows: 1 Data size: 8 Basic stats: COMPLETE Column stats: NONE
+                      Reduce Output Operator
+                        sort order: 
+                        Statistics: Num rows: 1 Data size: 8 Basic stats: COMPLETE Column stats: NONE
+                        value expressions: _col0 (type: bigint)
           TableScan
             alias: src_union_3
             filterExpr: (ds = '3') (type: boolean)
@@ -1014,16 +1218,16 @@ STAGE PLANS:
     Map Reduce
       Map Operator Tree:
           TableScan
-            alias: src_union_3
+            alias: src_union_1
             filterExpr: ((key = 86) and (ds = '4')) (type: boolean)
-            Statistics: Num rows: 500 Data size: 5312 Basic stats: COMPLETE Column stats: NONE
+            Statistics: Num rows: 0 Data size: 0 Basic stats: NONE Column stats: NONE
             Filter Operator
-              predicate: (key = 86) (type: boolean)
-              Statistics: Num rows: 250 Data size: 2656 Basic stats: COMPLETE Column stats: NONE
+              predicate: ((key = 86) and (ds = '4')) (type: boolean)
+              Statistics: Num rows: 0 Data size: 0 Basic stats: NONE Column stats: NONE
               Select Operator
                 expressions: value (type: string)
                 outputColumnNames: _col1
-                Statistics: Num rows: 250 Data size: 2656 Basic stats: COMPLETE Column stats: NONE
+                Statistics: Num rows: 0 Data size: 0 Basic stats: NONE Column stats: NONE
                 Union
                   Statistics: Num rows: 250 Data size: 2656 Basic stats: COMPLETE Column stats: NONE
                   Select Operator
@@ -1038,25 +1242,49 @@ STAGE PLANS:
                           output format: org.apache.hadoop.hive.ql.io.HiveIgnoreKeyTextOutputFormat
                           serde: org.apache.hadoop.hive.serde2.lazy.LazySimpleSerDe
           TableScan
-            alias: src_union_3
-            filterExpr: ((key = 86) and (ds = '2')) (type: boolean)
+            alias: src_union_2
+            filterExpr: ((key = 86) and (ds = '4')) (type: boolean)
             Statistics: Num rows: 0 Data size: 0 Basic stats: NONE Column stats: NONE
             Filter Operator
-              predicate: ((key = 86) and (ds = '2')) (type: boolean)
+              predicate: ((key = 86) and (ds = '4')) (type: boolean)
               Statistics: Num rows: 0 Data size: 0 Basic stats: NONE Column stats: NONE
               Select Operator
                 expressions: value (type: string)
                 outputColumnNames: _col1
                 Statistics: Num rows: 0 Data size: 0 Basic stats: NONE Column stats: NONE
                 Union
-                  Statistics: Num rows: 500 Data size: 5312 Basic stats: COMPLETE Column stats: NONE
+                  Statistics: Num rows: 250 Data size: 2656 Basic stats: COMPLETE Column stats: NONE
                   Select Operator
-                    expressions: 86 (type: int), _col1 (type: string), '2' (type: string)
+                    expressions: 86 (type: int), _col1 (type: string), '4' (type: string)
                     outputColumnNames: _col0, _col1, _col2
-                    Statistics: Num rows: 500 Data size: 5312 Basic stats: COMPLETE Column stats: NONE
+                    Statistics: Num rows: 250 Data size: 2656 Basic stats: COMPLETE Column stats: NONE
                     File Output Operator
                       compressed: false
-                      Statistics: Num rows: 500 Data size: 5312 Basic stats: COMPLETE Column stats: NONE
+                      Statistics: Num rows: 250 Data size: 2656 Basic stats: COMPLETE Column stats: NONE
+                      table:
+                          input format: org.apache.hadoop.mapred.TextInputFormat
+                          output format: org.apache.hadoop.hive.ql.io.HiveIgnoreKeyTextOutputFormat
+                          serde: org.apache.hadoop.hive.serde2.lazy.LazySimpleSerDe
+          TableScan
+            alias: src_union_3
+            filterExpr: ((key = 86) and (ds = '4')) (type: boolean)
+            Statistics: Num rows: 500 Data size: 5312 Basic stats: COMPLETE Column stats: NONE
+            Filter Operator
+              predicate: (key = 86) (type: boolean)
+              Statistics: Num rows: 250 Data size: 2656 Basic stats: COMPLETE Column stats: NONE
+              Select Operator
+                expressions: value (type: string)
+                outputColumnNames: _col1
+                Statistics: Num rows: 250 Data size: 2656 Basic stats: COMPLETE Column stats: NONE
+                Union
+                  Statistics: Num rows: 250 Data size: 2656 Basic stats: COMPLETE Column stats: NONE
+                  Select Operator
+                    expressions: 86 (type: int), _col1 (type: string), '4' (type: string)
+                    outputColumnNames: _col0, _col1, _col2
+                    Statistics: Num rows: 250 Data size: 2656 Basic stats: COMPLETE Column stats: NONE
+                    File Output Operator
+                      compressed: false
+                      Statistics: Num rows: 250 Data size: 2656 Basic stats: COMPLETE Column stats: NONE
                       table:
                           input format: org.apache.hadoop.mapred.TextInputFormat
                           output format: org.apache.hadoop.hive.ql.io.HiveIgnoreKeyTextOutputFormat
@@ -1103,77 +1331,10 @@ STAGE PLANS:
       Map Operator Tree:
           TableScan
             alias: src_union_1
-            filterExpr: ((key = 86) and (ds = '3')) (type: boolean)
-            Statistics: Num rows: 0 Data size: 0 Basic stats: NONE Column stats: NONE
-            Filter Operator
-              predicate: ((key = 86) and (ds = '3')) (type: boolean)
-              Statistics: Num rows: 0 Data size: 0 Basic stats: NONE Column stats: NONE
-              Select Operator
-                expressions: value (type: string)
-                outputColumnNames: _col1
-                Statistics: Num rows: 0 Data size: 0 Basic stats: NONE Column stats: NONE
-                Union
-                  Statistics: Num rows: 500 Data size: 5312 Basic stats: COMPLETE Column stats: NONE
-                  Select Operator
-                    expressions: 86 (type: int), _col1 (type: string), '3' (type: string)
-                    outputColumnNames: _col0, _col1, _col2
-                    Statistics: Num rows: 500 Data size: 5312 Basic stats: COMPLETE Column stats: NONE
-                    File Output Operator
-                      compressed: false
-                      Statistics: Num rows: 500 Data size: 5312 Basic stats: COMPLETE Column stats: NONE
-                      table:
-                          input format: org.apache.hadoop.mapred.TextInputFormat
-                          output format: org.apache.hadoop.hive.ql.io.HiveIgnoreKeyTextOutputFormat
-                          serde: org.apache.hadoop.hive.serde2.lazy.LazySimpleSerDe
-          TableScan
-            alias: src_union_2
-            filterExpr: ((key = 86) and (ds = '3')) (type: boolean)
-            Statistics: Num rows: 0 Data size: 0 Basic stats: NONE Column stats: NONE
-            Filter Operator
-              predicate: ((key = 86) and (ds = '3')) (type: boolean)
-              Statistics: Num rows: 0 Data size: 0 Basic stats: NONE Column stats: NONE
-              Select Operator
-                expressions: value (type: string)
-                outputColumnNames: _col1
-                Statistics: Num rows: 0 Data size: 0 Basic stats: NONE Column stats: NONE
-                Union
-                  Statistics: Num rows: 500 Data size: 5312 Basic stats: COMPLETE Column stats: NONE
-                  Select Operator
-                    expressions: 86 (type: int), _col1 (type: string), '3' (type: string)
-                    outputColumnNames: _col0, _col1, _col2
-                    Statistics: Num rows: 500 Data size: 5312 Basic stats: COMPLETE Column stats: NONE
-                    File Output Operator
-                      compressed: false
-                      Statistics: Num rows: 500 Data size: 5312 Basic stats: COMPLETE Column stats: NONE
-                      table:
-                          input format: org.apache.hadoop.mapred.TextInputFormat
-                          output format: org.apache.hadoop.hive.ql.io.HiveIgnoreKeyTextOutputFormat
-                          serde: org.apache.hadoop.hive.serde2.lazy.LazySimpleSerDe
-          TableScan
-            alias: src_union_3
             filterExpr: (ds = '4') (type: boolean)
-            Statistics: Num rows: 500 Data size: 5312 Basic stats: COMPLETE Column stats: NONE
-            Select Operator
-              Statistics: Num rows: 500 Data size: 5312 Basic stats: COMPLETE Column stats: NONE
-              Union
-                Statistics: Num rows: 500 Data size: 5312 Basic stats: COMPLETE Column stats: NONE
-                Select Operator
-                  Statistics: Num rows: 500 Data size: 5312 Basic stats: COMPLETE Column stats: NONE
-                  Group By Operator
-                    aggregations: count(1)
-                    mode: hash
-                    outputColumnNames: _col0
-                    Statistics: Num rows: 1 Data size: 8 Basic stats: COMPLETE Column stats: NONE
-                    Reduce Output Operator
-                      sort order: 
-                      Statistics: Num rows: 1 Data size: 8 Basic stats: COMPLETE Column stats: NONE
-                      value expressions: _col0 (type: bigint)
-          TableScan
-            alias: src_union_2
-            filterExpr: (ds = '1') (type: boolean)
             Statistics: Num rows: 0 Data size: 0 Basic stats: NONE Column stats: NONE
             Filter Operator
-              predicate: (ds = '1') (type: boolean)
+              predicate: (ds = '4') (type: boolean)
               Statistics: Num rows: 0 Data size: 0 Basic stats: NONE Column stats: NONE
               Select Operator
                 Statistics: Num rows: 0 Data size: 0 Basic stats: NONE Column stats: NONE
@@ -1191,11 +1352,11 @@ STAGE PLANS:
                         Statistics: Num rows: 1 Data size: 8 Basic stats: COMPLETE Column stats: NONE
                         value expressions: _col0 (type: bigint)
           TableScan
-            alias: src_union_3
-            filterExpr: (ds = '1') (type: boolean)
+            alias: src_union_2
+            filterExpr: (ds = '4') (type: boolean)
             Statistics: Num rows: 0 Data size: 0 Basic stats: NONE Column stats: NONE
             Filter Operator
-              predicate: (ds = '1') (type: boolean)
+              predicate: (ds = '4') (type: boolean)
               Statistics: Num rows: 0 Data size: 0 Basic stats: NONE Column stats: NONE
               Select Operator
                 Statistics: Num rows: 0 Data size: 0 Basic stats: NONE Column stats: NONE
@@ -1214,26 +1375,23 @@ STAGE PLANS:
                         value expressions: _col0 (type: bigint)
           TableScan
             alias: src_union_3
-            filterExpr: (ds = '2') (type: boolean)
-            Statistics: Num rows: 0 Data size: 0 Basic stats: NONE Column stats: NONE
-            Filter Operator
-              predicate: (ds = '2') (type: boolean)
-              Statistics: Num rows: 0 Data size: 0 Basic stats: NONE Column stats: NONE
-              Select Operator
-                Statistics: Num rows: 0 Data size: 0 Basic stats: NONE Column stats: NONE
-                Union
-                  Statistics: Num rows: 1000 Data size: 10624 Basic stats: COMPLETE Column stats: NONE
-                  Select Operator
-                    Statistics: Num rows: 1000 Data size: 10624 Basic stats: COMPLETE Column stats: NONE
-                    Group By Operator
-                      aggregations: count(1)
-                      mode: hash
-                      outputColumnNames: _col0
+            filterExpr: (ds = '4') (type: boolean)
+            Statistics: Num rows: 500 Data size: 5312 Basic stats: COMPLETE Column stats: NONE
+            Select Operator
+              Statistics: Num rows: 500 Data size: 5312 Basic stats: COMPLETE Column stats: NONE
+              Union
+                Statistics: Num rows: 500 Data size: 5312 Basic stats: COMPLETE Column stats: NONE
+                Select Operator
+                  Statistics: Num rows: 500 Data size: 5312 Basic stats: COMPLETE Column stats: NONE
+                  Group By Operator
+                    aggregations: count(1)
+                    mode: hash
+                    outputColumnNames: _col0
+                    Statistics: Num rows: 1 Data size: 8 Basic stats: COMPLETE Column stats: NONE
+                    Reduce Output Operator
+                      sort order: 
                       Statistics: Num rows: 1 Data size: 8 Basic stats: COMPLETE Column stats: NONE
-                      Reduce Output Operator
-                        sort order: 
-                        Statistics: Num rows: 1 Data size: 8 Basic stats: COMPLETE Column stats: NONE
-                        value expressions: _col0 (type: bigint)
+                      value expressions: _col0 (type: bigint)
       Reduce Operator Tree:
         Group By Operator
           aggregations: count(VALUE._col0)
