diff --git a/ql/src/test/queries/clientpositive/udf_nondeterministic.q b/ql/src/test/queries/clientpositive/udf_folder_constants.q
similarity index 100%
rename from ql/src/test/queries/clientpositive/udf_nondeterministic.q
rename to ql/src/test/queries/clientpositive/udf_folder_constants.q
diff --git a/ql/src/test/results/clientpositive/udf_nondeterministic.q.out b/ql/src/test/results/clientpositive/udf_folder_constants.q.out
similarity index 98%
rename from ql/src/test/results/clientpositive/udf_nondeterministic.q.out
rename to ql/src/test/results/clientpositive/udf_folder_constants.q.out
index eef5555413..65ee693477 100644
--- a/ql/src/test/results/clientpositive/udf_nondeterministic.q.out
+++ b/ql/src/test/results/clientpositive/udf_folder_constants.q.out
@@ -90,7 +90,7 @@ STAGE PLANS:
             1 month (type: int)
           Statistics: Num rows: 1 Data size: 7 Basic stats: COMPLETE Column stats: NONE
           Select Operator
-            expressions: unix_timestamp('2001-01-01 00:00:00') (type: bigint)
+            expressions: 978336000 (type: bigint)
             outputColumnNames: _col0
             Statistics: Num rows: 1 Data size: 7 Basic stats: COMPLETE Column stats: NONE
             File Output Operator
