diff --git a/ql/src/java/org/apache/hadoop/hive/ql/optimizer/Optimizer.java b/ql/src/java/org/apache/hadoop/hive/ql/optimizer/Optimizer.java
index a7cf8b7be7..d688ef1fe5 100644
--- a/ql/src/java/org/apache/hadoop/hive/ql/optimizer/Optimizer.java
+++ b/ql/src/java/org/apache/hadoop/hive/ql/optimizer/Optimizer.java
@@ -88,6 +88,10 @@ public void initialize(HiveConf hiveConf) {
         /* Add list bucketing pruner. */
         transformations.add(new ListBucketingPruner());
       }
+      if (HiveConf.getBoolVar(hiveConf, HiveConf.ConfVars.HIVEOPTCONSTANTPROPAGATION)) {
+        // PartitionPruner may create more folding opportunities, run ConstantPropagate again.
+        transformations.add(new ConstantPropagate());
+      }
     }
 
     if (HiveConf.getBoolVar(hiveConf, HiveConf.ConfVars.HIVEOPTGROUPBY) ||
diff --git a/ql/src/test/results/clientpositive/auto_join14.q.out b/ql/src/test/results/clientpositive/auto_join14.q.out
index f301f882d3..47e1724ab1 100644
--- a/ql/src/test/results/clientpositive/auto_join14.q.out
+++ b/ql/src/test/results/clientpositive/auto_join14.q.out
@@ -55,12 +55,12 @@ STAGE PLANS:
             alias: srcpart
             Statistics: Num rows: 1000 Data size: 10624 Basic stats: COMPLETE Column stats: NONE
             Filter Operator
-              predicate: ((UDFToDouble(key) > 100.0) and key is not null) (type: boolean)
-              Statistics: Num rows: 167 Data size: 1774 Basic stats: COMPLETE Column stats: NONE
+              predicate: (UDFToDouble(key) > 100.0) (type: boolean)
+              Statistics: Num rows: 333 Data size: 3537 Basic stats: COMPLETE Column stats: NONE
               Select Operator
                 expressions: key (type: string), value (type: string)
                 outputColumnNames: _col0, _col1
-                Statistics: Num rows: 167 Data size: 1774 Basic stats: COMPLETE Column stats: NONE
+                Statistics: Num rows: 333 Data size: 3537 Basic stats: COMPLETE Column stats: NONE
                 Map Join Operator
                   condition map:
                        Inner Join 0 to 1
@@ -68,14 +68,14 @@ STAGE PLANS:
                     0 _col0 (type: string)
                     1 _col0 (type: string)
                   outputColumnNames: _col1, _col3
-                  Statistics: Num rows: 183 Data size: 1951 Basic stats: COMPLETE Column stats: NONE
+                  Statistics: Num rows: 366 Data size: 3890 Basic stats: COMPLETE Column stats: NONE
                   Select Operator
                     expressions: UDFToInteger(_col3) (type: int), _col1 (type: string)
                     outputColumnNames: _col0, _col1
-                    Statistics: Num rows: 183 Data size: 1951 Basic stats: COMPLETE Column stats: NONE
+                    Statistics: Num rows: 366 Data size: 3890 Basic stats: COMPLETE Column stats: NONE
                     File Output Operator
                       compressed: false
-                      Statistics: Num rows: 183 Data size: 1951 Basic stats: COMPLETE Column stats: NONE
+                      Statistics: Num rows: 366 Data size: 3890 Basic stats: COMPLETE Column stats: NONE
                       table:
                           input format: org.apache.hadoop.mapred.TextInputFormat
                           output format: org.apache.hadoop.hive.ql.io.HiveIgnoreKeyTextOutputFormat
diff --git a/ql/src/test/results/clientpositive/bucketsortoptimize_insert_7.q.out b/ql/src/test/results/clientpositive/bucketsortoptimize_insert_7.q.out
index 2b8f2ba89c..9f530e8b08 100644
--- a/ql/src/test/results/clientpositive/bucketsortoptimize_insert_7.q.out
+++ b/ql/src/test/results/clientpositive/bucketsortoptimize_insert_7.q.out
@@ -355,7 +355,7 @@ STAGE PLANS:
             alias: test_table1
             Statistics: Num rows: 10 Data size: 70 Basic stats: COMPLETE Column stats: NONE
             Filter Operator
-              predicate: (((key < 8) and key is not null) and ((key = 0) or (key = 5))) (type: boolean)
+              predicate: ((key < 8) and ((key = 0) or (key = 5))) (type: boolean)
               Statistics: Num rows: 2 Data size: 14 Basic stats: COMPLETE Column stats: NONE
               Select Operator
                 expressions: key (type: int), value (type: string)
diff --git a/ql/src/test/results/clientpositive/filter_join_breaktask.q.out b/ql/src/test/results/clientpositive/filter_join_breaktask.q.out
index 83f4720048..948ad0d9ef 100644
--- a/ql/src/test/results/clientpositive/filter_join_breaktask.q.out
+++ b/ql/src/test/results/clientpositive/filter_join_breaktask.q.out
@@ -271,13 +271,13 @@ STAGE PLANS:
             GatherStats: false
             Filter Operator
               isSamplingPred: false
-              predicate: ((value <> '') and value is not null) (type: boolean)
-              Statistics: Num rows: 13 Data size: 109 Basic stats: COMPLETE Column stats: NONE
+              predicate: (value <> '') (type: boolean)
+              Statistics: Num rows: 25 Data size: 211 Basic stats: COMPLETE Column stats: NONE
               Reduce Output Operator
                 key expressions: value (type: string)
                 sort order: +
                 Map-reduce partition columns: value (type: string)
-                Statistics: Num rows: 13 Data size: 109 Basic stats: COMPLETE Column stats: NONE
+                Statistics: Num rows: 25 Data size: 211 Basic stats: COMPLETE Column stats: NONE
                 tag: 1
                 auto parallelism: false
       Path -> Alias:
@@ -360,17 +360,17 @@ STAGE PLANS:
             0 _col7 (type: string)
             1 value (type: string)
           outputColumnNames: _col0, _col13
-          Statistics: Num rows: 15 Data size: 130 Basic stats: COMPLETE Column stats: NONE
+          Statistics: Num rows: 27 Data size: 232 Basic stats: COMPLETE Column stats: NONE
           Select Operator
             expressions: _col0 (type: int), _col13 (type: string)
             outputColumnNames: _col0, _col1
-            Statistics: Num rows: 15 Data size: 130 Basic stats: COMPLETE Column stats: NONE
+            Statistics: Num rows: 27 Data size: 232 Basic stats: COMPLETE Column stats: NONE
             File Output Operator
               compressed: false
               GlobalTableId: 0
 #### A masked pattern was here ####
               NumFilesPerFileSink: 1
-              Statistics: Num rows: 15 Data size: 130 Basic stats: COMPLETE Column stats: NONE
+              Statistics: Num rows: 27 Data size: 232 Basic stats: COMPLETE Column stats: NONE
 #### A masked pattern was here ####
               table:
                   input format: org.apache.hadoop.mapred.TextInputFormat
diff --git a/ql/src/test/results/clientpositive/fold_eq_with_case_when.q.out b/ql/src/test/results/clientpositive/fold_eq_with_case_when.q.out
index 171a19fae3..231d98f0fa 100644
--- a/ql/src/test/results/clientpositive/fold_eq_with_case_when.q.out
+++ b/ql/src/test/results/clientpositive/fold_eq_with_case_when.q.out
@@ -104,7 +104,7 @@ STAGE PLANS:
               predicate: (key = '238') (type: boolean)
               Statistics: Num rows: 250 Data size: 2656 Basic stats: COMPLETE Column stats: NONE
               Select Operator
-                expressions: key (type: string)
+                expressions: '238' (type: string)
                 outputColumnNames: _col0
                 Statistics: Num rows: 250 Data size: 2656 Basic stats: COMPLETE Column stats: NONE
                 File Output Operator
@@ -176,7 +176,7 @@ STAGE PLANS:
               predicate: (key = '238') (type: boolean)
               Statistics: Num rows: 250 Data size: 2656 Basic stats: COMPLETE Column stats: NONE
               Select Operator
-                expressions: key (type: string)
+                expressions: '238' (type: string)
                 outputColumnNames: _col0
                 Statistics: Num rows: 250 Data size: 2656 Basic stats: COMPLETE Column stats: NONE
                 File Output Operator
@@ -209,7 +209,7 @@ STAGE PLANS:
             alias: src
             Statistics: Num rows: 500 Data size: 5312 Basic stats: COMPLETE Column stats: NONE
             Filter Operator
-              predicate: CASE (key) WHEN ('238') THEN (CASE WHEN ((key <> '238')) THEN ((1 = 1)) WHEN ((key = '23')) THEN ((1 = 1)) END) END (type: int)
+              predicate: CASE (key) WHEN ('238') THEN (CASE WHEN ((key <> '238')) THEN (true) WHEN ((key = '23')) THEN (true) END) END (type: int)
               Statistics: Num rows: 250 Data size: 2656 Basic stats: COMPLETE Column stats: NONE
               Select Operator
                 expressions: key (type: string)
diff --git a/ql/src/test/results/clientpositive/fold_when.q.out b/ql/src/test/results/clientpositive/fold_when.q.out
index 0a4b3288c1..21748da4d1 100644
--- a/ql/src/test/results/clientpositive/fold_when.q.out
+++ b/ql/src/test/results/clientpositive/fold_when.q.out
@@ -156,7 +156,7 @@ STAGE PLANS:
               predicate: (key = '238') (type: boolean)
               Statistics: Num rows: 250 Data size: 2656 Basic stats: COMPLETE Column stats: NONE
               Select Operator
-                expressions: key (type: string)
+                expressions: '238' (type: string)
                 outputColumnNames: _col0
                 Statistics: Num rows: 250 Data size: 2656 Basic stats: COMPLETE Column stats: NONE
                 File Output Operator
diff --git a/ql/src/test/results/clientpositive/index_auto_unused.q.out b/ql/src/test/results/clientpositive/index_auto_unused.q.out
index e86a79569e..e1ddff8517 100644
--- a/ql/src/test/results/clientpositive/index_auto_unused.q.out
+++ b/ql/src/test/results/clientpositive/index_auto_unused.q.out
@@ -365,10 +365,10 @@ STAGE PLANS:
       Map Operator Tree:
           TableScan
             alias: srcpart
-            filterExpr: ((12.0 = 12.0) and (UDFToDouble(key) < 10.0)) (type: boolean)
+            filterExpr: (UDFToDouble(key) < 10.0) (type: boolean)
             Statistics: Num rows: 500 Data size: 5312 Basic stats: COMPLETE Column stats: NONE
             Filter Operator
-              predicate: ((12.0 = 12.0) and (UDFToDouble(key) < 10.0)) (type: boolean)
+              predicate: (UDFToDouble(key) < 10.0) (type: boolean)
               Statistics: Num rows: 166 Data size: 1763 Basic stats: COMPLETE Column stats: NONE
               Select Operator
                 expressions: key (type: string), value (type: string), '2008-04-09' (type: string), '12' (type: string)
diff --git a/ql/src/test/results/clientpositive/join14.q.out b/ql/src/test/results/clientpositive/join14.q.out
index 2609f41283..8b1d399e26 100644
--- a/ql/src/test/results/clientpositive/join14.q.out
+++ b/ql/src/test/results/clientpositive/join14.q.out
@@ -33,17 +33,17 @@ STAGE PLANS:
             alias: srcpart
             Statistics: Num rows: 1000 Data size: 10624 Basic stats: COMPLETE Column stats: NONE
             Filter Operator
-              predicate: ((UDFToDouble(key) > 100.0) and key is not null) (type: boolean)
-              Statistics: Num rows: 167 Data size: 1774 Basic stats: COMPLETE Column stats: NONE
+              predicate: (UDFToDouble(key) > 100.0) (type: boolean)
+              Statistics: Num rows: 333 Data size: 3537 Basic stats: COMPLETE Column stats: NONE
               Select Operator
                 expressions: key (type: string), value (type: string)
                 outputColumnNames: _col0, _col1
-                Statistics: Num rows: 167 Data size: 1774 Basic stats: COMPLETE Column stats: NONE
+                Statistics: Num rows: 333 Data size: 3537 Basic stats: COMPLETE Column stats: NONE
                 Reduce Output Operator
                   key expressions: _col0 (type: string)
                   sort order: +
                   Map-reduce partition columns: _col0 (type: string)
-                  Statistics: Num rows: 167 Data size: 1774 Basic stats: COMPLETE Column stats: NONE
+                  Statistics: Num rows: 333 Data size: 3537 Basic stats: COMPLETE Column stats: NONE
                   value expressions: _col1 (type: string)
           TableScan
             alias: src
@@ -68,14 +68,14 @@ STAGE PLANS:
             0 _col0 (type: string)
             1 _col0 (type: string)
           outputColumnNames: _col1, _col3
-          Statistics: Num rows: 183 Data size: 1951 Basic stats: COMPLETE Column stats: NONE
+          Statistics: Num rows: 366 Data size: 3890 Basic stats: COMPLETE Column stats: NONE
           Select Operator
             expressions: UDFToInteger(_col3) (type: int), _col1 (type: string)
             outputColumnNames: _col0, _col1
-            Statistics: Num rows: 183 Data size: 1951 Basic stats: COMPLETE Column stats: NONE
+            Statistics: Num rows: 366 Data size: 3890 Basic stats: COMPLETE Column stats: NONE
             File Output Operator
               compressed: false
-              Statistics: Num rows: 183 Data size: 1951 Basic stats: COMPLETE Column stats: NONE
+              Statistics: Num rows: 366 Data size: 3890 Basic stats: COMPLETE Column stats: NONE
               table:
                   input format: org.apache.hadoop.mapred.TextInputFormat
                   output format: org.apache.hadoop.hive.ql.io.HiveIgnoreKeyTextOutputFormat
diff --git a/ql/src/test/results/clientpositive/join28.q.out b/ql/src/test/results/clientpositive/join28.q.out
index 1c8e58965a..d748495e11 100644
--- a/ql/src/test/results/clientpositive/join28.q.out
+++ b/ql/src/test/results/clientpositive/join28.q.out
@@ -52,7 +52,7 @@ STAGE PLANS:
             alias: z
             Statistics: Num rows: 500 Data size: 5312 Basic stats: COMPLETE Column stats: NONE
             Filter Operator
-              predicate: ((11.0 = 11.0) and key is not null) (type: boolean)
+              predicate: key is not null (type: boolean)
               Statistics: Num rows: 250 Data size: 2656 Basic stats: COMPLETE Column stats: NONE
               Select Operator
                 expressions: key (type: string), value (type: string)
diff --git a/ql/src/test/results/clientpositive/join32.q.out b/ql/src/test/results/clientpositive/join32.q.out
index a05a356fbe..49e302a94b 100644
--- a/ql/src/test/results/clientpositive/join32.q.out
+++ b/ql/src/test/results/clientpositive/join32.q.out
@@ -162,7 +162,7 @@ STAGE PLANS:
             GatherStats: false
             Filter Operator
               isSamplingPred: false
-              predicate: ((11.0 = 11.0) and value is not null) (type: boolean)
+              predicate: value is not null (type: boolean)
               Statistics: Num rows: 250 Data size: 2656 Basic stats: COMPLETE Column stats: NONE
               Select Operator
                 expressions: value (type: string)
diff --git a/ql/src/test/results/clientpositive/join32_lessSize.q.out b/ql/src/test/results/clientpositive/join32_lessSize.q.out
index 136c3060dd..736a9122fd 100644
--- a/ql/src/test/results/clientpositive/join32_lessSize.q.out
+++ b/ql/src/test/results/clientpositive/join32_lessSize.q.out
@@ -151,7 +151,7 @@ STAGE PLANS:
             GatherStats: false
             Filter Operator
               isSamplingPred: false
-              predicate: ((11.0 = 11.0) and value is not null) (type: boolean)
+              predicate: value is not null (type: boolean)
               Statistics: Num rows: 250 Data size: 2656 Basic stats: COMPLETE Column stats: NONE
               Select Operator
                 expressions: value (type: string)
@@ -1543,7 +1543,7 @@ STAGE PLANS:
             GatherStats: false
             Filter Operator
               isSamplingPred: false
-              predicate: ((11.0 = 11.0) and value is not null) (type: boolean)
+              predicate: value is not null (type: boolean)
               Statistics: Num rows: 250 Data size: 2656 Basic stats: COMPLETE Column stats: NONE
               Select Operator
                 expressions: value (type: string)
@@ -2151,7 +2151,7 @@ STAGE PLANS:
             GatherStats: false
             Filter Operator
               isSamplingPred: false
-              predicate: ((11.0 = 11.0) and value is not null) (type: boolean)
+              predicate: value is not null (type: boolean)
               Statistics: Num rows: 250 Data size: 2656 Basic stats: COMPLETE Column stats: NONE
               Select Operator
                 expressions: value (type: string)
@@ -2535,7 +2535,7 @@ STAGE PLANS:
             alias: x
             Statistics: Num rows: 500 Data size: 5312 Basic stats: COMPLETE Column stats: NONE
             Filter Operator
-              predicate: ((11.0 = 11.0) and value is not null) (type: boolean)
+              predicate: value is not null (type: boolean)
               Statistics: Num rows: 250 Data size: 2656 Basic stats: COMPLETE Column stats: NONE
               Select Operator
                 expressions: value (type: string)
@@ -2792,7 +2792,7 @@ STAGE PLANS:
             alias: y
             Statistics: Num rows: 500 Data size: 5312 Basic stats: COMPLETE Column stats: NONE
             Filter Operator
-              predicate: ((11.0 = 11.0) and value is not null) (type: boolean)
+              predicate: value is not null (type: boolean)
               Statistics: Num rows: 250 Data size: 2656 Basic stats: COMPLETE Column stats: NONE
               Select Operator
                 expressions: value (type: string)
diff --git a/ql/src/test/results/clientpositive/join33.q.out b/ql/src/test/results/clientpositive/join33.q.out
index a05a356fbe..49e302a94b 100644
--- a/ql/src/test/results/clientpositive/join33.q.out
+++ b/ql/src/test/results/clientpositive/join33.q.out
@@ -162,7 +162,7 @@ STAGE PLANS:
             GatherStats: false
             Filter Operator
               isSamplingPred: false
-              predicate: ((11.0 = 11.0) and value is not null) (type: boolean)
+              predicate: value is not null (type: boolean)
               Statistics: Num rows: 250 Data size: 2656 Basic stats: COMPLETE Column stats: NONE
               Select Operator
                 expressions: value (type: string)
diff --git a/ql/src/test/results/clientpositive/mapjoin_subquery.q.out b/ql/src/test/results/clientpositive/mapjoin_subquery.q.out
index 57832e5969..1f7a5f4df6 100644
--- a/ql/src/test/results/clientpositive/mapjoin_subquery.q.out
+++ b/ql/src/test/results/clientpositive/mapjoin_subquery.q.out
@@ -39,7 +39,7 @@ STAGE PLANS:
             alias: z
             Statistics: Num rows: 500 Data size: 5312 Basic stats: COMPLETE Column stats: NONE
             Filter Operator
-              predicate: ((11.0 = 11.0) and key is not null) (type: boolean)
+              predicate: key is not null (type: boolean)
               Statistics: Num rows: 250 Data size: 2656 Basic stats: COMPLETE Column stats: NONE
               Select Operator
                 expressions: key (type: string), value (type: string)
@@ -282,7 +282,7 @@ STAGE PLANS:
             alias: z
             Statistics: Num rows: 500 Data size: 5312 Basic stats: COMPLETE Column stats: NONE
             Filter Operator
-              predicate: ((11.0 = 11.0) and key is not null) (type: boolean)
+              predicate: key is not null (type: boolean)
               Statistics: Num rows: 250 Data size: 2656 Basic stats: COMPLETE Column stats: NONE
               Select Operator
                 expressions: key (type: string), value (type: string)
diff --git a/ql/src/test/results/clientpositive/spark/auto_join14.q.out b/ql/src/test/results/clientpositive/spark/auto_join14.q.out
index 30be2e8aed..710a316558 100644
--- a/ql/src/test/results/clientpositive/spark/auto_join14.q.out
+++ b/ql/src/test/results/clientpositive/spark/auto_join14.q.out
@@ -58,12 +58,12 @@ STAGE PLANS:
                   alias: srcpart
                   Statistics: Num rows: 1000 Data size: 10624 Basic stats: COMPLETE Column stats: NONE
                   Filter Operator
-                    predicate: ((UDFToDouble(key) > 100.0) and key is not null) (type: boolean)
-                    Statistics: Num rows: 167 Data size: 1774 Basic stats: COMPLETE Column stats: NONE
+                    predicate: (UDFToDouble(key) > 100.0) (type: boolean)
+                    Statistics: Num rows: 333 Data size: 3537 Basic stats: COMPLETE Column stats: NONE
                     Select Operator
                       expressions: key (type: string), value (type: string)
                       outputColumnNames: _col0, _col1
-                      Statistics: Num rows: 167 Data size: 1774 Basic stats: COMPLETE Column stats: NONE
+                      Statistics: Num rows: 333 Data size: 3537 Basic stats: COMPLETE Column stats: NONE
                       Map Join Operator
                         condition map:
                              Inner Join 0 to 1
@@ -73,14 +73,14 @@ STAGE PLANS:
                         outputColumnNames: _col1, _col3
                         input vertices:
                           1 Map 2
-                        Statistics: Num rows: 183 Data size: 1951 Basic stats: COMPLETE Column stats: NONE
+                        Statistics: Num rows: 366 Data size: 3890 Basic stats: COMPLETE Column stats: NONE
                         Select Operator
                           expressions: UDFToInteger(_col3) (type: int), _col1 (type: string)
                           outputColumnNames: _col0, _col1
-                          Statistics: Num rows: 183 Data size: 1951 Basic stats: COMPLETE Column stats: NONE
+                          Statistics: Num rows: 366 Data size: 3890 Basic stats: COMPLETE Column stats: NONE
                           File Output Operator
                             compressed: false
-                            Statistics: Num rows: 183 Data size: 1951 Basic stats: COMPLETE Column stats: NONE
+                            Statistics: Num rows: 366 Data size: 3890 Basic stats: COMPLETE Column stats: NONE
                             table:
                                 input format: org.apache.hadoop.mapred.TextInputFormat
                                 output format: org.apache.hadoop.hive.ql.io.HiveIgnoreKeyTextOutputFormat
diff --git a/ql/src/test/results/clientpositive/spark/bucketsortoptimize_insert_7.q.out b/ql/src/test/results/clientpositive/spark/bucketsortoptimize_insert_7.q.out
index 7c087ec822..2b919a0c17 100644
--- a/ql/src/test/results/clientpositive/spark/bucketsortoptimize_insert_7.q.out
+++ b/ql/src/test/results/clientpositive/spark/bucketsortoptimize_insert_7.q.out
@@ -451,7 +451,7 @@ STAGE PLANS:
                   alias: test_table1
                   Statistics: Num rows: 10 Data size: 70 Basic stats: COMPLETE Column stats: NONE
                   Filter Operator
-                    predicate: (((key < 8) and key is not null) and ((key = 0) or (key = 5))) (type: boolean)
+                    predicate: ((key < 8) and ((key = 0) or (key = 5))) (type: boolean)
                     Statistics: Num rows: 2 Data size: 14 Basic stats: COMPLETE Column stats: NONE
                     Select Operator
                       expressions: key (type: int), value (type: string)
@@ -476,12 +476,12 @@ STAGE PLANS:
                   alias: test_table2
                   Statistics: Num rows: 84 Data size: 736 Basic stats: COMPLETE Column stats: NONE
                   Filter Operator
-                    predicate: (((key < 8) and key is not null) and ((key = 0) or (key = 5))) (type: boolean)
-                    Statistics: Num rows: 14 Data size: 122 Basic stats: COMPLETE Column stats: NONE
+                    predicate: ((key < 8) and ((key = 0) or (key = 5))) (type: boolean)
+                    Statistics: Num rows: 28 Data size: 245 Basic stats: COMPLETE Column stats: NONE
                     Select Operator
                       expressions: key (type: int), value (type: string)
                       outputColumnNames: _col0, _col1
-                      Statistics: Num rows: 14 Data size: 122 Basic stats: COMPLETE Column stats: NONE
+                      Statistics: Num rows: 28 Data size: 245 Basic stats: COMPLETE Column stats: NONE
                       Map Join Operator
                         condition map:
                              Inner Join 0 to 1
@@ -491,16 +491,16 @@ STAGE PLANS:
                         outputColumnNames: _col0, _col1, _col3
                         input vertices:
                           0 Map 1
-                        Statistics: Num rows: 15 Data size: 134 Basic stats: COMPLETE Column stats: NONE
+                        Statistics: Num rows: 30 Data size: 269 Basic stats: COMPLETE Column stats: NONE
                         Select Operator
                           expressions: _col0 (type: int), concat(_col1, _col3) (type: string)
                           outputColumnNames: _col0, _col1
-                          Statistics: Num rows: 15 Data size: 134 Basic stats: COMPLETE Column stats: NONE
+                          Statistics: Num rows: 30 Data size: 269 Basic stats: COMPLETE Column stats: NONE
                           Reduce Output Operator
                             key expressions: _col0 (type: int)
                             sort order: +
                             Map-reduce partition columns: _col0 (type: int)
-                            Statistics: Num rows: 15 Data size: 134 Basic stats: COMPLETE Column stats: NONE
+                            Statistics: Num rows: 30 Data size: 269 Basic stats: COMPLETE Column stats: NONE
                             value expressions: _col1 (type: string)
             Local Work:
               Map Reduce Local Work
@@ -509,10 +509,10 @@ STAGE PLANS:
               Select Operator
                 expressions: KEY.reducesinkkey0 (type: int), VALUE._col0 (type: string)
                 outputColumnNames: _col0, _col1
-                Statistics: Num rows: 15 Data size: 134 Basic stats: COMPLETE Column stats: NONE
+                Statistics: Num rows: 30 Data size: 269 Basic stats: COMPLETE Column stats: NONE
                 File Output Operator
                   compressed: false
-                  Statistics: Num rows: 15 Data size: 134 Basic stats: COMPLETE Column stats: NONE
+                  Statistics: Num rows: 30 Data size: 269 Basic stats: COMPLETE Column stats: NONE
                   table:
                       input format: org.apache.hadoop.mapred.TextInputFormat
                       output format: org.apache.hadoop.hive.ql.io.HiveIgnoreKeyTextOutputFormat
diff --git a/ql/src/test/results/clientpositive/spark/filter_join_breaktask.q.out b/ql/src/test/results/clientpositive/spark/filter_join_breaktask.q.out
index 7c3c581e2d..28eeb0de05 100644
--- a/ql/src/test/results/clientpositive/spark/filter_join_breaktask.q.out
+++ b/ql/src/test/results/clientpositive/spark/filter_join_breaktask.q.out
@@ -289,13 +289,13 @@ STAGE PLANS:
                   GatherStats: false
                   Filter Operator
                     isSamplingPred: false
-                    predicate: ((value <> '') and value is not null) (type: boolean)
-                    Statistics: Num rows: 13 Data size: 109 Basic stats: COMPLETE Column stats: NONE
+                    predicate: (value <> '') (type: boolean)
+                    Statistics: Num rows: 25 Data size: 211 Basic stats: COMPLETE Column stats: NONE
                     Reduce Output Operator
                       key expressions: value (type: string)
                       sort order: +
                       Map-reduce partition columns: value (type: string)
-                      Statistics: Num rows: 13 Data size: 109 Basic stats: COMPLETE Column stats: NONE
+                      Statistics: Num rows: 25 Data size: 211 Basic stats: COMPLETE Column stats: NONE
                       tag: 1
                       auto parallelism: false
             Path -> Alias:
@@ -377,17 +377,17 @@ STAGE PLANS:
                   0 _col7 (type: string)
                   1 value (type: string)
                 outputColumnNames: _col0, _col13
-                Statistics: Num rows: 15 Data size: 130 Basic stats: COMPLETE Column stats: NONE
+                Statistics: Num rows: 27 Data size: 232 Basic stats: COMPLETE Column stats: NONE
                 Select Operator
                   expressions: _col0 (type: int), _col13 (type: string)
                   outputColumnNames: _col0, _col1
-                  Statistics: Num rows: 15 Data size: 130 Basic stats: COMPLETE Column stats: NONE
+                  Statistics: Num rows: 27 Data size: 232 Basic stats: COMPLETE Column stats: NONE
                   File Output Operator
                     compressed: false
                     GlobalTableId: 0
 #### A masked pattern was here ####
                     NumFilesPerFileSink: 1
-                    Statistics: Num rows: 15 Data size: 130 Basic stats: COMPLETE Column stats: NONE
+                    Statistics: Num rows: 27 Data size: 232 Basic stats: COMPLETE Column stats: NONE
 #### A masked pattern was here ####
                     table:
                         input format: org.apache.hadoop.mapred.TextInputFormat
diff --git a/ql/src/test/results/clientpositive/spark/join14.q.out b/ql/src/test/results/clientpositive/spark/join14.q.out
index e942087585..4ca149502e 100644
--- a/ql/src/test/results/clientpositive/spark/join14.q.out
+++ b/ql/src/test/results/clientpositive/spark/join14.q.out
@@ -38,17 +38,17 @@ STAGE PLANS:
                   alias: srcpart
                   Statistics: Num rows: 1000 Data size: 10624 Basic stats: COMPLETE Column stats: NONE
                   Filter Operator
-                    predicate: ((UDFToDouble(key) > 100.0) and key is not null) (type: boolean)
-                    Statistics: Num rows: 167 Data size: 1774 Basic stats: COMPLETE Column stats: NONE
+                    predicate: (UDFToDouble(key) > 100.0) (type: boolean)
+                    Statistics: Num rows: 333 Data size: 3537 Basic stats: COMPLETE Column stats: NONE
                     Select Operator
                       expressions: key (type: string), value (type: string)
                       outputColumnNames: _col0, _col1
-                      Statistics: Num rows: 167 Data size: 1774 Basic stats: COMPLETE Column stats: NONE
+                      Statistics: Num rows: 333 Data size: 3537 Basic stats: COMPLETE Column stats: NONE
                       Reduce Output Operator
                         key expressions: _col0 (type: string)
                         sort order: +
                         Map-reduce partition columns: _col0 (type: string)
-                        Statistics: Num rows: 167 Data size: 1774 Basic stats: COMPLETE Column stats: NONE
+                        Statistics: Num rows: 333 Data size: 3537 Basic stats: COMPLETE Column stats: NONE
                         value expressions: _col1 (type: string)
         Map 3 
             Map Operator Tree:
@@ -76,14 +76,14 @@ STAGE PLANS:
                   0 _col0 (type: string)
                   1 _col0 (type: string)
                 outputColumnNames: _col1, _col3
-                Statistics: Num rows: 183 Data size: 1951 Basic stats: COMPLETE Column stats: NONE
+                Statistics: Num rows: 366 Data size: 3890 Basic stats: COMPLETE Column stats: NONE
                 Select Operator
                   expressions: UDFToInteger(_col3) (type: int), _col1 (type: string)
                   outputColumnNames: _col0, _col1
-                  Statistics: Num rows: 183 Data size: 1951 Basic stats: COMPLETE Column stats: NONE
+                  Statistics: Num rows: 366 Data size: 3890 Basic stats: COMPLETE Column stats: NONE
                   File Output Operator
                     compressed: false
-                    Statistics: Num rows: 183 Data size: 1951 Basic stats: COMPLETE Column stats: NONE
+                    Statistics: Num rows: 366 Data size: 3890 Basic stats: COMPLETE Column stats: NONE
                     table:
                         input format: org.apache.hadoop.mapred.TextInputFormat
                         output format: org.apache.hadoop.hive.ql.io.HiveIgnoreKeyTextOutputFormat
diff --git a/ql/src/test/results/clientpositive/spark/join28.q.out b/ql/src/test/results/clientpositive/spark/join28.q.out
index f23f662b90..a8177f35a1 100644
--- a/ql/src/test/results/clientpositive/spark/join28.q.out
+++ b/ql/src/test/results/clientpositive/spark/join28.q.out
@@ -47,7 +47,7 @@ STAGE PLANS:
                   alias: z
                   Statistics: Num rows: 500 Data size: 5312 Basic stats: COMPLETE Column stats: NONE
                   Filter Operator
-                    predicate: ((11.0 = 11.0) and key is not null) (type: boolean)
+                    predicate: key is not null (type: boolean)
                     Statistics: Num rows: 250 Data size: 2656 Basic stats: COMPLETE Column stats: NONE
                     Select Operator
                       expressions: key (type: string), value (type: string)
diff --git a/ql/src/test/results/clientpositive/spark/join32.q.out b/ql/src/test/results/clientpositive/spark/join32.q.out
index a9d50b43b3..d7383fb486 100644
--- a/ql/src/test/results/clientpositive/spark/join32.q.out
+++ b/ql/src/test/results/clientpositive/spark/join32.q.out
@@ -263,7 +263,7 @@ STAGE PLANS:
                   GatherStats: false
                   Filter Operator
                     isSamplingPred: false
-                    predicate: ((11.0 = 11.0) and value is not null) (type: boolean)
+                    predicate: value is not null (type: boolean)
                     Statistics: Num rows: 250 Data size: 2656 Basic stats: COMPLETE Column stats: NONE
                     Select Operator
                       expressions: value (type: string)
diff --git a/ql/src/test/results/clientpositive/spark/join32_lessSize.q.out b/ql/src/test/results/clientpositive/spark/join32_lessSize.q.out
index dac961049d..b1efc8f8fe 100644
--- a/ql/src/test/results/clientpositive/spark/join32_lessSize.q.out
+++ b/ql/src/test/results/clientpositive/spark/join32_lessSize.q.out
@@ -271,7 +271,7 @@ STAGE PLANS:
                   GatherStats: false
                   Filter Operator
                     isSamplingPred: false
-                    predicate: ((11.0 = 11.0) and value is not null) (type: boolean)
+                    predicate: value is not null (type: boolean)
                     Statistics: Num rows: 250 Data size: 2656 Basic stats: COMPLETE Column stats: NONE
                     Select Operator
                       expressions: value (type: string)
@@ -1246,7 +1246,7 @@ STAGE PLANS:
                   GatherStats: false
                   Filter Operator
                     isSamplingPred: false
-                    predicate: ((11.0 = 11.0) and value is not null) (type: boolean)
+                    predicate: value is not null (type: boolean)
                     Statistics: Num rows: 250 Data size: 2656 Basic stats: COMPLETE Column stats: NONE
                     Select Operator
                       expressions: value (type: string)
@@ -1838,7 +1838,7 @@ STAGE PLANS:
                   GatherStats: false
                   Filter Operator
                     isSamplingPred: false
-                    predicate: ((11.0 = 11.0) and value is not null) (type: boolean)
+                    predicate: value is not null (type: boolean)
                     Statistics: Num rows: 250 Data size: 2656 Basic stats: COMPLETE Column stats: NONE
                     Select Operator
                       expressions: value (type: string)
@@ -2222,7 +2222,7 @@ STAGE PLANS:
                   alias: x
                   Statistics: Num rows: 500 Data size: 5312 Basic stats: COMPLETE Column stats: NONE
                   Filter Operator
-                    predicate: ((11.0 = 11.0) and value is not null) (type: boolean)
+                    predicate: value is not null (type: boolean)
                     Statistics: Num rows: 250 Data size: 2656 Basic stats: COMPLETE Column stats: NONE
                     Select Operator
                       expressions: value (type: string)
@@ -2466,7 +2466,7 @@ STAGE PLANS:
                   alias: y
                   Statistics: Num rows: 500 Data size: 5312 Basic stats: COMPLETE Column stats: NONE
                   Filter Operator
-                    predicate: ((11.0 = 11.0) and value is not null) (type: boolean)
+                    predicate: value is not null (type: boolean)
                     Statistics: Num rows: 250 Data size: 2656 Basic stats: COMPLETE Column stats: NONE
                     Select Operator
                       expressions: value (type: string)
diff --git a/ql/src/test/results/clientpositive/spark/join33.q.out b/ql/src/test/results/clientpositive/spark/join33.q.out
index a9d50b43b3..d7383fb486 100644
--- a/ql/src/test/results/clientpositive/spark/join33.q.out
+++ b/ql/src/test/results/clientpositive/spark/join33.q.out
@@ -263,7 +263,7 @@ STAGE PLANS:
                   GatherStats: false
                   Filter Operator
                     isSamplingPred: false
-                    predicate: ((11.0 = 11.0) and value is not null) (type: boolean)
+                    predicate: value is not null (type: boolean)
                     Statistics: Num rows: 250 Data size: 2656 Basic stats: COMPLETE Column stats: NONE
                     Select Operator
                       expressions: value (type: string)
diff --git a/ql/src/test/results/clientpositive/spark/mapjoin_subquery.q.out b/ql/src/test/results/clientpositive/spark/mapjoin_subquery.q.out
index 2d1e7a7fba..d74b7d0f02 100644
--- a/ql/src/test/results/clientpositive/spark/mapjoin_subquery.q.out
+++ b/ql/src/test/results/clientpositive/spark/mapjoin_subquery.q.out
@@ -34,7 +34,7 @@ STAGE PLANS:
                   alias: z
                   Statistics: Num rows: 500 Data size: 5312 Basic stats: COMPLETE Column stats: NONE
                   Filter Operator
-                    predicate: ((11.0 = 11.0) and key is not null) (type: boolean)
+                    predicate: key is not null (type: boolean)
                     Statistics: Num rows: 250 Data size: 2656 Basic stats: COMPLETE Column stats: NONE
                     Select Operator
                       expressions: key (type: string), value (type: string)
@@ -284,7 +284,7 @@ STAGE PLANS:
                   alias: z
                   Statistics: Num rows: 500 Data size: 5312 Basic stats: COMPLETE Column stats: NONE
                   Filter Operator
-                    predicate: ((11.0 = 11.0) and key is not null) (type: boolean)
+                    predicate: key is not null (type: boolean)
                     Statistics: Num rows: 250 Data size: 2656 Basic stats: COMPLETE Column stats: NONE
                     Select Operator
                       expressions: key (type: string), value (type: string)
diff --git a/ql/src/test/results/clientpositive/tez/explainuser_2.q.out b/ql/src/test/results/clientpositive/tez/explainuser_2.q.out
index 876819862f..222e89e9ec 100644
--- a/ql/src/test/results/clientpositive/tez/explainuser_2.q.out
+++ b/ql/src/test/results/clientpositive/tez/explainuser_2.q.out
@@ -239,7 +239,7 @@ Stage-0
                      |        outputColumnNames:["_col0"]
                      |        Statistics:Num rows: 250 Data size: 2656 Basic stats: COMPLETE Column stats: NONE
                      |        Filter Operator [FIL_26]
-                     |           predicate:((11.0 = 11.0) and value is not null) (type: boolean)
+                     |           predicate:value is not null (type: boolean)
                      |           Statistics:Num rows: 250 Data size: 2656 Basic stats: COMPLETE Column stats: NONE
                      |           TableScan [TS_2]
                      |              alias:z
@@ -1442,7 +1442,7 @@ Stage-0
                         outputColumnNames:["_col0"]
                         Statistics:Num rows: 250 Data size: 2656 Basic stats: COMPLETE Column stats: NONE
                         Filter Operator [FIL_26]
-                           predicate:((11.0 = 11.0) and value is not null) (type: boolean)
+                           predicate:value is not null (type: boolean)
                            Statistics:Num rows: 250 Data size: 2656 Basic stats: COMPLETE Column stats: NONE
                            TableScan [TS_2]
                               alias:z
