diff --git a/ql/src/java/org/apache/hadoop/hive/ql/parse/SemanticAnalyzer.java b/ql/src/java/org/apache/hadoop/hive/ql/parse/SemanticAnalyzer.java
index 0a780af1cb..fe7c1ca236 100644
--- a/ql/src/java/org/apache/hadoop/hive/ql/parse/SemanticAnalyzer.java
+++ b/ql/src/java/org/apache/hadoop/hive/ql/parse/SemanticAnalyzer.java
@@ -5370,8 +5370,8 @@ private Operator genGroupByPlan1ReduceMultiGBY(List<String> dests, QB qb, Operat
 
         GenericUDFOPOr or = new GenericUDFOPOr();
         List<ExprNodeDesc> expressions = new ArrayList<ExprNodeDesc>(2);
-        expressions.add(previous);
         expressions.add(current);
+        expressions.add(previous);
         ExprNodeDesc orExpr =
             new ExprNodeGenericFuncDesc(TypeInfoFactory.booleanTypeInfo, or, expressions);
         previous = orExpr;
diff --git a/ql/src/test/results/clientpositive/groupby_multi_single_reducer2.q.out b/ql/src/test/results/clientpositive/groupby_multi_single_reducer2.q.out
index 2377cd53d0..972ed512b7 100644
--- a/ql/src/test/results/clientpositive/groupby_multi_single_reducer2.q.out
+++ b/ql/src/test/results/clientpositive/groupby_multi_single_reducer2.q.out
@@ -43,7 +43,7 @@ STAGE PLANS:
             alias: src
             Statistics: Num rows: 500 Data size: 5312 Basic stats: COMPLETE Column stats: NONE
             Filter Operator
-              predicate: ((substr(key, 1, 1) >= 5) or (substr(key, 1, 1) < 5)) (type: boolean)
+              predicate: ((substr(key, 1, 1) < 5) or (substr(key, 1, 1) >= 5)) (type: boolean)
               Statistics: Num rows: 332 Data size: 3527 Basic stats: COMPLETE Column stats: NONE
               Reduce Output Operator
                 key expressions: substr(key, 1, 1) (type: string), key (type: string)
diff --git a/ql/src/test/results/clientpositive/groupby_multi_single_reducer3.q.out b/ql/src/test/results/clientpositive/groupby_multi_single_reducer3.q.out
index ca0d5244db..616eaa397b 100644
--- a/ql/src/test/results/clientpositive/groupby_multi_single_reducer3.q.out
+++ b/ql/src/test/results/clientpositive/groupby_multi_single_reducer3.q.out
@@ -59,7 +59,7 @@ STAGE PLANS:
             alias: src
             Statistics: Num rows: 500 Data size: 5312 Basic stats: COMPLETE Column stats: NONE
             Filter Operator
-              predicate: (((value) IN ('val_100', 'val_200', 'val_300') and (key) IN (100, 150, 200)) or ((value) IN ('val_400', 'val_500') and (key) IN (400, 450))) (type: boolean)
+              predicate: (((value) IN ('val_400', 'val_500') and (key) IN (400, 450)) or ((value) IN ('val_100', 'val_200', 'val_300') and (key) IN (100, 150, 200))) (type: boolean)
               Statistics: Num rows: 250 Data size: 2656 Basic stats: COMPLETE Column stats: NONE
               Reduce Output Operator
                 key expressions: key (type: string)
@@ -225,7 +225,7 @@ STAGE PLANS:
             alias: src
             Statistics: Num rows: 500 Data size: 5312 Basic stats: COMPLETE Column stats: NONE
             Filter Operator
-              predicate: (((((key + key) = 200) or ((key - 100) = 100)) or ((key = 300) and value is not null)) or (((key + key) = 400) or (((key - 100) = 500) and value is not null))) (type: boolean)
+              predicate: ((((key + key) = 400) or (((key - 100) = 500) and value is not null)) or ((((key + key) = 200) or ((key - 100) = 100)) or ((key = 300) and value is not null))) (type: boolean)
               Statistics: Num rows: 500 Data size: 5312 Basic stats: COMPLETE Column stats: NONE
               Reduce Output Operator
                 key expressions: value (type: string)
@@ -391,7 +391,7 @@ STAGE PLANS:
             alias: src
             Statistics: Num rows: 500 Data size: 5312 Basic stats: COMPLETE Column stats: NONE
             Filter Operator
-              predicate: (((value) IN ('val_100', 'val_200', 'val_300') and (key) IN (100, 150, 200)) or ((value) IN ('val_400', 'val_500') and (key) IN (400, 450))) (type: boolean)
+              predicate: (((value) IN ('val_400', 'val_500') and (key) IN (400, 450)) or ((value) IN ('val_100', 'val_200', 'val_300') and (key) IN (100, 150, 200))) (type: boolean)
               Statistics: Num rows: 250 Data size: 2656 Basic stats: COMPLETE Column stats: NONE
               Reduce Output Operator
                 key expressions: key (type: string)
@@ -557,7 +557,7 @@ STAGE PLANS:
             alias: src
             Statistics: Num rows: 500 Data size: 5312 Basic stats: COMPLETE Column stats: NONE
             Filter Operator
-              predicate: (((((key + key) = 200) or ((key - 100) = 100)) or ((key = 300) and value is not null)) or (((key + key) = 400) or (((key - 100) = 500) and value is not null))) (type: boolean)
+              predicate: ((((key + key) = 400) or (((key - 100) = 500) and value is not null)) or ((((key + key) = 200) or ((key - 100) = 100)) or ((key = 300) and value is not null))) (type: boolean)
               Statistics: Num rows: 500 Data size: 5312 Basic stats: COMPLETE Column stats: NONE
               Reduce Output Operator
                 key expressions: value (type: string)
diff --git a/ql/src/test/results/clientpositive/multi_insert.q.out b/ql/src/test/results/clientpositive/multi_insert.q.out
index 6f321c30e9..f8fc1720fe 100644
--- a/ql/src/test/results/clientpositive/multi_insert.q.out
+++ b/ql/src/test/results/clientpositive/multi_insert.q.out
@@ -755,7 +755,7 @@ STAGE PLANS:
             alias: src
             Statistics: Num rows: 500 Data size: 5312 Basic stats: COMPLETE Column stats: NONE
             Filter Operator
-              predicate: ((key < 10) or ((key > 10) and (key < 20))) (type: boolean)
+              predicate: (((key > 10) and (key < 20)) or (key < 10)) (type: boolean)
               Statistics: Num rows: 221 Data size: 2347 Basic stats: COMPLETE Column stats: NONE
               Reduce Output Operator
                 key expressions: key (type: string), value (type: string)
@@ -905,7 +905,7 @@ STAGE PLANS:
             alias: src
             Statistics: Num rows: 500 Data size: 5312 Basic stats: COMPLETE Column stats: NONE
             Filter Operator
-              predicate: ((key < 10) or ((key > 10) and (key < 20))) (type: boolean)
+              predicate: (((key > 10) and (key < 20)) or (key < 10)) (type: boolean)
               Statistics: Num rows: 221 Data size: 2347 Basic stats: COMPLETE Column stats: NONE
               Reduce Output Operator
                 key expressions: key (type: string), value (type: string)
@@ -1123,7 +1123,7 @@ STAGE PLANS:
             alias: src
             Statistics: Num rows: 500 Data size: 5312 Basic stats: COMPLETE Column stats: NONE
             Filter Operator
-              predicate: ((key < 10) or ((key > 10) and (key < 20))) (type: boolean)
+              predicate: (((key > 10) and (key < 20)) or (key < 10)) (type: boolean)
               Statistics: Num rows: 221 Data size: 2347 Basic stats: COMPLETE Column stats: NONE
               Reduce Output Operator
                 key expressions: key (type: string), value (type: string)
@@ -1273,7 +1273,7 @@ STAGE PLANS:
             alias: src
             Statistics: Num rows: 500 Data size: 5312 Basic stats: COMPLETE Column stats: NONE
             Filter Operator
-              predicate: ((key < 10) or ((key > 10) and (key < 20))) (type: boolean)
+              predicate: (((key > 10) and (key < 20)) or (key < 10)) (type: boolean)
               Statistics: Num rows: 221 Data size: 2347 Basic stats: COMPLETE Column stats: NONE
               Reduce Output Operator
                 key expressions: key (type: string), value (type: string)
diff --git a/ql/src/test/results/clientpositive/multi_insert_gby.q.out b/ql/src/test/results/clientpositive/multi_insert_gby.q.out
index 3c51f58281..7c5e589392 100644
--- a/ql/src/test/results/clientpositive/multi_insert_gby.q.out
+++ b/ql/src/test/results/clientpositive/multi_insert_gby.q.out
@@ -47,7 +47,7 @@ STAGE PLANS:
             alias: src
             Statistics: Num rows: 500 Data size: 5312 Basic stats: COMPLETE Column stats: NONE
             Filter Operator
-              predicate: ((key > 450) or (key > 500)) (type: boolean)
+              predicate: ((key > 500) or (key > 450)) (type: boolean)
               Statistics: Num rows: 332 Data size: 3527 Basic stats: COMPLETE Column stats: NONE
               Reduce Output Operator
                 key expressions: key (type: string)
diff --git a/ql/src/test/results/clientpositive/multi_insert_lateral_view.q.out b/ql/src/test/results/clientpositive/multi_insert_lateral_view.q.out
index 121f78c05a..4723153654 100644
--- a/ql/src/test/results/clientpositive/multi_insert_lateral_view.q.out
+++ b/ql/src/test/results/clientpositive/multi_insert_lateral_view.q.out
@@ -671,7 +671,7 @@ STAGE PLANS:
                         Statistics: Num rows: 20 Data size: 208 Basic stats: COMPLETE Column stats: NONE
                         value expressions: _col1 (type: double)
             Filter Operator
-              predicate: ((key > 200) or (key < 200)) (type: boolean)
+              predicate: ((key < 200) or (key > 200)) (type: boolean)
               Statistics: Num rows: 6 Data size: 62 Basic stats: COMPLETE Column stats: NONE
               File Output Operator
                 compressed: false
@@ -1342,7 +1342,7 @@ STAGE PLANS:
                             output format: org.apache.hadoop.hive.ql.io.HiveSequenceFileOutputFormat
                             serde: org.apache.hadoop.hive.serde2.lazybinary.LazyBinarySerDe
             Filter Operator
-              predicate: ((key > 200) or (key < 200)) (type: boolean)
+              predicate: ((key < 200) or (key > 200)) (type: boolean)
               Statistics: Num rows: 6 Data size: 62 Basic stats: COMPLETE Column stats: NONE
               File Output Operator
                 compressed: false
diff --git a/ql/src/test/results/clientpositive/multi_insert_move_tasks_share_dependencies.q.out b/ql/src/test/results/clientpositive/multi_insert_move_tasks_share_dependencies.q.out
index 8f9dd1216b..935ae752e7 100644
--- a/ql/src/test/results/clientpositive/multi_insert_move_tasks_share_dependencies.q.out
+++ b/ql/src/test/results/clientpositive/multi_insert_move_tasks_share_dependencies.q.out
@@ -772,7 +772,7 @@ STAGE PLANS:
             alias: src
             Statistics: Num rows: 500 Data size: 5312 Basic stats: COMPLETE Column stats: NONE
             Filter Operator
-              predicate: ((key < 10) or ((key > 10) and (key < 20))) (type: boolean)
+              predicate: (((key > 10) and (key < 20)) or (key < 10)) (type: boolean)
               Statistics: Num rows: 221 Data size: 2347 Basic stats: COMPLETE Column stats: NONE
               Reduce Output Operator
                 key expressions: key (type: string), value (type: string)
@@ -926,7 +926,7 @@ STAGE PLANS:
             alias: src
             Statistics: Num rows: 500 Data size: 5312 Basic stats: COMPLETE Column stats: NONE
             Filter Operator
-              predicate: ((key < 10) or ((key > 10) and (key < 20))) (type: boolean)
+              predicate: (((key > 10) and (key < 20)) or (key < 10)) (type: boolean)
               Statistics: Num rows: 221 Data size: 2347 Basic stats: COMPLETE Column stats: NONE
               Reduce Output Operator
                 key expressions: key (type: string), value (type: string)
@@ -1148,7 +1148,7 @@ STAGE PLANS:
             alias: src
             Statistics: Num rows: 500 Data size: 5312 Basic stats: COMPLETE Column stats: NONE
             Filter Operator
-              predicate: ((key < 10) or ((key > 10) and (key < 20))) (type: boolean)
+              predicate: (((key > 10) and (key < 20)) or (key < 10)) (type: boolean)
               Statistics: Num rows: 221 Data size: 2347 Basic stats: COMPLETE Column stats: NONE
               Reduce Output Operator
                 key expressions: key (type: string), value (type: string)
@@ -1302,7 +1302,7 @@ STAGE PLANS:
             alias: src
             Statistics: Num rows: 500 Data size: 5312 Basic stats: COMPLETE Column stats: NONE
             Filter Operator
-              predicate: ((key < 10) or ((key > 10) and (key < 20))) (type: boolean)
+              predicate: (((key > 10) and (key < 20)) or (key < 10)) (type: boolean)
               Statistics: Num rows: 221 Data size: 2347 Basic stats: COMPLETE Column stats: NONE
               Reduce Output Operator
                 key expressions: key (type: string), value (type: string)
@@ -2835,7 +2835,7 @@ STAGE PLANS:
             alias: src
             Statistics: Num rows: 500 Data size: 5312 Basic stats: COMPLETE Column stats: NONE
             Filter Operator
-              predicate: ((key < 10) or ((key > 10) and (key < 20))) (type: boolean)
+              predicate: (((key > 10) and (key < 20)) or (key < 10)) (type: boolean)
               Statistics: Num rows: 221 Data size: 2347 Basic stats: COMPLETE Column stats: NONE
               Reduce Output Operator
                 key expressions: key (type: string), value (type: string)
@@ -2971,7 +2971,7 @@ STAGE PLANS:
             alias: src
             Statistics: Num rows: 500 Data size: 5312 Basic stats: COMPLETE Column stats: NONE
             Filter Operator
-              predicate: ((key < 10) or ((key > 10) and (key < 20))) (type: boolean)
+              predicate: (((key > 10) and (key < 20)) or (key < 10)) (type: boolean)
               Statistics: Num rows: 221 Data size: 2347 Basic stats: COMPLETE Column stats: NONE
               Reduce Output Operator
                 key expressions: key (type: string), value (type: string)
@@ -3107,7 +3107,7 @@ STAGE PLANS:
             alias: src
             Statistics: Num rows: 500 Data size: 5312 Basic stats: COMPLETE Column stats: NONE
             Filter Operator
-              predicate: ((key < 10) or ((key > 10) and (key < 20))) (type: boolean)
+              predicate: (((key > 10) and (key < 20)) or (key < 10)) (type: boolean)
               Statistics: Num rows: 221 Data size: 2347 Basic stats: COMPLETE Column stats: NONE
               Reduce Output Operator
                 key expressions: key (type: string), value (type: string)
@@ -3243,7 +3243,7 @@ STAGE PLANS:
             alias: src
             Statistics: Num rows: 500 Data size: 5312 Basic stats: COMPLETE Column stats: NONE
             Filter Operator
-              predicate: ((key < 10) or ((key > 10) and (key < 20))) (type: boolean)
+              predicate: (((key > 10) and (key < 20)) or (key < 10)) (type: boolean)
               Statistics: Num rows: 221 Data size: 2347 Basic stats: COMPLETE Column stats: NONE
               Reduce Output Operator
                 key expressions: key (type: string), value (type: string)
@@ -3417,7 +3417,7 @@ STAGE PLANS:
                       serde: org.apache.hadoop.hive.serde2.lazy.LazySimpleSerDe
                       name: default.src_multi2
             Filter Operator
-              predicate: ((key < 10) or ((key > 10) and (key < 20))) (type: boolean)
+              predicate: (((key > 10) and (key < 20)) or (key < 10)) (type: boolean)
               Statistics: Num rows: 221 Data size: 2347 Basic stats: COMPLETE Column stats: NONE
               Reduce Output Operator
                 key expressions: key (type: string), value (type: string)
@@ -3664,7 +3664,7 @@ STAGE PLANS:
                       serde: org.apache.hadoop.hive.serde2.lazy.LazySimpleSerDe
                       name: default.src_multi2
             Filter Operator
-              predicate: ((key < 10) or ((key > 10) and (key < 20))) (type: boolean)
+              predicate: (((key > 10) and (key < 20)) or (key < 10)) (type: boolean)
               Statistics: Num rows: 221 Data size: 2347 Basic stats: COMPLETE Column stats: NONE
               Reduce Output Operator
                 key expressions: key (type: string), value (type: string)
@@ -3921,7 +3921,7 @@ STAGE PLANS:
                       serde: org.apache.hadoop.hive.serde2.lazy.LazySimpleSerDe
                       name: default.src_multi2
             Filter Operator
-              predicate: ((key < 10) or ((key > 10) and (key < 20))) (type: boolean)
+              predicate: (((key > 10) and (key < 20)) or (key < 10)) (type: boolean)
               Statistics: Num rows: 221 Data size: 2347 Basic stats: COMPLETE Column stats: NONE
               Reduce Output Operator
                 key expressions: key (type: string), value (type: string)
@@ -4256,7 +4256,7 @@ STAGE PLANS:
                       serde: org.apache.hadoop.hive.serde2.lazy.LazySimpleSerDe
                       name: default.src_multi2
             Filter Operator
-              predicate: ((key < 10) or ((key > 10) and (key < 20))) (type: boolean)
+              predicate: (((key > 10) and (key < 20)) or (key < 10)) (type: boolean)
               Statistics: Num rows: 221 Data size: 2347 Basic stats: COMPLETE Column stats: NONE
               Reduce Output Operator
                 key expressions: key (type: string), value (type: string)
diff --git a/ql/src/test/results/clientpositive/spark/groupby_multi_single_reducer2.q.out b/ql/src/test/results/clientpositive/spark/groupby_multi_single_reducer2.q.out
index 7903302b7f..5d1504088f 100644
--- a/ql/src/test/results/clientpositive/spark/groupby_multi_single_reducer2.q.out
+++ b/ql/src/test/results/clientpositive/spark/groupby_multi_single_reducer2.q.out
@@ -48,7 +48,7 @@ STAGE PLANS:
                   alias: src
                   Statistics: Num rows: 500 Data size: 5312 Basic stats: COMPLETE Column stats: NONE
                   Filter Operator
-                    predicate: ((substr(key, 1, 1) >= 5) or (substr(key, 1, 1) < 5)) (type: boolean)
+                    predicate: ((substr(key, 1, 1) < 5) or (substr(key, 1, 1) >= 5)) (type: boolean)
                     Statistics: Num rows: 332 Data size: 3527 Basic stats: COMPLETE Column stats: NONE
                     Reduce Output Operator
                       key expressions: substr(key, 1, 1) (type: string), key (type: string)
diff --git a/ql/src/test/results/clientpositive/spark/groupby_multi_single_reducer3.q.out b/ql/src/test/results/clientpositive/spark/groupby_multi_single_reducer3.q.out
index 4ac7009e3a..5192dbb50f 100644
--- a/ql/src/test/results/clientpositive/spark/groupby_multi_single_reducer3.q.out
+++ b/ql/src/test/results/clientpositive/spark/groupby_multi_single_reducer3.q.out
@@ -64,7 +64,7 @@ STAGE PLANS:
                   alias: src
                   Statistics: Num rows: 500 Data size: 5312 Basic stats: COMPLETE Column stats: NONE
                   Filter Operator
-                    predicate: (((value) IN ('val_100', 'val_200', 'val_300') and (key) IN (100, 150, 200)) or ((value) IN ('val_400', 'val_500') and (key) IN (400, 450))) (type: boolean)
+                    predicate: (((value) IN ('val_400', 'val_500') and (key) IN (400, 450)) or ((value) IN ('val_100', 'val_200', 'val_300') and (key) IN (100, 150, 200))) (type: boolean)
                     Statistics: Num rows: 250 Data size: 2656 Basic stats: COMPLETE Column stats: NONE
                     Reduce Output Operator
                       key expressions: key (type: string)
@@ -236,7 +236,7 @@ STAGE PLANS:
                   alias: src
                   Statistics: Num rows: 500 Data size: 5312 Basic stats: COMPLETE Column stats: NONE
                   Filter Operator
-                    predicate: (((((key + key) = 200) or ((key - 100) = 100)) or ((key = 300) and value is not null)) or (((key + key) = 400) or (((key - 100) = 500) and value is not null))) (type: boolean)
+                    predicate: ((((key + key) = 400) or (((key - 100) = 500) and value is not null)) or ((((key + key) = 200) or ((key - 100) = 100)) or ((key = 300) and value is not null))) (type: boolean)
                     Statistics: Num rows: 500 Data size: 5312 Basic stats: COMPLETE Column stats: NONE
                     Reduce Output Operator
                       key expressions: value (type: string)
@@ -408,7 +408,7 @@ STAGE PLANS:
                   alias: src
                   Statistics: Num rows: 500 Data size: 5312 Basic stats: COMPLETE Column stats: NONE
                   Filter Operator
-                    predicate: (((value) IN ('val_100', 'val_200', 'val_300') and (key) IN (100, 150, 200)) or ((value) IN ('val_400', 'val_500') and (key) IN (400, 450))) (type: boolean)
+                    predicate: (((value) IN ('val_400', 'val_500') and (key) IN (400, 450)) or ((value) IN ('val_100', 'val_200', 'val_300') and (key) IN (100, 150, 200))) (type: boolean)
                     Statistics: Num rows: 250 Data size: 2656 Basic stats: COMPLETE Column stats: NONE
                     Reduce Output Operator
                       key expressions: key (type: string)
@@ -580,7 +580,7 @@ STAGE PLANS:
                   alias: src
                   Statistics: Num rows: 500 Data size: 5312 Basic stats: COMPLETE Column stats: NONE
                   Filter Operator
-                    predicate: (((((key + key) = 200) or ((key - 100) = 100)) or ((key = 300) and value is not null)) or (((key + key) = 400) or (((key - 100) = 500) and value is not null))) (type: boolean)
+                    predicate: ((((key + key) = 400) or (((key - 100) = 500) and value is not null)) or ((((key + key) = 200) or ((key - 100) = 100)) or ((key = 300) and value is not null))) (type: boolean)
                     Statistics: Num rows: 500 Data size: 5312 Basic stats: COMPLETE Column stats: NONE
                     Reduce Output Operator
                       key expressions: value (type: string)
diff --git a/ql/src/test/results/clientpositive/spark/multi_insert.q.out b/ql/src/test/results/clientpositive/spark/multi_insert.q.out
index c77a691092..117133a43e 100644
--- a/ql/src/test/results/clientpositive/spark/multi_insert.q.out
+++ b/ql/src/test/results/clientpositive/spark/multi_insert.q.out
@@ -596,7 +596,7 @@ STAGE PLANS:
                   alias: src
                   Statistics: Num rows: 500 Data size: 5312 Basic stats: COMPLETE Column stats: NONE
                   Filter Operator
-                    predicate: ((key < 10) or ((key > 10) and (key < 20))) (type: boolean)
+                    predicate: (((key > 10) and (key < 20)) or (key < 10)) (type: boolean)
                     Statistics: Num rows: 221 Data size: 2347 Basic stats: COMPLETE Column stats: NONE
                     Reduce Output Operator
                       key expressions: key (type: string), value (type: string)
@@ -742,7 +742,7 @@ STAGE PLANS:
                   alias: src
                   Statistics: Num rows: 500 Data size: 5312 Basic stats: COMPLETE Column stats: NONE
                   Filter Operator
-                    predicate: ((key < 10) or ((key > 10) and (key < 20))) (type: boolean)
+                    predicate: (((key > 10) and (key < 20)) or (key < 10)) (type: boolean)
                     Statistics: Num rows: 221 Data size: 2347 Basic stats: COMPLETE Column stats: NONE
                     Reduce Output Operator
                       key expressions: key (type: string), value (type: string)
@@ -888,7 +888,7 @@ STAGE PLANS:
                   alias: src
                   Statistics: Num rows: 500 Data size: 5312 Basic stats: COMPLETE Column stats: NONE
                   Filter Operator
-                    predicate: ((key < 10) or ((key > 10) and (key < 20))) (type: boolean)
+                    predicate: (((key > 10) and (key < 20)) or (key < 10)) (type: boolean)
                     Statistics: Num rows: 221 Data size: 2347 Basic stats: COMPLETE Column stats: NONE
                     Reduce Output Operator
                       key expressions: key (type: string), value (type: string)
@@ -1034,7 +1034,7 @@ STAGE PLANS:
                   alias: src
                   Statistics: Num rows: 500 Data size: 5312 Basic stats: COMPLETE Column stats: NONE
                   Filter Operator
-                    predicate: ((key < 10) or ((key > 10) and (key < 20))) (type: boolean)
+                    predicate: (((key > 10) and (key < 20)) or (key < 10)) (type: boolean)
                     Statistics: Num rows: 221 Data size: 2347 Basic stats: COMPLETE Column stats: NONE
                     Reduce Output Operator
                       key expressions: key (type: string), value (type: string)
diff --git a/ql/src/test/results/clientpositive/spark/multi_insert_gby.q.out b/ql/src/test/results/clientpositive/spark/multi_insert_gby.q.out
index 6eae46ea4c..9eeabb4c15 100644
--- a/ql/src/test/results/clientpositive/spark/multi_insert_gby.q.out
+++ b/ql/src/test/results/clientpositive/spark/multi_insert_gby.q.out
@@ -52,7 +52,7 @@ STAGE PLANS:
                   alias: src
                   Statistics: Num rows: 500 Data size: 5312 Basic stats: COMPLETE Column stats: NONE
                   Filter Operator
-                    predicate: ((key > 450) or (key > 500)) (type: boolean)
+                    predicate: ((key > 500) or (key > 450)) (type: boolean)
                     Statistics: Num rows: 332 Data size: 3527 Basic stats: COMPLETE Column stats: NONE
                     Reduce Output Operator
                       key expressions: key (type: string)
diff --git a/ql/src/test/results/clientpositive/spark/multi_insert_lateral_view.q.out b/ql/src/test/results/clientpositive/spark/multi_insert_lateral_view.q.out
index 6dc57479d9..6aec97986a 100644
--- a/ql/src/test/results/clientpositive/spark/multi_insert_lateral_view.q.out
+++ b/ql/src/test/results/clientpositive/spark/multi_insert_lateral_view.q.out
@@ -597,7 +597,7 @@ STAGE PLANS:
                   alias: src_10
                   Statistics: Num rows: 10 Data size: 104 Basic stats: COMPLETE Column stats: NONE
                   Filter Operator
-                    predicate: ((key > 200) or (key < 200)) (type: boolean)
+                    predicate: ((key < 200) or (key > 200)) (type: boolean)
                     Statistics: Num rows: 6 Data size: 62 Basic stats: COMPLETE Column stats: NONE
                     Reduce Output Operator
                       key expressions: key (type: string)
@@ -1267,7 +1267,7 @@ STAGE PLANS:
                   alias: src_10
                   Statistics: Num rows: 10 Data size: 104 Basic stats: COMPLETE Column stats: NONE
                   Filter Operator
-                    predicate: ((key > 200) or (key < 200)) (type: boolean)
+                    predicate: ((key < 200) or (key > 200)) (type: boolean)
                     Statistics: Num rows: 6 Data size: 62 Basic stats: COMPLETE Column stats: NONE
                     Reduce Output Operator
                       key expressions: value (type: string), key (type: string)
diff --git a/ql/src/test/results/clientpositive/spark/multi_insert_move_tasks_share_dependencies.q.out b/ql/src/test/results/clientpositive/spark/multi_insert_move_tasks_share_dependencies.q.out
index cddf923b62..2bcf1bfced 100644
--- a/ql/src/test/results/clientpositive/spark/multi_insert_move_tasks_share_dependencies.q.out
+++ b/ql/src/test/results/clientpositive/spark/multi_insert_move_tasks_share_dependencies.q.out
@@ -613,7 +613,7 @@ STAGE PLANS:
                   alias: src
                   Statistics: Num rows: 500 Data size: 5312 Basic stats: COMPLETE Column stats: NONE
                   Filter Operator
-                    predicate: ((key < 10) or ((key > 10) and (key < 20))) (type: boolean)
+                    predicate: (((key > 10) and (key < 20)) or (key < 10)) (type: boolean)
                     Statistics: Num rows: 221 Data size: 2347 Basic stats: COMPLETE Column stats: NONE
                     Reduce Output Operator
                       key expressions: key (type: string), value (type: string)
@@ -763,7 +763,7 @@ STAGE PLANS:
                   alias: src
                   Statistics: Num rows: 500 Data size: 5312 Basic stats: COMPLETE Column stats: NONE
                   Filter Operator
-                    predicate: ((key < 10) or ((key > 10) and (key < 20))) (type: boolean)
+                    predicate: (((key > 10) and (key < 20)) or (key < 10)) (type: boolean)
                     Statistics: Num rows: 221 Data size: 2347 Basic stats: COMPLETE Column stats: NONE
                     Reduce Output Operator
                       key expressions: key (type: string), value (type: string)
@@ -913,7 +913,7 @@ STAGE PLANS:
                   alias: src
                   Statistics: Num rows: 500 Data size: 5312 Basic stats: COMPLETE Column stats: NONE
                   Filter Operator
-                    predicate: ((key < 10) or ((key > 10) and (key < 20))) (type: boolean)
+                    predicate: (((key > 10) and (key < 20)) or (key < 10)) (type: boolean)
                     Statistics: Num rows: 221 Data size: 2347 Basic stats: COMPLETE Column stats: NONE
                     Reduce Output Operator
                       key expressions: key (type: string), value (type: string)
@@ -1063,7 +1063,7 @@ STAGE PLANS:
                   alias: src
                   Statistics: Num rows: 500 Data size: 5312 Basic stats: COMPLETE Column stats: NONE
                   Filter Operator
-                    predicate: ((key < 10) or ((key > 10) and (key < 20))) (type: boolean)
+                    predicate: (((key > 10) and (key < 20)) or (key < 10)) (type: boolean)
                     Statistics: Num rows: 221 Data size: 2347 Basic stats: COMPLETE Column stats: NONE
                     Reduce Output Operator
                       key expressions: key (type: string), value (type: string)
@@ -2365,7 +2365,7 @@ STAGE PLANS:
                   alias: src
                   Statistics: Num rows: 500 Data size: 5312 Basic stats: COMPLETE Column stats: NONE
                   Filter Operator
-                    predicate: ((key < 10) or ((key > 10) and (key < 20))) (type: boolean)
+                    predicate: (((key > 10) and (key < 20)) or (key < 10)) (type: boolean)
                     Statistics: Num rows: 221 Data size: 2347 Basic stats: COMPLETE Column stats: NONE
                     Reduce Output Operator
                       key expressions: key (type: string), value (type: string)
@@ -2492,7 +2492,7 @@ STAGE PLANS:
                   alias: src
                   Statistics: Num rows: 500 Data size: 5312 Basic stats: COMPLETE Column stats: NONE
                   Filter Operator
-                    predicate: ((key < 10) or ((key > 10) and (key < 20))) (type: boolean)
+                    predicate: (((key > 10) and (key < 20)) or (key < 10)) (type: boolean)
                     Statistics: Num rows: 221 Data size: 2347 Basic stats: COMPLETE Column stats: NONE
                     Reduce Output Operator
                       key expressions: key (type: string), value (type: string)
@@ -2619,7 +2619,7 @@ STAGE PLANS:
                   alias: src
                   Statistics: Num rows: 500 Data size: 5312 Basic stats: COMPLETE Column stats: NONE
                   Filter Operator
-                    predicate: ((key < 10) or ((key > 10) and (key < 20))) (type: boolean)
+                    predicate: (((key > 10) and (key < 20)) or (key < 10)) (type: boolean)
                     Statistics: Num rows: 221 Data size: 2347 Basic stats: COMPLETE Column stats: NONE
                     Reduce Output Operator
                       key expressions: key (type: string), value (type: string)
@@ -2746,7 +2746,7 @@ STAGE PLANS:
                   alias: src
                   Statistics: Num rows: 500 Data size: 5312 Basic stats: COMPLETE Column stats: NONE
                   Filter Operator
-                    predicate: ((key < 10) or ((key > 10) and (key < 20))) (type: boolean)
+                    predicate: (((key > 10) and (key < 20)) or (key < 10)) (type: boolean)
                     Statistics: Num rows: 221 Data size: 2347 Basic stats: COMPLETE Column stats: NONE
                     Reduce Output Operator
                       key expressions: key (type: string), value (type: string)
@@ -2911,7 +2911,7 @@ STAGE PLANS:
                             serde: org.apache.hadoop.hive.serde2.lazy.LazySimpleSerDe
                             name: default.src_multi2
                   Filter Operator
-                    predicate: ((key < 10) or ((key > 10) and (key < 20))) (type: boolean)
+                    predicate: (((key > 10) and (key < 20)) or (key < 10)) (type: boolean)
                     Statistics: Num rows: 221 Data size: 2347 Basic stats: COMPLETE Column stats: NONE
                     Reduce Output Operator
                       key expressions: key (type: string), value (type: string)
@@ -3149,7 +3149,7 @@ STAGE PLANS:
                             serde: org.apache.hadoop.hive.serde2.lazy.LazySimpleSerDe
                             name: default.src_multi2
                   Filter Operator
-                    predicate: ((key < 10) or ((key > 10) and (key < 20))) (type: boolean)
+                    predicate: (((key > 10) and (key < 20)) or (key < 10)) (type: boolean)
                     Statistics: Num rows: 221 Data size: 2347 Basic stats: COMPLETE Column stats: NONE
                     Reduce Output Operator
                       key expressions: key (type: string), value (type: string)
@@ -3387,7 +3387,7 @@ STAGE PLANS:
                             serde: org.apache.hadoop.hive.serde2.lazy.LazySimpleSerDe
                             name: default.src_multi2
                   Filter Operator
-                    predicate: ((key < 10) or ((key > 10) and (key < 20))) (type: boolean)
+                    predicate: (((key > 10) and (key < 20)) or (key < 10)) (type: boolean)
                     Statistics: Num rows: 221 Data size: 2347 Basic stats: COMPLETE Column stats: NONE
                     Reduce Output Operator
                       key expressions: key (type: string), value (type: string)
@@ -3625,7 +3625,7 @@ STAGE PLANS:
                             serde: org.apache.hadoop.hive.serde2.lazy.LazySimpleSerDe
                             name: default.src_multi2
                   Filter Operator
-                    predicate: ((key < 10) or ((key > 10) and (key < 20))) (type: boolean)
+                    predicate: (((key > 10) and (key < 20)) or (key < 10)) (type: boolean)
                     Statistics: Num rows: 221 Data size: 2347 Basic stats: COMPLETE Column stats: NONE
                     Reduce Output Operator
                       key expressions: key (type: string), value (type: string)
