diff --git a/ql/src/test/results/clientpositive/tez/tez_dynpart_hashjoin_1.q.out b/ql/src/test/results/clientpositive/tez/tez_dynpart_hashjoin_1.q.out
index 8a46807a69..429f759bc1 100644
--- a/ql/src/test/results/clientpositive/tez/tez_dynpart_hashjoin_1.q.out
+++ b/ql/src/test/results/clientpositive/tez/tez_dynpart_hashjoin_1.q.out
@@ -384,10 +384,10 @@ order by c1
 POSTHOOK: type: QUERY
 POSTHOOK: Input: default@alltypesorc
 #### A masked pattern was here ####
-10782	1
--3799	1
--8915	1
 -13036	1
+-8915	1
+-3799	1
+10782	1
 NULL	6
 PREHOOK: query: -- Try with dynamically partitioned hashjoin
 explain
@@ -784,8 +784,8 @@ order by c1
 POSTHOOK: type: QUERY
 POSTHOOK: Input: default@alltypesorc
 #### A masked pattern was here ####
-10782	1
--3799	1
 -8915	1
+-3799	1
+10782	1
 -13036	1
 NULL	6
diff --git a/ql/src/test/results/clientpositive/tez/tez_vector_dynpart_hashjoin_1.q.out b/ql/src/test/results/clientpositive/tez/tez_vector_dynpart_hashjoin_1.q.out
index ba35e4cb5f..39eb1a40c0 100644
--- a/ql/src/test/results/clientpositive/tez/tez_vector_dynpart_hashjoin_1.q.out
+++ b/ql/src/test/results/clientpositive/tez/tez_vector_dynpart_hashjoin_1.q.out
@@ -384,10 +384,10 @@ order by c1
 POSTHOOK: type: QUERY
 POSTHOOK: Input: default@alltypesorc
 #### A masked pattern was here ####
-10782	1
--3799	1
--8915	1
 -13036	1
+-8915	1
+-3799	1
+10782	1
 NULL	6
 PREHOOK: query: -- Try with dynamically partitioned hashjoin
 explain
@@ -458,6 +458,7 @@ STAGE PLANS:
                         value expressions: _col0 (type: tinyint), _col1 (type: smallint), _col3 (type: bigint), _col4 (type: float), _col5 (type: double), _col6 (type: string), _col7 (type: string), _col8 (type: timestamp), _col9 (type: timestamp), _col10 (type: boolean), _col11 (type: boolean)
             Execution mode: vectorized
         Reducer 2 
+            Execution mode: vectorized
             Reduce Operator Tree:
               Map Join Operator
                 condition map:
@@ -475,8 +476,8 @@ STAGE PLANS:
                   sort order: +
                   Statistics: Num rows: 3379 Data size: 726540 Basic stats: COMPLETE Column stats: NONE
                   value expressions: _col0 (type: tinyint), _col1 (type: smallint), _col3 (type: bigint), _col4 (type: float), _col5 (type: double), _col6 (type: string), _col7 (type: string), _col8 (type: timestamp), _col9 (type: timestamp), _col10 (type: boolean), _col11 (type: boolean), _col12 (type: tinyint), _col13 (type: smallint), _col14 (type: int), _col15 (type: bigint), _col16 (type: float), _col17 (type: double), _col18 (type: string), _col19 (type: string), _col20 (type: timestamp), _col21 (type: timestamp), _col22 (type: boolean), _col23 (type: boolean)
-            Execution mode: vectorized
         Reducer 3 
+            Execution mode: vectorized
             Reduce Operator Tree:
               Select Operator
                 expressions: VALUE._col0 (type: tinyint), VALUE._col1 (type: smallint), KEY.reducesinkkey0 (type: int), VALUE._col2 (type: bigint), VALUE._col3 (type: float), VALUE._col4 (type: double), VALUE._col5 (type: string), VALUE._col6 (type: string), VALUE._col7 (type: timestamp), VALUE._col8 (type: timestamp), VALUE._col9 (type: boolean), VALUE._col10 (type: boolean), VALUE._col11 (type: tinyint), VALUE._col12 (type: smallint), VALUE._col13 (type: int), VALUE._col14 (type: bigint), VALUE._col15 (type: float), VALUE._col16 (type: double), VALUE._col17 (type: string), VALUE._col18 (type: string), VALUE._col19 (type: timestamp), VALUE._col20 (type: timestamp), VALUE._col21 (type: boolean), VALUE._col22 (type: boolean)
@@ -489,7 +490,6 @@ STAGE PLANS:
                       input format: org.apache.hadoop.mapred.TextInputFormat
                       output format: org.apache.hadoop.hive.ql.io.HiveIgnoreKeyTextOutputFormat
                       serde: org.apache.hadoop.hive.serde2.lazy.LazySimpleSerDe
-            Execution mode: vectorized
 
   Stage: Stage-0
     Fetch Operator
@@ -588,6 +588,7 @@ STAGE PLANS:
                         Statistics: Num rows: 1536 Data size: 330245 Basic stats: COMPLETE Column stats: NONE
             Execution mode: vectorized
         Reducer 2 
+            Execution mode: vectorized
             Reduce Operator Tree:
               Map Join Operator
                 condition map:
@@ -608,8 +609,8 @@ STAGE PLANS:
                     sort order: 
                     Statistics: Num rows: 1 Data size: 8 Basic stats: COMPLETE Column stats: NONE
                     value expressions: _col0 (type: bigint)
-            Execution mode: vectorized
         Reducer 3 
+            Execution mode: vectorized
             Reduce Operator Tree:
               Group By Operator
                 aggregations: count(VALUE._col0)
@@ -623,7 +624,6 @@ STAGE PLANS:
                       input format: org.apache.hadoop.mapred.TextInputFormat
                       output format: org.apache.hadoop.hive.ql.io.HiveIgnoreKeyTextOutputFormat
                       serde: org.apache.hadoop.hive.serde2.lazy.LazySimpleSerDe
-            Execution mode: vectorized
 
   Stage: Stage-0
     Fetch Operator
@@ -717,6 +717,7 @@ STAGE PLANS:
                         Statistics: Num rows: 1536 Data size: 330245 Basic stats: COMPLETE Column stats: NONE
             Execution mode: vectorized
         Reducer 2 
+            Execution mode: vectorized
             Reduce Operator Tree:
               Map Join Operator
                 condition map:
@@ -741,8 +742,8 @@ STAGE PLANS:
                     Map-reduce partition columns: _col0 (type: smallint)
                     Statistics: Num rows: 3379 Data size: 726540 Basic stats: COMPLETE Column stats: NONE
                     value expressions: _col1 (type: bigint)
-            Execution mode: vectorized
         Reducer 3 
+            Execution mode: vectorized
             Reduce Operator Tree:
               Group By Operator
                 aggregations: count(VALUE._col0)
@@ -755,8 +756,8 @@ STAGE PLANS:
                   sort order: +
                   Statistics: Num rows: 1689 Data size: 363162 Basic stats: COMPLETE Column stats: NONE
                   value expressions: _col0 (type: smallint)
-            Execution mode: vectorized
         Reducer 4 
+            Execution mode: vectorized
             Reduce Operator Tree:
               Select Operator
                 expressions: VALUE._col0 (type: smallint), KEY.reducesinkkey0 (type: bigint)
@@ -769,7 +770,6 @@ STAGE PLANS:
                       input format: org.apache.hadoop.mapred.TextInputFormat
                       output format: org.apache.hadoop.hive.ql.io.HiveIgnoreKeyTextOutputFormat
                       serde: org.apache.hadoop.hive.serde2.lazy.LazySimpleSerDe
-            Execution mode: vectorized
 
   Stage: Stage-0
     Fetch Operator
@@ -797,8 +797,8 @@ order by c1
 POSTHOOK: type: QUERY
 POSTHOOK: Input: default@alltypesorc
 #### A masked pattern was here ####
-10782	1
--3799	1
 -8915	1
+-3799	1
+10782	1
 -13036	1
 NULL	6
diff --git a/ql/src/test/results/clientpositive/tez/tez_vector_dynpart_hashjoin_2.q.out b/ql/src/test/results/clientpositive/tez/tez_vector_dynpart_hashjoin_2.q.out
index e814103aef..d8bc128b46 100644
--- a/ql/src/test/results/clientpositive/tez/tez_vector_dynpart_hashjoin_2.q.out
+++ b/ql/src/test/results/clientpositive/tez/tez_vector_dynpart_hashjoin_2.q.out
@@ -278,6 +278,7 @@ STAGE PLANS:
                         Map-reduce partition columns: (UDFToInteger(_col0) + 0) (type: int)
                         Statistics: Num rows: 250 Data size: 2656 Basic stats: COMPLETE Column stats: NONE
         Reducer 2 
+            Execution mode: vectorized
             Reduce Operator Tree:
               Map Join Operator
                 condition map:
@@ -298,8 +299,8 @@ STAGE PLANS:
                   sort order: +++
                   Statistics: Num rows: 4505 Data size: 968719 Basic stats: COMPLETE Column stats: NONE
                   value expressions: _col3 (type: bigint), _col4 (type: float), _col5 (type: double), _col6 (type: string), _col7 (type: string), _col8 (type: timestamp), _col9 (type: timestamp), _col10 (type: boolean), _col11 (type: boolean)
-            Execution mode: vectorized
         Reducer 3 
+            Execution mode: vectorized
             Reduce Operator Tree:
               Select Operator
                 expressions: KEY.reducesinkkey1 (type: tinyint), KEY.reducesinkkey0 (type: smallint), KEY.reducesinkkey2 (type: int), VALUE._col0 (type: bigint), VALUE._col1 (type: float), VALUE._col2 (type: double), VALUE._col3 (type: string), VALUE._col4 (type: string), VALUE._col5 (type: timestamp), VALUE._col6 (type: timestamp), VALUE._col7 (type: boolean), VALUE._col8 (type: boolean)
@@ -312,7 +313,6 @@ STAGE PLANS:
                       input format: org.apache.hadoop.mapred.TextInputFormat
                       output format: org.apache.hadoop.hive.ql.io.HiveIgnoreKeyTextOutputFormat
                       serde: org.apache.hadoop.hive.serde2.lazy.LazySimpleSerDe
-            Execution mode: vectorized
 
   Stage: Stage-0
     Fetch Operator
@@ -469,6 +469,7 @@ STAGE PLANS:
                         Map-reduce partition columns: (UDFToInteger(_col0) + 0) (type: int)
                         Statistics: Num rows: 250 Data size: 2656 Basic stats: COMPLETE Column stats: NONE
         Reducer 2 
+            Execution mode: vectorized
             Reduce Operator Tree:
               Map Join Operator
                 condition map:
@@ -489,8 +490,8 @@ STAGE PLANS:
                   sort order: +++
                   Statistics: Num rows: 4505 Data size: 968719 Basic stats: COMPLETE Column stats: NONE
                   value expressions: _col3 (type: bigint), _col4 (type: float), _col5 (type: double), _col6 (type: string), _col7 (type: string), _col8 (type: timestamp), _col9 (type: timestamp), _col10 (type: boolean), _col11 (type: boolean)
-            Execution mode: vectorized
         Reducer 3 
+            Execution mode: vectorized
             Reduce Operator Tree:
               Select Operator
                 expressions: KEY.reducesinkkey1 (type: tinyint), KEY.reducesinkkey0 (type: smallint), KEY.reducesinkkey2 (type: int), VALUE._col0 (type: bigint), VALUE._col1 (type: float), VALUE._col2 (type: double), VALUE._col3 (type: string), VALUE._col4 (type: string), VALUE._col5 (type: timestamp), VALUE._col6 (type: timestamp), VALUE._col7 (type: boolean), VALUE._col8 (type: boolean)
@@ -503,7 +504,6 @@ STAGE PLANS:
                       input format: org.apache.hadoop.mapred.TextInputFormat
                       output format: org.apache.hadoop.hive.ql.io.HiveIgnoreKeyTextOutputFormat
                       serde: org.apache.hadoop.hive.serde2.lazy.LazySimpleSerDe
-            Execution mode: vectorized
 
   Stage: Stage-0
     Fetch Operator
diff --git a/ql/src/test/results/clientpositive/tez/vector_cast_constant.q.java1.8.out b/ql/src/test/results/clientpositive/tez/vector_cast_constant.q.java1.8.out
index c700038483..331edd0296 100644
--- a/ql/src/test/results/clientpositive/tez/vector_cast_constant.q.java1.8.out
+++ b/ql/src/test/results/clientpositive/tez/vector_cast_constant.q.java1.8.out
@@ -106,14 +106,14 @@ PREHOOK: query: EXPLAIN SELECT
   AVG(CAST(50 AS INT)) AS `avg_int_ok`,
   AVG(CAST(50 AS DOUBLE)) AS `avg_double_ok`,
   AVG(CAST(50 AS DECIMAL)) AS `avg_decimal_ok`
-  FROM over1korc GROUP BY i LIMIT 10
+  FROM over1korc GROUP BY i ORDER BY i LIMIT 10
 PREHOOK: type: QUERY
 POSTHOOK: query: EXPLAIN SELECT 
   i,
   AVG(CAST(50 AS INT)) AS `avg_int_ok`,
   AVG(CAST(50 AS DOUBLE)) AS `avg_double_ok`,
   AVG(CAST(50 AS DECIMAL)) AS `avg_decimal_ok`
-  FROM over1korc GROUP BY i LIMIT 10
+  FROM over1korc GROUP BY i ORDER BY i LIMIT 10
 POSTHOOK: type: QUERY
 STAGE DEPENDENCIES:
   Stage-1 is a root stage
@@ -124,6 +124,7 @@ STAGE PLANS:
     Tez
       Edges:
         Reducer 2 <- Map 1 (SIMPLE_EDGE)
+        Reducer 3 <- Reducer 2 (SIMPLE_EDGE)
 #### A masked pattern was here ####
       Vertices:
         Map 1 
@@ -156,6 +157,18 @@ STAGE PLANS:
                 mode: mergepartial
                 outputColumnNames: _col0, _col1, _col2, _col3
                 Statistics: Num rows: 524 Data size: 155436 Basic stats: COMPLETE Column stats: NONE
+                Reduce Output Operator
+                  key expressions: _col0 (type: int)
+                  sort order: +
+                  Statistics: Num rows: 524 Data size: 155436 Basic stats: COMPLETE Column stats: NONE
+                  value expressions: _col1 (type: double), _col2 (type: double), _col3 (type: decimal(14,4))
+        Reducer 3 
+            Execution mode: vectorized
+            Reduce Operator Tree:
+              Select Operator
+                expressions: KEY.reducesinkkey0 (type: int), VALUE._col0 (type: double), VALUE._col1 (type: double), VALUE._col2 (type: decimal(14,4))
+                outputColumnNames: _col0, _col1, _col2, _col3
+                Statistics: Num rows: 524 Data size: 155436 Basic stats: COMPLETE Column stats: NONE
                 Limit
                   Number of rows: 10
                   Statistics: Num rows: 10 Data size: 2960 Basic stats: COMPLETE Column stats: NONE
@@ -178,7 +191,7 @@ PREHOOK: query: SELECT
   AVG(CAST(50 AS INT)) AS `avg_int_ok`,
   AVG(CAST(50 AS DOUBLE)) AS `avg_double_ok`,
   AVG(CAST(50 AS DECIMAL)) AS `avg_decimal_ok`
-  FROM over1korc GROUP BY i LIMIT 10
+  FROM over1korc GROUP BY i ORDER BY i LIMIT 10
 PREHOOK: type: QUERY
 PREHOOK: Input: default@over1korc
 #### A masked pattern was here ####
@@ -187,7 +200,7 @@ POSTHOOK: query: SELECT
   AVG(CAST(50 AS INT)) AS `avg_int_ok`,
   AVG(CAST(50 AS DOUBLE)) AS `avg_double_ok`,
   AVG(CAST(50 AS DECIMAL)) AS `avg_decimal_ok`
-  FROM over1korc GROUP BY i LIMIT 10
+  FROM over1korc GROUP BY i ORDER BY i LIMIT 10
 POSTHOOK: type: QUERY
 POSTHOOK: Input: default@over1korc
 #### A masked pattern was here ####
diff --git a/ql/src/test/results/clientpositive/vector_char_mapjoin1.q.out b/ql/src/test/results/clientpositive/vector_char_mapjoin1.q.out
index 861559b772..02e36813da 100644
--- a/ql/src/test/results/clientpositive/vector_char_mapjoin1.q.out
+++ b/ql/src/test/results/clientpositive/vector_char_mapjoin1.q.out
@@ -369,9 +369,9 @@ STAGE PLANS:
                     sort order: +
                     Statistics: Num rows: 2 Data size: 215 Basic stats: COMPLETE Column stats: NONE
                     value expressions: _col1 (type: char(10)), _col2 (type: int), _col3 (type: string)
+      Execution mode: vectorized
       Local Work:
         Map Reduce Local Work
-      Execution mode: vectorized
       Reduce Operator Tree:
         Select Operator
           expressions: KEY.reducesinkkey0 (type: int), VALUE._col0 (type: char(10)), VALUE._col1 (type: int), VALUE._col2 (type: string)
diff --git a/ql/src/test/results/clientpositive/vector_varchar_mapjoin1.q.out b/ql/src/test/results/clientpositive/vector_varchar_mapjoin1.q.out
index baefe46ce0..e960ead144 100644
--- a/ql/src/test/results/clientpositive/vector_varchar_mapjoin1.q.out
+++ b/ql/src/test/results/clientpositive/vector_varchar_mapjoin1.q.out
@@ -357,9 +357,9 @@ STAGE PLANS:
                     sort order: +
                     Statistics: Num rows: 2 Data size: 200 Basic stats: COMPLETE Column stats: NONE
                     value expressions: _col1 (type: varchar(10)), _col2 (type: int), _col3 (type: string)
+      Execution mode: vectorized
       Local Work:
         Map Reduce Local Work
-      Execution mode: vectorized
       Reduce Operator Tree:
         Select Operator
           expressions: KEY.reducesinkkey0 (type: int), VALUE._col0 (type: varchar(10)), VALUE._col1 (type: int), VALUE._col2 (type: string)
