diff --git a/ql/src/java/org/apache/hadoop/hive/ql/parse/SemanticAnalyzer.java b/ql/src/java/org/apache/hadoop/hive/ql/parse/SemanticAnalyzer.java
index 778c7b202a..f6052e3322 100644
--- a/ql/src/java/org/apache/hadoop/hive/ql/parse/SemanticAnalyzer.java
+++ b/ql/src/java/org/apache/hadoop/hive/ql/parse/SemanticAnalyzer.java
@@ -4622,6 +4622,7 @@ private Operator genGroupByPlanMapGroupByOperator(QB qb,
 
       if (ExprNodeDescUtils.indexOf(grpByExprNode, groupByKeys) >= 0) {
         // Skip duplicated grouping keys
+        grpByExprs.remove(i--);
         continue;
       }
       groupByKeys.add(grpByExprNode);
diff --git a/ql/src/test/queries/clientpositive/groupby13.q b/ql/src/test/queries/clientpositive/groupby13.q
new file mode 100644
index 0000000000..53feaedd3a
--- /dev/null
+++ b/ql/src/test/queries/clientpositive/groupby13.q
@@ -0,0 +1,16 @@
+CREATE TABLE grpby_test (int_col_5 INT,
+  int_col_7 INT);
+
+SET hive.mapred.mode=strict;
+
+EXPLAIN
+SELECT
+int_col_7,
+MAX(LEAST(COALESCE(int_col_5, -279),
+  COALESCE(int_col_7, 476))) AS int_col
+FROM grpby_test
+GROUP BY
+int_col_7,
+int_col_7,
+LEAST(COALESCE(int_col_5, -279),
+  COALESCE(int_col_7, 476));
diff --git a/ql/src/test/results/clientpositive/groupby13.q.out b/ql/src/test/results/clientpositive/groupby13.q.out
new file mode 100644
index 0000000000..e698d1a354
--- /dev/null
+++ b/ql/src/test/results/clientpositive/groupby13.q.out
@@ -0,0 +1,86 @@
+PREHOOK: query: CREATE TABLE grpby_test (int_col_5 INT,
+  int_col_7 INT)
+PREHOOK: type: CREATETABLE
+PREHOOK: Output: database:default
+PREHOOK: Output: default@grpby_test
+POSTHOOK: query: CREATE TABLE grpby_test (int_col_5 INT,
+  int_col_7 INT)
+POSTHOOK: type: CREATETABLE
+POSTHOOK: Output: database:default
+POSTHOOK: Output: default@grpby_test
+PREHOOK: query: EXPLAIN
+SELECT
+int_col_7,
+MAX(LEAST(COALESCE(int_col_5, -279),
+  COALESCE(int_col_7, 476))) AS int_col
+FROM grpby_test
+GROUP BY
+int_col_7,
+int_col_7,
+LEAST(COALESCE(int_col_5, -279),
+  COALESCE(int_col_7, 476))
+PREHOOK: type: QUERY
+POSTHOOK: query: EXPLAIN
+SELECT
+int_col_7,
+MAX(LEAST(COALESCE(int_col_5, -279),
+  COALESCE(int_col_7, 476))) AS int_col
+FROM grpby_test
+GROUP BY
+int_col_7,
+int_col_7,
+LEAST(COALESCE(int_col_5, -279),
+  COALESCE(int_col_7, 476))
+POSTHOOK: type: QUERY
+STAGE DEPENDENCIES:
+  Stage-1 is a root stage
+  Stage-0 depends on stages: Stage-1
+
+STAGE PLANS:
+  Stage: Stage-1
+    Map Reduce
+      Map Operator Tree:
+          TableScan
+            alias: grpby_test
+            Statistics: Num rows: 1 Data size: 0 Basic stats: PARTIAL Column stats: NONE
+            Select Operator
+              expressions: int_col_7 (type: int), int_col_5 (type: int)
+              outputColumnNames: int_col_7, int_col_5
+              Statistics: Num rows: 1 Data size: 0 Basic stats: PARTIAL Column stats: NONE
+              Group By Operator
+                aggregations: max(least(COALESCE(int_col_5,(- 279)),COALESCE(int_col_7,476)))
+                keys: int_col_7 (type: int), least(COALESCE(int_col_5,(- 279)),COALESCE(int_col_7,476)) (type: int)
+                mode: hash
+                outputColumnNames: _col0, _col1, _col2
+                Statistics: Num rows: 1 Data size: 0 Basic stats: PARTIAL Column stats: NONE
+                Reduce Output Operator
+                  key expressions: _col0 (type: int), _col1 (type: int)
+                  sort order: ++
+                  Map-reduce partition columns: _col0 (type: int), _col1 (type: int)
+                  Statistics: Num rows: 1 Data size: 0 Basic stats: PARTIAL Column stats: NONE
+                  value expressions: _col2 (type: int)
+      Reduce Operator Tree:
+        Group By Operator
+          aggregations: max(VALUE._col0)
+          keys: KEY._col0 (type: int), KEY._col0 (type: int), KEY._col1 (type: int)
+          mode: mergepartial
+          outputColumnNames: _col0, _col1, _col2, _col3
+          Statistics: Num rows: 1 Data size: 0 Basic stats: PARTIAL Column stats: NONE
+          Select Operator
+            expressions: _col1 (type: int), _col3 (type: int)
+            outputColumnNames: _col0, _col1
+            Statistics: Num rows: 1 Data size: 0 Basic stats: PARTIAL Column stats: NONE
+            File Output Operator
+              compressed: false
+              Statistics: Num rows: 1 Data size: 0 Basic stats: PARTIAL Column stats: NONE
+              table:
+                  input format: org.apache.hadoop.mapred.TextInputFormat
+                  output format: org.apache.hadoop.hive.ql.io.HiveIgnoreKeyTextOutputFormat
+                  serde: org.apache.hadoop.hive.serde2.lazy.LazySimpleSerDe
+
+  Stage: Stage-0
+    Fetch Operator
+      limit: -1
+      Processor Tree:
+        ListSink
+
