diff --git a/ql/src/test/results/clientpositive/llap/dynamic_partition_pruning.q.out b/ql/src/test/results/clientpositive/llap/dynamic_partition_pruning.q.out
index 705e31de94..3ebd6903a3 100644
--- a/ql/src/test/results/clientpositive/llap/dynamic_partition_pruning.q.out
+++ b/ql/src/test/results/clientpositive/llap/dynamic_partition_pruning.q.out
@@ -1965,7 +1965,7 @@ POSTHOOK: Input: default@srcpart@ds=2008-04-08/hr=11
 POSTHOOK: Input: default@srcpart@ds=2008-04-08/hr=12
 #### A masked pattern was here ####
 1000
-Warning: Shuffle Join MERGEJOIN[13][tables = [srcpart, srcpart_date_hour]] in Stage 'Reducer 2' is a cross product
+Warning: Shuffle Join MERGEJOIN[14][tables = [srcpart, srcpart_date_hour]] in Stage 'Reducer 2' is a cross product
 PREHOOK: query: -- non-equi join
 EXPLAIN select count(*) from srcpart, srcpart_date_hour where (srcpart_date_hour.`date` = '2008-04-08' and srcpart_date_hour.hour = 11) and (srcpart.ds = srcpart_date_hour.ds or srcpart.hr = srcpart_date_hour.hr)
 PREHOOK: type: QUERY
@@ -2055,7 +2055,7 @@ STAGE PLANS:
       Processor Tree:
         ListSink
 
-Warning: Shuffle Join MERGEJOIN[13][tables = [srcpart, srcpart_date_hour]] in Stage 'Reducer 2' is a cross product
+Warning: Shuffle Join MERGEJOIN[14][tables = [srcpart, srcpart_date_hour]] in Stage 'Reducer 2' is a cross product
 PREHOOK: query: select count(*) from srcpart, srcpart_date_hour where (srcpart_date_hour.`date` = '2008-04-08' and srcpart_date_hour.hour = 11) and (srcpart.ds = srcpart_date_hour.ds or srcpart.hr = srcpart_date_hour.hr)
 PREHOOK: type: QUERY
 PREHOOK: Input: default@srcpart
diff --git a/ql/src/test/results/clientpositive/llap/dynamic_partition_pruning_2.q.out b/ql/src/test/results/clientpositive/llap/dynamic_partition_pruning_2.q.out
index 22e0f2916b..cec4219215 100644
--- a/ql/src/test/results/clientpositive/llap/dynamic_partition_pruning_2.q.out
+++ b/ql/src/test/results/clientpositive/llap/dynamic_partition_pruning_2.q.out
@@ -178,23 +178,23 @@ STAGE PLANS:
                     Statistics: Num rows: 9 Data size: 29 Basic stats: COMPLETE Column stats: NONE
                     HybridGraceHashJoin: true
                     Filter Operator
-                      predicate: ((_col1 = _col5) and (_col6) IN ('foo', 'bar')) (type: boolean)
-                      Statistics: Num rows: 2 Data size: 6 Basic stats: COMPLETE Column stats: NONE
+                      predicate: (_col1 = _col5) (type: boolean)
+                      Statistics: Num rows: 4 Data size: 12 Basic stats: COMPLETE Column stats: NONE
                       Select Operator
                         expressions: _col6 (type: string), _col0 (type: decimal(10,0))
                         outputColumnNames: _col6, _col0
-                        Statistics: Num rows: 2 Data size: 6 Basic stats: COMPLETE Column stats: NONE
+                        Statistics: Num rows: 4 Data size: 12 Basic stats: COMPLETE Column stats: NONE
                         Group By Operator
                           aggregations: count(), sum(_col0)
                           keys: _col6 (type: string)
                           mode: hash
                           outputColumnNames: _col0, _col1, _col2
-                          Statistics: Num rows: 2 Data size: 6 Basic stats: COMPLETE Column stats: NONE
+                          Statistics: Num rows: 4 Data size: 12 Basic stats: COMPLETE Column stats: NONE
                           Reduce Output Operator
                             key expressions: _col0 (type: string)
                             sort order: +
                             Map-reduce partition columns: _col0 (type: string)
-                            Statistics: Num rows: 2 Data size: 6 Basic stats: COMPLETE Column stats: NONE
+                            Statistics: Num rows: 4 Data size: 12 Basic stats: COMPLETE Column stats: NONE
                             value expressions: _col1 (type: bigint), _col2 (type: decimal(20,0))
             Execution mode: llap
         Map 4 
@@ -236,11 +236,11 @@ STAGE PLANS:
                 keys: KEY._col0 (type: string)
                 mode: mergepartial
                 outputColumnNames: _col0, _col1, _col2
-                Statistics: Num rows: 1 Data size: 3 Basic stats: COMPLETE Column stats: NONE
+                Statistics: Num rows: 2 Data size: 6 Basic stats: COMPLETE Column stats: NONE
                 Reduce Output Operator
                   key expressions: _col0 (type: string)
                   sort order: +
-                  Statistics: Num rows: 1 Data size: 3 Basic stats: COMPLETE Column stats: NONE
+                  Statistics: Num rows: 2 Data size: 6 Basic stats: COMPLETE Column stats: NONE
                   value expressions: _col1 (type: bigint), _col2 (type: decimal(20,0))
         Reducer 3 
             Execution mode: uber
@@ -248,10 +248,10 @@ STAGE PLANS:
               Select Operator
                 expressions: KEY.reducesinkkey0 (type: string), VALUE._col0 (type: bigint), VALUE._col1 (type: decimal(20,0))
                 outputColumnNames: _col0, _col1, _col2
-                Statistics: Num rows: 1 Data size: 3 Basic stats: COMPLETE Column stats: NONE
+                Statistics: Num rows: 2 Data size: 6 Basic stats: COMPLETE Column stats: NONE
                 File Output Operator
                   compressed: false
-                  Statistics: Num rows: 1 Data size: 3 Basic stats: COMPLETE Column stats: NONE
+                  Statistics: Num rows: 2 Data size: 6 Basic stats: COMPLETE Column stats: NONE
                   table:
                       input format: org.apache.hadoop.mapred.TextInputFormat
                       output format: org.apache.hadoop.hive.ql.io.HiveIgnoreKeyTextOutputFormat
@@ -344,23 +344,23 @@ STAGE PLANS:
                     Statistics: Num rows: 9 Data size: 29 Basic stats: COMPLETE Column stats: NONE
                     HybridGraceHashJoin: true
                     Filter Operator
-                      predicate: ((_col1 = _col5) and (_col6) IN ('foo', 'bar')) (type: boolean)
-                      Statistics: Num rows: 2 Data size: 6 Basic stats: COMPLETE Column stats: NONE
+                      predicate: (_col1 = _col5) (type: boolean)
+                      Statistics: Num rows: 4 Data size: 12 Basic stats: COMPLETE Column stats: NONE
                       Select Operator
                         expressions: _col6 (type: string), _col0 (type: decimal(10,0))
                         outputColumnNames: _col6, _col0
-                        Statistics: Num rows: 2 Data size: 6 Basic stats: COMPLETE Column stats: NONE
+                        Statistics: Num rows: 4 Data size: 12 Basic stats: COMPLETE Column stats: NONE
                         Group By Operator
                           aggregations: count(), sum(_col0)
                           keys: _col6 (type: string)
                           mode: hash
                           outputColumnNames: _col0, _col1, _col2
-                          Statistics: Num rows: 2 Data size: 6 Basic stats: COMPLETE Column stats: NONE
+                          Statistics: Num rows: 4 Data size: 12 Basic stats: COMPLETE Column stats: NONE
                           Reduce Output Operator
                             key expressions: _col0 (type: string)
                             sort order: +
                             Map-reduce partition columns: _col0 (type: string)
-                            Statistics: Num rows: 2 Data size: 6 Basic stats: COMPLETE Column stats: NONE
+                            Statistics: Num rows: 4 Data size: 12 Basic stats: COMPLETE Column stats: NONE
                             value expressions: _col1 (type: bigint), _col2 (type: decimal(20,0))
             Execution mode: llap
         Map 4 
@@ -387,11 +387,11 @@ STAGE PLANS:
                 keys: KEY._col0 (type: string)
                 mode: mergepartial
                 outputColumnNames: _col0, _col1, _col2
-                Statistics: Num rows: 1 Data size: 3 Basic stats: COMPLETE Column stats: NONE
+                Statistics: Num rows: 2 Data size: 6 Basic stats: COMPLETE Column stats: NONE
                 Reduce Output Operator
                   key expressions: _col0 (type: string)
                   sort order: +
-                  Statistics: Num rows: 1 Data size: 3 Basic stats: COMPLETE Column stats: NONE
+                  Statistics: Num rows: 2 Data size: 6 Basic stats: COMPLETE Column stats: NONE
                   value expressions: _col1 (type: bigint), _col2 (type: decimal(20,0))
         Reducer 3 
             Execution mode: uber
@@ -399,10 +399,10 @@ STAGE PLANS:
               Select Operator
                 expressions: KEY.reducesinkkey0 (type: string), VALUE._col0 (type: bigint), VALUE._col1 (type: decimal(20,0))
                 outputColumnNames: _col0, _col1, _col2
-                Statistics: Num rows: 1 Data size: 3 Basic stats: COMPLETE Column stats: NONE
+                Statistics: Num rows: 2 Data size: 6 Basic stats: COMPLETE Column stats: NONE
                 File Output Operator
                   compressed: false
-                  Statistics: Num rows: 1 Data size: 3 Basic stats: COMPLETE Column stats: NONE
+                  Statistics: Num rows: 2 Data size: 6 Basic stats: COMPLETE Column stats: NONE
                   table:
                       input format: org.apache.hadoop.mapred.TextInputFormat
                       output format: org.apache.hadoop.hive.ql.io.HiveIgnoreKeyTextOutputFormat
@@ -695,23 +695,23 @@ STAGE PLANS:
                     Statistics: Num rows: 9 Data size: 29 Basic stats: COMPLETE Column stats: NONE
                     HybridGraceHashJoin: true
                     Filter Operator
-                      predicate: ((_col1 = _col5) and (_col6) IN ('foo', 'bar')) (type: boolean)
-                      Statistics: Num rows: 2 Data size: 6 Basic stats: COMPLETE Column stats: NONE
+                      predicate: (_col1 = _col5) (type: boolean)
+                      Statistics: Num rows: 4 Data size: 12 Basic stats: COMPLETE Column stats: NONE
                       Select Operator
                         expressions: _col6 (type: string), _col0 (type: decimal(10,0))
                         outputColumnNames: _col6, _col0
-                        Statistics: Num rows: 2 Data size: 6 Basic stats: COMPLETE Column stats: NONE
+                        Statistics: Num rows: 4 Data size: 12 Basic stats: COMPLETE Column stats: NONE
                         Group By Operator
                           aggregations: count(), sum(_col0)
                           keys: _col6 (type: string)
                           mode: hash
                           outputColumnNames: _col0, _col1, _col2
-                          Statistics: Num rows: 2 Data size: 6 Basic stats: COMPLETE Column stats: NONE
+                          Statistics: Num rows: 4 Data size: 12 Basic stats: COMPLETE Column stats: NONE
                           Reduce Output Operator
                             key expressions: _col0 (type: string)
                             sort order: +
                             Map-reduce partition columns: _col0 (type: string)
-                            Statistics: Num rows: 2 Data size: 6 Basic stats: COMPLETE Column stats: NONE
+                            Statistics: Num rows: 4 Data size: 12 Basic stats: COMPLETE Column stats: NONE
                             value expressions: _col1 (type: bigint), _col2 (type: decimal(20,0))
             Execution mode: llap
         Map 4 
@@ -753,11 +753,11 @@ STAGE PLANS:
                 keys: KEY._col0 (type: string)
                 mode: mergepartial
                 outputColumnNames: _col0, _col1, _col2
-                Statistics: Num rows: 1 Data size: 3 Basic stats: COMPLETE Column stats: NONE
+                Statistics: Num rows: 2 Data size: 6 Basic stats: COMPLETE Column stats: NONE
                 Reduce Output Operator
                   key expressions: _col0 (type: string)
                   sort order: +
-                  Statistics: Num rows: 1 Data size: 3 Basic stats: COMPLETE Column stats: NONE
+                  Statistics: Num rows: 2 Data size: 6 Basic stats: COMPLETE Column stats: NONE
                   value expressions: _col1 (type: bigint), _col2 (type: decimal(20,0))
         Reducer 3 
             Execution mode: uber
@@ -765,10 +765,10 @@ STAGE PLANS:
               Select Operator
                 expressions: KEY.reducesinkkey0 (type: string), VALUE._col0 (type: bigint), VALUE._col1 (type: decimal(20,0))
                 outputColumnNames: _col0, _col1, _col2
-                Statistics: Num rows: 1 Data size: 3 Basic stats: COMPLETE Column stats: NONE
+                Statistics: Num rows: 2 Data size: 6 Basic stats: COMPLETE Column stats: NONE
                 File Output Operator
                   compressed: false
-                  Statistics: Num rows: 1 Data size: 3 Basic stats: COMPLETE Column stats: NONE
+                  Statistics: Num rows: 2 Data size: 6 Basic stats: COMPLETE Column stats: NONE
                   table:
                       input format: org.apache.hadoop.mapred.TextInputFormat
                       output format: org.apache.hadoop.hive.ql.io.HiveIgnoreKeyTextOutputFormat
diff --git a/ql/src/test/results/clientpositive/llap/vectorized_dynamic_partition_pruning.q.out b/ql/src/test/results/clientpositive/llap/vectorized_dynamic_partition_pruning.q.out
index 44f45683c8..3e8269654b 100644
--- a/ql/src/test/results/clientpositive/llap/vectorized_dynamic_partition_pruning.q.out
+++ b/ql/src/test/results/clientpositive/llap/vectorized_dynamic_partition_pruning.q.out
@@ -1965,7 +1965,7 @@ POSTHOOK: Input: default@srcpart@ds=2008-04-08/hr=11
 POSTHOOK: Input: default@srcpart@ds=2008-04-08/hr=12
 #### A masked pattern was here ####
 1000
-Warning: Shuffle Join MERGEJOIN[13][tables = [srcpart, srcpart_date_hour]] in Stage 'Reducer 2' is a cross product
+Warning: Shuffle Join MERGEJOIN[14][tables = [srcpart, srcpart_date_hour]] in Stage 'Reducer 2' is a cross product
 PREHOOK: query: -- non-equi join
 EXPLAIN select count(*) from srcpart, srcpart_date_hour where (srcpart_date_hour.`date` = '2008-04-08' and srcpart_date_hour.hour = 11) and (srcpart.ds = srcpart_date_hour.ds or srcpart.hr = srcpart_date_hour.hr)
 PREHOOK: type: QUERY
@@ -2055,7 +2055,7 @@ STAGE PLANS:
       Processor Tree:
         ListSink
 
-Warning: Shuffle Join MERGEJOIN[13][tables = [srcpart, srcpart_date_hour]] in Stage 'Reducer 2' is a cross product
+Warning: Shuffle Join MERGEJOIN[14][tables = [srcpart, srcpart_date_hour]] in Stage 'Reducer 2' is a cross product
 PREHOOK: query: select count(*) from srcpart, srcpart_date_hour where (srcpart_date_hour.`date` = '2008-04-08' and srcpart_date_hour.hour = 11) and (srcpart.ds = srcpart_date_hour.ds or srcpart.hr = srcpart_date_hour.hr)
 PREHOOK: type: QUERY
 PREHOOK: Input: default@srcpart
