diff --git a/ql/src/test/queries/clientpositive/special_character_in_tabnames_1.q b/ql/src/test/queries/clientpositive/special_character_in_tabnames_1.q
index 7540d27333..7867ae1c49 100644
--- a/ql/src/test/queries/clientpositive/special_character_in_tabnames_1.q
+++ b/ql/src/test/queries/clientpositive/special_character_in_tabnames_1.q
@@ -1,4 +1,4 @@
-set hive.cbo.enable=true;
+set hive.cbo.enable=false;
 set hive.exec.check.crossproducts=false;
 set hive.stats.fetch.column.stats=true;
 set hive.auto.convert.join=false;
diff --git a/ql/src/test/queries/clientpositive/special_character_in_tabnames_2.q b/ql/src/test/queries/clientpositive/special_character_in_tabnames_2.q
index 34dcc904cb..61102791f6 100644
--- a/ql/src/test/queries/clientpositive/special_character_in_tabnames_2.q
+++ b/ql/src/test/queries/clientpositive/special_character_in_tabnames_2.q
@@ -1,3 +1,5 @@
+set hive.cbo.enable=false;
+
 -- try the query without indexing, with manual indexing, and with automatic indexing
 -- SORT_QUERY_RESULTS
 
diff --git a/ql/src/test/results/clientpositive/special_character_in_tabnames_2.q.out b/ql/src/test/results/clientpositive/special_character_in_tabnames_2.q.out
index 51d31e0e08..1cc672e2de 100644
--- a/ql/src/test/results/clientpositive/special_character_in_tabnames_2.q.out
+++ b/ql/src/test/results/clientpositive/special_character_in_tabnames_2.q.out
@@ -113,7 +113,7 @@ STAGE PLANS:
             alias: s/c
             Statistics: Num rows: 500 Data size: 5312 Basic stats: COMPLETE Column stats: NONE
             Filter Operator
-              predicate: ((UDFToDouble(key) > 80.0) and (UDFToDouble(key) < 100.0)) (type: boolean)
+              predicate: ((key > 80) and (key < 100)) (type: boolean)
               Statistics: Num rows: 55 Data size: 584 Basic stats: COMPLETE Column stats: NONE
               Select Operator
                 expressions: key (type: string), value (type: string)
@@ -183,9 +183,9 @@ STAGE PLANS:
       Map Operator Tree:
           TableScan
             alias: default__s/c_src_index__
-            filterExpr: ((UDFToDouble(key) > 80.0) and (UDFToDouble(key) < 100.0)) (type: boolean)
+            filterExpr: ((key > 80) and (key < 100)) (type: boolean)
             Filter Operator
-              predicate: ((UDFToDouble(key) > 80.0) and (UDFToDouble(key) < 100.0)) (type: boolean)
+              predicate: ((key > 80) and (key < 100)) (type: boolean)
               Select Operator
                 expressions: _bucketname (type: string), _offsets (type: array<bigint>)
                 outputColumnNames: _col0, _col1
@@ -216,10 +216,10 @@ STAGE PLANS:
       Map Operator Tree:
           TableScan
             alias: s/c
-            filterExpr: ((UDFToDouble(key) > 80.0) and (UDFToDouble(key) < 100.0)) (type: boolean)
+            filterExpr: ((key > 80) and (key < 100)) (type: boolean)
             Statistics: Num rows: 500 Data size: 5312 Basic stats: COMPLETE Column stats: NONE
             Filter Operator
-              predicate: ((UDFToDouble(key) > 80.0) and (UDFToDouble(key) < 100.0)) (type: boolean)
+              predicate: ((key > 80) and (key < 100)) (type: boolean)
               Statistics: Num rows: 55 Data size: 584 Basic stats: COMPLETE Column stats: NONE
               Select Operator
                 expressions: key (type: string), value (type: string)
