diff --git a/ql/src/test/results/clientpositive/acid_globallimit.q.out b/ql/src/test/results/clientpositive/acid_globallimit.q.out
index 6a2a7921b4..783e41bf30 100644
--- a/ql/src/test/results/clientpositive/acid_globallimit.q.out
+++ b/ql/src/test/results/clientpositive/acid_globallimit.q.out
@@ -40,11 +40,11 @@ STAGE PLANS:
       Map Operator Tree:
           TableScan
             alias: acidtest1
-            Statistics: Num rows: 9173 Data size: 101822 Basic stats: COMPLETE Column stats: NONE
+            Statistics: Num rows: 9173 Data size: 101613 Basic stats: COMPLETE Column stats: NONE
             Select Operator
               expressions: UDFToString(c1) (type: string)
               outputColumnNames: _col0
-              Statistics: Num rows: 9173 Data size: 101822 Basic stats: COMPLETE Column stats: NONE
+              Statistics: Num rows: 9173 Data size: 101613 Basic stats: COMPLETE Column stats: NONE
               Limit
                 Number of rows: 10
                 Statistics: Num rows: 10 Data size: 110 Basic stats: COMPLETE Column stats: NONE
diff --git a/ql/src/test/results/clientpositive/tez/acid_globallimit.q.out b/ql/src/test/results/clientpositive/tez/acid_globallimit.q.out
index fdbddb021d..d4f8e34f15 100644
--- a/ql/src/test/results/clientpositive/tez/acid_globallimit.q.out
+++ b/ql/src/test/results/clientpositive/tez/acid_globallimit.q.out
@@ -46,11 +46,11 @@ Stage-0
                Statistics:Num rows: 10 Data size: 100 Basic stats: COMPLETE Column stats: NONE
                Select Operator [SEL_1]
                   outputColumnNames:["_col0"]
-                  Statistics:Num rows: 9173 Data size: 100794 Basic stats: COMPLETE Column stats: NONE
+                  Statistics:Num rows: 9173 Data size: 100540 Basic stats: COMPLETE Column stats: NONE
                   TableScan [TS_0]
                      ACID table:true
                      alias:acidtest1
-                     Statistics:Num rows: 9173 Data size: 100794 Basic stats: COMPLETE Column stats: NONE
+                     Statistics:Num rows: 9173 Data size: 100540 Basic stats: COMPLETE Column stats: NONE
 
 PREHOOK: query: select cast (c1 as string) from acidtest1 limit 10
 PREHOOK: type: QUERY
