diff --git a/ql/src/java/org/apache/hadoop/hive/ql/optimizer/ConstantPropagateProcFactory.java b/ql/src/java/org/apache/hadoop/hive/ql/optimizer/ConstantPropagateProcFactory.java
index d182d80a6a..ea200dbe7c 100644
--- a/ql/src/java/org/apache/hadoop/hive/ql/optimizer/ConstantPropagateProcFactory.java
+++ b/ql/src/java/org/apache/hadoop/hive/ql/optimizer/ConstantPropagateProcFactory.java
@@ -69,6 +69,7 @@
 import org.apache.hadoop.hive.ql.udf.generic.GenericUDFBaseCompare;
 import org.apache.hadoop.hive.ql.udf.generic.GenericUDFBridge;
 import org.apache.hadoop.hive.ql.udf.generic.GenericUDFCase;
+import org.apache.hadoop.hive.ql.udf.generic.GenericUDFNvl;
 import org.apache.hadoop.hive.ql.udf.generic.GenericUDFOPAnd;
 import org.apache.hadoop.hive.ql.udf.generic.GenericUDFOPEqual;
 import org.apache.hadoop.hive.ql.udf.generic.GenericUDFOPEqualOrGreaterThan;
@@ -726,8 +727,18 @@ private static ExprNodeDesc shortcutFunction(GenericUDF udf, List<ExprNodeDesc>
         } else if(thenVal.equals(elseVal)){
           return thenExpr;
         } else if (thenVal instanceof Boolean && elseVal instanceof Boolean) {
-          return Boolean.TRUE.equals(thenVal) ? whenExpr :
-            ExprNodeGenericFuncDesc.newInstance(new GenericUDFOPNot(), newExprs.subList(0, 1));
+          List<ExprNodeDesc> children = new ArrayList<>();
+          children.add(whenExpr);
+          children.add(new ExprNodeConstantDesc(false));
+          ExprNodeGenericFuncDesc func = ExprNodeGenericFuncDesc.newInstance(new GenericUDFNvl(),
+              children);
+          if (Boolean.TRUE.equals(thenVal)) {
+            return func;
+          } else {
+            List<ExprNodeDesc> exprs = new ArrayList<>();
+            exprs.add(func);
+            return ExprNodeGenericFuncDesc.newInstance(new GenericUDFOPNot(), exprs);
+          }
         } else {
           return null;
         }
@@ -767,8 +778,20 @@ private static ExprNodeDesc shortcutFunction(GenericUDF udf, List<ExprNodeDesc>
         } else if(thenVal.equals(elseVal)){
           return thenExpr;
         } else if (thenVal instanceof Boolean && elseVal instanceof Boolean) {
-          return Boolean.TRUE.equals(thenVal) ? ExprNodeGenericFuncDesc.newInstance(new GenericUDFOPEqual(), newExprs.subList(0, 2)) :
-            ExprNodeGenericFuncDesc.newInstance(new GenericUDFOPNotEqual(), newExprs.subList(0, 2));
+          ExprNodeGenericFuncDesc equal = ExprNodeGenericFuncDesc.newInstance(
+              new GenericUDFOPEqual(), newExprs.subList(0, 2));
+          List<ExprNodeDesc> children = new ArrayList<>();
+          children.add(equal);
+          children.add(new ExprNodeConstantDesc(false));
+          ExprNodeGenericFuncDesc func = ExprNodeGenericFuncDesc.newInstance(new GenericUDFNvl(),
+              children);
+          if (Boolean.TRUE.equals(thenVal)) {
+            return func;
+          } else {
+            List<ExprNodeDesc> exprs = new ArrayList<>();
+            exprs.add(func);
+            return ExprNodeGenericFuncDesc.newInstance(new GenericUDFOPNot(), exprs);
+          }
         } else {
           return null;
         }
diff --git a/ql/src/test/queries/clientpositive/constantPropWhen.q b/ql/src/test/queries/clientpositive/constantPropWhen.q
new file mode 100644
index 0000000000..c1d48855c3
--- /dev/null
+++ b/ql/src/test/queries/clientpositive/constantPropWhen.q
@@ -0,0 +1,43 @@
+set hive.mapred.mode=nonstrict;
+
+drop table test_1; 
+
+create table test_1 (id int, id2 int); 
+
+insert into table test_1 values (123, NULL), (NULL, NULL), (NULL, 123), (123, 123);
+
+explain SELECT cast(CASE WHEN id = id2 THEN FALSE ELSE TRUE END AS BOOLEAN) AS b FROM test_1; 
+
+SELECT cast(CASE WHEN id = id2 THEN FALSE ELSE TRUE END AS BOOLEAN) AS b FROM test_1; 
+
+explain SELECT cast(CASE id when id2 THEN FALSE ELSE TRUE END AS BOOLEAN) AS b FROM test_1;
+
+SELECT cast(CASE id when id2 THEN FALSE ELSE TRUE END AS BOOLEAN) AS b FROM test_1;
+
+explain SELECT cast(CASE WHEN id = id2 THEN TRUE ELSE FALSE END AS BOOLEAN) AS b FROM test_1; 
+
+SELECT cast(CASE WHEN id = id2 THEN TRUE ELSE FALSE END AS BOOLEAN) AS b FROM test_1; 
+
+explain SELECT cast(CASE id when id2 THEN TRUE ELSE FALSE END AS BOOLEAN) AS b FROM test_1;
+
+SELECT cast(CASE id when id2 THEN TRUE ELSE FALSE END AS BOOLEAN) AS b FROM test_1;
+
+
+set hive.cbo.enable=false;
+
+explain SELECT cast(CASE WHEN id = id2 THEN FALSE ELSE TRUE END AS BOOLEAN) AS b FROM test_1; 
+
+SELECT cast(CASE WHEN id = id2 THEN FALSE ELSE TRUE END AS BOOLEAN) AS b FROM test_1; 
+
+explain SELECT cast(CASE id when id2 THEN FALSE ELSE TRUE END AS BOOLEAN) AS b FROM test_1;
+
+SELECT cast(CASE id when id2 THEN FALSE ELSE TRUE END AS BOOLEAN) AS b FROM test_1;
+
+explain SELECT cast(CASE WHEN id = id2 THEN TRUE ELSE FALSE END AS BOOLEAN) AS b FROM test_1; 
+
+SELECT cast(CASE WHEN id = id2 THEN TRUE ELSE FALSE END AS BOOLEAN) AS b FROM test_1; 
+
+explain SELECT cast(CASE id when id2 THEN TRUE ELSE FALSE END AS BOOLEAN) AS b FROM test_1;
+
+SELECT cast(CASE id when id2 THEN TRUE ELSE FALSE END AS BOOLEAN) AS b FROM test_1;
+
diff --git a/ql/src/test/results/clientpositive/constantPropWhen.q.out b/ql/src/test/results/clientpositive/constantPropWhen.q.out
new file mode 100644
index 0000000000..37f9cc8cf8
--- /dev/null
+++ b/ql/src/test/results/clientpositive/constantPropWhen.q.out
@@ -0,0 +1,382 @@
+PREHOOK: query: drop table test_1
+PREHOOK: type: DROPTABLE
+POSTHOOK: query: drop table test_1
+POSTHOOK: type: DROPTABLE
+PREHOOK: query: create table test_1 (id int, id2 int)
+PREHOOK: type: CREATETABLE
+PREHOOK: Output: database:default
+PREHOOK: Output: default@test_1
+POSTHOOK: query: create table test_1 (id int, id2 int)
+POSTHOOK: type: CREATETABLE
+POSTHOOK: Output: database:default
+POSTHOOK: Output: default@test_1
+PREHOOK: query: insert into table test_1 values (123, NULL), (NULL, NULL), (NULL, 123), (123, 123)
+PREHOOK: type: QUERY
+PREHOOK: Input: default@values__tmp__table__1
+PREHOOK: Output: default@test_1
+POSTHOOK: query: insert into table test_1 values (123, NULL), (NULL, NULL), (NULL, 123), (123, 123)
+POSTHOOK: type: QUERY
+POSTHOOK: Input: default@values__tmp__table__1
+POSTHOOK: Output: default@test_1
+POSTHOOK: Lineage: test_1.id EXPRESSION [(values__tmp__table__1)values__tmp__table__1.FieldSchema(name:tmp_values_col1, type:string, comment:), ]
+POSTHOOK: Lineage: test_1.id2 EXPRESSION [(values__tmp__table__1)values__tmp__table__1.FieldSchema(name:tmp_values_col2, type:string, comment:), ]
+PREHOOK: query: explain SELECT cast(CASE WHEN id = id2 THEN FALSE ELSE TRUE END AS BOOLEAN) AS b FROM test_1
+PREHOOK: type: QUERY
+POSTHOOK: query: explain SELECT cast(CASE WHEN id = id2 THEN FALSE ELSE TRUE END AS BOOLEAN) AS b FROM test_1
+POSTHOOK: type: QUERY
+STAGE DEPENDENCIES:
+  Stage-1 is a root stage
+  Stage-0 depends on stages: Stage-1
+
+STAGE PLANS:
+  Stage: Stage-1
+    Map Reduce
+      Map Operator Tree:
+          TableScan
+            alias: test_1
+            Statistics: Num rows: 4 Data size: 24 Basic stats: COMPLETE Column stats: NONE
+            Select Operator
+              expressions: (not NVL((id = id2),false)) (type: boolean)
+              outputColumnNames: _col0
+              Statistics: Num rows: 4 Data size: 24 Basic stats: COMPLETE Column stats: NONE
+              File Output Operator
+                compressed: false
+                Statistics: Num rows: 4 Data size: 24 Basic stats: COMPLETE Column stats: NONE
+                table:
+                    input format: org.apache.hadoop.mapred.TextInputFormat
+                    output format: org.apache.hadoop.hive.ql.io.HiveIgnoreKeyTextOutputFormat
+                    serde: org.apache.hadoop.hive.serde2.lazy.LazySimpleSerDe
+
+  Stage: Stage-0
+    Fetch Operator
+      limit: -1
+      Processor Tree:
+        ListSink
+
+PREHOOK: query: SELECT cast(CASE WHEN id = id2 THEN FALSE ELSE TRUE END AS BOOLEAN) AS b FROM test_1
+PREHOOK: type: QUERY
+PREHOOK: Input: default@test_1
+#### A masked pattern was here ####
+POSTHOOK: query: SELECT cast(CASE WHEN id = id2 THEN FALSE ELSE TRUE END AS BOOLEAN) AS b FROM test_1
+POSTHOOK: type: QUERY
+POSTHOOK: Input: default@test_1
+#### A masked pattern was here ####
+true
+true
+true
+false
+PREHOOK: query: explain SELECT cast(CASE id when id2 THEN FALSE ELSE TRUE END AS BOOLEAN) AS b FROM test_1
+PREHOOK: type: QUERY
+POSTHOOK: query: explain SELECT cast(CASE id when id2 THEN FALSE ELSE TRUE END AS BOOLEAN) AS b FROM test_1
+POSTHOOK: type: QUERY
+STAGE DEPENDENCIES:
+  Stage-1 is a root stage
+  Stage-0 depends on stages: Stage-1
+
+STAGE PLANS:
+  Stage: Stage-1
+    Map Reduce
+      Map Operator Tree:
+          TableScan
+            alias: test_1
+            Statistics: Num rows: 4 Data size: 24 Basic stats: COMPLETE Column stats: NONE
+            Select Operator
+              expressions: (not NVL((id = id2),false)) (type: boolean)
+              outputColumnNames: _col0
+              Statistics: Num rows: 4 Data size: 24 Basic stats: COMPLETE Column stats: NONE
+              File Output Operator
+                compressed: false
+                Statistics: Num rows: 4 Data size: 24 Basic stats: COMPLETE Column stats: NONE
+                table:
+                    input format: org.apache.hadoop.mapred.TextInputFormat
+                    output format: org.apache.hadoop.hive.ql.io.HiveIgnoreKeyTextOutputFormat
+                    serde: org.apache.hadoop.hive.serde2.lazy.LazySimpleSerDe
+
+  Stage: Stage-0
+    Fetch Operator
+      limit: -1
+      Processor Tree:
+        ListSink
+
+PREHOOK: query: SELECT cast(CASE id when id2 THEN FALSE ELSE TRUE END AS BOOLEAN) AS b FROM test_1
+PREHOOK: type: QUERY
+PREHOOK: Input: default@test_1
+#### A masked pattern was here ####
+POSTHOOK: query: SELECT cast(CASE id when id2 THEN FALSE ELSE TRUE END AS BOOLEAN) AS b FROM test_1
+POSTHOOK: type: QUERY
+POSTHOOK: Input: default@test_1
+#### A masked pattern was here ####
+true
+true
+true
+false
+PREHOOK: query: explain SELECT cast(CASE WHEN id = id2 THEN TRUE ELSE FALSE END AS BOOLEAN) AS b FROM test_1
+PREHOOK: type: QUERY
+POSTHOOK: query: explain SELECT cast(CASE WHEN id = id2 THEN TRUE ELSE FALSE END AS BOOLEAN) AS b FROM test_1
+POSTHOOK: type: QUERY
+STAGE DEPENDENCIES:
+  Stage-1 is a root stage
+  Stage-0 depends on stages: Stage-1
+
+STAGE PLANS:
+  Stage: Stage-1
+    Map Reduce
+      Map Operator Tree:
+          TableScan
+            alias: test_1
+            Statistics: Num rows: 4 Data size: 24 Basic stats: COMPLETE Column stats: NONE
+            Select Operator
+              expressions: NVL((id = id2),false) (type: boolean)
+              outputColumnNames: _col0
+              Statistics: Num rows: 4 Data size: 24 Basic stats: COMPLETE Column stats: NONE
+              File Output Operator
+                compressed: false
+                Statistics: Num rows: 4 Data size: 24 Basic stats: COMPLETE Column stats: NONE
+                table:
+                    input format: org.apache.hadoop.mapred.TextInputFormat
+                    output format: org.apache.hadoop.hive.ql.io.HiveIgnoreKeyTextOutputFormat
+                    serde: org.apache.hadoop.hive.serde2.lazy.LazySimpleSerDe
+
+  Stage: Stage-0
+    Fetch Operator
+      limit: -1
+      Processor Tree:
+        ListSink
+
+PREHOOK: query: SELECT cast(CASE WHEN id = id2 THEN TRUE ELSE FALSE END AS BOOLEAN) AS b FROM test_1
+PREHOOK: type: QUERY
+PREHOOK: Input: default@test_1
+#### A masked pattern was here ####
+POSTHOOK: query: SELECT cast(CASE WHEN id = id2 THEN TRUE ELSE FALSE END AS BOOLEAN) AS b FROM test_1
+POSTHOOK: type: QUERY
+POSTHOOK: Input: default@test_1
+#### A masked pattern was here ####
+false
+false
+false
+true
+PREHOOK: query: explain SELECT cast(CASE id when id2 THEN TRUE ELSE FALSE END AS BOOLEAN) AS b FROM test_1
+PREHOOK: type: QUERY
+POSTHOOK: query: explain SELECT cast(CASE id when id2 THEN TRUE ELSE FALSE END AS BOOLEAN) AS b FROM test_1
+POSTHOOK: type: QUERY
+STAGE DEPENDENCIES:
+  Stage-1 is a root stage
+  Stage-0 depends on stages: Stage-1
+
+STAGE PLANS:
+  Stage: Stage-1
+    Map Reduce
+      Map Operator Tree:
+          TableScan
+            alias: test_1
+            Statistics: Num rows: 4 Data size: 24 Basic stats: COMPLETE Column stats: NONE
+            Select Operator
+              expressions: NVL((id = id2),false) (type: boolean)
+              outputColumnNames: _col0
+              Statistics: Num rows: 4 Data size: 24 Basic stats: COMPLETE Column stats: NONE
+              File Output Operator
+                compressed: false
+                Statistics: Num rows: 4 Data size: 24 Basic stats: COMPLETE Column stats: NONE
+                table:
+                    input format: org.apache.hadoop.mapred.TextInputFormat
+                    output format: org.apache.hadoop.hive.ql.io.HiveIgnoreKeyTextOutputFormat
+                    serde: org.apache.hadoop.hive.serde2.lazy.LazySimpleSerDe
+
+  Stage: Stage-0
+    Fetch Operator
+      limit: -1
+      Processor Tree:
+        ListSink
+
+PREHOOK: query: SELECT cast(CASE id when id2 THEN TRUE ELSE FALSE END AS BOOLEAN) AS b FROM test_1
+PREHOOK: type: QUERY
+PREHOOK: Input: default@test_1
+#### A masked pattern was here ####
+POSTHOOK: query: SELECT cast(CASE id when id2 THEN TRUE ELSE FALSE END AS BOOLEAN) AS b FROM test_1
+POSTHOOK: type: QUERY
+POSTHOOK: Input: default@test_1
+#### A masked pattern was here ####
+false
+false
+false
+true
+PREHOOK: query: explain SELECT cast(CASE WHEN id = id2 THEN FALSE ELSE TRUE END AS BOOLEAN) AS b FROM test_1
+PREHOOK: type: QUERY
+POSTHOOK: query: explain SELECT cast(CASE WHEN id = id2 THEN FALSE ELSE TRUE END AS BOOLEAN) AS b FROM test_1
+POSTHOOK: type: QUERY
+STAGE DEPENDENCIES:
+  Stage-1 is a root stage
+  Stage-0 depends on stages: Stage-1
+
+STAGE PLANS:
+  Stage: Stage-1
+    Map Reduce
+      Map Operator Tree:
+          TableScan
+            alias: test_1
+            Statistics: Num rows: 4 Data size: 24 Basic stats: COMPLETE Column stats: NONE
+            Select Operator
+              expressions: (not NVL((id = id2),false)) (type: boolean)
+              outputColumnNames: _col0
+              Statistics: Num rows: 4 Data size: 24 Basic stats: COMPLETE Column stats: NONE
+              File Output Operator
+                compressed: false
+                Statistics: Num rows: 4 Data size: 24 Basic stats: COMPLETE Column stats: NONE
+                table:
+                    input format: org.apache.hadoop.mapred.TextInputFormat
+                    output format: org.apache.hadoop.hive.ql.io.HiveIgnoreKeyTextOutputFormat
+                    serde: org.apache.hadoop.hive.serde2.lazy.LazySimpleSerDe
+
+  Stage: Stage-0
+    Fetch Operator
+      limit: -1
+      Processor Tree:
+        ListSink
+
+PREHOOK: query: SELECT cast(CASE WHEN id = id2 THEN FALSE ELSE TRUE END AS BOOLEAN) AS b FROM test_1
+PREHOOK: type: QUERY
+PREHOOK: Input: default@test_1
+#### A masked pattern was here ####
+POSTHOOK: query: SELECT cast(CASE WHEN id = id2 THEN FALSE ELSE TRUE END AS BOOLEAN) AS b FROM test_1
+POSTHOOK: type: QUERY
+POSTHOOK: Input: default@test_1
+#### A masked pattern was here ####
+true
+true
+true
+false
+PREHOOK: query: explain SELECT cast(CASE id when id2 THEN FALSE ELSE TRUE END AS BOOLEAN) AS b FROM test_1
+PREHOOK: type: QUERY
+POSTHOOK: query: explain SELECT cast(CASE id when id2 THEN FALSE ELSE TRUE END AS BOOLEAN) AS b FROM test_1
+POSTHOOK: type: QUERY
+STAGE DEPENDENCIES:
+  Stage-1 is a root stage
+  Stage-0 depends on stages: Stage-1
+
+STAGE PLANS:
+  Stage: Stage-1
+    Map Reduce
+      Map Operator Tree:
+          TableScan
+            alias: test_1
+            Statistics: Num rows: 4 Data size: 24 Basic stats: COMPLETE Column stats: NONE
+            Select Operator
+              expressions: (not NVL((id = id2),false)) (type: boolean)
+              outputColumnNames: _col0
+              Statistics: Num rows: 4 Data size: 24 Basic stats: COMPLETE Column stats: NONE
+              File Output Operator
+                compressed: false
+                Statistics: Num rows: 4 Data size: 24 Basic stats: COMPLETE Column stats: NONE
+                table:
+                    input format: org.apache.hadoop.mapred.TextInputFormat
+                    output format: org.apache.hadoop.hive.ql.io.HiveIgnoreKeyTextOutputFormat
+                    serde: org.apache.hadoop.hive.serde2.lazy.LazySimpleSerDe
+
+  Stage: Stage-0
+    Fetch Operator
+      limit: -1
+      Processor Tree:
+        ListSink
+
+PREHOOK: query: SELECT cast(CASE id when id2 THEN FALSE ELSE TRUE END AS BOOLEAN) AS b FROM test_1
+PREHOOK: type: QUERY
+PREHOOK: Input: default@test_1
+#### A masked pattern was here ####
+POSTHOOK: query: SELECT cast(CASE id when id2 THEN FALSE ELSE TRUE END AS BOOLEAN) AS b FROM test_1
+POSTHOOK: type: QUERY
+POSTHOOK: Input: default@test_1
+#### A masked pattern was here ####
+true
+true
+true
+false
+PREHOOK: query: explain SELECT cast(CASE WHEN id = id2 THEN TRUE ELSE FALSE END AS BOOLEAN) AS b FROM test_1
+PREHOOK: type: QUERY
+POSTHOOK: query: explain SELECT cast(CASE WHEN id = id2 THEN TRUE ELSE FALSE END AS BOOLEAN) AS b FROM test_1
+POSTHOOK: type: QUERY
+STAGE DEPENDENCIES:
+  Stage-1 is a root stage
+  Stage-0 depends on stages: Stage-1
+
+STAGE PLANS:
+  Stage: Stage-1
+    Map Reduce
+      Map Operator Tree:
+          TableScan
+            alias: test_1
+            Statistics: Num rows: 4 Data size: 24 Basic stats: COMPLETE Column stats: NONE
+            Select Operator
+              expressions: NVL((id = id2),false) (type: boolean)
+              outputColumnNames: _col0
+              Statistics: Num rows: 4 Data size: 24 Basic stats: COMPLETE Column stats: NONE
+              File Output Operator
+                compressed: false
+                Statistics: Num rows: 4 Data size: 24 Basic stats: COMPLETE Column stats: NONE
+                table:
+                    input format: org.apache.hadoop.mapred.TextInputFormat
+                    output format: org.apache.hadoop.hive.ql.io.HiveIgnoreKeyTextOutputFormat
+                    serde: org.apache.hadoop.hive.serde2.lazy.LazySimpleSerDe
+
+  Stage: Stage-0
+    Fetch Operator
+      limit: -1
+      Processor Tree:
+        ListSink
+
+PREHOOK: query: SELECT cast(CASE WHEN id = id2 THEN TRUE ELSE FALSE END AS BOOLEAN) AS b FROM test_1
+PREHOOK: type: QUERY
+PREHOOK: Input: default@test_1
+#### A masked pattern was here ####
+POSTHOOK: query: SELECT cast(CASE WHEN id = id2 THEN TRUE ELSE FALSE END AS BOOLEAN) AS b FROM test_1
+POSTHOOK: type: QUERY
+POSTHOOK: Input: default@test_1
+#### A masked pattern was here ####
+false
+false
+false
+true
+PREHOOK: query: explain SELECT cast(CASE id when id2 THEN TRUE ELSE FALSE END AS BOOLEAN) AS b FROM test_1
+PREHOOK: type: QUERY
+POSTHOOK: query: explain SELECT cast(CASE id when id2 THEN TRUE ELSE FALSE END AS BOOLEAN) AS b FROM test_1
+POSTHOOK: type: QUERY
+STAGE DEPENDENCIES:
+  Stage-1 is a root stage
+  Stage-0 depends on stages: Stage-1
+
+STAGE PLANS:
+  Stage: Stage-1
+    Map Reduce
+      Map Operator Tree:
+          TableScan
+            alias: test_1
+            Statistics: Num rows: 4 Data size: 24 Basic stats: COMPLETE Column stats: NONE
+            Select Operator
+              expressions: NVL((id = id2),false) (type: boolean)
+              outputColumnNames: _col0
+              Statistics: Num rows: 4 Data size: 24 Basic stats: COMPLETE Column stats: NONE
+              File Output Operator
+                compressed: false
+                Statistics: Num rows: 4 Data size: 24 Basic stats: COMPLETE Column stats: NONE
+                table:
+                    input format: org.apache.hadoop.mapred.TextInputFormat
+                    output format: org.apache.hadoop.hive.ql.io.HiveIgnoreKeyTextOutputFormat
+                    serde: org.apache.hadoop.hive.serde2.lazy.LazySimpleSerDe
+
+  Stage: Stage-0
+    Fetch Operator
+      limit: -1
+      Processor Tree:
+        ListSink
+
+PREHOOK: query: SELECT cast(CASE id when id2 THEN TRUE ELSE FALSE END AS BOOLEAN) AS b FROM test_1
+PREHOOK: type: QUERY
+PREHOOK: Input: default@test_1
+#### A masked pattern was here ####
+POSTHOOK: query: SELECT cast(CASE id when id2 THEN TRUE ELSE FALSE END AS BOOLEAN) AS b FROM test_1
+POSTHOOK: type: QUERY
+POSTHOOK: Input: default@test_1
+#### A masked pattern was here ####
+false
+false
+false
+true
diff --git a/ql/src/test/results/clientpositive/fold_case.q.out b/ql/src/test/results/clientpositive/fold_case.q.out
index a9214f318a..9023746e26 100644
--- a/ql/src/test/results/clientpositive/fold_case.q.out
+++ b/ql/src/test/results/clientpositive/fold_case.q.out
@@ -16,7 +16,7 @@ STAGE PLANS:
             alias: src
             Statistics: Num rows: 500 Data size: 5312 Basic stats: COMPLETE Column stats: NONE
             Filter Operator
-              predicate: (key = '238') (type: boolean)
+              predicate: NVL((key = '238'),false) (type: boolean)
               Statistics: Num rows: 250 Data size: 2656 Basic stats: COMPLETE Column stats: NONE
               Select Operator
                 Statistics: Num rows: 250 Data size: 2656 Basic stats: COMPLETE Column stats: NONE
@@ -67,10 +67,10 @@ STAGE PLANS:
             alias: src
             Statistics: Num rows: 500 Data size: 5312 Basic stats: COMPLETE Column stats: NONE
             Filter Operator
-              predicate: (key <> '238') (type: boolean)
-              Statistics: Num rows: 500 Data size: 5312 Basic stats: COMPLETE Column stats: NONE
+              predicate: (not NVL((key = '238'),false)) (type: boolean)
+              Statistics: Num rows: 250 Data size: 2656 Basic stats: COMPLETE Column stats: NONE
               Select Operator
-                Statistics: Num rows: 500 Data size: 5312 Basic stats: COMPLETE Column stats: NONE
+                Statistics: Num rows: 250 Data size: 2656 Basic stats: COMPLETE Column stats: NONE
                 Group By Operator
                   aggregations: count(1)
                   mode: hash
@@ -366,15 +366,15 @@ STAGE PLANS:
             alias: src
             Statistics: Num rows: 500 Data size: 5312 Basic stats: COMPLETE Column stats: NONE
             Filter Operator
-              predicate: (key <> '238') (type: boolean)
-              Statistics: Num rows: 500 Data size: 5312 Basic stats: COMPLETE Column stats: NONE
+              predicate: (not NVL((key = '238'),false)) (type: boolean)
+              Statistics: Num rows: 250 Data size: 2656 Basic stats: COMPLETE Column stats: NONE
               Select Operator
                 expressions: CASE (key) WHEN ('238') THEN (null) ELSE (false) END (type: boolean)
                 outputColumnNames: _col0
-                Statistics: Num rows: 500 Data size: 5312 Basic stats: COMPLETE Column stats: NONE
+                Statistics: Num rows: 250 Data size: 2656 Basic stats: COMPLETE Column stats: NONE
                 File Output Operator
                   compressed: false
-                  Statistics: Num rows: 500 Data size: 5312 Basic stats: COMPLETE Column stats: NONE
+                  Statistics: Num rows: 250 Data size: 2656 Basic stats: COMPLETE Column stats: NONE
                   table:
                       input format: org.apache.hadoop.mapred.TextInputFormat
                       output format: org.apache.hadoop.hive.ql.io.HiveIgnoreKeyTextOutputFormat
diff --git a/ql/src/test/results/clientpositive/fold_eq_with_case_when.q.out b/ql/src/test/results/clientpositive/fold_eq_with_case_when.q.out
index 69dd050006..b7e795bf97 100644
--- a/ql/src/test/results/clientpositive/fold_eq_with_case_when.q.out
+++ b/ql/src/test/results/clientpositive/fold_eq_with_case_when.q.out
@@ -101,10 +101,10 @@ STAGE PLANS:
             alias: src
             Statistics: Num rows: 500 Data size: 5312 Basic stats: COMPLETE Column stats: NONE
             Filter Operator
-              predicate: (key = '238') (type: boolean)
+              predicate: NVL((key = '238'),false) (type: boolean)
               Statistics: Num rows: 250 Data size: 2656 Basic stats: COMPLETE Column stats: NONE
               Select Operator
-                expressions: '238' (type: string)
+                expressions: key (type: string)
                 outputColumnNames: _col0
                 Statistics: Num rows: 250 Data size: 2656 Basic stats: COMPLETE Column stats: NONE
                 File Output Operator
@@ -173,10 +173,10 @@ STAGE PLANS:
             alias: src
             Statistics: Num rows: 500 Data size: 5312 Basic stats: COMPLETE Column stats: NONE
             Filter Operator
-              predicate: (key = '238') (type: boolean)
+              predicate: NVL((key = '238'),false) (type: boolean)
               Statistics: Num rows: 250 Data size: 2656 Basic stats: COMPLETE Column stats: NONE
               Select Operator
-                expressions: '238' (type: string)
+                expressions: key (type: string)
                 outputColumnNames: _col0
                 Statistics: Num rows: 250 Data size: 2656 Basic stats: COMPLETE Column stats: NONE
                 File Output Operator
diff --git a/ql/src/test/results/clientpositive/fold_when.q.out b/ql/src/test/results/clientpositive/fold_when.q.out
index bf61a7d473..dec63546e4 100644
--- a/ql/src/test/results/clientpositive/fold_when.q.out
+++ b/ql/src/test/results/clientpositive/fold_when.q.out
@@ -290,10 +290,10 @@ STAGE PLANS:
             alias: src
             Statistics: Num rows: 500 Data size: 5312 Basic stats: COMPLETE Column stats: NONE
             Filter Operator
-              predicate: (key = '238') (type: boolean)
+              predicate: NVL((key = '238'),false) (type: boolean)
               Statistics: Num rows: 250 Data size: 2656 Basic stats: COMPLETE Column stats: NONE
               Select Operator
-                expressions: '238' (type: string)
+                expressions: key (type: string)
                 outputColumnNames: _col0
                 Statistics: Num rows: 250 Data size: 2656 Basic stats: COMPLETE Column stats: NONE
                 File Output Operator
@@ -328,15 +328,15 @@ STAGE PLANS:
             alias: src
             Statistics: Num rows: 500 Data size: 5312 Basic stats: COMPLETE Column stats: NONE
             Filter Operator
-              predicate: (key <> '238') (type: boolean)
-              Statistics: Num rows: 500 Data size: 5312 Basic stats: COMPLETE Column stats: NONE
+              predicate: (not NVL((key = '238'),false)) (type: boolean)
+              Statistics: Num rows: 250 Data size: 2656 Basic stats: COMPLETE Column stats: NONE
               Select Operator
                 expressions: key (type: string)
                 outputColumnNames: _col0
-                Statistics: Num rows: 500 Data size: 5312 Basic stats: COMPLETE Column stats: NONE
+                Statistics: Num rows: 250 Data size: 2656 Basic stats: COMPLETE Column stats: NONE
                 File Output Operator
                   compressed: false
-                  Statistics: Num rows: 500 Data size: 5312 Basic stats: COMPLETE Column stats: NONE
+                  Statistics: Num rows: 250 Data size: 2656 Basic stats: COMPLETE Column stats: NONE
                   table:
                       input format: org.apache.hadoop.mapred.TextInputFormat
                       output format: org.apache.hadoop.hive.ql.io.HiveIgnoreKeyTextOutputFormat
@@ -435,15 +435,15 @@ STAGE PLANS:
             alias: src
             Statistics: Num rows: 500 Data size: 5312 Basic stats: COMPLETE Column stats: NONE
             Filter Operator
-              predicate: (key <> '11') (type: boolean)
-              Statistics: Num rows: 500 Data size: 5312 Basic stats: COMPLETE Column stats: NONE
+              predicate: (not NVL((key = '11'),false)) (type: boolean)
+              Statistics: Num rows: 250 Data size: 2656 Basic stats: COMPLETE Column stats: NONE
               Select Operator
                 expressions: key (type: string)
                 outputColumnNames: _col0
-                Statistics: Num rows: 500 Data size: 5312 Basic stats: COMPLETE Column stats: NONE
+                Statistics: Num rows: 250 Data size: 2656 Basic stats: COMPLETE Column stats: NONE
                 File Output Operator
                   compressed: false
-                  Statistics: Num rows: 500 Data size: 5312 Basic stats: COMPLETE Column stats: NONE
+                  Statistics: Num rows: 250 Data size: 2656 Basic stats: COMPLETE Column stats: NONE
                   table:
                       input format: org.apache.hadoop.mapred.TextInputFormat
                       output format: org.apache.hadoop.hive.ql.io.HiveIgnoreKeyTextOutputFormat
