diff --git a/ql/src/java/org/apache/hadoop/hive/ql/optimizer/calcite/HiveCalciteUtil.java b/ql/src/java/org/apache/hadoop/hive/ql/optimizer/calcite/HiveCalciteUtil.java
index 4825a61787..1c15012c10 100644
--- a/ql/src/java/org/apache/hadoop/hive/ql/optimizer/calcite/HiveCalciteUtil.java
+++ b/ql/src/java/org/apache/hadoop/hive/ql/optimizer/calcite/HiveCalciteUtil.java
@@ -26,7 +26,6 @@
 import java.util.Set;
 
 import org.apache.calcite.plan.RelOptCluster;
-import org.apache.calcite.plan.RelOptPredicateList;
 import org.apache.calcite.plan.RelOptUtil;
 import org.apache.calcite.plan.RelOptUtil.InputFinder;
 import org.apache.calcite.plan.RelOptUtil.InputReferencedVisitor;
@@ -75,6 +74,7 @@
 import com.google.common.collect.ImmutableMap.Builder;
 import com.google.common.collect.ImmutableSet;
 import com.google.common.collect.Lists;
+import com.google.common.collect.Maps;
 import com.google.common.collect.Sets;
 
 /**
@@ -628,16 +628,55 @@ public String apply(RexNode r) {
                                                               }
                                                             };
 
-  public static ImmutableList<RexNode> getPredsNotPushedAlready(RelNode inp, List<RexNode> predsToPushDown) {
-    final RelOptPredicateList predicates = RelMetadataQuery.getPulledUpPredicates(inp);
-    final ImmutableSet<String> alreadyPushedPreds = ImmutableSet.copyOf(Lists.transform(
-        predicates.pulledUpPredicates, REX_STR_FN));
-    final ImmutableList.Builder<RexNode> newConjuncts = ImmutableList.builder();
+  public static ImmutableList<RexNode> getPredsNotPushedAlready(RelNode inp, List<RexNode> predsToPushDown) {   
+    return getPredsNotPushedAlready(Sets.<String>newHashSet(), inp, predsToPushDown);
+  }
+
+  /**
+   * Given a list of predicates to push down, this methods returns the set of predicates
+   * that still need to be pushed. Predicates need to be pushed because 1) their String
+   * representation is not included in input set of predicates to exclude, or 2) they are
+   * already in the subtree rooted at the input node.
+   * This method updates the set of predicates to exclude with the String representation
+   * of the predicates in the output and in the subtree.
+   *
+   * @param predicatesToExclude String representation of predicates that should be excluded
+   * @param inp root of the subtree
+   * @param predsToPushDown candidate predicates to push down through the subtree
+   * @return list of predicates to push down
+   */
+  public static ImmutableList<RexNode> getPredsNotPushedAlready(Set<String> predicatesToExclude,
+          RelNode inp, List<RexNode> predsToPushDown) {
+    // Bail out if there is nothing to push
+    if (predsToPushDown.isEmpty()) {
+      return ImmutableList.of();
+    }
+    // Build map to not convert multiple times, further remove already included predicates
+    Map<String,RexNode> stringToRexNode = Maps.newLinkedHashMap();
     for (RexNode r : predsToPushDown) {
-      if (!alreadyPushedPreds.contains(r.toString())) {
-        newConjuncts.add(r);
+      String rexNodeString = r.toString();
+      if (predicatesToExclude.add(rexNodeString)) {
+        stringToRexNode.put(rexNodeString, r);
+      }
+    }
+    if (stringToRexNode.isEmpty()) {
+      return ImmutableList.of();
+    }
+    // Finally exclude preds that are already in the subtree as given by the metadata provider
+    // Note: this is the last step, trying to avoid the expensive call to the metadata provider
+    //       if possible
+    Set<String> predicatesInSubtree = Sets.newHashSet();
+    for (RexNode pred : RelMetadataQuery.getPulledUpPredicates(inp).pulledUpPredicates) {
+      predicatesInSubtree.add(pred.toString());
+      predicatesInSubtree.addAll(Lists.transform(RelOptUtil.conjunctions(pred), REX_STR_FN));
+    }
+    final ImmutableList.Builder<RexNode> newConjuncts = ImmutableList.builder();
+    for (Entry<String,RexNode> e : stringToRexNode.entrySet()) {
+      if (predicatesInSubtree.add(e.getKey())) {
+        newConjuncts.add(e.getValue());
       }
     }
+    predicatesToExclude.addAll(predicatesInSubtree);
     return newConjuncts.build();
   }
 
diff --git a/ql/src/java/org/apache/hadoop/hive/ql/optimizer/calcite/HiveHepPlannerContext.java b/ql/src/java/org/apache/hadoop/hive/ql/optimizer/calcite/HivePlannerContext.java
similarity index 77%
rename from ql/src/java/org/apache/hadoop/hive/ql/optimizer/calcite/HiveHepPlannerContext.java
rename to ql/src/java/org/apache/hadoop/hive/ql/optimizer/calcite/HivePlannerContext.java
index ad79aeec2f..aeb4e7d2cf 100644
--- a/ql/src/java/org/apache/hadoop/hive/ql/optimizer/calcite/HiveHepPlannerContext.java
+++ b/ql/src/java/org/apache/hadoop/hive/ql/optimizer/calcite/HivePlannerContext.java
@@ -18,17 +18,23 @@
 package org.apache.hadoop.hive.ql.optimizer.calcite;
 
 import org.apache.calcite.plan.Context;
+import org.apache.hadoop.hive.ql.optimizer.calcite.cost.HiveAlgorithmsConf;
 import org.apache.hadoop.hive.ql.optimizer.calcite.rules.HiveRulesRegistry;
 
 
-public class HiveHepPlannerContext implements Context {
+public class HivePlannerContext implements Context {
+  private HiveAlgorithmsConf config;
   private HiveRulesRegistry registry;
 
-  public HiveHepPlannerContext(HiveRulesRegistry registry) {
+  public HivePlannerContext(HiveAlgorithmsConf config, HiveRulesRegistry registry) {
+    this.config = config;
     this.registry = registry;
   }
 
   public <T> T unwrap(Class<T> clazz) {
+    if (clazz.isInstance(config)) {
+      return clazz.cast(config);
+    }
     if (clazz.isInstance(registry)) {
       return clazz.cast(registry);
     }
diff --git a/ql/src/java/org/apache/hadoop/hive/ql/optimizer/calcite/HiveVolcanoPlannerContext.java b/ql/src/java/org/apache/hadoop/hive/ql/optimizer/calcite/HiveVolcanoPlannerContext.java
deleted file mode 100644
index 8859fc2686..0000000000
--- a/ql/src/java/org/apache/hadoop/hive/ql/optimizer/calcite/HiveVolcanoPlannerContext.java
+++ /dev/null
@@ -1,37 +0,0 @@
-/**
- * Licensed to the Apache Software Foundation (ASF) under one
- * or more contributor license agreements.  See the NOTICE file
- * distributed with this work for additional information
- * regarding copyright ownership.  The ASF licenses this file
- * to you under the Apache License, Version 2.0 (the
- * "License"); you may not use this file except in compliance
- * with the License.  You may obtain a copy of the License at
- *
- *     http://www.apache.org/licenses/LICENSE-2.0
- *
- * Unless required by applicable law or agreed to in writing, software
- * distributed under the License is distributed on an "AS IS" BASIS,
- * WITHOUT WARRANTIES OR CONDITIONS OF ANY KIND, either express or implied.
- * See the License for the specific language governing permissions and
- * limitations under the License.
- */
-package org.apache.hadoop.hive.ql.optimizer.calcite;
-
-import org.apache.calcite.plan.Context;
-import org.apache.hadoop.hive.ql.optimizer.calcite.cost.HiveAlgorithmsConf;
-
-
-public class HiveVolcanoPlannerContext implements Context {
-  private HiveAlgorithmsConf config;
-
-  public HiveVolcanoPlannerContext(HiveAlgorithmsConf config) {
-    this.config = config;
-  }
-
-  public <T> T unwrap(Class<T> clazz) {
-    if (clazz.isInstance(config)) {
-      return clazz.cast(config);
-    }
-    return null;
-  }
-}
\ No newline at end of file
diff --git a/ql/src/java/org/apache/hadoop/hive/ql/optimizer/calcite/cost/HiveCostModel.java b/ql/src/java/org/apache/hadoop/hive/ql/optimizer/calcite/cost/HiveCostModel.java
index d15d885d23..4af1f8d6a3 100644
--- a/ql/src/java/org/apache/hadoop/hive/ql/optimizer/calcite/cost/HiveCostModel.java
+++ b/ql/src/java/org/apache/hadoop/hive/ql/optimizer/calcite/cost/HiveCostModel.java
@@ -56,8 +56,8 @@ public RelOptCost getJoinCost(HiveJoin join) {
     JoinAlgorithm joinAlgorithm = null;
     RelOptCost minJoinCost = null;
 
-    if (LOG.isDebugEnabled()) {
-      LOG.debug("Join algorithm selection for:\n" + RelOptUtil.toString(join));
+    if (LOG.isTraceEnabled()) {
+      LOG.trace("Join algorithm selection for:\n" + RelOptUtil.toString(join));
     }
 
     for (JoinAlgorithm possibleAlgorithm : this.joinAlgorithms) {
@@ -65,8 +65,8 @@ public RelOptCost getJoinCost(HiveJoin join) {
         continue;
       }
       RelOptCost joinCost = possibleAlgorithm.getCost(join);
-      if (LOG.isDebugEnabled()) {
-        LOG.debug(possibleAlgorithm + " cost: " + joinCost);
+      if (LOG.isTraceEnabled()) {
+        LOG.trace(possibleAlgorithm + " cost: " + joinCost);
       }
       if (minJoinCost == null || joinCost.isLt(minJoinCost) ) {
         joinAlgorithm = possibleAlgorithm;
@@ -74,8 +74,8 @@ public RelOptCost getJoinCost(HiveJoin join) {
       }
     }
 
-    if (LOG.isDebugEnabled()) {
-      LOG.debug(joinAlgorithm + " selected");
+    if (LOG.isTraceEnabled()) {
+      LOG.trace(joinAlgorithm + " selected");
     }
 
     join.setJoinAlgorithm(joinAlgorithm);
diff --git a/ql/src/java/org/apache/hadoop/hive/ql/optimizer/calcite/cost/HiveVolcanoPlanner.java b/ql/src/java/org/apache/hadoop/hive/ql/optimizer/calcite/cost/HiveVolcanoPlanner.java
index 8610edc5dd..1bd12b750a 100644
--- a/ql/src/java/org/apache/hadoop/hive/ql/optimizer/calcite/cost/HiveVolcanoPlanner.java
+++ b/ql/src/java/org/apache/hadoop/hive/ql/optimizer/calcite/cost/HiveVolcanoPlanner.java
@@ -22,7 +22,7 @@
 import org.apache.calcite.plan.RelOptPlanner;
 import org.apache.calcite.plan.volcano.VolcanoPlanner;
 import org.apache.calcite.rel.RelCollationTraitDef;
-import org.apache.hadoop.hive.ql.optimizer.calcite.HiveVolcanoPlannerContext;
+import org.apache.hadoop.hive.ql.optimizer.calcite.HivePlannerContext;
 
 /**
  * Refinement of {@link org.apache.calcite.plan.volcano.VolcanoPlanner} for Hive.
@@ -35,11 +35,11 @@ public class HiveVolcanoPlanner extends VolcanoPlanner {
   private static final boolean ENABLE_COLLATION_TRAIT = true;
 
   /** Creates a HiveVolcanoPlanner. */
-  public HiveVolcanoPlanner(HiveVolcanoPlannerContext conf) {
+  public HiveVolcanoPlanner(HivePlannerContext conf) {
     super(HiveCost.FACTORY, conf);
   }
 
-  public static RelOptPlanner createPlanner(HiveVolcanoPlannerContext conf) {
+  public static RelOptPlanner createPlanner(HivePlannerContext conf) {
     final VolcanoPlanner planner = new HiveVolcanoPlanner(conf);
     planner.addRelTraitDef(ConventionTraitDef.INSTANCE);
     if (ENABLE_COLLATION_TRAIT) {
diff --git a/ql/src/java/org/apache/hadoop/hive/ql/optimizer/calcite/reloperators/HiveJoin.java b/ql/src/java/org/apache/hadoop/hive/ql/optimizer/calcite/reloperators/HiveJoin.java
index 27b1e76a10..c32356442f 100644
--- a/ql/src/java/org/apache/hadoop/hive/ql/optimizer/calcite/reloperators/HiveJoin.java
+++ b/ql/src/java/org/apache/hadoop/hive/ql/optimizer/calcite/reloperators/HiveJoin.java
@@ -47,6 +47,7 @@
 import org.apache.hadoop.hive.ql.optimizer.calcite.TraitsUtil;
 import org.apache.hadoop.hive.ql.optimizer.calcite.cost.HiveCostModel.JoinAlgorithm;
 import org.apache.hadoop.hive.ql.optimizer.calcite.cost.HiveDefaultCostModel.DefaultJoinAlgorithm;
+import org.apache.hadoop.hive.ql.optimizer.calcite.rules.HiveRulesRegistry;
 
 import com.google.common.collect.ImmutableList;
 
@@ -103,8 +104,14 @@ public final HiveJoin copy(RelTraitSet traitSet, RexNode conditionExpr, RelNode
       RelNode right, JoinRelType joinType, boolean semiJoinDone) {
     try {
       Set<String> variablesStopped = Collections.emptySet();
-      return new HiveJoin(getCluster(), traitSet, left, right, conditionExpr, joinType,
+      HiveJoin join = new HiveJoin(getCluster(), traitSet, left, right, conditionExpr, joinType,
           variablesStopped, joinAlgorithm, leftSemiJoin);
+      // If available, copy state to registry for optimization rules
+      HiveRulesRegistry registry = join.getCluster().getPlanner().getContext().unwrap(HiveRulesRegistry.class);
+      if (registry != null) {
+        registry.copyPushedPredicates(this, join);
+      }
+      return join;
     } catch (InvalidRelException | CalciteSemanticException e) {
       // Semantic error not possible. Must be a bug. Convert to
       // internal error.
diff --git a/ql/src/java/org/apache/hadoop/hive/ql/optimizer/calcite/reloperators/HiveSemiJoin.java b/ql/src/java/org/apache/hadoop/hive/ql/optimizer/calcite/reloperators/HiveSemiJoin.java
index 35586768c2..4fac13e440 100644
--- a/ql/src/java/org/apache/hadoop/hive/ql/optimizer/calcite/reloperators/HiveSemiJoin.java
+++ b/ql/src/java/org/apache/hadoop/hive/ql/optimizer/calcite/reloperators/HiveSemiJoin.java
@@ -35,6 +35,7 @@
 import org.apache.calcite.util.ImmutableIntList;
 import org.apache.hadoop.hive.ql.optimizer.calcite.CalciteSemanticException;
 import org.apache.hadoop.hive.ql.optimizer.calcite.HiveRelOptUtil;
+import org.apache.hadoop.hive.ql.optimizer.calcite.rules.HiveRulesRegistry;
 
 import com.google.common.collect.ImmutableList;
 
@@ -87,8 +88,14 @@ public SemiJoin copy(RelTraitSet traitSet, RexNode condition,
           RelNode left, RelNode right, JoinRelType joinType, boolean semiJoinDone) {
     try {
       final JoinInfo joinInfo = JoinInfo.of(left, right, condition);
-      return new HiveSemiJoin(getCluster(), traitSet, left, right, condition,
+      HiveSemiJoin semijoin = new HiveSemiJoin(getCluster(), traitSet, left, right, condition,
               joinInfo.leftKeys, joinInfo.rightKeys);
+      // If available, copy state to registry for optimization rules
+      HiveRulesRegistry registry = semijoin.getCluster().getPlanner().getContext().unwrap(HiveRulesRegistry.class);
+      if (registry != null) {
+        registry.copyPushedPredicates(this, semijoin);
+      }
+      return semijoin;
     } catch (InvalidRelException | CalciteSemanticException e) {
       // Semantic error not possible. Must be a bug. Convert to
       // internal error.
diff --git a/ql/src/java/org/apache/hadoop/hive/ql/optimizer/calcite/reloperators/HiveUnion.java b/ql/src/java/org/apache/hadoop/hive/ql/optimizer/calcite/reloperators/HiveUnion.java
index 8b57b3504c..7cfb007a9d 100644
--- a/ql/src/java/org/apache/hadoop/hive/ql/optimizer/calcite/reloperators/HiveUnion.java
+++ b/ql/src/java/org/apache/hadoop/hive/ql/optimizer/calcite/reloperators/HiveUnion.java
@@ -24,9 +24,8 @@
 import org.apache.calcite.rel.RelNode;
 import org.apache.calcite.rel.core.SetOp;
 import org.apache.calcite.rel.core.Union;
-import org.apache.hadoop.hive.ql.optimizer.calcite.reloperators.HiveRelNode.Implementor;
 
-public class HiveUnion extends Union {
+public class HiveUnion extends Union implements HiveRelNode {
 
   public HiveUnion(RelOptCluster cluster, RelTraitSet traits, List<RelNode> inputs) {
     super(cluster, traits, inputs, true);
@@ -37,6 +36,7 @@ public SetOp copy(RelTraitSet traitSet, List<RelNode> inputs, boolean all) {
     return new HiveUnion(this.getCluster(), traitSet, inputs);
   }
 
+  @Override
   public void implement(Implementor implementor) {
   }
 
diff --git a/ql/src/java/org/apache/hadoop/hive/ql/optimizer/calcite/rules/HiveJoinAddNotNullRule.java b/ql/src/java/org/apache/hadoop/hive/ql/optimizer/calcite/rules/HiveJoinAddNotNullRule.java
index de880ce26f..1cb6a08033 100644
--- a/ql/src/java/org/apache/hadoop/hive/ql/optimizer/calcite/rules/HiveJoinAddNotNullRule.java
+++ b/ql/src/java/org/apache/hadoop/hive/ql/optimizer/calcite/rules/HiveJoinAddNotNullRule.java
@@ -17,10 +17,8 @@
  */
 package org.apache.hadoop.hive.ql.optimizer.calcite.rules;
 
-import java.util.Collection;
-import java.util.HashMap;
 import java.util.HashSet;
-import java.util.Map;
+import java.util.List;
 import java.util.Set;
 
 import org.apache.calcite.plan.RelOptCluster;
@@ -29,28 +27,31 @@
 import org.apache.calcite.rel.RelNode;
 import org.apache.calcite.rel.core.Join;
 import org.apache.calcite.rel.core.JoinRelType;
+import org.apache.calcite.rel.core.RelFactories;
 import org.apache.calcite.rel.core.RelFactories.FilterFactory;
 import org.apache.calcite.rel.type.RelDataType;
 import org.apache.calcite.rex.RexBuilder;
-import org.apache.calcite.rex.RexCall;
 import org.apache.calcite.rex.RexNode;
 import org.apache.calcite.rex.RexUtil;
-import org.apache.calcite.sql.SqlKind;
 import org.apache.calcite.sql.fun.SqlStdOperatorTable;
 import org.apache.hadoop.hive.ql.optimizer.calcite.CalciteSemanticException;
 import org.apache.hadoop.hive.ql.optimizer.calcite.HiveCalciteUtil;
 import org.apache.hadoop.hive.ql.optimizer.calcite.HiveCalciteUtil.JoinLeafPredicateInfo;
 import org.apache.hadoop.hive.ql.optimizer.calcite.HiveCalciteUtil.JoinPredicateInfo;
 import org.apache.hadoop.hive.ql.optimizer.calcite.HiveRelFactories;
-import org.apache.hadoop.hive.ql.optimizer.calcite.reloperators.HiveFilter;
+import org.apache.hadoop.hive.ql.optimizer.calcite.reloperators.HiveJoin;
+import org.apache.hadoop.hive.ql.optimizer.calcite.reloperators.HiveSemiJoin;
+
+import com.google.common.collect.Lists;
+import com.google.common.collect.Sets;
 
 public final class HiveJoinAddNotNullRule extends RelOptRule {
 
-  private static final String NOT_NULL_FUNC_NAME = "isnotnull";
+  public static final HiveJoinAddNotNullRule INSTANCE_JOIN =
+          new HiveJoinAddNotNullRule(HiveJoin.class, HiveRelFactories.HIVE_FILTER_FACTORY);
 
-  /** The singleton. */
-  public static final HiveJoinAddNotNullRule INSTANCE =
-      new HiveJoinAddNotNullRule(HiveRelFactories.HIVE_FILTER_FACTORY);
+  public static final HiveJoinAddNotNullRule INSTANCE_SEMIJOIN =
+          new HiveJoinAddNotNullRule(HiveSemiJoin.class, HiveRelFactories.HIVE_FILTER_FACTORY);
 
   private final FilterFactory filterFactory;
 
@@ -59,10 +60,9 @@ public final class HiveJoinAddNotNullRule extends RelOptRule {
   /**
    * Creates an HiveJoinAddNotNullRule.
    */
-  public HiveJoinAddNotNullRule(FilterFactory filterFactory) {
-    super(operand(Join.class,
-              operand(RelNode.class, any()),
-              operand(RelNode.class, any())));
+  public HiveJoinAddNotNullRule(Class<? extends Join> clazz,
+          RelFactories.FilterFactory filterFactory) {
+    super(operand(clazz, any()));
     this.filterFactory = filterFactory;
   }
 
@@ -71,8 +71,11 @@ public HiveJoinAddNotNullRule(FilterFactory filterFactory) {
   @Override
   public void onMatch(RelOptRuleCall call) {
     final Join join = call.rel(0);
-    RelNode leftInput = call.rel(1);
-    RelNode rightInput = call.rel(2);
+    RelNode lChild = join.getLeft();
+    RelNode rChild = join.getRight();
+
+    HiveRulesRegistry registry = call.getPlanner().getContext().unwrap(HiveRulesRegistry.class);
+    assert registry != null;
 
     if (join.getJoinType() != JoinRelType.INNER) {
       return;
@@ -102,51 +105,46 @@ public void onMatch(RelOptRuleCall call) {
     final RelOptCluster cluster = join.getCluster();
     final RexBuilder rexBuilder = join.getCluster().getRexBuilder();
 
-    final Map<String,RexNode> newLeftConditions = getNotNullConditions(cluster,
-            rexBuilder, leftInput, joinLeftKeyPositions);
-    final Map<String,RexNode> newRightConditions = getNotNullConditions(cluster,
-            rexBuilder, rightInput, joinRightKeyPositions);
+    Set<String> leftPushedPredicates = Sets.newHashSet(registry.getPushedPredicates(join, 0));
+    final List<RexNode> newLeftConditions = getNotNullConditions(cluster,
+            rexBuilder, join.getLeft(), joinLeftKeyPositions, leftPushedPredicates);
+    Set<String> rightPushedPredicates = Sets.newHashSet(registry.getPushedPredicates(join, 1));
+    final List<RexNode> newRightConditions = getNotNullConditions(cluster,
+            rexBuilder, join.getRight(), joinRightKeyPositions, rightPushedPredicates);
 
     // Nothing will be added to the expression
-    if (newLeftConditions == null && newRightConditions == null) {
+    RexNode newLeftPredicate = RexUtil.composeConjunction(rexBuilder, newLeftConditions, false);
+    RexNode newRightPredicate = RexUtil.composeConjunction(rexBuilder, newRightConditions, false);
+    if (newLeftPredicate.isAlwaysTrue() && newRightPredicate.isAlwaysTrue()) {
       return;
     }
 
-    if (newLeftConditions != null) {
-      if (leftInput instanceof HiveFilter) {
-        leftInput = leftInput.getInput(0);
-      }
-      leftInput = createHiveFilterConjunctiveCondition(filterFactory, rexBuilder,
-              leftInput, newLeftConditions.values());
+    if (!newLeftPredicate.isAlwaysTrue()) {
+      RelNode curr = lChild;
+      lChild = filterFactory.createFilter(lChild, newLeftPredicate);
+      call.getPlanner().onCopy(curr, lChild);
     }
-    if (newRightConditions != null) {
-      if (rightInput instanceof HiveFilter) {
-        rightInput = rightInput.getInput(0);
-      }
-      rightInput = createHiveFilterConjunctiveCondition(filterFactory, rexBuilder,
-              rightInput, newRightConditions.values());
+    if (!newRightPredicate.isAlwaysTrue()) {
+      RelNode curr = rChild;
+      rChild = filterFactory.createFilter(rChild, newRightPredicate);
+      call.getPlanner().onCopy(curr, rChild);
     }
 
     Join newJoin = join.copy(join.getTraitSet(), join.getCondition(),
-            leftInput, rightInput, join.getJoinType(), join.isSemiJoinDone());
-
+            lChild, rChild, join.getJoinType(), join.isSemiJoinDone());
     call.getPlanner().onCopy(join, newJoin);
 
+    // Register information about created predicates
+    registry.getPushedPredicates(newJoin, 0).addAll(leftPushedPredicates);
+    registry.getPushedPredicates(newJoin, 1).addAll(rightPushedPredicates);
+
     call.transformTo(newJoin);
   }
 
-  private static Map<String,RexNode> getNotNullConditions(RelOptCluster cluster,
-          RexBuilder rexBuilder, RelNode input, Set<Integer> inputKeyPositions) {
-
-    boolean added = false;
-
-    final Map<String,RexNode> newConditions;
-    if (input instanceof HiveFilter) {
-      newConditions = splitCondition(((HiveFilter) input).getCondition());
-    }
-    else {
-      newConditions = new HashMap<String,RexNode>();
-    }
+  private static List<RexNode> getNotNullConditions(RelOptCluster cluster,
+          RexBuilder rexBuilder, RelNode input, Set<Integer> inputKeyPositions,
+          Set<String> pushedPredicates) {
+    final List<RexNode> newConditions = Lists.newArrayList();
     for (int pos : inputKeyPositions) {
       RelDataType keyType = input.getRowType().getFieldList().get(pos).getType();
       // Nothing to do if key cannot be null
@@ -156,34 +154,11 @@ private static Map<String,RexNode> getNotNullConditions(RelOptCluster cluster,
       RexNode cond = rexBuilder.makeCall(SqlStdOperatorTable.IS_NOT_NULL,
               rexBuilder.makeInputRef(input, pos));
       String digest = cond.toString();
-      if (!newConditions.containsKey(digest)) {
-        newConditions.put(digest,cond);
-        added = true;
+      if (pushedPredicates.add(digest)) {
+        newConditions.add(cond);
       }
     }
-    // Nothing will be added to the expression
-    if (!added) {
-      return null;
-    }
     return newConditions;
   }
 
-  private static Map<String,RexNode> splitCondition(RexNode condition) {
-    Map<String,RexNode> newConditions = new HashMap<String,RexNode>();
-    if (condition.getKind() == SqlKind.AND) {
-      for (RexNode node : ((RexCall) condition).getOperands()) {
-        newConditions.put(node.toString(), node);
-      }
-    }
-    else {
-      newConditions.put(condition.toString(), condition);
-    }
-    return newConditions;
-  }
-
-  private static RelNode createHiveFilterConjunctiveCondition(FilterFactory filterFactory,
-          RexBuilder rexBuilder, RelNode input, Collection<RexNode> conditions) {
-    final RexNode newCondition = RexUtil.composeConjunction(rexBuilder, conditions, false);
-    return filterFactory.createFilter(input, newCondition);
-  }
 }
diff --git a/ql/src/java/org/apache/hadoop/hive/ql/optimizer/calcite/rules/HiveJoinPushTransitivePredicatesRule.java b/ql/src/java/org/apache/hadoop/hive/ql/optimizer/calcite/rules/HiveJoinPushTransitivePredicatesRule.java
index 703c8c6dbd..07928d8a41 100644
--- a/ql/src/java/org/apache/hadoop/hive/ql/optimizer/calcite/rules/HiveJoinPushTransitivePredicatesRule.java
+++ b/ql/src/java/org/apache/hadoop/hive/ql/optimizer/calcite/rules/HiveJoinPushTransitivePredicatesRule.java
@@ -1,12 +1,13 @@
-/*
- * Licensed to the Apache Software Foundation (ASF) under one or more
- * contributor license agreements.  See the NOTICE file distributed with
- * this work for additional information regarding copyright ownership.
- * The ASF licenses this file to you under the Apache License, Version 2.0
- * (the "License"); you may not use this file except in compliance with
- * the License.  You may obtain a copy of the License at
+/**
+ * Licensed to the Apache Software Foundation (ASF) under one
+ * or more contributor license agreements.  See the NOTICE file
+ * distributed with this work for additional information
+ * regarding copyright ownership.  The ASF licenses this file
+ * to you under the Apache License, Version 2.0 (the
+ * "License"); you may not use this file except in compliance
+ * with the License.  You may obtain a copy of the License at
  *
- * http://www.apache.org/licenses/LICENSE-2.0
+ *     http://www.apache.org/licenses/LICENSE-2.0
  *
  * Unless required by applicable law or agreed to in writing, software
  * distributed under the License is distributed on an "AS IS" BASIS,
@@ -18,6 +19,7 @@
 
 import java.util.ArrayList;
 import java.util.List;
+import java.util.Set;
 
 import org.apache.calcite.plan.RelOptCluster;
 import org.apache.calcite.plan.RelOptPredicateList;
@@ -25,7 +27,7 @@
 import org.apache.calcite.plan.RelOptRuleCall;
 import org.apache.calcite.rel.RelNode;
 import org.apache.calcite.rel.core.Join;
-import org.apache.calcite.rel.core.RelFactories;
+import org.apache.calcite.rel.core.RelFactories.FilterFactory;
 import org.apache.calcite.rel.metadata.RelMetadataQuery;
 import org.apache.calcite.rel.type.RelDataType;
 import org.apache.calcite.rel.type.RelDataTypeField;
@@ -38,10 +40,14 @@
 import org.apache.calcite.util.Util;
 import org.apache.hadoop.hive.ql.exec.Description;
 import org.apache.hadoop.hive.ql.optimizer.calcite.HiveCalciteUtil;
+import org.apache.hadoop.hive.ql.optimizer.calcite.HiveRelFactories;
+import org.apache.hadoop.hive.ql.optimizer.calcite.reloperators.HiveJoin;
+import org.apache.hadoop.hive.ql.optimizer.calcite.reloperators.HiveSemiJoin;
 import org.apache.hadoop.hive.ql.udf.generic.GenericUDFOPNotNull;
 import org.apache.hive.common.util.AnnotationUtils;
 
 import com.google.common.collect.ImmutableList;
+import com.google.common.collect.Sets;
 
 /**
  * Planner rule that infers predicates from on a
@@ -55,51 +61,55 @@
  * and applies them appropriately.
  */
 public class HiveJoinPushTransitivePredicatesRule extends RelOptRule {
-  private final RelFactories.FilterFactory filterFactory;
 
-  /** The singleton. */
-  public static final HiveJoinPushTransitivePredicatesRule INSTANCE =
-      new HiveJoinPushTransitivePredicatesRule(Join.class,
-          RelFactories.DEFAULT_FILTER_FACTORY);
+  public static final HiveJoinPushTransitivePredicatesRule INSTANCE_JOIN =
+          new HiveJoinPushTransitivePredicatesRule(HiveJoin.class, HiveRelFactories.HIVE_FILTER_FACTORY);
+
+  public static final HiveJoinPushTransitivePredicatesRule INSTANCE_SEMIJOIN =
+          new HiveJoinPushTransitivePredicatesRule(HiveSemiJoin.class, HiveRelFactories.HIVE_FILTER_FACTORY);
+
+  private final FilterFactory filterFactory;
 
   public HiveJoinPushTransitivePredicatesRule(Class<? extends Join> clazz,
-      RelFactories.FilterFactory filterFactory) {
-    super(operand(clazz, operand(RelNode.class, any()),
-        operand(RelNode.class, any())));
+      FilterFactory filterFactory) {
+    super(operand(clazz, any()));
     this.filterFactory = filterFactory;
   }
 
-  @Override public void onMatch(RelOptRuleCall call) {
+  @Override
+  public void onMatch(RelOptRuleCall call) {
     Join join = call.rel(0);
-
-    // Register that we have visited this operator in this rule
-    HiveRulesRegistry registry = call.getPlanner().getContext().unwrap(HiveRulesRegistry.class);
-    if (registry != null) {
-      registry.registerVisited(this, join);
-    }
-
+    
     RelOptPredicateList preds = RelMetadataQuery.getPulledUpPredicates(join);
 
+    HiveRulesRegistry registry = call.getPlanner().getContext().unwrap(HiveRulesRegistry.class);
+    assert registry != null;
     RexBuilder rB = join.getCluster().getRexBuilder();
-    RelNode lChild = call.rel(1);
-    RelNode rChild = call.rel(2);
-
-    List<RexNode> leftPreds = getValidPreds(join.getCluster(), lChild, preds.leftInferredPredicates, lChild.getRowType());
-    List<RexNode> rightPreds = getValidPreds(join.getCluster(), rChild, preds.rightInferredPredicates, rChild.getRowType());
-
-    if (leftPreds.isEmpty() && rightPreds.isEmpty()) {
+    RelNode lChild = join.getLeft();
+    RelNode rChild = join.getRight();
+
+    Set<String> leftPushedPredicates = Sets.newHashSet(registry.getPushedPredicates(join, 0));
+    List<RexNode> leftPreds = getValidPreds(join.getCluster(), lChild,
+            leftPushedPredicates, preds.leftInferredPredicates, lChild.getRowType());
+    Set<String> rightPushedPredicates = Sets.newHashSet(registry.getPushedPredicates(join, 1));
+    List<RexNode> rightPreds = getValidPreds(join.getCluster(), rChild,
+            rightPushedPredicates, preds.rightInferredPredicates, rChild.getRowType());
+
+    RexNode newLeftPredicate = RexUtil.composeConjunction(rB, leftPreds, false);
+    RexNode newRightPredicate = RexUtil.composeConjunction(rB, rightPreds, false);
+    if (newLeftPredicate.isAlwaysTrue() && newRightPredicate.isAlwaysTrue()) {
       return;
     }
 
-    if (leftPreds.size() > 0) {
+    if (!newLeftPredicate.isAlwaysTrue()) {
       RelNode curr = lChild;
-      lChild = filterFactory.createFilter(lChild, RexUtil.composeConjunction(rB, leftPreds, false));
+      lChild = filterFactory.createFilter(lChild, newLeftPredicate);
       call.getPlanner().onCopy(curr, lChild);
     }
 
-    if (rightPreds.size() > 0) {
+    if (!newRightPredicate.isAlwaysTrue()) {
       RelNode curr = rChild;
-      rChild = filterFactory.createFilter(rChild, RexUtil.composeConjunction(rB, rightPreds, false));
+      rChild = filterFactory.createFilter(rChild, newRightPredicate);
       call.getPlanner().onCopy(curr, rChild);
     }
 
@@ -107,16 +117,15 @@ public HiveJoinPushTransitivePredicatesRule(Class<? extends Join> clazz,
         lChild, rChild, join.getJoinType(), join.isSemiJoinDone());
     call.getPlanner().onCopy(join, newRel);
 
-    // We register new Join rel so we do not fire the rule on them again
-    if (registry != null) {
-      registry.registerVisited(this, newRel);
-    }
+    // Register information about pushed predicates
+    registry.getPushedPredicates(newRel, 0).addAll(leftPushedPredicates);
+    registry.getPushedPredicates(newRel, 1).addAll(rightPushedPredicates);
 
     call.transformTo(newRel);
   }
 
-  private ImmutableList<RexNode> getValidPreds(RelOptCluster cluster, RelNode rn,
-      List<RexNode> rexs, RelDataType rType) {
+  private ImmutableList<RexNode> getValidPreds(RelOptCluster cluster, RelNode child,
+      Set<String> predicatesToExclude, List<RexNode> rexs, RelDataType rType) {
     InputRefValidator validator = new InputRefValidator(rType.getFieldList());
     List<RexNode> valids = new ArrayList<RexNode>(rexs.size());
     for (RexNode rex : rexs) {
@@ -128,7 +137,11 @@ private ImmutableList<RexNode> getValidPreds(RelOptCluster cluster, RelNode rn,
       }
     }
 
-    return HiveCalciteUtil.getPredsNotPushedAlready(rn, valids);
+    // We need to filter i) those that have been pushed already as stored in the join,
+    // and ii) those that were already in the subtree rooted at child
+    ImmutableList<RexNode> toPush = HiveCalciteUtil.getPredsNotPushedAlready(predicatesToExclude,
+            child, valids);
+    return toPush;
   }
 
   private RexNode getTypeSafePred(RelOptCluster cluster, RexNode rex, RelDataType rType) {
diff --git a/ql/src/java/org/apache/hadoop/hive/ql/optimizer/calcite/rules/HivePreFilteringRule.java b/ql/src/java/org/apache/hadoop/hive/ql/optimizer/calcite/rules/HivePreFilteringRule.java
index d37fc0e08d..17fcc82d22 100644
--- a/ql/src/java/org/apache/hadoop/hive/ql/optimizer/calcite/rules/HivePreFilteringRule.java
+++ b/ql/src/java/org/apache/hadoop/hive/ql/optimizer/calcite/rules/HivePreFilteringRule.java
@@ -37,10 +37,10 @@
 import org.apache.calcite.rex.RexNode;
 import org.apache.calcite.rex.RexUtil;
 import org.apache.calcite.sql.SqlKind;
+import org.apache.hadoop.hive.ql.optimizer.calcite.HiveCalciteUtil;
 import org.apache.hadoop.hive.ql.optimizer.calcite.HiveRelFactories;
 import org.slf4j.Logger;
 import org.slf4j.LoggerFactory;
-import org.apache.hadoop.hive.ql.optimizer.calcite.HiveCalciteUtil;
 
 import com.google.common.collect.ImmutableList;
 import com.google.common.collect.LinkedHashMultimap;
@@ -169,13 +169,13 @@ public void onMatch(RelOptRuleCall call) {
     // 3. If the new conjuncts are already present in the plan, we bail out
     final List<RexNode> newConjuncts = HiveCalciteUtil.getPredsNotPushedAlready(filter.getInput(),
         operandsToPushDown);
-    if (newConjuncts.isEmpty()) {
+    RexNode newPredicate = RexUtil.composeConjunction(rexBuilder, newConjuncts, false);
+    if (newPredicate.isAlwaysTrue()) {
       return;
     }
 
     // 4. Otherwise, we create a new condition
-    final RexNode newChildFilterCondition = RexUtil.pullFactors(rexBuilder,
-        RexUtil.composeConjunction(rexBuilder, newConjuncts, false));
+    final RexNode newChildFilterCondition = RexUtil.pullFactors(rexBuilder, newPredicate);
 
     // 5. We create the new filter that might be pushed down
     RelNode newChildFilter = filterFactory.createFilter(filter.getInput(), newChildFilterCondition);
diff --git a/ql/src/java/org/apache/hadoop/hive/ql/optimizer/calcite/rules/HiveRulesRegistry.java b/ql/src/java/org/apache/hadoop/hive/ql/optimizer/calcite/rules/HiveRulesRegistry.java
index 18a065e87e..ff6cb757f2 100644
--- a/ql/src/java/org/apache/hadoop/hive/ql/optimizer/calcite/rules/HiveRulesRegistry.java
+++ b/ql/src/java/org/apache/hadoop/hive/ql/optimizer/calcite/rules/HiveRulesRegistry.java
@@ -22,23 +22,44 @@
 import org.apache.calcite.plan.RelOptRule;
 import org.apache.calcite.rel.RelNode;
 
+import com.google.common.collect.ArrayListMultimap;
 import com.google.common.collect.HashMultimap;
+import com.google.common.collect.ListMultimap;
 import com.google.common.collect.SetMultimap;
+import com.google.common.collect.Sets;
 
 public class HiveRulesRegistry {
 
-  private SetMultimap<RelOptRule, RelNode> registry;
+  private SetMultimap<RelOptRule, RelNode> registryVisited;
+  private ListMultimap<RelNode,Set<String>> registryPushedPredicates;
 
   public HiveRulesRegistry() {
-    this.registry = HashMultimap.create();
+    this.registryVisited = HashMultimap.create();
+    this.registryPushedPredicates = ArrayListMultimap.create();
   }
 
   public void registerVisited(RelOptRule rule, RelNode operator) {
-    this.registry.put(rule, operator);
+    this.registryVisited.put(rule, operator);
   }
 
   public Set<RelNode> getVisited(RelOptRule rule) {
-    return this.registry.get(rule);
+    return this.registryVisited.get(rule);
   }
 
+  public Set<String> getPushedPredicates(RelNode operator, int pos) {
+    if (!this.registryPushedPredicates.containsKey(operator)) {
+      for (int i = 0; i < operator.getInputs().size(); i++) {
+        this.registryPushedPredicates.get(operator).add(Sets.<String>newHashSet());
+      }
+    }
+    return this.registryPushedPredicates.get(operator).get(pos);
+  }
+
+  public void copyPushedPredicates(RelNode operator, RelNode otherOperator) {
+    if (this.registryPushedPredicates.containsKey(operator)) {
+      for (Set<String> s : this.registryPushedPredicates.get(operator)) {
+        this.registryPushedPredicates.put(otherOperator, Sets.newHashSet(s));
+      }
+    }
+  }
 }
diff --git a/ql/src/java/org/apache/hadoop/hive/ql/parse/CalcitePlanner.java b/ql/src/java/org/apache/hadoop/hive/ql/parse/CalcitePlanner.java
index 8cc37475cd..cc9dc23eed 100644
--- a/ql/src/java/org/apache/hadoop/hive/ql/parse/CalcitePlanner.java
+++ b/ql/src/java/org/apache/hadoop/hive/ql/parse/CalcitePlanner.java
@@ -59,7 +59,6 @@
 import org.apache.calcite.rel.core.Aggregate;
 import org.apache.calcite.rel.core.AggregateCall;
 import org.apache.calcite.rel.core.Filter;
-import org.apache.calcite.rel.core.Join;
 import org.apache.calcite.rel.core.JoinRelType;
 import org.apache.calcite.rel.metadata.CachingRelMetadataProvider;
 import org.apache.calcite.rel.metadata.ChainedRelMetadataProvider;
@@ -116,11 +115,10 @@
 import org.apache.hadoop.hive.ql.optimizer.calcite.CalciteSemanticException.UnsupportedFeature;
 import org.apache.hadoop.hive.ql.optimizer.calcite.HiveCalciteUtil;
 import org.apache.hadoop.hive.ql.optimizer.calcite.HiveDefaultRelMetadataProvider;
-import org.apache.hadoop.hive.ql.optimizer.calcite.HiveHepPlannerContext;
+import org.apache.hadoop.hive.ql.optimizer.calcite.HivePlannerContext;
 import org.apache.hadoop.hive.ql.optimizer.calcite.HiveRelFactories;
 import org.apache.hadoop.hive.ql.optimizer.calcite.HiveRexExecutorImpl;
 import org.apache.hadoop.hive.ql.optimizer.calcite.HiveTypeSystemImpl;
-import org.apache.hadoop.hive.ql.optimizer.calcite.HiveVolcanoPlannerContext;
 import org.apache.hadoop.hive.ql.optimizer.calcite.RelOptHiveTable;
 import org.apache.hadoop.hive.ql.optimizer.calcite.TraitsUtil;
 import org.apache.hadoop.hive.ql.optimizer.calcite.cost.HiveAlgorithmsConf;
@@ -857,7 +855,8 @@ public RelNode apply(RelOptCluster cluster, RelOptSchema relOptSchema, SchemaPlu
       final Double maxMemory = (double) HiveConf.getLongVar(
               conf, HiveConf.ConfVars.HIVECONVERTJOINNOCONDITIONALTASKTHRESHOLD);
       HiveAlgorithmsConf algorithmsConf = new HiveAlgorithmsConf(maxSplitSize, maxMemory);
-      HiveVolcanoPlannerContext confContext = new HiveVolcanoPlannerContext(algorithmsConf);
+      HiveRulesRegistry registry = new HiveRulesRegistry();
+      HivePlannerContext confContext = new HivePlannerContext(algorithmsConf, registry);
       RelOptPlanner planner = HiveVolcanoPlanner.createPlanner(confContext);
       final RelOptQuery query = new RelOptQuery(planner);
       final RexBuilder rexBuilder = cluster.getRexBuilder();
@@ -1072,34 +1071,28 @@ private RelNode applyPreJoinOrderingTransforms(RelNode basePlan, RelMetadataProv
       perfLogger.PerfLogEnd(this.getClass().getName(), PerfLogger.OPTIMIZER,
         "Calcite: Prejoin ordering transformation, factor out common filter elements and separating deterministic vs non-deterministic UDF");
 
-      // 3. PPD for old Join Syntax
-      // NOTE: PPD needs to run before adding not null filters in order to
-      // support old style join syntax (so that on-clauses will get filled up).
-      // TODO: Add in ReduceExpressionrules (Constant folding) to below once
-      // HIVE-11927 is fixed.
-      perfLogger.PerfLogBegin(this.getClass().getName(), PerfLogger.OPTIMIZER);
-      basePlan = hepPlan(basePlan, true, mdProvider, null, HiveFilterProjectTransposeRule.INSTANCE_DETERMINISTIC,
-          HiveFilterSetOpTransposeRule.INSTANCE, HiveFilterSortTransposeRule.INSTANCE, HiveFilterJoinRule.JOIN,
-          HiveFilterJoinRule.FILTER_ON_JOIN, new HiveFilterAggregateTransposeRule(Filter.class,
-              HiveRelFactories.HIVE_FILTER_FACTORY, Aggregate.class), new FilterMergeRule(
-              HiveRelFactories.HIVE_FILTER_FACTORY));
-      perfLogger.PerfLogEnd(this.getClass().getName(), PerfLogger.OPTIMIZER,
-        "Calcite: Prejoin ordering transformation, PPD for old join syntax");
-
-
-      // TODO: Transitive inference, constant prop & Predicate push down has to
-      // do multiple passes till no more inference is left
-      // Currently doing so would result in a spin. Just checking for if inferred
-      // pred is present below may not be sufficient as inferred & pushed pred
-      // could have been mutated by constant folding/prop
-      // 4. Transitive inference for join on clauses
+      // 3. Run exhaustive PPD, add not null filters, transitive inference, 
+      // constant propagation, constant folding
       perfLogger.PerfLogBegin(this.getClass().getName(), PerfLogger.OPTIMIZER);
-      basePlan = hepPlan(basePlan, true, mdProvider, null, new HiveJoinPushTransitivePredicatesRule(
-          Join.class, HiveRelFactories.HIVE_FILTER_FACTORY));
+      basePlan = hepPlan(basePlan, true, mdProvider, executorProvider, HepMatchOrder.BOTTOM_UP,
+          HiveFilterProjectTransposeRule.INSTANCE_DETERMINISTIC,
+          HiveFilterSetOpTransposeRule.INSTANCE,
+          HiveFilterSortTransposeRule.INSTANCE,
+          HiveFilterJoinRule.JOIN,
+          HiveFilterJoinRule.FILTER_ON_JOIN,
+          new HiveFilterAggregateTransposeRule(Filter.class, HiveRelFactories.HIVE_FILTER_FACTORY, Aggregate.class),
+          new FilterMergeRule(HiveRelFactories.HIVE_FILTER_FACTORY),
+          HiveJoinAddNotNullRule.INSTANCE_JOIN,
+          HiveJoinAddNotNullRule.INSTANCE_SEMIJOIN,
+          HiveJoinPushTransitivePredicatesRule.INSTANCE_JOIN,
+          HiveJoinPushTransitivePredicatesRule.INSTANCE_SEMIJOIN,
+          HiveReduceExpressionsRule.PROJECT_INSTANCE,
+          HiveReduceExpressionsRule.FILTER_INSTANCE,
+          HiveReduceExpressionsRule.JOIN_INSTANCE);
       perfLogger.PerfLogEnd(this.getClass().getName(), PerfLogger.OPTIMIZER,
-        "Calcite: Prejoin ordering transformation, Transitive inference for join on clauses");
+        "Calcite: Prejoin ordering transformation, PPD, not null predicates, transitive inference, constant folding");
 
-      // 5. Push down limit through outer join
+      // 4. Push down limit through outer join
       // NOTE: We run this after PPD to support old style join syntax.
       // Ex: select * from R1 left outer join R2 where ((R1.x=R2.x) and R1.y<10) or
       // ((R1.x=R2.x) and R1.z=10)) and rand(1) < 0.1 order by R1.x limit 10
@@ -1121,46 +1114,20 @@ HiveFilterJoinRule.FILTER_ON_JOIN, new HiveFilterAggregateTransposeRule(Filter.c
           "Calcite: Prejoin ordering transformation, Push down limit through outer join");
       }
 
-      // 6. Add not null filters
-      perfLogger.PerfLogBegin(this.getClass().getName(), PerfLogger.OPTIMIZER);
-      basePlan = hepPlan(basePlan, true, mdProvider, null, HiveJoinAddNotNullRule.INSTANCE);
-      perfLogger.PerfLogEnd(this.getClass().getName(), PerfLogger.OPTIMIZER,
-        "Calcite: Prejoin ordering transformation, Add not null filters");
-
-      // 7. Rerun Constant propagation and PPD now that we have added Not NULL filters & did transitive inference
-      // TODO: Add in ReduceExpressionrules (Constant folding) to below once
-      // HIVE-11927 is fixed.
-      perfLogger.PerfLogBegin(this.getClass().getName(), PerfLogger.OPTIMIZER);
-      basePlan = hepPlan(basePlan, true, mdProvider, null, HiveFilterProjectTransposeRule.INSTANCE_DETERMINISTIC,
-          HiveFilterSetOpTransposeRule.INSTANCE, HiveFilterSortTransposeRule.INSTANCE, HiveFilterJoinRule.JOIN,
-          HiveFilterJoinRule.FILTER_ON_JOIN, new HiveFilterAggregateTransposeRule(Filter.class,
-              HiveRelFactories.HIVE_FILTER_FACTORY, Aggregate.class), new FilterMergeRule(
-              HiveRelFactories.HIVE_FILTER_FACTORY));
-      perfLogger.PerfLogEnd(this.getClass().getName(), PerfLogger.OPTIMIZER,
-        "Calcite: Prejoin ordering transformation, Constant propagation and PPD");
-
-      // 8. Push Down Semi Joins
+      // 5. Push Down Semi Joins
       perfLogger.PerfLogBegin(this.getClass().getName(), PerfLogger.OPTIMIZER);
       basePlan = hepPlan(basePlan, true, mdProvider, null, SemiJoinJoinTransposeRule.INSTANCE,
           SemiJoinFilterTransposeRule.INSTANCE, SemiJoinProjectTransposeRule.INSTANCE);
       perfLogger.PerfLogEnd(this.getClass().getName(), PerfLogger.OPTIMIZER,
         "Calcite: Prejoin ordering transformation, Push Down Semi Joins");
 
-      // 9. Constant folding
-      perfLogger.PerfLogBegin(this.getClass().getName(), PerfLogger.OPTIMIZER);
-      basePlan = hepPlan(basePlan, true, mdProvider, executorProvider,
-          HiveReduceExpressionsRule.PROJECT_INSTANCE, HiveReduceExpressionsRule.FILTER_INSTANCE,
-          HiveReduceExpressionsRule.JOIN_INSTANCE);
-      perfLogger.PerfLogEnd(this.getClass().getName(), PerfLogger.OPTIMIZER,
-          "Calcite: Prejoin ordering transformation, Constant folding");
-
-      // 10. Apply Partition Pruning
+      // 6. Apply Partition Pruning
       perfLogger.PerfLogBegin(this.getClass().getName(), PerfLogger.OPTIMIZER);
       basePlan = hepPlan(basePlan, false, mdProvider, null, new HivePartitionPruneRule(conf));
       perfLogger.PerfLogEnd(this.getClass().getName(), PerfLogger.OPTIMIZER,
         "Calcite: Prejoin ordering transformation, Partition Pruning");
 
-      // 11. Projection Pruning (this introduces select above TS & hence needs to be run last due to PP)
+      // 7. Projection Pruning (this introduces select above TS & hence needs to be run last due to PP)
       perfLogger.PerfLogBegin(this.getClass().getName(), PerfLogger.OPTIMIZER);
       HiveRelFieldTrimmer fieldTrimmer = new HiveRelFieldTrimmer(null,
           HiveRelFactories.HIVE_BUILDER.create(cluster, null));
@@ -1168,14 +1135,14 @@ HiveFilterJoinRule.FILTER_ON_JOIN, new HiveFilterAggregateTransposeRule(Filter.c
       perfLogger.PerfLogEnd(this.getClass().getName(), PerfLogger.OPTIMIZER,
         "Calcite: Prejoin ordering transformation, Projection Pruning");
 
-      // 12. Merge Project-Project if possible
+      // 8. Merge Project-Project if possible
       perfLogger.PerfLogBegin(this.getClass().getName(), PerfLogger.OPTIMIZER);
       basePlan = hepPlan(basePlan, false, mdProvider, null, new ProjectMergeRule(true,
           HiveRelFactories.HIVE_PROJECT_FACTORY));
       perfLogger.PerfLogEnd(this.getClass().getName(), PerfLogger.OPTIMIZER,
         "Calcite: Prejoin ordering transformation, Merge Project-Project");
 
-      // 13. Rerun PPD through Project as column pruning would have introduced
+      // 9. Rerun PPD through Project as column pruning would have introduced
       // DT above scans; By pushing filter just above TS, Hive can push it into
       // storage (incase there are filters on non partition cols). This only
       // matches FIL-PROJ-TS
@@ -1231,9 +1198,9 @@ private RelNode hepPlan(RelNode basePlan, boolean followPlanChanges,
           programBuilder.addRuleInstance(r);
       }
 
-      HiveRulesRegistry registry = new HiveRulesRegistry();
-      HiveHepPlannerContext context = new HiveHepPlannerContext(registry);
-      HepPlanner planner = new HepPlanner(programBuilder.build(), context);
+      // Create planner and copy context
+      HepPlanner planner = new HepPlanner(programBuilder.build(),
+              basePlan.getCluster().getPlanner().getContext());
 
       List<RelMetadataProvider> list = Lists.newArrayList();
       list.add(mdProvider);
diff --git a/ql/src/test/org/apache/hadoop/hive/ql/optimizer/calcite/TestCBORuleFiredOnlyOnce.java b/ql/src/test/org/apache/hadoop/hive/ql/optimizer/calcite/TestCBORuleFiredOnlyOnce.java
index f1d8d1de00..44e157b795 100644
--- a/ql/src/test/org/apache/hadoop/hive/ql/optimizer/calcite/TestCBORuleFiredOnlyOnce.java
+++ b/ql/src/test/org/apache/hadoop/hive/ql/optimizer/calcite/TestCBORuleFiredOnlyOnce.java
@@ -61,7 +61,7 @@ public void testRuleFiredOnlyOnce() {
 
     // Create rules registry to not trigger a rule more than once
     HiveRulesRegistry registry = new HiveRulesRegistry();
-    HiveHepPlannerContext context = new HiveHepPlannerContext(registry);
+    HivePlannerContext context = new HivePlannerContext(null, registry);
     HepPlanner planner = new HepPlanner(programBuilder.build(), context);
 
     // Cluster
diff --git a/ql/src/test/results/clientpositive/annotate_stats_join.q.out b/ql/src/test/results/clientpositive/annotate_stats_join.q.out
index 7fc754d571..9073dc271e 100644
--- a/ql/src/test/results/clientpositive/annotate_stats_join.q.out
+++ b/ql/src/test/results/clientpositive/annotate_stats_join.q.out
@@ -237,7 +237,7 @@ STAGE PLANS:
             alias: emp
             Statistics: Num rows: 48 Data size: 4752 Basic stats: COMPLETE Column stats: COMPLETE
             Filter Operator
-              predicate: (deptid is not null and lastname is not null) (type: boolean)
+              predicate: (lastname is not null and deptid is not null) (type: boolean)
               Statistics: Num rows: 48 Data size: 4752 Basic stats: COMPLETE Column stats: COMPLETE
               Select Operator
                 expressions: lastname (type: string), deptid (type: int), locid (type: int)
@@ -253,7 +253,7 @@ STAGE PLANS:
             alias: dept
             Statistics: Num rows: 6 Data size: 570 Basic stats: COMPLETE Column stats: COMPLETE
             Filter Operator
-              predicate: (deptname is not null and deptid is not null) (type: boolean)
+              predicate: (deptid is not null and deptname is not null) (type: boolean)
               Statistics: Num rows: 6 Data size: 570 Basic stats: COMPLETE Column stats: COMPLETE
               Select Operator
                 expressions: deptid (type: int), deptname (type: string)
@@ -303,7 +303,7 @@ STAGE PLANS:
             alias: e
             Statistics: Num rows: 48 Data size: 4752 Basic stats: COMPLETE Column stats: COMPLETE
             Filter Operator
-              predicate: (deptid is not null and lastname is not null) (type: boolean)
+              predicate: (lastname is not null and deptid is not null) (type: boolean)
               Statistics: Num rows: 48 Data size: 4752 Basic stats: COMPLETE Column stats: COMPLETE
               Select Operator
                 expressions: lastname (type: string), deptid (type: int), locid (type: int)
@@ -319,7 +319,7 @@ STAGE PLANS:
             alias: d
             Statistics: Num rows: 6 Data size: 570 Basic stats: COMPLETE Column stats: COMPLETE
             Filter Operator
-              predicate: (deptname is not null and deptid is not null) (type: boolean)
+              predicate: (deptid is not null and deptname is not null) (type: boolean)
               Statistics: Num rows: 6 Data size: 570 Basic stats: COMPLETE Column stats: COMPLETE
               Select Operator
                 expressions: deptid (type: int), deptname (type: string)
@@ -373,7 +373,7 @@ STAGE PLANS:
             alias: emp
             Statistics: Num rows: 48 Data size: 4752 Basic stats: COMPLETE Column stats: COMPLETE
             Filter Operator
-              predicate: (deptid is not null and lastname is not null) (type: boolean)
+              predicate: (lastname is not null and deptid is not null) (type: boolean)
               Statistics: Num rows: 48 Data size: 4752 Basic stats: COMPLETE Column stats: COMPLETE
               Select Operator
                 expressions: lastname (type: string), deptid (type: int), locid (type: int)
@@ -389,7 +389,7 @@ STAGE PLANS:
             alias: dept
             Statistics: Num rows: 6 Data size: 570 Basic stats: COMPLETE Column stats: COMPLETE
             Filter Operator
-              predicate: (deptname is not null and deptid is not null) (type: boolean)
+              predicate: (deptid is not null and deptname is not null) (type: boolean)
               Statistics: Num rows: 6 Data size: 570 Basic stats: COMPLETE Column stats: COMPLETE
               Select Operator
                 expressions: deptid (type: int), deptname (type: string)
@@ -619,7 +619,7 @@ STAGE PLANS:
             alias: e
             Statistics: Num rows: 48 Data size: 4752 Basic stats: COMPLETE Column stats: COMPLETE
             Filter Operator
-              predicate: (deptid is not null and lastname is not null) (type: boolean)
+              predicate: (lastname is not null and deptid is not null) (type: boolean)
               Statistics: Num rows: 48 Data size: 4752 Basic stats: COMPLETE Column stats: COMPLETE
               Select Operator
                 expressions: lastname (type: string), deptid (type: int), locid (type: int)
@@ -635,7 +635,7 @@ STAGE PLANS:
             alias: d
             Statistics: Num rows: 6 Data size: 570 Basic stats: COMPLETE Column stats: COMPLETE
             Filter Operator
-              predicate: (deptname is not null and deptid is not null) (type: boolean)
+              predicate: (deptid is not null and deptname is not null) (type: boolean)
               Statistics: Num rows: 6 Data size: 570 Basic stats: COMPLETE Column stats: COMPLETE
               Select Operator
                 expressions: deptid (type: int), deptname (type: string)
@@ -650,7 +650,7 @@ STAGE PLANS:
             alias: l
             Statistics: Num rows: 8 Data size: 804 Basic stats: COMPLETE Column stats: COMPLETE
             Filter Operator
-              predicate: (locid is not null and state is not null) (type: boolean)
+              predicate: (state is not null and locid is not null) (type: boolean)
               Statistics: Num rows: 8 Data size: 804 Basic stats: COMPLETE Column stats: COMPLETE
               Select Operator
                 expressions: state (type: string), locid (type: int), zip (type: bigint), year (type: int)
diff --git a/ql/src/test/results/clientpositive/annotate_stats_join_pkfk.q.out b/ql/src/test/results/clientpositive/annotate_stats_join_pkfk.q.out
index f13643e8db..26656e2137 100644
--- a/ql/src/test/results/clientpositive/annotate_stats_join_pkfk.q.out
+++ b/ql/src/test/results/clientpositive/annotate_stats_join_pkfk.q.out
@@ -406,7 +406,7 @@ STAGE PLANS:
             alias: s
             Statistics: Num rows: 12 Data size: 48 Basic stats: COMPLETE Column stats: PARTIAL
             Filter Operator
-              predicate: ((s_company_id > 0) and s_store_sk is not null) (type: boolean)
+              predicate: (s_store_sk is not null and (s_company_id > 0)) (type: boolean)
               Statistics: Num rows: 4 Data size: 16 Basic stats: COMPLETE Column stats: PARTIAL
               Select Operator
                 expressions: s_store_sk (type: int)
@@ -471,7 +471,7 @@ STAGE PLANS:
             alias: s
             Statistics: Num rows: 12 Data size: 96 Basic stats: COMPLETE Column stats: COMPLETE
             Filter Operator
-              predicate: ((s_floor_space > 0) and s_store_sk is not null) (type: boolean)
+              predicate: (s_store_sk is not null and (s_floor_space > 0)) (type: boolean)
               Statistics: Num rows: 4 Data size: 32 Basic stats: COMPLETE Column stats: COMPLETE
               Select Operator
                 expressions: s_store_sk (type: int)
@@ -788,7 +788,7 @@ STAGE PLANS:
             alias: s
             Statistics: Num rows: 12 Data size: 96 Basic stats: COMPLETE Column stats: COMPLETE
             Filter Operator
-              predicate: ((s_floor_space > 1000) and s_store_sk is not null) (type: boolean)
+              predicate: (s_store_sk is not null and (s_floor_space > 1000)) (type: boolean)
               Statistics: Num rows: 4 Data size: 32 Basic stats: COMPLETE Column stats: COMPLETE
               Select Operator
                 expressions: s_store_sk (type: int)
diff --git a/ql/src/test/results/clientpositive/auto_join12.q.out b/ql/src/test/results/clientpositive/auto_join12.q.out
index 8ef3664764..27858e7b5a 100644
--- a/ql/src/test/results/clientpositive/auto_join12.q.out
+++ b/ql/src/test/results/clientpositive/auto_join12.q.out
@@ -76,12 +76,12 @@ STAGE PLANS:
             alias: src
             Statistics: Num rows: 500 Data size: 5312 Basic stats: COMPLETE Column stats: NONE
             Filter Operator
-              predicate: (UDFToDouble(key) < 100.0) (type: boolean)
-              Statistics: Num rows: 166 Data size: 1763 Basic stats: COMPLETE Column stats: NONE
+              predicate: ((UDFToDouble(key) < 100.0) and (UDFToDouble(key) < 80.0)) (type: boolean)
+              Statistics: Num rows: 55 Data size: 584 Basic stats: COMPLETE Column stats: NONE
               Select Operator
                 expressions: key (type: string), value (type: string)
                 outputColumnNames: _col0, _col1
-                Statistics: Num rows: 166 Data size: 1763 Basic stats: COMPLETE Column stats: NONE
+                Statistics: Num rows: 55 Data size: 584 Basic stats: COMPLETE Column stats: NONE
                 Map Join Operator
                   condition map:
                        Inner Join 0 to 1
@@ -91,11 +91,11 @@ STAGE PLANS:
                     1 _col0 (type: string)
                     2 _col0 (type: string)
                   outputColumnNames: _col0, _col3
-                  Statistics: Num rows: 365 Data size: 3878 Basic stats: COMPLETE Column stats: NONE
+                  Statistics: Num rows: 121 Data size: 1284 Basic stats: COMPLETE Column stats: NONE
                   Select Operator
                     expressions: hash(_col0,_col3) (type: int)
                     outputColumnNames: _col0
-                    Statistics: Num rows: 365 Data size: 3878 Basic stats: COMPLETE Column stats: NONE
+                    Statistics: Num rows: 121 Data size: 1284 Basic stats: COMPLETE Column stats: NONE
                     Group By Operator
                       aggregations: sum(_col0)
                       mode: hash
diff --git a/ql/src/test/results/clientpositive/auto_join16.q.out b/ql/src/test/results/clientpositive/auto_join16.q.out
index c1da6d2968..9a36f96b4c 100644
--- a/ql/src/test/results/clientpositive/auto_join16.q.out
+++ b/ql/src/test/results/clientpositive/auto_join16.q.out
@@ -50,7 +50,7 @@ STAGE PLANS:
             alias: a
             Statistics: Num rows: 500 Data size: 5312 Basic stats: COMPLETE Column stats: NONE
             Filter Operator
-              predicate: (((UDFToDouble(value) < 200.0) and (UDFToDouble(key) > 20.0)) and (UDFToDouble(key) > 10.0)) (type: boolean)
+              predicate: (((UDFToDouble(key) > 10.0) and (UDFToDouble(key) > 20.0)) and (UDFToDouble(value) < 200.0)) (type: boolean)
               Statistics: Num rows: 18 Data size: 191 Basic stats: COMPLETE Column stats: NONE
               Select Operator
                 expressions: key (type: string), value (type: string)
diff --git a/ql/src/test/results/clientpositive/auto_join32.q.out b/ql/src/test/results/clientpositive/auto_join32.q.out
index 9b32047e89..17192cbc91 100644
--- a/ql/src/test/results/clientpositive/auto_join32.q.out
+++ b/ql/src/test/results/clientpositive/auto_join32.q.out
@@ -412,7 +412,7 @@ STAGE PLANS:
             alias: s
             Statistics: Num rows: 1 Data size: 0 Basic stats: PARTIAL Column stats: NONE
             Filter Operator
-              predicate: ((p = 'bar') and name is not null) (type: boolean)
+              predicate: (name is not null and (p = 'bar')) (type: boolean)
               Statistics: Num rows: 1 Data size: 0 Basic stats: PARTIAL Column stats: NONE
               Select Operator
                 expressions: name (type: string)
diff --git a/ql/src/test/results/clientpositive/auto_join_without_localtask.q.out b/ql/src/test/results/clientpositive/auto_join_without_localtask.q.out
index d40b1655e2..1521a714bb 100644
--- a/ql/src/test/results/clientpositive/auto_join_without_localtask.q.out
+++ b/ql/src/test/results/clientpositive/auto_join_without_localtask.q.out
@@ -704,7 +704,7 @@ STAGE PLANS:
             alias: a
             Statistics: Num rows: 500 Data size: 5312 Basic stats: COMPLETE Column stats: NONE
             Filter Operator
-              predicate: ((UDFToDouble(key) > 100.0) and value is not null) (type: boolean)
+              predicate: (value is not null and (UDFToDouble(key) > 100.0)) (type: boolean)
               Statistics: Num rows: 166 Data size: 1763 Basic stats: COMPLETE Column stats: NONE
               Select Operator
                 expressions: key (type: string), value (type: string)
@@ -889,7 +889,7 @@ STAGE PLANS:
             alias: a
             Statistics: Num rows: 500 Data size: 5312 Basic stats: COMPLETE Column stats: NONE
             Filter Operator
-              predicate: ((UDFToDouble(key) > 100.0) and value is not null) (type: boolean)
+              predicate: (value is not null and (UDFToDouble(key) > 100.0)) (type: boolean)
               Statistics: Num rows: 166 Data size: 1763 Basic stats: COMPLETE Column stats: NONE
               Select Operator
                 expressions: key (type: string), value (type: string)
@@ -937,7 +937,7 @@ STAGE PLANS:
             alias: a
             Statistics: Num rows: 500 Data size: 5312 Basic stats: COMPLETE Column stats: NONE
             Filter Operator
-              predicate: ((UDFToDouble(key) > 100.0) and value is not null) (type: boolean)
+              predicate: (value is not null and (UDFToDouble(key) > 100.0)) (type: boolean)
               Statistics: Num rows: 166 Data size: 1763 Basic stats: COMPLETE Column stats: NONE
               Select Operator
                 expressions: key (type: string), value (type: string)
diff --git a/ql/src/test/results/clientpositive/bucketsortoptimize_insert_6.q.out b/ql/src/test/results/clientpositive/bucketsortoptimize_insert_6.q.out
index a7ad04c720..fe32f451ff 100644
--- a/ql/src/test/results/clientpositive/bucketsortoptimize_insert_6.q.out
+++ b/ql/src/test/results/clientpositive/bucketsortoptimize_insert_6.q.out
@@ -85,7 +85,7 @@ STAGE PLANS:
             alias: a
             Statistics: Num rows: 10 Data size: 91 Basic stats: COMPLETE Column stats: NONE
             Filter Operator
-              predicate: (key2 is not null and key is not null) (type: boolean)
+              predicate: (key is not null and key2 is not null) (type: boolean)
               Statistics: Num rows: 10 Data size: 91 Basic stats: COMPLETE Column stats: NONE
               Select Operator
                 expressions: key (type: int), key2 (type: int), value (type: string)
@@ -224,7 +224,7 @@ STAGE PLANS:
             alias: a
             Statistics: Num rows: 10 Data size: 91 Basic stats: COMPLETE Column stats: NONE
             Filter Operator
-              predicate: (key2 is not null and key is not null) (type: boolean)
+              predicate: (key is not null and key2 is not null) (type: boolean)
               Statistics: Num rows: 10 Data size: 91 Basic stats: COMPLETE Column stats: NONE
               Select Operator
                 expressions: key (type: int), key2 (type: int), value (type: string)
@@ -376,7 +376,7 @@ STAGE PLANS:
             alias: b
             Statistics: Num rows: 84 Data size: 979 Basic stats: COMPLETE Column stats: NONE
             Filter Operator
-              predicate: (key2 is not null and key is not null) (type: boolean)
+              predicate: (key is not null and key2 is not null) (type: boolean)
               Statistics: Num rows: 84 Data size: 979 Basic stats: COMPLETE Column stats: NONE
               Select Operator
                 expressions: key (type: int), key2 (type: int), value (type: string)
@@ -394,7 +394,7 @@ STAGE PLANS:
             alias: a
             Statistics: Num rows: 10 Data size: 91 Basic stats: COMPLETE Column stats: NONE
             Filter Operator
-              predicate: (key2 is not null and key is not null) (type: boolean)
+              predicate: (key is not null and key2 is not null) (type: boolean)
               Statistics: Num rows: 10 Data size: 91 Basic stats: COMPLETE Column stats: NONE
               Select Operator
                 expressions: key (type: int), key2 (type: int), value (type: string)
@@ -456,7 +456,7 @@ STAGE PLANS:
             alias: a
             Statistics: Num rows: 10 Data size: 91 Basic stats: COMPLETE Column stats: NONE
             Filter Operator
-              predicate: (key2 is not null and key is not null) (type: boolean)
+              predicate: (key is not null and key2 is not null) (type: boolean)
               Statistics: Num rows: 10 Data size: 91 Basic stats: COMPLETE Column stats: NONE
               Select Operator
                 expressions: key (type: int), key2 (type: int), value (type: string)
@@ -474,7 +474,7 @@ STAGE PLANS:
             alias: b
             Statistics: Num rows: 84 Data size: 979 Basic stats: COMPLETE Column stats: NONE
             Filter Operator
-              predicate: (key2 is not null and key is not null) (type: boolean)
+              predicate: (key is not null and key2 is not null) (type: boolean)
               Statistics: Num rows: 84 Data size: 979 Basic stats: COMPLETE Column stats: NONE
               Select Operator
                 expressions: key (type: int), key2 (type: int), value (type: string)
@@ -516,7 +516,7 @@ STAGE PLANS:
             alias: a
             Statistics: Num rows: 10 Data size: 91 Basic stats: COMPLETE Column stats: NONE
             Filter Operator
-              predicate: (key2 is not null and key is not null) (type: boolean)
+              predicate: (key is not null and key2 is not null) (type: boolean)
               Statistics: Num rows: 10 Data size: 91 Basic stats: COMPLETE Column stats: NONE
               Select Operator
                 expressions: key (type: int), key2 (type: int), value (type: string)
@@ -597,7 +597,7 @@ STAGE PLANS:
             alias: b
             Statistics: Num rows: 84 Data size: 979 Basic stats: COMPLETE Column stats: NONE
             Filter Operator
-              predicate: (key2 is not null and key is not null) (type: boolean)
+              predicate: (key is not null and key2 is not null) (type: boolean)
               Statistics: Num rows: 84 Data size: 979 Basic stats: COMPLETE Column stats: NONE
               Select Operator
                 expressions: key (type: int), key2 (type: int), value (type: string)
@@ -615,7 +615,7 @@ STAGE PLANS:
             alias: a
             Statistics: Num rows: 10 Data size: 91 Basic stats: COMPLETE Column stats: NONE
             Filter Operator
-              predicate: (key2 is not null and key is not null) (type: boolean)
+              predicate: (key is not null and key2 is not null) (type: boolean)
               Statistics: Num rows: 10 Data size: 91 Basic stats: COMPLETE Column stats: NONE
               Select Operator
                 expressions: key (type: int), key2 (type: int), value (type: string)
@@ -677,7 +677,7 @@ STAGE PLANS:
             alias: a
             Statistics: Num rows: 10 Data size: 91 Basic stats: COMPLETE Column stats: NONE
             Filter Operator
-              predicate: (key2 is not null and key is not null) (type: boolean)
+              predicate: (key is not null and key2 is not null) (type: boolean)
               Statistics: Num rows: 10 Data size: 91 Basic stats: COMPLETE Column stats: NONE
               Select Operator
                 expressions: key (type: int), key2 (type: int), value (type: string)
@@ -695,7 +695,7 @@ STAGE PLANS:
             alias: b
             Statistics: Num rows: 84 Data size: 979 Basic stats: COMPLETE Column stats: NONE
             Filter Operator
-              predicate: (key2 is not null and key is not null) (type: boolean)
+              predicate: (key is not null and key2 is not null) (type: boolean)
               Statistics: Num rows: 84 Data size: 979 Basic stats: COMPLETE Column stats: NONE
               Select Operator
                 expressions: key (type: int), key2 (type: int), value (type: string)
@@ -737,7 +737,7 @@ STAGE PLANS:
             alias: a
             Statistics: Num rows: 10 Data size: 91 Basic stats: COMPLETE Column stats: NONE
             Filter Operator
-              predicate: (key2 is not null and key is not null) (type: boolean)
+              predicate: (key is not null and key2 is not null) (type: boolean)
               Statistics: Num rows: 10 Data size: 91 Basic stats: COMPLETE Column stats: NONE
               Select Operator
                 expressions: key (type: int), key2 (type: int), value (type: string)
@@ -811,7 +811,7 @@ STAGE PLANS:
             alias: a
             Statistics: Num rows: 10 Data size: 91 Basic stats: COMPLETE Column stats: NONE
             Filter Operator
-              predicate: (key2 is not null and key is not null) (type: boolean)
+              predicate: (key is not null and key2 is not null) (type: boolean)
               Statistics: Num rows: 10 Data size: 91 Basic stats: COMPLETE Column stats: NONE
               Select Operator
                 expressions: key (type: int), key2 (type: int), value (type: string)
@@ -968,7 +968,7 @@ STAGE PLANS:
             alias: a
             Statistics: Num rows: 10 Data size: 91 Basic stats: COMPLETE Column stats: NONE
             Filter Operator
-              predicate: (key2 is not null and key is not null) (type: boolean)
+              predicate: (key is not null and key2 is not null) (type: boolean)
               Statistics: Num rows: 10 Data size: 91 Basic stats: COMPLETE Column stats: NONE
               Select Operator
                 expressions: key (type: int), key2 (type: int), value (type: string)
@@ -1148,7 +1148,7 @@ STAGE PLANS:
             alias: b
             Statistics: Num rows: 84 Data size: 979 Basic stats: COMPLETE Column stats: NONE
             Filter Operator
-              predicate: (key2 is not null and key is not null) (type: boolean)
+              predicate: (key is not null and key2 is not null) (type: boolean)
               Statistics: Num rows: 84 Data size: 979 Basic stats: COMPLETE Column stats: NONE
               Select Operator
                 expressions: key (type: int), key2 (type: int), value (type: string)
@@ -1166,7 +1166,7 @@ STAGE PLANS:
             alias: a
             Statistics: Num rows: 10 Data size: 91 Basic stats: COMPLETE Column stats: NONE
             Filter Operator
-              predicate: (key2 is not null and key is not null) (type: boolean)
+              predicate: (key is not null and key2 is not null) (type: boolean)
               Statistics: Num rows: 10 Data size: 91 Basic stats: COMPLETE Column stats: NONE
               Select Operator
                 expressions: key (type: int), key2 (type: int), value (type: string)
@@ -1228,7 +1228,7 @@ STAGE PLANS:
             alias: a
             Statistics: Num rows: 10 Data size: 91 Basic stats: COMPLETE Column stats: NONE
             Filter Operator
-              predicate: (key2 is not null and key is not null) (type: boolean)
+              predicate: (key is not null and key2 is not null) (type: boolean)
               Statistics: Num rows: 10 Data size: 91 Basic stats: COMPLETE Column stats: NONE
               Select Operator
                 expressions: key (type: int), key2 (type: int), value (type: string)
@@ -1246,7 +1246,7 @@ STAGE PLANS:
             alias: b
             Statistics: Num rows: 84 Data size: 979 Basic stats: COMPLETE Column stats: NONE
             Filter Operator
-              predicate: (key2 is not null and key is not null) (type: boolean)
+              predicate: (key is not null and key2 is not null) (type: boolean)
               Statistics: Num rows: 84 Data size: 979 Basic stats: COMPLETE Column stats: NONE
               Select Operator
                 expressions: key (type: int), key2 (type: int), value (type: string)
@@ -1288,7 +1288,7 @@ STAGE PLANS:
             alias: a
             Statistics: Num rows: 10 Data size: 91 Basic stats: COMPLETE Column stats: NONE
             Filter Operator
-              predicate: (key2 is not null and key is not null) (type: boolean)
+              predicate: (key is not null and key2 is not null) (type: boolean)
               Statistics: Num rows: 10 Data size: 91 Basic stats: COMPLETE Column stats: NONE
               Select Operator
                 expressions: key (type: int), key2 (type: int), value (type: string)
diff --git a/ql/src/test/results/clientpositive/bucketsortoptimize_insert_7.q.out b/ql/src/test/results/clientpositive/bucketsortoptimize_insert_7.q.out
index fa73acf3bf..b5dfce3628 100644
--- a/ql/src/test/results/clientpositive/bucketsortoptimize_insert_7.q.out
+++ b/ql/src/test/results/clientpositive/bucketsortoptimize_insert_7.q.out
@@ -85,7 +85,7 @@ STAGE PLANS:
             alias: a
             Statistics: Num rows: 10 Data size: 70 Basic stats: COMPLETE Column stats: NONE
             Filter Operator
-              predicate: (((key = 0) or (key = 5)) and key is not null) (type: boolean)
+              predicate: (key is not null and ((key = 0) or (key = 5))) (type: boolean)
               Statistics: Num rows: 10 Data size: 70 Basic stats: COMPLETE Column stats: NONE
               Select Operator
                 expressions: key (type: int), value (type: string)
diff --git a/ql/src/test/results/clientpositive/cbo_const.q.out b/ql/src/test/results/clientpositive/cbo_const.q.out
index adc5232a67..d6682ca249 100644
--- a/ql/src/test/results/clientpositive/cbo_const.q.out
+++ b/ql/src/test/results/clientpositive/cbo_const.q.out
@@ -294,7 +294,7 @@ STAGE PLANS:
             alias: z
             Statistics: Num rows: 1 Data size: 0 Basic stats: PARTIAL Column stats: NONE
             Filter Operator
-              predicate: (((UDFToDouble(hr) = 14.0) and (ds = '2008-04-08')) and value is not null) (type: boolean)
+              predicate: (((ds = '2008-04-08') and (UDFToDouble(hr) = 14.0)) and value is not null) (type: boolean)
               Statistics: Num rows: 1 Data size: 0 Basic stats: PARTIAL Column stats: NONE
               Select Operator
                 expressions: value (type: string)
diff --git a/ql/src/test/results/clientpositive/cbo_rp_lineage2.q.out b/ql/src/test/results/clientpositive/cbo_rp_lineage2.q.out
index 1b2a2ab1af..d4bc93c598 100644
--- a/ql/src/test/results/clientpositive/cbo_rp_lineage2.q.out
+++ b/ql/src/test/results/clientpositive/cbo_rp_lineage2.q.out
@@ -523,7 +523,7 @@ PREHOOK: Input: default@src1
 PREHOOK: Input: default@src2
 PREHOOK: Output: database:default
 PREHOOK: Output: default@dest3
-{"version":"1.0","engine":"mr","database":"default","hash":"a2c4e9a3ec678039814f5d84b1e38ce4","queryText":"create table dest3 as\n  select * from src1 JOIN src2 ON src1.key = src2.key2 WHERE length(key) > 1","edges":[{"sources":[4],"targets":[0],"edgeType":"PROJECTION"},{"sources":[5],"targets":[1],"edgeType":"PROJECTION"},{"sources":[6],"targets":[2],"edgeType":"PROJECTION"},{"sources":[7],"targets":[3],"edgeType":"PROJECTION"},{"sources":[4],"targets":[0,1,2,3],"expression":"((length(src1.key) > 1) and src1.key is not null)","edgeType":"PREDICATE"},{"sources":[4,6],"targets":[0,1,2,3],"expression":"(src1.key = src2.key2)","edgeType":"PREDICATE"},{"sources":[6],"targets":[0,1,2,3],"expression":"((length(src2.key2) > 1) and src2.key2 is not null)","edgeType":"PREDICATE"}],"vertices":[{"id":0,"vertexType":"COLUMN","vertexId":"default.dest3.key"},{"id":1,"vertexType":"COLUMN","vertexId":"default.dest3.value"},{"id":2,"vertexType":"COLUMN","vertexId":"default.dest3.key2"},{"id":3,"vertexType":"COLUMN","vertexId":"default.dest3.value2"},{"id":4,"vertexType":"COLUMN","vertexId":"default.src1.key"},{"id":5,"vertexType":"COLUMN","vertexId":"default.src1.value"},{"id":6,"vertexType":"COLUMN","vertexId":"default.src2.key2"},{"id":7,"vertexType":"COLUMN","vertexId":"default.src2.value2"}]}
+{"version":"1.0","engine":"mr","database":"default","hash":"a2c4e9a3ec678039814f5d84b1e38ce4","queryText":"create table dest3 as\n  select * from src1 JOIN src2 ON src1.key = src2.key2 WHERE length(key) > 1","edges":[{"sources":[4],"targets":[0],"edgeType":"PROJECTION"},{"sources":[5],"targets":[1],"edgeType":"PROJECTION"},{"sources":[6],"targets":[2],"edgeType":"PROJECTION"},{"sources":[7],"targets":[3],"edgeType":"PROJECTION"},{"sources":[4],"targets":[0,1,2,3],"expression":"(src1.key is not null and (length(src1.key) > 1))","edgeType":"PREDICATE"},{"sources":[4,6],"targets":[0,1,2,3],"expression":"(src1.key = src2.key2)","edgeType":"PREDICATE"},{"sources":[6],"targets":[0,1,2,3],"expression":"(src2.key2 is not null and (length(src2.key2) > 1))","edgeType":"PREDICATE"}],"vertices":[{"id":0,"vertexType":"COLUMN","vertexId":"default.dest3.key"},{"id":1,"vertexType":"COLUMN","vertexId":"default.dest3.value"},{"id":2,"vertexType":"COLUMN","vertexId":"default.dest3.key2"},{"id":3,"vertexType":"COLUMN","vertexId":"default.dest3.value2"},{"id":4,"vertexType":"COLUMN","vertexId":"default.src1.key"},{"id":5,"vertexType":"COLUMN","vertexId":"default.src1.value"},{"id":6,"vertexType":"COLUMN","vertexId":"default.src2.key2"},{"id":7,"vertexType":"COLUMN","vertexId":"default.src2.value2"}]}
 PREHOOK: query: insert overwrite table dest2
   select * from src1 JOIN src2 ON src1.key = src2.key2 WHERE length(key) > 3
 PREHOOK: type: QUERY
@@ -593,7 +593,7 @@ PREHOOK: Input: default@dept
 PREHOOK: Input: default@emp
 PREHOOK: Input: default@project
 PREHOOK: Output: default@tgt
-{"version":"1.0","engine":"mr","database":"default","hash":"f59797e0422d2e51515063374dfac361","queryText":"INSERT INTO TABLE tgt\nSELECT emd.dept_name, emd.name, emd.emp_id, emd.mgr_id, p.project_id, p.project_name\nFROM (\n  SELECT d.dept_name, em.name, em.emp_id, em.mgr_id, em.dept_id\n  FROM (\n    SELECT e.name, e.dept_id, e.emp_id emp_id, m.emp_id mgr_id\n    FROM emp e JOIN emp m ON e.emp_id = m.emp_id\n    ) em\n  JOIN dept d ON d.dept_id = em.dept_id\n  ) emd JOIN project p ON emd.dept_id = p.project_id","edges":[{"sources":[6],"targets":[0],"edgeType":"PROJECTION"},{"sources":[7],"targets":[1],"edgeType":"PROJECTION"},{"sources":[8],"targets":[2,3],"edgeType":"PROJECTION"},{"sources":[9],"targets":[4],"edgeType":"PROJECTION"},{"sources":[10],"targets":[5],"edgeType":"PROJECTION"},{"sources":[8,11],"targets":[0,1,2,3,4,5],"expression":"(e.emp_id is not null and e.dept_id is not null)","edgeType":"PREDICATE"},{"sources":[8],"targets":[0,1,2,3,4,5],"expression":"(emd:em:e.emp_id = emd:em:m.emp_id)","edgeType":"PREDICATE"},{"sources":[8],"targets":[0,1,2,3,4,5],"expression":"m.emp_id is not null","edgeType":"PREDICATE"},{"sources":[11,12,9],"targets":[0,1,2,3,4,5],"expression":"(emd:em:e.dept_id = emd:d.dept_id AND emd:em:e.dept_id = p.project_id)","edgeType":"PREDICATE"},{"sources":[12],"targets":[0,1,2,3,4,5],"expression":"d.dept_id is not null","edgeType":"PREDICATE"},{"sources":[9],"targets":[0,1,2,3,4,5],"expression":"p.project_id is not null","edgeType":"PREDICATE"}],"vertices":[{"id":0,"vertexType":"COLUMN","vertexId":"default.tgt.dept_name"},{"id":1,"vertexType":"COLUMN","vertexId":"default.tgt.name"},{"id":2,"vertexType":"COLUMN","vertexId":"default.tgt.emp_id"},{"id":3,"vertexType":"COLUMN","vertexId":"default.tgt.mgr_id"},{"id":4,"vertexType":"COLUMN","vertexId":"default.tgt.proj_id"},{"id":5,"vertexType":"COLUMN","vertexId":"default.tgt.proj_name"},{"id":6,"vertexType":"COLUMN","vertexId":"default.dept.dept_name"},{"id":7,"vertexType":"COLUMN","vertexId":"default.emp.name"},{"id":8,"vertexType":"COLUMN","vertexId":"default.emp.emp_id"},{"id":9,"vertexType":"COLUMN","vertexId":"default.project.project_id"},{"id":10,"vertexType":"COLUMN","vertexId":"default.project.project_name"},{"id":11,"vertexType":"COLUMN","vertexId":"default.emp.dept_id"},{"id":12,"vertexType":"COLUMN","vertexId":"default.dept.dept_id"}]}
+{"version":"1.0","engine":"mr","database":"default","hash":"f59797e0422d2e51515063374dfac361","queryText":"INSERT INTO TABLE tgt\nSELECT emd.dept_name, emd.name, emd.emp_id, emd.mgr_id, p.project_id, p.project_name\nFROM (\n  SELECT d.dept_name, em.name, em.emp_id, em.mgr_id, em.dept_id\n  FROM (\n    SELECT e.name, e.dept_id, e.emp_id emp_id, m.emp_id mgr_id\n    FROM emp e JOIN emp m ON e.emp_id = m.emp_id\n    ) em\n  JOIN dept d ON d.dept_id = em.dept_id\n  ) emd JOIN project p ON emd.dept_id = p.project_id","edges":[{"sources":[6],"targets":[0],"edgeType":"PROJECTION"},{"sources":[7],"targets":[1],"edgeType":"PROJECTION"},{"sources":[8],"targets":[2,3],"edgeType":"PROJECTION"},{"sources":[9],"targets":[4],"edgeType":"PROJECTION"},{"sources":[10],"targets":[5],"edgeType":"PROJECTION"},{"sources":[8,11],"targets":[0,1,2,3,4,5],"expression":"(e.emp_id is not null and e.dept_id is not null and e.dept_id is not null)","edgeType":"PREDICATE"},{"sources":[8],"targets":[0,1,2,3,4,5],"expression":"(emd:em:e.emp_id = emd:em:m.emp_id)","edgeType":"PREDICATE"},{"sources":[8],"targets":[0,1,2,3,4,5],"expression":"m.emp_id is not null","edgeType":"PREDICATE"},{"sources":[11,12,9],"targets":[0,1,2,3,4,5],"expression":"(emd:em:e.dept_id = emd:d.dept_id AND emd:em:e.dept_id = p.project_id)","edgeType":"PREDICATE"},{"sources":[12],"targets":[0,1,2,3,4,5],"expression":"d.dept_id is not null","edgeType":"PREDICATE"},{"sources":[9],"targets":[0,1,2,3,4,5],"expression":"p.project_id is not null","edgeType":"PREDICATE"}],"vertices":[{"id":0,"vertexType":"COLUMN","vertexId":"default.tgt.dept_name"},{"id":1,"vertexType":"COLUMN","vertexId":"default.tgt.name"},{"id":2,"vertexType":"COLUMN","vertexId":"default.tgt.emp_id"},{"id":3,"vertexType":"COLUMN","vertexId":"default.tgt.mgr_id"},{"id":4,"vertexType":"COLUMN","vertexId":"default.tgt.proj_id"},{"id":5,"vertexType":"COLUMN","vertexId":"default.tgt.proj_name"},{"id":6,"vertexType":"COLUMN","vertexId":"default.dept.dept_name"},{"id":7,"vertexType":"COLUMN","vertexId":"default.emp.name"},{"id":8,"vertexType":"COLUMN","vertexId":"default.emp.emp_id"},{"id":9,"vertexType":"COLUMN","vertexId":"default.project.project_id"},{"id":10,"vertexType":"COLUMN","vertexId":"default.project.project_name"},{"id":11,"vertexType":"COLUMN","vertexId":"default.emp.dept_id"},{"id":12,"vertexType":"COLUMN","vertexId":"default.dept.dept_id"}]}
 PREHOOK: query: drop table if exists dest_l2
 PREHOOK: type: DROPTABLE
 PREHOOK: query: create table dest_l2 (id int, c1 tinyint, c2 int, c3 bigint) stored as textfile
@@ -646,7 +646,7 @@ PREHOOK: type: QUERY
 PREHOOK: Input: default@dest_l2
 PREHOOK: Input: default@dest_l3
 #### A masked pattern was here ####
-{"version":"1.0","engine":"mr","database":"default","hash":"01879c619517509d9f5b6ead998bb4bb","queryText":"select sum(a.c1), count(b.c1), b.c2, b.c3\nfrom dest_l2 a join dest_l3 b on (a.id = b.id)\nwhere a.c2 != 10 and b.c3 > 0\ngroup by a.c1, a.c2, a.id, b.c1, b.c2, b.c3\nhaving count(a.c2) > 0\norder by b.c3 limit 5","edges":[{"sources":[4],"targets":[0],"expression":"sum(default.dest_l2.c1)","edgeType":"PROJECTION"},{"sources":[5],"targets":[1],"expression":"count(default.dest_l3.c1)","edgeType":"PROJECTION"},{"sources":[6],"targets":[2],"edgeType":"PROJECTION"},{"sources":[7],"targets":[3],"edgeType":"PROJECTION"},{"sources":[8,9],"targets":[0,1,2,3],"expression":"((a.c2 <> 10) and a.id is not null)","edgeType":"PREDICATE"},{"sources":[9,10],"targets":[0,1,2,3],"expression":"(a.id = b.id)","edgeType":"PREDICATE"},{"sources":[7,10],"targets":[0,1,2,3],"expression":"((b.c3 > 0) and b.id is not null)","edgeType":"PREDICATE"},{"sources":[8],"targets":[0,1,2,3],"expression":"(count(default.dest_l2.c2) > 0)","edgeType":"PREDICATE"}],"vertices":[{"id":0,"vertexType":"COLUMN","vertexId":"_c0"},{"id":1,"vertexType":"COLUMN","vertexId":"_c1"},{"id":2,"vertexType":"COLUMN","vertexId":"b.c2"},{"id":3,"vertexType":"COLUMN","vertexId":"b.c3"},{"id":4,"vertexType":"COLUMN","vertexId":"default.dest_l2.c1"},{"id":5,"vertexType":"COLUMN","vertexId":"default.dest_l3.c1"},{"id":6,"vertexType":"COLUMN","vertexId":"default.dest_l3.c2"},{"id":7,"vertexType":"COLUMN","vertexId":"default.dest_l3.c3"},{"id":8,"vertexType":"COLUMN","vertexId":"default.dest_l2.c2"},{"id":9,"vertexType":"COLUMN","vertexId":"default.dest_l2.id"},{"id":10,"vertexType":"COLUMN","vertexId":"default.dest_l3.id"}]}
+{"version":"1.0","engine":"mr","database":"default","hash":"01879c619517509d9f5b6ead998bb4bb","queryText":"select sum(a.c1), count(b.c1), b.c2, b.c3\nfrom dest_l2 a join dest_l3 b on (a.id = b.id)\nwhere a.c2 != 10 and b.c3 > 0\ngroup by a.c1, a.c2, a.id, b.c1, b.c2, b.c3\nhaving count(a.c2) > 0\norder by b.c3 limit 5","edges":[{"sources":[4],"targets":[0],"expression":"sum(default.dest_l2.c1)","edgeType":"PROJECTION"},{"sources":[5],"targets":[1],"expression":"count(default.dest_l3.c1)","edgeType":"PROJECTION"},{"sources":[6],"targets":[2],"edgeType":"PROJECTION"},{"sources":[7],"targets":[3],"edgeType":"PROJECTION"},{"sources":[8,9],"targets":[0,1,2,3],"expression":"(a.id is not null and (a.c2 <> 10))","edgeType":"PREDICATE"},{"sources":[8,10],"targets":[0,1,2,3],"expression":"(a.id = b.id)","edgeType":"PREDICATE"},{"sources":[10,7],"targets":[0,1,2,3],"expression":"(b.id is not null and (b.c3 > 0))","edgeType":"PREDICATE"},{"sources":[9],"targets":[0,1,2,3],"expression":"(count(default.dest_l2.c2) > 0)","edgeType":"PREDICATE"}],"vertices":[{"id":0,"vertexType":"COLUMN","vertexId":"_c0"},{"id":1,"vertexType":"COLUMN","vertexId":"_c1"},{"id":2,"vertexType":"COLUMN","vertexId":"b.c2"},{"id":3,"vertexType":"COLUMN","vertexId":"b.c3"},{"id":4,"vertexType":"COLUMN","vertexId":"default.dest_l2.c1"},{"id":5,"vertexType":"COLUMN","vertexId":"default.dest_l3.c1"},{"id":6,"vertexType":"COLUMN","vertexId":"default.dest_l3.c2"},{"id":7,"vertexType":"COLUMN","vertexId":"default.dest_l3.c3"},{"id":8,"vertexType":"COLUMN","vertexId":"default.dest_l2.id"},{"id":9,"vertexType":"COLUMN","vertexId":"default.dest_l2.c2"},{"id":10,"vertexType":"COLUMN","vertexId":"default.dest_l3.id"}]}
 1	1	s2	15
 PREHOOK: query: drop table if exists t
 PREHOOK: type: DROPTABLE
@@ -659,7 +659,7 @@ PREHOOK: Input: default@dest_l2
 PREHOOK: Input: default@dest_l3
 PREHOOK: Output: database:default
 PREHOOK: Output: default@t
-{"version":"1.0","engine":"mr","database":"default","hash":"0d2f15b494111ffe236d5be42a76fa28","queryText":"create table t as\nselect distinct a.c2, a.c3 from dest_l2 a\ninner join dest_l3 b on (a.id = b.id)\nwhere a.id > 0 and b.c3 = 15","edges":[{"sources":[2],"targets":[0],"edgeType":"PROJECTION"},{"sources":[3],"targets":[1],"edgeType":"PROJECTION"},{"sources":[4],"targets":[0,1],"expression":"((a.id > 0) and a.id is not null)","edgeType":"PREDICATE"},{"sources":[4,5],"targets":[0,1],"expression":"(a.id = b.id)","edgeType":"PREDICATE"},{"sources":[6,5],"targets":[0,1],"expression":"((b.c3 = 15) and (b.id > 0) and b.id is not null)","edgeType":"PREDICATE"}],"vertices":[{"id":0,"vertexType":"COLUMN","vertexId":"default.t.c2"},{"id":1,"vertexType":"COLUMN","vertexId":"default.t.c3"},{"id":2,"vertexType":"COLUMN","vertexId":"default.dest_l2.c2"},{"id":3,"vertexType":"COLUMN","vertexId":"default.dest_l2.c3"},{"id":4,"vertexType":"COLUMN","vertexId":"default.dest_l2.id"},{"id":5,"vertexType":"COLUMN","vertexId":"default.dest_l3.id"},{"id":6,"vertexType":"COLUMN","vertexId":"default.dest_l3.c3"}]}
+{"version":"1.0","engine":"mr","database":"default","hash":"0d2f15b494111ffe236d5be42a76fa28","queryText":"create table t as\nselect distinct a.c2, a.c3 from dest_l2 a\ninner join dest_l3 b on (a.id = b.id)\nwhere a.id > 0 and b.c3 = 15","edges":[{"sources":[2],"targets":[0],"edgeType":"PROJECTION"},{"sources":[3],"targets":[1],"edgeType":"PROJECTION"},{"sources":[4],"targets":[0,1],"expression":"(a.id is not null and (a.id > 0))","edgeType":"PREDICATE"},{"sources":[4,5],"targets":[0,1],"expression":"(a.id = b.id)","edgeType":"PREDICATE"},{"sources":[5,6],"targets":[0,1],"expression":"(b.id is not null and (b.c3 = 15) and (b.id > 0))","edgeType":"PREDICATE"}],"vertices":[{"id":0,"vertexType":"COLUMN","vertexId":"default.t.c2"},{"id":1,"vertexType":"COLUMN","vertexId":"default.t.c3"},{"id":2,"vertexType":"COLUMN","vertexId":"default.dest_l2.c2"},{"id":3,"vertexType":"COLUMN","vertexId":"default.dest_l2.c3"},{"id":4,"vertexType":"COLUMN","vertexId":"default.dest_l2.id"},{"id":5,"vertexType":"COLUMN","vertexId":"default.dest_l3.id"},{"id":6,"vertexType":"COLUMN","vertexId":"default.dest_l3.c3"}]}
 PREHOOK: query: SELECT substr(src1.key,1,1), count(DISTINCT substr(src1.value,5)),
 concat(substr(src1.key,1,1),sum(substr(src1.value,5)))
 from src1
diff --git a/ql/src/test/results/clientpositive/constprog_partitioner.q.out b/ql/src/test/results/clientpositive/constprog_partitioner.q.out
index 08c0aebafe..a1c4a22437 100644
--- a/ql/src/test/results/clientpositive/constprog_partitioner.q.out
+++ b/ql/src/test/results/clientpositive/constprog_partitioner.q.out
@@ -108,7 +108,7 @@ STAGE PLANS:
             alias: li
             Statistics: Num rows: 100 Data size: 11999 Basic stats: COMPLETE Column stats: NONE
             Filter Operator
-              predicate: ((l_linenumber = 1) and l_orderkey is not null) (type: boolean)
+              predicate: (l_orderkey is not null and (l_linenumber = 1)) (type: boolean)
               Statistics: Num rows: 50 Data size: 5999 Basic stats: COMPLETE Column stats: NONE
               Select Operator
                 expressions: l_orderkey (type: int), l_partkey (type: int), l_suppkey (type: int), 1 (type: int)
@@ -124,7 +124,7 @@ STAGE PLANS:
             alias: li
             Statistics: Num rows: 100 Data size: 11999 Basic stats: COMPLETE Column stats: NONE
             Filter Operator
-              predicate: (((l_shipmode = 'AIR') and (l_linenumber = 1)) and l_orderkey is not null) (type: boolean)
+              predicate: (((l_shipmode = 'AIR') and l_orderkey is not null) and (l_linenumber = 1)) (type: boolean)
               Statistics: Num rows: 25 Data size: 2999 Basic stats: COMPLETE Column stats: NONE
               Select Operator
                 expressions: l_orderkey (type: int)
diff --git a/ql/src/test/results/clientpositive/correlationoptimizer1.q.out b/ql/src/test/results/clientpositive/correlationoptimizer1.q.out
index 38764d6b12..efd681e26a 100644
--- a/ql/src/test/results/clientpositive/correlationoptimizer1.q.out
+++ b/ql/src/test/results/clientpositive/correlationoptimizer1.q.out
@@ -2811,7 +2811,7 @@ STAGE PLANS:
             alias: x
             Statistics: Num rows: 25 Data size: 191 Basic stats: COMPLETE Column stats: NONE
             Filter Operator
-              predicate: (value is not null and key is not null) (type: boolean)
+              predicate: (key is not null and value is not null) (type: boolean)
               Statistics: Num rows: 25 Data size: 191 Basic stats: COMPLETE Column stats: NONE
               Select Operator
                 expressions: key (type: string), value (type: string)
@@ -2826,7 +2826,7 @@ STAGE PLANS:
             alias: y
             Statistics: Num rows: 500 Data size: 5312 Basic stats: COMPLETE Column stats: NONE
             Filter Operator
-              predicate: (value is not null and key is not null) (type: boolean)
+              predicate: (key is not null and value is not null) (type: boolean)
               Statistics: Num rows: 500 Data size: 5312 Basic stats: COMPLETE Column stats: NONE
               Select Operator
                 expressions: key (type: string), value (type: string)
@@ -2963,7 +2963,7 @@ STAGE PLANS:
             alias: x
             Statistics: Num rows: 25 Data size: 191 Basic stats: COMPLETE Column stats: NONE
             Filter Operator
-              predicate: (value is not null and key is not null) (type: boolean)
+              predicate: (key is not null and value is not null) (type: boolean)
               Statistics: Num rows: 25 Data size: 191 Basic stats: COMPLETE Column stats: NONE
               Select Operator
                 expressions: key (type: string), value (type: string)
@@ -2978,7 +2978,7 @@ STAGE PLANS:
             alias: y
             Statistics: Num rows: 500 Data size: 5312 Basic stats: COMPLETE Column stats: NONE
             Filter Operator
-              predicate: (value is not null and key is not null) (type: boolean)
+              predicate: (key is not null and value is not null) (type: boolean)
               Statistics: Num rows: 500 Data size: 5312 Basic stats: COMPLETE Column stats: NONE
               Select Operator
                 expressions: key (type: string), value (type: string)
diff --git a/ql/src/test/results/clientpositive/correlationoptimizer10.q.out b/ql/src/test/results/clientpositive/correlationoptimizer10.q.out
index 6bac698155..e210c7f99f 100644
--- a/ql/src/test/results/clientpositive/correlationoptimizer10.q.out
+++ b/ql/src/test/results/clientpositive/correlationoptimizer10.q.out
@@ -748,7 +748,7 @@ STAGE PLANS:
             alias: xx
             Statistics: Num rows: 500 Data size: 5312 Basic stats: COMPLETE Column stats: NONE
             Filter Operator
-              predicate: ((UDFToDouble(key) > 180.0) and (UDFToDouble(key) < 200.0)) (type: boolean)
+              predicate: ((UDFToDouble(key) < 200.0) and (UDFToDouble(key) > 180.0)) (type: boolean)
               Statistics: Num rows: 55 Data size: 584 Basic stats: COMPLETE Column stats: NONE
               Select Operator
                 expressions: key (type: string)
@@ -763,7 +763,7 @@ STAGE PLANS:
             alias: xx
             Statistics: Num rows: 500 Data size: 5312 Basic stats: COMPLETE Column stats: NONE
             Filter Operator
-              predicate: ((UDFToDouble(key) > 180.0) and (UDFToDouble(key) < 200.0)) (type: boolean)
+              predicate: ((UDFToDouble(key) < 200.0) and (UDFToDouble(key) > 180.0)) (type: boolean)
               Statistics: Num rows: 55 Data size: 584 Basic stats: COMPLETE Column stats: NONE
               Select Operator
                 expressions: key (type: string)
@@ -802,7 +802,7 @@ STAGE PLANS:
             alias: xx
             Statistics: Num rows: 500 Data size: 5312 Basic stats: COMPLETE Column stats: NONE
             Filter Operator
-              predicate: ((UDFToDouble(key) > 180.0) and (UDFToDouble(key) < 200.0)) (type: boolean)
+              predicate: ((UDFToDouble(key) < 200.0) and (UDFToDouble(key) > 180.0)) (type: boolean)
               Statistics: Num rows: 55 Data size: 584 Basic stats: COMPLETE Column stats: NONE
               Select Operator
                 expressions: key (type: string), value (type: string)
@@ -921,7 +921,7 @@ STAGE PLANS:
             alias: xx
             Statistics: Num rows: 500 Data size: 5312 Basic stats: COMPLETE Column stats: NONE
             Filter Operator
-              predicate: ((UDFToDouble(key) > 180.0) and (UDFToDouble(key) < 200.0)) (type: boolean)
+              predicate: ((UDFToDouble(key) < 200.0) and (UDFToDouble(key) > 180.0)) (type: boolean)
               Statistics: Num rows: 55 Data size: 584 Basic stats: COMPLETE Column stats: NONE
               Select Operator
                 expressions: key (type: string), value (type: string)
@@ -937,7 +937,7 @@ STAGE PLANS:
             alias: xx
             Statistics: Num rows: 500 Data size: 5312 Basic stats: COMPLETE Column stats: NONE
             Filter Operator
-              predicate: ((UDFToDouble(key) > 180.0) and (UDFToDouble(key) < 200.0)) (type: boolean)
+              predicate: ((UDFToDouble(key) < 200.0) and (UDFToDouble(key) > 180.0)) (type: boolean)
               Statistics: Num rows: 55 Data size: 584 Basic stats: COMPLETE Column stats: NONE
               Select Operator
                 expressions: key (type: string)
@@ -952,7 +952,7 @@ STAGE PLANS:
             alias: xx
             Statistics: Num rows: 500 Data size: 5312 Basic stats: COMPLETE Column stats: NONE
             Filter Operator
-              predicate: ((UDFToDouble(key) > 180.0) and (UDFToDouble(key) < 200.0)) (type: boolean)
+              predicate: ((UDFToDouble(key) < 200.0) and (UDFToDouble(key) > 180.0)) (type: boolean)
               Statistics: Num rows: 55 Data size: 584 Basic stats: COMPLETE Column stats: NONE
               Select Operator
                 expressions: key (type: string)
diff --git a/ql/src/test/results/clientpositive/correlationoptimizer13.q.out b/ql/src/test/results/clientpositive/correlationoptimizer13.q.out
index 61b7bcb675..048f63b330 100644
--- a/ql/src/test/results/clientpositive/correlationoptimizer13.q.out
+++ b/ql/src/test/results/clientpositive/correlationoptimizer13.q.out
@@ -162,7 +162,7 @@ STAGE PLANS:
             alias: x
             Statistics: Num rows: 1028 Data size: 22964 Basic stats: COMPLETE Column stats: NONE
             Filter Operator
-              predicate: (((c2 > 100) and (c1 < 120)) and c3 is not null) (type: boolean)
+              predicate: (((c2 > 100) and c3 is not null) and (c1 < 120)) (type: boolean)
               Statistics: Num rows: 114 Data size: 2546 Basic stats: COMPLETE Column stats: NONE
               Select Operator
                 expressions: c3 (type: string), c1 (type: int)
diff --git a/ql/src/test/results/clientpositive/correlationoptimizer8.q.out b/ql/src/test/results/clientpositive/correlationoptimizer8.q.out
index 368a1147d4..ba54b87195 100644
--- a/ql/src/test/results/clientpositive/correlationoptimizer8.q.out
+++ b/ql/src/test/results/clientpositive/correlationoptimizer8.q.out
@@ -103,7 +103,7 @@ STAGE PLANS:
             alias: x
             Statistics: Num rows: 25 Data size: 191 Basic stats: COMPLETE Column stats: NONE
             Filter Operator
-              predicate: (((UDFToDouble(key) < 20.0) or (UDFToDouble(key) > 100.0)) and key is not null) (type: boolean)
+              predicate: (key is not null and ((UDFToDouble(key) < 20.0) or (UDFToDouble(key) > 100.0))) (type: boolean)
               Statistics: Num rows: 16 Data size: 122 Basic stats: COMPLETE Column stats: NONE
               Select Operator
                 expressions: key (type: string), value (type: string)
@@ -290,7 +290,7 @@ STAGE PLANS:
             alias: x
             Statistics: Num rows: 25 Data size: 191 Basic stats: COMPLETE Column stats: NONE
             Filter Operator
-              predicate: (((UDFToDouble(key) < 20.0) or (UDFToDouble(key) > 100.0)) and key is not null) (type: boolean)
+              predicate: (key is not null and ((UDFToDouble(key) < 20.0) or (UDFToDouble(key) > 100.0))) (type: boolean)
               Statistics: Num rows: 16 Data size: 122 Basic stats: COMPLETE Column stats: NONE
               Select Operator
                 expressions: key (type: string), value (type: string)
@@ -963,7 +963,7 @@ STAGE PLANS:
             alias: x
             Statistics: Num rows: 25 Data size: 191 Basic stats: COMPLETE Column stats: NONE
             Filter Operator
-              predicate: (((UDFToDouble(key) < 20.0) or (UDFToDouble(key) > 100.0)) and key is not null) (type: boolean)
+              predicate: (key is not null and ((UDFToDouble(key) < 20.0) or (UDFToDouble(key) > 100.0))) (type: boolean)
               Statistics: Num rows: 16 Data size: 122 Basic stats: COMPLETE Column stats: NONE
               Select Operator
                 expressions: key (type: string), value (type: string)
diff --git a/ql/src/test/results/clientpositive/correlationoptimizer9.q.out b/ql/src/test/results/clientpositive/correlationoptimizer9.q.out
index 104a97afbb..b6876168a6 100644
--- a/ql/src/test/results/clientpositive/correlationoptimizer9.q.out
+++ b/ql/src/test/results/clientpositive/correlationoptimizer9.q.out
@@ -464,7 +464,7 @@ STAGE PLANS:
             alias: x
             Statistics: Num rows: 1028 Data size: 22964 Basic stats: COMPLETE Column stats: NONE
             Filter Operator
-              predicate: (((c2 > 100) and (c1 < 120)) and c3 is not null) (type: boolean)
+              predicate: (((c2 > 100) and c3 is not null) and (c1 < 120)) (type: boolean)
               Statistics: Num rows: 114 Data size: 2546 Basic stats: COMPLETE Column stats: NONE
               Select Operator
                 expressions: c1 (type: int), c3 (type: string)
@@ -579,7 +579,7 @@ STAGE PLANS:
             alias: x
             Statistics: Num rows: 1028 Data size: 22964 Basic stats: COMPLETE Column stats: NONE
             Filter Operator
-              predicate: (((c2 > 100) and (c1 < 120)) and c3 is not null) (type: boolean)
+              predicate: (((c2 > 100) and c3 is not null) and (c1 < 120)) (type: boolean)
               Statistics: Num rows: 114 Data size: 2546 Basic stats: COMPLETE Column stats: NONE
               Select Operator
                 expressions: c1 (type: int), c3 (type: string)
diff --git a/ql/src/test/results/clientpositive/dynamic_rdd_cache.q.out b/ql/src/test/results/clientpositive/dynamic_rdd_cache.q.out
index 743865e073..a8be151834 100644
--- a/ql/src/test/results/clientpositive/dynamic_rdd_cache.q.out
+++ b/ql/src/test/results/clientpositive/dynamic_rdd_cache.q.out
@@ -1025,7 +1025,7 @@ STAGE PLANS:
             alias: date_dim
             Statistics: Num rows: 1 Data size: 0 Basic stats: PARTIAL Column stats: NONE
             Filter Operator
-              predicate: (((d_year = 1999) and (d_moy = 3)) and d_date_sk is not null) (type: boolean)
+              predicate: (((d_year = 1999) and d_date_sk is not null) and (d_moy = 3)) (type: boolean)
               Statistics: Num rows: 1 Data size: 0 Basic stats: PARTIAL Column stats: NONE
               Select Operator
                 expressions: d_date_sk (type: int)
@@ -1088,7 +1088,7 @@ STAGE PLANS:
               Statistics: Num rows: 1 Data size: 0 Basic stats: PARTIAL Column stats: NONE
               Select Operator
                 expressions: _col1 (type: int), _col2 (type: int), _col4 (type: double), CASE (_col4) WHEN (0) THEN (null) ELSE ((_col5 / _col4)) END (type: double)
-                outputColumnNames: _col0, _col1, _col2, _col3
+                outputColumnNames: _col1, _col2, _col4, _col5
                 Statistics: Num rows: 1 Data size: 0 Basic stats: PARTIAL Column stats: NONE
                 File Output Operator
                   compressed: true
@@ -1102,30 +1102,30 @@ STAGE PLANS:
       Map Operator Tree:
           TableScan
             Reduce Output Operator
-              key expressions: _col1 (type: int), _col0 (type: int)
+              key expressions: _col2 (type: int), _col1 (type: int)
               sort order: ++
-              Map-reduce partition columns: _col1 (type: int), _col0 (type: int)
+              Map-reduce partition columns: _col2 (type: int), _col1 (type: int)
               Statistics: Num rows: 1 Data size: 0 Basic stats: PARTIAL Column stats: NONE
-              value expressions: _col2 (type: double), _col3 (type: double)
+              value expressions: _col4 (type: double), _col5 (type: double)
           TableScan
             Reduce Output Operator
               key expressions: _col2 (type: int), _col1 (type: int)
               sort order: ++
               Map-reduce partition columns: _col2 (type: int), _col1 (type: int)
               Statistics: Num rows: 1 Data size: 0 Basic stats: PARTIAL Column stats: NONE
-              value expressions: _col3 (type: int), _col4 (type: double), _col5 (type: double)
+              value expressions: _col4 (type: double), _col5 (type: double)
       Reduce Operator Tree:
         Join Operator
           condition map:
                Inner Join 0 to 1
           keys:
-            0 _col1 (type: int), _col0 (type: int)
+            0 _col2 (type: int), _col1 (type: int)
             1 _col2 (type: int), _col1 (type: int)
-          outputColumnNames: _col0, _col1, _col2, _col3, _col5, _col6, _col7, _col8, _col9
+          outputColumnNames: _col1, _col2, _col4, _col5, _col7, _col8, _col10, _col11
           Statistics: Num rows: 1 Data size: 0 Basic stats: PARTIAL Column stats: NONE
           Select Operator
-            expressions: _col0 (type: int), _col1 (type: int), _col2 (type: double), _col3 (type: double), _col5 (type: int), _col6 (type: int), _col7 (type: int), _col8 (type: double), _col9 (type: double)
-            outputColumnNames: _col0, _col1, _col3, _col4, _col5, _col6, _col7, _col8, _col9
+            expressions: _col1 (type: int), _col2 (type: int), _col4 (type: double), _col5 (type: double), _col7 (type: int), _col8 (type: int), _col10 (type: double), _col11 (type: double)
+            outputColumnNames: _col0, _col1, _col3, _col4, _col5, _col6, _col8, _col9
             Statistics: Num rows: 1 Data size: 0 Basic stats: PARTIAL Column stats: NONE
             File Output Operator
               compressed: true
@@ -1139,13 +1139,13 @@ STAGE PLANS:
       Map Operator Tree:
           TableScan
             Reduce Output Operator
-              key expressions: _col0 (type: int), _col1 (type: int), 3 (type: int), _col3 (type: double), _col4 (type: double), _col7 (type: int), _col8 (type: double), _col9 (type: double)
+              key expressions: _col0 (type: int), _col1 (type: int), 3 (type: int), _col3 (type: double), _col4 (type: double), 4 (type: int), _col8 (type: double), _col9 (type: double)
               sort order: ++++++++
               Statistics: Num rows: 1 Data size: 0 Basic stats: PARTIAL Column stats: NONE
               value expressions: _col5 (type: int), _col6 (type: int)
       Reduce Operator Tree:
         Select Operator
-          expressions: KEY.reducesinkkey0 (type: int), KEY.reducesinkkey1 (type: int), 3 (type: int), KEY.reducesinkkey3 (type: double), KEY.reducesinkkey4 (type: double), VALUE._col0 (type: int), VALUE._col1 (type: int), KEY.reducesinkkey5 (type: int), KEY.reducesinkkey6 (type: double), KEY.reducesinkkey7 (type: double)
+          expressions: KEY.reducesinkkey0 (type: int), KEY.reducesinkkey1 (type: int), 3 (type: int), KEY.reducesinkkey3 (type: double), KEY.reducesinkkey4 (type: double), VALUE._col0 (type: int), VALUE._col1 (type: int), 4 (type: int), KEY.reducesinkkey6 (type: double), KEY.reducesinkkey7 (type: double)
           outputColumnNames: _col0, _col1, _col2, _col3, _col4, _col5, _col6, _col7, _col8, _col9
           Statistics: Num rows: 1 Data size: 0 Basic stats: PARTIAL Column stats: NONE
           File Output Operator
@@ -1262,7 +1262,7 @@ STAGE PLANS:
             alias: date_dim
             Statistics: Num rows: 1 Data size: 0 Basic stats: PARTIAL Column stats: NONE
             Filter Operator
-              predicate: (((d_moy = 4) and (d_year = 1999)) and d_date_sk is not null) (type: boolean)
+              predicate: (((d_year = 1999) and d_date_sk is not null) and (d_moy = 4)) (type: boolean)
               Statistics: Num rows: 1 Data size: 0 Basic stats: PARTIAL Column stats: NONE
               Select Operator
                 expressions: d_date_sk (type: int)
@@ -1283,12 +1283,12 @@ STAGE PLANS:
           outputColumnNames: _col2, _col4, _col5, _col6
           Statistics: Num rows: 1 Data size: 0 Basic stats: PARTIAL Column stats: NONE
           Select Operator
-            expressions: _col4 (type: int), _col5 (type: int), _col6 (type: string), 4 (type: int), _col2 (type: int)
-            outputColumnNames: _col4, _col5, _col6, _col9, _col2
+            expressions: _col6 (type: string), _col5 (type: int), _col4 (type: int), _col2 (type: int)
+            outputColumnNames: _col0, _col1, _col2, _col4
             Statistics: Num rows: 1 Data size: 0 Basic stats: PARTIAL Column stats: NONE
             Group By Operator
-              aggregations: stddev_samp(_col2), avg(_col2)
-              keys: _col4 (type: int), _col5 (type: int), _col6 (type: string), _col9 (type: int)
+              aggregations: avg(_col4), stddev_samp(_col4)
+              keys: _col0 (type: string), _col1 (type: int), _col2 (type: int), 4 (type: int)
               mode: hash
               outputColumnNames: _col0, _col1, _col2, _col3, _col4, _col5
               Statistics: Num rows: 1 Data size: 0 Basic stats: PARTIAL Column stats: NONE
@@ -1304,28 +1304,28 @@ STAGE PLANS:
       Map Operator Tree:
           TableScan
             Reduce Output Operator
-              key expressions: _col0 (type: int), _col1 (type: int), _col2 (type: string), _col3 (type: int)
+              key expressions: _col0 (type: string), _col1 (type: int), _col2 (type: int), 4 (type: int)
               sort order: ++++
-              Map-reduce partition columns: _col0 (type: int), _col1 (type: int), _col2 (type: string), _col3 (type: int)
+              Map-reduce partition columns: _col0 (type: string), _col1 (type: int), _col2 (type: int), 4 (type: int)
               Statistics: Num rows: 1 Data size: 0 Basic stats: PARTIAL Column stats: NONE
-              value expressions: _col4 (type: struct<count:bigint,sum:double,variance:double>), _col5 (type: struct<count:bigint,sum:double,input:int>)
+              value expressions: _col4 (type: struct<count:bigint,sum:double,input:int>), _col5 (type: struct<count:bigint,sum:double,variance:double>)
       Reduce Operator Tree:
         Group By Operator
-          aggregations: stddev_samp(VALUE._col0), avg(VALUE._col1)
-          keys: KEY._col0 (type: int), KEY._col1 (type: int), KEY._col2 (type: string), KEY._col3 (type: int)
+          aggregations: avg(VALUE._col0), stddev_samp(VALUE._col1)
+          keys: KEY._col0 (type: string), KEY._col1 (type: int), KEY._col2 (type: int), 4 (type: int)
           mode: mergepartial
           outputColumnNames: _col0, _col1, _col2, _col3, _col4, _col5
           Statistics: Num rows: 1 Data size: 0 Basic stats: PARTIAL Column stats: NONE
           Select Operator
-            expressions: _col1 (type: int), _col0 (type: int), _col3 (type: int), _col4 (type: double), _col5 (type: double)
-            outputColumnNames: _col1, _col2, _col3, _col4, _col5
+            expressions: _col1 (type: int), _col2 (type: int), _col4 (type: double), _col5 (type: double)
+            outputColumnNames: _col1, _col2, _col4, _col5
             Statistics: Num rows: 1 Data size: 0 Basic stats: PARTIAL Column stats: NONE
             Filter Operator
-              predicate: (CASE (_col5) WHEN (0) THEN (0) ELSE ((_col4 / _col5)) END > 1.0) (type: boolean)
+              predicate: (CASE (_col4) WHEN (0) THEN (0) ELSE ((_col5 / _col4)) END > 1.0) (type: boolean)
               Statistics: Num rows: 1 Data size: 0 Basic stats: PARTIAL Column stats: NONE
               Select Operator
-                expressions: _col1 (type: int), _col2 (type: int), _col3 (type: int), _col5 (type: double), CASE (_col5) WHEN (0) THEN (null) ELSE ((_col4 / _col5)) END (type: double)
-                outputColumnNames: _col1, _col2, _col3, _col4, _col5
+                expressions: _col1 (type: int), _col2 (type: int), _col4 (type: double), CASE (_col4) WHEN (0) THEN (null) ELSE ((_col5 / _col4)) END (type: double)
+                outputColumnNames: _col1, _col2, _col4, _col5
                 Statistics: Num rows: 1 Data size: 0 Basic stats: PARTIAL Column stats: NONE
                 File Output Operator
                   compressed: true
diff --git a/ql/src/test/results/clientpositive/filter_cond_pushdown.q.out b/ql/src/test/results/clientpositive/filter_cond_pushdown.q.out
index 5e0edbc9ef..1c3a5ab54f 100644
--- a/ql/src/test/results/clientpositive/filter_cond_pushdown.q.out
+++ b/ql/src/test/results/clientpositive/filter_cond_pushdown.q.out
@@ -37,7 +37,7 @@ STAGE PLANS:
             alias: f
             Statistics: Num rows: 500 Data size: 5312 Basic stats: COMPLETE Column stats: NONE
             Filter Operator
-              predicate: (((value <> '') and key is not null) and value is not null) (type: boolean)
+              predicate: ((value is not null and (value <> '')) and key is not null) (type: boolean)
               Statistics: Num rows: 500 Data size: 5312 Basic stats: COMPLETE Column stats: NONE
               Select Operator
                 expressions: key (type: string), value (type: string)
@@ -163,7 +163,7 @@ STAGE PLANS:
             alias: f
             Statistics: Num rows: 500 Data size: 5312 Basic stats: COMPLETE Column stats: NONE
             Filter Operator
-              predicate: (((value <> '') and key is not null) and value is not null) (type: boolean)
+              predicate: ((value is not null and (value <> '')) and key is not null) (type: boolean)
               Statistics: Num rows: 500 Data size: 5312 Basic stats: COMPLETE Column stats: NONE
               Select Operator
                 expressions: key (type: string), value (type: string)
@@ -317,7 +317,7 @@ STAGE PLANS:
                Inner Join 0 to 1
           keys:
             0 UDFToDouble(_col0) (type: double), _col0 (type: string)
-            1 UDFToDouble(_col1) (type: double), _col0 (type: string)
+            1 UDFToDouble(1) (type: double), _col0 (type: string)
           outputColumnNames: _col0, _col1, _col2, _col5
           Statistics: Num rows: 22 Data size: 288 Basic stats: COMPLETE Column stats: NONE
           Filter Operator
@@ -419,7 +419,7 @@ STAGE PLANS:
             alias: f
             Statistics: Num rows: 500 Data size: 5312 Basic stats: COMPLETE Column stats: NONE
             Filter Operator
-              predicate: ((((value <> '') and key is not null) and value is not null) and ((value = '2008-04-10') or (value = '2008-04-08'))) (type: boolean)
+              predicate: (((key is not null and ((value = '2008-04-10') or (value = '2008-04-08'))) and value is not null) and (value <> '')) (type: boolean)
               Statistics: Num rows: 500 Data size: 5312 Basic stats: COMPLETE Column stats: NONE
               Select Operator
                 expressions: key (type: string), value (type: string)
diff --git a/ql/src/test/results/clientpositive/filter_join_breaktask.q.out b/ql/src/test/results/clientpositive/filter_join_breaktask.q.out
index 53e9031d42..c17b48abc1 100644
--- a/ql/src/test/results/clientpositive/filter_join_breaktask.q.out
+++ b/ql/src/test/results/clientpositive/filter_join_breaktask.q.out
@@ -168,7 +168,7 @@ STAGE PLANS:
             GatherStats: false
             Filter Operator
               isSamplingPred: false
-              predicate: ((value is not null and (value <> '')) and key is not null) (type: boolean)
+              predicate: ((key is not null and value is not null) and (value <> '')) (type: boolean)
               Statistics: Num rows: 25 Data size: 211 Basic stats: COMPLETE Column stats: NONE
               Select Operator
                 expressions: key (type: int), value (type: string)
diff --git a/ql/src/test/results/clientpositive/groupby_position.q.out b/ql/src/test/results/clientpositive/groupby_position.q.out
index c2566f2ad5..57be001538 100644
--- a/ql/src/test/results/clientpositive/groupby_position.q.out
+++ b/ql/src/test/results/clientpositive/groupby_position.q.out
@@ -647,7 +647,7 @@ STAGE PLANS:
             alias: src1
             Statistics: Num rows: 500 Data size: 5312 Basic stats: COMPLETE Column stats: NONE
             Filter Operator
-              predicate: ((((UDFToDouble(key) > 15.0) and (UDFToDouble(key) < 25.0)) and (UDFToDouble(key) < 20.0)) and (UDFToDouble(key) > 10.0)) (type: boolean)
+              predicate: ((((UDFToDouble(key) > 15.0) and (UDFToDouble(key) < 25.0)) and (UDFToDouble(key) > 10.0)) and (UDFToDouble(key) < 20.0)) (type: boolean)
               Statistics: Num rows: 6 Data size: 63 Basic stats: COMPLETE Column stats: NONE
               Group By Operator
                 keys: key (type: string), value (type: string)
diff --git a/ql/src/test/results/clientpositive/groupby_ppd.q.out b/ql/src/test/results/clientpositive/groupby_ppd.q.out
index d17c4b6d9e..6164a269f4 100644
--- a/ql/src/test/results/clientpositive/groupby_ppd.q.out
+++ b/ql/src/test/results/clientpositive/groupby_ppd.q.out
@@ -28,23 +28,23 @@ STAGE PLANS:
               Statistics: Num rows: 1 Data size: 0 Basic stats: PARTIAL Column stats: NONE
               Select Operator
                 expressions: foo (type: int)
-                outputColumnNames: _col0
+                outputColumnNames: _col1
                 Statistics: Num rows: 1 Data size: 0 Basic stats: PARTIAL Column stats: NONE
                 Union
                   Statistics: Num rows: 2 Data size: 0 Basic stats: PARTIAL Column stats: NONE
                   Select Operator
-                    expressions: _col0 (type: int)
-                    outputColumnNames: _col1
+                    expressions: 1 (type: int), _col1 (type: int)
+                    outputColumnNames: _col0, _col1
                     Statistics: Num rows: 2 Data size: 0 Basic stats: PARTIAL Column stats: NONE
                     Group By Operator
-                      keys: 1 (type: int), _col1 (type: int)
+                      keys: _col0 (type: int), _col1 (type: int)
                       mode: hash
                       outputColumnNames: _col0, _col1
                       Statistics: Num rows: 2 Data size: 0 Basic stats: PARTIAL Column stats: NONE
                       Reduce Output Operator
-                        key expressions: 1 (type: int), _col1 (type: int)
+                        key expressions: _col0 (type: int), _col1 (type: int)
                         sort order: ++
-                        Map-reduce partition columns: 1 (type: int), _col1 (type: int)
+                        Map-reduce partition columns: _col0 (type: int), _col1 (type: int)
                         Statistics: Num rows: 2 Data size: 0 Basic stats: PARTIAL Column stats: NONE
           TableScan
             alias: c
@@ -54,32 +54,32 @@ STAGE PLANS:
               Statistics: Num rows: 1 Data size: 0 Basic stats: PARTIAL Column stats: NONE
               Select Operator
                 expressions: foo (type: int)
-                outputColumnNames: _col0
+                outputColumnNames: _col1
                 Statistics: Num rows: 1 Data size: 0 Basic stats: PARTIAL Column stats: NONE
                 Union
                   Statistics: Num rows: 2 Data size: 0 Basic stats: PARTIAL Column stats: NONE
                   Select Operator
-                    expressions: _col0 (type: int)
-                    outputColumnNames: _col1
+                    expressions: 1 (type: int), _col1 (type: int)
+                    outputColumnNames: _col0, _col1
                     Statistics: Num rows: 2 Data size: 0 Basic stats: PARTIAL Column stats: NONE
                     Group By Operator
-                      keys: 1 (type: int), _col1 (type: int)
+                      keys: _col0 (type: int), _col1 (type: int)
                       mode: hash
                       outputColumnNames: _col0, _col1
                       Statistics: Num rows: 2 Data size: 0 Basic stats: PARTIAL Column stats: NONE
                       Reduce Output Operator
-                        key expressions: 1 (type: int), _col1 (type: int)
+                        key expressions: _col0 (type: int), _col1 (type: int)
                         sort order: ++
-                        Map-reduce partition columns: 1 (type: int), _col1 (type: int)
+                        Map-reduce partition columns: _col0 (type: int), _col1 (type: int)
                         Statistics: Num rows: 2 Data size: 0 Basic stats: PARTIAL Column stats: NONE
       Reduce Operator Tree:
         Group By Operator
-          keys: 1 (type: int), KEY._col1 (type: int)
+          keys: KEY._col0 (type: int), KEY._col1 (type: int)
           mode: mergepartial
           outputColumnNames: _col0, _col1
           Statistics: Num rows: 1 Data size: 0 Basic stats: PARTIAL Column stats: NONE
           Select Operator
-            expressions: _col1 (type: int), 1 (type: int)
+            expressions: _col1 (type: int), _col0 (type: int)
             outputColumnNames: _col0, _col1
             Statistics: Num rows: 1 Data size: 0 Basic stats: PARTIAL Column stats: NONE
             File Output Operator
diff --git a/ql/src/test/results/clientpositive/index_auto_mult_tables.q.out b/ql/src/test/results/clientpositive/index_auto_mult_tables.q.out
index 8c71925fbc..b40c7dbbdc 100644
--- a/ql/src/test/results/clientpositive/index_auto_mult_tables.q.out
+++ b/ql/src/test/results/clientpositive/index_auto_mult_tables.q.out
@@ -22,7 +22,7 @@ STAGE PLANS:
             alias: a
             Statistics: Num rows: 500 Data size: 5312 Basic stats: COMPLETE Column stats: NONE
             Filter Operator
-              predicate: ((((UDFToDouble(key) > 80.0) and (UDFToDouble(key) < 100.0)) and (UDFToDouble(key) < 90.0)) and (UDFToDouble(key) > 70.0)) (type: boolean)
+              predicate: ((((UDFToDouble(key) > 80.0) and (UDFToDouble(key) < 100.0)) and (UDFToDouble(key) > 70.0)) and (UDFToDouble(key) < 90.0)) (type: boolean)
               Statistics: Num rows: 6 Data size: 63 Basic stats: COMPLETE Column stats: NONE
               Select Operator
                 expressions: key (type: string), value (type: string)
@@ -220,9 +220,9 @@ STAGE PLANS:
       Map Operator Tree:
           TableScan
             alias: default__src_src_index_bitmap__
-            filterExpr: (((((UDFToDouble(key) > 80.0) and (UDFToDouble(key) < 100.0)) and (UDFToDouble(key) < 90.0)) and (UDFToDouble(key) > 70.0)) and (not EWAH_BITMAP_EMPTY(_bitmaps))) (type: boolean)
+            filterExpr: (((((UDFToDouble(key) > 80.0) and (UDFToDouble(key) < 100.0)) and (UDFToDouble(key) > 70.0)) and (UDFToDouble(key) < 90.0)) and (not EWAH_BITMAP_EMPTY(_bitmaps))) (type: boolean)
             Filter Operator
-              predicate: (((((UDFToDouble(key) > 80.0) and (UDFToDouble(key) < 100.0)) and (UDFToDouble(key) < 90.0)) and (UDFToDouble(key) > 70.0)) and (not EWAH_BITMAP_EMPTY(_bitmaps))) (type: boolean)
+              predicate: (((((UDFToDouble(key) > 80.0) and (UDFToDouble(key) < 100.0)) and (UDFToDouble(key) > 70.0)) and (UDFToDouble(key) < 90.0)) and (not EWAH_BITMAP_EMPTY(_bitmaps))) (type: boolean)
               Select Operator
                 expressions: _bucketname (type: string), _offset (type: bigint)
                 outputColumnNames: _bucketname, _offset
@@ -260,10 +260,10 @@ STAGE PLANS:
       Map Operator Tree:
           TableScan
             alias: a
-            filterExpr: ((((UDFToDouble(key) > 80.0) and (UDFToDouble(key) < 100.0)) and (UDFToDouble(key) < 90.0)) and (UDFToDouble(key) > 70.0)) (type: boolean)
+            filterExpr: ((((UDFToDouble(key) > 80.0) and (UDFToDouble(key) < 100.0)) and (UDFToDouble(key) > 70.0)) and (UDFToDouble(key) < 90.0)) (type: boolean)
             Statistics: Num rows: 500 Data size: 5312 Basic stats: COMPLETE Column stats: NONE
             Filter Operator
-              predicate: ((((UDFToDouble(key) > 80.0) and (UDFToDouble(key) < 100.0)) and (UDFToDouble(key) < 90.0)) and (UDFToDouble(key) > 70.0)) (type: boolean)
+              predicate: ((((UDFToDouble(key) > 80.0) and (UDFToDouble(key) < 100.0)) and (UDFToDouble(key) > 70.0)) and (UDFToDouble(key) < 90.0)) (type: boolean)
               Statistics: Num rows: 6 Data size: 63 Basic stats: COMPLETE Column stats: NONE
               Select Operator
                 expressions: key (type: string), value (type: string)
diff --git a/ql/src/test/results/clientpositive/index_auto_mult_tables_compact.q.out b/ql/src/test/results/clientpositive/index_auto_mult_tables_compact.q.out
index b3e6989276..8b395db1eb 100644
--- a/ql/src/test/results/clientpositive/index_auto_mult_tables_compact.q.out
+++ b/ql/src/test/results/clientpositive/index_auto_mult_tables_compact.q.out
@@ -22,7 +22,7 @@ STAGE PLANS:
             alias: a
             Statistics: Num rows: 500 Data size: 5312 Basic stats: COMPLETE Column stats: NONE
             Filter Operator
-              predicate: ((((UDFToDouble(key) > 80.0) and (UDFToDouble(key) < 100.0)) and (UDFToDouble(key) < 90.0)) and (UDFToDouble(key) > 70.0)) (type: boolean)
+              predicate: ((((UDFToDouble(key) > 80.0) and (UDFToDouble(key) < 100.0)) and (UDFToDouble(key) > 70.0)) and (UDFToDouble(key) < 90.0)) (type: boolean)
               Statistics: Num rows: 6 Data size: 63 Basic stats: COMPLETE Column stats: NONE
               Select Operator
                 expressions: key (type: string), value (type: string)
@@ -227,9 +227,9 @@ STAGE PLANS:
       Map Operator Tree:
           TableScan
             alias: default__src_src_index_compact__
-            filterExpr: ((((UDFToDouble(key) > 80.0) and (UDFToDouble(key) < 100.0)) and (UDFToDouble(key) < 90.0)) and (UDFToDouble(key) > 70.0)) (type: boolean)
+            filterExpr: ((((UDFToDouble(key) > 80.0) and (UDFToDouble(key) < 100.0)) and (UDFToDouble(key) > 70.0)) and (UDFToDouble(key) < 90.0)) (type: boolean)
             Filter Operator
-              predicate: ((((UDFToDouble(key) > 80.0) and (UDFToDouble(key) < 100.0)) and (UDFToDouble(key) < 90.0)) and (UDFToDouble(key) > 70.0)) (type: boolean)
+              predicate: ((((UDFToDouble(key) > 80.0) and (UDFToDouble(key) < 100.0)) and (UDFToDouble(key) > 70.0)) and (UDFToDouble(key) < 90.0)) (type: boolean)
               Select Operator
                 expressions: _bucketname (type: string), _offsets (type: array<bigint>)
                 outputColumnNames: _col0, _col1
@@ -260,10 +260,10 @@ STAGE PLANS:
       Map Operator Tree:
           TableScan
             alias: a
-            filterExpr: ((((UDFToDouble(key) > 80.0) and (UDFToDouble(key) < 100.0)) and (UDFToDouble(key) < 90.0)) and (UDFToDouble(key) > 70.0)) (type: boolean)
+            filterExpr: ((((UDFToDouble(key) > 80.0) and (UDFToDouble(key) < 100.0)) and (UDFToDouble(key) > 70.0)) and (UDFToDouble(key) < 90.0)) (type: boolean)
             Statistics: Num rows: 500 Data size: 5312 Basic stats: COMPLETE Column stats: NONE
             Filter Operator
-              predicate: ((((UDFToDouble(key) > 80.0) and (UDFToDouble(key) < 100.0)) and (UDFToDouble(key) < 90.0)) and (UDFToDouble(key) > 70.0)) (type: boolean)
+              predicate: ((((UDFToDouble(key) > 80.0) and (UDFToDouble(key) < 100.0)) and (UDFToDouble(key) > 70.0)) and (UDFToDouble(key) < 90.0)) (type: boolean)
               Statistics: Num rows: 6 Data size: 63 Basic stats: COMPLETE Column stats: NONE
               Select Operator
                 expressions: key (type: string), value (type: string)
diff --git a/ql/src/test/results/clientpositive/index_auto_self_join.q.out b/ql/src/test/results/clientpositive/index_auto_self_join.q.out
index 3cc1d7e8c7..793af78bb5 100644
--- a/ql/src/test/results/clientpositive/index_auto_self_join.q.out
+++ b/ql/src/test/results/clientpositive/index_auto_self_join.q.out
@@ -20,7 +20,7 @@ STAGE PLANS:
             alias: a
             Statistics: Num rows: 500 Data size: 5312 Basic stats: COMPLETE Column stats: NONE
             Filter Operator
-              predicate: (((UDFToDouble(key) > 80.0) and (UDFToDouble(key) < 100.0)) and value is not null) (type: boolean)
+              predicate: ((value is not null and (UDFToDouble(key) > 80.0)) and (UDFToDouble(key) < 100.0)) (type: boolean)
               Statistics: Num rows: 55 Data size: 584 Basic stats: COMPLETE Column stats: NONE
               Select Operator
                 expressions: key (type: string), value (type: string)
@@ -36,7 +36,7 @@ STAGE PLANS:
             alias: a
             Statistics: Num rows: 500 Data size: 5312 Basic stats: COMPLETE Column stats: NONE
             Filter Operator
-              predicate: (((UDFToDouble(key) < 90.0) and (UDFToDouble(key) > 70.0)) and value is not null) (type: boolean)
+              predicate: ((value is not null and (UDFToDouble(key) > 70.0)) and (UDFToDouble(key) < 90.0)) (type: boolean)
               Statistics: Num rows: 55 Data size: 584 Basic stats: COMPLETE Column stats: NONE
               Select Operator
                 expressions: key (type: string), value (type: string)
@@ -172,10 +172,10 @@ STAGE PLANS:
       Map Operator Tree:
           TableScan
             alias: a
-            filterExpr: (((UDFToDouble(key) > 80.0) and (UDFToDouble(key) < 100.0)) and value is not null) (type: boolean)
+            filterExpr: ((value is not null and (UDFToDouble(key) > 80.0)) and (UDFToDouble(key) < 100.0)) (type: boolean)
             Statistics: Num rows: 500 Data size: 5312 Basic stats: COMPLETE Column stats: NONE
             Filter Operator
-              predicate: (((UDFToDouble(key) > 80.0) and (UDFToDouble(key) < 100.0)) and value is not null) (type: boolean)
+              predicate: ((value is not null and (UDFToDouble(key) > 80.0)) and (UDFToDouble(key) < 100.0)) (type: boolean)
               Statistics: Num rows: 55 Data size: 584 Basic stats: COMPLETE Column stats: NONE
               Select Operator
                 expressions: key (type: string), value (type: string)
@@ -189,10 +189,10 @@ STAGE PLANS:
                   value expressions: _col0 (type: string)
           TableScan
             alias: a
-            filterExpr: (((UDFToDouble(key) < 90.0) and (UDFToDouble(key) > 70.0)) and value is not null) (type: boolean)
+            filterExpr: ((value is not null and (UDFToDouble(key) > 70.0)) and (UDFToDouble(key) < 90.0)) (type: boolean)
             Statistics: Num rows: 500 Data size: 5312 Basic stats: COMPLETE Column stats: NONE
             Filter Operator
-              predicate: (((UDFToDouble(key) < 90.0) and (UDFToDouble(key) > 70.0)) and value is not null) (type: boolean)
+              predicate: ((value is not null and (UDFToDouble(key) > 70.0)) and (UDFToDouble(key) < 90.0)) (type: boolean)
               Statistics: Num rows: 55 Data size: 584 Basic stats: COMPLETE Column stats: NONE
               Select Operator
                 expressions: key (type: string), value (type: string)
@@ -230,9 +230,9 @@ STAGE PLANS:
       Map Operator Tree:
           TableScan
             alias: default__src_src_index__
-            filterExpr: (((UDFToDouble(key) < 90.0) and (UDFToDouble(key) > 70.0)) and (not EWAH_BITMAP_EMPTY(_bitmaps))) (type: boolean)
+            filterExpr: (((UDFToDouble(key) > 70.0) and (UDFToDouble(key) < 90.0)) and (not EWAH_BITMAP_EMPTY(_bitmaps))) (type: boolean)
             Filter Operator
-              predicate: (((UDFToDouble(key) < 90.0) and (UDFToDouble(key) > 70.0)) and (not EWAH_BITMAP_EMPTY(_bitmaps))) (type: boolean)
+              predicate: (((UDFToDouble(key) > 70.0) and (UDFToDouble(key) < 90.0)) and (not EWAH_BITMAP_EMPTY(_bitmaps))) (type: boolean)
               Select Operator
                 expressions: _bucketname (type: string), _offset (type: bigint)
                 outputColumnNames: _bucketname, _offset
diff --git a/ql/src/test/results/clientpositive/index_bitmap3.q.out b/ql/src/test/results/clientpositive/index_bitmap3.q.out
index a8eecb5bd4..ed237bbe95 100644
--- a/ql/src/test/results/clientpositive/index_bitmap3.q.out
+++ b/ql/src/test/results/clientpositive/index_bitmap3.q.out
@@ -115,7 +115,7 @@ STAGE PLANS:
             alias: default__src_src1_index__
             Statistics: Num rows: 500 Data size: 46311 Basic stats: COMPLETE Column stats: NONE
             Filter Operator
-              predicate: (((UDFToDouble(key) = 0.0) and _offset is not null) and _bucketname is not null) (type: boolean)
+              predicate: (((UDFToDouble(key) = 0.0) and _bucketname is not null) and _offset is not null) (type: boolean)
               Statistics: Num rows: 250 Data size: 23155 Basic stats: COMPLETE Column stats: NONE
               Select Operator
                 expressions: _bucketname (type: string), _offset (type: bigint), _bitmaps (type: array<bigint>)
@@ -131,7 +131,7 @@ STAGE PLANS:
             alias: default__src_src2_index__
             Statistics: Num rows: 500 Data size: 48311 Basic stats: COMPLETE Column stats: NONE
             Filter Operator
-              predicate: (((value = 'val_0') and _offset is not null) and _bucketname is not null) (type: boolean)
+              predicate: (((value = 'val_0') and _bucketname is not null) and _offset is not null) (type: boolean)
               Statistics: Num rows: 250 Data size: 24155 Basic stats: COMPLETE Column stats: NONE
               Select Operator
                 expressions: _bucketname (type: string), _offset (type: bigint), _bitmaps (type: array<bigint>)
diff --git a/ql/src/test/results/clientpositive/index_bitmap_auto.q.out b/ql/src/test/results/clientpositive/index_bitmap_auto.q.out
index d1fd59c898..2b6bb0c649 100644
--- a/ql/src/test/results/clientpositive/index_bitmap_auto.q.out
+++ b/ql/src/test/results/clientpositive/index_bitmap_auto.q.out
@@ -134,7 +134,7 @@ STAGE PLANS:
             alias: default__src_src1_index__
             Statistics: Num rows: 500 Data size: 46311 Basic stats: COMPLETE Column stats: NONE
             Filter Operator
-              predicate: (((UDFToDouble(key) = 0.0) and _offset is not null) and _bucketname is not null) (type: boolean)
+              predicate: (((UDFToDouble(key) = 0.0) and _bucketname is not null) and _offset is not null) (type: boolean)
               Statistics: Num rows: 250 Data size: 23155 Basic stats: COMPLETE Column stats: NONE
               Select Operator
                 expressions: _bucketname (type: string), _offset (type: bigint), _bitmaps (type: array<bigint>)
@@ -150,7 +150,7 @@ STAGE PLANS:
             alias: default__src_src2_index__
             Statistics: Num rows: 500 Data size: 48311 Basic stats: COMPLETE Column stats: NONE
             Filter Operator
-              predicate: (((value = 'val_0') and _offset is not null) and _bucketname is not null) (type: boolean)
+              predicate: (((value = 'val_0') and _bucketname is not null) and _offset is not null) (type: boolean)
               Statistics: Num rows: 250 Data size: 24155 Basic stats: COMPLETE Column stats: NONE
               Select Operator
                 expressions: _bucketname (type: string), _offset (type: bigint), _bitmaps (type: array<bigint>)
diff --git a/ql/src/test/results/clientpositive/join12.q.out b/ql/src/test/results/clientpositive/join12.q.out
index 8217c86d0e..87b2a8ef73 100644
--- a/ql/src/test/results/clientpositive/join12.q.out
+++ b/ql/src/test/results/clientpositive/join12.q.out
@@ -66,17 +66,17 @@ STAGE PLANS:
             alias: src
             Statistics: Num rows: 500 Data size: 5312 Basic stats: COMPLETE Column stats: NONE
             Filter Operator
-              predicate: (UDFToDouble(key) < 100.0) (type: boolean)
-              Statistics: Num rows: 166 Data size: 1763 Basic stats: COMPLETE Column stats: NONE
+              predicate: ((UDFToDouble(key) < 100.0) and (UDFToDouble(key) < 80.0)) (type: boolean)
+              Statistics: Num rows: 55 Data size: 584 Basic stats: COMPLETE Column stats: NONE
               Select Operator
                 expressions: key (type: string), value (type: string)
                 outputColumnNames: _col0, _col1
-                Statistics: Num rows: 166 Data size: 1763 Basic stats: COMPLETE Column stats: NONE
+                Statistics: Num rows: 55 Data size: 584 Basic stats: COMPLETE Column stats: NONE
                 Reduce Output Operator
                   key expressions: _col0 (type: string)
                   sort order: +
                   Map-reduce partition columns: _col0 (type: string)
-                  Statistics: Num rows: 166 Data size: 1763 Basic stats: COMPLETE Column stats: NONE
+                  Statistics: Num rows: 55 Data size: 584 Basic stats: COMPLETE Column stats: NONE
                   value expressions: _col1 (type: string)
       Reduce Operator Tree:
         Join Operator
@@ -88,14 +88,14 @@ STAGE PLANS:
             1 _col0 (type: string)
             2 _col0 (type: string)
           outputColumnNames: _col0, _col3
-          Statistics: Num rows: 365 Data size: 3878 Basic stats: COMPLETE Column stats: NONE
+          Statistics: Num rows: 121 Data size: 1284 Basic stats: COMPLETE Column stats: NONE
           Select Operator
             expressions: _col0 (type: string), _col3 (type: string)
             outputColumnNames: _col0, _col1
-            Statistics: Num rows: 365 Data size: 3878 Basic stats: COMPLETE Column stats: NONE
+            Statistics: Num rows: 121 Data size: 1284 Basic stats: COMPLETE Column stats: NONE
             File Output Operator
               compressed: false
-              Statistics: Num rows: 365 Data size: 3878 Basic stats: COMPLETE Column stats: NONE
+              Statistics: Num rows: 121 Data size: 1284 Basic stats: COMPLETE Column stats: NONE
               table:
                   input format: org.apache.hadoop.mapred.TextInputFormat
                   output format: org.apache.hadoop.hive.ql.io.HiveIgnoreKeyTextOutputFormat
diff --git a/ql/src/test/results/clientpositive/join16.q.out b/ql/src/test/results/clientpositive/join16.q.out
index 244eb46dc0..3e11387e96 100644
--- a/ql/src/test/results/clientpositive/join16.q.out
+++ b/ql/src/test/results/clientpositive/join16.q.out
@@ -29,7 +29,7 @@ STAGE PLANS:
             alias: a
             Statistics: Num rows: 500 Data size: 5312 Basic stats: COMPLETE Column stats: NONE
             Filter Operator
-              predicate: (((UDFToDouble(value) < 200.0) and (UDFToDouble(key) > 20.0)) and (UDFToDouble(key) > 10.0)) (type: boolean)
+              predicate: (((UDFToDouble(key) > 10.0) and (UDFToDouble(key) > 20.0)) and (UDFToDouble(value) < 200.0)) (type: boolean)
               Statistics: Num rows: 18 Data size: 191 Basic stats: COMPLETE Column stats: NONE
               Select Operator
                 expressions: key (type: string), value (type: string)
diff --git a/ql/src/test/results/clientpositive/join34.q.out b/ql/src/test/results/clientpositive/join34.q.out
index e2c2b1a5ab..f1bf494204 100644
--- a/ql/src/test/results/clientpositive/join34.q.out
+++ b/ql/src/test/results/clientpositive/join34.q.out
@@ -159,7 +159,7 @@ STAGE PLANS:
             GatherStats: false
             Filter Operator
               isSamplingPred: false
-              predicate: (((UDFToDouble(key) < 20.0) or (UDFToDouble(key) > 100.0)) and key is not null) (type: boolean)
+              predicate: (key is not null and ((UDFToDouble(key) < 20.0) or (UDFToDouble(key) > 100.0))) (type: boolean)
               Statistics: Num rows: 16 Data size: 122 Basic stats: COMPLETE Column stats: NONE
               Select Operator
                 expressions: key (type: string), value (type: string)
diff --git a/ql/src/test/results/clientpositive/join35.q.out b/ql/src/test/results/clientpositive/join35.q.out
index 663642c7d1..3ff41ea82e 100644
--- a/ql/src/test/results/clientpositive/join35.q.out
+++ b/ql/src/test/results/clientpositive/join35.q.out
@@ -273,7 +273,7 @@ STAGE PLANS:
             GatherStats: false
             Filter Operator
               isSamplingPred: false
-              predicate: (((UDFToDouble(key) < 20.0) or (UDFToDouble(key) > 100.0)) and key is not null) (type: boolean)
+              predicate: (key is not null and ((UDFToDouble(key) < 20.0) or (UDFToDouble(key) > 100.0))) (type: boolean)
               Statistics: Num rows: 16 Data size: 122 Basic stats: COMPLETE Column stats: NONE
               Select Operator
                 expressions: key (type: string), value (type: string)
diff --git a/ql/src/test/results/clientpositive/join42.q.out b/ql/src/test/results/clientpositive/join42.q.out
index 6e09e38102..4f9e2a9b7e 100644
--- a/ql/src/test/results/clientpositive/join42.q.out
+++ b/ql/src/test/results/clientpositive/join42.q.out
@@ -135,7 +135,7 @@ STAGE PLANS:
             alias: la
             Statistics: Num rows: 1 Data size: 14 Basic stats: COMPLETE Column stats: NONE
             Filter Operator
-              predicate: (((loan_id = 4436) and aid is not null) and pi_id is not null) (type: boolean)
+              predicate: ((aid is not null and pi_id is not null) and (loan_id = 4436)) (type: boolean)
               Statistics: Num rows: 1 Data size: 14 Basic stats: COMPLETE Column stats: NONE
               Select Operator
                 expressions: aid (type: int), pi_id (type: int)
@@ -207,7 +207,7 @@ STAGE PLANS:
             alias: acct
             Statistics: Num rows: 3 Data size: 31 Basic stats: COMPLETE Column stats: NONE
             Filter Operator
-              predicate: (brn is not null and aid is not null) (type: boolean)
+              predicate: (aid is not null and brn is not null) (type: boolean)
               Statistics: Num rows: 3 Data size: 31 Basic stats: COMPLETE Column stats: NONE
               Select Operator
                 expressions: aid (type: int), acc_n (type: int), brn (type: int)
diff --git a/ql/src/test/results/clientpositive/join43.q.out b/ql/src/test/results/clientpositive/join43.q.out
index b5006fa6fe..c5b79f4142 100644
--- a/ql/src/test/results/clientpositive/join43.q.out
+++ b/ql/src/test/results/clientpositive/join43.q.out
@@ -351,7 +351,7 @@ STAGE PLANS:
             alias: events
             Statistics: Num rows: 6 Data size: 79 Basic stats: COMPLETE Column stats: NONE
             Filter Operator
-              predicate: (time is not null and s is not null) (type: boolean)
+              predicate: (s is not null and time is not null) (type: boolean)
               Statistics: Num rows: 6 Data size: 79 Basic stats: COMPLETE Column stats: NONE
               Select Operator
                 expressions: s (type: string), time (type: int)
@@ -566,7 +566,7 @@ STAGE PLANS:
             alias: events
             Statistics: Num rows: 6 Data size: 79 Basic stats: COMPLETE Column stats: NONE
             Filter Operator
-              predicate: (time is not null and s is not null) (type: boolean)
+              predicate: (s is not null and time is not null) (type: boolean)
               Statistics: Num rows: 6 Data size: 79 Basic stats: COMPLETE Column stats: NONE
               Select Operator
                 expressions: s (type: string), st2 (type: string), n (type: int), time (type: int)
diff --git a/ql/src/test/results/clientpositive/join_alt_syntax.q.out b/ql/src/test/results/clientpositive/join_alt_syntax.q.out
index 1c7f159aae..ee7c1bcd36 100644
--- a/ql/src/test/results/clientpositive/join_alt_syntax.q.out
+++ b/ql/src/test/results/clientpositive/join_alt_syntax.q.out
@@ -379,9 +379,9 @@ STAGE PLANS:
                 outputColumnNames: _col0, _col1
                 Statistics: Num rows: 26 Data size: 3147 Basic stats: COMPLETE Column stats: NONE
                 Reduce Output Operator
-                  key expressions: _col0 (type: int), _col1 (type: string)
+                  key expressions: _col1 (type: string), _col0 (type: int)
                   sort order: ++
-                  Map-reduce partition columns: _col0 (type: int), _col1 (type: string)
+                  Map-reduce partition columns: _col1 (type: string), _col0 (type: int)
                   Statistics: Num rows: 26 Data size: 3147 Basic stats: COMPLETE Column stats: NONE
           TableScan
             alias: p1
@@ -394,17 +394,17 @@ STAGE PLANS:
                 outputColumnNames: _col0, _col1
                 Statistics: Num rows: 26 Data size: 3147 Basic stats: COMPLETE Column stats: NONE
                 Reduce Output Operator
-                  key expressions: _col0 (type: int), _col1 (type: string)
+                  key expressions: _col1 (type: string), _col0 (type: int)
                   sort order: ++
-                  Map-reduce partition columns: _col0 (type: int), _col1 (type: string)
+                  Map-reduce partition columns: _col1 (type: string), _col0 (type: int)
                   Statistics: Num rows: 26 Data size: 3147 Basic stats: COMPLETE Column stats: NONE
       Reduce Operator Tree:
         Join Operator
           condition map:
                Inner Join 0 to 1
           keys:
-            0 _col0 (type: int), _col1 (type: string)
-            1 _col0 (type: int), _col1 (type: string)
+            0 _col1 (type: string), _col0 (type: int)
+            1 _col1 (type: string), _col0 (type: int)
           outputColumnNames: _col0, _col1, _col3
           Statistics: Num rows: 28 Data size: 3461 Basic stats: COMPLETE Column stats: NONE
           File Output Operator
diff --git a/ql/src/test/results/clientpositive/join_cond_pushdown_2.q.out b/ql/src/test/results/clientpositive/join_cond_pushdown_2.q.out
index 3a50651c95..90d6817359 100644
--- a/ql/src/test/results/clientpositive/join_cond_pushdown_2.q.out
+++ b/ql/src/test/results/clientpositive/join_cond_pushdown_2.q.out
@@ -161,9 +161,9 @@ STAGE PLANS:
                 outputColumnNames: _col0, _col1, _col2, _col3, _col4, _col5, _col6, _col7, _col8
                 Statistics: Num rows: 26 Data size: 3147 Basic stats: COMPLETE Column stats: NONE
                 Reduce Output Operator
-                  key expressions: _col0 (type: int), _col1 (type: string)
+                  key expressions: _col1 (type: string), _col0 (type: int)
                   sort order: ++
-                  Map-reduce partition columns: _col0 (type: int), _col1 (type: string)
+                  Map-reduce partition columns: _col1 (type: string), _col0 (type: int)
                   Statistics: Num rows: 26 Data size: 3147 Basic stats: COMPLETE Column stats: NONE
                   value expressions: _col2 (type: string), _col3 (type: string), _col4 (type: string), _col5 (type: int), _col6 (type: string), _col7 (type: double), _col8 (type: string)
           TableScan
@@ -177,9 +177,9 @@ STAGE PLANS:
                 outputColumnNames: _col0, _col1, _col2, _col3, _col4, _col5, _col6, _col7, _col8
                 Statistics: Num rows: 26 Data size: 3147 Basic stats: COMPLETE Column stats: NONE
                 Reduce Output Operator
-                  key expressions: _col0 (type: int), _col1 (type: string)
+                  key expressions: _col1 (type: string), _col0 (type: int)
                   sort order: ++
-                  Map-reduce partition columns: _col0 (type: int), _col1 (type: string)
+                  Map-reduce partition columns: _col1 (type: string), _col0 (type: int)
                   Statistics: Num rows: 26 Data size: 3147 Basic stats: COMPLETE Column stats: NONE
                   value expressions: _col2 (type: string), _col3 (type: string), _col4 (type: string), _col5 (type: int), _col6 (type: string), _col7 (type: double), _col8 (type: string)
       Reduce Operator Tree:
@@ -187,8 +187,8 @@ STAGE PLANS:
           condition map:
                Inner Join 0 to 1
           keys:
-            0 _col0 (type: int), _col1 (type: string)
-            1 _col0 (type: int), _col1 (type: string)
+            0 _col1 (type: string), _col0 (type: int)
+            1 _col1 (type: string), _col0 (type: int)
           outputColumnNames: _col0, _col1, _col2, _col3, _col4, _col5, _col6, _col7, _col8, _col9, _col10, _col11, _col12, _col13, _col14, _col15, _col16, _col17
           Statistics: Num rows: 28 Data size: 3461 Basic stats: COMPLETE Column stats: NONE
           File Output Operator
diff --git a/ql/src/test/results/clientpositive/join_cond_pushdown_4.q.out b/ql/src/test/results/clientpositive/join_cond_pushdown_4.q.out
index af51f39f18..19c4034225 100644
--- a/ql/src/test/results/clientpositive/join_cond_pushdown_4.q.out
+++ b/ql/src/test/results/clientpositive/join_cond_pushdown_4.q.out
@@ -165,9 +165,9 @@ STAGE PLANS:
                 outputColumnNames: _col0, _col1, _col2, _col3, _col4, _col5, _col6, _col7, _col8
                 Statistics: Num rows: 26 Data size: 3147 Basic stats: COMPLETE Column stats: NONE
                 Reduce Output Operator
-                  key expressions: _col0 (type: int), _col1 (type: string)
+                  key expressions: _col1 (type: string), _col0 (type: int)
                   sort order: ++
-                  Map-reduce partition columns: _col0 (type: int), _col1 (type: string)
+                  Map-reduce partition columns: _col1 (type: string), _col0 (type: int)
                   Statistics: Num rows: 26 Data size: 3147 Basic stats: COMPLETE Column stats: NONE
                   value expressions: _col2 (type: string), _col3 (type: string), _col4 (type: string), _col5 (type: int), _col6 (type: string), _col7 (type: double), _col8 (type: string)
           TableScan
@@ -181,9 +181,9 @@ STAGE PLANS:
                 outputColumnNames: _col0, _col1, _col2, _col3, _col4, _col5, _col6, _col7, _col8
                 Statistics: Num rows: 26 Data size: 3147 Basic stats: COMPLETE Column stats: NONE
                 Reduce Output Operator
-                  key expressions: _col0 (type: int), _col1 (type: string)
+                  key expressions: _col1 (type: string), _col0 (type: int)
                   sort order: ++
-                  Map-reduce partition columns: _col0 (type: int), _col1 (type: string)
+                  Map-reduce partition columns: _col1 (type: string), _col0 (type: int)
                   Statistics: Num rows: 26 Data size: 3147 Basic stats: COMPLETE Column stats: NONE
                   value expressions: _col2 (type: string), _col3 (type: string), _col4 (type: string), _col5 (type: int), _col6 (type: string), _col7 (type: double), _col8 (type: string)
       Reduce Operator Tree:
@@ -191,8 +191,8 @@ STAGE PLANS:
           condition map:
                Inner Join 0 to 1
           keys:
-            0 _col0 (type: int), _col1 (type: string)
-            1 _col0 (type: int), _col1 (type: string)
+            0 _col1 (type: string), _col0 (type: int)
+            1 _col1 (type: string), _col0 (type: int)
           outputColumnNames: _col0, _col1, _col2, _col3, _col4, _col5, _col6, _col7, _col8, _col9, _col10, _col11, _col12, _col13, _col14, _col15, _col16, _col17
           Statistics: Num rows: 28 Data size: 3461 Basic stats: COMPLETE Column stats: NONE
           File Output Operator
diff --git a/ql/src/test/results/clientpositive/join_cond_pushdown_unqual2.q.out b/ql/src/test/results/clientpositive/join_cond_pushdown_unqual2.q.out
index 6a5608bdf1..20c5dd421b 100644
--- a/ql/src/test/results/clientpositive/join_cond_pushdown_unqual2.q.out
+++ b/ql/src/test/results/clientpositive/join_cond_pushdown_unqual2.q.out
@@ -188,9 +188,9 @@ STAGE PLANS:
                 outputColumnNames: _col0, _col1, _col2, _col3, _col4, _col5, _col6, _col7, _col8
                 Statistics: Num rows: 26 Data size: 3147 Basic stats: COMPLETE Column stats: NONE
                 Reduce Output Operator
-                  key expressions: _col0 (type: int), _col1 (type: string)
+                  key expressions: _col1 (type: string), _col0 (type: int)
                   sort order: ++
-                  Map-reduce partition columns: _col0 (type: int), _col1 (type: string)
+                  Map-reduce partition columns: _col1 (type: string), _col0 (type: int)
                   Statistics: Num rows: 26 Data size: 3147 Basic stats: COMPLETE Column stats: NONE
                   value expressions: _col2 (type: string), _col3 (type: string), _col4 (type: string), _col5 (type: int), _col6 (type: string), _col7 (type: double), _col8 (type: string)
           TableScan
@@ -204,9 +204,9 @@ STAGE PLANS:
                 outputColumnNames: _col0, _col1, _col2, _col3, _col4, _col5, _col6, _col7, _col8
                 Statistics: Num rows: 1 Data size: 0 Basic stats: PARTIAL Column stats: NONE
                 Reduce Output Operator
-                  key expressions: _col0 (type: int), _col1 (type: string)
+                  key expressions: _col1 (type: string), _col0 (type: int)
                   sort order: ++
-                  Map-reduce partition columns: _col0 (type: int), _col1 (type: string)
+                  Map-reduce partition columns: _col1 (type: string), _col0 (type: int)
                   Statistics: Num rows: 1 Data size: 0 Basic stats: PARTIAL Column stats: NONE
                   value expressions: _col2 (type: string), _col3 (type: string), _col4 (type: string), _col5 (type: int), _col6 (type: string), _col7 (type: double), _col8 (type: string)
       Reduce Operator Tree:
@@ -214,8 +214,8 @@ STAGE PLANS:
           condition map:
                Inner Join 0 to 1
           keys:
-            0 _col0 (type: int), _col1 (type: string)
-            1 _col0 (type: int), _col1 (type: string)
+            0 _col1 (type: string), _col0 (type: int)
+            1 _col1 (type: string), _col0 (type: int)
           outputColumnNames: _col0, _col1, _col2, _col3, _col4, _col5, _col6, _col7, _col8, _col9, _col10, _col11, _col12, _col13, _col14, _col15, _col16, _col17
           Statistics: Num rows: 28 Data size: 3461 Basic stats: COMPLETE Column stats: NONE
           File Output Operator
diff --git a/ql/src/test/results/clientpositive/join_cond_pushdown_unqual4.q.out b/ql/src/test/results/clientpositive/join_cond_pushdown_unqual4.q.out
index d4a3549e3b..28230e740d 100644
--- a/ql/src/test/results/clientpositive/join_cond_pushdown_unqual4.q.out
+++ b/ql/src/test/results/clientpositive/join_cond_pushdown_unqual4.q.out
@@ -192,9 +192,9 @@ STAGE PLANS:
                 outputColumnNames: _col0, _col1, _col2, _col3, _col4, _col5, _col6, _col7, _col8
                 Statistics: Num rows: 26 Data size: 3147 Basic stats: COMPLETE Column stats: NONE
                 Reduce Output Operator
-                  key expressions: _col0 (type: int), _col1 (type: string)
+                  key expressions: _col1 (type: string), _col0 (type: int)
                   sort order: ++
-                  Map-reduce partition columns: _col0 (type: int), _col1 (type: string)
+                  Map-reduce partition columns: _col1 (type: string), _col0 (type: int)
                   Statistics: Num rows: 26 Data size: 3147 Basic stats: COMPLETE Column stats: NONE
                   value expressions: _col2 (type: string), _col3 (type: string), _col4 (type: string), _col5 (type: int), _col6 (type: string), _col7 (type: double), _col8 (type: string)
           TableScan
@@ -208,9 +208,9 @@ STAGE PLANS:
                 outputColumnNames: _col0, _col1, _col2, _col3, _col4, _col5, _col6, _col7, _col8
                 Statistics: Num rows: 1 Data size: 0 Basic stats: PARTIAL Column stats: NONE
                 Reduce Output Operator
-                  key expressions: _col0 (type: int), _col1 (type: string)
+                  key expressions: _col1 (type: string), _col0 (type: int)
                   sort order: ++
-                  Map-reduce partition columns: _col0 (type: int), _col1 (type: string)
+                  Map-reduce partition columns: _col1 (type: string), _col0 (type: int)
                   Statistics: Num rows: 1 Data size: 0 Basic stats: PARTIAL Column stats: NONE
                   value expressions: _col2 (type: string), _col3 (type: string), _col4 (type: string), _col5 (type: int), _col6 (type: string), _col7 (type: double), _col8 (type: string)
       Reduce Operator Tree:
@@ -218,8 +218,8 @@ STAGE PLANS:
           condition map:
                Inner Join 0 to 1
           keys:
-            0 _col0 (type: int), _col1 (type: string)
-            1 _col0 (type: int), _col1 (type: string)
+            0 _col1 (type: string), _col0 (type: int)
+            1 _col1 (type: string), _col0 (type: int)
           outputColumnNames: _col0, _col1, _col2, _col3, _col4, _col5, _col6, _col7, _col8, _col9, _col10, _col11, _col12, _col13, _col14, _col15, _col16, _col17
           Statistics: Num rows: 28 Data size: 3461 Basic stats: COMPLETE Column stats: NONE
           File Output Operator
diff --git a/ql/src/test/results/clientpositive/join_grp_diff_keys.q.out b/ql/src/test/results/clientpositive/join_grp_diff_keys.q.out
index da029c97a3..b24bcba950 100644
--- a/ql/src/test/results/clientpositive/join_grp_diff_keys.q.out
+++ b/ql/src/test/results/clientpositive/join_grp_diff_keys.q.out
@@ -59,7 +59,7 @@ STAGE PLANS:
             alias: foo
             Statistics: Num rows: 1 Data size: 0 Basic stats: PARTIAL Column stats: NONE
             Filter Operator
-              predicate: (((orders <> 'blah') and line_id is not null) and id is not null) (type: boolean)
+              predicate: ((id is not null and line_id is not null) and (orders <> 'blah')) (type: boolean)
               Statistics: Num rows: 1 Data size: 0 Basic stats: PARTIAL Column stats: NONE
               Select Operator
                 expressions: id (type: int), line_id (type: int)
@@ -74,7 +74,7 @@ STAGE PLANS:
             alias: bar
             Statistics: Num rows: 1 Data size: 0 Basic stats: PARTIAL Column stats: NONE
             Filter Operator
-              predicate: (line_id is not null and id is not null) (type: boolean)
+              predicate: (id is not null and line_id is not null) (type: boolean)
               Statistics: Num rows: 1 Data size: 0 Basic stats: PARTIAL Column stats: NONE
               Select Operator
                 expressions: id (type: int), line_id (type: int)
@@ -89,7 +89,7 @@ STAGE PLANS:
             alias: split
             Statistics: Num rows: 1 Data size: 0 Basic stats: PARTIAL Column stats: NONE
             Filter Operator
-              predicate: (line_id is not null and id is not null) (type: boolean)
+              predicate: (id is not null and line_id is not null) (type: boolean)
               Statistics: Num rows: 1 Data size: 0 Basic stats: PARTIAL Column stats: NONE
               Select Operator
                 expressions: id (type: int), line_id (type: int)
@@ -104,7 +104,7 @@ STAGE PLANS:
             alias: forecast
             Statistics: Num rows: 1 Data size: 0 Basic stats: PARTIAL Column stats: NONE
             Filter Operator
-              predicate: (line_id is not null and id is not null) (type: boolean)
+              predicate: (id is not null and line_id is not null) (type: boolean)
               Statistics: Num rows: 1 Data size: 0 Basic stats: PARTIAL Column stats: NONE
               Select Operator
                 expressions: id (type: int), line_id (type: int)
diff --git a/ql/src/test/results/clientpositive/lineage2.q.out b/ql/src/test/results/clientpositive/lineage2.q.out
index a189f82a3d..ec64c10d0c 100644
--- a/ql/src/test/results/clientpositive/lineage2.q.out
+++ b/ql/src/test/results/clientpositive/lineage2.q.out
@@ -523,14 +523,14 @@ PREHOOK: Input: default@src1
 PREHOOK: Input: default@src2
 PREHOOK: Output: database:default
 PREHOOK: Output: default@dest3
-{"version":"1.0","engine":"mr","database":"default","hash":"a2c4e9a3ec678039814f5d84b1e38ce4","queryText":"create table dest3 as\n  select * from src1 JOIN src2 ON src1.key = src2.key2 WHERE length(key) > 1","edges":[{"sources":[4],"targets":[0],"edgeType":"PROJECTION"},{"sources":[5],"targets":[1],"edgeType":"PROJECTION"},{"sources":[6],"targets":[2],"edgeType":"PROJECTION"},{"sources":[7],"targets":[3],"edgeType":"PROJECTION"},{"sources":[4],"targets":[0,1,2,3],"expression":"((length(src1.key) > 1) and src1.key is not null)","edgeType":"PREDICATE"},{"sources":[4,6],"targets":[0,1,2,3],"expression":"(src1.key = src2.key2)","edgeType":"PREDICATE"},{"sources":[6],"targets":[0,1,2,3],"expression":"((length(src2.key2) > 1) and src2.key2 is not null)","edgeType":"PREDICATE"}],"vertices":[{"id":0,"vertexType":"COLUMN","vertexId":"default.dest3.key"},{"id":1,"vertexType":"COLUMN","vertexId":"default.dest3.value"},{"id":2,"vertexType":"COLUMN","vertexId":"default.dest3.key2"},{"id":3,"vertexType":"COLUMN","vertexId":"default.dest3.value2"},{"id":4,"vertexType":"COLUMN","vertexId":"default.src1.key"},{"id":5,"vertexType":"COLUMN","vertexId":"default.src1.value"},{"id":6,"vertexType":"COLUMN","vertexId":"default.src2.key2"},{"id":7,"vertexType":"COLUMN","vertexId":"default.src2.value2"}]}
+{"version":"1.0","engine":"mr","database":"default","hash":"a2c4e9a3ec678039814f5d84b1e38ce4","queryText":"create table dest3 as\n  select * from src1 JOIN src2 ON src1.key = src2.key2 WHERE length(key) > 1","edges":[{"sources":[4],"targets":[0],"edgeType":"PROJECTION"},{"sources":[5],"targets":[1],"edgeType":"PROJECTION"},{"sources":[6],"targets":[2],"edgeType":"PROJECTION"},{"sources":[7],"targets":[3],"edgeType":"PROJECTION"},{"sources":[4],"targets":[0,1,2,3],"expression":"(src1.key is not null and (length(src1.key) > 1))","edgeType":"PREDICATE"},{"sources":[4,6],"targets":[0,1,2,3],"expression":"(src1.key = src2.key2)","edgeType":"PREDICATE"},{"sources":[6],"targets":[0,1,2,3],"expression":"(src2.key2 is not null and (length(src2.key2) > 1))","edgeType":"PREDICATE"}],"vertices":[{"id":0,"vertexType":"COLUMN","vertexId":"default.dest3.key"},{"id":1,"vertexType":"COLUMN","vertexId":"default.dest3.value"},{"id":2,"vertexType":"COLUMN","vertexId":"default.dest3.key2"},{"id":3,"vertexType":"COLUMN","vertexId":"default.dest3.value2"},{"id":4,"vertexType":"COLUMN","vertexId":"default.src1.key"},{"id":5,"vertexType":"COLUMN","vertexId":"default.src1.value"},{"id":6,"vertexType":"COLUMN","vertexId":"default.src2.key2"},{"id":7,"vertexType":"COLUMN","vertexId":"default.src2.value2"}]}
 PREHOOK: query: insert overwrite table dest2
   select * from src1 JOIN src2 ON src1.key = src2.key2 WHERE length(key) > 3
 PREHOOK: type: QUERY
 PREHOOK: Input: default@src1
 PREHOOK: Input: default@src2
 PREHOOK: Output: default@dest2
-{"version":"1.0","engine":"mr","database":"default","hash":"76d84512204ddc576ad4d93f252e4358","queryText":"insert overwrite table dest2\n  select * from src1 JOIN src2 ON src1.key = src2.key2 WHERE length(key) > 3","edges":[{"sources":[4],"targets":[0],"edgeType":"PROJECTION"},{"sources":[5],"targets":[1],"edgeType":"PROJECTION"},{"sources":[6],"targets":[2],"edgeType":"PROJECTION"},{"sources":[7],"targets":[3],"edgeType":"PROJECTION"},{"sources":[4],"targets":[0,1,2,3],"expression":"((length(src1.key) > 3) and src1.key is not null)","edgeType":"PREDICATE"},{"sources":[4,6],"targets":[0,1,2,3],"expression":"(src1.key = src2.key2)","edgeType":"PREDICATE"},{"sources":[6],"targets":[0,1,2,3],"expression":"((length(src2.key2) > 3) and src2.key2 is not null)","edgeType":"PREDICATE"}],"vertices":[{"id":0,"vertexType":"COLUMN","vertexId":"default.dest2.key"},{"id":1,"vertexType":"COLUMN","vertexId":"default.dest2.value"},{"id":2,"vertexType":"COLUMN","vertexId":"default.dest2.key2"},{"id":3,"vertexType":"COLUMN","vertexId":"default.dest2.value2"},{"id":4,"vertexType":"COLUMN","vertexId":"default.src1.key"},{"id":5,"vertexType":"COLUMN","vertexId":"default.src1.value"},{"id":6,"vertexType":"COLUMN","vertexId":"default.src2.key2"},{"id":7,"vertexType":"COLUMN","vertexId":"default.src2.value2"}]}
+{"version":"1.0","engine":"mr","database":"default","hash":"76d84512204ddc576ad4d93f252e4358","queryText":"insert overwrite table dest2\n  select * from src1 JOIN src2 ON src1.key = src2.key2 WHERE length(key) > 3","edges":[{"sources":[4],"targets":[0],"edgeType":"PROJECTION"},{"sources":[5],"targets":[1],"edgeType":"PROJECTION"},{"sources":[6],"targets":[2],"edgeType":"PROJECTION"},{"sources":[7],"targets":[3],"edgeType":"PROJECTION"},{"sources":[4],"targets":[0,1,2,3],"expression":"(src1.key is not null and (length(src1.key) > 3))","edgeType":"PREDICATE"},{"sources":[4,6],"targets":[0,1,2,3],"expression":"(src1.key = src2.key2)","edgeType":"PREDICATE"},{"sources":[6],"targets":[0,1,2,3],"expression":"(src2.key2 is not null and (length(src2.key2) > 3))","edgeType":"PREDICATE"}],"vertices":[{"id":0,"vertexType":"COLUMN","vertexId":"default.dest2.key"},{"id":1,"vertexType":"COLUMN","vertexId":"default.dest2.value"},{"id":2,"vertexType":"COLUMN","vertexId":"default.dest2.key2"},{"id":3,"vertexType":"COLUMN","vertexId":"default.dest2.value2"},{"id":4,"vertexType":"COLUMN","vertexId":"default.src1.key"},{"id":5,"vertexType":"COLUMN","vertexId":"default.src1.value"},{"id":6,"vertexType":"COLUMN","vertexId":"default.src2.key2"},{"id":7,"vertexType":"COLUMN","vertexId":"default.src2.value2"}]}
 PREHOOK: query: drop table if exists dest_l1
 PREHOOK: type: DROPTABLE
 PREHOOK: query: CREATE TABLE dest_l1(key INT, value STRING) STORED AS TEXTFILE
@@ -593,7 +593,7 @@ PREHOOK: Input: default@dept
 PREHOOK: Input: default@emp
 PREHOOK: Input: default@project
 PREHOOK: Output: default@tgt
-{"version":"1.0","engine":"mr","database":"default","hash":"f59797e0422d2e51515063374dfac361","queryText":"INSERT INTO TABLE tgt\nSELECT emd.dept_name, emd.name, emd.emp_id, emd.mgr_id, p.project_id, p.project_name\nFROM (\n  SELECT d.dept_name, em.name, em.emp_id, em.mgr_id, em.dept_id\n  FROM (\n    SELECT e.name, e.dept_id, e.emp_id emp_id, m.emp_id mgr_id\n    FROM emp e JOIN emp m ON e.emp_id = m.emp_id\n    ) em\n  JOIN dept d ON d.dept_id = em.dept_id\n  ) emd JOIN project p ON emd.dept_id = p.project_id","edges":[{"sources":[6],"targets":[0],"edgeType":"PROJECTION"},{"sources":[7],"targets":[1],"edgeType":"PROJECTION"},{"sources":[8],"targets":[2,3],"edgeType":"PROJECTION"},{"sources":[9],"targets":[4],"edgeType":"PROJECTION"},{"sources":[10],"targets":[5],"edgeType":"PROJECTION"},{"sources":[8,11],"targets":[0,1,2,3,4,5],"expression":"(e.emp_id is not null and e.dept_id is not null)","edgeType":"PREDICATE"},{"sources":[8],"targets":[0,1,2,3,4,5],"expression":"(e.emp_id = e.emp_id)","edgeType":"PREDICATE"},{"sources":[8],"targets":[0,1,2,3,4,5],"expression":"e.emp_id is not null","edgeType":"PREDICATE"},{"sources":[11,12],"targets":[0,1,2,3,4,5],"expression":"(e.dept_id = d.dept_id)","edgeType":"PREDICATE"},{"sources":[12],"targets":[0,1,2,3,4,5],"expression":"d.dept_id is not null","edgeType":"PREDICATE"},{"sources":[11,9],"targets":[0,1,2,3,4,5],"expression":"(e.dept_id = p.project_id)","edgeType":"PREDICATE"},{"sources":[9],"targets":[0,1,2,3,4,5],"expression":"p.project_id is not null","edgeType":"PREDICATE"}],"vertices":[{"id":0,"vertexType":"COLUMN","vertexId":"default.tgt.dept_name"},{"id":1,"vertexType":"COLUMN","vertexId":"default.tgt.name"},{"id":2,"vertexType":"COLUMN","vertexId":"default.tgt.emp_id"},{"id":3,"vertexType":"COLUMN","vertexId":"default.tgt.mgr_id"},{"id":4,"vertexType":"COLUMN","vertexId":"default.tgt.proj_id"},{"id":5,"vertexType":"COLUMN","vertexId":"default.tgt.proj_name"},{"id":6,"vertexType":"COLUMN","vertexId":"default.dept.dept_name"},{"id":7,"vertexType":"COLUMN","vertexId":"default.emp.name"},{"id":8,"vertexType":"COLUMN","vertexId":"default.emp.emp_id"},{"id":9,"vertexType":"COLUMN","vertexId":"default.project.project_id"},{"id":10,"vertexType":"COLUMN","vertexId":"default.project.project_name"},{"id":11,"vertexType":"COLUMN","vertexId":"default.emp.dept_id"},{"id":12,"vertexType":"COLUMN","vertexId":"default.dept.dept_id"}]}
+{"version":"1.0","engine":"mr","database":"default","hash":"f59797e0422d2e51515063374dfac361","queryText":"INSERT INTO TABLE tgt\nSELECT emd.dept_name, emd.name, emd.emp_id, emd.mgr_id, p.project_id, p.project_name\nFROM (\n  SELECT d.dept_name, em.name, em.emp_id, em.mgr_id, em.dept_id\n  FROM (\n    SELECT e.name, e.dept_id, e.emp_id emp_id, m.emp_id mgr_id\n    FROM emp e JOIN emp m ON e.emp_id = m.emp_id\n    ) em\n  JOIN dept d ON d.dept_id = em.dept_id\n  ) emd JOIN project p ON emd.dept_id = p.project_id","edges":[{"sources":[6],"targets":[0],"edgeType":"PROJECTION"},{"sources":[7],"targets":[1],"edgeType":"PROJECTION"},{"sources":[8],"targets":[2,3],"edgeType":"PROJECTION"},{"sources":[9],"targets":[4],"edgeType":"PROJECTION"},{"sources":[10],"targets":[5],"edgeType":"PROJECTION"},{"sources":[8,11],"targets":[0,1,2,3,4,5],"expression":"(e.emp_id is not null and e.dept_id is not null and e.dept_id is not null)","edgeType":"PREDICATE"},{"sources":[8],"targets":[0,1,2,3,4,5],"expression":"(e.emp_id = e.emp_id)","edgeType":"PREDICATE"},{"sources":[8],"targets":[0,1,2,3,4,5],"expression":"e.emp_id is not null","edgeType":"PREDICATE"},{"sources":[11,12],"targets":[0,1,2,3,4,5],"expression":"(e.dept_id = d.dept_id)","edgeType":"PREDICATE"},{"sources":[12],"targets":[0,1,2,3,4,5],"expression":"d.dept_id is not null","edgeType":"PREDICATE"},{"sources":[11,9],"targets":[0,1,2,3,4,5],"expression":"(e.dept_id = p.project_id)","edgeType":"PREDICATE"},{"sources":[9],"targets":[0,1,2,3,4,5],"expression":"p.project_id is not null","edgeType":"PREDICATE"}],"vertices":[{"id":0,"vertexType":"COLUMN","vertexId":"default.tgt.dept_name"},{"id":1,"vertexType":"COLUMN","vertexId":"default.tgt.name"},{"id":2,"vertexType":"COLUMN","vertexId":"default.tgt.emp_id"},{"id":3,"vertexType":"COLUMN","vertexId":"default.tgt.mgr_id"},{"id":4,"vertexType":"COLUMN","vertexId":"default.tgt.proj_id"},{"id":5,"vertexType":"COLUMN","vertexId":"default.tgt.proj_name"},{"id":6,"vertexType":"COLUMN","vertexId":"default.dept.dept_name"},{"id":7,"vertexType":"COLUMN","vertexId":"default.emp.name"},{"id":8,"vertexType":"COLUMN","vertexId":"default.emp.emp_id"},{"id":9,"vertexType":"COLUMN","vertexId":"default.project.project_id"},{"id":10,"vertexType":"COLUMN","vertexId":"default.project.project_name"},{"id":11,"vertexType":"COLUMN","vertexId":"default.emp.dept_id"},{"id":12,"vertexType":"COLUMN","vertexId":"default.dept.dept_id"}]}
 PREHOOK: query: drop table if exists dest_l2
 PREHOOK: type: DROPTABLE
 PREHOOK: query: create table dest_l2 (id int, c1 tinyint, c2 int, c3 bigint) stored as textfile
@@ -646,7 +646,7 @@ PREHOOK: type: QUERY
 PREHOOK: Input: default@dest_l2
 PREHOOK: Input: default@dest_l3
 #### A masked pattern was here ####
-{"version":"1.0","engine":"mr","database":"default","hash":"01879c619517509d9f5b6ead998bb4bb","queryText":"select sum(a.c1), count(b.c1), b.c2, b.c3\nfrom dest_l2 a join dest_l3 b on (a.id = b.id)\nwhere a.c2 != 10 and b.c3 > 0\ngroup by a.c1, a.c2, a.id, b.c1, b.c2, b.c3\nhaving count(a.c2) > 0\norder by b.c3 limit 5","edges":[{"sources":[4],"targets":[0],"expression":"sum(default.dest_l2.c1)","edgeType":"PROJECTION"},{"sources":[5],"targets":[1],"expression":"count(default.dest_l3.c1)","edgeType":"PROJECTION"},{"sources":[6],"targets":[2],"edgeType":"PROJECTION"},{"sources":[7],"targets":[3],"edgeType":"PROJECTION"},{"sources":[8,9],"targets":[0,1,2,3],"expression":"((a.c2 <> 10) and a.id is not null)","edgeType":"PREDICATE"},{"sources":[9,10],"targets":[0,1,2,3],"expression":"(a.id = b.id)","edgeType":"PREDICATE"},{"sources":[7,10],"targets":[0,1,2,3],"expression":"((b.c3 > 0) and b.id is not null)","edgeType":"PREDICATE"},{"sources":[8],"targets":[0,1,2,3],"expression":"(count(default.dest_l2.c2) > 0)","edgeType":"PREDICATE"}],"vertices":[{"id":0,"vertexType":"COLUMN","vertexId":"c0"},{"id":1,"vertexType":"COLUMN","vertexId":"c1"},{"id":2,"vertexType":"COLUMN","vertexId":"b.c2"},{"id":3,"vertexType":"COLUMN","vertexId":"b.c3"},{"id":4,"vertexType":"COLUMN","vertexId":"default.dest_l2.c1"},{"id":5,"vertexType":"COLUMN","vertexId":"default.dest_l3.c1"},{"id":6,"vertexType":"COLUMN","vertexId":"default.dest_l3.c2"},{"id":7,"vertexType":"COLUMN","vertexId":"default.dest_l3.c3"},{"id":8,"vertexType":"COLUMN","vertexId":"default.dest_l2.c2"},{"id":9,"vertexType":"COLUMN","vertexId":"default.dest_l2.id"},{"id":10,"vertexType":"COLUMN","vertexId":"default.dest_l3.id"}]}
+{"version":"1.0","engine":"mr","database":"default","hash":"01879c619517509d9f5b6ead998bb4bb","queryText":"select sum(a.c1), count(b.c1), b.c2, b.c3\nfrom dest_l2 a join dest_l3 b on (a.id = b.id)\nwhere a.c2 != 10 and b.c3 > 0\ngroup by a.c1, a.c2, a.id, b.c1, b.c2, b.c3\nhaving count(a.c2) > 0\norder by b.c3 limit 5","edges":[{"sources":[4],"targets":[0],"expression":"sum(default.dest_l2.c1)","edgeType":"PROJECTION"},{"sources":[5],"targets":[1],"expression":"count(default.dest_l3.c1)","edgeType":"PROJECTION"},{"sources":[6],"targets":[2],"edgeType":"PROJECTION"},{"sources":[7],"targets":[3],"edgeType":"PROJECTION"},{"sources":[8,9],"targets":[0,1,2,3],"expression":"(a.id is not null and (a.c2 <> 10))","edgeType":"PREDICATE"},{"sources":[8,10],"targets":[0,1,2,3],"expression":"(a.id = b.id)","edgeType":"PREDICATE"},{"sources":[10,7],"targets":[0,1,2,3],"expression":"(b.id is not null and (b.c3 > 0))","edgeType":"PREDICATE"},{"sources":[9],"targets":[0,1,2,3],"expression":"(count(default.dest_l2.c2) > 0)","edgeType":"PREDICATE"}],"vertices":[{"id":0,"vertexType":"COLUMN","vertexId":"c0"},{"id":1,"vertexType":"COLUMN","vertexId":"c1"},{"id":2,"vertexType":"COLUMN","vertexId":"b.c2"},{"id":3,"vertexType":"COLUMN","vertexId":"b.c3"},{"id":4,"vertexType":"COLUMN","vertexId":"default.dest_l2.c1"},{"id":5,"vertexType":"COLUMN","vertexId":"default.dest_l3.c1"},{"id":6,"vertexType":"COLUMN","vertexId":"default.dest_l3.c2"},{"id":7,"vertexType":"COLUMN","vertexId":"default.dest_l3.c3"},{"id":8,"vertexType":"COLUMN","vertexId":"default.dest_l2.id"},{"id":9,"vertexType":"COLUMN","vertexId":"default.dest_l2.c2"},{"id":10,"vertexType":"COLUMN","vertexId":"default.dest_l3.id"}]}
 1	1	s2	15
 PREHOOK: query: drop table if exists t
 PREHOOK: type: DROPTABLE
@@ -659,7 +659,7 @@ PREHOOK: Input: default@dest_l2
 PREHOOK: Input: default@dest_l3
 PREHOOK: Output: database:default
 PREHOOK: Output: default@t
-{"version":"1.0","engine":"mr","database":"default","hash":"0d2f15b494111ffe236d5be42a76fa28","queryText":"create table t as\nselect distinct a.c2, a.c3 from dest_l2 a\ninner join dest_l3 b on (a.id = b.id)\nwhere a.id > 0 and b.c3 = 15","edges":[{"sources":[2],"targets":[0],"edgeType":"PROJECTION"},{"sources":[3],"targets":[1],"edgeType":"PROJECTION"},{"sources":[4],"targets":[0,1],"expression":"((a.id > 0) and a.id is not null)","edgeType":"PREDICATE"},{"sources":[4,5],"targets":[0,1],"expression":"(a.id = b.id)","edgeType":"PREDICATE"},{"sources":[6,5],"targets":[0,1],"expression":"((b.c3 = 15) and (b.id > 0) and b.id is not null)","edgeType":"PREDICATE"}],"vertices":[{"id":0,"vertexType":"COLUMN","vertexId":"default.t.c2"},{"id":1,"vertexType":"COLUMN","vertexId":"default.t.c3"},{"id":2,"vertexType":"COLUMN","vertexId":"default.dest_l2.c2"},{"id":3,"vertexType":"COLUMN","vertexId":"default.dest_l2.c3"},{"id":4,"vertexType":"COLUMN","vertexId":"default.dest_l2.id"},{"id":5,"vertexType":"COLUMN","vertexId":"default.dest_l3.id"},{"id":6,"vertexType":"COLUMN","vertexId":"default.dest_l3.c3"}]}
+{"version":"1.0","engine":"mr","database":"default","hash":"0d2f15b494111ffe236d5be42a76fa28","queryText":"create table t as\nselect distinct a.c2, a.c3 from dest_l2 a\ninner join dest_l3 b on (a.id = b.id)\nwhere a.id > 0 and b.c3 = 15","edges":[{"sources":[2],"targets":[0],"edgeType":"PROJECTION"},{"sources":[3],"targets":[1],"edgeType":"PROJECTION"},{"sources":[4],"targets":[0,1],"expression":"(a.id is not null and (a.id > 0))","edgeType":"PREDICATE"},{"sources":[4,5],"targets":[0,1],"expression":"(a.id = b.id)","edgeType":"PREDICATE"},{"sources":[5,6],"targets":[0,1],"expression":"(b.id is not null and (b.c3 = 15) and (b.id > 0))","edgeType":"PREDICATE"}],"vertices":[{"id":0,"vertexType":"COLUMN","vertexId":"default.t.c2"},{"id":1,"vertexType":"COLUMN","vertexId":"default.t.c3"},{"id":2,"vertexType":"COLUMN","vertexId":"default.dest_l2.c2"},{"id":3,"vertexType":"COLUMN","vertexId":"default.dest_l2.c3"},{"id":4,"vertexType":"COLUMN","vertexId":"default.dest_l2.id"},{"id":5,"vertexType":"COLUMN","vertexId":"default.dest_l3.id"},{"id":6,"vertexType":"COLUMN","vertexId":"default.dest_l3.c3"}]}
 PREHOOK: query: SELECT substr(src1.key,1,1), count(DISTINCT substr(src1.value,5)),
 concat(substr(src1.key,1,1),sum(substr(src1.value,5)))
 from src1
diff --git a/ql/src/test/results/clientpositive/lineage3.q.out b/ql/src/test/results/clientpositive/lineage3.q.out
index f1162a213e..ca7d6e08a3 100644
--- a/ql/src/test/results/clientpositive/lineage3.q.out
+++ b/ql/src/test/results/clientpositive/lineage3.q.out
@@ -116,7 +116,7 @@ order by a.cbigint, a.ctinyint, b.cint, b.ctinyint limit 5
 PREHOOK: type: QUERY
 PREHOOK: Input: default@alltypesorc
 #### A masked pattern was here ####
-{"version":"1.0","engine":"mr","database":"default","hash":"afd760470fc5aa6d3e8348dee03af97f","queryText":"select a.cbigint, a.ctinyint, b.cint, b.ctinyint\nfrom\n  (select ctinyint, cbigint from alltypesorc\n   union all\n   select ctinyint, cbigint from alltypesorc) a\n  inner join\n  alltypesorc b\n  on (a.ctinyint = b.ctinyint)\nwhere b.ctinyint < 100 and a.cbigint is not null and b.cint is not null\norder by a.cbigint, a.ctinyint, b.cint, b.ctinyint limit 5","edges":[{"sources":[4],"targets":[0],"expression":"cbigint","edgeType":"PROJECTION"},{"sources":[5],"targets":[1],"expression":"ctinyint","edgeType":"PROJECTION"},{"sources":[6],"targets":[2],"edgeType":"PROJECTION"},{"sources":[5],"targets":[3],"edgeType":"PROJECTION"},{"sources":[4,5],"targets":[0,1,2,3],"expression":"(alltypesorc.cbigint is not null and (alltypesorc.ctinyint < 100) and alltypesorc.ctinyint is not null)","edgeType":"PREDICATE"},{"sources":[5],"targets":[0,1,2,3],"expression":"(ctinyint = alltypesorc.ctinyint)","edgeType":"PREDICATE"},{"sources":[5,6],"targets":[0,1,2,3],"expression":"((alltypesorc.ctinyint < 100) and alltypesorc.cint is not null and alltypesorc.ctinyint is not null)","edgeType":"PREDICATE"}],"vertices":[{"id":0,"vertexType":"COLUMN","vertexId":"a.cbigint"},{"id":1,"vertexType":"COLUMN","vertexId":"a.ctinyint"},{"id":2,"vertexType":"COLUMN","vertexId":"b.cint"},{"id":3,"vertexType":"COLUMN","vertexId":"b.ctinyint"},{"id":4,"vertexType":"COLUMN","vertexId":"default.alltypesorc.cbigint"},{"id":5,"vertexType":"COLUMN","vertexId":"default.alltypesorc.ctinyint"},{"id":6,"vertexType":"COLUMN","vertexId":"default.alltypesorc.cint"}]}
+{"version":"1.0","engine":"mr","database":"default","hash":"afd760470fc5aa6d3e8348dee03af97f","queryText":"select a.cbigint, a.ctinyint, b.cint, b.ctinyint\nfrom\n  (select ctinyint, cbigint from alltypesorc\n   union all\n   select ctinyint, cbigint from alltypesorc) a\n  inner join\n  alltypesorc b\n  on (a.ctinyint = b.ctinyint)\nwhere b.ctinyint < 100 and a.cbigint is not null and b.cint is not null\norder by a.cbigint, a.ctinyint, b.cint, b.ctinyint limit 5","edges":[{"sources":[4],"targets":[0],"expression":"cbigint","edgeType":"PROJECTION"},{"sources":[5],"targets":[1],"expression":"ctinyint","edgeType":"PROJECTION"},{"sources":[6],"targets":[2],"edgeType":"PROJECTION"},{"sources":[5],"targets":[3],"edgeType":"PROJECTION"},{"sources":[5,4],"targets":[0,1,2,3],"expression":"(alltypesorc.ctinyint is not null and alltypesorc.cbigint is not null and (alltypesorc.ctinyint < 100))","edgeType":"PREDICATE"},{"sources":[5],"targets":[0,1,2,3],"expression":"(ctinyint = alltypesorc.ctinyint)","edgeType":"PREDICATE"},{"sources":[5,6],"targets":[0,1,2,3],"expression":"(alltypesorc.ctinyint is not null and (alltypesorc.ctinyint < 100) and alltypesorc.cint is not null)","edgeType":"PREDICATE"}],"vertices":[{"id":0,"vertexType":"COLUMN","vertexId":"a.cbigint"},{"id":1,"vertexType":"COLUMN","vertexId":"a.ctinyint"},{"id":2,"vertexType":"COLUMN","vertexId":"b.cint"},{"id":3,"vertexType":"COLUMN","vertexId":"b.ctinyint"},{"id":4,"vertexType":"COLUMN","vertexId":"default.alltypesorc.cbigint"},{"id":5,"vertexType":"COLUMN","vertexId":"default.alltypesorc.ctinyint"},{"id":6,"vertexType":"COLUMN","vertexId":"default.alltypesorc.cint"}]}
 -2147311592	-51	-1071480828	-51
 -2147311592	-51	-1071480828	-51
 -2147311592	-51	-1067683781	-51
@@ -135,7 +135,7 @@ and x.ctinyint + length(c.cstring2) < 1000
 PREHOOK: type: QUERY
 PREHOOK: Input: default@alltypesorc
 #### A masked pattern was here ####
-{"version":"1.0","engine":"mr","database":"default","hash":"3a12ad24b2622a8958df12d0bdc60f8a","queryText":"select x.ctinyint, x.cint, c.cbigint-100, c.cstring1\nfrom alltypesorc c\njoin (\n   select a.ctinyint ctinyint, b.cint cint\n   from (select * from alltypesorc a where cboolean1=false) a\n   join alltypesorc b on (a.cint = b.cbigint - 224870380)\n ) x on (x.cint = c.cint)\nwhere x.ctinyint > 10\nand x.cint < 4.5\nand x.ctinyint + length(c.cstring2) < 1000","edges":[{"sources":[4],"targets":[0],"edgeType":"PROJECTION"},{"sources":[5],"targets":[1],"edgeType":"PROJECTION"},{"sources":[6],"targets":[2],"expression":"(c.cbigint - UDFToLong(100))","edgeType":"PROJECTION"},{"sources":[7],"targets":[3],"edgeType":"PROJECTION"},{"sources":[5],"targets":[0,1,2,3],"expression":"((UDFToDouble(c.cint) < 4.5) and c.cint is not null)","edgeType":"PREDICATE"},{"sources":[5],"targets":[0,1,2,3],"expression":"(c.cint = c.cint)","edgeType":"PREDICATE"},{"sources":[5,6],"targets":[0,1,2,3],"expression":"((UDFToDouble(c.cint) < 4.5) and c.cbigint is not null and c.cint is not null)","edgeType":"PREDICATE"},{"sources":[6,5],"targets":[0,1,2,3],"expression":"((c.cbigint - UDFToLong(224870380)) = UDFToLong(c.cint))","edgeType":"PREDICATE"},{"sources":[8,4,5],"targets":[0,1,2,3],"expression":"((c.cboolean1 = false) and (c.ctinyint > 10) and c.cint is not null)","edgeType":"PREDICATE"},{"sources":[4,9],"targets":[0,1,2,3],"expression":"((UDFToInteger(c.ctinyint) + length(c.cstring2)) < 1000)","edgeType":"PREDICATE"}],"vertices":[{"id":0,"vertexType":"COLUMN","vertexId":"x.ctinyint"},{"id":1,"vertexType":"COLUMN","vertexId":"x.cint"},{"id":2,"vertexType":"COLUMN","vertexId":"c2"},{"id":3,"vertexType":"COLUMN","vertexId":"c.cstring1"},{"id":4,"vertexType":"COLUMN","vertexId":"default.alltypesorc.ctinyint"},{"id":5,"vertexType":"COLUMN","vertexId":"default.alltypesorc.cint"},{"id":6,"vertexType":"COLUMN","vertexId":"default.alltypesorc.cbigint"},{"id":7,"vertexType":"COLUMN","vertexId":"default.alltypesorc.cstring1"},{"id":8,"vertexType":"COLUMN","vertexId":"default.alltypesorc.cboolean1"},{"id":9,"vertexType":"COLUMN","vertexId":"default.alltypesorc.cstring2"}]}
+{"version":"1.0","engine":"mr","database":"default","hash":"3a12ad24b2622a8958df12d0bdc60f8a","queryText":"select x.ctinyint, x.cint, c.cbigint-100, c.cstring1\nfrom alltypesorc c\njoin (\n   select a.ctinyint ctinyint, b.cint cint\n   from (select * from alltypesorc a where cboolean1=false) a\n   join alltypesorc b on (a.cint = b.cbigint - 224870380)\n ) x on (x.cint = c.cint)\nwhere x.ctinyint > 10\nand x.cint < 4.5\nand x.ctinyint + length(c.cstring2) < 1000","edges":[{"sources":[4],"targets":[0],"edgeType":"PROJECTION"},{"sources":[5],"targets":[1],"edgeType":"PROJECTION"},{"sources":[6],"targets":[2],"expression":"(c.cbigint - UDFToLong(100))","edgeType":"PROJECTION"},{"sources":[7],"targets":[3],"edgeType":"PROJECTION"},{"sources":[5],"targets":[0,1,2,3],"expression":"(c.cint is not null and (UDFToDouble(c.cint) < 4.5))","edgeType":"PREDICATE"},{"sources":[5],"targets":[0,1,2,3],"expression":"(c.cint = c.cint)","edgeType":"PREDICATE"},{"sources":[6,5],"targets":[0,1,2,3],"expression":"(c.cbigint is not null and c.cint is not null and (UDFToDouble(c.cint) < 4.5))","edgeType":"PREDICATE"},{"sources":[6,5],"targets":[0,1,2,3],"expression":"((c.cbigint - UDFToLong(224870380)) = UDFToLong(c.cint))","edgeType":"PREDICATE"},{"sources":[8,5,4],"targets":[0,1,2,3],"expression":"((c.cboolean1 = false) and c.cint is not null and (c.ctinyint > 10))","edgeType":"PREDICATE"},{"sources":[4,9],"targets":[0,1,2,3],"expression":"((UDFToInteger(c.ctinyint) + length(c.cstring2)) < 1000)","edgeType":"PREDICATE"}],"vertices":[{"id":0,"vertexType":"COLUMN","vertexId":"x.ctinyint"},{"id":1,"vertexType":"COLUMN","vertexId":"x.cint"},{"id":2,"vertexType":"COLUMN","vertexId":"c2"},{"id":3,"vertexType":"COLUMN","vertexId":"c.cstring1"},{"id":4,"vertexType":"COLUMN","vertexId":"default.alltypesorc.ctinyint"},{"id":5,"vertexType":"COLUMN","vertexId":"default.alltypesorc.cint"},{"id":6,"vertexType":"COLUMN","vertexId":"default.alltypesorc.cbigint"},{"id":7,"vertexType":"COLUMN","vertexId":"default.alltypesorc.cstring1"},{"id":8,"vertexType":"COLUMN","vertexId":"default.alltypesorc.cboolean1"},{"id":9,"vertexType":"COLUMN","vertexId":"default.alltypesorc.cstring2"}]}
 11	-654374827	857266369	OEfPnHnIYueoup
 PREHOOK: query: select c1, x2, x3
 from (
@@ -178,7 +178,7 @@ PREHOOK: type: QUERY
 PREHOOK: Input: default@alltypesorc
 PREHOOK: Input: default@src1
 #### A masked pattern was here ####
-{"version":"1.0","engine":"mr","database":"default","hash":"8bf193b0658183be94e2428a79d91d10","queryText":"select * from src1 a\nwhere exists\n  (select cint from alltypesorc b\n   where a.key = b.ctinyint + 300)\nand key > 300","edges":[{"sources":[2],"targets":[0],"edgeType":"PROJECTION"},{"sources":[3],"targets":[1],"edgeType":"PROJECTION"},{"sources":[2],"targets":[0,1],"expression":"((UDFToDouble(a.key) > UDFToDouble(300)) and UDFToDouble(a.key) is not null)","edgeType":"PREDICATE"},{"sources":[2,4],"targets":[0,1],"expression":"(UDFToDouble(a.key) = UDFToDouble((UDFToInteger(b.ctinyint) + 300)))","edgeType":"PREDICATE"},{"sources":[4],"targets":[0,1],"expression":"UDFToDouble((UDFToInteger(b.ctinyint) + 300)) is not null","edgeType":"PREDICATE"}],"vertices":[{"id":0,"vertexType":"COLUMN","vertexId":"a.key"},{"id":1,"vertexType":"COLUMN","vertexId":"a.value"},{"id":2,"vertexType":"COLUMN","vertexId":"default.src1.key"},{"id":3,"vertexType":"COLUMN","vertexId":"default.src1.value"},{"id":4,"vertexType":"COLUMN","vertexId":"default.alltypesorc.ctinyint"}]}
+{"version":"1.0","engine":"mr","database":"default","hash":"8bf193b0658183be94e2428a79d91d10","queryText":"select * from src1 a\nwhere exists\n  (select cint from alltypesorc b\n   where a.key = b.ctinyint + 300)\nand key > 300","edges":[{"sources":[2],"targets":[0],"edgeType":"PROJECTION"},{"sources":[3],"targets":[1],"edgeType":"PROJECTION"},{"sources":[2],"targets":[0,1],"expression":"(UDFToDouble(a.key) is not null and (UDFToDouble(a.key) > UDFToDouble(300)))","edgeType":"PREDICATE"},{"sources":[2,4],"targets":[0,1],"expression":"(UDFToDouble(a.key) = UDFToDouble((UDFToInteger(b.ctinyint) + 300)))","edgeType":"PREDICATE"},{"sources":[4],"targets":[0,1],"expression":"UDFToDouble((UDFToInteger(b.ctinyint) + 300)) is not null","edgeType":"PREDICATE"}],"vertices":[{"id":0,"vertexType":"COLUMN","vertexId":"a.key"},{"id":1,"vertexType":"COLUMN","vertexId":"a.value"},{"id":2,"vertexType":"COLUMN","vertexId":"default.src1.key"},{"id":3,"vertexType":"COLUMN","vertexId":"default.src1.value"},{"id":4,"vertexType":"COLUMN","vertexId":"default.alltypesorc.ctinyint"}]}
 311	val_311
 Warning: Shuffle Join JOIN[16][tables = [$hdt$_0, $hdt$_1]] in Stage 'Stage-1:MAPRED' is a cross product
 PREHOOK: query: select key, value from src1
@@ -317,7 +317,7 @@ PREHOOK: type: QUERY
 PREHOOK: Input: default@alltypesorc
 PREHOOK: Input: default@dest_v3
 #### A masked pattern was here ####
-{"version":"1.0","engine":"mr","database":"default","hash":"40bccc0722002f798d0548b59e369e83","queryText":"select * from dest_v3 limit 2","edges":[{"sources":[3,4,5,6,7],"targets":[0],"expression":"(tok_function sum (. (tok_table_or_col $hdt$_0) ctinyint) (tok_windowspec (tok_partitioningspec (tok_distributeby (. (tok_table_or_col $hdt$_0) csmallint)) (tok_orderby (tok_tabsortcolnameasc (. (tok_table_or_col $hdt$_0) csmallint)))) (tok_windowvalues (preceding 2147483647) current)))","edgeType":"PROJECTION"},{"sources":[6],"targets":[1],"expression":"count(default.alltypesorc.cstring1)","edgeType":"PROJECTION"},{"sources":[5],"targets":[2],"edgeType":"PROJECTION"},{"sources":[7,8],"targets":[0,1,2],"expression":"(a.cint is not null and (a.cboolean2 = true))","edgeType":"PREDICATE"},{"sources":[7],"targets":[0,1,2],"expression":"(a.cint = a.cint)","edgeType":"PREDICATE"},{"sources":[9,7],"targets":[0,1,2],"expression":"((a.cfloat > 0.0) and a.cint is not null)","edgeType":"PREDICATE"},{"sources":[7],"targets":[0,1,2],"expression":"(count(default.alltypesorc.cint) > 10)","edgeType":"PREDICATE"}],"vertices":[{"id":0,"vertexType":"COLUMN","vertexId":"dest_v3.a"},{"id":1,"vertexType":"COLUMN","vertexId":"dest_v3.x"},{"id":2,"vertexType":"COLUMN","vertexId":"dest_v3.cboolean1"},{"id":3,"vertexType":"COLUMN","vertexId":"default.alltypesorc.ctinyint"},{"id":4,"vertexType":"COLUMN","vertexId":"default.alltypesorc.csmallint"},{"id":5,"vertexType":"COLUMN","vertexId":"default.alltypesorc.cboolean1"},{"id":6,"vertexType":"COLUMN","vertexId":"default.alltypesorc.cstring1"},{"id":7,"vertexType":"COLUMN","vertexId":"default.alltypesorc.cint"},{"id":8,"vertexType":"COLUMN","vertexId":"default.alltypesorc.cboolean2"},{"id":9,"vertexType":"COLUMN","vertexId":"default.alltypesorc.cfloat"}]}
+{"version":"1.0","engine":"mr","database":"default","hash":"40bccc0722002f798d0548b59e369e83","queryText":"select * from dest_v3 limit 2","edges":[{"sources":[3,4,5,6,7],"targets":[0],"expression":"(tok_function sum (. (tok_table_or_col $hdt$_0) ctinyint) (tok_windowspec (tok_partitioningspec (tok_distributeby (. (tok_table_or_col $hdt$_0) csmallint)) (tok_orderby (tok_tabsortcolnameasc (. (tok_table_or_col $hdt$_0) csmallint)))) (tok_windowvalues (preceding 2147483647) current)))","edgeType":"PROJECTION"},{"sources":[6],"targets":[1],"expression":"count(default.alltypesorc.cstring1)","edgeType":"PROJECTION"},{"sources":[5],"targets":[2],"edgeType":"PROJECTION"},{"sources":[7,8],"targets":[0,1,2],"expression":"(a.cint is not null and (a.cboolean2 = true))","edgeType":"PREDICATE"},{"sources":[7],"targets":[0,1,2],"expression":"(a.cint = a.cint)","edgeType":"PREDICATE"},{"sources":[7,9],"targets":[0,1,2],"expression":"(a.cint is not null and (a.cfloat > 0.0))","edgeType":"PREDICATE"},{"sources":[7],"targets":[0,1,2],"expression":"(count(default.alltypesorc.cint) > 10)","edgeType":"PREDICATE"}],"vertices":[{"id":0,"vertexType":"COLUMN","vertexId":"dest_v3.a"},{"id":1,"vertexType":"COLUMN","vertexId":"dest_v3.x"},{"id":2,"vertexType":"COLUMN","vertexId":"dest_v3.cboolean1"},{"id":3,"vertexType":"COLUMN","vertexId":"default.alltypesorc.ctinyint"},{"id":4,"vertexType":"COLUMN","vertexId":"default.alltypesorc.csmallint"},{"id":5,"vertexType":"COLUMN","vertexId":"default.alltypesorc.cboolean1"},{"id":6,"vertexType":"COLUMN","vertexId":"default.alltypesorc.cstring1"},{"id":7,"vertexType":"COLUMN","vertexId":"default.alltypesorc.cint"},{"id":8,"vertexType":"COLUMN","vertexId":"default.alltypesorc.cboolean2"},{"id":9,"vertexType":"COLUMN","vertexId":"default.alltypesorc.cfloat"}]}
 38	216	false
 38	229	true
 PREHOOK: query: drop table if exists src_dp
diff --git a/ql/src/test/results/clientpositive/llap/dynamic_partition_pruning.q.out b/ql/src/test/results/clientpositive/llap/dynamic_partition_pruning.q.out
index d2c11d7644..99ef1ba547 100644
--- a/ql/src/test/results/clientpositive/llap/dynamic_partition_pruning.q.out
+++ b/ql/src/test/results/clientpositive/llap/dynamic_partition_pruning.q.out
@@ -224,10 +224,10 @@ STAGE PLANS:
             Map Operator Tree:
                 TableScan
                   alias: srcpart_date
-                  filterExpr: ((date = '2008-04-08') and ds is not null) (type: boolean)
+                  filterExpr: (ds is not null and (date = '2008-04-08')) (type: boolean)
                   Statistics: Num rows: 2 Data size: 42 Basic stats: COMPLETE Column stats: NONE
                   Filter Operator
-                    predicate: ((date = '2008-04-08') and ds is not null) (type: boolean)
+                    predicate: (ds is not null and (date = '2008-04-08')) (type: boolean)
                     Statistics: Num rows: 1 Data size: 21 Basic stats: COMPLETE Column stats: NONE
                     Select Operator
                       expressions: ds (type: string)
@@ -350,10 +350,10 @@ STAGE PLANS:
             Map Operator Tree:
                 TableScan
                   alias: srcpart_date
-                  filterExpr: ((date = '2008-04-08') and ds is not null) (type: boolean)
+                  filterExpr: (ds is not null and (date = '2008-04-08')) (type: boolean)
                   Statistics: Num rows: 2 Data size: 42 Basic stats: COMPLETE Column stats: NONE
                   Filter Operator
-                    predicate: ((date = '2008-04-08') and ds is not null) (type: boolean)
+                    predicate: (ds is not null and (date = '2008-04-08')) (type: boolean)
                     Statistics: Num rows: 1 Data size: 21 Basic stats: COMPLETE Column stats: NONE
                     Select Operator
                       expressions: ds (type: string)
@@ -476,10 +476,10 @@ STAGE PLANS:
             Map Operator Tree:
                 TableScan
                   alias: srcpart_date
-                  filterExpr: ((date = '2008-04-08') and ds is not null) (type: boolean)
+                  filterExpr: (ds is not null and (date = '2008-04-08')) (type: boolean)
                   Statistics: Num rows: 2 Data size: 42 Basic stats: COMPLETE Column stats: NONE
                   Filter Operator
-                    predicate: ((date = '2008-04-08') and ds is not null) (type: boolean)
+                    predicate: (ds is not null and (date = '2008-04-08')) (type: boolean)
                     Statistics: Num rows: 1 Data size: 21 Basic stats: COMPLETE Column stats: NONE
                     Select Operator
                       expressions: ds (type: string)
@@ -602,10 +602,10 @@ STAGE PLANS:
             Map Operator Tree:
                 TableScan
                   alias: srcpart_date
-                  filterExpr: ((date = '2008-04-08') and ds is not null) (type: boolean)
+                  filterExpr: (ds is not null and (date = '2008-04-08')) (type: boolean)
                   Statistics: Num rows: 2 Data size: 42 Basic stats: COMPLETE Column stats: NONE
                   Filter Operator
-                    predicate: ((date = '2008-04-08') and ds is not null) (type: boolean)
+                    predicate: (ds is not null and (date = '2008-04-08')) (type: boolean)
                     Statistics: Num rows: 1 Data size: 21 Basic stats: COMPLETE Column stats: NONE
                     Select Operator
                       expressions: ds (type: string)
@@ -718,10 +718,10 @@ STAGE PLANS:
             Map Operator Tree:
                 TableScan
                   alias: srcpart_date
-                  filterExpr: ((date = '2008-04-08') and ds is not null) (type: boolean)
+                  filterExpr: (ds is not null and (date = '2008-04-08')) (type: boolean)
                   Statistics: Num rows: 2 Data size: 42 Basic stats: COMPLETE Column stats: NONE
                   Filter Operator
-                    predicate: ((date = '2008-04-08') and ds is not null) (type: boolean)
+                    predicate: (ds is not null and (date = '2008-04-08')) (type: boolean)
                     Statistics: Num rows: 1 Data size: 21 Basic stats: COMPLETE Column stats: NONE
                     Select Operator
                       expressions: ds (type: string)
@@ -752,10 +752,10 @@ STAGE PLANS:
             Map Operator Tree:
                 TableScan
                   alias: srcpart_hour
-                  filterExpr: ((UDFToDouble(hour) = 11.0) and hr is not null) (type: boolean)
+                  filterExpr: (hr is not null and (UDFToDouble(hour) = 11.0)) (type: boolean)
                   Statistics: Num rows: 2 Data size: 10 Basic stats: COMPLETE Column stats: NONE
                   Filter Operator
-                    predicate: ((UDFToDouble(hour) = 11.0) and hr is not null) (type: boolean)
+                    predicate: (hr is not null and (UDFToDouble(hour) = 11.0)) (type: boolean)
                     Statistics: Num rows: 1 Data size: 5 Basic stats: COMPLETE Column stats: NONE
                     Select Operator
                       expressions: hr (type: string)
@@ -902,10 +902,10 @@ STAGE PLANS:
             Map Operator Tree:
                 TableScan
                   alias: srcpart_date
-                  filterExpr: ((date = '2008-04-08') and ds is not null) (type: boolean)
+                  filterExpr: (ds is not null and (date = '2008-04-08')) (type: boolean)
                   Statistics: Num rows: 2 Data size: 42 Basic stats: COMPLETE Column stats: NONE
                   Filter Operator
-                    predicate: ((date = '2008-04-08') and ds is not null) (type: boolean)
+                    predicate: (ds is not null and (date = '2008-04-08')) (type: boolean)
                     Statistics: Num rows: 1 Data size: 21 Basic stats: COMPLETE Column stats: NONE
                     Select Operator
                       expressions: ds (type: string)
@@ -921,10 +921,10 @@ STAGE PLANS:
             Map Operator Tree:
                 TableScan
                   alias: srcpart_hour
-                  filterExpr: ((UDFToDouble(hour) = 11.0) and hr is not null) (type: boolean)
+                  filterExpr: (hr is not null and (UDFToDouble(hour) = 11.0)) (type: boolean)
                   Statistics: Num rows: 2 Data size: 10 Basic stats: COMPLETE Column stats: NONE
                   Filter Operator
-                    predicate: ((UDFToDouble(hour) = 11.0) and hr is not null) (type: boolean)
+                    predicate: (hr is not null and (UDFToDouble(hour) = 11.0)) (type: boolean)
                     Statistics: Num rows: 1 Data size: 5 Basic stats: COMPLETE Column stats: NONE
                     Select Operator
                       expressions: hr (type: string)
@@ -1064,10 +1064,10 @@ STAGE PLANS:
             Map Operator Tree:
                 TableScan
                   alias: srcpart_date_hour
-                  filterExpr: ((((date = '2008-04-08') and (UDFToDouble(hour) = 11.0)) and hr is not null) and ds is not null) (type: boolean)
+                  filterExpr: (((ds is not null and hr is not null) and (date = '2008-04-08')) and (UDFToDouble(hour) = 11.0)) (type: boolean)
                   Statistics: Num rows: 4 Data size: 108 Basic stats: COMPLETE Column stats: NONE
                   Filter Operator
-                    predicate: ((((date = '2008-04-08') and (UDFToDouble(hour) = 11.0)) and hr is not null) and ds is not null) (type: boolean)
+                    predicate: (((ds is not null and hr is not null) and (date = '2008-04-08')) and (UDFToDouble(hour) = 11.0)) (type: boolean)
                     Statistics: Num rows: 1 Data size: 27 Basic stats: COMPLETE Column stats: NONE
                     Select Operator
                       expressions: ds (type: string), hr (type: string)
@@ -1189,7 +1189,7 @@ STAGE PLANS:
             Map Operator Tree:
                 TableScan
                   alias: srcpart
-                  filterExpr: (hr is not null and ds is not null) (type: boolean)
+                  filterExpr: (ds is not null and hr is not null) (type: boolean)
                   Statistics: Num rows: 2000 Data size: 21248 Basic stats: COMPLETE Column stats: NONE
                   Select Operator
                     expressions: ds (type: string), hr (type: string)
@@ -1205,10 +1205,10 @@ STAGE PLANS:
             Map Operator Tree:
                 TableScan
                   alias: srcpart_date_hour
-                  filterExpr: ((((date = '2008-04-08') and (UDFToDouble(hour) = 11.0)) and hr is not null) and ds is not null) (type: boolean)
+                  filterExpr: (((ds is not null and hr is not null) and (date = '2008-04-08')) and (UDFToDouble(hour) = 11.0)) (type: boolean)
                   Statistics: Num rows: 4 Data size: 108 Basic stats: COMPLETE Column stats: NONE
                   Filter Operator
-                    predicate: ((((date = '2008-04-08') and (UDFToDouble(hour) = 11.0)) and hr is not null) and ds is not null) (type: boolean)
+                    predicate: (((ds is not null and hr is not null) and (date = '2008-04-08')) and (UDFToDouble(hour) = 11.0)) (type: boolean)
                     Statistics: Num rows: 1 Data size: 27 Basic stats: COMPLETE Column stats: NONE
                     Select Operator
                       expressions: ds (type: string), hr (type: string)
@@ -1329,10 +1329,10 @@ STAGE PLANS:
             Map Operator Tree:
                 TableScan
                   alias: srcpart_date
-                  filterExpr: ((date = 'I DONT EXIST') and ds is not null) (type: boolean)
+                  filterExpr: (ds is not null and (date = 'I DONT EXIST')) (type: boolean)
                   Statistics: Num rows: 2 Data size: 42 Basic stats: COMPLETE Column stats: NONE
                   Filter Operator
-                    predicate: ((date = 'I DONT EXIST') and ds is not null) (type: boolean)
+                    predicate: (ds is not null and (date = 'I DONT EXIST')) (type: boolean)
                     Statistics: Num rows: 1 Data size: 21 Basic stats: COMPLETE Column stats: NONE
                     Select Operator
                       expressions: ds (type: string)
@@ -1455,10 +1455,10 @@ STAGE PLANS:
             Map Operator Tree:
                 TableScan
                   alias: srcpart_date
-                  filterExpr: ((date = 'I DONT EXIST') and ds is not null) (type: boolean)
+                  filterExpr: (ds is not null and (date = 'I DONT EXIST')) (type: boolean)
                   Statistics: Num rows: 2 Data size: 42 Basic stats: COMPLETE Column stats: NONE
                   Filter Operator
-                    predicate: ((date = 'I DONT EXIST') and ds is not null) (type: boolean)
+                    predicate: (ds is not null and (date = 'I DONT EXIST')) (type: boolean)
                     Statistics: Num rows: 1 Data size: 21 Basic stats: COMPLETE Column stats: NONE
                     Select Operator
                       expressions: ds (type: string)
@@ -1577,10 +1577,10 @@ STAGE PLANS:
             Map Operator Tree:
                 TableScan
                   alias: srcpart_double_hour
-                  filterExpr: ((UDFToDouble(hour) = 11.0) and hr is not null) (type: boolean)
+                  filterExpr: (hr is not null and (UDFToDouble(hour) = 11.0)) (type: boolean)
                   Statistics: Num rows: 2 Data size: 14 Basic stats: COMPLETE Column stats: NONE
                   Filter Operator
-                    predicate: ((UDFToDouble(hour) = 11.0) and hr is not null) (type: boolean)
+                    predicate: (hr is not null and (UDFToDouble(hour) = 11.0)) (type: boolean)
                     Statistics: Num rows: 1 Data size: 7 Basic stats: COMPLETE Column stats: NONE
                     Select Operator
                       expressions: hr (type: double)
@@ -1703,10 +1703,10 @@ STAGE PLANS:
             Map Operator Tree:
                 TableScan
                   alias: srcpart_double_hour
-                  filterExpr: ((UDFToDouble(hour) = 11.0) and hr is not null) (type: boolean)
+                  filterExpr: (hr is not null and (UDFToDouble(hour) = 11.0)) (type: boolean)
                   Statistics: Num rows: 2 Data size: 14 Basic stats: COMPLETE Column stats: NONE
                   Filter Operator
-                    predicate: ((UDFToDouble(hour) = 11.0) and hr is not null) (type: boolean)
+                    predicate: (hr is not null and (UDFToDouble(hour) = 11.0)) (type: boolean)
                     Statistics: Num rows: 1 Data size: 7 Basic stats: COMPLETE Column stats: NONE
                     Select Operator
                       expressions: hr (type: double)
@@ -1829,10 +1829,10 @@ STAGE PLANS:
             Map Operator Tree:
                 TableScan
                   alias: srcpart_double_hour
-                  filterExpr: ((UDFToDouble(hour) = 11.0) and hr is not null) (type: boolean)
+                  filterExpr: (hr is not null and (UDFToDouble(hour) = 11.0)) (type: boolean)
                   Statistics: Num rows: 2 Data size: 14 Basic stats: COMPLETE Column stats: NONE
                   Filter Operator
-                    predicate: ((UDFToDouble(hour) = 11.0) and hr is not null) (type: boolean)
+                    predicate: (hr is not null and (UDFToDouble(hour) = 11.0)) (type: boolean)
                     Statistics: Num rows: 1 Data size: 7 Basic stats: COMPLETE Column stats: NONE
                     Select Operator
                       expressions: hr (type: double)
@@ -1940,10 +1940,10 @@ STAGE PLANS:
             Map Operator Tree:
                 TableScan
                   alias: srcpart_double_hour
-                  filterExpr: ((UDFToDouble(hour) = 11.0) and hr is not null) (type: boolean)
+                  filterExpr: (hr is not null and (UDFToDouble(hour) = 11.0)) (type: boolean)
                   Statistics: Num rows: 2 Data size: 14 Basic stats: COMPLETE Column stats: NONE
                   Filter Operator
-                    predicate: ((UDFToDouble(hour) = 11.0) and hr is not null) (type: boolean)
+                    predicate: (hr is not null and (UDFToDouble(hour) = 11.0)) (type: boolean)
                     Statistics: Num rows: 1 Data size: 7 Basic stats: COMPLETE Column stats: NONE
                     Select Operator
                       expressions: hr (type: double)
@@ -2064,10 +2064,10 @@ STAGE PLANS:
             Map Operator Tree:
                 TableScan
                   alias: srcpart_double_hour
-                  filterExpr: ((UDFToDouble(hour) = 11.0) and hr is not null) (type: boolean)
+                  filterExpr: (hr is not null and (UDFToDouble(hour) = 11.0)) (type: boolean)
                   Statistics: Num rows: 2 Data size: 14 Basic stats: COMPLETE Column stats: NONE
                   Filter Operator
-                    predicate: ((UDFToDouble(hour) = 11.0) and hr is not null) (type: boolean)
+                    predicate: (hr is not null and (UDFToDouble(hour) = 11.0)) (type: boolean)
                     Statistics: Num rows: 1 Data size: 7 Basic stats: COMPLETE Column stats: NONE
                     Select Operator
                       expressions: hr (type: double)
@@ -2477,10 +2477,10 @@ STAGE PLANS:
             Map Operator Tree:
                 TableScan
                   alias: srcpart_date_hour
-                  filterExpr: ((((date = '2008-04-08') and (UDFToDouble(hour) = 11.0)) and hr is not null) and ds is not null) (type: boolean)
+                  filterExpr: ((((date = '2008-04-08') and (UDFToDouble(hour) = 11.0)) and ds is not null) and hr is not null) (type: boolean)
                   Statistics: Num rows: 4 Data size: 108 Basic stats: COMPLETE Column stats: NONE
                   Filter Operator
-                    predicate: ((((date = '2008-04-08') and (UDFToDouble(hour) = 11.0)) and hr is not null) and ds is not null) (type: boolean)
+                    predicate: ((((date = '2008-04-08') and (UDFToDouble(hour) = 11.0)) and ds is not null) and hr is not null) (type: boolean)
                     Statistics: Num rows: 1 Data size: 27 Basic stats: COMPLETE Column stats: NONE
                     Select Operator
                       expressions: ds (type: string), hr (type: string)
@@ -2945,10 +2945,10 @@ STAGE PLANS:
             Map Operator Tree:
                 TableScan
                   alias: srcpart_date
-                  filterExpr: ((date = '2008-04-08') and ds is not null) (type: boolean)
+                  filterExpr: (ds is not null and (date = '2008-04-08')) (type: boolean)
                   Statistics: Num rows: 2 Data size: 42 Basic stats: COMPLETE Column stats: NONE
                   Filter Operator
-                    predicate: ((date = '2008-04-08') and ds is not null) (type: boolean)
+                    predicate: (ds is not null and (date = '2008-04-08')) (type: boolean)
                     Statistics: Num rows: 1 Data size: 21 Basic stats: COMPLETE Column stats: NONE
                     Select Operator
                       expressions: ds (type: string)
@@ -3090,10 +3090,10 @@ STAGE PLANS:
             Map Operator Tree:
                 TableScan
                   alias: srcpart
-                  filterExpr: ((UDFToDouble(hr) = 13.0) and ds is not null) (type: boolean)
+                  filterExpr: (ds is not null and (UDFToDouble(hr) = 13.0)) (type: boolean)
                   Statistics: Num rows: 1 Data size: 0 Basic stats: PARTIAL Column stats: NONE
                   Filter Operator
-                    predicate: ((UDFToDouble(hr) = 13.0) and ds is not null) (type: boolean)
+                    predicate: (ds is not null and (UDFToDouble(hr) = 13.0)) (type: boolean)
                     Statistics: Num rows: 1 Data size: 0 Basic stats: PARTIAL Column stats: NONE
                     Select Operator
                       expressions: ds (type: string)
@@ -3109,10 +3109,10 @@ STAGE PLANS:
             Map Operator Tree:
                 TableScan
                   alias: srcpart_date
-                  filterExpr: ((date = '2008-04-08') and ds is not null) (type: boolean)
+                  filterExpr: (ds is not null and (date = '2008-04-08')) (type: boolean)
                   Statistics: Num rows: 2 Data size: 42 Basic stats: COMPLETE Column stats: NONE
                   Filter Operator
-                    predicate: ((date = '2008-04-08') and ds is not null) (type: boolean)
+                    predicate: (ds is not null and (date = '2008-04-08')) (type: boolean)
                     Statistics: Num rows: 1 Data size: 21 Basic stats: COMPLETE Column stats: NONE
                     Select Operator
                       expressions: ds (type: string)
@@ -3945,10 +3945,10 @@ STAGE PLANS:
             Map Operator Tree:
                 TableScan
                   alias: srcpart_date
-                  filterExpr: ((date = '2008-04-08') and ds is not null) (type: boolean)
+                  filterExpr: (ds is not null and (date = '2008-04-08')) (type: boolean)
                   Statistics: Num rows: 2 Data size: 42 Basic stats: COMPLETE Column stats: NONE
                   Filter Operator
-                    predicate: ((date = '2008-04-08') and ds is not null) (type: boolean)
+                    predicate: (ds is not null and (date = '2008-04-08')) (type: boolean)
                     Statistics: Num rows: 1 Data size: 21 Basic stats: COMPLETE Column stats: NONE
                     Select Operator
                       expressions: ds (type: string)
@@ -4081,10 +4081,10 @@ STAGE PLANS:
             Map Operator Tree:
                 TableScan
                   alias: srcpart_date
-                  filterExpr: ((date = '2008-04-08') and ds is not null) (type: boolean)
+                  filterExpr: (ds is not null and (date = '2008-04-08')) (type: boolean)
                   Statistics: Num rows: 2 Data size: 42 Basic stats: COMPLETE Column stats: NONE
                   Filter Operator
-                    predicate: ((date = '2008-04-08') and ds is not null) (type: boolean)
+                    predicate: (ds is not null and (date = '2008-04-08')) (type: boolean)
                     Statistics: Num rows: 1 Data size: 21 Basic stats: COMPLETE Column stats: NONE
                     Select Operator
                       expressions: ds (type: string)
@@ -4216,10 +4216,10 @@ STAGE PLANS:
             Map Operator Tree:
                 TableScan
                   alias: srcpart_date
-                  filterExpr: ((date = '2008-04-08') and ds is not null) (type: boolean)
+                  filterExpr: (ds is not null and (date = '2008-04-08')) (type: boolean)
                   Statistics: Num rows: 2 Data size: 42 Basic stats: COMPLETE Column stats: NONE
                   Filter Operator
-                    predicate: ((date = '2008-04-08') and ds is not null) (type: boolean)
+                    predicate: (ds is not null and (date = '2008-04-08')) (type: boolean)
                     Statistics: Num rows: 1 Data size: 21 Basic stats: COMPLETE Column stats: NONE
                     Select Operator
                       expressions: ds (type: string)
@@ -4250,10 +4250,10 @@ STAGE PLANS:
             Map Operator Tree:
                 TableScan
                   alias: srcpart_hour
-                  filterExpr: ((UDFToDouble(hour) = 11.0) and hr is not null) (type: boolean)
+                  filterExpr: (hr is not null and (UDFToDouble(hour) = 11.0)) (type: boolean)
                   Statistics: Num rows: 2 Data size: 10 Basic stats: COMPLETE Column stats: NONE
                   Filter Operator
-                    predicate: ((UDFToDouble(hour) = 11.0) and hr is not null) (type: boolean)
+                    predicate: (hr is not null and (UDFToDouble(hour) = 11.0)) (type: boolean)
                     Statistics: Num rows: 1 Data size: 5 Basic stats: COMPLETE Column stats: NONE
                     Select Operator
                       expressions: hr (type: string)
@@ -4387,10 +4387,10 @@ STAGE PLANS:
             Map Operator Tree:
                 TableScan
                   alias: srcpart_date_hour
-                  filterExpr: ((((date = '2008-04-08') and (UDFToDouble(hour) = 11.0)) and hr is not null) and ds is not null) (type: boolean)
+                  filterExpr: (((ds is not null and hr is not null) and (date = '2008-04-08')) and (UDFToDouble(hour) = 11.0)) (type: boolean)
                   Statistics: Num rows: 4 Data size: 108 Basic stats: COMPLETE Column stats: NONE
                   Filter Operator
-                    predicate: ((((date = '2008-04-08') and (UDFToDouble(hour) = 11.0)) and hr is not null) and ds is not null) (type: boolean)
+                    predicate: (((ds is not null and hr is not null) and (date = '2008-04-08')) and (UDFToDouble(hour) = 11.0)) (type: boolean)
                     Statistics: Num rows: 1 Data size: 27 Basic stats: COMPLETE Column stats: NONE
                     Select Operator
                       expressions: ds (type: string), hr (type: string)
@@ -4536,10 +4536,10 @@ STAGE PLANS:
             Map Operator Tree:
                 TableScan
                   alias: srcpart_date
-                  filterExpr: ((date = 'I DONT EXIST') and ds is not null) (type: boolean)
+                  filterExpr: (ds is not null and (date = 'I DONT EXIST')) (type: boolean)
                   Statistics: Num rows: 2 Data size: 42 Basic stats: COMPLETE Column stats: NONE
                   Filter Operator
-                    predicate: ((date = 'I DONT EXIST') and ds is not null) (type: boolean)
+                    predicate: (ds is not null and (date = 'I DONT EXIST')) (type: boolean)
                     Statistics: Num rows: 1 Data size: 21 Basic stats: COMPLETE Column stats: NONE
                     Select Operator
                       expressions: ds (type: string)
@@ -4646,10 +4646,10 @@ STAGE PLANS:
             Map Operator Tree:
                 TableScan
                   alias: srcpart_double_hour
-                  filterExpr: ((UDFToDouble(hour) = 11.0) and hr is not null) (type: boolean)
+                  filterExpr: (hr is not null and (UDFToDouble(hour) = 11.0)) (type: boolean)
                   Statistics: Num rows: 2 Data size: 14 Basic stats: COMPLETE Column stats: NONE
                   Filter Operator
-                    predicate: ((UDFToDouble(hour) = 11.0) and hr is not null) (type: boolean)
+                    predicate: (hr is not null and (UDFToDouble(hour) = 11.0)) (type: boolean)
                     Statistics: Num rows: 1 Data size: 7 Basic stats: COMPLETE Column stats: NONE
                     Select Operator
                       expressions: hr (type: double)
@@ -4767,10 +4767,10 @@ STAGE PLANS:
             Map Operator Tree:
                 TableScan
                   alias: srcpart_double_hour
-                  filterExpr: ((UDFToDouble(hour) = 11.0) and hr is not null) (type: boolean)
+                  filterExpr: (hr is not null and (UDFToDouble(hour) = 11.0)) (type: boolean)
                   Statistics: Num rows: 2 Data size: 14 Basic stats: COMPLETE Column stats: NONE
                   Filter Operator
-                    predicate: ((UDFToDouble(hour) = 11.0) and hr is not null) (type: boolean)
+                    predicate: (hr is not null and (UDFToDouble(hour) = 11.0)) (type: boolean)
                     Statistics: Num rows: 1 Data size: 7 Basic stats: COMPLETE Column stats: NONE
                     Select Operator
                       expressions: hr (type: double)
@@ -5326,10 +5326,10 @@ STAGE PLANS:
             Map Operator Tree:
                 TableScan
                   alias: srcpart_date
-                  filterExpr: ((date = '2008-04-08') and ds is not null) (type: boolean)
+                  filterExpr: (ds is not null and (date = '2008-04-08')) (type: boolean)
                   Statistics: Num rows: 2 Data size: 42 Basic stats: COMPLETE Column stats: NONE
                   Filter Operator
-                    predicate: ((date = '2008-04-08') and ds is not null) (type: boolean)
+                    predicate: (ds is not null and (date = '2008-04-08')) (type: boolean)
                     Statistics: Num rows: 1 Data size: 21 Basic stats: COMPLETE Column stats: NONE
                     Select Operator
                       expressions: ds (type: string)
@@ -5436,10 +5436,10 @@ STAGE PLANS:
             Map Operator Tree:
                 TableScan
                   alias: srcpart
-                  filterExpr: ((UDFToDouble(hr) = 13.0) and ds is not null) (type: boolean)
+                  filterExpr: (ds is not null and (UDFToDouble(hr) = 13.0)) (type: boolean)
                   Statistics: Num rows: 1 Data size: 0 Basic stats: PARTIAL Column stats: NONE
                   Filter Operator
-                    predicate: ((UDFToDouble(hr) = 13.0) and ds is not null) (type: boolean)
+                    predicate: (ds is not null and (UDFToDouble(hr) = 13.0)) (type: boolean)
                     Statistics: Num rows: 1 Data size: 0 Basic stats: PARTIAL Column stats: NONE
                     Select Operator
                       expressions: ds (type: string)
@@ -5455,10 +5455,10 @@ STAGE PLANS:
             Map Operator Tree:
                 TableScan
                   alias: srcpart_date
-                  filterExpr: ((date = '2008-04-08') and ds is not null) (type: boolean)
+                  filterExpr: (ds is not null and (date = '2008-04-08')) (type: boolean)
                   Statistics: Num rows: 2 Data size: 42 Basic stats: COMPLETE Column stats: NONE
                   Filter Operator
-                    predicate: ((date = '2008-04-08') and ds is not null) (type: boolean)
+                    predicate: (ds is not null and (date = '2008-04-08')) (type: boolean)
                     Statistics: Num rows: 1 Data size: 21 Basic stats: COMPLETE Column stats: NONE
                     Select Operator
                       expressions: ds (type: string)
@@ -5831,10 +5831,10 @@ STAGE PLANS:
             Map Operator Tree:
                 TableScan
                   alias: srcpart_date_hour
-                  filterExpr: ((((UDFToDouble(hour) = 11.0) and ((date = '2008-04-08') or (date = '2008-04-09'))) and hr is not null) and ds is not null) (type: boolean)
+                  filterExpr: (((ds is not null and hr is not null) and ((date = '2008-04-08') or (date = '2008-04-09'))) and (UDFToDouble(hour) = 11.0)) (type: boolean)
                   Statistics: Num rows: 4 Data size: 108 Basic stats: COMPLETE Column stats: NONE
                   Filter Operator
-                    predicate: ((((UDFToDouble(hour) = 11.0) and ((date = '2008-04-08') or (date = '2008-04-09'))) and hr is not null) and ds is not null) (type: boolean)
+                    predicate: (((ds is not null and hr is not null) and ((date = '2008-04-08') or (date = '2008-04-09'))) and (UDFToDouble(hour) = 11.0)) (type: boolean)
                     Statistics: Num rows: 2 Data size: 54 Basic stats: COMPLETE Column stats: NONE
                     Select Operator
                       expressions: ds (type: string), hr (type: string)
diff --git a/ql/src/test/results/clientpositive/llap/tez_dynpart_hashjoin_1.q.out b/ql/src/test/results/clientpositive/llap/tez_dynpart_hashjoin_1.q.out
index b459692b44..539e431731 100644
--- a/ql/src/test/results/clientpositive/llap/tez_dynpart_hashjoin_1.q.out
+++ b/ql/src/test/results/clientpositive/llap/tez_dynpart_hashjoin_1.q.out
@@ -34,7 +34,7 @@ STAGE PLANS:
                   alias: a
                   Statistics: Num rows: 12288 Data size: 2641964 Basic stats: COMPLETE Column stats: NONE
                   Filter Operator
-                    predicate: (cint BETWEEN 1000000 AND 3000000 and cint is not null) (type: boolean)
+                    predicate: (cint is not null and cint BETWEEN 1000000 AND 3000000) (type: boolean)
                     Statistics: Num rows: 6144 Data size: 1320982 Basic stats: COMPLETE Column stats: NONE
                     Select Operator
                       expressions: ctinyint (type: tinyint), csmallint (type: smallint), cint (type: int), cbigint (type: bigint), cfloat (type: float), cdouble (type: double), cstring1 (type: string), cstring2 (type: string), ctimestamp1 (type: timestamp), ctimestamp2 (type: timestamp), cboolean1 (type: boolean), cboolean2 (type: boolean)
@@ -53,7 +53,7 @@ STAGE PLANS:
                   alias: a
                   Statistics: Num rows: 12288 Data size: 2641964 Basic stats: COMPLETE Column stats: NONE
                   Filter Operator
-                    predicate: ((cbigint is not null and cint BETWEEN 1000000 AND 3000000) and cint is not null) (type: boolean)
+                    predicate: ((cint is not null and cbigint is not null) and cint BETWEEN 1000000 AND 3000000) (type: boolean)
                     Statistics: Num rows: 6144 Data size: 1320982 Basic stats: COMPLETE Column stats: NONE
                     Select Operator
                       expressions: ctinyint (type: tinyint), csmallint (type: smallint), cint (type: int), cbigint (type: bigint), cfloat (type: float), cdouble (type: double), cstring1 (type: string), cstring2 (type: string), ctimestamp1 (type: timestamp), ctimestamp2 (type: timestamp), cboolean1 (type: boolean), cboolean2 (type: boolean)
@@ -163,7 +163,7 @@ STAGE PLANS:
                   alias: a
                   Statistics: Num rows: 12288 Data size: 2641964 Basic stats: COMPLETE Column stats: NONE
                   Filter Operator
-                    predicate: (cint BETWEEN 1000000 AND 3000000 and cint is not null) (type: boolean)
+                    predicate: (cint is not null and cint BETWEEN 1000000 AND 3000000) (type: boolean)
                     Statistics: Num rows: 6144 Data size: 1320982 Basic stats: COMPLETE Column stats: NONE
                     Select Operator
                       expressions: cint (type: int)
@@ -181,7 +181,7 @@ STAGE PLANS:
                   alias: a
                   Statistics: Num rows: 12288 Data size: 2641964 Basic stats: COMPLETE Column stats: NONE
                   Filter Operator
-                    predicate: ((cbigint is not null and cint BETWEEN 1000000 AND 3000000) and cint is not null) (type: boolean)
+                    predicate: ((cint is not null and cbigint is not null) and cint BETWEEN 1000000 AND 3000000) (type: boolean)
                     Statistics: Num rows: 6144 Data size: 1320982 Basic stats: COMPLETE Column stats: NONE
                     Select Operator
                       expressions: cint (type: int)
@@ -288,7 +288,7 @@ STAGE PLANS:
                   alias: a
                   Statistics: Num rows: 12288 Data size: 2641964 Basic stats: COMPLETE Column stats: NONE
                   Filter Operator
-                    predicate: (cint BETWEEN 1000000 AND 3000000 and cint is not null) (type: boolean)
+                    predicate: (cint is not null and cint BETWEEN 1000000 AND 3000000) (type: boolean)
                     Statistics: Num rows: 6144 Data size: 1320982 Basic stats: COMPLETE Column stats: NONE
                     Select Operator
                       expressions: csmallint (type: smallint), cint (type: int)
@@ -307,7 +307,7 @@ STAGE PLANS:
                   alias: a
                   Statistics: Num rows: 12288 Data size: 2641964 Basic stats: COMPLETE Column stats: NONE
                   Filter Operator
-                    predicate: ((cbigint is not null and cint BETWEEN 1000000 AND 3000000) and cint is not null) (type: boolean)
+                    predicate: ((cint is not null and cbigint is not null) and cint BETWEEN 1000000 AND 3000000) (type: boolean)
                     Statistics: Num rows: 6144 Data size: 1320982 Basic stats: COMPLETE Column stats: NONE
                     Select Operator
                       expressions: cint (type: int)
@@ -438,7 +438,7 @@ STAGE PLANS:
                   alias: a
                   Statistics: Num rows: 12288 Data size: 2641964 Basic stats: COMPLETE Column stats: NONE
                   Filter Operator
-                    predicate: (cint BETWEEN 1000000 AND 3000000 and cint is not null) (type: boolean)
+                    predicate: (cint is not null and cint BETWEEN 1000000 AND 3000000) (type: boolean)
                     Statistics: Num rows: 6144 Data size: 1320982 Basic stats: COMPLETE Column stats: NONE
                     Select Operator
                       expressions: ctinyint (type: tinyint), csmallint (type: smallint), cint (type: int), cbigint (type: bigint), cfloat (type: float), cdouble (type: double), cstring1 (type: string), cstring2 (type: string), ctimestamp1 (type: timestamp), ctimestamp2 (type: timestamp), cboolean1 (type: boolean), cboolean2 (type: boolean)
@@ -457,7 +457,7 @@ STAGE PLANS:
                   alias: a
                   Statistics: Num rows: 12288 Data size: 2641964 Basic stats: COMPLETE Column stats: NONE
                   Filter Operator
-                    predicate: ((cbigint is not null and cint BETWEEN 1000000 AND 3000000) and cint is not null) (type: boolean)
+                    predicate: ((cint is not null and cbigint is not null) and cint BETWEEN 1000000 AND 3000000) (type: boolean)
                     Statistics: Num rows: 6144 Data size: 1320982 Basic stats: COMPLETE Column stats: NONE
                     Select Operator
                       expressions: ctinyint (type: tinyint), csmallint (type: smallint), cint (type: int), cbigint (type: bigint), cfloat (type: float), cdouble (type: double), cstring1 (type: string), cstring2 (type: string), ctimestamp1 (type: timestamp), ctimestamp2 (type: timestamp), cboolean1 (type: boolean), cboolean2 (type: boolean)
@@ -570,7 +570,7 @@ STAGE PLANS:
                   alias: a
                   Statistics: Num rows: 12288 Data size: 2641964 Basic stats: COMPLETE Column stats: NONE
                   Filter Operator
-                    predicate: (cint BETWEEN 1000000 AND 3000000 and cint is not null) (type: boolean)
+                    predicate: (cint is not null and cint BETWEEN 1000000 AND 3000000) (type: boolean)
                     Statistics: Num rows: 6144 Data size: 1320982 Basic stats: COMPLETE Column stats: NONE
                     Select Operator
                       expressions: cint (type: int)
@@ -588,7 +588,7 @@ STAGE PLANS:
                   alias: a
                   Statistics: Num rows: 12288 Data size: 2641964 Basic stats: COMPLETE Column stats: NONE
                   Filter Operator
-                    predicate: ((cbigint is not null and cint BETWEEN 1000000 AND 3000000) and cint is not null) (type: boolean)
+                    predicate: ((cint is not null and cbigint is not null) and cint BETWEEN 1000000 AND 3000000) (type: boolean)
                     Statistics: Num rows: 6144 Data size: 1320982 Basic stats: COMPLETE Column stats: NONE
                     Select Operator
                       expressions: cint (type: int)
@@ -698,7 +698,7 @@ STAGE PLANS:
                   alias: a
                   Statistics: Num rows: 12288 Data size: 2641964 Basic stats: COMPLETE Column stats: NONE
                   Filter Operator
-                    predicate: (cint BETWEEN 1000000 AND 3000000 and cint is not null) (type: boolean)
+                    predicate: (cint is not null and cint BETWEEN 1000000 AND 3000000) (type: boolean)
                     Statistics: Num rows: 6144 Data size: 1320982 Basic stats: COMPLETE Column stats: NONE
                     Select Operator
                       expressions: csmallint (type: smallint), cint (type: int)
@@ -717,7 +717,7 @@ STAGE PLANS:
                   alias: a
                   Statistics: Num rows: 12288 Data size: 2641964 Basic stats: COMPLETE Column stats: NONE
                   Filter Operator
-                    predicate: ((cbigint is not null and cint BETWEEN 1000000 AND 3000000) and cint is not null) (type: boolean)
+                    predicate: ((cint is not null and cbigint is not null) and cint BETWEEN 1000000 AND 3000000) (type: boolean)
                     Statistics: Num rows: 6144 Data size: 1320982 Basic stats: COMPLETE Column stats: NONE
                     Select Operator
                       expressions: cint (type: int)
diff --git a/ql/src/test/results/clientpositive/llap/tez_self_join.q.out b/ql/src/test/results/clientpositive/llap/tez_self_join.q.out
index 9f1323fe2c..d28e505708 100644
--- a/ql/src/test/results/clientpositive/llap/tez_self_join.q.out
+++ b/ql/src/test/results/clientpositive/llap/tez_self_join.q.out
@@ -82,7 +82,7 @@ STAGE PLANS:
                   alias: self1
                   Statistics: Num rows: 3 Data size: 21 Basic stats: COMPLETE Column stats: NONE
                   Filter Operator
-                    predicate: ((id2 = 'ab') and id1 is not null) (type: boolean)
+                    predicate: (id1 is not null and (id2 = 'ab')) (type: boolean)
                     Statistics: Num rows: 1 Data size: 7 Basic stats: COMPLETE Column stats: NONE
                     Select Operator
                       expressions: id1 (type: int), id3 (type: string)
diff --git a/ql/src/test/results/clientpositive/llap/tez_vector_dynpart_hashjoin_1.q.out b/ql/src/test/results/clientpositive/llap/tez_vector_dynpart_hashjoin_1.q.out
index 6a57f1fd82..bbe4c29d18 100644
--- a/ql/src/test/results/clientpositive/llap/tez_vector_dynpart_hashjoin_1.q.out
+++ b/ql/src/test/results/clientpositive/llap/tez_vector_dynpart_hashjoin_1.q.out
@@ -34,7 +34,7 @@ STAGE PLANS:
                   alias: a
                   Statistics: Num rows: 12288 Data size: 2641964 Basic stats: COMPLETE Column stats: NONE
                   Filter Operator
-                    predicate: (cint BETWEEN 1000000 AND 3000000 and cint is not null) (type: boolean)
+                    predicate: (cint is not null and cint BETWEEN 1000000 AND 3000000) (type: boolean)
                     Statistics: Num rows: 6144 Data size: 1320982 Basic stats: COMPLETE Column stats: NONE
                     Select Operator
                       expressions: ctinyint (type: tinyint), csmallint (type: smallint), cint (type: int), cbigint (type: bigint), cfloat (type: float), cdouble (type: double), cstring1 (type: string), cstring2 (type: string), ctimestamp1 (type: timestamp), ctimestamp2 (type: timestamp), cboolean1 (type: boolean), cboolean2 (type: boolean)
@@ -53,7 +53,7 @@ STAGE PLANS:
                   alias: a
                   Statistics: Num rows: 12288 Data size: 2641964 Basic stats: COMPLETE Column stats: NONE
                   Filter Operator
-                    predicate: ((cbigint is not null and cint BETWEEN 1000000 AND 3000000) and cint is not null) (type: boolean)
+                    predicate: ((cint is not null and cbigint is not null) and cint BETWEEN 1000000 AND 3000000) (type: boolean)
                     Statistics: Num rows: 6144 Data size: 1320982 Basic stats: COMPLETE Column stats: NONE
                     Select Operator
                       expressions: ctinyint (type: tinyint), csmallint (type: smallint), cint (type: int), cbigint (type: bigint), cfloat (type: float), cdouble (type: double), cstring1 (type: string), cstring2 (type: string), ctimestamp1 (type: timestamp), ctimestamp2 (type: timestamp), cboolean1 (type: boolean), cboolean2 (type: boolean)
@@ -163,7 +163,7 @@ STAGE PLANS:
                   alias: a
                   Statistics: Num rows: 12288 Data size: 2641964 Basic stats: COMPLETE Column stats: NONE
                   Filter Operator
-                    predicate: (cint BETWEEN 1000000 AND 3000000 and cint is not null) (type: boolean)
+                    predicate: (cint is not null and cint BETWEEN 1000000 AND 3000000) (type: boolean)
                     Statistics: Num rows: 6144 Data size: 1320982 Basic stats: COMPLETE Column stats: NONE
                     Select Operator
                       expressions: cint (type: int)
@@ -181,7 +181,7 @@ STAGE PLANS:
                   alias: a
                   Statistics: Num rows: 12288 Data size: 2641964 Basic stats: COMPLETE Column stats: NONE
                   Filter Operator
-                    predicate: ((cbigint is not null and cint BETWEEN 1000000 AND 3000000) and cint is not null) (type: boolean)
+                    predicate: ((cint is not null and cbigint is not null) and cint BETWEEN 1000000 AND 3000000) (type: boolean)
                     Statistics: Num rows: 6144 Data size: 1320982 Basic stats: COMPLETE Column stats: NONE
                     Select Operator
                       expressions: cint (type: int)
@@ -288,7 +288,7 @@ STAGE PLANS:
                   alias: a
                   Statistics: Num rows: 12288 Data size: 2641964 Basic stats: COMPLETE Column stats: NONE
                   Filter Operator
-                    predicate: (cint BETWEEN 1000000 AND 3000000 and cint is not null) (type: boolean)
+                    predicate: (cint is not null and cint BETWEEN 1000000 AND 3000000) (type: boolean)
                     Statistics: Num rows: 6144 Data size: 1320982 Basic stats: COMPLETE Column stats: NONE
                     Select Operator
                       expressions: csmallint (type: smallint), cint (type: int)
@@ -307,7 +307,7 @@ STAGE PLANS:
                   alias: a
                   Statistics: Num rows: 12288 Data size: 2641964 Basic stats: COMPLETE Column stats: NONE
                   Filter Operator
-                    predicate: ((cbigint is not null and cint BETWEEN 1000000 AND 3000000) and cint is not null) (type: boolean)
+                    predicate: ((cint is not null and cbigint is not null) and cint BETWEEN 1000000 AND 3000000) (type: boolean)
                     Statistics: Num rows: 6144 Data size: 1320982 Basic stats: COMPLETE Column stats: NONE
                     Select Operator
                       expressions: cint (type: int)
@@ -438,7 +438,7 @@ STAGE PLANS:
                   alias: a
                   Statistics: Num rows: 12288 Data size: 2641964 Basic stats: COMPLETE Column stats: NONE
                   Filter Operator
-                    predicate: (cint BETWEEN 1000000 AND 3000000 and cint is not null) (type: boolean)
+                    predicate: (cint is not null and cint BETWEEN 1000000 AND 3000000) (type: boolean)
                     Statistics: Num rows: 6144 Data size: 1320982 Basic stats: COMPLETE Column stats: NONE
                     Select Operator
                       expressions: ctinyint (type: tinyint), csmallint (type: smallint), cint (type: int), cbigint (type: bigint), cfloat (type: float), cdouble (type: double), cstring1 (type: string), cstring2 (type: string), ctimestamp1 (type: timestamp), ctimestamp2 (type: timestamp), cboolean1 (type: boolean), cboolean2 (type: boolean)
@@ -457,7 +457,7 @@ STAGE PLANS:
                   alias: a
                   Statistics: Num rows: 12288 Data size: 2641964 Basic stats: COMPLETE Column stats: NONE
                   Filter Operator
-                    predicate: ((cbigint is not null and cint BETWEEN 1000000 AND 3000000) and cint is not null) (type: boolean)
+                    predicate: ((cint is not null and cbigint is not null) and cint BETWEEN 1000000 AND 3000000) (type: boolean)
                     Statistics: Num rows: 6144 Data size: 1320982 Basic stats: COMPLETE Column stats: NONE
                     Select Operator
                       expressions: ctinyint (type: tinyint), csmallint (type: smallint), cint (type: int), cbigint (type: bigint), cfloat (type: float), cdouble (type: double), cstring1 (type: string), cstring2 (type: string), ctimestamp1 (type: timestamp), ctimestamp2 (type: timestamp), cboolean1 (type: boolean), cboolean2 (type: boolean)
@@ -570,7 +570,7 @@ STAGE PLANS:
                   alias: a
                   Statistics: Num rows: 12288 Data size: 2641964 Basic stats: COMPLETE Column stats: NONE
                   Filter Operator
-                    predicate: (cint BETWEEN 1000000 AND 3000000 and cint is not null) (type: boolean)
+                    predicate: (cint is not null and cint BETWEEN 1000000 AND 3000000) (type: boolean)
                     Statistics: Num rows: 6144 Data size: 1320982 Basic stats: COMPLETE Column stats: NONE
                     Select Operator
                       expressions: cint (type: int)
@@ -588,7 +588,7 @@ STAGE PLANS:
                   alias: a
                   Statistics: Num rows: 12288 Data size: 2641964 Basic stats: COMPLETE Column stats: NONE
                   Filter Operator
-                    predicate: ((cbigint is not null and cint BETWEEN 1000000 AND 3000000) and cint is not null) (type: boolean)
+                    predicate: ((cint is not null and cbigint is not null) and cint BETWEEN 1000000 AND 3000000) (type: boolean)
                     Statistics: Num rows: 6144 Data size: 1320982 Basic stats: COMPLETE Column stats: NONE
                     Select Operator
                       expressions: cint (type: int)
@@ -698,7 +698,7 @@ STAGE PLANS:
                   alias: a
                   Statistics: Num rows: 12288 Data size: 2641964 Basic stats: COMPLETE Column stats: NONE
                   Filter Operator
-                    predicate: (cint BETWEEN 1000000 AND 3000000 and cint is not null) (type: boolean)
+                    predicate: (cint is not null and cint BETWEEN 1000000 AND 3000000) (type: boolean)
                     Statistics: Num rows: 6144 Data size: 1320982 Basic stats: COMPLETE Column stats: NONE
                     Select Operator
                       expressions: csmallint (type: smallint), cint (type: int)
@@ -717,7 +717,7 @@ STAGE PLANS:
                   alias: a
                   Statistics: Num rows: 12288 Data size: 2641964 Basic stats: COMPLETE Column stats: NONE
                   Filter Operator
-                    predicate: ((cbigint is not null and cint BETWEEN 1000000 AND 3000000) and cint is not null) (type: boolean)
+                    predicate: ((cint is not null and cbigint is not null) and cint BETWEEN 1000000 AND 3000000) (type: boolean)
                     Statistics: Num rows: 6144 Data size: 1320982 Basic stats: COMPLETE Column stats: NONE
                     Select Operator
                       expressions: cint (type: int)
diff --git a/ql/src/test/results/clientpositive/llap/vectorized_dynamic_partition_pruning.q.out b/ql/src/test/results/clientpositive/llap/vectorized_dynamic_partition_pruning.q.out
index 63121a9e5b..1f74c893a1 100644
--- a/ql/src/test/results/clientpositive/llap/vectorized_dynamic_partition_pruning.q.out
+++ b/ql/src/test/results/clientpositive/llap/vectorized_dynamic_partition_pruning.q.out
@@ -224,10 +224,10 @@ STAGE PLANS:
             Map Operator Tree:
                 TableScan
                   alias: srcpart_date
-                  filterExpr: ((date = '2008-04-08') and ds is not null) (type: boolean)
+                  filterExpr: (ds is not null and (date = '2008-04-08')) (type: boolean)
                   Statistics: Num rows: 2 Data size: 376 Basic stats: COMPLETE Column stats: NONE
                   Filter Operator
-                    predicate: ((date = '2008-04-08') and ds is not null) (type: boolean)
+                    predicate: (ds is not null and (date = '2008-04-08')) (type: boolean)
                     Statistics: Num rows: 1 Data size: 188 Basic stats: COMPLETE Column stats: NONE
                     Select Operator
                       expressions: ds (type: string)
@@ -350,10 +350,10 @@ STAGE PLANS:
             Map Operator Tree:
                 TableScan
                   alias: srcpart_date
-                  filterExpr: ((date = '2008-04-08') and ds is not null) (type: boolean)
+                  filterExpr: (ds is not null and (date = '2008-04-08')) (type: boolean)
                   Statistics: Num rows: 2 Data size: 376 Basic stats: COMPLETE Column stats: NONE
                   Filter Operator
-                    predicate: ((date = '2008-04-08') and ds is not null) (type: boolean)
+                    predicate: (ds is not null and (date = '2008-04-08')) (type: boolean)
                     Statistics: Num rows: 1 Data size: 188 Basic stats: COMPLETE Column stats: NONE
                     Select Operator
                       expressions: ds (type: string)
@@ -479,10 +479,10 @@ STAGE PLANS:
             Map Operator Tree:
                 TableScan
                   alias: srcpart_date
-                  filterExpr: ((date = '2008-04-08') and ds is not null) (type: boolean)
+                  filterExpr: (ds is not null and (date = '2008-04-08')) (type: boolean)
                   Statistics: Num rows: 2 Data size: 376 Basic stats: COMPLETE Column stats: NONE
                   Filter Operator
-                    predicate: ((date = '2008-04-08') and ds is not null) (type: boolean)
+                    predicate: (ds is not null and (date = '2008-04-08')) (type: boolean)
                     Statistics: Num rows: 1 Data size: 188 Basic stats: COMPLETE Column stats: NONE
                     Select Operator
                       expressions: ds (type: string)
@@ -513,10 +513,10 @@ STAGE PLANS:
             Map Operator Tree:
                 TableScan
                   alias: srcpart_hour
-                  filterExpr: ((UDFToDouble(hour) = 11.0) and hr is not null) (type: boolean)
+                  filterExpr: (hr is not null and (UDFToDouble(hour) = 11.0)) (type: boolean)
                   Statistics: Num rows: 2 Data size: 344 Basic stats: COMPLETE Column stats: NONE
                   Filter Operator
-                    predicate: ((UDFToDouble(hour) = 11.0) and hr is not null) (type: boolean)
+                    predicate: (hr is not null and (UDFToDouble(hour) = 11.0)) (type: boolean)
                     Statistics: Num rows: 1 Data size: 172 Basic stats: COMPLETE Column stats: NONE
                     Select Operator
                       expressions: hr (type: string)
@@ -663,10 +663,10 @@ STAGE PLANS:
             Map Operator Tree:
                 TableScan
                   alias: srcpart_date
-                  filterExpr: ((date = '2008-04-08') and ds is not null) (type: boolean)
+                  filterExpr: (ds is not null and (date = '2008-04-08')) (type: boolean)
                   Statistics: Num rows: 2 Data size: 376 Basic stats: COMPLETE Column stats: NONE
                   Filter Operator
-                    predicate: ((date = '2008-04-08') and ds is not null) (type: boolean)
+                    predicate: (ds is not null and (date = '2008-04-08')) (type: boolean)
                     Statistics: Num rows: 1 Data size: 188 Basic stats: COMPLETE Column stats: NONE
                     Select Operator
                       expressions: ds (type: string)
@@ -682,10 +682,10 @@ STAGE PLANS:
             Map Operator Tree:
                 TableScan
                   alias: srcpart_hour
-                  filterExpr: ((UDFToDouble(hour) = 11.0) and hr is not null) (type: boolean)
+                  filterExpr: (hr is not null and (UDFToDouble(hour) = 11.0)) (type: boolean)
                   Statistics: Num rows: 2 Data size: 344 Basic stats: COMPLETE Column stats: NONE
                   Filter Operator
-                    predicate: ((UDFToDouble(hour) = 11.0) and hr is not null) (type: boolean)
+                    predicate: (hr is not null and (UDFToDouble(hour) = 11.0)) (type: boolean)
                     Statistics: Num rows: 1 Data size: 172 Basic stats: COMPLETE Column stats: NONE
                     Select Operator
                       expressions: hr (type: string)
@@ -825,10 +825,10 @@ STAGE PLANS:
             Map Operator Tree:
                 TableScan
                   alias: srcpart_date_hour
-                  filterExpr: ((((date = '2008-04-08') and (UDFToDouble(hour) = 11.0)) and hr is not null) and ds is not null) (type: boolean)
+                  filterExpr: (((ds is not null and hr is not null) and (date = '2008-04-08')) and (UDFToDouble(hour) = 11.0)) (type: boolean)
                   Statistics: Num rows: 4 Data size: 1440 Basic stats: COMPLETE Column stats: NONE
                   Filter Operator
-                    predicate: ((((date = '2008-04-08') and (UDFToDouble(hour) = 11.0)) and hr is not null) and ds is not null) (type: boolean)
+                    predicate: (((ds is not null and hr is not null) and (date = '2008-04-08')) and (UDFToDouble(hour) = 11.0)) (type: boolean)
                     Statistics: Num rows: 1 Data size: 360 Basic stats: COMPLETE Column stats: NONE
                     Select Operator
                       expressions: ds (type: string), hr (type: string)
@@ -950,7 +950,7 @@ STAGE PLANS:
             Map Operator Tree:
                 TableScan
                   alias: srcpart
-                  filterExpr: (hr is not null and ds is not null) (type: boolean)
+                  filterExpr: (ds is not null and hr is not null) (type: boolean)
                   Statistics: Num rows: 2000 Data size: 21248 Basic stats: COMPLETE Column stats: NONE
                   Select Operator
                     expressions: ds (type: string), hr (type: string)
@@ -966,10 +966,10 @@ STAGE PLANS:
             Map Operator Tree:
                 TableScan
                   alias: srcpart_date_hour
-                  filterExpr: ((((date = '2008-04-08') and (UDFToDouble(hour) = 11.0)) and hr is not null) and ds is not null) (type: boolean)
+                  filterExpr: (((ds is not null and hr is not null) and (date = '2008-04-08')) and (UDFToDouble(hour) = 11.0)) (type: boolean)
                   Statistics: Num rows: 4 Data size: 1440 Basic stats: COMPLETE Column stats: NONE
                   Filter Operator
-                    predicate: ((((date = '2008-04-08') and (UDFToDouble(hour) = 11.0)) and hr is not null) and ds is not null) (type: boolean)
+                    predicate: (((ds is not null and hr is not null) and (date = '2008-04-08')) and (UDFToDouble(hour) = 11.0)) (type: boolean)
                     Statistics: Num rows: 1 Data size: 360 Basic stats: COMPLETE Column stats: NONE
                     Select Operator
                       expressions: ds (type: string), hr (type: string)
@@ -1090,10 +1090,10 @@ STAGE PLANS:
             Map Operator Tree:
                 TableScan
                   alias: srcpart_date
-                  filterExpr: ((date = 'I DONT EXIST') and ds is not null) (type: boolean)
+                  filterExpr: (ds is not null and (date = 'I DONT EXIST')) (type: boolean)
                   Statistics: Num rows: 2 Data size: 376 Basic stats: COMPLETE Column stats: NONE
                   Filter Operator
-                    predicate: ((date = 'I DONT EXIST') and ds is not null) (type: boolean)
+                    predicate: (ds is not null and (date = 'I DONT EXIST')) (type: boolean)
                     Statistics: Num rows: 1 Data size: 188 Basic stats: COMPLETE Column stats: NONE
                     Select Operator
                       expressions: ds (type: string)
@@ -1216,10 +1216,10 @@ STAGE PLANS:
             Map Operator Tree:
                 TableScan
                   alias: srcpart_date
-                  filterExpr: ((date = 'I DONT EXIST') and ds is not null) (type: boolean)
+                  filterExpr: (ds is not null and (date = 'I DONT EXIST')) (type: boolean)
                   Statistics: Num rows: 2 Data size: 376 Basic stats: COMPLETE Column stats: NONE
                   Filter Operator
-                    predicate: ((date = 'I DONT EXIST') and ds is not null) (type: boolean)
+                    predicate: (ds is not null and (date = 'I DONT EXIST')) (type: boolean)
                     Statistics: Num rows: 1 Data size: 188 Basic stats: COMPLETE Column stats: NONE
                     Select Operator
                       expressions: ds (type: string)
@@ -1338,10 +1338,10 @@ STAGE PLANS:
             Map Operator Tree:
                 TableScan
                   alias: srcpart_double_hour
-                  filterExpr: ((UDFToDouble(hour) = 11.0) and hr is not null) (type: boolean)
+                  filterExpr: (hr is not null and (UDFToDouble(hour) = 11.0)) (type: boolean)
                   Statistics: Num rows: 2 Data size: 188 Basic stats: COMPLETE Column stats: NONE
                   Filter Operator
-                    predicate: ((UDFToDouble(hour) = 11.0) and hr is not null) (type: boolean)
+                    predicate: (hr is not null and (UDFToDouble(hour) = 11.0)) (type: boolean)
                     Statistics: Num rows: 1 Data size: 94 Basic stats: COMPLETE Column stats: NONE
                     Select Operator
                       expressions: hr (type: double)
@@ -1464,10 +1464,10 @@ STAGE PLANS:
             Map Operator Tree:
                 TableScan
                   alias: srcpart_double_hour
-                  filterExpr: ((UDFToDouble(hour) = 11.0) and hr is not null) (type: boolean)
+                  filterExpr: (hr is not null and (UDFToDouble(hour) = 11.0)) (type: boolean)
                   Statistics: Num rows: 2 Data size: 188 Basic stats: COMPLETE Column stats: NONE
                   Filter Operator
-                    predicate: ((UDFToDouble(hour) = 11.0) and hr is not null) (type: boolean)
+                    predicate: (hr is not null and (UDFToDouble(hour) = 11.0)) (type: boolean)
                     Statistics: Num rows: 1 Data size: 94 Basic stats: COMPLETE Column stats: NONE
                     Select Operator
                       expressions: hr (type: double)
@@ -1590,10 +1590,10 @@ STAGE PLANS:
             Map Operator Tree:
                 TableScan
                   alias: srcpart_double_hour
-                  filterExpr: ((UDFToDouble(hour) = 11.0) and hr is not null) (type: boolean)
+                  filterExpr: (hr is not null and (UDFToDouble(hour) = 11.0)) (type: boolean)
                   Statistics: Num rows: 2 Data size: 188 Basic stats: COMPLETE Column stats: NONE
                   Filter Operator
-                    predicate: ((UDFToDouble(hour) = 11.0) and hr is not null) (type: boolean)
+                    predicate: (hr is not null and (UDFToDouble(hour) = 11.0)) (type: boolean)
                     Statistics: Num rows: 1 Data size: 94 Basic stats: COMPLETE Column stats: NONE
                     Select Operator
                       expressions: hr (type: double)
@@ -1701,10 +1701,10 @@ STAGE PLANS:
             Map Operator Tree:
                 TableScan
                   alias: srcpart_double_hour
-                  filterExpr: ((UDFToDouble(hour) = 11.0) and hr is not null) (type: boolean)
+                  filterExpr: (hr is not null and (UDFToDouble(hour) = 11.0)) (type: boolean)
                   Statistics: Num rows: 2 Data size: 188 Basic stats: COMPLETE Column stats: NONE
                   Filter Operator
-                    predicate: ((UDFToDouble(hour) = 11.0) and hr is not null) (type: boolean)
+                    predicate: (hr is not null and (UDFToDouble(hour) = 11.0)) (type: boolean)
                     Statistics: Num rows: 1 Data size: 94 Basic stats: COMPLETE Column stats: NONE
                     Select Operator
                       expressions: hr (type: double)
@@ -1825,10 +1825,10 @@ STAGE PLANS:
             Map Operator Tree:
                 TableScan
                   alias: srcpart_double_hour
-                  filterExpr: ((UDFToDouble(hour) = 11.0) and hr is not null) (type: boolean)
+                  filterExpr: (hr is not null and (UDFToDouble(hour) = 11.0)) (type: boolean)
                   Statistics: Num rows: 2 Data size: 188 Basic stats: COMPLETE Column stats: NONE
                   Filter Operator
-                    predicate: ((UDFToDouble(hour) = 11.0) and hr is not null) (type: boolean)
+                    predicate: (hr is not null and (UDFToDouble(hour) = 11.0)) (type: boolean)
                     Statistics: Num rows: 1 Data size: 94 Basic stats: COMPLETE Column stats: NONE
                     Select Operator
                       expressions: hr (type: double)
@@ -2238,10 +2238,10 @@ STAGE PLANS:
             Map Operator Tree:
                 TableScan
                   alias: srcpart_date_hour
-                  filterExpr: ((((date = '2008-04-08') and (UDFToDouble(hour) = 11.0)) and hr is not null) and ds is not null) (type: boolean)
+                  filterExpr: ((((date = '2008-04-08') and (UDFToDouble(hour) = 11.0)) and ds is not null) and hr is not null) (type: boolean)
                   Statistics: Num rows: 4 Data size: 1440 Basic stats: COMPLETE Column stats: NONE
                   Filter Operator
-                    predicate: ((((date = '2008-04-08') and (UDFToDouble(hour) = 11.0)) and hr is not null) and ds is not null) (type: boolean)
+                    predicate: ((((date = '2008-04-08') and (UDFToDouble(hour) = 11.0)) and ds is not null) and hr is not null) (type: boolean)
                     Statistics: Num rows: 1 Data size: 360 Basic stats: COMPLETE Column stats: NONE
                     Select Operator
                       expressions: ds (type: string), hr (type: string)
@@ -2706,10 +2706,10 @@ STAGE PLANS:
             Map Operator Tree:
                 TableScan
                   alias: srcpart_date
-                  filterExpr: ((date = '2008-04-08') and ds is not null) (type: boolean)
+                  filterExpr: (ds is not null and (date = '2008-04-08')) (type: boolean)
                   Statistics: Num rows: 2 Data size: 376 Basic stats: COMPLETE Column stats: NONE
                   Filter Operator
-                    predicate: ((date = '2008-04-08') and ds is not null) (type: boolean)
+                    predicate: (ds is not null and (date = '2008-04-08')) (type: boolean)
                     Statistics: Num rows: 1 Data size: 188 Basic stats: COMPLETE Column stats: NONE
                     Select Operator
                       expressions: ds (type: string)
@@ -2851,10 +2851,10 @@ STAGE PLANS:
             Map Operator Tree:
                 TableScan
                   alias: srcpart
-                  filterExpr: ((UDFToDouble(hr) = 13.0) and ds is not null) (type: boolean)
+                  filterExpr: (ds is not null and (UDFToDouble(hr) = 13.0)) (type: boolean)
                   Statistics: Num rows: 1 Data size: 0 Basic stats: PARTIAL Column stats: NONE
                   Filter Operator
-                    predicate: ((UDFToDouble(hr) = 13.0) and ds is not null) (type: boolean)
+                    predicate: (ds is not null and (UDFToDouble(hr) = 13.0)) (type: boolean)
                     Statistics: Num rows: 1 Data size: 0 Basic stats: PARTIAL Column stats: NONE
                     Select Operator
                       expressions: ds (type: string)
@@ -2870,10 +2870,10 @@ STAGE PLANS:
             Map Operator Tree:
                 TableScan
                   alias: srcpart_date
-                  filterExpr: ((date = '2008-04-08') and ds is not null) (type: boolean)
+                  filterExpr: (ds is not null and (date = '2008-04-08')) (type: boolean)
                   Statistics: Num rows: 2 Data size: 376 Basic stats: COMPLETE Column stats: NONE
                   Filter Operator
-                    predicate: ((date = '2008-04-08') and ds is not null) (type: boolean)
+                    predicate: (ds is not null and (date = '2008-04-08')) (type: boolean)
                     Statistics: Num rows: 1 Data size: 188 Basic stats: COMPLETE Column stats: NONE
                     Select Operator
                       expressions: ds (type: string)
@@ -3706,10 +3706,10 @@ STAGE PLANS:
             Map Operator Tree:
                 TableScan
                   alias: srcpart_date
-                  filterExpr: ((date = '2008-04-08') and ds is not null) (type: boolean)
+                  filterExpr: (ds is not null and (date = '2008-04-08')) (type: boolean)
                   Statistics: Num rows: 2 Data size: 376 Basic stats: COMPLETE Column stats: NONE
                   Filter Operator
-                    predicate: ((date = '2008-04-08') and ds is not null) (type: boolean)
+                    predicate: (ds is not null and (date = '2008-04-08')) (type: boolean)
                     Statistics: Num rows: 1 Data size: 188 Basic stats: COMPLETE Column stats: NONE
                     Select Operator
                       expressions: ds (type: string)
@@ -3854,10 +3854,10 @@ STAGE PLANS:
             Map Operator Tree:
                 TableScan
                   alias: srcpart_date
-                  filterExpr: ((date = '2008-04-08') and ds is not null) (type: boolean)
+                  filterExpr: (ds is not null and (date = '2008-04-08')) (type: boolean)
                   Statistics: Num rows: 2 Data size: 376 Basic stats: COMPLETE Column stats: NONE
                   Filter Operator
-                    predicate: ((date = '2008-04-08') and ds is not null) (type: boolean)
+                    predicate: (ds is not null and (date = '2008-04-08')) (type: boolean)
                     Statistics: Num rows: 1 Data size: 188 Basic stats: COMPLETE Column stats: NONE
                     Select Operator
                       expressions: ds (type: string)
@@ -3888,10 +3888,10 @@ STAGE PLANS:
             Map Operator Tree:
                 TableScan
                   alias: srcpart_hour
-                  filterExpr: ((UDFToDouble(hour) = 11.0) and hr is not null) (type: boolean)
+                  filterExpr: (hr is not null and (UDFToDouble(hour) = 11.0)) (type: boolean)
                   Statistics: Num rows: 2 Data size: 344 Basic stats: COMPLETE Column stats: NONE
                   Filter Operator
-                    predicate: ((UDFToDouble(hour) = 11.0) and hr is not null) (type: boolean)
+                    predicate: (hr is not null and (UDFToDouble(hour) = 11.0)) (type: boolean)
                     Statistics: Num rows: 1 Data size: 172 Basic stats: COMPLETE Column stats: NONE
                     Select Operator
                       expressions: hr (type: string)
@@ -4025,10 +4025,10 @@ STAGE PLANS:
             Map Operator Tree:
                 TableScan
                   alias: srcpart_date_hour
-                  filterExpr: ((((date = '2008-04-08') and (UDFToDouble(hour) = 11.0)) and hr is not null) and ds is not null) (type: boolean)
+                  filterExpr: (((ds is not null and hr is not null) and (date = '2008-04-08')) and (UDFToDouble(hour) = 11.0)) (type: boolean)
                   Statistics: Num rows: 4 Data size: 1440 Basic stats: COMPLETE Column stats: NONE
                   Filter Operator
-                    predicate: ((((date = '2008-04-08') and (UDFToDouble(hour) = 11.0)) and hr is not null) and ds is not null) (type: boolean)
+                    predicate: (((ds is not null and hr is not null) and (date = '2008-04-08')) and (UDFToDouble(hour) = 11.0)) (type: boolean)
                     Statistics: Num rows: 1 Data size: 360 Basic stats: COMPLETE Column stats: NONE
                     Select Operator
                       expressions: ds (type: string), hr (type: string)
@@ -4174,10 +4174,10 @@ STAGE PLANS:
             Map Operator Tree:
                 TableScan
                   alias: srcpart_date
-                  filterExpr: ((date = 'I DONT EXIST') and ds is not null) (type: boolean)
+                  filterExpr: (ds is not null and (date = 'I DONT EXIST')) (type: boolean)
                   Statistics: Num rows: 2 Data size: 376 Basic stats: COMPLETE Column stats: NONE
                   Filter Operator
-                    predicate: ((date = 'I DONT EXIST') and ds is not null) (type: boolean)
+                    predicate: (ds is not null and (date = 'I DONT EXIST')) (type: boolean)
                     Statistics: Num rows: 1 Data size: 188 Basic stats: COMPLETE Column stats: NONE
                     Select Operator
                       expressions: ds (type: string)
@@ -4284,10 +4284,10 @@ STAGE PLANS:
             Map Operator Tree:
                 TableScan
                   alias: srcpart_double_hour
-                  filterExpr: ((UDFToDouble(hour) = 11.0) and hr is not null) (type: boolean)
+                  filterExpr: (hr is not null and (UDFToDouble(hour) = 11.0)) (type: boolean)
                   Statistics: Num rows: 2 Data size: 188 Basic stats: COMPLETE Column stats: NONE
                   Filter Operator
-                    predicate: ((UDFToDouble(hour) = 11.0) and hr is not null) (type: boolean)
+                    predicate: (hr is not null and (UDFToDouble(hour) = 11.0)) (type: boolean)
                     Statistics: Num rows: 1 Data size: 94 Basic stats: COMPLETE Column stats: NONE
                     Select Operator
                       expressions: hr (type: double)
@@ -4405,10 +4405,10 @@ STAGE PLANS:
             Map Operator Tree:
                 TableScan
                   alias: srcpart_double_hour
-                  filterExpr: ((UDFToDouble(hour) = 11.0) and hr is not null) (type: boolean)
+                  filterExpr: (hr is not null and (UDFToDouble(hour) = 11.0)) (type: boolean)
                   Statistics: Num rows: 2 Data size: 188 Basic stats: COMPLETE Column stats: NONE
                   Filter Operator
-                    predicate: ((UDFToDouble(hour) = 11.0) and hr is not null) (type: boolean)
+                    predicate: (hr is not null and (UDFToDouble(hour) = 11.0)) (type: boolean)
                     Statistics: Num rows: 1 Data size: 94 Basic stats: COMPLETE Column stats: NONE
                     Select Operator
                       expressions: hr (type: double)
@@ -4964,10 +4964,10 @@ STAGE PLANS:
             Map Operator Tree:
                 TableScan
                   alias: srcpart_date
-                  filterExpr: ((date = '2008-04-08') and ds is not null) (type: boolean)
+                  filterExpr: (ds is not null and (date = '2008-04-08')) (type: boolean)
                   Statistics: Num rows: 2 Data size: 376 Basic stats: COMPLETE Column stats: NONE
                   Filter Operator
-                    predicate: ((date = '2008-04-08') and ds is not null) (type: boolean)
+                    predicate: (ds is not null and (date = '2008-04-08')) (type: boolean)
                     Statistics: Num rows: 1 Data size: 188 Basic stats: COMPLETE Column stats: NONE
                     Select Operator
                       expressions: ds (type: string)
@@ -5074,10 +5074,10 @@ STAGE PLANS:
             Map Operator Tree:
                 TableScan
                   alias: srcpart
-                  filterExpr: ((UDFToDouble(hr) = 13.0) and ds is not null) (type: boolean)
+                  filterExpr: (ds is not null and (UDFToDouble(hr) = 13.0)) (type: boolean)
                   Statistics: Num rows: 1 Data size: 0 Basic stats: PARTIAL Column stats: NONE
                   Filter Operator
-                    predicate: ((UDFToDouble(hr) = 13.0) and ds is not null) (type: boolean)
+                    predicate: (ds is not null and (UDFToDouble(hr) = 13.0)) (type: boolean)
                     Statistics: Num rows: 1 Data size: 0 Basic stats: PARTIAL Column stats: NONE
                     Select Operator
                       expressions: ds (type: string)
@@ -5093,10 +5093,10 @@ STAGE PLANS:
             Map Operator Tree:
                 TableScan
                   alias: srcpart_date
-                  filterExpr: ((date = '2008-04-08') and ds is not null) (type: boolean)
+                  filterExpr: (ds is not null and (date = '2008-04-08')) (type: boolean)
                   Statistics: Num rows: 2 Data size: 376 Basic stats: COMPLETE Column stats: NONE
                   Filter Operator
-                    predicate: ((date = '2008-04-08') and ds is not null) (type: boolean)
+                    predicate: (ds is not null and (date = '2008-04-08')) (type: boolean)
                     Statistics: Num rows: 1 Data size: 188 Basic stats: COMPLETE Column stats: NONE
                     Select Operator
                       expressions: ds (type: string)
@@ -5469,10 +5469,10 @@ STAGE PLANS:
             Map Operator Tree:
                 TableScan
                   alias: srcpart_date_hour
-                  filterExpr: ((((UDFToDouble(hour) = 11.0) and ((date = '2008-04-08') or (date = '2008-04-09'))) and hr is not null) and ds is not null) (type: boolean)
+                  filterExpr: (((ds is not null and hr is not null) and ((date = '2008-04-08') or (date = '2008-04-09'))) and (UDFToDouble(hour) = 11.0)) (type: boolean)
                   Statistics: Num rows: 4 Data size: 1440 Basic stats: COMPLETE Column stats: NONE
                   Filter Operator
-                    predicate: ((((UDFToDouble(hour) = 11.0) and ((date = '2008-04-08') or (date = '2008-04-09'))) and hr is not null) and ds is not null) (type: boolean)
+                    predicate: (((ds is not null and hr is not null) and ((date = '2008-04-08') or (date = '2008-04-09'))) and (UDFToDouble(hour) = 11.0)) (type: boolean)
                     Statistics: Num rows: 2 Data size: 720 Basic stats: COMPLETE Column stats: NONE
                     Select Operator
                       expressions: ds (type: string), hr (type: string)
diff --git a/ql/src/test/results/clientpositive/louter_join_ppr.q.out b/ql/src/test/results/clientpositive/louter_join_ppr.q.out
index 553def9bb5..ea0779fda1 100644
--- a/ql/src/test/results/clientpositive/louter_join_ppr.q.out
+++ b/ql/src/test/results/clientpositive/louter_join_ppr.q.out
@@ -993,7 +993,7 @@ STAGE PLANS:
             GatherStats: false
             Filter Operator
               isSamplingPred: false
-              predicate: ((((UDFToDouble(key) > 15.0) and (UDFToDouble(key) < 25.0)) and (UDFToDouble(key) < 20.0)) and (UDFToDouble(key) > 10.0)) (type: boolean)
+              predicate: ((((UDFToDouble(key) > 15.0) and (UDFToDouble(key) < 25.0)) and (UDFToDouble(key) > 10.0)) and (UDFToDouble(key) < 20.0)) (type: boolean)
               Statistics: Num rows: 12 Data size: 127 Basic stats: COMPLETE Column stats: NONE
               Select Operator
                 expressions: key (type: string), value (type: string)
diff --git a/ql/src/test/results/clientpositive/mapjoin_mapjoin.q.out b/ql/src/test/results/clientpositive/mapjoin_mapjoin.q.out
index 41d824c9f3..6193580166 100644
--- a/ql/src/test/results/clientpositive/mapjoin_mapjoin.q.out
+++ b/ql/src/test/results/clientpositive/mapjoin_mapjoin.q.out
@@ -512,7 +512,7 @@ STAGE PLANS:
             alias: srcpart
             Statistics: Num rows: 2000 Data size: 21248 Basic stats: COMPLETE Column stats: NONE
             Filter Operator
-              predicate: ((value > 'val_450') and key is not null) (type: boolean)
+              predicate: (key is not null and (value > 'val_450')) (type: boolean)
               Statistics: Num rows: 666 Data size: 7075 Basic stats: COMPLETE Column stats: NONE
               Select Operator
                 expressions: key (type: string), value (type: string)
diff --git a/ql/src/test/results/clientpositive/mergejoin.q.out b/ql/src/test/results/clientpositive/mergejoin.q.out
index acf816ebc2..b794f1a76b 100644
--- a/ql/src/test/results/clientpositive/mergejoin.q.out
+++ b/ql/src/test/results/clientpositive/mergejoin.q.out
@@ -2681,14 +2681,12 @@ NULL	NULL	NULL	98	val_98	2008-04-08
 PREHOOK: query: select * from (select * from tab where tab.key = 0)a right outer join (select * from tab_part where tab_part.key = 98)b on a.key = b.key
 PREHOOK: type: QUERY
 PREHOOK: Input: default@tab
-PREHOOK: Input: default@tab@ds=2008-04-08
 PREHOOK: Input: default@tab_part
 PREHOOK: Input: default@tab_part@ds=2008-04-08
 #### A masked pattern was here ####
 POSTHOOK: query: select * from (select * from tab where tab.key = 0)a right outer join (select * from tab_part where tab_part.key = 98)b on a.key = b.key
 POSTHOOK: type: QUERY
 POSTHOOK: Input: default@tab
-POSTHOOK: Input: default@tab@ds=2008-04-08
 POSTHOOK: Input: default@tab_part
 POSTHOOK: Input: default@tab_part@ds=2008-04-08
 #### A masked pattern was here ####
@@ -2700,7 +2698,6 @@ full outer join
 (select * from tab_part where tab_part.key = 98)b join tab_part c on a.key = b.key and b.key = c.key
 PREHOOK: type: QUERY
 PREHOOK: Input: default@tab
-PREHOOK: Input: default@tab@ds=2008-04-08
 PREHOOK: Input: default@tab_part
 PREHOOK: Input: default@tab_part@ds=2008-04-08
 #### A masked pattern was here ####
@@ -2710,7 +2707,6 @@ full outer join
 (select * from tab_part where tab_part.key = 98)b join tab_part c on a.key = b.key and b.key = c.key
 POSTHOOK: type: QUERY
 POSTHOOK: Input: default@tab
-POSTHOOK: Input: default@tab@ds=2008-04-08
 POSTHOOK: Input: default@tab_part
 POSTHOOK: Input: default@tab_part@ds=2008-04-08
 #### A masked pattern was here ####
@@ -2720,7 +2716,6 @@ full outer join
 (select * from tab_part where tab_part.key = 98)b on a.key = b.key join tab_part c on b.key = c.key
 PREHOOK: type: QUERY
 PREHOOK: Input: default@tab
-PREHOOK: Input: default@tab@ds=2008-04-08
 PREHOOK: Input: default@tab_part
 PREHOOK: Input: default@tab_part@ds=2008-04-08
 #### A masked pattern was here ####
@@ -2730,7 +2725,6 @@ full outer join
 (select * from tab_part where tab_part.key = 98)b on a.key = b.key join tab_part c on b.key = c.key
 POSTHOOK: type: QUERY
 POSTHOOK: Input: default@tab
-POSTHOOK: Input: default@tab@ds=2008-04-08
 POSTHOOK: Input: default@tab_part
 POSTHOOK: Input: default@tab_part@ds=2008-04-08
 #### A masked pattern was here ####
@@ -3271,7 +3265,6 @@ join
 (select * from tab_part where tab_part.key = 98)b on a.key = b.key full outer join tab_part c on b.key = c.key
 PREHOOK: type: QUERY
 PREHOOK: Input: default@tab
-PREHOOK: Input: default@tab@ds=2008-04-08
 PREHOOK: Input: default@tab_part
 PREHOOK: Input: default@tab_part@ds=2008-04-08
 #### A masked pattern was here ####
@@ -3281,7 +3274,6 @@ join
 (select * from tab_part where tab_part.key = 98)b on a.key = b.key full outer join tab_part c on b.key = c.key
 POSTHOOK: type: QUERY
 POSTHOOK: Input: default@tab
-POSTHOOK: Input: default@tab@ds=2008-04-08
 POSTHOOK: Input: default@tab_part
 POSTHOOK: Input: default@tab_part@ds=2008-04-08
 #### A masked pattern was here ####
diff --git a/ql/src/test/results/clientpositive/mergejoins.q.out b/ql/src/test/results/clientpositive/mergejoins.q.out
index 901041083f..eb3ad8a1b1 100644
--- a/ql/src/test/results/clientpositive/mergejoins.q.out
+++ b/ql/src/test/results/clientpositive/mergejoins.q.out
@@ -233,16 +233,19 @@ STAGE PLANS:
           TableScan
             alias: a
             Statistics: Num rows: 500 Data size: 5312 Basic stats: COMPLETE Column stats: NONE
-            Select Operator
-              expressions: key (type: string), value (type: string)
-              outputColumnNames: _col0, _col1
+            Filter Operator
+              predicate: key is not null (type: boolean)
               Statistics: Num rows: 500 Data size: 5312 Basic stats: COMPLETE Column stats: NONE
-              Reduce Output Operator
-                key expressions: _col0 (type: string)
-                sort order: +
-                Map-reduce partition columns: _col0 (type: string)
+              Select Operator
+                expressions: key (type: string), value (type: string)
+                outputColumnNames: _col0, _col1
                 Statistics: Num rows: 500 Data size: 5312 Basic stats: COMPLETE Column stats: NONE
-                value expressions: _col1 (type: string)
+                Reduce Output Operator
+                  key expressions: _col0 (type: string)
+                  sort order: +
+                  Map-reduce partition columns: _col0 (type: string)
+                  Statistics: Num rows: 500 Data size: 5312 Basic stats: COMPLETE Column stats: NONE
+                  value expressions: _col1 (type: string)
       Reduce Operator Tree:
         Join Operator
           condition map:
diff --git a/ql/src/test/results/clientpositive/mergejoins_mixed.q.out b/ql/src/test/results/clientpositive/mergejoins_mixed.q.out
index 10f37f9fe3..197e6e659e 100644
--- a/ql/src/test/results/clientpositive/mergejoins_mixed.q.out
+++ b/ql/src/test/results/clientpositive/mergejoins_mixed.q.out
@@ -61,29 +61,35 @@ STAGE PLANS:
           TableScan
             alias: a
             Statistics: Num rows: 1 Data size: 0 Basic stats: PARTIAL Column stats: NONE
-            Select Operator
-              expressions: key (type: string), value (type: string)
-              outputColumnNames: _col0, _col1
+            Filter Operator
+              predicate: key is not null (type: boolean)
               Statistics: Num rows: 1 Data size: 0 Basic stats: PARTIAL Column stats: NONE
-              Reduce Output Operator
-                key expressions: _col0 (type: string)
-                sort order: +
-                Map-reduce partition columns: _col0 (type: string)
+              Select Operator
+                expressions: key (type: string), value (type: string)
+                outputColumnNames: _col0, _col1
                 Statistics: Num rows: 1 Data size: 0 Basic stats: PARTIAL Column stats: NONE
-                value expressions: _col1 (type: string)
+                Reduce Output Operator
+                  key expressions: _col0 (type: string)
+                  sort order: +
+                  Map-reduce partition columns: _col0 (type: string)
+                  Statistics: Num rows: 1 Data size: 0 Basic stats: PARTIAL Column stats: NONE
+                  value expressions: _col1 (type: string)
           TableScan
             alias: a
             Statistics: Num rows: 1 Data size: 0 Basic stats: PARTIAL Column stats: NONE
-            Select Operator
-              expressions: key (type: string), value (type: string)
-              outputColumnNames: _col0, _col1
+            Filter Operator
+              predicate: key is not null (type: boolean)
               Statistics: Num rows: 1 Data size: 0 Basic stats: PARTIAL Column stats: NONE
-              Reduce Output Operator
-                key expressions: _col0 (type: string)
-                sort order: +
-                Map-reduce partition columns: _col0 (type: string)
+              Select Operator
+                expressions: key (type: string), value (type: string)
+                outputColumnNames: _col0, _col1
                 Statistics: Num rows: 1 Data size: 0 Basic stats: PARTIAL Column stats: NONE
-                value expressions: _col1 (type: string)
+                Reduce Output Operator
+                  key expressions: _col0 (type: string)
+                  sort order: +
+                  Map-reduce partition columns: _col0 (type: string)
+                  Statistics: Num rows: 1 Data size: 0 Basic stats: PARTIAL Column stats: NONE
+                  value expressions: _col1 (type: string)
       Reduce Operator Tree:
         Join Operator
           condition map:
@@ -160,16 +166,19 @@ STAGE PLANS:
           TableScan
             alias: a
             Statistics: Num rows: 1 Data size: 0 Basic stats: PARTIAL Column stats: NONE
-            Select Operator
-              expressions: key (type: string), value (type: string)
-              outputColumnNames: _col0, _col1
+            Filter Operator
+              predicate: key is not null (type: boolean)
               Statistics: Num rows: 1 Data size: 0 Basic stats: PARTIAL Column stats: NONE
-              Reduce Output Operator
-                key expressions: _col0 (type: string)
-                sort order: +
-                Map-reduce partition columns: _col0 (type: string)
+              Select Operator
+                expressions: key (type: string), value (type: string)
+                outputColumnNames: _col0, _col1
                 Statistics: Num rows: 1 Data size: 0 Basic stats: PARTIAL Column stats: NONE
-                value expressions: _col1 (type: string)
+                Reduce Output Operator
+                  key expressions: _col0 (type: string)
+                  sort order: +
+                  Map-reduce partition columns: _col0 (type: string)
+                  Statistics: Num rows: 1 Data size: 0 Basic stats: PARTIAL Column stats: NONE
+                  value expressions: _col1 (type: string)
           TableScan
             alias: a
             Statistics: Num rows: 1 Data size: 0 Basic stats: PARTIAL Column stats: NONE
@@ -460,16 +469,19 @@ STAGE PLANS:
           TableScan
             alias: a
             Statistics: Num rows: 1 Data size: 0 Basic stats: PARTIAL Column stats: NONE
-            Select Operator
-              expressions: key (type: string), value (type: string)
-              outputColumnNames: _col0, _col1
+            Filter Operator
+              predicate: key is not null (type: boolean)
               Statistics: Num rows: 1 Data size: 0 Basic stats: PARTIAL Column stats: NONE
-              Reduce Output Operator
-                key expressions: _col0 (type: string)
-                sort order: +
-                Map-reduce partition columns: _col0 (type: string)
+              Select Operator
+                expressions: key (type: string), value (type: string)
+                outputColumnNames: _col0, _col1
                 Statistics: Num rows: 1 Data size: 0 Basic stats: PARTIAL Column stats: NONE
-                value expressions: _col1 (type: string)
+                Reduce Output Operator
+                  key expressions: _col0 (type: string)
+                  sort order: +
+                  Map-reduce partition columns: _col0 (type: string)
+                  Statistics: Num rows: 1 Data size: 0 Basic stats: PARTIAL Column stats: NONE
+                  value expressions: _col1 (type: string)
       Reduce Operator Tree:
         Join Operator
           condition map:
diff --git a/ql/src/test/results/clientpositive/orc_llap.q.out b/ql/src/test/results/clientpositive/orc_llap.q.out
index 7ab3d14573..f6d75087a2 100644
--- a/ql/src/test/results/clientpositive/orc_llap.q.out
+++ b/ql/src/test/results/clientpositive/orc_llap.q.out
@@ -557,10 +557,10 @@ STAGE PLANS:
         $hdt$_0:o1 
           TableScan
             alias: o1
-            filterExpr: (cbigint is not null and csmallint is not null) (type: boolean)
+            filterExpr: (csmallint is not null and cbigint is not null) (type: boolean)
             Statistics: Num rows: 122880 Data size: 29079940 Basic stats: COMPLETE Column stats: NONE
             Filter Operator
-              predicate: (cbigint is not null and csmallint is not null) (type: boolean)
+              predicate: (csmallint is not null and cbigint is not null) (type: boolean)
               Statistics: Num rows: 122880 Data size: 29079940 Basic stats: COMPLETE Column stats: NONE
               Select Operator
                 expressions: csmallint (type: smallint), cstring1 (type: string)
@@ -576,10 +576,10 @@ STAGE PLANS:
       Map Operator Tree:
           TableScan
             alias: o1
-            filterExpr: (cbigint is not null and csmallint is not null) (type: boolean)
+            filterExpr: (csmallint is not null and cbigint is not null) (type: boolean)
             Statistics: Num rows: 122880 Data size: 29079940 Basic stats: COMPLETE Column stats: NONE
             Filter Operator
-              predicate: (cbigint is not null and csmallint is not null) (type: boolean)
+              predicate: (csmallint is not null and cbigint is not null) (type: boolean)
               Statistics: Num rows: 122880 Data size: 29079940 Basic stats: COMPLETE Column stats: NONE
               Select Operator
                 expressions: csmallint (type: smallint), cstring2 (type: string)
@@ -998,10 +998,10 @@ STAGE PLANS:
         $hdt$_0:o1 
           TableScan
             alias: o1
-            filterExpr: (cbigint is not null and csmallint is not null) (type: boolean)
+            filterExpr: (csmallint is not null and cbigint is not null) (type: boolean)
             Statistics: Num rows: 14111 Data size: 1580469 Basic stats: COMPLETE Column stats: NONE
             Filter Operator
-              predicate: (cbigint is not null and csmallint is not null) (type: boolean)
+              predicate: (csmallint is not null and cbigint is not null) (type: boolean)
               Statistics: Num rows: 14111 Data size: 1580469 Basic stats: COMPLETE Column stats: NONE
               Select Operator
                 expressions: csmallint (type: smallint), cstring1 (type: string)
@@ -1017,10 +1017,10 @@ STAGE PLANS:
       Map Operator Tree:
           TableScan
             alias: o1
-            filterExpr: (cbigint is not null and csmallint is not null) (type: boolean)
+            filterExpr: (csmallint is not null and cbigint is not null) (type: boolean)
             Statistics: Num rows: 14111 Data size: 1580469 Basic stats: COMPLETE Column stats: NONE
             Filter Operator
-              predicate: (cbigint is not null and csmallint is not null) (type: boolean)
+              predicate: (csmallint is not null and cbigint is not null) (type: boolean)
               Statistics: Num rows: 14111 Data size: 1580469 Basic stats: COMPLETE Column stats: NONE
               Select Operator
                 expressions: csmallint (type: smallint), cstring2 (type: string)
diff --git a/ql/src/test/results/clientpositive/perf/query13.q.out b/ql/src/test/results/clientpositive/perf/query13.q.out
index 6113d18af3..b8dc4cc5b1 100644
--- a/ql/src/test/results/clientpositive/perf/query13.q.out
+++ b/ql/src/test/results/clientpositive/perf/query13.q.out
@@ -153,7 +153,7 @@ Stage-0
                      |        outputColumnNames:["_col0"]
                      |        Statistics:Num rows: 36524 Data size: 40870356 Basic stats: COMPLETE Column stats: NONE
                      |        Filter Operator [FIL_68]
-                     |           predicate:(d_date_sk is not null and (d_year = 2001)) (type: boolean)
+                     |           predicate:((d_year = 2001) and d_date_sk is not null) (type: boolean)
                      |           Statistics:Num rows: 36524 Data size: 40870356 Basic stats: COMPLETE Column stats: NONE
                      |           TableScan [TS_31]
                      |              alias:date_dim
@@ -277,7 +277,7 @@ Stage-0
                                                          |        outputColumnNames:["_col0","_col1","_col2","_col3","_col4","_col5","_col6","_col7","_col8","_col9"]
                                                          |        Statistics:Num rows: 1 Data size: 0 Basic stats: PARTIAL Column stats: NONE
                                                          |        Filter Operator [FIL_63]
-                                                         |           predicate:(((((((ss_net_profit BETWEEN 100 AND 200 or ss_net_profit BETWEEN 150 AND 300 or ss_net_profit BETWEEN 50 AND 250) and ss_store_sk is not null) and (ss_sales_price BETWEEN 100.0 AND 150.0 or ss_sales_price BETWEEN 50.0 AND 100.0 or ss_sales_price BETWEEN 150.0 AND 200.0)) and ss_cdemo_sk is not null) and ss_hdemo_sk is not null) and ss_addr_sk is not null) and ss_sold_date_sk is not null) (type: boolean)
+                                                         |           predicate:(((((((ss_sales_price BETWEEN 100.0 AND 150.0 or ss_sales_price BETWEEN 50.0 AND 100.0 or ss_sales_price BETWEEN 150.0 AND 200.0) and (ss_net_profit BETWEEN 100 AND 200 or ss_net_profit BETWEEN 150 AND 300 or ss_net_profit BETWEEN 50 AND 250)) and ss_store_sk is not null) and ss_cdemo_sk is not null) and ss_hdemo_sk is not null) and ss_addr_sk is not null) and ss_sold_date_sk is not null) (type: boolean)
                                                          |           Statistics:Num rows: 1 Data size: 0 Basic stats: PARTIAL Column stats: NONE
                                                          |           TableScan [TS_0]
                                                          |              alias:store_sales
diff --git a/ql/src/test/results/clientpositive/perf/query17.q.out b/ql/src/test/results/clientpositive/perf/query17.q.out
index 0e42d053e3..1e468f55d0 100644
--- a/ql/src/test/results/clientpositive/perf/query17.q.out
+++ b/ql/src/test/results/clientpositive/perf/query17.q.out
@@ -212,7 +212,7 @@ Stage-0
                                                                   |        outputColumnNames:["_col0","_col1","_col2","_col3"]
                                                                   |        Statistics:Num rows: 1 Data size: 0 Basic stats: PARTIAL Column stats: NONE
                                                                   |        Filter Operator [FIL_92]
-                                                                  |           predicate:((cs_item_sk is not null and cs_bill_customer_sk is not null) and cs_sold_date_sk is not null) (type: boolean)
+                                                                  |           predicate:((cs_bill_customer_sk is not null and cs_item_sk is not null) and cs_sold_date_sk is not null) (type: boolean)
                                                                   |           Statistics:Num rows: 1 Data size: 0 Basic stats: PARTIAL Column stats: NONE
                                                                   |           TableScan [TS_6]
                                                                   |              alias:catalog_sales
@@ -240,7 +240,7 @@ Stage-0
                                                                         |        outputColumnNames:["_col0","_col1","_col2","_col3","_col4","_col5"]
                                                                         |        Statistics:Num rows: 1 Data size: 0 Basic stats: PARTIAL Column stats: NONE
                                                                         |        Filter Operator [FIL_90]
-                                                                        |           predicate:((((ss_ticket_number is not null and ss_customer_sk is not null) and ss_item_sk is not null) and ss_sold_date_sk is not null) and ss_store_sk is not null) (type: boolean)
+                                                                        |           predicate:((((ss_item_sk is not null and ss_customer_sk is not null) and ss_ticket_number is not null) and ss_sold_date_sk is not null) and ss_store_sk is not null) (type: boolean)
                                                                         |           Statistics:Num rows: 1 Data size: 0 Basic stats: PARTIAL Column stats: NONE
                                                                         |           TableScan [TS_0]
                                                                         |              alias:store_sales
@@ -256,7 +256,7 @@ Stage-0
                                                                                  outputColumnNames:["_col0","_col1","_col2","_col3","_col4"]
                                                                                  Statistics:Num rows: 1 Data size: 0 Basic stats: PARTIAL Column stats: NONE
                                                                                  Filter Operator [FIL_91]
-                                                                                    predicate:(((sr_ticket_number is not null and sr_customer_sk is not null) and sr_item_sk is not null) and sr_returned_date_sk is not null) (type: boolean)
+                                                                                    predicate:(((sr_item_sk is not null and sr_customer_sk is not null) and sr_ticket_number is not null) and sr_returned_date_sk is not null) (type: boolean)
                                                                                     Statistics:Num rows: 1 Data size: 0 Basic stats: PARTIAL Column stats: NONE
                                                                                     TableScan [TS_3]
                                                                                        alias:store_returns
diff --git a/ql/src/test/results/clientpositive/perf/query18.q.out b/ql/src/test/results/clientpositive/perf/query18.q.out
index 83f21dc7eb..9ab90433c0 100644
--- a/ql/src/test/results/clientpositive/perf/query18.q.out
+++ b/ql/src/test/results/clientpositive/perf/query18.q.out
@@ -129,7 +129,7 @@ Stage-0
                                                 |        outputColumnNames:["_col0","_col1","_col2","_col4"]
                                                 |        Statistics:Num rows: 40000000 Data size: 34400807926 Basic stats: COMPLETE Column stats: NONE
                                                 |        Filter Operator [FIL_80]
-                                                |           predicate:(((c_customer_sk is not null and (c_birth_month) IN (9, 5, 12, 4, 1, 10)) and c_current_addr_sk is not null) and c_current_cdemo_sk is not null) (type: boolean)
+                                                |           predicate:((((c_birth_month) IN (9, 5, 12, 4, 1, 10) and c_customer_sk is not null) and c_current_addr_sk is not null) and c_current_cdemo_sk is not null) (type: boolean)
                                                 |           Statistics:Num rows: 40000000 Data size: 34400807926 Basic stats: COMPLETE Column stats: NONE
                                                 |           TableScan [TS_12]
                                                 |              alias:customer
@@ -228,7 +228,7 @@ Stage-0
                                                                            outputColumnNames:["_col0"]
                                                                            Statistics:Num rows: 36524 Data size: 40870356 Basic stats: COMPLETE Column stats: NONE
                                                                            Filter Operator [FIL_77]
-                                                                              predicate:(d_date_sk is not null and (d_year = 2001)) (type: boolean)
+                                                                              predicate:((d_year = 2001) and d_date_sk is not null) (type: boolean)
                                                                               Statistics:Num rows: 36524 Data size: 40870356 Basic stats: COMPLETE Column stats: NONE
                                                                               TableScan [TS_3]
                                                                                  alias:date_dim
diff --git a/ql/src/test/results/clientpositive/perf/query19.q.out b/ql/src/test/results/clientpositive/perf/query19.q.out
index d565839416..e6d6438c4d 100644
--- a/ql/src/test/results/clientpositive/perf/query19.q.out
+++ b/ql/src/test/results/clientpositive/perf/query19.q.out
@@ -183,7 +183,7 @@ Stage-0
                                                             |        outputColumnNames:["_col0"]
                                                             |        Statistics:Num rows: 18262 Data size: 20435178 Basic stats: COMPLETE Column stats: NONE
                                                             |        Filter Operator [FIL_64]
-                                                            |           predicate:(((d_moy = 11) and d_date_sk is not null) and (d_year = 1999)) (type: boolean)
+                                                            |           predicate:(((d_moy = 11) and (d_year = 1999)) and d_date_sk is not null) (type: boolean)
                                                             |           Statistics:Num rows: 18262 Data size: 20435178 Basic stats: COMPLETE Column stats: NONE
                                                             |           TableScan [TS_0]
                                                             |              alias:date_dim
diff --git a/ql/src/test/results/clientpositive/perf/query25.q.out b/ql/src/test/results/clientpositive/perf/query25.q.out
index dabc1c528e..a4973cd48b 100644
--- a/ql/src/test/results/clientpositive/perf/query25.q.out
+++ b/ql/src/test/results/clientpositive/perf/query25.q.out
@@ -130,7 +130,7 @@ Stage-0
                                                 |        outputColumnNames:["_col0"]
                                                 |        Statistics:Num rows: 18262 Data size: 20435178 Basic stats: COMPLETE Column stats: NONE
                                                 |        Filter Operator [FIL_94]
-                                                |           predicate:(((d_year = 1998) and d_moy BETWEEN 4 AND 10) and d_date_sk is not null) (type: boolean)
+                                                |           predicate:((d_moy BETWEEN 4 AND 10 and (d_year = 1998)) and d_date_sk is not null) (type: boolean)
                                                 |           Statistics:Num rows: 18262 Data size: 20435178 Basic stats: COMPLETE Column stats: NONE
                                                 |           TableScan [TS_15]
                                                 |              alias:d1
@@ -157,7 +157,7 @@ Stage-0
                                                       |        outputColumnNames:["_col0"]
                                                       |        Statistics:Num rows: 18262 Data size: 20435178 Basic stats: COMPLETE Column stats: NONE
                                                       |        Filter Operator [FIL_93]
-                                                      |           predicate:(((d_year = 1998) and d_moy BETWEEN 4 AND 10) and d_date_sk is not null) (type: boolean)
+                                                      |           predicate:((d_moy BETWEEN 4 AND 10 and (d_year = 1998)) and d_date_sk is not null) (type: boolean)
                                                       |           Statistics:Num rows: 18262 Data size: 20435178 Basic stats: COMPLETE Column stats: NONE
                                                       |           TableScan [TS_12]
                                                       |              alias:d1
@@ -184,7 +184,7 @@ Stage-0
                                                             |        outputColumnNames:["_col0"]
                                                             |        Statistics:Num rows: 18262 Data size: 20435178 Basic stats: COMPLETE Column stats: NONE
                                                             |        Filter Operator [FIL_92]
-                                                            |           predicate:(((d_year = 1998) and (d_moy = 4)) and d_date_sk is not null) (type: boolean)
+                                                            |           predicate:(((d_moy = 4) and (d_year = 1998)) and d_date_sk is not null) (type: boolean)
                                                             |           Statistics:Num rows: 18262 Data size: 20435178 Basic stats: COMPLETE Column stats: NONE
                                                             |           TableScan [TS_9]
                                                             |              alias:d1
@@ -212,7 +212,7 @@ Stage-0
                                                                   |        outputColumnNames:["_col0","_col1","_col2","_col3"]
                                                                   |        Statistics:Num rows: 1 Data size: 0 Basic stats: PARTIAL Column stats: NONE
                                                                   |        Filter Operator [FIL_91]
-                                                                  |           predicate:((cs_item_sk is not null and cs_bill_customer_sk is not null) and cs_sold_date_sk is not null) (type: boolean)
+                                                                  |           predicate:((cs_bill_customer_sk is not null and cs_item_sk is not null) and cs_sold_date_sk is not null) (type: boolean)
                                                                   |           Statistics:Num rows: 1 Data size: 0 Basic stats: PARTIAL Column stats: NONE
                                                                   |           TableScan [TS_6]
                                                                   |              alias:catalog_sales
@@ -240,7 +240,7 @@ Stage-0
                                                                         |        outputColumnNames:["_col0","_col1","_col2","_col3","_col4","_col5"]
                                                                         |        Statistics:Num rows: 1 Data size: 0 Basic stats: PARTIAL Column stats: NONE
                                                                         |        Filter Operator [FIL_89]
-                                                                        |           predicate:((((ss_ticket_number is not null and ss_customer_sk is not null) and ss_item_sk is not null) and ss_sold_date_sk is not null) and ss_store_sk is not null) (type: boolean)
+                                                                        |           predicate:((((ss_item_sk is not null and ss_customer_sk is not null) and ss_ticket_number is not null) and ss_sold_date_sk is not null) and ss_store_sk is not null) (type: boolean)
                                                                         |           Statistics:Num rows: 1 Data size: 0 Basic stats: PARTIAL Column stats: NONE
                                                                         |           TableScan [TS_0]
                                                                         |              alias:store_sales
@@ -256,7 +256,7 @@ Stage-0
                                                                                  outputColumnNames:["_col0","_col1","_col2","_col3","_col4"]
                                                                                  Statistics:Num rows: 1 Data size: 0 Basic stats: PARTIAL Column stats: NONE
                                                                                  Filter Operator [FIL_90]
-                                                                                    predicate:(((sr_ticket_number is not null and sr_customer_sk is not null) and sr_item_sk is not null) and sr_returned_date_sk is not null) (type: boolean)
+                                                                                    predicate:(((sr_item_sk is not null and sr_customer_sk is not null) and sr_ticket_number is not null) and sr_returned_date_sk is not null) (type: boolean)
                                                                                     Statistics:Num rows: 1 Data size: 0 Basic stats: PARTIAL Column stats: NONE
                                                                                     TableScan [TS_3]
                                                                                        alias:store_returns
diff --git a/ql/src/test/results/clientpositive/perf/query29.q.out b/ql/src/test/results/clientpositive/perf/query29.q.out
index 8991f3562d..2471d93f06 100644
--- a/ql/src/test/results/clientpositive/perf/query29.q.out
+++ b/ql/src/test/results/clientpositive/perf/query29.q.out
@@ -184,7 +184,7 @@ Stage-0
                                                             |        outputColumnNames:["_col0"]
                                                             |        Statistics:Num rows: 18262 Data size: 20435178 Basic stats: COMPLETE Column stats: NONE
                                                             |        Filter Operator [FIL_92]
-                                                            |           predicate:(((d_year = 2000) and (d_moy = 2)) and d_date_sk is not null) (type: boolean)
+                                                            |           predicate:(((d_moy = 2) and (d_year = 2000)) and d_date_sk is not null) (type: boolean)
                                                             |           Statistics:Num rows: 18262 Data size: 20435178 Basic stats: COMPLETE Column stats: NONE
                                                             |           TableScan [TS_9]
                                                             |              alias:d1
@@ -212,7 +212,7 @@ Stage-0
                                                                   |        outputColumnNames:["_col0","_col1","_col2","_col3"]
                                                                   |        Statistics:Num rows: 1 Data size: 0 Basic stats: PARTIAL Column stats: NONE
                                                                   |        Filter Operator [FIL_91]
-                                                                  |           predicate:((cs_item_sk is not null and cs_bill_customer_sk is not null) and cs_sold_date_sk is not null) (type: boolean)
+                                                                  |           predicate:((cs_bill_customer_sk is not null and cs_item_sk is not null) and cs_sold_date_sk is not null) (type: boolean)
                                                                   |           Statistics:Num rows: 1 Data size: 0 Basic stats: PARTIAL Column stats: NONE
                                                                   |           TableScan [TS_6]
                                                                   |              alias:catalog_sales
@@ -240,7 +240,7 @@ Stage-0
                                                                         |        outputColumnNames:["_col0","_col1","_col2","_col3","_col4","_col5"]
                                                                         |        Statistics:Num rows: 1 Data size: 0 Basic stats: PARTIAL Column stats: NONE
                                                                         |        Filter Operator [FIL_89]
-                                                                        |           predicate:((((ss_ticket_number is not null and ss_customer_sk is not null) and ss_item_sk is not null) and ss_sold_date_sk is not null) and ss_store_sk is not null) (type: boolean)
+                                                                        |           predicate:((((ss_item_sk is not null and ss_customer_sk is not null) and ss_ticket_number is not null) and ss_sold_date_sk is not null) and ss_store_sk is not null) (type: boolean)
                                                                         |           Statistics:Num rows: 1 Data size: 0 Basic stats: PARTIAL Column stats: NONE
                                                                         |           TableScan [TS_0]
                                                                         |              alias:store_sales
@@ -256,7 +256,7 @@ Stage-0
                                                                                  outputColumnNames:["_col0","_col1","_col2","_col3","_col4"]
                                                                                  Statistics:Num rows: 1 Data size: 0 Basic stats: PARTIAL Column stats: NONE
                                                                                  Filter Operator [FIL_90]
-                                                                                    predicate:(((sr_ticket_number is not null and sr_customer_sk is not null) and sr_item_sk is not null) and sr_returned_date_sk is not null) (type: boolean)
+                                                                                    predicate:(((sr_item_sk is not null and sr_customer_sk is not null) and sr_ticket_number is not null) and sr_returned_date_sk is not null) (type: boolean)
                                                                                     Statistics:Num rows: 1 Data size: 0 Basic stats: PARTIAL Column stats: NONE
                                                                                     TableScan [TS_3]
                                                                                        alias:store_returns
diff --git a/ql/src/test/results/clientpositive/perf/query31.q.out b/ql/src/test/results/clientpositive/perf/query31.q.out
index 909d64cef1..5c2186d9c3 100644
--- a/ql/src/test/results/clientpositive/perf/query31.q.out
+++ b/ql/src/test/results/clientpositive/perf/query31.q.out
@@ -145,7 +145,7 @@ Stage-0
                         |                                   outputColumnNames:["_col0"]
                         |                                   Statistics:Num rows: 18262 Data size: 20435178 Basic stats: COMPLETE Column stats: NONE
                         |                                   Filter Operator [FIL_266]
-                        |                                      predicate:(((d_qoy = 3) and (d_year = 1998)) and d_date_sk is not null) (type: boolean)
+                        |                                      predicate:((d_date_sk is not null and (d_qoy = 3)) and (d_year = 1998)) (type: boolean)
                         |                                      Statistics:Num rows: 18262 Data size: 20435178 Basic stats: COMPLETE Column stats: NONE
                         |                                      TableScan [TS_116]
                         |                                         alias:date_dim
@@ -257,7 +257,7 @@ Stage-0
                                     |                                   outputColumnNames:["_col0"]
                                     |                                   Statistics:Num rows: 18262 Data size: 20435178 Basic stats: COMPLETE Column stats: NONE
                                     |                                   Filter Operator [FIL_254]
-                                    |                                      predicate:(((d_qoy = 2) and (d_year = 1998)) and d_date_sk is not null) (type: boolean)
+                                    |                                      predicate:((d_date_sk is not null and (d_qoy = 2)) and (d_year = 1998)) (type: boolean)
                                     |                                      Statistics:Num rows: 18262 Data size: 20435178 Basic stats: COMPLETE Column stats: NONE
                                     |                                      TableScan [TS_24]
                                     |                                         alias:date_dim
@@ -351,7 +351,7 @@ Stage-0
                                     |                                   outputColumnNames:["_col0"]
                                     |                                   Statistics:Num rows: 18262 Data size: 20435178 Basic stats: COMPLETE Column stats: NONE
                                     |                                   Filter Operator [FIL_257]
-                                    |                                      predicate:(((d_qoy = 3) and (d_year = 1998)) and d_date_sk is not null) (type: boolean)
+                                    |                                      predicate:((d_date_sk is not null and (d_qoy = 3)) and (d_year = 1998)) (type: boolean)
                                     |                                      Statistics:Num rows: 18262 Data size: 20435178 Basic stats: COMPLETE Column stats: NONE
                                     |                                      TableScan [TS_45]
                                     |                                         alias:date_dim
@@ -445,7 +445,7 @@ Stage-0
                                     |                                   outputColumnNames:["_col0"]
                                     |                                   Statistics:Num rows: 18262 Data size: 20435178 Basic stats: COMPLETE Column stats: NONE
                                     |                                   Filter Operator [FIL_260]
-                                    |                                      predicate:(((d_year = 1998) and (d_qoy = 1)) and d_date_sk is not null) (type: boolean)
+                                    |                                      predicate:((d_date_sk is not null and (d_qoy = 1)) and (d_year = 1998)) (type: boolean)
                                     |                                      Statistics:Num rows: 18262 Data size: 20435178 Basic stats: COMPLETE Column stats: NONE
                                     |                                      TableScan [TS_66]
                                     |                                         alias:date_dim
@@ -539,7 +539,7 @@ Stage-0
                                     |                                   outputColumnNames:["_col0"]
                                     |                                   Statistics:Num rows: 18262 Data size: 20435178 Basic stats: COMPLETE Column stats: NONE
                                     |                                   Filter Operator [FIL_263]
-                                    |                                      predicate:(((d_qoy = 2) and (d_year = 1998)) and d_date_sk is not null) (type: boolean)
+                                    |                                      predicate:((d_date_sk is not null and (d_qoy = 2)) and (d_year = 1998)) (type: boolean)
                                     |                                      Statistics:Num rows: 18262 Data size: 20435178 Basic stats: COMPLETE Column stats: NONE
                                     |                                      TableScan [TS_87]
                                     |                                         alias:date_dim
@@ -633,7 +633,7 @@ Stage-0
                                                                         outputColumnNames:["_col0"]
                                                                         Statistics:Num rows: 18262 Data size: 20435178 Basic stats: COMPLETE Column stats: NONE
                                                                         Filter Operator [FIL_251]
-                                                                           predicate:(((d_year = 1998) and (d_qoy = 1)) and d_date_sk is not null) (type: boolean)
+                                                                           predicate:((d_date_sk is not null and (d_qoy = 1)) and (d_year = 1998)) (type: boolean)
                                                                            Statistics:Num rows: 18262 Data size: 20435178 Basic stats: COMPLETE Column stats: NONE
                                                                            TableScan [TS_3]
                                                                               alias:date_dim
diff --git a/ql/src/test/results/clientpositive/perf/query32.q.out b/ql/src/test/results/clientpositive/perf/query32.q.out
index da2ac8fe18..ecc5834a28 100644
--- a/ql/src/test/results/clientpositive/perf/query32.q.out
+++ b/ql/src/test/results/clientpositive/perf/query32.q.out
@@ -88,7 +88,7 @@ Stage-0
                            |        outputColumnNames:["_col0"]
                            |        Statistics:Num rows: 231000 Data size: 331780228 Basic stats: COMPLETE Column stats: NONE
                            |        Filter Operator [FIL_54]
-                           |           predicate:((i_manufact_id = 436) and i_item_sk is not null) (type: boolean)
+                           |           predicate:(i_item_sk is not null and (i_manufact_id = 436)) (type: boolean)
                            |           Statistics:Num rows: 231000 Data size: 331780228 Basic stats: COMPLETE Column stats: NONE
                            |           TableScan [TS_10]
                            |              alias:i
@@ -134,7 +134,7 @@ Stage-0
                            |                 outputColumnNames:["_col0"]
                            |                 Statistics:Num rows: 36524 Data size: 40870356 Basic stats: COMPLETE Column stats: NONE
                            |                 Filter Operator [FIL_53]
-                           |                    predicate:(d_date BETWEEN '2000-01-27' AND '2000-04-27' and d_date_sk is not null) (type: boolean)
+                           |                    predicate:(d_date_sk is not null and d_date BETWEEN '2000-01-27' AND '2000-04-27') (type: boolean)
                            |                    Statistics:Num rows: 36524 Data size: 40870356 Basic stats: COMPLETE Column stats: NONE
                            |                    TableScan [TS_3]
                            |                       alias:d
@@ -181,7 +181,7 @@ Stage-0
                                              |        outputColumnNames:["_col0"]
                                              |        Statistics:Num rows: 36524 Data size: 40870356 Basic stats: COMPLETE Column stats: NONE
                                              |        Filter Operator [FIL_56]
-                                             |           predicate:(d_date BETWEEN '2000-01-27' AND '2000-04-27' and d_date_sk is not null) (type: boolean)
+                                             |           predicate:(d_date_sk is not null and d_date BETWEEN '2000-01-27' AND '2000-04-27') (type: boolean)
                                              |           Statistics:Num rows: 36524 Data size: 40870356 Basic stats: COMPLETE Column stats: NONE
                                              |           TableScan [TS_16]
                                              |              alias:d
diff --git a/ql/src/test/results/clientpositive/perf/query34.q.out b/ql/src/test/results/clientpositive/perf/query34.q.out
index 1cb7c285f4..7976863d2e 100644
--- a/ql/src/test/results/clientpositive/perf/query34.q.out
+++ b/ql/src/test/results/clientpositive/perf/query34.q.out
@@ -99,7 +99,7 @@ Stage-0
                                           |        outputColumnNames:["_col0"]
                                           |        Statistics:Num rows: 800 Data size: 85600 Basic stats: COMPLETE Column stats: NONE
                                           |        Filter Operator [FIL_55]
-                                          |           predicate:((((CASE WHEN ((hd_vehicle_count > 0)) THEN ((UDFToDouble(hd_dep_count) / UDFToDouble(hd_vehicle_count))) ELSE (null) END > 1.2) and ((hd_buy_potential = '1001-5000') or (hd_buy_potential = '5001-10000'))) and (hd_vehicle_count > 0)) and hd_demo_sk is not null) (type: boolean)
+                                          |           predicate:(((((hd_buy_potential = '1001-5000') or (hd_buy_potential = '5001-10000')) and (hd_vehicle_count > 0)) and (CASE WHEN ((hd_vehicle_count > 0)) THEN ((UDFToDouble(hd_dep_count) / UDFToDouble(hd_vehicle_count))) ELSE (null) END > 1.2)) and hd_demo_sk is not null) (type: boolean)
                                           |           Statistics:Num rows: 800 Data size: 85600 Basic stats: COMPLETE Column stats: NONE
                                           |           TableScan [TS_9]
                                           |              alias:household_demographics
@@ -169,7 +169,7 @@ Stage-0
                                                                outputColumnNames:["_col0"]
                                                                Statistics:Num rows: 36524 Data size: 40870356 Basic stats: COMPLETE Column stats: NONE
                                                                Filter Operator [FIL_53]
-                                                                  predicate:(((d_year) IN (1998, 1999, 2000) and (d_dom BETWEEN 1 AND 3 or d_dom BETWEEN 25 AND 28)) and d_date_sk is not null) (type: boolean)
+                                                                  predicate:(((d_dom BETWEEN 1 AND 3 or d_dom BETWEEN 25 AND 28) and (d_year) IN (1998, 1999, 2000)) and d_date_sk is not null) (type: boolean)
                                                                   Statistics:Num rows: 36524 Data size: 40870356 Basic stats: COMPLETE Column stats: NONE
                                                                   TableScan [TS_3]
                                                                      alias:date_dim
diff --git a/ql/src/test/results/clientpositive/perf/query39.q.out b/ql/src/test/results/clientpositive/perf/query39.q.out
index 9f3e650943..14e3dfc2f5 100644
--- a/ql/src/test/results/clientpositive/perf/query39.q.out
+++ b/ql/src/test/results/clientpositive/perf/query39.q.out
@@ -30,17 +30,17 @@ Stage-0
             |  Statistics:Num rows: 112735 Data size: 161919824 Basic stats: COMPLETE Column stats: NONE
             |<-Reducer 6 [SIMPLE_EDGE]
                Reduce Output Operator [RS_60]
-                  key expressions:_col0 (type: int), _col1 (type: int), 3 (type: int), _col3 (type: double), _col4 (type: double), _col7 (type: int), _col8 (type: double), _col9 (type: double)
+                  key expressions:_col0 (type: int), _col1 (type: int), 3 (type: int), _col3 (type: double), _col4 (type: double), 4 (type: int), _col8 (type: double), _col9 (type: double)
                   sort order:++++++++
                   Statistics:Num rows: 112735 Data size: 161919824 Basic stats: COMPLETE Column stats: NONE
                   value expressions:_col5 (type: int), _col6 (type: int)
                   Select Operator [SEL_59]
-                     outputColumnNames:["_col0","_col1","_col3","_col4","_col5","_col6","_col7","_col8","_col9"]
+                     outputColumnNames:["_col0","_col1","_col3","_col4","_col5","_col6","_col8","_col9"]
                      Statistics:Num rows: 112735 Data size: 161919824 Basic stats: COMPLETE Column stats: NONE
-                     Merge Join Operator [MERGEJOIN_104]
+                     Merge Join Operator [MERGEJOIN_105]
                      |  condition map:[{"":"Inner Join 0 to 1"}]
-                     |  keys:{"0":"_col1 (type: int), _col0 (type: int)","1":"_col2 (type: int), _col1 (type: int)"}
-                     |  outputColumnNames:["_col0","_col1","_col2","_col3","_col5","_col6","_col7","_col8","_col9"]
+                     |  keys:{"0":"_col2 (type: int), _col1 (type: int)","1":"_col2 (type: int), _col1 (type: int)"}
+                     |  outputColumnNames:["_col1","_col2","_col4","_col5","_col7","_col8","_col10","_col11"]
                      |  Statistics:Num rows: 112735 Data size: 161919824 Basic stats: COMPLETE Column stats: NONE
                      |<-Reducer 15 [SIMPLE_EDGE]
                      |  Reduce Output Operator [RS_57]
@@ -48,37 +48,37 @@ Stage-0
                      |     Map-reduce partition columns:_col2 (type: int), _col1 (type: int)
                      |     sort order:++
                      |     Statistics:Num rows: 102487 Data size: 147199837 Basic stats: COMPLETE Column stats: NONE
-                     |     value expressions:_col3 (type: int), _col4 (type: double), _col5 (type: double)
+                     |     value expressions:_col4 (type: double), _col5 (type: double)
                      |     Select Operator [SEL_55]
-                     |        outputColumnNames:["_col1","_col2","_col3","_col4","_col5"]
+                     |        outputColumnNames:["_col1","_col2","_col4","_col5"]
                      |        Statistics:Num rows: 102487 Data size: 147199837 Basic stats: COMPLETE Column stats: NONE
                      |        Filter Operator [FIL_54]
-                     |           predicate:(CASE (_col5) WHEN (0) THEN (0) ELSE ((_col4 / _col5)) END > 1.0) (type: boolean)
+                     |           predicate:(CASE (_col4) WHEN (0) THEN (0) ELSE ((_col5 / _col4)) END > 1.0) (type: boolean)
                      |           Statistics:Num rows: 102487 Data size: 147199837 Basic stats: COMPLETE Column stats: NONE
-                     |           Select Operator [SEL_53]
-                     |              outputColumnNames:["_col1","_col2","_col3","_col4","_col5"]
+                     |           Select Operator [SEL_97]
+                     |              outputColumnNames:["_col1","_col2","_col4","_col5"]
                      |              Statistics:Num rows: 307461 Data size: 441599512 Basic stats: COMPLETE Column stats: NONE
-                     |              Group By Operator [GBY_52]
-                     |              |  aggregations:["stddev_samp(VALUE._col0)","avg(VALUE._col1)"]
-                     |              |  keys:KEY._col0 (type: int), KEY._col1 (type: int), KEY._col2 (type: string), KEY._col3 (type: int)
+                     |              Group By Operator [GBY_53]
+                     |              |  aggregations:["avg(VALUE._col0)","stddev_samp(VALUE._col1)"]
+                     |              |  keys:KEY._col0 (type: string), KEY._col1 (type: int), KEY._col2 (type: int), 4 (type: int)
                      |              |  outputColumnNames:["_col0","_col1","_col2","_col3","_col4","_col5"]
                      |              |  Statistics:Num rows: 307461 Data size: 441599512 Basic stats: COMPLETE Column stats: NONE
                      |              |<-Reducer 14 [SIMPLE_EDGE]
-                     |                 Reduce Output Operator [RS_51]
-                     |                    key expressions:_col0 (type: int), _col1 (type: int), _col2 (type: string), _col3 (type: int)
-                     |                    Map-reduce partition columns:_col0 (type: int), _col1 (type: int), _col2 (type: string), _col3 (type: int)
+                     |                 Reduce Output Operator [RS_52]
+                     |                    key expressions:_col0 (type: string), _col1 (type: int), _col2 (type: int), 4 (type: int)
+                     |                    Map-reduce partition columns:_col0 (type: string), _col1 (type: int), _col2 (type: int), 4 (type: int)
                      |                    sort order:++++
                      |                    Statistics:Num rows: 614922 Data size: 883199024 Basic stats: COMPLETE Column stats: NONE
-                     |                    value expressions:_col4 (type: struct<count:bigint,sum:double,variance:double>), _col5 (type: struct<count:bigint,sum:double,input:int>)
-                     |                    Group By Operator [GBY_50]
-                     |                       aggregations:["stddev_samp(_col3)","avg(_col3)"]
-                     |                       keys:_col4 (type: int), _col5 (type: int), _col6 (type: string), _col9 (type: int)
+                     |                    value expressions:_col4 (type: struct<count:bigint,sum:double,input:int>), _col5 (type: struct<count:bigint,sum:double,variance:double>)
+                     |                    Group By Operator [GBY_51]
+                     |                       aggregations:["avg(_col4)","stddev_samp(_col4)"]
+                     |                       keys:_col0 (type: string), _col1 (type: int), _col2 (type: int), 4 (type: int)
                      |                       outputColumnNames:["_col0","_col1","_col2","_col3","_col4","_col5"]
                      |                       Statistics:Num rows: 614922 Data size: 883199024 Basic stats: COMPLETE Column stats: NONE
                      |                       Select Operator [SEL_49]
-                     |                          outputColumnNames:["_col4","_col5","_col6","_col9","_col3"]
+                     |                          outputColumnNames:["_col0","_col1","_col2","_col4"]
                      |                          Statistics:Num rows: 614922 Data size: 883199024 Basic stats: COMPLETE Column stats: NONE
-                     |                          Merge Join Operator [MERGEJOIN_103]
+                     |                          Merge Join Operator [MERGEJOIN_104]
                      |                          |  condition map:[{"":"Inner Join 0 to 1"}]
                      |                          |  keys:{"0":"_col0 (type: int)","1":"_col0 (type: int)"}
                      |                          |  outputColumnNames:["_col3","_col4","_col5","_col6"]
@@ -93,7 +93,7 @@ Stage-0
                      |                          |        outputColumnNames:["_col0"]
                      |                          |        Statistics:Num rows: 18262 Data size: 20435178 Basic stats: COMPLETE Column stats: NONE
                      |                          |        Filter Operator [FIL_96]
-                     |                          |           predicate:(((d_moy = 4) and d_date_sk is not null) and (d_year = 1999)) (type: boolean)
+                     |                          |           predicate:(((d_year = 1999) and d_date_sk is not null) and (d_moy = 4)) (type: boolean)
                      |                          |           Statistics:Num rows: 18262 Data size: 20435178 Basic stats: COMPLETE Column stats: NONE
                      |                          |           TableScan [TS_37]
                      |                          |              alias:date_dim
@@ -105,7 +105,7 @@ Stage-0
                      |                                sort order:+
                      |                                Statistics:Num rows: 559020 Data size: 802908187 Basic stats: COMPLETE Column stats: NONE
                      |                                value expressions:_col3 (type: int), _col4 (type: int), _col5 (type: int), _col6 (type: string)
-                     |                                Merge Join Operator [MERGEJOIN_102]
+                     |                                Merge Join Operator [MERGEJOIN_103]
                      |                                |  condition map:[{"":"Inner Join 0 to 1"}]
                      |                                |  keys:{"0":"_col2 (type: int)","1":"_col0 (type: int)"}
                      |                                |  outputColumnNames:["_col0","_col3","_col4","_col5","_col6"]
@@ -133,7 +133,7 @@ Stage-0
                      |                                      sort order:+
                      |                                      Statistics:Num rows: 508200 Data size: 729916518 Basic stats: COMPLETE Column stats: NONE
                      |                                      value expressions:_col0 (type: int), _col3 (type: int), _col4 (type: int)
-                     |                                      Merge Join Operator [MERGEJOIN_101]
+                     |                                      Merge Join Operator [MERGEJOIN_102]
                      |                                      |  condition map:[{"":"Inner Join 0 to 1"}]
                      |                                      |  keys:{"0":"_col1 (type: int)","1":"_col0 (type: int)"}
                      |                                      |  outputColumnNames:["_col0","_col2","_col3","_col4"]
@@ -171,18 +171,18 @@ Stage-0
                      |                                                     Statistics:Num rows: 462000 Data size: 663560457 Basic stats: COMPLETE Column stats: NONE
                      |<-Reducer 5 [SIMPLE_EDGE]
                         Reduce Output Operator [RS_56]
-                           key expressions:_col1 (type: int), _col0 (type: int)
-                           Map-reduce partition columns:_col1 (type: int), _col0 (type: int)
+                           key expressions:_col2 (type: int), _col1 (type: int)
+                           Map-reduce partition columns:_col2 (type: int), _col1 (type: int)
                            sort order:++
                            Statistics:Num rows: 102487 Data size: 147199837 Basic stats: COMPLETE Column stats: NONE
-                           value expressions:_col2 (type: double), _col3 (type: double)
+                           value expressions:_col4 (type: double), _col5 (type: double)
                            Select Operator [SEL_27]
-                              outputColumnNames:["_col0","_col1","_col2","_col3"]
+                              outputColumnNames:["_col1","_col2","_col4","_col5"]
                               Statistics:Num rows: 102487 Data size: 147199837 Basic stats: COMPLETE Column stats: NONE
                               Filter Operator [FIL_26]
                                  predicate:(CASE (_col4) WHEN (0) THEN (0) ELSE ((_col5 / _col4)) END > 1.0) (type: boolean)
                                  Statistics:Num rows: 102487 Data size: 147199837 Basic stats: COMPLETE Column stats: NONE
-                                 Select Operator [SEL_97]
+                                 Select Operator [SEL_98]
                                     outputColumnNames:["_col1","_col2","_col4","_col5"]
                                     Statistics:Num rows: 307461 Data size: 441599512 Basic stats: COMPLETE Column stats: NONE
                                     Group By Operator [GBY_25]
@@ -205,7 +205,7 @@ Stage-0
                                              Select Operator [SEL_21]
                                                 outputColumnNames:["_col0","_col1","_col2","_col4"]
                                                 Statistics:Num rows: 614922 Data size: 883199024 Basic stats: COMPLETE Column stats: NONE
-                                                Merge Join Operator [MERGEJOIN_100]
+                                                Merge Join Operator [MERGEJOIN_101]
                                                 |  condition map:[{"":"Inner Join 0 to 1"}]
                                                 |  keys:{"0":"_col0 (type: int)","1":"_col0 (type: int)"}
                                                 |  outputColumnNames:["_col3","_col4","_col5","_col6"]
@@ -220,7 +220,7 @@ Stage-0
                                                 |        outputColumnNames:["_col0"]
                                                 |        Statistics:Num rows: 18262 Data size: 20435178 Basic stats: COMPLETE Column stats: NONE
                                                 |        Filter Operator [FIL_92]
-                                                |           predicate:(((d_moy = 3) and d_date_sk is not null) and (d_year = 1999)) (type: boolean)
+                                                |           predicate:(((d_year = 1999) and d_date_sk is not null) and (d_moy = 3)) (type: boolean)
                                                 |           Statistics:Num rows: 18262 Data size: 20435178 Basic stats: COMPLETE Column stats: NONE
                                                 |           TableScan [TS_9]
                                                 |              alias:date_dim
@@ -232,7 +232,7 @@ Stage-0
                                                       sort order:+
                                                       Statistics:Num rows: 559020 Data size: 802908187 Basic stats: COMPLETE Column stats: NONE
                                                       value expressions:_col3 (type: int), _col4 (type: int), _col5 (type: int), _col6 (type: string)
-                                                      Merge Join Operator [MERGEJOIN_99]
+                                                      Merge Join Operator [MERGEJOIN_100]
                                                       |  condition map:[{"":"Inner Join 0 to 1"}]
                                                       |  keys:{"0":"_col2 (type: int)","1":"_col0 (type: int)"}
                                                       |  outputColumnNames:["_col0","_col3","_col4","_col5","_col6"]
@@ -260,7 +260,7 @@ Stage-0
                                                             sort order:+
                                                             Statistics:Num rows: 508200 Data size: 729916518 Basic stats: COMPLETE Column stats: NONE
                                                             value expressions:_col0 (type: int), _col3 (type: int), _col4 (type: int)
-                                                            Merge Join Operator [MERGEJOIN_98]
+                                                            Merge Join Operator [MERGEJOIN_99]
                                                             |  condition map:[{"":"Inner Join 0 to 1"}]
                                                             |  keys:{"0":"_col1 (type: int)","1":"_col0 (type: int)"}
                                                             |  outputColumnNames:["_col0","_col2","_col3","_col4"]
diff --git a/ql/src/test/results/clientpositive/perf/query40.q.out b/ql/src/test/results/clientpositive/perf/query40.q.out
index b2d6262d96..d404c81c0e 100644
--- a/ql/src/test/results/clientpositive/perf/query40.q.out
+++ b/ql/src/test/results/clientpositive/perf/query40.q.out
@@ -17,133 +17,133 @@ Stage-0
       limit:100
       Stage-1
          Reducer 7
-         File Output Operator [FS_35]
+         File Output Operator [FS_36]
             compressed:false
             Statistics:Num rows: 100 Data size: 143600 Basic stats: COMPLETE Column stats: NONE
             table:{"input format:":"org.apache.hadoop.mapred.TextInputFormat","output format:":"org.apache.hadoop.hive.ql.io.HiveIgnoreKeyTextOutputFormat","serde:":"org.apache.hadoop.hive.serde2.lazy.LazySimpleSerDe"}
-            Limit [LIM_34]
+            Limit [LIM_35]
                Number of rows:100
                Statistics:Num rows: 100 Data size: 143600 Basic stats: COMPLETE Column stats: NONE
-               Select Operator [SEL_33]
+               Select Operator [SEL_34]
                |  outputColumnNames:["_col0","_col1","_col2","_col3"]
                |  Statistics:Num rows: 139755 Data size: 200727046 Basic stats: COMPLETE Column stats: NONE
                |<-Reducer 6 [SIMPLE_EDGE]
-                  Reduce Output Operator [RS_32]
+                  Reduce Output Operator [RS_33]
                      key expressions:_col0 (type: string), _col1 (type: string)
                      sort order:++
                      Statistics:Num rows: 139755 Data size: 200727046 Basic stats: COMPLETE Column stats: NONE
                      value expressions:_col2 (type: decimal(23,2)), _col3 (type: decimal(23,2))
-                     Group By Operator [GBY_30]
+                     Group By Operator [GBY_31]
                      |  aggregations:["sum(VALUE._col0)","sum(VALUE._col1)"]
                      |  keys:KEY._col0 (type: string), KEY._col1 (type: string)
                      |  outputColumnNames:["_col0","_col1","_col2","_col3"]
                      |  Statistics:Num rows: 139755 Data size: 200727046 Basic stats: COMPLETE Column stats: NONE
                      |<-Reducer 5 [SIMPLE_EDGE]
-                        Reduce Output Operator [RS_29]
+                        Reduce Output Operator [RS_30]
                            key expressions:_col0 (type: string), _col1 (type: string)
                            Map-reduce partition columns:_col0 (type: string), _col1 (type: string)
                            sort order:++
                            Statistics:Num rows: 279510 Data size: 401454092 Basic stats: COMPLETE Column stats: NONE
                            value expressions:_col2 (type: decimal(23,2)), _col3 (type: decimal(23,2))
-                           Group By Operator [GBY_28]
+                           Group By Operator [GBY_29]
                               aggregations:["sum(_col2)","sum(_col3)"]
                               keys:_col0 (type: string), _col1 (type: string)
                               outputColumnNames:["_col0","_col1","_col2","_col3"]
                               Statistics:Num rows: 279510 Data size: 401454092 Basic stats: COMPLETE Column stats: NONE
-                              Select Operator [SEL_26]
+                              Select Operator [SEL_27]
                                  outputColumnNames:["_col0","_col1","_col2","_col3"]
                                  Statistics:Num rows: 279510 Data size: 401454092 Basic stats: COMPLETE Column stats: NONE
-                                 Merge Join Operator [MERGEJOIN_57]
+                                 Merge Join Operator [MERGEJOIN_58]
                                  |  condition map:[{"":"Inner Join 0 to 1"}]
                                  |  keys:{"0":"_col0 (type: int)","1":"_col0 (type: int)"}
                                  |  outputColumnNames:["_col4","_col7","_col9","_col11","_col14"]
                                  |  Statistics:Num rows: 279510 Data size: 401454092 Basic stats: COMPLETE Column stats: NONE
                                  |<-Map 11 [SIMPLE_EDGE]
-                                 |  Reduce Output Operator [RS_24]
+                                 |  Reduce Output Operator [RS_25]
                                  |     key expressions:_col0 (type: int)
                                  |     Map-reduce partition columns:_col0 (type: int)
                                  |     sort order:+
                                  |     Statistics:Num rows: 36524 Data size: 40870356 Basic stats: COMPLETE Column stats: NONE
                                  |     value expressions:_col1 (type: string)
-                                 |     Select Operator [SEL_13]
+                                 |     Select Operator [SEL_14]
                                  |        outputColumnNames:["_col0","_col1"]
                                  |        Statistics:Num rows: 36524 Data size: 40870356 Basic stats: COMPLETE Column stats: NONE
-                                 |        Filter Operator [FIL_53]
+                                 |        Filter Operator [FIL_54]
                                  |           predicate:(d_date BETWEEN '1998-03-09' AND '1998-05-08' and d_date_sk is not null) (type: boolean)
                                  |           Statistics:Num rows: 36524 Data size: 40870356 Basic stats: COMPLETE Column stats: NONE
-                                 |           TableScan [TS_11]
+                                 |           TableScan [TS_12]
                                  |              alias:date_dim
                                  |              Statistics:Num rows: 73049 Data size: 81741831 Basic stats: COMPLETE Column stats: NONE
                                  |<-Reducer 4 [SIMPLE_EDGE]
-                                    Reduce Output Operator [RS_23]
+                                    Reduce Output Operator [RS_24]
                                        key expressions:_col0 (type: int)
                                        Map-reduce partition columns:_col0 (type: int)
                                        sort order:+
                                        Statistics:Num rows: 254100 Data size: 364958258 Basic stats: COMPLETE Column stats: NONE
                                        value expressions:_col4 (type: decimal(7,2)), _col7 (type: decimal(7,2)), _col9 (type: string), _col11 (type: string)
-                                       Merge Join Operator [MERGEJOIN_56]
+                                       Merge Join Operator [MERGEJOIN_57]
                                        |  condition map:[{"":"Inner Join 0 to 1"}]
                                        |  keys:{"0":"_col2 (type: int)","1":"_col0 (type: int)"}
                                        |  outputColumnNames:["_col0","_col4","_col7","_col9","_col11"]
                                        |  Statistics:Num rows: 254100 Data size: 364958258 Basic stats: COMPLETE Column stats: NONE
                                        |<-Map 10 [SIMPLE_EDGE]
-                                       |  Reduce Output Operator [RS_21]
+                                       |  Reduce Output Operator [RS_22]
                                        |     key expressions:_col0 (type: int)
                                        |     Map-reduce partition columns:_col0 (type: int)
                                        |     sort order:+
                                        |     Statistics:Num rows: 231000 Data size: 331780228 Basic stats: COMPLETE Column stats: NONE
                                        |     value expressions:_col1 (type: string)
-                                       |     Select Operator [SEL_10]
+                                       |     Select Operator [SEL_11]
                                        |        outputColumnNames:["_col0","_col1"]
                                        |        Statistics:Num rows: 231000 Data size: 331780228 Basic stats: COMPLETE Column stats: NONE
-                                       |        Filter Operator [FIL_52]
+                                       |        Filter Operator [FIL_53]
                                        |           predicate:(i_current_price BETWEEN 0.99 AND 1.49 and i_item_sk is not null) (type: boolean)
                                        |           Statistics:Num rows: 231000 Data size: 331780228 Basic stats: COMPLETE Column stats: NONE
-                                       |           TableScan [TS_8]
+                                       |           TableScan [TS_9]
                                        |              alias:item
                                        |              Statistics:Num rows: 462000 Data size: 663560457 Basic stats: COMPLETE Column stats: NONE
                                        |<-Reducer 3 [SIMPLE_EDGE]
-                                          Reduce Output Operator [RS_20]
+                                          Reduce Output Operator [RS_21]
                                              key expressions:_col2 (type: int)
                                              Map-reduce partition columns:_col2 (type: int)
                                              sort order:+
                                              Statistics:Num rows: 29 Data size: 30582 Basic stats: COMPLETE Column stats: NONE
                                              value expressions:_col0 (type: int), _col4 (type: decimal(7,2)), _col7 (type: decimal(7,2)), _col9 (type: string)
-                                             Merge Join Operator [MERGEJOIN_55]
+                                             Merge Join Operator [MERGEJOIN_56]
                                              |  condition map:[{"":"Inner Join 0 to 1"}]
                                              |  keys:{"0":"_col1 (type: int)","1":"_col0 (type: int)"}
                                              |  outputColumnNames:["_col0","_col2","_col4","_col7","_col9"]
                                              |  Statistics:Num rows: 29 Data size: 30582 Basic stats: COMPLETE Column stats: NONE
                                              |<-Map 9 [SIMPLE_EDGE]
-                                             |  Reduce Output Operator [RS_18]
+                                             |  Reduce Output Operator [RS_19]
                                              |     key expressions:_col0 (type: int)
                                              |     Map-reduce partition columns:_col0 (type: int)
                                              |     sort order:+
                                              |     Statistics:Num rows: 27 Data size: 27802 Basic stats: COMPLETE Column stats: NONE
                                              |     value expressions:_col1 (type: string)
-                                             |     Select Operator [SEL_7]
+                                             |     Select Operator [SEL_8]
                                              |        outputColumnNames:["_col0","_col1"]
                                              |        Statistics:Num rows: 27 Data size: 27802 Basic stats: COMPLETE Column stats: NONE
-                                             |        Filter Operator [FIL_51]
+                                             |        Filter Operator [FIL_52]
                                              |           predicate:w_warehouse_sk is not null (type: boolean)
                                              |           Statistics:Num rows: 27 Data size: 27802 Basic stats: COMPLETE Column stats: NONE
-                                             |           TableScan [TS_5]
+                                             |           TableScan [TS_6]
                                              |              alias:warehouse
                                              |              Statistics:Num rows: 27 Data size: 27802 Basic stats: COMPLETE Column stats: NONE
                                              |<-Reducer 2 [SIMPLE_EDGE]
-                                                Reduce Output Operator [RS_17]
+                                                Reduce Output Operator [RS_18]
                                                    key expressions:_col1 (type: int)
                                                    Map-reduce partition columns:_col1 (type: int)
                                                    sort order:+
                                                    Statistics:Num rows: 1 Data size: 0 Basic stats: PARTIAL Column stats: NONE
                                                    value expressions:_col0 (type: int), _col2 (type: int), _col4 (type: decimal(7,2)), _col7 (type: decimal(7,2))
-                                                   Merge Join Operator [MERGEJOIN_54]
+                                                   Merge Join Operator [MERGEJOIN_55]
                                                    |  condition map:[{"":"Left Outer Join0 to 1"}]
                                                    |  keys:{"0":"_col3 (type: int), _col2 (type: int)","1":"_col1 (type: int), _col0 (type: int)"}
                                                    |  outputColumnNames:["_col0","_col1","_col2","_col4","_col7"]
                                                    |  Statistics:Num rows: 1 Data size: 0 Basic stats: PARTIAL Column stats: NONE
                                                    |<-Map 1 [SIMPLE_EDGE]
-                                                   |  Reduce Output Operator [RS_14]
+                                                   |  Reduce Output Operator [RS_15]
                                                    |     key expressions:_col3 (type: int), _col2 (type: int)
                                                    |     Map-reduce partition columns:_col3 (type: int), _col2 (type: int)
                                                    |     sort order:++
@@ -152,23 +152,26 @@ Stage-0
                                                    |     Select Operator [SEL_2]
                                                    |        outputColumnNames:["_col0","_col1","_col2","_col3","_col4"]
                                                    |        Statistics:Num rows: 1 Data size: 0 Basic stats: PARTIAL Column stats: NONE
-                                                   |        Filter Operator [FIL_49]
+                                                   |        Filter Operator [FIL_50]
                                                    |           predicate:((cs_warehouse_sk is not null and cs_item_sk is not null) and cs_sold_date_sk is not null) (type: boolean)
                                                    |           Statistics:Num rows: 1 Data size: 0 Basic stats: PARTIAL Column stats: NONE
                                                    |           TableScan [TS_0]
                                                    |              alias:catalog_sales
                                                    |              Statistics:Num rows: 1 Data size: 0 Basic stats: PARTIAL Column stats: NONE
                                                    |<-Map 8 [SIMPLE_EDGE]
-                                                      Reduce Output Operator [RS_15]
+                                                      Reduce Output Operator [RS_16]
                                                          key expressions:_col1 (type: int), _col0 (type: int)
                                                          Map-reduce partition columns:_col1 (type: int), _col0 (type: int)
                                                          sort order:++
                                                          Statistics:Num rows: 1 Data size: 0 Basic stats: PARTIAL Column stats: NONE
                                                          value expressions:_col2 (type: decimal(7,2))
-                                                         Select Operator [SEL_4]
+                                                         Select Operator [SEL_5]
                                                             outputColumnNames:["_col0","_col1","_col2"]
                                                             Statistics:Num rows: 1 Data size: 0 Basic stats: PARTIAL Column stats: NONE
-                                                            TableScan [TS_3]
-                                                               alias:catalog_returns
+                                                            Filter Operator [FIL_51]
+                                                               predicate:cr_item_sk is not null (type: boolean)
                                                                Statistics:Num rows: 1 Data size: 0 Basic stats: PARTIAL Column stats: NONE
+                                                               TableScan [TS_3]
+                                                                  alias:catalog_returns
+                                                                  Statistics:Num rows: 1 Data size: 0 Basic stats: PARTIAL Column stats: NONE
 
diff --git a/ql/src/test/results/clientpositive/perf/query42.q.out b/ql/src/test/results/clientpositive/perf/query42.q.out
index 9ede45d245..fbbc6dc8e4 100644
--- a/ql/src/test/results/clientpositive/perf/query42.q.out
+++ b/ql/src/test/results/clientpositive/perf/query42.q.out
@@ -96,7 +96,7 @@ Stage-0
                                           |        outputColumnNames:["_col0"]
                                           |        Statistics:Num rows: 18262 Data size: 20435178 Basic stats: COMPLETE Column stats: NONE
                                           |        Filter Operator [FIL_30]
-                                          |           predicate:(((d_year = 1998) and (d_moy = 12)) and d_date_sk is not null) (type: boolean)
+                                          |           predicate:(((d_moy = 12) and (d_year = 1998)) and d_date_sk is not null) (type: boolean)
                                           |           Statistics:Num rows: 18262 Data size: 20435178 Basic stats: COMPLETE Column stats: NONE
                                           |           TableScan [TS_0]
                                           |              alias:dt
diff --git a/ql/src/test/results/clientpositive/perf/query45.q.out b/ql/src/test/results/clientpositive/perf/query45.q.out
index f55f20cb0f..39b8d1c270 100644
--- a/ql/src/test/results/clientpositive/perf/query45.q.out
+++ b/ql/src/test/results/clientpositive/perf/query45.q.out
@@ -130,7 +130,7 @@ Stage-0
                                           |        outputColumnNames:["_col0"]
                                           |        Statistics:Num rows: 18262 Data size: 20435178 Basic stats: COMPLETE Column stats: NONE
                                           |        Filter Operator [FIL_65]
-                                          |           predicate:(((d_qoy = 2) and (d_year = 2000)) and d_date_sk is not null) (type: boolean)
+                                          |           predicate:((d_date_sk is not null and (d_qoy = 2)) and (d_year = 2000)) (type: boolean)
                                           |           Statistics:Num rows: 18262 Data size: 20435178 Basic stats: COMPLETE Column stats: NONE
                                           |           TableScan [TS_9]
                                           |              alias:date_dim
diff --git a/ql/src/test/results/clientpositive/perf/query46.q.out b/ql/src/test/results/clientpositive/perf/query46.q.out
index 0ded91216d..16f1606f37 100644
--- a/ql/src/test/results/clientpositive/perf/query46.q.out
+++ b/ql/src/test/results/clientpositive/perf/query46.q.out
@@ -233,7 +233,7 @@ Stage-0
                                                                                  outputColumnNames:["_col0"]
                                                                                  Statistics:Num rows: 18262 Data size: 20435178 Basic stats: COMPLETE Column stats: NONE
                                                                                  Filter Operator [FIL_79]
-                                                                                    predicate:(((d_year) IN (1998, 1999, 2000) and (d_dow) IN (6, 0)) and d_date_sk is not null) (type: boolean)
+                                                                                    predicate:(((d_dow) IN (6, 0) and (d_year) IN (1998, 1999, 2000)) and d_date_sk is not null) (type: boolean)
                                                                                     Statistics:Num rows: 18262 Data size: 20435178 Basic stats: COMPLETE Column stats: NONE
                                                                                     TableScan [TS_3]
                                                                                        alias:date_dim
diff --git a/ql/src/test/results/clientpositive/perf/query48.q.out b/ql/src/test/results/clientpositive/perf/query48.q.out
index 40b76f00d0..b923cfab99 100644
--- a/ql/src/test/results/clientpositive/perf/query48.q.out
+++ b/ql/src/test/results/clientpositive/perf/query48.q.out
@@ -109,7 +109,7 @@ Stage-0
                                        |        outputColumnNames:["_col0"]
                                        |        Statistics:Num rows: 4950 Data size: 1792764 Basic stats: COMPLETE Column stats: NONE
                                        |        Filter Operator [FIL_51]
-                                       |           predicate:(((cd_education_status = '4 yr Degree') and (cd_marital_status = 'M')) and cd_demo_sk is not null) (type: boolean)
+                                       |           predicate:(((cd_marital_status = 'M') and (cd_education_status = '4 yr Degree')) and cd_demo_sk is not null) (type: boolean)
                                        |           Statistics:Num rows: 4950 Data size: 1792764 Basic stats: COMPLETE Column stats: NONE
                                        |           TableScan [TS_6]
                                        |              alias:customer_demographics
@@ -137,7 +137,7 @@ Stage-0
                                              |        outputColumnNames:["_col0","_col1","_col2","_col3","_col4","_col6"]
                                              |        Statistics:Num rows: 1 Data size: 0 Basic stats: PARTIAL Column stats: NONE
                                              |        Filter Operator [FIL_49]
-                                             |           predicate:((((((ss_net_profit BETWEEN 0 AND 2000 or ss_net_profit BETWEEN 150 AND 3000 or ss_net_profit BETWEEN 50 AND 25000) and ss_store_sk is not null) and (ss_sales_price BETWEEN 100.0 AND 150.0 or ss_sales_price BETWEEN 50.0 AND 100.0 or ss_sales_price BETWEEN 150.0 AND 200.0)) and ss_cdemo_sk is not null) and ss_addr_sk is not null) and ss_sold_date_sk is not null) (type: boolean)
+                                             |           predicate:((((((ss_sales_price BETWEEN 100.0 AND 150.0 or ss_sales_price BETWEEN 50.0 AND 100.0 or ss_sales_price BETWEEN 150.0 AND 200.0) and (ss_net_profit BETWEEN 0 AND 2000 or ss_net_profit BETWEEN 150 AND 3000 or ss_net_profit BETWEEN 50 AND 25000)) and ss_store_sk is not null) and ss_cdemo_sk is not null) and ss_addr_sk is not null) and ss_sold_date_sk is not null) (type: boolean)
                                              |           Statistics:Num rows: 1 Data size: 0 Basic stats: PARTIAL Column stats: NONE
                                              |           TableScan [TS_0]
                                              |              alias:store_sales
diff --git a/ql/src/test/results/clientpositive/perf/query50.q.out b/ql/src/test/results/clientpositive/perf/query50.q.out
index 8b41d05d31..f652b489b8 100644
--- a/ql/src/test/results/clientpositive/perf/query50.q.out
+++ b/ql/src/test/results/clientpositive/perf/query50.q.out
@@ -180,7 +180,7 @@ Stage-0
                                  |        outputColumnNames:["_col0"]
                                  |        Statistics:Num rows: 18262 Data size: 20435178 Basic stats: COMPLETE Column stats: NONE
                                  |        Filter Operator [FIL_55]
-                                 |           predicate:(((d_year = 2000) and d_date_sk is not null) and (d_moy = 9)) (type: boolean)
+                                 |           predicate:(((d_year = 2000) and (d_moy = 9)) and d_date_sk is not null) (type: boolean)
                                  |           Statistics:Num rows: 18262 Data size: 20435178 Basic stats: COMPLETE Column stats: NONE
                                  |           TableScan [TS_12]
                                  |              alias:d1
@@ -263,7 +263,7 @@ Stage-0
                                                    |        outputColumnNames:["_col0","_col1","_col2","_col3","_col4"]
                                                    |        Statistics:Num rows: 1 Data size: 0 Basic stats: PARTIAL Column stats: NONE
                                                    |        Filter Operator [FIL_51]
-                                                   |           predicate:((((ss_ticket_number is not null and ss_customer_sk is not null) and ss_item_sk is not null) and ss_store_sk is not null) and ss_sold_date_sk is not null) (type: boolean)
+                                                   |           predicate:((((ss_item_sk is not null and ss_customer_sk is not null) and ss_ticket_number is not null) and ss_store_sk is not null) and ss_sold_date_sk is not null) (type: boolean)
                                                    |           Statistics:Num rows: 1 Data size: 0 Basic stats: PARTIAL Column stats: NONE
                                                    |           TableScan [TS_0]
                                                    |              alias:store_sales
@@ -279,7 +279,7 @@ Stage-0
                                                             outputColumnNames:["_col0","_col1","_col2","_col3"]
                                                             Statistics:Num rows: 1 Data size: 0 Basic stats: PARTIAL Column stats: NONE
                                                             Filter Operator [FIL_52]
-                                                               predicate:(((sr_ticket_number is not null and sr_customer_sk is not null) and sr_item_sk is not null) and sr_returned_date_sk is not null) (type: boolean)
+                                                               predicate:(((sr_item_sk is not null and sr_customer_sk is not null) and sr_ticket_number is not null) and sr_returned_date_sk is not null) (type: boolean)
                                                                Statistics:Num rows: 1 Data size: 0 Basic stats: PARTIAL Column stats: NONE
                                                                TableScan [TS_3]
                                                                   alias:store_returns
diff --git a/ql/src/test/results/clientpositive/perf/query52.q.out b/ql/src/test/results/clientpositive/perf/query52.q.out
index 7e7224ba54..87b272a0eb 100644
--- a/ql/src/test/results/clientpositive/perf/query52.q.out
+++ b/ql/src/test/results/clientpositive/perf/query52.q.out
@@ -97,7 +97,7 @@ Stage-0
                                           |        outputColumnNames:["_col0"]
                                           |        Statistics:Num rows: 18262 Data size: 20435178 Basic stats: COMPLETE Column stats: NONE
                                           |        Filter Operator [FIL_30]
-                                          |           predicate:(((d_year = 1998) and (d_moy = 12)) and d_date_sk is not null) (type: boolean)
+                                          |           predicate:(((d_moy = 12) and (d_year = 1998)) and d_date_sk is not null) (type: boolean)
                                           |           Statistics:Num rows: 18262 Data size: 20435178 Basic stats: COMPLETE Column stats: NONE
                                           |           TableScan [TS_0]
                                           |              alias:dt
diff --git a/ql/src/test/results/clientpositive/perf/query54.q.out b/ql/src/test/results/clientpositive/perf/query54.q.out
index 56c70b7c6a..efa358d453 100644
--- a/ql/src/test/results/clientpositive/perf/query54.q.out
+++ b/ql/src/test/results/clientpositive/perf/query54.q.out
@@ -150,7 +150,7 @@ Stage-0
                                                          |        outputColumnNames:["_col0","_col1","_col2"]
                                                          |        Statistics:Num rows: 40000000 Data size: 40595195284 Basic stats: COMPLETE Column stats: NONE
                                                          |        Filter Operator [FIL_117]
-                                                         |           predicate:((ca_address_sk is not null and ca_state is not null) and ca_county is not null) (type: boolean)
+                                                         |           predicate:((ca_address_sk is not null and ca_county is not null) and ca_state is not null) (type: boolean)
                                                          |           Statistics:Num rows: 40000000 Data size: 40595195284 Basic stats: COMPLETE Column stats: NONE
                                                          |           TableScan [TS_34]
                                                          |              alias:customer_address
@@ -246,7 +246,7 @@ Stage-0
                                                                                     |        outputColumnNames:["_col0"]
                                                                                     |        Statistics:Num rows: 18262 Data size: 20435178 Basic stats: COMPLETE Column stats: NONE
                                                                                     |        Filter Operator [FIL_114]
-                                                                                    |           predicate:(((d_year = 2000) and (d_moy = 3)) and d_date_sk is not null) (type: boolean)
+                                                                                    |           predicate:(((d_moy = 3) and (d_year = 2000)) and d_date_sk is not null) (type: boolean)
                                                                                     |           Statistics:Num rows: 18262 Data size: 20435178 Basic stats: COMPLETE Column stats: NONE
                                                                                     |           TableScan [TS_11]
                                                                                     |              alias:date_dim
diff --git a/ql/src/test/results/clientpositive/perf/query55.q.out b/ql/src/test/results/clientpositive/perf/query55.q.out
index d36f3787f1..bcec2cc3da 100644
--- a/ql/src/test/results/clientpositive/perf/query55.q.out
+++ b/ql/src/test/results/clientpositive/perf/query55.q.out
@@ -94,7 +94,7 @@ Stage-0
                                        |        outputColumnNames:["_col0"]
                                        |        Statistics:Num rows: 18262 Data size: 20435178 Basic stats: COMPLETE Column stats: NONE
                                        |        Filter Operator [FIL_30]
-                                       |           predicate:(((d_moy = 12) and d_date_sk is not null) and (d_year = 2001)) (type: boolean)
+                                       |           predicate:(((d_moy = 12) and (d_year = 2001)) and d_date_sk is not null) (type: boolean)
                                        |           Statistics:Num rows: 18262 Data size: 20435178 Basic stats: COMPLETE Column stats: NONE
                                        |           TableScan [TS_0]
                                        |              alias:date_dim
diff --git a/ql/src/test/results/clientpositive/perf/query58.q.out b/ql/src/test/results/clientpositive/perf/query58.q.out
index c2f71892ee..4112910ace 100644
--- a/ql/src/test/results/clientpositive/perf/query58.q.out
+++ b/ql/src/test/results/clientpositive/perf/query58.q.out
@@ -287,7 +287,7 @@ Stage-0
                            |                                outputColumnNames:["_col1"]
                            |                                Statistics:Num rows: 36524 Data size: 40870356 Basic stats: COMPLETE Column stats: NONE
                            |                                Filter Operator [FIL_188]
-                           |                                   predicate:((d_date = '1998-08-04') and d_week_seq is not null) (type: boolean)
+                           |                                   predicate:(d_week_seq is not null and (d_date = '1998-08-04')) (type: boolean)
                            |                                   Statistics:Num rows: 36524 Data size: 40870356 Basic stats: COMPLETE Column stats: NONE
                            |                                   TableScan [TS_83]
                            |                                      alias:date_dim
@@ -300,7 +300,7 @@ Stage-0
                                  Statistics:Num rows: 84551 Data size: 121438791 Basic stats: COMPLETE Column stats: NONE
                                  value expressions:_col1 (type: decimal(17,2)), _col3 (type: decimal(17,2))
                                  Filter Operator [FIL_69]
-                                    predicate:(_col3 BETWEEN (0.9 * UDFToDouble(_col1)) AND (1.1 * UDFToDouble(_col1)) and _col1 BETWEEN (0.9 * UDFToDouble(_col3)) AND (1.1 * UDFToDouble(_col3))) (type: boolean)
+                                    predicate:(_col1 BETWEEN (0.9 * UDFToDouble(_col3)) AND (1.1 * UDFToDouble(_col3)) and _col3 BETWEEN (0.9 * UDFToDouble(_col1)) AND (1.1 * UDFToDouble(_col1))) (type: boolean)
                                     Statistics:Num rows: 84551 Data size: 121438791 Basic stats: COMPLETE Column stats: NONE
                                     Merge Join Operator [MERGEJOIN_201]
                                     |  condition map:[{"":"Inner Join 0 to 1"}]
@@ -448,7 +448,7 @@ Stage-0
                                     |                                outputColumnNames:["_col1"]
                                     |                                Statistics:Num rows: 36524 Data size: 40870356 Basic stats: COMPLETE Column stats: NONE
                                     |                                Filter Operator [FIL_183]
-                                    |                                   predicate:((d_date = '1998-08-04') and d_week_seq is not null) (type: boolean)
+                                    |                                   predicate:(d_week_seq is not null and (d_date = '1998-08-04')) (type: boolean)
                                     |                                   Statistics:Num rows: 36524 Data size: 40870356 Basic stats: COMPLETE Column stats: NONE
                                     |                                   TableScan [TS_45]
                                     |                                      alias:date_dim
@@ -522,7 +522,7 @@ Stage-0
                                                       |              outputColumnNames:["_col1"]
                                                       |              Statistics:Num rows: 36524 Data size: 40870356 Basic stats: COMPLETE Column stats: NONE
                                                       |              Filter Operator [FIL_178]
-                                                      |                 predicate:((d_date = '1998-08-04') and d_week_seq is not null) (type: boolean)
+                                                      |                 predicate:(d_week_seq is not null and (d_date = '1998-08-04')) (type: boolean)
                                                       |                 Statistics:Num rows: 36524 Data size: 40870356 Basic stats: COMPLETE Column stats: NONE
                                                       |                 TableScan [TS_12]
                                                       |                    alias:date_dim
diff --git a/ql/src/test/results/clientpositive/perf/query64.q.out b/ql/src/test/results/clientpositive/perf/query64.q.out
index 9331673a66..d3b710af44 100644
--- a/ql/src/test/results/clientpositive/perf/query64.q.out
+++ b/ql/src/test/results/clientpositive/perf/query64.q.out
@@ -51,32 +51,32 @@ Stage-0
       limit:-1
       Stage-1
          Reducer 20
-         File Output Operator [FS_254]
+         File Output Operator [FS_255]
             compressed:false
             Statistics:Num rows: 122532649 Data size: 105380558466 Basic stats: COMPLETE Column stats: NONE
             table:{"input format:":"org.apache.hadoop.mapred.TextInputFormat","output format:":"org.apache.hadoop.hive.ql.io.HiveIgnoreKeyTextOutputFormat","serde:":"org.apache.hadoop.hive.serde2.lazy.LazySimpleSerDe"}
-            Select Operator [SEL_253]
+            Select Operator [SEL_254]
             |  outputColumnNames:["_col0","_col1","_col2","_col3","_col4","_col5","_col6","_col7","_col8","_col9","_col10","_col11","_col12","_col13","_col14","_col15","_col16","_col17","_col18","_col19","_col20"]
             |  Statistics:Num rows: 122532649 Data size: 105380558466 Basic stats: COMPLETE Column stats: NONE
             |<-Reducer 19 [SIMPLE_EDGE]
-               Reduce Output Operator [RS_252]
+               Reduce Output Operator [RS_253]
                   key expressions:_col0 (type: string), _col1 (type: string), _col20 (type: bigint)
                   sort order:+++
                   Statistics:Num rows: 122532649 Data size: 105380558466 Basic stats: COMPLETE Column stats: NONE
-                  value expressions:_col2 (type: string), _col3 (type: string), _col4 (type: string), _col5 (type: string), _col6 (type: string), _col7 (type: string), _col8 (type: string), _col9 (type: string), _col10 (type: string), _col12 (type: bigint), _col13 (type: decimal(17,2)), _col14 (type: decimal(17,2)), _col15 (type: decimal(17,2)), _col16 (type: decimal(17,2)), _col17 (type: decimal(17,2)), _col18 (type: decimal(17,2)), _col19 (type: int)
-                  Select Operator [SEL_251]
-                     outputColumnNames:["_col0","_col1","_col10","_col12","_col13","_col14","_col15","_col16","_col17","_col18","_col19","_col2","_col20","_col3","_col4","_col5","_col6","_col7","_col8","_col9"]
+                  value expressions:_col2 (type: string), _col3 (type: string), _col4 (type: string), _col5 (type: string), _col6 (type: string), _col7 (type: string), _col8 (type: string), _col9 (type: string), _col10 (type: string), _col12 (type: bigint), _col13 (type: decimal(17,2)), _col14 (type: decimal(17,2)), _col15 (type: decimal(17,2)), _col16 (type: decimal(17,2)), _col17 (type: decimal(17,2)), _col18 (type: decimal(17,2))
+                  Select Operator [SEL_252]
+                     outputColumnNames:["_col0","_col1","_col10","_col12","_col13","_col14","_col15","_col16","_col17","_col18","_col2","_col20","_col3","_col4","_col5","_col6","_col7","_col8","_col9"]
                      Statistics:Num rows: 122532649 Data size: 105380558466 Basic stats: COMPLETE Column stats: NONE
-                     Filter Operator [FIL_250]
+                     Filter Operator [FIL_251]
                         predicate:(_col34 <= _col15) (type: boolean)
                         Statistics:Num rows: 122532649 Data size: 105380558466 Basic stats: COMPLETE Column stats: NONE
-                        Merge Join Operator [MERGEJOIN_715]
+                        Merge Join Operator [MERGEJOIN_716]
                         |  condition map:[{"":"Inner Join 0 to 1"}]
                         |  keys:{"0":"_col1 (type: int), _col2 (type: string), _col3 (type: string)","1":"_col1 (type: int), _col2 (type: string), _col3 (type: string)"}
-                        |  outputColumnNames:["_col0","_col2","_col3","_col4","_col5","_col6","_col7","_col8","_col9","_col10","_col11","_col15","_col16","_col17","_col18","_col31","_col34","_col35","_col36","_col37"]
+                        |  outputColumnNames:["_col0","_col2","_col3","_col4","_col5","_col6","_col7","_col8","_col9","_col10","_col11","_col15","_col16","_col17","_col18","_col34","_col35","_col36","_col37"]
                         |  Statistics:Num rows: 367597947 Data size: 316141675400 Basic stats: COMPLETE Column stats: NONE
                         |<-Reducer 18 [SIMPLE_EDGE]
-                        |  Reduce Output Operator [RS_247]
+                        |  Reduce Output Operator [RS_248]
                         |     key expressions:_col1 (type: int), _col2 (type: string), _col3 (type: string)
                         |     Map-reduce partition columns:_col1 (type: int), _col2 (type: string), _col3 (type: string)
                         |     sort order:+++
@@ -105,7 +105,7 @@ Stage-0
                         |                 Select Operator [SEL_118]
                         |                    outputColumnNames:["_col0","_col1","_col2","_col3","_col4","_col5","_col6","_col7","_col8","_col9","_col10","_col11","_col13","_col14","_col15","_col16","_col17"]
                         |                    Statistics:Num rows: 668359891 Data size: 574803034585 Basic stats: COMPLETE Column stats: NONE
-                        |                    Merge Join Operator [MERGEJOIN_697]
+                        |                    Merge Join Operator [MERGEJOIN_698]
                         |                    |  condition map:[{"":"Inner Join 0 to 1"},{"":"Inner Join 0 to 2"}]
                         |                    |  keys:{"0":"_col1 (type: int)","1":"_col0 (type: int)","2":"_col0 (type: int)"}
                         |                    |  outputColumnNames:["_col9","_col10","_col11","_col23","_col25","_col27","_col28","_col39","_col40","_col41","_col42","_col44","_col45","_col46","_col47","_col50","_col53"]
@@ -120,8 +120,8 @@ Stage-0
                         |                    |     Select Operator [SEL_76]
                         |                    |        outputColumnNames:["_col0","_col3"]
                         |                    |        Statistics:Num rows: 57750 Data size: 82945057 Basic stats: COMPLETE Column stats: NONE
-                        |                    |        Filter Operator [FIL_659]
-                        |                    |           predicate:((((i_color) IN ('maroon', 'burnished', 'dim', 'steel', 'navajo', 'chocolate') and i_current_price BETWEEN 35 AND 45) and i_current_price BETWEEN 36 AND 50) and i_item_sk is not null) (type: boolean)
+                        |                    |        Filter Operator [FIL_660]
+                        |                    |           predicate:(((i_item_sk is not null and (i_color) IN ('maroon', 'burnished', 'dim', 'steel', 'navajo', 'chocolate')) and i_current_price BETWEEN 35 AND 45) and i_current_price BETWEEN 36 AND 50) (type: boolean)
                         |                    |           Statistics:Num rows: 57750 Data size: 82945057 Basic stats: COMPLETE Column stats: NONE
                         |                    |           TableScan [TS_74]
                         |                    |              alias:item
@@ -133,7 +133,7 @@ Stage-0
                         |                    |     sort order:+
                         |                    |     Statistics:Num rows: 303799944 Data size: 261274100967 Basic stats: COMPLETE Column stats: NONE
                         |                    |     value expressions:_col9 (type: decimal(7,2)), _col10 (type: decimal(7,2)), _col11 (type: decimal(7,2)), _col23 (type: int), _col25 (type: int), _col27 (type: string), _col28 (type: string), _col39 (type: string), _col40 (type: string), _col41 (type: string), _col42 (type: string), _col44 (type: string), _col45 (type: string), _col46 (type: string), _col47 (type: string)
-                        |                    |     Merge Join Operator [MERGEJOIN_695]
+                        |                    |     Merge Join Operator [MERGEJOIN_696]
                         |                    |     |  condition map:[{"":"Inner Join 0 to 1"}]
                         |                    |     |  keys:{"0":"_col37 (type: int)","1":"_col0 (type: int)"}
                         |                    |     |  outputColumnNames:["_col1","_col9","_col10","_col11","_col23","_col25","_col27","_col28","_col39","_col40","_col41","_col42","_col44","_col45","_col46","_col47"]
@@ -147,7 +147,7 @@ Stage-0
                         |                    |     |     Select Operator [SEL_73]
                         |                    |     |        outputColumnNames:["_col0"]
                         |                    |     |        Statistics:Num rows: 20 Data size: 240 Basic stats: COMPLETE Column stats: NONE
-                        |                    |     |        Filter Operator [FIL_658]
+                        |                    |     |        Filter Operator [FIL_659]
                         |                    |     |           predicate:ib_income_band_sk is not null (type: boolean)
                         |                    |     |           Statistics:Num rows: 20 Data size: 240 Basic stats: COMPLETE Column stats: NONE
                         |                    |     |           TableScan [TS_71]
@@ -160,7 +160,7 @@ Stage-0
                         |                    |           sort order:+
                         |                    |           Statistics:Num rows: 276181762 Data size: 237521904822 Basic stats: COMPLETE Column stats: NONE
                         |                    |           value expressions:_col1 (type: int), _col9 (type: decimal(7,2)), _col10 (type: decimal(7,2)), _col11 (type: decimal(7,2)), _col23 (type: int), _col25 (type: int), _col27 (type: string), _col28 (type: string), _col39 (type: string), _col40 (type: string), _col41 (type: string), _col42 (type: string), _col44 (type: string), _col45 (type: string), _col46 (type: string), _col47 (type: string)
-                        |                    |           Merge Join Operator [MERGEJOIN_694]
+                        |                    |           Merge Join Operator [MERGEJOIN_695]
                         |                    |           |  condition map:[{"":"Inner Join 0 to 1"}]
                         |                    |           |  keys:{"0":"_col35 (type: int)","1":"_col0 (type: int)"}
                         |                    |           |  outputColumnNames:["_col1","_col9","_col10","_col11","_col23","_col25","_col27","_col28","_col37","_col39","_col40","_col41","_col42","_col44","_col45","_col46","_col47"]
@@ -174,7 +174,7 @@ Stage-0
                         |                    |           |     Select Operator [SEL_70]
                         |                    |           |        outputColumnNames:["_col0"]
                         |                    |           |        Statistics:Num rows: 20 Data size: 240 Basic stats: COMPLETE Column stats: NONE
-                        |                    |           |        Filter Operator [FIL_657]
+                        |                    |           |        Filter Operator [FIL_658]
                         |                    |           |           predicate:ib_income_band_sk is not null (type: boolean)
                         |                    |           |           Statistics:Num rows: 20 Data size: 240 Basic stats: COMPLETE Column stats: NONE
                         |                    |           |           TableScan [TS_68]
@@ -187,7 +187,7 @@ Stage-0
                         |                    |                 sort order:+
                         |                    |                 Statistics:Num rows: 251074324 Data size: 215928999704 Basic stats: COMPLETE Column stats: NONE
                         |                    |                 value expressions:_col1 (type: int), _col9 (type: decimal(7,2)), _col10 (type: decimal(7,2)), _col11 (type: decimal(7,2)), _col23 (type: int), _col25 (type: int), _col27 (type: string), _col28 (type: string), _col37 (type: int), _col39 (type: string), _col40 (type: string), _col41 (type: string), _col42 (type: string), _col44 (type: string), _col45 (type: string), _col46 (type: string), _col47 (type: string)
-                        |                    |                 Merge Join Operator [MERGEJOIN_693]
+                        |                    |                 Merge Join Operator [MERGEJOIN_694]
                         |                    |                 |  condition map:[{"":"Inner Join 0 to 1"}]
                         |                    |                 |  keys:{"0":"_col17 (type: int)","1":"_col0 (type: int)"}
                         |                    |                 |  outputColumnNames:["_col1","_col9","_col10","_col11","_col23","_col25","_col27","_col28","_col35","_col37","_col39","_col40","_col41","_col42","_col44","_col45","_col46","_col47"]
@@ -202,7 +202,7 @@ Stage-0
                         |                    |                 |     Select Operator [SEL_67]
                         |                    |                 |        outputColumnNames:["_col0","_col1","_col2","_col3","_col4"]
                         |                    |                 |        Statistics:Num rows: 40000000 Data size: 40595195284 Basic stats: COMPLETE Column stats: NONE
-                        |                    |                 |        Filter Operator [FIL_656]
+                        |                    |                 |        Filter Operator [FIL_657]
                         |                    |                 |           predicate:ca_address_sk is not null (type: boolean)
                         |                    |                 |           Statistics:Num rows: 40000000 Data size: 40595195284 Basic stats: COMPLETE Column stats: NONE
                         |                    |                 |           TableScan [TS_65]
@@ -215,7 +215,7 @@ Stage-0
                         |                    |                       sort order:+
                         |                    |                       Statistics:Num rows: 228249381 Data size: 196299086386 Basic stats: COMPLETE Column stats: NONE
                         |                    |                       value expressions:_col1 (type: int), _col9 (type: decimal(7,2)), _col10 (type: decimal(7,2)), _col11 (type: decimal(7,2)), _col23 (type: int), _col25 (type: int), _col27 (type: string), _col28 (type: string), _col35 (type: int), _col37 (type: int), _col39 (type: string), _col40 (type: string), _col41 (type: string), _col42 (type: string)
-                        |                    |                       Merge Join Operator [MERGEJOIN_692]
+                        |                    |                       Merge Join Operator [MERGEJOIN_693]
                         |                    |                       |  condition map:[{"":"Inner Join 0 to 1"}]
                         |                    |                       |  keys:{"0":"_col5 (type: int)","1":"_col0 (type: int)"}
                         |                    |                       |  outputColumnNames:["_col1","_col9","_col10","_col11","_col17","_col23","_col25","_col27","_col28","_col35","_col37","_col39","_col40","_col41","_col42"]
@@ -230,7 +230,7 @@ Stage-0
                         |                    |                       |     Select Operator [SEL_64]
                         |                    |                       |        outputColumnNames:["_col0","_col1","_col2","_col3","_col4"]
                         |                    |                       |        Statistics:Num rows: 40000000 Data size: 40595195284 Basic stats: COMPLETE Column stats: NONE
-                        |                    |                       |        Filter Operator [FIL_655]
+                        |                    |                       |        Filter Operator [FIL_656]
                         |                    |                       |           predicate:ca_address_sk is not null (type: boolean)
                         |                    |                       |           Statistics:Num rows: 40000000 Data size: 40595195284 Basic stats: COMPLETE Column stats: NONE
                         |                    |                       |           TableScan [TS_62]
@@ -243,7 +243,7 @@ Stage-0
                         |                    |                             sort order:+
                         |                    |                             Statistics:Num rows: 207499433 Data size: 178453711029 Basic stats: COMPLETE Column stats: NONE
                         |                    |                             value expressions:_col1 (type: int), _col9 (type: decimal(7,2)), _col10 (type: decimal(7,2)), _col11 (type: decimal(7,2)), _col17 (type: int), _col23 (type: int), _col25 (type: int), _col27 (type: string), _col28 (type: string), _col35 (type: int), _col37 (type: int)
-                        |                    |                             Merge Join Operator [MERGEJOIN_691]
+                        |                    |                             Merge Join Operator [MERGEJOIN_692]
                         |                    |                             |  condition map:[{"":"Inner Join 0 to 1"}]
                         |                    |                             |  keys:{"0":"_col16 (type: int)","1":"_col0 (type: int)"}
                         |                    |                             |  outputColumnNames:["_col1","_col5","_col9","_col10","_col11","_col17","_col23","_col25","_col27","_col28","_col35","_col37"]
@@ -258,7 +258,7 @@ Stage-0
                         |                    |                             |     Select Operator [SEL_61]
                         |                    |                             |        outputColumnNames:["_col0","_col1"]
                         |                    |                             |        Statistics:Num rows: 7200 Data size: 770400 Basic stats: COMPLETE Column stats: NONE
-                        |                    |                             |        Filter Operator [FIL_654]
+                        |                    |                             |        Filter Operator [FIL_655]
                         |                    |                             |           predicate:(hd_demo_sk is not null and hd_income_band_sk is not null) (type: boolean)
                         |                    |                             |           Statistics:Num rows: 7200 Data size: 770400 Basic stats: COMPLETE Column stats: NONE
                         |                    |                             |           TableScan [TS_59]
@@ -271,7 +271,7 @@ Stage-0
                         |                    |                                   sort order:+
                         |                    |                                   Statistics:Num rows: 188635845 Data size: 162230642874 Basic stats: COMPLETE Column stats: NONE
                         |                    |                                   value expressions:_col1 (type: int), _col5 (type: int), _col9 (type: decimal(7,2)), _col10 (type: decimal(7,2)), _col11 (type: decimal(7,2)), _col17 (type: int), _col23 (type: int), _col25 (type: int), _col27 (type: string), _col28 (type: string), _col35 (type: int)
-                        |                    |                                   Merge Join Operator [MERGEJOIN_690]
+                        |                    |                                   Merge Join Operator [MERGEJOIN_691]
                         |                    |                                   |  condition map:[{"":"Inner Join 0 to 1"}]
                         |                    |                                   |  keys:{"0":"_col4 (type: int)","1":"_col0 (type: int)"}
                         |                    |                                   |  outputColumnNames:["_col1","_col5","_col9","_col10","_col11","_col16","_col17","_col23","_col25","_col27","_col28","_col35"]
@@ -286,7 +286,7 @@ Stage-0
                         |                    |                                   |     Select Operator [SEL_58]
                         |                    |                                   |        outputColumnNames:["_col0","_col1"]
                         |                    |                                   |        Statistics:Num rows: 7200 Data size: 770400 Basic stats: COMPLETE Column stats: NONE
-                        |                    |                                   |        Filter Operator [FIL_653]
+                        |                    |                                   |        Filter Operator [FIL_654]
                         |                    |                                   |           predicate:(hd_demo_sk is not null and hd_income_band_sk is not null) (type: boolean)
                         |                    |                                   |           Statistics:Num rows: 7200 Data size: 770400 Basic stats: COMPLETE Column stats: NONE
                         |                    |                                   |           TableScan [TS_56]
@@ -299,7 +299,7 @@ Stage-0
                         |                    |                                         sort order:+
                         |                    |                                         Statistics:Num rows: 171487129 Data size: 147482399417 Basic stats: COMPLETE Column stats: NONE
                         |                    |                                         value expressions:_col1 (type: int), _col5 (type: int), _col9 (type: decimal(7,2)), _col10 (type: decimal(7,2)), _col11 (type: decimal(7,2)), _col16 (type: int), _col17 (type: int), _col23 (type: int), _col25 (type: int), _col27 (type: string), _col28 (type: string)
-                        |                    |                                         Merge Join Operator [MERGEJOIN_689]
+                        |                    |                                         Merge Join Operator [MERGEJOIN_690]
                         |                    |                                         |  condition map:[{"":"Inner Join 0 to 1"}]
                         |                    |                                         |  keys:{"0":"_col7 (type: int)","1":"_col0 (type: int)"}
                         |                    |                                         |  outputColumnNames:["_col1","_col4","_col5","_col9","_col10","_col11","_col16","_col17","_col23","_col25","_col27","_col28"]
@@ -313,7 +313,7 @@ Stage-0
                         |                    |                                         |     Select Operator [SEL_55]
                         |                    |                                         |        outputColumnNames:["_col0"]
                         |                    |                                         |        Statistics:Num rows: 2300 Data size: 2713420 Basic stats: COMPLETE Column stats: NONE
-                        |                    |                                         |        Filter Operator [FIL_652]
+                        |                    |                                         |        Filter Operator [FIL_653]
                         |                    |                                         |           predicate:p_promo_sk is not null (type: boolean)
                         |                    |                                         |           Statistics:Num rows: 2300 Data size: 2713420 Basic stats: COMPLETE Column stats: NONE
                         |                    |                                         |           TableScan [TS_53]
@@ -332,7 +332,7 @@ Stage-0
                         |                    |                                                  Filter Operator [FIL_51]
                         |                    |                                                     predicate:(_col30 <> _col32) (type: boolean)
                         |                    |                                                     Statistics:Num rows: 155897387 Data size: 134074905655 Basic stats: COMPLETE Column stats: NONE
-                        |                    |                                                     Merge Join Operator [MERGEJOIN_688]
+                        |                    |                                                     Merge Join Operator [MERGEJOIN_689]
                         |                    |                                                     |  condition map:[{"":"Inner Join 0 to 1"}]
                         |                    |                                                     |  keys:{"0":"_col15 (type: int)","1":"_col0 (type: int)"}
                         |                    |                                                     |  outputColumnNames:["_col1","_col4","_col5","_col7","_col9","_col10","_col11","_col16","_col17","_col23","_col25","_col27","_col28","_col30","_col32"]
@@ -347,7 +347,7 @@ Stage-0
                         |                    |                                                     |     Select Operator [SEL_26]
                         |                    |                                                     |        outputColumnNames:["_col0","_col1"]
                         |                    |                                                     |        Statistics:Num rows: 19800 Data size: 7171059 Basic stats: COMPLETE Column stats: NONE
-                        |                    |                                                     |        Filter Operator [FIL_651]
+                        |                    |                                                     |        Filter Operator [FIL_652]
                         |                    |                                                     |           predicate:cd_demo_sk is not null (type: boolean)
                         |                    |                                                     |           Statistics:Num rows: 19800 Data size: 7171059 Basic stats: COMPLETE Column stats: NONE
                         |                    |                                                     |           TableScan [TS_24]
@@ -360,7 +360,7 @@ Stage-0
                         |                    |                                                           sort order:+
                         |                    |                                                           Statistics:Num rows: 141724895 Data size: 121886275227 Basic stats: COMPLETE Column stats: NONE
                         |                    |                                                           value expressions:_col1 (type: int), _col4 (type: int), _col5 (type: int), _col7 (type: int), _col9 (type: decimal(7,2)), _col10 (type: decimal(7,2)), _col11 (type: decimal(7,2)), _col16 (type: int), _col17 (type: int), _col23 (type: int), _col25 (type: int), _col27 (type: string), _col28 (type: string), _col30 (type: string)
-                        |                    |                                                           Merge Join Operator [MERGEJOIN_687]
+                        |                    |                                                           Merge Join Operator [MERGEJOIN_688]
                         |                    |                                                           |  condition map:[{"":"Inner Join 0 to 1"}]
                         |                    |                                                           |  keys:{"0":"_col3 (type: int)","1":"_col0 (type: int)"}
                         |                    |                                                           |  outputColumnNames:["_col1","_col4","_col5","_col7","_col9","_col10","_col11","_col15","_col16","_col17","_col23","_col25","_col27","_col28","_col30"]
@@ -375,7 +375,7 @@ Stage-0
                         |                    |                                                           |     Select Operator [SEL_23]
                         |                    |                                                           |        outputColumnNames:["_col0","_col1"]
                         |                    |                                                           |        Statistics:Num rows: 19800 Data size: 7171059 Basic stats: COMPLETE Column stats: NONE
-                        |                    |                                                           |        Filter Operator [FIL_650]
+                        |                    |                                                           |        Filter Operator [FIL_651]
                         |                    |                                                           |           predicate:cd_demo_sk is not null (type: boolean)
                         |                    |                                                           |           Statistics:Num rows: 19800 Data size: 7171059 Basic stats: COMPLETE Column stats: NONE
                         |                    |                                                           |           TableScan [TS_21]
@@ -388,7 +388,7 @@ Stage-0
                         |                    |                                                                 sort order:+
                         |                    |                                                                 Statistics:Num rows: 128840811 Data size: 110805702351 Basic stats: COMPLETE Column stats: NONE
                         |                    |                                                                 value expressions:_col1 (type: int), _col4 (type: int), _col5 (type: int), _col7 (type: int), _col9 (type: decimal(7,2)), _col10 (type: decimal(7,2)), _col11 (type: decimal(7,2)), _col15 (type: int), _col16 (type: int), _col17 (type: int), _col23 (type: int), _col25 (type: int), _col27 (type: string), _col28 (type: string)
-                        |                    |                                                                 Merge Join Operator [MERGEJOIN_686]
+                        |                    |                                                                 Merge Join Operator [MERGEJOIN_687]
                         |                    |                                                                 |  condition map:[{"":"Inner Join 0 to 1"}]
                         |                    |                                                                 |  keys:{"0":"_col6 (type: int)","1":"_col0 (type: int)"}
                         |                    |                                                                 |  outputColumnNames:["_col1","_col3","_col4","_col5","_col7","_col9","_col10","_col11","_col15","_col16","_col17","_col23","_col25","_col27","_col28"]
@@ -403,8 +403,8 @@ Stage-0
                         |                    |                                                                 |     Select Operator [SEL_20]
                         |                    |                                                                 |        outputColumnNames:["_col0","_col1","_col2"]
                         |                    |                                                                 |        Statistics:Num rows: 1704 Data size: 3256276 Basic stats: COMPLETE Column stats: NONE
-                        |                    |                                                                 |        Filter Operator [FIL_649]
-                        |                    |                                                                 |           predicate:((s_store_sk is not null and s_zip is not null) and s_store_name is not null) (type: boolean)
+                        |                    |                                                                 |        Filter Operator [FIL_650]
+                        |                    |                                                                 |           predicate:((s_store_sk is not null and s_store_name is not null) and s_zip is not null) (type: boolean)
                         |                    |                                                                 |           Statistics:Num rows: 1704 Data size: 3256276 Basic stats: COMPLETE Column stats: NONE
                         |                    |                                                                 |           TableScan [TS_18]
                         |                    |                                                                 |              alias:store
@@ -416,7 +416,7 @@ Stage-0
                         |                    |                                                                       sort order:+
                         |                    |                                                                       Statistics:Num rows: 117128008 Data size: 100732454500 Basic stats: COMPLETE Column stats: NONE
                         |                    |                                                                       value expressions:_col1 (type: int), _col3 (type: int), _col4 (type: int), _col5 (type: int), _col7 (type: int), _col9 (type: decimal(7,2)), _col10 (type: decimal(7,2)), _col11 (type: decimal(7,2)), _col15 (type: int), _col16 (type: int), _col17 (type: int), _col23 (type: int), _col25 (type: int)
-                        |                    |                                                                       Merge Join Operator [MERGEJOIN_685]
+                        |                    |                                                                       Merge Join Operator [MERGEJOIN_686]
                         |                    |                                                                       |  condition map:[{"":"Inner Join 0 to 1"}]
                         |                    |                                                                       |  keys:{"0":"_col18 (type: int)","1":"_col0 (type: int)"}
                         |                    |                                                                       |  outputColumnNames:["_col1","_col3","_col4","_col5","_col6","_col7","_col9","_col10","_col11","_col15","_col16","_col17","_col23","_col25"]
@@ -431,7 +431,7 @@ Stage-0
                         |                    |                                                                       |     Select Operator [SEL_17]
                         |                    |                                                                       |        outputColumnNames:["_col0","_col1"]
                         |                    |                                                                       |        Statistics:Num rows: 73049 Data size: 81741831 Basic stats: COMPLETE Column stats: NONE
-                        |                    |                                                                       |        Filter Operator [FIL_648]
+                        |                    |                                                                       |        Filter Operator [FIL_649]
                         |                    |                                                                       |           predicate:d_date_sk is not null (type: boolean)
                         |                    |                                                                       |           Statistics:Num rows: 73049 Data size: 81741831 Basic stats: COMPLETE Column stats: NONE
                         |                    |                                                                       |           TableScan [TS_15]
@@ -444,7 +444,7 @@ Stage-0
                         |                    |                                                                             sort order:+
                         |                    |                                                                             Statistics:Num rows: 106480005 Data size: 91574956652 Basic stats: COMPLETE Column stats: NONE
                         |                    |                                                                             value expressions:_col1 (type: int), _col3 (type: int), _col4 (type: int), _col5 (type: int), _col6 (type: int), _col7 (type: int), _col9 (type: decimal(7,2)), _col10 (type: decimal(7,2)), _col11 (type: decimal(7,2)), _col15 (type: int), _col16 (type: int), _col17 (type: int), _col23 (type: int)
-                        |                    |                                                                             Merge Join Operator [MERGEJOIN_684]
+                        |                    |                                                                             Merge Join Operator [MERGEJOIN_685]
                         |                    |                                                                             |  condition map:[{"":"Inner Join 0 to 1"}]
                         |                    |                                                                             |  keys:{"0":"_col19 (type: int)","1":"_col0 (type: int)"}
                         |                    |                                                                             |  outputColumnNames:["_col1","_col3","_col4","_col5","_col6","_col7","_col9","_col10","_col11","_col15","_col16","_col17","_col18","_col23"]
@@ -459,7 +459,7 @@ Stage-0
                         |                    |                                                                             |     Select Operator [SEL_14]
                         |                    |                                                                             |        outputColumnNames:["_col0","_col1"]
                         |                    |                                                                             |        Statistics:Num rows: 73049 Data size: 81741831 Basic stats: COMPLETE Column stats: NONE
-                        |                    |                                                                             |        Filter Operator [FIL_647]
+                        |                    |                                                                             |        Filter Operator [FIL_648]
                         |                    |                                                                             |           predicate:d_date_sk is not null (type: boolean)
                         |                    |                                                                             |           Statistics:Num rows: 73049 Data size: 81741831 Basic stats: COMPLETE Column stats: NONE
                         |                    |                                                                             |           TableScan [TS_12]
@@ -472,7 +472,7 @@ Stage-0
                         |                    |                                                                                   sort order:+
                         |                    |                                                                                   Statistics:Num rows: 96800003 Data size: 83249958789 Basic stats: COMPLETE Column stats: NONE
                         |                    |                                                                                   value expressions:_col1 (type: int), _col3 (type: int), _col4 (type: int), _col5 (type: int), _col6 (type: int), _col7 (type: int), _col9 (type: decimal(7,2)), _col10 (type: decimal(7,2)), _col11 (type: decimal(7,2)), _col15 (type: int), _col16 (type: int), _col17 (type: int), _col18 (type: int)
-                        |                    |                                                                                   Merge Join Operator [MERGEJOIN_683]
+                        |                    |                                                                                   Merge Join Operator [MERGEJOIN_684]
                         |                    |                                                                                   |  condition map:[{"":"Inner Join 0 to 1"}]
                         |                    |                                                                                   |  keys:{"0":"_col0 (type: int)","1":"_col0 (type: int)"}
                         |                    |                                                                                   |  outputColumnNames:["_col1","_col3","_col4","_col5","_col6","_col7","_col9","_col10","_col11","_col15","_col16","_col17","_col18","_col19"]
@@ -486,8 +486,8 @@ Stage-0
                         |                    |                                                                                   |     Select Operator [SEL_11]
                         |                    |                                                                                   |        outputColumnNames:["_col0"]
                         |                    |                                                                                   |        Statistics:Num rows: 36524 Data size: 40870356 Basic stats: COMPLETE Column stats: NONE
-                        |                    |                                                                                   |        Filter Operator [FIL_646]
-                        |                    |                                                                                   |           predicate:((d_year = 2000) and d_date_sk is not null) (type: boolean)
+                        |                    |                                                                                   |        Filter Operator [FIL_647]
+                        |                    |                                                                                   |           predicate:(d_date_sk is not null and (d_year = 2000)) (type: boolean)
                         |                    |                                                                                   |           Statistics:Num rows: 36524 Data size: 40870356 Basic stats: COMPLETE Column stats: NONE
                         |                    |                                                                                   |           TableScan [TS_9]
                         |                    |                                                                                   |              alias:d1
@@ -499,7 +499,7 @@ Stage-0
                         |                    |                                                                                         sort order:+
                         |                    |                                                                                         Statistics:Num rows: 88000001 Data size: 75681779077 Basic stats: COMPLETE Column stats: NONE
                         |                    |                                                                                         value expressions:_col1 (type: int), _col3 (type: int), _col4 (type: int), _col5 (type: int), _col6 (type: int), _col7 (type: int), _col9 (type: decimal(7,2)), _col10 (type: decimal(7,2)), _col11 (type: decimal(7,2)), _col15 (type: int), _col16 (type: int), _col17 (type: int), _col18 (type: int), _col19 (type: int)
-                        |                    |                                                                                         Merge Join Operator [MERGEJOIN_682]
+                        |                    |                                                                                         Merge Join Operator [MERGEJOIN_683]
                         |                    |                                                                                         |  condition map:[{"":"Inner Join 0 to 1"}]
                         |                    |                                                                                         |  keys:{"0":"_col2 (type: int)","1":"_col0 (type: int)"}
                         |                    |                                                                                         |  outputColumnNames:["_col0","_col1","_col3","_col4","_col5","_col6","_col7","_col9","_col10","_col11","_col15","_col16","_col17","_col18","_col19"]
@@ -514,7 +514,7 @@ Stage-0
                         |                    |                                                                                         |     Select Operator [SEL_8]
                         |                    |                                                                                         |        outputColumnNames:["_col0","_col1","_col2","_col3","_col4","_col5"]
                         |                    |                                                                                         |        Statistics:Num rows: 80000000 Data size: 68801615852 Basic stats: COMPLETE Column stats: NONE
-                        |                    |                                                                                         |        Filter Operator [FIL_645]
+                        |                    |                                                                                         |        Filter Operator [FIL_646]
                         |                    |                                                                                         |           predicate:(((((c_customer_sk is not null and c_first_sales_date_sk is not null) and c_first_shipto_date_sk is not null) and c_current_cdemo_sk is not null) and c_current_hdemo_sk is not null) and c_current_addr_sk is not null) (type: boolean)
                         |                    |                                                                                         |           Statistics:Num rows: 80000000 Data size: 68801615852 Basic stats: COMPLETE Column stats: NONE
                         |                    |                                                                                         |           TableScan [TS_6]
@@ -527,7 +527,7 @@ Stage-0
                         |                    |                                                                                               sort order:+
                         |                    |                                                                                               Statistics:Num rows: 1 Data size: 0 Basic stats: PARTIAL Column stats: NONE
                         |                    |                                                                                               value expressions:_col0 (type: int), _col1 (type: int), _col3 (type: int), _col4 (type: int), _col5 (type: int), _col6 (type: int), _col7 (type: int), _col9 (type: decimal(7,2)), _col10 (type: decimal(7,2)), _col11 (type: decimal(7,2))
-                        |                    |                                                                                               Merge Join Operator [MERGEJOIN_681]
+                        |                    |                                                                                               Merge Join Operator [MERGEJOIN_682]
                         |                    |                                                                                               |  condition map:[{"":"Inner Join 0 to 1"}]
                         |                    |                                                                                               |  keys:{"0":"_col1 (type: int), _col8 (type: int)","1":"_col0 (type: int), _col1 (type: int)"}
                         |                    |                                                                                               |  outputColumnNames:["_col0","_col1","_col2","_col3","_col4","_col5","_col6","_col7","_col9","_col10","_col11"]
@@ -542,8 +542,8 @@ Stage-0
                         |                    |                                                                                               |     Select Operator [SEL_2]
                         |                    |                                                                                               |        outputColumnNames:["_col0","_col1","_col2","_col3","_col4","_col5","_col6","_col7","_col8","_col9","_col10","_col11"]
                         |                    |                                                                                               |        Statistics:Num rows: 1 Data size: 0 Basic stats: PARTIAL Column stats: NONE
-                        |                    |                                                                                               |        Filter Operator [FIL_643]
-                        |                    |                                                                                               |           predicate:((((((((ss_ticket_number is not null and ss_item_sk is not null) and ss_customer_sk is not null) and ss_sold_date_sk is not null) and ss_store_sk is not null) and ss_cdemo_sk is not null) and ss_promo_sk is not null) and ss_hdemo_sk is not null) and ss_addr_sk is not null) (type: boolean)
+                        |                    |                                                                                               |        Filter Operator [FIL_644]
+                        |                    |                                                                                               |           predicate:((((((((ss_item_sk is not null and ss_ticket_number is not null) and ss_customer_sk is not null) and ss_sold_date_sk is not null) and ss_store_sk is not null) and ss_cdemo_sk is not null) and ss_promo_sk is not null) and ss_hdemo_sk is not null) and ss_addr_sk is not null) (type: boolean)
                         |                    |                                                                                               |           Statistics:Num rows: 1 Data size: 0 Basic stats: PARTIAL Column stats: NONE
                         |                    |                                                                                               |           TableScan [TS_0]
                         |                    |                                                                                               |              alias:store_sales
@@ -557,8 +557,8 @@ Stage-0
                         |                    |                                                                                                     Select Operator [SEL_5]
                         |                    |                                                                                                        outputColumnNames:["_col0","_col1"]
                         |                    |                                                                                                        Statistics:Num rows: 1 Data size: 0 Basic stats: PARTIAL Column stats: NONE
-                        |                    |                                                                                                        Filter Operator [FIL_644]
-                        |                    |                                                                                                           predicate:(sr_ticket_number is not null and sr_item_sk is not null) (type: boolean)
+                        |                    |                                                                                                        Filter Operator [FIL_645]
+                        |                    |                                                                                                           predicate:(sr_item_sk is not null and sr_ticket_number is not null) (type: boolean)
                         |                    |                                                                                                           Statistics:Num rows: 1 Data size: 0 Basic stats: PARTIAL Column stats: NONE
                         |                    |                                                                                                           TableScan [TS_3]
                         |                    |                                                                                                              alias:store_returns
@@ -595,7 +595,7 @@ Stage-0
                         |                                         Select Operator [SEL_86]
                         |                                            outputColumnNames:["_col0","_col1","_col2"]
                         |                                            Statistics:Num rows: 1 Data size: 0 Basic stats: PARTIAL Column stats: NONE
-                        |                                            Merge Join Operator [MERGEJOIN_696]
+                        |                                            Merge Join Operator [MERGEJOIN_697]
                         |                                            |  condition map:[{"":"Inner Join 0 to 1"}]
                         |                                            |  keys:{"0":"_col0 (type: int), _col1 (type: int)","1":"_col0 (type: int), _col1 (type: int)"}
                         |                                            |  outputColumnNames:["_col0","_col2","_col5","_col6","_col7"]
@@ -610,8 +610,8 @@ Stage-0
                         |                                            |     Select Operator [SEL_79]
                         |                                            |        outputColumnNames:["_col0","_col1","_col2"]
                         |                                            |        Statistics:Num rows: 1 Data size: 0 Basic stats: PARTIAL Column stats: NONE
-                        |                                            |        Filter Operator [FIL_660]
-                        |                                            |           predicate:(cs_item_sk is not null and cs_order_number is not null) (type: boolean)
+                        |                                            |        Filter Operator [FIL_661]
+                        |                                            |           predicate:(cs_order_number is not null and cs_item_sk is not null) (type: boolean)
                         |                                            |           Statistics:Num rows: 1 Data size: 0 Basic stats: PARTIAL Column stats: NONE
                         |                                            |           TableScan [TS_77]
                         |                                            |              alias:catalog_sales
@@ -626,43 +626,43 @@ Stage-0
                         |                                                  Select Operator [SEL_82]
                         |                                                     outputColumnNames:["_col0","_col1","_col2","_col3","_col4"]
                         |                                                     Statistics:Num rows: 1 Data size: 0 Basic stats: PARTIAL Column stats: NONE
-                        |                                                     Filter Operator [FIL_661]
-                        |                                                        predicate:(cr_item_sk is not null and cr_order_number is not null) (type: boolean)
+                        |                                                     Filter Operator [FIL_662]
+                        |                                                        predicate:(cr_order_number is not null and cr_item_sk is not null) (type: boolean)
                         |                                                        Statistics:Num rows: 1 Data size: 0 Basic stats: PARTIAL Column stats: NONE
                         |                                                        TableScan [TS_80]
                         |                                                           alias:catalog_returns
                         |                                                           Statistics:Num rows: 1 Data size: 0 Basic stats: PARTIAL Column stats: NONE
                         |<-Reducer 58 [SIMPLE_EDGE]
-                           Reduce Output Operator [RS_248]
+                           Reduce Output Operator [RS_249]
                               key expressions:_col1 (type: int), _col2 (type: string), _col3 (type: string)
                               Map-reduce partition columns:_col1 (type: int), _col2 (type: string), _col3 (type: string)
                               sort order:+++
                               Statistics:Num rows: 334179945 Data size: 287401516862 Basic stats: COMPLETE Column stats: NONE
-                              value expressions:_col12 (type: int), _col15 (type: bigint), _col16 (type: decimal(17,2)), _col17 (type: decimal(17,2)), _col18 (type: decimal(17,2))
-                              Select Operator [SEL_246]
-                                 outputColumnNames:["_col1","_col12","_col15","_col16","_col17","_col18","_col2","_col3"]
+                              value expressions:_col15 (type: bigint), _col16 (type: decimal(17,2)), _col17 (type: decimal(17,2)), _col18 (type: decimal(17,2))
+                              Select Operator [SEL_247]
+                                 outputColumnNames:["_col1","_col15","_col16","_col17","_col18","_col2","_col3"]
                                  Statistics:Num rows: 334179945 Data size: 287401516862 Basic stats: COMPLETE Column stats: NONE
-                                 Group By Operator [GBY_245]
+                                 Group By Operator [GBY_246]
                                  |  aggregations:["count(VALUE._col0)","sum(VALUE._col1)","sum(VALUE._col2)","sum(VALUE._col3)"]
-                                 |  keys:KEY._col0 (type: int), KEY._col1 (type: int), KEY._col2 (type: int), KEY._col3 (type: string), KEY._col4 (type: string), KEY._col5 (type: string), KEY._col6 (type: string), KEY._col7 (type: string), KEY._col8 (type: string), KEY._col9 (type: string), KEY._col10 (type: string), KEY._col11 (type: string), KEY._col12 (type: string), KEY._col13 (type: int), KEY._col14 (type: string)
+                                 |  keys:KEY._col0 (type: string), KEY._col1 (type: int), KEY._col2 (type: string), KEY._col3 (type: string), KEY._col4 (type: string), KEY._col5 (type: string), KEY._col6 (type: string), KEY._col7 (type: string), KEY._col8 (type: string), KEY._col9 (type: string), KEY._col10 (type: string), KEY._col11 (type: string), 2001 (type: int), KEY._col13 (type: int), KEY._col14 (type: int)
                                  |  outputColumnNames:["_col0","_col1","_col2","_col3","_col4","_col5","_col6","_col7","_col8","_col9","_col10","_col11","_col12","_col13","_col14","_col15","_col16","_col17","_col18"]
                                  |  Statistics:Num rows: 334179945 Data size: 287401516862 Basic stats: COMPLETE Column stats: NONE
                                  |<-Reducer 57 [SIMPLE_EDGE]
-                                    Reduce Output Operator [RS_244]
-                                       key expressions:_col0 (type: int), _col1 (type: int), _col2 (type: int), _col3 (type: string), _col4 (type: string), _col5 (type: string), _col6 (type: string), _col7 (type: string), _col8 (type: string), _col9 (type: string), _col10 (type: string), _col11 (type: string), _col12 (type: string), _col13 (type: int), _col14 (type: string)
-                                       Map-reduce partition columns:_col0 (type: int), _col1 (type: int), _col2 (type: int), _col3 (type: string), _col4 (type: string), _col5 (type: string), _col6 (type: string), _col7 (type: string), _col8 (type: string), _col9 (type: string), _col10 (type: string), _col11 (type: string), _col12 (type: string), _col13 (type: int), _col14 (type: string)
+                                    Reduce Output Operator [RS_245]
+                                       key expressions:_col0 (type: string), _col1 (type: int), _col2 (type: string), _col3 (type: string), _col4 (type: string), _col5 (type: string), _col6 (type: string), _col7 (type: string), _col8 (type: string), _col9 (type: string), _col10 (type: string), _col11 (type: string), 2001 (type: int), _col13 (type: int), _col14 (type: int)
+                                       Map-reduce partition columns:_col0 (type: string), _col1 (type: int), _col2 (type: string), _col3 (type: string), _col4 (type: string), _col5 (type: string), _col6 (type: string), _col7 (type: string), _col8 (type: string), _col9 (type: string), _col10 (type: string), _col11 (type: string), 2001 (type: int), _col13 (type: int), _col14 (type: int)
                                        sort order:+++++++++++++++
                                        Statistics:Num rows: 668359891 Data size: 574803034585 Basic stats: COMPLETE Column stats: NONE
                                        value expressions:_col15 (type: bigint), _col16 (type: decimal(17,2)), _col17 (type: decimal(17,2)), _col18 (type: decimal(17,2))
-                                       Group By Operator [GBY_243]
-                                          aggregations:["count()","sum(_col9)","sum(_col10)","sum(_col11)"]
-                                          keys:_col21 (type: int), _col23 (type: int), _col25 (type: int), _col27 (type: string), _col28 (type: string), _col39 (type: string), _col40 (type: string), _col41 (type: string), _col42 (type: string), _col44 (type: string), _col45 (type: string), _col46 (type: string), _col47 (type: string), _col50 (type: int), _col53 (type: string)
+                                       Group By Operator [GBY_244]
+                                          aggregations:["count()","sum(_col15)","sum(_col16)","sum(_col17)"]
+                                          keys:_col0 (type: string), _col1 (type: int), _col2 (type: string), _col3 (type: string), _col4 (type: string), _col5 (type: string), _col6 (type: string), _col7 (type: string), _col8 (type: string), _col9 (type: string), _col10 (type: string), _col11 (type: string), 2001 (type: int), _col13 (type: int), _col14 (type: int)
                                           outputColumnNames:["_col0","_col1","_col2","_col3","_col4","_col5","_col6","_col7","_col8","_col9","_col10","_col11","_col12","_col13","_col14","_col15","_col16","_col17","_col18"]
                                           Statistics:Num rows: 668359891 Data size: 574803034585 Basic stats: COMPLETE Column stats: NONE
                                           Select Operator [SEL_242]
-                                             outputColumnNames:["_col21","_col23","_col25","_col27","_col28","_col39","_col40","_col41","_col42","_col44","_col45","_col46","_col47","_col50","_col53","_col9","_col10","_col11"]
+                                             outputColumnNames:["_col0","_col1","_col2","_col3","_col4","_col5","_col6","_col7","_col8","_col9","_col10","_col11","_col13","_col14","_col15","_col16","_col17"]
                                              Statistics:Num rows: 668359891 Data size: 574803034585 Basic stats: COMPLETE Column stats: NONE
-                                             Merge Join Operator [MERGEJOIN_714]
+                                             Merge Join Operator [MERGEJOIN_715]
                                              |  condition map:[{"":"Inner Join 0 to 1"},{"":"Inner Join 0 to 2"}]
                                              |  keys:{"0":"_col1 (type: int)","1":"_col0 (type: int)","2":"_col0 (type: int)"}
                                              |  outputColumnNames:["_col9","_col10","_col11","_col23","_col25","_col27","_col28","_col39","_col40","_col41","_col42","_col44","_col45","_col46","_col47","_col50","_col53"]
@@ -677,8 +677,8 @@ Stage-0
                                              |     Select Operator [SEL_200]
                                              |        outputColumnNames:["_col0","_col3"]
                                              |        Statistics:Num rows: 57750 Data size: 82945057 Basic stats: COMPLETE Column stats: NONE
-                                             |        Filter Operator [FIL_678]
-                                             |           predicate:((((i_color) IN ('maroon', 'burnished', 'dim', 'steel', 'navajo', 'chocolate') and i_current_price BETWEEN 35 AND 45) and i_current_price BETWEEN 36 AND 50) and i_item_sk is not null) (type: boolean)
+                                             |        Filter Operator [FIL_679]
+                                             |           predicate:(((i_item_sk is not null and (i_color) IN ('maroon', 'burnished', 'dim', 'steel', 'navajo', 'chocolate')) and i_current_price BETWEEN 35 AND 45) and i_current_price BETWEEN 36 AND 50) (type: boolean)
                                              |           Statistics:Num rows: 57750 Data size: 82945057 Basic stats: COMPLETE Column stats: NONE
                                              |           TableScan [TS_198]
                                              |              alias:item
@@ -690,7 +690,7 @@ Stage-0
                                              |     sort order:+
                                              |     Statistics:Num rows: 303799944 Data size: 261274100967 Basic stats: COMPLETE Column stats: NONE
                                              |     value expressions:_col9 (type: decimal(7,2)), _col10 (type: decimal(7,2)), _col11 (type: decimal(7,2)), _col23 (type: int), _col25 (type: int), _col27 (type: string), _col28 (type: string), _col39 (type: string), _col40 (type: string), _col41 (type: string), _col42 (type: string), _col44 (type: string), _col45 (type: string), _col46 (type: string), _col47 (type: string)
-                                             |     Merge Join Operator [MERGEJOIN_712]
+                                             |     Merge Join Operator [MERGEJOIN_713]
                                              |     |  condition map:[{"":"Inner Join 0 to 1"}]
                                              |     |  keys:{"0":"_col37 (type: int)","1":"_col0 (type: int)"}
                                              |     |  outputColumnNames:["_col1","_col9","_col10","_col11","_col23","_col25","_col27","_col28","_col39","_col40","_col41","_col42","_col44","_col45","_col46","_col47"]
@@ -704,7 +704,7 @@ Stage-0
                                              |     |     Select Operator [SEL_197]
                                              |     |        outputColumnNames:["_col0"]
                                              |     |        Statistics:Num rows: 20 Data size: 240 Basic stats: COMPLETE Column stats: NONE
-                                             |     |        Filter Operator [FIL_677]
+                                             |     |        Filter Operator [FIL_678]
                                              |     |           predicate:ib_income_band_sk is not null (type: boolean)
                                              |     |           Statistics:Num rows: 20 Data size: 240 Basic stats: COMPLETE Column stats: NONE
                                              |     |           TableScan [TS_195]
@@ -717,7 +717,7 @@ Stage-0
                                              |           sort order:+
                                              |           Statistics:Num rows: 276181762 Data size: 237521904822 Basic stats: COMPLETE Column stats: NONE
                                              |           value expressions:_col1 (type: int), _col9 (type: decimal(7,2)), _col10 (type: decimal(7,2)), _col11 (type: decimal(7,2)), _col23 (type: int), _col25 (type: int), _col27 (type: string), _col28 (type: string), _col39 (type: string), _col40 (type: string), _col41 (type: string), _col42 (type: string), _col44 (type: string), _col45 (type: string), _col46 (type: string), _col47 (type: string)
-                                             |           Merge Join Operator [MERGEJOIN_711]
+                                             |           Merge Join Operator [MERGEJOIN_712]
                                              |           |  condition map:[{"":"Inner Join 0 to 1"}]
                                              |           |  keys:{"0":"_col35 (type: int)","1":"_col0 (type: int)"}
                                              |           |  outputColumnNames:["_col1","_col9","_col10","_col11","_col23","_col25","_col27","_col28","_col37","_col39","_col40","_col41","_col42","_col44","_col45","_col46","_col47"]
@@ -731,7 +731,7 @@ Stage-0
                                              |           |     Select Operator [SEL_194]
                                              |           |        outputColumnNames:["_col0"]
                                              |           |        Statistics:Num rows: 20 Data size: 240 Basic stats: COMPLETE Column stats: NONE
-                                             |           |        Filter Operator [FIL_676]
+                                             |           |        Filter Operator [FIL_677]
                                              |           |           predicate:ib_income_band_sk is not null (type: boolean)
                                              |           |           Statistics:Num rows: 20 Data size: 240 Basic stats: COMPLETE Column stats: NONE
                                              |           |           TableScan [TS_192]
@@ -744,7 +744,7 @@ Stage-0
                                              |                 sort order:+
                                              |                 Statistics:Num rows: 251074324 Data size: 215928999704 Basic stats: COMPLETE Column stats: NONE
                                              |                 value expressions:_col1 (type: int), _col9 (type: decimal(7,2)), _col10 (type: decimal(7,2)), _col11 (type: decimal(7,2)), _col23 (type: int), _col25 (type: int), _col27 (type: string), _col28 (type: string), _col37 (type: int), _col39 (type: string), _col40 (type: string), _col41 (type: string), _col42 (type: string), _col44 (type: string), _col45 (type: string), _col46 (type: string), _col47 (type: string)
-                                             |                 Merge Join Operator [MERGEJOIN_710]
+                                             |                 Merge Join Operator [MERGEJOIN_711]
                                              |                 |  condition map:[{"":"Inner Join 0 to 1"}]
                                              |                 |  keys:{"0":"_col17 (type: int)","1":"_col0 (type: int)"}
                                              |                 |  outputColumnNames:["_col1","_col9","_col10","_col11","_col23","_col25","_col27","_col28","_col35","_col37","_col39","_col40","_col41","_col42","_col44","_col45","_col46","_col47"]
@@ -759,7 +759,7 @@ Stage-0
                                              |                 |     Select Operator [SEL_191]
                                              |                 |        outputColumnNames:["_col0","_col1","_col2","_col3","_col4"]
                                              |                 |        Statistics:Num rows: 40000000 Data size: 40595195284 Basic stats: COMPLETE Column stats: NONE
-                                             |                 |        Filter Operator [FIL_675]
+                                             |                 |        Filter Operator [FIL_676]
                                              |                 |           predicate:ca_address_sk is not null (type: boolean)
                                              |                 |           Statistics:Num rows: 40000000 Data size: 40595195284 Basic stats: COMPLETE Column stats: NONE
                                              |                 |           TableScan [TS_189]
@@ -772,7 +772,7 @@ Stage-0
                                              |                       sort order:+
                                              |                       Statistics:Num rows: 228249381 Data size: 196299086386 Basic stats: COMPLETE Column stats: NONE
                                              |                       value expressions:_col1 (type: int), _col9 (type: decimal(7,2)), _col10 (type: decimal(7,2)), _col11 (type: decimal(7,2)), _col23 (type: int), _col25 (type: int), _col27 (type: string), _col28 (type: string), _col35 (type: int), _col37 (type: int), _col39 (type: string), _col40 (type: string), _col41 (type: string), _col42 (type: string)
-                                             |                       Merge Join Operator [MERGEJOIN_709]
+                                             |                       Merge Join Operator [MERGEJOIN_710]
                                              |                       |  condition map:[{"":"Inner Join 0 to 1"}]
                                              |                       |  keys:{"0":"_col5 (type: int)","1":"_col0 (type: int)"}
                                              |                       |  outputColumnNames:["_col1","_col9","_col10","_col11","_col17","_col23","_col25","_col27","_col28","_col35","_col37","_col39","_col40","_col41","_col42"]
@@ -787,7 +787,7 @@ Stage-0
                                              |                       |     Select Operator [SEL_188]
                                              |                       |        outputColumnNames:["_col0","_col1","_col2","_col3","_col4"]
                                              |                       |        Statistics:Num rows: 40000000 Data size: 40595195284 Basic stats: COMPLETE Column stats: NONE
-                                             |                       |        Filter Operator [FIL_674]
+                                             |                       |        Filter Operator [FIL_675]
                                              |                       |           predicate:ca_address_sk is not null (type: boolean)
                                              |                       |           Statistics:Num rows: 40000000 Data size: 40595195284 Basic stats: COMPLETE Column stats: NONE
                                              |                       |           TableScan [TS_186]
@@ -800,7 +800,7 @@ Stage-0
                                              |                             sort order:+
                                              |                             Statistics:Num rows: 207499433 Data size: 178453711029 Basic stats: COMPLETE Column stats: NONE
                                              |                             value expressions:_col1 (type: int), _col9 (type: decimal(7,2)), _col10 (type: decimal(7,2)), _col11 (type: decimal(7,2)), _col17 (type: int), _col23 (type: int), _col25 (type: int), _col27 (type: string), _col28 (type: string), _col35 (type: int), _col37 (type: int)
-                                             |                             Merge Join Operator [MERGEJOIN_708]
+                                             |                             Merge Join Operator [MERGEJOIN_709]
                                              |                             |  condition map:[{"":"Inner Join 0 to 1"}]
                                              |                             |  keys:{"0":"_col16 (type: int)","1":"_col0 (type: int)"}
                                              |                             |  outputColumnNames:["_col1","_col5","_col9","_col10","_col11","_col17","_col23","_col25","_col27","_col28","_col35","_col37"]
@@ -815,7 +815,7 @@ Stage-0
                                              |                             |     Select Operator [SEL_185]
                                              |                             |        outputColumnNames:["_col0","_col1"]
                                              |                             |        Statistics:Num rows: 7200 Data size: 770400 Basic stats: COMPLETE Column stats: NONE
-                                             |                             |        Filter Operator [FIL_673]
+                                             |                             |        Filter Operator [FIL_674]
                                              |                             |           predicate:(hd_demo_sk is not null and hd_income_band_sk is not null) (type: boolean)
                                              |                             |           Statistics:Num rows: 7200 Data size: 770400 Basic stats: COMPLETE Column stats: NONE
                                              |                             |           TableScan [TS_183]
@@ -828,7 +828,7 @@ Stage-0
                                              |                                   sort order:+
                                              |                                   Statistics:Num rows: 188635845 Data size: 162230642874 Basic stats: COMPLETE Column stats: NONE
                                              |                                   value expressions:_col1 (type: int), _col5 (type: int), _col9 (type: decimal(7,2)), _col10 (type: decimal(7,2)), _col11 (type: decimal(7,2)), _col17 (type: int), _col23 (type: int), _col25 (type: int), _col27 (type: string), _col28 (type: string), _col35 (type: int)
-                                             |                                   Merge Join Operator [MERGEJOIN_707]
+                                             |                                   Merge Join Operator [MERGEJOIN_708]
                                              |                                   |  condition map:[{"":"Inner Join 0 to 1"}]
                                              |                                   |  keys:{"0":"_col4 (type: int)","1":"_col0 (type: int)"}
                                              |                                   |  outputColumnNames:["_col1","_col5","_col9","_col10","_col11","_col16","_col17","_col23","_col25","_col27","_col28","_col35"]
@@ -843,7 +843,7 @@ Stage-0
                                              |                                   |     Select Operator [SEL_182]
                                              |                                   |        outputColumnNames:["_col0","_col1"]
                                              |                                   |        Statistics:Num rows: 7200 Data size: 770400 Basic stats: COMPLETE Column stats: NONE
-                                             |                                   |        Filter Operator [FIL_672]
+                                             |                                   |        Filter Operator [FIL_673]
                                              |                                   |           predicate:(hd_demo_sk is not null and hd_income_band_sk is not null) (type: boolean)
                                              |                                   |           Statistics:Num rows: 7200 Data size: 770400 Basic stats: COMPLETE Column stats: NONE
                                              |                                   |           TableScan [TS_180]
@@ -856,7 +856,7 @@ Stage-0
                                              |                                         sort order:+
                                              |                                         Statistics:Num rows: 171487129 Data size: 147482399417 Basic stats: COMPLETE Column stats: NONE
                                              |                                         value expressions:_col1 (type: int), _col5 (type: int), _col9 (type: decimal(7,2)), _col10 (type: decimal(7,2)), _col11 (type: decimal(7,2)), _col16 (type: int), _col17 (type: int), _col23 (type: int), _col25 (type: int), _col27 (type: string), _col28 (type: string)
-                                             |                                         Merge Join Operator [MERGEJOIN_706]
+                                             |                                         Merge Join Operator [MERGEJOIN_707]
                                              |                                         |  condition map:[{"":"Inner Join 0 to 1"}]
                                              |                                         |  keys:{"0":"_col7 (type: int)","1":"_col0 (type: int)"}
                                              |                                         |  outputColumnNames:["_col1","_col4","_col5","_col9","_col10","_col11","_col16","_col17","_col23","_col25","_col27","_col28"]
@@ -870,7 +870,7 @@ Stage-0
                                              |                                         |     Select Operator [SEL_179]
                                              |                                         |        outputColumnNames:["_col0"]
                                              |                                         |        Statistics:Num rows: 2300 Data size: 2713420 Basic stats: COMPLETE Column stats: NONE
-                                             |                                         |        Filter Operator [FIL_671]
+                                             |                                         |        Filter Operator [FIL_672]
                                              |                                         |           predicate:p_promo_sk is not null (type: boolean)
                                              |                                         |           Statistics:Num rows: 2300 Data size: 2713420 Basic stats: COMPLETE Column stats: NONE
                                              |                                         |           TableScan [TS_177]
@@ -889,7 +889,7 @@ Stage-0
                                              |                                                  Filter Operator [FIL_175]
                                              |                                                     predicate:(_col30 <> _col32) (type: boolean)
                                              |                                                     Statistics:Num rows: 155897387 Data size: 134074905655 Basic stats: COMPLETE Column stats: NONE
-                                             |                                                     Merge Join Operator [MERGEJOIN_705]
+                                             |                                                     Merge Join Operator [MERGEJOIN_706]
                                              |                                                     |  condition map:[{"":"Inner Join 0 to 1"}]
                                              |                                                     |  keys:{"0":"_col15 (type: int)","1":"_col0 (type: int)"}
                                              |                                                     |  outputColumnNames:["_col1","_col4","_col5","_col7","_col9","_col10","_col11","_col16","_col17","_col23","_col25","_col27","_col28","_col30","_col32"]
@@ -904,7 +904,7 @@ Stage-0
                                              |                                                     |     Select Operator [SEL_150]
                                              |                                                     |        outputColumnNames:["_col0","_col1"]
                                              |                                                     |        Statistics:Num rows: 19800 Data size: 7171059 Basic stats: COMPLETE Column stats: NONE
-                                             |                                                     |        Filter Operator [FIL_670]
+                                             |                                                     |        Filter Operator [FIL_671]
                                              |                                                     |           predicate:cd_demo_sk is not null (type: boolean)
                                              |                                                     |           Statistics:Num rows: 19800 Data size: 7171059 Basic stats: COMPLETE Column stats: NONE
                                              |                                                     |           TableScan [TS_148]
@@ -917,7 +917,7 @@ Stage-0
                                              |                                                           sort order:+
                                              |                                                           Statistics:Num rows: 141724895 Data size: 121886275227 Basic stats: COMPLETE Column stats: NONE
                                              |                                                           value expressions:_col1 (type: int), _col4 (type: int), _col5 (type: int), _col7 (type: int), _col9 (type: decimal(7,2)), _col10 (type: decimal(7,2)), _col11 (type: decimal(7,2)), _col16 (type: int), _col17 (type: int), _col23 (type: int), _col25 (type: int), _col27 (type: string), _col28 (type: string), _col30 (type: string)
-                                             |                                                           Merge Join Operator [MERGEJOIN_704]
+                                             |                                                           Merge Join Operator [MERGEJOIN_705]
                                              |                                                           |  condition map:[{"":"Inner Join 0 to 1"}]
                                              |                                                           |  keys:{"0":"_col3 (type: int)","1":"_col0 (type: int)"}
                                              |                                                           |  outputColumnNames:["_col1","_col4","_col5","_col7","_col9","_col10","_col11","_col15","_col16","_col17","_col23","_col25","_col27","_col28","_col30"]
@@ -932,7 +932,7 @@ Stage-0
                                              |                                                           |     Select Operator [SEL_147]
                                              |                                                           |        outputColumnNames:["_col0","_col1"]
                                              |                                                           |        Statistics:Num rows: 19800 Data size: 7171059 Basic stats: COMPLETE Column stats: NONE
-                                             |                                                           |        Filter Operator [FIL_669]
+                                             |                                                           |        Filter Operator [FIL_670]
                                              |                                                           |           predicate:cd_demo_sk is not null (type: boolean)
                                              |                                                           |           Statistics:Num rows: 19800 Data size: 7171059 Basic stats: COMPLETE Column stats: NONE
                                              |                                                           |           TableScan [TS_145]
@@ -945,7 +945,7 @@ Stage-0
                                              |                                                                 sort order:+
                                              |                                                                 Statistics:Num rows: 128840811 Data size: 110805702351 Basic stats: COMPLETE Column stats: NONE
                                              |                                                                 value expressions:_col1 (type: int), _col4 (type: int), _col5 (type: int), _col7 (type: int), _col9 (type: decimal(7,2)), _col10 (type: decimal(7,2)), _col11 (type: decimal(7,2)), _col15 (type: int), _col16 (type: int), _col17 (type: int), _col23 (type: int), _col25 (type: int), _col27 (type: string), _col28 (type: string)
-                                             |                                                                 Merge Join Operator [MERGEJOIN_703]
+                                             |                                                                 Merge Join Operator [MERGEJOIN_704]
                                              |                                                                 |  condition map:[{"":"Inner Join 0 to 1"}]
                                              |                                                                 |  keys:{"0":"_col6 (type: int)","1":"_col0 (type: int)"}
                                              |                                                                 |  outputColumnNames:["_col1","_col3","_col4","_col5","_col7","_col9","_col10","_col11","_col15","_col16","_col17","_col23","_col25","_col27","_col28"]
@@ -960,8 +960,8 @@ Stage-0
                                              |                                                                 |     Select Operator [SEL_144]
                                              |                                                                 |        outputColumnNames:["_col0","_col1","_col2"]
                                              |                                                                 |        Statistics:Num rows: 1704 Data size: 3256276 Basic stats: COMPLETE Column stats: NONE
-                                             |                                                                 |        Filter Operator [FIL_668]
-                                             |                                                                 |           predicate:((s_store_sk is not null and s_zip is not null) and s_store_name is not null) (type: boolean)
+                                             |                                                                 |        Filter Operator [FIL_669]
+                                             |                                                                 |           predicate:((s_store_sk is not null and s_store_name is not null) and s_zip is not null) (type: boolean)
                                              |                                                                 |           Statistics:Num rows: 1704 Data size: 3256276 Basic stats: COMPLETE Column stats: NONE
                                              |                                                                 |           TableScan [TS_142]
                                              |                                                                 |              alias:store
@@ -973,7 +973,7 @@ Stage-0
                                              |                                                                       sort order:+
                                              |                                                                       Statistics:Num rows: 117128008 Data size: 100732454500 Basic stats: COMPLETE Column stats: NONE
                                              |                                                                       value expressions:_col1 (type: int), _col3 (type: int), _col4 (type: int), _col5 (type: int), _col7 (type: int), _col9 (type: decimal(7,2)), _col10 (type: decimal(7,2)), _col11 (type: decimal(7,2)), _col15 (type: int), _col16 (type: int), _col17 (type: int), _col23 (type: int), _col25 (type: int)
-                                             |                                                                       Merge Join Operator [MERGEJOIN_702]
+                                             |                                                                       Merge Join Operator [MERGEJOIN_703]
                                              |                                                                       |  condition map:[{"":"Inner Join 0 to 1"}]
                                              |                                                                       |  keys:{"0":"_col18 (type: int)","1":"_col0 (type: int)"}
                                              |                                                                       |  outputColumnNames:["_col1","_col3","_col4","_col5","_col6","_col7","_col9","_col10","_col11","_col15","_col16","_col17","_col23","_col25"]
@@ -988,7 +988,7 @@ Stage-0
                                              |                                                                       |     Select Operator [SEL_141]
                                              |                                                                       |        outputColumnNames:["_col0","_col1"]
                                              |                                                                       |        Statistics:Num rows: 73049 Data size: 81741831 Basic stats: COMPLETE Column stats: NONE
-                                             |                                                                       |        Filter Operator [FIL_667]
+                                             |                                                                       |        Filter Operator [FIL_668]
                                              |                                                                       |           predicate:d_date_sk is not null (type: boolean)
                                              |                                                                       |           Statistics:Num rows: 73049 Data size: 81741831 Basic stats: COMPLETE Column stats: NONE
                                              |                                                                       |           TableScan [TS_139]
@@ -1001,7 +1001,7 @@ Stage-0
                                              |                                                                             sort order:+
                                              |                                                                             Statistics:Num rows: 106480005 Data size: 91574956652 Basic stats: COMPLETE Column stats: NONE
                                              |                                                                             value expressions:_col1 (type: int), _col3 (type: int), _col4 (type: int), _col5 (type: int), _col6 (type: int), _col7 (type: int), _col9 (type: decimal(7,2)), _col10 (type: decimal(7,2)), _col11 (type: decimal(7,2)), _col15 (type: int), _col16 (type: int), _col17 (type: int), _col23 (type: int)
-                                             |                                                                             Merge Join Operator [MERGEJOIN_701]
+                                             |                                                                             Merge Join Operator [MERGEJOIN_702]
                                              |                                                                             |  condition map:[{"":"Inner Join 0 to 1"}]
                                              |                                                                             |  keys:{"0":"_col19 (type: int)","1":"_col0 (type: int)"}
                                              |                                                                             |  outputColumnNames:["_col1","_col3","_col4","_col5","_col6","_col7","_col9","_col10","_col11","_col15","_col16","_col17","_col18","_col23"]
@@ -1016,7 +1016,7 @@ Stage-0
                                              |                                                                             |     Select Operator [SEL_138]
                                              |                                                                             |        outputColumnNames:["_col0","_col1"]
                                              |                                                                             |        Statistics:Num rows: 73049 Data size: 81741831 Basic stats: COMPLETE Column stats: NONE
-                                             |                                                                             |        Filter Operator [FIL_666]
+                                             |                                                                             |        Filter Operator [FIL_667]
                                              |                                                                             |           predicate:d_date_sk is not null (type: boolean)
                                              |                                                                             |           Statistics:Num rows: 73049 Data size: 81741831 Basic stats: COMPLETE Column stats: NONE
                                              |                                                                             |           TableScan [TS_136]
@@ -1029,7 +1029,7 @@ Stage-0
                                              |                                                                                   sort order:+
                                              |                                                                                   Statistics:Num rows: 96800003 Data size: 83249958789 Basic stats: COMPLETE Column stats: NONE
                                              |                                                                                   value expressions:_col1 (type: int), _col3 (type: int), _col4 (type: int), _col5 (type: int), _col6 (type: int), _col7 (type: int), _col9 (type: decimal(7,2)), _col10 (type: decimal(7,2)), _col11 (type: decimal(7,2)), _col15 (type: int), _col16 (type: int), _col17 (type: int), _col18 (type: int)
-                                             |                                                                                   Merge Join Operator [MERGEJOIN_700]
+                                             |                                                                                   Merge Join Operator [MERGEJOIN_701]
                                              |                                                                                   |  condition map:[{"":"Inner Join 0 to 1"}]
                                              |                                                                                   |  keys:{"0":"_col0 (type: int)","1":"_col0 (type: int)"}
                                              |                                                                                   |  outputColumnNames:["_col1","_col3","_col4","_col5","_col6","_col7","_col9","_col10","_col11","_col15","_col16","_col17","_col18","_col19"]
@@ -1043,8 +1043,8 @@ Stage-0
                                              |                                                                                   |     Select Operator [SEL_135]
                                              |                                                                                   |        outputColumnNames:["_col0"]
                                              |                                                                                   |        Statistics:Num rows: 36524 Data size: 40870356 Basic stats: COMPLETE Column stats: NONE
-                                             |                                                                                   |        Filter Operator [FIL_665]
-                                             |                                                                                   |           predicate:((d_year = 2001) and d_date_sk is not null) (type: boolean)
+                                             |                                                                                   |        Filter Operator [FIL_666]
+                                             |                                                                                   |           predicate:(d_date_sk is not null and (d_year = 2001)) (type: boolean)
                                              |                                                                                   |           Statistics:Num rows: 36524 Data size: 40870356 Basic stats: COMPLETE Column stats: NONE
                                              |                                                                                   |           TableScan [TS_133]
                                              |                                                                                   |              alias:d1
@@ -1056,7 +1056,7 @@ Stage-0
                                              |                                                                                         sort order:+
                                              |                                                                                         Statistics:Num rows: 88000001 Data size: 75681779077 Basic stats: COMPLETE Column stats: NONE
                                              |                                                                                         value expressions:_col1 (type: int), _col3 (type: int), _col4 (type: int), _col5 (type: int), _col6 (type: int), _col7 (type: int), _col9 (type: decimal(7,2)), _col10 (type: decimal(7,2)), _col11 (type: decimal(7,2)), _col15 (type: int), _col16 (type: int), _col17 (type: int), _col18 (type: int), _col19 (type: int)
-                                             |                                                                                         Merge Join Operator [MERGEJOIN_699]
+                                             |                                                                                         Merge Join Operator [MERGEJOIN_700]
                                              |                                                                                         |  condition map:[{"":"Inner Join 0 to 1"}]
                                              |                                                                                         |  keys:{"0":"_col2 (type: int)","1":"_col0 (type: int)"}
                                              |                                                                                         |  outputColumnNames:["_col0","_col1","_col3","_col4","_col5","_col6","_col7","_col9","_col10","_col11","_col15","_col16","_col17","_col18","_col19"]
@@ -1071,7 +1071,7 @@ Stage-0
                                              |                                                                                         |     Select Operator [SEL_132]
                                              |                                                                                         |        outputColumnNames:["_col0","_col1","_col2","_col3","_col4","_col5"]
                                              |                                                                                         |        Statistics:Num rows: 80000000 Data size: 68801615852 Basic stats: COMPLETE Column stats: NONE
-                                             |                                                                                         |        Filter Operator [FIL_664]
+                                             |                                                                                         |        Filter Operator [FIL_665]
                                              |                                                                                         |           predicate:(((((c_customer_sk is not null and c_first_sales_date_sk is not null) and c_first_shipto_date_sk is not null) and c_current_cdemo_sk is not null) and c_current_hdemo_sk is not null) and c_current_addr_sk is not null) (type: boolean)
                                              |                                                                                         |           Statistics:Num rows: 80000000 Data size: 68801615852 Basic stats: COMPLETE Column stats: NONE
                                              |                                                                                         |           TableScan [TS_130]
@@ -1084,7 +1084,7 @@ Stage-0
                                              |                                                                                               sort order:+
                                              |                                                                                               Statistics:Num rows: 1 Data size: 0 Basic stats: PARTIAL Column stats: NONE
                                              |                                                                                               value expressions:_col0 (type: int), _col1 (type: int), _col3 (type: int), _col4 (type: int), _col5 (type: int), _col6 (type: int), _col7 (type: int), _col9 (type: decimal(7,2)), _col10 (type: decimal(7,2)), _col11 (type: decimal(7,2))
-                                             |                                                                                               Merge Join Operator [MERGEJOIN_698]
+                                             |                                                                                               Merge Join Operator [MERGEJOIN_699]
                                              |                                                                                               |  condition map:[{"":"Inner Join 0 to 1"}]
                                              |                                                                                               |  keys:{"0":"_col1 (type: int), _col8 (type: int)","1":"_col0 (type: int), _col1 (type: int)"}
                                              |                                                                                               |  outputColumnNames:["_col0","_col1","_col2","_col3","_col4","_col5","_col6","_col7","_col9","_col10","_col11"]
@@ -1099,8 +1099,8 @@ Stage-0
                                              |                                                                                               |     Select Operator [SEL_126]
                                              |                                                                                               |        outputColumnNames:["_col0","_col1","_col2","_col3","_col4","_col5","_col6","_col7","_col8","_col9","_col10","_col11"]
                                              |                                                                                               |        Statistics:Num rows: 1 Data size: 0 Basic stats: PARTIAL Column stats: NONE
-                                             |                                                                                               |        Filter Operator [FIL_662]
-                                             |                                                                                               |           predicate:((((((((ss_ticket_number is not null and ss_item_sk is not null) and ss_customer_sk is not null) and ss_sold_date_sk is not null) and ss_store_sk is not null) and ss_cdemo_sk is not null) and ss_promo_sk is not null) and ss_hdemo_sk is not null) and ss_addr_sk is not null) (type: boolean)
+                                             |                                                                                               |        Filter Operator [FIL_663]
+                                             |                                                                                               |           predicate:((((((((ss_item_sk is not null and ss_ticket_number is not null) and ss_customer_sk is not null) and ss_sold_date_sk is not null) and ss_store_sk is not null) and ss_cdemo_sk is not null) and ss_promo_sk is not null) and ss_hdemo_sk is not null) and ss_addr_sk is not null) (type: boolean)
                                              |                                                                                               |           Statistics:Num rows: 1 Data size: 0 Basic stats: PARTIAL Column stats: NONE
                                              |                                                                                               |           TableScan [TS_124]
                                              |                                                                                               |              alias:store_sales
@@ -1114,8 +1114,8 @@ Stage-0
                                              |                                                                                                     Select Operator [SEL_129]
                                              |                                                                                                        outputColumnNames:["_col0","_col1"]
                                              |                                                                                                        Statistics:Num rows: 1 Data size: 0 Basic stats: PARTIAL Column stats: NONE
-                                             |                                                                                                        Filter Operator [FIL_663]
-                                             |                                                                                                           predicate:(sr_ticket_number is not null and sr_item_sk is not null) (type: boolean)
+                                             |                                                                                                        Filter Operator [FIL_664]
+                                             |                                                                                                           predicate:(sr_item_sk is not null and sr_ticket_number is not null) (type: boolean)
                                              |                                                                                                           Statistics:Num rows: 1 Data size: 0 Basic stats: PARTIAL Column stats: NONE
                                              |                                                                                                           TableScan [TS_127]
                                              |                                                                                                              alias:store_returns
@@ -1152,7 +1152,7 @@ Stage-0
                                                                   Select Operator [SEL_210]
                                                                      outputColumnNames:["_col0","_col1","_col2"]
                                                                      Statistics:Num rows: 1 Data size: 0 Basic stats: PARTIAL Column stats: NONE
-                                                                     Merge Join Operator [MERGEJOIN_713]
+                                                                     Merge Join Operator [MERGEJOIN_714]
                                                                      |  condition map:[{"":"Inner Join 0 to 1"}]
                                                                      |  keys:{"0":"_col0 (type: int), _col1 (type: int)","1":"_col0 (type: int), _col1 (type: int)"}
                                                                      |  outputColumnNames:["_col0","_col2","_col5","_col6","_col7"]
@@ -1167,8 +1167,8 @@ Stage-0
                                                                      |     Select Operator [SEL_203]
                                                                      |        outputColumnNames:["_col0","_col1","_col2"]
                                                                      |        Statistics:Num rows: 1 Data size: 0 Basic stats: PARTIAL Column stats: NONE
-                                                                     |        Filter Operator [FIL_679]
-                                                                     |           predicate:(cs_item_sk is not null and cs_order_number is not null) (type: boolean)
+                                                                     |        Filter Operator [FIL_680]
+                                                                     |           predicate:(cs_order_number is not null and cs_item_sk is not null) (type: boolean)
                                                                      |           Statistics:Num rows: 1 Data size: 0 Basic stats: PARTIAL Column stats: NONE
                                                                      |           TableScan [TS_201]
                                                                      |              alias:catalog_sales
@@ -1183,8 +1183,8 @@ Stage-0
                                                                            Select Operator [SEL_206]
                                                                               outputColumnNames:["_col0","_col1","_col2","_col3","_col4"]
                                                                               Statistics:Num rows: 1 Data size: 0 Basic stats: PARTIAL Column stats: NONE
-                                                                              Filter Operator [FIL_680]
-                                                                                 predicate:(cr_item_sk is not null and cr_order_number is not null) (type: boolean)
+                                                                              Filter Operator [FIL_681]
+                                                                                 predicate:(cr_order_number is not null and cr_item_sk is not null) (type: boolean)
                                                                                  Statistics:Num rows: 1 Data size: 0 Basic stats: PARTIAL Column stats: NONE
                                                                                  TableScan [TS_204]
                                                                                     alias:catalog_returns
diff --git a/ql/src/test/results/clientpositive/perf/query65.q.out b/ql/src/test/results/clientpositive/perf/query65.q.out
index 12bdd33c3a..c016fed4d0 100644
--- a/ql/src/test/results/clientpositive/perf/query65.q.out
+++ b/ql/src/test/results/clientpositive/perf/query65.q.out
@@ -164,7 +164,7 @@ Stage-0
                            |                 |        outputColumnNames:["_col0","_col1","_col2","_col3"]
                            |                 |        Statistics:Num rows: 1 Data size: 0 Basic stats: PARTIAL Column stats: NONE
                            |                 |        Filter Operator [FIL_70]
-                           |                 |           predicate:((ss_sold_date_sk is not null and ss_item_sk is not null) and ss_store_sk is not null) (type: boolean)
+                           |                 |           predicate:((ss_sold_date_sk is not null and ss_store_sk is not null) and ss_item_sk is not null) (type: boolean)
                            |                 |           Statistics:Num rows: 1 Data size: 0 Basic stats: PARTIAL Column stats: NONE
                            |                 |           TableScan [TS_25]
                            |                 |              alias:store_sales
diff --git a/ql/src/test/results/clientpositive/perf/query66.q.out b/ql/src/test/results/clientpositive/perf/query66.q.out
index a25664e73a..9913a1dd11 100644
--- a/ql/src/test/results/clientpositive/perf/query66.q.out
+++ b/ql/src/test/results/clientpositive/perf/query66.q.out
@@ -472,328 +472,325 @@ Stage-0
                      key expressions:_col0 (type: string)
                      sort order:+
                      Statistics:Num rows: 26136 Data size: 12310056 Basic stats: COMPLETE Column stats: NONE
-                     value expressions:_col1 (type: int), _col2 (type: string), _col3 (type: string), _col4 (type: string), _col5 (type: string), _col6 (type: string), _col8 (type: decimal(38,2)), _col9 (type: decimal(38,2)), _col10 (type: decimal(38,2)), _col11 (type: decimal(38,2)), _col12 (type: decimal(38,2)), _col13 (type: decimal(38,2)), _col14 (type: decimal(38,2)), _col15 (type: decimal(38,2)), _col16 (type: decimal(38,2)), _col17 (type: decimal(38,2)), _col18 (type: decimal(38,2)), _col19 (type: decimal(38,2)), _col20 (type: decimal(38,12)), _col21 (type: decimal(38,12)), _col22 (type: decimal(38,12)), _col23 (type: decimal(38,12)), _col24 (type: decimal(38,12)), _col25 (type: decimal(38,12)), _col26 (type: decimal(38,12)), _col27 (type: decimal(38,12)), _col28 (type: decimal(38,12)), _col29 (type: decimal(38,12)), _col30 (type: decimal(38,12)), _col31 (type: decimal(38,12)), _col32 (type: decimal(38,2)), _col33 (type: decimal(38,2)), _col34 (type: decimal(38,2)), _col35 (type: decimal(38,2)), _col36 (type: decimal(38,2)), _col37 (type: decimal(38,2)), _col38 (type: decimal(38,2)), _col39 (type: decimal(38,2)), _col40 (type: decimal(38,2)), _col41 (type: decimal(38,2)), _col42 (type: decimal(38,2)), _col43 (type: decimal(38,2))
-                     Select Operator [SEL_72]
-                        outputColumnNames:["_col0","_col1","_col10","_col11","_col12","_col13","_col14","_col15","_col16","_col17","_col18","_col19","_col2","_col20","_col21","_col22","_col23","_col24","_col25","_col26","_col27","_col28","_col29","_col3","_col30","_col31","_col32","_col33","_col34","_col35","_col36","_col37","_col38","_col39","_col4","_col40","_col41","_col42","_col43","_col5","_col6","_col8","_col9"]
-                        Statistics:Num rows: 26136 Data size: 12310056 Basic stats: COMPLETE Column stats: NONE
-                        Group By Operator [GBY_71]
-                        |  aggregations:["sum(VALUE._col0)","sum(VALUE._col1)","sum(VALUE._col2)","sum(VALUE._col3)","sum(VALUE._col4)","sum(VALUE._col5)","sum(VALUE._col6)","sum(VALUE._col7)","sum(VALUE._col8)","sum(VALUE._col9)","sum(VALUE._col10)","sum(VALUE._col11)","sum(VALUE._col12)","sum(VALUE._col13)","sum(VALUE._col14)","sum(VALUE._col15)","sum(VALUE._col16)","sum(VALUE._col17)","sum(VALUE._col18)","sum(VALUE._col19)","sum(VALUE._col20)","sum(VALUE._col21)","sum(VALUE._col22)","sum(VALUE._col23)","sum(VALUE._col24)","sum(VALUE._col25)","sum(VALUE._col26)","sum(VALUE._col27)","sum(VALUE._col28)","sum(VALUE._col29)","sum(VALUE._col30)","sum(VALUE._col31)","sum(VALUE._col32)","sum(VALUE._col33)","sum(VALUE._col34)","sum(VALUE._col35)"]
-                        |  keys:KEY._col0 (type: string), KEY._col1 (type: int), KEY._col2 (type: string), KEY._col3 (type: string), KEY._col4 (type: string), KEY._col5 (type: string), KEY._col6 (type: string), 2002 (type: int)
-                        |  outputColumnNames:["_col0","_col1","_col2","_col3","_col4","_col5","_col6","_col7","_col8","_col9","_col10","_col11","_col12","_col13","_col14","_col15","_col16","_col17","_col18","_col19","_col20","_col21","_col22","_col23","_col24","_col25","_col26","_col27","_col28","_col29","_col30","_col31","_col32","_col33","_col34","_col35","_col36","_col37","_col38","_col39","_col40","_col41","_col42","_col43"]
-                        |  Statistics:Num rows: 26136 Data size: 12310056 Basic stats: COMPLETE Column stats: NONE
-                        |<-Union 7 [SIMPLE_EDGE]
-                           |<-Reducer 19 [CONTAINS]
-                           |  Reduce Output Operator [RS_70]
-                           |     key expressions:_col0 (type: string), _col1 (type: int), _col2 (type: string), _col3 (type: string), _col4 (type: string), _col5 (type: string), _col6 (type: string), 2002 (type: int)
-                           |     Map-reduce partition columns:_col0 (type: string), _col1 (type: int), _col2 (type: string), _col3 (type: string), _col4 (type: string), _col5 (type: string), _col6 (type: string), 2002 (type: int)
-                           |     sort order:++++++++
-                           |     Statistics:Num rows: 52272 Data size: 24620112 Basic stats: COMPLETE Column stats: NONE
-                           |     value expressions:_col8 (type: decimal(38,2)), _col9 (type: decimal(38,2)), _col10 (type: decimal(38,2)), _col11 (type: decimal(38,2)), _col12 (type: decimal(38,2)), _col13 (type: decimal(38,2)), _col14 (type: decimal(38,2)), _col15 (type: decimal(38,2)), _col16 (type: decimal(38,2)), _col17 (type: decimal(38,2)), _col18 (type: decimal(38,2)), _col19 (type: decimal(38,2)), _col20 (type: decimal(38,12)), _col21 (type: decimal(38,12)), _col22 (type: decimal(38,12)), _col23 (type: decimal(38,12)), _col24 (type: decimal(38,12)), _col25 (type: decimal(38,12)), _col26 (type: decimal(38,12)), _col27 (type: decimal(38,12)), _col28 (type: decimal(38,12)), _col29 (type: decimal(38,12)), _col30 (type: decimal(38,12)), _col31 (type: decimal(38,12)), _col32 (type: decimal(38,2)), _col33 (type: decimal(38,2)), _col34 (type: decimal(38,2)), _col35 (type: decimal(38,2)), _col36 (type: decimal(38,2)), _col37 (type: decimal(38,2)), _col38 (type: decimal(38,2)), _col39 (type: decimal(38,2)), _col40 (type: decimal(38,2)), _col41 (type: decimal(38,2)), _col42 (type: decimal(38,2)), _col43 (type: decimal(38,2))
-                           |     Group By Operator [GBY_69]
-                           |        aggregations:["sum(_col8)","sum(_col9)","sum(_col10)","sum(_col11)","sum(_col12)","sum(_col13)","sum(_col14)","sum(_col15)","sum(_col16)","sum(_col17)","sum(_col18)","sum(_col19)","sum(_col20)","sum(_col21)","sum(_col22)","sum(_col23)","sum(_col24)","sum(_col25)","sum(_col26)","sum(_col27)","sum(_col28)","sum(_col29)","sum(_col30)","sum(_col31)","sum(_col32)","sum(_col33)","sum(_col34)","sum(_col35)","sum(_col36)","sum(_col37)","sum(_col38)","sum(_col39)","sum(_col40)","sum(_col41)","sum(_col42)","sum(_col43)"]
-                           |        keys:_col0 (type: string), _col1 (type: int), _col2 (type: string), _col3 (type: string), _col4 (type: string), _col5 (type: string), 'DIAMOND,AIRBORNE' (type: string), 2002 (type: int)
-                           |        outputColumnNames:["_col0","_col1","_col2","_col3","_col4","_col5","_col6","_col7","_col8","_col9","_col10","_col11","_col12","_col13","_col14","_col15","_col16","_col17","_col18","_col19","_col20","_col21","_col22","_col23","_col24","_col25","_col26","_col27","_col28","_col29","_col30","_col31","_col32","_col33","_col34","_col35","_col36","_col37","_col38","_col39","_col40","_col41","_col42","_col43"]
-                           |        Statistics:Num rows: 52272 Data size: 24620112 Basic stats: COMPLETE Column stats: NONE
-                           |        Select Operator [SEL_67]
-                           |           outputColumnNames:["_col0","_col1","_col2","_col3","_col4","_col5","_col8","_col9","_col10","_col11","_col12","_col13","_col14","_col15","_col16","_col17","_col18","_col19","_col20","_col21","_col22","_col23","_col24","_col25","_col26","_col27","_col28","_col29","_col30","_col31","_col32","_col33","_col34","_col35","_col36","_col37","_col38","_col39","_col40","_col41","_col42","_col43"]
-                           |           Statistics:Num rows: 52272 Data size: 24620112 Basic stats: COMPLETE Column stats: NONE
-                           |           Select Operator [SEL_65]
-                           |              outputColumnNames:["_col0","_col1","_col2","_col3","_col4","_col5","_col7","_col8","_col9","_col10","_col11","_col12","_col13","_col14","_col15","_col16","_col17","_col18","_col19","_col20","_col21","_col22","_col23","_col24","_col25","_col26","_col27","_col28","_col29","_col30"]
-                           |              Statistics:Num rows: 26136 Data size: 12310056 Basic stats: COMPLETE Column stats: NONE
-                           |              Group By Operator [GBY_64]
-                           |              |  aggregations:["sum(VALUE._col0)","sum(VALUE._col1)","sum(VALUE._col2)","sum(VALUE._col3)","sum(VALUE._col4)","sum(VALUE._col5)","sum(VALUE._col6)","sum(VALUE._col7)","sum(VALUE._col8)","sum(VALUE._col9)","sum(VALUE._col10)","sum(VALUE._col11)","sum(VALUE._col12)","sum(VALUE._col13)","sum(VALUE._col14)","sum(VALUE._col15)","sum(VALUE._col16)","sum(VALUE._col17)","sum(VALUE._col18)","sum(VALUE._col19)","sum(VALUE._col20)","sum(VALUE._col21)","sum(VALUE._col22)","sum(VALUE._col23)"]
-                           |              |  keys:KEY._col0 (type: string), KEY._col1 (type: int), KEY._col2 (type: string), KEY._col3 (type: string), KEY._col4 (type: string), KEY._col5 (type: string), 2002 (type: int)
-                           |              |  outputColumnNames:["_col0","_col1","_col2","_col3","_col4","_col5","_col6","_col7","_col8","_col9","_col10","_col11","_col12","_col13","_col14","_col15","_col16","_col17","_col18","_col19","_col20","_col21","_col22","_col23","_col24","_col25","_col26","_col27","_col28","_col29","_col30"]
-                           |              |  Statistics:Num rows: 26136 Data size: 12310056 Basic stats: COMPLETE Column stats: NONE
-                           |              |<-Reducer 18 [SIMPLE_EDGE]
-                           |                 Reduce Output Operator [RS_63]
-                           |                    key expressions:_col0 (type: string), _col1 (type: int), _col2 (type: string), _col3 (type: string), _col4 (type: string), _col5 (type: string), 2002 (type: int)
-                           |                    Map-reduce partition columns:_col0 (type: string), _col1 (type: int), _col2 (type: string), _col3 (type: string), _col4 (type: string), _col5 (type: string), 2002 (type: int)
-                           |                    sort order:+++++++
-                           |                    Statistics:Num rows: 52272 Data size: 24620112 Basic stats: COMPLETE Column stats: NONE
-                           |                    value expressions:_col7 (type: decimal(28,2)), _col8 (type: decimal(28,2)), _col9 (type: decimal(28,2)), _col10 (type: decimal(28,2)), _col11 (type: decimal(28,2)), _col12 (type: decimal(28,2)), _col13 (type: decimal(28,2)), _col14 (type: decimal(28,2)), _col15 (type: decimal(28,2)), _col16 (type: decimal(28,2)), _col17 (type: decimal(28,2)), _col18 (type: decimal(28,2)), _col19 (type: decimal(28,2)), _col20 (type: decimal(28,2)), _col21 (type: decimal(28,2)), _col22 (type: decimal(28,2)), _col23 (type: decimal(28,2)), _col24 (type: decimal(28,2)), _col25 (type: decimal(28,2)), _col26 (type: decimal(28,2)), _col27 (type: decimal(28,2)), _col28 (type: decimal(28,2)), _col29 (type: decimal(28,2)), _col30 (type: decimal(28,2))
-                           |                    Group By Operator [GBY_62]
-                           |                       aggregations:["sum(_col7)","sum(_col8)","sum(_col9)","sum(_col10)","sum(_col11)","sum(_col12)","sum(_col13)","sum(_col14)","sum(_col15)","sum(_col16)","sum(_col17)","sum(_col18)","sum(_col19)","sum(_col20)","sum(_col21)","sum(_col22)","sum(_col23)","sum(_col24)","sum(_col25)","sum(_col26)","sum(_col27)","sum(_col28)","sum(_col29)","sum(_col30)"]
-                           |                       keys:_col0 (type: string), _col1 (type: int), _col2 (type: string), _col3 (type: string), _col4 (type: string), _col5 (type: string), 2002 (type: int)
-                           |                       outputColumnNames:["_col0","_col1","_col2","_col3","_col4","_col5","_col6","_col7","_col8","_col9","_col10","_col11","_col12","_col13","_col14","_col15","_col16","_col17","_col18","_col19","_col20","_col21","_col22","_col23","_col24","_col25","_col26","_col27","_col28","_col29","_col30"]
-                           |                       Statistics:Num rows: 52272 Data size: 24620112 Basic stats: COMPLETE Column stats: NONE
-                           |                       Select Operator [SEL_60]
-                           |                          outputColumnNames:["_col0","_col1","_col2","_col3","_col4","_col5","_col7","_col8","_col9","_col10","_col11","_col12","_col13","_col14","_col15","_col16","_col17","_col18","_col19","_col20","_col21","_col22","_col23","_col24","_col25","_col26","_col27","_col28","_col29","_col30"]
-                           |                          Statistics:Num rows: 52272 Data size: 24620112 Basic stats: COMPLETE Column stats: NONE
-                           |                          Merge Join Operator [MERGEJOIN_122]
-                           |                          |  condition map:[{"":"Inner Join 0 to 1"}]
-                           |                          |  keys:{"0":"_col2 (type: int)","1":"_col0 (type: int)"}
-                           |                          |  outputColumnNames:["_col4","_col5","_col6","_col8","_col9","_col10","_col11","_col12","_col13","_col16"]
-                           |                          |  Statistics:Num rows: 52272 Data size: 24620112 Basic stats: COMPLETE Column stats: NONE
-                           |                          |<-Map 23 [SIMPLE_EDGE]
-                           |                          |  Reduce Output Operator [RS_58]
-                           |                          |     key expressions:_col0 (type: int)
-                           |                          |     Map-reduce partition columns:_col0 (type: int)
-                           |                          |     sort order:+
-                           |                          |     Statistics:Num rows: 1 Data size: 0 Basic stats: PARTIAL Column stats: NONE
-                           |                          |     Select Operator [SEL_47]
-                           |                          |        outputColumnNames:["_col0"]
-                           |                          |        Statistics:Num rows: 1 Data size: 0 Basic stats: PARTIAL Column stats: NONE
-                           |                          |        Filter Operator [FIL_114]
-                           |                          |           predicate:((sm_carrier) IN ('DIAMOND', 'AIRBORNE') and sm_ship_mode_sk is not null) (type: boolean)
-                           |                          |           Statistics:Num rows: 1 Data size: 0 Basic stats: PARTIAL Column stats: NONE
-                           |                          |           TableScan [TS_45]
-                           |                          |              alias:ship_mode
-                           |                          |              Statistics:Num rows: 1 Data size: 0 Basic stats: PARTIAL Column stats: NONE
-                           |                          |<-Reducer 17 [SIMPLE_EDGE]
-                           |                             Reduce Output Operator [RS_57]
-                           |                                key expressions:_col2 (type: int)
-                           |                                Map-reduce partition columns:_col2 (type: int)
-                           |                                sort order:+
-                           |                                Statistics:Num rows: 47520 Data size: 22381920 Basic stats: COMPLETE Column stats: NONE
-                           |                                value expressions:_col4 (type: int), _col5 (type: decimal(7,2)), _col6 (type: decimal(7,2)), _col8 (type: string), _col9 (type: int), _col10 (type: string), _col11 (type: string), _col12 (type: string), _col13 (type: string), _col16 (type: int)
-                           |                                Merge Join Operator [MERGEJOIN_121]
-                           |                                |  condition map:[{"":"Inner Join 0 to 1"}]
-                           |                                |  keys:{"0":"_col1 (type: int)","1":"_col0 (type: int)"}
-                           |                                |  outputColumnNames:["_col2","_col4","_col5","_col6","_col8","_col9","_col10","_col11","_col12","_col13","_col16"]
-                           |                                |  Statistics:Num rows: 47520 Data size: 22381920 Basic stats: COMPLETE Column stats: NONE
-                           |                                |<-Map 22 [SIMPLE_EDGE]
-                           |                                |  Reduce Output Operator [RS_55]
-                           |                                |     key expressions:_col0 (type: int)
-                           |                                |     Map-reduce partition columns:_col0 (type: int)
-                           |                                |     sort order:+
-                           |                                |     Statistics:Num rows: 43200 Data size: 20347200 Basic stats: COMPLETE Column stats: NONE
-                           |                                |     Select Operator [SEL_44]
-                           |                                |        outputColumnNames:["_col0"]
-                           |                                |        Statistics:Num rows: 43200 Data size: 20347200 Basic stats: COMPLETE Column stats: NONE
-                           |                                |        Filter Operator [FIL_113]
-                           |                                |           predicate:(t_time BETWEEN 49530 AND 78330 and t_time_sk is not null) (type: boolean)
-                           |                                |           Statistics:Num rows: 43200 Data size: 20347200 Basic stats: COMPLETE Column stats: NONE
-                           |                                |           TableScan [TS_42]
-                           |                                |              alias:time_dim
-                           |                                |              Statistics:Num rows: 86400 Data size: 40694400 Basic stats: COMPLETE Column stats: NONE
-                           |                                |<-Reducer 16 [SIMPLE_EDGE]
-                           |                                   Reduce Output Operator [RS_54]
-                           |                                      key expressions:_col1 (type: int)
-                           |                                      Map-reduce partition columns:_col1 (type: int)
-                           |                                      sort order:+
-                           |                                      Statistics:Num rows: 40176 Data size: 44957392 Basic stats: COMPLETE Column stats: NONE
-                           |                                      value expressions:_col2 (type: int), _col4 (type: int), _col5 (type: decimal(7,2)), _col6 (type: decimal(7,2)), _col8 (type: string), _col9 (type: int), _col10 (type: string), _col11 (type: string), _col12 (type: string), _col13 (type: string), _col16 (type: int)
-                           |                                      Merge Join Operator [MERGEJOIN_120]
-                           |                                      |  condition map:[{"":"Inner Join 0 to 1"}]
-                           |                                      |  keys:{"0":"_col0 (type: int)","1":"_col0 (type: int)"}
-                           |                                      |  outputColumnNames:["_col1","_col2","_col4","_col5","_col6","_col8","_col9","_col10","_col11","_col12","_col13","_col16"]
-                           |                                      |  Statistics:Num rows: 40176 Data size: 44957392 Basic stats: COMPLETE Column stats: NONE
-                           |                                      |<-Map 21 [SIMPLE_EDGE]
-                           |                                      |  Reduce Output Operator [RS_52]
-                           |                                      |     key expressions:_col0 (type: int)
-                           |                                      |     Map-reduce partition columns:_col0 (type: int)
-                           |                                      |     sort order:+
-                           |                                      |     Statistics:Num rows: 36524 Data size: 40870356 Basic stats: COMPLETE Column stats: NONE
-                           |                                      |     value expressions:_col2 (type: int)
-                           |                                      |     Select Operator [SEL_41]
-                           |                                      |        outputColumnNames:["_col0","_col2"]
-                           |                                      |        Statistics:Num rows: 36524 Data size: 40870356 Basic stats: COMPLETE Column stats: NONE
-                           |                                      |        Filter Operator [FIL_112]
-                           |                                      |           predicate:((d_year = 2002) and d_date_sk is not null) (type: boolean)
-                           |                                      |           Statistics:Num rows: 36524 Data size: 40870356 Basic stats: COMPLETE Column stats: NONE
-                           |                                      |           TableScan [TS_39]
-                           |                                      |              alias:date_dim
-                           |                                      |              Statistics:Num rows: 73049 Data size: 81741831 Basic stats: COMPLETE Column stats: NONE
-                           |                                      |<-Reducer 15 [SIMPLE_EDGE]
-                           |                                         Reduce Output Operator [RS_51]
-                           |                                            key expressions:_col0 (type: int)
-                           |                                            Map-reduce partition columns:_col0 (type: int)
-                           |                                            sort order:+
-                           |                                            Statistics:Num rows: 29 Data size: 30582 Basic stats: COMPLETE Column stats: NONE
-                           |                                            value expressions:_col1 (type: int), _col2 (type: int), _col4 (type: int), _col5 (type: decimal(7,2)), _col6 (type: decimal(7,2)), _col8 (type: string), _col9 (type: int), _col10 (type: string), _col11 (type: string), _col12 (type: string), _col13 (type: string)
-                           |                                            Merge Join Operator [MERGEJOIN_119]
-                           |                                            |  condition map:[{"":"Inner Join 0 to 1"}]
-                           |                                            |  keys:{"0":"_col3 (type: int)","1":"_col0 (type: int)"}
-                           |                                            |  outputColumnNames:["_col0","_col1","_col2","_col4","_col5","_col6","_col8","_col9","_col10","_col11","_col12","_col13"]
-                           |                                            |  Statistics:Num rows: 29 Data size: 30582 Basic stats: COMPLETE Column stats: NONE
-                           |                                            |<-Map 14 [SIMPLE_EDGE]
-                           |                                            |  Reduce Output Operator [RS_48]
-                           |                                            |     key expressions:_col3 (type: int)
-                           |                                            |     Map-reduce partition columns:_col3 (type: int)
-                           |                                            |     sort order:+
-                           |                                            |     Statistics:Num rows: 1 Data size: 0 Basic stats: PARTIAL Column stats: NONE
-                           |                                            |     value expressions:_col0 (type: int), _col1 (type: int), _col2 (type: int), _col4 (type: int), _col5 (type: decimal(7,2)), _col6 (type: decimal(7,2))
-                           |                                            |     Select Operator [SEL_35]
-                           |                                            |        outputColumnNames:["_col0","_col1","_col2","_col3","_col4","_col5","_col6"]
-                           |                                            |        Statistics:Num rows: 1 Data size: 0 Basic stats: PARTIAL Column stats: NONE
-                           |                                            |        Filter Operator [FIL_110]
-                           |                                            |           predicate:(((cs_warehouse_sk is not null and cs_sold_date_sk is not null) and cs_sold_time_sk is not null) and cs_ship_mode_sk is not null) (type: boolean)
-                           |                                            |           Statistics:Num rows: 1 Data size: 0 Basic stats: PARTIAL Column stats: NONE
-                           |                                            |           TableScan [TS_33]
-                           |                                            |              alias:catalog_sales
-                           |                                            |              Statistics:Num rows: 1 Data size: 0 Basic stats: PARTIAL Column stats: NONE
-                           |                                            |<-Map 20 [SIMPLE_EDGE]
-                           |                                               Reduce Output Operator [RS_49]
-                           |                                                  key expressions:_col0 (type: int)
-                           |                                                  Map-reduce partition columns:_col0 (type: int)
-                           |                                                  sort order:+
-                           |                                                  Statistics:Num rows: 27 Data size: 27802 Basic stats: COMPLETE Column stats: NONE
-                           |                                                  value expressions:_col1 (type: string), _col2 (type: int), _col3 (type: string), _col4 (type: string), _col5 (type: string), _col6 (type: string)
-                           |                                                  Select Operator [SEL_38]
-                           |                                                     outputColumnNames:["_col0","_col1","_col2","_col3","_col4","_col5","_col6"]
-                           |                                                     Statistics:Num rows: 27 Data size: 27802 Basic stats: COMPLETE Column stats: NONE
-                           |                                                     Filter Operator [FIL_111]
-                           |                                                        predicate:w_warehouse_sk is not null (type: boolean)
-                           |                                                        Statistics:Num rows: 27 Data size: 27802 Basic stats: COMPLETE Column stats: NONE
-                           |                                                        TableScan [TS_36]
-                           |                                                           alias:warehouse
-                           |                                                           Statistics:Num rows: 27 Data size: 27802 Basic stats: COMPLETE Column stats: NONE
-                           |<-Reducer 6 [CONTAINS]
-                              Reduce Output Operator [RS_70]
-                                 key expressions:_col0 (type: string), _col1 (type: int), _col2 (type: string), _col3 (type: string), _col4 (type: string), _col5 (type: string), _col6 (type: string), 2002 (type: int)
-                                 Map-reduce partition columns:_col0 (type: string), _col1 (type: int), _col2 (type: string), _col3 (type: string), _col4 (type: string), _col5 (type: string), _col6 (type: string), 2002 (type: int)
-                                 sort order:++++++++
+                     value expressions:_col1 (type: int), _col2 (type: string), _col3 (type: string), _col4 (type: string), _col5 (type: string), _col6 (type: string), _col7 (type: int), _col8 (type: decimal(38,2)), _col9 (type: decimal(38,2)), _col10 (type: decimal(38,2)), _col11 (type: decimal(38,2)), _col12 (type: decimal(38,2)), _col13 (type: decimal(38,2)), _col14 (type: decimal(38,2)), _col15 (type: decimal(38,2)), _col16 (type: decimal(38,2)), _col17 (type: decimal(38,2)), _col18 (type: decimal(38,2)), _col19 (type: decimal(38,2)), _col20 (type: decimal(38,12)), _col21 (type: decimal(38,12)), _col22 (type: decimal(38,12)), _col23 (type: decimal(38,12)), _col24 (type: decimal(38,12)), _col25 (type: decimal(38,12)), _col26 (type: decimal(38,12)), _col27 (type: decimal(38,12)), _col28 (type: decimal(38,12)), _col29 (type: decimal(38,12)), _col30 (type: decimal(38,12)), _col31 (type: decimal(38,12)), _col32 (type: decimal(38,2)), _col33 (type: decimal(38,2)), _col34 (type: decimal(38,2)), _col35 (type: decimal(38,2)), _col36 (type: decimal(38,2)), _col37 (type: decimal(38,2)), _col38 (type: decimal(38,2)), _col39 (type: decimal(38,2)), _col40 (type: decimal(38,2)), _col41 (type: decimal(38,2)), _col42 (type: decimal(38,2)), _col43 (type: decimal(38,2))
+                     Group By Operator [GBY_71]
+                     |  aggregations:["sum(VALUE._col0)","sum(VALUE._col1)","sum(VALUE._col2)","sum(VALUE._col3)","sum(VALUE._col4)","sum(VALUE._col5)","sum(VALUE._col6)","sum(VALUE._col7)","sum(VALUE._col8)","sum(VALUE._col9)","sum(VALUE._col10)","sum(VALUE._col11)","sum(VALUE._col12)","sum(VALUE._col13)","sum(VALUE._col14)","sum(VALUE._col15)","sum(VALUE._col16)","sum(VALUE._col17)","sum(VALUE._col18)","sum(VALUE._col19)","sum(VALUE._col20)","sum(VALUE._col21)","sum(VALUE._col22)","sum(VALUE._col23)","sum(VALUE._col24)","sum(VALUE._col25)","sum(VALUE._col26)","sum(VALUE._col27)","sum(VALUE._col28)","sum(VALUE._col29)","sum(VALUE._col30)","sum(VALUE._col31)","sum(VALUE._col32)","sum(VALUE._col33)","sum(VALUE._col34)","sum(VALUE._col35)"]
+                     |  keys:KEY._col0 (type: string), KEY._col1 (type: int), KEY._col2 (type: string), KEY._col3 (type: string), KEY._col4 (type: string), KEY._col5 (type: string), KEY._col6 (type: string), KEY._col7 (type: int)
+                     |  outputColumnNames:["_col0","_col1","_col2","_col3","_col4","_col5","_col6","_col7","_col8","_col9","_col10","_col11","_col12","_col13","_col14","_col15","_col16","_col17","_col18","_col19","_col20","_col21","_col22","_col23","_col24","_col25","_col26","_col27","_col28","_col29","_col30","_col31","_col32","_col33","_col34","_col35","_col36","_col37","_col38","_col39","_col40","_col41","_col42","_col43"]
+                     |  Statistics:Num rows: 26136 Data size: 12310056 Basic stats: COMPLETE Column stats: NONE
+                     |<-Union 7 [SIMPLE_EDGE]
+                        |<-Reducer 19 [CONTAINS]
+                        |  Reduce Output Operator [RS_70]
+                        |     key expressions:_col0 (type: string), _col1 (type: int), _col2 (type: string), _col3 (type: string), _col4 (type: string), _col5 (type: string), _col6 (type: string), _col7 (type: int)
+                        |     Map-reduce partition columns:_col0 (type: string), _col1 (type: int), _col2 (type: string), _col3 (type: string), _col4 (type: string), _col5 (type: string), _col6 (type: string), _col7 (type: int)
+                        |     sort order:++++++++
+                        |     Statistics:Num rows: 52272 Data size: 24620112 Basic stats: COMPLETE Column stats: NONE
+                        |     value expressions:_col8 (type: decimal(38,2)), _col9 (type: decimal(38,2)), _col10 (type: decimal(38,2)), _col11 (type: decimal(38,2)), _col12 (type: decimal(38,2)), _col13 (type: decimal(38,2)), _col14 (type: decimal(38,2)), _col15 (type: decimal(38,2)), _col16 (type: decimal(38,2)), _col17 (type: decimal(38,2)), _col18 (type: decimal(38,2)), _col19 (type: decimal(38,2)), _col20 (type: decimal(38,12)), _col21 (type: decimal(38,12)), _col22 (type: decimal(38,12)), _col23 (type: decimal(38,12)), _col24 (type: decimal(38,12)), _col25 (type: decimal(38,12)), _col26 (type: decimal(38,12)), _col27 (type: decimal(38,12)), _col28 (type: decimal(38,12)), _col29 (type: decimal(38,12)), _col30 (type: decimal(38,12)), _col31 (type: decimal(38,12)), _col32 (type: decimal(38,2)), _col33 (type: decimal(38,2)), _col34 (type: decimal(38,2)), _col35 (type: decimal(38,2)), _col36 (type: decimal(38,2)), _col37 (type: decimal(38,2)), _col38 (type: decimal(38,2)), _col39 (type: decimal(38,2)), _col40 (type: decimal(38,2)), _col41 (type: decimal(38,2)), _col42 (type: decimal(38,2)), _col43 (type: decimal(38,2))
+                        |     Group By Operator [GBY_69]
+                        |        aggregations:["sum(_col8)","sum(_col9)","sum(_col10)","sum(_col11)","sum(_col12)","sum(_col13)","sum(_col14)","sum(_col15)","sum(_col16)","sum(_col17)","sum(_col18)","sum(_col19)","sum(_col20)","sum(_col21)","sum(_col22)","sum(_col23)","sum(_col24)","sum(_col25)","sum(_col26)","sum(_col27)","sum(_col28)","sum(_col29)","sum(_col30)","sum(_col31)","sum(_col32)","sum(_col33)","sum(_col34)","sum(_col35)","sum(_col36)","sum(_col37)","sum(_col38)","sum(_col39)","sum(_col40)","sum(_col41)","sum(_col42)","sum(_col43)"]
+                        |        keys:_col0 (type: string), _col1 (type: int), _col2 (type: string), _col3 (type: string), _col4 (type: string), _col5 (type: string), _col6 (type: string), _col7 (type: int)
+                        |        outputColumnNames:["_col0","_col1","_col2","_col3","_col4","_col5","_col6","_col7","_col8","_col9","_col10","_col11","_col12","_col13","_col14","_col15","_col16","_col17","_col18","_col19","_col20","_col21","_col22","_col23","_col24","_col25","_col26","_col27","_col28","_col29","_col30","_col31","_col32","_col33","_col34","_col35","_col36","_col37","_col38","_col39","_col40","_col41","_col42","_col43"]
+                        |        Statistics:Num rows: 52272 Data size: 24620112 Basic stats: COMPLETE Column stats: NONE
+                        |        Select Operator [SEL_67]
+                        |           outputColumnNames:["_col0","_col1","_col2","_col3","_col4","_col5","_col6","_col7","_col8","_col9","_col10","_col11","_col12","_col13","_col14","_col15","_col16","_col17","_col18","_col19","_col20","_col21","_col22","_col23","_col24","_col25","_col26","_col27","_col28","_col29","_col30","_col31","_col32","_col33","_col34","_col35","_col36","_col37","_col38","_col39","_col40","_col41","_col42","_col43"]
+                        |           Statistics:Num rows: 52272 Data size: 24620112 Basic stats: COMPLETE Column stats: NONE
+                        |           Select Operator [SEL_65]
+                        |              outputColumnNames:["_col0","_col1","_col2","_col3","_col4","_col5","_col8","_col9","_col10","_col11","_col12","_col13","_col14","_col15","_col16","_col17","_col18","_col19","_col20","_col21","_col22","_col23","_col24","_col25","_col26","_col27","_col28","_col29","_col30","_col31"]
+                        |              Statistics:Num rows: 26136 Data size: 12310056 Basic stats: COMPLETE Column stats: NONE
+                        |              Group By Operator [GBY_64]
+                        |              |  aggregations:["sum(VALUE._col0)","sum(VALUE._col1)","sum(VALUE._col2)","sum(VALUE._col3)","sum(VALUE._col4)","sum(VALUE._col5)","sum(VALUE._col6)","sum(VALUE._col7)","sum(VALUE._col8)","sum(VALUE._col9)","sum(VALUE._col10)","sum(VALUE._col11)","sum(VALUE._col12)","sum(VALUE._col13)","sum(VALUE._col14)","sum(VALUE._col15)","sum(VALUE._col16)","sum(VALUE._col17)","sum(VALUE._col18)","sum(VALUE._col19)","sum(VALUE._col20)","sum(VALUE._col21)","sum(VALUE._col22)","sum(VALUE._col23)"]
+                        |              |  keys:KEY._col0 (type: string), KEY._col1 (type: int), KEY._col2 (type: string), KEY._col3 (type: string), KEY._col4 (type: string), KEY._col5 (type: string), 2002 (type: int)
+                        |              |  outputColumnNames:["_col0","_col1","_col2","_col3","_col4","_col5","_col6","_col7","_col8","_col9","_col10","_col11","_col12","_col13","_col14","_col15","_col16","_col17","_col18","_col19","_col20","_col21","_col22","_col23","_col24","_col25","_col26","_col27","_col28","_col29","_col30"]
+                        |              |  Statistics:Num rows: 26136 Data size: 12310056 Basic stats: COMPLETE Column stats: NONE
+                        |              |<-Reducer 18 [SIMPLE_EDGE]
+                        |                 Reduce Output Operator [RS_63]
+                        |                    key expressions:_col0 (type: string), _col1 (type: int), _col2 (type: string), _col3 (type: string), _col4 (type: string), _col5 (type: string), 2002 (type: int)
+                        |                    Map-reduce partition columns:_col0 (type: string), _col1 (type: int), _col2 (type: string), _col3 (type: string), _col4 (type: string), _col5 (type: string), 2002 (type: int)
+                        |                    sort order:+++++++
+                        |                    Statistics:Num rows: 52272 Data size: 24620112 Basic stats: COMPLETE Column stats: NONE
+                        |                    value expressions:_col7 (type: decimal(28,2)), _col8 (type: decimal(28,2)), _col9 (type: decimal(28,2)), _col10 (type: decimal(28,2)), _col11 (type: decimal(28,2)), _col12 (type: decimal(28,2)), _col13 (type: decimal(28,2)), _col14 (type: decimal(28,2)), _col15 (type: decimal(28,2)), _col16 (type: decimal(28,2)), _col17 (type: decimal(28,2)), _col18 (type: decimal(28,2)), _col19 (type: decimal(28,2)), _col20 (type: decimal(28,2)), _col21 (type: decimal(28,2)), _col22 (type: decimal(28,2)), _col23 (type: decimal(28,2)), _col24 (type: decimal(28,2)), _col25 (type: decimal(28,2)), _col26 (type: decimal(28,2)), _col27 (type: decimal(28,2)), _col28 (type: decimal(28,2)), _col29 (type: decimal(28,2)), _col30 (type: decimal(28,2))
+                        |                    Group By Operator [GBY_62]
+                        |                       aggregations:["sum(_col7)","sum(_col8)","sum(_col9)","sum(_col10)","sum(_col11)","sum(_col12)","sum(_col13)","sum(_col14)","sum(_col15)","sum(_col16)","sum(_col17)","sum(_col18)","sum(_col19)","sum(_col20)","sum(_col21)","sum(_col22)","sum(_col23)","sum(_col24)","sum(_col25)","sum(_col26)","sum(_col27)","sum(_col28)","sum(_col29)","sum(_col30)"]
+                        |                       keys:_col0 (type: string), _col1 (type: int), _col2 (type: string), _col3 (type: string), _col4 (type: string), _col5 (type: string), 2002 (type: int)
+                        |                       outputColumnNames:["_col0","_col1","_col2","_col3","_col4","_col5","_col6","_col7","_col8","_col9","_col10","_col11","_col12","_col13","_col14","_col15","_col16","_col17","_col18","_col19","_col20","_col21","_col22","_col23","_col24","_col25","_col26","_col27","_col28","_col29","_col30"]
+                        |                       Statistics:Num rows: 52272 Data size: 24620112 Basic stats: COMPLETE Column stats: NONE
+                        |                       Select Operator [SEL_60]
+                        |                          outputColumnNames:["_col0","_col1","_col2","_col3","_col4","_col5","_col7","_col8","_col9","_col10","_col11","_col12","_col13","_col14","_col15","_col16","_col17","_col18","_col19","_col20","_col21","_col22","_col23","_col24","_col25","_col26","_col27","_col28","_col29","_col30"]
+                        |                          Statistics:Num rows: 52272 Data size: 24620112 Basic stats: COMPLETE Column stats: NONE
+                        |                          Merge Join Operator [MERGEJOIN_122]
+                        |                          |  condition map:[{"":"Inner Join 0 to 1"}]
+                        |                          |  keys:{"0":"_col2 (type: int)","1":"_col0 (type: int)"}
+                        |                          |  outputColumnNames:["_col4","_col5","_col6","_col8","_col9","_col10","_col11","_col12","_col13","_col16"]
+                        |                          |  Statistics:Num rows: 52272 Data size: 24620112 Basic stats: COMPLETE Column stats: NONE
+                        |                          |<-Map 23 [SIMPLE_EDGE]
+                        |                          |  Reduce Output Operator [RS_58]
+                        |                          |     key expressions:_col0 (type: int)
+                        |                          |     Map-reduce partition columns:_col0 (type: int)
+                        |                          |     sort order:+
+                        |                          |     Statistics:Num rows: 1 Data size: 0 Basic stats: PARTIAL Column stats: NONE
+                        |                          |     Select Operator [SEL_47]
+                        |                          |        outputColumnNames:["_col0"]
+                        |                          |        Statistics:Num rows: 1 Data size: 0 Basic stats: PARTIAL Column stats: NONE
+                        |                          |        Filter Operator [FIL_114]
+                        |                          |           predicate:((sm_carrier) IN ('DIAMOND', 'AIRBORNE') and sm_ship_mode_sk is not null) (type: boolean)
+                        |                          |           Statistics:Num rows: 1 Data size: 0 Basic stats: PARTIAL Column stats: NONE
+                        |                          |           TableScan [TS_45]
+                        |                          |              alias:ship_mode
+                        |                          |              Statistics:Num rows: 1 Data size: 0 Basic stats: PARTIAL Column stats: NONE
+                        |                          |<-Reducer 17 [SIMPLE_EDGE]
+                        |                             Reduce Output Operator [RS_57]
+                        |                                key expressions:_col2 (type: int)
+                        |                                Map-reduce partition columns:_col2 (type: int)
+                        |                                sort order:+
+                        |                                Statistics:Num rows: 47520 Data size: 22381920 Basic stats: COMPLETE Column stats: NONE
+                        |                                value expressions:_col4 (type: int), _col5 (type: decimal(7,2)), _col6 (type: decimal(7,2)), _col8 (type: string), _col9 (type: int), _col10 (type: string), _col11 (type: string), _col12 (type: string), _col13 (type: string), _col16 (type: int)
+                        |                                Merge Join Operator [MERGEJOIN_121]
+                        |                                |  condition map:[{"":"Inner Join 0 to 1"}]
+                        |                                |  keys:{"0":"_col1 (type: int)","1":"_col0 (type: int)"}
+                        |                                |  outputColumnNames:["_col2","_col4","_col5","_col6","_col8","_col9","_col10","_col11","_col12","_col13","_col16"]
+                        |                                |  Statistics:Num rows: 47520 Data size: 22381920 Basic stats: COMPLETE Column stats: NONE
+                        |                                |<-Map 22 [SIMPLE_EDGE]
+                        |                                |  Reduce Output Operator [RS_55]
+                        |                                |     key expressions:_col0 (type: int)
+                        |                                |     Map-reduce partition columns:_col0 (type: int)
+                        |                                |     sort order:+
+                        |                                |     Statistics:Num rows: 43200 Data size: 20347200 Basic stats: COMPLETE Column stats: NONE
+                        |                                |     Select Operator [SEL_44]
+                        |                                |        outputColumnNames:["_col0"]
+                        |                                |        Statistics:Num rows: 43200 Data size: 20347200 Basic stats: COMPLETE Column stats: NONE
+                        |                                |        Filter Operator [FIL_113]
+                        |                                |           predicate:(t_time BETWEEN 49530 AND 78330 and t_time_sk is not null) (type: boolean)
+                        |                                |           Statistics:Num rows: 43200 Data size: 20347200 Basic stats: COMPLETE Column stats: NONE
+                        |                                |           TableScan [TS_42]
+                        |                                |              alias:time_dim
+                        |                                |              Statistics:Num rows: 86400 Data size: 40694400 Basic stats: COMPLETE Column stats: NONE
+                        |                                |<-Reducer 16 [SIMPLE_EDGE]
+                        |                                   Reduce Output Operator [RS_54]
+                        |                                      key expressions:_col1 (type: int)
+                        |                                      Map-reduce partition columns:_col1 (type: int)
+                        |                                      sort order:+
+                        |                                      Statistics:Num rows: 40176 Data size: 44957392 Basic stats: COMPLETE Column stats: NONE
+                        |                                      value expressions:_col2 (type: int), _col4 (type: int), _col5 (type: decimal(7,2)), _col6 (type: decimal(7,2)), _col8 (type: string), _col9 (type: int), _col10 (type: string), _col11 (type: string), _col12 (type: string), _col13 (type: string), _col16 (type: int)
+                        |                                      Merge Join Operator [MERGEJOIN_120]
+                        |                                      |  condition map:[{"":"Inner Join 0 to 1"}]
+                        |                                      |  keys:{"0":"_col0 (type: int)","1":"_col0 (type: int)"}
+                        |                                      |  outputColumnNames:["_col1","_col2","_col4","_col5","_col6","_col8","_col9","_col10","_col11","_col12","_col13","_col16"]
+                        |                                      |  Statistics:Num rows: 40176 Data size: 44957392 Basic stats: COMPLETE Column stats: NONE
+                        |                                      |<-Map 21 [SIMPLE_EDGE]
+                        |                                      |  Reduce Output Operator [RS_52]
+                        |                                      |     key expressions:_col0 (type: int)
+                        |                                      |     Map-reduce partition columns:_col0 (type: int)
+                        |                                      |     sort order:+
+                        |                                      |     Statistics:Num rows: 36524 Data size: 40870356 Basic stats: COMPLETE Column stats: NONE
+                        |                                      |     value expressions:_col2 (type: int)
+                        |                                      |     Select Operator [SEL_41]
+                        |                                      |        outputColumnNames:["_col0","_col2"]
+                        |                                      |        Statistics:Num rows: 36524 Data size: 40870356 Basic stats: COMPLETE Column stats: NONE
+                        |                                      |        Filter Operator [FIL_112]
+                        |                                      |           predicate:((d_year = 2002) and d_date_sk is not null) (type: boolean)
+                        |                                      |           Statistics:Num rows: 36524 Data size: 40870356 Basic stats: COMPLETE Column stats: NONE
+                        |                                      |           TableScan [TS_39]
+                        |                                      |              alias:date_dim
+                        |                                      |              Statistics:Num rows: 73049 Data size: 81741831 Basic stats: COMPLETE Column stats: NONE
+                        |                                      |<-Reducer 15 [SIMPLE_EDGE]
+                        |                                         Reduce Output Operator [RS_51]
+                        |                                            key expressions:_col0 (type: int)
+                        |                                            Map-reduce partition columns:_col0 (type: int)
+                        |                                            sort order:+
+                        |                                            Statistics:Num rows: 29 Data size: 30582 Basic stats: COMPLETE Column stats: NONE
+                        |                                            value expressions:_col1 (type: int), _col2 (type: int), _col4 (type: int), _col5 (type: decimal(7,2)), _col6 (type: decimal(7,2)), _col8 (type: string), _col9 (type: int), _col10 (type: string), _col11 (type: string), _col12 (type: string), _col13 (type: string)
+                        |                                            Merge Join Operator [MERGEJOIN_119]
+                        |                                            |  condition map:[{"":"Inner Join 0 to 1"}]
+                        |                                            |  keys:{"0":"_col3 (type: int)","1":"_col0 (type: int)"}
+                        |                                            |  outputColumnNames:["_col0","_col1","_col2","_col4","_col5","_col6","_col8","_col9","_col10","_col11","_col12","_col13"]
+                        |                                            |  Statistics:Num rows: 29 Data size: 30582 Basic stats: COMPLETE Column stats: NONE
+                        |                                            |<-Map 14 [SIMPLE_EDGE]
+                        |                                            |  Reduce Output Operator [RS_48]
+                        |                                            |     key expressions:_col3 (type: int)
+                        |                                            |     Map-reduce partition columns:_col3 (type: int)
+                        |                                            |     sort order:+
+                        |                                            |     Statistics:Num rows: 1 Data size: 0 Basic stats: PARTIAL Column stats: NONE
+                        |                                            |     value expressions:_col0 (type: int), _col1 (type: int), _col2 (type: int), _col4 (type: int), _col5 (type: decimal(7,2)), _col6 (type: decimal(7,2))
+                        |                                            |     Select Operator [SEL_35]
+                        |                                            |        outputColumnNames:["_col0","_col1","_col2","_col3","_col4","_col5","_col6"]
+                        |                                            |        Statistics:Num rows: 1 Data size: 0 Basic stats: PARTIAL Column stats: NONE
+                        |                                            |        Filter Operator [FIL_110]
+                        |                                            |           predicate:(((cs_warehouse_sk is not null and cs_sold_date_sk is not null) and cs_sold_time_sk is not null) and cs_ship_mode_sk is not null) (type: boolean)
+                        |                                            |           Statistics:Num rows: 1 Data size: 0 Basic stats: PARTIAL Column stats: NONE
+                        |                                            |           TableScan [TS_33]
+                        |                                            |              alias:catalog_sales
+                        |                                            |              Statistics:Num rows: 1 Data size: 0 Basic stats: PARTIAL Column stats: NONE
+                        |                                            |<-Map 20 [SIMPLE_EDGE]
+                        |                                               Reduce Output Operator [RS_49]
+                        |                                                  key expressions:_col0 (type: int)
+                        |                                                  Map-reduce partition columns:_col0 (type: int)
+                        |                                                  sort order:+
+                        |                                                  Statistics:Num rows: 27 Data size: 27802 Basic stats: COMPLETE Column stats: NONE
+                        |                                                  value expressions:_col1 (type: string), _col2 (type: int), _col3 (type: string), _col4 (type: string), _col5 (type: string), _col6 (type: string)
+                        |                                                  Select Operator [SEL_38]
+                        |                                                     outputColumnNames:["_col0","_col1","_col2","_col3","_col4","_col5","_col6"]
+                        |                                                     Statistics:Num rows: 27 Data size: 27802 Basic stats: COMPLETE Column stats: NONE
+                        |                                                     Filter Operator [FIL_111]
+                        |                                                        predicate:w_warehouse_sk is not null (type: boolean)
+                        |                                                        Statistics:Num rows: 27 Data size: 27802 Basic stats: COMPLETE Column stats: NONE
+                        |                                                        TableScan [TS_36]
+                        |                                                           alias:warehouse
+                        |                                                           Statistics:Num rows: 27 Data size: 27802 Basic stats: COMPLETE Column stats: NONE
+                        |<-Reducer 6 [CONTAINS]
+                           Reduce Output Operator [RS_70]
+                              key expressions:_col0 (type: string), _col1 (type: int), _col2 (type: string), _col3 (type: string), _col4 (type: string), _col5 (type: string), _col6 (type: string), _col7 (type: int)
+                              Map-reduce partition columns:_col0 (type: string), _col1 (type: int), _col2 (type: string), _col3 (type: string), _col4 (type: string), _col5 (type: string), _col6 (type: string), _col7 (type: int)
+                              sort order:++++++++
+                              Statistics:Num rows: 52272 Data size: 24620112 Basic stats: COMPLETE Column stats: NONE
+                              value expressions:_col8 (type: decimal(38,2)), _col9 (type: decimal(38,2)), _col10 (type: decimal(38,2)), _col11 (type: decimal(38,2)), _col12 (type: decimal(38,2)), _col13 (type: decimal(38,2)), _col14 (type: decimal(38,2)), _col15 (type: decimal(38,2)), _col16 (type: decimal(38,2)), _col17 (type: decimal(38,2)), _col18 (type: decimal(38,2)), _col19 (type: decimal(38,2)), _col20 (type: decimal(38,12)), _col21 (type: decimal(38,12)), _col22 (type: decimal(38,12)), _col23 (type: decimal(38,12)), _col24 (type: decimal(38,12)), _col25 (type: decimal(38,12)), _col26 (type: decimal(38,12)), _col27 (type: decimal(38,12)), _col28 (type: decimal(38,12)), _col29 (type: decimal(38,12)), _col30 (type: decimal(38,12)), _col31 (type: decimal(38,12)), _col32 (type: decimal(38,2)), _col33 (type: decimal(38,2)), _col34 (type: decimal(38,2)), _col35 (type: decimal(38,2)), _col36 (type: decimal(38,2)), _col37 (type: decimal(38,2)), _col38 (type: decimal(38,2)), _col39 (type: decimal(38,2)), _col40 (type: decimal(38,2)), _col41 (type: decimal(38,2)), _col42 (type: decimal(38,2)), _col43 (type: decimal(38,2))
+                              Group By Operator [GBY_69]
+                                 aggregations:["sum(_col8)","sum(_col9)","sum(_col10)","sum(_col11)","sum(_col12)","sum(_col13)","sum(_col14)","sum(_col15)","sum(_col16)","sum(_col17)","sum(_col18)","sum(_col19)","sum(_col20)","sum(_col21)","sum(_col22)","sum(_col23)","sum(_col24)","sum(_col25)","sum(_col26)","sum(_col27)","sum(_col28)","sum(_col29)","sum(_col30)","sum(_col31)","sum(_col32)","sum(_col33)","sum(_col34)","sum(_col35)","sum(_col36)","sum(_col37)","sum(_col38)","sum(_col39)","sum(_col40)","sum(_col41)","sum(_col42)","sum(_col43)"]
+                                 keys:_col0 (type: string), _col1 (type: int), _col2 (type: string), _col3 (type: string), _col4 (type: string), _col5 (type: string), _col6 (type: string), _col7 (type: int)
+                                 outputColumnNames:["_col0","_col1","_col2","_col3","_col4","_col5","_col6","_col7","_col8","_col9","_col10","_col11","_col12","_col13","_col14","_col15","_col16","_col17","_col18","_col19","_col20","_col21","_col22","_col23","_col24","_col25","_col26","_col27","_col28","_col29","_col30","_col31","_col32","_col33","_col34","_col35","_col36","_col37","_col38","_col39","_col40","_col41","_col42","_col43"]
                                  Statistics:Num rows: 52272 Data size: 24620112 Basic stats: COMPLETE Column stats: NONE
-                                 value expressions:_col8 (type: decimal(38,2)), _col9 (type: decimal(38,2)), _col10 (type: decimal(38,2)), _col11 (type: decimal(38,2)), _col12 (type: decimal(38,2)), _col13 (type: decimal(38,2)), _col14 (type: decimal(38,2)), _col15 (type: decimal(38,2)), _col16 (type: decimal(38,2)), _col17 (type: decimal(38,2)), _col18 (type: decimal(38,2)), _col19 (type: decimal(38,2)), _col20 (type: decimal(38,12)), _col21 (type: decimal(38,12)), _col22 (type: decimal(38,12)), _col23 (type: decimal(38,12)), _col24 (type: decimal(38,12)), _col25 (type: decimal(38,12)), _col26 (type: decimal(38,12)), _col27 (type: decimal(38,12)), _col28 (type: decimal(38,12)), _col29 (type: decimal(38,12)), _col30 (type: decimal(38,12)), _col31 (type: decimal(38,12)), _col32 (type: decimal(38,2)), _col33 (type: decimal(38,2)), _col34 (type: decimal(38,2)), _col35 (type: decimal(38,2)), _col36 (type: decimal(38,2)), _col37 (type: decimal(38,2)), _col38 (type: decimal(38,2)), _col39 (type: decimal(38,2)), _col40 (type: decimal(38,2)), _col41 (type: decimal(38,2)), _col42 (type: decimal(38,2)), _col43 (type: decimal(38,2))
-                                 Group By Operator [GBY_69]
-                                    aggregations:["sum(_col8)","sum(_col9)","sum(_col10)","sum(_col11)","sum(_col12)","sum(_col13)","sum(_col14)","sum(_col15)","sum(_col16)","sum(_col17)","sum(_col18)","sum(_col19)","sum(_col20)","sum(_col21)","sum(_col22)","sum(_col23)","sum(_col24)","sum(_col25)","sum(_col26)","sum(_col27)","sum(_col28)","sum(_col29)","sum(_col30)","sum(_col31)","sum(_col32)","sum(_col33)","sum(_col34)","sum(_col35)","sum(_col36)","sum(_col37)","sum(_col38)","sum(_col39)","sum(_col40)","sum(_col41)","sum(_col42)","sum(_col43)"]
-                                    keys:_col0 (type: string), _col1 (type: int), _col2 (type: string), _col3 (type: string), _col4 (type: string), _col5 (type: string), 'DIAMOND,AIRBORNE' (type: string), 2002 (type: int)
+                                 Select Operator [SEL_67]
                                     outputColumnNames:["_col0","_col1","_col2","_col3","_col4","_col5","_col6","_col7","_col8","_col9","_col10","_col11","_col12","_col13","_col14","_col15","_col16","_col17","_col18","_col19","_col20","_col21","_col22","_col23","_col24","_col25","_col26","_col27","_col28","_col29","_col30","_col31","_col32","_col33","_col34","_col35","_col36","_col37","_col38","_col39","_col40","_col41","_col42","_col43"]
                                     Statistics:Num rows: 52272 Data size: 24620112 Basic stats: COMPLETE Column stats: NONE
-                                    Select Operator [SEL_67]
-                                       outputColumnNames:["_col0","_col1","_col2","_col3","_col4","_col5","_col8","_col9","_col10","_col11","_col12","_col13","_col14","_col15","_col16","_col17","_col18","_col19","_col20","_col21","_col22","_col23","_col24","_col25","_col26","_col27","_col28","_col29","_col30","_col31","_col32","_col33","_col34","_col35","_col36","_col37","_col38","_col39","_col40","_col41","_col42","_col43"]
-                                       Statistics:Num rows: 52272 Data size: 24620112 Basic stats: COMPLETE Column stats: NONE
-                                       Select Operator [SEL_32]
-                                          outputColumnNames:["_col0","_col1","_col2","_col3","_col4","_col5","_col7","_col8","_col9","_col10","_col11","_col12","_col13","_col14","_col15","_col16","_col17","_col18","_col19","_col20","_col21","_col22","_col23","_col24","_col25","_col26","_col27","_col28","_col29","_col30"]
-                                          Statistics:Num rows: 26136 Data size: 12310056 Basic stats: COMPLETE Column stats: NONE
-                                          Group By Operator [GBY_31]
-                                          |  aggregations:["sum(VALUE._col0)","sum(VALUE._col1)","sum(VALUE._col2)","sum(VALUE._col3)","sum(VALUE._col4)","sum(VALUE._col5)","sum(VALUE._col6)","sum(VALUE._col7)","sum(VALUE._col8)","sum(VALUE._col9)","sum(VALUE._col10)","sum(VALUE._col11)","sum(VALUE._col12)","sum(VALUE._col13)","sum(VALUE._col14)","sum(VALUE._col15)","sum(VALUE._col16)","sum(VALUE._col17)","sum(VALUE._col18)","sum(VALUE._col19)","sum(VALUE._col20)","sum(VALUE._col21)","sum(VALUE._col22)","sum(VALUE._col23)"]
-                                          |  keys:KEY._col0 (type: string), KEY._col1 (type: int), KEY._col2 (type: string), KEY._col3 (type: string), KEY._col4 (type: string), KEY._col5 (type: string), 2002 (type: int)
-                                          |  outputColumnNames:["_col0","_col1","_col2","_col3","_col4","_col5","_col6","_col7","_col8","_col9","_col10","_col11","_col12","_col13","_col14","_col15","_col16","_col17","_col18","_col19","_col20","_col21","_col22","_col23","_col24","_col25","_col26","_col27","_col28","_col29","_col30"]
-                                          |  Statistics:Num rows: 26136 Data size: 12310056 Basic stats: COMPLETE Column stats: NONE
-                                          |<-Reducer 5 [SIMPLE_EDGE]
-                                             Reduce Output Operator [RS_30]
-                                                key expressions:_col0 (type: string), _col1 (type: int), _col2 (type: string), _col3 (type: string), _col4 (type: string), _col5 (type: string), 2002 (type: int)
-                                                Map-reduce partition columns:_col0 (type: string), _col1 (type: int), _col2 (type: string), _col3 (type: string), _col4 (type: string), _col5 (type: string), 2002 (type: int)
-                                                sort order:+++++++
+                                    Select Operator [SEL_32]
+                                       outputColumnNames:["_col0","_col1","_col2","_col3","_col4","_col5","_col8","_col9","_col10","_col11","_col12","_col13","_col14","_col15","_col16","_col17","_col18","_col19","_col20","_col21","_col22","_col23","_col24","_col25","_col26","_col27","_col28","_col29","_col30","_col31"]
+                                       Statistics:Num rows: 26136 Data size: 12310056 Basic stats: COMPLETE Column stats: NONE
+                                       Group By Operator [GBY_31]
+                                       |  aggregations:["sum(VALUE._col0)","sum(VALUE._col1)","sum(VALUE._col2)","sum(VALUE._col3)","sum(VALUE._col4)","sum(VALUE._col5)","sum(VALUE._col6)","sum(VALUE._col7)","sum(VALUE._col8)","sum(VALUE._col9)","sum(VALUE._col10)","sum(VALUE._col11)","sum(VALUE._col12)","sum(VALUE._col13)","sum(VALUE._col14)","sum(VALUE._col15)","sum(VALUE._col16)","sum(VALUE._col17)","sum(VALUE._col18)","sum(VALUE._col19)","sum(VALUE._col20)","sum(VALUE._col21)","sum(VALUE._col22)","sum(VALUE._col23)"]
+                                       |  keys:KEY._col0 (type: string), KEY._col1 (type: int), KEY._col2 (type: string), KEY._col3 (type: string), KEY._col4 (type: string), KEY._col5 (type: string), 2002 (type: int)
+                                       |  outputColumnNames:["_col0","_col1","_col2","_col3","_col4","_col5","_col6","_col7","_col8","_col9","_col10","_col11","_col12","_col13","_col14","_col15","_col16","_col17","_col18","_col19","_col20","_col21","_col22","_col23","_col24","_col25","_col26","_col27","_col28","_col29","_col30"]
+                                       |  Statistics:Num rows: 26136 Data size: 12310056 Basic stats: COMPLETE Column stats: NONE
+                                       |<-Reducer 5 [SIMPLE_EDGE]
+                                          Reduce Output Operator [RS_30]
+                                             key expressions:_col0 (type: string), _col1 (type: int), _col2 (type: string), _col3 (type: string), _col4 (type: string), _col5 (type: string), 2002 (type: int)
+                                             Map-reduce partition columns:_col0 (type: string), _col1 (type: int), _col2 (type: string), _col3 (type: string), _col4 (type: string), _col5 (type: string), 2002 (type: int)
+                                             sort order:+++++++
+                                             Statistics:Num rows: 52272 Data size: 24620112 Basic stats: COMPLETE Column stats: NONE
+                                             value expressions:_col7 (type: decimal(28,2)), _col8 (type: decimal(28,2)), _col9 (type: decimal(28,2)), _col10 (type: decimal(28,2)), _col11 (type: decimal(28,2)), _col12 (type: decimal(28,2)), _col13 (type: decimal(28,2)), _col14 (type: decimal(28,2)), _col15 (type: decimal(28,2)), _col16 (type: decimal(28,2)), _col17 (type: decimal(28,2)), _col18 (type: decimal(28,2)), _col19 (type: decimal(28,2)), _col20 (type: decimal(28,2)), _col21 (type: decimal(28,2)), _col22 (type: decimal(28,2)), _col23 (type: decimal(28,2)), _col24 (type: decimal(28,2)), _col25 (type: decimal(28,2)), _col26 (type: decimal(28,2)), _col27 (type: decimal(28,2)), _col28 (type: decimal(28,2)), _col29 (type: decimal(28,2)), _col30 (type: decimal(28,2))
+                                             Group By Operator [GBY_29]
+                                                aggregations:["sum(_col7)","sum(_col8)","sum(_col9)","sum(_col10)","sum(_col11)","sum(_col12)","sum(_col13)","sum(_col14)","sum(_col15)","sum(_col16)","sum(_col17)","sum(_col18)","sum(_col19)","sum(_col20)","sum(_col21)","sum(_col22)","sum(_col23)","sum(_col24)","sum(_col25)","sum(_col26)","sum(_col27)","sum(_col28)","sum(_col29)","sum(_col30)"]
+                                                keys:_col0 (type: string), _col1 (type: int), _col2 (type: string), _col3 (type: string), _col4 (type: string), _col5 (type: string), 2002 (type: int)
+                                                outputColumnNames:["_col0","_col1","_col2","_col3","_col4","_col5","_col6","_col7","_col8","_col9","_col10","_col11","_col12","_col13","_col14","_col15","_col16","_col17","_col18","_col19","_col20","_col21","_col22","_col23","_col24","_col25","_col26","_col27","_col28","_col29","_col30"]
                                                 Statistics:Num rows: 52272 Data size: 24620112 Basic stats: COMPLETE Column stats: NONE
-                                                value expressions:_col7 (type: decimal(28,2)), _col8 (type: decimal(28,2)), _col9 (type: decimal(28,2)), _col10 (type: decimal(28,2)), _col11 (type: decimal(28,2)), _col12 (type: decimal(28,2)), _col13 (type: decimal(28,2)), _col14 (type: decimal(28,2)), _col15 (type: decimal(28,2)), _col16 (type: decimal(28,2)), _col17 (type: decimal(28,2)), _col18 (type: decimal(28,2)), _col19 (type: decimal(28,2)), _col20 (type: decimal(28,2)), _col21 (type: decimal(28,2)), _col22 (type: decimal(28,2)), _col23 (type: decimal(28,2)), _col24 (type: decimal(28,2)), _col25 (type: decimal(28,2)), _col26 (type: decimal(28,2)), _col27 (type: decimal(28,2)), _col28 (type: decimal(28,2)), _col29 (type: decimal(28,2)), _col30 (type: decimal(28,2))
-                                                Group By Operator [GBY_29]
-                                                   aggregations:["sum(_col7)","sum(_col8)","sum(_col9)","sum(_col10)","sum(_col11)","sum(_col12)","sum(_col13)","sum(_col14)","sum(_col15)","sum(_col16)","sum(_col17)","sum(_col18)","sum(_col19)","sum(_col20)","sum(_col21)","sum(_col22)","sum(_col23)","sum(_col24)","sum(_col25)","sum(_col26)","sum(_col27)","sum(_col28)","sum(_col29)","sum(_col30)"]
-                                                   keys:_col0 (type: string), _col1 (type: int), _col2 (type: string), _col3 (type: string), _col4 (type: string), _col5 (type: string), 2002 (type: int)
-                                                   outputColumnNames:["_col0","_col1","_col2","_col3","_col4","_col5","_col6","_col7","_col8","_col9","_col10","_col11","_col12","_col13","_col14","_col15","_col16","_col17","_col18","_col19","_col20","_col21","_col22","_col23","_col24","_col25","_col26","_col27","_col28","_col29","_col30"]
+                                                Select Operator [SEL_27]
+                                                   outputColumnNames:["_col0","_col1","_col2","_col3","_col4","_col5","_col7","_col8","_col9","_col10","_col11","_col12","_col13","_col14","_col15","_col16","_col17","_col18","_col19","_col20","_col21","_col22","_col23","_col24","_col25","_col26","_col27","_col28","_col29","_col30"]
                                                    Statistics:Num rows: 52272 Data size: 24620112 Basic stats: COMPLETE Column stats: NONE
-                                                   Select Operator [SEL_27]
-                                                      outputColumnNames:["_col0","_col1","_col2","_col3","_col4","_col5","_col7","_col8","_col9","_col10","_col11","_col12","_col13","_col14","_col15","_col16","_col17","_col18","_col19","_col20","_col21","_col22","_col23","_col24","_col25","_col26","_col27","_col28","_col29","_col30"]
-                                                      Statistics:Num rows: 52272 Data size: 24620112 Basic stats: COMPLETE Column stats: NONE
-                                                      Merge Join Operator [MERGEJOIN_118]
-                                                      |  condition map:[{"":"Inner Join 0 to 1"}]
-                                                      |  keys:{"0":"_col2 (type: int)","1":"_col0 (type: int)"}
-                                                      |  outputColumnNames:["_col4","_col5","_col6","_col8","_col9","_col10","_col11","_col12","_col13","_col16"]
-                                                      |  Statistics:Num rows: 52272 Data size: 24620112 Basic stats: COMPLETE Column stats: NONE
-                                                      |<-Map 13 [SIMPLE_EDGE]
-                                                      |  Reduce Output Operator [RS_25]
-                                                      |     key expressions:_col0 (type: int)
-                                                      |     Map-reduce partition columns:_col0 (type: int)
-                                                      |     sort order:+
-                                                      |     Statistics:Num rows: 1 Data size: 0 Basic stats: PARTIAL Column stats: NONE
-                                                      |     Select Operator [SEL_14]
-                                                      |        outputColumnNames:["_col0"]
-                                                      |        Statistics:Num rows: 1 Data size: 0 Basic stats: PARTIAL Column stats: NONE
-                                                      |        Filter Operator [FIL_109]
-                                                      |           predicate:((sm_carrier) IN ('DIAMOND', 'AIRBORNE') and sm_ship_mode_sk is not null) (type: boolean)
-                                                      |           Statistics:Num rows: 1 Data size: 0 Basic stats: PARTIAL Column stats: NONE
-                                                      |           TableScan [TS_12]
-                                                      |              alias:ship_mode
-                                                      |              Statistics:Num rows: 1 Data size: 0 Basic stats: PARTIAL Column stats: NONE
-                                                      |<-Reducer 4 [SIMPLE_EDGE]
-                                                         Reduce Output Operator [RS_24]
-                                                            key expressions:_col2 (type: int)
-                                                            Map-reduce partition columns:_col2 (type: int)
-                                                            sort order:+
-                                                            Statistics:Num rows: 47520 Data size: 22381920 Basic stats: COMPLETE Column stats: NONE
-                                                            value expressions:_col4 (type: int), _col5 (type: decimal(7,2)), _col6 (type: decimal(7,2)), _col8 (type: string), _col9 (type: int), _col10 (type: string), _col11 (type: string), _col12 (type: string), _col13 (type: string), _col16 (type: int)
-                                                            Merge Join Operator [MERGEJOIN_117]
-                                                            |  condition map:[{"":"Inner Join 0 to 1"}]
-                                                            |  keys:{"0":"_col1 (type: int)","1":"_col0 (type: int)"}
-                                                            |  outputColumnNames:["_col2","_col4","_col5","_col6","_col8","_col9","_col10","_col11","_col12","_col13","_col16"]
-                                                            |  Statistics:Num rows: 47520 Data size: 22381920 Basic stats: COMPLETE Column stats: NONE
-                                                            |<-Map 12 [SIMPLE_EDGE]
-                                                            |  Reduce Output Operator [RS_22]
-                                                            |     key expressions:_col0 (type: int)
-                                                            |     Map-reduce partition columns:_col0 (type: int)
-                                                            |     sort order:+
-                                                            |     Statistics:Num rows: 43200 Data size: 20347200 Basic stats: COMPLETE Column stats: NONE
-                                                            |     Select Operator [SEL_11]
-                                                            |        outputColumnNames:["_col0"]
-                                                            |        Statistics:Num rows: 43200 Data size: 20347200 Basic stats: COMPLETE Column stats: NONE
-                                                            |        Filter Operator [FIL_108]
-                                                            |           predicate:(t_time BETWEEN 49530 AND 78330 and t_time_sk is not null) (type: boolean)
-                                                            |           Statistics:Num rows: 43200 Data size: 20347200 Basic stats: COMPLETE Column stats: NONE
-                                                            |           TableScan [TS_9]
-                                                            |              alias:time_dim
-                                                            |              Statistics:Num rows: 86400 Data size: 40694400 Basic stats: COMPLETE Column stats: NONE
-                                                            |<-Reducer 3 [SIMPLE_EDGE]
-                                                               Reduce Output Operator [RS_21]
-                                                                  key expressions:_col1 (type: int)
-                                                                  Map-reduce partition columns:_col1 (type: int)
-                                                                  sort order:+
-                                                                  Statistics:Num rows: 40176 Data size: 44957392 Basic stats: COMPLETE Column stats: NONE
-                                                                  value expressions:_col2 (type: int), _col4 (type: int), _col5 (type: decimal(7,2)), _col6 (type: decimal(7,2)), _col8 (type: string), _col9 (type: int), _col10 (type: string), _col11 (type: string), _col12 (type: string), _col13 (type: string), _col16 (type: int)
-                                                                  Merge Join Operator [MERGEJOIN_116]
-                                                                  |  condition map:[{"":"Inner Join 0 to 1"}]
-                                                                  |  keys:{"0":"_col0 (type: int)","1":"_col0 (type: int)"}
-                                                                  |  outputColumnNames:["_col1","_col2","_col4","_col5","_col6","_col8","_col9","_col10","_col11","_col12","_col13","_col16"]
-                                                                  |  Statistics:Num rows: 40176 Data size: 44957392 Basic stats: COMPLETE Column stats: NONE
-                                                                  |<-Map 11 [SIMPLE_EDGE]
-                                                                  |  Reduce Output Operator [RS_19]
-                                                                  |     key expressions:_col0 (type: int)
-                                                                  |     Map-reduce partition columns:_col0 (type: int)
-                                                                  |     sort order:+
-                                                                  |     Statistics:Num rows: 36524 Data size: 40870356 Basic stats: COMPLETE Column stats: NONE
-                                                                  |     value expressions:_col2 (type: int)
-                                                                  |     Select Operator [SEL_8]
-                                                                  |        outputColumnNames:["_col0","_col2"]
-                                                                  |        Statistics:Num rows: 36524 Data size: 40870356 Basic stats: COMPLETE Column stats: NONE
-                                                                  |        Filter Operator [FIL_107]
-                                                                  |           predicate:((d_year = 2002) and d_date_sk is not null) (type: boolean)
-                                                                  |           Statistics:Num rows: 36524 Data size: 40870356 Basic stats: COMPLETE Column stats: NONE
-                                                                  |           TableScan [TS_6]
-                                                                  |              alias:date_dim
-                                                                  |              Statistics:Num rows: 73049 Data size: 81741831 Basic stats: COMPLETE Column stats: NONE
-                                                                  |<-Reducer 2 [SIMPLE_EDGE]
-                                                                     Reduce Output Operator [RS_18]
-                                                                        key expressions:_col0 (type: int)
-                                                                        Map-reduce partition columns:_col0 (type: int)
-                                                                        sort order:+
-                                                                        Statistics:Num rows: 29 Data size: 30582 Basic stats: COMPLETE Column stats: NONE
-                                                                        value expressions:_col1 (type: int), _col2 (type: int), _col4 (type: int), _col5 (type: decimal(7,2)), _col6 (type: decimal(7,2)), _col8 (type: string), _col9 (type: int), _col10 (type: string), _col11 (type: string), _col12 (type: string), _col13 (type: string)
-                                                                        Merge Join Operator [MERGEJOIN_115]
-                                                                        |  condition map:[{"":"Inner Join 0 to 1"}]
-                                                                        |  keys:{"0":"_col3 (type: int)","1":"_col0 (type: int)"}
-                                                                        |  outputColumnNames:["_col0","_col1","_col2","_col4","_col5","_col6","_col8","_col9","_col10","_col11","_col12","_col13"]
-                                                                        |  Statistics:Num rows: 29 Data size: 30582 Basic stats: COMPLETE Column stats: NONE
-                                                                        |<-Map 1 [SIMPLE_EDGE]
-                                                                        |  Reduce Output Operator [RS_15]
-                                                                        |     key expressions:_col3 (type: int)
-                                                                        |     Map-reduce partition columns:_col3 (type: int)
-                                                                        |     sort order:+
-                                                                        |     Statistics:Num rows: 1 Data size: 0 Basic stats: PARTIAL Column stats: NONE
-                                                                        |     value expressions:_col0 (type: int), _col1 (type: int), _col2 (type: int), _col4 (type: int), _col5 (type: decimal(7,2)), _col6 (type: decimal(7,2))
-                                                                        |     Select Operator [SEL_2]
-                                                                        |        outputColumnNames:["_col0","_col1","_col2","_col3","_col4","_col5","_col6"]
-                                                                        |        Statistics:Num rows: 1 Data size: 0 Basic stats: PARTIAL Column stats: NONE
-                                                                        |        Filter Operator [FIL_105]
-                                                                        |           predicate:(((ws_warehouse_sk is not null and ws_sold_date_sk is not null) and ws_sold_time_sk is not null) and ws_ship_mode_sk is not null) (type: boolean)
-                                                                        |           Statistics:Num rows: 1 Data size: 0 Basic stats: PARTIAL Column stats: NONE
-                                                                        |           TableScan [TS_0]
-                                                                        |              alias:web_sales
-                                                                        |              Statistics:Num rows: 1 Data size: 0 Basic stats: PARTIAL Column stats: NONE
-                                                                        |<-Map 10 [SIMPLE_EDGE]
-                                                                           Reduce Output Operator [RS_16]
-                                                                              key expressions:_col0 (type: int)
-                                                                              Map-reduce partition columns:_col0 (type: int)
-                                                                              sort order:+
+                                                   Merge Join Operator [MERGEJOIN_118]
+                                                   |  condition map:[{"":"Inner Join 0 to 1"}]
+                                                   |  keys:{"0":"_col2 (type: int)","1":"_col0 (type: int)"}
+                                                   |  outputColumnNames:["_col4","_col5","_col6","_col8","_col9","_col10","_col11","_col12","_col13","_col16"]
+                                                   |  Statistics:Num rows: 52272 Data size: 24620112 Basic stats: COMPLETE Column stats: NONE
+                                                   |<-Map 13 [SIMPLE_EDGE]
+                                                   |  Reduce Output Operator [RS_25]
+                                                   |     key expressions:_col0 (type: int)
+                                                   |     Map-reduce partition columns:_col0 (type: int)
+                                                   |     sort order:+
+                                                   |     Statistics:Num rows: 1 Data size: 0 Basic stats: PARTIAL Column stats: NONE
+                                                   |     Select Operator [SEL_14]
+                                                   |        outputColumnNames:["_col0"]
+                                                   |        Statistics:Num rows: 1 Data size: 0 Basic stats: PARTIAL Column stats: NONE
+                                                   |        Filter Operator [FIL_109]
+                                                   |           predicate:((sm_carrier) IN ('DIAMOND', 'AIRBORNE') and sm_ship_mode_sk is not null) (type: boolean)
+                                                   |           Statistics:Num rows: 1 Data size: 0 Basic stats: PARTIAL Column stats: NONE
+                                                   |           TableScan [TS_12]
+                                                   |              alias:ship_mode
+                                                   |              Statistics:Num rows: 1 Data size: 0 Basic stats: PARTIAL Column stats: NONE
+                                                   |<-Reducer 4 [SIMPLE_EDGE]
+                                                      Reduce Output Operator [RS_24]
+                                                         key expressions:_col2 (type: int)
+                                                         Map-reduce partition columns:_col2 (type: int)
+                                                         sort order:+
+                                                         Statistics:Num rows: 47520 Data size: 22381920 Basic stats: COMPLETE Column stats: NONE
+                                                         value expressions:_col4 (type: int), _col5 (type: decimal(7,2)), _col6 (type: decimal(7,2)), _col8 (type: string), _col9 (type: int), _col10 (type: string), _col11 (type: string), _col12 (type: string), _col13 (type: string), _col16 (type: int)
+                                                         Merge Join Operator [MERGEJOIN_117]
+                                                         |  condition map:[{"":"Inner Join 0 to 1"}]
+                                                         |  keys:{"0":"_col1 (type: int)","1":"_col0 (type: int)"}
+                                                         |  outputColumnNames:["_col2","_col4","_col5","_col6","_col8","_col9","_col10","_col11","_col12","_col13","_col16"]
+                                                         |  Statistics:Num rows: 47520 Data size: 22381920 Basic stats: COMPLETE Column stats: NONE
+                                                         |<-Map 12 [SIMPLE_EDGE]
+                                                         |  Reduce Output Operator [RS_22]
+                                                         |     key expressions:_col0 (type: int)
+                                                         |     Map-reduce partition columns:_col0 (type: int)
+                                                         |     sort order:+
+                                                         |     Statistics:Num rows: 43200 Data size: 20347200 Basic stats: COMPLETE Column stats: NONE
+                                                         |     Select Operator [SEL_11]
+                                                         |        outputColumnNames:["_col0"]
+                                                         |        Statistics:Num rows: 43200 Data size: 20347200 Basic stats: COMPLETE Column stats: NONE
+                                                         |        Filter Operator [FIL_108]
+                                                         |           predicate:(t_time BETWEEN 49530 AND 78330 and t_time_sk is not null) (type: boolean)
+                                                         |           Statistics:Num rows: 43200 Data size: 20347200 Basic stats: COMPLETE Column stats: NONE
+                                                         |           TableScan [TS_9]
+                                                         |              alias:time_dim
+                                                         |              Statistics:Num rows: 86400 Data size: 40694400 Basic stats: COMPLETE Column stats: NONE
+                                                         |<-Reducer 3 [SIMPLE_EDGE]
+                                                            Reduce Output Operator [RS_21]
+                                                               key expressions:_col1 (type: int)
+                                                               Map-reduce partition columns:_col1 (type: int)
+                                                               sort order:+
+                                                               Statistics:Num rows: 40176 Data size: 44957392 Basic stats: COMPLETE Column stats: NONE
+                                                               value expressions:_col2 (type: int), _col4 (type: int), _col5 (type: decimal(7,2)), _col6 (type: decimal(7,2)), _col8 (type: string), _col9 (type: int), _col10 (type: string), _col11 (type: string), _col12 (type: string), _col13 (type: string), _col16 (type: int)
+                                                               Merge Join Operator [MERGEJOIN_116]
+                                                               |  condition map:[{"":"Inner Join 0 to 1"}]
+                                                               |  keys:{"0":"_col0 (type: int)","1":"_col0 (type: int)"}
+                                                               |  outputColumnNames:["_col1","_col2","_col4","_col5","_col6","_col8","_col9","_col10","_col11","_col12","_col13","_col16"]
+                                                               |  Statistics:Num rows: 40176 Data size: 44957392 Basic stats: COMPLETE Column stats: NONE
+                                                               |<-Map 11 [SIMPLE_EDGE]
+                                                               |  Reduce Output Operator [RS_19]
+                                                               |     key expressions:_col0 (type: int)
+                                                               |     Map-reduce partition columns:_col0 (type: int)
+                                                               |     sort order:+
+                                                               |     Statistics:Num rows: 36524 Data size: 40870356 Basic stats: COMPLETE Column stats: NONE
+                                                               |     value expressions:_col2 (type: int)
+                                                               |     Select Operator [SEL_8]
+                                                               |        outputColumnNames:["_col0","_col2"]
+                                                               |        Statistics:Num rows: 36524 Data size: 40870356 Basic stats: COMPLETE Column stats: NONE
+                                                               |        Filter Operator [FIL_107]
+                                                               |           predicate:((d_year = 2002) and d_date_sk is not null) (type: boolean)
+                                                               |           Statistics:Num rows: 36524 Data size: 40870356 Basic stats: COMPLETE Column stats: NONE
+                                                               |           TableScan [TS_6]
+                                                               |              alias:date_dim
+                                                               |              Statistics:Num rows: 73049 Data size: 81741831 Basic stats: COMPLETE Column stats: NONE
+                                                               |<-Reducer 2 [SIMPLE_EDGE]
+                                                                  Reduce Output Operator [RS_18]
+                                                                     key expressions:_col0 (type: int)
+                                                                     Map-reduce partition columns:_col0 (type: int)
+                                                                     sort order:+
+                                                                     Statistics:Num rows: 29 Data size: 30582 Basic stats: COMPLETE Column stats: NONE
+                                                                     value expressions:_col1 (type: int), _col2 (type: int), _col4 (type: int), _col5 (type: decimal(7,2)), _col6 (type: decimal(7,2)), _col8 (type: string), _col9 (type: int), _col10 (type: string), _col11 (type: string), _col12 (type: string), _col13 (type: string)
+                                                                     Merge Join Operator [MERGEJOIN_115]
+                                                                     |  condition map:[{"":"Inner Join 0 to 1"}]
+                                                                     |  keys:{"0":"_col3 (type: int)","1":"_col0 (type: int)"}
+                                                                     |  outputColumnNames:["_col0","_col1","_col2","_col4","_col5","_col6","_col8","_col9","_col10","_col11","_col12","_col13"]
+                                                                     |  Statistics:Num rows: 29 Data size: 30582 Basic stats: COMPLETE Column stats: NONE
+                                                                     |<-Map 1 [SIMPLE_EDGE]
+                                                                     |  Reduce Output Operator [RS_15]
+                                                                     |     key expressions:_col3 (type: int)
+                                                                     |     Map-reduce partition columns:_col3 (type: int)
+                                                                     |     sort order:+
+                                                                     |     Statistics:Num rows: 1 Data size: 0 Basic stats: PARTIAL Column stats: NONE
+                                                                     |     value expressions:_col0 (type: int), _col1 (type: int), _col2 (type: int), _col4 (type: int), _col5 (type: decimal(7,2)), _col6 (type: decimal(7,2))
+                                                                     |     Select Operator [SEL_2]
+                                                                     |        outputColumnNames:["_col0","_col1","_col2","_col3","_col4","_col5","_col6"]
+                                                                     |        Statistics:Num rows: 1 Data size: 0 Basic stats: PARTIAL Column stats: NONE
+                                                                     |        Filter Operator [FIL_105]
+                                                                     |           predicate:(((ws_warehouse_sk is not null and ws_sold_date_sk is not null) and ws_sold_time_sk is not null) and ws_ship_mode_sk is not null) (type: boolean)
+                                                                     |           Statistics:Num rows: 1 Data size: 0 Basic stats: PARTIAL Column stats: NONE
+                                                                     |           TableScan [TS_0]
+                                                                     |              alias:web_sales
+                                                                     |              Statistics:Num rows: 1 Data size: 0 Basic stats: PARTIAL Column stats: NONE
+                                                                     |<-Map 10 [SIMPLE_EDGE]
+                                                                        Reduce Output Operator [RS_16]
+                                                                           key expressions:_col0 (type: int)
+                                                                           Map-reduce partition columns:_col0 (type: int)
+                                                                           sort order:+
+                                                                           Statistics:Num rows: 27 Data size: 27802 Basic stats: COMPLETE Column stats: NONE
+                                                                           value expressions:_col1 (type: string), _col2 (type: int), _col3 (type: string), _col4 (type: string), _col5 (type: string), _col6 (type: string)
+                                                                           Select Operator [SEL_5]
+                                                                              outputColumnNames:["_col0","_col1","_col2","_col3","_col4","_col5","_col6"]
                                                                               Statistics:Num rows: 27 Data size: 27802 Basic stats: COMPLETE Column stats: NONE
-                                                                              value expressions:_col1 (type: string), _col2 (type: int), _col3 (type: string), _col4 (type: string), _col5 (type: string), _col6 (type: string)
-                                                                              Select Operator [SEL_5]
-                                                                                 outputColumnNames:["_col0","_col1","_col2","_col3","_col4","_col5","_col6"]
+                                                                              Filter Operator [FIL_106]
+                                                                                 predicate:w_warehouse_sk is not null (type: boolean)
                                                                                  Statistics:Num rows: 27 Data size: 27802 Basic stats: COMPLETE Column stats: NONE
-                                                                                 Filter Operator [FIL_106]
-                                                                                    predicate:w_warehouse_sk is not null (type: boolean)
+                                                                                 TableScan [TS_3]
+                                                                                    alias:warehouse
                                                                                     Statistics:Num rows: 27 Data size: 27802 Basic stats: COMPLETE Column stats: NONE
-                                                                                    TableScan [TS_3]
-                                                                                       alias:warehouse
-                                                                                       Statistics:Num rows: 27 Data size: 27802 Basic stats: COMPLETE Column stats: NONE
 
diff --git a/ql/src/test/results/clientpositive/perf/query68.q.out b/ql/src/test/results/clientpositive/perf/query68.q.out
index 8ecde892fa..b1aa58a0b3 100644
--- a/ql/src/test/results/clientpositive/perf/query68.q.out
+++ b/ql/src/test/results/clientpositive/perf/query68.q.out
@@ -233,7 +233,7 @@ Stage-0
                                                                                  outputColumnNames:["_col0"]
                                                                                  Statistics:Num rows: 18262 Data size: 20435178 Basic stats: COMPLETE Column stats: NONE
                                                                                  Filter Operator [FIL_79]
-                                                                                    predicate:(((d_year) IN (1998, 1999, 2000) and d_dom BETWEEN 1 AND 2) and d_date_sk is not null) (type: boolean)
+                                                                                    predicate:((d_dom BETWEEN 1 AND 2 and (d_year) IN (1998, 1999, 2000)) and d_date_sk is not null) (type: boolean)
                                                                                     Statistics:Num rows: 18262 Data size: 20435178 Basic stats: COMPLETE Column stats: NONE
                                                                                     TableScan [TS_3]
                                                                                        alias:date_dim
diff --git a/ql/src/test/results/clientpositive/perf/query70.q.out b/ql/src/test/results/clientpositive/perf/query70.q.out
index d13165d844..00b1c8f4e9 100644
--- a/ql/src/test/results/clientpositive/perf/query70.q.out
+++ b/ql/src/test/results/clientpositive/perf/query70.q.out
@@ -119,7 +119,7 @@ Stage-0
                                                 |              outputColumnNames:["_col0"]
                                                 |              Statistics:Num rows: 36524 Data size: 40870356 Basic stats: COMPLETE Column stats: NONE
                                                 |              Filter Operator [FIL_81]
-                                                |                 predicate:(d_month_seq BETWEEN 1193 AND 1204 and d_date_sk is not null) (type: boolean)
+                                                |                 predicate:(d_date_sk is not null and d_month_seq BETWEEN 1193 AND 1204) (type: boolean)
                                                 |                 Statistics:Num rows: 36524 Data size: 40870356 Basic stats: COMPLETE Column stats: NONE
                                                 |                 TableScan [TS_3]
                                                 |                    alias:d1
diff --git a/ql/src/test/results/clientpositive/perf/query71.q.out b/ql/src/test/results/clientpositive/perf/query71.q.out
index fa50e56058..3a13a189e8 100644
--- a/ql/src/test/results/clientpositive/perf/query71.q.out
+++ b/ql/src/test/results/clientpositive/perf/query71.q.out
@@ -67,7 +67,7 @@ Stage-0
                               |        outputColumnNames:["_col0","_col1","_col2"]
                               |        Statistics:Num rows: 86400 Data size: 40694400 Basic stats: COMPLETE Column stats: NONE
                               |        Filter Operator [FIL_82]
-                              |           predicate:(((t_meal_time = 'breakfast') or (t_meal_time = 'dinner')) and t_time_sk is not null) (type: boolean)
+                              |           predicate:(t_time_sk is not null and ((t_meal_time = 'breakfast') or (t_meal_time = 'dinner'))) (type: boolean)
                               |           Statistics:Num rows: 86400 Data size: 40694400 Basic stats: COMPLETE Column stats: NONE
                               |           TableScan [TS_36]
                               |              alias:time_dim
@@ -95,7 +95,7 @@ Stage-0
                                     |        outputColumnNames:["_col0","_col1","_col2"]
                                     |        Statistics:Num rows: 231000 Data size: 331780228 Basic stats: COMPLETE Column stats: NONE
                                     |        Filter Operator [FIL_75]
-                                    |           predicate:((i_manager_id = 1) and i_item_sk is not null) (type: boolean)
+                                    |           predicate:(i_item_sk is not null and (i_manager_id = 1)) (type: boolean)
                                     |           Statistics:Num rows: 231000 Data size: 331780228 Basic stats: COMPLETE Column stats: NONE
                                     |           TableScan [TS_0]
                                     |              alias:item
@@ -142,7 +142,7 @@ Stage-0
                                        |                 outputColumnNames:["_col0"]
                                        |                 Statistics:Num rows: 18262 Data size: 20435178 Basic stats: COMPLETE Column stats: NONE
                                        |                 Filter Operator [FIL_79]
-                                       |                    predicate:(((d_moy = 12) and d_date_sk is not null) and (d_year = 2001)) (type: boolean)
+                                       |                    predicate:(((d_moy = 12) and (d_year = 2001)) and d_date_sk is not null) (type: boolean)
                                        |                    Statistics:Num rows: 18262 Data size: 20435178 Basic stats: COMPLETE Column stats: NONE
                                        |                    TableScan [TS_16]
                                        |                       alias:date_dim
@@ -188,7 +188,7 @@ Stage-0
                                        |                 outputColumnNames:["_col0"]
                                        |                 Statistics:Num rows: 18262 Data size: 20435178 Basic stats: COMPLETE Column stats: NONE
                                        |                 Filter Operator [FIL_81]
-                                       |                    predicate:(((d_moy = 12) and d_date_sk is not null) and (d_year = 2001)) (type: boolean)
+                                       |                    predicate:(((d_moy = 12) and (d_year = 2001)) and d_date_sk is not null) (type: boolean)
                                        |                    Statistics:Num rows: 18262 Data size: 20435178 Basic stats: COMPLETE Column stats: NONE
                                        |                    TableScan [TS_28]
                                        |                       alias:date_dim
@@ -234,7 +234,7 @@ Stage-0
                                                          outputColumnNames:["_col0"]
                                                          Statistics:Num rows: 18262 Data size: 20435178 Basic stats: COMPLETE Column stats: NONE
                                                          Filter Operator [FIL_77]
-                                                            predicate:(((d_moy = 12) and d_date_sk is not null) and (d_year = 2001)) (type: boolean)
+                                                            predicate:(((d_moy = 12) and (d_year = 2001)) and d_date_sk is not null) (type: boolean)
                                                             Statistics:Num rows: 18262 Data size: 20435178 Basic stats: COMPLETE Column stats: NONE
                                                             TableScan [TS_6]
                                                                alias:date_dim
diff --git a/ql/src/test/results/clientpositive/perf/query72.q.out b/ql/src/test/results/clientpositive/perf/query72.q.out
index bb56f0d695..5d010c6cc9 100644
--- a/ql/src/test/results/clientpositive/perf/query72.q.out
+++ b/ql/src/test/results/clientpositive/perf/query72.q.out
@@ -23,73 +23,76 @@ Stage-0
       limit:100
       Stage-1
          Reducer 13
-         File Output Operator [FS_74]
+         File Output Operator [FS_75]
             compressed:false
             Statistics:Num rows: 100 Data size: 143600 Basic stats: COMPLETE Column stats: NONE
             table:{"input format:":"org.apache.hadoop.mapred.TextInputFormat","output format:":"org.apache.hadoop.hive.ql.io.HiveIgnoreKeyTextOutputFormat","serde:":"org.apache.hadoop.hive.serde2.lazy.LazySimpleSerDe"}
-            Limit [LIM_73]
+            Limit [LIM_74]
                Number of rows:100
                Statistics:Num rows: 100 Data size: 143600 Basic stats: COMPLETE Column stats: NONE
-               Select Operator [SEL_72]
+               Select Operator [SEL_73]
                |  outputColumnNames:["_col0","_col1","_col2","_col3","_col4","_col5"]
                |  Statistics:Num rows: 165056 Data size: 237066834 Basic stats: COMPLETE Column stats: NONE
                |<-Reducer 12 [SIMPLE_EDGE]
-                  Reduce Output Operator [RS_71]
+                  Reduce Output Operator [RS_72]
                      key expressions:_col5 (type: bigint), _col0 (type: string), _col1 (type: string), _col2 (type: int)
                      sort order:-+++
                      Statistics:Num rows: 165056 Data size: 237066834 Basic stats: COMPLETE Column stats: NONE
                      value expressions:_col3 (type: bigint), _col4 (type: bigint)
-                     Group By Operator [GBY_69]
+                     Group By Operator [GBY_70]
                      |  aggregations:["count(VALUE._col0)","count(VALUE._col1)","count(VALUE._col2)"]
                      |  keys:KEY._col0 (type: string), KEY._col1 (type: string), KEY._col2 (type: int)
                      |  outputColumnNames:["_col0","_col1","_col2","_col3","_col4","_col5"]
                      |  Statistics:Num rows: 165056 Data size: 237066834 Basic stats: COMPLETE Column stats: NONE
                      |<-Reducer 11 [SIMPLE_EDGE]
-                        Reduce Output Operator [RS_68]
+                        Reduce Output Operator [RS_69]
                            key expressions:_col0 (type: string), _col1 (type: string), _col2 (type: int)
                            Map-reduce partition columns:_col0 (type: string), _col1 (type: string), _col2 (type: int)
                            sort order:+++
                            Statistics:Num rows: 330112 Data size: 474133669 Basic stats: COMPLETE Column stats: NONE
                            value expressions:_col3 (type: bigint), _col4 (type: bigint), _col5 (type: bigint)
-                           Group By Operator [GBY_67]
+                           Group By Operator [GBY_68]
                               aggregations:["count(_col3)","count(_col4)","count()"]
                               keys:_col0 (type: string), _col1 (type: string), _col2 (type: int)
                               outputColumnNames:["_col0","_col1","_col2","_col3","_col4","_col5"]
                               Statistics:Num rows: 330112 Data size: 474133669 Basic stats: COMPLETE Column stats: NONE
-                              Select Operator [SEL_65]
+                              Select Operator [SEL_66]
                                  outputColumnNames:["_col0","_col1","_col2","_col3","_col4"]
                                  Statistics:Num rows: 330112 Data size: 474133669 Basic stats: COMPLETE Column stats: NONE
-                                 Merge Join Operator [MERGEJOIN_141]
+                                 Merge Join Operator [MERGEJOIN_142]
                                  |  condition map:[{"":"Left Outer Join0 to 1"}]
                                  |  keys:{"0":"_col4 (type: int), _col6 (type: int)","1":"_col0 (type: int), _col1 (type: int)"}
                                  |  outputColumnNames:["_col13","_col15","_col22","_col28"]
                                  |  Statistics:Num rows: 330112 Data size: 474133669 Basic stats: COMPLETE Column stats: NONE
                                  |<-Map 23 [SIMPLE_EDGE]
-                                 |  Reduce Output Operator [RS_63]
+                                 |  Reduce Output Operator [RS_64]
                                  |     key expressions:_col0 (type: int), _col1 (type: int)
                                  |     Map-reduce partition columns:_col0 (type: int), _col1 (type: int)
                                  |     sort order:++
                                  |     Statistics:Num rows: 1 Data size: 0 Basic stats: PARTIAL Column stats: NONE
-                                 |     Select Operator [SEL_58]
+                                 |     Select Operator [SEL_59]
                                  |        outputColumnNames:["_col0","_col1"]
                                  |        Statistics:Num rows: 1 Data size: 0 Basic stats: PARTIAL Column stats: NONE
-                                 |        TableScan [TS_57]
-                                 |           alias:catalog_returns
+                                 |        Filter Operator [FIL_132]
+                                 |           predicate:cr_item_sk is not null (type: boolean)
                                  |           Statistics:Num rows: 1 Data size: 0 Basic stats: PARTIAL Column stats: NONE
+                                 |           TableScan [TS_57]
+                                 |              alias:catalog_returns
+                                 |              Statistics:Num rows: 1 Data size: 0 Basic stats: PARTIAL Column stats: NONE
                                  |<-Reducer 10 [SIMPLE_EDGE]
-                                    Reduce Output Operator [RS_62]
+                                    Reduce Output Operator [RS_63]
                                        key expressions:_col4 (type: int), _col6 (type: int)
                                        Map-reduce partition columns:_col4 (type: int), _col6 (type: int)
                                        sort order:++
                                        Statistics:Num rows: 300102 Data size: 431030599 Basic stats: COMPLETE Column stats: NONE
                                        value expressions:_col13 (type: string), _col15 (type: string), _col22 (type: int), _col28 (type: int)
-                                       Merge Join Operator [MERGEJOIN_140]
+                                       Merge Join Operator [MERGEJOIN_141]
                                        |  condition map:[{"":"Left Outer Join0 to 1"}]
                                        |  keys:{"0":"_col5 (type: int)","1":"_col0 (type: int)"}
                                        |  outputColumnNames:["_col4","_col6","_col13","_col15","_col22","_col28"]
                                        |  Statistics:Num rows: 300102 Data size: 431030599 Basic stats: COMPLETE Column stats: NONE
                                        |<-Map 22 [SIMPLE_EDGE]
-                                       |  Reduce Output Operator [RS_60]
+                                       |  Reduce Output Operator [RS_61]
                                        |     key expressions:_col0 (type: int)
                                        |     Map-reduce partition columns:_col0 (type: int)
                                        |     sort order:+
@@ -101,7 +104,7 @@ Stage-0
                                        |           alias:promotion
                                        |           Statistics:Num rows: 2300 Data size: 2713420 Basic stats: COMPLETE Column stats: NONE
                                        |<-Reducer 9 [SIMPLE_EDGE]
-                                          Reduce Output Operator [RS_59]
+                                          Reduce Output Operator [RS_60]
                                              key expressions:_col5 (type: int)
                                              Map-reduce partition columns:_col5 (type: int)
                                              sort order:+
@@ -113,7 +116,7 @@ Stage-0
                                                 Filter Operator [FIL_53]
                                                    predicate:(UDFToDouble(_col27) > (UDFToDouble(_col21) + 5.0)) (type: boolean)
                                                    Statistics:Num rows: 272820 Data size: 391845991 Basic stats: COMPLETE Column stats: NONE
-                                                   Merge Join Operator [MERGEJOIN_139]
+                                                   Merge Join Operator [MERGEJOIN_140]
                                                    |  condition map:[{"":"Inner Join 0 to 1"}]
                                                    |  keys:{"0":"_col1 (type: int)","1":"_col0 (type: int)"}
                                                    |  outputColumnNames:["_col4","_col5","_col6","_col13","_col15","_col21","_col22","_col27"]
@@ -128,7 +131,7 @@ Stage-0
                                                    |     Select Operator [SEL_31]
                                                    |        outputColumnNames:["_col0","_col1"]
                                                    |        Statistics:Num rows: 73049 Data size: 81741831 Basic stats: COMPLETE Column stats: NONE
-                                                   |        Filter Operator [FIL_129]
+                                                   |        Filter Operator [FIL_130]
                                                    |           predicate:d_date_sk is not null (type: boolean)
                                                    |           Statistics:Num rows: 73049 Data size: 81741831 Basic stats: COMPLETE Column stats: NONE
                                                    |           TableScan [TS_29]
@@ -141,7 +144,7 @@ Stage-0
                                                          sort order:+
                                                          Statistics:Num rows: 744055 Data size: 1068670864 Basic stats: COMPLETE Column stats: NONE
                                                          value expressions:_col4 (type: int), _col5 (type: int), _col6 (type: int), _col13 (type: string), _col15 (type: string), _col21 (type: string), _col22 (type: int)
-                                                         Merge Join Operator [MERGEJOIN_138]
+                                                         Merge Join Operator [MERGEJOIN_139]
                                                          |  condition map:[{"":"Inner Join 0 to 1"}]
                                                          |  keys:{"0":"_col8 (type: int), _col22 (type: int)","1":"_col0 (type: int), _col1 (type: int)"}
                                                          |  outputColumnNames:["_col1","_col4","_col5","_col6","_col13","_col15","_col21","_col22"]
@@ -155,8 +158,8 @@ Stage-0
                                                          |     Select Operator [SEL_28]
                                                          |        outputColumnNames:["_col0","_col1"]
                                                          |        Statistics:Num rows: 73049 Data size: 81741831 Basic stats: COMPLETE Column stats: NONE
-                                                         |        Filter Operator [FIL_128]
-                                                         |           predicate:(d_week_seq is not null and d_date_sk is not null) (type: boolean)
+                                                         |        Filter Operator [FIL_129]
+                                                         |           predicate:(d_date_sk is not null and d_week_seq is not null) (type: boolean)
                                                          |           Statistics:Num rows: 73049 Data size: 81741831 Basic stats: COMPLETE Column stats: NONE
                                                          |           TableScan [TS_26]
                                                          |              alias:d1
@@ -168,7 +171,7 @@ Stage-0
                                                                sort order:++
                                                                Statistics:Num rows: 676414 Data size: 971518947 Basic stats: COMPLETE Column stats: NONE
                                                                value expressions:_col1 (type: int), _col4 (type: int), _col5 (type: int), _col6 (type: int), _col13 (type: string), _col15 (type: string), _col21 (type: string)
-                                                               Merge Join Operator [MERGEJOIN_137]
+                                                               Merge Join Operator [MERGEJOIN_138]
                                                                |  condition map:[{"":"Inner Join 0 to 1"}]
                                                                |  keys:{"0":"_col0 (type: int)","1":"_col0 (type: int)"}
                                                                |  outputColumnNames:["_col1","_col4","_col5","_col6","_col8","_col13","_col15","_col21","_col22"]
@@ -183,7 +186,7 @@ Stage-0
                                                                |     Select Operator [SEL_25]
                                                                |        outputColumnNames:["_col0","_col1","_col2"]
                                                                |        Statistics:Num rows: 36524 Data size: 40870356 Basic stats: COMPLETE Column stats: NONE
-                                                               |        Filter Operator [FIL_127]
+                                                               |        Filter Operator [FIL_128]
                                                                |           predicate:((d_date_sk is not null and (d_year = 2001)) and d_week_seq is not null) (type: boolean)
                                                                |           Statistics:Num rows: 36524 Data size: 40870356 Basic stats: COMPLETE Column stats: NONE
                                                                |           TableScan [TS_23]
@@ -196,7 +199,7 @@ Stage-0
                                                                      sort order:+
                                                                      Statistics:Num rows: 614922 Data size: 883199024 Basic stats: COMPLETE Column stats: NONE
                                                                      value expressions:_col1 (type: int), _col4 (type: int), _col5 (type: int), _col6 (type: int), _col8 (type: int), _col13 (type: string), _col15 (type: string)
-                                                                     Merge Join Operator [MERGEJOIN_136]
+                                                                     Merge Join Operator [MERGEJOIN_137]
                                                                      |  condition map:[{"":"Inner Join 0 to 1"}]
                                                                      |  keys:{"0":"_col3 (type: int)","1":"_col0 (type: int)"}
                                                                      |  outputColumnNames:["_col0","_col1","_col4","_col5","_col6","_col8","_col13","_col15"]
@@ -210,8 +213,8 @@ Stage-0
                                                                      |     Select Operator [SEL_22]
                                                                      |        outputColumnNames:["_col0"]
                                                                      |        Statistics:Num rows: 3600 Data size: 385200 Basic stats: COMPLETE Column stats: NONE
-                                                                     |        Filter Operator [FIL_126]
-                                                                     |           predicate:((hd_buy_potential = '1001-5000') and hd_demo_sk is not null) (type: boolean)
+                                                                     |        Filter Operator [FIL_127]
+                                                                     |           predicate:(hd_demo_sk is not null and (hd_buy_potential = '1001-5000')) (type: boolean)
                                                                      |           Statistics:Num rows: 3600 Data size: 385200 Basic stats: COMPLETE Column stats: NONE
                                                                      |           TableScan [TS_20]
                                                                      |              alias:household_demographics
@@ -223,7 +226,7 @@ Stage-0
                                                                            sort order:+
                                                                            Statistics:Num rows: 559020 Data size: 802908187 Basic stats: COMPLETE Column stats: NONE
                                                                            value expressions:_col0 (type: int), _col1 (type: int), _col4 (type: int), _col5 (type: int), _col6 (type: int), _col8 (type: int), _col13 (type: string), _col15 (type: string)
-                                                                           Merge Join Operator [MERGEJOIN_135]
+                                                                           Merge Join Operator [MERGEJOIN_136]
                                                                            |  condition map:[{"":"Inner Join 0 to 1"}]
                                                                            |  keys:{"0":"_col2 (type: int)","1":"_col0 (type: int)"}
                                                                            |  outputColumnNames:["_col0","_col1","_col3","_col4","_col5","_col6","_col8","_col13","_col15"]
@@ -237,8 +240,8 @@ Stage-0
                                                                            |     Select Operator [SEL_19]
                                                                            |        outputColumnNames:["_col0"]
                                                                            |        Statistics:Num rows: 9900 Data size: 3585529 Basic stats: COMPLETE Column stats: NONE
-                                                                           |        Filter Operator [FIL_125]
-                                                                           |           predicate:((cd_marital_status = 'M') and cd_demo_sk is not null) (type: boolean)
+                                                                           |        Filter Operator [FIL_126]
+                                                                           |           predicate:(cd_demo_sk is not null and (cd_marital_status = 'M')) (type: boolean)
                                                                            |           Statistics:Num rows: 9900 Data size: 3585529 Basic stats: COMPLETE Column stats: NONE
                                                                            |           TableScan [TS_17]
                                                                            |              alias:customer_demographics
@@ -250,7 +253,7 @@ Stage-0
                                                                                  sort order:+
                                                                                  Statistics:Num rows: 508200 Data size: 729916518 Basic stats: COMPLETE Column stats: NONE
                                                                                  value expressions:_col0 (type: int), _col1 (type: int), _col3 (type: int), _col4 (type: int), _col5 (type: int), _col6 (type: int), _col8 (type: int), _col13 (type: string), _col15 (type: string)
-                                                                                 Merge Join Operator [MERGEJOIN_134]
+                                                                                 Merge Join Operator [MERGEJOIN_135]
                                                                                  |  condition map:[{"":"Inner Join 0 to 1"}]
                                                                                  |  keys:{"0":"_col4 (type: int)","1":"_col0 (type: int)"}
                                                                                  |  outputColumnNames:["_col0","_col1","_col2","_col3","_col4","_col5","_col6","_col8","_col13","_col15"]
@@ -265,7 +268,7 @@ Stage-0
                                                                                  |     Select Operator [SEL_16]
                                                                                  |        outputColumnNames:["_col0","_col1"]
                                                                                  |        Statistics:Num rows: 462000 Data size: 663560457 Basic stats: COMPLETE Column stats: NONE
-                                                                                 |        Filter Operator [FIL_124]
+                                                                                 |        Filter Operator [FIL_125]
                                                                                  |           predicate:i_item_sk is not null (type: boolean)
                                                                                  |           Statistics:Num rows: 462000 Data size: 663560457 Basic stats: COMPLETE Column stats: NONE
                                                                                  |           TableScan [TS_14]
@@ -278,7 +281,7 @@ Stage-0
                                                                                        sort order:+
                                                                                        Statistics:Num rows: 29 Data size: 30582 Basic stats: COMPLETE Column stats: NONE
                                                                                        value expressions:_col0 (type: int), _col1 (type: int), _col2 (type: int), _col3 (type: int), _col5 (type: int), _col6 (type: int), _col8 (type: int), _col13 (type: string)
-                                                                                       Merge Join Operator [MERGEJOIN_133]
+                                                                                       Merge Join Operator [MERGEJOIN_134]
                                                                                        |  condition map:[{"":"Inner Join 0 to 1"}]
                                                                                        |  keys:{"0":"_col10 (type: int)","1":"_col0 (type: int)"}
                                                                                        |  outputColumnNames:["_col0","_col1","_col2","_col3","_col4","_col5","_col6","_col8","_col13"]
@@ -293,7 +296,7 @@ Stage-0
                                                                                        |     Select Operator [SEL_13]
                                                                                        |        outputColumnNames:["_col0","_col1"]
                                                                                        |        Statistics:Num rows: 27 Data size: 27802 Basic stats: COMPLETE Column stats: NONE
-                                                                                       |        Filter Operator [FIL_123]
+                                                                                       |        Filter Operator [FIL_124]
                                                                                        |           predicate:w_warehouse_sk is not null (type: boolean)
                                                                                        |           Statistics:Num rows: 27 Data size: 27802 Basic stats: COMPLETE Column stats: NONE
                                                                                        |           TableScan [TS_11]
@@ -312,7 +315,7 @@ Stage-0
                                                                                                 Filter Operator [FIL_9]
                                                                                                    predicate:(_col11 < _col7) (type: boolean)
                                                                                                    Statistics:Num rows: 1 Data size: 0 Basic stats: PARTIAL Column stats: NONE
-                                                                                                   Merge Join Operator [MERGEJOIN_132]
+                                                                                                   Merge Join Operator [MERGEJOIN_133]
                                                                                                    |  condition map:[{"":"Inner Join 0 to 1"}]
                                                                                                    |  keys:{"0":"_col4 (type: int)","1":"_col1 (type: int)"}
                                                                                                    |  outputColumnNames:["_col0","_col1","_col2","_col3","_col4","_col5","_col6","_col7","_col8","_col10","_col11"]
@@ -327,7 +330,7 @@ Stage-0
                                                                                                    |     Select Operator [SEL_2]
                                                                                                    |        outputColumnNames:["_col0","_col1","_col2","_col3","_col4","_col5","_col6","_col7"]
                                                                                                    |        Statistics:Num rows: 1 Data size: 0 Basic stats: PARTIAL Column stats: NONE
-                                                                                                   |        Filter Operator [FIL_121]
+                                                                                                   |        Filter Operator [FIL_122]
                                                                                                    |           predicate:((((cs_item_sk is not null and cs_bill_cdemo_sk is not null) and cs_bill_hdemo_sk is not null) and cs_sold_date_sk is not null) and cs_ship_date_sk is not null) (type: boolean)
                                                                                                    |           Statistics:Num rows: 1 Data size: 0 Basic stats: PARTIAL Column stats: NONE
                                                                                                    |           TableScan [TS_0]
@@ -343,7 +346,7 @@ Stage-0
                                                                                                          Select Operator [SEL_5]
                                                                                                             outputColumnNames:["_col0","_col1","_col2","_col3"]
                                                                                                             Statistics:Num rows: 1 Data size: 0 Basic stats: PARTIAL Column stats: NONE
-                                                                                                            Filter Operator [FIL_122]
+                                                                                                            Filter Operator [FIL_123]
                                                                                                                predicate:((inv_item_sk is not null and inv_warehouse_sk is not null) and inv_date_sk is not null) (type: boolean)
                                                                                                                Statistics:Num rows: 1 Data size: 0 Basic stats: PARTIAL Column stats: NONE
                                                                                                                TableScan [TS_3]
diff --git a/ql/src/test/results/clientpositive/perf/query73.q.out b/ql/src/test/results/clientpositive/perf/query73.q.out
index 9c888543d9..b2236e3d49 100644
--- a/ql/src/test/results/clientpositive/perf/query73.q.out
+++ b/ql/src/test/results/clientpositive/perf/query73.q.out
@@ -169,7 +169,7 @@ Stage-0
                                                                outputColumnNames:["_col0"]
                                                                Statistics:Num rows: 18262 Data size: 20435178 Basic stats: COMPLETE Column stats: NONE
                                                                Filter Operator [FIL_53]
-                                                                  predicate:(((d_year) IN (1998, 1999, 2000) and d_dom BETWEEN 1 AND 2) and d_date_sk is not null) (type: boolean)
+                                                                  predicate:((d_dom BETWEEN 1 AND 2 and (d_year) IN (1998, 1999, 2000)) and d_date_sk is not null) (type: boolean)
                                                                   Statistics:Num rows: 18262 Data size: 20435178 Basic stats: COMPLETE Column stats: NONE
                                                                   TableScan [TS_3]
                                                                      alias:date_dim
diff --git a/ql/src/test/results/clientpositive/perf/query75.q.out b/ql/src/test/results/clientpositive/perf/query75.q.out
index f3f9827a53..0ca6ac14d1 100644
--- a/ql/src/test/results/clientpositive/perf/query75.q.out
+++ b/ql/src/test/results/clientpositive/perf/query75.q.out
@@ -33,696 +33,717 @@ Stage-0
       limit:100
       Stage-1
          Reducer 8
-         File Output Operator [FS_150]
+         File Output Operator [FS_156]
             compressed:false
             Statistics:Num rows: 100 Data size: 143600 Basic stats: COMPLETE Column stats: NONE
             table:{"input format:":"org.apache.hadoop.mapred.TextInputFormat","output format:":"org.apache.hadoop.hive.ql.io.HiveIgnoreKeyTextOutputFormat","serde:":"org.apache.hadoop.hive.serde2.lazy.LazySimpleSerDe"}
-            Limit [LIM_149]
+            Limit [LIM_155]
                Number of rows:100
                Statistics:Num rows: 100 Data size: 143600 Basic stats: COMPLETE Column stats: NONE
-               Select Operator [SEL_148]
+               Select Operator [SEL_154]
                |  outputColumnNames:["_col0","_col1","_col2","_col3","_col4","_col5","_col6","_col7","_col8","_col9"]
                |  Statistics:Num rows: 169103 Data size: 242878993 Basic stats: COMPLETE Column stats: NONE
                |<-Reducer 7 [SIMPLE_EDGE]
-                  Reduce Output Operator [RS_147]
+                  Reduce Output Operator [RS_153]
                      key expressions:_col8 (type: bigint)
                      sort order:+
                      Statistics:Num rows: 169103 Data size: 242878993 Basic stats: COMPLETE Column stats: NONE
-                     value expressions:_col0 (type: int), _col2 (type: int), _col3 (type: int), _col4 (type: int), _col5 (type: int), _col6 (type: bigint), _col7 (type: bigint), _col9 (type: double)
-                     Select Operator [SEL_146]
-                        outputColumnNames:["_col0","_col2","_col3","_col4","_col5","_col6","_col7","_col8","_col9"]
+                     value expressions:_col0 (type: int), _col1 (type: int), _col2 (type: int), _col3 (type: int), _col4 (type: int), _col5 (type: int), _col6 (type: bigint), _col7 (type: bigint), _col9 (type: double)
+                     Select Operator [SEL_152]
+                        outputColumnNames:["_col0","_col1","_col2","_col3","_col4","_col5","_col6","_col7","_col8","_col9"]
                         Statistics:Num rows: 169103 Data size: 242878993 Basic stats: COMPLETE Column stats: NONE
-                        Filter Operator [FIL_145]
+                        Filter Operator [FIL_151]
                            predicate:((CAST( _col5 AS decimal(17,2)) / CAST( _col12 AS decimal(17,2))) < 0.9) (type: boolean)
                            Statistics:Num rows: 169103 Data size: 242878993 Basic stats: COMPLETE Column stats: NONE
-                           Merge Join Operator [MERGEJOIN_253]
+                           Merge Join Operator [MERGEJOIN_259]
                            |  condition map:[{"":"Inner Join 0 to 1"}]
                            |  keys:{"0":"_col1 (type: int), _col2 (type: int), _col3 (type: int), _col4 (type: int)","1":"_col1 (type: int), _col2 (type: int), _col3 (type: int), _col4 (type: int)"}
-                           |  outputColumnNames:["_col1","_col2","_col3","_col4","_col5","_col6","_col7","_col12","_col13"]
+                           |  outputColumnNames:["_col0","_col1","_col2","_col3","_col4","_col5","_col6","_col7","_col12","_col13"]
                            |  Statistics:Num rows: 507310 Data size: 728638416 Basic stats: COMPLETE Column stats: NONE
                            |<-Reducer 31 [SIMPLE_EDGE]
-                           |  Reduce Output Operator [RS_143]
+                           |  Reduce Output Operator [RS_149]
                            |     key expressions:_col1 (type: int), _col2 (type: int), _col3 (type: int), _col4 (type: int)
                            |     Map-reduce partition columns:_col1 (type: int), _col2 (type: int), _col3 (type: int), _col4 (type: int)
                            |     sort order:++++
                            |     Statistics:Num rows: 461191 Data size: 662398546 Basic stats: COMPLETE Column stats: NONE
                            |     value expressions:_col0 (type: int), _col5 (type: bigint), _col6 (type: double)
-                           |     Group By Operator [GBY_140]
+                           |     Group By Operator [GBY_146]
                            |     |  aggregations:["sum(VALUE._col0)","sum(VALUE._col1)"]
                            |     |  keys:KEY._col0 (type: int), KEY._col1 (type: int), KEY._col2 (type: int), KEY._col3 (type: int), KEY._col4 (type: int)
                            |     |  outputColumnNames:["_col0","_col1","_col2","_col3","_col4","_col5","_col6"]
                            |     |  Statistics:Num rows: 461191 Data size: 662398546 Basic stats: COMPLETE Column stats: NONE
                            |     |<-Union 30 [SIMPLE_EDGE]
                            |        |<-Reducer 29 [CONTAINS]
-                           |        |  Reduce Output Operator [RS_139]
+                           |        |  Reduce Output Operator [RS_145]
                            |        |     key expressions:_col0 (type: int), _col1 (type: int), _col2 (type: int), _col3 (type: int), _col4 (type: int)
                            |        |     Map-reduce partition columns:_col0 (type: int), _col1 (type: int), _col2 (type: int), _col3 (type: int), _col4 (type: int)
                            |        |     sort order:+++++
                            |        |     Statistics:Num rows: 922383 Data size: 1324798530 Basic stats: COMPLETE Column stats: NONE
                            |        |     value expressions:_col5 (type: bigint), _col6 (type: double)
-                           |        |     Group By Operator [GBY_138]
+                           |        |     Group By Operator [GBY_144]
                            |        |        aggregations:["sum(_col5)","sum(_col6)"]
                            |        |        keys:_col0 (type: int), _col1 (type: int), _col2 (type: int), _col3 (type: int), _col4 (type: int)
                            |        |        outputColumnNames:["_col0","_col1","_col2","_col3","_col4","_col5","_col6"]
                            |        |        Statistics:Num rows: 922383 Data size: 1324798530 Basic stats: COMPLETE Column stats: NONE
-                           |        |        Select Operator [SEL_91]
+                           |        |        Select Operator [SEL_142]
                            |        |           outputColumnNames:["_col0","_col1","_col2","_col3","_col4","_col5","_col6"]
-                           |        |           Statistics:Num rows: 307461 Data size: 441599510 Basic stats: COMPLETE Column stats: NONE
-                           |        |           Merge Join Operator [MERGEJOIN_246]
-                           |        |           |  condition map:[{"":"Left Outer Join0 to 1"}]
-                           |        |           |  keys:{"0":"_col2 (type: int), _col1 (type: int)","1":"_col1 (type: int), _col0 (type: int)"}
-                           |        |           |  outputColumnNames:["_col3","_col4","_col6","_col7","_col8","_col10","_col12","_col15","_col16"]
-                           |        |           |  Statistics:Num rows: 307461 Data size: 441599510 Basic stats: COMPLETE Column stats: NONE
-                           |        |           |<-Map 34 [SIMPLE_EDGE]
-                           |        |           |  Reduce Output Operator [RS_89]
-                           |        |           |     key expressions:_col1 (type: int), _col0 (type: int)
-                           |        |           |     Map-reduce partition columns:_col1 (type: int), _col0 (type: int)
-                           |        |           |     sort order:++
-                           |        |           |     Statistics:Num rows: 1 Data size: 0 Basic stats: PARTIAL Column stats: NONE
-                           |        |           |     value expressions:_col2 (type: int), _col3 (type: decimal(7,2))
-                           |        |           |     Select Operator [SEL_81]
-                           |        |           |        outputColumnNames:["_col0","_col1","_col2","_col3"]
-                           |        |           |        Statistics:Num rows: 1 Data size: 0 Basic stats: PARTIAL Column stats: NONE
-                           |        |           |        TableScan [TS_80]
-                           |        |           |           alias:catalog_returns
-                           |        |           |           Statistics:Num rows: 1 Data size: 0 Basic stats: PARTIAL Column stats: NONE
-                           |        |           |<-Reducer 28 [SIMPLE_EDGE]
-                           |        |              Reduce Output Operator [RS_88]
-                           |        |                 key expressions:_col2 (type: int), _col1 (type: int)
-                           |        |                 Map-reduce partition columns:_col2 (type: int), _col1 (type: int)
-                           |        |                 sort order:++
-                           |        |                 Statistics:Num rows: 279510 Data size: 401454092 Basic stats: COMPLETE Column stats: NONE
-                           |        |                 value expressions:_col3 (type: int), _col4 (type: decimal(7,2)), _col6 (type: int), _col7 (type: int), _col8 (type: int), _col10 (type: int), _col12 (type: int)
-                           |        |                 Merge Join Operator [MERGEJOIN_245]
-                           |        |                 |  condition map:[{"":"Inner Join 0 to 1"}]
-                           |        |                 |  keys:{"0":"_col0 (type: int)","1":"_col0 (type: int)"}
-                           |        |                 |  outputColumnNames:["_col1","_col2","_col3","_col4","_col6","_col7","_col8","_col10","_col12"]
-                           |        |                 |  Statistics:Num rows: 279510 Data size: 401454092 Basic stats: COMPLETE Column stats: NONE
-                           |        |                 |<-Map 33 [SIMPLE_EDGE]
-                           |        |                 |  Reduce Output Operator [RS_86]
-                           |        |                 |     key expressions:_col0 (type: int)
-                           |        |                 |     Map-reduce partition columns:_col0 (type: int)
-                           |        |                 |     sort order:+
-                           |        |                 |     Statistics:Num rows: 36524 Data size: 40870356 Basic stats: COMPLETE Column stats: NONE
-                           |        |                 |     value expressions:2001 (type: int)
-                           |        |                 |     Select Operator [SEL_79]
-                           |        |                 |        outputColumnNames:["_col0"]
-                           |        |                 |        Statistics:Num rows: 36524 Data size: 40870356 Basic stats: COMPLETE Column stats: NONE
-                           |        |                 |        Filter Operator [FIL_225]
-                           |        |                 |           predicate:((d_year = 2001) and d_date_sk is not null) (type: boolean)
-                           |        |                 |           Statistics:Num rows: 36524 Data size: 40870356 Basic stats: COMPLETE Column stats: NONE
-                           |        |                 |           TableScan [TS_77]
-                           |        |                 |              alias:date_dim
-                           |        |                 |              Statistics:Num rows: 73049 Data size: 81741831 Basic stats: COMPLETE Column stats: NONE
-                           |        |                 |<-Reducer 27 [SIMPLE_EDGE]
-                           |        |                    Reduce Output Operator [RS_85]
-                           |        |                       key expressions:_col0 (type: int)
-                           |        |                       Map-reduce partition columns:_col0 (type: int)
-                           |        |                       sort order:+
-                           |        |                       Statistics:Num rows: 254100 Data size: 364958258 Basic stats: COMPLETE Column stats: NONE
-                           |        |                       value expressions:_col1 (type: int), _col2 (type: int), _col3 (type: int), _col4 (type: decimal(7,2)), _col6 (type: int), _col7 (type: int), _col8 (type: int), _col10 (type: int)
-                           |        |                       Merge Join Operator [MERGEJOIN_244]
-                           |        |                       |  condition map:[{"":"Inner Join 0 to 1"}]
-                           |        |                       |  keys:{"0":"_col1 (type: int)","1":"_col0 (type: int)"}
-                           |        |                       |  outputColumnNames:["_col0","_col1","_col2","_col3","_col4","_col6","_col7","_col8","_col10"]
-                           |        |                       |  Statistics:Num rows: 254100 Data size: 364958258 Basic stats: COMPLETE Column stats: NONE
-                           |        |                       |<-Map 26 [SIMPLE_EDGE]
-                           |        |                       |  Reduce Output Operator [RS_82]
-                           |        |                       |     key expressions:_col1 (type: int)
-                           |        |                       |     Map-reduce partition columns:_col1 (type: int)
-                           |        |                       |     sort order:+
-                           |        |                       |     Statistics:Num rows: 1 Data size: 0 Basic stats: PARTIAL Column stats: NONE
-                           |        |                       |     value expressions:_col0 (type: int), _col2 (type: int), _col3 (type: int), _col4 (type: decimal(7,2))
-                           |        |                       |     Select Operator [SEL_73]
-                           |        |                       |        outputColumnNames:["_col0","_col1","_col2","_col3","_col4"]
-                           |        |                       |        Statistics:Num rows: 1 Data size: 0 Basic stats: PARTIAL Column stats: NONE
-                           |        |                       |        Filter Operator [FIL_223]
-                           |        |                       |           predicate:(cs_item_sk is not null and cs_sold_date_sk is not null) (type: boolean)
-                           |        |                       |           Statistics:Num rows: 1 Data size: 0 Basic stats: PARTIAL Column stats: NONE
-                           |        |                       |           TableScan [TS_71]
-                           |        |                       |              alias:catalog_sales
-                           |        |                       |              Statistics:Num rows: 1 Data size: 0 Basic stats: PARTIAL Column stats: NONE
-                           |        |                       |<-Map 32 [SIMPLE_EDGE]
-                           |        |                          Reduce Output Operator [RS_83]
-                           |        |                             key expressions:_col0 (type: int)
-                           |        |                             Map-reduce partition columns:_col0 (type: int)
-                           |        |                             sort order:+
-                           |        |                             Statistics:Num rows: 231000 Data size: 331780228 Basic stats: COMPLETE Column stats: NONE
-                           |        |                             value expressions:_col1 (type: int), _col2 (type: int), _col3 (type: int), _col5 (type: int)
-                           |        |                             Select Operator [SEL_76]
-                           |        |                                outputColumnNames:["_col0","_col1","_col2","_col3","_col5"]
+                           |        |           Statistics:Num rows: 922383 Data size: 1324798530 Basic stats: COMPLETE Column stats: NONE
+                           |        |           Select Operator [SEL_95]
+                           |        |              outputColumnNames:["_col1","_col2","_col3","_col4","_col5","_col6"]
+                           |        |              Statistics:Num rows: 307461 Data size: 441599510 Basic stats: COMPLETE Column stats: NONE
+                           |        |              Merge Join Operator [MERGEJOIN_252]
+                           |        |              |  condition map:[{"":"Left Outer Join0 to 1"}]
+                           |        |              |  keys:{"0":"_col2 (type: int), _col1 (type: int)","1":"_col1 (type: int), _col0 (type: int)"}
+                           |        |              |  outputColumnNames:["_col3","_col4","_col6","_col7","_col8","_col10","_col15","_col16"]
+                           |        |              |  Statistics:Num rows: 307461 Data size: 441599510 Basic stats: COMPLETE Column stats: NONE
+                           |        |              |<-Map 34 [SIMPLE_EDGE]
+                           |        |              |  Reduce Output Operator [RS_93]
+                           |        |              |     key expressions:_col1 (type: int), _col0 (type: int)
+                           |        |              |     Map-reduce partition columns:_col1 (type: int), _col0 (type: int)
+                           |        |              |     sort order:++
+                           |        |              |     Statistics:Num rows: 1 Data size: 0 Basic stats: PARTIAL Column stats: NONE
+                           |        |              |     value expressions:_col2 (type: int), _col3 (type: decimal(7,2))
+                           |        |              |     Select Operator [SEL_85]
+                           |        |              |        outputColumnNames:["_col0","_col1","_col2","_col3"]
+                           |        |              |        Statistics:Num rows: 1 Data size: 0 Basic stats: PARTIAL Column stats: NONE
+                           |        |              |        Filter Operator [FIL_232]
+                           |        |              |           predicate:cr_item_sk is not null (type: boolean)
+                           |        |              |           Statistics:Num rows: 1 Data size: 0 Basic stats: PARTIAL Column stats: NONE
+                           |        |              |           TableScan [TS_83]
+                           |        |              |              alias:catalog_returns
+                           |        |              |              Statistics:Num rows: 1 Data size: 0 Basic stats: PARTIAL Column stats: NONE
+                           |        |              |<-Reducer 28 [SIMPLE_EDGE]
+                           |        |                 Reduce Output Operator [RS_92]
+                           |        |                    key expressions:_col2 (type: int), _col1 (type: int)
+                           |        |                    Map-reduce partition columns:_col2 (type: int), _col1 (type: int)
+                           |        |                    sort order:++
+                           |        |                    Statistics:Num rows: 279510 Data size: 401454092 Basic stats: COMPLETE Column stats: NONE
+                           |        |                    value expressions:_col3 (type: int), _col4 (type: decimal(7,2)), _col6 (type: int), _col7 (type: int), _col8 (type: int), _col10 (type: int)
+                           |        |                    Merge Join Operator [MERGEJOIN_251]
+                           |        |                    |  condition map:[{"":"Inner Join 0 to 1"}]
+                           |        |                    |  keys:{"0":"_col0 (type: int)","1":"_col0 (type: int)"}
+                           |        |                    |  outputColumnNames:["_col1","_col2","_col3","_col4","_col6","_col7","_col8","_col10"]
+                           |        |                    |  Statistics:Num rows: 279510 Data size: 401454092 Basic stats: COMPLETE Column stats: NONE
+                           |        |                    |<-Map 33 [SIMPLE_EDGE]
+                           |        |                    |  Reduce Output Operator [RS_90]
+                           |        |                    |     key expressions:_col0 (type: int)
+                           |        |                    |     Map-reduce partition columns:_col0 (type: int)
+                           |        |                    |     sort order:+
+                           |        |                    |     Statistics:Num rows: 36524 Data size: 40870356 Basic stats: COMPLETE Column stats: NONE
+                           |        |                    |     Select Operator [SEL_82]
+                           |        |                    |        outputColumnNames:["_col0"]
+                           |        |                    |        Statistics:Num rows: 36524 Data size: 40870356 Basic stats: COMPLETE Column stats: NONE
+                           |        |                    |        Filter Operator [FIL_231]
+                           |        |                    |           predicate:(d_date_sk is not null and (d_year = 2001)) (type: boolean)
+                           |        |                    |           Statistics:Num rows: 36524 Data size: 40870356 Basic stats: COMPLETE Column stats: NONE
+                           |        |                    |           TableScan [TS_80]
+                           |        |                    |              alias:date_dim
+                           |        |                    |              Statistics:Num rows: 73049 Data size: 81741831 Basic stats: COMPLETE Column stats: NONE
+                           |        |                    |<-Reducer 27 [SIMPLE_EDGE]
+                           |        |                       Reduce Output Operator [RS_89]
+                           |        |                          key expressions:_col0 (type: int)
+                           |        |                          Map-reduce partition columns:_col0 (type: int)
+                           |        |                          sort order:+
+                           |        |                          Statistics:Num rows: 254100 Data size: 364958258 Basic stats: COMPLETE Column stats: NONE
+                           |        |                          value expressions:_col1 (type: int), _col2 (type: int), _col3 (type: int), _col4 (type: decimal(7,2)), _col6 (type: int), _col7 (type: int), _col8 (type: int), _col10 (type: int)
+                           |        |                          Merge Join Operator [MERGEJOIN_250]
+                           |        |                          |  condition map:[{"":"Inner Join 0 to 1"}]
+                           |        |                          |  keys:{"0":"_col1 (type: int)","1":"_col0 (type: int)"}
+                           |        |                          |  outputColumnNames:["_col0","_col1","_col2","_col3","_col4","_col6","_col7","_col8","_col10"]
+                           |        |                          |  Statistics:Num rows: 254100 Data size: 364958258 Basic stats: COMPLETE Column stats: NONE
+                           |        |                          |<-Map 26 [SIMPLE_EDGE]
+                           |        |                          |  Reduce Output Operator [RS_86]
+                           |        |                          |     key expressions:_col1 (type: int)
+                           |        |                          |     Map-reduce partition columns:_col1 (type: int)
+                           |        |                          |     sort order:+
+                           |        |                          |     Statistics:Num rows: 1 Data size: 0 Basic stats: PARTIAL Column stats: NONE
+                           |        |                          |     value expressions:_col0 (type: int), _col2 (type: int), _col3 (type: int), _col4 (type: decimal(7,2))
+                           |        |                          |     Select Operator [SEL_76]
+                           |        |                          |        outputColumnNames:["_col0","_col1","_col2","_col3","_col4"]
+                           |        |                          |        Statistics:Num rows: 1 Data size: 0 Basic stats: PARTIAL Column stats: NONE
+                           |        |                          |        Filter Operator [FIL_229]
+                           |        |                          |           predicate:(cs_item_sk is not null and cs_sold_date_sk is not null) (type: boolean)
+                           |        |                          |           Statistics:Num rows: 1 Data size: 0 Basic stats: PARTIAL Column stats: NONE
+                           |        |                          |           TableScan [TS_74]
+                           |        |                          |              alias:catalog_sales
+                           |        |                          |              Statistics:Num rows: 1 Data size: 0 Basic stats: PARTIAL Column stats: NONE
+                           |        |                          |<-Map 32 [SIMPLE_EDGE]
+                           |        |                             Reduce Output Operator [RS_87]
+                           |        |                                key expressions:_col0 (type: int)
+                           |        |                                Map-reduce partition columns:_col0 (type: int)
+                           |        |                                sort order:+
                            |        |                                Statistics:Num rows: 231000 Data size: 331780228 Basic stats: COMPLETE Column stats: NONE
-                           |        |                                Filter Operator [FIL_224]
-                           |        |                                   predicate:((((((i_category = 'Sports') and i_item_sk is not null) and i_category_id is not null) and i_manufact_id is not null) and i_class_id is not null) and i_brand_id is not null) (type: boolean)
+                           |        |                                value expressions:_col1 (type: int), _col2 (type: int), _col3 (type: int), _col5 (type: int)
+                           |        |                                Select Operator [SEL_79]
+                           |        |                                   outputColumnNames:["_col0","_col1","_col2","_col3","_col5"]
                            |        |                                   Statistics:Num rows: 231000 Data size: 331780228 Basic stats: COMPLETE Column stats: NONE
-                           |        |                                   TableScan [TS_74]
-                           |        |                                      alias:item
-                           |        |                                      Statistics:Num rows: 462000 Data size: 663560457 Basic stats: COMPLETE Column stats: NONE
+                           |        |                                   Filter Operator [FIL_230]
+                           |        |                                      predicate:(((((i_item_sk is not null and (i_category = 'Sports')) and i_brand_id is not null) and i_class_id is not null) and i_category_id is not null) and i_manufact_id is not null) (type: boolean)
+                           |        |                                      Statistics:Num rows: 231000 Data size: 331780228 Basic stats: COMPLETE Column stats: NONE
+                           |        |                                      TableScan [TS_77]
+                           |        |                                         alias:item
+                           |        |                                         Statistics:Num rows: 462000 Data size: 663560457 Basic stats: COMPLETE Column stats: NONE
                            |        |<-Reducer 38 [CONTAINS]
-                           |        |  Reduce Output Operator [RS_139]
+                           |        |  Reduce Output Operator [RS_145]
                            |        |     key expressions:_col0 (type: int), _col1 (type: int), _col2 (type: int), _col3 (type: int), _col4 (type: int)
                            |        |     Map-reduce partition columns:_col0 (type: int), _col1 (type: int), _col2 (type: int), _col3 (type: int), _col4 (type: int)
                            |        |     sort order:+++++
                            |        |     Statistics:Num rows: 922383 Data size: 1324798530 Basic stats: COMPLETE Column stats: NONE
                            |        |     value expressions:_col5 (type: bigint), _col6 (type: double)
-                           |        |     Group By Operator [GBY_138]
+                           |        |     Group By Operator [GBY_144]
                            |        |        aggregations:["sum(_col5)","sum(_col6)"]
                            |        |        keys:_col0 (type: int), _col1 (type: int), _col2 (type: int), _col3 (type: int), _col4 (type: int)
                            |        |        outputColumnNames:["_col0","_col1","_col2","_col3","_col4","_col5","_col6"]
                            |        |        Statistics:Num rows: 922383 Data size: 1324798530 Basic stats: COMPLETE Column stats: NONE
-                           |        |        Select Operator [SEL_112]
+                           |        |        Select Operator [SEL_142]
                            |        |           outputColumnNames:["_col0","_col1","_col2","_col3","_col4","_col5","_col6"]
-                           |        |           Statistics:Num rows: 307461 Data size: 441599510 Basic stats: COMPLETE Column stats: NONE
-                           |        |           Merge Join Operator [MERGEJOIN_249]
-                           |        |           |  condition map:[{"":"Left Outer Join0 to 1"}]
-                           |        |           |  keys:{"0":"_col2 (type: int), _col1 (type: int)","1":"_col1 (type: int), _col0 (type: int)"}
-                           |        |           |  outputColumnNames:["_col3","_col4","_col6","_col7","_col8","_col10","_col12","_col15","_col16"]
-                           |        |           |  Statistics:Num rows: 307461 Data size: 441599510 Basic stats: COMPLETE Column stats: NONE
-                           |        |           |<-Map 41 [SIMPLE_EDGE]
-                           |        |           |  Reduce Output Operator [RS_110]
-                           |        |           |     key expressions:_col1 (type: int), _col0 (type: int)
-                           |        |           |     Map-reduce partition columns:_col1 (type: int), _col0 (type: int)
-                           |        |           |     sort order:++
-                           |        |           |     Statistics:Num rows: 1 Data size: 0 Basic stats: PARTIAL Column stats: NONE
-                           |        |           |     value expressions:_col2 (type: int), _col3 (type: decimal(7,2))
-                           |        |           |     Select Operator [SEL_102]
-                           |        |           |        outputColumnNames:["_col0","_col1","_col2","_col3"]
-                           |        |           |        Statistics:Num rows: 1 Data size: 0 Basic stats: PARTIAL Column stats: NONE
-                           |        |           |        TableScan [TS_101]
-                           |        |           |           alias:store_returns
-                           |        |           |           Statistics:Num rows: 1 Data size: 0 Basic stats: PARTIAL Column stats: NONE
-                           |        |           |<-Reducer 37 [SIMPLE_EDGE]
-                           |        |              Reduce Output Operator [RS_109]
-                           |        |                 key expressions:_col2 (type: int), _col1 (type: int)
-                           |        |                 Map-reduce partition columns:_col2 (type: int), _col1 (type: int)
-                           |        |                 sort order:++
-                           |        |                 Statistics:Num rows: 279510 Data size: 401454092 Basic stats: COMPLETE Column stats: NONE
-                           |        |                 value expressions:_col3 (type: int), _col4 (type: decimal(7,2)), _col6 (type: int), _col7 (type: int), _col8 (type: int), _col10 (type: int), _col12 (type: int)
-                           |        |                 Merge Join Operator [MERGEJOIN_248]
-                           |        |                 |  condition map:[{"":"Inner Join 0 to 1"}]
-                           |        |                 |  keys:{"0":"_col0 (type: int)","1":"_col0 (type: int)"}
-                           |        |                 |  outputColumnNames:["_col1","_col2","_col3","_col4","_col6","_col7","_col8","_col10","_col12"]
-                           |        |                 |  Statistics:Num rows: 279510 Data size: 401454092 Basic stats: COMPLETE Column stats: NONE
-                           |        |                 |<-Map 40 [SIMPLE_EDGE]
-                           |        |                 |  Reduce Output Operator [RS_107]
-                           |        |                 |     key expressions:_col0 (type: int)
-                           |        |                 |     Map-reduce partition columns:_col0 (type: int)
-                           |        |                 |     sort order:+
-                           |        |                 |     Statistics:Num rows: 36524 Data size: 40870356 Basic stats: COMPLETE Column stats: NONE
-                           |        |                 |     value expressions:2001 (type: int)
-                           |        |                 |     Select Operator [SEL_100]
-                           |        |                 |        outputColumnNames:["_col0"]
-                           |        |                 |        Statistics:Num rows: 36524 Data size: 40870356 Basic stats: COMPLETE Column stats: NONE
-                           |        |                 |        Filter Operator [FIL_229]
-                           |        |                 |           predicate:((d_year = 2001) and d_date_sk is not null) (type: boolean)
-                           |        |                 |           Statistics:Num rows: 36524 Data size: 40870356 Basic stats: COMPLETE Column stats: NONE
-                           |        |                 |           TableScan [TS_98]
-                           |        |                 |              alias:date_dim
-                           |        |                 |              Statistics:Num rows: 73049 Data size: 81741831 Basic stats: COMPLETE Column stats: NONE
-                           |        |                 |<-Reducer 36 [SIMPLE_EDGE]
-                           |        |                    Reduce Output Operator [RS_106]
-                           |        |                       key expressions:_col0 (type: int)
-                           |        |                       Map-reduce partition columns:_col0 (type: int)
-                           |        |                       sort order:+
-                           |        |                       Statistics:Num rows: 254100 Data size: 364958258 Basic stats: COMPLETE Column stats: NONE
-                           |        |                       value expressions:_col1 (type: int), _col2 (type: int), _col3 (type: int), _col4 (type: decimal(7,2)), _col6 (type: int), _col7 (type: int), _col8 (type: int), _col10 (type: int)
-                           |        |                       Merge Join Operator [MERGEJOIN_247]
-                           |        |                       |  condition map:[{"":"Inner Join 0 to 1"}]
-                           |        |                       |  keys:{"0":"_col1 (type: int)","1":"_col0 (type: int)"}
-                           |        |                       |  outputColumnNames:["_col0","_col1","_col2","_col3","_col4","_col6","_col7","_col8","_col10"]
-                           |        |                       |  Statistics:Num rows: 254100 Data size: 364958258 Basic stats: COMPLETE Column stats: NONE
-                           |        |                       |<-Map 35 [SIMPLE_EDGE]
-                           |        |                       |  Reduce Output Operator [RS_103]
-                           |        |                       |     key expressions:_col1 (type: int)
-                           |        |                       |     Map-reduce partition columns:_col1 (type: int)
-                           |        |                       |     sort order:+
-                           |        |                       |     Statistics:Num rows: 1 Data size: 0 Basic stats: PARTIAL Column stats: NONE
-                           |        |                       |     value expressions:_col0 (type: int), _col2 (type: int), _col3 (type: int), _col4 (type: decimal(7,2))
-                           |        |                       |     Select Operator [SEL_94]
-                           |        |                       |        outputColumnNames:["_col0","_col1","_col2","_col3","_col4"]
-                           |        |                       |        Statistics:Num rows: 1 Data size: 0 Basic stats: PARTIAL Column stats: NONE
-                           |        |                       |        Filter Operator [FIL_227]
-                           |        |                       |           predicate:(ss_item_sk is not null and ss_sold_date_sk is not null) (type: boolean)
-                           |        |                       |           Statistics:Num rows: 1 Data size: 0 Basic stats: PARTIAL Column stats: NONE
-                           |        |                       |           TableScan [TS_92]
-                           |        |                       |              alias:store_sales
-                           |        |                       |              Statistics:Num rows: 1 Data size: 0 Basic stats: PARTIAL Column stats: NONE
-                           |        |                       |<-Map 39 [SIMPLE_EDGE]
-                           |        |                          Reduce Output Operator [RS_104]
-                           |        |                             key expressions:_col0 (type: int)
-                           |        |                             Map-reduce partition columns:_col0 (type: int)
-                           |        |                             sort order:+
-                           |        |                             Statistics:Num rows: 231000 Data size: 331780228 Basic stats: COMPLETE Column stats: NONE
-                           |        |                             value expressions:_col1 (type: int), _col2 (type: int), _col3 (type: int), _col5 (type: int)
-                           |        |                             Select Operator [SEL_97]
-                           |        |                                outputColumnNames:["_col0","_col1","_col2","_col3","_col5"]
+                           |        |           Statistics:Num rows: 922383 Data size: 1324798530 Basic stats: COMPLETE Column stats: NONE
+                           |        |           Select Operator [SEL_117]
+                           |        |              outputColumnNames:["_col1","_col2","_col3","_col4","_col5","_col6"]
+                           |        |              Statistics:Num rows: 307461 Data size: 441599510 Basic stats: COMPLETE Column stats: NONE
+                           |        |              Merge Join Operator [MERGEJOIN_255]
+                           |        |              |  condition map:[{"":"Left Outer Join0 to 1"}]
+                           |        |              |  keys:{"0":"_col2 (type: int), _col1 (type: int)","1":"_col1 (type: int), _col0 (type: int)"}
+                           |        |              |  outputColumnNames:["_col3","_col4","_col6","_col7","_col8","_col10","_col15","_col16"]
+                           |        |              |  Statistics:Num rows: 307461 Data size: 441599510 Basic stats: COMPLETE Column stats: NONE
+                           |        |              |<-Map 41 [SIMPLE_EDGE]
+                           |        |              |  Reduce Output Operator [RS_115]
+                           |        |              |     key expressions:_col1 (type: int), _col0 (type: int)
+                           |        |              |     Map-reduce partition columns:_col1 (type: int), _col0 (type: int)
+                           |        |              |     sort order:++
+                           |        |              |     Statistics:Num rows: 1 Data size: 0 Basic stats: PARTIAL Column stats: NONE
+                           |        |              |     value expressions:_col2 (type: int), _col3 (type: decimal(7,2))
+                           |        |              |     Select Operator [SEL_107]
+                           |        |              |        outputColumnNames:["_col0","_col1","_col2","_col3"]
+                           |        |              |        Statistics:Num rows: 1 Data size: 0 Basic stats: PARTIAL Column stats: NONE
+                           |        |              |        Filter Operator [FIL_236]
+                           |        |              |           predicate:sr_item_sk is not null (type: boolean)
+                           |        |              |           Statistics:Num rows: 1 Data size: 0 Basic stats: PARTIAL Column stats: NONE
+                           |        |              |           TableScan [TS_105]
+                           |        |              |              alias:store_returns
+                           |        |              |              Statistics:Num rows: 1 Data size: 0 Basic stats: PARTIAL Column stats: NONE
+                           |        |              |<-Reducer 37 [SIMPLE_EDGE]
+                           |        |                 Reduce Output Operator [RS_114]
+                           |        |                    key expressions:_col2 (type: int), _col1 (type: int)
+                           |        |                    Map-reduce partition columns:_col2 (type: int), _col1 (type: int)
+                           |        |                    sort order:++
+                           |        |                    Statistics:Num rows: 279510 Data size: 401454092 Basic stats: COMPLETE Column stats: NONE
+                           |        |                    value expressions:_col3 (type: int), _col4 (type: decimal(7,2)), _col6 (type: int), _col7 (type: int), _col8 (type: int), _col10 (type: int)
+                           |        |                    Merge Join Operator [MERGEJOIN_254]
+                           |        |                    |  condition map:[{"":"Inner Join 0 to 1"}]
+                           |        |                    |  keys:{"0":"_col0 (type: int)","1":"_col0 (type: int)"}
+                           |        |                    |  outputColumnNames:["_col1","_col2","_col3","_col4","_col6","_col7","_col8","_col10"]
+                           |        |                    |  Statistics:Num rows: 279510 Data size: 401454092 Basic stats: COMPLETE Column stats: NONE
+                           |        |                    |<-Map 40 [SIMPLE_EDGE]
+                           |        |                    |  Reduce Output Operator [RS_112]
+                           |        |                    |     key expressions:_col0 (type: int)
+                           |        |                    |     Map-reduce partition columns:_col0 (type: int)
+                           |        |                    |     sort order:+
+                           |        |                    |     Statistics:Num rows: 36524 Data size: 40870356 Basic stats: COMPLETE Column stats: NONE
+                           |        |                    |     Select Operator [SEL_104]
+                           |        |                    |        outputColumnNames:["_col0"]
+                           |        |                    |        Statistics:Num rows: 36524 Data size: 40870356 Basic stats: COMPLETE Column stats: NONE
+                           |        |                    |        Filter Operator [FIL_235]
+                           |        |                    |           predicate:(d_date_sk is not null and (d_year = 2001)) (type: boolean)
+                           |        |                    |           Statistics:Num rows: 36524 Data size: 40870356 Basic stats: COMPLETE Column stats: NONE
+                           |        |                    |           TableScan [TS_102]
+                           |        |                    |              alias:date_dim
+                           |        |                    |              Statistics:Num rows: 73049 Data size: 81741831 Basic stats: COMPLETE Column stats: NONE
+                           |        |                    |<-Reducer 36 [SIMPLE_EDGE]
+                           |        |                       Reduce Output Operator [RS_111]
+                           |        |                          key expressions:_col0 (type: int)
+                           |        |                          Map-reduce partition columns:_col0 (type: int)
+                           |        |                          sort order:+
+                           |        |                          Statistics:Num rows: 254100 Data size: 364958258 Basic stats: COMPLETE Column stats: NONE
+                           |        |                          value expressions:_col1 (type: int), _col2 (type: int), _col3 (type: int), _col4 (type: decimal(7,2)), _col6 (type: int), _col7 (type: int), _col8 (type: int), _col10 (type: int)
+                           |        |                          Merge Join Operator [MERGEJOIN_253]
+                           |        |                          |  condition map:[{"":"Inner Join 0 to 1"}]
+                           |        |                          |  keys:{"0":"_col1 (type: int)","1":"_col0 (type: int)"}
+                           |        |                          |  outputColumnNames:["_col0","_col1","_col2","_col3","_col4","_col6","_col7","_col8","_col10"]
+                           |        |                          |  Statistics:Num rows: 254100 Data size: 364958258 Basic stats: COMPLETE Column stats: NONE
+                           |        |                          |<-Map 35 [SIMPLE_EDGE]
+                           |        |                          |  Reduce Output Operator [RS_108]
+                           |        |                          |     key expressions:_col1 (type: int)
+                           |        |                          |     Map-reduce partition columns:_col1 (type: int)
+                           |        |                          |     sort order:+
+                           |        |                          |     Statistics:Num rows: 1 Data size: 0 Basic stats: PARTIAL Column stats: NONE
+                           |        |                          |     value expressions:_col0 (type: int), _col2 (type: int), _col3 (type: int), _col4 (type: decimal(7,2))
+                           |        |                          |     Select Operator [SEL_98]
+                           |        |                          |        outputColumnNames:["_col0","_col1","_col2","_col3","_col4"]
+                           |        |                          |        Statistics:Num rows: 1 Data size: 0 Basic stats: PARTIAL Column stats: NONE
+                           |        |                          |        Filter Operator [FIL_233]
+                           |        |                          |           predicate:(ss_item_sk is not null and ss_sold_date_sk is not null) (type: boolean)
+                           |        |                          |           Statistics:Num rows: 1 Data size: 0 Basic stats: PARTIAL Column stats: NONE
+                           |        |                          |           TableScan [TS_96]
+                           |        |                          |              alias:store_sales
+                           |        |                          |              Statistics:Num rows: 1 Data size: 0 Basic stats: PARTIAL Column stats: NONE
+                           |        |                          |<-Map 39 [SIMPLE_EDGE]
+                           |        |                             Reduce Output Operator [RS_109]
+                           |        |                                key expressions:_col0 (type: int)
+                           |        |                                Map-reduce partition columns:_col0 (type: int)
+                           |        |                                sort order:+
                            |        |                                Statistics:Num rows: 231000 Data size: 331780228 Basic stats: COMPLETE Column stats: NONE
-                           |        |                                Filter Operator [FIL_228]
-                           |        |                                   predicate:((((((i_category = 'Sports') and i_item_sk is not null) and i_category_id is not null) and i_manufact_id is not null) and i_class_id is not null) and i_brand_id is not null) (type: boolean)
+                           |        |                                value expressions:_col1 (type: int), _col2 (type: int), _col3 (type: int), _col5 (type: int)
+                           |        |                                Select Operator [SEL_101]
+                           |        |                                   outputColumnNames:["_col0","_col1","_col2","_col3","_col5"]
                            |        |                                   Statistics:Num rows: 231000 Data size: 331780228 Basic stats: COMPLETE Column stats: NONE
-                           |        |                                   TableScan [TS_95]
-                           |        |                                      alias:item
-                           |        |                                      Statistics:Num rows: 462000 Data size: 663560457 Basic stats: COMPLETE Column stats: NONE
+                           |        |                                   Filter Operator [FIL_234]
+                           |        |                                      predicate:(((((i_item_sk is not null and (i_category = 'Sports')) and i_brand_id is not null) and i_class_id is not null) and i_category_id is not null) and i_manufact_id is not null) (type: boolean)
+                           |        |                                      Statistics:Num rows: 231000 Data size: 331780228 Basic stats: COMPLETE Column stats: NONE
+                           |        |                                      TableScan [TS_99]
+                           |        |                                         alias:item
+                           |        |                                         Statistics:Num rows: 462000 Data size: 663560457 Basic stats: COMPLETE Column stats: NONE
                            |        |<-Reducer 45 [CONTAINS]
-                           |           Reduce Output Operator [RS_139]
+                           |           Reduce Output Operator [RS_145]
                            |              key expressions:_col0 (type: int), _col1 (type: int), _col2 (type: int), _col3 (type: int), _col4 (type: int)
                            |              Map-reduce partition columns:_col0 (type: int), _col1 (type: int), _col2 (type: int), _col3 (type: int), _col4 (type: int)
                            |              sort order:+++++
                            |              Statistics:Num rows: 922383 Data size: 1324798530 Basic stats: COMPLETE Column stats: NONE
                            |              value expressions:_col5 (type: bigint), _col6 (type: double)
-                           |              Group By Operator [GBY_138]
+                           |              Group By Operator [GBY_144]
                            |                 aggregations:["sum(_col5)","sum(_col6)"]
                            |                 keys:_col0 (type: int), _col1 (type: int), _col2 (type: int), _col3 (type: int), _col4 (type: int)
                            |                 outputColumnNames:["_col0","_col1","_col2","_col3","_col4","_col5","_col6"]
                            |                 Statistics:Num rows: 922383 Data size: 1324798530 Basic stats: COMPLETE Column stats: NONE
-                           |                 Select Operator [SEL_135]
+                           |                 Select Operator [SEL_142]
                            |                    outputColumnNames:["_col0","_col1","_col2","_col3","_col4","_col5","_col6"]
-                           |                    Statistics:Num rows: 307461 Data size: 441599510 Basic stats: COMPLETE Column stats: NONE
-                           |                    Merge Join Operator [MERGEJOIN_252]
-                           |                    |  condition map:[{"":"Left Outer Join0 to 1"}]
-                           |                    |  keys:{"0":"_col2 (type: int), _col1 (type: int)","1":"_col1 (type: int), _col0 (type: int)"}
-                           |                    |  outputColumnNames:["_col3","_col4","_col6","_col7","_col8","_col10","_col12","_col15","_col16"]
-                           |                    |  Statistics:Num rows: 307461 Data size: 441599510 Basic stats: COMPLETE Column stats: NONE
-                           |                    |<-Map 48 [SIMPLE_EDGE]
-                           |                    |  Reduce Output Operator [RS_133]
-                           |                    |     key expressions:_col1 (type: int), _col0 (type: int)
-                           |                    |     Map-reduce partition columns:_col1 (type: int), _col0 (type: int)
-                           |                    |     sort order:++
-                           |                    |     Statistics:Num rows: 1 Data size: 0 Basic stats: PARTIAL Column stats: NONE
-                           |                    |     value expressions:_col2 (type: int), _col3 (type: decimal(7,2))
-                           |                    |     Select Operator [SEL_125]
-                           |                    |        outputColumnNames:["_col0","_col1","_col2","_col3"]
-                           |                    |        Statistics:Num rows: 1 Data size: 0 Basic stats: PARTIAL Column stats: NONE
-                           |                    |        TableScan [TS_124]
-                           |                    |           alias:web_returns
-                           |                    |           Statistics:Num rows: 1 Data size: 0 Basic stats: PARTIAL Column stats: NONE
-                           |                    |<-Reducer 44 [SIMPLE_EDGE]
-                           |                       Reduce Output Operator [RS_132]
-                           |                          key expressions:_col2 (type: int), _col1 (type: int)
-                           |                          Map-reduce partition columns:_col2 (type: int), _col1 (type: int)
-                           |                          sort order:++
-                           |                          Statistics:Num rows: 279510 Data size: 401454092 Basic stats: COMPLETE Column stats: NONE
-                           |                          value expressions:_col3 (type: int), _col4 (type: decimal(7,2)), _col6 (type: int), _col7 (type: int), _col8 (type: int), _col10 (type: int), _col12 (type: int)
-                           |                          Merge Join Operator [MERGEJOIN_251]
-                           |                          |  condition map:[{"":"Inner Join 0 to 1"}]
-                           |                          |  keys:{"0":"_col0 (type: int)","1":"_col0 (type: int)"}
-                           |                          |  outputColumnNames:["_col1","_col2","_col3","_col4","_col6","_col7","_col8","_col10","_col12"]
-                           |                          |  Statistics:Num rows: 279510 Data size: 401454092 Basic stats: COMPLETE Column stats: NONE
-                           |                          |<-Map 47 [SIMPLE_EDGE]
-                           |                          |  Reduce Output Operator [RS_130]
-                           |                          |     key expressions:_col0 (type: int)
-                           |                          |     Map-reduce partition columns:_col0 (type: int)
-                           |                          |     sort order:+
-                           |                          |     Statistics:Num rows: 36524 Data size: 40870356 Basic stats: COMPLETE Column stats: NONE
-                           |                          |     value expressions:2001 (type: int)
-                           |                          |     Select Operator [SEL_123]
-                           |                          |        outputColumnNames:["_col0"]
-                           |                          |        Statistics:Num rows: 36524 Data size: 40870356 Basic stats: COMPLETE Column stats: NONE
-                           |                          |        Filter Operator [FIL_233]
-                           |                          |           predicate:((d_year = 2001) and d_date_sk is not null) (type: boolean)
-                           |                          |           Statistics:Num rows: 36524 Data size: 40870356 Basic stats: COMPLETE Column stats: NONE
-                           |                          |           TableScan [TS_121]
-                           |                          |              alias:date_dim
-                           |                          |              Statistics:Num rows: 73049 Data size: 81741831 Basic stats: COMPLETE Column stats: NONE
-                           |                          |<-Reducer 43 [SIMPLE_EDGE]
-                           |                             Reduce Output Operator [RS_129]
-                           |                                key expressions:_col0 (type: int)
-                           |                                Map-reduce partition columns:_col0 (type: int)
-                           |                                sort order:+
-                           |                                Statistics:Num rows: 254100 Data size: 364958258 Basic stats: COMPLETE Column stats: NONE
-                           |                                value expressions:_col1 (type: int), _col2 (type: int), _col3 (type: int), _col4 (type: decimal(7,2)), _col6 (type: int), _col7 (type: int), _col8 (type: int), _col10 (type: int)
-                           |                                Merge Join Operator [MERGEJOIN_250]
-                           |                                |  condition map:[{"":"Inner Join 0 to 1"}]
-                           |                                |  keys:{"0":"_col1 (type: int)","1":"_col0 (type: int)"}
-                           |                                |  outputColumnNames:["_col0","_col1","_col2","_col3","_col4","_col6","_col7","_col8","_col10"]
-                           |                                |  Statistics:Num rows: 254100 Data size: 364958258 Basic stats: COMPLETE Column stats: NONE
-                           |                                |<-Map 42 [SIMPLE_EDGE]
-                           |                                |  Reduce Output Operator [RS_126]
-                           |                                |     key expressions:_col1 (type: int)
-                           |                                |     Map-reduce partition columns:_col1 (type: int)
-                           |                                |     sort order:+
-                           |                                |     Statistics:Num rows: 1 Data size: 0 Basic stats: PARTIAL Column stats: NONE
-                           |                                |     value expressions:_col0 (type: int), _col2 (type: int), _col3 (type: int), _col4 (type: decimal(7,2))
-                           |                                |     Select Operator [SEL_117]
-                           |                                |        outputColumnNames:["_col0","_col1","_col2","_col3","_col4"]
-                           |                                |        Statistics:Num rows: 1 Data size: 0 Basic stats: PARTIAL Column stats: NONE
-                           |                                |        Filter Operator [FIL_231]
-                           |                                |           predicate:(ws_item_sk is not null and ws_sold_date_sk is not null) (type: boolean)
-                           |                                |           Statistics:Num rows: 1 Data size: 0 Basic stats: PARTIAL Column stats: NONE
-                           |                                |           TableScan [TS_115]
-                           |                                |              alias:web_sales
-                           |                                |              Statistics:Num rows: 1 Data size: 0 Basic stats: PARTIAL Column stats: NONE
-                           |                                |<-Map 46 [SIMPLE_EDGE]
-                           |                                   Reduce Output Operator [RS_127]
-                           |                                      key expressions:_col0 (type: int)
-                           |                                      Map-reduce partition columns:_col0 (type: int)
-                           |                                      sort order:+
-                           |                                      Statistics:Num rows: 231000 Data size: 331780228 Basic stats: COMPLETE Column stats: NONE
-                           |                                      value expressions:_col1 (type: int), _col2 (type: int), _col3 (type: int), _col5 (type: int)
-                           |                                      Select Operator [SEL_120]
-                           |                                         outputColumnNames:["_col0","_col1","_col2","_col3","_col5"]
+                           |                    Statistics:Num rows: 922383 Data size: 1324798530 Basic stats: COMPLETE Column stats: NONE
+                           |                    Select Operator [SEL_141]
+                           |                       outputColumnNames:["_col1","_col2","_col3","_col4","_col5","_col6"]
+                           |                       Statistics:Num rows: 307461 Data size: 441599510 Basic stats: COMPLETE Column stats: NONE
+                           |                       Merge Join Operator [MERGEJOIN_258]
+                           |                       |  condition map:[{"":"Left Outer Join0 to 1"}]
+                           |                       |  keys:{"0":"_col2 (type: int), _col1 (type: int)","1":"_col1 (type: int), _col0 (type: int)"}
+                           |                       |  outputColumnNames:["_col3","_col4","_col6","_col7","_col8","_col10","_col15","_col16"]
+                           |                       |  Statistics:Num rows: 307461 Data size: 441599510 Basic stats: COMPLETE Column stats: NONE
+                           |                       |<-Map 48 [SIMPLE_EDGE]
+                           |                       |  Reduce Output Operator [RS_139]
+                           |                       |     key expressions:_col1 (type: int), _col0 (type: int)
+                           |                       |     Map-reduce partition columns:_col1 (type: int), _col0 (type: int)
+                           |                       |     sort order:++
+                           |                       |     Statistics:Num rows: 1 Data size: 0 Basic stats: PARTIAL Column stats: NONE
+                           |                       |     value expressions:_col2 (type: int), _col3 (type: decimal(7,2))
+                           |                       |     Select Operator [SEL_131]
+                           |                       |        outputColumnNames:["_col0","_col1","_col2","_col3"]
+                           |                       |        Statistics:Num rows: 1 Data size: 0 Basic stats: PARTIAL Column stats: NONE
+                           |                       |        Filter Operator [FIL_240]
+                           |                       |           predicate:wr_item_sk is not null (type: boolean)
+                           |                       |           Statistics:Num rows: 1 Data size: 0 Basic stats: PARTIAL Column stats: NONE
+                           |                       |           TableScan [TS_129]
+                           |                       |              alias:web_returns
+                           |                       |              Statistics:Num rows: 1 Data size: 0 Basic stats: PARTIAL Column stats: NONE
+                           |                       |<-Reducer 44 [SIMPLE_EDGE]
+                           |                          Reduce Output Operator [RS_138]
+                           |                             key expressions:_col2 (type: int), _col1 (type: int)
+                           |                             Map-reduce partition columns:_col2 (type: int), _col1 (type: int)
+                           |                             sort order:++
+                           |                             Statistics:Num rows: 279510 Data size: 401454092 Basic stats: COMPLETE Column stats: NONE
+                           |                             value expressions:_col3 (type: int), _col4 (type: decimal(7,2)), _col6 (type: int), _col7 (type: int), _col8 (type: int), _col10 (type: int)
+                           |                             Merge Join Operator [MERGEJOIN_257]
+                           |                             |  condition map:[{"":"Inner Join 0 to 1"}]
+                           |                             |  keys:{"0":"_col0 (type: int)","1":"_col0 (type: int)"}
+                           |                             |  outputColumnNames:["_col1","_col2","_col3","_col4","_col6","_col7","_col8","_col10"]
+                           |                             |  Statistics:Num rows: 279510 Data size: 401454092 Basic stats: COMPLETE Column stats: NONE
+                           |                             |<-Map 47 [SIMPLE_EDGE]
+                           |                             |  Reduce Output Operator [RS_136]
+                           |                             |     key expressions:_col0 (type: int)
+                           |                             |     Map-reduce partition columns:_col0 (type: int)
+                           |                             |     sort order:+
+                           |                             |     Statistics:Num rows: 36524 Data size: 40870356 Basic stats: COMPLETE Column stats: NONE
+                           |                             |     Select Operator [SEL_128]
+                           |                             |        outputColumnNames:["_col0"]
+                           |                             |        Statistics:Num rows: 36524 Data size: 40870356 Basic stats: COMPLETE Column stats: NONE
+                           |                             |        Filter Operator [FIL_239]
+                           |                             |           predicate:(d_date_sk is not null and (d_year = 2001)) (type: boolean)
+                           |                             |           Statistics:Num rows: 36524 Data size: 40870356 Basic stats: COMPLETE Column stats: NONE
+                           |                             |           TableScan [TS_126]
+                           |                             |              alias:date_dim
+                           |                             |              Statistics:Num rows: 73049 Data size: 81741831 Basic stats: COMPLETE Column stats: NONE
+                           |                             |<-Reducer 43 [SIMPLE_EDGE]
+                           |                                Reduce Output Operator [RS_135]
+                           |                                   key expressions:_col0 (type: int)
+                           |                                   Map-reduce partition columns:_col0 (type: int)
+                           |                                   sort order:+
+                           |                                   Statistics:Num rows: 254100 Data size: 364958258 Basic stats: COMPLETE Column stats: NONE
+                           |                                   value expressions:_col1 (type: int), _col2 (type: int), _col3 (type: int), _col4 (type: decimal(7,2)), _col6 (type: int), _col7 (type: int), _col8 (type: int), _col10 (type: int)
+                           |                                   Merge Join Operator [MERGEJOIN_256]
+                           |                                   |  condition map:[{"":"Inner Join 0 to 1"}]
+                           |                                   |  keys:{"0":"_col1 (type: int)","1":"_col0 (type: int)"}
+                           |                                   |  outputColumnNames:["_col0","_col1","_col2","_col3","_col4","_col6","_col7","_col8","_col10"]
+                           |                                   |  Statistics:Num rows: 254100 Data size: 364958258 Basic stats: COMPLETE Column stats: NONE
+                           |                                   |<-Map 42 [SIMPLE_EDGE]
+                           |                                   |  Reduce Output Operator [RS_132]
+                           |                                   |     key expressions:_col1 (type: int)
+                           |                                   |     Map-reduce partition columns:_col1 (type: int)
+                           |                                   |     sort order:+
+                           |                                   |     Statistics:Num rows: 1 Data size: 0 Basic stats: PARTIAL Column stats: NONE
+                           |                                   |     value expressions:_col0 (type: int), _col2 (type: int), _col3 (type: int), _col4 (type: decimal(7,2))
+                           |                                   |     Select Operator [SEL_122]
+                           |                                   |        outputColumnNames:["_col0","_col1","_col2","_col3","_col4"]
+                           |                                   |        Statistics:Num rows: 1 Data size: 0 Basic stats: PARTIAL Column stats: NONE
+                           |                                   |        Filter Operator [FIL_237]
+                           |                                   |           predicate:(ws_item_sk is not null and ws_sold_date_sk is not null) (type: boolean)
+                           |                                   |           Statistics:Num rows: 1 Data size: 0 Basic stats: PARTIAL Column stats: NONE
+                           |                                   |           TableScan [TS_120]
+                           |                                   |              alias:web_sales
+                           |                                   |              Statistics:Num rows: 1 Data size: 0 Basic stats: PARTIAL Column stats: NONE
+                           |                                   |<-Map 46 [SIMPLE_EDGE]
+                           |                                      Reduce Output Operator [RS_133]
+                           |                                         key expressions:_col0 (type: int)
+                           |                                         Map-reduce partition columns:_col0 (type: int)
+                           |                                         sort order:+
                            |                                         Statistics:Num rows: 231000 Data size: 331780228 Basic stats: COMPLETE Column stats: NONE
-                           |                                         Filter Operator [FIL_232]
-                           |                                            predicate:((((((i_category = 'Sports') and i_item_sk is not null) and i_category_id is not null) and i_manufact_id is not null) and i_class_id is not null) and i_brand_id is not null) (type: boolean)
+                           |                                         value expressions:_col1 (type: int), _col2 (type: int), _col3 (type: int), _col5 (type: int)
+                           |                                         Select Operator [SEL_125]
+                           |                                            outputColumnNames:["_col0","_col1","_col2","_col3","_col5"]
                            |                                            Statistics:Num rows: 231000 Data size: 331780228 Basic stats: COMPLETE Column stats: NONE
-                           |                                            TableScan [TS_118]
-                           |                                               alias:item
-                           |                                               Statistics:Num rows: 462000 Data size: 663560457 Basic stats: COMPLETE Column stats: NONE
+                           |                                            Filter Operator [FIL_238]
+                           |                                               predicate:(((((i_item_sk is not null and (i_category = 'Sports')) and i_brand_id is not null) and i_class_id is not null) and i_category_id is not null) and i_manufact_id is not null) (type: boolean)
+                           |                                               Statistics:Num rows: 231000 Data size: 331780228 Basic stats: COMPLETE Column stats: NONE
+                           |                                               TableScan [TS_123]
+                           |                                                  alias:item
+                           |                                                  Statistics:Num rows: 462000 Data size: 663560457 Basic stats: COMPLETE Column stats: NONE
                            |<-Reducer 6 [SIMPLE_EDGE]
-                              Reduce Output Operator [RS_142]
+                              Reduce Output Operator [RS_148]
                                  key expressions:_col1 (type: int), _col2 (type: int), _col3 (type: int), _col4 (type: int)
                                  Map-reduce partition columns:_col1 (type: int), _col2 (type: int), _col3 (type: int), _col4 (type: int)
                                  sort order:++++
                                  Statistics:Num rows: 461191 Data size: 662398546 Basic stats: COMPLETE Column stats: NONE
-                                 value expressions:_col5 (type: bigint), _col6 (type: double)
-                                 Select Operator [SEL_70]
-                                    outputColumnNames:["_col1","_col2","_col3","_col4","_col5","_col6"]
-                                    Statistics:Num rows: 461191 Data size: 662398546 Basic stats: COMPLETE Column stats: NONE
-                                    Group By Operator [GBY_69]
-                                    |  aggregations:["sum(VALUE._col0)","sum(VALUE._col1)"]
-                                    |  keys:KEY._col0 (type: int), KEY._col1 (type: int), KEY._col2 (type: int), KEY._col3 (type: int), KEY._col4 (type: int)
-                                    |  outputColumnNames:["_col0","_col1","_col2","_col3","_col4","_col5","_col6"]
-                                    |  Statistics:Num rows: 461191 Data size: 662398546 Basic stats: COMPLETE Column stats: NONE
-                                    |<-Union 5 [SIMPLE_EDGE]
-                                       |<-Reducer 15 [CONTAINS]
-                                       |  Reduce Output Operator [RS_68]
-                                       |     key expressions:_col0 (type: int), _col1 (type: int), _col2 (type: int), _col3 (type: int), _col4 (type: int)
-                                       |     Map-reduce partition columns:_col0 (type: int), _col1 (type: int), _col2 (type: int), _col3 (type: int), _col4 (type: int)
-                                       |     sort order:+++++
-                                       |     Statistics:Num rows: 922383 Data size: 1324798530 Basic stats: COMPLETE Column stats: NONE
-                                       |     value expressions:_col5 (type: bigint), _col6 (type: double)
-                                       |     Group By Operator [GBY_67]
-                                       |        aggregations:["sum(_col5)","sum(_col6)"]
-                                       |        keys:_col0 (type: int), _col1 (type: int), _col2 (type: int), _col3 (type: int), _col4 (type: int)
-                                       |        outputColumnNames:["_col0","_col1","_col2","_col3","_col4","_col5","_col6"]
-                                       |        Statistics:Num rows: 922383 Data size: 1324798530 Basic stats: COMPLETE Column stats: NONE
-                                       |        Select Operator [SEL_65]
-                                       |           outputColumnNames:["_col0","_col1","_col2","_col3","_col4","_col5","_col6"]
-                                       |           Statistics:Num rows: 922383 Data size: 1324798530 Basic stats: COMPLETE Column stats: NONE
-                                       |           Select Operator [SEL_41]
-                                       |              outputColumnNames:["_col1","_col2","_col3","_col4","_col5","_col6"]
-                                       |              Statistics:Num rows: 307461 Data size: 441599510 Basic stats: COMPLETE Column stats: NONE
-                                       |              Merge Join Operator [MERGEJOIN_240]
-                                       |              |  condition map:[{"":"Left Outer Join0 to 1"}]
-                                       |              |  keys:{"0":"_col2 (type: int), _col1 (type: int)","1":"_col1 (type: int), _col0 (type: int)"}
-                                       |              |  outputColumnNames:["_col3","_col4","_col6","_col7","_col8","_col10","_col15","_col16"]
-                                       |              |  Statistics:Num rows: 307461 Data size: 441599510 Basic stats: COMPLETE Column stats: NONE
-                                       |              |<-Map 18 [SIMPLE_EDGE]
-                                       |              |  Reduce Output Operator [RS_39]
-                                       |              |     key expressions:_col1 (type: int), _col0 (type: int)
-                                       |              |     Map-reduce partition columns:_col1 (type: int), _col0 (type: int)
-                                       |              |     sort order:++
-                                       |              |     Statistics:Num rows: 1 Data size: 0 Basic stats: PARTIAL Column stats: NONE
-                                       |              |     value expressions:_col2 (type: int), _col3 (type: decimal(7,2))
-                                       |              |     Select Operator [SEL_31]
-                                       |              |        outputColumnNames:["_col0","_col1","_col2","_col3"]
-                                       |              |        Statistics:Num rows: 1 Data size: 0 Basic stats: PARTIAL Column stats: NONE
-                                       |              |        TableScan [TS_30]
-                                       |              |           alias:store_returns
-                                       |              |           Statistics:Num rows: 1 Data size: 0 Basic stats: PARTIAL Column stats: NONE
-                                       |              |<-Reducer 14 [SIMPLE_EDGE]
-                                       |                 Reduce Output Operator [RS_38]
-                                       |                    key expressions:_col2 (type: int), _col1 (type: int)
-                                       |                    Map-reduce partition columns:_col2 (type: int), _col1 (type: int)
-                                       |                    sort order:++
-                                       |                    Statistics:Num rows: 279510 Data size: 401454092 Basic stats: COMPLETE Column stats: NONE
-                                       |                    value expressions:_col3 (type: int), _col4 (type: decimal(7,2)), _col6 (type: int), _col7 (type: int), _col8 (type: int), _col10 (type: int)
-                                       |                    Merge Join Operator [MERGEJOIN_239]
-                                       |                    |  condition map:[{"":"Inner Join 0 to 1"}]
-                                       |                    |  keys:{"0":"_col0 (type: int)","1":"_col0 (type: int)"}
-                                       |                    |  outputColumnNames:["_col1","_col2","_col3","_col4","_col6","_col7","_col8","_col10"]
-                                       |                    |  Statistics:Num rows: 279510 Data size: 401454092 Basic stats: COMPLETE Column stats: NONE
-                                       |                    |<-Map 17 [SIMPLE_EDGE]
-                                       |                    |  Reduce Output Operator [RS_36]
-                                       |                    |     key expressions:_col0 (type: int)
-                                       |                    |     Map-reduce partition columns:_col0 (type: int)
-                                       |                    |     sort order:+
-                                       |                    |     Statistics:Num rows: 36524 Data size: 40870356 Basic stats: COMPLETE Column stats: NONE
-                                       |                    |     Select Operator [SEL_29]
-                                       |                    |        outputColumnNames:["_col0"]
-                                       |                    |        Statistics:Num rows: 36524 Data size: 40870356 Basic stats: COMPLETE Column stats: NONE
-                                       |                    |        Filter Operator [FIL_217]
-                                       |                    |           predicate:((d_year = 2002) and d_date_sk is not null) (type: boolean)
-                                       |                    |           Statistics:Num rows: 36524 Data size: 40870356 Basic stats: COMPLETE Column stats: NONE
-                                       |                    |           TableScan [TS_27]
-                                       |                    |              alias:date_dim
-                                       |                    |              Statistics:Num rows: 73049 Data size: 81741831 Basic stats: COMPLETE Column stats: NONE
-                                       |                    |<-Reducer 13 [SIMPLE_EDGE]
-                                       |                       Reduce Output Operator [RS_35]
-                                       |                          key expressions:_col0 (type: int)
-                                       |                          Map-reduce partition columns:_col0 (type: int)
-                                       |                          sort order:+
-                                       |                          Statistics:Num rows: 254100 Data size: 364958258 Basic stats: COMPLETE Column stats: NONE
-                                       |                          value expressions:_col1 (type: int), _col2 (type: int), _col3 (type: int), _col4 (type: decimal(7,2)), _col6 (type: int), _col7 (type: int), _col8 (type: int), _col10 (type: int)
-                                       |                          Merge Join Operator [MERGEJOIN_238]
-                                       |                          |  condition map:[{"":"Inner Join 0 to 1"}]
-                                       |                          |  keys:{"0":"_col1 (type: int)","1":"_col0 (type: int)"}
-                                       |                          |  outputColumnNames:["_col0","_col1","_col2","_col3","_col4","_col6","_col7","_col8","_col10"]
-                                       |                          |  Statistics:Num rows: 254100 Data size: 364958258 Basic stats: COMPLETE Column stats: NONE
-                                       |                          |<-Map 12 [SIMPLE_EDGE]
-                                       |                          |  Reduce Output Operator [RS_32]
-                                       |                          |     key expressions:_col1 (type: int)
-                                       |                          |     Map-reduce partition columns:_col1 (type: int)
-                                       |                          |     sort order:+
-                                       |                          |     Statistics:Num rows: 1 Data size: 0 Basic stats: PARTIAL Column stats: NONE
-                                       |                          |     value expressions:_col0 (type: int), _col2 (type: int), _col3 (type: int), _col4 (type: decimal(7,2))
-                                       |                          |     Select Operator [SEL_23]
-                                       |                          |        outputColumnNames:["_col0","_col1","_col2","_col3","_col4"]
-                                       |                          |        Statistics:Num rows: 1 Data size: 0 Basic stats: PARTIAL Column stats: NONE
-                                       |                          |        Filter Operator [FIL_215]
-                                       |                          |           predicate:(ss_item_sk is not null and ss_sold_date_sk is not null) (type: boolean)
-                                       |                          |           Statistics:Num rows: 1 Data size: 0 Basic stats: PARTIAL Column stats: NONE
-                                       |                          |           TableScan [TS_21]
-                                       |                          |              alias:store_sales
-                                       |                          |              Statistics:Num rows: 1 Data size: 0 Basic stats: PARTIAL Column stats: NONE
-                                       |                          |<-Map 16 [SIMPLE_EDGE]
-                                       |                             Reduce Output Operator [RS_33]
-                                       |                                key expressions:_col0 (type: int)
-                                       |                                Map-reduce partition columns:_col0 (type: int)
-                                       |                                sort order:+
-                                       |                                Statistics:Num rows: 231000 Data size: 331780228 Basic stats: COMPLETE Column stats: NONE
-                                       |                                value expressions:_col1 (type: int), _col2 (type: int), _col3 (type: int), _col5 (type: int)
-                                       |                                Select Operator [SEL_26]
-                                       |                                   outputColumnNames:["_col0","_col1","_col2","_col3","_col5"]
-                                       |                                   Statistics:Num rows: 231000 Data size: 331780228 Basic stats: COMPLETE Column stats: NONE
-                                       |                                   Filter Operator [FIL_216]
-                                       |                                      predicate:((((((i_category = 'Sports') and i_item_sk is not null) and i_category_id is not null) and i_manufact_id is not null) and i_class_id is not null) and i_brand_id is not null) (type: boolean)
-                                       |                                      Statistics:Num rows: 231000 Data size: 331780228 Basic stats: COMPLETE Column stats: NONE
-                                       |                                      TableScan [TS_24]
-                                       |                                         alias:item
-                                       |                                         Statistics:Num rows: 462000 Data size: 663560457 Basic stats: COMPLETE Column stats: NONE
-                                       |<-Reducer 22 [CONTAINS]
-                                       |  Reduce Output Operator [RS_68]
-                                       |     key expressions:_col0 (type: int), _col1 (type: int), _col2 (type: int), _col3 (type: int), _col4 (type: int)
-                                       |     Map-reduce partition columns:_col0 (type: int), _col1 (type: int), _col2 (type: int), _col3 (type: int), _col4 (type: int)
-                                       |     sort order:+++++
-                                       |     Statistics:Num rows: 922383 Data size: 1324798530 Basic stats: COMPLETE Column stats: NONE
-                                       |     value expressions:_col5 (type: bigint), _col6 (type: double)
-                                       |     Group By Operator [GBY_67]
-                                       |        aggregations:["sum(_col5)","sum(_col6)"]
-                                       |        keys:_col0 (type: int), _col1 (type: int), _col2 (type: int), _col3 (type: int), _col4 (type: int)
-                                       |        outputColumnNames:["_col0","_col1","_col2","_col3","_col4","_col5","_col6"]
-                                       |        Statistics:Num rows: 922383 Data size: 1324798530 Basic stats: COMPLETE Column stats: NONE
-                                       |        Select Operator [SEL_65]
-                                       |           outputColumnNames:["_col0","_col1","_col2","_col3","_col4","_col5","_col6"]
-                                       |           Statistics:Num rows: 922383 Data size: 1324798530 Basic stats: COMPLETE Column stats: NONE
-                                       |           Select Operator [SEL_64]
-                                       |              outputColumnNames:["_col1","_col2","_col3","_col4","_col5","_col6"]
-                                       |              Statistics:Num rows: 307461 Data size: 441599510 Basic stats: COMPLETE Column stats: NONE
-                                       |              Merge Join Operator [MERGEJOIN_243]
-                                       |              |  condition map:[{"":"Left Outer Join0 to 1"}]
-                                       |              |  keys:{"0":"_col2 (type: int), _col1 (type: int)","1":"_col1 (type: int), _col0 (type: int)"}
-                                       |              |  outputColumnNames:["_col3","_col4","_col6","_col7","_col8","_col10","_col15","_col16"]
-                                       |              |  Statistics:Num rows: 307461 Data size: 441599510 Basic stats: COMPLETE Column stats: NONE
-                                       |              |<-Map 25 [SIMPLE_EDGE]
-                                       |              |  Reduce Output Operator [RS_62]
-                                       |              |     key expressions:_col1 (type: int), _col0 (type: int)
-                                       |              |     Map-reduce partition columns:_col1 (type: int), _col0 (type: int)
-                                       |              |     sort order:++
-                                       |              |     Statistics:Num rows: 1 Data size: 0 Basic stats: PARTIAL Column stats: NONE
-                                       |              |     value expressions:_col2 (type: int), _col3 (type: decimal(7,2))
-                                       |              |     Select Operator [SEL_54]
-                                       |              |        outputColumnNames:["_col0","_col1","_col2","_col3"]
-                                       |              |        Statistics:Num rows: 1 Data size: 0 Basic stats: PARTIAL Column stats: NONE
-                                       |              |        TableScan [TS_53]
-                                       |              |           alias:web_returns
-                                       |              |           Statistics:Num rows: 1 Data size: 0 Basic stats: PARTIAL Column stats: NONE
-                                       |              |<-Reducer 21 [SIMPLE_EDGE]
-                                       |                 Reduce Output Operator [RS_61]
-                                       |                    key expressions:_col2 (type: int), _col1 (type: int)
-                                       |                    Map-reduce partition columns:_col2 (type: int), _col1 (type: int)
-                                       |                    sort order:++
-                                       |                    Statistics:Num rows: 279510 Data size: 401454092 Basic stats: COMPLETE Column stats: NONE
-                                       |                    value expressions:_col3 (type: int), _col4 (type: decimal(7,2)), _col6 (type: int), _col7 (type: int), _col8 (type: int), _col10 (type: int)
-                                       |                    Merge Join Operator [MERGEJOIN_242]
-                                       |                    |  condition map:[{"":"Inner Join 0 to 1"}]
-                                       |                    |  keys:{"0":"_col0 (type: int)","1":"_col0 (type: int)"}
-                                       |                    |  outputColumnNames:["_col1","_col2","_col3","_col4","_col6","_col7","_col8","_col10"]
-                                       |                    |  Statistics:Num rows: 279510 Data size: 401454092 Basic stats: COMPLETE Column stats: NONE
-                                       |                    |<-Map 24 [SIMPLE_EDGE]
-                                       |                    |  Reduce Output Operator [RS_59]
-                                       |                    |     key expressions:_col0 (type: int)
-                                       |                    |     Map-reduce partition columns:_col0 (type: int)
-                                       |                    |     sort order:+
-                                       |                    |     Statistics:Num rows: 36524 Data size: 40870356 Basic stats: COMPLETE Column stats: NONE
-                                       |                    |     Select Operator [SEL_52]
-                                       |                    |        outputColumnNames:["_col0"]
-                                       |                    |        Statistics:Num rows: 36524 Data size: 40870356 Basic stats: COMPLETE Column stats: NONE
-                                       |                    |        Filter Operator [FIL_221]
-                                       |                    |           predicate:((d_year = 2002) and d_date_sk is not null) (type: boolean)
-                                       |                    |           Statistics:Num rows: 36524 Data size: 40870356 Basic stats: COMPLETE Column stats: NONE
-                                       |                    |           TableScan [TS_50]
-                                       |                    |              alias:date_dim
-                                       |                    |              Statistics:Num rows: 73049 Data size: 81741831 Basic stats: COMPLETE Column stats: NONE
-                                       |                    |<-Reducer 20 [SIMPLE_EDGE]
-                                       |                       Reduce Output Operator [RS_58]
-                                       |                          key expressions:_col0 (type: int)
-                                       |                          Map-reduce partition columns:_col0 (type: int)
-                                       |                          sort order:+
-                                       |                          Statistics:Num rows: 254100 Data size: 364958258 Basic stats: COMPLETE Column stats: NONE
-                                       |                          value expressions:_col1 (type: int), _col2 (type: int), _col3 (type: int), _col4 (type: decimal(7,2)), _col6 (type: int), _col7 (type: int), _col8 (type: int), _col10 (type: int)
-                                       |                          Merge Join Operator [MERGEJOIN_241]
-                                       |                          |  condition map:[{"":"Inner Join 0 to 1"}]
-                                       |                          |  keys:{"0":"_col1 (type: int)","1":"_col0 (type: int)"}
-                                       |                          |  outputColumnNames:["_col0","_col1","_col2","_col3","_col4","_col6","_col7","_col8","_col10"]
-                                       |                          |  Statistics:Num rows: 254100 Data size: 364958258 Basic stats: COMPLETE Column stats: NONE
-                                       |                          |<-Map 19 [SIMPLE_EDGE]
-                                       |                          |  Reduce Output Operator [RS_55]
-                                       |                          |     key expressions:_col1 (type: int)
-                                       |                          |     Map-reduce partition columns:_col1 (type: int)
-                                       |                          |     sort order:+
-                                       |                          |     Statistics:Num rows: 1 Data size: 0 Basic stats: PARTIAL Column stats: NONE
-                                       |                          |     value expressions:_col0 (type: int), _col2 (type: int), _col3 (type: int), _col4 (type: decimal(7,2))
-                                       |                          |     Select Operator [SEL_46]
-                                       |                          |        outputColumnNames:["_col0","_col1","_col2","_col3","_col4"]
-                                       |                          |        Statistics:Num rows: 1 Data size: 0 Basic stats: PARTIAL Column stats: NONE
-                                       |                          |        Filter Operator [FIL_219]
-                                       |                          |           predicate:(ws_item_sk is not null and ws_sold_date_sk is not null) (type: boolean)
-                                       |                          |           Statistics:Num rows: 1 Data size: 0 Basic stats: PARTIAL Column stats: NONE
-                                       |                          |           TableScan [TS_44]
-                                       |                          |              alias:web_sales
-                                       |                          |              Statistics:Num rows: 1 Data size: 0 Basic stats: PARTIAL Column stats: NONE
-                                       |                          |<-Map 23 [SIMPLE_EDGE]
-                                       |                             Reduce Output Operator [RS_56]
-                                       |                                key expressions:_col0 (type: int)
-                                       |                                Map-reduce partition columns:_col0 (type: int)
-                                       |                                sort order:+
-                                       |                                Statistics:Num rows: 231000 Data size: 331780228 Basic stats: COMPLETE Column stats: NONE
-                                       |                                value expressions:_col1 (type: int), _col2 (type: int), _col3 (type: int), _col5 (type: int)
-                                       |                                Select Operator [SEL_49]
-                                       |                                   outputColumnNames:["_col0","_col1","_col2","_col3","_col5"]
-                                       |                                   Statistics:Num rows: 231000 Data size: 331780228 Basic stats: COMPLETE Column stats: NONE
-                                       |                                   Filter Operator [FIL_220]
-                                       |                                      predicate:((((((i_category = 'Sports') and i_item_sk is not null) and i_category_id is not null) and i_manufact_id is not null) and i_class_id is not null) and i_brand_id is not null) (type: boolean)
-                                       |                                      Statistics:Num rows: 231000 Data size: 331780228 Basic stats: COMPLETE Column stats: NONE
-                                       |                                      TableScan [TS_47]
-                                       |                                         alias:item
-                                       |                                         Statistics:Num rows: 462000 Data size: 663560457 Basic stats: COMPLETE Column stats: NONE
-                                       |<-Reducer 4 [CONTAINS]
-                                          Reduce Output Operator [RS_68]
-                                             key expressions:_col0 (type: int), _col1 (type: int), _col2 (type: int), _col3 (type: int), _col4 (type: int)
-                                             Map-reduce partition columns:_col0 (type: int), _col1 (type: int), _col2 (type: int), _col3 (type: int), _col4 (type: int)
-                                             sort order:+++++
+                                 value expressions:_col0 (type: int), _col5 (type: bigint), _col6 (type: double)
+                                 Group By Operator [GBY_72]
+                                 |  aggregations:["sum(VALUE._col0)","sum(VALUE._col1)"]
+                                 |  keys:KEY._col0 (type: int), KEY._col1 (type: int), KEY._col2 (type: int), KEY._col3 (type: int), KEY._col4 (type: int)
+                                 |  outputColumnNames:["_col0","_col1","_col2","_col3","_col4","_col5","_col6"]
+                                 |  Statistics:Num rows: 461191 Data size: 662398546 Basic stats: COMPLETE Column stats: NONE
+                                 |<-Union 5 [SIMPLE_EDGE]
+                                    |<-Reducer 15 [CONTAINS]
+                                    |  Reduce Output Operator [RS_71]
+                                    |     key expressions:_col0 (type: int), _col1 (type: int), _col2 (type: int), _col3 (type: int), _col4 (type: int)
+                                    |     Map-reduce partition columns:_col0 (type: int), _col1 (type: int), _col2 (type: int), _col3 (type: int), _col4 (type: int)
+                                    |     sort order:+++++
+                                    |     Statistics:Num rows: 922383 Data size: 1324798530 Basic stats: COMPLETE Column stats: NONE
+                                    |     value expressions:_col5 (type: bigint), _col6 (type: double)
+                                    |     Group By Operator [GBY_70]
+                                    |        aggregations:["sum(_col5)","sum(_col6)"]
+                                    |        keys:_col0 (type: int), _col1 (type: int), _col2 (type: int), _col3 (type: int), _col4 (type: int)
+                                    |        outputColumnNames:["_col0","_col1","_col2","_col3","_col4","_col5","_col6"]
+                                    |        Statistics:Num rows: 922383 Data size: 1324798530 Basic stats: COMPLETE Column stats: NONE
+                                    |        Select Operator [SEL_68]
+                                    |           outputColumnNames:["_col0","_col1","_col2","_col3","_col4","_col5","_col6"]
+                                    |           Statistics:Num rows: 922383 Data size: 1324798530 Basic stats: COMPLETE Column stats: NONE
+                                    |           Select Operator [SEL_43]
+                                    |              outputColumnNames:["_col1","_col2","_col3","_col4","_col5","_col6"]
+                                    |              Statistics:Num rows: 307461 Data size: 441599510 Basic stats: COMPLETE Column stats: NONE
+                                    |              Merge Join Operator [MERGEJOIN_246]
+                                    |              |  condition map:[{"":"Left Outer Join0 to 1"}]
+                                    |              |  keys:{"0":"_col2 (type: int), _col1 (type: int)","1":"_col1 (type: int), _col0 (type: int)"}
+                                    |              |  outputColumnNames:["_col3","_col4","_col6","_col7","_col8","_col10","_col15","_col16"]
+                                    |              |  Statistics:Num rows: 307461 Data size: 441599510 Basic stats: COMPLETE Column stats: NONE
+                                    |              |<-Map 18 [SIMPLE_EDGE]
+                                    |              |  Reduce Output Operator [RS_41]
+                                    |              |     key expressions:_col1 (type: int), _col0 (type: int)
+                                    |              |     Map-reduce partition columns:_col1 (type: int), _col0 (type: int)
+                                    |              |     sort order:++
+                                    |              |     Statistics:Num rows: 1 Data size: 0 Basic stats: PARTIAL Column stats: NONE
+                                    |              |     value expressions:_col2 (type: int), _col3 (type: decimal(7,2))
+                                    |              |     Select Operator [SEL_33]
+                                    |              |        outputColumnNames:["_col0","_col1","_col2","_col3"]
+                                    |              |        Statistics:Num rows: 1 Data size: 0 Basic stats: PARTIAL Column stats: NONE
+                                    |              |        Filter Operator [FIL_224]
+                                    |              |           predicate:sr_item_sk is not null (type: boolean)
+                                    |              |           Statistics:Num rows: 1 Data size: 0 Basic stats: PARTIAL Column stats: NONE
+                                    |              |           TableScan [TS_31]
+                                    |              |              alias:store_returns
+                                    |              |              Statistics:Num rows: 1 Data size: 0 Basic stats: PARTIAL Column stats: NONE
+                                    |              |<-Reducer 14 [SIMPLE_EDGE]
+                                    |                 Reduce Output Operator [RS_40]
+                                    |                    key expressions:_col2 (type: int), _col1 (type: int)
+                                    |                    Map-reduce partition columns:_col2 (type: int), _col1 (type: int)
+                                    |                    sort order:++
+                                    |                    Statistics:Num rows: 279510 Data size: 401454092 Basic stats: COMPLETE Column stats: NONE
+                                    |                    value expressions:_col3 (type: int), _col4 (type: decimal(7,2)), _col6 (type: int), _col7 (type: int), _col8 (type: int), _col10 (type: int)
+                                    |                    Merge Join Operator [MERGEJOIN_245]
+                                    |                    |  condition map:[{"":"Inner Join 0 to 1"}]
+                                    |                    |  keys:{"0":"_col0 (type: int)","1":"_col0 (type: int)"}
+                                    |                    |  outputColumnNames:["_col1","_col2","_col3","_col4","_col6","_col7","_col8","_col10"]
+                                    |                    |  Statistics:Num rows: 279510 Data size: 401454092 Basic stats: COMPLETE Column stats: NONE
+                                    |                    |<-Map 17 [SIMPLE_EDGE]
+                                    |                    |  Reduce Output Operator [RS_38]
+                                    |                    |     key expressions:_col0 (type: int)
+                                    |                    |     Map-reduce partition columns:_col0 (type: int)
+                                    |                    |     sort order:+
+                                    |                    |     Statistics:Num rows: 36524 Data size: 40870356 Basic stats: COMPLETE Column stats: NONE
+                                    |                    |     Select Operator [SEL_30]
+                                    |                    |        outputColumnNames:["_col0"]
+                                    |                    |        Statistics:Num rows: 36524 Data size: 40870356 Basic stats: COMPLETE Column stats: NONE
+                                    |                    |        Filter Operator [FIL_223]
+                                    |                    |           predicate:(d_date_sk is not null and (d_year = 2002)) (type: boolean)
+                                    |                    |           Statistics:Num rows: 36524 Data size: 40870356 Basic stats: COMPLETE Column stats: NONE
+                                    |                    |           TableScan [TS_28]
+                                    |                    |              alias:date_dim
+                                    |                    |              Statistics:Num rows: 73049 Data size: 81741831 Basic stats: COMPLETE Column stats: NONE
+                                    |                    |<-Reducer 13 [SIMPLE_EDGE]
+                                    |                       Reduce Output Operator [RS_37]
+                                    |                          key expressions:_col0 (type: int)
+                                    |                          Map-reduce partition columns:_col0 (type: int)
+                                    |                          sort order:+
+                                    |                          Statistics:Num rows: 254100 Data size: 364958258 Basic stats: COMPLETE Column stats: NONE
+                                    |                          value expressions:_col1 (type: int), _col2 (type: int), _col3 (type: int), _col4 (type: decimal(7,2)), _col6 (type: int), _col7 (type: int), _col8 (type: int), _col10 (type: int)
+                                    |                          Merge Join Operator [MERGEJOIN_244]
+                                    |                          |  condition map:[{"":"Inner Join 0 to 1"}]
+                                    |                          |  keys:{"0":"_col1 (type: int)","1":"_col0 (type: int)"}
+                                    |                          |  outputColumnNames:["_col0","_col1","_col2","_col3","_col4","_col6","_col7","_col8","_col10"]
+                                    |                          |  Statistics:Num rows: 254100 Data size: 364958258 Basic stats: COMPLETE Column stats: NONE
+                                    |                          |<-Map 12 [SIMPLE_EDGE]
+                                    |                          |  Reduce Output Operator [RS_34]
+                                    |                          |     key expressions:_col1 (type: int)
+                                    |                          |     Map-reduce partition columns:_col1 (type: int)
+                                    |                          |     sort order:+
+                                    |                          |     Statistics:Num rows: 1 Data size: 0 Basic stats: PARTIAL Column stats: NONE
+                                    |                          |     value expressions:_col0 (type: int), _col2 (type: int), _col3 (type: int), _col4 (type: decimal(7,2))
+                                    |                          |     Select Operator [SEL_24]
+                                    |                          |        outputColumnNames:["_col0","_col1","_col2","_col3","_col4"]
+                                    |                          |        Statistics:Num rows: 1 Data size: 0 Basic stats: PARTIAL Column stats: NONE
+                                    |                          |        Filter Operator [FIL_221]
+                                    |                          |           predicate:(ss_item_sk is not null and ss_sold_date_sk is not null) (type: boolean)
+                                    |                          |           Statistics:Num rows: 1 Data size: 0 Basic stats: PARTIAL Column stats: NONE
+                                    |                          |           TableScan [TS_22]
+                                    |                          |              alias:store_sales
+                                    |                          |              Statistics:Num rows: 1 Data size: 0 Basic stats: PARTIAL Column stats: NONE
+                                    |                          |<-Map 16 [SIMPLE_EDGE]
+                                    |                             Reduce Output Operator [RS_35]
+                                    |                                key expressions:_col0 (type: int)
+                                    |                                Map-reduce partition columns:_col0 (type: int)
+                                    |                                sort order:+
+                                    |                                Statistics:Num rows: 231000 Data size: 331780228 Basic stats: COMPLETE Column stats: NONE
+                                    |                                value expressions:_col1 (type: int), _col2 (type: int), _col3 (type: int), _col5 (type: int)
+                                    |                                Select Operator [SEL_27]
+                                    |                                   outputColumnNames:["_col0","_col1","_col2","_col3","_col5"]
+                                    |                                   Statistics:Num rows: 231000 Data size: 331780228 Basic stats: COMPLETE Column stats: NONE
+                                    |                                   Filter Operator [FIL_222]
+                                    |                                      predicate:(((((i_item_sk is not null and (i_category = 'Sports')) and i_brand_id is not null) and i_class_id is not null) and i_category_id is not null) and i_manufact_id is not null) (type: boolean)
+                                    |                                      Statistics:Num rows: 231000 Data size: 331780228 Basic stats: COMPLETE Column stats: NONE
+                                    |                                      TableScan [TS_25]
+                                    |                                         alias:item
+                                    |                                         Statistics:Num rows: 462000 Data size: 663560457 Basic stats: COMPLETE Column stats: NONE
+                                    |<-Reducer 22 [CONTAINS]
+                                    |  Reduce Output Operator [RS_71]
+                                    |     key expressions:_col0 (type: int), _col1 (type: int), _col2 (type: int), _col3 (type: int), _col4 (type: int)
+                                    |     Map-reduce partition columns:_col0 (type: int), _col1 (type: int), _col2 (type: int), _col3 (type: int), _col4 (type: int)
+                                    |     sort order:+++++
+                                    |     Statistics:Num rows: 922383 Data size: 1324798530 Basic stats: COMPLETE Column stats: NONE
+                                    |     value expressions:_col5 (type: bigint), _col6 (type: double)
+                                    |     Group By Operator [GBY_70]
+                                    |        aggregations:["sum(_col5)","sum(_col6)"]
+                                    |        keys:_col0 (type: int), _col1 (type: int), _col2 (type: int), _col3 (type: int), _col4 (type: int)
+                                    |        outputColumnNames:["_col0","_col1","_col2","_col3","_col4","_col5","_col6"]
+                                    |        Statistics:Num rows: 922383 Data size: 1324798530 Basic stats: COMPLETE Column stats: NONE
+                                    |        Select Operator [SEL_68]
+                                    |           outputColumnNames:["_col0","_col1","_col2","_col3","_col4","_col5","_col6"]
+                                    |           Statistics:Num rows: 922383 Data size: 1324798530 Basic stats: COMPLETE Column stats: NONE
+                                    |           Select Operator [SEL_67]
+                                    |              outputColumnNames:["_col1","_col2","_col3","_col4","_col5","_col6"]
+                                    |              Statistics:Num rows: 307461 Data size: 441599510 Basic stats: COMPLETE Column stats: NONE
+                                    |              Merge Join Operator [MERGEJOIN_249]
+                                    |              |  condition map:[{"":"Left Outer Join0 to 1"}]
+                                    |              |  keys:{"0":"_col2 (type: int), _col1 (type: int)","1":"_col1 (type: int), _col0 (type: int)"}
+                                    |              |  outputColumnNames:["_col3","_col4","_col6","_col7","_col8","_col10","_col15","_col16"]
+                                    |              |  Statistics:Num rows: 307461 Data size: 441599510 Basic stats: COMPLETE Column stats: NONE
+                                    |              |<-Map 25 [SIMPLE_EDGE]
+                                    |              |  Reduce Output Operator [RS_65]
+                                    |              |     key expressions:_col1 (type: int), _col0 (type: int)
+                                    |              |     Map-reduce partition columns:_col1 (type: int), _col0 (type: int)
+                                    |              |     sort order:++
+                                    |              |     Statistics:Num rows: 1 Data size: 0 Basic stats: PARTIAL Column stats: NONE
+                                    |              |     value expressions:_col2 (type: int), _col3 (type: decimal(7,2))
+                                    |              |     Select Operator [SEL_57]
+                                    |              |        outputColumnNames:["_col0","_col1","_col2","_col3"]
+                                    |              |        Statistics:Num rows: 1 Data size: 0 Basic stats: PARTIAL Column stats: NONE
+                                    |              |        Filter Operator [FIL_228]
+                                    |              |           predicate:wr_item_sk is not null (type: boolean)
+                                    |              |           Statistics:Num rows: 1 Data size: 0 Basic stats: PARTIAL Column stats: NONE
+                                    |              |           TableScan [TS_55]
+                                    |              |              alias:web_returns
+                                    |              |              Statistics:Num rows: 1 Data size: 0 Basic stats: PARTIAL Column stats: NONE
+                                    |              |<-Reducer 21 [SIMPLE_EDGE]
+                                    |                 Reduce Output Operator [RS_64]
+                                    |                    key expressions:_col2 (type: int), _col1 (type: int)
+                                    |                    Map-reduce partition columns:_col2 (type: int), _col1 (type: int)
+                                    |                    sort order:++
+                                    |                    Statistics:Num rows: 279510 Data size: 401454092 Basic stats: COMPLETE Column stats: NONE
+                                    |                    value expressions:_col3 (type: int), _col4 (type: decimal(7,2)), _col6 (type: int), _col7 (type: int), _col8 (type: int), _col10 (type: int)
+                                    |                    Merge Join Operator [MERGEJOIN_248]
+                                    |                    |  condition map:[{"":"Inner Join 0 to 1"}]
+                                    |                    |  keys:{"0":"_col0 (type: int)","1":"_col0 (type: int)"}
+                                    |                    |  outputColumnNames:["_col1","_col2","_col3","_col4","_col6","_col7","_col8","_col10"]
+                                    |                    |  Statistics:Num rows: 279510 Data size: 401454092 Basic stats: COMPLETE Column stats: NONE
+                                    |                    |<-Map 24 [SIMPLE_EDGE]
+                                    |                    |  Reduce Output Operator [RS_62]
+                                    |                    |     key expressions:_col0 (type: int)
+                                    |                    |     Map-reduce partition columns:_col0 (type: int)
+                                    |                    |     sort order:+
+                                    |                    |     Statistics:Num rows: 36524 Data size: 40870356 Basic stats: COMPLETE Column stats: NONE
+                                    |                    |     Select Operator [SEL_54]
+                                    |                    |        outputColumnNames:["_col0"]
+                                    |                    |        Statistics:Num rows: 36524 Data size: 40870356 Basic stats: COMPLETE Column stats: NONE
+                                    |                    |        Filter Operator [FIL_227]
+                                    |                    |           predicate:(d_date_sk is not null and (d_year = 2002)) (type: boolean)
+                                    |                    |           Statistics:Num rows: 36524 Data size: 40870356 Basic stats: COMPLETE Column stats: NONE
+                                    |                    |           TableScan [TS_52]
+                                    |                    |              alias:date_dim
+                                    |                    |              Statistics:Num rows: 73049 Data size: 81741831 Basic stats: COMPLETE Column stats: NONE
+                                    |                    |<-Reducer 20 [SIMPLE_EDGE]
+                                    |                       Reduce Output Operator [RS_61]
+                                    |                          key expressions:_col0 (type: int)
+                                    |                          Map-reduce partition columns:_col0 (type: int)
+                                    |                          sort order:+
+                                    |                          Statistics:Num rows: 254100 Data size: 364958258 Basic stats: COMPLETE Column stats: NONE
+                                    |                          value expressions:_col1 (type: int), _col2 (type: int), _col3 (type: int), _col4 (type: decimal(7,2)), _col6 (type: int), _col7 (type: int), _col8 (type: int), _col10 (type: int)
+                                    |                          Merge Join Operator [MERGEJOIN_247]
+                                    |                          |  condition map:[{"":"Inner Join 0 to 1"}]
+                                    |                          |  keys:{"0":"_col1 (type: int)","1":"_col0 (type: int)"}
+                                    |                          |  outputColumnNames:["_col0","_col1","_col2","_col3","_col4","_col6","_col7","_col8","_col10"]
+                                    |                          |  Statistics:Num rows: 254100 Data size: 364958258 Basic stats: COMPLETE Column stats: NONE
+                                    |                          |<-Map 19 [SIMPLE_EDGE]
+                                    |                          |  Reduce Output Operator [RS_58]
+                                    |                          |     key expressions:_col1 (type: int)
+                                    |                          |     Map-reduce partition columns:_col1 (type: int)
+                                    |                          |     sort order:+
+                                    |                          |     Statistics:Num rows: 1 Data size: 0 Basic stats: PARTIAL Column stats: NONE
+                                    |                          |     value expressions:_col0 (type: int), _col2 (type: int), _col3 (type: int), _col4 (type: decimal(7,2))
+                                    |                          |     Select Operator [SEL_48]
+                                    |                          |        outputColumnNames:["_col0","_col1","_col2","_col3","_col4"]
+                                    |                          |        Statistics:Num rows: 1 Data size: 0 Basic stats: PARTIAL Column stats: NONE
+                                    |                          |        Filter Operator [FIL_225]
+                                    |                          |           predicate:(ws_item_sk is not null and ws_sold_date_sk is not null) (type: boolean)
+                                    |                          |           Statistics:Num rows: 1 Data size: 0 Basic stats: PARTIAL Column stats: NONE
+                                    |                          |           TableScan [TS_46]
+                                    |                          |              alias:web_sales
+                                    |                          |              Statistics:Num rows: 1 Data size: 0 Basic stats: PARTIAL Column stats: NONE
+                                    |                          |<-Map 23 [SIMPLE_EDGE]
+                                    |                             Reduce Output Operator [RS_59]
+                                    |                                key expressions:_col0 (type: int)
+                                    |                                Map-reduce partition columns:_col0 (type: int)
+                                    |                                sort order:+
+                                    |                                Statistics:Num rows: 231000 Data size: 331780228 Basic stats: COMPLETE Column stats: NONE
+                                    |                                value expressions:_col1 (type: int), _col2 (type: int), _col3 (type: int), _col5 (type: int)
+                                    |                                Select Operator [SEL_51]
+                                    |                                   outputColumnNames:["_col0","_col1","_col2","_col3","_col5"]
+                                    |                                   Statistics:Num rows: 231000 Data size: 331780228 Basic stats: COMPLETE Column stats: NONE
+                                    |                                   Filter Operator [FIL_226]
+                                    |                                      predicate:(((((i_item_sk is not null and (i_category = 'Sports')) and i_brand_id is not null) and i_class_id is not null) and i_category_id is not null) and i_manufact_id is not null) (type: boolean)
+                                    |                                      Statistics:Num rows: 231000 Data size: 331780228 Basic stats: COMPLETE Column stats: NONE
+                                    |                                      TableScan [TS_49]
+                                    |                                         alias:item
+                                    |                                         Statistics:Num rows: 462000 Data size: 663560457 Basic stats: COMPLETE Column stats: NONE
+                                    |<-Reducer 4 [CONTAINS]
+                                       Reduce Output Operator [RS_71]
+                                          key expressions:_col0 (type: int), _col1 (type: int), _col2 (type: int), _col3 (type: int), _col4 (type: int)
+                                          Map-reduce partition columns:_col0 (type: int), _col1 (type: int), _col2 (type: int), _col3 (type: int), _col4 (type: int)
+                                          sort order:+++++
+                                          Statistics:Num rows: 922383 Data size: 1324798530 Basic stats: COMPLETE Column stats: NONE
+                                          value expressions:_col5 (type: bigint), _col6 (type: double)
+                                          Group By Operator [GBY_70]
+                                             aggregations:["sum(_col5)","sum(_col6)"]
+                                             keys:_col0 (type: int), _col1 (type: int), _col2 (type: int), _col3 (type: int), _col4 (type: int)
+                                             outputColumnNames:["_col0","_col1","_col2","_col3","_col4","_col5","_col6"]
                                              Statistics:Num rows: 922383 Data size: 1324798530 Basic stats: COMPLETE Column stats: NONE
-                                             value expressions:_col5 (type: bigint), _col6 (type: double)
-                                             Group By Operator [GBY_67]
-                                                aggregations:["sum(_col5)","sum(_col6)"]
-                                                keys:_col0 (type: int), _col1 (type: int), _col2 (type: int), _col3 (type: int), _col4 (type: int)
+                                             Select Operator [SEL_68]
                                                 outputColumnNames:["_col0","_col1","_col2","_col3","_col4","_col5","_col6"]
                                                 Statistics:Num rows: 922383 Data size: 1324798530 Basic stats: COMPLETE Column stats: NONE
-                                                Select Operator [SEL_65]
-                                                   outputColumnNames:["_col0","_col1","_col2","_col3","_col4","_col5","_col6"]
-                                                   Statistics:Num rows: 922383 Data size: 1324798530 Basic stats: COMPLETE Column stats: NONE
-                                                   Select Operator [SEL_20]
-                                                      outputColumnNames:["_col1","_col2","_col3","_col4","_col5","_col6"]
-                                                      Statistics:Num rows: 307461 Data size: 441599510 Basic stats: COMPLETE Column stats: NONE
-                                                      Merge Join Operator [MERGEJOIN_237]
-                                                      |  condition map:[{"":"Left Outer Join0 to 1"}]
-                                                      |  keys:{"0":"_col2 (type: int), _col1 (type: int)","1":"_col1 (type: int), _col0 (type: int)"}
-                                                      |  outputColumnNames:["_col3","_col4","_col6","_col7","_col8","_col10","_col15","_col16"]
-                                                      |  Statistics:Num rows: 307461 Data size: 441599510 Basic stats: COMPLETE Column stats: NONE
-                                                      |<-Map 11 [SIMPLE_EDGE]
-                                                      |  Reduce Output Operator [RS_18]
-                                                      |     key expressions:_col1 (type: int), _col0 (type: int)
-                                                      |     Map-reduce partition columns:_col1 (type: int), _col0 (type: int)
-                                                      |     sort order:++
-                                                      |     Statistics:Num rows: 1 Data size: 0 Basic stats: PARTIAL Column stats: NONE
-                                                      |     value expressions:_col2 (type: int), _col3 (type: decimal(7,2))
-                                                      |     Select Operator [SEL_10]
-                                                      |        outputColumnNames:["_col0","_col1","_col2","_col3"]
-                                                      |        Statistics:Num rows: 1 Data size: 0 Basic stats: PARTIAL Column stats: NONE
-                                                      |        TableScan [TS_9]
-                                                      |           alias:catalog_returns
-                                                      |           Statistics:Num rows: 1 Data size: 0 Basic stats: PARTIAL Column stats: NONE
-                                                      |<-Reducer 3 [SIMPLE_EDGE]
-                                                         Reduce Output Operator [RS_17]
-                                                            key expressions:_col2 (type: int), _col1 (type: int)
-                                                            Map-reduce partition columns:_col2 (type: int), _col1 (type: int)
-                                                            sort order:++
-                                                            Statistics:Num rows: 279510 Data size: 401454092 Basic stats: COMPLETE Column stats: NONE
-                                                            value expressions:_col3 (type: int), _col4 (type: decimal(7,2)), _col6 (type: int), _col7 (type: int), _col8 (type: int), _col10 (type: int)
-                                                            Merge Join Operator [MERGEJOIN_236]
-                                                            |  condition map:[{"":"Inner Join 0 to 1"}]
-                                                            |  keys:{"0":"_col0 (type: int)","1":"_col0 (type: int)"}
-                                                            |  outputColumnNames:["_col1","_col2","_col3","_col4","_col6","_col7","_col8","_col10"]
-                                                            |  Statistics:Num rows: 279510 Data size: 401454092 Basic stats: COMPLETE Column stats: NONE
-                                                            |<-Map 10 [SIMPLE_EDGE]
-                                                            |  Reduce Output Operator [RS_15]
-                                                            |     key expressions:_col0 (type: int)
-                                                            |     Map-reduce partition columns:_col0 (type: int)
-                                                            |     sort order:+
-                                                            |     Statistics:Num rows: 36524 Data size: 40870356 Basic stats: COMPLETE Column stats: NONE
-                                                            |     Select Operator [SEL_8]
-                                                            |        outputColumnNames:["_col0"]
-                                                            |        Statistics:Num rows: 36524 Data size: 40870356 Basic stats: COMPLETE Column stats: NONE
-                                                            |        Filter Operator [FIL_213]
-                                                            |           predicate:((d_year = 2002) and d_date_sk is not null) (type: boolean)
-                                                            |           Statistics:Num rows: 36524 Data size: 40870356 Basic stats: COMPLETE Column stats: NONE
-                                                            |           TableScan [TS_6]
-                                                            |              alias:date_dim
-                                                            |              Statistics:Num rows: 73049 Data size: 81741831 Basic stats: COMPLETE Column stats: NONE
-                                                            |<-Reducer 2 [SIMPLE_EDGE]
-                                                               Reduce Output Operator [RS_14]
-                                                                  key expressions:_col0 (type: int)
-                                                                  Map-reduce partition columns:_col0 (type: int)
-                                                                  sort order:+
-                                                                  Statistics:Num rows: 254100 Data size: 364958258 Basic stats: COMPLETE Column stats: NONE
-                                                                  value expressions:_col1 (type: int), _col2 (type: int), _col3 (type: int), _col4 (type: decimal(7,2)), _col6 (type: int), _col7 (type: int), _col8 (type: int), _col10 (type: int)
-                                                                  Merge Join Operator [MERGEJOIN_235]
-                                                                  |  condition map:[{"":"Inner Join 0 to 1"}]
-                                                                  |  keys:{"0":"_col1 (type: int)","1":"_col0 (type: int)"}
-                                                                  |  outputColumnNames:["_col0","_col1","_col2","_col3","_col4","_col6","_col7","_col8","_col10"]
-                                                                  |  Statistics:Num rows: 254100 Data size: 364958258 Basic stats: COMPLETE Column stats: NONE
-                                                                  |<-Map 1 [SIMPLE_EDGE]
-                                                                  |  Reduce Output Operator [RS_11]
-                                                                  |     key expressions:_col1 (type: int)
-                                                                  |     Map-reduce partition columns:_col1 (type: int)
-                                                                  |     sort order:+
-                                                                  |     Statistics:Num rows: 1 Data size: 0 Basic stats: PARTIAL Column stats: NONE
-                                                                  |     value expressions:_col0 (type: int), _col2 (type: int), _col3 (type: int), _col4 (type: decimal(7,2))
-                                                                  |     Select Operator [SEL_2]
-                                                                  |        outputColumnNames:["_col0","_col1","_col2","_col3","_col4"]
-                                                                  |        Statistics:Num rows: 1 Data size: 0 Basic stats: PARTIAL Column stats: NONE
-                                                                  |        Filter Operator [FIL_211]
-                                                                  |           predicate:(cs_item_sk is not null and cs_sold_date_sk is not null) (type: boolean)
-                                                                  |           Statistics:Num rows: 1 Data size: 0 Basic stats: PARTIAL Column stats: NONE
-                                                                  |           TableScan [TS_0]
-                                                                  |              alias:catalog_sales
-                                                                  |              Statistics:Num rows: 1 Data size: 0 Basic stats: PARTIAL Column stats: NONE
-                                                                  |<-Map 9 [SIMPLE_EDGE]
-                                                                     Reduce Output Operator [RS_12]
-                                                                        key expressions:_col0 (type: int)
-                                                                        Map-reduce partition columns:_col0 (type: int)
-                                                                        sort order:+
+                                                Select Operator [SEL_21]
+                                                   outputColumnNames:["_col1","_col2","_col3","_col4","_col5","_col6"]
+                                                   Statistics:Num rows: 307461 Data size: 441599510 Basic stats: COMPLETE Column stats: NONE
+                                                   Merge Join Operator [MERGEJOIN_243]
+                                                   |  condition map:[{"":"Left Outer Join0 to 1"}]
+                                                   |  keys:{"0":"_col2 (type: int), _col1 (type: int)","1":"_col1 (type: int), _col0 (type: int)"}
+                                                   |  outputColumnNames:["_col3","_col4","_col6","_col7","_col8","_col10","_col15","_col16"]
+                                                   |  Statistics:Num rows: 307461 Data size: 441599510 Basic stats: COMPLETE Column stats: NONE
+                                                   |<-Map 11 [SIMPLE_EDGE]
+                                                   |  Reduce Output Operator [RS_19]
+                                                   |     key expressions:_col1 (type: int), _col0 (type: int)
+                                                   |     Map-reduce partition columns:_col1 (type: int), _col0 (type: int)
+                                                   |     sort order:++
+                                                   |     Statistics:Num rows: 1 Data size: 0 Basic stats: PARTIAL Column stats: NONE
+                                                   |     value expressions:_col2 (type: int), _col3 (type: decimal(7,2))
+                                                   |     Select Operator [SEL_11]
+                                                   |        outputColumnNames:["_col0","_col1","_col2","_col3"]
+                                                   |        Statistics:Num rows: 1 Data size: 0 Basic stats: PARTIAL Column stats: NONE
+                                                   |        Filter Operator [FIL_220]
+                                                   |           predicate:cr_item_sk is not null (type: boolean)
+                                                   |           Statistics:Num rows: 1 Data size: 0 Basic stats: PARTIAL Column stats: NONE
+                                                   |           TableScan [TS_9]
+                                                   |              alias:catalog_returns
+                                                   |              Statistics:Num rows: 1 Data size: 0 Basic stats: PARTIAL Column stats: NONE
+                                                   |<-Reducer 3 [SIMPLE_EDGE]
+                                                      Reduce Output Operator [RS_18]
+                                                         key expressions:_col2 (type: int), _col1 (type: int)
+                                                         Map-reduce partition columns:_col2 (type: int), _col1 (type: int)
+                                                         sort order:++
+                                                         Statistics:Num rows: 279510 Data size: 401454092 Basic stats: COMPLETE Column stats: NONE
+                                                         value expressions:_col3 (type: int), _col4 (type: decimal(7,2)), _col6 (type: int), _col7 (type: int), _col8 (type: int), _col10 (type: int)
+                                                         Merge Join Operator [MERGEJOIN_242]
+                                                         |  condition map:[{"":"Inner Join 0 to 1"}]
+                                                         |  keys:{"0":"_col0 (type: int)","1":"_col0 (type: int)"}
+                                                         |  outputColumnNames:["_col1","_col2","_col3","_col4","_col6","_col7","_col8","_col10"]
+                                                         |  Statistics:Num rows: 279510 Data size: 401454092 Basic stats: COMPLETE Column stats: NONE
+                                                         |<-Map 10 [SIMPLE_EDGE]
+                                                         |  Reduce Output Operator [RS_16]
+                                                         |     key expressions:_col0 (type: int)
+                                                         |     Map-reduce partition columns:_col0 (type: int)
+                                                         |     sort order:+
+                                                         |     Statistics:Num rows: 36524 Data size: 40870356 Basic stats: COMPLETE Column stats: NONE
+                                                         |     Select Operator [SEL_8]
+                                                         |        outputColumnNames:["_col0"]
+                                                         |        Statistics:Num rows: 36524 Data size: 40870356 Basic stats: COMPLETE Column stats: NONE
+                                                         |        Filter Operator [FIL_219]
+                                                         |           predicate:(d_date_sk is not null and (d_year = 2002)) (type: boolean)
+                                                         |           Statistics:Num rows: 36524 Data size: 40870356 Basic stats: COMPLETE Column stats: NONE
+                                                         |           TableScan [TS_6]
+                                                         |              alias:date_dim
+                                                         |              Statistics:Num rows: 73049 Data size: 81741831 Basic stats: COMPLETE Column stats: NONE
+                                                         |<-Reducer 2 [SIMPLE_EDGE]
+                                                            Reduce Output Operator [RS_15]
+                                                               key expressions:_col0 (type: int)
+                                                               Map-reduce partition columns:_col0 (type: int)
+                                                               sort order:+
+                                                               Statistics:Num rows: 254100 Data size: 364958258 Basic stats: COMPLETE Column stats: NONE
+                                                               value expressions:_col1 (type: int), _col2 (type: int), _col3 (type: int), _col4 (type: decimal(7,2)), _col6 (type: int), _col7 (type: int), _col8 (type: int), _col10 (type: int)
+                                                               Merge Join Operator [MERGEJOIN_241]
+                                                               |  condition map:[{"":"Inner Join 0 to 1"}]
+                                                               |  keys:{"0":"_col1 (type: int)","1":"_col0 (type: int)"}
+                                                               |  outputColumnNames:["_col0","_col1","_col2","_col3","_col4","_col6","_col7","_col8","_col10"]
+                                                               |  Statistics:Num rows: 254100 Data size: 364958258 Basic stats: COMPLETE Column stats: NONE
+                                                               |<-Map 1 [SIMPLE_EDGE]
+                                                               |  Reduce Output Operator [RS_12]
+                                                               |     key expressions:_col1 (type: int)
+                                                               |     Map-reduce partition columns:_col1 (type: int)
+                                                               |     sort order:+
+                                                               |     Statistics:Num rows: 1 Data size: 0 Basic stats: PARTIAL Column stats: NONE
+                                                               |     value expressions:_col0 (type: int), _col2 (type: int), _col3 (type: int), _col4 (type: decimal(7,2))
+                                                               |     Select Operator [SEL_2]
+                                                               |        outputColumnNames:["_col0","_col1","_col2","_col3","_col4"]
+                                                               |        Statistics:Num rows: 1 Data size: 0 Basic stats: PARTIAL Column stats: NONE
+                                                               |        Filter Operator [FIL_217]
+                                                               |           predicate:(cs_item_sk is not null and cs_sold_date_sk is not null) (type: boolean)
+                                                               |           Statistics:Num rows: 1 Data size: 0 Basic stats: PARTIAL Column stats: NONE
+                                                               |           TableScan [TS_0]
+                                                               |              alias:catalog_sales
+                                                               |              Statistics:Num rows: 1 Data size: 0 Basic stats: PARTIAL Column stats: NONE
+                                                               |<-Map 9 [SIMPLE_EDGE]
+                                                                  Reduce Output Operator [RS_13]
+                                                                     key expressions:_col0 (type: int)
+                                                                     Map-reduce partition columns:_col0 (type: int)
+                                                                     sort order:+
+                                                                     Statistics:Num rows: 231000 Data size: 331780228 Basic stats: COMPLETE Column stats: NONE
+                                                                     value expressions:_col1 (type: int), _col2 (type: int), _col3 (type: int), _col5 (type: int)
+                                                                     Select Operator [SEL_5]
+                                                                        outputColumnNames:["_col0","_col1","_col2","_col3","_col5"]
                                                                         Statistics:Num rows: 231000 Data size: 331780228 Basic stats: COMPLETE Column stats: NONE
-                                                                        value expressions:_col1 (type: int), _col2 (type: int), _col3 (type: int), _col5 (type: int)
-                                                                        Select Operator [SEL_5]
-                                                                           outputColumnNames:["_col0","_col1","_col2","_col3","_col5"]
+                                                                        Filter Operator [FIL_218]
+                                                                           predicate:(((((i_item_sk is not null and (i_category = 'Sports')) and i_brand_id is not null) and i_class_id is not null) and i_category_id is not null) and i_manufact_id is not null) (type: boolean)
                                                                            Statistics:Num rows: 231000 Data size: 331780228 Basic stats: COMPLETE Column stats: NONE
-                                                                           Filter Operator [FIL_212]
-                                                                              predicate:((((((i_category = 'Sports') and i_item_sk is not null) and i_category_id is not null) and i_manufact_id is not null) and i_class_id is not null) and i_brand_id is not null) (type: boolean)
-                                                                              Statistics:Num rows: 231000 Data size: 331780228 Basic stats: COMPLETE Column stats: NONE
-                                                                              TableScan [TS_3]
-                                                                                 alias:item
-                                                                                 Statistics:Num rows: 462000 Data size: 663560457 Basic stats: COMPLETE Column stats: NONE
+                                                                           TableScan [TS_3]
+                                                                              alias:item
+                                                                              Statistics:Num rows: 462000 Data size: 663560457 Basic stats: COMPLETE Column stats: NONE
 
diff --git a/ql/src/test/results/clientpositive/perf/query76.q.out b/ql/src/test/results/clientpositive/perf/query76.q.out
index e540ee746f..0eba466992 100644
--- a/ql/src/test/results/clientpositive/perf/query76.q.out
+++ b/ql/src/test/results/clientpositive/perf/query76.q.out
@@ -116,7 +116,7 @@ Stage-0
                         |                          outputColumnNames:["_col0","_col1","_col3"]
                         |                          Statistics:Num rows: 1 Data size: 0 Basic stats: PARTIAL Column stats: NONE
                         |                          Filter Operator [FIL_78]
-                        |                             predicate:((ws_item_sk is not null and ws_web_page_sk is null) and ws_sold_date_sk is not null) (type: boolean)
+                        |                             predicate:((ws_web_page_sk is null and ws_item_sk is not null) and ws_sold_date_sk is not null) (type: boolean)
                         |                             Statistics:Num rows: 1 Data size: 0 Basic stats: PARTIAL Column stats: NONE
                         |                             TableScan [TS_16]
                         |                                alias:web_sales
@@ -180,7 +180,7 @@ Stage-0
                         |                 |        outputColumnNames:["_col0","_col2","_col3"]
                         |                 |        Statistics:Num rows: 1 Data size: 0 Basic stats: PARTIAL Column stats: NONE
                         |                 |        Filter Operator [FIL_81]
-                        |                 |           predicate:((cs_item_sk is not null and cs_warehouse_sk is null) and cs_sold_date_sk is not null) (type: boolean)
+                        |                 |           predicate:((cs_warehouse_sk is null and cs_item_sk is not null) and cs_sold_date_sk is not null) (type: boolean)
                         |                 |           Statistics:Num rows: 1 Data size: 0 Basic stats: PARTIAL Column stats: NONE
                         |                 |           TableScan [TS_34]
                         |                 |              alias:catalog_sales
diff --git a/ql/src/test/results/clientpositive/perf/query80.q.out b/ql/src/test/results/clientpositive/perf/query80.q.out
index 37cb542f00..061bac42a3 100644
--- a/ql/src/test/results/clientpositive/perf/query80.q.out
+++ b/ql/src/test/results/clientpositive/perf/query80.q.out
@@ -31,538 +31,544 @@ Stage-0
       limit:100
       Stage-1
          Reducer 10
-         File Output Operator [FS_125]
+         File Output Operator [FS_128]
             compressed:false
             Statistics:Num rows: 100 Data size: 143600 Basic stats: COMPLETE Column stats: NONE
             table:{"input format:":"org.apache.hadoop.mapred.TextInputFormat","output format:":"org.apache.hadoop.hive.ql.io.HiveIgnoreKeyTextOutputFormat","serde:":"org.apache.hadoop.hive.serde2.lazy.LazySimpleSerDe"}
-            Limit [LIM_124]
+            Limit [LIM_127]
                Number of rows:100
                Statistics:Num rows: 100 Data size: 143600 Basic stats: COMPLETE Column stats: NONE
-               Select Operator [SEL_123]
+               Select Operator [SEL_126]
                |  outputColumnNames:["_col0","_col1","_col2","_col3","_col4"]
                |  Statistics:Num rows: 419265 Data size: 602181139 Basic stats: COMPLETE Column stats: NONE
                |<-Reducer 9 [SIMPLE_EDGE]
-                  Reduce Output Operator [RS_122]
+                  Reduce Output Operator [RS_125]
                      key expressions:_col0 (type: string), _col1 (type: string)
                      sort order:++
                      Statistics:Num rows: 419265 Data size: 602181139 Basic stats: COMPLETE Column stats: NONE
                      value expressions:_col2 (type: decimal(27,2)), _col3 (type: decimal(32,2)), _col4 (type: decimal(33,2))
-                     Select Operator [SEL_121]
+                     Select Operator [SEL_124]
                         outputColumnNames:["_col0","_col1","_col2","_col3","_col4"]
                         Statistics:Num rows: 419265 Data size: 602181139 Basic stats: COMPLETE Column stats: NONE
-                        Group By Operator [GBY_120]
+                        Group By Operator [GBY_123]
                         |  aggregations:["sum(VALUE._col0)","sum(VALUE._col1)","sum(VALUE._col2)"]
                         |  keys:KEY._col0 (type: string), KEY._col1 (type: string), KEY._col2 (type: string)
                         |  outputColumnNames:["_col0","_col1","_col3","_col4","_col5"]
                         |  Statistics:Num rows: 419265 Data size: 602181139 Basic stats: COMPLETE Column stats: NONE
                         |<-Union 8 [SIMPLE_EDGE]
                            |<-Reducer 22 [CONTAINS]
-                           |  Reduce Output Operator [RS_119]
+                           |  Reduce Output Operator [RS_122]
                            |     key expressions:_col0 (type: string), _col1 (type: string), _col2 (type: string)
                            |     Map-reduce partition columns:_col0 (type: string), _col1 (type: string), _col2 (type: string)
                            |     sort order:+++
                            |     Statistics:Num rows: 838530 Data size: 1204362279 Basic stats: COMPLETE Column stats: NONE
                            |     value expressions:_col3 (type: decimal(27,2)), _col4 (type: decimal(32,2)), _col5 (type: decimal(33,2))
-                           |     Group By Operator [GBY_118]
+                           |     Group By Operator [GBY_121]
                            |        aggregations:["sum(_col2)","sum(_col3)","sum(_col4)"]
                            |        keys:_col0 (type: string), _col1 (type: string), '0' (type: string)
                            |        outputColumnNames:["_col0","_col1","_col2","_col3","_col4","_col5"]
                            |        Statistics:Num rows: 838530 Data size: 1204362279 Basic stats: COMPLETE Column stats: NONE
-                           |        Select Operator [SEL_75]
+                           |        Select Operator [SEL_77]
                            |           outputColumnNames:["_col0","_col1","_col2","_col3","_col4"]
                            |           Statistics:Num rows: 93170 Data size: 133818031 Basic stats: COMPLETE Column stats: NONE
-                           |           Group By Operator [GBY_74]
+                           |           Group By Operator [GBY_76]
                            |           |  aggregations:["sum(VALUE._col0)","sum(VALUE._col1)","sum(VALUE._col2)"]
                            |           |  keys:KEY._col0 (type: string)
                            |           |  outputColumnNames:["_col0","_col1","_col2","_col3"]
                            |           |  Statistics:Num rows: 93170 Data size: 133818031 Basic stats: COMPLETE Column stats: NONE
                            |           |<-Reducer 21 [SIMPLE_EDGE]
-                           |              Reduce Output Operator [RS_73]
+                           |              Reduce Output Operator [RS_75]
                            |                 key expressions:_col0 (type: string)
                            |                 Map-reduce partition columns:_col0 (type: string)
                            |                 sort order:+
                            |                 Statistics:Num rows: 186340 Data size: 267636062 Basic stats: COMPLETE Column stats: NONE
                            |                 value expressions:_col1 (type: decimal(17,2)), _col2 (type: decimal(22,2)), _col3 (type: decimal(23,2))
-                           |                 Group By Operator [GBY_72]
+                           |                 Group By Operator [GBY_74]
                            |                    aggregations:["sum(_col1)","sum(_col2)","sum(_col3)"]
                            |                    keys:_col0 (type: string)
                            |                    outputColumnNames:["_col0","_col1","_col2","_col3"]
                            |                    Statistics:Num rows: 186340 Data size: 267636062 Basic stats: COMPLETE Column stats: NONE
-                           |                    Select Operator [SEL_70]
+                           |                    Select Operator [SEL_72]
                            |                       outputColumnNames:["_col0","_col1","_col2","_col3"]
                            |                       Statistics:Num rows: 186340 Data size: 267636062 Basic stats: COMPLETE Column stats: NONE
-                           |                       Merge Join Operator [MERGEJOIN_211]
+                           |                       Merge Join Operator [MERGEJOIN_213]
                            |                       |  condition map:[{"":"Inner Join 0 to 1"}]
                            |                       |  keys:{"0":"_col3 (type: int)","1":"_col0 (type: int)"}
                            |                       |  outputColumnNames:["_col5","_col6","_col9","_col10","_col14"]
                            |                       |  Statistics:Num rows: 186340 Data size: 267636062 Basic stats: COMPLETE Column stats: NONE
                            |                       |<-Map 27 [SIMPLE_EDGE]
-                           |                       |  Reduce Output Operator [RS_68]
+                           |                       |  Reduce Output Operator [RS_70]
                            |                       |     key expressions:_col0 (type: int)
                            |                       |     Map-reduce partition columns:_col0 (type: int)
                            |                       |     sort order:+
                            |                       |     Statistics:Num rows: 1150 Data size: 1356710 Basic stats: COMPLETE Column stats: NONE
-                           |                       |     Select Operator [SEL_54]
+                           |                       |     Select Operator [SEL_56]
                            |                       |        outputColumnNames:["_col0"]
                            |                       |        Statistics:Num rows: 1150 Data size: 1356710 Basic stats: COMPLETE Column stats: NONE
-                           |                       |        Filter Operator [FIL_194]
+                           |                       |        Filter Operator [FIL_197]
                            |                       |           predicate:((p_channel_tv = 'N') and p_promo_sk is not null) (type: boolean)
                            |                       |           Statistics:Num rows: 1150 Data size: 1356710 Basic stats: COMPLETE Column stats: NONE
-                           |                       |           TableScan [TS_52]
+                           |                       |           TableScan [TS_54]
                            |                       |              alias:promotion
                            |                       |              Statistics:Num rows: 2300 Data size: 2713420 Basic stats: COMPLETE Column stats: NONE
                            |                       |<-Reducer 20 [SIMPLE_EDGE]
-                           |                          Reduce Output Operator [RS_67]
+                           |                          Reduce Output Operator [RS_69]
                            |                             key expressions:_col3 (type: int)
                            |                             Map-reduce partition columns:_col3 (type: int)
                            |                             sort order:+
                            |                             Statistics:Num rows: 169400 Data size: 243305506 Basic stats: COMPLETE Column stats: NONE
                            |                             value expressions:_col5 (type: decimal(7,2)), _col6 (type: decimal(7,2)), _col9 (type: decimal(7,2)), _col10 (type: decimal(7,2)), _col14 (type: string)
-                           |                             Merge Join Operator [MERGEJOIN_210]
+                           |                             Merge Join Operator [MERGEJOIN_212]
                            |                             |  condition map:[{"":"Inner Join 0 to 1"}]
                            |                             |  keys:{"0":"_col2 (type: int)","1":"_col0 (type: int)"}
                            |                             |  outputColumnNames:["_col3","_col5","_col6","_col9","_col10","_col14"]
                            |                             |  Statistics:Num rows: 169400 Data size: 243305506 Basic stats: COMPLETE Column stats: NONE
                            |                             |<-Map 26 [SIMPLE_EDGE]
-                           |                             |  Reduce Output Operator [RS_65]
+                           |                             |  Reduce Output Operator [RS_67]
                            |                             |     key expressions:_col0 (type: int)
                            |                             |     Map-reduce partition columns:_col0 (type: int)
                            |                             |     sort order:+
                            |                             |     Statistics:Num rows: 154000 Data size: 221186819 Basic stats: COMPLETE Column stats: NONE
-                           |                             |     Select Operator [SEL_51]
+                           |                             |     Select Operator [SEL_53]
                            |                             |        outputColumnNames:["_col0"]
                            |                             |        Statistics:Num rows: 154000 Data size: 221186819 Basic stats: COMPLETE Column stats: NONE
-                           |                             |        Filter Operator [FIL_193]
+                           |                             |        Filter Operator [FIL_196]
                            |                             |           predicate:((i_current_price > 50) and i_item_sk is not null) (type: boolean)
                            |                             |           Statistics:Num rows: 154000 Data size: 221186819 Basic stats: COMPLETE Column stats: NONE
-                           |                             |           TableScan [TS_49]
+                           |                             |           TableScan [TS_51]
                            |                             |              alias:item
                            |                             |              Statistics:Num rows: 462000 Data size: 663560457 Basic stats: COMPLETE Column stats: NONE
                            |                             |<-Reducer 19 [SIMPLE_EDGE]
-                           |                                Reduce Output Operator [RS_64]
+                           |                                Reduce Output Operator [RS_66]
                            |                                   key expressions:_col2 (type: int)
                            |                                   Map-reduce partition columns:_col2 (type: int)
                            |                                   sort order:+
                            |                                   Statistics:Num rows: 50600 Data size: 23318689 Basic stats: COMPLETE Column stats: NONE
                            |                                   value expressions:_col3 (type: int), _col5 (type: decimal(7,2)), _col6 (type: decimal(7,2)), _col9 (type: decimal(7,2)), _col10 (type: decimal(7,2)), _col14 (type: string)
-                           |                                   Merge Join Operator [MERGEJOIN_209]
+                           |                                   Merge Join Operator [MERGEJOIN_211]
                            |                                   |  condition map:[{"":"Inner Join 0 to 1"}]
                            |                                   |  keys:{"0":"_col1 (type: int)","1":"_col0 (type: int)"}
                            |                                   |  outputColumnNames:["_col2","_col3","_col5","_col6","_col9","_col10","_col14"]
                            |                                   |  Statistics:Num rows: 50600 Data size: 23318689 Basic stats: COMPLETE Column stats: NONE
                            |                                   |<-Map 25 [SIMPLE_EDGE]
-                           |                                   |  Reduce Output Operator [RS_62]
+                           |                                   |  Reduce Output Operator [RS_64]
                            |                                   |     key expressions:_col0 (type: int)
                            |                                   |     Map-reduce partition columns:_col0 (type: int)
                            |                                   |     sort order:+
                            |                                   |     Statistics:Num rows: 46000 Data size: 21198808 Basic stats: COMPLETE Column stats: NONE
                            |                                   |     value expressions:_col1 (type: string)
-                           |                                   |     Select Operator [SEL_48]
+                           |                                   |     Select Operator [SEL_50]
                            |                                   |        outputColumnNames:["_col0","_col1"]
                            |                                   |        Statistics:Num rows: 46000 Data size: 21198808 Basic stats: COMPLETE Column stats: NONE
-                           |                                   |        Filter Operator [FIL_192]
+                           |                                   |        Filter Operator [FIL_195]
                            |                                   |           predicate:cp_catalog_page_sk is not null (type: boolean)
                            |                                   |           Statistics:Num rows: 46000 Data size: 21198808 Basic stats: COMPLETE Column stats: NONE
-                           |                                   |           TableScan [TS_46]
+                           |                                   |           TableScan [TS_48]
                            |                                   |              alias:catalog_page
                            |                                   |              Statistics:Num rows: 46000 Data size: 21198808 Basic stats: COMPLETE Column stats: NONE
                            |                                   |<-Reducer 18 [SIMPLE_EDGE]
-                           |                                      Reduce Output Operator [RS_61]
+                           |                                      Reduce Output Operator [RS_63]
                            |                                         key expressions:_col1 (type: int)
                            |                                         Map-reduce partition columns:_col1 (type: int)
                            |                                         sort order:+
                            |                                         Statistics:Num rows: 40176 Data size: 44957392 Basic stats: COMPLETE Column stats: NONE
                            |                                         value expressions:_col2 (type: int), _col3 (type: int), _col5 (type: decimal(7,2)), _col6 (type: decimal(7,2)), _col9 (type: decimal(7,2)), _col10 (type: decimal(7,2))
-                           |                                         Merge Join Operator [MERGEJOIN_208]
+                           |                                         Merge Join Operator [MERGEJOIN_210]
                            |                                         |  condition map:[{"":"Inner Join 0 to 1"}]
                            |                                         |  keys:{"0":"_col0 (type: int)","1":"_col0 (type: int)"}
                            |                                         |  outputColumnNames:["_col1","_col2","_col3","_col5","_col6","_col9","_col10"]
                            |                                         |  Statistics:Num rows: 40176 Data size: 44957392 Basic stats: COMPLETE Column stats: NONE
                            |                                         |<-Map 24 [SIMPLE_EDGE]
-                           |                                         |  Reduce Output Operator [RS_59]
+                           |                                         |  Reduce Output Operator [RS_61]
                            |                                         |     key expressions:_col0 (type: int)
                            |                                         |     Map-reduce partition columns:_col0 (type: int)
                            |                                         |     sort order:+
                            |                                         |     Statistics:Num rows: 36524 Data size: 40870356 Basic stats: COMPLETE Column stats: NONE
-                           |                                         |     Select Operator [SEL_45]
+                           |                                         |     Select Operator [SEL_47]
                            |                                         |        outputColumnNames:["_col0"]
                            |                                         |        Statistics:Num rows: 36524 Data size: 40870356 Basic stats: COMPLETE Column stats: NONE
-                           |                                         |        Filter Operator [FIL_191]
+                           |                                         |        Filter Operator [FIL_194]
                            |                                         |           predicate:(d_date BETWEEN 1998-08-04 AND 1998-09-04 and d_date_sk is not null) (type: boolean)
                            |                                         |           Statistics:Num rows: 36524 Data size: 40870356 Basic stats: COMPLETE Column stats: NONE
-                           |                                         |           TableScan [TS_43]
+                           |                                         |           TableScan [TS_45]
                            |                                         |              alias:date_dim
                            |                                         |              Statistics:Num rows: 73049 Data size: 81741831 Basic stats: COMPLETE Column stats: NONE
                            |                                         |<-Reducer 17 [SIMPLE_EDGE]
-                           |                                            Reduce Output Operator [RS_58]
+                           |                                            Reduce Output Operator [RS_60]
                            |                                               key expressions:_col0 (type: int)
                            |                                               Map-reduce partition columns:_col0 (type: int)
                            |                                               sort order:+
                            |                                               Statistics:Num rows: 1 Data size: 0 Basic stats: PARTIAL Column stats: NONE
                            |                                               value expressions:_col1 (type: int), _col2 (type: int), _col3 (type: int), _col5 (type: decimal(7,2)), _col6 (type: decimal(7,2)), _col9 (type: decimal(7,2)), _col10 (type: decimal(7,2))
-                           |                                               Merge Join Operator [MERGEJOIN_202]
+                           |                                               Merge Join Operator [MERGEJOIN_209]
                            |                                               |  condition map:[{"":"Left Outer Join0 to 1"}]
                            |                                               |  keys:{"0":"_col2 (type: int), _col4 (type: int)","1":"_col0 (type: int), _col1 (type: int)"}
                            |                                               |  outputColumnNames:["_col0","_col1","_col2","_col3","_col5","_col6","_col9","_col10"]
                            |                                               |  Statistics:Num rows: 1 Data size: 0 Basic stats: PARTIAL Column stats: NONE
                            |                                               |<-Map 16 [SIMPLE_EDGE]
-                           |                                               |  Reduce Output Operator [RS_55]
+                           |                                               |  Reduce Output Operator [RS_57]
                            |                                               |     key expressions:_col2 (type: int), _col4 (type: int)
                            |                                               |     Map-reduce partition columns:_col2 (type: int), _col4 (type: int)
                            |                                               |     sort order:++
                            |                                               |     Statistics:Num rows: 1 Data size: 0 Basic stats: PARTIAL Column stats: NONE
                            |                                               |     value expressions:_col0 (type: int), _col1 (type: int), _col3 (type: int), _col5 (type: decimal(7,2)), _col6 (type: decimal(7,2))
-                           |                                               |     Select Operator [SEL_40]
+                           |                                               |     Select Operator [SEL_41]
                            |                                               |        outputColumnNames:["_col0","_col1","_col2","_col3","_col4","_col5","_col6"]
                            |                                               |        Statistics:Num rows: 1 Data size: 0 Basic stats: PARTIAL Column stats: NONE
-                           |                                               |        Filter Operator [FIL_189]
+                           |                                               |        Filter Operator [FIL_192]
                            |                                               |           predicate:(((cs_sold_date_sk is not null and cs_catalog_page_sk is not null) and cs_item_sk is not null) and cs_promo_sk is not null) (type: boolean)
                            |                                               |           Statistics:Num rows: 1 Data size: 0 Basic stats: PARTIAL Column stats: NONE
-                           |                                               |           TableScan [TS_38]
+                           |                                               |           TableScan [TS_39]
                            |                                               |              alias:catalog_sales
                            |                                               |              Statistics:Num rows: 1 Data size: 0 Basic stats: PARTIAL Column stats: NONE
                            |                                               |<-Map 23 [SIMPLE_EDGE]
-                           |                                                  Reduce Output Operator [RS_56]
+                           |                                                  Reduce Output Operator [RS_58]
                            |                                                     key expressions:_col0 (type: int), _col1 (type: int)
                            |                                                     Map-reduce partition columns:_col0 (type: int), _col1 (type: int)
                            |                                                     sort order:++
                            |                                                     Statistics:Num rows: 1 Data size: 0 Basic stats: PARTIAL Column stats: NONE
                            |                                                     value expressions:_col2 (type: decimal(7,2)), _col3 (type: decimal(7,2))
-                           |                                                     Select Operator [SEL_42]
+                           |                                                     Select Operator [SEL_44]
                            |                                                        outputColumnNames:["_col0","_col1","_col2","_col3"]
                            |                                                        Statistics:Num rows: 1 Data size: 0 Basic stats: PARTIAL Column stats: NONE
-                           |                                                        TableScan [TS_41]
-                           |                                                           alias:catalog_returns
+                           |                                                        Filter Operator [FIL_193]
+                           |                                                           predicate:cr_item_sk is not null (type: boolean)
                            |                                                           Statistics:Num rows: 1 Data size: 0 Basic stats: PARTIAL Column stats: NONE
+                           |                                                           TableScan [TS_42]
+                           |                                                              alias:catalog_returns
+                           |                                                              Statistics:Num rows: 1 Data size: 0 Basic stats: PARTIAL Column stats: NONE
                            |<-Reducer 34 [CONTAINS]
-                           |  Reduce Output Operator [RS_119]
+                           |  Reduce Output Operator [RS_122]
                            |     key expressions:_col0 (type: string), _col1 (type: string), _col2 (type: string)
                            |     Map-reduce partition columns:_col0 (type: string), _col1 (type: string), _col2 (type: string)
                            |     sort order:+++
                            |     Statistics:Num rows: 838530 Data size: 1204362279 Basic stats: COMPLETE Column stats: NONE
                            |     value expressions:_col3 (type: decimal(27,2)), _col4 (type: decimal(32,2)), _col5 (type: decimal(33,2))
-                           |     Group By Operator [GBY_118]
+                           |     Group By Operator [GBY_121]
                            |        aggregations:["sum(_col2)","sum(_col3)","sum(_col4)"]
                            |        keys:_col0 (type: string), _col1 (type: string), '0' (type: string)
                            |        outputColumnNames:["_col0","_col1","_col2","_col3","_col4","_col5"]
                            |        Statistics:Num rows: 838530 Data size: 1204362279 Basic stats: COMPLETE Column stats: NONE
-                           |        Select Operator [SEL_115]
+                           |        Select Operator [SEL_118]
                            |           outputColumnNames:["_col0","_col1","_col2","_col3","_col4"]
                            |           Statistics:Num rows: 93170 Data size: 133818031 Basic stats: COMPLETE Column stats: NONE
-                           |           Group By Operator [GBY_114]
+                           |           Group By Operator [GBY_117]
                            |           |  aggregations:["sum(VALUE._col0)","sum(VALUE._col1)","sum(VALUE._col2)"]
                            |           |  keys:KEY._col0 (type: string)
                            |           |  outputColumnNames:["_col0","_col1","_col2","_col3"]
                            |           |  Statistics:Num rows: 93170 Data size: 133818031 Basic stats: COMPLETE Column stats: NONE
                            |           |<-Reducer 33 [SIMPLE_EDGE]
-                           |              Reduce Output Operator [RS_113]
+                           |              Reduce Output Operator [RS_116]
                            |                 key expressions:_col0 (type: string)
                            |                 Map-reduce partition columns:_col0 (type: string)
                            |                 sort order:+
                            |                 Statistics:Num rows: 186340 Data size: 267636062 Basic stats: COMPLETE Column stats: NONE
                            |                 value expressions:_col1 (type: decimal(17,2)), _col2 (type: decimal(22,2)), _col3 (type: decimal(23,2))
-                           |                 Group By Operator [GBY_112]
+                           |                 Group By Operator [GBY_115]
                            |                    aggregations:["sum(_col1)","sum(_col2)","sum(_col3)"]
                            |                    keys:_col0 (type: string)
                            |                    outputColumnNames:["_col0","_col1","_col2","_col3"]
                            |                    Statistics:Num rows: 186340 Data size: 267636062 Basic stats: COMPLETE Column stats: NONE
-                           |                    Select Operator [SEL_110]
+                           |                    Select Operator [SEL_113]
                            |                       outputColumnNames:["_col0","_col1","_col2","_col3"]
                            |                       Statistics:Num rows: 186340 Data size: 267636062 Basic stats: COMPLETE Column stats: NONE
-                           |                       Merge Join Operator [MERGEJOIN_215]
+                           |                       Merge Join Operator [MERGEJOIN_218]
                            |                       |  condition map:[{"":"Inner Join 0 to 1"}]
                            |                       |  keys:{"0":"_col3 (type: int)","1":"_col0 (type: int)"}
                            |                       |  outputColumnNames:["_col5","_col6","_col9","_col10","_col14"]
                            |                       |  Statistics:Num rows: 186340 Data size: 267636062 Basic stats: COMPLETE Column stats: NONE
                            |                       |<-Map 39 [SIMPLE_EDGE]
-                           |                       |  Reduce Output Operator [RS_108]
+                           |                       |  Reduce Output Operator [RS_111]
                            |                       |     key expressions:_col0 (type: int)
                            |                       |     Map-reduce partition columns:_col0 (type: int)
                            |                       |     sort order:+
                            |                       |     Statistics:Num rows: 1150 Data size: 1356710 Basic stats: COMPLETE Column stats: NONE
-                           |                       |     Select Operator [SEL_94]
+                           |                       |     Select Operator [SEL_97]
                            |                       |        outputColumnNames:["_col0"]
                            |                       |        Statistics:Num rows: 1150 Data size: 1356710 Basic stats: COMPLETE Column stats: NONE
-                           |                       |        Filter Operator [FIL_200]
+                           |                       |        Filter Operator [FIL_203]
                            |                       |           predicate:((p_channel_tv = 'N') and p_promo_sk is not null) (type: boolean)
                            |                       |           Statistics:Num rows: 1150 Data size: 1356710 Basic stats: COMPLETE Column stats: NONE
-                           |                       |           TableScan [TS_92]
+                           |                       |           TableScan [TS_95]
                            |                       |              alias:promotion
                            |                       |              Statistics:Num rows: 2300 Data size: 2713420 Basic stats: COMPLETE Column stats: NONE
                            |                       |<-Reducer 32 [SIMPLE_EDGE]
-                           |                          Reduce Output Operator [RS_107]
+                           |                          Reduce Output Operator [RS_110]
                            |                             key expressions:_col3 (type: int)
                            |                             Map-reduce partition columns:_col3 (type: int)
                            |                             sort order:+
                            |                             Statistics:Num rows: 169400 Data size: 243305506 Basic stats: COMPLETE Column stats: NONE
                            |                             value expressions:_col5 (type: decimal(7,2)), _col6 (type: decimal(7,2)), _col9 (type: decimal(7,2)), _col10 (type: decimal(7,2)), _col14 (type: string)
-                           |                             Merge Join Operator [MERGEJOIN_214]
+                           |                             Merge Join Operator [MERGEJOIN_217]
                            |                             |  condition map:[{"":"Inner Join 0 to 1"}]
                            |                             |  keys:{"0":"_col1 (type: int)","1":"_col0 (type: int)"}
                            |                             |  outputColumnNames:["_col3","_col5","_col6","_col9","_col10","_col14"]
                            |                             |  Statistics:Num rows: 169400 Data size: 243305506 Basic stats: COMPLETE Column stats: NONE
                            |                             |<-Map 38 [SIMPLE_EDGE]
-                           |                             |  Reduce Output Operator [RS_105]
+                           |                             |  Reduce Output Operator [RS_108]
                            |                             |     key expressions:_col0 (type: int)
                            |                             |     Map-reduce partition columns:_col0 (type: int)
                            |                             |     sort order:+
                            |                             |     Statistics:Num rows: 154000 Data size: 221186819 Basic stats: COMPLETE Column stats: NONE
-                           |                             |     Select Operator [SEL_91]
+                           |                             |     Select Operator [SEL_94]
                            |                             |        outputColumnNames:["_col0"]
                            |                             |        Statistics:Num rows: 154000 Data size: 221186819 Basic stats: COMPLETE Column stats: NONE
-                           |                             |        Filter Operator [FIL_199]
+                           |                             |        Filter Operator [FIL_202]
                            |                             |           predicate:((i_current_price > 50) and i_item_sk is not null) (type: boolean)
                            |                             |           Statistics:Num rows: 154000 Data size: 221186819 Basic stats: COMPLETE Column stats: NONE
-                           |                             |           TableScan [TS_89]
+                           |                             |           TableScan [TS_92]
                            |                             |              alias:item
                            |                             |              Statistics:Num rows: 462000 Data size: 663560457 Basic stats: COMPLETE Column stats: NONE
                            |                             |<-Reducer 31 [SIMPLE_EDGE]
-                           |                                Reduce Output Operator [RS_104]
+                           |                                Reduce Output Operator [RS_107]
                            |                                   key expressions:_col1 (type: int)
                            |                                   Map-reduce partition columns:_col1 (type: int)
                            |                                   sort order:+
                            |                                   Statistics:Num rows: 44193 Data size: 49453132 Basic stats: COMPLETE Column stats: NONE
                            |                                   value expressions:_col3 (type: int), _col5 (type: decimal(7,2)), _col6 (type: decimal(7,2)), _col9 (type: decimal(7,2)), _col10 (type: decimal(7,2)), _col14 (type: string)
-                           |                                   Merge Join Operator [MERGEJOIN_213]
+                           |                                   Merge Join Operator [MERGEJOIN_216]
                            |                                   |  condition map:[{"":"Inner Join 0 to 1"}]
                            |                                   |  keys:{"0":"_col2 (type: int)","1":"_col0 (type: int)"}
                            |                                   |  outputColumnNames:["_col1","_col3","_col5","_col6","_col9","_col10","_col14"]
                            |                                   |  Statistics:Num rows: 44193 Data size: 49453132 Basic stats: COMPLETE Column stats: NONE
                            |                                   |<-Map 37 [SIMPLE_EDGE]
-                           |                                   |  Reduce Output Operator [RS_102]
+                           |                                   |  Reduce Output Operator [RS_105]
                            |                                   |     key expressions:_col0 (type: int)
                            |                                   |     Map-reduce partition columns:_col0 (type: int)
                            |                                   |     sort order:+
                            |                                   |     Statistics:Num rows: 84 Data size: 155408 Basic stats: COMPLETE Column stats: NONE
                            |                                   |     value expressions:_col1 (type: string)
-                           |                                   |     Select Operator [SEL_88]
+                           |                                   |     Select Operator [SEL_91]
                            |                                   |        outputColumnNames:["_col0","_col1"]
                            |                                   |        Statistics:Num rows: 84 Data size: 155408 Basic stats: COMPLETE Column stats: NONE
-                           |                                   |        Filter Operator [FIL_198]
+                           |                                   |        Filter Operator [FIL_201]
                            |                                   |           predicate:web_site_sk is not null (type: boolean)
                            |                                   |           Statistics:Num rows: 84 Data size: 155408 Basic stats: COMPLETE Column stats: NONE
-                           |                                   |           TableScan [TS_86]
+                           |                                   |           TableScan [TS_89]
                            |                                   |              alias:web_site
                            |                                   |              Statistics:Num rows: 84 Data size: 155408 Basic stats: COMPLETE Column stats: NONE
                            |                                   |<-Reducer 30 [SIMPLE_EDGE]
-                           |                                      Reduce Output Operator [RS_101]
+                           |                                      Reduce Output Operator [RS_104]
                            |                                         key expressions:_col2 (type: int)
                            |                                         Map-reduce partition columns:_col2 (type: int)
                            |                                         sort order:+
                            |                                         Statistics:Num rows: 40176 Data size: 44957392 Basic stats: COMPLETE Column stats: NONE
                            |                                         value expressions:_col1 (type: int), _col3 (type: int), _col5 (type: decimal(7,2)), _col6 (type: decimal(7,2)), _col9 (type: decimal(7,2)), _col10 (type: decimal(7,2))
-                           |                                         Merge Join Operator [MERGEJOIN_212]
+                           |                                         Merge Join Operator [MERGEJOIN_215]
                            |                                         |  condition map:[{"":"Inner Join 0 to 1"}]
                            |                                         |  keys:{"0":"_col0 (type: int)","1":"_col0 (type: int)"}
                            |                                         |  outputColumnNames:["_col1","_col2","_col3","_col5","_col6","_col9","_col10"]
                            |                                         |  Statistics:Num rows: 40176 Data size: 44957392 Basic stats: COMPLETE Column stats: NONE
                            |                                         |<-Map 36 [SIMPLE_EDGE]
-                           |                                         |  Reduce Output Operator [RS_99]
+                           |                                         |  Reduce Output Operator [RS_102]
                            |                                         |     key expressions:_col0 (type: int)
                            |                                         |     Map-reduce partition columns:_col0 (type: int)
                            |                                         |     sort order:+
                            |                                         |     Statistics:Num rows: 36524 Data size: 40870356 Basic stats: COMPLETE Column stats: NONE
-                           |                                         |     Select Operator [SEL_85]
+                           |                                         |     Select Operator [SEL_88]
                            |                                         |        outputColumnNames:["_col0"]
                            |                                         |        Statistics:Num rows: 36524 Data size: 40870356 Basic stats: COMPLETE Column stats: NONE
-                           |                                         |        Filter Operator [FIL_197]
+                           |                                         |        Filter Operator [FIL_200]
                            |                                         |           predicate:(d_date BETWEEN 1998-08-04 AND 1998-09-04 and d_date_sk is not null) (type: boolean)
                            |                                         |           Statistics:Num rows: 36524 Data size: 40870356 Basic stats: COMPLETE Column stats: NONE
-                           |                                         |           TableScan [TS_83]
+                           |                                         |           TableScan [TS_86]
                            |                                         |              alias:date_dim
                            |                                         |              Statistics:Num rows: 73049 Data size: 81741831 Basic stats: COMPLETE Column stats: NONE
                            |                                         |<-Reducer 29 [SIMPLE_EDGE]
-                           |                                            Reduce Output Operator [RS_98]
+                           |                                            Reduce Output Operator [RS_101]
                            |                                               key expressions:_col0 (type: int)
                            |                                               Map-reduce partition columns:_col0 (type: int)
                            |                                               sort order:+
                            |                                               Statistics:Num rows: 1 Data size: 0 Basic stats: PARTIAL Column stats: NONE
                            |                                               value expressions:_col1 (type: int), _col2 (type: int), _col3 (type: int), _col5 (type: decimal(7,2)), _col6 (type: decimal(7,2)), _col9 (type: decimal(7,2)), _col10 (type: decimal(7,2))
-                           |                                               Merge Join Operator [MERGEJOIN_203]
+                           |                                               Merge Join Operator [MERGEJOIN_214]
                            |                                               |  condition map:[{"":"Left Outer Join0 to 1"}]
                            |                                               |  keys:{"0":"_col1 (type: int), _col4 (type: int)","1":"_col0 (type: int), _col1 (type: int)"}
                            |                                               |  outputColumnNames:["_col0","_col1","_col2","_col3","_col5","_col6","_col9","_col10"]
                            |                                               |  Statistics:Num rows: 1 Data size: 0 Basic stats: PARTIAL Column stats: NONE
                            |                                               |<-Map 28 [SIMPLE_EDGE]
-                           |                                               |  Reduce Output Operator [RS_95]
+                           |                                               |  Reduce Output Operator [RS_98]
                            |                                               |     key expressions:_col1 (type: int), _col4 (type: int)
                            |                                               |     Map-reduce partition columns:_col1 (type: int), _col4 (type: int)
                            |                                               |     sort order:++
                            |                                               |     Statistics:Num rows: 1 Data size: 0 Basic stats: PARTIAL Column stats: NONE
                            |                                               |     value expressions:_col0 (type: int), _col2 (type: int), _col3 (type: int), _col5 (type: decimal(7,2)), _col6 (type: decimal(7,2))
-                           |                                               |     Select Operator [SEL_80]
+                           |                                               |     Select Operator [SEL_82]
                            |                                               |        outputColumnNames:["_col0","_col1","_col2","_col3","_col4","_col5","_col6"]
                            |                                               |        Statistics:Num rows: 1 Data size: 0 Basic stats: PARTIAL Column stats: NONE
-                           |                                               |        Filter Operator [FIL_195]
+                           |                                               |        Filter Operator [FIL_198]
                            |                                               |           predicate:(((ws_sold_date_sk is not null and ws_web_site_sk is not null) and ws_item_sk is not null) and ws_promo_sk is not null) (type: boolean)
                            |                                               |           Statistics:Num rows: 1 Data size: 0 Basic stats: PARTIAL Column stats: NONE
-                           |                                               |           TableScan [TS_78]
+                           |                                               |           TableScan [TS_80]
                            |                                               |              alias:web_sales
                            |                                               |              Statistics:Num rows: 1 Data size: 0 Basic stats: PARTIAL Column stats: NONE
                            |                                               |<-Map 35 [SIMPLE_EDGE]
-                           |                                                  Reduce Output Operator [RS_96]
+                           |                                                  Reduce Output Operator [RS_99]
                            |                                                     key expressions:_col0 (type: int), _col1 (type: int)
                            |                                                     Map-reduce partition columns:_col0 (type: int), _col1 (type: int)
                            |                                                     sort order:++
                            |                                                     Statistics:Num rows: 1 Data size: 0 Basic stats: PARTIAL Column stats: NONE
                            |                                                     value expressions:_col2 (type: decimal(7,2)), _col3 (type: decimal(7,2))
-                           |                                                     Select Operator [SEL_82]
+                           |                                                     Select Operator [SEL_85]
                            |                                                        outputColumnNames:["_col0","_col1","_col2","_col3"]
                            |                                                        Statistics:Num rows: 1 Data size: 0 Basic stats: PARTIAL Column stats: NONE
-                           |                                                        TableScan [TS_81]
-                           |                                                           alias:web_returns
+                           |                                                        Filter Operator [FIL_199]
+                           |                                                           predicate:wr_item_sk is not null (type: boolean)
                            |                                                           Statistics:Num rows: 1 Data size: 0 Basic stats: PARTIAL Column stats: NONE
+                           |                                                           TableScan [TS_83]
+                           |                                                              alias:web_returns
+                           |                                                              Statistics:Num rows: 1 Data size: 0 Basic stats: PARTIAL Column stats: NONE
                            |<-Reducer 7 [CONTAINS]
-                              Reduce Output Operator [RS_119]
+                              Reduce Output Operator [RS_122]
                                  key expressions:_col0 (type: string), _col1 (type: string), _col2 (type: string)
                                  Map-reduce partition columns:_col0 (type: string), _col1 (type: string), _col2 (type: string)
                                  sort order:+++
                                  Statistics:Num rows: 838530 Data size: 1204362279 Basic stats: COMPLETE Column stats: NONE
                                  value expressions:_col3 (type: decimal(27,2)), _col4 (type: decimal(32,2)), _col5 (type: decimal(33,2))
-                                 Group By Operator [GBY_118]
+                                 Group By Operator [GBY_121]
                                     aggregations:["sum(_col2)","sum(_col3)","sum(_col4)"]
                                     keys:_col0 (type: string), _col1 (type: string), '0' (type: string)
                                     outputColumnNames:["_col0","_col1","_col2","_col3","_col4","_col5"]
                                     Statistics:Num rows: 838530 Data size: 1204362279 Basic stats: COMPLETE Column stats: NONE
-                                    Select Operator [SEL_37]
+                                    Select Operator [SEL_38]
                                        outputColumnNames:["_col0","_col1","_col2","_col3","_col4"]
                                        Statistics:Num rows: 93170 Data size: 133818031 Basic stats: COMPLETE Column stats: NONE
-                                       Group By Operator [GBY_36]
+                                       Group By Operator [GBY_37]
                                        |  aggregations:["sum(VALUE._col0)","sum(VALUE._col1)","sum(VALUE._col2)"]
                                        |  keys:KEY._col0 (type: string)
                                        |  outputColumnNames:["_col0","_col1","_col2","_col3"]
                                        |  Statistics:Num rows: 93170 Data size: 133818031 Basic stats: COMPLETE Column stats: NONE
                                        |<-Reducer 6 [SIMPLE_EDGE]
-                                          Reduce Output Operator [RS_35]
+                                          Reduce Output Operator [RS_36]
                                              key expressions:_col0 (type: string)
                                              Map-reduce partition columns:_col0 (type: string)
                                              sort order:+
                                              Statistics:Num rows: 186340 Data size: 267636062 Basic stats: COMPLETE Column stats: NONE
                                              value expressions:_col1 (type: decimal(17,2)), _col2 (type: decimal(22,2)), _col3 (type: decimal(23,2))
-                                             Group By Operator [GBY_34]
+                                             Group By Operator [GBY_35]
                                                 aggregations:["sum(_col1)","sum(_col2)","sum(_col3)"]
                                                 keys:_col0 (type: string)
                                                 outputColumnNames:["_col0","_col1","_col2","_col3"]
                                                 Statistics:Num rows: 186340 Data size: 267636062 Basic stats: COMPLETE Column stats: NONE
-                                                Select Operator [SEL_32]
+                                                Select Operator [SEL_33]
                                                    outputColumnNames:["_col0","_col1","_col2","_col3"]
                                                    Statistics:Num rows: 186340 Data size: 267636062 Basic stats: COMPLETE Column stats: NONE
-                                                   Merge Join Operator [MERGEJOIN_207]
+                                                   Merge Join Operator [MERGEJOIN_208]
                                                    |  condition map:[{"":"Inner Join 0 to 1"}]
                                                    |  keys:{"0":"_col3 (type: int)","1":"_col0 (type: int)"}
                                                    |  outputColumnNames:["_col5","_col6","_col9","_col10","_col14"]
                                                    |  Statistics:Num rows: 186340 Data size: 267636062 Basic stats: COMPLETE Column stats: NONE
                                                    |<-Map 15 [SIMPLE_EDGE]
-                                                   |  Reduce Output Operator [RS_30]
+                                                   |  Reduce Output Operator [RS_31]
                                                    |     key expressions:_col0 (type: int)
                                                    |     Map-reduce partition columns:_col0 (type: int)
                                                    |     sort order:+
                                                    |     Statistics:Num rows: 1150 Data size: 1356710 Basic stats: COMPLETE Column stats: NONE
-                                                   |     Select Operator [SEL_16]
+                                                   |     Select Operator [SEL_17]
                                                    |        outputColumnNames:["_col0"]
                                                    |        Statistics:Num rows: 1150 Data size: 1356710 Basic stats: COMPLETE Column stats: NONE
-                                                   |        Filter Operator [FIL_188]
+                                                   |        Filter Operator [FIL_191]
                                                    |           predicate:((p_channel_tv = 'N') and p_promo_sk is not null) (type: boolean)
                                                    |           Statistics:Num rows: 1150 Data size: 1356710 Basic stats: COMPLETE Column stats: NONE
-                                                   |           TableScan [TS_14]
+                                                   |           TableScan [TS_15]
                                                    |              alias:promotion
                                                    |              Statistics:Num rows: 2300 Data size: 2713420 Basic stats: COMPLETE Column stats: NONE
                                                    |<-Reducer 5 [SIMPLE_EDGE]
-                                                      Reduce Output Operator [RS_29]
+                                                      Reduce Output Operator [RS_30]
                                                          key expressions:_col3 (type: int)
                                                          Map-reduce partition columns:_col3 (type: int)
                                                          sort order:+
                                                          Statistics:Num rows: 169400 Data size: 243305506 Basic stats: COMPLETE Column stats: NONE
                                                          value expressions:_col5 (type: decimal(7,2)), _col6 (type: decimal(7,2)), _col9 (type: decimal(7,2)), _col10 (type: decimal(7,2)), _col14 (type: string)
-                                                         Merge Join Operator [MERGEJOIN_206]
+                                                         Merge Join Operator [MERGEJOIN_207]
                                                          |  condition map:[{"":"Inner Join 0 to 1"}]
                                                          |  keys:{"0":"_col1 (type: int)","1":"_col0 (type: int)"}
                                                          |  outputColumnNames:["_col3","_col5","_col6","_col9","_col10","_col14"]
                                                          |  Statistics:Num rows: 169400 Data size: 243305506 Basic stats: COMPLETE Column stats: NONE
                                                          |<-Map 14 [SIMPLE_EDGE]
-                                                         |  Reduce Output Operator [RS_27]
+                                                         |  Reduce Output Operator [RS_28]
                                                          |     key expressions:_col0 (type: int)
                                                          |     Map-reduce partition columns:_col0 (type: int)
                                                          |     sort order:+
                                                          |     Statistics:Num rows: 154000 Data size: 221186819 Basic stats: COMPLETE Column stats: NONE
-                                                         |     Select Operator [SEL_13]
+                                                         |     Select Operator [SEL_14]
                                                          |        outputColumnNames:["_col0"]
                                                          |        Statistics:Num rows: 154000 Data size: 221186819 Basic stats: COMPLETE Column stats: NONE
-                                                         |        Filter Operator [FIL_187]
+                                                         |        Filter Operator [FIL_190]
                                                          |           predicate:((i_current_price > 50) and i_item_sk is not null) (type: boolean)
                                                          |           Statistics:Num rows: 154000 Data size: 221186819 Basic stats: COMPLETE Column stats: NONE
-                                                         |           TableScan [TS_11]
+                                                         |           TableScan [TS_12]
                                                          |              alias:item
                                                          |              Statistics:Num rows: 462000 Data size: 663560457 Basic stats: COMPLETE Column stats: NONE
                                                          |<-Reducer 4 [SIMPLE_EDGE]
-                                                            Reduce Output Operator [RS_26]
+                                                            Reduce Output Operator [RS_27]
                                                                key expressions:_col1 (type: int)
                                                                Map-reduce partition columns:_col1 (type: int)
                                                                sort order:+
                                                                Statistics:Num rows: 44193 Data size: 49453132 Basic stats: COMPLETE Column stats: NONE
                                                                value expressions:_col3 (type: int), _col5 (type: decimal(7,2)), _col6 (type: decimal(7,2)), _col9 (type: decimal(7,2)), _col10 (type: decimal(7,2)), _col14 (type: string)
-                                                               Merge Join Operator [MERGEJOIN_205]
+                                                               Merge Join Operator [MERGEJOIN_206]
                                                                |  condition map:[{"":"Inner Join 0 to 1"}]
                                                                |  keys:{"0":"_col2 (type: int)","1":"_col0 (type: int)"}
                                                                |  outputColumnNames:["_col1","_col3","_col5","_col6","_col9","_col10","_col14"]
                                                                |  Statistics:Num rows: 44193 Data size: 49453132 Basic stats: COMPLETE Column stats: NONE
                                                                |<-Map 13 [SIMPLE_EDGE]
-                                                               |  Reduce Output Operator [RS_24]
+                                                               |  Reduce Output Operator [RS_25]
                                                                |     key expressions:_col0 (type: int)
                                                                |     Map-reduce partition columns:_col0 (type: int)
                                                                |     sort order:+
                                                                |     Statistics:Num rows: 1704 Data size: 3256276 Basic stats: COMPLETE Column stats: NONE
                                                                |     value expressions:_col1 (type: string)
-                                                               |     Select Operator [SEL_10]
+                                                               |     Select Operator [SEL_11]
                                                                |        outputColumnNames:["_col0","_col1"]
                                                                |        Statistics:Num rows: 1704 Data size: 3256276 Basic stats: COMPLETE Column stats: NONE
-                                                               |        Filter Operator [FIL_186]
+                                                               |        Filter Operator [FIL_189]
                                                                |           predicate:s_store_sk is not null (type: boolean)
                                                                |           Statistics:Num rows: 1704 Data size: 3256276 Basic stats: COMPLETE Column stats: NONE
-                                                               |           TableScan [TS_8]
+                                                               |           TableScan [TS_9]
                                                                |              alias:store
                                                                |              Statistics:Num rows: 1704 Data size: 3256276 Basic stats: COMPLETE Column stats: NONE
                                                                |<-Reducer 3 [SIMPLE_EDGE]
-                                                                  Reduce Output Operator [RS_23]
+                                                                  Reduce Output Operator [RS_24]
                                                                      key expressions:_col2 (type: int)
                                                                      Map-reduce partition columns:_col2 (type: int)
                                                                      sort order:+
                                                                      Statistics:Num rows: 40176 Data size: 44957392 Basic stats: COMPLETE Column stats: NONE
                                                                      value expressions:_col1 (type: int), _col3 (type: int), _col5 (type: decimal(7,2)), _col6 (type: decimal(7,2)), _col9 (type: decimal(7,2)), _col10 (type: decimal(7,2))
-                                                                     Merge Join Operator [MERGEJOIN_204]
+                                                                     Merge Join Operator [MERGEJOIN_205]
                                                                      |  condition map:[{"":"Inner Join 0 to 1"}]
                                                                      |  keys:{"0":"_col0 (type: int)","1":"_col0 (type: int)"}
                                                                      |  outputColumnNames:["_col1","_col2","_col3","_col5","_col6","_col9","_col10"]
                                                                      |  Statistics:Num rows: 40176 Data size: 44957392 Basic stats: COMPLETE Column stats: NONE
                                                                      |<-Map 12 [SIMPLE_EDGE]
-                                                                     |  Reduce Output Operator [RS_21]
+                                                                     |  Reduce Output Operator [RS_22]
                                                                      |     key expressions:_col0 (type: int)
                                                                      |     Map-reduce partition columns:_col0 (type: int)
                                                                      |     sort order:+
                                                                      |     Statistics:Num rows: 36524 Data size: 40870356 Basic stats: COMPLETE Column stats: NONE
-                                                                     |     Select Operator [SEL_7]
+                                                                     |     Select Operator [SEL_8]
                                                                      |        outputColumnNames:["_col0"]
                                                                      |        Statistics:Num rows: 36524 Data size: 40870356 Basic stats: COMPLETE Column stats: NONE
-                                                                     |        Filter Operator [FIL_185]
+                                                                     |        Filter Operator [FIL_188]
                                                                      |           predicate:(d_date BETWEEN 1998-08-04 AND 1998-09-04 and d_date_sk is not null) (type: boolean)
                                                                      |           Statistics:Num rows: 36524 Data size: 40870356 Basic stats: COMPLETE Column stats: NONE
-                                                                     |           TableScan [TS_5]
+                                                                     |           TableScan [TS_6]
                                                                      |              alias:date_dim
                                                                      |              Statistics:Num rows: 73049 Data size: 81741831 Basic stats: COMPLETE Column stats: NONE
                                                                      |<-Reducer 2 [SIMPLE_EDGE]
-                                                                        Reduce Output Operator [RS_20]
+                                                                        Reduce Output Operator [RS_21]
                                                                            key expressions:_col0 (type: int)
                                                                            Map-reduce partition columns:_col0 (type: int)
                                                                            sort order:+
                                                                            Statistics:Num rows: 1 Data size: 0 Basic stats: PARTIAL Column stats: NONE
                                                                            value expressions:_col1 (type: int), _col2 (type: int), _col3 (type: int), _col5 (type: decimal(7,2)), _col6 (type: decimal(7,2)), _col9 (type: decimal(7,2)), _col10 (type: decimal(7,2))
-                                                                           Merge Join Operator [MERGEJOIN_201]
+                                                                           Merge Join Operator [MERGEJOIN_204]
                                                                            |  condition map:[{"":"Left Outer Join0 to 1"}]
                                                                            |  keys:{"0":"_col1 (type: int), _col4 (type: int)","1":"_col0 (type: int), _col1 (type: int)"}
                                                                            |  outputColumnNames:["_col0","_col1","_col2","_col3","_col5","_col6","_col9","_col10"]
                                                                            |  Statistics:Num rows: 1 Data size: 0 Basic stats: PARTIAL Column stats: NONE
                                                                            |<-Map 1 [SIMPLE_EDGE]
-                                                                           |  Reduce Output Operator [RS_17]
+                                                                           |  Reduce Output Operator [RS_18]
                                                                            |     key expressions:_col1 (type: int), _col4 (type: int)
                                                                            |     Map-reduce partition columns:_col1 (type: int), _col4 (type: int)
                                                                            |     sort order:++
@@ -571,23 +577,26 @@ Stage-0
                                                                            |     Select Operator [SEL_2]
                                                                            |        outputColumnNames:["_col0","_col1","_col2","_col3","_col4","_col5","_col6"]
                                                                            |        Statistics:Num rows: 1 Data size: 0 Basic stats: PARTIAL Column stats: NONE
-                                                                           |        Filter Operator [FIL_183]
+                                                                           |        Filter Operator [FIL_186]
                                                                            |           predicate:(((ss_sold_date_sk is not null and ss_store_sk is not null) and ss_item_sk is not null) and ss_promo_sk is not null) (type: boolean)
                                                                            |           Statistics:Num rows: 1 Data size: 0 Basic stats: PARTIAL Column stats: NONE
                                                                            |           TableScan [TS_0]
                                                                            |              alias:store_sales
                                                                            |              Statistics:Num rows: 1 Data size: 0 Basic stats: PARTIAL Column stats: NONE
                                                                            |<-Map 11 [SIMPLE_EDGE]
-                                                                              Reduce Output Operator [RS_18]
+                                                                              Reduce Output Operator [RS_19]
                                                                                  key expressions:_col0 (type: int), _col1 (type: int)
                                                                                  Map-reduce partition columns:_col0 (type: int), _col1 (type: int)
                                                                                  sort order:++
                                                                                  Statistics:Num rows: 1 Data size: 0 Basic stats: PARTIAL Column stats: NONE
                                                                                  value expressions:_col2 (type: decimal(7,2)), _col3 (type: decimal(7,2))
-                                                                                 Select Operator [SEL_4]
+                                                                                 Select Operator [SEL_5]
                                                                                     outputColumnNames:["_col0","_col1","_col2","_col3"]
                                                                                     Statistics:Num rows: 1 Data size: 0 Basic stats: PARTIAL Column stats: NONE
-                                                                                    TableScan [TS_3]
-                                                                                       alias:store_returns
+                                                                                    Filter Operator [FIL_187]
+                                                                                       predicate:sr_item_sk is not null (type: boolean)
                                                                                        Statistics:Num rows: 1 Data size: 0 Basic stats: PARTIAL Column stats: NONE
+                                                                                       TableScan [TS_3]
+                                                                                          alias:store_returns
+                                                                                          Statistics:Num rows: 1 Data size: 0 Basic stats: PARTIAL Column stats: NONE
 
diff --git a/ql/src/test/results/clientpositive/perf/query82.q.out b/ql/src/test/results/clientpositive/perf/query82.q.out
index 654a772070..0bf4243603 100644
--- a/ql/src/test/results/clientpositive/perf/query82.q.out
+++ b/ql/src/test/results/clientpositive/perf/query82.q.out
@@ -88,7 +88,7 @@ Stage-0
                                     |        outputColumnNames:["_col0","_col1","_col2","_col3"]
                                     |        Statistics:Num rows: 115500 Data size: 165890114 Basic stats: COMPLETE Column stats: NONE
                                     |        Filter Operator [FIL_38]
-                                    |           predicate:(((i_manufact_id) IN (437, 129, 727, 663) and i_current_price BETWEEN 30 AND 60) and i_item_sk is not null) (type: boolean)
+                                    |           predicate:((i_current_price BETWEEN 30 AND 60 and (i_manufact_id) IN (437, 129, 727, 663)) and i_item_sk is not null) (type: boolean)
                                     |           Statistics:Num rows: 115500 Data size: 165890114 Basic stats: COMPLETE Column stats: NONE
                                     |           TableScan [TS_0]
                                     |              alias:item
diff --git a/ql/src/test/results/clientpositive/perf/query84.q.out b/ql/src/test/results/clientpositive/perf/query84.q.out
index e522f23800..095e6e3a5d 100644
--- a/ql/src/test/results/clientpositive/perf/query84.q.out
+++ b/ql/src/test/results/clientpositive/perf/query84.q.out
@@ -50,7 +50,7 @@ Stage-0
                         |        outputColumnNames:["_col0"]
                         |        Statistics:Num rows: 2 Data size: 24 Basic stats: COMPLETE Column stats: NONE
                         |        Filter Operator [FIL_61]
-                        |           predicate:(((ib_upper_bound <= 82287) and (ib_lower_bound >= 32287)) and ib_income_band_sk is not null) (type: boolean)
+                        |           predicate:(((ib_lower_bound >= 32287) and (ib_upper_bound <= 82287)) and ib_income_band_sk is not null) (type: boolean)
                         |           Statistics:Num rows: 2 Data size: 24 Basic stats: COMPLETE Column stats: NONE
                         |           TableScan [TS_12]
                         |              alias:income_band
diff --git a/ql/src/test/results/clientpositive/perf/query85.q.out b/ql/src/test/results/clientpositive/perf/query85.q.out
index 54061ced07..6922a1fbc7 100644
--- a/ql/src/test/results/clientpositive/perf/query85.q.out
+++ b/ql/src/test/results/clientpositive/perf/query85.q.out
@@ -162,7 +162,7 @@ Stage-0
                                                             |        outputColumnNames:["_col0","_col1","_col2"]
                                                             |        Statistics:Num rows: 19800 Data size: 7171059 Basic stats: COMPLETE Column stats: NONE
                                                             |        Filter Operator [FIL_97]
-                                                            |           predicate:((((((cd_education_status = '4 yr Degree') or (cd_education_status = 'Primary') or (cd_education_status = 'Advanced Degree')) and cd_education_status is not null) and ((cd_marital_status = 'M') or (cd_marital_status = 'D') or (cd_marital_status = 'U'))) and cd_marital_status is not null) and cd_demo_sk is not null) (type: boolean)
+                                                            |           predicate:((((cd_demo_sk is not null and cd_marital_status is not null) and cd_education_status is not null) and ((cd_education_status = '4 yr Degree') or (cd_education_status = 'Primary') or (cd_education_status = 'Advanced Degree'))) and ((cd_marital_status = 'M') or (cd_marital_status = 'D') or (cd_marital_status = 'U'))) (type: boolean)
                                                             |           Statistics:Num rows: 19800 Data size: 7171059 Basic stats: COMPLETE Column stats: NONE
                                                             |           TableScan [TS_23]
                                                             |              alias:cd1
@@ -196,7 +196,7 @@ Stage-0
                                                                         |        outputColumnNames:["_col0","_col1","_col2"]
                                                                         |        Statistics:Num rows: 19800 Data size: 7171059 Basic stats: COMPLETE Column stats: NONE
                                                                         |        Filter Operator [FIL_96]
-                                                                        |           predicate:((((((cd_marital_status = 'M') or (cd_marital_status = 'D') or (cd_marital_status = 'U')) and ((cd_education_status = '4 yr Degree') or (cd_education_status = 'Primary') or (cd_education_status = 'Advanced Degree'))) and cd_demo_sk is not null) and cd_education_status is not null) and cd_marital_status is not null) (type: boolean)
+                                                                        |           predicate:((((((cd_education_status = '4 yr Degree') or (cd_education_status = 'Primary') or (cd_education_status = 'Advanced Degree')) and ((cd_marital_status = 'M') or (cd_marital_status = 'D') or (cd_marital_status = 'U'))) and cd_demo_sk is not null) and cd_education_status is not null) and cd_marital_status is not null) (type: boolean)
                                                                         |           Statistics:Num rows: 19800 Data size: 7171059 Basic stats: COMPLETE Column stats: NONE
                                                                         |           TableScan [TS_9]
                                                                         |              alias:cd1
@@ -251,7 +251,7 @@ Stage-0
                                                                                     |        outputColumnNames:["_col0","_col1","_col2","_col3","_col4","_col5","_col6"]
                                                                                     |        Statistics:Num rows: 1 Data size: 0 Basic stats: PARTIAL Column stats: NONE
                                                                                     |        Filter Operator [FIL_93]
-                                                                                    |           predicate:(((((ws_item_sk is not null and (ws_sales_price BETWEEN 100.0 AND 150.0 or ws_sales_price BETWEEN 50.0 AND 100.0 or ws_sales_price BETWEEN 150.0 AND 200.0)) and ws_order_number is not null) and (ws_net_profit BETWEEN 100 AND 200 or ws_net_profit BETWEEN 150 AND 300 or ws_net_profit BETWEEN 50 AND 250)) and ws_web_page_sk is not null) and ws_sold_date_sk is not null) (type: boolean)
+                                                                                    |           predicate:((((((ws_sales_price BETWEEN 100.0 AND 150.0 or ws_sales_price BETWEEN 50.0 AND 100.0 or ws_sales_price BETWEEN 150.0 AND 200.0) and (ws_net_profit BETWEEN 100 AND 200 or ws_net_profit BETWEEN 150 AND 300 or ws_net_profit BETWEEN 50 AND 250)) and ws_order_number is not null) and ws_item_sk is not null) and ws_web_page_sk is not null) and ws_sold_date_sk is not null) (type: boolean)
                                                                                     |           Statistics:Num rows: 1 Data size: 0 Basic stats: PARTIAL Column stats: NONE
                                                                                     |           TableScan [TS_0]
                                                                                     |              alias:web_sales
@@ -267,7 +267,7 @@ Stage-0
                                                                                              outputColumnNames:["_col0","_col1","_col2","_col3","_col4","_col5","_col6","_col7"]
                                                                                              Statistics:Num rows: 1 Data size: 0 Basic stats: PARTIAL Column stats: NONE
                                                                                              Filter Operator [FIL_94]
-                                                                                                predicate:(((((wr_order_number is not null and wr_item_sk is not null) and wr_refunded_cdemo_sk is not null) and wr_returning_cdemo_sk is not null) and wr_refunded_addr_sk is not null) and wr_reason_sk is not null) (type: boolean)
+                                                                                                predicate:(((((wr_item_sk is not null and wr_order_number is not null) and wr_refunded_cdemo_sk is not null) and wr_returning_cdemo_sk is not null) and wr_refunded_addr_sk is not null) and wr_reason_sk is not null) (type: boolean)
                                                                                                 Statistics:Num rows: 1 Data size: 0 Basic stats: PARTIAL Column stats: NONE
                                                                                                 TableScan [TS_3]
                                                                                                    alias:web_returns
diff --git a/ql/src/test/results/clientpositive/perf/query87.q.out b/ql/src/test/results/clientpositive/perf/query87.q.out
index a336189881..8e7b634371 100644
--- a/ql/src/test/results/clientpositive/perf/query87.q.out
+++ b/ql/src/test/results/clientpositive/perf/query87.q.out
@@ -133,7 +133,7 @@ Stage-0
                            |                                outputColumnNames:["_col0","_col1"]
                            |                                Statistics:Num rows: 36524 Data size: 40870356 Basic stats: COMPLETE Column stats: NONE
                            |                                Filter Operator [FIL_103]
-                           |                                   predicate:(d_month_seq BETWEEN 1193 AND 1204 and d_date_sk is not null) (type: boolean)
+                           |                                   predicate:(d_date_sk is not null and d_month_seq BETWEEN 1193 AND 1204) (type: boolean)
                            |                                   Statistics:Num rows: 36524 Data size: 40870356 Basic stats: COMPLETE Column stats: NONE
                            |                                   TableScan [TS_48]
                            |                                      alias:date_dim
@@ -238,7 +238,7 @@ Stage-0
                                        |                                outputColumnNames:["_col0","_col1"]
                                        |                                Statistics:Num rows: 36524 Data size: 40870356 Basic stats: COMPLETE Column stats: NONE
                                        |                                Filter Operator [FIL_100]
-                                       |                                   predicate:(d_month_seq BETWEEN 1193 AND 1204 and d_date_sk is not null) (type: boolean)
+                                       |                                   predicate:(d_date_sk is not null and d_month_seq BETWEEN 1193 AND 1204) (type: boolean)
                                        |                                   Statistics:Num rows: 36524 Data size: 40870356 Basic stats: COMPLETE Column stats: NONE
                                        |                                   TableScan [TS_23]
                                        |                                      alias:date_dim
@@ -326,7 +326,7 @@ Stage-0
                                                                         outputColumnNames:["_col0","_col1"]
                                                                         Statistics:Num rows: 36524 Data size: 40870356 Basic stats: COMPLETE Column stats: NONE
                                                                         Filter Operator [FIL_97]
-                                                                           predicate:(d_month_seq BETWEEN 1193 AND 1204 and d_date_sk is not null) (type: boolean)
+                                                                           predicate:(d_date_sk is not null and d_month_seq BETWEEN 1193 AND 1204) (type: boolean)
                                                                            Statistics:Num rows: 36524 Data size: 40870356 Basic stats: COMPLETE Column stats: NONE
                                                                            TableScan [TS_3]
                                                                               alias:date_dim
diff --git a/ql/src/test/results/clientpositive/perf/query88.q.out b/ql/src/test/results/clientpositive/perf/query88.q.out
index f139dd11c3..c1d868fd3b 100644
--- a/ql/src/test/results/clientpositive/perf/query88.q.out
+++ b/ql/src/test/results/clientpositive/perf/query88.q.out
@@ -672,7 +672,7 @@ Stage-0
             |     |                       |                    |        outputColumnNames:["_col0"]
             |     |                       |                    |        Statistics:Num rows: 14400 Data size: 6782400 Basic stats: COMPLETE Column stats: NONE
             |     |                       |                    |        Filter Operator [FIL_320]
-            |     |                       |                    |           predicate:(((t_minute >= 30) and (t_hour = 9)) and t_time_sk is not null) (type: boolean)
+            |     |                       |                    |           predicate:(((t_hour = 9) and (t_minute >= 30)) and t_time_sk is not null) (type: boolean)
             |     |                       |                    |           Statistics:Num rows: 14400 Data size: 6782400 Basic stats: COMPLETE Column stats: NONE
             |     |                       |                    |           TableScan [TS_58]
             |     |                       |                    |              alias:time_dim
@@ -894,7 +894,7 @@ Stage-0
             |     |                                                  |        outputColumnNames:["_col0"]
             |     |                                                  |        Statistics:Num rows: 14400 Data size: 6782400 Basic stats: COMPLETE Column stats: NONE
             |     |                                                  |        Filter Operator [FIL_312]
-            |     |                                                  |           predicate:(((t_minute >= 30) and (t_hour = 8)) and t_time_sk is not null) (type: boolean)
+            |     |                                                  |           predicate:(((t_hour = 8) and (t_minute >= 30)) and t_time_sk is not null) (type: boolean)
             |     |                                                  |           Statistics:Num rows: 14400 Data size: 6782400 Basic stats: COMPLETE Column stats: NONE
             |     |                                                  |           TableScan [TS_6]
             |     |                                                  |              alias:time_dim
@@ -1000,7 +1000,7 @@ Stage-0
             |                          |        outputColumnNames:["_col0"]
             |                          |        Statistics:Num rows: 14400 Data size: 6782400 Basic stats: COMPLETE Column stats: NONE
             |                          |        Filter Operator [FIL_336]
-            |                          |           predicate:(((t_minute >= 30) and (t_hour = 11)) and t_time_sk is not null) (type: boolean)
+            |                          |           predicate:(((t_hour = 11) and (t_minute >= 30)) and t_time_sk is not null) (type: boolean)
             |                          |           Statistics:Num rows: 14400 Data size: 6782400 Basic stats: COMPLETE Column stats: NONE
             |                          |           TableScan [TS_162]
             |                          |              alias:time_dim
diff --git a/ql/src/test/results/clientpositive/perf/query89.q.out b/ql/src/test/results/clientpositive/perf/query89.q.out
index ee9eabc433..445ab6c195 100644
--- a/ql/src/test/results/clientpositive/perf/query89.q.out
+++ b/ql/src/test/results/clientpositive/perf/query89.q.out
@@ -200,7 +200,7 @@ Stage-0
                                                                   |        outputColumnNames:["_col0","_col1","_col2","_col3"]
                                                                   |        Statistics:Num rows: 231000 Data size: 331780228 Basic stats: COMPLETE Column stats: NONE
                                                                   |        Filter Operator [FIL_47]
-                                                                  |           predicate:((((((i_category) IN ('Home', 'Books', 'Electronics') and (i_class) IN ('wallpaper', 'parenting', 'musical')) or ((i_category) IN ('Shoes', 'Jewelry', 'Men') and (i_class) IN ('womens', 'birdal', 'pants'))) and ((i_category) IN ('Home', 'Books', 'Electronics') or (i_category) IN ('Shoes', 'Jewelry', 'Men'))) and ((i_class) IN ('wallpaper', 'parenting', 'musical') or (i_class) IN ('womens', 'birdal', 'pants'))) and i_item_sk is not null) (type: boolean)
+                                                                  |           predicate:(((((i_category) IN ('Home', 'Books', 'Electronics') or (i_category) IN ('Shoes', 'Jewelry', 'Men')) and ((i_class) IN ('wallpaper', 'parenting', 'musical') or (i_class) IN ('womens', 'birdal', 'pants'))) and (((i_category) IN ('Home', 'Books', 'Electronics') and (i_class) IN ('wallpaper', 'parenting', 'musical')) or ((i_category) IN ('Shoes', 'Jewelry', 'Men') and (i_class) IN ('womens', 'birdal', 'pants')))) and i_item_sk is not null) (type: boolean)
                                                                   |           Statistics:Num rows: 231000 Data size: 331780228 Basic stats: COMPLETE Column stats: NONE
                                                                   |           TableScan [TS_0]
                                                                   |              alias:item
diff --git a/ql/src/test/results/clientpositive/perf/query90.q.out b/ql/src/test/results/clientpositive/perf/query90.q.out
index d34aaf4d65..3e9adf24cc 100644
--- a/ql/src/test/results/clientpositive/perf/query90.q.out
+++ b/ql/src/test/results/clientpositive/perf/query90.q.out
@@ -209,7 +209,7 @@ Stage-0
                                              |        outputColumnNames:["_col0"]
                                              |        Statistics:Num rows: 43200 Data size: 20347200 Basic stats: COMPLETE Column stats: NONE
                                              |        Filter Operator [FIL_81]
-                                             |           predicate:(t_time_sk is not null and t_hour BETWEEN 6 AND 7) (type: boolean)
+                                             |           predicate:(t_hour BETWEEN 6 AND 7 and t_time_sk is not null) (type: boolean)
                                              |           Statistics:Num rows: 43200 Data size: 20347200 Basic stats: COMPLETE Column stats: NONE
                                              |           TableScan [TS_6]
                                              |              alias:time_dim
diff --git a/ql/src/test/results/clientpositive/perf/query91.q.out b/ql/src/test/results/clientpositive/perf/query91.q.out
index 54f58e439b..306cec7c93 100644
--- a/ql/src/test/results/clientpositive/perf/query91.q.out
+++ b/ql/src/test/results/clientpositive/perf/query91.q.out
@@ -70,7 +70,7 @@ Stage-0
                                  |        outputColumnNames:["_col0"]
                                  |        Statistics:Num rows: 3600 Data size: 385200 Basic stats: COMPLETE Column stats: NONE
                                  |        Filter Operator [FIL_80]
-                                 |           predicate:(hd_demo_sk is not null and (hd_buy_potential like '0-500%')) (type: boolean)
+                                 |           predicate:((hd_buy_potential like '0-500%') and hd_demo_sk is not null) (type: boolean)
                                  |           Statistics:Num rows: 3600 Data size: 385200 Basic stats: COMPLETE Column stats: NONE
                                  |           TableScan [TS_18]
                                  |              alias:household_demographics
@@ -98,7 +98,7 @@ Stage-0
                                        |        outputColumnNames:["_col0","_col1","_col2"]
                                        |        Statistics:Num rows: 9900 Data size: 3585529 Basic stats: COMPLETE Column stats: NONE
                                        |        Filter Operator [FIL_79]
-                                       |           predicate:((((((cd_marital_status = 'M') and (cd_education_status = 'Unknown')) or ((cd_marital_status = 'W') and (cd_education_status = 'Advanced Degree'))) and ((cd_education_status = 'Unknown') or (cd_education_status = 'Advanced Degree'))) and ((cd_marital_status = 'M') or (cd_marital_status = 'W'))) and cd_demo_sk is not null) (type: boolean)
+                                       |           predicate:(((((cd_marital_status = 'M') or (cd_marital_status = 'W')) and ((cd_education_status = 'Unknown') or (cd_education_status = 'Advanced Degree'))) and (((cd_marital_status = 'M') and (cd_education_status = 'Unknown')) or ((cd_marital_status = 'W') and (cd_education_status = 'Advanced Degree')))) and cd_demo_sk is not null) (type: boolean)
                                        |           Statistics:Num rows: 9900 Data size: 3585529 Basic stats: COMPLETE Column stats: NONE
                                        |           TableScan [TS_15]
                                        |              alias:customer_demographics
@@ -180,7 +180,7 @@ Stage-0
                                                          |        outputColumnNames:["_col0"]
                                                          |        Statistics:Num rows: 18262 Data size: 20435178 Basic stats: COMPLETE Column stats: NONE
                                                          |        Filter Operator [FIL_76]
-                                                         |           predicate:(((d_moy = 11) and d_date_sk is not null) and (d_year = 1999)) (type: boolean)
+                                                         |           predicate:(((d_year = 1999) and (d_moy = 11)) and d_date_sk is not null) (type: boolean)
                                                          |           Statistics:Num rows: 18262 Data size: 20435178 Basic stats: COMPLETE Column stats: NONE
                                                          |           TableScan [TS_6]
                                                          |              alias:date_dim
diff --git a/ql/src/test/results/clientpositive/perf/query92.q.out b/ql/src/test/results/clientpositive/perf/query92.q.out
index 6fb2133f2b..865290cd57 100644
--- a/ql/src/test/results/clientpositive/perf/query92.q.out
+++ b/ql/src/test/results/clientpositive/perf/query92.q.out
@@ -96,7 +96,7 @@ Stage-0
                         |                          outputColumnNames:["_col0"]
                         |                          Statistics:Num rows: 8116 Data size: 9081804 Basic stats: COMPLETE Column stats: NONE
                         |                          Filter Operator [FIL_43]
-                        |                             predicate:(((d_month_seq <= 1217) and d_date_sk is not null) and (d_month_seq >= 1206)) (type: boolean)
+                        |                             predicate:((d_date_sk is not null and (d_month_seq >= 1206)) and (d_month_seq <= 1217)) (type: boolean)
                         |                             Statistics:Num rows: 8116 Data size: 9081804 Basic stats: COMPLETE Column stats: NONE
                         |                             TableScan [TS_3]
                         |                                alias:d1
@@ -136,7 +136,7 @@ Stage-0
                                        |        outputColumnNames:["_col0"]
                                        |        Statistics:Num rows: 8116 Data size: 9081804 Basic stats: COMPLETE Column stats: NONE
                                        |        Filter Operator [FIL_45]
-                                       |           predicate:(((d_month_seq <= 1217) and d_date_sk is not null) and (d_month_seq >= 1206)) (type: boolean)
+                                       |           predicate:((d_date_sk is not null and (d_month_seq >= 1206)) and (d_month_seq <= 1217)) (type: boolean)
                                        |           Statistics:Num rows: 8116 Data size: 9081804 Basic stats: COMPLETE Column stats: NONE
                                        |           TableScan [TS_17]
                                        |              alias:d1
diff --git a/ql/src/test/results/clientpositive/perf/query93.q.out b/ql/src/test/results/clientpositive/perf/query93.q.out
index 5255145945..401c58bc7a 100644
--- a/ql/src/test/results/clientpositive/perf/query93.q.out
+++ b/ql/src/test/results/clientpositive/perf/query93.q.out
@@ -15,100 +15,103 @@ Stage-0
       limit:100
       Stage-1
          Reducer 5
-         File Output Operator [FS_23]
+         File Output Operator [FS_24]
             compressed:false
             Statistics:Num rows: 19 Data size: 3858 Basic stats: COMPLETE Column stats: NONE
             table:{"input format:":"org.apache.hadoop.mapred.TextInputFormat","output format:":"org.apache.hadoop.hive.ql.io.HiveIgnoreKeyTextOutputFormat","serde:":"org.apache.hadoop.hive.serde2.lazy.LazySimpleSerDe"}
-            Limit [LIM_22]
+            Limit [LIM_23]
                Number of rows:100
                Statistics:Num rows: 19 Data size: 3858 Basic stats: COMPLETE Column stats: NONE
-               Select Operator [SEL_21]
+               Select Operator [SEL_22]
                |  outputColumnNames:["_col0","_col1"]
                |  Statistics:Num rows: 19 Data size: 3858 Basic stats: COMPLETE Column stats: NONE
                |<-Reducer 4 [SIMPLE_EDGE]
-                  Reduce Output Operator [RS_20]
+                  Reduce Output Operator [RS_21]
                      key expressions:_col1 (type: decimal(28,2)), _col0 (type: int)
                      sort order:++
                      Statistics:Num rows: 19 Data size: 3858 Basic stats: COMPLETE Column stats: NONE
-                     Group By Operator [GBY_18]
+                     Group By Operator [GBY_19]
                      |  aggregations:["sum(VALUE._col0)"]
                      |  keys:KEY._col0 (type: int)
                      |  outputColumnNames:["_col0","_col1"]
                      |  Statistics:Num rows: 19 Data size: 3858 Basic stats: COMPLETE Column stats: NONE
                      |<-Reducer 3 [SIMPLE_EDGE]
-                        Reduce Output Operator [RS_17]
+                        Reduce Output Operator [RS_18]
                            key expressions:_col0 (type: int)
                            Map-reduce partition columns:_col0 (type: int)
                            sort order:+
                            Statistics:Num rows: 39 Data size: 7920 Basic stats: COMPLETE Column stats: NONE
                            value expressions:_col1 (type: decimal(28,2))
-                           Group By Operator [GBY_16]
+                           Group By Operator [GBY_17]
                               aggregations:["sum(_col1)"]
                               keys:_col0 (type: int)
                               outputColumnNames:["_col0","_col1"]
                               Statistics:Num rows: 39 Data size: 7920 Basic stats: COMPLETE Column stats: NONE
-                              Select Operator [SEL_14]
+                              Select Operator [SEL_15]
                                  outputColumnNames:["_col0","_col1"]
                                  Statistics:Num rows: 39 Data size: 7920 Basic stats: COMPLETE Column stats: NONE
-                                 Merge Join Operator [MERGEJOIN_33]
+                                 Merge Join Operator [MERGEJOIN_34]
                                  |  condition map:[{"":"Inner Join 0 to 1"}]
                                  |  keys:{"0":"_col6 (type: int)","1":"_col0 (type: int)"}
                                  |  outputColumnNames:["_col1","_col3","_col4","_col8"]
                                  |  Statistics:Num rows: 39 Data size: 7920 Basic stats: COMPLETE Column stats: NONE
                                  |<-Map 7 [SIMPLE_EDGE]
-                                 |  Reduce Output Operator [RS_12]
+                                 |  Reduce Output Operator [RS_13]
                                  |     key expressions:_col0 (type: int)
                                  |     Map-reduce partition columns:_col0 (type: int)
                                  |     sort order:+
                                  |     Statistics:Num rows: 36 Data size: 7200 Basic stats: COMPLETE Column stats: NONE
-                                 |     Select Operator [SEL_7]
+                                 |     Select Operator [SEL_8]
                                  |        outputColumnNames:["_col0"]
                                  |        Statistics:Num rows: 36 Data size: 7200 Basic stats: COMPLETE Column stats: NONE
-                                 |        Filter Operator [FIL_31]
+                                 |        Filter Operator [FIL_32]
                                  |           predicate:((r_reason_desc = 'Did not like the warranty') and r_reason_sk is not null) (type: boolean)
                                  |           Statistics:Num rows: 36 Data size: 7200 Basic stats: COMPLETE Column stats: NONE
-                                 |           TableScan [TS_5]
+                                 |           TableScan [TS_6]
                                  |              alias:reason
                                  |              Statistics:Num rows: 72 Data size: 14400 Basic stats: COMPLETE Column stats: NONE
                                  |<-Reducer 2 [SIMPLE_EDGE]
-                                    Reduce Output Operator [RS_11]
+                                    Reduce Output Operator [RS_12]
                                        key expressions:_col6 (type: int)
                                        Map-reduce partition columns:_col6 (type: int)
                                        sort order:+
                                        Statistics:Num rows: 1 Data size: 0 Basic stats: PARTIAL Column stats: NONE
                                        value expressions:_col1 (type: int), _col3 (type: int), _col4 (type: decimal(7,2)), _col8 (type: int)
-                                       Merge Join Operator [MERGEJOIN_32]
+                                       Merge Join Operator [MERGEJOIN_33]
                                        |  condition map:[{"":"Inner Join 0 to 1"}]
                                        |  keys:{"0":"_col0 (type: int), _col2 (type: int)","1":"_col0 (type: int), _col2 (type: int)"}
                                        |  outputColumnNames:["_col1","_col3","_col4","_col6","_col8"]
                                        |  Statistics:Num rows: 1 Data size: 0 Basic stats: PARTIAL Column stats: NONE
                                        |<-Map 1 [SIMPLE_EDGE]
-                                       |  Reduce Output Operator [RS_8]
+                                       |  Reduce Output Operator [RS_9]
                                        |     key expressions:_col0 (type: int), _col2 (type: int)
                                        |     Map-reduce partition columns:_col0 (type: int), _col2 (type: int)
                                        |     sort order:++
                                        |     Statistics:Num rows: 1 Data size: 0 Basic stats: PARTIAL Column stats: NONE
                                        |     value expressions:_col1 (type: int), _col3 (type: int), _col4 (type: decimal(7,2))
-                                       |     Select Operator [SEL_1]
+                                       |     Select Operator [SEL_2]
                                        |        outputColumnNames:["_col0","_col1","_col2","_col3","_col4"]
                                        |        Statistics:Num rows: 1 Data size: 0 Basic stats: PARTIAL Column stats: NONE
-                                       |        TableScan [TS_0]
-                                       |           alias:store_sales
+                                       |        Filter Operator [FIL_30]
+                                       |           predicate:(ss_item_sk is not null and ss_ticket_number is not null) (type: boolean)
                                        |           Statistics:Num rows: 1 Data size: 0 Basic stats: PARTIAL Column stats: NONE
+                                       |           TableScan [TS_0]
+                                       |              alias:store_sales
+                                       |              Statistics:Num rows: 1 Data size: 0 Basic stats: PARTIAL Column stats: NONE
                                        |<-Map 6 [SIMPLE_EDGE]
-                                          Reduce Output Operator [RS_9]
+                                          Reduce Output Operator [RS_10]
                                              key expressions:_col0 (type: int), _col2 (type: int)
                                              Map-reduce partition columns:_col0 (type: int), _col2 (type: int)
                                              sort order:++
                                              Statistics:Num rows: 1 Data size: 0 Basic stats: PARTIAL Column stats: NONE
                                              value expressions:_col1 (type: int), _col3 (type: int)
-                                             Select Operator [SEL_4]
+                                             Select Operator [SEL_5]
                                                 outputColumnNames:["_col0","_col1","_col2","_col3"]
                                                 Statistics:Num rows: 1 Data size: 0 Basic stats: PARTIAL Column stats: NONE
-                                                Filter Operator [FIL_30]
-                                                   predicate:sr_reason_sk is not null (type: boolean)
+                                                Filter Operator [FIL_31]
+                                                   predicate:((sr_reason_sk is not null and sr_item_sk is not null) and sr_ticket_number is not null) (type: boolean)
                                                    Statistics:Num rows: 1 Data size: 0 Basic stats: PARTIAL Column stats: NONE
-                                                   TableScan [TS_2]
+                                                   TableScan [TS_3]
                                                       alias:store_returns
                                                       Statistics:Num rows: 1 Data size: 0 Basic stats: PARTIAL Column stats: NONE
 
diff --git a/ql/src/test/results/clientpositive/perf/query94.q.out b/ql/src/test/results/clientpositive/perf/query94.q.out
index 0357835f7f..0f128abbc3 100644
--- a/ql/src/test/results/clientpositive/perf/query94.q.out
+++ b/ql/src/test/results/clientpositive/perf/query94.q.out
@@ -18,65 +18,68 @@ Stage-0
       limit:100
       Stage-1
          Reducer 7
-         File Output Operator [FS_49]
+         File Output Operator [FS_50]
             compressed:false
             Statistics:Num rows: 1 Data size: 344 Basic stats: COMPLETE Column stats: NONE
             table:{"input format:":"org.apache.hadoop.mapred.TextInputFormat","output format:":"org.apache.hadoop.hive.ql.io.HiveIgnoreKeyTextOutputFormat","serde:":"org.apache.hadoop.hive.serde2.lazy.LazySimpleSerDe"}
-            Limit [LIM_48]
+            Limit [LIM_49]
                Number of rows:100
                Statistics:Num rows: 1 Data size: 344 Basic stats: COMPLETE Column stats: NONE
-               Group By Operator [GBY_46]
+               Group By Operator [GBY_47]
                |  aggregations:["count(DISTINCT KEY._col0:0._col0)","sum(VALUE._col1)","sum(VALUE._col2)"]
                |  outputColumnNames:["_col0","_col1","_col2"]
                |  Statistics:Num rows: 1 Data size: 344 Basic stats: COMPLETE Column stats: NONE
                |<-Reducer 6 [SIMPLE_EDGE]
-                  Reduce Output Operator [RS_45]
+                  Reduce Output Operator [RS_46]
                      key expressions:_col0 (type: int)
                      sort order:+
                      Statistics:Num rows: 14641000 Data size: 14858857641 Basic stats: COMPLETE Column stats: NONE
                      value expressions:_col2 (type: decimal(17,2)), _col3 (type: decimal(17,2))
-                     Group By Operator [GBY_44]
+                     Group By Operator [GBY_45]
                         aggregations:["count(DISTINCT _col3)","sum(_col4)","sum(_col5)"]
                         keys:_col3 (type: int)
                         outputColumnNames:["_col0","_col1","_col2","_col3"]
                         Statistics:Num rows: 14641000 Data size: 14858857641 Basic stats: COMPLETE Column stats: NONE
-                        Select Operator [SEL_43]
+                        Select Operator [SEL_44]
                            outputColumnNames:["_col3","_col4","_col5"]
                            Statistics:Num rows: 14641000 Data size: 14858857641 Basic stats: COMPLETE Column stats: NONE
-                           Filter Operator [FIL_42]
+                           Filter Operator [FIL_43]
                               predicate:_col12 is null (type: boolean)
                               Statistics:Num rows: 14641000 Data size: 14858857641 Basic stats: COMPLETE Column stats: NONE
-                              Merge Join Operator [MERGEJOIN_83]
+                              Merge Join Operator [MERGEJOIN_84]
                               |  condition map:[{"":"Left Outer Join0 to 1"}]
                               |  keys:{"0":"_col3 (type: int)","1":"_col0 (type: int)"}
                               |  outputColumnNames:["_col3","_col4","_col5","_col12"]
                               |  Statistics:Num rows: 29282000 Data size: 29717715282 Basic stats: COMPLETE Column stats: NONE
                               |<-Map 14 [SIMPLE_EDGE]
-                              |  Reduce Output Operator [RS_40]
+                              |  Reduce Output Operator [RS_41]
                               |     key expressions:_col0 (type: int)
                               |     Map-reduce partition columns:_col0 (type: int)
                               |     sort order:+
                               |     Statistics:Num rows: 1 Data size: 0 Basic stats: PARTIAL Column stats: NONE
-                              |     Select Operator [SEL_24]
+                              |     Select Operator [SEL_25]
                               |        outputColumnNames:["_col0"]
                               |        Statistics:Num rows: 1 Data size: 0 Basic stats: PARTIAL Column stats: NONE
-                              |        TableScan [TS_23]
-                              |           alias:wr1
+                              |        Filter Operator [FIL_78]
+                              |           predicate:wr_order_number is not null (type: boolean)
                               |           Statistics:Num rows: 1 Data size: 0 Basic stats: PARTIAL Column stats: NONE
+                              |           TableScan [TS_23]
+                              |              alias:wr1
+                              |              Statistics:Num rows: 1 Data size: 0 Basic stats: PARTIAL Column stats: NONE
                               |<-Reducer 5 [SIMPLE_EDGE]
-                                 Reduce Output Operator [RS_39]
+                                 Reduce Output Operator [RS_40]
                                     key expressions:_col3 (type: int)
                                     Map-reduce partition columns:_col3 (type: int)
                                     sort order:+
                                     Statistics:Num rows: 26620000 Data size: 27016104217 Basic stats: COMPLETE Column stats: NONE
                                     value expressions:_col4 (type: decimal(7,2)), _col5 (type: decimal(7,2))
-                                    Merge Join Operator [MERGEJOIN_82]
+                                    Merge Join Operator [MERGEJOIN_83]
                                     |  condition map:[{"":"Inner Join 0 to 1"}]
                                     |  keys:{"0":"_col0 (type: int)","1":"_col0 (type: int)"}
                                     |  outputColumnNames:["_col3","_col4","_col5"]
                                     |  Statistics:Num rows: 26620000 Data size: 27016104217 Basic stats: COMPLETE Column stats: NONE
                                     |<-Map 13 [SIMPLE_EDGE]
-                                    |  Reduce Output Operator [RS_37]
+                                    |  Reduce Output Operator [RS_38]
                                     |     key expressions:_col0 (type: int)
                                     |     Map-reduce partition columns:_col0 (type: int)
                                     |     sort order:+
@@ -84,26 +87,26 @@ Stage-0
                                     |     Select Operator [SEL_22]
                                     |        outputColumnNames:["_col0"]
                                     |        Statistics:Num rows: 36524 Data size: 40870356 Basic stats: COMPLETE Column stats: NONE
-                                    |        Filter Operator [FIL_76]
-                                    |           predicate:(d_date BETWEEN '1999-05-01' AND '1999-07-01' and d_date_sk is not null) (type: boolean)
+                                    |        Filter Operator [FIL_77]
+                                    |           predicate:(d_date_sk is not null and d_date BETWEEN '1999-05-01' AND '1999-07-01') (type: boolean)
                                     |           Statistics:Num rows: 36524 Data size: 40870356 Basic stats: COMPLETE Column stats: NONE
                                     |           TableScan [TS_20]
                                     |              alias:d
                                     |              Statistics:Num rows: 73049 Data size: 81741831 Basic stats: COMPLETE Column stats: NONE
                                     |<-Reducer 4 [SIMPLE_EDGE]
-                                       Reduce Output Operator [RS_36]
+                                       Reduce Output Operator [RS_37]
                                           key expressions:_col0 (type: int)
                                           Map-reduce partition columns:_col0 (type: int)
                                           sort order:+
                                           Statistics:Num rows: 24200000 Data size: 24560094211 Basic stats: COMPLETE Column stats: NONE
                                           value expressions:_col3 (type: int), _col4 (type: decimal(7,2)), _col5 (type: decimal(7,2))
-                                          Merge Join Operator [MERGEJOIN_81]
+                                          Merge Join Operator [MERGEJOIN_82]
                                           |  condition map:[{"":"Inner Join 0 to 1"}]
                                           |  keys:{"0":"_col2 (type: int)","1":"_col0 (type: int)"}
                                           |  outputColumnNames:["_col0","_col3","_col4","_col5"]
                                           |  Statistics:Num rows: 24200000 Data size: 24560094211 Basic stats: COMPLETE Column stats: NONE
                                           |<-Map 12 [SIMPLE_EDGE]
-                                          |  Reduce Output Operator [RS_34]
+                                          |  Reduce Output Operator [RS_35]
                                           |     key expressions:_col0 (type: int)
                                           |     Map-reduce partition columns:_col0 (type: int)
                                           |     sort order:+
@@ -111,26 +114,26 @@ Stage-0
                                           |     Select Operator [SEL_19]
                                           |        outputColumnNames:["_col0"]
                                           |        Statistics:Num rows: 42 Data size: 77704 Basic stats: COMPLETE Column stats: NONE
-                                          |        Filter Operator [FIL_75]
-                                          |           predicate:((web_company_name = 'pri') and web_site_sk is not null) (type: boolean)
+                                          |        Filter Operator [FIL_76]
+                                          |           predicate:(web_site_sk is not null and (web_company_name = 'pri')) (type: boolean)
                                           |           Statistics:Num rows: 42 Data size: 77704 Basic stats: COMPLETE Column stats: NONE
                                           |           TableScan [TS_17]
                                           |              alias:s
                                           |              Statistics:Num rows: 84 Data size: 155408 Basic stats: COMPLETE Column stats: NONE
                                           |<-Reducer 3 [SIMPLE_EDGE]
-                                             Reduce Output Operator [RS_33]
+                                             Reduce Output Operator [RS_34]
                                                 key expressions:_col2 (type: int)
                                                 Map-reduce partition columns:_col2 (type: int)
                                                 sort order:+
                                                 Statistics:Num rows: 22000000 Data size: 22327357890 Basic stats: COMPLETE Column stats: NONE
                                                 value expressions:_col0 (type: int), _col3 (type: int), _col4 (type: decimal(7,2)), _col5 (type: decimal(7,2))
-                                                Merge Join Operator [MERGEJOIN_80]
+                                                Merge Join Operator [MERGEJOIN_81]
                                                 |  condition map:[{"":"Inner Join 0 to 1"}]
                                                 |  keys:{"0":"_col1 (type: int)","1":"_col0 (type: int)"}
                                                 |  outputColumnNames:["_col0","_col2","_col3","_col4","_col5"]
                                                 |  Statistics:Num rows: 22000000 Data size: 22327357890 Basic stats: COMPLETE Column stats: NONE
                                                 |<-Map 11 [SIMPLE_EDGE]
-                                                |  Reduce Output Operator [RS_31]
+                                                |  Reduce Output Operator [RS_32]
                                                 |     key expressions:_col0 (type: int)
                                                 |     Map-reduce partition columns:_col0 (type: int)
                                                 |     sort order:+
@@ -138,26 +141,26 @@ Stage-0
                                                 |     Select Operator [SEL_16]
                                                 |        outputColumnNames:["_col0"]
                                                 |        Statistics:Num rows: 20000000 Data size: 20297597642 Basic stats: COMPLETE Column stats: NONE
-                                                |        Filter Operator [FIL_74]
-                                                |           predicate:((ca_state = 'TX') and ca_address_sk is not null) (type: boolean)
+                                                |        Filter Operator [FIL_75]
+                                                |           predicate:(ca_address_sk is not null and (ca_state = 'TX')) (type: boolean)
                                                 |           Statistics:Num rows: 20000000 Data size: 20297597642 Basic stats: COMPLETE Column stats: NONE
                                                 |           TableScan [TS_14]
                                                 |              alias:ca
                                                 |              Statistics:Num rows: 40000000 Data size: 40595195284 Basic stats: COMPLETE Column stats: NONE
                                                 |<-Reducer 2 [SIMPLE_EDGE]
-                                                   Reduce Output Operator [RS_30]
+                                                   Reduce Output Operator [RS_31]
                                                       key expressions:_col1 (type: int)
                                                       Map-reduce partition columns:_col1 (type: int)
                                                       sort order:+
                                                       Statistics:Num rows: 1 Data size: 0 Basic stats: PARTIAL Column stats: NONE
                                                       value expressions:_col0 (type: int), _col2 (type: int), _col3 (type: int), _col4 (type: decimal(7,2)), _col5 (type: decimal(7,2))
-                                                      Merge Join Operator [MERGEJOIN_79]
+                                                      Merge Join Operator [MERGEJOIN_80]
                                                       |  condition map:[{"":"Left Semi Join 0 to 1"}]
                                                       |  keys:{"0":"_col3 (type: int)","1":"_col0 (type: int)"}
                                                       |  outputColumnNames:["_col0","_col1","_col2","_col3","_col4","_col5"]
                                                       |  Statistics:Num rows: 1 Data size: 0 Basic stats: PARTIAL Column stats: NONE
                                                       |<-Map 1 [SIMPLE_EDGE]
-                                                      |  Reduce Output Operator [RS_27]
+                                                      |  Reduce Output Operator [RS_28]
                                                       |     key expressions:_col3 (type: int)
                                                       |     Map-reduce partition columns:_col3 (type: int)
                                                       |     sort order:+
@@ -166,19 +169,19 @@ Stage-0
                                                       |     Select Operator [SEL_2]
                                                       |        outputColumnNames:["_col0","_col1","_col2","_col3","_col4","_col5"]
                                                       |        Statistics:Num rows: 1 Data size: 0 Basic stats: PARTIAL Column stats: NONE
-                                                      |        Filter Operator [FIL_71]
+                                                      |        Filter Operator [FIL_72]
                                                       |           predicate:(((ws_ship_addr_sk is not null and ws_web_site_sk is not null) and ws_ship_date_sk is not null) and ws_order_number is not null) (type: boolean)
                                                       |           Statistics:Num rows: 1 Data size: 0 Basic stats: PARTIAL Column stats: NONE
                                                       |           TableScan [TS_0]
                                                       |              alias:ws1
                                                       |              Statistics:Num rows: 1 Data size: 0 Basic stats: PARTIAL Column stats: NONE
                                                       |<-Reducer 9 [SIMPLE_EDGE]
-                                                         Reduce Output Operator [RS_28]
+                                                         Reduce Output Operator [RS_29]
                                                             key expressions:_col0 (type: int)
                                                             Map-reduce partition columns:_col0 (type: int)
                                                             sort order:+
                                                             Statistics:Num rows: 1 Data size: 0 Basic stats: PARTIAL Column stats: NONE
-                                                            Group By Operator [GBY_26]
+                                                            Group By Operator [GBY_27]
                                                                keys:_col0 (type: int)
                                                                outputColumnNames:["_col0"]
                                                                Statistics:Num rows: 1 Data size: 0 Basic stats: PARTIAL Column stats: NONE
@@ -188,7 +191,7 @@ Stage-0
                                                                   Filter Operator [FIL_12]
                                                                      predicate:(_col0 <> _col2) (type: boolean)
                                                                      Statistics:Num rows: 1 Data size: 0 Basic stats: PARTIAL Column stats: NONE
-                                                                     Merge Join Operator [MERGEJOIN_78]
+                                                                     Merge Join Operator [MERGEJOIN_79]
                                                                      |  condition map:[{"":"Inner Join 0 to 1"}]
                                                                      |  keys:{"0":"_col1 (type: int)","1":"_col1 (type: int)"}
                                                                      |  outputColumnNames:["_col0","_col1","_col2"]
@@ -203,7 +206,7 @@ Stage-0
                                                                      |     Select Operator [SEL_8]
                                                                      |        outputColumnNames:["_col0","_col1"]
                                                                      |        Statistics:Num rows: 1 Data size: 0 Basic stats: PARTIAL Column stats: NONE
-                                                                     |        Filter Operator [FIL_73]
+                                                                     |        Filter Operator [FIL_74]
                                                                      |           predicate:ws_order_number is not null (type: boolean)
                                                                      |           Statistics:Num rows: 1 Data size: 0 Basic stats: PARTIAL Column stats: NONE
                                                                      |           TableScan [TS_6]
@@ -219,7 +222,7 @@ Stage-0
                                                                            Select Operator [SEL_5]
                                                                               outputColumnNames:["_col0","_col1"]
                                                                               Statistics:Num rows: 1 Data size: 0 Basic stats: PARTIAL Column stats: NONE
-                                                                              Filter Operator [FIL_72]
+                                                                              Filter Operator [FIL_73]
                                                                                  predicate:ws_order_number is not null (type: boolean)
                                                                                  Statistics:Num rows: 1 Data size: 0 Basic stats: PARTIAL Column stats: NONE
                                                                                  TableScan [TS_3]
diff --git a/ql/src/test/results/clientpositive/perf/query95.q.out b/ql/src/test/results/clientpositive/perf/query95.q.out
index a7c6a981bf..28c516bf2b 100644
--- a/ql/src/test/results/clientpositive/perf/query95.q.out
+++ b/ql/src/test/results/clientpositive/perf/query95.q.out
@@ -53,7 +53,7 @@ Stage-0
                      |        outputColumnNames:["_col0"]
                      |        Statistics:Num rows: 36524 Data size: 40870356 Basic stats: COMPLETE Column stats: NONE
                      |        Filter Operator [FIL_115]
-                     |           predicate:(d_date BETWEEN '2002-05-01' AND '2002-06-30' and d_date_sk is not null) (type: boolean)
+                     |           predicate:(d_date_sk is not null and d_date BETWEEN '2002-05-01' AND '2002-06-30') (type: boolean)
                      |           Statistics:Num rows: 36524 Data size: 40870356 Basic stats: COMPLETE Column stats: NONE
                      |           TableScan [TS_38]
                      |              alias:d
@@ -80,7 +80,7 @@ Stage-0
                            |        outputColumnNames:["_col0"]
                            |        Statistics:Num rows: 42 Data size: 77704 Basic stats: COMPLETE Column stats: NONE
                            |        Filter Operator [FIL_114]
-                           |           predicate:((web_company_name = 'pri') and web_site_sk is not null) (type: boolean)
+                           |           predicate:(web_site_sk is not null and (web_company_name = 'pri')) (type: boolean)
                            |           Statistics:Num rows: 42 Data size: 77704 Basic stats: COMPLETE Column stats: NONE
                            |           TableScan [TS_35]
                            |              alias:s
@@ -107,7 +107,7 @@ Stage-0
                                  |        outputColumnNames:["_col0"]
                                  |        Statistics:Num rows: 20000000 Data size: 20297597642 Basic stats: COMPLETE Column stats: NONE
                                  |        Filter Operator [FIL_113]
-                                 |           predicate:((ca_state = 'GA') and ca_address_sk is not null) (type: boolean)
+                                 |           predicate:(ca_address_sk is not null and (ca_state = 'GA')) (type: boolean)
                                  |           Statistics:Num rows: 20000000 Data size: 20297597642 Basic stats: COMPLETE Column stats: NONE
                                  |           TableScan [TS_32]
                                  |              alias:ca
diff --git a/ql/src/test/results/clientpositive/perf/query96.q.out b/ql/src/test/results/clientpositive/perf/query96.q.out
index bba8965df3..9a510b4afc 100644
--- a/ql/src/test/results/clientpositive/perf/query96.q.out
+++ b/ql/src/test/results/clientpositive/perf/query96.q.out
@@ -84,7 +84,7 @@ Stage-0
                                     |        outputColumnNames:["_col0"]
                                     |        Statistics:Num rows: 14400 Data size: 6782400 Basic stats: COMPLETE Column stats: NONE
                                     |        Filter Operator [FIL_41]
-                                    |           predicate:(((t_minute >= 30) and (t_hour = 8)) and t_time_sk is not null) (type: boolean)
+                                    |           predicate:(((t_hour = 8) and (t_minute >= 30)) and t_time_sk is not null) (type: boolean)
                                     |           Statistics:Num rows: 14400 Data size: 6782400 Basic stats: COMPLETE Column stats: NONE
                                     |           TableScan [TS_6]
                                     |              alias:time_dim
diff --git a/ql/src/test/results/clientpositive/perf/query97.q.out b/ql/src/test/results/clientpositive/perf/query97.q.out
index c4c384d759..4e254e31eb 100644
--- a/ql/src/test/results/clientpositive/perf/query97.q.out
+++ b/ql/src/test/results/clientpositive/perf/query97.q.out
@@ -2,7 +2,7 @@ PREHOOK: query: explain select sum(case when ssci.customer_sk is not null and cs
 PREHOOK: type: QUERY
 POSTHOOK: query: explain select sum(case when ssci.customer_sk is not null and csci.customer_sk is null then 1 else 0 end) store_only ,sum(case when ssci.customer_sk is null and csci.customer_sk is not null then 1 else 0 end) catalog_only ,sum(case when ssci.customer_sk is not null and csci.customer_sk is not null then 1 else 0 end) store_and_catalog from ( select ss_customer_sk customer_sk ,ss_item_sk item_sk from store_sales JOIN date_dim ON store_sales.ss_sold_date_sk = date_dim.d_date_sk where d_month_seq between 1193 and 1193 + 11 group by ss_customer_sk ,ss_item_sk) ssci full outer join ( select cs_bill_customer_sk customer_sk ,cs_item_sk item_sk from catalog_sales JOIN date_dim ON catalog_sales.cs_sold_date_sk = date_dim.d_date_sk where d_month_seq between 1193 and 1193 + 11 group by cs_bill_customer_sk ,cs_item_sk) csci on (ssci.customer_sk=csci.customer_sk and ssci.item_sk = csci.item_sk) limit 100
 POSTHOOK: type: QUERY
-Plan optimized by CBO.
+Plan not optimized by CBO.
 
 Vertex dependency in root stage
 Reducer 2 <- Map 1 (SIMPLE_EDGE), Map 6 (SIMPLE_EDGE)
@@ -17,147 +17,132 @@ Stage-0
       limit:100
       Stage-1
          Reducer 5
-         File Output Operator [FS_38]
+         File Output Operator [FS_35]
             compressed:false
             Statistics:Num rows: 1 Data size: 24 Basic stats: COMPLETE Column stats: NONE
             table:{"input format:":"org.apache.hadoop.mapred.TextInputFormat","output format:":"org.apache.hadoop.hive.ql.io.HiveIgnoreKeyTextOutputFormat","serde:":"org.apache.hadoop.hive.serde2.lazy.LazySimpleSerDe"}
-            Limit [LIM_37]
+            Limit [LIM_34]
                Number of rows:100
                Statistics:Num rows: 1 Data size: 24 Basic stats: COMPLETE Column stats: NONE
-               Group By Operator [GBY_35]
+               Group By Operator [GBY_32]
                |  aggregations:["sum(VALUE._col0)","sum(VALUE._col1)","sum(VALUE._col2)"]
                |  outputColumnNames:["_col0","_col1","_col2"]
                |  Statistics:Num rows: 1 Data size: 24 Basic stats: COMPLETE Column stats: NONE
                |<-Reducer 4 [SIMPLE_EDGE]
-                  Reduce Output Operator [RS_34]
+                  Reduce Output Operator [RS_31]
                      sort order:
                      Statistics:Num rows: 1 Data size: 24 Basic stats: COMPLETE Column stats: NONE
                      value expressions:_col0 (type: bigint), _col1 (type: bigint), _col2 (type: bigint)
-                     Group By Operator [GBY_33]
-                        aggregations:["sum(_col0)","sum(_col1)","sum(_col2)"]
+                     Group By Operator [GBY_30]
+                        aggregations:["sum(CASE WHEN ((_col0 is not null and _col2 is null)) THEN (1) ELSE (0) END)","sum(CASE WHEN ((_col0 is null and _col2 is not null)) THEN (1) ELSE (0) END)","sum(CASE WHEN ((_col0 is not null and _col2 is not null)) THEN (1) ELSE (0) END)"]
                         outputColumnNames:["_col0","_col1","_col2"]
                         Statistics:Num rows: 1 Data size: 24 Basic stats: COMPLETE Column stats: NONE
-                        Select Operator [SEL_31]
-                           outputColumnNames:["_col0","_col1","_col2"]
-                           Statistics:Num rows: 22096 Data size: 24726566 Basic stats: COMPLETE Column stats: NONE
-                           Merge Join Operator [MERGEJOIN_49]
-                           |  condition map:[{"":"Outer Join 0 to 1"}]
-                           |  keys:{"0":"_col0 (type: int), _col1 (type: int)","1":"_col0 (type: int), _col1 (type: int)"}
-                           |  outputColumnNames:["_col0","_col2"]
-                           |  Statistics:Num rows: 22096 Data size: 24726566 Basic stats: COMPLETE Column stats: NONE
-                           |<-Reducer 3 [SIMPLE_EDGE]
-                           |  Reduce Output Operator [RS_28]
-                           |     key expressions:_col0 (type: int), _col1 (type: int)
-                           |     Map-reduce partition columns:_col0 (type: int), _col1 (type: int)
-                           |     sort order:++
-                           |     Statistics:Num rows: 20088 Data size: 22478696 Basic stats: COMPLETE Column stats: NONE
-                           |     Select Operator [SEL_13]
-                           |        outputColumnNames:["_col0","_col1"]
-                           |        Statistics:Num rows: 20088 Data size: 22478696 Basic stats: COMPLETE Column stats: NONE
-                           |        Group By Operator [GBY_12]
-                           |        |  keys:KEY._col0 (type: int), KEY._col1 (type: int)
-                           |        |  outputColumnNames:["_col0","_col1"]
-                           |        |  Statistics:Num rows: 20088 Data size: 22478696 Basic stats: COMPLETE Column stats: NONE
-                           |        |<-Reducer 2 [SIMPLE_EDGE]
-                           |           Reduce Output Operator [RS_11]
-                           |              key expressions:_col0 (type: int), _col1 (type: int)
-                           |              Map-reduce partition columns:_col0 (type: int), _col1 (type: int)
-                           |              sort order:++
-                           |              Statistics:Num rows: 40176 Data size: 44957392 Basic stats: COMPLETE Column stats: NONE
-                           |              Group By Operator [GBY_10]
-                           |                 keys:_col1 (type: int), _col2 (type: int)
-                           |                 outputColumnNames:["_col0","_col1"]
-                           |                 Statistics:Num rows: 40176 Data size: 44957392 Basic stats: COMPLETE Column stats: NONE
-                           |                 Merge Join Operator [MERGEJOIN_47]
-                           |                 |  condition map:[{"":"Inner Join 0 to 1"}]
-                           |                 |  keys:{"0":"_col0 (type: int)","1":"_col0 (type: int)"}
-                           |                 |  outputColumnNames:["_col1","_col2"]
-                           |                 |  Statistics:Num rows: 40176 Data size: 44957392 Basic stats: COMPLETE Column stats: NONE
-                           |                 |<-Map 1 [SIMPLE_EDGE]
-                           |                 |  Reduce Output Operator [RS_6]
-                           |                 |     key expressions:_col0 (type: int)
-                           |                 |     Map-reduce partition columns:_col0 (type: int)
-                           |                 |     sort order:+
-                           |                 |     Statistics:Num rows: 1 Data size: 0 Basic stats: PARTIAL Column stats: NONE
-                           |                 |     value expressions:_col1 (type: int), _col2 (type: int)
-                           |                 |     Select Operator [SEL_2]
-                           |                 |        outputColumnNames:["_col0","_col1","_col2"]
-                           |                 |        Statistics:Num rows: 1 Data size: 0 Basic stats: PARTIAL Column stats: NONE
-                           |                 |        Filter Operator [FIL_43]
-                           |                 |           predicate:ss_sold_date_sk is not null (type: boolean)
-                           |                 |           Statistics:Num rows: 1 Data size: 0 Basic stats: PARTIAL Column stats: NONE
-                           |                 |           TableScan [TS_0]
-                           |                 |              alias:store_sales
-                           |                 |              Statistics:Num rows: 1 Data size: 0 Basic stats: PARTIAL Column stats: NONE
-                           |                 |<-Map 6 [SIMPLE_EDGE]
-                           |                    Reduce Output Operator [RS_7]
-                           |                       key expressions:_col0 (type: int)
-                           |                       Map-reduce partition columns:_col0 (type: int)
-                           |                       sort order:+
-                           |                       Statistics:Num rows: 36524 Data size: 40870356 Basic stats: COMPLETE Column stats: NONE
-                           |                       Select Operator [SEL_5]
-                           |                          outputColumnNames:["_col0"]
-                           |                          Statistics:Num rows: 36524 Data size: 40870356 Basic stats: COMPLETE Column stats: NONE
-                           |                          Filter Operator [FIL_44]
-                           |                             predicate:(d_month_seq BETWEEN 1193 AND 1204 and d_date_sk is not null) (type: boolean)
-                           |                             Statistics:Num rows: 36524 Data size: 40870356 Basic stats: COMPLETE Column stats: NONE
-                           |                             TableScan [TS_3]
-                           |                                alias:date_dim
-                           |                                Statistics:Num rows: 73049 Data size: 81741831 Basic stats: COMPLETE Column stats: NONE
-                           |<-Reducer 9 [SIMPLE_EDGE]
-                              Reduce Output Operator [RS_29]
-                                 key expressions:_col0 (type: int), _col1 (type: int)
-                                 Map-reduce partition columns:_col0 (type: int), _col1 (type: int)
-                                 sort order:++
-                                 Statistics:Num rows: 20088 Data size: 22478696 Basic stats: COMPLETE Column stats: NONE
-                                 Group By Operator [GBY_26]
-                                 |  keys:KEY._col0 (type: int), KEY._col1 (type: int)
-                                 |  outputColumnNames:["_col0","_col1"]
-                                 |  Statistics:Num rows: 20088 Data size: 22478696 Basic stats: COMPLETE Column stats: NONE
-                                 |<-Reducer 8 [SIMPLE_EDGE]
-                                    Reduce Output Operator [RS_25]
-                                       key expressions:_col0 (type: int), _col1 (type: int)
-                                       Map-reduce partition columns:_col0 (type: int), _col1 (type: int)
-                                       sort order:++
+                        Merge Join Operator [MERGEJOIN_46]
+                        |  condition map:[{"":"Outer Join 0 to 1"}]
+                        |  keys:{"0":"_col0 (type: int), _col1 (type: int)","1":"_col0 (type: int), _col1 (type: int)"}
+                        |  outputColumnNames:["_col0","_col2"]
+                        |  Statistics:Num rows: 22096 Data size: 24726566 Basic stats: COMPLETE Column stats: NONE
+                        |<-Reducer 3 [SIMPLE_EDGE]
+                        |  Reduce Output Operator [RS_26]
+                        |     key expressions:_col0 (type: int), _col1 (type: int)
+                        |     Map-reduce partition columns:_col0 (type: int), _col1 (type: int)
+                        |     sort order:++
+                        |     Statistics:Num rows: 20088 Data size: 22478696 Basic stats: COMPLETE Column stats: NONE
+                        |     Group By Operator [GBY_11]
+                        |     |  keys:KEY._col0 (type: int), KEY._col1 (type: int)
+                        |     |  outputColumnNames:["_col0","_col1"]
+                        |     |  Statistics:Num rows: 20088 Data size: 22478696 Basic stats: COMPLETE Column stats: NONE
+                        |     |<-Reducer 2 [SIMPLE_EDGE]
+                        |        Reduce Output Operator [RS_10]
+                        |           key expressions:_col0 (type: int), _col1 (type: int)
+                        |           Map-reduce partition columns:_col0 (type: int), _col1 (type: int)
+                        |           sort order:++
+                        |           Statistics:Num rows: 40176 Data size: 44957392 Basic stats: COMPLETE Column stats: NONE
+                        |           Group By Operator [GBY_9]
+                        |              keys:_col3 (type: int), _col2 (type: int)
+                        |              outputColumnNames:["_col0","_col1"]
+                        |              Statistics:Num rows: 40176 Data size: 44957392 Basic stats: COMPLETE Column stats: NONE
+                        |              Select Operator [SEL_8]
+                        |                 outputColumnNames:["_col3","_col2"]
+                        |                 Statistics:Num rows: 40176 Data size: 44957392 Basic stats: COMPLETE Column stats: NONE
+                        |                 Merge Join Operator [MERGEJOIN_44]
+                        |                 |  condition map:[{"":"Inner Join 0 to 1"}]
+                        |                 |  keys:{"0":"ss_sold_date_sk (type: int)","1":"d_date_sk (type: int)"}
+                        |                 |  outputColumnNames:["_col2","_col3"]
+                        |                 |  Statistics:Num rows: 40176 Data size: 44957392 Basic stats: COMPLETE Column stats: NONE
+                        |                 |<-Map 1 [SIMPLE_EDGE]
+                        |                 |  Reduce Output Operator [RS_3]
+                        |                 |     key expressions:ss_sold_date_sk (type: int)
+                        |                 |     Map-reduce partition columns:ss_sold_date_sk (type: int)
+                        |                 |     sort order:+
+                        |                 |     Statistics:Num rows: 1 Data size: 0 Basic stats: PARTIAL Column stats: NONE
+                        |                 |     value expressions:ss_item_sk (type: int), ss_customer_sk (type: int)
+                        |                 |     Filter Operator [FIL_40]
+                        |                 |        predicate:ss_sold_date_sk is not null (type: boolean)
+                        |                 |        Statistics:Num rows: 1 Data size: 0 Basic stats: PARTIAL Column stats: NONE
+                        |                 |        TableScan [TS_0]
+                        |                 |           alias:store_sales
+                        |                 |           Statistics:Num rows: 1 Data size: 0 Basic stats: PARTIAL Column stats: NONE
+                        |                 |<-Map 6 [SIMPLE_EDGE]
+                        |                    Reduce Output Operator [RS_5]
+                        |                       key expressions:d_date_sk (type: int)
+                        |                       Map-reduce partition columns:d_date_sk (type: int)
+                        |                       sort order:+
+                        |                       Statistics:Num rows: 36524 Data size: 40870356 Basic stats: COMPLETE Column stats: NONE
+                        |                       Filter Operator [FIL_41]
+                        |                          predicate:(d_date_sk is not null and d_month_seq BETWEEN 1193 AND 1204) (type: boolean)
+                        |                          Statistics:Num rows: 36524 Data size: 40870356 Basic stats: COMPLETE Column stats: NONE
+                        |                          TableScan [TS_1]
+                        |                             alias:date_dim
+                        |                             Statistics:Num rows: 73049 Data size: 81741831 Basic stats: COMPLETE Column stats: NONE
+                        |<-Reducer 9 [SIMPLE_EDGE]
+                           Reduce Output Operator [RS_27]
+                              key expressions:_col0 (type: int), _col1 (type: int)
+                              Map-reduce partition columns:_col0 (type: int), _col1 (type: int)
+                              sort order:++
+                              Statistics:Num rows: 20088 Data size: 22478696 Basic stats: COMPLETE Column stats: NONE
+                              Group By Operator [GBY_24]
+                              |  keys:KEY._col0 (type: int), KEY._col1 (type: int)
+                              |  outputColumnNames:["_col0","_col1"]
+                              |  Statistics:Num rows: 20088 Data size: 22478696 Basic stats: COMPLETE Column stats: NONE
+                              |<-Reducer 8 [SIMPLE_EDGE]
+                                 Reduce Output Operator [RS_23]
+                                    key expressions:_col0 (type: int), _col1 (type: int)
+                                    Map-reduce partition columns:_col0 (type: int), _col1 (type: int)
+                                    sort order:++
+                                    Statistics:Num rows: 40176 Data size: 44957392 Basic stats: COMPLETE Column stats: NONE
+                                    Group By Operator [GBY_22]
+                                       keys:_col3 (type: int), _col15 (type: int)
+                                       outputColumnNames:["_col0","_col1"]
                                        Statistics:Num rows: 40176 Data size: 44957392 Basic stats: COMPLETE Column stats: NONE
-                                       Group By Operator [GBY_24]
-                                          keys:_col1 (type: int), _col2 (type: int)
-                                          outputColumnNames:["_col0","_col1"]
-                                          Statistics:Num rows: 40176 Data size: 44957392 Basic stats: COMPLETE Column stats: NONE
-                                          Merge Join Operator [MERGEJOIN_48]
-                                          |  condition map:[{"":"Inner Join 0 to 1"}]
-                                          |  keys:{"0":"_col0 (type: int)","1":"_col0 (type: int)"}
-                                          |  outputColumnNames:["_col1","_col2"]
-                                          |  Statistics:Num rows: 40176 Data size: 44957392 Basic stats: COMPLETE Column stats: NONE
-                                          |<-Map 10 [SIMPLE_EDGE]
-                                          |  Reduce Output Operator [RS_21]
-                                          |     key expressions:_col0 (type: int)
-                                          |     Map-reduce partition columns:_col0 (type: int)
-                                          |     sort order:+
-                                          |     Statistics:Num rows: 36524 Data size: 40870356 Basic stats: COMPLETE Column stats: NONE
-                                          |     Select Operator [SEL_19]
-                                          |        outputColumnNames:["_col0"]
-                                          |        Statistics:Num rows: 36524 Data size: 40870356 Basic stats: COMPLETE Column stats: NONE
-                                          |        Filter Operator [FIL_46]
-                                          |           predicate:(d_month_seq BETWEEN 1193 AND 1204 and d_date_sk is not null) (type: boolean)
-                                          |           Statistics:Num rows: 36524 Data size: 40870356 Basic stats: COMPLETE Column stats: NONE
-                                          |           TableScan [TS_17]
-                                          |              alias:date_dim
-                                          |              Statistics:Num rows: 73049 Data size: 81741831 Basic stats: COMPLETE Column stats: NONE
-                                          |<-Map 7 [SIMPLE_EDGE]
-                                             Reduce Output Operator [RS_20]
-                                                key expressions:_col0 (type: int)
-                                                Map-reduce partition columns:_col0 (type: int)
-                                                sort order:+
+                                       Merge Join Operator [MERGEJOIN_45]
+                                       |  condition map:[{"":"Inner Join 0 to 1"}]
+                                       |  keys:{"0":"cs_sold_date_sk (type: int)","1":"d_date_sk (type: int)"}
+                                       |  outputColumnNames:["_col3","_col15"]
+                                       |  Statistics:Num rows: 40176 Data size: 44957392 Basic stats: COMPLETE Column stats: NONE
+                                       |<-Map 10 [SIMPLE_EDGE]
+                                       |  Reduce Output Operator [RS_18]
+                                       |     key expressions:d_date_sk (type: int)
+                                       |     Map-reduce partition columns:d_date_sk (type: int)
+                                       |     sort order:+
+                                       |     Statistics:Num rows: 36524 Data size: 40870356 Basic stats: COMPLETE Column stats: NONE
+                                       |     Filter Operator [FIL_43]
+                                       |        predicate:(d_date_sk is not null and d_month_seq BETWEEN 1193 AND 1204) (type: boolean)
+                                       |        Statistics:Num rows: 36524 Data size: 40870356 Basic stats: COMPLETE Column stats: NONE
+                                       |        TableScan [TS_14]
+                                       |           alias:date_dim
+                                       |           Statistics:Num rows: 73049 Data size: 81741831 Basic stats: COMPLETE Column stats: NONE
+                                       |<-Map 7 [SIMPLE_EDGE]
+                                          Reduce Output Operator [RS_16]
+                                             key expressions:cs_sold_date_sk (type: int)
+                                             Map-reduce partition columns:cs_sold_date_sk (type: int)
+                                             sort order:+
+                                             Statistics:Num rows: 1 Data size: 0 Basic stats: PARTIAL Column stats: NONE
+                                             value expressions:cs_bill_customer_sk (type: int), cs_item_sk (type: int)
+                                             Filter Operator [FIL_42]
+                                                predicate:cs_sold_date_sk is not null (type: boolean)
                                                 Statistics:Num rows: 1 Data size: 0 Basic stats: PARTIAL Column stats: NONE
-                                                value expressions:_col1 (type: int), _col2 (type: int)
-                                                Select Operator [SEL_16]
-                                                   outputColumnNames:["_col0","_col1","_col2"]
+                                                TableScan [TS_13]
+                                                   alias:catalog_sales
                                                    Statistics:Num rows: 1 Data size: 0 Basic stats: PARTIAL Column stats: NONE
-                                                   Filter Operator [FIL_45]
-                                                      predicate:cs_sold_date_sk is not null (type: boolean)
-                                                      Statistics:Num rows: 1 Data size: 0 Basic stats: PARTIAL Column stats: NONE
-                                                      TableScan [TS_14]
-                                                         alias:catalog_sales
-                                                         Statistics:Num rows: 1 Data size: 0 Basic stats: PARTIAL Column stats: NONE
 
diff --git a/ql/src/test/results/clientpositive/ppd_gby_join.q.out b/ql/src/test/results/clientpositive/ppd_gby_join.q.out
index 205e0b5b85..7f13b3fb18 100644
--- a/ql/src/test/results/clientpositive/ppd_gby_join.q.out
+++ b/ql/src/test/results/clientpositive/ppd_gby_join.q.out
@@ -35,7 +35,7 @@ STAGE PLANS:
             alias: src
             Statistics: Num rows: 500 Data size: 5312 Basic stats: COMPLETE Column stats: NONE
             Filter Operator
-              predicate: ((((((key > '1') and (key > '20')) and ((value < 'val_50') or (key > '2'))) and (key < '400')) and (key > '2')) and (key <> '4')) (type: boolean)
+              predicate: ((((((key > '1') and (key < '400')) and (key > '2')) and (key > '20')) and ((value < 'val_50') or (key > '2'))) and (key <> '4')) (type: boolean)
               Statistics: Num rows: 4 Data size: 42 Basic stats: COMPLETE Column stats: NONE
               Select Operator
                 expressions: key (type: string)
@@ -50,7 +50,7 @@ STAGE PLANS:
             alias: src
             Statistics: Num rows: 500 Data size: 5312 Basic stats: COMPLETE Column stats: NONE
             Filter Operator
-              predicate: (((((key > '2') and (key <> '4')) and (key > '1')) and (key > '20')) and (key < '400')) (type: boolean)
+              predicate: (((((key > '2') and (key > '1')) and (key < '400')) and (key <> '4')) and (key > '20')) (type: boolean)
               Statistics: Num rows: 6 Data size: 63 Basic stats: COMPLETE Column stats: NONE
               Select Operator
                 expressions: key (type: string)
@@ -305,7 +305,7 @@ STAGE PLANS:
             alias: src
             Statistics: Num rows: 500 Data size: 5312 Basic stats: COMPLETE Column stats: NONE
             Filter Operator
-              predicate: ((((((key > '1') and (key > '20')) and ((value < 'val_50') or (key > '2'))) and (key < '400')) and (key > '2')) and (key <> '4')) (type: boolean)
+              predicate: ((((((key > '1') and (key < '400')) and (key > '2')) and (key > '20')) and ((value < 'val_50') or (key > '2'))) and (key <> '4')) (type: boolean)
               Statistics: Num rows: 4 Data size: 42 Basic stats: COMPLETE Column stats: NONE
               Select Operator
                 expressions: key (type: string)
@@ -320,7 +320,7 @@ STAGE PLANS:
             alias: src
             Statistics: Num rows: 500 Data size: 5312 Basic stats: COMPLETE Column stats: NONE
             Filter Operator
-              predicate: (((((key > '2') and (key <> '4')) and (key > '1')) and (key > '20')) and (key < '400')) (type: boolean)
+              predicate: (((((key > '2') and (key > '1')) and (key < '400')) and (key <> '4')) and (key > '20')) (type: boolean)
               Statistics: Num rows: 6 Data size: 63 Basic stats: COMPLETE Column stats: NONE
               Select Operator
                 expressions: key (type: string)
diff --git a/ql/src/test/results/clientpositive/ppd_join.q.out b/ql/src/test/results/clientpositive/ppd_join.q.out
index c3123d26be..d218b3e240 100644
--- a/ql/src/test/results/clientpositive/ppd_join.q.out
+++ b/ql/src/test/results/clientpositive/ppd_join.q.out
@@ -32,7 +32,7 @@ STAGE PLANS:
             alias: src
             Statistics: Num rows: 500 Data size: 5312 Basic stats: COMPLETE Column stats: NONE
             Filter Operator
-              predicate: ((((((key > '1') and (key > '20')) and ((value < 'val_50') or (key > '2'))) and (key < '400')) and (key > '2')) and (key <> '4')) (type: boolean)
+              predicate: ((((((key > '1') and (key < '400')) and (key > '2')) and (key > '20')) and ((value < 'val_50') or (key > '2'))) and (key <> '4')) (type: boolean)
               Statistics: Num rows: 4 Data size: 42 Basic stats: COMPLETE Column stats: NONE
               Select Operator
                 expressions: key (type: string)
@@ -47,7 +47,7 @@ STAGE PLANS:
             alias: src
             Statistics: Num rows: 500 Data size: 5312 Basic stats: COMPLETE Column stats: NONE
             Filter Operator
-              predicate: (((((key > '2') and (key <> '4')) and (key > '1')) and (key > '20')) and (key < '400')) (type: boolean)
+              predicate: (((((key > '2') and (key > '1')) and (key < '400')) and (key <> '4')) and (key > '20')) (type: boolean)
               Statistics: Num rows: 6 Data size: 63 Basic stats: COMPLETE Column stats: NONE
               Select Operator
                 expressions: key (type: string), value (type: string)
@@ -557,7 +557,7 @@ STAGE PLANS:
             alias: src
             Statistics: Num rows: 500 Data size: 5312 Basic stats: COMPLETE Column stats: NONE
             Filter Operator
-              predicate: ((((((key > '1') and (key > '20')) and ((value < 'val_50') or (key > '2'))) and (key < '400')) and (key > '2')) and (key <> '4')) (type: boolean)
+              predicate: ((((((key > '1') and (key < '400')) and (key > '2')) and (key > '20')) and ((value < 'val_50') or (key > '2'))) and (key <> '4')) (type: boolean)
               Statistics: Num rows: 4 Data size: 42 Basic stats: COMPLETE Column stats: NONE
               Select Operator
                 expressions: key (type: string)
@@ -572,7 +572,7 @@ STAGE PLANS:
             alias: src
             Statistics: Num rows: 500 Data size: 5312 Basic stats: COMPLETE Column stats: NONE
             Filter Operator
-              predicate: (((((key > '2') and (key <> '4')) and (key > '1')) and (key > '20')) and (key < '400')) (type: boolean)
+              predicate: (((((key > '2') and (key > '1')) and (key < '400')) and (key <> '4')) and (key > '20')) (type: boolean)
               Statistics: Num rows: 6 Data size: 63 Basic stats: COMPLETE Column stats: NONE
               Select Operator
                 expressions: key (type: string), value (type: string)
diff --git a/ql/src/test/results/clientpositive/ppd_join2.q.out b/ql/src/test/results/clientpositive/ppd_join2.q.out
index c5036525a6..955f4ad193 100644
--- a/ql/src/test/results/clientpositive/ppd_join2.q.out
+++ b/ql/src/test/results/clientpositive/ppd_join2.q.out
@@ -39,7 +39,7 @@ STAGE PLANS:
             alias: src
             Statistics: Num rows: 500 Data size: 5312 Basic stats: COMPLETE Column stats: NONE
             Filter Operator
-              predicate: (((((((key <> '302') and (key <> '311')) and ((value <> 'val_50') or (key > '1'))) and (key < '400')) and (key <> '305')) and (key <> '14')) and value is not null) (type: boolean)
+              predicate: (((((((key <> '302') and (key < '400')) and (key <> '305')) and value is not null) and (key <> '311')) and ((value <> 'val_50') or (key > '1'))) and (key <> '14')) (type: boolean)
               Statistics: Num rows: 166 Data size: 1763 Basic stats: COMPLETE Column stats: NONE
               Select Operator
                 expressions: key (type: string), value (type: string)
@@ -55,7 +55,7 @@ STAGE PLANS:
             alias: src
             Statistics: Num rows: 500 Data size: 5312 Basic stats: COMPLETE Column stats: NONE
             Filter Operator
-              predicate: (((((key <> '305') and (key <> '14')) and (key <> '302')) and (key <> '311')) and (key < '400')) (type: boolean)
+              predicate: (((((key <> '305') and (key <> '302')) and (key < '400')) and (key <> '14')) and (key <> '311')) (type: boolean)
               Statistics: Num rows: 166 Data size: 1763 Basic stats: COMPLETE Column stats: NONE
               Select Operator
                 expressions: key (type: string), value (type: string)
@@ -97,7 +97,7 @@ STAGE PLANS:
             alias: src
             Statistics: Num rows: 500 Data size: 5312 Basic stats: COMPLETE Column stats: NONE
             Filter Operator
-              predicate: (((key <> '306') and (sqrt(key) <> 13.0)) and value is not null) (type: boolean)
+              predicate: (((key <> '306') and value is not null) and (sqrt(key) <> 13.0)) (type: boolean)
               Statistics: Num rows: 500 Data size: 5312 Basic stats: COMPLETE Column stats: NONE
               Select Operator
                 expressions: value (type: string)
@@ -1723,7 +1723,7 @@ STAGE PLANS:
             alias: src
             Statistics: Num rows: 500 Data size: 5312 Basic stats: COMPLETE Column stats: NONE
             Filter Operator
-              predicate: (((((((key <> '302') and (key <> '311')) and ((value <> 'val_50') or (key > '1'))) and (key < '400')) and (key <> '305')) and (key <> '14')) and value is not null) (type: boolean)
+              predicate: (((((((key <> '302') and (key < '400')) and (key <> '305')) and value is not null) and (key <> '311')) and ((value <> 'val_50') or (key > '1'))) and (key <> '14')) (type: boolean)
               Statistics: Num rows: 166 Data size: 1763 Basic stats: COMPLETE Column stats: NONE
               Select Operator
                 expressions: key (type: string), value (type: string)
@@ -1739,7 +1739,7 @@ STAGE PLANS:
             alias: src
             Statistics: Num rows: 500 Data size: 5312 Basic stats: COMPLETE Column stats: NONE
             Filter Operator
-              predicate: (((((key <> '305') and (key <> '14')) and (key <> '302')) and (key <> '311')) and (key < '400')) (type: boolean)
+              predicate: (((((key <> '305') and (key <> '302')) and (key < '400')) and (key <> '14')) and (key <> '311')) (type: boolean)
               Statistics: Num rows: 166 Data size: 1763 Basic stats: COMPLETE Column stats: NONE
               Select Operator
                 expressions: key (type: string), value (type: string)
@@ -1781,7 +1781,7 @@ STAGE PLANS:
             alias: src
             Statistics: Num rows: 500 Data size: 5312 Basic stats: COMPLETE Column stats: NONE
             Filter Operator
-              predicate: (((key <> '306') and (sqrt(key) <> 13.0)) and value is not null) (type: boolean)
+              predicate: (((key <> '306') and value is not null) and (sqrt(key) <> 13.0)) (type: boolean)
               Statistics: Num rows: 500 Data size: 5312 Basic stats: COMPLETE Column stats: NONE
               Select Operator
                 expressions: value (type: string)
diff --git a/ql/src/test/results/clientpositive/ppd_join3.q.out b/ql/src/test/results/clientpositive/ppd_join3.q.out
index 0000db129c..af627bf390 100644
--- a/ql/src/test/results/clientpositive/ppd_join3.q.out
+++ b/ql/src/test/results/clientpositive/ppd_join3.q.out
@@ -39,7 +39,7 @@ STAGE PLANS:
             alias: src
             Statistics: Num rows: 500 Data size: 5312 Basic stats: COMPLETE Column stats: NONE
             Filter Operator
-              predicate: ((((((((key <> '11') and (key > '0')) and ((value <> 'val_500') or (key > '1'))) and (key < '400')) and (key <> '12')) and (key <> '4')) and (key <> '13')) and (key <> '1')) (type: boolean)
+              predicate: ((((((((key <> '11') and (key < '400')) and (key <> '12')) and (key <> '13')) and (key > '0')) and ((value <> 'val_500') or (key > '1'))) and (key <> '4')) and (key <> '1')) (type: boolean)
               Statistics: Num rows: 55 Data size: 584 Basic stats: COMPLETE Column stats: NONE
               Select Operator
                 expressions: key (type: string)
@@ -54,7 +54,7 @@ STAGE PLANS:
             alias: src
             Statistics: Num rows: 500 Data size: 5312 Basic stats: COMPLETE Column stats: NONE
             Filter Operator
-              predicate: (((((key <> '12') and (key <> '4')) and (key <> '11')) and (key > '0')) and (key < '400')) (type: boolean)
+              predicate: (((((((key <> '12') and (key <> '11')) and (key < '400')) and (key <> '13')) and (key <> '4')) and (key > '0')) and (key <> '1')) (type: boolean)
               Statistics: Num rows: 55 Data size: 584 Basic stats: COMPLETE Column stats: NONE
               Select Operator
                 expressions: key (type: string), value (type: string)
@@ -96,7 +96,7 @@ STAGE PLANS:
             alias: src
             Statistics: Num rows: 500 Data size: 5312 Basic stats: COMPLETE Column stats: NONE
             Filter Operator
-              predicate: (((((((key <> '13') and (key <> '1')) and (key <> '11')) and (key > '0')) and (key < '400')) and (key <> '12')) and (key <> '4')) (type: boolean)
+              predicate: (((((((key <> '13') and (key <> '11')) and (key < '400')) and (key <> '12')) and (key <> '1')) and (key > '0')) and (key <> '4')) (type: boolean)
               Statistics: Num rows: 55 Data size: 584 Basic stats: COMPLETE Column stats: NONE
               Select Operator
                 expressions: key (type: string)
@@ -1779,7 +1779,7 @@ STAGE PLANS:
             alias: src
             Statistics: Num rows: 500 Data size: 5312 Basic stats: COMPLETE Column stats: NONE
             Filter Operator
-              predicate: ((((((((key <> '11') and (key > '0')) and ((value <> 'val_500') or (key > '1'))) and (key < '400')) and (key <> '12')) and (key <> '4')) and (key <> '13')) and (key <> '1')) (type: boolean)
+              predicate: ((((((((key <> '11') and (key < '400')) and (key <> '12')) and (key <> '13')) and (key > '0')) and ((value <> 'val_500') or (key > '1'))) and (key <> '4')) and (key <> '1')) (type: boolean)
               Statistics: Num rows: 55 Data size: 584 Basic stats: COMPLETE Column stats: NONE
               Select Operator
                 expressions: key (type: string)
@@ -1794,7 +1794,7 @@ STAGE PLANS:
             alias: src
             Statistics: Num rows: 500 Data size: 5312 Basic stats: COMPLETE Column stats: NONE
             Filter Operator
-              predicate: (((((key <> '12') and (key <> '4')) and (key <> '11')) and (key > '0')) and (key < '400')) (type: boolean)
+              predicate: (((((((key <> '12') and (key <> '11')) and (key < '400')) and (key <> '13')) and (key <> '4')) and (key > '0')) and (key <> '1')) (type: boolean)
               Statistics: Num rows: 55 Data size: 584 Basic stats: COMPLETE Column stats: NONE
               Select Operator
                 expressions: key (type: string), value (type: string)
@@ -1836,7 +1836,7 @@ STAGE PLANS:
             alias: src
             Statistics: Num rows: 500 Data size: 5312 Basic stats: COMPLETE Column stats: NONE
             Filter Operator
-              predicate: (((((((key <> '13') and (key <> '1')) and (key <> '11')) and (key > '0')) and (key < '400')) and (key <> '12')) and (key <> '4')) (type: boolean)
+              predicate: (((((((key <> '13') and (key <> '11')) and (key < '400')) and (key <> '12')) and (key <> '1')) and (key > '0')) and (key <> '4')) (type: boolean)
               Statistics: Num rows: 55 Data size: 584 Basic stats: COMPLETE Column stats: NONE
               Select Operator
                 expressions: key (type: string)
diff --git a/ql/src/test/results/clientpositive/ppd_join5.q.out b/ql/src/test/results/clientpositive/ppd_join5.q.out
index b68229eb08..18a75c65b4 100644
--- a/ql/src/test/results/clientpositive/ppd_join5.q.out
+++ b/ql/src/test/results/clientpositive/ppd_join5.q.out
@@ -56,7 +56,7 @@ STAGE PLANS:
             alias: a
             Statistics: Num rows: 1 Data size: 3 Basic stats: COMPLETE Column stats: NONE
             Filter Operator
-              predicate: (id2 is not null and id1 is not null) (type: boolean)
+              predicate: (id1 is not null and id2 is not null) (type: boolean)
               Statistics: Num rows: 1 Data size: 3 Basic stats: COMPLETE Column stats: NONE
               Select Operator
                 expressions: id1 (type: string), id2 (type: string)
@@ -71,7 +71,7 @@ STAGE PLANS:
             alias: b
             Statistics: Num rows: 1 Data size: 3 Basic stats: COMPLETE Column stats: NONE
             Filter Operator
-              predicate: ((d <= 1) and id is not null) (type: boolean)
+              predicate: (id is not null and (d <= 1)) (type: boolean)
               Statistics: Num rows: 1 Data size: 3 Basic stats: COMPLETE Column stats: NONE
               Select Operator
                 expressions: id (type: string), d (type: int)
@@ -176,7 +176,7 @@ STAGE PLANS:
             alias: a
             Statistics: Num rows: 1 Data size: 3 Basic stats: COMPLETE Column stats: NONE
             Filter Operator
-              predicate: (id2 is not null and id1 is not null) (type: boolean)
+              predicate: (id1 is not null and id2 is not null) (type: boolean)
               Statistics: Num rows: 1 Data size: 3 Basic stats: COMPLETE Column stats: NONE
               Select Operator
                 expressions: id1 (type: string), id2 (type: string)
@@ -191,7 +191,7 @@ STAGE PLANS:
             alias: b
             Statistics: Num rows: 1 Data size: 3 Basic stats: COMPLETE Column stats: NONE
             Filter Operator
-              predicate: ((d <= 1) and id is not null) (type: boolean)
+              predicate: (id is not null and (d <= 1)) (type: boolean)
               Statistics: Num rows: 1 Data size: 3 Basic stats: COMPLETE Column stats: NONE
               Select Operator
                 expressions: id (type: string), d (type: int)
diff --git a/ql/src/test/results/clientpositive/ppd_outer_join4.q.out b/ql/src/test/results/clientpositive/ppd_outer_join4.q.out
index 289798c5bc..4d89aeec95 100644
--- a/ql/src/test/results/clientpositive/ppd_outer_join4.q.out
+++ b/ql/src/test/results/clientpositive/ppd_outer_join4.q.out
@@ -38,7 +38,7 @@ STAGE PLANS:
             alias: a
             Statistics: Num rows: 500 Data size: 5312 Basic stats: COMPLETE Column stats: NONE
             Filter Operator
-              predicate: (((((sqrt(key) <> 13.0) and (key < '25')) and (key > '15')) and (key < '20')) and (key > '10')) (type: boolean)
+              predicate: (((((sqrt(key) <> 13.0) and (key > '10')) and (key < '20')) and (key > '15')) and (key < '25')) (type: boolean)
               Statistics: Num rows: 6 Data size: 63 Basic stats: COMPLETE Column stats: NONE
               Select Operator
                 expressions: key (type: string)
@@ -69,7 +69,7 @@ STAGE PLANS:
             alias: a
             Statistics: Num rows: 500 Data size: 5312 Basic stats: COMPLETE Column stats: NONE
             Filter Operator
-              predicate: ((((key > '15') and (key < '25')) and (key > '10')) and (key < '20')) (type: boolean)
+              predicate: (((((key > '15') and (key < '25')) and (key > '10')) and (key < '20')) and (sqrt(key) <> 13.0)) (type: boolean)
               Statistics: Num rows: 6 Data size: 63 Basic stats: COMPLETE Column stats: NONE
               Select Operator
                 expressions: key (type: string), value (type: string)
@@ -402,7 +402,7 @@ STAGE PLANS:
             alias: a
             Statistics: Num rows: 500 Data size: 5312 Basic stats: COMPLETE Column stats: NONE
             Filter Operator
-              predicate: (((((sqrt(key) <> 13.0) and (key < '25')) and (key > '15')) and (key < '20')) and (key > '10')) (type: boolean)
+              predicate: (((((sqrt(key) <> 13.0) and (key > '10')) and (key < '20')) and (key > '15')) and (key < '25')) (type: boolean)
               Statistics: Num rows: 6 Data size: 63 Basic stats: COMPLETE Column stats: NONE
               Select Operator
                 expressions: key (type: string)
@@ -433,7 +433,7 @@ STAGE PLANS:
             alias: a
             Statistics: Num rows: 500 Data size: 5312 Basic stats: COMPLETE Column stats: NONE
             Filter Operator
-              predicate: ((((key > '15') and (key < '25')) and (key > '10')) and (key < '20')) (type: boolean)
+              predicate: (((((key > '15') and (key < '25')) and (key > '10')) and (key < '20')) and (sqrt(key) <> 13.0)) (type: boolean)
               Statistics: Num rows: 6 Data size: 63 Basic stats: COMPLETE Column stats: NONE
               Select Operator
                 expressions: key (type: string), value (type: string)
diff --git a/ql/src/test/results/clientpositive/ppd_outer_join5.q.out b/ql/src/test/results/clientpositive/ppd_outer_join5.q.out
index 35fec7a466..b2dd5efd1e 100644
--- a/ql/src/test/results/clientpositive/ppd_outer_join5.q.out
+++ b/ql/src/test/results/clientpositive/ppd_outer_join5.q.out
@@ -45,16 +45,19 @@ STAGE PLANS:
           TableScan
             alias: t1
             Statistics: Num rows: 1 Data size: 0 Basic stats: PARTIAL Column stats: NONE
-            Select Operator
-              expressions: id (type: int), key (type: string), value (type: string)
-              outputColumnNames: _col0, _col1, _col2
+            Filter Operator
+              predicate: (id = 20) (type: boolean)
               Statistics: Num rows: 1 Data size: 0 Basic stats: PARTIAL Column stats: NONE
-              Reduce Output Operator
-                key expressions: _col0 (type: int)
-                sort order: +
-                Map-reduce partition columns: _col0 (type: int)
+              Select Operator
+                expressions: 20 (type: int), key (type: string), value (type: string)
+                outputColumnNames: _col0, _col1, _col2
                 Statistics: Num rows: 1 Data size: 0 Basic stats: PARTIAL Column stats: NONE
-                value expressions: _col1 (type: string), _col2 (type: string)
+                Reduce Output Operator
+                  key expressions: _col0 (type: int)
+                  sort order: +
+                  Map-reduce partition columns: _col0 (type: int)
+                  Statistics: Num rows: 1 Data size: 0 Basic stats: PARTIAL Column stats: NONE
+                  value expressions: _col1 (type: string), _col2 (type: string)
           TableScan
             alias: t2
             Statistics: Num rows: 1 Data size: 0 Basic stats: PARTIAL Column stats: NONE
diff --git a/ql/src/test/results/clientpositive/ppd_repeated_alias.q.out b/ql/src/test/results/clientpositive/ppd_repeated_alias.q.out
index 9a21b5cf84..c0644ef2fe 100644
--- a/ql/src/test/results/clientpositive/ppd_repeated_alias.q.out
+++ b/ql/src/test/results/clientpositive/ppd_repeated_alias.q.out
@@ -210,7 +210,7 @@ STAGE PLANS:
             alias: a
             Statistics: Num rows: 1 Data size: 0 Basic stats: PARTIAL Column stats: NONE
             Filter Operator
-              predicate: ((bar = 3) and foo is not null) (type: boolean)
+              predicate: (foo is not null and (bar = 3)) (type: boolean)
               Statistics: Num rows: 1 Data size: 0 Basic stats: PARTIAL Column stats: NONE
               Select Operator
                 expressions: foo (type: int)
diff --git a/ql/src/test/results/clientpositive/ppd_udf_case.q.out b/ql/src/test/results/clientpositive/ppd_udf_case.q.out
index 2b407a63d8..d09ed3139f 100644
--- a/ql/src/test/results/clientpositive/ppd_udf_case.q.out
+++ b/ql/src/test/results/clientpositive/ppd_udf_case.q.out
@@ -37,7 +37,7 @@ STAGE PLANS:
             alias: a
             Statistics: Num rows: 1000 Data size: 10624 Basic stats: COMPLETE Column stats: NONE
             Filter Operator
-              predicate: (CASE (key) WHEN ('27') THEN (true) WHEN ('38') THEN (false) ELSE (null) END and key is not null) (type: boolean)
+              predicate: (key is not null and CASE (key) WHEN ('27') THEN (true) WHEN ('38') THEN (false) ELSE (null) END) (type: boolean)
               Statistics: Num rows: 500 Data size: 5312 Basic stats: COMPLETE Column stats: NONE
               Select Operator
                 expressions: key (type: string), value (type: string), hr (type: string)
@@ -53,7 +53,7 @@ STAGE PLANS:
             alias: a
             Statistics: Num rows: 1000 Data size: 10624 Basic stats: COMPLETE Column stats: NONE
             Filter Operator
-              predicate: (CASE (key) WHEN ('27') THEN (true) WHEN ('38') THEN (false) ELSE (null) END and key is not null) (type: boolean)
+              predicate: (key is not null and CASE (key) WHEN ('27') THEN (true) WHEN ('38') THEN (false) ELSE (null) END) (type: boolean)
               Statistics: Num rows: 500 Data size: 5312 Basic stats: COMPLETE Column stats: NONE
               Select Operator
                 expressions: key (type: string), value (type: string), hr (type: string)
@@ -183,7 +183,7 @@ STAGE PLANS:
             alias: a
             Statistics: Num rows: 1000 Data size: 10624 Basic stats: COMPLETE Column stats: NONE
             Filter Operator
-              predicate: (CASE (key) WHEN ('27') THEN (true) WHEN ('38') THEN (false) ELSE (null) END and key is not null) (type: boolean)
+              predicate: (key is not null and CASE (key) WHEN ('27') THEN (true) WHEN ('38') THEN (false) ELSE (null) END) (type: boolean)
               Statistics: Num rows: 500 Data size: 5312 Basic stats: COMPLETE Column stats: NONE
               Select Operator
                 expressions: key (type: string), value (type: string), hr (type: string)
@@ -199,7 +199,7 @@ STAGE PLANS:
             alias: a
             Statistics: Num rows: 1000 Data size: 10624 Basic stats: COMPLETE Column stats: NONE
             Filter Operator
-              predicate: (CASE (key) WHEN ('27') THEN (true) WHEN ('38') THEN (false) ELSE (null) END and key is not null) (type: boolean)
+              predicate: (key is not null and CASE (key) WHEN ('27') THEN (true) WHEN ('38') THEN (false) ELSE (null) END) (type: boolean)
               Statistics: Num rows: 500 Data size: 5312 Basic stats: COMPLETE Column stats: NONE
               Select Operator
                 expressions: key (type: string), value (type: string), hr (type: string)
diff --git a/ql/src/test/results/clientpositive/ppd_union_view.q.out b/ql/src/test/results/clientpositive/ppd_union_view.q.out
index d33cbd6b7b..ddd236a1bd 100644
--- a/ql/src/test/results/clientpositive/ppd_union_view.q.out
+++ b/ql/src/test/results/clientpositive/ppd_union_view.q.out
@@ -521,7 +521,7 @@ STAGE PLANS:
             GatherStats: false
             Filter Operator
               isSamplingPred: false
-              predicate: ((ds = '2011-10-15') and keymap is not null) (type: boolean)
+              predicate: (keymap is not null and (ds = '2011-10-15')) (type: boolean)
               Statistics: Num rows: 1 Data size: 0 Basic stats: PARTIAL Column stats: NONE
               Select Operator
                 expressions: keymap (type: string), value (type: string)
@@ -541,7 +541,7 @@ STAGE PLANS:
             GatherStats: false
             Filter Operator
               isSamplingPred: false
-              predicate: ((ds = '2011-10-15') and keymap is not null) (type: boolean)
+              predicate: (keymap is not null and (ds = '2011-10-15')) (type: boolean)
               Statistics: Num rows: 1 Data size: 0 Basic stats: PARTIAL Column stats: NONE
               Select Operator
                 expressions: key (type: string), keymap (type: string)
diff --git a/ql/src/test/results/clientpositive/quotedid_basic.q.out b/ql/src/test/results/clientpositive/quotedid_basic.q.out
index 3c81e0bccc..485aa9050f 100644
--- a/ql/src/test/results/clientpositive/quotedid_basic.q.out
+++ b/ql/src/test/results/clientpositive/quotedid_basic.q.out
@@ -202,20 +202,20 @@ STAGE PLANS:
               value expressions: _col0 (type: string)
       Reduce Operator Tree:
         Select Operator
-          expressions: VALUE._col0 (type: string), KEY.reducesinkkey1 (type: string)
-          outputColumnNames: _col0, _col1
+          expressions: VALUE._col0 (type: string), KEY.reducesinkkey1 (type: string), '1' (type: string)
+          outputColumnNames: _col0, _col1, _col2
           Statistics: Num rows: 1 Data size: 0 Basic stats: PARTIAL Column stats: NONE
           PTF Operator
             Function definitions:
                 Input definition
                   input alias: ptf_0
-                  output shape: _col0: string, _col1: string
+                  output shape: _col0: string, _col1: string, _col2: string
                   type: WINDOWING
                 Windowing table definition
                   input alias: ptf_1
                   name: windowingtablefunction
                   order by: _col1
-                  partition by: '1'
+                  partition by: _col2
                   raw input shape:
                   window functions:
                       window function definition
@@ -310,20 +310,20 @@ STAGE PLANS:
               value expressions: _col0 (type: string)
       Reduce Operator Tree:
         Select Operator
-          expressions: VALUE._col0 (type: string), KEY.reducesinkkey1 (type: string)
-          outputColumnNames: _col0, _col1
+          expressions: VALUE._col0 (type: string), KEY.reducesinkkey1 (type: string), '1' (type: string)
+          outputColumnNames: _col0, _col1, _col2
           Statistics: Num rows: 1 Data size: 0 Basic stats: PARTIAL Column stats: NONE
           PTF Operator
             Function definitions:
                 Input definition
                   input alias: ptf_0
-                  output shape: _col0: string, _col1: string
+                  output shape: _col0: string, _col1: string, _col2: string
                   type: WINDOWING
                 Windowing table definition
                   input alias: ptf_1
                   name: windowingtablefunction
                   order by: _col1
-                  partition by: '1'
+                  partition by: _col2
                   raw input shape:
                   window functions:
                       window function definition
diff --git a/ql/src/test/results/clientpositive/regex_col.q.out b/ql/src/test/results/clientpositive/regex_col.q.out
index 33e1a1273d..facb9742b9 100644
--- a/ql/src/test/results/clientpositive/regex_col.q.out
+++ b/ql/src/test/results/clientpositive/regex_col.q.out
@@ -87,7 +87,7 @@ STAGE PLANS:
             alias: a
             Statistics: Num rows: 2000 Data size: 21248 Basic stats: COMPLETE Column stats: NONE
             Filter Operator
-              predicate: (value is not null and key is not null) (type: boolean)
+              predicate: (key is not null and value is not null) (type: boolean)
               Statistics: Num rows: 2000 Data size: 21248 Basic stats: COMPLETE Column stats: NONE
               Select Operator
                 expressions: key (type: string), value (type: string), ds (type: string), hr (type: string)
@@ -103,7 +103,7 @@ STAGE PLANS:
             alias: a
             Statistics: Num rows: 2000 Data size: 21248 Basic stats: COMPLETE Column stats: NONE
             Filter Operator
-              predicate: (value is not null and key is not null) (type: boolean)
+              predicate: (key is not null and value is not null) (type: boolean)
               Statistics: Num rows: 2000 Data size: 21248 Basic stats: COMPLETE Column stats: NONE
               Select Operator
                 expressions: key (type: string), value (type: string), ds (type: string), hr (type: string)
diff --git a/ql/src/test/results/clientpositive/router_join_ppr.q.out b/ql/src/test/results/clientpositive/router_join_ppr.q.out
index 7182f8deb6..f2235fb40e 100644
--- a/ql/src/test/results/clientpositive/router_join_ppr.q.out
+++ b/ql/src/test/results/clientpositive/router_join_ppr.q.out
@@ -1367,7 +1367,7 @@ STAGE PLANS:
             GatherStats: false
             Filter Operator
               isSamplingPred: false
-              predicate: ((((UDFToDouble(key) > 15.0) and (UDFToDouble(key) < 25.0)) and (UDFToDouble(key) < 20.0)) and (UDFToDouble(key) > 10.0)) (type: boolean)
+              predicate: ((((UDFToDouble(key) > 15.0) and (UDFToDouble(key) < 25.0)) and (UDFToDouble(key) > 10.0)) and (UDFToDouble(key) < 20.0)) (type: boolean)
               Statistics: Num rows: 6 Data size: 63 Basic stats: COMPLETE Column stats: NONE
               Select Operator
                 expressions: key (type: string), value (type: string)
diff --git a/ql/src/test/results/clientpositive/semijoin.q.out b/ql/src/test/results/clientpositive/semijoin.q.out
index 496cec94c0..11b1891d62 100644
--- a/ql/src/test/results/clientpositive/semijoin.q.out
+++ b/ql/src/test/results/clientpositive/semijoin.q.out
@@ -2528,7 +2528,7 @@ STAGE PLANS:
             alias: a
             Statistics: Num rows: 22 Data size: 163 Basic stats: COMPLETE Column stats: NONE
             Filter Operator
-              predicate: ((key > 100) and value is not null) (type: boolean)
+              predicate: (value is not null and (key > 100)) (type: boolean)
               Statistics: Num rows: 7 Data size: 51 Basic stats: COMPLETE Column stats: NONE
               Select Operator
                 expressions: key (type: int), value (type: string)
diff --git a/ql/src/test/results/clientpositive/semijoin4.q.out b/ql/src/test/results/clientpositive/semijoin4.q.out
index 7489de2ebc..77f2615b98 100644
--- a/ql/src/test/results/clientpositive/semijoin4.q.out
+++ b/ql/src/test/results/clientpositive/semijoin4.q.out
@@ -69,23 +69,23 @@ STAGE PLANS:
             alias: t1
             Statistics: Num rows: 1 Data size: 0 Basic stats: PARTIAL Column stats: NONE
             Filter Operator
-              predicate: ((tinyint_col_46 is not null and bigint_col_13 is not null) and decimal1309_col_65 is not null) (type: boolean)
+              predicate: (((decimal1309_col_65 is not null and bigint_col_13 is not null) and UDFToInteger(tinyint_col_46) is not null) and (UDFToInteger(tinyint_col_46) = -92)) (type: boolean)
               Statistics: Num rows: 1 Data size: 0 Basic stats: PARTIAL Column stats: NONE
               Select Operator
-                expressions: bigint_col_13 (type: bigint), smallint_col_24 (type: smallint), tinyint_col_46 (type: tinyint), double_col_60 (type: double), decimal1309_col_65 (type: decimal(13,9))
-                outputColumnNames: _col0, _col1, _col2, _col3, _col4
+                expressions: bigint_col_13 (type: bigint), smallint_col_24 (type: smallint), double_col_60 (type: double), decimal1309_col_65 (type: decimal(13,9))
+                outputColumnNames: _col0, _col1, _col3, _col4
                 Statistics: Num rows: 1 Data size: 0 Basic stats: PARTIAL Column stats: NONE
                 Reduce Output Operator
-                  key expressions: _col0 (type: bigint), _col4 (type: decimal(27,9)), _col2 (type: tinyint)
+                  key expressions: _col0 (type: bigint), _col4 (type: decimal(27,9)), -92 (type: tinyint)
                   sort order: +++
-                  Map-reduce partition columns: _col0 (type: bigint), _col4 (type: decimal(27,9)), _col2 (type: tinyint)
+                  Map-reduce partition columns: _col0 (type: bigint), _col4 (type: decimal(27,9)), -92 (type: tinyint)
                   Statistics: Num rows: 1 Data size: 0 Basic stats: PARTIAL Column stats: NONE
                   value expressions: _col1 (type: smallint), _col3 (type: double)
           TableScan
             alias: t2
             Statistics: Num rows: 1 Data size: 0 Basic stats: PARTIAL Column stats: NONE
             Filter Operator
-              predicate: (((decimal2709_col_9 is not null and tinyint_col_18 is not null) and (UDFToInteger(tinyint_col_21) = -92)) and UDFToInteger(tinyint_col_21) is not null) (type: boolean)
+              predicate: (((tinyint_col_18 is not null and decimal2709_col_9 is not null) and UDFToInteger(tinyint_col_21) is not null) and (UDFToInteger(tinyint_col_21) = -92)) (type: boolean)
               Statistics: Num rows: 1 Data size: 0 Basic stats: PARTIAL Column stats: NONE
               Select Operator
                 expressions: decimal2709_col_9 (type: decimal(27,9)), tinyint_col_18 (type: tinyint)
@@ -203,7 +203,7 @@ STAGE PLANS:
             alias: t1
             Statistics: Num rows: 1 Data size: 0 Basic stats: PARTIAL Column stats: NONE
             Filter Operator
-              predicate: (timestamp_col_66 is not null and decimal1309_col_65 is not null) (type: boolean)
+              predicate: (decimal1309_col_65 is not null and timestamp_col_66 is not null) (type: boolean)
               Statistics: Num rows: 1 Data size: 0 Basic stats: PARTIAL Column stats: NONE
               Select Operator
                 expressions: decimal1309_col_65 (type: decimal(13,9)), timestamp_col_66 (type: timestamp)
@@ -218,7 +218,7 @@ STAGE PLANS:
             alias: t2
             Statistics: Num rows: 1 Data size: 0 Basic stats: PARTIAL Column stats: NONE
             Filter Operator
-              predicate: (timestamp_col_19 is not null and decimal1911_col_16 is not null) (type: boolean)
+              predicate: (decimal1911_col_16 is not null and timestamp_col_19 is not null) (type: boolean)
               Statistics: Num rows: 1 Data size: 0 Basic stats: PARTIAL Column stats: NONE
               Select Operator
                 expressions: decimal1911_col_16 (type: decimal(19,11)), timestamp_col_19 (type: timestamp)
diff --git a/ql/src/test/results/clientpositive/skewjoin.q.out b/ql/src/test/results/clientpositive/skewjoin.q.out
index 4e98dfd9e7..0782e0dfe9 100644
--- a/ql/src/test/results/clientpositive/skewjoin.q.out
+++ b/ql/src/test/results/clientpositive/skewjoin.q.out
@@ -768,7 +768,7 @@ STAGE PLANS:
             alias: src
             Statistics: Num rows: 500 Data size: 5312 Basic stats: COMPLETE Column stats: NONE
             Filter Operator
-              predicate: (value is not null and key is not null) (type: boolean)
+              predicate: (key is not null and value is not null) (type: boolean)
               Statistics: Num rows: 500 Data size: 5312 Basic stats: COMPLETE Column stats: NONE
               Select Operator
                 expressions: key (type: string), value (type: string)
@@ -783,7 +783,7 @@ STAGE PLANS:
             alias: src
             Statistics: Num rows: 500 Data size: 5312 Basic stats: COMPLETE Column stats: NONE
             Filter Operator
-              predicate: (value is not null and key is not null) (type: boolean)
+              predicate: (key is not null and value is not null) (type: boolean)
               Statistics: Num rows: 500 Data size: 5312 Basic stats: COMPLETE Column stats: NONE
               Select Operator
                 expressions: key (type: string), value (type: string)
@@ -984,17 +984,17 @@ STAGE PLANS:
             alias: src
             Statistics: Num rows: 500 Data size: 5312 Basic stats: COMPLETE Column stats: NONE
             Filter Operator
-              predicate: (UDFToDouble(key) < 100.0) (type: boolean)
-              Statistics: Num rows: 166 Data size: 1763 Basic stats: COMPLETE Column stats: NONE
+              predicate: ((UDFToDouble(key) < 100.0) and (UDFToDouble(key) < 80.0)) (type: boolean)
+              Statistics: Num rows: 55 Data size: 584 Basic stats: COMPLETE Column stats: NONE
               Select Operator
                 expressions: key (type: string), value (type: string)
                 outputColumnNames: _col0, _col1
-                Statistics: Num rows: 166 Data size: 1763 Basic stats: COMPLETE Column stats: NONE
+                Statistics: Num rows: 55 Data size: 584 Basic stats: COMPLETE Column stats: NONE
                 Reduce Output Operator
                   key expressions: _col0 (type: string)
                   sort order: +
                   Map-reduce partition columns: _col0 (type: string)
-                  Statistics: Num rows: 166 Data size: 1763 Basic stats: COMPLETE Column stats: NONE
+                  Statistics: Num rows: 55 Data size: 584 Basic stats: COMPLETE Column stats: NONE
                   value expressions: _col1 (type: string)
       Reduce Operator Tree:
         Join Operator
@@ -1007,11 +1007,11 @@ STAGE PLANS:
             1 _col0 (type: string)
             2 _col0 (type: string)
           outputColumnNames: _col0, _col3
-          Statistics: Num rows: 365 Data size: 3878 Basic stats: COMPLETE Column stats: NONE
+          Statistics: Num rows: 121 Data size: 1284 Basic stats: COMPLETE Column stats: NONE
           Select Operator
             expressions: hash(_col0) (type: int), hash(_col3) (type: int)
             outputColumnNames: _col0, _col1
-            Statistics: Num rows: 365 Data size: 3878 Basic stats: COMPLETE Column stats: NONE
+            Statistics: Num rows: 121 Data size: 1284 Basic stats: COMPLETE Column stats: NONE
             Group By Operator
               aggregations: sum(_col0), sum(_col1)
               mode: hash
@@ -1068,7 +1068,7 @@ STAGE PLANS:
               Select Operator
                 expressions: hash(_col0) (type: int), hash(_col3) (type: int)
                 outputColumnNames: _col0, _col1
-                Statistics: Num rows: 365 Data size: 3878 Basic stats: COMPLETE Column stats: NONE
+                Statistics: Num rows: 121 Data size: 1284 Basic stats: COMPLETE Column stats: NONE
                 Group By Operator
                   aggregations: sum(_col0), sum(_col1)
                   mode: hash
@@ -1146,7 +1146,7 @@ STAGE PLANS:
               Select Operator
                 expressions: hash(_col0) (type: int), hash(_col3) (type: int)
                 outputColumnNames: _col0, _col1
-                Statistics: Num rows: 365 Data size: 3878 Basic stats: COMPLETE Column stats: NONE
+                Statistics: Num rows: 121 Data size: 1284 Basic stats: COMPLETE Column stats: NONE
                 Group By Operator
                   aggregations: sum(_col0), sum(_col1)
                   mode: hash
diff --git a/ql/src/test/results/clientpositive/skewjoinopt12.q.out b/ql/src/test/results/clientpositive/skewjoinopt12.q.out
index 5109173b4b..6c38b977a2 100644
--- a/ql/src/test/results/clientpositive/skewjoinopt12.q.out
+++ b/ql/src/test/results/clientpositive/skewjoinopt12.q.out
@@ -62,7 +62,7 @@ STAGE PLANS:
             alias: a
             Statistics: Num rows: 1 Data size: 30 Basic stats: COMPLETE Column stats: NONE
             Filter Operator
-              predicate: ((val is not null and key is not null) and ((((key = '2') and (val = '12')) or ((key = '8') and (val = '18'))) or ((key = '3') and (val = '13')))) (type: boolean)
+              predicate: ((key is not null and val is not null) and ((((key = '2') and (val = '12')) or ((key = '8') and (val = '18'))) or ((key = '3') and (val = '13')))) (type: boolean)
               Statistics: Num rows: 1 Data size: 30 Basic stats: COMPLETE Column stats: NONE
               Select Operator
                 expressions: key (type: string), val (type: string)
@@ -77,7 +77,7 @@ STAGE PLANS:
             alias: b
             Statistics: Num rows: 1 Data size: 30 Basic stats: COMPLETE Column stats: NONE
             Filter Operator
-              predicate: ((val is not null and key is not null) and ((((key = '2') and (val = '12')) or ((key = '8') and (val = '18'))) or ((key = '3') and (val = '13')))) (type: boolean)
+              predicate: ((key is not null and val is not null) and ((((key = '2') and (val = '12')) or ((key = '8') and (val = '18'))) or ((key = '3') and (val = '13')))) (type: boolean)
               Statistics: Num rows: 1 Data size: 30 Basic stats: COMPLETE Column stats: NONE
               Select Operator
                 expressions: key (type: string), val (type: string)
@@ -135,7 +135,7 @@ STAGE PLANS:
             alias: a
             Statistics: Num rows: 1 Data size: 30 Basic stats: COMPLETE Column stats: NONE
             Filter Operator
-              predicate: ((val is not null and key is not null) and (not ((((key = '2') and (val = '12')) or ((key = '8') and (val = '18'))) or ((key = '3') and (val = '13'))))) (type: boolean)
+              predicate: ((key is not null and val is not null) and (not ((((key = '2') and (val = '12')) or ((key = '8') and (val = '18'))) or ((key = '3') and (val = '13'))))) (type: boolean)
               Statistics: Num rows: 1 Data size: 30 Basic stats: COMPLETE Column stats: NONE
               Select Operator
                 expressions: key (type: string), val (type: string)
@@ -150,7 +150,7 @@ STAGE PLANS:
             alias: b
             Statistics: Num rows: 1 Data size: 30 Basic stats: COMPLETE Column stats: NONE
             Filter Operator
-              predicate: ((val is not null and key is not null) and (not ((((key = '2') and (val = '12')) or ((key = '8') and (val = '18'))) or ((key = '3') and (val = '13'))))) (type: boolean)
+              predicate: ((key is not null and val is not null) and (not ((((key = '2') and (val = '12')) or ((key = '8') and (val = '18'))) or ((key = '3') and (val = '13'))))) (type: boolean)
               Statistics: Num rows: 1 Data size: 30 Basic stats: COMPLETE Column stats: NONE
               Select Operator
                 expressions: key (type: string), val (type: string)
diff --git a/ql/src/test/results/clientpositive/skewjoinopt16.q.out b/ql/src/test/results/clientpositive/skewjoinopt16.q.out
index de9869615e..15b3e6215f 100644
--- a/ql/src/test/results/clientpositive/skewjoinopt16.q.out
+++ b/ql/src/test/results/clientpositive/skewjoinopt16.q.out
@@ -62,7 +62,7 @@ STAGE PLANS:
             alias: a
             Statistics: Num rows: 1 Data size: 30 Basic stats: COMPLETE Column stats: NONE
             Filter Operator
-              predicate: ((val is not null and key is not null) and (((key = '2') and (val = '12')) or (key = '3'))) (type: boolean)
+              predicate: ((key is not null and val is not null) and (((key = '2') and (val = '12')) or (key = '3'))) (type: boolean)
               Statistics: Num rows: 1 Data size: 30 Basic stats: COMPLETE Column stats: NONE
               Select Operator
                 expressions: key (type: string), val (type: string)
@@ -77,7 +77,7 @@ STAGE PLANS:
             alias: b
             Statistics: Num rows: 1 Data size: 30 Basic stats: COMPLETE Column stats: NONE
             Filter Operator
-              predicate: ((val is not null and key is not null) and (((key = '2') and (val = '12')) or (key = '3'))) (type: boolean)
+              predicate: ((key is not null and val is not null) and (((key = '2') and (val = '12')) or (key = '3'))) (type: boolean)
               Statistics: Num rows: 1 Data size: 30 Basic stats: COMPLETE Column stats: NONE
               Select Operator
                 expressions: key (type: string), val (type: string)
@@ -135,7 +135,7 @@ STAGE PLANS:
             alias: a
             Statistics: Num rows: 1 Data size: 30 Basic stats: COMPLETE Column stats: NONE
             Filter Operator
-              predicate: ((val is not null and key is not null) and (not (((key = '2') and (val = '12')) or (key = '3')))) (type: boolean)
+              predicate: ((key is not null and val is not null) and (not (((key = '2') and (val = '12')) or (key = '3')))) (type: boolean)
               Statistics: Num rows: 1 Data size: 30 Basic stats: COMPLETE Column stats: NONE
               Select Operator
                 expressions: key (type: string), val (type: string)
@@ -150,7 +150,7 @@ STAGE PLANS:
             alias: b
             Statistics: Num rows: 1 Data size: 30 Basic stats: COMPLETE Column stats: NONE
             Filter Operator
-              predicate: ((val is not null and key is not null) and (not (((key = '2') and (val = '12')) or (key = '3')))) (type: boolean)
+              predicate: ((key is not null and val is not null) and (not (((key = '2') and (val = '12')) or (key = '3')))) (type: boolean)
               Statistics: Num rows: 1 Data size: 30 Basic stats: COMPLETE Column stats: NONE
               Select Operator
                 expressions: key (type: string), val (type: string)
diff --git a/ql/src/test/results/clientpositive/skewjoinopt17.q.out b/ql/src/test/results/clientpositive/skewjoinopt17.q.out
index ea2b670e1d..a48d24579b 100644
--- a/ql/src/test/results/clientpositive/skewjoinopt17.q.out
+++ b/ql/src/test/results/clientpositive/skewjoinopt17.q.out
@@ -286,7 +286,7 @@ STAGE PLANS:
             alias: a
             Statistics: Num rows: 1 Data size: 30 Basic stats: COMPLETE Column stats: NONE
             Filter Operator
-              predicate: ((val is not null and key is not null) and (((key = '2') and (val = '12')) or (key = '2'))) (type: boolean)
+              predicate: ((key is not null and val is not null) and (((key = '2') and (val = '12')) or (key = '2'))) (type: boolean)
               Statistics: Num rows: 1 Data size: 30 Basic stats: COMPLETE Column stats: NONE
               Select Operator
                 expressions: key (type: string), val (type: string)
@@ -301,7 +301,7 @@ STAGE PLANS:
             alias: b
             Statistics: Num rows: 1 Data size: 30 Basic stats: COMPLETE Column stats: NONE
             Filter Operator
-              predicate: ((val is not null and key is not null) and (((key = '2') and (val = '12')) or (key = '2'))) (type: boolean)
+              predicate: ((key is not null and val is not null) and (((key = '2') and (val = '12')) or (key = '2'))) (type: boolean)
               Statistics: Num rows: 1 Data size: 30 Basic stats: COMPLETE Column stats: NONE
               Select Operator
                 expressions: key (type: string), val (type: string)
@@ -359,7 +359,7 @@ STAGE PLANS:
             alias: a
             Statistics: Num rows: 1 Data size: 30 Basic stats: COMPLETE Column stats: NONE
             Filter Operator
-              predicate: ((val is not null and key is not null) and (not (((key = '2') and (val = '12')) or (key = '2')))) (type: boolean)
+              predicate: ((key is not null and val is not null) and (not (((key = '2') and (val = '12')) or (key = '2')))) (type: boolean)
               Statistics: Num rows: 1 Data size: 30 Basic stats: COMPLETE Column stats: NONE
               Select Operator
                 expressions: key (type: string), val (type: string)
@@ -374,7 +374,7 @@ STAGE PLANS:
             alias: b
             Statistics: Num rows: 1 Data size: 30 Basic stats: COMPLETE Column stats: NONE
             Filter Operator
-              predicate: ((val is not null and key is not null) and (not (((key = '2') and (val = '12')) or (key = '2')))) (type: boolean)
+              predicate: ((key is not null and val is not null) and (not (((key = '2') and (val = '12')) or (key = '2')))) (type: boolean)
               Statistics: Num rows: 1 Data size: 30 Basic stats: COMPLETE Column stats: NONE
               Select Operator
                 expressions: key (type: string), val (type: string)
diff --git a/ql/src/test/results/clientpositive/skewjoinopt2.q.out b/ql/src/test/results/clientpositive/skewjoinopt2.q.out
index c2ae731c38..d37237fe0e 100644
--- a/ql/src/test/results/clientpositive/skewjoinopt2.q.out
+++ b/ql/src/test/results/clientpositive/skewjoinopt2.q.out
@@ -70,7 +70,7 @@ STAGE PLANS:
             alias: a
             Statistics: Num rows: 1 Data size: 30 Basic stats: COMPLETE Column stats: NONE
             Filter Operator
-              predicate: ((val is not null and key is not null) and ((((key = '2') or (key = '7')) or (key = '3')) or (key = '8'))) (type: boolean)
+              predicate: ((key is not null and val is not null) and ((((key = '2') or (key = '7')) or (key = '3')) or (key = '8'))) (type: boolean)
               Statistics: Num rows: 1 Data size: 30 Basic stats: COMPLETE Column stats: NONE
               Select Operator
                 expressions: key (type: string), val (type: string)
@@ -85,7 +85,7 @@ STAGE PLANS:
             alias: b
             Statistics: Num rows: 1 Data size: 30 Basic stats: COMPLETE Column stats: NONE
             Filter Operator
-              predicate: ((val is not null and key is not null) and ((((key = '2') or (key = '7')) or (key = '3')) or (key = '8'))) (type: boolean)
+              predicate: ((key is not null and val is not null) and ((((key = '2') or (key = '7')) or (key = '3')) or (key = '8'))) (type: boolean)
               Statistics: Num rows: 1 Data size: 30 Basic stats: COMPLETE Column stats: NONE
               Select Operator
                 expressions: key (type: string), val (type: string)
@@ -143,7 +143,7 @@ STAGE PLANS:
             alias: a
             Statistics: Num rows: 1 Data size: 30 Basic stats: COMPLETE Column stats: NONE
             Filter Operator
-              predicate: ((val is not null and key is not null) and (not ((((key = '2') or (key = '7')) or (key = '3')) or (key = '8')))) (type: boolean)
+              predicate: ((key is not null and val is not null) and (not ((((key = '2') or (key = '7')) or (key = '3')) or (key = '8')))) (type: boolean)
               Statistics: Num rows: 1 Data size: 30 Basic stats: COMPLETE Column stats: NONE
               Select Operator
                 expressions: key (type: string), val (type: string)
@@ -158,7 +158,7 @@ STAGE PLANS:
             alias: b
             Statistics: Num rows: 1 Data size: 30 Basic stats: COMPLETE Column stats: NONE
             Filter Operator
-              predicate: ((val is not null and key is not null) and (not ((((key = '2') or (key = '7')) or (key = '3')) or (key = '8')))) (type: boolean)
+              predicate: ((key is not null and val is not null) and (not ((((key = '2') or (key = '7')) or (key = '3')) or (key = '8')))) (type: boolean)
               Statistics: Num rows: 1 Data size: 30 Basic stats: COMPLETE Column stats: NONE
               Select Operator
                 expressions: key (type: string), val (type: string)
@@ -388,7 +388,7 @@ STAGE PLANS:
             alias: a
             Statistics: Num rows: 1 Data size: 30 Basic stats: COMPLETE Column stats: NONE
             Filter Operator
-              predicate: ((val is not null and key is not null) and ((((key = '2') or (key = '7')) or (key = '3')) or (key = '8'))) (type: boolean)
+              predicate: ((key is not null and val is not null) and ((((key = '2') or (key = '7')) or (key = '3')) or (key = '8'))) (type: boolean)
               Statistics: Num rows: 1 Data size: 30 Basic stats: COMPLETE Column stats: NONE
               Select Operator
                 expressions: key (type: string), val (type: string)
@@ -403,7 +403,7 @@ STAGE PLANS:
             alias: b
             Statistics: Num rows: 1 Data size: 30 Basic stats: COMPLETE Column stats: NONE
             Filter Operator
-              predicate: ((val is not null and key is not null) and ((((key = '2') or (key = '7')) or (key = '3')) or (key = '8'))) (type: boolean)
+              predicate: ((key is not null and val is not null) and ((((key = '2') or (key = '7')) or (key = '3')) or (key = '8'))) (type: boolean)
               Statistics: Num rows: 1 Data size: 30 Basic stats: COMPLETE Column stats: NONE
               Select Operator
                 expressions: key (type: string), val (type: string)
@@ -485,7 +485,7 @@ STAGE PLANS:
             alias: a
             Statistics: Num rows: 1 Data size: 30 Basic stats: COMPLETE Column stats: NONE
             Filter Operator
-              predicate: ((val is not null and key is not null) and (not ((((key = '2') or (key = '7')) or (key = '3')) or (key = '8')))) (type: boolean)
+              predicate: ((key is not null and val is not null) and (not ((((key = '2') or (key = '7')) or (key = '3')) or (key = '8')))) (type: boolean)
               Statistics: Num rows: 1 Data size: 30 Basic stats: COMPLETE Column stats: NONE
               Select Operator
                 expressions: key (type: string), val (type: string)
@@ -500,7 +500,7 @@ STAGE PLANS:
             alias: b
             Statistics: Num rows: 1 Data size: 30 Basic stats: COMPLETE Column stats: NONE
             Filter Operator
-              predicate: ((val is not null and key is not null) and (not ((((key = '2') or (key = '7')) or (key = '3')) or (key = '8')))) (type: boolean)
+              predicate: ((key is not null and val is not null) and (not ((((key = '2') or (key = '7')) or (key = '3')) or (key = '8')))) (type: boolean)
               Statistics: Num rows: 1 Data size: 30 Basic stats: COMPLETE Column stats: NONE
               Select Operator
                 expressions: key (type: string), val (type: string)
diff --git a/ql/src/test/results/clientpositive/spark/annotate_stats_join.q.out b/ql/src/test/results/clientpositive/spark/annotate_stats_join.q.out
index baa1dcb5c2..c1efd1f340 100644
--- a/ql/src/test/results/clientpositive/spark/annotate_stats_join.q.out
+++ b/ql/src/test/results/clientpositive/spark/annotate_stats_join.q.out
@@ -250,7 +250,7 @@ STAGE PLANS:
                   alias: emp
                   Statistics: Num rows: 48 Data size: 4752 Basic stats: COMPLETE Column stats: COMPLETE
                   Filter Operator
-                    predicate: (deptid is not null and lastname is not null) (type: boolean)
+                    predicate: (lastname is not null and deptid is not null) (type: boolean)
                     Statistics: Num rows: 48 Data size: 4752 Basic stats: COMPLETE Column stats: COMPLETE
                     Select Operator
                       expressions: lastname (type: string), deptid (type: int), locid (type: int)
@@ -268,7 +268,7 @@ STAGE PLANS:
                   alias: dept
                   Statistics: Num rows: 6 Data size: 570 Basic stats: COMPLETE Column stats: COMPLETE
                   Filter Operator
-                    predicate: (deptname is not null and deptid is not null) (type: boolean)
+                    predicate: (deptid is not null and deptname is not null) (type: boolean)
                     Statistics: Num rows: 6 Data size: 570 Basic stats: COMPLETE Column stats: COMPLETE
                     Select Operator
                       expressions: deptid (type: int), deptname (type: string)
@@ -324,7 +324,7 @@ STAGE PLANS:
                   alias: e
                   Statistics: Num rows: 48 Data size: 4752 Basic stats: COMPLETE Column stats: COMPLETE
                   Filter Operator
-                    predicate: (deptid is not null and lastname is not null) (type: boolean)
+                    predicate: (lastname is not null and deptid is not null) (type: boolean)
                     Statistics: Num rows: 48 Data size: 4752 Basic stats: COMPLETE Column stats: COMPLETE
                     Select Operator
                       expressions: lastname (type: string), deptid (type: int), locid (type: int)
@@ -342,7 +342,7 @@ STAGE PLANS:
                   alias: d
                   Statistics: Num rows: 6 Data size: 570 Basic stats: COMPLETE Column stats: COMPLETE
                   Filter Operator
-                    predicate: (deptname is not null and deptid is not null) (type: boolean)
+                    predicate: (deptid is not null and deptname is not null) (type: boolean)
                     Statistics: Num rows: 6 Data size: 570 Basic stats: COMPLETE Column stats: COMPLETE
                     Select Operator
                       expressions: deptid (type: int), deptname (type: string)
@@ -402,7 +402,7 @@ STAGE PLANS:
                   alias: emp
                   Statistics: Num rows: 48 Data size: 4752 Basic stats: COMPLETE Column stats: COMPLETE
                   Filter Operator
-                    predicate: (deptid is not null and lastname is not null) (type: boolean)
+                    predicate: (lastname is not null and deptid is not null) (type: boolean)
                     Statistics: Num rows: 48 Data size: 4752 Basic stats: COMPLETE Column stats: COMPLETE
                     Select Operator
                       expressions: lastname (type: string), deptid (type: int), locid (type: int)
@@ -420,7 +420,7 @@ STAGE PLANS:
                   alias: dept
                   Statistics: Num rows: 6 Data size: 570 Basic stats: COMPLETE Column stats: COMPLETE
                   Filter Operator
-                    predicate: (deptname is not null and deptid is not null) (type: boolean)
+                    predicate: (deptid is not null and deptname is not null) (type: boolean)
                     Statistics: Num rows: 6 Data size: 570 Basic stats: COMPLETE Column stats: COMPLETE
                     Select Operator
                       expressions: deptid (type: int), deptname (type: string)
@@ -676,7 +676,7 @@ STAGE PLANS:
                   alias: e
                   Statistics: Num rows: 48 Data size: 4752 Basic stats: COMPLETE Column stats: COMPLETE
                   Filter Operator
-                    predicate: (deptid is not null and lastname is not null) (type: boolean)
+                    predicate: (lastname is not null and deptid is not null) (type: boolean)
                     Statistics: Num rows: 48 Data size: 4752 Basic stats: COMPLETE Column stats: COMPLETE
                     Select Operator
                       expressions: lastname (type: string), deptid (type: int), locid (type: int)
@@ -694,7 +694,7 @@ STAGE PLANS:
                   alias: d
                   Statistics: Num rows: 6 Data size: 570 Basic stats: COMPLETE Column stats: COMPLETE
                   Filter Operator
-                    predicate: (deptname is not null and deptid is not null) (type: boolean)
+                    predicate: (deptid is not null and deptname is not null) (type: boolean)
                     Statistics: Num rows: 6 Data size: 570 Basic stats: COMPLETE Column stats: COMPLETE
                     Select Operator
                       expressions: deptid (type: int), deptname (type: string)
@@ -711,7 +711,7 @@ STAGE PLANS:
                   alias: l
                   Statistics: Num rows: 8 Data size: 804 Basic stats: COMPLETE Column stats: COMPLETE
                   Filter Operator
-                    predicate: (locid is not null and state is not null) (type: boolean)
+                    predicate: (state is not null and locid is not null) (type: boolean)
                     Statistics: Num rows: 8 Data size: 804 Basic stats: COMPLETE Column stats: COMPLETE
                     Select Operator
                       expressions: state (type: string), locid (type: int), zip (type: bigint), year (type: int)
diff --git a/ql/src/test/results/clientpositive/spark/auto_join12.q.out b/ql/src/test/results/clientpositive/spark/auto_join12.q.out
index 158e53511f..d324c4c854 100644
--- a/ql/src/test/results/clientpositive/spark/auto_join12.q.out
+++ b/ql/src/test/results/clientpositive/spark/auto_join12.q.out
@@ -30,13 +30,13 @@ STAGE PLANS:
     Spark
 #### A masked pattern was here ####
       Vertices:
-        Map 1 
+        Map 3 
             Map Operator Tree:
                 TableScan
                   alias: src
                   Statistics: Num rows: 500 Data size: 5312 Basic stats: COMPLETE Column stats: NONE
                   Filter Operator
-                    predicate: ((UDFToDouble(key) < 100.0) and (UDFToDouble(key) < 80.0)) (type: boolean)
+                    predicate: ((UDFToDouble(key) < 80.0) and (UDFToDouble(key) < 100.0)) (type: boolean)
                     Statistics: Num rows: 55 Data size: 584 Basic stats: COMPLETE Column stats: NONE
                     Select Operator
                       expressions: key (type: string)
@@ -49,17 +49,17 @@ STAGE PLANS:
                           2 _col0 (type: string)
             Local Work:
               Map Reduce Local Work
-        Map 2 
+        Map 4 
             Map Operator Tree:
                 TableScan
                   alias: src
                   Statistics: Num rows: 500 Data size: 5312 Basic stats: COMPLETE Column stats: NONE
                   Filter Operator
-                    predicate: ((UDFToDouble(key) < 80.0) and (UDFToDouble(key) < 100.0)) (type: boolean)
+                    predicate: ((UDFToDouble(key) < 100.0) and (UDFToDouble(key) < 80.0)) (type: boolean)
                     Statistics: Num rows: 55 Data size: 584 Basic stats: COMPLETE Column stats: NONE
                     Select Operator
-                      expressions: key (type: string)
-                      outputColumnNames: _col0
+                      expressions: key (type: string), value (type: string)
+                      outputColumnNames: _col0, _col1
                       Statistics: Num rows: 55 Data size: 584 Basic stats: COMPLETE Column stats: NONE
                       Spark HashTable Sink Operator
                         keys:
@@ -72,21 +72,21 @@ STAGE PLANS:
   Stage: Stage-1
     Spark
       Edges:
-        Reducer 4 <- Map 3 (GROUP, 1)
+        Reducer 2 <- Map 1 (GROUP, 1)
 #### A masked pattern was here ####
       Vertices:
-        Map 3 
+        Map 1 
             Map Operator Tree:
                 TableScan
                   alias: src
                   Statistics: Num rows: 500 Data size: 5312 Basic stats: COMPLETE Column stats: NONE
                   Filter Operator
-                    predicate: (UDFToDouble(key) < 100.0) (type: boolean)
-                    Statistics: Num rows: 166 Data size: 1763 Basic stats: COMPLETE Column stats: NONE
+                    predicate: ((UDFToDouble(key) < 100.0) and (UDFToDouble(key) < 80.0)) (type: boolean)
+                    Statistics: Num rows: 55 Data size: 584 Basic stats: COMPLETE Column stats: NONE
                     Select Operator
-                      expressions: key (type: string), value (type: string)
-                      outputColumnNames: _col0, _col1
-                      Statistics: Num rows: 166 Data size: 1763 Basic stats: COMPLETE Column stats: NONE
+                      expressions: key (type: string)
+                      outputColumnNames: _col0
+                      Statistics: Num rows: 55 Data size: 584 Basic stats: COMPLETE Column stats: NONE
                       Map Join Operator
                         condition map:
                              Inner Join 0 to 1
@@ -97,13 +97,13 @@ STAGE PLANS:
                           2 _col0 (type: string)
                         outputColumnNames: _col0, _col3
                         input vertices:
-                          0 Map 1
-                          1 Map 2
-                        Statistics: Num rows: 365 Data size: 3878 Basic stats: COMPLETE Column stats: NONE
+                          1 Map 3
+                          2 Map 4
+                        Statistics: Num rows: 121 Data size: 1284 Basic stats: COMPLETE Column stats: NONE
                         Select Operator
                           expressions: hash(_col0,_col3) (type: int)
                           outputColumnNames: _col0
-                          Statistics: Num rows: 365 Data size: 3878 Basic stats: COMPLETE Column stats: NONE
+                          Statistics: Num rows: 121 Data size: 1284 Basic stats: COMPLETE Column stats: NONE
                           Group By Operator
                             aggregations: sum(_col0)
                             mode: hash
@@ -115,7 +115,7 @@ STAGE PLANS:
                               value expressions: _col0 (type: bigint)
             Local Work:
               Map Reduce Local Work
-        Reducer 4 
+        Reducer 2 
             Reduce Operator Tree:
               Group By Operator
                 aggregations: sum(VALUE._col0)
diff --git a/ql/src/test/results/clientpositive/spark/auto_join16.q.out b/ql/src/test/results/clientpositive/spark/auto_join16.q.out
index ba6336aaa5..b31f63cfc5 100644
--- a/ql/src/test/results/clientpositive/spark/auto_join16.q.out
+++ b/ql/src/test/results/clientpositive/spark/auto_join16.q.out
@@ -30,7 +30,7 @@ STAGE PLANS:
                   alias: a
                   Statistics: Num rows: 500 Data size: 5312 Basic stats: COMPLETE Column stats: NONE
                   Filter Operator
-                    predicate: (((UDFToDouble(value) < 200.0) and (UDFToDouble(key) > 20.0)) and (UDFToDouble(key) > 10.0)) (type: boolean)
+                    predicate: (((UDFToDouble(key) > 10.0) and (UDFToDouble(key) > 20.0)) and (UDFToDouble(value) < 200.0)) (type: boolean)
                     Statistics: Num rows: 18 Data size: 191 Basic stats: COMPLETE Column stats: NONE
                     Select Operator
                       expressions: key (type: string), value (type: string)
diff --git a/ql/src/test/results/clientpositive/spark/auto_join32.q.out b/ql/src/test/results/clientpositive/spark/auto_join32.q.out
index 2dd6cc17e1..fe8f96768c 100644
--- a/ql/src/test/results/clientpositive/spark/auto_join32.q.out
+++ b/ql/src/test/results/clientpositive/spark/auto_join32.q.out
@@ -459,7 +459,7 @@ STAGE PLANS:
                   alias: s
                   Statistics: Num rows: 1 Data size: 0 Basic stats: PARTIAL Column stats: NONE
                   Filter Operator
-                    predicate: ((p = 'bar') and name is not null) (type: boolean)
+                    predicate: (name is not null and (p = 'bar')) (type: boolean)
                     Statistics: Num rows: 1 Data size: 0 Basic stats: PARTIAL Column stats: NONE
                     Select Operator
                       expressions: name (type: string)
diff --git a/ql/src/test/results/clientpositive/spark/auto_join_without_localtask.q.out b/ql/src/test/results/clientpositive/spark/auto_join_without_localtask.q.out
index f055a59545..68e51a7ed9 100644
--- a/ql/src/test/results/clientpositive/spark/auto_join_without_localtask.q.out
+++ b/ql/src/test/results/clientpositive/spark/auto_join_without_localtask.q.out
@@ -337,7 +337,7 @@ STAGE PLANS:
                   alias: a
                   Statistics: Num rows: 500 Data size: 5312 Basic stats: COMPLETE Column stats: NONE
                   Filter Operator
-                    predicate: ((UDFToDouble(key) > 100.0) and value is not null) (type: boolean)
+                    predicate: (value is not null and (UDFToDouble(key) > 100.0)) (type: boolean)
                     Statistics: Num rows: 166 Data size: 1763 Basic stats: COMPLETE Column stats: NONE
                     Select Operator
                       expressions: key (type: string), value (type: string)
diff --git a/ql/src/test/results/clientpositive/spark/bucketsortoptimize_insert_6.q.out b/ql/src/test/results/clientpositive/spark/bucketsortoptimize_insert_6.q.out
index e8e1e7e510..c33dee34b6 100644
--- a/ql/src/test/results/clientpositive/spark/bucketsortoptimize_insert_6.q.out
+++ b/ql/src/test/results/clientpositive/spark/bucketsortoptimize_insert_6.q.out
@@ -89,7 +89,7 @@ STAGE PLANS:
                   alias: a
                   Statistics: Num rows: 10 Data size: 91 Basic stats: COMPLETE Column stats: NONE
                   Filter Operator
-                    predicate: (key2 is not null and key is not null) (type: boolean)
+                    predicate: (key is not null and key2 is not null) (type: boolean)
                     Statistics: Num rows: 10 Data size: 91 Basic stats: COMPLETE Column stats: NONE
                     Select Operator
                       expressions: key (type: int), key2 (type: int), value (type: string)
@@ -114,7 +114,7 @@ STAGE PLANS:
                   alias: b
                   Statistics: Num rows: 84 Data size: 979 Basic stats: COMPLETE Column stats: NONE
                   Filter Operator
-                    predicate: (key2 is not null and key is not null) (type: boolean)
+                    predicate: (key is not null and key2 is not null) (type: boolean)
                     Statistics: Num rows: 84 Data size: 979 Basic stats: COMPLETE Column stats: NONE
                     Select Operator
                       expressions: key (type: int), key2 (type: int), value (type: string)
@@ -276,7 +276,7 @@ STAGE PLANS:
                   alias: a
                   Statistics: Num rows: 10 Data size: 91 Basic stats: COMPLETE Column stats: NONE
                   Filter Operator
-                    predicate: (key2 is not null and key is not null) (type: boolean)
+                    predicate: (key is not null and key2 is not null) (type: boolean)
                     Statistics: Num rows: 10 Data size: 91 Basic stats: COMPLETE Column stats: NONE
                     Select Operator
                       expressions: key (type: int), key2 (type: int), value (type: string)
@@ -301,7 +301,7 @@ STAGE PLANS:
                   alias: b
                   Statistics: Num rows: 84 Data size: 979 Basic stats: COMPLETE Column stats: NONE
                   Filter Operator
-                    predicate: (key2 is not null and key is not null) (type: boolean)
+                    predicate: (key is not null and key2 is not null) (type: boolean)
                     Statistics: Num rows: 84 Data size: 979 Basic stats: COMPLETE Column stats: NONE
                     Select Operator
                       expressions: key (type: int), key2 (type: int), value (type: string)
@@ -463,7 +463,7 @@ STAGE PLANS:
                   alias: a
                   Statistics: Num rows: 10 Data size: 91 Basic stats: COMPLETE Column stats: NONE
                   Filter Operator
-                    predicate: (key2 is not null and key is not null) (type: boolean)
+                    predicate: (key is not null and key2 is not null) (type: boolean)
                     Statistics: Num rows: 10 Data size: 91 Basic stats: COMPLETE Column stats: NONE
                     Select Operator
                       expressions: key (type: int), key2 (type: int), value (type: string)
@@ -488,7 +488,7 @@ STAGE PLANS:
                   alias: b
                   Statistics: Num rows: 84 Data size: 979 Basic stats: COMPLETE Column stats: NONE
                   Filter Operator
-                    predicate: (key2 is not null and key is not null) (type: boolean)
+                    predicate: (key is not null and key2 is not null) (type: boolean)
                     Statistics: Num rows: 84 Data size: 979 Basic stats: COMPLETE Column stats: NONE
                     Select Operator
                       expressions: key (type: int), key2 (type: int), value (type: string)
@@ -585,7 +585,7 @@ STAGE PLANS:
                   alias: a
                   Statistics: Num rows: 10 Data size: 91 Basic stats: COMPLETE Column stats: NONE
                   Filter Operator
-                    predicate: (key2 is not null and key is not null) (type: boolean)
+                    predicate: (key is not null and key2 is not null) (type: boolean)
                     Statistics: Num rows: 10 Data size: 91 Basic stats: COMPLETE Column stats: NONE
                     Select Operator
                       expressions: key (type: int), key2 (type: int), value (type: string)
@@ -610,7 +610,7 @@ STAGE PLANS:
                   alias: b
                   Statistics: Num rows: 84 Data size: 979 Basic stats: COMPLETE Column stats: NONE
                   Filter Operator
-                    predicate: (key2 is not null and key is not null) (type: boolean)
+                    predicate: (key is not null and key2 is not null) (type: boolean)
                     Statistics: Num rows: 84 Data size: 979 Basic stats: COMPLETE Column stats: NONE
                     Select Operator
                       expressions: key (type: int), key2 (type: int), value (type: string)
@@ -713,7 +713,7 @@ STAGE PLANS:
                   alias: a
                   Statistics: Num rows: 10 Data size: 91 Basic stats: COMPLETE Column stats: NONE
                   Filter Operator
-                    predicate: (key2 is not null and key is not null) (type: boolean)
+                    predicate: (key is not null and key2 is not null) (type: boolean)
                     Statistics: Num rows: 10 Data size: 91 Basic stats: COMPLETE Column stats: NONE
                     Select Operator
                       expressions: key (type: int), key2 (type: int), value (type: string)
@@ -738,7 +738,7 @@ STAGE PLANS:
                   alias: b
                   Statistics: Num rows: 84 Data size: 979 Basic stats: COMPLETE Column stats: NONE
                   Filter Operator
-                    predicate: (key2 is not null and key is not null) (type: boolean)
+                    predicate: (key is not null and key2 is not null) (type: boolean)
                     Statistics: Num rows: 84 Data size: 979 Basic stats: COMPLETE Column stats: NONE
                     Select Operator
                       expressions: key (type: int), key2 (type: int), value (type: string)
@@ -918,7 +918,7 @@ STAGE PLANS:
                   alias: a
                   Statistics: Num rows: 10 Data size: 91 Basic stats: COMPLETE Column stats: NONE
                   Filter Operator
-                    predicate: (key2 is not null and key is not null) (type: boolean)
+                    predicate: (key is not null and key2 is not null) (type: boolean)
                     Statistics: Num rows: 10 Data size: 91 Basic stats: COMPLETE Column stats: NONE
                     Select Operator
                       expressions: key (type: int), key2 (type: int), value (type: string)
@@ -943,7 +943,7 @@ STAGE PLANS:
                   alias: b
                   Statistics: Num rows: 84 Data size: 979 Basic stats: COMPLETE Column stats: NONE
                   Filter Operator
-                    predicate: (key2 is not null and key is not null) (type: boolean)
+                    predicate: (key is not null and key2 is not null) (type: boolean)
                     Statistics: Num rows: 84 Data size: 979 Basic stats: COMPLETE Column stats: NONE
                     Select Operator
                       expressions: key (type: int), key2 (type: int), value (type: string)
@@ -1133,7 +1133,7 @@ STAGE PLANS:
                   alias: a
                   Statistics: Num rows: 10 Data size: 91 Basic stats: COMPLETE Column stats: NONE
                   Filter Operator
-                    predicate: (key2 is not null and key is not null) (type: boolean)
+                    predicate: (key is not null and key2 is not null) (type: boolean)
                     Statistics: Num rows: 10 Data size: 91 Basic stats: COMPLETE Column stats: NONE
                     Select Operator
                       expressions: key (type: int), key2 (type: int), value (type: string)
@@ -1158,7 +1158,7 @@ STAGE PLANS:
                   alias: b
                   Statistics: Num rows: 84 Data size: 979 Basic stats: COMPLETE Column stats: NONE
                   Filter Operator
-                    predicate: (key2 is not null and key is not null) (type: boolean)
+                    predicate: (key is not null and key2 is not null) (type: boolean)
                     Statistics: Num rows: 84 Data size: 979 Basic stats: COMPLETE Column stats: NONE
                     Select Operator
                       expressions: key (type: int), key2 (type: int), value (type: string)
diff --git a/ql/src/test/results/clientpositive/spark/bucketsortoptimize_insert_7.q.out b/ql/src/test/results/clientpositive/spark/bucketsortoptimize_insert_7.q.out
index 0b64a8735a..5bc777d7d5 100644
--- a/ql/src/test/results/clientpositive/spark/bucketsortoptimize_insert_7.q.out
+++ b/ql/src/test/results/clientpositive/spark/bucketsortoptimize_insert_7.q.out
@@ -89,7 +89,7 @@ STAGE PLANS:
                   alias: a
                   Statistics: Num rows: 10 Data size: 70 Basic stats: COMPLETE Column stats: NONE
                   Filter Operator
-                    predicate: (((key = 0) or (key = 5)) and key is not null) (type: boolean)
+                    predicate: (key is not null and ((key = 0) or (key = 5))) (type: boolean)
                     Statistics: Num rows: 10 Data size: 70 Basic stats: COMPLETE Column stats: NONE
                     Select Operator
                       expressions: key (type: int), value (type: string)
@@ -114,7 +114,7 @@ STAGE PLANS:
                   alias: b
                   Statistics: Num rows: 84 Data size: 736 Basic stats: COMPLETE Column stats: NONE
                   Filter Operator
-                    predicate: (((key = 0) or (key = 5)) and key is not null) (type: boolean)
+                    predicate: (key is not null and ((key = 0) or (key = 5))) (type: boolean)
                     Statistics: Num rows: 84 Data size: 736 Basic stats: COMPLETE Column stats: NONE
                     Select Operator
                       expressions: key (type: int), value (type: string)
diff --git a/ql/src/test/results/clientpositive/spark/constprog_partitioner.q.out b/ql/src/test/results/clientpositive/spark/constprog_partitioner.q.out
index 8a6ab825c2..66cd5cc4ac 100644
--- a/ql/src/test/results/clientpositive/spark/constprog_partitioner.q.out
+++ b/ql/src/test/results/clientpositive/spark/constprog_partitioner.q.out
@@ -121,7 +121,7 @@ STAGE PLANS:
                   alias: li
                   Statistics: Num rows: 100 Data size: 11999 Basic stats: COMPLETE Column stats: NONE
                   Filter Operator
-                    predicate: ((l_linenumber = 1) and l_orderkey is not null) (type: boolean)
+                    predicate: (l_orderkey is not null and (l_linenumber = 1)) (type: boolean)
                     Statistics: Num rows: 50 Data size: 5999 Basic stats: COMPLETE Column stats: NONE
                     Select Operator
                       expressions: l_orderkey (type: int), l_partkey (type: int), l_suppkey (type: int), 1 (type: int)
@@ -139,7 +139,7 @@ STAGE PLANS:
                   alias: li
                   Statistics: Num rows: 100 Data size: 11999 Basic stats: COMPLETE Column stats: NONE
                   Filter Operator
-                    predicate: (((l_shipmode = 'AIR') and (l_linenumber = 1)) and l_orderkey is not null) (type: boolean)
+                    predicate: (((l_shipmode = 'AIR') and l_orderkey is not null) and (l_linenumber = 1)) (type: boolean)
                     Statistics: Num rows: 25 Data size: 2999 Basic stats: COMPLETE Column stats: NONE
                     Select Operator
                       expressions: l_orderkey (type: int)
diff --git a/ql/src/test/results/clientpositive/spark/dynamic_rdd_cache.q.out b/ql/src/test/results/clientpositive/spark/dynamic_rdd_cache.q.out
index 6e595ff4b1..8639871652 100644
--- a/ql/src/test/results/clientpositive/spark/dynamic_rdd_cache.q.out
+++ b/ql/src/test/results/clientpositive/spark/dynamic_rdd_cache.q.out
@@ -749,7 +749,7 @@ STAGE PLANS:
                   alias: date_dim
                   Statistics: Num rows: 1 Data size: 0 Basic stats: PARTIAL Column stats: NONE
                   Filter Operator
-                    predicate: (((d_year = 1999) and (d_moy = 3)) and d_date_sk is not null) (type: boolean)
+                    predicate: (((d_year = 1999) and d_date_sk is not null) and (d_moy = 3)) (type: boolean)
                     Statistics: Num rows: 1 Data size: 0 Basic stats: PARTIAL Column stats: NONE
                     Select Operator
                       expressions: d_date_sk (type: int)
@@ -819,7 +819,7 @@ STAGE PLANS:
                   alias: date_dim
                   Statistics: Num rows: 1 Data size: 0 Basic stats: PARTIAL Column stats: NONE
                   Filter Operator
-                    predicate: (((d_moy = 4) and (d_year = 1999)) and d_date_sk is not null) (type: boolean)
+                    predicate: (((d_year = 1999) and d_date_sk is not null) and (d_moy = 4)) (type: boolean)
                     Statistics: Num rows: 1 Data size: 0 Basic stats: PARTIAL Column stats: NONE
                     Select Operator
                       expressions: d_date_sk (type: int)
@@ -908,46 +908,46 @@ STAGE PLANS:
                 outputColumnNames: _col2, _col4, _col5, _col6
                 Statistics: Num rows: 1 Data size: 0 Basic stats: PARTIAL Column stats: NONE
                 Select Operator
-                  expressions: _col4 (type: int), _col5 (type: int), _col6 (type: string), 4 (type: int), _col2 (type: int)
-                  outputColumnNames: _col4, _col5, _col6, _col9, _col2
+                  expressions: _col6 (type: string), _col5 (type: int), _col4 (type: int), _col2 (type: int)
+                  outputColumnNames: _col0, _col1, _col2, _col4
                   Statistics: Num rows: 1 Data size: 0 Basic stats: PARTIAL Column stats: NONE
                   Group By Operator
-                    aggregations: stddev_samp(_col2), avg(_col2)
-                    keys: _col4 (type: int), _col5 (type: int), _col6 (type: string), _col9 (type: int)
+                    aggregations: avg(_col4), stddev_samp(_col4)
+                    keys: _col0 (type: string), _col1 (type: int), _col2 (type: int), 4 (type: int)
                     mode: hash
                     outputColumnNames: _col0, _col1, _col2, _col3, _col4, _col5
                     Statistics: Num rows: 1 Data size: 0 Basic stats: PARTIAL Column stats: NONE
                     Reduce Output Operator
-                      key expressions: _col0 (type: int), _col1 (type: int), _col2 (type: string), _col3 (type: int)
+                      key expressions: _col0 (type: string), _col1 (type: int), _col2 (type: int), 4 (type: int)
                       sort order: ++++
-                      Map-reduce partition columns: _col0 (type: int), _col1 (type: int), _col2 (type: string), _col3 (type: int)
+                      Map-reduce partition columns: _col0 (type: string), _col1 (type: int), _col2 (type: int), 4 (type: int)
                       Statistics: Num rows: 1 Data size: 0 Basic stats: PARTIAL Column stats: NONE
-                      value expressions: _col4 (type: struct<count:bigint,sum:double,variance:double>), _col5 (type: struct<count:bigint,sum:double,input:int>)
+                      value expressions: _col4 (type: struct<count:bigint,sum:double,input:int>), _col5 (type: struct<count:bigint,sum:double,variance:double>)
         Reducer 15 
             Reduce Operator Tree:
               Group By Operator
-                aggregations: stddev_samp(VALUE._col0), avg(VALUE._col1)
-                keys: KEY._col0 (type: int), KEY._col1 (type: int), KEY._col2 (type: string), KEY._col3 (type: int)
+                aggregations: avg(VALUE._col0), stddev_samp(VALUE._col1)
+                keys: KEY._col0 (type: string), KEY._col1 (type: int), KEY._col2 (type: int), 4 (type: int)
                 mode: mergepartial
                 outputColumnNames: _col0, _col1, _col2, _col3, _col4, _col5
                 Statistics: Num rows: 1 Data size: 0 Basic stats: PARTIAL Column stats: NONE
                 Select Operator
-                  expressions: _col1 (type: int), _col0 (type: int), _col3 (type: int), _col4 (type: double), _col5 (type: double)
-                  outputColumnNames: _col1, _col2, _col3, _col4, _col5
+                  expressions: _col1 (type: int), _col2 (type: int), _col4 (type: double), _col5 (type: double)
+                  outputColumnNames: _col1, _col2, _col4, _col5
                   Statistics: Num rows: 1 Data size: 0 Basic stats: PARTIAL Column stats: NONE
                   Filter Operator
-                    predicate: (CASE (_col5) WHEN (0) THEN (0) ELSE ((_col4 / _col5)) END > 1.0) (type: boolean)
+                    predicate: (CASE (_col4) WHEN (0) THEN (0) ELSE ((_col5 / _col4)) END > 1.0) (type: boolean)
                     Statistics: Num rows: 1 Data size: 0 Basic stats: PARTIAL Column stats: NONE
                     Select Operator
-                      expressions: _col1 (type: int), _col2 (type: int), _col3 (type: int), _col5 (type: double), CASE (_col5) WHEN (0) THEN (null) ELSE ((_col4 / _col5)) END (type: double)
-                      outputColumnNames: _col1, _col2, _col3, _col4, _col5
+                      expressions: _col1 (type: int), _col2 (type: int), _col4 (type: double), CASE (_col4) WHEN (0) THEN (null) ELSE ((_col5 / _col4)) END (type: double)
+                      outputColumnNames: _col1, _col2, _col4, _col5
                       Statistics: Num rows: 1 Data size: 0 Basic stats: PARTIAL Column stats: NONE
                       Reduce Output Operator
                         key expressions: _col2 (type: int), _col1 (type: int)
                         sort order: ++
                         Map-reduce partition columns: _col2 (type: int), _col1 (type: int)
                         Statistics: Num rows: 1 Data size: 0 Basic stats: PARTIAL Column stats: NONE
-                        value expressions: _col3 (type: int), _col4 (type: double), _col5 (type: double)
+                        value expressions: _col4 (type: double), _col5 (type: double)
         Reducer 2 
             Reduce Operator Tree:
               Join Operator
@@ -1023,37 +1023,37 @@ STAGE PLANS:
                     Statistics: Num rows: 1 Data size: 0 Basic stats: PARTIAL Column stats: NONE
                     Select Operator
                       expressions: _col1 (type: int), _col2 (type: int), _col4 (type: double), CASE (_col4) WHEN (0) THEN (null) ELSE ((_col5 / _col4)) END (type: double)
-                      outputColumnNames: _col0, _col1, _col2, _col3
+                      outputColumnNames: _col1, _col2, _col4, _col5
                       Statistics: Num rows: 1 Data size: 0 Basic stats: PARTIAL Column stats: NONE
                       Reduce Output Operator
-                        key expressions: _col1 (type: int), _col0 (type: int)
+                        key expressions: _col2 (type: int), _col1 (type: int)
                         sort order: ++
-                        Map-reduce partition columns: _col1 (type: int), _col0 (type: int)
+                        Map-reduce partition columns: _col2 (type: int), _col1 (type: int)
                         Statistics: Num rows: 1 Data size: 0 Basic stats: PARTIAL Column stats: NONE
-                        value expressions: _col2 (type: double), _col3 (type: double)
+                        value expressions: _col4 (type: double), _col5 (type: double)
         Reducer 6 
             Reduce Operator Tree:
               Join Operator
                 condition map:
                      Inner Join 0 to 1
                 keys:
-                  0 _col1 (type: int), _col0 (type: int)
+                  0 _col2 (type: int), _col1 (type: int)
                   1 _col2 (type: int), _col1 (type: int)
-                outputColumnNames: _col0, _col1, _col2, _col3, _col5, _col6, _col7, _col8, _col9
+                outputColumnNames: _col1, _col2, _col4, _col5, _col7, _col8, _col10, _col11
                 Statistics: Num rows: 1 Data size: 0 Basic stats: PARTIAL Column stats: NONE
                 Select Operator
-                  expressions: _col0 (type: int), _col1 (type: int), _col2 (type: double), _col3 (type: double), _col5 (type: int), _col6 (type: int), _col7 (type: int), _col8 (type: double), _col9 (type: double)
-                  outputColumnNames: _col0, _col1, _col3, _col4, _col5, _col6, _col7, _col8, _col9
+                  expressions: _col1 (type: int), _col2 (type: int), _col4 (type: double), _col5 (type: double), _col7 (type: int), _col8 (type: int), _col10 (type: double), _col11 (type: double)
+                  outputColumnNames: _col0, _col1, _col3, _col4, _col5, _col6, _col8, _col9
                   Statistics: Num rows: 1 Data size: 0 Basic stats: PARTIAL Column stats: NONE
                   Reduce Output Operator
-                    key expressions: _col0 (type: int), _col1 (type: int), 3 (type: int), _col3 (type: double), _col4 (type: double), _col7 (type: int), _col8 (type: double), _col9 (type: double)
+                    key expressions: _col0 (type: int), _col1 (type: int), 3 (type: int), _col3 (type: double), _col4 (type: double), 4 (type: int), _col8 (type: double), _col9 (type: double)
                     sort order: ++++++++
                     Statistics: Num rows: 1 Data size: 0 Basic stats: PARTIAL Column stats: NONE
                     value expressions: _col5 (type: int), _col6 (type: int)
         Reducer 7 
             Reduce Operator Tree:
               Select Operator
-                expressions: KEY.reducesinkkey0 (type: int), KEY.reducesinkkey1 (type: int), 3 (type: int), KEY.reducesinkkey3 (type: double), KEY.reducesinkkey4 (type: double), VALUE._col0 (type: int), VALUE._col1 (type: int), KEY.reducesinkkey5 (type: int), KEY.reducesinkkey6 (type: double), KEY.reducesinkkey7 (type: double)
+                expressions: KEY.reducesinkkey0 (type: int), KEY.reducesinkkey1 (type: int), 3 (type: int), KEY.reducesinkkey3 (type: double), KEY.reducesinkkey4 (type: double), VALUE._col0 (type: int), VALUE._col1 (type: int), 4 (type: int), KEY.reducesinkkey6 (type: double), KEY.reducesinkkey7 (type: double)
                 outputColumnNames: _col0, _col1, _col2, _col3, _col4, _col5, _col6, _col7, _col8, _col9
                 Statistics: Num rows: 1 Data size: 0 Basic stats: PARTIAL Column stats: NONE
                 File Output Operator
diff --git a/ql/src/test/results/clientpositive/spark/filter_join_breaktask.q.out b/ql/src/test/results/clientpositive/spark/filter_join_breaktask.q.out
index 17a01c6860..fa5a5c62d7 100644
--- a/ql/src/test/results/clientpositive/spark/filter_join_breaktask.q.out
+++ b/ql/src/test/results/clientpositive/spark/filter_join_breaktask.q.out
@@ -225,7 +225,7 @@ STAGE PLANS:
                   GatherStats: false
                   Filter Operator
                     isSamplingPred: false
-                    predicate: ((value is not null and (value <> '')) and key is not null) (type: boolean)
+                    predicate: ((key is not null and value is not null) and (value <> '')) (type: boolean)
                     Statistics: Num rows: 25 Data size: 211 Basic stats: COMPLETE Column stats: NONE
                     Select Operator
                       expressions: key (type: int), value (type: string)
diff --git a/ql/src/test/results/clientpositive/spark/groupby_position.q.out b/ql/src/test/results/clientpositive/spark/groupby_position.q.out
index 415703f638..3f5894834c 100644
--- a/ql/src/test/results/clientpositive/spark/groupby_position.q.out
+++ b/ql/src/test/results/clientpositive/spark/groupby_position.q.out
@@ -586,7 +586,7 @@ STAGE PLANS:
                   alias: src1
                   Statistics: Num rows: 500 Data size: 5312 Basic stats: COMPLETE Column stats: NONE
                   Filter Operator
-                    predicate: ((((UDFToDouble(key) > 15.0) and (UDFToDouble(key) < 25.0)) and (UDFToDouble(key) < 20.0)) and (UDFToDouble(key) > 10.0)) (type: boolean)
+                    predicate: ((((UDFToDouble(key) > 15.0) and (UDFToDouble(key) < 25.0)) and (UDFToDouble(key) > 10.0)) and (UDFToDouble(key) < 20.0)) (type: boolean)
                     Statistics: Num rows: 6 Data size: 63 Basic stats: COMPLETE Column stats: NONE
                     Group By Operator
                       keys: key (type: string), value (type: string)
diff --git a/ql/src/test/results/clientpositive/spark/index_auto_self_join.q.out b/ql/src/test/results/clientpositive/spark/index_auto_self_join.q.out
index 40c09de04a..38e8c9ad23 100644
--- a/ql/src/test/results/clientpositive/spark/index_auto_self_join.q.out
+++ b/ql/src/test/results/clientpositive/spark/index_auto_self_join.q.out
@@ -25,7 +25,7 @@ STAGE PLANS:
                   alias: a
                   Statistics: Num rows: 500 Data size: 5312 Basic stats: COMPLETE Column stats: NONE
                   Filter Operator
-                    predicate: (((UDFToDouble(key) > 80.0) and (UDFToDouble(key) < 100.0)) and value is not null) (type: boolean)
+                    predicate: ((value is not null and (UDFToDouble(key) > 80.0)) and (UDFToDouble(key) < 100.0)) (type: boolean)
                     Statistics: Num rows: 55 Data size: 584 Basic stats: COMPLETE Column stats: NONE
                     Select Operator
                       expressions: key (type: string), value (type: string)
@@ -43,7 +43,7 @@ STAGE PLANS:
                   alias: a
                   Statistics: Num rows: 500 Data size: 5312 Basic stats: COMPLETE Column stats: NONE
                   Filter Operator
-                    predicate: (((UDFToDouble(key) < 90.0) and (UDFToDouble(key) > 70.0)) and value is not null) (type: boolean)
+                    predicate: ((value is not null and (UDFToDouble(key) > 70.0)) and (UDFToDouble(key) < 90.0)) (type: boolean)
                     Statistics: Num rows: 55 Data size: 584 Basic stats: COMPLETE Column stats: NONE
                     Select Operator
                       expressions: key (type: string), value (type: string)
@@ -141,10 +141,10 @@ STAGE PLANS:
             Map Operator Tree:
                 TableScan
                   alias: a
-                  filterExpr: (((UDFToDouble(key) > 80.0) and (UDFToDouble(key) < 100.0)) and value is not null) (type: boolean)
+                  filterExpr: ((value is not null and (UDFToDouble(key) > 80.0)) and (UDFToDouble(key) < 100.0)) (type: boolean)
                   Statistics: Num rows: 500 Data size: 5312 Basic stats: COMPLETE Column stats: NONE
                   Filter Operator
-                    predicate: (((UDFToDouble(key) > 80.0) and (UDFToDouble(key) < 100.0)) and value is not null) (type: boolean)
+                    predicate: ((value is not null and (UDFToDouble(key) > 80.0)) and (UDFToDouble(key) < 100.0)) (type: boolean)
                     Statistics: Num rows: 55 Data size: 584 Basic stats: COMPLETE Column stats: NONE
                     Select Operator
                       expressions: key (type: string), value (type: string)
@@ -160,10 +160,10 @@ STAGE PLANS:
             Map Operator Tree:
                 TableScan
                   alias: a
-                  filterExpr: (((UDFToDouble(key) < 90.0) and (UDFToDouble(key) > 70.0)) and value is not null) (type: boolean)
+                  filterExpr: ((value is not null and (UDFToDouble(key) > 70.0)) and (UDFToDouble(key) < 90.0)) (type: boolean)
                   Statistics: Num rows: 500 Data size: 5312 Basic stats: COMPLETE Column stats: NONE
                   Filter Operator
-                    predicate: (((UDFToDouble(key) < 90.0) and (UDFToDouble(key) > 70.0)) and value is not null) (type: boolean)
+                    predicate: ((value is not null and (UDFToDouble(key) > 70.0)) and (UDFToDouble(key) < 90.0)) (type: boolean)
                     Statistics: Num rows: 55 Data size: 584 Basic stats: COMPLETE Column stats: NONE
                     Select Operator
                       expressions: key (type: string), value (type: string)
diff --git a/ql/src/test/results/clientpositive/spark/index_bitmap3.q.out b/ql/src/test/results/clientpositive/spark/index_bitmap3.q.out
index b03ea990c0..2c4aeb5746 100644
--- a/ql/src/test/results/clientpositive/spark/index_bitmap3.q.out
+++ b/ql/src/test/results/clientpositive/spark/index_bitmap3.q.out
@@ -120,7 +120,7 @@ STAGE PLANS:
                   alias: default__src_src1_index__
                   Statistics: Num rows: 500 Data size: 46311 Basic stats: COMPLETE Column stats: NONE
                   Filter Operator
-                    predicate: (((UDFToDouble(key) = 0.0) and _offset is not null) and _bucketname is not null) (type: boolean)
+                    predicate: (((UDFToDouble(key) = 0.0) and _bucketname is not null) and _offset is not null) (type: boolean)
                     Statistics: Num rows: 250 Data size: 23155 Basic stats: COMPLETE Column stats: NONE
                     Select Operator
                       expressions: _bucketname (type: string), _offset (type: bigint), _bitmaps (type: array<bigint>)
@@ -138,7 +138,7 @@ STAGE PLANS:
                   alias: default__src_src2_index__
                   Statistics: Num rows: 500 Data size: 48311 Basic stats: COMPLETE Column stats: NONE
                   Filter Operator
-                    predicate: (((value = 'val_0') and _offset is not null) and _bucketname is not null) (type: boolean)
+                    predicate: (((value = 'val_0') and _bucketname is not null) and _offset is not null) (type: boolean)
                     Statistics: Num rows: 250 Data size: 24155 Basic stats: COMPLETE Column stats: NONE
                     Select Operator
                       expressions: _bucketname (type: string), _offset (type: bigint), _bitmaps (type: array<bigint>)
diff --git a/ql/src/test/results/clientpositive/spark/index_bitmap_auto.q.out b/ql/src/test/results/clientpositive/spark/index_bitmap_auto.q.out
index c912379afc..c499c43478 100644
--- a/ql/src/test/results/clientpositive/spark/index_bitmap_auto.q.out
+++ b/ql/src/test/results/clientpositive/spark/index_bitmap_auto.q.out
@@ -139,7 +139,7 @@ STAGE PLANS:
                   alias: default__src_src1_index__
                   Statistics: Num rows: 500 Data size: 46311 Basic stats: COMPLETE Column stats: NONE
                   Filter Operator
-                    predicate: (((UDFToDouble(key) = 0.0) and _offset is not null) and _bucketname is not null) (type: boolean)
+                    predicate: (((UDFToDouble(key) = 0.0) and _bucketname is not null) and _offset is not null) (type: boolean)
                     Statistics: Num rows: 250 Data size: 23155 Basic stats: COMPLETE Column stats: NONE
                     Select Operator
                       expressions: _bucketname (type: string), _offset (type: bigint), _bitmaps (type: array<bigint>)
@@ -157,7 +157,7 @@ STAGE PLANS:
                   alias: default__src_src2_index__
                   Statistics: Num rows: 500 Data size: 48311 Basic stats: COMPLETE Column stats: NONE
                   Filter Operator
-                    predicate: (((value = 'val_0') and _offset is not null) and _bucketname is not null) (type: boolean)
+                    predicate: (((value = 'val_0') and _bucketname is not null) and _offset is not null) (type: boolean)
                     Statistics: Num rows: 250 Data size: 24155 Basic stats: COMPLETE Column stats: NONE
                     Select Operator
                       expressions: _bucketname (type: string), _offset (type: bigint), _bitmaps (type: array<bigint>)
diff --git a/ql/src/test/results/clientpositive/spark/join12.q.out b/ql/src/test/results/clientpositive/spark/join12.q.out
index 2ad0a43853..8914d4e3a1 100644
--- a/ql/src/test/results/clientpositive/spark/join12.q.out
+++ b/ql/src/test/results/clientpositive/spark/join12.q.out
@@ -75,17 +75,17 @@ STAGE PLANS:
                   alias: src
                   Statistics: Num rows: 500 Data size: 5312 Basic stats: COMPLETE Column stats: NONE
                   Filter Operator
-                    predicate: (UDFToDouble(key) < 100.0) (type: boolean)
-                    Statistics: Num rows: 166 Data size: 1763 Basic stats: COMPLETE Column stats: NONE
+                    predicate: ((UDFToDouble(key) < 100.0) and (UDFToDouble(key) < 80.0)) (type: boolean)
+                    Statistics: Num rows: 55 Data size: 584 Basic stats: COMPLETE Column stats: NONE
                     Select Operator
                       expressions: key (type: string), value (type: string)
                       outputColumnNames: _col0, _col1
-                      Statistics: Num rows: 166 Data size: 1763 Basic stats: COMPLETE Column stats: NONE
+                      Statistics: Num rows: 55 Data size: 584 Basic stats: COMPLETE Column stats: NONE
                       Reduce Output Operator
                         key expressions: _col0 (type: string)
                         sort order: +
                         Map-reduce partition columns: _col0 (type: string)
-                        Statistics: Num rows: 166 Data size: 1763 Basic stats: COMPLETE Column stats: NONE
+                        Statistics: Num rows: 55 Data size: 584 Basic stats: COMPLETE Column stats: NONE
                         value expressions: _col1 (type: string)
         Reducer 2 
             Reduce Operator Tree:
@@ -98,14 +98,14 @@ STAGE PLANS:
                   1 _col0 (type: string)
                   2 _col0 (type: string)
                 outputColumnNames: _col0, _col3
-                Statistics: Num rows: 365 Data size: 3878 Basic stats: COMPLETE Column stats: NONE
+                Statistics: Num rows: 121 Data size: 1284 Basic stats: COMPLETE Column stats: NONE
                 Select Operator
                   expressions: _col0 (type: string), _col3 (type: string)
                   outputColumnNames: _col0, _col1
-                  Statistics: Num rows: 365 Data size: 3878 Basic stats: COMPLETE Column stats: NONE
+                  Statistics: Num rows: 121 Data size: 1284 Basic stats: COMPLETE Column stats: NONE
                   File Output Operator
                     compressed: false
-                    Statistics: Num rows: 365 Data size: 3878 Basic stats: COMPLETE Column stats: NONE
+                    Statistics: Num rows: 121 Data size: 1284 Basic stats: COMPLETE Column stats: NONE
                     table:
                         input format: org.apache.hadoop.mapred.TextInputFormat
                         output format: org.apache.hadoop.hive.ql.io.HiveIgnoreKeyTextOutputFormat
diff --git a/ql/src/test/results/clientpositive/spark/join16.q.out b/ql/src/test/results/clientpositive/spark/join16.q.out
index 2496ec2904..8bb80fd6bf 100644
--- a/ql/src/test/results/clientpositive/spark/join16.q.out
+++ b/ql/src/test/results/clientpositive/spark/join16.q.out
@@ -36,7 +36,7 @@ STAGE PLANS:
                   alias: a
                   Statistics: Num rows: 500 Data size: 5312 Basic stats: COMPLETE Column stats: NONE
                   Filter Operator
-                    predicate: (((UDFToDouble(value) < 200.0) and (UDFToDouble(key) > 20.0)) and (UDFToDouble(key) > 10.0)) (type: boolean)
+                    predicate: (((UDFToDouble(key) > 10.0) and (UDFToDouble(key) > 20.0)) and (UDFToDouble(value) < 200.0)) (type: boolean)
                     Statistics: Num rows: 18 Data size: 191 Basic stats: COMPLETE Column stats: NONE
                     Select Operator
                       expressions: key (type: string), value (type: string)
diff --git a/ql/src/test/results/clientpositive/spark/join34.q.out b/ql/src/test/results/clientpositive/spark/join34.q.out
index a4cbc79b47..e99fd5b1e8 100644
--- a/ql/src/test/results/clientpositive/spark/join34.q.out
+++ b/ql/src/test/results/clientpositive/spark/join34.q.out
@@ -300,7 +300,7 @@ STAGE PLANS:
                   GatherStats: false
                   Filter Operator
                     isSamplingPred: false
-                    predicate: (((UDFToDouble(key) < 20.0) or (UDFToDouble(key) > 100.0)) and key is not null) (type: boolean)
+                    predicate: (key is not null and ((UDFToDouble(key) < 20.0) or (UDFToDouble(key) > 100.0))) (type: boolean)
                     Statistics: Num rows: 16 Data size: 122 Basic stats: COMPLETE Column stats: NONE
                     Select Operator
                       expressions: key (type: string), value (type: string)
diff --git a/ql/src/test/results/clientpositive/spark/join35.q.out b/ql/src/test/results/clientpositive/spark/join35.q.out
index 598143f021..817ae5da62 100644
--- a/ql/src/test/results/clientpositive/spark/join35.q.out
+++ b/ql/src/test/results/clientpositive/spark/join35.q.out
@@ -322,7 +322,7 @@ STAGE PLANS:
                   GatherStats: false
                   Filter Operator
                     isSamplingPred: false
-                    predicate: (((UDFToDouble(key) < 20.0) or (UDFToDouble(key) > 100.0)) and key is not null) (type: boolean)
+                    predicate: (key is not null and ((UDFToDouble(key) < 20.0) or (UDFToDouble(key) > 100.0))) (type: boolean)
                     Statistics: Num rows: 16 Data size: 122 Basic stats: COMPLETE Column stats: NONE
                     Select Operator
                       expressions: key (type: string), value (type: string)
diff --git a/ql/src/test/results/clientpositive/spark/join_alt_syntax.q.out b/ql/src/test/results/clientpositive/spark/join_alt_syntax.q.out
index fb50955e80..7efe453c26 100644
--- a/ql/src/test/results/clientpositive/spark/join_alt_syntax.q.out
+++ b/ql/src/test/results/clientpositive/spark/join_alt_syntax.q.out
@@ -412,9 +412,9 @@ STAGE PLANS:
                       outputColumnNames: _col0, _col1
                       Statistics: Num rows: 26 Data size: 3147 Basic stats: COMPLETE Column stats: NONE
                       Reduce Output Operator
-                        key expressions: _col0 (type: int), _col1 (type: string)
+                        key expressions: _col1 (type: string), _col0 (type: int)
                         sort order: ++
-                        Map-reduce partition columns: _col0 (type: int), _col1 (type: string)
+                        Map-reduce partition columns: _col1 (type: string), _col0 (type: int)
                         Statistics: Num rows: 26 Data size: 3147 Basic stats: COMPLETE Column stats: NONE
         Map 5 
             Map Operator Tree:
@@ -429,9 +429,9 @@ STAGE PLANS:
                       outputColumnNames: _col0, _col1
                       Statistics: Num rows: 26 Data size: 3147 Basic stats: COMPLETE Column stats: NONE
                       Reduce Output Operator
-                        key expressions: _col0 (type: int), _col1 (type: string)
+                        key expressions: _col1 (type: string), _col0 (type: int)
                         sort order: ++
-                        Map-reduce partition columns: _col0 (type: int), _col1 (type: string)
+                        Map-reduce partition columns: _col1 (type: string), _col0 (type: int)
                         Statistics: Num rows: 26 Data size: 3147 Basic stats: COMPLETE Column stats: NONE
         Map 6 
             Map Operator Tree:
@@ -474,8 +474,8 @@ STAGE PLANS:
                 condition map:
                      Inner Join 0 to 1
                 keys:
-                  0 _col0 (type: int), _col1 (type: string)
-                  1 _col0 (type: int), _col1 (type: string)
+                  0 _col1 (type: string), _col0 (type: int)
+                  1 _col1 (type: string), _col0 (type: int)
                 outputColumnNames: _col0, _col1, _col3
                 Statistics: Num rows: 28 Data size: 3461 Basic stats: COMPLETE Column stats: NONE
                 Reduce Output Operator
diff --git a/ql/src/test/results/clientpositive/spark/join_cond_pushdown_2.q.out b/ql/src/test/results/clientpositive/spark/join_cond_pushdown_2.q.out
index 1a1c154286..ef43c41d5e 100644
--- a/ql/src/test/results/clientpositive/spark/join_cond_pushdown_2.q.out
+++ b/ql/src/test/results/clientpositive/spark/join_cond_pushdown_2.q.out
@@ -168,9 +168,9 @@ STAGE PLANS:
                       outputColumnNames: _col0, _col1, _col2, _col3, _col4, _col5, _col6, _col7, _col8
                       Statistics: Num rows: 26 Data size: 3147 Basic stats: COMPLETE Column stats: NONE
                       Reduce Output Operator
-                        key expressions: _col0 (type: int), _col1 (type: string)
+                        key expressions: _col1 (type: string), _col0 (type: int)
                         sort order: ++
-                        Map-reduce partition columns: _col0 (type: int), _col1 (type: string)
+                        Map-reduce partition columns: _col1 (type: string), _col0 (type: int)
                         Statistics: Num rows: 26 Data size: 3147 Basic stats: COMPLETE Column stats: NONE
                         value expressions: _col2 (type: string), _col3 (type: string), _col4 (type: string), _col5 (type: int), _col6 (type: string), _col7 (type: double), _col8 (type: string)
         Map 5 
@@ -186,9 +186,9 @@ STAGE PLANS:
                       outputColumnNames: _col0, _col1, _col2, _col3, _col4, _col5, _col6, _col7, _col8
                       Statistics: Num rows: 26 Data size: 3147 Basic stats: COMPLETE Column stats: NONE
                       Reduce Output Operator
-                        key expressions: _col0 (type: int), _col1 (type: string)
+                        key expressions: _col1 (type: string), _col0 (type: int)
                         sort order: ++
-                        Map-reduce partition columns: _col0 (type: int), _col1 (type: string)
+                        Map-reduce partition columns: _col1 (type: string), _col0 (type: int)
                         Statistics: Num rows: 26 Data size: 3147 Basic stats: COMPLETE Column stats: NONE
                         value expressions: _col2 (type: string), _col3 (type: string), _col4 (type: string), _col5 (type: int), _col6 (type: string), _col7 (type: double), _col8 (type: string)
         Map 6 
@@ -233,8 +233,8 @@ STAGE PLANS:
                 condition map:
                      Inner Join 0 to 1
                 keys:
-                  0 _col0 (type: int), _col1 (type: string)
-                  1 _col0 (type: int), _col1 (type: string)
+                  0 _col1 (type: string), _col0 (type: int)
+                  1 _col1 (type: string), _col0 (type: int)
                 outputColumnNames: _col0, _col1, _col2, _col3, _col4, _col5, _col6, _col7, _col8, _col9, _col10, _col11, _col12, _col13, _col14, _col15, _col16, _col17
                 Statistics: Num rows: 28 Data size: 3461 Basic stats: COMPLETE Column stats: NONE
                 Reduce Output Operator
diff --git a/ql/src/test/results/clientpositive/spark/join_cond_pushdown_4.q.out b/ql/src/test/results/clientpositive/spark/join_cond_pushdown_4.q.out
index 4fa5f5a930..dd2e2f7d6a 100644
--- a/ql/src/test/results/clientpositive/spark/join_cond_pushdown_4.q.out
+++ b/ql/src/test/results/clientpositive/spark/join_cond_pushdown_4.q.out
@@ -172,9 +172,9 @@ STAGE PLANS:
                       outputColumnNames: _col0, _col1, _col2, _col3, _col4, _col5, _col6, _col7, _col8
                       Statistics: Num rows: 26 Data size: 3147 Basic stats: COMPLETE Column stats: NONE
                       Reduce Output Operator
-                        key expressions: _col0 (type: int), _col1 (type: string)
+                        key expressions: _col1 (type: string), _col0 (type: int)
                         sort order: ++
-                        Map-reduce partition columns: _col0 (type: int), _col1 (type: string)
+                        Map-reduce partition columns: _col1 (type: string), _col0 (type: int)
                         Statistics: Num rows: 26 Data size: 3147 Basic stats: COMPLETE Column stats: NONE
                         value expressions: _col2 (type: string), _col3 (type: string), _col4 (type: string), _col5 (type: int), _col6 (type: string), _col7 (type: double), _col8 (type: string)
         Map 5 
@@ -190,9 +190,9 @@ STAGE PLANS:
                       outputColumnNames: _col0, _col1, _col2, _col3, _col4, _col5, _col6, _col7, _col8
                       Statistics: Num rows: 26 Data size: 3147 Basic stats: COMPLETE Column stats: NONE
                       Reduce Output Operator
-                        key expressions: _col0 (type: int), _col1 (type: string)
+                        key expressions: _col1 (type: string), _col0 (type: int)
                         sort order: ++
-                        Map-reduce partition columns: _col0 (type: int), _col1 (type: string)
+                        Map-reduce partition columns: _col1 (type: string), _col0 (type: int)
                         Statistics: Num rows: 26 Data size: 3147 Basic stats: COMPLETE Column stats: NONE
                         value expressions: _col2 (type: string), _col3 (type: string), _col4 (type: string), _col5 (type: int), _col6 (type: string), _col7 (type: double), _col8 (type: string)
         Map 6 
@@ -237,8 +237,8 @@ STAGE PLANS:
                 condition map:
                      Inner Join 0 to 1
                 keys:
-                  0 _col0 (type: int), _col1 (type: string)
-                  1 _col0 (type: int), _col1 (type: string)
+                  0 _col1 (type: string), _col0 (type: int)
+                  1 _col1 (type: string), _col0 (type: int)
                 outputColumnNames: _col0, _col1, _col2, _col3, _col4, _col5, _col6, _col7, _col8, _col9, _col10, _col11, _col12, _col13, _col14, _col15, _col16, _col17
                 Statistics: Num rows: 28 Data size: 3461 Basic stats: COMPLETE Column stats: NONE
                 Reduce Output Operator
diff --git a/ql/src/test/results/clientpositive/spark/join_cond_pushdown_unqual2.q.out b/ql/src/test/results/clientpositive/spark/join_cond_pushdown_unqual2.q.out
index 8b318d827d..ddba848b68 100644
--- a/ql/src/test/results/clientpositive/spark/join_cond_pushdown_unqual2.q.out
+++ b/ql/src/test/results/clientpositive/spark/join_cond_pushdown_unqual2.q.out
@@ -205,9 +205,9 @@ STAGE PLANS:
                       outputColumnNames: _col0, _col1, _col2, _col3, _col4, _col5, _col6, _col7, _col8
                       Statistics: Num rows: 26 Data size: 3147 Basic stats: COMPLETE Column stats: NONE
                       Reduce Output Operator
-                        key expressions: _col0 (type: int), _col1 (type: string)
+                        key expressions: _col1 (type: string), _col0 (type: int)
                         sort order: ++
-                        Map-reduce partition columns: _col0 (type: int), _col1 (type: string)
+                        Map-reduce partition columns: _col1 (type: string), _col0 (type: int)
                         Statistics: Num rows: 26 Data size: 3147 Basic stats: COMPLETE Column stats: NONE
                         value expressions: _col2 (type: string), _col3 (type: string), _col4 (type: string), _col5 (type: int), _col6 (type: string), _col7 (type: double), _col8 (type: string)
         Map 5 
@@ -223,9 +223,9 @@ STAGE PLANS:
                       outputColumnNames: _col0, _col1, _col2, _col3, _col4, _col5, _col6, _col7, _col8
                       Statistics: Num rows: 1 Data size: 0 Basic stats: PARTIAL Column stats: NONE
                       Reduce Output Operator
-                        key expressions: _col0 (type: int), _col1 (type: string)
+                        key expressions: _col1 (type: string), _col0 (type: int)
                         sort order: ++
-                        Map-reduce partition columns: _col0 (type: int), _col1 (type: string)
+                        Map-reduce partition columns: _col1 (type: string), _col0 (type: int)
                         Statistics: Num rows: 1 Data size: 0 Basic stats: PARTIAL Column stats: NONE
                         value expressions: _col2 (type: string), _col3 (type: string), _col4 (type: string), _col5 (type: int), _col6 (type: string), _col7 (type: double), _col8 (type: string)
         Map 6 
@@ -270,8 +270,8 @@ STAGE PLANS:
                 condition map:
                      Inner Join 0 to 1
                 keys:
-                  0 _col0 (type: int), _col1 (type: string)
-                  1 _col0 (type: int), _col1 (type: string)
+                  0 _col1 (type: string), _col0 (type: int)
+                  1 _col1 (type: string), _col0 (type: int)
                 outputColumnNames: _col0, _col1, _col2, _col3, _col4, _col5, _col6, _col7, _col8, _col9, _col10, _col11, _col12, _col13, _col14, _col15, _col16, _col17
                 Statistics: Num rows: 28 Data size: 3461 Basic stats: COMPLETE Column stats: NONE
                 Reduce Output Operator
diff --git a/ql/src/test/results/clientpositive/spark/join_cond_pushdown_unqual4.q.out b/ql/src/test/results/clientpositive/spark/join_cond_pushdown_unqual4.q.out
index 15c45e6724..18c4c852e0 100644
--- a/ql/src/test/results/clientpositive/spark/join_cond_pushdown_unqual4.q.out
+++ b/ql/src/test/results/clientpositive/spark/join_cond_pushdown_unqual4.q.out
@@ -209,9 +209,9 @@ STAGE PLANS:
                       outputColumnNames: _col0, _col1, _col2, _col3, _col4, _col5, _col6, _col7, _col8
                       Statistics: Num rows: 26 Data size: 3147 Basic stats: COMPLETE Column stats: NONE
                       Reduce Output Operator
-                        key expressions: _col0 (type: int), _col1 (type: string)
+                        key expressions: _col1 (type: string), _col0 (type: int)
                         sort order: ++
-                        Map-reduce partition columns: _col0 (type: int), _col1 (type: string)
+                        Map-reduce partition columns: _col1 (type: string), _col0 (type: int)
                         Statistics: Num rows: 26 Data size: 3147 Basic stats: COMPLETE Column stats: NONE
                         value expressions: _col2 (type: string), _col3 (type: string), _col4 (type: string), _col5 (type: int), _col6 (type: string), _col7 (type: double), _col8 (type: string)
         Map 5 
@@ -227,9 +227,9 @@ STAGE PLANS:
                       outputColumnNames: _col0, _col1, _col2, _col3, _col4, _col5, _col6, _col7, _col8
                       Statistics: Num rows: 1 Data size: 0 Basic stats: PARTIAL Column stats: NONE
                       Reduce Output Operator
-                        key expressions: _col0 (type: int), _col1 (type: string)
+                        key expressions: _col1 (type: string), _col0 (type: int)
                         sort order: ++
-                        Map-reduce partition columns: _col0 (type: int), _col1 (type: string)
+                        Map-reduce partition columns: _col1 (type: string), _col0 (type: int)
                         Statistics: Num rows: 1 Data size: 0 Basic stats: PARTIAL Column stats: NONE
                         value expressions: _col2 (type: string), _col3 (type: string), _col4 (type: string), _col5 (type: int), _col6 (type: string), _col7 (type: double), _col8 (type: string)
         Map 6 
@@ -274,8 +274,8 @@ STAGE PLANS:
                 condition map:
                      Inner Join 0 to 1
                 keys:
-                  0 _col0 (type: int), _col1 (type: string)
-                  1 _col0 (type: int), _col1 (type: string)
+                  0 _col1 (type: string), _col0 (type: int)
+                  1 _col1 (type: string), _col0 (type: int)
                 outputColumnNames: _col0, _col1, _col2, _col3, _col4, _col5, _col6, _col7, _col8, _col9, _col10, _col11, _col12, _col13, _col14, _col15, _col16, _col17
                 Statistics: Num rows: 28 Data size: 3461 Basic stats: COMPLETE Column stats: NONE
                 Reduce Output Operator
diff --git a/ql/src/test/results/clientpositive/spark/louter_join_ppr.q.out b/ql/src/test/results/clientpositive/spark/louter_join_ppr.q.out
index 7f72b76092..78a48e19ce 100644
--- a/ql/src/test/results/clientpositive/spark/louter_join_ppr.q.out
+++ b/ql/src/test/results/clientpositive/spark/louter_join_ppr.q.out
@@ -1073,7 +1073,7 @@ STAGE PLANS:
                   GatherStats: false
                   Filter Operator
                     isSamplingPred: false
-                    predicate: ((((UDFToDouble(key) > 15.0) and (UDFToDouble(key) < 25.0)) and (UDFToDouble(key) < 20.0)) and (UDFToDouble(key) > 10.0)) (type: boolean)
+                    predicate: ((((UDFToDouble(key) > 15.0) and (UDFToDouble(key) < 25.0)) and (UDFToDouble(key) > 10.0)) and (UDFToDouble(key) < 20.0)) (type: boolean)
                     Statistics: Num rows: 12 Data size: 127 Basic stats: COMPLETE Column stats: NONE
                     Select Operator
                       expressions: key (type: string), value (type: string)
diff --git a/ql/src/test/results/clientpositive/spark/mapjoin_mapjoin.q.out b/ql/src/test/results/clientpositive/spark/mapjoin_mapjoin.q.out
index b7ac43de22..e77fbef03e 100644
--- a/ql/src/test/results/clientpositive/spark/mapjoin_mapjoin.q.out
+++ b/ql/src/test/results/clientpositive/spark/mapjoin_mapjoin.q.out
@@ -532,7 +532,7 @@ STAGE PLANS:
                   alias: srcpart
                   Statistics: Num rows: 2000 Data size: 21248 Basic stats: COMPLETE Column stats: NONE
                   Filter Operator
-                    predicate: ((value > 'val_450') and key is not null) (type: boolean)
+                    predicate: (key is not null and (value > 'val_450')) (type: boolean)
                     Statistics: Num rows: 666 Data size: 7075 Basic stats: COMPLETE Column stats: NONE
                     Select Operator
                       expressions: key (type: string), value (type: string)
diff --git a/ql/src/test/results/clientpositive/spark/mergejoins.q.out b/ql/src/test/results/clientpositive/spark/mergejoins.q.out
index e6872400b4..3f7ec0e725 100644
--- a/ql/src/test/results/clientpositive/spark/mergejoins.q.out
+++ b/ql/src/test/results/clientpositive/spark/mergejoins.q.out
@@ -246,16 +246,19 @@ STAGE PLANS:
                 TableScan
                   alias: a
                   Statistics: Num rows: 500 Data size: 5312 Basic stats: COMPLETE Column stats: NONE
-                  Select Operator
-                    expressions: key (type: string), value (type: string)
-                    outputColumnNames: _col0, _col1
+                  Filter Operator
+                    predicate: key is not null (type: boolean)
                     Statistics: Num rows: 500 Data size: 5312 Basic stats: COMPLETE Column stats: NONE
-                    Reduce Output Operator
-                      key expressions: _col0 (type: string)
-                      sort order: +
-                      Map-reduce partition columns: _col0 (type: string)
+                    Select Operator
+                      expressions: key (type: string), value (type: string)
+                      outputColumnNames: _col0, _col1
                       Statistics: Num rows: 500 Data size: 5312 Basic stats: COMPLETE Column stats: NONE
-                      value expressions: _col1 (type: string)
+                      Reduce Output Operator
+                        key expressions: _col0 (type: string)
+                        sort order: +
+                        Map-reduce partition columns: _col0 (type: string)
+                        Statistics: Num rows: 500 Data size: 5312 Basic stats: COMPLETE Column stats: NONE
+                        value expressions: _col1 (type: string)
         Reducer 2 
             Reduce Operator Tree:
               Join Operator
diff --git a/ql/src/test/results/clientpositive/spark/mergejoins_mixed.q.out b/ql/src/test/results/clientpositive/spark/mergejoins_mixed.q.out
index 42ffebfde5..dec5066af8 100644
--- a/ql/src/test/results/clientpositive/spark/mergejoins_mixed.q.out
+++ b/ql/src/test/results/clientpositive/spark/mergejoins_mixed.q.out
@@ -70,31 +70,37 @@ STAGE PLANS:
                 TableScan
                   alias: a
                   Statistics: Num rows: 1 Data size: 0 Basic stats: PARTIAL Column stats: NONE
-                  Select Operator
-                    expressions: key (type: string), value (type: string)
-                    outputColumnNames: _col0, _col1
+                  Filter Operator
+                    predicate: key is not null (type: boolean)
                     Statistics: Num rows: 1 Data size: 0 Basic stats: PARTIAL Column stats: NONE
-                    Reduce Output Operator
-                      key expressions: _col0 (type: string)
-                      sort order: +
-                      Map-reduce partition columns: _col0 (type: string)
+                    Select Operator
+                      expressions: key (type: string), value (type: string)
+                      outputColumnNames: _col0, _col1
                       Statistics: Num rows: 1 Data size: 0 Basic stats: PARTIAL Column stats: NONE
-                      value expressions: _col1 (type: string)
+                      Reduce Output Operator
+                        key expressions: _col0 (type: string)
+                        sort order: +
+                        Map-reduce partition columns: _col0 (type: string)
+                        Statistics: Num rows: 1 Data size: 0 Basic stats: PARTIAL Column stats: NONE
+                        value expressions: _col1 (type: string)
         Map 5 
             Map Operator Tree:
                 TableScan
                   alias: a
                   Statistics: Num rows: 1 Data size: 0 Basic stats: PARTIAL Column stats: NONE
-                  Select Operator
-                    expressions: key (type: string), value (type: string)
-                    outputColumnNames: _col0, _col1
+                  Filter Operator
+                    predicate: key is not null (type: boolean)
                     Statistics: Num rows: 1 Data size: 0 Basic stats: PARTIAL Column stats: NONE
-                    Reduce Output Operator
-                      key expressions: _col0 (type: string)
-                      sort order: +
-                      Map-reduce partition columns: _col0 (type: string)
+                    Select Operator
+                      expressions: key (type: string), value (type: string)
+                      outputColumnNames: _col0, _col1
                       Statistics: Num rows: 1 Data size: 0 Basic stats: PARTIAL Column stats: NONE
-                      value expressions: _col1 (type: string)
+                      Reduce Output Operator
+                        key expressions: _col0 (type: string)
+                        sort order: +
+                        Map-reduce partition columns: _col0 (type: string)
+                        Statistics: Num rows: 1 Data size: 0 Basic stats: PARTIAL Column stats: NONE
+                        value expressions: _col1 (type: string)
         Reducer 2 
             Reduce Operator Tree:
               Join Operator
@@ -181,16 +187,19 @@ STAGE PLANS:
                 TableScan
                   alias: a
                   Statistics: Num rows: 1 Data size: 0 Basic stats: PARTIAL Column stats: NONE
-                  Select Operator
-                    expressions: key (type: string), value (type: string)
-                    outputColumnNames: _col0, _col1
+                  Filter Operator
+                    predicate: key is not null (type: boolean)
                     Statistics: Num rows: 1 Data size: 0 Basic stats: PARTIAL Column stats: NONE
-                    Reduce Output Operator
-                      key expressions: _col0 (type: string)
-                      sort order: +
-                      Map-reduce partition columns: _col0 (type: string)
+                    Select Operator
+                      expressions: key (type: string), value (type: string)
+                      outputColumnNames: _col0, _col1
                       Statistics: Num rows: 1 Data size: 0 Basic stats: PARTIAL Column stats: NONE
-                      value expressions: _col1 (type: string)
+                      Reduce Output Operator
+                        key expressions: _col0 (type: string)
+                        sort order: +
+                        Map-reduce partition columns: _col0 (type: string)
+                        Statistics: Num rows: 1 Data size: 0 Basic stats: PARTIAL Column stats: NONE
+                        value expressions: _col1 (type: string)
         Map 5 
             Map Operator Tree:
                 TableScan
@@ -532,16 +541,19 @@ STAGE PLANS:
                 TableScan
                   alias: a
                   Statistics: Num rows: 1 Data size: 0 Basic stats: PARTIAL Column stats: NONE
-                  Select Operator
-                    expressions: key (type: string), value (type: string)
-                    outputColumnNames: _col0, _col1
+                  Filter Operator
+                    predicate: key is not null (type: boolean)
                     Statistics: Num rows: 1 Data size: 0 Basic stats: PARTIAL Column stats: NONE
-                    Reduce Output Operator
-                      key expressions: _col0 (type: string)
-                      sort order: +
-                      Map-reduce partition columns: _col0 (type: string)
+                    Select Operator
+                      expressions: key (type: string), value (type: string)
+                      outputColumnNames: _col0, _col1
                       Statistics: Num rows: 1 Data size: 0 Basic stats: PARTIAL Column stats: NONE
-                      value expressions: _col1 (type: string)
+                      Reduce Output Operator
+                        key expressions: _col0 (type: string)
+                        sort order: +
+                        Map-reduce partition columns: _col0 (type: string)
+                        Statistics: Num rows: 1 Data size: 0 Basic stats: PARTIAL Column stats: NONE
+                        value expressions: _col1 (type: string)
         Reducer 2 
             Reduce Operator Tree:
               Join Operator
diff --git a/ql/src/test/results/clientpositive/spark/ppd_gby_join.q.out b/ql/src/test/results/clientpositive/spark/ppd_gby_join.q.out
index bd3dc4d12e..ad6380f226 100644
--- a/ql/src/test/results/clientpositive/spark/ppd_gby_join.q.out
+++ b/ql/src/test/results/clientpositive/spark/ppd_gby_join.q.out
@@ -40,7 +40,7 @@ STAGE PLANS:
                   alias: src
                   Statistics: Num rows: 500 Data size: 5312 Basic stats: COMPLETE Column stats: NONE
                   Filter Operator
-                    predicate: ((((((key > '1') and (key > '20')) and ((value < 'val_50') or (key > '2'))) and (key < '400')) and (key > '2')) and (key <> '4')) (type: boolean)
+                    predicate: ((((((key > '1') and (key < '400')) and (key > '2')) and (key > '20')) and ((value < 'val_50') or (key > '2'))) and (key <> '4')) (type: boolean)
                     Statistics: Num rows: 4 Data size: 42 Basic stats: COMPLETE Column stats: NONE
                     Select Operator
                       expressions: key (type: string)
@@ -57,7 +57,7 @@ STAGE PLANS:
                   alias: src
                   Statistics: Num rows: 500 Data size: 5312 Basic stats: COMPLETE Column stats: NONE
                   Filter Operator
-                    predicate: (((((key > '2') and (key <> '4')) and (key > '1')) and (key > '20')) and (key < '400')) (type: boolean)
+                    predicate: (((((key > '2') and (key > '1')) and (key < '400')) and (key <> '4')) and (key > '20')) (type: boolean)
                     Statistics: Num rows: 6 Data size: 63 Basic stats: COMPLETE Column stats: NONE
                     Select Operator
                       expressions: key (type: string)
@@ -308,7 +308,7 @@ STAGE PLANS:
                   alias: src
                   Statistics: Num rows: 500 Data size: 5312 Basic stats: COMPLETE Column stats: NONE
                   Filter Operator
-                    predicate: ((((((key > '1') and (key > '20')) and ((value < 'val_50') or (key > '2'))) and (key < '400')) and (key > '2')) and (key <> '4')) (type: boolean)
+                    predicate: ((((((key > '1') and (key < '400')) and (key > '2')) and (key > '20')) and ((value < 'val_50') or (key > '2'))) and (key <> '4')) (type: boolean)
                     Statistics: Num rows: 4 Data size: 42 Basic stats: COMPLETE Column stats: NONE
                     Select Operator
                       expressions: key (type: string)
@@ -325,7 +325,7 @@ STAGE PLANS:
                   alias: src
                   Statistics: Num rows: 500 Data size: 5312 Basic stats: COMPLETE Column stats: NONE
                   Filter Operator
-                    predicate: (((((key > '2') and (key <> '4')) and (key > '1')) and (key > '20')) and (key < '400')) (type: boolean)
+                    predicate: (((((key > '2') and (key > '1')) and (key < '400')) and (key <> '4')) and (key > '20')) (type: boolean)
                     Statistics: Num rows: 6 Data size: 63 Basic stats: COMPLETE Column stats: NONE
                     Select Operator
                       expressions: key (type: string)
diff --git a/ql/src/test/results/clientpositive/spark/ppd_join.q.out b/ql/src/test/results/clientpositive/spark/ppd_join.q.out
index fb1d563df7..ee4064a1a3 100644
--- a/ql/src/test/results/clientpositive/spark/ppd_join.q.out
+++ b/ql/src/test/results/clientpositive/spark/ppd_join.q.out
@@ -37,7 +37,7 @@ STAGE PLANS:
                   alias: src
                   Statistics: Num rows: 500 Data size: 5312 Basic stats: COMPLETE Column stats: NONE
                   Filter Operator
-                    predicate: ((((((key > '1') and (key > '20')) and ((value < 'val_50') or (key > '2'))) and (key < '400')) and (key > '2')) and (key <> '4')) (type: boolean)
+                    predicate: ((((((key > '1') and (key < '400')) and (key > '2')) and (key > '20')) and ((value < 'val_50') or (key > '2'))) and (key <> '4')) (type: boolean)
                     Statistics: Num rows: 4 Data size: 42 Basic stats: COMPLETE Column stats: NONE
                     Select Operator
                       expressions: key (type: string)
@@ -54,7 +54,7 @@ STAGE PLANS:
                   alias: src
                   Statistics: Num rows: 500 Data size: 5312 Basic stats: COMPLETE Column stats: NONE
                   Filter Operator
-                    predicate: (((((key > '2') and (key <> '4')) and (key > '1')) and (key > '20')) and (key < '400')) (type: boolean)
+                    predicate: (((((key > '2') and (key > '1')) and (key < '400')) and (key <> '4')) and (key > '20')) (type: boolean)
                     Statistics: Num rows: 6 Data size: 63 Basic stats: COMPLETE Column stats: NONE
                     Select Operator
                       expressions: key (type: string), value (type: string)
@@ -570,7 +570,7 @@ STAGE PLANS:
                   alias: src
                   Statistics: Num rows: 500 Data size: 5312 Basic stats: COMPLETE Column stats: NONE
                   Filter Operator
-                    predicate: ((((((key > '1') and (key > '20')) and ((value < 'val_50') or (key > '2'))) and (key < '400')) and (key > '2')) and (key <> '4')) (type: boolean)
+                    predicate: ((((((key > '1') and (key < '400')) and (key > '2')) and (key > '20')) and ((value < 'val_50') or (key > '2'))) and (key <> '4')) (type: boolean)
                     Statistics: Num rows: 4 Data size: 42 Basic stats: COMPLETE Column stats: NONE
                     Select Operator
                       expressions: key (type: string)
@@ -587,7 +587,7 @@ STAGE PLANS:
                   alias: src
                   Statistics: Num rows: 500 Data size: 5312 Basic stats: COMPLETE Column stats: NONE
                   Filter Operator
-                    predicate: (((((key > '2') and (key <> '4')) and (key > '1')) and (key > '20')) and (key < '400')) (type: boolean)
+                    predicate: (((((key > '2') and (key > '1')) and (key < '400')) and (key <> '4')) and (key > '20')) (type: boolean)
                     Statistics: Num rows: 6 Data size: 63 Basic stats: COMPLETE Column stats: NONE
                     Select Operator
                       expressions: key (type: string), value (type: string)
diff --git a/ql/src/test/results/clientpositive/spark/ppd_join2.q.out b/ql/src/test/results/clientpositive/spark/ppd_join2.q.out
index 5848609e67..f7721fb2d6 100644
--- a/ql/src/test/results/clientpositive/spark/ppd_join2.q.out
+++ b/ql/src/test/results/clientpositive/spark/ppd_join2.q.out
@@ -44,7 +44,7 @@ STAGE PLANS:
                   alias: src
                   Statistics: Num rows: 500 Data size: 5312 Basic stats: COMPLETE Column stats: NONE
                   Filter Operator
-                    predicate: (((key <> '306') and (sqrt(key) <> 13.0)) and value is not null) (type: boolean)
+                    predicate: (((key <> '306') and value is not null) and (sqrt(key) <> 13.0)) (type: boolean)
                     Statistics: Num rows: 500 Data size: 5312 Basic stats: COMPLETE Column stats: NONE
                     Select Operator
                       expressions: value (type: string)
@@ -61,7 +61,7 @@ STAGE PLANS:
                   alias: src
                   Statistics: Num rows: 500 Data size: 5312 Basic stats: COMPLETE Column stats: NONE
                   Filter Operator
-                    predicate: (((((((key <> '302') and (key <> '311')) and ((value <> 'val_50') or (key > '1'))) and (key < '400')) and (key <> '305')) and (key <> '14')) and value is not null) (type: boolean)
+                    predicate: (((((((key <> '302') and (key < '400')) and (key <> '305')) and value is not null) and (key <> '311')) and ((value <> 'val_50') or (key > '1'))) and (key <> '14')) (type: boolean)
                     Statistics: Num rows: 166 Data size: 1763 Basic stats: COMPLETE Column stats: NONE
                     Select Operator
                       expressions: key (type: string), value (type: string)
@@ -79,7 +79,7 @@ STAGE PLANS:
                   alias: src
                   Statistics: Num rows: 500 Data size: 5312 Basic stats: COMPLETE Column stats: NONE
                   Filter Operator
-                    predicate: (((((key <> '305') and (key <> '14')) and (key <> '302')) and (key <> '311')) and (key < '400')) (type: boolean)
+                    predicate: (((((key <> '305') and (key <> '302')) and (key < '400')) and (key <> '14')) and (key <> '311')) (type: boolean)
                     Statistics: Num rows: 166 Data size: 1763 Basic stats: COMPLETE Column stats: NONE
                     Select Operator
                       expressions: key (type: string), value (type: string)
@@ -1728,7 +1728,7 @@ STAGE PLANS:
                   alias: src
                   Statistics: Num rows: 500 Data size: 5312 Basic stats: COMPLETE Column stats: NONE
                   Filter Operator
-                    predicate: (((key <> '306') and (sqrt(key) <> 13.0)) and value is not null) (type: boolean)
+                    predicate: (((key <> '306') and value is not null) and (sqrt(key) <> 13.0)) (type: boolean)
                     Statistics: Num rows: 500 Data size: 5312 Basic stats: COMPLETE Column stats: NONE
                     Select Operator
                       expressions: value (type: string)
@@ -1745,7 +1745,7 @@ STAGE PLANS:
                   alias: src
                   Statistics: Num rows: 500 Data size: 5312 Basic stats: COMPLETE Column stats: NONE
                   Filter Operator
-                    predicate: (((((((key <> '302') and (key <> '311')) and ((value <> 'val_50') or (key > '1'))) and (key < '400')) and (key <> '305')) and (key <> '14')) and value is not null) (type: boolean)
+                    predicate: (((((((key <> '302') and (key < '400')) and (key <> '305')) and value is not null) and (key <> '311')) and ((value <> 'val_50') or (key > '1'))) and (key <> '14')) (type: boolean)
                     Statistics: Num rows: 166 Data size: 1763 Basic stats: COMPLETE Column stats: NONE
                     Select Operator
                       expressions: key (type: string), value (type: string)
@@ -1763,7 +1763,7 @@ STAGE PLANS:
                   alias: src
                   Statistics: Num rows: 500 Data size: 5312 Basic stats: COMPLETE Column stats: NONE
                   Filter Operator
-                    predicate: (((((key <> '305') and (key <> '14')) and (key <> '302')) and (key <> '311')) and (key < '400')) (type: boolean)
+                    predicate: (((((key <> '305') and (key <> '302')) and (key < '400')) and (key <> '14')) and (key <> '311')) (type: boolean)
                     Statistics: Num rows: 166 Data size: 1763 Basic stats: COMPLETE Column stats: NONE
                     Select Operator
                       expressions: key (type: string), value (type: string)
diff --git a/ql/src/test/results/clientpositive/spark/ppd_join3.q.out b/ql/src/test/results/clientpositive/spark/ppd_join3.q.out
index c78d4cb458..7ce8f9e535 100644
--- a/ql/src/test/results/clientpositive/spark/ppd_join3.q.out
+++ b/ql/src/test/results/clientpositive/spark/ppd_join3.q.out
@@ -44,7 +44,7 @@ STAGE PLANS:
                   alias: src
                   Statistics: Num rows: 500 Data size: 5312 Basic stats: COMPLETE Column stats: NONE
                   Filter Operator
-                    predicate: (((((((key <> '13') and (key <> '1')) and (key <> '11')) and (key > '0')) and (key < '400')) and (key <> '12')) and (key <> '4')) (type: boolean)
+                    predicate: (((((((key <> '13') and (key <> '11')) and (key < '400')) and (key <> '12')) and (key <> '1')) and (key > '0')) and (key <> '4')) (type: boolean)
                     Statistics: Num rows: 55 Data size: 584 Basic stats: COMPLETE Column stats: NONE
                     Select Operator
                       expressions: key (type: string)
@@ -61,7 +61,7 @@ STAGE PLANS:
                   alias: src
                   Statistics: Num rows: 500 Data size: 5312 Basic stats: COMPLETE Column stats: NONE
                   Filter Operator
-                    predicate: ((((((((key <> '11') and (key > '0')) and ((value <> 'val_500') or (key > '1'))) and (key < '400')) and (key <> '12')) and (key <> '4')) and (key <> '13')) and (key <> '1')) (type: boolean)
+                    predicate: ((((((((key <> '11') and (key < '400')) and (key <> '12')) and (key <> '13')) and (key > '0')) and ((value <> 'val_500') or (key > '1'))) and (key <> '4')) and (key <> '1')) (type: boolean)
                     Statistics: Num rows: 55 Data size: 584 Basic stats: COMPLETE Column stats: NONE
                     Select Operator
                       expressions: key (type: string)
@@ -78,7 +78,7 @@ STAGE PLANS:
                   alias: src
                   Statistics: Num rows: 500 Data size: 5312 Basic stats: COMPLETE Column stats: NONE
                   Filter Operator
-                    predicate: (((((key <> '12') and (key <> '4')) and (key <> '11')) and (key > '0')) and (key < '400')) (type: boolean)
+                    predicate: (((((((key <> '12') and (key <> '11')) and (key < '400')) and (key <> '13')) and (key <> '4')) and (key > '0')) and (key <> '1')) (type: boolean)
                     Statistics: Num rows: 55 Data size: 584 Basic stats: COMPLETE Column stats: NONE
                     Select Operator
                       expressions: key (type: string), value (type: string)
@@ -1784,7 +1784,7 @@ STAGE PLANS:
                   alias: src
                   Statistics: Num rows: 500 Data size: 5312 Basic stats: COMPLETE Column stats: NONE
                   Filter Operator
-                    predicate: (((((((key <> '13') and (key <> '1')) and (key <> '11')) and (key > '0')) and (key < '400')) and (key <> '12')) and (key <> '4')) (type: boolean)
+                    predicate: (((((((key <> '13') and (key <> '11')) and (key < '400')) and (key <> '12')) and (key <> '1')) and (key > '0')) and (key <> '4')) (type: boolean)
                     Statistics: Num rows: 55 Data size: 584 Basic stats: COMPLETE Column stats: NONE
                     Select Operator
                       expressions: key (type: string)
@@ -1801,7 +1801,7 @@ STAGE PLANS:
                   alias: src
                   Statistics: Num rows: 500 Data size: 5312 Basic stats: COMPLETE Column stats: NONE
                   Filter Operator
-                    predicate: ((((((((key <> '11') and (key > '0')) and ((value <> 'val_500') or (key > '1'))) and (key < '400')) and (key <> '12')) and (key <> '4')) and (key <> '13')) and (key <> '1')) (type: boolean)
+                    predicate: ((((((((key <> '11') and (key < '400')) and (key <> '12')) and (key <> '13')) and (key > '0')) and ((value <> 'val_500') or (key > '1'))) and (key <> '4')) and (key <> '1')) (type: boolean)
                     Statistics: Num rows: 55 Data size: 584 Basic stats: COMPLETE Column stats: NONE
                     Select Operator
                       expressions: key (type: string)
@@ -1818,7 +1818,7 @@ STAGE PLANS:
                   alias: src
                   Statistics: Num rows: 500 Data size: 5312 Basic stats: COMPLETE Column stats: NONE
                   Filter Operator
-                    predicate: (((((key <> '12') and (key <> '4')) and (key <> '11')) and (key > '0')) and (key < '400')) (type: boolean)
+                    predicate: (((((((key <> '12') and (key <> '11')) and (key < '400')) and (key <> '13')) and (key <> '4')) and (key > '0')) and (key <> '1')) (type: boolean)
                     Statistics: Num rows: 55 Data size: 584 Basic stats: COMPLETE Column stats: NONE
                     Select Operator
                       expressions: key (type: string), value (type: string)
diff --git a/ql/src/test/results/clientpositive/spark/ppd_join5.q.out b/ql/src/test/results/clientpositive/spark/ppd_join5.q.out
index 8b51969b4b..272912a60a 100644
--- a/ql/src/test/results/clientpositive/spark/ppd_join5.q.out
+++ b/ql/src/test/results/clientpositive/spark/ppd_join5.q.out
@@ -61,7 +61,7 @@ STAGE PLANS:
                   alias: a
                   Statistics: Num rows: 1 Data size: 3 Basic stats: COMPLETE Column stats: NONE
                   Filter Operator
-                    predicate: (id2 is not null and id1 is not null) (type: boolean)
+                    predicate: (id1 is not null and id2 is not null) (type: boolean)
                     Statistics: Num rows: 1 Data size: 3 Basic stats: COMPLETE Column stats: NONE
                     Select Operator
                       expressions: id1 (type: string), id2 (type: string)
@@ -78,7 +78,7 @@ STAGE PLANS:
                   alias: b
                   Statistics: Num rows: 1 Data size: 3 Basic stats: COMPLETE Column stats: NONE
                   Filter Operator
-                    predicate: ((d <= 1) and id is not null) (type: boolean)
+                    predicate: (id is not null and (d <= 1)) (type: boolean)
                     Statistics: Num rows: 1 Data size: 3 Basic stats: COMPLETE Column stats: NONE
                     Select Operator
                       expressions: id (type: string), d (type: int)
@@ -181,7 +181,7 @@ STAGE PLANS:
                   alias: a
                   Statistics: Num rows: 1 Data size: 3 Basic stats: COMPLETE Column stats: NONE
                   Filter Operator
-                    predicate: (id2 is not null and id1 is not null) (type: boolean)
+                    predicate: (id1 is not null and id2 is not null) (type: boolean)
                     Statistics: Num rows: 1 Data size: 3 Basic stats: COMPLETE Column stats: NONE
                     Select Operator
                       expressions: id1 (type: string), id2 (type: string)
@@ -198,7 +198,7 @@ STAGE PLANS:
                   alias: b
                   Statistics: Num rows: 1 Data size: 3 Basic stats: COMPLETE Column stats: NONE
                   Filter Operator
-                    predicate: ((d <= 1) and id is not null) (type: boolean)
+                    predicate: (id is not null and (d <= 1)) (type: boolean)
                     Statistics: Num rows: 1 Data size: 3 Basic stats: COMPLETE Column stats: NONE
                     Select Operator
                       expressions: id (type: string), d (type: int)
diff --git a/ql/src/test/results/clientpositive/spark/ppd_outer_join4.q.out b/ql/src/test/results/clientpositive/spark/ppd_outer_join4.q.out
index 8d0830892a..87580e972f 100644
--- a/ql/src/test/results/clientpositive/spark/ppd_outer_join4.q.out
+++ b/ql/src/test/results/clientpositive/spark/ppd_outer_join4.q.out
@@ -43,7 +43,7 @@ STAGE PLANS:
                   alias: a
                   Statistics: Num rows: 500 Data size: 5312 Basic stats: COMPLETE Column stats: NONE
                   Filter Operator
-                    predicate: (((((sqrt(key) <> 13.0) and (key < '25')) and (key > '15')) and (key < '20')) and (key > '10')) (type: boolean)
+                    predicate: (((((sqrt(key) <> 13.0) and (key > '10')) and (key < '20')) and (key > '15')) and (key < '25')) (type: boolean)
                     Statistics: Num rows: 6 Data size: 63 Basic stats: COMPLETE Column stats: NONE
                     Select Operator
                       expressions: key (type: string)
@@ -78,7 +78,7 @@ STAGE PLANS:
                   alias: a
                   Statistics: Num rows: 500 Data size: 5312 Basic stats: COMPLETE Column stats: NONE
                   Filter Operator
-                    predicate: ((((key > '15') and (key < '25')) and (key > '10')) and (key < '20')) (type: boolean)
+                    predicate: (((((key > '15') and (key < '25')) and (key > '10')) and (key < '20')) and (sqrt(key) <> 13.0)) (type: boolean)
                     Statistics: Num rows: 6 Data size: 63 Basic stats: COMPLETE Column stats: NONE
                     Select Operator
                       expressions: key (type: string), value (type: string)
@@ -417,7 +417,7 @@ STAGE PLANS:
                   alias: a
                   Statistics: Num rows: 500 Data size: 5312 Basic stats: COMPLETE Column stats: NONE
                   Filter Operator
-                    predicate: (((((sqrt(key) <> 13.0) and (key < '25')) and (key > '15')) and (key < '20')) and (key > '10')) (type: boolean)
+                    predicate: (((((sqrt(key) <> 13.0) and (key > '10')) and (key < '20')) and (key > '15')) and (key < '25')) (type: boolean)
                     Statistics: Num rows: 6 Data size: 63 Basic stats: COMPLETE Column stats: NONE
                     Select Operator
                       expressions: key (type: string)
@@ -452,7 +452,7 @@ STAGE PLANS:
                   alias: a
                   Statistics: Num rows: 500 Data size: 5312 Basic stats: COMPLETE Column stats: NONE
                   Filter Operator
-                    predicate: ((((key > '15') and (key < '25')) and (key > '10')) and (key < '20')) (type: boolean)
+                    predicate: (((((key > '15') and (key < '25')) and (key > '10')) and (key < '20')) and (sqrt(key) <> 13.0)) (type: boolean)
                     Statistics: Num rows: 6 Data size: 63 Basic stats: COMPLETE Column stats: NONE
                     Select Operator
                       expressions: key (type: string), value (type: string)
diff --git a/ql/src/test/results/clientpositive/spark/ppd_outer_join5.q.out b/ql/src/test/results/clientpositive/spark/ppd_outer_join5.q.out
index 8e398580ac..7f60d1d65a 100644
--- a/ql/src/test/results/clientpositive/spark/ppd_outer_join5.q.out
+++ b/ql/src/test/results/clientpositive/spark/ppd_outer_join5.q.out
@@ -50,16 +50,19 @@ STAGE PLANS:
                 TableScan
                   alias: t1
                   Statistics: Num rows: 1 Data size: 0 Basic stats: PARTIAL Column stats: NONE
-                  Select Operator
-                    expressions: id (type: int), key (type: string), value (type: string)
-                    outputColumnNames: _col0, _col1, _col2
+                  Filter Operator
+                    predicate: (id = 20) (type: boolean)
                     Statistics: Num rows: 1 Data size: 0 Basic stats: PARTIAL Column stats: NONE
-                    Reduce Output Operator
-                      key expressions: _col0 (type: int)
-                      sort order: +
-                      Map-reduce partition columns: _col0 (type: int)
+                    Select Operator
+                      expressions: 20 (type: int), key (type: string), value (type: string)
+                      outputColumnNames: _col0, _col1, _col2
                       Statistics: Num rows: 1 Data size: 0 Basic stats: PARTIAL Column stats: NONE
-                      value expressions: _col1 (type: string), _col2 (type: string)
+                      Reduce Output Operator
+                        key expressions: _col0 (type: int)
+                        sort order: +
+                        Map-reduce partition columns: _col0 (type: int)
+                        Statistics: Num rows: 1 Data size: 0 Basic stats: PARTIAL Column stats: NONE
+                        value expressions: _col1 (type: string), _col2 (type: string)
         Map 3 
             Map Operator Tree:
                 TableScan
diff --git a/ql/src/test/results/clientpositive/spark/router_join_ppr.q.out b/ql/src/test/results/clientpositive/spark/router_join_ppr.q.out
index 319dc0ad83..066c059543 100644
--- a/ql/src/test/results/clientpositive/spark/router_join_ppr.q.out
+++ b/ql/src/test/results/clientpositive/spark/router_join_ppr.q.out
@@ -1508,7 +1508,7 @@ STAGE PLANS:
                   GatherStats: false
                   Filter Operator
                     isSamplingPred: false
-                    predicate: ((((UDFToDouble(key) > 15.0) and (UDFToDouble(key) < 25.0)) and (UDFToDouble(key) < 20.0)) and (UDFToDouble(key) > 10.0)) (type: boolean)
+                    predicate: ((((UDFToDouble(key) > 15.0) and (UDFToDouble(key) < 25.0)) and (UDFToDouble(key) > 10.0)) and (UDFToDouble(key) < 20.0)) (type: boolean)
                     Statistics: Num rows: 6 Data size: 63 Basic stats: COMPLETE Column stats: NONE
                     Select Operator
                       expressions: key (type: string), value (type: string)
diff --git a/ql/src/test/results/clientpositive/spark/semijoin.q.out b/ql/src/test/results/clientpositive/spark/semijoin.q.out
index 8dd0cf3aa1..36153d6a09 100644
--- a/ql/src/test/results/clientpositive/spark/semijoin.q.out
+++ b/ql/src/test/results/clientpositive/spark/semijoin.q.out
@@ -2520,7 +2520,7 @@ STAGE PLANS:
                   alias: a
                   Statistics: Num rows: 22 Data size: 163 Basic stats: COMPLETE Column stats: NONE
                   Filter Operator
-                    predicate: ((key > 100) and value is not null) (type: boolean)
+                    predicate: (value is not null and (key > 100)) (type: boolean)
                     Statistics: Num rows: 7 Data size: 51 Basic stats: COMPLETE Column stats: NONE
                     Select Operator
                       expressions: key (type: int), value (type: string)
diff --git a/ql/src/test/results/clientpositive/spark/skewjoin.q.out b/ql/src/test/results/clientpositive/spark/skewjoin.q.out
index b2460460da..09fafb6b44 100644
--- a/ql/src/test/results/clientpositive/spark/skewjoin.q.out
+++ b/ql/src/test/results/clientpositive/spark/skewjoin.q.out
@@ -823,7 +823,7 @@ STAGE PLANS:
                   alias: src
                   Statistics: Num rows: 500 Data size: 5312 Basic stats: COMPLETE Column stats: NONE
                   Filter Operator
-                    predicate: (value is not null and key is not null) (type: boolean)
+                    predicate: (key is not null and value is not null) (type: boolean)
                     Statistics: Num rows: 500 Data size: 5312 Basic stats: COMPLETE Column stats: NONE
                     Select Operator
                       expressions: key (type: string), value (type: string)
@@ -840,7 +840,7 @@ STAGE PLANS:
                   alias: src
                   Statistics: Num rows: 500 Data size: 5312 Basic stats: COMPLETE Column stats: NONE
                   Filter Operator
-                    predicate: (value is not null and key is not null) (type: boolean)
+                    predicate: (key is not null and value is not null) (type: boolean)
                     Statistics: Num rows: 500 Data size: 5312 Basic stats: COMPLETE Column stats: NONE
                     Select Operator
                       expressions: key (type: string), value (type: string)
@@ -1060,17 +1060,17 @@ STAGE PLANS:
                   alias: src
                   Statistics: Num rows: 500 Data size: 5312 Basic stats: COMPLETE Column stats: NONE
                   Filter Operator
-                    predicate: (UDFToDouble(key) < 100.0) (type: boolean)
-                    Statistics: Num rows: 166 Data size: 1763 Basic stats: COMPLETE Column stats: NONE
+                    predicate: ((UDFToDouble(key) < 100.0) and (UDFToDouble(key) < 80.0)) (type: boolean)
+                    Statistics: Num rows: 55 Data size: 584 Basic stats: COMPLETE Column stats: NONE
                     Select Operator
                       expressions: key (type: string), value (type: string)
                       outputColumnNames: _col0, _col1
-                      Statistics: Num rows: 166 Data size: 1763 Basic stats: COMPLETE Column stats: NONE
+                      Statistics: Num rows: 55 Data size: 584 Basic stats: COMPLETE Column stats: NONE
                       Reduce Output Operator
                         key expressions: _col0 (type: string)
                         sort order: +
                         Map-reduce partition columns: _col0 (type: string)
-                        Statistics: Num rows: 166 Data size: 1763 Basic stats: COMPLETE Column stats: NONE
+                        Statistics: Num rows: 55 Data size: 584 Basic stats: COMPLETE Column stats: NONE
                         value expressions: _col1 (type: string)
         Reducer 2 
             Reduce Operator Tree:
@@ -1084,11 +1084,11 @@ STAGE PLANS:
                   1 _col0 (type: string)
                   2 _col0 (type: string)
                 outputColumnNames: _col0, _col3
-                Statistics: Num rows: 365 Data size: 3878 Basic stats: COMPLETE Column stats: NONE
+                Statistics: Num rows: 121 Data size: 1284 Basic stats: COMPLETE Column stats: NONE
                 Select Operator
                   expressions: hash(_col0) (type: int), hash(_col3) (type: int)
                   outputColumnNames: _col0, _col1
-                  Statistics: Num rows: 365 Data size: 3878 Basic stats: COMPLETE Column stats: NONE
+                  Statistics: Num rows: 121 Data size: 1284 Basic stats: COMPLETE Column stats: NONE
                   Group By Operator
                     aggregations: sum(_col0), sum(_col1)
                     mode: hash
@@ -1148,7 +1148,7 @@ STAGE PLANS:
                     Select Operator
                       expressions: hash(_col0) (type: int), hash(_col3) (type: int)
                       outputColumnNames: _col0, _col1
-                      Statistics: Num rows: 365 Data size: 3878 Basic stats: COMPLETE Column stats: NONE
+                      Statistics: Num rows: 121 Data size: 1284 Basic stats: COMPLETE Column stats: NONE
                       Group By Operator
                         aggregations: sum(_col0), sum(_col1)
                         mode: hash
@@ -1235,7 +1235,7 @@ STAGE PLANS:
                     Select Operator
                       expressions: hash(_col0) (type: int), hash(_col3) (type: int)
                       outputColumnNames: _col0, _col1
-                      Statistics: Num rows: 365 Data size: 3878 Basic stats: COMPLETE Column stats: NONE
+                      Statistics: Num rows: 121 Data size: 1284 Basic stats: COMPLETE Column stats: NONE
                       Group By Operator
                         aggregations: sum(_col0), sum(_col1)
                         mode: hash
diff --git a/ql/src/test/results/clientpositive/spark/skewjoinopt12.q.out b/ql/src/test/results/clientpositive/spark/skewjoinopt12.q.out
index 1e77aa746d..9a153851ad 100644
--- a/ql/src/test/results/clientpositive/spark/skewjoinopt12.q.out
+++ b/ql/src/test/results/clientpositive/spark/skewjoinopt12.q.out
@@ -66,7 +66,7 @@ STAGE PLANS:
                   alias: a
                   Statistics: Num rows: 1 Data size: 30 Basic stats: COMPLETE Column stats: NONE
                   Filter Operator
-                    predicate: ((val is not null and key is not null) and ((((key = '2') and (val = '12')) or ((key = '8') and (val = '18'))) or ((key = '3') and (val = '13')))) (type: boolean)
+                    predicate: ((key is not null and val is not null) and ((((key = '2') and (val = '12')) or ((key = '8') and (val = '18'))) or ((key = '3') and (val = '13')))) (type: boolean)
                     Statistics: Num rows: 1 Data size: 30 Basic stats: COMPLETE Column stats: NONE
                     Select Operator
                       expressions: key (type: string), val (type: string)
@@ -83,7 +83,7 @@ STAGE PLANS:
                   alias: b
                   Statistics: Num rows: 1 Data size: 30 Basic stats: COMPLETE Column stats: NONE
                   Filter Operator
-                    predicate: ((val is not null and key is not null) and ((((key = '2') and (val = '12')) or ((key = '8') and (val = '18'))) or ((key = '3') and (val = '13')))) (type: boolean)
+                    predicate: ((key is not null and val is not null) and ((((key = '2') and (val = '12')) or ((key = '8') and (val = '18'))) or ((key = '3') and (val = '13')))) (type: boolean)
                     Statistics: Num rows: 1 Data size: 30 Basic stats: COMPLETE Column stats: NONE
                     Select Operator
                       expressions: key (type: string), val (type: string)
@@ -100,7 +100,7 @@ STAGE PLANS:
                   alias: a
                   Statistics: Num rows: 1 Data size: 30 Basic stats: COMPLETE Column stats: NONE
                   Filter Operator
-                    predicate: ((val is not null and key is not null) and (not ((((key = '2') and (val = '12')) or ((key = '8') and (val = '18'))) or ((key = '3') and (val = '13'))))) (type: boolean)
+                    predicate: ((key is not null and val is not null) and (not ((((key = '2') and (val = '12')) or ((key = '8') and (val = '18'))) or ((key = '3') and (val = '13'))))) (type: boolean)
                     Statistics: Num rows: 1 Data size: 30 Basic stats: COMPLETE Column stats: NONE
                     Select Operator
                       expressions: key (type: string), val (type: string)
@@ -117,7 +117,7 @@ STAGE PLANS:
                   alias: b
                   Statistics: Num rows: 1 Data size: 30 Basic stats: COMPLETE Column stats: NONE
                   Filter Operator
-                    predicate: ((val is not null and key is not null) and (not ((((key = '2') and (val = '12')) or ((key = '8') and (val = '18'))) or ((key = '3') and (val = '13'))))) (type: boolean)
+                    predicate: ((key is not null and val is not null) and (not ((((key = '2') and (val = '12')) or ((key = '8') and (val = '18'))) or ((key = '3') and (val = '13'))))) (type: boolean)
                     Statistics: Num rows: 1 Data size: 30 Basic stats: COMPLETE Column stats: NONE
                     Select Operator
                       expressions: key (type: string), val (type: string)
diff --git a/ql/src/test/results/clientpositive/spark/skewjoinopt16.q.out b/ql/src/test/results/clientpositive/spark/skewjoinopt16.q.out
index 3be7ce08d9..f520b779ff 100644
--- a/ql/src/test/results/clientpositive/spark/skewjoinopt16.q.out
+++ b/ql/src/test/results/clientpositive/spark/skewjoinopt16.q.out
@@ -66,7 +66,7 @@ STAGE PLANS:
                   alias: a
                   Statistics: Num rows: 1 Data size: 30 Basic stats: COMPLETE Column stats: NONE
                   Filter Operator
-                    predicate: ((val is not null and key is not null) and (((key = '2') and (val = '12')) or (key = '3'))) (type: boolean)
+                    predicate: ((key is not null and val is not null) and (((key = '2') and (val = '12')) or (key = '3'))) (type: boolean)
                     Statistics: Num rows: 1 Data size: 30 Basic stats: COMPLETE Column stats: NONE
                     Select Operator
                       expressions: key (type: string), val (type: string)
@@ -83,7 +83,7 @@ STAGE PLANS:
                   alias: b
                   Statistics: Num rows: 1 Data size: 30 Basic stats: COMPLETE Column stats: NONE
                   Filter Operator
-                    predicate: ((val is not null and key is not null) and (((key = '2') and (val = '12')) or (key = '3'))) (type: boolean)
+                    predicate: ((key is not null and val is not null) and (((key = '2') and (val = '12')) or (key = '3'))) (type: boolean)
                     Statistics: Num rows: 1 Data size: 30 Basic stats: COMPLETE Column stats: NONE
                     Select Operator
                       expressions: key (type: string), val (type: string)
@@ -100,7 +100,7 @@ STAGE PLANS:
                   alias: a
                   Statistics: Num rows: 1 Data size: 30 Basic stats: COMPLETE Column stats: NONE
                   Filter Operator
-                    predicate: ((val is not null and key is not null) and (not (((key = '2') and (val = '12')) or (key = '3')))) (type: boolean)
+                    predicate: ((key is not null and val is not null) and (not (((key = '2') and (val = '12')) or (key = '3')))) (type: boolean)
                     Statistics: Num rows: 1 Data size: 30 Basic stats: COMPLETE Column stats: NONE
                     Select Operator
                       expressions: key (type: string), val (type: string)
@@ -117,7 +117,7 @@ STAGE PLANS:
                   alias: b
                   Statistics: Num rows: 1 Data size: 30 Basic stats: COMPLETE Column stats: NONE
                   Filter Operator
-                    predicate: ((val is not null and key is not null) and (not (((key = '2') and (val = '12')) or (key = '3')))) (type: boolean)
+                    predicate: ((key is not null and val is not null) and (not (((key = '2') and (val = '12')) or (key = '3')))) (type: boolean)
                     Statistics: Num rows: 1 Data size: 30 Basic stats: COMPLETE Column stats: NONE
                     Select Operator
                       expressions: key (type: string), val (type: string)
diff --git a/ql/src/test/results/clientpositive/spark/skewjoinopt17.q.out b/ql/src/test/results/clientpositive/spark/skewjoinopt17.q.out
index ce8bbfa768..53dba3f3b9 100644
--- a/ql/src/test/results/clientpositive/spark/skewjoinopt17.q.out
+++ b/ql/src/test/results/clientpositive/spark/skewjoinopt17.q.out
@@ -273,7 +273,7 @@ STAGE PLANS:
                   alias: a
                   Statistics: Num rows: 1 Data size: 30 Basic stats: COMPLETE Column stats: NONE
                   Filter Operator
-                    predicate: ((val is not null and key is not null) and (((key = '2') and (val = '12')) or (key = '2'))) (type: boolean)
+                    predicate: ((key is not null and val is not null) and (((key = '2') and (val = '12')) or (key = '2'))) (type: boolean)
                     Statistics: Num rows: 1 Data size: 30 Basic stats: COMPLETE Column stats: NONE
                     Select Operator
                       expressions: key (type: string), val (type: string)
@@ -290,7 +290,7 @@ STAGE PLANS:
                   alias: b
                   Statistics: Num rows: 1 Data size: 30 Basic stats: COMPLETE Column stats: NONE
                   Filter Operator
-                    predicate: ((val is not null and key is not null) and (((key = '2') and (val = '12')) or (key = '2'))) (type: boolean)
+                    predicate: ((key is not null and val is not null) and (((key = '2') and (val = '12')) or (key = '2'))) (type: boolean)
                     Statistics: Num rows: 1 Data size: 30 Basic stats: COMPLETE Column stats: NONE
                     Select Operator
                       expressions: key (type: string), val (type: string)
@@ -307,7 +307,7 @@ STAGE PLANS:
                   alias: a
                   Statistics: Num rows: 1 Data size: 30 Basic stats: COMPLETE Column stats: NONE
                   Filter Operator
-                    predicate: ((val is not null and key is not null) and (not (((key = '2') and (val = '12')) or (key = '2')))) (type: boolean)
+                    predicate: ((key is not null and val is not null) and (not (((key = '2') and (val = '12')) or (key = '2')))) (type: boolean)
                     Statistics: Num rows: 1 Data size: 30 Basic stats: COMPLETE Column stats: NONE
                     Select Operator
                       expressions: key (type: string), val (type: string)
@@ -324,7 +324,7 @@ STAGE PLANS:
                   alias: b
                   Statistics: Num rows: 1 Data size: 30 Basic stats: COMPLETE Column stats: NONE
                   Filter Operator
-                    predicate: ((val is not null and key is not null) and (not (((key = '2') and (val = '12')) or (key = '2')))) (type: boolean)
+                    predicate: ((key is not null and val is not null) and (not (((key = '2') and (val = '12')) or (key = '2')))) (type: boolean)
                     Statistics: Num rows: 1 Data size: 30 Basic stats: COMPLETE Column stats: NONE
                     Select Operator
                       expressions: key (type: string), val (type: string)
diff --git a/ql/src/test/results/clientpositive/spark/skewjoinopt2.q.out b/ql/src/test/results/clientpositive/spark/skewjoinopt2.q.out
index b5fa077046..e618832fbc 100644
--- a/ql/src/test/results/clientpositive/spark/skewjoinopt2.q.out
+++ b/ql/src/test/results/clientpositive/spark/skewjoinopt2.q.out
@@ -74,7 +74,7 @@ STAGE PLANS:
                   alias: a
                   Statistics: Num rows: 1 Data size: 30 Basic stats: COMPLETE Column stats: NONE
                   Filter Operator
-                    predicate: ((val is not null and key is not null) and ((((key = '2') or (key = '7')) or (key = '3')) or (key = '8'))) (type: boolean)
+                    predicate: ((key is not null and val is not null) and ((((key = '2') or (key = '7')) or (key = '3')) or (key = '8'))) (type: boolean)
                     Statistics: Num rows: 1 Data size: 30 Basic stats: COMPLETE Column stats: NONE
                     Select Operator
                       expressions: key (type: string), val (type: string)
@@ -91,7 +91,7 @@ STAGE PLANS:
                   alias: b
                   Statistics: Num rows: 1 Data size: 30 Basic stats: COMPLETE Column stats: NONE
                   Filter Operator
-                    predicate: ((val is not null and key is not null) and ((((key = '2') or (key = '7')) or (key = '3')) or (key = '8'))) (type: boolean)
+                    predicate: ((key is not null and val is not null) and ((((key = '2') or (key = '7')) or (key = '3')) or (key = '8'))) (type: boolean)
                     Statistics: Num rows: 1 Data size: 30 Basic stats: COMPLETE Column stats: NONE
                     Select Operator
                       expressions: key (type: string), val (type: string)
@@ -108,7 +108,7 @@ STAGE PLANS:
                   alias: a
                   Statistics: Num rows: 1 Data size: 30 Basic stats: COMPLETE Column stats: NONE
                   Filter Operator
-                    predicate: ((val is not null and key is not null) and (not ((((key = '2') or (key = '7')) or (key = '3')) or (key = '8')))) (type: boolean)
+                    predicate: ((key is not null and val is not null) and (not ((((key = '2') or (key = '7')) or (key = '3')) or (key = '8')))) (type: boolean)
                     Statistics: Num rows: 1 Data size: 30 Basic stats: COMPLETE Column stats: NONE
                     Select Operator
                       expressions: key (type: string), val (type: string)
@@ -125,7 +125,7 @@ STAGE PLANS:
                   alias: b
                   Statistics: Num rows: 1 Data size: 30 Basic stats: COMPLETE Column stats: NONE
                   Filter Operator
-                    predicate: ((val is not null and key is not null) and (not ((((key = '2') or (key = '7')) or (key = '3')) or (key = '8')))) (type: boolean)
+                    predicate: ((key is not null and val is not null) and (not ((((key = '2') or (key = '7')) or (key = '3')) or (key = '8')))) (type: boolean)
                     Statistics: Num rows: 1 Data size: 30 Basic stats: COMPLETE Column stats: NONE
                     Select Operator
                       expressions: key (type: string), val (type: string)
@@ -359,7 +359,7 @@ STAGE PLANS:
                   alias: a
                   Statistics: Num rows: 1 Data size: 30 Basic stats: COMPLETE Column stats: NONE
                   Filter Operator
-                    predicate: ((val is not null and key is not null) and ((((key = '2') or (key = '7')) or (key = '3')) or (key = '8'))) (type: boolean)
+                    predicate: ((key is not null and val is not null) and ((((key = '2') or (key = '7')) or (key = '3')) or (key = '8'))) (type: boolean)
                     Statistics: Num rows: 1 Data size: 30 Basic stats: COMPLETE Column stats: NONE
                     Select Operator
                       expressions: key (type: string), val (type: string)
@@ -376,7 +376,7 @@ STAGE PLANS:
                   alias: b
                   Statistics: Num rows: 1 Data size: 30 Basic stats: COMPLETE Column stats: NONE
                   Filter Operator
-                    predicate: ((val is not null and key is not null) and ((((key = '2') or (key = '7')) or (key = '3')) or (key = '8'))) (type: boolean)
+                    predicate: ((key is not null and val is not null) and ((((key = '2') or (key = '7')) or (key = '3')) or (key = '8'))) (type: boolean)
                     Statistics: Num rows: 1 Data size: 30 Basic stats: COMPLETE Column stats: NONE
                     Select Operator
                       expressions: key (type: string), val (type: string)
@@ -393,7 +393,7 @@ STAGE PLANS:
                   alias: a
                   Statistics: Num rows: 1 Data size: 30 Basic stats: COMPLETE Column stats: NONE
                   Filter Operator
-                    predicate: ((val is not null and key is not null) and (not ((((key = '2') or (key = '7')) or (key = '3')) or (key = '8')))) (type: boolean)
+                    predicate: ((key is not null and val is not null) and (not ((((key = '2') or (key = '7')) or (key = '3')) or (key = '8')))) (type: boolean)
                     Statistics: Num rows: 1 Data size: 30 Basic stats: COMPLETE Column stats: NONE
                     Select Operator
                       expressions: key (type: string), val (type: string)
@@ -410,7 +410,7 @@ STAGE PLANS:
                   alias: b
                   Statistics: Num rows: 1 Data size: 30 Basic stats: COMPLETE Column stats: NONE
                   Filter Operator
-                    predicate: ((val is not null and key is not null) and (not ((((key = '2') or (key = '7')) or (key = '3')) or (key = '8')))) (type: boolean)
+                    predicate: ((key is not null and val is not null) and (not ((((key = '2') or (key = '7')) or (key = '3')) or (key = '8')))) (type: boolean)
                     Statistics: Num rows: 1 Data size: 30 Basic stats: COMPLETE Column stats: NONE
                     Select Operator
                       expressions: key (type: string), val (type: string)
diff --git a/ql/src/test/results/clientpositive/spark/subquery_exists.q.out b/ql/src/test/results/clientpositive/spark/subquery_exists.q.out
index 5f41ac7aea..53fe78b9cf 100644
--- a/ql/src/test/results/clientpositive/spark/subquery_exists.q.out
+++ b/ql/src/test/results/clientpositive/spark/subquery_exists.q.out
@@ -41,7 +41,7 @@ STAGE PLANS:
                   alias: b
                   Statistics: Num rows: 500 Data size: 5312 Basic stats: COMPLETE Column stats: NONE
                   Filter Operator
-                    predicate: ((value > 'val_9') and key is not null) (type: boolean)
+                    predicate: (key is not null and (value > 'val_9')) (type: boolean)
                     Statistics: Num rows: 166 Data size: 1763 Basic stats: COMPLETE Column stats: NONE
                     Select Operator
                       expressions: key (type: string), value (type: string)
diff --git a/ql/src/test/results/clientpositive/spark/subquery_in.q.out b/ql/src/test/results/clientpositive/spark/subquery_in.q.out
index 1d813f8ae5..dc9109c1af 100644
--- a/ql/src/test/results/clientpositive/spark/subquery_in.q.out
+++ b/ql/src/test/results/clientpositive/spark/subquery_in.q.out
@@ -149,7 +149,7 @@ STAGE PLANS:
                   alias: b
                   Statistics: Num rows: 500 Data size: 5312 Basic stats: COMPLETE Column stats: NONE
                   Filter Operator
-                    predicate: ((key > '9') and value is not null) (type: boolean)
+                    predicate: (value is not null and (key > '9')) (type: boolean)
                     Statistics: Num rows: 166 Data size: 1763 Basic stats: COMPLETE Column stats: NONE
                     Select Operator
                       expressions: key (type: string), value (type: string)
@@ -445,7 +445,7 @@ STAGE PLANS:
                   alias: b
                   Statistics: Num rows: 26 Data size: 3147 Basic stats: COMPLETE Column stats: NONE
                   Filter Operator
-                    predicate: (p_size is not null and p_mfgr is not null) (type: boolean)
+                    predicate: (p_mfgr is not null and p_size is not null) (type: boolean)
                     Statistics: Num rows: 26 Data size: 3147 Basic stats: COMPLETE Column stats: NONE
                     Select Operator
                       expressions: p_name (type: string), p_mfgr (type: string), p_size (type: int)
@@ -629,7 +629,7 @@ STAGE PLANS:
                   alias: b
                   Statistics: Num rows: 500 Data size: 5312 Basic stats: COMPLETE Column stats: NONE
                   Filter Operator
-                    predicate: ((key > '9') and value is not null) (type: boolean)
+                    predicate: (value is not null and (key > '9')) (type: boolean)
                     Statistics: Num rows: 166 Data size: 1763 Basic stats: COMPLETE Column stats: NONE
                     Select Operator
                       expressions: key (type: string), value (type: string)
@@ -785,7 +785,7 @@ STAGE PLANS:
                   alias: lineitem
                   Statistics: Num rows: 100 Data size: 11999 Basic stats: COMPLETE Column stats: NONE
                   Filter Operator
-                    predicate: (((l_linenumber = 1) and l_partkey is not null) and l_orderkey is not null) (type: boolean)
+                    predicate: ((l_partkey is not null and l_orderkey is not null) and (l_linenumber = 1)) (type: boolean)
                     Statistics: Num rows: 50 Data size: 5999 Basic stats: COMPLETE Column stats: NONE
                     Select Operator
                       expressions: l_orderkey (type: int), l_partkey (type: int), l_suppkey (type: int)
diff --git a/ql/src/test/results/clientpositive/spark/union_remove_25.q.out b/ql/src/test/results/clientpositive/spark/union_remove_25.q.out
index eb95cadde3..253bf8f7fc 100644
--- a/ql/src/test/results/clientpositive/spark/union_remove_25.q.out
+++ b/ql/src/test/results/clientpositive/spark/union_remove_25.q.out
@@ -438,7 +438,7 @@ STAGE PLANS:
                   Statistics: Num rows: 1000 Data size: 10624 Basic stats: COMPLETE Column stats: NONE
                   Select Operator
                     expressions: key (type: string), value (type: string), hr (type: string)
-                    outputColumnNames: _col0, _col1, _col2
+                    outputColumnNames: _col0, _col1, _col3
                     Statistics: Num rows: 1000 Data size: 10624 Basic stats: COMPLETE Column stats: NONE
                     Limit
                       Number of rows: 1000
@@ -447,18 +447,18 @@ STAGE PLANS:
                         sort order: 
                         Statistics: Num rows: 1000 Data size: 10000 Basic stats: COMPLETE Column stats: NONE
                         TopN Hash Memory Usage: 0.1
-                        value expressions: _col0 (type: string), _col1 (type: string), _col2 (type: string)
+                        value expressions: _col0 (type: string), _col1 (type: string), _col3 (type: string)
         Reducer 2 
             Reduce Operator Tree:
               Select Operator
-                expressions: VALUE._col0 (type: string), VALUE._col1 (type: string), VALUE._col2 (type: string)
-                outputColumnNames: _col0, _col1, _col2
+                expressions: VALUE._col0 (type: string), VALUE._col1 (type: string), VALUE._col3 (type: string)
+                outputColumnNames: _col0, _col1, _col3
                 Statistics: Num rows: 1000 Data size: 10000 Basic stats: COMPLETE Column stats: NONE
                 Limit
                   Number of rows: 1000
                   Statistics: Num rows: 1000 Data size: 10000 Basic stats: COMPLETE Column stats: NONE
                   Select Operator
-                    expressions: _col0 (type: string), UDFToLong(_col1) (type: bigint), '2008-04-08' (type: string), _col2 (type: string)
+                    expressions: _col0 (type: string), UDFToLong(_col1) (type: bigint), '2008-04-08' (type: string), _col3 (type: string)
                     outputColumnNames: _col0, _col1, _col2, _col3
                     Statistics: Num rows: 2000 Data size: 20000 Basic stats: COMPLETE Column stats: NONE
                     File Output Operator
@@ -472,14 +472,14 @@ STAGE PLANS:
         Reducer 4 
             Reduce Operator Tree:
               Select Operator
-                expressions: VALUE._col0 (type: string), VALUE._col1 (type: string), VALUE._col2 (type: string)
-                outputColumnNames: _col0, _col1, _col2
+                expressions: VALUE._col0 (type: string), VALUE._col1 (type: string), VALUE._col3 (type: string)
+                outputColumnNames: _col0, _col1, _col3
                 Statistics: Num rows: 1000 Data size: 10000 Basic stats: COMPLETE Column stats: NONE
                 Limit
                   Number of rows: 1000
                   Statistics: Num rows: 1000 Data size: 10000 Basic stats: COMPLETE Column stats: NONE
                   Select Operator
-                    expressions: _col0 (type: string), UDFToLong(_col1) (type: bigint), '2008-04-08' (type: string), _col2 (type: string)
+                    expressions: _col0 (type: string), UDFToLong(_col1) (type: bigint), '2008-04-08' (type: string), _col3 (type: string)
                     outputColumnNames: _col0, _col1, _col2, _col3
                     Statistics: Num rows: 2000 Data size: 20000 Basic stats: COMPLETE Column stats: NONE
                     File Output Operator
diff --git a/ql/src/test/results/clientpositive/spark/union_view.q.out b/ql/src/test/results/clientpositive/spark/union_view.q.out
index 492f71b10b..cce7710e6c 100644
--- a/ql/src/test/results/clientpositive/spark/union_view.q.out
+++ b/ql/src/test/results/clientpositive/spark/union_view.q.out
@@ -272,10 +272,10 @@ STAGE PLANS:
                     Statistics: Num rows: 250 Data size: 2656 Basic stats: COMPLETE Column stats: NONE
                     Select Operator
                       expressions: value (type: string)
-                      outputColumnNames: _col0
+                      outputColumnNames: _col1
                       Statistics: Num rows: 250 Data size: 2656 Basic stats: COMPLETE Column stats: NONE
                       Select Operator
-                        expressions: 86 (type: int), _col0 (type: string), '1' (type: string)
+                        expressions: 86 (type: int), _col1 (type: string), '1' (type: string)
                         outputColumnNames: _col0, _col1, _col2
                         Statistics: Num rows: 252 Data size: 2656 Basic stats: COMPLETE Column stats: NONE
                         File Output Operator
@@ -296,10 +296,10 @@ STAGE PLANS:
                     Statistics: Num rows: 1 Data size: 0 Basic stats: PARTIAL Column stats: NONE
                     Select Operator
                       expressions: value (type: string)
-                      outputColumnNames: _col0
+                      outputColumnNames: _col1
                       Statistics: Num rows: 1 Data size: 0 Basic stats: PARTIAL Column stats: NONE
                       Select Operator
-                        expressions: 86 (type: int), _col0 (type: string), '1' (type: string)
+                        expressions: 86 (type: int), _col1 (type: string), '1' (type: string)
                         outputColumnNames: _col0, _col1, _col2
                         Statistics: Num rows: 252 Data size: 2656 Basic stats: COMPLETE Column stats: NONE
                         File Output Operator
@@ -320,10 +320,10 @@ STAGE PLANS:
                     Statistics: Num rows: 1 Data size: 0 Basic stats: PARTIAL Column stats: NONE
                     Select Operator
                       expressions: value (type: string)
-                      outputColumnNames: _col0
+                      outputColumnNames: _col1
                       Statistics: Num rows: 1 Data size: 0 Basic stats: PARTIAL Column stats: NONE
                       Select Operator
-                        expressions: 86 (type: int), _col0 (type: string), '1' (type: string)
+                        expressions: 86 (type: int), _col1 (type: string), '1' (type: string)
                         outputColumnNames: _col0, _col1, _col2
                         Statistics: Num rows: 252 Data size: 2656 Basic stats: COMPLETE Column stats: NONE
                         File Output Operator
@@ -360,10 +360,10 @@ STAGE PLANS:
                     Statistics: Num rows: 1 Data size: 0 Basic stats: PARTIAL Column stats: NONE
                     Select Operator
                       expressions: value (type: string)
-                      outputColumnNames: _col0
+                      outputColumnNames: _col1
                       Statistics: Num rows: 1 Data size: 0 Basic stats: PARTIAL Column stats: NONE
                       Select Operator
-                        expressions: 86 (type: int), _col0 (type: string), '2' (type: string)
+                        expressions: 86 (type: int), _col1 (type: string), '2' (type: string)
                         outputColumnNames: _col0, _col1, _col2
                         Statistics: Num rows: 502 Data size: 5312 Basic stats: COMPLETE Column stats: NONE
                         File Output Operator
@@ -384,10 +384,10 @@ STAGE PLANS:
                     Statistics: Num rows: 500 Data size: 5312 Basic stats: COMPLETE Column stats: NONE
                     Select Operator
                       expressions: value (type: string)
-                      outputColumnNames: _col0
+                      outputColumnNames: _col1
                       Statistics: Num rows: 500 Data size: 5312 Basic stats: COMPLETE Column stats: NONE
                       Select Operator
-                        expressions: 86 (type: int), _col0 (type: string), '2' (type: string)
+                        expressions: 86 (type: int), _col1 (type: string), '2' (type: string)
                         outputColumnNames: _col0, _col1, _col2
                         Statistics: Num rows: 502 Data size: 5312 Basic stats: COMPLETE Column stats: NONE
                         File Output Operator
@@ -408,10 +408,10 @@ STAGE PLANS:
                     Statistics: Num rows: 1 Data size: 0 Basic stats: PARTIAL Column stats: NONE
                     Select Operator
                       expressions: value (type: string)
-                      outputColumnNames: _col0
+                      outputColumnNames: _col1
                       Statistics: Num rows: 1 Data size: 0 Basic stats: PARTIAL Column stats: NONE
                       Select Operator
-                        expressions: 86 (type: int), _col0 (type: string), '2' (type: string)
+                        expressions: 86 (type: int), _col1 (type: string), '2' (type: string)
                         outputColumnNames: _col0, _col1, _col2
                         Statistics: Num rows: 502 Data size: 5312 Basic stats: COMPLETE Column stats: NONE
                         File Output Operator
@@ -448,10 +448,10 @@ STAGE PLANS:
                     Statistics: Num rows: 1 Data size: 0 Basic stats: PARTIAL Column stats: NONE
                     Select Operator
                       expressions: value (type: string)
-                      outputColumnNames: _col0
+                      outputColumnNames: _col1
                       Statistics: Num rows: 1 Data size: 0 Basic stats: PARTIAL Column stats: NONE
                       Select Operator
-                        expressions: 86 (type: int), _col0 (type: string), '3' (type: string)
+                        expressions: 86 (type: int), _col1 (type: string), '3' (type: string)
                         outputColumnNames: _col0, _col1, _col2
                         Statistics: Num rows: 502 Data size: 5312 Basic stats: COMPLETE Column stats: NONE
                         File Output Operator
@@ -472,10 +472,10 @@ STAGE PLANS:
                     Statistics: Num rows: 1 Data size: 0 Basic stats: PARTIAL Column stats: NONE
                     Select Operator
                       expressions: value (type: string)
-                      outputColumnNames: _col0
+                      outputColumnNames: _col1
                       Statistics: Num rows: 1 Data size: 0 Basic stats: PARTIAL Column stats: NONE
                       Select Operator
-                        expressions: 86 (type: int), _col0 (type: string), '3' (type: string)
+                        expressions: 86 (type: int), _col1 (type: string), '3' (type: string)
                         outputColumnNames: _col0, _col1, _col2
                         Statistics: Num rows: 502 Data size: 5312 Basic stats: COMPLETE Column stats: NONE
                         File Output Operator
@@ -496,10 +496,10 @@ STAGE PLANS:
                     Statistics: Num rows: 500 Data size: 5312 Basic stats: COMPLETE Column stats: NONE
                     Select Operator
                       expressions: value (type: string)
-                      outputColumnNames: _col0
+                      outputColumnNames: _col1
                       Statistics: Num rows: 500 Data size: 5312 Basic stats: COMPLETE Column stats: NONE
                       Select Operator
-                        expressions: 86 (type: int), _col0 (type: string), '3' (type: string)
+                        expressions: 86 (type: int), _col1 (type: string), '3' (type: string)
                         outputColumnNames: _col0, _col1, _col2
                         Statistics: Num rows: 502 Data size: 5312 Basic stats: COMPLETE Column stats: NONE
                         File Output Operator
@@ -538,10 +538,10 @@ STAGE PLANS:
                     Statistics: Num rows: 250 Data size: 2656 Basic stats: COMPLETE Column stats: NONE
                     Select Operator
                       expressions: value (type: string), ds (type: string)
-                      outputColumnNames: _col0, _col1
+                      outputColumnNames: _col1, _col2
                       Statistics: Num rows: 250 Data size: 2656 Basic stats: COMPLETE Column stats: NONE
                       Select Operator
-                        expressions: _col0 (type: string), _col1 (type: string)
+                        expressions: _col1 (type: string), _col2 (type: string)
                         outputColumnNames: _col1, _col2
                         Statistics: Num rows: 1250 Data size: 13280 Basic stats: COMPLETE Column stats: NONE
                         Reduce Output Operator
@@ -560,10 +560,10 @@ STAGE PLANS:
                     Statistics: Num rows: 500 Data size: 5312 Basic stats: COMPLETE Column stats: NONE
                     Select Operator
                       expressions: value (type: string), ds (type: string)
-                      outputColumnNames: _col0, _col1
+                      outputColumnNames: _col1, _col2
                       Statistics: Num rows: 500 Data size: 5312 Basic stats: COMPLETE Column stats: NONE
                       Select Operator
-                        expressions: _col0 (type: string), _col1 (type: string)
+                        expressions: _col1 (type: string), _col2 (type: string)
                         outputColumnNames: _col1, _col2
                         Statistics: Num rows: 1250 Data size: 13280 Basic stats: COMPLETE Column stats: NONE
                         Reduce Output Operator
@@ -582,10 +582,10 @@ STAGE PLANS:
                     Statistics: Num rows: 500 Data size: 5312 Basic stats: COMPLETE Column stats: NONE
                     Select Operator
                       expressions: value (type: string), ds (type: string)
-                      outputColumnNames: _col0, _col1
+                      outputColumnNames: _col1, _col2
                       Statistics: Num rows: 500 Data size: 5312 Basic stats: COMPLETE Column stats: NONE
                       Select Operator
-                        expressions: _col0 (type: string), _col1 (type: string)
+                        expressions: _col1 (type: string), _col2 (type: string)
                         outputColumnNames: _col1, _col2
                         Statistics: Num rows: 1250 Data size: 13280 Basic stats: COMPLETE Column stats: NONE
                         Reduce Output Operator
@@ -931,10 +931,10 @@ STAGE PLANS:
                     Statistics: Num rows: 1 Data size: 0 Basic stats: PARTIAL Column stats: NONE
                     Select Operator
                       expressions: value (type: string)
-                      outputColumnNames: _col0
+                      outputColumnNames: _col1
                       Statistics: Num rows: 1 Data size: 0 Basic stats: PARTIAL Column stats: NONE
                       Select Operator
-                        expressions: 86 (type: int), _col0 (type: string), '4' (type: string)
+                        expressions: 86 (type: int), _col1 (type: string), '4' (type: string)
                         outputColumnNames: _col0, _col1, _col2
                         Statistics: Num rows: 252 Data size: 2656 Basic stats: COMPLETE Column stats: NONE
                         File Output Operator
@@ -955,10 +955,10 @@ STAGE PLANS:
                     Statistics: Num rows: 1 Data size: 0 Basic stats: PARTIAL Column stats: NONE
                     Select Operator
                       expressions: value (type: string)
-                      outputColumnNames: _col0
+                      outputColumnNames: _col1
                       Statistics: Num rows: 1 Data size: 0 Basic stats: PARTIAL Column stats: NONE
                       Select Operator
-                        expressions: 86 (type: int), _col0 (type: string), '4' (type: string)
+                        expressions: 86 (type: int), _col1 (type: string), '4' (type: string)
                         outputColumnNames: _col0, _col1, _col2
                         Statistics: Num rows: 252 Data size: 2656 Basic stats: COMPLETE Column stats: NONE
                         File Output Operator
@@ -979,10 +979,10 @@ STAGE PLANS:
                     Statistics: Num rows: 250 Data size: 2656 Basic stats: COMPLETE Column stats: NONE
                     Select Operator
                       expressions: value (type: string)
-                      outputColumnNames: _col0
+                      outputColumnNames: _col1
                       Statistics: Num rows: 250 Data size: 2656 Basic stats: COMPLETE Column stats: NONE
                       Select Operator
-                        expressions: 86 (type: int), _col0 (type: string), '4' (type: string)
+                        expressions: 86 (type: int), _col1 (type: string), '4' (type: string)
                         outputColumnNames: _col0, _col1, _col2
                         Statistics: Num rows: 252 Data size: 2656 Basic stats: COMPLETE Column stats: NONE
                         File Output Operator
diff --git a/ql/src/test/results/clientpositive/spark/vector_mapjoin_reduce.q.out b/ql/src/test/results/clientpositive/spark/vector_mapjoin_reduce.q.out
index 296c256d09..010bb0c432 100644
--- a/ql/src/test/results/clientpositive/spark/vector_mapjoin_reduce.q.out
+++ b/ql/src/test/results/clientpositive/spark/vector_mapjoin_reduce.q.out
@@ -100,7 +100,7 @@ STAGE PLANS:
                   alias: lineitem
                   Statistics: Num rows: 100 Data size: 11999 Basic stats: COMPLETE Column stats: NONE
                   Filter Operator
-                    predicate: (((l_linenumber = 1) and l_partkey is not null) and l_orderkey is not null) (type: boolean)
+                    predicate: ((l_partkey is not null and l_orderkey is not null) and (l_linenumber = 1)) (type: boolean)
                     Statistics: Num rows: 50 Data size: 5999 Basic stats: COMPLETE Column stats: NONE
                     Select Operator
                       expressions: l_orderkey (type: int), l_partkey (type: int), l_suppkey (type: int)
@@ -202,7 +202,7 @@ STAGE PLANS:
                   alias: lineitem
                   Statistics: Num rows: 100 Data size: 11999 Basic stats: COMPLETE Column stats: NONE
                   Filter Operator
-                    predicate: (((l_shipmode = 'AIR') and (l_linenumber = 1)) and l_orderkey is not null) (type: boolean)
+                    predicate: (((l_shipmode = 'AIR') and l_orderkey is not null) and (l_linenumber = 1)) (type: boolean)
                     Statistics: Num rows: 25 Data size: 2999 Basic stats: COMPLETE Column stats: NONE
                     Select Operator
                       expressions: l_orderkey (type: int)
@@ -262,7 +262,7 @@ STAGE PLANS:
                   alias: lineitem
                   Statistics: Num rows: 100 Data size: 11999 Basic stats: COMPLETE Column stats: NONE
                   Filter Operator
-                    predicate: (((l_linenumber = 1) and l_partkey is not null) and l_orderkey is not null) (type: boolean)
+                    predicate: ((l_partkey is not null and l_orderkey is not null) and (l_linenumber = 1)) (type: boolean)
                     Statistics: Num rows: 50 Data size: 5999 Basic stats: COMPLETE Column stats: NONE
                     Select Operator
                       expressions: l_orderkey (type: int), l_partkey (type: int), l_suppkey (type: int), 1 (type: int)
diff --git a/ql/src/test/results/clientpositive/subquery_exists.q.out b/ql/src/test/results/clientpositive/subquery_exists.q.out
index f3a270589b..698db03708 100644
--- a/ql/src/test/results/clientpositive/subquery_exists.q.out
+++ b/ql/src/test/results/clientpositive/subquery_exists.q.out
@@ -36,7 +36,7 @@ STAGE PLANS:
             alias: b
             Statistics: Num rows: 500 Data size: 5312 Basic stats: COMPLETE Column stats: NONE
             Filter Operator
-              predicate: ((value > 'val_9') and key is not null) (type: boolean)
+              predicate: (key is not null and (value > 'val_9')) (type: boolean)
               Statistics: Num rows: 166 Data size: 1763 Basic stats: COMPLETE Column stats: NONE
               Select Operator
                 expressions: key (type: string), value (type: string)
diff --git a/ql/src/test/results/clientpositive/subquery_in.q.out b/ql/src/test/results/clientpositive/subquery_in.q.out
index a374dc0f84..0bbefc2c1d 100644
--- a/ql/src/test/results/clientpositive/subquery_in.q.out
+++ b/ql/src/test/results/clientpositive/subquery_in.q.out
@@ -136,7 +136,7 @@ STAGE PLANS:
             alias: b
             Statistics: Num rows: 500 Data size: 5312 Basic stats: COMPLETE Column stats: NONE
             Filter Operator
-              predicate: ((key > '9') and value is not null) (type: boolean)
+              predicate: (value is not null and (key > '9')) (type: boolean)
               Statistics: Num rows: 166 Data size: 1763 Basic stats: COMPLETE Column stats: NONE
               Select Operator
                 expressions: key (type: string), value (type: string)
@@ -530,7 +530,7 @@ STAGE PLANS:
             alias: b
             Statistics: Num rows: 26 Data size: 3147 Basic stats: COMPLETE Column stats: NONE
             Filter Operator
-              predicate: (p_size is not null and p_mfgr is not null) (type: boolean)
+              predicate: (p_mfgr is not null and p_size is not null) (type: boolean)
               Statistics: Num rows: 26 Data size: 3147 Basic stats: COMPLETE Column stats: NONE
               Select Operator
                 expressions: p_name (type: string), p_mfgr (type: string), p_size (type: int)
@@ -669,7 +669,7 @@ STAGE PLANS:
             alias: b
             Statistics: Num rows: 500 Data size: 5312 Basic stats: COMPLETE Column stats: NONE
             Filter Operator
-              predicate: ((key > '9') and value is not null) (type: boolean)
+              predicate: (value is not null and (key > '9')) (type: boolean)
               Statistics: Num rows: 166 Data size: 1763 Basic stats: COMPLETE Column stats: NONE
               Select Operator
                 expressions: key (type: string), value (type: string)
@@ -790,7 +790,7 @@ STAGE PLANS:
             alias: lineitem
             Statistics: Num rows: 100 Data size: 11999 Basic stats: COMPLETE Column stats: NONE
             Filter Operator
-              predicate: (((l_linenumber = 1) and l_partkey is not null) and l_orderkey is not null) (type: boolean)
+              predicate: ((l_partkey is not null and l_orderkey is not null) and (l_linenumber = 1)) (type: boolean)
               Statistics: Num rows: 50 Data size: 5999 Basic stats: COMPLETE Column stats: NONE
               Select Operator
                 expressions: l_orderkey (type: int), l_partkey (type: int), l_suppkey (type: int)
diff --git a/ql/src/test/results/clientpositive/subquery_unqualcolumnrefs.q.out b/ql/src/test/results/clientpositive/subquery_unqualcolumnrefs.q.out
index e34a401ca4..4cc5424086 100644
--- a/ql/src/test/results/clientpositive/subquery_unqualcolumnrefs.q.out
+++ b/ql/src/test/results/clientpositive/subquery_unqualcolumnrefs.q.out
@@ -52,7 +52,7 @@ STAGE PLANS:
             alias: src11
             Statistics: Num rows: 1 Data size: 0 Basic stats: PARTIAL Column stats: NONE
             Filter Operator
-              predicate: ((key1 > '9') and value1 is not null) (type: boolean)
+              predicate: (value1 is not null and (key1 > '9')) (type: boolean)
               Statistics: Num rows: 1 Data size: 0 Basic stats: PARTIAL Column stats: NONE
               Select Operator
                 expressions: key1 (type: string), value1 (type: string)
@@ -122,7 +122,7 @@ STAGE PLANS:
             alias: a
             Statistics: Num rows: 500 Data size: 5312 Basic stats: COMPLETE Column stats: NONE
             Filter Operator
-              predicate: ((key > '9') and value is not null) (type: boolean)
+              predicate: (value is not null and (key > '9')) (type: boolean)
               Statistics: Num rows: 166 Data size: 1763 Basic stats: COMPLETE Column stats: NONE
               Select Operator
                 expressions: key (type: string), value (type: string)
@@ -302,7 +302,7 @@ STAGE PLANS:
             alias: b
             Statistics: Num rows: 26 Data size: 3147 Basic stats: COMPLETE Column stats: NONE
             Filter Operator
-              predicate: (p_size is not null and p_mfgr is not null) (type: boolean)
+              predicate: (p_mfgr is not null and p_size is not null) (type: boolean)
               Statistics: Num rows: 26 Data size: 3147 Basic stats: COMPLETE Column stats: NONE
               Select Operator
                 expressions: p_name (type: string), p_mfgr (type: string), p_size (type: int)
@@ -471,7 +471,7 @@ STAGE PLANS:
             alias: b
             Statistics: Num rows: 26 Data size: 3147 Basic stats: COMPLETE Column stats: NONE
             Filter Operator
-              predicate: (p_size is not null and p_mfgr is not null) (type: boolean)
+              predicate: (p_mfgr is not null and p_size is not null) (type: boolean)
               Statistics: Num rows: 26 Data size: 3147 Basic stats: COMPLETE Column stats: NONE
               Select Operator
                 expressions: p_name (type: string), p_mfgr (type: string), p_size (type: int)
@@ -586,7 +586,7 @@ STAGE PLANS:
             alias: b
             Statistics: Num rows: 500 Data size: 5312 Basic stats: COMPLETE Column stats: NONE
             Filter Operator
-              predicate: ((key > '9') and value is not null) (type: boolean)
+              predicate: (value is not null and (key > '9')) (type: boolean)
               Statistics: Num rows: 166 Data size: 1763 Basic stats: COMPLETE Column stats: NONE
               Select Operator
                 expressions: key (type: string), value (type: string)
diff --git a/ql/src/test/results/clientpositive/subquery_views.q.out b/ql/src/test/results/clientpositive/subquery_views.q.out
index 76e53d3be5..61a0915d80 100644
--- a/ql/src/test/results/clientpositive/subquery_views.q.out
+++ b/ql/src/test/results/clientpositive/subquery_views.q.out
@@ -220,17 +220,17 @@ STAGE PLANS:
             alias: b
             Statistics: Num rows: 500 Data size: 5312 Basic stats: COMPLETE Column stats: NONE
             Filter Operator
-              predicate: (value > 'val_11') (type: boolean)
-              Statistics: Num rows: 166 Data size: 1763 Basic stats: COMPLETE Column stats: NONE
+              predicate: ((value > 'val_11') and (key < '11')) (type: boolean)
+              Statistics: Num rows: 55 Data size: 584 Basic stats: COMPLETE Column stats: NONE
               Select Operator
                 expressions: key (type: string), value (type: string), key (type: string)
                 outputColumnNames: _col0, _col1, _col2
-                Statistics: Num rows: 166 Data size: 1763 Basic stats: COMPLETE Column stats: NONE
+                Statistics: Num rows: 55 Data size: 584 Basic stats: COMPLETE Column stats: NONE
                 Reduce Output Operator
                   key expressions: _col0 (type: string), _col1 (type: string), _col2 (type: string)
                   sort order: +++
                   Map-reduce partition columns: _col0 (type: string), _col1 (type: string), _col2 (type: string)
-                  Statistics: Num rows: 166 Data size: 1763 Basic stats: COMPLETE Column stats: NONE
+                  Statistics: Num rows: 55 Data size: 584 Basic stats: COMPLETE Column stats: NONE
       Reduce Operator Tree:
         Join Operator
           condition map:
diff --git a/ql/src/test/results/clientpositive/tez/correlationoptimizer1.q.out b/ql/src/test/results/clientpositive/tez/correlationoptimizer1.q.out
index 20bec18f8e..619d007996 100644
--- a/ql/src/test/results/clientpositive/tez/correlationoptimizer1.q.out
+++ b/ql/src/test/results/clientpositive/tez/correlationoptimizer1.q.out
@@ -2695,7 +2695,7 @@ STAGE PLANS:
                   alias: x
                   Statistics: Num rows: 25 Data size: 191 Basic stats: COMPLETE Column stats: NONE
                   Filter Operator
-                    predicate: (value is not null and key is not null) (type: boolean)
+                    predicate: (key is not null and value is not null) (type: boolean)
                     Statistics: Num rows: 25 Data size: 191 Basic stats: COMPLETE Column stats: NONE
                     Select Operator
                       expressions: key (type: string), value (type: string)
@@ -2712,7 +2712,7 @@ STAGE PLANS:
                   alias: y
                   Statistics: Num rows: 500 Data size: 5312 Basic stats: COMPLETE Column stats: NONE
                   Filter Operator
-                    predicate: (value is not null and key is not null) (type: boolean)
+                    predicate: (key is not null and value is not null) (type: boolean)
                     Statistics: Num rows: 500 Data size: 5312 Basic stats: COMPLETE Column stats: NONE
                     Select Operator
                       expressions: key (type: string), value (type: string)
@@ -2835,7 +2835,7 @@ STAGE PLANS:
                   alias: x
                   Statistics: Num rows: 25 Data size: 191 Basic stats: COMPLETE Column stats: NONE
                   Filter Operator
-                    predicate: (value is not null and key is not null) (type: boolean)
+                    predicate: (key is not null and value is not null) (type: boolean)
                     Statistics: Num rows: 25 Data size: 191 Basic stats: COMPLETE Column stats: NONE
                     Select Operator
                       expressions: key (type: string), value (type: string)
@@ -2852,7 +2852,7 @@ STAGE PLANS:
                   alias: y
                   Statistics: Num rows: 500 Data size: 5312 Basic stats: COMPLETE Column stats: NONE
                   Filter Operator
-                    predicate: (value is not null and key is not null) (type: boolean)
+                    predicate: (key is not null and value is not null) (type: boolean)
                     Statistics: Num rows: 500 Data size: 5312 Basic stats: COMPLETE Column stats: NONE
                     Select Operator
                       expressions: key (type: string), value (type: string)
diff --git a/ql/src/test/results/clientpositive/tez/dynamic_partition_pruning.q.out b/ql/src/test/results/clientpositive/tez/dynamic_partition_pruning.q.out
index 58ab2c0855..9b5b255693 100644
--- a/ql/src/test/results/clientpositive/tez/dynamic_partition_pruning.q.out
+++ b/ql/src/test/results/clientpositive/tez/dynamic_partition_pruning.q.out
@@ -221,10 +221,10 @@ STAGE PLANS:
             Map Operator Tree:
                 TableScan
                   alias: srcpart_date
-                  filterExpr: ((date = '2008-04-08') and ds is not null) (type: boolean)
+                  filterExpr: (ds is not null and (date = '2008-04-08')) (type: boolean)
                   Statistics: Num rows: 2 Data size: 42 Basic stats: COMPLETE Column stats: NONE
                   Filter Operator
-                    predicate: ((date = '2008-04-08') and ds is not null) (type: boolean)
+                    predicate: (ds is not null and (date = '2008-04-08')) (type: boolean)
                     Statistics: Num rows: 1 Data size: 21 Basic stats: COMPLETE Column stats: NONE
                     Select Operator
                       expressions: ds (type: string)
@@ -343,10 +343,10 @@ STAGE PLANS:
             Map Operator Tree:
                 TableScan
                   alias: srcpart_date
-                  filterExpr: ((date = '2008-04-08') and ds is not null) (type: boolean)
+                  filterExpr: (ds is not null and (date = '2008-04-08')) (type: boolean)
                   Statistics: Num rows: 2 Data size: 42 Basic stats: COMPLETE Column stats: NONE
                   Filter Operator
-                    predicate: ((date = '2008-04-08') and ds is not null) (type: boolean)
+                    predicate: (ds is not null and (date = '2008-04-08')) (type: boolean)
                     Statistics: Num rows: 1 Data size: 21 Basic stats: COMPLETE Column stats: NONE
                     Select Operator
                       expressions: ds (type: string)
@@ -465,10 +465,10 @@ STAGE PLANS:
             Map Operator Tree:
                 TableScan
                   alias: srcpart_date
-                  filterExpr: ((date = '2008-04-08') and ds is not null) (type: boolean)
+                  filterExpr: (ds is not null and (date = '2008-04-08')) (type: boolean)
                   Statistics: Num rows: 2 Data size: 42 Basic stats: COMPLETE Column stats: NONE
                   Filter Operator
-                    predicate: ((date = '2008-04-08') and ds is not null) (type: boolean)
+                    predicate: (ds is not null and (date = '2008-04-08')) (type: boolean)
                     Statistics: Num rows: 1 Data size: 21 Basic stats: COMPLETE Column stats: NONE
                     Select Operator
                       expressions: ds (type: string)
@@ -587,10 +587,10 @@ STAGE PLANS:
             Map Operator Tree:
                 TableScan
                   alias: srcpart_date
-                  filterExpr: ((date = '2008-04-08') and ds is not null) (type: boolean)
+                  filterExpr: (ds is not null and (date = '2008-04-08')) (type: boolean)
                   Statistics: Num rows: 2 Data size: 42 Basic stats: COMPLETE Column stats: NONE
                   Filter Operator
-                    predicate: ((date = '2008-04-08') and ds is not null) (type: boolean)
+                    predicate: (ds is not null and (date = '2008-04-08')) (type: boolean)
                     Statistics: Num rows: 1 Data size: 21 Basic stats: COMPLETE Column stats: NONE
                     Select Operator
                       expressions: ds (type: string)
@@ -699,10 +699,10 @@ STAGE PLANS:
             Map Operator Tree:
                 TableScan
                   alias: srcpart_date
-                  filterExpr: ((date = '2008-04-08') and ds is not null) (type: boolean)
+                  filterExpr: (ds is not null and (date = '2008-04-08')) (type: boolean)
                   Statistics: Num rows: 2 Data size: 42 Basic stats: COMPLETE Column stats: NONE
                   Filter Operator
-                    predicate: ((date = '2008-04-08') and ds is not null) (type: boolean)
+                    predicate: (ds is not null and (date = '2008-04-08')) (type: boolean)
                     Statistics: Num rows: 1 Data size: 21 Basic stats: COMPLETE Column stats: NONE
                     Select Operator
                       expressions: ds (type: string)
@@ -732,10 +732,10 @@ STAGE PLANS:
             Map Operator Tree:
                 TableScan
                   alias: srcpart_hour
-                  filterExpr: ((UDFToDouble(hour) = 11.0) and hr is not null) (type: boolean)
+                  filterExpr: (hr is not null and (UDFToDouble(hour) = 11.0)) (type: boolean)
                   Statistics: Num rows: 2 Data size: 10 Basic stats: COMPLETE Column stats: NONE
                   Filter Operator
-                    predicate: ((UDFToDouble(hour) = 11.0) and hr is not null) (type: boolean)
+                    predicate: (hr is not null and (UDFToDouble(hour) = 11.0)) (type: boolean)
                     Statistics: Num rows: 1 Data size: 5 Basic stats: COMPLETE Column stats: NONE
                     Select Operator
                       expressions: hr (type: string)
@@ -877,10 +877,10 @@ STAGE PLANS:
             Map Operator Tree:
                 TableScan
                   alias: srcpart_date
-                  filterExpr: ((date = '2008-04-08') and ds is not null) (type: boolean)
+                  filterExpr: (ds is not null and (date = '2008-04-08')) (type: boolean)
                   Statistics: Num rows: 2 Data size: 42 Basic stats: COMPLETE Column stats: NONE
                   Filter Operator
-                    predicate: ((date = '2008-04-08') and ds is not null) (type: boolean)
+                    predicate: (ds is not null and (date = '2008-04-08')) (type: boolean)
                     Statistics: Num rows: 1 Data size: 21 Basic stats: COMPLETE Column stats: NONE
                     Select Operator
                       expressions: ds (type: string)
@@ -895,10 +895,10 @@ STAGE PLANS:
             Map Operator Tree:
                 TableScan
                   alias: srcpart_hour
-                  filterExpr: ((UDFToDouble(hour) = 11.0) and hr is not null) (type: boolean)
+                  filterExpr: (hr is not null and (UDFToDouble(hour) = 11.0)) (type: boolean)
                   Statistics: Num rows: 2 Data size: 10 Basic stats: COMPLETE Column stats: NONE
                   Filter Operator
-                    predicate: ((UDFToDouble(hour) = 11.0) and hr is not null) (type: boolean)
+                    predicate: (hr is not null and (UDFToDouble(hour) = 11.0)) (type: boolean)
                     Statistics: Num rows: 1 Data size: 5 Basic stats: COMPLETE Column stats: NONE
                     Select Operator
                       expressions: hr (type: string)
@@ -1033,10 +1033,10 @@ STAGE PLANS:
             Map Operator Tree:
                 TableScan
                   alias: srcpart_date_hour
-                  filterExpr: ((((date = '2008-04-08') and (UDFToDouble(hour) = 11.0)) and hr is not null) and ds is not null) (type: boolean)
+                  filterExpr: (((ds is not null and hr is not null) and (date = '2008-04-08')) and (UDFToDouble(hour) = 11.0)) (type: boolean)
                   Statistics: Num rows: 4 Data size: 108 Basic stats: COMPLETE Column stats: NONE
                   Filter Operator
-                    predicate: ((((date = '2008-04-08') and (UDFToDouble(hour) = 11.0)) and hr is not null) and ds is not null) (type: boolean)
+                    predicate: (((ds is not null and hr is not null) and (date = '2008-04-08')) and (UDFToDouble(hour) = 11.0)) (type: boolean)
                     Statistics: Num rows: 1 Data size: 27 Basic stats: COMPLETE Column stats: NONE
                     Select Operator
                       expressions: ds (type: string), hr (type: string)
@@ -1155,7 +1155,7 @@ STAGE PLANS:
             Map Operator Tree:
                 TableScan
                   alias: srcpart
-                  filterExpr: (hr is not null and ds is not null) (type: boolean)
+                  filterExpr: (ds is not null and hr is not null) (type: boolean)
                   Statistics: Num rows: 2000 Data size: 21248 Basic stats: COMPLETE Column stats: NONE
                   Select Operator
                     expressions: ds (type: string), hr (type: string)
@@ -1170,10 +1170,10 @@ STAGE PLANS:
             Map Operator Tree:
                 TableScan
                   alias: srcpart_date_hour
-                  filterExpr: ((((date = '2008-04-08') and (UDFToDouble(hour) = 11.0)) and hr is not null) and ds is not null) (type: boolean)
+                  filterExpr: (((ds is not null and hr is not null) and (date = '2008-04-08')) and (UDFToDouble(hour) = 11.0)) (type: boolean)
                   Statistics: Num rows: 4 Data size: 108 Basic stats: COMPLETE Column stats: NONE
                   Filter Operator
-                    predicate: ((((date = '2008-04-08') and (UDFToDouble(hour) = 11.0)) and hr is not null) and ds is not null) (type: boolean)
+                    predicate: (((ds is not null and hr is not null) and (date = '2008-04-08')) and (UDFToDouble(hour) = 11.0)) (type: boolean)
                     Statistics: Num rows: 1 Data size: 27 Basic stats: COMPLETE Column stats: NONE
                     Select Operator
                       expressions: ds (type: string), hr (type: string)
@@ -1290,10 +1290,10 @@ STAGE PLANS:
             Map Operator Tree:
                 TableScan
                   alias: srcpart_date
-                  filterExpr: ((date = 'I DONT EXIST') and ds is not null) (type: boolean)
+                  filterExpr: (ds is not null and (date = 'I DONT EXIST')) (type: boolean)
                   Statistics: Num rows: 2 Data size: 42 Basic stats: COMPLETE Column stats: NONE
                   Filter Operator
-                    predicate: ((date = 'I DONT EXIST') and ds is not null) (type: boolean)
+                    predicate: (ds is not null and (date = 'I DONT EXIST')) (type: boolean)
                     Statistics: Num rows: 1 Data size: 21 Basic stats: COMPLETE Column stats: NONE
                     Select Operator
                       expressions: ds (type: string)
@@ -1412,10 +1412,10 @@ STAGE PLANS:
             Map Operator Tree:
                 TableScan
                   alias: srcpart_date
-                  filterExpr: ((date = 'I DONT EXIST') and ds is not null) (type: boolean)
+                  filterExpr: (ds is not null and (date = 'I DONT EXIST')) (type: boolean)
                   Statistics: Num rows: 2 Data size: 42 Basic stats: COMPLETE Column stats: NONE
                   Filter Operator
-                    predicate: ((date = 'I DONT EXIST') and ds is not null) (type: boolean)
+                    predicate: (ds is not null and (date = 'I DONT EXIST')) (type: boolean)
                     Statistics: Num rows: 1 Data size: 21 Basic stats: COMPLETE Column stats: NONE
                     Select Operator
                       expressions: ds (type: string)
@@ -1530,10 +1530,10 @@ STAGE PLANS:
             Map Operator Tree:
                 TableScan
                   alias: srcpart_double_hour
-                  filterExpr: ((UDFToDouble(hour) = 11.0) and hr is not null) (type: boolean)
+                  filterExpr: (hr is not null and (UDFToDouble(hour) = 11.0)) (type: boolean)
                   Statistics: Num rows: 2 Data size: 14 Basic stats: COMPLETE Column stats: NONE
                   Filter Operator
-                    predicate: ((UDFToDouble(hour) = 11.0) and hr is not null) (type: boolean)
+                    predicate: (hr is not null and (UDFToDouble(hour) = 11.0)) (type: boolean)
                     Statistics: Num rows: 1 Data size: 7 Basic stats: COMPLETE Column stats: NONE
                     Select Operator
                       expressions: hr (type: double)
@@ -1652,10 +1652,10 @@ STAGE PLANS:
             Map Operator Tree:
                 TableScan
                   alias: srcpart_double_hour
-                  filterExpr: ((UDFToDouble(hour) = 11.0) and hr is not null) (type: boolean)
+                  filterExpr: (hr is not null and (UDFToDouble(hour) = 11.0)) (type: boolean)
                   Statistics: Num rows: 2 Data size: 14 Basic stats: COMPLETE Column stats: NONE
                   Filter Operator
-                    predicate: ((UDFToDouble(hour) = 11.0) and hr is not null) (type: boolean)
+                    predicate: (hr is not null and (UDFToDouble(hour) = 11.0)) (type: boolean)
                     Statistics: Num rows: 1 Data size: 7 Basic stats: COMPLETE Column stats: NONE
                     Select Operator
                       expressions: hr (type: double)
@@ -1774,10 +1774,10 @@ STAGE PLANS:
             Map Operator Tree:
                 TableScan
                   alias: srcpart_double_hour
-                  filterExpr: ((UDFToDouble(hour) = 11.0) and hr is not null) (type: boolean)
+                  filterExpr: (hr is not null and (UDFToDouble(hour) = 11.0)) (type: boolean)
                   Statistics: Num rows: 2 Data size: 14 Basic stats: COMPLETE Column stats: NONE
                   Filter Operator
-                    predicate: ((UDFToDouble(hour) = 11.0) and hr is not null) (type: boolean)
+                    predicate: (hr is not null and (UDFToDouble(hour) = 11.0)) (type: boolean)
                     Statistics: Num rows: 1 Data size: 7 Basic stats: COMPLETE Column stats: NONE
                     Select Operator
                       expressions: hr (type: double)
@@ -1881,10 +1881,10 @@ STAGE PLANS:
             Map Operator Tree:
                 TableScan
                   alias: srcpart_double_hour
-                  filterExpr: ((UDFToDouble(hour) = 11.0) and hr is not null) (type: boolean)
+                  filterExpr: (hr is not null and (UDFToDouble(hour) = 11.0)) (type: boolean)
                   Statistics: Num rows: 2 Data size: 14 Basic stats: COMPLETE Column stats: NONE
                   Filter Operator
-                    predicate: ((UDFToDouble(hour) = 11.0) and hr is not null) (type: boolean)
+                    predicate: (hr is not null and (UDFToDouble(hour) = 11.0)) (type: boolean)
                     Statistics: Num rows: 1 Data size: 7 Basic stats: COMPLETE Column stats: NONE
                     Select Operator
                       expressions: hr (type: double)
@@ -2001,10 +2001,10 @@ STAGE PLANS:
             Map Operator Tree:
                 TableScan
                   alias: srcpart_double_hour
-                  filterExpr: ((UDFToDouble(hour) = 11.0) and hr is not null) (type: boolean)
+                  filterExpr: (hr is not null and (UDFToDouble(hour) = 11.0)) (type: boolean)
                   Statistics: Num rows: 2 Data size: 14 Basic stats: COMPLETE Column stats: NONE
                   Filter Operator
-                    predicate: ((UDFToDouble(hour) = 11.0) and hr is not null) (type: boolean)
+                    predicate: (hr is not null and (UDFToDouble(hour) = 11.0)) (type: boolean)
                     Statistics: Num rows: 1 Data size: 7 Basic stats: COMPLETE Column stats: NONE
                     Select Operator
                       expressions: hr (type: double)
@@ -2401,10 +2401,10 @@ STAGE PLANS:
             Map Operator Tree:
                 TableScan
                   alias: srcpart_date_hour
-                  filterExpr: ((((date = '2008-04-08') and (UDFToDouble(hour) = 11.0)) and hr is not null) and ds is not null) (type: boolean)
+                  filterExpr: ((((date = '2008-04-08') and (UDFToDouble(hour) = 11.0)) and ds is not null) and hr is not null) (type: boolean)
                   Statistics: Num rows: 4 Data size: 108 Basic stats: COMPLETE Column stats: NONE
                   Filter Operator
-                    predicate: ((((date = '2008-04-08') and (UDFToDouble(hour) = 11.0)) and hr is not null) and ds is not null) (type: boolean)
+                    predicate: ((((date = '2008-04-08') and (UDFToDouble(hour) = 11.0)) and ds is not null) and hr is not null) (type: boolean)
                     Statistics: Num rows: 1 Data size: 27 Basic stats: COMPLETE Column stats: NONE
                     Select Operator
                       expressions: ds (type: string), hr (type: string)
@@ -2853,10 +2853,10 @@ STAGE PLANS:
             Map Operator Tree:
                 TableScan
                   alias: srcpart_date
-                  filterExpr: ((date = '2008-04-08') and ds is not null) (type: boolean)
+                  filterExpr: (ds is not null and (date = '2008-04-08')) (type: boolean)
                   Statistics: Num rows: 2 Data size: 42 Basic stats: COMPLETE Column stats: NONE
                   Filter Operator
-                    predicate: ((date = '2008-04-08') and ds is not null) (type: boolean)
+                    predicate: (ds is not null and (date = '2008-04-08')) (type: boolean)
                     Statistics: Num rows: 1 Data size: 21 Basic stats: COMPLETE Column stats: NONE
                     Select Operator
                       expressions: ds (type: string)
@@ -2993,10 +2993,10 @@ STAGE PLANS:
             Map Operator Tree:
                 TableScan
                   alias: srcpart
-                  filterExpr: ((UDFToDouble(hr) = 13.0) and ds is not null) (type: boolean)
+                  filterExpr: (ds is not null and (UDFToDouble(hr) = 13.0)) (type: boolean)
                   Statistics: Num rows: 1 Data size: 0 Basic stats: PARTIAL Column stats: NONE
                   Filter Operator
-                    predicate: ((UDFToDouble(hr) = 13.0) and ds is not null) (type: boolean)
+                    predicate: (ds is not null and (UDFToDouble(hr) = 13.0)) (type: boolean)
                     Statistics: Num rows: 1 Data size: 0 Basic stats: PARTIAL Column stats: NONE
                     Select Operator
                       expressions: ds (type: string)
@@ -3011,10 +3011,10 @@ STAGE PLANS:
             Map Operator Tree:
                 TableScan
                   alias: srcpart_date
-                  filterExpr: ((date = '2008-04-08') and ds is not null) (type: boolean)
+                  filterExpr: (ds is not null and (date = '2008-04-08')) (type: boolean)
                   Statistics: Num rows: 2 Data size: 42 Basic stats: COMPLETE Column stats: NONE
                   Filter Operator
-                    predicate: ((date = '2008-04-08') and ds is not null) (type: boolean)
+                    predicate: (ds is not null and (date = '2008-04-08')) (type: boolean)
                     Statistics: Num rows: 1 Data size: 21 Basic stats: COMPLETE Column stats: NONE
                     Select Operator
                       expressions: ds (type: string)
@@ -3818,10 +3818,10 @@ STAGE PLANS:
             Map Operator Tree:
                 TableScan
                   alias: srcpart_date
-                  filterExpr: ((date = '2008-04-08') and ds is not null) (type: boolean)
+                  filterExpr: (ds is not null and (date = '2008-04-08')) (type: boolean)
                   Statistics: Num rows: 2 Data size: 42 Basic stats: COMPLETE Column stats: NONE
                   Filter Operator
-                    predicate: ((date = '2008-04-08') and ds is not null) (type: boolean)
+                    predicate: (ds is not null and (date = '2008-04-08')) (type: boolean)
                     Statistics: Num rows: 1 Data size: 21 Basic stats: COMPLETE Column stats: NONE
                     Select Operator
                       expressions: ds (type: string)
@@ -3951,10 +3951,10 @@ STAGE PLANS:
             Map Operator Tree:
                 TableScan
                   alias: srcpart_date
-                  filterExpr: ((date = '2008-04-08') and ds is not null) (type: boolean)
+                  filterExpr: (ds is not null and (date = '2008-04-08')) (type: boolean)
                   Statistics: Num rows: 2 Data size: 42 Basic stats: COMPLETE Column stats: NONE
                   Filter Operator
-                    predicate: ((date = '2008-04-08') and ds is not null) (type: boolean)
+                    predicate: (ds is not null and (date = '2008-04-08')) (type: boolean)
                     Statistics: Num rows: 1 Data size: 21 Basic stats: COMPLETE Column stats: NONE
                     Select Operator
                       expressions: ds (type: string)
@@ -4083,10 +4083,10 @@ STAGE PLANS:
             Map Operator Tree:
                 TableScan
                   alias: srcpart_date
-                  filterExpr: ((date = '2008-04-08') and ds is not null) (type: boolean)
+                  filterExpr: (ds is not null and (date = '2008-04-08')) (type: boolean)
                   Statistics: Num rows: 2 Data size: 42 Basic stats: COMPLETE Column stats: NONE
                   Filter Operator
-                    predicate: ((date = '2008-04-08') and ds is not null) (type: boolean)
+                    predicate: (ds is not null and (date = '2008-04-08')) (type: boolean)
                     Statistics: Num rows: 1 Data size: 21 Basic stats: COMPLETE Column stats: NONE
                     Select Operator
                       expressions: ds (type: string)
@@ -4116,10 +4116,10 @@ STAGE PLANS:
             Map Operator Tree:
                 TableScan
                   alias: srcpart_hour
-                  filterExpr: ((UDFToDouble(hour) = 11.0) and hr is not null) (type: boolean)
+                  filterExpr: (hr is not null and (UDFToDouble(hour) = 11.0)) (type: boolean)
                   Statistics: Num rows: 2 Data size: 10 Basic stats: COMPLETE Column stats: NONE
                   Filter Operator
-                    predicate: ((UDFToDouble(hour) = 11.0) and hr is not null) (type: boolean)
+                    predicate: (hr is not null and (UDFToDouble(hour) = 11.0)) (type: boolean)
                     Statistics: Num rows: 1 Data size: 5 Basic stats: COMPLETE Column stats: NONE
                     Select Operator
                       expressions: hr (type: string)
@@ -4250,10 +4250,10 @@ STAGE PLANS:
             Map Operator Tree:
                 TableScan
                   alias: srcpart_date_hour
-                  filterExpr: ((((date = '2008-04-08') and (UDFToDouble(hour) = 11.0)) and hr is not null) and ds is not null) (type: boolean)
+                  filterExpr: (((ds is not null and hr is not null) and (date = '2008-04-08')) and (UDFToDouble(hour) = 11.0)) (type: boolean)
                   Statistics: Num rows: 4 Data size: 108 Basic stats: COMPLETE Column stats: NONE
                   Filter Operator
-                    predicate: ((((date = '2008-04-08') and (UDFToDouble(hour) = 11.0)) and hr is not null) and ds is not null) (type: boolean)
+                    predicate: (((ds is not null and hr is not null) and (date = '2008-04-08')) and (UDFToDouble(hour) = 11.0)) (type: boolean)
                     Statistics: Num rows: 1 Data size: 27 Basic stats: COMPLETE Column stats: NONE
                     Select Operator
                       expressions: ds (type: string), hr (type: string)
@@ -4396,10 +4396,10 @@ STAGE PLANS:
             Map Operator Tree:
                 TableScan
                   alias: srcpart_date
-                  filterExpr: ((date = 'I DONT EXIST') and ds is not null) (type: boolean)
+                  filterExpr: (ds is not null and (date = 'I DONT EXIST')) (type: boolean)
                   Statistics: Num rows: 2 Data size: 42 Basic stats: COMPLETE Column stats: NONE
                   Filter Operator
-                    predicate: ((date = 'I DONT EXIST') and ds is not null) (type: boolean)
+                    predicate: (ds is not null and (date = 'I DONT EXIST')) (type: boolean)
                     Statistics: Num rows: 1 Data size: 21 Basic stats: COMPLETE Column stats: NONE
                     Select Operator
                       expressions: ds (type: string)
@@ -4503,10 +4503,10 @@ STAGE PLANS:
             Map Operator Tree:
                 TableScan
                   alias: srcpart_double_hour
-                  filterExpr: ((UDFToDouble(hour) = 11.0) and hr is not null) (type: boolean)
+                  filterExpr: (hr is not null and (UDFToDouble(hour) = 11.0)) (type: boolean)
                   Statistics: Num rows: 2 Data size: 14 Basic stats: COMPLETE Column stats: NONE
                   Filter Operator
-                    predicate: ((UDFToDouble(hour) = 11.0) and hr is not null) (type: boolean)
+                    predicate: (hr is not null and (UDFToDouble(hour) = 11.0)) (type: boolean)
                     Statistics: Num rows: 1 Data size: 7 Basic stats: COMPLETE Column stats: NONE
                     Select Operator
                       expressions: hr (type: double)
@@ -4621,10 +4621,10 @@ STAGE PLANS:
             Map Operator Tree:
                 TableScan
                   alias: srcpart_double_hour
-                  filterExpr: ((UDFToDouble(hour) = 11.0) and hr is not null) (type: boolean)
+                  filterExpr: (hr is not null and (UDFToDouble(hour) = 11.0)) (type: boolean)
                   Statistics: Num rows: 2 Data size: 14 Basic stats: COMPLETE Column stats: NONE
                   Filter Operator
-                    predicate: ((UDFToDouble(hour) = 11.0) and hr is not null) (type: boolean)
+                    predicate: (hr is not null and (UDFToDouble(hour) = 11.0)) (type: boolean)
                     Statistics: Num rows: 1 Data size: 7 Basic stats: COMPLETE Column stats: NONE
                     Select Operator
                       expressions: hr (type: double)
@@ -5164,10 +5164,10 @@ STAGE PLANS:
             Map Operator Tree:
                 TableScan
                   alias: srcpart_date
-                  filterExpr: ((date = '2008-04-08') and ds is not null) (type: boolean)
+                  filterExpr: (ds is not null and (date = '2008-04-08')) (type: boolean)
                   Statistics: Num rows: 2 Data size: 42 Basic stats: COMPLETE Column stats: NONE
                   Filter Operator
-                    predicate: ((date = '2008-04-08') and ds is not null) (type: boolean)
+                    predicate: (ds is not null and (date = '2008-04-08')) (type: boolean)
                     Statistics: Num rows: 1 Data size: 21 Basic stats: COMPLETE Column stats: NONE
                     Select Operator
                       expressions: ds (type: string)
@@ -5271,10 +5271,10 @@ STAGE PLANS:
             Map Operator Tree:
                 TableScan
                   alias: srcpart
-                  filterExpr: ((UDFToDouble(hr) = 13.0) and ds is not null) (type: boolean)
+                  filterExpr: (ds is not null and (UDFToDouble(hr) = 13.0)) (type: boolean)
                   Statistics: Num rows: 1 Data size: 0 Basic stats: PARTIAL Column stats: NONE
                   Filter Operator
-                    predicate: ((UDFToDouble(hr) = 13.0) and ds is not null) (type: boolean)
+                    predicate: (ds is not null and (UDFToDouble(hr) = 13.0)) (type: boolean)
                     Statistics: Num rows: 1 Data size: 0 Basic stats: PARTIAL Column stats: NONE
                     Select Operator
                       expressions: ds (type: string)
@@ -5289,10 +5289,10 @@ STAGE PLANS:
             Map Operator Tree:
                 TableScan
                   alias: srcpart_date
-                  filterExpr: ((date = '2008-04-08') and ds is not null) (type: boolean)
+                  filterExpr: (ds is not null and (date = '2008-04-08')) (type: boolean)
                   Statistics: Num rows: 2 Data size: 42 Basic stats: COMPLETE Column stats: NONE
                   Filter Operator
-                    predicate: ((date = '2008-04-08') and ds is not null) (type: boolean)
+                    predicate: (ds is not null and (date = '2008-04-08')) (type: boolean)
                     Statistics: Num rows: 1 Data size: 21 Basic stats: COMPLETE Column stats: NONE
                     Select Operator
                       expressions: ds (type: string)
@@ -5655,10 +5655,10 @@ STAGE PLANS:
             Map Operator Tree:
                 TableScan
                   alias: srcpart_date_hour
-                  filterExpr: ((((UDFToDouble(hour) = 11.0) and ((date = '2008-04-08') or (date = '2008-04-09'))) and hr is not null) and ds is not null) (type: boolean)
+                  filterExpr: (((ds is not null and hr is not null) and ((date = '2008-04-08') or (date = '2008-04-09'))) and (UDFToDouble(hour) = 11.0)) (type: boolean)
                   Statistics: Num rows: 4 Data size: 108 Basic stats: COMPLETE Column stats: NONE
                   Filter Operator
-                    predicate: ((((UDFToDouble(hour) = 11.0) and ((date = '2008-04-08') or (date = '2008-04-09'))) and hr is not null) and ds is not null) (type: boolean)
+                    predicate: (((ds is not null and hr is not null) and ((date = '2008-04-08') or (date = '2008-04-09'))) and (UDFToDouble(hour) = 11.0)) (type: boolean)
                     Statistics: Num rows: 2 Data size: 54 Basic stats: COMPLETE Column stats: NONE
                     Select Operator
                       expressions: ds (type: string), hr (type: string)
diff --git a/ql/src/test/results/clientpositive/tez/explainuser_1.q.out b/ql/src/test/results/clientpositive/tez/explainuser_1.q.out
index 8c78fd9d7f..4c7e91bdaa 100644
--- a/ql/src/test/results/clientpositive/tez/explainuser_1.q.out
+++ b/ql/src/test/results/clientpositive/tez/explainuser_1.q.out
@@ -840,7 +840,7 @@ Stage-0
                                                                   outputColumnNames:["_col0","_col1","_col2"]
                                                                   Statistics:Num rows: 1 Data size: 93 Basic stats: COMPLETE Column stats: COMPLETE
                                                                   Filter Operator [FIL_45]
-                                                                     predicate:((((((c_int + 1) >= 0) and ((c_int > 0) or (c_float >= 0.0))) and (c_float > 0.0)) and ((c_int >= 1) or (c_float >= 1.0))) and ((UDFToFloat(c_int) + c_float) >= 0.0)) (type: boolean)
+                                                                     predicate:(((((((c_int + 1) >= 0) and ((c_int > 0) or (c_float >= 0.0))) and (c_float > 0.0)) and ((c_int >= 1) or (c_float >= 1.0))) and ((UDFToFloat(c_int) + c_float) >= 0.0)) and key is not null) (type: boolean)
                                                                      Statistics:Num rows: 1 Data size: 93 Basic stats: COMPLETE Column stats: COMPLETE
                                                                      TableScan [TS_11]
                                                                         alias:cbo_t2
@@ -1931,19 +1931,19 @@ Stage-0
          Reducer 3
          File Output Operator [FS_19]
             compressed:false
-            Statistics:Num rows: 6 Data size: 606 Basic stats: COMPLETE Column stats: COMPLETE
+            Statistics:Num rows: 14 Data size: 1414 Basic stats: COMPLETE Column stats: COMPLETE
             table:{"input format:":"org.apache.hadoop.mapred.TextInputFormat","output format:":"org.apache.hadoop.hive.ql.io.HiveIgnoreKeyTextOutputFormat","serde:":"org.apache.hadoop.hive.serde2.lazy.LazySimpleSerDe"}
             Select Operator [SEL_18]
                outputColumnNames:["_col0","_col1","_col2","_col3","_col4"]
-               Statistics:Num rows: 6 Data size: 606 Basic stats: COMPLETE Column stats: COMPLETE
+               Statistics:Num rows: 14 Data size: 1414 Basic stats: COMPLETE Column stats: COMPLETE
                Filter Operator [FIL_17]
                   predicate:((_col1 > 0) or (_col6 >= 0)) (type: boolean)
-                  Statistics:Num rows: 6 Data size: 606 Basic stats: COMPLETE Column stats: COMPLETE
+                  Statistics:Num rows: 14 Data size: 1414 Basic stats: COMPLETE Column stats: COMPLETE
                   Merge Join Operator [MERGEJOIN_28]
                   |  condition map:[{"":"Inner Join 0 to 1"}]
                   |  keys:{"0":"_col0 (type: string)","1":"_col0 (type: string)"}
                   |  outputColumnNames:["_col1","_col2","_col3","_col4","_col6"]
-                  |  Statistics:Num rows: 10 Data size: 1010 Basic stats: COMPLETE Column stats: COMPLETE
+                  |  Statistics:Num rows: 21 Data size: 2121 Basic stats: COMPLETE Column stats: COMPLETE
                   |<-Map 5 [SIMPLE_EDGE]
                   |  Reduce Output Operator [RS_15]
                   |     key expressions:_col0 (type: string)
@@ -1965,16 +1965,16 @@ Stage-0
                         key expressions:_col0 (type: string)
                         Map-reduce partition columns:_col0 (type: string)
                         sort order:+
-                        Statistics:Num rows: 3 Data size: 546 Basic stats: COMPLETE Column stats: COMPLETE
+                        Statistics:Num rows: 6 Data size: 1092 Basic stats: COMPLETE Column stats: COMPLETE
                         value expressions:_col1 (type: int), _col2 (type: float), _col3 (type: string), _col4 (type: int)
                         Filter Operator [FIL_9]
                            predicate:(((_col1 + _col4) = 2) and ((_col4 + 1) = 2)) (type: boolean)
-                           Statistics:Num rows: 3 Data size: 546 Basic stats: COMPLETE Column stats: COMPLETE
+                           Statistics:Num rows: 6 Data size: 1092 Basic stats: COMPLETE Column stats: COMPLETE
                            Merge Join Operator [MERGEJOIN_27]
                            |  condition map:[{"":"Left Outer Join0 to 1"}]
                            |  keys:{"0":"_col0 (type: string)","1":"_col0 (type: string)"}
                            |  outputColumnNames:["_col0","_col1","_col2","_col3","_col4"]
-                           |  Statistics:Num rows: 15 Data size: 2730 Basic stats: COMPLETE Column stats: COMPLETE
+                           |  Statistics:Num rows: 25 Data size: 4550 Basic stats: COMPLETE Column stats: COMPLETE
                            |<-Map 1 [SIMPLE_EDGE]
                            |  Reduce Output Operator [RS_6]
                            |     key expressions:_col0 (type: string)
@@ -1996,14 +1996,14 @@ Stage-0
                                  key expressions:_col0 (type: string)
                                  Map-reduce partition columns:_col0 (type: string)
                                  sort order:+
-                                 Statistics:Num rows: 6 Data size: 445 Basic stats: COMPLETE Column stats: COMPLETE
+                                 Statistics:Num rows: 5 Data size: 356 Basic stats: COMPLETE Column stats: COMPLETE
                                  value expressions:_col1 (type: int)
                                  Select Operator [SEL_5]
                                     outputColumnNames:["_col0","_col1"]
-                                    Statistics:Num rows: 6 Data size: 445 Basic stats: COMPLETE Column stats: COMPLETE
+                                    Statistics:Num rows: 5 Data size: 356 Basic stats: COMPLETE Column stats: COMPLETE
                                     Filter Operator [FIL_25]
-                                       predicate:(((c_int + 1) = 2) and ((c_int > 0) or (c_float >= 0.0))) (type: boolean)
-                                       Statistics:Num rows: 6 Data size: 465 Basic stats: COMPLETE Column stats: COMPLETE
+                                       predicate:((((c_int + 1) = 2) and ((c_int > 0) or (c_float >= 0.0))) and key is not null) (type: boolean)
+                                       Statistics:Num rows: 5 Data size: 372 Basic stats: COMPLETE Column stats: COMPLETE
                                        TableScan [TS_3]
                                           alias:cbo_t2
                                           Statistics:Num rows: 20 Data size: 1674 Basic stats: COMPLETE Column stats: COMPLETE
@@ -2576,7 +2576,7 @@ Stage-0
                |        outputColumnNames:["_col0","_col1"]
                |        Statistics:Num rows: 6 Data size: 465 Basic stats: COMPLETE Column stats: COMPLETE
                |        Filter Operator [FIL_15]
-               |           predicate:((((c_int + 1) = 2) and key is not null) and ((c_int > 0) or (c_float >= 0.0))) (type: boolean)
+               |           predicate:((key is not null and ((c_int + 1) = 2)) and ((c_int > 0) or (c_float >= 0.0))) (type: boolean)
                |           Statistics:Num rows: 6 Data size: 465 Basic stats: COMPLETE Column stats: COMPLETE
                |           TableScan [TS_0]
                |              alias:cbo_t1
@@ -3177,7 +3177,7 @@ Stage-0
             |        outputColumnNames:["_col0","_col1"]
             |        Statistics:Num rows: 166 Data size: 29548 Basic stats: COMPLETE Column stats: COMPLETE
             |        Filter Operator [FIL_15]
-            |           predicate:((value > 'val_9') and key is not null) (type: boolean)
+            |           predicate:(key is not null and (value > 'val_9')) (type: boolean)
             |           Statistics:Num rows: 166 Data size: 29548 Basic stats: COMPLETE Column stats: COMPLETE
             |           TableScan [TS_0]
             |              alias:b
@@ -3249,7 +3249,7 @@ Stage-0
             |        outputColumnNames:["_col0","_col1"]
             |        Statistics:Num rows: 166 Data size: 29548 Basic stats: COMPLETE Column stats: COMPLETE
             |        Filter Operator [FIL_15]
-            |           predicate:((value > 'val_9') and key is not null) (type: boolean)
+            |           predicate:(key is not null and (value > 'val_9')) (type: boolean)
             |           Statistics:Num rows: 166 Data size: 29548 Basic stats: COMPLETE Column stats: COMPLETE
             |           TableScan [TS_0]
             |              alias:b
@@ -3394,7 +3394,7 @@ Stage-0
                |     |        outputColumnNames:["_col0","_col1","_col2","_col3"]
                |     |        Statistics:Num rows: 16 Data size: 256 Basic stats: COMPLETE Column stats: COMPLETE
                |     |        Filter Operator [FIL_28]
-               |     |           predicate:(((l_linenumber = 1) and l_partkey is not null) and l_orderkey is not null) (type: boolean)
+               |     |           predicate:((l_partkey is not null and l_orderkey is not null) and (l_linenumber = 1)) (type: boolean)
                |     |           Statistics:Num rows: 16 Data size: 256 Basic stats: COMPLETE Column stats: COMPLETE
                |     |           TableScan [TS_0]
                |     |              alias:lineitem
@@ -3413,7 +3413,7 @@ Stage-0
                |                 outputColumnNames:["_col0"]
                |                 Statistics:Num rows: 14 Data size: 56 Basic stats: COMPLETE Column stats: COMPLETE
                |                 Filter Operator [FIL_29]
-               |                    predicate:(((l_shipmode = 'AIR') and (l_linenumber = 1)) and l_orderkey is not null) (type: boolean)
+               |                    predicate:(((l_shipmode = 'AIR') and l_orderkey is not null) and (l_linenumber = 1)) (type: boolean)
                |                    Statistics:Num rows: 14 Data size: 1344 Basic stats: COMPLETE Column stats: COMPLETE
                |                    TableScan [TS_3]
                |                       alias:lineitem
@@ -6409,7 +6409,7 @@ Stage-0
             |           outputColumnNames:["_col0","_col1"]
             |           Statistics:Num rows: 666 Data size: 118548 Basic stats: COMPLETE Column stats: COMPLETE
             |           Filter Operator [FIL_22]
-            |              predicate:((value > 'val_450') and key is not null) (type: boolean)
+            |              predicate:(key is not null and (value > 'val_450')) (type: boolean)
             |              Statistics:Num rows: 666 Data size: 118548 Basic stats: COMPLETE Column stats: COMPLETE
             |              TableScan [TS_0]
             |                 alias:srcpart
@@ -6486,7 +6486,7 @@ Stage-0
             |           outputColumnNames:["_col0","_col1"]
             |           Statistics:Num rows: 666 Data size: 118548 Basic stats: COMPLETE Column stats: COMPLETE
             |           Filter Operator [FIL_22]
-            |              predicate:((value > 'val_450') and key is not null) (type: boolean)
+            |              predicate:(key is not null and (value > 'val_450')) (type: boolean)
             |              Statistics:Num rows: 666 Data size: 118548 Basic stats: COMPLETE Column stats: COMPLETE
             |              TableScan [TS_0]
             |                 alias:srcpart
@@ -6563,7 +6563,7 @@ Stage-0
             |           outputColumnNames:["_col0","_col1"]
             |           Statistics:Num rows: 666 Data size: 118548 Basic stats: COMPLETE Column stats: COMPLETE
             |           Filter Operator [FIL_22]
-            |              predicate:((value > 'val_450') and key is not null) (type: boolean)
+            |              predicate:(key is not null and (value > 'val_450')) (type: boolean)
             |              Statistics:Num rows: 666 Data size: 118548 Basic stats: COMPLETE Column stats: COMPLETE
             |              TableScan [TS_0]
             |                 alias:srcpart
diff --git a/ql/src/test/results/clientpositive/tez/explainuser_2.q.out b/ql/src/test/results/clientpositive/tez/explainuser_2.q.out
index eb7d564b77..2d2f5f2297 100644
--- a/ql/src/test/results/clientpositive/tez/explainuser_2.q.out
+++ b/ql/src/test/results/clientpositive/tez/explainuser_2.q.out
@@ -471,7 +471,7 @@ Stage-0
                                     |        |                 |        outputColumnNames:["_col0","_col1","_col2","_col3","_col4"]
                                     |        |                 |        Statistics:Num rows: 42 Data size: 1455 Basic stats: COMPLETE Column stats: NONE
                                     |        |                 |        Filter Operator [FIL_86]
-                                    |        |                 |           predicate:(((((k3 is not null and (v3 = 'ssv3')) and k2 is not null) and k1 is not null) and v1 is not null) and v2 is not null) (type: boolean)
+                                    |        |                 |           predicate:((((((v3 = 'ssv3') and k2 is not null) and k3 is not null) and k1 is not null) and v1 is not null) and v2 is not null) (type: boolean)
                                     |        |                 |           Statistics:Num rows: 42 Data size: 1455 Basic stats: COMPLETE Column stats: NONE
                                     |        |                 |           TableScan [TS_9]
                                     |        |                 |              alias:ss
@@ -514,7 +514,7 @@ Stage-0
                                     |              |        outputColumnNames:["_col0","_col2","_col3","_col4","_col5"]
                                     |              |        Statistics:Num rows: 42 Data size: 1455 Basic stats: COMPLETE Column stats: NONE
                                     |              |        Filter Operator [FIL_89]
-                                    |              |           predicate:((((((v1 = 'srv1') and k3 is not null) and k2 is not null) and v3 is not null) and v2 is not null) and k1 is not null) (type: boolean)
+                                    |              |           predicate:((((((v1 = 'srv1') and k2 is not null) and k3 is not null) and v2 is not null) and v3 is not null) and k1 is not null) (type: boolean)
                                     |              |           Statistics:Num rows: 42 Data size: 1455 Basic stats: COMPLETE Column stats: NONE
                                     |              |           TableScan [TS_18]
                                     |              |              alias:sr
@@ -557,7 +557,7 @@ Stage-0
                                           |        outputColumnNames:["_col0","_col1","_col2","_col3"]
                                           |        Statistics:Num rows: 170 Data size: 5890 Basic stats: COMPLETE Column stats: NONE
                                           |        Filter Operator [FIL_83]
-                                          |           predicate:((v3 is not null and v2 is not null) and k1 is not null) (type: boolean)
+                                          |           predicate:((v2 is not null and v3 is not null) and k1 is not null) (type: boolean)
                                           |           Statistics:Num rows: 170 Data size: 5890 Basic stats: COMPLETE Column stats: NONE
                                           |           TableScan [TS_0]
                                           |              alias:cs
@@ -1604,7 +1604,7 @@ Stage-0
                                     |           outputColumnNames:["_col0","_col1","_col2","_col3"]
                                     |           Statistics:Num rows: 170 Data size: 5890 Basic stats: COMPLETE Column stats: NONE
                                     |           Filter Operator [FIL_83]
-                                    |              predicate:((v3 is not null and v2 is not null) and k1 is not null) (type: boolean)
+                                    |              predicate:((v2 is not null and v3 is not null) and k1 is not null) (type: boolean)
                                     |              Statistics:Num rows: 170 Data size: 5890 Basic stats: COMPLETE Column stats: NONE
                                     |              TableScan [TS_0]
                                     |                 alias:cs
@@ -1642,7 +1642,7 @@ Stage-0
                                           |     |        outputColumnNames:["_col0","_col2","_col3","_col4","_col5"]
                                           |     |        Statistics:Num rows: 42 Data size: 1455 Basic stats: COMPLETE Column stats: NONE
                                           |     |        Filter Operator [FIL_89]
-                                          |     |           predicate:((((((v1 = 'srv1') and k3 is not null) and k2 is not null) and v3 is not null) and v2 is not null) and k1 is not null) (type: boolean)
+                                          |     |           predicate:((((((v1 = 'srv1') and k2 is not null) and k3 is not null) and v2 is not null) and v3 is not null) and k1 is not null) (type: boolean)
                                           |     |           Statistics:Num rows: 42 Data size: 1455 Basic stats: COMPLETE Column stats: NONE
                                           |     |           TableScan [TS_18]
                                           |     |              alias:sr
@@ -1715,7 +1715,7 @@ Stage-0
                                                    |        outputColumnNames:["_col0","_col1","_col2","_col3","_col4"]
                                                    |        Statistics:Num rows: 42 Data size: 1455 Basic stats: COMPLETE Column stats: NONE
                                                    |        Filter Operator [FIL_86]
-                                                   |           predicate:(((((k3 is not null and (v3 = 'ssv3')) and k2 is not null) and k1 is not null) and v1 is not null) and v2 is not null) (type: boolean)
+                                                   |           predicate:((((((v3 = 'ssv3') and k2 is not null) and k3 is not null) and k1 is not null) and v1 is not null) and v2 is not null) (type: boolean)
                                                    |           Statistics:Num rows: 42 Data size: 1455 Basic stats: COMPLETE Column stats: NONE
                                                    |           TableScan [TS_9]
                                                    |              alias:ss
diff --git a/ql/src/test/results/clientpositive/tez/filter_join_breaktask.q.out b/ql/src/test/results/clientpositive/tez/filter_join_breaktask.q.out
index 01686416d3..a2e71035f6 100644
--- a/ql/src/test/results/clientpositive/tez/filter_join_breaktask.q.out
+++ b/ql/src/test/results/clientpositive/tez/filter_join_breaktask.q.out
@@ -225,7 +225,7 @@ STAGE PLANS:
                   GatherStats: false
                   Filter Operator
                     isSamplingPred: false
-                    predicate: ((value is not null and (value <> '')) and key is not null) (type: boolean)
+                    predicate: ((key is not null and value is not null) and (value <> '')) (type: boolean)
                     Statistics: Num rows: 25 Data size: 211 Basic stats: COMPLETE Column stats: NONE
                     Select Operator
                       expressions: key (type: int), value (type: string)
diff --git a/ql/src/test/results/clientpositive/tez/mapjoin_mapjoin.q.out b/ql/src/test/results/clientpositive/tez/mapjoin_mapjoin.q.out
index 3534a9cdcf..aad43c89be 100644
--- a/ql/src/test/results/clientpositive/tez/mapjoin_mapjoin.q.out
+++ b/ql/src/test/results/clientpositive/tez/mapjoin_mapjoin.q.out
@@ -490,7 +490,7 @@ STAGE PLANS:
                   alias: srcpart
                   Statistics: Num rows: 2000 Data size: 21248 Basic stats: COMPLETE Column stats: NONE
                   Filter Operator
-                    predicate: ((value > 'val_450') and key is not null) (type: boolean)
+                    predicate: (key is not null and (value > 'val_450')) (type: boolean)
                     Statistics: Num rows: 666 Data size: 7075 Basic stats: COMPLETE Column stats: NONE
                     Select Operator
                       expressions: key (type: string), value (type: string)
diff --git a/ql/src/test/results/clientpositive/tez/mergejoin.q.out b/ql/src/test/results/clientpositive/tez/mergejoin.q.out
index 4b2d9635fe..bfcd33649d 100644
--- a/ql/src/test/results/clientpositive/tez/mergejoin.q.out
+++ b/ql/src/test/results/clientpositive/tez/mergejoin.q.out
@@ -2654,14 +2654,12 @@ NULL	NULL	NULL	98	val_98	2008-04-08
 PREHOOK: query: select * from (select * from tab where tab.key = 0)a right outer join (select * from tab_part where tab_part.key = 98)b on a.key = b.key
 PREHOOK: type: QUERY
 PREHOOK: Input: default@tab
-PREHOOK: Input: default@tab@ds=2008-04-08
 PREHOOK: Input: default@tab_part
 PREHOOK: Input: default@tab_part@ds=2008-04-08
 #### A masked pattern was here ####
 POSTHOOK: query: select * from (select * from tab where tab.key = 0)a right outer join (select * from tab_part where tab_part.key = 98)b on a.key = b.key
 POSTHOOK: type: QUERY
 POSTHOOK: Input: default@tab
-POSTHOOK: Input: default@tab@ds=2008-04-08
 POSTHOOK: Input: default@tab_part
 POSTHOOK: Input: default@tab_part@ds=2008-04-08
 #### A masked pattern was here ####
@@ -2673,7 +2671,6 @@ full outer join
 (select * from tab_part where tab_part.key = 98)b join tab_part c on a.key = b.key and b.key = c.key
 PREHOOK: type: QUERY
 PREHOOK: Input: default@tab
-PREHOOK: Input: default@tab@ds=2008-04-08
 PREHOOK: Input: default@tab_part
 PREHOOK: Input: default@tab_part@ds=2008-04-08
 #### A masked pattern was here ####
@@ -2683,7 +2680,6 @@ full outer join
 (select * from tab_part where tab_part.key = 98)b join tab_part c on a.key = b.key and b.key = c.key
 POSTHOOK: type: QUERY
 POSTHOOK: Input: default@tab
-POSTHOOK: Input: default@tab@ds=2008-04-08
 POSTHOOK: Input: default@tab_part
 POSTHOOK: Input: default@tab_part@ds=2008-04-08
 #### A masked pattern was here ####
@@ -2693,7 +2689,6 @@ full outer join
 (select * from tab_part where tab_part.key = 98)b on a.key = b.key join tab_part c on b.key = c.key
 PREHOOK: type: QUERY
 PREHOOK: Input: default@tab
-PREHOOK: Input: default@tab@ds=2008-04-08
 PREHOOK: Input: default@tab_part
 PREHOOK: Input: default@tab_part@ds=2008-04-08
 #### A masked pattern was here ####
@@ -2703,7 +2698,6 @@ full outer join
 (select * from tab_part where tab_part.key = 98)b on a.key = b.key join tab_part c on b.key = c.key
 POSTHOOK: type: QUERY
 POSTHOOK: Input: default@tab
-POSTHOOK: Input: default@tab@ds=2008-04-08
 POSTHOOK: Input: default@tab_part
 POSTHOOK: Input: default@tab_part@ds=2008-04-08
 #### A masked pattern was here ####
@@ -3244,7 +3238,6 @@ join
 (select * from tab_part where tab_part.key = 98)b on a.key = b.key full outer join tab_part c on b.key = c.key
 PREHOOK: type: QUERY
 PREHOOK: Input: default@tab
-PREHOOK: Input: default@tab@ds=2008-04-08
 PREHOOK: Input: default@tab_part
 PREHOOK: Input: default@tab_part@ds=2008-04-08
 #### A masked pattern was here ####
@@ -3254,7 +3247,6 @@ join
 (select * from tab_part where tab_part.key = 98)b on a.key = b.key full outer join tab_part c on b.key = c.key
 POSTHOOK: type: QUERY
 POSTHOOK: Input: default@tab
-POSTHOOK: Input: default@tab@ds=2008-04-08
 POSTHOOK: Input: default@tab_part
 POSTHOOK: Input: default@tab_part@ds=2008-04-08
 #### A masked pattern was here ####
diff --git a/ql/src/test/results/clientpositive/tez/skewjoin.q.out b/ql/src/test/results/clientpositive/tez/skewjoin.q.out
index fc084cc5b8..9ec477cbd6 100644
--- a/ql/src/test/results/clientpositive/tez/skewjoin.q.out
+++ b/ql/src/test/results/clientpositive/tez/skewjoin.q.out
@@ -705,7 +705,7 @@ STAGE PLANS:
                   alias: src
                   Statistics: Num rows: 500 Data size: 5312 Basic stats: COMPLETE Column stats: NONE
                   Filter Operator
-                    predicate: (value is not null and key is not null) (type: boolean)
+                    predicate: (key is not null and value is not null) (type: boolean)
                     Statistics: Num rows: 500 Data size: 5312 Basic stats: COMPLETE Column stats: NONE
                     Select Operator
                       expressions: key (type: string), value (type: string)
@@ -722,7 +722,7 @@ STAGE PLANS:
                   alias: src
                   Statistics: Num rows: 500 Data size: 5312 Basic stats: COMPLETE Column stats: NONE
                   Filter Operator
-                    predicate: (value is not null and key is not null) (type: boolean)
+                    predicate: (key is not null and value is not null) (type: boolean)
                     Statistics: Num rows: 500 Data size: 5312 Basic stats: COMPLETE Column stats: NONE
                     Select Operator
                       expressions: key (type: string), value (type: string)
@@ -871,17 +871,17 @@ STAGE PLANS:
                   alias: src
                   Statistics: Num rows: 500 Data size: 5312 Basic stats: COMPLETE Column stats: NONE
                   Filter Operator
-                    predicate: (UDFToDouble(key) < 100.0) (type: boolean)
-                    Statistics: Num rows: 166 Data size: 1763 Basic stats: COMPLETE Column stats: NONE
+                    predicate: ((UDFToDouble(key) < 100.0) and (UDFToDouble(key) < 80.0)) (type: boolean)
+                    Statistics: Num rows: 55 Data size: 584 Basic stats: COMPLETE Column stats: NONE
                     Select Operator
                       expressions: key (type: string), value (type: string)
                       outputColumnNames: _col0, _col1
-                      Statistics: Num rows: 166 Data size: 1763 Basic stats: COMPLETE Column stats: NONE
+                      Statistics: Num rows: 55 Data size: 584 Basic stats: COMPLETE Column stats: NONE
                       Reduce Output Operator
                         key expressions: _col0 (type: string)
                         sort order: +
                         Map-reduce partition columns: _col0 (type: string)
-                        Statistics: Num rows: 166 Data size: 1763 Basic stats: COMPLETE Column stats: NONE
+                        Statistics: Num rows: 55 Data size: 584 Basic stats: COMPLETE Column stats: NONE
                         value expressions: _col1 (type: string)
         Reducer 2 
             Reduce Operator Tree:
@@ -894,11 +894,11 @@ STAGE PLANS:
                   1 _col0 (type: string)
                   2 _col0 (type: string)
                 outputColumnNames: _col0, _col3
-                Statistics: Num rows: 365 Data size: 3878 Basic stats: COMPLETE Column stats: NONE
+                Statistics: Num rows: 121 Data size: 1284 Basic stats: COMPLETE Column stats: NONE
                 Select Operator
                   expressions: hash(_col0) (type: int), hash(_col3) (type: int)
                   outputColumnNames: _col0, _col1
-                  Statistics: Num rows: 365 Data size: 3878 Basic stats: COMPLETE Column stats: NONE
+                  Statistics: Num rows: 121 Data size: 1284 Basic stats: COMPLETE Column stats: NONE
                   Group By Operator
                     aggregations: sum(_col0), sum(_col1)
                     mode: hash
diff --git a/ql/src/test/results/clientpositive/tez/subquery_exists.q.out b/ql/src/test/results/clientpositive/tez/subquery_exists.q.out
index 5121a144c1..fc6f68c6dd 100644
--- a/ql/src/test/results/clientpositive/tez/subquery_exists.q.out
+++ b/ql/src/test/results/clientpositive/tez/subquery_exists.q.out
@@ -41,7 +41,7 @@ STAGE PLANS:
                   alias: b
                   Statistics: Num rows: 500 Data size: 5312 Basic stats: COMPLETE Column stats: NONE
                   Filter Operator
-                    predicate: ((value > 'val_9') and key is not null) (type: boolean)
+                    predicate: (key is not null and (value > 'val_9')) (type: boolean)
                     Statistics: Num rows: 166 Data size: 1763 Basic stats: COMPLETE Column stats: NONE
                     Select Operator
                       expressions: key (type: string), value (type: string)
diff --git a/ql/src/test/results/clientpositive/tez/subquery_in.q.out b/ql/src/test/results/clientpositive/tez/subquery_in.q.out
index a4887e4e69..8e0d882060 100644
--- a/ql/src/test/results/clientpositive/tez/subquery_in.q.out
+++ b/ql/src/test/results/clientpositive/tez/subquery_in.q.out
@@ -149,7 +149,7 @@ STAGE PLANS:
                   alias: b
                   Statistics: Num rows: 500 Data size: 5312 Basic stats: COMPLETE Column stats: NONE
                   Filter Operator
-                    predicate: ((key > '9') and value is not null) (type: boolean)
+                    predicate: (value is not null and (key > '9')) (type: boolean)
                     Statistics: Num rows: 166 Data size: 1763 Basic stats: COMPLETE Column stats: NONE
                     Select Operator
                       expressions: key (type: string), value (type: string)
@@ -445,7 +445,7 @@ STAGE PLANS:
                   alias: b
                   Statistics: Num rows: 26 Data size: 3147 Basic stats: COMPLETE Column stats: NONE
                   Filter Operator
-                    predicate: (p_size is not null and p_mfgr is not null) (type: boolean)
+                    predicate: (p_mfgr is not null and p_size is not null) (type: boolean)
                     Statistics: Num rows: 26 Data size: 3147 Basic stats: COMPLETE Column stats: NONE
                     Select Operator
                       expressions: p_name (type: string), p_mfgr (type: string), p_size (type: int)
@@ -629,7 +629,7 @@ STAGE PLANS:
                   alias: b
                   Statistics: Num rows: 500 Data size: 5312 Basic stats: COMPLETE Column stats: NONE
                   Filter Operator
-                    predicate: ((key > '9') and value is not null) (type: boolean)
+                    predicate: (value is not null and (key > '9')) (type: boolean)
                     Statistics: Num rows: 166 Data size: 1763 Basic stats: COMPLETE Column stats: NONE
                     Select Operator
                       expressions: key (type: string), value (type: string)
@@ -785,7 +785,7 @@ STAGE PLANS:
                   alias: lineitem
                   Statistics: Num rows: 100 Data size: 11999 Basic stats: COMPLETE Column stats: NONE
                   Filter Operator
-                    predicate: (((l_linenumber = 1) and l_partkey is not null) and l_orderkey is not null) (type: boolean)
+                    predicate: ((l_partkey is not null and l_orderkey is not null) and (l_linenumber = 1)) (type: boolean)
                     Statistics: Num rows: 50 Data size: 5999 Basic stats: COMPLETE Column stats: NONE
                     Select Operator
                       expressions: l_orderkey (type: int), l_partkey (type: int), l_suppkey (type: int)
diff --git a/ql/src/test/results/clientpositive/tez/tez_dynpart_hashjoin_1.q.out b/ql/src/test/results/clientpositive/tez/tez_dynpart_hashjoin_1.q.out
index e3131d5071..90c8c22441 100644
--- a/ql/src/test/results/clientpositive/tez/tez_dynpart_hashjoin_1.q.out
+++ b/ql/src/test/results/clientpositive/tez/tez_dynpart_hashjoin_1.q.out
@@ -34,7 +34,7 @@ STAGE PLANS:
                   alias: a
                   Statistics: Num rows: 12288 Data size: 2641964 Basic stats: COMPLETE Column stats: NONE
                   Filter Operator
-                    predicate: (cint BETWEEN 1000000 AND 3000000 and cint is not null) (type: boolean)
+                    predicate: (cint is not null and cint BETWEEN 1000000 AND 3000000) (type: boolean)
                     Statistics: Num rows: 6144 Data size: 1320982 Basic stats: COMPLETE Column stats: NONE
                     Select Operator
                       expressions: ctinyint (type: tinyint), csmallint (type: smallint), cint (type: int), cbigint (type: bigint), cfloat (type: float), cdouble (type: double), cstring1 (type: string), cstring2 (type: string), ctimestamp1 (type: timestamp), ctimestamp2 (type: timestamp), cboolean1 (type: boolean), cboolean2 (type: boolean)
@@ -52,7 +52,7 @@ STAGE PLANS:
                   alias: a
                   Statistics: Num rows: 12288 Data size: 2641964 Basic stats: COMPLETE Column stats: NONE
                   Filter Operator
-                    predicate: ((cbigint is not null and cint BETWEEN 1000000 AND 3000000) and cint is not null) (type: boolean)
+                    predicate: ((cint is not null and cbigint is not null) and cint BETWEEN 1000000 AND 3000000) (type: boolean)
                     Statistics: Num rows: 6144 Data size: 1320982 Basic stats: COMPLETE Column stats: NONE
                     Select Operator
                       expressions: ctinyint (type: tinyint), csmallint (type: smallint), cint (type: int), cbigint (type: bigint), cfloat (type: float), cdouble (type: double), cstring1 (type: string), cstring2 (type: string), ctimestamp1 (type: timestamp), ctimestamp2 (type: timestamp), cboolean1 (type: boolean), cboolean2 (type: boolean)
@@ -159,7 +159,7 @@ STAGE PLANS:
                   alias: a
                   Statistics: Num rows: 12288 Data size: 2641964 Basic stats: COMPLETE Column stats: NONE
                   Filter Operator
-                    predicate: (cint BETWEEN 1000000 AND 3000000 and cint is not null) (type: boolean)
+                    predicate: (cint is not null and cint BETWEEN 1000000 AND 3000000) (type: boolean)
                     Statistics: Num rows: 6144 Data size: 1320982 Basic stats: COMPLETE Column stats: NONE
                     Select Operator
                       expressions: cint (type: int)
@@ -176,7 +176,7 @@ STAGE PLANS:
                   alias: a
                   Statistics: Num rows: 12288 Data size: 2641964 Basic stats: COMPLETE Column stats: NONE
                   Filter Operator
-                    predicate: ((cbigint is not null and cint BETWEEN 1000000 AND 3000000) and cint is not null) (type: boolean)
+                    predicate: ((cint is not null and cbigint is not null) and cint BETWEEN 1000000 AND 3000000) (type: boolean)
                     Statistics: Num rows: 6144 Data size: 1320982 Basic stats: COMPLETE Column stats: NONE
                     Select Operator
                       expressions: cint (type: int)
@@ -280,7 +280,7 @@ STAGE PLANS:
                   alias: a
                   Statistics: Num rows: 12288 Data size: 2641964 Basic stats: COMPLETE Column stats: NONE
                   Filter Operator
-                    predicate: (cint BETWEEN 1000000 AND 3000000 and cint is not null) (type: boolean)
+                    predicate: (cint is not null and cint BETWEEN 1000000 AND 3000000) (type: boolean)
                     Statistics: Num rows: 6144 Data size: 1320982 Basic stats: COMPLETE Column stats: NONE
                     Select Operator
                       expressions: csmallint (type: smallint), cint (type: int)
@@ -298,7 +298,7 @@ STAGE PLANS:
                   alias: a
                   Statistics: Num rows: 12288 Data size: 2641964 Basic stats: COMPLETE Column stats: NONE
                   Filter Operator
-                    predicate: ((cbigint is not null and cint BETWEEN 1000000 AND 3000000) and cint is not null) (type: boolean)
+                    predicate: ((cint is not null and cbigint is not null) and cint BETWEEN 1000000 AND 3000000) (type: boolean)
                     Statistics: Num rows: 6144 Data size: 1320982 Basic stats: COMPLETE Column stats: NONE
                     Select Operator
                       expressions: cint (type: int)
@@ -425,7 +425,7 @@ STAGE PLANS:
                   alias: a
                   Statistics: Num rows: 12288 Data size: 2641964 Basic stats: COMPLETE Column stats: NONE
                   Filter Operator
-                    predicate: (cint BETWEEN 1000000 AND 3000000 and cint is not null) (type: boolean)
+                    predicate: (cint is not null and cint BETWEEN 1000000 AND 3000000) (type: boolean)
                     Statistics: Num rows: 6144 Data size: 1320982 Basic stats: COMPLETE Column stats: NONE
                     Select Operator
                       expressions: ctinyint (type: tinyint), csmallint (type: smallint), cint (type: int), cbigint (type: bigint), cfloat (type: float), cdouble (type: double), cstring1 (type: string), cstring2 (type: string), ctimestamp1 (type: timestamp), ctimestamp2 (type: timestamp), cboolean1 (type: boolean), cboolean2 (type: boolean)
@@ -443,7 +443,7 @@ STAGE PLANS:
                   alias: a
                   Statistics: Num rows: 12288 Data size: 2641964 Basic stats: COMPLETE Column stats: NONE
                   Filter Operator
-                    predicate: ((cbigint is not null and cint BETWEEN 1000000 AND 3000000) and cint is not null) (type: boolean)
+                    predicate: ((cint is not null and cbigint is not null) and cint BETWEEN 1000000 AND 3000000) (type: boolean)
                     Statistics: Num rows: 6144 Data size: 1320982 Basic stats: COMPLETE Column stats: NONE
                     Select Operator
                       expressions: ctinyint (type: tinyint), csmallint (type: smallint), cint (type: int), cbigint (type: bigint), cfloat (type: float), cdouble (type: double), cstring1 (type: string), cstring2 (type: string), ctimestamp1 (type: timestamp), ctimestamp2 (type: timestamp), cboolean1 (type: boolean), cboolean2 (type: boolean)
@@ -553,7 +553,7 @@ STAGE PLANS:
                   alias: a
                   Statistics: Num rows: 12288 Data size: 2641964 Basic stats: COMPLETE Column stats: NONE
                   Filter Operator
-                    predicate: (cint BETWEEN 1000000 AND 3000000 and cint is not null) (type: boolean)
+                    predicate: (cint is not null and cint BETWEEN 1000000 AND 3000000) (type: boolean)
                     Statistics: Num rows: 6144 Data size: 1320982 Basic stats: COMPLETE Column stats: NONE
                     Select Operator
                       expressions: cint (type: int)
@@ -570,7 +570,7 @@ STAGE PLANS:
                   alias: a
                   Statistics: Num rows: 12288 Data size: 2641964 Basic stats: COMPLETE Column stats: NONE
                   Filter Operator
-                    predicate: ((cbigint is not null and cint BETWEEN 1000000 AND 3000000) and cint is not null) (type: boolean)
+                    predicate: ((cint is not null and cbigint is not null) and cint BETWEEN 1000000 AND 3000000) (type: boolean)
                     Statistics: Num rows: 6144 Data size: 1320982 Basic stats: COMPLETE Column stats: NONE
                     Select Operator
                       expressions: cint (type: int)
@@ -677,7 +677,7 @@ STAGE PLANS:
                   alias: a
                   Statistics: Num rows: 12288 Data size: 2641964 Basic stats: COMPLETE Column stats: NONE
                   Filter Operator
-                    predicate: (cint BETWEEN 1000000 AND 3000000 and cint is not null) (type: boolean)
+                    predicate: (cint is not null and cint BETWEEN 1000000 AND 3000000) (type: boolean)
                     Statistics: Num rows: 6144 Data size: 1320982 Basic stats: COMPLETE Column stats: NONE
                     Select Operator
                       expressions: csmallint (type: smallint), cint (type: int)
@@ -695,7 +695,7 @@ STAGE PLANS:
                   alias: a
                   Statistics: Num rows: 12288 Data size: 2641964 Basic stats: COMPLETE Column stats: NONE
                   Filter Operator
-                    predicate: ((cbigint is not null and cint BETWEEN 1000000 AND 3000000) and cint is not null) (type: boolean)
+                    predicate: ((cint is not null and cbigint is not null) and cint BETWEEN 1000000 AND 3000000) (type: boolean)
                     Statistics: Num rows: 6144 Data size: 1320982 Basic stats: COMPLETE Column stats: NONE
                     Select Operator
                       expressions: cint (type: int)
diff --git a/ql/src/test/results/clientpositive/tez/tez_self_join.q.out b/ql/src/test/results/clientpositive/tez/tez_self_join.q.out
index 26545763f3..41018daf19 100644
--- a/ql/src/test/results/clientpositive/tez/tez_self_join.q.out
+++ b/ql/src/test/results/clientpositive/tez/tez_self_join.q.out
@@ -82,7 +82,7 @@ STAGE PLANS:
                   alias: self1
                   Statistics: Num rows: 3 Data size: 21 Basic stats: COMPLETE Column stats: NONE
                   Filter Operator
-                    predicate: ((id2 = 'ab') and id1 is not null) (type: boolean)
+                    predicate: (id1 is not null and (id2 = 'ab')) (type: boolean)
                     Statistics: Num rows: 1 Data size: 7 Basic stats: COMPLETE Column stats: NONE
                     Select Operator
                       expressions: id1 (type: int), id3 (type: string)
diff --git a/ql/src/test/results/clientpositive/tez/tez_smb_empty.q.out b/ql/src/test/results/clientpositive/tez/tez_smb_empty.q.out
index 8c9ab2eda3..115745a30d 100644
--- a/ql/src/test/results/clientpositive/tez/tez_smb_empty.q.out
+++ b/ql/src/test/results/clientpositive/tez/tez_smb_empty.q.out
@@ -540,10 +540,13 @@ STAGE PLANS:
                 TableScan
                   alias: s1
                   Statistics: Num rows: 242 Data size: 2566 Basic stats: COMPLETE Column stats: NONE
-                  Select Operator
-                    expressions: key (type: int)
-                    outputColumnNames: _col0
+                  Filter Operator
+                    predicate: key is not null (type: boolean)
                     Statistics: Num rows: 242 Data size: 2566 Basic stats: COMPLETE Column stats: NONE
+                    Select Operator
+                      expressions: key (type: int)
+                      outputColumnNames: _col0
+                      Statistics: Num rows: 242 Data size: 2566 Basic stats: COMPLETE Column stats: NONE
             Map Operator Tree:
                 TableScan
                   alias: s3
@@ -640,10 +643,13 @@ STAGE PLANS:
                 TableScan
                   alias: s2
                   Statistics: Num rows: 1 Data size: 0 Basic stats: PARTIAL Column stats: NONE
-                  Select Operator
-                    expressions: key (type: int)
-                    outputColumnNames: _col0
+                  Filter Operator
+                    predicate: key is not null (type: boolean)
                     Statistics: Num rows: 1 Data size: 0 Basic stats: PARTIAL Column stats: NONE
+                    Select Operator
+                      expressions: key (type: int)
+                      outputColumnNames: _col0
+                      Statistics: Num rows: 1 Data size: 0 Basic stats: PARTIAL Column stats: NONE
             Map Operator Tree:
                 TableScan
                   alias: s1
diff --git a/ql/src/test/results/clientpositive/tez/tez_vector_dynpart_hashjoin_1.q.out b/ql/src/test/results/clientpositive/tez/tez_vector_dynpart_hashjoin_1.q.out
index 3711a10f42..38e7953daf 100644
--- a/ql/src/test/results/clientpositive/tez/tez_vector_dynpart_hashjoin_1.q.out
+++ b/ql/src/test/results/clientpositive/tez/tez_vector_dynpart_hashjoin_1.q.out
@@ -34,7 +34,7 @@ STAGE PLANS:
                   alias: a
                   Statistics: Num rows: 12288 Data size: 2641964 Basic stats: COMPLETE Column stats: NONE
                   Filter Operator
-                    predicate: (cint BETWEEN 1000000 AND 3000000 and cint is not null) (type: boolean)
+                    predicate: (cint is not null and cint BETWEEN 1000000 AND 3000000) (type: boolean)
                     Statistics: Num rows: 6144 Data size: 1320982 Basic stats: COMPLETE Column stats: NONE
                     Select Operator
                       expressions: ctinyint (type: tinyint), csmallint (type: smallint), cint (type: int), cbigint (type: bigint), cfloat (type: float), cdouble (type: double), cstring1 (type: string), cstring2 (type: string), ctimestamp1 (type: timestamp), ctimestamp2 (type: timestamp), cboolean1 (type: boolean), cboolean2 (type: boolean)
@@ -52,7 +52,7 @@ STAGE PLANS:
                   alias: a
                   Statistics: Num rows: 12288 Data size: 2641964 Basic stats: COMPLETE Column stats: NONE
                   Filter Operator
-                    predicate: ((cbigint is not null and cint BETWEEN 1000000 AND 3000000) and cint is not null) (type: boolean)
+                    predicate: ((cint is not null and cbigint is not null) and cint BETWEEN 1000000 AND 3000000) (type: boolean)
                     Statistics: Num rows: 6144 Data size: 1320982 Basic stats: COMPLETE Column stats: NONE
                     Select Operator
                       expressions: ctinyint (type: tinyint), csmallint (type: smallint), cint (type: int), cbigint (type: bigint), cfloat (type: float), cdouble (type: double), cstring1 (type: string), cstring2 (type: string), ctimestamp1 (type: timestamp), ctimestamp2 (type: timestamp), cboolean1 (type: boolean), cboolean2 (type: boolean)
@@ -159,7 +159,7 @@ STAGE PLANS:
                   alias: a
                   Statistics: Num rows: 12288 Data size: 2641964 Basic stats: COMPLETE Column stats: NONE
                   Filter Operator
-                    predicate: (cint BETWEEN 1000000 AND 3000000 and cint is not null) (type: boolean)
+                    predicate: (cint is not null and cint BETWEEN 1000000 AND 3000000) (type: boolean)
                     Statistics: Num rows: 6144 Data size: 1320982 Basic stats: COMPLETE Column stats: NONE
                     Select Operator
                       expressions: cint (type: int)
@@ -176,7 +176,7 @@ STAGE PLANS:
                   alias: a
                   Statistics: Num rows: 12288 Data size: 2641964 Basic stats: COMPLETE Column stats: NONE
                   Filter Operator
-                    predicate: ((cbigint is not null and cint BETWEEN 1000000 AND 3000000) and cint is not null) (type: boolean)
+                    predicate: ((cint is not null and cbigint is not null) and cint BETWEEN 1000000 AND 3000000) (type: boolean)
                     Statistics: Num rows: 6144 Data size: 1320982 Basic stats: COMPLETE Column stats: NONE
                     Select Operator
                       expressions: cint (type: int)
@@ -280,7 +280,7 @@ STAGE PLANS:
                   alias: a
                   Statistics: Num rows: 12288 Data size: 2641964 Basic stats: COMPLETE Column stats: NONE
                   Filter Operator
-                    predicate: (cint BETWEEN 1000000 AND 3000000 and cint is not null) (type: boolean)
+                    predicate: (cint is not null and cint BETWEEN 1000000 AND 3000000) (type: boolean)
                     Statistics: Num rows: 6144 Data size: 1320982 Basic stats: COMPLETE Column stats: NONE
                     Select Operator
                       expressions: csmallint (type: smallint), cint (type: int)
@@ -298,7 +298,7 @@ STAGE PLANS:
                   alias: a
                   Statistics: Num rows: 12288 Data size: 2641964 Basic stats: COMPLETE Column stats: NONE
                   Filter Operator
-                    predicate: ((cbigint is not null and cint BETWEEN 1000000 AND 3000000) and cint is not null) (type: boolean)
+                    predicate: ((cint is not null and cbigint is not null) and cint BETWEEN 1000000 AND 3000000) (type: boolean)
                     Statistics: Num rows: 6144 Data size: 1320982 Basic stats: COMPLETE Column stats: NONE
                     Select Operator
                       expressions: cint (type: int)
@@ -425,7 +425,7 @@ STAGE PLANS:
                   alias: a
                   Statistics: Num rows: 12288 Data size: 2641964 Basic stats: COMPLETE Column stats: NONE
                   Filter Operator
-                    predicate: (cint BETWEEN 1000000 AND 3000000 and cint is not null) (type: boolean)
+                    predicate: (cint is not null and cint BETWEEN 1000000 AND 3000000) (type: boolean)
                     Statistics: Num rows: 6144 Data size: 1320982 Basic stats: COMPLETE Column stats: NONE
                     Select Operator
                       expressions: ctinyint (type: tinyint), csmallint (type: smallint), cint (type: int), cbigint (type: bigint), cfloat (type: float), cdouble (type: double), cstring1 (type: string), cstring2 (type: string), ctimestamp1 (type: timestamp), ctimestamp2 (type: timestamp), cboolean1 (type: boolean), cboolean2 (type: boolean)
@@ -444,7 +444,7 @@ STAGE PLANS:
                   alias: a
                   Statistics: Num rows: 12288 Data size: 2641964 Basic stats: COMPLETE Column stats: NONE
                   Filter Operator
-                    predicate: ((cbigint is not null and cint BETWEEN 1000000 AND 3000000) and cint is not null) (type: boolean)
+                    predicate: ((cint is not null and cbigint is not null) and cint BETWEEN 1000000 AND 3000000) (type: boolean)
                     Statistics: Num rows: 6144 Data size: 1320982 Basic stats: COMPLETE Column stats: NONE
                     Select Operator
                       expressions: ctinyint (type: tinyint), csmallint (type: smallint), cint (type: int), cbigint (type: bigint), cfloat (type: float), cdouble (type: double), cstring1 (type: string), cstring2 (type: string), ctimestamp1 (type: timestamp), ctimestamp2 (type: timestamp), cboolean1 (type: boolean), cboolean2 (type: boolean)
@@ -557,7 +557,7 @@ STAGE PLANS:
                   alias: a
                   Statistics: Num rows: 12288 Data size: 2641964 Basic stats: COMPLETE Column stats: NONE
                   Filter Operator
-                    predicate: (cint BETWEEN 1000000 AND 3000000 and cint is not null) (type: boolean)
+                    predicate: (cint is not null and cint BETWEEN 1000000 AND 3000000) (type: boolean)
                     Statistics: Num rows: 6144 Data size: 1320982 Basic stats: COMPLETE Column stats: NONE
                     Select Operator
                       expressions: cint (type: int)
@@ -575,7 +575,7 @@ STAGE PLANS:
                   alias: a
                   Statistics: Num rows: 12288 Data size: 2641964 Basic stats: COMPLETE Column stats: NONE
                   Filter Operator
-                    predicate: ((cbigint is not null and cint BETWEEN 1000000 AND 3000000) and cint is not null) (type: boolean)
+                    predicate: ((cint is not null and cbigint is not null) and cint BETWEEN 1000000 AND 3000000) (type: boolean)
                     Statistics: Num rows: 6144 Data size: 1320982 Basic stats: COMPLETE Column stats: NONE
                     Select Operator
                       expressions: cint (type: int)
@@ -685,7 +685,7 @@ STAGE PLANS:
                   alias: a
                   Statistics: Num rows: 12288 Data size: 2641964 Basic stats: COMPLETE Column stats: NONE
                   Filter Operator
-                    predicate: (cint BETWEEN 1000000 AND 3000000 and cint is not null) (type: boolean)
+                    predicate: (cint is not null and cint BETWEEN 1000000 AND 3000000) (type: boolean)
                     Statistics: Num rows: 6144 Data size: 1320982 Basic stats: COMPLETE Column stats: NONE
                     Select Operator
                       expressions: csmallint (type: smallint), cint (type: int)
@@ -704,7 +704,7 @@ STAGE PLANS:
                   alias: a
                   Statistics: Num rows: 12288 Data size: 2641964 Basic stats: COMPLETE Column stats: NONE
                   Filter Operator
-                    predicate: ((cbigint is not null and cint BETWEEN 1000000 AND 3000000) and cint is not null) (type: boolean)
+                    predicate: ((cint is not null and cbigint is not null) and cint BETWEEN 1000000 AND 3000000) (type: boolean)
                     Statistics: Num rows: 6144 Data size: 1320982 Basic stats: COMPLETE Column stats: NONE
                     Select Operator
                       expressions: cint (type: int)
diff --git a/ql/src/test/results/clientpositive/tez/vector_interval_mapjoin.q.out b/ql/src/test/results/clientpositive/tez/vector_interval_mapjoin.q.out
index 42ce4996b5..e38030210e 100644
--- a/ql/src/test/results/clientpositive/tez/vector_interval_mapjoin.q.out
+++ b/ql/src/test/results/clientpositive/tez/vector_interval_mapjoin.q.out
@@ -171,7 +171,7 @@ STAGE PLANS:
                   alias: vectortab_a_1korc
                   Statistics: Num rows: 1000 Data size: 460264 Basic stats: COMPLETE Column stats: NONE
                   Filter Operator
-                    predicate: ((dt - CAST( ts AS DATE)) is not null and s is not null) (type: boolean)
+                    predicate: (s is not null and (dt - CAST( ts AS DATE)) is not null) (type: boolean)
                     Statistics: Num rows: 1000 Data size: 460264 Basic stats: COMPLETE Column stats: NONE
                     Select Operator
                       expressions: s (type: string), (dt - CAST( ts AS DATE)) (type: interval_day_time)
@@ -206,7 +206,7 @@ STAGE PLANS:
                   alias: vectortab_b_1korc
                   Statistics: Num rows: 1000 Data size: 458448 Basic stats: COMPLETE Column stats: NONE
                   Filter Operator
-                    predicate: ((dt - CAST( ts AS DATE)) is not null and s is not null) (type: boolean)
+                    predicate: (s is not null and (dt - CAST( ts AS DATE)) is not null) (type: boolean)
                     Statistics: Num rows: 1000 Data size: 458448 Basic stats: COMPLETE Column stats: NONE
                     Select Operator
                       expressions: s (type: string), (dt - CAST( ts AS DATE)) (type: interval_day_time)
diff --git a/ql/src/test/results/clientpositive/tez/vector_leftsemi_mapjoin.q.out b/ql/src/test/results/clientpositive/tez/vector_leftsemi_mapjoin.q.out
index 98ef4d2903..0f6aeb3c55 100644
--- a/ql/src/test/results/clientpositive/tez/vector_leftsemi_mapjoin.q.out
+++ b/ql/src/test/results/clientpositive/tez/vector_leftsemi_mapjoin.q.out
@@ -2296,7 +2296,7 @@ STAGE PLANS:
                   alias: a
                   Statistics: Num rows: 22 Data size: 2046 Basic stats: COMPLETE Column stats: NONE
                   Filter Operator
-                    predicate: ((key > 100) and value is not null) (type: boolean)
+                    predicate: (value is not null and (key > 100)) (type: boolean)
                     Statistics: Num rows: 7 Data size: 651 Basic stats: COMPLETE Column stats: NONE
                     Select Operator
                       expressions: key (type: int), value (type: string)
@@ -4544,7 +4544,7 @@ STAGE PLANS:
                   alias: a
                   Statistics: Num rows: 22 Data size: 2046 Basic stats: COMPLETE Column stats: NONE
                   Filter Operator
-                    predicate: ((key > 100) and value is not null) (type: boolean)
+                    predicate: (value is not null and (key > 100)) (type: boolean)
                     Statistics: Num rows: 7 Data size: 651 Basic stats: COMPLETE Column stats: NONE
                     Select Operator
                       expressions: key (type: int), value (type: string)
@@ -6842,7 +6842,7 @@ STAGE PLANS:
                   alias: a
                   Statistics: Num rows: 22 Data size: 2046 Basic stats: COMPLETE Column stats: NONE
                   Filter Operator
-                    predicate: ((key > 100) and value is not null) (type: boolean)
+                    predicate: (value is not null and (key > 100)) (type: boolean)
                     Statistics: Num rows: 7 Data size: 651 Basic stats: COMPLETE Column stats: NONE
                     Select Operator
                       expressions: key (type: int), value (type: string)
@@ -9157,7 +9157,7 @@ STAGE PLANS:
                   alias: a
                   Statistics: Num rows: 22 Data size: 2046 Basic stats: COMPLETE Column stats: NONE
                   Filter Operator
-                    predicate: ((key > 100) and value is not null) (type: boolean)
+                    predicate: (value is not null and (key > 100)) (type: boolean)
                     Statistics: Num rows: 7 Data size: 651 Basic stats: COMPLETE Column stats: NONE
                     Select Operator
                       expressions: key (type: int), value (type: string)
@@ -11457,7 +11457,7 @@ STAGE PLANS:
                   alias: a
                   Statistics: Num rows: 22 Data size: 2046 Basic stats: COMPLETE Column stats: NONE
                   Filter Operator
-                    predicate: ((key > 100) and value is not null) (type: boolean)
+                    predicate: (value is not null and (key > 100)) (type: boolean)
                     Statistics: Num rows: 7 Data size: 651 Basic stats: COMPLETE Column stats: NONE
                     Select Operator
                       expressions: key (type: int), value (type: string)
@@ -13772,7 +13772,7 @@ STAGE PLANS:
                   alias: a
                   Statistics: Num rows: 22 Data size: 2046 Basic stats: COMPLETE Column stats: NONE
                   Filter Operator
-                    predicate: ((key > 100) and value is not null) (type: boolean)
+                    predicate: (value is not null and (key > 100)) (type: boolean)
                     Statistics: Num rows: 7 Data size: 651 Basic stats: COMPLETE Column stats: NONE
                     Select Operator
                       expressions: key (type: int), value (type: string)
diff --git a/ql/src/test/results/clientpositive/tez/vector_mapjoin_reduce.q.out b/ql/src/test/results/clientpositive/tez/vector_mapjoin_reduce.q.out
index 7eb28f8e2a..1263aa2c3d 100644
--- a/ql/src/test/results/clientpositive/tez/vector_mapjoin_reduce.q.out
+++ b/ql/src/test/results/clientpositive/tez/vector_mapjoin_reduce.q.out
@@ -40,7 +40,7 @@ STAGE PLANS:
                   alias: lineitem
                   Statistics: Num rows: 100 Data size: 11999 Basic stats: COMPLETE Column stats: NONE
                   Filter Operator
-                    predicate: (((l_linenumber = 1) and l_partkey is not null) and l_orderkey is not null) (type: boolean)
+                    predicate: ((l_partkey is not null and l_orderkey is not null) and (l_linenumber = 1)) (type: boolean)
                     Statistics: Num rows: 50 Data size: 5999 Basic stats: COMPLETE Column stats: NONE
                     Select Operator
                       expressions: l_orderkey (type: int), l_partkey (type: int), l_suppkey (type: int)
@@ -195,7 +195,7 @@ STAGE PLANS:
                   alias: lineitem
                   Statistics: Num rows: 100 Data size: 11999 Basic stats: COMPLETE Column stats: NONE
                   Filter Operator
-                    predicate: (((l_linenumber = 1) and l_partkey is not null) and l_orderkey is not null) (type: boolean)
+                    predicate: ((l_partkey is not null and l_orderkey is not null) and (l_linenumber = 1)) (type: boolean)
                     Statistics: Num rows: 50 Data size: 5999 Basic stats: COMPLETE Column stats: NONE
                     Select Operator
                       expressions: l_orderkey (type: int), l_partkey (type: int), l_suppkey (type: int), 1 (type: int)
@@ -240,7 +240,7 @@ STAGE PLANS:
                   alias: lineitem
                   Statistics: Num rows: 100 Data size: 11999 Basic stats: COMPLETE Column stats: NONE
                   Filter Operator
-                    predicate: (((l_shipmode = 'AIR') and (l_linenumber = 1)) and l_orderkey is not null) (type: boolean)
+                    predicate: (((l_shipmode = 'AIR') and l_orderkey is not null) and (l_linenumber = 1)) (type: boolean)
                     Statistics: Num rows: 25 Data size: 2999 Basic stats: COMPLETE Column stats: NONE
                     Select Operator
                       expressions: l_orderkey (type: int)
diff --git a/ql/src/test/results/clientpositive/tez/vectorized_dynamic_partition_pruning.q.out b/ql/src/test/results/clientpositive/tez/vectorized_dynamic_partition_pruning.q.out
index cda76db1f9..82f2f40ac0 100644
--- a/ql/src/test/results/clientpositive/tez/vectorized_dynamic_partition_pruning.q.out
+++ b/ql/src/test/results/clientpositive/tez/vectorized_dynamic_partition_pruning.q.out
@@ -222,10 +222,10 @@ STAGE PLANS:
             Map Operator Tree:
                 TableScan
                   alias: srcpart_date
-                  filterExpr: ((date = '2008-04-08') and ds is not null) (type: boolean)
+                  filterExpr: (ds is not null and (date = '2008-04-08')) (type: boolean)
                   Statistics: Num rows: 2 Data size: 376 Basic stats: COMPLETE Column stats: NONE
                   Filter Operator
-                    predicate: ((date = '2008-04-08') and ds is not null) (type: boolean)
+                    predicate: (ds is not null and (date = '2008-04-08')) (type: boolean)
                     Statistics: Num rows: 1 Data size: 188 Basic stats: COMPLETE Column stats: NONE
                     Select Operator
                       expressions: ds (type: string)
@@ -346,10 +346,10 @@ STAGE PLANS:
             Map Operator Tree:
                 TableScan
                   alias: srcpart_date
-                  filterExpr: ((date = '2008-04-08') and ds is not null) (type: boolean)
+                  filterExpr: (ds is not null and (date = '2008-04-08')) (type: boolean)
                   Statistics: Num rows: 2 Data size: 376 Basic stats: COMPLETE Column stats: NONE
                   Filter Operator
-                    predicate: ((date = '2008-04-08') and ds is not null) (type: boolean)
+                    predicate: (ds is not null and (date = '2008-04-08')) (type: boolean)
                     Statistics: Num rows: 1 Data size: 188 Basic stats: COMPLETE Column stats: NONE
                     Select Operator
                       expressions: ds (type: string)
@@ -473,10 +473,10 @@ STAGE PLANS:
             Map Operator Tree:
                 TableScan
                   alias: srcpart_date
-                  filterExpr: ((date = '2008-04-08') and ds is not null) (type: boolean)
+                  filterExpr: (ds is not null and (date = '2008-04-08')) (type: boolean)
                   Statistics: Num rows: 2 Data size: 376 Basic stats: COMPLETE Column stats: NONE
                   Filter Operator
-                    predicate: ((date = '2008-04-08') and ds is not null) (type: boolean)
+                    predicate: (ds is not null and (date = '2008-04-08')) (type: boolean)
                     Statistics: Num rows: 1 Data size: 188 Basic stats: COMPLETE Column stats: NONE
                     Select Operator
                       expressions: ds (type: string)
@@ -507,10 +507,10 @@ STAGE PLANS:
             Map Operator Tree:
                 TableScan
                   alias: srcpart_hour
-                  filterExpr: ((UDFToDouble(hour) = 11.0) and hr is not null) (type: boolean)
+                  filterExpr: (hr is not null and (UDFToDouble(hour) = 11.0)) (type: boolean)
                   Statistics: Num rows: 2 Data size: 344 Basic stats: COMPLETE Column stats: NONE
                   Filter Operator
-                    predicate: ((UDFToDouble(hour) = 11.0) and hr is not null) (type: boolean)
+                    predicate: (hr is not null and (UDFToDouble(hour) = 11.0)) (type: boolean)
                     Statistics: Num rows: 1 Data size: 172 Basic stats: COMPLETE Column stats: NONE
                     Select Operator
                       expressions: hr (type: string)
@@ -654,10 +654,10 @@ STAGE PLANS:
             Map Operator Tree:
                 TableScan
                   alias: srcpart_date
-                  filterExpr: ((date = '2008-04-08') and ds is not null) (type: boolean)
+                  filterExpr: (ds is not null and (date = '2008-04-08')) (type: boolean)
                   Statistics: Num rows: 2 Data size: 376 Basic stats: COMPLETE Column stats: NONE
                   Filter Operator
-                    predicate: ((date = '2008-04-08') and ds is not null) (type: boolean)
+                    predicate: (ds is not null and (date = '2008-04-08')) (type: boolean)
                     Statistics: Num rows: 1 Data size: 188 Basic stats: COMPLETE Column stats: NONE
                     Select Operator
                       expressions: ds (type: string)
@@ -673,10 +673,10 @@ STAGE PLANS:
             Map Operator Tree:
                 TableScan
                   alias: srcpart_hour
-                  filterExpr: ((UDFToDouble(hour) = 11.0) and hr is not null) (type: boolean)
+                  filterExpr: (hr is not null and (UDFToDouble(hour) = 11.0)) (type: boolean)
                   Statistics: Num rows: 2 Data size: 344 Basic stats: COMPLETE Column stats: NONE
                   Filter Operator
-                    predicate: ((UDFToDouble(hour) = 11.0) and hr is not null) (type: boolean)
+                    predicate: (hr is not null and (UDFToDouble(hour) = 11.0)) (type: boolean)
                     Statistics: Num rows: 1 Data size: 172 Basic stats: COMPLETE Column stats: NONE
                     Select Operator
                       expressions: hr (type: string)
@@ -813,10 +813,10 @@ STAGE PLANS:
             Map Operator Tree:
                 TableScan
                   alias: srcpart_date_hour
-                  filterExpr: ((((date = '2008-04-08') and (UDFToDouble(hour) = 11.0)) and hr is not null) and ds is not null) (type: boolean)
+                  filterExpr: (((ds is not null and hr is not null) and (date = '2008-04-08')) and (UDFToDouble(hour) = 11.0)) (type: boolean)
                   Statistics: Num rows: 4 Data size: 1440 Basic stats: COMPLETE Column stats: NONE
                   Filter Operator
-                    predicate: ((((date = '2008-04-08') and (UDFToDouble(hour) = 11.0)) and hr is not null) and ds is not null) (type: boolean)
+                    predicate: (((ds is not null and hr is not null) and (date = '2008-04-08')) and (UDFToDouble(hour) = 11.0)) (type: boolean)
                     Statistics: Num rows: 1 Data size: 360 Basic stats: COMPLETE Column stats: NONE
                     Select Operator
                       expressions: ds (type: string), hr (type: string)
@@ -937,7 +937,7 @@ STAGE PLANS:
             Map Operator Tree:
                 TableScan
                   alias: srcpart
-                  filterExpr: (hr is not null and ds is not null) (type: boolean)
+                  filterExpr: (ds is not null and hr is not null) (type: boolean)
                   Statistics: Num rows: 2000 Data size: 21248 Basic stats: COMPLETE Column stats: NONE
                   Select Operator
                     expressions: ds (type: string), hr (type: string)
@@ -952,10 +952,10 @@ STAGE PLANS:
             Map Operator Tree:
                 TableScan
                   alias: srcpart_date_hour
-                  filterExpr: ((((date = '2008-04-08') and (UDFToDouble(hour) = 11.0)) and hr is not null) and ds is not null) (type: boolean)
+                  filterExpr: (((ds is not null and hr is not null) and (date = '2008-04-08')) and (UDFToDouble(hour) = 11.0)) (type: boolean)
                   Statistics: Num rows: 4 Data size: 1440 Basic stats: COMPLETE Column stats: NONE
                   Filter Operator
-                    predicate: ((((date = '2008-04-08') and (UDFToDouble(hour) = 11.0)) and hr is not null) and ds is not null) (type: boolean)
+                    predicate: (((ds is not null and hr is not null) and (date = '2008-04-08')) and (UDFToDouble(hour) = 11.0)) (type: boolean)
                     Statistics: Num rows: 1 Data size: 360 Basic stats: COMPLETE Column stats: NONE
                     Select Operator
                       expressions: ds (type: string), hr (type: string)
@@ -1074,10 +1074,10 @@ STAGE PLANS:
             Map Operator Tree:
                 TableScan
                   alias: srcpart_date
-                  filterExpr: ((date = 'I DONT EXIST') and ds is not null) (type: boolean)
+                  filterExpr: (ds is not null and (date = 'I DONT EXIST')) (type: boolean)
                   Statistics: Num rows: 2 Data size: 376 Basic stats: COMPLETE Column stats: NONE
                   Filter Operator
-                    predicate: ((date = 'I DONT EXIST') and ds is not null) (type: boolean)
+                    predicate: (ds is not null and (date = 'I DONT EXIST')) (type: boolean)
                     Statistics: Num rows: 1 Data size: 188 Basic stats: COMPLETE Column stats: NONE
                     Select Operator
                       expressions: ds (type: string)
@@ -1198,10 +1198,10 @@ STAGE PLANS:
             Map Operator Tree:
                 TableScan
                   alias: srcpart_date
-                  filterExpr: ((date = 'I DONT EXIST') and ds is not null) (type: boolean)
+                  filterExpr: (ds is not null and (date = 'I DONT EXIST')) (type: boolean)
                   Statistics: Num rows: 2 Data size: 376 Basic stats: COMPLETE Column stats: NONE
                   Filter Operator
-                    predicate: ((date = 'I DONT EXIST') and ds is not null) (type: boolean)
+                    predicate: (ds is not null and (date = 'I DONT EXIST')) (type: boolean)
                     Statistics: Num rows: 1 Data size: 188 Basic stats: COMPLETE Column stats: NONE
                     Select Operator
                       expressions: ds (type: string)
@@ -1318,10 +1318,10 @@ STAGE PLANS:
             Map Operator Tree:
                 TableScan
                   alias: srcpart_double_hour
-                  filterExpr: ((UDFToDouble(hour) = 11.0) and hr is not null) (type: boolean)
+                  filterExpr: (hr is not null and (UDFToDouble(hour) = 11.0)) (type: boolean)
                   Statistics: Num rows: 2 Data size: 188 Basic stats: COMPLETE Column stats: NONE
                   Filter Operator
-                    predicate: ((UDFToDouble(hour) = 11.0) and hr is not null) (type: boolean)
+                    predicate: (hr is not null and (UDFToDouble(hour) = 11.0)) (type: boolean)
                     Statistics: Num rows: 1 Data size: 94 Basic stats: COMPLETE Column stats: NONE
                     Select Operator
                       expressions: hr (type: double)
@@ -1442,10 +1442,10 @@ STAGE PLANS:
             Map Operator Tree:
                 TableScan
                   alias: srcpart_double_hour
-                  filterExpr: ((UDFToDouble(hour) = 11.0) and hr is not null) (type: boolean)
+                  filterExpr: (hr is not null and (UDFToDouble(hour) = 11.0)) (type: boolean)
                   Statistics: Num rows: 2 Data size: 188 Basic stats: COMPLETE Column stats: NONE
                   Filter Operator
-                    predicate: ((UDFToDouble(hour) = 11.0) and hr is not null) (type: boolean)
+                    predicate: (hr is not null and (UDFToDouble(hour) = 11.0)) (type: boolean)
                     Statistics: Num rows: 1 Data size: 94 Basic stats: COMPLETE Column stats: NONE
                     Select Operator
                       expressions: hr (type: double)
@@ -1566,10 +1566,10 @@ STAGE PLANS:
             Map Operator Tree:
                 TableScan
                   alias: srcpart_double_hour
-                  filterExpr: ((UDFToDouble(hour) = 11.0) and hr is not null) (type: boolean)
+                  filterExpr: (hr is not null and (UDFToDouble(hour) = 11.0)) (type: boolean)
                   Statistics: Num rows: 2 Data size: 188 Basic stats: COMPLETE Column stats: NONE
                   Filter Operator
-                    predicate: ((UDFToDouble(hour) = 11.0) and hr is not null) (type: boolean)
+                    predicate: (hr is not null and (UDFToDouble(hour) = 11.0)) (type: boolean)
                     Statistics: Num rows: 1 Data size: 94 Basic stats: COMPLETE Column stats: NONE
                     Select Operator
                       expressions: hr (type: double)
@@ -1675,10 +1675,10 @@ STAGE PLANS:
             Map Operator Tree:
                 TableScan
                   alias: srcpart_double_hour
-                  filterExpr: ((UDFToDouble(hour) = 11.0) and hr is not null) (type: boolean)
+                  filterExpr: (hr is not null and (UDFToDouble(hour) = 11.0)) (type: boolean)
                   Statistics: Num rows: 2 Data size: 188 Basic stats: COMPLETE Column stats: NONE
                   Filter Operator
-                    predicate: ((UDFToDouble(hour) = 11.0) and hr is not null) (type: boolean)
+                    predicate: (hr is not null and (UDFToDouble(hour) = 11.0)) (type: boolean)
                     Statistics: Num rows: 1 Data size: 94 Basic stats: COMPLETE Column stats: NONE
                     Select Operator
                       expressions: hr (type: double)
@@ -1797,10 +1797,10 @@ STAGE PLANS:
             Map Operator Tree:
                 TableScan
                   alias: srcpart_double_hour
-                  filterExpr: ((UDFToDouble(hour) = 11.0) and hr is not null) (type: boolean)
+                  filterExpr: (hr is not null and (UDFToDouble(hour) = 11.0)) (type: boolean)
                   Statistics: Num rows: 2 Data size: 188 Basic stats: COMPLETE Column stats: NONE
                   Filter Operator
-                    predicate: ((UDFToDouble(hour) = 11.0) and hr is not null) (type: boolean)
+                    predicate: (hr is not null and (UDFToDouble(hour) = 11.0)) (type: boolean)
                     Statistics: Num rows: 1 Data size: 94 Basic stats: COMPLETE Column stats: NONE
                     Select Operator
                       expressions: hr (type: double)
@@ -2203,10 +2203,10 @@ STAGE PLANS:
             Map Operator Tree:
                 TableScan
                   alias: srcpart_date_hour
-                  filterExpr: ((((date = '2008-04-08') and (UDFToDouble(hour) = 11.0)) and hr is not null) and ds is not null) (type: boolean)
+                  filterExpr: ((((date = '2008-04-08') and (UDFToDouble(hour) = 11.0)) and ds is not null) and hr is not null) (type: boolean)
                   Statistics: Num rows: 4 Data size: 1440 Basic stats: COMPLETE Column stats: NONE
                   Filter Operator
-                    predicate: ((((date = '2008-04-08') and (UDFToDouble(hour) = 11.0)) and hr is not null) and ds is not null) (type: boolean)
+                    predicate: ((((date = '2008-04-08') and (UDFToDouble(hour) = 11.0)) and ds is not null) and hr is not null) (type: boolean)
                     Statistics: Num rows: 1 Data size: 360 Basic stats: COMPLETE Column stats: NONE
                     Select Operator
                       expressions: ds (type: string), hr (type: string)
@@ -2663,10 +2663,10 @@ STAGE PLANS:
             Map Operator Tree:
                 TableScan
                   alias: srcpart_date
-                  filterExpr: ((date = '2008-04-08') and ds is not null) (type: boolean)
+                  filterExpr: (ds is not null and (date = '2008-04-08')) (type: boolean)
                   Statistics: Num rows: 2 Data size: 376 Basic stats: COMPLETE Column stats: NONE
                   Filter Operator
-                    predicate: ((date = '2008-04-08') and ds is not null) (type: boolean)
+                    predicate: (ds is not null and (date = '2008-04-08')) (type: boolean)
                     Statistics: Num rows: 1 Data size: 188 Basic stats: COMPLETE Column stats: NONE
                     Select Operator
                       expressions: ds (type: string)
@@ -2806,10 +2806,10 @@ STAGE PLANS:
             Map Operator Tree:
                 TableScan
                   alias: srcpart
-                  filterExpr: ((UDFToDouble(hr) = 13.0) and ds is not null) (type: boolean)
+                  filterExpr: (ds is not null and (UDFToDouble(hr) = 13.0)) (type: boolean)
                   Statistics: Num rows: 1 Data size: 0 Basic stats: PARTIAL Column stats: NONE
                   Filter Operator
-                    predicate: ((UDFToDouble(hr) = 13.0) and ds is not null) (type: boolean)
+                    predicate: (ds is not null and (UDFToDouble(hr) = 13.0)) (type: boolean)
                     Statistics: Num rows: 1 Data size: 0 Basic stats: PARTIAL Column stats: NONE
                     Select Operator
                       expressions: ds (type: string)
@@ -2825,10 +2825,10 @@ STAGE PLANS:
             Map Operator Tree:
                 TableScan
                   alias: srcpart_date
-                  filterExpr: ((date = '2008-04-08') and ds is not null) (type: boolean)
+                  filterExpr: (ds is not null and (date = '2008-04-08')) (type: boolean)
                   Statistics: Num rows: 2 Data size: 376 Basic stats: COMPLETE Column stats: NONE
                   Filter Operator
-                    predicate: ((date = '2008-04-08') and ds is not null) (type: boolean)
+                    predicate: (ds is not null and (date = '2008-04-08')) (type: boolean)
                     Statistics: Num rows: 1 Data size: 188 Basic stats: COMPLETE Column stats: NONE
                     Select Operator
                       expressions: ds (type: string)
@@ -3645,10 +3645,10 @@ STAGE PLANS:
             Map Operator Tree:
                 TableScan
                   alias: srcpart_date
-                  filterExpr: ((date = '2008-04-08') and ds is not null) (type: boolean)
+                  filterExpr: (ds is not null and (date = '2008-04-08')) (type: boolean)
                   Statistics: Num rows: 2 Data size: 376 Basic stats: COMPLETE Column stats: NONE
                   Filter Operator
-                    predicate: ((date = '2008-04-08') and ds is not null) (type: boolean)
+                    predicate: (ds is not null and (date = '2008-04-08')) (type: boolean)
                     Statistics: Num rows: 1 Data size: 188 Basic stats: COMPLETE Column stats: NONE
                     Select Operator
                       expressions: ds (type: string)
@@ -3792,10 +3792,10 @@ STAGE PLANS:
             Map Operator Tree:
                 TableScan
                   alias: srcpart_date
-                  filterExpr: ((date = '2008-04-08') and ds is not null) (type: boolean)
+                  filterExpr: (ds is not null and (date = '2008-04-08')) (type: boolean)
                   Statistics: Num rows: 2 Data size: 376 Basic stats: COMPLETE Column stats: NONE
                   Filter Operator
-                    predicate: ((date = '2008-04-08') and ds is not null) (type: boolean)
+                    predicate: (ds is not null and (date = '2008-04-08')) (type: boolean)
                     Statistics: Num rows: 1 Data size: 188 Basic stats: COMPLETE Column stats: NONE
                     Select Operator
                       expressions: ds (type: string)
@@ -3826,10 +3826,10 @@ STAGE PLANS:
             Map Operator Tree:
                 TableScan
                   alias: srcpart_hour
-                  filterExpr: ((UDFToDouble(hour) = 11.0) and hr is not null) (type: boolean)
+                  filterExpr: (hr is not null and (UDFToDouble(hour) = 11.0)) (type: boolean)
                   Statistics: Num rows: 2 Data size: 344 Basic stats: COMPLETE Column stats: NONE
                   Filter Operator
-                    predicate: ((UDFToDouble(hour) = 11.0) and hr is not null) (type: boolean)
+                    predicate: (hr is not null and (UDFToDouble(hour) = 11.0)) (type: boolean)
                     Statistics: Num rows: 1 Data size: 172 Basic stats: COMPLETE Column stats: NONE
                     Select Operator
                       expressions: hr (type: string)
@@ -3962,10 +3962,10 @@ STAGE PLANS:
             Map Operator Tree:
                 TableScan
                   alias: srcpart_date_hour
-                  filterExpr: ((((date = '2008-04-08') and (UDFToDouble(hour) = 11.0)) and hr is not null) and ds is not null) (type: boolean)
+                  filterExpr: (((ds is not null and hr is not null) and (date = '2008-04-08')) and (UDFToDouble(hour) = 11.0)) (type: boolean)
                   Statistics: Num rows: 4 Data size: 1440 Basic stats: COMPLETE Column stats: NONE
                   Filter Operator
-                    predicate: ((((date = '2008-04-08') and (UDFToDouble(hour) = 11.0)) and hr is not null) and ds is not null) (type: boolean)
+                    predicate: (((ds is not null and hr is not null) and (date = '2008-04-08')) and (UDFToDouble(hour) = 11.0)) (type: boolean)
                     Statistics: Num rows: 1 Data size: 360 Basic stats: COMPLETE Column stats: NONE
                     Select Operator
                       expressions: ds (type: string), hr (type: string)
@@ -4110,10 +4110,10 @@ STAGE PLANS:
             Map Operator Tree:
                 TableScan
                   alias: srcpart_date
-                  filterExpr: ((date = 'I DONT EXIST') and ds is not null) (type: boolean)
+                  filterExpr: (ds is not null and (date = 'I DONT EXIST')) (type: boolean)
                   Statistics: Num rows: 2 Data size: 376 Basic stats: COMPLETE Column stats: NONE
                   Filter Operator
-                    predicate: ((date = 'I DONT EXIST') and ds is not null) (type: boolean)
+                    predicate: (ds is not null and (date = 'I DONT EXIST')) (type: boolean)
                     Statistics: Num rows: 1 Data size: 188 Basic stats: COMPLETE Column stats: NONE
                     Select Operator
                       expressions: ds (type: string)
@@ -4219,10 +4219,10 @@ STAGE PLANS:
             Map Operator Tree:
                 TableScan
                   alias: srcpart_double_hour
-                  filterExpr: ((UDFToDouble(hour) = 11.0) and hr is not null) (type: boolean)
+                  filterExpr: (hr is not null and (UDFToDouble(hour) = 11.0)) (type: boolean)
                   Statistics: Num rows: 2 Data size: 188 Basic stats: COMPLETE Column stats: NONE
                   Filter Operator
-                    predicate: ((UDFToDouble(hour) = 11.0) and hr is not null) (type: boolean)
+                    predicate: (hr is not null and (UDFToDouble(hour) = 11.0)) (type: boolean)
                     Statistics: Num rows: 1 Data size: 94 Basic stats: COMPLETE Column stats: NONE
                     Select Operator
                       expressions: hr (type: double)
@@ -4339,10 +4339,10 @@ STAGE PLANS:
             Map Operator Tree:
                 TableScan
                   alias: srcpart_double_hour
-                  filterExpr: ((UDFToDouble(hour) = 11.0) and hr is not null) (type: boolean)
+                  filterExpr: (hr is not null and (UDFToDouble(hour) = 11.0)) (type: boolean)
                   Statistics: Num rows: 2 Data size: 188 Basic stats: COMPLETE Column stats: NONE
                   Filter Operator
-                    predicate: ((UDFToDouble(hour) = 11.0) and hr is not null) (type: boolean)
+                    predicate: (hr is not null and (UDFToDouble(hour) = 11.0)) (type: boolean)
                     Statistics: Num rows: 1 Data size: 94 Basic stats: COMPLETE Column stats: NONE
                     Select Operator
                       expressions: hr (type: double)
@@ -4892,10 +4892,10 @@ STAGE PLANS:
             Map Operator Tree:
                 TableScan
                   alias: srcpart_date
-                  filterExpr: ((date = '2008-04-08') and ds is not null) (type: boolean)
+                  filterExpr: (ds is not null and (date = '2008-04-08')) (type: boolean)
                   Statistics: Num rows: 2 Data size: 376 Basic stats: COMPLETE Column stats: NONE
                   Filter Operator
-                    predicate: ((date = '2008-04-08') and ds is not null) (type: boolean)
+                    predicate: (ds is not null and (date = '2008-04-08')) (type: boolean)
                     Statistics: Num rows: 1 Data size: 188 Basic stats: COMPLETE Column stats: NONE
                     Select Operator
                       expressions: ds (type: string)
@@ -5002,10 +5002,10 @@ STAGE PLANS:
             Map Operator Tree:
                 TableScan
                   alias: srcpart
-                  filterExpr: ((UDFToDouble(hr) = 13.0) and ds is not null) (type: boolean)
+                  filterExpr: (ds is not null and (UDFToDouble(hr) = 13.0)) (type: boolean)
                   Statistics: Num rows: 1 Data size: 0 Basic stats: PARTIAL Column stats: NONE
                   Filter Operator
-                    predicate: ((UDFToDouble(hr) = 13.0) and ds is not null) (type: boolean)
+                    predicate: (ds is not null and (UDFToDouble(hr) = 13.0)) (type: boolean)
                     Statistics: Num rows: 1 Data size: 0 Basic stats: PARTIAL Column stats: NONE
                     Select Operator
                       expressions: ds (type: string)
@@ -5021,10 +5021,10 @@ STAGE PLANS:
             Map Operator Tree:
                 TableScan
                   alias: srcpart_date
-                  filterExpr: ((date = '2008-04-08') and ds is not null) (type: boolean)
+                  filterExpr: (ds is not null and (date = '2008-04-08')) (type: boolean)
                   Statistics: Num rows: 2 Data size: 376 Basic stats: COMPLETE Column stats: NONE
                   Filter Operator
-                    predicate: ((date = '2008-04-08') and ds is not null) (type: boolean)
+                    predicate: (ds is not null and (date = '2008-04-08')) (type: boolean)
                     Statistics: Num rows: 1 Data size: 188 Basic stats: COMPLETE Column stats: NONE
                     Select Operator
                       expressions: ds (type: string)
@@ -5393,10 +5393,10 @@ STAGE PLANS:
             Map Operator Tree:
                 TableScan
                   alias: srcpart_date_hour
-                  filterExpr: ((((UDFToDouble(hour) = 11.0) and ((date = '2008-04-08') or (date = '2008-04-09'))) and hr is not null) and ds is not null) (type: boolean)
+                  filterExpr: (((ds is not null and hr is not null) and ((date = '2008-04-08') or (date = '2008-04-09'))) and (UDFToDouble(hour) = 11.0)) (type: boolean)
                   Statistics: Num rows: 4 Data size: 1440 Basic stats: COMPLETE Column stats: NONE
                   Filter Operator
-                    predicate: ((((UDFToDouble(hour) = 11.0) and ((date = '2008-04-08') or (date = '2008-04-09'))) and hr is not null) and ds is not null) (type: boolean)
+                    predicate: (((ds is not null and hr is not null) and ((date = '2008-04-08') or (date = '2008-04-09'))) and (UDFToDouble(hour) = 11.0)) (type: boolean)
                     Statistics: Num rows: 2 Data size: 720 Basic stats: COMPLETE Column stats: NONE
                     Select Operator
                       expressions: ds (type: string), hr (type: string)
diff --git a/ql/src/test/results/clientpositive/udf_folder_constants.q.out b/ql/src/test/results/clientpositive/udf_folder_constants.q.out
index ef07420325..3830daf0f2 100644
--- a/ql/src/test/results/clientpositive/udf_folder_constants.q.out
+++ b/ql/src/test/results/clientpositive/udf_folder_constants.q.out
@@ -63,12 +63,12 @@ STAGE PLANS:
               Statistics: Num rows: 1 Data size: 7 Basic stats: COMPLETE Column stats: NONE
               Select Operator
                 expressions: month (type: int)
-                outputColumnNames: _col0
+                outputColumnNames: _col1
                 Statistics: Num rows: 1 Data size: 7 Basic stats: COMPLETE Column stats: NONE
                 Reduce Output Operator
-                  key expressions: _col0 (type: int)
+                  key expressions: _col1 (type: int)
                   sort order: +
-                  Map-reduce partition columns: _col0 (type: int)
+                  Map-reduce partition columns: _col1 (type: int)
                   Statistics: Num rows: 1 Data size: 7 Basic stats: COMPLETE Column stats: NONE
           TableScan
             alias: b
@@ -90,7 +90,7 @@ STAGE PLANS:
           condition map:
                Inner Join 0 to 1
           keys:
-            0 _col0 (type: int)
+            0 _col1 (type: int)
             1 _col0 (type: int)
           Statistics: Num rows: 1 Data size: 7 Basic stats: COMPLETE Column stats: NONE
           Select Operator
diff --git a/ql/src/test/results/clientpositive/union_remove_25.q.out b/ql/src/test/results/clientpositive/union_remove_25.q.out
index 3869735f9f..54ddf56152 100644
--- a/ql/src/test/results/clientpositive/union_remove_25.q.out
+++ b/ql/src/test/results/clientpositive/union_remove_25.q.out
@@ -461,7 +461,7 @@ STAGE PLANS:
             Statistics: Num rows: 1000 Data size: 10624 Basic stats: COMPLETE Column stats: NONE
             Select Operator
               expressions: key (type: string), value (type: string), hr (type: string)
-              outputColumnNames: _col0, _col1, _col2
+              outputColumnNames: _col0, _col1, _col3
               Statistics: Num rows: 1000 Data size: 10624 Basic stats: COMPLETE Column stats: NONE
               Limit
                 Number of rows: 1000
@@ -470,17 +470,17 @@ STAGE PLANS:
                   sort order: 
                   Statistics: Num rows: 1000 Data size: 10000 Basic stats: COMPLETE Column stats: NONE
                   TopN Hash Memory Usage: 0.1
-                  value expressions: _col0 (type: string), _col1 (type: string), _col2 (type: string)
+                  value expressions: _col0 (type: string), _col1 (type: string), _col3 (type: string)
       Reduce Operator Tree:
         Select Operator
-          expressions: VALUE._col0 (type: string), VALUE._col1 (type: string), VALUE._col2 (type: string)
-          outputColumnNames: _col0, _col1, _col2
+          expressions: VALUE._col0 (type: string), VALUE._col1 (type: string), VALUE._col3 (type: string)
+          outputColumnNames: _col0, _col1, _col3
           Statistics: Num rows: 1000 Data size: 10000 Basic stats: COMPLETE Column stats: NONE
           Limit
             Number of rows: 1000
             Statistics: Num rows: 1000 Data size: 10000 Basic stats: COMPLETE Column stats: NONE
             Select Operator
-              expressions: _col0 (type: string), UDFToLong(_col1) (type: bigint), '2008-04-08' (type: string), _col2 (type: string)
+              expressions: _col0 (type: string), UDFToLong(_col1) (type: bigint), '2008-04-08' (type: string), _col3 (type: string)
               outputColumnNames: _col0, _col1, _col2, _col3
               Statistics: Num rows: 1000 Data size: 10000 Basic stats: COMPLETE Column stats: NONE
               File Output Operator
@@ -513,7 +513,7 @@ STAGE PLANS:
             Statistics: Num rows: 1000 Data size: 10624 Basic stats: COMPLETE Column stats: NONE
             Select Operator
               expressions: key (type: string), value (type: string), hr (type: string)
-              outputColumnNames: _col0, _col1, _col2
+              outputColumnNames: _col0, _col1, _col3
               Statistics: Num rows: 1000 Data size: 10624 Basic stats: COMPLETE Column stats: NONE
               Limit
                 Number of rows: 1000
@@ -522,17 +522,17 @@ STAGE PLANS:
                   sort order: 
                   Statistics: Num rows: 1000 Data size: 10000 Basic stats: COMPLETE Column stats: NONE
                   TopN Hash Memory Usage: 0.1
-                  value expressions: _col0 (type: string), _col1 (type: string), _col2 (type: string)
+                  value expressions: _col0 (type: string), _col1 (type: string), _col3 (type: string)
       Reduce Operator Tree:
         Select Operator
-          expressions: VALUE._col0 (type: string), VALUE._col1 (type: string), VALUE._col2 (type: string)
-          outputColumnNames: _col0, _col1, _col2
+          expressions: VALUE._col0 (type: string), VALUE._col1 (type: string), VALUE._col3 (type: string)
+          outputColumnNames: _col0, _col1, _col3
           Statistics: Num rows: 1000 Data size: 10000 Basic stats: COMPLETE Column stats: NONE
           Limit
             Number of rows: 1000
             Statistics: Num rows: 1000 Data size: 10000 Basic stats: COMPLETE Column stats: NONE
             Select Operator
-              expressions: _col0 (type: string), UDFToLong(_col1) (type: bigint), '2008-04-08' (type: string), _col2 (type: string)
+              expressions: _col0 (type: string), UDFToLong(_col1) (type: bigint), '2008-04-08' (type: string), _col3 (type: string)
               outputColumnNames: _col0, _col1, _col2, _col3
               Statistics: Num rows: 1000 Data size: 10000 Basic stats: COMPLETE Column stats: NONE
               File Output Operator
diff --git a/ql/src/test/results/clientpositive/union_view.q.out b/ql/src/test/results/clientpositive/union_view.q.out
index 1d93159e2b..66ca51b0e8 100644
--- a/ql/src/test/results/clientpositive/union_view.q.out
+++ b/ql/src/test/results/clientpositive/union_view.q.out
@@ -358,12 +358,12 @@ STAGE PLANS:
               Statistics: Num rows: 250 Data size: 2656 Basic stats: COMPLETE Column stats: NONE
               Select Operator
                 expressions: value (type: string)
-                outputColumnNames: _col0
+                outputColumnNames: _col1
                 Statistics: Num rows: 250 Data size: 2656 Basic stats: COMPLETE Column stats: NONE
                 Union
                   Statistics: Num rows: 252 Data size: 2656 Basic stats: COMPLETE Column stats: NONE
                   Select Operator
-                    expressions: 86 (type: int), _col0 (type: string), '1' (type: string)
+                    expressions: 86 (type: int), _col1 (type: string), '1' (type: string)
                     outputColumnNames: _col0, _col1, _col2
                     Statistics: Num rows: 252 Data size: 2656 Basic stats: COMPLETE Column stats: NONE
                     File Output Operator
@@ -382,12 +382,12 @@ STAGE PLANS:
               Statistics: Num rows: 1 Data size: 0 Basic stats: PARTIAL Column stats: NONE
               Select Operator
                 expressions: value (type: string)
-                outputColumnNames: _col0
+                outputColumnNames: _col1
                 Statistics: Num rows: 1 Data size: 0 Basic stats: PARTIAL Column stats: NONE
                 Union
                   Statistics: Num rows: 252 Data size: 2656 Basic stats: COMPLETE Column stats: NONE
                   Select Operator
-                    expressions: 86 (type: int), _col0 (type: string), '1' (type: string)
+                    expressions: 86 (type: int), _col1 (type: string), '1' (type: string)
                     outputColumnNames: _col0, _col1, _col2
                     Statistics: Num rows: 252 Data size: 2656 Basic stats: COMPLETE Column stats: NONE
                     File Output Operator
@@ -406,12 +406,12 @@ STAGE PLANS:
               Statistics: Num rows: 1 Data size: 0 Basic stats: PARTIAL Column stats: NONE
               Select Operator
                 expressions: value (type: string)
-                outputColumnNames: _col0
+                outputColumnNames: _col1
                 Statistics: Num rows: 1 Data size: 0 Basic stats: PARTIAL Column stats: NONE
                 Union
                   Statistics: Num rows: 252 Data size: 2656 Basic stats: COMPLETE Column stats: NONE
                   Select Operator
-                    expressions: 86 (type: int), _col0 (type: string), '1' (type: string)
+                    expressions: 86 (type: int), _col1 (type: string), '1' (type: string)
                     outputColumnNames: _col0, _col1, _col2
                     Statistics: Num rows: 252 Data size: 2656 Basic stats: COMPLETE Column stats: NONE
                     File Output Operator
@@ -471,12 +471,12 @@ STAGE PLANS:
               Statistics: Num rows: 1 Data size: 0 Basic stats: PARTIAL Column stats: NONE
               Select Operator
                 expressions: value (type: string)
-                outputColumnNames: _col0
+                outputColumnNames: _col1
                 Statistics: Num rows: 1 Data size: 0 Basic stats: PARTIAL Column stats: NONE
                 Union
                   Statistics: Num rows: 502 Data size: 5312 Basic stats: COMPLETE Column stats: NONE
                   Select Operator
-                    expressions: 86 (type: int), _col0 (type: string), '2' (type: string)
+                    expressions: 86 (type: int), _col1 (type: string), '2' (type: string)
                     outputColumnNames: _col0, _col1, _col2
                     Statistics: Num rows: 502 Data size: 5312 Basic stats: COMPLETE Column stats: NONE
                     File Output Operator
@@ -495,12 +495,12 @@ STAGE PLANS:
               Statistics: Num rows: 500 Data size: 5312 Basic stats: COMPLETE Column stats: NONE
               Select Operator
                 expressions: value (type: string)
-                outputColumnNames: _col0
+                outputColumnNames: _col1
                 Statistics: Num rows: 500 Data size: 5312 Basic stats: COMPLETE Column stats: NONE
                 Union
                   Statistics: Num rows: 502 Data size: 5312 Basic stats: COMPLETE Column stats: NONE
                   Select Operator
-                    expressions: 86 (type: int), _col0 (type: string), '2' (type: string)
+                    expressions: 86 (type: int), _col1 (type: string), '2' (type: string)
                     outputColumnNames: _col0, _col1, _col2
                     Statistics: Num rows: 502 Data size: 5312 Basic stats: COMPLETE Column stats: NONE
                     File Output Operator
@@ -519,12 +519,12 @@ STAGE PLANS:
               Statistics: Num rows: 1 Data size: 0 Basic stats: PARTIAL Column stats: NONE
               Select Operator
                 expressions: value (type: string)
-                outputColumnNames: _col0
+                outputColumnNames: _col1
                 Statistics: Num rows: 1 Data size: 0 Basic stats: PARTIAL Column stats: NONE
                 Union
                   Statistics: Num rows: 502 Data size: 5312 Basic stats: COMPLETE Column stats: NONE
                   Select Operator
-                    expressions: 86 (type: int), _col0 (type: string), '2' (type: string)
+                    expressions: 86 (type: int), _col1 (type: string), '2' (type: string)
                     outputColumnNames: _col0, _col1, _col2
                     Statistics: Num rows: 502 Data size: 5312 Basic stats: COMPLETE Column stats: NONE
                     File Output Operator
@@ -584,12 +584,12 @@ STAGE PLANS:
               Statistics: Num rows: 1 Data size: 0 Basic stats: PARTIAL Column stats: NONE
               Select Operator
                 expressions: value (type: string)
-                outputColumnNames: _col0
+                outputColumnNames: _col1
                 Statistics: Num rows: 1 Data size: 0 Basic stats: PARTIAL Column stats: NONE
                 Union
                   Statistics: Num rows: 502 Data size: 5312 Basic stats: COMPLETE Column stats: NONE
                   Select Operator
-                    expressions: 86 (type: int), _col0 (type: string), '3' (type: string)
+                    expressions: 86 (type: int), _col1 (type: string), '3' (type: string)
                     outputColumnNames: _col0, _col1, _col2
                     Statistics: Num rows: 502 Data size: 5312 Basic stats: COMPLETE Column stats: NONE
                     File Output Operator
@@ -608,12 +608,12 @@ STAGE PLANS:
               Statistics: Num rows: 1 Data size: 0 Basic stats: PARTIAL Column stats: NONE
               Select Operator
                 expressions: value (type: string)
-                outputColumnNames: _col0
+                outputColumnNames: _col1
                 Statistics: Num rows: 1 Data size: 0 Basic stats: PARTIAL Column stats: NONE
                 Union
                   Statistics: Num rows: 502 Data size: 5312 Basic stats: COMPLETE Column stats: NONE
                   Select Operator
-                    expressions: 86 (type: int), _col0 (type: string), '3' (type: string)
+                    expressions: 86 (type: int), _col1 (type: string), '3' (type: string)
                     outputColumnNames: _col0, _col1, _col2
                     Statistics: Num rows: 502 Data size: 5312 Basic stats: COMPLETE Column stats: NONE
                     File Output Operator
@@ -632,12 +632,12 @@ STAGE PLANS:
               Statistics: Num rows: 500 Data size: 5312 Basic stats: COMPLETE Column stats: NONE
               Select Operator
                 expressions: value (type: string)
-                outputColumnNames: _col0
+                outputColumnNames: _col1
                 Statistics: Num rows: 500 Data size: 5312 Basic stats: COMPLETE Column stats: NONE
                 Union
                   Statistics: Num rows: 502 Data size: 5312 Basic stats: COMPLETE Column stats: NONE
                   Select Operator
-                    expressions: 86 (type: int), _col0 (type: string), '3' (type: string)
+                    expressions: 86 (type: int), _col1 (type: string), '3' (type: string)
                     outputColumnNames: _col0, _col1, _col2
                     Statistics: Num rows: 502 Data size: 5312 Basic stats: COMPLETE Column stats: NONE
                     File Output Operator
@@ -701,12 +701,12 @@ STAGE PLANS:
               Statistics: Num rows: 250 Data size: 2656 Basic stats: COMPLETE Column stats: NONE
               Select Operator
                 expressions: value (type: string), ds (type: string)
-                outputColumnNames: _col0, _col1
+                outputColumnNames: _col1, _col2
                 Statistics: Num rows: 250 Data size: 2656 Basic stats: COMPLETE Column stats: NONE
                 Union
                   Statistics: Num rows: 1250 Data size: 13280 Basic stats: COMPLETE Column stats: NONE
                   Select Operator
-                    expressions: _col0 (type: string), _col1 (type: string)
+                    expressions: _col1 (type: string), _col2 (type: string)
                     outputColumnNames: _col1, _col2
                     Statistics: Num rows: 1250 Data size: 13280 Basic stats: COMPLETE Column stats: NONE
                     Reduce Output Operator
@@ -723,12 +723,12 @@ STAGE PLANS:
               Statistics: Num rows: 500 Data size: 5312 Basic stats: COMPLETE Column stats: NONE
               Select Operator
                 expressions: value (type: string), ds (type: string)
-                outputColumnNames: _col0, _col1
+                outputColumnNames: _col1, _col2
                 Statistics: Num rows: 500 Data size: 5312 Basic stats: COMPLETE Column stats: NONE
                 Union
                   Statistics: Num rows: 1250 Data size: 13280 Basic stats: COMPLETE Column stats: NONE
                   Select Operator
-                    expressions: _col0 (type: string), _col1 (type: string)
+                    expressions: _col1 (type: string), _col2 (type: string)
                     outputColumnNames: _col1, _col2
                     Statistics: Num rows: 1250 Data size: 13280 Basic stats: COMPLETE Column stats: NONE
                     Reduce Output Operator
@@ -745,12 +745,12 @@ STAGE PLANS:
               Statistics: Num rows: 500 Data size: 5312 Basic stats: COMPLETE Column stats: NONE
               Select Operator
                 expressions: value (type: string), ds (type: string)
-                outputColumnNames: _col0, _col1
+                outputColumnNames: _col1, _col2
                 Statistics: Num rows: 500 Data size: 5312 Basic stats: COMPLETE Column stats: NONE
                 Union
                   Statistics: Num rows: 1250 Data size: 13280 Basic stats: COMPLETE Column stats: NONE
                   Select Operator
-                    expressions: _col0 (type: string), _col1 (type: string)
+                    expressions: _col1 (type: string), _col2 (type: string)
                     outputColumnNames: _col1, _col2
                     Statistics: Num rows: 1250 Data size: 13280 Basic stats: COMPLETE Column stats: NONE
                     Reduce Output Operator
@@ -1226,12 +1226,12 @@ STAGE PLANS:
               Statistics: Num rows: 1 Data size: 0 Basic stats: PARTIAL Column stats: NONE
               Select Operator
                 expressions: value (type: string)
-                outputColumnNames: _col0
+                outputColumnNames: _col1
                 Statistics: Num rows: 1 Data size: 0 Basic stats: PARTIAL Column stats: NONE
                 Union
                   Statistics: Num rows: 252 Data size: 2656 Basic stats: COMPLETE Column stats: NONE
                   Select Operator
-                    expressions: 86 (type: int), _col0 (type: string), '4' (type: string)
+                    expressions: 86 (type: int), _col1 (type: string), '4' (type: string)
                     outputColumnNames: _col0, _col1, _col2
                     Statistics: Num rows: 252 Data size: 2656 Basic stats: COMPLETE Column stats: NONE
                     File Output Operator
@@ -1250,12 +1250,12 @@ STAGE PLANS:
               Statistics: Num rows: 1 Data size: 0 Basic stats: PARTIAL Column stats: NONE
               Select Operator
                 expressions: value (type: string)
-                outputColumnNames: _col0
+                outputColumnNames: _col1
                 Statistics: Num rows: 1 Data size: 0 Basic stats: PARTIAL Column stats: NONE
                 Union
                   Statistics: Num rows: 252 Data size: 2656 Basic stats: COMPLETE Column stats: NONE
                   Select Operator
-                    expressions: 86 (type: int), _col0 (type: string), '4' (type: string)
+                    expressions: 86 (type: int), _col1 (type: string), '4' (type: string)
                     outputColumnNames: _col0, _col1, _col2
                     Statistics: Num rows: 252 Data size: 2656 Basic stats: COMPLETE Column stats: NONE
                     File Output Operator
@@ -1274,12 +1274,12 @@ STAGE PLANS:
               Statistics: Num rows: 250 Data size: 2656 Basic stats: COMPLETE Column stats: NONE
               Select Operator
                 expressions: value (type: string)
-                outputColumnNames: _col0
+                outputColumnNames: _col1
                 Statistics: Num rows: 250 Data size: 2656 Basic stats: COMPLETE Column stats: NONE
                 Union
                   Statistics: Num rows: 252 Data size: 2656 Basic stats: COMPLETE Column stats: NONE
                   Select Operator
-                    expressions: 86 (type: int), _col0 (type: string), '4' (type: string)
+                    expressions: 86 (type: int), _col1 (type: string), '4' (type: string)
                     outputColumnNames: _col0, _col1, _col2
                     Statistics: Num rows: 252 Data size: 2656 Basic stats: COMPLETE Column stats: NONE
                     File Output Operator
diff --git a/ql/src/test/results/clientpositive/vector_interval_mapjoin.q.out b/ql/src/test/results/clientpositive/vector_interval_mapjoin.q.out
index 7cd7eb0c70..9d5c91b703 100644
--- a/ql/src/test/results/clientpositive/vector_interval_mapjoin.q.out
+++ b/ql/src/test/results/clientpositive/vector_interval_mapjoin.q.out
@@ -172,7 +172,7 @@ STAGE PLANS:
             alias: vectortab_b_1korc
             Statistics: Num rows: 1000 Data size: 458448 Basic stats: COMPLETE Column stats: NONE
             Filter Operator
-              predicate: ((dt - CAST( ts AS DATE)) is not null and s is not null) (type: boolean)
+              predicate: (s is not null and (dt - CAST( ts AS DATE)) is not null) (type: boolean)
               Statistics: Num rows: 1000 Data size: 458448 Basic stats: COMPLETE Column stats: NONE
               Select Operator
                 expressions: s (type: string), (dt - CAST( ts AS DATE)) (type: interval_day_time)
@@ -190,7 +190,7 @@ STAGE PLANS:
             alias: vectortab_a_1korc
             Statistics: Num rows: 1000 Data size: 460264 Basic stats: COMPLETE Column stats: NONE
             Filter Operator
-              predicate: ((dt - CAST( ts AS DATE)) is not null and s is not null) (type: boolean)
+              predicate: (s is not null and (dt - CAST( ts AS DATE)) is not null) (type: boolean)
               Statistics: Num rows: 1000 Data size: 460264 Basic stats: COMPLETE Column stats: NONE
               Select Operator
                 expressions: s (type: string), (dt - CAST( ts AS DATE)) (type: interval_day_time)
diff --git a/ql/src/test/results/clientpositive/vector_leftsemi_mapjoin.q.out b/ql/src/test/results/clientpositive/vector_leftsemi_mapjoin.q.out
index f7d24b8993..581ce6647b 100644
--- a/ql/src/test/results/clientpositive/vector_leftsemi_mapjoin.q.out
+++ b/ql/src/test/results/clientpositive/vector_leftsemi_mapjoin.q.out
@@ -2320,7 +2320,7 @@ STAGE PLANS:
             alias: a
             Statistics: Num rows: 22 Data size: 2046 Basic stats: COMPLETE Column stats: NONE
             Filter Operator
-              predicate: ((key > 100) and value is not null) (type: boolean)
+              predicate: (value is not null and (key > 100)) (type: boolean)
               Statistics: Num rows: 7 Data size: 651 Basic stats: COMPLETE Column stats: NONE
               Select Operator
                 expressions: key (type: int), value (type: string)
@@ -4554,7 +4554,7 @@ STAGE PLANS:
             alias: a
             Statistics: Num rows: 22 Data size: 2046 Basic stats: COMPLETE Column stats: NONE
             Filter Operator
-              predicate: ((key > 100) and value is not null) (type: boolean)
+              predicate: (value is not null and (key > 100)) (type: boolean)
               Statistics: Num rows: 7 Data size: 651 Basic stats: COMPLETE Column stats: NONE
               Select Operator
                 expressions: key (type: int), value (type: string)
@@ -6805,7 +6805,7 @@ STAGE PLANS:
             alias: a
             Statistics: Num rows: 22 Data size: 2046 Basic stats: COMPLETE Column stats: NONE
             Filter Operator
-              predicate: ((key > 100) and value is not null) (type: boolean)
+              predicate: (value is not null and (key > 100)) (type: boolean)
               Statistics: Num rows: 7 Data size: 651 Basic stats: COMPLETE Column stats: NONE
               Select Operator
                 expressions: key (type: int), value (type: string)
@@ -9057,7 +9057,7 @@ STAGE PLANS:
             alias: a
             Statistics: Num rows: 22 Data size: 2046 Basic stats: COMPLETE Column stats: NONE
             Filter Operator
-              predicate: ((key > 100) and value is not null) (type: boolean)
+              predicate: (value is not null and (key > 100)) (type: boolean)
               Statistics: Num rows: 7 Data size: 651 Basic stats: COMPLETE Column stats: NONE
               Select Operator
                 expressions: key (type: int), value (type: string)
@@ -11309,7 +11309,7 @@ STAGE PLANS:
             alias: a
             Statistics: Num rows: 22 Data size: 2046 Basic stats: COMPLETE Column stats: NONE
             Filter Operator
-              predicate: ((key > 100) and value is not null) (type: boolean)
+              predicate: (value is not null and (key > 100)) (type: boolean)
               Statistics: Num rows: 7 Data size: 651 Basic stats: COMPLETE Column stats: NONE
               Select Operator
                 expressions: key (type: int), value (type: string)
@@ -13561,7 +13561,7 @@ STAGE PLANS:
             alias: a
             Statistics: Num rows: 22 Data size: 2046 Basic stats: COMPLETE Column stats: NONE
             Filter Operator
-              predicate: ((key > 100) and value is not null) (type: boolean)
+              predicate: (value is not null and (key > 100)) (type: boolean)
               Statistics: Num rows: 7 Data size: 651 Basic stats: COMPLETE Column stats: NONE
               Select Operator
                 expressions: key (type: int), value (type: string)
diff --git a/ql/src/test/results/clientpositive/vector_mapjoin_reduce.q.out b/ql/src/test/results/clientpositive/vector_mapjoin_reduce.q.out
index dd40f282c7..e8cd48a4b9 100644
--- a/ql/src/test/results/clientpositive/vector_mapjoin_reduce.q.out
+++ b/ql/src/test/results/clientpositive/vector_mapjoin_reduce.q.out
@@ -222,7 +222,7 @@ STAGE PLANS:
             alias: lineitem
             Statistics: Num rows: 100 Data size: 11999 Basic stats: COMPLETE Column stats: NONE
             Filter Operator
-              predicate: (((l_linenumber = 1) and l_partkey is not null) and l_orderkey is not null) (type: boolean)
+              predicate: ((l_partkey is not null and l_orderkey is not null) and (l_linenumber = 1)) (type: boolean)
               Statistics: Num rows: 50 Data size: 5999 Basic stats: COMPLETE Column stats: NONE
               Select Operator
                 expressions: l_orderkey (type: int), l_partkey (type: int), l_suppkey (type: int)
@@ -466,7 +466,7 @@ STAGE PLANS:
             alias: lineitem
             Statistics: Num rows: 100 Data size: 11999 Basic stats: COMPLETE Column stats: NONE
             Filter Operator
-              predicate: (((l_shipmode = 'AIR') and (l_linenumber = 1)) and l_orderkey is not null) (type: boolean)
+              predicate: (((l_shipmode = 'AIR') and l_orderkey is not null) and (l_linenumber = 1)) (type: boolean)
               Statistics: Num rows: 25 Data size: 2999 Basic stats: COMPLETE Column stats: NONE
               Select Operator
                 expressions: l_orderkey (type: int)
@@ -489,7 +489,7 @@ STAGE PLANS:
             alias: lineitem
             Statistics: Num rows: 100 Data size: 11999 Basic stats: COMPLETE Column stats: NONE
             Filter Operator
-              predicate: (((l_linenumber = 1) and l_partkey is not null) and l_orderkey is not null) (type: boolean)
+              predicate: ((l_partkey is not null and l_orderkey is not null) and (l_linenumber = 1)) (type: boolean)
               Statistics: Num rows: 50 Data size: 5999 Basic stats: COMPLETE Column stats: NONE
               Select Operator
                 expressions: l_orderkey (type: int), l_partkey (type: int), l_suppkey (type: int), 1 (type: int)
