diff --git a/ql/src/test/results/clientpositive/empty_join.q.out b/ql/src/test/results/clientpositive/empty_join.q.out
index 2abba0e080..99e8f94302 100644
--- a/ql/src/test/results/clientpositive/empty_join.q.out
+++ b/ql/src/test/results/clientpositive/empty_join.q.out
@@ -59,14 +59,14 @@ STAGE PLANS:
   Stage: Stage-5
     Map Reduce Local Work
       Alias -> Map Local Tables:
-        $hdt$_1:t2
+        $hdt$_1:t2 
           Fetch Operator
             limit: -1
-        $hdt$_2:t3
+        $hdt$_2:t3 
           Fetch Operator
             limit: -1
       Alias -> Map Local Operator Tree:
-        $hdt$_1:t2
+        $hdt$_1:t2 
           TableScan
             alias: t2
             Statistics: Num rows: 1 Data size: 0 Basic stats: PARTIAL Column stats: NONE
@@ -82,7 +82,7 @@ STAGE PLANS:
                     0 _col0 (type: int)
                     1 _col0 (type: int)
                     2 _col0 (type: int)
-        $hdt$_2:t3
+        $hdt$_2:t3 
           TableScan
             alias: t3
             Statistics: Num rows: 1 Data size: 1 Basic stats: COMPLETE Column stats: NONE
diff --git a/ql/src/test/results/clientpositive/join_cond_pushdown_unqual5.q.out b/ql/src/test/results/clientpositive/join_cond_pushdown_unqual5.q.out
index 7d4fa71e35..aea9822058 100644
--- a/ql/src/test/results/clientpositive/join_cond_pushdown_unqual5.q.out
+++ b/ql/src/test/results/clientpositive/join_cond_pushdown_unqual5.q.out
@@ -127,11 +127,11 @@ STAGE PLANS:
   Stage: Stage-4
     Map Reduce Local Work
       Alias -> Map Local Tables:
-        $hdt$_1:r
+        $hdt$_1:r 
           Fetch Operator
             limit: -1
       Alias -> Map Local Operator Tree:
-        $hdt$_1:r
+        $hdt$_1:r 
           TableScan
             alias: r
             Statistics: Num rows: 2 Data size: 47 Basic stats: COMPLETE Column stats: NONE
diff --git a/ql/src/test/results/clientpositive/spark/smb_mapjoin_18.q.out b/ql/src/test/results/clientpositive/spark/smb_mapjoin_18.q.out
index 8822447851..bfdd529fa0 100644
--- a/ql/src/test/results/clientpositive/spark/smb_mapjoin_18.q.out
+++ b/ql/src/test/results/clientpositive/spark/smb_mapjoin_18.q.out
@@ -255,7 +255,7 @@ STAGE PLANS:
                         Map-reduce partition columns: _col0 (type: int)
                         Statistics: Num rows: 250 Data size: 2656 Basic stats: COMPLETE Column stats: NONE
                         value expressions: _col1 (type: string)
-        Reducer 2
+        Reducer 2 
             Reduce Operator Tree:
               Select Operator
                 expressions: KEY.reducesinkkey0 (type: int), VALUE._col0 (type: string)
