diff --git a/llap-server/src/java/org/apache/hadoop/hive/llap/cli/LlapOptionsProcessor.java b/llap-server/src/java/org/apache/hadoop/hive/llap/cli/LlapOptionsProcessor.java
index c43bf97c7f..c292b375ca 100644
--- a/llap-server/src/java/org/apache/hadoop/hive/llap/cli/LlapOptionsProcessor.java
+++ b/llap-server/src/java/org/apache/hadoop/hive/llap/cli/LlapOptionsProcessor.java
@@ -52,12 +52,14 @@ public class LlapOptionsProcessor {
   public static final String OPTION_HIVECONF = "hiveconf"; // llap-daemon-site if relevant parameter
   public static final String OPTION_SLIDER_AM_CONTAINER_MB = "slider-am-container-mb"; // forward as arg
   public static final String OPTION_LLAP_QUEUE = "queue"; // forward via config.json
+  public static final String OPTION_IO_THREADS = "iothreads"; // llap-daemon-site
 
   public class LlapOptions {
     private final int instances;
     private final String directory;
     private final String name;
     private final int executors;
+    private final int ioThreads;
     private final long cache;
     private final long size;
     private final long xmx;
@@ -67,8 +69,8 @@ public class LlapOptions {
     private final String javaPath;
     private final String llapQueueName;
 
-    public LlapOptions(String name, int instances, String directory, int executors, long cache,
-                       long size, long xmx, String jars, boolean isHbase,
+    public LlapOptions(String name, int instances, String directory, int executors, int ioThreads,
+                       long cache, long size, long xmx, String jars, boolean isHbase,
                        @Nonnull Properties hiveconf, String javaPath, String llapQueueName)
         throws ParseException {
       if (instances <= 0) {
@@ -79,6 +81,7 @@ public LlapOptions(String name, int instances, String directory, int executors,
       this.directory = directory;
       this.name = name;
       this.executors = executors;
+      this.ioThreads = ioThreads;
       this.cache = cache;
       this.size = size;
       this.xmx = xmx;
@@ -105,6 +108,10 @@ public int getExecutors() {
       return executors;
     }
 
+    public int getIoThreads() {
+      return ioThreads;
+    }
+
     public long getCache() {
       return cache;
     }
@@ -202,6 +209,9 @@ public LlapOptionsProcessor() {
         .withLongOpt(OPTION_SLIDER_AM_CONTAINER_MB)
         .withDescription("The size of the slider AppMaster container in MB").create());
 
+    options.addOption(OptionBuilder.hasArg().withArgName(OPTION_IO_THREADS)
+        .withLongOpt(OPTION_IO_THREADS).withDescription("executor per instance").create('t'));
+
     // [-H|--help]
     options.addOption(new Option("H", "help", false, "Print help information"));
   }
@@ -225,6 +235,9 @@ public LlapOptions processOptions(String argv[]) throws ParseException, IOExcept
     String name = commandLine.getOptionValue(OPTION_NAME, null);
 
     final int executors = Integer.parseInt(commandLine.getOptionValue(OPTION_EXECUTORS, "-1"));
+    // TODO# here
+    final int ioThreads = Integer.parseInt(
+        commandLine.getOptionValue(OPTION_IO_THREADS, Integer.toString(executors)));
     final long cache = parseSuffixed(commandLine.getOptionValue(OPTION_CACHE, "-1"));
     final long size = parseSuffixed(commandLine.getOptionValue(OPTION_SIZE, "-1"));
     final long xmx = parseSuffixed(commandLine.getOptionValue(OPTION_XMX, "-1"));
@@ -248,9 +261,8 @@ public LlapOptions processOptions(String argv[]) throws ParseException, IOExcept
 
     // loglevel, chaosmonkey & args are parsed by the python processor
 
-    return new LlapOptions(
-        name, instances, directory, executors, cache, size, xmx, jars, isHbase, hiveconf, javaHome,
-        queueName);
+    return new LlapOptions(name, instances, directory, executors, ioThreads, cache,
+        size, xmx, jars, isHbase, hiveconf, javaHome, queueName);
   }
 
   private void printUsage() {
diff --git a/llap-server/src/java/org/apache/hadoop/hive/llap/cli/LlapServiceDriver.java b/llap-server/src/java/org/apache/hadoop/hive/llap/cli/LlapServiceDriver.java
index f6ca79d02c..508ce273ad 100644
--- a/llap-server/src/java/org/apache/hadoop/hive/llap/cli/LlapServiceDriver.java
+++ b/llap-server/src/java/org/apache/hadoop/hive/llap/cli/LlapServiceDriver.java
@@ -208,6 +208,12 @@ private void run(String[] args) throws Exception {
       // TODO: vcpu settings - possibly when DRFA works right
     }
 
+    if (options.getIoThreads() != -1) {
+      conf.setLong(ConfVars.LLAP_IO_THREADPOOL_SIZE.varname, options.getIoThreads());
+      propsDirectOptions.setProperty(ConfVars.LLAP_IO_THREADPOOL_SIZE.varname,
+          String.valueOf(options.getIoThreads()));
+    }
+
     if (options.getCache() != -1) {
       conf.set(HiveConf.ConfVars.LLAP_IO_MEMORY_MAX_SIZE.varname,
           Long.toString(options.getCache()));
diff --git a/ql/src/java/org/apache/hadoop/hive/ql/optimizer/physical/LlapDecider.java b/ql/src/java/org/apache/hadoop/hive/ql/optimizer/physical/LlapDecider.java
index 80dbd31821..194828f6f2 100644
--- a/ql/src/java/org/apache/hadoop/hive/ql/optimizer/physical/LlapDecider.java
+++ b/ql/src/java/org/apache/hadoop/hive/ql/optimizer/physical/LlapDecider.java
@@ -102,11 +102,14 @@ class LlapDecisionDispatcher implements Dispatcher {
     private final HiveConf conf;
     private final boolean doSkipUdfCheck;
     private final boolean arePermanentFnsAllowed;
+    private final boolean shouldUber;
 
-    public LlapDecisionDispatcher(PhysicalContext pctx) {
+    public LlapDecisionDispatcher(PhysicalContext pctx, LlapMode mode) {
       conf = pctx.getConf();
       doSkipUdfCheck = HiveConf.getBoolVar(conf, ConfVars.LLAP_SKIP_COMPILE_UDF_CHECK);
       arePermanentFnsAllowed = HiveConf.getBoolVar(conf, ConfVars.LLAP_DAEMON_ALLOW_PERMANENT_FNS);
+      // Don't user uber in "all" mode - everything can go into LLAP, which is better than uber.
+      shouldUber = HiveConf.getBoolVar(conf, ConfVars.LLAP_AUTO_ALLOW_UBER) && (mode != all);
     }
 
     @Override
@@ -133,7 +136,7 @@ private void handleWork(TezWork tezWork, BaseWork work)
     private void convertWork(TezWork tezWork, BaseWork work)
       throws SemanticException {
 
-      if (HiveConf.getBoolVar(conf, HiveConf.ConfVars.LLAP_AUTO_ALLOW_UBER)) {
+      if (shouldUber) {
         // let's see if we can go one step further and just uber this puppy
         if (tezWork.getChildren(work).isEmpty()
             && work instanceof ReduceWork
@@ -420,7 +423,7 @@ public PhysicalContext resolve(PhysicalContext pctx) throws SemanticException {
     this.conf = pctx.getConf();
 
     this.mode = LlapMode.valueOf(HiveConf.getVar(conf, HiveConf.ConfVars.LLAP_EXECUTION_MODE));
-    LOG.info("llap mode: "+this.mode);
+    LOG.info("llap mode: " + this.mode);
 
     if (mode == none) {
       LOG.info("LLAP disabled.");
@@ -428,7 +431,7 @@ public PhysicalContext resolve(PhysicalContext pctx) throws SemanticException {
     }
 
     // create dispatcher and graph walker
-    Dispatcher disp = new LlapDecisionDispatcher(pctx);
+    Dispatcher disp = new LlapDecisionDispatcher(pctx, mode);
     TaskGraphWalker ogw = new TaskGraphWalker(disp);
 
     // get all the tasks nodes from root task
diff --git a/ql/src/test/results/clientpositive/llap/bucket_map_join_tez1.q.out b/ql/src/test/results/clientpositive/llap/bucket_map_join_tez1.q.out
index 8f054f20e2..f5a036e5b2 100644
--- a/ql/src/test/results/clientpositive/llap/bucket_map_join_tez1.q.out
+++ b/ql/src/test/results/clientpositive/llap/bucket_map_join_tez1.q.out
@@ -281,7 +281,7 @@ STAGE PLANS:
                         Statistics: Num rows: 1 Data size: 8 Basic stats: COMPLETE Column stats: NONE
                         value expressions: _col0 (type: bigint)
         Reducer 3 
-            Execution mode: uber
+            Execution mode: llap
             Reduce Operator Tree:
               Group By Operator
                 aggregations: count(VALUE._col0)
@@ -536,7 +536,7 @@ STAGE PLANS:
                         value expressions: _col1 (type: string)
             Execution mode: llap
         Reducer 2 
-            Execution mode: uber
+            Execution mode: llap
             Reduce Operator Tree:
               Group By Operator
                 aggregations: sum(VALUE._col0)
@@ -678,7 +678,7 @@ STAGE PLANS:
                         value expressions: _col1 (type: string)
             Execution mode: llap
         Reducer 2 
-            Execution mode: uber
+            Execution mode: llap
             Reduce Operator Tree:
               Group By Operator
                 aggregations: sum(VALUE._col0)
@@ -1602,7 +1602,7 @@ STAGE PLANS:
                         Statistics: Num rows: 1 Data size: 11 Basic stats: COMPLETE Column stats: NONE
             Execution mode: llap
         Reducer 2 
-            Execution mode: uber
+            Execution mode: llap
             Reduce Operator Tree:
               Group By Operator
                 aggregations: count()
@@ -1719,7 +1719,7 @@ STAGE PLANS:
                         Statistics: Num rows: 1 Data size: 11 Basic stats: COMPLETE Column stats: NONE
             Execution mode: llap
         Reducer 2 
-            Execution mode: uber
+            Execution mode: llap
             Reduce Operator Tree:
               Group By Operator
                 aggregations: count()
diff --git a/ql/src/test/results/clientpositive/llap/bucket_map_join_tez2.q.out b/ql/src/test/results/clientpositive/llap/bucket_map_join_tez2.q.out
index 7d597810c4..2800ee5fc6 100644
--- a/ql/src/test/results/clientpositive/llap/bucket_map_join_tez2.q.out
+++ b/ql/src/test/results/clientpositive/llap/bucket_map_join_tez2.q.out
@@ -593,7 +593,7 @@ STAGE PLANS:
                         Statistics: Num rows: 242 Data size: 2566 Basic stats: COMPLETE Column stats: NONE
             Execution mode: llap
         Reducer 2 
-            Execution mode: uber
+            Execution mode: llap
             Reduce Operator Tree:
               Group By Operator
                 keys: KEY._col0 (type: int)
@@ -680,7 +680,7 @@ STAGE PLANS:
                         value expressions: _col1 (type: string)
             Execution mode: llap
         Reducer 2 
-            Execution mode: uber
+            Execution mode: llap
             Reduce Operator Tree:
               Group By Operator
                 keys: KEY._col0 (type: string)
diff --git a/ql/src/test/results/clientpositive/llap/dynamic_partition_pruning.q.out b/ql/src/test/results/clientpositive/llap/dynamic_partition_pruning.q.out
index ace2960ac2..05f05aa9e8 100644
--- a/ql/src/test/results/clientpositive/llap/dynamic_partition_pruning.q.out
+++ b/ql/src/test/results/clientpositive/llap/dynamic_partition_pruning.q.out
@@ -74,7 +74,7 @@ STAGE PLANS:
                         Statistics: Num rows: 2000 Data size: 21248 Basic stats: COMPLETE Column stats: NONE
             Execution mode: llap
         Reducer 2 
-            Execution mode: uber
+            Execution mode: llap
             Reduce Operator Tree:
               Group By Operator
                 keys: KEY._col0 (type: string)
@@ -286,7 +286,7 @@ STAGE PLANS:
                     Statistics: Num rows: 1 Data size: 8 Basic stats: COMPLETE Column stats: NONE
                     value expressions: _col0 (type: bigint)
         Reducer 3 
-            Execution mode: uber
+            Execution mode: llap
             Reduce Operator Tree:
               Group By Operator
                 aggregations: count(VALUE._col0)
@@ -398,7 +398,7 @@ STAGE PLANS:
                     Statistics: Num rows: 1 Data size: 8 Basic stats: COMPLETE Column stats: NONE
                     value expressions: _col0 (type: bigint)
         Reducer 3 
-            Execution mode: uber
+            Execution mode: llap
             Reduce Operator Tree:
               Group By Operator
                 aggregations: count(VALUE._col0)
@@ -540,7 +540,7 @@ STAGE PLANS:
                     Statistics: Num rows: 1 Data size: 8 Basic stats: COMPLETE Column stats: NONE
                     value expressions: _col0 (type: bigint)
         Reducer 3 
-            Execution mode: uber
+            Execution mode: llap
             Reduce Operator Tree:
               Group By Operator
                 aggregations: count(VALUE._col0)
@@ -652,7 +652,7 @@ STAGE PLANS:
                     Statistics: Num rows: 1 Data size: 8 Basic stats: COMPLETE Column stats: NONE
                     value expressions: _col0 (type: bigint)
         Reducer 3 
-            Execution mode: uber
+            Execution mode: llap
             Reduce Operator Tree:
               Group By Operator
                 aggregations: count(VALUE._col0)
@@ -834,7 +834,7 @@ STAGE PLANS:
                     Statistics: Num rows: 1 Data size: 8 Basic stats: COMPLETE Column stats: NONE
                     value expressions: _col0 (type: bigint)
         Reducer 4 
-            Execution mode: uber
+            Execution mode: llap
             Reduce Operator Tree:
               Group By Operator
                 aggregations: count(VALUE._col0)
@@ -989,7 +989,7 @@ STAGE PLANS:
                     Statistics: Num rows: 1 Data size: 8 Basic stats: COMPLETE Column stats: NONE
                     value expressions: _col0 (type: bigint)
         Reducer 4 
-            Execution mode: uber
+            Execution mode: llap
             Reduce Operator Tree:
               Group By Operator
                 aggregations: count(VALUE._col0)
@@ -1147,7 +1147,7 @@ STAGE PLANS:
                     Statistics: Num rows: 1 Data size: 8 Basic stats: COMPLETE Column stats: NONE
                     value expressions: _col0 (type: bigint)
         Reducer 3 
-            Execution mode: uber
+            Execution mode: llap
             Reduce Operator Tree:
               Group By Operator
                 aggregations: count(VALUE._col0)
@@ -1259,7 +1259,7 @@ STAGE PLANS:
                     Statistics: Num rows: 1 Data size: 8 Basic stats: COMPLETE Column stats: NONE
                     value expressions: _col0 (type: bigint)
         Reducer 3 
-            Execution mode: uber
+            Execution mode: llap
             Reduce Operator Tree:
               Group By Operator
                 aggregations: count(VALUE._col0)
@@ -1399,7 +1399,7 @@ STAGE PLANS:
                     Statistics: Num rows: 1 Data size: 8 Basic stats: COMPLETE Column stats: NONE
                     value expressions: _col0 (type: bigint)
         Reducer 3 
-            Execution mode: uber
+            Execution mode: llap
             Reduce Operator Tree:
               Group By Operator
                 aggregations: count(VALUE._col0)
@@ -1511,7 +1511,7 @@ STAGE PLANS:
                     Statistics: Num rows: 1 Data size: 8 Basic stats: COMPLETE Column stats: NONE
                     value expressions: _col0 (type: bigint)
         Reducer 3 
-            Execution mode: uber
+            Execution mode: llap
             Reduce Operator Tree:
               Group By Operator
                 aggregations: count(VALUE._col0)
@@ -1649,7 +1649,7 @@ STAGE PLANS:
                     Statistics: Num rows: 1 Data size: 8 Basic stats: COMPLETE Column stats: NONE
                     value expressions: _col0 (type: bigint)
         Reducer 3 
-            Execution mode: uber
+            Execution mode: llap
             Reduce Operator Tree:
               Group By Operator
                 aggregations: count(VALUE._col0)
@@ -1776,7 +1776,7 @@ STAGE PLANS:
                     Statistics: Num rows: 1 Data size: 8 Basic stats: COMPLETE Column stats: NONE
                     value expressions: _col0 (type: bigint)
         Reducer 3 
-            Execution mode: uber
+            Execution mode: llap
             Reduce Operator Tree:
               Group By Operator
                 aggregations: count(VALUE._col0)
@@ -1888,7 +1888,7 @@ STAGE PLANS:
                     Statistics: Num rows: 1 Data size: 8 Basic stats: COMPLETE Column stats: NONE
                     value expressions: _col0 (type: bigint)
         Reducer 3 
-            Execution mode: uber
+            Execution mode: llap
             Reduce Operator Tree:
               Group By Operator
                 aggregations: count(VALUE._col0)
@@ -2000,7 +2000,7 @@ STAGE PLANS:
                     Statistics: Num rows: 1 Data size: 8 Basic stats: COMPLETE Column stats: NONE
                     value expressions: _col0 (type: bigint)
         Reducer 3 
-            Execution mode: uber
+            Execution mode: llap
             Reduce Operator Tree:
               Group By Operator
                 aggregations: count(VALUE._col0)
@@ -2140,7 +2140,7 @@ STAGE PLANS:
                     Statistics: Num rows: 1 Data size: 8 Basic stats: COMPLETE Column stats: NONE
                     value expressions: _col0 (type: bigint)
         Reducer 3 
-            Execution mode: uber
+            Execution mode: llap
             Reduce Operator Tree:
               Group By Operator
                 aggregations: count(VALUE._col0)
@@ -2266,7 +2266,7 @@ STAGE PLANS:
                     Statistics: Num rows: 1 Data size: 8 Basic stats: COMPLETE Column stats: NONE
                     value expressions: _col0 (type: bigint)
         Reducer 3 
-            Execution mode: uber
+            Execution mode: llap
             Reduce Operator Tree:
               Group By Operator
                 aggregations: count(VALUE._col0)
@@ -2425,7 +2425,7 @@ STAGE PLANS:
                         Statistics: Num rows: 1 Data size: 8 Basic stats: COMPLETE Column stats: NONE
                         value expressions: _col0 (type: bigint)
         Reducer 3 
-            Execution mode: uber
+            Execution mode: llap
             Reduce Operator Tree:
               Group By Operator
                 aggregations: count(VALUE._col0)
@@ -2569,7 +2569,7 @@ STAGE PLANS:
                     Statistics: Num rows: 1 Data size: 8 Basic stats: COMPLETE Column stats: NONE
                     value expressions: _col0 (type: bigint)
         Reducer 3 
-            Execution mode: uber
+            Execution mode: llap
             Reduce Operator Tree:
               Group By Operator
                 aggregations: count(VALUE._col0)
@@ -2698,7 +2698,7 @@ STAGE PLANS:
                     Statistics: Num rows: 1 Data size: 8 Basic stats: COMPLETE Column stats: NONE
                     value expressions: _col0 (type: bigint)
         Reducer 3 
-            Execution mode: uber
+            Execution mode: llap
             Reduce Operator Tree:
               Group By Operator
                 aggregations: count(VALUE._col0)
@@ -2805,7 +2805,7 @@ STAGE PLANS:
                     Statistics: Num rows: 1 Data size: 8 Basic stats: COMPLETE Column stats: NONE
                     value expressions: _col0 (type: bigint)
         Reducer 3 
-            Execution mode: uber
+            Execution mode: llap
             Reduce Operator Tree:
               Group By Operator
                 aggregations: count(VALUE._col0)
@@ -2914,7 +2914,7 @@ STAGE PLANS:
                     Statistics: Num rows: 1 Data size: 8 Basic stats: COMPLETE Column stats: NONE
                     value expressions: _col0 (type: bigint)
         Reducer 3 
-            Execution mode: uber
+            Execution mode: llap
             Reduce Operator Tree:
               Group By Operator
                 aggregations: count(VALUE._col0)
@@ -3062,7 +3062,7 @@ STAGE PLANS:
                     Statistics: Num rows: 1 Data size: 8 Basic stats: COMPLETE Column stats: NONE
                     value expressions: _col0 (type: bigint)
         Reducer 4 
-            Execution mode: uber
+            Execution mode: llap
             Reduce Operator Tree:
               Group By Operator
                 aggregations: count(VALUE._col0)
@@ -3216,7 +3216,7 @@ STAGE PLANS:
                     Statistics: Num rows: 1 Data size: 8 Basic stats: COMPLETE Column stats: NONE
                     value expressions: _col0 (type: bigint)
         Reducer 4 
-            Execution mode: uber
+            Execution mode: llap
             Reduce Operator Tree:
               Group By Operator
                 aggregations: count(VALUE._col0)
@@ -3347,7 +3347,7 @@ STAGE PLANS:
                     Statistics: Num rows: 1 Data size: 8 Basic stats: COMPLETE Column stats: NONE
                     value expressions: _col0 (type: bigint)
         Reducer 3 
-            Execution mode: uber
+            Execution mode: llap
             Reduce Operator Tree:
               Group By Operator
                 aggregations: count(VALUE._col0)
@@ -3362,7 +3362,7 @@ STAGE PLANS:
                       output format: org.apache.hadoop.hive.ql.io.HiveSequenceFileOutputFormat
                       serde: org.apache.hadoop.hive.serde2.lazy.LazySimpleSerDe
         Reducer 5 
-            Execution mode: uber
+            Execution mode: llap
             Reduce Operator Tree:
               Group By Operator
                 aggregations: max(VALUE._col0)
@@ -3398,7 +3398,7 @@ STAGE PLANS:
                           Statistics: Num rows: 2 Data size: 168 Basic stats: COMPLETE Column stats: NONE
                           Target Vertex: Map 1
         Reducer 8 
-            Execution mode: uber
+            Execution mode: llap
             Reduce Operator Tree:
               Group By Operator
                 aggregations: min(VALUE._col0)
@@ -3554,7 +3554,7 @@ STAGE PLANS:
                     Map-reduce partition columns: _col0 (type: string)
                     Statistics: Num rows: 2200 Data size: 23372 Basic stats: COMPLETE Column stats: NONE
         Reducer 3 
-            Execution mode: uber
+            Execution mode: llap
             Reduce Operator Tree:
               Group By Operator
                 keys: KEY._col0 (type: string)
@@ -3569,7 +3569,7 @@ STAGE PLANS:
                       output format: org.apache.hadoop.hive.ql.io.HiveSequenceFileOutputFormat
                       serde: org.apache.hadoop.hive.serde2.lazy.LazySimpleSerDe
         Reducer 5 
-            Execution mode: uber
+            Execution mode: llap
             Reduce Operator Tree:
               Group By Operator
                 aggregations: max(VALUE._col0)
@@ -3605,7 +3605,7 @@ STAGE PLANS:
                           Statistics: Num rows: 2 Data size: 168 Basic stats: COMPLETE Column stats: NONE
                           Target Vertex: Map 1
         Reducer 8 
-            Execution mode: uber
+            Execution mode: llap
             Reduce Operator Tree:
               Group By Operator
                 aggregations: min(VALUE._col0)
@@ -3760,7 +3760,7 @@ STAGE PLANS:
                         value expressions: _col0 (type: string)
             Execution mode: llap
         Reducer 11 
-            Execution mode: uber
+            Execution mode: llap
             Reduce Operator Tree:
               Group By Operator
                 aggregations: min(VALUE._col0)
@@ -3811,7 +3811,7 @@ STAGE PLANS:
                           Statistics: Num rows: 2 Data size: 168 Basic stats: COMPLETE Column stats: NONE
                           Target Vertex: Map 5
         Reducer 2 
-            Execution mode: uber
+            Execution mode: llap
             Reduce Operator Tree:
               Group By Operator
                 keys: KEY._col0 (type: string)
@@ -3842,7 +3842,7 @@ STAGE PLANS:
                       output format: org.apache.hadoop.hive.ql.io.HiveSequenceFileOutputFormat
                       serde: org.apache.hadoop.hive.serde2.lazy.LazySimpleSerDe
         Reducer 6 
-            Execution mode: uber
+            Execution mode: llap
             Reduce Operator Tree:
               Group By Operator
                 keys: KEY._col0 (type: string)
@@ -3855,7 +3855,7 @@ STAGE PLANS:
                   Map-reduce partition columns: _col0 (type: string)
                   Statistics: Num rows: 2000 Data size: 21248 Basic stats: COMPLETE Column stats: NONE
         Reducer 8 
-            Execution mode: uber
+            Execution mode: llap
             Reduce Operator Tree:
               Group By Operator
                 aggregations: max(VALUE._col0)
@@ -4020,7 +4020,7 @@ STAGE PLANS:
                             Target Vertex: Map 1
             Execution mode: llap
         Reducer 2 
-            Execution mode: uber
+            Execution mode: llap
             Reduce Operator Tree:
               Group By Operator
                 aggregations: count(VALUE._col0)
@@ -4157,7 +4157,7 @@ STAGE PLANS:
                             Target Vertex: Map 1
             Execution mode: llap
         Reducer 2 
-            Execution mode: uber
+            Execution mode: llap
             Reduce Operator Tree:
               Group By Operator
                 aggregations: count(VALUE._col0)
@@ -4327,7 +4327,7 @@ STAGE PLANS:
                             Target Vertex: Map 1
             Execution mode: llap
         Reducer 2 
-            Execution mode: uber
+            Execution mode: llap
             Reduce Operator Tree:
               Group By Operator
                 aggregations: count(VALUE._col0)
@@ -4480,7 +4480,7 @@ STAGE PLANS:
                             Target Vertex: Map 1
             Execution mode: llap
         Reducer 2 
-            Execution mode: uber
+            Execution mode: llap
             Reduce Operator Tree:
               Group By Operator
                 aggregations: count(VALUE._col0)
@@ -4615,7 +4615,7 @@ STAGE PLANS:
                             Target Vertex: Map 1
             Execution mode: llap
         Reducer 2 
-            Execution mode: uber
+            Execution mode: llap
             Reduce Operator Tree:
               Group By Operator
                 aggregations: count(VALUE._col0)
@@ -4726,7 +4726,7 @@ STAGE PLANS:
                             Target Vertex: Map 1
             Execution mode: llap
         Reducer 2 
-            Execution mode: uber
+            Execution mode: llap
             Reduce Operator Tree:
               Group By Operator
                 aggregations: count(VALUE._col0)
@@ -4848,7 +4848,7 @@ STAGE PLANS:
                             Target Vertex: Map 1
             Execution mode: llap
         Reducer 2 
-            Execution mode: uber
+            Execution mode: llap
             Reduce Operator Tree:
               Group By Operator
                 aggregations: count(VALUE._col0)
@@ -4969,7 +4969,7 @@ STAGE PLANS:
                       Statistics: Num rows: 1000 Data size: 10624 Basic stats: COMPLETE Column stats: NONE
             Execution mode: llap
         Reducer 2 
-            Execution mode: uber
+            Execution mode: llap
             Reduce Operator Tree:
               Group By Operator
                 aggregations: count(VALUE._col0)
@@ -5134,7 +5134,7 @@ STAGE PLANS:
                             Target Vertex: Map 1
             Execution mode: llap
         Reducer 2 
-            Execution mode: uber
+            Execution mode: llap
             Reduce Operator Tree:
               Group By Operator
                 aggregations: count(VALUE._col0)
@@ -5221,7 +5221,7 @@ STAGE PLANS:
                       Statistics: Num rows: 2000 Data size: 21248 Basic stats: COMPLETE Column stats: NONE
             Execution mode: llap
         Reducer 2 
-            Execution mode: uber
+            Execution mode: llap
             Reduce Operator Tree:
               Group By Operator
                 aggregations: count(VALUE._col0)
@@ -5310,7 +5310,7 @@ STAGE PLANS:
                             value expressions: _col0 (type: bigint)
             Execution mode: llap
         Reducer 3 
-            Execution mode: uber
+            Execution mode: llap
             Reduce Operator Tree:
               Group By Operator
                 aggregations: count(VALUE._col0)
@@ -5446,7 +5446,7 @@ STAGE PLANS:
                         Statistics: Num rows: 1 Data size: 5 Basic stats: COMPLETE Column stats: NONE
             Execution mode: llap
         Reducer 2 
-            Execution mode: uber
+            Execution mode: llap
             Reduce Operator Tree:
               Group By Operator
                 aggregations: count(VALUE._col0)
@@ -5589,7 +5589,7 @@ STAGE PLANS:
                         Statistics: Num rows: 1 Data size: 5 Basic stats: COMPLETE Column stats: NONE
             Execution mode: llap
         Reducer 3 
-            Execution mode: uber
+            Execution mode: llap
             Reduce Operator Tree:
               Group By Operator
                 aggregations: count(VALUE._col0)
@@ -5710,7 +5710,7 @@ STAGE PLANS:
                         value expressions: _col0 (type: string)
             Execution mode: llap
         Reducer 2 
-            Execution mode: uber
+            Execution mode: llap
             Reduce Operator Tree:
               Group By Operator
                 keys: KEY._col0 (type: string)
@@ -5725,7 +5725,7 @@ STAGE PLANS:
                       output format: org.apache.hadoop.hive.ql.io.HiveSequenceFileOutputFormat
                       serde: org.apache.hadoop.hive.serde2.lazy.LazySimpleSerDe
         Reducer 4 
-            Execution mode: uber
+            Execution mode: llap
             Reduce Operator Tree:
               Group By Operator
                 aggregations: max(VALUE._col0)
@@ -5761,7 +5761,7 @@ STAGE PLANS:
                           Statistics: Num rows: 2 Data size: 168 Basic stats: COMPLETE Column stats: NONE
                           Target Vertex: Map 1
         Reducer 7 
-            Execution mode: uber
+            Execution mode: llap
             Reduce Operator Tree:
               Group By Operator
                 aggregations: min(VALUE._col0)
@@ -5956,7 +5956,7 @@ STAGE PLANS:
                             Target Vertex: Map 1
             Execution mode: llap
         Reducer 2 
-            Execution mode: uber
+            Execution mode: llap
             Reduce Operator Tree:
               Group By Operator
                 aggregations: count(VALUE._col0)
diff --git a/ql/src/test/results/clientpositive/llap/dynamic_partition_pruning_2.q.out b/ql/src/test/results/clientpositive/llap/dynamic_partition_pruning_2.q.out
index 13b85d93a5..67c9aa5685 100644
--- a/ql/src/test/results/clientpositive/llap/dynamic_partition_pruning_2.q.out
+++ b/ql/src/test/results/clientpositive/llap/dynamic_partition_pruning_2.q.out
@@ -249,7 +249,7 @@ STAGE PLANS:
                   Statistics: Num rows: 4 Data size: 12 Basic stats: COMPLETE Column stats: NONE
                   value expressions: _col1 (type: bigint), _col2 (type: decimal(20,0))
         Reducer 3 
-            Execution mode: uber
+            Execution mode: llap
             Reduce Operator Tree:
               Select Operator
                 expressions: KEY.reducesinkkey0 (type: string), VALUE._col0 (type: bigint), VALUE._col1 (type: decimal(20,0))
@@ -406,7 +406,7 @@ STAGE PLANS:
                   Statistics: Num rows: 4 Data size: 12 Basic stats: COMPLETE Column stats: NONE
                   value expressions: _col1 (type: bigint), _col2 (type: decimal(20,0))
         Reducer 3 
-            Execution mode: uber
+            Execution mode: llap
             Reduce Operator Tree:
               Select Operator
                 expressions: KEY.reducesinkkey0 (type: string), VALUE._col0 (type: bigint), VALUE._col1 (type: decimal(20,0))
@@ -790,7 +790,7 @@ STAGE PLANS:
                   Statistics: Num rows: 4 Data size: 12 Basic stats: COMPLETE Column stats: NONE
                   value expressions: _col1 (type: bigint), _col2 (type: decimal(20,0))
         Reducer 3 
-            Execution mode: uber
+            Execution mode: llap
             Reduce Operator Tree:
               Select Operator
                 expressions: KEY.reducesinkkey0 (type: string), VALUE._col0 (type: bigint), VALUE._col1 (type: decimal(20,0))
@@ -1102,7 +1102,7 @@ STAGE PLANS:
                       Statistics: Num rows: 2000 Data size: 21248 Basic stats: COMPLETE Column stats: NONE
             Execution mode: llap
         Reducer 2 
-            Execution mode: uber
+            Execution mode: llap
             Reduce Operator Tree:
               Group By Operator
                 aggregations: count(VALUE._col0)
diff --git a/ql/src/test/results/clientpositive/llap/hybridgrace_hashjoin_1.q.out b/ql/src/test/results/clientpositive/llap/hybridgrace_hashjoin_1.q.out
index d611e8b1b9..aaa8425997 100644
--- a/ql/src/test/results/clientpositive/llap/hybridgrace_hashjoin_1.q.out
+++ b/ql/src/test/results/clientpositive/llap/hybridgrace_hashjoin_1.q.out
@@ -100,7 +100,7 @@ STAGE PLANS:
                         Statistics: Num rows: 4096 Data size: 880654 Basic stats: COMPLETE Column stats: NONE
             Execution mode: llap
         Reducer 2 
-            Execution mode: uber
+            Execution mode: llap
             Reduce Operator Tree:
               Group By Operator
                 aggregations: count(VALUE._col0)
@@ -224,7 +224,7 @@ STAGE PLANS:
                         Statistics: Num rows: 4096 Data size: 880654 Basic stats: COMPLETE Column stats: NONE
             Execution mode: llap
         Reducer 2 
-            Execution mode: uber
+            Execution mode: llap
             Reduce Operator Tree:
               Group By Operator
                 aggregations: count(VALUE._col0)
@@ -343,7 +343,7 @@ STAGE PLANS:
                         Statistics: Num rows: 12288 Data size: 2641964 Basic stats: COMPLETE Column stats: NONE
             Execution mode: llap
         Reducer 2 
-            Execution mode: uber
+            Execution mode: llap
             Reduce Operator Tree:
               Group By Operator
                 aggregations: count(VALUE._col0)
@@ -463,7 +463,7 @@ STAGE PLANS:
                         Statistics: Num rows: 12288 Data size: 2641964 Basic stats: COMPLETE Column stats: NONE
             Execution mode: llap
         Reducer 2 
-            Execution mode: uber
+            Execution mode: llap
             Reduce Operator Tree:
               Group By Operator
                 aggregations: count(VALUE._col0)
@@ -574,7 +574,7 @@ STAGE PLANS:
                       Statistics: Num rows: 12288 Data size: 2641964 Basic stats: COMPLETE Column stats: NONE
             Execution mode: llap
         Reducer 2 
-            Execution mode: uber
+            Execution mode: llap
             Reduce Operator Tree:
               Group By Operator
                 aggregations: count(VALUE._col0)
@@ -686,7 +686,7 @@ STAGE PLANS:
                       Statistics: Num rows: 12288 Data size: 2641964 Basic stats: COMPLETE Column stats: NONE
             Execution mode: llap
         Reducer 2 
-            Execution mode: uber
+            Execution mode: llap
             Reduce Operator Tree:
               Group By Operator
                 aggregations: count(VALUE._col0)
@@ -837,7 +837,7 @@ STAGE PLANS:
                         Statistics: Num rows: 525 Data size: 12474 Basic stats: COMPLETE Column stats: NONE
             Execution mode: llap
         Reducer 2 
-            Execution mode: uber
+            Execution mode: llap
             Reduce Operator Tree:
               Group By Operator
                 aggregations: count(VALUE._col0)
@@ -959,7 +959,7 @@ STAGE PLANS:
                         Statistics: Num rows: 525 Data size: 12474 Basic stats: COMPLETE Column stats: NONE
             Execution mode: llap
         Reducer 2 
-            Execution mode: uber
+            Execution mode: llap
             Reduce Operator Tree:
               Group By Operator
                 aggregations: count(VALUE._col0)
@@ -1080,7 +1080,7 @@ STAGE PLANS:
                         Statistics: Num rows: 525 Data size: 12474 Basic stats: COMPLETE Column stats: NONE
             Execution mode: llap
         Reducer 2 
-            Execution mode: uber
+            Execution mode: llap
             Reduce Operator Tree:
               Group By Operator
                 aggregations: count(VALUE._col0)
@@ -1202,7 +1202,7 @@ STAGE PLANS:
                         Statistics: Num rows: 525 Data size: 12474 Basic stats: COMPLETE Column stats: NONE
             Execution mode: llap
         Reducer 2 
-            Execution mode: uber
+            Execution mode: llap
             Reduce Operator Tree:
               Group By Operator
                 aggregations: count(VALUE._col0)
diff --git a/ql/src/test/results/clientpositive/llap/hybridgrace_hashjoin_2.q.out b/ql/src/test/results/clientpositive/llap/hybridgrace_hashjoin_2.q.out
index 3d5f5ccc1e..7a00162df5 100644
--- a/ql/src/test/results/clientpositive/llap/hybridgrace_hashjoin_2.q.out
+++ b/ql/src/test/results/clientpositive/llap/hybridgrace_hashjoin_2.q.out
@@ -104,7 +104,7 @@ STAGE PLANS:
                       Statistics: Num rows: 500 Data size: 5312 Basic stats: COMPLETE Column stats: NONE
             Execution mode: llap
         Reducer 3 
-            Execution mode: uber
+            Execution mode: llap
             Reduce Operator Tree:
               Group By Operator
                 aggregations: count(VALUE._col0)
@@ -233,7 +233,7 @@ STAGE PLANS:
                       Statistics: Num rows: 500 Data size: 5312 Basic stats: COMPLETE Column stats: NONE
             Execution mode: llap
         Reducer 3 
-            Execution mode: uber
+            Execution mode: llap
             Reduce Operator Tree:
               Group By Operator
                 aggregations: count(VALUE._col0)
@@ -391,7 +391,7 @@ STAGE PLANS:
                       Statistics: Num rows: 500 Data size: 5312 Basic stats: COMPLETE Column stats: NONE
             Execution mode: llap
         Reducer 3 
-            Execution mode: uber
+            Execution mode: llap
             Reduce Operator Tree:
               Group By Operator
                 aggregations: count(VALUE._col0)
@@ -541,7 +541,7 @@ STAGE PLANS:
                       Statistics: Num rows: 500 Data size: 5312 Basic stats: COMPLETE Column stats: NONE
             Execution mode: llap
         Reducer 3 
-            Execution mode: uber
+            Execution mode: llap
             Reduce Operator Tree:
               Group By Operator
                 aggregations: count(VALUE._col0)
@@ -751,7 +751,7 @@ STAGE PLANS:
                           value expressions: _col0 (type: bigint)
             Execution mode: llap
         Reducer 3 
-            Execution mode: uber
+            Execution mode: llap
             Reduce Operator Tree:
               Group By Operator
                 aggregations: count(VALUE._col0)
@@ -769,7 +769,7 @@ STAGE PLANS:
                     Map-reduce partition columns: _col0 (type: bigint)
                     Statistics: Num rows: 2 Data size: 16 Basic stats: COMPLETE Column stats: NONE
         Reducer 5 
-            Execution mode: uber
+            Execution mode: llap
             Reduce Operator Tree:
               Group By Operator
                 keys: KEY._col0 (type: bigint)
@@ -784,7 +784,7 @@ STAGE PLANS:
                       output format: org.apache.hadoop.hive.ql.io.HiveSequenceFileOutputFormat
                       serde: org.apache.hadoop.hive.serde2.lazy.LazySimpleSerDe
         Reducer 9 
-            Execution mode: uber
+            Execution mode: llap
             Reduce Operator Tree:
               Group By Operator
                 aggregations: count(VALUE._col0)
@@ -997,7 +997,7 @@ STAGE PLANS:
                           value expressions: _col0 (type: bigint)
             Execution mode: llap
         Reducer 3 
-            Execution mode: uber
+            Execution mode: llap
             Reduce Operator Tree:
               Group By Operator
                 aggregations: count(VALUE._col0)
@@ -1015,7 +1015,7 @@ STAGE PLANS:
                     Map-reduce partition columns: _col0 (type: bigint)
                     Statistics: Num rows: 2 Data size: 16 Basic stats: COMPLETE Column stats: NONE
         Reducer 5 
-            Execution mode: uber
+            Execution mode: llap
             Reduce Operator Tree:
               Group By Operator
                 keys: KEY._col0 (type: bigint)
@@ -1030,7 +1030,7 @@ STAGE PLANS:
                       output format: org.apache.hadoop.hive.ql.io.HiveSequenceFileOutputFormat
                       serde: org.apache.hadoop.hive.serde2.lazy.LazySimpleSerDe
         Reducer 9 
-            Execution mode: uber
+            Execution mode: llap
             Reduce Operator Tree:
               Group By Operator
                 aggregations: count(VALUE._col0)
@@ -1235,7 +1235,7 @@ STAGE PLANS:
                       Statistics: Num rows: 166 Data size: 1763 Basic stats: COMPLETE Column stats: NONE
             Execution mode: llap
         Reducer 3 
-            Execution mode: uber
+            Execution mode: llap
             Reduce Operator Tree:
               Group By Operator
                 aggregations: count(VALUE._col0)
@@ -1427,7 +1427,7 @@ STAGE PLANS:
                       Statistics: Num rows: 166 Data size: 1763 Basic stats: COMPLETE Column stats: NONE
             Execution mode: llap
         Reducer 3 
-            Execution mode: uber
+            Execution mode: llap
             Reduce Operator Tree:
               Group By Operator
                 aggregations: count(VALUE._col0)
diff --git a/ql/src/test/results/clientpositive/llap/llap_nullscan.q.out b/ql/src/test/results/clientpositive/llap/llap_nullscan.q.out
index 947ff712c4..e17d7213c0 100644
--- a/ql/src/test/results/clientpositive/llap/llap_nullscan.q.out
+++ b/ql/src/test/results/clientpositive/llap/llap_nullscan.q.out
@@ -323,7 +323,7 @@ STAGE PLANS:
             Execution mode: vectorized, llap
             LLAP IO: all inputs
         Reducer 2 
-            Execution mode: vectorized, uber
+            Execution mode: vectorized, llap
             Reduce Operator Tree:
               Group By Operator
                 aggregations: count(VALUE._col0)
@@ -338,7 +338,7 @@ STAGE PLANS:
                       output format: org.apache.hadoop.hive.ql.io.HiveSequenceFileOutputFormat
                       serde: org.apache.hadoop.hive.serde2.lazy.LazySimpleSerDe
         Reducer 5 
-            Execution mode: vectorized, uber
+            Execution mode: vectorized, llap
             Reduce Operator Tree:
               Group By Operator
                 aggregations: count(VALUE._col0)
diff --git a/ql/src/test/results/clientpositive/llap/llapdecider.q.out b/ql/src/test/results/clientpositive/llap/llapdecider.q.out
index 2b0e639402..db3bf22c6d 100644
--- a/ql/src/test/results/clientpositive/llap/llapdecider.q.out
+++ b/ql/src/test/results/clientpositive/llap/llapdecider.q.out
@@ -1008,7 +1008,7 @@ STAGE PLANS:
                   Statistics: Num rows: 1219 Data size: 433964 Basic stats: COMPLETE Column stats: COMPLETE
                   value expressions: _col0 (type: string), _col1 (type: string), _col2 (type: string)
         Reducer 3 
-            Execution mode: uber
+            Execution mode: llap
             Reduce Operator Tree:
               Select Operator
                 expressions: VALUE._col0 (type: string), VALUE._col1 (type: string), VALUE._col2 (type: string), KEY.reducesinkkey0 (type: string)
diff --git a/ql/src/test/results/clientpositive/llap/mapjoin_decimal.q.out b/ql/src/test/results/clientpositive/llap/mapjoin_decimal.q.out
index 1a586298e9..550a9be1e9 100644
--- a/ql/src/test/results/clientpositive/llap/mapjoin_decimal.q.out
+++ b/ql/src/test/results/clientpositive/llap/mapjoin_decimal.q.out
@@ -143,7 +143,7 @@ STAGE PLANS:
                         Statistics: Num rows: 1049 Data size: 117488 Basic stats: COMPLETE Column stats: NONE
             Execution mode: llap
         Reducer 2 
-            Execution mode: uber
+            Execution mode: llap
             Reduce Operator Tree:
               Select Operator
                 expressions: KEY.reducesinkkey0 (type: decimal(4,2)), VALUE._col0 (type: decimal(4,0))
diff --git a/ql/src/test/results/clientpositive/llap/mrr.q.out b/ql/src/test/results/clientpositive/llap/mrr.q.out
index 309893520b..72e27abc2f 100644
--- a/ql/src/test/results/clientpositive/llap/mrr.q.out
+++ b/ql/src/test/results/clientpositive/llap/mrr.q.out
@@ -58,7 +58,7 @@ STAGE PLANS:
                   Statistics: Num rows: 250 Data size: 2656 Basic stats: COMPLETE Column stats: NONE
                   value expressions: _col0 (type: string)
         Reducer 3 
-            Execution mode: uber
+            Execution mode: llap
             Reduce Operator Tree:
               Select Operator
                 expressions: VALUE._col0 (type: string), KEY.reducesinkkey0 (type: bigint)
@@ -492,7 +492,7 @@ STAGE PLANS:
                     sort order: ++
                     Statistics: Num rows: 137 Data size: 1455 Basic stats: COMPLETE Column stats: NONE
         Reducer 4 
-            Execution mode: uber
+            Execution mode: llap
             Reduce Operator Tree:
               Select Operator
                 expressions: KEY.reducesinkkey1 (type: string), KEY.reducesinkkey0 (type: bigint)
@@ -921,7 +921,7 @@ STAGE PLANS:
                     sort order: ++
                     Statistics: Num rows: 137 Data size: 1455 Basic stats: COMPLETE Column stats: NONE
         Reducer 3 
-            Execution mode: uber
+            Execution mode: llap
             Reduce Operator Tree:
               Select Operator
                 expressions: KEY.reducesinkkey1 (type: string), KEY.reducesinkkey0 (type: bigint)
@@ -1451,7 +1451,7 @@ STAGE PLANS:
                     Statistics: Num rows: 550 Data size: 5843 Basic stats: COMPLETE Column stats: NONE
                     value expressions: _col1 (type: bigint), _col3 (type: bigint), _col4 (type: string), _col5 (type: bigint)
         Reducer 5 
-            Execution mode: uber
+            Execution mode: llap
             Reduce Operator Tree:
               Select Operator
                 expressions: KEY.reducesinkkey0 (type: string), VALUE._col0 (type: bigint), KEY.reducesinkkey0 (type: string), VALUE._col1 (type: bigint), VALUE._col2 (type: string), VALUE._col3 (type: bigint)
@@ -1764,7 +1764,7 @@ STAGE PLANS:
                     Statistics: Num rows: 550 Data size: 5843 Basic stats: COMPLETE Column stats: NONE
                     value expressions: _col1 (type: bigint), _col2 (type: string), _col3 (type: string)
         Reducer 3 
-            Execution mode: uber
+            Execution mode: llap
             Reduce Operator Tree:
               Select Operator
                 expressions: KEY.reducesinkkey0 (type: string), VALUE._col0 (type: bigint), VALUE._col1 (type: string), VALUE._col2 (type: string)
diff --git a/ql/src/test/results/clientpositive/llap/tez_bmj_schema_evolution.q.out b/ql/src/test/results/clientpositive/llap/tez_bmj_schema_evolution.q.out
index 6ef6f0316d..330eada0b5 100644
--- a/ql/src/test/results/clientpositive/llap/tez_bmj_schema_evolution.q.out
+++ b/ql/src/test/results/clientpositive/llap/tez_bmj_schema_evolution.q.out
@@ -131,7 +131,7 @@ STAGE PLANS:
                         Statistics: Num rows: 500 Data size: 5312 Basic stats: COMPLETE Column stats: NONE
             Execution mode: llap
         Reducer 2 
-            Execution mode: uber
+            Execution mode: llap
             Reduce Operator Tree:
               Select Operator
                 expressions: KEY.reducesinkkey0 (type: int), VALUE._col0 (type: string)
diff --git a/ql/src/test/results/clientpositive/llap/tez_dml.q.out b/ql/src/test/results/clientpositive/llap/tez_dml.q.out
index 1487c90877..de94d5baee 100644
--- a/ql/src/test/results/clientpositive/llap/tez_dml.q.out
+++ b/ql/src/test/results/clientpositive/llap/tez_dml.q.out
@@ -61,7 +61,7 @@ STAGE PLANS:
                   Statistics: Num rows: 250 Data size: 2656 Basic stats: COMPLETE Column stats: NONE
                   value expressions: _col0 (type: string)
         Reducer 3 
-            Execution mode: uber
+            Execution mode: llap
             Reduce Operator Tree:
               Select Operator
                 expressions: VALUE._col0 (type: string), KEY.reducesinkkey0 (type: bigint)
diff --git a/ql/src/test/results/clientpositive/llap/tez_dynpart_hashjoin_1.q.out b/ql/src/test/results/clientpositive/llap/tez_dynpart_hashjoin_1.q.out
index 5de12b49c2..761fdacc92 100644
--- a/ql/src/test/results/clientpositive/llap/tez_dynpart_hashjoin_1.q.out
+++ b/ql/src/test/results/clientpositive/llap/tez_dynpart_hashjoin_1.q.out
@@ -84,7 +84,7 @@ STAGE PLANS:
                   Statistics: Num rows: 6758 Data size: 1453080 Basic stats: COMPLETE Column stats: NONE
                   value expressions: _col0 (type: tinyint), _col1 (type: smallint), _col3 (type: bigint), _col4 (type: float), _col5 (type: double), _col6 (type: string), _col7 (type: string), _col8 (type: timestamp), _col9 (type: timestamp), _col10 (type: boolean), _col11 (type: boolean), _col12 (type: tinyint), _col13 (type: smallint), _col14 (type: int), _col15 (type: bigint), _col16 (type: float), _col17 (type: double), _col18 (type: string), _col19 (type: string), _col20 (type: timestamp), _col21 (type: timestamp), _col22 (type: boolean), _col23 (type: boolean)
         Reducer 3 
-            Execution mode: uber
+            Execution mode: llap
             Reduce Operator Tree:
               Select Operator
                 expressions: VALUE._col0 (type: tinyint), VALUE._col1 (type: smallint), KEY.reducesinkkey0 (type: int), VALUE._col2 (type: bigint), VALUE._col3 (type: float), VALUE._col4 (type: double), VALUE._col5 (type: string), VALUE._col6 (type: string), VALUE._col7 (type: timestamp), VALUE._col8 (type: timestamp), VALUE._col9 (type: boolean), VALUE._col10 (type: boolean), VALUE._col11 (type: tinyint), VALUE._col12 (type: smallint), VALUE._col13 (type: int), VALUE._col14 (type: bigint), VALUE._col15 (type: float), VALUE._col16 (type: double), VALUE._col17 (type: string), VALUE._col18 (type: string), VALUE._col19 (type: timestamp), VALUE._col20 (type: timestamp), VALUE._col21 (type: boolean), VALUE._col22 (type: boolean)
@@ -215,7 +215,7 @@ STAGE PLANS:
                     Statistics: Num rows: 1 Data size: 8 Basic stats: COMPLETE Column stats: NONE
                     value expressions: _col0 (type: bigint)
         Reducer 3 
-            Execution mode: uber
+            Execution mode: llap
             Reduce Operator Tree:
               Group By Operator
                 aggregations: count(VALUE._col0)
@@ -360,7 +360,7 @@ STAGE PLANS:
                   Statistics: Num rows: 3379 Data size: 726540 Basic stats: COMPLETE Column stats: NONE
                   value expressions: _col0 (type: smallint)
         Reducer 4 
-            Execution mode: uber
+            Execution mode: llap
             Reduce Operator Tree:
               Select Operator
                 expressions: VALUE._col0 (type: smallint), KEY.reducesinkkey0 (type: bigint)
@@ -494,7 +494,7 @@ STAGE PLANS:
                   Statistics: Num rows: 6758 Data size: 1453080 Basic stats: COMPLETE Column stats: NONE
                   value expressions: _col0 (type: tinyint), _col1 (type: smallint), _col3 (type: bigint), _col4 (type: float), _col5 (type: double), _col6 (type: string), _col7 (type: string), _col8 (type: timestamp), _col9 (type: timestamp), _col10 (type: boolean), _col11 (type: boolean), _col12 (type: tinyint), _col13 (type: smallint), _col14 (type: int), _col15 (type: bigint), _col16 (type: float), _col17 (type: double), _col18 (type: string), _col19 (type: string), _col20 (type: timestamp), _col21 (type: timestamp), _col22 (type: boolean), _col23 (type: boolean)
         Reducer 3 
-            Execution mode: uber
+            Execution mode: llap
             Reduce Operator Tree:
               Select Operator
                 expressions: VALUE._col0 (type: tinyint), VALUE._col1 (type: smallint), KEY.reducesinkkey0 (type: int), VALUE._col2 (type: bigint), VALUE._col3 (type: float), VALUE._col4 (type: double), VALUE._col5 (type: string), VALUE._col6 (type: string), VALUE._col7 (type: timestamp), VALUE._col8 (type: timestamp), VALUE._col9 (type: boolean), VALUE._col10 (type: boolean), VALUE._col11 (type: tinyint), VALUE._col12 (type: smallint), VALUE._col13 (type: int), VALUE._col14 (type: bigint), VALUE._col15 (type: float), VALUE._col16 (type: double), VALUE._col17 (type: string), VALUE._col18 (type: string), VALUE._col19 (type: timestamp), VALUE._col20 (type: timestamp), VALUE._col21 (type: boolean), VALUE._col22 (type: boolean)
@@ -628,7 +628,7 @@ STAGE PLANS:
                     Statistics: Num rows: 1 Data size: 8 Basic stats: COMPLETE Column stats: NONE
                     value expressions: _col0 (type: bigint)
         Reducer 3 
-            Execution mode: uber
+            Execution mode: llap
             Reduce Operator Tree:
               Group By Operator
                 aggregations: count(VALUE._col0)
@@ -776,7 +776,7 @@ STAGE PLANS:
                   Statistics: Num rows: 3379 Data size: 726540 Basic stats: COMPLETE Column stats: NONE
                   value expressions: _col0 (type: smallint)
         Reducer 4 
-            Execution mode: uber
+            Execution mode: llap
             Reduce Operator Tree:
               Select Operator
                 expressions: VALUE._col0 (type: smallint), KEY.reducesinkkey0 (type: bigint)
diff --git a/ql/src/test/results/clientpositive/llap/tez_dynpart_hashjoin_2.q.out b/ql/src/test/results/clientpositive/llap/tez_dynpart_hashjoin_2.q.out
index 50e1a4fe14..d302446e96 100644
--- a/ql/src/test/results/clientpositive/llap/tez_dynpart_hashjoin_2.q.out
+++ b/ql/src/test/results/clientpositive/llap/tez_dynpart_hashjoin_2.q.out
@@ -113,7 +113,7 @@ STAGE PLANS:
                   Statistics: Num rows: 9011 Data size: 1937438 Basic stats: COMPLETE Column stats: NONE
                   value expressions: _col3 (type: bigint), _col4 (type: float), _col5 (type: double), _col6 (type: string), _col7 (type: string), _col8 (type: timestamp), _col9 (type: timestamp), _col10 (type: boolean), _col11 (type: boolean)
         Reducer 3 
-            Execution mode: uber
+            Execution mode: llap
             Reduce Operator Tree:
               Select Operator
                 expressions: KEY.reducesinkkey1 (type: tinyint), KEY.reducesinkkey0 (type: smallint), KEY.reducesinkkey2 (type: int), VALUE._col0 (type: bigint), VALUE._col1 (type: float), VALUE._col2 (type: double), VALUE._col3 (type: string), VALUE._col4 (type: string), VALUE._col5 (type: timestamp), VALUE._col6 (type: timestamp), VALUE._col7 (type: boolean), VALUE._col8 (type: boolean)
@@ -305,7 +305,7 @@ STAGE PLANS:
                   Statistics: Num rows: 9011 Data size: 1937438 Basic stats: COMPLETE Column stats: NONE
                   value expressions: _col3 (type: bigint), _col4 (type: float), _col5 (type: double), _col6 (type: string), _col7 (type: string), _col8 (type: timestamp), _col9 (type: timestamp), _col10 (type: boolean), _col11 (type: boolean)
         Reducer 3 
-            Execution mode: uber
+            Execution mode: llap
             Reduce Operator Tree:
               Select Operator
                 expressions: KEY.reducesinkkey1 (type: tinyint), KEY.reducesinkkey0 (type: smallint), KEY.reducesinkkey2 (type: int), VALUE._col0 (type: bigint), VALUE._col1 (type: float), VALUE._col2 (type: double), VALUE._col3 (type: string), VALUE._col4 (type: string), VALUE._col5 (type: timestamp), VALUE._col6 (type: timestamp), VALUE._col7 (type: boolean), VALUE._col8 (type: boolean)
@@ -495,7 +495,7 @@ STAGE PLANS:
                   Statistics: Num rows: 9011 Data size: 1937438 Basic stats: COMPLETE Column stats: NONE
                   value expressions: _col3 (type: bigint), _col4 (type: float), _col5 (type: double), _col6 (type: string), _col7 (type: string), _col8 (type: timestamp), _col9 (type: timestamp), _col10 (type: boolean), _col11 (type: boolean)
         Reducer 3 
-            Execution mode: uber
+            Execution mode: llap
             Reduce Operator Tree:
               Select Operator
                 expressions: KEY.reducesinkkey1 (type: tinyint), KEY.reducesinkkey0 (type: smallint), KEY.reducesinkkey2 (type: int), VALUE._col0 (type: bigint), VALUE._col1 (type: float), VALUE._col2 (type: double), VALUE._col3 (type: string), VALUE._col4 (type: string), VALUE._col5 (type: timestamp), VALUE._col6 (type: timestamp), VALUE._col7 (type: boolean), VALUE._col8 (type: boolean)
diff --git a/ql/src/test/results/clientpositive/llap/tez_join_hash.q.out b/ql/src/test/results/clientpositive/llap/tez_join_hash.q.out
index 0bcaa2c3e5..78d43b8411 100644
--- a/ql/src/test/results/clientpositive/llap/tez_join_hash.q.out
+++ b/ql/src/test/results/clientpositive/llap/tez_join_hash.q.out
@@ -95,7 +95,7 @@ STAGE PLANS:
                     Statistics: Num rows: 1 Data size: 8 Basic stats: COMPLETE Column stats: NONE
                     value expressions: _col0 (type: bigint)
         Reducer 3 
-            Execution mode: vectorized, uber
+            Execution mode: vectorized, llap
             Reduce Operator Tree:
               Group By Operator
                 aggregations: count(VALUE._col0)
diff --git a/ql/src/test/results/clientpositive/llap/tez_join_tests.q.out b/ql/src/test/results/clientpositive/llap/tez_join_tests.q.out
index 95f2d9a972..cb3f75a4b8 100644
--- a/ql/src/test/results/clientpositive/llap/tez_join_tests.q.out
+++ b/ql/src/test/results/clientpositive/llap/tez_join_tests.q.out
@@ -116,7 +116,7 @@ STAGE PLANS:
                   Statistics: Num rows: 605 Data size: 6427 Basic stats: COMPLETE Column stats: NONE
                   value expressions: _col1 (type: string), _col2 (type: string), _col3 (type: string)
         Reducer 5 
-            Execution mode: uber
+            Execution mode: llap
             Reduce Operator Tree:
               Select Operator
                 expressions: KEY.reducesinkkey0 (type: string), VALUE._col0 (type: string), VALUE._col1 (type: string), VALUE._col2 (type: string)
diff --git a/ql/src/test/results/clientpositive/llap/tez_joins_explain.q.out b/ql/src/test/results/clientpositive/llap/tez_joins_explain.q.out
index 6765f645fa..0c1e695a36 100644
--- a/ql/src/test/results/clientpositive/llap/tez_joins_explain.q.out
+++ b/ql/src/test/results/clientpositive/llap/tez_joins_explain.q.out
@@ -114,7 +114,7 @@ STAGE PLANS:
                   Statistics: Num rows: 605 Data size: 6427 Basic stats: COMPLETE Column stats: NONE
                   value expressions: _col1 (type: string), _col2 (type: string), _col3 (type: string)
         Reducer 5 
-            Execution mode: uber
+            Execution mode: llap
             Reduce Operator Tree:
               Select Operator
                 expressions: KEY.reducesinkkey0 (type: string), VALUE._col0 (type: string), VALUE._col1 (type: string), VALUE._col2 (type: string)
diff --git a/ql/src/test/results/clientpositive/llap/tez_smb_1.q.out b/ql/src/test/results/clientpositive/llap/tez_smb_1.q.out
index 570118cebd..9acdeaff21 100644
--- a/ql/src/test/results/clientpositive/llap/tez_smb_1.q.out
+++ b/ql/src/test/results/clientpositive/llap/tez_smb_1.q.out
@@ -167,7 +167,7 @@ STAGE PLANS:
                             value expressions: _col0 (type: bigint)
             Execution mode: llap
         Reducer 2 
-            Execution mode: uber
+            Execution mode: llap
             Reduce Operator Tree:
               Group By Operator
                 aggregations: count(VALUE._col0)
@@ -273,7 +273,7 @@ STAGE PLANS:
                     Statistics: Num rows: 1 Data size: 8 Basic stats: COMPLETE Column stats: NONE
                     value expressions: _col0 (type: bigint)
         Reducer 3 
-            Execution mode: uber
+            Execution mode: llap
             Reduce Operator Tree:
               Group By Operator
                 aggregations: count(VALUE._col0)
@@ -428,7 +428,7 @@ STAGE PLANS:
                     Statistics: Num rows: 1 Data size: 8 Basic stats: COMPLETE Column stats: NONE
                     value expressions: _col0 (type: bigint)
         Reducer 4 
-            Execution mode: uber
+            Execution mode: llap
             Reduce Operator Tree:
               Group By Operator
                 aggregations: count(VALUE._col0)
@@ -568,7 +568,7 @@ STAGE PLANS:
                       Statistics: Num rows: 1 Data size: 8 Basic stats: COMPLETE Column stats: NONE
                       value expressions: _col0 (type: bigint)
         Reducer 5 
-            Execution mode: uber
+            Execution mode: llap
             Reduce Operator Tree:
               Group By Operator
                 aggregations: count(VALUE._col0)
diff --git a/ql/src/test/results/clientpositive/llap/tez_smb_main.q.out b/ql/src/test/results/clientpositive/llap/tez_smb_main.q.out
index 7f33bb3ad3..239cee510f 100644
--- a/ql/src/test/results/clientpositive/llap/tez_smb_main.q.out
+++ b/ql/src/test/results/clientpositive/llap/tez_smb_main.q.out
@@ -308,7 +308,7 @@ STAGE PLANS:
                             value expressions: _col0 (type: bigint)
             Execution mode: llap
         Reducer 3 
-            Execution mode: uber
+            Execution mode: llap
             Reduce Operator Tree:
               Group By Operator
                 aggregations: count(VALUE._col0)
@@ -418,7 +418,7 @@ STAGE PLANS:
                             value expressions: _col0 (type: bigint)
             Execution mode: llap
         Reducer 3 
-            Execution mode: uber
+            Execution mode: llap
             Reduce Operator Tree:
               Group By Operator
                 aggregations: count(VALUE._col0)
@@ -528,7 +528,7 @@ STAGE PLANS:
                             value expressions: _col0 (type: bigint)
             Execution mode: llap
         Reducer 3 
-            Execution mode: uber
+            Execution mode: llap
             Reduce Operator Tree:
               Group By Operator
                 aggregations: count(VALUE._col0)
@@ -653,7 +653,7 @@ STAGE PLANS:
                         Statistics: Num rows: 25 Data size: 191 Basic stats: COMPLETE Column stats: NONE
             Execution mode: llap
         Reducer 3 
-            Execution mode: uber
+            Execution mode: llap
             Reduce Operator Tree:
               Group By Operator
                 aggregations: count(VALUE._col0)
@@ -764,7 +764,7 @@ STAGE PLANS:
                     Statistics: Num rows: 1 Data size: 8 Basic stats: COMPLETE Column stats: NONE
                     value expressions: _col0 (type: bigint)
         Reducer 3 
-            Execution mode: uber
+            Execution mode: llap
             Reduce Operator Tree:
               Group By Operator
                 aggregations: count(VALUE._col0)
@@ -920,7 +920,7 @@ STAGE PLANS:
                     Statistics: Num rows: 1 Data size: 8 Basic stats: COMPLETE Column stats: NONE
                     value expressions: _col0 (type: bigint)
         Reducer 4 
-            Execution mode: uber
+            Execution mode: llap
             Reduce Operator Tree:
               Group By Operator
                 aggregations: count(VALUE._col0)
@@ -1011,7 +1011,7 @@ STAGE PLANS:
                             value expressions: _col0 (type: bigint)
             Execution mode: llap
         Reducer 3 
-            Execution mode: uber
+            Execution mode: llap
             Reduce Operator Tree:
               Group By Operator
                 aggregations: count(VALUE._col0)
@@ -1145,7 +1145,7 @@ STAGE PLANS:
                         Statistics: Num rows: 25 Data size: 191 Basic stats: COMPLETE Column stats: NONE
             Execution mode: llap
         Reducer 3 
-            Execution mode: uber
+            Execution mode: llap
             Reduce Operator Tree:
               Group By Operator
                 aggregations: count(VALUE._col0)
@@ -1326,7 +1326,7 @@ STAGE PLANS:
                         Statistics: Num rows: 500 Data size: 5312 Basic stats: COMPLETE Column stats: NONE
             Execution mode: llap
         Reducer 3 
-            Execution mode: uber
+            Execution mode: llap
             Reduce Operator Tree:
               Group By Operator
                 aggregations: count(VALUE._col0)
@@ -1454,7 +1454,7 @@ STAGE PLANS:
                       Statistics: Num rows: 1 Data size: 8 Basic stats: COMPLETE Column stats: NONE
                       value expressions: _col0 (type: bigint)
         Reducer 5 
-            Execution mode: uber
+            Execution mode: llap
             Reduce Operator Tree:
               Group By Operator
                 aggregations: count(VALUE._col0)
diff --git a/ql/src/test/results/clientpositive/llap/tez_union.q.out b/ql/src/test/results/clientpositive/llap/tez_union.q.out
index 4388bfcc74..761d2c8e4c 100644
--- a/ql/src/test/results/clientpositive/llap/tez_union.q.out
+++ b/ql/src/test/results/clientpositive/llap/tez_union.q.out
@@ -269,7 +269,7 @@ STAGE PLANS:
                     Statistics: Num rows: 1 Data size: 8 Basic stats: COMPLETE Column stats: NONE
                     value expressions: _col0 (type: bigint)
         Reducer 4 
-            Execution mode: uber
+            Execution mode: llap
             Reduce Operator Tree:
               Group By Operator
                 aggregations: count(VALUE._col0)
@@ -780,7 +780,7 @@ STAGE PLANS:
                         Statistics: Num rows: 500 Data size: 5312 Basic stats: COMPLETE Column stats: NONE
             Execution mode: llap
         Reducer 3 
-            Execution mode: uber
+            Execution mode: llap
             Reduce Operator Tree:
               Select Operator
                 expressions: VALUE._col0 (type: string), VALUE._col1 (type: string), KEY.reducesinkkey0 (type: string)
diff --git a/ql/src/test/results/clientpositive/llap/tez_union2.q.out b/ql/src/test/results/clientpositive/llap/tez_union2.q.out
index d08a102f2b..85cda19056 100644
--- a/ql/src/test/results/clientpositive/llap/tez_union2.q.out
+++ b/ql/src/test/results/clientpositive/llap/tez_union2.q.out
@@ -109,7 +109,7 @@ STAGE PLANS:
                         Statistics: Num rows: 1000 Data size: 10624 Basic stats: COMPLETE Column stats: NONE
             Execution mode: llap
         Reducer 3 
-            Execution mode: uber
+            Execution mode: llap
             Reduce Operator Tree:
               Group By Operator
                 keys: KEY._col0 (type: string), KEY._col1 (type: string)
@@ -124,7 +124,7 @@ STAGE PLANS:
                       output format: org.apache.hadoop.hive.ql.io.HiveSequenceFileOutputFormat
                       serde: org.apache.hadoop.hive.serde2.lazy.LazySimpleSerDe
         Reducer 6 
-            Execution mode: uber
+            Execution mode: llap
             Reduce Operator Tree:
               Group By Operator
                 keys: KEY._col0 (type: string), KEY._col1 (type: string)
diff --git a/ql/src/test/results/clientpositive/llap/tez_union_multiinsert.q.out b/ql/src/test/results/clientpositive/llap/tez_union_multiinsert.q.out
index 9145a63a34..57f0e37ff8 100644
--- a/ql/src/test/results/clientpositive/llap/tez_union_multiinsert.q.out
+++ b/ql/src/test/results/clientpositive/llap/tez_union_multiinsert.q.out
@@ -150,7 +150,7 @@ STAGE PLANS:
                         Statistics: Num rows: 1 Data size: 464 Basic stats: COMPLETE Column stats: PARTIAL
             Execution mode: llap
         Reducer 2 
-            Execution mode: uber
+            Execution mode: llap
             Reduce Operator Tree:
               Group By Operator
                 aggregations: count(VALUE._col0)
@@ -188,7 +188,7 @@ STAGE PLANS:
                         Map-reduce partition columns: _col0 (type: string), _col1 (type: string)
                         Statistics: Num rows: 1 Data size: 464 Basic stats: COMPLETE Column stats: PARTIAL
         Reducer 4 
-            Execution mode: uber
+            Execution mode: llap
             Reduce Operator Tree:
               Group By Operator
                 aggregations: count(DISTINCT KEY._col1:0._col0)
@@ -205,7 +205,7 @@ STAGE PLANS:
                       serde: org.apache.hadoop.hive.serde2.lazy.LazySimpleSerDe
                       name: default.dest1
         Reducer 5 
-            Execution mode: uber
+            Execution mode: llap
             Reduce Operator Tree:
               Group By Operator
                 aggregations: count(DISTINCT KEY._col2:0._col0)
@@ -1054,7 +1054,7 @@ STAGE PLANS:
                           Statistics: Num rows: 1 Data size: 464 Basic stats: COMPLETE Column stats: PARTIAL
             Execution mode: llap
         Reducer 3 
-            Execution mode: uber
+            Execution mode: llap
             Reduce Operator Tree:
               Group By Operator
                 aggregations: count(DISTINCT KEY._col1:0._col0)
@@ -1071,7 +1071,7 @@ STAGE PLANS:
                       serde: org.apache.hadoop.hive.serde2.lazy.LazySimpleSerDe
                       name: default.dest1
         Reducer 4 
-            Execution mode: uber
+            Execution mode: llap
             Reduce Operator Tree:
               Group By Operator
                 aggregations: count(DISTINCT KEY._col2:0._col0)
@@ -1088,7 +1088,7 @@ STAGE PLANS:
                       serde: org.apache.hadoop.hive.serde2.lazy.LazySimpleSerDe
                       name: default.dest2
         Reducer 6 
-            Execution mode: uber
+            Execution mode: llap
             Reduce Operator Tree:
               Group By Operator
                 aggregations: count(VALUE._col0)
@@ -1950,7 +1950,7 @@ STAGE PLANS:
                         Statistics: Num rows: 1 Data size: 464 Basic stats: COMPLETE Column stats: PARTIAL
             Execution mode: llap
         Reducer 3 
-            Execution mode: uber
+            Execution mode: llap
             Reduce Operator Tree:
               Group By Operator
                 aggregations: count(DISTINCT KEY._col1:0._col0)
@@ -1967,7 +1967,7 @@ STAGE PLANS:
                       serde: org.apache.hadoop.hive.serde2.lazy.LazySimpleSerDe
                       name: default.dest1
         Reducer 4 
-            Execution mode: uber
+            Execution mode: llap
             Reduce Operator Tree:
               Group By Operator
                 aggregations: count(DISTINCT KEY._col2:0._col0)
@@ -1984,7 +1984,7 @@ STAGE PLANS:
                       serde: org.apache.hadoop.hive.serde2.lazy.LazySimpleSerDe
                       name: default.dest2
         Reducer 6 
-            Execution mode: uber
+            Execution mode: llap
             Reduce Operator Tree:
               Group By Operator
                 aggregations: count(VALUE._col0)
@@ -2801,7 +2801,7 @@ STAGE PLANS:
                         Statistics: Num rows: 1 Data size: 464 Basic stats: COMPLETE Column stats: PARTIAL
             Execution mode: llap
         Reducer 2 
-            Execution mode: uber
+            Execution mode: llap
             Reduce Operator Tree:
               Group By Operator
                 aggregations: count(VALUE._col0)
@@ -2835,7 +2835,7 @@ STAGE PLANS:
                       Map-reduce partition columns: _col0 (type: string), _col1 (type: string)
                       Statistics: Num rows: 1 Data size: 464 Basic stats: COMPLETE Column stats: PARTIAL
         Reducer 4 
-            Execution mode: uber
+            Execution mode: llap
             Reduce Operator Tree:
               Group By Operator
                 aggregations: count(DISTINCT KEY._col1:0._col0)
@@ -2852,7 +2852,7 @@ STAGE PLANS:
                       serde: org.apache.hadoop.hive.serde2.lazy.LazySimpleSerDe
                       name: default.dest1
         Reducer 5 
-            Execution mode: uber
+            Execution mode: llap
             Reduce Operator Tree:
               Group By Operator
                 aggregations: count(DISTINCT KEY._col2:0._col0)
@@ -3634,7 +3634,7 @@ STAGE PLANS:
                         Statistics: Num rows: 1 Data size: 272 Basic stats: COMPLETE Column stats: PARTIAL
             Execution mode: llap
         Reducer 2 
-            Execution mode: uber
+            Execution mode: llap
             Reduce Operator Tree:
               Group By Operator
                 aggregations: count(VALUE._col0)
@@ -3693,7 +3693,7 @@ STAGE PLANS:
                           serde: org.apache.hadoop.hive.serde2.lazy.LazySimpleSerDe
                           name: default.dest2
         Reducer 5 
-            Execution mode: uber
+            Execution mode: llap
             Reduce Operator Tree:
               Group By Operator
                 aggregations: count(DISTINCT KEY._col1:0._col0)
diff --git a/ql/src/test/results/clientpositive/llap/tez_vector_dynpart_hashjoin_1.q.out b/ql/src/test/results/clientpositive/llap/tez_vector_dynpart_hashjoin_1.q.out
index 17e2217456..6b5e483a4a 100644
--- a/ql/src/test/results/clientpositive/llap/tez_vector_dynpart_hashjoin_1.q.out
+++ b/ql/src/test/results/clientpositive/llap/tez_vector_dynpart_hashjoin_1.q.out
@@ -84,7 +84,7 @@ STAGE PLANS:
                   Statistics: Num rows: 6758 Data size: 1453080 Basic stats: COMPLETE Column stats: NONE
                   value expressions: _col0 (type: tinyint), _col1 (type: smallint), _col3 (type: bigint), _col4 (type: float), _col5 (type: double), _col6 (type: string), _col7 (type: string), _col8 (type: timestamp), _col9 (type: timestamp), _col10 (type: boolean), _col11 (type: boolean), _col12 (type: tinyint), _col13 (type: smallint), _col14 (type: int), _col15 (type: bigint), _col16 (type: float), _col17 (type: double), _col18 (type: string), _col19 (type: string), _col20 (type: timestamp), _col21 (type: timestamp), _col22 (type: boolean), _col23 (type: boolean)
         Reducer 3 
-            Execution mode: uber
+            Execution mode: llap
             Reduce Operator Tree:
               Select Operator
                 expressions: VALUE._col0 (type: tinyint), VALUE._col1 (type: smallint), KEY.reducesinkkey0 (type: int), VALUE._col2 (type: bigint), VALUE._col3 (type: float), VALUE._col4 (type: double), VALUE._col5 (type: string), VALUE._col6 (type: string), VALUE._col7 (type: timestamp), VALUE._col8 (type: timestamp), VALUE._col9 (type: boolean), VALUE._col10 (type: boolean), VALUE._col11 (type: tinyint), VALUE._col12 (type: smallint), VALUE._col13 (type: int), VALUE._col14 (type: bigint), VALUE._col15 (type: float), VALUE._col16 (type: double), VALUE._col17 (type: string), VALUE._col18 (type: string), VALUE._col19 (type: timestamp), VALUE._col20 (type: timestamp), VALUE._col21 (type: boolean), VALUE._col22 (type: boolean)
@@ -215,7 +215,7 @@ STAGE PLANS:
                     Statistics: Num rows: 1 Data size: 8 Basic stats: COMPLETE Column stats: NONE
                     value expressions: _col0 (type: bigint)
         Reducer 3 
-            Execution mode: uber
+            Execution mode: llap
             Reduce Operator Tree:
               Group By Operator
                 aggregations: count(VALUE._col0)
@@ -360,7 +360,7 @@ STAGE PLANS:
                   Statistics: Num rows: 3379 Data size: 726540 Basic stats: COMPLETE Column stats: NONE
                   value expressions: _col0 (type: smallint)
         Reducer 4 
-            Execution mode: uber
+            Execution mode: llap
             Reduce Operator Tree:
               Select Operator
                 expressions: VALUE._col0 (type: smallint), KEY.reducesinkkey0 (type: bigint)
@@ -494,7 +494,7 @@ STAGE PLANS:
                   Statistics: Num rows: 6758 Data size: 1453080 Basic stats: COMPLETE Column stats: NONE
                   value expressions: _col0 (type: tinyint), _col1 (type: smallint), _col3 (type: bigint), _col4 (type: float), _col5 (type: double), _col6 (type: string), _col7 (type: string), _col8 (type: timestamp), _col9 (type: timestamp), _col10 (type: boolean), _col11 (type: boolean), _col12 (type: tinyint), _col13 (type: smallint), _col14 (type: int), _col15 (type: bigint), _col16 (type: float), _col17 (type: double), _col18 (type: string), _col19 (type: string), _col20 (type: timestamp), _col21 (type: timestamp), _col22 (type: boolean), _col23 (type: boolean)
         Reducer 3 
-            Execution mode: vectorized, uber
+            Execution mode: vectorized, llap
             Reduce Operator Tree:
               Select Operator
                 expressions: VALUE._col0 (type: tinyint), VALUE._col1 (type: smallint), KEY.reducesinkkey0 (type: int), VALUE._col2 (type: bigint), VALUE._col3 (type: float), VALUE._col4 (type: double), VALUE._col5 (type: string), VALUE._col6 (type: string), VALUE._col7 (type: timestamp), VALUE._col8 (type: timestamp), VALUE._col9 (type: boolean), VALUE._col10 (type: boolean), VALUE._col11 (type: tinyint), VALUE._col12 (type: smallint), VALUE._col13 (type: int), VALUE._col14 (type: bigint), VALUE._col15 (type: float), VALUE._col16 (type: double), VALUE._col17 (type: string), VALUE._col18 (type: string), VALUE._col19 (type: timestamp), VALUE._col20 (type: timestamp), VALUE._col21 (type: boolean), VALUE._col22 (type: boolean)
@@ -628,7 +628,7 @@ STAGE PLANS:
                     Statistics: Num rows: 1 Data size: 8 Basic stats: COMPLETE Column stats: NONE
                     value expressions: _col0 (type: bigint)
         Reducer 3 
-            Execution mode: vectorized, uber
+            Execution mode: vectorized, llap
             Reduce Operator Tree:
               Group By Operator
                 aggregations: count(VALUE._col0)
@@ -776,7 +776,7 @@ STAGE PLANS:
                   Statistics: Num rows: 3379 Data size: 726540 Basic stats: COMPLETE Column stats: NONE
                   value expressions: _col0 (type: smallint)
         Reducer 4 
-            Execution mode: vectorized, uber
+            Execution mode: vectorized, llap
             Reduce Operator Tree:
               Select Operator
                 expressions: VALUE._col0 (type: smallint), KEY.reducesinkkey0 (type: bigint)
diff --git a/ql/src/test/results/clientpositive/llap/tez_vector_dynpart_hashjoin_2.q.out b/ql/src/test/results/clientpositive/llap/tez_vector_dynpart_hashjoin_2.q.out
index 2e8bb118ae..43e040434f 100644
--- a/ql/src/test/results/clientpositive/llap/tez_vector_dynpart_hashjoin_2.q.out
+++ b/ql/src/test/results/clientpositive/llap/tez_vector_dynpart_hashjoin_2.q.out
@@ -113,7 +113,7 @@ STAGE PLANS:
                   Statistics: Num rows: 9011 Data size: 1937438 Basic stats: COMPLETE Column stats: NONE
                   value expressions: _col3 (type: bigint), _col4 (type: float), _col5 (type: double), _col6 (type: string), _col7 (type: string), _col8 (type: timestamp), _col9 (type: timestamp), _col10 (type: boolean), _col11 (type: boolean)
         Reducer 3 
-            Execution mode: uber
+            Execution mode: llap
             Reduce Operator Tree:
               Select Operator
                 expressions: KEY.reducesinkkey1 (type: tinyint), KEY.reducesinkkey0 (type: smallint), KEY.reducesinkkey2 (type: int), VALUE._col0 (type: bigint), VALUE._col1 (type: float), VALUE._col2 (type: double), VALUE._col3 (type: string), VALUE._col4 (type: string), VALUE._col5 (type: timestamp), VALUE._col6 (type: timestamp), VALUE._col7 (type: boolean), VALUE._col8 (type: boolean)
@@ -305,7 +305,7 @@ STAGE PLANS:
                   Statistics: Num rows: 9011 Data size: 1937438 Basic stats: COMPLETE Column stats: NONE
                   value expressions: _col3 (type: bigint), _col4 (type: float), _col5 (type: double), _col6 (type: string), _col7 (type: string), _col8 (type: timestamp), _col9 (type: timestamp), _col10 (type: boolean), _col11 (type: boolean)
         Reducer 3 
-            Execution mode: vectorized, uber
+            Execution mode: vectorized, llap
             Reduce Operator Tree:
               Select Operator
                 expressions: KEY.reducesinkkey1 (type: tinyint), KEY.reducesinkkey0 (type: smallint), KEY.reducesinkkey2 (type: int), VALUE._col0 (type: bigint), VALUE._col1 (type: float), VALUE._col2 (type: double), VALUE._col3 (type: string), VALUE._col4 (type: string), VALUE._col5 (type: timestamp), VALUE._col6 (type: timestamp), VALUE._col7 (type: boolean), VALUE._col8 (type: boolean)
@@ -495,7 +495,7 @@ STAGE PLANS:
                   Statistics: Num rows: 9011 Data size: 1937438 Basic stats: COMPLETE Column stats: NONE
                   value expressions: _col3 (type: bigint), _col4 (type: float), _col5 (type: double), _col6 (type: string), _col7 (type: string), _col8 (type: timestamp), _col9 (type: timestamp), _col10 (type: boolean), _col11 (type: boolean)
         Reducer 3 
-            Execution mode: vectorized, uber
+            Execution mode: vectorized, llap
             Reduce Operator Tree:
               Select Operator
                 expressions: KEY.reducesinkkey1 (type: tinyint), KEY.reducesinkkey0 (type: smallint), KEY.reducesinkkey2 (type: int), VALUE._col0 (type: bigint), VALUE._col1 (type: float), VALUE._col2 (type: double), VALUE._col3 (type: string), VALUE._col4 (type: string), VALUE._col5 (type: timestamp), VALUE._col6 (type: timestamp), VALUE._col7 (type: boolean), VALUE._col8 (type: boolean)
diff --git a/ql/src/test/results/clientpositive/llap/vectorized_dynamic_partition_pruning.q.out b/ql/src/test/results/clientpositive/llap/vectorized_dynamic_partition_pruning.q.out
index db210363ee..3f159a38e5 100644
--- a/ql/src/test/results/clientpositive/llap/vectorized_dynamic_partition_pruning.q.out
+++ b/ql/src/test/results/clientpositive/llap/vectorized_dynamic_partition_pruning.q.out
@@ -74,7 +74,7 @@ STAGE PLANS:
                         Statistics: Num rows: 2000 Data size: 21248 Basic stats: COMPLETE Column stats: NONE
             Execution mode: llap
         Reducer 2 
-            Execution mode: vectorized, uber
+            Execution mode: vectorized, llap
             Reduce Operator Tree:
               Group By Operator
                 keys: KEY._col0 (type: string)
@@ -286,7 +286,7 @@ STAGE PLANS:
                     Statistics: Num rows: 1 Data size: 8 Basic stats: COMPLETE Column stats: NONE
                     value expressions: _col0 (type: bigint)
         Reducer 3 
-            Execution mode: vectorized, uber
+            Execution mode: vectorized, llap
             Reduce Operator Tree:
               Group By Operator
                 aggregations: count(VALUE._col0)
@@ -398,7 +398,7 @@ STAGE PLANS:
                     Statistics: Num rows: 1 Data size: 8 Basic stats: COMPLETE Column stats: NONE
                     value expressions: _col0 (type: bigint)
         Reducer 3 
-            Execution mode: vectorized, uber
+            Execution mode: vectorized, llap
             Reduce Operator Tree:
               Group By Operator
                 aggregations: count(VALUE._col0)
@@ -593,7 +593,7 @@ STAGE PLANS:
                     Statistics: Num rows: 1 Data size: 8 Basic stats: COMPLETE Column stats: NONE
                     value expressions: _col0 (type: bigint)
         Reducer 4 
-            Execution mode: vectorized, uber
+            Execution mode: vectorized, llap
             Reduce Operator Tree:
               Group By Operator
                 aggregations: count(VALUE._col0)
@@ -748,7 +748,7 @@ STAGE PLANS:
                     Statistics: Num rows: 1 Data size: 8 Basic stats: COMPLETE Column stats: NONE
                     value expressions: _col0 (type: bigint)
         Reducer 4 
-            Execution mode: vectorized, uber
+            Execution mode: vectorized, llap
             Reduce Operator Tree:
               Group By Operator
                 aggregations: count(VALUE._col0)
@@ -906,7 +906,7 @@ STAGE PLANS:
                     Statistics: Num rows: 1 Data size: 8 Basic stats: COMPLETE Column stats: NONE
                     value expressions: _col0 (type: bigint)
         Reducer 3 
-            Execution mode: vectorized, uber
+            Execution mode: vectorized, llap
             Reduce Operator Tree:
               Group By Operator
                 aggregations: count(VALUE._col0)
@@ -1018,7 +1018,7 @@ STAGE PLANS:
                     Statistics: Num rows: 1 Data size: 8 Basic stats: COMPLETE Column stats: NONE
                     value expressions: _col0 (type: bigint)
         Reducer 3 
-            Execution mode: vectorized, uber
+            Execution mode: vectorized, llap
             Reduce Operator Tree:
               Group By Operator
                 aggregations: count(VALUE._col0)
@@ -1158,7 +1158,7 @@ STAGE PLANS:
                     Statistics: Num rows: 1 Data size: 8 Basic stats: COMPLETE Column stats: NONE
                     value expressions: _col0 (type: bigint)
         Reducer 3 
-            Execution mode: vectorized, uber
+            Execution mode: vectorized, llap
             Reduce Operator Tree:
               Group By Operator
                 aggregations: count(VALUE._col0)
@@ -1270,7 +1270,7 @@ STAGE PLANS:
                     Statistics: Num rows: 1 Data size: 8 Basic stats: COMPLETE Column stats: NONE
                     value expressions: _col0 (type: bigint)
         Reducer 3 
-            Execution mode: vectorized, uber
+            Execution mode: vectorized, llap
             Reduce Operator Tree:
               Group By Operator
                 aggregations: count(VALUE._col0)
@@ -1408,7 +1408,7 @@ STAGE PLANS:
                     Statistics: Num rows: 1 Data size: 8 Basic stats: COMPLETE Column stats: NONE
                     value expressions: _col0 (type: bigint)
         Reducer 3 
-            Execution mode: vectorized, uber
+            Execution mode: vectorized, llap
             Reduce Operator Tree:
               Group By Operator
                 aggregations: count(VALUE._col0)
@@ -1535,7 +1535,7 @@ STAGE PLANS:
                     Statistics: Num rows: 1 Data size: 8 Basic stats: COMPLETE Column stats: NONE
                     value expressions: _col0 (type: bigint)
         Reducer 3 
-            Execution mode: vectorized, uber
+            Execution mode: vectorized, llap
             Reduce Operator Tree:
               Group By Operator
                 aggregations: count(VALUE._col0)
@@ -1647,7 +1647,7 @@ STAGE PLANS:
                     Statistics: Num rows: 1 Data size: 8 Basic stats: COMPLETE Column stats: NONE
                     value expressions: _col0 (type: bigint)
         Reducer 3 
-            Execution mode: vectorized, uber
+            Execution mode: vectorized, llap
             Reduce Operator Tree:
               Group By Operator
                 aggregations: count(VALUE._col0)
@@ -1759,7 +1759,7 @@ STAGE PLANS:
                     Statistics: Num rows: 1 Data size: 8 Basic stats: COMPLETE Column stats: NONE
                     value expressions: _col0 (type: bigint)
         Reducer 3 
-            Execution mode: vectorized, uber
+            Execution mode: vectorized, llap
             Reduce Operator Tree:
               Group By Operator
                 aggregations: count(VALUE._col0)
@@ -1899,7 +1899,7 @@ STAGE PLANS:
                     Statistics: Num rows: 1 Data size: 8 Basic stats: COMPLETE Column stats: NONE
                     value expressions: _col0 (type: bigint)
         Reducer 3 
-            Execution mode: vectorized, uber
+            Execution mode: vectorized, llap
             Reduce Operator Tree:
               Group By Operator
                 aggregations: count(VALUE._col0)
@@ -2025,7 +2025,7 @@ STAGE PLANS:
                     Statistics: Num rows: 1 Data size: 8 Basic stats: COMPLETE Column stats: NONE
                     value expressions: _col0 (type: bigint)
         Reducer 3 
-            Execution mode: vectorized, uber
+            Execution mode: vectorized, llap
             Reduce Operator Tree:
               Group By Operator
                 aggregations: count(VALUE._col0)
@@ -2184,7 +2184,7 @@ STAGE PLANS:
                         Statistics: Num rows: 1 Data size: 8 Basic stats: COMPLETE Column stats: NONE
                         value expressions: _col0 (type: bigint)
         Reducer 3 
-            Execution mode: vectorized, uber
+            Execution mode: vectorized, llap
             Reduce Operator Tree:
               Group By Operator
                 aggregations: count(VALUE._col0)
@@ -2328,7 +2328,7 @@ STAGE PLANS:
                     Statistics: Num rows: 1 Data size: 8 Basic stats: COMPLETE Column stats: NONE
                     value expressions: _col0 (type: bigint)
         Reducer 3 
-            Execution mode: vectorized, uber
+            Execution mode: vectorized, llap
             Reduce Operator Tree:
               Group By Operator
                 aggregations: count(VALUE._col0)
@@ -2457,7 +2457,7 @@ STAGE PLANS:
                     Statistics: Num rows: 1 Data size: 8 Basic stats: COMPLETE Column stats: NONE
                     value expressions: _col0 (type: bigint)
         Reducer 3 
-            Execution mode: vectorized, uber
+            Execution mode: vectorized, llap
             Reduce Operator Tree:
               Group By Operator
                 aggregations: count(VALUE._col0)
@@ -2564,7 +2564,7 @@ STAGE PLANS:
                     Statistics: Num rows: 1 Data size: 8 Basic stats: COMPLETE Column stats: NONE
                     value expressions: _col0 (type: bigint)
         Reducer 3 
-            Execution mode: vectorized, uber
+            Execution mode: vectorized, llap
             Reduce Operator Tree:
               Group By Operator
                 aggregations: count(VALUE._col0)
@@ -2673,7 +2673,7 @@ STAGE PLANS:
                     Statistics: Num rows: 1 Data size: 8 Basic stats: COMPLETE Column stats: NONE
                     value expressions: _col0 (type: bigint)
         Reducer 3 
-            Execution mode: vectorized, uber
+            Execution mode: vectorized, llap
             Reduce Operator Tree:
               Group By Operator
                 aggregations: count(VALUE._col0)
@@ -2821,7 +2821,7 @@ STAGE PLANS:
                     Statistics: Num rows: 1 Data size: 8 Basic stats: COMPLETE Column stats: NONE
                     value expressions: _col0 (type: bigint)
         Reducer 4 
-            Execution mode: vectorized, uber
+            Execution mode: vectorized, llap
             Reduce Operator Tree:
               Group By Operator
                 aggregations: count(VALUE._col0)
@@ -2975,7 +2975,7 @@ STAGE PLANS:
                     Statistics: Num rows: 1 Data size: 8 Basic stats: COMPLETE Column stats: NONE
                     value expressions: _col0 (type: bigint)
         Reducer 4 
-            Execution mode: vectorized, uber
+            Execution mode: vectorized, llap
             Reduce Operator Tree:
               Group By Operator
                 aggregations: count(VALUE._col0)
@@ -3106,7 +3106,7 @@ STAGE PLANS:
                     Statistics: Num rows: 1 Data size: 8 Basic stats: COMPLETE Column stats: NONE
                     value expressions: _col0 (type: bigint)
         Reducer 3 
-            Execution mode: vectorized, uber
+            Execution mode: vectorized, llap
             Reduce Operator Tree:
               Group By Operator
                 aggregations: count(VALUE._col0)
@@ -3121,7 +3121,7 @@ STAGE PLANS:
                       output format: org.apache.hadoop.hive.ql.io.HiveSequenceFileOutputFormat
                       serde: org.apache.hadoop.hive.serde2.lazy.LazySimpleSerDe
         Reducer 5 
-            Execution mode: vectorized, uber
+            Execution mode: vectorized, llap
             Reduce Operator Tree:
               Group By Operator
                 aggregations: max(VALUE._col0)
@@ -3157,7 +3157,7 @@ STAGE PLANS:
                           Statistics: Num rows: 2 Data size: 168 Basic stats: COMPLETE Column stats: NONE
                           Target Vertex: Map 1
         Reducer 8 
-            Execution mode: vectorized, uber
+            Execution mode: vectorized, llap
             Reduce Operator Tree:
               Group By Operator
                 aggregations: min(VALUE._col0)
@@ -3313,7 +3313,7 @@ STAGE PLANS:
                     Map-reduce partition columns: _col0 (type: string)
                     Statistics: Num rows: 2200 Data size: 23372 Basic stats: COMPLETE Column stats: NONE
         Reducer 3 
-            Execution mode: vectorized, uber
+            Execution mode: vectorized, llap
             Reduce Operator Tree:
               Group By Operator
                 keys: KEY._col0 (type: string)
@@ -3328,7 +3328,7 @@ STAGE PLANS:
                       output format: org.apache.hadoop.hive.ql.io.HiveSequenceFileOutputFormat
                       serde: org.apache.hadoop.hive.serde2.lazy.LazySimpleSerDe
         Reducer 5 
-            Execution mode: vectorized, uber
+            Execution mode: vectorized, llap
             Reduce Operator Tree:
               Group By Operator
                 aggregations: max(VALUE._col0)
@@ -3364,7 +3364,7 @@ STAGE PLANS:
                           Statistics: Num rows: 2 Data size: 168 Basic stats: COMPLETE Column stats: NONE
                           Target Vertex: Map 1
         Reducer 8 
-            Execution mode: vectorized, uber
+            Execution mode: vectorized, llap
             Reduce Operator Tree:
               Group By Operator
                 aggregations: min(VALUE._col0)
@@ -3519,7 +3519,7 @@ STAGE PLANS:
                         value expressions: _col0 (type: string)
             Execution mode: llap
         Reducer 11 
-            Execution mode: vectorized, uber
+            Execution mode: vectorized, llap
             Reduce Operator Tree:
               Group By Operator
                 aggregations: min(VALUE._col0)
@@ -3570,7 +3570,7 @@ STAGE PLANS:
                           Statistics: Num rows: 2 Data size: 168 Basic stats: COMPLETE Column stats: NONE
                           Target Vertex: Map 5
         Reducer 2 
-            Execution mode: vectorized, uber
+            Execution mode: vectorized, llap
             Reduce Operator Tree:
               Group By Operator
                 keys: KEY._col0 (type: string)
@@ -3601,7 +3601,7 @@ STAGE PLANS:
                       output format: org.apache.hadoop.hive.ql.io.HiveSequenceFileOutputFormat
                       serde: org.apache.hadoop.hive.serde2.lazy.LazySimpleSerDe
         Reducer 6 
-            Execution mode: vectorized, uber
+            Execution mode: vectorized, llap
             Reduce Operator Tree:
               Group By Operator
                 keys: KEY._col0 (type: string)
@@ -3614,7 +3614,7 @@ STAGE PLANS:
                   Map-reduce partition columns: _col0 (type: string)
                   Statistics: Num rows: 2000 Data size: 21248 Basic stats: COMPLETE Column stats: NONE
         Reducer 8 
-            Execution mode: vectorized, uber
+            Execution mode: vectorized, llap
             Reduce Operator Tree:
               Group By Operator
                 aggregations: max(VALUE._col0)
@@ -3779,7 +3779,7 @@ STAGE PLANS:
                             Target Vertex: Map 1
             Execution mode: vectorized, llap
         Reducer 2 
-            Execution mode: vectorized, uber
+            Execution mode: vectorized, llap
             Reduce Operator Tree:
               Group By Operator
                 aggregations: count(VALUE._col0)
@@ -3962,7 +3962,7 @@ STAGE PLANS:
                             Target Vertex: Map 1
             Execution mode: vectorized, llap
         Reducer 2 
-            Execution mode: vectorized, uber
+            Execution mode: vectorized, llap
             Reduce Operator Tree:
               Group By Operator
                 aggregations: count(VALUE._col0)
@@ -4115,7 +4115,7 @@ STAGE PLANS:
                             Target Vertex: Map 1
             Execution mode: vectorized, llap
         Reducer 2 
-            Execution mode: vectorized, uber
+            Execution mode: vectorized, llap
             Reduce Operator Tree:
               Group By Operator
                 aggregations: count(VALUE._col0)
@@ -4250,7 +4250,7 @@ STAGE PLANS:
                             Target Vertex: Map 1
             Execution mode: vectorized, llap
         Reducer 2 
-            Execution mode: vectorized, uber
+            Execution mode: vectorized, llap
             Reduce Operator Tree:
               Group By Operator
                 aggregations: count(VALUE._col0)
@@ -4361,7 +4361,7 @@ STAGE PLANS:
                             Target Vertex: Map 1
             Execution mode: vectorized, llap
         Reducer 2 
-            Execution mode: vectorized, uber
+            Execution mode: vectorized, llap
             Reduce Operator Tree:
               Group By Operator
                 aggregations: count(VALUE._col0)
@@ -4483,7 +4483,7 @@ STAGE PLANS:
                             Target Vertex: Map 1
             Execution mode: vectorized, llap
         Reducer 2 
-            Execution mode: vectorized, uber
+            Execution mode: vectorized, llap
             Reduce Operator Tree:
               Group By Operator
                 aggregations: count(VALUE._col0)
@@ -4604,7 +4604,7 @@ STAGE PLANS:
                       Statistics: Num rows: 1000 Data size: 10624 Basic stats: COMPLETE Column stats: NONE
             Execution mode: llap
         Reducer 2 
-            Execution mode: vectorized, uber
+            Execution mode: vectorized, llap
             Reduce Operator Tree:
               Group By Operator
                 aggregations: count(VALUE._col0)
@@ -4769,7 +4769,7 @@ STAGE PLANS:
                             Target Vertex: Map 1
             Execution mode: vectorized, llap
         Reducer 2 
-            Execution mode: vectorized, uber
+            Execution mode: vectorized, llap
             Reduce Operator Tree:
               Group By Operator
                 aggregations: count(VALUE._col0)
@@ -4856,7 +4856,7 @@ STAGE PLANS:
                       Statistics: Num rows: 2000 Data size: 21248 Basic stats: COMPLETE Column stats: NONE
             Execution mode: llap
         Reducer 2 
-            Execution mode: vectorized, uber
+            Execution mode: vectorized, llap
             Reduce Operator Tree:
               Group By Operator
                 aggregations: count(VALUE._col0)
@@ -4945,7 +4945,7 @@ STAGE PLANS:
                             value expressions: _col0 (type: bigint)
             Execution mode: vectorized, llap
         Reducer 3 
-            Execution mode: vectorized, uber
+            Execution mode: vectorized, llap
             Reduce Operator Tree:
               Group By Operator
                 aggregations: count(VALUE._col0)
@@ -5081,7 +5081,7 @@ STAGE PLANS:
                         Statistics: Num rows: 1 Data size: 172 Basic stats: COMPLETE Column stats: NONE
             Execution mode: vectorized, llap
         Reducer 2 
-            Execution mode: vectorized, uber
+            Execution mode: vectorized, llap
             Reduce Operator Tree:
               Group By Operator
                 aggregations: count(VALUE._col0)
@@ -5224,7 +5224,7 @@ STAGE PLANS:
                         Statistics: Num rows: 1 Data size: 172 Basic stats: COMPLETE Column stats: NONE
             Execution mode: vectorized, llap
         Reducer 3 
-            Execution mode: vectorized, uber
+            Execution mode: vectorized, llap
             Reduce Operator Tree:
               Group By Operator
                 aggregations: count(VALUE._col0)
@@ -5345,7 +5345,7 @@ STAGE PLANS:
                         value expressions: _col0 (type: string)
             Execution mode: llap
         Reducer 2 
-            Execution mode: vectorized, uber
+            Execution mode: vectorized, llap
             Reduce Operator Tree:
               Group By Operator
                 keys: KEY._col0 (type: string)
@@ -5360,7 +5360,7 @@ STAGE PLANS:
                       output format: org.apache.hadoop.hive.ql.io.HiveSequenceFileOutputFormat
                       serde: org.apache.hadoop.hive.serde2.lazy.LazySimpleSerDe
         Reducer 4 
-            Execution mode: vectorized, uber
+            Execution mode: vectorized, llap
             Reduce Operator Tree:
               Group By Operator
                 aggregations: max(VALUE._col0)
@@ -5396,7 +5396,7 @@ STAGE PLANS:
                           Statistics: Num rows: 2 Data size: 168 Basic stats: COMPLETE Column stats: NONE
                           Target Vertex: Map 1
         Reducer 7 
-            Execution mode: vectorized, uber
+            Execution mode: vectorized, llap
             Reduce Operator Tree:
               Group By Operator
                 aggregations: min(VALUE._col0)
@@ -5591,7 +5591,7 @@ STAGE PLANS:
                             Target Vertex: Map 1
             Execution mode: llap
         Reducer 2 
-            Execution mode: uber
+            Execution mode: llap
             Reduce Operator Tree:
               Group By Operator
                 aggregations: count(VALUE._col0)
diff --git a/ql/src/test/results/clientpositive/tez/llapdecider.q.out b/ql/src/test/results/clientpositive/tez/llapdecider.q.out
index 2b0e639402..db3bf22c6d 100644
--- a/ql/src/test/results/clientpositive/tez/llapdecider.q.out
+++ b/ql/src/test/results/clientpositive/tez/llapdecider.q.out
@@ -1008,7 +1008,7 @@ STAGE PLANS:
                   Statistics: Num rows: 1219 Data size: 433964 Basic stats: COMPLETE Column stats: COMPLETE
                   value expressions: _col0 (type: string), _col1 (type: string), _col2 (type: string)
         Reducer 3 
-            Execution mode: uber
+            Execution mode: llap
             Reduce Operator Tree:
               Select Operator
                 expressions: VALUE._col0 (type: string), VALUE._col1 (type: string), VALUE._col2 (type: string), KEY.reducesinkkey0 (type: string)
