diff --git a/common/src/java/org/apache/hadoop/hive/conf/HiveConf.java b/common/src/java/org/apache/hadoop/hive/conf/HiveConf.java
index c14df20f47..b8b9dcf7a5 100644
--- a/common/src/java/org/apache/hadoop/hive/conf/HiveConf.java
+++ b/common/src/java/org/apache/hadoop/hive/conf/HiveConf.java
@@ -2522,7 +2522,7 @@ public static enum ConfVars {
         "hive.tez.exec.inplace.progress",
         true,
         "Updates tez job execution progress in-place in the terminal."),
-    LLAP_IO_ENABLED("hive.llap.io.enabled", false, "Whether the LLAP IO layer is enabled."),
+    LLAP_IO_ENABLED("hive.llap.io.enabled", null, "Whether the LLAP IO layer is enabled."),
     LLAP_IO_MEMORY_MODE("hive.llap.io.memory.mode", "cache",
         new StringSet("cache", "allocator", "none"),
         "LLAP IO memory usage; 'cache' (the default) uses data and metadata cache with a\n" +
diff --git a/llap-server/src/java/org/apache/hadoop/hive/llap/cli/LlapOptionsProcessor.java b/llap-server/src/java/org/apache/hadoop/hive/llap/cli/LlapOptionsProcessor.java
index c292b375ca..b7f019c300 100644
--- a/llap-server/src/java/org/apache/hadoop/hive/llap/cli/LlapOptionsProcessor.java
+++ b/llap-server/src/java/org/apache/hadoop/hive/llap/cli/LlapOptionsProcessor.java
@@ -235,7 +235,6 @@ public LlapOptions processOptions(String argv[]) throws ParseException, IOExcept
     String name = commandLine.getOptionValue(OPTION_NAME, null);
 
     final int executors = Integer.parseInt(commandLine.getOptionValue(OPTION_EXECUTORS, "-1"));
-    // TODO# here
     final int ioThreads = Integer.parseInt(
         commandLine.getOptionValue(OPTION_IO_THREADS, Integer.toString(executors)));
     final long cache = parseSuffixed(commandLine.getOptionValue(OPTION_CACHE, "-1"));
diff --git a/llap-server/src/java/org/apache/hadoop/hive/llap/daemon/impl/LlapDaemon.java b/llap-server/src/java/org/apache/hadoop/hive/llap/daemon/impl/LlapDaemon.java
index ff9ce59f3f..22d7eec280 100644
--- a/llap-server/src/java/org/apache/hadoop/hive/llap/daemon/impl/LlapDaemon.java
+++ b/llap-server/src/java/org/apache/hadoop/hive/llap/daemon/impl/LlapDaemon.java
@@ -348,8 +348,8 @@ public static void main(String[] args) throws Exception {
 
       long ioMemoryBytes = HiveConf.getSizeVar(daemonConf, ConfVars.LLAP_IO_MEMORY_MAX_SIZE);
       boolean isDirectCache = HiveConf.getBoolVar(daemonConf, ConfVars.LLAP_ALLOCATOR_DIRECT);
-      boolean llapIoEnabled = HiveConf.getBoolVar(daemonConf, HiveConf.ConfVars.LLAP_IO_ENABLED);
-      llapDaemon = new LlapDaemon(daemonConf, numExecutors, executorMemoryBytes, llapIoEnabled,
+      boolean isLlapIo = HiveConf.getBoolVar(daemonConf, HiveConf.ConfVars.LLAP_IO_ENABLED, true);
+      llapDaemon = new LlapDaemon(daemonConf, numExecutors, executorMemoryBytes, isLlapIo,
               isDirectCache, ioMemoryBytes, localDirs, rpcPort, mngPort, shufflePort);
 
       LOG.info("Adding shutdown hook for LlapDaemon");
diff --git a/ql/src/java/org/apache/hadoop/hive/ql/exec/tez/TezJobMonitor.java b/ql/src/java/org/apache/hadoop/hive/ql/exec/tez/TezJobMonitor.java
index 67f9da8f8d..7a7e2ac686 100644
--- a/ql/src/java/org/apache/hadoop/hive/ql/exec/tez/TezJobMonitor.java
+++ b/ql/src/java/org/apache/hadoop/hive/ql/exec/tez/TezJobMonitor.java
@@ -225,7 +225,7 @@ public int monitorExecution(final DAGClient dagClient, HiveConf conf,
     long startTime = 0;
     boolean isProfileEnabled = HiveConf.getBoolVar(conf, HiveConf.ConfVars.TEZ_EXEC_SUMMARY) ||
         Utilities.isPerfOrAboveLogging(conf);
-    boolean llapIoEnabled = HiveConf.getBoolVar(conf, HiveConf.ConfVars.LLAP_IO_ENABLED);
+    boolean llapIoEnabled = HiveConf.getBoolVar(conf, HiveConf.ConfVars.LLAP_IO_ENABLED, true);
 
     boolean inPlaceEligible = InPlaceUpdates.inPlaceEligible(conf);
     synchronized(shutdownList) {
diff --git a/ql/src/java/org/apache/hadoop/hive/ql/io/HiveInputFormat.java b/ql/src/java/org/apache/hadoop/hive/ql/io/HiveInputFormat.java
index 1ed9b9cc92..46a5413c94 100755
--- a/ql/src/java/org/apache/hadoop/hive/ql/io/HiveInputFormat.java
+++ b/ql/src/java/org/apache/hadoop/hive/ql/io/HiveInputFormat.java
@@ -202,13 +202,14 @@ public void configure(JobConf job) {
 
   public static InputFormat<WritableComparable, Writable> wrapForLlap(
       InputFormat<WritableComparable, Writable> inputFormat, Configuration conf) {
-    if (!HiveConf.getBoolVar(conf, ConfVars.LLAP_IO_ENABLED)) {
+    if (!HiveConf.getBoolVar(conf, ConfVars.LLAP_IO_ENABLED, LlapProxy.isDaemon())) {
       return inputFormat; // LLAP not enabled, no-op.
     }
     boolean isSupported = inputFormat instanceof LlapWrappableInputFormatInterface,
-        isVector = Utilities.isVectorMode(conf);
-    if (!isSupported || !isVector) {
-      LOG.info("Not using llap for " + inputFormat + ": " + isSupported + ", " + isVector);
+        isVectorized = Utilities.isVectorMode(conf);
+    if (!isSupported || !isVectorized) {
+      LOG.info("Not using llap for " + inputFormat + ": supported = " + isSupported
+          + ", vectorized = " + isVectorized);
       return inputFormat;
     }
     if (LOG.isDebugEnabled()) {
@@ -223,11 +224,6 @@ public static InputFormat<WritableComparable, Writable> wrapForLlap(
     return castInputFormat(llapIo.getInputFormat(inputFormat));
   }
 
-  public static boolean isLlapEnabled(Configuration conf) {
-    // Don't check IO - it needn't be initialized on client.
-    return HiveConf.getBoolVar(conf, ConfVars.LLAP_IO_ENABLED);
-  }
-
   public static boolean canWrapAnyForLlap(Configuration conf, MapWork mapWork) {
     return Utilities.isVectorMode(conf, mapWork);
   }
@@ -271,7 +267,6 @@ public static InputFormat<WritableComparable, Writable> getInputFormatFromCache(
   public RecordReader getRecordReader(InputSplit split, JobConf job,
       Reporter reporter) throws IOException {
     HiveInputSplit hsplit = (HiveInputSplit) split;
-
     InputSplit inputSplit = hsplit.getInputSplit();
     String inputFormatClassName = null;
     Class inputFormatClass = null;
diff --git a/ql/src/java/org/apache/hadoop/hive/ql/plan/MapWork.java b/ql/src/java/org/apache/hadoop/hive/ql/plan/MapWork.java
index 2da881d045..0851d9e9db 100644
--- a/ql/src/java/org/apache/hadoop/hive/ql/plan/MapWork.java
+++ b/ql/src/java/org/apache/hadoop/hive/ql/plan/MapWork.java
@@ -34,6 +34,7 @@
 import org.apache.hadoop.conf.Configuration;
 import org.apache.hadoop.fs.Path;
 import org.apache.hadoop.hive.conf.HiveConf;
+import org.apache.hadoop.hive.conf.HiveConf.ConfVars;
 import org.apache.hadoop.hive.ql.exec.FileSinkOperator;
 import org.apache.hadoop.hive.ql.exec.Operator;
 import org.apache.hadoop.hive.ql.exec.OperatorUtils;
@@ -207,7 +208,8 @@ public void deriveExplainAttributes() {
 
   public void deriveLlap(Configuration conf) {
     boolean hasLlap = false, hasNonLlap = false, hasAcid = false;
-    boolean isLlapOn = HiveInputFormat.isLlapEnabled(conf),
+    // Assume the IO is enabled on the daemon by default. We cannot reasonably check it here.
+    boolean isLlapOn = HiveConf.getBoolVar(conf, ConfVars.LLAP_IO_ENABLED, llapMode),
         canWrapAny = isLlapOn && HiveInputFormat.canWrapAnyForLlap(conf, this);
     boolean hasPathToPartInfo = (pathToPartitionInfo != null && !pathToPartitionInfo.isEmpty());
     if (canWrapAny && hasPathToPartInfo) {
diff --git a/ql/src/test/results/clientpositive/llap/bucket_map_join_tez1.q.out b/ql/src/test/results/clientpositive/llap/bucket_map_join_tez1.q.out
index f5a036e5b2..21cfa5c2f3 100644
--- a/ql/src/test/results/clientpositive/llap/bucket_map_join_tez1.q.out
+++ b/ql/src/test/results/clientpositive/llap/bucket_map_join_tez1.q.out
@@ -147,6 +147,7 @@ STAGE PLANS:
                         Statistics: Num rows: 242 Data size: 2566 Basic stats: COMPLETE Column stats: NONE
                         value expressions: _col1 (type: string)
             Execution mode: llap
+            LLAP IO: no inputs
         Map 2 
             Map Operator Tree:
                 TableScan
@@ -182,6 +183,7 @@ STAGE PLANS:
                                 output format: org.apache.hadoop.hive.ql.io.HiveSequenceFileOutputFormat
                                 serde: org.apache.hadoop.hive.serde2.lazy.LazySimpleSerDe
             Execution mode: llap
+            LLAP IO: no inputs
 
   Stage: Stage-0
     Fetch Operator
@@ -231,6 +233,7 @@ STAGE PLANS:
                         Map-reduce partition columns: _col0 (type: int), _col1 (type: string)
                         Statistics: Num rows: 500 Data size: 5312 Basic stats: COMPLETE Column stats: NONE
             Execution mode: llap
+            LLAP IO: no inputs
         Map 4 
             Map Operator Tree:
                 TableScan
@@ -249,6 +252,7 @@ STAGE PLANS:
                         Map-reduce partition columns: _col0 (type: int)
                         Statistics: Num rows: 242 Data size: 2566 Basic stats: COMPLETE Column stats: NONE
             Execution mode: llap
+            LLAP IO: no inputs
         Reducer 2 
             Execution mode: llap
             Reduce Operator Tree:
@@ -373,6 +377,7 @@ STAGE PLANS:
                           Statistics: Num rows: 27 Data size: 2808 Basic stats: COMPLETE Column stats: NONE
                           value expressions: _col1 (type: double)
             Execution mode: llap
+            LLAP IO: no inputs
         Map 3 
             Map Operator Tree:
                 TableScan
@@ -408,6 +413,7 @@ STAGE PLANS:
                                 output format: org.apache.hadoop.hive.ql.io.HiveSequenceFileOutputFormat
                                 serde: org.apache.hadoop.hive.serde2.lazy.LazySimpleSerDe
             Execution mode: llap
+            LLAP IO: no inputs
         Reducer 2 
             Execution mode: llap
             Reduce Operator Tree:
@@ -497,6 +503,7 @@ STAGE PLANS:
                               Statistics: Num rows: 550 Data size: 5843 Basic stats: COMPLETE Column stats: NONE
                               value expressions: _col1 (type: double)
             Execution mode: llap
+            LLAP IO: no inputs
         Map 3 
             Map Operator Tree:
                 TableScan
@@ -516,6 +523,7 @@ STAGE PLANS:
                         Statistics: Num rows: 242 Data size: 2566 Basic stats: COMPLETE Column stats: NONE
                         value expressions: _col1 (type: string)
             Execution mode: llap
+            LLAP IO: no inputs
         Map 4 
             Map Operator Tree:
                 TableScan
@@ -535,6 +543,7 @@ STAGE PLANS:
                         Statistics: Num rows: 242 Data size: 2566 Basic stats: COMPLETE Column stats: NONE
                         value expressions: _col1 (type: string)
             Execution mode: llap
+            LLAP IO: no inputs
         Reducer 2 
             Execution mode: llap
             Reduce Operator Tree:
@@ -640,6 +649,7 @@ STAGE PLANS:
                               Statistics: Num rows: 266 Data size: 2822 Basic stats: COMPLETE Column stats: NONE
                               value expressions: _col1 (type: double)
             Execution mode: llap
+            LLAP IO: no inputs
         Map 3 
             Map Operator Tree:
                 TableScan
@@ -658,6 +668,7 @@ STAGE PLANS:
                         Map-reduce partition columns: _col0 (type: int)
                         Statistics: Num rows: 242 Data size: 2566 Basic stats: COMPLETE Column stats: NONE
             Execution mode: llap
+            LLAP IO: no inputs
         Map 4 
             Map Operator Tree:
                 TableScan
@@ -677,6 +688,7 @@ STAGE PLANS:
                         Statistics: Num rows: 500 Data size: 5312 Basic stats: COMPLETE Column stats: NONE
                         value expressions: _col1 (type: string)
             Execution mode: llap
+            LLAP IO: no inputs
         Reducer 2 
             Execution mode: llap
             Reduce Operator Tree:
@@ -779,6 +791,7 @@ STAGE PLANS:
                                 output format: org.apache.hadoop.hive.ql.io.HiveSequenceFileOutputFormat
                                 serde: org.apache.hadoop.hive.serde2.lazy.LazySimpleSerDe
             Execution mode: llap
+            LLAP IO: no inputs
         Map 2 
             Map Operator Tree:
                 TableScan
@@ -798,6 +811,7 @@ STAGE PLANS:
                         Statistics: Num rows: 242 Data size: 2566 Basic stats: COMPLETE Column stats: NONE
                         value expressions: _col1 (type: string)
             Execution mode: llap
+            LLAP IO: no inputs
         Map 3 
             Map Operator Tree:
                 TableScan
@@ -816,6 +830,7 @@ STAGE PLANS:
                         Map-reduce partition columns: _col0 (type: int)
                         Statistics: Num rows: 242 Data size: 2566 Basic stats: COMPLETE Column stats: NONE
             Execution mode: llap
+            LLAP IO: no inputs
 
   Stage: Stage-0
     Fetch Operator
@@ -889,6 +904,7 @@ STAGE PLANS:
                                   output format: org.apache.hadoop.hive.ql.io.HiveSequenceFileOutputFormat
                                   serde: org.apache.hadoop.hive.serde2.lazy.LazySimpleSerDe
             Execution mode: llap
+            LLAP IO: no inputs
         Map 2 
             Map Operator Tree:
                 TableScan
@@ -907,6 +923,7 @@ STAGE PLANS:
                         Map-reduce partition columns: _col0 (type: int)
                         Statistics: Num rows: 242 Data size: 2566 Basic stats: COMPLETE Column stats: NONE
             Execution mode: llap
+            LLAP IO: no inputs
         Map 3 
             Map Operator Tree:
                 TableScan
@@ -926,6 +943,7 @@ STAGE PLANS:
                         Statistics: Num rows: 242 Data size: 2566 Basic stats: COMPLETE Column stats: NONE
                         value expressions: _col1 (type: string)
             Execution mode: llap
+            LLAP IO: no inputs
 
   Stage: Stage-0
     Fetch Operator
@@ -983,6 +1001,7 @@ STAGE PLANS:
                           Statistics: Num rows: 27 Data size: 2808 Basic stats: COMPLETE Column stats: NONE
                           value expressions: _col1 (type: double)
             Execution mode: llap
+            LLAP IO: no inputs
         Map 3 
             Map Operator Tree:
                 TableScan
@@ -1018,6 +1037,7 @@ STAGE PLANS:
                                 output format: org.apache.hadoop.hive.ql.io.HiveSequenceFileOutputFormat
                                 serde: org.apache.hadoop.hive.serde2.lazy.LazySimpleSerDe
             Execution mode: llap
+            LLAP IO: no inputs
         Reducer 2 
             Execution mode: llap
             Reduce Operator Tree:
@@ -1082,6 +1102,7 @@ STAGE PLANS:
                         Statistics: Num rows: 27 Data size: 2808 Basic stats: COMPLETE Column stats: NONE
                         value expressions: _col1 (type: string)
             Execution mode: llap
+            LLAP IO: no inputs
         Map 3 
             Map Operator Tree:
                 TableScan
@@ -1117,6 +1138,7 @@ STAGE PLANS:
                                 output format: org.apache.hadoop.hive.ql.io.HiveSequenceFileOutputFormat
                                 serde: org.apache.hadoop.hive.serde2.lazy.LazySimpleSerDe
             Execution mode: llap
+            LLAP IO: no inputs
         Reducer 2 
             Execution mode: llap
             Reduce Operator Tree:
@@ -1180,6 +1202,7 @@ STAGE PLANS:
                         Statistics: Num rows: 242 Data size: 2566 Basic stats: COMPLETE Column stats: NONE
                         value expressions: _col0 (type: int)
             Execution mode: llap
+            LLAP IO: no inputs
         Map 2 
             Map Operator Tree:
                 TableScan
@@ -1211,6 +1234,7 @@ STAGE PLANS:
                               output format: org.apache.hadoop.hive.ql.io.HiveSequenceFileOutputFormat
                               serde: org.apache.hadoop.hive.serde2.lazy.LazySimpleSerDe
             Execution mode: llap
+            LLAP IO: no inputs
 
   Stage: Stage-0
     Fetch Operator
@@ -1279,6 +1303,7 @@ STAGE PLANS:
                         Statistics: Num rows: 242 Data size: 2566 Basic stats: COMPLETE Column stats: NONE
                         value expressions: _col1 (type: string)
             Execution mode: llap
+            LLAP IO: no inputs
         Map 2 
             Map Operator Tree:
                 TableScan
@@ -1314,6 +1339,7 @@ STAGE PLANS:
                                 output format: org.apache.hadoop.hive.ql.io.HiveSequenceFileOutputFormat
                                 serde: org.apache.hadoop.hive.serde2.lazy.LazySimpleSerDe
             Execution mode: llap
+            LLAP IO: no inputs
 
   Stage: Stage-0
     Fetch Operator
@@ -1383,6 +1409,7 @@ STAGE PLANS:
                                   output format: org.apache.hadoop.hive.ql.io.HiveSequenceFileOutputFormat
                                   serde: org.apache.hadoop.hive.serde2.lazy.LazySimpleSerDe
             Execution mode: llap
+            LLAP IO: no inputs
         Map 2 
             Map Operator Tree:
                 TableScan
@@ -1401,6 +1428,7 @@ STAGE PLANS:
                         Map-reduce partition columns: _col0 (type: int)
                         Statistics: Num rows: 500 Data size: 5312 Basic stats: COMPLETE Column stats: NONE
             Execution mode: llap
+            LLAP IO: no inputs
         Map 3 
             Map Operator Tree:
                 TableScan
@@ -1420,6 +1448,7 @@ STAGE PLANS:
                         Statistics: Num rows: 500 Data size: 5312 Basic stats: COMPLETE Column stats: NONE
                         value expressions: _col0 (type: int)
             Execution mode: llap
+            LLAP IO: no inputs
 
   Stage: Stage-0
     Fetch Operator
@@ -1481,6 +1510,7 @@ STAGE PLANS:
                             Statistics: Num rows: 242 Data size: 2566 Basic stats: COMPLETE Column stats: NONE
                             Target Vertex: Map 2
             Execution mode: llap
+            LLAP IO: no inputs
         Map 2 
             Map Operator Tree:
                 TableScan
@@ -1516,6 +1546,7 @@ STAGE PLANS:
                                 output format: org.apache.hadoop.hive.ql.io.HiveSequenceFileOutputFormat
                                 serde: org.apache.hadoop.hive.serde2.lazy.LazySimpleSerDe
             Execution mode: llap
+            LLAP IO: no inputs
 
   Stage: Stage-0
     Fetch Operator
@@ -1583,6 +1614,7 @@ STAGE PLANS:
                           sort order: 
                           Statistics: Num rows: 550 Data size: 5843 Basic stats: COMPLETE Column stats: NONE
             Execution mode: llap
+            LLAP IO: no inputs
         Map 3 
             Map Operator Tree:
                 TableScan
@@ -1601,6 +1633,7 @@ STAGE PLANS:
                         Map-reduce partition columns: _col0 (type: int)
                         Statistics: Num rows: 1 Data size: 11 Basic stats: COMPLETE Column stats: NONE
             Execution mode: llap
+            LLAP IO: no inputs
         Reducer 2 
             Execution mode: llap
             Reduce Operator Tree:
@@ -1700,6 +1733,7 @@ STAGE PLANS:
                           sort order: 
                           Statistics: Num rows: 550 Data size: 5843 Basic stats: COMPLETE Column stats: NONE
             Execution mode: llap
+            LLAP IO: no inputs
         Map 3 
             Map Operator Tree:
                 TableScan
@@ -1718,6 +1752,7 @@ STAGE PLANS:
                         Map-reduce partition columns: _col0 (type: int)
                         Statistics: Num rows: 1 Data size: 11 Basic stats: COMPLETE Column stats: NONE
             Execution mode: llap
+            LLAP IO: no inputs
         Reducer 2 
             Execution mode: llap
             Reduce Operator Tree:
diff --git a/ql/src/test/results/clientpositive/llap/bucket_map_join_tez2.q.out b/ql/src/test/results/clientpositive/llap/bucket_map_join_tez2.q.out
index 2800ee5fc6..86ffb45041 100644
--- a/ql/src/test/results/clientpositive/llap/bucket_map_join_tez2.q.out
+++ b/ql/src/test/results/clientpositive/llap/bucket_map_join_tez2.q.out
@@ -170,6 +170,7 @@ STAGE PLANS:
                                   output format: org.apache.hadoop.hive.ql.io.HiveSequenceFileOutputFormat
                                   serde: org.apache.hadoop.hive.serde2.lazy.LazySimpleSerDe
             Execution mode: llap
+            LLAP IO: no inputs
         Map 2 
             Map Operator Tree:
                 TableScan
@@ -188,6 +189,7 @@ STAGE PLANS:
                         Map-reduce partition columns: _col0 (type: int)
                         Statistics: Num rows: 500 Data size: 5312 Basic stats: COMPLETE Column stats: NONE
             Execution mode: llap
+            LLAP IO: no inputs
         Map 3 
             Map Operator Tree:
                 TableScan
@@ -207,6 +209,7 @@ STAGE PLANS:
                         Statistics: Num rows: 500 Data size: 5312 Basic stats: COMPLETE Column stats: NONE
                         value expressions: _col0 (type: int)
             Execution mode: llap
+            LLAP IO: no inputs
 
   Stage: Stage-0
     Fetch Operator
@@ -275,6 +278,7 @@ STAGE PLANS:
                         Statistics: Num rows: 242 Data size: 2566 Basic stats: COMPLETE Column stats: NONE
                         value expressions: _col0 (type: int), _col1 (type: string)
             Execution mode: llap
+            LLAP IO: no inputs
         Map 2 
             Map Operator Tree:
                 TableScan
@@ -310,6 +314,7 @@ STAGE PLANS:
                                 output format: org.apache.hadoop.hive.ql.io.HiveSequenceFileOutputFormat
                                 serde: org.apache.hadoop.hive.serde2.lazy.LazySimpleSerDe
             Execution mode: llap
+            LLAP IO: no inputs
 
   Stage: Stage-0
     Fetch Operator
@@ -366,6 +371,7 @@ STAGE PLANS:
                               output format: org.apache.hadoop.hive.ql.io.HiveSequenceFileOutputFormat
                               serde: org.apache.hadoop.hive.serde2.lazy.LazySimpleSerDe
             Execution mode: llap
+            LLAP IO: no inputs
         Map 2 
             Map Operator Tree:
                 TableScan
@@ -384,6 +390,7 @@ STAGE PLANS:
                         Map-reduce partition columns: _col0 (type: int)
                         Statistics: Num rows: 55 Data size: 584 Basic stats: COMPLETE Column stats: NONE
             Execution mode: llap
+            LLAP IO: no inputs
 
   Stage: Stage-0
     Fetch Operator
@@ -440,6 +447,7 @@ STAGE PLANS:
                               output format: org.apache.hadoop.hive.ql.io.HiveSequenceFileOutputFormat
                               serde: org.apache.hadoop.hive.serde2.lazy.LazySimpleSerDe
             Execution mode: llap
+            LLAP IO: no inputs
         Map 2 
             Map Operator Tree:
                 TableScan
@@ -458,6 +466,7 @@ STAGE PLANS:
                         Map-reduce partition columns: _col0 (type: int)
                         Statistics: Num rows: 55 Data size: 584 Basic stats: COMPLETE Column stats: NONE
             Execution mode: llap
+            LLAP IO: no inputs
 
   Stage: Stage-0
     Fetch Operator
@@ -501,6 +510,7 @@ STAGE PLANS:
                         Map-reduce partition columns: _col0 (type: int)
                         Statistics: Num rows: 55 Data size: 584 Basic stats: COMPLETE Column stats: NONE
             Execution mode: llap
+            LLAP IO: no inputs
         Map 2 
             Map Operator Tree:
                 TableScan
@@ -532,6 +542,7 @@ STAGE PLANS:
                               output format: org.apache.hadoop.hive.ql.io.HiveSequenceFileOutputFormat
                               serde: org.apache.hadoop.hive.serde2.lazy.LazySimpleSerDe
             Execution mode: llap
+            LLAP IO: no inputs
 
   Stage: Stage-0
     Fetch Operator
@@ -574,6 +585,7 @@ STAGE PLANS:
                         Map-reduce partition columns: _col0 (type: int)
                         Statistics: Num rows: 242 Data size: 2566 Basic stats: COMPLETE Column stats: NONE
             Execution mode: llap
+            LLAP IO: no inputs
         Map 3 
             Map Operator Tree:
                 TableScan
@@ -592,6 +604,7 @@ STAGE PLANS:
                         Map-reduce partition columns: _col0 (type: int)
                         Statistics: Num rows: 242 Data size: 2566 Basic stats: COMPLETE Column stats: NONE
             Execution mode: llap
+            LLAP IO: no inputs
         Reducer 2 
             Execution mode: llap
             Reduce Operator Tree:
@@ -660,6 +673,7 @@ STAGE PLANS:
                         Map-reduce partition columns: _col0 (type: string)
                         Statistics: Num rows: 242 Data size: 2566 Basic stats: COMPLETE Column stats: NONE
             Execution mode: llap
+            LLAP IO: no inputs
         Map 3 
             Map Operator Tree:
                 TableScan
@@ -679,6 +693,7 @@ STAGE PLANS:
                         Statistics: Num rows: 242 Data size: 2566 Basic stats: COMPLETE Column stats: NONE
                         value expressions: _col1 (type: string)
             Execution mode: llap
+            LLAP IO: no inputs
         Reducer 2 
             Execution mode: llap
             Reduce Operator Tree:
diff --git a/ql/src/test/results/clientpositive/llap/cte_3.q.out b/ql/src/test/results/clientpositive/llap/cte_3.q.out
index 37796c0775..82f6414b69 100644
--- a/ql/src/test/results/clientpositive/llap/cte_3.q.out
+++ b/ql/src/test/results/clientpositive/llap/cte_3.q.out
@@ -40,6 +40,7 @@ STAGE PLANS:
                             serde: org.apache.hadoop.hive.serde2.lazy.LazySimpleSerDe
                             name: default.q1
             Execution mode: llap
+            LLAP IO: no inputs
 
   Stage: Stage-2
     Dependency Collection
@@ -124,6 +125,7 @@ STAGE PLANS:
                             serde: org.apache.hadoop.hive.serde2.lazy.LazySimpleSerDe
                             name: default.q1
             Execution mode: llap
+            LLAP IO: no inputs
 
   Stage: Stage-2
     Dependency Collection
@@ -211,6 +213,7 @@ STAGE PLANS:
                             serde: org.apache.hadoop.hive.serde2.lazy.LazySimpleSerDe
                             name: default.q2
             Execution mode: llap
+            LLAP IO: no inputs
 
   Stage: Stage-2
     Dependency Collection
@@ -240,6 +243,7 @@ STAGE PLANS:
                             serde: org.apache.hadoop.hive.serde2.lazy.LazySimpleSerDe
                             name: default.q1
             Execution mode: llap
+            LLAP IO: no inputs
 
   Stage: Stage-5
     Dependency Collection
diff --git a/ql/src/test/results/clientpositive/llap/cte_5.q.out b/ql/src/test/results/clientpositive/llap/cte_5.q.out
index eb6d5daf65..9f9b718f54 100644
--- a/ql/src/test/results/clientpositive/llap/cte_5.q.out
+++ b/ql/src/test/results/clientpositive/llap/cte_5.q.out
@@ -106,6 +106,7 @@ STAGE PLANS:
                         Statistics: Num rows: 1 Data size: 3 Basic stats: COMPLETE Column stats: NONE
                         value expressions: _col0 (type: int)
             Execution mode: llap
+            LLAP IO: no inputs
         Map 3 
             Map Operator Tree:
                 TableScan
@@ -122,6 +123,7 @@ STAGE PLANS:
                         Map-reduce partition columns: 5.0 (type: double)
                         Statistics: Num rows: 250 Data size: 2656 Basic stats: COMPLETE Column stats: NONE
             Execution mode: llap
+            LLAP IO: no inputs
         Reducer 2 
             Execution mode: llap
             Reduce Operator Tree:
diff --git a/ql/src/test/results/clientpositive/llap/cte_mat_1.q.out b/ql/src/test/results/clientpositive/llap/cte_mat_1.q.out
index d8c74b5dac..9ba574db3a 100644
--- a/ql/src/test/results/clientpositive/llap/cte_mat_1.q.out
+++ b/ql/src/test/results/clientpositive/llap/cte_mat_1.q.out
@@ -38,6 +38,7 @@ STAGE PLANS:
                         Map-reduce partition columns: '5' (type: string)
                         Statistics: Num rows: 250 Data size: 2656 Basic stats: COMPLETE Column stats: NONE
             Execution mode: llap
+            LLAP IO: no inputs
         Map 3 
             Map Operator Tree:
                 TableScan
@@ -54,6 +55,7 @@ STAGE PLANS:
                         Map-reduce partition columns: '5' (type: string)
                         Statistics: Num rows: 250 Data size: 2656 Basic stats: COMPLETE Column stats: NONE
             Execution mode: llap
+            LLAP IO: no inputs
         Reducer 2 
             Execution mode: llap
             Reduce Operator Tree:
diff --git a/ql/src/test/results/clientpositive/llap/cte_mat_2.q.out b/ql/src/test/results/clientpositive/llap/cte_mat_2.q.out
index d8c74b5dac..9ba574db3a 100644
--- a/ql/src/test/results/clientpositive/llap/cte_mat_2.q.out
+++ b/ql/src/test/results/clientpositive/llap/cte_mat_2.q.out
@@ -38,6 +38,7 @@ STAGE PLANS:
                         Map-reduce partition columns: '5' (type: string)
                         Statistics: Num rows: 250 Data size: 2656 Basic stats: COMPLETE Column stats: NONE
             Execution mode: llap
+            LLAP IO: no inputs
         Map 3 
             Map Operator Tree:
                 TableScan
@@ -54,6 +55,7 @@ STAGE PLANS:
                         Map-reduce partition columns: '5' (type: string)
                         Statistics: Num rows: 250 Data size: 2656 Basic stats: COMPLETE Column stats: NONE
             Execution mode: llap
+            LLAP IO: no inputs
         Reducer 2 
             Execution mode: llap
             Reduce Operator Tree:
diff --git a/ql/src/test/results/clientpositive/llap/cte_mat_3.q.out b/ql/src/test/results/clientpositive/llap/cte_mat_3.q.out
index 3c38c21e5d..ff188ad688 100644
--- a/ql/src/test/results/clientpositive/llap/cte_mat_3.q.out
+++ b/ql/src/test/results/clientpositive/llap/cte_mat_3.q.out
@@ -43,6 +43,7 @@ STAGE PLANS:
                             serde: org.apache.hadoop.hive.serde2.lazy.LazySimpleSerDe
                             name: default.q1
             Execution mode: llap
+            LLAP IO: no inputs
 
   Stage: Stage-2
     Dependency Collection
@@ -72,6 +73,7 @@ STAGE PLANS:
                         Map-reduce partition columns: _col0 (type: string)
                         Statistics: Num rows: 1 Data size: 0 Basic stats: PARTIAL Column stats: NONE
             Execution mode: llap
+            LLAP IO: no inputs
         Map 4 
             Map Operator Tree:
                 TableScan
@@ -90,6 +92,7 @@ STAGE PLANS:
                         Map-reduce partition columns: _col0 (type: string)
                         Statistics: Num rows: 1 Data size: 0 Basic stats: PARTIAL Column stats: NONE
             Execution mode: llap
+            LLAP IO: no inputs
         Reducer 3 
             Execution mode: llap
             Reduce Operator Tree:
diff --git a/ql/src/test/results/clientpositive/llap/cte_mat_4.q.out b/ql/src/test/results/clientpositive/llap/cte_mat_4.q.out
index 3245b72ea6..2671d9fc36 100644
--- a/ql/src/test/results/clientpositive/llap/cte_mat_4.q.out
+++ b/ql/src/test/results/clientpositive/llap/cte_mat_4.q.out
@@ -84,6 +84,7 @@ STAGE PLANS:
                             serde: org.apache.hadoop.hive.serde2.lazy.LazySimpleSerDe
                             name: default.q1
             Execution mode: llap
+            LLAP IO: no inputs
 
   Stage: Stage-2
     Dependency Collection
@@ -113,6 +114,7 @@ STAGE PLANS:
                         Map-reduce partition columns: _col0 (type: string)
                         Statistics: Num rows: 1 Data size: 0 Basic stats: PARTIAL Column stats: NONE
             Execution mode: llap
+            LLAP IO: no inputs
         Map 4 
             Map Operator Tree:
                 TableScan
@@ -131,6 +133,7 @@ STAGE PLANS:
                         Map-reduce partition columns: _col0 (type: string)
                         Statistics: Num rows: 1 Data size: 0 Basic stats: PARTIAL Column stats: NONE
             Execution mode: llap
+            LLAP IO: no inputs
         Reducer 3 
             Execution mode: llap
             Reduce Operator Tree:
@@ -298,6 +301,7 @@ STAGE PLANS:
                             serde: org.apache.hadoop.hive.serde2.lazy.LazySimpleSerDe
                             name: default.q1
             Execution mode: llap
+            LLAP IO: no inputs
 
   Stage: Stage-2
     Dependency Collection
@@ -327,6 +331,7 @@ STAGE PLANS:
                         Map-reduce partition columns: _col0 (type: string)
                         Statistics: Num rows: 1 Data size: 0 Basic stats: PARTIAL Column stats: NONE
             Execution mode: llap
+            LLAP IO: no inputs
         Map 4 
             Map Operator Tree:
                 TableScan
@@ -345,6 +350,7 @@ STAGE PLANS:
                         Map-reduce partition columns: _col0 (type: string)
                         Statistics: Num rows: 1 Data size: 0 Basic stats: PARTIAL Column stats: NONE
             Execution mode: llap
+            LLAP IO: no inputs
         Reducer 3 
             Execution mode: llap
             Reduce Operator Tree:
diff --git a/ql/src/test/results/clientpositive/llap/cte_mat_5.q.out b/ql/src/test/results/clientpositive/llap/cte_mat_5.q.out
index 44371c2185..ee5bac1cf1 100644
--- a/ql/src/test/results/clientpositive/llap/cte_mat_5.q.out
+++ b/ql/src/test/results/clientpositive/llap/cte_mat_5.q.out
@@ -108,6 +108,7 @@ STAGE PLANS:
                             serde: org.apache.hadoop.hive.serde2.lazy.LazySimpleSerDe
                             name: default.q1
             Execution mode: llap
+            LLAP IO: no inputs
 
   Stage: Stage-2
     Dependency Collection
@@ -138,6 +139,7 @@ STAGE PLANS:
                         Statistics: Num rows: 1 Data size: 3 Basic stats: COMPLETE Column stats: NONE
                         value expressions: _col0 (type: int)
             Execution mode: llap
+            LLAP IO: no inputs
         Map 4 
             Map Operator Tree:
                 TableScan
@@ -156,6 +158,7 @@ STAGE PLANS:
                         Map-reduce partition columns: UDFToDouble(_col0) (type: double)
                         Statistics: Num rows: 1 Data size: 0 Basic stats: PARTIAL Column stats: NONE
             Execution mode: llap
+            LLAP IO: no inputs
         Reducer 3 
             Execution mode: llap
             Reduce Operator Tree:
diff --git a/ql/src/test/results/clientpositive/llap/dynamic_partition_pruning.q.out b/ql/src/test/results/clientpositive/llap/dynamic_partition_pruning.q.out
index 05f05aa9e8..c5a0aea01a 100644
--- a/ql/src/test/results/clientpositive/llap/dynamic_partition_pruning.q.out
+++ b/ql/src/test/results/clientpositive/llap/dynamic_partition_pruning.q.out
@@ -73,6 +73,7 @@ STAGE PLANS:
                         Map-reduce partition columns: _col0 (type: string)
                         Statistics: Num rows: 2000 Data size: 21248 Basic stats: COMPLETE Column stats: NONE
             Execution mode: llap
+            LLAP IO: no inputs
         Reducer 2 
             Execution mode: llap
             Reduce Operator Tree:
@@ -232,6 +233,7 @@ STAGE PLANS:
                       Map-reduce partition columns: _col0 (type: string)
                       Statistics: Num rows: 2000 Data size: 21248 Basic stats: COMPLETE Column stats: NONE
             Execution mode: llap
+            LLAP IO: no inputs
         Map 4 
             Map Operator Tree:
                 TableScan
@@ -266,6 +268,7 @@ STAGE PLANS:
                             Statistics: Num rows: 1 Data size: 21 Basic stats: COMPLETE Column stats: NONE
                             Target Vertex: Map 1
             Execution mode: llap
+            LLAP IO: no inputs
         Reducer 2 
             Execution mode: llap
             Reduce Operator Tree:
@@ -359,6 +362,7 @@ STAGE PLANS:
                       Map-reduce partition columns: _col0 (type: string)
                       Statistics: Num rows: 2000 Data size: 21248 Basic stats: COMPLETE Column stats: NONE
             Execution mode: llap
+            LLAP IO: no inputs
         Map 4 
             Map Operator Tree:
                 TableScan
@@ -378,6 +382,7 @@ STAGE PLANS:
                         Map-reduce partition columns: _col0 (type: string)
                         Statistics: Num rows: 1 Data size: 21 Basic stats: COMPLETE Column stats: NONE
             Execution mode: llap
+            LLAP IO: no inputs
         Reducer 2 
             Execution mode: llap
             Reduce Operator Tree:
@@ -486,6 +491,7 @@ STAGE PLANS:
                       Map-reduce partition columns: day(_col0) (type: int)
                       Statistics: Num rows: 2000 Data size: 21248 Basic stats: COMPLETE Column stats: NONE
             Execution mode: llap
+            LLAP IO: no inputs
         Map 4 
             Map Operator Tree:
                 TableScan
@@ -520,6 +526,7 @@ STAGE PLANS:
                             Statistics: Num rows: 1 Data size: 21 Basic stats: COMPLETE Column stats: NONE
                             Target Vertex: Map 1
             Execution mode: llap
+            LLAP IO: no inputs
         Reducer 2 
             Execution mode: llap
             Reduce Operator Tree:
@@ -613,6 +620,7 @@ STAGE PLANS:
                       Map-reduce partition columns: day(_col0) (type: int)
                       Statistics: Num rows: 2000 Data size: 21248 Basic stats: COMPLETE Column stats: NONE
             Execution mode: llap
+            LLAP IO: no inputs
         Map 4 
             Map Operator Tree:
                 TableScan
@@ -632,6 +640,7 @@ STAGE PLANS:
                         Map-reduce partition columns: day(_col0) (type: int)
                         Statistics: Num rows: 1 Data size: 21 Basic stats: COMPLETE Column stats: NONE
             Execution mode: llap
+            LLAP IO: no inputs
         Reducer 2 
             Execution mode: llap
             Reduce Operator Tree:
@@ -730,6 +739,7 @@ STAGE PLANS:
                       Statistics: Num rows: 2000 Data size: 21248 Basic stats: COMPLETE Column stats: NONE
                       value expressions: _col1 (type: string)
             Execution mode: llap
+            LLAP IO: no inputs
         Map 5 
             Map Operator Tree:
                 TableScan
@@ -764,6 +774,7 @@ STAGE PLANS:
                             Statistics: Num rows: 1 Data size: 21 Basic stats: COMPLETE Column stats: NONE
                             Target Vertex: Map 1
             Execution mode: llap
+            LLAP IO: no inputs
         Map 6 
             Map Operator Tree:
                 TableScan
@@ -798,6 +809,7 @@ STAGE PLANS:
                             Statistics: Num rows: 1 Data size: 5 Basic stats: COMPLETE Column stats: NONE
                             Target Vertex: Map 1
             Execution mode: llap
+            LLAP IO: no inputs
         Reducer 2 
             Execution mode: llap
             Reduce Operator Tree:
@@ -915,6 +927,7 @@ STAGE PLANS:
                       Statistics: Num rows: 2000 Data size: 21248 Basic stats: COMPLETE Column stats: NONE
                       value expressions: _col1 (type: string)
             Execution mode: llap
+            LLAP IO: no inputs
         Map 5 
             Map Operator Tree:
                 TableScan
@@ -934,6 +947,7 @@ STAGE PLANS:
                         Map-reduce partition columns: _col0 (type: string)
                         Statistics: Num rows: 1 Data size: 21 Basic stats: COMPLETE Column stats: NONE
             Execution mode: llap
+            LLAP IO: no inputs
         Map 6 
             Map Operator Tree:
                 TableScan
@@ -953,6 +967,7 @@ STAGE PLANS:
                         Map-reduce partition columns: _col0 (type: string)
                         Statistics: Num rows: 1 Data size: 5 Basic stats: COMPLETE Column stats: NONE
             Execution mode: llap
+            LLAP IO: no inputs
         Reducer 2 
             Execution mode: llap
             Reduce Operator Tree:
@@ -1078,6 +1093,7 @@ STAGE PLANS:
                       Map-reduce partition columns: _col0 (type: string), _col1 (type: string)
                       Statistics: Num rows: 2000 Data size: 21248 Basic stats: COMPLETE Column stats: NONE
             Execution mode: llap
+            LLAP IO: no inputs
         Map 4 
             Map Operator Tree:
                 TableScan
@@ -1127,6 +1143,7 @@ STAGE PLANS:
                             Statistics: Num rows: 1 Data size: 27 Basic stats: COMPLETE Column stats: NONE
                             Target Vertex: Map 1
             Execution mode: llap
+            LLAP IO: no inputs
         Reducer 2 
             Execution mode: llap
             Reduce Operator Tree:
@@ -1220,6 +1237,7 @@ STAGE PLANS:
                       Map-reduce partition columns: _col0 (type: string), _col1 (type: string)
                       Statistics: Num rows: 2000 Data size: 21248 Basic stats: COMPLETE Column stats: NONE
             Execution mode: llap
+            LLAP IO: no inputs
         Map 4 
             Map Operator Tree:
                 TableScan
@@ -1239,6 +1257,7 @@ STAGE PLANS:
                         Map-reduce partition columns: _col0 (type: string), _col2 (type: string)
                         Statistics: Num rows: 1 Data size: 27 Basic stats: COMPLETE Column stats: NONE
             Execution mode: llap
+            LLAP IO: no inputs
         Reducer 2 
             Execution mode: llap
             Reduce Operator Tree:
@@ -1345,6 +1364,7 @@ STAGE PLANS:
                       Map-reduce partition columns: _col0 (type: string)
                       Statistics: Num rows: 2000 Data size: 21248 Basic stats: COMPLETE Column stats: NONE
             Execution mode: llap
+            LLAP IO: no inputs
         Map 4 
             Map Operator Tree:
                 TableScan
@@ -1379,6 +1399,7 @@ STAGE PLANS:
                             Statistics: Num rows: 1 Data size: 21 Basic stats: COMPLETE Column stats: NONE
                             Target Vertex: Map 1
             Execution mode: llap
+            LLAP IO: no inputs
         Reducer 2 
             Execution mode: llap
             Reduce Operator Tree:
@@ -1472,6 +1493,7 @@ STAGE PLANS:
                       Map-reduce partition columns: _col0 (type: string)
                       Statistics: Num rows: 2000 Data size: 21248 Basic stats: COMPLETE Column stats: NONE
             Execution mode: llap
+            LLAP IO: no inputs
         Map 4 
             Map Operator Tree:
                 TableScan
@@ -1491,6 +1513,7 @@ STAGE PLANS:
                         Map-reduce partition columns: _col0 (type: string)
                         Statistics: Num rows: 1 Data size: 21 Basic stats: COMPLETE Column stats: NONE
             Execution mode: llap
+            LLAP IO: no inputs
         Reducer 2 
             Execution mode: llap
             Reduce Operator Tree:
@@ -1595,6 +1618,7 @@ STAGE PLANS:
                       Map-reduce partition columns: UDFToDouble(_col0) (type: double)
                       Statistics: Num rows: 2000 Data size: 21248 Basic stats: COMPLETE Column stats: NONE
             Execution mode: llap
+            LLAP IO: no inputs
         Map 4 
             Map Operator Tree:
                 TableScan
@@ -1629,6 +1653,7 @@ STAGE PLANS:
                             Statistics: Num rows: 1 Data size: 7 Basic stats: COMPLETE Column stats: NONE
                             Target Vertex: Map 1
             Execution mode: llap
+            LLAP IO: no inputs
         Reducer 2 
             Execution mode: llap
             Reduce Operator Tree:
@@ -1722,6 +1747,7 @@ STAGE PLANS:
                       Map-reduce partition columns: (UDFToDouble(_col0) * UDFToDouble(2)) (type: double)
                       Statistics: Num rows: 2000 Data size: 21248 Basic stats: COMPLETE Column stats: NONE
             Execution mode: llap
+            LLAP IO: no inputs
         Map 4 
             Map Operator Tree:
                 TableScan
@@ -1756,6 +1782,7 @@ STAGE PLANS:
                             Statistics: Num rows: 1 Data size: 7 Basic stats: COMPLETE Column stats: NONE
                             Target Vertex: Map 1
             Execution mode: llap
+            LLAP IO: no inputs
         Reducer 2 
             Execution mode: llap
             Reduce Operator Tree:
@@ -1849,6 +1876,7 @@ STAGE PLANS:
                       Map-reduce partition columns: UDFToDouble(_col0) (type: double)
                       Statistics: Num rows: 2000 Data size: 21248 Basic stats: COMPLETE Column stats: NONE
             Execution mode: llap
+            LLAP IO: no inputs
         Map 4 
             Map Operator Tree:
                 TableScan
@@ -1868,6 +1896,7 @@ STAGE PLANS:
                         Map-reduce partition columns: UDFToDouble(UDFToInteger((_col0 / UDFToDouble(2)))) (type: double)
                         Statistics: Num rows: 1 Data size: 7 Basic stats: COMPLETE Column stats: NONE
             Execution mode: llap
+            LLAP IO: no inputs
         Reducer 2 
             Execution mode: llap
             Reduce Operator Tree:
@@ -1961,6 +1990,7 @@ STAGE PLANS:
                       Map-reduce partition columns: (UDFToDouble(_col0) * UDFToDouble(2)) (type: double)
                       Statistics: Num rows: 2000 Data size: 21248 Basic stats: COMPLETE Column stats: NONE
             Execution mode: llap
+            LLAP IO: no inputs
         Map 4 
             Map Operator Tree:
                 TableScan
@@ -1980,6 +2010,7 @@ STAGE PLANS:
                         Map-reduce partition columns: _col0 (type: double)
                         Statistics: Num rows: 1 Data size: 7 Basic stats: COMPLETE Column stats: NONE
             Execution mode: llap
+            LLAP IO: no inputs
         Reducer 2 
             Execution mode: llap
             Reduce Operator Tree:
@@ -2086,6 +2117,7 @@ STAGE PLANS:
                       Map-reduce partition columns: UDFToString((UDFToDouble(_col0) * UDFToDouble(2))) (type: string)
                       Statistics: Num rows: 2000 Data size: 21248 Basic stats: COMPLETE Column stats: NONE
             Execution mode: llap
+            LLAP IO: no inputs
         Map 4 
             Map Operator Tree:
                 TableScan
@@ -2120,6 +2152,7 @@ STAGE PLANS:
                             Statistics: Num rows: 1 Data size: 7 Basic stats: COMPLETE Column stats: NONE
                             Target Vertex: Map 1
             Execution mode: llap
+            LLAP IO: no inputs
         Reducer 2 
             Execution mode: llap
             Reduce Operator Tree:
@@ -2229,6 +2262,7 @@ STAGE PLANS:
                       Map-reduce partition columns: _col0 (type: string)
                       Statistics: Num rows: 2000 Data size: 21248 Basic stats: COMPLETE Column stats: NONE
             Execution mode: llap
+            LLAP IO: no inputs
         Map 4 
             Map Operator Tree:
                 TableScan
@@ -2246,6 +2280,7 @@ STAGE PLANS:
                       Map-reduce partition columns: '2008-04-08' (type: string)
                       Statistics: Num rows: 1000 Data size: 10624 Basic stats: COMPLETE Column stats: NONE
             Execution mode: llap
+            LLAP IO: no inputs
         Reducer 2 
             Execution mode: llap
             Reduce Operator Tree:
@@ -2381,6 +2416,7 @@ STAGE PLANS:
                       Statistics: Num rows: 2000 Data size: 21248 Basic stats: COMPLETE Column stats: NONE
                       value expressions: _col0 (type: string), _col1 (type: string)
             Execution mode: llap
+            LLAP IO: no inputs
         Map 4 
             Map Operator Tree:
                 TableScan
@@ -2399,6 +2435,7 @@ STAGE PLANS:
                         Statistics: Num rows: 1 Data size: 27 Basic stats: COMPLETE Column stats: NONE
                         value expressions: _col0 (type: string), _col2 (type: string)
             Execution mode: llap
+            LLAP IO: no inputs
         Reducer 2 
             Execution mode: llap
             Reduce Operator Tree:
@@ -2500,6 +2537,7 @@ STAGE PLANS:
                       Map-reduce partition columns: _col0 (type: string), _col1 (type: string)
                       Statistics: Num rows: 2000 Data size: 21248 Basic stats: COMPLETE Column stats: NONE
             Execution mode: llap
+            LLAP IO: no inputs
         Map 4 
             Map Operator Tree:
                 TableScan
@@ -2549,6 +2587,7 @@ STAGE PLANS:
                             Statistics: Num rows: 1 Data size: 27 Basic stats: COMPLETE Column stats: NONE
                             Target Vertex: Map 1
             Execution mode: llap
+            LLAP IO: no inputs
         Reducer 2 
             Execution mode: llap
             Reduce Operator Tree:
@@ -2644,6 +2683,7 @@ STAGE PLANS:
                       Map-reduce partition columns: _col0 (type: string)
                       Statistics: Num rows: 2000 Data size: 21248 Basic stats: COMPLETE Column stats: NONE
             Execution mode: llap
+            LLAP IO: no inputs
         Map 4 
             Map Operator Tree:
                 TableScan
@@ -2678,6 +2718,7 @@ STAGE PLANS:
                             Statistics: Num rows: 1 Data size: 21 Basic stats: COMPLETE Column stats: NONE
                             Target Vertex: Map 1
             Execution mode: llap
+            LLAP IO: no inputs
         Reducer 2 
             Execution mode: llap
             Reduce Operator Tree:
@@ -2770,6 +2811,7 @@ STAGE PLANS:
                             Statistics: Num rows: 1 Data size: 21 Basic stats: COMPLETE Column stats: NONE
                             Target Vertex: Map 4
             Execution mode: llap
+            LLAP IO: no inputs
         Map 4 
             Map Operator Tree:
                 TableScan
@@ -2785,6 +2827,7 @@ STAGE PLANS:
                       Map-reduce partition columns: _col0 (type: string)
                       Statistics: Num rows: 2000 Data size: 21248 Basic stats: COMPLETE Column stats: NONE
             Execution mode: llap
+            LLAP IO: no inputs
         Reducer 2 
             Execution mode: llap
             Reduce Operator Tree:
@@ -2860,6 +2903,7 @@ STAGE PLANS:
                       Map-reduce partition columns: _col0 (type: string)
                       Statistics: Num rows: 2000 Data size: 21248 Basic stats: COMPLETE Column stats: NONE
             Execution mode: llap
+            LLAP IO: no inputs
         Map 4 
             Map Operator Tree:
                 TableScan
@@ -2894,6 +2938,7 @@ STAGE PLANS:
                             Statistics: Num rows: 1 Data size: 21 Basic stats: COMPLETE Column stats: NONE
                             Target Vertex: Map 1
             Execution mode: llap
+            LLAP IO: no inputs
         Reducer 2 
             Execution mode: llap
             Reduce Operator Tree:
@@ -2973,6 +3018,7 @@ STAGE PLANS:
                       Statistics: Num rows: 1000 Data size: 10624 Basic stats: COMPLETE Column stats: NONE
                       value expressions: _col1 (type: string)
             Execution mode: llap
+            LLAP IO: no inputs
         Map 5 
             Map Operator Tree:
                 TableScan
@@ -3007,6 +3053,7 @@ STAGE PLANS:
                             Statistics: Num rows: 1 Data size: 21 Basic stats: COMPLETE Column stats: NONE
                             Target Vertex: Map 1
             Execution mode: llap
+            LLAP IO: no inputs
         Map 6 
             Map Operator Tree:
                 TableScan
@@ -3026,6 +3073,7 @@ STAGE PLANS:
                         Map-reduce partition columns: _col0 (type: string)
                         Statistics: Num rows: 1 Data size: 5 Basic stats: COMPLETE Column stats: NONE
             Execution mode: llap
+            LLAP IO: no inputs
         Reducer 2 
             Execution mode: llap
             Reduce Operator Tree:
@@ -3142,6 +3190,7 @@ STAGE PLANS:
                         Statistics: Num rows: 1 Data size: 0 Basic stats: PARTIAL Column stats: NONE
                         value expressions: _col1 (type: string)
             Execution mode: llap
+            LLAP IO: no inputs
         Map 5 
             Map Operator Tree:
                 TableScan
@@ -3161,6 +3210,7 @@ STAGE PLANS:
                         Map-reduce partition columns: _col0 (type: string)
                         Statistics: Num rows: 1 Data size: 21 Basic stats: COMPLETE Column stats: NONE
             Execution mode: llap
+            LLAP IO: no inputs
         Map 6 
             Map Operator Tree:
                 TableScan
@@ -3180,6 +3230,7 @@ STAGE PLANS:
                         Map-reduce partition columns: _col0 (type: string)
                         Statistics: Num rows: 1 Data size: 5 Basic stats: COMPLETE Column stats: NONE
             Execution mode: llap
+            LLAP IO: no inputs
         Reducer 2 
             Execution mode: llap
             Reduce Operator Tree:
@@ -3289,6 +3340,7 @@ STAGE PLANS:
                       Map-reduce partition columns: _col0 (type: string)
                       Statistics: Num rows: 2000 Data size: 21248 Basic stats: COMPLETE Column stats: NONE
             Execution mode: llap
+            LLAP IO: no inputs
         Map 4 
             Map Operator Tree:
                 TableScan
@@ -3308,6 +3360,7 @@ STAGE PLANS:
                         Statistics: Num rows: 1 Data size: 84 Basic stats: COMPLETE Column stats: NONE
                         value expressions: _col0 (type: string)
             Execution mode: llap
+            LLAP IO: no inputs
         Map 7 
             Map Operator Tree:
                 TableScan
@@ -3327,6 +3380,7 @@ STAGE PLANS:
                         Statistics: Num rows: 1 Data size: 84 Basic stats: COMPLETE Column stats: NONE
                         value expressions: _col0 (type: string)
             Execution mode: llap
+            LLAP IO: no inputs
         Reducer 2 
             Execution mode: llap
             Reduce Operator Tree:
@@ -3494,6 +3548,7 @@ STAGE PLANS:
                       Map-reduce partition columns: _col0 (type: string)
                       Statistics: Num rows: 2000 Data size: 21248 Basic stats: COMPLETE Column stats: NONE
             Execution mode: llap
+            LLAP IO: no inputs
         Map 4 
             Map Operator Tree:
                 TableScan
@@ -3513,6 +3568,7 @@ STAGE PLANS:
                         Statistics: Num rows: 1 Data size: 84 Basic stats: COMPLETE Column stats: NONE
                         value expressions: _col0 (type: string)
             Execution mode: llap
+            LLAP IO: no inputs
         Map 7 
             Map Operator Tree:
                 TableScan
@@ -3532,6 +3588,7 @@ STAGE PLANS:
                         Statistics: Num rows: 1 Data size: 84 Basic stats: COMPLETE Column stats: NONE
                         value expressions: _col0 (type: string)
             Execution mode: llap
+            LLAP IO: no inputs
         Reducer 2 
             Execution mode: llap
             Reduce Operator Tree:
@@ -3704,6 +3761,7 @@ STAGE PLANS:
                       Map-reduce partition columns: _col0 (type: string)
                       Statistics: Num rows: 2000 Data size: 21248 Basic stats: COMPLETE Column stats: NONE
             Execution mode: llap
+            LLAP IO: no inputs
         Map 10 
             Map Operator Tree:
                 TableScan
@@ -3723,6 +3781,7 @@ STAGE PLANS:
                         Statistics: Num rows: 1 Data size: 84 Basic stats: COMPLETE Column stats: NONE
                         value expressions: _col0 (type: string)
             Execution mode: llap
+            LLAP IO: no inputs
         Map 5 
             Map Operator Tree:
                 TableScan
@@ -3740,6 +3799,7 @@ STAGE PLANS:
                       Map-reduce partition columns: _col0 (type: string)
                       Statistics: Num rows: 2000 Data size: 21248 Basic stats: COMPLETE Column stats: NONE
             Execution mode: llap
+            LLAP IO: no inputs
         Map 7 
             Map Operator Tree:
                 TableScan
@@ -3759,6 +3819,7 @@ STAGE PLANS:
                         Statistics: Num rows: 1 Data size: 84 Basic stats: COMPLETE Column stats: NONE
                         value expressions: _col0 (type: string)
             Execution mode: llap
+            LLAP IO: no inputs
         Reducer 11 
             Execution mode: llap
             Reduce Operator Tree:
@@ -3985,6 +4046,7 @@ STAGE PLANS:
                           Statistics: Num rows: 1 Data size: 8 Basic stats: COMPLETE Column stats: NONE
                           value expressions: _col0 (type: bigint)
             Execution mode: llap
+            LLAP IO: no inputs
         Map 3 
             Map Operator Tree:
                 TableScan
@@ -4019,6 +4081,7 @@ STAGE PLANS:
                             Statistics: Num rows: 1 Data size: 21 Basic stats: COMPLETE Column stats: NONE
                             Target Vertex: Map 1
             Execution mode: llap
+            LLAP IO: no inputs
         Reducer 2 
             Execution mode: llap
             Reduce Operator Tree:
@@ -4122,6 +4185,7 @@ STAGE PLANS:
                           Statistics: Num rows: 1 Data size: 8 Basic stats: COMPLETE Column stats: NONE
                           value expressions: _col0 (type: bigint)
             Execution mode: llap
+            LLAP IO: no inputs
         Map 3 
             Map Operator Tree:
                 TableScan
@@ -4156,6 +4220,7 @@ STAGE PLANS:
                             Statistics: Num rows: 1 Data size: 21 Basic stats: COMPLETE Column stats: NONE
                             Target Vertex: Map 1
             Execution mode: llap
+            LLAP IO: no inputs
         Reducer 2 
             Execution mode: llap
             Reduce Operator Tree:
@@ -4258,6 +4323,7 @@ STAGE PLANS:
                             Statistics: Num rows: 1 Data size: 8 Basic stats: COMPLETE Column stats: NONE
                             value expressions: _col0 (type: bigint)
             Execution mode: llap
+            LLAP IO: no inputs
         Map 3 
             Map Operator Tree:
                 TableScan
@@ -4292,6 +4358,7 @@ STAGE PLANS:
                             Statistics: Num rows: 1 Data size: 21 Basic stats: COMPLETE Column stats: NONE
                             Target Vertex: Map 1
             Execution mode: llap
+            LLAP IO: no inputs
         Map 4 
             Map Operator Tree:
                 TableScan
@@ -4326,6 +4393,7 @@ STAGE PLANS:
                             Statistics: Num rows: 1 Data size: 5 Basic stats: COMPLETE Column stats: NONE
                             Target Vertex: Map 1
             Execution mode: llap
+            LLAP IO: no inputs
         Reducer 2 
             Execution mode: llap
             Reduce Operator Tree:
@@ -4430,6 +4498,7 @@ STAGE PLANS:
                           Statistics: Num rows: 1 Data size: 8 Basic stats: COMPLETE Column stats: NONE
                           value expressions: _col0 (type: bigint)
             Execution mode: llap
+            LLAP IO: no inputs
         Map 3 
             Map Operator Tree:
                 TableScan
@@ -4479,6 +4548,7 @@ STAGE PLANS:
                             Statistics: Num rows: 1 Data size: 27 Basic stats: COMPLETE Column stats: NONE
                             Target Vertex: Map 1
             Execution mode: llap
+            LLAP IO: no inputs
         Reducer 2 
             Execution mode: llap
             Reduce Operator Tree:
@@ -4580,6 +4650,7 @@ STAGE PLANS:
                           Statistics: Num rows: 1 Data size: 8 Basic stats: COMPLETE Column stats: NONE
                           value expressions: _col0 (type: bigint)
             Execution mode: llap
+            LLAP IO: no inputs
         Map 3 
             Map Operator Tree:
                 TableScan
@@ -4614,6 +4685,7 @@ STAGE PLANS:
                             Statistics: Num rows: 1 Data size: 21 Basic stats: COMPLETE Column stats: NONE
                             Target Vertex: Map 1
             Execution mode: llap
+            LLAP IO: no inputs
         Reducer 2 
             Execution mode: llap
             Reduce Operator Tree:
@@ -4691,6 +4763,7 @@ STAGE PLANS:
                           Statistics: Num rows: 1 Data size: 8 Basic stats: COMPLETE Column stats: NONE
                           value expressions: _col0 (type: bigint)
             Execution mode: llap
+            LLAP IO: no inputs
         Map 3 
             Map Operator Tree:
                 TableScan
@@ -4725,6 +4798,7 @@ STAGE PLANS:
                             Statistics: Num rows: 1 Data size: 7 Basic stats: COMPLETE Column stats: NONE
                             Target Vertex: Map 1
             Execution mode: llap
+            LLAP IO: no inputs
         Reducer 2 
             Execution mode: llap
             Reduce Operator Tree:
@@ -4813,6 +4887,7 @@ STAGE PLANS:
                           Statistics: Num rows: 1 Data size: 8 Basic stats: COMPLETE Column stats: NONE
                           value expressions: _col0 (type: bigint)
             Execution mode: llap
+            LLAP IO: no inputs
         Map 3 
             Map Operator Tree:
                 TableScan
@@ -4847,6 +4922,7 @@ STAGE PLANS:
                             Statistics: Num rows: 1 Data size: 7 Basic stats: COMPLETE Column stats: NONE
                             Target Vertex: Map 1
             Execution mode: llap
+            LLAP IO: no inputs
         Reducer 2 
             Execution mode: llap
             Reduce Operator Tree:
@@ -4951,6 +5027,7 @@ STAGE PLANS:
                           Statistics: Num rows: 1 Data size: 8 Basic stats: COMPLETE Column stats: NONE
                           value expressions: _col0 (type: bigint)
             Execution mode: llap
+            LLAP IO: no inputs
         Map 3 
             Map Operator Tree:
                 TableScan
@@ -4968,6 +5045,7 @@ STAGE PLANS:
                       Map-reduce partition columns: '2008-04-08' (type: string)
                       Statistics: Num rows: 1000 Data size: 10624 Basic stats: COMPLETE Column stats: NONE
             Execution mode: llap
+            LLAP IO: no inputs
         Reducer 2 
             Execution mode: llap
             Reduce Operator Tree:
@@ -5099,6 +5177,7 @@ STAGE PLANS:
                           Statistics: Num rows: 1 Data size: 8 Basic stats: COMPLETE Column stats: NONE
                           value expressions: _col0 (type: bigint)
             Execution mode: llap
+            LLAP IO: no inputs
         Map 3 
             Map Operator Tree:
                 TableScan
@@ -5133,6 +5212,7 @@ STAGE PLANS:
                             Statistics: Num rows: 1 Data size: 21 Basic stats: COMPLETE Column stats: NONE
                             Target Vertex: Map 1
             Execution mode: llap
+            LLAP IO: no inputs
         Reducer 2 
             Execution mode: llap
             Reduce Operator Tree:
@@ -5205,6 +5285,7 @@ STAGE PLANS:
                             Statistics: Num rows: 1 Data size: 8 Basic stats: COMPLETE Column stats: NONE
                             value expressions: _col0 (type: bigint)
             Execution mode: llap
+            LLAP IO: no inputs
         Map 3 
             Map Operator Tree:
                 TableScan
@@ -5220,6 +5301,7 @@ STAGE PLANS:
                       Map-reduce partition columns: _col0 (type: string)
                       Statistics: Num rows: 2000 Data size: 21248 Basic stats: COMPLETE Column stats: NONE
             Execution mode: llap
+            LLAP IO: no inputs
         Reducer 2 
             Execution mode: llap
             Reduce Operator Tree:
@@ -5276,6 +5358,7 @@ STAGE PLANS:
                       Map-reduce partition columns: _col0 (type: string)
                       Statistics: Num rows: 2000 Data size: 21248 Basic stats: COMPLETE Column stats: NONE
             Execution mode: llap
+            LLAP IO: no inputs
         Map 2 
             Map Operator Tree:
                 TableScan
@@ -5309,6 +5392,7 @@ STAGE PLANS:
                             Statistics: Num rows: 1 Data size: 8 Basic stats: COMPLETE Column stats: NONE
                             value expressions: _col0 (type: bigint)
             Execution mode: llap
+            LLAP IO: no inputs
         Reducer 3 
             Execution mode: llap
             Reduce Operator Tree:
@@ -5392,6 +5476,7 @@ STAGE PLANS:
                             Statistics: Num rows: 1 Data size: 8 Basic stats: COMPLETE Column stats: NONE
                             value expressions: _col0 (type: bigint)
             Execution mode: llap
+            LLAP IO: no inputs
         Map 3 
             Map Operator Tree:
                 TableScan
@@ -5426,6 +5511,7 @@ STAGE PLANS:
                             Statistics: Num rows: 1 Data size: 21 Basic stats: COMPLETE Column stats: NONE
                             Target Vertex: Map 1
             Execution mode: llap
+            LLAP IO: no inputs
         Map 4 
             Map Operator Tree:
                 TableScan
@@ -5445,6 +5531,7 @@ STAGE PLANS:
                         Map-reduce partition columns: _col0 (type: string)
                         Statistics: Num rows: 1 Data size: 5 Basic stats: COMPLETE Column stats: NONE
             Execution mode: llap
+            LLAP IO: no inputs
         Reducer 2 
             Execution mode: llap
             Reduce Operator Tree:
@@ -5525,6 +5612,7 @@ STAGE PLANS:
                         Statistics: Num rows: 1 Data size: 0 Basic stats: PARTIAL Column stats: NONE
                         value expressions: _col1 (type: string)
             Execution mode: llap
+            LLAP IO: no inputs
         Map 2 
             Map Operator Tree:
                 TableScan
@@ -5569,6 +5657,7 @@ STAGE PLANS:
                               Statistics: Num rows: 1 Data size: 8 Basic stats: COMPLETE Column stats: NONE
                               value expressions: _col0 (type: bigint)
             Execution mode: llap
+            LLAP IO: no inputs
         Map 4 
             Map Operator Tree:
                 TableScan
@@ -5588,6 +5677,7 @@ STAGE PLANS:
                         Map-reduce partition columns: _col0 (type: string)
                         Statistics: Num rows: 1 Data size: 5 Basic stats: COMPLETE Column stats: NONE
             Execution mode: llap
+            LLAP IO: no inputs
         Reducer 3 
             Execution mode: llap
             Reduce Operator Tree:
@@ -5671,6 +5761,7 @@ STAGE PLANS:
                           Map-reduce partition columns: _col0 (type: string)
                           Statistics: Num rows: 2200 Data size: 23372 Basic stats: COMPLETE Column stats: NONE
             Execution mode: llap
+            LLAP IO: no inputs
         Map 3 
             Map Operator Tree:
                 TableScan
@@ -5690,6 +5781,7 @@ STAGE PLANS:
                         Statistics: Num rows: 1 Data size: 84 Basic stats: COMPLETE Column stats: NONE
                         value expressions: _col0 (type: string)
             Execution mode: llap
+            LLAP IO: no inputs
         Map 6 
             Map Operator Tree:
                 TableScan
@@ -5709,6 +5801,7 @@ STAGE PLANS:
                         Statistics: Num rows: 1 Data size: 84 Basic stats: COMPLETE Column stats: NONE
                         value expressions: _col0 (type: string)
             Execution mode: llap
+            LLAP IO: no inputs
         Reducer 2 
             Execution mode: llap
             Reduce Operator Tree:
@@ -5906,6 +5999,7 @@ STAGE PLANS:
                           Statistics: Num rows: 1 Data size: 8 Basic stats: COMPLETE Column stats: NONE
                           value expressions: _col0 (type: bigint)
             Execution mode: llap
+            LLAP IO: no inputs
         Map 3 
             Map Operator Tree:
                 TableScan
@@ -5955,6 +6049,7 @@ STAGE PLANS:
                             Statistics: Num rows: 2 Data size: 54 Basic stats: COMPLETE Column stats: NONE
                             Target Vertex: Map 1
             Execution mode: llap
+            LLAP IO: no inputs
         Reducer 2 
             Execution mode: llap
             Reduce Operator Tree:
diff --git a/ql/src/test/results/clientpositive/llap/dynamic_partition_pruning_2.q.out b/ql/src/test/results/clientpositive/llap/dynamic_partition_pruning_2.q.out
index 67c9aa5685..6f93b6a3a5 100644
--- a/ql/src/test/results/clientpositive/llap/dynamic_partition_pruning_2.q.out
+++ b/ql/src/test/results/clientpositive/llap/dynamic_partition_pruning_2.q.out
@@ -199,6 +199,7 @@ STAGE PLANS:
                             Statistics: Num rows: 9 Data size: 29 Basic stats: COMPLETE Column stats: NONE
                             value expressions: _col1 (type: bigint), _col2 (type: decimal(20,0))
             Execution mode: llap
+            LLAP IO: no inputs
         Map 4 
             Map Operator Tree:
                 TableScan
@@ -234,6 +235,7 @@ STAGE PLANS:
                             Statistics: Num rows: 1 Data size: 5 Basic stats: COMPLETE Column stats: NONE
                             Target Vertex: Map 1
             Execution mode: llap
+            LLAP IO: no inputs
         Reducer 2 
             Execution mode: llap
             Reduce Operator Tree:
@@ -371,6 +373,7 @@ STAGE PLANS:
                             Statistics: Num rows: 9 Data size: 29 Basic stats: COMPLETE Column stats: NONE
                             value expressions: _col1 (type: bigint), _col2 (type: decimal(20,0))
             Execution mode: llap
+            LLAP IO: no inputs
         Map 4 
             Map Operator Tree:
                 TableScan
@@ -391,6 +394,7 @@ STAGE PLANS:
                         Statistics: Num rows: 1 Data size: 5 Basic stats: COMPLETE Column stats: NONE
                         value expressions: _col1 (type: string)
             Execution mode: llap
+            LLAP IO: no inputs
         Reducer 2 
             Execution mode: llap
             Reduce Operator Tree:
@@ -513,6 +517,7 @@ STAGE PLANS:
                               output format: org.apache.hadoop.hive.ql.io.HiveSequenceFileOutputFormat
                               serde: org.apache.hadoop.hive.serde2.lazy.LazySimpleSerDe
             Execution mode: llap
+            LLAP IO: no inputs
         Map 2 
             Map Operator Tree:
                 TableScan
@@ -533,6 +538,7 @@ STAGE PLANS:
                         Statistics: Num rows: 3 Data size: 15 Basic stats: COMPLETE Column stats: NONE
                         value expressions: _col1 (type: string)
             Execution mode: llap
+            LLAP IO: no inputs
 
   Stage: Stage-0
     Fetch Operator
@@ -624,6 +630,7 @@ STAGE PLANS:
                             output format: org.apache.hadoop.hive.ql.io.HiveSequenceFileOutputFormat
                             serde: org.apache.hadoop.hive.serde2.lazy.LazySimpleSerDe
             Execution mode: llap
+            LLAP IO: no inputs
         Map 2 
             Map Operator Tree:
                 TableScan
@@ -639,6 +646,7 @@ STAGE PLANS:
                         sort order: 
                         Statistics: Num rows: 1 Data size: 5 Basic stats: COMPLETE Column stats: NONE
             Execution mode: llap
+            LLAP IO: no inputs
 
   Stage: Stage-0
     Fetch Operator
@@ -740,6 +748,7 @@ STAGE PLANS:
                             Statistics: Num rows: 9 Data size: 29 Basic stats: COMPLETE Column stats: NONE
                             value expressions: _col1 (type: bigint), _col2 (type: decimal(20,0))
             Execution mode: llap
+            LLAP IO: no inputs
         Map 4 
             Map Operator Tree:
                 TableScan
@@ -775,6 +784,7 @@ STAGE PLANS:
                             Statistics: Num rows: 1 Data size: 5 Basic stats: COMPLETE Column stats: NONE
                             Target Vertex: Map 1
             Execution mode: llap
+            LLAP IO: no inputs
         Reducer 2 
             Execution mode: llap
             Reduce Operator Tree:
@@ -894,6 +904,7 @@ STAGE PLANS:
                             output format: org.apache.hadoop.hive.ql.io.HiveSequenceFileOutputFormat
                             serde: org.apache.hadoop.hive.serde2.lazy.LazySimpleSerDe
             Execution mode: llap
+            LLAP IO: no inputs
         Map 3 
             Map Operator Tree:
                 TableScan
@@ -928,6 +939,7 @@ STAGE PLANS:
                             Statistics: Num rows: 1 Data size: 5 Basic stats: COMPLETE Column stats: NONE
                             Target Vertex: Map 1
             Execution mode: llap
+            LLAP IO: no inputs
         Map 4 
             Map Operator Tree:
                 TableScan
@@ -957,6 +969,7 @@ STAGE PLANS:
                             output format: org.apache.hadoop.hive.ql.io.HiveSequenceFileOutputFormat
                             serde: org.apache.hadoop.hive.serde2.lazy.LazySimpleSerDe
             Execution mode: llap
+            LLAP IO: no inputs
         Map 5 
             Map Operator Tree:
                 TableScan
@@ -991,6 +1004,7 @@ STAGE PLANS:
                             Statistics: Num rows: 1 Data size: 5 Basic stats: COMPLETE Column stats: NONE
                             Target Vertex: Map 4
             Execution mode: llap
+            LLAP IO: no inputs
         Union 2 
             Vertex: Union 2
 
@@ -1085,6 +1099,7 @@ STAGE PLANS:
                           Statistics: Num rows: 1 Data size: 8 Basic stats: COMPLETE Column stats: NONE
                           value expressions: _col0 (type: bigint)
             Execution mode: llap
+            LLAP IO: no inputs
         Map 3 
             Map Operator Tree:
                 TableScan
@@ -1101,6 +1116,7 @@ STAGE PLANS:
                       Map-reduce partition columns: _col0 (type: string)
                       Statistics: Num rows: 2000 Data size: 21248 Basic stats: COMPLETE Column stats: NONE
             Execution mode: llap
+            LLAP IO: no inputs
         Reducer 2 
             Execution mode: llap
             Reduce Operator Tree:
diff --git a/ql/src/test/results/clientpositive/llap/hybridgrace_hashjoin_1.q.out b/ql/src/test/results/clientpositive/llap/hybridgrace_hashjoin_1.q.out
index aaa8425997..f281d44d09 100644
--- a/ql/src/test/results/clientpositive/llap/hybridgrace_hashjoin_1.q.out
+++ b/ql/src/test/results/clientpositive/llap/hybridgrace_hashjoin_1.q.out
@@ -81,6 +81,7 @@ STAGE PLANS:
                             Statistics: Num rows: 1 Data size: 8 Basic stats: COMPLETE Column stats: NONE
                             value expressions: _col0 (type: bigint)
             Execution mode: llap
+            LLAP IO: no inputs
         Map 3 
             Map Operator Tree:
                 TableScan
@@ -99,6 +100,7 @@ STAGE PLANS:
                         Map-reduce partition columns: _col0 (type: int)
                         Statistics: Num rows: 4096 Data size: 880654 Basic stats: COMPLETE Column stats: NONE
             Execution mode: llap
+            LLAP IO: no inputs
         Reducer 2 
             Execution mode: llap
             Reduce Operator Tree:
@@ -205,6 +207,7 @@ STAGE PLANS:
                             Statistics: Num rows: 1 Data size: 8 Basic stats: COMPLETE Column stats: NONE
                             value expressions: _col0 (type: bigint)
             Execution mode: llap
+            LLAP IO: no inputs
         Map 3 
             Map Operator Tree:
                 TableScan
@@ -223,6 +226,7 @@ STAGE PLANS:
                         Map-reduce partition columns: _col0 (type: int)
                         Statistics: Num rows: 4096 Data size: 880654 Basic stats: COMPLETE Column stats: NONE
             Execution mode: llap
+            LLAP IO: no inputs
         Reducer 2 
             Execution mode: llap
             Reduce Operator Tree:
@@ -324,6 +328,7 @@ STAGE PLANS:
                             Statistics: Num rows: 1 Data size: 8 Basic stats: COMPLETE Column stats: NONE
                             value expressions: _col0 (type: bigint)
             Execution mode: llap
+            LLAP IO: no inputs
         Map 3 
             Map Operator Tree:
                 TableScan
@@ -342,6 +347,7 @@ STAGE PLANS:
                         Map-reduce partition columns: _col0 (type: int)
                         Statistics: Num rows: 12288 Data size: 2641964 Basic stats: COMPLETE Column stats: NONE
             Execution mode: llap
+            LLAP IO: no inputs
         Reducer 2 
             Execution mode: llap
             Reduce Operator Tree:
@@ -444,6 +450,7 @@ STAGE PLANS:
                             Statistics: Num rows: 1 Data size: 8 Basic stats: COMPLETE Column stats: NONE
                             value expressions: _col0 (type: bigint)
             Execution mode: llap
+            LLAP IO: no inputs
         Map 3 
             Map Operator Tree:
                 TableScan
@@ -462,6 +469,7 @@ STAGE PLANS:
                         Map-reduce partition columns: _col0 (type: int)
                         Statistics: Num rows: 12288 Data size: 2641964 Basic stats: COMPLETE Column stats: NONE
             Execution mode: llap
+            LLAP IO: no inputs
         Reducer 2 
             Execution mode: llap
             Reduce Operator Tree:
@@ -558,6 +566,7 @@ STAGE PLANS:
                           Statistics: Num rows: 1 Data size: 8 Basic stats: COMPLETE Column stats: NONE
                           value expressions: _col0 (type: bigint)
             Execution mode: llap
+            LLAP IO: no inputs
         Map 3 
             Map Operator Tree:
                 TableScan
@@ -573,6 +582,7 @@ STAGE PLANS:
                       Map-reduce partition columns: _col0 (type: int)
                       Statistics: Num rows: 12288 Data size: 2641964 Basic stats: COMPLETE Column stats: NONE
             Execution mode: llap
+            LLAP IO: no inputs
         Reducer 2 
             Execution mode: llap
             Reduce Operator Tree:
@@ -670,6 +680,7 @@ STAGE PLANS:
                           Statistics: Num rows: 1 Data size: 8 Basic stats: COMPLETE Column stats: NONE
                           value expressions: _col0 (type: bigint)
             Execution mode: llap
+            LLAP IO: no inputs
         Map 3 
             Map Operator Tree:
                 TableScan
@@ -685,6 +696,7 @@ STAGE PLANS:
                       Map-reduce partition columns: _col0 (type: int)
                       Statistics: Num rows: 12288 Data size: 2641964 Basic stats: COMPLETE Column stats: NONE
             Execution mode: llap
+            LLAP IO: no inputs
         Reducer 2 
             Execution mode: llap
             Reduce Operator Tree:
@@ -818,6 +830,7 @@ STAGE PLANS:
                             Statistics: Num rows: 1 Data size: 8 Basic stats: COMPLETE Column stats: NONE
                             value expressions: _col0 (type: bigint)
             Execution mode: llap
+            LLAP IO: no inputs
         Map 3 
             Map Operator Tree:
                 TableScan
@@ -836,6 +849,7 @@ STAGE PLANS:
                         Map-reduce partition columns: _col0 (type: string)
                         Statistics: Num rows: 525 Data size: 12474 Basic stats: COMPLETE Column stats: NONE
             Execution mode: llap
+            LLAP IO: no inputs
         Reducer 2 
             Execution mode: llap
             Reduce Operator Tree:
@@ -940,6 +954,7 @@ STAGE PLANS:
                             Statistics: Num rows: 1 Data size: 8 Basic stats: COMPLETE Column stats: NONE
                             value expressions: _col0 (type: bigint)
             Execution mode: llap
+            LLAP IO: no inputs
         Map 3 
             Map Operator Tree:
                 TableScan
@@ -958,6 +973,7 @@ STAGE PLANS:
                         Map-reduce partition columns: _col0 (type: string)
                         Statistics: Num rows: 525 Data size: 12474 Basic stats: COMPLETE Column stats: NONE
             Execution mode: llap
+            LLAP IO: no inputs
         Reducer 2 
             Execution mode: llap
             Reduce Operator Tree:
@@ -1061,6 +1077,7 @@ STAGE PLANS:
                             Statistics: Num rows: 1 Data size: 8 Basic stats: COMPLETE Column stats: NONE
                             value expressions: _col0 (type: bigint)
             Execution mode: llap
+            LLAP IO: no inputs
         Map 3 
             Map Operator Tree:
                 TableScan
@@ -1079,6 +1096,7 @@ STAGE PLANS:
                         Map-reduce partition columns: _col0 (type: string)
                         Statistics: Num rows: 525 Data size: 12474 Basic stats: COMPLETE Column stats: NONE
             Execution mode: llap
+            LLAP IO: no inputs
         Reducer 2 
             Execution mode: llap
             Reduce Operator Tree:
@@ -1183,6 +1201,7 @@ STAGE PLANS:
                             Statistics: Num rows: 1 Data size: 8 Basic stats: COMPLETE Column stats: NONE
                             value expressions: _col0 (type: bigint)
             Execution mode: llap
+            LLAP IO: no inputs
         Map 3 
             Map Operator Tree:
                 TableScan
@@ -1201,6 +1220,7 @@ STAGE PLANS:
                         Map-reduce partition columns: _col0 (type: string)
                         Statistics: Num rows: 525 Data size: 12474 Basic stats: COMPLETE Column stats: NONE
             Execution mode: llap
+            LLAP IO: no inputs
         Reducer 2 
             Execution mode: llap
             Reduce Operator Tree:
@@ -1335,6 +1355,7 @@ STAGE PLANS:
                                 output format: org.apache.hadoop.hive.ql.io.HiveSequenceFileOutputFormat
                                 serde: org.apache.hadoop.hive.serde2.lazy.LazySimpleSerDe
             Execution mode: vectorized, llap
+            LLAP IO: all inputs
         Map 2 
             Map Operator Tree:
                 TableScan
@@ -1352,6 +1373,7 @@ STAGE PLANS:
                         Statistics: Num rows: 6144 Data size: 1082530 Basic stats: COMPLETE Column stats: NONE
                         value expressions: _col0 (type: decimal(23,14))
             Execution mode: vectorized, llap
+            LLAP IO: all inputs
 
   Stage: Stage-0
     Fetch Operator
@@ -1531,6 +1553,7 @@ STAGE PLANS:
                                 output format: org.apache.hadoop.hive.ql.io.HiveSequenceFileOutputFormat
                                 serde: org.apache.hadoop.hive.serde2.lazy.LazySimpleSerDe
             Execution mode: vectorized, llap
+            LLAP IO: all inputs
         Map 2 
             Map Operator Tree:
                 TableScan
@@ -1548,6 +1571,7 @@ STAGE PLANS:
                         Statistics: Num rows: 6144 Data size: 1082530 Basic stats: COMPLETE Column stats: NONE
                         value expressions: _col0 (type: decimal(23,14))
             Execution mode: vectorized, llap
+            LLAP IO: all inputs
 
   Stage: Stage-0
     Fetch Operator
diff --git a/ql/src/test/results/clientpositive/llap/hybridgrace_hashjoin_2.q.out b/ql/src/test/results/clientpositive/llap/hybridgrace_hashjoin_2.q.out
index 7a00162df5..185e0a513a 100644
--- a/ql/src/test/results/clientpositive/llap/hybridgrace_hashjoin_2.q.out
+++ b/ql/src/test/results/clientpositive/llap/hybridgrace_hashjoin_2.q.out
@@ -59,6 +59,7 @@ STAGE PLANS:
                       Map-reduce partition columns: key (type: string)
                       Statistics: Num rows: 25 Data size: 191 Basic stats: COMPLETE Column stats: NONE
             Execution mode: llap
+            LLAP IO: no inputs
         Map 2 
             Map Operator Tree:
                 TableScan
@@ -89,6 +90,7 @@ STAGE PLANS:
                           Statistics: Num rows: 1 Data size: 8 Basic stats: COMPLETE Column stats: NONE
                           value expressions: _col0 (type: bigint)
             Execution mode: llap
+            LLAP IO: no inputs
         Map 4 
             Map Operator Tree:
                 TableScan
@@ -103,6 +105,7 @@ STAGE PLANS:
                       Map-reduce partition columns: key (type: string)
                       Statistics: Num rows: 500 Data size: 5312 Basic stats: COMPLETE Column stats: NONE
             Execution mode: llap
+            LLAP IO: no inputs
         Reducer 3 
             Execution mode: llap
             Reduce Operator Tree:
@@ -187,6 +190,7 @@ STAGE PLANS:
                       Map-reduce partition columns: key (type: string)
                       Statistics: Num rows: 25 Data size: 191 Basic stats: COMPLETE Column stats: NONE
             Execution mode: llap
+            LLAP IO: no inputs
         Map 2 
             Map Operator Tree:
                 TableScan
@@ -218,6 +222,7 @@ STAGE PLANS:
                           Statistics: Num rows: 1 Data size: 8 Basic stats: COMPLETE Column stats: NONE
                           value expressions: _col0 (type: bigint)
             Execution mode: llap
+            LLAP IO: no inputs
         Map 4 
             Map Operator Tree:
                 TableScan
@@ -232,6 +237,7 @@ STAGE PLANS:
                       Map-reduce partition columns: key (type: string)
                       Statistics: Num rows: 500 Data size: 5312 Basic stats: COMPLETE Column stats: NONE
             Execution mode: llap
+            LLAP IO: no inputs
         Reducer 3 
             Execution mode: llap
             Reduce Operator Tree:
@@ -329,6 +335,7 @@ STAGE PLANS:
                       Map-reduce partition columns: key (type: string)
                       Statistics: Num rows: 25 Data size: 191 Basic stats: COMPLETE Column stats: NONE
             Execution mode: llap
+            LLAP IO: no inputs
         Map 2 
             Map Operator Tree:
                 TableScan
@@ -362,6 +369,7 @@ STAGE PLANS:
                           Statistics: Num rows: 1 Data size: 8 Basic stats: COMPLETE Column stats: NONE
                           value expressions: _col0 (type: bigint)
             Execution mode: llap
+            LLAP IO: no inputs
         Map 4 
             Map Operator Tree:
                 TableScan
@@ -376,6 +384,7 @@ STAGE PLANS:
                       Map-reduce partition columns: key (type: string)
                       Statistics: Num rows: 2000 Data size: 21248 Basic stats: COMPLETE Column stats: NONE
             Execution mode: llap
+            LLAP IO: no inputs
         Map 5 
             Map Operator Tree:
                 TableScan
@@ -390,6 +399,7 @@ STAGE PLANS:
                       Map-reduce partition columns: key (type: string)
                       Statistics: Num rows: 500 Data size: 5312 Basic stats: COMPLETE Column stats: NONE
             Execution mode: llap
+            LLAP IO: no inputs
         Reducer 3 
             Execution mode: llap
             Reduce Operator Tree:
@@ -478,6 +488,7 @@ STAGE PLANS:
                       Map-reduce partition columns: key (type: string)
                       Statistics: Num rows: 25 Data size: 191 Basic stats: COMPLETE Column stats: NONE
             Execution mode: llap
+            LLAP IO: no inputs
         Map 2 
             Map Operator Tree:
                 TableScan
@@ -512,6 +523,7 @@ STAGE PLANS:
                           Statistics: Num rows: 1 Data size: 8 Basic stats: COMPLETE Column stats: NONE
                           value expressions: _col0 (type: bigint)
             Execution mode: llap
+            LLAP IO: no inputs
         Map 4 
             Map Operator Tree:
                 TableScan
@@ -526,6 +538,7 @@ STAGE PLANS:
                       Map-reduce partition columns: key (type: string)
                       Statistics: Num rows: 2000 Data size: 21248 Basic stats: COMPLETE Column stats: NONE
             Execution mode: llap
+            LLAP IO: no inputs
         Map 5 
             Map Operator Tree:
                 TableScan
@@ -540,6 +553,7 @@ STAGE PLANS:
                       Map-reduce partition columns: key (type: string)
                       Statistics: Num rows: 500 Data size: 5312 Basic stats: COMPLETE Column stats: NONE
             Execution mode: llap
+            LLAP IO: no inputs
         Reducer 3 
             Execution mode: llap
             Reduce Operator Tree:
@@ -648,6 +662,7 @@ STAGE PLANS:
                       Map-reduce partition columns: key (type: string)
                       Statistics: Num rows: 25 Data size: 191 Basic stats: COMPLETE Column stats: NONE
             Execution mode: llap
+            LLAP IO: no inputs
         Map 10 
             Map Operator Tree:
                 TableScan
@@ -662,6 +677,7 @@ STAGE PLANS:
                       Map-reduce partition columns: value (type: string)
                       Statistics: Num rows: 500 Data size: 5312 Basic stats: COMPLETE Column stats: NONE
             Execution mode: llap
+            LLAP IO: no inputs
         Map 2 
             Map Operator Tree:
                 TableScan
@@ -692,6 +708,7 @@ STAGE PLANS:
                           Statistics: Num rows: 1 Data size: 8 Basic stats: COMPLETE Column stats: NONE
                           value expressions: _col0 (type: bigint)
             Execution mode: llap
+            LLAP IO: no inputs
         Map 6 
             Map Operator Tree:
                 TableScan
@@ -706,6 +723,7 @@ STAGE PLANS:
                       Map-reduce partition columns: key (type: string)
                       Statistics: Num rows: 500 Data size: 5312 Basic stats: COMPLETE Column stats: NONE
             Execution mode: llap
+            LLAP IO: no inputs
         Map 7 
             Map Operator Tree:
                 TableScan
@@ -720,6 +738,7 @@ STAGE PLANS:
                       Map-reduce partition columns: value (type: string)
                       Statistics: Num rows: 25 Data size: 191 Basic stats: COMPLETE Column stats: NONE
             Execution mode: llap
+            LLAP IO: no inputs
         Map 8 
             Map Operator Tree:
                 TableScan
@@ -750,6 +769,7 @@ STAGE PLANS:
                           Statistics: Num rows: 1 Data size: 8 Basic stats: COMPLETE Column stats: NONE
                           value expressions: _col0 (type: bigint)
             Execution mode: llap
+            LLAP IO: no inputs
         Reducer 3 
             Execution mode: llap
             Reduce Operator Tree:
@@ -892,6 +912,7 @@ STAGE PLANS:
                       Map-reduce partition columns: key (type: string)
                       Statistics: Num rows: 25 Data size: 191 Basic stats: COMPLETE Column stats: NONE
             Execution mode: llap
+            LLAP IO: no inputs
         Map 10 
             Map Operator Tree:
                 TableScan
@@ -906,6 +927,7 @@ STAGE PLANS:
                       Map-reduce partition columns: value (type: string)
                       Statistics: Num rows: 500 Data size: 5312 Basic stats: COMPLETE Column stats: NONE
             Execution mode: llap
+            LLAP IO: no inputs
         Map 2 
             Map Operator Tree:
                 TableScan
@@ -937,6 +959,7 @@ STAGE PLANS:
                           Statistics: Num rows: 1 Data size: 8 Basic stats: COMPLETE Column stats: NONE
                           value expressions: _col0 (type: bigint)
             Execution mode: llap
+            LLAP IO: no inputs
         Map 6 
             Map Operator Tree:
                 TableScan
@@ -951,6 +974,7 @@ STAGE PLANS:
                       Map-reduce partition columns: key (type: string)
                       Statistics: Num rows: 500 Data size: 5312 Basic stats: COMPLETE Column stats: NONE
             Execution mode: llap
+            LLAP IO: no inputs
         Map 7 
             Map Operator Tree:
                 TableScan
@@ -965,6 +989,7 @@ STAGE PLANS:
                       Map-reduce partition columns: value (type: string)
                       Statistics: Num rows: 25 Data size: 191 Basic stats: COMPLETE Column stats: NONE
             Execution mode: llap
+            LLAP IO: no inputs
         Map 8 
             Map Operator Tree:
                 TableScan
@@ -996,6 +1021,7 @@ STAGE PLANS:
                           Statistics: Num rows: 1 Data size: 8 Basic stats: COMPLETE Column stats: NONE
                           value expressions: _col0 (type: bigint)
             Execution mode: llap
+            LLAP IO: no inputs
         Reducer 3 
             Execution mode: llap
             Reduce Operator Tree:
@@ -1149,6 +1175,7 @@ STAGE PLANS:
                       Statistics: Num rows: 2 Data size: 15 Basic stats: COMPLETE Column stats: NONE
                       value expressions: value (type: string)
             Execution mode: llap
+            LLAP IO: no inputs
         Map 2 
             Map Operator Tree:
                 TableScan
@@ -1192,6 +1219,7 @@ STAGE PLANS:
                             Statistics: Num rows: 1 Data size: 8 Basic stats: COMPLETE Column stats: NONE
                             value expressions: _col0 (type: bigint)
             Execution mode: llap
+            LLAP IO: no inputs
         Map 4 
             Map Operator Tree:
                 TableScan
@@ -1206,6 +1234,7 @@ STAGE PLANS:
                       Map-reduce partition columns: key (type: string)
                       Statistics: Num rows: 55 Data size: 584 Basic stats: COMPLETE Column stats: NONE
             Execution mode: llap
+            LLAP IO: no inputs
         Map 5 
             Map Operator Tree:
                 TableScan
@@ -1220,6 +1249,7 @@ STAGE PLANS:
                       Map-reduce partition columns: value (type: string)
                       Statistics: Num rows: 222 Data size: 2358 Basic stats: COMPLETE Column stats: NONE
             Execution mode: llap
+            LLAP IO: no inputs
         Map 6 
             Map Operator Tree:
                 TableScan
@@ -1234,6 +1264,7 @@ STAGE PLANS:
                       Map-reduce partition columns: value (type: string)
                       Statistics: Num rows: 166 Data size: 1763 Basic stats: COMPLETE Column stats: NONE
             Execution mode: llap
+            LLAP IO: no inputs
         Reducer 3 
             Execution mode: llap
             Reduce Operator Tree:
@@ -1339,6 +1370,7 @@ STAGE PLANS:
                       Statistics: Num rows: 2 Data size: 15 Basic stats: COMPLETE Column stats: NONE
                       value expressions: value (type: string)
             Execution mode: llap
+            LLAP IO: no inputs
         Map 2 
             Map Operator Tree:
                 TableScan
@@ -1384,6 +1416,7 @@ STAGE PLANS:
                             Statistics: Num rows: 1 Data size: 8 Basic stats: COMPLETE Column stats: NONE
                             value expressions: _col0 (type: bigint)
             Execution mode: llap
+            LLAP IO: no inputs
         Map 4 
             Map Operator Tree:
                 TableScan
@@ -1398,6 +1431,7 @@ STAGE PLANS:
                       Map-reduce partition columns: key (type: string)
                       Statistics: Num rows: 55 Data size: 584 Basic stats: COMPLETE Column stats: NONE
             Execution mode: llap
+            LLAP IO: no inputs
         Map 5 
             Map Operator Tree:
                 TableScan
@@ -1412,6 +1446,7 @@ STAGE PLANS:
                       Map-reduce partition columns: value (type: string)
                       Statistics: Num rows: 222 Data size: 2358 Basic stats: COMPLETE Column stats: NONE
             Execution mode: llap
+            LLAP IO: no inputs
         Map 6 
             Map Operator Tree:
                 TableScan
@@ -1426,6 +1461,7 @@ STAGE PLANS:
                       Map-reduce partition columns: value (type: string)
                       Statistics: Num rows: 166 Data size: 1763 Basic stats: COMPLETE Column stats: NONE
             Execution mode: llap
+            LLAP IO: no inputs
         Reducer 3 
             Execution mode: llap
             Reduce Operator Tree:
diff --git a/ql/src/test/results/clientpositive/llap/llap_udf.q.out b/ql/src/test/results/clientpositive/llap/llap_udf.q.out
index a8a94154e0..6197cf0946 100644
--- a/ql/src/test/results/clientpositive/llap/llap_udf.q.out
+++ b/ql/src/test/results/clientpositive/llap/llap_udf.q.out
@@ -116,6 +116,7 @@ STAGE PLANS:
                           output format: org.apache.hadoop.hive.ql.io.HiveSequenceFileOutputFormat
                           serde: org.apache.hadoop.hive.serde2.lazy.LazySimpleSerDe
             Execution mode: llap
+            LLAP IO: no inputs
 
   Stage: Stage-0
     Fetch Operator
@@ -157,6 +158,7 @@ STAGE PLANS:
                           output format: org.apache.hadoop.hive.ql.io.HiveSequenceFileOutputFormat
                           serde: org.apache.hadoop.hive.serde2.lazy.LazySimpleSerDe
             Execution mode: llap
+            LLAP IO: no inputs
 
   Stage: Stage-0
     Fetch Operator
@@ -206,6 +208,7 @@ STAGE PLANS:
                           output format: org.apache.hadoop.hive.ql.io.HiveSequenceFileOutputFormat
                           serde: org.apache.hadoop.hive.serde2.lazy.LazySimpleSerDe
             Execution mode: llap
+            LLAP IO: no inputs
 
   Stage: Stage-0
     Fetch Operator
diff --git a/ql/src/test/results/clientpositive/llap/llapdecider.q.out b/ql/src/test/results/clientpositive/llap/llapdecider.q.out
index db3bf22c6d..df908351d2 100644
--- a/ql/src/test/results/clientpositive/llap/llapdecider.q.out
+++ b/ql/src/test/results/clientpositive/llap/llapdecider.q.out
@@ -193,6 +193,7 @@ STAGE PLANS:
                         Statistics: Num rows: 500 Data size: 88000 Basic stats: COMPLETE Column stats: NONE
                         value expressions: _col1 (type: bigint)
             Execution mode: llap
+            LLAP IO: no inputs
         Reducer 2 
             Execution mode: llap
             Reduce Operator Tree:
@@ -275,6 +276,7 @@ STAGE PLANS:
                         Statistics: Num rows: 205 Data size: 19475 Basic stats: COMPLETE Column stats: COMPLETE
                         value expressions: _col1 (type: bigint)
             Execution mode: llap
+            LLAP IO: no inputs
         Reducer 2 
             Execution mode: llap
             Reduce Operator Tree:
@@ -346,6 +348,7 @@ STAGE PLANS:
                         Statistics: Num rows: 500 Data size: 89000 Basic stats: COMPLETE Column stats: COMPLETE
                         value expressions: _col1 (type: string)
             Execution mode: llap
+            LLAP IO: no inputs
         Map 4 
             Map Operator Tree:
                 TableScan
@@ -435,6 +438,7 @@ STAGE PLANS:
                         Statistics: Num rows: 500 Data size: 89000 Basic stats: COMPLETE Column stats: COMPLETE
                         value expressions: _col1 (type: string)
             Execution mode: llap
+            LLAP IO: no inputs
         Map 4 
             Map Operator Tree:
                 TableScan
@@ -454,6 +458,7 @@ STAGE PLANS:
                         Statistics: Num rows: 500 Data size: 89000 Basic stats: COMPLETE Column stats: COMPLETE
                         value expressions: _col1 (type: string)
             Execution mode: llap
+            LLAP IO: no inputs
         Reducer 2 
             Execution mode: llap
             Reduce Operator Tree:
@@ -527,6 +532,7 @@ STAGE PLANS:
                         Statistics: Num rows: 500 Data size: 89000 Basic stats: COMPLETE Column stats: COMPLETE
                         value expressions: _col1 (type: string)
             Execution mode: llap
+            LLAP IO: no inputs
         Map 4 
             Map Operator Tree:
                 TableScan
@@ -794,6 +800,7 @@ STAGE PLANS:
                         Statistics: Num rows: 500 Data size: 89000 Basic stats: COMPLETE Column stats: COMPLETE
                         value expressions: _col1 (type: string)
             Execution mode: llap
+            LLAP IO: no inputs
         Map 4 
             Map Operator Tree:
                 TableScan
@@ -813,6 +820,7 @@ STAGE PLANS:
                         Statistics: Num rows: 500 Data size: 89000 Basic stats: COMPLETE Column stats: COMPLETE
                         value expressions: _col1 (type: string)
             Execution mode: llap
+            LLAP IO: no inputs
         Reducer 2 
             Reduce Operator Tree:
               Merge Join Operator
@@ -972,6 +980,7 @@ STAGE PLANS:
                         Statistics: Num rows: 500 Data size: 89000 Basic stats: COMPLETE Column stats: COMPLETE
                         value expressions: _col1 (type: string)
             Execution mode: llap
+            LLAP IO: no inputs
         Map 4 
             Map Operator Tree:
                 TableScan
@@ -991,6 +1000,7 @@ STAGE PLANS:
                         Statistics: Num rows: 500 Data size: 89000 Basic stats: COMPLETE Column stats: COMPLETE
                         value expressions: _col1 (type: string)
             Execution mode: llap
+            LLAP IO: no inputs
         Reducer 2 
             Execution mode: llap
             Reduce Operator Tree:
@@ -1072,6 +1082,7 @@ STAGE PLANS:
                           Statistics: Num rows: 1 Data size: 8 Basic stats: COMPLETE Column stats: COMPLETE
                           value expressions: _col0 (type: bigint)
             Execution mode: llap
+            LLAP IO: no inputs
         Reducer 2 
             Execution mode: uber
             Reduce Operator Tree:
@@ -1248,6 +1259,7 @@ STAGE PLANS:
                           Statistics: Num rows: 1 Data size: 8 Basic stats: COMPLETE Column stats: COMPLETE
                           value expressions: _col0 (type: bigint)
             Execution mode: llap
+            LLAP IO: no inputs
         Reducer 2 
             Execution mode: uber
             Reduce Operator Tree:
diff --git a/ql/src/test/results/clientpositive/llap/lvj_mapjoin.q.out b/ql/src/test/results/clientpositive/llap/lvj_mapjoin.q.out
index 7783be3d40..e065464320 100644
--- a/ql/src/test/results/clientpositive/llap/lvj_mapjoin.q.out
+++ b/ql/src/test/results/clientpositive/llap/lvj_mapjoin.q.out
@@ -200,6 +200,7 @@ STAGE PLANS:
                                           output format: org.apache.hadoop.hive.ql.io.HiveSequenceFileOutputFormat
                                           serde: org.apache.hadoop.hive.serde2.lazy.LazySimpleSerDe
             Execution mode: llap
+            LLAP IO: no inputs
         Map 2 
             Map Operator Tree:
                 TableScan
@@ -248,6 +249,7 @@ STAGE PLANS:
                                 Statistics: Num rows: 6 Data size: 78 Basic stats: COMPLETE Column stats: NONE
                                 value expressions: _col1 (type: string)
             Execution mode: llap
+            LLAP IO: no inputs
 
   Stage: Stage-0
     Fetch Operator
diff --git a/ql/src/test/results/clientpositive/llap/mapjoin_decimal.q.out b/ql/src/test/results/clientpositive/llap/mapjoin_decimal.q.out
index 550a9be1e9..6c2350344d 100644
--- a/ql/src/test/results/clientpositive/llap/mapjoin_decimal.q.out
+++ b/ql/src/test/results/clientpositive/llap/mapjoin_decimal.q.out
@@ -124,6 +124,7 @@ STAGE PLANS:
                           Statistics: Num rows: 1153 Data size: 129236 Basic stats: COMPLETE Column stats: NONE
                           value expressions: _col1 (type: decimal(4,0))
             Execution mode: llap
+            LLAP IO: no inputs
         Map 3 
             Map Operator Tree:
                 TableScan
@@ -142,6 +143,7 @@ STAGE PLANS:
                         Map-reduce partition columns: _col0 (type: decimal(6,2))
                         Statistics: Num rows: 1049 Data size: 117488 Basic stats: COMPLETE Column stats: NONE
             Execution mode: llap
+            LLAP IO: no inputs
         Reducer 2 
             Execution mode: llap
             Reduce Operator Tree:
diff --git a/ql/src/test/results/clientpositive/llap/mrr.q.out b/ql/src/test/results/clientpositive/llap/mrr.q.out
index 72e27abc2f..ac265c0b27 100644
--- a/ql/src/test/results/clientpositive/llap/mrr.q.out
+++ b/ql/src/test/results/clientpositive/llap/mrr.q.out
@@ -43,6 +43,7 @@ STAGE PLANS:
                         Statistics: Num rows: 500 Data size: 5312 Basic stats: COMPLETE Column stats: NONE
                         value expressions: _col1 (type: bigint)
             Execution mode: llap
+            LLAP IO: no inputs
         Reducer 2 
             Execution mode: llap
             Reduce Operator Tree:
@@ -433,6 +434,7 @@ STAGE PLANS:
                         Map-reduce partition columns: _col0 (type: string)
                         Statistics: Num rows: 500 Data size: 5312 Basic stats: COMPLETE Column stats: NONE
             Execution mode: llap
+            LLAP IO: no inputs
         Map 5 
             Map Operator Tree:
                 TableScan
@@ -452,6 +454,7 @@ STAGE PLANS:
                         Statistics: Num rows: 500 Data size: 5312 Basic stats: COMPLETE Column stats: NONE
                         value expressions: _col1 (type: string)
             Execution mode: llap
+            LLAP IO: no inputs
         Reducer 2 
             Execution mode: llap
             Reduce Operator Tree:
@@ -883,6 +886,7 @@ STAGE PLANS:
                             Map-reduce partition columns: _col0 (type: string)
                             Statistics: Num rows: 550 Data size: 5843 Basic stats: COMPLETE Column stats: NONE
             Execution mode: llap
+            LLAP IO: no inputs
         Map 4 
             Map Operator Tree:
                 TableScan
@@ -902,6 +906,7 @@ STAGE PLANS:
                         Statistics: Num rows: 500 Data size: 5312 Basic stats: COMPLETE Column stats: NONE
                         value expressions: _col1 (type: string)
             Execution mode: llap
+            LLAP IO: no inputs
         Reducer 2 
             Execution mode: llap
             Reduce Operator Tree:
@@ -1332,6 +1337,7 @@ STAGE PLANS:
                         Statistics: Num rows: 500 Data size: 5312 Basic stats: COMPLETE Column stats: NONE
                         value expressions: _col1 (type: bigint)
             Execution mode: llap
+            LLAP IO: no inputs
         Map 6 
             Map Operator Tree:
                 TableScan
@@ -1353,6 +1359,7 @@ STAGE PLANS:
                         Statistics: Num rows: 500 Data size: 5312 Basic stats: COMPLETE Column stats: NONE
                         value expressions: _col1 (type: bigint)
             Execution mode: llap
+            LLAP IO: no inputs
         Map 9 
             Map Operator Tree:
                 TableScan
@@ -1374,6 +1381,7 @@ STAGE PLANS:
                         Statistics: Num rows: 500 Data size: 5312 Basic stats: COMPLETE Column stats: NONE
                         value expressions: _col1 (type: bigint)
             Execution mode: llap
+            LLAP IO: no inputs
         Reducer 10 
             Execution mode: llap
             Reduce Operator Tree:
@@ -1719,6 +1727,7 @@ STAGE PLANS:
                         Statistics: Num rows: 500 Data size: 5312 Basic stats: COMPLETE Column stats: NONE
                         value expressions: _col1 (type: bigint)
             Execution mode: llap
+            LLAP IO: no inputs
         Map 4 
             Map Operator Tree:
                 TableScan
@@ -1738,6 +1747,7 @@ STAGE PLANS:
                         Statistics: Num rows: 500 Data size: 5312 Basic stats: COMPLETE Column stats: NONE
                         value expressions: _col1 (type: string)
             Execution mode: llap
+            LLAP IO: no inputs
         Reducer 2 
             Execution mode: llap
             Reduce Operator Tree:
diff --git a/ql/src/test/results/clientpositive/llap/tez_bmj_schema_evolution.q.out b/ql/src/test/results/clientpositive/llap/tez_bmj_schema_evolution.q.out
index 330eada0b5..a84e86cf44 100644
--- a/ql/src/test/results/clientpositive/llap/tez_bmj_schema_evolution.q.out
+++ b/ql/src/test/results/clientpositive/llap/tez_bmj_schema_evolution.q.out
@@ -112,6 +112,7 @@ STAGE PLANS:
                           Statistics: Num rows: 1100 Data size: 57543 Basic stats: COMPLETE Column stats: NONE
                           value expressions: _col1 (type: string)
             Execution mode: llap
+            LLAP IO: no inputs
         Map 3 
             Map Operator Tree:
                 TableScan
@@ -130,6 +131,7 @@ STAGE PLANS:
                         Map-reduce partition columns: _col0 (type: int)
                         Statistics: Num rows: 500 Data size: 5312 Basic stats: COMPLETE Column stats: NONE
             Execution mode: llap
+            LLAP IO: no inputs
         Reducer 2 
             Execution mode: llap
             Reduce Operator Tree:
diff --git a/ql/src/test/results/clientpositive/llap/tez_dml.q.out b/ql/src/test/results/clientpositive/llap/tez_dml.q.out
index de94d5baee..f620010501 100644
--- a/ql/src/test/results/clientpositive/llap/tez_dml.q.out
+++ b/ql/src/test/results/clientpositive/llap/tez_dml.q.out
@@ -46,6 +46,7 @@ STAGE PLANS:
                         Statistics: Num rows: 500 Data size: 5312 Basic stats: COMPLETE Column stats: NONE
                         value expressions: _col1 (type: bigint)
             Execution mode: llap
+            LLAP IO: no inputs
         Reducer 2 
             Execution mode: llap
             Reduce Operator Tree:
@@ -469,6 +470,7 @@ STAGE PLANS:
                           serde: org.apache.hadoop.hive.serde2.lazy.LazySimpleSerDe
                           name: default.tmp_src_part
             Execution mode: llap
+            LLAP IO: no inputs
 
   Stage: Stage-2
     Dependency Collection
@@ -909,6 +911,7 @@ STAGE PLANS:
                             serde: org.apache.hadoop.hive.serde2.lazy.LazySimpleSerDe
                             name: default.odd
             Execution mode: llap
+            LLAP IO: no inputs
 
   Stage: Stage-3
     Dependency Collection
diff --git a/ql/src/test/results/clientpositive/llap/tez_dynpart_hashjoin_1.q.out b/ql/src/test/results/clientpositive/llap/tez_dynpart_hashjoin_1.q.out
index 761fdacc92..98ba8dd2a8 100644
--- a/ql/src/test/results/clientpositive/llap/tez_dynpart_hashjoin_1.q.out
+++ b/ql/src/test/results/clientpositive/llap/tez_dynpart_hashjoin_1.q.out
@@ -48,6 +48,7 @@ STAGE PLANS:
                         Statistics: Num rows: 6144 Data size: 1320982 Basic stats: COMPLETE Column stats: NONE
                         value expressions: _col0 (type: tinyint), _col1 (type: smallint), _col3 (type: bigint), _col4 (type: float), _col5 (type: double), _col6 (type: string), _col7 (type: string), _col8 (type: timestamp), _col9 (type: timestamp), _col10 (type: boolean), _col11 (type: boolean)
             Execution mode: llap
+            LLAP IO: no inputs
         Map 4 
             Map Operator Tree:
                 TableScan
@@ -67,6 +68,7 @@ STAGE PLANS:
                         Statistics: Num rows: 6144 Data size: 1320982 Basic stats: COMPLETE Column stats: NONE
                         value expressions: _col0 (type: tinyint), _col1 (type: smallint), _col3 (type: bigint), _col4 (type: float), _col5 (type: double), _col6 (type: string), _col7 (type: string), _col8 (type: timestamp), _col9 (type: timestamp), _col10 (type: boolean), _col11 (type: boolean)
             Execution mode: llap
+            LLAP IO: no inputs
         Reducer 2 
             Execution mode: llap
             Reduce Operator Tree:
@@ -177,6 +179,7 @@ STAGE PLANS:
                         Map-reduce partition columns: _col0 (type: int)
                         Statistics: Num rows: 6144 Data size: 1320982 Basic stats: COMPLETE Column stats: NONE
             Execution mode: llap
+            LLAP IO: no inputs
         Map 4 
             Map Operator Tree:
                 TableScan
@@ -195,6 +198,7 @@ STAGE PLANS:
                         Map-reduce partition columns: _col0 (type: int)
                         Statistics: Num rows: 6144 Data size: 1320982 Basic stats: COMPLETE Column stats: NONE
             Execution mode: llap
+            LLAP IO: no inputs
         Reducer 2 
             Execution mode: llap
             Reduce Operator Tree:
@@ -304,6 +308,7 @@ STAGE PLANS:
                         Statistics: Num rows: 6144 Data size: 1320982 Basic stats: COMPLETE Column stats: NONE
                         value expressions: _col0 (type: smallint)
             Execution mode: llap
+            LLAP IO: no inputs
         Map 5 
             Map Operator Tree:
                 TableScan
@@ -322,6 +327,7 @@ STAGE PLANS:
                         Map-reduce partition columns: _col0 (type: int)
                         Statistics: Num rows: 6144 Data size: 1320982 Basic stats: COMPLETE Column stats: NONE
             Execution mode: llap
+            LLAP IO: no inputs
         Reducer 2 
             Execution mode: llap
             Reduce Operator Tree:
@@ -455,6 +461,7 @@ STAGE PLANS:
                         Statistics: Num rows: 6144 Data size: 1320982 Basic stats: COMPLETE Column stats: NONE
                         value expressions: _col0 (type: tinyint), _col1 (type: smallint), _col3 (type: bigint), _col4 (type: float), _col5 (type: double), _col6 (type: string), _col7 (type: string), _col8 (type: timestamp), _col9 (type: timestamp), _col10 (type: boolean), _col11 (type: boolean)
             Execution mode: llap
+            LLAP IO: no inputs
         Map 4 
             Map Operator Tree:
                 TableScan
@@ -474,6 +481,7 @@ STAGE PLANS:
                         Statistics: Num rows: 6144 Data size: 1320982 Basic stats: COMPLETE Column stats: NONE
                         value expressions: _col0 (type: tinyint), _col1 (type: smallint), _col3 (type: bigint), _col4 (type: float), _col5 (type: double), _col6 (type: string), _col7 (type: string), _col8 (type: timestamp), _col9 (type: timestamp), _col10 (type: boolean), _col11 (type: boolean)
             Execution mode: llap
+            LLAP IO: no inputs
         Reducer 2 
             Execution mode: llap
             Reduce Operator Tree:
@@ -587,6 +595,7 @@ STAGE PLANS:
                         Map-reduce partition columns: _col0 (type: int)
                         Statistics: Num rows: 6144 Data size: 1320982 Basic stats: COMPLETE Column stats: NONE
             Execution mode: llap
+            LLAP IO: no inputs
         Map 4 
             Map Operator Tree:
                 TableScan
@@ -605,6 +614,7 @@ STAGE PLANS:
                         Map-reduce partition columns: _col0 (type: int)
                         Statistics: Num rows: 6144 Data size: 1320982 Basic stats: COMPLETE Column stats: NONE
             Execution mode: llap
+            LLAP IO: no inputs
         Reducer 2 
             Execution mode: llap
             Reduce Operator Tree:
@@ -717,6 +727,7 @@ STAGE PLANS:
                         Statistics: Num rows: 6144 Data size: 1320982 Basic stats: COMPLETE Column stats: NONE
                         value expressions: _col0 (type: smallint)
             Execution mode: llap
+            LLAP IO: no inputs
         Map 5 
             Map Operator Tree:
                 TableScan
@@ -735,6 +746,7 @@ STAGE PLANS:
                         Map-reduce partition columns: _col0 (type: int)
                         Statistics: Num rows: 6144 Data size: 1320982 Basic stats: COMPLETE Column stats: NONE
             Execution mode: llap
+            LLAP IO: no inputs
         Reducer 2 
             Execution mode: llap
             Reduce Operator Tree:
diff --git a/ql/src/test/results/clientpositive/llap/tez_dynpart_hashjoin_2.q.out b/ql/src/test/results/clientpositive/llap/tez_dynpart_hashjoin_2.q.out
index d302446e96..7f29462fe2 100644
--- a/ql/src/test/results/clientpositive/llap/tez_dynpart_hashjoin_2.q.out
+++ b/ql/src/test/results/clientpositive/llap/tez_dynpart_hashjoin_2.q.out
@@ -58,6 +58,7 @@ STAGE PLANS:
                         Statistics: Num rows: 4096 Data size: 880654 Basic stats: COMPLETE Column stats: NONE
                         value expressions: _col0 (type: tinyint), _col1 (type: smallint), _col2 (type: int), _col3 (type: bigint), _col4 (type: float), _col5 (type: double), _col6 (type: string), _col7 (type: string), _col8 (type: timestamp), _col9 (type: timestamp), _col10 (type: boolean), _col11 (type: boolean)
             Execution mode: llap
+            LLAP IO: no inputs
         Map 4 
             Map Operator Tree:
                 TableScan
@@ -76,6 +77,7 @@ STAGE PLANS:
                         Map-reduce partition columns: UDFToInteger(_col0) (type: int)
                         Statistics: Num rows: 500 Data size: 5312 Basic stats: COMPLETE Column stats: NONE
             Execution mode: llap
+            LLAP IO: no inputs
         Map 5 
             Map Operator Tree:
                 TableScan
@@ -94,6 +96,7 @@ STAGE PLANS:
                         Map-reduce partition columns: (UDFToInteger(_col0) + 0) (type: int)
                         Statistics: Num rows: 500 Data size: 5312 Basic stats: COMPLETE Column stats: NONE
             Execution mode: llap
+            LLAP IO: no inputs
         Reducer 2 
             Execution mode: llap
             Reduce Operator Tree:
@@ -250,6 +253,7 @@ STAGE PLANS:
                         Statistics: Num rows: 4096 Data size: 880654 Basic stats: COMPLETE Column stats: NONE
                         value expressions: _col0 (type: tinyint), _col1 (type: smallint), _col2 (type: int), _col3 (type: bigint), _col4 (type: float), _col5 (type: double), _col6 (type: string), _col7 (type: string), _col8 (type: timestamp), _col9 (type: timestamp), _col10 (type: boolean), _col11 (type: boolean)
             Execution mode: llap
+            LLAP IO: no inputs
         Map 4 
             Map Operator Tree:
                 TableScan
@@ -268,6 +272,7 @@ STAGE PLANS:
                         Map-reduce partition columns: UDFToInteger(_col0) (type: int)
                         Statistics: Num rows: 500 Data size: 5312 Basic stats: COMPLETE Column stats: NONE
             Execution mode: llap
+            LLAP IO: no inputs
         Map 5 
             Map Operator Tree:
                 TableScan
@@ -286,6 +291,7 @@ STAGE PLANS:
                         Map-reduce partition columns: (UDFToInteger(_col0) + 0) (type: int)
                         Statistics: Num rows: 500 Data size: 5312 Basic stats: COMPLETE Column stats: NONE
             Execution mode: llap
+            LLAP IO: no inputs
         Reducer 2 
             Execution mode: llap
             Reduce Operator Tree:
@@ -440,6 +446,7 @@ STAGE PLANS:
                         Statistics: Num rows: 4096 Data size: 880654 Basic stats: COMPLETE Column stats: NONE
                         value expressions: _col0 (type: tinyint), _col1 (type: smallint), _col2 (type: int), _col3 (type: bigint), _col4 (type: float), _col5 (type: double), _col6 (type: string), _col7 (type: string), _col8 (type: timestamp), _col9 (type: timestamp), _col10 (type: boolean), _col11 (type: boolean)
             Execution mode: llap
+            LLAP IO: no inputs
         Map 4 
             Map Operator Tree:
                 TableScan
@@ -458,6 +465,7 @@ STAGE PLANS:
                         Map-reduce partition columns: UDFToInteger(_col0) (type: int)
                         Statistics: Num rows: 500 Data size: 5312 Basic stats: COMPLETE Column stats: NONE
             Execution mode: llap
+            LLAP IO: no inputs
         Map 5 
             Map Operator Tree:
                 TableScan
@@ -476,6 +484,7 @@ STAGE PLANS:
                         Map-reduce partition columns: (UDFToInteger(_col0) + 0) (type: int)
                         Statistics: Num rows: 500 Data size: 5312 Basic stats: COMPLETE Column stats: NONE
             Execution mode: llap
+            LLAP IO: no inputs
         Reducer 2 
             Execution mode: llap
             Reduce Operator Tree:
diff --git a/ql/src/test/results/clientpositive/llap/tez_join.q.out b/ql/src/test/results/clientpositive/llap/tez_join.q.out
index ca849c24b8..69a830d2d2 100644
--- a/ql/src/test/results/clientpositive/llap/tez_join.q.out
+++ b/ql/src/test/results/clientpositive/llap/tez_join.q.out
@@ -69,6 +69,7 @@ STAGE PLANS:
                         sort order: ++
                         Statistics: Num rows: 1 Data size: 0 Basic stats: PARTIAL Column stats: NONE
             Execution mode: llap
+            LLAP IO: no inputs
         Map 3 
             Map Operator Tree:
                 TableScan
@@ -86,6 +87,7 @@ STAGE PLANS:
                         sort order: ++
                         Statistics: Num rows: 1 Data size: 0 Basic stats: PARTIAL Column stats: NONE
             Execution mode: llap
+            LLAP IO: no inputs
         Reducer 2 
             Reduce Operator Tree:
               Select Operator
diff --git a/ql/src/test/results/clientpositive/llap/tez_join_hash.q.out b/ql/src/test/results/clientpositive/llap/tez_join_hash.q.out
index 78d43b8411..54ca9d219c 100644
--- a/ql/src/test/results/clientpositive/llap/tez_join_hash.q.out
+++ b/ql/src/test/results/clientpositive/llap/tez_join_hash.q.out
@@ -57,6 +57,7 @@ STAGE PLANS:
                         Map-reduce partition columns: _col0 (type: string)
                         Statistics: Num rows: 500 Data size: 5312 Basic stats: COMPLETE Column stats: NONE
             Execution mode: llap
+            LLAP IO: no inputs
         Map 4 
             Map Operator Tree:
                 TableScan
@@ -75,6 +76,7 @@ STAGE PLANS:
                         Map-reduce partition columns: _col0 (type: string)
                         Statistics: Num rows: 500 Data size: 88000 Basic stats: COMPLETE Column stats: NONE
             Execution mode: vectorized, llap
+            LLAP IO: all inputs
         Reducer 2 
             Execution mode: llap
             Reduce Operator Tree:
@@ -173,6 +175,7 @@ STAGE PLANS:
                         Statistics: Num rows: 2000 Data size: 21248 Basic stats: COMPLETE Column stats: NONE
                         value expressions: _col1 (type: string)
             Execution mode: llap
+            LLAP IO: no inputs
         Map 6 
             Map Operator Tree:
                 TableScan
@@ -191,6 +194,7 @@ STAGE PLANS:
                         Map-reduce partition columns: _col0 (type: string)
                         Statistics: Num rows: 2000 Data size: 21248 Basic stats: COMPLETE Column stats: NONE
             Execution mode: llap
+            LLAP IO: no inputs
         Map 7 
             Map Operator Tree:
                 TableScan
@@ -210,6 +214,7 @@ STAGE PLANS:
                         Statistics: Num rows: 4200 Data size: 44620 Basic stats: COMPLETE Column stats: NONE
                         value expressions: _col0 (type: string)
             Execution mode: llap
+            LLAP IO: no inputs
         Map 8 
             Map Operator Tree:
                 TableScan
@@ -228,6 +233,7 @@ STAGE PLANS:
                         Map-reduce partition columns: _col0 (type: string)
                         Statistics: Num rows: 500 Data size: 5312 Basic stats: COMPLETE Column stats: NONE
             Execution mode: llap
+            LLAP IO: no inputs
         Reducer 2 
             Execution mode: llap
             Reduce Operator Tree:
diff --git a/ql/src/test/results/clientpositive/llap/tez_join_result_complex.q.out b/ql/src/test/results/clientpositive/llap/tez_join_result_complex.q.out
index 08d89c4e94..440466cc80 100644
--- a/ql/src/test/results/clientpositive/llap/tez_join_result_complex.q.out
+++ b/ql/src/test/results/clientpositive/llap/tez_join_result_complex.q.out
@@ -452,6 +452,7 @@ STAGE PLANS:
                         value expressions: _col1 (type: string), _col2 (type: string), _col3 (type: string), _col4 (type: string), _col5 (type: string), _col6 (type: string), _col7 (type: int), _col8 (type: array<string>)
                         auto parallelism: true
             Execution mode: llap
+            LLAP IO: no inputs
             Path -> Alias:
 #### A masked pattern was here ####
             Path -> Partition:
@@ -555,6 +556,7 @@ STAGE PLANS:
                             GatherStats: true
                             MultiFileSpray: false
             Execution mode: llap
+            LLAP IO: no inputs
             Path -> Alias:
 #### A masked pattern was here ####
             Path -> Partition:
@@ -1691,6 +1693,7 @@ STAGE PLANS:
                         value expressions: _col1 (type: string), _col2 (type: string), _col3 (type: string), _col4 (type: string), _col5 (type: string), _col6 (type: string), _col7 (type: int), _col8 (type: array<string>)
                         auto parallelism: true
             Execution mode: llap
+            LLAP IO: no inputs
             Path -> Alias:
 #### A masked pattern was here ####
             Path -> Partition:
@@ -1795,6 +1798,7 @@ STAGE PLANS:
                             GatherStats: true
                             MultiFileSpray: false
             Execution mode: llap
+            LLAP IO: no inputs
             Path -> Alias:
 #### A masked pattern was here ####
             Path -> Partition:
diff --git a/ql/src/test/results/clientpositive/llap/tez_join_tests.q.out b/ql/src/test/results/clientpositive/llap/tez_join_tests.q.out
index cb3f75a4b8..69a0b78a98 100644
--- a/ql/src/test/results/clientpositive/llap/tez_join_tests.q.out
+++ b/ql/src/test/results/clientpositive/llap/tez_join_tests.q.out
@@ -39,6 +39,7 @@ STAGE PLANS:
                       Statistics: Num rows: 500 Data size: 5312 Basic stats: COMPLETE Column stats: NONE
                       value expressions: _col1 (type: string)
             Execution mode: llap
+            LLAP IO: no inputs
         Map 6 
             Map Operator Tree:
                 TableScan
@@ -54,6 +55,7 @@ STAGE PLANS:
                       Map-reduce partition columns: _col0 (type: string)
                       Statistics: Num rows: 25 Data size: 191 Basic stats: COMPLETE Column stats: NONE
             Execution mode: llap
+            LLAP IO: no inputs
         Map 7 
             Map Operator Tree:
                 TableScan
@@ -70,6 +72,7 @@ STAGE PLANS:
                       Statistics: Num rows: 500 Data size: 5312 Basic stats: COMPLETE Column stats: NONE
                       value expressions: _col0 (type: string)
             Execution mode: llap
+            LLAP IO: no inputs
         Reducer 2 
             Execution mode: llap
             Reduce Operator Tree:
diff --git a/ql/src/test/results/clientpositive/llap/tez_joins_explain.q.out b/ql/src/test/results/clientpositive/llap/tez_joins_explain.q.out
index 0c1e695a36..9773ce2829 100644
--- a/ql/src/test/results/clientpositive/llap/tez_joins_explain.q.out
+++ b/ql/src/test/results/clientpositive/llap/tez_joins_explain.q.out
@@ -37,6 +37,7 @@ STAGE PLANS:
                       Statistics: Num rows: 500 Data size: 5312 Basic stats: COMPLETE Column stats: NONE
                       value expressions: _col1 (type: string)
             Execution mode: llap
+            LLAP IO: no inputs
         Map 6 
             Map Operator Tree:
                 TableScan
@@ -52,6 +53,7 @@ STAGE PLANS:
                       Map-reduce partition columns: _col0 (type: string)
                       Statistics: Num rows: 25 Data size: 191 Basic stats: COMPLETE Column stats: NONE
             Execution mode: llap
+            LLAP IO: no inputs
         Map 7 
             Map Operator Tree:
                 TableScan
@@ -68,6 +70,7 @@ STAGE PLANS:
                       Statistics: Num rows: 500 Data size: 5312 Basic stats: COMPLETE Column stats: NONE
                       value expressions: _col0 (type: string)
             Execution mode: llap
+            LLAP IO: no inputs
         Reducer 2 
             Execution mode: llap
             Reduce Operator Tree:
diff --git a/ql/src/test/results/clientpositive/llap/tez_self_join.q.out b/ql/src/test/results/clientpositive/llap/tez_self_join.q.out
index 4c19478ea1..68f231c7e0 100644
--- a/ql/src/test/results/clientpositive/llap/tez_self_join.q.out
+++ b/ql/src/test/results/clientpositive/llap/tez_self_join.q.out
@@ -96,6 +96,7 @@ STAGE PLANS:
                         Statistics: Num rows: 1 Data size: 7 Basic stats: COMPLETE Column stats: NONE
                         value expressions: _col0 (type: int), _col2 (type: string)
             Execution mode: llap
+            LLAP IO: no inputs
         Map 4 
             Map Operator Tree:
                 TableScan
@@ -112,6 +113,7 @@ STAGE PLANS:
                         Map-reduce partition columns: 'ab' (type: string)
                         Statistics: Num rows: 1 Data size: 7 Basic stats: COMPLETE Column stats: NONE
             Execution mode: llap
+            LLAP IO: no inputs
         Map 5 
             Map Operator Tree:
                 TableScan
@@ -130,6 +132,7 @@ STAGE PLANS:
                         Map-reduce partition columns: _col0 (type: int)
                         Statistics: Num rows: 3 Data size: 3 Basic stats: COMPLETE Column stats: NONE
             Execution mode: llap
+            LLAP IO: no inputs
         Reducer 2 
             Execution mode: llap
             Reduce Operator Tree:
diff --git a/ql/src/test/results/clientpositive/llap/tez_smb_1.q.out b/ql/src/test/results/clientpositive/llap/tez_smb_1.q.out
index 9acdeaff21..3290b55d7a 100644
--- a/ql/src/test/results/clientpositive/llap/tez_smb_1.q.out
+++ b/ql/src/test/results/clientpositive/llap/tez_smb_1.q.out
@@ -236,6 +236,7 @@ STAGE PLANS:
                         Map-reduce partition columns: _col0 (type: int)
                         Statistics: Num rows: 242 Data size: 2566 Basic stats: COMPLETE Column stats: NONE
             Execution mode: llap
+            LLAP IO: no inputs
         Map 4 
             Map Operator Tree:
                 TableScan
@@ -253,6 +254,7 @@ STAGE PLANS:
                         sort order: ++
                         Statistics: Num rows: 500 Data size: 5312 Basic stats: COMPLETE Column stats: NONE
             Execution mode: llap
+            LLAP IO: no inputs
         Reducer 2 
             Execution mode: llap
             Reduce Operator Tree:
@@ -378,6 +380,7 @@ STAGE PLANS:
                         sort order: ++
                         Statistics: Num rows: 500 Data size: 5312 Basic stats: COMPLETE Column stats: NONE
             Execution mode: llap
+            LLAP IO: no inputs
         Map 5 
             Map Operator Tree:
                 TableScan
@@ -396,6 +399,7 @@ STAGE PLANS:
                         Map-reduce partition columns: _col0 (type: int)
                         Statistics: Num rows: 242 Data size: 2566 Basic stats: COMPLETE Column stats: NONE
             Execution mode: llap
+            LLAP IO: no inputs
         Reducer 2 
             Execution mode: llap
             Reduce Operator Tree:
@@ -522,6 +526,7 @@ STAGE PLANS:
                         sort order: ++
                         Statistics: Num rows: 242 Data size: 2566 Basic stats: COMPLETE Column stats: NONE
             Execution mode: llap
+            LLAP IO: no inputs
         Map 3 
             Map Operator Tree:
                 TableScan
@@ -539,6 +544,7 @@ STAGE PLANS:
                         sort order: ++
                         Statistics: Num rows: 500 Data size: 5312 Basic stats: COMPLETE Column stats: NONE
             Execution mode: llap
+            LLAP IO: no inputs
         Reducer 4 
             Reduce Operator Tree:
               Select Operator
diff --git a/ql/src/test/results/clientpositive/llap/tez_smb_main.q.out b/ql/src/test/results/clientpositive/llap/tez_smb_main.q.out
index 239cee510f..f661eee02e 100644
--- a/ql/src/test/results/clientpositive/llap/tez_smb_main.q.out
+++ b/ql/src/test/results/clientpositive/llap/tez_smb_main.q.out
@@ -35,6 +35,7 @@ STAGE PLANS:
                         Statistics: Num rows: 500 Data size: 5312 Basic stats: COMPLETE Column stats: NONE
                         value expressions: _col1 (type: string)
             Execution mode: llap
+            LLAP IO: no inputs
         Map 3 
             Map Operator Tree:
                 TableScan
@@ -54,6 +55,7 @@ STAGE PLANS:
                         Statistics: Num rows: 25 Data size: 191 Basic stats: COMPLETE Column stats: NONE
                         value expressions: _col1 (type: string)
             Execution mode: llap
+            LLAP IO: no inputs
         Reducer 2 
             Execution mode: llap
             Reduce Operator Tree:
@@ -275,6 +277,7 @@ STAGE PLANS:
                         Map-reduce partition columns: _col0 (type: int)
                         Statistics: Num rows: 242 Data size: 2566 Basic stats: COMPLETE Column stats: NONE
             Execution mode: llap
+            LLAP IO: no inputs
         Map 2 
             Map Operator Tree:
                 TableScan
@@ -307,6 +310,7 @@ STAGE PLANS:
                             Statistics: Num rows: 1 Data size: 8 Basic stats: COMPLETE Column stats: NONE
                             value expressions: _col0 (type: bigint)
             Execution mode: llap
+            LLAP IO: no inputs
         Reducer 3 
             Execution mode: llap
             Reduce Operator Tree:
@@ -385,6 +389,7 @@ STAGE PLANS:
                         Map-reduce partition columns: _col0 (type: int)
                         Statistics: Num rows: 242 Data size: 2566 Basic stats: COMPLETE Column stats: NONE
             Execution mode: llap
+            LLAP IO: no inputs
         Map 2 
             Map Operator Tree:
                 TableScan
@@ -417,6 +422,7 @@ STAGE PLANS:
                             Statistics: Num rows: 1 Data size: 8 Basic stats: COMPLETE Column stats: NONE
                             value expressions: _col0 (type: bigint)
             Execution mode: llap
+            LLAP IO: no inputs
         Reducer 3 
             Execution mode: llap
             Reduce Operator Tree:
@@ -495,6 +501,7 @@ STAGE PLANS:
                         Map-reduce partition columns: _col0 (type: int)
                         Statistics: Num rows: 242 Data size: 2566 Basic stats: COMPLETE Column stats: NONE
             Execution mode: llap
+            LLAP IO: no inputs
         Map 2 
             Map Operator Tree:
                 TableScan
@@ -527,6 +534,7 @@ STAGE PLANS:
                             Statistics: Num rows: 1 Data size: 8 Basic stats: COMPLETE Column stats: NONE
                             value expressions: _col0 (type: bigint)
             Execution mode: llap
+            LLAP IO: no inputs
         Reducer 3 
             Execution mode: llap
             Reduce Operator Tree:
@@ -652,6 +660,7 @@ STAGE PLANS:
                         Map-reduce partition columns: _col0 (type: string)
                         Statistics: Num rows: 25 Data size: 191 Basic stats: COMPLETE Column stats: NONE
             Execution mode: llap
+            LLAP IO: no inputs
         Reducer 3 
             Execution mode: llap
             Reduce Operator Tree:
@@ -726,6 +735,7 @@ STAGE PLANS:
                         Map-reduce partition columns: _col1 (type: string)
                         Statistics: Num rows: 242 Data size: 2566 Basic stats: COMPLETE Column stats: NONE
             Execution mode: llap
+            LLAP IO: no inputs
         Map 4 
             Map Operator Tree:
                 TableScan
@@ -744,6 +754,7 @@ STAGE PLANS:
                         Map-reduce partition columns: _col1 (type: string)
                         Statistics: Num rows: 500 Data size: 5312 Basic stats: COMPLETE Column stats: NONE
             Execution mode: llap
+            LLAP IO: no inputs
         Reducer 2 
             Execution mode: llap
             Reduce Operator Tree:
@@ -882,6 +893,7 @@ STAGE PLANS:
                         Map-reduce partition columns: _col0 (type: int)
                         Statistics: Num rows: 508 Data size: 5388 Basic stats: COMPLETE Column stats: NONE
             Execution mode: llap
+            LLAP IO: no inputs
         Map 7 
             Map Operator Tree:
                 TableScan
@@ -900,6 +912,7 @@ STAGE PLANS:
                         Map-reduce partition columns: _col0 (type: int)
                         Statistics: Num rows: 500 Data size: 5312 Basic stats: COMPLETE Column stats: NONE
             Execution mode: llap
+            LLAP IO: no inputs
         Reducer 3 
             Execution mode: llap
             Reduce Operator Tree:
@@ -978,6 +991,7 @@ STAGE PLANS:
                         Map-reduce partition columns: _col1 (type: string)
                         Statistics: Num rows: 242 Data size: 2566 Basic stats: COMPLETE Column stats: NONE
             Execution mode: llap
+            LLAP IO: no inputs
         Map 2 
             Map Operator Tree:
                 TableScan
@@ -1010,6 +1024,7 @@ STAGE PLANS:
                             Statistics: Num rows: 1 Data size: 8 Basic stats: COMPLETE Column stats: NONE
                             value expressions: _col0 (type: bigint)
             Execution mode: llap
+            LLAP IO: no inputs
         Reducer 3 
             Execution mode: llap
             Reduce Operator Tree:
@@ -1083,6 +1098,7 @@ STAGE PLANS:
                         Statistics: Num rows: 242 Data size: 2566 Basic stats: COMPLETE Column stats: NONE
                         value expressions: _col1 (type: string)
             Execution mode: llap
+            LLAP IO: no inputs
         Map 2 
             Map Operator Tree:
                 TableScan
@@ -1126,6 +1142,7 @@ STAGE PLANS:
                               Statistics: Num rows: 1 Data size: 8 Basic stats: COMPLETE Column stats: NONE
                               value expressions: _col0 (type: bigint)
             Execution mode: llap
+            LLAP IO: no inputs
         Map 4 
             Map Operator Tree:
                 TableScan
@@ -1144,6 +1161,7 @@ STAGE PLANS:
                         Map-reduce partition columns: _col0 (type: string)
                         Statistics: Num rows: 25 Data size: 191 Basic stats: COMPLETE Column stats: NONE
             Execution mode: llap
+            LLAP IO: no inputs
         Reducer 3 
             Execution mode: llap
             Reduce Operator Tree:
@@ -1252,6 +1270,7 @@ STAGE PLANS:
                               Statistics: Num rows: 1 Data size: 8 Basic stats: COMPLETE Column stats: NONE
                               value expressions: _col0 (type: bigint)
             Execution mode: llap
+            LLAP IO: no inputs
         Map 4 
             Map Operator Tree:
                 TableScan
@@ -1270,6 +1289,7 @@ STAGE PLANS:
                         Map-reduce partition columns: _col0 (type: int)
                         Statistics: Num rows: 242 Data size: 2566 Basic stats: COMPLETE Column stats: NONE
             Execution mode: llap
+            LLAP IO: no inputs
         Map 5 
             Map Operator Tree:
                 TableScan
@@ -1302,6 +1322,7 @@ STAGE PLANS:
                             Statistics: Num rows: 1 Data size: 8 Basic stats: COMPLETE Column stats: NONE
                             value expressions: _col0 (type: bigint)
             Execution mode: llap
+            LLAP IO: no inputs
         Map 6 
             Map Operator Tree:
                 TableScan
@@ -1325,6 +1346,7 @@ STAGE PLANS:
                         Map-reduce partition columns: _col0 (type: int)
                         Statistics: Num rows: 500 Data size: 5312 Basic stats: COMPLETE Column stats: NONE
             Execution mode: llap
+            LLAP IO: no inputs
         Reducer 3 
             Execution mode: llap
             Reduce Operator Tree:
@@ -1398,6 +1420,7 @@ STAGE PLANS:
                         sort order: ++
                         Statistics: Num rows: 242 Data size: 2566 Basic stats: COMPLETE Column stats: NONE
             Execution mode: llap
+            LLAP IO: no inputs
         Map 3 
             Map Operator Tree:
                 TableScan
@@ -1415,6 +1438,7 @@ STAGE PLANS:
                         sort order: ++
                         Statistics: Num rows: 500 Data size: 5312 Basic stats: COMPLETE Column stats: NONE
             Execution mode: llap
+            LLAP IO: no inputs
         Reducer 2 
             Execution mode: llap
             Reduce Operator Tree:
diff --git a/ql/src/test/results/clientpositive/llap/tez_union.q.out b/ql/src/test/results/clientpositive/llap/tez_union.q.out
index 761d2c8e4c..7a6b32bf95 100644
--- a/ql/src/test/results/clientpositive/llap/tez_union.q.out
+++ b/ql/src/test/results/clientpositive/llap/tez_union.q.out
@@ -52,6 +52,7 @@ STAGE PLANS:
                               output format: org.apache.hadoop.hive.ql.io.HiveSequenceFileOutputFormat
                               serde: org.apache.hadoop.hive.serde2.lazy.LazySimpleSerDe
             Execution mode: llap
+            LLAP IO: no inputs
         Map 3 
             Map Operator Tree:
                 TableScan
@@ -70,6 +71,7 @@ STAGE PLANS:
                         Map-reduce partition columns: _col0 (type: string)
                         Statistics: Num rows: 500 Data size: 5312 Basic stats: COMPLETE Column stats: NONE
             Execution mode: llap
+            LLAP IO: no inputs
         Map 4 
             Map Operator Tree:
                 TableScan
@@ -87,6 +89,7 @@ STAGE PLANS:
                           output format: org.apache.hadoop.hive.ql.io.HiveSequenceFileOutputFormat
                           serde: org.apache.hadoop.hive.serde2.lazy.LazySimpleSerDe
             Execution mode: llap
+            LLAP IO: no inputs
         Union 2 
             Vertex: Union 2
 
@@ -195,6 +198,7 @@ STAGE PLANS:
                         Map-reduce partition columns: _col0 (type: string)
                         Statistics: Num rows: 1000 Data size: 10624 Basic stats: COMPLETE Column stats: NONE
             Execution mode: llap
+            LLAP IO: no inputs
         Map 5 
             Map Operator Tree:
                 TableScan
@@ -213,6 +217,7 @@ STAGE PLANS:
                         Map-reduce partition columns: _col0 (type: string)
                         Statistics: Num rows: 1000 Data size: 10624 Basic stats: COMPLETE Column stats: NONE
             Execution mode: llap
+            LLAP IO: no inputs
         Map 6 
             Map Operator Tree:
                 TableScan
@@ -231,6 +236,7 @@ STAGE PLANS:
                         Map-reduce partition columns: _col0 (type: string)
                         Statistics: Num rows: 1000 Data size: 10624 Basic stats: COMPLETE Column stats: NONE
             Execution mode: llap
+            LLAP IO: no inputs
         Map 8 
             Map Operator Tree:
                 TableScan
@@ -249,6 +255,7 @@ STAGE PLANS:
                         Map-reduce partition columns: _col0 (type: string)
                         Statistics: Num rows: 1000 Data size: 10624 Basic stats: COMPLETE Column stats: NONE
             Execution mode: llap
+            LLAP IO: no inputs
         Reducer 3 
             Execution mode: llap
             Reduce Operator Tree:
@@ -372,6 +379,7 @@ STAGE PLANS:
                         Map-reduce partition columns: _col0 (type: string)
                         Statistics: Num rows: 500 Data size: 5312 Basic stats: COMPLETE Column stats: NONE
             Execution mode: llap
+            LLAP IO: no inputs
         Map 2 
             Map Operator Tree:
                 TableScan
@@ -403,6 +411,7 @@ STAGE PLANS:
                               output format: org.apache.hadoop.hive.ql.io.HiveSequenceFileOutputFormat
                               serde: org.apache.hadoop.hive.serde2.lazy.LazySimpleSerDe
             Execution mode: llap
+            LLAP IO: no inputs
         Map 4 
             Map Operator Tree:
                 TableScan
@@ -434,6 +443,7 @@ STAGE PLANS:
                               output format: org.apache.hadoop.hive.ql.io.HiveSequenceFileOutputFormat
                               serde: org.apache.hadoop.hive.serde2.lazy.LazySimpleSerDe
             Execution mode: llap
+            LLAP IO: no inputs
         Union 3 
             Vertex: Union 3
 
@@ -575,6 +585,7 @@ STAGE PLANS:
                               Statistics: Num rows: 3630 Data size: 38563 Basic stats: COMPLETE Column stats: NONE
                               value expressions: _col0 (type: string), _col1 (type: string)
             Execution mode: llap
+            LLAP IO: no inputs
         Map 10 
             Map Operator Tree:
                 TableScan
@@ -603,6 +614,7 @@ STAGE PLANS:
                         Map-reduce partition columns: _col0 (type: string)
                         Statistics: Num rows: 500 Data size: 5312 Basic stats: COMPLETE Column stats: NONE
             Execution mode: llap
+            LLAP IO: no inputs
         Map 4 
             Map Operator Tree:
                 TableScan
@@ -621,6 +633,7 @@ STAGE PLANS:
                         Map-reduce partition columns: _col0 (type: string)
                         Statistics: Num rows: 500 Data size: 5312 Basic stats: COMPLETE Column stats: NONE
             Execution mode: llap
+            LLAP IO: no inputs
         Map 5 
             Map Operator Tree:
                 TableScan
@@ -668,6 +681,7 @@ STAGE PLANS:
                               Statistics: Num rows: 3630 Data size: 38563 Basic stats: COMPLETE Column stats: NONE
                               value expressions: _col0 (type: string), _col1 (type: string)
             Execution mode: llap
+            LLAP IO: no inputs
         Map 6 
             Map Operator Tree:
                 TableScan
@@ -686,6 +700,7 @@ STAGE PLANS:
                         Map-reduce partition columns: _col0 (type: string)
                         Statistics: Num rows: 500 Data size: 5312 Basic stats: COMPLETE Column stats: NONE
             Execution mode: llap
+            LLAP IO: no inputs
         Map 7 
             Map Operator Tree:
                 TableScan
@@ -733,6 +748,7 @@ STAGE PLANS:
                               Statistics: Num rows: 3630 Data size: 38563 Basic stats: COMPLETE Column stats: NONE
                               value expressions: _col0 (type: string), _col1 (type: string)
             Execution mode: llap
+            LLAP IO: no inputs
         Map 8 
             Map Operator Tree:
                 TableScan
@@ -751,6 +767,7 @@ STAGE PLANS:
                         Map-reduce partition columns: _col0 (type: string)
                         Statistics: Num rows: 500 Data size: 5312 Basic stats: COMPLETE Column stats: NONE
             Execution mode: llap
+            LLAP IO: no inputs
         Map 9 
             Map Operator Tree:
                 TableScan
@@ -779,6 +796,7 @@ STAGE PLANS:
                         Map-reduce partition columns: _col0 (type: string)
                         Statistics: Num rows: 500 Data size: 5312 Basic stats: COMPLETE Column stats: NONE
             Execution mode: llap
+            LLAP IO: no inputs
         Reducer 3 
             Execution mode: llap
             Reduce Operator Tree:
@@ -997,6 +1015,7 @@ STAGE PLANS:
                               output format: org.apache.hadoop.hive.ql.io.HiveSequenceFileOutputFormat
                               serde: org.apache.hadoop.hive.serde2.lazy.LazySimpleSerDe
             Execution mode: llap
+            LLAP IO: no inputs
         Map 3 
             Map Operator Tree:
                 TableScan
@@ -1015,6 +1034,7 @@ STAGE PLANS:
                         Map-reduce partition columns: _col0 (type: string)
                         Statistics: Num rows: 500 Data size: 5312 Basic stats: COMPLETE Column stats: NONE
             Execution mode: llap
+            LLAP IO: no inputs
         Map 4 
             Map Operator Tree:
                 TableScan
@@ -1046,6 +1066,7 @@ STAGE PLANS:
                               output format: org.apache.hadoop.hive.ql.io.HiveSequenceFileOutputFormat
                               serde: org.apache.hadoop.hive.serde2.lazy.LazySimpleSerDe
             Execution mode: llap
+            LLAP IO: no inputs
         Map 5 
             Map Operator Tree:
                 TableScan
@@ -1064,6 +1085,7 @@ STAGE PLANS:
                         Map-reduce partition columns: _col0 (type: string)
                         Statistics: Num rows: 500 Data size: 5312 Basic stats: COMPLETE Column stats: NONE
             Execution mode: llap
+            LLAP IO: no inputs
         Union 2 
             Vertex: Union 2
 
@@ -1185,6 +1207,7 @@ STAGE PLANS:
                             output format: org.apache.hadoop.hive.ql.io.HiveSequenceFileOutputFormat
                             serde: org.apache.hadoop.hive.serde2.lazy.LazySimpleSerDe
             Execution mode: llap
+            LLAP IO: no inputs
         Map 3 
             Map Operator Tree:
                 TableScan
@@ -1213,6 +1236,7 @@ STAGE PLANS:
                             output format: org.apache.hadoop.hive.ql.io.HiveSequenceFileOutputFormat
                             serde: org.apache.hadoop.hive.serde2.lazy.LazySimpleSerDe
             Execution mode: llap
+            LLAP IO: no inputs
         Map 4 
             Map Operator Tree:
                 TableScan
@@ -1235,6 +1259,7 @@ STAGE PLANS:
                       Statistics: Num rows: 500 Data size: 5312 Basic stats: COMPLETE Column stats: NONE
                       value expressions: _col1 (type: string)
             Execution mode: llap
+            LLAP IO: no inputs
         Union 2 
             Vertex: Union 2
 
@@ -1283,6 +1308,7 @@ STAGE PLANS:
                       Map-reduce partition columns: _col0 (type: string)
                       Statistics: Num rows: 1000 Data size: 10624 Basic stats: COMPLETE Column stats: NONE
             Execution mode: llap
+            LLAP IO: no inputs
         Map 3 
             Map Operator Tree:
                 TableScan
@@ -1298,6 +1324,7 @@ STAGE PLANS:
                       Map-reduce partition columns: _col0 (type: string)
                       Statistics: Num rows: 1000 Data size: 10624 Basic stats: COMPLETE Column stats: NONE
             Execution mode: llap
+            LLAP IO: no inputs
         Map 4 
             Map Operator Tree:
                 TableScan
@@ -1326,6 +1353,7 @@ STAGE PLANS:
                             output format: org.apache.hadoop.hive.ql.io.HiveSequenceFileOutputFormat
                             serde: org.apache.hadoop.hive.serde2.lazy.LazySimpleSerDe
             Execution mode: llap
+            LLAP IO: no inputs
         Union 2 
             Vertex: Union 2
 
diff --git a/ql/src/test/results/clientpositive/llap/tez_union2.q.out b/ql/src/test/results/clientpositive/llap/tez_union2.q.out
index 85cda19056..0f3abd0e60 100644
--- a/ql/src/test/results/clientpositive/llap/tez_union2.q.out
+++ b/ql/src/test/results/clientpositive/llap/tez_union2.q.out
@@ -68,6 +68,7 @@ STAGE PLANS:
                         Map-reduce partition columns: _col0 (type: string), _col1 (type: string)
                         Statistics: Num rows: 750 Data size: 7968 Basic stats: COMPLETE Column stats: NONE
             Execution mode: llap
+            LLAP IO: no inputs
         Map 4 
             Map Operator Tree:
                 TableScan
@@ -88,6 +89,7 @@ STAGE PLANS:
                         Map-reduce partition columns: _col0 (type: string)
                         Statistics: Num rows: 1000 Data size: 10624 Basic stats: COMPLETE Column stats: NONE
             Execution mode: llap
+            LLAP IO: no inputs
         Map 7 
             Map Operator Tree:
                 TableScan
@@ -108,6 +110,7 @@ STAGE PLANS:
                         Map-reduce partition columns: _col0 (type: string)
                         Statistics: Num rows: 1000 Data size: 10624 Basic stats: COMPLETE Column stats: NONE
             Execution mode: llap
+            LLAP IO: no inputs
         Reducer 3 
             Execution mode: llap
             Reduce Operator Tree:
diff --git a/ql/src/test/results/clientpositive/llap/tez_union_dynamic_partition.q.out b/ql/src/test/results/clientpositive/llap/tez_union_dynamic_partition.q.out
index a9ef49792c..14a273b8d6 100644
--- a/ql/src/test/results/clientpositive/llap/tez_union_dynamic_partition.q.out
+++ b/ql/src/test/results/clientpositive/llap/tez_union_dynamic_partition.q.out
@@ -82,6 +82,7 @@ STAGE PLANS:
                             serde: org.apache.hadoop.hive.serde2.lazy.LazySimpleSerDe
                             name: default.partunion1
             Execution mode: llap
+            LLAP IO: no inputs
         Map 3 
             Map Operator Tree:
                 TableScan
@@ -104,6 +105,7 @@ STAGE PLANS:
                             serde: org.apache.hadoop.hive.serde2.lazy.LazySimpleSerDe
                             name: default.partunion1
             Execution mode: llap
+            LLAP IO: no inputs
         Union 2 
             Vertex: Union 2
 
diff --git a/ql/src/test/results/clientpositive/llap/tez_union_group_by.q.out b/ql/src/test/results/clientpositive/llap/tez_union_group_by.q.out
index 4b75d28bf7..9573718ff2 100644
--- a/ql/src/test/results/clientpositive/llap/tez_union_group_by.q.out
+++ b/ql/src/test/results/clientpositive/llap/tez_union_group_by.q.out
@@ -181,6 +181,7 @@ STAGE PLANS:
                           Statistics: Num rows: 3 Data size: 0 Basic stats: PARTIAL Column stats: NONE
                           value expressions: _col1 (type: string)
             Execution mode: llap
+            LLAP IO: no inputs
         Map 10 
             Map Operator Tree:
                 TableScan
@@ -195,6 +196,7 @@ STAGE PLANS:
                       Map-reduce partition columns: t (type: string), st (type: string)
                       Statistics: Num rows: 1 Data size: 0 Basic stats: PARTIAL Column stats: NONE
             Execution mode: llap
+            LLAP IO: no inputs
         Map 5 
             Map Operator Tree:
                 TableScan
@@ -220,6 +222,7 @@ STAGE PLANS:
                           Statistics: Num rows: 3 Data size: 0 Basic stats: PARTIAL Column stats: NONE
                           value expressions: _col1 (type: string)
             Execution mode: llap
+            LLAP IO: no inputs
         Map 6 
             Map Operator Tree:
                 TableScan
@@ -245,6 +248,7 @@ STAGE PLANS:
                           Statistics: Num rows: 3 Data size: 0 Basic stats: PARTIAL Column stats: NONE
                           value expressions: _col1 (type: string)
             Execution mode: llap
+            LLAP IO: no inputs
         Map 7 
             Map Operator Tree:
                 TableScan
@@ -260,6 +264,7 @@ STAGE PLANS:
                       Statistics: Num rows: 1 Data size: 0 Basic stats: PARTIAL Column stats: NONE
                       value expressions: u (type: bigint)
             Execution mode: llap
+            LLAP IO: no inputs
         Reducer 3 
             Execution mode: llap
             Reduce Operator Tree:
diff --git a/ql/src/test/results/clientpositive/llap/tez_union_multiinsert.q.out b/ql/src/test/results/clientpositive/llap/tez_union_multiinsert.q.out
index 57f0e37ff8..9b77106cf8 100644
--- a/ql/src/test/results/clientpositive/llap/tez_union_multiinsert.q.out
+++ b/ql/src/test/results/clientpositive/llap/tez_union_multiinsert.q.out
@@ -81,6 +81,7 @@ STAGE PLANS:
                         Statistics: Num rows: 1 Data size: 8 Basic stats: COMPLETE Column stats: COMPLETE
                         value expressions: _col0 (type: bigint)
             Execution mode: llap
+            LLAP IO: no inputs
         Map 6 
             Map Operator Tree:
                 TableScan
@@ -117,6 +118,7 @@ STAGE PLANS:
                           Map-reduce partition columns: _col0 (type: string), _col1 (type: string)
                           Statistics: Num rows: 1 Data size: 464 Basic stats: COMPLETE Column stats: PARTIAL
             Execution mode: llap
+            LLAP IO: no inputs
         Map 7 
             Map Operator Tree:
                 TableScan
@@ -149,6 +151,7 @@ STAGE PLANS:
                         Map-reduce partition columns: _col0 (type: string), _col1 (type: string)
                         Statistics: Num rows: 1 Data size: 464 Basic stats: COMPLETE Column stats: PARTIAL
             Execution mode: llap
+            LLAP IO: no inputs
         Reducer 2 
             Execution mode: llap
             Reduce Operator Tree:
@@ -1000,6 +1003,7 @@ STAGE PLANS:
                         Map-reduce partition columns: _col0 (type: string), _col1 (type: string)
                         Statistics: Num rows: 1 Data size: 464 Basic stats: COMPLETE Column stats: PARTIAL
             Execution mode: llap
+            LLAP IO: no inputs
         Map 5 
             Map Operator Tree:
                 TableScan
@@ -1017,6 +1021,7 @@ STAGE PLANS:
                         Statistics: Num rows: 1 Data size: 8 Basic stats: COMPLETE Column stats: COMPLETE
                         value expressions: _col0 (type: bigint)
             Execution mode: llap
+            LLAP IO: no inputs
         Map 7 
             Map Operator Tree:
                 TableScan
@@ -1053,6 +1058,7 @@ STAGE PLANS:
                           Map-reduce partition columns: _col0 (type: string), _col1 (type: string)
                           Statistics: Num rows: 1 Data size: 464 Basic stats: COMPLETE Column stats: PARTIAL
             Execution mode: llap
+            LLAP IO: no inputs
         Reducer 3 
             Execution mode: llap
             Reduce Operator Tree:
@@ -1900,6 +1906,7 @@ STAGE PLANS:
                         Map-reduce partition columns: _col0 (type: string), _col1 (type: string)
                         Statistics: Num rows: 1 Data size: 464 Basic stats: COMPLETE Column stats: PARTIAL
             Execution mode: llap
+            LLAP IO: no inputs
         Map 5 
             Map Operator Tree:
                 TableScan
@@ -1917,6 +1924,7 @@ STAGE PLANS:
                         Statistics: Num rows: 1 Data size: 8 Basic stats: COMPLETE Column stats: COMPLETE
                         value expressions: _col0 (type: bigint)
             Execution mode: llap
+            LLAP IO: no inputs
         Map 7 
             Map Operator Tree:
                 TableScan
@@ -1949,6 +1957,7 @@ STAGE PLANS:
                         Map-reduce partition columns: _col0 (type: string), _col1 (type: string)
                         Statistics: Num rows: 1 Data size: 464 Basic stats: COMPLETE Column stats: PARTIAL
             Execution mode: llap
+            LLAP IO: no inputs
         Reducer 3 
             Execution mode: llap
             Reduce Operator Tree:
@@ -2768,6 +2777,7 @@ STAGE PLANS:
                         Statistics: Num rows: 1 Data size: 8 Basic stats: COMPLETE Column stats: COMPLETE
                         value expressions: _col0 (type: bigint)
             Execution mode: llap
+            LLAP IO: no inputs
         Map 6 
             Map Operator Tree:
                 TableScan
@@ -2800,6 +2810,7 @@ STAGE PLANS:
                         Map-reduce partition columns: _col0 (type: string), _col1 (type: string)
                         Statistics: Num rows: 1 Data size: 464 Basic stats: COMPLETE Column stats: PARTIAL
             Execution mode: llap
+            LLAP IO: no inputs
         Reducer 2 
             Execution mode: llap
             Reduce Operator Tree:
@@ -3613,6 +3624,7 @@ STAGE PLANS:
                         Statistics: Num rows: 1 Data size: 8 Basic stats: COMPLETE Column stats: COMPLETE
                         value expressions: _col0 (type: bigint)
             Execution mode: llap
+            LLAP IO: no inputs
         Map 6 
             Map Operator Tree:
                 TableScan
@@ -3633,6 +3645,7 @@ STAGE PLANS:
                         Map-reduce partition columns: _col0 (type: string), _col1 (type: string)
                         Statistics: Num rows: 1 Data size: 272 Basic stats: COMPLETE Column stats: PARTIAL
             Execution mode: llap
+            LLAP IO: no inputs
         Reducer 2 
             Execution mode: llap
             Reduce Operator Tree:
diff --git a/ql/src/test/results/clientpositive/llap/tez_vector_dynpart_hashjoin_1.q.out b/ql/src/test/results/clientpositive/llap/tez_vector_dynpart_hashjoin_1.q.out
index 6b5e483a4a..17d5992e65 100644
--- a/ql/src/test/results/clientpositive/llap/tez_vector_dynpart_hashjoin_1.q.out
+++ b/ql/src/test/results/clientpositive/llap/tez_vector_dynpart_hashjoin_1.q.out
@@ -48,6 +48,7 @@ STAGE PLANS:
                         Statistics: Num rows: 6144 Data size: 1320982 Basic stats: COMPLETE Column stats: NONE
                         value expressions: _col0 (type: tinyint), _col1 (type: smallint), _col3 (type: bigint), _col4 (type: float), _col5 (type: double), _col6 (type: string), _col7 (type: string), _col8 (type: timestamp), _col9 (type: timestamp), _col10 (type: boolean), _col11 (type: boolean)
             Execution mode: llap
+            LLAP IO: no inputs
         Map 4 
             Map Operator Tree:
                 TableScan
@@ -67,6 +68,7 @@ STAGE PLANS:
                         Statistics: Num rows: 6144 Data size: 1320982 Basic stats: COMPLETE Column stats: NONE
                         value expressions: _col0 (type: tinyint), _col1 (type: smallint), _col3 (type: bigint), _col4 (type: float), _col5 (type: double), _col6 (type: string), _col7 (type: string), _col8 (type: timestamp), _col9 (type: timestamp), _col10 (type: boolean), _col11 (type: boolean)
             Execution mode: llap
+            LLAP IO: no inputs
         Reducer 2 
             Execution mode: llap
             Reduce Operator Tree:
@@ -177,6 +179,7 @@ STAGE PLANS:
                         Map-reduce partition columns: _col0 (type: int)
                         Statistics: Num rows: 6144 Data size: 1320982 Basic stats: COMPLETE Column stats: NONE
             Execution mode: llap
+            LLAP IO: no inputs
         Map 4 
             Map Operator Tree:
                 TableScan
@@ -195,6 +198,7 @@ STAGE PLANS:
                         Map-reduce partition columns: _col0 (type: int)
                         Statistics: Num rows: 6144 Data size: 1320982 Basic stats: COMPLETE Column stats: NONE
             Execution mode: llap
+            LLAP IO: no inputs
         Reducer 2 
             Execution mode: llap
             Reduce Operator Tree:
@@ -304,6 +308,7 @@ STAGE PLANS:
                         Statistics: Num rows: 6144 Data size: 1320982 Basic stats: COMPLETE Column stats: NONE
                         value expressions: _col0 (type: smallint)
             Execution mode: llap
+            LLAP IO: no inputs
         Map 5 
             Map Operator Tree:
                 TableScan
@@ -322,6 +327,7 @@ STAGE PLANS:
                         Map-reduce partition columns: _col0 (type: int)
                         Statistics: Num rows: 6144 Data size: 1320982 Basic stats: COMPLETE Column stats: NONE
             Execution mode: llap
+            LLAP IO: no inputs
         Reducer 2 
             Execution mode: llap
             Reduce Operator Tree:
@@ -455,6 +461,7 @@ STAGE PLANS:
                         Statistics: Num rows: 6144 Data size: 1320982 Basic stats: COMPLETE Column stats: NONE
                         value expressions: _col0 (type: tinyint), _col1 (type: smallint), _col3 (type: bigint), _col4 (type: float), _col5 (type: double), _col6 (type: string), _col7 (type: string), _col8 (type: timestamp), _col9 (type: timestamp), _col10 (type: boolean), _col11 (type: boolean)
             Execution mode: vectorized, llap
+            LLAP IO: all inputs
         Map 4 
             Map Operator Tree:
                 TableScan
@@ -474,6 +481,7 @@ STAGE PLANS:
                         Statistics: Num rows: 6144 Data size: 1320982 Basic stats: COMPLETE Column stats: NONE
                         value expressions: _col0 (type: tinyint), _col1 (type: smallint), _col3 (type: bigint), _col4 (type: float), _col5 (type: double), _col6 (type: string), _col7 (type: string), _col8 (type: timestamp), _col9 (type: timestamp), _col10 (type: boolean), _col11 (type: boolean)
             Execution mode: vectorized, llap
+            LLAP IO: all inputs
         Reducer 2 
             Execution mode: vectorized, llap
             Reduce Operator Tree:
@@ -587,6 +595,7 @@ STAGE PLANS:
                         Map-reduce partition columns: _col0 (type: int)
                         Statistics: Num rows: 6144 Data size: 1320982 Basic stats: COMPLETE Column stats: NONE
             Execution mode: vectorized, llap
+            LLAP IO: all inputs
         Map 4 
             Map Operator Tree:
                 TableScan
@@ -605,6 +614,7 @@ STAGE PLANS:
                         Map-reduce partition columns: _col0 (type: int)
                         Statistics: Num rows: 6144 Data size: 1320982 Basic stats: COMPLETE Column stats: NONE
             Execution mode: vectorized, llap
+            LLAP IO: all inputs
         Reducer 2 
             Execution mode: vectorized, llap
             Reduce Operator Tree:
@@ -717,6 +727,7 @@ STAGE PLANS:
                         Statistics: Num rows: 6144 Data size: 1320982 Basic stats: COMPLETE Column stats: NONE
                         value expressions: _col0 (type: smallint)
             Execution mode: vectorized, llap
+            LLAP IO: all inputs
         Map 5 
             Map Operator Tree:
                 TableScan
@@ -735,6 +746,7 @@ STAGE PLANS:
                         Map-reduce partition columns: _col0 (type: int)
                         Statistics: Num rows: 6144 Data size: 1320982 Basic stats: COMPLETE Column stats: NONE
             Execution mode: vectorized, llap
+            LLAP IO: all inputs
         Reducer 2 
             Execution mode: vectorized, llap
             Reduce Operator Tree:
diff --git a/ql/src/test/results/clientpositive/llap/tez_vector_dynpart_hashjoin_2.q.out b/ql/src/test/results/clientpositive/llap/tez_vector_dynpart_hashjoin_2.q.out
index 43e040434f..c0c14e1782 100644
--- a/ql/src/test/results/clientpositive/llap/tez_vector_dynpart_hashjoin_2.q.out
+++ b/ql/src/test/results/clientpositive/llap/tez_vector_dynpart_hashjoin_2.q.out
@@ -58,6 +58,7 @@ STAGE PLANS:
                         Statistics: Num rows: 4096 Data size: 880654 Basic stats: COMPLETE Column stats: NONE
                         value expressions: _col0 (type: tinyint), _col1 (type: smallint), _col2 (type: int), _col3 (type: bigint), _col4 (type: float), _col5 (type: double), _col6 (type: string), _col7 (type: string), _col8 (type: timestamp), _col9 (type: timestamp), _col10 (type: boolean), _col11 (type: boolean)
             Execution mode: llap
+            LLAP IO: no inputs
         Map 4 
             Map Operator Tree:
                 TableScan
@@ -76,6 +77,7 @@ STAGE PLANS:
                         Map-reduce partition columns: UDFToInteger(_col0) (type: int)
                         Statistics: Num rows: 500 Data size: 5312 Basic stats: COMPLETE Column stats: NONE
             Execution mode: llap
+            LLAP IO: no inputs
         Map 5 
             Map Operator Tree:
                 TableScan
@@ -94,6 +96,7 @@ STAGE PLANS:
                         Map-reduce partition columns: (UDFToInteger(_col0) + 0) (type: int)
                         Statistics: Num rows: 500 Data size: 5312 Basic stats: COMPLETE Column stats: NONE
             Execution mode: llap
+            LLAP IO: no inputs
         Reducer 2 
             Execution mode: llap
             Reduce Operator Tree:
@@ -250,6 +253,7 @@ STAGE PLANS:
                         Statistics: Num rows: 4096 Data size: 880654 Basic stats: COMPLETE Column stats: NONE
                         value expressions: _col0 (type: tinyint), _col1 (type: smallint), _col2 (type: int), _col3 (type: bigint), _col4 (type: float), _col5 (type: double), _col6 (type: string), _col7 (type: string), _col8 (type: timestamp), _col9 (type: timestamp), _col10 (type: boolean), _col11 (type: boolean)
             Execution mode: vectorized, llap
+            LLAP IO: all inputs
         Map 4 
             Map Operator Tree:
                 TableScan
@@ -268,6 +272,7 @@ STAGE PLANS:
                         Map-reduce partition columns: UDFToInteger(_col0) (type: int)
                         Statistics: Num rows: 500 Data size: 5312 Basic stats: COMPLETE Column stats: NONE
             Execution mode: llap
+            LLAP IO: no inputs
         Map 5 
             Map Operator Tree:
                 TableScan
@@ -286,6 +291,7 @@ STAGE PLANS:
                         Map-reduce partition columns: (UDFToInteger(_col0) + 0) (type: int)
                         Statistics: Num rows: 500 Data size: 5312 Basic stats: COMPLETE Column stats: NONE
             Execution mode: llap
+            LLAP IO: no inputs
         Reducer 2 
             Execution mode: llap
             Reduce Operator Tree:
@@ -440,6 +446,7 @@ STAGE PLANS:
                         Statistics: Num rows: 4096 Data size: 880654 Basic stats: COMPLETE Column stats: NONE
                         value expressions: _col0 (type: tinyint), _col1 (type: smallint), _col2 (type: int), _col3 (type: bigint), _col4 (type: float), _col5 (type: double), _col6 (type: string), _col7 (type: string), _col8 (type: timestamp), _col9 (type: timestamp), _col10 (type: boolean), _col11 (type: boolean)
             Execution mode: vectorized, llap
+            LLAP IO: all inputs
         Map 4 
             Map Operator Tree:
                 TableScan
@@ -458,6 +465,7 @@ STAGE PLANS:
                         Map-reduce partition columns: UDFToInteger(_col0) (type: int)
                         Statistics: Num rows: 500 Data size: 5312 Basic stats: COMPLETE Column stats: NONE
             Execution mode: llap
+            LLAP IO: no inputs
         Map 5 
             Map Operator Tree:
                 TableScan
@@ -476,6 +484,7 @@ STAGE PLANS:
                         Map-reduce partition columns: (UDFToInteger(_col0) + 0) (type: int)
                         Statistics: Num rows: 500 Data size: 5312 Basic stats: COMPLETE Column stats: NONE
             Execution mode: llap
+            LLAP IO: no inputs
         Reducer 2 
             Execution mode: llap
             Reduce Operator Tree:
diff --git a/ql/src/test/results/clientpositive/llap/vector_join_part_col_char.q.out b/ql/src/test/results/clientpositive/llap/vector_join_part_col_char.q.out
index dd23b3e223..b9ef44544e 100644
--- a/ql/src/test/results/clientpositive/llap/vector_join_part_col_char.q.out
+++ b/ql/src/test/results/clientpositive/llap/vector_join_part_col_char.q.out
@@ -144,6 +144,7 @@ STAGE PLANS:
                           Statistics: Num rows: 2 Data size: 204 Basic stats: COMPLETE Column stats: NONE
                           Target Vertex: Map 3
             Execution mode: vectorized, llap
+            LLAP IO: all inputs
         Map 3 
             Map Operator Tree:
                 TableScan
@@ -160,6 +161,7 @@ STAGE PLANS:
                       Statistics: Num rows: 2 Data size: 203 Basic stats: COMPLETE Column stats: NONE
                       value expressions: _col0 (type: string), _col1 (type: int)
             Execution mode: vectorized, llap
+            LLAP IO: all inputs
         Reducer 2 
             Execution mode: llap
             Reduce Operator Tree:
diff --git a/ql/src/test/results/clientpositive/llap/vectorized_dynamic_partition_pruning.q.out b/ql/src/test/results/clientpositive/llap/vectorized_dynamic_partition_pruning.q.out
index 3f159a38e5..4edc5619a3 100644
--- a/ql/src/test/results/clientpositive/llap/vectorized_dynamic_partition_pruning.q.out
+++ b/ql/src/test/results/clientpositive/llap/vectorized_dynamic_partition_pruning.q.out
@@ -73,6 +73,7 @@ STAGE PLANS:
                         Map-reduce partition columns: _col0 (type: string)
                         Statistics: Num rows: 2000 Data size: 21248 Basic stats: COMPLETE Column stats: NONE
             Execution mode: llap
+            LLAP IO: no inputs
         Reducer 2 
             Execution mode: vectorized, llap
             Reduce Operator Tree:
@@ -232,6 +233,7 @@ STAGE PLANS:
                       Map-reduce partition columns: _col0 (type: string)
                       Statistics: Num rows: 2000 Data size: 21248 Basic stats: COMPLETE Column stats: NONE
             Execution mode: llap
+            LLAP IO: no inputs
         Map 4 
             Map Operator Tree:
                 TableScan
@@ -266,6 +268,7 @@ STAGE PLANS:
                             Statistics: Num rows: 1 Data size: 188 Basic stats: COMPLETE Column stats: NONE
                             Target Vertex: Map 1
             Execution mode: vectorized, llap
+            LLAP IO: all inputs
         Reducer 2 
             Execution mode: llap
             Reduce Operator Tree:
@@ -359,6 +362,7 @@ STAGE PLANS:
                       Map-reduce partition columns: _col0 (type: string)
                       Statistics: Num rows: 2000 Data size: 21248 Basic stats: COMPLETE Column stats: NONE
             Execution mode: llap
+            LLAP IO: no inputs
         Map 4 
             Map Operator Tree:
                 TableScan
@@ -378,6 +382,7 @@ STAGE PLANS:
                         Map-reduce partition columns: _col0 (type: string)
                         Statistics: Num rows: 1 Data size: 188 Basic stats: COMPLETE Column stats: NONE
             Execution mode: vectorized, llap
+            LLAP IO: all inputs
         Reducer 2 
             Execution mode: llap
             Reduce Operator Tree:
@@ -489,6 +494,7 @@ STAGE PLANS:
                       Statistics: Num rows: 2000 Data size: 21248 Basic stats: COMPLETE Column stats: NONE
                       value expressions: _col1 (type: string)
             Execution mode: llap
+            LLAP IO: no inputs
         Map 5 
             Map Operator Tree:
                 TableScan
@@ -523,6 +529,7 @@ STAGE PLANS:
                             Statistics: Num rows: 1 Data size: 188 Basic stats: COMPLETE Column stats: NONE
                             Target Vertex: Map 1
             Execution mode: vectorized, llap
+            LLAP IO: all inputs
         Map 6 
             Map Operator Tree:
                 TableScan
@@ -557,6 +564,7 @@ STAGE PLANS:
                             Statistics: Num rows: 1 Data size: 172 Basic stats: COMPLETE Column stats: NONE
                             Target Vertex: Map 1
             Execution mode: vectorized, llap
+            LLAP IO: all inputs
         Reducer 2 
             Execution mode: llap
             Reduce Operator Tree:
@@ -674,6 +682,7 @@ STAGE PLANS:
                       Statistics: Num rows: 2000 Data size: 21248 Basic stats: COMPLETE Column stats: NONE
                       value expressions: _col1 (type: string)
             Execution mode: llap
+            LLAP IO: no inputs
         Map 5 
             Map Operator Tree:
                 TableScan
@@ -693,6 +702,7 @@ STAGE PLANS:
                         Map-reduce partition columns: _col0 (type: string)
                         Statistics: Num rows: 1 Data size: 188 Basic stats: COMPLETE Column stats: NONE
             Execution mode: vectorized, llap
+            LLAP IO: all inputs
         Map 6 
             Map Operator Tree:
                 TableScan
@@ -712,6 +722,7 @@ STAGE PLANS:
                         Map-reduce partition columns: _col0 (type: string)
                         Statistics: Num rows: 1 Data size: 172 Basic stats: COMPLETE Column stats: NONE
             Execution mode: vectorized, llap
+            LLAP IO: all inputs
         Reducer 2 
             Execution mode: llap
             Reduce Operator Tree:
@@ -837,6 +848,7 @@ STAGE PLANS:
                       Map-reduce partition columns: _col0 (type: string), _col1 (type: string)
                       Statistics: Num rows: 2000 Data size: 21248 Basic stats: COMPLETE Column stats: NONE
             Execution mode: llap
+            LLAP IO: no inputs
         Map 4 
             Map Operator Tree:
                 TableScan
@@ -886,6 +898,7 @@ STAGE PLANS:
                             Statistics: Num rows: 1 Data size: 360 Basic stats: COMPLETE Column stats: NONE
                             Target Vertex: Map 1
             Execution mode: vectorized, llap
+            LLAP IO: all inputs
         Reducer 2 
             Execution mode: llap
             Reduce Operator Tree:
@@ -979,6 +992,7 @@ STAGE PLANS:
                       Map-reduce partition columns: _col0 (type: string), _col1 (type: string)
                       Statistics: Num rows: 2000 Data size: 21248 Basic stats: COMPLETE Column stats: NONE
             Execution mode: llap
+            LLAP IO: no inputs
         Map 4 
             Map Operator Tree:
                 TableScan
@@ -998,6 +1012,7 @@ STAGE PLANS:
                         Map-reduce partition columns: _col0 (type: string), _col2 (type: string)
                         Statistics: Num rows: 1 Data size: 360 Basic stats: COMPLETE Column stats: NONE
             Execution mode: vectorized, llap
+            LLAP IO: all inputs
         Reducer 2 
             Execution mode: llap
             Reduce Operator Tree:
@@ -1104,6 +1119,7 @@ STAGE PLANS:
                       Map-reduce partition columns: _col0 (type: string)
                       Statistics: Num rows: 2000 Data size: 21248 Basic stats: COMPLETE Column stats: NONE
             Execution mode: llap
+            LLAP IO: no inputs
         Map 4 
             Map Operator Tree:
                 TableScan
@@ -1138,6 +1154,7 @@ STAGE PLANS:
                             Statistics: Num rows: 1 Data size: 188 Basic stats: COMPLETE Column stats: NONE
                             Target Vertex: Map 1
             Execution mode: vectorized, llap
+            LLAP IO: all inputs
         Reducer 2 
             Execution mode: llap
             Reduce Operator Tree:
@@ -1231,6 +1248,7 @@ STAGE PLANS:
                       Map-reduce partition columns: _col0 (type: string)
                       Statistics: Num rows: 2000 Data size: 21248 Basic stats: COMPLETE Column stats: NONE
             Execution mode: llap
+            LLAP IO: no inputs
         Map 4 
             Map Operator Tree:
                 TableScan
@@ -1250,6 +1268,7 @@ STAGE PLANS:
                         Map-reduce partition columns: _col0 (type: string)
                         Statistics: Num rows: 1 Data size: 188 Basic stats: COMPLETE Column stats: NONE
             Execution mode: vectorized, llap
+            LLAP IO: all inputs
         Reducer 2 
             Execution mode: llap
             Reduce Operator Tree:
@@ -1354,6 +1373,7 @@ STAGE PLANS:
                       Map-reduce partition columns: UDFToDouble(_col0) (type: double)
                       Statistics: Num rows: 2000 Data size: 21248 Basic stats: COMPLETE Column stats: NONE
             Execution mode: llap
+            LLAP IO: no inputs
         Map 4 
             Map Operator Tree:
                 TableScan
@@ -1388,6 +1408,7 @@ STAGE PLANS:
                             Statistics: Num rows: 1 Data size: 94 Basic stats: COMPLETE Column stats: NONE
                             Target Vertex: Map 1
             Execution mode: vectorized, llap
+            LLAP IO: all inputs
         Reducer 2 
             Execution mode: llap
             Reduce Operator Tree:
@@ -1481,6 +1502,7 @@ STAGE PLANS:
                       Map-reduce partition columns: (UDFToDouble(_col0) * UDFToDouble(2)) (type: double)
                       Statistics: Num rows: 2000 Data size: 21248 Basic stats: COMPLETE Column stats: NONE
             Execution mode: llap
+            LLAP IO: no inputs
         Map 4 
             Map Operator Tree:
                 TableScan
@@ -1515,6 +1537,7 @@ STAGE PLANS:
                             Statistics: Num rows: 1 Data size: 94 Basic stats: COMPLETE Column stats: NONE
                             Target Vertex: Map 1
             Execution mode: vectorized, llap
+            LLAP IO: all inputs
         Reducer 2 
             Execution mode: llap
             Reduce Operator Tree:
@@ -1608,6 +1631,7 @@ STAGE PLANS:
                       Map-reduce partition columns: UDFToDouble(_col0) (type: double)
                       Statistics: Num rows: 2000 Data size: 21248 Basic stats: COMPLETE Column stats: NONE
             Execution mode: llap
+            LLAP IO: no inputs
         Map 4 
             Map Operator Tree:
                 TableScan
@@ -1627,6 +1651,7 @@ STAGE PLANS:
                         Map-reduce partition columns: UDFToDouble(UDFToInteger((_col0 / UDFToDouble(2)))) (type: double)
                         Statistics: Num rows: 1 Data size: 94 Basic stats: COMPLETE Column stats: NONE
             Execution mode: vectorized, llap
+            LLAP IO: all inputs
         Reducer 2 
             Execution mode: llap
             Reduce Operator Tree:
@@ -1720,6 +1745,7 @@ STAGE PLANS:
                       Map-reduce partition columns: (UDFToDouble(_col0) * UDFToDouble(2)) (type: double)
                       Statistics: Num rows: 2000 Data size: 21248 Basic stats: COMPLETE Column stats: NONE
             Execution mode: llap
+            LLAP IO: no inputs
         Map 4 
             Map Operator Tree:
                 TableScan
@@ -1739,6 +1765,7 @@ STAGE PLANS:
                         Map-reduce partition columns: _col0 (type: double)
                         Statistics: Num rows: 1 Data size: 94 Basic stats: COMPLETE Column stats: NONE
             Execution mode: vectorized, llap
+            LLAP IO: all inputs
         Reducer 2 
             Execution mode: llap
             Reduce Operator Tree:
@@ -1845,6 +1872,7 @@ STAGE PLANS:
                       Map-reduce partition columns: UDFToString((UDFToDouble(_col0) * UDFToDouble(2))) (type: string)
                       Statistics: Num rows: 2000 Data size: 21248 Basic stats: COMPLETE Column stats: NONE
             Execution mode: llap
+            LLAP IO: no inputs
         Map 4 
             Map Operator Tree:
                 TableScan
@@ -1879,6 +1907,7 @@ STAGE PLANS:
                             Statistics: Num rows: 1 Data size: 94 Basic stats: COMPLETE Column stats: NONE
                             Target Vertex: Map 1
             Execution mode: vectorized, llap
+            LLAP IO: all inputs
         Reducer 2 
             Execution mode: llap
             Reduce Operator Tree:
@@ -1988,6 +2017,7 @@ STAGE PLANS:
                       Map-reduce partition columns: _col0 (type: string)
                       Statistics: Num rows: 2000 Data size: 21248 Basic stats: COMPLETE Column stats: NONE
             Execution mode: llap
+            LLAP IO: no inputs
         Map 4 
             Map Operator Tree:
                 TableScan
@@ -2005,6 +2035,7 @@ STAGE PLANS:
                       Map-reduce partition columns: '2008-04-08' (type: string)
                       Statistics: Num rows: 1000 Data size: 10624 Basic stats: COMPLETE Column stats: NONE
             Execution mode: llap
+            LLAP IO: no inputs
         Reducer 2 
             Execution mode: llap
             Reduce Operator Tree:
@@ -2140,6 +2171,7 @@ STAGE PLANS:
                       Statistics: Num rows: 2000 Data size: 21248 Basic stats: COMPLETE Column stats: NONE
                       value expressions: _col0 (type: string), _col1 (type: string)
             Execution mode: llap
+            LLAP IO: no inputs
         Map 4 
             Map Operator Tree:
                 TableScan
@@ -2158,6 +2190,7 @@ STAGE PLANS:
                         Statistics: Num rows: 1 Data size: 360 Basic stats: COMPLETE Column stats: NONE
                         value expressions: _col0 (type: string), _col2 (type: string)
             Execution mode: vectorized, llap
+            LLAP IO: all inputs
         Reducer 2 
             Execution mode: llap
             Reduce Operator Tree:
@@ -2259,6 +2292,7 @@ STAGE PLANS:
                       Map-reduce partition columns: _col0 (type: string), _col1 (type: string)
                       Statistics: Num rows: 2000 Data size: 21248 Basic stats: COMPLETE Column stats: NONE
             Execution mode: llap
+            LLAP IO: no inputs
         Map 4 
             Map Operator Tree:
                 TableScan
@@ -2308,6 +2342,7 @@ STAGE PLANS:
                             Statistics: Num rows: 1 Data size: 360 Basic stats: COMPLETE Column stats: NONE
                             Target Vertex: Map 1
             Execution mode: vectorized, llap
+            LLAP IO: all inputs
         Reducer 2 
             Execution mode: llap
             Reduce Operator Tree:
@@ -2403,6 +2438,7 @@ STAGE PLANS:
                       Map-reduce partition columns: _col0 (type: string)
                       Statistics: Num rows: 2000 Data size: 21248 Basic stats: COMPLETE Column stats: NONE
             Execution mode: llap
+            LLAP IO: no inputs
         Map 4 
             Map Operator Tree:
                 TableScan
@@ -2437,6 +2473,7 @@ STAGE PLANS:
                             Statistics: Num rows: 1 Data size: 188 Basic stats: COMPLETE Column stats: NONE
                             Target Vertex: Map 1
             Execution mode: vectorized, llap
+            LLAP IO: all inputs
         Reducer 2 
             Execution mode: llap
             Reduce Operator Tree:
@@ -2529,6 +2566,7 @@ STAGE PLANS:
                             Statistics: Num rows: 1 Data size: 188 Basic stats: COMPLETE Column stats: NONE
                             Target Vertex: Map 4
             Execution mode: vectorized, llap
+            LLAP IO: all inputs
         Map 4 
             Map Operator Tree:
                 TableScan
@@ -2544,6 +2582,7 @@ STAGE PLANS:
                       Map-reduce partition columns: _col0 (type: string)
                       Statistics: Num rows: 2000 Data size: 21248 Basic stats: COMPLETE Column stats: NONE
             Execution mode: llap
+            LLAP IO: no inputs
         Reducer 2 
             Execution mode: llap
             Reduce Operator Tree:
@@ -2619,6 +2658,7 @@ STAGE PLANS:
                       Map-reduce partition columns: _col0 (type: string)
                       Statistics: Num rows: 2000 Data size: 21248 Basic stats: COMPLETE Column stats: NONE
             Execution mode: llap
+            LLAP IO: no inputs
         Map 4 
             Map Operator Tree:
                 TableScan
@@ -2653,6 +2693,7 @@ STAGE PLANS:
                             Statistics: Num rows: 1 Data size: 188 Basic stats: COMPLETE Column stats: NONE
                             Target Vertex: Map 1
             Execution mode: vectorized, llap
+            LLAP IO: all inputs
         Reducer 2 
             Execution mode: llap
             Reduce Operator Tree:
@@ -2732,6 +2773,7 @@ STAGE PLANS:
                       Statistics: Num rows: 1000 Data size: 10624 Basic stats: COMPLETE Column stats: NONE
                       value expressions: _col1 (type: string)
             Execution mode: llap
+            LLAP IO: no inputs
         Map 5 
             Map Operator Tree:
                 TableScan
@@ -2766,6 +2808,7 @@ STAGE PLANS:
                             Statistics: Num rows: 1 Data size: 188 Basic stats: COMPLETE Column stats: NONE
                             Target Vertex: Map 1
             Execution mode: vectorized, llap
+            LLAP IO: all inputs
         Map 6 
             Map Operator Tree:
                 TableScan
@@ -2785,6 +2828,7 @@ STAGE PLANS:
                         Map-reduce partition columns: _col0 (type: string)
                         Statistics: Num rows: 1 Data size: 172 Basic stats: COMPLETE Column stats: NONE
             Execution mode: vectorized, llap
+            LLAP IO: all inputs
         Reducer 2 
             Execution mode: llap
             Reduce Operator Tree:
@@ -2901,6 +2945,7 @@ STAGE PLANS:
                         Statistics: Num rows: 1 Data size: 0 Basic stats: PARTIAL Column stats: NONE
                         value expressions: _col1 (type: string)
             Execution mode: vectorized, llap
+            LLAP IO: unknown
         Map 5 
             Map Operator Tree:
                 TableScan
@@ -2920,6 +2965,7 @@ STAGE PLANS:
                         Map-reduce partition columns: _col0 (type: string)
                         Statistics: Num rows: 1 Data size: 188 Basic stats: COMPLETE Column stats: NONE
             Execution mode: vectorized, llap
+            LLAP IO: all inputs
         Map 6 
             Map Operator Tree:
                 TableScan
@@ -2939,6 +2985,7 @@ STAGE PLANS:
                         Map-reduce partition columns: _col0 (type: string)
                         Statistics: Num rows: 1 Data size: 172 Basic stats: COMPLETE Column stats: NONE
             Execution mode: vectorized, llap
+            LLAP IO: all inputs
         Reducer 2 
             Execution mode: llap
             Reduce Operator Tree:
@@ -3048,6 +3095,7 @@ STAGE PLANS:
                       Map-reduce partition columns: _col0 (type: string)
                       Statistics: Num rows: 2000 Data size: 21248 Basic stats: COMPLETE Column stats: NONE
             Execution mode: llap
+            LLAP IO: no inputs
         Map 4 
             Map Operator Tree:
                 TableScan
@@ -3067,6 +3115,7 @@ STAGE PLANS:
                         Statistics: Num rows: 1 Data size: 84 Basic stats: COMPLETE Column stats: NONE
                         value expressions: _col0 (type: string)
             Execution mode: llap
+            LLAP IO: no inputs
         Map 7 
             Map Operator Tree:
                 TableScan
@@ -3086,6 +3135,7 @@ STAGE PLANS:
                         Statistics: Num rows: 1 Data size: 84 Basic stats: COMPLETE Column stats: NONE
                         value expressions: _col0 (type: string)
             Execution mode: llap
+            LLAP IO: no inputs
         Reducer 2 
             Execution mode: llap
             Reduce Operator Tree:
@@ -3253,6 +3303,7 @@ STAGE PLANS:
                       Map-reduce partition columns: _col0 (type: string)
                       Statistics: Num rows: 2000 Data size: 21248 Basic stats: COMPLETE Column stats: NONE
             Execution mode: llap
+            LLAP IO: no inputs
         Map 4 
             Map Operator Tree:
                 TableScan
@@ -3272,6 +3323,7 @@ STAGE PLANS:
                         Statistics: Num rows: 1 Data size: 84 Basic stats: COMPLETE Column stats: NONE
                         value expressions: _col0 (type: string)
             Execution mode: llap
+            LLAP IO: no inputs
         Map 7 
             Map Operator Tree:
                 TableScan
@@ -3291,6 +3343,7 @@ STAGE PLANS:
                         Statistics: Num rows: 1 Data size: 84 Basic stats: COMPLETE Column stats: NONE
                         value expressions: _col0 (type: string)
             Execution mode: llap
+            LLAP IO: no inputs
         Reducer 2 
             Execution mode: llap
             Reduce Operator Tree:
@@ -3463,6 +3516,7 @@ STAGE PLANS:
                       Map-reduce partition columns: _col0 (type: string)
                       Statistics: Num rows: 2000 Data size: 21248 Basic stats: COMPLETE Column stats: NONE
             Execution mode: llap
+            LLAP IO: no inputs
         Map 10 
             Map Operator Tree:
                 TableScan
@@ -3482,6 +3536,7 @@ STAGE PLANS:
                         Statistics: Num rows: 1 Data size: 84 Basic stats: COMPLETE Column stats: NONE
                         value expressions: _col0 (type: string)
             Execution mode: llap
+            LLAP IO: no inputs
         Map 5 
             Map Operator Tree:
                 TableScan
@@ -3499,6 +3554,7 @@ STAGE PLANS:
                       Map-reduce partition columns: _col0 (type: string)
                       Statistics: Num rows: 2000 Data size: 21248 Basic stats: COMPLETE Column stats: NONE
             Execution mode: llap
+            LLAP IO: no inputs
         Map 7 
             Map Operator Tree:
                 TableScan
@@ -3518,6 +3574,7 @@ STAGE PLANS:
                         Statistics: Num rows: 1 Data size: 84 Basic stats: COMPLETE Column stats: NONE
                         value expressions: _col0 (type: string)
             Execution mode: llap
+            LLAP IO: no inputs
         Reducer 11 
             Execution mode: vectorized, llap
             Reduce Operator Tree:
@@ -3744,6 +3801,7 @@ STAGE PLANS:
                           Statistics: Num rows: 1 Data size: 8 Basic stats: COMPLETE Column stats: NONE
                           value expressions: _col0 (type: bigint)
             Execution mode: llap
+            LLAP IO: no inputs
         Map 3 
             Map Operator Tree:
                 TableScan
@@ -3778,6 +3836,7 @@ STAGE PLANS:
                             Statistics: Num rows: 1 Data size: 188 Basic stats: COMPLETE Column stats: NONE
                             Target Vertex: Map 1
             Execution mode: vectorized, llap
+            LLAP IO: all inputs
         Reducer 2 
             Execution mode: vectorized, llap
             Reduce Operator Tree:
@@ -3893,6 +3952,7 @@ STAGE PLANS:
                             Statistics: Num rows: 1 Data size: 8 Basic stats: COMPLETE Column stats: NONE
                             value expressions: _col0 (type: bigint)
             Execution mode: llap
+            LLAP IO: no inputs
         Map 3 
             Map Operator Tree:
                 TableScan
@@ -3927,6 +3987,7 @@ STAGE PLANS:
                             Statistics: Num rows: 1 Data size: 188 Basic stats: COMPLETE Column stats: NONE
                             Target Vertex: Map 1
             Execution mode: vectorized, llap
+            LLAP IO: all inputs
         Map 4 
             Map Operator Tree:
                 TableScan
@@ -3961,6 +4022,7 @@ STAGE PLANS:
                             Statistics: Num rows: 1 Data size: 172 Basic stats: COMPLETE Column stats: NONE
                             Target Vertex: Map 1
             Execution mode: vectorized, llap
+            LLAP IO: all inputs
         Reducer 2 
             Execution mode: vectorized, llap
             Reduce Operator Tree:
@@ -4065,6 +4127,7 @@ STAGE PLANS:
                           Statistics: Num rows: 1 Data size: 8 Basic stats: COMPLETE Column stats: NONE
                           value expressions: _col0 (type: bigint)
             Execution mode: llap
+            LLAP IO: no inputs
         Map 3 
             Map Operator Tree:
                 TableScan
@@ -4114,6 +4177,7 @@ STAGE PLANS:
                             Statistics: Num rows: 1 Data size: 360 Basic stats: COMPLETE Column stats: NONE
                             Target Vertex: Map 1
             Execution mode: vectorized, llap
+            LLAP IO: all inputs
         Reducer 2 
             Execution mode: vectorized, llap
             Reduce Operator Tree:
@@ -4215,6 +4279,7 @@ STAGE PLANS:
                           Statistics: Num rows: 1 Data size: 8 Basic stats: COMPLETE Column stats: NONE
                           value expressions: _col0 (type: bigint)
             Execution mode: llap
+            LLAP IO: no inputs
         Map 3 
             Map Operator Tree:
                 TableScan
@@ -4249,6 +4314,7 @@ STAGE PLANS:
                             Statistics: Num rows: 1 Data size: 188 Basic stats: COMPLETE Column stats: NONE
                             Target Vertex: Map 1
             Execution mode: vectorized, llap
+            LLAP IO: all inputs
         Reducer 2 
             Execution mode: vectorized, llap
             Reduce Operator Tree:
@@ -4326,6 +4392,7 @@ STAGE PLANS:
                           Statistics: Num rows: 1 Data size: 8 Basic stats: COMPLETE Column stats: NONE
                           value expressions: _col0 (type: bigint)
             Execution mode: llap
+            LLAP IO: no inputs
         Map 3 
             Map Operator Tree:
                 TableScan
@@ -4360,6 +4427,7 @@ STAGE PLANS:
                             Statistics: Num rows: 1 Data size: 94 Basic stats: COMPLETE Column stats: NONE
                             Target Vertex: Map 1
             Execution mode: vectorized, llap
+            LLAP IO: all inputs
         Reducer 2 
             Execution mode: vectorized, llap
             Reduce Operator Tree:
@@ -4448,6 +4516,7 @@ STAGE PLANS:
                           Statistics: Num rows: 1 Data size: 8 Basic stats: COMPLETE Column stats: NONE
                           value expressions: _col0 (type: bigint)
             Execution mode: llap
+            LLAP IO: no inputs
         Map 3 
             Map Operator Tree:
                 TableScan
@@ -4482,6 +4551,7 @@ STAGE PLANS:
                             Statistics: Num rows: 1 Data size: 94 Basic stats: COMPLETE Column stats: NONE
                             Target Vertex: Map 1
             Execution mode: vectorized, llap
+            LLAP IO: all inputs
         Reducer 2 
             Execution mode: vectorized, llap
             Reduce Operator Tree:
@@ -4586,6 +4656,7 @@ STAGE PLANS:
                           Statistics: Num rows: 1 Data size: 8 Basic stats: COMPLETE Column stats: NONE
                           value expressions: _col0 (type: bigint)
             Execution mode: llap
+            LLAP IO: no inputs
         Map 3 
             Map Operator Tree:
                 TableScan
@@ -4603,6 +4674,7 @@ STAGE PLANS:
                       Map-reduce partition columns: '2008-04-08' (type: string)
                       Statistics: Num rows: 1000 Data size: 10624 Basic stats: COMPLETE Column stats: NONE
             Execution mode: llap
+            LLAP IO: no inputs
         Reducer 2 
             Execution mode: vectorized, llap
             Reduce Operator Tree:
@@ -4734,6 +4806,7 @@ STAGE PLANS:
                           Statistics: Num rows: 1 Data size: 8 Basic stats: COMPLETE Column stats: NONE
                           value expressions: _col0 (type: bigint)
             Execution mode: llap
+            LLAP IO: no inputs
         Map 3 
             Map Operator Tree:
                 TableScan
@@ -4768,6 +4841,7 @@ STAGE PLANS:
                             Statistics: Num rows: 1 Data size: 188 Basic stats: COMPLETE Column stats: NONE
                             Target Vertex: Map 1
             Execution mode: vectorized, llap
+            LLAP IO: all inputs
         Reducer 2 
             Execution mode: vectorized, llap
             Reduce Operator Tree:
@@ -4840,6 +4914,7 @@ STAGE PLANS:
                             Statistics: Num rows: 1 Data size: 8 Basic stats: COMPLETE Column stats: NONE
                             value expressions: _col0 (type: bigint)
             Execution mode: vectorized, llap
+            LLAP IO: all inputs
         Map 3 
             Map Operator Tree:
                 TableScan
@@ -4855,6 +4930,7 @@ STAGE PLANS:
                       Map-reduce partition columns: _col0 (type: string)
                       Statistics: Num rows: 2000 Data size: 21248 Basic stats: COMPLETE Column stats: NONE
             Execution mode: llap
+            LLAP IO: no inputs
         Reducer 2 
             Execution mode: vectorized, llap
             Reduce Operator Tree:
@@ -4911,6 +4987,7 @@ STAGE PLANS:
                       Map-reduce partition columns: _col0 (type: string)
                       Statistics: Num rows: 2000 Data size: 21248 Basic stats: COMPLETE Column stats: NONE
             Execution mode: llap
+            LLAP IO: no inputs
         Map 2 
             Map Operator Tree:
                 TableScan
@@ -4944,6 +5021,7 @@ STAGE PLANS:
                             Statistics: Num rows: 1 Data size: 8 Basic stats: COMPLETE Column stats: NONE
                             value expressions: _col0 (type: bigint)
             Execution mode: vectorized, llap
+            LLAP IO: all inputs
         Reducer 3 
             Execution mode: vectorized, llap
             Reduce Operator Tree:
@@ -5027,6 +5105,7 @@ STAGE PLANS:
                             Statistics: Num rows: 1 Data size: 8 Basic stats: COMPLETE Column stats: NONE
                             value expressions: _col0 (type: bigint)
             Execution mode: llap
+            LLAP IO: no inputs
         Map 3 
             Map Operator Tree:
                 TableScan
@@ -5061,6 +5140,7 @@ STAGE PLANS:
                             Statistics: Num rows: 1 Data size: 188 Basic stats: COMPLETE Column stats: NONE
                             Target Vertex: Map 1
             Execution mode: vectorized, llap
+            LLAP IO: all inputs
         Map 4 
             Map Operator Tree:
                 TableScan
@@ -5080,6 +5160,7 @@ STAGE PLANS:
                         Map-reduce partition columns: _col0 (type: string)
                         Statistics: Num rows: 1 Data size: 172 Basic stats: COMPLETE Column stats: NONE
             Execution mode: vectorized, llap
+            LLAP IO: all inputs
         Reducer 2 
             Execution mode: vectorized, llap
             Reduce Operator Tree:
@@ -5160,6 +5241,7 @@ STAGE PLANS:
                         Statistics: Num rows: 1 Data size: 0 Basic stats: PARTIAL Column stats: NONE
                         value expressions: _col1 (type: string)
             Execution mode: vectorized, llap
+            LLAP IO: unknown
         Map 2 
             Map Operator Tree:
                 TableScan
@@ -5204,6 +5286,7 @@ STAGE PLANS:
                               Statistics: Num rows: 1 Data size: 8 Basic stats: COMPLETE Column stats: NONE
                               value expressions: _col0 (type: bigint)
             Execution mode: vectorized, llap
+            LLAP IO: all inputs
         Map 4 
             Map Operator Tree:
                 TableScan
@@ -5223,6 +5306,7 @@ STAGE PLANS:
                         Map-reduce partition columns: _col0 (type: string)
                         Statistics: Num rows: 1 Data size: 172 Basic stats: COMPLETE Column stats: NONE
             Execution mode: vectorized, llap
+            LLAP IO: all inputs
         Reducer 3 
             Execution mode: vectorized, llap
             Reduce Operator Tree:
@@ -5306,6 +5390,7 @@ STAGE PLANS:
                           Map-reduce partition columns: _col0 (type: string)
                           Statistics: Num rows: 2200 Data size: 23372 Basic stats: COMPLETE Column stats: NONE
             Execution mode: llap
+            LLAP IO: no inputs
         Map 3 
             Map Operator Tree:
                 TableScan
@@ -5325,6 +5410,7 @@ STAGE PLANS:
                         Statistics: Num rows: 1 Data size: 84 Basic stats: COMPLETE Column stats: NONE
                         value expressions: _col0 (type: string)
             Execution mode: llap
+            LLAP IO: no inputs
         Map 6 
             Map Operator Tree:
                 TableScan
@@ -5344,6 +5430,7 @@ STAGE PLANS:
                         Statistics: Num rows: 1 Data size: 84 Basic stats: COMPLETE Column stats: NONE
                         value expressions: _col0 (type: string)
             Execution mode: llap
+            LLAP IO: no inputs
         Reducer 2 
             Execution mode: vectorized, llap
             Reduce Operator Tree:
@@ -5541,6 +5628,7 @@ STAGE PLANS:
                           Statistics: Num rows: 1 Data size: 8 Basic stats: COMPLETE Column stats: NONE
                           value expressions: _col0 (type: bigint)
             Execution mode: llap
+            LLAP IO: no inputs
         Map 3 
             Map Operator Tree:
                 TableScan
@@ -5590,6 +5678,7 @@ STAGE PLANS:
                             Statistics: Num rows: 2 Data size: 720 Basic stats: COMPLETE Column stats: NONE
                             Target Vertex: Map 1
             Execution mode: llap
+            LLAP IO: no inputs
         Reducer 2 
             Execution mode: llap
             Reduce Operator Tree:
diff --git a/ql/src/test/results/clientpositive/tez/llapdecider.q.out b/ql/src/test/results/clientpositive/tez/llapdecider.q.out
index db3bf22c6d..df908351d2 100644
--- a/ql/src/test/results/clientpositive/tez/llapdecider.q.out
+++ b/ql/src/test/results/clientpositive/tez/llapdecider.q.out
@@ -193,6 +193,7 @@ STAGE PLANS:
                         Statistics: Num rows: 500 Data size: 88000 Basic stats: COMPLETE Column stats: NONE
                         value expressions: _col1 (type: bigint)
             Execution mode: llap
+            LLAP IO: no inputs
         Reducer 2 
             Execution mode: llap
             Reduce Operator Tree:
@@ -275,6 +276,7 @@ STAGE PLANS:
                         Statistics: Num rows: 205 Data size: 19475 Basic stats: COMPLETE Column stats: COMPLETE
                         value expressions: _col1 (type: bigint)
             Execution mode: llap
+            LLAP IO: no inputs
         Reducer 2 
             Execution mode: llap
             Reduce Operator Tree:
@@ -346,6 +348,7 @@ STAGE PLANS:
                         Statistics: Num rows: 500 Data size: 89000 Basic stats: COMPLETE Column stats: COMPLETE
                         value expressions: _col1 (type: string)
             Execution mode: llap
+            LLAP IO: no inputs
         Map 4 
             Map Operator Tree:
                 TableScan
@@ -435,6 +438,7 @@ STAGE PLANS:
                         Statistics: Num rows: 500 Data size: 89000 Basic stats: COMPLETE Column stats: COMPLETE
                         value expressions: _col1 (type: string)
             Execution mode: llap
+            LLAP IO: no inputs
         Map 4 
             Map Operator Tree:
                 TableScan
@@ -454,6 +458,7 @@ STAGE PLANS:
                         Statistics: Num rows: 500 Data size: 89000 Basic stats: COMPLETE Column stats: COMPLETE
                         value expressions: _col1 (type: string)
             Execution mode: llap
+            LLAP IO: no inputs
         Reducer 2 
             Execution mode: llap
             Reduce Operator Tree:
@@ -527,6 +532,7 @@ STAGE PLANS:
                         Statistics: Num rows: 500 Data size: 89000 Basic stats: COMPLETE Column stats: COMPLETE
                         value expressions: _col1 (type: string)
             Execution mode: llap
+            LLAP IO: no inputs
         Map 4 
             Map Operator Tree:
                 TableScan
@@ -794,6 +800,7 @@ STAGE PLANS:
                         Statistics: Num rows: 500 Data size: 89000 Basic stats: COMPLETE Column stats: COMPLETE
                         value expressions: _col1 (type: string)
             Execution mode: llap
+            LLAP IO: no inputs
         Map 4 
             Map Operator Tree:
                 TableScan
@@ -813,6 +820,7 @@ STAGE PLANS:
                         Statistics: Num rows: 500 Data size: 89000 Basic stats: COMPLETE Column stats: COMPLETE
                         value expressions: _col1 (type: string)
             Execution mode: llap
+            LLAP IO: no inputs
         Reducer 2 
             Reduce Operator Tree:
               Merge Join Operator
@@ -972,6 +980,7 @@ STAGE PLANS:
                         Statistics: Num rows: 500 Data size: 89000 Basic stats: COMPLETE Column stats: COMPLETE
                         value expressions: _col1 (type: string)
             Execution mode: llap
+            LLAP IO: no inputs
         Map 4 
             Map Operator Tree:
                 TableScan
@@ -991,6 +1000,7 @@ STAGE PLANS:
                         Statistics: Num rows: 500 Data size: 89000 Basic stats: COMPLETE Column stats: COMPLETE
                         value expressions: _col1 (type: string)
             Execution mode: llap
+            LLAP IO: no inputs
         Reducer 2 
             Execution mode: llap
             Reduce Operator Tree:
@@ -1072,6 +1082,7 @@ STAGE PLANS:
                           Statistics: Num rows: 1 Data size: 8 Basic stats: COMPLETE Column stats: COMPLETE
                           value expressions: _col0 (type: bigint)
             Execution mode: llap
+            LLAP IO: no inputs
         Reducer 2 
             Execution mode: uber
             Reduce Operator Tree:
@@ -1248,6 +1259,7 @@ STAGE PLANS:
                           Statistics: Num rows: 1 Data size: 8 Basic stats: COMPLETE Column stats: COMPLETE
                           value expressions: _col0 (type: bigint)
             Execution mode: llap
+            LLAP IO: no inputs
         Reducer 2 
             Execution mode: uber
             Reduce Operator Tree:
diff --git a/storage-api/src/java/org/apache/hadoop/hive/common/io/encoded/EncodedColumnBatch.java b/storage-api/src/java/org/apache/hadoop/hive/common/io/encoded/EncodedColumnBatch.java
index ddba8899b8..907181eed3 100644
--- a/storage-api/src/java/org/apache/hadoop/hive/common/io/encoded/EncodedColumnBatch.java
+++ b/storage-api/src/java/org/apache/hadoop/hive/common/io/encoded/EncodedColumnBatch.java
@@ -110,7 +110,7 @@ public void setAllStreamsData(int colIxMod, int colIx, ColumnStreamData[] sbs) {
   }
 
   public BatchKey getBatchKey() {
-    return batchKey; // TODO#: who uses this? can we remove fileId?
+    return batchKey;
   }
 
   public ColumnStreamData[][] getColumnData() {
