diff --git a/ql/src/test/results/clientpositive/spark/index_bitmap3.q.out b/ql/src/test/results/clientpositive/spark/index_bitmap3.q.out
index d0ed328a7a..b77966d54a 100644
--- a/ql/src/test/results/clientpositive/spark/index_bitmap3.q.out
+++ b/ql/src/test/results/clientpositive/spark/index_bitmap3.q.out
@@ -110,45 +110,45 @@ STAGE PLANS:
   Stage: Stage-1
     Spark
       Edges:
-        Reducer 2 <- Map 1 (PARTITION-LEVEL SORT, 2), Map 4 (PARTITION-LEVEL SORT, 2)
-        Reducer 3 <- Reducer 2 (GROUP, 2)
+        Reducer 2 <- Map 1 (PARTITION-LEVEL SORT, 4), Map 4 (PARTITION-LEVEL SORT, 4)
+        Reducer 3 <- Reducer 2 (GROUP, 4)
 #### A masked pattern was here ####
       Vertices:
         Map 1 
             Map Operator Tree:
                 TableScan
                   alias: default__src_src1_index__
-                  Statistics: Num rows: 500 Data size: 56811 Basic stats: COMPLETE Column stats: NONE
+                  Statistics: Num rows: 500 Data size: 46311 Basic stats: COMPLETE Column stats: NONE
                   Filter Operator
                     predicate: ((UDFToDouble(key) = 0.0) and _bucketname is not null and _offset is not null) (type: boolean)
-                    Statistics: Num rows: 250 Data size: 28405 Basic stats: COMPLETE Column stats: NONE
+                    Statistics: Num rows: 250 Data size: 23155 Basic stats: COMPLETE Column stats: NONE
                     Select Operator
                       expressions: _bucketname (type: string), _offset (type: bigint), _bitmaps (type: array<bigint>)
                       outputColumnNames: _col0, _col1, _col2
-                      Statistics: Num rows: 250 Data size: 28405 Basic stats: COMPLETE Column stats: NONE
+                      Statistics: Num rows: 250 Data size: 23155 Basic stats: COMPLETE Column stats: NONE
                       Reduce Output Operator
                         key expressions: _col0 (type: string), _col1 (type: bigint)
                         sort order: ++
                         Map-reduce partition columns: _col0 (type: string), _col1 (type: bigint)
-                        Statistics: Num rows: 250 Data size: 28405 Basic stats: COMPLETE Column stats: NONE
+                        Statistics: Num rows: 250 Data size: 23155 Basic stats: COMPLETE Column stats: NONE
                         value expressions: _col2 (type: array<bigint>)
         Map 4 
             Map Operator Tree:
                 TableScan
                   alias: default__src_src2_index__
-                  Statistics: Num rows: 500 Data size: 58811 Basic stats: COMPLETE Column stats: NONE
+                  Statistics: Num rows: 500 Data size: 48311 Basic stats: COMPLETE Column stats: NONE
                   Filter Operator
                     predicate: ((value = 'val_0') and _bucketname is not null and _offset is not null) (type: boolean)
-                    Statistics: Num rows: 250 Data size: 29405 Basic stats: COMPLETE Column stats: NONE
+                    Statistics: Num rows: 250 Data size: 24155 Basic stats: COMPLETE Column stats: NONE
                     Select Operator
                       expressions: _bucketname (type: string), _offset (type: bigint), _bitmaps (type: array<bigint>)
                       outputColumnNames: _col0, _col1, _col2
-                      Statistics: Num rows: 250 Data size: 29405 Basic stats: COMPLETE Column stats: NONE
+                      Statistics: Num rows: 250 Data size: 24155 Basic stats: COMPLETE Column stats: NONE
                       Reduce Output Operator
                         key expressions: _col0 (type: string), _col1 (type: bigint)
                         sort order: ++
                         Map-reduce partition columns: _col0 (type: string), _col1 (type: bigint)
-                        Statistics: Num rows: 250 Data size: 29405 Basic stats: COMPLETE Column stats: NONE
+                        Statistics: Num rows: 250 Data size: 24155 Basic stats: COMPLETE Column stats: NONE
                         value expressions: _col2 (type: array<bigint>)
         Reducer 2 
             Reduce Operator Tree:
@@ -159,25 +159,25 @@ STAGE PLANS:
                   0 _col0 (type: string), _col1 (type: bigint)
                   1 _col0 (type: string), _col1 (type: bigint)
                 outputColumnNames: _col0, _col1, _col2, _col5
-                Statistics: Num rows: 275 Data size: 31245 Basic stats: COMPLETE Column stats: NONE
+                Statistics: Num rows: 275 Data size: 25470 Basic stats: COMPLETE Column stats: NONE
                 Filter Operator
                   predicate: (not EWAH_BITMAP_EMPTY(EWAH_BITMAP_AND(_col2,_col5))) (type: boolean)
-                  Statistics: Num rows: 138 Data size: 15679 Basic stats: COMPLETE Column stats: NONE
+                  Statistics: Num rows: 138 Data size: 12781 Basic stats: COMPLETE Column stats: NONE
                   Select Operator
                     expressions: _col0 (type: string), _col1 (type: bigint)
                     outputColumnNames: _col0, _col1
-                    Statistics: Num rows: 138 Data size: 15679 Basic stats: COMPLETE Column stats: NONE
+                    Statistics: Num rows: 138 Data size: 12781 Basic stats: COMPLETE Column stats: NONE
                     Group By Operator
                       aggregations: collect_set(_col1)
                       keys: _col0 (type: string)
                       mode: hash
                       outputColumnNames: _col0, _col1
-                      Statistics: Num rows: 138 Data size: 15679 Basic stats: COMPLETE Column stats: NONE
+                      Statistics: Num rows: 138 Data size: 12781 Basic stats: COMPLETE Column stats: NONE
                       Reduce Output Operator
                         key expressions: _col0 (type: string)
                         sort order: +
                         Map-reduce partition columns: _col0 (type: string)
-                        Statistics: Num rows: 138 Data size: 15679 Basic stats: COMPLETE Column stats: NONE
+                        Statistics: Num rows: 138 Data size: 12781 Basic stats: COMPLETE Column stats: NONE
                         value expressions: _col1 (type: array<bigint>)
         Reducer 3 
             Reduce Operator Tree:
@@ -186,10 +186,10 @@ STAGE PLANS:
                 keys: KEY._col0 (type: string)
                 mode: mergepartial
                 outputColumnNames: _col0, _col1
-                Statistics: Num rows: 69 Data size: 7839 Basic stats: COMPLETE Column stats: NONE
+                Statistics: Num rows: 69 Data size: 6390 Basic stats: COMPLETE Column stats: NONE
                 File Output Operator
                   compressed: false
-                  Statistics: Num rows: 69 Data size: 7839 Basic stats: COMPLETE Column stats: NONE
+                  Statistics: Num rows: 69 Data size: 6390 Basic stats: COMPLETE Column stats: NONE
                   table:
                       input format: org.apache.hadoop.mapred.SequenceFileInputFormat
                       output format: org.apache.hadoop.hive.ql.io.HiveSequenceFileOutputFormat
