diff --git a/ql/src/java/org/apache/hadoop/hive/ql/optimizer/calcite/translator/ASTBuilder.java b/ql/src/java/org/apache/hadoop/hive/ql/optimizer/calcite/translator/ASTBuilder.java
index 682d0cb9cf..2e1384aaa2 100644
--- a/ql/src/java/org/apache/hadoop/hive/ql/optimizer/calcite/translator/ASTBuilder.java
+++ b/ql/src/java/org/apache/hadoop/hive/ql/optimizer/calcite/translator/ASTBuilder.java
@@ -248,7 +248,7 @@ static ASTNode literal(RexLiteral literal, boolean useTypeQualInLiteral) {
     case TIMESTAMP: {
       val = literal.getValue();
       type = HiveParser.TOK_TIMESTAMPLITERAL;
-      DateFormat df = new SimpleDateFormat("yyyy-MM-dd HH:mm:ss");
+      DateFormat df = new SimpleDateFormat("yyyy-MM-dd HH:mm:ss.SSS");
       val = df.format(((Calendar) val).getTime());
       val = "'" + val + "'";
     }
diff --git a/ql/src/test/queries/clientpositive/timestamp.q b/ql/src/test/queries/clientpositive/timestamp.q
new file mode 100644
index 0000000000..4a040809c8
--- /dev/null
+++ b/ql/src/test/queries/clientpositive/timestamp.q
@@ -0,0 +1,10 @@
+set hive.mapred.mode=nonstrict;
+-- SORT_QUERY_RESULTS
+
+explain select cast('2011-01-01 01:01:01' as timestamp) as c from src union select cast('2011-01-01 01:01:01' as timestamp) as c from src limit 5;
+
+select cast('2011-01-01 01:01:01' as timestamp) as c from src union select cast('2011-01-01 01:01:01' as timestamp) as c from src limit 5;
+
+explain select cast('2011-01-01 01:01:01.123' as timestamp) as c from src union select cast('2011-01-01 01:01:01.123' as timestamp) as c from src limit 5;
+
+select cast('2011-01-01 01:01:01.123' as timestamp) as c from src union select cast('2011-01-01 01:01:01.123' as timestamp) as c from src limit 5;
diff --git a/ql/src/test/results/clientpositive/timestamp.q.out b/ql/src/test/results/clientpositive/timestamp.q.out
new file mode 100644
index 0000000000..7c08ec8f8f
--- /dev/null
+++ b/ql/src/test/results/clientpositive/timestamp.q.out
@@ -0,0 +1,180 @@
+PREHOOK: query: -- SORT_QUERY_RESULTS
+
+explain select cast('2011-01-01 01:01:01' as timestamp) as c from src union select cast('2011-01-01 01:01:01' as timestamp) as c from src limit 5
+PREHOOK: type: QUERY
+POSTHOOK: query: -- SORT_QUERY_RESULTS
+
+explain select cast('2011-01-01 01:01:01' as timestamp) as c from src union select cast('2011-01-01 01:01:01' as timestamp) as c from src limit 5
+POSTHOOK: type: QUERY
+STAGE DEPENDENCIES:
+  Stage-1 is a root stage
+  Stage-0 depends on stages: Stage-1
+
+STAGE PLANS:
+  Stage: Stage-1
+    Map Reduce
+      Map Operator Tree:
+          TableScan
+            alias: src
+            Statistics: Num rows: 500 Data size: 5312 Basic stats: COMPLETE Column stats: COMPLETE
+            Select Operator
+              Statistics: Num rows: 500 Data size: 20000 Basic stats: COMPLETE Column stats: COMPLETE
+              Union
+                Statistics: Num rows: 1000 Data size: 40000 Basic stats: COMPLETE Column stats: COMPLETE
+                Select Operator
+                  Statistics: Num rows: 1000 Data size: 40000 Basic stats: COMPLETE Column stats: COMPLETE
+                  Group By Operator
+                    keys: 2011-01-01 01:01:01.0 (type: timestamp)
+                    mode: hash
+                    outputColumnNames: _col0
+                    Statistics: Num rows: 1 Data size: 40 Basic stats: COMPLETE Column stats: COMPLETE
+                    Reduce Output Operator
+                      key expressions: _col0 (type: timestamp)
+                      sort order: +
+                      Map-reduce partition columns: _col0 (type: timestamp)
+                      Statistics: Num rows: 1 Data size: 40 Basic stats: COMPLETE Column stats: COMPLETE
+                      TopN Hash Memory Usage: 0.1
+          TableScan
+            alias: src
+            Statistics: Num rows: 500 Data size: 5312 Basic stats: COMPLETE Column stats: COMPLETE
+            Select Operator
+              Statistics: Num rows: 500 Data size: 20000 Basic stats: COMPLETE Column stats: COMPLETE
+              Union
+                Statistics: Num rows: 1000 Data size: 40000 Basic stats: COMPLETE Column stats: COMPLETE
+                Select Operator
+                  Statistics: Num rows: 1000 Data size: 40000 Basic stats: COMPLETE Column stats: COMPLETE
+                  Group By Operator
+                    keys: 2011-01-01 01:01:01.0 (type: timestamp)
+                    mode: hash
+                    outputColumnNames: _col0
+                    Statistics: Num rows: 1 Data size: 40 Basic stats: COMPLETE Column stats: COMPLETE
+                    Reduce Output Operator
+                      key expressions: _col0 (type: timestamp)
+                      sort order: +
+                      Map-reduce partition columns: _col0 (type: timestamp)
+                      Statistics: Num rows: 1 Data size: 40 Basic stats: COMPLETE Column stats: COMPLETE
+                      TopN Hash Memory Usage: 0.1
+      Reduce Operator Tree:
+        Group By Operator
+          keys: KEY._col0 (type: timestamp)
+          mode: mergepartial
+          outputColumnNames: _col0
+          Statistics: Num rows: 1 Data size: 40 Basic stats: COMPLETE Column stats: COMPLETE
+          Select Operator
+            expressions: 2011-01-01 01:01:01.0 (type: timestamp)
+            outputColumnNames: _col0
+            Statistics: Num rows: 1 Data size: 40 Basic stats: COMPLETE Column stats: COMPLETE
+            Limit
+              Number of rows: 5
+              Statistics: Num rows: 1 Data size: 40 Basic stats: COMPLETE Column stats: COMPLETE
+              File Output Operator
+                compressed: false
+                Statistics: Num rows: 1 Data size: 40 Basic stats: COMPLETE Column stats: COMPLETE
+                table:
+                    input format: org.apache.hadoop.mapred.SequenceFileInputFormat
+                    output format: org.apache.hadoop.hive.ql.io.HiveSequenceFileOutputFormat
+                    serde: org.apache.hadoop.hive.serde2.lazy.LazySimpleSerDe
+
+  Stage: Stage-0
+    Fetch Operator
+      limit: 5
+      Processor Tree:
+        ListSink
+
+PREHOOK: query: select cast('2011-01-01 01:01:01' as timestamp) as c from src union select cast('2011-01-01 01:01:01' as timestamp) as c from src limit 5
+PREHOOK: type: QUERY
+PREHOOK: Input: default@src
+#### A masked pattern was here ####
+POSTHOOK: query: select cast('2011-01-01 01:01:01' as timestamp) as c from src union select cast('2011-01-01 01:01:01' as timestamp) as c from src limit 5
+POSTHOOK: type: QUERY
+POSTHOOK: Input: default@src
+#### A masked pattern was here ####
+2011-01-01 01:01:01
+PREHOOK: query: explain select cast('2011-01-01 01:01:01.123' as timestamp) as c from src union select cast('2011-01-01 01:01:01.123' as timestamp) as c from src limit 5
+PREHOOK: type: QUERY
+POSTHOOK: query: explain select cast('2011-01-01 01:01:01.123' as timestamp) as c from src union select cast('2011-01-01 01:01:01.123' as timestamp) as c from src limit 5
+POSTHOOK: type: QUERY
+STAGE DEPENDENCIES:
+  Stage-1 is a root stage
+  Stage-0 depends on stages: Stage-1
+
+STAGE PLANS:
+  Stage: Stage-1
+    Map Reduce
+      Map Operator Tree:
+          TableScan
+            alias: src
+            Statistics: Num rows: 500 Data size: 5312 Basic stats: COMPLETE Column stats: COMPLETE
+            Select Operator
+              Statistics: Num rows: 500 Data size: 20000 Basic stats: COMPLETE Column stats: COMPLETE
+              Union
+                Statistics: Num rows: 1000 Data size: 40000 Basic stats: COMPLETE Column stats: COMPLETE
+                Select Operator
+                  Statistics: Num rows: 1000 Data size: 40000 Basic stats: COMPLETE Column stats: COMPLETE
+                  Group By Operator
+                    keys: 2011-01-01 01:01:01.123 (type: timestamp)
+                    mode: hash
+                    outputColumnNames: _col0
+                    Statistics: Num rows: 1 Data size: 40 Basic stats: COMPLETE Column stats: COMPLETE
+                    Reduce Output Operator
+                      key expressions: _col0 (type: timestamp)
+                      sort order: +
+                      Map-reduce partition columns: _col0 (type: timestamp)
+                      Statistics: Num rows: 1 Data size: 40 Basic stats: COMPLETE Column stats: COMPLETE
+                      TopN Hash Memory Usage: 0.1
+          TableScan
+            alias: src
+            Statistics: Num rows: 500 Data size: 5312 Basic stats: COMPLETE Column stats: COMPLETE
+            Select Operator
+              Statistics: Num rows: 500 Data size: 20000 Basic stats: COMPLETE Column stats: COMPLETE
+              Union
+                Statistics: Num rows: 1000 Data size: 40000 Basic stats: COMPLETE Column stats: COMPLETE
+                Select Operator
+                  Statistics: Num rows: 1000 Data size: 40000 Basic stats: COMPLETE Column stats: COMPLETE
+                  Group By Operator
+                    keys: 2011-01-01 01:01:01.123 (type: timestamp)
+                    mode: hash
+                    outputColumnNames: _col0
+                    Statistics: Num rows: 1 Data size: 40 Basic stats: COMPLETE Column stats: COMPLETE
+                    Reduce Output Operator
+                      key expressions: _col0 (type: timestamp)
+                      sort order: +
+                      Map-reduce partition columns: _col0 (type: timestamp)
+                      Statistics: Num rows: 1 Data size: 40 Basic stats: COMPLETE Column stats: COMPLETE
+                      TopN Hash Memory Usage: 0.1
+      Reduce Operator Tree:
+        Group By Operator
+          keys: KEY._col0 (type: timestamp)
+          mode: mergepartial
+          outputColumnNames: _col0
+          Statistics: Num rows: 1 Data size: 40 Basic stats: COMPLETE Column stats: COMPLETE
+          Select Operator
+            expressions: 2011-01-01 01:01:01.123 (type: timestamp)
+            outputColumnNames: _col0
+            Statistics: Num rows: 1 Data size: 40 Basic stats: COMPLETE Column stats: COMPLETE
+            Limit
+              Number of rows: 5
+              Statistics: Num rows: 1 Data size: 40 Basic stats: COMPLETE Column stats: COMPLETE
+              File Output Operator
+                compressed: false
+                Statistics: Num rows: 1 Data size: 40 Basic stats: COMPLETE Column stats: COMPLETE
+                table:
+                    input format: org.apache.hadoop.mapred.SequenceFileInputFormat
+                    output format: org.apache.hadoop.hive.ql.io.HiveSequenceFileOutputFormat
+                    serde: org.apache.hadoop.hive.serde2.lazy.LazySimpleSerDe
+
+  Stage: Stage-0
+    Fetch Operator
+      limit: 5
+      Processor Tree:
+        ListSink
+
+PREHOOK: query: select cast('2011-01-01 01:01:01.123' as timestamp) as c from src union select cast('2011-01-01 01:01:01.123' as timestamp) as c from src limit 5
+PREHOOK: type: QUERY
+PREHOOK: Input: default@src
+#### A masked pattern was here ####
+POSTHOOK: query: select cast('2011-01-01 01:01:01.123' as timestamp) as c from src union select cast('2011-01-01 01:01:01.123' as timestamp) as c from src limit 5
+POSTHOOK: type: QUERY
+POSTHOOK: Input: default@src
+#### A masked pattern was here ####
+2011-01-01 01:01:01.123
