diff --git a/ql/src/java/org/apache/hadoop/hive/ql/optimizer/stats/annotation/StatsRulesProcFactory.java b/ql/src/java/org/apache/hadoop/hive/ql/optimizer/stats/annotation/StatsRulesProcFactory.java
index 3944e10d38..3f82594a0a 100644
--- a/ql/src/java/org/apache/hadoop/hive/ql/optimizer/stats/annotation/StatsRulesProcFactory.java
+++ b/ql/src/java/org/apache/hadoop/hive/ql/optimizer/stats/annotation/StatsRulesProcFactory.java
@@ -29,6 +29,7 @@
 
 import org.apache.hadoop.hive.conf.HiveConf;
 import org.apache.hadoop.hive.ql.ErrorMsg;
+import org.apache.hadoop.hive.ql.exec.AbstractMapJoinOperator;
 import org.apache.hadoop.hive.ql.exec.ColumnInfo;
 import org.apache.hadoop.hive.ql.exec.CommonJoinOperator;
 import org.apache.hadoop.hive.ql.exec.FilterOperator;
@@ -61,6 +62,7 @@
 import org.apache.hadoop.hive.ql.plan.ExprNodeGenericFuncDesc;
 import org.apache.hadoop.hive.ql.plan.GroupByDesc;
 import org.apache.hadoop.hive.ql.plan.JoinDesc;
+import org.apache.hadoop.hive.ql.plan.MapJoinDesc;
 import org.apache.hadoop.hive.ql.plan.OperatorDesc;
 import org.apache.hadoop.hive.ql.plan.Statistics;
 import org.apache.hadoop.hive.ql.stats.StatsUtils;
@@ -1403,6 +1405,14 @@ public Object process(Node nd, Stack<Node> stack, NodeProcessorCtx procCtx,
           stats.updateColumnStatsState(parentStats.getColumnStatsState());
         }
 
+        if (numAttr == 0) {
+          // It is a cartesian product, row count is easy to infer
+          inferredRowCount = 1;
+          for (int pos = 0; pos < parents.size(); pos++) {
+            inferredRowCount = StatsUtils.safeMult(joinStats.get(pos).getNumRows(), inferredRowCount);
+          }
+        }
+
         List<Long> distinctVals = Lists.newArrayList();
         long denom = 1;
         if (inferredRowCount == -1) {
@@ -1470,27 +1480,51 @@ public Object process(Node nd, Stack<Node> stack, NodeProcessorCtx procCtx,
         // worst case when there are no column statistics
         float joinFactor = HiveConf.getFloatVar(conf, HiveConf.ConfVars.HIVE_STATS_JOIN_FACTOR);
         int numParents = parents.size();
-        List<Long> parentRows = Lists.newArrayList();
-        List<Long> parentSizes = Lists.newArrayList();
-        int maxRowIdx = 0;
+        long crossRowCount = 1;
+        long crossDataSize = 1;
         long maxRowCount = 0;
-        int idx = 0;
+        long maxDataSize = 0;
 
         for (Operator<? extends OperatorDesc> op : parents) {
           Statistics ps = op.getStatistics();
           long rowCount = ps.getNumRows();
+          long dataSize = ps.getDataSize();
+          // Update cross size
+          long newCrossRowCount = StatsUtils.safeMult(crossRowCount, rowCount);
+          long newCrossDataSize = StatsUtils.safeAdd(
+                  StatsUtils.safeMult(crossDataSize, rowCount),
+                  StatsUtils.safeMult(dataSize, crossRowCount));
+          crossRowCount = newCrossRowCount;
+          crossDataSize = newCrossDataSize;
+          // Update largest relation
           if (rowCount > maxRowCount) {
             maxRowCount = rowCount;
-            maxRowIdx = idx;
+            maxDataSize = dataSize;
           }
-          parentRows.add(rowCount);
-          parentSizes.add(ps.getDataSize());
-          idx++;
         }
 
-        long maxDataSize = parentSizes.get(maxRowIdx);
-        newNumRows = StatsUtils.safeMult(StatsUtils.safeMult(maxRowCount, (numParents - 1)), joinFactor);
-        long newDataSize = StatsUtils.safeMult(StatsUtils.safeMult(maxDataSize, (numParents - 1)), joinFactor);
+        long newDataSize;
+        // detect if there are attributes in join key
+        boolean cartesianProduct = false;
+        if (jop.getParentOperators().get(0) instanceof ReduceSinkOperator) {
+          ReduceSinkOperator rsOp = (ReduceSinkOperator) jop.getParentOperators().get(0);
+          List<String> keyExprs = StatsUtils.getQualifedReducerKeyNames(rsOp.getConf()
+              .getOutputKeyColumnNames());
+          cartesianProduct = keyExprs.size() == 0;
+        } else if (jop instanceof AbstractMapJoinOperator) {
+          AbstractMapJoinOperator<? extends MapJoinDesc> mjop =
+                  (AbstractMapJoinOperator<? extends MapJoinDesc>) jop;
+          List<ExprNodeDesc> keyExprs = mjop.getConf().getKeys().values().iterator().next();
+          cartesianProduct = keyExprs.size() == 0;
+        }
+        if (cartesianProduct) {
+          // Cartesian product
+          newNumRows = crossRowCount;
+          newDataSize = crossDataSize;
+        } else {
+          newNumRows = StatsUtils.safeMult(StatsUtils.safeMult(maxRowCount, (numParents - 1)), joinFactor);
+          newDataSize = StatsUtils.safeMult(StatsUtils.safeMult(maxDataSize, (numParents - 1)), joinFactor);
+        }
         Statistics wcStats = new Statistics();
         wcStats.setNumRows(newNumRows);
         wcStats.setDataSize(newDataSize);
diff --git a/ql/src/test/results/clientpositive/auto_join0.q.out b/ql/src/test/results/clientpositive/auto_join0.q.out
index 33a799c0ea..17c8dde788 100644
--- a/ql/src/test/results/clientpositive/auto_join0.q.out
+++ b/ql/src/test/results/clientpositive/auto_join0.q.out
@@ -98,7 +98,7 @@ STAGE PLANS:
                 0 
                 1 
               outputColumnNames: _col0, _col1, _col2, _col3
-              Statistics: Num rows: 182 Data size: 1939 Basic stats: COMPLETE Column stats: NONE
+              Statistics: Num rows: 27556 Data size: 612872 Basic stats: COMPLETE Column stats: NONE
               File Output Operator
                 compressed: false
                 table:
@@ -115,12 +115,12 @@ STAGE PLANS:
             Reduce Output Operator
               key expressions: _col0 (type: string), _col1 (type: string), _col2 (type: string), _col3 (type: string)
               sort order: ++++
-              Statistics: Num rows: 182 Data size: 1939 Basic stats: COMPLETE Column stats: NONE
+              Statistics: Num rows: 27556 Data size: 612872 Basic stats: COMPLETE Column stats: NONE
       Reduce Operator Tree:
         Select Operator
           expressions: KEY.reducesinkkey0 (type: string), KEY.reducesinkkey1 (type: string), KEY.reducesinkkey2 (type: string), KEY.reducesinkkey3 (type: string)
           outputColumnNames: _col0, _col1, _col2, _col3
-          Statistics: Num rows: 182 Data size: 1939 Basic stats: COMPLETE Column stats: NONE
+          Statistics: Num rows: 27556 Data size: 612872 Basic stats: COMPLETE Column stats: NONE
           Group By Operator
             aggregations: sum(hash(_col0,_col1,_col2,_col3))
             mode: hash
@@ -180,7 +180,7 @@ STAGE PLANS:
                 0 
                 1 
               outputColumnNames: _col0, _col1, _col2, _col3
-              Statistics: Num rows: 182 Data size: 1939 Basic stats: COMPLETE Column stats: NONE
+              Statistics: Num rows: 27556 Data size: 612872 Basic stats: COMPLETE Column stats: NONE
               File Output Operator
                 compressed: false
                 table:
@@ -211,7 +211,7 @@ STAGE PLANS:
             0 
             1 
           outputColumnNames: _col0, _col1, _col2, _col3
-          Statistics: Num rows: 182 Data size: 1939 Basic stats: COMPLETE Column stats: NONE
+          Statistics: Num rows: 27556 Data size: 612872 Basic stats: COMPLETE Column stats: NONE
           File Output Operator
             compressed: false
             table:
diff --git a/ql/src/test/results/clientpositive/auto_join23.q.out b/ql/src/test/results/clientpositive/auto_join23.q.out
index b6c2acc5d1..c0184ccd90 100644
--- a/ql/src/test/results/clientpositive/auto_join23.q.out
+++ b/ql/src/test/results/clientpositive/auto_join23.q.out
@@ -50,25 +50,25 @@ STAGE PLANS:
                   0 
                   1 
                 outputColumnNames: _col0, _col1, _col5, _col6
-                Statistics: Num rows: 182 Data size: 1939 Basic stats: COMPLETE Column stats: NONE
+                Statistics: Num rows: 27556 Data size: 612872 Basic stats: COMPLETE Column stats: NONE
                 Select Operator
                   expressions: _col0 (type: string), _col1 (type: string), _col5 (type: string), _col6 (type: string)
                   outputColumnNames: _col0, _col1, _col2, _col3
-                  Statistics: Num rows: 182 Data size: 1939 Basic stats: COMPLETE Column stats: NONE
+                  Statistics: Num rows: 27556 Data size: 612872 Basic stats: COMPLETE Column stats: NONE
                   Reduce Output Operator
                     key expressions: _col0 (type: string), _col1 (type: string), _col2 (type: string), _col3 (type: string)
                     sort order: ++++
-                    Statistics: Num rows: 182 Data size: 1939 Basic stats: COMPLETE Column stats: NONE
+                    Statistics: Num rows: 27556 Data size: 612872 Basic stats: COMPLETE Column stats: NONE
       Local Work:
         Map Reduce Local Work
       Reduce Operator Tree:
         Select Operator
           expressions: KEY.reducesinkkey0 (type: string), KEY.reducesinkkey1 (type: string), KEY.reducesinkkey2 (type: string), KEY.reducesinkkey3 (type: string)
           outputColumnNames: _col0, _col1, _col2, _col3
-          Statistics: Num rows: 182 Data size: 1939 Basic stats: COMPLETE Column stats: NONE
+          Statistics: Num rows: 27556 Data size: 612872 Basic stats: COMPLETE Column stats: NONE
           File Output Operator
             compressed: false
-            Statistics: Num rows: 182 Data size: 1939 Basic stats: COMPLETE Column stats: NONE
+            Statistics: Num rows: 27556 Data size: 612872 Basic stats: COMPLETE Column stats: NONE
             table:
                 input format: org.apache.hadoop.mapred.SequenceFileInputFormat
                 output format: org.apache.hadoop.hive.ql.io.HiveSequenceFileOutputFormat
diff --git a/ql/src/test/results/clientpositive/auto_sortmerge_join_12.q.out b/ql/src/test/results/clientpositive/auto_sortmerge_join_12.q.out
index 62c819e9c3..c31b97ebb0 100644
--- a/ql/src/test/results/clientpositive/auto_sortmerge_join_12.q.out
+++ b/ql/src/test/results/clientpositive/auto_sortmerge_join_12.q.out
@@ -386,7 +386,7 @@ STAGE PLANS:
                       0 
                       1 
                     Position of Big Table: 0
-                    Statistics: Num rows: 280 Data size: 28129 Basic stats: COMPLETE Column stats: NONE
+                    Statistics: Num rows: 255 Data size: 69177 Basic stats: COMPLETE Column stats: NONE
                     Group By Operator
                       aggregations: count()
                       mode: hash
diff --git a/ql/src/test/results/clientpositive/cbo_rp_cross_product_check_2.q.out b/ql/src/test/results/clientpositive/cbo_rp_cross_product_check_2.q.out
index 89f1746e36..432a75a206 100644
--- a/ql/src/test/results/clientpositive/cbo_rp_cross_product_check_2.q.out
+++ b/ql/src/test/results/clientpositive/cbo_rp_cross_product_check_2.q.out
@@ -80,10 +80,10 @@ STAGE PLANS:
                   0 
                   1 
                 outputColumnNames: key, value, key0, value0
-                Statistics: Num rows: 550 Data size: 5843 Basic stats: COMPLETE Column stats: NONE
+                Statistics: Num rows: 5000 Data size: 106120 Basic stats: COMPLETE Column stats: NONE
                 File Output Operator
                   compressed: false
-                  Statistics: Num rows: 550 Data size: 5843 Basic stats: COMPLETE Column stats: NONE
+                  Statistics: Num rows: 5000 Data size: 106120 Basic stats: COMPLETE Column stats: NONE
                   table:
                       input format: org.apache.hadoop.mapred.SequenceFileInputFormat
                       output format: org.apache.hadoop.hive.ql.io.HiveSequenceFileOutputFormat
@@ -174,10 +174,10 @@ STAGE PLANS:
                       0 
                       1 
                     outputColumnNames: key, value, key0, value0, key1, value1
-                    Statistics: Num rows: 550 Data size: 5843 Basic stats: COMPLETE Column stats: NONE
+                    Statistics: Num rows: 5500 Data size: 116432 Basic stats: COMPLETE Column stats: NONE
                     File Output Operator
                       compressed: false
-                      Statistics: Num rows: 550 Data size: 5843 Basic stats: COMPLETE Column stats: NONE
+                      Statistics: Num rows: 5500 Data size: 116432 Basic stats: COMPLETE Column stats: NONE
                       table:
                           input format: org.apache.hadoop.mapred.SequenceFileInputFormat
                           output format: org.apache.hadoop.hive.ql.io.HiveSequenceFileOutputFormat
@@ -314,10 +314,10 @@ STAGE PLANS:
                 0 
                 1 
               outputColumnNames: key, value, key0
-              Statistics: Num rows: 550 Data size: 5843 Basic stats: COMPLETE Column stats: NONE
+              Statistics: Num rows: 2500 Data size: 52560 Basic stats: COMPLETE Column stats: NONE
               File Output Operator
                 compressed: false
-                Statistics: Num rows: 550 Data size: 5843 Basic stats: COMPLETE Column stats: NONE
+                Statistics: Num rows: 2500 Data size: 52560 Basic stats: COMPLETE Column stats: NONE
                 table:
                     input format: org.apache.hadoop.mapred.SequenceFileInputFormat
                     output format: org.apache.hadoop.hive.ql.io.HiveSequenceFileOutputFormat
@@ -380,21 +380,21 @@ STAGE PLANS:
                   0 
                   1 
                 outputColumnNames: key
-                Statistics: Num rows: 11 Data size: 105 Basic stats: COMPLETE Column stats: NONE
+                Statistics: Num rows: 100 Data size: 1460 Basic stats: COMPLETE Column stats: NONE
                 Select Operator
                   expressions: key (type: string)
                   outputColumnNames: key
-                  Statistics: Num rows: 11 Data size: 105 Basic stats: COMPLETE Column stats: NONE
+                  Statistics: Num rows: 100 Data size: 1460 Basic stats: COMPLETE Column stats: NONE
                   Group By Operator
                     keys: key (type: string)
                     mode: hash
                     outputColumnNames: _col0
-                    Statistics: Num rows: 11 Data size: 105 Basic stats: COMPLETE Column stats: NONE
+                    Statistics: Num rows: 100 Data size: 1460 Basic stats: COMPLETE Column stats: NONE
                     Reduce Output Operator
                       key expressions: _col0 (type: string)
                       sort order: +
                       Map-reduce partition columns: _col0 (type: string)
-                      Statistics: Num rows: 11 Data size: 105 Basic stats: COMPLETE Column stats: NONE
+                      Statistics: Num rows: 100 Data size: 1460 Basic stats: COMPLETE Column stats: NONE
       Local Work:
         Map Reduce Local Work
       Reduce Operator Tree:
@@ -402,7 +402,7 @@ STAGE PLANS:
           keys: KEY._col0 (type: string)
           mode: mergepartial
           outputColumnNames: key
-          Statistics: Num rows: 5 Data size: 47 Basic stats: COMPLETE Column stats: NONE
+          Statistics: Num rows: 50 Data size: 730 Basic stats: COMPLETE Column stats: NONE
           File Output Operator
             compressed: false
             table:
@@ -441,10 +441,10 @@ STAGE PLANS:
                 0 
                 1 
               outputColumnNames: key, value, key0
-              Statistics: Num rows: 550 Data size: 5843 Basic stats: COMPLETE Column stats: NONE
+              Statistics: Num rows: 25000 Data size: 655600 Basic stats: COMPLETE Column stats: NONE
               File Output Operator
                 compressed: false
-                Statistics: Num rows: 550 Data size: 5843 Basic stats: COMPLETE Column stats: NONE
+                Statistics: Num rows: 25000 Data size: 655600 Basic stats: COMPLETE Column stats: NONE
                 table:
                     input format: org.apache.hadoop.mapred.SequenceFileInputFormat
                     output format: org.apache.hadoop.hive.ql.io.HiveSequenceFileOutputFormat
@@ -543,10 +543,10 @@ STAGE PLANS:
                 0 
                 1 
               outputColumnNames: key, key0
-              Statistics: Num rows: 275 Data size: 2921 Basic stats: COMPLETE Column stats: NONE
+              Statistics: Num rows: 1250 Data size: 26280 Basic stats: COMPLETE Column stats: NONE
               File Output Operator
                 compressed: false
-                Statistics: Num rows: 275 Data size: 2921 Basic stats: COMPLETE Column stats: NONE
+                Statistics: Num rows: 1250 Data size: 26280 Basic stats: COMPLETE Column stats: NONE
                 table:
                     input format: org.apache.hadoop.mapred.SequenceFileInputFormat
                     output format: org.apache.hadoop.hive.ql.io.HiveSequenceFileOutputFormat
@@ -579,10 +579,10 @@ STAGE PLANS:
                 0 
                 1 
               outputColumnNames: key, key0
-              Statistics: Num rows: 275 Data size: 2921 Basic stats: COMPLETE Column stats: NONE
+              Statistics: Num rows: 1250 Data size: 26280 Basic stats: COMPLETE Column stats: NONE
               File Output Operator
                 compressed: false
-                Statistics: Num rows: 275 Data size: 2921 Basic stats: COMPLETE Column stats: NONE
+                Statistics: Num rows: 1250 Data size: 26280 Basic stats: COMPLETE Column stats: NONE
                 table:
                     input format: org.apache.hadoop.mapred.SequenceFileInputFormat
                     output format: org.apache.hadoop.hive.ql.io.HiveSequenceFileOutputFormat
@@ -611,10 +611,10 @@ STAGE PLANS:
             0 
             1 
           outputColumnNames: key, key0
-          Statistics: Num rows: 275 Data size: 2921 Basic stats: COMPLETE Column stats: NONE
+          Statistics: Num rows: 1250 Data size: 26280 Basic stats: COMPLETE Column stats: NONE
           File Output Operator
             compressed: false
-            Statistics: Num rows: 275 Data size: 2921 Basic stats: COMPLETE Column stats: NONE
+            Statistics: Num rows: 1250 Data size: 26280 Basic stats: COMPLETE Column stats: NONE
             table:
                 input format: org.apache.hadoop.mapred.SequenceFileInputFormat
                 output format: org.apache.hadoop.hive.ql.io.HiveSequenceFileOutputFormat
diff --git a/ql/src/test/results/clientpositive/cbo_rp_join1.q.out b/ql/src/test/results/clientpositive/cbo_rp_join1.q.out
index 01a367e411..4d785bf4f5 100644
--- a/ql/src/test/results/clientpositive/cbo_rp_join1.q.out
+++ b/ql/src/test/results/clientpositive/cbo_rp_join1.q.out
@@ -64,11 +64,11 @@ STAGE PLANS:
             0 
             1 
           outputColumnNames: _col0, _col1, _col2, _col3
-          Statistics: Num rows: 1 Data size: 12 Basic stats: COMPLETE Column stats: NONE
+          Statistics: Num rows: 1 Data size: 23 Basic stats: COMPLETE Column stats: NONE
           Select Operator
             expressions: hash(_col0,_col1,_col2,_col3) (type: int)
             outputColumnNames: _col0
-            Statistics: Num rows: 1 Data size: 12 Basic stats: COMPLETE Column stats: NONE
+            Statistics: Num rows: 1 Data size: 23 Basic stats: COMPLETE Column stats: NONE
             Group By Operator
               aggregations: sum(_col0)
               mode: hash
@@ -169,11 +169,11 @@ STAGE PLANS:
             0 
             1 
           outputColumnNames: _col0, _col1, _col2, _col3
-          Statistics: Num rows: 1 Data size: 12 Basic stats: COMPLETE Column stats: NONE
+          Statistics: Num rows: 1 Data size: 23 Basic stats: COMPLETE Column stats: NONE
           Select Operator
             expressions: hash(_col0,_col1,_col2,_col3) (type: int)
             outputColumnNames: _col0
-            Statistics: Num rows: 1 Data size: 12 Basic stats: COMPLETE Column stats: NONE
+            Statistics: Num rows: 1 Data size: 23 Basic stats: COMPLETE Column stats: NONE
             Group By Operator
               aggregations: sum(_col0)
               mode: hash
@@ -381,11 +381,11 @@ STAGE PLANS:
             0 
             1 
           outputColumnNames: _col0, _col1, _col2, _col3
-          Statistics: Num rows: 1 Data size: 12 Basic stats: COMPLETE Column stats: NONE
+          Statistics: Num rows: 1 Data size: 23 Basic stats: COMPLETE Column stats: NONE
           Select Operator
             expressions: hash(_col0,_col1,_col2,_col3) (type: int)
             outputColumnNames: _col0
-            Statistics: Num rows: 1 Data size: 12 Basic stats: COMPLETE Column stats: NONE
+            Statistics: Num rows: 1 Data size: 23 Basic stats: COMPLETE Column stats: NONE
             Group By Operator
               aggregations: sum(_col0)
               mode: hash
diff --git a/ql/src/test/results/clientpositive/complex_alias.q.out b/ql/src/test/results/clientpositive/complex_alias.q.out
index ced213f4a6..4cb6c83f5f 100644
--- a/ql/src/test/results/clientpositive/complex_alias.q.out
+++ b/ql/src/test/results/clientpositive/complex_alias.q.out
@@ -127,14 +127,14 @@ STAGE PLANS:
             0 
             1 
           outputColumnNames: _col2, _col3
-          Statistics: Num rows: 1 Data size: 18 Basic stats: COMPLETE Column stats: NONE
+          Statistics: Num rows: 1 Data size: 35 Basic stats: COMPLETE Column stats: NONE
           Select Operator
             expressions: _col2 (type: string), _col3 (type: string)
             outputColumnNames: _col0, _col1
-            Statistics: Num rows: 1 Data size: 18 Basic stats: COMPLETE Column stats: NONE
+            Statistics: Num rows: 1 Data size: 35 Basic stats: COMPLETE Column stats: NONE
             File Output Operator
               compressed: false
-              Statistics: Num rows: 1 Data size: 18 Basic stats: COMPLETE Column stats: NONE
+              Statistics: Num rows: 1 Data size: 35 Basic stats: COMPLETE Column stats: NONE
               table:
                   input format: org.apache.hadoop.mapred.SequenceFileInputFormat
                   output format: org.apache.hadoop.hive.ql.io.HiveSequenceFileOutputFormat
diff --git a/ql/src/test/results/clientpositive/constantPropagateForSubQuery.q.out b/ql/src/test/results/clientpositive/constantPropagateForSubQuery.q.out
index f90cdb631c..0ae046a341 100644
--- a/ql/src/test/results/clientpositive/constantPropagateForSubQuery.q.out
+++ b/ql/src/test/results/clientpositive/constantPropagateForSubQuery.q.out
@@ -154,17 +154,17 @@ STAGE PLANS:
             0 
             1 
           outputColumnNames: _col1, _col2, _col3
-          Statistics: Num rows: 275 Data size: 2921 Basic stats: COMPLETE Column stats: NONE
+          Statistics: Num rows: 6250 Data size: 120400 Basic stats: COMPLETE Column stats: NONE
           Select Operator
             expressions: '429' (type: string), _col1 (type: string), _col2 (type: string), _col3 (type: string)
             outputColumnNames: _col0, _col1, _col2, _col3
-            Statistics: Num rows: 275 Data size: 2921 Basic stats: COMPLETE Column stats: NONE
+            Statistics: Num rows: 6250 Data size: 120400 Basic stats: COMPLETE Column stats: NONE
             File Output Operator
               compressed: false
               GlobalTableId: 0
 #### A masked pattern was here ####
               NumFilesPerFileSink: 1
-              Statistics: Num rows: 275 Data size: 2921 Basic stats: COMPLETE Column stats: NONE
+              Statistics: Num rows: 6250 Data size: 120400 Basic stats: COMPLETE Column stats: NONE
 #### A masked pattern was here ####
               table:
                   input format: org.apache.hadoop.mapred.SequenceFileInputFormat
diff --git a/ql/src/test/results/clientpositive/constant_prop_1.q.out b/ql/src/test/results/clientpositive/constant_prop_1.q.out
index 2ba2430085..96f660632c 100644
--- a/ql/src/test/results/clientpositive/constant_prop_1.q.out
+++ b/ql/src/test/results/clientpositive/constant_prop_1.q.out
@@ -159,14 +159,14 @@ STAGE PLANS:
             0 
             1 
           outputColumnNames: _col1
-          Statistics: Num rows: 275 Data size: 2921 Basic stats: COMPLETE Column stats: NONE
+          Statistics: Num rows: 250 Data size: 2906 Basic stats: COMPLETE Column stats: NONE
           Select Operator
             expressions: 1 (type: int), _col1 (type: string), '12345' (type: string)
             outputColumnNames: _col0, _col1, _col2
-            Statistics: Num rows: 275 Data size: 2921 Basic stats: COMPLETE Column stats: NONE
+            Statistics: Num rows: 250 Data size: 2906 Basic stats: COMPLETE Column stats: NONE
             File Output Operator
               compressed: false
-              Statistics: Num rows: 275 Data size: 2921 Basic stats: COMPLETE Column stats: NONE
+              Statistics: Num rows: 250 Data size: 2906 Basic stats: COMPLETE Column stats: NONE
               table:
                   input format: org.apache.hadoop.mapred.SequenceFileInputFormat
                   output format: org.apache.hadoop.hive.ql.io.HiveSequenceFileOutputFormat
@@ -342,14 +342,14 @@ STAGE PLANS:
             0 
             1 
           outputColumnNames: _col0, _col1
-          Statistics: Num rows: 275 Data size: 2921 Basic stats: COMPLETE Column stats: NONE
+          Statistics: Num rows: 250 Data size: 3906 Basic stats: COMPLETE Column stats: NONE
           Select Operator
             expressions: _col0 (type: int), _col1 (type: string), '12345' (type: string)
             outputColumnNames: _col0, _col1, _col2
-            Statistics: Num rows: 275 Data size: 2921 Basic stats: COMPLETE Column stats: NONE
+            Statistics: Num rows: 250 Data size: 3906 Basic stats: COMPLETE Column stats: NONE
             File Output Operator
               compressed: false
-              Statistics: Num rows: 275 Data size: 2921 Basic stats: COMPLETE Column stats: NONE
+              Statistics: Num rows: 250 Data size: 3906 Basic stats: COMPLETE Column stats: NONE
               table:
                   input format: org.apache.hadoop.mapred.SequenceFileInputFormat
                   output format: org.apache.hadoop.hive.ql.io.HiveSequenceFileOutputFormat
@@ -401,14 +401,14 @@ STAGE PLANS:
           keys:
             0 
             1 
-          Statistics: Num rows: 275 Data size: 2921 Basic stats: COMPLETE Column stats: NONE
+          Statistics: Num rows: 62500 Data size: 1390500 Basic stats: COMPLETE Column stats: NONE
           Select Operator
             expressions: '238' (type: string), '234' (type: string)
             outputColumnNames: _col0, _col1
-            Statistics: Num rows: 275 Data size: 2921 Basic stats: COMPLETE Column stats: NONE
+            Statistics: Num rows: 62500 Data size: 1390500 Basic stats: COMPLETE Column stats: NONE
             File Output Operator
               compressed: false
-              Statistics: Num rows: 275 Data size: 2921 Basic stats: COMPLETE Column stats: NONE
+              Statistics: Num rows: 62500 Data size: 1390500 Basic stats: COMPLETE Column stats: NONE
               table:
                   input format: org.apache.hadoop.mapred.SequenceFileInputFormat
                   output format: org.apache.hadoop.hive.ql.io.HiveSequenceFileOutputFormat
diff --git a/ql/src/test/results/clientpositive/constprog2.q.out b/ql/src/test/results/clientpositive/constprog2.q.out
index 8ea1444ed8..4200bf3527 100644
--- a/ql/src/test/results/clientpositive/constprog2.q.out
+++ b/ql/src/test/results/clientpositive/constprog2.q.out
@@ -48,14 +48,14 @@ STAGE PLANS:
             0 
             1 
           outputColumnNames: _col2
-          Statistics: Num rows: 550 Data size: 5831 Basic stats: COMPLETE Column stats: NONE
+          Statistics: Num rows: 250000 Data size: 5551000 Basic stats: COMPLETE Column stats: NONE
           Select Operator
             expressions: 86 (type: int), 87 (type: int), _col2 (type: string)
             outputColumnNames: _col0, _col1, _col2
-            Statistics: Num rows: 550 Data size: 5831 Basic stats: COMPLETE Column stats: NONE
+            Statistics: Num rows: 250000 Data size: 5551000 Basic stats: COMPLETE Column stats: NONE
             File Output Operator
               compressed: false
-              Statistics: Num rows: 550 Data size: 5831 Basic stats: COMPLETE Column stats: NONE
+              Statistics: Num rows: 250000 Data size: 5551000 Basic stats: COMPLETE Column stats: NONE
               table:
                   input format: org.apache.hadoop.mapred.SequenceFileInputFormat
                   output format: org.apache.hadoop.hive.ql.io.HiveSequenceFileOutputFormat
diff --git a/ql/src/test/results/clientpositive/constprog_partitioner.q.out b/ql/src/test/results/clientpositive/constprog_partitioner.q.out
index 6a3f2ce9bf..f66a1dbc84 100644
--- a/ql/src/test/results/clientpositive/constprog_partitioner.q.out
+++ b/ql/src/test/results/clientpositive/constprog_partitioner.q.out
@@ -48,14 +48,14 @@ STAGE PLANS:
             0 
             1 
           outputColumnNames: _col2
-          Statistics: Num rows: 550 Data size: 5831 Basic stats: COMPLETE Column stats: NONE
+          Statistics: Num rows: 250000 Data size: 5551000 Basic stats: COMPLETE Column stats: NONE
           Select Operator
             expressions: 100 (type: int), 101 (type: int), _col2 (type: string)
             outputColumnNames: _col0, _col1, _col2
-            Statistics: Num rows: 550 Data size: 5831 Basic stats: COMPLETE Column stats: NONE
+            Statistics: Num rows: 250000 Data size: 5551000 Basic stats: COMPLETE Column stats: NONE
             File Output Operator
               compressed: false
-              Statistics: Num rows: 550 Data size: 5831 Basic stats: COMPLETE Column stats: NONE
+              Statistics: Num rows: 250000 Data size: 5551000 Basic stats: COMPLETE Column stats: NONE
               table:
                   input format: org.apache.hadoop.mapred.SequenceFileInputFormat
                   output format: org.apache.hadoop.hive.ql.io.HiveSequenceFileOutputFormat
diff --git a/ql/src/test/results/clientpositive/cross_join.q.out b/ql/src/test/results/clientpositive/cross_join.q.out
index 79ef5b38ff..b47542907f 100644
--- a/ql/src/test/results/clientpositive/cross_join.q.out
+++ b/ql/src/test/results/clientpositive/cross_join.q.out
@@ -40,10 +40,10 @@ STAGE PLANS:
             0 
             1 
           outputColumnNames: _col0
-          Statistics: Num rows: 550 Data size: 5843 Basic stats: COMPLETE Column stats: NONE
+          Statistics: Num rows: 250000 Data size: 10624000 Basic stats: COMPLETE Column stats: NONE
           File Output Operator
             compressed: false
-            Statistics: Num rows: 550 Data size: 5843 Basic stats: COMPLETE Column stats: NONE
+            Statistics: Num rows: 250000 Data size: 10624000 Basic stats: COMPLETE Column stats: NONE
             table:
                 input format: org.apache.hadoop.mapred.SequenceFileInputFormat
                 output format: org.apache.hadoop.hive.ql.io.HiveSequenceFileOutputFormat
@@ -97,10 +97,10 @@ STAGE PLANS:
             0 
             1 
           outputColumnNames: _col0
-          Statistics: Num rows: 550 Data size: 5843 Basic stats: COMPLETE Column stats: NONE
+          Statistics: Num rows: 250000 Data size: 10624000 Basic stats: COMPLETE Column stats: NONE
           File Output Operator
             compressed: false
-            Statistics: Num rows: 550 Data size: 5843 Basic stats: COMPLETE Column stats: NONE
+            Statistics: Num rows: 250000 Data size: 10624000 Basic stats: COMPLETE Column stats: NONE
             table:
                 input format: org.apache.hadoop.mapred.SequenceFileInputFormat
                 output format: org.apache.hadoop.hive.ql.io.HiveSequenceFileOutputFormat
@@ -225,10 +225,10 @@ STAGE PLANS:
                   0 
                   1 
                 outputColumnNames: _col0
-                Statistics: Num rows: 550 Data size: 5843 Basic stats: COMPLETE Column stats: NONE
+                Statistics: Num rows: 250000 Data size: 10624000 Basic stats: COMPLETE Column stats: NONE
                 File Output Operator
                   compressed: false
-                  Statistics: Num rows: 550 Data size: 5843 Basic stats: COMPLETE Column stats: NONE
+                  Statistics: Num rows: 250000 Data size: 10624000 Basic stats: COMPLETE Column stats: NONE
                   table:
                       input format: org.apache.hadoop.mapred.SequenceFileInputFormat
                       output format: org.apache.hadoop.hive.ql.io.HiveSequenceFileOutputFormat
@@ -288,10 +288,10 @@ STAGE PLANS:
                   0 
                   1 
                 outputColumnNames: _col0
-                Statistics: Num rows: 550 Data size: 5843 Basic stats: COMPLETE Column stats: NONE
+                Statistics: Num rows: 250000 Data size: 10624000 Basic stats: COMPLETE Column stats: NONE
                 File Output Operator
                   compressed: false
-                  Statistics: Num rows: 550 Data size: 5843 Basic stats: COMPLETE Column stats: NONE
+                  Statistics: Num rows: 250000 Data size: 10624000 Basic stats: COMPLETE Column stats: NONE
                   table:
                       input format: org.apache.hadoop.mapred.SequenceFileInputFormat
                       output format: org.apache.hadoop.hive.ql.io.HiveSequenceFileOutputFormat
diff --git a/ql/src/test/results/clientpositive/cross_join_merge.q.out b/ql/src/test/results/clientpositive/cross_join_merge.q.out
index f0b80a7032..ccf2ff6499 100644
--- a/ql/src/test/results/clientpositive/cross_join_merge.q.out
+++ b/ql/src/test/results/clientpositive/cross_join_merge.q.out
@@ -50,10 +50,10 @@ STAGE PLANS:
             1 
             2 
           outputColumnNames: _col0
-          Statistics: Num rows: 1100 Data size: 11686 Basic stats: COMPLETE Column stats: NONE
+          Statistics: Num rows: 125000000 Data size: 2453000000 Basic stats: COMPLETE Column stats: NONE
           File Output Operator
             compressed: false
-            Statistics: Num rows: 1100 Data size: 11686 Basic stats: COMPLETE Column stats: NONE
+            Statistics: Num rows: 125000000 Data size: 2453000000 Basic stats: COMPLETE Column stats: NONE
             table:
                 input format: org.apache.hadoop.mapred.SequenceFileInputFormat
                 output format: org.apache.hadoop.hive.ql.io.HiveSequenceFileOutputFormat
@@ -322,10 +322,10 @@ STAGE PLANS:
             0 
             1 
           outputColumnNames: _col0
-          Statistics: Num rows: 605 Data size: 6427 Basic stats: COMPLETE Column stats: NONE
+          Statistics: Num rows: 137500 Data size: 3059050 Basic stats: COMPLETE Column stats: NONE
           File Output Operator
             compressed: false
-            Statistics: Num rows: 605 Data size: 6427 Basic stats: COMPLETE Column stats: NONE
+            Statistics: Num rows: 137500 Data size: 3059050 Basic stats: COMPLETE Column stats: NONE
             table:
                 input format: org.apache.hadoop.mapred.SequenceFileInputFormat
                 output format: org.apache.hadoop.hive.ql.io.HiveSequenceFileOutputFormat
@@ -389,10 +389,10 @@ STAGE PLANS:
             1 
             2 
           outputColumnNames: _col0
-          Statistics: Num rows: 1100 Data size: 11686 Basic stats: COMPLETE Column stats: NONE
+          Statistics: Num rows: 125000000 Data size: 2453000000 Basic stats: COMPLETE Column stats: NONE
           File Output Operator
             compressed: false
-            Statistics: Num rows: 1100 Data size: 11686 Basic stats: COMPLETE Column stats: NONE
+            Statistics: Num rows: 125000000 Data size: 2453000000 Basic stats: COMPLETE Column stats: NONE
             table:
                 input format: org.apache.hadoop.mapred.SequenceFileInputFormat
                 output format: org.apache.hadoop.hive.ql.io.HiveSequenceFileOutputFormat
diff --git a/ql/src/test/results/clientpositive/cross_product_check_1.q.out b/ql/src/test/results/clientpositive/cross_product_check_1.q.out
index 907319db17..57eba22be0 100644
--- a/ql/src/test/results/clientpositive/cross_product_check_1.q.out
+++ b/ql/src/test/results/clientpositive/cross_product_check_1.q.out
@@ -75,10 +75,10 @@ STAGE PLANS:
             0 
             1 
           outputColumnNames: _col0, _col1, _col2, _col3
-          Statistics: Num rows: 550 Data size: 5843 Basic stats: COMPLETE Column stats: NONE
+          Statistics: Num rows: 5000 Data size: 110120 Basic stats: COMPLETE Column stats: NONE
           File Output Operator
             compressed: false
-            Statistics: Num rows: 550 Data size: 5843 Basic stats: COMPLETE Column stats: NONE
+            Statistics: Num rows: 5000 Data size: 110120 Basic stats: COMPLETE Column stats: NONE
             table:
                 input format: org.apache.hadoop.mapred.SequenceFileInputFormat
                 output format: org.apache.hadoop.hive.ql.io.HiveSequenceFileOutputFormat
@@ -179,10 +179,10 @@ STAGE PLANS:
             0 
             1 
           outputColumnNames: _col0, _col1, _col2, _col3, _col4, _col5
-          Statistics: Num rows: 550 Data size: 5843 Basic stats: COMPLETE Column stats: NONE
+          Statistics: Num rows: 5500 Data size: 120932 Basic stats: COMPLETE Column stats: NONE
           File Output Operator
             compressed: false
-            Statistics: Num rows: 550 Data size: 5843 Basic stats: COMPLETE Column stats: NONE
+            Statistics: Num rows: 5500 Data size: 120932 Basic stats: COMPLETE Column stats: NONE
             table:
                 input format: org.apache.hadoop.mapred.SequenceFileInputFormat
                 output format: org.apache.hadoop.hive.ql.io.HiveSequenceFileOutputFormat
@@ -315,10 +315,10 @@ STAGE PLANS:
             0 
             1 
           outputColumnNames: _col0, _col1, _col2
-          Statistics: Num rows: 550 Data size: 5843 Basic stats: COMPLETE Column stats: NONE
+          Statistics: Num rows: 2500 Data size: 54560 Basic stats: COMPLETE Column stats: NONE
           File Output Operator
             compressed: false
-            Statistics: Num rows: 550 Data size: 5843 Basic stats: COMPLETE Column stats: NONE
+            Statistics: Num rows: 2500 Data size: 54560 Basic stats: COMPLETE Column stats: NONE
             table:
                 input format: org.apache.hadoop.mapred.SequenceFileInputFormat
                 output format: org.apache.hadoop.hive.ql.io.HiveSequenceFileOutputFormat
@@ -373,12 +373,12 @@ STAGE PLANS:
             0 
             1 
           outputColumnNames: _col0
-          Statistics: Num rows: 11 Data size: 114 Basic stats: COMPLETE Column stats: NONE
+          Statistics: Num rows: 100 Data size: 1540 Basic stats: COMPLETE Column stats: NONE
           Group By Operator
             keys: _col0 (type: string)
             mode: hash
             outputColumnNames: _col0
-            Statistics: Num rows: 11 Data size: 114 Basic stats: COMPLETE Column stats: NONE
+            Statistics: Num rows: 100 Data size: 1540 Basic stats: COMPLETE Column stats: NONE
             File Output Operator
               compressed: false
               table:
@@ -394,13 +394,13 @@ STAGE PLANS:
               key expressions: _col0 (type: string)
               sort order: +
               Map-reduce partition columns: _col0 (type: string)
-              Statistics: Num rows: 11 Data size: 114 Basic stats: COMPLETE Column stats: NONE
+              Statistics: Num rows: 100 Data size: 1540 Basic stats: COMPLETE Column stats: NONE
       Reduce Operator Tree:
         Group By Operator
           keys: KEY._col0 (type: string)
           mode: mergepartial
           outputColumnNames: _col0
-          Statistics: Num rows: 5 Data size: 51 Basic stats: COMPLETE Column stats: NONE
+          Statistics: Num rows: 50 Data size: 770 Basic stats: COMPLETE Column stats: NONE
           File Output Operator
             compressed: false
             table:
@@ -425,7 +425,7 @@ STAGE PLANS:
           TableScan
             Reduce Output Operator
               sort order: 
-              Statistics: Num rows: 5 Data size: 51 Basic stats: COMPLETE Column stats: NONE
+              Statistics: Num rows: 50 Data size: 770 Basic stats: COMPLETE Column stats: NONE
               value expressions: _col0 (type: string)
       Reduce Operator Tree:
         Join Operator
@@ -435,10 +435,10 @@ STAGE PLANS:
             0 
             1 
           outputColumnNames: _col0, _col1, _col2
-          Statistics: Num rows: 550 Data size: 5843 Basic stats: COMPLETE Column stats: NONE
+          Statistics: Num rows: 25000 Data size: 675600 Basic stats: COMPLETE Column stats: NONE
           File Output Operator
             compressed: false
-            Statistics: Num rows: 550 Data size: 5843 Basic stats: COMPLETE Column stats: NONE
+            Statistics: Num rows: 25000 Data size: 675600 Basic stats: COMPLETE Column stats: NONE
             table:
                 input format: org.apache.hadoop.mapred.SequenceFileInputFormat
                 output format: org.apache.hadoop.hive.ql.io.HiveSequenceFileOutputFormat
@@ -521,10 +521,10 @@ STAGE PLANS:
             0 
             1 
           outputColumnNames: _col0, _col1
-          Statistics: Num rows: 275 Data size: 2921 Basic stats: COMPLETE Column stats: NONE
+          Statistics: Num rows: 1250 Data size: 27280 Basic stats: COMPLETE Column stats: NONE
           File Output Operator
             compressed: false
-            Statistics: Num rows: 275 Data size: 2921 Basic stats: COMPLETE Column stats: NONE
+            Statistics: Num rows: 1250 Data size: 27280 Basic stats: COMPLETE Column stats: NONE
             table:
                 input format: org.apache.hadoop.mapred.SequenceFileInputFormat
                 output format: org.apache.hadoop.hive.ql.io.HiveSequenceFileOutputFormat
diff --git a/ql/src/test/results/clientpositive/cross_product_check_2.q.out b/ql/src/test/results/clientpositive/cross_product_check_2.q.out
index bb36f844bb..8b5789aaa7 100644
--- a/ql/src/test/results/clientpositive/cross_product_check_2.q.out
+++ b/ql/src/test/results/clientpositive/cross_product_check_2.q.out
@@ -80,10 +80,10 @@ STAGE PLANS:
                   0 
                   1 
                 outputColumnNames: _col0, _col1, _col2, _col3
-                Statistics: Num rows: 550 Data size: 5843 Basic stats: COMPLETE Column stats: NONE
+                Statistics: Num rows: 5000 Data size: 106120 Basic stats: COMPLETE Column stats: NONE
                 File Output Operator
                   compressed: false
-                  Statistics: Num rows: 550 Data size: 5843 Basic stats: COMPLETE Column stats: NONE
+                  Statistics: Num rows: 5000 Data size: 106120 Basic stats: COMPLETE Column stats: NONE
                   table:
                       input format: org.apache.hadoop.mapred.SequenceFileInputFormat
                       output format: org.apache.hadoop.hive.ql.io.HiveSequenceFileOutputFormat
@@ -174,10 +174,10 @@ STAGE PLANS:
                       0 
                       1 
                     outputColumnNames: _col0, _col1, _col2, _col3, _col4, _col5
-                    Statistics: Num rows: 550 Data size: 5843 Basic stats: COMPLETE Column stats: NONE
+                    Statistics: Num rows: 5500 Data size: 116432 Basic stats: COMPLETE Column stats: NONE
                     File Output Operator
                       compressed: false
-                      Statistics: Num rows: 550 Data size: 5843 Basic stats: COMPLETE Column stats: NONE
+                      Statistics: Num rows: 5500 Data size: 116432 Basic stats: COMPLETE Column stats: NONE
                       table:
                           input format: org.apache.hadoop.mapred.SequenceFileInputFormat
                           output format: org.apache.hadoop.hive.ql.io.HiveSequenceFileOutputFormat
@@ -310,10 +310,10 @@ STAGE PLANS:
                 0 
                 1 
               outputColumnNames: _col0, _col1, _col2
-              Statistics: Num rows: 550 Data size: 5843 Basic stats: COMPLETE Column stats: NONE
+              Statistics: Num rows: 2500 Data size: 52560 Basic stats: COMPLETE Column stats: NONE
               File Output Operator
                 compressed: false
-                Statistics: Num rows: 550 Data size: 5843 Basic stats: COMPLETE Column stats: NONE
+                Statistics: Num rows: 2500 Data size: 52560 Basic stats: COMPLETE Column stats: NONE
                 table:
                     input format: org.apache.hadoop.mapred.SequenceFileInputFormat
                     output format: org.apache.hadoop.hive.ql.io.HiveSequenceFileOutputFormat
@@ -376,17 +376,17 @@ STAGE PLANS:
                   0 
                   1 
                 outputColumnNames: _col0
-                Statistics: Num rows: 11 Data size: 105 Basic stats: COMPLETE Column stats: NONE
+                Statistics: Num rows: 100 Data size: 1460 Basic stats: COMPLETE Column stats: NONE
                 Group By Operator
                   keys: _col0 (type: string)
                   mode: hash
                   outputColumnNames: _col0
-                  Statistics: Num rows: 11 Data size: 105 Basic stats: COMPLETE Column stats: NONE
+                  Statistics: Num rows: 100 Data size: 1460 Basic stats: COMPLETE Column stats: NONE
                   Reduce Output Operator
                     key expressions: _col0 (type: string)
                     sort order: +
                     Map-reduce partition columns: _col0 (type: string)
-                    Statistics: Num rows: 11 Data size: 105 Basic stats: COMPLETE Column stats: NONE
+                    Statistics: Num rows: 100 Data size: 1460 Basic stats: COMPLETE Column stats: NONE
       Local Work:
         Map Reduce Local Work
       Reduce Operator Tree:
@@ -394,7 +394,7 @@ STAGE PLANS:
           keys: KEY._col0 (type: string)
           mode: mergepartial
           outputColumnNames: _col0
-          Statistics: Num rows: 5 Data size: 47 Basic stats: COMPLETE Column stats: NONE
+          Statistics: Num rows: 50 Data size: 730 Basic stats: COMPLETE Column stats: NONE
           File Output Operator
             compressed: false
             table:
@@ -433,10 +433,10 @@ STAGE PLANS:
                 0 
                 1 
               outputColumnNames: _col0, _col1, _col2
-              Statistics: Num rows: 550 Data size: 5843 Basic stats: COMPLETE Column stats: NONE
+              Statistics: Num rows: 25000 Data size: 655600 Basic stats: COMPLETE Column stats: NONE
               File Output Operator
                 compressed: false
-                Statistics: Num rows: 550 Data size: 5843 Basic stats: COMPLETE Column stats: NONE
+                Statistics: Num rows: 25000 Data size: 655600 Basic stats: COMPLETE Column stats: NONE
                 table:
                     input format: org.apache.hadoop.mapred.SequenceFileInputFormat
                     output format: org.apache.hadoop.hive.ql.io.HiveSequenceFileOutputFormat
@@ -535,10 +535,10 @@ STAGE PLANS:
                 0 
                 1 
               outputColumnNames: _col0, _col1
-              Statistics: Num rows: 275 Data size: 2921 Basic stats: COMPLETE Column stats: NONE
+              Statistics: Num rows: 1250 Data size: 26280 Basic stats: COMPLETE Column stats: NONE
               File Output Operator
                 compressed: false
-                Statistics: Num rows: 275 Data size: 2921 Basic stats: COMPLETE Column stats: NONE
+                Statistics: Num rows: 1250 Data size: 26280 Basic stats: COMPLETE Column stats: NONE
                 table:
                     input format: org.apache.hadoop.mapred.SequenceFileInputFormat
                     output format: org.apache.hadoop.hive.ql.io.HiveSequenceFileOutputFormat
@@ -571,10 +571,10 @@ STAGE PLANS:
                 0 
                 1 
               outputColumnNames: _col0, _col1
-              Statistics: Num rows: 275 Data size: 2921 Basic stats: COMPLETE Column stats: NONE
+              Statistics: Num rows: 1250 Data size: 26280 Basic stats: COMPLETE Column stats: NONE
               File Output Operator
                 compressed: false
-                Statistics: Num rows: 275 Data size: 2921 Basic stats: COMPLETE Column stats: NONE
+                Statistics: Num rows: 1250 Data size: 26280 Basic stats: COMPLETE Column stats: NONE
                 table:
                     input format: org.apache.hadoop.mapred.SequenceFileInputFormat
                     output format: org.apache.hadoop.hive.ql.io.HiveSequenceFileOutputFormat
@@ -603,10 +603,10 @@ STAGE PLANS:
             0 
             1 
           outputColumnNames: _col0, _col1
-          Statistics: Num rows: 275 Data size: 2921 Basic stats: COMPLETE Column stats: NONE
+          Statistics: Num rows: 1250 Data size: 26280 Basic stats: COMPLETE Column stats: NONE
           File Output Operator
             compressed: false
-            Statistics: Num rows: 275 Data size: 2921 Basic stats: COMPLETE Column stats: NONE
+            Statistics: Num rows: 1250 Data size: 26280 Basic stats: COMPLETE Column stats: NONE
             table:
                 input format: org.apache.hadoop.mapred.SequenceFileInputFormat
                 output format: org.apache.hadoop.hive.ql.io.HiveSequenceFileOutputFormat
diff --git a/ql/src/test/results/clientpositive/cte_mat_1.q.out b/ql/src/test/results/clientpositive/cte_mat_1.q.out
index bb007c1044..6ac57fd7a1 100644
--- a/ql/src/test/results/clientpositive/cte_mat_1.q.out
+++ b/ql/src/test/results/clientpositive/cte_mat_1.q.out
@@ -48,14 +48,14 @@ STAGE PLANS:
           keys:
             0 
             1 
-          Statistics: Num rows: 275 Data size: 2921 Basic stats: COMPLETE Column stats: NONE
+          Statistics: Num rows: 62500 Data size: 1390500 Basic stats: COMPLETE Column stats: NONE
           Select Operator
             expressions: '5' (type: string)
             outputColumnNames: _col0
-            Statistics: Num rows: 275 Data size: 2921 Basic stats: COMPLETE Column stats: NONE
+            Statistics: Num rows: 62500 Data size: 1390500 Basic stats: COMPLETE Column stats: NONE
             File Output Operator
               compressed: false
-              Statistics: Num rows: 275 Data size: 2921 Basic stats: COMPLETE Column stats: NONE
+              Statistics: Num rows: 62500 Data size: 1390500 Basic stats: COMPLETE Column stats: NONE
               table:
                   input format: org.apache.hadoop.mapred.SequenceFileInputFormat
                   output format: org.apache.hadoop.hive.ql.io.HiveSequenceFileOutputFormat
diff --git a/ql/src/test/results/clientpositive/cte_mat_2.q.out b/ql/src/test/results/clientpositive/cte_mat_2.q.out
index bb007c1044..6ac57fd7a1 100644
--- a/ql/src/test/results/clientpositive/cte_mat_2.q.out
+++ b/ql/src/test/results/clientpositive/cte_mat_2.q.out
@@ -48,14 +48,14 @@ STAGE PLANS:
           keys:
             0 
             1 
-          Statistics: Num rows: 275 Data size: 2921 Basic stats: COMPLETE Column stats: NONE
+          Statistics: Num rows: 62500 Data size: 1390500 Basic stats: COMPLETE Column stats: NONE
           Select Operator
             expressions: '5' (type: string)
             outputColumnNames: _col0
-            Statistics: Num rows: 275 Data size: 2921 Basic stats: COMPLETE Column stats: NONE
+            Statistics: Num rows: 62500 Data size: 1390500 Basic stats: COMPLETE Column stats: NONE
             File Output Operator
               compressed: false
-              Statistics: Num rows: 275 Data size: 2921 Basic stats: COMPLETE Column stats: NONE
+              Statistics: Num rows: 62500 Data size: 1390500 Basic stats: COMPLETE Column stats: NONE
               table:
                   input format: org.apache.hadoop.mapred.SequenceFileInputFormat
                   output format: org.apache.hadoop.hive.ql.io.HiveSequenceFileOutputFormat
diff --git a/ql/src/test/results/clientpositive/input23.q.out b/ql/src/test/results/clientpositive/input23.q.out
index 25225d76df..f17b5756f8 100644
--- a/ql/src/test/results/clientpositive/input23.q.out
+++ b/ql/src/test/results/clientpositive/input23.q.out
@@ -107,20 +107,20 @@ STAGE PLANS:
             0 
             1 
           outputColumnNames: _col0, _col1, _col4, _col5
-          Statistics: Num rows: 550 Data size: 5843 Basic stats: COMPLETE Column stats: NONE
+          Statistics: Num rows: 500 Data size: 5812 Basic stats: COMPLETE Column stats: NONE
           Select Operator
             expressions: _col0 (type: string), _col1 (type: string), '2008-04-08' (type: string), '11' (type: string), _col4 (type: string), _col5 (type: string), '2008-04-08' (type: string), '14' (type: string)
             outputColumnNames: _col0, _col1, _col2, _col3, _col4, _col5, _col6, _col7
-            Statistics: Num rows: 550 Data size: 5843 Basic stats: COMPLETE Column stats: NONE
+            Statistics: Num rows: 500 Data size: 5812 Basic stats: COMPLETE Column stats: NONE
             Limit
               Number of rows: 5
-              Statistics: Num rows: 5 Data size: 50 Basic stats: COMPLETE Column stats: NONE
+              Statistics: Num rows: 5 Data size: 55 Basic stats: COMPLETE Column stats: NONE
               File Output Operator
                 compressed: false
                 GlobalTableId: 0
 #### A masked pattern was here ####
                 NumFilesPerFileSink: 1
-                Statistics: Num rows: 5 Data size: 50 Basic stats: COMPLETE Column stats: NONE
+                Statistics: Num rows: 5 Data size: 55 Basic stats: COMPLETE Column stats: NONE
 #### A masked pattern was here ####
                 table:
                     input format: org.apache.hadoop.mapred.SequenceFileInputFormat
diff --git a/ql/src/test/results/clientpositive/join0.q.out b/ql/src/test/results/clientpositive/join0.q.out
index 59122e2548..392412d286 100644
--- a/ql/src/test/results/clientpositive/join0.q.out
+++ b/ql/src/test/results/clientpositive/join0.q.out
@@ -64,7 +64,7 @@ STAGE PLANS:
             0 
             1 
           outputColumnNames: _col0, _col1, _col2, _col3
-          Statistics: Num rows: 182 Data size: 1939 Basic stats: COMPLETE Column stats: NONE
+          Statistics: Num rows: 27556 Data size: 612872 Basic stats: COMPLETE Column stats: NONE
           File Output Operator
             compressed: false
             table:
@@ -79,15 +79,15 @@ STAGE PLANS:
             Reduce Output Operator
               key expressions: _col0 (type: string), _col1 (type: string), _col2 (type: string), _col3 (type: string)
               sort order: ++++
-              Statistics: Num rows: 182 Data size: 1939 Basic stats: COMPLETE Column stats: NONE
+              Statistics: Num rows: 27556 Data size: 612872 Basic stats: COMPLETE Column stats: NONE
       Reduce Operator Tree:
         Select Operator
           expressions: KEY.reducesinkkey0 (type: string), KEY.reducesinkkey1 (type: string), KEY.reducesinkkey2 (type: string), KEY.reducesinkkey3 (type: string)
           outputColumnNames: _col0, _col1, _col2, _col3
-          Statistics: Num rows: 182 Data size: 1939 Basic stats: COMPLETE Column stats: NONE
+          Statistics: Num rows: 27556 Data size: 612872 Basic stats: COMPLETE Column stats: NONE
           File Output Operator
             compressed: false
-            Statistics: Num rows: 182 Data size: 1939 Basic stats: COMPLETE Column stats: NONE
+            Statistics: Num rows: 27556 Data size: 612872 Basic stats: COMPLETE Column stats: NONE
             table:
                 input format: org.apache.hadoop.mapred.SequenceFileInputFormat
                 output format: org.apache.hadoop.hive.ql.io.HiveSequenceFileOutputFormat
@@ -116,7 +116,7 @@ SELECT src1.key as k1, src1.value as v1,
   (SELECT * FROM src WHERE src.key < 10) src2
   SORT BY k1, v1, k2, v2
 POSTHOOK: type: QUERY
-{"STAGE DEPENDENCIES":{"Stage-1":{"ROOT STAGE":"TRUE"},"Stage-2":{"DEPENDENT STAGES":"Stage-1"},"Stage-0":{"DEPENDENT STAGES":"Stage-2"}},"STAGE PLANS":{"Stage-1":{"Map Reduce":{"Map Operator Tree:":[{"TableScan":{"alias:":"src","Statistics:":"Num rows: 500 Data size: 5312 Basic stats: COMPLETE Column stats: NONE","children":{"Filter Operator":{"predicate:":"(key < 10) (type: boolean)","Statistics:":"Num rows: 166 Data size: 1763 Basic stats: COMPLETE Column stats: NONE","children":{"Select Operator":{"expressions:":"key (type: string), value (type: string)","outputColumnNames:":["_col0","_col1"],"Statistics:":"Num rows: 166 Data size: 1763 Basic stats: COMPLETE Column stats: NONE","children":{"Reduce Output Operator":{"sort order:":"","Statistics:":"Num rows: 166 Data size: 1763 Basic stats: COMPLETE Column stats: NONE","value expressions:":"_col0 (type: string), _col1 (type: string)"}}}}}}}},{"TableScan":{"alias:":"src","Statistics:":"Num rows: 500 Data size: 5312 Basic stats: COMPLETE Column stats: NONE","children":{"Filter Operator":{"predicate:":"(key < 10) (type: boolean)","Statistics:":"Num rows: 166 Data size: 1763 Basic stats: COMPLETE Column stats: NONE","children":{"Select Operator":{"expressions:":"key (type: string), value (type: string)","outputColumnNames:":["_col0","_col1"],"Statistics:":"Num rows: 166 Data size: 1763 Basic stats: COMPLETE Column stats: NONE","children":{"Reduce Output Operator":{"sort order:":"","Statistics:":"Num rows: 166 Data size: 1763 Basic stats: COMPLETE Column stats: NONE","value expressions:":"_col0 (type: string), _col1 (type: string)"}}}}}}}}],"Reduce Operator Tree:":{"Join Operator":{"condition map:":[{"":"Inner Join 0 to 1"}],"keys:":{},"outputColumnNames:":["_col0","_col1","_col2","_col3"],"Statistics:":"Num rows: 182 Data size: 1939 Basic stats: COMPLETE Column stats: NONE","children":{"File Output Operator":{"compressed:":"false","table:":{"input format:":"org.apache.hadoop.mapred.SequenceFileInputFormat","output format:":"org.apache.hadoop.hive.ql.io.HiveSequenceFileOutputFormat","serde:":"org.apache.hadoop.hive.serde2.lazybinary.LazyBinarySerDe"}}}}}}},"Stage-2":{"Map Reduce":{"Map Operator Tree:":[{"TableScan":{"children":{"Reduce Output Operator":{"key expressions:":"_col0 (type: string), _col1 (type: string), _col2 (type: string), _col3 (type: string)","sort order:":"++++","Statistics:":"Num rows: 182 Data size: 1939 Basic stats: COMPLETE Column stats: NONE"}}}}],"Reduce Operator Tree:":{"Select Operator":{"expressions:":"KEY.reducesinkkey0 (type: string), KEY.reducesinkkey1 (type: string), KEY.reducesinkkey2 (type: string), KEY.reducesinkkey3 (type: string)","outputColumnNames:":["_col0","_col1","_col2","_col3"],"Statistics:":"Num rows: 182 Data size: 1939 Basic stats: COMPLETE Column stats: NONE","children":{"File Output Operator":{"compressed:":"false","Statistics:":"Num rows: 182 Data size: 1939 Basic stats: COMPLETE Column stats: NONE","table:":{"input format:":"org.apache.hadoop.mapred.SequenceFileInputFormat","output format:":"org.apache.hadoop.hive.ql.io.HiveSequenceFileOutputFormat","serde:":"org.apache.hadoop.hive.serde2.lazy.LazySimpleSerDe"}}}}}}},"Stage-0":{"Fetch Operator":{"limit:":"-1","Processor Tree:":{"ListSink":{}}}}}}
+{"STAGE DEPENDENCIES":{"Stage-1":{"ROOT STAGE":"TRUE"},"Stage-2":{"DEPENDENT STAGES":"Stage-1"},"Stage-0":{"DEPENDENT STAGES":"Stage-2"}},"STAGE PLANS":{"Stage-1":{"Map Reduce":{"Map Operator Tree:":[{"TableScan":{"alias:":"src","Statistics:":"Num rows: 500 Data size: 5312 Basic stats: COMPLETE Column stats: NONE","children":{"Filter Operator":{"predicate:":"(key < 10) (type: boolean)","Statistics:":"Num rows: 166 Data size: 1763 Basic stats: COMPLETE Column stats: NONE","children":{"Select Operator":{"expressions:":"key (type: string), value (type: string)","outputColumnNames:":["_col0","_col1"],"Statistics:":"Num rows: 166 Data size: 1763 Basic stats: COMPLETE Column stats: NONE","children":{"Reduce Output Operator":{"sort order:":"","Statistics:":"Num rows: 166 Data size: 1763 Basic stats: COMPLETE Column stats: NONE","value expressions:":"_col0 (type: string), _col1 (type: string)"}}}}}}}},{"TableScan":{"alias:":"src","Statistics:":"Num rows: 500 Data size: 5312 Basic stats: COMPLETE Column stats: NONE","children":{"Filter Operator":{"predicate:":"(key < 10) (type: boolean)","Statistics:":"Num rows: 166 Data size: 1763 Basic stats: COMPLETE Column stats: NONE","children":{"Select Operator":{"expressions:":"key (type: string), value (type: string)","outputColumnNames:":["_col0","_col1"],"Statistics:":"Num rows: 166 Data size: 1763 Basic stats: COMPLETE Column stats: NONE","children":{"Reduce Output Operator":{"sort order:":"","Statistics:":"Num rows: 166 Data size: 1763 Basic stats: COMPLETE Column stats: NONE","value expressions:":"_col0 (type: string), _col1 (type: string)"}}}}}}}}],"Reduce Operator Tree:":{"Join Operator":{"condition map:":[{"":"Inner Join 0 to 1"}],"keys:":{},"outputColumnNames:":["_col0","_col1","_col2","_col3"],"Statistics:":"Num rows: 27556 Data size: 612872 Basic stats: COMPLETE Column stats: NONE","children":{"File Output Operator":{"compressed:":"false","table:":{"input format:":"org.apache.hadoop.mapred.SequenceFileInputFormat","output format:":"org.apache.hadoop.hive.ql.io.HiveSequenceFileOutputFormat","serde:":"org.apache.hadoop.hive.serde2.lazybinary.LazyBinarySerDe"}}}}}}},"Stage-2":{"Map Reduce":{"Map Operator Tree:":[{"TableScan":{"children":{"Reduce Output Operator":{"key expressions:":"_col0 (type: string), _col1 (type: string), _col2 (type: string), _col3 (type: string)","sort order:":"++++","Statistics:":"Num rows: 27556 Data size: 612872 Basic stats: COMPLETE Column stats: NONE"}}}}],"Reduce Operator Tree:":{"Select Operator":{"expressions:":"KEY.reducesinkkey0 (type: string), KEY.reducesinkkey1 (type: string), KEY.reducesinkkey2 (type: string), KEY.reducesinkkey3 (type: string)","outputColumnNames:":["_col0","_col1","_col2","_col3"],"Statistics:":"Num rows: 27556 Data size: 612872 Basic stats: COMPLETE Column stats: NONE","children":{"File Output Operator":{"compressed:":"false","Statistics:":"Num rows: 27556 Data size: 612872 Basic stats: COMPLETE Column stats: NONE","table:":{"input format:":"org.apache.hadoop.mapred.SequenceFileInputFormat","output format:":"org.apache.hadoop.hive.ql.io.HiveSequenceFileOutputFormat","serde:":"org.apache.hadoop.hive.serde2.lazy.LazySimpleSerDe"}}}}}}},"Stage-0":{"Fetch Operator":{"limit:":"-1","Processor Tree:":{"ListSink":{}}}}}}
 Warning: Shuffle Join JOIN[8][tables = [src1, src2]] in Stage 'Stage-1:MAPRED' is a cross product
 PREHOOK: query: SELECT src1.key as k1, src1.value as v1, 
        src2.key as k2, src2.value as v2 FROM 
diff --git a/ql/src/test/results/clientpositive/join23.q.out b/ql/src/test/results/clientpositive/join23.q.out
index da3cc0e3f2..4144c814ad 100644
--- a/ql/src/test/results/clientpositive/join23.q.out
+++ b/ql/src/test/results/clientpositive/join23.q.out
@@ -46,11 +46,11 @@ STAGE PLANS:
             0 
             1 
           outputColumnNames: _col0, _col1, _col5, _col6
-          Statistics: Num rows: 182 Data size: 1939 Basic stats: COMPLETE Column stats: NONE
+          Statistics: Num rows: 27556 Data size: 612872 Basic stats: COMPLETE Column stats: NONE
           Select Operator
             expressions: _col0 (type: string), _col1 (type: string), _col5 (type: string), _col6 (type: string)
             outputColumnNames: _col0, _col1, _col2, _col3
-            Statistics: Num rows: 182 Data size: 1939 Basic stats: COMPLETE Column stats: NONE
+            Statistics: Num rows: 27556 Data size: 612872 Basic stats: COMPLETE Column stats: NONE
             File Output Operator
               compressed: false
               table:
@@ -65,15 +65,15 @@ STAGE PLANS:
             Reduce Output Operator
               key expressions: _col0 (type: string), _col1 (type: string), _col2 (type: string), _col3 (type: string)
               sort order: ++++
-              Statistics: Num rows: 182 Data size: 1939 Basic stats: COMPLETE Column stats: NONE
+              Statistics: Num rows: 27556 Data size: 612872 Basic stats: COMPLETE Column stats: NONE
       Reduce Operator Tree:
         Select Operator
           expressions: KEY.reducesinkkey0 (type: string), KEY.reducesinkkey1 (type: string), KEY.reducesinkkey2 (type: string), KEY.reducesinkkey3 (type: string)
           outputColumnNames: _col0, _col1, _col2, _col3
-          Statistics: Num rows: 182 Data size: 1939 Basic stats: COMPLETE Column stats: NONE
+          Statistics: Num rows: 27556 Data size: 612872 Basic stats: COMPLETE Column stats: NONE
           File Output Operator
             compressed: false
-            Statistics: Num rows: 182 Data size: 1939 Basic stats: COMPLETE Column stats: NONE
+            Statistics: Num rows: 27556 Data size: 612872 Basic stats: COMPLETE Column stats: NONE
             table:
                 input format: org.apache.hadoop.mapred.SequenceFileInputFormat
                 output format: org.apache.hadoop.hive.ql.io.HiveSequenceFileOutputFormat
diff --git a/ql/src/test/results/clientpositive/join42.q.out b/ql/src/test/results/clientpositive/join42.q.out
index 57979b0b48..8fbcaedb14 100644
--- a/ql/src/test/results/clientpositive/join42.q.out
+++ b/ql/src/test/results/clientpositive/join42.q.out
@@ -175,7 +175,7 @@ STAGE PLANS:
             1 
             2 
           outputColumnNames: _col2, _col3
-          Statistics: Num rows: 2 Data size: 8 Basic stats: COMPLETE Column stats: NONE
+          Statistics: Num rows: 1 Data size: 23 Basic stats: COMPLETE Column stats: NONE
           File Output Operator
             compressed: false
             table:
@@ -191,7 +191,7 @@ STAGE PLANS:
               key expressions: _col2 (type: int)
               sort order: +
               Map-reduce partition columns: _col2 (type: int)
-              Statistics: Num rows: 2 Data size: 8 Basic stats: COMPLETE Column stats: NONE
+              Statistics: Num rows: 1 Data size: 23 Basic stats: COMPLETE Column stats: NONE
               value expressions: _col3 (type: int)
           TableScan
             alias: a
diff --git a/ql/src/test/results/clientpositive/join_alt_syntax.q.out b/ql/src/test/results/clientpositive/join_alt_syntax.q.out
index 17b10bd267..e1ba934160 100644
--- a/ql/src/test/results/clientpositive/join_alt_syntax.q.out
+++ b/ql/src/test/results/clientpositive/join_alt_syntax.q.out
@@ -43,10 +43,10 @@ STAGE PLANS:
             0 
             1 
           outputColumnNames: _col0, _col1
-          Statistics: Num rows: 28 Data size: 3461 Basic stats: COMPLETE Column stats: NONE
+          Statistics: Num rows: 676 Data size: 164320 Basic stats: COMPLETE Column stats: NONE
           File Output Operator
             compressed: false
-            Statistics: Num rows: 28 Data size: 3461 Basic stats: COMPLETE Column stats: NONE
+            Statistics: Num rows: 676 Data size: 164320 Basic stats: COMPLETE Column stats: NONE
             table:
                 input format: org.apache.hadoop.mapred.SequenceFileInputFormat
                 output format: org.apache.hadoop.hive.ql.io.HiveSequenceFileOutputFormat
@@ -281,14 +281,14 @@ STAGE PLANS:
             0 
             1 
           outputColumnNames: _col0, _col1, _col2, _col3
-          Statistics: Num rows: 28 Data size: 3461 Basic stats: COMPLETE Column stats: NONE
+          Statistics: Num rows: 676 Data size: 164320 Basic stats: COMPLETE Column stats: NONE
           Filter Operator
             predicate: ((_col2 + _col0) = _col0) (type: boolean)
-            Statistics: Num rows: 14 Data size: 1730 Basic stats: COMPLETE Column stats: NONE
+            Statistics: Num rows: 338 Data size: 82160 Basic stats: COMPLETE Column stats: NONE
             Select Operator
               expressions: _col1 (type: string), _col3 (type: string)
               outputColumnNames: _col1, _col3
-              Statistics: Num rows: 14 Data size: 1730 Basic stats: COMPLETE Column stats: NONE
+              Statistics: Num rows: 338 Data size: 82160 Basic stats: COMPLETE Column stats: NONE
               File Output Operator
                 compressed: false
                 table:
@@ -304,7 +304,7 @@ STAGE PLANS:
               key expressions: _col3 (type: string)
               sort order: +
               Map-reduce partition columns: _col3 (type: string)
-              Statistics: Num rows: 14 Data size: 1730 Basic stats: COMPLETE Column stats: NONE
+              Statistics: Num rows: 338 Data size: 82160 Basic stats: COMPLETE Column stats: NONE
               value expressions: _col1 (type: string)
           TableScan
             alias: p1
@@ -329,14 +329,14 @@ STAGE PLANS:
             0 _col3 (type: string)
             1 _col0 (type: string)
           outputColumnNames: _col1, _col3, _col4
-          Statistics: Num rows: 28 Data size: 3461 Basic stats: COMPLETE Column stats: NONE
+          Statistics: Num rows: 371 Data size: 90376 Basic stats: COMPLETE Column stats: NONE
           Select Operator
             expressions: _col1 (type: string), _col3 (type: string), _col4 (type: string)
             outputColumnNames: _col0, _col1, _col2
-            Statistics: Num rows: 28 Data size: 3461 Basic stats: COMPLETE Column stats: NONE
+            Statistics: Num rows: 371 Data size: 90376 Basic stats: COMPLETE Column stats: NONE
             File Output Operator
               compressed: false
-              Statistics: Num rows: 28 Data size: 3461 Basic stats: COMPLETE Column stats: NONE
+              Statistics: Num rows: 371 Data size: 90376 Basic stats: COMPLETE Column stats: NONE
               table:
                   input format: org.apache.hadoop.mapred.SequenceFileInputFormat
                   output format: org.apache.hadoop.hive.ql.io.HiveSequenceFileOutputFormat
diff --git a/ql/src/test/results/clientpositive/join_cond_pushdown_1.q.out b/ql/src/test/results/clientpositive/join_cond_pushdown_1.q.out
index eab61786ec..f464a7a895 100644
--- a/ql/src/test/results/clientpositive/join_cond_pushdown_1.q.out
+++ b/ql/src/test/results/clientpositive/join_cond_pushdown_1.q.out
@@ -221,10 +221,10 @@ STAGE PLANS:
             0 
             1 
           outputColumnNames: _col0, _col1, _col2, _col3, _col4, _col5, _col6, _col7, _col8, _col9, _col10, _col11, _col12, _col13, _col14, _col15, _col16, _col17
-          Statistics: Num rows: 28 Data size: 3461 Basic stats: COMPLETE Column stats: NONE
+          Statistics: Num rows: 676 Data size: 164320 Basic stats: COMPLETE Column stats: NONE
           Filter Operator
             predicate: ((_col9 + _col0) = _col0) (type: boolean)
-            Statistics: Num rows: 14 Data size: 1730 Basic stats: COMPLETE Column stats: NONE
+            Statistics: Num rows: 338 Data size: 82160 Basic stats: COMPLETE Column stats: NONE
             File Output Operator
               compressed: false
               table:
@@ -240,7 +240,7 @@ STAGE PLANS:
               key expressions: _col10 (type: string)
               sort order: +
               Map-reduce partition columns: _col10 (type: string)
-              Statistics: Num rows: 14 Data size: 1730 Basic stats: COMPLETE Column stats: NONE
+              Statistics: Num rows: 338 Data size: 82160 Basic stats: COMPLETE Column stats: NONE
               value expressions: _col0 (type: int), _col1 (type: string), _col2 (type: string), _col3 (type: string), _col4 (type: string), _col5 (type: int), _col6 (type: string), _col7 (type: double), _col8 (type: string), _col9 (type: int), _col11 (type: string), _col12 (type: string), _col13 (type: string), _col14 (type: int), _col15 (type: string), _col16 (type: double), _col17 (type: string)
           TableScan
             alias: p1
@@ -266,10 +266,10 @@ STAGE PLANS:
             0 _col10 (type: string)
             1 _col1 (type: string)
           outputColumnNames: _col0, _col1, _col2, _col3, _col4, _col5, _col6, _col7, _col8, _col9, _col10, _col11, _col12, _col13, _col14, _col15, _col16, _col17, _col18, _col19, _col20, _col21, _col22, _col23, _col24, _col25, _col26
-          Statistics: Num rows: 28 Data size: 3461 Basic stats: COMPLETE Column stats: NONE
+          Statistics: Num rows: 371 Data size: 90376 Basic stats: COMPLETE Column stats: NONE
           File Output Operator
             compressed: false
-            Statistics: Num rows: 28 Data size: 3461 Basic stats: COMPLETE Column stats: NONE
+            Statistics: Num rows: 371 Data size: 90376 Basic stats: COMPLETE Column stats: NONE
             table:
                 input format: org.apache.hadoop.mapred.SequenceFileInputFormat
                 output format: org.apache.hadoop.hive.ql.io.HiveSequenceFileOutputFormat
@@ -372,14 +372,14 @@ STAGE PLANS:
             0 
             1 
           outputColumnNames: _col0, _col1, _col2, _col3, _col4, _col5, _col6, _col7, _col8, _col10, _col11, _col12, _col13, _col14, _col15, _col16, _col17, _col18, _col19, _col20, _col21, _col22, _col23, _col24, _col25, _col26
-          Statistics: Num rows: 30 Data size: 3807 Basic stats: COMPLETE Column stats: NONE
+          Statistics: Num rows: 728 Data size: 178830 Basic stats: COMPLETE Column stats: NONE
           Select Operator
             expressions: _col18 (type: int), _col19 (type: string), _col20 (type: string), _col21 (type: string), _col22 (type: string), _col23 (type: int), _col24 (type: string), _col25 (type: double), _col26 (type: string), 1 (type: int), _col10 (type: string), _col11 (type: string), _col12 (type: string), _col13 (type: string), _col14 (type: int), _col15 (type: string), _col16 (type: double), _col17 (type: string), _col0 (type: int), _col1 (type: string), _col2 (type: string), _col3 (type: string), _col4 (type: string), _col5 (type: int), _col6 (type: string), _col7 (type: double), _col8 (type: string)
             outputColumnNames: _col0, _col1, _col2, _col3, _col4, _col5, _col6, _col7, _col8, _col9, _col10, _col11, _col12, _col13, _col14, _col15, _col16, _col17, _col18, _col19, _col20, _col21, _col22, _col23, _col24, _col25, _col26
-            Statistics: Num rows: 30 Data size: 3807 Basic stats: COMPLETE Column stats: NONE
+            Statistics: Num rows: 728 Data size: 178830 Basic stats: COMPLETE Column stats: NONE
             File Output Operator
               compressed: false
-              Statistics: Num rows: 30 Data size: 3807 Basic stats: COMPLETE Column stats: NONE
+              Statistics: Num rows: 728 Data size: 178830 Basic stats: COMPLETE Column stats: NONE
               table:
                   input format: org.apache.hadoop.mapred.SequenceFileInputFormat
                   output format: org.apache.hadoop.hive.ql.io.HiveSequenceFileOutputFormat
diff --git a/ql/src/test/results/clientpositive/join_cond_pushdown_3.q.out b/ql/src/test/results/clientpositive/join_cond_pushdown_3.q.out
index 771745f990..66a300e496 100644
--- a/ql/src/test/results/clientpositive/join_cond_pushdown_3.q.out
+++ b/ql/src/test/results/clientpositive/join_cond_pushdown_3.q.out
@@ -227,10 +227,10 @@ STAGE PLANS:
             0 
             1 
           outputColumnNames: _col0, _col1, _col2, _col3, _col4, _col5, _col6, _col7, _col8, _col9, _col10, _col11, _col12, _col13, _col14, _col15, _col16, _col17
-          Statistics: Num rows: 28 Data size: 3461 Basic stats: COMPLETE Column stats: NONE
+          Statistics: Num rows: 676 Data size: 164320 Basic stats: COMPLETE Column stats: NONE
           Filter Operator
             predicate: ((_col9 + _col0) = _col0) (type: boolean)
-            Statistics: Num rows: 14 Data size: 1730 Basic stats: COMPLETE Column stats: NONE
+            Statistics: Num rows: 338 Data size: 82160 Basic stats: COMPLETE Column stats: NONE
             File Output Operator
               compressed: false
               table:
@@ -246,7 +246,7 @@ STAGE PLANS:
               key expressions: _col10 (type: string)
               sort order: +
               Map-reduce partition columns: _col10 (type: string)
-              Statistics: Num rows: 14 Data size: 1730 Basic stats: COMPLETE Column stats: NONE
+              Statistics: Num rows: 338 Data size: 82160 Basic stats: COMPLETE Column stats: NONE
               value expressions: _col0 (type: int), _col1 (type: string), _col2 (type: string), _col3 (type: string), _col4 (type: string), _col5 (type: int), _col6 (type: string), _col7 (type: double), _col8 (type: string), _col9 (type: int), _col11 (type: string), _col12 (type: string), _col13 (type: string), _col14 (type: int), _col15 (type: string), _col16 (type: double), _col17 (type: string)
           TableScan
             alias: p1
@@ -272,10 +272,10 @@ STAGE PLANS:
             0 _col10 (type: string)
             1 _col1 (type: string)
           outputColumnNames: _col0, _col1, _col2, _col3, _col4, _col5, _col6, _col7, _col8, _col9, _col10, _col11, _col12, _col13, _col14, _col15, _col16, _col17, _col18, _col19, _col20, _col21, _col22, _col23, _col24, _col25, _col26
-          Statistics: Num rows: 28 Data size: 3461 Basic stats: COMPLETE Column stats: NONE
+          Statistics: Num rows: 371 Data size: 90376 Basic stats: COMPLETE Column stats: NONE
           File Output Operator
             compressed: false
-            Statistics: Num rows: 28 Data size: 3461 Basic stats: COMPLETE Column stats: NONE
+            Statistics: Num rows: 371 Data size: 90376 Basic stats: COMPLETE Column stats: NONE
             table:
                 input format: org.apache.hadoop.mapred.SequenceFileInputFormat
                 output format: org.apache.hadoop.hive.ql.io.HiveSequenceFileOutputFormat
@@ -380,14 +380,14 @@ STAGE PLANS:
             0 
             1 
           outputColumnNames: _col0, _col1, _col2, _col3, _col4, _col5, _col6, _col7, _col8, _col10, _col11, _col12, _col13, _col14, _col15, _col16, _col17, _col18, _col19, _col20, _col21, _col22, _col23, _col24, _col25, _col26
-          Statistics: Num rows: 30 Data size: 3807 Basic stats: COMPLETE Column stats: NONE
+          Statistics: Num rows: 728 Data size: 178830 Basic stats: COMPLETE Column stats: NONE
           Select Operator
             expressions: _col18 (type: int), _col19 (type: string), _col20 (type: string), _col21 (type: string), _col22 (type: string), _col23 (type: int), _col24 (type: string), _col25 (type: double), _col26 (type: string), 1 (type: int), _col10 (type: string), _col11 (type: string), _col12 (type: string), _col13 (type: string), _col14 (type: int), _col15 (type: string), _col16 (type: double), _col17 (type: string), _col0 (type: int), _col1 (type: string), _col2 (type: string), _col3 (type: string), _col4 (type: string), _col5 (type: int), _col6 (type: string), _col7 (type: double), _col8 (type: string)
             outputColumnNames: _col0, _col1, _col2, _col3, _col4, _col5, _col6, _col7, _col8, _col9, _col10, _col11, _col12, _col13, _col14, _col15, _col16, _col17, _col18, _col19, _col20, _col21, _col22, _col23, _col24, _col25, _col26
-            Statistics: Num rows: 30 Data size: 3807 Basic stats: COMPLETE Column stats: NONE
+            Statistics: Num rows: 728 Data size: 178830 Basic stats: COMPLETE Column stats: NONE
             File Output Operator
               compressed: false
-              Statistics: Num rows: 30 Data size: 3807 Basic stats: COMPLETE Column stats: NONE
+              Statistics: Num rows: 728 Data size: 178830 Basic stats: COMPLETE Column stats: NONE
               table:
                   input format: org.apache.hadoop.mapred.SequenceFileInputFormat
                   output format: org.apache.hadoop.hive.ql.io.HiveSequenceFileOutputFormat
diff --git a/ql/src/test/results/clientpositive/join_cond_pushdown_unqual1.q.out b/ql/src/test/results/clientpositive/join_cond_pushdown_unqual1.q.out
index 8cbc70d50a..966330d159 100644
--- a/ql/src/test/results/clientpositive/join_cond_pushdown_unqual1.q.out
+++ b/ql/src/test/results/clientpositive/join_cond_pushdown_unqual1.q.out
@@ -277,10 +277,10 @@ STAGE PLANS:
             0 
             1 
           outputColumnNames: _col0, _col1, _col2, _col3, _col4, _col5, _col6, _col7, _col8, _col9, _col10, _col11, _col12, _col13, _col14, _col15, _col16, _col17
-          Statistics: Num rows: 28 Data size: 3461 Basic stats: COMPLETE Column stats: NONE
+          Statistics: Num rows: 26 Data size: 3173 Basic stats: COMPLETE Column stats: NONE
           Filter Operator
             predicate: ((_col9 + _col0) = _col0) (type: boolean)
-            Statistics: Num rows: 14 Data size: 1730 Basic stats: COMPLETE Column stats: NONE
+            Statistics: Num rows: 13 Data size: 1586 Basic stats: COMPLETE Column stats: NONE
             File Output Operator
               compressed: false
               table:
@@ -296,7 +296,7 @@ STAGE PLANS:
               key expressions: _col10 (type: string)
               sort order: +
               Map-reduce partition columns: _col10 (type: string)
-              Statistics: Num rows: 14 Data size: 1730 Basic stats: COMPLETE Column stats: NONE
+              Statistics: Num rows: 13 Data size: 1586 Basic stats: COMPLETE Column stats: NONE
               value expressions: _col0 (type: int), _col1 (type: string), _col2 (type: string), _col3 (type: string), _col4 (type: string), _col5 (type: int), _col6 (type: string), _col7 (type: double), _col8 (type: string), _col9 (type: int), _col11 (type: string), _col12 (type: string), _col13 (type: string), _col14 (type: int), _col15 (type: string), _col16 (type: double), _col17 (type: string)
           TableScan
             alias: p3
@@ -322,10 +322,10 @@ STAGE PLANS:
             0 _col10 (type: string)
             1 _col1 (type: string)
           outputColumnNames: _col0, _col1, _col2, _col3, _col4, _col5, _col6, _col7, _col8, _col9, _col10, _col11, _col12, _col13, _col14, _col15, _col16, _col17, _col18, _col19, _col20, _col21, _col22, _col23, _col24, _col25, _col26
-          Statistics: Num rows: 15 Data size: 1903 Basic stats: COMPLETE Column stats: NONE
+          Statistics: Num rows: 14 Data size: 1744 Basic stats: COMPLETE Column stats: NONE
           File Output Operator
             compressed: false
-            Statistics: Num rows: 15 Data size: 1903 Basic stats: COMPLETE Column stats: NONE
+            Statistics: Num rows: 14 Data size: 1744 Basic stats: COMPLETE Column stats: NONE
             table:
                 input format: org.apache.hadoop.mapred.SequenceFileInputFormat
                 output format: org.apache.hadoop.hive.ql.io.HiveSequenceFileOutputFormat
@@ -386,7 +386,7 @@ STAGE PLANS:
             0 
             1 
           outputColumnNames: _col0, _col1, _col2, _col3, _col4, _col5, _col6, _col7, _col8, _col10, _col11, _col12, _col13, _col14, _col15, _col16, _col17
-          Statistics: Num rows: 28 Data size: 3461 Basic stats: COMPLETE Column stats: NONE
+          Statistics: Num rows: 26 Data size: 3173 Basic stats: COMPLETE Column stats: NONE
           File Output Operator
             compressed: false
             table:
@@ -402,7 +402,7 @@ STAGE PLANS:
               key expressions: _col10 (type: string)
               sort order: +
               Map-reduce partition columns: _col10 (type: string)
-              Statistics: Num rows: 28 Data size: 3461 Basic stats: COMPLETE Column stats: NONE
+              Statistics: Num rows: 26 Data size: 3173 Basic stats: COMPLETE Column stats: NONE
               value expressions: _col0 (type: int), _col1 (type: string), _col2 (type: string), _col3 (type: string), _col4 (type: string), _col5 (type: int), _col6 (type: string), _col7 (type: double), _col8 (type: string), _col11 (type: string), _col12 (type: string), _col13 (type: string), _col14 (type: int), _col15 (type: string), _col16 (type: double), _col17 (type: string)
           TableScan
             alias: p3
@@ -428,14 +428,14 @@ STAGE PLANS:
             0 _col10 (type: string)
             1 _col1 (type: string)
           outputColumnNames: _col0, _col1, _col2, _col3, _col4, _col5, _col6, _col7, _col8, _col10, _col11, _col12, _col13, _col14, _col15, _col16, _col17, _col18, _col19, _col20, _col21, _col22, _col23, _col24, _col25, _col26
-          Statistics: Num rows: 30 Data size: 3807 Basic stats: COMPLETE Column stats: NONE
+          Statistics: Num rows: 28 Data size: 3490 Basic stats: COMPLETE Column stats: NONE
           Select Operator
             expressions: _col0 (type: int), _col1 (type: string), _col2 (type: string), _col3 (type: string), _col4 (type: string), _col5 (type: int), _col6 (type: string), _col7 (type: double), _col8 (type: string), 1 (type: int), _col10 (type: string), _col11 (type: string), _col12 (type: string), _col13 (type: string), _col14 (type: int), _col15 (type: string), _col16 (type: double), _col17 (type: string), _col18 (type: int), _col19 (type: string), _col20 (type: string), _col21 (type: string), _col22 (type: string), _col23 (type: int), _col24 (type: string), _col25 (type: double), _col26 (type: string)
             outputColumnNames: _col0, _col1, _col2, _col3, _col4, _col5, _col6, _col7, _col8, _col9, _col10, _col11, _col12, _col13, _col14, _col15, _col16, _col17, _col18, _col19, _col20, _col21, _col22, _col23, _col24, _col25, _col26
-            Statistics: Num rows: 30 Data size: 3807 Basic stats: COMPLETE Column stats: NONE
+            Statistics: Num rows: 28 Data size: 3490 Basic stats: COMPLETE Column stats: NONE
             File Output Operator
               compressed: false
-              Statistics: Num rows: 30 Data size: 3807 Basic stats: COMPLETE Column stats: NONE
+              Statistics: Num rows: 28 Data size: 3490 Basic stats: COMPLETE Column stats: NONE
               table:
                   input format: org.apache.hadoop.mapred.SequenceFileInputFormat
                   output format: org.apache.hadoop.hive.ql.io.HiveSequenceFileOutputFormat
diff --git a/ql/src/test/results/clientpositive/join_cond_pushdown_unqual3.q.out b/ql/src/test/results/clientpositive/join_cond_pushdown_unqual3.q.out
index 19a89e7b07..54a2d0635b 100644
--- a/ql/src/test/results/clientpositive/join_cond_pushdown_unqual3.q.out
+++ b/ql/src/test/results/clientpositive/join_cond_pushdown_unqual3.q.out
@@ -283,10 +283,10 @@ STAGE PLANS:
             0 
             1 
           outputColumnNames: _col0, _col1, _col2, _col3, _col4, _col5, _col6, _col7, _col8, _col9, _col10, _col11, _col12, _col13, _col14, _col15, _col16, _col17
-          Statistics: Num rows: 28 Data size: 3461 Basic stats: COMPLETE Column stats: NONE
+          Statistics: Num rows: 26 Data size: 3173 Basic stats: COMPLETE Column stats: NONE
           Filter Operator
             predicate: ((_col9 + _col0) = _col0) (type: boolean)
-            Statistics: Num rows: 14 Data size: 1730 Basic stats: COMPLETE Column stats: NONE
+            Statistics: Num rows: 13 Data size: 1586 Basic stats: COMPLETE Column stats: NONE
             File Output Operator
               compressed: false
               table:
@@ -302,7 +302,7 @@ STAGE PLANS:
               key expressions: _col10 (type: string)
               sort order: +
               Map-reduce partition columns: _col10 (type: string)
-              Statistics: Num rows: 14 Data size: 1730 Basic stats: COMPLETE Column stats: NONE
+              Statistics: Num rows: 13 Data size: 1586 Basic stats: COMPLETE Column stats: NONE
               value expressions: _col0 (type: int), _col1 (type: string), _col2 (type: string), _col3 (type: string), _col4 (type: string), _col5 (type: int), _col6 (type: string), _col7 (type: double), _col8 (type: string), _col9 (type: int), _col11 (type: string), _col12 (type: string), _col13 (type: string), _col14 (type: int), _col15 (type: string), _col16 (type: double), _col17 (type: string)
           TableScan
             alias: p3
@@ -328,10 +328,10 @@ STAGE PLANS:
             0 _col10 (type: string)
             1 _col1 (type: string)
           outputColumnNames: _col0, _col1, _col2, _col3, _col4, _col5, _col6, _col7, _col8, _col9, _col10, _col11, _col12, _col13, _col14, _col15, _col16, _col17, _col18, _col19, _col20, _col21, _col22, _col23, _col24, _col25, _col26
-          Statistics: Num rows: 15 Data size: 1903 Basic stats: COMPLETE Column stats: NONE
+          Statistics: Num rows: 14 Data size: 1744 Basic stats: COMPLETE Column stats: NONE
           File Output Operator
             compressed: false
-            Statistics: Num rows: 15 Data size: 1903 Basic stats: COMPLETE Column stats: NONE
+            Statistics: Num rows: 14 Data size: 1744 Basic stats: COMPLETE Column stats: NONE
             table:
                 input format: org.apache.hadoop.mapred.SequenceFileInputFormat
                 output format: org.apache.hadoop.hive.ql.io.HiveSequenceFileOutputFormat
@@ -394,7 +394,7 @@ STAGE PLANS:
             0 
             1 
           outputColumnNames: _col0, _col1, _col2, _col3, _col4, _col5, _col6, _col7, _col8, _col10, _col11, _col12, _col13, _col14, _col15, _col16, _col17
-          Statistics: Num rows: 28 Data size: 3461 Basic stats: COMPLETE Column stats: NONE
+          Statistics: Num rows: 26 Data size: 3173 Basic stats: COMPLETE Column stats: NONE
           File Output Operator
             compressed: false
             table:
@@ -410,7 +410,7 @@ STAGE PLANS:
               key expressions: _col10 (type: string)
               sort order: +
               Map-reduce partition columns: _col10 (type: string)
-              Statistics: Num rows: 28 Data size: 3461 Basic stats: COMPLETE Column stats: NONE
+              Statistics: Num rows: 26 Data size: 3173 Basic stats: COMPLETE Column stats: NONE
               value expressions: _col0 (type: int), _col1 (type: string), _col2 (type: string), _col3 (type: string), _col4 (type: string), _col5 (type: int), _col6 (type: string), _col7 (type: double), _col8 (type: string), _col11 (type: string), _col12 (type: string), _col13 (type: string), _col14 (type: int), _col15 (type: string), _col16 (type: double), _col17 (type: string)
           TableScan
             alias: p3
@@ -436,14 +436,14 @@ STAGE PLANS:
             0 _col10 (type: string)
             1 _col1 (type: string)
           outputColumnNames: _col0, _col1, _col2, _col3, _col4, _col5, _col6, _col7, _col8, _col10, _col11, _col12, _col13, _col14, _col15, _col16, _col17, _col18, _col19, _col20, _col21, _col22, _col23, _col24, _col25, _col26
-          Statistics: Num rows: 30 Data size: 3807 Basic stats: COMPLETE Column stats: NONE
+          Statistics: Num rows: 28 Data size: 3490 Basic stats: COMPLETE Column stats: NONE
           Select Operator
             expressions: _col0 (type: int), _col1 (type: string), _col2 (type: string), _col3 (type: string), _col4 (type: string), _col5 (type: int), _col6 (type: string), _col7 (type: double), _col8 (type: string), 1 (type: int), _col10 (type: string), _col11 (type: string), _col12 (type: string), _col13 (type: string), _col14 (type: int), _col15 (type: string), _col16 (type: double), _col17 (type: string), _col18 (type: int), _col19 (type: string), _col20 (type: string), _col21 (type: string), _col22 (type: string), _col23 (type: int), _col24 (type: string), _col25 (type: double), _col26 (type: string)
             outputColumnNames: _col0, _col1, _col2, _col3, _col4, _col5, _col6, _col7, _col8, _col9, _col10, _col11, _col12, _col13, _col14, _col15, _col16, _col17, _col18, _col19, _col20, _col21, _col22, _col23, _col24, _col25, _col26
-            Statistics: Num rows: 30 Data size: 3807 Basic stats: COMPLETE Column stats: NONE
+            Statistics: Num rows: 28 Data size: 3490 Basic stats: COMPLETE Column stats: NONE
             File Output Operator
               compressed: false
-              Statistics: Num rows: 30 Data size: 3807 Basic stats: COMPLETE Column stats: NONE
+              Statistics: Num rows: 28 Data size: 3490 Basic stats: COMPLETE Column stats: NONE
               table:
                   input format: org.apache.hadoop.mapred.SequenceFileInputFormat
                   output format: org.apache.hadoop.hive.ql.io.HiveSequenceFileOutputFormat
diff --git a/ql/src/test/results/clientpositive/llap/cte_mat_1.q.out b/ql/src/test/results/clientpositive/llap/cte_mat_1.q.out
index 3722d9e145..7e2021462c 100644
--- a/ql/src/test/results/clientpositive/llap/cte_mat_1.q.out
+++ b/ql/src/test/results/clientpositive/llap/cte_mat_1.q.out
@@ -62,14 +62,14 @@ STAGE PLANS:
                 keys:
                   0 
                   1 
-                Statistics: Num rows: 275 Data size: 2921 Basic stats: COMPLETE Column stats: NONE
+                Statistics: Num rows: 62500 Data size: 1390500 Basic stats: COMPLETE Column stats: NONE
                 Select Operator
                   expressions: '5' (type: string)
                   outputColumnNames: _col0
-                  Statistics: Num rows: 275 Data size: 2921 Basic stats: COMPLETE Column stats: NONE
+                  Statistics: Num rows: 62500 Data size: 1390500 Basic stats: COMPLETE Column stats: NONE
                   File Output Operator
                     compressed: false
-                    Statistics: Num rows: 275 Data size: 2921 Basic stats: COMPLETE Column stats: NONE
+                    Statistics: Num rows: 62500 Data size: 1390500 Basic stats: COMPLETE Column stats: NONE
                     table:
                         input format: org.apache.hadoop.mapred.SequenceFileInputFormat
                         output format: org.apache.hadoop.hive.ql.io.HiveSequenceFileOutputFormat
diff --git a/ql/src/test/results/clientpositive/llap/cte_mat_2.q.out b/ql/src/test/results/clientpositive/llap/cte_mat_2.q.out
index 3722d9e145..7e2021462c 100644
--- a/ql/src/test/results/clientpositive/llap/cte_mat_2.q.out
+++ b/ql/src/test/results/clientpositive/llap/cte_mat_2.q.out
@@ -62,14 +62,14 @@ STAGE PLANS:
                 keys:
                   0 
                   1 
-                Statistics: Num rows: 275 Data size: 2921 Basic stats: COMPLETE Column stats: NONE
+                Statistics: Num rows: 62500 Data size: 1390500 Basic stats: COMPLETE Column stats: NONE
                 Select Operator
                   expressions: '5' (type: string)
                   outputColumnNames: _col0
-                  Statistics: Num rows: 275 Data size: 2921 Basic stats: COMPLETE Column stats: NONE
+                  Statistics: Num rows: 62500 Data size: 1390500 Basic stats: COMPLETE Column stats: NONE
                   File Output Operator
                     compressed: false
-                    Statistics: Num rows: 275 Data size: 2921 Basic stats: COMPLETE Column stats: NONE
+                    Statistics: Num rows: 62500 Data size: 1390500 Basic stats: COMPLETE Column stats: NONE
                     table:
                         input format: org.apache.hadoop.mapred.SequenceFileInputFormat
                         output format: org.apache.hadoop.hive.ql.io.HiveSequenceFileOutputFormat
diff --git a/ql/src/test/results/clientpositive/llap/dynamic_partition_pruning.q.out b/ql/src/test/results/clientpositive/llap/dynamic_partition_pruning.q.out
index 56618d1c05..912cd7f012 100644
--- a/ql/src/test/results/clientpositive/llap/dynamic_partition_pruning.q.out
+++ b/ql/src/test/results/clientpositive/llap/dynamic_partition_pruning.q.out
@@ -2289,7 +2289,7 @@ STAGE PLANS:
                 keys:
                   0 
                   1 
-                Statistics: Num rows: 1100 Data size: 11686 Basic stats: COMPLETE Column stats: NONE
+                Statistics: Num rows: 500000 Data size: 11124000 Basic stats: COMPLETE Column stats: NONE
                 Group By Operator
                   aggregations: count()
                   mode: hash
@@ -2425,12 +2425,12 @@ STAGE PLANS:
                   0 
                   1 
                 outputColumnNames: _col0, _col1, _col2, _col4
-                Statistics: Num rows: 2200 Data size: 23372 Basic stats: COMPLETE Column stats: NONE
+                Statistics: Num rows: 2000 Data size: 77248 Basic stats: COMPLETE Column stats: NONE
                 Filter Operator
                   predicate: ((_col0 = _col2) or (_col1 = _col4)) (type: boolean)
-                  Statistics: Num rows: 2200 Data size: 23372 Basic stats: COMPLETE Column stats: NONE
+                  Statistics: Num rows: 2000 Data size: 77248 Basic stats: COMPLETE Column stats: NONE
                   Select Operator
-                    Statistics: Num rows: 2200 Data size: 23372 Basic stats: COMPLETE Column stats: NONE
+                    Statistics: Num rows: 2000 Data size: 77248 Basic stats: COMPLETE Column stats: NONE
                     Group By Operator
                       aggregations: count()
                       mode: hash
@@ -5019,7 +5019,7 @@ STAGE PLANS:
                       1 
                     input vertices:
                       0 Map 1
-                    Statistics: Num rows: 1100 Data size: 11686 Basic stats: COMPLETE Column stats: NONE
+                    Statistics: Num rows: 500000 Data size: 11124000 Basic stats: COMPLETE Column stats: NONE
                     Group By Operator
                       aggregations: count()
                       mode: hash
diff --git a/ql/src/test/results/clientpositive/llap/dynamic_partition_pruning_2.q.out b/ql/src/test/results/clientpositive/llap/dynamic_partition_pruning_2.q.out
index b0024b3f8c..b3673c2af3 100644
--- a/ql/src/test/results/clientpositive/llap/dynamic_partition_pruning_2.q.out
+++ b/ql/src/test/results/clientpositive/llap/dynamic_partition_pruning_2.q.out
@@ -618,10 +618,10 @@ STAGE PLANS:
                       outputColumnNames: _col0
                       input vertices:
                         1 Map 2
-                      Statistics: Num rows: 3 Data size: 9 Basic stats: COMPLETE Column stats: NONE
+                      Statistics: Num rows: 3 Data size: 27 Basic stats: COMPLETE Column stats: NONE
                       File Output Operator
                         compressed: false
-                        Statistics: Num rows: 3 Data size: 9 Basic stats: COMPLETE Column stats: NONE
+                        Statistics: Num rows: 3 Data size: 27 Basic stats: COMPLETE Column stats: NONE
                         table:
                             input format: org.apache.hadoop.mapred.SequenceFileInputFormat
                             output format: org.apache.hadoop.hive.ql.io.HiveSequenceFileOutputFormat
diff --git a/ql/src/test/results/clientpositive/llap/hybridgrace_hashjoin_1.q.out b/ql/src/test/results/clientpositive/llap/hybridgrace_hashjoin_1.q.out
index 5bfc5e701e..ad3a358155 100644
--- a/ql/src/test/results/clientpositive/llap/hybridgrace_hashjoin_1.q.out
+++ b/ql/src/test/results/clientpositive/llap/hybridgrace_hashjoin_1.q.out
@@ -1341,14 +1341,14 @@ STAGE PLANS:
                         outputColumnNames: _col0, _col2
                         input vertices:
                           1 Map 2
-                        Statistics: Num rows: 6758 Data size: 1190783 Basic stats: COMPLETE Column stats: NONE
+                        Statistics: Num rows: 37748736 Data size: 13339877376 Basic stats: COMPLETE Column stats: NONE
                         Select Operator
                           expressions: 6981 (type: int), 6981 (type: int), _col0 (type: decimal(20,10)), _col2 (type: decimal(23,14))
                           outputColumnNames: _col0, _col1, _col2, _col3
-                          Statistics: Num rows: 6758 Data size: 1190783 Basic stats: COMPLETE Column stats: NONE
+                          Statistics: Num rows: 37748736 Data size: 13339877376 Basic stats: COMPLETE Column stats: NONE
                           File Output Operator
                             compressed: false
-                            Statistics: Num rows: 6758 Data size: 1190783 Basic stats: COMPLETE Column stats: NONE
+                            Statistics: Num rows: 37748736 Data size: 13339877376 Basic stats: COMPLETE Column stats: NONE
                             table:
                                 input format: org.apache.hadoop.mapred.SequenceFileInputFormat
                                 output format: org.apache.hadoop.hive.ql.io.HiveSequenceFileOutputFormat
@@ -1539,14 +1539,14 @@ STAGE PLANS:
                         outputColumnNames: _col0, _col2
                         input vertices:
                           1 Map 2
-                        Statistics: Num rows: 6758 Data size: 1190783 Basic stats: COMPLETE Column stats: NONE
+                        Statistics: Num rows: 37748736 Data size: 13339877376 Basic stats: COMPLETE Column stats: NONE
                         Select Operator
                           expressions: 6981 (type: int), 6981 (type: int), _col0 (type: decimal(20,10)), _col2 (type: decimal(23,14))
                           outputColumnNames: _col0, _col1, _col2, _col3
-                          Statistics: Num rows: 6758 Data size: 1190783 Basic stats: COMPLETE Column stats: NONE
+                          Statistics: Num rows: 37748736 Data size: 13339877376 Basic stats: COMPLETE Column stats: NONE
                           File Output Operator
                             compressed: false
-                            Statistics: Num rows: 6758 Data size: 1190783 Basic stats: COMPLETE Column stats: NONE
+                            Statistics: Num rows: 37748736 Data size: 13339877376 Basic stats: COMPLETE Column stats: NONE
                             table:
                                 input format: org.apache.hadoop.mapred.SequenceFileInputFormat
                                 output format: org.apache.hadoop.hive.ql.io.HiveSequenceFileOutputFormat
diff --git a/ql/src/test/results/clientpositive/llap/tez_self_join.q.out b/ql/src/test/results/clientpositive/llap/tez_self_join.q.out
index 48c1b09cea..50aa214b5d 100644
--- a/ql/src/test/results/clientpositive/llap/tez_self_join.q.out
+++ b/ql/src/test/results/clientpositive/llap/tez_self_join.q.out
@@ -140,16 +140,16 @@ STAGE PLANS:
                   0 
                   1 
                 outputColumnNames: _col0, _col2
-                Statistics: Num rows: 1 Data size: 7 Basic stats: COMPLETE Column stats: NONE
+                Statistics: Num rows: 1 Data size: 15 Basic stats: COMPLETE Column stats: NONE
                 Select Operator
                   expressions: _col0 (type: int), _col2 (type: string)
                   outputColumnNames: _col0, _col1
-                  Statistics: Num rows: 1 Data size: 7 Basic stats: COMPLETE Column stats: NONE
+                  Statistics: Num rows: 1 Data size: 15 Basic stats: COMPLETE Column stats: NONE
                   Reduce Output Operator
                     key expressions: _col0 (type: int)
                     sort order: +
                     Map-reduce partition columns: _col0 (type: int)
-                    Statistics: Num rows: 1 Data size: 7 Basic stats: COMPLETE Column stats: NONE
+                    Statistics: Num rows: 1 Data size: 15 Basic stats: COMPLETE Column stats: NONE
                     value expressions: _col1 (type: string)
         Reducer 3 
             Execution mode: llap
diff --git a/ql/src/test/results/clientpositive/llap/vectorized_dynamic_partition_pruning.q.out b/ql/src/test/results/clientpositive/llap/vectorized_dynamic_partition_pruning.q.out
index b0f307165a..487d930386 100644
--- a/ql/src/test/results/clientpositive/llap/vectorized_dynamic_partition_pruning.q.out
+++ b/ql/src/test/results/clientpositive/llap/vectorized_dynamic_partition_pruning.q.out
@@ -2044,7 +2044,7 @@ STAGE PLANS:
                 keys:
                   0 
                   1 
-                Statistics: Num rows: 1100 Data size: 11686 Basic stats: COMPLETE Column stats: NONE
+                Statistics: Num rows: 500000 Data size: 11124000 Basic stats: COMPLETE Column stats: NONE
                 Group By Operator
                   aggregations: count()
                   mode: hash
@@ -2180,12 +2180,12 @@ STAGE PLANS:
                   0 
                   1 
                 outputColumnNames: _col0, _col1, _col2, _col4
-                Statistics: Num rows: 2200 Data size: 23372 Basic stats: COMPLETE Column stats: NONE
+                Statistics: Num rows: 2000 Data size: 743248 Basic stats: COMPLETE Column stats: NONE
                 Filter Operator
                   predicate: ((_col0 = _col2) or (_col1 = _col4)) (type: boolean)
-                  Statistics: Num rows: 2200 Data size: 23372 Basic stats: COMPLETE Column stats: NONE
+                  Statistics: Num rows: 2000 Data size: 743248 Basic stats: COMPLETE Column stats: NONE
                   Select Operator
-                    Statistics: Num rows: 2200 Data size: 23372 Basic stats: COMPLETE Column stats: NONE
+                    Statistics: Num rows: 2000 Data size: 743248 Basic stats: COMPLETE Column stats: NONE
                     Group By Operator
                       aggregations: count()
                       mode: hash
@@ -4649,7 +4649,7 @@ STAGE PLANS:
                       1 
                     input vertices:
                       0 Map 1
-                    Statistics: Num rows: 1100 Data size: 11686 Basic stats: COMPLETE Column stats: NONE
+                    Statistics: Num rows: 500000 Data size: 11124000 Basic stats: COMPLETE Column stats: NONE
                     Group By Operator
                       aggregations: count()
                       mode: hash
diff --git a/ql/src/test/results/clientpositive/no_hooks.q.out b/ql/src/test/results/clientpositive/no_hooks.q.out
index 3fd6da5957..d30f4be352 100644
--- a/ql/src/test/results/clientpositive/no_hooks.q.out
+++ b/ql/src/test/results/clientpositive/no_hooks.q.out
@@ -39,11 +39,11 @@ STAGE PLANS:
             0 
             1 
           outputColumnNames: _col0, _col1, _col5, _col6
-          Statistics: Num rows: 182 Data size: 1939 Basic stats: COMPLETE Column stats: NONE
+          Statistics: Num rows: 27556 Data size: 612872 Basic stats: COMPLETE Column stats: NONE
           Select Operator
             expressions: _col0 (type: string), _col1 (type: string), _col5 (type: string), _col6 (type: string)
             outputColumnNames: _col0, _col1, _col2, _col3
-            Statistics: Num rows: 182 Data size: 1939 Basic stats: COMPLETE Column stats: NONE
+            Statistics: Num rows: 27556 Data size: 612872 Basic stats: COMPLETE Column stats: NONE
             File Output Operator
               compressed: false
               table:
@@ -58,15 +58,15 @@ STAGE PLANS:
             Reduce Output Operator
               key expressions: _col0 (type: string), _col1 (type: string), _col2 (type: string), _col3 (type: string)
               sort order: ++++
-              Statistics: Num rows: 182 Data size: 1939 Basic stats: COMPLETE Column stats: NONE
+              Statistics: Num rows: 27556 Data size: 612872 Basic stats: COMPLETE Column stats: NONE
       Reduce Operator Tree:
         Select Operator
           expressions: KEY.reducesinkkey0 (type: string), KEY.reducesinkkey1 (type: string), KEY.reducesinkkey2 (type: string), KEY.reducesinkkey3 (type: string)
           outputColumnNames: _col0, _col1, _col2, _col3
-          Statistics: Num rows: 182 Data size: 1939 Basic stats: COMPLETE Column stats: NONE
+          Statistics: Num rows: 27556 Data size: 612872 Basic stats: COMPLETE Column stats: NONE
           File Output Operator
             compressed: false
-            Statistics: Num rows: 182 Data size: 1939 Basic stats: COMPLETE Column stats: NONE
+            Statistics: Num rows: 27556 Data size: 612872 Basic stats: COMPLETE Column stats: NONE
             table:
                 input format: org.apache.hadoop.mapred.SequenceFileInputFormat
                 output format: org.apache.hadoop.hive.ql.io.HiveSequenceFileOutputFormat
diff --git a/ql/src/test/results/clientpositive/nonblock_op_deduplicate.q.out b/ql/src/test/results/clientpositive/nonblock_op_deduplicate.q.out
index 71ba502e16..b67dc89a00 100644
--- a/ql/src/test/results/clientpositive/nonblock_op_deduplicate.q.out
+++ b/ql/src/test/results/clientpositive/nonblock_op_deduplicate.q.out
@@ -125,10 +125,10 @@ STAGE PLANS:
             0 
             1 
           outputColumnNames: _col0, _col1, _col2
-          Statistics: Num rows: 27 Data size: 210 Basic stats: COMPLETE Column stats: NONE
+          Statistics: Num rows: 25 Data size: 416 Basic stats: COMPLETE Column stats: NONE
           File Output Operator
             compressed: false
-            Statistics: Num rows: 27 Data size: 210 Basic stats: COMPLETE Column stats: NONE
+            Statistics: Num rows: 25 Data size: 416 Basic stats: COMPLETE Column stats: NONE
             table:
                 input format: org.apache.hadoop.mapred.SequenceFileInputFormat
                 output format: org.apache.hadoop.hive.ql.io.HiveSequenceFileOutputFormat
@@ -279,10 +279,10 @@ STAGE PLANS:
                 0 
                 1 
               outputColumnNames: _col0, _col1, _col2
-              Statistics: Num rows: 27 Data size: 210 Basic stats: COMPLETE Column stats: NONE
+              Statistics: Num rows: 25 Data size: 416 Basic stats: COMPLETE Column stats: NONE
               File Output Operator
                 compressed: false
-                Statistics: Num rows: 27 Data size: 210 Basic stats: COMPLETE Column stats: NONE
+                Statistics: Num rows: 25 Data size: 416 Basic stats: COMPLETE Column stats: NONE
                 table:
                     input format: org.apache.hadoop.mapred.SequenceFileInputFormat
                     output format: org.apache.hadoop.hive.ql.io.HiveSequenceFileOutputFormat
diff --git a/ql/src/test/results/clientpositive/optimize_nullscan.q.out b/ql/src/test/results/clientpositive/optimize_nullscan.q.out
index b045cc5c55..fb63a71d52 100644
--- a/ql/src/test/results/clientpositive/optimize_nullscan.q.out
+++ b/ql/src/test/results/clientpositive/optimize_nullscan.q.out
@@ -1454,13 +1454,13 @@ STAGE PLANS:
             0 
             1 
           outputColumnNames: _col0, _col1
-          Statistics: Num rows: 1 Data size: 11 Basic stats: COMPLETE Column stats: NONE
+          Statistics: Num rows: 0 Data size: 0 Basic stats: NONE Column stats: NONE
           File Output Operator
             compressed: false
             GlobalTableId: 0
 #### A masked pattern was here ####
             NumFilesPerFileSink: 1
-            Statistics: Num rows: 1 Data size: 11 Basic stats: COMPLETE Column stats: NONE
+            Statistics: Num rows: 0 Data size: 0 Basic stats: NONE Column stats: NONE
 #### A masked pattern was here ####
             table:
                 input format: org.apache.hadoop.mapred.SequenceFileInputFormat
diff --git a/ql/src/test/results/clientpositive/parallel_join0.q.out b/ql/src/test/results/clientpositive/parallel_join0.q.out
index 59122e2548..392412d286 100644
--- a/ql/src/test/results/clientpositive/parallel_join0.q.out
+++ b/ql/src/test/results/clientpositive/parallel_join0.q.out
@@ -64,7 +64,7 @@ STAGE PLANS:
             0 
             1 
           outputColumnNames: _col0, _col1, _col2, _col3
-          Statistics: Num rows: 182 Data size: 1939 Basic stats: COMPLETE Column stats: NONE
+          Statistics: Num rows: 27556 Data size: 612872 Basic stats: COMPLETE Column stats: NONE
           File Output Operator
             compressed: false
             table:
@@ -79,15 +79,15 @@ STAGE PLANS:
             Reduce Output Operator
               key expressions: _col0 (type: string), _col1 (type: string), _col2 (type: string), _col3 (type: string)
               sort order: ++++
-              Statistics: Num rows: 182 Data size: 1939 Basic stats: COMPLETE Column stats: NONE
+              Statistics: Num rows: 27556 Data size: 612872 Basic stats: COMPLETE Column stats: NONE
       Reduce Operator Tree:
         Select Operator
           expressions: KEY.reducesinkkey0 (type: string), KEY.reducesinkkey1 (type: string), KEY.reducesinkkey2 (type: string), KEY.reducesinkkey3 (type: string)
           outputColumnNames: _col0, _col1, _col2, _col3
-          Statistics: Num rows: 182 Data size: 1939 Basic stats: COMPLETE Column stats: NONE
+          Statistics: Num rows: 27556 Data size: 612872 Basic stats: COMPLETE Column stats: NONE
           File Output Operator
             compressed: false
-            Statistics: Num rows: 182 Data size: 1939 Basic stats: COMPLETE Column stats: NONE
+            Statistics: Num rows: 27556 Data size: 612872 Basic stats: COMPLETE Column stats: NONE
             table:
                 input format: org.apache.hadoop.mapred.SequenceFileInputFormat
                 output format: org.apache.hadoop.hive.ql.io.HiveSequenceFileOutputFormat
@@ -116,7 +116,7 @@ SELECT src1.key as k1, src1.value as v1,
   (SELECT * FROM src WHERE src.key < 10) src2
   SORT BY k1, v1, k2, v2
 POSTHOOK: type: QUERY
-{"STAGE DEPENDENCIES":{"Stage-1":{"ROOT STAGE":"TRUE"},"Stage-2":{"DEPENDENT STAGES":"Stage-1"},"Stage-0":{"DEPENDENT STAGES":"Stage-2"}},"STAGE PLANS":{"Stage-1":{"Map Reduce":{"Map Operator Tree:":[{"TableScan":{"alias:":"src","Statistics:":"Num rows: 500 Data size: 5312 Basic stats: COMPLETE Column stats: NONE","children":{"Filter Operator":{"predicate:":"(key < 10) (type: boolean)","Statistics:":"Num rows: 166 Data size: 1763 Basic stats: COMPLETE Column stats: NONE","children":{"Select Operator":{"expressions:":"key (type: string), value (type: string)","outputColumnNames:":["_col0","_col1"],"Statistics:":"Num rows: 166 Data size: 1763 Basic stats: COMPLETE Column stats: NONE","children":{"Reduce Output Operator":{"sort order:":"","Statistics:":"Num rows: 166 Data size: 1763 Basic stats: COMPLETE Column stats: NONE","value expressions:":"_col0 (type: string), _col1 (type: string)"}}}}}}}},{"TableScan":{"alias:":"src","Statistics:":"Num rows: 500 Data size: 5312 Basic stats: COMPLETE Column stats: NONE","children":{"Filter Operator":{"predicate:":"(key < 10) (type: boolean)","Statistics:":"Num rows: 166 Data size: 1763 Basic stats: COMPLETE Column stats: NONE","children":{"Select Operator":{"expressions:":"key (type: string), value (type: string)","outputColumnNames:":["_col0","_col1"],"Statistics:":"Num rows: 166 Data size: 1763 Basic stats: COMPLETE Column stats: NONE","children":{"Reduce Output Operator":{"sort order:":"","Statistics:":"Num rows: 166 Data size: 1763 Basic stats: COMPLETE Column stats: NONE","value expressions:":"_col0 (type: string), _col1 (type: string)"}}}}}}}}],"Reduce Operator Tree:":{"Join Operator":{"condition map:":[{"":"Inner Join 0 to 1"}],"keys:":{},"outputColumnNames:":["_col0","_col1","_col2","_col3"],"Statistics:":"Num rows: 182 Data size: 1939 Basic stats: COMPLETE Column stats: NONE","children":{"File Output Operator":{"compressed:":"false","table:":{"input format:":"org.apache.hadoop.mapred.SequenceFileInputFormat","output format:":"org.apache.hadoop.hive.ql.io.HiveSequenceFileOutputFormat","serde:":"org.apache.hadoop.hive.serde2.lazybinary.LazyBinarySerDe"}}}}}}},"Stage-2":{"Map Reduce":{"Map Operator Tree:":[{"TableScan":{"children":{"Reduce Output Operator":{"key expressions:":"_col0 (type: string), _col1 (type: string), _col2 (type: string), _col3 (type: string)","sort order:":"++++","Statistics:":"Num rows: 182 Data size: 1939 Basic stats: COMPLETE Column stats: NONE"}}}}],"Reduce Operator Tree:":{"Select Operator":{"expressions:":"KEY.reducesinkkey0 (type: string), KEY.reducesinkkey1 (type: string), KEY.reducesinkkey2 (type: string), KEY.reducesinkkey3 (type: string)","outputColumnNames:":["_col0","_col1","_col2","_col3"],"Statistics:":"Num rows: 182 Data size: 1939 Basic stats: COMPLETE Column stats: NONE","children":{"File Output Operator":{"compressed:":"false","Statistics:":"Num rows: 182 Data size: 1939 Basic stats: COMPLETE Column stats: NONE","table:":{"input format:":"org.apache.hadoop.mapred.SequenceFileInputFormat","output format:":"org.apache.hadoop.hive.ql.io.HiveSequenceFileOutputFormat","serde:":"org.apache.hadoop.hive.serde2.lazy.LazySimpleSerDe"}}}}}}},"Stage-0":{"Fetch Operator":{"limit:":"-1","Processor Tree:":{"ListSink":{}}}}}}
+{"STAGE DEPENDENCIES":{"Stage-1":{"ROOT STAGE":"TRUE"},"Stage-2":{"DEPENDENT STAGES":"Stage-1"},"Stage-0":{"DEPENDENT STAGES":"Stage-2"}},"STAGE PLANS":{"Stage-1":{"Map Reduce":{"Map Operator Tree:":[{"TableScan":{"alias:":"src","Statistics:":"Num rows: 500 Data size: 5312 Basic stats: COMPLETE Column stats: NONE","children":{"Filter Operator":{"predicate:":"(key < 10) (type: boolean)","Statistics:":"Num rows: 166 Data size: 1763 Basic stats: COMPLETE Column stats: NONE","children":{"Select Operator":{"expressions:":"key (type: string), value (type: string)","outputColumnNames:":["_col0","_col1"],"Statistics:":"Num rows: 166 Data size: 1763 Basic stats: COMPLETE Column stats: NONE","children":{"Reduce Output Operator":{"sort order:":"","Statistics:":"Num rows: 166 Data size: 1763 Basic stats: COMPLETE Column stats: NONE","value expressions:":"_col0 (type: string), _col1 (type: string)"}}}}}}}},{"TableScan":{"alias:":"src","Statistics:":"Num rows: 500 Data size: 5312 Basic stats: COMPLETE Column stats: NONE","children":{"Filter Operator":{"predicate:":"(key < 10) (type: boolean)","Statistics:":"Num rows: 166 Data size: 1763 Basic stats: COMPLETE Column stats: NONE","children":{"Select Operator":{"expressions:":"key (type: string), value (type: string)","outputColumnNames:":["_col0","_col1"],"Statistics:":"Num rows: 166 Data size: 1763 Basic stats: COMPLETE Column stats: NONE","children":{"Reduce Output Operator":{"sort order:":"","Statistics:":"Num rows: 166 Data size: 1763 Basic stats: COMPLETE Column stats: NONE","value expressions:":"_col0 (type: string), _col1 (type: string)"}}}}}}}}],"Reduce Operator Tree:":{"Join Operator":{"condition map:":[{"":"Inner Join 0 to 1"}],"keys:":{},"outputColumnNames:":["_col0","_col1","_col2","_col3"],"Statistics:":"Num rows: 27556 Data size: 612872 Basic stats: COMPLETE Column stats: NONE","children":{"File Output Operator":{"compressed:":"false","table:":{"input format:":"org.apache.hadoop.mapred.SequenceFileInputFormat","output format:":"org.apache.hadoop.hive.ql.io.HiveSequenceFileOutputFormat","serde:":"org.apache.hadoop.hive.serde2.lazybinary.LazyBinarySerDe"}}}}}}},"Stage-2":{"Map Reduce":{"Map Operator Tree:":[{"TableScan":{"children":{"Reduce Output Operator":{"key expressions:":"_col0 (type: string), _col1 (type: string), _col2 (type: string), _col3 (type: string)","sort order:":"++++","Statistics:":"Num rows: 27556 Data size: 612872 Basic stats: COMPLETE Column stats: NONE"}}}}],"Reduce Operator Tree:":{"Select Operator":{"expressions:":"KEY.reducesinkkey0 (type: string), KEY.reducesinkkey1 (type: string), KEY.reducesinkkey2 (type: string), KEY.reducesinkkey3 (type: string)","outputColumnNames:":["_col0","_col1","_col2","_col3"],"Statistics:":"Num rows: 27556 Data size: 612872 Basic stats: COMPLETE Column stats: NONE","children":{"File Output Operator":{"compressed:":"false","Statistics:":"Num rows: 27556 Data size: 612872 Basic stats: COMPLETE Column stats: NONE","table:":{"input format:":"org.apache.hadoop.mapred.SequenceFileInputFormat","output format:":"org.apache.hadoop.hive.ql.io.HiveSequenceFileOutputFormat","serde:":"org.apache.hadoop.hive.serde2.lazy.LazySimpleSerDe"}}}}}}},"Stage-0":{"Fetch Operator":{"limit:":"-1","Processor Tree:":{"ListSink":{}}}}}}
 Warning: Shuffle Join JOIN[8][tables = [src1, src2]] in Stage 'Stage-1:MAPRED' is a cross product
 PREHOOK: query: SELECT src1.key as k1, src1.value as v1, 
        src2.key as k2, src2.value as v2 FROM 
diff --git a/ql/src/test/results/clientpositive/perf/query28.q.out b/ql/src/test/results/clientpositive/perf/query28.q.out
index 9e956f5980..d7aca74499 100644
--- a/ql/src/test/results/clientpositive/perf/query28.q.out
+++ b/ql/src/test/results/clientpositive/perf/query28.q.out
@@ -118,11 +118,11 @@ Stage-0
     Stage-1
       Reducer 3
       File Output Operator [FS_51]
-        Limit [LIM_50] (rows=5 width=149)
+        Limit [LIM_50] (rows=1 width=817)
           Number of rows:100
-          Select Operator [SEL_49] (rows=5 width=149)
+          Select Operator [SEL_49] (rows=1 width=817)
             Output:["_col0","_col1","_col2","_col3","_col4","_col5","_col6","_col7","_col8","_col9","_col10","_col11","_col12","_col13","_col14","_col15","_col16","_col17"]
-            Merge Join Operator [MERGEJOIN_58] (rows=5 width=149)
+            Merge Join Operator [MERGEJOIN_58] (rows=1 width=817)
               Conds:(Inner),(Inner),(Inner),(Inner),(Inner),Output:["_col0","_col1","_col2","_col3","_col4","_col5","_col6","_col7","_col8","_col9","_col10","_col11","_col12","_col13","_col14","_col15","_col16","_col17"]
             <-Reducer 11 [SIMPLE_EDGE]
               SHUFFLE [RS_46]
diff --git a/ql/src/test/results/clientpositive/perf/query88.q.out b/ql/src/test/results/clientpositive/perf/query88.q.out
index 9981af5a57..12f5878c32 100644
--- a/ql/src/test/results/clientpositive/perf/query88.q.out
+++ b/ql/src/test/results/clientpositive/perf/query88.q.out
@@ -226,9 +226,9 @@ Stage-0
     Stage-1
       Reducer 6
       File Output Operator [FS_218]
-        Select Operator [SEL_217] (rows=7 width=8)
+        Select Operator [SEL_217] (rows=1 width=65)
           Output:["_col0","_col1","_col2","_col3","_col4","_col5","_col6","_col7"]
-          Merge Join Operator [MERGEJOIN_347] (rows=7 width=8)
+          Merge Join Operator [MERGEJOIN_347] (rows=1 width=65)
             Conds:(Inner),(Inner),(Inner),(Inner),(Inner),(Inner),(Inner),Output:["_col0","_col1","_col2","_col3","_col4","_col5","_col6","_col7"]
           <-Reducer 14 [SIMPLE_EDGE]
             SHUFFLE [RS_209]
diff --git a/ql/src/test/results/clientpositive/perf/query90.q.out b/ql/src/test/results/clientpositive/perf/query90.q.out
index 7108931a27..09a934d612 100644
--- a/ql/src/test/results/clientpositive/perf/query90.q.out
+++ b/ql/src/test/results/clientpositive/perf/query90.q.out
@@ -23,15 +23,15 @@ Stage-0
     Stage-1
       Reducer 7
       File Output Operator [FS_59]
-        Limit [LIM_58] (rows=1 width=8)
+        Limit [LIM_58] (rows=1 width=17)
           Number of rows:100
-          Select Operator [SEL_57] (rows=1 width=8)
+          Select Operator [SEL_57] (rows=1 width=17)
             Output:["_col0"]
           <-Reducer 6 [SIMPLE_EDGE]
             SHUFFLE [RS_56]
-              Select Operator [SEL_55] (rows=1 width=8)
+              Select Operator [SEL_55] (rows=1 width=17)
                 Output:["_col0"]
-                Merge Join Operator [MERGEJOIN_92] (rows=1 width=8)
+                Merge Join Operator [MERGEJOIN_92] (rows=1 width=17)
                   Conds:(Inner),Output:["_col0","_col1"]
                 <-Reducer 15 [SIMPLE_EDGE]
                   SHUFFLE [RS_53]
diff --git a/ql/src/test/results/clientpositive/pointlookup2.q.out b/ql/src/test/results/clientpositive/pointlookup2.q.out
index dfcf14e9e9..1667318d10 100644
--- a/ql/src/test/results/clientpositive/pointlookup2.q.out
+++ b/ql/src/test/results/clientpositive/pointlookup2.q.out
@@ -936,11 +936,11 @@ STAGE PLANS:
             0 
             1 
           outputColumnNames: _col0, _col1, _col2, _col3, _col4, _col5
-          Statistics: Num rows: 44 Data size: 352 Basic stats: COMPLETE Column stats: NONE
+          Statistics: Num rows: 40 Data size: 1080 Basic stats: COMPLETE Column stats: NONE
           Filter Operator
             isSamplingPred: false
             predicate: (struct(_col2,_col4)) IN (const struct('2000-04-08',1), const struct('2000-04-09',2)) (type: boolean)
-            Statistics: Num rows: 11 Data size: 88 Basic stats: COMPLETE Column stats: NONE
+            Statistics: Num rows: 10 Data size: 270 Basic stats: COMPLETE Column stats: NONE
             File Output Operator
               compressed: false
               GlobalTableId: 0
@@ -968,7 +968,7 @@ STAGE PLANS:
               key expressions: _col4 (type: int), _col5 (type: string), _col2 (type: string)
               null sort order: aaa
               sort order: +++
-              Statistics: Num rows: 11 Data size: 88 Basic stats: COMPLETE Column stats: NONE
+              Statistics: Num rows: 10 Data size: 270 Basic stats: COMPLETE Column stats: NONE
               tag: -1
               value expressions: _col0 (type: int), _col1 (type: string), _col3 (type: string)
               auto parallelism: false
@@ -1002,13 +1002,13 @@ STAGE PLANS:
         Select Operator
           expressions: VALUE._col0 (type: int), VALUE._col1 (type: string), KEY.reducesinkkey2 (type: string), VALUE._col2 (type: string), KEY.reducesinkkey0 (type: int), KEY.reducesinkkey1 (type: string)
           outputColumnNames: _col0, _col1, _col2, _col3, _col4, _col5
-          Statistics: Num rows: 11 Data size: 88 Basic stats: COMPLETE Column stats: NONE
+          Statistics: Num rows: 10 Data size: 270 Basic stats: COMPLETE Column stats: NONE
           File Output Operator
             compressed: false
             GlobalTableId: 0
 #### A masked pattern was here ####
             NumFilesPerFileSink: 1
-            Statistics: Num rows: 11 Data size: 88 Basic stats: COMPLETE Column stats: NONE
+            Statistics: Num rows: 10 Data size: 270 Basic stats: COMPLETE Column stats: NONE
 #### A masked pattern was here ####
             table:
                 input format: org.apache.hadoop.mapred.SequenceFileInputFormat
@@ -1288,11 +1288,11 @@ STAGE PLANS:
             0 
             1 
           outputColumnNames: _col0, _col1, _col2, _col3, _col4, _col5
-          Statistics: Num rows: 33 Data size: 264 Basic stats: COMPLETE Column stats: NONE
+          Statistics: Num rows: 30 Data size: 810 Basic stats: COMPLETE Column stats: NONE
           Filter Operator
             isSamplingPred: false
             predicate: (struct(_col0,_col3)) IN (const struct(1,'2000-04-08'), const struct(2,'2000-04-09')) (type: boolean)
-            Statistics: Num rows: 8 Data size: 64 Basic stats: COMPLETE Column stats: NONE
+            Statistics: Num rows: 8 Data size: 216 Basic stats: COMPLETE Column stats: NONE
             File Output Operator
               compressed: false
               GlobalTableId: 0
@@ -1320,7 +1320,7 @@ STAGE PLANS:
               key expressions: _col0 (type: int), _col1 (type: string), _col3 (type: string)
               null sort order: aaa
               sort order: +++
-              Statistics: Num rows: 8 Data size: 64 Basic stats: COMPLETE Column stats: NONE
+              Statistics: Num rows: 8 Data size: 216 Basic stats: COMPLETE Column stats: NONE
               tag: -1
               value expressions: _col2 (type: string), _col4 (type: int), _col5 (type: string)
               auto parallelism: false
@@ -1354,13 +1354,13 @@ STAGE PLANS:
         Select Operator
           expressions: KEY.reducesinkkey0 (type: int), KEY.reducesinkkey1 (type: string), VALUE._col0 (type: string), KEY.reducesinkkey2 (type: string), VALUE._col1 (type: int), VALUE._col2 (type: string)
           outputColumnNames: _col0, _col1, _col2, _col3, _col4, _col5
-          Statistics: Num rows: 8 Data size: 64 Basic stats: COMPLETE Column stats: NONE
+          Statistics: Num rows: 8 Data size: 216 Basic stats: COMPLETE Column stats: NONE
           File Output Operator
             compressed: false
             GlobalTableId: 0
 #### A masked pattern was here ####
             NumFilesPerFileSink: 1
-            Statistics: Num rows: 8 Data size: 64 Basic stats: COMPLETE Column stats: NONE
+            Statistics: Num rows: 8 Data size: 216 Basic stats: COMPLETE Column stats: NONE
 #### A masked pattern was here ####
             table:
                 input format: org.apache.hadoop.mapred.SequenceFileInputFormat
diff --git a/ql/src/test/results/clientpositive/pointlookup3.q.out b/ql/src/test/results/clientpositive/pointlookup3.q.out
index 35c20944d8..de0099d0b0 100644
--- a/ql/src/test/results/clientpositive/pointlookup3.q.out
+++ b/ql/src/test/results/clientpositive/pointlookup3.q.out
@@ -1024,11 +1024,11 @@ STAGE PLANS:
             0 
             1 
           outputColumnNames: _col0, _col1, _col2, _col3, _col4, _col5, _col6, _col7
-          Statistics: Num rows: 44 Data size: 352 Basic stats: COMPLETE Column stats: NONE
+          Statistics: Num rows: 1200 Data size: 20400 Basic stats: COMPLETE Column stats: NONE
           Filter Operator
             isSamplingPred: false
             predicate: (struct(_col2,_col4)) IN (const struct('2000-04-08',1), const struct('2000-04-09',2)) (type: boolean)
-            Statistics: Num rows: 11 Data size: 88 Basic stats: COMPLETE Column stats: NONE
+            Statistics: Num rows: 300 Data size: 5100 Basic stats: COMPLETE Column stats: NONE
             File Output Operator
               compressed: false
               GlobalTableId: 0
@@ -1056,7 +1056,7 @@ STAGE PLANS:
               key expressions: _col4 (type: int), _col5 (type: string), _col2 (type: string)
               null sort order: aaa
               sort order: +++
-              Statistics: Num rows: 11 Data size: 88 Basic stats: COMPLETE Column stats: NONE
+              Statistics: Num rows: 300 Data size: 5100 Basic stats: COMPLETE Column stats: NONE
               tag: -1
               value expressions: _col0 (type: int), _col1 (type: string), _col3 (type: string), _col6 (type: string), _col7 (type: string)
               auto parallelism: false
@@ -1090,13 +1090,13 @@ STAGE PLANS:
         Select Operator
           expressions: VALUE._col0 (type: int), VALUE._col1 (type: string), KEY.reducesinkkey2 (type: string), VALUE._col2 (type: string), KEY.reducesinkkey0 (type: int), KEY.reducesinkkey1 (type: string), VALUE._col3 (type: string), VALUE._col4 (type: string)
           outputColumnNames: _col0, _col1, _col2, _col3, _col4, _col5, _col6, _col7
-          Statistics: Num rows: 11 Data size: 88 Basic stats: COMPLETE Column stats: NONE
+          Statistics: Num rows: 300 Data size: 5100 Basic stats: COMPLETE Column stats: NONE
           File Output Operator
             compressed: false
             GlobalTableId: 0
 #### A masked pattern was here ####
             NumFilesPerFileSink: 1
-            Statistics: Num rows: 11 Data size: 88 Basic stats: COMPLETE Column stats: NONE
+            Statistics: Num rows: 300 Data size: 5100 Basic stats: COMPLETE Column stats: NONE
 #### A masked pattern was here ####
             table:
                 input format: org.apache.hadoop.mapred.SequenceFileInputFormat
diff --git a/ql/src/test/results/clientpositive/ppd_join5.q.out b/ql/src/test/results/clientpositive/ppd_join5.q.out
index 44607a024d..d8f09ee742 100644
--- a/ql/src/test/results/clientpositive/ppd_join5.q.out
+++ b/ql/src/test/results/clientpositive/ppd_join5.q.out
@@ -129,14 +129,14 @@ STAGE PLANS:
             0 
             1 
           outputColumnNames: _col0, _col1, _col3, _col4
-          Statistics: Num rows: 1 Data size: 3 Basic stats: COMPLETE Column stats: NONE
+          Statistics: Num rows: 1 Data size: 7 Basic stats: COMPLETE Column stats: NONE
           Select Operator
             expressions: _col0 (type: string), _col1 (type: string), _col3 (type: int), _col4 (type: int)
             outputColumnNames: _col0, _col1, _col2, _col3
-            Statistics: Num rows: 1 Data size: 3 Basic stats: COMPLETE Column stats: NONE
+            Statistics: Num rows: 1 Data size: 7 Basic stats: COMPLETE Column stats: NONE
             File Output Operator
               compressed: false
-              Statistics: Num rows: 1 Data size: 3 Basic stats: COMPLETE Column stats: NONE
+              Statistics: Num rows: 1 Data size: 7 Basic stats: COMPLETE Column stats: NONE
               table:
                   input format: org.apache.hadoop.mapred.SequenceFileInputFormat
                   output format: org.apache.hadoop.hive.ql.io.HiveSequenceFileOutputFormat
@@ -249,17 +249,17 @@ STAGE PLANS:
             0 
             1 
           outputColumnNames: _col0, _col1, _col3, _col4
-          Statistics: Num rows: 1 Data size: 3 Basic stats: COMPLETE Column stats: NONE
+          Statistics: Num rows: 1 Data size: 7 Basic stats: COMPLETE Column stats: NONE
           Filter Operator
             predicate: ((_col3 > 1) or (_col4 > 1)) (type: boolean)
-            Statistics: Num rows: 1 Data size: 3 Basic stats: COMPLETE Column stats: NONE
+            Statistics: Num rows: 1 Data size: 7 Basic stats: COMPLETE Column stats: NONE
             Select Operator
               expressions: _col0 (type: string), _col1 (type: string), _col3 (type: int), _col4 (type: int)
               outputColumnNames: _col0, _col1, _col2, _col3
-              Statistics: Num rows: 1 Data size: 3 Basic stats: COMPLETE Column stats: NONE
+              Statistics: Num rows: 1 Data size: 7 Basic stats: COMPLETE Column stats: NONE
               File Output Operator
                 compressed: false
-                Statistics: Num rows: 1 Data size: 3 Basic stats: COMPLETE Column stats: NONE
+                Statistics: Num rows: 1 Data size: 7 Basic stats: COMPLETE Column stats: NONE
                 table:
                     input format: org.apache.hadoop.mapred.SequenceFileInputFormat
                     output format: org.apache.hadoop.hive.ql.io.HiveSequenceFileOutputFormat
diff --git a/ql/src/test/results/clientpositive/ppd_outer_join5.q.out b/ql/src/test/results/clientpositive/ppd_outer_join5.q.out
index 643a5892a2..6658cfb16b 100644
--- a/ql/src/test/results/clientpositive/ppd_outer_join5.q.out
+++ b/ql/src/test/results/clientpositive/ppd_outer_join5.q.out
@@ -99,14 +99,14 @@ STAGE PLANS:
             1 
             2 
           outputColumnNames: _col0, _col1, _col2, _col4, _col5, _col7, _col8
-          Statistics: Num rows: 2 Data size: 0 Basic stats: PARTIAL Column stats: NONE
+          Statistics: Num rows: 1 Data size: 1 Basic stats: COMPLETE Column stats: NONE
           Select Operator
             expressions: _col0 (type: int), _col1 (type: string), _col2 (type: string), 20 (type: int), _col4 (type: string), _col5 (type: string), 20 (type: int), _col7 (type: string), _col8 (type: string)
             outputColumnNames: _col0, _col1, _col2, _col3, _col4, _col5, _col6, _col7, _col8
-            Statistics: Num rows: 2 Data size: 0 Basic stats: PARTIAL Column stats: NONE
+            Statistics: Num rows: 1 Data size: 1 Basic stats: COMPLETE Column stats: NONE
             File Output Operator
               compressed: false
-              Statistics: Num rows: 2 Data size: 0 Basic stats: PARTIAL Column stats: NONE
+              Statistics: Num rows: 1 Data size: 1 Basic stats: COMPLETE Column stats: NONE
               table:
                   input format: org.apache.hadoop.mapred.SequenceFileInputFormat
                   output format: org.apache.hadoop.hive.ql.io.HiveSequenceFileOutputFormat
@@ -183,14 +183,14 @@ STAGE PLANS:
             1 
             2 
           outputColumnNames: _col1, _col2, _col4, _col5, _col6, _col7, _col8
-          Statistics: Num rows: 2 Data size: 0 Basic stats: PARTIAL Column stats: NONE
+          Statistics: Num rows: 1 Data size: 1 Basic stats: COMPLETE Column stats: NONE
           Select Operator
             expressions: 20 (type: int), _col1 (type: string), _col2 (type: string), 20 (type: int), _col4 (type: string), _col5 (type: string), _col6 (type: int), _col7 (type: string), _col8 (type: string)
             outputColumnNames: _col0, _col1, _col2, _col3, _col4, _col5, _col6, _col7, _col8
-            Statistics: Num rows: 2 Data size: 0 Basic stats: PARTIAL Column stats: NONE
+            Statistics: Num rows: 1 Data size: 1 Basic stats: COMPLETE Column stats: NONE
             File Output Operator
               compressed: false
-              Statistics: Num rows: 2 Data size: 0 Basic stats: PARTIAL Column stats: NONE
+              Statistics: Num rows: 1 Data size: 1 Basic stats: COMPLETE Column stats: NONE
               table:
                   input format: org.apache.hadoop.mapred.SequenceFileInputFormat
                   output format: org.apache.hadoop.hive.ql.io.HiveSequenceFileOutputFormat
@@ -267,14 +267,14 @@ STAGE PLANS:
             1 
             2 
           outputColumnNames: _col1, _col2, _col4, _col5, _col6, _col7, _col8
-          Statistics: Num rows: 2 Data size: 0 Basic stats: PARTIAL Column stats: NONE
+          Statistics: Num rows: 1 Data size: 1 Basic stats: COMPLETE Column stats: NONE
           Select Operator
             expressions: 20 (type: int), _col1 (type: string), _col2 (type: string), 20 (type: int), _col4 (type: string), _col5 (type: string), _col6 (type: int), _col7 (type: string), _col8 (type: string)
             outputColumnNames: _col0, _col1, _col2, _col3, _col4, _col5, _col6, _col7, _col8
-            Statistics: Num rows: 2 Data size: 0 Basic stats: PARTIAL Column stats: NONE
+            Statistics: Num rows: 1 Data size: 1 Basic stats: COMPLETE Column stats: NONE
             File Output Operator
               compressed: false
-              Statistics: Num rows: 2 Data size: 0 Basic stats: PARTIAL Column stats: NONE
+              Statistics: Num rows: 1 Data size: 1 Basic stats: COMPLETE Column stats: NONE
               table:
                   input format: org.apache.hadoop.mapred.SequenceFileInputFormat
                   output format: org.apache.hadoop.hive.ql.io.HiveSequenceFileOutputFormat
diff --git a/ql/src/test/results/clientpositive/ppd_udf_case.q.out b/ql/src/test/results/clientpositive/ppd_udf_case.q.out
index e444ef7079..42f289e5d9 100644
--- a/ql/src/test/results/clientpositive/ppd_udf_case.q.out
+++ b/ql/src/test/results/clientpositive/ppd_udf_case.q.out
@@ -70,7 +70,7 @@ STAGE PLANS:
             0 
             1 
           outputColumnNames: _col1, _col3, _col5, _col7
-          Statistics: Num rows: 550 Data size: 5843 Basic stats: COMPLETE Column stats: NONE
+          Statistics: Num rows: 250000 Data size: 5562000 Basic stats: COMPLETE Column stats: NONE
           File Output Operator
             compressed: false
             table:
@@ -85,15 +85,15 @@ STAGE PLANS:
             Reduce Output Operator
               key expressions: _col1 (type: string), _col3 (type: string), _col5 (type: string), _col7 (type: string)
               sort order: ++++
-              Statistics: Num rows: 550 Data size: 5843 Basic stats: COMPLETE Column stats: NONE
+              Statistics: Num rows: 250000 Data size: 5562000 Basic stats: COMPLETE Column stats: NONE
       Reduce Operator Tree:
         Select Operator
           expressions: '27' (type: string), KEY.reducesinkkey0 (type: string), '2008-04-08' (type: string), KEY.reducesinkkey1 (type: string), '27' (type: string), KEY.reducesinkkey2 (type: string), '2008-04-08' (type: string), KEY.reducesinkkey3 (type: string)
           outputColumnNames: _col0, _col1, _col2, _col3, _col4, _col5, _col6, _col7
-          Statistics: Num rows: 550 Data size: 5843 Basic stats: COMPLETE Column stats: NONE
+          Statistics: Num rows: 250000 Data size: 5562000 Basic stats: COMPLETE Column stats: NONE
           File Output Operator
             compressed: false
-            Statistics: Num rows: 550 Data size: 5843 Basic stats: COMPLETE Column stats: NONE
+            Statistics: Num rows: 250000 Data size: 5562000 Basic stats: COMPLETE Column stats: NONE
             table:
                 input format: org.apache.hadoop.mapred.SequenceFileInputFormat
                 output format: org.apache.hadoop.hive.ql.io.HiveSequenceFileOutputFormat
@@ -214,7 +214,7 @@ STAGE PLANS:
             0 
             1 
           outputColumnNames: _col1, _col3, _col5, _col7
-          Statistics: Num rows: 550 Data size: 5843 Basic stats: COMPLETE Column stats: NONE
+          Statistics: Num rows: 250000 Data size: 5562000 Basic stats: COMPLETE Column stats: NONE
           File Output Operator
             compressed: false
             table:
@@ -229,15 +229,15 @@ STAGE PLANS:
             Reduce Output Operator
               key expressions: _col1 (type: string), _col3 (type: string), _col5 (type: string), _col7 (type: string)
               sort order: ++++
-              Statistics: Num rows: 550 Data size: 5843 Basic stats: COMPLETE Column stats: NONE
+              Statistics: Num rows: 250000 Data size: 5562000 Basic stats: COMPLETE Column stats: NONE
       Reduce Operator Tree:
         Select Operator
           expressions: '27' (type: string), KEY.reducesinkkey0 (type: string), '2008-04-08' (type: string), KEY.reducesinkkey1 (type: string), '27' (type: string), KEY.reducesinkkey2 (type: string), '2008-04-08' (type: string), KEY.reducesinkkey3 (type: string)
           outputColumnNames: _col0, _col1, _col2, _col3, _col4, _col5, _col6, _col7
-          Statistics: Num rows: 550 Data size: 5843 Basic stats: COMPLETE Column stats: NONE
+          Statistics: Num rows: 250000 Data size: 5562000 Basic stats: COMPLETE Column stats: NONE
           File Output Operator
             compressed: false
-            Statistics: Num rows: 550 Data size: 5843 Basic stats: COMPLETE Column stats: NONE
+            Statistics: Num rows: 250000 Data size: 5562000 Basic stats: COMPLETE Column stats: NONE
             table:
                 input format: org.apache.hadoop.mapred.SequenceFileInputFormat
                 output format: org.apache.hadoop.hive.ql.io.HiveSequenceFileOutputFormat
diff --git a/ql/src/test/results/clientpositive/smb_mapjoin_25.q.out b/ql/src/test/results/clientpositive/smb_mapjoin_25.q.out
index 29c6d31770..c91d6c3105 100644
--- a/ql/src/test/results/clientpositive/smb_mapjoin_25.q.out
+++ b/ql/src/test/results/clientpositive/smb_mapjoin_25.q.out
@@ -94,7 +94,7 @@ STAGE PLANS:
           keys:
             0 
             1 
-          Statistics: Num rows: 28 Data size: 114 Basic stats: COMPLETE Column stats: NONE
+          Statistics: Num rows: 650 Data size: 5850 Basic stats: COMPLETE Column stats: NONE
           File Output Operator
             compressed: false
             table:
@@ -108,11 +108,11 @@ STAGE PLANS:
           TableScan
             Reduce Output Operator
               sort order: 
-              Statistics: Num rows: 28 Data size: 114 Basic stats: COMPLETE Column stats: NONE
+              Statistics: Num rows: 650 Data size: 5850 Basic stats: COMPLETE Column stats: NONE
           TableScan
             Reduce Output Operator
               sort order: 
-              Statistics: Num rows: 29 Data size: 118 Basic stats: COMPLETE Column stats: NONE
+              Statistics: Num rows: 675 Data size: 6075 Basic stats: COMPLETE Column stats: NONE
       Reduce Operator Tree:
         Join Operator
           condition map:
@@ -120,14 +120,14 @@ STAGE PLANS:
           keys:
             0 
             1 
-          Statistics: Num rows: 31 Data size: 129 Basic stats: COMPLETE Column stats: NONE
+          Statistics: Num rows: 438750 Data size: 8336250 Basic stats: COMPLETE Column stats: NONE
           Select Operator
             expressions: 5 (type: int), 5 (type: int)
             outputColumnNames: _col0, _col1
-            Statistics: Num rows: 31 Data size: 129 Basic stats: COMPLETE Column stats: NONE
+            Statistics: Num rows: 438750 Data size: 8336250 Basic stats: COMPLETE Column stats: NONE
             File Output Operator
               compressed: false
-              Statistics: Num rows: 31 Data size: 129 Basic stats: COMPLETE Column stats: NONE
+              Statistics: Num rows: 438750 Data size: 8336250 Basic stats: COMPLETE Column stats: NONE
               table:
                   input format: org.apache.hadoop.mapred.SequenceFileInputFormat
                   output format: org.apache.hadoop.hive.ql.io.HiveSequenceFileOutputFormat
@@ -165,7 +165,7 @@ STAGE PLANS:
           keys:
             0 
             1 
-          Statistics: Num rows: 29 Data size: 118 Basic stats: COMPLETE Column stats: NONE
+          Statistics: Num rows: 675 Data size: 6075 Basic stats: COMPLETE Column stats: NONE
           File Output Operator
             compressed: false
             table:
@@ -252,7 +252,7 @@ STAGE PLANS:
                   keys:
                     0 
                     1 
-                  Statistics: Num rows: 28 Data size: 114 Basic stats: COMPLETE Column stats: NONE
+                  Statistics: Num rows: 650 Data size: 5850 Basic stats: COMPLETE Column stats: NONE
                   File Output Operator
                     compressed: false
                     table:
@@ -289,14 +289,14 @@ STAGE PLANS:
               keys:
                 0 
                 1 
-              Statistics: Num rows: 31 Data size: 129 Basic stats: COMPLETE Column stats: NONE
+              Statistics: Num rows: 438750 Data size: 8336250 Basic stats: COMPLETE Column stats: NONE
               Select Operator
                 expressions: 5 (type: int), 5 (type: int)
                 outputColumnNames: _col0, _col1
-                Statistics: Num rows: 31 Data size: 129 Basic stats: COMPLETE Column stats: NONE
+                Statistics: Num rows: 438750 Data size: 8336250 Basic stats: COMPLETE Column stats: NONE
                 File Output Operator
                   compressed: false
-                  Statistics: Num rows: 31 Data size: 129 Basic stats: COMPLETE Column stats: NONE
+                  Statistics: Num rows: 438750 Data size: 8336250 Basic stats: COMPLETE Column stats: NONE
                   table:
                       input format: org.apache.hadoop.mapred.SequenceFileInputFormat
                       output format: org.apache.hadoop.hive.ql.io.HiveSequenceFileOutputFormat
@@ -328,14 +328,14 @@ STAGE PLANS:
               keys:
                 0 
                 1 
-              Statistics: Num rows: 31 Data size: 129 Basic stats: COMPLETE Column stats: NONE
+              Statistics: Num rows: 438750 Data size: 8336250 Basic stats: COMPLETE Column stats: NONE
               Select Operator
                 expressions: 5 (type: int), 5 (type: int)
                 outputColumnNames: _col0, _col1
-                Statistics: Num rows: 31 Data size: 129 Basic stats: COMPLETE Column stats: NONE
+                Statistics: Num rows: 438750 Data size: 8336250 Basic stats: COMPLETE Column stats: NONE
                 File Output Operator
                   compressed: false
-                  Statistics: Num rows: 31 Data size: 129 Basic stats: COMPLETE Column stats: NONE
+                  Statistics: Num rows: 438750 Data size: 8336250 Basic stats: COMPLETE Column stats: NONE
                   table:
                       input format: org.apache.hadoop.mapred.SequenceFileInputFormat
                       output format: org.apache.hadoop.hive.ql.io.HiveSequenceFileOutputFormat
@@ -349,11 +349,11 @@ STAGE PLANS:
           TableScan
             Reduce Output Operator
               sort order: 
-              Statistics: Num rows: 28 Data size: 114 Basic stats: COMPLETE Column stats: NONE
+              Statistics: Num rows: 650 Data size: 5850 Basic stats: COMPLETE Column stats: NONE
           TableScan
             Reduce Output Operator
               sort order: 
-              Statistics: Num rows: 29 Data size: 118 Basic stats: COMPLETE Column stats: NONE
+              Statistics: Num rows: 675 Data size: 6075 Basic stats: COMPLETE Column stats: NONE
       Reduce Operator Tree:
         Join Operator
           condition map:
@@ -361,14 +361,14 @@ STAGE PLANS:
           keys:
             0 
             1 
-          Statistics: Num rows: 31 Data size: 129 Basic stats: COMPLETE Column stats: NONE
+          Statistics: Num rows: 438750 Data size: 8336250 Basic stats: COMPLETE Column stats: NONE
           Select Operator
             expressions: 5 (type: int), 5 (type: int)
             outputColumnNames: _col0, _col1
-            Statistics: Num rows: 31 Data size: 129 Basic stats: COMPLETE Column stats: NONE
+            Statistics: Num rows: 438750 Data size: 8336250 Basic stats: COMPLETE Column stats: NONE
             File Output Operator
               compressed: false
-              Statistics: Num rows: 31 Data size: 129 Basic stats: COMPLETE Column stats: NONE
+              Statistics: Num rows: 438750 Data size: 8336250 Basic stats: COMPLETE Column stats: NONE
               table:
                   input format: org.apache.hadoop.mapred.SequenceFileInputFormat
                   output format: org.apache.hadoop.hive.ql.io.HiveSequenceFileOutputFormat
@@ -412,7 +412,7 @@ STAGE PLANS:
                   keys:
                     0 
                     1 
-                  Statistics: Num rows: 29 Data size: 118 Basic stats: COMPLETE Column stats: NONE
+                  Statistics: Num rows: 675 Data size: 6075 Basic stats: COMPLETE Column stats: NONE
                   File Output Operator
                     compressed: false
                     table:
diff --git a/ql/src/test/results/clientpositive/spark/auto_join0.q.out b/ql/src/test/results/clientpositive/spark/auto_join0.q.out
index 474ba242a4..5feb4fcdab 100644
--- a/ql/src/test/results/clientpositive/spark/auto_join0.q.out
+++ b/ql/src/test/results/clientpositive/spark/auto_join0.q.out
@@ -107,17 +107,17 @@ STAGE PLANS:
                   outputColumnNames: _col0, _col1, _col2, _col3
                   input vertices:
                     1 Reducer 6
-                  Statistics: Num rows: 182 Data size: 1939 Basic stats: COMPLETE Column stats: NONE
+                  Statistics: Num rows: 27556 Data size: 612872 Basic stats: COMPLETE Column stats: NONE
                   Reduce Output Operator
                     key expressions: _col0 (type: string), _col1 (type: string), _col2 (type: string), _col3 (type: string)
                     sort order: ++++
-                    Statistics: Num rows: 182 Data size: 1939 Basic stats: COMPLETE Column stats: NONE
+                    Statistics: Num rows: 27556 Data size: 612872 Basic stats: COMPLETE Column stats: NONE
         Reducer 3 
             Reduce Operator Tree:
               Select Operator
                 expressions: KEY.reducesinkkey0 (type: string), KEY.reducesinkkey1 (type: string), KEY.reducesinkkey2 (type: string), KEY.reducesinkkey3 (type: string)
                 outputColumnNames: _col0, _col1, _col2, _col3
-                Statistics: Num rows: 182 Data size: 1939 Basic stats: COMPLETE Column stats: NONE
+                Statistics: Num rows: 27556 Data size: 612872 Basic stats: COMPLETE Column stats: NONE
                 Group By Operator
                   aggregations: sum(hash(_col0,_col1,_col2,_col3))
                   mode: hash
diff --git a/ql/src/test/results/clientpositive/spark/auto_join23.q.out b/ql/src/test/results/clientpositive/spark/auto_join23.q.out
index a0931a3f26..2fc07c0e33 100644
--- a/ql/src/test/results/clientpositive/spark/auto_join23.q.out
+++ b/ql/src/test/results/clientpositive/spark/auto_join23.q.out
@@ -57,15 +57,15 @@ STAGE PLANS:
                       outputColumnNames: _col0, _col1, _col5, _col6
                       input vertices:
                         1 Map 3
-                      Statistics: Num rows: 182 Data size: 1939 Basic stats: COMPLETE Column stats: NONE
+                      Statistics: Num rows: 27556 Data size: 612872 Basic stats: COMPLETE Column stats: NONE
                       Select Operator
                         expressions: _col0 (type: string), _col1 (type: string), _col5 (type: string), _col6 (type: string)
                         outputColumnNames: _col0, _col1, _col2, _col3
-                        Statistics: Num rows: 182 Data size: 1939 Basic stats: COMPLETE Column stats: NONE
+                        Statistics: Num rows: 27556 Data size: 612872 Basic stats: COMPLETE Column stats: NONE
                         Reduce Output Operator
                           key expressions: _col0 (type: string), _col1 (type: string), _col2 (type: string), _col3 (type: string)
                           sort order: ++++
-                          Statistics: Num rows: 182 Data size: 1939 Basic stats: COMPLETE Column stats: NONE
+                          Statistics: Num rows: 27556 Data size: 612872 Basic stats: COMPLETE Column stats: NONE
             Local Work:
               Map Reduce Local Work
         Reducer 2 
@@ -73,10 +73,10 @@ STAGE PLANS:
               Select Operator
                 expressions: KEY.reducesinkkey0 (type: string), KEY.reducesinkkey1 (type: string), KEY.reducesinkkey2 (type: string), KEY.reducesinkkey3 (type: string)
                 outputColumnNames: _col0, _col1, _col2, _col3
-                Statistics: Num rows: 182 Data size: 1939 Basic stats: COMPLETE Column stats: NONE
+                Statistics: Num rows: 27556 Data size: 612872 Basic stats: COMPLETE Column stats: NONE
                 File Output Operator
                   compressed: false
-                  Statistics: Num rows: 182 Data size: 1939 Basic stats: COMPLETE Column stats: NONE
+                  Statistics: Num rows: 27556 Data size: 612872 Basic stats: COMPLETE Column stats: NONE
                   table:
                       input format: org.apache.hadoop.mapred.SequenceFileInputFormat
                       output format: org.apache.hadoop.hive.ql.io.HiveSequenceFileOutputFormat
diff --git a/ql/src/test/results/clientpositive/spark/auto_sortmerge_join_12.q.out b/ql/src/test/results/clientpositive/spark/auto_sortmerge_join_12.q.out
index e8ba2d1316..07ee9466c5 100644
--- a/ql/src/test/results/clientpositive/spark/auto_sortmerge_join_12.q.out
+++ b/ql/src/test/results/clientpositive/spark/auto_sortmerge_join_12.q.out
@@ -411,7 +411,7 @@ STAGE PLANS:
                           input vertices:
                             1 Map 5
                           Position of Big Table: 0
-                          Statistics: Num rows: 280 Data size: 28129 Basic stats: COMPLETE Column stats: NONE
+                          Statistics: Num rows: 255 Data size: 69177 Basic stats: COMPLETE Column stats: NONE
                           Group By Operator
                             aggregations: count()
                             mode: hash
diff --git a/ql/src/test/results/clientpositive/spark/cross_join.q.out b/ql/src/test/results/clientpositive/spark/cross_join.q.out
index 6b9a4bedb9..3eaa4e89d7 100644
--- a/ql/src/test/results/clientpositive/spark/cross_join.q.out
+++ b/ql/src/test/results/clientpositive/spark/cross_join.q.out
@@ -48,10 +48,10 @@ STAGE PLANS:
                   0 
                   1 
                 outputColumnNames: _col0
-                Statistics: Num rows: 550 Data size: 5843 Basic stats: COMPLETE Column stats: NONE
+                Statistics: Num rows: 250000 Data size: 3906000 Basic stats: COMPLETE Column stats: NONE
                 File Output Operator
                   compressed: false
-                  Statistics: Num rows: 550 Data size: 5843 Basic stats: COMPLETE Column stats: NONE
+                  Statistics: Num rows: 250000 Data size: 3906000 Basic stats: COMPLETE Column stats: NONE
                   table:
                       input format: org.apache.hadoop.mapred.SequenceFileInputFormat
                       output format: org.apache.hadoop.hive.ql.io.HiveSequenceFileOutputFormat
@@ -113,10 +113,10 @@ STAGE PLANS:
                   0 
                   1 
                 outputColumnNames: _col0
-                Statistics: Num rows: 550 Data size: 5843 Basic stats: COMPLETE Column stats: NONE
+                Statistics: Num rows: 250000 Data size: 3906000 Basic stats: COMPLETE Column stats: NONE
                 File Output Operator
                   compressed: false
-                  Statistics: Num rows: 550 Data size: 5843 Basic stats: COMPLETE Column stats: NONE
+                  Statistics: Num rows: 250000 Data size: 3906000 Basic stats: COMPLETE Column stats: NONE
                   table:
                       input format: org.apache.hadoop.mapred.SequenceFileInputFormat
                       output format: org.apache.hadoop.hive.ql.io.HiveSequenceFileOutputFormat
@@ -254,10 +254,10 @@ STAGE PLANS:
                       outputColumnNames: _col0
                       input vertices:
                         1 Map 2
-                      Statistics: Num rows: 550 Data size: 5843 Basic stats: COMPLETE Column stats: NONE
+                      Statistics: Num rows: 250000 Data size: 3906000 Basic stats: COMPLETE Column stats: NONE
                       File Output Operator
                         compressed: false
-                        Statistics: Num rows: 550 Data size: 5843 Basic stats: COMPLETE Column stats: NONE
+                        Statistics: Num rows: 250000 Data size: 3906000 Basic stats: COMPLETE Column stats: NONE
                         table:
                             input format: org.apache.hadoop.mapred.SequenceFileInputFormat
                             output format: org.apache.hadoop.hive.ql.io.HiveSequenceFileOutputFormat
@@ -322,10 +322,10 @@ STAGE PLANS:
                       outputColumnNames: _col0
                       input vertices:
                         1 Map 2
-                      Statistics: Num rows: 550 Data size: 5843 Basic stats: COMPLETE Column stats: NONE
+                      Statistics: Num rows: 250000 Data size: 3906000 Basic stats: COMPLETE Column stats: NONE
                       File Output Operator
                         compressed: false
-                        Statistics: Num rows: 550 Data size: 5843 Basic stats: COMPLETE Column stats: NONE
+                        Statistics: Num rows: 250000 Data size: 3906000 Basic stats: COMPLETE Column stats: NONE
                         table:
                             input format: org.apache.hadoop.mapred.SequenceFileInputFormat
                             output format: org.apache.hadoop.hive.ql.io.HiveSequenceFileOutputFormat
diff --git a/ql/src/test/results/clientpositive/spark/cross_product_check_1.q.out b/ql/src/test/results/clientpositive/spark/cross_product_check_1.q.out
index 9a965ddc2d..2e4cee1418 100644
--- a/ql/src/test/results/clientpositive/spark/cross_product_check_1.q.out
+++ b/ql/src/test/results/clientpositive/spark/cross_product_check_1.q.out
@@ -83,10 +83,10 @@ STAGE PLANS:
                   0 
                   1 
                 outputColumnNames: _col0, _col1, _col2, _col3
-                Statistics: Num rows: 550 Data size: 5843 Basic stats: COMPLETE Column stats: NONE
+                Statistics: Num rows: 5000 Data size: 110120 Basic stats: COMPLETE Column stats: NONE
                 File Output Operator
                   compressed: false
-                  Statistics: Num rows: 550 Data size: 5843 Basic stats: COMPLETE Column stats: NONE
+                  Statistics: Num rows: 5000 Data size: 110120 Basic stats: COMPLETE Column stats: NONE
                   table:
                       input format: org.apache.hadoop.mapred.SequenceFileInputFormat
                       output format: org.apache.hadoop.hive.ql.io.HiveSequenceFileOutputFormat
@@ -187,10 +187,10 @@ STAGE PLANS:
                   0 
                   1 
                 outputColumnNames: _col0, _col1, _col2, _col3, _col4, _col5
-                Statistics: Num rows: 550 Data size: 5843 Basic stats: COMPLETE Column stats: NONE
+                Statistics: Num rows: 5500 Data size: 120932 Basic stats: COMPLETE Column stats: NONE
                 File Output Operator
                   compressed: false
-                  Statistics: Num rows: 550 Data size: 5843 Basic stats: COMPLETE Column stats: NONE
+                  Statistics: Num rows: 5500 Data size: 120932 Basic stats: COMPLETE Column stats: NONE
                   table:
                       input format: org.apache.hadoop.mapred.SequenceFileInputFormat
                       output format: org.apache.hadoop.hive.ql.io.HiveSequenceFileOutputFormat
@@ -282,10 +282,10 @@ STAGE PLANS:
                   0 
                   1 
                 outputColumnNames: _col0, _col1, _col2
-                Statistics: Num rows: 550 Data size: 5843 Basic stats: COMPLETE Column stats: NONE
+                Statistics: Num rows: 2500 Data size: 54560 Basic stats: COMPLETE Column stats: NONE
                 File Output Operator
                   compressed: false
-                  Statistics: Num rows: 550 Data size: 5843 Basic stats: COMPLETE Column stats: NONE
+                  Statistics: Num rows: 2500 Data size: 54560 Basic stats: COMPLETE Column stats: NONE
                   table:
                       input format: org.apache.hadoop.mapred.SequenceFileInputFormat
                       output format: org.apache.hadoop.hive.ql.io.HiveSequenceFileOutputFormat
@@ -392,10 +392,10 @@ STAGE PLANS:
                   0 
                   1 
                 outputColumnNames: _col0, _col1, _col2
-                Statistics: Num rows: 550 Data size: 5843 Basic stats: COMPLETE Column stats: NONE
+                Statistics: Num rows: 25000 Data size: 675600 Basic stats: COMPLETE Column stats: NONE
                 File Output Operator
                   compressed: false
-                  Statistics: Num rows: 550 Data size: 5843 Basic stats: COMPLETE Column stats: NONE
+                  Statistics: Num rows: 25000 Data size: 675600 Basic stats: COMPLETE Column stats: NONE
                   table:
                       input format: org.apache.hadoop.mapred.SequenceFileInputFormat
                       output format: org.apache.hadoop.hive.ql.io.HiveSequenceFileOutputFormat
@@ -409,27 +409,27 @@ STAGE PLANS:
                   0 
                   1 
                 outputColumnNames: _col0
-                Statistics: Num rows: 11 Data size: 114 Basic stats: COMPLETE Column stats: NONE
+                Statistics: Num rows: 100 Data size: 1540 Basic stats: COMPLETE Column stats: NONE
                 Group By Operator
                   keys: _col0 (type: string)
                   mode: hash
                   outputColumnNames: _col0
-                  Statistics: Num rows: 11 Data size: 114 Basic stats: COMPLETE Column stats: NONE
+                  Statistics: Num rows: 100 Data size: 1540 Basic stats: COMPLETE Column stats: NONE
                   Reduce Output Operator
                     key expressions: _col0 (type: string)
                     sort order: +
                     Map-reduce partition columns: _col0 (type: string)
-                    Statistics: Num rows: 11 Data size: 114 Basic stats: COMPLETE Column stats: NONE
+                    Statistics: Num rows: 100 Data size: 1540 Basic stats: COMPLETE Column stats: NONE
         Reducer 5 
             Reduce Operator Tree:
               Group By Operator
                 keys: KEY._col0 (type: string)
                 mode: mergepartial
                 outputColumnNames: _col0
-                Statistics: Num rows: 5 Data size: 51 Basic stats: COMPLETE Column stats: NONE
+                Statistics: Num rows: 50 Data size: 770 Basic stats: COMPLETE Column stats: NONE
                 Reduce Output Operator
                   sort order: 
-                  Statistics: Num rows: 5 Data size: 51 Basic stats: COMPLETE Column stats: NONE
+                  Statistics: Num rows: 50 Data size: 770 Basic stats: COMPLETE Column stats: NONE
                   value expressions: _col0 (type: string)
 
   Stage: Stage-0
@@ -534,10 +534,10 @@ STAGE PLANS:
                   0 
                   1 
                 outputColumnNames: _col0, _col1
-                Statistics: Num rows: 275 Data size: 2921 Basic stats: COMPLETE Column stats: NONE
+                Statistics: Num rows: 1250 Data size: 27280 Basic stats: COMPLETE Column stats: NONE
                 File Output Operator
                   compressed: false
-                  Statistics: Num rows: 275 Data size: 2921 Basic stats: COMPLETE Column stats: NONE
+                  Statistics: Num rows: 1250 Data size: 27280 Basic stats: COMPLETE Column stats: NONE
                   table:
                       input format: org.apache.hadoop.mapred.SequenceFileInputFormat
                       output format: org.apache.hadoop.hive.ql.io.HiveSequenceFileOutputFormat
diff --git a/ql/src/test/results/clientpositive/spark/cross_product_check_2.q.out b/ql/src/test/results/clientpositive/spark/cross_product_check_2.q.out
index af4f968d1c..6ba93b197a 100644
--- a/ql/src/test/results/clientpositive/spark/cross_product_check_2.q.out
+++ b/ql/src/test/results/clientpositive/spark/cross_product_check_2.q.out
@@ -85,10 +85,10 @@ STAGE PLANS:
                       outputColumnNames: _col0, _col1, _col2, _col3
                       input vertices:
                         1 Map 2
-                      Statistics: Num rows: 550 Data size: 5843 Basic stats: COMPLETE Column stats: NONE
+                      Statistics: Num rows: 5000 Data size: 106120 Basic stats: COMPLETE Column stats: NONE
                       File Output Operator
                         compressed: false
-                        Statistics: Num rows: 550 Data size: 5843 Basic stats: COMPLETE Column stats: NONE
+                        Statistics: Num rows: 5000 Data size: 106120 Basic stats: COMPLETE Column stats: NONE
                         table:
                             input format: org.apache.hadoop.mapred.SequenceFileInputFormat
                             output format: org.apache.hadoop.hive.ql.io.HiveSequenceFileOutputFormat
@@ -192,10 +192,10 @@ STAGE PLANS:
                       outputColumnNames: _col0, _col1, _col2, _col3, _col4, _col5
                       input vertices:
                         0 Map 1
-                      Statistics: Num rows: 550 Data size: 5843 Basic stats: COMPLETE Column stats: NONE
+                      Statistics: Num rows: 5500 Data size: 116432 Basic stats: COMPLETE Column stats: NONE
                       File Output Operator
                         compressed: false
-                        Statistics: Num rows: 550 Data size: 5843 Basic stats: COMPLETE Column stats: NONE
+                        Statistics: Num rows: 5500 Data size: 116432 Basic stats: COMPLETE Column stats: NONE
                         table:
                             input format: org.apache.hadoop.mapred.SequenceFileInputFormat
                             output format: org.apache.hadoop.hive.ql.io.HiveSequenceFileOutputFormat
@@ -326,10 +326,10 @@ STAGE PLANS:
                       outputColumnNames: _col0, _col1, _col2
                       input vertices:
                         1 Reducer 3
-                      Statistics: Num rows: 550 Data size: 5843 Basic stats: COMPLETE Column stats: NONE
+                      Statistics: Num rows: 2500 Data size: 52560 Basic stats: COMPLETE Column stats: NONE
                       File Output Operator
                         compressed: false
-                        Statistics: Num rows: 550 Data size: 5843 Basic stats: COMPLETE Column stats: NONE
+                        Statistics: Num rows: 2500 Data size: 52560 Basic stats: COMPLETE Column stats: NONE
                         table:
                             input format: org.apache.hadoop.mapred.SequenceFileInputFormat
                             output format: org.apache.hadoop.hive.ql.io.HiveSequenceFileOutputFormat
@@ -398,17 +398,17 @@ STAGE PLANS:
                       outputColumnNames: _col0
                       input vertices:
                         1 Map 4
-                      Statistics: Num rows: 11 Data size: 105 Basic stats: COMPLETE Column stats: NONE
+                      Statistics: Num rows: 100 Data size: 1460 Basic stats: COMPLETE Column stats: NONE
                       Group By Operator
                         keys: _col0 (type: string)
                         mode: hash
                         outputColumnNames: _col0
-                        Statistics: Num rows: 11 Data size: 105 Basic stats: COMPLETE Column stats: NONE
+                        Statistics: Num rows: 100 Data size: 1460 Basic stats: COMPLETE Column stats: NONE
                         Reduce Output Operator
                           key expressions: _col0 (type: string)
                           sort order: +
                           Map-reduce partition columns: _col0 (type: string)
-                          Statistics: Num rows: 11 Data size: 105 Basic stats: COMPLETE Column stats: NONE
+                          Statistics: Num rows: 100 Data size: 1460 Basic stats: COMPLETE Column stats: NONE
             Local Work:
               Map Reduce Local Work
         Reducer 3 
@@ -419,7 +419,7 @@ STAGE PLANS:
                 keys: KEY._col0 (type: string)
                 mode: mergepartial
                 outputColumnNames: _col0
-                Statistics: Num rows: 5 Data size: 47 Basic stats: COMPLETE Column stats: NONE
+                Statistics: Num rows: 50 Data size: 730 Basic stats: COMPLETE Column stats: NONE
                 Spark HashTable Sink Operator
                   keys:
                     0 
@@ -447,10 +447,10 @@ STAGE PLANS:
                       outputColumnNames: _col0, _col1, _col2
                       input vertices:
                         1 Reducer 3
-                      Statistics: Num rows: 550 Data size: 5843 Basic stats: COMPLETE Column stats: NONE
+                      Statistics: Num rows: 25000 Data size: 655600 Basic stats: COMPLETE Column stats: NONE
                       File Output Operator
                         compressed: false
-                        Statistics: Num rows: 550 Data size: 5843 Basic stats: COMPLETE Column stats: NONE
+                        Statistics: Num rows: 25000 Data size: 655600 Basic stats: COMPLETE Column stats: NONE
                         table:
                             input format: org.apache.hadoop.mapred.SequenceFileInputFormat
                             output format: org.apache.hadoop.hive.ql.io.HiveSequenceFileOutputFormat
@@ -600,10 +600,10 @@ STAGE PLANS:
                   outputColumnNames: _col0, _col1
                   input vertices:
                     1 Reducer 4
-                  Statistics: Num rows: 275 Data size: 2921 Basic stats: COMPLETE Column stats: NONE
+                  Statistics: Num rows: 1250 Data size: 26280 Basic stats: COMPLETE Column stats: NONE
                   File Output Operator
                     compressed: false
-                    Statistics: Num rows: 275 Data size: 2921 Basic stats: COMPLETE Column stats: NONE
+                    Statistics: Num rows: 1250 Data size: 26280 Basic stats: COMPLETE Column stats: NONE
                     table:
                         input format: org.apache.hadoop.mapred.SequenceFileInputFormat
                         output format: org.apache.hadoop.hive.ql.io.HiveSequenceFileOutputFormat
diff --git a/ql/src/test/results/clientpositive/spark/join0.q.out b/ql/src/test/results/clientpositive/spark/join0.q.out
index 3398ae7e7b..ab569f5ec1 100644
--- a/ql/src/test/results/clientpositive/spark/join0.q.out
+++ b/ql/src/test/results/clientpositive/spark/join0.q.out
@@ -72,20 +72,20 @@ STAGE PLANS:
                   0 
                   1 
                 outputColumnNames: _col0, _col1, _col2, _col3
-                Statistics: Num rows: 182 Data size: 1939 Basic stats: COMPLETE Column stats: NONE
+                Statistics: Num rows: 27556 Data size: 612872 Basic stats: COMPLETE Column stats: NONE
                 Reduce Output Operator
                   key expressions: _col0 (type: string), _col1 (type: string), _col2 (type: string), _col3 (type: string)
                   sort order: ++++
-                  Statistics: Num rows: 182 Data size: 1939 Basic stats: COMPLETE Column stats: NONE
+                  Statistics: Num rows: 27556 Data size: 612872 Basic stats: COMPLETE Column stats: NONE
         Reducer 3 
             Reduce Operator Tree:
               Select Operator
                 expressions: KEY.reducesinkkey0 (type: string), KEY.reducesinkkey1 (type: string), KEY.reducesinkkey2 (type: string), KEY.reducesinkkey3 (type: string)
                 outputColumnNames: _col0, _col1, _col2, _col3
-                Statistics: Num rows: 182 Data size: 1939 Basic stats: COMPLETE Column stats: NONE
+                Statistics: Num rows: 27556 Data size: 612872 Basic stats: COMPLETE Column stats: NONE
                 File Output Operator
                   compressed: false
-                  Statistics: Num rows: 182 Data size: 1939 Basic stats: COMPLETE Column stats: NONE
+                  Statistics: Num rows: 27556 Data size: 612872 Basic stats: COMPLETE Column stats: NONE
                   table:
                       input format: org.apache.hadoop.mapred.SequenceFileInputFormat
                       output format: org.apache.hadoop.hive.ql.io.HiveSequenceFileOutputFormat
diff --git a/ql/src/test/results/clientpositive/spark/join23.q.out b/ql/src/test/results/clientpositive/spark/join23.q.out
index d8d7443345..49697dacd3 100644
--- a/ql/src/test/results/clientpositive/spark/join23.q.out
+++ b/ql/src/test/results/clientpositive/spark/join23.q.out
@@ -54,24 +54,24 @@ STAGE PLANS:
                   0 
                   1 
                 outputColumnNames: _col0, _col1, _col5, _col6
-                Statistics: Num rows: 182 Data size: 1939 Basic stats: COMPLETE Column stats: NONE
+                Statistics: Num rows: 27556 Data size: 612872 Basic stats: COMPLETE Column stats: NONE
                 Select Operator
                   expressions: _col0 (type: string), _col1 (type: string), _col5 (type: string), _col6 (type: string)
                   outputColumnNames: _col0, _col1, _col2, _col3
-                  Statistics: Num rows: 182 Data size: 1939 Basic stats: COMPLETE Column stats: NONE
+                  Statistics: Num rows: 27556 Data size: 612872 Basic stats: COMPLETE Column stats: NONE
                   Reduce Output Operator
                     key expressions: _col0 (type: string), _col1 (type: string), _col2 (type: string), _col3 (type: string)
                     sort order: ++++
-                    Statistics: Num rows: 182 Data size: 1939 Basic stats: COMPLETE Column stats: NONE
+                    Statistics: Num rows: 27556 Data size: 612872 Basic stats: COMPLETE Column stats: NONE
         Reducer 3 
             Reduce Operator Tree:
               Select Operator
                 expressions: KEY.reducesinkkey0 (type: string), KEY.reducesinkkey1 (type: string), KEY.reducesinkkey2 (type: string), KEY.reducesinkkey3 (type: string)
                 outputColumnNames: _col0, _col1, _col2, _col3
-                Statistics: Num rows: 182 Data size: 1939 Basic stats: COMPLETE Column stats: NONE
+                Statistics: Num rows: 27556 Data size: 612872 Basic stats: COMPLETE Column stats: NONE
                 File Output Operator
                   compressed: false
-                  Statistics: Num rows: 182 Data size: 1939 Basic stats: COMPLETE Column stats: NONE
+                  Statistics: Num rows: 27556 Data size: 612872 Basic stats: COMPLETE Column stats: NONE
                   table:
                       input format: org.apache.hadoop.mapred.SequenceFileInputFormat
                       output format: org.apache.hadoop.hive.ql.io.HiveSequenceFileOutputFormat
diff --git a/ql/src/test/results/clientpositive/spark/join_alt_syntax.q.out b/ql/src/test/results/clientpositive/spark/join_alt_syntax.q.out
index ee636a0bf8..9a4a7a2cae 100644
--- a/ql/src/test/results/clientpositive/spark/join_alt_syntax.q.out
+++ b/ql/src/test/results/clientpositive/spark/join_alt_syntax.q.out
@@ -51,10 +51,10 @@ STAGE PLANS:
                   0 
                   1 
                 outputColumnNames: _col0, _col1
-                Statistics: Num rows: 28 Data size: 3461 Basic stats: COMPLETE Column stats: NONE
+                Statistics: Num rows: 676 Data size: 164320 Basic stats: COMPLETE Column stats: NONE
                 File Output Operator
                   compressed: false
-                  Statistics: Num rows: 28 Data size: 3461 Basic stats: COMPLETE Column stats: NONE
+                  Statistics: Num rows: 676 Data size: 164320 Basic stats: COMPLETE Column stats: NONE
                   table:
                       input format: org.apache.hadoop.mapred.SequenceFileInputFormat
                       output format: org.apache.hadoop.hive.ql.io.HiveSequenceFileOutputFormat
@@ -334,19 +334,19 @@ STAGE PLANS:
                   0 
                   1 
                 outputColumnNames: _col0, _col1, _col2, _col3
-                Statistics: Num rows: 28 Data size: 3461 Basic stats: COMPLETE Column stats: NONE
+                Statistics: Num rows: 676 Data size: 164320 Basic stats: COMPLETE Column stats: NONE
                 Filter Operator
                   predicate: ((_col2 + _col0) = _col0) (type: boolean)
-                  Statistics: Num rows: 14 Data size: 1730 Basic stats: COMPLETE Column stats: NONE
+                  Statistics: Num rows: 338 Data size: 82160 Basic stats: COMPLETE Column stats: NONE
                   Select Operator
                     expressions: _col1 (type: string), _col3 (type: string)
                     outputColumnNames: _col1, _col3
-                    Statistics: Num rows: 14 Data size: 1730 Basic stats: COMPLETE Column stats: NONE
+                    Statistics: Num rows: 338 Data size: 82160 Basic stats: COMPLETE Column stats: NONE
                     Reduce Output Operator
                       key expressions: _col3 (type: string)
                       sort order: +
                       Map-reduce partition columns: _col3 (type: string)
-                      Statistics: Num rows: 14 Data size: 1730 Basic stats: COMPLETE Column stats: NONE
+                      Statistics: Num rows: 338 Data size: 82160 Basic stats: COMPLETE Column stats: NONE
                       value expressions: _col1 (type: string)
         Reducer 3 
             Reduce Operator Tree:
@@ -357,14 +357,14 @@ STAGE PLANS:
                   0 _col3 (type: string)
                   1 _col0 (type: string)
                 outputColumnNames: _col1, _col3, _col4
-                Statistics: Num rows: 28 Data size: 3461 Basic stats: COMPLETE Column stats: NONE
+                Statistics: Num rows: 371 Data size: 90376 Basic stats: COMPLETE Column stats: NONE
                 Select Operator
                   expressions: _col1 (type: string), _col3 (type: string), _col4 (type: string)
                   outputColumnNames: _col0, _col1, _col2
-                  Statistics: Num rows: 28 Data size: 3461 Basic stats: COMPLETE Column stats: NONE
+                  Statistics: Num rows: 371 Data size: 90376 Basic stats: COMPLETE Column stats: NONE
                   File Output Operator
                     compressed: false
-                    Statistics: Num rows: 28 Data size: 3461 Basic stats: COMPLETE Column stats: NONE
+                    Statistics: Num rows: 371 Data size: 90376 Basic stats: COMPLETE Column stats: NONE
                     table:
                         input format: org.apache.hadoop.mapred.SequenceFileInputFormat
                         output format: org.apache.hadoop.hive.ql.io.HiveSequenceFileOutputFormat
diff --git a/ql/src/test/results/clientpositive/spark/join_cond_pushdown_1.q.out b/ql/src/test/results/clientpositive/spark/join_cond_pushdown_1.q.out
index a9bbe15b7b..c3d41a5e3b 100644
--- a/ql/src/test/results/clientpositive/spark/join_cond_pushdown_1.q.out
+++ b/ql/src/test/results/clientpositive/spark/join_cond_pushdown_1.q.out
@@ -267,15 +267,15 @@ STAGE PLANS:
                   0 
                   1 
                 outputColumnNames: _col0, _col1, _col2, _col3, _col4, _col5, _col6, _col7, _col8, _col9, _col10, _col11, _col12, _col13, _col14, _col15, _col16, _col17
-                Statistics: Num rows: 28 Data size: 3461 Basic stats: COMPLETE Column stats: NONE
+                Statistics: Num rows: 676 Data size: 164320 Basic stats: COMPLETE Column stats: NONE
                 Filter Operator
                   predicate: ((_col9 + _col0) = _col0) (type: boolean)
-                  Statistics: Num rows: 14 Data size: 1730 Basic stats: COMPLETE Column stats: NONE
+                  Statistics: Num rows: 338 Data size: 82160 Basic stats: COMPLETE Column stats: NONE
                   Reduce Output Operator
                     key expressions: _col10 (type: string)
                     sort order: +
                     Map-reduce partition columns: _col10 (type: string)
-                    Statistics: Num rows: 14 Data size: 1730 Basic stats: COMPLETE Column stats: NONE
+                    Statistics: Num rows: 338 Data size: 82160 Basic stats: COMPLETE Column stats: NONE
                     value expressions: _col0 (type: int), _col1 (type: string), _col2 (type: string), _col3 (type: string), _col4 (type: string), _col5 (type: int), _col6 (type: string), _col7 (type: double), _col8 (type: string), _col9 (type: int), _col11 (type: string), _col12 (type: string), _col13 (type: string), _col14 (type: int), _col15 (type: string), _col16 (type: double), _col17 (type: string)
         Reducer 3 
             Reduce Operator Tree:
@@ -286,10 +286,10 @@ STAGE PLANS:
                   0 _col10 (type: string)
                   1 _col1 (type: string)
                 outputColumnNames: _col0, _col1, _col2, _col3, _col4, _col5, _col6, _col7, _col8, _col9, _col10, _col11, _col12, _col13, _col14, _col15, _col16, _col17, _col18, _col19, _col20, _col21, _col22, _col23, _col24, _col25, _col26
-                Statistics: Num rows: 28 Data size: 3461 Basic stats: COMPLETE Column stats: NONE
+                Statistics: Num rows: 371 Data size: 90376 Basic stats: COMPLETE Column stats: NONE
                 File Output Operator
                   compressed: false
-                  Statistics: Num rows: 28 Data size: 3461 Basic stats: COMPLETE Column stats: NONE
+                  Statistics: Num rows: 371 Data size: 90376 Basic stats: COMPLETE Column stats: NONE
                   table:
                       input format: org.apache.hadoop.mapred.SequenceFileInputFormat
                       output format: org.apache.hadoop.hive.ql.io.HiveSequenceFileOutputFormat
@@ -392,14 +392,14 @@ STAGE PLANS:
                   0 
                   1 
                 outputColumnNames: _col0, _col1, _col2, _col3, _col4, _col5, _col6, _col7, _col8, _col10, _col11, _col12, _col13, _col14, _col15, _col16, _col17, _col18, _col19, _col20, _col21, _col22, _col23, _col24, _col25, _col26
-                Statistics: Num rows: 30 Data size: 3807 Basic stats: COMPLETE Column stats: NONE
+                Statistics: Num rows: 728 Data size: 178830 Basic stats: COMPLETE Column stats: NONE
                 Select Operator
                   expressions: _col18 (type: int), _col19 (type: string), _col20 (type: string), _col21 (type: string), _col22 (type: string), _col23 (type: int), _col24 (type: string), _col25 (type: double), _col26 (type: string), 1 (type: int), _col10 (type: string), _col11 (type: string), _col12 (type: string), _col13 (type: string), _col14 (type: int), _col15 (type: string), _col16 (type: double), _col17 (type: string), _col0 (type: int), _col1 (type: string), _col2 (type: string), _col3 (type: string), _col4 (type: string), _col5 (type: int), _col6 (type: string), _col7 (type: double), _col8 (type: string)
                   outputColumnNames: _col0, _col1, _col2, _col3, _col4, _col5, _col6, _col7, _col8, _col9, _col10, _col11, _col12, _col13, _col14, _col15, _col16, _col17, _col18, _col19, _col20, _col21, _col22, _col23, _col24, _col25, _col26
-                  Statistics: Num rows: 30 Data size: 3807 Basic stats: COMPLETE Column stats: NONE
+                  Statistics: Num rows: 728 Data size: 178830 Basic stats: COMPLETE Column stats: NONE
                   File Output Operator
                     compressed: false
-                    Statistics: Num rows: 30 Data size: 3807 Basic stats: COMPLETE Column stats: NONE
+                    Statistics: Num rows: 728 Data size: 178830 Basic stats: COMPLETE Column stats: NONE
                     table:
                         input format: org.apache.hadoop.mapred.SequenceFileInputFormat
                         output format: org.apache.hadoop.hive.ql.io.HiveSequenceFileOutputFormat
diff --git a/ql/src/test/results/clientpositive/spark/join_cond_pushdown_3.q.out b/ql/src/test/results/clientpositive/spark/join_cond_pushdown_3.q.out
index ea5895ba81..4103db57b6 100644
--- a/ql/src/test/results/clientpositive/spark/join_cond_pushdown_3.q.out
+++ b/ql/src/test/results/clientpositive/spark/join_cond_pushdown_3.q.out
@@ -273,15 +273,15 @@ STAGE PLANS:
                   0 
                   1 
                 outputColumnNames: _col0, _col1, _col2, _col3, _col4, _col5, _col6, _col7, _col8, _col9, _col10, _col11, _col12, _col13, _col14, _col15, _col16, _col17
-                Statistics: Num rows: 28 Data size: 3461 Basic stats: COMPLETE Column stats: NONE
+                Statistics: Num rows: 676 Data size: 164320 Basic stats: COMPLETE Column stats: NONE
                 Filter Operator
                   predicate: ((_col9 + _col0) = _col0) (type: boolean)
-                  Statistics: Num rows: 14 Data size: 1730 Basic stats: COMPLETE Column stats: NONE
+                  Statistics: Num rows: 338 Data size: 82160 Basic stats: COMPLETE Column stats: NONE
                   Reduce Output Operator
                     key expressions: _col10 (type: string)
                     sort order: +
                     Map-reduce partition columns: _col10 (type: string)
-                    Statistics: Num rows: 14 Data size: 1730 Basic stats: COMPLETE Column stats: NONE
+                    Statistics: Num rows: 338 Data size: 82160 Basic stats: COMPLETE Column stats: NONE
                     value expressions: _col0 (type: int), _col1 (type: string), _col2 (type: string), _col3 (type: string), _col4 (type: string), _col5 (type: int), _col6 (type: string), _col7 (type: double), _col8 (type: string), _col9 (type: int), _col11 (type: string), _col12 (type: string), _col13 (type: string), _col14 (type: int), _col15 (type: string), _col16 (type: double), _col17 (type: string)
         Reducer 3 
             Reduce Operator Tree:
@@ -292,10 +292,10 @@ STAGE PLANS:
                   0 _col10 (type: string)
                   1 _col1 (type: string)
                 outputColumnNames: _col0, _col1, _col2, _col3, _col4, _col5, _col6, _col7, _col8, _col9, _col10, _col11, _col12, _col13, _col14, _col15, _col16, _col17, _col18, _col19, _col20, _col21, _col22, _col23, _col24, _col25, _col26
-                Statistics: Num rows: 28 Data size: 3461 Basic stats: COMPLETE Column stats: NONE
+                Statistics: Num rows: 371 Data size: 90376 Basic stats: COMPLETE Column stats: NONE
                 File Output Operator
                   compressed: false
-                  Statistics: Num rows: 28 Data size: 3461 Basic stats: COMPLETE Column stats: NONE
+                  Statistics: Num rows: 371 Data size: 90376 Basic stats: COMPLETE Column stats: NONE
                   table:
                       input format: org.apache.hadoop.mapred.SequenceFileInputFormat
                       output format: org.apache.hadoop.hive.ql.io.HiveSequenceFileOutputFormat
@@ -400,14 +400,14 @@ STAGE PLANS:
                   0 
                   1 
                 outputColumnNames: _col0, _col1, _col2, _col3, _col4, _col5, _col6, _col7, _col8, _col10, _col11, _col12, _col13, _col14, _col15, _col16, _col17, _col18, _col19, _col20, _col21, _col22, _col23, _col24, _col25, _col26
-                Statistics: Num rows: 30 Data size: 3807 Basic stats: COMPLETE Column stats: NONE
+                Statistics: Num rows: 728 Data size: 178830 Basic stats: COMPLETE Column stats: NONE
                 Select Operator
                   expressions: _col18 (type: int), _col19 (type: string), _col20 (type: string), _col21 (type: string), _col22 (type: string), _col23 (type: int), _col24 (type: string), _col25 (type: double), _col26 (type: string), 1 (type: int), _col10 (type: string), _col11 (type: string), _col12 (type: string), _col13 (type: string), _col14 (type: int), _col15 (type: string), _col16 (type: double), _col17 (type: string), _col0 (type: int), _col1 (type: string), _col2 (type: string), _col3 (type: string), _col4 (type: string), _col5 (type: int), _col6 (type: string), _col7 (type: double), _col8 (type: string)
                   outputColumnNames: _col0, _col1, _col2, _col3, _col4, _col5, _col6, _col7, _col8, _col9, _col10, _col11, _col12, _col13, _col14, _col15, _col16, _col17, _col18, _col19, _col20, _col21, _col22, _col23, _col24, _col25, _col26
-                  Statistics: Num rows: 30 Data size: 3807 Basic stats: COMPLETE Column stats: NONE
+                  Statistics: Num rows: 728 Data size: 178830 Basic stats: COMPLETE Column stats: NONE
                   File Output Operator
                     compressed: false
-                    Statistics: Num rows: 30 Data size: 3807 Basic stats: COMPLETE Column stats: NONE
+                    Statistics: Num rows: 728 Data size: 178830 Basic stats: COMPLETE Column stats: NONE
                     table:
                         input format: org.apache.hadoop.mapred.SequenceFileInputFormat
                         output format: org.apache.hadoop.hive.ql.io.HiveSequenceFileOutputFormat
diff --git a/ql/src/test/results/clientpositive/spark/join_cond_pushdown_unqual1.q.out b/ql/src/test/results/clientpositive/spark/join_cond_pushdown_unqual1.q.out
index 303c77f419..949d44232c 100644
--- a/ql/src/test/results/clientpositive/spark/join_cond_pushdown_unqual1.q.out
+++ b/ql/src/test/results/clientpositive/spark/join_cond_pushdown_unqual1.q.out
@@ -323,15 +323,15 @@ STAGE PLANS:
                   0 
                   1 
                 outputColumnNames: _col0, _col1, _col2, _col3, _col4, _col5, _col6, _col7, _col8, _col9, _col10, _col11, _col12, _col13, _col14, _col15, _col16, _col17
-                Statistics: Num rows: 28 Data size: 3461 Basic stats: COMPLETE Column stats: NONE
+                Statistics: Num rows: 26 Data size: 3173 Basic stats: COMPLETE Column stats: NONE
                 Filter Operator
                   predicate: ((_col9 + _col0) = _col0) (type: boolean)
-                  Statistics: Num rows: 14 Data size: 1730 Basic stats: COMPLETE Column stats: NONE
+                  Statistics: Num rows: 13 Data size: 1586 Basic stats: COMPLETE Column stats: NONE
                   Reduce Output Operator
                     key expressions: _col10 (type: string)
                     sort order: +
                     Map-reduce partition columns: _col10 (type: string)
-                    Statistics: Num rows: 14 Data size: 1730 Basic stats: COMPLETE Column stats: NONE
+                    Statistics: Num rows: 13 Data size: 1586 Basic stats: COMPLETE Column stats: NONE
                     value expressions: _col0 (type: int), _col1 (type: string), _col2 (type: string), _col3 (type: string), _col4 (type: string), _col5 (type: int), _col6 (type: string), _col7 (type: double), _col8 (type: string), _col9 (type: int), _col11 (type: string), _col12 (type: string), _col13 (type: string), _col14 (type: int), _col15 (type: string), _col16 (type: double), _col17 (type: string)
         Reducer 3 
             Reduce Operator Tree:
@@ -342,10 +342,10 @@ STAGE PLANS:
                   0 _col10 (type: string)
                   1 _col1 (type: string)
                 outputColumnNames: _col0, _col1, _col2, _col3, _col4, _col5, _col6, _col7, _col8, _col9, _col10, _col11, _col12, _col13, _col14, _col15, _col16, _col17, _col18, _col19, _col20, _col21, _col22, _col23, _col24, _col25, _col26
-                Statistics: Num rows: 15 Data size: 1903 Basic stats: COMPLETE Column stats: NONE
+                Statistics: Num rows: 14 Data size: 1744 Basic stats: COMPLETE Column stats: NONE
                 File Output Operator
                   compressed: false
-                  Statistics: Num rows: 15 Data size: 1903 Basic stats: COMPLETE Column stats: NONE
+                  Statistics: Num rows: 14 Data size: 1744 Basic stats: COMPLETE Column stats: NONE
                   table:
                       input format: org.apache.hadoop.mapred.SequenceFileInputFormat
                       output format: org.apache.hadoop.hive.ql.io.HiveSequenceFileOutputFormat
@@ -432,12 +432,12 @@ STAGE PLANS:
                   0 
                   1 
                 outputColumnNames: _col0, _col1, _col2, _col3, _col4, _col5, _col6, _col7, _col8, _col10, _col11, _col12, _col13, _col14, _col15, _col16, _col17
-                Statistics: Num rows: 28 Data size: 3461 Basic stats: COMPLETE Column stats: NONE
+                Statistics: Num rows: 26 Data size: 3173 Basic stats: COMPLETE Column stats: NONE
                 Reduce Output Operator
                   key expressions: _col10 (type: string)
                   sort order: +
                   Map-reduce partition columns: _col10 (type: string)
-                  Statistics: Num rows: 28 Data size: 3461 Basic stats: COMPLETE Column stats: NONE
+                  Statistics: Num rows: 26 Data size: 3173 Basic stats: COMPLETE Column stats: NONE
                   value expressions: _col0 (type: int), _col1 (type: string), _col2 (type: string), _col3 (type: string), _col4 (type: string), _col5 (type: int), _col6 (type: string), _col7 (type: double), _col8 (type: string), _col11 (type: string), _col12 (type: string), _col13 (type: string), _col14 (type: int), _col15 (type: string), _col16 (type: double), _col17 (type: string)
         Reducer 3 
             Reduce Operator Tree:
@@ -448,14 +448,14 @@ STAGE PLANS:
                   0 _col10 (type: string)
                   1 _col1 (type: string)
                 outputColumnNames: _col0, _col1, _col2, _col3, _col4, _col5, _col6, _col7, _col8, _col10, _col11, _col12, _col13, _col14, _col15, _col16, _col17, _col18, _col19, _col20, _col21, _col22, _col23, _col24, _col25, _col26
-                Statistics: Num rows: 30 Data size: 3807 Basic stats: COMPLETE Column stats: NONE
+                Statistics: Num rows: 28 Data size: 3490 Basic stats: COMPLETE Column stats: NONE
                 Select Operator
                   expressions: _col0 (type: int), _col1 (type: string), _col2 (type: string), _col3 (type: string), _col4 (type: string), _col5 (type: int), _col6 (type: string), _col7 (type: double), _col8 (type: string), 1 (type: int), _col10 (type: string), _col11 (type: string), _col12 (type: string), _col13 (type: string), _col14 (type: int), _col15 (type: string), _col16 (type: double), _col17 (type: string), _col18 (type: int), _col19 (type: string), _col20 (type: string), _col21 (type: string), _col22 (type: string), _col23 (type: int), _col24 (type: string), _col25 (type: double), _col26 (type: string)
                   outputColumnNames: _col0, _col1, _col2, _col3, _col4, _col5, _col6, _col7, _col8, _col9, _col10, _col11, _col12, _col13, _col14, _col15, _col16, _col17, _col18, _col19, _col20, _col21, _col22, _col23, _col24, _col25, _col26
-                  Statistics: Num rows: 30 Data size: 3807 Basic stats: COMPLETE Column stats: NONE
+                  Statistics: Num rows: 28 Data size: 3490 Basic stats: COMPLETE Column stats: NONE
                   File Output Operator
                     compressed: false
-                    Statistics: Num rows: 30 Data size: 3807 Basic stats: COMPLETE Column stats: NONE
+                    Statistics: Num rows: 28 Data size: 3490 Basic stats: COMPLETE Column stats: NONE
                     table:
                         input format: org.apache.hadoop.mapred.SequenceFileInputFormat
                         output format: org.apache.hadoop.hive.ql.io.HiveSequenceFileOutputFormat
diff --git a/ql/src/test/results/clientpositive/spark/join_cond_pushdown_unqual3.q.out b/ql/src/test/results/clientpositive/spark/join_cond_pushdown_unqual3.q.out
index 641929cdda..b5c91b6949 100644
--- a/ql/src/test/results/clientpositive/spark/join_cond_pushdown_unqual3.q.out
+++ b/ql/src/test/results/clientpositive/spark/join_cond_pushdown_unqual3.q.out
@@ -329,15 +329,15 @@ STAGE PLANS:
                   0 
                   1 
                 outputColumnNames: _col0, _col1, _col2, _col3, _col4, _col5, _col6, _col7, _col8, _col9, _col10, _col11, _col12, _col13, _col14, _col15, _col16, _col17
-                Statistics: Num rows: 28 Data size: 3461 Basic stats: COMPLETE Column stats: NONE
+                Statistics: Num rows: 26 Data size: 3173 Basic stats: COMPLETE Column stats: NONE
                 Filter Operator
                   predicate: ((_col9 + _col0) = _col0) (type: boolean)
-                  Statistics: Num rows: 14 Data size: 1730 Basic stats: COMPLETE Column stats: NONE
+                  Statistics: Num rows: 13 Data size: 1586 Basic stats: COMPLETE Column stats: NONE
                   Reduce Output Operator
                     key expressions: _col10 (type: string)
                     sort order: +
                     Map-reduce partition columns: _col10 (type: string)
-                    Statistics: Num rows: 14 Data size: 1730 Basic stats: COMPLETE Column stats: NONE
+                    Statistics: Num rows: 13 Data size: 1586 Basic stats: COMPLETE Column stats: NONE
                     value expressions: _col0 (type: int), _col1 (type: string), _col2 (type: string), _col3 (type: string), _col4 (type: string), _col5 (type: int), _col6 (type: string), _col7 (type: double), _col8 (type: string), _col9 (type: int), _col11 (type: string), _col12 (type: string), _col13 (type: string), _col14 (type: int), _col15 (type: string), _col16 (type: double), _col17 (type: string)
         Reducer 3 
             Reduce Operator Tree:
@@ -348,10 +348,10 @@ STAGE PLANS:
                   0 _col10 (type: string)
                   1 _col1 (type: string)
                 outputColumnNames: _col0, _col1, _col2, _col3, _col4, _col5, _col6, _col7, _col8, _col9, _col10, _col11, _col12, _col13, _col14, _col15, _col16, _col17, _col18, _col19, _col20, _col21, _col22, _col23, _col24, _col25, _col26
-                Statistics: Num rows: 15 Data size: 1903 Basic stats: COMPLETE Column stats: NONE
+                Statistics: Num rows: 14 Data size: 1744 Basic stats: COMPLETE Column stats: NONE
                 File Output Operator
                   compressed: false
-                  Statistics: Num rows: 15 Data size: 1903 Basic stats: COMPLETE Column stats: NONE
+                  Statistics: Num rows: 14 Data size: 1744 Basic stats: COMPLETE Column stats: NONE
                   table:
                       input format: org.apache.hadoop.mapred.SequenceFileInputFormat
                       output format: org.apache.hadoop.hive.ql.io.HiveSequenceFileOutputFormat
@@ -440,12 +440,12 @@ STAGE PLANS:
                   0 
                   1 
                 outputColumnNames: _col0, _col1, _col2, _col3, _col4, _col5, _col6, _col7, _col8, _col10, _col11, _col12, _col13, _col14, _col15, _col16, _col17
-                Statistics: Num rows: 28 Data size: 3461 Basic stats: COMPLETE Column stats: NONE
+                Statistics: Num rows: 26 Data size: 3173 Basic stats: COMPLETE Column stats: NONE
                 Reduce Output Operator
                   key expressions: _col10 (type: string)
                   sort order: +
                   Map-reduce partition columns: _col10 (type: string)
-                  Statistics: Num rows: 28 Data size: 3461 Basic stats: COMPLETE Column stats: NONE
+                  Statistics: Num rows: 26 Data size: 3173 Basic stats: COMPLETE Column stats: NONE
                   value expressions: _col0 (type: int), _col1 (type: string), _col2 (type: string), _col3 (type: string), _col4 (type: string), _col5 (type: int), _col6 (type: string), _col7 (type: double), _col8 (type: string), _col11 (type: string), _col12 (type: string), _col13 (type: string), _col14 (type: int), _col15 (type: string), _col16 (type: double), _col17 (type: string)
         Reducer 3 
             Reduce Operator Tree:
@@ -456,14 +456,14 @@ STAGE PLANS:
                   0 _col10 (type: string)
                   1 _col1 (type: string)
                 outputColumnNames: _col0, _col1, _col2, _col3, _col4, _col5, _col6, _col7, _col8, _col10, _col11, _col12, _col13, _col14, _col15, _col16, _col17, _col18, _col19, _col20, _col21, _col22, _col23, _col24, _col25, _col26
-                Statistics: Num rows: 30 Data size: 3807 Basic stats: COMPLETE Column stats: NONE
+                Statistics: Num rows: 28 Data size: 3490 Basic stats: COMPLETE Column stats: NONE
                 Select Operator
                   expressions: _col0 (type: int), _col1 (type: string), _col2 (type: string), _col3 (type: string), _col4 (type: string), _col5 (type: int), _col6 (type: string), _col7 (type: double), _col8 (type: string), 1 (type: int), _col10 (type: string), _col11 (type: string), _col12 (type: string), _col13 (type: string), _col14 (type: int), _col15 (type: string), _col16 (type: double), _col17 (type: string), _col18 (type: int), _col19 (type: string), _col20 (type: string), _col21 (type: string), _col22 (type: string), _col23 (type: int), _col24 (type: string), _col25 (type: double), _col26 (type: string)
                   outputColumnNames: _col0, _col1, _col2, _col3, _col4, _col5, _col6, _col7, _col8, _col9, _col10, _col11, _col12, _col13, _col14, _col15, _col16, _col17, _col18, _col19, _col20, _col21, _col22, _col23, _col24, _col25, _col26
-                  Statistics: Num rows: 30 Data size: 3807 Basic stats: COMPLETE Column stats: NONE
+                  Statistics: Num rows: 28 Data size: 3490 Basic stats: COMPLETE Column stats: NONE
                   File Output Operator
                     compressed: false
-                    Statistics: Num rows: 30 Data size: 3807 Basic stats: COMPLETE Column stats: NONE
+                    Statistics: Num rows: 28 Data size: 3490 Basic stats: COMPLETE Column stats: NONE
                     table:
                         input format: org.apache.hadoop.mapred.SequenceFileInputFormat
                         output format: org.apache.hadoop.hive.ql.io.HiveSequenceFileOutputFormat
diff --git a/ql/src/test/results/clientpositive/spark/optimize_nullscan.q.out b/ql/src/test/results/clientpositive/spark/optimize_nullscan.q.out
index ec43c12997..afd65c7a70 100644
--- a/ql/src/test/results/clientpositive/spark/optimize_nullscan.q.out
+++ b/ql/src/test/results/clientpositive/spark/optimize_nullscan.q.out
@@ -1206,13 +1206,13 @@ STAGE PLANS:
                   0 
                   1 
                 outputColumnNames: _col0, _col1
-                Statistics: Num rows: 1 Data size: 11 Basic stats: COMPLETE Column stats: NONE
+                Statistics: Num rows: 0 Data size: 0 Basic stats: NONE Column stats: NONE
                 File Output Operator
                   compressed: false
                   GlobalTableId: 0
 #### A masked pattern was here ####
                   NumFilesPerFileSink: 1
-                  Statistics: Num rows: 1 Data size: 11 Basic stats: COMPLETE Column stats: NONE
+                  Statistics: Num rows: 0 Data size: 0 Basic stats: NONE Column stats: NONE
 #### A masked pattern was here ####
                   table:
                       input format: org.apache.hadoop.mapred.SequenceFileInputFormat
diff --git a/ql/src/test/results/clientpositive/spark/parallel_join0.q.out b/ql/src/test/results/clientpositive/spark/parallel_join0.q.out
index bc98bb4fd9..498913513e 100644
--- a/ql/src/test/results/clientpositive/spark/parallel_join0.q.out
+++ b/ql/src/test/results/clientpositive/spark/parallel_join0.q.out
@@ -72,20 +72,20 @@ STAGE PLANS:
                   0 
                   1 
                 outputColumnNames: _col0, _col1, _col2, _col3
-                Statistics: Num rows: 182 Data size: 1939 Basic stats: COMPLETE Column stats: NONE
+                Statistics: Num rows: 27556 Data size: 612872 Basic stats: COMPLETE Column stats: NONE
                 Reduce Output Operator
                   key expressions: _col0 (type: string), _col1 (type: string), _col2 (type: string), _col3 (type: string)
                   sort order: ++++
-                  Statistics: Num rows: 182 Data size: 1939 Basic stats: COMPLETE Column stats: NONE
+                  Statistics: Num rows: 27556 Data size: 612872 Basic stats: COMPLETE Column stats: NONE
         Reducer 3 
             Reduce Operator Tree:
               Select Operator
                 expressions: KEY.reducesinkkey0 (type: string), KEY.reducesinkkey1 (type: string), KEY.reducesinkkey2 (type: string), KEY.reducesinkkey3 (type: string)
                 outputColumnNames: _col0, _col1, _col2, _col3
-                Statistics: Num rows: 182 Data size: 1939 Basic stats: COMPLETE Column stats: NONE
+                Statistics: Num rows: 27556 Data size: 612872 Basic stats: COMPLETE Column stats: NONE
                 File Output Operator
                   compressed: false
-                  Statistics: Num rows: 182 Data size: 1939 Basic stats: COMPLETE Column stats: NONE
+                  Statistics: Num rows: 27556 Data size: 612872 Basic stats: COMPLETE Column stats: NONE
                   table:
                       input format: org.apache.hadoop.mapred.SequenceFileInputFormat
                       output format: org.apache.hadoop.hive.ql.io.HiveSequenceFileOutputFormat
diff --git a/ql/src/test/results/clientpositive/spark/ppd_join5.q.out b/ql/src/test/results/clientpositive/spark/ppd_join5.q.out
index f08eb4d0da..5aff279f94 100644
--- a/ql/src/test/results/clientpositive/spark/ppd_join5.q.out
+++ b/ql/src/test/results/clientpositive/spark/ppd_join5.q.out
@@ -129,14 +129,14 @@ STAGE PLANS:
                   0 
                   1 
                 outputColumnNames: _col0, _col1, _col3, _col4
-                Statistics: Num rows: 1 Data size: 3 Basic stats: COMPLETE Column stats: NONE
+                Statistics: Num rows: 1 Data size: 7 Basic stats: COMPLETE Column stats: NONE
                 Select Operator
                   expressions: _col0 (type: string), _col1 (type: string), _col3 (type: int), _col4 (type: int)
                   outputColumnNames: _col0, _col1, _col2, _col3
-                  Statistics: Num rows: 1 Data size: 3 Basic stats: COMPLETE Column stats: NONE
+                  Statistics: Num rows: 1 Data size: 7 Basic stats: COMPLETE Column stats: NONE
                   File Output Operator
                     compressed: false
-                    Statistics: Num rows: 1 Data size: 3 Basic stats: COMPLETE Column stats: NONE
+                    Statistics: Num rows: 1 Data size: 7 Basic stats: COMPLETE Column stats: NONE
                     table:
                         input format: org.apache.hadoop.mapred.SequenceFileInputFormat
                         output format: org.apache.hadoop.hive.ql.io.HiveSequenceFileOutputFormat
@@ -249,17 +249,17 @@ STAGE PLANS:
                   0 
                   1 
                 outputColumnNames: _col0, _col1, _col3, _col4
-                Statistics: Num rows: 1 Data size: 3 Basic stats: COMPLETE Column stats: NONE
+                Statistics: Num rows: 1 Data size: 7 Basic stats: COMPLETE Column stats: NONE
                 Filter Operator
                   predicate: ((_col3 > 1) or (_col4 > 1)) (type: boolean)
-                  Statistics: Num rows: 1 Data size: 3 Basic stats: COMPLETE Column stats: NONE
+                  Statistics: Num rows: 1 Data size: 7 Basic stats: COMPLETE Column stats: NONE
                   Select Operator
                     expressions: _col0 (type: string), _col1 (type: string), _col3 (type: int), _col4 (type: int)
                     outputColumnNames: _col0, _col1, _col2, _col3
-                    Statistics: Num rows: 1 Data size: 3 Basic stats: COMPLETE Column stats: NONE
+                    Statistics: Num rows: 1 Data size: 7 Basic stats: COMPLETE Column stats: NONE
                     File Output Operator
                       compressed: false
-                      Statistics: Num rows: 1 Data size: 3 Basic stats: COMPLETE Column stats: NONE
+                      Statistics: Num rows: 1 Data size: 7 Basic stats: COMPLETE Column stats: NONE
                       table:
                           input format: org.apache.hadoop.mapred.SequenceFileInputFormat
                           output format: org.apache.hadoop.hive.ql.io.HiveSequenceFileOutputFormat
diff --git a/ql/src/test/results/clientpositive/spark/ppd_outer_join5.q.out b/ql/src/test/results/clientpositive/spark/ppd_outer_join5.q.out
index e4c3d2bf5e..f494f40567 100644
--- a/ql/src/test/results/clientpositive/spark/ppd_outer_join5.q.out
+++ b/ql/src/test/results/clientpositive/spark/ppd_outer_join5.q.out
@@ -109,14 +109,14 @@ STAGE PLANS:
                   1 
                   2 
                 outputColumnNames: _col0, _col1, _col2, _col4, _col5, _col7, _col8
-                Statistics: Num rows: 2 Data size: 0 Basic stats: PARTIAL Column stats: NONE
+                Statistics: Num rows: 1 Data size: 1 Basic stats: COMPLETE Column stats: NONE
                 Select Operator
                   expressions: _col0 (type: int), _col1 (type: string), _col2 (type: string), 20 (type: int), _col4 (type: string), _col5 (type: string), 20 (type: int), _col7 (type: string), _col8 (type: string)
                   outputColumnNames: _col0, _col1, _col2, _col3, _col4, _col5, _col6, _col7, _col8
-                  Statistics: Num rows: 2 Data size: 0 Basic stats: PARTIAL Column stats: NONE
+                  Statistics: Num rows: 1 Data size: 1 Basic stats: COMPLETE Column stats: NONE
                   File Output Operator
                     compressed: false
-                    Statistics: Num rows: 2 Data size: 0 Basic stats: PARTIAL Column stats: NONE
+                    Statistics: Num rows: 1 Data size: 1 Basic stats: COMPLETE Column stats: NONE
                     table:
                         input format: org.apache.hadoop.mapred.SequenceFileInputFormat
                         output format: org.apache.hadoop.hive.ql.io.HiveSequenceFileOutputFormat
@@ -203,14 +203,14 @@ STAGE PLANS:
                   1 
                   2 
                 outputColumnNames: _col1, _col2, _col4, _col5, _col6, _col7, _col8
-                Statistics: Num rows: 2 Data size: 0 Basic stats: PARTIAL Column stats: NONE
+                Statistics: Num rows: 1 Data size: 1 Basic stats: COMPLETE Column stats: NONE
                 Select Operator
                   expressions: 20 (type: int), _col1 (type: string), _col2 (type: string), 20 (type: int), _col4 (type: string), _col5 (type: string), _col6 (type: int), _col7 (type: string), _col8 (type: string)
                   outputColumnNames: _col0, _col1, _col2, _col3, _col4, _col5, _col6, _col7, _col8
-                  Statistics: Num rows: 2 Data size: 0 Basic stats: PARTIAL Column stats: NONE
+                  Statistics: Num rows: 1 Data size: 1 Basic stats: COMPLETE Column stats: NONE
                   File Output Operator
                     compressed: false
-                    Statistics: Num rows: 2 Data size: 0 Basic stats: PARTIAL Column stats: NONE
+                    Statistics: Num rows: 1 Data size: 1 Basic stats: COMPLETE Column stats: NONE
                     table:
                         input format: org.apache.hadoop.mapred.SequenceFileInputFormat
                         output format: org.apache.hadoop.hive.ql.io.HiveSequenceFileOutputFormat
@@ -297,14 +297,14 @@ STAGE PLANS:
                   1 
                   2 
                 outputColumnNames: _col1, _col2, _col4, _col5, _col6, _col7, _col8
-                Statistics: Num rows: 2 Data size: 0 Basic stats: PARTIAL Column stats: NONE
+                Statistics: Num rows: 1 Data size: 1 Basic stats: COMPLETE Column stats: NONE
                 Select Operator
                   expressions: 20 (type: int), _col1 (type: string), _col2 (type: string), 20 (type: int), _col4 (type: string), _col5 (type: string), _col6 (type: int), _col7 (type: string), _col8 (type: string)
                   outputColumnNames: _col0, _col1, _col2, _col3, _col4, _col5, _col6, _col7, _col8
-                  Statistics: Num rows: 2 Data size: 0 Basic stats: PARTIAL Column stats: NONE
+                  Statistics: Num rows: 1 Data size: 1 Basic stats: COMPLETE Column stats: NONE
                   File Output Operator
                     compressed: false
-                    Statistics: Num rows: 2 Data size: 0 Basic stats: PARTIAL Column stats: NONE
+                    Statistics: Num rows: 1 Data size: 1 Basic stats: COMPLETE Column stats: NONE
                     table:
                         input format: org.apache.hadoop.mapred.SequenceFileInputFormat
                         output format: org.apache.hadoop.hive.ql.io.HiveSequenceFileOutputFormat
diff --git a/ql/src/test/results/clientpositive/spark/smb_mapjoin_25.q.out b/ql/src/test/results/clientpositive/spark/smb_mapjoin_25.q.out
index 75422ec25e..6241df7180 100644
--- a/ql/src/test/results/clientpositive/spark/smb_mapjoin_25.q.out
+++ b/ql/src/test/results/clientpositive/spark/smb_mapjoin_25.q.out
@@ -128,10 +128,10 @@ STAGE PLANS:
                 keys:
                   0 
                   1 
-                Statistics: Num rows: 28 Data size: 114 Basic stats: COMPLETE Column stats: NONE
+                Statistics: Num rows: 650 Data size: 5850 Basic stats: COMPLETE Column stats: NONE
                 Reduce Output Operator
                   sort order: 
-                  Statistics: Num rows: 28 Data size: 114 Basic stats: COMPLETE Column stats: NONE
+                  Statistics: Num rows: 650 Data size: 5850 Basic stats: COMPLETE Column stats: NONE
         Reducer 3 
             Reduce Operator Tree:
               Join Operator
@@ -140,14 +140,14 @@ STAGE PLANS:
                 keys:
                   0 
                   1 
-                Statistics: Num rows: 31 Data size: 129 Basic stats: COMPLETE Column stats: NONE
+                Statistics: Num rows: 438750 Data size: 8336250 Basic stats: COMPLETE Column stats: NONE
                 Select Operator
                   expressions: 5 (type: int), 5 (type: int)
                   outputColumnNames: _col0, _col1
-                  Statistics: Num rows: 31 Data size: 129 Basic stats: COMPLETE Column stats: NONE
+                  Statistics: Num rows: 438750 Data size: 8336250 Basic stats: COMPLETE Column stats: NONE
                   File Output Operator
                     compressed: false
-                    Statistics: Num rows: 31 Data size: 129 Basic stats: COMPLETE Column stats: NONE
+                    Statistics: Num rows: 438750 Data size: 8336250 Basic stats: COMPLETE Column stats: NONE
                     table:
                         input format: org.apache.hadoop.mapred.SequenceFileInputFormat
                         output format: org.apache.hadoop.hive.ql.io.HiveSequenceFileOutputFormat
@@ -160,10 +160,10 @@ STAGE PLANS:
                 keys:
                   0 
                   1 
-                Statistics: Num rows: 29 Data size: 118 Basic stats: COMPLETE Column stats: NONE
+                Statistics: Num rows: 675 Data size: 6075 Basic stats: COMPLETE Column stats: NONE
                 Reduce Output Operator
                   sort order: 
-                  Statistics: Num rows: 29 Data size: 118 Basic stats: COMPLETE Column stats: NONE
+                  Statistics: Num rows: 675 Data size: 6075 Basic stats: COMPLETE Column stats: NONE
 
   Stage: Stage-0
     Fetch Operator
@@ -240,7 +240,7 @@ STAGE PLANS:
                           1 
                         input vertices:
                           1 Map 2
-                        Statistics: Num rows: 28 Data size: 114 Basic stats: COMPLETE Column stats: NONE
+                        Statistics: Num rows: 650 Data size: 5850 Basic stats: COMPLETE Column stats: NONE
                         Spark HashTable Sink Operator
                           keys:
                             0 
@@ -286,7 +286,7 @@ STAGE PLANS:
                           1 
                         input vertices:
                           0 Map 3
-                        Statistics: Num rows: 29 Data size: 118 Basic stats: COMPLETE Column stats: NONE
+                        Statistics: Num rows: 675 Data size: 6075 Basic stats: COMPLETE Column stats: NONE
                         Map Join Operator
                           condition map:
                                Inner Join 0 to 1
@@ -295,14 +295,14 @@ STAGE PLANS:
                             1 
                           input vertices:
                             0 Map 1
-                          Statistics: Num rows: 31 Data size: 129 Basic stats: COMPLETE Column stats: NONE
+                          Statistics: Num rows: 438750 Data size: 8336250 Basic stats: COMPLETE Column stats: NONE
                           Select Operator
                             expressions: 5 (type: int), 5 (type: int)
                             outputColumnNames: _col0, _col1
-                            Statistics: Num rows: 31 Data size: 129 Basic stats: COMPLETE Column stats: NONE
+                            Statistics: Num rows: 438750 Data size: 8336250 Basic stats: COMPLETE Column stats: NONE
                             File Output Operator
                               compressed: false
-                              Statistics: Num rows: 31 Data size: 129 Basic stats: COMPLETE Column stats: NONE
+                              Statistics: Num rows: 438750 Data size: 8336250 Basic stats: COMPLETE Column stats: NONE
                               table:
                                   input format: org.apache.hadoop.mapred.SequenceFileInputFormat
                                   output format: org.apache.hadoop.hive.ql.io.HiveSequenceFileOutputFormat
diff --git a/ql/src/test/results/clientpositive/spark/subquery_multiinsert.q.out b/ql/src/test/results/clientpositive/spark/subquery_multiinsert.q.out
index 91e6cfb306..3162b648e1 100644
--- a/ql/src/test/results/clientpositive/spark/subquery_multiinsert.q.out
+++ b/ql/src/test/results/clientpositive/spark/subquery_multiinsert.q.out
@@ -165,12 +165,12 @@ STAGE PLANS:
                   0 
                   1 
                 outputColumnNames: _col0, _col1
-                Statistics: Num rows: 550 Data size: 5843 Basic stats: COMPLETE Column stats: NONE
+                Statistics: Num rows: 500 Data size: 9812 Basic stats: COMPLETE Column stats: NONE
                 Reduce Output Operator
                   key expressions: _col0 (type: string)
                   sort order: +
                   Map-reduce partition columns: _col0 (type: string)
-                  Statistics: Num rows: 550 Data size: 5843 Basic stats: COMPLETE Column stats: NONE
+                  Statistics: Num rows: 500 Data size: 9812 Basic stats: COMPLETE Column stats: NONE
                   value expressions: _col1 (type: string)
         Reducer 3 
             Reduce Operator Tree:
@@ -181,28 +181,28 @@ STAGE PLANS:
                   0 _col0 (type: string)
                   1 _col0 (type: string)
                 outputColumnNames: _col0, _col1, _col5
-                Statistics: Num rows: 605 Data size: 6427 Basic stats: COMPLETE Column stats: NONE
+                Statistics: Num rows: 550 Data size: 10793 Basic stats: COMPLETE Column stats: NONE
                 Filter Operator
                   predicate: _col5 is null (type: boolean)
-                  Statistics: Num rows: 302 Data size: 3208 Basic stats: COMPLETE Column stats: NONE
+                  Statistics: Num rows: 275 Data size: 5396 Basic stats: COMPLETE Column stats: NONE
                   Select Operator
                     expressions: _col0 (type: string), _col1 (type: string)
                     outputColumnNames: _col0, _col1
-                    Statistics: Num rows: 302 Data size: 3208 Basic stats: COMPLETE Column stats: NONE
+                    Statistics: Num rows: 275 Data size: 5396 Basic stats: COMPLETE Column stats: NONE
                     Reduce Output Operator
                       key expressions: _col0 (type: string)
                       sort order: +
-                      Statistics: Num rows: 302 Data size: 3208 Basic stats: COMPLETE Column stats: NONE
+                      Statistics: Num rows: 275 Data size: 5396 Basic stats: COMPLETE Column stats: NONE
                       value expressions: _col1 (type: string)
         Reducer 4 
             Reduce Operator Tree:
               Select Operator
                 expressions: KEY.reducesinkkey0 (type: string), VALUE._col0 (type: string)
                 outputColumnNames: _col0, _col1
-                Statistics: Num rows: 302 Data size: 3208 Basic stats: COMPLETE Column stats: NONE
+                Statistics: Num rows: 275 Data size: 5396 Basic stats: COMPLETE Column stats: NONE
                 File Output Operator
                   compressed: false
-                  Statistics: Num rows: 302 Data size: 3208 Basic stats: COMPLETE Column stats: NONE
+                  Statistics: Num rows: 275 Data size: 5396 Basic stats: COMPLETE Column stats: NONE
                   table:
                       input format: org.apache.hadoop.mapred.TextInputFormat
                       output format: org.apache.hadoop.hive.ql.io.HiveIgnoreKeyTextOutputFormat
@@ -609,7 +609,7 @@ STAGE PLANS:
                     outputColumnNames: _col0, _col1
                     input vertices:
                       1 Reducer 6
-                    Statistics: Num rows: 550 Data size: 5843 Basic stats: COMPLETE Column stats: NONE
+                    Statistics: Num rows: 500 Data size: 9812 Basic stats: COMPLETE Column stats: NONE
                     Map Join Operator
                       condition map:
                            Left Outer Join0 to 1
@@ -619,18 +619,18 @@ STAGE PLANS:
                       outputColumnNames: _col0, _col1, _col5
                       input vertices:
                         1 Map 4
-                      Statistics: Num rows: 605 Data size: 6427 Basic stats: COMPLETE Column stats: NONE
+                      Statistics: Num rows: 550 Data size: 10793 Basic stats: COMPLETE Column stats: NONE
                       Filter Operator
                         predicate: _col5 is null (type: boolean)
-                        Statistics: Num rows: 302 Data size: 3208 Basic stats: COMPLETE Column stats: NONE
+                        Statistics: Num rows: 275 Data size: 5396 Basic stats: COMPLETE Column stats: NONE
                         Select Operator
                           expressions: _col0 (type: string), _col1 (type: string)
                           outputColumnNames: _col0, _col1
-                          Statistics: Num rows: 302 Data size: 3208 Basic stats: COMPLETE Column stats: NONE
+                          Statistics: Num rows: 275 Data size: 5396 Basic stats: COMPLETE Column stats: NONE
                           Reduce Output Operator
                             key expressions: _col0 (type: string)
                             sort order: +
-                            Statistics: Num rows: 302 Data size: 3208 Basic stats: COMPLETE Column stats: NONE
+                            Statistics: Num rows: 275 Data size: 5396 Basic stats: COMPLETE Column stats: NONE
                             value expressions: _col1 (type: string)
                   Map Join Operator
                     condition map:
@@ -657,10 +657,10 @@ STAGE PLANS:
               Select Operator
                 expressions: KEY.reducesinkkey0 (type: string), VALUE._col0 (type: string)
                 outputColumnNames: _col0, _col1
-                Statistics: Num rows: 302 Data size: 3208 Basic stats: COMPLETE Column stats: NONE
+                Statistics: Num rows: 275 Data size: 5396 Basic stats: COMPLETE Column stats: NONE
                 File Output Operator
                   compressed: false
-                  Statistics: Num rows: 302 Data size: 3208 Basic stats: COMPLETE Column stats: NONE
+                  Statistics: Num rows: 275 Data size: 5396 Basic stats: COMPLETE Column stats: NONE
                   table:
                       input format: org.apache.hadoop.mapred.TextInputFormat
                       output format: org.apache.hadoop.hive.ql.io.HiveIgnoreKeyTextOutputFormat
diff --git a/ql/src/test/results/clientpositive/subquery_multiinsert.q.out b/ql/src/test/results/clientpositive/subquery_multiinsert.q.out
index ff3abc4a42..62c5bf2a4b 100644
--- a/ql/src/test/results/clientpositive/subquery_multiinsert.q.out
+++ b/ql/src/test/results/clientpositive/subquery_multiinsert.q.out
@@ -144,7 +144,7 @@ STAGE PLANS:
             0 
             1 
           outputColumnNames: _col0, _col1
-          Statistics: Num rows: 550 Data size: 5843 Basic stats: COMPLETE Column stats: NONE
+          Statistics: Num rows: 500 Data size: 9812 Basic stats: COMPLETE Column stats: NONE
           File Output Operator
             compressed: false
             table:
@@ -160,7 +160,7 @@ STAGE PLANS:
               key expressions: _col0 (type: string)
               sort order: +
               Map-reduce partition columns: _col0 (type: string)
-              Statistics: Num rows: 550 Data size: 5843 Basic stats: COMPLETE Column stats: NONE
+              Statistics: Num rows: 500 Data size: 9812 Basic stats: COMPLETE Column stats: NONE
               value expressions: _col1 (type: string)
           TableScan
             alias: s1
@@ -185,14 +185,14 @@ STAGE PLANS:
             0 _col0 (type: string)
             1 _col0 (type: string)
           outputColumnNames: _col0, _col1, _col5
-          Statistics: Num rows: 605 Data size: 6427 Basic stats: COMPLETE Column stats: NONE
+          Statistics: Num rows: 550 Data size: 10793 Basic stats: COMPLETE Column stats: NONE
           Filter Operator
             predicate: _col5 is null (type: boolean)
-            Statistics: Num rows: 302 Data size: 3208 Basic stats: COMPLETE Column stats: NONE
+            Statistics: Num rows: 275 Data size: 5396 Basic stats: COMPLETE Column stats: NONE
             Select Operator
               expressions: _col0 (type: string), _col1 (type: string)
               outputColumnNames: _col0, _col1
-              Statistics: Num rows: 302 Data size: 3208 Basic stats: COMPLETE Column stats: NONE
+              Statistics: Num rows: 275 Data size: 5396 Basic stats: COMPLETE Column stats: NONE
               File Output Operator
                 compressed: false
                 table:
@@ -207,16 +207,16 @@ STAGE PLANS:
             Reduce Output Operator
               key expressions: _col0 (type: string)
               sort order: +
-              Statistics: Num rows: 302 Data size: 3208 Basic stats: COMPLETE Column stats: NONE
+              Statistics: Num rows: 275 Data size: 5396 Basic stats: COMPLETE Column stats: NONE
               value expressions: _col1 (type: string)
       Reduce Operator Tree:
         Select Operator
           expressions: KEY.reducesinkkey0 (type: string), VALUE._col0 (type: string)
           outputColumnNames: _col0, _col1
-          Statistics: Num rows: 302 Data size: 3208 Basic stats: COMPLETE Column stats: NONE
+          Statistics: Num rows: 275 Data size: 5396 Basic stats: COMPLETE Column stats: NONE
           File Output Operator
             compressed: false
-            Statistics: Num rows: 302 Data size: 3208 Basic stats: COMPLETE Column stats: NONE
+            Statistics: Num rows: 275 Data size: 5396 Basic stats: COMPLETE Column stats: NONE
             table:
                 input format: org.apache.hadoop.mapred.TextInputFormat
                 output format: org.apache.hadoop.hive.ql.io.HiveIgnoreKeyTextOutputFormat
@@ -524,13 +524,13 @@ STAGE DEPENDENCIES:
   Stage-17 has a backup stage: Stage-2
   Stage-13 depends on stages: Stage-17
   Stage-15 depends on stages: Stage-2, Stage-13
-  Stage-4 depends on stages: Stage-15
-  Stage-1 depends on stages: Stage-4
-  Stage-5 depends on stages: Stage-1
-  Stage-16 depends on stages: Stage-2, Stage-13
-  Stage-12 depends on stages: Stage-16
+  Stage-12 depends on stages: Stage-15
   Stage-0 depends on stages: Stage-12
   Stage-7 depends on stages: Stage-0
+  Stage-16 depends on stages: Stage-2, Stage-13
+  Stage-4 depends on stages: Stage-16
+  Stage-1 depends on stages: Stage-4
+  Stage-5 depends on stages: Stage-1
   Stage-2
 
 STAGE PLANS:
@@ -607,7 +607,7 @@ STAGE PLANS:
                 0 
                 1 
               outputColumnNames: _col0, _col1
-              Statistics: Num rows: 550 Data size: 5843 Basic stats: COMPLETE Column stats: NONE
+              Statistics: Num rows: 500 Data size: 9812 Basic stats: COMPLETE Column stats: NONE
               File Output Operator
                 compressed: false
                 table:
@@ -624,6 +624,70 @@ STAGE PLANS:
         Map Reduce Local Work
 
   Stage: Stage-15
+    Map Reduce Local Work
+      Alias -> Map Local Tables:
+        sq_1:a 
+          Fetch Operator
+            limit: -1
+      Alias -> Map Local Operator Tree:
+        sq_1:a 
+          TableScan
+            alias: a
+            Statistics: Num rows: 500 Data size: 5312 Basic stats: COMPLETE Column stats: NONE
+            Filter Operator
+              predicate: ((key > '9') and value is not null) (type: boolean)
+              Statistics: Num rows: 166 Data size: 1763 Basic stats: COMPLETE Column stats: NONE
+              Select Operator
+                expressions: key (type: string), value (type: string)
+                outputColumnNames: _col0, _col1
+                Statistics: Num rows: 166 Data size: 1763 Basic stats: COMPLETE Column stats: NONE
+                Group By Operator
+                  keys: _col0 (type: string), _col1 (type: string)
+                  mode: hash
+                  outputColumnNames: _col0, _col1
+                  Statistics: Num rows: 166 Data size: 1763 Basic stats: COMPLETE Column stats: NONE
+                  HashTable Sink Operator
+                    keys:
+                      0 key (type: string), value (type: string)
+                      1 _col0 (type: string), _col1 (type: string)
+
+  Stage: Stage-12
+    Map Reduce
+      Map Operator Tree:
+          TableScan
+            Map Join Operator
+              condition map:
+                   Left Semi Join 0 to 1
+              keys:
+                0 key (type: string), value (type: string)
+                1 _col0 (type: string), _col1 (type: string)
+              outputColumnNames: _col0, _col1
+              Statistics: Num rows: 550 Data size: 5843 Basic stats: COMPLETE Column stats: NONE
+              File Output Operator
+                compressed: false
+                Statistics: Num rows: 550 Data size: 5843 Basic stats: COMPLETE Column stats: NONE
+                table:
+                    input format: org.apache.hadoop.mapred.TextInputFormat
+                    output format: org.apache.hadoop.hive.ql.io.HiveIgnoreKeyTextOutputFormat
+                    serde: org.apache.hadoop.hive.serde2.lazy.LazySimpleSerDe
+                    name: default.src_4
+      Local Work:
+        Map Reduce Local Work
+
+  Stage: Stage-0
+    Move Operator
+      tables:
+          replace: true
+          table:
+              input format: org.apache.hadoop.mapred.TextInputFormat
+              output format: org.apache.hadoop.hive.ql.io.HiveIgnoreKeyTextOutputFormat
+              serde: org.apache.hadoop.hive.serde2.lazy.LazySimpleSerDe
+              name: default.src_4
+
+  Stage: Stage-7
+    Stats-Aggr Operator
+
+  Stage: Stage-16
     Map Reduce Local Work
       Alias -> Map Local Tables:
         sq_2:s1 
@@ -657,18 +721,18 @@ STAGE PLANS:
                 0 _col0 (type: string)
                 1 _col0 (type: string)
               outputColumnNames: _col0, _col1, _col5
-              Statistics: Num rows: 605 Data size: 6427 Basic stats: COMPLETE Column stats: NONE
+              Statistics: Num rows: 550 Data size: 10793 Basic stats: COMPLETE Column stats: NONE
               Filter Operator
                 predicate: _col5 is null (type: boolean)
-                Statistics: Num rows: 302 Data size: 3208 Basic stats: COMPLETE Column stats: NONE
+                Statistics: Num rows: 275 Data size: 5396 Basic stats: COMPLETE Column stats: NONE
                 Select Operator
                   expressions: _col0 (type: string), _col1 (type: string)
                   outputColumnNames: _col0, _col1
-                  Statistics: Num rows: 302 Data size: 3208 Basic stats: COMPLETE Column stats: NONE
+                  Statistics: Num rows: 275 Data size: 5396 Basic stats: COMPLETE Column stats: NONE
                   Reduce Output Operator
                     key expressions: _col0 (type: string)
                     sort order: +
-                    Statistics: Num rows: 302 Data size: 3208 Basic stats: COMPLETE Column stats: NONE
+                    Statistics: Num rows: 275 Data size: 5396 Basic stats: COMPLETE Column stats: NONE
                     value expressions: _col1 (type: string)
       Local Work:
         Map Reduce Local Work
@@ -676,10 +740,10 @@ STAGE PLANS:
         Select Operator
           expressions: KEY.reducesinkkey0 (type: string), VALUE._col0 (type: string)
           outputColumnNames: _col0, _col1
-          Statistics: Num rows: 302 Data size: 3208 Basic stats: COMPLETE Column stats: NONE
+          Statistics: Num rows: 275 Data size: 5396 Basic stats: COMPLETE Column stats: NONE
           File Output Operator
             compressed: false
-            Statistics: Num rows: 302 Data size: 3208 Basic stats: COMPLETE Column stats: NONE
+            Statistics: Num rows: 275 Data size: 5396 Basic stats: COMPLETE Column stats: NONE
             table:
                 input format: org.apache.hadoop.mapred.TextInputFormat
                 output format: org.apache.hadoop.hive.ql.io.HiveIgnoreKeyTextOutputFormat
@@ -699,70 +763,6 @@ STAGE PLANS:
   Stage: Stage-5
     Stats-Aggr Operator
 
-  Stage: Stage-16
-    Map Reduce Local Work
-      Alias -> Map Local Tables:
-        sq_1:a 
-          Fetch Operator
-            limit: -1
-      Alias -> Map Local Operator Tree:
-        sq_1:a 
-          TableScan
-            alias: a
-            Statistics: Num rows: 500 Data size: 5312 Basic stats: COMPLETE Column stats: NONE
-            Filter Operator
-              predicate: ((key > '9') and value is not null) (type: boolean)
-              Statistics: Num rows: 166 Data size: 1763 Basic stats: COMPLETE Column stats: NONE
-              Select Operator
-                expressions: key (type: string), value (type: string)
-                outputColumnNames: _col0, _col1
-                Statistics: Num rows: 166 Data size: 1763 Basic stats: COMPLETE Column stats: NONE
-                Group By Operator
-                  keys: _col0 (type: string), _col1 (type: string)
-                  mode: hash
-                  outputColumnNames: _col0, _col1
-                  Statistics: Num rows: 166 Data size: 1763 Basic stats: COMPLETE Column stats: NONE
-                  HashTable Sink Operator
-                    keys:
-                      0 key (type: string), value (type: string)
-                      1 _col0 (type: string), _col1 (type: string)
-
-  Stage: Stage-12
-    Map Reduce
-      Map Operator Tree:
-          TableScan
-            Map Join Operator
-              condition map:
-                   Left Semi Join 0 to 1
-              keys:
-                0 key (type: string), value (type: string)
-                1 _col0 (type: string), _col1 (type: string)
-              outputColumnNames: _col0, _col1
-              Statistics: Num rows: 550 Data size: 5843 Basic stats: COMPLETE Column stats: NONE
-              File Output Operator
-                compressed: false
-                Statistics: Num rows: 550 Data size: 5843 Basic stats: COMPLETE Column stats: NONE
-                table:
-                    input format: org.apache.hadoop.mapred.TextInputFormat
-                    output format: org.apache.hadoop.hive.ql.io.HiveIgnoreKeyTextOutputFormat
-                    serde: org.apache.hadoop.hive.serde2.lazy.LazySimpleSerDe
-                    name: default.src_4
-      Local Work:
-        Map Reduce Local Work
-
-  Stage: Stage-0
-    Move Operator
-      tables:
-          replace: true
-          table:
-              input format: org.apache.hadoop.mapred.TextInputFormat
-              output format: org.apache.hadoop.hive.ql.io.HiveIgnoreKeyTextOutputFormat
-              serde: org.apache.hadoop.hive.serde2.lazy.LazySimpleSerDe
-              name: default.src_4
-
-  Stage: Stage-7
-    Stats-Aggr Operator
-
   Stage: Stage-2
     Map Reduce
       Map Operator Tree:
@@ -791,7 +791,7 @@ STAGE PLANS:
             0 
             1 
           outputColumnNames: _col0, _col1
-          Statistics: Num rows: 550 Data size: 5843 Basic stats: COMPLETE Column stats: NONE
+          Statistics: Num rows: 500 Data size: 9812 Basic stats: COMPLETE Column stats: NONE
           File Output Operator
             compressed: false
             table:
@@ -843,12 +843,12 @@ RUN: Stage-17:MAPREDLOCAL
 RUN: Stage-13:MAPRED
 RUN: Stage-15:MAPREDLOCAL
 RUN: Stage-16:MAPREDLOCAL
-RUN: Stage-4:MAPRED
 RUN: Stage-12:MAPRED
-RUN: Stage-1:MOVE
+RUN: Stage-4:MAPRED
 RUN: Stage-0:MOVE
-RUN: Stage-5:STATS
+RUN: Stage-1:MOVE
 RUN: Stage-7:STATS
+RUN: Stage-5:STATS
 PREHOOK: query: select * from src_4
 PREHOOK: type: QUERY
 PREHOOK: Input: default@src_4
diff --git a/ql/src/test/results/clientpositive/subquery_notin.q.out b/ql/src/test/results/clientpositive/subquery_notin.q.out
index fed1f89893..6873aca06d 100644
--- a/ql/src/test/results/clientpositive/subquery_notin.q.out
+++ b/ql/src/test/results/clientpositive/subquery_notin.q.out
@@ -88,7 +88,7 @@ STAGE PLANS:
             0 
             1 
           outputColumnNames: _col0, _col1
-          Statistics: Num rows: 550 Data size: 5843 Basic stats: COMPLETE Column stats: NONE
+          Statistics: Num rows: 500 Data size: 9812 Basic stats: COMPLETE Column stats: NONE
           File Output Operator
             compressed: false
             table:
@@ -104,7 +104,7 @@ STAGE PLANS:
               key expressions: _col0 (type: string)
               sort order: +
               Map-reduce partition columns: _col0 (type: string)
-              Statistics: Num rows: 550 Data size: 5843 Basic stats: COMPLETE Column stats: NONE
+              Statistics: Num rows: 500 Data size: 9812 Basic stats: COMPLETE Column stats: NONE
               value expressions: _col1 (type: string)
           TableScan
             alias: src
@@ -129,17 +129,17 @@ STAGE PLANS:
             0 _col0 (type: string)
             1 _col0 (type: string)
           outputColumnNames: _col0, _col1, _col3
-          Statistics: Num rows: 605 Data size: 6427 Basic stats: COMPLETE Column stats: NONE
+          Statistics: Num rows: 550 Data size: 10793 Basic stats: COMPLETE Column stats: NONE
           Filter Operator
             predicate: _col3 is null (type: boolean)
-            Statistics: Num rows: 302 Data size: 3208 Basic stats: COMPLETE Column stats: NONE
+            Statistics: Num rows: 275 Data size: 5396 Basic stats: COMPLETE Column stats: NONE
             Select Operator
               expressions: _col0 (type: string), _col1 (type: string)
               outputColumnNames: _col0, _col1
-              Statistics: Num rows: 302 Data size: 3208 Basic stats: COMPLETE Column stats: NONE
+              Statistics: Num rows: 275 Data size: 5396 Basic stats: COMPLETE Column stats: NONE
               File Output Operator
                 compressed: false
-                Statistics: Num rows: 302 Data size: 3208 Basic stats: COMPLETE Column stats: NONE
+                Statistics: Num rows: 275 Data size: 5396 Basic stats: COMPLETE Column stats: NONE
                 table:
                     input format: org.apache.hadoop.mapred.SequenceFileInputFormat
                     output format: org.apache.hadoop.hive.ql.io.HiveSequenceFileOutputFormat
@@ -423,7 +423,7 @@ STAGE PLANS:
             0 
             1 
           outputColumnNames: _col0, _col1, _col2
-          Statistics: Num rows: 28 Data size: 3461 Basic stats: COMPLETE Column stats: NONE
+          Statistics: Num rows: 26 Data size: 3381 Basic stats: COMPLETE Column stats: NONE
           File Output Operator
             compressed: false
             table:
@@ -439,7 +439,7 @@ STAGE PLANS:
               key expressions: _col0 (type: string), _col1 (type: string)
               sort order: ++
               Map-reduce partition columns: _col0 (type: string), _col1 (type: string)
-              Statistics: Num rows: 28 Data size: 3461 Basic stats: COMPLETE Column stats: NONE
+              Statistics: Num rows: 26 Data size: 3381 Basic stats: COMPLETE Column stats: NONE
               value expressions: _col2 (type: int)
           TableScan
             Reduce Output Operator
@@ -455,17 +455,17 @@ STAGE PLANS:
             0 _col0 (type: string), _col1 (type: string)
             1 _col0 (type: string), _col1 (type: string)
           outputColumnNames: _col0, _col1, _col2, _col4
-          Statistics: Num rows: 30 Data size: 3807 Basic stats: COMPLETE Column stats: NONE
+          Statistics: Num rows: 28 Data size: 3719 Basic stats: COMPLETE Column stats: NONE
           Filter Operator
             predicate: _col4 is null (type: boolean)
-            Statistics: Num rows: 15 Data size: 1903 Basic stats: COMPLETE Column stats: NONE
+            Statistics: Num rows: 14 Data size: 1859 Basic stats: COMPLETE Column stats: NONE
             Select Operator
               expressions: _col1 (type: string), _col0 (type: string), _col2 (type: int)
               outputColumnNames: _col0, _col1, _col2
-              Statistics: Num rows: 15 Data size: 1903 Basic stats: COMPLETE Column stats: NONE
+              Statistics: Num rows: 14 Data size: 1859 Basic stats: COMPLETE Column stats: NONE
               File Output Operator
                 compressed: false
-                Statistics: Num rows: 15 Data size: 1903 Basic stats: COMPLETE Column stats: NONE
+                Statistics: Num rows: 14 Data size: 1859 Basic stats: COMPLETE Column stats: NONE
                 table:
                     input format: org.apache.hadoop.mapred.SequenceFileInputFormat
                     output format: org.apache.hadoop.hive.ql.io.HiveSequenceFileOutputFormat
@@ -719,7 +719,7 @@ STAGE PLANS:
             0 
             1 
           outputColumnNames: _col0, _col1
-          Statistics: Num rows: 28 Data size: 3461 Basic stats: COMPLETE Column stats: NONE
+          Statistics: Num rows: 26 Data size: 3381 Basic stats: COMPLETE Column stats: NONE
           File Output Operator
             compressed: false
             table:
@@ -735,7 +735,7 @@ STAGE PLANS:
               key expressions: UDFToDouble(_col1) (type: double)
               sort order: +
               Map-reduce partition columns: UDFToDouble(_col1) (type: double)
-              Statistics: Num rows: 28 Data size: 3461 Basic stats: COMPLETE Column stats: NONE
+              Statistics: Num rows: 26 Data size: 3381 Basic stats: COMPLETE Column stats: NONE
               value expressions: _col0 (type: string), _col1 (type: int)
           TableScan
             Reduce Output Operator
@@ -751,17 +751,17 @@ STAGE PLANS:
             0 UDFToDouble(_col1) (type: double)
             1 _col0 (type: double)
           outputColumnNames: _col0, _col1, _col3
-          Statistics: Num rows: 30 Data size: 3807 Basic stats: COMPLETE Column stats: NONE
+          Statistics: Num rows: 28 Data size: 3719 Basic stats: COMPLETE Column stats: NONE
           Filter Operator
             predicate: _col3 is null (type: boolean)
-            Statistics: Num rows: 15 Data size: 1903 Basic stats: COMPLETE Column stats: NONE
+            Statistics: Num rows: 14 Data size: 1859 Basic stats: COMPLETE Column stats: NONE
             Select Operator
               expressions: _col0 (type: string), _col1 (type: int)
               outputColumnNames: _col0, _col1
-              Statistics: Num rows: 15 Data size: 1903 Basic stats: COMPLETE Column stats: NONE
+              Statistics: Num rows: 14 Data size: 1859 Basic stats: COMPLETE Column stats: NONE
               File Output Operator
                 compressed: false
-                Statistics: Num rows: 15 Data size: 1903 Basic stats: COMPLETE Column stats: NONE
+                Statistics: Num rows: 14 Data size: 1859 Basic stats: COMPLETE Column stats: NONE
                 table:
                     input format: org.apache.hadoop.mapred.SequenceFileInputFormat
                     output format: org.apache.hadoop.hive.ql.io.HiveSequenceFileOutputFormat
@@ -1072,7 +1072,7 @@ STAGE PLANS:
             0 
             1 
           outputColumnNames: _col0, _col1, _col2
-          Statistics: Num rows: 28 Data size: 3461 Basic stats: COMPLETE Column stats: NONE
+          Statistics: Num rows: 26 Data size: 3485 Basic stats: COMPLETE Column stats: NONE
           File Output Operator
             compressed: false
             table:
@@ -1088,7 +1088,7 @@ STAGE PLANS:
               key expressions: _col2 (type: int), _col1 (type: string)
               sort order: ++
               Map-reduce partition columns: _col2 (type: int), _col1 (type: string)
-              Statistics: Num rows: 28 Data size: 3461 Basic stats: COMPLETE Column stats: NONE
+              Statistics: Num rows: 26 Data size: 3485 Basic stats: COMPLETE Column stats: NONE
               value expressions: _col0 (type: string)
           TableScan
             Reduce Output Operator
@@ -1104,17 +1104,17 @@ STAGE PLANS:
             0 _col2 (type: int), _col1 (type: string)
             1 _col0 (type: int), _col1 (type: string)
           outputColumnNames: _col0, _col1, _col2, _col4
-          Statistics: Num rows: 30 Data size: 3807 Basic stats: COMPLETE Column stats: NONE
+          Statistics: Num rows: 28 Data size: 3833 Basic stats: COMPLETE Column stats: NONE
           Filter Operator
             predicate: _col4 is null (type: boolean)
-            Statistics: Num rows: 15 Data size: 1903 Basic stats: COMPLETE Column stats: NONE
+            Statistics: Num rows: 14 Data size: 1916 Basic stats: COMPLETE Column stats: NONE
             Select Operator
               expressions: _col1 (type: string), _col0 (type: string), _col2 (type: int)
               outputColumnNames: _col0, _col1, _col2
-              Statistics: Num rows: 15 Data size: 1903 Basic stats: COMPLETE Column stats: NONE
+              Statistics: Num rows: 14 Data size: 1916 Basic stats: COMPLETE Column stats: NONE
               File Output Operator
                 compressed: false
-                Statistics: Num rows: 15 Data size: 1903 Basic stats: COMPLETE Column stats: NONE
+                Statistics: Num rows: 14 Data size: 1916 Basic stats: COMPLETE Column stats: NONE
                 table:
                     input format: org.apache.hadoop.mapred.SequenceFileInputFormat
                     output format: org.apache.hadoop.hive.ql.io.HiveSequenceFileOutputFormat
@@ -1535,7 +1535,7 @@ STAGE PLANS:
             0 
             1 
           outputColumnNames: _col0
-          Statistics: Num rows: 182 Data size: 1939 Basic stats: COMPLETE Column stats: NONE
+          Statistics: Num rows: 166 Data size: 3257 Basic stats: COMPLETE Column stats: NONE
           File Output Operator
             compressed: false
             table:
@@ -1551,7 +1551,7 @@ STAGE PLANS:
               key expressions: _col0 (type: string)
               sort order: +
               Map-reduce partition columns: _col0 (type: string)
-              Statistics: Num rows: 182 Data size: 1939 Basic stats: COMPLETE Column stats: NONE
+              Statistics: Num rows: 166 Data size: 3257 Basic stats: COMPLETE Column stats: NONE
           TableScan
             alias: src
             Statistics: Num rows: 500 Data size: 5312 Basic stats: COMPLETE Column stats: NONE
@@ -1575,17 +1575,17 @@ STAGE PLANS:
             0 _col0 (type: string)
             1 _col0 (type: string)
           outputColumnNames: _col0, _col2
-          Statistics: Num rows: 200 Data size: 2132 Basic stats: COMPLETE Column stats: NONE
+          Statistics: Num rows: 182 Data size: 3582 Basic stats: COMPLETE Column stats: NONE
           Filter Operator
             predicate: _col2 is null (type: boolean)
-            Statistics: Num rows: 100 Data size: 1066 Basic stats: COMPLETE Column stats: NONE
+            Statistics: Num rows: 91 Data size: 1791 Basic stats: COMPLETE Column stats: NONE
             Select Operator
               expressions: _col0 (type: string)
               outputColumnNames: _col0
-              Statistics: Num rows: 100 Data size: 1066 Basic stats: COMPLETE Column stats: NONE
+              Statistics: Num rows: 91 Data size: 1791 Basic stats: COMPLETE Column stats: NONE
               File Output Operator
                 compressed: false
-                Statistics: Num rows: 100 Data size: 1066 Basic stats: COMPLETE Column stats: NONE
+                Statistics: Num rows: 91 Data size: 1791 Basic stats: COMPLETE Column stats: NONE
                 table:
                     input format: org.apache.hadoop.mapred.SequenceFileInputFormat
                     output format: org.apache.hadoop.hive.ql.io.HiveSequenceFileOutputFormat
diff --git a/ql/src/test/results/clientpositive/subquery_notin_having.q.out b/ql/src/test/results/clientpositive/subquery_notin_having.q.out
index c32bf25ce7..04fad3f42b 100644
--- a/ql/src/test/results/clientpositive/subquery_notin_having.q.out
+++ b/ql/src/test/results/clientpositive/subquery_notin_having.q.out
@@ -85,7 +85,7 @@ STAGE PLANS:
             0 
             1 
           outputColumnNames: _col0, _col1
-          Statistics: Num rows: 275 Data size: 2921 Basic stats: COMPLETE Column stats: NONE
+          Statistics: Num rows: 250 Data size: 4906 Basic stats: COMPLETE Column stats: NONE
           File Output Operator
             compressed: false
             table:
@@ -101,7 +101,7 @@ STAGE PLANS:
               key expressions: _col0 (type: string)
               sort order: +
               Map-reduce partition columns: _col0 (type: string)
-              Statistics: Num rows: 275 Data size: 2921 Basic stats: COMPLETE Column stats: NONE
+              Statistics: Num rows: 250 Data size: 4906 Basic stats: COMPLETE Column stats: NONE
               value expressions: _col1 (type: bigint)
           TableScan
             alias: src
@@ -126,17 +126,17 @@ STAGE PLANS:
             0 _col0 (type: string)
             1 _col0 (type: string)
           outputColumnNames: _col0, _col1, _col3
-          Statistics: Num rows: 302 Data size: 3213 Basic stats: COMPLETE Column stats: NONE
+          Statistics: Num rows: 275 Data size: 5396 Basic stats: COMPLETE Column stats: NONE
           Filter Operator
             predicate: _col3 is null (type: boolean)
-            Statistics: Num rows: 151 Data size: 1606 Basic stats: COMPLETE Column stats: NONE
+            Statistics: Num rows: 137 Data size: 2688 Basic stats: COMPLETE Column stats: NONE
             Select Operator
               expressions: _col0 (type: string), _col1 (type: bigint)
               outputColumnNames: _col0, _col1
-              Statistics: Num rows: 151 Data size: 1606 Basic stats: COMPLETE Column stats: NONE
+              Statistics: Num rows: 137 Data size: 2688 Basic stats: COMPLETE Column stats: NONE
               File Output Operator
                 compressed: false
-                Statistics: Num rows: 151 Data size: 1606 Basic stats: COMPLETE Column stats: NONE
+                Statistics: Num rows: 137 Data size: 2688 Basic stats: COMPLETE Column stats: NONE
                 table:
                     input format: org.apache.hadoop.mapred.SequenceFileInputFormat
                     output format: org.apache.hadoop.hive.ql.io.HiveSequenceFileOutputFormat
@@ -275,7 +275,7 @@ STAGE PLANS:
             0 
             1 
           outputColumnNames: _col0, _col1
-          Statistics: Num rows: 14 Data size: 1730 Basic stats: COMPLETE Column stats: NONE
+          Statistics: Num rows: 13 Data size: 1898 Basic stats: COMPLETE Column stats: NONE
           File Output Operator
             compressed: false
             table:
@@ -291,7 +291,7 @@ STAGE PLANS:
               key expressions: _col0 (type: string), _col1 (type: double)
               sort order: ++
               Map-reduce partition columns: _col0 (type: string), _col1 (type: double)
-              Statistics: Num rows: 14 Data size: 1730 Basic stats: COMPLETE Column stats: NONE
+              Statistics: Num rows: 13 Data size: 1898 Basic stats: COMPLETE Column stats: NONE
           TableScan
             Reduce Output Operator
               key expressions: _col0 (type: string), _col1 (type: double)
@@ -306,17 +306,17 @@ STAGE PLANS:
             0 _col0 (type: string), _col1 (type: double)
             1 _col0 (type: string), _col1 (type: double)
           outputColumnNames: _col0, _col1, _col3
-          Statistics: Num rows: 15 Data size: 1903 Basic stats: COMPLETE Column stats: NONE
+          Statistics: Num rows: 14 Data size: 2087 Basic stats: COMPLETE Column stats: NONE
           Filter Operator
             predicate: _col3 is null (type: boolean)
-            Statistics: Num rows: 7 Data size: 888 Basic stats: COMPLETE Column stats: NONE
+            Statistics: Num rows: 7 Data size: 1043 Basic stats: COMPLETE Column stats: NONE
             Select Operator
               expressions: _col0 (type: string), _col1 (type: double)
               outputColumnNames: _col0, _col1
-              Statistics: Num rows: 7 Data size: 888 Basic stats: COMPLETE Column stats: NONE
+              Statistics: Num rows: 7 Data size: 1043 Basic stats: COMPLETE Column stats: NONE
               File Output Operator
                 compressed: false
-                Statistics: Num rows: 7 Data size: 888 Basic stats: COMPLETE Column stats: NONE
+                Statistics: Num rows: 7 Data size: 1043 Basic stats: COMPLETE Column stats: NONE
                 table:
                     input format: org.apache.hadoop.mapred.SequenceFileInputFormat
                     output format: org.apache.hadoop.hive.ql.io.HiveSequenceFileOutputFormat
@@ -559,7 +559,7 @@ STAGE PLANS:
             0 
             1 
           outputColumnNames: _col0, _col1
-          Statistics: Num rows: 14 Data size: 1730 Basic stats: COMPLETE Column stats: NONE
+          Statistics: Num rows: 13 Data size: 1898 Basic stats: COMPLETE Column stats: NONE
           File Output Operator
             compressed: false
             table:
@@ -575,7 +575,7 @@ STAGE PLANS:
               key expressions: _col0 (type: string)
               sort order: +
               Map-reduce partition columns: _col0 (type: string)
-              Statistics: Num rows: 14 Data size: 1730 Basic stats: COMPLETE Column stats: NONE
+              Statistics: Num rows: 13 Data size: 1898 Basic stats: COMPLETE Column stats: NONE
               value expressions: _col1 (type: double)
           TableScan
             Reduce Output Operator
@@ -591,17 +591,17 @@ STAGE PLANS:
             0 _col0 (type: string)
             1 _col0 (type: string)
           outputColumnNames: _col0, _col1, _col3
-          Statistics: Num rows: 15 Data size: 1903 Basic stats: COMPLETE Column stats: NONE
+          Statistics: Num rows: 14 Data size: 2087 Basic stats: COMPLETE Column stats: NONE
           Filter Operator
             predicate: _col3 is null (type: boolean)
-            Statistics: Num rows: 7 Data size: 888 Basic stats: COMPLETE Column stats: NONE
+            Statistics: Num rows: 7 Data size: 1043 Basic stats: COMPLETE Column stats: NONE
             Select Operator
               expressions: _col0 (type: string), _col1 (type: double)
               outputColumnNames: _col0, _col1
-              Statistics: Num rows: 7 Data size: 888 Basic stats: COMPLETE Column stats: NONE
+              Statistics: Num rows: 7 Data size: 1043 Basic stats: COMPLETE Column stats: NONE
               File Output Operator
                 compressed: false
-                Statistics: Num rows: 7 Data size: 888 Basic stats: COMPLETE Column stats: NONE
+                Statistics: Num rows: 7 Data size: 1043 Basic stats: COMPLETE Column stats: NONE
                 table:
                     input format: org.apache.hadoop.mapred.SequenceFileInputFormat
                     output format: org.apache.hadoop.hive.ql.io.HiveSequenceFileOutputFormat
diff --git a/ql/src/test/results/clientpositive/subquery_unqual_corr_expr.q.out b/ql/src/test/results/clientpositive/subquery_unqual_corr_expr.q.out
index ab20c2897b..126f2656ad 100644
--- a/ql/src/test/results/clientpositive/subquery_unqual_corr_expr.q.out
+++ b/ql/src/test/results/clientpositive/subquery_unqual_corr_expr.q.out
@@ -166,7 +166,7 @@ STAGE PLANS:
             0 
             1 
           outputColumnNames: _col0, _col1
-          Statistics: Num rows: 550 Data size: 5843 Basic stats: COMPLETE Column stats: NONE
+          Statistics: Num rows: 500 Data size: 9812 Basic stats: COMPLETE Column stats: NONE
           File Output Operator
             compressed: false
             table:
@@ -182,7 +182,7 @@ STAGE PLANS:
               key expressions: concat(_col0, _col1) (type: string)
               sort order: +
               Map-reduce partition columns: concat(_col0, _col1) (type: string)
-              Statistics: Num rows: 550 Data size: 5843 Basic stats: COMPLETE Column stats: NONE
+              Statistics: Num rows: 500 Data size: 9812 Basic stats: COMPLETE Column stats: NONE
               value expressions: _col0 (type: string), _col1 (type: string)
           TableScan
             alias: src
@@ -204,17 +204,17 @@ STAGE PLANS:
             0 concat(_col0, _col1) (type: string)
             1 _col0 (type: string)
           outputColumnNames: _col0, _col1, _col5
-          Statistics: Num rows: 605 Data size: 6427 Basic stats: COMPLETE Column stats: NONE
+          Statistics: Num rows: 550 Data size: 10793 Basic stats: COMPLETE Column stats: NONE
           Filter Operator
             predicate: _col5 is null (type: boolean)
-            Statistics: Num rows: 302 Data size: 3208 Basic stats: COMPLETE Column stats: NONE
+            Statistics: Num rows: 275 Data size: 5396 Basic stats: COMPLETE Column stats: NONE
             Select Operator
               expressions: _col0 (type: string), _col1 (type: string)
               outputColumnNames: _col0, _col1
-              Statistics: Num rows: 302 Data size: 3208 Basic stats: COMPLETE Column stats: NONE
+              Statistics: Num rows: 275 Data size: 5396 Basic stats: COMPLETE Column stats: NONE
               File Output Operator
                 compressed: false
-                Statistics: Num rows: 302 Data size: 3208 Basic stats: COMPLETE Column stats: NONE
+                Statistics: Num rows: 275 Data size: 5396 Basic stats: COMPLETE Column stats: NONE
                 table:
                     input format: org.apache.hadoop.mapred.SequenceFileInputFormat
                     output format: org.apache.hadoop.hive.ql.io.HiveSequenceFileOutputFormat
diff --git a/ql/src/test/results/clientpositive/subquery_unqualcolumnrefs.q.out b/ql/src/test/results/clientpositive/subquery_unqualcolumnrefs.q.out
index f9b1bfebe3..240bc3069e 100644
--- a/ql/src/test/results/clientpositive/subquery_unqualcolumnrefs.q.out
+++ b/ql/src/test/results/clientpositive/subquery_unqualcolumnrefs.q.out
@@ -919,7 +919,7 @@ STAGE PLANS:
             0 
             1 
           outputColumnNames: _col0, _col1, _col2
-          Statistics: Num rows: 28 Data size: 3461 Basic stats: COMPLETE Column stats: NONE
+          Statistics: Num rows: 26 Data size: 3381 Basic stats: COMPLETE Column stats: NONE
           File Output Operator
             compressed: false
             table:
@@ -935,7 +935,7 @@ STAGE PLANS:
               key expressions: _col0 (type: string), _col1 (type: string)
               sort order: ++
               Map-reduce partition columns: _col0 (type: string), _col1 (type: string)
-              Statistics: Num rows: 28 Data size: 3461 Basic stats: COMPLETE Column stats: NONE
+              Statistics: Num rows: 26 Data size: 3381 Basic stats: COMPLETE Column stats: NONE
               value expressions: _col2 (type: int)
           TableScan
             Reduce Output Operator
@@ -951,17 +951,17 @@ STAGE PLANS:
             0 _col0 (type: string), _col1 (type: string)
             1 _col0 (type: string), _col1 (type: string)
           outputColumnNames: _col0, _col1, _col2, _col4
-          Statistics: Num rows: 30 Data size: 3807 Basic stats: COMPLETE Column stats: NONE
+          Statistics: Num rows: 28 Data size: 3719 Basic stats: COMPLETE Column stats: NONE
           Filter Operator
             predicate: _col4 is null (type: boolean)
-            Statistics: Num rows: 15 Data size: 1903 Basic stats: COMPLETE Column stats: NONE
+            Statistics: Num rows: 14 Data size: 1859 Basic stats: COMPLETE Column stats: NONE
             Select Operator
               expressions: _col1 (type: string), _col0 (type: string), _col2 (type: int)
               outputColumnNames: _col0, _col1, _col2
-              Statistics: Num rows: 15 Data size: 1903 Basic stats: COMPLETE Column stats: NONE
+              Statistics: Num rows: 14 Data size: 1859 Basic stats: COMPLETE Column stats: NONE
               File Output Operator
                 compressed: false
-                Statistics: Num rows: 15 Data size: 1903 Basic stats: COMPLETE Column stats: NONE
+                Statistics: Num rows: 14 Data size: 1859 Basic stats: COMPLETE Column stats: NONE
                 table:
                     input format: org.apache.hadoop.mapred.SequenceFileInputFormat
                     output format: org.apache.hadoop.hive.ql.io.HiveSequenceFileOutputFormat
diff --git a/ql/src/test/results/clientpositive/subquery_views.q.out b/ql/src/test/results/clientpositive/subquery_views.q.out
index e10b256899..39f3927c74 100644
--- a/ql/src/test/results/clientpositive/subquery_views.q.out
+++ b/ql/src/test/results/clientpositive/subquery_views.q.out
@@ -199,7 +199,7 @@ STAGE PLANS:
             0 
             1 
           outputColumnNames: _col0, _col1
-          Statistics: Num rows: 182 Data size: 1939 Basic stats: COMPLETE Column stats: NONE
+          Statistics: Num rows: 166 Data size: 3257 Basic stats: COMPLETE Column stats: NONE
           File Output Operator
             compressed: false
             table:
@@ -215,7 +215,7 @@ STAGE PLANS:
               key expressions: _col0 (type: string), _col1 (type: string), _col0 (type: string)
               sort order: +++
               Map-reduce partition columns: _col0 (type: string), _col1 (type: string), _col0 (type: string)
-              Statistics: Num rows: 182 Data size: 1939 Basic stats: COMPLETE Column stats: NONE
+              Statistics: Num rows: 166 Data size: 3257 Basic stats: COMPLETE Column stats: NONE
           TableScan
             alias: a
             Statistics: Num rows: 500 Data size: 5312 Basic stats: COMPLETE Column stats: NONE
@@ -239,14 +239,14 @@ STAGE PLANS:
             0 _col0 (type: string), _col1 (type: string), _col0 (type: string)
             1 _col0 (type: string), _col1 (type: string), _col2 (type: string)
           outputColumnNames: _col0, _col1, _col3
-          Statistics: Num rows: 200 Data size: 2132 Basic stats: COMPLETE Column stats: NONE
+          Statistics: Num rows: 182 Data size: 3582 Basic stats: COMPLETE Column stats: NONE
           Filter Operator
             predicate: _col3 is null (type: boolean)
-            Statistics: Num rows: 100 Data size: 1066 Basic stats: COMPLETE Column stats: NONE
+            Statistics: Num rows: 91 Data size: 1791 Basic stats: COMPLETE Column stats: NONE
             Select Operator
               expressions: _col0 (type: string), _col1 (type: string)
               outputColumnNames: _col0, _col1
-              Statistics: Num rows: 100 Data size: 1066 Basic stats: COMPLETE Column stats: NONE
+              Statistics: Num rows: 91 Data size: 1791 Basic stats: COMPLETE Column stats: NONE
               File Output Operator
                 compressed: false
                 table:
@@ -262,14 +262,14 @@ STAGE PLANS:
               key expressions: _col0 (type: string)
               sort order: +
               Map-reduce partition columns: _col0 (type: string)
-              Statistics: Num rows: 100 Data size: 1066 Basic stats: COMPLETE Column stats: NONE
+              Statistics: Num rows: 91 Data size: 1791 Basic stats: COMPLETE Column stats: NONE
               value expressions: _col1 (type: string)
           TableScan
             Reduce Output Operator
               key expressions: _col0 (type: string)
               sort order: +
               Map-reduce partition columns: _col0 (type: string)
-              Statistics: Num rows: 100 Data size: 1066 Basic stats: COMPLETE Column stats: NONE
+              Statistics: Num rows: 91 Data size: 1791 Basic stats: COMPLETE Column stats: NONE
       Reduce Operator Tree:
         Join Operator
           condition map:
@@ -278,10 +278,10 @@ STAGE PLANS:
             0 _col0 (type: string)
             1 _col0 (type: string)
           outputColumnNames: _col0, _col1
-          Statistics: Num rows: 110 Data size: 1172 Basic stats: COMPLETE Column stats: NONE
+          Statistics: Num rows: 100 Data size: 1970 Basic stats: COMPLETE Column stats: NONE
           File Output Operator
             compressed: false
-            Statistics: Num rows: 110 Data size: 1172 Basic stats: COMPLETE Column stats: NONE
+            Statistics: Num rows: 100 Data size: 1970 Basic stats: COMPLETE Column stats: NONE
             table:
                 input format: org.apache.hadoop.mapred.SequenceFileInputFormat
                 output format: org.apache.hadoop.hive.ql.io.HiveSequenceFileOutputFormat
@@ -354,7 +354,7 @@ STAGE PLANS:
             0 
             1 
           outputColumnNames: _col0, _col1
-          Statistics: Num rows: 182 Data size: 1939 Basic stats: COMPLETE Column stats: NONE
+          Statistics: Num rows: 166 Data size: 3257 Basic stats: COMPLETE Column stats: NONE
           File Output Operator
             compressed: false
             table:
@@ -370,7 +370,7 @@ STAGE PLANS:
               key expressions: _col0 (type: string), _col1 (type: string), _col0 (type: string)
               sort order: +++
               Map-reduce partition columns: _col0 (type: string), _col1 (type: string), _col0 (type: string)
-              Statistics: Num rows: 182 Data size: 1939 Basic stats: COMPLETE Column stats: NONE
+              Statistics: Num rows: 166 Data size: 3257 Basic stats: COMPLETE Column stats: NONE
           TableScan
             alias: a
             Statistics: Num rows: 500 Data size: 5312 Basic stats: COMPLETE Column stats: NONE
@@ -394,19 +394,19 @@ STAGE PLANS:
             0 _col0 (type: string), _col1 (type: string), _col0 (type: string)
             1 _col0 (type: string), _col1 (type: string), _col2 (type: string)
           outputColumnNames: _col0, _col3
-          Statistics: Num rows: 200 Data size: 2132 Basic stats: COMPLETE Column stats: NONE
+          Statistics: Num rows: 182 Data size: 3582 Basic stats: COMPLETE Column stats: NONE
           Filter Operator
             predicate: _col3 is null (type: boolean)
-            Statistics: Num rows: 100 Data size: 1066 Basic stats: COMPLETE Column stats: NONE
+            Statistics: Num rows: 91 Data size: 1791 Basic stats: COMPLETE Column stats: NONE
             Select Operator
               expressions: _col0 (type: string)
               outputColumnNames: _col0
-              Statistics: Num rows: 100 Data size: 1066 Basic stats: COMPLETE Column stats: NONE
+              Statistics: Num rows: 91 Data size: 1791 Basic stats: COMPLETE Column stats: NONE
               Group By Operator
                 keys: _col0 (type: string)
                 mode: hash
                 outputColumnNames: _col0
-                Statistics: Num rows: 100 Data size: 1066 Basic stats: COMPLETE Column stats: NONE
+                Statistics: Num rows: 91 Data size: 1791 Basic stats: COMPLETE Column stats: NONE
                 File Output Operator
                   compressed: false
                   table:
diff --git a/ql/src/test/results/clientpositive/tez/auto_join0.q.out b/ql/src/test/results/clientpositive/tez/auto_join0.q.out
index 7e0666516c..6d3f944fca 100644
--- a/ql/src/test/results/clientpositive/tez/auto_join0.q.out
+++ b/ql/src/test/results/clientpositive/tez/auto_join0.q.out
@@ -87,17 +87,17 @@ STAGE PLANS:
                   outputColumnNames: _col0, _col1, _col2, _col3
                   input vertices:
                     1 Reducer 6
-                  Statistics: Num rows: 182 Data size: 1939 Basic stats: COMPLETE Column stats: NONE
+                  Statistics: Num rows: 27556 Data size: 612872 Basic stats: COMPLETE Column stats: NONE
                   Reduce Output Operator
                     key expressions: _col0 (type: string), _col1 (type: string), _col2 (type: string), _col3 (type: string)
                     sort order: ++++
-                    Statistics: Num rows: 182 Data size: 1939 Basic stats: COMPLETE Column stats: NONE
+                    Statistics: Num rows: 27556 Data size: 612872 Basic stats: COMPLETE Column stats: NONE
         Reducer 3 
             Reduce Operator Tree:
               Select Operator
                 expressions: KEY.reducesinkkey0 (type: string), KEY.reducesinkkey1 (type: string), KEY.reducesinkkey2 (type: string), KEY.reducesinkkey3 (type: string)
                 outputColumnNames: _col0, _col1, _col2, _col3
-                Statistics: Num rows: 182 Data size: 1939 Basic stats: COMPLETE Column stats: NONE
+                Statistics: Num rows: 27556 Data size: 612872 Basic stats: COMPLETE Column stats: NONE
                 Group By Operator
                   aggregations: sum(hash(_col0,_col1,_col2,_col3))
                   mode: hash
diff --git a/ql/src/test/results/clientpositive/tez/auto_sortmerge_join_12.q.out b/ql/src/test/results/clientpositive/tez/auto_sortmerge_join_12.q.out
index 3b59cb8830..aefe1a7ecf 100644
--- a/ql/src/test/results/clientpositive/tez/auto_sortmerge_join_12.q.out
+++ b/ql/src/test/results/clientpositive/tez/auto_sortmerge_join_12.q.out
@@ -343,7 +343,7 @@ STAGE PLANS:
                           input vertices:
                             1 Map 5
                           Position of Big Table: 0
-                          Statistics: Num rows: 280 Data size: 28129 Basic stats: COMPLETE Column stats: NONE
+                          Statistics: Num rows: 255 Data size: 69177 Basic stats: COMPLETE Column stats: NONE
                           Group By Operator
                             aggregations: count()
                             mode: hash
diff --git a/ql/src/test/results/clientpositive/tez/cross_join.q.out b/ql/src/test/results/clientpositive/tez/cross_join.q.out
index 9d1fbccaba..83672fb122 100644
--- a/ql/src/test/results/clientpositive/tez/cross_join.q.out
+++ b/ql/src/test/results/clientpositive/tez/cross_join.q.out
@@ -49,10 +49,10 @@ STAGE PLANS:
                   0 
                   1 
                 outputColumnNames: _col0
-                Statistics: Num rows: 550 Data size: 5843 Basic stats: COMPLETE Column stats: NONE
+                Statistics: Num rows: 250000 Data size: 3906000 Basic stats: COMPLETE Column stats: NONE
                 File Output Operator
                   compressed: false
-                  Statistics: Num rows: 550 Data size: 5843 Basic stats: COMPLETE Column stats: NONE
+                  Statistics: Num rows: 250000 Data size: 3906000 Basic stats: COMPLETE Column stats: NONE
                   table:
                       input format: org.apache.hadoop.mapred.SequenceFileInputFormat
                       output format: org.apache.hadoop.hive.ql.io.HiveSequenceFileOutputFormat
@@ -115,10 +115,10 @@ STAGE PLANS:
                   0 
                   1 
                 outputColumnNames: _col0
-                Statistics: Num rows: 550 Data size: 5843 Basic stats: COMPLETE Column stats: NONE
+                Statistics: Num rows: 250000 Data size: 3906000 Basic stats: COMPLETE Column stats: NONE
                 File Output Operator
                   compressed: false
-                  Statistics: Num rows: 550 Data size: 5843 Basic stats: COMPLETE Column stats: NONE
+                  Statistics: Num rows: 250000 Data size: 3906000 Basic stats: COMPLETE Column stats: NONE
                   table:
                       input format: org.apache.hadoop.mapred.SequenceFileInputFormat
                       output format: org.apache.hadoop.hive.ql.io.HiveSequenceFileOutputFormat
@@ -241,10 +241,10 @@ STAGE PLANS:
                       outputColumnNames: _col0
                       input vertices:
                         1 Map 2
-                      Statistics: Num rows: 550 Data size: 5843 Basic stats: COMPLETE Column stats: NONE
+                      Statistics: Num rows: 250000 Data size: 3906000 Basic stats: COMPLETE Column stats: NONE
                       File Output Operator
                         compressed: false
-                        Statistics: Num rows: 550 Data size: 5843 Basic stats: COMPLETE Column stats: NONE
+                        Statistics: Num rows: 250000 Data size: 3906000 Basic stats: COMPLETE Column stats: NONE
                         table:
                             input format: org.apache.hadoop.mapred.SequenceFileInputFormat
                             output format: org.apache.hadoop.hive.ql.io.HiveSequenceFileOutputFormat
@@ -301,10 +301,10 @@ STAGE PLANS:
                       outputColumnNames: _col0
                       input vertices:
                         1 Map 2
-                      Statistics: Num rows: 550 Data size: 5843 Basic stats: COMPLETE Column stats: NONE
+                      Statistics: Num rows: 250000 Data size: 3906000 Basic stats: COMPLETE Column stats: NONE
                       File Output Operator
                         compressed: false
-                        Statistics: Num rows: 550 Data size: 5843 Basic stats: COMPLETE Column stats: NONE
+                        Statistics: Num rows: 250000 Data size: 3906000 Basic stats: COMPLETE Column stats: NONE
                         table:
                             input format: org.apache.hadoop.mapred.SequenceFileInputFormat
                             output format: org.apache.hadoop.hive.ql.io.HiveSequenceFileOutputFormat
diff --git a/ql/src/test/results/clientpositive/tez/cross_product_check_1.q.out b/ql/src/test/results/clientpositive/tez/cross_product_check_1.q.out
index bc021f569e..bc9f49ccc3 100644
--- a/ql/src/test/results/clientpositive/tez/cross_product_check_1.q.out
+++ b/ql/src/test/results/clientpositive/tez/cross_product_check_1.q.out
@@ -84,10 +84,10 @@ STAGE PLANS:
                   0 
                   1 
                 outputColumnNames: _col0, _col1, _col2, _col3
-                Statistics: Num rows: 550 Data size: 5843 Basic stats: COMPLETE Column stats: NONE
+                Statistics: Num rows: 5000 Data size: 110120 Basic stats: COMPLETE Column stats: NONE
                 File Output Operator
                   compressed: false
-                  Statistics: Num rows: 550 Data size: 5843 Basic stats: COMPLETE Column stats: NONE
+                  Statistics: Num rows: 5000 Data size: 110120 Basic stats: COMPLETE Column stats: NONE
                   table:
                       input format: org.apache.hadoop.mapred.SequenceFileInputFormat
                       output format: org.apache.hadoop.hive.ql.io.HiveSequenceFileOutputFormat
@@ -189,10 +189,10 @@ STAGE PLANS:
                   0 
                   1 
                 outputColumnNames: _col0, _col1, _col2, _col3, _col4, _col5
-                Statistics: Num rows: 550 Data size: 5843 Basic stats: COMPLETE Column stats: NONE
+                Statistics: Num rows: 5500 Data size: 120932 Basic stats: COMPLETE Column stats: NONE
                 File Output Operator
                   compressed: false
-                  Statistics: Num rows: 550 Data size: 5843 Basic stats: COMPLETE Column stats: NONE
+                  Statistics: Num rows: 5500 Data size: 120932 Basic stats: COMPLETE Column stats: NONE
                   table:
                       input format: org.apache.hadoop.mapred.SequenceFileInputFormat
                       output format: org.apache.hadoop.hive.ql.io.HiveSequenceFileOutputFormat
@@ -285,10 +285,10 @@ STAGE PLANS:
                   0 
                   1 
                 outputColumnNames: _col0, _col1, _col2
-                Statistics: Num rows: 550 Data size: 5843 Basic stats: COMPLETE Column stats: NONE
+                Statistics: Num rows: 2500 Data size: 54560 Basic stats: COMPLETE Column stats: NONE
                 File Output Operator
                   compressed: false
-                  Statistics: Num rows: 550 Data size: 5843 Basic stats: COMPLETE Column stats: NONE
+                  Statistics: Num rows: 2500 Data size: 54560 Basic stats: COMPLETE Column stats: NONE
                   table:
                       input format: org.apache.hadoop.mapred.SequenceFileInputFormat
                       output format: org.apache.hadoop.hive.ql.io.HiveSequenceFileOutputFormat
@@ -396,10 +396,10 @@ STAGE PLANS:
                   0 
                   1 
                 outputColumnNames: _col0, _col1, _col2
-                Statistics: Num rows: 550 Data size: 5843 Basic stats: COMPLETE Column stats: NONE
+                Statistics: Num rows: 25000 Data size: 675600 Basic stats: COMPLETE Column stats: NONE
                 File Output Operator
                   compressed: false
-                  Statistics: Num rows: 550 Data size: 5843 Basic stats: COMPLETE Column stats: NONE
+                  Statistics: Num rows: 25000 Data size: 675600 Basic stats: COMPLETE Column stats: NONE
                   table:
                       input format: org.apache.hadoop.mapred.SequenceFileInputFormat
                       output format: org.apache.hadoop.hive.ql.io.HiveSequenceFileOutputFormat
@@ -413,27 +413,27 @@ STAGE PLANS:
                   0 
                   1 
                 outputColumnNames: _col0
-                Statistics: Num rows: 11 Data size: 114 Basic stats: COMPLETE Column stats: NONE
+                Statistics: Num rows: 100 Data size: 1540 Basic stats: COMPLETE Column stats: NONE
                 Group By Operator
                   keys: _col0 (type: string)
                   mode: hash
                   outputColumnNames: _col0
-                  Statistics: Num rows: 11 Data size: 114 Basic stats: COMPLETE Column stats: NONE
+                  Statistics: Num rows: 100 Data size: 1540 Basic stats: COMPLETE Column stats: NONE
                   Reduce Output Operator
                     key expressions: _col0 (type: string)
                     sort order: +
                     Map-reduce partition columns: _col0 (type: string)
-                    Statistics: Num rows: 11 Data size: 114 Basic stats: COMPLETE Column stats: NONE
+                    Statistics: Num rows: 100 Data size: 1540 Basic stats: COMPLETE Column stats: NONE
         Reducer 5 
             Reduce Operator Tree:
               Group By Operator
                 keys: KEY._col0 (type: string)
                 mode: mergepartial
                 outputColumnNames: _col0
-                Statistics: Num rows: 5 Data size: 51 Basic stats: COMPLETE Column stats: NONE
+                Statistics: Num rows: 50 Data size: 770 Basic stats: COMPLETE Column stats: NONE
                 Reduce Output Operator
                   sort order: 
-                  Statistics: Num rows: 5 Data size: 51 Basic stats: COMPLETE Column stats: NONE
+                  Statistics: Num rows: 50 Data size: 770 Basic stats: COMPLETE Column stats: NONE
                   value expressions: _col0 (type: string)
 
   Stage: Stage-0
@@ -539,10 +539,10 @@ STAGE PLANS:
                   0 
                   1 
                 outputColumnNames: _col0, _col1
-                Statistics: Num rows: 275 Data size: 2921 Basic stats: COMPLETE Column stats: NONE
+                Statistics: Num rows: 1250 Data size: 27280 Basic stats: COMPLETE Column stats: NONE
                 File Output Operator
                   compressed: false
-                  Statistics: Num rows: 275 Data size: 2921 Basic stats: COMPLETE Column stats: NONE
+                  Statistics: Num rows: 1250 Data size: 27280 Basic stats: COMPLETE Column stats: NONE
                   table:
                       input format: org.apache.hadoop.mapred.SequenceFileInputFormat
                       output format: org.apache.hadoop.hive.ql.io.HiveSequenceFileOutputFormat
diff --git a/ql/src/test/results/clientpositive/tez/cross_product_check_2.q.out b/ql/src/test/results/clientpositive/tez/cross_product_check_2.q.out
index b349de5e26..d462c79223 100644
--- a/ql/src/test/results/clientpositive/tez/cross_product_check_2.q.out
+++ b/ql/src/test/results/clientpositive/tez/cross_product_check_2.q.out
@@ -67,10 +67,10 @@ STAGE PLANS:
                       outputColumnNames: _col0, _col1, _col2, _col3
                       input vertices:
                         1 Map 2
-                      Statistics: Num rows: 550 Data size: 5843 Basic stats: COMPLETE Column stats: NONE
+                      Statistics: Num rows: 5000 Data size: 106120 Basic stats: COMPLETE Column stats: NONE
                       File Output Operator
                         compressed: false
-                        Statistics: Num rows: 550 Data size: 5843 Basic stats: COMPLETE Column stats: NONE
+                        Statistics: Num rows: 5000 Data size: 106120 Basic stats: COMPLETE Column stats: NONE
                         table:
                             input format: org.apache.hadoop.mapred.SequenceFileInputFormat
                             output format: org.apache.hadoop.hive.ql.io.HiveSequenceFileOutputFormat
@@ -176,10 +176,10 @@ STAGE PLANS:
                       outputColumnNames: _col0, _col1, _col2, _col3, _col4, _col5
                       input vertices:
                         0 Map 1
-                      Statistics: Num rows: 550 Data size: 5843 Basic stats: COMPLETE Column stats: NONE
+                      Statistics: Num rows: 5500 Data size: 116432 Basic stats: COMPLETE Column stats: NONE
                       File Output Operator
                         compressed: false
-                        Statistics: Num rows: 550 Data size: 5843 Basic stats: COMPLETE Column stats: NONE
+                        Statistics: Num rows: 5500 Data size: 116432 Basic stats: COMPLETE Column stats: NONE
                         table:
                             input format: org.apache.hadoop.mapred.SequenceFileInputFormat
                             output format: org.apache.hadoop.hive.ql.io.HiveSequenceFileOutputFormat
@@ -234,10 +234,10 @@ STAGE PLANS:
                       outputColumnNames: _col0, _col1, _col2
                       input vertices:
                         1 Reducer 3
-                      Statistics: Num rows: 550 Data size: 5843 Basic stats: COMPLETE Column stats: NONE
+                      Statistics: Num rows: 2500 Data size: 52560 Basic stats: COMPLETE Column stats: NONE
                       File Output Operator
                         compressed: false
-                        Statistics: Num rows: 550 Data size: 5843 Basic stats: COMPLETE Column stats: NONE
+                        Statistics: Num rows: 2500 Data size: 52560 Basic stats: COMPLETE Column stats: NONE
                         table:
                             input format: org.apache.hadoop.mapred.SequenceFileInputFormat
                             output format: org.apache.hadoop.hive.ql.io.HiveSequenceFileOutputFormat
@@ -348,10 +348,10 @@ STAGE PLANS:
                       outputColumnNames: _col0, _col1, _col2
                       input vertices:
                         1 Reducer 3
-                      Statistics: Num rows: 550 Data size: 5843 Basic stats: COMPLETE Column stats: NONE
+                      Statistics: Num rows: 25000 Data size: 655600 Basic stats: COMPLETE Column stats: NONE
                       File Output Operator
                         compressed: false
-                        Statistics: Num rows: 550 Data size: 5843 Basic stats: COMPLETE Column stats: NONE
+                        Statistics: Num rows: 25000 Data size: 655600 Basic stats: COMPLETE Column stats: NONE
                         table:
                             input format: org.apache.hadoop.mapred.SequenceFileInputFormat
                             output format: org.apache.hadoop.hive.ql.io.HiveSequenceFileOutputFormat
@@ -374,17 +374,17 @@ STAGE PLANS:
                       outputColumnNames: _col0
                       input vertices:
                         1 Map 4
-                      Statistics: Num rows: 11 Data size: 105 Basic stats: COMPLETE Column stats: NONE
+                      Statistics: Num rows: 100 Data size: 1460 Basic stats: COMPLETE Column stats: NONE
                       Group By Operator
                         keys: _col0 (type: string)
                         mode: hash
                         outputColumnNames: _col0
-                        Statistics: Num rows: 11 Data size: 105 Basic stats: COMPLETE Column stats: NONE
+                        Statistics: Num rows: 100 Data size: 1460 Basic stats: COMPLETE Column stats: NONE
                         Reduce Output Operator
                           key expressions: _col0 (type: string)
                           sort order: +
                           Map-reduce partition columns: _col0 (type: string)
-                          Statistics: Num rows: 11 Data size: 105 Basic stats: COMPLETE Column stats: NONE
+                          Statistics: Num rows: 100 Data size: 1460 Basic stats: COMPLETE Column stats: NONE
         Map 4 
             Map Operator Tree:
                 TableScan
@@ -401,10 +401,10 @@ STAGE PLANS:
                 keys: KEY._col0 (type: string)
                 mode: mergepartial
                 outputColumnNames: _col0
-                Statistics: Num rows: 5 Data size: 47 Basic stats: COMPLETE Column stats: NONE
+                Statistics: Num rows: 50 Data size: 730 Basic stats: COMPLETE Column stats: NONE
                 Reduce Output Operator
                   sort order: 
-                  Statistics: Num rows: 5 Data size: 47 Basic stats: COMPLETE Column stats: NONE
+                  Statistics: Num rows: 50 Data size: 730 Basic stats: COMPLETE Column stats: NONE
                   value expressions: _col0 (type: string)
 
   Stage: Stage-0
@@ -521,10 +521,10 @@ STAGE PLANS:
                   outputColumnNames: _col0, _col1
                   input vertices:
                     1 Reducer 4
-                  Statistics: Num rows: 275 Data size: 2921 Basic stats: COMPLETE Column stats: NONE
+                  Statistics: Num rows: 1250 Data size: 26280 Basic stats: COMPLETE Column stats: NONE
                   File Output Operator
                     compressed: false
-                    Statistics: Num rows: 275 Data size: 2921 Basic stats: COMPLETE Column stats: NONE
+                    Statistics: Num rows: 1250 Data size: 26280 Basic stats: COMPLETE Column stats: NONE
                     table:
                         input format: org.apache.hadoop.mapred.SequenceFileInputFormat
                         output format: org.apache.hadoop.hive.ql.io.HiveSequenceFileOutputFormat
diff --git a/ql/src/test/results/clientpositive/tez/cte_mat_1.q.out b/ql/src/test/results/clientpositive/tez/cte_mat_1.q.out
index 369cd575a2..7101f91a95 100644
--- a/ql/src/test/results/clientpositive/tez/cte_mat_1.q.out
+++ b/ql/src/test/results/clientpositive/tez/cte_mat_1.q.out
@@ -22,9 +22,9 @@ Stage-0
     Stage-1
       Reducer 2
       File Output Operator [FS_10]
-        Select Operator [SEL_9] (rows=275 width=10)
+        Select Operator [SEL_9] (rows=62500 width=22)
           Output:["_col0"]
-          Merge Join Operator [MERGEJOIN_13] (rows=275 width=10)
+          Merge Join Operator [MERGEJOIN_13] (rows=62500 width=22)
             Conds:(Inner)
           <-Map 1 [SIMPLE_EDGE]
             SHUFFLE [RS_6]
diff --git a/ql/src/test/results/clientpositive/tez/cte_mat_2.q.out b/ql/src/test/results/clientpositive/tez/cte_mat_2.q.out
index 369cd575a2..7101f91a95 100644
--- a/ql/src/test/results/clientpositive/tez/cte_mat_2.q.out
+++ b/ql/src/test/results/clientpositive/tez/cte_mat_2.q.out
@@ -22,9 +22,9 @@ Stage-0
     Stage-1
       Reducer 2
       File Output Operator [FS_10]
-        Select Operator [SEL_9] (rows=275 width=10)
+        Select Operator [SEL_9] (rows=62500 width=22)
           Output:["_col0"]
-          Merge Join Operator [MERGEJOIN_13] (rows=275 width=10)
+          Merge Join Operator [MERGEJOIN_13] (rows=62500 width=22)
             Conds:(Inner)
           <-Map 1 [SIMPLE_EDGE]
             SHUFFLE [RS_6]
diff --git a/ql/src/test/results/clientpositive/tez/explainuser_1.q.out b/ql/src/test/results/clientpositive/tez/explainuser_1.q.out
index 84f2044eca..1871c7e443 100644
--- a/ql/src/test/results/clientpositive/tez/explainuser_1.q.out
+++ b/ql/src/test/results/clientpositive/tez/explainuser_1.q.out
@@ -264,11 +264,11 @@ Stage-0
           SHUFFLE [RS_14]
             Group By Operator [GBY_13] (rows=1 width=8)
               Output:["_col0"],aggregations:["sum(hash(_col0,_col1,_col2,_col3))"]
-              Select Operator [SEL_11] (rows=182 width=10)
+              Select Operator [SEL_11] (rows=27556 width=22)
                 Output:["_col0","_col1","_col2","_col3"]
               <-Map 1 [SIMPLE_EDGE]
                 SHUFFLE [RS_10]
-                  Map Join Operator [MAPJOIN_20] (rows=182 width=10)
+                  Map Join Operator [MAPJOIN_20] (rows=27556 width=22)
                     Conds:(Inner),Output:["_col0","_col1","_col2","_col3"]
                   <-Map 4 [BROADCAST_EDGE]
                     BROADCAST [RS_7]
diff --git a/ql/src/test/results/clientpositive/tez/hybridgrace_hashjoin_1.q.out b/ql/src/test/results/clientpositive/tez/hybridgrace_hashjoin_1.q.out
index 25bd48f27a..575d3dad4c 100644
--- a/ql/src/test/results/clientpositive/tez/hybridgrace_hashjoin_1.q.out
+++ b/ql/src/test/results/clientpositive/tez/hybridgrace_hashjoin_1.q.out
@@ -1294,14 +1294,14 @@ STAGE PLANS:
                         outputColumnNames: _col0, _col2
                         input vertices:
                           1 Map 2
-                        Statistics: Num rows: 6758 Data size: 1190783 Basic stats: COMPLETE Column stats: NONE
+                        Statistics: Num rows: 37748736 Data size: 13339877376 Basic stats: COMPLETE Column stats: NONE
                         Select Operator
                           expressions: 6981 (type: int), 6981 (type: int), _col0 (type: decimal(20,10)), _col2 (type: decimal(23,14))
                           outputColumnNames: _col0, _col1, _col2, _col3
-                          Statistics: Num rows: 6758 Data size: 1190783 Basic stats: COMPLETE Column stats: NONE
+                          Statistics: Num rows: 37748736 Data size: 13339877376 Basic stats: COMPLETE Column stats: NONE
                           File Output Operator
                             compressed: false
-                            Statistics: Num rows: 6758 Data size: 1190783 Basic stats: COMPLETE Column stats: NONE
+                            Statistics: Num rows: 37748736 Data size: 13339877376 Basic stats: COMPLETE Column stats: NONE
                             table:
                                 input format: org.apache.hadoop.mapred.SequenceFileInputFormat
                                 output format: org.apache.hadoop.hive.ql.io.HiveSequenceFileOutputFormat
@@ -1490,14 +1490,14 @@ STAGE PLANS:
                         outputColumnNames: _col0, _col2
                         input vertices:
                           1 Map 2
-                        Statistics: Num rows: 6758 Data size: 1190783 Basic stats: COMPLETE Column stats: NONE
+                        Statistics: Num rows: 37748736 Data size: 13339877376 Basic stats: COMPLETE Column stats: NONE
                         Select Operator
                           expressions: 6981 (type: int), 6981 (type: int), _col0 (type: decimal(20,10)), _col2 (type: decimal(23,14))
                           outputColumnNames: _col0, _col1, _col2, _col3
-                          Statistics: Num rows: 6758 Data size: 1190783 Basic stats: COMPLETE Column stats: NONE
+                          Statistics: Num rows: 37748736 Data size: 13339877376 Basic stats: COMPLETE Column stats: NONE
                           File Output Operator
                             compressed: false
-                            Statistics: Num rows: 6758 Data size: 1190783 Basic stats: COMPLETE Column stats: NONE
+                            Statistics: Num rows: 37748736 Data size: 13339877376 Basic stats: COMPLETE Column stats: NONE
                             table:
                                 input format: org.apache.hadoop.mapred.SequenceFileInputFormat
                                 output format: org.apache.hadoop.hive.ql.io.HiveSequenceFileOutputFormat
diff --git a/ql/src/test/results/clientpositive/tez/join0.q.out b/ql/src/test/results/clientpositive/tez/join0.q.out
index 67d71d5bee..7d3122a5d6 100644
--- a/ql/src/test/results/clientpositive/tez/join0.q.out
+++ b/ql/src/test/results/clientpositive/tez/join0.q.out
@@ -73,20 +73,20 @@ STAGE PLANS:
                   0 
                   1 
                 outputColumnNames: _col0, _col1, _col2, _col3
-                Statistics: Num rows: 182 Data size: 1939 Basic stats: COMPLETE Column stats: NONE
+                Statistics: Num rows: 27556 Data size: 612872 Basic stats: COMPLETE Column stats: NONE
                 Reduce Output Operator
                   key expressions: _col0 (type: string), _col1 (type: string), _col2 (type: string), _col3 (type: string)
                   sort order: ++++
-                  Statistics: Num rows: 182 Data size: 1939 Basic stats: COMPLETE Column stats: NONE
+                  Statistics: Num rows: 27556 Data size: 612872 Basic stats: COMPLETE Column stats: NONE
         Reducer 3 
             Reduce Operator Tree:
               Select Operator
                 expressions: KEY.reducesinkkey0 (type: string), KEY.reducesinkkey1 (type: string), KEY.reducesinkkey2 (type: string), KEY.reducesinkkey3 (type: string)
                 outputColumnNames: _col0, _col1, _col2, _col3
-                Statistics: Num rows: 182 Data size: 1939 Basic stats: COMPLETE Column stats: NONE
+                Statistics: Num rows: 27556 Data size: 612872 Basic stats: COMPLETE Column stats: NONE
                 File Output Operator
                   compressed: false
-                  Statistics: Num rows: 182 Data size: 1939 Basic stats: COMPLETE Column stats: NONE
+                  Statistics: Num rows: 27556 Data size: 612872 Basic stats: COMPLETE Column stats: NONE
                   table:
                       input format: org.apache.hadoop.mapred.SequenceFileInputFormat
                       output format: org.apache.hadoop.hive.ql.io.HiveSequenceFileOutputFormat
diff --git a/ql/src/test/results/clientpositive/tez/optimize_nullscan.q.out b/ql/src/test/results/clientpositive/tez/optimize_nullscan.q.out
index b4423d41c3..e382802d4a 100644
--- a/ql/src/test/results/clientpositive/tez/optimize_nullscan.q.out
+++ b/ql/src/test/results/clientpositive/tez/optimize_nullscan.q.out
@@ -1214,13 +1214,13 @@ STAGE PLANS:
                   1 
                 outputColumnNames: _col0, _col1
                 Position of Big Table: 0
-                Statistics: Num rows: 1 Data size: 11 Basic stats: COMPLETE Column stats: NONE
+                Statistics: Num rows: 0 Data size: 0 Basic stats: NONE Column stats: NONE
                 File Output Operator
                   compressed: false
                   GlobalTableId: 0
 #### A masked pattern was here ####
                   NumFilesPerFileSink: 1
-                  Statistics: Num rows: 1 Data size: 11 Basic stats: COMPLETE Column stats: NONE
+                  Statistics: Num rows: 0 Data size: 0 Basic stats: NONE Column stats: NONE
 #### A masked pattern was here ####
                   table:
                       input format: org.apache.hadoop.mapred.SequenceFileInputFormat
diff --git a/ql/src/test/results/clientpositive/tez/tez_self_join.q.out b/ql/src/test/results/clientpositive/tez/tez_self_join.q.out
index 52404a06d6..1ec50488df 100644
--- a/ql/src/test/results/clientpositive/tez/tez_self_join.q.out
+++ b/ql/src/test/results/clientpositive/tez/tez_self_join.q.out
@@ -133,16 +133,16 @@ STAGE PLANS:
                   0 
                   1 
                 outputColumnNames: _col0, _col2
-                Statistics: Num rows: 1 Data size: 7 Basic stats: COMPLETE Column stats: NONE
+                Statistics: Num rows: 1 Data size: 15 Basic stats: COMPLETE Column stats: NONE
                 Select Operator
                   expressions: _col0 (type: int), _col2 (type: string)
                   outputColumnNames: _col0, _col1
-                  Statistics: Num rows: 1 Data size: 7 Basic stats: COMPLETE Column stats: NONE
+                  Statistics: Num rows: 1 Data size: 15 Basic stats: COMPLETE Column stats: NONE
                   Reduce Output Operator
                     key expressions: _col0 (type: int)
                     sort order: +
                     Map-reduce partition columns: _col0 (type: int)
-                    Statistics: Num rows: 1 Data size: 7 Basic stats: COMPLETE Column stats: NONE
+                    Statistics: Num rows: 1 Data size: 15 Basic stats: COMPLETE Column stats: NONE
                     value expressions: _col1 (type: string)
         Reducer 3 
             Reduce Operator Tree:
diff --git a/ql/src/test/results/clientpositive/tez/vector_between_columns.q.out b/ql/src/test/results/clientpositive/tez/vector_between_columns.q.out
index 939aab53ef..4f94f3e39b 100644
--- a/ql/src/test/results/clientpositive/tez/vector_between_columns.q.out
+++ b/ql/src/test/results/clientpositive/tez/vector_between_columns.q.out
@@ -106,14 +106,14 @@ STAGE PLANS:
                       outputColumnNames: _col0, _col1, _col2, _col3
                       input vertices:
                         1 Map 2
-                      Statistics: Num rows: 5 Data size: 39 Basic stats: COMPLETE Column stats: NONE
+                      Statistics: Num rows: 25 Data size: 385 Basic stats: COMPLETE Column stats: NONE
                       Select Operator
                         expressions: _col0 (type: int), _col2 (type: int), _col1 (type: int), _col3 (type: smallint), CASE WHEN (_col1 BETWEEN _col3 AND _col3) THEN ('Ok') ELSE ('NoOk') END (type: string)
                         outputColumnNames: _col0, _col1, _col2, _col3, _col4
-                        Statistics: Num rows: 5 Data size: 39 Basic stats: COMPLETE Column stats: NONE
+                        Statistics: Num rows: 25 Data size: 385 Basic stats: COMPLETE Column stats: NONE
                         File Output Operator
                           compressed: false
-                          Statistics: Num rows: 5 Data size: 39 Basic stats: COMPLETE Column stats: NONE
+                          Statistics: Num rows: 25 Data size: 385 Basic stats: COMPLETE Column stats: NONE
                           table:
                               input format: org.apache.hadoop.mapred.SequenceFileInputFormat
                               output format: org.apache.hadoop.hive.ql.io.HiveSequenceFileOutputFormat
@@ -215,17 +215,17 @@ STAGE PLANS:
                       outputColumnNames: _col0, _col1, _col2, _col3
                       input vertices:
                         1 Map 2
-                      Statistics: Num rows: 5 Data size: 39 Basic stats: COMPLETE Column stats: NONE
+                      Statistics: Num rows: 25 Data size: 385 Basic stats: COMPLETE Column stats: NONE
                       Filter Operator
                         predicate: _col1 BETWEEN _col3 AND _col3 (type: boolean)
-                        Statistics: Num rows: 2 Data size: 15 Basic stats: COMPLETE Column stats: NONE
+                        Statistics: Num rows: 12 Data size: 184 Basic stats: COMPLETE Column stats: NONE
                         Select Operator
                           expressions: _col0 (type: int), _col2 (type: int), _col1 (type: int), _col3 (type: smallint)
                           outputColumnNames: _col0, _col1, _col2, _col3
-                          Statistics: Num rows: 2 Data size: 15 Basic stats: COMPLETE Column stats: NONE
+                          Statistics: Num rows: 12 Data size: 184 Basic stats: COMPLETE Column stats: NONE
                           File Output Operator
                             compressed: false
-                            Statistics: Num rows: 2 Data size: 15 Basic stats: COMPLETE Column stats: NONE
+                            Statistics: Num rows: 12 Data size: 184 Basic stats: COMPLETE Column stats: NONE
                             table:
                                 input format: org.apache.hadoop.mapred.SequenceFileInputFormat
                                 output format: org.apache.hadoop.hive.ql.io.HiveSequenceFileOutputFormat
diff --git a/ql/src/test/results/clientpositive/tez/vector_groupby_mapjoin.q.out b/ql/src/test/results/clientpositive/tez/vector_groupby_mapjoin.q.out
index 2d5e78296c..a4fbda1bb7 100644
--- a/ql/src/test/results/clientpositive/tez/vector_groupby_mapjoin.q.out
+++ b/ql/src/test/results/clientpositive/tez/vector_groupby_mapjoin.q.out
@@ -28,15 +28,15 @@ Stage-0
     Stage-1
       Reducer 2 vectorized
       File Output Operator [FS_36]
-        Select Operator [SEL_35] (rows=302 width=10)
+        Select Operator [SEL_35] (rows=275 width=19)
           Output:["_col0","_col1"]
         <-Map 1 [SIMPLE_EDGE]
           SHUFFLE [RS_21]
-            Select Operator [SEL_20] (rows=302 width=10)
+            Select Operator [SEL_20] (rows=275 width=19)
               Output:["_col0","_col1"]
-              Filter Operator [FIL_19] (rows=302 width=10)
+              Filter Operator [FIL_19] (rows=275 width=19)
                 predicate:_col3 is null
-                Map Join Operator [MAPJOIN_28] (rows=605 width=10)
+                Map Join Operator [MAPJOIN_28] (rows=550 width=19)
                   Conds:MAPJOIN_27._col0=RS_17._col0(Left Outer),HybridGraceHashJoin:true,Output:["_col0","_col1","_col3"]
                 <-Map 5 [BROADCAST_EDGE]
                   BROADCAST [RS_17]
@@ -45,7 +45,7 @@ Stage-0
                       Output:["_col0"]
                       TableScan [TS_11] (rows=500 width=10)
                         default@src,src,Tbl:COMPLETE,Col:NONE,Output:["key"]
-                <-Map Join Operator [MAPJOIN_27] (rows=550 width=10)
+                <-Map Join Operator [MAPJOIN_27] (rows=500 width=19)
                     Conds:(Inner),Output:["_col0","_col1"]
                   <-Reducer 4 [BROADCAST_EDGE] vectorized
                     BROADCAST [RS_34]
diff --git a/ql/src/test/results/clientpositive/tez/vectorized_dynamic_partition_pruning.q.out b/ql/src/test/results/clientpositive/tez/vectorized_dynamic_partition_pruning.q.out
index 7ca9604e6b..381d05b177 100644
--- a/ql/src/test/results/clientpositive/tez/vectorized_dynamic_partition_pruning.q.out
+++ b/ql/src/test/results/clientpositive/tez/vectorized_dynamic_partition_pruning.q.out
@@ -1981,7 +1981,7 @@ STAGE PLANS:
                 keys:
                   0 
                   1 
-                Statistics: Num rows: 1100 Data size: 11686 Basic stats: COMPLETE Column stats: NONE
+                Statistics: Num rows: 500000 Data size: 11124000 Basic stats: COMPLETE Column stats: NONE
                 Group By Operator
                   aggregations: count()
                   mode: hash
@@ -2113,12 +2113,12 @@ STAGE PLANS:
                   0 
                   1 
                 outputColumnNames: _col0, _col1, _col2, _col4
-                Statistics: Num rows: 2200 Data size: 23372 Basic stats: COMPLETE Column stats: NONE
+                Statistics: Num rows: 2000 Data size: 743248 Basic stats: COMPLETE Column stats: NONE
                 Filter Operator
                   predicate: ((_col0 = _col2) or (_col1 = _col4)) (type: boolean)
-                  Statistics: Num rows: 2200 Data size: 23372 Basic stats: COMPLETE Column stats: NONE
+                  Statistics: Num rows: 2000 Data size: 743248 Basic stats: COMPLETE Column stats: NONE
                   Select Operator
-                    Statistics: Num rows: 2200 Data size: 23372 Basic stats: COMPLETE Column stats: NONE
+                    Statistics: Num rows: 2000 Data size: 743248 Basic stats: COMPLETE Column stats: NONE
                     Group By Operator
                       aggregations: count()
                       mode: hash
@@ -4516,7 +4516,7 @@ STAGE PLANS:
                       1 
                     input vertices:
                       0 Map 1
-                    Statistics: Num rows: 1100 Data size: 11686 Basic stats: COMPLETE Column stats: NONE
+                    Statistics: Num rows: 500000 Data size: 11124000 Basic stats: COMPLETE Column stats: NONE
                     Group By Operator
                       aggregations: count()
                       mode: hash
diff --git a/ql/src/test/results/clientpositive/vector_between_columns.q.out b/ql/src/test/results/clientpositive/vector_between_columns.q.out
index a1bd6c6481..0b9401d7c7 100644
--- a/ql/src/test/results/clientpositive/vector_between_columns.q.out
+++ b/ql/src/test/results/clientpositive/vector_between_columns.q.out
@@ -119,14 +119,14 @@ STAGE PLANS:
                   0 
                   1 
                 outputColumnNames: _col0, _col1, _col2, _col3
-                Statistics: Num rows: 5 Data size: 39 Basic stats: COMPLETE Column stats: NONE
+                Statistics: Num rows: 25 Data size: 385 Basic stats: COMPLETE Column stats: NONE
                 Select Operator
                   expressions: _col0 (type: int), _col2 (type: int), _col1 (type: int), _col3 (type: smallint), CASE WHEN (_col1 BETWEEN _col3 AND _col3) THEN ('Ok') ELSE ('NoOk') END (type: string)
                   outputColumnNames: _col0, _col1, _col2, _col3, _col4
-                  Statistics: Num rows: 5 Data size: 39 Basic stats: COMPLETE Column stats: NONE
+                  Statistics: Num rows: 25 Data size: 385 Basic stats: COMPLETE Column stats: NONE
                   File Output Operator
                     compressed: false
-                    Statistics: Num rows: 5 Data size: 39 Basic stats: COMPLETE Column stats: NONE
+                    Statistics: Num rows: 25 Data size: 385 Basic stats: COMPLETE Column stats: NONE
                     table:
                         input format: org.apache.hadoop.mapred.SequenceFileInputFormat
                         output format: org.apache.hadoop.hive.ql.io.HiveSequenceFileOutputFormat
@@ -229,17 +229,17 @@ STAGE PLANS:
                   0 
                   1 
                 outputColumnNames: _col0, _col1, _col2, _col3
-                Statistics: Num rows: 5 Data size: 39 Basic stats: COMPLETE Column stats: NONE
+                Statistics: Num rows: 25 Data size: 385 Basic stats: COMPLETE Column stats: NONE
                 Filter Operator
                   predicate: _col1 BETWEEN _col3 AND _col3 (type: boolean)
-                  Statistics: Num rows: 2 Data size: 15 Basic stats: COMPLETE Column stats: NONE
+                  Statistics: Num rows: 12 Data size: 184 Basic stats: COMPLETE Column stats: NONE
                   Select Operator
                     expressions: _col0 (type: int), _col2 (type: int), _col1 (type: int), _col3 (type: smallint)
                     outputColumnNames: _col0, _col1, _col2, _col3
-                    Statistics: Num rows: 2 Data size: 15 Basic stats: COMPLETE Column stats: NONE
+                    Statistics: Num rows: 12 Data size: 184 Basic stats: COMPLETE Column stats: NONE
                     File Output Operator
                       compressed: false
-                      Statistics: Num rows: 2 Data size: 15 Basic stats: COMPLETE Column stats: NONE
+                      Statistics: Num rows: 12 Data size: 184 Basic stats: COMPLETE Column stats: NONE
                       table:
                           input format: org.apache.hadoop.mapred.SequenceFileInputFormat
                           output format: org.apache.hadoop.hive.ql.io.HiveSequenceFileOutputFormat
diff --git a/ql/src/test/results/clientpositive/vector_groupby_mapjoin.q.out b/ql/src/test/results/clientpositive/vector_groupby_mapjoin.q.out
index 55262defeb..34686572c5 100644
--- a/ql/src/test/results/clientpositive/vector_groupby_mapjoin.q.out
+++ b/ql/src/test/results/clientpositive/vector_groupby_mapjoin.q.out
@@ -106,7 +106,7 @@ STAGE PLANS:
                 0 
                 1 
               outputColumnNames: _col0, _col1
-              Statistics: Num rows: 550 Data size: 5843 Basic stats: COMPLETE Column stats: NONE
+              Statistics: Num rows: 500 Data size: 9812 Basic stats: COMPLETE Column stats: NONE
               Map Join Operator
                 condition map:
                      Left Outer Join0 to 1
@@ -114,18 +114,18 @@ STAGE PLANS:
                   0 _col0 (type: string)
                   1 _col0 (type: string)
                 outputColumnNames: _col0, _col1, _col3
-                Statistics: Num rows: 605 Data size: 6427 Basic stats: COMPLETE Column stats: NONE
+                Statistics: Num rows: 550 Data size: 10793 Basic stats: COMPLETE Column stats: NONE
                 Filter Operator
                   predicate: _col3 is null (type: boolean)
-                  Statistics: Num rows: 302 Data size: 3208 Basic stats: COMPLETE Column stats: NONE
+                  Statistics: Num rows: 275 Data size: 5396 Basic stats: COMPLETE Column stats: NONE
                   Select Operator
                     expressions: _col0 (type: string), _col1 (type: string)
                     outputColumnNames: _col0, _col1
-                    Statistics: Num rows: 302 Data size: 3208 Basic stats: COMPLETE Column stats: NONE
+                    Statistics: Num rows: 275 Data size: 5396 Basic stats: COMPLETE Column stats: NONE
                     Reduce Output Operator
                       key expressions: _col0 (type: string)
                       sort order: +
-                      Statistics: Num rows: 302 Data size: 3208 Basic stats: COMPLETE Column stats: NONE
+                      Statistics: Num rows: 275 Data size: 5396 Basic stats: COMPLETE Column stats: NONE
                       value expressions: _col1 (type: string)
       Local Work:
         Map Reduce Local Work
@@ -133,10 +133,10 @@ STAGE PLANS:
         Select Operator
           expressions: KEY.reducesinkkey0 (type: string), VALUE._col0 (type: string)
           outputColumnNames: _col0, _col1
-          Statistics: Num rows: 302 Data size: 3208 Basic stats: COMPLETE Column stats: NONE
+          Statistics: Num rows: 275 Data size: 5396 Basic stats: COMPLETE Column stats: NONE
           File Output Operator
             compressed: false
-            Statistics: Num rows: 302 Data size: 3208 Basic stats: COMPLETE Column stats: NONE
+            Statistics: Num rows: 275 Data size: 5396 Basic stats: COMPLETE Column stats: NONE
             table:
                 input format: org.apache.hadoop.mapred.SequenceFileInputFormat
                 output format: org.apache.hadoop.hive.ql.io.HiveSequenceFileOutputFormat
