diff --git a/ql/src/test/results/clientpositive/constant_prop_3.q.out b/ql/src/test/results/clientpositive/constant_prop_3.q.out
index fe382fc154..58f1065919 100644
--- a/ql/src/test/results/clientpositive/constant_prop_3.q.out
+++ b/ql/src/test/results/clientpositive/constant_prop_3.q.out
@@ -232,7 +232,7 @@ STAGE PLANS:
             0 
             1 
           outputColumnNames: _col1, _col3, _col4, _col5
-          Statistics: Num rows: 1 Data size: 0 Basic stats: PARTIAL Column stats: NONE
+          Statistics: Num rows: 1 Data size: 9 Basic stats: COMPLETE Column stats: NONE
           File Output Operator
             compressed: false
             table:
@@ -248,7 +248,7 @@ STAGE PLANS:
               key expressions: _col1 (type: int)
               sort order: +
               Map-reduce partition columns: _col1 (type: int)
-              Statistics: Num rows: 1 Data size: 0 Basic stats: PARTIAL Column stats: NONE
+              Statistics: Num rows: 1 Data size: 9 Basic stats: COMPLETE Column stats: NONE
               value expressions: _col3 (type: string), _col4 (type: string), _col5 (type: int)
           TableScan
             alias: supplier_hive
@@ -273,20 +273,20 @@ STAGE PLANS:
             0 _col1 (type: int)
             1 _col0 (type: int)
           outputColumnNames: _col1, _col3, _col4, _col5, _col7
-          Statistics: Num rows: 1 Data size: 0 Basic stats: PARTIAL Column stats: NONE
+          Statistics: Num rows: 1 Data size: 9 Basic stats: COMPLETE Column stats: NONE
           Filter Operator
             predicate: _col7 is null (type: boolean)
-            Statistics: Num rows: 1 Data size: 0 Basic stats: PARTIAL Column stats: NONE
+            Statistics: Num rows: 1 Data size: 9 Basic stats: COMPLETE Column stats: NONE
             Select Operator
               expressions: _col3 (type: string), _col4 (type: string), _col5 (type: int), _col1 (type: int)
               outputColumnNames: _col3, _col4, _col5, _col1
-              Statistics: Num rows: 1 Data size: 0 Basic stats: PARTIAL Column stats: NONE
+              Statistics: Num rows: 1 Data size: 9 Basic stats: COMPLETE Column stats: NONE
               Group By Operator
                 aggregations: count(DISTINCT _col1)
                 keys: _col3 (type: string), _col4 (type: string), _col5 (type: int), _col1 (type: int)
                 mode: hash
                 outputColumnNames: _col0, _col1, _col2, _col3, _col4
-                Statistics: Num rows: 1 Data size: 0 Basic stats: PARTIAL Column stats: NONE
+                Statistics: Num rows: 1 Data size: 9 Basic stats: COMPLETE Column stats: NONE
                 File Output Operator
                   compressed: false
                   table:
@@ -302,14 +302,14 @@ STAGE PLANS:
               key expressions: _col0 (type: string), _col1 (type: string), _col2 (type: int), _col3 (type: int)
               sort order: ++++
               Map-reduce partition columns: _col0 (type: string), _col1 (type: string), _col2 (type: int)
-              Statistics: Num rows: 1 Data size: 0 Basic stats: PARTIAL Column stats: NONE
+              Statistics: Num rows: 1 Data size: 9 Basic stats: COMPLETE Column stats: NONE
       Reduce Operator Tree:
         Group By Operator
           aggregations: count(DISTINCT KEY._col3:0._col0)
           keys: KEY._col0 (type: string), KEY._col1 (type: string), KEY._col2 (type: int)
           mode: mergepartial
           outputColumnNames: _col0, _col1, _col2, _col3
-          Statistics: Num rows: 1 Data size: 0 Basic stats: PARTIAL Column stats: NONE
+          Statistics: Num rows: 1 Data size: 9 Basic stats: COMPLETE Column stats: NONE
           File Output Operator
             compressed: false
             table:
@@ -324,15 +324,15 @@ STAGE PLANS:
             Reduce Output Operator
               key expressions: _col3 (type: bigint), _col0 (type: string), _col1 (type: string), _col2 (type: int)
               sort order: -+++
-              Statistics: Num rows: 1 Data size: 0 Basic stats: PARTIAL Column stats: NONE
+              Statistics: Num rows: 1 Data size: 9 Basic stats: COMPLETE Column stats: NONE
       Reduce Operator Tree:
         Select Operator
           expressions: KEY.reducesinkkey1 (type: string), KEY.reducesinkkey2 (type: string), KEY.reducesinkkey3 (type: int), KEY.reducesinkkey0 (type: bigint)
           outputColumnNames: _col0, _col1, _col2, _col3
-          Statistics: Num rows: 1 Data size: 0 Basic stats: PARTIAL Column stats: NONE
+          Statistics: Num rows: 1 Data size: 9 Basic stats: COMPLETE Column stats: NONE
           File Output Operator
             compressed: false
-            Statistics: Num rows: 1 Data size: 0 Basic stats: PARTIAL Column stats: NONE
+            Statistics: Num rows: 1 Data size: 9 Basic stats: COMPLETE Column stats: NONE
             table:
                 input format: org.apache.hadoop.mapred.SequenceFileInputFormat
                 output format: org.apache.hadoop.hive.ql.io.HiveSequenceFileOutputFormat
diff --git a/ql/src/test/results/clientpositive/constprog3.q.out b/ql/src/test/results/clientpositive/constprog3.q.out
index 3fd776e7f1..cb440dca70 100644
--- a/ql/src/test/results/clientpositive/constprog3.q.out
+++ b/ql/src/test/results/clientpositive/constprog3.q.out
@@ -66,10 +66,10 @@ STAGE PLANS:
             0 
             1 
           outputColumnNames: _col0, _col1, _col2
-          Statistics: Num rows: 1 Data size: 0 Basic stats: PARTIAL Column stats: NONE
+          Statistics: Num rows: 1 Data size: 1 Basic stats: COMPLETE Column stats: NONE
           File Output Operator
             compressed: false
-            Statistics: Num rows: 1 Data size: 0 Basic stats: PARTIAL Column stats: NONE
+            Statistics: Num rows: 1 Data size: 1 Basic stats: COMPLETE Column stats: NONE
             table:
                 input format: org.apache.hadoop.mapred.SequenceFileInputFormat
                 output format: org.apache.hadoop.hive.ql.io.HiveSequenceFileOutputFormat
diff --git a/ql/src/test/results/clientpositive/cross_join.q.out b/ql/src/test/results/clientpositive/cross_join.q.out
index b47542907f..1c9fde33b4 100644
--- a/ql/src/test/results/clientpositive/cross_join.q.out
+++ b/ql/src/test/results/clientpositive/cross_join.q.out
@@ -40,10 +40,10 @@ STAGE PLANS:
             0 
             1 
           outputColumnNames: _col0
-          Statistics: Num rows: 250000 Data size: 10624000 Basic stats: COMPLETE Column stats: NONE
+          Statistics: Num rows: 250000 Data size: 3906000 Basic stats: COMPLETE Column stats: NONE
           File Output Operator
             compressed: false
-            Statistics: Num rows: 250000 Data size: 10624000 Basic stats: COMPLETE Column stats: NONE
+            Statistics: Num rows: 250000 Data size: 3906000 Basic stats: COMPLETE Column stats: NONE
             table:
                 input format: org.apache.hadoop.mapred.SequenceFileInputFormat
                 output format: org.apache.hadoop.hive.ql.io.HiveSequenceFileOutputFormat
@@ -97,10 +97,10 @@ STAGE PLANS:
             0 
             1 
           outputColumnNames: _col0
-          Statistics: Num rows: 250000 Data size: 10624000 Basic stats: COMPLETE Column stats: NONE
+          Statistics: Num rows: 250000 Data size: 3906000 Basic stats: COMPLETE Column stats: NONE
           File Output Operator
             compressed: false
-            Statistics: Num rows: 250000 Data size: 10624000 Basic stats: COMPLETE Column stats: NONE
+            Statistics: Num rows: 250000 Data size: 3906000 Basic stats: COMPLETE Column stats: NONE
             table:
                 input format: org.apache.hadoop.mapred.SequenceFileInputFormat
                 output format: org.apache.hadoop.hive.ql.io.HiveSequenceFileOutputFormat
@@ -225,10 +225,10 @@ STAGE PLANS:
                   0 
                   1 
                 outputColumnNames: _col0
-                Statistics: Num rows: 250000 Data size: 10624000 Basic stats: COMPLETE Column stats: NONE
+                Statistics: Num rows: 250000 Data size: 3906000 Basic stats: COMPLETE Column stats: NONE
                 File Output Operator
                   compressed: false
-                  Statistics: Num rows: 250000 Data size: 10624000 Basic stats: COMPLETE Column stats: NONE
+                  Statistics: Num rows: 250000 Data size: 3906000 Basic stats: COMPLETE Column stats: NONE
                   table:
                       input format: org.apache.hadoop.mapred.SequenceFileInputFormat
                       output format: org.apache.hadoop.hive.ql.io.HiveSequenceFileOutputFormat
@@ -288,10 +288,10 @@ STAGE PLANS:
                   0 
                   1 
                 outputColumnNames: _col0
-                Statistics: Num rows: 250000 Data size: 10624000 Basic stats: COMPLETE Column stats: NONE
+                Statistics: Num rows: 250000 Data size: 3906000 Basic stats: COMPLETE Column stats: NONE
                 File Output Operator
                   compressed: false
-                  Statistics: Num rows: 250000 Data size: 10624000 Basic stats: COMPLETE Column stats: NONE
+                  Statistics: Num rows: 250000 Data size: 3906000 Basic stats: COMPLETE Column stats: NONE
                   table:
                       input format: org.apache.hadoop.mapred.SequenceFileInputFormat
                       output format: org.apache.hadoop.hive.ql.io.HiveSequenceFileOutputFormat
diff --git a/ql/src/test/results/clientpositive/join_view.q.out b/ql/src/test/results/clientpositive/join_view.q.out
index db68591d9f..84a5cb8f97 100644
--- a/ql/src/test/results/clientpositive/join_view.q.out
+++ b/ql/src/test/results/clientpositive/join_view.q.out
@@ -87,14 +87,14 @@ STAGE PLANS:
             0 
             1 
           outputColumnNames: _col0, _col2
-          Statistics: Num rows: 1 Data size: 0 Basic stats: PARTIAL Column stats: NONE
+          Statistics: Num rows: 1 Data size: 1 Basic stats: COMPLETE Column stats: NONE
           Select Operator
             expressions: _col0 (type: string), _col2 (type: int), '2011-09-01' (type: string)
             outputColumnNames: _col0, _col1, _col2
-            Statistics: Num rows: 1 Data size: 0 Basic stats: PARTIAL Column stats: NONE
+            Statistics: Num rows: 1 Data size: 1 Basic stats: COMPLETE Column stats: NONE
             File Output Operator
               compressed: false
-              Statistics: Num rows: 1 Data size: 0 Basic stats: PARTIAL Column stats: NONE
+              Statistics: Num rows: 1 Data size: 1 Basic stats: COMPLETE Column stats: NONE
               table:
                   input format: org.apache.hadoop.mapred.SequenceFileInputFormat
                   output format: org.apache.hadoop.hive.ql.io.HiveSequenceFileOutputFormat
diff --git a/ql/src/test/results/clientpositive/ppd_repeated_alias.q.out b/ql/src/test/results/clientpositive/ppd_repeated_alias.q.out
index a50e10cdc0..8097629fc0 100644
--- a/ql/src/test/results/clientpositive/ppd_repeated_alias.q.out
+++ b/ql/src/test/results/clientpositive/ppd_repeated_alias.q.out
@@ -355,14 +355,14 @@ STAGE PLANS:
             0 
             1 
           outputColumnNames: _col0, _col2
-          Statistics: Num rows: 1 Data size: 0 Basic stats: PARTIAL Column stats: NONE
+          Statistics: Num rows: 1 Data size: 1 Basic stats: COMPLETE Column stats: NONE
           Select Operator
             expressions: _col0 (type: int), _col2 (type: int)
             outputColumnNames: _col0, _col1
-            Statistics: Num rows: 1 Data size: 0 Basic stats: PARTIAL Column stats: NONE
+            Statistics: Num rows: 1 Data size: 1 Basic stats: COMPLETE Column stats: NONE
             File Output Operator
               compressed: false
-              Statistics: Num rows: 1 Data size: 0 Basic stats: PARTIAL Column stats: NONE
+              Statistics: Num rows: 1 Data size: 1 Basic stats: COMPLETE Column stats: NONE
               table:
                   input format: org.apache.hadoop.mapred.SequenceFileInputFormat
                   output format: org.apache.hadoop.hive.ql.io.HiveSequenceFileOutputFormat
diff --git a/ql/src/test/results/clientpositive/spark/join_view.q.out b/ql/src/test/results/clientpositive/spark/join_view.q.out
index 9d8f6d7e4b..8a8aa0ab2f 100644
--- a/ql/src/test/results/clientpositive/spark/join_view.q.out
+++ b/ql/src/test/results/clientpositive/spark/join_view.q.out
@@ -95,14 +95,14 @@ STAGE PLANS:
                   0 
                   1 
                 outputColumnNames: _col0, _col2
-                Statistics: Num rows: 1 Data size: 0 Basic stats: PARTIAL Column stats: NONE
+                Statistics: Num rows: 1 Data size: 1 Basic stats: COMPLETE Column stats: NONE
                 Select Operator
                   expressions: _col0 (type: string), _col2 (type: int), '2011-09-01' (type: string)
                   outputColumnNames: _col0, _col1, _col2
-                  Statistics: Num rows: 1 Data size: 0 Basic stats: PARTIAL Column stats: NONE
+                  Statistics: Num rows: 1 Data size: 1 Basic stats: COMPLETE Column stats: NONE
                   File Output Operator
                     compressed: false
-                    Statistics: Num rows: 1 Data size: 0 Basic stats: PARTIAL Column stats: NONE
+                    Statistics: Num rows: 1 Data size: 1 Basic stats: COMPLETE Column stats: NONE
                     table:
                         input format: org.apache.hadoop.mapred.SequenceFileInputFormat
                         output format: org.apache.hadoop.hive.ql.io.HiveSequenceFileOutputFormat
diff --git a/ql/src/test/results/clientpositive/tez/dynamic_partition_pruning.q.out b/ql/src/test/results/clientpositive/tez/dynamic_partition_pruning.q.out
index aa35d2c81d..89987aa8fd 100644
--- a/ql/src/test/results/clientpositive/tez/dynamic_partition_pruning.q.out
+++ b/ql/src/test/results/clientpositive/tez/dynamic_partition_pruning.q.out
@@ -2185,7 +2185,7 @@ STAGE PLANS:
                 keys:
                   0 
                   1 
-                Statistics: Num rows: 1100 Data size: 11686 Basic stats: COMPLETE Column stats: NONE
+                Statistics: Num rows: 500000 Data size: 11124000 Basic stats: COMPLETE Column stats: NONE
                 Group By Operator
                   aggregations: count()
                   mode: hash
@@ -2314,12 +2314,12 @@ STAGE PLANS:
                   0 
                   1 
                 outputColumnNames: _col0, _col1, _col2, _col4
-                Statistics: Num rows: 2200 Data size: 23372 Basic stats: COMPLETE Column stats: NONE
+                Statistics: Num rows: 2000 Data size: 77248 Basic stats: COMPLETE Column stats: NONE
                 Filter Operator
                   predicate: ((_col0 = _col2) or (_col1 = _col4)) (type: boolean)
-                  Statistics: Num rows: 2200 Data size: 23372 Basic stats: COMPLETE Column stats: NONE
+                  Statistics: Num rows: 2000 Data size: 77248 Basic stats: COMPLETE Column stats: NONE
                   Select Operator
-                    Statistics: Num rows: 2200 Data size: 23372 Basic stats: COMPLETE Column stats: NONE
+                    Statistics: Num rows: 2000 Data size: 77248 Basic stats: COMPLETE Column stats: NONE
                     Group By Operator
                       aggregations: count()
                       mode: hash
@@ -4798,7 +4798,7 @@ STAGE PLANS:
                       1 
                     input vertices:
                       0 Map 1
-                    Statistics: Num rows: 1100 Data size: 11686 Basic stats: COMPLETE Column stats: NONE
+                    Statistics: Num rows: 500000 Data size: 11124000 Basic stats: COMPLETE Column stats: NONE
                     Group By Operator
                       aggregations: count()
                       mode: hash
diff --git a/ql/src/test/results/clientpositive/tez/dynamic_partition_pruning_2.q.out b/ql/src/test/results/clientpositive/tez/dynamic_partition_pruning_2.q.out
index 08fc33e92a..21cd9c8c05 100644
--- a/ql/src/test/results/clientpositive/tez/dynamic_partition_pruning_2.q.out
+++ b/ql/src/test/results/clientpositive/tez/dynamic_partition_pruning_2.q.out
@@ -605,10 +605,10 @@ STAGE PLANS:
                       outputColumnNames: _col0
                       input vertices:
                         1 Map 2
-                      Statistics: Num rows: 3 Data size: 9 Basic stats: COMPLETE Column stats: NONE
+                      Statistics: Num rows: 3 Data size: 27 Basic stats: COMPLETE Column stats: NONE
                       File Output Operator
                         compressed: false
-                        Statistics: Num rows: 3 Data size: 9 Basic stats: COMPLETE Column stats: NONE
+                        Statistics: Num rows: 3 Data size: 27 Basic stats: COMPLETE Column stats: NONE
                         table:
                             input format: org.apache.hadoop.mapred.SequenceFileInputFormat
                             output format: org.apache.hadoop.hive.ql.io.HiveSequenceFileOutputFormat
