diff --git a/ql/src/java/org/apache/hadoop/hive/ql/parse/QBSubQuery.java b/ql/src/java/org/apache/hadoop/hive/ql/parse/QBSubQuery.java
index f95ee8d55c..3458fb6d09 100644
--- a/ql/src/java/org/apache/hadoop/hive/ql/parse/QBSubQuery.java
+++ b/ql/src/java/org/apache/hadoop/hive/ql/parse/QBSubQuery.java
@@ -327,7 +327,8 @@ protected ColumnInfo resolveDot(ASTNode node) {
       try {
         TypeCheckCtx tcCtx = new TypeCheckCtx(parentQueryRR);
         String str = BaseSemanticAnalyzer.unescapeIdentifier(node.getChild(1).getText());
-        ExprNodeDesc idDesc = new ExprNodeConstantDesc(TypeInfoFactory.stringTypeInfo, str);
+        ExprNodeDesc idDesc = new ExprNodeConstantDesc(TypeInfoFactory.stringTypeInfo,
+                str.toLowerCase());
          ExprNodeColumnDesc colDesc = (ExprNodeColumnDesc)
              defaultExprProcessor.process(node, stack, tcCtx, (Object) null, idDesc);
          if ( colDesc != null ) {
diff --git a/ql/src/test/queries/clientpositive/subquery_exists.q b/ql/src/test/queries/clientpositive/subquery_exists.q
index dfae49d675..be80721c3a 100644
--- a/ql/src/test/queries/clientpositive/subquery_exists.q
+++ b/ql/src/test/queries/clientpositive/subquery_exists.q
@@ -46,3 +46,15 @@ from (select *
           where b.value = a.value  and a.key = b.key and a.value > 'val_9')
      ) a
 ;
+
+-- upper case in subq
+explain
+select *
+from src b
+where exists
+  (select a.key
+  from src a
+  where b.VALUE = a.VALUE
+  )
+;
+
diff --git a/ql/src/test/results/clientpositive/spark/subquery_exists.q.out b/ql/src/test/results/clientpositive/spark/subquery_exists.q.out
index 0d89ec5c6c..1ea5bb10e5 100644
--- a/ql/src/test/results/clientpositive/spark/subquery_exists.q.out
+++ b/ql/src/test/results/clientpositive/spark/subquery_exists.q.out
@@ -209,3 +209,98 @@ POSTHOOK: Input: default@src
 97	val_97
 98	val_98
 98	val_98
+PREHOOK: query: -- upper case in subq
+explain
+select *
+from src b
+where exists
+  (select a.key
+  from src a
+  where b.VALUE = a.VALUE
+  )
+PREHOOK: type: QUERY
+POSTHOOK: query: -- upper case in subq
+explain
+select *
+from src b
+where exists
+  (select a.key
+  from src a
+  where b.VALUE = a.VALUE
+  )
+POSTHOOK: type: QUERY
+STAGE DEPENDENCIES:
+  Stage-1 is a root stage
+  Stage-0 depends on stages: Stage-1
+
+STAGE PLANS:
+  Stage: Stage-1
+    Spark
+      Edges:
+        Reducer 2 <- Map 1 (PARTITION-LEVEL SORT, 2), Map 3 (PARTITION-LEVEL SORT, 2)
+#### A masked pattern was here ####
+      Vertices:
+        Map 1 
+            Map Operator Tree:
+                TableScan
+                  alias: b
+                  Statistics: Num rows: 500 Data size: 5312 Basic stats: COMPLETE Column stats: NONE
+                  Filter Operator
+                    predicate: value is not null (type: boolean)
+                    Statistics: Num rows: 500 Data size: 5312 Basic stats: COMPLETE Column stats: NONE
+                    Select Operator
+                      expressions: key (type: string), value (type: string)
+                      outputColumnNames: _col0, _col1
+                      Statistics: Num rows: 500 Data size: 5312 Basic stats: COMPLETE Column stats: NONE
+                      Reduce Output Operator
+                        key expressions: _col1 (type: string)
+                        sort order: +
+                        Map-reduce partition columns: _col1 (type: string)
+                        Statistics: Num rows: 500 Data size: 5312 Basic stats: COMPLETE Column stats: NONE
+                        value expressions: _col0 (type: string)
+        Map 3 
+            Map Operator Tree:
+                TableScan
+                  alias: b
+                  Statistics: Num rows: 500 Data size: 5312 Basic stats: COMPLETE Column stats: NONE
+                  Filter Operator
+                    predicate: value is not null (type: boolean)
+                    Statistics: Num rows: 500 Data size: 5312 Basic stats: COMPLETE Column stats: NONE
+                    Select Operator
+                      expressions: value (type: string)
+                      outputColumnNames: _col0
+                      Statistics: Num rows: 500 Data size: 5312 Basic stats: COMPLETE Column stats: NONE
+                      Group By Operator
+                        keys: _col0 (type: string)
+                        mode: hash
+                        outputColumnNames: _col0
+                        Statistics: Num rows: 500 Data size: 5312 Basic stats: COMPLETE Column stats: NONE
+                        Reduce Output Operator
+                          key expressions: _col0 (type: string)
+                          sort order: +
+                          Map-reduce partition columns: _col0 (type: string)
+                          Statistics: Num rows: 500 Data size: 5312 Basic stats: COMPLETE Column stats: NONE
+        Reducer 2 
+            Reduce Operator Tree:
+              Join Operator
+                condition map:
+                     Left Semi Join 0 to 1
+                keys:
+                  0 _col1 (type: string)
+                  1 _col0 (type: string)
+                outputColumnNames: _col0, _col1
+                Statistics: Num rows: 550 Data size: 5843 Basic stats: COMPLETE Column stats: NONE
+                File Output Operator
+                  compressed: false
+                  Statistics: Num rows: 550 Data size: 5843 Basic stats: COMPLETE Column stats: NONE
+                  table:
+                      input format: org.apache.hadoop.mapred.SequenceFileInputFormat
+                      output format: org.apache.hadoop.hive.ql.io.HiveSequenceFileOutputFormat
+                      serde: org.apache.hadoop.hive.serde2.lazy.LazySimpleSerDe
+
+  Stage: Stage-0
+    Fetch Operator
+      limit: -1
+      Processor Tree:
+        ListSink
+
diff --git a/ql/src/test/results/clientpositive/subquery_exists.q.out b/ql/src/test/results/clientpositive/subquery_exists.q.out
index 1a17274ed7..125d8f61c1 100644
--- a/ql/src/test/results/clientpositive/subquery_exists.q.out
+++ b/ql/src/test/results/clientpositive/subquery_exists.q.out
@@ -201,3 +201,90 @@ POSTHOOK: Input: default@src
 97	val_97
 98	val_98
 98	val_98
+PREHOOK: query: -- upper case in subq
+explain
+select *
+from src b
+where exists
+  (select a.key
+  from src a
+  where b.VALUE = a.VALUE
+  )
+PREHOOK: type: QUERY
+POSTHOOK: query: -- upper case in subq
+explain
+select *
+from src b
+where exists
+  (select a.key
+  from src a
+  where b.VALUE = a.VALUE
+  )
+POSTHOOK: type: QUERY
+STAGE DEPENDENCIES:
+  Stage-1 is a root stage
+  Stage-0 depends on stages: Stage-1
+
+STAGE PLANS:
+  Stage: Stage-1
+    Map Reduce
+      Map Operator Tree:
+          TableScan
+            alias: b
+            Statistics: Num rows: 500 Data size: 5312 Basic stats: COMPLETE Column stats: NONE
+            Filter Operator
+              predicate: value is not null (type: boolean)
+              Statistics: Num rows: 500 Data size: 5312 Basic stats: COMPLETE Column stats: NONE
+              Select Operator
+                expressions: key (type: string), value (type: string)
+                outputColumnNames: _col0, _col1
+                Statistics: Num rows: 500 Data size: 5312 Basic stats: COMPLETE Column stats: NONE
+                Reduce Output Operator
+                  key expressions: _col1 (type: string)
+                  sort order: +
+                  Map-reduce partition columns: _col1 (type: string)
+                  Statistics: Num rows: 500 Data size: 5312 Basic stats: COMPLETE Column stats: NONE
+                  value expressions: _col0 (type: string)
+          TableScan
+            alias: b
+            Statistics: Num rows: 500 Data size: 5312 Basic stats: COMPLETE Column stats: NONE
+            Filter Operator
+              predicate: value is not null (type: boolean)
+              Statistics: Num rows: 500 Data size: 5312 Basic stats: COMPLETE Column stats: NONE
+              Select Operator
+                expressions: value (type: string)
+                outputColumnNames: _col0
+                Statistics: Num rows: 500 Data size: 5312 Basic stats: COMPLETE Column stats: NONE
+                Group By Operator
+                  keys: _col0 (type: string)
+                  mode: hash
+                  outputColumnNames: _col0
+                  Statistics: Num rows: 500 Data size: 5312 Basic stats: COMPLETE Column stats: NONE
+                  Reduce Output Operator
+                    key expressions: _col0 (type: string)
+                    sort order: +
+                    Map-reduce partition columns: _col0 (type: string)
+                    Statistics: Num rows: 500 Data size: 5312 Basic stats: COMPLETE Column stats: NONE
+      Reduce Operator Tree:
+        Join Operator
+          condition map:
+               Left Semi Join 0 to 1
+          keys:
+            0 _col1 (type: string)
+            1 _col0 (type: string)
+          outputColumnNames: _col0, _col1
+          Statistics: Num rows: 550 Data size: 5843 Basic stats: COMPLETE Column stats: NONE
+          File Output Operator
+            compressed: false
+            Statistics: Num rows: 550 Data size: 5843 Basic stats: COMPLETE Column stats: NONE
+            table:
+                input format: org.apache.hadoop.mapred.SequenceFileInputFormat
+                output format: org.apache.hadoop.hive.ql.io.HiveSequenceFileOutputFormat
+                serde: org.apache.hadoop.hive.serde2.lazy.LazySimpleSerDe
+
+  Stage: Stage-0
+    Fetch Operator
+      limit: -1
+      Processor Tree:
+        ListSink
+
diff --git a/ql/src/test/results/clientpositive/tez/subquery_exists.q.out b/ql/src/test/results/clientpositive/tez/subquery_exists.q.out
index 56ebddbb95..b281885c59 100644
--- a/ql/src/test/results/clientpositive/tez/subquery_exists.q.out
+++ b/ql/src/test/results/clientpositive/tez/subquery_exists.q.out
@@ -210,3 +210,99 @@ POSTHOOK: Input: default@src
 97	val_97
 98	val_98
 98	val_98
+PREHOOK: query: -- upper case in subq
+explain
+select *
+from src b
+where exists
+  (select a.key
+  from src a
+  where b.VALUE = a.VALUE
+  )
+PREHOOK: type: QUERY
+POSTHOOK: query: -- upper case in subq
+explain
+select *
+from src b
+where exists
+  (select a.key
+  from src a
+  where b.VALUE = a.VALUE
+  )
+POSTHOOK: type: QUERY
+STAGE DEPENDENCIES:
+  Stage-1 is a root stage
+  Stage-0 depends on stages: Stage-1
+
+STAGE PLANS:
+  Stage: Stage-1
+    Tez
+#### A masked pattern was here ####
+      Edges:
+        Reducer 2 <- Map 1 (SIMPLE_EDGE), Map 3 (SIMPLE_EDGE)
+#### A masked pattern was here ####
+      Vertices:
+        Map 1 
+            Map Operator Tree:
+                TableScan
+                  alias: b
+                  Statistics: Num rows: 500 Data size: 5312 Basic stats: COMPLETE Column stats: NONE
+                  Filter Operator
+                    predicate: value is not null (type: boolean)
+                    Statistics: Num rows: 500 Data size: 5312 Basic stats: COMPLETE Column stats: NONE
+                    Select Operator
+                      expressions: key (type: string), value (type: string)
+                      outputColumnNames: _col0, _col1
+                      Statistics: Num rows: 500 Data size: 5312 Basic stats: COMPLETE Column stats: NONE
+                      Reduce Output Operator
+                        key expressions: _col1 (type: string)
+                        sort order: +
+                        Map-reduce partition columns: _col1 (type: string)
+                        Statistics: Num rows: 500 Data size: 5312 Basic stats: COMPLETE Column stats: NONE
+                        value expressions: _col0 (type: string)
+        Map 3 
+            Map Operator Tree:
+                TableScan
+                  alias: b
+                  Statistics: Num rows: 500 Data size: 5312 Basic stats: COMPLETE Column stats: NONE
+                  Filter Operator
+                    predicate: value is not null (type: boolean)
+                    Statistics: Num rows: 500 Data size: 5312 Basic stats: COMPLETE Column stats: NONE
+                    Select Operator
+                      expressions: value (type: string)
+                      outputColumnNames: _col0
+                      Statistics: Num rows: 500 Data size: 5312 Basic stats: COMPLETE Column stats: NONE
+                      Group By Operator
+                        keys: _col0 (type: string)
+                        mode: hash
+                        outputColumnNames: _col0
+                        Statistics: Num rows: 500 Data size: 5312 Basic stats: COMPLETE Column stats: NONE
+                        Reduce Output Operator
+                          key expressions: _col0 (type: string)
+                          sort order: +
+                          Map-reduce partition columns: _col0 (type: string)
+                          Statistics: Num rows: 500 Data size: 5312 Basic stats: COMPLETE Column stats: NONE
+        Reducer 2 
+            Reduce Operator Tree:
+              Merge Join Operator
+                condition map:
+                     Left Semi Join 0 to 1
+                keys:
+                  0 _col1 (type: string)
+                  1 _col0 (type: string)
+                outputColumnNames: _col0, _col1
+                Statistics: Num rows: 550 Data size: 5843 Basic stats: COMPLETE Column stats: NONE
+                File Output Operator
+                  compressed: false
+                  Statistics: Num rows: 550 Data size: 5843 Basic stats: COMPLETE Column stats: NONE
+                  table:
+                      input format: org.apache.hadoop.mapred.SequenceFileInputFormat
+                      output format: org.apache.hadoop.hive.ql.io.HiveSequenceFileOutputFormat
+                      serde: org.apache.hadoop.hive.serde2.lazy.LazySimpleSerDe
+
+  Stage: Stage-0
+    Fetch Operator
+      limit: -1
+      Processor Tree:
+        ListSink
+
