diff --git a/ql/src/java/org/apache/hadoop/hive/ql/stats/StatsUtils.java b/ql/src/java/org/apache/hadoop/hive/ql/stats/StatsUtils.java
index 2a9dc11331..45bdbfafa0 100644
--- a/ql/src/java/org/apache/hadoop/hive/ql/stats/StatsUtils.java
+++ b/ql/src/java/org/apache/hadoop/hive/ql/stats/StatsUtils.java
@@ -197,7 +197,7 @@ public static Statistics collectStatistics(HiveConf conf, PrunedPartitionList pa
       if (fetchColStats) {
         colStats = getTableColumnStats(table, schema, neededColumns);
         long betterDS = getDataSizeFromColumnStats(nr, colStats);
-        ds = betterDS < 1 ? ds : betterDS;
+        ds = (betterDS < 1 || colStats.isEmpty()) ? ds : betterDS;
       }
        stats.setDataSize(ds);
       // infer if any column can be primary key based on column statistics
@@ -298,7 +298,7 @@ public static Statistics collectStatistics(HiveConf conf, PrunedPartitionList pa
           addParitionColumnStats(conf, neededColumns, referencedColumns, schema, table, partList,
               columnStats);
           long betterDS = getDataSizeFromColumnStats(nr, columnStats);
-          stats.setDataSize(betterDS < 1 ? ds : betterDS);
+          stats.setDataSize((betterDS < 1 || columnStats.isEmpty()) ? ds : betterDS);
           // infer if any column can be primary key based on column statistics
           inferAndSetPrimaryKey(stats.getNumRows(), columnStats);
 
@@ -1434,10 +1434,17 @@ public static List<Long> getBasicStatForPartitions(Table table, List<Partition>
   public static long getDataSizeFromColumnStats(long numRows, List<ColStatistics> colStats) {
     long result = 0;
 
-    if (numRows <= 0 || colStats == null || colStats.isEmpty()) {
+    if (numRows <= 0 || colStats == null) {
       return result;
     }
 
+    if (colStats.isEmpty()) {
+      // this may happen if we are not projecting any column from current operator
+      // think count(*) where we are projecting rows without any columns
+      // in such a case we estimate empty row to be of size of empty java object.
+      return numRows * JavaDataModel.JAVA64_REF;
+    }
+
     for (ColStatistics cs : colStats) {
       if (cs != null) {
         String colTypeLowerCase = cs.getColumnType().toLowerCase();
diff --git a/ql/src/test/results/clientpositive/annotate_stats_part.q.out b/ql/src/test/results/clientpositive/annotate_stats_part.q.out
index 50fc633063..77fbd3a2cd 100644
--- a/ql/src/test/results/clientpositive/annotate_stats_part.q.out
+++ b/ql/src/test/results/clientpositive/annotate_stats_part.q.out
@@ -133,11 +133,11 @@ STAGE PLANS:
       Processor Tree:
         TableScan
           alias: loc_orc
-          Statistics: Num rows: 3 Data size: 348 Basic stats: COMPLETE Column stats: NONE
+          Statistics: Num rows: 3 Data size: 372 Basic stats: COMPLETE Column stats: NONE
           Select Operator
             expressions: state (type: string), locid (type: int), zip (type: bigint), '__HIVE_DEFAULT_PARTITION__' (type: string)
             outputColumnNames: _col0, _col1, _col2, _col3
-            Statistics: Num rows: 3 Data size: 348 Basic stats: COMPLETE Column stats: NONE
+            Statistics: Num rows: 3 Data size: 372 Basic stats: COMPLETE Column stats: NONE
             ListSink
 
 PREHOOK: query: -- basicStatState: PARTIAL colStatState: NONE
@@ -179,11 +179,11 @@ STAGE PLANS:
       Processor Tree:
         TableScan
           alias: loc_orc
-          Statistics: Num rows: 7 Data size: 678 Basic stats: COMPLETE Column stats: NONE
+          Statistics: Num rows: 7 Data size: 734 Basic stats: COMPLETE Column stats: NONE
           Select Operator
             expressions: state (type: string), locid (type: int), zip (type: bigint), '2001' (type: string)
             outputColumnNames: _col0, _col1, _col2, _col3
-            Statistics: Num rows: 7 Data size: 678 Basic stats: COMPLETE Column stats: NONE
+            Statistics: Num rows: 7 Data size: 734 Basic stats: COMPLETE Column stats: NONE
             ListSink
 
 PREHOOK: query: -- partition level analyze statistics for all partitions
@@ -216,11 +216,11 @@ STAGE PLANS:
       Processor Tree:
         TableScan
           alias: loc_orc
-          Statistics: Num rows: 1 Data size: 96 Basic stats: COMPLETE Column stats: NONE
+          Statistics: Num rows: 1 Data size: 104 Basic stats: COMPLETE Column stats: NONE
           Select Operator
             expressions: state (type: string), locid (type: int), zip (type: bigint), '__HIVE_DEFAULT_PARTITION__' (type: string)
             outputColumnNames: _col0, _col1, _col2, _col3
-            Statistics: Num rows: 1 Data size: 96 Basic stats: COMPLETE Column stats: NONE
+            Statistics: Num rows: 1 Data size: 104 Basic stats: COMPLETE Column stats: NONE
             ListSink
 
 PREHOOK: query: -- basicStatState: COMPLETE colStatState: NONE
@@ -325,11 +325,11 @@ STAGE PLANS:
       Processor Tree:
         TableScan
           alias: loc_orc
-          Statistics: Num rows: 8 Data size: 774 Basic stats: COMPLETE Column stats: NONE
+          Statistics: Num rows: 8 Data size: 838 Basic stats: COMPLETE Column stats: NONE
           Select Operator
             expressions: zip (type: bigint)
             outputColumnNames: _col0
-            Statistics: Num rows: 8 Data size: 774 Basic stats: COMPLETE Column stats: NONE
+            Statistics: Num rows: 8 Data size: 838 Basic stats: COMPLETE Column stats: NONE
             ListSink
 
 PREHOOK: query: -- basicStatState: COMPLETE colStatState: PARTIAL
@@ -442,11 +442,11 @@ STAGE PLANS:
       Processor Tree:
         TableScan
           alias: loc_orc
-          Statistics: Num rows: 1 Data size: 96 Basic stats: COMPLETE Column stats: NONE
+          Statistics: Num rows: 1 Data size: 104 Basic stats: COMPLETE Column stats: NONE
           Select Operator
             expressions: state (type: string), locid (type: int)
             outputColumnNames: _col0, _col1
-            Statistics: Num rows: 1 Data size: 96 Basic stats: COMPLETE Column stats: NONE
+            Statistics: Num rows: 1 Data size: 104 Basic stats: COMPLETE Column stats: NONE
             ListSink
 
 PREHOOK: query: -- basicStatState: COMPLETE colStatState: PARTIAL
diff --git a/ql/src/test/results/clientpositive/cbo_rp_auto_join1.q.out b/ql/src/test/results/clientpositive/cbo_rp_auto_join1.q.out
index 934eb5db13..89bc7afa43 100644
--- a/ql/src/test/results/clientpositive/cbo_rp_auto_join1.q.out
+++ b/ql/src/test/results/clientpositive/cbo_rp_auto_join1.q.out
@@ -301,9 +301,9 @@ STAGE PLANS:
           keys:
             0 key (type: int)
             1 key (type: int)
-          Statistics: Num rows: 6 Data size: 0 Basic stats: PARTIAL Column stats: COMPLETE
+          Statistics: Num rows: 6 Data size: 48 Basic stats: COMPLETE Column stats: COMPLETE
           Select Operator
-            Statistics: Num rows: 6 Data size: 0 Basic stats: PARTIAL Column stats: COMPLETE
+            Statistics: Num rows: 6 Data size: 24 Basic stats: COMPLETE Column stats: COMPLETE
             Group By Operator
               aggregations: count()
               mode: hash
diff --git a/ql/src/test/results/clientpositive/columnStatsUpdateForStatsOptimizer_1.q.out b/ql/src/test/results/clientpositive/columnStatsUpdateForStatsOptimizer_1.q.out
index 182fdf5766..1109846e5f 100644
--- a/ql/src/test/results/clientpositive/columnStatsUpdateForStatsOptimizer_1.q.out
+++ b/ql/src/test/results/clientpositive/columnStatsUpdateForStatsOptimizer_1.q.out
@@ -661,11 +661,11 @@ STAGE PLANS:
       Map Operator Tree:
           TableScan
             alias: calendarp
-            Statistics: Num rows: 3 Data size: 12 Basic stats: COMPLETE Column stats: NONE
+            Statistics: Num rows: 3 Data size: 36 Basic stats: COMPLETE Column stats: NONE
             Select Operator
               expressions: year (type: int)
               outputColumnNames: year
-              Statistics: Num rows: 3 Data size: 12 Basic stats: COMPLETE Column stats: NONE
+              Statistics: Num rows: 3 Data size: 36 Basic stats: COMPLETE Column stats: NONE
               Group By Operator
                 aggregations: max(year)
                 mode: hash
diff --git a/ql/src/test/results/clientpositive/constant_prop_1.q.out b/ql/src/test/results/clientpositive/constant_prop_1.q.out
index 96f660632c..8695e1d9b7 100644
--- a/ql/src/test/results/clientpositive/constant_prop_1.q.out
+++ b/ql/src/test/results/clientpositive/constant_prop_1.q.out
@@ -126,7 +126,7 @@ STAGE PLANS:
       Reduce Operator Tree:
         Limit
           Number of rows: 1
-          Statistics: Num rows: 1 Data size: 0 Basic stats: PARTIAL Column stats: COMPLETE
+          Statistics: Num rows: 1 Data size: 8 Basic stats: COMPLETE Column stats: COMPLETE
           File Output Operator
             compressed: false
             table:
@@ -140,7 +140,7 @@ STAGE PLANS:
           TableScan
             Reduce Output Operator
               sort order: 
-              Statistics: Num rows: 1 Data size: 0 Basic stats: PARTIAL Column stats: COMPLETE
+              Statistics: Num rows: 1 Data size: 8 Basic stats: COMPLETE Column stats: COMPLETE
           TableScan
             alias: b
             Statistics: Num rows: 500 Data size: 5312 Basic stats: COMPLETE Column stats: NONE
@@ -159,14 +159,14 @@ STAGE PLANS:
             0 
             1 
           outputColumnNames: _col1
-          Statistics: Num rows: 250 Data size: 2906 Basic stats: COMPLETE Column stats: NONE
+          Statistics: Num rows: 250 Data size: 4906 Basic stats: COMPLETE Column stats: NONE
           Select Operator
             expressions: 1 (type: int), _col1 (type: string), '12345' (type: string)
             outputColumnNames: _col0, _col1, _col2
-            Statistics: Num rows: 250 Data size: 2906 Basic stats: COMPLETE Column stats: NONE
+            Statistics: Num rows: 250 Data size: 4906 Basic stats: COMPLETE Column stats: NONE
             File Output Operator
               compressed: false
-              Statistics: Num rows: 250 Data size: 2906 Basic stats: COMPLETE Column stats: NONE
+              Statistics: Num rows: 250 Data size: 4906 Basic stats: COMPLETE Column stats: NONE
               table:
                   input format: org.apache.hadoop.mapred.SequenceFileInputFormat
                   output format: org.apache.hadoop.hive.ql.io.HiveSequenceFileOutputFormat
diff --git a/ql/src/test/results/clientpositive/input30.q.out b/ql/src/test/results/clientpositive/input30.q.out
index c4848a1a1d..e728f04eee 100644
--- a/ql/src/test/results/clientpositive/input30.q.out
+++ b/ql/src/test/results/clientpositive/input30.q.out
@@ -36,7 +36,7 @@ STAGE PLANS:
             Statistics: Num rows: 500 Data size: 5312 Basic stats: COMPLETE Column stats: COMPLETE
             Filter Operator
               predicate: (((hash(rand(460476415)) & 2147483647) % 32) = 0) (type: boolean)
-              Statistics: Num rows: 250 Data size: 0 Basic stats: PARTIAL Column stats: COMPLETE
+              Statistics: Num rows: 250 Data size: 2000 Basic stats: COMPLETE Column stats: COMPLETE
               Group By Operator
                 aggregations: count(1)
                 mode: hash
diff --git a/ql/src/test/results/clientpositive/lateral_view.q.out b/ql/src/test/results/clientpositive/lateral_view.q.out
index d21e2850fa..5358cc19ca 100644
--- a/ql/src/test/results/clientpositive/lateral_view.q.out
+++ b/ql/src/test/results/clientpositive/lateral_view.q.out
@@ -145,10 +145,10 @@ STAGE PLANS:
                     Statistics: Num rows: 1000 Data size: 200000 Basic stats: COMPLETE Column stats: COMPLETE
                     Limit
                       Number of rows: 3
-                      Statistics: Num rows: 3 Data size: 0 Basic stats: PARTIAL Column stats: COMPLETE
+                      Statistics: Num rows: 3 Data size: 24 Basic stats: COMPLETE Column stats: COMPLETE
                       File Output Operator
                         compressed: false
-                        Statistics: Num rows: 3 Data size: 0 Basic stats: PARTIAL Column stats: COMPLETE
+                        Statistics: Num rows: 3 Data size: 24 Basic stats: COMPLETE Column stats: COMPLETE
                         table:
                             input format: org.apache.hadoop.mapred.SequenceFileInputFormat
                             output format: org.apache.hadoop.hive.ql.io.HiveSequenceFileOutputFormat
@@ -169,10 +169,10 @@ STAGE PLANS:
                       Statistics: Num rows: 1000 Data size: 200000 Basic stats: COMPLETE Column stats: COMPLETE
                       Limit
                         Number of rows: 3
-                        Statistics: Num rows: 3 Data size: 0 Basic stats: PARTIAL Column stats: COMPLETE
+                        Statistics: Num rows: 3 Data size: 24 Basic stats: COMPLETE Column stats: COMPLETE
                         File Output Operator
                           compressed: false
-                          Statistics: Num rows: 3 Data size: 0 Basic stats: PARTIAL Column stats: COMPLETE
+                          Statistics: Num rows: 3 Data size: 24 Basic stats: COMPLETE Column stats: COMPLETE
                           table:
                               input format: org.apache.hadoop.mapred.SequenceFileInputFormat
                               output format: org.apache.hadoop.hive.ql.io.HiveSequenceFileOutputFormat
@@ -218,13 +218,13 @@ STAGE PLANS:
                         Select Operator
                           expressions: _col5 (type: int), _col6 (type: string)
                           outputColumnNames: _col0, _col1
-                          Statistics: Num rows: 2000 Data size: 0 Basic stats: PARTIAL Column stats: COMPLETE
+                          Statistics: Num rows: 2000 Data size: 16000 Basic stats: COMPLETE Column stats: COMPLETE
                           Limit
                             Number of rows: 9
-                            Statistics: Num rows: 9 Data size: 0 Basic stats: PARTIAL Column stats: COMPLETE
+                            Statistics: Num rows: 9 Data size: 72 Basic stats: COMPLETE Column stats: COMPLETE
                             File Output Operator
                               compressed: false
-                              Statistics: Num rows: 9 Data size: 0 Basic stats: PARTIAL Column stats: COMPLETE
+                              Statistics: Num rows: 9 Data size: 72 Basic stats: COMPLETE Column stats: COMPLETE
                               table:
                                   input format: org.apache.hadoop.mapred.SequenceFileInputFormat
                                   output format: org.apache.hadoop.hive.ql.io.HiveSequenceFileOutputFormat
@@ -242,13 +242,13 @@ STAGE PLANS:
                           Select Operator
                             expressions: _col5 (type: int), _col6 (type: string)
                             outputColumnNames: _col0, _col1
-                            Statistics: Num rows: 2000 Data size: 0 Basic stats: PARTIAL Column stats: COMPLETE
+                            Statistics: Num rows: 2000 Data size: 16000 Basic stats: COMPLETE Column stats: COMPLETE
                             Limit
                               Number of rows: 9
-                              Statistics: Num rows: 9 Data size: 0 Basic stats: PARTIAL Column stats: COMPLETE
+                              Statistics: Num rows: 9 Data size: 72 Basic stats: COMPLETE Column stats: COMPLETE
                               File Output Operator
                                 compressed: false
-                                Statistics: Num rows: 9 Data size: 0 Basic stats: PARTIAL Column stats: COMPLETE
+                                Statistics: Num rows: 9 Data size: 72 Basic stats: COMPLETE Column stats: COMPLETE
                                 table:
                                     input format: org.apache.hadoop.mapred.SequenceFileInputFormat
                                     output format: org.apache.hadoop.hive.ql.io.HiveSequenceFileOutputFormat
@@ -275,13 +275,13 @@ STAGE PLANS:
                           Select Operator
                             expressions: _col5 (type: int), _col6 (type: string)
                             outputColumnNames: _col0, _col1
-                            Statistics: Num rows: 2000 Data size: 0 Basic stats: PARTIAL Column stats: COMPLETE
+                            Statistics: Num rows: 2000 Data size: 16000 Basic stats: COMPLETE Column stats: COMPLETE
                             Limit
                               Number of rows: 9
-                              Statistics: Num rows: 9 Data size: 0 Basic stats: PARTIAL Column stats: COMPLETE
+                              Statistics: Num rows: 9 Data size: 72 Basic stats: COMPLETE Column stats: COMPLETE
                               File Output Operator
                                 compressed: false
-                                Statistics: Num rows: 9 Data size: 0 Basic stats: PARTIAL Column stats: COMPLETE
+                                Statistics: Num rows: 9 Data size: 72 Basic stats: COMPLETE Column stats: COMPLETE
                                 table:
                                     input format: org.apache.hadoop.mapred.SequenceFileInputFormat
                                     output format: org.apache.hadoop.hive.ql.io.HiveSequenceFileOutputFormat
@@ -299,13 +299,13 @@ STAGE PLANS:
                             Select Operator
                               expressions: _col5 (type: int), _col6 (type: string)
                               outputColumnNames: _col0, _col1
-                              Statistics: Num rows: 2000 Data size: 0 Basic stats: PARTIAL Column stats: COMPLETE
+                              Statistics: Num rows: 2000 Data size: 16000 Basic stats: COMPLETE Column stats: COMPLETE
                               Limit
                                 Number of rows: 9
-                                Statistics: Num rows: 9 Data size: 0 Basic stats: PARTIAL Column stats: COMPLETE
+                                Statistics: Num rows: 9 Data size: 72 Basic stats: COMPLETE Column stats: COMPLETE
                                 File Output Operator
                                   compressed: false
-                                  Statistics: Num rows: 9 Data size: 0 Basic stats: PARTIAL Column stats: COMPLETE
+                                  Statistics: Num rows: 9 Data size: 72 Basic stats: COMPLETE Column stats: COMPLETE
                                   table:
                                       input format: org.apache.hadoop.mapred.SequenceFileInputFormat
                                       output format: org.apache.hadoop.hive.ql.io.HiveSequenceFileOutputFormat
@@ -345,17 +345,17 @@ STAGE PLANS:
                       Statistics: Num rows: 1000 Data size: 268000 Basic stats: COMPLETE Column stats: COMPLETE
                       Lateral View Join Operator
                         outputColumnNames: _col6
-                        Statistics: Num rows: 2000 Data size: 268000 Basic stats: COMPLETE Column stats: COMPLETE
+                        Statistics: Num rows: 2000 Data size: 276000 Basic stats: COMPLETE Column stats: COMPLETE
                         Select Operator
                           expressions: _col6 (type: int)
                           outputColumnNames: _col0
-                          Statistics: Num rows: 2000 Data size: 268000 Basic stats: COMPLETE Column stats: COMPLETE
+                          Statistics: Num rows: 2000 Data size: 276000 Basic stats: COMPLETE Column stats: COMPLETE
                           Limit
                             Number of rows: 3
-                            Statistics: Num rows: 3 Data size: 0 Basic stats: PARTIAL Column stats: COMPLETE
+                            Statistics: Num rows: 3 Data size: 24 Basic stats: COMPLETE Column stats: COMPLETE
                             File Output Operator
                               compressed: false
-                              Statistics: Num rows: 3 Data size: 0 Basic stats: PARTIAL Column stats: COMPLETE
+                              Statistics: Num rows: 3 Data size: 24 Basic stats: COMPLETE Column stats: COMPLETE
                               table:
                                   input format: org.apache.hadoop.mapred.SequenceFileInputFormat
                                   output format: org.apache.hadoop.hive.ql.io.HiveSequenceFileOutputFormat
@@ -363,23 +363,23 @@ STAGE PLANS:
                     Select Operator
                       expressions: _col5 (type: array<int>)
                       outputColumnNames: _col0
-                      Statistics: Num rows: 1000 Data size: 0 Basic stats: PARTIAL Column stats: COMPLETE
+                      Statistics: Num rows: 1000 Data size: 8000 Basic stats: COMPLETE Column stats: COMPLETE
                       UDTF Operator
-                        Statistics: Num rows: 1000 Data size: 0 Basic stats: PARTIAL Column stats: COMPLETE
+                        Statistics: Num rows: 1000 Data size: 8000 Basic stats: COMPLETE Column stats: COMPLETE
                         function name: explode
                         Lateral View Join Operator
                           outputColumnNames: _col6
-                          Statistics: Num rows: 2000 Data size: 268000 Basic stats: COMPLETE Column stats: COMPLETE
+                          Statistics: Num rows: 2000 Data size: 276000 Basic stats: COMPLETE Column stats: COMPLETE
                           Select Operator
                             expressions: _col6 (type: int)
                             outputColumnNames: _col0
-                            Statistics: Num rows: 2000 Data size: 268000 Basic stats: COMPLETE Column stats: COMPLETE
+                            Statistics: Num rows: 2000 Data size: 276000 Basic stats: COMPLETE Column stats: COMPLETE
                             Limit
                               Number of rows: 3
-                              Statistics: Num rows: 3 Data size: 0 Basic stats: PARTIAL Column stats: COMPLETE
+                              Statistics: Num rows: 3 Data size: 24 Basic stats: COMPLETE Column stats: COMPLETE
                               File Output Operator
                                 compressed: false
-                                Statistics: Num rows: 3 Data size: 0 Basic stats: PARTIAL Column stats: COMPLETE
+                                Statistics: Num rows: 3 Data size: 24 Basic stats: COMPLETE Column stats: COMPLETE
                                 table:
                                     input format: org.apache.hadoop.mapred.SequenceFileInputFormat
                                     output format: org.apache.hadoop.hive.ql.io.HiveSequenceFileOutputFormat
@@ -400,17 +400,17 @@ STAGE PLANS:
                         Statistics: Num rows: 1000 Data size: 268000 Basic stats: COMPLETE Column stats: COMPLETE
                         Lateral View Join Operator
                           outputColumnNames: _col6
-                          Statistics: Num rows: 2000 Data size: 268000 Basic stats: COMPLETE Column stats: COMPLETE
+                          Statistics: Num rows: 2000 Data size: 276000 Basic stats: COMPLETE Column stats: COMPLETE
                           Select Operator
                             expressions: _col6 (type: int)
                             outputColumnNames: _col0
-                            Statistics: Num rows: 2000 Data size: 268000 Basic stats: COMPLETE Column stats: COMPLETE
+                            Statistics: Num rows: 2000 Data size: 276000 Basic stats: COMPLETE Column stats: COMPLETE
                             Limit
                               Number of rows: 3
-                              Statistics: Num rows: 3 Data size: 0 Basic stats: PARTIAL Column stats: COMPLETE
+                              Statistics: Num rows: 3 Data size: 24 Basic stats: COMPLETE Column stats: COMPLETE
                               File Output Operator
                                 compressed: false
-                                Statistics: Num rows: 3 Data size: 0 Basic stats: PARTIAL Column stats: COMPLETE
+                                Statistics: Num rows: 3 Data size: 24 Basic stats: COMPLETE Column stats: COMPLETE
                                 table:
                                     input format: org.apache.hadoop.mapred.SequenceFileInputFormat
                                     output format: org.apache.hadoop.hive.ql.io.HiveSequenceFileOutputFormat
@@ -418,23 +418,23 @@ STAGE PLANS:
                       Select Operator
                         expressions: _col5 (type: array<int>)
                         outputColumnNames: _col0
-                        Statistics: Num rows: 1000 Data size: 0 Basic stats: PARTIAL Column stats: COMPLETE
+                        Statistics: Num rows: 1000 Data size: 8000 Basic stats: COMPLETE Column stats: COMPLETE
                         UDTF Operator
-                          Statistics: Num rows: 1000 Data size: 0 Basic stats: PARTIAL Column stats: COMPLETE
+                          Statistics: Num rows: 1000 Data size: 8000 Basic stats: COMPLETE Column stats: COMPLETE
                           function name: explode
                           Lateral View Join Operator
                             outputColumnNames: _col6
-                            Statistics: Num rows: 2000 Data size: 268000 Basic stats: COMPLETE Column stats: COMPLETE
+                            Statistics: Num rows: 2000 Data size: 276000 Basic stats: COMPLETE Column stats: COMPLETE
                             Select Operator
                               expressions: _col6 (type: int)
                               outputColumnNames: _col0
-                              Statistics: Num rows: 2000 Data size: 268000 Basic stats: COMPLETE Column stats: COMPLETE
+                              Statistics: Num rows: 2000 Data size: 276000 Basic stats: COMPLETE Column stats: COMPLETE
                               Limit
                                 Number of rows: 3
-                                Statistics: Num rows: 3 Data size: 0 Basic stats: PARTIAL Column stats: COMPLETE
+                                Statistics: Num rows: 3 Data size: 24 Basic stats: COMPLETE Column stats: COMPLETE
                                 File Output Operator
                                   compressed: false
-                                  Statistics: Num rows: 3 Data size: 0 Basic stats: PARTIAL Column stats: COMPLETE
+                                  Statistics: Num rows: 3 Data size: 24 Basic stats: COMPLETE Column stats: COMPLETE
                                   table:
                                       input format: org.apache.hadoop.mapred.SequenceFileInputFormat
                                       output format: org.apache.hadoop.hive.ql.io.HiveSequenceFileOutputFormat
@@ -529,13 +529,13 @@ STAGE PLANS:
                   Select Operator
                     expressions: _col4 (type: int)
                     outputColumnNames: _col0
-                    Statistics: Num rows: 1000 Data size: 0 Basic stats: PARTIAL Column stats: COMPLETE
+                    Statistics: Num rows: 1000 Data size: 8000 Basic stats: COMPLETE Column stats: COMPLETE
                     Limit
                       Number of rows: 3
-                      Statistics: Num rows: 3 Data size: 0 Basic stats: PARTIAL Column stats: COMPLETE
+                      Statistics: Num rows: 3 Data size: 24 Basic stats: COMPLETE Column stats: COMPLETE
                       File Output Operator
                         compressed: false
-                        Statistics: Num rows: 3 Data size: 0 Basic stats: PARTIAL Column stats: COMPLETE
+                        Statistics: Num rows: 3 Data size: 24 Basic stats: COMPLETE Column stats: COMPLETE
                         table:
                             input format: org.apache.hadoop.mapred.SequenceFileInputFormat
                             output format: org.apache.hadoop.hive.ql.io.HiveSequenceFileOutputFormat
@@ -553,13 +553,13 @@ STAGE PLANS:
                     Select Operator
                       expressions: _col4 (type: int)
                       outputColumnNames: _col0
-                      Statistics: Num rows: 1000 Data size: 0 Basic stats: PARTIAL Column stats: COMPLETE
+                      Statistics: Num rows: 1000 Data size: 8000 Basic stats: COMPLETE Column stats: COMPLETE
                       Limit
                         Number of rows: 3
-                        Statistics: Num rows: 3 Data size: 0 Basic stats: PARTIAL Column stats: COMPLETE
+                        Statistics: Num rows: 3 Data size: 24 Basic stats: COMPLETE Column stats: COMPLETE
                         File Output Operator
                           compressed: false
-                          Statistics: Num rows: 3 Data size: 0 Basic stats: PARTIAL Column stats: COMPLETE
+                          Statistics: Num rows: 3 Data size: 24 Basic stats: COMPLETE Column stats: COMPLETE
                           table:
                               input format: org.apache.hadoop.mapred.SequenceFileInputFormat
                               output format: org.apache.hadoop.hive.ql.io.HiveSequenceFileOutputFormat
diff --git a/ql/src/test/results/clientpositive/lateral_view_explode2.q.out b/ql/src/test/results/clientpositive/lateral_view_explode2.q.out
index ef6e4c7f4e..911f660d78 100644
--- a/ql/src/test/results/clientpositive/lateral_view_explode2.q.out
+++ b/ql/src/test/results/clientpositive/lateral_view_explode2.q.out
@@ -30,12 +30,12 @@ STAGE PLANS:
                     keys: _col5 (type: int), _col6 (type: int)
                     mode: hash
                     outputColumnNames: _col0, _col1
-                    Statistics: Num rows: 1 Data size: 0 Basic stats: PARTIAL Column stats: COMPLETE
+                    Statistics: Num rows: 1 Data size: 8 Basic stats: COMPLETE Column stats: COMPLETE
                     Reduce Output Operator
                       key expressions: _col0 (type: int), _col1 (type: int)
                       sort order: ++
                       Map-reduce partition columns: _col0 (type: int), _col1 (type: int)
-                      Statistics: Num rows: 1 Data size: 0 Basic stats: PARTIAL Column stats: COMPLETE
+                      Statistics: Num rows: 1 Data size: 8 Basic stats: COMPLETE Column stats: COMPLETE
                       TopN Hash Memory Usage: 0.1
               Select Operator
                 expressions: array(1,2,3) (type: array<int>)
@@ -51,25 +51,25 @@ STAGE PLANS:
                       keys: _col5 (type: int), _col6 (type: int)
                       mode: hash
                       outputColumnNames: _col0, _col1
-                      Statistics: Num rows: 1 Data size: 0 Basic stats: PARTIAL Column stats: COMPLETE
+                      Statistics: Num rows: 1 Data size: 8 Basic stats: COMPLETE Column stats: COMPLETE
                       Reduce Output Operator
                         key expressions: _col0 (type: int), _col1 (type: int)
                         sort order: ++
                         Map-reduce partition columns: _col0 (type: int), _col1 (type: int)
-                        Statistics: Num rows: 1 Data size: 0 Basic stats: PARTIAL Column stats: COMPLETE
+                        Statistics: Num rows: 1 Data size: 8 Basic stats: COMPLETE Column stats: COMPLETE
                         TopN Hash Memory Usage: 0.1
       Reduce Operator Tree:
         Group By Operator
           keys: KEY._col0 (type: int), KEY._col1 (type: int)
           mode: mergepartial
           outputColumnNames: _col0, _col1
-          Statistics: Num rows: 1 Data size: 0 Basic stats: PARTIAL Column stats: COMPLETE
+          Statistics: Num rows: 1 Data size: 8 Basic stats: COMPLETE Column stats: COMPLETE
           Limit
             Number of rows: 3
-            Statistics: Num rows: 1 Data size: 0 Basic stats: PARTIAL Column stats: COMPLETE
+            Statistics: Num rows: 1 Data size: 8 Basic stats: COMPLETE Column stats: COMPLETE
             File Output Operator
               compressed: false
-              Statistics: Num rows: 1 Data size: 0 Basic stats: PARTIAL Column stats: COMPLETE
+              Statistics: Num rows: 1 Data size: 8 Basic stats: COMPLETE Column stats: COMPLETE
               table:
                   input format: org.apache.hadoop.mapred.SequenceFileInputFormat
                   output format: org.apache.hadoop.hive.ql.io.HiveSequenceFileOutputFormat
diff --git a/ql/src/test/results/clientpositive/lateral_view_noalias.q.out b/ql/src/test/results/clientpositive/lateral_view_noalias.q.out
index 3532737229..7c08b86084 100644
--- a/ql/src/test/results/clientpositive/lateral_view_noalias.q.out
+++ b/ql/src/test/results/clientpositive/lateral_view_noalias.q.out
@@ -28,7 +28,7 @@ STAGE PLANS:
                   Statistics: Num rows: 1000 Data size: 364000 Basic stats: COMPLETE Column stats: COMPLETE
                   Limit
                     Number of rows: 2
-                    Statistics: Num rows: 2 Data size: 0 Basic stats: PARTIAL Column stats: COMPLETE
+                    Statistics: Num rows: 2 Data size: 16 Basic stats: COMPLETE Column stats: COMPLETE
                     ListSink
             Select Operator
               expressions: map('key1':100,'key2':200) (type: map<string,int>)
@@ -46,7 +46,7 @@ STAGE PLANS:
                     Statistics: Num rows: 1000 Data size: 364000 Basic stats: COMPLETE Column stats: COMPLETE
                     Limit
                       Number of rows: 2
-                      Statistics: Num rows: 2 Data size: 0 Basic stats: PARTIAL Column stats: COMPLETE
+                      Statistics: Num rows: 2 Data size: 16 Basic stats: COMPLETE Column stats: COMPLETE
                       ListSink
 
 PREHOOK: query: SELECT myTab.* from src LATERAL VIEW explode(map('key1', 100, 'key2', 200)) myTab limit 2
@@ -135,13 +135,13 @@ STAGE PLANS:
                   Select Operator
                     expressions: _col5 (type: string), _col6 (type: int)
                     outputColumnNames: _col0, _col1
-                    Statistics: Num rows: 1000 Data size: 0 Basic stats: PARTIAL Column stats: COMPLETE
+                    Statistics: Num rows: 1000 Data size: 8000 Basic stats: COMPLETE Column stats: COMPLETE
                     Limit
                       Number of rows: 2
-                      Statistics: Num rows: 2 Data size: 0 Basic stats: PARTIAL Column stats: COMPLETE
+                      Statistics: Num rows: 2 Data size: 16 Basic stats: COMPLETE Column stats: COMPLETE
                       Reduce Output Operator
                         sort order: 
-                        Statistics: Num rows: 2 Data size: 0 Basic stats: PARTIAL Column stats: COMPLETE
+                        Statistics: Num rows: 2 Data size: 16 Basic stats: COMPLETE Column stats: COMPLETE
                         TopN Hash Memory Usage: 0.1
                         value expressions: _col0 (type: string), _col1 (type: int)
               Select Operator
@@ -157,26 +157,26 @@ STAGE PLANS:
                     Select Operator
                       expressions: _col5 (type: string), _col6 (type: int)
                       outputColumnNames: _col0, _col1
-                      Statistics: Num rows: 1000 Data size: 0 Basic stats: PARTIAL Column stats: COMPLETE
+                      Statistics: Num rows: 1000 Data size: 8000 Basic stats: COMPLETE Column stats: COMPLETE
                       Limit
                         Number of rows: 2
-                        Statistics: Num rows: 2 Data size: 0 Basic stats: PARTIAL Column stats: COMPLETE
+                        Statistics: Num rows: 2 Data size: 16 Basic stats: COMPLETE Column stats: COMPLETE
                         Reduce Output Operator
                           sort order: 
-                          Statistics: Num rows: 2 Data size: 0 Basic stats: PARTIAL Column stats: COMPLETE
+                          Statistics: Num rows: 2 Data size: 16 Basic stats: COMPLETE Column stats: COMPLETE
                           TopN Hash Memory Usage: 0.1
                           value expressions: _col0 (type: string), _col1 (type: int)
       Reduce Operator Tree:
         Select Operator
           expressions: VALUE._col0 (type: string), VALUE._col1 (type: int)
           outputColumnNames: _col0, _col1
-          Statistics: Num rows: 2 Data size: 0 Basic stats: PARTIAL Column stats: COMPLETE
+          Statistics: Num rows: 2 Data size: 16 Basic stats: COMPLETE Column stats: COMPLETE
           Limit
             Number of rows: 2
-            Statistics: Num rows: 2 Data size: 0 Basic stats: PARTIAL Column stats: COMPLETE
+            Statistics: Num rows: 2 Data size: 16 Basic stats: COMPLETE Column stats: COMPLETE
             Filter Operator
               predicate: _col0 is not null (type: boolean)
-              Statistics: Num rows: 1 Data size: 0 Basic stats: PARTIAL Column stats: COMPLETE
+              Statistics: Num rows: 2 Data size: 16 Basic stats: COMPLETE Column stats: COMPLETE
               File Output Operator
                 compressed: false
                 table:
@@ -192,14 +192,14 @@ STAGE PLANS:
               key expressions: _col0 (type: string)
               sort order: +
               Map-reduce partition columns: _col0 (type: string)
-              Statistics: Num rows: 1 Data size: 0 Basic stats: PARTIAL Column stats: COMPLETE
+              Statistics: Num rows: 2 Data size: 16 Basic stats: COMPLETE Column stats: COMPLETE
               value expressions: _col1 (type: int)
           TableScan
             Reduce Output Operator
               key expressions: _col0 (type: string)
               sort order: +
               Map-reduce partition columns: _col0 (type: string)
-              Statistics: Num rows: 1 Data size: 0 Basic stats: PARTIAL Column stats: COMPLETE
+              Statistics: Num rows: 2 Data size: 16 Basic stats: COMPLETE Column stats: COMPLETE
               value expressions: _col1 (type: int)
       Reduce Operator Tree:
         Join Operator
@@ -209,10 +209,10 @@ STAGE PLANS:
             0 _col0 (type: string)
             1 _col0 (type: string)
           outputColumnNames: _col0, _col1, _col2, _col3
-          Statistics: Num rows: 1 Data size: 0 Basic stats: PARTIAL Column stats: NONE
+          Statistics: Num rows: 2 Data size: 432 Basic stats: COMPLETE Column stats: COMPLETE
           File Output Operator
             compressed: false
-            Statistics: Num rows: 1 Data size: 0 Basic stats: PARTIAL Column stats: NONE
+            Statistics: Num rows: 2 Data size: 432 Basic stats: COMPLETE Column stats: COMPLETE
             table:
                 input format: org.apache.hadoop.mapred.SequenceFileInputFormat
                 output format: org.apache.hadoop.hive.ql.io.HiveSequenceFileOutputFormat
@@ -234,13 +234,13 @@ STAGE PLANS:
                   Select Operator
                     expressions: _col5 (type: string), _col6 (type: int)
                     outputColumnNames: _col0, _col1
-                    Statistics: Num rows: 1000 Data size: 0 Basic stats: PARTIAL Column stats: COMPLETE
+                    Statistics: Num rows: 1000 Data size: 8000 Basic stats: COMPLETE Column stats: COMPLETE
                     Limit
                       Number of rows: 2
-                      Statistics: Num rows: 2 Data size: 0 Basic stats: PARTIAL Column stats: COMPLETE
+                      Statistics: Num rows: 2 Data size: 16 Basic stats: COMPLETE Column stats: COMPLETE
                       Reduce Output Operator
                         sort order: 
-                        Statistics: Num rows: 2 Data size: 0 Basic stats: PARTIAL Column stats: COMPLETE
+                        Statistics: Num rows: 2 Data size: 16 Basic stats: COMPLETE Column stats: COMPLETE
                         TopN Hash Memory Usage: 0.1
                         value expressions: _col0 (type: string), _col1 (type: int)
               Select Operator
@@ -256,26 +256,26 @@ STAGE PLANS:
                     Select Operator
                       expressions: _col5 (type: string), _col6 (type: int)
                       outputColumnNames: _col0, _col1
-                      Statistics: Num rows: 1000 Data size: 0 Basic stats: PARTIAL Column stats: COMPLETE
+                      Statistics: Num rows: 1000 Data size: 8000 Basic stats: COMPLETE Column stats: COMPLETE
                       Limit
                         Number of rows: 2
-                        Statistics: Num rows: 2 Data size: 0 Basic stats: PARTIAL Column stats: COMPLETE
+                        Statistics: Num rows: 2 Data size: 16 Basic stats: COMPLETE Column stats: COMPLETE
                         Reduce Output Operator
                           sort order: 
-                          Statistics: Num rows: 2 Data size: 0 Basic stats: PARTIAL Column stats: COMPLETE
+                          Statistics: Num rows: 2 Data size: 16 Basic stats: COMPLETE Column stats: COMPLETE
                           TopN Hash Memory Usage: 0.1
                           value expressions: _col0 (type: string), _col1 (type: int)
       Reduce Operator Tree:
         Select Operator
           expressions: VALUE._col0 (type: string), VALUE._col1 (type: int)
           outputColumnNames: _col0, _col1
-          Statistics: Num rows: 2 Data size: 0 Basic stats: PARTIAL Column stats: COMPLETE
+          Statistics: Num rows: 2 Data size: 16 Basic stats: COMPLETE Column stats: COMPLETE
           Limit
             Number of rows: 2
-            Statistics: Num rows: 2 Data size: 0 Basic stats: PARTIAL Column stats: COMPLETE
+            Statistics: Num rows: 2 Data size: 16 Basic stats: COMPLETE Column stats: COMPLETE
             Filter Operator
               predicate: _col0 is not null (type: boolean)
-              Statistics: Num rows: 1 Data size: 0 Basic stats: PARTIAL Column stats: COMPLETE
+              Statistics: Num rows: 2 Data size: 16 Basic stats: COMPLETE Column stats: COMPLETE
               File Output Operator
                 compressed: false
                 table:
diff --git a/ql/src/test/results/clientpositive/lateral_view_onview.q.out b/ql/src/test/results/clientpositive/lateral_view_onview.q.out
index a5e2dcdc06..015c70114f 100644
--- a/ql/src/test/results/clientpositive/lateral_view_onview.q.out
+++ b/ql/src/test/results/clientpositive/lateral_view_onview.q.out
@@ -142,24 +142,24 @@ STAGE PLANS:
             alias: lv_table
             Statistics: Num rows: 500 Data size: 8500 Basic stats: COMPLETE Column stats: COMPLETE
             Select Operator
-              Statistics: Num rows: 500 Data size: 0 Basic stats: PARTIAL Column stats: COMPLETE
+              Statistics: Num rows: 500 Data size: 4000 Basic stats: COMPLETE Column stats: COMPLETE
               Lateral View Forward
-                Statistics: Num rows: 500 Data size: 0 Basic stats: PARTIAL Column stats: COMPLETE
+                Statistics: Num rows: 500 Data size: 4000 Basic stats: COMPLETE Column stats: COMPLETE
                 Select Operator
-                  Statistics: Num rows: 500 Data size: 0 Basic stats: PARTIAL Column stats: COMPLETE
+                  Statistics: Num rows: 500 Data size: 4000 Basic stats: COMPLETE Column stats: COMPLETE
                   Lateral View Join Operator
                     outputColumnNames: _col4
-                    Statistics: Num rows: 1000 Data size: 0 Basic stats: PARTIAL Column stats: COMPLETE
+                    Statistics: Num rows: 1000 Data size: 32000 Basic stats: COMPLETE Column stats: COMPLETE
                     Select Operator
                       expressions: _col4 (type: int)
                       outputColumnNames: _col0
-                      Statistics: Num rows: 1000 Data size: 0 Basic stats: PARTIAL Column stats: COMPLETE
+                      Statistics: Num rows: 1000 Data size: 32000 Basic stats: COMPLETE Column stats: COMPLETE
                       Limit
                         Number of rows: 3
-                        Statistics: Num rows: 3 Data size: 0 Basic stats: PARTIAL Column stats: COMPLETE
+                        Statistics: Num rows: 3 Data size: 24 Basic stats: COMPLETE Column stats: COMPLETE
                         File Output Operator
                           compressed: false
-                          Statistics: Num rows: 3 Data size: 0 Basic stats: PARTIAL Column stats: COMPLETE
+                          Statistics: Num rows: 3 Data size: 24 Basic stats: COMPLETE Column stats: COMPLETE
                           table:
                               input format: org.apache.hadoop.mapred.SequenceFileInputFormat
                               output format: org.apache.hadoop.hive.ql.io.HiveSequenceFileOutputFormat
@@ -167,23 +167,23 @@ STAGE PLANS:
                 Select Operator
                   expressions: array(1,2,3) (type: array<int>)
                   outputColumnNames: _col0
-                  Statistics: Num rows: 500 Data size: 0 Basic stats: PARTIAL Column stats: COMPLETE
+                  Statistics: Num rows: 500 Data size: 28000 Basic stats: COMPLETE Column stats: COMPLETE
                   UDTF Operator
-                    Statistics: Num rows: 500 Data size: 0 Basic stats: PARTIAL Column stats: COMPLETE
+                    Statistics: Num rows: 500 Data size: 28000 Basic stats: COMPLETE Column stats: COMPLETE
                     function name: explode
                     Lateral View Join Operator
                       outputColumnNames: _col4
-                      Statistics: Num rows: 1000 Data size: 0 Basic stats: PARTIAL Column stats: COMPLETE
+                      Statistics: Num rows: 1000 Data size: 32000 Basic stats: COMPLETE Column stats: COMPLETE
                       Select Operator
                         expressions: _col4 (type: int)
                         outputColumnNames: _col0
-                        Statistics: Num rows: 1000 Data size: 0 Basic stats: PARTIAL Column stats: COMPLETE
+                        Statistics: Num rows: 1000 Data size: 32000 Basic stats: COMPLETE Column stats: COMPLETE
                         Limit
                           Number of rows: 3
-                          Statistics: Num rows: 3 Data size: 0 Basic stats: PARTIAL Column stats: COMPLETE
+                          Statistics: Num rows: 3 Data size: 24 Basic stats: COMPLETE Column stats: COMPLETE
                           File Output Operator
                             compressed: false
-                            Statistics: Num rows: 3 Data size: 0 Basic stats: PARTIAL Column stats: COMPLETE
+                            Statistics: Num rows: 3 Data size: 24 Basic stats: COMPLETE Column stats: COMPLETE
                             table:
                                 input format: org.apache.hadoop.mapred.SequenceFileInputFormat
                                 output format: org.apache.hadoop.hive.ql.io.HiveSequenceFileOutputFormat
@@ -211,33 +211,33 @@ STAGE PLANS:
             alias: lv_table
             Statistics: Num rows: 500 Data size: 8500 Basic stats: COMPLETE Column stats: COMPLETE
             Select Operator
-              Statistics: Num rows: 500 Data size: 0 Basic stats: PARTIAL Column stats: COMPLETE
+              Statistics: Num rows: 500 Data size: 4000 Basic stats: COMPLETE Column stats: COMPLETE
               Lateral View Forward
-                Statistics: Num rows: 500 Data size: 0 Basic stats: PARTIAL Column stats: COMPLETE
+                Statistics: Num rows: 500 Data size: 4000 Basic stats: COMPLETE Column stats: COMPLETE
                 Select Operator
-                  Statistics: Num rows: 500 Data size: 0 Basic stats: PARTIAL Column stats: COMPLETE
+                  Statistics: Num rows: 500 Data size: 4000 Basic stats: COMPLETE Column stats: COMPLETE
                   Lateral View Join Operator
                     outputColumnNames: _col4
-                    Statistics: Num rows: 1000 Data size: 0 Basic stats: PARTIAL Column stats: COMPLETE
+                    Statistics: Num rows: 1000 Data size: 32000 Basic stats: COMPLETE Column stats: COMPLETE
                     Lateral View Forward
-                      Statistics: Num rows: 1000 Data size: 0 Basic stats: PARTIAL Column stats: COMPLETE
+                      Statistics: Num rows: 1000 Data size: 32000 Basic stats: COMPLETE Column stats: COMPLETE
                       Select Operator
                         expressions: _col4 (type: int)
                         outputColumnNames: _col4
-                        Statistics: Num rows: 1000 Data size: 0 Basic stats: PARTIAL Column stats: COMPLETE
+                        Statistics: Num rows: 1000 Data size: 56000 Basic stats: COMPLETE Column stats: COMPLETE
                         Lateral View Join Operator
                           outputColumnNames: _col4, _col5
-                          Statistics: Num rows: 2000 Data size: 0 Basic stats: PARTIAL Column stats: COMPLETE
+                          Statistics: Num rows: 2000 Data size: 56000 Basic stats: COMPLETE Column stats: COMPLETE
                           Select Operator
                             expressions: _col4 (type: int), _col5 (type: string)
                             outputColumnNames: _col0, _col1
-                            Statistics: Num rows: 2000 Data size: 0 Basic stats: PARTIAL Column stats: COMPLETE
+                            Statistics: Num rows: 2000 Data size: 16000 Basic stats: COMPLETE Column stats: COMPLETE
                             Limit
                               Number of rows: 9
-                              Statistics: Num rows: 9 Data size: 0 Basic stats: PARTIAL Column stats: COMPLETE
+                              Statistics: Num rows: 9 Data size: 72 Basic stats: COMPLETE Column stats: COMPLETE
                               File Output Operator
                                 compressed: false
-                                Statistics: Num rows: 9 Data size: 0 Basic stats: PARTIAL Column stats: COMPLETE
+                                Statistics: Num rows: 9 Data size: 72 Basic stats: COMPLETE Column stats: COMPLETE
                                 table:
                                     input format: org.apache.hadoop.mapred.SequenceFileInputFormat
                                     output format: org.apache.hadoop.hive.ql.io.HiveSequenceFileOutputFormat
@@ -251,17 +251,17 @@ STAGE PLANS:
                           function name: explode
                           Lateral View Join Operator
                             outputColumnNames: _col4, _col5
-                            Statistics: Num rows: 2000 Data size: 0 Basic stats: PARTIAL Column stats: COMPLETE
+                            Statistics: Num rows: 2000 Data size: 56000 Basic stats: COMPLETE Column stats: COMPLETE
                             Select Operator
                               expressions: _col4 (type: int), _col5 (type: string)
                               outputColumnNames: _col0, _col1
-                              Statistics: Num rows: 2000 Data size: 0 Basic stats: PARTIAL Column stats: COMPLETE
+                              Statistics: Num rows: 2000 Data size: 16000 Basic stats: COMPLETE Column stats: COMPLETE
                               Limit
                                 Number of rows: 9
-                                Statistics: Num rows: 9 Data size: 0 Basic stats: PARTIAL Column stats: COMPLETE
+                                Statistics: Num rows: 9 Data size: 72 Basic stats: COMPLETE Column stats: COMPLETE
                                 File Output Operator
                                   compressed: false
-                                  Statistics: Num rows: 9 Data size: 0 Basic stats: PARTIAL Column stats: COMPLETE
+                                  Statistics: Num rows: 9 Data size: 72 Basic stats: COMPLETE Column stats: COMPLETE
                                   table:
                                       input format: org.apache.hadoop.mapred.SequenceFileInputFormat
                                       output format: org.apache.hadoop.hive.ql.io.HiveSequenceFileOutputFormat
@@ -269,32 +269,32 @@ STAGE PLANS:
                 Select Operator
                   expressions: array(1,2,3) (type: array<int>)
                   outputColumnNames: _col0
-                  Statistics: Num rows: 500 Data size: 0 Basic stats: PARTIAL Column stats: COMPLETE
+                  Statistics: Num rows: 500 Data size: 28000 Basic stats: COMPLETE Column stats: COMPLETE
                   UDTF Operator
-                    Statistics: Num rows: 500 Data size: 0 Basic stats: PARTIAL Column stats: COMPLETE
+                    Statistics: Num rows: 500 Data size: 28000 Basic stats: COMPLETE Column stats: COMPLETE
                     function name: explode
                     Lateral View Join Operator
                       outputColumnNames: _col4
-                      Statistics: Num rows: 1000 Data size: 0 Basic stats: PARTIAL Column stats: COMPLETE
+                      Statistics: Num rows: 1000 Data size: 32000 Basic stats: COMPLETE Column stats: COMPLETE
                       Lateral View Forward
-                        Statistics: Num rows: 1000 Data size: 0 Basic stats: PARTIAL Column stats: COMPLETE
+                        Statistics: Num rows: 1000 Data size: 32000 Basic stats: COMPLETE Column stats: COMPLETE
                         Select Operator
                           expressions: _col4 (type: int)
                           outputColumnNames: _col4
-                          Statistics: Num rows: 1000 Data size: 0 Basic stats: PARTIAL Column stats: COMPLETE
+                          Statistics: Num rows: 1000 Data size: 56000 Basic stats: COMPLETE Column stats: COMPLETE
                           Lateral View Join Operator
                             outputColumnNames: _col4, _col5
-                            Statistics: Num rows: 2000 Data size: 0 Basic stats: PARTIAL Column stats: COMPLETE
+                            Statistics: Num rows: 2000 Data size: 56000 Basic stats: COMPLETE Column stats: COMPLETE
                             Select Operator
                               expressions: _col4 (type: int), _col5 (type: string)
                               outputColumnNames: _col0, _col1
-                              Statistics: Num rows: 2000 Data size: 0 Basic stats: PARTIAL Column stats: COMPLETE
+                              Statistics: Num rows: 2000 Data size: 16000 Basic stats: COMPLETE Column stats: COMPLETE
                               Limit
                                 Number of rows: 9
-                                Statistics: Num rows: 9 Data size: 0 Basic stats: PARTIAL Column stats: COMPLETE
+                                Statistics: Num rows: 9 Data size: 72 Basic stats: COMPLETE Column stats: COMPLETE
                                 File Output Operator
                                   compressed: false
-                                  Statistics: Num rows: 9 Data size: 0 Basic stats: PARTIAL Column stats: COMPLETE
+                                  Statistics: Num rows: 9 Data size: 72 Basic stats: COMPLETE Column stats: COMPLETE
                                   table:
                                       input format: org.apache.hadoop.mapred.SequenceFileInputFormat
                                       output format: org.apache.hadoop.hive.ql.io.HiveSequenceFileOutputFormat
@@ -308,17 +308,17 @@ STAGE PLANS:
                             function name: explode
                             Lateral View Join Operator
                               outputColumnNames: _col4, _col5
-                              Statistics: Num rows: 2000 Data size: 0 Basic stats: PARTIAL Column stats: COMPLETE
+                              Statistics: Num rows: 2000 Data size: 56000 Basic stats: COMPLETE Column stats: COMPLETE
                               Select Operator
                                 expressions: _col4 (type: int), _col5 (type: string)
                                 outputColumnNames: _col0, _col1
-                                Statistics: Num rows: 2000 Data size: 0 Basic stats: PARTIAL Column stats: COMPLETE
+                                Statistics: Num rows: 2000 Data size: 16000 Basic stats: COMPLETE Column stats: COMPLETE
                                 Limit
                                   Number of rows: 9
-                                  Statistics: Num rows: 9 Data size: 0 Basic stats: PARTIAL Column stats: COMPLETE
+                                  Statistics: Num rows: 9 Data size: 72 Basic stats: COMPLETE Column stats: COMPLETE
                                   File Output Operator
                                     compressed: false
-                                    Statistics: Num rows: 9 Data size: 0 Basic stats: PARTIAL Column stats: COMPLETE
+                                    Statistics: Num rows: 9 Data size: 72 Basic stats: COMPLETE Column stats: COMPLETE
                                     table:
                                         input format: org.apache.hadoop.mapred.SequenceFileInputFormat
                                         output format: org.apache.hadoop.hive.ql.io.HiveSequenceFileOutputFormat
@@ -346,31 +346,31 @@ STAGE PLANS:
             alias: lv_table
             Statistics: Num rows: 500 Data size: 8500 Basic stats: COMPLETE Column stats: COMPLETE
             Select Operator
-              Statistics: Num rows: 500 Data size: 0 Basic stats: PARTIAL Column stats: COMPLETE
+              Statistics: Num rows: 500 Data size: 4000 Basic stats: COMPLETE Column stats: COMPLETE
               Lateral View Forward
-                Statistics: Num rows: 500 Data size: 0 Basic stats: PARTIAL Column stats: COMPLETE
+                Statistics: Num rows: 500 Data size: 4000 Basic stats: COMPLETE Column stats: COMPLETE
                 Select Operator
-                  Statistics: Num rows: 500 Data size: 0 Basic stats: PARTIAL Column stats: COMPLETE
+                  Statistics: Num rows: 500 Data size: 4000 Basic stats: COMPLETE Column stats: COMPLETE
                   Lateral View Join Operator
                     outputColumnNames: _col4
-                    Statistics: Num rows: 1000 Data size: 0 Basic stats: PARTIAL Column stats: COMPLETE
+                    Statistics: Num rows: 1000 Data size: 28000 Basic stats: COMPLETE Column stats: COMPLETE
                     Lateral View Forward
-                      Statistics: Num rows: 1000 Data size: 0 Basic stats: PARTIAL Column stats: COMPLETE
+                      Statistics: Num rows: 1000 Data size: 28000 Basic stats: COMPLETE Column stats: COMPLETE
                       Select Operator
-                        Statistics: Num rows: 1000 Data size: 0 Basic stats: PARTIAL Column stats: COMPLETE
+                        Statistics: Num rows: 1000 Data size: 48000 Basic stats: COMPLETE Column stats: COMPLETE
                         Lateral View Join Operator
                           outputColumnNames: _col5
-                          Statistics: Num rows: 2000 Data size: 0 Basic stats: PARTIAL Column stats: COMPLETE
+                          Statistics: Num rows: 2000 Data size: 56000 Basic stats: COMPLETE Column stats: COMPLETE
                           Select Operator
                             expressions: _col5 (type: int)
                             outputColumnNames: _col0
-                            Statistics: Num rows: 2000 Data size: 0 Basic stats: PARTIAL Column stats: COMPLETE
+                            Statistics: Num rows: 2000 Data size: 56000 Basic stats: COMPLETE Column stats: COMPLETE
                             Limit
                               Number of rows: 3
-                              Statistics: Num rows: 3 Data size: 0 Basic stats: PARTIAL Column stats: COMPLETE
+                              Statistics: Num rows: 3 Data size: 24 Basic stats: COMPLETE Column stats: COMPLETE
                               File Output Operator
                                 compressed: false
-                                Statistics: Num rows: 3 Data size: 0 Basic stats: PARTIAL Column stats: COMPLETE
+                                Statistics: Num rows: 3 Data size: 24 Basic stats: COMPLETE Column stats: COMPLETE
                                 table:
                                     input format: org.apache.hadoop.mapred.SequenceFileInputFormat
                                     output format: org.apache.hadoop.hive.ql.io.HiveSequenceFileOutputFormat
@@ -378,23 +378,23 @@ STAGE PLANS:
                       Select Operator
                         expressions: _col4 (type: array<int>)
                         outputColumnNames: _col0
-                        Statistics: Num rows: 1000 Data size: 0 Basic stats: PARTIAL Column stats: COMPLETE
+                        Statistics: Num rows: 1000 Data size: 8000 Basic stats: COMPLETE Column stats: COMPLETE
                         UDTF Operator
-                          Statistics: Num rows: 1000 Data size: 0 Basic stats: PARTIAL Column stats: COMPLETE
+                          Statistics: Num rows: 1000 Data size: 8000 Basic stats: COMPLETE Column stats: COMPLETE
                           function name: explode
                           Lateral View Join Operator
                             outputColumnNames: _col5
-                            Statistics: Num rows: 2000 Data size: 0 Basic stats: PARTIAL Column stats: COMPLETE
+                            Statistics: Num rows: 2000 Data size: 56000 Basic stats: COMPLETE Column stats: COMPLETE
                             Select Operator
                               expressions: _col5 (type: int)
                               outputColumnNames: _col0
-                              Statistics: Num rows: 2000 Data size: 0 Basic stats: PARTIAL Column stats: COMPLETE
+                              Statistics: Num rows: 2000 Data size: 56000 Basic stats: COMPLETE Column stats: COMPLETE
                               Limit
                                 Number of rows: 3
-                                Statistics: Num rows: 3 Data size: 0 Basic stats: PARTIAL Column stats: COMPLETE
+                                Statistics: Num rows: 3 Data size: 24 Basic stats: COMPLETE Column stats: COMPLETE
                                 File Output Operator
                                   compressed: false
-                                  Statistics: Num rows: 3 Data size: 0 Basic stats: PARTIAL Column stats: COMPLETE
+                                  Statistics: Num rows: 3 Data size: 24 Basic stats: COMPLETE Column stats: COMPLETE
                                   table:
                                       input format: org.apache.hadoop.mapred.SequenceFileInputFormat
                                       output format: org.apache.hadoop.hive.ql.io.HiveSequenceFileOutputFormat
@@ -402,30 +402,30 @@ STAGE PLANS:
                 Select Operator
                   expressions: array(array(1,2,3)) (type: array<array<int>>)
                   outputColumnNames: _col0
-                  Statistics: Num rows: 500 Data size: 0 Basic stats: PARTIAL Column stats: COMPLETE
+                  Statistics: Num rows: 500 Data size: 24000 Basic stats: COMPLETE Column stats: COMPLETE
                   UDTF Operator
-                    Statistics: Num rows: 500 Data size: 0 Basic stats: PARTIAL Column stats: COMPLETE
+                    Statistics: Num rows: 500 Data size: 24000 Basic stats: COMPLETE Column stats: COMPLETE
                     function name: explode
                     Lateral View Join Operator
                       outputColumnNames: _col4
-                      Statistics: Num rows: 1000 Data size: 0 Basic stats: PARTIAL Column stats: COMPLETE
+                      Statistics: Num rows: 1000 Data size: 28000 Basic stats: COMPLETE Column stats: COMPLETE
                       Lateral View Forward
-                        Statistics: Num rows: 1000 Data size: 0 Basic stats: PARTIAL Column stats: COMPLETE
+                        Statistics: Num rows: 1000 Data size: 28000 Basic stats: COMPLETE Column stats: COMPLETE
                         Select Operator
-                          Statistics: Num rows: 1000 Data size: 0 Basic stats: PARTIAL Column stats: COMPLETE
+                          Statistics: Num rows: 1000 Data size: 48000 Basic stats: COMPLETE Column stats: COMPLETE
                           Lateral View Join Operator
                             outputColumnNames: _col5
-                            Statistics: Num rows: 2000 Data size: 0 Basic stats: PARTIAL Column stats: COMPLETE
+                            Statistics: Num rows: 2000 Data size: 56000 Basic stats: COMPLETE Column stats: COMPLETE
                             Select Operator
                               expressions: _col5 (type: int)
                               outputColumnNames: _col0
-                              Statistics: Num rows: 2000 Data size: 0 Basic stats: PARTIAL Column stats: COMPLETE
+                              Statistics: Num rows: 2000 Data size: 56000 Basic stats: COMPLETE Column stats: COMPLETE
                               Limit
                                 Number of rows: 3
-                                Statistics: Num rows: 3 Data size: 0 Basic stats: PARTIAL Column stats: COMPLETE
+                                Statistics: Num rows: 3 Data size: 24 Basic stats: COMPLETE Column stats: COMPLETE
                                 File Output Operator
                                   compressed: false
-                                  Statistics: Num rows: 3 Data size: 0 Basic stats: PARTIAL Column stats: COMPLETE
+                                  Statistics: Num rows: 3 Data size: 24 Basic stats: COMPLETE Column stats: COMPLETE
                                   table:
                                       input format: org.apache.hadoop.mapred.SequenceFileInputFormat
                                       output format: org.apache.hadoop.hive.ql.io.HiveSequenceFileOutputFormat
@@ -433,23 +433,23 @@ STAGE PLANS:
                         Select Operator
                           expressions: _col4 (type: array<int>)
                           outputColumnNames: _col0
-                          Statistics: Num rows: 1000 Data size: 0 Basic stats: PARTIAL Column stats: COMPLETE
+                          Statistics: Num rows: 1000 Data size: 8000 Basic stats: COMPLETE Column stats: COMPLETE
                           UDTF Operator
-                            Statistics: Num rows: 1000 Data size: 0 Basic stats: PARTIAL Column stats: COMPLETE
+                            Statistics: Num rows: 1000 Data size: 8000 Basic stats: COMPLETE Column stats: COMPLETE
                             function name: explode
                             Lateral View Join Operator
                               outputColumnNames: _col5
-                              Statistics: Num rows: 2000 Data size: 0 Basic stats: PARTIAL Column stats: COMPLETE
+                              Statistics: Num rows: 2000 Data size: 56000 Basic stats: COMPLETE Column stats: COMPLETE
                               Select Operator
                                 expressions: _col5 (type: int)
                                 outputColumnNames: _col0
-                                Statistics: Num rows: 2000 Data size: 0 Basic stats: PARTIAL Column stats: COMPLETE
+                                Statistics: Num rows: 2000 Data size: 56000 Basic stats: COMPLETE Column stats: COMPLETE
                                 Limit
                                   Number of rows: 3
-                                  Statistics: Num rows: 3 Data size: 0 Basic stats: PARTIAL Column stats: COMPLETE
+                                  Statistics: Num rows: 3 Data size: 24 Basic stats: COMPLETE Column stats: COMPLETE
                                   File Output Operator
                                     compressed: false
-                                    Statistics: Num rows: 3 Data size: 0 Basic stats: PARTIAL Column stats: COMPLETE
+                                    Statistics: Num rows: 3 Data size: 24 Basic stats: COMPLETE Column stats: COMPLETE
                                     table:
                                         input format: org.apache.hadoop.mapred.SequenceFileInputFormat
                                         output format: org.apache.hadoop.hive.ql.io.HiveSequenceFileOutputFormat
diff --git a/ql/src/test/results/clientpositive/llap/orc_llap.q.out b/ql/src/test/results/clientpositive/llap/orc_llap.q.out
index 8ef0c5c900..55fc6628a8 100644
--- a/ql/src/test/results/clientpositive/llap/orc_llap.q.out
+++ b/ql/src/test/results/clientpositive/llap/orc_llap.q.out
@@ -158,7 +158,7 @@ STAGE PLANS:
                         1 
                       input vertices:
                         1 Map 3
-                      Statistics: Num rows: 225 Data size: 0 Basic stats: PARTIAL Column stats: COMPLETE
+                      Statistics: Num rows: 225 Data size: 1800 Basic stats: COMPLETE Column stats: COMPLETE
                       Group By Operator
                         aggregations: count(1)
                         mode: hash
diff --git a/ql/src/test/results/clientpositive/load_dyn_part14.q.out b/ql/src/test/results/clientpositive/load_dyn_part14.q.out
index 57c4287adf..7ccb9c3ea8 100644
--- a/ql/src/test/results/clientpositive/load_dyn_part14.q.out
+++ b/ql/src/test/results/clientpositive/load_dyn_part14.q.out
@@ -85,11 +85,11 @@ STAGE PLANS:
       Reduce Operator Tree:
         Limit
           Number of rows: 2
-          Statistics: Num rows: 2 Data size: 0 Basic stats: PARTIAL Column stats: COMPLETE
+          Statistics: Num rows: 2 Data size: 16 Basic stats: COMPLETE Column stats: COMPLETE
           Select Operator
             expressions: 'k1' (type: string), null (type: string)
             outputColumnNames: _col0, _col1
-            Statistics: Num rows: 2 Data size: 0 Basic stats: PARTIAL Column stats: COMPLETE
+            Statistics: Num rows: 2 Data size: 256 Basic stats: COMPLETE Column stats: COMPLETE
             File Output Operator
               compressed: false
               table:
@@ -102,10 +102,10 @@ STAGE PLANS:
       Map Operator Tree:
           TableScan
             Union
-              Statistics: Num rows: 6 Data size: 0 Basic stats: PARTIAL Column stats: COMPLETE
+              Statistics: Num rows: 6 Data size: 938 Basic stats: COMPLETE Column stats: COMPLETE
               File Output Operator
                 compressed: false
-                Statistics: Num rows: 6 Data size: 0 Basic stats: PARTIAL Column stats: COMPLETE
+                Statistics: Num rows: 6 Data size: 938 Basic stats: COMPLETE Column stats: COMPLETE
                 table:
                     input format: org.apache.hadoop.mapred.TextInputFormat
                     output format: org.apache.hadoop.hive.ql.io.HiveIgnoreKeyTextOutputFormat
@@ -113,10 +113,10 @@ STAGE PLANS:
                     name: default.nzhang_part14
           TableScan
             Union
-              Statistics: Num rows: 6 Data size: 0 Basic stats: PARTIAL Column stats: COMPLETE
+              Statistics: Num rows: 6 Data size: 938 Basic stats: COMPLETE Column stats: COMPLETE
               File Output Operator
                 compressed: false
-                Statistics: Num rows: 6 Data size: 0 Basic stats: PARTIAL Column stats: COMPLETE
+                Statistics: Num rows: 6 Data size: 938 Basic stats: COMPLETE Column stats: COMPLETE
                 table:
                     input format: org.apache.hadoop.mapred.TextInputFormat
                     output format: org.apache.hadoop.hive.ql.io.HiveIgnoreKeyTextOutputFormat
@@ -124,10 +124,10 @@ STAGE PLANS:
                     name: default.nzhang_part14
           TableScan
             Union
-              Statistics: Num rows: 6 Data size: 0 Basic stats: PARTIAL Column stats: COMPLETE
+              Statistics: Num rows: 6 Data size: 938 Basic stats: COMPLETE Column stats: COMPLETE
               File Output Operator
                 compressed: false
-                Statistics: Num rows: 6 Data size: 0 Basic stats: PARTIAL Column stats: COMPLETE
+                Statistics: Num rows: 6 Data size: 938 Basic stats: COMPLETE Column stats: COMPLETE
                 table:
                     input format: org.apache.hadoop.mapred.TextInputFormat
                     output format: org.apache.hadoop.hive.ql.io.HiveIgnoreKeyTextOutputFormat
@@ -206,11 +206,11 @@ STAGE PLANS:
       Reduce Operator Tree:
         Limit
           Number of rows: 2
-          Statistics: Num rows: 2 Data size: 0 Basic stats: PARTIAL Column stats: COMPLETE
+          Statistics: Num rows: 2 Data size: 16 Basic stats: COMPLETE Column stats: COMPLETE
           Select Operator
             expressions: 'k2' (type: string), '' (type: string)
             outputColumnNames: _col0, _col1
-            Statistics: Num rows: 2 Data size: 0 Basic stats: PARTIAL Column stats: COMPLETE
+            Statistics: Num rows: 2 Data size: 340 Basic stats: COMPLETE Column stats: COMPLETE
             File Output Operator
               compressed: false
               table:
@@ -236,11 +236,11 @@ STAGE PLANS:
       Reduce Operator Tree:
         Limit
           Number of rows: 2
-          Statistics: Num rows: 2 Data size: 0 Basic stats: PARTIAL Column stats: COMPLETE
+          Statistics: Num rows: 2 Data size: 16 Basic stats: COMPLETE Column stats: COMPLETE
           Select Operator
             expressions: 'k3' (type: string), ' ' (type: string)
             outputColumnNames: _col0, _col1
-            Statistics: Num rows: 2 Data size: 0 Basic stats: PARTIAL Column stats: COMPLETE
+            Statistics: Num rows: 2 Data size: 342 Basic stats: COMPLETE Column stats: COMPLETE
             File Output Operator
               compressed: false
               table:
diff --git a/ql/src/test/results/clientpositive/optimize_nullscan.q.out b/ql/src/test/results/clientpositive/optimize_nullscan.q.out
index fb63a71d52..5f99e2a61a 100644
--- a/ql/src/test/results/clientpositive/optimize_nullscan.q.out
+++ b/ql/src/test/results/clientpositive/optimize_nullscan.q.out
@@ -1946,7 +1946,7 @@ STAGE PLANS:
             Filter Operator
               isSamplingPred: false
               predicate: false (type: boolean)
-              Statistics: Num rows: 1 Data size: 0 Basic stats: PARTIAL Column stats: COMPLETE
+              Statistics: Num rows: 1 Data size: 8 Basic stats: COMPLETE Column stats: COMPLETE
               Group By Operator
                 aggregations: count(1)
                 mode: hash
diff --git a/ql/src/test/results/clientpositive/spark/lateral_view_explode2.q.out b/ql/src/test/results/clientpositive/spark/lateral_view_explode2.q.out
index 407d851cb7..65a6e3ebad 100644
--- a/ql/src/test/results/clientpositive/spark/lateral_view_explode2.q.out
+++ b/ql/src/test/results/clientpositive/spark/lateral_view_explode2.q.out
@@ -35,12 +35,12 @@ STAGE PLANS:
                           keys: _col5 (type: int), _col6 (type: int)
                           mode: hash
                           outputColumnNames: _col0, _col1
-                          Statistics: Num rows: 1 Data size: 0 Basic stats: PARTIAL Column stats: COMPLETE
+                          Statistics: Num rows: 1 Data size: 8 Basic stats: COMPLETE Column stats: COMPLETE
                           Reduce Output Operator
                             key expressions: _col0 (type: int), _col1 (type: int)
                             sort order: ++
                             Map-reduce partition columns: _col0 (type: int), _col1 (type: int)
-                            Statistics: Num rows: 1 Data size: 0 Basic stats: PARTIAL Column stats: COMPLETE
+                            Statistics: Num rows: 1 Data size: 8 Basic stats: COMPLETE Column stats: COMPLETE
                             TopN Hash Memory Usage: 0.1
                     Select Operator
                       expressions: array(1,2,3) (type: array<int>)
@@ -56,12 +56,12 @@ STAGE PLANS:
                             keys: _col5 (type: int), _col6 (type: int)
                             mode: hash
                             outputColumnNames: _col0, _col1
-                            Statistics: Num rows: 1 Data size: 0 Basic stats: PARTIAL Column stats: COMPLETE
+                            Statistics: Num rows: 1 Data size: 8 Basic stats: COMPLETE Column stats: COMPLETE
                             Reduce Output Operator
                               key expressions: _col0 (type: int), _col1 (type: int)
                               sort order: ++
                               Map-reduce partition columns: _col0 (type: int), _col1 (type: int)
-                              Statistics: Num rows: 1 Data size: 0 Basic stats: PARTIAL Column stats: COMPLETE
+                              Statistics: Num rows: 1 Data size: 8 Basic stats: COMPLETE Column stats: COMPLETE
                               TopN Hash Memory Usage: 0.1
         Reducer 2 
             Reduce Operator Tree:
@@ -69,13 +69,13 @@ STAGE PLANS:
                 keys: KEY._col0 (type: int), KEY._col1 (type: int)
                 mode: mergepartial
                 outputColumnNames: _col0, _col1
-                Statistics: Num rows: 1 Data size: 0 Basic stats: PARTIAL Column stats: COMPLETE
+                Statistics: Num rows: 1 Data size: 8 Basic stats: COMPLETE Column stats: COMPLETE
                 Limit
                   Number of rows: 3
-                  Statistics: Num rows: 1 Data size: 0 Basic stats: PARTIAL Column stats: COMPLETE
+                  Statistics: Num rows: 1 Data size: 8 Basic stats: COMPLETE Column stats: COMPLETE
                   File Output Operator
                     compressed: false
-                    Statistics: Num rows: 1 Data size: 0 Basic stats: PARTIAL Column stats: COMPLETE
+                    Statistics: Num rows: 1 Data size: 8 Basic stats: COMPLETE Column stats: COMPLETE
                     table:
                         input format: org.apache.hadoop.mapred.SequenceFileInputFormat
                         output format: org.apache.hadoop.hive.ql.io.HiveSequenceFileOutputFormat
diff --git a/ql/src/test/results/clientpositive/spark/load_dyn_part14.q.out b/ql/src/test/results/clientpositive/spark/load_dyn_part14.q.out
index 1940561f78..d47ee53a56 100644
--- a/ql/src/test/results/clientpositive/spark/load_dyn_part14.q.out
+++ b/ql/src/test/results/clientpositive/spark/load_dyn_part14.q.out
@@ -85,14 +85,14 @@ STAGE PLANS:
             Reduce Operator Tree:
               Limit
                 Number of rows: 2
-                Statistics: Num rows: 2 Data size: 0 Basic stats: PARTIAL Column stats: COMPLETE
+                Statistics: Num rows: 2 Data size: 16 Basic stats: COMPLETE Column stats: COMPLETE
                 Select Operator
                   expressions: 'k1' (type: string), null (type: string)
                   outputColumnNames: _col0, _col1
-                  Statistics: Num rows: 2 Data size: 0 Basic stats: PARTIAL Column stats: COMPLETE
+                  Statistics: Num rows: 2 Data size: 256 Basic stats: COMPLETE Column stats: COMPLETE
                   File Output Operator
                     compressed: false
-                    Statistics: Num rows: 6 Data size: 0 Basic stats: PARTIAL Column stats: COMPLETE
+                    Statistics: Num rows: 6 Data size: 938 Basic stats: COMPLETE Column stats: COMPLETE
                     table:
                         input format: org.apache.hadoop.mapred.TextInputFormat
                         output format: org.apache.hadoop.hive.ql.io.HiveIgnoreKeyTextOutputFormat
@@ -102,14 +102,14 @@ STAGE PLANS:
             Reduce Operator Tree:
               Limit
                 Number of rows: 2
-                Statistics: Num rows: 2 Data size: 0 Basic stats: PARTIAL Column stats: COMPLETE
+                Statistics: Num rows: 2 Data size: 16 Basic stats: COMPLETE Column stats: COMPLETE
                 Select Operator
                   expressions: 'k2' (type: string), '' (type: string)
                   outputColumnNames: _col0, _col1
-                  Statistics: Num rows: 2 Data size: 0 Basic stats: PARTIAL Column stats: COMPLETE
+                  Statistics: Num rows: 2 Data size: 340 Basic stats: COMPLETE Column stats: COMPLETE
                   File Output Operator
                     compressed: false
-                    Statistics: Num rows: 6 Data size: 0 Basic stats: PARTIAL Column stats: COMPLETE
+                    Statistics: Num rows: 6 Data size: 938 Basic stats: COMPLETE Column stats: COMPLETE
                     table:
                         input format: org.apache.hadoop.mapred.TextInputFormat
                         output format: org.apache.hadoop.hive.ql.io.HiveIgnoreKeyTextOutputFormat
@@ -119,14 +119,14 @@ STAGE PLANS:
             Reduce Operator Tree:
               Limit
                 Number of rows: 2
-                Statistics: Num rows: 2 Data size: 0 Basic stats: PARTIAL Column stats: COMPLETE
+                Statistics: Num rows: 2 Data size: 16 Basic stats: COMPLETE Column stats: COMPLETE
                 Select Operator
                   expressions: 'k3' (type: string), ' ' (type: string)
                   outputColumnNames: _col0, _col1
-                  Statistics: Num rows: 2 Data size: 0 Basic stats: PARTIAL Column stats: COMPLETE
+                  Statistics: Num rows: 2 Data size: 342 Basic stats: COMPLETE Column stats: COMPLETE
                   File Output Operator
                     compressed: false
-                    Statistics: Num rows: 6 Data size: 0 Basic stats: PARTIAL Column stats: COMPLETE
+                    Statistics: Num rows: 6 Data size: 938 Basic stats: COMPLETE Column stats: COMPLETE
                     table:
                         input format: org.apache.hadoop.mapred.TextInputFormat
                         output format: org.apache.hadoop.hive.ql.io.HiveIgnoreKeyTextOutputFormat
diff --git a/ql/src/test/results/clientpositive/spark/optimize_nullscan.q.out b/ql/src/test/results/clientpositive/spark/optimize_nullscan.q.out
index 67730a3018..fd1fa8bc71 100644
--- a/ql/src/test/results/clientpositive/spark/optimize_nullscan.q.out
+++ b/ql/src/test/results/clientpositive/spark/optimize_nullscan.q.out
@@ -1734,7 +1734,7 @@ STAGE PLANS:
                   Filter Operator
                     isSamplingPred: false
                     predicate: false (type: boolean)
-                    Statistics: Num rows: 1 Data size: 0 Basic stats: PARTIAL Column stats: COMPLETE
+                    Statistics: Num rows: 1 Data size: 8 Basic stats: COMPLETE Column stats: COMPLETE
                     Group By Operator
                       aggregations: count(1)
                       mode: hash
diff --git a/ql/src/test/results/clientpositive/spark/stats_only_null.q.out b/ql/src/test/results/clientpositive/spark/stats_only_null.q.out
index ec6561966e..359eea3acb 100644
--- a/ql/src/test/results/clientpositive/spark/stats_only_null.q.out
+++ b/ql/src/test/results/clientpositive/spark/stats_only_null.q.out
@@ -143,11 +143,11 @@ STAGE PLANS:
             Map Operator Tree:
                 TableScan
                   alias: stats_null_part
-                  Statistics: Num rows: 10 Data size: 120 Basic stats: COMPLETE Column stats: NONE
+                  Statistics: Num rows: 10 Data size: 200 Basic stats: COMPLETE Column stats: NONE
                   Select Operator
                     expressions: a (type: double), b (type: int), c (type: string), d (type: smallint)
                     outputColumnNames: a, b, c, d
-                    Statistics: Num rows: 10 Data size: 120 Basic stats: COMPLETE Column stats: NONE
+                    Statistics: Num rows: 10 Data size: 200 Basic stats: COMPLETE Column stats: NONE
                     Group By Operator
                       aggregations: count(), count(a), count(b), count(c), count(d)
                       mode: hash
diff --git a/ql/src/test/results/clientpositive/spark/union16.q.out b/ql/src/test/results/clientpositive/spark/union16.q.out
index 8e5ac4d471..7d27a5d7d0 100644
--- a/ql/src/test/results/clientpositive/spark/union16.q.out
+++ b/ql/src/test/results/clientpositive/spark/union16.q.out
@@ -81,9 +81,9 @@ STAGE PLANS:
                   alias: src
                   Statistics: Num rows: 500 Data size: 5312 Basic stats: COMPLETE Column stats: COMPLETE
                   Select Operator
-                    Statistics: Num rows: 500 Data size: 0 Basic stats: PARTIAL Column stats: COMPLETE
+                    Statistics: Num rows: 500 Data size: 4000 Basic stats: COMPLETE Column stats: COMPLETE
                     Select Operator
-                      Statistics: Num rows: 12500 Data size: 0 Basic stats: PARTIAL Column stats: COMPLETE
+                      Statistics: Num rows: 12500 Data size: 100000 Basic stats: COMPLETE Column stats: COMPLETE
                       Group By Operator
                         aggregations: count(1)
                         mode: hash
diff --git a/ql/src/test/results/clientpositive/spark/union2.q.out b/ql/src/test/results/clientpositive/spark/union2.q.out
index 7b0cbe7497..51aa645dd6 100644
--- a/ql/src/test/results/clientpositive/spark/union2.q.out
+++ b/ql/src/test/results/clientpositive/spark/union2.q.out
@@ -29,9 +29,9 @@ STAGE PLANS:
                   alias: s1
                   Statistics: Num rows: 500 Data size: 5312 Basic stats: COMPLETE Column stats: COMPLETE
                   Select Operator
-                    Statistics: Num rows: 500 Data size: 0 Basic stats: PARTIAL Column stats: COMPLETE
+                    Statistics: Num rows: 500 Data size: 4000 Basic stats: COMPLETE Column stats: COMPLETE
                     Select Operator
-                      Statistics: Num rows: 1000 Data size: 0 Basic stats: PARTIAL Column stats: COMPLETE
+                      Statistics: Num rows: 1000 Data size: 8000 Basic stats: COMPLETE Column stats: COMPLETE
                       Group By Operator
                         aggregations: count(1)
                         mode: hash
diff --git a/ql/src/test/results/clientpositive/spark/union3.q.out b/ql/src/test/results/clientpositive/spark/union3.q.out
index e518c4e4aa..2b6c25e734 100644
--- a/ql/src/test/results/clientpositive/spark/union3.q.out
+++ b/ql/src/test/results/clientpositive/spark/union3.q.out
@@ -60,34 +60,34 @@ STAGE PLANS:
                     Statistics: Num rows: 500 Data size: 5312 Basic stats: COMPLETE Column stats: COMPLETE
                     Limit
                       Number of rows: 1
-                      Statistics: Num rows: 1 Data size: 0 Basic stats: PARTIAL Column stats: COMPLETE
+                      Statistics: Num rows: 1 Data size: 8 Basic stats: COMPLETE Column stats: COMPLETE
                       Reduce Output Operator
                         sort order: 
-                        Statistics: Num rows: 1 Data size: 0 Basic stats: PARTIAL Column stats: COMPLETE
+                        Statistics: Num rows: 1 Data size: 8 Basic stats: COMPLETE Column stats: COMPLETE
                         TopN Hash Memory Usage: 0.1
         Reducer 2 
             Reduce Operator Tree:
               Limit
                 Number of rows: 1
-                Statistics: Num rows: 1 Data size: 0 Basic stats: PARTIAL Column stats: COMPLETE
+                Statistics: Num rows: 1 Data size: 8 Basic stats: COMPLETE Column stats: COMPLETE
                 Select Operator
                   expressions: 1 (type: int)
                   outputColumnNames: _col0
-                  Statistics: Num rows: 1 Data size: 0 Basic stats: PARTIAL Column stats: COMPLETE
+                  Statistics: Num rows: 1 Data size: 4 Basic stats: COMPLETE Column stats: COMPLETE
                   Reduce Output Operator
                     key expressions: _col0 (type: int)
                     sort order: +
                     Map-reduce partition columns: _col0 (type: int)
-                    Statistics: Num rows: 4 Data size: 0 Basic stats: PARTIAL Column stats: COMPLETE
+                    Statistics: Num rows: 4 Data size: 16 Basic stats: COMPLETE Column stats: COMPLETE
         Reducer 3 
             Reduce Operator Tree:
               Select Operator
                 expressions: KEY.reducesinkkey0 (type: int)
                 outputColumnNames: _col0
-                Statistics: Num rows: 4 Data size: 0 Basic stats: PARTIAL Column stats: COMPLETE
+                Statistics: Num rows: 4 Data size: 16 Basic stats: COMPLETE Column stats: COMPLETE
                 File Output Operator
                   compressed: false
-                  Statistics: Num rows: 4 Data size: 0 Basic stats: PARTIAL Column stats: COMPLETE
+                  Statistics: Num rows: 4 Data size: 16 Basic stats: COMPLETE Column stats: COMPLETE
                   table:
                       input format: org.apache.hadoop.mapred.SequenceFileInputFormat
                       output format: org.apache.hadoop.hive.ql.io.HiveSequenceFileOutputFormat
@@ -96,44 +96,44 @@ STAGE PLANS:
             Reduce Operator Tree:
               Limit
                 Number of rows: 1
-                Statistics: Num rows: 1 Data size: 0 Basic stats: PARTIAL Column stats: COMPLETE
+                Statistics: Num rows: 1 Data size: 8 Basic stats: COMPLETE Column stats: COMPLETE
                 Select Operator
                   expressions: 2 (type: int)
                   outputColumnNames: _col0
-                  Statistics: Num rows: 1 Data size: 0 Basic stats: PARTIAL Column stats: COMPLETE
+                  Statistics: Num rows: 1 Data size: 4 Basic stats: COMPLETE Column stats: COMPLETE
                   Reduce Output Operator
                     key expressions: _col0 (type: int)
                     sort order: +
                     Map-reduce partition columns: _col0 (type: int)
-                    Statistics: Num rows: 4 Data size: 0 Basic stats: PARTIAL Column stats: COMPLETE
+                    Statistics: Num rows: 4 Data size: 16 Basic stats: COMPLETE Column stats: COMPLETE
         Reducer 7 
             Reduce Operator Tree:
               Limit
                 Number of rows: 1
-                Statistics: Num rows: 1 Data size: 0 Basic stats: PARTIAL Column stats: COMPLETE
+                Statistics: Num rows: 1 Data size: 8 Basic stats: COMPLETE Column stats: COMPLETE
                 Select Operator
                   expressions: 3 (type: int)
                   outputColumnNames: _col0
-                  Statistics: Num rows: 1 Data size: 0 Basic stats: PARTIAL Column stats: COMPLETE
+                  Statistics: Num rows: 1 Data size: 4 Basic stats: COMPLETE Column stats: COMPLETE
                   Reduce Output Operator
                     key expressions: _col0 (type: int)
                     sort order: +
                     Map-reduce partition columns: _col0 (type: int)
-                    Statistics: Num rows: 4 Data size: 0 Basic stats: PARTIAL Column stats: COMPLETE
+                    Statistics: Num rows: 4 Data size: 16 Basic stats: COMPLETE Column stats: COMPLETE
         Reducer 9 
             Reduce Operator Tree:
               Limit
                 Number of rows: 1
-                Statistics: Num rows: 1 Data size: 0 Basic stats: PARTIAL Column stats: COMPLETE
+                Statistics: Num rows: 1 Data size: 8 Basic stats: COMPLETE Column stats: COMPLETE
                 Select Operator
                   expressions: 4 (type: int)
                   outputColumnNames: _col0
-                  Statistics: Num rows: 1 Data size: 0 Basic stats: PARTIAL Column stats: COMPLETE
+                  Statistics: Num rows: 1 Data size: 4 Basic stats: COMPLETE Column stats: COMPLETE
                   Reduce Output Operator
                     key expressions: _col0 (type: int)
                     sort order: +
                     Map-reduce partition columns: _col0 (type: int)
-                    Statistics: Num rows: 4 Data size: 0 Basic stats: PARTIAL Column stats: COMPLETE
+                    Statistics: Num rows: 4 Data size: 16 Basic stats: COMPLETE Column stats: COMPLETE
 
   Stage: Stage-0
     Fetch Operator
diff --git a/ql/src/test/results/clientpositive/spark/union9.q.out b/ql/src/test/results/clientpositive/spark/union9.q.out
index 1ccee40685..d347e1cce3 100644
--- a/ql/src/test/results/clientpositive/spark/union9.q.out
+++ b/ql/src/test/results/clientpositive/spark/union9.q.out
@@ -31,9 +31,9 @@ STAGE PLANS:
                   alias: s1
                   Statistics: Num rows: 500 Data size: 5312 Basic stats: COMPLETE Column stats: COMPLETE
                   Select Operator
-                    Statistics: Num rows: 500 Data size: 0 Basic stats: PARTIAL Column stats: COMPLETE
+                    Statistics: Num rows: 500 Data size: 4000 Basic stats: COMPLETE Column stats: COMPLETE
                     Select Operator
-                      Statistics: Num rows: 1500 Data size: 0 Basic stats: PARTIAL Column stats: COMPLETE
+                      Statistics: Num rows: 1500 Data size: 12000 Basic stats: COMPLETE Column stats: COMPLETE
                       Group By Operator
                         aggregations: count(1)
                         mode: hash
diff --git a/ql/src/test/results/clientpositive/stats_only_null.q.out b/ql/src/test/results/clientpositive/stats_only_null.q.out
index b47fe64d7e..88c2114356 100644
--- a/ql/src/test/results/clientpositive/stats_only_null.q.out
+++ b/ql/src/test/results/clientpositive/stats_only_null.q.out
@@ -132,11 +132,11 @@ STAGE PLANS:
       Map Operator Tree:
           TableScan
             alias: stats_null_part
-            Statistics: Num rows: 10 Data size: 120 Basic stats: COMPLETE Column stats: NONE
+            Statistics: Num rows: 10 Data size: 200 Basic stats: COMPLETE Column stats: NONE
             Select Operator
               expressions: a (type: double), b (type: int), c (type: string), d (type: smallint)
               outputColumnNames: a, b, c, d
-              Statistics: Num rows: 10 Data size: 120 Basic stats: COMPLETE Column stats: NONE
+              Statistics: Num rows: 10 Data size: 200 Basic stats: COMPLETE Column stats: NONE
               Group By Operator
                 aggregations: count(), count(a), count(b), count(c), count(d)
                 mode: hash
diff --git a/ql/src/test/results/clientpositive/stats_partial_size.q.out b/ql/src/test/results/clientpositive/stats_partial_size.q.out
index ee9040d0f0..8ee4b11481 100644
--- a/ql/src/test/results/clientpositive/stats_partial_size.q.out
+++ b/ql/src/test/results/clientpositive/stats_partial_size.q.out
@@ -83,10 +83,10 @@ STAGE PLANS:
             0 _col1 (type: int)
             1 _col0 (type: int)
           outputColumnNames: _col0
-          Statistics: Num rows: 4 Data size: 16 Basic stats: COMPLETE Column stats: PARTIAL
+          Statistics: Num rows: 4 Data size: 48 Basic stats: COMPLETE Column stats: PARTIAL
           File Output Operator
             compressed: false
-            Statistics: Num rows: 4 Data size: 16 Basic stats: COMPLETE Column stats: PARTIAL
+            Statistics: Num rows: 4 Data size: 48 Basic stats: COMPLETE Column stats: PARTIAL
             table:
                 input format: org.apache.hadoop.mapred.SequenceFileInputFormat
                 output format: org.apache.hadoop.hive.ql.io.HiveSequenceFileOutputFormat
diff --git a/ql/src/test/results/clientpositive/tez/explainuser_1.q.out b/ql/src/test/results/clientpositive/tez/explainuser_1.q.out
index 2e83ea35bd..64a6a71033 100644
--- a/ql/src/test/results/clientpositive/tez/explainuser_1.q.out
+++ b/ql/src/test/results/clientpositive/tez/explainuser_1.q.out
@@ -1804,17 +1804,17 @@ Stage-0
           SHUFFLE [RS_12]
             Group By Operator [GBY_11] (rows=1 width=8)
               Output:["_col0"],aggregations:["count('2014')"]
-              Merge Join Operator [MERGEJOIN_18] (rows=400 width=0)
+              Merge Join Operator [MERGEJOIN_18] (rows=400 width=8)
                 Conds:(Inner)
               <-Map 1 [SIMPLE_EDGE]
                 SHUFFLE [RS_6]
                   Select Operator [SEL_2] (rows=20 width=88)
-                    TableScan [TS_0] (rows=20 width=13)
+                    TableScan [TS_0] (rows=20 width=21)
                       default@cbo_t1,cbo_t1,Tbl:COMPLETE,Col:COMPLETE
               <-Map 4 [SIMPLE_EDGE]
                 SHUFFLE [RS_7]
                   Select Operator [SEL_5] (rows=20 width=88)
-                    TableScan [TS_3] (rows=20 width=13)
+                    TableScan [TS_3] (rows=20 width=21)
                       default@cbo_t2,cbo_t2,Tbl:COMPLETE,Col:COMPLETE
 
 PREHOOK: query: explain select * 
@@ -4104,7 +4104,7 @@ Stage-0
     Stage-1
       Reducer 2
       File Output Operator [FS_12]
-        Merge Join Operator [MERGEJOIN_17] (rows=2 width=6)
+        Merge Join Operator [MERGEJOIN_17] (rows=2 width=15)
           Conds:RS_8._col1=RS_9._col0(Left Semi),Output:["_col0","_col1"]
         <-Map 1 [SIMPLE_EDGE]
           SHUFFLE [RS_8]
@@ -4118,13 +4118,13 @@ Stage-0
         <-Map 3 [SIMPLE_EDGE]
           SHUFFLE [RS_9]
             PartitionCols:_col0
-            Group By Operator [GBY_7] (rows=2 width=6)
+            Group By Operator [GBY_7] (rows=2 width=14)
               Output:["_col0"],keys:_col0
-              Select Operator [SEL_5] (rows=2 width=6)
+              Select Operator [SEL_5] (rows=2 width=14)
                 Output:["_col0"]
-                Filter Operator [FIL_16] (rows=2 width=6)
+                Filter Operator [FIL_16] (rows=2 width=14)
                   predicate:id is not null
-                  TableScan [TS_3] (rows=2 width=6)
+                  TableScan [TS_3] (rows=2 width=14)
                     default@things,things,Tbl:COMPLETE,Col:NONE,Output:["id"]
 
 PREHOOK: query: drop table sales
diff --git a/ql/src/test/results/clientpositive/tez/optimize_nullscan.q.out b/ql/src/test/results/clientpositive/tez/optimize_nullscan.q.out
index e382802d4a..4faefa2018 100644
--- a/ql/src/test/results/clientpositive/tez/optimize_nullscan.q.out
+++ b/ql/src/test/results/clientpositive/tez/optimize_nullscan.q.out
@@ -1753,7 +1753,7 @@ STAGE PLANS:
                   Filter Operator
                     isSamplingPred: false
                     predicate: false (type: boolean)
-                    Statistics: Num rows: 1 Data size: 0 Basic stats: PARTIAL Column stats: COMPLETE
+                    Statistics: Num rows: 1 Data size: 8 Basic stats: COMPLETE Column stats: COMPLETE
                     Group By Operator
                       aggregations: count(1)
                       mode: hash
diff --git a/ql/src/test/results/clientpositive/tez/stats_only_null.q.out b/ql/src/test/results/clientpositive/tez/stats_only_null.q.out
index 8c1750938c..504b11ca3c 100644
--- a/ql/src/test/results/clientpositive/tez/stats_only_null.q.out
+++ b/ql/src/test/results/clientpositive/tez/stats_only_null.q.out
@@ -145,11 +145,11 @@ STAGE PLANS:
             Map Operator Tree:
                 TableScan
                   alias: stats_null_part
-                  Statistics: Num rows: 10 Data size: 120 Basic stats: COMPLETE Column stats: NONE
+                  Statistics: Num rows: 10 Data size: 200 Basic stats: COMPLETE Column stats: NONE
                   Select Operator
                     expressions: a (type: double), b (type: int), c (type: string), d (type: smallint)
                     outputColumnNames: a, b, c, d
-                    Statistics: Num rows: 10 Data size: 120 Basic stats: COMPLETE Column stats: NONE
+                    Statistics: Num rows: 10 Data size: 200 Basic stats: COMPLETE Column stats: NONE
                     Group By Operator
                       aggregations: count(), count(a), count(b), count(c), count(d)
                       mode: hash
diff --git a/ql/src/test/results/clientpositive/tez/union2.q.out b/ql/src/test/results/clientpositive/tez/union2.q.out
index 05b5ece633..db2bee87fe 100644
--- a/ql/src/test/results/clientpositive/tez/union2.q.out
+++ b/ql/src/test/results/clientpositive/tez/union2.q.out
@@ -32,9 +32,9 @@ STAGE PLANS:
                   alias: s1
                   Statistics: Num rows: 500 Data size: 5312 Basic stats: COMPLETE Column stats: COMPLETE
                   Select Operator
-                    Statistics: Num rows: 500 Data size: 0 Basic stats: PARTIAL Column stats: COMPLETE
+                    Statistics: Num rows: 500 Data size: 4000 Basic stats: COMPLETE Column stats: COMPLETE
                     Select Operator
-                      Statistics: Num rows: 1000 Data size: 0 Basic stats: PARTIAL Column stats: COMPLETE
+                      Statistics: Num rows: 1000 Data size: 8000 Basic stats: COMPLETE Column stats: COMPLETE
                       Group By Operator
                         aggregations: count(1)
                         mode: hash
@@ -50,9 +50,9 @@ STAGE PLANS:
                   alias: s1
                   Statistics: Num rows: 500 Data size: 5312 Basic stats: COMPLETE Column stats: COMPLETE
                   Select Operator
-                    Statistics: Num rows: 500 Data size: 0 Basic stats: PARTIAL Column stats: COMPLETE
+                    Statistics: Num rows: 500 Data size: 4000 Basic stats: COMPLETE Column stats: COMPLETE
                     Select Operator
-                      Statistics: Num rows: 1000 Data size: 0 Basic stats: PARTIAL Column stats: COMPLETE
+                      Statistics: Num rows: 1000 Data size: 8000 Basic stats: COMPLETE Column stats: COMPLETE
                       Group By Operator
                         aggregations: count(1)
                         mode: hash
diff --git a/ql/src/test/results/clientpositive/tez/union3.q.out b/ql/src/test/results/clientpositive/tez/union3.q.out
index 9d324ff366..d1b5c1708b 100644
--- a/ql/src/test/results/clientpositive/tez/union3.q.out
+++ b/ql/src/test/results/clientpositive/tez/union3.q.out
@@ -61,10 +61,10 @@ STAGE PLANS:
                     Statistics: Num rows: 500 Data size: 5312 Basic stats: COMPLETE Column stats: COMPLETE
                     Limit
                       Number of rows: 1
-                      Statistics: Num rows: 1 Data size: 0 Basic stats: PARTIAL Column stats: COMPLETE
+                      Statistics: Num rows: 1 Data size: 8 Basic stats: COMPLETE Column stats: COMPLETE
                       Reduce Output Operator
                         sort order: 
-                        Statistics: Num rows: 1 Data size: 0 Basic stats: PARTIAL Column stats: COMPLETE
+                        Statistics: Num rows: 1 Data size: 8 Basic stats: COMPLETE Column stats: COMPLETE
                         TopN Hash Memory Usage: 0.1
         Map 5 
             Map Operator Tree:
@@ -75,10 +75,10 @@ STAGE PLANS:
                     Statistics: Num rows: 500 Data size: 5312 Basic stats: COMPLETE Column stats: COMPLETE
                     Limit
                       Number of rows: 1
-                      Statistics: Num rows: 1 Data size: 0 Basic stats: PARTIAL Column stats: COMPLETE
+                      Statistics: Num rows: 1 Data size: 8 Basic stats: COMPLETE Column stats: COMPLETE
                       Reduce Output Operator
                         sort order: 
-                        Statistics: Num rows: 1 Data size: 0 Basic stats: PARTIAL Column stats: COMPLETE
+                        Statistics: Num rows: 1 Data size: 8 Basic stats: COMPLETE Column stats: COMPLETE
                         TopN Hash Memory Usage: 0.1
         Map 7 
             Map Operator Tree:
@@ -89,10 +89,10 @@ STAGE PLANS:
                     Statistics: Num rows: 500 Data size: 5312 Basic stats: COMPLETE Column stats: COMPLETE
                     Limit
                       Number of rows: 1
-                      Statistics: Num rows: 1 Data size: 0 Basic stats: PARTIAL Column stats: COMPLETE
+                      Statistics: Num rows: 1 Data size: 8 Basic stats: COMPLETE Column stats: COMPLETE
                       Reduce Output Operator
                         sort order: 
-                        Statistics: Num rows: 1 Data size: 0 Basic stats: PARTIAL Column stats: COMPLETE
+                        Statistics: Num rows: 1 Data size: 8 Basic stats: COMPLETE Column stats: COMPLETE
                         TopN Hash Memory Usage: 0.1
         Map 9 
             Map Operator Tree:
@@ -103,48 +103,48 @@ STAGE PLANS:
                     Statistics: Num rows: 500 Data size: 5312 Basic stats: COMPLETE Column stats: COMPLETE
                     Limit
                       Number of rows: 1
-                      Statistics: Num rows: 1 Data size: 0 Basic stats: PARTIAL Column stats: COMPLETE
+                      Statistics: Num rows: 1 Data size: 8 Basic stats: COMPLETE Column stats: COMPLETE
                       Reduce Output Operator
                         sort order: 
-                        Statistics: Num rows: 1 Data size: 0 Basic stats: PARTIAL Column stats: COMPLETE
+                        Statistics: Num rows: 1 Data size: 8 Basic stats: COMPLETE Column stats: COMPLETE
                         TopN Hash Memory Usage: 0.1
         Reducer 10 
             Reduce Operator Tree:
               Limit
                 Number of rows: 1
-                Statistics: Num rows: 1 Data size: 0 Basic stats: PARTIAL Column stats: COMPLETE
+                Statistics: Num rows: 1 Data size: 8 Basic stats: COMPLETE Column stats: COMPLETE
                 Select Operator
                   expressions: 4 (type: int)
                   outputColumnNames: _col0
-                  Statistics: Num rows: 1 Data size: 0 Basic stats: PARTIAL Column stats: COMPLETE
+                  Statistics: Num rows: 1 Data size: 4 Basic stats: COMPLETE Column stats: COMPLETE
                   Reduce Output Operator
                     key expressions: _col0 (type: int)
                     sort order: +
                     Map-reduce partition columns: _col0 (type: int)
-                    Statistics: Num rows: 4 Data size: 0 Basic stats: PARTIAL Column stats: COMPLETE
+                    Statistics: Num rows: 4 Data size: 16 Basic stats: COMPLETE Column stats: COMPLETE
         Reducer 2 
             Reduce Operator Tree:
               Limit
                 Number of rows: 1
-                Statistics: Num rows: 1 Data size: 0 Basic stats: PARTIAL Column stats: COMPLETE
+                Statistics: Num rows: 1 Data size: 8 Basic stats: COMPLETE Column stats: COMPLETE
                 Select Operator
                   expressions: 1 (type: int)
                   outputColumnNames: _col0
-                  Statistics: Num rows: 1 Data size: 0 Basic stats: PARTIAL Column stats: COMPLETE
+                  Statistics: Num rows: 1 Data size: 4 Basic stats: COMPLETE Column stats: COMPLETE
                   Reduce Output Operator
                     key expressions: _col0 (type: int)
                     sort order: +
                     Map-reduce partition columns: _col0 (type: int)
-                    Statistics: Num rows: 4 Data size: 0 Basic stats: PARTIAL Column stats: COMPLETE
+                    Statistics: Num rows: 4 Data size: 16 Basic stats: COMPLETE Column stats: COMPLETE
         Reducer 4 
             Reduce Operator Tree:
               Select Operator
                 expressions: KEY.reducesinkkey0 (type: int)
                 outputColumnNames: _col0
-                Statistics: Num rows: 4 Data size: 0 Basic stats: PARTIAL Column stats: COMPLETE
+                Statistics: Num rows: 4 Data size: 16 Basic stats: COMPLETE Column stats: COMPLETE
                 File Output Operator
                   compressed: false
-                  Statistics: Num rows: 4 Data size: 0 Basic stats: PARTIAL Column stats: COMPLETE
+                  Statistics: Num rows: 4 Data size: 16 Basic stats: COMPLETE Column stats: COMPLETE
                   table:
                       input format: org.apache.hadoop.mapred.SequenceFileInputFormat
                       output format: org.apache.hadoop.hive.ql.io.HiveSequenceFileOutputFormat
@@ -153,30 +153,30 @@ STAGE PLANS:
             Reduce Operator Tree:
               Limit
                 Number of rows: 1
-                Statistics: Num rows: 1 Data size: 0 Basic stats: PARTIAL Column stats: COMPLETE
+                Statistics: Num rows: 1 Data size: 8 Basic stats: COMPLETE Column stats: COMPLETE
                 Select Operator
                   expressions: 2 (type: int)
                   outputColumnNames: _col0
-                  Statistics: Num rows: 1 Data size: 0 Basic stats: PARTIAL Column stats: COMPLETE
+                  Statistics: Num rows: 1 Data size: 4 Basic stats: COMPLETE Column stats: COMPLETE
                   Reduce Output Operator
                     key expressions: _col0 (type: int)
                     sort order: +
                     Map-reduce partition columns: _col0 (type: int)
-                    Statistics: Num rows: 4 Data size: 0 Basic stats: PARTIAL Column stats: COMPLETE
+                    Statistics: Num rows: 4 Data size: 16 Basic stats: COMPLETE Column stats: COMPLETE
         Reducer 8 
             Reduce Operator Tree:
               Limit
                 Number of rows: 1
-                Statistics: Num rows: 1 Data size: 0 Basic stats: PARTIAL Column stats: COMPLETE
+                Statistics: Num rows: 1 Data size: 8 Basic stats: COMPLETE Column stats: COMPLETE
                 Select Operator
                   expressions: 3 (type: int)
                   outputColumnNames: _col0
-                  Statistics: Num rows: 1 Data size: 0 Basic stats: PARTIAL Column stats: COMPLETE
+                  Statistics: Num rows: 1 Data size: 4 Basic stats: COMPLETE Column stats: COMPLETE
                   Reduce Output Operator
                     key expressions: _col0 (type: int)
                     sort order: +
                     Map-reduce partition columns: _col0 (type: int)
-                    Statistics: Num rows: 4 Data size: 0 Basic stats: PARTIAL Column stats: COMPLETE
+                    Statistics: Num rows: 4 Data size: 16 Basic stats: COMPLETE Column stats: COMPLETE
         Union 3 
             Vertex: Union 3
 
diff --git a/ql/src/test/results/clientpositive/tez/union9.q.out b/ql/src/test/results/clientpositive/tez/union9.q.out
index c9eae39cbd..f71c0e2f8e 100644
--- a/ql/src/test/results/clientpositive/tez/union9.q.out
+++ b/ql/src/test/results/clientpositive/tez/union9.q.out
@@ -35,9 +35,9 @@ STAGE PLANS:
                   alias: s1
                   Statistics: Num rows: 500 Data size: 5312 Basic stats: COMPLETE Column stats: COMPLETE
                   Select Operator
-                    Statistics: Num rows: 500 Data size: 0 Basic stats: PARTIAL Column stats: COMPLETE
+                    Statistics: Num rows: 500 Data size: 4000 Basic stats: COMPLETE Column stats: COMPLETE
                     Select Operator
-                      Statistics: Num rows: 1500 Data size: 0 Basic stats: PARTIAL Column stats: COMPLETE
+                      Statistics: Num rows: 1500 Data size: 12000 Basic stats: COMPLETE Column stats: COMPLETE
                       Group By Operator
                         aggregations: count(1)
                         mode: hash
@@ -53,9 +53,9 @@ STAGE PLANS:
                   alias: s1
                   Statistics: Num rows: 500 Data size: 5312 Basic stats: COMPLETE Column stats: COMPLETE
                   Select Operator
-                    Statistics: Num rows: 500 Data size: 0 Basic stats: PARTIAL Column stats: COMPLETE
+                    Statistics: Num rows: 500 Data size: 4000 Basic stats: COMPLETE Column stats: COMPLETE
                     Select Operator
-                      Statistics: Num rows: 1500 Data size: 0 Basic stats: PARTIAL Column stats: COMPLETE
+                      Statistics: Num rows: 1500 Data size: 12000 Basic stats: COMPLETE Column stats: COMPLETE
                       Group By Operator
                         aggregations: count(1)
                         mode: hash
@@ -71,9 +71,9 @@ STAGE PLANS:
                   alias: s1
                   Statistics: Num rows: 500 Data size: 5312 Basic stats: COMPLETE Column stats: COMPLETE
                   Select Operator
-                    Statistics: Num rows: 500 Data size: 0 Basic stats: PARTIAL Column stats: COMPLETE
+                    Statistics: Num rows: 500 Data size: 4000 Basic stats: COMPLETE Column stats: COMPLETE
                     Select Operator
-                      Statistics: Num rows: 1500 Data size: 0 Basic stats: PARTIAL Column stats: COMPLETE
+                      Statistics: Num rows: 1500 Data size: 12000 Basic stats: COMPLETE Column stats: COMPLETE
                       Group By Operator
                         aggregations: count(1)
                         mode: hash
diff --git a/ql/src/test/results/clientpositive/tez/unionDistinct_1.q.out b/ql/src/test/results/clientpositive/tez/unionDistinct_1.q.out
index ee330864ef..246e0c469e 100644
--- a/ql/src/test/results/clientpositive/tez/unionDistinct_1.q.out
+++ b/ql/src/test/results/clientpositive/tez/unionDistinct_1.q.out
@@ -11299,10 +11299,10 @@ STAGE PLANS:
                     Statistics: Num rows: 500 Data size: 5312 Basic stats: COMPLETE Column stats: COMPLETE
                     Limit
                       Number of rows: 1
-                      Statistics: Num rows: 1 Data size: 0 Basic stats: PARTIAL Column stats: COMPLETE
+                      Statistics: Num rows: 1 Data size: 8 Basic stats: COMPLETE Column stats: COMPLETE
                       Reduce Output Operator
                         sort order: 
-                        Statistics: Num rows: 1 Data size: 0 Basic stats: PARTIAL Column stats: COMPLETE
+                        Statistics: Num rows: 1 Data size: 8 Basic stats: COMPLETE Column stats: COMPLETE
         Map 11 
             Map Operator Tree:
                 TableScan
@@ -11312,10 +11312,10 @@ STAGE PLANS:
                     Statistics: Num rows: 500 Data size: 5312 Basic stats: COMPLETE Column stats: COMPLETE
                     Limit
                       Number of rows: 1
-                      Statistics: Num rows: 1 Data size: 0 Basic stats: PARTIAL Column stats: COMPLETE
+                      Statistics: Num rows: 1 Data size: 8 Basic stats: COMPLETE Column stats: COMPLETE
                       Reduce Output Operator
                         sort order: 
-                        Statistics: Num rows: 1 Data size: 0 Basic stats: PARTIAL Column stats: COMPLETE
+                        Statistics: Num rows: 1 Data size: 8 Basic stats: COMPLETE Column stats: COMPLETE
         Map 13 
             Map Operator Tree:
                 TableScan
@@ -11325,10 +11325,10 @@ STAGE PLANS:
                     Statistics: Num rows: 500 Data size: 5312 Basic stats: COMPLETE Column stats: COMPLETE
                     Limit
                       Number of rows: 1
-                      Statistics: Num rows: 1 Data size: 0 Basic stats: PARTIAL Column stats: COMPLETE
+                      Statistics: Num rows: 1 Data size: 8 Basic stats: COMPLETE Column stats: COMPLETE
                       Reduce Output Operator
                         sort order: 
-                        Statistics: Num rows: 1 Data size: 0 Basic stats: PARTIAL Column stats: COMPLETE
+                        Statistics: Num rows: 1 Data size: 8 Basic stats: COMPLETE Column stats: COMPLETE
         Map 9 
             Map Operator Tree:
                 TableScan
@@ -11338,130 +11338,130 @@ STAGE PLANS:
                     Statistics: Num rows: 500 Data size: 5312 Basic stats: COMPLETE Column stats: COMPLETE
                     Limit
                       Number of rows: 1
-                      Statistics: Num rows: 1 Data size: 0 Basic stats: PARTIAL Column stats: COMPLETE
+                      Statistics: Num rows: 1 Data size: 8 Basic stats: COMPLETE Column stats: COMPLETE
                       Reduce Output Operator
                         sort order: 
-                        Statistics: Num rows: 1 Data size: 0 Basic stats: PARTIAL Column stats: COMPLETE
+                        Statistics: Num rows: 1 Data size: 8 Basic stats: COMPLETE Column stats: COMPLETE
         Reducer 10 
             Reduce Operator Tree:
               Limit
                 Number of rows: 1
-                Statistics: Num rows: 1 Data size: 0 Basic stats: PARTIAL Column stats: COMPLETE
+                Statistics: Num rows: 1 Data size: 8 Basic stats: COMPLETE Column stats: COMPLETE
                 Select Operator
                   expressions: 2 (type: int)
                   outputColumnNames: _col0
-                  Statistics: Num rows: 1 Data size: 0 Basic stats: PARTIAL Column stats: COMPLETE
+                  Statistics: Num rows: 1 Data size: 4 Basic stats: COMPLETE Column stats: COMPLETE
                   Group By Operator
                     keys: _col0 (type: int)
                     mode: hash
                     outputColumnNames: _col0
-                    Statistics: Num rows: 2 Data size: 0 Basic stats: PARTIAL Column stats: COMPLETE
+                    Statistics: Num rows: 1 Data size: 4 Basic stats: COMPLETE Column stats: COMPLETE
                     Reduce Output Operator
                       key expressions: _col0 (type: int)
                       sort order: +
                       Map-reduce partition columns: _col0 (type: int)
-                      Statistics: Num rows: 2 Data size: 0 Basic stats: PARTIAL Column stats: COMPLETE
+                      Statistics: Num rows: 1 Data size: 4 Basic stats: COMPLETE Column stats: COMPLETE
         Reducer 12 
             Reduce Operator Tree:
               Limit
                 Number of rows: 1
-                Statistics: Num rows: 1 Data size: 0 Basic stats: PARTIAL Column stats: COMPLETE
+                Statistics: Num rows: 1 Data size: 8 Basic stats: COMPLETE Column stats: COMPLETE
                 Select Operator
                   expressions: 3 (type: int)
                   outputColumnNames: _col0
-                  Statistics: Num rows: 1 Data size: 0 Basic stats: PARTIAL Column stats: COMPLETE
+                  Statistics: Num rows: 1 Data size: 4 Basic stats: COMPLETE Column stats: COMPLETE
                   Group By Operator
                     keys: _col0 (type: int)
                     mode: hash
                     outputColumnNames: _col0
-                    Statistics: Num rows: 2 Data size: 0 Basic stats: PARTIAL Column stats: COMPLETE
+                    Statistics: Num rows: 1 Data size: 4 Basic stats: COMPLETE Column stats: COMPLETE
                     Reduce Output Operator
                       key expressions: _col0 (type: int)
                       sort order: +
                       Map-reduce partition columns: _col0 (type: int)
-                      Statistics: Num rows: 2 Data size: 0 Basic stats: PARTIAL Column stats: COMPLETE
+                      Statistics: Num rows: 1 Data size: 4 Basic stats: COMPLETE Column stats: COMPLETE
         Reducer 14 
             Reduce Operator Tree:
               Limit
                 Number of rows: 1
-                Statistics: Num rows: 1 Data size: 0 Basic stats: PARTIAL Column stats: COMPLETE
+                Statistics: Num rows: 1 Data size: 8 Basic stats: COMPLETE Column stats: COMPLETE
                 Select Operator
                   expressions: 4 (type: int)
                   outputColumnNames: _col0
-                  Statistics: Num rows: 1 Data size: 0 Basic stats: PARTIAL Column stats: COMPLETE
+                  Statistics: Num rows: 1 Data size: 4 Basic stats: COMPLETE Column stats: COMPLETE
                   Group By Operator
                     keys: _col0 (type: int)
                     mode: hash
                     outputColumnNames: _col0
-                    Statistics: Num rows: 2 Data size: 0 Basic stats: PARTIAL Column stats: COMPLETE
+                    Statistics: Num rows: 1 Data size: 4 Basic stats: COMPLETE Column stats: COMPLETE
                     Reduce Output Operator
                       key expressions: _col0 (type: int)
                       sort order: +
                       Map-reduce partition columns: _col0 (type: int)
-                      Statistics: Num rows: 2 Data size: 0 Basic stats: PARTIAL Column stats: COMPLETE
+                      Statistics: Num rows: 1 Data size: 4 Basic stats: COMPLETE Column stats: COMPLETE
         Reducer 2 
             Reduce Operator Tree:
               Limit
                 Number of rows: 1
-                Statistics: Num rows: 1 Data size: 0 Basic stats: PARTIAL Column stats: COMPLETE
+                Statistics: Num rows: 1 Data size: 8 Basic stats: COMPLETE Column stats: COMPLETE
                 Select Operator
                   expressions: 1 (type: int)
                   outputColumnNames: _col0
-                  Statistics: Num rows: 1 Data size: 0 Basic stats: PARTIAL Column stats: COMPLETE
+                  Statistics: Num rows: 1 Data size: 4 Basic stats: COMPLETE Column stats: COMPLETE
                   Group By Operator
                     keys: _col0 (type: int)
                     mode: hash
                     outputColumnNames: _col0
-                    Statistics: Num rows: 2 Data size: 0 Basic stats: PARTIAL Column stats: COMPLETE
+                    Statistics: Num rows: 1 Data size: 4 Basic stats: COMPLETE Column stats: COMPLETE
                     Reduce Output Operator
                       key expressions: _col0 (type: int)
                       sort order: +
                       Map-reduce partition columns: _col0 (type: int)
-                      Statistics: Num rows: 2 Data size: 0 Basic stats: PARTIAL Column stats: COMPLETE
+                      Statistics: Num rows: 1 Data size: 4 Basic stats: COMPLETE Column stats: COMPLETE
         Reducer 4 
             Reduce Operator Tree:
               Group By Operator
                 keys: KEY._col0 (type: int)
                 mode: mergepartial
                 outputColumnNames: _col0
-                Statistics: Num rows: 1 Data size: 0 Basic stats: PARTIAL Column stats: COMPLETE
+                Statistics: Num rows: 1 Data size: 4 Basic stats: COMPLETE Column stats: COMPLETE
                 Group By Operator
                   keys: _col0 (type: int)
                   mode: hash
                   outputColumnNames: _col0
-                  Statistics: Num rows: 2 Data size: 0 Basic stats: PARTIAL Column stats: COMPLETE
+                  Statistics: Num rows: 1 Data size: 4 Basic stats: COMPLETE Column stats: COMPLETE
                   Reduce Output Operator
                     key expressions: _col0 (type: int)
                     sort order: +
                     Map-reduce partition columns: _col0 (type: int)
-                    Statistics: Num rows: 2 Data size: 0 Basic stats: PARTIAL Column stats: COMPLETE
+                    Statistics: Num rows: 1 Data size: 4 Basic stats: COMPLETE Column stats: COMPLETE
         Reducer 6 
             Reduce Operator Tree:
               Group By Operator
                 keys: KEY._col0 (type: int)
                 mode: mergepartial
                 outputColumnNames: _col0
-                Statistics: Num rows: 1 Data size: 0 Basic stats: PARTIAL Column stats: COMPLETE
+                Statistics: Num rows: 1 Data size: 4 Basic stats: COMPLETE Column stats: COMPLETE
                 Group By Operator
                   keys: _col0 (type: int)
                   mode: hash
                   outputColumnNames: _col0
-                  Statistics: Num rows: 2 Data size: 0 Basic stats: PARTIAL Column stats: COMPLETE
+                  Statistics: Num rows: 1 Data size: 4 Basic stats: COMPLETE Column stats: COMPLETE
                   Reduce Output Operator
                     key expressions: _col0 (type: int)
                     sort order: +
                     Map-reduce partition columns: _col0 (type: int)
-                    Statistics: Num rows: 2 Data size: 0 Basic stats: PARTIAL Column stats: COMPLETE
+                    Statistics: Num rows: 1 Data size: 4 Basic stats: COMPLETE Column stats: COMPLETE
         Reducer 8 
             Reduce Operator Tree:
               Group By Operator
                 keys: KEY._col0 (type: int)
                 mode: mergepartial
                 outputColumnNames: _col0
-                Statistics: Num rows: 1 Data size: 0 Basic stats: PARTIAL Column stats: COMPLETE
+                Statistics: Num rows: 1 Data size: 4 Basic stats: COMPLETE Column stats: COMPLETE
                 File Output Operator
                   compressed: false
-                  Statistics: Num rows: 1 Data size: 0 Basic stats: PARTIAL Column stats: COMPLETE
+                  Statistics: Num rows: 1 Data size: 4 Basic stats: COMPLETE Column stats: COMPLETE
                   table:
                       input format: org.apache.hadoop.mapred.SequenceFileInputFormat
                       output format: org.apache.hadoop.hive.ql.io.HiveSequenceFileOutputFormat
diff --git a/ql/src/test/results/clientpositive/udtf_explode.q.out b/ql/src/test/results/clientpositive/udtf_explode.q.out
index 4f8bd5ecb8..de7a2f7794 100644
--- a/ql/src/test/results/clientpositive/udtf_explode.q.out
+++ b/ql/src/test/results/clientpositive/udtf_explode.q.out
@@ -124,16 +124,16 @@ STAGE PLANS:
         Select Operator
           expressions: VALUE._col0 (type: int)
           outputColumnNames: _col0
-          Statistics: Num rows: 3 Data size: 0 Basic stats: PARTIAL Column stats: COMPLETE
+          Statistics: Num rows: 3 Data size: 24 Basic stats: COMPLETE Column stats: COMPLETE
           Limit
             Number of rows: 3
-            Statistics: Num rows: 3 Data size: 0 Basic stats: PARTIAL Column stats: COMPLETE
+            Statistics: Num rows: 3 Data size: 24 Basic stats: COMPLETE Column stats: COMPLETE
             Group By Operator
               aggregations: count(1)
               keys: _col0 (type: int)
               mode: hash
               outputColumnNames: _col0, _col1
-              Statistics: Num rows: 3 Data size: 24 Basic stats: COMPLETE Column stats: COMPLETE
+              Statistics: Num rows: 1 Data size: 8 Basic stats: COMPLETE Column stats: COMPLETE
               File Output Operator
                 compressed: false
                 GlobalTableId: 0
@@ -162,7 +162,7 @@ STAGE PLANS:
               null sort order: a
               sort order: +
               Map-reduce partition columns: _col0 (type: int)
-              Statistics: Num rows: 3 Data size: 24 Basic stats: COMPLETE Column stats: COMPLETE
+              Statistics: Num rows: 1 Data size: 8 Basic stats: COMPLETE Column stats: COMPLETE
               tag: -1
               value expressions: _col1 (type: bigint)
               auto parallelism: false
@@ -376,16 +376,16 @@ STAGE PLANS:
         Select Operator
           expressions: VALUE._col0 (type: int), VALUE._col1 (type: string)
           outputColumnNames: _col0, _col1
-          Statistics: Num rows: 3 Data size: 0 Basic stats: PARTIAL Column stats: COMPLETE
+          Statistics: Num rows: 3 Data size: 24 Basic stats: COMPLETE Column stats: COMPLETE
           Limit
             Number of rows: 3
-            Statistics: Num rows: 3 Data size: 0 Basic stats: PARTIAL Column stats: COMPLETE
+            Statistics: Num rows: 3 Data size: 24 Basic stats: COMPLETE Column stats: COMPLETE
             Group By Operator
               aggregations: count(1)
               keys: _col0 (type: int), _col1 (type: string)
               mode: hash
               outputColumnNames: _col0, _col1, _col2
-              Statistics: Num rows: 3 Data size: 24 Basic stats: COMPLETE Column stats: COMPLETE
+              Statistics: Num rows: 1 Data size: 8 Basic stats: COMPLETE Column stats: COMPLETE
               File Output Operator
                 compressed: false
                 GlobalTableId: 0
@@ -414,7 +414,7 @@ STAGE PLANS:
               null sort order: aa
               sort order: ++
               Map-reduce partition columns: _col0 (type: int), _col1 (type: string)
-              Statistics: Num rows: 3 Data size: 24 Basic stats: COMPLETE Column stats: COMPLETE
+              Statistics: Num rows: 1 Data size: 8 Basic stats: COMPLETE Column stats: COMPLETE
               tag: -1
               value expressions: _col2 (type: bigint)
               auto parallelism: false
diff --git a/ql/src/test/results/clientpositive/udtf_stack.q.out b/ql/src/test/results/clientpositive/udtf_stack.q.out
index e2835fabda..97dcd3a1cd 100644
--- a/ql/src/test/results/clientpositive/udtf_stack.q.out
+++ b/ql/src/test/results/clientpositive/udtf_stack.q.out
@@ -28,13 +28,13 @@ STAGE PLANS:
                   Select Operator
                     expressions: _col5 (type: string), _col6 (type: array<int>)
                     outputColumnNames: _col0, _col1
-                    Statistics: Num rows: 1000 Data size: 0 Basic stats: PARTIAL Column stats: COMPLETE
+                    Statistics: Num rows: 1000 Data size: 8000 Basic stats: COMPLETE Column stats: COMPLETE
                     Limit
                       Number of rows: 2
-                      Statistics: Num rows: 2 Data size: 0 Basic stats: PARTIAL Column stats: COMPLETE
+                      Statistics: Num rows: 2 Data size: 16 Basic stats: COMPLETE Column stats: COMPLETE
                       File Output Operator
                         compressed: false
-                        Statistics: Num rows: 2 Data size: 0 Basic stats: PARTIAL Column stats: COMPLETE
+                        Statistics: Num rows: 2 Data size: 16 Basic stats: COMPLETE Column stats: COMPLETE
                         table:
                             input format: org.apache.hadoop.mapred.SequenceFileInputFormat
                             output format: org.apache.hadoop.hive.ql.io.HiveSequenceFileOutputFormat
@@ -52,13 +52,13 @@ STAGE PLANS:
                     Select Operator
                       expressions: _col5 (type: string), _col6 (type: array<int>)
                       outputColumnNames: _col0, _col1
-                      Statistics: Num rows: 1000 Data size: 0 Basic stats: PARTIAL Column stats: COMPLETE
+                      Statistics: Num rows: 1000 Data size: 8000 Basic stats: COMPLETE Column stats: COMPLETE
                       Limit
                         Number of rows: 2
-                        Statistics: Num rows: 2 Data size: 0 Basic stats: PARTIAL Column stats: COMPLETE
+                        Statistics: Num rows: 2 Data size: 16 Basic stats: COMPLETE Column stats: COMPLETE
                         File Output Operator
                           compressed: false
-                          Statistics: Num rows: 2 Data size: 0 Basic stats: PARTIAL Column stats: COMPLETE
+                          Statistics: Num rows: 2 Data size: 16 Basic stats: COMPLETE Column stats: COMPLETE
                           table:
                               input format: org.apache.hadoop.mapred.SequenceFileInputFormat
                               output format: org.apache.hadoop.hive.ql.io.HiveSequenceFileOutputFormat
@@ -95,13 +95,13 @@ STAGE PLANS:
                   Select Operator
                     expressions: _col5 (type: string), _col6 (type: array<int>)
                     outputColumnNames: _col0, _col1
-                    Statistics: Num rows: 1000 Data size: 0 Basic stats: PARTIAL Column stats: COMPLETE
+                    Statistics: Num rows: 1000 Data size: 8000 Basic stats: COMPLETE Column stats: COMPLETE
                     Limit
                       Number of rows: 2
-                      Statistics: Num rows: 2 Data size: 0 Basic stats: PARTIAL Column stats: COMPLETE
+                      Statistics: Num rows: 2 Data size: 16 Basic stats: COMPLETE Column stats: COMPLETE
                       File Output Operator
                         compressed: false
-                        Statistics: Num rows: 2 Data size: 0 Basic stats: PARTIAL Column stats: COMPLETE
+                        Statistics: Num rows: 2 Data size: 16 Basic stats: COMPLETE Column stats: COMPLETE
                         table:
                             input format: org.apache.hadoop.mapred.SequenceFileInputFormat
                             output format: org.apache.hadoop.hive.ql.io.HiveSequenceFileOutputFormat
@@ -119,13 +119,13 @@ STAGE PLANS:
                     Select Operator
                       expressions: _col5 (type: string), _col6 (type: array<int>)
                       outputColumnNames: _col0, _col1
-                      Statistics: Num rows: 1000 Data size: 0 Basic stats: PARTIAL Column stats: COMPLETE
+                      Statistics: Num rows: 1000 Data size: 8000 Basic stats: COMPLETE Column stats: COMPLETE
                       Limit
                         Number of rows: 2
-                        Statistics: Num rows: 2 Data size: 0 Basic stats: PARTIAL Column stats: COMPLETE
+                        Statistics: Num rows: 2 Data size: 16 Basic stats: COMPLETE Column stats: COMPLETE
                         File Output Operator
                           compressed: false
-                          Statistics: Num rows: 2 Data size: 0 Basic stats: PARTIAL Column stats: COMPLETE
+                          Statistics: Num rows: 2 Data size: 16 Basic stats: COMPLETE Column stats: COMPLETE
                           table:
                               input format: org.apache.hadoop.mapred.SequenceFileInputFormat
                               output format: org.apache.hadoop.hive.ql.io.HiveSequenceFileOutputFormat
diff --git a/ql/src/test/results/clientpositive/union16.q.out b/ql/src/test/results/clientpositive/union16.q.out
index 1d7897b206..f14cf8a207 100644
--- a/ql/src/test/results/clientpositive/union16.q.out
+++ b/ql/src/test/results/clientpositive/union16.q.out
@@ -76,11 +76,11 @@ STAGE PLANS:
             alias: src
             Statistics: Num rows: 500 Data size: 5312 Basic stats: COMPLETE Column stats: COMPLETE
             Select Operator
-              Statistics: Num rows: 500 Data size: 0 Basic stats: PARTIAL Column stats: COMPLETE
+              Statistics: Num rows: 500 Data size: 4000 Basic stats: COMPLETE Column stats: COMPLETE
               Union
-                Statistics: Num rows: 12500 Data size: 0 Basic stats: PARTIAL Column stats: COMPLETE
+                Statistics: Num rows: 12500 Data size: 100000 Basic stats: COMPLETE Column stats: COMPLETE
                 Select Operator
-                  Statistics: Num rows: 12500 Data size: 0 Basic stats: PARTIAL Column stats: COMPLETE
+                  Statistics: Num rows: 12500 Data size: 100000 Basic stats: COMPLETE Column stats: COMPLETE
                   Group By Operator
                     aggregations: count(1)
                     mode: hash
@@ -94,11 +94,11 @@ STAGE PLANS:
             alias: src
             Statistics: Num rows: 500 Data size: 5312 Basic stats: COMPLETE Column stats: COMPLETE
             Select Operator
-              Statistics: Num rows: 500 Data size: 0 Basic stats: PARTIAL Column stats: COMPLETE
+              Statistics: Num rows: 500 Data size: 4000 Basic stats: COMPLETE Column stats: COMPLETE
               Union
-                Statistics: Num rows: 12500 Data size: 0 Basic stats: PARTIAL Column stats: COMPLETE
+                Statistics: Num rows: 12500 Data size: 100000 Basic stats: COMPLETE Column stats: COMPLETE
                 Select Operator
-                  Statistics: Num rows: 12500 Data size: 0 Basic stats: PARTIAL Column stats: COMPLETE
+                  Statistics: Num rows: 12500 Data size: 100000 Basic stats: COMPLETE Column stats: COMPLETE
                   Group By Operator
                     aggregations: count(1)
                     mode: hash
@@ -112,11 +112,11 @@ STAGE PLANS:
             alias: src
             Statistics: Num rows: 500 Data size: 5312 Basic stats: COMPLETE Column stats: COMPLETE
             Select Operator
-              Statistics: Num rows: 500 Data size: 0 Basic stats: PARTIAL Column stats: COMPLETE
+              Statistics: Num rows: 500 Data size: 4000 Basic stats: COMPLETE Column stats: COMPLETE
               Union
-                Statistics: Num rows: 12500 Data size: 0 Basic stats: PARTIAL Column stats: COMPLETE
+                Statistics: Num rows: 12500 Data size: 100000 Basic stats: COMPLETE Column stats: COMPLETE
                 Select Operator
-                  Statistics: Num rows: 12500 Data size: 0 Basic stats: PARTIAL Column stats: COMPLETE
+                  Statistics: Num rows: 12500 Data size: 100000 Basic stats: COMPLETE Column stats: COMPLETE
                   Group By Operator
                     aggregations: count(1)
                     mode: hash
@@ -130,11 +130,11 @@ STAGE PLANS:
             alias: src
             Statistics: Num rows: 500 Data size: 5312 Basic stats: COMPLETE Column stats: COMPLETE
             Select Operator
-              Statistics: Num rows: 500 Data size: 0 Basic stats: PARTIAL Column stats: COMPLETE
+              Statistics: Num rows: 500 Data size: 4000 Basic stats: COMPLETE Column stats: COMPLETE
               Union
-                Statistics: Num rows: 12500 Data size: 0 Basic stats: PARTIAL Column stats: COMPLETE
+                Statistics: Num rows: 12500 Data size: 100000 Basic stats: COMPLETE Column stats: COMPLETE
                 Select Operator
-                  Statistics: Num rows: 12500 Data size: 0 Basic stats: PARTIAL Column stats: COMPLETE
+                  Statistics: Num rows: 12500 Data size: 100000 Basic stats: COMPLETE Column stats: COMPLETE
                   Group By Operator
                     aggregations: count(1)
                     mode: hash
@@ -148,11 +148,11 @@ STAGE PLANS:
             alias: src
             Statistics: Num rows: 500 Data size: 5312 Basic stats: COMPLETE Column stats: COMPLETE
             Select Operator
-              Statistics: Num rows: 500 Data size: 0 Basic stats: PARTIAL Column stats: COMPLETE
+              Statistics: Num rows: 500 Data size: 4000 Basic stats: COMPLETE Column stats: COMPLETE
               Union
-                Statistics: Num rows: 12500 Data size: 0 Basic stats: PARTIAL Column stats: COMPLETE
+                Statistics: Num rows: 12500 Data size: 100000 Basic stats: COMPLETE Column stats: COMPLETE
                 Select Operator
-                  Statistics: Num rows: 12500 Data size: 0 Basic stats: PARTIAL Column stats: COMPLETE
+                  Statistics: Num rows: 12500 Data size: 100000 Basic stats: COMPLETE Column stats: COMPLETE
                   Group By Operator
                     aggregations: count(1)
                     mode: hash
@@ -166,11 +166,11 @@ STAGE PLANS:
             alias: src
             Statistics: Num rows: 500 Data size: 5312 Basic stats: COMPLETE Column stats: COMPLETE
             Select Operator
-              Statistics: Num rows: 500 Data size: 0 Basic stats: PARTIAL Column stats: COMPLETE
+              Statistics: Num rows: 500 Data size: 4000 Basic stats: COMPLETE Column stats: COMPLETE
               Union
-                Statistics: Num rows: 12500 Data size: 0 Basic stats: PARTIAL Column stats: COMPLETE
+                Statistics: Num rows: 12500 Data size: 100000 Basic stats: COMPLETE Column stats: COMPLETE
                 Select Operator
-                  Statistics: Num rows: 12500 Data size: 0 Basic stats: PARTIAL Column stats: COMPLETE
+                  Statistics: Num rows: 12500 Data size: 100000 Basic stats: COMPLETE Column stats: COMPLETE
                   Group By Operator
                     aggregations: count(1)
                     mode: hash
@@ -184,11 +184,11 @@ STAGE PLANS:
             alias: src
             Statistics: Num rows: 500 Data size: 5312 Basic stats: COMPLETE Column stats: COMPLETE
             Select Operator
-              Statistics: Num rows: 500 Data size: 0 Basic stats: PARTIAL Column stats: COMPLETE
+              Statistics: Num rows: 500 Data size: 4000 Basic stats: COMPLETE Column stats: COMPLETE
               Union
-                Statistics: Num rows: 12500 Data size: 0 Basic stats: PARTIAL Column stats: COMPLETE
+                Statistics: Num rows: 12500 Data size: 100000 Basic stats: COMPLETE Column stats: COMPLETE
                 Select Operator
-                  Statistics: Num rows: 12500 Data size: 0 Basic stats: PARTIAL Column stats: COMPLETE
+                  Statistics: Num rows: 12500 Data size: 100000 Basic stats: COMPLETE Column stats: COMPLETE
                   Group By Operator
                     aggregations: count(1)
                     mode: hash
@@ -202,11 +202,11 @@ STAGE PLANS:
             alias: src
             Statistics: Num rows: 500 Data size: 5312 Basic stats: COMPLETE Column stats: COMPLETE
             Select Operator
-              Statistics: Num rows: 500 Data size: 0 Basic stats: PARTIAL Column stats: COMPLETE
+              Statistics: Num rows: 500 Data size: 4000 Basic stats: COMPLETE Column stats: COMPLETE
               Union
-                Statistics: Num rows: 12500 Data size: 0 Basic stats: PARTIAL Column stats: COMPLETE
+                Statistics: Num rows: 12500 Data size: 100000 Basic stats: COMPLETE Column stats: COMPLETE
                 Select Operator
-                  Statistics: Num rows: 12500 Data size: 0 Basic stats: PARTIAL Column stats: COMPLETE
+                  Statistics: Num rows: 12500 Data size: 100000 Basic stats: COMPLETE Column stats: COMPLETE
                   Group By Operator
                     aggregations: count(1)
                     mode: hash
@@ -220,11 +220,11 @@ STAGE PLANS:
             alias: src
             Statistics: Num rows: 500 Data size: 5312 Basic stats: COMPLETE Column stats: COMPLETE
             Select Operator
-              Statistics: Num rows: 500 Data size: 0 Basic stats: PARTIAL Column stats: COMPLETE
+              Statistics: Num rows: 500 Data size: 4000 Basic stats: COMPLETE Column stats: COMPLETE
               Union
-                Statistics: Num rows: 12500 Data size: 0 Basic stats: PARTIAL Column stats: COMPLETE
+                Statistics: Num rows: 12500 Data size: 100000 Basic stats: COMPLETE Column stats: COMPLETE
                 Select Operator
-                  Statistics: Num rows: 12500 Data size: 0 Basic stats: PARTIAL Column stats: COMPLETE
+                  Statistics: Num rows: 12500 Data size: 100000 Basic stats: COMPLETE Column stats: COMPLETE
                   Group By Operator
                     aggregations: count(1)
                     mode: hash
@@ -238,11 +238,11 @@ STAGE PLANS:
             alias: src
             Statistics: Num rows: 500 Data size: 5312 Basic stats: COMPLETE Column stats: COMPLETE
             Select Operator
-              Statistics: Num rows: 500 Data size: 0 Basic stats: PARTIAL Column stats: COMPLETE
+              Statistics: Num rows: 500 Data size: 4000 Basic stats: COMPLETE Column stats: COMPLETE
               Union
-                Statistics: Num rows: 12500 Data size: 0 Basic stats: PARTIAL Column stats: COMPLETE
+                Statistics: Num rows: 12500 Data size: 100000 Basic stats: COMPLETE Column stats: COMPLETE
                 Select Operator
-                  Statistics: Num rows: 12500 Data size: 0 Basic stats: PARTIAL Column stats: COMPLETE
+                  Statistics: Num rows: 12500 Data size: 100000 Basic stats: COMPLETE Column stats: COMPLETE
                   Group By Operator
                     aggregations: count(1)
                     mode: hash
@@ -256,11 +256,11 @@ STAGE PLANS:
             alias: src
             Statistics: Num rows: 500 Data size: 5312 Basic stats: COMPLETE Column stats: COMPLETE
             Select Operator
-              Statistics: Num rows: 500 Data size: 0 Basic stats: PARTIAL Column stats: COMPLETE
+              Statistics: Num rows: 500 Data size: 4000 Basic stats: COMPLETE Column stats: COMPLETE
               Union
-                Statistics: Num rows: 12500 Data size: 0 Basic stats: PARTIAL Column stats: COMPLETE
+                Statistics: Num rows: 12500 Data size: 100000 Basic stats: COMPLETE Column stats: COMPLETE
                 Select Operator
-                  Statistics: Num rows: 12500 Data size: 0 Basic stats: PARTIAL Column stats: COMPLETE
+                  Statistics: Num rows: 12500 Data size: 100000 Basic stats: COMPLETE Column stats: COMPLETE
                   Group By Operator
                     aggregations: count(1)
                     mode: hash
@@ -274,11 +274,11 @@ STAGE PLANS:
             alias: src
             Statistics: Num rows: 500 Data size: 5312 Basic stats: COMPLETE Column stats: COMPLETE
             Select Operator
-              Statistics: Num rows: 500 Data size: 0 Basic stats: PARTIAL Column stats: COMPLETE
+              Statistics: Num rows: 500 Data size: 4000 Basic stats: COMPLETE Column stats: COMPLETE
               Union
-                Statistics: Num rows: 12500 Data size: 0 Basic stats: PARTIAL Column stats: COMPLETE
+                Statistics: Num rows: 12500 Data size: 100000 Basic stats: COMPLETE Column stats: COMPLETE
                 Select Operator
-                  Statistics: Num rows: 12500 Data size: 0 Basic stats: PARTIAL Column stats: COMPLETE
+                  Statistics: Num rows: 12500 Data size: 100000 Basic stats: COMPLETE Column stats: COMPLETE
                   Group By Operator
                     aggregations: count(1)
                     mode: hash
@@ -292,11 +292,11 @@ STAGE PLANS:
             alias: src
             Statistics: Num rows: 500 Data size: 5312 Basic stats: COMPLETE Column stats: COMPLETE
             Select Operator
-              Statistics: Num rows: 500 Data size: 0 Basic stats: PARTIAL Column stats: COMPLETE
+              Statistics: Num rows: 500 Data size: 4000 Basic stats: COMPLETE Column stats: COMPLETE
               Union
-                Statistics: Num rows: 12500 Data size: 0 Basic stats: PARTIAL Column stats: COMPLETE
+                Statistics: Num rows: 12500 Data size: 100000 Basic stats: COMPLETE Column stats: COMPLETE
                 Select Operator
-                  Statistics: Num rows: 12500 Data size: 0 Basic stats: PARTIAL Column stats: COMPLETE
+                  Statistics: Num rows: 12500 Data size: 100000 Basic stats: COMPLETE Column stats: COMPLETE
                   Group By Operator
                     aggregations: count(1)
                     mode: hash
@@ -310,11 +310,11 @@ STAGE PLANS:
             alias: src
             Statistics: Num rows: 500 Data size: 5312 Basic stats: COMPLETE Column stats: COMPLETE
             Select Operator
-              Statistics: Num rows: 500 Data size: 0 Basic stats: PARTIAL Column stats: COMPLETE
+              Statistics: Num rows: 500 Data size: 4000 Basic stats: COMPLETE Column stats: COMPLETE
               Union
-                Statistics: Num rows: 12500 Data size: 0 Basic stats: PARTIAL Column stats: COMPLETE
+                Statistics: Num rows: 12500 Data size: 100000 Basic stats: COMPLETE Column stats: COMPLETE
                 Select Operator
-                  Statistics: Num rows: 12500 Data size: 0 Basic stats: PARTIAL Column stats: COMPLETE
+                  Statistics: Num rows: 12500 Data size: 100000 Basic stats: COMPLETE Column stats: COMPLETE
                   Group By Operator
                     aggregations: count(1)
                     mode: hash
@@ -328,11 +328,11 @@ STAGE PLANS:
             alias: src
             Statistics: Num rows: 500 Data size: 5312 Basic stats: COMPLETE Column stats: COMPLETE
             Select Operator
-              Statistics: Num rows: 500 Data size: 0 Basic stats: PARTIAL Column stats: COMPLETE
+              Statistics: Num rows: 500 Data size: 4000 Basic stats: COMPLETE Column stats: COMPLETE
               Union
-                Statistics: Num rows: 12500 Data size: 0 Basic stats: PARTIAL Column stats: COMPLETE
+                Statistics: Num rows: 12500 Data size: 100000 Basic stats: COMPLETE Column stats: COMPLETE
                 Select Operator
-                  Statistics: Num rows: 12500 Data size: 0 Basic stats: PARTIAL Column stats: COMPLETE
+                  Statistics: Num rows: 12500 Data size: 100000 Basic stats: COMPLETE Column stats: COMPLETE
                   Group By Operator
                     aggregations: count(1)
                     mode: hash
@@ -346,11 +346,11 @@ STAGE PLANS:
             alias: src
             Statistics: Num rows: 500 Data size: 5312 Basic stats: COMPLETE Column stats: COMPLETE
             Select Operator
-              Statistics: Num rows: 500 Data size: 0 Basic stats: PARTIAL Column stats: COMPLETE
+              Statistics: Num rows: 500 Data size: 4000 Basic stats: COMPLETE Column stats: COMPLETE
               Union
-                Statistics: Num rows: 12500 Data size: 0 Basic stats: PARTIAL Column stats: COMPLETE
+                Statistics: Num rows: 12500 Data size: 100000 Basic stats: COMPLETE Column stats: COMPLETE
                 Select Operator
-                  Statistics: Num rows: 12500 Data size: 0 Basic stats: PARTIAL Column stats: COMPLETE
+                  Statistics: Num rows: 12500 Data size: 100000 Basic stats: COMPLETE Column stats: COMPLETE
                   Group By Operator
                     aggregations: count(1)
                     mode: hash
@@ -364,11 +364,11 @@ STAGE PLANS:
             alias: src
             Statistics: Num rows: 500 Data size: 5312 Basic stats: COMPLETE Column stats: COMPLETE
             Select Operator
-              Statistics: Num rows: 500 Data size: 0 Basic stats: PARTIAL Column stats: COMPLETE
+              Statistics: Num rows: 500 Data size: 4000 Basic stats: COMPLETE Column stats: COMPLETE
               Union
-                Statistics: Num rows: 12500 Data size: 0 Basic stats: PARTIAL Column stats: COMPLETE
+                Statistics: Num rows: 12500 Data size: 100000 Basic stats: COMPLETE Column stats: COMPLETE
                 Select Operator
-                  Statistics: Num rows: 12500 Data size: 0 Basic stats: PARTIAL Column stats: COMPLETE
+                  Statistics: Num rows: 12500 Data size: 100000 Basic stats: COMPLETE Column stats: COMPLETE
                   Group By Operator
                     aggregations: count(1)
                     mode: hash
@@ -382,11 +382,11 @@ STAGE PLANS:
             alias: src
             Statistics: Num rows: 500 Data size: 5312 Basic stats: COMPLETE Column stats: COMPLETE
             Select Operator
-              Statistics: Num rows: 500 Data size: 0 Basic stats: PARTIAL Column stats: COMPLETE
+              Statistics: Num rows: 500 Data size: 4000 Basic stats: COMPLETE Column stats: COMPLETE
               Union
-                Statistics: Num rows: 12500 Data size: 0 Basic stats: PARTIAL Column stats: COMPLETE
+                Statistics: Num rows: 12500 Data size: 100000 Basic stats: COMPLETE Column stats: COMPLETE
                 Select Operator
-                  Statistics: Num rows: 12500 Data size: 0 Basic stats: PARTIAL Column stats: COMPLETE
+                  Statistics: Num rows: 12500 Data size: 100000 Basic stats: COMPLETE Column stats: COMPLETE
                   Group By Operator
                     aggregations: count(1)
                     mode: hash
@@ -400,11 +400,11 @@ STAGE PLANS:
             alias: src
             Statistics: Num rows: 500 Data size: 5312 Basic stats: COMPLETE Column stats: COMPLETE
             Select Operator
-              Statistics: Num rows: 500 Data size: 0 Basic stats: PARTIAL Column stats: COMPLETE
+              Statistics: Num rows: 500 Data size: 4000 Basic stats: COMPLETE Column stats: COMPLETE
               Union
-                Statistics: Num rows: 12500 Data size: 0 Basic stats: PARTIAL Column stats: COMPLETE
+                Statistics: Num rows: 12500 Data size: 100000 Basic stats: COMPLETE Column stats: COMPLETE
                 Select Operator
-                  Statistics: Num rows: 12500 Data size: 0 Basic stats: PARTIAL Column stats: COMPLETE
+                  Statistics: Num rows: 12500 Data size: 100000 Basic stats: COMPLETE Column stats: COMPLETE
                   Group By Operator
                     aggregations: count(1)
                     mode: hash
@@ -418,11 +418,11 @@ STAGE PLANS:
             alias: src
             Statistics: Num rows: 500 Data size: 5312 Basic stats: COMPLETE Column stats: COMPLETE
             Select Operator
-              Statistics: Num rows: 500 Data size: 0 Basic stats: PARTIAL Column stats: COMPLETE
+              Statistics: Num rows: 500 Data size: 4000 Basic stats: COMPLETE Column stats: COMPLETE
               Union
-                Statistics: Num rows: 12500 Data size: 0 Basic stats: PARTIAL Column stats: COMPLETE
+                Statistics: Num rows: 12500 Data size: 100000 Basic stats: COMPLETE Column stats: COMPLETE
                 Select Operator
-                  Statistics: Num rows: 12500 Data size: 0 Basic stats: PARTIAL Column stats: COMPLETE
+                  Statistics: Num rows: 12500 Data size: 100000 Basic stats: COMPLETE Column stats: COMPLETE
                   Group By Operator
                     aggregations: count(1)
                     mode: hash
@@ -436,11 +436,11 @@ STAGE PLANS:
             alias: src
             Statistics: Num rows: 500 Data size: 5312 Basic stats: COMPLETE Column stats: COMPLETE
             Select Operator
-              Statistics: Num rows: 500 Data size: 0 Basic stats: PARTIAL Column stats: COMPLETE
+              Statistics: Num rows: 500 Data size: 4000 Basic stats: COMPLETE Column stats: COMPLETE
               Union
-                Statistics: Num rows: 12500 Data size: 0 Basic stats: PARTIAL Column stats: COMPLETE
+                Statistics: Num rows: 12500 Data size: 100000 Basic stats: COMPLETE Column stats: COMPLETE
                 Select Operator
-                  Statistics: Num rows: 12500 Data size: 0 Basic stats: PARTIAL Column stats: COMPLETE
+                  Statistics: Num rows: 12500 Data size: 100000 Basic stats: COMPLETE Column stats: COMPLETE
                   Group By Operator
                     aggregations: count(1)
                     mode: hash
@@ -454,11 +454,11 @@ STAGE PLANS:
             alias: src
             Statistics: Num rows: 500 Data size: 5312 Basic stats: COMPLETE Column stats: COMPLETE
             Select Operator
-              Statistics: Num rows: 500 Data size: 0 Basic stats: PARTIAL Column stats: COMPLETE
+              Statistics: Num rows: 500 Data size: 4000 Basic stats: COMPLETE Column stats: COMPLETE
               Union
-                Statistics: Num rows: 12500 Data size: 0 Basic stats: PARTIAL Column stats: COMPLETE
+                Statistics: Num rows: 12500 Data size: 100000 Basic stats: COMPLETE Column stats: COMPLETE
                 Select Operator
-                  Statistics: Num rows: 12500 Data size: 0 Basic stats: PARTIAL Column stats: COMPLETE
+                  Statistics: Num rows: 12500 Data size: 100000 Basic stats: COMPLETE Column stats: COMPLETE
                   Group By Operator
                     aggregations: count(1)
                     mode: hash
@@ -472,11 +472,11 @@ STAGE PLANS:
             alias: src
             Statistics: Num rows: 500 Data size: 5312 Basic stats: COMPLETE Column stats: COMPLETE
             Select Operator
-              Statistics: Num rows: 500 Data size: 0 Basic stats: PARTIAL Column stats: COMPLETE
+              Statistics: Num rows: 500 Data size: 4000 Basic stats: COMPLETE Column stats: COMPLETE
               Union
-                Statistics: Num rows: 12500 Data size: 0 Basic stats: PARTIAL Column stats: COMPLETE
+                Statistics: Num rows: 12500 Data size: 100000 Basic stats: COMPLETE Column stats: COMPLETE
                 Select Operator
-                  Statistics: Num rows: 12500 Data size: 0 Basic stats: PARTIAL Column stats: COMPLETE
+                  Statistics: Num rows: 12500 Data size: 100000 Basic stats: COMPLETE Column stats: COMPLETE
                   Group By Operator
                     aggregations: count(1)
                     mode: hash
@@ -490,11 +490,11 @@ STAGE PLANS:
             alias: src
             Statistics: Num rows: 500 Data size: 5312 Basic stats: COMPLETE Column stats: COMPLETE
             Select Operator
-              Statistics: Num rows: 500 Data size: 0 Basic stats: PARTIAL Column stats: COMPLETE
+              Statistics: Num rows: 500 Data size: 4000 Basic stats: COMPLETE Column stats: COMPLETE
               Union
-                Statistics: Num rows: 12500 Data size: 0 Basic stats: PARTIAL Column stats: COMPLETE
+                Statistics: Num rows: 12500 Data size: 100000 Basic stats: COMPLETE Column stats: COMPLETE
                 Select Operator
-                  Statistics: Num rows: 12500 Data size: 0 Basic stats: PARTIAL Column stats: COMPLETE
+                  Statistics: Num rows: 12500 Data size: 100000 Basic stats: COMPLETE Column stats: COMPLETE
                   Group By Operator
                     aggregations: count(1)
                     mode: hash
@@ -508,11 +508,11 @@ STAGE PLANS:
             alias: src
             Statistics: Num rows: 500 Data size: 5312 Basic stats: COMPLETE Column stats: COMPLETE
             Select Operator
-              Statistics: Num rows: 500 Data size: 0 Basic stats: PARTIAL Column stats: COMPLETE
+              Statistics: Num rows: 500 Data size: 4000 Basic stats: COMPLETE Column stats: COMPLETE
               Union
-                Statistics: Num rows: 12500 Data size: 0 Basic stats: PARTIAL Column stats: COMPLETE
+                Statistics: Num rows: 12500 Data size: 100000 Basic stats: COMPLETE Column stats: COMPLETE
                 Select Operator
-                  Statistics: Num rows: 12500 Data size: 0 Basic stats: PARTIAL Column stats: COMPLETE
+                  Statistics: Num rows: 12500 Data size: 100000 Basic stats: COMPLETE Column stats: COMPLETE
                   Group By Operator
                     aggregations: count(1)
                     mode: hash
diff --git a/ql/src/test/results/clientpositive/union2.q.out b/ql/src/test/results/clientpositive/union2.q.out
index 649967613a..6e93e8d42a 100644
--- a/ql/src/test/results/clientpositive/union2.q.out
+++ b/ql/src/test/results/clientpositive/union2.q.out
@@ -24,11 +24,11 @@ STAGE PLANS:
             alias: s1
             Statistics: Num rows: 500 Data size: 5312 Basic stats: COMPLETE Column stats: COMPLETE
             Select Operator
-              Statistics: Num rows: 500 Data size: 0 Basic stats: PARTIAL Column stats: COMPLETE
+              Statistics: Num rows: 500 Data size: 4000 Basic stats: COMPLETE Column stats: COMPLETE
               Union
-                Statistics: Num rows: 1000 Data size: 0 Basic stats: PARTIAL Column stats: COMPLETE
+                Statistics: Num rows: 1000 Data size: 8000 Basic stats: COMPLETE Column stats: COMPLETE
                 Select Operator
-                  Statistics: Num rows: 1000 Data size: 0 Basic stats: PARTIAL Column stats: COMPLETE
+                  Statistics: Num rows: 1000 Data size: 8000 Basic stats: COMPLETE Column stats: COMPLETE
                   Group By Operator
                     aggregations: count(1)
                     mode: hash
@@ -42,11 +42,11 @@ STAGE PLANS:
             alias: s1
             Statistics: Num rows: 500 Data size: 5312 Basic stats: COMPLETE Column stats: COMPLETE
             Select Operator
-              Statistics: Num rows: 500 Data size: 0 Basic stats: PARTIAL Column stats: COMPLETE
+              Statistics: Num rows: 500 Data size: 4000 Basic stats: COMPLETE Column stats: COMPLETE
               Union
-                Statistics: Num rows: 1000 Data size: 0 Basic stats: PARTIAL Column stats: COMPLETE
+                Statistics: Num rows: 1000 Data size: 8000 Basic stats: COMPLETE Column stats: COMPLETE
                 Select Operator
-                  Statistics: Num rows: 1000 Data size: 0 Basic stats: PARTIAL Column stats: COMPLETE
+                  Statistics: Num rows: 1000 Data size: 8000 Basic stats: COMPLETE Column stats: COMPLETE
                   Group By Operator
                     aggregations: count(1)
                     mode: hash
diff --git a/ql/src/test/results/clientpositive/union3.q.out b/ql/src/test/results/clientpositive/union3.q.out
index 01306777eb..730c8b80d4 100644
--- a/ql/src/test/results/clientpositive/union3.q.out
+++ b/ql/src/test/results/clientpositive/union3.q.out
@@ -55,19 +55,19 @@ STAGE PLANS:
               Statistics: Num rows: 500 Data size: 5312 Basic stats: COMPLETE Column stats: COMPLETE
               Limit
                 Number of rows: 1
-                Statistics: Num rows: 1 Data size: 0 Basic stats: PARTIAL Column stats: COMPLETE
+                Statistics: Num rows: 1 Data size: 8 Basic stats: COMPLETE Column stats: COMPLETE
                 Reduce Output Operator
                   sort order: 
-                  Statistics: Num rows: 1 Data size: 0 Basic stats: PARTIAL Column stats: COMPLETE
+                  Statistics: Num rows: 1 Data size: 8 Basic stats: COMPLETE Column stats: COMPLETE
                   TopN Hash Memory Usage: 0.1
       Reduce Operator Tree:
         Limit
           Number of rows: 1
-          Statistics: Num rows: 1 Data size: 0 Basic stats: PARTIAL Column stats: COMPLETE
+          Statistics: Num rows: 1 Data size: 8 Basic stats: COMPLETE Column stats: COMPLETE
           Select Operator
             expressions: 1 (type: int)
             outputColumnNames: _col0
-            Statistics: Num rows: 1 Data size: 0 Basic stats: PARTIAL Column stats: COMPLETE
+            Statistics: Num rows: 1 Data size: 4 Basic stats: COMPLETE Column stats: COMPLETE
             File Output Operator
               compressed: false
               table:
@@ -80,44 +80,44 @@ STAGE PLANS:
       Map Operator Tree:
           TableScan
             Union
-              Statistics: Num rows: 4 Data size: 0 Basic stats: PARTIAL Column stats: COMPLETE
+              Statistics: Num rows: 4 Data size: 16 Basic stats: COMPLETE Column stats: COMPLETE
               Reduce Output Operator
                 key expressions: _col0 (type: int)
                 sort order: +
                 Map-reduce partition columns: _col0 (type: int)
-                Statistics: Num rows: 4 Data size: 0 Basic stats: PARTIAL Column stats: COMPLETE
+                Statistics: Num rows: 4 Data size: 16 Basic stats: COMPLETE Column stats: COMPLETE
           TableScan
             Union
-              Statistics: Num rows: 4 Data size: 0 Basic stats: PARTIAL Column stats: COMPLETE
+              Statistics: Num rows: 4 Data size: 16 Basic stats: COMPLETE Column stats: COMPLETE
               Reduce Output Operator
                 key expressions: _col0 (type: int)
                 sort order: +
                 Map-reduce partition columns: _col0 (type: int)
-                Statistics: Num rows: 4 Data size: 0 Basic stats: PARTIAL Column stats: COMPLETE
+                Statistics: Num rows: 4 Data size: 16 Basic stats: COMPLETE Column stats: COMPLETE
           TableScan
             Union
-              Statistics: Num rows: 4 Data size: 0 Basic stats: PARTIAL Column stats: COMPLETE
+              Statistics: Num rows: 4 Data size: 16 Basic stats: COMPLETE Column stats: COMPLETE
               Reduce Output Operator
                 key expressions: _col0 (type: int)
                 sort order: +
                 Map-reduce partition columns: _col0 (type: int)
-                Statistics: Num rows: 4 Data size: 0 Basic stats: PARTIAL Column stats: COMPLETE
+                Statistics: Num rows: 4 Data size: 16 Basic stats: COMPLETE Column stats: COMPLETE
           TableScan
             Union
-              Statistics: Num rows: 4 Data size: 0 Basic stats: PARTIAL Column stats: COMPLETE
+              Statistics: Num rows: 4 Data size: 16 Basic stats: COMPLETE Column stats: COMPLETE
               Reduce Output Operator
                 key expressions: _col0 (type: int)
                 sort order: +
                 Map-reduce partition columns: _col0 (type: int)
-                Statistics: Num rows: 4 Data size: 0 Basic stats: PARTIAL Column stats: COMPLETE
+                Statistics: Num rows: 4 Data size: 16 Basic stats: COMPLETE Column stats: COMPLETE
       Reduce Operator Tree:
         Select Operator
           expressions: KEY.reducesinkkey0 (type: int)
           outputColumnNames: _col0
-          Statistics: Num rows: 4 Data size: 0 Basic stats: PARTIAL Column stats: COMPLETE
+          Statistics: Num rows: 4 Data size: 16 Basic stats: COMPLETE Column stats: COMPLETE
           File Output Operator
             compressed: false
-            Statistics: Num rows: 4 Data size: 0 Basic stats: PARTIAL Column stats: COMPLETE
+            Statistics: Num rows: 4 Data size: 16 Basic stats: COMPLETE Column stats: COMPLETE
             table:
                 input format: org.apache.hadoop.mapred.SequenceFileInputFormat
                 output format: org.apache.hadoop.hive.ql.io.HiveSequenceFileOutputFormat
@@ -133,19 +133,19 @@ STAGE PLANS:
               Statistics: Num rows: 500 Data size: 5312 Basic stats: COMPLETE Column stats: COMPLETE
               Limit
                 Number of rows: 1
-                Statistics: Num rows: 1 Data size: 0 Basic stats: PARTIAL Column stats: COMPLETE
+                Statistics: Num rows: 1 Data size: 8 Basic stats: COMPLETE Column stats: COMPLETE
                 Reduce Output Operator
                   sort order: 
-                  Statistics: Num rows: 1 Data size: 0 Basic stats: PARTIAL Column stats: COMPLETE
+                  Statistics: Num rows: 1 Data size: 8 Basic stats: COMPLETE Column stats: COMPLETE
                   TopN Hash Memory Usage: 0.1
       Reduce Operator Tree:
         Limit
           Number of rows: 1
-          Statistics: Num rows: 1 Data size: 0 Basic stats: PARTIAL Column stats: COMPLETE
+          Statistics: Num rows: 1 Data size: 8 Basic stats: COMPLETE Column stats: COMPLETE
           Select Operator
             expressions: 2 (type: int)
             outputColumnNames: _col0
-            Statistics: Num rows: 1 Data size: 0 Basic stats: PARTIAL Column stats: COMPLETE
+            Statistics: Num rows: 1 Data size: 4 Basic stats: COMPLETE Column stats: COMPLETE
             File Output Operator
               compressed: false
               table:
@@ -163,19 +163,19 @@ STAGE PLANS:
               Statistics: Num rows: 500 Data size: 5312 Basic stats: COMPLETE Column stats: COMPLETE
               Limit
                 Number of rows: 1
-                Statistics: Num rows: 1 Data size: 0 Basic stats: PARTIAL Column stats: COMPLETE
+                Statistics: Num rows: 1 Data size: 8 Basic stats: COMPLETE Column stats: COMPLETE
                 Reduce Output Operator
                   sort order: 
-                  Statistics: Num rows: 1 Data size: 0 Basic stats: PARTIAL Column stats: COMPLETE
+                  Statistics: Num rows: 1 Data size: 8 Basic stats: COMPLETE Column stats: COMPLETE
                   TopN Hash Memory Usage: 0.1
       Reduce Operator Tree:
         Limit
           Number of rows: 1
-          Statistics: Num rows: 1 Data size: 0 Basic stats: PARTIAL Column stats: COMPLETE
+          Statistics: Num rows: 1 Data size: 8 Basic stats: COMPLETE Column stats: COMPLETE
           Select Operator
             expressions: 3 (type: int)
             outputColumnNames: _col0
-            Statistics: Num rows: 1 Data size: 0 Basic stats: PARTIAL Column stats: COMPLETE
+            Statistics: Num rows: 1 Data size: 4 Basic stats: COMPLETE Column stats: COMPLETE
             File Output Operator
               compressed: false
               table:
@@ -193,19 +193,19 @@ STAGE PLANS:
               Statistics: Num rows: 500 Data size: 5312 Basic stats: COMPLETE Column stats: COMPLETE
               Limit
                 Number of rows: 1
-                Statistics: Num rows: 1 Data size: 0 Basic stats: PARTIAL Column stats: COMPLETE
+                Statistics: Num rows: 1 Data size: 8 Basic stats: COMPLETE Column stats: COMPLETE
                 Reduce Output Operator
                   sort order: 
-                  Statistics: Num rows: 1 Data size: 0 Basic stats: PARTIAL Column stats: COMPLETE
+                  Statistics: Num rows: 1 Data size: 8 Basic stats: COMPLETE Column stats: COMPLETE
                   TopN Hash Memory Usage: 0.1
       Reduce Operator Tree:
         Limit
           Number of rows: 1
-          Statistics: Num rows: 1 Data size: 0 Basic stats: PARTIAL Column stats: COMPLETE
+          Statistics: Num rows: 1 Data size: 8 Basic stats: COMPLETE Column stats: COMPLETE
           Select Operator
             expressions: 4 (type: int)
             outputColumnNames: _col0
-            Statistics: Num rows: 1 Data size: 0 Basic stats: PARTIAL Column stats: COMPLETE
+            Statistics: Num rows: 1 Data size: 4 Basic stats: COMPLETE Column stats: COMPLETE
             File Output Operator
               compressed: false
               table:
diff --git a/ql/src/test/results/clientpositive/union9.q.out b/ql/src/test/results/clientpositive/union9.q.out
index 73b2e323c7..7745c93afe 100644
--- a/ql/src/test/results/clientpositive/union9.q.out
+++ b/ql/src/test/results/clientpositive/union9.q.out
@@ -26,11 +26,11 @@ STAGE PLANS:
             alias: s1
             Statistics: Num rows: 500 Data size: 5312 Basic stats: COMPLETE Column stats: COMPLETE
             Select Operator
-              Statistics: Num rows: 500 Data size: 0 Basic stats: PARTIAL Column stats: COMPLETE
+              Statistics: Num rows: 500 Data size: 4000 Basic stats: COMPLETE Column stats: COMPLETE
               Union
-                Statistics: Num rows: 1500 Data size: 0 Basic stats: PARTIAL Column stats: COMPLETE
+                Statistics: Num rows: 1500 Data size: 12000 Basic stats: COMPLETE Column stats: COMPLETE
                 Select Operator
-                  Statistics: Num rows: 1500 Data size: 0 Basic stats: PARTIAL Column stats: COMPLETE
+                  Statistics: Num rows: 1500 Data size: 12000 Basic stats: COMPLETE Column stats: COMPLETE
                   Group By Operator
                     aggregations: count(1)
                     mode: hash
@@ -44,11 +44,11 @@ STAGE PLANS:
             alias: s1
             Statistics: Num rows: 500 Data size: 5312 Basic stats: COMPLETE Column stats: COMPLETE
             Select Operator
-              Statistics: Num rows: 500 Data size: 0 Basic stats: PARTIAL Column stats: COMPLETE
+              Statistics: Num rows: 500 Data size: 4000 Basic stats: COMPLETE Column stats: COMPLETE
               Union
-                Statistics: Num rows: 1500 Data size: 0 Basic stats: PARTIAL Column stats: COMPLETE
+                Statistics: Num rows: 1500 Data size: 12000 Basic stats: COMPLETE Column stats: COMPLETE
                 Select Operator
-                  Statistics: Num rows: 1500 Data size: 0 Basic stats: PARTIAL Column stats: COMPLETE
+                  Statistics: Num rows: 1500 Data size: 12000 Basic stats: COMPLETE Column stats: COMPLETE
                   Group By Operator
                     aggregations: count(1)
                     mode: hash
@@ -62,11 +62,11 @@ STAGE PLANS:
             alias: s1
             Statistics: Num rows: 500 Data size: 5312 Basic stats: COMPLETE Column stats: COMPLETE
             Select Operator
-              Statistics: Num rows: 500 Data size: 0 Basic stats: PARTIAL Column stats: COMPLETE
+              Statistics: Num rows: 500 Data size: 4000 Basic stats: COMPLETE Column stats: COMPLETE
               Union
-                Statistics: Num rows: 1500 Data size: 0 Basic stats: PARTIAL Column stats: COMPLETE
+                Statistics: Num rows: 1500 Data size: 12000 Basic stats: COMPLETE Column stats: COMPLETE
                 Select Operator
-                  Statistics: Num rows: 1500 Data size: 0 Basic stats: PARTIAL Column stats: COMPLETE
+                  Statistics: Num rows: 1500 Data size: 12000 Basic stats: COMPLETE Column stats: COMPLETE
                   Group By Operator
                     aggregations: count(1)
                     mode: hash
diff --git a/ql/src/test/results/clientpositive/unionDistinct_1.q.out b/ql/src/test/results/clientpositive/unionDistinct_1.q.out
index 0330133917..519ebdcee6 100644
--- a/ql/src/test/results/clientpositive/unionDistinct_1.q.out
+++ b/ql/src/test/results/clientpositive/unionDistinct_1.q.out
@@ -12150,18 +12150,18 @@ STAGE PLANS:
               Statistics: Num rows: 500 Data size: 5312 Basic stats: COMPLETE Column stats: COMPLETE
               Limit
                 Number of rows: 1
-                Statistics: Num rows: 1 Data size: 0 Basic stats: PARTIAL Column stats: COMPLETE
+                Statistics: Num rows: 1 Data size: 8 Basic stats: COMPLETE Column stats: COMPLETE
                 Reduce Output Operator
                   sort order: 
-                  Statistics: Num rows: 1 Data size: 0 Basic stats: PARTIAL Column stats: COMPLETE
+                  Statistics: Num rows: 1 Data size: 8 Basic stats: COMPLETE Column stats: COMPLETE
       Reduce Operator Tree:
         Limit
           Number of rows: 1
-          Statistics: Num rows: 1 Data size: 0 Basic stats: PARTIAL Column stats: COMPLETE
+          Statistics: Num rows: 1 Data size: 8 Basic stats: COMPLETE Column stats: COMPLETE
           Select Operator
             expressions: 1 (type: int)
             outputColumnNames: _col0
-            Statistics: Num rows: 1 Data size: 0 Basic stats: PARTIAL Column stats: COMPLETE
+            Statistics: Num rows: 1 Data size: 4 Basic stats: COMPLETE Column stats: COMPLETE
             File Output Operator
               compressed: false
               table:
@@ -12174,36 +12174,36 @@ STAGE PLANS:
       Map Operator Tree:
           TableScan
             Union
-              Statistics: Num rows: 2 Data size: 0 Basic stats: PARTIAL Column stats: COMPLETE
+              Statistics: Num rows: 2 Data size: 8 Basic stats: COMPLETE Column stats: COMPLETE
               Group By Operator
                 keys: _col0 (type: int)
                 mode: hash
                 outputColumnNames: _col0
-                Statistics: Num rows: 2 Data size: 0 Basic stats: PARTIAL Column stats: COMPLETE
+                Statistics: Num rows: 1 Data size: 4 Basic stats: COMPLETE Column stats: COMPLETE
                 Reduce Output Operator
                   key expressions: _col0 (type: int)
                   sort order: +
                   Map-reduce partition columns: _col0 (type: int)
-                  Statistics: Num rows: 2 Data size: 0 Basic stats: PARTIAL Column stats: COMPLETE
+                  Statistics: Num rows: 1 Data size: 4 Basic stats: COMPLETE Column stats: COMPLETE
           TableScan
             Union
-              Statistics: Num rows: 2 Data size: 0 Basic stats: PARTIAL Column stats: COMPLETE
+              Statistics: Num rows: 2 Data size: 8 Basic stats: COMPLETE Column stats: COMPLETE
               Group By Operator
                 keys: _col0 (type: int)
                 mode: hash
                 outputColumnNames: _col0
-                Statistics: Num rows: 2 Data size: 0 Basic stats: PARTIAL Column stats: COMPLETE
+                Statistics: Num rows: 1 Data size: 4 Basic stats: COMPLETE Column stats: COMPLETE
                 Reduce Output Operator
                   key expressions: _col0 (type: int)
                   sort order: +
                   Map-reduce partition columns: _col0 (type: int)
-                  Statistics: Num rows: 2 Data size: 0 Basic stats: PARTIAL Column stats: COMPLETE
+                  Statistics: Num rows: 1 Data size: 4 Basic stats: COMPLETE Column stats: COMPLETE
       Reduce Operator Tree:
         Group By Operator
           keys: KEY._col0 (type: int)
           mode: mergepartial
           outputColumnNames: _col0
-          Statistics: Num rows: 1 Data size: 0 Basic stats: PARTIAL Column stats: COMPLETE
+          Statistics: Num rows: 1 Data size: 4 Basic stats: COMPLETE Column stats: COMPLETE
           File Output Operator
             compressed: false
             table:
@@ -12216,36 +12216,36 @@ STAGE PLANS:
       Map Operator Tree:
           TableScan
             Union
-              Statistics: Num rows: 2 Data size: 0 Basic stats: PARTIAL Column stats: COMPLETE
+              Statistics: Num rows: 2 Data size: 8 Basic stats: COMPLETE Column stats: COMPLETE
               Group By Operator
                 keys: _col0 (type: int)
                 mode: hash
                 outputColumnNames: _col0
-                Statistics: Num rows: 2 Data size: 0 Basic stats: PARTIAL Column stats: COMPLETE
+                Statistics: Num rows: 1 Data size: 4 Basic stats: COMPLETE Column stats: COMPLETE
                 Reduce Output Operator
                   key expressions: _col0 (type: int)
                   sort order: +
                   Map-reduce partition columns: _col0 (type: int)
-                  Statistics: Num rows: 2 Data size: 0 Basic stats: PARTIAL Column stats: COMPLETE
+                  Statistics: Num rows: 1 Data size: 4 Basic stats: COMPLETE Column stats: COMPLETE
           TableScan
             Union
-              Statistics: Num rows: 2 Data size: 0 Basic stats: PARTIAL Column stats: COMPLETE
+              Statistics: Num rows: 2 Data size: 8 Basic stats: COMPLETE Column stats: COMPLETE
               Group By Operator
                 keys: _col0 (type: int)
                 mode: hash
                 outputColumnNames: _col0
-                Statistics: Num rows: 2 Data size: 0 Basic stats: PARTIAL Column stats: COMPLETE
+                Statistics: Num rows: 1 Data size: 4 Basic stats: COMPLETE Column stats: COMPLETE
                 Reduce Output Operator
                   key expressions: _col0 (type: int)
                   sort order: +
                   Map-reduce partition columns: _col0 (type: int)
-                  Statistics: Num rows: 2 Data size: 0 Basic stats: PARTIAL Column stats: COMPLETE
+                  Statistics: Num rows: 1 Data size: 4 Basic stats: COMPLETE Column stats: COMPLETE
       Reduce Operator Tree:
         Group By Operator
           keys: KEY._col0 (type: int)
           mode: mergepartial
           outputColumnNames: _col0
-          Statistics: Num rows: 1 Data size: 0 Basic stats: PARTIAL Column stats: COMPLETE
+          Statistics: Num rows: 1 Data size: 4 Basic stats: COMPLETE Column stats: COMPLETE
           File Output Operator
             compressed: false
             table:
@@ -12258,39 +12258,39 @@ STAGE PLANS:
       Map Operator Tree:
           TableScan
             Union
-              Statistics: Num rows: 2 Data size: 0 Basic stats: PARTIAL Column stats: COMPLETE
+              Statistics: Num rows: 2 Data size: 8 Basic stats: COMPLETE Column stats: COMPLETE
               Group By Operator
                 keys: _col0 (type: int)
                 mode: hash
                 outputColumnNames: _col0
-                Statistics: Num rows: 2 Data size: 0 Basic stats: PARTIAL Column stats: COMPLETE
+                Statistics: Num rows: 1 Data size: 4 Basic stats: COMPLETE Column stats: COMPLETE
                 Reduce Output Operator
                   key expressions: _col0 (type: int)
                   sort order: +
                   Map-reduce partition columns: _col0 (type: int)
-                  Statistics: Num rows: 2 Data size: 0 Basic stats: PARTIAL Column stats: COMPLETE
+                  Statistics: Num rows: 1 Data size: 4 Basic stats: COMPLETE Column stats: COMPLETE
           TableScan
             Union
-              Statistics: Num rows: 2 Data size: 0 Basic stats: PARTIAL Column stats: COMPLETE
+              Statistics: Num rows: 2 Data size: 8 Basic stats: COMPLETE Column stats: COMPLETE
               Group By Operator
                 keys: _col0 (type: int)
                 mode: hash
                 outputColumnNames: _col0
-                Statistics: Num rows: 2 Data size: 0 Basic stats: PARTIAL Column stats: COMPLETE
+                Statistics: Num rows: 1 Data size: 4 Basic stats: COMPLETE Column stats: COMPLETE
                 Reduce Output Operator
                   key expressions: _col0 (type: int)
                   sort order: +
                   Map-reduce partition columns: _col0 (type: int)
-                  Statistics: Num rows: 2 Data size: 0 Basic stats: PARTIAL Column stats: COMPLETE
+                  Statistics: Num rows: 1 Data size: 4 Basic stats: COMPLETE Column stats: COMPLETE
       Reduce Operator Tree:
         Group By Operator
           keys: KEY._col0 (type: int)
           mode: mergepartial
           outputColumnNames: _col0
-          Statistics: Num rows: 1 Data size: 0 Basic stats: PARTIAL Column stats: COMPLETE
+          Statistics: Num rows: 1 Data size: 4 Basic stats: COMPLETE Column stats: COMPLETE
           File Output Operator
             compressed: false
-            Statistics: Num rows: 1 Data size: 0 Basic stats: PARTIAL Column stats: COMPLETE
+            Statistics: Num rows: 1 Data size: 4 Basic stats: COMPLETE Column stats: COMPLETE
             table:
                 input format: org.apache.hadoop.mapred.SequenceFileInputFormat
                 output format: org.apache.hadoop.hive.ql.io.HiveSequenceFileOutputFormat
@@ -12306,18 +12306,18 @@ STAGE PLANS:
               Statistics: Num rows: 500 Data size: 5312 Basic stats: COMPLETE Column stats: COMPLETE
               Limit
                 Number of rows: 1
-                Statistics: Num rows: 1 Data size: 0 Basic stats: PARTIAL Column stats: COMPLETE
+                Statistics: Num rows: 1 Data size: 8 Basic stats: COMPLETE Column stats: COMPLETE
                 Reduce Output Operator
                   sort order: 
-                  Statistics: Num rows: 1 Data size: 0 Basic stats: PARTIAL Column stats: COMPLETE
+                  Statistics: Num rows: 1 Data size: 8 Basic stats: COMPLETE Column stats: COMPLETE
       Reduce Operator Tree:
         Limit
           Number of rows: 1
-          Statistics: Num rows: 1 Data size: 0 Basic stats: PARTIAL Column stats: COMPLETE
+          Statistics: Num rows: 1 Data size: 8 Basic stats: COMPLETE Column stats: COMPLETE
           Select Operator
             expressions: 2 (type: int)
             outputColumnNames: _col0
-            Statistics: Num rows: 1 Data size: 0 Basic stats: PARTIAL Column stats: COMPLETE
+            Statistics: Num rows: 1 Data size: 4 Basic stats: COMPLETE Column stats: COMPLETE
             File Output Operator
               compressed: false
               table:
@@ -12335,18 +12335,18 @@ STAGE PLANS:
               Statistics: Num rows: 500 Data size: 5312 Basic stats: COMPLETE Column stats: COMPLETE
               Limit
                 Number of rows: 1
-                Statistics: Num rows: 1 Data size: 0 Basic stats: PARTIAL Column stats: COMPLETE
+                Statistics: Num rows: 1 Data size: 8 Basic stats: COMPLETE Column stats: COMPLETE
                 Reduce Output Operator
                   sort order: 
-                  Statistics: Num rows: 1 Data size: 0 Basic stats: PARTIAL Column stats: COMPLETE
+                  Statistics: Num rows: 1 Data size: 8 Basic stats: COMPLETE Column stats: COMPLETE
       Reduce Operator Tree:
         Limit
           Number of rows: 1
-          Statistics: Num rows: 1 Data size: 0 Basic stats: PARTIAL Column stats: COMPLETE
+          Statistics: Num rows: 1 Data size: 8 Basic stats: COMPLETE Column stats: COMPLETE
           Select Operator
             expressions: 3 (type: int)
             outputColumnNames: _col0
-            Statistics: Num rows: 1 Data size: 0 Basic stats: PARTIAL Column stats: COMPLETE
+            Statistics: Num rows: 1 Data size: 4 Basic stats: COMPLETE Column stats: COMPLETE
             File Output Operator
               compressed: false
               table:
@@ -12364,18 +12364,18 @@ STAGE PLANS:
               Statistics: Num rows: 500 Data size: 5312 Basic stats: COMPLETE Column stats: COMPLETE
               Limit
                 Number of rows: 1
-                Statistics: Num rows: 1 Data size: 0 Basic stats: PARTIAL Column stats: COMPLETE
+                Statistics: Num rows: 1 Data size: 8 Basic stats: COMPLETE Column stats: COMPLETE
                 Reduce Output Operator
                   sort order: 
-                  Statistics: Num rows: 1 Data size: 0 Basic stats: PARTIAL Column stats: COMPLETE
+                  Statistics: Num rows: 1 Data size: 8 Basic stats: COMPLETE Column stats: COMPLETE
       Reduce Operator Tree:
         Limit
           Number of rows: 1
-          Statistics: Num rows: 1 Data size: 0 Basic stats: PARTIAL Column stats: COMPLETE
+          Statistics: Num rows: 1 Data size: 8 Basic stats: COMPLETE Column stats: COMPLETE
           Select Operator
             expressions: 4 (type: int)
             outputColumnNames: _col0
-            Statistics: Num rows: 1 Data size: 0 Basic stats: PARTIAL Column stats: COMPLETE
+            Statistics: Num rows: 1 Data size: 4 Basic stats: COMPLETE Column stats: COMPLETE
             File Output Operator
               compressed: false
               table:
