diff --git a/ql/src/java/org/apache/hadoop/hive/ql/optimizer/calcite/HiveRexUtil.java b/ql/src/java/org/apache/hadoop/hive/ql/optimizer/calcite/HiveRexUtil.java
index 1b327feb9a..15707c1de8 100644
--- a/ql/src/java/org/apache/hadoop/hive/ql/optimizer/calcite/HiveRexUtil.java
+++ b/ql/src/java/org/apache/hadoop/hive/ql/optimizer/calcite/HiveRexUtil.java
@@ -299,6 +299,11 @@ private static RexNode simplifyCase(RexBuilder rexBuilder, RexCall call,
         if (operand.isAlwaysTrue()) {
           // Predicate is always TRUE. Make value the ELSE and quit.
           newOperands.add(operands.get(i + 1));
+          if (unknownAsFalse && RexUtil.isNull(operands.get(i + 1))) {
+            values.add(rexBuilder.makeLiteral(false).toString());
+          } else {
+            values.add(operands.get(i + 1).toString());
+          }
           break;
         } else if (operand.isAlwaysFalse() || RexUtil.isNull(operand)) {
           // Predicate is always FALSE or NULL. Skip predicate and value.
diff --git a/ql/src/test/queries/clientpositive/fold_case.q b/ql/src/test/queries/clientpositive/fold_case.q
index 013a45f2b1..e2b490ef77 100644
--- a/ql/src/test/queries/clientpositive/fold_case.q
+++ b/ql/src/test/queries/clientpositive/fold_case.q
@@ -21,3 +21,6 @@ select count(1) from src where (case key when '238' then null else 1=1 end);
 explain 
 select (CASE WHEN (-2) >= 0  THEN SUBSTRING(key, 1,CAST((-2) AS INT)) ELSE NULL END)
 from src;
+explain
+select (CASE WHEN key = value THEN '1' WHEN true THEN '0' ELSE NULL END)
+from src;
diff --git a/ql/src/test/results/clientpositive/fold_case.q.out b/ql/src/test/results/clientpositive/fold_case.q.out
index 304d37adbd..b2f9807786 100644
--- a/ql/src/test/results/clientpositive/fold_case.q.out
+++ b/ql/src/test/results/clientpositive/fold_case.q.out
@@ -474,3 +474,40 @@ STAGE PLANS:
             Statistics: Num rows: 500 Data size: 84 Basic stats: COMPLETE Column stats: COMPLETE
             ListSink
 
+PREHOOK: query: explain
+select (CASE WHEN key = value THEN '1' WHEN true THEN '0' ELSE NULL END)
+from src
+PREHOOK: type: QUERY
+POSTHOOK: query: explain
+select (CASE WHEN key = value THEN '1' WHEN true THEN '0' ELSE NULL END)
+from src
+POSTHOOK: type: QUERY
+STAGE DEPENDENCIES:
+  Stage-1 is a root stage
+  Stage-0 depends on stages: Stage-1
+
+STAGE PLANS:
+  Stage: Stage-1
+    Map Reduce
+      Map Operator Tree:
+          TableScan
+            alias: src
+            Statistics: Num rows: 500 Data size: 5312 Basic stats: COMPLETE Column stats: NONE
+            Select Operator
+              expressions: CASE WHEN ((key = value)) THEN ('1') ELSE ('0') END (type: string)
+              outputColumnNames: _col0
+              Statistics: Num rows: 500 Data size: 5312 Basic stats: COMPLETE Column stats: NONE
+              File Output Operator
+                compressed: false
+                Statistics: Num rows: 500 Data size: 5312 Basic stats: COMPLETE Column stats: NONE
+                table:
+                    input format: org.apache.hadoop.mapred.SequenceFileInputFormat
+                    output format: org.apache.hadoop.hive.ql.io.HiveSequenceFileOutputFormat
+                    serde: org.apache.hadoop.hive.serde2.lazy.LazySimpleSerDe
+
+  Stage: Stage-0
+    Fetch Operator
+      limit: -1
+      Processor Tree:
+        ListSink
+
