diff --git a/ql/src/java/org/apache/hadoop/hive/ql/ppd/ExprWalkerProcFactory.java b/ql/src/java/org/apache/hadoop/hive/ql/ppd/ExprWalkerProcFactory.java
index 03381168c4..d4df1e83e0 100644
--- a/ql/src/java/org/apache/hadoop/hive/ql/ppd/ExprWalkerProcFactory.java
+++ b/ql/src/java/org/apache/hadoop/hive/ql/ppd/ExprWalkerProcFactory.java
@@ -367,7 +367,14 @@ private static void extractFinalCandidates(ExprNodeDesc expr,
 
     ExprInfo exprInfo = ctx.getExprInfo(expr);
     if (exprInfo != null && exprInfo.isCandidate) {
-      ctx.addFinalCandidate(exprInfo.alias, exprInfo.convertedExpr != null ?
+      String alias = exprInfo.alias;
+      if ((alias == null) && (exprInfo.convertedExpr != null)) {
+    	ExprInfo convertedExprInfo = ctx.getExprInfo(exprInfo.convertedExpr);
+    	if (convertedExprInfo != null) {
+    		alias = convertedExprInfo.alias;
+    	}
+      }
+      ctx.addFinalCandidate(alias, exprInfo.convertedExpr != null ?
               exprInfo.convertedExpr : expr);
       return;
     } else if (!FunctionRegistry.isOpAnd(expr) &&
diff --git a/ql/src/test/queries/clientpositive/filter_cond_pushdown_HIVE_15647.q b/ql/src/test/queries/clientpositive/filter_cond_pushdown_HIVE_15647.q
new file mode 100644
index 0000000000..7a1d32c0a6
--- /dev/null
+++ b/ql/src/test/queries/clientpositive/filter_cond_pushdown_HIVE_15647.q
@@ -0,0 +1,24 @@
+set hive.cbo.enable=false;
+
+CREATE TABLE sales_HIVE_15647 (store_id INTEGER, store_number INTEGER, customer_id INTEGER);
+CREATE TABLE store_HIVE_15647 (store_id INTEGER, salad_bar BOOLEAN);
+
+explain select count(*) from
+sales_HIVE_15647 as sales 
+join store_HIVE_15647 as store on sales.store_id = store.store_id
+where ((store.salad_bar)) and ((sales.store_number) <=> (sales.customer_id));
+
+explain select count(*) from
+sales_HIVE_15647 as sales 
+join store_HIVE_15647 as store on sales.store_id = store.store_id
+where ((store.salad_bar)) and ((sales.store_number) = (sales.customer_id));
+
+explain select count(*) from
+sales_HIVE_15647 as sales 
+join store_HIVE_15647 as store on sales.store_id = store.store_id
+where ((store.salad_bar = true)) and ((sales.store_number) <=> (sales.customer_id));
+
+explain select count(*) from
+sales_HIVE_15647 as sales 
+join store_HIVE_15647 as store on sales.store_id = store.store_id
+where ((store.salad_bar = false)) and ((sales.store_number) > (sales.customer_id));
\ No newline at end of file
diff --git a/ql/src/test/results/clientpositive/filter_cond_pushdown_HIVE_15647.q.out b/ql/src/test/results/clientpositive/filter_cond_pushdown_HIVE_15647.q.out
new file mode 100644
index 0000000000..866c8fed9c
--- /dev/null
+++ b/ql/src/test/results/clientpositive/filter_cond_pushdown_HIVE_15647.q.out
@@ -0,0 +1,372 @@
+PREHOOK: query: CREATE TABLE sales_HIVE_15647 (store_id INTEGER, store_number INTEGER, customer_id INTEGER)
+PREHOOK: type: CREATETABLE
+PREHOOK: Output: database:default
+PREHOOK: Output: default@sales_HIVE_15647
+POSTHOOK: query: CREATE TABLE sales_HIVE_15647 (store_id INTEGER, store_number INTEGER, customer_id INTEGER)
+POSTHOOK: type: CREATETABLE
+POSTHOOK: Output: database:default
+POSTHOOK: Output: default@sales_HIVE_15647
+PREHOOK: query: CREATE TABLE store_HIVE_15647 (store_id INTEGER, salad_bar BOOLEAN)
+PREHOOK: type: CREATETABLE
+PREHOOK: Output: database:default
+PREHOOK: Output: default@store_HIVE_15647
+POSTHOOK: query: CREATE TABLE store_HIVE_15647 (store_id INTEGER, salad_bar BOOLEAN)
+POSTHOOK: type: CREATETABLE
+POSTHOOK: Output: database:default
+POSTHOOK: Output: default@store_HIVE_15647
+PREHOOK: query: explain select count(*) from
+sales_HIVE_15647 as sales 
+join store_HIVE_15647 as store on sales.store_id = store.store_id
+where ((store.salad_bar)) and ((sales.store_number) <=> (sales.customer_id))
+PREHOOK: type: QUERY
+POSTHOOK: query: explain select count(*) from
+sales_HIVE_15647 as sales 
+join store_HIVE_15647 as store on sales.store_id = store.store_id
+where ((store.salad_bar)) and ((sales.store_number) <=> (sales.customer_id))
+POSTHOOK: type: QUERY
+STAGE DEPENDENCIES:
+  Stage-1 is a root stage
+  Stage-2 depends on stages: Stage-1
+  Stage-0 depends on stages: Stage-2
+
+STAGE PLANS:
+  Stage: Stage-1
+    Map Reduce
+      Map Operator Tree:
+          TableScan
+            alias: sales
+            Statistics: Num rows: 1 Data size: 0 Basic stats: PARTIAL Column stats: NONE
+            Filter Operator
+              predicate: ((store_number = customer_id) and store_id is not null) (type: boolean)
+              Statistics: Num rows: 1 Data size: 0 Basic stats: PARTIAL Column stats: NONE
+              Reduce Output Operator
+                key expressions: store_id (type: int)
+                sort order: +
+                Map-reduce partition columns: store_id (type: int)
+                Statistics: Num rows: 1 Data size: 0 Basic stats: PARTIAL Column stats: NONE
+          TableScan
+            alias: store
+            Statistics: Num rows: 1 Data size: 0 Basic stats: PARTIAL Column stats: NONE
+            Filter Operator
+              predicate: (store_id is not null and salad_bar) (type: boolean)
+              Statistics: Num rows: 1 Data size: 0 Basic stats: PARTIAL Column stats: NONE
+              Reduce Output Operator
+                key expressions: store_id (type: int)
+                sort order: +
+                Map-reduce partition columns: store_id (type: int)
+                Statistics: Num rows: 1 Data size: 0 Basic stats: PARTIAL Column stats: NONE
+      Reduce Operator Tree:
+        Join Operator
+          condition map:
+               Inner Join 0 to 1
+          keys:
+            0 store_id (type: int)
+            1 store_id (type: int)
+          Statistics: Num rows: 1 Data size: 0 Basic stats: PARTIAL Column stats: NONE
+          Group By Operator
+            aggregations: count()
+            mode: hash
+            outputColumnNames: _col0
+            Statistics: Num rows: 1 Data size: 8 Basic stats: COMPLETE Column stats: NONE
+            File Output Operator
+              compressed: false
+              table:
+                  input format: org.apache.hadoop.mapred.SequenceFileInputFormat
+                  output format: org.apache.hadoop.hive.ql.io.HiveSequenceFileOutputFormat
+                  serde: org.apache.hadoop.hive.serde2.lazybinary.LazyBinarySerDe
+
+  Stage: Stage-2
+    Map Reduce
+      Map Operator Tree:
+          TableScan
+            Reduce Output Operator
+              sort order: 
+              Statistics: Num rows: 1 Data size: 8 Basic stats: COMPLETE Column stats: NONE
+              value expressions: _col0 (type: bigint)
+      Reduce Operator Tree:
+        Group By Operator
+          aggregations: count(VALUE._col0)
+          mode: mergepartial
+          outputColumnNames: _col0
+          Statistics: Num rows: 1 Data size: 8 Basic stats: COMPLETE Column stats: NONE
+          File Output Operator
+            compressed: false
+            Statistics: Num rows: 1 Data size: 8 Basic stats: COMPLETE Column stats: NONE
+            table:
+                input format: org.apache.hadoop.mapred.SequenceFileInputFormat
+                output format: org.apache.hadoop.hive.ql.io.HiveSequenceFileOutputFormat
+                serde: org.apache.hadoop.hive.serde2.lazy.LazySimpleSerDe
+
+  Stage: Stage-0
+    Fetch Operator
+      limit: -1
+      Processor Tree:
+        ListSink
+
+PREHOOK: query: explain select count(*) from
+sales_HIVE_15647 as sales 
+join store_HIVE_15647 as store on sales.store_id = store.store_id
+where ((store.salad_bar)) and ((sales.store_number) = (sales.customer_id))
+PREHOOK: type: QUERY
+POSTHOOK: query: explain select count(*) from
+sales_HIVE_15647 as sales 
+join store_HIVE_15647 as store on sales.store_id = store.store_id
+where ((store.salad_bar)) and ((sales.store_number) = (sales.customer_id))
+POSTHOOK: type: QUERY
+STAGE DEPENDENCIES:
+  Stage-1 is a root stage
+  Stage-2 depends on stages: Stage-1
+  Stage-0 depends on stages: Stage-2
+
+STAGE PLANS:
+  Stage: Stage-1
+    Map Reduce
+      Map Operator Tree:
+          TableScan
+            alias: sales
+            Statistics: Num rows: 1 Data size: 0 Basic stats: PARTIAL Column stats: NONE
+            Filter Operator
+              predicate: ((store_number = customer_id) and store_id is not null) (type: boolean)
+              Statistics: Num rows: 1 Data size: 0 Basic stats: PARTIAL Column stats: NONE
+              Reduce Output Operator
+                key expressions: store_id (type: int)
+                sort order: +
+                Map-reduce partition columns: store_id (type: int)
+                Statistics: Num rows: 1 Data size: 0 Basic stats: PARTIAL Column stats: NONE
+          TableScan
+            alias: store
+            Statistics: Num rows: 1 Data size: 0 Basic stats: PARTIAL Column stats: NONE
+            Filter Operator
+              predicate: (store_id is not null and salad_bar) (type: boolean)
+              Statistics: Num rows: 1 Data size: 0 Basic stats: PARTIAL Column stats: NONE
+              Reduce Output Operator
+                key expressions: store_id (type: int)
+                sort order: +
+                Map-reduce partition columns: store_id (type: int)
+                Statistics: Num rows: 1 Data size: 0 Basic stats: PARTIAL Column stats: NONE
+      Reduce Operator Tree:
+        Join Operator
+          condition map:
+               Inner Join 0 to 1
+          keys:
+            0 store_id (type: int)
+            1 store_id (type: int)
+          Statistics: Num rows: 1 Data size: 0 Basic stats: PARTIAL Column stats: NONE
+          Group By Operator
+            aggregations: count()
+            mode: hash
+            outputColumnNames: _col0
+            Statistics: Num rows: 1 Data size: 8 Basic stats: COMPLETE Column stats: NONE
+            File Output Operator
+              compressed: false
+              table:
+                  input format: org.apache.hadoop.mapred.SequenceFileInputFormat
+                  output format: org.apache.hadoop.hive.ql.io.HiveSequenceFileOutputFormat
+                  serde: org.apache.hadoop.hive.serde2.lazybinary.LazyBinarySerDe
+
+  Stage: Stage-2
+    Map Reduce
+      Map Operator Tree:
+          TableScan
+            Reduce Output Operator
+              sort order: 
+              Statistics: Num rows: 1 Data size: 8 Basic stats: COMPLETE Column stats: NONE
+              value expressions: _col0 (type: bigint)
+      Reduce Operator Tree:
+        Group By Operator
+          aggregations: count(VALUE._col0)
+          mode: mergepartial
+          outputColumnNames: _col0
+          Statistics: Num rows: 1 Data size: 8 Basic stats: COMPLETE Column stats: NONE
+          File Output Operator
+            compressed: false
+            Statistics: Num rows: 1 Data size: 8 Basic stats: COMPLETE Column stats: NONE
+            table:
+                input format: org.apache.hadoop.mapred.SequenceFileInputFormat
+                output format: org.apache.hadoop.hive.ql.io.HiveSequenceFileOutputFormat
+                serde: org.apache.hadoop.hive.serde2.lazy.LazySimpleSerDe
+
+  Stage: Stage-0
+    Fetch Operator
+      limit: -1
+      Processor Tree:
+        ListSink
+
+PREHOOK: query: explain select count(*) from
+sales_HIVE_15647 as sales 
+join store_HIVE_15647 as store on sales.store_id = store.store_id
+where ((store.salad_bar = true)) and ((sales.store_number) <=> (sales.customer_id))
+PREHOOK: type: QUERY
+POSTHOOK: query: explain select count(*) from
+sales_HIVE_15647 as sales 
+join store_HIVE_15647 as store on sales.store_id = store.store_id
+where ((store.salad_bar = true)) and ((sales.store_number) <=> (sales.customer_id))
+POSTHOOK: type: QUERY
+STAGE DEPENDENCIES:
+  Stage-1 is a root stage
+  Stage-2 depends on stages: Stage-1
+  Stage-0 depends on stages: Stage-2
+
+STAGE PLANS:
+  Stage: Stage-1
+    Map Reduce
+      Map Operator Tree:
+          TableScan
+            alias: sales
+            Statistics: Num rows: 1 Data size: 0 Basic stats: PARTIAL Column stats: NONE
+            Filter Operator
+              predicate: ((store_number = customer_id) and store_id is not null) (type: boolean)
+              Statistics: Num rows: 1 Data size: 0 Basic stats: PARTIAL Column stats: NONE
+              Reduce Output Operator
+                key expressions: store_id (type: int)
+                sort order: +
+                Map-reduce partition columns: store_id (type: int)
+                Statistics: Num rows: 1 Data size: 0 Basic stats: PARTIAL Column stats: NONE
+          TableScan
+            alias: store
+            Statistics: Num rows: 1 Data size: 0 Basic stats: PARTIAL Column stats: NONE
+            Filter Operator
+              predicate: (store_id is not null and (salad_bar = true)) (type: boolean)
+              Statistics: Num rows: 1 Data size: 0 Basic stats: PARTIAL Column stats: NONE
+              Reduce Output Operator
+                key expressions: store_id (type: int)
+                sort order: +
+                Map-reduce partition columns: store_id (type: int)
+                Statistics: Num rows: 1 Data size: 0 Basic stats: PARTIAL Column stats: NONE
+      Reduce Operator Tree:
+        Join Operator
+          condition map:
+               Inner Join 0 to 1
+          keys:
+            0 store_id (type: int)
+            1 store_id (type: int)
+          Statistics: Num rows: 1 Data size: 0 Basic stats: PARTIAL Column stats: NONE
+          Group By Operator
+            aggregations: count()
+            mode: hash
+            outputColumnNames: _col0
+            Statistics: Num rows: 1 Data size: 8 Basic stats: COMPLETE Column stats: NONE
+            File Output Operator
+              compressed: false
+              table:
+                  input format: org.apache.hadoop.mapred.SequenceFileInputFormat
+                  output format: org.apache.hadoop.hive.ql.io.HiveSequenceFileOutputFormat
+                  serde: org.apache.hadoop.hive.serde2.lazybinary.LazyBinarySerDe
+
+  Stage: Stage-2
+    Map Reduce
+      Map Operator Tree:
+          TableScan
+            Reduce Output Operator
+              sort order: 
+              Statistics: Num rows: 1 Data size: 8 Basic stats: COMPLETE Column stats: NONE
+              value expressions: _col0 (type: bigint)
+      Reduce Operator Tree:
+        Group By Operator
+          aggregations: count(VALUE._col0)
+          mode: mergepartial
+          outputColumnNames: _col0
+          Statistics: Num rows: 1 Data size: 8 Basic stats: COMPLETE Column stats: NONE
+          File Output Operator
+            compressed: false
+            Statistics: Num rows: 1 Data size: 8 Basic stats: COMPLETE Column stats: NONE
+            table:
+                input format: org.apache.hadoop.mapred.SequenceFileInputFormat
+                output format: org.apache.hadoop.hive.ql.io.HiveSequenceFileOutputFormat
+                serde: org.apache.hadoop.hive.serde2.lazy.LazySimpleSerDe
+
+  Stage: Stage-0
+    Fetch Operator
+      limit: -1
+      Processor Tree:
+        ListSink
+
+PREHOOK: query: explain select count(*) from
+sales_HIVE_15647 as sales 
+join store_HIVE_15647 as store on sales.store_id = store.store_id
+where ((store.salad_bar = false)) and ((sales.store_number) > (sales.customer_id))
+PREHOOK: type: QUERY
+POSTHOOK: query: explain select count(*) from
+sales_HIVE_15647 as sales 
+join store_HIVE_15647 as store on sales.store_id = store.store_id
+where ((store.salad_bar = false)) and ((sales.store_number) > (sales.customer_id))
+POSTHOOK: type: QUERY
+STAGE DEPENDENCIES:
+  Stage-1 is a root stage
+  Stage-2 depends on stages: Stage-1
+  Stage-0 depends on stages: Stage-2
+
+STAGE PLANS:
+  Stage: Stage-1
+    Map Reduce
+      Map Operator Tree:
+          TableScan
+            alias: sales
+            Statistics: Num rows: 1 Data size: 0 Basic stats: PARTIAL Column stats: NONE
+            Filter Operator
+              predicate: (store_id is not null and (store_number > customer_id)) (type: boolean)
+              Statistics: Num rows: 1 Data size: 0 Basic stats: PARTIAL Column stats: NONE
+              Reduce Output Operator
+                key expressions: store_id (type: int)
+                sort order: +
+                Map-reduce partition columns: store_id (type: int)
+                Statistics: Num rows: 1 Data size: 0 Basic stats: PARTIAL Column stats: NONE
+          TableScan
+            alias: store
+            Statistics: Num rows: 1 Data size: 0 Basic stats: PARTIAL Column stats: NONE
+            Filter Operator
+              predicate: (store_id is not null and (salad_bar = false)) (type: boolean)
+              Statistics: Num rows: 1 Data size: 0 Basic stats: PARTIAL Column stats: NONE
+              Reduce Output Operator
+                key expressions: store_id (type: int)
+                sort order: +
+                Map-reduce partition columns: store_id (type: int)
+                Statistics: Num rows: 1 Data size: 0 Basic stats: PARTIAL Column stats: NONE
+      Reduce Operator Tree:
+        Join Operator
+          condition map:
+               Inner Join 0 to 1
+          keys:
+            0 store_id (type: int)
+            1 store_id (type: int)
+          Statistics: Num rows: 1 Data size: 0 Basic stats: PARTIAL Column stats: NONE
+          Group By Operator
+            aggregations: count()
+            mode: hash
+            outputColumnNames: _col0
+            Statistics: Num rows: 1 Data size: 8 Basic stats: COMPLETE Column stats: NONE
+            File Output Operator
+              compressed: false
+              table:
+                  input format: org.apache.hadoop.mapred.SequenceFileInputFormat
+                  output format: org.apache.hadoop.hive.ql.io.HiveSequenceFileOutputFormat
+                  serde: org.apache.hadoop.hive.serde2.lazybinary.LazyBinarySerDe
+
+  Stage: Stage-2
+    Map Reduce
+      Map Operator Tree:
+          TableScan
+            Reduce Output Operator
+              sort order: 
+              Statistics: Num rows: 1 Data size: 8 Basic stats: COMPLETE Column stats: NONE
+              value expressions: _col0 (type: bigint)
+      Reduce Operator Tree:
+        Group By Operator
+          aggregations: count(VALUE._col0)
+          mode: mergepartial
+          outputColumnNames: _col0
+          Statistics: Num rows: 1 Data size: 8 Basic stats: COMPLETE Column stats: NONE
+          File Output Operator
+            compressed: false
+            Statistics: Num rows: 1 Data size: 8 Basic stats: COMPLETE Column stats: NONE
+            table:
+                input format: org.apache.hadoop.mapred.SequenceFileInputFormat
+                output format: org.apache.hadoop.hive.ql.io.HiveSequenceFileOutputFormat
+                serde: org.apache.hadoop.hive.serde2.lazy.LazySimpleSerDe
+
+  Stage: Stage-0
+    Fetch Operator
+      limit: -1
+      Processor Tree:
+        ListSink
+
