diff --git a/ql/src/test/results/clientpositive/interval_arithmetic.q.out b/ql/src/test/results/clientpositive/interval_arithmetic.q.out
index c1fc7381f0..039d3e16b7 100644
--- a/ql/src/test/results/clientpositive/interval_arithmetic.q.out
+++ b/ql/src/test/results/clientpositive/interval_arithmetic.q.out
@@ -624,7 +624,7 @@ STAGE PLANS:
           alias: interval_arithmetic_1
           Statistics: Num rows: 12288 Data size: 326837 Basic stats: COMPLETE Column stats: COMPLETE
           Select Operator
-            expressions: 2017-02-19 03:04:00.0 (type: timestamp)
+            expressions: 2017-02-20 03:04:00.0 (type: timestamp)
             outputColumnNames: _col0
             Statistics: Num rows: 12288 Data size: 491520 Basic stats: COMPLETE Column stats: COMPLETE
             Limit
@@ -640,7 +640,7 @@ POSTHOOK: query: select current_date + interval '1 2:02:00' day to second + inte
 POSTHOOK: type: QUERY
 POSTHOOK: Input: default@interval_arithmetic_1
 #### A masked pattern was here ####
-2017-02-19 03:04:00
+2017-02-20 03:04:00
 PREHOOK: query: drop table interval_arithmetic_1
 PREHOOK: type: DROPTABLE
 PREHOOK: Input: default@interval_arithmetic_1
