diff --git a/ql/src/java/org/apache/hadoop/hive/ql/optimizer/stats/annotation/StatsRulesProcFactory.java b/ql/src/java/org/apache/hadoop/hive/ql/optimizer/stats/annotation/StatsRulesProcFactory.java
index ae32a28c66..6cb0559ea0 100644
--- a/ql/src/java/org/apache/hadoop/hive/ql/optimizer/stats/annotation/StatsRulesProcFactory.java
+++ b/ql/src/java/org/apache/hadoop/hive/ql/optimizer/stats/annotation/StatsRulesProcFactory.java
@@ -19,6 +19,7 @@
 package org.apache.hadoop.hive.ql.optimizer.stats.annotation;
 
 import java.lang.reflect.Field;
+import java.util.Arrays;
 import java.util.ArrayList;
 import java.util.Collections;
 import java.util.HashMap;
@@ -1543,8 +1544,16 @@ public Object process(Node nd, Stack<Node> stack, NodeProcessorCtx procCtx,
 
         // update join statistics
         stats.setColumnStats(outColStats);
-        long joinRowCount = inferredRowCount !=-1 ? inferredRowCount : computeNewRowCount(rowCounts, denom, jop);
-        updateColStats(conf, stats, joinRowCount, jop, rowCountParents);
+
+        // reason we compute interim row count, where join type isn't considered, is because later
+        // it will be used to estimate num nulls
+        long interimRowCount = inferredRowCount !=-1 ? inferredRowCount
+            :computeRowCountAssumingInnerJoin(rowCounts, denom, jop);
+        // final row computation will consider join type
+        long joinRowCount = inferredRowCount !=-1 ? inferredRowCount
+            :computeFinalRowCount(rowCounts, interimRowCount, jop);
+
+        updateColStats(conf, stats, interimRowCount, joinRowCount, jop, rowCountParents);
 
         // evaluate filter expression and update statistics
         if (joinRowCount != -1 && jop.getConf().getNoOuterJoin() &&
@@ -1775,7 +1784,9 @@ private long getCardinality(List<Operator<? extends OperatorDesc>> ops, Integer
         newNumRows = newrows;
       } else {
         // there is more than one FK
-        newNumRows = this.computeNewRowCount(rowCounts, getDenominator(distinctVals), jop);
+        newNumRows = this.computeRowCountAssumingInnerJoin(rowCounts,
+            getDenominator(distinctVals), jop);
+        newNumRows = this.computeFinalRowCount(rowCounts, newNumRows, jop);
       }
       return newNumRows;
     }
@@ -1895,7 +1906,85 @@ private Map<Integer, ColStatistics> getPrimaryKeyCandidates(List<Operator<? exte
       return result;
     }
 
-    private void updateColStats(HiveConf conf, Statistics stats, long newNumRows,
+    private boolean isJoinKey(final String columnName,
+    final ExprNodeDesc[][] joinKeys) {
+      for (int i = 0; i < joinKeys.length; i++) {
+        for (ExprNodeDesc expr : Arrays.asList(joinKeys[i])) {
+
+          if (expr instanceof ExprNodeColumnDesc) {
+            if (((ExprNodeColumnDesc) expr).getColumn().equals(columnName)) {
+              return true;
+            }
+          }
+        }
+      }
+      return false;
+    }
+
+    private void updateNumNulls(ColStatistics colStats, long interimNumRows, long newNumRows,
+        long pos, CommonJoinOperator<? extends JoinDesc> jop) {
+
+      if (!(jop.getConf().getConds().length == 1)) {
+        // TODO: handle multi joins
+        return;
+      }
+
+
+      long oldNumNulls = colStats.getNumNulls();
+      long newNumNulls = Math.min(newNumRows, oldNumNulls);
+
+      JoinCondDesc joinCond = jop.getConf().getConds()[0];
+      switch (joinCond.getType()) {
+      case JoinDesc.LEFT_OUTER_JOIN :
+        //if this column is coming from right input only then we update num nulls
+        if(pos == joinCond.getRight()
+            && interimNumRows != newNumRows) {
+          // interim row count can not be less due to containment
+          // assumption in join cardinality computation
+          assert(newNumRows > interimNumRows);
+          if(isJoinKey(colStats.getColumnName(), jop.getConf().getJoinKeys())) {
+            newNumNulls = Math.min(newNumRows,  (newNumRows-interimNumRows));
+          }
+          else {
+            newNumNulls = Math.min(newNumRows, oldNumNulls + (newNumRows-interimNumRows));
+          }
+        }
+        break;
+      case JoinDesc.RIGHT_OUTER_JOIN:
+        if(pos == joinCond.getLeft()
+            && interimNumRows != newNumRows) {
+
+          // interim row count can not be less due to containment
+          // assumption in join cardinality computation
+          // interimNumRows represent number of matches for join keys on two sides.
+          // newNumRows-interimNumRows represent number of non-matches.
+          assert(newNumRows > interimNumRows);
+
+          if (isJoinKey(colStats.getColumnName(), jop.getConf().getJoinKeys())) {
+            newNumNulls = Math.min(newNumRows, (newNumRows - interimNumRows));
+          } else {
+            newNumNulls = Math.min(newNumRows, oldNumNulls + (newNumRows - interimNumRows));
+          }
+        }
+        break;
+      case JoinDesc.FULL_OUTER_JOIN:
+        if (isJoinKey(colStats.getColumnName(), jop.getConf().getJoinKeys())) {
+          newNumNulls = Math.min(newNumRows, (newNumRows - interimNumRows));
+        } else {
+          newNumNulls = Math.min(newNumRows, oldNumNulls + (newNumRows - interimNumRows));
+        }
+        break;
+
+      case JoinDesc.INNER_JOIN:
+      case JoinDesc.UNIQUE_JOIN:
+      case JoinDesc.LEFT_SEMI_JOIN:
+        break;
+      }
+      colStats.setNumNulls(newNumNulls);
+    }
+
+    private void updateColStats(HiveConf conf, Statistics stats, long interimNumRows,
+        long newNumRows,
         CommonJoinOperator<? extends JoinDesc> jop,
         Map<Integer, Long> rowCountParents) {
 
@@ -1934,10 +2023,9 @@ private void updateColStats(HiveConf conf, Statistics stats, long newNumRows,
         if (ratio <= 1.0) {
           newDV = (long) Math.ceil(ratio * oldDV);
         }
-        // Assumes inner join
-        // TODO: HIVE-5579 will handle different join types
-        cs.setNumNulls(0);
+
         cs.setCountDistint(newDV);
+        updateNumNulls(cs, interimNumRows, newNumRows, pos, jop);
       }
       stats.setColumnStats(colStats);
       long newDataSize = StatsUtils
@@ -1956,7 +2044,41 @@ private void updateColStats(HiveConf conf, Statistics stats, long newNumRows,
       stats.setDataSize(StatsUtils.getMaxIfOverflow(newDataSize));
     }
 
-    private long computeNewRowCount(List<Long> rowCountParents, long denom, CommonJoinOperator<? extends JoinDesc> join) {
+    private long computeFinalRowCount(List<Long> rowCountParents, long interimRowCount,
+        CommonJoinOperator<? extends JoinDesc> join) {
+      long result = interimRowCount;
+      if (join.getConf().getConds().length == 1) {
+        JoinCondDesc joinCond = join.getConf().getConds()[0];
+        switch (joinCond.getType()) {
+        case JoinDesc.INNER_JOIN:
+          // only dealing with special join types here.
+          break;
+        case JoinDesc.LEFT_OUTER_JOIN :
+          // all rows from left side will be present in resultset
+          result = Math.max(rowCountParents.get(joinCond.getLeft()), result);
+          break;
+        case JoinDesc.RIGHT_OUTER_JOIN :
+          // all rows from right side will be present in resultset
+          result = Math.max(rowCountParents.get(joinCond.getRight()), result);
+          break;
+        case JoinDesc.FULL_OUTER_JOIN :
+          // all rows from both side will be present in resultset
+          result = Math.max(StatsUtils.safeAdd(rowCountParents.get(joinCond.getRight()),
+              rowCountParents.get(joinCond.getLeft())), result);
+          break;
+        case JoinDesc.LEFT_SEMI_JOIN :
+          // max # of rows = rows from left side
+          result = Math.min(rowCountParents.get(joinCond.getLeft()), result);
+          break;
+        default:
+          LOG.debug("Unhandled join type in stats estimation: " + joinCond.getType());
+          break;
+        }
+      }
+      return result;
+    }
+    private long computeRowCountAssumingInnerJoin(List<Long> rowCountParents, long denom,
+        CommonJoinOperator<? extends JoinDesc> join) {
       double factor = 0.0d;
       long result = 1;
       long max = rowCountParents.get(0);
@@ -1982,33 +2104,6 @@ private long computeNewRowCount(List<Long> rowCountParents, long denom, CommonJo
 
       result = (long) (result * factor);
 
-      if (join.getConf().getConds().length == 1) {
-        JoinCondDesc joinCond = join.getConf().getConds()[0];
-        switch (joinCond.getType()) {
-          case JoinDesc.INNER_JOIN:
-            // only dealing with special join types here.
-            break;
-          case JoinDesc.LEFT_OUTER_JOIN :
-            // all rows from left side will be present in resultset
-            result = Math.max(rowCountParents.get(joinCond.getLeft()),result);
-            break;
-          case JoinDesc.RIGHT_OUTER_JOIN :
-            // all rows from right side will be present in resultset
-            result = Math.max(rowCountParents.get(joinCond.getRight()),result);
-            break;
-          case JoinDesc.FULL_OUTER_JOIN :
-            // all rows from both side will be present in resultset
-            result = Math.max(StatsUtils.safeAdd(rowCountParents.get(joinCond.getRight()), rowCountParents.get(joinCond.getLeft())),result);
-            break;
-          case JoinDesc.LEFT_SEMI_JOIN :
-            // max # of rows = rows from left side
-            result = Math.min(rowCountParents.get(joinCond.getLeft()),result);
-            break;
-          default:
-            LOG.debug("Unhandled join type in stats estimation: " + joinCond.getType());
-            break;
-        }
-      }
       return result;
     }
 
diff --git a/ql/src/test/results/clientpositive/annotate_stats_join.q.out b/ql/src/test/results/clientpositive/annotate_stats_join.q.out
index 48ba40ef41..c1a140b558 100644
--- a/ql/src/test/results/clientpositive/annotate_stats_join.q.out
+++ b/ql/src/test/results/clientpositive/annotate_stats_join.q.out
@@ -682,10 +682,10 @@ STAGE PLANS:
             0 _col0 (type: string), _col1 (type: int)
             1 _col1 (type: string), _col0 (type: int)
           outputColumnNames: _col0, _col1, _col2, _col3, _col4
-          Statistics: Num rows: 48 Data size: 9312 Basic stats: COMPLETE Column stats: COMPLETE
+          Statistics: Num rows: 48 Data size: 5417 Basic stats: COMPLETE Column stats: COMPLETE
           File Output Operator
             compressed: false
-            Statistics: Num rows: 48 Data size: 9312 Basic stats: COMPLETE Column stats: COMPLETE
+            Statistics: Num rows: 48 Data size: 5417 Basic stats: COMPLETE Column stats: COMPLETE
             table:
                 input format: org.apache.hadoop.mapred.SequenceFileInputFormat
                 output format: org.apache.hadoop.hive.ql.io.HiveSequenceFileOutputFormat
@@ -873,10 +873,10 @@ STAGE PLANS:
             0 _col0 (type: string), _col1 (type: int)
             1 _col1 (type: string), _col0 (type: int)
           outputColumnNames: _col0, _col1, _col2, _col3, _col4
-          Statistics: Num rows: 54 Data size: 10476 Basic stats: COMPLETE Column stats: COMPLETE
+          Statistics: Num rows: 54 Data size: 1358 Basic stats: COMPLETE Column stats: COMPLETE
           File Output Operator
             compressed: false
-            Statistics: Num rows: 54 Data size: 10476 Basic stats: COMPLETE Column stats: COMPLETE
+            Statistics: Num rows: 54 Data size: 1358 Basic stats: COMPLETE Column stats: COMPLETE
             table:
                 input format: org.apache.hadoop.mapred.SequenceFileInputFormat
                 output format: org.apache.hadoop.hive.ql.io.HiveSequenceFileOutputFormat
diff --git a/ql/src/test/results/clientpositive/annotate_stats_join_pkfk.q.out b/ql/src/test/results/clientpositive/annotate_stats_join_pkfk.q.out
index b4d46d28e9..f7d73c9ddf 100644
--- a/ql/src/test/results/clientpositive/annotate_stats_join_pkfk.q.out
+++ b/ql/src/test/results/clientpositive/annotate_stats_join_pkfk.q.out
@@ -1136,7 +1136,7 @@ STAGE PLANS:
             0 _col1 (type: int)
             1 _col0 (type: int)
           outputColumnNames: _col0, _col2
-          Statistics: Num rows: 916 Data size: 7328 Basic stats: COMPLETE Column stats: COMPLETE
+          Statistics: Num rows: 916 Data size: 7148 Basic stats: COMPLETE Column stats: COMPLETE
           File Output Operator
             compressed: false
             table:
@@ -1152,7 +1152,7 @@ STAGE PLANS:
               key expressions: _col0 (type: int)
               sort order: +
               Map-reduce partition columns: _col0 (type: int)
-              Statistics: Num rows: 916 Data size: 7328 Basic stats: COMPLETE Column stats: COMPLETE
+              Statistics: Num rows: 916 Data size: 7148 Basic stats: COMPLETE Column stats: COMPLETE
               value expressions: _col2 (type: int)
           TableScan
             alias: ca
diff --git a/ql/src/test/results/clientpositive/cbo_rp_join0.q.out b/ql/src/test/results/clientpositive/cbo_rp_join0.q.out
index ba96de2fe1..b9cf3ceab4 100644
--- a/ql/src/test/results/clientpositive/cbo_rp_join0.q.out
+++ b/ql/src/test/results/clientpositive/cbo_rp_join0.q.out
@@ -68,14 +68,14 @@ STAGE PLANS:
             1 key (type: string)
             2 key (type: string)
           outputColumnNames: key, c_int, key0, c_int0
-          Statistics: Num rows: 324 Data size: 57672 Basic stats: COMPLETE Column stats: COMPLETE
+          Statistics: Num rows: 324 Data size: 57494 Basic stats: COMPLETE Column stats: COMPLETE
           Select Operator
             expressions: key (type: string), c_int (type: int), key0 (type: string), c_int0 (type: int)
             outputColumnNames: key, c_int, p, q
-            Statistics: Num rows: 324 Data size: 57672 Basic stats: COMPLETE Column stats: COMPLETE
+            Statistics: Num rows: 324 Data size: 57494 Basic stats: COMPLETE Column stats: COMPLETE
             File Output Operator
               compressed: false
-              Statistics: Num rows: 324 Data size: 57672 Basic stats: COMPLETE Column stats: COMPLETE
+              Statistics: Num rows: 324 Data size: 57494 Basic stats: COMPLETE Column stats: COMPLETE
               table:
                   input format: org.apache.hadoop.mapred.SequenceFileInputFormat
                   output format: org.apache.hadoop.hive.ql.io.HiveSequenceFileOutputFormat
@@ -730,14 +730,14 @@ STAGE PLANS:
             2 key (type: string)
             3 key (type: string)
           outputColumnNames: key, c_int, key0, c_int0, key1, c_int2
-          Statistics: Num rows: 1620 Data size: 432540 Basic stats: COMPLETE Column stats: COMPLETE
+          Statistics: Num rows: 1620 Data size: 432273 Basic stats: COMPLETE Column stats: COMPLETE
           Select Operator
             expressions: key (type: string), c_int (type: int), key0 (type: string), c_int0 (type: int), key1 (type: string), c_int2 (type: int)
             outputColumnNames: key, c_int, p, q, x, b
-            Statistics: Num rows: 1620 Data size: 432540 Basic stats: COMPLETE Column stats: COMPLETE
+            Statistics: Num rows: 1620 Data size: 432273 Basic stats: COMPLETE Column stats: COMPLETE
             File Output Operator
               compressed: false
-              Statistics: Num rows: 1620 Data size: 432540 Basic stats: COMPLETE Column stats: COMPLETE
+              Statistics: Num rows: 1620 Data size: 432273 Basic stats: COMPLETE Column stats: COMPLETE
               table:
                   input format: org.apache.hadoop.mapred.SequenceFileInputFormat
                   output format: org.apache.hadoop.hive.ql.io.HiveSequenceFileOutputFormat
diff --git a/ql/src/test/results/clientpositive/llap/correlationoptimizer1.q.out b/ql/src/test/results/clientpositive/llap/correlationoptimizer1.q.out
index b970dd6716..fab5c9c029 100644
--- a/ql/src/test/results/clientpositive/llap/correlationoptimizer1.q.out
+++ b/ql/src/test/results/clientpositive/llap/correlationoptimizer1.q.out
@@ -1375,18 +1375,18 @@ STAGE PLANS:
                   0 _col0 (type: string), _col1 (type: string)
                   1 _col0 (type: string), _col1 (type: string)
                 outputColumnNames: _col0, _col3
-                Statistics: Num rows: 25 Data size: 4425 Basic stats: COMPLETE Column stats: COMPLETE
+                Statistics: Num rows: 25 Data size: 2241 Basic stats: COMPLETE Column stats: COMPLETE
                 Group By Operator
                   aggregations: count()
                   keys: _col0 (type: string), _col3 (type: string)
                   mode: hash
                   outputColumnNames: _col0, _col1, _col2
-                  Statistics: Num rows: 12 Data size: 2220 Basic stats: COMPLETE Column stats: COMPLETE
+                  Statistics: Num rows: 12 Data size: 1219 Basic stats: COMPLETE Column stats: COMPLETE
                   Reduce Output Operator
                     key expressions: _col0 (type: string), _col1 (type: string)
                     sort order: ++
                     Map-reduce partition columns: _col0 (type: string), _col1 (type: string)
-                    Statistics: Num rows: 12 Data size: 2220 Basic stats: COMPLETE Column stats: COMPLETE
+                    Statistics: Num rows: 12 Data size: 1219 Basic stats: COMPLETE Column stats: COMPLETE
                     value expressions: _col2 (type: bigint)
         Reducer 3 
             Execution mode: llap
@@ -1396,10 +1396,10 @@ STAGE PLANS:
                 keys: KEY._col0 (type: string), KEY._col1 (type: string)
                 mode: mergepartial
                 outputColumnNames: _col0, _col1, _col2
-                Statistics: Num rows: 12 Data size: 2220 Basic stats: COMPLETE Column stats: COMPLETE
+                Statistics: Num rows: 12 Data size: 1219 Basic stats: COMPLETE Column stats: COMPLETE
                 File Output Operator
                   compressed: false
-                  Statistics: Num rows: 12 Data size: 2220 Basic stats: COMPLETE Column stats: COMPLETE
+                  Statistics: Num rows: 12 Data size: 1219 Basic stats: COMPLETE Column stats: COMPLETE
                   table:
                       input format: org.apache.hadoop.mapred.SequenceFileInputFormat
                       output format: org.apache.hadoop.hive.ql.io.HiveSequenceFileOutputFormat
@@ -1506,18 +1506,18 @@ STAGE PLANS:
                   0 _col0 (type: string), _col1 (type: string)
                   1 _col0 (type: string), _col1 (type: string)
                 outputColumnNames: _col0, _col3
-                Statistics: Num rows: 25 Data size: 4425 Basic stats: COMPLETE Column stats: COMPLETE
+                Statistics: Num rows: 25 Data size: 2241 Basic stats: COMPLETE Column stats: COMPLETE
                 Group By Operator
                   aggregations: count()
                   keys: _col0 (type: string), _col3 (type: string)
                   mode: hash
                   outputColumnNames: _col0, _col1, _col2
-                  Statistics: Num rows: 12 Data size: 2220 Basic stats: COMPLETE Column stats: COMPLETE
+                  Statistics: Num rows: 12 Data size: 1219 Basic stats: COMPLETE Column stats: COMPLETE
                   Reduce Output Operator
                     key expressions: _col0 (type: string), _col1 (type: string)
                     sort order: ++
                     Map-reduce partition columns: _col0 (type: string), _col1 (type: string)
-                    Statistics: Num rows: 12 Data size: 2220 Basic stats: COMPLETE Column stats: COMPLETE
+                    Statistics: Num rows: 12 Data size: 1219 Basic stats: COMPLETE Column stats: COMPLETE
                     value expressions: _col2 (type: bigint)
         Reducer 3 
             Execution mode: llap
@@ -1527,10 +1527,10 @@ STAGE PLANS:
                 keys: KEY._col0 (type: string), KEY._col1 (type: string)
                 mode: mergepartial
                 outputColumnNames: _col0, _col1, _col2
-                Statistics: Num rows: 12 Data size: 2220 Basic stats: COMPLETE Column stats: COMPLETE
+                Statistics: Num rows: 12 Data size: 1219 Basic stats: COMPLETE Column stats: COMPLETE
                 File Output Operator
                   compressed: false
-                  Statistics: Num rows: 12 Data size: 2220 Basic stats: COMPLETE Column stats: COMPLETE
+                  Statistics: Num rows: 12 Data size: 1219 Basic stats: COMPLETE Column stats: COMPLETE
                   table:
                       input format: org.apache.hadoop.mapred.SequenceFileInputFormat
                       output format: org.apache.hadoop.hive.ql.io.HiveSequenceFileOutputFormat
@@ -1924,18 +1924,18 @@ STAGE PLANS:
                   0 _col0 (type: string)
                   1 _col0 (type: string)
                 outputColumnNames: _col0
-                Statistics: Num rows: 500 Data size: 43000 Basic stats: COMPLETE Column stats: COMPLETE
+                Statistics: Num rows: 500 Data size: 5246 Basic stats: COMPLETE Column stats: COMPLETE
                 Group By Operator
                   aggregations: count()
                   keys: _col0 (type: string)
                   mode: hash
                   outputColumnNames: _col0, _col1
-                  Statistics: Num rows: 14 Data size: 1316 Basic stats: COMPLETE Column stats: COMPLETE
+                  Statistics: Num rows: 15 Data size: 378 Basic stats: COMPLETE Column stats: COMPLETE
                   Reduce Output Operator
                     key expressions: _col0 (type: string)
                     sort order: +
                     Map-reduce partition columns: _col0 (type: string)
-                    Statistics: Num rows: 14 Data size: 1316 Basic stats: COMPLETE Column stats: COMPLETE
+                    Statistics: Num rows: 15 Data size: 378 Basic stats: COMPLETE Column stats: COMPLETE
                     value expressions: _col1 (type: bigint)
         Reducer 3 
             Execution mode: llap
@@ -1945,11 +1945,11 @@ STAGE PLANS:
                 keys: KEY._col0 (type: string)
                 mode: mergepartial
                 outputColumnNames: _col0, _col1
-                Statistics: Num rows: 14 Data size: 1316 Basic stats: COMPLETE Column stats: COMPLETE
+                Statistics: Num rows: 15 Data size: 378 Basic stats: COMPLETE Column stats: COMPLETE
                 Select Operator
                   expressions: hash(_col0) (type: int), hash(_col1) (type: int)
                   outputColumnNames: _col0, _col1
-                  Statistics: Num rows: 14 Data size: 1316 Basic stats: COMPLETE Column stats: COMPLETE
+                  Statistics: Num rows: 15 Data size: 378 Basic stats: COMPLETE Column stats: COMPLETE
                   Group By Operator
                     aggregations: sum(_col0), sum(_col1)
                     mode: hash
@@ -2066,18 +2066,18 @@ STAGE PLANS:
                   0 _col0 (type: string)
                   1 _col0 (type: string)
                 outputColumnNames: _col0
-                Statistics: Num rows: 500 Data size: 43000 Basic stats: COMPLETE Column stats: COMPLETE
+                Statistics: Num rows: 500 Data size: 5246 Basic stats: COMPLETE Column stats: COMPLETE
                 Group By Operator
                   aggregations: count()
                   keys: _col0 (type: string)
                   mode: hash
                   outputColumnNames: _col0, _col1
-                  Statistics: Num rows: 14 Data size: 1316 Basic stats: COMPLETE Column stats: COMPLETE
+                  Statistics: Num rows: 15 Data size: 378 Basic stats: COMPLETE Column stats: COMPLETE
                   Reduce Output Operator
                     key expressions: _col0 (type: string)
                     sort order: +
                     Map-reduce partition columns: _col0 (type: string)
-                    Statistics: Num rows: 14 Data size: 1316 Basic stats: COMPLETE Column stats: COMPLETE
+                    Statistics: Num rows: 15 Data size: 378 Basic stats: COMPLETE Column stats: COMPLETE
                     value expressions: _col1 (type: bigint)
         Reducer 3 
             Execution mode: llap
@@ -2087,11 +2087,11 @@ STAGE PLANS:
                 keys: KEY._col0 (type: string)
                 mode: mergepartial
                 outputColumnNames: _col0, _col1
-                Statistics: Num rows: 14 Data size: 1316 Basic stats: COMPLETE Column stats: COMPLETE
+                Statistics: Num rows: 15 Data size: 378 Basic stats: COMPLETE Column stats: COMPLETE
                 Select Operator
                   expressions: hash(_col0) (type: int), hash(_col1) (type: int)
                   outputColumnNames: _col0, _col1
-                  Statistics: Num rows: 14 Data size: 1316 Basic stats: COMPLETE Column stats: COMPLETE
+                  Statistics: Num rows: 15 Data size: 378 Basic stats: COMPLETE Column stats: COMPLETE
                   Group By Operator
                     aggregations: sum(_col0), sum(_col1)
                     mode: hash
@@ -2208,18 +2208,18 @@ STAGE PLANS:
                   0 _col0 (type: string)
                   1 _col0 (type: string)
                 outputColumnNames: _col0
-                Statistics: Num rows: 525 Data size: 45150 Basic stats: COMPLETE Column stats: COMPLETE
+                Statistics: Num rows: 525 Data size: 5246 Basic stats: COMPLETE Column stats: COMPLETE
                 Group By Operator
                   aggregations: count()
                   keys: _col0 (type: string)
                   mode: hash
                   outputColumnNames: _col0, _col1
-                  Statistics: Num rows: 14 Data size: 1316 Basic stats: COMPLETE Column stats: COMPLETE
+                  Statistics: Num rows: 15 Data size: 378 Basic stats: COMPLETE Column stats: COMPLETE
                   Reduce Output Operator
                     key expressions: _col0 (type: string)
                     sort order: +
                     Map-reduce partition columns: _col0 (type: string)
-                    Statistics: Num rows: 14 Data size: 1316 Basic stats: COMPLETE Column stats: COMPLETE
+                    Statistics: Num rows: 15 Data size: 378 Basic stats: COMPLETE Column stats: COMPLETE
                     value expressions: _col1 (type: bigint)
         Reducer 3 
             Execution mode: llap
@@ -2229,11 +2229,11 @@ STAGE PLANS:
                 keys: KEY._col0 (type: string)
                 mode: mergepartial
                 outputColumnNames: _col0, _col1
-                Statistics: Num rows: 14 Data size: 1316 Basic stats: COMPLETE Column stats: COMPLETE
+                Statistics: Num rows: 15 Data size: 378 Basic stats: COMPLETE Column stats: COMPLETE
                 Select Operator
                   expressions: hash(_col0) (type: int), hash(_col1) (type: int)
                   outputColumnNames: _col0, _col1
-                  Statistics: Num rows: 14 Data size: 1316 Basic stats: COMPLETE Column stats: COMPLETE
+                  Statistics: Num rows: 15 Data size: 378 Basic stats: COMPLETE Column stats: COMPLETE
                   Group By Operator
                     aggregations: sum(_col0), sum(_col1)
                     mode: hash
@@ -2350,18 +2350,18 @@ STAGE PLANS:
                   0 _col0 (type: string)
                   1 _col0 (type: string)
                 outputColumnNames: _col0
-                Statistics: Num rows: 525 Data size: 45150 Basic stats: COMPLETE Column stats: COMPLETE
+                Statistics: Num rows: 525 Data size: 5246 Basic stats: COMPLETE Column stats: COMPLETE
                 Group By Operator
                   aggregations: count()
                   keys: _col0 (type: string)
                   mode: hash
                   outputColumnNames: _col0, _col1
-                  Statistics: Num rows: 14 Data size: 1316 Basic stats: COMPLETE Column stats: COMPLETE
+                  Statistics: Num rows: 15 Data size: 378 Basic stats: COMPLETE Column stats: COMPLETE
                   Reduce Output Operator
                     key expressions: _col0 (type: string)
                     sort order: +
                     Map-reduce partition columns: _col0 (type: string)
-                    Statistics: Num rows: 14 Data size: 1316 Basic stats: COMPLETE Column stats: COMPLETE
+                    Statistics: Num rows: 15 Data size: 378 Basic stats: COMPLETE Column stats: COMPLETE
                     value expressions: _col1 (type: bigint)
         Reducer 3 
             Execution mode: llap
@@ -2371,11 +2371,11 @@ STAGE PLANS:
                 keys: KEY._col0 (type: string)
                 mode: mergepartial
                 outputColumnNames: _col0, _col1
-                Statistics: Num rows: 14 Data size: 1316 Basic stats: COMPLETE Column stats: COMPLETE
+                Statistics: Num rows: 15 Data size: 378 Basic stats: COMPLETE Column stats: COMPLETE
                 Select Operator
                   expressions: hash(_col0) (type: int), hash(_col1) (type: int)
                   outputColumnNames: _col0, _col1
-                  Statistics: Num rows: 14 Data size: 1316 Basic stats: COMPLETE Column stats: COMPLETE
+                  Statistics: Num rows: 15 Data size: 378 Basic stats: COMPLETE Column stats: COMPLETE
                   Group By Operator
                     aggregations: sum(_col0), sum(_col1)
                     mode: hash
diff --git a/ql/src/test/results/clientpositive/llap/correlationoptimizer2.q.out b/ql/src/test/results/clientpositive/llap/correlationoptimizer2.q.out
index 6067c77f85..ee645410b9 100644
--- a/ql/src/test/results/clientpositive/llap/correlationoptimizer2.q.out
+++ b/ql/src/test/results/clientpositive/llap/correlationoptimizer2.q.out
@@ -430,11 +430,11 @@ STAGE PLANS:
                   0 _col0 (type: string)
                   1 _col0 (type: string)
                 outputColumnNames: _col0, _col1, _col2, _col3
-                Statistics: Num rows: 205 Data size: 38745 Basic stats: COMPLETE Column stats: COMPLETE
+                Statistics: Num rows: 205 Data size: 20697 Basic stats: COMPLETE Column stats: COMPLETE
                 Select Operator
                   expressions: hash(_col0) (type: int), hash(_col1) (type: int), hash(_col2) (type: int), hash(_col3) (type: int)
                   outputColumnNames: _col0, _col1, _col2, _col3
-                  Statistics: Num rows: 205 Data size: 38745 Basic stats: COMPLETE Column stats: COMPLETE
+                  Statistics: Num rows: 205 Data size: 20697 Basic stats: COMPLETE Column stats: COMPLETE
                   Group By Operator
                     aggregations: sum(_col0), sum(_col1), sum(_col2), sum(_col3)
                     mode: hash
@@ -596,11 +596,11 @@ STAGE PLANS:
                   0 _col0 (type: string)
                   1 _col0 (type: string)
                 outputColumnNames: _col0, _col1, _col2, _col3
-                Statistics: Num rows: 205 Data size: 38745 Basic stats: COMPLETE Column stats: COMPLETE
+                Statistics: Num rows: 205 Data size: 20697 Basic stats: COMPLETE Column stats: COMPLETE
                 Select Operator
                   expressions: hash(_col0) (type: int), hash(_col1) (type: int), hash(_col2) (type: int), hash(_col3) (type: int)
                   outputColumnNames: _col0, _col1, _col2, _col3
-                  Statistics: Num rows: 205 Data size: 38745 Basic stats: COMPLETE Column stats: COMPLETE
+                  Statistics: Num rows: 205 Data size: 20697 Basic stats: COMPLETE Column stats: COMPLETE
                   Group By Operator
                     aggregations: sum(_col0), sum(_col1), sum(_col2), sum(_col3)
                     mode: hash
@@ -1098,11 +1098,11 @@ STAGE PLANS:
                   0 _col0 (type: string)
                   1 _col0 (type: string)
                 outputColumnNames: _col0, _col1, _col2, _col3
-                Statistics: Num rows: 217 Data size: 41013 Basic stats: COMPLETE Column stats: COMPLETE
+                Statistics: Num rows: 217 Data size: 2457 Basic stats: COMPLETE Column stats: COMPLETE
                 Select Operator
                   expressions: hash(_col0) (type: int), hash(_col1) (type: int), hash(_col2) (type: int), hash(_col3) (type: int)
                   outputColumnNames: _col0, _col1, _col2, _col3
-                  Statistics: Num rows: 217 Data size: 41013 Basic stats: COMPLETE Column stats: COMPLETE
+                  Statistics: Num rows: 217 Data size: 2457 Basic stats: COMPLETE Column stats: COMPLETE
                   Group By Operator
                     aggregations: sum(_col0), sum(_col1), sum(_col2), sum(_col3)
                     mode: hash
@@ -1268,11 +1268,11 @@ STAGE PLANS:
                   0 _col0 (type: string)
                   1 _col0 (type: string)
                 outputColumnNames: _col0, _col1, _col2, _col3
-                Statistics: Num rows: 217 Data size: 41013 Basic stats: COMPLETE Column stats: COMPLETE
+                Statistics: Num rows: 217 Data size: 2457 Basic stats: COMPLETE Column stats: COMPLETE
                 Select Operator
                   expressions: hash(_col0) (type: int), hash(_col1) (type: int), hash(_col2) (type: int), hash(_col3) (type: int)
                   outputColumnNames: _col0, _col1, _col2, _col3
-                  Statistics: Num rows: 217 Data size: 41013 Basic stats: COMPLETE Column stats: COMPLETE
+                  Statistics: Num rows: 217 Data size: 2457 Basic stats: COMPLETE Column stats: COMPLETE
                   Group By Operator
                     aggregations: sum(_col0), sum(_col1), sum(_col2), sum(_col3)
                     mode: hash
@@ -1435,18 +1435,18 @@ STAGE PLANS:
                   0 _col0 (type: string)
                   1 _col0 (type: string)
                 outputColumnNames: _col0
-                Statistics: Num rows: 217 Data size: 18879 Basic stats: COMPLETE Column stats: COMPLETE
+                Statistics: Num rows: 217 Data size: 1131 Basic stats: COMPLETE Column stats: COMPLETE
                 Group By Operator
                   aggregations: count()
                   keys: _col0 (type: string)
                   mode: hash
                   outputColumnNames: _col0, _col1
-                  Statistics: Num rows: 14 Data size: 1330 Basic stats: COMPLETE Column stats: COMPLETE
+                  Statistics: Num rows: 15 Data size: 294 Basic stats: COMPLETE Column stats: COMPLETE
                   Reduce Output Operator
                     key expressions: _col0 (type: string)
                     sort order: +
                     Map-reduce partition columns: _col0 (type: string)
-                    Statistics: Num rows: 14 Data size: 1330 Basic stats: COMPLETE Column stats: COMPLETE
+                    Statistics: Num rows: 15 Data size: 294 Basic stats: COMPLETE Column stats: COMPLETE
                     value expressions: _col1 (type: bigint)
         Reducer 4 
             Execution mode: llap
@@ -1456,11 +1456,11 @@ STAGE PLANS:
                 keys: KEY._col0 (type: string)
                 mode: mergepartial
                 outputColumnNames: _col0, _col1
-                Statistics: Num rows: 14 Data size: 1330 Basic stats: COMPLETE Column stats: COMPLETE
+                Statistics: Num rows: 15 Data size: 294 Basic stats: COMPLETE Column stats: COMPLETE
                 Select Operator
                   expressions: hash(_col0) (type: int), hash(_col1) (type: int)
                   outputColumnNames: _col0, _col1
-                  Statistics: Num rows: 14 Data size: 1330 Basic stats: COMPLETE Column stats: COMPLETE
+                  Statistics: Num rows: 15 Data size: 294 Basic stats: COMPLETE Column stats: COMPLETE
                   Group By Operator
                     aggregations: sum(_col0), sum(_col1)
                     mode: hash
@@ -1623,18 +1623,18 @@ STAGE PLANS:
                   0 _col0 (type: string)
                   1 _col0 (type: string)
                 outputColumnNames: _col0
-                Statistics: Num rows: 217 Data size: 18879 Basic stats: COMPLETE Column stats: COMPLETE
+                Statistics: Num rows: 217 Data size: 1131 Basic stats: COMPLETE Column stats: COMPLETE
                 Group By Operator
                   aggregations: count()
                   keys: _col0 (type: string)
                   mode: hash
                   outputColumnNames: _col0, _col1
-                  Statistics: Num rows: 14 Data size: 1330 Basic stats: COMPLETE Column stats: COMPLETE
+                  Statistics: Num rows: 15 Data size: 294 Basic stats: COMPLETE Column stats: COMPLETE
                   Reduce Output Operator
                     key expressions: _col0 (type: string)
                     sort order: +
                     Map-reduce partition columns: _col0 (type: string)
-                    Statistics: Num rows: 14 Data size: 1330 Basic stats: COMPLETE Column stats: COMPLETE
+                    Statistics: Num rows: 15 Data size: 294 Basic stats: COMPLETE Column stats: COMPLETE
                     value expressions: _col1 (type: bigint)
         Reducer 4 
             Execution mode: llap
@@ -1644,11 +1644,11 @@ STAGE PLANS:
                 keys: KEY._col0 (type: string)
                 mode: mergepartial
                 outputColumnNames: _col0, _col1
-                Statistics: Num rows: 14 Data size: 1330 Basic stats: COMPLETE Column stats: COMPLETE
+                Statistics: Num rows: 15 Data size: 294 Basic stats: COMPLETE Column stats: COMPLETE
                 Select Operator
                   expressions: hash(_col0) (type: int), hash(_col1) (type: int)
                   outputColumnNames: _col0, _col1
-                  Statistics: Num rows: 14 Data size: 1330 Basic stats: COMPLETE Column stats: COMPLETE
+                  Statistics: Num rows: 15 Data size: 294 Basic stats: COMPLETE Column stats: COMPLETE
                   Group By Operator
                     aggregations: sum(_col0), sum(_col1)
                     mode: hash
diff --git a/ql/src/test/results/clientpositive/llap/dynamic_semijoin_reduction.q.out b/ql/src/test/results/clientpositive/llap/dynamic_semijoin_reduction.q.out
index 88c4a17bad..7fd7e20e15 100644
--- a/ql/src/test/results/clientpositive/llap/dynamic_semijoin_reduction.q.out
+++ b/ql/src/test/results/clientpositive/llap/dynamic_semijoin_reduction.q.out
@@ -2437,10 +2437,10 @@ STAGE PLANS:
                         outputColumnNames: _col0, _col1, _col2
                         input vertices:
                           1 Union 3
-                        Statistics: Num rows: 3314 Data size: 613090 Basic stats: COMPLETE Column stats: PARTIAL
+                        Statistics: Num rows: 3314 Data size: 385334 Basic stats: COMPLETE Column stats: PARTIAL
                         File Output Operator
                           compressed: false
-                          Statistics: Num rows: 3314 Data size: 613090 Basic stats: COMPLETE Column stats: PARTIAL
+                          Statistics: Num rows: 3314 Data size: 385334 Basic stats: COMPLETE Column stats: PARTIAL
                           table:
                               input format: org.apache.hadoop.mapred.SequenceFileInputFormat
                               output format: org.apache.hadoop.hive.ql.io.HiveSequenceFileOutputFormat
diff --git a/ql/src/test/results/clientpositive/llap/dynamic_semijoin_user_level.q.out b/ql/src/test/results/clientpositive/llap/dynamic_semijoin_user_level.q.out
index eb638d57a0..c4b18b7118 100644
--- a/ql/src/test/results/clientpositive/llap/dynamic_semijoin_user_level.q.out
+++ b/ql/src/test/results/clientpositive/llap/dynamic_semijoin_user_level.q.out
@@ -1432,7 +1432,7 @@ Stage-0
     Stage-1
       Map 1 llap
       File Output Operator [FS_15]
-        Map Join Operator [MAPJOIN_33] (rows=3314 width=185)
+        Map Join Operator [MAPJOIN_33] (rows=3314 width=116)
           Conds:SEL_2._col1=Union 3._col0(Inner),Output:["_col0","_col1","_col2"]
         <-Union 3 [BROADCAST_EDGE]
           <-Map 2 [CONTAINS] llap
diff --git a/ql/src/test/results/clientpositive/llap/explainuser_1.q.out b/ql/src/test/results/clientpositive/llap/explainuser_1.q.out
index bb42e45c2d..87b8cae445 100644
--- a/ql/src/test/results/clientpositive/llap/explainuser_1.q.out
+++ b/ql/src/test/results/clientpositive/llap/explainuser_1.q.out
@@ -926,9 +926,9 @@ Stage-0
     Stage-1
       Reducer 2 llap
       File Output Operator [FS_8]
-        Select Operator [SEL_7] (rows=100 width=8)
+        Select Operator [SEL_7] (rows=100 width=7)
           Output:["_col0","_col1"]
-          Merge Join Operator [MERGEJOIN_11] (rows=100 width=8)
+          Merge Join Operator [MERGEJOIN_11] (rows=100 width=7)
             Conds:RS_4._col0=RS_5._col0(Left Outer),Output:["_col1","_col3"]
           <-Map 1 [SIMPLE_EDGE] llap
             SHUFFLE [RS_4]
@@ -960,9 +960,9 @@ Stage-0
     Stage-1
       Reducer 2 llap
       File Output Operator [FS_8]
-        Select Operator [SEL_7] (rows=100 width=8)
+        Select Operator [SEL_7] (rows=100 width=7)
           Output:["_col0","_col1"]
-          Merge Join Operator [MERGEJOIN_9] (rows=100 width=8)
+          Merge Join Operator [MERGEJOIN_9] (rows=100 width=7)
             Conds:RS_4._col0=RS_5._col0(Outer),Output:["_col1","_col3"]
           <-Map 1 [SIMPLE_EDGE] llap
             SHUFFLE [RS_4]
@@ -994,9 +994,9 @@ Stage-0
     Stage-1
       Reducer 2 llap
       File Output Operator [FS_14]
-        Select Operator [SEL_13] (rows=291 width=101)
+        Select Operator [SEL_13] (rows=291 width=100)
           Output:["_col0","_col1","_col2","_col3","_col4"]
-          Merge Join Operator [MERGEJOIN_24] (rows=291 width=101)
+          Merge Join Operator [MERGEJOIN_24] (rows=291 width=100)
             Conds:RS_9._col0=RS_10._col0(Inner),RS_9._col0=RS_11._col0(Inner),Output:["_col1","_col2","_col4","_col5","_col6"]
           <-Map 1 [SIMPLE_EDGE] llap
             SHUFFLE [RS_9]
@@ -1041,9 +1041,9 @@ Stage-0
     Stage-1
       Reducer 2 llap
       File Output Operator [FS_14]
-        Select Operator [SEL_13] (rows=291 width=178)
+        Select Operator [SEL_13] (rows=291 width=177)
           Output:["_col0","_col1","_col2","_col3"]
-          Merge Join Operator [MERGEJOIN_24] (rows=291 width=178)
+          Merge Join Operator [MERGEJOIN_24] (rows=291 width=177)
             Conds:RS_9._col0=RS_10._col0(Inner),RS_9._col0=RS_11._col0(Inner),Output:["_col0","_col1","_col3","_col4"]
           <-Map 1 [SIMPLE_EDGE] llap
             SHUFFLE [RS_9]
@@ -1682,11 +1682,11 @@ Stage-0
     Stage-1
       Reducer 2 llap
       File Output Operator [FS_19]
-        Select Operator [SEL_18] (rows=1 width=178)
+        Select Operator [SEL_18] (rows=332 width=178)
           Output:["_col0","_col1"]
-          Filter Operator [FIL_17] (rows=1 width=182)
+          Filter Operator [FIL_17] (rows=332 width=179)
             predicate:_col3 is null
-            Merge Join Operator [MERGEJOIN_22] (rows=500 width=182)
+            Merge Join Operator [MERGEJOIN_22] (rows=500 width=179)
               Conds:RS_14._col1=RS_15._col0(Left Outer),Output:["_col0","_col1","_col3"]
             <-Map 1 [SIMPLE_EDGE] llap
               SHUFFLE [RS_14]
@@ -1746,11 +1746,11 @@ Stage-0
     Stage-1
       Reducer 3 llap
       File Output Operator [FS_18]
-        Select Operator [SEL_17] (rows=1 width=178)
+        Select Operator [SEL_17] (rows=250 width=178)
           Output:["_col0","_col1"]
-          Filter Operator [FIL_16] (rows=1 width=182)
+          Filter Operator [FIL_16] (rows=250 width=178)
             predicate:_col4 is null
-            Merge Join Operator [MERGEJOIN_21] (rows=250 width=182)
+            Merge Join Operator [MERGEJOIN_21] (rows=250 width=178)
               Conds:RS_13._col0, _col1=RS_14._col0, _col1(Left Outer),Output:["_col0","_col1","_col4"]
             <-Reducer 2 [SIMPLE_EDGE] llap
               SHUFFLE [RS_13]
@@ -2182,9 +2182,9 @@ Stage-0
           SHUFFLE [RS_24]
             Select Operator [SEL_23] (rows=500 width=178)
               Output:["_col0","_col1"]
-              Filter Operator [FIL_22] (rows=500 width=198)
+              Filter Operator [FIL_22] (rows=500 width=195)
                 predicate:((_col2 = 0) or (_col5 is null and _col0 is not null and (_col3 >= _col2)))
-                Merge Join Operator [MERGEJOIN_31] (rows=500 width=198)
+                Merge Join Operator [MERGEJOIN_31] (rows=500 width=195)
                   Conds:RS_19._col0=RS_20._col0(Left Outer),Output:["_col0","_col1","_col2","_col3","_col5"]
                 <-Reducer 2 [SIMPLE_EDGE] llap
                   SHUFFLE [RS_19]
@@ -2257,14 +2257,14 @@ Stage-0
       File Output Operator [FS_26]
         Select Operator [SEL_25] (rows=13 width=223)
           Output:["_col0","_col1","_col2"]
-          Filter Operator [FIL_24] (rows=13 width=243)
+          Filter Operator [FIL_24] (rows=13 width=231)
             predicate:(not CASE WHEN ((_col4 = 0)) THEN (false) WHEN (_col4 is null) THEN (false) WHEN (_col8 is not null) THEN (true) WHEN (_col0 is null) THEN (null) WHEN ((_col5 < _col4)) THEN (true) ELSE (false) END)
-            Merge Join Operator [MERGEJOIN_32] (rows=26 width=243)
+            Merge Join Operator [MERGEJOIN_32] (rows=26 width=230)
               Conds:RS_21._col0, _col1=RS_22._col0, _col1(Left Outer),Output:["_col0","_col1","_col2","_col4","_col5","_col8"]
             <-Reducer 2 [SIMPLE_EDGE] llap
               SHUFFLE [RS_21]
                 PartitionCols:_col0, _col1
-                Merge Join Operator [MERGEJOIN_31] (rows=26 width=239)
+                Merge Join Operator [MERGEJOIN_31] (rows=26 width=229)
                   Conds:RS_18._col1=RS_19._col0(Left Outer),Output:["_col0","_col1","_col2","_col4","_col5"]
                 <-Map 1 [SIMPLE_EDGE] llap
                   SHUFFLE [RS_18]
@@ -2345,9 +2345,9 @@ Stage-0
           SHUFFLE [RS_29]
             Select Operator [SEL_28] (rows=26 width=125)
               Output:["_col0","_col1"]
-              Filter Operator [FIL_27] (rows=26 width=145)
+              Filter Operator [FIL_27] (rows=26 width=141)
                 predicate:((_col2 = 0) or (_col5 is null and _col1 is not null and (_col3 >= _col2)))
-                Merge Join Operator [MERGEJOIN_37] (rows=26 width=145)
+                Merge Join Operator [MERGEJOIN_37] (rows=26 width=141)
                   Conds:RS_24.UDFToDouble(_col1)=RS_25._col0(Left Outer),Output:["_col0","_col1","_col2","_col3","_col5"]
                 <-Reducer 2 [SIMPLE_EDGE] llap
                   SHUFFLE [RS_24]
@@ -2428,14 +2428,14 @@ Stage-0
           SHUFFLE [RS_35]
             Select Operator [SEL_34] (rows=3 width=106)
               Output:["_col0","_col1"]
-              Filter Operator [FIL_33] (rows=3 width=126)
+              Filter Operator [FIL_33] (rows=3 width=119)
                 predicate:(not CASE WHEN ((_col3 = 0)) THEN (false) WHEN (_col3 is null) THEN (false) WHEN (_col7 is not null) THEN (true) WHEN (_col0 is null) THEN (null) WHEN ((_col4 < _col3)) THEN (true) ELSE (false) END)
-                Merge Join Operator [MERGEJOIN_44] (rows=5 width=126)
+                Merge Join Operator [MERGEJOIN_44] (rows=5 width=114)
                   Conds:RS_30._col0, _col1=RS_31._col0, _col1(Left Outer),Output:["_col0","_col1","_col3","_col4","_col7"]
                 <-Reducer 3 [SIMPLE_EDGE] llap
                   SHUFFLE [RS_30]
                     PartitionCols:_col0, _col1
-                    Merge Join Operator [MERGEJOIN_43] (rows=5 width=122)
+                    Merge Join Operator [MERGEJOIN_43] (rows=5 width=112)
                       Conds:RS_27._col1=RS_28._col0(Left Outer),Output:["_col0","_col1","_col3","_col4"]
                     <-Reducer 2 [SIMPLE_EDGE] llap
                       SHUFFLE [RS_27]
diff --git a/ql/src/test/results/clientpositive/llap/explainuser_4.q.out b/ql/src/test/results/clientpositive/llap/explainuser_4.q.out
index 99db828d6a..95d13216e7 100644
--- a/ql/src/test/results/clientpositive/llap/explainuser_4.q.out
+++ b/ql/src/test/results/clientpositive/llap/explainuser_4.q.out
@@ -26,11 +26,11 @@ Stage-0
     Stage-1
       Reducer 3 llap
       File Output Operator [FS_12]
-        Select Operator [SEL_11] (rows=2166 width=620)
+        Select Operator [SEL_11] (rows=2166 width=556)
           Output:["_col0","_col1","_col2","_col3","_col4","_col5","_col6","_col7","_col8","_col9","_col10","_col11","_col12","_col13","_col14","_col15","_col16","_col17","_col18","_col19","_col20","_col21","_col22","_col23"]
         <-Reducer 2 [SIMPLE_EDGE] llap
           SHUFFLE [RS_10]
-            Merge Join Operator [MERGEJOIN_17] (rows=2166 width=620)
+            Merge Join Operator [MERGEJOIN_17] (rows=2166 width=556)
               Conds:RS_6._col2=RS_7._col2(Inner),Output:["_col0","_col1","_col2","_col3","_col4","_col5","_col6","_col7","_col8","_col9","_col10","_col11","_col12","_col13","_col14","_col15","_col16","_col17","_col18","_col19","_col20","_col21","_col22","_col23"]
             <-Map 1 [SIMPLE_EDGE] llap
               SHUFFLE [RS_6]
@@ -180,18 +180,18 @@ Stage-0
     Stage-1
       Reducer 4 llap
       File Output Operator [FS_16]
-        Select Operator [SEL_15] (rows=615 width=12)
+        Select Operator [SEL_15] (rows=616 width=11)
           Output:["_col0","_col1"]
         <-Reducer 3 [SIMPLE_EDGE] llap
           SHUFFLE [RS_14]
-            Group By Operator [GBY_12] (rows=615 width=12)
+            Group By Operator [GBY_12] (rows=616 width=11)
               Output:["_col0","_col1"],aggregations:["count(VALUE._col0)"],keys:KEY._col0
             <-Reducer 2 [SIMPLE_EDGE] llap
               SHUFFLE [RS_11]
                 PartitionCols:_col0
-                Group By Operator [GBY_10] (rows=615 width=12)
+                Group By Operator [GBY_10] (rows=616 width=11)
                   Output:["_col0","_col1"],aggregations:["count()"],keys:_col0
-                  Merge Join Operator [MERGEJOIN_21] (rows=2166 width=4)
+                  Merge Join Operator [MERGEJOIN_21] (rows=2166 width=3)
                     Conds:RS_6._col1=RS_7._col0(Inner),Output:["_col0"]
                   <-Map 1 [SIMPLE_EDGE] llap
                     SHUFFLE [RS_6]
diff --git a/ql/src/test/results/clientpositive/llap/subquery_in.q.out b/ql/src/test/results/clientpositive/llap/subquery_in.q.out
index e401f31e52..1d5f547adf 100644
--- a/ql/src/test/results/clientpositive/llap/subquery_in.q.out
+++ b/ql/src/test/results/clientpositive/llap/subquery_in.q.out
@@ -4180,19 +4180,19 @@ STAGE PLANS:
                   0 _col4 (type: string)
                   1 _col0 (type: string)
                 outputColumnNames: _col0, _col1, _col2, _col3, _col4, _col5, _col6, _col7, _col8, _col10
-                Statistics: Num rows: 26 Data size: 16302 Basic stats: COMPLETE Column stats: COMPLETE
+                Statistics: Num rows: 26 Data size: 16198 Basic stats: COMPLETE Column stats: COMPLETE
                 Filter Operator
                   predicate: (sq_count_check(_col10, true) > 0) (type: boolean)
-                  Statistics: Num rows: 8 Data size: 5016 Basic stats: COMPLETE Column stats: COMPLETE
+                  Statistics: Num rows: 8 Data size: 4992 Basic stats: COMPLETE Column stats: COMPLETE
                   Select Operator
                     expressions: _col0 (type: int), _col1 (type: string), _col2 (type: string), _col3 (type: string), _col4 (type: string), _col5 (type: int), _col6 (type: string), _col7 (type: double), _col8 (type: string)
                     outputColumnNames: _col0, _col1, _col2, _col3, _col4, _col5, _col6, _col7, _col8
-                    Statistics: Num rows: 8 Data size: 5016 Basic stats: COMPLETE Column stats: COMPLETE
+                    Statistics: Num rows: 8 Data size: 4992 Basic stats: COMPLETE Column stats: COMPLETE
                     Reduce Output Operator
                       key expressions: _col4 (type: string), UDFToLong(_col5) (type: bigint)
                       sort order: ++
                       Map-reduce partition columns: _col4 (type: string), UDFToLong(_col5) (type: bigint)
-                      Statistics: Num rows: 8 Data size: 5016 Basic stats: COMPLETE Column stats: COMPLETE
+                      Statistics: Num rows: 8 Data size: 4992 Basic stats: COMPLETE Column stats: COMPLETE
                       value expressions: _col0 (type: int), _col1 (type: string), _col2 (type: string), _col3 (type: string), _col5 (type: int), _col6 (type: string), _col7 (type: double), _col8 (type: string)
         Reducer 3 
             Execution mode: llap
@@ -4657,19 +4657,19 @@ STAGE PLANS:
                   0 _col4 (type: string)
                   1 _col0 (type: string)
                 outputColumnNames: _col0, _col1, _col2, _col3, _col4, _col5, _col6, _col7, _col8, _col10
-                Statistics: Num rows: 26 Data size: 16302 Basic stats: COMPLETE Column stats: COMPLETE
+                Statistics: Num rows: 26 Data size: 16198 Basic stats: COMPLETE Column stats: COMPLETE
                 Filter Operator
                   predicate: (sq_count_check(_col10, true) > 0) (type: boolean)
-                  Statistics: Num rows: 8 Data size: 5016 Basic stats: COMPLETE Column stats: COMPLETE
+                  Statistics: Num rows: 8 Data size: 4992 Basic stats: COMPLETE Column stats: COMPLETE
                   Select Operator
                     expressions: _col0 (type: int), _col1 (type: string), _col2 (type: string), _col3 (type: string), _col4 (type: string), _col5 (type: int), _col6 (type: string), _col7 (type: double), _col8 (type: string)
                     outputColumnNames: _col0, _col1, _col2, _col3, _col4, _col5, _col6, _col7, _col8
-                    Statistics: Num rows: 8 Data size: 5016 Basic stats: COMPLETE Column stats: COMPLETE
+                    Statistics: Num rows: 8 Data size: 4992 Basic stats: COMPLETE Column stats: COMPLETE
                     Reduce Output Operator
                       key expressions: _col4 (type: string)
                       sort order: +
                       Map-reduce partition columns: _col4 (type: string)
-                      Statistics: Num rows: 8 Data size: 5016 Basic stats: COMPLETE Column stats: COMPLETE
+                      Statistics: Num rows: 8 Data size: 4992 Basic stats: COMPLETE Column stats: COMPLETE
                       value expressions: _col0 (type: int), _col1 (type: string), _col2 (type: string), _col3 (type: string), _col5 (type: int), _col6 (type: string), _col7 (type: double), _col8 (type: string)
         Reducer 3 
             Execution mode: llap
@@ -4681,12 +4681,12 @@ STAGE PLANS:
                   0 _col4 (type: string)
                   1 _col0 (type: string)
                 outputColumnNames: _col0, _col1, _col2, _col3, _col4, _col5, _col6, _col7, _col8, _col12, _col13
-                Statistics: Num rows: 8 Data size: 5080 Basic stats: COMPLETE Column stats: COMPLETE
+                Statistics: Num rows: 8 Data size: 5016 Basic stats: COMPLETE Column stats: COMPLETE
                 Reduce Output Operator
                   key expressions: _col4 (type: string), UDFToLong(_col5) (type: bigint)
                   sort order: ++
                   Map-reduce partition columns: _col4 (type: string), UDFToLong(_col5) (type: bigint)
-                  Statistics: Num rows: 8 Data size: 5080 Basic stats: COMPLETE Column stats: COMPLETE
+                  Statistics: Num rows: 8 Data size: 5016 Basic stats: COMPLETE Column stats: COMPLETE
                   value expressions: _col0 (type: int), _col1 (type: string), _col2 (type: string), _col3 (type: string), _col5 (type: int), _col6 (type: string), _col7 (type: double), _col8 (type: string), _col12 (type: bigint), _col13 (type: bigint)
         Reducer 4 
             Execution mode: llap
@@ -4698,10 +4698,10 @@ STAGE PLANS:
                   0 _col4 (type: string), UDFToLong(_col5) (type: bigint)
                   1 _col1 (type: string), _col0 (type: bigint)
                 outputColumnNames: _col0, _col1, _col2, _col3, _col4, _col5, _col6, _col7, _col8, _col12, _col13, _col16
-                Statistics: Num rows: 8 Data size: 5112 Basic stats: COMPLETE Column stats: COMPLETE
+                Statistics: Num rows: 8 Data size: 5020 Basic stats: COMPLETE Column stats: COMPLETE
                 Filter Operator
                   predicate: (not CASE WHEN ((_col12 = 0)) THEN (false) WHEN (_col12 is null) THEN (false) WHEN (_col16 is not null) THEN (true) WHEN (_col5 is null) THEN (null) WHEN ((_col13 < _col12)) THEN (true) ELSE (false) END) (type: boolean)
-                  Statistics: Num rows: 4 Data size: 2556 Basic stats: COMPLETE Column stats: COMPLETE
+                  Statistics: Num rows: 4 Data size: 2512 Basic stats: COMPLETE Column stats: COMPLETE
                   Select Operator
                     expressions: _col0 (type: int), _col1 (type: string), _col2 (type: string), _col3 (type: string), _col4 (type: string), _col5 (type: int), _col6 (type: string), _col7 (type: double), _col8 (type: string)
                     outputColumnNames: _col0, _col1, _col2, _col3, _col4, _col5, _col6, _col7, _col8
@@ -4914,19 +4914,19 @@ STAGE PLANS:
                   0 _col0 (type: int)
                   1 _col0 (type: int)
                 outputColumnNames: _col0, _col1, _col2, _col3, _col4, _col5, _col6, _col7, _col8, _col10
-                Statistics: Num rows: 26 Data size: 16302 Basic stats: COMPLETE Column stats: COMPLETE
+                Statistics: Num rows: 26 Data size: 16214 Basic stats: COMPLETE Column stats: COMPLETE
                 Filter Operator
                   predicate: (sq_count_check(_col10, true) > 0) (type: boolean)
-                  Statistics: Num rows: 8 Data size: 5016 Basic stats: COMPLETE Column stats: COMPLETE
+                  Statistics: Num rows: 8 Data size: 4992 Basic stats: COMPLETE Column stats: COMPLETE
                   Select Operator
                     expressions: _col0 (type: int), _col1 (type: string), _col2 (type: string), _col3 (type: string), _col4 (type: string), _col5 (type: int), _col6 (type: string), _col7 (type: double), _col8 (type: string)
                     outputColumnNames: _col0, _col1, _col2, _col3, _col4, _col5, _col6, _col7, _col8
-                    Statistics: Num rows: 8 Data size: 5016 Basic stats: COMPLETE Column stats: COMPLETE
+                    Statistics: Num rows: 8 Data size: 4992 Basic stats: COMPLETE Column stats: COMPLETE
                     Reduce Output Operator
                       key expressions: _col0 (type: int)
                       sort order: +
                       Map-reduce partition columns: _col0 (type: int)
-                      Statistics: Num rows: 8 Data size: 5016 Basic stats: COMPLETE Column stats: COMPLETE
+                      Statistics: Num rows: 8 Data size: 4992 Basic stats: COMPLETE Column stats: COMPLETE
                       value expressions: _col1 (type: string), _col2 (type: string), _col3 (type: string), _col4 (type: string), _col5 (type: int), _col6 (type: string), _col7 (type: double), _col8 (type: string)
         Reducer 3 
             Execution mode: llap
@@ -4938,12 +4938,12 @@ STAGE PLANS:
                   0 _col0 (type: int)
                   1 _col0 (type: int)
                 outputColumnNames: _col0, _col1, _col2, _col3, _col4, _col5, _col6, _col7, _col8, _col12, _col13
-                Statistics: Num rows: 8 Data size: 5080 Basic stats: COMPLETE Column stats: COMPLETE
+                Statistics: Num rows: 8 Data size: 5032 Basic stats: COMPLETE Column stats: COMPLETE
                 Reduce Output Operator
                   key expressions: _col0 (type: int), UDFToDouble(_col5) (type: double)
                   sort order: ++
                   Map-reduce partition columns: _col0 (type: int), UDFToDouble(_col5) (type: double)
-                  Statistics: Num rows: 8 Data size: 5080 Basic stats: COMPLETE Column stats: COMPLETE
+                  Statistics: Num rows: 8 Data size: 5032 Basic stats: COMPLETE Column stats: COMPLETE
                   value expressions: _col1 (type: string), _col2 (type: string), _col3 (type: string), _col4 (type: string), _col5 (type: int), _col6 (type: string), _col7 (type: double), _col8 (type: string), _col12 (type: bigint), _col13 (type: bigint)
         Reducer 4 
             Execution mode: llap
@@ -4955,10 +4955,10 @@ STAGE PLANS:
                   0 _col0 (type: int), UDFToDouble(_col5) (type: double)
                   1 _col1 (type: int), _col0 (type: double)
                 outputColumnNames: _col0, _col1, _col2, _col3, _col4, _col5, _col6, _col7, _col8, _col12, _col13, _col16
-                Statistics: Num rows: 8 Data size: 5112 Basic stats: COMPLETE Column stats: COMPLETE
+                Statistics: Num rows: 8 Data size: 5036 Basic stats: COMPLETE Column stats: COMPLETE
                 Filter Operator
                   predicate: (not CASE WHEN ((_col12 = 0)) THEN (false) WHEN (_col12 is null) THEN (false) WHEN (_col16 is not null) THEN (true) WHEN (_col5 is null) THEN (null) WHEN ((_col13 < _col12)) THEN (true) ELSE (false) END) (type: boolean)
-                  Statistics: Num rows: 4 Data size: 2556 Basic stats: COMPLETE Column stats: COMPLETE
+                  Statistics: Num rows: 4 Data size: 2528 Basic stats: COMPLETE Column stats: COMPLETE
                   Select Operator
                     expressions: _col0 (type: int), _col1 (type: string), _col2 (type: string), _col3 (type: string), _col4 (type: string), _col5 (type: int), _col6 (type: string), _col7 (type: double), _col8 (type: string)
                     outputColumnNames: _col0, _col1, _col2, _col3, _col4, _col5, _col6, _col7, _col8
diff --git a/ql/src/test/results/clientpositive/llap/subquery_multi.q.out b/ql/src/test/results/clientpositive/llap/subquery_multi.q.out
index a876c620e3..41b8ea3f25 100644
--- a/ql/src/test/results/clientpositive/llap/subquery_multi.q.out
+++ b/ql/src/test/results/clientpositive/llap/subquery_multi.q.out
@@ -3103,10 +3103,10 @@ STAGE PLANS:
                   0 _col2 (type: double)
                   1 _col0 (type: double)
                 outputColumnNames: _col0, _col1, _col2, _col4, _col5, _col7
-                Statistics: Num rows: 14 Data size: 504 Basic stats: COMPLETE Column stats: COMPLETE
+                Statistics: Num rows: 14 Data size: 456 Basic stats: COMPLETE Column stats: COMPLETE
                 Filter Operator
                   predicate: (not CASE WHEN ((_col4 = 0)) THEN (false) WHEN (_col7 is not null) THEN (true) WHEN (_col2 is null) THEN (null) WHEN ((_col5 < _col4)) THEN (true) ELSE (false) END) (type: boolean)
-                  Statistics: Num rows: 7 Data size: 252 Basic stats: COMPLETE Column stats: COMPLETE
+                  Statistics: Num rows: 7 Data size: 228 Basic stats: COMPLETE Column stats: COMPLETE
                   Select Operator
                     expressions: _col0 (type: int), _col1 (type: int)
                     outputColumnNames: _col0, _col1
@@ -4150,10 +4150,10 @@ STAGE PLANS:
                   0 _col0 (type: string)
                   1 _col0 (type: string)
                 outputColumnNames: _col1, _col2, _col4
-                Statistics: Num rows: 500 Data size: 51500 Basic stats: COMPLETE Column stats: COMPLETE
+                Statistics: Num rows: 500 Data size: 50176 Basic stats: COMPLETE Column stats: COMPLETE
                 Reduce Output Operator
                   sort order: 
-                  Statistics: Num rows: 500 Data size: 51500 Basic stats: COMPLETE Column stats: COMPLETE
+                  Statistics: Num rows: 500 Data size: 50176 Basic stats: COMPLETE Column stats: COMPLETE
                   value expressions: _col1 (type: string), _col2 (type: bigint), _col4 (type: boolean)
         Reducer 4 
             Execution mode: llap
@@ -4165,12 +4165,12 @@ STAGE PLANS:
                   0 
                   1 
                 outputColumnNames: _col1, _col2, _col4, _col5
-                Statistics: Num rows: 500 Data size: 53500 Basic stats: COMPLETE Column stats: COMPLETE
+                Statistics: Num rows: 500 Data size: 52176 Basic stats: COMPLETE Column stats: COMPLETE
                 Filter Operator
                   predicate: ((_col4 is not null and (_col2 <> 0)) or _col1 is not null or _col5 is not null) (type: boolean)
-                  Statistics: Num rows: 500 Data size: 53500 Basic stats: COMPLETE Column stats: COMPLETE
+                  Statistics: Num rows: 500 Data size: 52176 Basic stats: COMPLETE Column stats: COMPLETE
                   Select Operator
-                    Statistics: Num rows: 500 Data size: 53500 Basic stats: COMPLETE Column stats: COMPLETE
+                    Statistics: Num rows: 500 Data size: 52176 Basic stats: COMPLETE Column stats: COMPLETE
                     Group By Operator
                       aggregations: count()
                       mode: hash
diff --git a/ql/src/test/results/clientpositive/llap/subquery_notin.q.out b/ql/src/test/results/clientpositive/llap/subquery_notin.q.out
index 018ef1db54..c760af2f87 100644
--- a/ql/src/test/results/clientpositive/llap/subquery_notin.q.out
+++ b/ql/src/test/results/clientpositive/llap/subquery_notin.q.out
@@ -104,10 +104,10 @@ STAGE PLANS:
                   0 _col0 (type: string)
                   1 _col0 (type: string)
                 outputColumnNames: _col0, _col1, _col2, _col3, _col5
-                Statistics: Num rows: 500 Data size: 99000 Basic stats: COMPLETE Column stats: COMPLETE
+                Statistics: Num rows: 500 Data size: 97676 Basic stats: COMPLETE Column stats: COMPLETE
                 Filter Operator
                   predicate: ((_col2 = 0) or (_col5 is null and _col0 is not null and (_col3 >= _col2))) (type: boolean)
-                  Statistics: Num rows: 500 Data size: 99000 Basic stats: COMPLETE Column stats: COMPLETE
+                  Statistics: Num rows: 500 Data size: 97676 Basic stats: COMPLETE Column stats: COMPLETE
                   Select Operator
                     expressions: _col0 (type: string), _col1 (type: string)
                     outputColumnNames: _col0, _col1
@@ -372,12 +372,12 @@ STAGE PLANS:
                   0 _col1 (type: string)
                   1 _col0 (type: string)
                 outputColumnNames: _col0, _col1, _col2, _col4, _col5
-                Statistics: Num rows: 26 Data size: 6214 Basic stats: COMPLETE Column stats: COMPLETE
+                Statistics: Num rows: 26 Data size: 5974 Basic stats: COMPLETE Column stats: COMPLETE
                 Reduce Output Operator
                   key expressions: _col0 (type: string), _col1 (type: string)
                   sort order: ++
                   Map-reduce partition columns: _col0 (type: string), _col1 (type: string)
-                  Statistics: Num rows: 26 Data size: 6214 Basic stats: COMPLETE Column stats: COMPLETE
+                  Statistics: Num rows: 26 Data size: 5974 Basic stats: COMPLETE Column stats: COMPLETE
                   value expressions: _col2 (type: int), _col4 (type: bigint), _col5 (type: bigint)
         Reducer 3 
             Execution mode: llap
@@ -389,10 +389,10 @@ STAGE PLANS:
                   0 _col0 (type: string), _col1 (type: string)
                   1 _col0 (type: string), _col1 (type: string)
                 outputColumnNames: _col0, _col1, _col2, _col4, _col5, _col8
-                Statistics: Num rows: 26 Data size: 6318 Basic stats: COMPLETE Column stats: COMPLETE
+                Statistics: Num rows: 26 Data size: 5986 Basic stats: COMPLETE Column stats: COMPLETE
                 Filter Operator
                   predicate: (not CASE WHEN ((_col4 = 0)) THEN (false) WHEN (_col4 is null) THEN (false) WHEN (_col8 is not null) THEN (true) WHEN (_col0 is null) THEN (null) WHEN ((_col5 < _col4)) THEN (true) ELSE (false) END) (type: boolean)
-                  Statistics: Num rows: 13 Data size: 3159 Basic stats: COMPLETE Column stats: COMPLETE
+                  Statistics: Num rows: 13 Data size: 3003 Basic stats: COMPLETE Column stats: COMPLETE
                   Select Operator
                     expressions: _col1 (type: string), _col0 (type: string), _col2 (type: int)
                     outputColumnNames: _col0, _col1, _col2
@@ -674,10 +674,10 @@ STAGE PLANS:
                   0 UDFToDouble(_col1) (type: double)
                   1 _col0 (type: double)
                 outputColumnNames: _col0, _col1, _col2, _col3, _col5
-                Statistics: Num rows: 26 Data size: 3770 Basic stats: COMPLETE Column stats: COMPLETE
+                Statistics: Num rows: 26 Data size: 3674 Basic stats: COMPLETE Column stats: COMPLETE
                 Filter Operator
                   predicate: ((_col2 = 0) or (_col5 is null and _col1 is not null and (_col3 >= _col2))) (type: boolean)
-                  Statistics: Num rows: 26 Data size: 3770 Basic stats: COMPLETE Column stats: COMPLETE
+                  Statistics: Num rows: 26 Data size: 3674 Basic stats: COMPLETE Column stats: COMPLETE
                   Select Operator
                     expressions: _col0 (type: string), _col1 (type: int)
                     outputColumnNames: _col0, _col1
@@ -1030,19 +1030,19 @@ STAGE PLANS:
                   0 _col1 (type: string)
                   1 _col0 (type: string)
                 outputColumnNames: _col0, _col1, _col2, _col4
-                Statistics: Num rows: 26 Data size: 6006 Basic stats: COMPLETE Column stats: COMPLETE
+                Statistics: Num rows: 26 Data size: 5886 Basic stats: COMPLETE Column stats: COMPLETE
                 Filter Operator
                   predicate: (sq_count_check(_col4, true) > 0) (type: boolean)
-                  Statistics: Num rows: 8 Data size: 1848 Basic stats: COMPLETE Column stats: COMPLETE
+                  Statistics: Num rows: 8 Data size: 1816 Basic stats: COMPLETE Column stats: COMPLETE
                   Select Operator
                     expressions: _col0 (type: string), _col1 (type: string), _col2 (type: int)
                     outputColumnNames: _col0, _col1, _col2
-                    Statistics: Num rows: 8 Data size: 1848 Basic stats: COMPLETE Column stats: COMPLETE
+                    Statistics: Num rows: 8 Data size: 1816 Basic stats: COMPLETE Column stats: COMPLETE
                     Reduce Output Operator
                       key expressions: _col1 (type: string)
                       sort order: +
                       Map-reduce partition columns: _col1 (type: string)
-                      Statistics: Num rows: 8 Data size: 1848 Basic stats: COMPLETE Column stats: COMPLETE
+                      Statistics: Num rows: 8 Data size: 1816 Basic stats: COMPLETE Column stats: COMPLETE
                       value expressions: _col0 (type: string), _col2 (type: int)
         Reducer 3 
             Execution mode: llap
@@ -1071,10 +1071,10 @@ STAGE PLANS:
                   0 _col1 (type: string), _col2 (type: int)
                   1 _col1 (type: string), _col0 (type: int)
                 outputColumnNames: _col0, _col1, _col2, _col6, _col7, _col10
-                Statistics: Num rows: 8 Data size: 1944 Basic stats: COMPLETE Column stats: COMPLETE
+                Statistics: Num rows: 8 Data size: 1920 Basic stats: COMPLETE Column stats: COMPLETE
                 Filter Operator
                   predicate: (not CASE WHEN ((_col6 = 0)) THEN (false) WHEN (_col6 is null) THEN (false) WHEN (_col10 is not null) THEN (true) WHEN (_col2 is null) THEN (null) WHEN ((_col7 < _col6)) THEN (true) ELSE (false) END) (type: boolean)
-                  Statistics: Num rows: 4 Data size: 972 Basic stats: COMPLETE Column stats: COMPLETE
+                  Statistics: Num rows: 4 Data size: 960 Basic stats: COMPLETE Column stats: COMPLETE
                   Select Operator
                     expressions: _col1 (type: string), _col0 (type: string), _col2 (type: int)
                     outputColumnNames: _col0, _col1, _col2
@@ -1560,10 +1560,10 @@ STAGE PLANS:
                   0 _col0 (type: string)
                   1 _col0 (type: string)
                 outputColumnNames: _col0, _col1, _col2, _col4
-                Statistics: Num rows: 166 Data size: 17762 Basic stats: COMPLETE Column stats: COMPLETE
+                Statistics: Num rows: 166 Data size: 17438 Basic stats: COMPLETE Column stats: COMPLETE
                 Filter Operator
                   predicate: ((_col1 = 0) or (_col4 is null and _col0 is not null and (_col2 >= _col1))) (type: boolean)
-                  Statistics: Num rows: 166 Data size: 17762 Basic stats: COMPLETE Column stats: COMPLETE
+                  Statistics: Num rows: 166 Data size: 17438 Basic stats: COMPLETE Column stats: COMPLETE
                   Select Operator
                     expressions: _col0 (type: string)
                     outputColumnNames: _col0
@@ -1716,12 +1716,12 @@ STAGE PLANS:
                   0 _col4 (type: string)
                   1 _col0 (type: string)
                 outputColumnNames: _col0, _col1, _col2, _col3, _col4, _col5, _col6, _col7, _col8, _col10, _col11
-                Statistics: Num rows: 26 Data size: 16510 Basic stats: COMPLETE Column stats: COMPLETE
+                Statistics: Num rows: 26 Data size: 16302 Basic stats: COMPLETE Column stats: COMPLETE
                 Reduce Output Operator
                   key expressions: _col4 (type: string), _col5 (type: int)
                   sort order: ++
                   Map-reduce partition columns: _col4 (type: string), _col5 (type: int)
-                  Statistics: Num rows: 26 Data size: 16510 Basic stats: COMPLETE Column stats: COMPLETE
+                  Statistics: Num rows: 26 Data size: 16302 Basic stats: COMPLETE Column stats: COMPLETE
                   value expressions: _col0 (type: int), _col1 (type: string), _col2 (type: string), _col3 (type: string), _col6 (type: string), _col7 (type: double), _col8 (type: string), _col10 (type: bigint), _col11 (type: bigint)
         Reducer 3 
             Execution mode: llap
@@ -1733,10 +1733,10 @@ STAGE PLANS:
                   0 _col4 (type: string), _col5 (type: int)
                   1 _col1 (type: string), _col0 (type: int)
                 outputColumnNames: _col0, _col1, _col2, _col3, _col4, _col5, _col6, _col7, _col8, _col10, _col11, _col14
-                Statistics: Num rows: 26 Data size: 16614 Basic stats: COMPLETE Column stats: COMPLETE
+                Statistics: Num rows: 26 Data size: 16306 Basic stats: COMPLETE Column stats: COMPLETE
                 Filter Operator
                   predicate: (not CASE WHEN ((_col10 = 0)) THEN (false) WHEN (_col10 is null) THEN (false) WHEN (_col14 is not null) THEN (true) WHEN (_col5 is null) THEN (null) WHEN ((_col11 < _col10)) THEN (true) ELSE (false) END) (type: boolean)
-                  Statistics: Num rows: 13 Data size: 8307 Basic stats: COMPLETE Column stats: COMPLETE
+                  Statistics: Num rows: 13 Data size: 8163 Basic stats: COMPLETE Column stats: COMPLETE
                   Select Operator
                     expressions: _col0 (type: int), _col1 (type: string), _col2 (type: string), _col3 (type: string), _col4 (type: string), _col5 (type: int), _col6 (type: string), _col7 (type: double), _col8 (type: string)
                     outputColumnNames: _col0, _col1, _col2, _col3, _col4, _col5, _col6, _col7, _col8
@@ -1919,10 +1919,10 @@ STAGE PLANS:
                   0 (_col5 - 1) (type: int)
                   1 _col0 (type: int)
                 outputColumnNames: _col0, _col1, _col2, _col3, _col4, _col5, _col6, _col7, _col8, _col9, _col10, _col12
-                Statistics: Num rows: 26 Data size: 16614 Basic stats: COMPLETE Column stats: COMPLETE
+                Statistics: Num rows: 26 Data size: 16546 Basic stats: COMPLETE Column stats: COMPLETE
                 Filter Operator
                   predicate: ((_col9 = 0) or (_col12 is null and _col5 is not null and (_col10 >= _col9))) (type: boolean)
-                  Statistics: Num rows: 26 Data size: 16614 Basic stats: COMPLETE Column stats: COMPLETE
+                  Statistics: Num rows: 26 Data size: 16546 Basic stats: COMPLETE Column stats: COMPLETE
                   Select Operator
                     expressions: _col0 (type: int), _col1 (type: string), _col2 (type: string), _col3 (type: string), _col4 (type: string), _col5 (type: int), _col6 (type: string), _col7 (type: double), _col8 (type: string)
                     outputColumnNames: _col0, _col1, _col2, _col3, _col4, _col5, _col6, _col7, _col8
@@ -2134,10 +2134,10 @@ STAGE PLANS:
                   0 (_col0 * _col5) (type: int)
                   1 _col0 (type: int)
                 outputColumnNames: _col0, _col1, _col2, _col3, _col4, _col5, _col6, _col7, _col8, _col9, _col10, _col12
-                Statistics: Num rows: 26 Data size: 16614 Basic stats: COMPLETE Column stats: COMPLETE
+                Statistics: Num rows: 26 Data size: 16538 Basic stats: COMPLETE Column stats: COMPLETE
                 Filter Operator
                   predicate: ((_col9 = 0) or (_col12 is null and _col0 is not null and _col5 is not null and (_col10 >= _col9))) (type: boolean)
-                  Statistics: Num rows: 26 Data size: 16614 Basic stats: COMPLETE Column stats: COMPLETE
+                  Statistics: Num rows: 26 Data size: 16538 Basic stats: COMPLETE Column stats: COMPLETE
                   Select Operator
                     expressions: _col0 (type: int), _col1 (type: string), _col2 (type: string), _col3 (type: string), _col4 (type: string), _col5 (type: int), _col6 (type: string), _col7 (type: double), _col8 (type: string)
                     outputColumnNames: _col0, _col1, _col2, _col3, _col4, _col5, _col6, _col7, _col8
@@ -2377,12 +2377,12 @@ STAGE PLANS:
                   0 _col0 (type: string)
                   1 _col0 (type: string)
                 outputColumnNames: _col0, _col1, _col3, _col4
-                Statistics: Num rows: 26 Data size: 3666 Basic stats: COMPLETE Column stats: COMPLETE
+                Statistics: Num rows: 26 Data size: 3474 Basic stats: COMPLETE Column stats: COMPLETE
                 Reduce Output Operator
                   key expressions: _col0 (type: string), _col1 (type: int)
                   sort order: ++
                   Map-reduce partition columns: _col0 (type: string), _col1 (type: int)
-                  Statistics: Num rows: 26 Data size: 3666 Basic stats: COMPLETE Column stats: COMPLETE
+                  Statistics: Num rows: 26 Data size: 3474 Basic stats: COMPLETE Column stats: COMPLETE
                   value expressions: _col3 (type: bigint), _col4 (type: bigint)
         Reducer 3 
             Execution mode: llap
@@ -2394,12 +2394,12 @@ STAGE PLANS:
                   0 _col0 (type: string), _col1 (type: int)
                   1 _col1 (type: string), _col3 (type: int)
                 outputColumnNames: _col1, _col3, _col4, _col7
-                Statistics: Num rows: 26 Data size: 624 Basic stats: COMPLETE Column stats: COMPLETE
+                Statistics: Num rows: 26 Data size: 332 Basic stats: COMPLETE Column stats: COMPLETE
                 Filter Operator
                   predicate: (not CASE WHEN ((_col3 = 0)) THEN (false) WHEN (_col3 is null) THEN (false) WHEN (_col7 is not null) THEN (true) WHEN ((_col1 + 100) is null) THEN (null) WHEN ((_col4 < _col3)) THEN (true) ELSE (false) END) (type: boolean)
-                  Statistics: Num rows: 13 Data size: 312 Basic stats: COMPLETE Column stats: COMPLETE
+                  Statistics: Num rows: 13 Data size: 168 Basic stats: COMPLETE Column stats: COMPLETE
                   Select Operator
-                    Statistics: Num rows: 13 Data size: 312 Basic stats: COMPLETE Column stats: COMPLETE
+                    Statistics: Num rows: 13 Data size: 168 Basic stats: COMPLETE Column stats: COMPLETE
                     Group By Operator
                       aggregations: count()
                       mode: hash
@@ -2583,10 +2583,10 @@ STAGE PLANS:
                   0 floor(_col7) (type: bigint)
                   1 _col0 (type: bigint)
                 outputColumnNames: _col0, _col1, _col2, _col3, _col4, _col5, _col6, _col7, _col8, _col9, _col10, _col12
-                Statistics: Num rows: 26 Data size: 16614 Basic stats: COMPLETE Column stats: COMPLETE
+                Statistics: Num rows: 26 Data size: 16538 Basic stats: COMPLETE Column stats: COMPLETE
                 Filter Operator
                   predicate: ((_col9 = 0) or (_col12 is null and floor(_col7) is not null and (_col10 >= _col9))) (type: boolean)
-                  Statistics: Num rows: 26 Data size: 16614 Basic stats: COMPLETE Column stats: COMPLETE
+                  Statistics: Num rows: 26 Data size: 16538 Basic stats: COMPLETE Column stats: COMPLETE
                   Select Operator
                     expressions: _col0 (type: int), _col1 (type: string), _col2 (type: string), _col3 (type: string), _col4 (type: string), _col5 (type: int), _col6 (type: string), _col7 (type: double), _col8 (type: string)
                     outputColumnNames: _col0, _col1, _col2, _col3, _col4, _col5, _col6, _col7, _col8
@@ -2811,12 +2811,12 @@ STAGE PLANS:
                   0 _col5 (type: int)
                   1 _col0 (type: int)
                 outputColumnNames: _col0, _col1, _col2, _col3, _col4, _col5, _col6, _col7, _col8, _col10, _col11
-                Statistics: Num rows: 26 Data size: 16510 Basic stats: COMPLETE Column stats: COMPLETE
+                Statistics: Num rows: 26 Data size: 16126 Basic stats: COMPLETE Column stats: COMPLETE
                 Reduce Output Operator
                   key expressions: _col1 (type: string), _col5 (type: int)
                   sort order: ++
                   Map-reduce partition columns: _col1 (type: string), _col5 (type: int)
-                  Statistics: Num rows: 26 Data size: 16510 Basic stats: COMPLETE Column stats: COMPLETE
+                  Statistics: Num rows: 26 Data size: 16126 Basic stats: COMPLETE Column stats: COMPLETE
                   value expressions: _col0 (type: int), _col2 (type: string), _col3 (type: string), _col4 (type: string), _col6 (type: string), _col7 (type: double), _col8 (type: string), _col10 (type: bigint), _col11 (type: bigint)
         Reducer 3 
             Execution mode: llap
@@ -2828,10 +2828,10 @@ STAGE PLANS:
                   0 _col1 (type: string), _col5 (type: int)
                   1 _col0 (type: string), _col1 (type: int)
                 outputColumnNames: _col0, _col1, _col2, _col3, _col4, _col5, _col6, _col7, _col8, _col10, _col11, _col14
-                Statistics: Num rows: 26 Data size: 16614 Basic stats: COMPLETE Column stats: COMPLETE
+                Statistics: Num rows: 26 Data size: 16130 Basic stats: COMPLETE Column stats: COMPLETE
                 Filter Operator
                   predicate: (not CASE WHEN ((_col10 = 0)) THEN (false) WHEN (_col10 is null) THEN (false) WHEN (_col14 is not null) THEN (true) WHEN (_col1 is null) THEN (null) WHEN ((_col11 < _col10)) THEN (true) ELSE (false) END) (type: boolean)
-                  Statistics: Num rows: 13 Data size: 8307 Basic stats: COMPLETE Column stats: COMPLETE
+                  Statistics: Num rows: 13 Data size: 8067 Basic stats: COMPLETE Column stats: COMPLETE
                   Select Operator
                     expressions: _col0 (type: int), _col1 (type: string), _col2 (type: string), _col3 (type: string), _col4 (type: string), _col5 (type: int), _col6 (type: string), _col7 (type: double), _col8 (type: string)
                     outputColumnNames: _col0, _col1, _col2, _col3, _col4, _col5, _col6, _col7, _col8
@@ -3040,12 +3040,12 @@ STAGE PLANS:
                   0 _col0 (type: int), _col5 (type: int)
                   1 _col0 (type: int), _col1 (type: int)
                 outputColumnNames: _col0, _col1, _col2, _col3, _col4, _col5, _col6, _col7, _col8, _col11, _col12
-                Statistics: Num rows: 26 Data size: 16510 Basic stats: COMPLETE Column stats: COMPLETE
+                Statistics: Num rows: 26 Data size: 16110 Basic stats: COMPLETE Column stats: COMPLETE
                 Reduce Output Operator
                   key expressions: _col0 (type: int), _col1 (type: string), _col5 (type: int)
                   sort order: +++
                   Map-reduce partition columns: _col0 (type: int), _col1 (type: string), _col5 (type: int)
-                  Statistics: Num rows: 26 Data size: 16510 Basic stats: COMPLETE Column stats: COMPLETE
+                  Statistics: Num rows: 26 Data size: 16110 Basic stats: COMPLETE Column stats: COMPLETE
                   value expressions: _col2 (type: string), _col3 (type: string), _col4 (type: string), _col6 (type: string), _col7 (type: double), _col8 (type: string), _col11 (type: bigint), _col12 (type: bigint)
         Reducer 3 
             Execution mode: llap
@@ -3057,10 +3057,10 @@ STAGE PLANS:
                   0 _col0 (type: int), _col1 (type: string), _col5 (type: int)
                   1 _col1 (type: int), _col0 (type: string), _col2 (type: int)
                 outputColumnNames: _col0, _col1, _col2, _col3, _col4, _col5, _col6, _col7, _col8, _col11, _col12, _col16
-                Statistics: Num rows: 26 Data size: 16614 Basic stats: COMPLETE Column stats: COMPLETE
+                Statistics: Num rows: 26 Data size: 16118 Basic stats: COMPLETE Column stats: COMPLETE
                 Filter Operator
                   predicate: (not CASE WHEN ((_col11 = 0)) THEN (false) WHEN (_col11 is null) THEN (false) WHEN (_col16 is not null) THEN (true) WHEN (_col1 is null) THEN (null) WHEN ((_col12 < _col11)) THEN (true) ELSE (false) END) (type: boolean)
-                  Statistics: Num rows: 13 Data size: 8307 Basic stats: COMPLETE Column stats: COMPLETE
+                  Statistics: Num rows: 13 Data size: 8067 Basic stats: COMPLETE Column stats: COMPLETE
                   Select Operator
                     expressions: _col0 (type: int), _col1 (type: string), _col2 (type: string), _col3 (type: string), _col4 (type: string), _col5 (type: int), _col6 (type: string), _col7 (type: double), _col8 (type: string)
                     outputColumnNames: _col0, _col1, _col2, _col3, _col4, _col5, _col6, _col7, _col8
@@ -3230,10 +3230,10 @@ STAGE PLANS:
                   0 UDFToDouble(_col1) (type: double), _col2 (type: string)
                   1 _col0 (type: double), _col1 (type: string)
                 outputColumnNames: _col0, _col1, _col4, _col5, _col8
-                Statistics: Num rows: 26 Data size: 6370 Basic stats: COMPLETE Column stats: COMPLETE
+                Statistics: Num rows: 26 Data size: 6274 Basic stats: COMPLETE Column stats: COMPLETE
                 Filter Operator
                   predicate: (not CASE WHEN ((_col4 = 0)) THEN (false) WHEN (_col4 is null) THEN (false) WHEN (_col8 is not null) THEN (true) WHEN (_col1 is null) THEN (null) WHEN ((_col5 < _col4)) THEN (true) ELSE (false) END) (type: boolean)
-                  Statistics: Num rows: 13 Data size: 3185 Basic stats: COMPLETE Column stats: COMPLETE
+                  Statistics: Num rows: 13 Data size: 3137 Basic stats: COMPLETE Column stats: COMPLETE
                   Select Operator
                     expressions: _col0 (type: string)
                     outputColumnNames: _col0
@@ -3421,12 +3421,12 @@ STAGE PLANS:
                   0 _col2 (type: int)
                   1 _col0 (type: int)
                 outputColumnNames: _col0, _col1, _col2, _col4, _col5
-                Statistics: Num rows: 26 Data size: 6370 Basic stats: COMPLETE Column stats: COMPLETE
+                Statistics: Num rows: 26 Data size: 6178 Basic stats: COMPLETE Column stats: COMPLETE
                 Reduce Output Operator
                   key expressions: _col1 (type: string), _col2 (type: int)
                   sort order: ++
                   Map-reduce partition columns: _col1 (type: string), _col2 (type: int)
-                  Statistics: Num rows: 26 Data size: 6370 Basic stats: COMPLETE Column stats: COMPLETE
+                  Statistics: Num rows: 26 Data size: 6178 Basic stats: COMPLETE Column stats: COMPLETE
                   value expressions: _col0 (type: string), _col4 (type: bigint), _col5 (type: bigint)
         Reducer 3 
             Execution mode: llap
@@ -3438,10 +3438,10 @@ STAGE PLANS:
                   0 _col1 (type: string), _col2 (type: int)
                   1 _col0 (type: string), _col1 (type: int)
                 outputColumnNames: _col0, _col1, _col4, _col5, _col8
-                Statistics: Num rows: 26 Data size: 6370 Basic stats: COMPLETE Column stats: COMPLETE
+                Statistics: Num rows: 26 Data size: 6078 Basic stats: COMPLETE Column stats: COMPLETE
                 Filter Operator
                   predicate: (not CASE WHEN ((_col4 = 0)) THEN (false) WHEN (_col4 is null) THEN (false) WHEN (_col8 is not null) THEN (true) WHEN (_col1 is null) THEN (null) WHEN ((_col5 < _col4)) THEN (true) ELSE (false) END) (type: boolean)
-                  Statistics: Num rows: 13 Data size: 3185 Basic stats: COMPLETE Column stats: COMPLETE
+                  Statistics: Num rows: 13 Data size: 3041 Basic stats: COMPLETE Column stats: COMPLETE
                   Select Operator
                     expressions: _col0 (type: string)
                     outputColumnNames: _col0
@@ -3686,14 +3686,14 @@ STAGE PLANS:
                   0 _col1 (type: string)
                   1 _col0 (type: string)
                 outputColumnNames: _col0, _col1, _col2, _col3, _col5
-                Statistics: Num rows: 500 Data size: 99000 Basic stats: COMPLETE Column stats: COMPLETE
+                Statistics: Num rows: 500 Data size: 98916 Basic stats: COMPLETE Column stats: COMPLETE
                 Filter Operator
                   predicate: ((_col2 = 0) or (_col5 is null and _col1 is not null and (_col3 >= _col2))) (type: boolean)
-                  Statistics: Num rows: 500 Data size: 99000 Basic stats: COMPLETE Column stats: COMPLETE
+                  Statistics: Num rows: 500 Data size: 98916 Basic stats: COMPLETE Column stats: COMPLETE
                   Select Operator
                     expressions: _col0 (type: string)
                     outputColumnNames: _col0
-                    Statistics: Num rows: 500 Data size: 99000 Basic stats: COMPLETE Column stats: COMPLETE
+                    Statistics: Num rows: 500 Data size: 98916 Basic stats: COMPLETE Column stats: COMPLETE
                     Group By Operator
                       aggregations: count()
                       keys: _col0 (type: string)
@@ -3975,14 +3975,14 @@ STAGE PLANS:
                   0 _col0 (type: string), _col1 (type: string)
                   1 _col1 (type: string), _col0 (type: string)
                 outputColumnNames: _col0, _col1, _col3, _col4, _col7
-                Statistics: Num rows: 500 Data size: 99000 Basic stats: COMPLETE Column stats: COMPLETE
+                Statistics: Num rows: 500 Data size: 97012 Basic stats: COMPLETE Column stats: COMPLETE
                 Filter Operator
                   predicate: (not CASE WHEN ((_col3 = 0)) THEN (false) WHEN (_col3 is null) THEN (false) WHEN (_col7 is not null) THEN (true) WHEN (_col1 is null) THEN (null) WHEN ((_col4 < _col3)) THEN (true) ELSE (false) END) (type: boolean)
-                  Statistics: Num rows: 250 Data size: 49500 Basic stats: COMPLETE Column stats: COMPLETE
+                  Statistics: Num rows: 250 Data size: 48508 Basic stats: COMPLETE Column stats: COMPLETE
                   Select Operator
                     expressions: _col0 (type: string)
                     outputColumnNames: _col0
-                    Statistics: Num rows: 250 Data size: 49500 Basic stats: COMPLETE Column stats: COMPLETE
+                    Statistics: Num rows: 250 Data size: 48508 Basic stats: COMPLETE Column stats: COMPLETE
                     Group By Operator
                       aggregations: count()
                       keys: _col0 (type: string)
@@ -4241,10 +4241,10 @@ STAGE PLANS:
                   0 (_col5 - 1) (type: int)
                   1 _col0 (type: int)
                 outputColumnNames: _col0, _col1, _col2, _col3, _col4, _col5, _col6, _col7, _col8, _col9, _col10, _col12
-                Statistics: Num rows: 26 Data size: 16614 Basic stats: COMPLETE Column stats: COMPLETE
+                Statistics: Num rows: 26 Data size: 16546 Basic stats: COMPLETE Column stats: COMPLETE
                 Filter Operator
                   predicate: ((_col9 = 0) or (_col12 is null and _col5 is not null and (_col10 >= _col9))) (type: boolean)
-                  Statistics: Num rows: 26 Data size: 16614 Basic stats: COMPLETE Column stats: COMPLETE
+                  Statistics: Num rows: 26 Data size: 16546 Basic stats: COMPLETE Column stats: COMPLETE
                   Select Operator
                     expressions: _col0 (type: int), _col1 (type: string), _col2 (type: string), _col3 (type: string), _col4 (type: string), _col5 (type: int), _col6 (type: string), _col7 (type: double), _col8 (type: string)
                     outputColumnNames: _col0, _col1, _col2, _col3, _col4, _col5, _col6, _col7, _col8
@@ -4469,10 +4469,10 @@ STAGE PLANS:
                   0 (_col5 - 1) (type: int)
                   1 _col0 (type: int)
                 outputColumnNames: _col0, _col1, _col2, _col3, _col4, _col5, _col6, _col7, _col8, _col9, _col10, _col12
-                Statistics: Num rows: 26 Data size: 16614 Basic stats: COMPLETE Column stats: COMPLETE
+                Statistics: Num rows: 26 Data size: 16546 Basic stats: COMPLETE Column stats: COMPLETE
                 Filter Operator
                   predicate: ((_col9 = 0) or (_col12 is null and _col5 is not null and (_col10 >= _col9))) (type: boolean)
-                  Statistics: Num rows: 26 Data size: 16614 Basic stats: COMPLETE Column stats: COMPLETE
+                  Statistics: Num rows: 26 Data size: 16546 Basic stats: COMPLETE Column stats: COMPLETE
                   Select Operator
                     expressions: _col0 (type: int), _col1 (type: string), _col2 (type: string), _col3 (type: string), _col4 (type: string), _col5 (type: int), _col6 (type: string), _col7 (type: double), _col8 (type: string)
                     outputColumnNames: _col0, _col1, _col2, _col3, _col4, _col5, _col6, _col7, _col8
@@ -4761,10 +4761,10 @@ STAGE PLANS:
                   0 _col0 (type: string)
                   1 _col0 (type: string)
                 outputColumnNames: _col0, _col1, _col2, _col3, _col5
-                Statistics: Num rows: 500 Data size: 99000 Basic stats: COMPLETE Column stats: COMPLETE
+                Statistics: Num rows: 500 Data size: 97244 Basic stats: COMPLETE Column stats: COMPLETE
                 Filter Operator
                   predicate: ((_col2 = 0) or (_col5 is null and _col0 is not null and (_col3 >= _col2))) (type: boolean)
-                  Statistics: Num rows: 500 Data size: 99000 Basic stats: COMPLETE Column stats: COMPLETE
+                  Statistics: Num rows: 500 Data size: 97244 Basic stats: COMPLETE Column stats: COMPLETE
                   Select Operator
                     expressions: _col0 (type: string), _col1 (type: string)
                     outputColumnNames: _col0, _col1
@@ -5439,12 +5439,12 @@ STAGE PLANS:
                   0 _col0 (type: string), _col1 (type: int)
                   1 _col1 (type: string), _col3 (type: int)
                 outputColumnNames: _col1, _col3, _col4, _col7
-                Statistics: Num rows: 26 Data size: 624 Basic stats: COMPLETE Column stats: COMPLETE
+                Statistics: Num rows: 26 Data size: 524 Basic stats: COMPLETE Column stats: COMPLETE
                 Filter Operator
                   predicate: (not CASE WHEN ((_col3 = 0)) THEN (false) WHEN (_col3 is null) THEN (false) WHEN (_col7 is not null) THEN (true) WHEN ((_col1 + 100) is null) THEN (null) WHEN ((_col4 < _col3)) THEN (true) ELSE (false) END) (type: boolean)
-                  Statistics: Num rows: 13 Data size: 312 Basic stats: COMPLETE Column stats: COMPLETE
+                  Statistics: Num rows: 13 Data size: 264 Basic stats: COMPLETE Column stats: COMPLETE
                   Select Operator
-                    Statistics: Num rows: 13 Data size: 312 Basic stats: COMPLETE Column stats: COMPLETE
+                    Statistics: Num rows: 13 Data size: 264 Basic stats: COMPLETE Column stats: COMPLETE
                     Group By Operator
                       aggregations: count()
                       mode: hash
@@ -7237,12 +7237,12 @@ STAGE PLANS:
                   0 _col1 (type: string)
                   1 _col0 (type: string)
                 outputColumnNames: _col0, _col1, _col3, _col4
-                Statistics: Num rows: 500 Data size: 97000 Basic stats: COMPLETE Column stats: COMPLETE
+                Statistics: Num rows: 500 Data size: 91704 Basic stats: COMPLETE Column stats: COMPLETE
                 Reduce Output Operator
                   key expressions: _col0 (type: string), _col1 (type: string)
                   sort order: ++
                   Map-reduce partition columns: _col0 (type: string), _col1 (type: string)
-                  Statistics: Num rows: 500 Data size: 97000 Basic stats: COMPLETE Column stats: COMPLETE
+                  Statistics: Num rows: 500 Data size: 91704 Basic stats: COMPLETE Column stats: COMPLETE
                   value expressions: _col3 (type: bigint), _col4 (type: bigint)
         Reducer 3 
             Execution mode: llap
@@ -7254,10 +7254,10 @@ STAGE PLANS:
                   0 _col0 (type: string), _col1 (type: string)
                   1 _col0 (type: string), _col1 (type: string)
                 outputColumnNames: _col0, _col1, _col3, _col4, _col7
-                Statistics: Num rows: 500 Data size: 99000 Basic stats: COMPLETE Column stats: COMPLETE
+                Statistics: Num rows: 500 Data size: 91932 Basic stats: COMPLETE Column stats: COMPLETE
                 Filter Operator
                   predicate: (not CASE WHEN ((_col3 = 0)) THEN (false) WHEN (_col3 is null) THEN (false) WHEN (_col7 is not null) THEN (true) WHEN (_col0 is null) THEN (null) WHEN ((_col4 < _col3)) THEN (true) ELSE (false) END) (type: boolean)
-                  Statistics: Num rows: 250 Data size: 49500 Basic stats: COMPLETE Column stats: COMPLETE
+                  Statistics: Num rows: 250 Data size: 45976 Basic stats: COMPLETE Column stats: COMPLETE
                   Select Operator
                     expressions: _col0 (type: string), _col1 (type: string)
                     outputColumnNames: _col0, _col1
diff --git a/ql/src/test/results/clientpositive/llap/subquery_scalar.q.out b/ql/src/test/results/clientpositive/llap/subquery_scalar.q.out
index 3a0d1464c5..2a10adb226 100644
--- a/ql/src/test/results/clientpositive/llap/subquery_scalar.q.out
+++ b/ql/src/test/results/clientpositive/llap/subquery_scalar.q.out
@@ -1371,12 +1371,12 @@ STAGE PLANS:
                   0 _col0 (type: string)
                   1 _col2 (type: string)
                 outputColumnNames: _col1, _col2, _col3
-                Statistics: Num rows: 26 Data size: 312 Basic stats: COMPLETE Column stats: COMPLETE
+                Statistics: Num rows: 26 Data size: 216 Basic stats: COMPLETE Column stats: COMPLETE
                 Filter Operator
                   predicate: ((_col1 + 100) < CASE WHEN (_col3 is null) THEN (null) ELSE (_col2) END) (type: boolean)
-                  Statistics: Num rows: 8 Data size: 96 Basic stats: COMPLETE Column stats: COMPLETE
+                  Statistics: Num rows: 8 Data size: 72 Basic stats: COMPLETE Column stats: COMPLETE
                   Select Operator
-                    Statistics: Num rows: 8 Data size: 96 Basic stats: COMPLETE Column stats: COMPLETE
+                    Statistics: Num rows: 8 Data size: 72 Basic stats: COMPLETE Column stats: COMPLETE
                     Group By Operator
                       aggregations: count()
                       mode: hash
@@ -1502,12 +1502,12 @@ STAGE PLANS:
                   0 _col0 (type: string)
                   1 _col2 (type: string)
                 outputColumnNames: _col1, _col2
-                Statistics: Num rows: 26 Data size: 208 Basic stats: COMPLETE Column stats: COMPLETE
+                Statistics: Num rows: 26 Data size: 112 Basic stats: COMPLETE Column stats: COMPLETE
                 Filter Operator
                   predicate: (100 < CASE WHEN (_col2 is null) THEN (null) ELSE (_col1) END) (type: boolean)
-                  Statistics: Num rows: 8 Data size: 64 Basic stats: COMPLETE Column stats: COMPLETE
+                  Statistics: Num rows: 8 Data size: 40 Basic stats: COMPLETE Column stats: COMPLETE
                   Select Operator
-                    Statistics: Num rows: 8 Data size: 64 Basic stats: COMPLETE Column stats: COMPLETE
+                    Statistics: Num rows: 8 Data size: 40 Basic stats: COMPLETE Column stats: COMPLETE
                     Group By Operator
                       aggregations: count()
                       mode: hash
@@ -2326,10 +2326,10 @@ STAGE PLANS:
                   0 _col0 (type: int), _col5 (type: int)
                   1 _col2 (type: int), _col3 (type: int)
                 outputColumnNames: _col0, _col1, _col2, _col3, _col4, _col5, _col6, _col7, _col8, _col9, _col10
-                Statistics: Num rows: 26 Data size: 16406 Basic stats: COMPLETE Column stats: COMPLETE
+                Statistics: Num rows: 26 Data size: 16106 Basic stats: COMPLETE Column stats: COMPLETE
                 Filter Operator
                   predicate: (UDFToLong(_col5) <> CASE WHEN (_col10 is null) THEN (0) ELSE (_col9) END) (type: boolean)
-                  Statistics: Num rows: 26 Data size: 16406 Basic stats: COMPLETE Column stats: COMPLETE
+                  Statistics: Num rows: 26 Data size: 16106 Basic stats: COMPLETE Column stats: COMPLETE
                   Select Operator
                     expressions: _col0 (type: int), _col1 (type: string), _col2 (type: string), _col3 (type: string), _col4 (type: string), _col5 (type: int), _col6 (type: string), _col7 (type: double), _col8 (type: string)
                     outputColumnNames: _col0, _col1, _col2, _col3, _col4, _col5, _col6, _col7, _col8
@@ -3237,10 +3237,10 @@ STAGE PLANS:
                   0 _col2 (type: int)
                   1 _col2 (type: int)
                 outputColumnNames: _col0, _col1, _col3, _col4
-                Statistics: Num rows: 26 Data size: 8138 Basic stats: COMPLETE Column stats: COMPLETE
+                Statistics: Num rows: 26 Data size: 6634 Basic stats: COMPLETE Column stats: COMPLETE
                 Filter Operator
                   predicate: (_col1 like CASE WHEN (_col4 is null) THEN (null) ELSE (_col3) END) (type: boolean)
-                  Statistics: Num rows: 13 Data size: 4069 Basic stats: COMPLETE Column stats: COMPLETE
+                  Statistics: Num rows: 13 Data size: 3317 Basic stats: COMPLETE Column stats: COMPLETE
                   Select Operator
                     expressions: _col0 (type: int)
                     outputColumnNames: _col0
@@ -4475,10 +4475,10 @@ STAGE PLANS:
                   0 _col2 (type: string)
                   1 _col2 (type: string)
                 outputColumnNames: _col0, _col1, _col2, _col3, _col4
-                Statistics: Num rows: 26 Data size: 13130 Basic stats: COMPLETE Column stats: COMPLETE
+                Statistics: Num rows: 26 Data size: 10686 Basic stats: COMPLETE Column stats: COMPLETE
                 Filter Operator
                   predicate: (not (_col1 like CASE WHEN (_col4 is null) THEN (null) ELSE (_col3) END)) (type: boolean)
-                  Statistics: Num rows: 13 Data size: 6565 Basic stats: COMPLETE Column stats: COMPLETE
+                  Statistics: Num rows: 13 Data size: 5437 Basic stats: COMPLETE Column stats: COMPLETE
                   Select Operator
                     expressions: _col0 (type: string), _col2 (type: string)
                     outputColumnNames: _col0, _col1
diff --git a/ql/src/test/results/clientpositive/llap/subquery_select.q.out b/ql/src/test/results/clientpositive/llap/subquery_select.q.out
index 703d19de05..4917c42b0e 100644
--- a/ql/src/test/results/clientpositive/llap/subquery_select.q.out
+++ b/ql/src/test/results/clientpositive/llap/subquery_select.q.out
@@ -90,7 +90,7 @@ STAGE PLANS:
                   0 _col0 (type: int)
                   1 _col0 (type: int)
                 outputColumnNames: _col0, _col1, _col2, _col4
-                Statistics: Num rows: 26 Data size: 624 Basic stats: COMPLETE Column stats: COMPLETE
+                Statistics: Num rows: 26 Data size: 528 Basic stats: COMPLETE Column stats: COMPLETE
                 Select Operator
                   expressions: _col0 (type: int), CASE WHEN ((_col1 = 0)) THEN (false) WHEN (_col4 is not null) THEN (true) WHEN (_col0 is null) THEN (null) WHEN ((_col2 < _col1)) THEN (null) ELSE (false) END (type: boolean)
                   outputColumnNames: _col0, _col1
@@ -263,12 +263,12 @@ STAGE PLANS:
                   0 _col0 (type: string)
                   1 _col0 (type: string)
                 outputColumnNames: _col0, _col1, _col3, _col4
-                Statistics: Num rows: 26 Data size: 3224 Basic stats: COMPLETE Column stats: COMPLETE
+                Statistics: Num rows: 26 Data size: 3016 Basic stats: COMPLETE Column stats: COMPLETE
                 Reduce Output Operator
                   key expressions: _col0 (type: string), _col1 (type: int)
                   sort order: ++
                   Map-reduce partition columns: _col0 (type: string), _col1 (type: int)
-                  Statistics: Num rows: 26 Data size: 3224 Basic stats: COMPLETE Column stats: COMPLETE
+                  Statistics: Num rows: 26 Data size: 3016 Basic stats: COMPLETE Column stats: COMPLETE
                   value expressions: _col3 (type: bigint), _col4 (type: bigint)
         Reducer 3 
             Execution mode: llap
@@ -280,7 +280,7 @@ STAGE PLANS:
                   0 _col0 (type: string), _col1 (type: int)
                   1 _col1 (type: string), _col0 (type: int)
                 outputColumnNames: _col1, _col3, _col4, _col7
-                Statistics: Num rows: 26 Data size: 624 Basic stats: COMPLETE Column stats: COMPLETE
+                Statistics: Num rows: 26 Data size: 316 Basic stats: COMPLETE Column stats: COMPLETE
                 Select Operator
                   expressions: _col1 (type: int), CASE WHEN ((_col3 = 0)) THEN (false) WHEN (_col3 is null) THEN (false) WHEN (_col7 is not null) THEN (true) WHEN (_col1 is null) THEN (null) WHEN ((_col4 < _col3)) THEN (null) ELSE (false) END (type: boolean)
                   outputColumnNames: _col0, _col1
@@ -476,7 +476,7 @@ STAGE PLANS:
                   0 _col0 (type: int)
                   1 _col0 (type: int)
                 outputColumnNames: _col0, _col1, _col2, _col4
-                Statistics: Num rows: 26 Data size: 624 Basic stats: COMPLETE Column stats: COMPLETE
+                Statistics: Num rows: 26 Data size: 528 Basic stats: COMPLETE Column stats: COMPLETE
                 Select Operator
                   expressions: _col0 (type: int), CASE WHEN ((_col1 = 0)) THEN (true) WHEN (_col4 is not null) THEN (false) WHEN (_col0 is null) THEN (null) WHEN ((_col2 < _col1)) THEN (null) ELSE (true) END (type: boolean)
                   outputColumnNames: _col0, _col1
@@ -671,19 +671,19 @@ STAGE PLANS:
                   0 _col0 (type: string)
                   1 _col0 (type: string)
                 outputColumnNames: _col0, _col1, _col3
-                Statistics: Num rows: 26 Data size: 3016 Basic stats: COMPLETE Column stats: COMPLETE
+                Statistics: Num rows: 26 Data size: 2912 Basic stats: COMPLETE Column stats: COMPLETE
                 Filter Operator
                   predicate: (sq_count_check(_col3, true) > 0) (type: boolean)
-                  Statistics: Num rows: 8 Data size: 928 Basic stats: COMPLETE Column stats: COMPLETE
+                  Statistics: Num rows: 8 Data size: 904 Basic stats: COMPLETE Column stats: COMPLETE
                   Select Operator
                     expressions: _col0 (type: string), _col1 (type: int)
                     outputColumnNames: _col0, _col1
-                    Statistics: Num rows: 8 Data size: 928 Basic stats: COMPLETE Column stats: COMPLETE
+                    Statistics: Num rows: 8 Data size: 904 Basic stats: COMPLETE Column stats: COMPLETE
                     Reduce Output Operator
                       key expressions: _col0 (type: string)
                       sort order: +
                       Map-reduce partition columns: _col0 (type: string)
-                      Statistics: Num rows: 8 Data size: 928 Basic stats: COMPLETE Column stats: COMPLETE
+                      Statistics: Num rows: 8 Data size: 904 Basic stats: COMPLETE Column stats: COMPLETE
                       value expressions: _col1 (type: int)
         Reducer 3 
             Execution mode: llap
@@ -695,12 +695,12 @@ STAGE PLANS:
                   0 _col0 (type: string)
                   1 _col0 (type: string)
                 outputColumnNames: _col0, _col1, _col5, _col6
-                Statistics: Num rows: 8 Data size: 992 Basic stats: COMPLETE Column stats: COMPLETE
+                Statistics: Num rows: 8 Data size: 928 Basic stats: COMPLETE Column stats: COMPLETE
                 Reduce Output Operator
                   key expressions: _col0 (type: string), _col1 (type: int)
                   sort order: ++
                   Map-reduce partition columns: _col0 (type: string), _col1 (type: int)
-                  Statistics: Num rows: 8 Data size: 992 Basic stats: COMPLETE Column stats: COMPLETE
+                  Statistics: Num rows: 8 Data size: 928 Basic stats: COMPLETE Column stats: COMPLETE
                   value expressions: _col5 (type: bigint), _col6 (type: bigint)
         Reducer 4 
             Execution mode: llap
@@ -712,7 +712,7 @@ STAGE PLANS:
                   0 _col0 (type: string), _col1 (type: int)
                   1 _col1 (type: string), _col0 (type: int)
                 outputColumnNames: _col1, _col5, _col6, _col9
-                Statistics: Num rows: 8 Data size: 192 Basic stats: COMPLETE Column stats: COMPLETE
+                Statistics: Num rows: 8 Data size: 100 Basic stats: COMPLETE Column stats: COMPLETE
                 Select Operator
                   expressions: _col1 (type: int), CASE WHEN ((_col5 = 0)) THEN (true) WHEN (_col5 is null) THEN (true) WHEN (_col9 is not null) THEN (false) WHEN (_col1 is null) THEN (null) WHEN ((_col6 < _col5)) THEN (null) ELSE (true) END (type: boolean)
                   outputColumnNames: _col0, _col1
@@ -1034,7 +1034,7 @@ STAGE PLANS:
                   0 _col0 (type: string)
                   1 _col0 (type: string)
                 outputColumnNames: _col1, _col3
-                Statistics: Num rows: 26 Data size: 208 Basic stats: COMPLETE Column stats: COMPLETE
+                Statistics: Num rows: 26 Data size: 156 Basic stats: COMPLETE Column stats: COMPLETE
                 Select Operator
                   expressions: _col1 (type: int), _col3 is not null (type: boolean)
                   outputColumnNames: _col0, _col1
@@ -1305,7 +1305,7 @@ STAGE PLANS:
                   0 _col0 (type: string)
                   1 _col0 (type: string)
                 outputColumnNames: _col1, _col3
-                Statistics: Num rows: 26 Data size: 208 Basic stats: COMPLETE Column stats: COMPLETE
+                Statistics: Num rows: 26 Data size: 156 Basic stats: COMPLETE Column stats: COMPLETE
                 Select Operator
                   expressions: _col1 (type: int), _col3 is null (type: boolean)
                   outputColumnNames: _col0, _col1
@@ -1444,7 +1444,7 @@ STAGE PLANS:
                   0 _col0 (type: string)
                   1 _col2 (type: string)
                 outputColumnNames: _col1, _col2, _col3
-                Statistics: Num rows: 26 Data size: 416 Basic stats: COMPLETE Column stats: COMPLETE
+                Statistics: Num rows: 26 Data size: 260 Basic stats: COMPLETE Column stats: COMPLETE
                 Select Operator
                   expressions: _col1 (type: int), CASE WHEN (_col3 is null) THEN (0) ELSE (_col2) END (type: bigint)
                   outputColumnNames: _col0, _col1
@@ -1582,7 +1582,7 @@ STAGE PLANS:
                   0 _col0 (type: string)
                   1 _col2 (type: string)
                 outputColumnNames: _col1, _col2, _col3
-                Statistics: Num rows: 26 Data size: 4992 Basic stats: COMPLETE Column stats: COMPLETE
+                Statistics: Num rows: 26 Data size: 2548 Basic stats: COMPLETE Column stats: COMPLETE
                 Select Operator
                   expressions: _col1 (type: int), CASE WHEN (_col3 is null) THEN (null) ELSE (_col2) END (type: string)
                   outputColumnNames: _col0, _col1
@@ -2654,7 +2654,7 @@ STAGE PLANS:
                   0 _col0 (type: string)
                   1 _col2 (type: string)
                 outputColumnNames: _col1, _col2, _col3
-                Statistics: Num rows: 26 Data size: 312 Basic stats: COMPLETE Column stats: COMPLETE
+                Statistics: Num rows: 26 Data size: 208 Basic stats: COMPLETE Column stats: COMPLETE
                 Select Operator
                   expressions: _col1 (type: int), (1 + CASE WHEN (_col3 is null) THEN (null) ELSE (_col2) END) (type: int)
                   outputColumnNames: _col0, _col1
@@ -2789,7 +2789,7 @@ STAGE PLANS:
                   0 _col0 (type: string)
                   1 _col2 (type: string)
                 outputColumnNames: _col1, _col2, _col3
-                Statistics: Num rows: 26 Data size: 416 Basic stats: COMPLETE Column stats: COMPLETE
+                Statistics: Num rows: 26 Data size: 260 Basic stats: COMPLETE Column stats: COMPLETE
                 Select Operator
                   expressions: _col1 (type: int), CASE WHEN (_col3 is null) THEN (false) ELSE (_col2 is null) END (type: boolean)
                   outputColumnNames: _col0, _col1
@@ -3191,12 +3191,12 @@ STAGE PLANS:
                   0 _col1 (type: string)
                   1 _col0 (type: string)
                 outputColumnNames: _col0, _col1, _col2, _col4, _col5
-                Statistics: Num rows: 26 Data size: 6370 Basic stats: COMPLETE Column stats: COMPLETE
+                Statistics: Num rows: 26 Data size: 6162 Basic stats: COMPLETE Column stats: COMPLETE
                 Reduce Output Operator
                   key expressions: _col1 (type: string), _col2 (type: int)
                   sort order: ++
                   Map-reduce partition columns: _col1 (type: string), _col2 (type: int)
-                  Statistics: Num rows: 26 Data size: 6370 Basic stats: COMPLETE Column stats: COMPLETE
+                  Statistics: Num rows: 26 Data size: 6162 Basic stats: COMPLETE Column stats: COMPLETE
                   value expressions: _col0 (type: string), _col4 (type: bigint), _col5 (type: bigint)
         Reducer 3 
             Execution mode: llap
@@ -3208,10 +3208,10 @@ STAGE PLANS:
                   0 _col1 (type: string), _col2 (type: int)
                   1 _col1 (type: string), _col0 (type: int)
                 outputColumnNames: _col0, _col2, _col4, _col5, _col8
-                Statistics: Num rows: 26 Data size: 3770 Basic stats: COMPLETE Column stats: COMPLETE
+                Statistics: Num rows: 26 Data size: 3462 Basic stats: COMPLETE Column stats: COMPLETE
                 Reduce Output Operator
                   sort order: 
-                  Statistics: Num rows: 26 Data size: 3770 Basic stats: COMPLETE Column stats: COMPLETE
+                  Statistics: Num rows: 26 Data size: 3462 Basic stats: COMPLETE Column stats: COMPLETE
                   value expressions: _col0 (type: string), _col2 (type: int), _col4 (type: bigint), _col5 (type: bigint), _col8 (type: boolean)
         Reducer 4 
             Execution mode: llap
@@ -3223,12 +3223,12 @@ STAGE PLANS:
                   0 
                   1 
                 outputColumnNames: _col0, _col2, _col4, _col5, _col8, _col9, _col10
-                Statistics: Num rows: 26 Data size: 4186 Basic stats: COMPLETE Column stats: COMPLETE
+                Statistics: Num rows: 26 Data size: 3878 Basic stats: COMPLETE Column stats: COMPLETE
                 Reduce Output Operator
                   key expressions: _col0 (type: string)
                   sort order: +
                   Map-reduce partition columns: _col0 (type: string)
-                  Statistics: Num rows: 26 Data size: 4186 Basic stats: COMPLETE Column stats: COMPLETE
+                  Statistics: Num rows: 26 Data size: 3878 Basic stats: COMPLETE Column stats: COMPLETE
                   value expressions: _col2 (type: int), _col4 (type: bigint), _col5 (type: bigint), _col8 (type: boolean), _col9 (type: bigint), _col10 (type: bigint)
         Reducer 5 
             Execution mode: llap
@@ -3240,7 +3240,7 @@ STAGE PLANS:
                   0 _col0 (type: string)
                   1 _col0 (type: string)
                 outputColumnNames: _col0, _col2, _col4, _col5, _col8, _col9, _col10, _col12
-                Statistics: Num rows: 26 Data size: 4290 Basic stats: COMPLETE Column stats: COMPLETE
+                Statistics: Num rows: 26 Data size: 3886 Basic stats: COMPLETE Column stats: COMPLETE
                 Select Operator
                   expressions: _col2 (type: int), (CASE WHEN ((_col4 = 0)) THEN (false) WHEN (_col4 is null) THEN (false) WHEN (_col8 is not null) THEN (true) WHEN (_col2 is null) THEN (null) WHEN ((_col5 < _col4)) THEN (null) ELSE (false) END and CASE WHEN ((_col9 = 0)) THEN (false) WHEN (_col12 is not null) THEN (true) WHEN (_col0 is null) THEN (null) WHEN ((_col10 < _col9)) THEN (null) ELSE (false) END) (type: boolean)
                   outputColumnNames: _col0, _col1
@@ -3413,7 +3413,7 @@ STAGE PLANS:
                   0 _col0 (type: string)
                   1 _col0 (type: string)
                 outputColumnNames: _col1, _col3
-                Statistics: Num rows: 26 Data size: 208 Basic stats: COMPLETE Column stats: COMPLETE
+                Statistics: Num rows: 26 Data size: 156 Basic stats: COMPLETE Column stats: COMPLETE
                 Select Operator
                   expressions: _col1 (type: int), _col3 is null (type: boolean)
                   outputColumnNames: _col0, _col1
@@ -3620,7 +3620,7 @@ STAGE PLANS:
                   0 _col0 (type: int)
                   1 _col0 (type: int)
                 outputColumnNames: _col0, _col1, _col2, _col4
-                Statistics: Num rows: 26 Data size: 624 Basic stats: COMPLETE Column stats: COMPLETE
+                Statistics: Num rows: 26 Data size: 528 Basic stats: COMPLETE Column stats: COMPLETE
                 Select Operator
                   expressions: _col0 (type: int), CASE WHEN ((_col1 = 0)) THEN (false) WHEN (_col4 is not null) THEN (true) WHEN (_col0 is null) THEN (null) WHEN ((_col2 < _col1)) THEN (null) ELSE (false) END (type: boolean)
                   outputColumnNames: _col0, _col1
@@ -5524,7 +5524,7 @@ STAGE PLANS:
                   0 _col0 (type: string)
                   1 _col2 (type: string)
                 outputColumnNames: _col1, _col2, _col3
-                Statistics: Num rows: 26 Data size: 312 Basic stats: COMPLETE Column stats: COMPLETE
+                Statistics: Num rows: 26 Data size: 208 Basic stats: COMPLETE Column stats: COMPLETE
                 Select Operator
                   expressions: _col1 (type: int), exp(CASE WHEN (_col3 is null) THEN (null) ELSE (_col2) END) (type: double)
                   outputColumnNames: _col0, _col1
diff --git a/ql/src/test/results/clientpositive/llap/tez_dynpart_hashjoin_1.q.out b/ql/src/test/results/clientpositive/llap/tez_dynpart_hashjoin_1.q.out
index 6dd3fbf6ca..626a0640da 100644
--- a/ql/src/test/results/clientpositive/llap/tez_dynpart_hashjoin_1.q.out
+++ b/ql/src/test/results/clientpositive/llap/tez_dynpart_hashjoin_1.q.out
@@ -77,11 +77,11 @@ STAGE PLANS:
                   0 _col2 (type: int)
                   1 _col2 (type: int)
                 outputColumnNames: _col0, _col1, _col2, _col3, _col4, _col5, _col6, _col7, _col8, _col9, _col10, _col11, _col12, _col13, _col14, _col15, _col16, _col17, _col18, _col19, _col20, _col21, _col22, _col23
-                Statistics: Num rows: 2166 Data size: 1342920 Basic stats: COMPLETE Column stats: COMPLETE
+                Statistics: Num rows: 2166 Data size: 1204460 Basic stats: COMPLETE Column stats: COMPLETE
                 Reduce Output Operator
                   key expressions: _col2 (type: int)
                   sort order: +
-                  Statistics: Num rows: 2166 Data size: 1342920 Basic stats: COMPLETE Column stats: COMPLETE
+                  Statistics: Num rows: 2166 Data size: 1204460 Basic stats: COMPLETE Column stats: COMPLETE
                   value expressions: _col0 (type: tinyint), _col1 (type: smallint), _col3 (type: bigint), _col4 (type: float), _col5 (type: double), _col6 (type: string), _col7 (type: string), _col8 (type: timestamp), _col9 (type: timestamp), _col10 (type: boolean), _col11 (type: boolean), _col12 (type: tinyint), _col13 (type: smallint), _col14 (type: int), _col15 (type: bigint), _col16 (type: float), _col17 (type: double), _col18 (type: string), _col19 (type: string), _col20 (type: timestamp), _col21 (type: timestamp), _col22 (type: boolean), _col23 (type: boolean)
         Reducer 3 
             Execution mode: llap
@@ -89,10 +89,10 @@ STAGE PLANS:
               Select Operator
                 expressions: VALUE._col0 (type: tinyint), VALUE._col1 (type: smallint), KEY.reducesinkkey0 (type: int), VALUE._col2 (type: bigint), VALUE._col3 (type: float), VALUE._col4 (type: double), VALUE._col5 (type: string), VALUE._col6 (type: string), VALUE._col7 (type: timestamp), VALUE._col8 (type: timestamp), VALUE._col9 (type: boolean), VALUE._col10 (type: boolean), VALUE._col11 (type: tinyint), VALUE._col12 (type: smallint), VALUE._col13 (type: int), VALUE._col14 (type: bigint), VALUE._col15 (type: float), VALUE._col16 (type: double), VALUE._col17 (type: string), VALUE._col18 (type: string), VALUE._col19 (type: timestamp), VALUE._col20 (type: timestamp), VALUE._col21 (type: boolean), VALUE._col22 (type: boolean)
                 outputColumnNames: _col0, _col1, _col2, _col3, _col4, _col5, _col6, _col7, _col8, _col9, _col10, _col11, _col12, _col13, _col14, _col15, _col16, _col17, _col18, _col19, _col20, _col21, _col22, _col23
-                Statistics: Num rows: 2166 Data size: 1342920 Basic stats: COMPLETE Column stats: COMPLETE
+                Statistics: Num rows: 2166 Data size: 1204460 Basic stats: COMPLETE Column stats: COMPLETE
                 File Output Operator
                   compressed: false
-                  Statistics: Num rows: 2166 Data size: 1342920 Basic stats: COMPLETE Column stats: COMPLETE
+                  Statistics: Num rows: 2166 Data size: 1204460 Basic stats: COMPLETE Column stats: COMPLETE
                   table:
                       input format: org.apache.hadoop.mapred.SequenceFileInputFormat
                       output format: org.apache.hadoop.hive.ql.io.HiveSequenceFileOutputFormat
@@ -336,18 +336,18 @@ STAGE PLANS:
                   0 _col1 (type: int)
                   1 _col0 (type: int)
                 outputColumnNames: _col0
-                Statistics: Num rows: 2166 Data size: 8664 Basic stats: COMPLETE Column stats: COMPLETE
+                Statistics: Num rows: 2166 Data size: 7284 Basic stats: COMPLETE Column stats: COMPLETE
                 Group By Operator
                   aggregations: count()
                   keys: _col0 (type: smallint)
                   mode: hash
                   outputColumnNames: _col0, _col1
-                  Statistics: Num rows: 615 Data size: 7380 Basic stats: COMPLETE Column stats: COMPLETE
+                  Statistics: Num rows: 616 Data size: 7004 Basic stats: COMPLETE Column stats: COMPLETE
                   Reduce Output Operator
                     key expressions: _col0 (type: smallint)
                     sort order: +
                     Map-reduce partition columns: _col0 (type: smallint)
-                    Statistics: Num rows: 615 Data size: 7380 Basic stats: COMPLETE Column stats: COMPLETE
+                    Statistics: Num rows: 616 Data size: 7004 Basic stats: COMPLETE Column stats: COMPLETE
                     value expressions: _col1 (type: bigint)
         Reducer 3 
             Execution mode: llap
@@ -357,11 +357,11 @@ STAGE PLANS:
                 keys: KEY._col0 (type: smallint)
                 mode: mergepartial
                 outputColumnNames: _col0, _col1
-                Statistics: Num rows: 615 Data size: 7380 Basic stats: COMPLETE Column stats: COMPLETE
+                Statistics: Num rows: 616 Data size: 7004 Basic stats: COMPLETE Column stats: COMPLETE
                 Reduce Output Operator
                   key expressions: _col1 (type: bigint)
                   sort order: +
-                  Statistics: Num rows: 615 Data size: 7380 Basic stats: COMPLETE Column stats: COMPLETE
+                  Statistics: Num rows: 616 Data size: 7004 Basic stats: COMPLETE Column stats: COMPLETE
                   value expressions: _col0 (type: smallint)
         Reducer 4 
             Execution mode: llap
@@ -369,10 +369,10 @@ STAGE PLANS:
               Select Operator
                 expressions: VALUE._col0 (type: smallint), KEY.reducesinkkey0 (type: bigint)
                 outputColumnNames: _col0, _col1
-                Statistics: Num rows: 615 Data size: 7380 Basic stats: COMPLETE Column stats: COMPLETE
+                Statistics: Num rows: 616 Data size: 7004 Basic stats: COMPLETE Column stats: COMPLETE
                 File Output Operator
                   compressed: false
-                  Statistics: Num rows: 615 Data size: 7380 Basic stats: COMPLETE Column stats: COMPLETE
+                  Statistics: Num rows: 616 Data size: 7004 Basic stats: COMPLETE Column stats: COMPLETE
                   table:
                       input format: org.apache.hadoop.mapred.SequenceFileInputFormat
                       output format: org.apache.hadoop.hive.ql.io.HiveSequenceFileOutputFormat
diff --git a/ql/src/test/results/clientpositive/llap/tez_dynpart_hashjoin_2.q.out b/ql/src/test/results/clientpositive/llap/tez_dynpart_hashjoin_2.q.out
index f434a1e00b..273cf06e31 100644
--- a/ql/src/test/results/clientpositive/llap/tez_dynpart_hashjoin_2.q.out
+++ b/ql/src/test/results/clientpositive/llap/tez_dynpart_hashjoin_2.q.out
@@ -105,11 +105,11 @@ STAGE PLANS:
                   1 UDFToInteger(_col0) (type: int)
                   2 (UDFToInteger(_col0) + 0) (type: int)
                 outputColumnNames: _col0, _col1, _col2, _col3, _col4, _col5, _col6, _col7, _col8, _col9, _col10, _col11
-                Statistics: Num rows: 2710 Data size: 840100 Basic stats: COMPLETE Column stats: COMPLETE
+                Statistics: Num rows: 2710 Data size: 601590 Basic stats: COMPLETE Column stats: COMPLETE
                 Reduce Output Operator
                   key expressions: _col1 (type: smallint), _col0 (type: tinyint), _col2 (type: int)
                   sort order: +++
-                  Statistics: Num rows: 2710 Data size: 840100 Basic stats: COMPLETE Column stats: COMPLETE
+                  Statistics: Num rows: 2710 Data size: 601590 Basic stats: COMPLETE Column stats: COMPLETE
                   value expressions: _col3 (type: bigint), _col4 (type: float), _col5 (type: double), _col6 (type: string), _col7 (type: string), _col8 (type: timestamp), _col9 (type: timestamp), _col10 (type: boolean), _col11 (type: boolean)
         Reducer 3 
             Execution mode: llap
@@ -117,10 +117,10 @@ STAGE PLANS:
               Select Operator
                 expressions: KEY.reducesinkkey1 (type: tinyint), KEY.reducesinkkey0 (type: smallint), KEY.reducesinkkey2 (type: int), VALUE._col0 (type: bigint), VALUE._col1 (type: float), VALUE._col2 (type: double), VALUE._col3 (type: string), VALUE._col4 (type: string), VALUE._col5 (type: timestamp), VALUE._col6 (type: timestamp), VALUE._col7 (type: boolean), VALUE._col8 (type: boolean)
                 outputColumnNames: _col0, _col1, _col2, _col3, _col4, _col5, _col6, _col7, _col8, _col9, _col10, _col11
-                Statistics: Num rows: 2710 Data size: 840100 Basic stats: COMPLETE Column stats: COMPLETE
+                Statistics: Num rows: 2710 Data size: 601590 Basic stats: COMPLETE Column stats: COMPLETE
                 File Output Operator
                   compressed: false
-                  Statistics: Num rows: 2710 Data size: 840100 Basic stats: COMPLETE Column stats: COMPLETE
+                  Statistics: Num rows: 2710 Data size: 601590 Basic stats: COMPLETE Column stats: COMPLETE
                   table:
                       input format: org.apache.hadoop.mapred.SequenceFileInputFormat
                       output format: org.apache.hadoop.hive.ql.io.HiveSequenceFileOutputFormat
@@ -296,11 +296,11 @@ STAGE PLANS:
                   1 UDFToInteger(_col0) (type: int)
                   2 (UDFToInteger(_col0) + 0) (type: int)
                 outputColumnNames: _col0, _col1, _col2, _col3, _col4, _col5, _col6, _col7, _col8, _col9, _col10, _col11
-                Statistics: Num rows: 2710 Data size: 840100 Basic stats: COMPLETE Column stats: COMPLETE
+                Statistics: Num rows: 2710 Data size: 601590 Basic stats: COMPLETE Column stats: COMPLETE
                 Reduce Output Operator
                   key expressions: _col1 (type: smallint), _col0 (type: tinyint), _col2 (type: int)
                   sort order: +++
-                  Statistics: Num rows: 2710 Data size: 840100 Basic stats: COMPLETE Column stats: COMPLETE
+                  Statistics: Num rows: 2710 Data size: 601590 Basic stats: COMPLETE Column stats: COMPLETE
                   value expressions: _col3 (type: bigint), _col4 (type: float), _col5 (type: double), _col6 (type: string), _col7 (type: string), _col8 (type: timestamp), _col9 (type: timestamp), _col10 (type: boolean), _col11 (type: boolean)
         Reducer 3 
             Execution mode: llap
@@ -308,10 +308,10 @@ STAGE PLANS:
               Select Operator
                 expressions: KEY.reducesinkkey1 (type: tinyint), KEY.reducesinkkey0 (type: smallint), KEY.reducesinkkey2 (type: int), VALUE._col0 (type: bigint), VALUE._col1 (type: float), VALUE._col2 (type: double), VALUE._col3 (type: string), VALUE._col4 (type: string), VALUE._col5 (type: timestamp), VALUE._col6 (type: timestamp), VALUE._col7 (type: boolean), VALUE._col8 (type: boolean)
                 outputColumnNames: _col0, _col1, _col2, _col3, _col4, _col5, _col6, _col7, _col8, _col9, _col10, _col11
-                Statistics: Num rows: 2710 Data size: 840100 Basic stats: COMPLETE Column stats: COMPLETE
+                Statistics: Num rows: 2710 Data size: 601590 Basic stats: COMPLETE Column stats: COMPLETE
                 File Output Operator
                   compressed: false
-                  Statistics: Num rows: 2710 Data size: 840100 Basic stats: COMPLETE Column stats: COMPLETE
+                  Statistics: Num rows: 2710 Data size: 601590 Basic stats: COMPLETE Column stats: COMPLETE
                   table:
                       input format: org.apache.hadoop.mapred.SequenceFileInputFormat
                       output format: org.apache.hadoop.hive.ql.io.HiveSequenceFileOutputFormat
@@ -487,11 +487,11 @@ STAGE PLANS:
                   1 UDFToInteger(_col0) (type: int)
                   2 (UDFToInteger(_col0) + 0) (type: int)
                 outputColumnNames: _col0, _col1, _col2, _col3, _col4, _col5, _col6, _col7, _col8, _col9, _col10, _col11
-                Statistics: Num rows: 2710 Data size: 840100 Basic stats: COMPLETE Column stats: COMPLETE
+                Statistics: Num rows: 2710 Data size: 601590 Basic stats: COMPLETE Column stats: COMPLETE
                 Reduce Output Operator
                   key expressions: _col1 (type: smallint), _col0 (type: tinyint), _col2 (type: int)
                   sort order: +++
-                  Statistics: Num rows: 2710 Data size: 840100 Basic stats: COMPLETE Column stats: COMPLETE
+                  Statistics: Num rows: 2710 Data size: 601590 Basic stats: COMPLETE Column stats: COMPLETE
                   value expressions: _col3 (type: bigint), _col4 (type: float), _col5 (type: double), _col6 (type: string), _col7 (type: string), _col8 (type: timestamp), _col9 (type: timestamp), _col10 (type: boolean), _col11 (type: boolean)
         Reducer 3 
             Execution mode: llap
@@ -499,10 +499,10 @@ STAGE PLANS:
               Select Operator
                 expressions: KEY.reducesinkkey1 (type: tinyint), KEY.reducesinkkey0 (type: smallint), KEY.reducesinkkey2 (type: int), VALUE._col0 (type: bigint), VALUE._col1 (type: float), VALUE._col2 (type: double), VALUE._col3 (type: string), VALUE._col4 (type: string), VALUE._col5 (type: timestamp), VALUE._col6 (type: timestamp), VALUE._col7 (type: boolean), VALUE._col8 (type: boolean)
                 outputColumnNames: _col0, _col1, _col2, _col3, _col4, _col5, _col6, _col7, _col8, _col9, _col10, _col11
-                Statistics: Num rows: 2710 Data size: 840100 Basic stats: COMPLETE Column stats: COMPLETE
+                Statistics: Num rows: 2710 Data size: 601590 Basic stats: COMPLETE Column stats: COMPLETE
                 File Output Operator
                   compressed: false
-                  Statistics: Num rows: 2710 Data size: 840100 Basic stats: COMPLETE Column stats: COMPLETE
+                  Statistics: Num rows: 2710 Data size: 601590 Basic stats: COMPLETE Column stats: COMPLETE
                   table:
                       input format: org.apache.hadoop.mapred.SequenceFileInputFormat
                       output format: org.apache.hadoop.hive.ql.io.HiveSequenceFileOutputFormat
diff --git a/ql/src/test/results/clientpositive/llap/tez_join_tests.q.out b/ql/src/test/results/clientpositive/llap/tez_join_tests.q.out
index b0eff1e1f4..1e1b63d95e 100644
--- a/ql/src/test/results/clientpositive/llap/tez_join_tests.q.out
+++ b/ql/src/test/results/clientpositive/llap/tez_join_tests.q.out
@@ -88,11 +88,11 @@ STAGE PLANS:
                   0 _col1 (type: string)
                   1 _col1 (type: string)
                 outputColumnNames: _col0, _col1, _col2, _col3
-                Statistics: Num rows: 500 Data size: 178000 Basic stats: COMPLETE Column stats: COMPLETE
+                Statistics: Num rows: 500 Data size: 114098 Basic stats: COMPLETE Column stats: COMPLETE
                 Reduce Output Operator
                   key expressions: _col0 (type: string)
                   sort order: +
-                  Statistics: Num rows: 500 Data size: 178000 Basic stats: COMPLETE Column stats: COMPLETE
+                  Statistics: Num rows: 500 Data size: 114098 Basic stats: COMPLETE Column stats: COMPLETE
                   value expressions: _col1 (type: string), _col2 (type: string), _col3 (type: string)
         Reducer 4 
             Execution mode: llap
@@ -100,10 +100,10 @@ STAGE PLANS:
               Select Operator
                 expressions: KEY.reducesinkkey0 (type: string), VALUE._col0 (type: string), VALUE._col1 (type: string), VALUE._col2 (type: string)
                 outputColumnNames: _col0, _col1, _col2, _col3
-                Statistics: Num rows: 500 Data size: 178000 Basic stats: COMPLETE Column stats: COMPLETE
+                Statistics: Num rows: 500 Data size: 114098 Basic stats: COMPLETE Column stats: COMPLETE
                 File Output Operator
                   compressed: false
-                  Statistics: Num rows: 500 Data size: 178000 Basic stats: COMPLETE Column stats: COMPLETE
+                  Statistics: Num rows: 500 Data size: 114098 Basic stats: COMPLETE Column stats: COMPLETE
                   table:
                       input format: org.apache.hadoop.mapred.SequenceFileInputFormat
                       output format: org.apache.hadoop.hive.ql.io.HiveSequenceFileOutputFormat
diff --git a/ql/src/test/results/clientpositive/llap/tez_joins_explain.q.out b/ql/src/test/results/clientpositive/llap/tez_joins_explain.q.out
index 418c23c16d..5297d7ecbc 100644
--- a/ql/src/test/results/clientpositive/llap/tez_joins_explain.q.out
+++ b/ql/src/test/results/clientpositive/llap/tez_joins_explain.q.out
@@ -88,11 +88,11 @@ STAGE PLANS:
                   0 _col1 (type: string)
                   1 _col1 (type: string)
                 outputColumnNames: _col0, _col1, _col2, _col3
-                Statistics: Num rows: 500 Data size: 178000 Basic stats: COMPLETE Column stats: COMPLETE
+                Statistics: Num rows: 500 Data size: 114098 Basic stats: COMPLETE Column stats: COMPLETE
                 Reduce Output Operator
                   key expressions: _col0 (type: string)
                   sort order: +
-                  Statistics: Num rows: 500 Data size: 178000 Basic stats: COMPLETE Column stats: COMPLETE
+                  Statistics: Num rows: 500 Data size: 114098 Basic stats: COMPLETE Column stats: COMPLETE
                   value expressions: _col1 (type: string), _col2 (type: string), _col3 (type: string)
         Reducer 4 
             Execution mode: llap
@@ -100,10 +100,10 @@ STAGE PLANS:
               Select Operator
                 expressions: KEY.reducesinkkey0 (type: string), VALUE._col0 (type: string), VALUE._col1 (type: string), VALUE._col2 (type: string)
                 outputColumnNames: _col0, _col1, _col2, _col3
-                Statistics: Num rows: 500 Data size: 178000 Basic stats: COMPLETE Column stats: COMPLETE
+                Statistics: Num rows: 500 Data size: 114098 Basic stats: COMPLETE Column stats: COMPLETE
                 File Output Operator
                   compressed: false
-                  Statistics: Num rows: 500 Data size: 178000 Basic stats: COMPLETE Column stats: COMPLETE
+                  Statistics: Num rows: 500 Data size: 114098 Basic stats: COMPLETE Column stats: COMPLETE
                   table:
                       input format: org.apache.hadoop.mapred.SequenceFileInputFormat
                       output format: org.apache.hadoop.hive.ql.io.HiveSequenceFileOutputFormat
diff --git a/ql/src/test/results/clientpositive/llap/tez_smb_empty.q.out b/ql/src/test/results/clientpositive/llap/tez_smb_empty.q.out
index cd392a7b2b..e4c246afec 100644
--- a/ql/src/test/results/clientpositive/llap/tez_smb_empty.q.out
+++ b/ql/src/test/results/clientpositive/llap/tez_smb_empty.q.out
@@ -248,10 +248,10 @@ STAGE PLANS:
                         0 _col0 (type: int)
                         1 _col0 (type: int)
                       outputColumnNames: _col0, _col1, _col2, _col3, _col4, _col5
-                      Statistics: Num rows: 242 Data size: 139392 Basic stats: COMPLETE Column stats: PARTIAL
+                      Statistics: Num rows: 242 Data size: 117312 Basic stats: COMPLETE Column stats: PARTIAL
                       File Output Operator
                         compressed: false
-                        Statistics: Num rows: 242 Data size: 139392 Basic stats: COMPLETE Column stats: PARTIAL
+                        Statistics: Num rows: 242 Data size: 117312 Basic stats: COMPLETE Column stats: PARTIAL
                         table:
                             input format: org.apache.hadoop.mapred.SequenceFileInputFormat
                             output format: org.apache.hadoop.hive.ql.io.HiveSequenceFileOutputFormat
diff --git a/ql/src/test/results/clientpositive/llap/tez_vector_dynpart_hashjoin_1.q.out b/ql/src/test/results/clientpositive/llap/tez_vector_dynpart_hashjoin_1.q.out
index 3b47383803..a38e339012 100644
--- a/ql/src/test/results/clientpositive/llap/tez_vector_dynpart_hashjoin_1.q.out
+++ b/ql/src/test/results/clientpositive/llap/tez_vector_dynpart_hashjoin_1.q.out
@@ -77,11 +77,11 @@ STAGE PLANS:
                   0 _col2 (type: int)
                   1 _col2 (type: int)
                 outputColumnNames: _col0, _col1, _col2, _col3, _col4, _col5, _col6, _col7, _col8, _col9, _col10, _col11, _col12, _col13, _col14, _col15, _col16, _col17, _col18, _col19, _col20, _col21, _col22, _col23
-                Statistics: Num rows: 2166 Data size: 1342920 Basic stats: COMPLETE Column stats: COMPLETE
+                Statistics: Num rows: 2166 Data size: 1204460 Basic stats: COMPLETE Column stats: COMPLETE
                 Reduce Output Operator
                   key expressions: _col2 (type: int)
                   sort order: +
-                  Statistics: Num rows: 2166 Data size: 1342920 Basic stats: COMPLETE Column stats: COMPLETE
+                  Statistics: Num rows: 2166 Data size: 1204460 Basic stats: COMPLETE Column stats: COMPLETE
                   value expressions: _col0 (type: tinyint), _col1 (type: smallint), _col3 (type: bigint), _col4 (type: float), _col5 (type: double), _col6 (type: string), _col7 (type: string), _col8 (type: timestamp), _col9 (type: timestamp), _col10 (type: boolean), _col11 (type: boolean), _col12 (type: tinyint), _col13 (type: smallint), _col14 (type: int), _col15 (type: bigint), _col16 (type: float), _col17 (type: double), _col18 (type: string), _col19 (type: string), _col20 (type: timestamp), _col21 (type: timestamp), _col22 (type: boolean), _col23 (type: boolean)
         Reducer 3 
             Execution mode: llap
@@ -89,10 +89,10 @@ STAGE PLANS:
               Select Operator
                 expressions: VALUE._col0 (type: tinyint), VALUE._col1 (type: smallint), KEY.reducesinkkey0 (type: int), VALUE._col2 (type: bigint), VALUE._col3 (type: float), VALUE._col4 (type: double), VALUE._col5 (type: string), VALUE._col6 (type: string), VALUE._col7 (type: timestamp), VALUE._col8 (type: timestamp), VALUE._col9 (type: boolean), VALUE._col10 (type: boolean), VALUE._col11 (type: tinyint), VALUE._col12 (type: smallint), VALUE._col13 (type: int), VALUE._col14 (type: bigint), VALUE._col15 (type: float), VALUE._col16 (type: double), VALUE._col17 (type: string), VALUE._col18 (type: string), VALUE._col19 (type: timestamp), VALUE._col20 (type: timestamp), VALUE._col21 (type: boolean), VALUE._col22 (type: boolean)
                 outputColumnNames: _col0, _col1, _col2, _col3, _col4, _col5, _col6, _col7, _col8, _col9, _col10, _col11, _col12, _col13, _col14, _col15, _col16, _col17, _col18, _col19, _col20, _col21, _col22, _col23
-                Statistics: Num rows: 2166 Data size: 1342920 Basic stats: COMPLETE Column stats: COMPLETE
+                Statistics: Num rows: 2166 Data size: 1204460 Basic stats: COMPLETE Column stats: COMPLETE
                 File Output Operator
                   compressed: false
-                  Statistics: Num rows: 2166 Data size: 1342920 Basic stats: COMPLETE Column stats: COMPLETE
+                  Statistics: Num rows: 2166 Data size: 1204460 Basic stats: COMPLETE Column stats: COMPLETE
                   table:
                       input format: org.apache.hadoop.mapred.SequenceFileInputFormat
                       output format: org.apache.hadoop.hive.ql.io.HiveSequenceFileOutputFormat
@@ -336,18 +336,18 @@ STAGE PLANS:
                   0 _col1 (type: int)
                   1 _col0 (type: int)
                 outputColumnNames: _col0
-                Statistics: Num rows: 2166 Data size: 8664 Basic stats: COMPLETE Column stats: COMPLETE
+                Statistics: Num rows: 2166 Data size: 7284 Basic stats: COMPLETE Column stats: COMPLETE
                 Group By Operator
                   aggregations: count()
                   keys: _col0 (type: smallint)
                   mode: hash
                   outputColumnNames: _col0, _col1
-                  Statistics: Num rows: 615 Data size: 7380 Basic stats: COMPLETE Column stats: COMPLETE
+                  Statistics: Num rows: 616 Data size: 7004 Basic stats: COMPLETE Column stats: COMPLETE
                   Reduce Output Operator
                     key expressions: _col0 (type: smallint)
                     sort order: +
                     Map-reduce partition columns: _col0 (type: smallint)
-                    Statistics: Num rows: 615 Data size: 7380 Basic stats: COMPLETE Column stats: COMPLETE
+                    Statistics: Num rows: 616 Data size: 7004 Basic stats: COMPLETE Column stats: COMPLETE
                     value expressions: _col1 (type: bigint)
         Reducer 3 
             Execution mode: llap
@@ -357,11 +357,11 @@ STAGE PLANS:
                 keys: KEY._col0 (type: smallint)
                 mode: mergepartial
                 outputColumnNames: _col0, _col1
-                Statistics: Num rows: 615 Data size: 7380 Basic stats: COMPLETE Column stats: COMPLETE
+                Statistics: Num rows: 616 Data size: 7004 Basic stats: COMPLETE Column stats: COMPLETE
                 Reduce Output Operator
                   key expressions: _col1 (type: bigint)
                   sort order: +
-                  Statistics: Num rows: 615 Data size: 7380 Basic stats: COMPLETE Column stats: COMPLETE
+                  Statistics: Num rows: 616 Data size: 7004 Basic stats: COMPLETE Column stats: COMPLETE
                   value expressions: _col0 (type: smallint)
         Reducer 4 
             Execution mode: llap
@@ -369,10 +369,10 @@ STAGE PLANS:
               Select Operator
                 expressions: VALUE._col0 (type: smallint), KEY.reducesinkkey0 (type: bigint)
                 outputColumnNames: _col0, _col1
-                Statistics: Num rows: 615 Data size: 7380 Basic stats: COMPLETE Column stats: COMPLETE
+                Statistics: Num rows: 616 Data size: 7004 Basic stats: COMPLETE Column stats: COMPLETE
                 File Output Operator
                   compressed: false
-                  Statistics: Num rows: 615 Data size: 7380 Basic stats: COMPLETE Column stats: COMPLETE
+                  Statistics: Num rows: 616 Data size: 7004 Basic stats: COMPLETE Column stats: COMPLETE
                   table:
                       input format: org.apache.hadoop.mapred.SequenceFileInputFormat
                       output format: org.apache.hadoop.hive.ql.io.HiveSequenceFileOutputFormat
diff --git a/ql/src/test/results/clientpositive/llap/tez_vector_dynpart_hashjoin_2.q.out b/ql/src/test/results/clientpositive/llap/tez_vector_dynpart_hashjoin_2.q.out
index 6eba119ca0..f7c694bf84 100644
--- a/ql/src/test/results/clientpositive/llap/tez_vector_dynpart_hashjoin_2.q.out
+++ b/ql/src/test/results/clientpositive/llap/tez_vector_dynpart_hashjoin_2.q.out
@@ -105,11 +105,11 @@ STAGE PLANS:
                   1 UDFToInteger(_col0) (type: int)
                   2 (UDFToInteger(_col0) + 0) (type: int)
                 outputColumnNames: _col0, _col1, _col2, _col3, _col4, _col5, _col6, _col7, _col8, _col9, _col10, _col11
-                Statistics: Num rows: 2710 Data size: 840100 Basic stats: COMPLETE Column stats: COMPLETE
+                Statistics: Num rows: 2710 Data size: 601590 Basic stats: COMPLETE Column stats: COMPLETE
                 Reduce Output Operator
                   key expressions: _col1 (type: smallint), _col0 (type: tinyint), _col2 (type: int)
                   sort order: +++
-                  Statistics: Num rows: 2710 Data size: 840100 Basic stats: COMPLETE Column stats: COMPLETE
+                  Statistics: Num rows: 2710 Data size: 601590 Basic stats: COMPLETE Column stats: COMPLETE
                   value expressions: _col3 (type: bigint), _col4 (type: float), _col5 (type: double), _col6 (type: string), _col7 (type: string), _col8 (type: timestamp), _col9 (type: timestamp), _col10 (type: boolean), _col11 (type: boolean)
         Reducer 3 
             Execution mode: llap
@@ -117,10 +117,10 @@ STAGE PLANS:
               Select Operator
                 expressions: KEY.reducesinkkey1 (type: tinyint), KEY.reducesinkkey0 (type: smallint), KEY.reducesinkkey2 (type: int), VALUE._col0 (type: bigint), VALUE._col1 (type: float), VALUE._col2 (type: double), VALUE._col3 (type: string), VALUE._col4 (type: string), VALUE._col5 (type: timestamp), VALUE._col6 (type: timestamp), VALUE._col7 (type: boolean), VALUE._col8 (type: boolean)
                 outputColumnNames: _col0, _col1, _col2, _col3, _col4, _col5, _col6, _col7, _col8, _col9, _col10, _col11
-                Statistics: Num rows: 2710 Data size: 840100 Basic stats: COMPLETE Column stats: COMPLETE
+                Statistics: Num rows: 2710 Data size: 601590 Basic stats: COMPLETE Column stats: COMPLETE
                 File Output Operator
                   compressed: false
-                  Statistics: Num rows: 2710 Data size: 840100 Basic stats: COMPLETE Column stats: COMPLETE
+                  Statistics: Num rows: 2710 Data size: 601590 Basic stats: COMPLETE Column stats: COMPLETE
                   table:
                       input format: org.apache.hadoop.mapred.SequenceFileInputFormat
                       output format: org.apache.hadoop.hive.ql.io.HiveSequenceFileOutputFormat
@@ -296,11 +296,11 @@ STAGE PLANS:
                   1 UDFToInteger(_col0) (type: int)
                   2 (UDFToInteger(_col0) + 0) (type: int)
                 outputColumnNames: _col0, _col1, _col2, _col3, _col4, _col5, _col6, _col7, _col8, _col9, _col10, _col11
-                Statistics: Num rows: 2710 Data size: 840100 Basic stats: COMPLETE Column stats: COMPLETE
+                Statistics: Num rows: 2710 Data size: 601590 Basic stats: COMPLETE Column stats: COMPLETE
                 Reduce Output Operator
                   key expressions: _col1 (type: smallint), _col0 (type: tinyint), _col2 (type: int)
                   sort order: +++
-                  Statistics: Num rows: 2710 Data size: 840100 Basic stats: COMPLETE Column stats: COMPLETE
+                  Statistics: Num rows: 2710 Data size: 601590 Basic stats: COMPLETE Column stats: COMPLETE
                   value expressions: _col3 (type: bigint), _col4 (type: float), _col5 (type: double), _col6 (type: string), _col7 (type: string), _col8 (type: timestamp), _col9 (type: timestamp), _col10 (type: boolean), _col11 (type: boolean)
         Reducer 3 
             Execution mode: vectorized, llap
@@ -308,10 +308,10 @@ STAGE PLANS:
               Select Operator
                 expressions: KEY.reducesinkkey1 (type: tinyint), KEY.reducesinkkey0 (type: smallint), KEY.reducesinkkey2 (type: int), VALUE._col0 (type: bigint), VALUE._col1 (type: float), VALUE._col2 (type: double), VALUE._col3 (type: string), VALUE._col4 (type: string), VALUE._col5 (type: timestamp), VALUE._col6 (type: timestamp), VALUE._col7 (type: boolean), VALUE._col8 (type: boolean)
                 outputColumnNames: _col0, _col1, _col2, _col3, _col4, _col5, _col6, _col7, _col8, _col9, _col10, _col11
-                Statistics: Num rows: 2710 Data size: 840100 Basic stats: COMPLETE Column stats: COMPLETE
+                Statistics: Num rows: 2710 Data size: 601590 Basic stats: COMPLETE Column stats: COMPLETE
                 File Output Operator
                   compressed: false
-                  Statistics: Num rows: 2710 Data size: 840100 Basic stats: COMPLETE Column stats: COMPLETE
+                  Statistics: Num rows: 2710 Data size: 601590 Basic stats: COMPLETE Column stats: COMPLETE
                   table:
                       input format: org.apache.hadoop.mapred.SequenceFileInputFormat
                       output format: org.apache.hadoop.hive.ql.io.HiveSequenceFileOutputFormat
@@ -487,11 +487,11 @@ STAGE PLANS:
                   1 UDFToInteger(_col0) (type: int)
                   2 (UDFToInteger(_col0) + 0) (type: int)
                 outputColumnNames: _col0, _col1, _col2, _col3, _col4, _col5, _col6, _col7, _col8, _col9, _col10, _col11
-                Statistics: Num rows: 2710 Data size: 840100 Basic stats: COMPLETE Column stats: COMPLETE
+                Statistics: Num rows: 2710 Data size: 601590 Basic stats: COMPLETE Column stats: COMPLETE
                 Reduce Output Operator
                   key expressions: _col1 (type: smallint), _col0 (type: tinyint), _col2 (type: int)
                   sort order: +++
-                  Statistics: Num rows: 2710 Data size: 840100 Basic stats: COMPLETE Column stats: COMPLETE
+                  Statistics: Num rows: 2710 Data size: 601590 Basic stats: COMPLETE Column stats: COMPLETE
                   value expressions: _col3 (type: bigint), _col4 (type: float), _col5 (type: double), _col6 (type: string), _col7 (type: string), _col8 (type: timestamp), _col9 (type: timestamp), _col10 (type: boolean), _col11 (type: boolean)
         Reducer 3 
             Execution mode: vectorized, llap
@@ -499,10 +499,10 @@ STAGE PLANS:
               Select Operator
                 expressions: KEY.reducesinkkey1 (type: tinyint), KEY.reducesinkkey0 (type: smallint), KEY.reducesinkkey2 (type: int), VALUE._col0 (type: bigint), VALUE._col1 (type: float), VALUE._col2 (type: double), VALUE._col3 (type: string), VALUE._col4 (type: string), VALUE._col5 (type: timestamp), VALUE._col6 (type: timestamp), VALUE._col7 (type: boolean), VALUE._col8 (type: boolean)
                 outputColumnNames: _col0, _col1, _col2, _col3, _col4, _col5, _col6, _col7, _col8, _col9, _col10, _col11
-                Statistics: Num rows: 2710 Data size: 840100 Basic stats: COMPLETE Column stats: COMPLETE
+                Statistics: Num rows: 2710 Data size: 601590 Basic stats: COMPLETE Column stats: COMPLETE
                 File Output Operator
                   compressed: false
-                  Statistics: Num rows: 2710 Data size: 840100 Basic stats: COMPLETE Column stats: COMPLETE
+                  Statistics: Num rows: 2710 Data size: 601590 Basic stats: COMPLETE Column stats: COMPLETE
                   table:
                       input format: org.apache.hadoop.mapred.SequenceFileInputFormat
                       output format: org.apache.hadoop.hive.ql.io.HiveSequenceFileOutputFormat
diff --git a/ql/src/test/results/clientpositive/llap/vector_left_outer_join.q.out b/ql/src/test/results/clientpositive/llap/vector_left_outer_join.q.out
index 82111bb27f..6118c73c2b 100644
--- a/ql/src/test/results/clientpositive/llap/vector_left_outer_join.q.out
+++ b/ql/src/test/results/clientpositive/llap/vector_left_outer_join.q.out
@@ -51,7 +51,7 @@ STAGE PLANS:
                       outputColumnNames: _col0
                       input vertices:
                         1 Map 3
-                      Statistics: Num rows: 26150 Data size: 104600 Basic stats: COMPLETE Column stats: COMPLETE
+                      Statistics: Num rows: 26150 Data size: 92144 Basic stats: COMPLETE Column stats: COMPLETE
                       Map Join Operator
                         condition map:
                              Left Outer Join 0 to 1
diff --git a/ql/src/test/results/clientpositive/llap/vector_outer_join1.q.out b/ql/src/test/results/clientpositive/llap/vector_outer_join1.q.out
index f64e7393d9..d95604d722 100644
--- a/ql/src/test/results/clientpositive/llap/vector_outer_join1.q.out
+++ b/ql/src/test/results/clientpositive/llap/vector_outer_join1.q.out
@@ -279,13 +279,13 @@ STAGE PLANS:
                       outputColumnNames: _col0, _col1, _col2, _col3, _col4, _col5, _col6, _col7, _col8, _col9, _col10, _col11, _col12, _col13, _col14, _col15, _col16, _col17, _col18, _col19, _col20, _col21, _col22, _col23
                       input vertices:
                         1 Map 2
-                      Statistics: Num rows: 32 Data size: 19648 Basic stats: COMPLETE Column stats: COMPLETE
+                      Statistics: Num rows: 32 Data size: 17832 Basic stats: COMPLETE Column stats: COMPLETE
                       File Output Operator
                         compressed: false
                         File Sink Vectorization:
                             className: VectorFileSinkOperator
                             native: false
-                        Statistics: Num rows: 32 Data size: 19648 Basic stats: COMPLETE Column stats: COMPLETE
+                        Statistics: Num rows: 32 Data size: 17832 Basic stats: COMPLETE Column stats: COMPLETE
                         table:
                             input format: org.apache.hadoop.mapred.SequenceFileInputFormat
                             output format: org.apache.hadoop.hive.ql.io.HiveSequenceFileOutputFormat
@@ -450,13 +450,13 @@ STAGE PLANS:
                       outputColumnNames: _col0
                       input vertices:
                         1 Map 2
-                      Statistics: Num rows: 112 Data size: 448 Basic stats: COMPLETE Column stats: COMPLETE
+                      Statistics: Num rows: 112 Data size: 432 Basic stats: COMPLETE Column stats: COMPLETE
                       File Output Operator
                         compressed: false
                         File Sink Vectorization:
                             className: VectorFileSinkOperator
                             native: false
-                        Statistics: Num rows: 112 Data size: 448 Basic stats: COMPLETE Column stats: COMPLETE
+                        Statistics: Num rows: 112 Data size: 432 Basic stats: COMPLETE Column stats: COMPLETE
                         table:
                             input format: org.apache.hadoop.mapred.SequenceFileInputFormat
                             output format: org.apache.hadoop.hive.ql.io.HiveSequenceFileOutputFormat
@@ -712,7 +712,7 @@ STAGE PLANS:
                       outputColumnNames: _col0
                       input vertices:
                         1 Map 3
-                      Statistics: Num rows: 32 Data size: 128 Basic stats: COMPLETE Column stats: COMPLETE
+                      Statistics: Num rows: 32 Data size: 112 Basic stats: COMPLETE Column stats: COMPLETE
                       Map Join Operator
                         condition map:
                              Left Outer Join 0 to 1
@@ -730,7 +730,7 @@ STAGE PLANS:
                         outputColumnNames: _col0
                         input vertices:
                           1 Map 4
-                        Statistics: Num rows: 240 Data size: 960 Basic stats: COMPLETE Column stats: COMPLETE
+                        Statistics: Num rows: 240 Data size: 944 Basic stats: COMPLETE Column stats: COMPLETE
                         Group By Operator
                           aggregations: count(), sum(_col0)
                           Group By Vectorization:
diff --git a/ql/src/test/results/clientpositive/llap/vector_outer_join2.q.out b/ql/src/test/results/clientpositive/llap/vector_outer_join2.q.out
index c24a2d0e6e..16de760424 100644
--- a/ql/src/test/results/clientpositive/llap/vector_outer_join2.q.out
+++ b/ql/src/test/results/clientpositive/llap/vector_outer_join2.q.out
@@ -294,7 +294,7 @@ STAGE PLANS:
                       outputColumnNames: _col1
                       input vertices:
                         1 Map 3
-                      Statistics: Num rows: 57 Data size: 456 Basic stats: COMPLETE Column stats: COMPLETE
+                      Statistics: Num rows: 57 Data size: 384 Basic stats: COMPLETE Column stats: COMPLETE
                       Map Join Operator
                         condition map:
                              Left Outer Join 0 to 1
@@ -312,7 +312,7 @@ STAGE PLANS:
                         outputColumnNames: _col1
                         input vertices:
                           1 Map 4
-                        Statistics: Num rows: 162 Data size: 1296 Basic stats: COMPLETE Column stats: COMPLETE
+                        Statistics: Num rows: 162 Data size: 1224 Basic stats: COMPLETE Column stats: COMPLETE
                         Group By Operator
                           aggregations: count(), sum(_col1)
                           Group By Vectorization:
diff --git a/ql/src/test/results/clientpositive/llap/vectorized_mapjoin.q.out b/ql/src/test/results/clientpositive/llap/vectorized_mapjoin.q.out
index e56800ad40..8160bc7c44 100644
--- a/ql/src/test/results/clientpositive/llap/vectorized_mapjoin.q.out
+++ b/ql/src/test/results/clientpositive/llap/vectorized_mapjoin.q.out
@@ -59,7 +59,7 @@ STAGE PLANS:
                         outputColumnNames: _col0, _col1
                         input vertices:
                           1 Map 3
-                        Statistics: Num rows: 19518 Data size: 156144 Basic stats: COMPLETE Column stats: COMPLETE
+                        Statistics: Num rows: 19518 Data size: 137552 Basic stats: COMPLETE Column stats: COMPLETE
                         Select Operator
                           expressions: _col0 (type: int), _col1 (type: int), (_col0 + _col1) (type: int)
                           outputColumnNames: _col0, _col1, _col2
@@ -68,7 +68,7 @@ STAGE PLANS:
                               native: true
                               projectedOutputColumns: [2, 2, 12]
                               selectExpressions: LongColAddLongColumn(col 2, col 2) -> 12:long
-                          Statistics: Num rows: 19518 Data size: 156144 Basic stats: COMPLETE Column stats: COMPLETE
+                          Statistics: Num rows: 19518 Data size: 137552 Basic stats: COMPLETE Column stats: COMPLETE
                           Group By Operator
                             aggregations: count(_col0), max(_col1), min(_col0), avg(_col2)
                             Group By Vectorization:
diff --git a/ql/src/test/results/clientpositive/llap/vectorized_nested_mapjoin.q.out b/ql/src/test/results/clientpositive/llap/vectorized_nested_mapjoin.q.out
index ed28530eec..28a8340a9c 100644
--- a/ql/src/test/results/clientpositive/llap/vectorized_nested_mapjoin.q.out
+++ b/ql/src/test/results/clientpositive/llap/vectorized_nested_mapjoin.q.out
@@ -40,11 +40,11 @@ STAGE PLANS:
                         outputColumnNames: _col2, _col3
                         input vertices:
                           1 Map 3
-                        Statistics: Num rows: 884742 Data size: 10616904 Basic stats: COMPLETE Column stats: COMPLETE
+                        Statistics: Num rows: 884742 Data size: 10596096 Basic stats: COMPLETE Column stats: COMPLETE
                         Select Operator
                           expressions: _col2 (type: smallint), _col3 (type: double)
                           outputColumnNames: _col0, _col1
-                          Statistics: Num rows: 884742 Data size: 10616904 Basic stats: COMPLETE Column stats: COMPLETE
+                          Statistics: Num rows: 884742 Data size: 10596096 Basic stats: COMPLETE Column stats: COMPLETE
                           Map Join Operator
                             condition map:
                                  Inner Join 0 to 1
@@ -54,7 +54,7 @@ STAGE PLANS:
                             outputColumnNames: _col1
                             input vertices:
                               1 Map 4
-                            Statistics: Num rows: 1966236 Data size: 15729888 Basic stats: COMPLETE Column stats: COMPLETE
+                            Statistics: Num rows: 1966236 Data size: 15716016 Basic stats: COMPLETE Column stats: COMPLETE
                             Group By Operator
                               aggregations: sum(_col1)
                               mode: hash
diff --git a/ql/src/test/results/clientpositive/llap/vectorized_shufflejoin.q.out b/ql/src/test/results/clientpositive/llap/vectorized_shufflejoin.q.out
index a750d9fd01..73ab9fca82 100644
--- a/ql/src/test/results/clientpositive/llap/vectorized_shufflejoin.q.out
+++ b/ql/src/test/results/clientpositive/llap/vectorized_shufflejoin.q.out
@@ -118,11 +118,11 @@ STAGE PLANS:
                   0 _col0 (type: int)
                   1 _col0 (type: int)
                 outputColumnNames: _col0, _col1
-                Statistics: Num rows: 19518 Data size: 156144 Basic stats: COMPLETE Column stats: COMPLETE
+                Statistics: Num rows: 19518 Data size: 137552 Basic stats: COMPLETE Column stats: COMPLETE
                 Select Operator
                   expressions: _col0 (type: int), _col1 (type: int), (_col0 + _col1) (type: int)
                   outputColumnNames: _col0, _col1, _col2
-                  Statistics: Num rows: 19518 Data size: 156144 Basic stats: COMPLETE Column stats: COMPLETE
+                  Statistics: Num rows: 19518 Data size: 137552 Basic stats: COMPLETE Column stats: COMPLETE
                   Group By Operator
                     aggregations: count(_col0), max(_col1), min(_col0), avg(_col2)
                     Group By Vectorization:
diff --git a/ql/src/test/results/clientpositive/llap/windowing_gby.q.out b/ql/src/test/results/clientpositive/llap/windowing_gby.q.out
index 945f8e0caf..2c47b8b2a6 100644
--- a/ql/src/test/results/clientpositive/llap/windowing_gby.q.out
+++ b/ql/src/test/results/clientpositive/llap/windowing_gby.q.out
@@ -39,9 +39,9 @@ Stage-0
                   <-Reducer 2 [SIMPLE_EDGE] llap
                     SHUFFLE [RS_11]
                       PartitionCols:_col0
-                      Group By Operator [GBY_10] (rows=2 width=20)
+                      Group By Operator [GBY_10] (rows=3 width=20)
                         Output:["_col0","_col1","_col2"],aggregations:["sum(_col3)","sum(_col1)"],keys:_col2
-                        Merge Join Operator [MERGEJOIN_24] (rows=29 width=12)
+                        Merge Join Operator [MERGEJOIN_24] (rows=29 width=7)
                           Conds:RS_6._col0=RS_7._col1(Inner),Output:["_col1","_col2","_col3"]
                         <-Map 1 [SIMPLE_EDGE] llap
                           SHUFFLE [RS_6]
diff --git a/ql/src/test/results/clientpositive/perf/query14.q.out b/ql/src/test/results/clientpositive/perf/query14.q.out
index 42bad8da14..37156ec9e4 100644
--- a/ql/src/test/results/clientpositive/perf/query14.q.out
+++ b/ql/src/test/results/clientpositive/perf/query14.q.out
@@ -1,5 +1,5 @@
-Warning: Shuffle Join MERGEJOIN[891][tables = [$hdt$_1, $hdt$_2, $hdt$_0]] in Stage 'Reducer 12' is a cross product
 Warning: Shuffle Join MERGEJOIN[890][tables = [$hdt$_1, $hdt$_2, $hdt$_0]] in Stage 'Reducer 5' is a cross product
+Warning: Shuffle Join MERGEJOIN[891][tables = [$hdt$_1, $hdt$_2, $hdt$_0]] in Stage 'Reducer 12' is a cross product
 Warning: Shuffle Join MERGEJOIN[892][tables = [$hdt$_2, $hdt$_3, $hdt$_1]] in Stage 'Reducer 16' is a cross product
 PREHOOK: query: explain
 with  cross_items as
diff --git a/ql/src/test/results/clientpositive/spark/annotate_stats_join.q.out b/ql/src/test/results/clientpositive/spark/annotate_stats_join.q.out
index d09bc52155..519e155afe 100644
--- a/ql/src/test/results/clientpositive/spark/annotate_stats_join.q.out
+++ b/ql/src/test/results/clientpositive/spark/annotate_stats_join.q.out
@@ -752,10 +752,10 @@ STAGE PLANS:
                   0 _col0 (type: string), _col1 (type: int)
                   1 _col1 (type: string), _col0 (type: int)
                 outputColumnNames: _col0, _col1, _col2, _col3, _col4
-                Statistics: Num rows: 48 Data size: 9312 Basic stats: COMPLETE Column stats: COMPLETE
+                Statistics: Num rows: 48 Data size: 5417 Basic stats: COMPLETE Column stats: COMPLETE
                 File Output Operator
                   compressed: false
-                  Statistics: Num rows: 48 Data size: 9312 Basic stats: COMPLETE Column stats: COMPLETE
+                  Statistics: Num rows: 48 Data size: 5417 Basic stats: COMPLETE Column stats: COMPLETE
                   table:
                       input format: org.apache.hadoop.mapred.SequenceFileInputFormat
                       output format: org.apache.hadoop.hive.ql.io.HiveSequenceFileOutputFormat
@@ -967,10 +967,10 @@ STAGE PLANS:
                   0 _col0 (type: string), _col1 (type: int)
                   1 _col1 (type: string), _col0 (type: int)
                 outputColumnNames: _col0, _col1, _col2, _col3, _col4
-                Statistics: Num rows: 54 Data size: 10476 Basic stats: COMPLETE Column stats: COMPLETE
+                Statistics: Num rows: 54 Data size: 1358 Basic stats: COMPLETE Column stats: COMPLETE
                 File Output Operator
                   compressed: false
-                  Statistics: Num rows: 54 Data size: 10476 Basic stats: COMPLETE Column stats: COMPLETE
+                  Statistics: Num rows: 54 Data size: 1358 Basic stats: COMPLETE Column stats: COMPLETE
                   table:
                       input format: org.apache.hadoop.mapred.SequenceFileInputFormat
                       output format: org.apache.hadoop.hive.ql.io.HiveSequenceFileOutputFormat
diff --git a/ql/src/test/results/clientpositive/tez/explainanalyze_4.q.out b/ql/src/test/results/clientpositive/tez/explainanalyze_4.q.out
index 14535f63da..9fbe8c5263 100644
--- a/ql/src/test/results/clientpositive/tez/explainanalyze_4.q.out
+++ b/ql/src/test/results/clientpositive/tez/explainanalyze_4.q.out
@@ -44,11 +44,11 @@ Stage-0
     Stage-1
       Reducer 3
       File Output Operator [FS_12]
-        Select Operator [SEL_11] (rows=2166/10 width=620)
+        Select Operator [SEL_11] (rows=2166/10 width=556)
           Output:["_col0","_col1","_col2","_col3","_col4","_col5","_col6","_col7","_col8","_col9","_col10","_col11","_col12","_col13","_col14","_col15","_col16","_col17","_col18","_col19","_col20","_col21","_col22","_col23"]
         <-Reducer 2 [SIMPLE_EDGE]
           SHUFFLE [RS_10]
-            Merge Join Operator [MERGEJOIN_17] (rows=2166/10 width=620)
+            Merge Join Operator [MERGEJOIN_17] (rows=2166/10 width=556)
               Conds:RS_6._col2=RS_7._col2(Inner),Output:["_col0","_col1","_col2","_col3","_col4","_col5","_col6","_col7","_col8","_col9","_col10","_col11","_col12","_col13","_col14","_col15","_col16","_col17","_col18","_col19","_col20","_col21","_col22","_col23"]
             <-Map 1 [SIMPLE_EDGE]
               SHUFFLE [RS_6]
@@ -232,16 +232,16 @@ Stage-0
     Stage-1
       Reducer 4
       File Output Operator [FS_15]
-        Select Operator [SEL_14] (rows=615/5 width=12)
+        Select Operator [SEL_14] (rows=616/5 width=11)
           Output:["_col0","_col1"]
         <-Reducer 3 [SIMPLE_EDGE]
           SHUFFLE [RS_13]
-            Group By Operator [GBY_11] (rows=615/5 width=12)
+            Group By Operator [GBY_11] (rows=616/5 width=11)
               Output:["_col0","_col1"],aggregations:["count()"],keys:KEY._col0
             <-Reducer 2 [SIMPLE_EDGE]
               SHUFFLE [RS_10]
                 PartitionCols:_col0
-                Merge Join Operator [MERGEJOIN_20] (rows=2166/10 width=4)
+                Merge Join Operator [MERGEJOIN_20] (rows=2166/10 width=3)
                   Conds:RS_6._col1=RS_7._col0(Inner),Output:["_col0"]
                 <-Map 1 [SIMPLE_EDGE]
                   SHUFFLE [RS_6]
