diff --git a/hbase-handler/src/test/results/positive/hbase_custom_key2.q.out b/hbase-handler/src/test/results/positive/hbase_custom_key2.q.out
index b1258e3a90..5d381e773a 100644
--- a/hbase-handler/src/test/results/positive/hbase_custom_key2.q.out
+++ b/hbase-handler/src/test/results/positive/hbase_custom_key2.q.out
@@ -104,7 +104,7 @@ STAGE PLANS:
           filterExpr: ((key.col1 >= '165') and (key.col1 < '27')) (type: boolean)
           Statistics: Num rows: 1 Data size: 0 Basic stats: PARTIAL Column stats: NONE
           Filter Operator
-            predicate: ((key.col1 >= '165') and (key.col1 < '27')) (type: boolean)
+            predicate: ((key.col1 < '27') and (key.col1 >= '165')) (type: boolean)
             Statistics: Num rows: 1 Data size: 0 Basic stats: PARTIAL Column stats: NONE
             Select Operator
               expressions: key (type: struct<col1:string,col2:string,col3:string>), value (type: string)
diff --git a/hbase-handler/src/test/results/positive/hbase_custom_key3.q.out b/hbase-handler/src/test/results/positive/hbase_custom_key3.q.out
index b573d4ba1f..60721cbe47 100644
--- a/hbase-handler/src/test/results/positive/hbase_custom_key3.q.out
+++ b/hbase-handler/src/test/results/positive/hbase_custom_key3.q.out
@@ -103,7 +103,7 @@ STAGE PLANS:
           alias: hbase_ck_5
           Statistics: Num rows: 1 Data size: 0 Basic stats: PARTIAL Column stats: NONE
           Filter Operator
-            predicate: ((key.col1 >= '165') and (key.col1 < '27')) (type: boolean)
+            predicate: ((key.col1 < '27') and (key.col1 >= '165')) (type: boolean)
             Statistics: Num rows: 1 Data size: 0 Basic stats: PARTIAL Column stats: NONE
             Select Operator
               expressions: key (type: struct<col1:string,col2:string,col3:string>), value (type: string)
diff --git a/hbase-handler/src/test/results/positive/hbase_ppd_key_range.q.out b/hbase-handler/src/test/results/positive/hbase_ppd_key_range.q.out
index d3c4a99fa1..87a01aab81 100644
--- a/hbase-handler/src/test/results/positive/hbase_ppd_key_range.q.out
+++ b/hbase-handler/src/test/results/positive/hbase_ppd_key_range.q.out
@@ -266,7 +266,7 @@ STAGE PLANS:
             filterExpr: (key >= '90') (type: boolean)
             Statistics: Num rows: 1 Data size: 0 Basic stats: PARTIAL Column stats: NONE
             Filter Operator
-              predicate: ((value like '%9%') and (UDFToDouble(key) = UDFToDouble(UDFToInteger(value)))) (type: boolean)
+              predicate: ((UDFToDouble(key) = UDFToDouble(UDFToInteger(value))) and (value like '%9%')) (type: boolean)
               Statistics: Num rows: 1 Data size: 0 Basic stats: PARTIAL Column stats: NONE
               Select Operator
                 expressions: key (type: string), value (type: string)
diff --git a/hbase-handler/src/test/results/positive/hbase_pushdown.q.out b/hbase-handler/src/test/results/positive/hbase_pushdown.q.out
index 5fac123f25..f99ff2979d 100644
--- a/hbase-handler/src/test/results/positive/hbase_pushdown.q.out
+++ b/hbase-handler/src/test/results/positive/hbase_pushdown.q.out
@@ -164,7 +164,7 @@ STAGE PLANS:
             filterExpr: (key = 90) (type: boolean)
             Statistics: Num rows: 1 Data size: 0 Basic stats: PARTIAL Column stats: NONE
             Filter Operator
-              predicate: ((value like '%90%') and (key = UDFToInteger(value))) (type: boolean)
+              predicate: ((key = UDFToInteger(value)) and (value like '%90%')) (type: boolean)
               Statistics: Num rows: 1 Data size: 0 Basic stats: PARTIAL Column stats: NONE
               Select Operator
                 expressions: 90 (type: int), value (type: string)
diff --git a/hbase-handler/src/test/results/positive/hbase_queries.q.out b/hbase-handler/src/test/results/positive/hbase_queries.q.out
index 43a5a257c7..b2eda12e95 100644
--- a/hbase-handler/src/test/results/positive/hbase_queries.q.out
+++ b/hbase-handler/src/test/results/positive/hbase_queries.q.out
@@ -306,7 +306,7 @@ STAGE PLANS:
             alias: hbase_table_2
             Statistics: Num rows: 1 Data size: 0 Basic stats: PARTIAL Column stats: NONE
             Filter Operator
-              predicate: ((key < 120) and (100 < key)) (type: boolean)
+              predicate: ((100 < key) and (key < 120)) (type: boolean)
               Statistics: Num rows: 1 Data size: 0 Basic stats: PARTIAL Column stats: NONE
               Select Operator
                 expressions: key (type: int), value (type: string)
diff --git a/hbase-handler/src/test/results/positive/hbase_single_sourced_multi_insert.q.out b/hbase-handler/src/test/results/positive/hbase_single_sourced_multi_insert.q.out
index 68a417d0c1..e8927e9d64 100644
--- a/hbase-handler/src/test/results/positive/hbase_single_sourced_multi_insert.q.out
+++ b/hbase-handler/src/test/results/positive/hbase_single_sourced_multi_insert.q.out
@@ -69,7 +69,7 @@ STAGE PLANS:
             alias: a
             Statistics: Num rows: 500 Data size: 5312 Basic stats: COMPLETE Column stats: NONE
             Filter Operator
-              predicate: ((key > 0) and (key < 50)) (type: boolean)
+              predicate: ((key < 50) and (key > 0)) (type: boolean)
               Statistics: Num rows: 55 Data size: 584 Basic stats: COMPLETE Column stats: NONE
               Select Operator
                 expressions: key (type: string), '' (type: string)
@@ -84,7 +84,7 @@ STAGE PLANS:
                       serde: org.apache.hadoop.hive.serde2.lazy.LazySimpleSerDe
                       name: default.src_x1
             Filter Operator
-              predicate: ((key > 50) and (key < 100)) (type: boolean)
+              predicate: ((key < 100) and (key > 50)) (type: boolean)
               Statistics: Num rows: 55 Data size: 584 Basic stats: COMPLETE Column stats: NONE
               Select Operator
                 expressions: value (type: string), '' (type: string)
diff --git a/ql/src/java/org/apache/hadoop/hive/ql/exec/ExplainTask.java b/ql/src/java/org/apache/hadoop/hive/ql/exec/ExplainTask.java
index 2dc681ede1..c25a7836f0 100644
--- a/ql/src/java/org/apache/hadoop/hive/ql/exec/ExplainTask.java
+++ b/ql/src/java/org/apache/hadoop/hive/ql/exec/ExplainTask.java
@@ -20,8 +20,6 @@
 
 import static org.apache.hadoop.hive.serde.serdeConstants.STRING_TYPE_NAME;
 
-import org.apache.commons.lang3.tuple.ImmutablePair;
-
 import java.io.OutputStream;
 import java.io.PrintStream;
 import java.io.Serializable;
@@ -32,74 +30,40 @@
 import java.util.Arrays;
 import java.util.Collection;
 import java.util.Comparator;
-import java.util.HashMap;
 import java.util.HashSet;
 import java.util.LinkedHashMap;
 import java.util.List;
 import java.util.Map;
-import java.util.Stack;
 import java.util.Map.Entry;
 import java.util.Set;
 import java.util.TreeMap;
 
-import com.google.common.annotations.VisibleForTesting;
+import org.apache.commons.lang3.tuple.ImmutablePair;
 import org.apache.hadoop.fs.Path;
-import org.apache.hadoop.hive.common.ObjectPair;
 import org.apache.hadoop.hive.common.jsonexplain.JsonParser;
 import org.apache.hadoop.hive.common.jsonexplain.JsonParserFactory;
 import org.apache.hadoop.hive.conf.HiveConf;
-import org.apache.hadoop.hive.conf.Validator.StringSet;
+import org.apache.hadoop.hive.conf.HiveConf.ConfVars;
 import org.apache.hadoop.hive.metastore.api.FieldSchema;
 import org.apache.hadoop.hive.ql.Driver;
 import org.apache.hadoop.hive.ql.DriverContext;
-import org.apache.hadoop.hive.ql.exec.spark.SparkTask;
-import org.apache.hadoop.hive.ql.exec.tez.TezTask;
-import org.apache.hadoop.hive.ql.exec.vector.VectorGroupByOperator;
-import org.apache.hadoop.hive.ql.exec.vector.VectorizationContext;
-import org.apache.hadoop.hive.ql.exec.vector.expressions.VectorExpression;
-import org.apache.hadoop.hive.ql.exec.vector.expressions.aggregates.VectorAggregateExpression;
-import org.apache.hadoop.hive.ql.plan.MapJoinDesc;
-import org.apache.hadoop.hive.ql.plan.ReduceSinkDesc;
 import org.apache.hadoop.hive.ql.hooks.ReadEntity;
-import org.apache.hadoop.hive.ql.io.AcidUtils;
-import org.apache.hadoop.hive.ql.lib.DefaultGraphWalker;
-import org.apache.hadoop.hive.ql.lib.DefaultRuleDispatcher;
-import org.apache.hadoop.hive.ql.lib.Dispatcher;
-import org.apache.hadoop.hive.ql.lib.GraphWalker;
-import org.apache.hadoop.hive.ql.lib.Node;
-import org.apache.hadoop.hive.ql.lib.NodeProcessor;
-import org.apache.hadoop.hive.ql.lib.NodeProcessorCtx;
-import org.apache.hadoop.hive.ql.lib.Rule;
 import org.apache.hadoop.hive.ql.metadata.Table;
 import org.apache.hadoop.hive.ql.optimizer.physical.StageIDsRearranger;
-import org.apache.hadoop.hive.ql.optimizer.physical.Vectorizer;
-import org.apache.hadoop.hive.ql.optimizer.physical.VectorizerReason;
 import org.apache.hadoop.hive.ql.parse.BaseSemanticAnalyzer;
 import org.apache.hadoop.hive.ql.parse.ExplainConfiguration.VectorizationDetailLevel;
-import org.apache.hadoop.hive.ql.parse.SemanticException;
-import org.apache.hadoop.hive.ql.plan.BaseWork;
 import org.apache.hadoop.hive.ql.plan.Explain;
 import org.apache.hadoop.hive.ql.plan.Explain.Level;
 import org.apache.hadoop.hive.ql.plan.Explain.Vectorization;
-import org.apache.hadoop.hive.ql.plan.AggregationDesc;
 import org.apache.hadoop.hive.ql.plan.ExplainWork;
-import org.apache.hadoop.hive.ql.plan.GroupByDesc;
 import org.apache.hadoop.hive.ql.plan.HiveOperation;
-import org.apache.hadoop.hive.ql.plan.MapredWork;
-import org.apache.hadoop.hive.ql.plan.MapWork;
-import org.apache.hadoop.hive.ql.plan.ReduceWork;
 import org.apache.hadoop.hive.ql.plan.OperatorDesc;
+import org.apache.hadoop.hive.ql.plan.ReduceSinkDesc;
 import org.apache.hadoop.hive.ql.plan.SparkWork;
-import org.apache.hadoop.hive.ql.plan.TableDesc;
 import org.apache.hadoop.hive.ql.plan.TezWork;
-import org.apache.hadoop.hive.ql.plan.VectorReduceSinkInfo;
-import org.apache.hadoop.hive.ql.plan.VectorReduceSinkDesc;
-import org.apache.hadoop.hive.ql.plan.VectorGroupByDesc;
 import org.apache.hadoop.hive.ql.plan.api.StageType;
 import org.apache.hadoop.hive.ql.security.authorization.AuthorizationFactory;
 import org.apache.hadoop.hive.ql.session.SessionState;
-import org.apache.hadoop.hive.serde2.Deserializer;
-import org.apache.hadoop.hive.serde2.objectinspector.ObjectInspector;
 import org.apache.hadoop.io.IOUtils;
 import org.apache.hadoop.util.StringUtils;
 import org.apache.hive.common.util.AnnotationUtils;
@@ -109,6 +73,8 @@
 import org.slf4j.Logger;
 import org.slf4j.LoggerFactory;
 
+import com.google.common.annotations.VisibleForTesting;
+
 /**
  * ExplainTask implementation.
  *
@@ -705,6 +671,10 @@ private JSONObject outputPlan(Object work,
   @VisibleForTesting
   JSONObject outputPlan(Object work, PrintStream out,
       boolean extended, boolean jsonOutput, int indent, String appendToHeader) throws Exception {
+
+    // Are we running tests?
+    final boolean inTest = queryState.getConf().getBoolVar(ConfVars.HIVE_IN_TEST);
+
     // Check if work has an explain annotation
     Annotation note = AnnotationUtils.getAnnotation(work.getClass(), Explain.class);
 
@@ -920,7 +890,11 @@ JSONObject outputPlan(Object work, PrintStream out,
 
           Object val = null;
           try {
-            val = m.invoke(work);
+            if (inTest && postProcess(xpl_note)) {
+              val = m.invoke(work, true);
+            } else {
+              val = m.invoke(work);
+            }
           }
           catch (InvocationTargetException ex) {
             // Ignore the exception, this may be caused by external jars
@@ -1036,6 +1010,15 @@ JSONObject outputPlan(Object work, PrintStream out,
     return null;
   }
 
+  /**
+   * use case: this is only use for testing purposes. For instance, we might
+   * want to sort the expressions in a filter so we get deterministic comparable
+   * golden files
+   */
+  private boolean postProcess(Explain exp) {
+    return exp.postProcess();
+  }
+
   /**
    * use case: we want to print the object in explain only if it is true
    * how to do : print it unless the following 3 are all true:
diff --git a/ql/src/java/org/apache/hadoop/hive/ql/plan/Explain.java b/ql/src/java/org/apache/hadoop/hive/ql/plan/Explain.java
index 7b16ad7567..fbda0eada3 100644
--- a/ql/src/java/org/apache/hadoop/hive/ql/plan/Explain.java
+++ b/ql/src/java/org/apache/hadoop/hive/ql/plan/Explain.java
@@ -74,4 +74,7 @@ public enum Vectorization {
     }
   };
   Vectorization vectorization() default Vectorization.NON_VECTORIZED;
+
+  boolean postProcess() default false;
+
 }
diff --git a/ql/src/java/org/apache/hadoop/hive/ql/plan/ExprNodeDesc.java b/ql/src/java/org/apache/hadoop/hive/ql/plan/ExprNodeDesc.java
index 328bd8655b..d2bd3d797c 100755
--- a/ql/src/java/org/apache/hadoop/hive/ql/plan/ExprNodeDesc.java
+++ b/ql/src/java/org/apache/hadoop/hive/ql/plan/ExprNodeDesc.java
@@ -81,6 +81,10 @@ public String getExprString() {
     return null;
   }
 
+  public String getExprString(boolean sortChildren) {
+    return getExprString();
+  }
+
   public ObjectInspector getWritableObjectInspector() {
     return TypeInfoUtils
       .getStandardWritableObjectInspectorFromTypeInfo(typeInfo);
@@ -151,4 +155,5 @@ public static Collection<ExprNodeDescEqualityWrapper> transform(
       return wrapped;
     }
   }
+
 }
diff --git a/ql/src/java/org/apache/hadoop/hive/ql/plan/ExprNodeGenericFuncDesc.java b/ql/src/java/org/apache/hadoop/hive/ql/plan/ExprNodeGenericFuncDesc.java
index aef46da456..8dffd0c49f 100644
--- a/ql/src/java/org/apache/hadoop/hive/ql/plan/ExprNodeGenericFuncDesc.java
+++ b/ql/src/java/org/apache/hadoop/hive/ql/plan/ExprNodeGenericFuncDesc.java
@@ -23,9 +23,14 @@
 import java.util.Arrays;
 import java.util.List;
 
+import org.apache.commons.collections.Bag;
+import org.apache.commons.collections.bag.TreeBag;
 import org.apache.commons.lang.builder.HashCodeBuilder;
 import org.slf4j.Logger;
 import org.slf4j.LoggerFactory;
+
+import com.google.common.collect.ImmutableSortedMultiset;
+
 import org.apache.hadoop.conf.Configuration;
 import org.apache.hadoop.hive.conf.HiveConf.StrictChecks;
 import org.apache.hadoop.hive.ql.exec.FunctionRegistry;
@@ -33,6 +38,7 @@
 import org.apache.hadoop.hive.ql.exec.Utilities;
 import org.apache.hadoop.hive.ql.session.SessionState;
 import org.apache.hadoop.hive.ql.session.SessionState.LogHelper;
+import org.apache.hadoop.hive.ql.udf.UDFType;
 import org.apache.hadoop.hive.ql.udf.generic.GenericUDF;
 import org.apache.hadoop.hive.ql.udf.generic.GenericUDFBaseCompare;
 import org.apache.hadoop.hive.ql.udf.generic.GenericUDFBridge;
@@ -165,6 +171,23 @@ public String getExprString() {
     return genericUDF.getDisplayString(childrenExprStrings);
   }
 
+  @Override
+  public String getExprString(boolean sortChildren) {
+    if (sortChildren) {
+      UDFType udfType = genericUDF.getClass().getAnnotation(UDFType.class);
+      if (udfType.commutative()) {
+        // Get the sorted children expr strings
+        String[] childrenExprStrings = new String[chidren.size()];
+        for (int i = 0; i < childrenExprStrings.length; i++) {
+          childrenExprStrings[i] = chidren.get(i).getExprString();
+        }
+        return genericUDF.getDisplayString(
+            ImmutableSortedMultiset.copyOf(childrenExprStrings).toArray(new String[childrenExprStrings.length]));
+      }
+    }
+    return getExprString();
+  }
+
   @Override
   public List<String> getCols() {
     List<String> colList = new ArrayList<String>();
diff --git a/ql/src/java/org/apache/hadoop/hive/ql/plan/FilterDesc.java b/ql/src/java/org/apache/hadoop/hive/ql/plan/FilterDesc.java
index 3de310cb2e..4b69380f44 100644
--- a/ql/src/java/org/apache/hadoop/hive/ql/plan/FilterDesc.java
+++ b/ql/src/java/org/apache/hadoop/hive/ql/plan/FilterDesc.java
@@ -109,16 +109,24 @@ public FilterDesc(
     this.sampleDescr = sampleDescr;
   }
 
-  @Explain(displayName = "predicate")
   public String getPredicateString() {
     return PlanUtils.getExprListString(Arrays.asList(predicate));
   }
 
-  @Explain(displayName = "predicate", explainLevels = { Level.USER })
   public String getUserLevelExplainPredicateString() {
     return PlanUtils.getExprListString(Arrays.asList(predicate), true);
   }
 
+  @Explain(displayName = "predicate", postProcess = true)
+  public String getPredicateString(boolean postProcess) {
+    return PlanUtils.getExprListString(Arrays.asList(predicate), false, postProcess);
+  }
+
+  @Explain(displayName = "predicate", explainLevels = { Level.USER }, postProcess = true)
+  public String getUserLevelExplainPredicateString(boolean postProcess) {
+    return PlanUtils.getExprListString(Arrays.asList(predicate), true, postProcess);
+  }
+
   public org.apache.hadoop.hive.ql.plan.ExprNodeDesc getPredicate() {
     return predicate;
   }
diff --git a/ql/src/java/org/apache/hadoop/hive/ql/plan/PlanUtils.java b/ql/src/java/org/apache/hadoop/hive/ql/plan/PlanUtils.java
index d82973cedc..8211c13cc2 100644
--- a/ql/src/java/org/apache/hadoop/hive/ql/plan/PlanUtils.java
+++ b/ql/src/java/org/apache/hadoop/hive/ql/plan/PlanUtils.java
@@ -1038,10 +1038,15 @@ public static ReadEntity addInput(Set<ReadEntity> inputs, ReadEntity newInput, b
   }
 
   public static String getExprListString(Collection<? extends ExprNodeDesc> exprs) {
-    return getExprListString(exprs, false);
+    return getExprListString(exprs, false, false);
   }
 
   public static String getExprListString(Collection<?  extends ExprNodeDesc> exprs, boolean userLevelExplain) {
+    return getExprListString(exprs, userLevelExplain, false);
+  }
+
+  public static String getExprListString(Collection<?  extends ExprNodeDesc> exprs,
+          boolean userLevelExplain, boolean sortExpressions) {
     StringBuilder sb = new StringBuilder();
     boolean first = true;
     for (ExprNodeDesc expr: exprs) {
@@ -1050,15 +1055,19 @@ public static String getExprListString(Collection<?  extends ExprNodeDesc> exprs
       } else {
         first = false;
       }
-      addExprToStringBuffer(expr, sb, userLevelExplain);
+      addExprToStringBuffer(expr, sb, userLevelExplain, sortExpressions);
     }
-
     return sb.length() == 0 ? null : sb.toString();
   }
 
   public static void addExprToStringBuffer(ExprNodeDesc expr, Appendable sb, boolean userLevelExplain) {
+    addExprToStringBuffer(expr, sb, userLevelExplain, false);
+  }
+
+  public static void addExprToStringBuffer(ExprNodeDesc expr, Appendable sb,
+          boolean userLevelExplain, boolean sortExpressions) {
     try {
-      sb.append(expr.getExprString());
+      sb.append(expr.getExprString(sortExpressions));
       if (!userLevelExplain) {
         sb.append(" (type: ");
         sb.append(expr.getTypeString());
diff --git a/ql/src/java/org/apache/hadoop/hive/ql/udf/UDFType.java b/ql/src/java/org/apache/hadoop/hive/ql/udf/UDFType.java
index fe9370fc3c..ac3ec58ea2 100644
--- a/ql/src/java/org/apache/hadoop/hive/ql/udf/UDFType.java
+++ b/ql/src/java/org/apache/hadoop/hive/ql/udf/UDFType.java
@@ -76,4 +76,12 @@
    * @return true if the function implies order
    */
   boolean impliesOrder() default false;
+
+  /**
+   * Whether result of this operation will be altered by reordering its
+   * children.
+   *
+   * @return true if commutative law applies to this function
+   */
+  boolean commutative() default false;
 }
diff --git a/ql/src/java/org/apache/hadoop/hive/ql/udf/generic/GenericUDFOPAnd.java b/ql/src/java/org/apache/hadoop/hive/ql/udf/generic/GenericUDFOPAnd.java
index fa0cda80ee..06d721414c 100644
--- a/ql/src/java/org/apache/hadoop/hive/ql/udf/generic/GenericUDFOPAnd.java
+++ b/ql/src/java/org/apache/hadoop/hive/ql/udf/generic/GenericUDFOPAnd.java
@@ -27,6 +27,7 @@
 import org.apache.hadoop.hive.ql.exec.vector.expressions.FilterExprAndExpr;
 import org.apache.hadoop.hive.ql.exec.vector.expressions.FilterScalarAndColumn;
 import org.apache.hadoop.hive.ql.metadata.HiveException;
+import org.apache.hadoop.hive.ql.udf.UDFType;
 import org.apache.hadoop.hive.serde2.objectinspector.ObjectInspector;
 import org.apache.hadoop.hive.serde2.objectinspector.primitive.BooleanObjectInspector;
 import org.apache.hadoop.hive.serde2.objectinspector.primitive.PrimitiveObjectInspectorFactory;
@@ -39,6 +40,7 @@
 @VectorizedExpressions({ColAndCol.class, FilterExprAndExpr.class, FilterColAndScalar.class,
     FilterScalarAndColumn.class})
 @NDV(maxNdv = 2)
+@UDFType(deterministic = true, commutative = true)
 public class GenericUDFOPAnd extends GenericUDF {
   private final BooleanWritable result = new BooleanWritable();
   private transient BooleanObjectInspector boi[];
diff --git a/ql/src/java/org/apache/hadoop/hive/ql/udf/generic/GenericUDFOPOr.java b/ql/src/java/org/apache/hadoop/hive/ql/udf/generic/GenericUDFOPOr.java
index af38c97122..c189913cc7 100644
--- a/ql/src/java/org/apache/hadoop/hive/ql/udf/generic/GenericUDFOPOr.java
+++ b/ql/src/java/org/apache/hadoop/hive/ql/udf/generic/GenericUDFOPOr.java
@@ -27,6 +27,7 @@
 import org.apache.hadoop.hive.ql.exec.vector.expressions.FilterExprOrExpr;
 import org.apache.hadoop.hive.ql.exec.vector.expressions.FilterScalarOrColumn;
 import org.apache.hadoop.hive.ql.metadata.HiveException;
+import org.apache.hadoop.hive.ql.udf.UDFType;
 import org.apache.hadoop.hive.serde2.objectinspector.ObjectInspector;
 import org.apache.hadoop.hive.serde2.objectinspector.primitive.BooleanObjectInspector;
 import org.apache.hadoop.hive.serde2.objectinspector.primitive.PrimitiveObjectInspectorFactory;
@@ -39,6 +40,7 @@
 @VectorizedExpressions({ColOrCol.class, FilterExprOrExpr.class, FilterColOrScalar.class,
     FilterScalarOrColumn.class})
 @NDV(maxNdv = 2)
+@UDFType(deterministic = true, commutative = true)
 public class GenericUDFOPOr extends GenericUDF {
   private final BooleanWritable result = new BooleanWritable();
   private transient BooleanObjectInspector[] boi;
diff --git a/ql/src/test/org/apache/hadoop/hive/ql/exec/TestExplainTask.java b/ql/src/test/org/apache/hadoop/hive/ql/exec/TestExplainTask.java
index cac1fad27e..9f913ced16 100644
--- a/ql/src/test/org/apache/hadoop/hive/ql/exec/TestExplainTask.java
+++ b/ql/src/test/org/apache/hadoop/hive/ql/exec/TestExplainTask.java
@@ -62,6 +62,10 @@ public void setUp() {
     uut = new ExplainTask();
     uut.conf = mock(HiveConf.class);
     out = mock(PrintStream.class);
+    QueryState qs = mock(QueryState.class);
+    HiveConf hiveConf = new HiveConf();
+    when(qs.getConf()).thenReturn(hiveConf);
+    uut.queryState = qs;
   }
 
   public static class DummyExplainDesc<K, V> extends TableScanDesc {
@@ -160,7 +164,9 @@ private <K, V> String explainToString(Map<K, V> explainMap) throws Exception {
     work.setParseContext(pCtx);
     ByteArrayOutputStream baos = new ByteArrayOutputStream();
     work.setConfig(new ExplainConfiguration());
-    new ExplainTask().getJSONLogicalPlan(new PrintStream(baos), work);
+    ExplainTask newExplainTask = new ExplainTask();
+    newExplainTask.queryState = uut.queryState;
+    newExplainTask.getJSONLogicalPlan(new PrintStream(baos), work);
     baos.close();
     return baos.toString();
   }
diff --git a/ql/src/test/results/clientpositive/annotate_stats_deep_filters.q.out b/ql/src/test/results/clientpositive/annotate_stats_deep_filters.q.out
index da1d03c2d6..da59211f81 100644
--- a/ql/src/test/results/clientpositive/annotate_stats_deep_filters.q.out
+++ b/ql/src/test/results/clientpositive/annotate_stats_deep_filters.q.out
@@ -120,7 +120,7 @@ STAGE PLANS:
             alias: over1k
             Statistics: Num rows: 2098 Data size: 16744 Basic stats: COMPLETE Column stats: COMPLETE
             Filter Operator
-              predicate: (((t = 1) and (si = 2)) or ((t = 2) and (si = 3)) or ((t = 3) and (si = 4)) or ((t = 4) and (si = 5)) or ((t = 5) and (si = 6)) or ((t = 6) and (si = 7)) or ((t = 7) and (si = 8)) or ((t = 9) and (si = 10)) or ((t = 10) and (si = 11)) or ((t = 11) and (si = 12)) or ((t = 12) and (si = 13)) or ((t = 13) and (si = 14)) or ((t = 14) and (si = 15)) or ((t = 15) and (si = 16)) or ((t = 16) and (si = 17)) or ((t = 17) and (si = 18)) or ((t = 27) and (si = 28)) or ((t = 37) and (si = 38)) or ((t = 47) and (si = 48)) or ((t = 52) and (si = 53))) (type: boolean)
+              predicate: (((t = 1) and (si = 2)) or ((t = 10) and (si = 11)) or ((t = 11) and (si = 12)) or ((t = 12) and (si = 13)) or ((t = 13) and (si = 14)) or ((t = 14) and (si = 15)) or ((t = 15) and (si = 16)) or ((t = 16) and (si = 17)) or ((t = 17) and (si = 18)) or ((t = 2) and (si = 3)) or ((t = 27) and (si = 28)) or ((t = 3) and (si = 4)) or ((t = 37) and (si = 38)) or ((t = 4) and (si = 5)) or ((t = 47) and (si = 48)) or ((t = 5) and (si = 6)) or ((t = 52) and (si = 53)) or ((t = 6) and (si = 7)) or ((t = 7) and (si = 8)) or ((t = 9) and (si = 10))) (type: boolean)
               Statistics: Num rows: 1 Data size: 8 Basic stats: COMPLETE Column stats: COMPLETE
               Select Operator
                 Statistics: Num rows: 1 Data size: 8 Basic stats: COMPLETE Column stats: COMPLETE
@@ -209,7 +209,7 @@ STAGE PLANS:
             alias: over1k
             Statistics: Num rows: 2098 Data size: 211174 Basic stats: COMPLETE Column stats: NONE
             Filter Operator
-              predicate: (((t = 1) and (si = 2)) or ((t = 2) and (si = 3)) or ((t = 3) and (si = 4)) or ((t = 4) and (si = 5)) or ((t = 5) and (si = 6)) or ((t = 6) and (si = 7)) or ((t = 7) and (si = 8)) or ((t = 9) and (si = 10)) or ((t = 10) and (si = 11)) or ((t = 11) and (si = 12)) or ((t = 12) and (si = 13)) or ((t = 13) and (si = 14)) or ((t = 14) and (si = 15)) or ((t = 15) and (si = 16)) or ((t = 16) and (si = 17)) or ((t = 17) and (si = 18)) or ((t = 27) and (si = 28)) or ((t = 37) and (si = 38)) or ((t = 47) and (si = 48)) or ((t = 52) and (si = 53))) (type: boolean)
+              predicate: (((t = 1) and (si = 2)) or ((t = 10) and (si = 11)) or ((t = 11) and (si = 12)) or ((t = 12) and (si = 13)) or ((t = 13) and (si = 14)) or ((t = 14) and (si = 15)) or ((t = 15) and (si = 16)) or ((t = 16) and (si = 17)) or ((t = 17) and (si = 18)) or ((t = 2) and (si = 3)) or ((t = 27) and (si = 28)) or ((t = 3) and (si = 4)) or ((t = 37) and (si = 38)) or ((t = 4) and (si = 5)) or ((t = 47) and (si = 48)) or ((t = 5) and (si = 6)) or ((t = 52) and (si = 53)) or ((t = 6) and (si = 7)) or ((t = 7) and (si = 8)) or ((t = 9) and (si = 10))) (type: boolean)
               Statistics: Num rows: 2098 Data size: 211174 Basic stats: COMPLETE Column stats: NONE
               Select Operator
                 Statistics: Num rows: 2098 Data size: 211174 Basic stats: COMPLETE Column stats: NONE
diff --git a/ql/src/test/results/clientpositive/annotate_stats_filter.q.out b/ql/src/test/results/clientpositive/annotate_stats_filter.q.out
index b2f983606e..defb0880f3 100644
--- a/ql/src/test/results/clientpositive/annotate_stats_filter.q.out
+++ b/ql/src/test/results/clientpositive/annotate_stats_filter.q.out
@@ -628,7 +628,7 @@ STAGE PLANS:
             alias: loc_orc
             Statistics: Num rows: 8 Data size: 816 Basic stats: COMPLETE Column stats: COMPLETE
             Filter Operator
-              predicate: ((state = 'OH') or (state = 'CA')) (type: boolean)
+              predicate: ((state = 'CA') or (state = 'OH')) (type: boolean)
               Statistics: Num rows: 2 Data size: 204 Basic stats: COMPLETE Column stats: COMPLETE
               Select Operator
                 expressions: state (type: string), locid (type: int), zip (type: bigint), year (type: int)
diff --git a/ql/src/test/results/clientpositive/annotate_stats_join_pkfk.q.out b/ql/src/test/results/clientpositive/annotate_stats_join_pkfk.q.out
index d88819a1ec..cdb9cead4c 100644
--- a/ql/src/test/results/clientpositive/annotate_stats_join_pkfk.q.out
+++ b/ql/src/test/results/clientpositive/annotate_stats_join_pkfk.q.out
@@ -1101,7 +1101,7 @@ STAGE PLANS:
             alias: ss
             Statistics: Num rows: 1000 Data size: 7664 Basic stats: COMPLETE Column stats: COMPLETE
             Filter Operator
-              predicate: (ss_store_sk is not null and ss_addr_sk is not null) (type: boolean)
+              predicate: (ss_addr_sk is not null and ss_store_sk is not null) (type: boolean)
               Statistics: Num rows: 914 Data size: 7004 Basic stats: COMPLETE Column stats: COMPLETE
               Select Operator
                 expressions: ss_addr_sk (type: int), ss_store_sk (type: int)
diff --git a/ql/src/test/results/clientpositive/auto_join20.q.out b/ql/src/test/results/clientpositive/auto_join20.q.out
index 8aa2f9a3da..0d7558a809 100644
--- a/ql/src/test/results/clientpositive/auto_join20.q.out
+++ b/ql/src/test/results/clientpositive/auto_join20.q.out
@@ -174,7 +174,7 @@ STAGE PLANS:
             alias: src1
             Statistics: Num rows: 500 Data size: 5312 Basic stats: COMPLETE Column stats: NONE
             Filter Operator
-              predicate: ((key < 15) and (key < 10)) (type: boolean)
+              predicate: ((key < 10) and (key < 15)) (type: boolean)
               Statistics: Num rows: 55 Data size: 584 Basic stats: COMPLETE Column stats: NONE
               HashTable Sink Operator
                 filter predicates:
diff --git a/ql/src/test/results/clientpositive/auto_join28.q.out b/ql/src/test/results/clientpositive/auto_join28.q.out
index e1543b36e9..b191ba4b1c 100644
--- a/ql/src/test/results/clientpositive/auto_join28.q.out
+++ b/ql/src/test/results/clientpositive/auto_join28.q.out
@@ -142,7 +142,7 @@ STAGE PLANS:
             alias: src3
             Statistics: Num rows: 500 Data size: 5312 Basic stats: COMPLETE Column stats: NONE
             Filter Operator
-              predicate: ((key > 10) and (key < 10)) (type: boolean)
+              predicate: ((key < 10) and (key > 10)) (type: boolean)
               Statistics: Num rows: 55 Data size: 584 Basic stats: COMPLETE Column stats: NONE
               HashTable Sink Operator
                 filter predicates:
diff --git a/ql/src/test/results/clientpositive/auto_join29.q.out b/ql/src/test/results/clientpositive/auto_join29.q.out
index a799b040c5..df59378cc3 100644
--- a/ql/src/test/results/clientpositive/auto_join29.q.out
+++ b/ql/src/test/results/clientpositive/auto_join29.q.out
@@ -650,7 +650,7 @@ STAGE PLANS:
             alias: src3
             Statistics: Num rows: 500 Data size: 5312 Basic stats: COMPLETE Column stats: NONE
             Filter Operator
-              predicate: ((key > 10) and (key < 10)) (type: boolean)
+              predicate: ((key < 10) and (key > 10)) (type: boolean)
               Statistics: Num rows: 55 Data size: 584 Basic stats: COMPLETE Column stats: NONE
               HashTable Sink Operator
                 filter predicates:
@@ -2491,7 +2491,7 @@ STAGE PLANS:
             alias: src1
             Statistics: Num rows: 500 Data size: 5312 Basic stats: COMPLETE Column stats: NONE
             Filter Operator
-              predicate: ((key > 10) and (key < 10)) (type: boolean)
+              predicate: ((key < 10) and (key > 10)) (type: boolean)
               Statistics: Num rows: 55 Data size: 584 Basic stats: COMPLETE Column stats: NONE
               HashTable Sink Operator
                 keys:
@@ -2503,7 +2503,7 @@ STAGE PLANS:
             alias: src3
             Statistics: Num rows: 500 Data size: 5312 Basic stats: COMPLETE Column stats: NONE
             Filter Operator
-              predicate: ((key > 10) and (key < 10)) (type: boolean)
+              predicate: ((key < 10) and (key > 10)) (type: boolean)
               Statistics: Num rows: 55 Data size: 584 Basic stats: COMPLETE Column stats: NONE
               HashTable Sink Operator
                 keys:
@@ -2594,7 +2594,7 @@ STAGE PLANS:
             alias: src1
             Statistics: Num rows: 500 Data size: 5312 Basic stats: COMPLETE Column stats: NONE
             Filter Operator
-              predicate: ((key > 10) and (key < 10)) (type: boolean)
+              predicate: ((key < 10) and (key > 10)) (type: boolean)
               Statistics: Num rows: 55 Data size: 584 Basic stats: COMPLETE Column stats: NONE
               HashTable Sink Operator
                 filter predicates:
@@ -3222,7 +3222,7 @@ STAGE PLANS:
             alias: src3
             Statistics: Num rows: 500 Data size: 5312 Basic stats: COMPLETE Column stats: NONE
             Filter Operator
-              predicate: ((key > 10) and (key < 10)) (type: boolean)
+              predicate: ((key < 10) and (key > 10)) (type: boolean)
               Statistics: Num rows: 55 Data size: 584 Basic stats: COMPLETE Column stats: NONE
               HashTable Sink Operator
                 filter predicates:
@@ -3455,7 +3455,7 @@ STAGE PLANS:
             alias: src1
             Statistics: Num rows: 500 Data size: 5312 Basic stats: COMPLETE Column stats: NONE
             Filter Operator
-              predicate: ((key > 10) and (key < 10)) (type: boolean)
+              predicate: ((key < 10) and (key > 10)) (type: boolean)
               Statistics: Num rows: 55 Data size: 584 Basic stats: COMPLETE Column stats: NONE
               HashTable Sink Operator
                 keys:
@@ -3482,7 +3482,7 @@ STAGE PLANS:
             alias: src3
             Statistics: Num rows: 500 Data size: 5312 Basic stats: COMPLETE Column stats: NONE
             Filter Operator
-              predicate: ((key > 10) and (key < 10)) (type: boolean)
+              predicate: ((key < 10) and (key > 10)) (type: boolean)
               Statistics: Num rows: 55 Data size: 584 Basic stats: COMPLETE Column stats: NONE
               Map Join Operator
                 condition map:
diff --git a/ql/src/test/results/clientpositive/auto_join4.q.out b/ql/src/test/results/clientpositive/auto_join4.q.out
index 6c0fccdb6d..3c0ab85b05 100644
--- a/ql/src/test/results/clientpositive/auto_join4.q.out
+++ b/ql/src/test/results/clientpositive/auto_join4.q.out
@@ -55,7 +55,7 @@ STAGE PLANS:
             alias: src2
             Statistics: Num rows: 500 Data size: 5312 Basic stats: COMPLETE Column stats: NONE
             Filter Operator
-              predicate: ((UDFToDouble(key) > 15.0) and (UDFToDouble(key) < 20.0)) (type: boolean)
+              predicate: ((UDFToDouble(key) < 20.0) and (UDFToDouble(key) > 15.0)) (type: boolean)
               Statistics: Num rows: 55 Data size: 584 Basic stats: COMPLETE Column stats: NONE
               Select Operator
                 expressions: key (type: string), value (type: string)
@@ -73,7 +73,7 @@ STAGE PLANS:
             alias: src1
             Statistics: Num rows: 500 Data size: 5312 Basic stats: COMPLETE Column stats: NONE
             Filter Operator
-              predicate: ((UDFToDouble(key) > 10.0) and (UDFToDouble(key) < 20.0)) (type: boolean)
+              predicate: ((UDFToDouble(key) < 20.0) and (UDFToDouble(key) > 10.0)) (type: boolean)
               Statistics: Num rows: 55 Data size: 584 Basic stats: COMPLETE Column stats: NONE
               Select Operator
                 expressions: key (type: string), value (type: string)
diff --git a/ql/src/test/results/clientpositive/auto_join5.q.out b/ql/src/test/results/clientpositive/auto_join5.q.out
index 410306175a..8da15a55d3 100644
--- a/ql/src/test/results/clientpositive/auto_join5.q.out
+++ b/ql/src/test/results/clientpositive/auto_join5.q.out
@@ -73,7 +73,7 @@ STAGE PLANS:
             alias: src2
             Statistics: Num rows: 500 Data size: 5312 Basic stats: COMPLETE Column stats: NONE
             Filter Operator
-              predicate: ((UDFToDouble(key) > 15.0) and (UDFToDouble(key) < 25.0)) (type: boolean)
+              predicate: ((UDFToDouble(key) < 25.0) and (UDFToDouble(key) > 15.0)) (type: boolean)
               Statistics: Num rows: 55 Data size: 584 Basic stats: COMPLETE Column stats: NONE
               Select Operator
                 expressions: key (type: string), value (type: string)
diff --git a/ql/src/test/results/clientpositive/auto_join6.q.out b/ql/src/test/results/clientpositive/auto_join6.q.out
index 53caf7d25e..00bbb1bb21 100644
--- a/ql/src/test/results/clientpositive/auto_join6.q.out
+++ b/ql/src/test/results/clientpositive/auto_join6.q.out
@@ -49,7 +49,7 @@ STAGE PLANS:
             alias: src1
             Statistics: Num rows: 500 Data size: 5312 Basic stats: COMPLETE Column stats: NONE
             Filter Operator
-              predicate: ((UDFToDouble(key) > 10.0) and (UDFToDouble(key) < 20.0)) (type: boolean)
+              predicate: ((UDFToDouble(key) < 20.0) and (UDFToDouble(key) > 10.0)) (type: boolean)
               Statistics: Num rows: 55 Data size: 584 Basic stats: COMPLETE Column stats: NONE
               Select Operator
                 expressions: key (type: string), value (type: string)
@@ -65,7 +65,7 @@ STAGE PLANS:
             alias: src2
             Statistics: Num rows: 500 Data size: 5312 Basic stats: COMPLETE Column stats: NONE
             Filter Operator
-              predicate: ((UDFToDouble(key) > 15.0) and (UDFToDouble(key) < 25.0)) (type: boolean)
+              predicate: ((UDFToDouble(key) < 25.0) and (UDFToDouble(key) > 15.0)) (type: boolean)
               Statistics: Num rows: 55 Data size: 584 Basic stats: COMPLETE Column stats: NONE
               Select Operator
                 expressions: key (type: string), value (type: string)
diff --git a/ql/src/test/results/clientpositive/auto_join7.q.out b/ql/src/test/results/clientpositive/auto_join7.q.out
index a657c301ee..339ea70a21 100644
--- a/ql/src/test/results/clientpositive/auto_join7.q.out
+++ b/ql/src/test/results/clientpositive/auto_join7.q.out
@@ -59,7 +59,7 @@ STAGE PLANS:
             alias: src1
             Statistics: Num rows: 500 Data size: 5312 Basic stats: COMPLETE Column stats: NONE
             Filter Operator
-              predicate: ((UDFToDouble(key) > 10.0) and (UDFToDouble(key) < 20.0)) (type: boolean)
+              predicate: ((UDFToDouble(key) < 20.0) and (UDFToDouble(key) > 10.0)) (type: boolean)
               Statistics: Num rows: 55 Data size: 584 Basic stats: COMPLETE Column stats: NONE
               Select Operator
                 expressions: key (type: string), value (type: string)
@@ -75,7 +75,7 @@ STAGE PLANS:
             alias: src2
             Statistics: Num rows: 500 Data size: 5312 Basic stats: COMPLETE Column stats: NONE
             Filter Operator
-              predicate: ((UDFToDouble(key) > 15.0) and (UDFToDouble(key) < 25.0)) (type: boolean)
+              predicate: ((UDFToDouble(key) < 25.0) and (UDFToDouble(key) > 15.0)) (type: boolean)
               Statistics: Num rows: 55 Data size: 584 Basic stats: COMPLETE Column stats: NONE
               Select Operator
                 expressions: key (type: string), value (type: string)
@@ -91,7 +91,7 @@ STAGE PLANS:
             alias: src3
             Statistics: Num rows: 500 Data size: 5312 Basic stats: COMPLETE Column stats: NONE
             Filter Operator
-              predicate: ((UDFToDouble(key) > 20.0) and (UDFToDouble(key) < 25.0)) (type: boolean)
+              predicate: ((UDFToDouble(key) < 25.0) and (UDFToDouble(key) > 20.0)) (type: boolean)
               Statistics: Num rows: 55 Data size: 584 Basic stats: COMPLETE Column stats: NONE
               Select Operator
                 expressions: key (type: string), value (type: string)
diff --git a/ql/src/test/results/clientpositive/auto_join8.q.out b/ql/src/test/results/clientpositive/auto_join8.q.out
index 2689578135..4cc3d598f7 100644
--- a/ql/src/test/results/clientpositive/auto_join8.q.out
+++ b/ql/src/test/results/clientpositive/auto_join8.q.out
@@ -55,7 +55,7 @@ STAGE PLANS:
             alias: src2
             Statistics: Num rows: 500 Data size: 5312 Basic stats: COMPLETE Column stats: NONE
             Filter Operator
-              predicate: ((UDFToDouble(key) > 15.0) and (UDFToDouble(key) < 20.0)) (type: boolean)
+              predicate: ((UDFToDouble(key) < 20.0) and (UDFToDouble(key) > 15.0)) (type: boolean)
               Statistics: Num rows: 55 Data size: 584 Basic stats: COMPLETE Column stats: NONE
               Select Operator
                 expressions: key (type: string), value (type: string)
@@ -73,7 +73,7 @@ STAGE PLANS:
             alias: src1
             Statistics: Num rows: 500 Data size: 5312 Basic stats: COMPLETE Column stats: NONE
             Filter Operator
-              predicate: ((UDFToDouble(key) > 10.0) and (UDFToDouble(key) < 20.0)) (type: boolean)
+              predicate: ((UDFToDouble(key) < 20.0) and (UDFToDouble(key) > 10.0)) (type: boolean)
               Statistics: Num rows: 55 Data size: 584 Basic stats: COMPLETE Column stats: NONE
               Select Operator
                 expressions: key (type: string), value (type: string)
diff --git a/ql/src/test/results/clientpositive/auto_join_reordering_values.q.out b/ql/src/test/results/clientpositive/auto_join_reordering_values.q.out
index ba8d16c0fc..9182127c1e 100644
--- a/ql/src/test/results/clientpositive/auto_join_reordering_values.q.out
+++ b/ql/src/test/results/clientpositive/auto_join_reordering_values.q.out
@@ -97,7 +97,7 @@ STAGE PLANS:
             GatherStats: false
             Filter Operator
               isSamplingPred: false
-              predicate: (date is not null and dealid is not null and cityid is not null and userid is not null) (type: boolean)
+              predicate: (cityid is not null and date is not null and dealid is not null and userid is not null) (type: boolean)
               Statistics: Num rows: 1 Data size: 36 Basic stats: COMPLETE Column stats: NONE
               Select Operator
                 expressions: dealid (type: int), date (type: string), cityid (type: int), userid (type: int)
diff --git a/ql/src/test/results/clientpositive/beeline/materialized_view_create_rewrite.q.out b/ql/src/test/results/clientpositive/beeline/materialized_view_create_rewrite.q.out
index 35e9a5d640..f6b161b690 100644
--- a/ql/src/test/results/clientpositive/beeline/materialized_view_create_rewrite.q.out
+++ b/ql/src/test/results/clientpositive/beeline/materialized_view_create_rewrite.q.out
@@ -157,7 +157,7 @@ STAGE PLANS:
             alias: cmv_basetable
             Statistics: Num rows: 5 Data size: 81 Basic stats: COMPLETE Column stats: NONE
             Filter Operator
-              predicate: ((d = 3) and (3 = a)) (type: boolean)
+              predicate: ((3 = a) and (d = 3)) (type: boolean)
               Statistics: Num rows: 1 Data size: 16 Basic stats: COMPLETE Column stats: NONE
               Select Operator
                 expressions: c (type: decimal(10,2))
@@ -264,7 +264,7 @@ STAGE PLANS:
             alias: cmv_basetable
             Statistics: Num rows: 5 Data size: 81 Basic stats: COMPLETE Column stats: NONE
             Filter Operator
-              predicate: ((d = 3) and (3 = a)) (type: boolean)
+              predicate: ((3 = a) and (d = 3)) (type: boolean)
               Statistics: Num rows: 1 Data size: 16 Basic stats: COMPLETE Column stats: NONE
               Select Operator
                 expressions: c (type: decimal(10,2))
diff --git a/ql/src/test/results/clientpositive/beeline/smb_mapjoin_10.q.out b/ql/src/test/results/clientpositive/beeline/smb_mapjoin_10.q.out
index 50706f4eec..379906ea92 100644
--- a/ql/src/test/results/clientpositive/beeline/smb_mapjoin_10.q.out
+++ b/ql/src/test/results/clientpositive/beeline/smb_mapjoin_10.q.out
@@ -80,7 +80,7 @@ STAGE PLANS:
             alias: b
             Statistics: Num rows: 3 Data size: 414 Basic stats: COMPLETE Column stats: NONE
             Filter Operator
-              predicate: (userid is not null and pageid is not null and postid is not null and type is not null) (type: boolean)
+              predicate: (pageid is not null and postid is not null and type is not null and userid is not null) (type: boolean)
               Statistics: Num rows: 3 Data size: 414 Basic stats: COMPLETE Column stats: NONE
               Sorted Merge Bucket Map Join Operator
                 condition map:
diff --git a/ql/src/test/results/clientpositive/cbo_const.q.out b/ql/src/test/results/clientpositive/cbo_const.q.out
index 07a89e5f7d..e9f885b363 100644
--- a/ql/src/test/results/clientpositive/cbo_const.q.out
+++ b/ql/src/test/results/clientpositive/cbo_const.q.out
@@ -293,7 +293,7 @@ STAGE PLANS:
             alias: z
             Statistics: Num rows: 1 Data size: 0 Basic stats: PARTIAL Column stats: NONE
             Filter Operator
-              predicate: ((ds = '2008-04-08') and (UDFToDouble(hr) = 14.0) and value is not null) (type: boolean)
+              predicate: ((UDFToDouble(hr) = 14.0) and (ds = '2008-04-08') and value is not null) (type: boolean)
               Statistics: Num rows: 1 Data size: 0 Basic stats: PARTIAL Column stats: NONE
               Select Operator
                 expressions: value (type: string)
diff --git a/ql/src/test/results/clientpositive/cbo_rp_outer_join_ppr.q.out b/ql/src/test/results/clientpositive/cbo_rp_outer_join_ppr.q.out
index a4c7f77563..0bc7d8764e 100644
--- a/ql/src/test/results/clientpositive/cbo_rp_outer_join_ppr.q.out
+++ b/ql/src/test/results/clientpositive/cbo_rp_outer_join_ppr.q.out
@@ -51,7 +51,7 @@ STAGE PLANS:
             GatherStats: false
             Filter Operator
               isSamplingPred: false
-              predicate: ((UDFToDouble(key) > 15.0) and (UDFToDouble(key) < 20.0)) (type: boolean)
+              predicate: ((UDFToDouble(key) < 20.0) and (UDFToDouble(key) > 15.0)) (type: boolean)
               Statistics: Num rows: 111 Data size: 1179 Basic stats: COMPLETE Column stats: NONE
               Select Operator
                 expressions: key (type: string), value (type: string)
@@ -349,7 +349,7 @@ STAGE PLANS:
             GatherStats: false
             Filter Operator
               isSamplingPred: false
-              predicate: ((UDFToDouble(key) > 15.0) and (UDFToDouble(key) < 20.0)) (type: boolean)
+              predicate: ((UDFToDouble(key) < 20.0) and (UDFToDouble(key) > 15.0)) (type: boolean)
               Statistics: Num rows: 111 Data size: 1179 Basic stats: COMPLETE Column stats: NONE
               Select Operator
                 expressions: key (type: string), value (type: string)
diff --git a/ql/src/test/results/clientpositive/cbo_union_view.q.out b/ql/src/test/results/clientpositive/cbo_union_view.q.out
index c8504a1ddd..5552cfe8db 100644
--- a/ql/src/test/results/clientpositive/cbo_union_view.q.out
+++ b/ql/src/test/results/clientpositive/cbo_union_view.q.out
@@ -164,7 +164,7 @@ STAGE PLANS:
               insideView TRUE
             Statistics: Num rows: 1 Data size: 0 Basic stats: PARTIAL Column stats: NONE
             Filter Operator
-              predicate: ((key = 86) and (ds = '1')) (type: boolean)
+              predicate: ((ds = '1') and (key = 86)) (type: boolean)
               Statistics: Num rows: 1 Data size: 0 Basic stats: PARTIAL Column stats: NONE
               Select Operator
                 expressions: value (type: string)
@@ -189,7 +189,7 @@ STAGE PLANS:
               insideView TRUE
             Statistics: Num rows: 1 Data size: 0 Basic stats: PARTIAL Column stats: NONE
             Filter Operator
-              predicate: ((key = 86) and (ds = '1')) (type: boolean)
+              predicate: ((ds = '1') and (key = 86)) (type: boolean)
               Statistics: Num rows: 1 Data size: 0 Basic stats: PARTIAL Column stats: NONE
               Select Operator
                 expressions: value (type: string)
@@ -214,7 +214,7 @@ STAGE PLANS:
               insideView TRUE
             Statistics: Num rows: 1 Data size: 0 Basic stats: PARTIAL Column stats: NONE
             Filter Operator
-              predicate: ((key = 86) and (ds = '1')) (type: boolean)
+              predicate: ((ds = '1') and (key = 86)) (type: boolean)
               Statistics: Num rows: 1 Data size: 0 Basic stats: PARTIAL Column stats: NONE
               Select Operator
                 expressions: value (type: string)
diff --git a/ql/src/test/results/clientpositive/constant_prop_1.q.out b/ql/src/test/results/clientpositive/constant_prop_1.q.out
index 3ba1f156db..a5f5807098 100644
--- a/ql/src/test/results/clientpositive/constant_prop_1.q.out
+++ b/ql/src/test/results/clientpositive/constant_prop_1.q.out
@@ -449,7 +449,7 @@ STAGE PLANS:
             alias: b
             Statistics: Num rows: 500 Data size: 5312 Basic stats: COMPLETE Column stats: NONE
             Filter Operator
-              predicate: (key is not null and (value = '234')) (type: boolean)
+              predicate: ((value = '234') and key is not null) (type: boolean)
               Statistics: Num rows: 250 Data size: 2656 Basic stats: COMPLETE Column stats: NONE
               Reduce Output Operator
                 key expressions: key (type: string)
diff --git a/ql/src/test/results/clientpositive/constant_prop_3.q.out b/ql/src/test/results/clientpositive/constant_prop_3.q.out
index 8119ccf028..4b3de33e91 100644
--- a/ql/src/test/results/clientpositive/constant_prop_3.q.out
+++ b/ql/src/test/results/clientpositive/constant_prop_3.q.out
@@ -185,7 +185,7 @@ STAGE PLANS:
             alias: part_hive
             Statistics: Num rows: 1 Data size: 0 Basic stats: PARTIAL Column stats: NONE
             Filter Operator
-              predicate: ((p_size) IN (22, 14, 27, 49, 21, 33, 35, 28) and (p_brand <> 'Brand#34') and p_partkey is not null and (not (p_type like 'ECONOMY BRUSHED%'))) (type: boolean)
+              predicate: ((not (p_type like 'ECONOMY BRUSHED%')) and (p_brand <> 'Brand#34') and (p_size) IN (22, 14, 27, 49, 21, 33, 35, 28) and p_partkey is not null) (type: boolean)
               Statistics: Num rows: 1 Data size: 0 Basic stats: PARTIAL Column stats: NONE
               Select Operator
                 expressions: p_partkey (type: int), p_brand (type: string), p_type (type: string), p_size (type: int)
diff --git a/ql/src/test/results/clientpositive/correlated_join_keys.q.out b/ql/src/test/results/clientpositive/correlated_join_keys.q.out
index 5464cd3e1a..b81a5611b1 100644
--- a/ql/src/test/results/clientpositive/correlated_join_keys.q.out
+++ b/ql/src/test/results/clientpositive/correlated_join_keys.q.out
@@ -83,7 +83,7 @@ STAGE PLANS:
             alias: a
             Statistics: Num rows: 20 Data size: 3500 Basic stats: COMPLETE Column stats: COMPLETE
             Filter Operator
-              predicate: (ca_zip is not null and ca_state is not null) (type: boolean)
+              predicate: (ca_state is not null and ca_zip is not null) (type: boolean)
               Statistics: Num rows: 20 Data size: 3500 Basic stats: COMPLETE Column stats: COMPLETE
               Select Operator
                 expressions: ca_state (type: string), ca_zip (type: string)
@@ -98,7 +98,7 @@ STAGE PLANS:
             alias: b
             Statistics: Num rows: 20 Data size: 3500 Basic stats: COMPLETE Column stats: COMPLETE
             Filter Operator
-              predicate: (ca_zip is not null and ca_state is not null) (type: boolean)
+              predicate: (ca_state is not null and ca_zip is not null) (type: boolean)
               Statistics: Num rows: 20 Data size: 3500 Basic stats: COMPLETE Column stats: COMPLETE
               Select Operator
                 expressions: ca_state (type: string), ca_zip (type: string)
@@ -174,7 +174,7 @@ STAGE PLANS:
             alias: a
             Statistics: Num rows: 20 Data size: 3500 Basic stats: COMPLETE Column stats: COMPLETE
             Filter Operator
-              predicate: (ca_zip is not null and ca_state is not null) (type: boolean)
+              predicate: (ca_state is not null and ca_zip is not null) (type: boolean)
               Statistics: Num rows: 20 Data size: 3500 Basic stats: COMPLETE Column stats: COMPLETE
               Select Operator
                 expressions: ca_state (type: string), ca_zip (type: string)
@@ -189,7 +189,7 @@ STAGE PLANS:
             alias: b
             Statistics: Num rows: 20 Data size: 3500 Basic stats: COMPLETE Column stats: COMPLETE
             Filter Operator
-              predicate: (ca_zip is not null and ca_state is not null) (type: boolean)
+              predicate: (ca_state is not null and ca_zip is not null) (type: boolean)
               Statistics: Num rows: 20 Data size: 3500 Basic stats: COMPLETE Column stats: COMPLETE
               Select Operator
                 expressions: ca_state (type: string), ca_zip (type: string)
diff --git a/ql/src/test/results/clientpositive/correlationoptimizer10.q.out b/ql/src/test/results/clientpositive/correlationoptimizer10.q.out
index 8a8920e7e4..a03acd38a7 100644
--- a/ql/src/test/results/clientpositive/correlationoptimizer10.q.out
+++ b/ql/src/test/results/clientpositive/correlationoptimizer10.q.out
@@ -401,7 +401,7 @@ STAGE PLANS:
             alias: y
             Statistics: Num rows: 500 Data size: 5312 Basic stats: COMPLETE Column stats: NONE
             Filter Operator
-              predicate: ((UDFToDouble(key) > 20.0) and (UDFToDouble(key) < 200.0)) (type: boolean)
+              predicate: ((UDFToDouble(key) < 200.0) and (UDFToDouble(key) > 20.0)) (type: boolean)
               Statistics: Num rows: 55 Data size: 584 Basic stats: COMPLETE Column stats: NONE
               Select Operator
                 expressions: key (type: string)
@@ -578,7 +578,7 @@ STAGE PLANS:
             alias: y
             Statistics: Num rows: 500 Data size: 5312 Basic stats: COMPLETE Column stats: NONE
             Filter Operator
-              predicate: ((UDFToDouble(key) > 20.0) and (UDFToDouble(key) < 200.0)) (type: boolean)
+              predicate: ((UDFToDouble(key) < 200.0) and (UDFToDouble(key) > 20.0)) (type: boolean)
               Statistics: Num rows: 55 Data size: 584 Basic stats: COMPLETE Column stats: NONE
               Select Operator
                 expressions: key (type: string)
diff --git a/ql/src/test/results/clientpositive/correlationoptimizer13.q.out b/ql/src/test/results/clientpositive/correlationoptimizer13.q.out
index 6a8fe7062b..6d4f931213 100644
--- a/ql/src/test/results/clientpositive/correlationoptimizer13.q.out
+++ b/ql/src/test/results/clientpositive/correlationoptimizer13.q.out
@@ -67,7 +67,7 @@ STAGE PLANS:
             alias: x1
             Statistics: Num rows: 1028 Data size: 22964 Basic stats: COMPLETE Column stats: NONE
             Filter Operator
-              predicate: ((c2 > 100) and (c1 < 120) and c3 is not null) (type: boolean)
+              predicate: ((c1 < 120) and (c2 > 100) and c3 is not null) (type: boolean)
               Statistics: Num rows: 114 Data size: 2546 Basic stats: COMPLETE Column stats: NONE
               Select Operator
                 expressions: c1 (type: int), c3 (type: string)
diff --git a/ql/src/test/results/clientpositive/correlationoptimizer9.q.out b/ql/src/test/results/clientpositive/correlationoptimizer9.q.out
index be54d33c45..5372408d2a 100644
--- a/ql/src/test/results/clientpositive/correlationoptimizer9.q.out
+++ b/ql/src/test/results/clientpositive/correlationoptimizer9.q.out
@@ -123,7 +123,7 @@ STAGE PLANS:
             alias: x1
             Statistics: Num rows: 1028 Data size: 22964 Basic stats: COMPLETE Column stats: NONE
             Filter Operator
-              predicate: ((c2 > 100) and (c2 < 120)) (type: boolean)
+              predicate: ((c2 < 120) and (c2 > 100)) (type: boolean)
               Statistics: Num rows: 114 Data size: 2546 Basic stats: COMPLETE Column stats: NONE
               Group By Operator
                 aggregations: count()
@@ -230,7 +230,7 @@ STAGE PLANS:
             alias: x1
             Statistics: Num rows: 1028 Data size: 22964 Basic stats: COMPLETE Column stats: NONE
             Filter Operator
-              predicate: ((c2 > 100) and (c2 < 120)) (type: boolean)
+              predicate: ((c2 < 120) and (c2 > 100)) (type: boolean)
               Statistics: Num rows: 114 Data size: 2546 Basic stats: COMPLETE Column stats: NONE
               Group By Operator
                 aggregations: count()
@@ -438,7 +438,7 @@ STAGE PLANS:
             alias: x1
             Statistics: Num rows: 1028 Data size: 22964 Basic stats: COMPLETE Column stats: NONE
             Filter Operator
-              predicate: ((c2 > 100) and (c1 < 120) and c3 is not null) (type: boolean)
+              predicate: ((c1 < 120) and (c2 > 100) and c3 is not null) (type: boolean)
               Statistics: Num rows: 114 Data size: 2546 Basic stats: COMPLETE Column stats: NONE
               Select Operator
                 expressions: c1 (type: int), c3 (type: string)
@@ -549,7 +549,7 @@ STAGE PLANS:
             alias: x1
             Statistics: Num rows: 1028 Data size: 22964 Basic stats: COMPLETE Column stats: NONE
             Filter Operator
-              predicate: ((c2 > 100) and (c1 < 120) and c3 is not null) (type: boolean)
+              predicate: ((c1 < 120) and (c2 > 100) and c3 is not null) (type: boolean)
               Statistics: Num rows: 114 Data size: 2546 Basic stats: COMPLETE Column stats: NONE
               Select Operator
                 expressions: c1 (type: int), c3 (type: string)
diff --git a/ql/src/test/results/clientpositive/except_all.q.out b/ql/src/test/results/clientpositive/except_all.q.out
index 4c8c4d2637..c4753b0d35 100644
--- a/ql/src/test/results/clientpositive/except_all.q.out
+++ b/ql/src/test/results/clientpositive/except_all.q.out
@@ -579,7 +579,7 @@ STAGE PLANS:
           outputColumnNames: _col0, _col1, _col2, _col3
           Statistics: Num rows: 187 Data size: 1986 Basic stats: COMPLETE Column stats: NONE
           Filter Operator
-            predicate: ((_col2 > 0) and ((_col2 * 2) = _col3)) (type: boolean)
+            predicate: (((_col2 * 2) = _col3) and (_col2 > 0)) (type: boolean)
             Statistics: Num rows: 31 Data size: 329 Basic stats: COMPLETE Column stats: NONE
             Select Operator
               expressions: _col0 (type: string), _col1 (type: string)
@@ -651,7 +651,7 @@ STAGE PLANS:
           outputColumnNames: _col0, _col1, _col2, _col3
           Statistics: Num rows: 132 Data size: 1402 Basic stats: COMPLETE Column stats: NONE
           Filter Operator
-            predicate: ((_col2 > 0) and ((_col2 * 2) = _col3)) (type: boolean)
+            predicate: (((_col2 * 2) = _col3) and (_col2 > 0)) (type: boolean)
             Statistics: Num rows: 22 Data size: 233 Basic stats: COMPLETE Column stats: NONE
             Select Operator
               expressions: _col0 (type: string), _col1 (type: string)
@@ -902,7 +902,7 @@ STAGE PLANS:
           outputColumnNames: _col0, _col1, _col2
           Statistics: Num rows: 1 Data size: 3 Basic stats: COMPLETE Column stats: NONE
           Filter Operator
-            predicate: ((_col1 > 0) and ((_col1 * 2) = _col2)) (type: boolean)
+            predicate: (((_col1 * 2) = _col2) and (_col1 > 0)) (type: boolean)
             Statistics: Num rows: 1 Data size: 3 Basic stats: COMPLETE Column stats: NONE
             Select Operator
               expressions: _col0 (type: int)
diff --git a/ql/src/test/results/clientpositive/filter_cond_pushdown.q.out b/ql/src/test/results/clientpositive/filter_cond_pushdown.q.out
index d986120357..8b95287b41 100644
--- a/ql/src/test/results/clientpositive/filter_cond_pushdown.q.out
+++ b/ql/src/test/results/clientpositive/filter_cond_pushdown.q.out
@@ -291,7 +291,7 @@ STAGE PLANS:
             alias: t3
             Statistics: Num rows: 20 Data size: 262 Basic stats: COMPLETE Column stats: NONE
             Filter Operator
-              predicate: ((c_int = 1) and (UDFToDouble(key) = 1.0)) (type: boolean)
+              predicate: ((UDFToDouble(key) = 1.0) and (c_int = 1)) (type: boolean)
               Statistics: Num rows: 5 Data size: 65 Basic stats: COMPLETE Column stats: NONE
               Select Operator
                 expressions: key (type: string), c_float (type: float)
@@ -313,7 +313,7 @@ STAGE PLANS:
           outputColumnNames: _col0, _col1, _col2, _col4
           Statistics: Num rows: 11 Data size: 144 Basic stats: COMPLETE Column stats: NONE
           Filter Operator
-            predicate: (((_col2 + _col4) > 2) or ((_col1 + 1) > 2)) (type: boolean)
+            predicate: (((_col1 + 1) > 2) or ((_col2 + _col4) > 2)) (type: boolean)
             Statistics: Num rows: 6 Data size: 78 Basic stats: COMPLETE Column stats: NONE
             Select Operator
               expressions: _col0 (type: string)
@@ -411,7 +411,7 @@ STAGE PLANS:
             alias: m
             Statistics: Num rows: 500 Data size: 5312 Basic stats: COMPLETE Column stats: NONE
             Filter Operator
-              predicate: ((value <> '') and ((value = '2008-04-10') or (value = '2008-04-08')) and key is not null) (type: boolean)
+              predicate: (((value = '2008-04-10') or (value = '2008-04-08')) and (value <> '') and key is not null) (type: boolean)
               Statistics: Num rows: 500 Data size: 5312 Basic stats: COMPLETE Column stats: NONE
               Select Operator
                 expressions: key (type: string), value (type: string)
diff --git a/ql/src/test/results/clientpositive/filter_cond_pushdown_HIVE_15647.q.out b/ql/src/test/results/clientpositive/filter_cond_pushdown_HIVE_15647.q.out
index 866c8fed9c..779bea3a26 100644
--- a/ql/src/test/results/clientpositive/filter_cond_pushdown_HIVE_15647.q.out
+++ b/ql/src/test/results/clientpositive/filter_cond_pushdown_HIVE_15647.q.out
@@ -48,7 +48,7 @@ STAGE PLANS:
             alias: store
             Statistics: Num rows: 1 Data size: 0 Basic stats: PARTIAL Column stats: NONE
             Filter Operator
-              predicate: (store_id is not null and salad_bar) (type: boolean)
+              predicate: (salad_bar and store_id is not null) (type: boolean)
               Statistics: Num rows: 1 Data size: 0 Basic stats: PARTIAL Column stats: NONE
               Reduce Output Operator
                 key expressions: store_id (type: int)
@@ -137,7 +137,7 @@ STAGE PLANS:
             alias: store
             Statistics: Num rows: 1 Data size: 0 Basic stats: PARTIAL Column stats: NONE
             Filter Operator
-              predicate: (store_id is not null and salad_bar) (type: boolean)
+              predicate: (salad_bar and store_id is not null) (type: boolean)
               Statistics: Num rows: 1 Data size: 0 Basic stats: PARTIAL Column stats: NONE
               Reduce Output Operator
                 key expressions: store_id (type: int)
@@ -226,7 +226,7 @@ STAGE PLANS:
             alias: store
             Statistics: Num rows: 1 Data size: 0 Basic stats: PARTIAL Column stats: NONE
             Filter Operator
-              predicate: (store_id is not null and (salad_bar = true)) (type: boolean)
+              predicate: ((salad_bar = true) and store_id is not null) (type: boolean)
               Statistics: Num rows: 1 Data size: 0 Basic stats: PARTIAL Column stats: NONE
               Reduce Output Operator
                 key expressions: store_id (type: int)
@@ -304,7 +304,7 @@ STAGE PLANS:
             alias: sales
             Statistics: Num rows: 1 Data size: 0 Basic stats: PARTIAL Column stats: NONE
             Filter Operator
-              predicate: (store_id is not null and (store_number > customer_id)) (type: boolean)
+              predicate: ((store_number > customer_id) and store_id is not null) (type: boolean)
               Statistics: Num rows: 1 Data size: 0 Basic stats: PARTIAL Column stats: NONE
               Reduce Output Operator
                 key expressions: store_id (type: int)
@@ -315,7 +315,7 @@ STAGE PLANS:
             alias: store
             Statistics: Num rows: 1 Data size: 0 Basic stats: PARTIAL Column stats: NONE
             Filter Operator
-              predicate: (store_id is not null and (salad_bar = false)) (type: boolean)
+              predicate: ((salad_bar = false) and store_id is not null) (type: boolean)
               Statistics: Num rows: 1 Data size: 0 Basic stats: PARTIAL Column stats: NONE
               Reduce Output Operator
                 key expressions: store_id (type: int)
diff --git a/ql/src/test/results/clientpositive/flatten_and_or.q.out b/ql/src/test/results/clientpositive/flatten_and_or.q.out
index 1d88fc98dd..5608c827d2 100644
--- a/ql/src/test/results/clientpositive/flatten_and_or.q.out
+++ b/ql/src/test/results/clientpositive/flatten_and_or.q.out
@@ -44,7 +44,7 @@ STAGE PLANS:
             alias: src
             Statistics: Num rows: 500 Data size: 5312 Basic stats: COMPLETE Column stats: NONE
             Filter Operator
-              predicate: (((key = '0') and (value = '8')) or ((key = '1') and (value = '5')) or ((key = '2') and (value = '6')) or ((key = '3') and (value = '8')) or ((key = '4') and (value = '1')) or ((key = '5') and (value = '6')) or ((key = '6') and (value = '1')) or ((key = '7') and (value = '1')) or ((key = '8') and (value = '1')) or ((key = '9') and (value = '1')) or ((key = '10') and (value = '3'))) (type: boolean)
+              predicate: (((key = '0') and (value = '8')) or ((key = '1') and (value = '5')) or ((key = '10') and (value = '3')) or ((key = '2') and (value = '6')) or ((key = '3') and (value = '8')) or ((key = '4') and (value = '1')) or ((key = '5') and (value = '6')) or ((key = '6') and (value = '1')) or ((key = '7') and (value = '1')) or ((key = '8') and (value = '1')) or ((key = '9') and (value = '1'))) (type: boolean)
               Statistics: Num rows: 500 Data size: 5312 Basic stats: COMPLETE Column stats: NONE
               Select Operator
                 expressions: key (type: string)
diff --git a/ql/src/test/results/clientpositive/fold_eq_with_case_when.q.out b/ql/src/test/results/clientpositive/fold_eq_with_case_when.q.out
index 4de8d01473..49e0d35d39 100644
--- a/ql/src/test/results/clientpositive/fold_eq_with_case_when.q.out
+++ b/ql/src/test/results/clientpositive/fold_eq_with_case_when.q.out
@@ -42,7 +42,7 @@ STAGE PLANS:
             alias: lineitem
             Statistics: Num rows: 100 Data size: 11999 Basic stats: COMPLETE Column stats: NONE
             Filter Operator
-              predicate: ((1996-03-30 = to_date(l_shipdate)) and ('RAIL' = l_shipmode)) (type: boolean)
+              predicate: (('RAIL' = l_shipmode) and (1996-03-30 = to_date(l_shipdate))) (type: boolean)
               Statistics: Num rows: 25 Data size: 2999 Basic stats: COMPLETE Column stats: NONE
               Select Operator
                 expressions: l_orderkey (type: int), (UDFToDouble(l_partkey) / 1000000.0) (type: double)
diff --git a/ql/src/test/results/clientpositive/folder_predicate.q.out b/ql/src/test/results/clientpositive/folder_predicate.q.out
index 0dd73473c5..9ad66152a0 100644
--- a/ql/src/test/results/clientpositive/folder_predicate.q.out
+++ b/ql/src/test/results/clientpositive/folder_predicate.q.out
@@ -35,7 +35,7 @@ STAGE PLANS:
             alias: predicate_fold_tb
             Statistics: Num rows: 6 Data size: 7 Basic stats: COMPLETE Column stats: NONE
             Filter Operator
-              predicate: (value is null or (value <> 3)) (type: boolean)
+              predicate: ((value <> 3) or value is null) (type: boolean)
               Statistics: Num rows: 6 Data size: 7 Basic stats: COMPLETE Column stats: NONE
               Select Operator
                 expressions: value (type: int)
@@ -86,7 +86,7 @@ STAGE PLANS:
             alias: predicate_fold_tb
             Statistics: Num rows: 6 Data size: 7 Basic stats: COMPLETE Column stats: NONE
             Filter Operator
-              predicate: (value is null or (value < 3)) (type: boolean)
+              predicate: ((value < 3) or value is null) (type: boolean)
               Statistics: Num rows: 5 Data size: 5 Basic stats: COMPLETE Column stats: NONE
               Select Operator
                 expressions: value (type: int)
@@ -135,7 +135,7 @@ STAGE PLANS:
             alias: predicate_fold_tb
             Statistics: Num rows: 6 Data size: 7 Basic stats: COMPLETE Column stats: NONE
             Filter Operator
-              predicate: (value is null or (value > 3)) (type: boolean)
+              predicate: ((value > 3) or value is null) (type: boolean)
               Statistics: Num rows: 5 Data size: 5 Basic stats: COMPLETE Column stats: NONE
               Select Operator
                 expressions: value (type: int)
@@ -184,7 +184,7 @@ STAGE PLANS:
             alias: predicate_fold_tb
             Statistics: Num rows: 6 Data size: 7 Basic stats: COMPLETE Column stats: NONE
             Filter Operator
-              predicate: (value is null or (value <= 3)) (type: boolean)
+              predicate: ((value <= 3) or value is null) (type: boolean)
               Statistics: Num rows: 5 Data size: 5 Basic stats: COMPLETE Column stats: NONE
               Select Operator
                 expressions: value (type: int)
@@ -234,7 +234,7 @@ STAGE PLANS:
             alias: predicate_fold_tb
             Statistics: Num rows: 6 Data size: 7 Basic stats: COMPLETE Column stats: NONE
             Filter Operator
-              predicate: (value is null or (value >= 3)) (type: boolean)
+              predicate: ((value >= 3) or value is null) (type: boolean)
               Statistics: Num rows: 5 Data size: 5 Basic stats: COMPLETE Column stats: NONE
               Select Operator
                 expressions: value (type: int)
@@ -284,7 +284,7 @@ STAGE PLANS:
             alias: predicate_fold_tb
             Statistics: Num rows: 6 Data size: 7 Basic stats: COMPLETE Column stats: NONE
             Filter Operator
-              predicate: (value is null or (value = 3)) (type: boolean)
+              predicate: ((value = 3) or value is null) (type: boolean)
               Statistics: Num rows: 6 Data size: 7 Basic stats: COMPLETE Column stats: NONE
               Select Operator
                 expressions: value (type: int)
@@ -332,7 +332,7 @@ STAGE PLANS:
             alias: predicate_fold_tb
             Statistics: Num rows: 6 Data size: 7 Basic stats: COMPLETE Column stats: NONE
             Filter Operator
-              predicate: (value is null or (value <= 1) or (value > 3)) (type: boolean)
+              predicate: ((value <= 1) or (value > 3) or value is null) (type: boolean)
               Statistics: Num rows: 6 Data size: 7 Basic stats: COMPLETE Column stats: NONE
               Select Operator
                 expressions: value (type: int)
diff --git a/ql/src/test/results/clientpositive/fouter_join_ppr.q.out b/ql/src/test/results/clientpositive/fouter_join_ppr.q.out
index c1bb62e1f1..55d2a4d04b 100644
--- a/ql/src/test/results/clientpositive/fouter_join_ppr.q.out
+++ b/ql/src/test/results/clientpositive/fouter_join_ppr.q.out
@@ -51,7 +51,7 @@ STAGE PLANS:
             GatherStats: false
             Filter Operator
               isSamplingPred: false
-              predicate: ((UDFToDouble(key) > 15.0) and (UDFToDouble(key) < 20.0)) (type: boolean)
+              predicate: ((UDFToDouble(key) < 20.0) and (UDFToDouble(key) > 15.0)) (type: boolean)
               Statistics: Num rows: 111 Data size: 1179 Basic stats: COMPLETE Column stats: NONE
               Select Operator
                 expressions: key (type: string), value (type: string)
@@ -345,7 +345,7 @@ STAGE PLANS:
             GatherStats: false
             Filter Operator
               isSamplingPred: false
-              predicate: ((UDFToDouble(key) > 15.0) and (UDFToDouble(key) < 20.0)) (type: boolean)
+              predicate: ((UDFToDouble(key) < 20.0) and (UDFToDouble(key) > 15.0)) (type: boolean)
               Statistics: Num rows: 55 Data size: 584 Basic stats: COMPLETE Column stats: NONE
               Select Operator
                 expressions: key (type: string), value (type: string)
@@ -643,7 +643,7 @@ STAGE PLANS:
             GatherStats: false
             Filter Operator
               isSamplingPred: false
-              predicate: ((UDFToDouble(key) > 15.0) and (UDFToDouble(key) < 20.0)) (type: boolean)
+              predicate: ((UDFToDouble(key) < 20.0) and (UDFToDouble(key) > 15.0)) (type: boolean)
               Statistics: Num rows: 111 Data size: 1179 Basic stats: COMPLETE Column stats: NONE
               Select Operator
                 expressions: key (type: string), value (type: string)
@@ -937,7 +937,7 @@ STAGE PLANS:
             GatherStats: false
             Filter Operator
               isSamplingPred: false
-              predicate: ((UDFToDouble(key) > 15.0) and (UDFToDouble(key) < 20.0)) (type: boolean)
+              predicate: ((UDFToDouble(key) < 20.0) and (UDFToDouble(key) > 15.0)) (type: boolean)
               Statistics: Num rows: 55 Data size: 584 Basic stats: COMPLETE Column stats: NONE
               Select Operator
                 expressions: key (type: string), value (type: string)
diff --git a/ql/src/test/results/clientpositive/groupby_grouping_sets_grouping.q.out b/ql/src/test/results/clientpositive/groupby_grouping_sets_grouping.q.out
index 39dd731f34..aa0db5e102 100644
--- a/ql/src/test/results/clientpositive/groupby_grouping_sets_grouping.q.out
+++ b/ql/src/test/results/clientpositive/groupby_grouping_sets_grouping.q.out
@@ -314,7 +314,7 @@ STAGE PLANS:
           outputColumnNames: _col0, _col1, _col2
           Statistics: Num rows: 6 Data size: 60 Basic stats: COMPLETE Column stats: NONE
           Filter Operator
-            predicate: ((grouping(_col2, 1) = 1) or (grouping(_col2, 0) = 1)) (type: boolean)
+            predicate: ((grouping(_col2, 0) = 1) or (grouping(_col2, 1) = 1)) (type: boolean)
             Statistics: Num rows: 6 Data size: 60 Basic stats: COMPLETE Column stats: NONE
             Select Operator
               expressions: _col0 (type: int), _col1 (type: int), (grouping(_col2, 1) + grouping(_col2, 0)) (type: int), CASE WHEN (((grouping(_col2, 1) + grouping(_col2, 0)) = 1)) THEN (_col0) ELSE (null) END (type: int)
@@ -667,7 +667,7 @@ STAGE PLANS:
                 outputColumnNames: _col0, _col1, _col2
                 Statistics: Num rows: 12 Data size: 120 Basic stats: COMPLETE Column stats: NONE
                 Filter Operator
-                  predicate: ((grouping(_col2, 1) = 1) or (grouping(_col2, 0) = 1)) (type: boolean)
+                  predicate: ((grouping(_col2, 0) = 1) or (grouping(_col2, 1) = 1)) (type: boolean)
                   Statistics: Num rows: 12 Data size: 120 Basic stats: COMPLETE Column stats: NONE
                   Reduce Output Operator
                     key expressions: _col0 (type: int), _col1 (type: int), _col2 (type: int)
diff --git a/ql/src/test/results/clientpositive/groupby_multi_single_reducer3.q.out b/ql/src/test/results/clientpositive/groupby_multi_single_reducer3.q.out
index e41d9ef021..07997d2125 100644
--- a/ql/src/test/results/clientpositive/groupby_multi_single_reducer3.q.out
+++ b/ql/src/test/results/clientpositive/groupby_multi_single_reducer3.q.out
@@ -51,7 +51,7 @@ STAGE PLANS:
             alias: src
             Statistics: Num rows: 500 Data size: 5312 Basic stats: COMPLETE Column stats: NONE
             Filter Operator
-              predicate: (((value) IN ('val_400', 'val_500') and (key) IN (400, 450)) or ((value) IN ('val_100', 'val_200', 'val_300') and (key) IN (100, 150, 200))) (type: boolean)
+              predicate: (((value) IN ('val_100', 'val_200', 'val_300') and (key) IN (100, 150, 200)) or ((value) IN ('val_400', 'val_500') and (key) IN (400, 450))) (type: boolean)
               Statistics: Num rows: 250 Data size: 2656 Basic stats: COMPLETE Column stats: NONE
               Reduce Output Operator
                 key expressions: key (type: string)
@@ -63,7 +63,7 @@ STAGE PLANS:
         Forward
           Statistics: Num rows: 250 Data size: 2656 Basic stats: COMPLETE Column stats: NONE
           Filter Operator
-            predicate: ((VALUE._col0) IN ('val_100', 'val_200', 'val_300') and (KEY._col0) IN (100, 150, 200)) (type: boolean)
+            predicate: ((KEY._col0) IN (100, 150, 200) and (VALUE._col0) IN ('val_100', 'val_200', 'val_300')) (type: boolean)
             Statistics: Num rows: 63 Data size: 669 Basic stats: COMPLETE Column stats: NONE
             Group By Operator
               aggregations: count()
@@ -84,7 +84,7 @@ STAGE PLANS:
                       serde: org.apache.hadoop.hive.serde2.lazy.LazySimpleSerDe
                       name: default.e1
           Filter Operator
-            predicate: ((VALUE._col0) IN ('val_400', 'val_500') and (KEY._col0) IN (400, 450)) (type: boolean)
+            predicate: ((KEY._col0) IN (400, 450) and (VALUE._col0) IN ('val_400', 'val_500')) (type: boolean)
             Statistics: Num rows: 63 Data size: 669 Basic stats: COMPLETE Column stats: NONE
             Group By Operator
               aggregations: count()
@@ -217,7 +217,7 @@ STAGE PLANS:
             alias: src
             Statistics: Num rows: 500 Data size: 5312 Basic stats: COMPLETE Column stats: NONE
             Filter Operator
-              predicate: ((((key + key) = 400) or (((key - 100) = 500) and value is not null)) or (((key + key) = 200) or ((key - 100) = 100) or ((key = 300) and value is not null))) (type: boolean)
+              predicate: ((((key + key) = 200) or ((key - 100) = 100) or ((key = 300) and value is not null)) or (((key + key) = 400) or (((key - 100) = 500) and value is not null))) (type: boolean)
               Statistics: Num rows: 500 Data size: 5312 Basic stats: COMPLETE Column stats: NONE
               Reduce Output Operator
                 key expressions: value (type: string)
@@ -250,7 +250,7 @@ STAGE PLANS:
                       serde: org.apache.hadoop.hive.serde2.lazy.LazySimpleSerDe
                       name: default.e1
           Filter Operator
-            predicate: (((VALUE._col0 + VALUE._col0) = 400) or (((VALUE._col0 - 100) = 500) and KEY._col0 is not null)) (type: boolean)
+            predicate: ((((VALUE._col0 - 100) = 500) and KEY._col0 is not null) or ((VALUE._col0 + VALUE._col0) = 400)) (type: boolean)
             Statistics: Num rows: 500 Data size: 5312 Basic stats: COMPLETE Column stats: NONE
             Group By Operator
               aggregations: count()
@@ -383,7 +383,7 @@ STAGE PLANS:
             alias: src
             Statistics: Num rows: 500 Data size: 5312 Basic stats: COMPLETE Column stats: NONE
             Filter Operator
-              predicate: (((value) IN ('val_400', 'val_500') and (key) IN (400, 450)) or ((value) IN ('val_100', 'val_200', 'val_300') and (key) IN (100, 150, 200))) (type: boolean)
+              predicate: (((value) IN ('val_100', 'val_200', 'val_300') and (key) IN (100, 150, 200)) or ((value) IN ('val_400', 'val_500') and (key) IN (400, 450))) (type: boolean)
               Statistics: Num rows: 250 Data size: 2656 Basic stats: COMPLETE Column stats: NONE
               Reduce Output Operator
                 key expressions: key (type: string)
@@ -395,7 +395,7 @@ STAGE PLANS:
         Forward
           Statistics: Num rows: 250 Data size: 2656 Basic stats: COMPLETE Column stats: NONE
           Filter Operator
-            predicate: ((VALUE._col0) IN ('val_100', 'val_200', 'val_300') and (KEY._col0) IN (100, 150, 200)) (type: boolean)
+            predicate: ((KEY._col0) IN (100, 150, 200) and (VALUE._col0) IN ('val_100', 'val_200', 'val_300')) (type: boolean)
             Statistics: Num rows: 63 Data size: 669 Basic stats: COMPLETE Column stats: NONE
             Group By Operator
               aggregations: count()
@@ -416,7 +416,7 @@ STAGE PLANS:
                       serde: org.apache.hadoop.hive.serde2.lazy.LazySimpleSerDe
                       name: default.e1
           Filter Operator
-            predicate: ((VALUE._col0) IN ('val_400', 'val_500') and (KEY._col0) IN (400, 450)) (type: boolean)
+            predicate: ((KEY._col0) IN (400, 450) and (VALUE._col0) IN ('val_400', 'val_500')) (type: boolean)
             Statistics: Num rows: 63 Data size: 669 Basic stats: COMPLETE Column stats: NONE
             Group By Operator
               aggregations: count()
@@ -549,7 +549,7 @@ STAGE PLANS:
             alias: src
             Statistics: Num rows: 500 Data size: 5312 Basic stats: COMPLETE Column stats: NONE
             Filter Operator
-              predicate: ((((key + key) = 400) or (((key - 100) = 500) and value is not null)) or (((key + key) = 200) or ((key - 100) = 100) or ((key = 300) and value is not null))) (type: boolean)
+              predicate: ((((key + key) = 200) or ((key - 100) = 100) or ((key = 300) and value is not null)) or (((key + key) = 400) or (((key - 100) = 500) and value is not null))) (type: boolean)
               Statistics: Num rows: 500 Data size: 5312 Basic stats: COMPLETE Column stats: NONE
               Reduce Output Operator
                 key expressions: value (type: string)
@@ -582,7 +582,7 @@ STAGE PLANS:
                       serde: org.apache.hadoop.hive.serde2.lazy.LazySimpleSerDe
                       name: default.e1
           Filter Operator
-            predicate: (((VALUE._col0 + VALUE._col0) = 400) or (((VALUE._col0 - 100) = 500) and KEY._col0 is not null)) (type: boolean)
+            predicate: ((((VALUE._col0 - 100) = 500) and KEY._col0 is not null) or ((VALUE._col0 + VALUE._col0) = 400)) (type: boolean)
             Statistics: Num rows: 500 Data size: 5312 Basic stats: COMPLETE Column stats: NONE
             Group By Operator
               aggregations: count()
diff --git a/ql/src/test/results/clientpositive/groupby_position.q.out b/ql/src/test/results/clientpositive/groupby_position.q.out
index 2ec9ecd614..12c5f3fde9 100644
--- a/ql/src/test/results/clientpositive/groupby_position.q.out
+++ b/ql/src/test/results/clientpositive/groupby_position.q.out
@@ -631,7 +631,7 @@ STAGE PLANS:
             alias: src2
             Statistics: Num rows: 500 Data size: 5312 Basic stats: COMPLETE Column stats: NONE
             Filter Operator
-              predicate: ((UDFToDouble(key) > 15.0) and (UDFToDouble(key) < 20.0)) (type: boolean)
+              predicate: ((UDFToDouble(key) < 20.0) and (UDFToDouble(key) > 15.0)) (type: boolean)
               Statistics: Num rows: 55 Data size: 584 Basic stats: COMPLETE Column stats: NONE
               Group By Operator
                 keys: key (type: string), value (type: string)
diff --git a/ql/src/test/results/clientpositive/having2.q.out b/ql/src/test/results/clientpositive/having2.q.out
index 83d367f065..80301bfc04 100644
--- a/ql/src/test/results/clientpositive/having2.q.out
+++ b/ql/src/test/results/clientpositive/having2.q.out
@@ -155,7 +155,7 @@ STAGE PLANS:
           outputColumnNames: _col0, _col1, _col2, _col3
           Statistics: Num rows: 1 Data size: 0 Basic stats: PARTIAL Column stats: NONE
           Filter Operator
-            predicate: ((_col3 <= 822) and (_col1 <= 4074689.000000041)) (type: boolean)
+            predicate: ((_col1 <= 4074689.000000041) and (_col3 <= 822)) (type: boolean)
             Statistics: Num rows: 1 Data size: 0 Basic stats: PARTIAL Column stats: NONE
             Select Operator
               expressions: _col0 (type: string), _col1 (type: double), _col2 (type: double)
diff --git a/ql/src/test/results/clientpositive/identity_project_remove_skip.q.out b/ql/src/test/results/clientpositive/identity_project_remove_skip.q.out
index eaa48a0e73..2d2b07a86a 100644
--- a/ql/src/test/results/clientpositive/identity_project_remove_skip.q.out
+++ b/ql/src/test/results/clientpositive/identity_project_remove_skip.q.out
@@ -34,7 +34,7 @@ STAGE PLANS:
             alias: src
             Statistics: Num rows: 500 Data size: 5312 Basic stats: COMPLETE Column stats: NONE
             Filter Operator
-              predicate: ((value = 'val_105') and (key = '105')) (type: boolean)
+              predicate: ((key = '105') and (value = 'val_105')) (type: boolean)
               Statistics: Num rows: 125 Data size: 1328 Basic stats: COMPLETE Column stats: NONE
               Select Operator
                 Statistics: Num rows: 125 Data size: 1328 Basic stats: COMPLETE Column stats: NONE
diff --git a/ql/src/test/results/clientpositive/index_auto.q.out b/ql/src/test/results/clientpositive/index_auto.q.out
index 76ed49ec8f..654e419f8b 100644
--- a/ql/src/test/results/clientpositive/index_auto.q.out
+++ b/ql/src/test/results/clientpositive/index_auto.q.out
@@ -66,7 +66,7 @@ STAGE PLANS:
             alias: src
             Statistics: Num rows: 500 Data size: 5312 Basic stats: COMPLETE Column stats: NONE
             Filter Operator
-              predicate: ((UDFToDouble(key) > 80.0) and (UDFToDouble(key) < 100.0)) (type: boolean)
+              predicate: ((UDFToDouble(key) < 100.0) and (UDFToDouble(key) > 80.0)) (type: boolean)
               Statistics: Num rows: 55 Data size: 584 Basic stats: COMPLETE Column stats: NONE
               Select Operator
                 expressions: key (type: string), value (type: string)
@@ -136,7 +136,7 @@ STAGE PLANS:
             alias: default__src_src_index__
             filterExpr: ((UDFToDouble(key) > 80.0) and (UDFToDouble(key) < 100.0)) (type: boolean)
             Filter Operator
-              predicate: ((UDFToDouble(key) > 80.0) and (UDFToDouble(key) < 100.0)) (type: boolean)
+              predicate: ((UDFToDouble(key) < 100.0) and (UDFToDouble(key) > 80.0)) (type: boolean)
               Select Operator
                 expressions: _bucketname (type: string), _offsets (type: array<bigint>)
                 outputColumnNames: _col0, _col1
@@ -170,7 +170,7 @@ STAGE PLANS:
             filterExpr: ((UDFToDouble(key) > 80.0) and (UDFToDouble(key) < 100.0)) (type: boolean)
             Statistics: Num rows: 500 Data size: 5312 Basic stats: COMPLETE Column stats: NONE
             Filter Operator
-              predicate: ((UDFToDouble(key) > 80.0) and (UDFToDouble(key) < 100.0)) (type: boolean)
+              predicate: ((UDFToDouble(key) < 100.0) and (UDFToDouble(key) > 80.0)) (type: boolean)
               Statistics: Num rows: 55 Data size: 584 Basic stats: COMPLETE Column stats: NONE
               Select Operator
                 expressions: key (type: string), value (type: string)
diff --git a/ql/src/test/results/clientpositive/index_auto_mult_tables.q.out b/ql/src/test/results/clientpositive/index_auto_mult_tables.q.out
index 594fa2634f..d970b25404 100644
--- a/ql/src/test/results/clientpositive/index_auto_mult_tables.q.out
+++ b/ql/src/test/results/clientpositive/index_auto_mult_tables.q.out
@@ -14,7 +14,7 @@ STAGE PLANS:
             alias: a
             Statistics: Num rows: 500 Data size: 5312 Basic stats: COMPLETE Column stats: NONE
             Filter Operator
-              predicate: ((UDFToDouble(key) > 80.0) and (UDFToDouble(key) < 90.0)) (type: boolean)
+              predicate: ((UDFToDouble(key) < 90.0) and (UDFToDouble(key) > 80.0)) (type: boolean)
               Statistics: Num rows: 55 Data size: 584 Basic stats: COMPLETE Column stats: NONE
               Select Operator
                 expressions: key (type: string), value (type: string)
@@ -214,7 +214,7 @@ STAGE PLANS:
             alias: default__src_src_index_bitmap__
             filterExpr: ((UDFToDouble(key) > 80.0) and (UDFToDouble(key) < 90.0) and (not EWAH_BITMAP_EMPTY(_bitmaps))) (type: boolean)
             Filter Operator
-              predicate: ((UDFToDouble(key) > 80.0) and (UDFToDouble(key) < 90.0) and (not EWAH_BITMAP_EMPTY(_bitmaps))) (type: boolean)
+              predicate: ((UDFToDouble(key) < 90.0) and (UDFToDouble(key) > 80.0) and (not EWAH_BITMAP_EMPTY(_bitmaps))) (type: boolean)
               Select Operator
                 expressions: _bucketname (type: string), _offset (type: bigint)
                 outputColumnNames: _bucketname, _offset
@@ -255,7 +255,7 @@ STAGE PLANS:
             filterExpr: ((UDFToDouble(key) > 80.0) and (UDFToDouble(key) < 90.0)) (type: boolean)
             Statistics: Num rows: 500 Data size: 5312 Basic stats: COMPLETE Column stats: NONE
             Filter Operator
-              predicate: ((UDFToDouble(key) > 80.0) and (UDFToDouble(key) < 90.0)) (type: boolean)
+              predicate: ((UDFToDouble(key) < 90.0) and (UDFToDouble(key) > 80.0)) (type: boolean)
               Statistics: Num rows: 55 Data size: 584 Basic stats: COMPLETE Column stats: NONE
               Select Operator
                 expressions: key (type: string), value (type: string)
diff --git a/ql/src/test/results/clientpositive/index_auto_mult_tables_compact.q.out b/ql/src/test/results/clientpositive/index_auto_mult_tables_compact.q.out
index 685f612efd..65eb0de5fe 100644
--- a/ql/src/test/results/clientpositive/index_auto_mult_tables_compact.q.out
+++ b/ql/src/test/results/clientpositive/index_auto_mult_tables_compact.q.out
@@ -14,7 +14,7 @@ STAGE PLANS:
             alias: a
             Statistics: Num rows: 500 Data size: 5312 Basic stats: COMPLETE Column stats: NONE
             Filter Operator
-              predicate: ((UDFToDouble(key) > 80.0) and (UDFToDouble(key) < 90.0)) (type: boolean)
+              predicate: ((UDFToDouble(key) < 90.0) and (UDFToDouble(key) > 80.0)) (type: boolean)
               Statistics: Num rows: 55 Data size: 584 Basic stats: COMPLETE Column stats: NONE
               Select Operator
                 expressions: key (type: string), value (type: string)
@@ -219,7 +219,7 @@ STAGE PLANS:
             alias: default__src_src_index_compact__
             filterExpr: ((UDFToDouble(key) > 80.0) and (UDFToDouble(key) < 90.0)) (type: boolean)
             Filter Operator
-              predicate: ((UDFToDouble(key) > 80.0) and (UDFToDouble(key) < 90.0)) (type: boolean)
+              predicate: ((UDFToDouble(key) < 90.0) and (UDFToDouble(key) > 80.0)) (type: boolean)
               Select Operator
                 expressions: _bucketname (type: string), _offsets (type: array<bigint>)
                 outputColumnNames: _col0, _col1
@@ -253,7 +253,7 @@ STAGE PLANS:
             filterExpr: ((UDFToDouble(key) > 80.0) and (UDFToDouble(key) < 90.0)) (type: boolean)
             Statistics: Num rows: 500 Data size: 5312 Basic stats: COMPLETE Column stats: NONE
             Filter Operator
-              predicate: ((UDFToDouble(key) > 80.0) and (UDFToDouble(key) < 90.0)) (type: boolean)
+              predicate: ((UDFToDouble(key) < 90.0) and (UDFToDouble(key) > 80.0)) (type: boolean)
               Statistics: Num rows: 55 Data size: 584 Basic stats: COMPLETE Column stats: NONE
               Select Operator
                 expressions: key (type: string), value (type: string)
diff --git a/ql/src/test/results/clientpositive/index_auto_self_join.q.out b/ql/src/test/results/clientpositive/index_auto_self_join.q.out
index 43af41905d..08c851b319 100644
--- a/ql/src/test/results/clientpositive/index_auto_self_join.q.out
+++ b/ql/src/test/results/clientpositive/index_auto_self_join.q.out
@@ -14,7 +14,7 @@ STAGE PLANS:
             alias: a
             Statistics: Num rows: 500 Data size: 5312 Basic stats: COMPLETE Column stats: NONE
             Filter Operator
-              predicate: ((UDFToDouble(key) > 80.0) and (UDFToDouble(key) < 100.0) and value is not null) (type: boolean)
+              predicate: ((UDFToDouble(key) < 100.0) and (UDFToDouble(key) > 80.0) and value is not null) (type: boolean)
               Statistics: Num rows: 55 Data size: 584 Basic stats: COMPLETE Column stats: NONE
               Select Operator
                 expressions: key (type: string), value (type: string)
@@ -30,7 +30,7 @@ STAGE PLANS:
             alias: b
             Statistics: Num rows: 500 Data size: 5312 Basic stats: COMPLETE Column stats: NONE
             Filter Operator
-              predicate: ((UDFToDouble(key) > 70.0) and (UDFToDouble(key) < 90.0) and value is not null) (type: boolean)
+              predicate: ((UDFToDouble(key) < 90.0) and (UDFToDouble(key) > 70.0) and value is not null) (type: boolean)
               Statistics: Num rows: 55 Data size: 584 Basic stats: COMPLETE Column stats: NONE
               Select Operator
                 expressions: key (type: string), value (type: string)
@@ -128,7 +128,7 @@ STAGE PLANS:
             alias: default__src_src_index__
             filterExpr: ((UDFToDouble(key) > 80.0) and (UDFToDouble(key) < 100.0) and (not EWAH_BITMAP_EMPTY(_bitmaps))) (type: boolean)
             Filter Operator
-              predicate: ((UDFToDouble(key) > 80.0) and (UDFToDouble(key) < 100.0) and (not EWAH_BITMAP_EMPTY(_bitmaps))) (type: boolean)
+              predicate: ((UDFToDouble(key) < 100.0) and (UDFToDouble(key) > 80.0) and (not EWAH_BITMAP_EMPTY(_bitmaps))) (type: boolean)
               Select Operator
                 expressions: _bucketname (type: string), _offset (type: bigint)
                 outputColumnNames: _bucketname, _offset
@@ -169,7 +169,7 @@ STAGE PLANS:
             filterExpr: ((UDFToDouble(key) > 80.0) and (UDFToDouble(key) < 100.0) and value is not null) (type: boolean)
             Statistics: Num rows: 500 Data size: 5312 Basic stats: COMPLETE Column stats: NONE
             Filter Operator
-              predicate: ((UDFToDouble(key) > 80.0) and (UDFToDouble(key) < 100.0) and value is not null) (type: boolean)
+              predicate: ((UDFToDouble(key) < 100.0) and (UDFToDouble(key) > 80.0) and value is not null) (type: boolean)
               Statistics: Num rows: 55 Data size: 584 Basic stats: COMPLETE Column stats: NONE
               Select Operator
                 expressions: key (type: string), value (type: string)
@@ -186,7 +186,7 @@ STAGE PLANS:
             filterExpr: ((UDFToDouble(key) > 70.0) and (UDFToDouble(key) < 90.0) and value is not null) (type: boolean)
             Statistics: Num rows: 500 Data size: 5312 Basic stats: COMPLETE Column stats: NONE
             Filter Operator
-              predicate: ((UDFToDouble(key) > 70.0) and (UDFToDouble(key) < 90.0) and value is not null) (type: boolean)
+              predicate: ((UDFToDouble(key) < 90.0) and (UDFToDouble(key) > 70.0) and value is not null) (type: boolean)
               Statistics: Num rows: 55 Data size: 584 Basic stats: COMPLETE Column stats: NONE
               Select Operator
                 expressions: key (type: string), value (type: string)
@@ -226,7 +226,7 @@ STAGE PLANS:
             alias: default__src_src_index__
             filterExpr: ((UDFToDouble(key) > 70.0) and (UDFToDouble(key) < 90.0) and (not EWAH_BITMAP_EMPTY(_bitmaps))) (type: boolean)
             Filter Operator
-              predicate: ((UDFToDouble(key) > 70.0) and (UDFToDouble(key) < 90.0) and (not EWAH_BITMAP_EMPTY(_bitmaps))) (type: boolean)
+              predicate: ((UDFToDouble(key) < 90.0) and (UDFToDouble(key) > 70.0) and (not EWAH_BITMAP_EMPTY(_bitmaps))) (type: boolean)
               Select Operator
                 expressions: _bucketname (type: string), _offset (type: bigint)
                 outputColumnNames: _bucketname, _offset
diff --git a/ql/src/test/results/clientpositive/index_auto_unused.q.out b/ql/src/test/results/clientpositive/index_auto_unused.q.out
index cff53137cd..a960d96ea1 100644
--- a/ql/src/test/results/clientpositive/index_auto_unused.q.out
+++ b/ql/src/test/results/clientpositive/index_auto_unused.q.out
@@ -33,7 +33,7 @@ STAGE PLANS:
             filterExpr: ((UDFToDouble(key) > 80.0) and (UDFToDouble(key) < 100.0)) (type: boolean)
             Statistics: Num rows: 500 Data size: 5312 Basic stats: COMPLETE Column stats: NONE
             Filter Operator
-              predicate: ((UDFToDouble(key) > 80.0) and (UDFToDouble(key) < 100.0)) (type: boolean)
+              predicate: ((UDFToDouble(key) < 100.0) and (UDFToDouble(key) > 80.0)) (type: boolean)
               Statistics: Num rows: 55 Data size: 584 Basic stats: COMPLETE Column stats: NONE
               Select Operator
                 expressions: key (type: string), value (type: string)
@@ -97,7 +97,7 @@ STAGE PLANS:
             filterExpr: ((UDFToDouble(key) > 80.0) and (UDFToDouble(key) < 100.0)) (type: boolean)
             Statistics: Num rows: 500 Data size: 5312 Basic stats: COMPLETE Column stats: NONE
             Filter Operator
-              predicate: ((UDFToDouble(key) > 80.0) and (UDFToDouble(key) < 100.0)) (type: boolean)
+              predicate: ((UDFToDouble(key) < 100.0) and (UDFToDouble(key) > 80.0)) (type: boolean)
               Statistics: Num rows: 55 Data size: 584 Basic stats: COMPLETE Column stats: NONE
               Select Operator
                 expressions: key (type: string), value (type: string)
@@ -262,7 +262,7 @@ STAGE PLANS:
             filterExpr: ((UDFToDouble(key) > 80.0) and (UDFToDouble(key) < 100.0)) (type: boolean)
             Statistics: Num rows: 500 Data size: 5312 Basic stats: COMPLETE Column stats: NONE
             Filter Operator
-              predicate: ((UDFToDouble(key) > 80.0) and (UDFToDouble(key) < 100.0)) (type: boolean)
+              predicate: ((UDFToDouble(key) < 100.0) and (UDFToDouble(key) > 80.0)) (type: boolean)
               Statistics: Num rows: 55 Data size: 584 Basic stats: COMPLETE Column stats: NONE
               Select Operator
                 expressions: key (type: string), value (type: string)
diff --git a/ql/src/test/results/clientpositive/index_bitmap_compression.q.out b/ql/src/test/results/clientpositive/index_bitmap_compression.q.out
index b5b9a9914c..1f8e40abb0 100644
--- a/ql/src/test/results/clientpositive/index_bitmap_compression.q.out
+++ b/ql/src/test/results/clientpositive/index_bitmap_compression.q.out
@@ -35,7 +35,7 @@ STAGE PLANS:
             alias: default__src_src_index__
             filterExpr: ((UDFToDouble(key) > 80.0) and (UDFToDouble(key) < 100.0) and (not EWAH_BITMAP_EMPTY(_bitmaps))) (type: boolean)
             Filter Operator
-              predicate: ((UDFToDouble(key) > 80.0) and (UDFToDouble(key) < 100.0) and (not EWAH_BITMAP_EMPTY(_bitmaps))) (type: boolean)
+              predicate: ((UDFToDouble(key) < 100.0) and (UDFToDouble(key) > 80.0) and (not EWAH_BITMAP_EMPTY(_bitmaps))) (type: boolean)
               Select Operator
                 expressions: _bucketname (type: string), _offset (type: bigint)
                 outputColumnNames: _bucketname, _offset
@@ -76,7 +76,7 @@ STAGE PLANS:
             filterExpr: ((UDFToDouble(key) > 80.0) and (UDFToDouble(key) < 100.0)) (type: boolean)
             Statistics: Num rows: 500 Data size: 5312 Basic stats: COMPLETE Column stats: NONE
             Filter Operator
-              predicate: ((UDFToDouble(key) > 80.0) and (UDFToDouble(key) < 100.0)) (type: boolean)
+              predicate: ((UDFToDouble(key) < 100.0) and (UDFToDouble(key) > 80.0)) (type: boolean)
               Statistics: Num rows: 55 Data size: 584 Basic stats: COMPLETE Column stats: NONE
               Select Operator
                 expressions: key (type: string), value (type: string)
diff --git a/ql/src/test/results/clientpositive/index_compression.q.out b/ql/src/test/results/clientpositive/index_compression.q.out
index 41253a844d..a2c0d2702b 100644
--- a/ql/src/test/results/clientpositive/index_compression.q.out
+++ b/ql/src/test/results/clientpositive/index_compression.q.out
@@ -39,7 +39,7 @@ STAGE PLANS:
             alias: default__src_src_index__
             filterExpr: ((UDFToDouble(key) > 80.0) and (UDFToDouble(key) < 100.0)) (type: boolean)
             Filter Operator
-              predicate: ((UDFToDouble(key) > 80.0) and (UDFToDouble(key) < 100.0)) (type: boolean)
+              predicate: ((UDFToDouble(key) < 100.0) and (UDFToDouble(key) > 80.0)) (type: boolean)
               Select Operator
                 expressions: _bucketname (type: string), _offsets (type: array<bigint>)
                 outputColumnNames: _col0, _col1
@@ -73,7 +73,7 @@ STAGE PLANS:
             filterExpr: ((UDFToDouble(key) > 80.0) and (UDFToDouble(key) < 100.0)) (type: boolean)
             Statistics: Num rows: 500 Data size: 5312 Basic stats: COMPLETE Column stats: NONE
             Filter Operator
-              predicate: ((UDFToDouble(key) > 80.0) and (UDFToDouble(key) < 100.0)) (type: boolean)
+              predicate: ((UDFToDouble(key) < 100.0) and (UDFToDouble(key) > 80.0)) (type: boolean)
               Statistics: Num rows: 55 Data size: 584 Basic stats: COMPLETE Column stats: NONE
               Select Operator
                 expressions: key (type: string), value (type: string)
diff --git a/ql/src/test/results/clientpositive/infer_const_type.q.out b/ql/src/test/results/clientpositive/infer_const_type.q.out
index 08f53ac9bc..176edaff10 100644
--- a/ql/src/test/results/clientpositive/infer_const_type.q.out
+++ b/ql/src/test/results/clientpositive/infer_const_type.q.out
@@ -59,7 +59,7 @@ STAGE PLANS:
             alias: infertypes
             Statistics: Num rows: 1 Data size: 117 Basic stats: COMPLETE Column stats: NONE
             Filter Operator
-              predicate: ((ti = 127) and (si = 32767) and (i = 12345) and (bi = -12345) and (fl = 906) and (db = -307.0) and (UDFToDouble(str) = 1234.0)) (type: boolean)
+              predicate: ((UDFToDouble(str) = 1234.0) and (bi = -12345) and (db = -307.0) and (fl = 906) and (i = 12345) and (si = 32767) and (ti = 127)) (type: boolean)
               Statistics: Num rows: 1 Data size: 117 Basic stats: COMPLETE Column stats: NONE
               Select Operator
                 expressions: 127 (type: tinyint), 32767 (type: smallint), 12345 (type: int), -12345 (type: bigint), 906.0 (type: float), -307.0 (type: double), str (type: string)
@@ -131,7 +131,7 @@ STAGE PLANS:
             alias: infertypes
             Statistics: Num rows: 1 Data size: 117 Basic stats: COMPLETE Column stats: NONE
             Filter Operator
-              predicate: ((UDFToDouble(ti) = 128.0) or (UDFToInteger(si) = 32768) or (UDFToDouble(i) = 2.147483648E9) or (UDFToDouble(bi) = 9.223372036854776E18)) (type: boolean)
+              predicate: ((UDFToDouble(bi) = 9.223372036854776E18) or (UDFToDouble(i) = 2.147483648E9) or (UDFToDouble(ti) = 128.0) or (UDFToInteger(si) = 32768)) (type: boolean)
               Statistics: Num rows: 1 Data size: 117 Basic stats: COMPLETE Column stats: NONE
               Select Operator
                 expressions: ti (type: tinyint), si (type: smallint), i (type: int), bi (type: bigint), fl (type: float), db (type: double), str (type: string)
@@ -194,7 +194,7 @@ STAGE PLANS:
             alias: infertypes
             Statistics: Num rows: 1 Data size: 117 Basic stats: COMPLETE Column stats: NONE
             Filter Operator
-              predicate: ((UDFToDouble(ti) = 127.0) or (CAST( si AS decimal(5,0)) = 327) or (UDFToDouble(i) = -100.0)) (type: boolean)
+              predicate: ((CAST( si AS decimal(5,0)) = 327) or (UDFToDouble(i) = -100.0) or (UDFToDouble(ti) = 127.0)) (type: boolean)
               Statistics: Num rows: 1 Data size: 117 Basic stats: COMPLETE Column stats: NONE
               Select Operator
                 expressions: ti (type: tinyint), si (type: smallint), i (type: int), bi (type: bigint), fl (type: float), db (type: double), str (type: string)
@@ -251,7 +251,7 @@ STAGE PLANS:
             alias: infertypes
             Statistics: Num rows: 1 Data size: 117 Basic stats: COMPLETE Column stats: NONE
             Filter Operator
-              predicate: ((UDFToDouble(ti) < 127.0) and (UDFToDouble(i) > 100.0) and (UDFToDouble(str) = 1.57)) (type: boolean)
+              predicate: ((UDFToDouble(i) > 100.0) and (UDFToDouble(str) = 1.57) and (UDFToDouble(ti) < 127.0)) (type: boolean)
               Statistics: Num rows: 1 Data size: 117 Basic stats: COMPLETE Column stats: NONE
               Select Operator
                 expressions: ti (type: tinyint), si (type: smallint), i (type: int), bi (type: bigint), fl (type: float), db (type: double), str (type: string)
diff --git a/ql/src/test/results/clientpositive/input12.q.out b/ql/src/test/results/clientpositive/input12.q.out
index 3bb765cf78..cd9d52e903 100644
--- a/ql/src/test/results/clientpositive/input12.q.out
+++ b/ql/src/test/results/clientpositive/input12.q.out
@@ -81,7 +81,7 @@ STAGE PLANS:
                       serde: org.apache.hadoop.hive.serde2.lazy.LazySimpleSerDe
                       name: default.dest1
             Filter Operator
-              predicate: ((key >= 100) and (key < 200)) (type: boolean)
+              predicate: ((key < 200) and (key >= 100)) (type: boolean)
               Statistics: Num rows: 55 Data size: 584 Basic stats: COMPLETE Column stats: NONE
               Select Operator
                 expressions: UDFToInteger(key) (type: int), value (type: string)
diff --git a/ql/src/test/results/clientpositive/input13.q.out b/ql/src/test/results/clientpositive/input13.q.out
index 91ff23429b..c594ce3195 100644
--- a/ql/src/test/results/clientpositive/input13.q.out
+++ b/ql/src/test/results/clientpositive/input13.q.out
@@ -89,7 +89,7 @@ STAGE PLANS:
                       serde: org.apache.hadoop.hive.serde2.lazy.LazySimpleSerDe
                       name: default.dest1
             Filter Operator
-              predicate: ((key >= 100) and (key < 200)) (type: boolean)
+              predicate: ((key < 200) and (key >= 100)) (type: boolean)
               Statistics: Num rows: 55 Data size: 584 Basic stats: COMPLETE Column stats: NONE
               Select Operator
                 expressions: UDFToInteger(key) (type: int), value (type: string)
@@ -104,7 +104,7 @@ STAGE PLANS:
                       serde: org.apache.hadoop.hive.serde2.lazy.LazySimpleSerDe
                       name: default.dest2
             Filter Operator
-              predicate: ((key >= 200) and (key < 300)) (type: boolean)
+              predicate: ((key < 300) and (key >= 200)) (type: boolean)
               Statistics: Num rows: 55 Data size: 584 Basic stats: COMPLETE Column stats: NONE
               Select Operator
                 expressions: UDFToInteger(key) (type: int)
diff --git a/ql/src/test/results/clientpositive/input_part2.q.out b/ql/src/test/results/clientpositive/input_part2.q.out
index d5524feabc..0211d506da 100644
--- a/ql/src/test/results/clientpositive/input_part2.q.out
+++ b/ql/src/test/results/clientpositive/input_part2.q.out
@@ -51,7 +51,7 @@ STAGE PLANS:
             GatherStats: false
             Filter Operator
               isSamplingPred: false
-              predicate: ((key < 100) and (ds = '2008-04-08')) (type: boolean)
+              predicate: ((ds = '2008-04-08') and (key < 100)) (type: boolean)
               Statistics: Num rows: 333 Data size: 3537 Basic stats: COMPLETE Column stats: NONE
               Select Operator
                 expressions: UDFToInteger(key) (type: int), value (type: string), '12' (type: string), '2008-04-08' (type: string)
@@ -91,7 +91,7 @@ STAGE PLANS:
                   MultiFileSpray: false
             Filter Operator
               isSamplingPred: false
-              predicate: ((key < 100) and (ds = '2008-04-09')) (type: boolean)
+              predicate: ((ds = '2008-04-09') and (key < 100)) (type: boolean)
               Statistics: Num rows: 333 Data size: 3537 Basic stats: COMPLETE Column stats: NONE
               Select Operator
                 expressions: UDFToInteger(key) (type: int), value (type: string), '12' (type: string), '2008-04-09' (type: string)
diff --git a/ql/src/test/results/clientpositive/input_part4.q.out b/ql/src/test/results/clientpositive/input_part4.q.out
index 395147bbb8..753e268c54 100644
--- a/ql/src/test/results/clientpositive/input_part4.q.out
+++ b/ql/src/test/results/clientpositive/input_part4.q.out
@@ -16,7 +16,7 @@ STAGE PLANS:
           alias: x
           Statistics: Num rows: 1 Data size: 0 Basic stats: PARTIAL Column stats: NONE
           Filter Operator
-            predicate: ((ds = '2008-04-08') and (UDFToDouble(hr) = 15.0)) (type: boolean)
+            predicate: ((UDFToDouble(hr) = 15.0) and (ds = '2008-04-08')) (type: boolean)
             Statistics: Num rows: 1 Data size: 0 Basic stats: PARTIAL Column stats: NONE
             Select Operator
               expressions: key (type: string), value (type: string), '2008-04-08' (type: string), hr (type: string)
diff --git a/ql/src/test/results/clientpositive/input_testxpath4.q.out b/ql/src/test/results/clientpositive/input_testxpath4.q.out
index 44c0f4f848..1a9365f888 100644
--- a/ql/src/test/results/clientpositive/input_testxpath4.q.out
+++ b/ql/src/test/results/clientpositive/input_testxpath4.q.out
@@ -24,7 +24,7 @@ STAGE PLANS:
             alias: src_thrift
             Statistics: Num rows: 11 Data size: 3070 Basic stats: COMPLETE Column stats: NONE
             Filter Operator
-              predicate: (mstringstring['key_9'] is not null and lintstring.myint is not null and lintstring is not null) (type: boolean)
+              predicate: (lintstring is not null and lintstring.myint is not null and mstringstring['key_9'] is not null) (type: boolean)
               Statistics: Num rows: 11 Data size: 3070 Basic stats: COMPLETE Column stats: NONE
               Select Operator
                 expressions: mstringstring['key_9'] (type: string), lintstring.myint (type: array<int>)
@@ -96,7 +96,7 @@ STAGE PLANS:
             alias: src_thrift
             Statistics: Num rows: 11 Data size: 3070 Basic stats: COMPLETE Column stats: NONE
             Filter Operator
-              predicate: (mstringstring['key_9'] is not null and lintstring.myint is not null and lintstring is not null) (type: boolean)
+              predicate: (lintstring is not null and lintstring.myint is not null and mstringstring['key_9'] is not null) (type: boolean)
               Statistics: Num rows: 11 Data size: 3070 Basic stats: COMPLETE Column stats: NONE
               Select Operator
                 expressions: mstringstring['key_9'] (type: string), lintstring.myint (type: array<int>)
diff --git a/ql/src/test/results/clientpositive/insert1.q.out b/ql/src/test/results/clientpositive/insert1.q.out
index 39525787c9..5dffac7647 100644
--- a/ql/src/test/results/clientpositive/insert1.q.out
+++ b/ql/src/test/results/clientpositive/insert1.q.out
@@ -444,7 +444,7 @@ STAGE PLANS:
                       serde: org.apache.hadoop.hive.serde2.lazy.LazySimpleSerDe
                       name: default.insert1
             Filter Operator
-              predicate: ((key > 10) and (key < 20)) (type: boolean)
+              predicate: ((key < 20) and (key > 10)) (type: boolean)
               Statistics: Num rows: 1 Data size: 0 Basic stats: PARTIAL Column stats: NONE
               Select Operator
                 expressions: key (type: int), value (type: string)
diff --git a/ql/src/test/results/clientpositive/join19.q.out b/ql/src/test/results/clientpositive/join19.q.out
index e83c776c61..35b20c7995 100644
--- a/ql/src/test/results/clientpositive/join19.q.out
+++ b/ql/src/test/results/clientpositive/join19.q.out
@@ -134,7 +134,7 @@ STAGE PLANS:
             alias: t5
             Statistics: Num rows: 1 Data size: 0 Basic stats: PARTIAL Column stats: NONE
             Filter Operator
-              predicate: ((predicate = 'http://www.ontosearch.com/2007/12/ontosofa-ns#_to') and subject is not null and object is not null) (type: boolean)
+              predicate: ((predicate = 'http://www.ontosearch.com/2007/12/ontosofa-ns#_to') and object is not null and subject is not null) (type: boolean)
               Statistics: Num rows: 1 Data size: 0 Basic stats: PARTIAL Column stats: NONE
               Select Operator
                 expressions: subject (type: string), object (type: string)
@@ -272,7 +272,7 @@ STAGE PLANS:
             alias: t4
             Statistics: Num rows: 1 Data size: 0 Basic stats: PARTIAL Column stats: NONE
             Filter Operator
-              predicate: ((predicate = 'http://sofa.semanticweb.org/sofa/v1.0/system#__INSTANCEOF_REL') and (object = 'http://ontos/OntosMiner/Common.English/ontology#Author') and subject is not null) (type: boolean)
+              predicate: ((object = 'http://ontos/OntosMiner/Common.English/ontology#Author') and (predicate = 'http://sofa.semanticweb.org/sofa/v1.0/system#__INSTANCEOF_REL') and subject is not null) (type: boolean)
               Statistics: Num rows: 1 Data size: 0 Basic stats: PARTIAL Column stats: NONE
               Select Operator
                 expressions: subject (type: string)
@@ -322,7 +322,7 @@ STAGE PLANS:
             alias: t1
             Statistics: Num rows: 1 Data size: 0 Basic stats: PARTIAL Column stats: NONE
             Filter Operator
-              predicate: ((predicate = 'http://sofa.semanticweb.org/sofa/v1.0/system#__INSTANCEOF_REL') and (object = 'http://ontos/OntosMiner/Common.English/ontology#Citation') and subject is not null) (type: boolean)
+              predicate: ((object = 'http://ontos/OntosMiner/Common.English/ontology#Citation') and (predicate = 'http://sofa.semanticweb.org/sofa/v1.0/system#__INSTANCEOF_REL') and subject is not null) (type: boolean)
               Statistics: Num rows: 1 Data size: 0 Basic stats: PARTIAL Column stats: NONE
               Select Operator
                 expressions: subject (type: string)
diff --git a/ql/src/test/results/clientpositive/join20.q.out b/ql/src/test/results/clientpositive/join20.q.out
index 13a232930d..f9df32ab6a 100644
--- a/ql/src/test/results/clientpositive/join20.q.out
+++ b/ql/src/test/results/clientpositive/join20.q.out
@@ -680,7 +680,7 @@ STAGE PLANS:
             alias: src1
             Statistics: Num rows: 500 Data size: 5312 Basic stats: COMPLETE Column stats: NONE
             Filter Operator
-              predicate: ((key < 15) and (key < 10)) (type: boolean)
+              predicate: ((key < 10) and (key < 15)) (type: boolean)
               Statistics: Num rows: 55 Data size: 584 Basic stats: COMPLETE Column stats: NONE
               Reduce Output Operator
                 key expressions: key (type: string)
diff --git a/ql/src/test/results/clientpositive/join4.q.out b/ql/src/test/results/clientpositive/join4.q.out
index 10b7fbd965..f11d9951ed 100644
--- a/ql/src/test/results/clientpositive/join4.q.out
+++ b/ql/src/test/results/clientpositive/join4.q.out
@@ -49,7 +49,7 @@ STAGE PLANS:
             alias: src1
             Statistics: Num rows: 500 Data size: 5312 Basic stats: COMPLETE Column stats: NONE
             Filter Operator
-              predicate: ((UDFToDouble(key) > 10.0) and (UDFToDouble(key) < 20.0)) (type: boolean)
+              predicate: ((UDFToDouble(key) < 20.0) and (UDFToDouble(key) > 10.0)) (type: boolean)
               Statistics: Num rows: 55 Data size: 584 Basic stats: COMPLETE Column stats: NONE
               Select Operator
                 expressions: key (type: string), value (type: string)
@@ -65,7 +65,7 @@ STAGE PLANS:
             alias: src2
             Statistics: Num rows: 500 Data size: 5312 Basic stats: COMPLETE Column stats: NONE
             Filter Operator
-              predicate: ((UDFToDouble(key) > 15.0) and (UDFToDouble(key) < 20.0)) (type: boolean)
+              predicate: ((UDFToDouble(key) < 20.0) and (UDFToDouble(key) > 15.0)) (type: boolean)
               Statistics: Num rows: 55 Data size: 584 Basic stats: COMPLETE Column stats: NONE
               Select Operator
                 expressions: key (type: string), value (type: string)
diff --git a/ql/src/test/results/clientpositive/join40.q.out b/ql/src/test/results/clientpositive/join40.q.out
index d615495102..e920bbbee4 100644
--- a/ql/src/test/results/clientpositive/join40.q.out
+++ b/ql/src/test/results/clientpositive/join40.q.out
@@ -2432,7 +2432,7 @@ STAGE PLANS:
             alias: src1
             Statistics: Num rows: 500 Data size: 5312 Basic stats: COMPLETE Column stats: NONE
             Filter Operator
-              predicate: ((key < 15) and (key < 10)) (type: boolean)
+              predicate: ((key < 10) and (key < 15)) (type: boolean)
               Statistics: Num rows: 55 Data size: 584 Basic stats: COMPLETE Column stats: NONE
               Reduce Output Operator
                 key expressions: key (type: string)
diff --git a/ql/src/test/results/clientpositive/join45.q.out b/ql/src/test/results/clientpositive/join45.q.out
index 3c373e64a4..3d49a24431 100644
--- a/ql/src/test/results/clientpositive/join45.q.out
+++ b/ql/src/test/results/clientpositive/join45.q.out
@@ -565,7 +565,7 @@ STAGE PLANS:
           outputColumnNames: _col0, _col1, _col2, _col3
           Statistics: Num rows: 12500 Data size: 240800 Basic stats: COMPLETE Column stats: NONE
           Filter Operator
-            predicate: (((UDFToDouble(_col0) + UDFToDouble(_col2)) >= 100.0) or ((UDFToDouble(_col0) + UDFToDouble(_col2)) <= 102.0)) (type: boolean)
+            predicate: (((UDFToDouble(_col0) + UDFToDouble(_col2)) <= 102.0) or ((UDFToDouble(_col0) + UDFToDouble(_col2)) >= 100.0)) (type: boolean)
             Statistics: Num rows: 8332 Data size: 160507 Basic stats: COMPLETE Column stats: NONE
             Limit
               Number of rows: 10
diff --git a/ql/src/test/results/clientpositive/join5.q.out b/ql/src/test/results/clientpositive/join5.q.out
index 105a731526..99cfe1ad17 100644
--- a/ql/src/test/results/clientpositive/join5.q.out
+++ b/ql/src/test/results/clientpositive/join5.q.out
@@ -65,7 +65,7 @@ STAGE PLANS:
             alias: src2
             Statistics: Num rows: 500 Data size: 5312 Basic stats: COMPLETE Column stats: NONE
             Filter Operator
-              predicate: ((UDFToDouble(key) > 15.0) and (UDFToDouble(key) < 25.0)) (type: boolean)
+              predicate: ((UDFToDouble(key) < 25.0) and (UDFToDouble(key) > 15.0)) (type: boolean)
               Statistics: Num rows: 55 Data size: 584 Basic stats: COMPLETE Column stats: NONE
               Select Operator
                 expressions: key (type: string), value (type: string)
diff --git a/ql/src/test/results/clientpositive/join6.q.out b/ql/src/test/results/clientpositive/join6.q.out
index 77c8c3a322..ce2ec8b234 100644
--- a/ql/src/test/results/clientpositive/join6.q.out
+++ b/ql/src/test/results/clientpositive/join6.q.out
@@ -49,7 +49,7 @@ STAGE PLANS:
             alias: src1
             Statistics: Num rows: 500 Data size: 5312 Basic stats: COMPLETE Column stats: NONE
             Filter Operator
-              predicate: ((UDFToDouble(key) > 10.0) and (UDFToDouble(key) < 20.0)) (type: boolean)
+              predicate: ((UDFToDouble(key) < 20.0) and (UDFToDouble(key) > 10.0)) (type: boolean)
               Statistics: Num rows: 55 Data size: 584 Basic stats: COMPLETE Column stats: NONE
               Select Operator
                 expressions: key (type: string), value (type: string)
@@ -65,7 +65,7 @@ STAGE PLANS:
             alias: src2
             Statistics: Num rows: 500 Data size: 5312 Basic stats: COMPLETE Column stats: NONE
             Filter Operator
-              predicate: ((UDFToDouble(key) > 15.0) and (UDFToDouble(key) < 25.0)) (type: boolean)
+              predicate: ((UDFToDouble(key) < 25.0) and (UDFToDouble(key) > 15.0)) (type: boolean)
               Statistics: Num rows: 55 Data size: 584 Basic stats: COMPLETE Column stats: NONE
               Select Operator
                 expressions: key (type: string), value (type: string)
diff --git a/ql/src/test/results/clientpositive/join7.q.out b/ql/src/test/results/clientpositive/join7.q.out
index fec67b2651..d8adc39e06 100644
--- a/ql/src/test/results/clientpositive/join7.q.out
+++ b/ql/src/test/results/clientpositive/join7.q.out
@@ -59,7 +59,7 @@ STAGE PLANS:
             alias: src1
             Statistics: Num rows: 500 Data size: 5312 Basic stats: COMPLETE Column stats: NONE
             Filter Operator
-              predicate: ((UDFToDouble(key) > 10.0) and (UDFToDouble(key) < 20.0)) (type: boolean)
+              predicate: ((UDFToDouble(key) < 20.0) and (UDFToDouble(key) > 10.0)) (type: boolean)
               Statistics: Num rows: 55 Data size: 584 Basic stats: COMPLETE Column stats: NONE
               Select Operator
                 expressions: key (type: string), value (type: string)
@@ -75,7 +75,7 @@ STAGE PLANS:
             alias: src2
             Statistics: Num rows: 500 Data size: 5312 Basic stats: COMPLETE Column stats: NONE
             Filter Operator
-              predicate: ((UDFToDouble(key) > 15.0) and (UDFToDouble(key) < 25.0)) (type: boolean)
+              predicate: ((UDFToDouble(key) < 25.0) and (UDFToDouble(key) > 15.0)) (type: boolean)
               Statistics: Num rows: 55 Data size: 584 Basic stats: COMPLETE Column stats: NONE
               Select Operator
                 expressions: key (type: string), value (type: string)
@@ -91,7 +91,7 @@ STAGE PLANS:
             alias: src3
             Statistics: Num rows: 500 Data size: 5312 Basic stats: COMPLETE Column stats: NONE
             Filter Operator
-              predicate: ((UDFToDouble(key) > 20.0) and (UDFToDouble(key) < 25.0)) (type: boolean)
+              predicate: ((UDFToDouble(key) < 25.0) and (UDFToDouble(key) > 20.0)) (type: boolean)
               Statistics: Num rows: 55 Data size: 584 Basic stats: COMPLETE Column stats: NONE
               Select Operator
                 expressions: key (type: string), value (type: string)
diff --git a/ql/src/test/results/clientpositive/join8.q.out b/ql/src/test/results/clientpositive/join8.q.out
index 185b5421a3..378482439d 100644
--- a/ql/src/test/results/clientpositive/join8.q.out
+++ b/ql/src/test/results/clientpositive/join8.q.out
@@ -49,7 +49,7 @@ STAGE PLANS:
             alias: src1
             Statistics: Num rows: 500 Data size: 5312 Basic stats: COMPLETE Column stats: NONE
             Filter Operator
-              predicate: ((UDFToDouble(key) > 10.0) and (UDFToDouble(key) < 20.0)) (type: boolean)
+              predicate: ((UDFToDouble(key) < 20.0) and (UDFToDouble(key) > 10.0)) (type: boolean)
               Statistics: Num rows: 55 Data size: 584 Basic stats: COMPLETE Column stats: NONE
               Select Operator
                 expressions: key (type: string), value (type: string)
@@ -65,7 +65,7 @@ STAGE PLANS:
             alias: src2
             Statistics: Num rows: 500 Data size: 5312 Basic stats: COMPLETE Column stats: NONE
             Filter Operator
-              predicate: ((UDFToDouble(key) > 15.0) and (UDFToDouble(key) < 20.0)) (type: boolean)
+              predicate: ((UDFToDouble(key) < 20.0) and (UDFToDouble(key) > 15.0)) (type: boolean)
               Statistics: Num rows: 55 Data size: 584 Basic stats: COMPLETE Column stats: NONE
               Select Operator
                 expressions: key (type: string), value (type: string)
diff --git a/ql/src/test/results/clientpositive/join_hive_626.q.out b/ql/src/test/results/clientpositive/join_hive_626.q.out
index d5b772d63c..d57fadaf37 100644
--- a/ql/src/test/results/clientpositive/join_hive_626.q.out
+++ b/ql/src/test/results/clientpositive/join_hive_626.q.out
@@ -77,7 +77,7 @@ STAGE PLANS:
             alias: hive_bar
             Statistics: Num rows: 1 Data size: 23 Basic stats: COMPLETE Column stats: NONE
             Filter Operator
-              predicate: (foo_id is not null and bar_id is not null) (type: boolean)
+              predicate: (bar_id is not null and foo_id is not null) (type: boolean)
               Statistics: Num rows: 1 Data size: 23 Basic stats: COMPLETE Column stats: NONE
               Select Operator
                 expressions: bar_id (type: int), foo_id (type: int), bar_name (type: string)
diff --git a/ql/src/test/results/clientpositive/join_parse.q.out b/ql/src/test/results/clientpositive/join_parse.q.out
index d7a33a9b13..37d0220847 100644
--- a/ql/src/test/results/clientpositive/join_parse.q.out
+++ b/ql/src/test/results/clientpositive/join_parse.q.out
@@ -465,7 +465,7 @@ STAGE PLANS:
             alias: src1
             Statistics: Num rows: 500 Data size: 5312 Basic stats: COMPLETE Column stats: NONE
             Filter Operator
-              predicate: (value is not null and key is not null) (type: boolean)
+              predicate: (key is not null and value is not null) (type: boolean)
               Statistics: Num rows: 500 Data size: 5312 Basic stats: COMPLETE Column stats: NONE
               Select Operator
                 expressions: key (type: string), value (type: string)
diff --git a/ql/src/test/results/clientpositive/join_reorder2.q.out b/ql/src/test/results/clientpositive/join_reorder2.q.out
index b713708e0a..aaf3b9433d 100644
--- a/ql/src/test/results/clientpositive/join_reorder2.q.out
+++ b/ql/src/test/results/clientpositive/join_reorder2.q.out
@@ -208,7 +208,7 @@ STAGE PLANS:
             alias: a
             Statistics: Num rows: 1 Data size: 30 Basic stats: COMPLETE Column stats: NONE
             Filter Operator
-              predicate: (key is not null and val is not null and (key + 1) is not null) (type: boolean)
+              predicate: ((key + 1) is not null and key is not null and val is not null) (type: boolean)
               Statistics: Num rows: 1 Data size: 30 Basic stats: COMPLETE Column stats: NONE
               Reduce Output Operator
                 key expressions: key (type: string)
@@ -220,7 +220,7 @@ STAGE PLANS:
             alias: b
             Statistics: Num rows: 1 Data size: 30 Basic stats: COMPLETE Column stats: NONE
             Filter Operator
-              predicate: (key is not null and (key + 1) is not null) (type: boolean)
+              predicate: ((key + 1) is not null and key is not null) (type: boolean)
               Statistics: Num rows: 1 Data size: 30 Basic stats: COMPLETE Column stats: NONE
               Reduce Output Operator
                 key expressions: key (type: string)
diff --git a/ql/src/test/results/clientpositive/join_reorder3.q.out b/ql/src/test/results/clientpositive/join_reorder3.q.out
index 8622263805..36f0da4666 100644
--- a/ql/src/test/results/clientpositive/join_reorder3.q.out
+++ b/ql/src/test/results/clientpositive/join_reorder3.q.out
@@ -208,7 +208,7 @@ STAGE PLANS:
             alias: a
             Statistics: Num rows: 1 Data size: 30 Basic stats: COMPLETE Column stats: NONE
             Filter Operator
-              predicate: (key is not null and val is not null and (key + 1) is not null) (type: boolean)
+              predicate: ((key + 1) is not null and key is not null and val is not null) (type: boolean)
               Statistics: Num rows: 1 Data size: 30 Basic stats: COMPLETE Column stats: NONE
               Reduce Output Operator
                 key expressions: key (type: string)
@@ -220,7 +220,7 @@ STAGE PLANS:
             alias: b
             Statistics: Num rows: 1 Data size: 30 Basic stats: COMPLETE Column stats: NONE
             Filter Operator
-              predicate: (key is not null and (key + 1) is not null) (type: boolean)
+              predicate: ((key + 1) is not null and key is not null) (type: boolean)
               Statistics: Num rows: 1 Data size: 30 Basic stats: COMPLETE Column stats: NONE
               Reduce Output Operator
                 key expressions: key (type: string)
diff --git a/ql/src/test/results/clientpositive/list_bucket_query_multiskew_2.q.out b/ql/src/test/results/clientpositive/list_bucket_query_multiskew_2.q.out
index 5a326f667c..afba625b13 100644
--- a/ql/src/test/results/clientpositive/list_bucket_query_multiskew_2.q.out
+++ b/ql/src/test/results/clientpositive/list_bucket_query_multiskew_2.q.out
@@ -314,7 +314,7 @@ STAGE PLANS:
           GatherStats: false
           Filter Operator
             isSamplingPred: false
-            predicate: (((key = '484') and (value = 'val_484')) or ((key = '238') and (value = 'val_238'))) (type: boolean)
+            predicate: (((key = '238') and (value = 'val_238')) or ((key = '484') and (value = 'val_484'))) (type: boolean)
             Statistics: Num rows: 250 Data size: 2656 Basic stats: COMPLETE Column stats: NONE
             Select Operator
               expressions: key (type: string), value (type: string)
diff --git a/ql/src/test/results/clientpositive/llap/auto_join29.q.out b/ql/src/test/results/clientpositive/llap/auto_join29.q.out
index 7f97c0e446..3fb3184bc0 100644
--- a/ql/src/test/results/clientpositive/llap/auto_join29.q.out
+++ b/ql/src/test/results/clientpositive/llap/auto_join29.q.out
@@ -667,7 +667,7 @@ STAGE PLANS:
                   alias: src3
                   Statistics: Num rows: 500 Data size: 89000 Basic stats: COMPLETE Column stats: COMPLETE
                   Filter Operator
-                    predicate: ((key > 10) and (key < 10)) (type: boolean)
+                    predicate: ((key < 10) and (key > 10)) (type: boolean)
                     Statistics: Num rows: 55 Data size: 9790 Basic stats: COMPLETE Column stats: COMPLETE
                     Reduce Output Operator
                       key expressions: key (type: string)
@@ -2513,7 +2513,7 @@ STAGE PLANS:
                   alias: src1
                   Statistics: Num rows: 500 Data size: 89000 Basic stats: COMPLETE Column stats: COMPLETE
                   Filter Operator
-                    predicate: ((key > 10) and (key < 10)) (type: boolean)
+                    predicate: ((key < 10) and (key > 10)) (type: boolean)
                     Statistics: Num rows: 55 Data size: 9790 Basic stats: COMPLETE Column stats: COMPLETE
                     Reduce Output Operator
                       key expressions: key (type: string)
@@ -2545,7 +2545,7 @@ STAGE PLANS:
                   alias: src3
                   Statistics: Num rows: 500 Data size: 89000 Basic stats: COMPLETE Column stats: COMPLETE
                   Filter Operator
-                    predicate: ((key > 10) and (key < 10)) (type: boolean)
+                    predicate: ((key < 10) and (key > 10)) (type: boolean)
                     Statistics: Num rows: 55 Data size: 9790 Basic stats: COMPLETE Column stats: COMPLETE
                     Reduce Output Operator
                       key expressions: key (type: string)
@@ -2630,7 +2630,7 @@ STAGE PLANS:
                   alias: src1
                   Statistics: Num rows: 500 Data size: 89000 Basic stats: COMPLETE Column stats: COMPLETE
                   Filter Operator
-                    predicate: ((key > 10) and (key < 10)) (type: boolean)
+                    predicate: ((key < 10) and (key > 10)) (type: boolean)
                     Statistics: Num rows: 55 Data size: 9790 Basic stats: COMPLETE Column stats: COMPLETE
                     Reduce Output Operator
                       key expressions: key (type: string)
@@ -3296,7 +3296,7 @@ STAGE PLANS:
                   alias: src3
                   Statistics: Num rows: 500 Data size: 89000 Basic stats: COMPLETE Column stats: COMPLETE
                   Filter Operator
-                    predicate: ((key > 10) and (key < 10)) (type: boolean)
+                    predicate: ((key < 10) and (key > 10)) (type: boolean)
                     Statistics: Num rows: 55 Data size: 9790 Basic stats: COMPLETE Column stats: COMPLETE
                     Reduce Output Operator
                       key expressions: key (type: string)
@@ -3497,7 +3497,7 @@ STAGE PLANS:
                   alias: src1
                   Statistics: Num rows: 500 Data size: 89000 Basic stats: COMPLETE Column stats: COMPLETE
                   Filter Operator
-                    predicate: ((key > 10) and (key < 10)) (type: boolean)
+                    predicate: ((key < 10) and (key > 10)) (type: boolean)
                     Statistics: Num rows: 55 Data size: 9790 Basic stats: COMPLETE Column stats: COMPLETE
                     Map Join Operator
                       condition map:
@@ -3544,7 +3544,7 @@ STAGE PLANS:
                   alias: src3
                   Statistics: Num rows: 500 Data size: 89000 Basic stats: COMPLETE Column stats: COMPLETE
                   Filter Operator
-                    predicate: ((key > 10) and (key < 10)) (type: boolean)
+                    predicate: ((key < 10) and (key > 10)) (type: boolean)
                     Statistics: Num rows: 55 Data size: 9790 Basic stats: COMPLETE Column stats: COMPLETE
                     Reduce Output Operator
                       key expressions: key (type: string)
diff --git a/ql/src/test/results/clientpositive/llap/bucketpruning1.q.out b/ql/src/test/results/clientpositive/llap/bucketpruning1.q.out
index 7898832d36..83070e6422 100644
--- a/ql/src/test/results/clientpositive/llap/bucketpruning1.q.out
+++ b/ql/src/test/results/clientpositive/llap/bucketpruning1.q.out
@@ -349,7 +349,7 @@ STAGE PLANS:
                   GatherStats: false
                   Filter Operator
                     isSamplingPred: false
-                    predicate: ((key = 1) and (ds = '2008-04-08')) (type: boolean)
+                    predicate: ((ds = '2008-04-08') and (key = 1)) (type: boolean)
                     Statistics: Num rows: 1 Data size: 372 Basic stats: COMPLETE Column stats: PARTIAL
                     Select Operator
                       expressions: 1 (type: int), value (type: string), '2008-04-08' (type: string)
@@ -411,7 +411,7 @@ STAGE PLANS:
                   GatherStats: false
                   Filter Operator
                     isSamplingPred: false
-                    predicate: ((key = 1) and (ds = '2008-04-08') and (value = 'One')) (type: boolean)
+                    predicate: ((ds = '2008-04-08') and (key = 1) and (value = 'One')) (type: boolean)
                     Statistics: Num rows: 1 Data size: 372 Basic stats: COMPLETE Column stats: PARTIAL
                     Select Operator
                       expressions: 1 (type: int), 'One' (type: string), '2008-04-08' (type: string)
@@ -473,7 +473,7 @@ STAGE PLANS:
                   GatherStats: false
                   Filter Operator
                     isSamplingPred: false
-                    predicate: ((value = 'One') and (key = 1) and (ds = '2008-04-08')) (type: boolean)
+                    predicate: ((ds = '2008-04-08') and (key = 1) and (value = 'One')) (type: boolean)
                     Statistics: Num rows: 1 Data size: 372 Basic stats: COMPLETE Column stats: PARTIAL
                     Select Operator
                       expressions: 1 (type: int), 'One' (type: string), '2008-04-08' (type: string)
@@ -597,7 +597,7 @@ STAGE PLANS:
                   GatherStats: false
                   Filter Operator
                     isSamplingPred: false
-                    predicate: ((key) IN (2, 3) and (ds = '2008-04-08')) (type: boolean)
+                    predicate: ((ds = '2008-04-08') and (key) IN (2, 3)) (type: boolean)
                     Statistics: Num rows: 1 Data size: 372 Basic stats: COMPLETE Column stats: PARTIAL
                     Select Operator
                       expressions: key (type: int), value (type: string), '2008-04-08' (type: string)
@@ -659,7 +659,7 @@ STAGE PLANS:
                   GatherStats: false
                   Filter Operator
                     isSamplingPred: false
-                    predicate: ((key) IN (2, 3) and (ds = '2008-04-08') and (value = 'One')) (type: boolean)
+                    predicate: ((ds = '2008-04-08') and (key) IN (2, 3) and (value = 'One')) (type: boolean)
                     Statistics: Num rows: 1 Data size: 372 Basic stats: COMPLETE Column stats: PARTIAL
                     Select Operator
                       expressions: key (type: int), 'One' (type: string), '2008-04-08' (type: string)
@@ -721,7 +721,7 @@ STAGE PLANS:
                   GatherStats: false
                   Filter Operator
                     isSamplingPred: false
-                    predicate: ((key) IN (2, 3) and (value = 'One') and (ds = '2008-04-08')) (type: boolean)
+                    predicate: ((ds = '2008-04-08') and (key) IN (2, 3) and (value = 'One')) (type: boolean)
                     Statistics: Num rows: 1 Data size: 372 Basic stats: COMPLETE Column stats: PARTIAL
                     Select Operator
                       expressions: key (type: int), 'One' (type: string), '2008-04-08' (type: string)
@@ -843,7 +843,7 @@ STAGE PLANS:
                   GatherStats: false
                   Filter Operator
                     isSamplingPred: false
-                    predicate: (((key = 1) or (key = 2)) and (value = 'One') and (ds = '2008-04-08')) (type: boolean)
+                    predicate: (((key = 1) or (key = 2)) and (ds = '2008-04-08') and (value = 'One')) (type: boolean)
                     Statistics: Num rows: 1 Data size: 372 Basic stats: COMPLETE Column stats: PARTIAL
                     Select Operator
                       expressions: key (type: int), 'One' (type: string), '2008-04-08' (type: string)
@@ -1027,7 +1027,7 @@ STAGE PLANS:
                   GatherStats: false
                   Filter Operator
                     isSamplingPred: false
-                    predicate: ((key) IN (1, 2, 3, 4, 5, 6, 7, 8, 9, 10, 11, 12, 13, 14, 15, 16, 17) and (ds = '2008-04-08')) (type: boolean)
+                    predicate: ((ds = '2008-04-08') and (key) IN (1, 2, 3, 4, 5, 6, 7, 8, 9, 10, 11, 12, 13, 14, 15, 16, 17)) (type: boolean)
                     Statistics: Num rows: 1 Data size: 372 Basic stats: COMPLETE Column stats: PARTIAL
                     Select Operator
                       expressions: key (type: int), value (type: string), '2008-04-08' (type: string)
@@ -1088,7 +1088,7 @@ STAGE PLANS:
                   GatherStats: false
                   Filter Operator
                     isSamplingPred: false
-                    predicate: ((key) IN (1, 2, 3, 4, 5, 6, 7, 8, 9, 10, 11, 12, 13, 14, 15, 16, 17) and (ds = '2008-04-08') and (value = 'One')) (type: boolean)
+                    predicate: ((ds = '2008-04-08') and (key) IN (1, 2, 3, 4, 5, 6, 7, 8, 9, 10, 11, 12, 13, 14, 15, 16, 17) and (value = 'One')) (type: boolean)
                     Statistics: Num rows: 1 Data size: 372 Basic stats: COMPLETE Column stats: PARTIAL
                     Select Operator
                       expressions: key (type: int), 'One' (type: string), '2008-04-08' (type: string)
@@ -1149,7 +1149,7 @@ STAGE PLANS:
                   GatherStats: false
                   Filter Operator
                     isSamplingPred: false
-                    predicate: ((key) IN (1, 2, 3, 4, 5, 6, 7, 8, 9, 10, 11, 12, 13, 14, 15, 16, 17) and (value = 'One') and (ds = '2008-04-08')) (type: boolean)
+                    predicate: ((ds = '2008-04-08') and (key) IN (1, 2, 3, 4, 5, 6, 7, 8, 9, 10, 11, 12, 13, 14, 15, 16, 17) and (value = 'One')) (type: boolean)
                     Statistics: Num rows: 1 Data size: 372 Basic stats: COMPLETE Column stats: PARTIAL
                     Select Operator
                       expressions: key (type: int), 'One' (type: string), '2008-04-08' (type: string)
@@ -1271,7 +1271,7 @@ STAGE PLANS:
                   GatherStats: false
                   Filter Operator
                     isSamplingPred: false
-                    predicate: ((key = 1) and (ds = '2008-04-08') and ((value = 'One') or (value = 'Two'))) (type: boolean)
+                    predicate: (((value = 'One') or (value = 'Two')) and (ds = '2008-04-08') and (key = 1)) (type: boolean)
                     Statistics: Num rows: 1 Data size: 372 Basic stats: COMPLETE Column stats: PARTIAL
                     Select Operator
                       expressions: 1 (type: int), value (type: string), '2008-04-08' (type: string)
@@ -1332,7 +1332,7 @@ STAGE PLANS:
                   GatherStats: false
                   Filter Operator
                     isSamplingPred: false
-                    predicate: ((key = 1) or (value = 'One') or ((key = 2) and (value = 'Two'))) (type: boolean)
+                    predicate: (((key = 2) and (value = 'Two')) or (key = 1) or (value = 'One')) (type: boolean)
                     Statistics: Num rows: 1 Data size: 372 Basic stats: COMPLETE Column stats: PARTIAL
                     Select Operator
                       expressions: key (type: int), value (type: string), ds (type: string)
@@ -1514,7 +1514,7 @@ STAGE PLANS:
                   GatherStats: false
                   Filter Operator
                     isSamplingPred: false
-                    predicate: ((key = 1) or (value = 'One') or (key = 2)) (type: boolean)
+                    predicate: ((key = 1) or (key = 2) or (value = 'One')) (type: boolean)
                     Statistics: Num rows: 1 Data size: 372 Basic stats: COMPLETE Column stats: PARTIAL
                     Select Operator
                       expressions: key (type: int), value (type: string), ds (type: string)
diff --git a/ql/src/test/results/clientpositive/llap/bucketsortoptimize_insert_7.q.out b/ql/src/test/results/clientpositive/llap/bucketsortoptimize_insert_7.q.out
index 62ed4c8a64..c5e2973701 100644
--- a/ql/src/test/results/clientpositive/llap/bucketsortoptimize_insert_7.q.out
+++ b/ql/src/test/results/clientpositive/llap/bucketsortoptimize_insert_7.q.out
@@ -459,7 +459,7 @@ STAGE PLANS:
                   alias: test_table1
                   Statistics: Num rows: 10 Data size: 1950 Basic stats: COMPLETE Column stats: NONE
                   Filter Operator
-                    predicate: ((key < 8) and ((key = 0) or (key = 5))) (type: boolean)
+                    predicate: (((key = 0) or (key = 5)) and (key < 8)) (type: boolean)
                     Statistics: Num rows: 10 Data size: 1950 Basic stats: COMPLETE Column stats: NONE
                     Select Operator
                       expressions: key (type: int), value (type: string)
@@ -479,7 +479,7 @@ STAGE PLANS:
                   alias: test_table2
                   Statistics: Num rows: 84 Data size: 15964 Basic stats: COMPLETE Column stats: NONE
                   Filter Operator
-                    predicate: ((key < 8) and ((key = 0) or (key = 5))) (type: boolean)
+                    predicate: (((key = 0) or (key = 5)) and (key < 8)) (type: boolean)
                     Statistics: Num rows: 10 Data size: 1900 Basic stats: COMPLETE Column stats: NONE
                     Select Operator
                       expressions: key (type: int), value (type: string)
diff --git a/ql/src/test/results/clientpositive/llap/constprog_semijoin.q.out b/ql/src/test/results/clientpositive/llap/constprog_semijoin.q.out
index 935a8b41f6..998a5df264 100644
--- a/ql/src/test/results/clientpositive/llap/constprog_semijoin.q.out
+++ b/ql/src/test/results/clientpositive/llap/constprog_semijoin.q.out
@@ -140,7 +140,7 @@ Stage-0
                   Select Operator [SEL_2] (rows=5 width=192)
                     Output:["_col0","_col2"]
                     Filter Operator [FIL_24] (rows=5 width=192)
-                      predicate:((val = 't1val01') and id is not null and dimid is not null)
+                      predicate:((val = 't1val01') and dimid is not null and id is not null)
                       TableScan [TS_0] (rows=10 width=192)
                         default@table1,table1,Tbl:COMPLETE,Col:NONE,Output:["id","val","dimid"]
               <-Map 4 [SIMPLE_EDGE] llap
diff --git a/ql/src/test/results/clientpositive/llap/dynamic_partition_pruning.q.out b/ql/src/test/results/clientpositive/llap/dynamic_partition_pruning.q.out
index ffc39575d1..de867b26b3 100644
--- a/ql/src/test/results/clientpositive/llap/dynamic_partition_pruning.q.out
+++ b/ql/src/test/results/clientpositive/llap/dynamic_partition_pruning.q.out
@@ -1093,7 +1093,7 @@ STAGE PLANS:
                   filterExpr: ((date = '2008-04-08') and (UDFToDouble(hour) = 11.0) and ds is not null and hr is not null) (type: boolean)
                   Statistics: Num rows: 4 Data size: 2944 Basic stats: COMPLETE Column stats: NONE
                   Filter Operator
-                    predicate: ((date = '2008-04-08') and (UDFToDouble(hour) = 11.0) and ds is not null and hr is not null) (type: boolean)
+                    predicate: ((UDFToDouble(hour) = 11.0) and (date = '2008-04-08') and ds is not null and hr is not null) (type: boolean)
                     Statistics: Num rows: 2 Data size: 1472 Basic stats: COMPLETE Column stats: NONE
                     Select Operator
                       expressions: ds (type: string), hr (type: string)
@@ -1237,7 +1237,7 @@ STAGE PLANS:
                   filterExpr: ((date = '2008-04-08') and (UDFToDouble(hour) = 11.0) and ds is not null and hr is not null) (type: boolean)
                   Statistics: Num rows: 4 Data size: 2944 Basic stats: COMPLETE Column stats: NONE
                   Filter Operator
-                    predicate: ((date = '2008-04-08') and (UDFToDouble(hour) = 11.0) and ds is not null and hr is not null) (type: boolean)
+                    predicate: ((UDFToDouble(hour) = 11.0) and (date = '2008-04-08') and ds is not null and hr is not null) (type: boolean)
                     Statistics: Num rows: 2 Data size: 1472 Basic stats: COMPLETE Column stats: NONE
                     Select Operator
                       expressions: ds (type: string), hr (type: string)
@@ -2377,7 +2377,7 @@ STAGE PLANS:
                   filterExpr: ((date = '2008-04-08') and (UDFToDouble(hour) = 11.0)) (type: boolean)
                   Statistics: Num rows: 4 Data size: 2944 Basic stats: COMPLETE Column stats: NONE
                   Filter Operator
-                    predicate: ((date = '2008-04-08') and (UDFToDouble(hour) = 11.0)) (type: boolean)
+                    predicate: ((UDFToDouble(hour) = 11.0) and (date = '2008-04-08')) (type: boolean)
                     Statistics: Num rows: 2 Data size: 1472 Basic stats: COMPLETE Column stats: NONE
                     Select Operator
                       expressions: ds (type: string), hr (type: string)
@@ -2494,7 +2494,7 @@ STAGE PLANS:
                   filterExpr: ((date = '2008-04-08') and (UDFToDouble(hour) = 11.0) and ds is not null and hr is not null) (type: boolean)
                   Statistics: Num rows: 4 Data size: 2944 Basic stats: COMPLETE Column stats: NONE
                   Filter Operator
-                    predicate: ((date = '2008-04-08') and (UDFToDouble(hour) = 11.0) and ds is not null and hr is not null) (type: boolean)
+                    predicate: ((UDFToDouble(hour) = 11.0) and (date = '2008-04-08') and ds is not null and hr is not null) (type: boolean)
                     Statistics: Num rows: 2 Data size: 1472 Basic stats: COMPLETE Column stats: NONE
                     Select Operator
                       expressions: ds (type: string), hr (type: string)
@@ -4449,7 +4449,7 @@ STAGE PLANS:
                   filterExpr: ((date = '2008-04-08') and (UDFToDouble(hour) = 11.0) and ds is not null and hr is not null) (type: boolean)
                   Statistics: Num rows: 4 Data size: 2944 Basic stats: COMPLETE Column stats: NONE
                   Filter Operator
-                    predicate: ((date = '2008-04-08') and (UDFToDouble(hour) = 11.0) and ds is not null and hr is not null) (type: boolean)
+                    predicate: ((UDFToDouble(hour) = 11.0) and (date = '2008-04-08') and ds is not null and hr is not null) (type: boolean)
                     Statistics: Num rows: 2 Data size: 1472 Basic stats: COMPLETE Column stats: NONE
                     Select Operator
                       expressions: ds (type: string), hr (type: string)
diff --git a/ql/src/test/results/clientpositive/llap/dynamic_semijoin_reduction.q.out b/ql/src/test/results/clientpositive/llap/dynamic_semijoin_reduction.q.out
index af3ba11d90..1a1a4d9b2d 100644
--- a/ql/src/test/results/clientpositive/llap/dynamic_semijoin_reduction.q.out
+++ b/ql/src/test/results/clientpositive/llap/dynamic_semijoin_reduction.q.out
@@ -291,7 +291,7 @@ STAGE PLANS:
                   filterExpr: (key is not null and (key BETWEEN DynamicValue(RS_7_srcpart_small_key1_min) AND DynamicValue(RS_7_srcpart_small_key1_max) and in_bloom_filter(key, DynamicValue(RS_7_srcpart_small_key1_bloom_filter)))) (type: boolean)
                   Statistics: Num rows: 2000 Data size: 174000 Basic stats: COMPLETE Column stats: COMPLETE
                   Filter Operator
-                    predicate: (key is not null and (key BETWEEN DynamicValue(RS_7_srcpart_small_key1_min) AND DynamicValue(RS_7_srcpart_small_key1_max) and in_bloom_filter(key, DynamicValue(RS_7_srcpart_small_key1_bloom_filter)))) (type: boolean)
+                    predicate: ((key BETWEEN DynamicValue(RS_7_srcpart_small_key1_min) AND DynamicValue(RS_7_srcpart_small_key1_max) and in_bloom_filter(key, DynamicValue(RS_7_srcpart_small_key1_bloom_filter))) and key is not null) (type: boolean)
                     Statistics: Num rows: 2000 Data size: 174000 Basic stats: COMPLETE Column stats: COMPLETE
                     Select Operator
                       expressions: key (type: string)
@@ -707,7 +707,7 @@ STAGE PLANS:
                   filterExpr: (key is not null and (key BETWEEN DynamicValue(RS_10_srcpart_small_key1_min) AND DynamicValue(RS_10_srcpart_small_key1_max) and in_bloom_filter(key, DynamicValue(RS_10_srcpart_small_key1_bloom_filter)))) (type: boolean)
                   Statistics: Num rows: 2000 Data size: 174000 Basic stats: COMPLETE Column stats: COMPLETE
                   Filter Operator
-                    predicate: (key is not null and (key BETWEEN DynamicValue(RS_10_srcpart_small_key1_min) AND DynamicValue(RS_10_srcpart_small_key1_max) and in_bloom_filter(key, DynamicValue(RS_10_srcpart_small_key1_bloom_filter)))) (type: boolean)
+                    predicate: ((key BETWEEN DynamicValue(RS_10_srcpart_small_key1_min) AND DynamicValue(RS_10_srcpart_small_key1_max) and in_bloom_filter(key, DynamicValue(RS_10_srcpart_small_key1_bloom_filter))) and key is not null) (type: boolean)
                     Statistics: Num rows: 2000 Data size: 174000 Basic stats: COMPLETE Column stats: COMPLETE
                     Select Operator
                       expressions: key (type: string)
@@ -773,7 +773,7 @@ STAGE PLANS:
                   filterExpr: (cstring is not null and (cstring BETWEEN DynamicValue(RS_9_srcpart_date_key_min) AND DynamicValue(RS_9_srcpart_date_key_max) and in_bloom_filter(cstring, DynamicValue(RS_9_srcpart_date_key_bloom_filter))) and (cstring BETWEEN DynamicValue(RS_10_srcpart_small_key1_min) AND DynamicValue(RS_10_srcpart_small_key1_max) and in_bloom_filter(cstring, DynamicValue(RS_10_srcpart_small_key1_bloom_filter)))) (type: boolean)
                   Statistics: Num rows: 12288 Data size: 862450 Basic stats: COMPLETE Column stats: COMPLETE
                   Filter Operator
-                    predicate: (cstring is not null and (cstring BETWEEN DynamicValue(RS_9_srcpart_date_key_min) AND DynamicValue(RS_9_srcpart_date_key_max) and in_bloom_filter(cstring, DynamicValue(RS_9_srcpart_date_key_bloom_filter))) and (cstring BETWEEN DynamicValue(RS_10_srcpart_small_key1_min) AND DynamicValue(RS_10_srcpart_small_key1_max) and in_bloom_filter(cstring, DynamicValue(RS_10_srcpart_small_key1_bloom_filter)))) (type: boolean)
+                    predicate: ((cstring BETWEEN DynamicValue(RS_10_srcpart_small_key1_min) AND DynamicValue(RS_10_srcpart_small_key1_max) and in_bloom_filter(cstring, DynamicValue(RS_10_srcpart_small_key1_bloom_filter))) and (cstring BETWEEN DynamicValue(RS_9_srcpart_date_key_min) AND DynamicValue(RS_9_srcpart_date_key_max) and in_bloom_filter(cstring, DynamicValue(RS_9_srcpart_date_key_bloom_filter))) and cstring is not null) (type: boolean)
                     Statistics: Num rows: 9174 Data size: 643900 Basic stats: COMPLETE Column stats: COMPLETE
                     Select Operator
                       expressions: cstring (type: string)
@@ -1022,7 +1022,7 @@ STAGE PLANS:
                   filterExpr: (key is not null and value is not null and (key BETWEEN DynamicValue(RS_7_srcpart_small_key1_min) AND DynamicValue(RS_7_srcpart_small_key1_max) and in_bloom_filter(key, DynamicValue(RS_7_srcpart_small_key1_bloom_filter))) and (value BETWEEN DynamicValue(RS_7_srcpart_small_value1_min) AND DynamicValue(RS_7_srcpart_small_value1_max) and in_bloom_filter(value, DynamicValue(RS_7_srcpart_small_value1_bloom_filter)))) (type: boolean)
                   Statistics: Num rows: 2000 Data size: 356000 Basic stats: COMPLETE Column stats: COMPLETE
                   Filter Operator
-                    predicate: (key is not null and value is not null and (key BETWEEN DynamicValue(RS_7_srcpart_small_key1_min) AND DynamicValue(RS_7_srcpart_small_key1_max) and in_bloom_filter(key, DynamicValue(RS_7_srcpart_small_key1_bloom_filter))) and (value BETWEEN DynamicValue(RS_7_srcpart_small_value1_min) AND DynamicValue(RS_7_srcpart_small_value1_max) and in_bloom_filter(value, DynamicValue(RS_7_srcpart_small_value1_bloom_filter)))) (type: boolean)
+                    predicate: ((key BETWEEN DynamicValue(RS_7_srcpart_small_key1_min) AND DynamicValue(RS_7_srcpart_small_key1_max) and in_bloom_filter(key, DynamicValue(RS_7_srcpart_small_key1_bloom_filter))) and (value BETWEEN DynamicValue(RS_7_srcpart_small_value1_min) AND DynamicValue(RS_7_srcpart_small_value1_max) and in_bloom_filter(value, DynamicValue(RS_7_srcpart_small_value1_bloom_filter))) and key is not null and value is not null) (type: boolean)
                     Statistics: Num rows: 2000 Data size: 356000 Basic stats: COMPLETE Column stats: COMPLETE
                     Select Operator
                       expressions: key (type: string), value (type: string)
@@ -1351,7 +1351,7 @@ STAGE PLANS:
                   filterExpr: (key is not null and value is not null and (key BETWEEN DynamicValue(RS_10_srcpart_small_key1_min) AND DynamicValue(RS_10_srcpart_small_key1_max) and in_bloom_filter(key, DynamicValue(RS_10_srcpart_small_key1_bloom_filter)))) (type: boolean)
                   Statistics: Num rows: 2000 Data size: 356000 Basic stats: COMPLETE Column stats: COMPLETE
                   Filter Operator
-                    predicate: (key is not null and value is not null and (key BETWEEN DynamicValue(RS_10_srcpart_small_key1_min) AND DynamicValue(RS_10_srcpart_small_key1_max) and in_bloom_filter(key, DynamicValue(RS_10_srcpart_small_key1_bloom_filter)))) (type: boolean)
+                    predicate: ((key BETWEEN DynamicValue(RS_10_srcpart_small_key1_min) AND DynamicValue(RS_10_srcpart_small_key1_max) and in_bloom_filter(key, DynamicValue(RS_10_srcpart_small_key1_bloom_filter))) and key is not null and value is not null) (type: boolean)
                     Statistics: Num rows: 2000 Data size: 356000 Basic stats: COMPLETE Column stats: COMPLETE
                     Select Operator
                       expressions: key (type: string), value (type: string)
@@ -1405,7 +1405,7 @@ STAGE PLANS:
                   filterExpr: (cstring is not null and (cstring BETWEEN DynamicValue(RS_12_srcpart_date_value_min) AND DynamicValue(RS_12_srcpart_date_value_max) and in_bloom_filter(cstring, DynamicValue(RS_12_srcpart_date_value_bloom_filter)))) (type: boolean)
                   Statistics: Num rows: 12288 Data size: 862450 Basic stats: COMPLETE Column stats: COMPLETE
                   Filter Operator
-                    predicate: (cstring is not null and (cstring BETWEEN DynamicValue(RS_12_srcpart_date_value_min) AND DynamicValue(RS_12_srcpart_date_value_max) and in_bloom_filter(cstring, DynamicValue(RS_12_srcpart_date_value_bloom_filter)))) (type: boolean)
+                    predicate: ((cstring BETWEEN DynamicValue(RS_12_srcpart_date_value_min) AND DynamicValue(RS_12_srcpart_date_value_max) and in_bloom_filter(cstring, DynamicValue(RS_12_srcpart_date_value_bloom_filter))) and cstring is not null) (type: boolean)
                     Statistics: Num rows: 9174 Data size: 643900 Basic stats: COMPLETE Column stats: COMPLETE
                     Select Operator
                       expressions: cstring (type: string)
@@ -1561,7 +1561,7 @@ STAGE PLANS:
                   GatherStats: false
                   Filter Operator
                     isSamplingPred: false
-                    predicate: (key is not null and (key BETWEEN DynamicValue(RS_7_srcpart_small_key1_min) AND DynamicValue(RS_7_srcpart_small_key1_max) and in_bloom_filter(key, DynamicValue(RS_7_srcpart_small_key1_bloom_filter)))) (type: boolean)
+                    predicate: ((key BETWEEN DynamicValue(RS_7_srcpart_small_key1_min) AND DynamicValue(RS_7_srcpart_small_key1_max) and in_bloom_filter(key, DynamicValue(RS_7_srcpart_small_key1_bloom_filter))) and key is not null) (type: boolean)
                     Statistics: Num rows: 2000 Data size: 174000 Basic stats: COMPLETE Column stats: COMPLETE
                     Select Operator
                       expressions: key (type: string)
@@ -2128,7 +2128,7 @@ STAGE PLANS:
                   filterExpr: (key is not null and (key BETWEEN DynamicValue(RS_7_srcpart_small_key1_min) AND DynamicValue(RS_7_srcpart_small_key1_max) and in_bloom_filter(key, DynamicValue(RS_7_srcpart_small_key1_bloom_filter)))) (type: boolean)
                   Statistics: Num rows: 2000 Data size: 174000 Basic stats: COMPLETE Column stats: COMPLETE
                   Filter Operator
-                    predicate: (key is not null and (key BETWEEN DynamicValue(RS_7_srcpart_small_key1_min) AND DynamicValue(RS_7_srcpart_small_key1_max) and in_bloom_filter(key, DynamicValue(RS_7_srcpart_small_key1_bloom_filter)))) (type: boolean)
+                    predicate: ((key BETWEEN DynamicValue(RS_7_srcpart_small_key1_min) AND DynamicValue(RS_7_srcpart_small_key1_max) and in_bloom_filter(key, DynamicValue(RS_7_srcpart_small_key1_bloom_filter))) and key is not null) (type: boolean)
                     Statistics: Num rows: 2000 Data size: 174000 Basic stats: COMPLETE Column stats: COMPLETE
                     Select Operator
                       expressions: key (type: string)
@@ -2555,7 +2555,7 @@ STAGE PLANS:
                   filterExpr: (key is not null and value is not null and (key BETWEEN DynamicValue(RS_10_srcpart_small_key1_min) AND DynamicValue(RS_10_srcpart_small_key1_max) and in_bloom_filter(key, DynamicValue(RS_10_srcpart_small_key1_bloom_filter)))) (type: boolean)
                   Statistics: Num rows: 2000 Data size: 356000 Basic stats: COMPLETE Column stats: COMPLETE
                   Filter Operator
-                    predicate: (key is not null and value is not null and (key BETWEEN DynamicValue(RS_10_srcpart_small_key1_min) AND DynamicValue(RS_10_srcpart_small_key1_max) and in_bloom_filter(key, DynamicValue(RS_10_srcpart_small_key1_bloom_filter)))) (type: boolean)
+                    predicate: ((key BETWEEN DynamicValue(RS_10_srcpart_small_key1_min) AND DynamicValue(RS_10_srcpart_small_key1_max) and in_bloom_filter(key, DynamicValue(RS_10_srcpart_small_key1_bloom_filter))) and key is not null and value is not null) (type: boolean)
                     Statistics: Num rows: 2000 Data size: 356000 Basic stats: COMPLETE Column stats: COMPLETE
                     Select Operator
                       expressions: key (type: string), value (type: string)
@@ -2631,7 +2631,7 @@ STAGE PLANS:
                   filterExpr: (cstring is not null and (cstring BETWEEN DynamicValue(RS_12_srcpart_date_value_min) AND DynamicValue(RS_12_srcpart_date_value_max) and in_bloom_filter(cstring, DynamicValue(RS_12_srcpart_date_value_bloom_filter)))) (type: boolean)
                   Statistics: Num rows: 12288 Data size: 862450 Basic stats: COMPLETE Column stats: COMPLETE
                   Filter Operator
-                    predicate: (cstring is not null and (cstring BETWEEN DynamicValue(RS_12_srcpart_date_value_min) AND DynamicValue(RS_12_srcpart_date_value_max) and in_bloom_filter(cstring, DynamicValue(RS_12_srcpart_date_value_bloom_filter)))) (type: boolean)
+                    predicate: ((cstring BETWEEN DynamicValue(RS_12_srcpart_date_value_min) AND DynamicValue(RS_12_srcpart_date_value_max) and in_bloom_filter(cstring, DynamicValue(RS_12_srcpart_date_value_bloom_filter))) and cstring is not null) (type: boolean)
                     Statistics: Num rows: 9174 Data size: 643900 Basic stats: COMPLETE Column stats: COMPLETE
                     Select Operator
                       expressions: cstring (type: string)
@@ -3255,7 +3255,7 @@ STAGE PLANS:
                   filterExpr: (key1 is not null and (key1 BETWEEN DynamicValue(RS_10_srcpart_small10_key1_min) AND DynamicValue(RS_10_srcpart_small10_key1_max) and in_bloom_filter(key1, DynamicValue(RS_10_srcpart_small10_key1_bloom_filter)))) (type: boolean)
                   Statistics: Num rows: 20 Data size: 5420 Basic stats: COMPLETE Column stats: PARTIAL
                   Filter Operator
-                    predicate: (key1 is not null and (key1 BETWEEN DynamicValue(RS_10_srcpart_small10_key1_min) AND DynamicValue(RS_10_srcpart_small10_key1_max) and in_bloom_filter(key1, DynamicValue(RS_10_srcpart_small10_key1_bloom_filter)))) (type: boolean)
+                    predicate: ((key1 BETWEEN DynamicValue(RS_10_srcpart_small10_key1_min) AND DynamicValue(RS_10_srcpart_small10_key1_max) and in_bloom_filter(key1, DynamicValue(RS_10_srcpart_small10_key1_bloom_filter))) and key1 is not null) (type: boolean)
                     Statistics: Num rows: 20 Data size: 5420 Basic stats: COMPLETE Column stats: PARTIAL
                     Select Operator
                       expressions: key1 (type: string), ds (type: string)
diff --git a/ql/src/test/results/clientpositive/llap/dynamic_semijoin_reduction_2.q.out b/ql/src/test/results/clientpositive/llap/dynamic_semijoin_reduction_2.q.out
index bef79f9423..87e08fbcde 100644
--- a/ql/src/test/results/clientpositive/llap/dynamic_semijoin_reduction_2.q.out
+++ b/ql/src/test/results/clientpositive/llap/dynamic_semijoin_reduction_2.q.out
@@ -94,7 +94,7 @@ STAGE PLANS:
                   filterExpr: (bigint_col_7 is not null and decimal2016_col_26 is not null and tinyint_col_3 is not null and (decimal2016_col_26 BETWEEN DynamicValue(RS_21_t2_decimal2709_col_9_min) AND DynamicValue(RS_21_t2_decimal2709_col_9_max) and in_bloom_filter(decimal2016_col_26, DynamicValue(RS_21_t2_decimal2709_col_9_bloom_filter))) and (tinyint_col_3 BETWEEN DynamicValue(RS_21_t2_tinyint_col_20_min) AND DynamicValue(RS_21_t2_tinyint_col_20_max) and in_bloom_filter(tinyint_col_3, DynamicValue(RS_21_t2_tinyint_col_20_bloom_filter))) and (bigint_col_7 BETWEEN DynamicValue(RS_21_t2_tinyint_col_15_min) AND DynamicValue(RS_21_t2_tinyint_col_15_max) and in_bloom_filter(bigint_col_7, DynamicValue(RS_21_t2_tinyint_col_15_bloom_filter))) and (timestamp_col_9 BETWEEN DynamicValue(RS_24_tt2_timestamp_col_18_min) AND DynamicValue(RS_24_tt2_timestamp_col_18_max) and in_bloom_filter(timestamp_col_9, DynamicValue(RS_24_tt2_timestamp_col_18_bloom_filter)))) (type: boolean)
                   Statistics: Num rows: 1 Data size: 164 Basic stats: COMPLETE Column stats: NONE
                   Filter Operator
-                    predicate: (bigint_col_7 is not null and decimal2016_col_26 is not null and tinyint_col_3 is not null and (decimal2016_col_26 BETWEEN DynamicValue(RS_21_t2_decimal2709_col_9_min) AND DynamicValue(RS_21_t2_decimal2709_col_9_max) and in_bloom_filter(decimal2016_col_26, DynamicValue(RS_21_t2_decimal2709_col_9_bloom_filter))) and (tinyint_col_3 BETWEEN DynamicValue(RS_21_t2_tinyint_col_20_min) AND DynamicValue(RS_21_t2_tinyint_col_20_max) and in_bloom_filter(tinyint_col_3, DynamicValue(RS_21_t2_tinyint_col_20_bloom_filter))) and (bigint_col_7 BETWEEN DynamicValue(RS_21_t2_tinyint_col_15_min) AND DynamicValue(RS_21_t2_tinyint_col_15_max) and in_bloom_filter(bigint_col_7, DynamicValue(RS_21_t2_tinyint_col_15_bloom_filter))) and (timestamp_col_9 BETWEEN DynamicValue(RS_24_tt2_timestamp_col_18_min) AND DynamicValue(RS_24_tt2_timestamp_col_18_max) and in_bloom_filter(timestamp_col_9, DynamicValue(RS_24_tt2_timestamp_col_18_bloom_filter)))) (type: boolean)
+                    predicate: ((bigint_col_7 BETWEEN DynamicValue(RS_21_t2_tinyint_col_15_min) AND DynamicValue(RS_21_t2_tinyint_col_15_max) and in_bloom_filter(bigint_col_7, DynamicValue(RS_21_t2_tinyint_col_15_bloom_filter))) and (decimal2016_col_26 BETWEEN DynamicValue(RS_21_t2_decimal2709_col_9_min) AND DynamicValue(RS_21_t2_decimal2709_col_9_max) and in_bloom_filter(decimal2016_col_26, DynamicValue(RS_21_t2_decimal2709_col_9_bloom_filter))) and (timestamp_col_9 BETWEEN DynamicValue(RS_24_tt2_timestamp_col_18_min) AND DynamicValue(RS_24_tt2_timestamp_col_18_max) and in_bloom_filter(timestamp_col_9, DynamicValue(RS_24_tt2_timestamp_col_18_bloom_filter))) and (tinyint_col_3 BETWEEN DynamicValue(RS_21_t2_tinyint_col_20_min) AND DynamicValue(RS_21_t2_tinyint_col_20_max) and in_bloom_filter(tinyint_col_3, DynamicValue(RS_21_t2_tinyint_col_20_bloom_filter))) and bigint_col_7 is not null and decimal2016_col_26 is not null and tinyint_col_3 is not null) (type: boolean)
                     Statistics: Num rows: 1 Data size: 164 Basic stats: COMPLETE Column stats: NONE
                     Select Operator
                       expressions: bigint_col_7 (type: bigint), decimal2016_col_26 (type: decimal(20,16)), tinyint_col_3 (type: tinyint), timestamp_col_9 (type: timestamp)
@@ -115,7 +115,7 @@ STAGE PLANS:
                   filterExpr: (timestamp_col_18 is not null and decimal1911_col_16 is not null and (decimal1911_col_16 BETWEEN DynamicValue(RS_12_tt1_decimal2612_col_77_min) AND DynamicValue(RS_12_tt1_decimal2612_col_77_max) and in_bloom_filter(decimal1911_col_16, DynamicValue(RS_12_tt1_decimal2612_col_77_bloom_filter)))) (type: boolean)
                   Statistics: Num rows: 1 Data size: 152 Basic stats: COMPLETE Column stats: NONE
                   Filter Operator
-                    predicate: (timestamp_col_18 is not null and decimal1911_col_16 is not null and (decimal1911_col_16 BETWEEN DynamicValue(RS_12_tt1_decimal2612_col_77_min) AND DynamicValue(RS_12_tt1_decimal2612_col_77_max) and in_bloom_filter(decimal1911_col_16, DynamicValue(RS_12_tt1_decimal2612_col_77_bloom_filter)))) (type: boolean)
+                    predicate: ((decimal1911_col_16 BETWEEN DynamicValue(RS_12_tt1_decimal2612_col_77_min) AND DynamicValue(RS_12_tt1_decimal2612_col_77_max) and in_bloom_filter(decimal1911_col_16, DynamicValue(RS_12_tt1_decimal2612_col_77_bloom_filter))) and decimal1911_col_16 is not null and timestamp_col_18 is not null) (type: boolean)
                     Statistics: Num rows: 1 Data size: 152 Basic stats: COMPLETE Column stats: NONE
                     Select Operator
                       expressions: decimal1911_col_16 (type: decimal(19,11)), timestamp_col_18 (type: timestamp)
@@ -136,7 +136,7 @@ STAGE PLANS:
                   filterExpr: (tinyint_col_15 is not null and decimal2709_col_9 is not null and tinyint_col_20 is not null) (type: boolean)
                   Statistics: Num rows: 1 Data size: 124 Basic stats: COMPLETE Column stats: NONE
                   Filter Operator
-                    predicate: (tinyint_col_15 is not null and decimal2709_col_9 is not null and tinyint_col_20 is not null) (type: boolean)
+                    predicate: (decimal2709_col_9 is not null and tinyint_col_15 is not null and tinyint_col_20 is not null) (type: boolean)
                     Statistics: Num rows: 1 Data size: 124 Basic stats: COMPLETE Column stats: NONE
                     Select Operator
                       expressions: tinyint_col_15 (type: tinyint), decimal2709_col_9 (type: decimal(27,9)), tinyint_col_20 (type: tinyint), smallint_col_19 (type: smallint)
@@ -599,7 +599,7 @@ STAGE PLANS:
                   filterExpr: ((UDFToDouble(key) < 0.0) and value is not null and (value BETWEEN DynamicValue(RS_21_x__col1_min) AND DynamicValue(RS_21_x__col1_max) and in_bloom_filter(value, DynamicValue(RS_21_x__col1_bloom_filter)))) (type: boolean)
                   Statistics: Num rows: 25 Data size: 4375 Basic stats: COMPLETE Column stats: COMPLETE
                   Filter Operator
-                    predicate: ((UDFToDouble(key) < 0.0) and value is not null and (value BETWEEN DynamicValue(RS_21_x__col1_min) AND DynamicValue(RS_21_x__col1_max) and in_bloom_filter(value, DynamicValue(RS_21_x__col1_bloom_filter)))) (type: boolean)
+                    predicate: ((UDFToDouble(key) < 0.0) and (value BETWEEN DynamicValue(RS_21_x__col1_min) AND DynamicValue(RS_21_x__col1_max) and in_bloom_filter(value, DynamicValue(RS_21_x__col1_bloom_filter))) and value is not null) (type: boolean)
                     Statistics: Num rows: 8 Data size: 1400 Basic stats: COMPLETE Column stats: COMPLETE
                     Select Operator
                       expressions: value (type: string)
diff --git a/ql/src/test/results/clientpositive/llap/dynamic_semijoin_reduction_3.q.out b/ql/src/test/results/clientpositive/llap/dynamic_semijoin_reduction_3.q.out
index 095ae9d01d..374d4b84de 100644
--- a/ql/src/test/results/clientpositive/llap/dynamic_semijoin_reduction_3.q.out
+++ b/ql/src/test/results/clientpositive/llap/dynamic_semijoin_reduction_3.q.out
@@ -104,7 +104,7 @@ STAGE PLANS:
                 outputColumnNames: _col0, _col4, _col5, _col6
                 Statistics: Num rows: 1 Data size: 4 Basic stats: COMPLETE Column stats: NONE
                 Filter Operator
-                  predicate: ((_col5 > 8) and (_col0 = _col5)) (type: boolean)
+                  predicate: ((_col0 = _col5) and (_col5 > 8)) (type: boolean)
                   Statistics: Num rows: 1 Data size: 4 Basic stats: COMPLETE Column stats: NONE
                   Select Operator
                     expressions: _col4 (type: struct<transactionid:bigint,bucketid:int,rowid:bigint>)
@@ -116,7 +116,7 @@ STAGE PLANS:
                       Map-reduce partition columns: UDFToInteger(_col0) (type: int)
                       Statistics: Num rows: 1 Data size: 4 Basic stats: COMPLETE Column stats: NONE
                 Filter Operator
-                  predicate: ((_col5 <= 8) and (_col0 = _col5)) (type: boolean)
+                  predicate: ((_col0 = _col5) and (_col5 <= 8)) (type: boolean)
                   Statistics: Num rows: 1 Data size: 4 Basic stats: COMPLETE Column stats: NONE
                   Select Operator
                     expressions: _col4 (type: struct<transactionid:bigint,bucketid:int,rowid:bigint>), _col0 (type: int)
@@ -577,7 +577,7 @@ STAGE PLANS:
                 outputColumnNames: _col0, _col4, _col5, _col6
                 Statistics: Num rows: 2 Data size: 17 Basic stats: COMPLETE Column stats: NONE
                 Filter Operator
-                  predicate: ((_col5 > 8) and (_col0 = _col5)) (type: boolean)
+                  predicate: ((_col0 = _col5) and (_col5 > 8)) (type: boolean)
                   Statistics: Num rows: 1 Data size: 8 Basic stats: COMPLETE Column stats: NONE
                   Select Operator
                     expressions: _col4 (type: struct<transactionid:bigint,bucketid:int,rowid:bigint>)
@@ -589,7 +589,7 @@ STAGE PLANS:
                       Map-reduce partition columns: UDFToInteger(_col0) (type: int)
                       Statistics: Num rows: 1 Data size: 8 Basic stats: COMPLETE Column stats: NONE
                 Filter Operator
-                  predicate: ((_col5 <= 8) and (_col0 = _col5)) (type: boolean)
+                  predicate: ((_col0 = _col5) and (_col5 <= 8)) (type: boolean)
                   Statistics: Num rows: 1 Data size: 8 Basic stats: COMPLETE Column stats: NONE
                   Select Operator
                     expressions: _col4 (type: struct<transactionid:bigint,bucketid:int,rowid:bigint>), _col0 (type: int)
diff --git a/ql/src/test/results/clientpositive/llap/dynamic_semijoin_reduction_sw.q.out b/ql/src/test/results/clientpositive/llap/dynamic_semijoin_reduction_sw.q.out
index 2807a85f35..d7daa555f9 100644
--- a/ql/src/test/results/clientpositive/llap/dynamic_semijoin_reduction_sw.q.out
+++ b/ql/src/test/results/clientpositive/llap/dynamic_semijoin_reduction_sw.q.out
@@ -215,7 +215,7 @@ STAGE PLANS:
                   filterExpr: (key is not null and (key BETWEEN DynamicValue(RS_10_srcpart_small_key1_min) AND DynamicValue(RS_10_srcpart_small_key1_max) and in_bloom_filter(key, DynamicValue(RS_10_srcpart_small_key1_bloom_filter)))) (type: boolean)
                   Statistics: Num rows: 1000 Data size: 87000 Basic stats: COMPLETE Column stats: COMPLETE
                   Filter Operator
-                    predicate: (key is not null and (key BETWEEN DynamicValue(RS_10_srcpart_small_key1_min) AND DynamicValue(RS_10_srcpart_small_key1_max) and in_bloom_filter(key, DynamicValue(RS_10_srcpart_small_key1_bloom_filter)))) (type: boolean)
+                    predicate: ((key BETWEEN DynamicValue(RS_10_srcpart_small_key1_min) AND DynamicValue(RS_10_srcpart_small_key1_max) and in_bloom_filter(key, DynamicValue(RS_10_srcpart_small_key1_bloom_filter))) and key is not null) (type: boolean)
                     Statistics: Num rows: 1000 Data size: 87000 Basic stats: COMPLETE Column stats: COMPLETE
                     Select Operator
                       expressions: key (type: string)
@@ -248,7 +248,7 @@ STAGE PLANS:
                   filterExpr: (cstring is not null and (cstring BETWEEN DynamicValue(RS_9_srcpart_date_key_min) AND DynamicValue(RS_9_srcpart_date_key_max) and in_bloom_filter(cstring, DynamicValue(RS_9_srcpart_date_key_bloom_filter))) and (cstring BETWEEN DynamicValue(RS_10_srcpart_small_key1_min) AND DynamicValue(RS_10_srcpart_small_key1_max) and in_bloom_filter(cstring, DynamicValue(RS_10_srcpart_small_key1_bloom_filter)))) (type: boolean)
                   Statistics: Num rows: 12288 Data size: 862450 Basic stats: COMPLETE Column stats: COMPLETE
                   Filter Operator
-                    predicate: (cstring is not null and (cstring BETWEEN DynamicValue(RS_9_srcpart_date_key_min) AND DynamicValue(RS_9_srcpart_date_key_max) and in_bloom_filter(cstring, DynamicValue(RS_9_srcpart_date_key_bloom_filter))) and (cstring BETWEEN DynamicValue(RS_10_srcpart_small_key1_min) AND DynamicValue(RS_10_srcpart_small_key1_max) and in_bloom_filter(cstring, DynamicValue(RS_10_srcpart_small_key1_bloom_filter)))) (type: boolean)
+                    predicate: ((cstring BETWEEN DynamicValue(RS_10_srcpart_small_key1_min) AND DynamicValue(RS_10_srcpart_small_key1_max) and in_bloom_filter(cstring, DynamicValue(RS_10_srcpart_small_key1_bloom_filter))) and (cstring BETWEEN DynamicValue(RS_9_srcpart_date_key_min) AND DynamicValue(RS_9_srcpart_date_key_max) and in_bloom_filter(cstring, DynamicValue(RS_9_srcpart_date_key_bloom_filter))) and cstring is not null) (type: boolean)
                     Statistics: Num rows: 9174 Data size: 643900 Basic stats: COMPLETE Column stats: COMPLETE
                     Select Operator
                       expressions: cstring (type: string)
@@ -268,7 +268,7 @@ STAGE PLANS:
                   filterExpr: (key is not null and (key BETWEEN DynamicValue(RS_24_srcpart_small_key1_min) AND DynamicValue(RS_24_srcpart_small_key1_max) and in_bloom_filter(key, DynamicValue(RS_24_srcpart_small_key1_bloom_filter)))) (type: boolean)
                   Statistics: Num rows: 1000 Data size: 87000 Basic stats: COMPLETE Column stats: COMPLETE
                   Filter Operator
-                    predicate: (key is not null and (key BETWEEN DynamicValue(RS_24_srcpart_small_key1_min) AND DynamicValue(RS_24_srcpart_small_key1_max) and in_bloom_filter(key, DynamicValue(RS_24_srcpart_small_key1_bloom_filter)))) (type: boolean)
+                    predicate: ((key BETWEEN DynamicValue(RS_24_srcpart_small_key1_min) AND DynamicValue(RS_24_srcpart_small_key1_max) and in_bloom_filter(key, DynamicValue(RS_24_srcpart_small_key1_bloom_filter))) and key is not null) (type: boolean)
                     Statistics: Num rows: 1000 Data size: 87000 Basic stats: COMPLETE Column stats: COMPLETE
                     Select Operator
                       expressions: key (type: string)
@@ -301,7 +301,7 @@ STAGE PLANS:
                   filterExpr: (cstring is not null and (cstring BETWEEN DynamicValue(RS_23_srcpart_date_key_min) AND DynamicValue(RS_23_srcpart_date_key_max) and in_bloom_filter(cstring, DynamicValue(RS_23_srcpart_date_key_bloom_filter))) and (cstring BETWEEN DynamicValue(RS_24_srcpart_small_key1_min) AND DynamicValue(RS_24_srcpart_small_key1_max) and in_bloom_filter(cstring, DynamicValue(RS_24_srcpart_small_key1_bloom_filter)))) (type: boolean)
                   Statistics: Num rows: 12288 Data size: 862450 Basic stats: COMPLETE Column stats: COMPLETE
                   Filter Operator
-                    predicate: (cstring is not null and (cstring BETWEEN DynamicValue(RS_23_srcpart_date_key_min) AND DynamicValue(RS_23_srcpart_date_key_max) and in_bloom_filter(cstring, DynamicValue(RS_23_srcpart_date_key_bloom_filter))) and (cstring BETWEEN DynamicValue(RS_24_srcpart_small_key1_min) AND DynamicValue(RS_24_srcpart_small_key1_max) and in_bloom_filter(cstring, DynamicValue(RS_24_srcpart_small_key1_bloom_filter)))) (type: boolean)
+                    predicate: ((cstring BETWEEN DynamicValue(RS_23_srcpart_date_key_min) AND DynamicValue(RS_23_srcpart_date_key_max) and in_bloom_filter(cstring, DynamicValue(RS_23_srcpart_date_key_bloom_filter))) and (cstring BETWEEN DynamicValue(RS_24_srcpart_small_key1_min) AND DynamicValue(RS_24_srcpart_small_key1_max) and in_bloom_filter(cstring, DynamicValue(RS_24_srcpart_small_key1_bloom_filter))) and cstring is not null) (type: boolean)
                     Statistics: Num rows: 9174 Data size: 643900 Basic stats: COMPLETE Column stats: COMPLETE
                     Select Operator
                       expressions: cstring (type: string)
diff --git a/ql/src/test/results/clientpositive/llap/dynamic_semijoin_user_level.q.out b/ql/src/test/results/clientpositive/llap/dynamic_semijoin_user_level.q.out
index 49eff9bb39..a51637a2b9 100644
--- a/ql/src/test/results/clientpositive/llap/dynamic_semijoin_user_level.q.out
+++ b/ql/src/test/results/clientpositive/llap/dynamic_semijoin_user_level.q.out
@@ -189,7 +189,7 @@ Stage-0
                   Select Operator [SEL_2] (rows=2000 width=87)
                     Output:["_col0"]
                     Filter Operator [FIL_17] (rows=2000 width=87)
-                      predicate:(key is not null and (key BETWEEN DynamicValue(RS_7_srcpart_small_key1_min) AND DynamicValue(RS_7_srcpart_small_key1_max) and in_bloom_filter(key, DynamicValue(RS_7_srcpart_small_key1_bloom_filter))))
+                      predicate:((key BETWEEN DynamicValue(RS_7_srcpart_small_key1_min) AND DynamicValue(RS_7_srcpart_small_key1_max) and in_bloom_filter(key, DynamicValue(RS_7_srcpart_small_key1_bloom_filter))) and key is not null)
                       TableScan [TS_0] (rows=2000 width=87)
                         default@srcpart_date,srcpart_date,Tbl:COMPLETE,Col:COMPLETE,Output:["key"]
                       <-Reducer 5 [BROADCAST_EDGE] llap
@@ -396,7 +396,7 @@ Stage-0
                   Select Operator [SEL_2] (rows=2000 width=87)
                     Output:["_col0"]
                     Filter Operator [FIL_25] (rows=2000 width=87)
-                      predicate:(key is not null and (key BETWEEN DynamicValue(RS_10_srcpart_small_key1_min) AND DynamicValue(RS_10_srcpart_small_key1_max) and in_bloom_filter(key, DynamicValue(RS_10_srcpart_small_key1_bloom_filter))))
+                      predicate:((key BETWEEN DynamicValue(RS_10_srcpart_small_key1_min) AND DynamicValue(RS_10_srcpart_small_key1_max) and in_bloom_filter(key, DynamicValue(RS_10_srcpart_small_key1_bloom_filter))) and key is not null)
                       TableScan [TS_0] (rows=2000 width=87)
                         default@srcpart_date,srcpart_date,Tbl:COMPLETE,Col:COMPLETE,Output:["key"]
                       <-Reducer 6 [BROADCAST_EDGE] llap
@@ -425,7 +425,7 @@ Stage-0
                   Select Operator [SEL_8] (rows=9174 width=70)
                     Output:["_col0"]
                     Filter Operator [FIL_27] (rows=9174 width=70)
-                      predicate:(cstring is not null and (cstring BETWEEN DynamicValue(RS_9_srcpart_date_key_min) AND DynamicValue(RS_9_srcpart_date_key_max) and in_bloom_filter(cstring, DynamicValue(RS_9_srcpart_date_key_bloom_filter))) and (cstring BETWEEN DynamicValue(RS_10_srcpart_small_key1_min) AND DynamicValue(RS_10_srcpart_small_key1_max) and in_bloom_filter(cstring, DynamicValue(RS_10_srcpart_small_key1_bloom_filter))))
+                      predicate:((cstring BETWEEN DynamicValue(RS_10_srcpart_small_key1_min) AND DynamicValue(RS_10_srcpart_small_key1_max) and in_bloom_filter(cstring, DynamicValue(RS_10_srcpart_small_key1_bloom_filter))) and (cstring BETWEEN DynamicValue(RS_9_srcpart_date_key_min) AND DynamicValue(RS_9_srcpart_date_key_max) and in_bloom_filter(cstring, DynamicValue(RS_9_srcpart_date_key_bloom_filter))) and cstring is not null)
                       TableScan [TS_6] (rows=12288 width=70)
                         default@alltypesorc_int,alltypesorc_int,Tbl:COMPLETE,Col:COMPLETE,Output:["cstring"]
                       <-Reducer 6 [BROADCAST_EDGE] llap
@@ -568,7 +568,7 @@ Stage-0
                   Select Operator [SEL_2] (rows=2000 width=178)
                     Output:["_col0","_col1"]
                     Filter Operator [FIL_17] (rows=2000 width=178)
-                      predicate:(key is not null and value is not null and (key BETWEEN DynamicValue(RS_7_srcpart_small_key1_min) AND DynamicValue(RS_7_srcpart_small_key1_max) and in_bloom_filter(key, DynamicValue(RS_7_srcpart_small_key1_bloom_filter))) and (value BETWEEN DynamicValue(RS_7_srcpart_small_value1_min) AND DynamicValue(RS_7_srcpart_small_value1_max) and in_bloom_filter(value, DynamicValue(RS_7_srcpart_small_value1_bloom_filter))))
+                      predicate:((key BETWEEN DynamicValue(RS_7_srcpart_small_key1_min) AND DynamicValue(RS_7_srcpart_small_key1_max) and in_bloom_filter(key, DynamicValue(RS_7_srcpart_small_key1_bloom_filter))) and (value BETWEEN DynamicValue(RS_7_srcpart_small_value1_min) AND DynamicValue(RS_7_srcpart_small_value1_max) and in_bloom_filter(value, DynamicValue(RS_7_srcpart_small_value1_bloom_filter))) and key is not null and value is not null)
                       TableScan [TS_0] (rows=2000 width=178)
                         default@srcpart_date,srcpart_date,Tbl:COMPLETE,Col:COMPLETE,Output:["key","value"]
                       <-Reducer 5 [BROADCAST_EDGE] llap
@@ -741,7 +741,7 @@ Stage-0
                       Select Operator [SEL_2] (rows=2000 width=178)
                         Output:["_col0","_col1"]
                         Filter Operator [FIL_26] (rows=2000 width=178)
-                          predicate:(key is not null and value is not null and (key BETWEEN DynamicValue(RS_10_srcpart_small_key1_min) AND DynamicValue(RS_10_srcpart_small_key1_max) and in_bloom_filter(key, DynamicValue(RS_10_srcpart_small_key1_bloom_filter))))
+                          predicate:((key BETWEEN DynamicValue(RS_10_srcpart_small_key1_min) AND DynamicValue(RS_10_srcpart_small_key1_max) and in_bloom_filter(key, DynamicValue(RS_10_srcpart_small_key1_bloom_filter))) and key is not null and value is not null)
                           TableScan [TS_0] (rows=2000 width=178)
                             default@srcpart_date,srcpart_date,Tbl:COMPLETE,Col:COMPLETE,Output:["key","value"]
                           <-Reducer 7 [BROADCAST_EDGE] llap
@@ -761,7 +761,7 @@ Stage-0
                   Select Operator [SEL_8] (rows=9174 width=70)
                     Output:["_col0"]
                     Filter Operator [FIL_28] (rows=9174 width=70)
-                      predicate:(cstring is not null and (cstring BETWEEN DynamicValue(RS_12_srcpart_date_value_min) AND DynamicValue(RS_12_srcpart_date_value_max) and in_bloom_filter(cstring, DynamicValue(RS_12_srcpart_date_value_bloom_filter))))
+                      predicate:((cstring BETWEEN DynamicValue(RS_12_srcpart_date_value_min) AND DynamicValue(RS_12_srcpart_date_value_max) and in_bloom_filter(cstring, DynamicValue(RS_12_srcpart_date_value_bloom_filter))) and cstring is not null)
                       TableScan [TS_6] (rows=12288 width=70)
                         default@alltypesorc_int,alltypesorc_int,Tbl:COMPLETE,Col:COMPLETE,Output:["cstring"]
                       <-Reducer 5 [BROADCAST_EDGE] llap
@@ -825,7 +825,7 @@ STAGE PLANS:
                   GatherStats: false
                   Filter Operator
                     isSamplingPred: false
-                    predicate: (key is not null and (key BETWEEN DynamicValue(RS_7_srcpart_small_key1_min) AND DynamicValue(RS_7_srcpart_small_key1_max) and in_bloom_filter(key, DynamicValue(RS_7_srcpart_small_key1_bloom_filter)))) (type: boolean)
+                    predicate: ((key BETWEEN DynamicValue(RS_7_srcpart_small_key1_min) AND DynamicValue(RS_7_srcpart_small_key1_max) and in_bloom_filter(key, DynamicValue(RS_7_srcpart_small_key1_bloom_filter))) and key is not null) (type: boolean)
                     Statistics: Num rows: 2000 Data size: 174000 Basic stats: COMPLETE Column stats: COMPLETE
                     Select Operator
                       expressions: key (type: string)
diff --git a/ql/src/test/results/clientpositive/llap/dynpart_sort_opt_vectorization.q.out b/ql/src/test/results/clientpositive/llap/dynpart_sort_opt_vectorization.q.out
index fe86a60974..b47671bb95 100644
--- a/ql/src/test/results/clientpositive/llap/dynpart_sort_opt_vectorization.q.out
+++ b/ql/src/test/results/clientpositive/llap/dynpart_sort_opt_vectorization.q.out
@@ -175,7 +175,7 @@ STAGE PLANS:
                   alias: over1k_orc
                   Statistics: Num rows: 1049 Data size: 23952 Basic stats: COMPLETE Column stats: NONE
                   Filter Operator
-                    predicate: (t is null or (t = 27)) (type: boolean)
+                    predicate: ((t = 27) or t is null) (type: boolean)
                     Statistics: Num rows: 57 Data size: 1301 Basic stats: COMPLETE Column stats: NONE
                     Select Operator
                       expressions: si (type: smallint), i (type: int), b (type: bigint), f (type: float), t (type: tinyint)
@@ -250,7 +250,7 @@ STAGE PLANS:
                   alias: over1k_orc
                   Statistics: Num rows: 1049 Data size: 23952 Basic stats: COMPLETE Column stats: NONE
                   Filter Operator
-                    predicate: (t is null or (t = 27)) (type: boolean)
+                    predicate: ((t = 27) or t is null) (type: boolean)
                     Statistics: Num rows: 57 Data size: 1301 Basic stats: COMPLETE Column stats: NONE
                     Select Operator
                       expressions: si (type: smallint), i (type: int), b (type: bigint), f (type: float), t (type: tinyint)
@@ -342,7 +342,7 @@ STAGE PLANS:
                   alias: over1k_orc
                   Statistics: Num rows: 1049 Data size: 23952 Basic stats: COMPLETE Column stats: NONE
                   Filter Operator
-                    predicate: (t is null or (t = 27)) (type: boolean)
+                    predicate: ((t = 27) or t is null) (type: boolean)
                     Statistics: Num rows: 57 Data size: 1301 Basic stats: COMPLETE Column stats: NONE
                     Select Operator
                       expressions: si (type: smallint), i (type: int), b (type: bigint), f (type: float), t (type: tinyint)
@@ -415,7 +415,7 @@ STAGE PLANS:
                   alias: over1k_orc
                   Statistics: Num rows: 1049 Data size: 23952 Basic stats: COMPLETE Column stats: NONE
                   Filter Operator
-                    predicate: (t is null or (t = 27)) (type: boolean)
+                    predicate: ((t = 27) or t is null) (type: boolean)
                     Statistics: Num rows: 57 Data size: 1301 Basic stats: COMPLETE Column stats: NONE
                     Select Operator
                       expressions: si (type: smallint), i (type: int), b (type: bigint), f (type: float), t (type: tinyint)
@@ -556,7 +556,7 @@ STAGE PLANS:
                   alias: over1k_orc
                   Statistics: Num rows: 1049 Data size: 23952 Basic stats: COMPLETE Column stats: NONE
                   Filter Operator
-                    predicate: (t is null or (t = 27)) (type: boolean)
+                    predicate: ((t = 27) or t is null) (type: boolean)
                     Statistics: Num rows: 57 Data size: 1301 Basic stats: COMPLETE Column stats: NONE
                     Select Operator
                       expressions: si (type: smallint), i (type: int), b (type: bigint), f (type: float), t (type: tinyint)
@@ -631,7 +631,7 @@ STAGE PLANS:
                   alias: over1k_orc
                   Statistics: Num rows: 1049 Data size: 23952 Basic stats: COMPLETE Column stats: NONE
                   Filter Operator
-                    predicate: (t is null or (t = 27)) (type: boolean)
+                    predicate: ((t = 27) or t is null) (type: boolean)
                     Statistics: Num rows: 57 Data size: 1301 Basic stats: COMPLETE Column stats: NONE
                     Select Operator
                       expressions: si (type: smallint), i (type: int), b (type: bigint), f (type: float), t (type: tinyint)
@@ -723,7 +723,7 @@ STAGE PLANS:
                   alias: over1k_orc
                   Statistics: Num rows: 1049 Data size: 23952 Basic stats: COMPLETE Column stats: NONE
                   Filter Operator
-                    predicate: (t is null or (t = 27)) (type: boolean)
+                    predicate: ((t = 27) or t is null) (type: boolean)
                     Statistics: Num rows: 57 Data size: 1301 Basic stats: COMPLETE Column stats: NONE
                     Select Operator
                       expressions: si (type: smallint), i (type: int), b (type: bigint), f (type: float), t (type: tinyint)
@@ -796,7 +796,7 @@ STAGE PLANS:
                   alias: over1k_orc
                   Statistics: Num rows: 1049 Data size: 23952 Basic stats: COMPLETE Column stats: NONE
                   Filter Operator
-                    predicate: (t is null or (t = 27)) (type: boolean)
+                    predicate: ((t = 27) or t is null) (type: boolean)
                     Statistics: Num rows: 57 Data size: 1301 Basic stats: COMPLETE Column stats: NONE
                     Select Operator
                       expressions: si (type: smallint), i (type: int), b (type: bigint), f (type: float), t (type: tinyint)
@@ -1339,7 +1339,7 @@ STAGE PLANS:
                   alias: over1k_orc
                   Statistics: Num rows: 1049 Data size: 23952 Basic stats: COMPLETE Column stats: NONE
                   Filter Operator
-                    predicate: (t is null or (t = 27)) (type: boolean)
+                    predicate: ((t = 27) or t is null) (type: boolean)
                     Statistics: Num rows: 57 Data size: 1301 Basic stats: COMPLETE Column stats: NONE
                     Select Operator
                       expressions: si (type: smallint), i (type: int), b (type: bigint), f (type: float), t (type: tinyint)
@@ -1411,7 +1411,7 @@ STAGE PLANS:
                   alias: over1k_orc
                   Statistics: Num rows: 1049 Data size: 23952 Basic stats: COMPLETE Column stats: NONE
                   Filter Operator
-                    predicate: (t is null or (t = 27)) (type: boolean)
+                    predicate: ((t = 27) or t is null) (type: boolean)
                     Statistics: Num rows: 57 Data size: 1301 Basic stats: COMPLETE Column stats: NONE
                     Select Operator
                       expressions: si (type: smallint), i (type: int), b (type: bigint), f (type: float), t (type: tinyint)
@@ -1508,7 +1508,7 @@ STAGE PLANS:
                   Number of rows: 10
                   Statistics: Num rows: 10 Data size: 220 Basic stats: COMPLETE Column stats: NONE
                   Filter Operator
-                    predicate: (_col0 is null or (_col0 = 27)) (type: boolean)
+                    predicate: ((_col0 = 27) or _col0 is null) (type: boolean)
                     Statistics: Num rows: 10 Data size: 220 Basic stats: COMPLETE Column stats: NONE
                     Select Operator
                       expressions: _col1 (type: smallint), _col2 (type: int), _col3 (type: bigint), _col4 (type: float), _col0 (type: tinyint)
@@ -1580,7 +1580,7 @@ STAGE PLANS:
                   alias: over1k_orc
                   Statistics: Num rows: 1049 Data size: 23952 Basic stats: COMPLETE Column stats: NONE
                   Filter Operator
-                    predicate: (t is null or (t = 27)) (type: boolean)
+                    predicate: ((t = 27) or t is null) (type: boolean)
                     Statistics: Num rows: 57 Data size: 1301 Basic stats: COMPLETE Column stats: NONE
                     Group By Operator
                       keys: t (type: tinyint), si (type: smallint), i (type: int), b (type: bigint), f (type: float)
@@ -1658,7 +1658,7 @@ STAGE PLANS:
                   alias: over1k_orc
                   Statistics: Num rows: 1049 Data size: 23952 Basic stats: COMPLETE Column stats: NONE
                   Filter Operator
-                    predicate: (t is null or (t = 27)) (type: boolean)
+                    predicate: ((t = 27) or t is null) (type: boolean)
                     Statistics: Num rows: 57 Data size: 1301 Basic stats: COMPLETE Column stats: NONE
                     Group By Operator
                       keys: t (type: tinyint), si (type: smallint), i (type: int), b (type: bigint), f (type: float)
@@ -2049,7 +2049,7 @@ STAGE PLANS:
                   alias: over1k_orc
                   Statistics: Num rows: 1049 Data size: 23952 Basic stats: COMPLETE Column stats: NONE
                   Filter Operator
-                    predicate: (t is null or (t = 27)) (type: boolean)
+                    predicate: ((t = 27) or t is null) (type: boolean)
                     Statistics: Num rows: 57 Data size: 1301 Basic stats: COMPLETE Column stats: NONE
                     Select Operator
                       expressions: si (type: smallint), i (type: int), b (type: bigint), f (type: float), t (type: tinyint)
@@ -2121,7 +2121,7 @@ STAGE PLANS:
                   alias: over1k_orc
                   Statistics: Num rows: 1049 Data size: 23952 Basic stats: COMPLETE Column stats: NONE
                   Filter Operator
-                    predicate: (t is null or (t = 27)) (type: boolean)
+                    predicate: ((t = 27) or t is null) (type: boolean)
                     Statistics: Num rows: 57 Data size: 1301 Basic stats: COMPLETE Column stats: NONE
                     Select Operator
                       expressions: si (type: smallint), i (type: int), b (type: bigint), f (type: float), t (type: tinyint)
diff --git a/ql/src/test/results/clientpositive/llap/dynpart_sort_optimization.q.out b/ql/src/test/results/clientpositive/llap/dynpart_sort_optimization.q.out
index 36898ceed9..eedb1d55bb 100644
--- a/ql/src/test/results/clientpositive/llap/dynpart_sort_optimization.q.out
+++ b/ql/src/test/results/clientpositive/llap/dynpart_sort_optimization.q.out
@@ -132,7 +132,7 @@ STAGE PLANS:
                   alias: over1k
                   Statistics: Num rows: 4443 Data size: 101328 Basic stats: COMPLETE Column stats: NONE
                   Filter Operator
-                    predicate: (t is null or (t = 27)) (type: boolean)
+                    predicate: ((t = 27) or t is null) (type: boolean)
                     Statistics: Num rows: 227 Data size: 5177 Basic stats: COMPLETE Column stats: NONE
                     Select Operator
                       expressions: si (type: smallint), i (type: int), b (type: bigint), f (type: float), t (type: tinyint)
@@ -207,7 +207,7 @@ STAGE PLANS:
                   alias: over1k
                   Statistics: Num rows: 4443 Data size: 101328 Basic stats: COMPLETE Column stats: NONE
                   Filter Operator
-                    predicate: (t is null or (t = 27)) (type: boolean)
+                    predicate: ((t = 27) or t is null) (type: boolean)
                     Statistics: Num rows: 227 Data size: 5177 Basic stats: COMPLETE Column stats: NONE
                     Select Operator
                       expressions: si (type: smallint), i (type: int), b (type: bigint), f (type: float), t (type: tinyint)
@@ -299,7 +299,7 @@ STAGE PLANS:
                   alias: over1k
                   Statistics: Num rows: 4443 Data size: 101328 Basic stats: COMPLETE Column stats: NONE
                   Filter Operator
-                    predicate: (t is null or (t = 27)) (type: boolean)
+                    predicate: ((t = 27) or t is null) (type: boolean)
                     Statistics: Num rows: 227 Data size: 5177 Basic stats: COMPLETE Column stats: NONE
                     Select Operator
                       expressions: si (type: smallint), i (type: int), b (type: bigint), f (type: float), t (type: tinyint)
@@ -372,7 +372,7 @@ STAGE PLANS:
                   alias: over1k
                   Statistics: Num rows: 4443 Data size: 101328 Basic stats: COMPLETE Column stats: NONE
                   Filter Operator
-                    predicate: (t is null or (t = 27)) (type: boolean)
+                    predicate: ((t = 27) or t is null) (type: boolean)
                     Statistics: Num rows: 227 Data size: 5177 Basic stats: COMPLETE Column stats: NONE
                     Select Operator
                       expressions: si (type: smallint), i (type: int), b (type: bigint), f (type: float), t (type: tinyint)
@@ -513,7 +513,7 @@ STAGE PLANS:
                   alias: over1k
                   Statistics: Num rows: 4443 Data size: 101328 Basic stats: COMPLETE Column stats: NONE
                   Filter Operator
-                    predicate: (t is null or (t = 27)) (type: boolean)
+                    predicate: ((t = 27) or t is null) (type: boolean)
                     Statistics: Num rows: 227 Data size: 5177 Basic stats: COMPLETE Column stats: NONE
                     Select Operator
                       expressions: si (type: smallint), i (type: int), b (type: bigint), f (type: float), t (type: tinyint)
@@ -588,7 +588,7 @@ STAGE PLANS:
                   alias: over1k
                   Statistics: Num rows: 4443 Data size: 101328 Basic stats: COMPLETE Column stats: NONE
                   Filter Operator
-                    predicate: (t is null or (t = 27)) (type: boolean)
+                    predicate: ((t = 27) or t is null) (type: boolean)
                     Statistics: Num rows: 227 Data size: 5177 Basic stats: COMPLETE Column stats: NONE
                     Select Operator
                       expressions: si (type: smallint), i (type: int), b (type: bigint), f (type: float), t (type: tinyint)
@@ -680,7 +680,7 @@ STAGE PLANS:
                   alias: over1k
                   Statistics: Num rows: 4443 Data size: 101328 Basic stats: COMPLETE Column stats: NONE
                   Filter Operator
-                    predicate: (t is null or (t = 27)) (type: boolean)
+                    predicate: ((t = 27) or t is null) (type: boolean)
                     Statistics: Num rows: 227 Data size: 5177 Basic stats: COMPLETE Column stats: NONE
                     Select Operator
                       expressions: si (type: smallint), i (type: int), b (type: bigint), f (type: float), t (type: tinyint)
@@ -753,7 +753,7 @@ STAGE PLANS:
                   alias: over1k
                   Statistics: Num rows: 4443 Data size: 101328 Basic stats: COMPLETE Column stats: NONE
                   Filter Operator
-                    predicate: (t is null or (t = 27)) (type: boolean)
+                    predicate: ((t = 27) or t is null) (type: boolean)
                     Statistics: Num rows: 227 Data size: 5177 Basic stats: COMPLETE Column stats: NONE
                     Select Operator
                       expressions: si (type: smallint), i (type: int), b (type: bigint), f (type: float), t (type: tinyint)
@@ -1296,7 +1296,7 @@ STAGE PLANS:
                   alias: over1k
                   Statistics: Num rows: 4443 Data size: 101328 Basic stats: COMPLETE Column stats: NONE
                   Filter Operator
-                    predicate: (t is null or (t = 27)) (type: boolean)
+                    predicate: ((t = 27) or t is null) (type: boolean)
                     Statistics: Num rows: 227 Data size: 5177 Basic stats: COMPLETE Column stats: NONE
                     Select Operator
                       expressions: si (type: smallint), i (type: int), b (type: bigint), f (type: float), t (type: tinyint)
@@ -1368,7 +1368,7 @@ STAGE PLANS:
                   alias: over1k
                   Statistics: Num rows: 4443 Data size: 101328 Basic stats: COMPLETE Column stats: NONE
                   Filter Operator
-                    predicate: (t is null or (t = 27)) (type: boolean)
+                    predicate: ((t = 27) or t is null) (type: boolean)
                     Statistics: Num rows: 227 Data size: 5177 Basic stats: COMPLETE Column stats: NONE
                     Select Operator
                       expressions: si (type: smallint), i (type: int), b (type: bigint), f (type: float), t (type: tinyint)
@@ -1465,7 +1465,7 @@ STAGE PLANS:
                   Number of rows: 10
                   Statistics: Num rows: 10 Data size: 220 Basic stats: COMPLETE Column stats: NONE
                   Filter Operator
-                    predicate: (_col0 is null or (_col0 = 27)) (type: boolean)
+                    predicate: ((_col0 = 27) or _col0 is null) (type: boolean)
                     Statistics: Num rows: 10 Data size: 220 Basic stats: COMPLETE Column stats: NONE
                     Select Operator
                       expressions: _col1 (type: smallint), _col2 (type: int), _col3 (type: bigint), _col4 (type: float), _col0 (type: tinyint)
@@ -1537,7 +1537,7 @@ STAGE PLANS:
                   alias: over1k
                   Statistics: Num rows: 4443 Data size: 101328 Basic stats: COMPLETE Column stats: NONE
                   Filter Operator
-                    predicate: (t is null or (t = 27)) (type: boolean)
+                    predicate: ((t = 27) or t is null) (type: boolean)
                     Statistics: Num rows: 227 Data size: 5177 Basic stats: COMPLETE Column stats: NONE
                     Group By Operator
                       keys: t (type: tinyint), si (type: smallint), i (type: int), b (type: bigint), f (type: float)
@@ -1615,7 +1615,7 @@ STAGE PLANS:
                   alias: over1k
                   Statistics: Num rows: 4443 Data size: 101328 Basic stats: COMPLETE Column stats: NONE
                   Filter Operator
-                    predicate: (t is null or (t = 27)) (type: boolean)
+                    predicate: ((t = 27) or t is null) (type: boolean)
                     Statistics: Num rows: 227 Data size: 5177 Basic stats: COMPLETE Column stats: NONE
                     Group By Operator
                       keys: t (type: tinyint), si (type: smallint), i (type: int), b (type: bigint), f (type: float)
@@ -2006,7 +2006,7 @@ STAGE PLANS:
                   alias: over1k
                   Statistics: Num rows: 4443 Data size: 101328 Basic stats: COMPLETE Column stats: NONE
                   Filter Operator
-                    predicate: (t is null or (t = 27)) (type: boolean)
+                    predicate: ((t = 27) or t is null) (type: boolean)
                     Statistics: Num rows: 227 Data size: 5177 Basic stats: COMPLETE Column stats: NONE
                     Select Operator
                       expressions: si (type: smallint), i (type: int), b (type: bigint), f (type: float), t (type: tinyint)
@@ -2078,7 +2078,7 @@ STAGE PLANS:
                   alias: over1k
                   Statistics: Num rows: 4443 Data size: 101328 Basic stats: COMPLETE Column stats: NONE
                   Filter Operator
-                    predicate: (t is null or (t = 27)) (type: boolean)
+                    predicate: ((t = 27) or t is null) (type: boolean)
                     Statistics: Num rows: 227 Data size: 5177 Basic stats: COMPLETE Column stats: NONE
                     Select Operator
                       expressions: si (type: smallint), i (type: int), b (type: bigint), f (type: float), t (type: tinyint)
@@ -2828,7 +2828,7 @@ STAGE PLANS:
                   alias: over1k
                   Statistics: Num rows: 859 Data size: 170144 Basic stats: COMPLETE Column stats: NONE
                   Filter Operator
-                    predicate: ((t = 27) and (s = 'foo')) (type: boolean)
+                    predicate: ((s = 'foo') and (t = 27)) (type: boolean)
                     Statistics: Num rows: 1 Data size: 198 Basic stats: COMPLETE Column stats: NONE
                     Select Operator
                       expressions: si (type: smallint), b (type: bigint), f (type: float), 'foo' (type: string), 27 (type: tinyint), i (type: int)
@@ -2900,7 +2900,7 @@ STAGE PLANS:
                   alias: over1k
                   Statistics: Num rows: 859 Data size: 170144 Basic stats: COMPLETE Column stats: NONE
                   Filter Operator
-                    predicate: ((i = 100) and (t = 27) and (s = 'foo')) (type: boolean)
+                    predicate: ((i = 100) and (s = 'foo') and (t = 27)) (type: boolean)
                     Statistics: Num rows: 1 Data size: 198 Basic stats: COMPLETE Column stats: NONE
                     Select Operator
                       expressions: si (type: smallint), b (type: bigint), f (type: float), 'foo' (type: string), 27 (type: tinyint), 100 (type: int)
diff --git a/ql/src/test/results/clientpositive/llap/dynpart_sort_optimization2.q.out b/ql/src/test/results/clientpositive/llap/dynpart_sort_optimization2.q.out
index 4a79503587..e41fa24246 100644
--- a/ql/src/test/results/clientpositive/llap/dynpart_sort_optimization2.q.out
+++ b/ql/src/test/results/clientpositive/llap/dynpart_sort_optimization2.q.out
@@ -92,7 +92,7 @@ STAGE PLANS:
                   alias: ss
                   Statistics: Num rows: 46 Data size: 540 Basic stats: COMPLETE Column stats: NONE
                   Filter Operator
-                    predicate: ((ss_sold_date_sk >= 2452617) and (ss_sold_date_sk <= 2452638)) (type: boolean)
+                    predicate: ((ss_sold_date_sk <= 2452638) and (ss_sold_date_sk >= 2452617)) (type: boolean)
                     Statistics: Num rows: 1 Data size: 11 Basic stats: COMPLETE Column stats: NONE
                     Group By Operator
                       keys: ss_sold_date_sk (type: int), ss_net_paid_inc_tax (type: float), ss_net_profit (type: float)
@@ -335,7 +335,7 @@ STAGE PLANS:
                   alias: ss
                   Statistics: Num rows: 46 Data size: 540 Basic stats: COMPLETE Column stats: NONE
                   Filter Operator
-                    predicate: ((ss_sold_date_sk >= 2452617) and (ss_sold_date_sk <= 2452638)) (type: boolean)
+                    predicate: ((ss_sold_date_sk <= 2452638) and (ss_sold_date_sk >= 2452617)) (type: boolean)
                     Statistics: Num rows: 1 Data size: 11 Basic stats: COMPLETE Column stats: NONE
                     Select Operator
                       expressions: ss_net_paid_inc_tax (type: float), ss_net_profit (type: float), ss_sold_date_sk (type: int)
@@ -573,7 +573,7 @@ STAGE PLANS:
                   alias: ss
                   Statistics: Num rows: 46 Data size: 540 Basic stats: COMPLETE Column stats: NONE
                   Filter Operator
-                    predicate: ((ss_sold_date_sk >= 2452617) and (ss_sold_date_sk <= 2452638)) (type: boolean)
+                    predicate: ((ss_sold_date_sk <= 2452638) and (ss_sold_date_sk >= 2452617)) (type: boolean)
                     Statistics: Num rows: 1 Data size: 11 Basic stats: COMPLETE Column stats: NONE
                     Group By Operator
                       keys: ss_sold_date_sk (type: int), ss_net_paid_inc_tax (type: float), ss_net_profit (type: float)
@@ -815,7 +815,7 @@ STAGE PLANS:
                   alias: ss
                   Statistics: Num rows: 46 Data size: 540 Basic stats: COMPLETE Column stats: NONE
                   Filter Operator
-                    predicate: ((ss_sold_date_sk >= 2452617) and (ss_sold_date_sk <= 2452638)) (type: boolean)
+                    predicate: ((ss_sold_date_sk <= 2452638) and (ss_sold_date_sk >= 2452617)) (type: boolean)
                     Statistics: Num rows: 1 Data size: 11 Basic stats: COMPLETE Column stats: NONE
                     Select Operator
                       expressions: ss_net_paid_inc_tax (type: float), ss_net_profit (type: float), ss_sold_date_sk (type: int)
@@ -1106,7 +1106,7 @@ STAGE PLANS:
                   alias: ss_orc
                   Statistics: Num rows: 24 Data size: 288 Basic stats: COMPLETE Column stats: NONE
                   Filter Operator
-                    predicate: ((ss_sold_date_sk >= 2452617) and (ss_sold_date_sk <= 2452638)) (type: boolean)
+                    predicate: ((ss_sold_date_sk <= 2452638) and (ss_sold_date_sk >= 2452617)) (type: boolean)
                     Statistics: Num rows: 1 Data size: 12 Basic stats: COMPLETE Column stats: NONE
                     Group By Operator
                       keys: ss_sold_date_sk (type: int), ss_net_paid_inc_tax (type: float), ss_net_profit (type: float)
@@ -1348,7 +1348,7 @@ STAGE PLANS:
                   alias: ss_orc
                   Statistics: Num rows: 24 Data size: 288 Basic stats: COMPLETE Column stats: NONE
                   Filter Operator
-                    predicate: ((ss_sold_date_sk >= 2452617) and (ss_sold_date_sk <= 2452638)) (type: boolean)
+                    predicate: ((ss_sold_date_sk <= 2452638) and (ss_sold_date_sk >= 2452617)) (type: boolean)
                     Statistics: Num rows: 1 Data size: 12 Basic stats: COMPLETE Column stats: NONE
                     Select Operator
                       expressions: ss_net_paid_inc_tax (type: float), ss_net_profit (type: float), ss_sold_date_sk (type: int)
diff --git a/ql/src/test/results/clientpositive/llap/except_distinct.q.out b/ql/src/test/results/clientpositive/llap/except_distinct.q.out
index c21bed888f..c7573c7bb5 100644
--- a/ql/src/test/results/clientpositive/llap/except_distinct.q.out
+++ b/ql/src/test/results/clientpositive/llap/except_distinct.q.out
@@ -296,7 +296,7 @@ STAGE PLANS:
                 outputColumnNames: _col0, _col1, _col2, _col3
                 Statistics: Num rows: 250 Data size: 48500 Basic stats: COMPLETE Column stats: COMPLETE
                 Filter Operator
-                  predicate: ((_col2 > 0) and ((_col2 * 2) = _col3)) (type: boolean)
+                  predicate: (((_col2 * 2) = _col3) and (_col2 > 0)) (type: boolean)
                   Statistics: Num rows: 41 Data size: 7954 Basic stats: COMPLETE Column stats: COMPLETE
                   Select Operator
                     expressions: _col0 (type: string), _col1 (type: string)
@@ -532,7 +532,7 @@ STAGE PLANS:
                 outputColumnNames: _col0, _col1, _col2, _col3
                 Statistics: Num rows: 250 Data size: 48500 Basic stats: COMPLETE Column stats: COMPLETE
                 Filter Operator
-                  predicate: ((_col2 > 0) and ((_col2 * 2) = _col3)) (type: boolean)
+                  predicate: (((_col2 * 2) = _col3) and (_col2 > 0)) (type: boolean)
                   Statistics: Num rows: 41 Data size: 7954 Basic stats: COMPLETE Column stats: COMPLETE
                   Select Operator
                     expressions: _col0 (type: string), _col1 (type: string)
@@ -574,7 +574,7 @@ STAGE PLANS:
                 outputColumnNames: _col0, _col1, _col2, _col3
                 Statistics: Num rows: 145 Data size: 28130 Basic stats: COMPLETE Column stats: COMPLETE
                 Filter Operator
-                  predicate: ((_col2 > 0) and ((_col2 * 2) = _col3)) (type: boolean)
+                  predicate: (((_col2 * 2) = _col3) and (_col2 > 0)) (type: boolean)
                   Statistics: Num rows: 24 Data size: 4656 Basic stats: COMPLETE Column stats: COMPLETE
                   Select Operator
                     expressions: _col0 (type: string), _col1 (type: string)
@@ -616,7 +616,7 @@ STAGE PLANS:
                 outputColumnNames: _col0, _col1, _col2, _col3
                 Statistics: Num rows: 137 Data size: 26578 Basic stats: COMPLETE Column stats: COMPLETE
                 Filter Operator
-                  predicate: ((_col2 > 0) and ((_col2 * 2) = _col3)) (type: boolean)
+                  predicate: (((_col2 * 2) = _col3) and (_col2 > 0)) (type: boolean)
                   Statistics: Num rows: 22 Data size: 4268 Basic stats: COMPLETE Column stats: COMPLETE
                   Select Operator
                     expressions: _col0 (type: string), _col1 (type: string)
@@ -783,7 +783,7 @@ STAGE PLANS:
                 outputColumnNames: _col0, _col1, _col2
                 Statistics: Num rows: 1 Data size: 4 Basic stats: COMPLETE Column stats: NONE
                 Filter Operator
-                  predicate: ((_col1 > 0) and ((_col1 * 2) = _col2)) (type: boolean)
+                  predicate: (((_col1 * 2) = _col2) and (_col1 > 0)) (type: boolean)
                   Statistics: Num rows: 1 Data size: 4 Basic stats: COMPLETE Column stats: NONE
                   Select Operator
                     expressions: _col0 (type: int)
diff --git a/ql/src/test/results/clientpositive/llap/explainuser_1.q.out b/ql/src/test/results/clientpositive/llap/explainuser_1.q.out
index 03ebe375b8..8ee41d066a 100644
--- a/ql/src/test/results/clientpositive/llap/explainuser_1.q.out
+++ b/ql/src/test/results/clientpositive/llap/explainuser_1.q.out
@@ -469,7 +469,7 @@ Stage-0
                                 Group By Operator [GBY_6] (rows=1 width=101)
                                   Output:["_col0","_col1","_col2","_col3"],aggregations:["sum(c_int)"],keys:key, c_int, c_float
                                   Filter Operator [FIL_39] (rows=2 width=93)
-                                    predicate:(((c_int + 1) >= 0) and ((c_int > 0) or (c_float >= 0)) and (c_float > 0) and ((c_int >= 1) or (c_float >= 1)) and ((UDFToFloat(c_int) + c_float) >= 0) and key is not null)
+                                    predicate:(((UDFToFloat(c_int) + c_float) >= 0) and ((c_int + 1) >= 0) and ((c_int > 0) or (c_float >= 0)) and ((c_int >= 1) or (c_float >= 1)) and (c_float > 0) and key is not null)
                                     TableScan [TS_3] (rows=20 width=88)
                                       default@cbo_t1,cbo_t1,Tbl:COMPLETE,Col:COMPLETE,Output:["key","c_int","c_float"]
                       <-Reducer 8 [SIMPLE_EDGE] llap
@@ -485,7 +485,7 @@ Stage-0
                                 Group By Operator [GBY_14] (rows=1 width=93)
                                   Output:["_col0","_col1","_col2"],keys:key, c_int, c_float
                                   Filter Operator [FIL_40] (rows=2 width=93)
-                                    predicate:(((c_int + 1) >= 0) and ((c_int > 0) or (c_float >= 0)) and (c_float > 0) and ((c_int >= 1) or (c_float >= 1)) and ((UDFToFloat(c_int) + c_float) >= 0) and key is not null)
+                                    predicate:(((UDFToFloat(c_int) + c_float) >= 0) and ((c_int + 1) >= 0) and ((c_int > 0) or (c_float >= 0)) and ((c_int >= 1) or (c_float >= 1)) and (c_float > 0) and key is not null)
                                     TableScan [TS_11] (rows=20 width=88)
                                       default@cbo_t2,cbo_t2,Tbl:COMPLETE,Col:COMPLETE,Output:["key","c_int","c_float"]
 
@@ -540,7 +540,7 @@ Stage-0
                           Group By Operator [GBY_6] (rows=1 width=101)
                             Output:["_col0","_col1","_col2","_col3"],aggregations:["sum(c_int)"],keys:key, c_int, c_float
                             Filter Operator [FIL_36] (rows=2 width=93)
-                              predicate:(((c_int + 1) >= 0) and ((c_int > 0) or (c_float >= 0)) and (c_float > 0) and ((c_int >= 1) or (c_float >= 1)) and ((UDFToFloat(c_int) + c_float) >= 0) and key is not null)
+                              predicate:(((UDFToFloat(c_int) + c_float) >= 0) and ((c_int + 1) >= 0) and ((c_int > 0) or (c_float >= 0)) and ((c_int >= 1) or (c_float >= 1)) and (c_float > 0) and key is not null)
                               TableScan [TS_3] (rows=20 width=88)
                                 default@cbo_t1,cbo_t1,Tbl:COMPLETE,Col:COMPLETE,Output:["key","c_int","c_float"]
                 <-Reducer 7 [SIMPLE_EDGE] llap
@@ -556,7 +556,7 @@ Stage-0
                           Group By Operator [GBY_14] (rows=1 width=93)
                             Output:["_col0","_col1","_col2"],keys:key, c_int, c_float
                             Filter Operator [FIL_37] (rows=2 width=93)
-                              predicate:(((c_int + 1) >= 0) and ((c_int > 0) or (c_float >= 0)) and (c_float > 0) and ((c_int >= 1) or (c_float >= 1)) and ((UDFToFloat(c_int) + c_float) >= 0) and key is not null)
+                              predicate:(((UDFToFloat(c_int) + c_float) >= 0) and ((c_int + 1) >= 0) and ((c_int > 0) or (c_float >= 0)) and ((c_int >= 1) or (c_float >= 1)) and (c_float > 0) and key is not null)
                               TableScan [TS_11] (rows=20 width=88)
                                 default@cbo_t2,cbo_t2,Tbl:COMPLETE,Col:COMPLETE,Output:["key","c_int","c_float"]
 
@@ -616,7 +616,7 @@ Stage-0
                               Group By Operator [GBY_6] (rows=1 width=101)
                                 Output:["_col0","_col1","_col2","_col3"],aggregations:["sum(c_int)"],keys:key, c_int, c_float
                                 Filter Operator [FIL_38] (rows=2 width=93)
-                                  predicate:(((c_int + 1) >= 0) and ((c_int > 0) or (c_float >= 0)) and (c_float > 0) and ((c_int >= 1) or (c_float >= 1)) and ((UDFToFloat(c_int) + c_float) >= 0) and key is not null)
+                                  predicate:(((UDFToFloat(c_int) + c_float) >= 0) and ((c_int + 1) >= 0) and ((c_int > 0) or (c_float >= 0)) and ((c_int >= 1) or (c_float >= 1)) and (c_float > 0) and key is not null)
                                   TableScan [TS_3] (rows=20 width=88)
                                     default@cbo_t1,cbo_t1,Tbl:COMPLETE,Col:COMPLETE,Output:["key","c_int","c_float"]
                     <-Reducer 8 [SIMPLE_EDGE] llap
@@ -632,7 +632,7 @@ Stage-0
                               Group By Operator [GBY_14] (rows=1 width=93)
                                 Output:["_col0","_col1","_col2"],keys:key, c_int, c_float
                                 Filter Operator [FIL_39] (rows=2 width=93)
-                                  predicate:(((c_int + 1) >= 0) and ((c_int > 0) or (c_float >= 0)) and (c_float > 0) and ((c_int >= 1) or (c_float >= 1)) and ((UDFToFloat(c_int) + c_float) >= 0) and key is not null)
+                                  predicate:(((UDFToFloat(c_int) + c_float) >= 0) and ((c_int + 1) >= 0) and ((c_int > 0) or (c_float >= 0)) and ((c_int >= 1) or (c_float >= 1)) and (c_float > 0) and key is not null)
                                   TableScan [TS_11] (rows=20 width=88)
                                     default@cbo_t2,cbo_t2,Tbl:COMPLETE,Col:COMPLETE,Output:["key","c_int","c_float"]
 
@@ -687,7 +687,7 @@ Stage-0
                           Group By Operator [GBY_6] (rows=1 width=101)
                             Output:["_col0","_col1","_col2","_col3"],aggregations:["sum(c_int)"],keys:key, c_int, c_float
                             Filter Operator [FIL_36] (rows=2 width=93)
-                              predicate:(((c_int + 1) >= 0) and ((c_int > 0) or (c_float >= 0)) and (c_float > 0) and ((c_int >= 1) or (c_float >= 1)) and ((UDFToFloat(c_int) + c_float) >= 0) and key is not null)
+                              predicate:(((UDFToFloat(c_int) + c_float) >= 0) and ((c_int + 1) >= 0) and ((c_int > 0) or (c_float >= 0)) and ((c_int >= 1) or (c_float >= 1)) and (c_float > 0) and key is not null)
                               TableScan [TS_3] (rows=20 width=88)
                                 default@cbo_t1,cbo_t1,Tbl:COMPLETE,Col:COMPLETE,Output:["key","c_int","c_float"]
                 <-Reducer 7 [SIMPLE_EDGE] llap
@@ -703,7 +703,7 @@ Stage-0
                           Group By Operator [GBY_14] (rows=1 width=93)
                             Output:["_col0","_col1","_col2"],keys:key, c_int, c_float
                             Filter Operator [FIL_37] (rows=2 width=93)
-                              predicate:(((c_int + 1) >= 0) and ((c_int > 0) or (c_float >= 0)) and (c_float > 0) and ((c_int >= 1) or (c_float >= 1)) and ((UDFToFloat(c_int) + c_float) >= 0) and key is not null)
+                              predicate:(((UDFToFloat(c_int) + c_float) >= 0) and ((c_int + 1) >= 0) and ((c_int > 0) or (c_float >= 0)) and ((c_int >= 1) or (c_float >= 1)) and (c_float > 0) and key is not null)
                               TableScan [TS_11] (rows=20 width=88)
                                 default@cbo_t2,cbo_t2,Tbl:COMPLETE,Col:COMPLETE,Output:["key","c_int","c_float"]
 
@@ -1543,7 +1543,7 @@ Stage-0
                         Select Operator [SEL_8] (rows=1 width=93)
                           Output:["_col0","_col1"]
                           Filter Operator [FIL_7] (rows=1 width=101)
-                            predicate:(((UDFToDouble(_col2) >= 1.0) or (_col3 >= 1)) and ((UDFToDouble(_col2) + UDFToDouble(_col3)) >= 0.0))
+                            predicate:(((UDFToDouble(_col2) + UDFToDouble(_col3)) >= 0.0) and ((UDFToDouble(_col2) >= 1.0) or (_col3 >= 1)))
                             Select Operator [SEL_6] (rows=1 width=101)
                               Output:["_col2","_col3"]
                               Group By Operator [GBY_5] (rows=1 width=101)
@@ -1554,7 +1554,7 @@ Stage-0
                                   Group By Operator [GBY_3] (rows=1 width=101)
                                     Output:["_col0","_col1","_col2","_col3"],aggregations:["sum(c_int)"],keys:key, c_int, c_float
                                     Filter Operator [FIL_42] (rows=1 width=93)
-                                      predicate:(((c_int + 1) >= 0) and ((c_int > 0) or (c_float >= 0)) and (c_float > 0) and ((c_int >= 1) or (c_float >= 1)) and ((UDFToFloat(c_int) + c_float) >= 0) and (((c_int + 1) + 1) >= 0) and (((c_int + 1) > 0) or (UDFToDouble(key) >= 0.0)) and (UDFToDouble(key) > 0.0))
+                                      predicate:((((c_int + 1) + 1) >= 0) and (((c_int + 1) > 0) or (UDFToDouble(key) >= 0.0)) and ((UDFToFloat(c_int) + c_float) >= 0) and ((c_int + 1) >= 0) and ((c_int > 0) or (c_float >= 0)) and ((c_int >= 1) or (c_float >= 1)) and (UDFToDouble(key) > 0.0) and (c_float > 0))
                                       TableScan [TS_0] (rows=20 width=88)
                                         default@cbo_t1,cbo_t1,Tbl:COMPLETE,Col:COMPLETE,Output:["key","c_int","c_float"]
                     <-Reducer 7 [SIMPLE_EDGE] llap
@@ -1572,7 +1572,7 @@ Stage-0
                                 Group By Operator [GBY_12] (rows=1 width=93)
                                   Output:["_col0","_col1","_col2"],keys:key, c_int, c_float
                                   Filter Operator [FIL_43] (rows=1 width=93)
-                                    predicate:(((c_int + 1) >= 0) and ((c_int > 0) or (c_float >= 0)) and (c_float > 0) and ((c_int >= 1) or (c_float >= 1)) and ((UDFToFloat(c_int) + c_float) >= 0) and (UDFToDouble(key) > 0.0))
+                                    predicate:(((UDFToFloat(c_int) + c_float) >= 0) and ((c_int + 1) >= 0) and ((c_int > 0) or (c_float >= 0)) and ((c_int >= 1) or (c_float >= 1)) and (UDFToDouble(key) > 0.0) and (c_float > 0))
                                     TableScan [TS_9] (rows=20 width=88)
                                       default@cbo_t2,cbo_t2,Tbl:COMPLETE,Col:COMPLETE,Output:["key","c_int","c_float"]
 
diff --git a/ql/src/test/results/clientpositive/llap/explainuser_2.q.out b/ql/src/test/results/clientpositive/llap/explainuser_2.q.out
index 4693c2b156..e43f736a54 100644
--- a/ql/src/test/results/clientpositive/llap/explainuser_2.q.out
+++ b/ql/src/test/results/clientpositive/llap/explainuser_2.q.out
@@ -346,7 +346,7 @@ Stage-0
                                   Select Operator [SEL_20] (rows=7 width=531)
                                     Output:["_col0","_col2","_col3","_col4","_col5"]
                                     Filter Operator [FIL_89] (rows=7 width=534)
-                                      predicate:((v1 = 'srv1') and k2 is not null and k3 is not null and v2 is not null and v3 is not null and k1 is not null)
+                                      predicate:((v1 = 'srv1') and k1 is not null and k2 is not null and k3 is not null and v2 is not null and v3 is not null)
                                       TableScan [TS_18] (rows=85 width=534)
                                         default@sr,sr,Tbl:COMPLETE,Col:COMPLETE,Output:["k1","v1","k2","v2","k3","v3"]
                           <-Reducer 9 [SIMPLE_EDGE] llap
@@ -396,7 +396,7 @@ Stage-0
                                           Select Operator [SEL_8] (rows=7 width=531)
                                             Output:["_col0","_col1","_col2","_col3","_col4"]
                                             Filter Operator [FIL_85] (rows=7 width=534)
-                                              predicate:((v3 = 'ssv3') and k2 is not null and k3 is not null and k1 is not null and v1 is not null and v2 is not null)
+                                              predicate:((v3 = 'ssv3') and k1 is not null and k2 is not null and k3 is not null and v1 is not null and v2 is not null)
                                               TableScan [TS_6] (rows=85 width=534)
                                                 default@ss,ss,Tbl:COMPLETE,Col:COMPLETE,Output:["k1","v1","k2","v2","k3","v3"]
                     <-Reducer 2 [SIMPLE_EDGE] llap
@@ -418,7 +418,7 @@ Stage-0
                             Select Operator [SEL_2] (rows=170 width=356)
                               Output:["_col0","_col1","_col2","_col3"]
                               Filter Operator [FIL_83] (rows=170 width=356)
-                                predicate:(v2 is not null and v3 is not null and k1 is not null)
+                                predicate:(k1 is not null and v2 is not null and v3 is not null)
                                 TableScan [TS_0] (rows=170 width=356)
                                   default@cs,cs,Tbl:COMPLETE,Col:COMPLETE,Output:["k1","v2","k3","v3"]
 
@@ -1039,7 +1039,7 @@ Stage-0
                             Select Operator [SEL_2] (rows=170 width=34)
                               Output:["_col0","_col1","_col2","_col3"]
                               Filter Operator [FIL_83] (rows=170 width=34)
-                                predicate:(v2 is not null and v3 is not null and k1 is not null)
+                                predicate:(k1 is not null and v2 is not null and v3 is not null)
                                 TableScan [TS_0] (rows=170 width=34)
                                   default@cs,cs,Tbl:COMPLETE,Col:NONE,Output:["k1","v2","k3","v3"]
                         <-Select Operator [SEL_5] (rows=250 width=10)
@@ -1063,7 +1063,7 @@ Stage-0
                                 Select Operator [SEL_20] (rows=42 width=34)
                                   Output:["_col0","_col2","_col3","_col4","_col5"]
                                   Filter Operator [FIL_89] (rows=42 width=34)
-                                    predicate:((v1 = 'srv1') and k2 is not null and k3 is not null and v2 is not null and v3 is not null and k1 is not null)
+                                    predicate:((v1 = 'srv1') and k1 is not null and k2 is not null and k3 is not null and v2 is not null and v3 is not null)
                                     TableScan [TS_18] (rows=85 width=34)
                                       default@sr,sr,Tbl:COMPLETE,Col:NONE,Output:["k1","v1","k2","v2","k3","v3"]
                             <-Select Operator [SEL_23] (rows=250 width=10)
@@ -1096,7 +1096,7 @@ Stage-0
                                     Select Operator [SEL_8] (rows=42 width=34)
                                       Output:["_col0","_col1","_col2","_col3","_col4"]
                                       Filter Operator [FIL_85] (rows=42 width=34)
-                                        predicate:((v3 = 'ssv3') and k2 is not null and k3 is not null and k1 is not null and v1 is not null and v2 is not null)
+                                        predicate:((v3 = 'ssv3') and k1 is not null and k2 is not null and k3 is not null and v1 is not null and v2 is not null)
                                         TableScan [TS_6] (rows=85 width=34)
                                           default@ss,ss,Tbl:COMPLETE,Col:NONE,Output:["k1","v1","k2","v2","k3","v3"]
                                 <-Select Operator [SEL_11] (rows=250 width=10)
diff --git a/ql/src/test/results/clientpositive/llap/explainuser_4.q.out b/ql/src/test/results/clientpositive/llap/explainuser_4.q.out
index a4c251e288..c4fdc18136 100644
--- a/ql/src/test/results/clientpositive/llap/explainuser_4.q.out
+++ b/ql/src/test/results/clientpositive/llap/explainuser_4.q.out
@@ -47,7 +47,7 @@ Stage-0
                 Select Operator [SEL_5] (rows=1019 width=251)
                   Output:["_col0","_col1","_col2","_col3","_col4","_col5","_col6","_col7","_col8","_col9","_col10","_col11"]
                   Filter Operator [FIL_16] (rows=1019 width=251)
-                    predicate:(cint BETWEEN 1000000 AND 3000000 and cbigint is not null)
+                    predicate:(cbigint is not null and cint BETWEEN 1000000 AND 3000000)
                     TableScan [TS_3] (rows=12288 width=251)
                       default@alltypesorc,b,Tbl:COMPLETE,Col:COMPLETE,Output:["ctinyint","csmallint","cint","cbigint","cfloat","cdouble","cstring1","cstring2","ctimestamp1","ctimestamp2","cboolean1","cboolean2"]
 
@@ -128,7 +128,7 @@ Stage-0
                   Select Operator [SEL_5] (rows=1019 width=8)
                     Output:["_col0"]
                     Filter Operator [FIL_18] (rows=1019 width=8)
-                      predicate:(cint BETWEEN 1000000 AND 3000000 and cbigint is not null)
+                      predicate:(cbigint is not null and cint BETWEEN 1000000 AND 3000000)
                       TableScan [TS_3] (rows=12288 width=8)
                         default@alltypesorc,b,Tbl:COMPLETE,Col:COMPLETE,Output:["cint","cbigint"]
 
@@ -208,7 +208,7 @@ Stage-0
                       Select Operator [SEL_5] (rows=1019 width=8)
                         Output:["_col0"]
                         Filter Operator [FIL_20] (rows=1019 width=8)
-                          predicate:(cint BETWEEN 1000000 AND 3000000 and cbigint is not null)
+                          predicate:(cbigint is not null and cint BETWEEN 1000000 AND 3000000)
                           TableScan [TS_3] (rows=12288 width=8)
                             default@alltypesorc,b,Tbl:COMPLETE,Col:COMPLETE,Output:["cint","cbigint"]
 
@@ -277,7 +277,7 @@ Stage-0
                 Select Operator [SEL_5] (rows=1365 width=215)
                   Output:["_col0","_col1","_col2","_col3","_col4","_col5","_col6","_col7","_col8","_col9","_col10","_col11"]
                   Filter Operator [FIL_16] (rows=1365 width=215)
-                    predicate:(cint BETWEEN 1000000 AND 3000000 and cbigint is not null)
+                    predicate:(cbigint is not null and cint BETWEEN 1000000 AND 3000000)
                     TableScan [TS_3] (rows=12288 width=215)
                       default@alltypesorc,b,Tbl:COMPLETE,Col:NONE,Output:["ctinyint","csmallint","cint","cbigint","cfloat","cdouble","cstring1","cstring2","ctimestamp1","ctimestamp2","cboolean1","cboolean2"]
             <-Map 1 [CUSTOM_SIMPLE_EDGE] llap
@@ -358,7 +358,7 @@ Stage-0
                   Select Operator [SEL_5] (rows=1365 width=215)
                     Output:["_col0"]
                     Filter Operator [FIL_18] (rows=1365 width=215)
-                      predicate:(cint BETWEEN 1000000 AND 3000000 and cbigint is not null)
+                      predicate:(cbigint is not null and cint BETWEEN 1000000 AND 3000000)
                       TableScan [TS_3] (rows=12288 width=215)
                         default@alltypesorc,b,Tbl:COMPLETE,Col:NONE,Output:["cint","cbigint"]
               <-Map 1 [CUSTOM_SIMPLE_EDGE] llap
@@ -438,7 +438,7 @@ Stage-0
                       Select Operator [SEL_5] (rows=1365 width=215)
                         Output:["_col0"]
                         Filter Operator [FIL_20] (rows=1365 width=215)
-                          predicate:(cint BETWEEN 1000000 AND 3000000 and cbigint is not null)
+                          predicate:(cbigint is not null and cint BETWEEN 1000000 AND 3000000)
                           TableScan [TS_3] (rows=12288 width=215)
                             default@alltypesorc,b,Tbl:COMPLETE,Col:NONE,Output:["cint","cbigint"]
                   <-Map 1 [CUSTOM_SIMPLE_EDGE] llap
diff --git a/ql/src/test/results/clientpositive/llap/hybridgrace_hashjoin_2.q.out b/ql/src/test/results/clientpositive/llap/hybridgrace_hashjoin_2.q.out
index d39342764f..6ee21df429 100644
--- a/ql/src/test/results/clientpositive/llap/hybridgrace_hashjoin_2.q.out
+++ b/ql/src/test/results/clientpositive/llap/hybridgrace_hashjoin_2.q.out
@@ -1150,7 +1150,7 @@ STAGE PLANS:
                   alias: x
                   Statistics: Num rows: 25 Data size: 4375 Basic stats: COMPLETE Column stats: COMPLETE
                   Filter Operator
-                    predicate: ((value < 'zzzzzzzzzz') and (key < 'zzzzzzzz')) (type: boolean)
+                    predicate: ((key < 'zzzzzzzz') and (value < 'zzzzzzzzzz')) (type: boolean)
                     Statistics: Num rows: 2 Data size: 350 Basic stats: COMPLETE Column stats: COMPLETE
                     Reduce Output Operator
                       key expressions: key (type: string)
@@ -1210,7 +1210,7 @@ STAGE PLANS:
                   alias: y1
                   Statistics: Num rows: 500 Data size: 89000 Basic stats: COMPLETE Column stats: COMPLETE
                   Filter Operator
-                    predicate: ((value < 'zzzzzzzz') and (key < 'zzzzzzzz')) (type: boolean)
+                    predicate: ((key < 'zzzzzzzz') and (value < 'zzzzzzzz')) (type: boolean)
                     Statistics: Num rows: 55 Data size: 9790 Basic stats: COMPLETE Column stats: COMPLETE
                     Reduce Output Operator
                       key expressions: key (type: string)
@@ -1345,7 +1345,7 @@ STAGE PLANS:
                   alias: x
                   Statistics: Num rows: 25 Data size: 4375 Basic stats: COMPLETE Column stats: COMPLETE
                   Filter Operator
-                    predicate: ((value < 'zzzzzzzzzz') and (key < 'zzzzzzzz')) (type: boolean)
+                    predicate: ((key < 'zzzzzzzz') and (value < 'zzzzzzzzzz')) (type: boolean)
                     Statistics: Num rows: 2 Data size: 350 Basic stats: COMPLETE Column stats: COMPLETE
                     Reduce Output Operator
                       key expressions: key (type: string)
@@ -1405,7 +1405,7 @@ STAGE PLANS:
                   alias: y1
                   Statistics: Num rows: 500 Data size: 89000 Basic stats: COMPLETE Column stats: COMPLETE
                   Filter Operator
-                    predicate: ((value < 'zzzzzzzz') and (key < 'zzzzzzzz')) (type: boolean)
+                    predicate: ((key < 'zzzzzzzz') and (value < 'zzzzzzzz')) (type: boolean)
                     Statistics: Num rows: 55 Data size: 9790 Basic stats: COMPLETE Column stats: COMPLETE
                     Reduce Output Operator
                       key expressions: key (type: string)
diff --git a/ql/src/test/results/clientpositive/llap/identity_project_remove_skip.q.out b/ql/src/test/results/clientpositive/llap/identity_project_remove_skip.q.out
index 1f21f0f6f4..e00f49b110 100644
--- a/ql/src/test/results/clientpositive/llap/identity_project_remove_skip.q.out
+++ b/ql/src/test/results/clientpositive/llap/identity_project_remove_skip.q.out
@@ -34,7 +34,7 @@ STAGE PLANS:
                   alias: src
                   Statistics: Num rows: 500 Data size: 89000 Basic stats: COMPLETE Column stats: COMPLETE
                   Filter Operator
-                    predicate: ((value = 'val_105') and (key = '105')) (type: boolean)
+                    predicate: ((key = '105') and (value = 'val_105')) (type: boolean)
                     Statistics: Num rows: 1 Data size: 178 Basic stats: COMPLETE Column stats: COMPLETE
                     Select Operator
                       Statistics: Num rows: 1 Data size: 8 Basic stats: COMPLETE Column stats: COMPLETE
diff --git a/ql/src/test/results/clientpositive/llap/insert1.q.out b/ql/src/test/results/clientpositive/llap/insert1.q.out
index af4b8871e1..0e27f9dfab 100644
--- a/ql/src/test/results/clientpositive/llap/insert1.q.out
+++ b/ql/src/test/results/clientpositive/llap/insert1.q.out
@@ -298,7 +298,7 @@ STAGE PLANS:
                             serde: org.apache.hadoop.hive.serde2.lazy.LazySimpleSerDe
                             name: default.insert1
                   Filter Operator
-                    predicate: ((key > 10) and (key < 20)) (type: boolean)
+                    predicate: ((key < 20) and (key > 10)) (type: boolean)
                     Statistics: Num rows: 1 Data size: 188 Basic stats: COMPLETE Column stats: NONE
                     Select Operator
                       expressions: key (type: int), value (type: string)
diff --git a/ql/src/test/results/clientpositive/llap/join32_lessSize.q.out b/ql/src/test/results/clientpositive/llap/join32_lessSize.q.out
index d1c396a71c..2efe092165 100644
--- a/ql/src/test/results/clientpositive/llap/join32_lessSize.q.out
+++ b/ql/src/test/results/clientpositive/llap/join32_lessSize.q.out
@@ -521,7 +521,7 @@ STAGE PLANS:
                   GatherStats: false
                   Filter Operator
                     isSamplingPred: false
-                    predicate: (value is not null and key is not null) (type: boolean)
+                    predicate: (key is not null and value is not null) (type: boolean)
                     Statistics: Num rows: 25 Data size: 4375 Basic stats: COMPLETE Column stats: COMPLETE
                     Select Operator
                       expressions: key (type: string), value (type: string)
diff --git a/ql/src/test/results/clientpositive/llap/mapjoin_hint.q.out b/ql/src/test/results/clientpositive/llap/mapjoin_hint.q.out
index 7fa188383f..134ade7053 100644
--- a/ql/src/test/results/clientpositive/llap/mapjoin_hint.q.out
+++ b/ql/src/test/results/clientpositive/llap/mapjoin_hint.q.out
@@ -146,7 +146,7 @@ STAGE PLANS:
                   filterExpr: (key is not null and (key BETWEEN DynamicValue(RS_7_srcpart_small_key1_min) AND DynamicValue(RS_7_srcpart_small_key1_max) and in_bloom_filter(key, DynamicValue(RS_7_srcpart_small_key1_bloom_filter)))) (type: boolean)
                   Statistics: Num rows: 2000 Data size: 174000 Basic stats: COMPLETE Column stats: COMPLETE
                   Filter Operator
-                    predicate: (key is not null and (key BETWEEN DynamicValue(RS_7_srcpart_small_key1_min) AND DynamicValue(RS_7_srcpart_small_key1_max) and in_bloom_filter(key, DynamicValue(RS_7_srcpart_small_key1_bloom_filter)))) (type: boolean)
+                    predicate: ((key BETWEEN DynamicValue(RS_7_srcpart_small_key1_min) AND DynamicValue(RS_7_srcpart_small_key1_max) and in_bloom_filter(key, DynamicValue(RS_7_srcpart_small_key1_bloom_filter))) and key is not null) (type: boolean)
                     Statistics: Num rows: 2000 Data size: 174000 Basic stats: COMPLETE Column stats: COMPLETE
                     Select Operator
                       expressions: key (type: string)
diff --git a/ql/src/test/results/clientpositive/llap/mapjoin_mapjoin.q.out b/ql/src/test/results/clientpositive/llap/mapjoin_mapjoin.q.out
index 7c504f13a2..c4361de5b2 100644
--- a/ql/src/test/results/clientpositive/llap/mapjoin_mapjoin.q.out
+++ b/ql/src/test/results/clientpositive/llap/mapjoin_mapjoin.q.out
@@ -22,7 +22,7 @@ STAGE PLANS:
                   GatherStats: false
                   Filter Operator
                     isSamplingPred: false
-                    predicate: (value is not null and key is not null) (type: boolean)
+                    predicate: (key is not null and value is not null) (type: boolean)
                     Statistics: Num rows: 2000 Data size: 21248 Basic stats: COMPLETE Column stats: NONE
                     Select Operator
                       expressions: key (type: string), value (type: string)
@@ -562,7 +562,7 @@ STAGE PLANS:
                   alias: srcpart
                   Statistics: Num rows: 2000 Data size: 21248 Basic stats: COMPLETE Column stats: NONE
                   Filter Operator
-                    predicate: (value is not null and key is not null) (type: boolean)
+                    predicate: (key is not null and value is not null) (type: boolean)
                     Statistics: Num rows: 2000 Data size: 21248 Basic stats: COMPLETE Column stats: NONE
                     Select Operator
                       expressions: key (type: string), value (type: string), ds (type: string)
diff --git a/ql/src/test/results/clientpositive/llap/mergejoin.q.out b/ql/src/test/results/clientpositive/llap/mergejoin.q.out
index 0cca2243eb..a54f3d4b84 100644
--- a/ql/src/test/results/clientpositive/llap/mergejoin.q.out
+++ b/ql/src/test/results/clientpositive/llap/mergejoin.q.out
@@ -25,7 +25,7 @@ STAGE PLANS:
                   filterExpr: (key is not null and (key BETWEEN DynamicValue(RS_7_b_key_min) AND DynamicValue(RS_7_b_key_max) and in_bloom_filter(key, DynamicValue(RS_7_b_key_bloom_filter)))) (type: boolean)
                   Statistics: Num rows: 500 Data size: 89000 Basic stats: COMPLETE Column stats: COMPLETE
                   Filter Operator
-                    predicate: (key is not null and (key BETWEEN DynamicValue(RS_7_b_key_min) AND DynamicValue(RS_7_b_key_max) and in_bloom_filter(key, DynamicValue(RS_7_b_key_bloom_filter)))) (type: boolean)
+                    predicate: ((key BETWEEN DynamicValue(RS_7_b_key_min) AND DynamicValue(RS_7_b_key_max) and in_bloom_filter(key, DynamicValue(RS_7_b_key_bloom_filter))) and key is not null) (type: boolean)
                     Statistics: Num rows: 500 Data size: 89000 Basic stats: COMPLETE Column stats: COMPLETE
                     Select Operator
                       expressions: key (type: string), value (type: string)
@@ -1717,7 +1717,7 @@ STAGE PLANS:
                   filterExpr: (key is not null and value is not null and (value BETWEEN DynamicValue(RS_10_c_value_min) AND DynamicValue(RS_10_c_value_max) and in_bloom_filter(value, DynamicValue(RS_10_c_value_bloom_filter)))) (type: boolean)
                   Statistics: Num rows: 242 Data size: 43428 Basic stats: COMPLETE Column stats: NONE
                   Filter Operator
-                    predicate: (key is not null and value is not null and (value BETWEEN DynamicValue(RS_10_c_value_min) AND DynamicValue(RS_10_c_value_max) and in_bloom_filter(value, DynamicValue(RS_10_c_value_bloom_filter)))) (type: boolean)
+                    predicate: ((value BETWEEN DynamicValue(RS_10_c_value_min) AND DynamicValue(RS_10_c_value_max) and in_bloom_filter(value, DynamicValue(RS_10_c_value_bloom_filter))) and key is not null and value is not null) (type: boolean)
                     Statistics: Num rows: 218 Data size: 39121 Basic stats: COMPLETE Column stats: NONE
                     Select Operator
                       expressions: key (type: int), value (type: string)
@@ -2289,7 +2289,7 @@ STAGE PLANS:
                   filterExpr: (key is not null and value is not null and (value BETWEEN DynamicValue(RS_10_c_value_min) AND DynamicValue(RS_10_c_value_max) and in_bloom_filter(value, DynamicValue(RS_10_c_value_bloom_filter)))) (type: boolean)
                   Statistics: Num rows: 242 Data size: 43428 Basic stats: COMPLETE Column stats: NONE
                   Filter Operator
-                    predicate: (key is not null and value is not null and (value BETWEEN DynamicValue(RS_10_c_value_min) AND DynamicValue(RS_10_c_value_max) and in_bloom_filter(value, DynamicValue(RS_10_c_value_bloom_filter)))) (type: boolean)
+                    predicate: ((value BETWEEN DynamicValue(RS_10_c_value_min) AND DynamicValue(RS_10_c_value_max) and in_bloom_filter(value, DynamicValue(RS_10_c_value_bloom_filter))) and key is not null and value is not null) (type: boolean)
                     Statistics: Num rows: 218 Data size: 39121 Basic stats: COMPLETE Column stats: NONE
                     Select Operator
                       expressions: key (type: int), value (type: string)
diff --git a/ql/src/test/results/clientpositive/llap/multiMapJoin1.q.out b/ql/src/test/results/clientpositive/llap/multiMapJoin1.q.out
index 58c29fe667..559173c89e 100644
--- a/ql/src/test/results/clientpositive/llap/multiMapJoin1.q.out
+++ b/ql/src/test/results/clientpositive/llap/multiMapJoin1.q.out
@@ -827,7 +827,7 @@ STAGE PLANS:
                   alias: bigtbl
                   Statistics: Num rows: 5000 Data size: 2622552 Basic stats: COMPLETE Column stats: NONE
                   Filter Operator
-                    predicate: (key1 is not null and value is not null and key2 is not null) (type: boolean)
+                    predicate: (key1 is not null and key2 is not null and value is not null) (type: boolean)
                     Statistics: Num rows: 4250 Data size: 2229169 Basic stats: COMPLETE Column stats: NONE
                     Select Operator
                       expressions: key1 (type: string), key2 (type: string), value (type: string)
@@ -1162,7 +1162,7 @@ STAGE PLANS:
                   alias: bigtbl
                   Statistics: Num rows: 5000 Data size: 2622552 Basic stats: COMPLETE Column stats: NONE
                   Filter Operator
-                    predicate: (key1 is not null and value is not null and key2 is not null) (type: boolean)
+                    predicate: (key1 is not null and key2 is not null and value is not null) (type: boolean)
                     Statistics: Num rows: 4250 Data size: 2229169 Basic stats: COMPLETE Column stats: NONE
                     Select Operator
                       expressions: key1 (type: string), key2 (type: string), value (type: string)
@@ -1500,7 +1500,7 @@ STAGE PLANS:
                   alias: bigtbl
                   Statistics: Num rows: 5000 Data size: 2622552 Basic stats: COMPLETE Column stats: NONE
                   Filter Operator
-                    predicate: (key1 is not null and value is not null and key2 is not null) (type: boolean)
+                    predicate: (key1 is not null and key2 is not null and value is not null) (type: boolean)
                     Statistics: Num rows: 4250 Data size: 2229169 Basic stats: COMPLETE Column stats: NONE
                     Select Operator
                       expressions: key1 (type: string), key2 (type: string), value (type: string)
@@ -1866,7 +1866,7 @@ STAGE PLANS:
                   alias: bigtbl
                   Statistics: Num rows: 5000 Data size: 2622552 Basic stats: COMPLETE Column stats: NONE
                   Filter Operator
-                    predicate: (key1 is not null and value is not null and key2 is not null) (type: boolean)
+                    predicate: (key1 is not null and key2 is not null and value is not null) (type: boolean)
                     Statistics: Num rows: 4250 Data size: 2229169 Basic stats: COMPLETE Column stats: NONE
                     Select Operator
                       expressions: key1 (type: string), key2 (type: string), value (type: string)
diff --git a/ql/src/test/results/clientpositive/llap/multi_insert.q.out b/ql/src/test/results/clientpositive/llap/multi_insert.q.out
index 58fc759f26..56d26b30b4 100644
--- a/ql/src/test/results/clientpositive/llap/multi_insert.q.out
+++ b/ql/src/test/results/clientpositive/llap/multi_insert.q.out
@@ -58,7 +58,7 @@ STAGE PLANS:
                             serde: org.apache.hadoop.hive.serde2.lazy.LazySimpleSerDe
                             name: default.src_multi1
                   Filter Operator
-                    predicate: ((key > 10) and (key < 20)) (type: boolean)
+                    predicate: ((key < 20) and (key > 10)) (type: boolean)
                     Statistics: Num rows: 55 Data size: 9790 Basic stats: COMPLETE Column stats: COMPLETE
                     Select Operator
                       expressions: key (type: string), value (type: string)
@@ -201,7 +201,7 @@ STAGE PLANS:
                             serde: org.apache.hadoop.hive.serde2.lazy.LazySimpleSerDe
                             name: default.src_multi1
                   Filter Operator
-                    predicate: ((key > 10) and (key < 20)) (type: boolean)
+                    predicate: ((key < 20) and (key > 10)) (type: boolean)
                     Statistics: Num rows: 55 Data size: 9790 Basic stats: COMPLETE Column stats: COMPLETE
                     Select Operator
                       expressions: key (type: string), value (type: string)
@@ -344,7 +344,7 @@ STAGE PLANS:
                             serde: org.apache.hadoop.hive.serde2.lazy.LazySimpleSerDe
                             name: default.src_multi1
                   Filter Operator
-                    predicate: ((key > 10) and (key < 20)) (type: boolean)
+                    predicate: ((key < 20) and (key > 10)) (type: boolean)
                     Statistics: Num rows: 55 Data size: 9790 Basic stats: COMPLETE Column stats: COMPLETE
                     Select Operator
                       expressions: key (type: string), value (type: string)
@@ -487,7 +487,7 @@ STAGE PLANS:
                             serde: org.apache.hadoop.hive.serde2.lazy.LazySimpleSerDe
                             name: default.src_multi1
                   Filter Operator
-                    predicate: ((key > 10) and (key < 20)) (type: boolean)
+                    predicate: ((key < 20) and (key > 10)) (type: boolean)
                     Statistics: Num rows: 55 Data size: 9790 Basic stats: COMPLETE Column stats: COMPLETE
                     Select Operator
                       expressions: key (type: string), value (type: string)
@@ -649,7 +649,7 @@ STAGE PLANS:
                           serde: org.apache.hadoop.hive.serde2.lazy.LazySimpleSerDe
                           name: default.src_multi1
                 Filter Operator
-                  predicate: ((KEY._col0 > 10) and (KEY._col0 < 20)) (type: boolean)
+                  predicate: ((KEY._col0 < 20) and (KEY._col0 > 10)) (type: boolean)
                   Statistics: Num rows: 24 Data size: 4272 Basic stats: COMPLETE Column stats: COMPLETE
                   Group By Operator
                     keys: KEY._col0 (type: string), KEY._col1 (type: string)
@@ -803,7 +803,7 @@ STAGE PLANS:
                           serde: org.apache.hadoop.hive.serde2.lazy.LazySimpleSerDe
                           name: default.src_multi1
                 Filter Operator
-                  predicate: ((KEY._col0 > 10) and (KEY._col0 < 20)) (type: boolean)
+                  predicate: ((KEY._col0 < 20) and (KEY._col0 > 10)) (type: boolean)
                   Statistics: Num rows: 24 Data size: 4272 Basic stats: COMPLETE Column stats: COMPLETE
                   Group By Operator
                     keys: KEY._col0 (type: string), KEY._col1 (type: string)
@@ -957,7 +957,7 @@ STAGE PLANS:
                           serde: org.apache.hadoop.hive.serde2.lazy.LazySimpleSerDe
                           name: default.src_multi1
                 Filter Operator
-                  predicate: ((KEY._col0 > 10) and (KEY._col0 < 20)) (type: boolean)
+                  predicate: ((KEY._col0 < 20) and (KEY._col0 > 10)) (type: boolean)
                   Statistics: Num rows: 24 Data size: 4272 Basic stats: COMPLETE Column stats: COMPLETE
                   Group By Operator
                     keys: KEY._col0 (type: string), KEY._col1 (type: string)
@@ -1111,7 +1111,7 @@ STAGE PLANS:
                           serde: org.apache.hadoop.hive.serde2.lazy.LazySimpleSerDe
                           name: default.src_multi1
                 Filter Operator
-                  predicate: ((KEY._col0 > 10) and (KEY._col0 < 20)) (type: boolean)
+                  predicate: ((KEY._col0 < 20) and (KEY._col0 > 10)) (type: boolean)
                   Statistics: Num rows: 24 Data size: 4272 Basic stats: COMPLETE Column stats: COMPLETE
                   Group By Operator
                     keys: KEY._col0 (type: string), KEY._col1 (type: string)
@@ -1250,7 +1250,7 @@ STAGE PLANS:
                             serde: org.apache.hadoop.hive.serde2.lazy.LazySimpleSerDe
                             name: default.src_multi1
                     Filter Operator
-                      predicate: ((_col0 > 10) and (_col0 < 20)) (type: boolean)
+                      predicate: ((_col0 < 20) and (_col0 > 10)) (type: boolean)
                       Statistics: Num rows: 111 Data size: 19758 Basic stats: COMPLETE Column stats: COMPLETE
                       File Output Operator
                         compressed: false
@@ -1283,7 +1283,7 @@ STAGE PLANS:
                             serde: org.apache.hadoop.hive.serde2.lazy.LazySimpleSerDe
                             name: default.src_multi1
                     Filter Operator
-                      predicate: ((_col0 > 10) and (_col0 < 20)) (type: boolean)
+                      predicate: ((_col0 < 20) and (_col0 > 10)) (type: boolean)
                       Statistics: Num rows: 111 Data size: 19758 Basic stats: COMPLETE Column stats: COMPLETE
                       File Output Operator
                         compressed: false
@@ -1447,7 +1447,7 @@ STAGE PLANS:
                             serde: org.apache.hadoop.hive.serde2.lazy.LazySimpleSerDe
                             name: default.src_multi1
                     Filter Operator
-                      predicate: ((_col0 > 10) and (_col0 < 20)) (type: boolean)
+                      predicate: ((_col0 < 20) and (_col0 > 10)) (type: boolean)
                       Statistics: Num rows: 111 Data size: 19758 Basic stats: COMPLETE Column stats: COMPLETE
                       File Output Operator
                         compressed: false
@@ -1480,7 +1480,7 @@ STAGE PLANS:
                             serde: org.apache.hadoop.hive.serde2.lazy.LazySimpleSerDe
                             name: default.src_multi1
                     Filter Operator
-                      predicate: ((_col0 > 10) and (_col0 < 20)) (type: boolean)
+                      predicate: ((_col0 < 20) and (_col0 > 10)) (type: boolean)
                       Statistics: Num rows: 111 Data size: 19758 Basic stats: COMPLETE Column stats: COMPLETE
                       File Output Operator
                         compressed: false
@@ -1644,7 +1644,7 @@ STAGE PLANS:
                             serde: org.apache.hadoop.hive.serde2.lazy.LazySimpleSerDe
                             name: default.src_multi1
                     Filter Operator
-                      predicate: ((_col0 > 10) and (_col0 < 20)) (type: boolean)
+                      predicate: ((_col0 < 20) and (_col0 > 10)) (type: boolean)
                       Statistics: Num rows: 111 Data size: 19758 Basic stats: COMPLETE Column stats: COMPLETE
                       File Output Operator
                         compressed: false
@@ -1677,7 +1677,7 @@ STAGE PLANS:
                             serde: org.apache.hadoop.hive.serde2.lazy.LazySimpleSerDe
                             name: default.src_multi1
                     Filter Operator
-                      predicate: ((_col0 > 10) and (_col0 < 20)) (type: boolean)
+                      predicate: ((_col0 < 20) and (_col0 > 10)) (type: boolean)
                       Statistics: Num rows: 111 Data size: 19758 Basic stats: COMPLETE Column stats: COMPLETE
                       File Output Operator
                         compressed: false
@@ -1841,7 +1841,7 @@ STAGE PLANS:
                             serde: org.apache.hadoop.hive.serde2.lazy.LazySimpleSerDe
                             name: default.src_multi1
                     Filter Operator
-                      predicate: ((_col0 > 10) and (_col0 < 20)) (type: boolean)
+                      predicate: ((_col0 < 20) and (_col0 > 10)) (type: boolean)
                       Statistics: Num rows: 111 Data size: 19758 Basic stats: COMPLETE Column stats: COMPLETE
                       File Output Operator
                         compressed: false
@@ -1874,7 +1874,7 @@ STAGE PLANS:
                             serde: org.apache.hadoop.hive.serde2.lazy.LazySimpleSerDe
                             name: default.src_multi1
                     Filter Operator
-                      predicate: ((_col0 > 10) and (_col0 < 20)) (type: boolean)
+                      predicate: ((_col0 < 20) and (_col0 > 10)) (type: boolean)
                       Statistics: Num rows: 111 Data size: 19758 Basic stats: COMPLETE Column stats: COMPLETE
                       File Output Operator
                         compressed: false
diff --git a/ql/src/test/results/clientpositive/llap/orc_predicate_pushdown.q.out b/ql/src/test/results/clientpositive/llap/orc_predicate_pushdown.q.out
index eefc0918f8..d93f604d7a 100644
--- a/ql/src/test/results/clientpositive/llap/orc_predicate_pushdown.q.out
+++ b/ql/src/test/results/clientpositive/llap/orc_predicate_pushdown.q.out
@@ -323,7 +323,7 @@ STAGE PLANS:
                   alias: orc_pred
                   Statistics: Num rows: 1049 Data size: 3992 Basic stats: COMPLETE Column stats: NONE
                   Filter Operator
-                    predicate: ((t < 0) and (UDFToInteger(t) > -2)) (type: boolean)
+                    predicate: ((UDFToInteger(t) > -2) and (t < 0)) (type: boolean)
                     Statistics: Num rows: 116 Data size: 441 Basic stats: COMPLETE Column stats: NONE
                     Select Operator
                       expressions: hash(t) (type: int)
@@ -391,7 +391,7 @@ STAGE PLANS:
                   filterExpr: ((t < 0) and (UDFToInteger(t) > -2)) (type: boolean)
                   Statistics: Num rows: 1049 Data size: 3992 Basic stats: COMPLETE Column stats: NONE
                   Filter Operator
-                    predicate: ((t < 0) and (UDFToInteger(t) > -2)) (type: boolean)
+                    predicate: ((UDFToInteger(t) > -2) and (t < 0)) (type: boolean)
                     Statistics: Num rows: 116 Data size: 441 Basic stats: COMPLETE Column stats: NONE
                     Select Operator
                       expressions: hash(t) (type: int)
@@ -483,7 +483,7 @@ STAGE PLANS:
         TableScan
           alias: orc_pred
           Filter Operator
-            predicate: ((t = -1) and s is not null and (s like 'bob%')) (type: boolean)
+            predicate: ((s like 'bob%') and (t = -1) and s is not null) (type: boolean)
             Select Operator
               expressions: -1 (type: tinyint), s (type: string)
               outputColumnNames: _col0, _col1
@@ -511,7 +511,7 @@ STAGE PLANS:
           alias: orc_pred
           filterExpr: ((t = -1) and s is not null and (s like 'bob%')) (type: boolean)
           Filter Operator
-            predicate: ((t = -1) and s is not null and (s like 'bob%')) (type: boolean)
+            predicate: ((s like 'bob%') and (t = -1) and s is not null) (type: boolean)
             Select Operator
               expressions: -1 (type: tinyint), s (type: string)
               outputColumnNames: _col0, _col1
@@ -591,7 +591,7 @@ STAGE PLANS:
                   alias: orc_pred
                   Statistics: Num rows: 1049 Data size: 187624 Basic stats: COMPLETE Column stats: NONE
                   Filter Operator
-                    predicate: (s is not null and (s like 'bob%') and (not (t) IN (-1, -2, -3)) and t BETWEEN 25 AND 30) (type: boolean)
+                    predicate: ((not (t) IN (-1, -2, -3)) and (s like 'bob%') and s is not null and t BETWEEN 25 AND 30) (type: boolean)
                     Statistics: Num rows: 54 Data size: 9658 Basic stats: COMPLETE Column stats: NONE
                     Select Operator
                       expressions: t (type: tinyint), s (type: string)
@@ -657,7 +657,7 @@ STAGE PLANS:
                   filterExpr: (s is not null and (s like 'bob%') and (not (t) IN (-1, -2, -3)) and t BETWEEN 25 AND 30) (type: boolean)
                   Statistics: Num rows: 1049 Data size: 187624 Basic stats: COMPLETE Column stats: NONE
                   Filter Operator
-                    predicate: (s is not null and (s like 'bob%') and (not (t) IN (-1, -2, -3)) and t BETWEEN 25 AND 30) (type: boolean)
+                    predicate: ((not (t) IN (-1, -2, -3)) and (s like 'bob%') and s is not null and t BETWEEN 25 AND 30) (type: boolean)
                     Statistics: Num rows: 54 Data size: 9658 Basic stats: COMPLETE Column stats: NONE
                     Select Operator
                       expressions: t (type: tinyint), s (type: string)
@@ -788,7 +788,7 @@ STAGE PLANS:
                   alias: orc_pred
                   Statistics: Num rows: 1049 Data size: 199600 Basic stats: COMPLETE Column stats: NONE
                   Filter Operator
-                    predicate: ((d >= 10.0) and (d < 12.0) and (s like '%son') and (t > 0) and UDFToInteger(si) BETWEEN 300 AND 400 and (not (s like '%car%'))) (type: boolean)
+                    predicate: ((d < 12.0) and (d >= 10.0) and (not (s like '%car%')) and (s like '%son') and (t > 0) and UDFToInteger(si) BETWEEN 300 AND 400) (type: boolean)
                     Statistics: Num rows: 1 Data size: 190 Basic stats: COMPLETE Column stats: NONE
                     Select Operator
                       expressions: t (type: tinyint), si (type: smallint), d (type: double), s (type: string)
@@ -867,7 +867,7 @@ STAGE PLANS:
                   filterExpr: ((d >= 10.0) and (d < 12.0) and (s like '%son') and (t > 0) and UDFToInteger(si) BETWEEN 300 AND 400 and (not (s like '%car%'))) (type: boolean)
                   Statistics: Num rows: 1049 Data size: 199600 Basic stats: COMPLETE Column stats: NONE
                   Filter Operator
-                    predicate: ((d >= 10.0) and (d < 12.0) and (s like '%son') and (t > 0) and UDFToInteger(si) BETWEEN 300 AND 400 and (not (s like '%car%'))) (type: boolean)
+                    predicate: ((d < 12.0) and (d >= 10.0) and (not (s like '%car%')) and (s like '%son') and (t > 0) and UDFToInteger(si) BETWEEN 300 AND 400) (type: boolean)
                     Statistics: Num rows: 1 Data size: 190 Basic stats: COMPLETE Column stats: NONE
                     Select Operator
                       expressions: t (type: tinyint), si (type: smallint), d (type: double), s (type: string)
@@ -1012,7 +1012,7 @@ STAGE PLANS:
                   alias: orc_pred
                   Statistics: Num rows: 1049 Data size: 199600 Basic stats: COMPLETE Column stats: NONE
                   Filter Operator
-                    predicate: ((t > 10) and (t <> 101) and (d >= 10) and (d < 12.0) and (s like '%son') and (not (s like '%car%')) and (t > 0) and si BETWEEN 300 AND 400) (type: boolean)
+                    predicate: ((d < 12.0) and (d >= 10) and (not (s like '%car%')) and (s like '%son') and (t <> 101) and (t > 0) and (t > 10) and si BETWEEN 300 AND 400) (type: boolean)
                     Statistics: Num rows: 1 Data size: 190 Basic stats: COMPLETE Column stats: NONE
                     Select Operator
                       expressions: t (type: tinyint), si (type: smallint), d (type: double), s (type: string)
@@ -1112,7 +1112,7 @@ STAGE PLANS:
                   filterExpr: ((t > 10) and (t <> 101) and (d >= 10) and (d < 12.0) and (s like '%son') and (not (s like '%car%')) and (t > 0) and si BETWEEN 300 AND 400) (type: boolean)
                   Statistics: Num rows: 1049 Data size: 199600 Basic stats: COMPLETE Column stats: NONE
                   Filter Operator
-                    predicate: ((t > 10) and (t <> 101) and (d >= 10) and (d < 12.0) and (s like '%son') and (not (s like '%car%')) and (t > 0) and si BETWEEN 300 AND 400) (type: boolean)
+                    predicate: ((d < 12.0) and (d >= 10) and (not (s like '%car%')) and (s like '%son') and (t <> 101) and (t > 0) and (t > 10) and si BETWEEN 300 AND 400) (type: boolean)
                     Statistics: Num rows: 1 Data size: 190 Basic stats: COMPLETE Column stats: NONE
                     Select Operator
                       expressions: t (type: tinyint), si (type: smallint), d (type: double), s (type: string)
diff --git a/ql/src/test/results/clientpositive/llap/parquet_predicate_pushdown.q.out b/ql/src/test/results/clientpositive/llap/parquet_predicate_pushdown.q.out
index 35df63ce55..9ceb438a7f 100644
--- a/ql/src/test/results/clientpositive/llap/parquet_predicate_pushdown.q.out
+++ b/ql/src/test/results/clientpositive/llap/parquet_predicate_pushdown.q.out
@@ -328,7 +328,7 @@ STAGE PLANS:
         TableScan
           alias: tbl_pred
           Filter Operator
-            predicate: ((t < 0) and (UDFToInteger(t) > -2)) (type: boolean)
+            predicate: ((UDFToInteger(t) > -2) and (t < 0)) (type: boolean)
             Select Operator
               expressions: t (type: tinyint), si (type: smallint), i (type: int), b (type: bigint), f (type: float), d (type: double), bo (type: boolean), s (type: string), ts (type: timestamp), dec (type: decimal(4,2)), bin (type: binary)
               outputColumnNames: _col0, _col1, _col2, _col3, _col4, _col5, _col6, _col7, _col8, _col9, _col10
@@ -360,7 +360,7 @@ STAGE PLANS:
           alias: tbl_pred
           filterExpr: ((t < 0) and (UDFToInteger(t) > -2)) (type: boolean)
           Filter Operator
-            predicate: ((t < 0) and (UDFToInteger(t) > -2)) (type: boolean)
+            predicate: ((UDFToInteger(t) > -2) and (t < 0)) (type: boolean)
             Select Operator
               expressions: t (type: tinyint), si (type: smallint), i (type: int), b (type: bigint), f (type: float), d (type: double), bo (type: boolean), s (type: string), ts (type: timestamp), dec (type: decimal(4,2)), bin (type: binary)
               outputColumnNames: _col0, _col1, _col2, _col3, _col4, _col5, _col6, _col7, _col8, _col9, _col10
@@ -421,7 +421,7 @@ STAGE PLANS:
         TableScan
           alias: tbl_pred
           Filter Operator
-            predicate: ((t = -1) and s is not null and (s like 'bob%')) (type: boolean)
+            predicate: ((s like 'bob%') and (t = -1) and s is not null) (type: boolean)
             Select Operator
               expressions: -1 (type: tinyint), s (type: string)
               outputColumnNames: _col0, _col1
@@ -449,7 +449,7 @@ STAGE PLANS:
           alias: tbl_pred
           filterExpr: ((t = -1) and s is not null and (s like 'bob%')) (type: boolean)
           Filter Operator
-            predicate: ((t = -1) and s is not null and (s like 'bob%')) (type: boolean)
+            predicate: ((s like 'bob%') and (t = -1) and s is not null) (type: boolean)
             Select Operator
               expressions: -1 (type: tinyint), s (type: string)
               outputColumnNames: _col0, _col1
@@ -529,7 +529,7 @@ STAGE PLANS:
                   alias: tbl_pred
                   Statistics: Num rows: 1049 Data size: 187624 Basic stats: COMPLETE Column stats: NONE
                   Filter Operator
-                    predicate: (s is not null and (s like 'bob%') and (not (t) IN (-1, -2, -3)) and t BETWEEN 25 AND 30) (type: boolean)
+                    predicate: ((not (t) IN (-1, -2, -3)) and (s like 'bob%') and s is not null and t BETWEEN 25 AND 30) (type: boolean)
                     Statistics: Num rows: 54 Data size: 9658 Basic stats: COMPLETE Column stats: NONE
                     Select Operator
                       expressions: t (type: tinyint), s (type: string)
@@ -595,7 +595,7 @@ STAGE PLANS:
                   filterExpr: (s is not null and (s like 'bob%') and (not (t) IN (-1, -2, -3)) and t BETWEEN 25 AND 30) (type: boolean)
                   Statistics: Num rows: 1049 Data size: 187624 Basic stats: COMPLETE Column stats: NONE
                   Filter Operator
-                    predicate: (s is not null and (s like 'bob%') and (not (t) IN (-1, -2, -3)) and t BETWEEN 25 AND 30) (type: boolean)
+                    predicate: ((not (t) IN (-1, -2, -3)) and (s like 'bob%') and s is not null and t BETWEEN 25 AND 30) (type: boolean)
                     Statistics: Num rows: 54 Data size: 9658 Basic stats: COMPLETE Column stats: NONE
                     Select Operator
                       expressions: t (type: tinyint), s (type: string)
@@ -726,7 +726,7 @@ STAGE PLANS:
                   alias: tbl_pred
                   Statistics: Num rows: 1049 Data size: 199600 Basic stats: COMPLETE Column stats: NONE
                   Filter Operator
-                    predicate: ((d >= 10.0) and (d < 12.0) and (s like '%son') and (t > 0) and UDFToInteger(si) BETWEEN 300 AND 400 and (not (s like '%car%'))) (type: boolean)
+                    predicate: ((d < 12.0) and (d >= 10.0) and (not (s like '%car%')) and (s like '%son') and (t > 0) and UDFToInteger(si) BETWEEN 300 AND 400) (type: boolean)
                     Statistics: Num rows: 1 Data size: 190 Basic stats: COMPLETE Column stats: NONE
                     Select Operator
                       expressions: t (type: tinyint), si (type: smallint), d (type: double), s (type: string)
@@ -805,7 +805,7 @@ STAGE PLANS:
                   filterExpr: ((d >= 10.0) and (d < 12.0) and (s like '%son') and (t > 0) and UDFToInteger(si) BETWEEN 300 AND 400 and (not (s like '%car%'))) (type: boolean)
                   Statistics: Num rows: 1049 Data size: 199600 Basic stats: COMPLETE Column stats: NONE
                   Filter Operator
-                    predicate: ((d >= 10.0) and (d < 12.0) and (s like '%son') and (t > 0) and UDFToInteger(si) BETWEEN 300 AND 400 and (not (s like '%car%'))) (type: boolean)
+                    predicate: ((d < 12.0) and (d >= 10.0) and (not (s like '%car%')) and (s like '%son') and (t > 0) and UDFToInteger(si) BETWEEN 300 AND 400) (type: boolean)
                     Statistics: Num rows: 1 Data size: 190 Basic stats: COMPLETE Column stats: NONE
                     Select Operator
                       expressions: t (type: tinyint), si (type: smallint), d (type: double), s (type: string)
@@ -995,7 +995,7 @@ STAGE PLANS:
                   alias: tbl_pred
                   Statistics: Num rows: 1049 Data size: 199600 Basic stats: COMPLETE Column stats: NONE
                   Filter Operator
-                    predicate: ((t > 10) and (t <> 101) and (d >= 10) and (d < 12.0) and (s like '%son') and (not (s like '%car%')) and (t > 0) and si BETWEEN 300 AND 400) (type: boolean)
+                    predicate: ((d < 12.0) and (d >= 10) and (not (s like '%car%')) and (s like '%son') and (t <> 101) and (t > 0) and (t > 10) and si BETWEEN 300 AND 400) (type: boolean)
                     Statistics: Num rows: 1 Data size: 190 Basic stats: COMPLETE Column stats: NONE
                     Select Operator
                       expressions: t (type: tinyint), si (type: smallint), d (type: double), s (type: string)
@@ -1095,7 +1095,7 @@ STAGE PLANS:
                   filterExpr: ((t > 10) and (t <> 101) and (d >= 10) and (d < 12.0) and (s like '%son') and (not (s like '%car%')) and (t > 0) and si BETWEEN 300 AND 400) (type: boolean)
                   Statistics: Num rows: 1049 Data size: 199600 Basic stats: COMPLETE Column stats: NONE
                   Filter Operator
-                    predicate: ((t > 10) and (t <> 101) and (d >= 10) and (d < 12.0) and (s like '%son') and (not (s like '%car%')) and (t > 0) and si BETWEEN 300 AND 400) (type: boolean)
+                    predicate: ((d < 12.0) and (d >= 10) and (not (s like '%car%')) and (s like '%son') and (t <> 101) and (t > 0) and (t > 10) and si BETWEEN 300 AND 400) (type: boolean)
                     Statistics: Num rows: 1 Data size: 190 Basic stats: COMPLETE Column stats: NONE
                     Select Operator
                       expressions: t (type: tinyint), si (type: smallint), d (type: double), s (type: string)
@@ -1207,7 +1207,7 @@ STAGE PLANS:
                   filterExpr: ((f < 123.2) and (f > 1.92) and (f >= 9.99) and f BETWEEN 1.92 AND 123.2 and (i < 67627) and (i > 60627) and (i >= 60626) and i BETWEEN 60626 AND 67627 and (b < 4294967861) and (b > 4294967261) and (b >= 4294967260) and b BETWEEN 4294967261 AND 4294967861) (type: boolean)
                   Statistics: Num rows: 1049 Data size: 15968 Basic stats: COMPLETE Column stats: NONE
                   Filter Operator
-                    predicate: ((f < 123.2) and (f > 1.92) and (f >= 9.99) and f BETWEEN 1.92 AND 123.2 and (i < 67627) and (i > 60627) and (i >= 60626) and i BETWEEN 60626 AND 67627 and (b < 4294967861) and (b > 4294967261) and (b >= 4294967260) and b BETWEEN 4294967261 AND 4294967861) (type: boolean)
+                    predicate: ((b < 4294967861) and (b > 4294967261) and (b >= 4294967260) and (f < 123.2) and (f > 1.92) and (f >= 9.99) and (i < 67627) and (i > 60627) and (i >= 60626) and b BETWEEN 4294967261 AND 4294967861 and f BETWEEN 1.92 AND 123.2 and i BETWEEN 60626 AND 67627) (type: boolean)
                     Statistics: Num rows: 1 Data size: 15 Basic stats: COMPLETE Column stats: NONE
                     Select Operator
                       expressions: f (type: float), i (type: int), b (type: bigint)
diff --git a/ql/src/test/results/clientpositive/llap/semijoin_hint.q.out b/ql/src/test/results/clientpositive/llap/semijoin_hint.q.out
index 996d47fe61..52590cd8ff 100644
--- a/ql/src/test/results/clientpositive/llap/semijoin_hint.q.out
+++ b/ql/src/test/results/clientpositive/llap/semijoin_hint.q.out
@@ -186,7 +186,7 @@ STAGE PLANS:
                   filterExpr: (str is not null and (str BETWEEN DynamicValue(RS_7_v_key1_min) AND DynamicValue(RS_7_v_key1_max) and in_bloom_filter(str, DynamicValue(RS_7_v_key1_bloom_filter)))) (type: boolean)
                   Statistics: Num rows: 2000 Data size: 174000 Basic stats: COMPLETE Column stats: COMPLETE
                   Filter Operator
-                    predicate: (str is not null and (str BETWEEN DynamicValue(RS_7_v_key1_min) AND DynamicValue(RS_7_v_key1_max) and in_bloom_filter(str, DynamicValue(RS_7_v_key1_bloom_filter)))) (type: boolean)
+                    predicate: ((str BETWEEN DynamicValue(RS_7_v_key1_min) AND DynamicValue(RS_7_v_key1_max) and in_bloom_filter(str, DynamicValue(RS_7_v_key1_bloom_filter))) and str is not null) (type: boolean)
                     Statistics: Num rows: 2000 Data size: 174000 Basic stats: COMPLETE Column stats: COMPLETE
                     Select Operator
                       expressions: str (type: string)
@@ -455,7 +455,7 @@ STAGE PLANS:
                   filterExpr: (key1 is not null and (key1 BETWEEN DynamicValue(RS_9_srcpart_date_str_min) AND DynamicValue(RS_9_srcpart_date_str_max) and in_bloom_filter(key1, DynamicValue(RS_9_srcpart_date_str_bloom_filter)))) (type: boolean)
                   Statistics: Num rows: 1000 Data size: 87000 Basic stats: COMPLETE Column stats: PARTIAL
                   Filter Operator
-                    predicate: (key1 is not null and (key1 BETWEEN DynamicValue(RS_9_srcpart_date_str_min) AND DynamicValue(RS_9_srcpart_date_str_max) and in_bloom_filter(key1, DynamicValue(RS_9_srcpart_date_str_bloom_filter)))) (type: boolean)
+                    predicate: ((key1 BETWEEN DynamicValue(RS_9_srcpart_date_str_min) AND DynamicValue(RS_9_srcpart_date_str_max) and in_bloom_filter(key1, DynamicValue(RS_9_srcpart_date_str_bloom_filter))) and key1 is not null) (type: boolean)
                     Statistics: Num rows: 1000 Data size: 87000 Basic stats: COMPLETE Column stats: PARTIAL
                     Select Operator
                       expressions: key1 (type: string)
@@ -611,7 +611,7 @@ STAGE PLANS:
                   filterExpr: (key1 is not null and (key1 BETWEEN DynamicValue(RS_3_i_cstring_min) AND DynamicValue(RS_3_i_cstring_max) and in_bloom_filter(key1, DynamicValue(RS_3_i_cstring_bloom_filter)))) (type: boolean)
                   Statistics: Num rows: 1000 Data size: 87000 Basic stats: COMPLETE Column stats: PARTIAL
                   Filter Operator
-                    predicate: (key1 is not null and (key1 BETWEEN DynamicValue(RS_3_i_cstring_min) AND DynamicValue(RS_3_i_cstring_max) and in_bloom_filter(key1, DynamicValue(RS_3_i_cstring_bloom_filter)))) (type: boolean)
+                    predicate: ((key1 BETWEEN DynamicValue(RS_3_i_cstring_min) AND DynamicValue(RS_3_i_cstring_max) and in_bloom_filter(key1, DynamicValue(RS_3_i_cstring_bloom_filter))) and key1 is not null) (type: boolean)
                     Statistics: Num rows: 1000 Data size: 87000 Basic stats: COMPLETE Column stats: PARTIAL
                     Select Operator
                       expressions: key1 (type: string)
@@ -760,7 +760,7 @@ STAGE PLANS:
                   filterExpr: (key1 is not null and (key1 BETWEEN DynamicValue(RS_3_k_str_min) AND DynamicValue(RS_3_k_str_max) and in_bloom_filter(key1, DynamicValue(RS_3_k_str_bloom_filter)))) (type: boolean)
                   Statistics: Num rows: 1000 Data size: 87000 Basic stats: COMPLETE Column stats: PARTIAL
                   Filter Operator
-                    predicate: (key1 is not null and (key1 BETWEEN DynamicValue(RS_3_k_str_min) AND DynamicValue(RS_3_k_str_max) and in_bloom_filter(key1, DynamicValue(RS_3_k_str_bloom_filter)))) (type: boolean)
+                    predicate: ((key1 BETWEEN DynamicValue(RS_3_k_str_min) AND DynamicValue(RS_3_k_str_max) and in_bloom_filter(key1, DynamicValue(RS_3_k_str_bloom_filter))) and key1 is not null) (type: boolean)
                     Statistics: Num rows: 1000 Data size: 87000 Basic stats: COMPLETE Column stats: PARTIAL
                     Select Operator
                       expressions: key1 (type: string)
@@ -1028,7 +1028,7 @@ STAGE PLANS:
                   filterExpr: (key1 is not null and (key1 BETWEEN DynamicValue(RS_6_k_str_min) AND DynamicValue(RS_6_k_str_max) and in_bloom_filter(key1, DynamicValue(RS_6_k_str_bloom_filter)))) (type: boolean)
                   Statistics: Num rows: 1000 Data size: 87000 Basic stats: COMPLETE Column stats: PARTIAL
                   Filter Operator
-                    predicate: (key1 is not null and (key1 BETWEEN DynamicValue(RS_6_k_str_min) AND DynamicValue(RS_6_k_str_max) and in_bloom_filter(key1, DynamicValue(RS_6_k_str_bloom_filter)))) (type: boolean)
+                    predicate: ((key1 BETWEEN DynamicValue(RS_6_k_str_min) AND DynamicValue(RS_6_k_str_max) and in_bloom_filter(key1, DynamicValue(RS_6_k_str_bloom_filter))) and key1 is not null) (type: boolean)
                     Statistics: Num rows: 1000 Data size: 87000 Basic stats: COMPLETE Column stats: PARTIAL
                     Select Operator
                       expressions: key1 (type: string)
@@ -1048,7 +1048,7 @@ STAGE PLANS:
                   filterExpr: (str is not null and (str BETWEEN DynamicValue(RS_21_v_key1_min) AND DynamicValue(RS_21_v_key1_max) and in_bloom_filter(str, DynamicValue(RS_21_v_key1_bloom_filter)))) (type: boolean)
                   Statistics: Num rows: 2000 Data size: 174000 Basic stats: COMPLETE Column stats: COMPLETE
                   Filter Operator
-                    predicate: (str is not null and (str BETWEEN DynamicValue(RS_21_v_key1_min) AND DynamicValue(RS_21_v_key1_max) and in_bloom_filter(str, DynamicValue(RS_21_v_key1_bloom_filter)))) (type: boolean)
+                    predicate: ((str BETWEEN DynamicValue(RS_21_v_key1_min) AND DynamicValue(RS_21_v_key1_max) and in_bloom_filter(str, DynamicValue(RS_21_v_key1_bloom_filter))) and str is not null) (type: boolean)
                     Statistics: Num rows: 2000 Data size: 174000 Basic stats: COMPLETE Column stats: COMPLETE
                     Select Operator
                       expressions: str (type: string)
@@ -1188,7 +1188,7 @@ STAGE PLANS:
                   filterExpr: (str is not null and (str BETWEEN DynamicValue(RS_7_v_key1_min) AND DynamicValue(RS_7_v_key1_max) and in_bloom_filter(str, DynamicValue(RS_7_v_key1_bloom_filter)))) (type: boolean)
                   Statistics: Num rows: 2000 Data size: 174000 Basic stats: COMPLETE Column stats: COMPLETE
                   Filter Operator
-                    predicate: (str is not null and (str BETWEEN DynamicValue(RS_7_v_key1_min) AND DynamicValue(RS_7_v_key1_max) and in_bloom_filter(str, DynamicValue(RS_7_v_key1_bloom_filter)))) (type: boolean)
+                    predicate: ((str BETWEEN DynamicValue(RS_7_v_key1_min) AND DynamicValue(RS_7_v_key1_max) and in_bloom_filter(str, DynamicValue(RS_7_v_key1_bloom_filter))) and str is not null) (type: boolean)
                     Statistics: Num rows: 2000 Data size: 174000 Basic stats: COMPLETE Column stats: COMPLETE
                     Select Operator
                       expressions: str (type: string)
@@ -1453,7 +1453,7 @@ STAGE PLANS:
                   filterExpr: (key1 is not null and (key1 BETWEEN DynamicValue(RS_12_srcpart_date_str_min) AND DynamicValue(RS_12_srcpart_date_str_max) and in_bloom_filter(key1, DynamicValue(RS_12_srcpart_date_str_bloom_filter)))) (type: boolean)
                   Statistics: Num rows: 1000 Data size: 87000 Basic stats: COMPLETE Column stats: PARTIAL
                   Filter Operator
-                    predicate: (key1 is not null and (key1 BETWEEN DynamicValue(RS_12_srcpart_date_str_min) AND DynamicValue(RS_12_srcpart_date_str_max) and in_bloom_filter(key1, DynamicValue(RS_12_srcpart_date_str_bloom_filter)))) (type: boolean)
+                    predicate: ((key1 BETWEEN DynamicValue(RS_12_srcpart_date_str_min) AND DynamicValue(RS_12_srcpart_date_str_max) and in_bloom_filter(key1, DynamicValue(RS_12_srcpart_date_str_bloom_filter))) and key1 is not null) (type: boolean)
                     Statistics: Num rows: 1000 Data size: 87000 Basic stats: COMPLETE Column stats: PARTIAL
                     Select Operator
                       expressions: key1 (type: string)
@@ -1607,7 +1607,7 @@ STAGE PLANS:
                   filterExpr: (key1 is not null and (key1 BETWEEN DynamicValue(RS_9_i_cstring_min) AND DynamicValue(RS_9_i_cstring_max) and in_bloom_filter(key1, DynamicValue(RS_9_i_cstring_bloom_filter)))) (type: boolean)
                   Statistics: Num rows: 1000 Data size: 87000 Basic stats: COMPLETE Column stats: PARTIAL
                   Filter Operator
-                    predicate: (key1 is not null and (key1 BETWEEN DynamicValue(RS_9_i_cstring_min) AND DynamicValue(RS_9_i_cstring_max) and in_bloom_filter(key1, DynamicValue(RS_9_i_cstring_bloom_filter)))) (type: boolean)
+                    predicate: ((key1 BETWEEN DynamicValue(RS_9_i_cstring_min) AND DynamicValue(RS_9_i_cstring_max) and in_bloom_filter(key1, DynamicValue(RS_9_i_cstring_bloom_filter))) and key1 is not null) (type: boolean)
                     Statistics: Num rows: 1000 Data size: 87000 Basic stats: COMPLETE Column stats: PARTIAL
                     Select Operator
                       expressions: key1 (type: string)
@@ -1754,7 +1754,7 @@ STAGE PLANS:
                   filterExpr: (key1 is not null and (key1 BETWEEN DynamicValue(RS_6_k_str_min) AND DynamicValue(RS_6_k_str_max) and in_bloom_filter(key1, DynamicValue(RS_6_k_str_bloom_filter)))) (type: boolean)
                   Statistics: Num rows: 1000 Data size: 87000 Basic stats: COMPLETE Column stats: PARTIAL
                   Filter Operator
-                    predicate: (key1 is not null and (key1 BETWEEN DynamicValue(RS_6_k_str_min) AND DynamicValue(RS_6_k_str_max) and in_bloom_filter(key1, DynamicValue(RS_6_k_str_bloom_filter)))) (type: boolean)
+                    predicate: ((key1 BETWEEN DynamicValue(RS_6_k_str_min) AND DynamicValue(RS_6_k_str_max) and in_bloom_filter(key1, DynamicValue(RS_6_k_str_bloom_filter))) and key1 is not null) (type: boolean)
                     Statistics: Num rows: 1000 Data size: 87000 Basic stats: COMPLETE Column stats: PARTIAL
                     Select Operator
                       expressions: key1 (type: string)
@@ -2010,7 +2010,7 @@ STAGE PLANS:
                   filterExpr: (key1 is not null and (key1 BETWEEN DynamicValue(RS_3_k_str_min) AND DynamicValue(RS_3_k_str_max) and in_bloom_filter(key1, DynamicValue(RS_3_k_str_bloom_filter)))) (type: boolean)
                   Statistics: Num rows: 1000 Data size: 87000 Basic stats: COMPLETE Column stats: PARTIAL
                   Filter Operator
-                    predicate: (key1 is not null and (key1 BETWEEN DynamicValue(RS_3_k_str_min) AND DynamicValue(RS_3_k_str_max) and in_bloom_filter(key1, DynamicValue(RS_3_k_str_bloom_filter)))) (type: boolean)
+                    predicate: ((key1 BETWEEN DynamicValue(RS_3_k_str_min) AND DynamicValue(RS_3_k_str_max) and in_bloom_filter(key1, DynamicValue(RS_3_k_str_bloom_filter))) and key1 is not null) (type: boolean)
                     Statistics: Num rows: 1000 Data size: 87000 Basic stats: COMPLETE Column stats: PARTIAL
                     Reduce Output Operator
                       key expressions: key1 (type: string)
@@ -2026,7 +2026,7 @@ STAGE PLANS:
                   filterExpr: (str is not null and (str BETWEEN DynamicValue(RS_17_v_key1_min) AND DynamicValue(RS_17_v_key1_max) and in_bloom_filter(str, DynamicValue(RS_17_v_key1_bloom_filter)))) (type: boolean)
                   Statistics: Num rows: 2000 Data size: 174000 Basic stats: COMPLETE Column stats: COMPLETE
                   Filter Operator
-                    predicate: (str is not null and (str BETWEEN DynamicValue(RS_17_v_key1_min) AND DynamicValue(RS_17_v_key1_max) and in_bloom_filter(str, DynamicValue(RS_17_v_key1_bloom_filter)))) (type: boolean)
+                    predicate: ((str BETWEEN DynamicValue(RS_17_v_key1_min) AND DynamicValue(RS_17_v_key1_max) and in_bloom_filter(str, DynamicValue(RS_17_v_key1_bloom_filter))) and str is not null) (type: boolean)
                     Statistics: Num rows: 2000 Data size: 174000 Basic stats: COMPLETE Column stats: COMPLETE
                     Reduce Output Operator
                       key expressions: str (type: string)
@@ -2162,7 +2162,7 @@ STAGE PLANS:
                   filterExpr: (str is not null and (str BETWEEN DynamicValue(RS_5_v_key1_min) AND DynamicValue(RS_5_v_key1_max) and in_bloom_filter(str, DynamicValue(RS_5_v_key1_bloom_filter)))) (type: boolean)
                   Statistics: Num rows: 2000 Data size: 174000 Basic stats: COMPLETE Column stats: COMPLETE
                   Filter Operator
-                    predicate: (str is not null and (str BETWEEN DynamicValue(RS_5_v_key1_min) AND DynamicValue(RS_5_v_key1_max) and in_bloom_filter(str, DynamicValue(RS_5_v_key1_bloom_filter)))) (type: boolean)
+                    predicate: ((str BETWEEN DynamicValue(RS_5_v_key1_min) AND DynamicValue(RS_5_v_key1_max) and in_bloom_filter(str, DynamicValue(RS_5_v_key1_bloom_filter))) and str is not null) (type: boolean)
                     Statistics: Num rows: 2000 Data size: 174000 Basic stats: COMPLETE Column stats: COMPLETE
                     Reduce Output Operator
                       key expressions: str (type: string)
@@ -2400,7 +2400,7 @@ STAGE PLANS:
                   filterExpr: (key1 is not null and (key1 BETWEEN DynamicValue(RS_4_srcpart_date_str_min) AND DynamicValue(RS_4_srcpart_date_str_max) and in_bloom_filter(key1, DynamicValue(RS_4_srcpart_date_str_bloom_filter)))) (type: boolean)
                   Statistics: Num rows: 1000 Data size: 87000 Basic stats: COMPLETE Column stats: PARTIAL
                   Filter Operator
-                    predicate: (key1 is not null and (key1 BETWEEN DynamicValue(RS_4_srcpart_date_str_min) AND DynamicValue(RS_4_srcpart_date_str_max) and in_bloom_filter(key1, DynamicValue(RS_4_srcpart_date_str_bloom_filter)))) (type: boolean)
+                    predicate: ((key1 BETWEEN DynamicValue(RS_4_srcpart_date_str_min) AND DynamicValue(RS_4_srcpart_date_str_max) and in_bloom_filter(key1, DynamicValue(RS_4_srcpart_date_str_bloom_filter))) and key1 is not null) (type: boolean)
                     Statistics: Num rows: 1000 Data size: 87000 Basic stats: COMPLETE Column stats: PARTIAL
                     Reduce Output Operator
                       key expressions: key1 (type: string)
@@ -2536,7 +2536,7 @@ STAGE PLANS:
                   filterExpr: (key1 is not null and (key1 BETWEEN DynamicValue(RS_8_i_cstring_min) AND DynamicValue(RS_8_i_cstring_max) and in_bloom_filter(key1, DynamicValue(RS_8_i_cstring_bloom_filter)))) (type: boolean)
                   Statistics: Num rows: 1000 Data size: 87000 Basic stats: COMPLETE Column stats: PARTIAL
                   Filter Operator
-                    predicate: (key1 is not null and (key1 BETWEEN DynamicValue(RS_8_i_cstring_min) AND DynamicValue(RS_8_i_cstring_max) and in_bloom_filter(key1, DynamicValue(RS_8_i_cstring_bloom_filter)))) (type: boolean)
+                    predicate: ((key1 BETWEEN DynamicValue(RS_8_i_cstring_min) AND DynamicValue(RS_8_i_cstring_max) and in_bloom_filter(key1, DynamicValue(RS_8_i_cstring_bloom_filter))) and key1 is not null) (type: boolean)
                     Statistics: Num rows: 1000 Data size: 87000 Basic stats: COMPLETE Column stats: PARTIAL
                     Reduce Output Operator
                       key expressions: key1 (type: string)
@@ -2684,7 +2684,7 @@ STAGE PLANS:
                   filterExpr: (key1 is not null and (key1 BETWEEN DynamicValue(RS_3_k_str_min) AND DynamicValue(RS_3_k_str_max) and in_bloom_filter(key1, DynamicValue(RS_3_k_str_bloom_filter)))) (type: boolean)
                   Statistics: Num rows: 1000 Data size: 87000 Basic stats: COMPLETE Column stats: PARTIAL
                   Filter Operator
-                    predicate: (key1 is not null and (key1 BETWEEN DynamicValue(RS_3_k_str_min) AND DynamicValue(RS_3_k_str_max) and in_bloom_filter(key1, DynamicValue(RS_3_k_str_bloom_filter)))) (type: boolean)
+                    predicate: ((key1 BETWEEN DynamicValue(RS_3_k_str_min) AND DynamicValue(RS_3_k_str_max) and in_bloom_filter(key1, DynamicValue(RS_3_k_str_bloom_filter))) and key1 is not null) (type: boolean)
                     Statistics: Num rows: 1000 Data size: 87000 Basic stats: COMPLETE Column stats: PARTIAL
                     Reduce Output Operator
                       key expressions: key1 (type: string)
diff --git a/ql/src/test/results/clientpositive/llap/skewjoin.q.out b/ql/src/test/results/clientpositive/llap/skewjoin.q.out
index 5a87f93e41..e53da811de 100644
--- a/ql/src/test/results/clientpositive/llap/skewjoin.q.out
+++ b/ql/src/test/results/clientpositive/llap/skewjoin.q.out
@@ -738,7 +738,7 @@ STAGE PLANS:
                   alias: src
                   Statistics: Num rows: 500 Data size: 89000 Basic stats: COMPLETE Column stats: COMPLETE
                   Filter Operator
-                    predicate: (key is not null and UDFToDouble(substring(value, 5)) is not null) (type: boolean)
+                    predicate: (UDFToDouble(substring(value, 5)) is not null and key is not null) (type: boolean)
                     Statistics: Num rows: 500 Data size: 89000 Basic stats: COMPLETE Column stats: COMPLETE
                     Select Operator
                       expressions: key (type: string), value (type: string)
@@ -757,7 +757,7 @@ STAGE PLANS:
                   alias: src
                   Statistics: Num rows: 500 Data size: 89000 Basic stats: COMPLETE Column stats: COMPLETE
                   Filter Operator
-                    predicate: (key is not null and (substring(value, 5) + 1) is not null) (type: boolean)
+                    predicate: ((substring(value, 5) + 1) is not null and key is not null) (type: boolean)
                     Statistics: Num rows: 500 Data size: 89000 Basic stats: COMPLETE Column stats: COMPLETE
                     Select Operator
                       expressions: key (type: string), value (type: string)
@@ -873,7 +873,7 @@ STAGE PLANS:
                   alias: src
                   Statistics: Num rows: 500 Data size: 43500 Basic stats: COMPLETE Column stats: COMPLETE
                   Filter Operator
-                    predicate: ((key < 80) and (key < 100)) (type: boolean)
+                    predicate: ((key < 100) and (key < 80)) (type: boolean)
                     Statistics: Num rows: 55 Data size: 4785 Basic stats: COMPLETE Column stats: COMPLETE
                     Select Operator
                       expressions: key (type: string)
diff --git a/ql/src/test/results/clientpositive/llap/smb_mapjoin_15.q.out b/ql/src/test/results/clientpositive/llap/smb_mapjoin_15.q.out
index 1023641309..79c896fe52 100644
--- a/ql/src/test/results/clientpositive/llap/smb_mapjoin_15.q.out
+++ b/ql/src/test/results/clientpositive/llap/smb_mapjoin_15.q.out
@@ -635,7 +635,7 @@ STAGE PLANS:
                   GatherStats: false
                   Filter Operator
                     isSamplingPred: false
-                    predicate: (key2 is not null and key is not null) (type: boolean)
+                    predicate: (key is not null and key2 is not null) (type: boolean)
                     Statistics: Num rows: 450 Data size: 82252 Basic stats: COMPLETE Column stats: NONE
                     Select Operator
                       expressions: key (type: int), key2 (type: int), value (type: string)
@@ -715,7 +715,7 @@ STAGE PLANS:
                   GatherStats: false
                   Filter Operator
                     isSamplingPred: false
-                    predicate: (key2 is not null and key is not null) (type: boolean)
+                    predicate: (key is not null and key2 is not null) (type: boolean)
                     Statistics: Num rows: 450 Data size: 82252 Basic stats: COMPLETE Column stats: NONE
                     Select Operator
                       expressions: key (type: int), key2 (type: int), value (type: string)
diff --git a/ql/src/test/results/clientpositive/llap/sqlmerge.q.out b/ql/src/test/results/clientpositive/llap/sqlmerge.q.out
index 01fe124812..5fc35d5928 100644
--- a/ql/src/test/results/clientpositive/llap/sqlmerge.q.out
+++ b/ql/src/test/results/clientpositive/llap/sqlmerge.q.out
@@ -86,7 +86,7 @@ STAGE PLANS:
                 outputColumnNames: _col0, _col4, _col5, _col6
                 Statistics: Num rows: 1 Data size: 4 Basic stats: COMPLETE Column stats: NONE
                 Filter Operator
-                  predicate: ((_col5 > 8) and (_col0 = _col5)) (type: boolean)
+                  predicate: ((_col0 = _col5) and (_col5 > 8)) (type: boolean)
                   Statistics: Num rows: 1 Data size: 4 Basic stats: COMPLETE Column stats: NONE
                   Select Operator
                     expressions: _col4 (type: struct<transactionid:bigint,bucketid:int,rowid:bigint>)
@@ -98,7 +98,7 @@ STAGE PLANS:
                       Map-reduce partition columns: UDFToInteger(_col0) (type: int)
                       Statistics: Num rows: 1 Data size: 4 Basic stats: COMPLETE Column stats: NONE
                 Filter Operator
-                  predicate: ((_col5 <= 8) and (_col0 = _col5)) (type: boolean)
+                  predicate: ((_col0 = _col5) and (_col5 <= 8)) (type: boolean)
                   Statistics: Num rows: 1 Data size: 4 Basic stats: COMPLETE Column stats: NONE
                   Select Operator
                     expressions: _col4 (type: struct<transactionid:bigint,bucketid:int,rowid:bigint>), _col0 (type: int)
diff --git a/ql/src/test/results/clientpositive/llap/subquery_in.q.out b/ql/src/test/results/clientpositive/llap/subquery_in.q.out
index 03819ef4c1..6179d08757 100644
--- a/ql/src/test/results/clientpositive/llap/subquery_in.q.out
+++ b/ql/src/test/results/clientpositive/llap/subquery_in.q.out
@@ -931,7 +931,7 @@ STAGE PLANS:
                   alias: li
                   Statistics: Num rows: 100 Data size: 1600 Basic stats: COMPLETE Column stats: COMPLETE
                   Filter Operator
-                    predicate: ((l_linenumber = 1) and l_partkey is not null and l_orderkey is not null) (type: boolean)
+                    predicate: ((l_linenumber = 1) and l_orderkey is not null and l_partkey is not null) (type: boolean)
                     Statistics: Num rows: 14 Data size: 224 Basic stats: COMPLETE Column stats: COMPLETE
                     Select Operator
                       expressions: l_orderkey (type: int), l_partkey (type: int), l_suppkey (type: int)
@@ -2109,7 +2109,7 @@ STAGE PLANS:
                   alias: p
                   Statistics: Num rows: 26 Data size: 3354 Basic stats: COMPLETE Column stats: COMPLETE
                   Filter Operator
-                    predicate: (p_size is not null and p_partkey is not null) (type: boolean)
+                    predicate: (p_partkey is not null and p_size is not null) (type: boolean)
                     Statistics: Num rows: 26 Data size: 3354 Basic stats: COMPLETE Column stats: COMPLETE
                     Group By Operator
                       keys: p_partkey (type: int), p_name (type: string), p_size (type: int)
diff --git a/ql/src/test/results/clientpositive/llap/subquery_multi.q.out b/ql/src/test/results/clientpositive/llap/subquery_multi.q.out
index 92786f7e80..306fce83dc 100644
--- a/ql/src/test/results/clientpositive/llap/subquery_multi.q.out
+++ b/ql/src/test/results/clientpositive/llap/subquery_multi.q.out
@@ -99,7 +99,7 @@ STAGE PLANS:
                   alias: part_null
                   Statistics: Num rows: 5 Data size: 5600 Basic stats: COMPLETE Column stats: NONE
                   Filter Operator
-                    predicate: (p_size is not null and p_brand is not null) (type: boolean)
+                    predicate: (p_brand is not null and p_size is not null) (type: boolean)
                     Statistics: Num rows: 5 Data size: 5600 Basic stats: COMPLETE Column stats: NONE
                     Select Operator
                       expressions: p_partkey (type: int), p_name (type: string), p_mfgr (type: string), p_brand (type: string), p_type (type: string), p_size (type: int), p_container (type: string), p_retailprice (type: double), p_comment (type: string)
@@ -1015,7 +1015,7 @@ STAGE PLANS:
                 outputColumnNames: _col0, _col1, _col2, _col3, _col4, _col5, _col6, _col7, _col8, _col9, _col10, _col12
                 Statistics: Num rows: 5 Data size: 6726 Basic stats: COMPLETE Column stats: NONE
                 Filter Operator
-                  predicate: ((_col9 = 0) or (_col12 is null and _col1 is not null and (_col10 >= _col9))) (type: boolean)
+                  predicate: ((_col12 is null and _col1 is not null and (_col10 >= _col9)) or (_col9 = 0)) (type: boolean)
                   Statistics: Num rows: 2 Data size: 2690 Basic stats: COMPLETE Column stats: NONE
                   Select Operator
                     expressions: _col0 (type: int), _col1 (type: string), _col2 (type: string), _col3 (type: string), _col4 (type: string), _col5 (type: int), _col6 (type: string), _col7 (type: double), _col8 (type: string)
@@ -2216,7 +2216,7 @@ STAGE PLANS:
                   alias: part
                   Statistics: Num rows: 26 Data size: 8242 Basic stats: COMPLETE Column stats: COMPLETE
                   Filter Operator
-                    predicate: (p_type is not null and p_container is not null) (type: boolean)
+                    predicate: (p_container is not null and p_type is not null) (type: boolean)
                     Statistics: Num rows: 26 Data size: 8242 Basic stats: COMPLETE Column stats: COMPLETE
                     Group By Operator
                       keys: p_type (type: string), p_name (type: string), p_container (type: string)
diff --git a/ql/src/test/results/clientpositive/llap/subquery_notin.q.out b/ql/src/test/results/clientpositive/llap/subquery_notin.q.out
index ea3c78b21e..8c72fb8bb4 100644
--- a/ql/src/test/results/clientpositive/llap/subquery_notin.q.out
+++ b/ql/src/test/results/clientpositive/llap/subquery_notin.q.out
@@ -1921,7 +1921,7 @@ STAGE PLANS:
                 outputColumnNames: _col0, _col1, _col2, _col3, _col4, _col5, _col6, _col7, _col8, _col9, _col10, _col12
                 Statistics: Num rows: 26 Data size: 16542 Basic stats: COMPLETE Column stats: COMPLETE
                 Filter Operator
-                  predicate: ((_col9 = 0) or (_col12 is null and _col5 is not null and (_col10 >= _col9))) (type: boolean)
+                  predicate: ((_col12 is null and _col5 is not null and (_col10 >= _col9)) or (_col9 = 0)) (type: boolean)
                   Statistics: Num rows: 26 Data size: 16542 Basic stats: COMPLETE Column stats: COMPLETE
                   Select Operator
                     expressions: _col0 (type: int), _col1 (type: string), _col2 (type: string), _col3 (type: string), _col4 (type: string), _col5 (type: int), _col6 (type: string), _col7 (type: double), _col8 (type: string)
@@ -2136,7 +2136,7 @@ STAGE PLANS:
                 outputColumnNames: _col0, _col1, _col2, _col3, _col4, _col5, _col6, _col7, _col8, _col9, _col10, _col12
                 Statistics: Num rows: 26 Data size: 16538 Basic stats: COMPLETE Column stats: COMPLETE
                 Filter Operator
-                  predicate: ((_col9 = 0) or (_col12 is null and _col0 is not null and _col5 is not null and (_col10 >= _col9))) (type: boolean)
+                  predicate: ((_col12 is null and _col0 is not null and _col5 is not null and (_col10 >= _col9)) or (_col9 = 0)) (type: boolean)
                   Statistics: Num rows: 26 Data size: 16538 Basic stats: COMPLETE Column stats: COMPLETE
                   Select Operator
                     expressions: _col0 (type: int), _col1 (type: string), _col2 (type: string), _col3 (type: string), _col4 (type: string), _col5 (type: int), _col6 (type: string), _col7 (type: double), _col8 (type: string)
@@ -2585,7 +2585,7 @@ STAGE PLANS:
                 outputColumnNames: _col0, _col1, _col2, _col3, _col4, _col5, _col6, _col7, _col8, _col9, _col10, _col12
                 Statistics: Num rows: 26 Data size: 16538 Basic stats: COMPLETE Column stats: COMPLETE
                 Filter Operator
-                  predicate: ((_col9 = 0) or (_col12 is null and floor(_col7) is not null and (_col10 >= _col9))) (type: boolean)
+                  predicate: ((_col12 is null and floor(_col7) is not null and (_col10 >= _col9)) or (_col9 = 0)) (type: boolean)
                   Statistics: Num rows: 26 Data size: 16538 Basic stats: COMPLETE Column stats: COMPLETE
                   Select Operator
                     expressions: _col0 (type: int), _col1 (type: string), _col2 (type: string), _col3 (type: string), _col4 (type: string), _col5 (type: int), _col6 (type: string), _col7 (type: double), _col8 (type: string)
@@ -3004,7 +3004,7 @@ STAGE PLANS:
                   alias: p
                   Statistics: Num rows: 26 Data size: 3354 Basic stats: COMPLETE Column stats: COMPLETE
                   Filter Operator
-                    predicate: (p_size is not null and p_partkey is not null) (type: boolean)
+                    predicate: (p_partkey is not null and p_size is not null) (type: boolean)
                     Statistics: Num rows: 26 Data size: 3354 Basic stats: COMPLETE Column stats: COMPLETE
                     Group By Operator
                       aggregations: count(), count(p_name)
@@ -4243,7 +4243,7 @@ STAGE PLANS:
                 outputColumnNames: _col0, _col1, _col2, _col3, _col4, _col5, _col6, _col7, _col8, _col9, _col10, _col12
                 Statistics: Num rows: 26 Data size: 16542 Basic stats: COMPLETE Column stats: COMPLETE
                 Filter Operator
-                  predicate: ((_col9 = 0) or (_col12 is null and _col5 is not null and (_col10 >= _col9))) (type: boolean)
+                  predicate: ((_col12 is null and _col5 is not null and (_col10 >= _col9)) or (_col9 = 0)) (type: boolean)
                   Statistics: Num rows: 26 Data size: 16542 Basic stats: COMPLETE Column stats: COMPLETE
                   Select Operator
                     expressions: _col0 (type: int), _col1 (type: string), _col2 (type: string), _col3 (type: string), _col4 (type: string), _col5 (type: int), _col6 (type: string), _col7 (type: double), _col8 (type: string)
@@ -4471,7 +4471,7 @@ STAGE PLANS:
                 outputColumnNames: _col0, _col1, _col2, _col3, _col4, _col5, _col6, _col7, _col8, _col9, _col10, _col12
                 Statistics: Num rows: 26 Data size: 16542 Basic stats: COMPLETE Column stats: COMPLETE
                 Filter Operator
-                  predicate: ((_col9 = 0) or (_col12 is null and _col5 is not null and (_col10 >= _col9))) (type: boolean)
+                  predicate: ((_col12 is null and _col5 is not null and (_col10 >= _col9)) or (_col9 = 0)) (type: boolean)
                   Statistics: Num rows: 26 Data size: 16542 Basic stats: COMPLETE Column stats: COMPLETE
                   Select Operator
                     expressions: _col0 (type: int), _col1 (type: string), _col2 (type: string), _col3 (type: string), _col4 (type: string), _col5 (type: int), _col6 (type: string), _col7 (type: double), _col8 (type: string)
diff --git a/ql/src/test/results/clientpositive/llap/subquery_null_agg.q.out b/ql/src/test/results/clientpositive/llap/subquery_null_agg.q.out
index 54954c0c95..33ebbba339 100644
--- a/ql/src/test/results/clientpositive/llap/subquery_null_agg.q.out
+++ b/ql/src/test/results/clientpositive/llap/subquery_null_agg.q.out
@@ -125,7 +125,7 @@ STAGE PLANS:
                 outputColumnNames: _col1, _col2
                 Statistics: Num rows: 1 Data size: 10 Basic stats: COMPLETE Column stats: NONE
                 Filter Operator
-                  predicate: (_col2 is null or (_col1 = 0)) (type: boolean)
+                  predicate: ((_col1 = 0) or _col2 is null) (type: boolean)
                   Statistics: Num rows: 1 Data size: 10 Basic stats: COMPLETE Column stats: NONE
                   Select Operator
                     expressions: null (type: double)
diff --git a/ql/src/test/results/clientpositive/llap/subquery_scalar.q.out b/ql/src/test/results/clientpositive/llap/subquery_scalar.q.out
index ba5ccad500..7a75a0591c 100644
--- a/ql/src/test/results/clientpositive/llap/subquery_scalar.q.out
+++ b/ql/src/test/results/clientpositive/llap/subquery_scalar.q.out
@@ -2290,7 +2290,7 @@ STAGE PLANS:
                   alias: p
                   Statistics: Num rows: 26 Data size: 3354 Basic stats: COMPLETE Column stats: COMPLETE
                   Filter Operator
-                    predicate: (p_size is not null and p_partkey is not null) (type: boolean)
+                    predicate: (p_partkey is not null and p_size is not null) (type: boolean)
                     Statistics: Num rows: 26 Data size: 3354 Basic stats: COMPLETE Column stats: COMPLETE
                     Group By Operator
                       aggregations: count(p_name)
diff --git a/ql/src/test/results/clientpositive/llap/tez_dynpart_hashjoin_1.q.out b/ql/src/test/results/clientpositive/llap/tez_dynpart_hashjoin_1.q.out
index f7f48885f3..b63b25fb13 100644
--- a/ql/src/test/results/clientpositive/llap/tez_dynpart_hashjoin_1.q.out
+++ b/ql/src/test/results/clientpositive/llap/tez_dynpart_hashjoin_1.q.out
@@ -53,7 +53,7 @@ STAGE PLANS:
                   alias: b
                   Statistics: Num rows: 12288 Data size: 3093170 Basic stats: COMPLETE Column stats: COMPLETE
                   Filter Operator
-                    predicate: (cint BETWEEN 1000000 AND 3000000 and cbigint is not null) (type: boolean)
+                    predicate: (cbigint is not null and cint BETWEEN 1000000 AND 3000000) (type: boolean)
                     Statistics: Num rows: 1019 Data size: 256780 Basic stats: COMPLETE Column stats: COMPLETE
                     Select Operator
                       expressions: ctinyint (type: tinyint), csmallint (type: smallint), cint (type: int), cbigint (type: bigint), cfloat (type: float), cdouble (type: double), cstring1 (type: string), cstring2 (type: string), ctimestamp1 (type: timestamp), ctimestamp2 (type: timestamp), cboolean1 (type: boolean), cboolean2 (type: boolean)
@@ -184,7 +184,7 @@ STAGE PLANS:
                   alias: b
                   Statistics: Num rows: 12288 Data size: 110088 Basic stats: COMPLETE Column stats: COMPLETE
                   Filter Operator
-                    predicate: (cint BETWEEN 1000000 AND 3000000 and cbigint is not null) (type: boolean)
+                    predicate: (cbigint is not null and cint BETWEEN 1000000 AND 3000000) (type: boolean)
                     Statistics: Num rows: 1019 Data size: 9144 Basic stats: COMPLETE Column stats: COMPLETE
                     Select Operator
                       expressions: cint (type: int)
@@ -313,7 +313,7 @@ STAGE PLANS:
                   alias: b
                   Statistics: Num rows: 12288 Data size: 110088 Basic stats: COMPLETE Column stats: COMPLETE
                   Filter Operator
-                    predicate: (cint BETWEEN 1000000 AND 3000000 and cbigint is not null) (type: boolean)
+                    predicate: (cbigint is not null and cint BETWEEN 1000000 AND 3000000) (type: boolean)
                     Statistics: Num rows: 1019 Data size: 9144 Basic stats: COMPLETE Column stats: COMPLETE
                     Select Operator
                       expressions: cint (type: int)
@@ -464,7 +464,7 @@ STAGE PLANS:
                   alias: b
                   Statistics: Num rows: 12288 Data size: 2641964 Basic stats: COMPLETE Column stats: NONE
                   Filter Operator
-                    predicate: (cint BETWEEN 1000000 AND 3000000 and cbigint is not null) (type: boolean)
+                    predicate: (cbigint is not null and cint BETWEEN 1000000 AND 3000000) (type: boolean)
                     Statistics: Num rows: 1365 Data size: 293479 Basic stats: COMPLETE Column stats: NONE
                     Select Operator
                       expressions: ctinyint (type: tinyint), csmallint (type: smallint), cint (type: int), cbigint (type: bigint), cfloat (type: float), cdouble (type: double), cstring1 (type: string), cstring2 (type: string), ctimestamp1 (type: timestamp), ctimestamp2 (type: timestamp), cboolean1 (type: boolean), cboolean2 (type: boolean)
@@ -598,7 +598,7 @@ STAGE PLANS:
                   alias: b
                   Statistics: Num rows: 12288 Data size: 2641964 Basic stats: COMPLETE Column stats: NONE
                   Filter Operator
-                    predicate: (cint BETWEEN 1000000 AND 3000000 and cbigint is not null) (type: boolean)
+                    predicate: (cbigint is not null and cint BETWEEN 1000000 AND 3000000) (type: boolean)
                     Statistics: Num rows: 1365 Data size: 293479 Basic stats: COMPLETE Column stats: NONE
                     Select Operator
                       expressions: cint (type: int)
@@ -730,7 +730,7 @@ STAGE PLANS:
                   alias: b
                   Statistics: Num rows: 12288 Data size: 2641964 Basic stats: COMPLETE Column stats: NONE
                   Filter Operator
-                    predicate: (cint BETWEEN 1000000 AND 3000000 and cbigint is not null) (type: boolean)
+                    predicate: (cbigint is not null and cint BETWEEN 1000000 AND 3000000) (type: boolean)
                     Statistics: Num rows: 1365 Data size: 293479 Basic stats: COMPLETE Column stats: NONE
                     Select Operator
                       expressions: cint (type: int)
diff --git a/ql/src/test/results/clientpositive/llap/tez_union_group_by.q.out b/ql/src/test/results/clientpositive/llap/tez_union_group_by.q.out
index ce871c476c..79321c1460 100644
--- a/ql/src/test/results/clientpositive/llap/tez_union_group_by.q.out
+++ b/ql/src/test/results/clientpositive/llap/tez_union_group_by.q.out
@@ -255,7 +255,7 @@ STAGE PLANS:
                   alias: x
                   Statistics: Num rows: 1 Data size: 560 Basic stats: COMPLETE Column stats: PARTIAL
                   Filter Operator
-                    predicate: (t is not null and (date >= '2014-03-04') and (date < '2014-09-03') and (u <> 0)) (type: boolean)
+                    predicate: ((date < '2014-09-03') and (date >= '2014-03-04') and (u <> 0) and t is not null) (type: boolean)
                     Statistics: Num rows: 1 Data size: 560 Basic stats: COMPLETE Column stats: PARTIAL
                     Reduce Output Operator
                       key expressions: t (type: string), st (type: string)
diff --git a/ql/src/test/results/clientpositive/llap/tez_vector_dynpart_hashjoin_1.q.out b/ql/src/test/results/clientpositive/llap/tez_vector_dynpart_hashjoin_1.q.out
index de20075775..d0a5e62d72 100644
--- a/ql/src/test/results/clientpositive/llap/tez_vector_dynpart_hashjoin_1.q.out
+++ b/ql/src/test/results/clientpositive/llap/tez_vector_dynpart_hashjoin_1.q.out
@@ -53,7 +53,7 @@ STAGE PLANS:
                   alias: b
                   Statistics: Num rows: 12288 Data size: 3093170 Basic stats: COMPLETE Column stats: COMPLETE
                   Filter Operator
-                    predicate: (cint BETWEEN 1000000 AND 3000000 and cbigint is not null) (type: boolean)
+                    predicate: (cbigint is not null and cint BETWEEN 1000000 AND 3000000) (type: boolean)
                     Statistics: Num rows: 1019 Data size: 256780 Basic stats: COMPLETE Column stats: COMPLETE
                     Select Operator
                       expressions: ctinyint (type: tinyint), csmallint (type: smallint), cint (type: int), cbigint (type: bigint), cfloat (type: float), cdouble (type: double), cstring1 (type: string), cstring2 (type: string), ctimestamp1 (type: timestamp), ctimestamp2 (type: timestamp), cboolean1 (type: boolean), cboolean2 (type: boolean)
@@ -184,7 +184,7 @@ STAGE PLANS:
                   alias: b
                   Statistics: Num rows: 12288 Data size: 110088 Basic stats: COMPLETE Column stats: COMPLETE
                   Filter Operator
-                    predicate: (cint BETWEEN 1000000 AND 3000000 and cbigint is not null) (type: boolean)
+                    predicate: (cbigint is not null and cint BETWEEN 1000000 AND 3000000) (type: boolean)
                     Statistics: Num rows: 1019 Data size: 9144 Basic stats: COMPLETE Column stats: COMPLETE
                     Select Operator
                       expressions: cint (type: int)
@@ -313,7 +313,7 @@ STAGE PLANS:
                   alias: b
                   Statistics: Num rows: 12288 Data size: 110088 Basic stats: COMPLETE Column stats: COMPLETE
                   Filter Operator
-                    predicate: (cint BETWEEN 1000000 AND 3000000 and cbigint is not null) (type: boolean)
+                    predicate: (cbigint is not null and cint BETWEEN 1000000 AND 3000000) (type: boolean)
                     Statistics: Num rows: 1019 Data size: 9144 Basic stats: COMPLETE Column stats: COMPLETE
                     Select Operator
                       expressions: cint (type: int)
@@ -464,7 +464,7 @@ STAGE PLANS:
                   alias: b
                   Statistics: Num rows: 12288 Data size: 2641964 Basic stats: COMPLETE Column stats: NONE
                   Filter Operator
-                    predicate: (cint BETWEEN 1000000 AND 3000000 and cbigint is not null) (type: boolean)
+                    predicate: (cbigint is not null and cint BETWEEN 1000000 AND 3000000) (type: boolean)
                     Statistics: Num rows: 1365 Data size: 293479 Basic stats: COMPLETE Column stats: NONE
                     Select Operator
                       expressions: ctinyint (type: tinyint), csmallint (type: smallint), cint (type: int), cbigint (type: bigint), cfloat (type: float), cdouble (type: double), cstring1 (type: string), cstring2 (type: string), ctimestamp1 (type: timestamp), ctimestamp2 (type: timestamp), cboolean1 (type: boolean), cboolean2 (type: boolean)
@@ -598,7 +598,7 @@ STAGE PLANS:
                   alias: b
                   Statistics: Num rows: 12288 Data size: 2641964 Basic stats: COMPLETE Column stats: NONE
                   Filter Operator
-                    predicate: (cint BETWEEN 1000000 AND 3000000 and cbigint is not null) (type: boolean)
+                    predicate: (cbigint is not null and cint BETWEEN 1000000 AND 3000000) (type: boolean)
                     Statistics: Num rows: 1365 Data size: 293479 Basic stats: COMPLETE Column stats: NONE
                     Select Operator
                       expressions: cint (type: int)
@@ -730,7 +730,7 @@ STAGE PLANS:
                   alias: b
                   Statistics: Num rows: 12288 Data size: 2641964 Basic stats: COMPLETE Column stats: NONE
                   Filter Operator
-                    predicate: (cint BETWEEN 1000000 AND 3000000 and cbigint is not null) (type: boolean)
+                    predicate: (cbigint is not null and cint BETWEEN 1000000 AND 3000000) (type: boolean)
                     Statistics: Num rows: 1365 Data size: 293479 Basic stats: COMPLETE Column stats: NONE
                     Select Operator
                       expressions: cint (type: int)
diff --git a/ql/src/test/results/clientpositive/llap/vector_date_1.q.out b/ql/src/test/results/clientpositive/llap/vector_date_1.q.out
index 2397268e15..610e9bbfae 100644
--- a/ql/src/test/results/clientpositive/llap/vector_date_1.q.out
+++ b/ql/src/test/results/clientpositive/llap/vector_date_1.q.out
@@ -530,7 +530,7 @@ STAGE PLANS:
                   alias: vector_date_1
                   Statistics: Num rows: 3 Data size: 336 Basic stats: COMPLETE Column stats: NONE
                   Filter Operator
-                    predicate: ((dt1 = dt1) and (dt1 <> dt2) and (dt1 < dt2) and (dt1 <= dt2) and (dt2 > dt1) and (dt2 >= dt1)) (type: boolean)
+                    predicate: ((dt1 < dt2) and (dt1 <= dt2) and (dt1 <> dt2) and (dt1 = dt1) and (dt2 > dt1) and (dt2 >= dt1)) (type: boolean)
                     Statistics: Num rows: 1 Data size: 112 Basic stats: COMPLETE Column stats: NONE
                     Select Operator
                       expressions: dt1 (type: date), dt2 (type: date)
@@ -639,7 +639,7 @@ STAGE PLANS:
                   alias: vector_date_1
                   Statistics: Num rows: 3 Data size: 336 Basic stats: COMPLETE Column stats: NONE
                   Filter Operator
-                    predicate: ((2001-01-01 = dt1) and (dt1 <> 1970-01-01) and (1970-01-01 <> dt1)) (type: boolean)
+                    predicate: ((1970-01-01 <> dt1) and (2001-01-01 = dt1) and (dt1 <> 1970-01-01)) (type: boolean)
                     Statistics: Num rows: 3 Data size: 336 Basic stats: COMPLETE Column stats: NONE
                     Select Operator
                       expressions: 2001-01-01 (type: date), dt2 (type: date)
diff --git a/ql/src/test/results/clientpositive/llap/vector_decimal_cast.q.out b/ql/src/test/results/clientpositive/llap/vector_decimal_cast.q.out
index 8fc23c486f..8b9235abfa 100644
--- a/ql/src/test/results/clientpositive/llap/vector_decimal_cast.q.out
+++ b/ql/src/test/results/clientpositive/llap/vector_decimal_cast.q.out
@@ -28,7 +28,7 @@ STAGE PLANS:
                         className: VectorFilterOperator
                         native: true
                         predicateExpression: FilterExprAndExpr(children: SelectColumnIsNotNull(col 5) -> boolean, SelectColumnIsNotNull(col 2) -> boolean, SelectColumnIsNotNull(col 10) -> boolean, SelectColumnIsNotNull(col 8) -> boolean) -> boolean
-                    predicate: (cdouble is not null and cint is not null and cboolean1 is not null and ctimestamp1 is not null) (type: boolean)
+                    predicate: (cboolean1 is not null and cdouble is not null and cint is not null and ctimestamp1 is not null) (type: boolean)
                     Statistics: Num rows: 2945 Data size: 152996 Basic stats: COMPLETE Column stats: COMPLETE
                     Select Operator
                       expressions: cdouble (type: double), cint (type: int), cboolean1 (type: boolean), ctimestamp1 (type: timestamp), CAST( cdouble AS decimal(20,10)) (type: decimal(20,10)), CAST( cint AS decimal(23,14)) (type: decimal(23,14)), CAST( cboolean1 AS decimal(5,2)) (type: decimal(5,2)), CAST( ctimestamp1 AS decimal(15,0)) (type: decimal(15,0))
diff --git a/ql/src/test/results/clientpositive/llap/vector_decimal_expressions.q.out b/ql/src/test/results/clientpositive/llap/vector_decimal_expressions.q.out
index d8e9160f49..c644c846b0 100644
--- a/ql/src/test/results/clientpositive/llap/vector_decimal_expressions.q.out
+++ b/ql/src/test/results/clientpositive/llap/vector_decimal_expressions.q.out
@@ -48,7 +48,7 @@ STAGE PLANS:
                         className: VectorFilterOperator
                         native: true
                         predicateExpression: FilterExprAndExpr(children: FilterDecimalColGreaterDecimalScalar(col 1, val 0) -> boolean, FilterDecimalColLessDecimalScalar(col 1, val 12345.5678) -> boolean, FilterDecimalColNotEqualDecimalScalar(col 2, val 0) -> boolean, FilterDecimalColGreaterDecimalScalar(col 2, val 1000) -> boolean, SelectColumnIsNotNull(col 0) -> boolean) -> boolean
-                    predicate: ((cdecimal1 > 0) and (cdecimal1 < 12345.5678) and (cdecimal2 <> 0) and (cdecimal2 > 1000) and cdouble is not null) (type: boolean)
+                    predicate: ((cdecimal1 < 12345.5678) and (cdecimal1 > 0) and (cdecimal2 <> 0) and (cdecimal2 > 1000) and cdouble is not null) (type: boolean)
                     Statistics: Num rows: 455 Data size: 100294 Basic stats: COMPLETE Column stats: NONE
                     Select Operator
                       expressions: (cdecimal1 + cdecimal2) (type: decimal(25,14)), (cdecimal1 - (2 * cdecimal2)) (type: decimal(26,14)), ((cdecimal1 + 2.34) / cdecimal2) (type: decimal(38,13)), (cdecimal1 * (cdecimal2 / 3.4)) (type: decimal(38,17)), (cdecimal1 % 10) (type: decimal(12,10)), UDFToInteger(cdecimal1) (type: int), UDFToShort(cdecimal2) (type: smallint), UDFToByte(cdecimal2) (type: tinyint), UDFToLong(cdecimal1) (type: bigint), UDFToBoolean(cdecimal1) (type: boolean), UDFToDouble(cdecimal2) (type: double), UDFToFloat(cdecimal1) (type: float), UDFToString(cdecimal2) (type: string), CAST( cdecimal1 AS TIMESTAMP) (type: timestamp)
diff --git a/ql/src/test/results/clientpositive/llap/vector_groupby_grouping_sets_grouping.q.out b/ql/src/test/results/clientpositive/llap/vector_groupby_grouping_sets_grouping.q.out
index f7d69250d8..ddc1d7be7b 100644
--- a/ql/src/test/results/clientpositive/llap/vector_groupby_grouping_sets_grouping.q.out
+++ b/ql/src/test/results/clientpositive/llap/vector_groupby_grouping_sets_grouping.q.out
@@ -374,7 +374,7 @@ STAGE PLANS:
                 outputColumnNames: _col0, _col1, _col2
                 Statistics: Num rows: 12 Data size: 96 Basic stats: COMPLETE Column stats: NONE
                 Filter Operator
-                  predicate: ((grouping(_col2, 1) = 1) or (grouping(_col2, 0) = 1)) (type: boolean)
+                  predicate: ((grouping(_col2, 0) = 1) or (grouping(_col2, 1) = 1)) (type: boolean)
                   Statistics: Num rows: 12 Data size: 96 Basic stats: COMPLETE Column stats: NONE
                   Select Operator
                     expressions: _col0 (type: int), _col1 (type: int), (grouping(_col2, 1) + grouping(_col2, 0)) (type: int), CASE WHEN (((grouping(_col2, 1) + grouping(_col2, 0)) = 1)) THEN (_col0) ELSE (null) END (type: int)
@@ -762,7 +762,7 @@ STAGE PLANS:
                       outputColumnNames: _col0, _col1, _col2
                       Statistics: Num rows: 24 Data size: 192 Basic stats: COMPLETE Column stats: NONE
                       Filter Operator
-                        predicate: ((grouping(_col2, 1) = 1) or (grouping(_col2, 0) = 1)) (type: boolean)
+                        predicate: ((grouping(_col2, 0) = 1) or (grouping(_col2, 1) = 1)) (type: boolean)
                         Statistics: Num rows: 24 Data size: 192 Basic stats: COMPLETE Column stats: NONE
                         Reduce Output Operator
                           key expressions: _col0 (type: int), _col1 (type: int), _col2 (type: int)
diff --git a/ql/src/test/results/clientpositive/llap/vector_interval_2.q.out b/ql/src/test/results/clientpositive/llap/vector_interval_2.q.out
index ac40ca32d0..f92c53efcb 100644
--- a/ql/src/test/results/clientpositive/llap/vector_interval_2.q.out
+++ b/ql/src/test/results/clientpositive/llap/vector_interval_2.q.out
@@ -949,7 +949,7 @@ STAGE PLANS:
                         className: VectorFilterOperator
                         native: true
                         predicateExpression: FilterExprAndExpr(children: FilterLongColEqualLongColumn(col 6, col 7)(children: CastStringToIntervalYearMonth(col 2) -> 6:interval_year_month, CastStringToIntervalYearMonth(col 2) -> 7:interval_year_month) -> boolean, FilterLongColNotEqualLongColumn(col 6, col 7)(children: CastStringToIntervalYearMonth(col 2) -> 6:interval_year_month, CastStringToIntervalYearMonth(col 3) -> 7:interval_year_month) -> boolean, FilterLongColLessEqualLongColumn(col 6, col 7)(children: CastStringToIntervalYearMonth(col 2) -> 6:interval_year_month, CastStringToIntervalYearMonth(col 3) -> 7:interval_year_month) -> boolean, FilterLongColLessLongColumn(col 6, col 7)(children: CastStringToIntervalYearMonth(col 2) -> 6:interval_year_month, CastStringToIntervalYearMonth(col 3) -> 7:interval_year_month) -> boolean, FilterLongColGreaterEqualLongColumn(col 6, col 7)(children: CastStringToIntervalYearMonth(col 3) -> 6:interval_year_month, CastStringToIntervalYearMonth(col 2) -> 7:interval_year_month) -> boolean, FilterLongColGreaterLongColumn(col 6, col 7)(children: CastStringToIntervalYearMonth(col 3) -> 6:interval_year_month, CastStringToIntervalYearMonth(col 2) -> 7:interval_year_month) -> boolean, FilterIntervalYearMonthColEqualIntervalYearMonthScalar(col 6, val 14)(children: CastStringToIntervalYearMonth(col 2) -> 6:interval_year_month) -> boolean, FilterIntervalYearMonthColNotEqualIntervalYearMonthScalar(col 6, val 15)(children: CastStringToIntervalYearMonth(col 2) -> 6:interval_year_month) -> boolean, FilterIntervalYearMonthColLessEqualIntervalYearMonthScalar(col 6, val 15)(children: CastStringToIntervalYearMonth(col 2) -> 6:interval_year_month) -> boolean, FilterIntervalYearMonthColLessIntervalYearMonthScalar(col 6, val 15)(children: CastStringToIntervalYearMonth(col 2) -> 6:interval_year_month) -> boolean, FilterIntervalYearMonthColGreaterEqualIntervalYearMonthScalar(col 6, val 14)(children: CastStringToIntervalYearMonth(col 3) -> 6:interval_year_month) -> boolean, FilterIntervalYearMonthColGreaterIntervalYearMonthScalar(col 6, val 14)(children: CastStringToIntervalYearMonth(col 3) -> 6:interval_year_month) -> boolean, FilterIntervalYearMonthScalarEqualIntervalYearMonthColumn(val 14, col 6)(children: CastStringToIntervalYearMonth(col 2) -> 6:interval_year_month) -> boolean, FilterIntervalYearMonthScalarNotEqualIntervalYearMonthColumn(val 14, col 6)(children: CastStringToIntervalYearMonth(col 3) -> 6:interval_year_month) -> boolean, FilterIntervalYearMonthScalarLessEqualIntervalYearMonthColumn(val 14, col 6)(children: CastStringToIntervalYearMonth(col 3) -> 6:interval_year_month) -> boolean, FilterIntervalYearMonthScalarLessIntervalYearMonthColumn(val 14, col 6)(children: CastStringToIntervalYearMonth(col 3) -> 6:interval_year_month) -> boolean, FilterIntervalYearMonthScalarGreaterEqualIntervalYearMonthColumn(val 15, col 6)(children: CastStringToIntervalYearMonth(col 2) -> 6:interval_year_month) -> boolean, FilterIntervalYearMonthScalarGreaterIntervalYearMonthColumn(val 15, col 6)(children: CastStringToIntervalYearMonth(col 2) -> 6:interval_year_month) -> boolean) -> boolean
-                    predicate: ((CAST( str1 AS INTERVAL YEAR TO MONTH) = CAST( str1 AS INTERVAL YEAR TO MONTH)) and (CAST( str1 AS INTERVAL YEAR TO MONTH) <> CAST( str2 AS INTERVAL YEAR TO MONTH)) and (CAST( str1 AS INTERVAL YEAR TO MONTH) <= CAST( str2 AS INTERVAL YEAR TO MONTH)) and (CAST( str1 AS INTERVAL YEAR TO MONTH) < CAST( str2 AS INTERVAL YEAR TO MONTH)) and (CAST( str2 AS INTERVAL YEAR TO MONTH) >= CAST( str1 AS INTERVAL YEAR TO MONTH)) and (CAST( str2 AS INTERVAL YEAR TO MONTH) > CAST( str1 AS INTERVAL YEAR TO MONTH)) and (CAST( str1 AS INTERVAL YEAR TO MONTH) = 1-2) and (CAST( str1 AS INTERVAL YEAR TO MONTH) <> 1-3) and (CAST( str1 AS INTERVAL YEAR TO MONTH) <= 1-3) and (CAST( str1 AS INTERVAL YEAR TO MONTH) < 1-3) and (CAST( str2 AS INTERVAL YEAR TO MONTH) >= 1-2) and (CAST( str2 AS INTERVAL YEAR TO MONTH) > 1-2) and (1-2 = CAST( str1 AS INTERVAL YEAR TO MONTH)) and (1-2 <> CAST( str2 AS INTERVAL YEAR TO MONTH)) and (1-2 <= CAST( str2 AS INTERVAL YEAR TO MONTH)) and (1-2 < CAST( str2 AS INTERVAL YEAR TO MONTH)) and (1-3 >= CAST( str1 AS INTERVAL YEAR TO MONTH)) and (1-3 > CAST( str1 AS INTERVAL YEAR TO MONTH))) (type: boolean)
+                    predicate: ((1-2 < CAST( str2 AS INTERVAL YEAR TO MONTH)) and (1-2 <= CAST( str2 AS INTERVAL YEAR TO MONTH)) and (1-2 <> CAST( str2 AS INTERVAL YEAR TO MONTH)) and (1-2 = CAST( str1 AS INTERVAL YEAR TO MONTH)) and (1-3 > CAST( str1 AS INTERVAL YEAR TO MONTH)) and (1-3 >= CAST( str1 AS INTERVAL YEAR TO MONTH)) and (CAST( str1 AS INTERVAL YEAR TO MONTH) < 1-3) and (CAST( str1 AS INTERVAL YEAR TO MONTH) < CAST( str2 AS INTERVAL YEAR TO MONTH)) and (CAST( str1 AS INTERVAL YEAR TO MONTH) <= 1-3) and (CAST( str1 AS INTERVAL YEAR TO MONTH) <= CAST( str2 AS INTERVAL YEAR TO MONTH)) and (CAST( str1 AS INTERVAL YEAR TO MONTH) <> 1-3) and (CAST( str1 AS INTERVAL YEAR TO MONTH) <> CAST( str2 AS INTERVAL YEAR TO MONTH)) and (CAST( str1 AS INTERVAL YEAR TO MONTH) = 1-2) and (CAST( str1 AS INTERVAL YEAR TO MONTH) = CAST( str1 AS INTERVAL YEAR TO MONTH)) and (CAST( str2 AS INTERVAL YEAR TO MONTH) > 1-2) and (CAST( str2 AS INTERVAL YEAR TO MONTH) > CAST( str1 AS INTERVAL YEAR TO MONTH)) and (CAST( str2 AS INTERVAL YEAR TO MONTH) >= 1-2) and (CAST( str2 AS INTERVAL YEAR TO MONTH) >= CAST( str1 AS INTERVAL YEAR TO MONTH))) (type: boolean)
                     Statistics: Num rows: 1 Data size: 408 Basic stats: COMPLETE Column stats: NONE
                     Select Operator
                       expressions: ts (type: timestamp)
@@ -1144,7 +1144,7 @@ STAGE PLANS:
                         className: VectorFilterOperator
                         native: true
                         predicateExpression: FilterExprAndExpr(children: FilterIntervalDayTimeColEqualIntervalDayTimeColumn(col 6, col 7)(children: CastStringToIntervalDayTime(col 4) -> 6:interval_day_time, CastStringToIntervalDayTime(col 4) -> 7:interval_day_time) -> boolean, FilterIntervalDayTimeColNotEqualIntervalDayTimeColumn(col 6, col 7)(children: CastStringToIntervalDayTime(col 4) -> 6:interval_day_time, CastStringToIntervalDayTime(col 5) -> 7:interval_day_time) -> boolean, FilterIntervalDayTimeColLessEqualIntervalDayTimeColumn(col 6, col 7)(children: CastStringToIntervalDayTime(col 4) -> 6:interval_day_time, CastStringToIntervalDayTime(col 5) -> 7:interval_day_time) -> boolean, FilterIntervalDayTimeColLessIntervalDayTimeColumn(col 6, col 7)(children: CastStringToIntervalDayTime(col 4) -> 6:interval_day_time, CastStringToIntervalDayTime(col 5) -> 7:interval_day_time) -> boolean, FilterIntervalDayTimeColGreaterEqualIntervalDayTimeColumn(col 6, col 7)(children: CastStringToIntervalDayTime(col 5) -> 6:interval_day_time, CastStringToIntervalDayTime(col 4) -> 7:interval_day_time) -> boolean, FilterIntervalDayTimeColGreaterIntervalDayTimeColumn(col 6, col 7)(children: CastStringToIntervalDayTime(col 5) -> 6:interval_day_time, CastStringToIntervalDayTime(col 4) -> 7:interval_day_time) -> boolean, FilterIntervalDayTimeColEqualIntervalDayTimeScalar(col 6, val 1 02:03:04.000000000)(children: CastStringToIntervalDayTime(col 4) -> 6:interval_day_time) -> boolean, FilterIntervalDayTimeColNotEqualIntervalDayTimeScalar(col 6, val 1 02:03:05.000000000)(children: CastStringToIntervalDayTime(col 4) -> 6:interval_day_time) -> boolean, FilterIntervalDayTimeColLessEqualIntervalDayTimeScalar(col 6, val 1 02:03:05.000000000)(children: CastStringToIntervalDayTime(col 4) -> 6:interval_day_time) -> boolean, FilterIntervalDayTimeColLessIntervalDayTimeScalar(col 6, val 1 02:03:05.000000000)(children: CastStringToIntervalDayTime(col 4) -> 6:interval_day_time) -> boolean, FilterIntervalDayTimeColGreaterEqualIntervalDayTimeScalar(col 6, val 1 02:03:04.000000000)(children: CastStringToIntervalDayTime(col 5) -> 6:interval_day_time) -> boolean, FilterIntervalDayTimeColGreaterIntervalDayTimeScalar(col 6, val 1 02:03:04.000000000)(children: CastStringToIntervalDayTime(col 5) -> 6:interval_day_time) -> boolean, FilterIntervalDayTimeScalarEqualIntervalDayTimeColumn(val 1 02:03:04.000000000, col 6)(children: CastStringToIntervalDayTime(col 4) -> 6:interval_day_time) -> boolean, FilterIntervalDayTimeScalarNotEqualIntervalDayTimeColumn(val 1 02:03:04.000000000, col 6)(children: CastStringToIntervalDayTime(col 5) -> 6:interval_day_time) -> boolean, FilterIntervalDayTimeScalarLessEqualIntervalDayTimeColumn(val 1 02:03:04.000000000, col 6)(children: CastStringToIntervalDayTime(col 5) -> 6:interval_day_time) -> boolean, FilterIntervalDayTimeScalarLessIntervalDayTimeColumn(val 1 02:03:04.000000000, col 6)(children: CastStringToIntervalDayTime(col 5) -> 6:interval_day_time) -> boolean, FilterIntervalDayTimeScalarGreaterEqualIntervalDayTimeColumn(val 1 02:03:05.000000000, col 6)(children: CastStringToIntervalDayTime(col 4) -> 6:interval_day_time) -> boolean, FilterIntervalDayTimeScalarGreaterIntervalDayTimeColumn(val 1 02:03:05.000000000, col 6)(children: CastStringToIntervalDayTime(col 4) -> 6:interval_day_time) -> boolean) -> boolean
-                    predicate: ((CAST( str3 AS INTERVAL DAY TO SECOND) = CAST( str3 AS INTERVAL DAY TO SECOND)) and (CAST( str3 AS INTERVAL DAY TO SECOND) <> CAST( str4 AS INTERVAL DAY TO SECOND)) and (CAST( str3 AS INTERVAL DAY TO SECOND) <= CAST( str4 AS INTERVAL DAY TO SECOND)) and (CAST( str3 AS INTERVAL DAY TO SECOND) < CAST( str4 AS INTERVAL DAY TO SECOND)) and (CAST( str4 AS INTERVAL DAY TO SECOND) >= CAST( str3 AS INTERVAL DAY TO SECOND)) and (CAST( str4 AS INTERVAL DAY TO SECOND) > CAST( str3 AS INTERVAL DAY TO SECOND)) and (CAST( str3 AS INTERVAL DAY TO SECOND) = 1 02:03:04.000000000) and (CAST( str3 AS INTERVAL DAY TO SECOND) <> 1 02:03:05.000000000) and (CAST( str3 AS INTERVAL DAY TO SECOND) <= 1 02:03:05.000000000) and (CAST( str3 AS INTERVAL DAY TO SECOND) < 1 02:03:05.000000000) and (CAST( str4 AS INTERVAL DAY TO SECOND) >= 1 02:03:04.000000000) and (CAST( str4 AS INTERVAL DAY TO SECOND) > 1 02:03:04.000000000) and (1 02:03:04.000000000 = CAST( str3 AS INTERVAL DAY TO SECOND)) and (1 02:03:04.000000000 <> CAST( str4 AS INTERVAL DAY TO SECOND)) and (1 02:03:04.000000000 <= CAST( str4 AS INTERVAL DAY TO SECOND)) and (1 02:03:04.000000000 < CAST( str4 AS INTERVAL DAY TO SECOND)) and (1 02:03:05.000000000 >= CAST( str3 AS INTERVAL DAY TO SECOND)) and (1 02:03:05.000000000 > CAST( str3 AS INTERVAL DAY TO SECOND))) (type: boolean)
+                    predicate: ((1 02:03:04.000000000 < CAST( str4 AS INTERVAL DAY TO SECOND)) and (1 02:03:04.000000000 <= CAST( str4 AS INTERVAL DAY TO SECOND)) and (1 02:03:04.000000000 <> CAST( str4 AS INTERVAL DAY TO SECOND)) and (1 02:03:04.000000000 = CAST( str3 AS INTERVAL DAY TO SECOND)) and (1 02:03:05.000000000 > CAST( str3 AS INTERVAL DAY TO SECOND)) and (1 02:03:05.000000000 >= CAST( str3 AS INTERVAL DAY TO SECOND)) and (CAST( str3 AS INTERVAL DAY TO SECOND) < 1 02:03:05.000000000) and (CAST( str3 AS INTERVAL DAY TO SECOND) < CAST( str4 AS INTERVAL DAY TO SECOND)) and (CAST( str3 AS INTERVAL DAY TO SECOND) <= 1 02:03:05.000000000) and (CAST( str3 AS INTERVAL DAY TO SECOND) <= CAST( str4 AS INTERVAL DAY TO SECOND)) and (CAST( str3 AS INTERVAL DAY TO SECOND) <> 1 02:03:05.000000000) and (CAST( str3 AS INTERVAL DAY TO SECOND) <> CAST( str4 AS INTERVAL DAY TO SECOND)) and (CAST( str3 AS INTERVAL DAY TO SECOND) = 1 02:03:04.000000000) and (CAST( str3 AS INTERVAL DAY TO SECOND) = CAST( str3 AS INTERVAL DAY TO SECOND)) and (CAST( str4 AS INTERVAL DAY TO SECOND) > 1 02:03:04.000000000) and (CAST( str4 AS INTERVAL DAY TO SECOND) > CAST( str3 AS INTERVAL DAY TO SECOND)) and (CAST( str4 AS INTERVAL DAY TO SECOND) >= 1 02:03:04.000000000) and (CAST( str4 AS INTERVAL DAY TO SECOND) >= CAST( str3 AS INTERVAL DAY TO SECOND))) (type: boolean)
                     Statistics: Num rows: 1 Data size: 408 Basic stats: COMPLETE Column stats: NONE
                     Select Operator
                       expressions: ts (type: timestamp)
@@ -1329,7 +1329,7 @@ STAGE PLANS:
                         className: VectorFilterOperator
                         native: true
                         predicateExpression: FilterExprAndExpr(children: FilterDateScalarEqualDateColumn(val 11747, col 7)(children: DateColAddIntervalYearMonthColumn(col 1, col 6)(children: CastStringToIntervalYearMonth(col 2) -> 6:interval_year_month) -> 7:long) -> boolean, FilterDateScalarLessEqualDateColumn(val 11747, col 7)(children: DateColAddIntervalYearMonthColumn(col 1, col 6)(children: CastStringToIntervalYearMonth(col 2) -> 6:interval_year_month) -> 7:long) -> boolean, FilterDateScalarGreaterEqualDateColumn(val 11747, col 7)(children: DateColAddIntervalYearMonthColumn(col 1, col 6)(children: CastStringToIntervalYearMonth(col 2) -> 6:interval_year_month) -> 7:long) -> boolean, FilterDateColEqualDateScalar(col 7, val 11747)(children: DateColAddIntervalYearMonthColumn(col 1, col 6)(children: CastStringToIntervalYearMonth(col 2) -> 6:interval_year_month) -> 7:long) -> boolean, FilterDateColLessEqualDateScalar(col 7, val 11747)(children: DateColAddIntervalYearMonthColumn(col 1, col 6)(children: CastStringToIntervalYearMonth(col 2) -> 6:interval_year_month) -> 7:long) -> boolean, FilterDateColGreaterEqualDateScalar(col 7, val 11747)(children: DateColAddIntervalYearMonthColumn(col 1, col 6)(children: CastStringToIntervalYearMonth(col 2) -> 6:interval_year_month) -> 7:long) -> boolean, FilterLongColNotEqualLongColumn(col 1, col 7)(children: DateColAddIntervalYearMonthColumn(col 1, col 6)(children: CastStringToIntervalYearMonth(col 2) -> 6:interval_year_month) -> 7:long) -> boolean, FilterDateScalarEqualDateColumn(val 11747, col 6)(children: DateColAddIntervalYearMonthScalar(col 1, val 1-2) -> 6:long) -> boolean, FilterDateScalarLessEqualDateColumn(val 11747, col 6)(children: DateColAddIntervalYearMonthScalar(col 1, val 1-2) -> 6:long) -> boolean, FilterDateScalarGreaterEqualDateColumn(val 11747, col 6)(children: DateColAddIntervalYearMonthScalar(col 1, val 1-2) -> 6:long) -> boolean, FilterDateColEqualDateScalar(col 6, val 11747)(children: DateColAddIntervalYearMonthScalar(col 1, val 1-2) -> 6:long) -> boolean, FilterDateColLessEqualDateScalar(col 6, val 11747)(children: DateColAddIntervalYearMonthScalar(col 1, val 1-2) -> 6:long) -> boolean, FilterDateColGreaterEqualDateScalar(col 6, val 11747)(children: DateColAddIntervalYearMonthScalar(col 1, val 1-2) -> 6:long) -> boolean, FilterLongColNotEqualLongColumn(col 1, col 6)(children: DateColAddIntervalYearMonthScalar(col 1, val 1-2) -> 6:long) -> boolean) -> boolean
-                    predicate: ((2002-03-01 = (dt + CAST( str1 AS INTERVAL YEAR TO MONTH))) and (2002-03-01 <= (dt + CAST( str1 AS INTERVAL YEAR TO MONTH))) and (2002-03-01 >= (dt + CAST( str1 AS INTERVAL YEAR TO MONTH))) and ((dt + CAST( str1 AS INTERVAL YEAR TO MONTH)) = 2002-03-01) and ((dt + CAST( str1 AS INTERVAL YEAR TO MONTH)) <= 2002-03-01) and ((dt + CAST( str1 AS INTERVAL YEAR TO MONTH)) >= 2002-03-01) and (dt <> (dt + CAST( str1 AS INTERVAL YEAR TO MONTH))) and (2002-03-01 = (dt + 1-2)) and (2002-03-01 <= (dt + 1-2)) and (2002-03-01 >= (dt + 1-2)) and ((dt + 1-2) = 2002-03-01) and ((dt + 1-2) <= 2002-03-01) and ((dt + 1-2) >= 2002-03-01) and (dt <> (dt + 1-2))) (type: boolean)
+                    predicate: (((dt + 1-2) <= 2002-03-01) and ((dt + 1-2) = 2002-03-01) and ((dt + 1-2) >= 2002-03-01) and ((dt + CAST( str1 AS INTERVAL YEAR TO MONTH)) <= 2002-03-01) and ((dt + CAST( str1 AS INTERVAL YEAR TO MONTH)) = 2002-03-01) and ((dt + CAST( str1 AS INTERVAL YEAR TO MONTH)) >= 2002-03-01) and (2002-03-01 <= (dt + 1-2)) and (2002-03-01 <= (dt + CAST( str1 AS INTERVAL YEAR TO MONTH))) and (2002-03-01 = (dt + 1-2)) and (2002-03-01 = (dt + CAST( str1 AS INTERVAL YEAR TO MONTH))) and (2002-03-01 >= (dt + 1-2)) and (2002-03-01 >= (dt + CAST( str1 AS INTERVAL YEAR TO MONTH))) and (dt <> (dt + 1-2)) and (dt <> (dt + CAST( str1 AS INTERVAL YEAR TO MONTH)))) (type: boolean)
                     Statistics: Num rows: 1 Data size: 280 Basic stats: COMPLETE Column stats: NONE
                     Select Operator
                       expressions: ts (type: timestamp)
@@ -1514,7 +1514,7 @@ STAGE PLANS:
                         className: VectorFilterOperator
                         native: true
                         predicateExpression: FilterExprAndExpr(children: FilterTimestampScalarEqualTimestampColumn(val 2002-03-01 01:02:03.0, col 6)(children: TimestampColAddIntervalYearMonthScalar(col 0, val 1-2) -> 6:timestamp) -> boolean, FilterTimestampScalarLessEqualTimestampColumn(val 2002-03-01 01:02:03.0, col 6)(children: TimestampColAddIntervalYearMonthScalar(col 0, val 1-2) -> 6:timestamp) -> boolean, FilterTimestampScalarGreaterEqualTimestampColumn(val 2002-03-01 01:02:03.0, col 6)(children: TimestampColAddIntervalYearMonthScalar(col 0, val 1-2) -> 6:timestamp) -> boolean, FilterTimestampScalarNotEqualTimestampColumn(val 2002-04-01 01:02:03.0, col 6)(children: TimestampColAddIntervalYearMonthScalar(col 0, val 1-2) -> 6:timestamp) -> boolean, FilterTimestampScalarLessTimestampColumn(val 2002-02-01 01:02:03.0, col 6)(children: TimestampColAddIntervalYearMonthScalar(col 0, val 1-2) -> 6:timestamp) -> boolean, FilterTimestampScalarGreaterTimestampColumn(val 2002-04-01 01:02:03.0, col 6)(children: TimestampColAddIntervalYearMonthScalar(col 0, val 1-2) -> 6:timestamp) -> boolean, FilterTimestampColEqualTimestampScalar(col 6, val 2002-03-01 01:02:03.0)(children: TimestampColAddIntervalYearMonthScalar(col 0, val 1-2) -> 6:timestamp) -> boolean, FilterTimestampColGreaterEqualTimestampScalar(col 6, val 2002-03-01 01:02:03.0)(children: TimestampColAddIntervalYearMonthScalar(col 0, val 1-2) -> 6:timestamp) -> boolean, FilterTimestampColLessEqualTimestampScalar(col 6, val 2002-03-01 01:02:03.0)(children: TimestampColAddIntervalYearMonthScalar(col 0, val 1-2) -> 6:timestamp) -> boolean, FilterTimestampColNotEqualTimestampScalar(col 6, val 2002-04-01 01:02:03.0)(children: TimestampColAddIntervalYearMonthScalar(col 0, val 1-2) -> 6:timestamp) -> boolean, FilterTimestampColGreaterTimestampScalar(col 6, val 2002-02-01 01:02:03.0)(children: TimestampColAddIntervalYearMonthScalar(col 0, val 1-2) -> 6:timestamp) -> boolean, FilterTimestampColLessTimestampScalar(col 6, val 2002-04-01 01:02:03.0)(children: TimestampColAddIntervalYearMonthScalar(col 0, val 1-2) -> 6:timestamp) -> boolean, FilterTimestampColEqualTimestampColumn(col 0, col 6)(children: TimestampColAddIntervalYearMonthScalar(col 0, val 0-0) -> 6:timestamp) -> boolean, FilterTimestampColNotEqualTimestampColumn(col 0, col 6)(children: TimestampColAddIntervalYearMonthScalar(col 0, val 1-0) -> 6:timestamp) -> boolean, FilterTimestampColLessEqualTimestampColumn(col 0, col 6)(children: TimestampColAddIntervalYearMonthScalar(col 0, val 1-0) -> 6:timestamp) -> boolean, FilterTimestampColLessTimestampColumn(col 0, col 6)(children: TimestampColAddIntervalYearMonthScalar(col 0, val 1-0) -> 6:timestamp) -> boolean, FilterTimestampColGreaterEqualTimestampColumn(col 0, col 6)(children: TimestampColSubtractIntervalYearMonthScalar(col 0, val 1-0) -> 6:timestamp) -> boolean, FilterTimestampColGreaterTimestampColumn(col 0, col 6)(children: TimestampColSubtractIntervalYearMonthScalar(col 0, val 1-0) -> 6:timestamp) -> boolean) -> boolean
-                    predicate: ((2002-03-01 01:02:03.0 = (ts + 1-2)) and (2002-03-01 01:02:03.0 <= (ts + 1-2)) and (2002-03-01 01:02:03.0 >= (ts + 1-2)) and (2002-04-01 01:02:03.0 <> (ts + 1-2)) and (2002-02-01 01:02:03.0 < (ts + 1-2)) and (2002-04-01 01:02:03.0 > (ts + 1-2)) and ((ts + 1-2) = 2002-03-01 01:02:03.0) and ((ts + 1-2) >= 2002-03-01 01:02:03.0) and ((ts + 1-2) <= 2002-03-01 01:02:03.0) and ((ts + 1-2) <> 2002-04-01 01:02:03.0) and ((ts + 1-2) > 2002-02-01 01:02:03.0) and ((ts + 1-2) < 2002-04-01 01:02:03.0) and (ts = (ts + 0-0)) and (ts <> (ts + 1-0)) and (ts <= (ts + 1-0)) and (ts < (ts + 1-0)) and (ts >= (ts - 1-0)) and (ts > (ts - 1-0))) (type: boolean)
+                    predicate: (((ts + 1-2) < 2002-04-01 01:02:03.0) and ((ts + 1-2) <= 2002-03-01 01:02:03.0) and ((ts + 1-2) <> 2002-04-01 01:02:03.0) and ((ts + 1-2) = 2002-03-01 01:02:03.0) and ((ts + 1-2) > 2002-02-01 01:02:03.0) and ((ts + 1-2) >= 2002-03-01 01:02:03.0) and (2002-02-01 01:02:03.0 < (ts + 1-2)) and (2002-03-01 01:02:03.0 <= (ts + 1-2)) and (2002-03-01 01:02:03.0 = (ts + 1-2)) and (2002-03-01 01:02:03.0 >= (ts + 1-2)) and (2002-04-01 01:02:03.0 <> (ts + 1-2)) and (2002-04-01 01:02:03.0 > (ts + 1-2)) and (ts < (ts + 1-0)) and (ts <= (ts + 1-0)) and (ts <> (ts + 1-0)) and (ts = (ts + 0-0)) and (ts > (ts - 1-0)) and (ts >= (ts - 1-0))) (type: boolean)
                     Statistics: Num rows: 1 Data size: 40 Basic stats: COMPLETE Column stats: NONE
                     Select Operator
                       expressions: ts (type: timestamp)
@@ -1709,7 +1709,7 @@ STAGE PLANS:
                         className: VectorFilterOperator
                         native: true
                         predicateExpression: FilterExprAndExpr(children: FilterTimestampScalarEqualTimestampColumn(val 2001-01-01 01:02:03.0, col 6)(children: DateColAddIntervalDayTimeScalar(col 1, val 0 01:02:03.000000000) -> 6:timestamp) -> boolean, FilterTimestampScalarNotEqualTimestampColumn(val 2001-01-01 01:02:03.0, col 6)(children: DateColAddIntervalDayTimeScalar(col 1, val 0 01:02:04.000000000) -> 6:timestamp) -> boolean, FilterTimestampScalarLessEqualTimestampColumn(val 2001-01-01 01:02:03.0, col 6)(children: DateColAddIntervalDayTimeScalar(col 1, val 0 01:02:03.000000000) -> 6:timestamp) -> boolean, FilterTimestampScalarLessTimestampColumn(val 2001-01-01 01:02:03.0, col 6)(children: DateColAddIntervalDayTimeScalar(col 1, val 0 01:02:04.000000000) -> 6:timestamp) -> boolean, FilterTimestampScalarGreaterEqualTimestampColumn(val 2001-01-01 01:02:03.0, col 6)(children: DateColSubtractIntervalDayTimeScalar(col 1, val 0 01:02:03.000000000) -> 6:timestamp) -> boolean, FilterTimestampScalarGreaterTimestampColumn(val 2001-01-01 01:02:03.0, col 6)(children: DateColSubtractIntervalDayTimeScalar(col 1, val 0 01:02:04.000000000) -> 6:timestamp) -> boolean, FilterTimestampColEqualTimestampScalar(col 6, val 2001-01-01 01:02:03.0)(children: DateColAddIntervalDayTimeScalar(col 1, val 0 01:02:03.000000000) -> 6:timestamp) -> boolean, FilterTimestampColNotEqualTimestampScalar(col 6, val 2001-01-01 01:02:03.0)(children: DateColAddIntervalDayTimeScalar(col 1, val 0 01:02:04.000000000) -> 6:timestamp) -> boolean, FilterTimestampColGreaterEqualTimestampScalar(col 6, val 2001-01-01 01:02:03.0)(children: DateColAddIntervalDayTimeScalar(col 1, val 0 01:02:03.000000000) -> 6:timestamp) -> boolean, FilterTimestampColGreaterTimestampScalar(col 6, val 2001-01-01 01:02:03.0)(children: DateColAddIntervalDayTimeScalar(col 1, val 0 01:02:04.000000000) -> 6:timestamp) -> boolean, FilterTimestampColLessEqualTimestampScalar(col 6, val 2001-01-01 01:02:03.0)(children: DateColSubtractIntervalDayTimeScalar(col 1, val 0 01:02:03.000000000) -> 6:timestamp) -> boolean, FilterTimestampColLessTimestampScalar(col 6, val 2001-01-01 01:02:03.0)(children: DateColSubtractIntervalDayTimeScalar(col 1, val 0 01:02:04.000000000) -> 6:timestamp) -> boolean, FilterTimestampColEqualTimestampColumn(col 0, col 6)(children: DateColAddIntervalDayTimeScalar(col 1, val 0 01:02:03.000000000) -> 6:timestamp) -> boolean, FilterTimestampColNotEqualTimestampColumn(col 0, col 6)(children: DateColAddIntervalDayTimeScalar(col 1, val 0 01:02:04.000000000) -> 6:timestamp) -> boolean, FilterTimestampColLessEqualTimestampColumn(col 0, col 6)(children: DateColAddIntervalDayTimeScalar(col 1, val 0 01:02:03.000000000) -> 6:timestamp) -> boolean, FilterTimestampColLessTimestampColumn(col 0, col 6)(children: DateColAddIntervalDayTimeScalar(col 1, val 0 01:02:04.000000000) -> 6:timestamp) -> boolean, FilterTimestampColGreaterEqualTimestampColumn(col 0, col 6)(children: DateColSubtractIntervalDayTimeScalar(col 1, val 0 01:02:03.000000000) -> 6:timestamp) -> boolean, FilterTimestampColGreaterTimestampColumn(col 0, col 6)(children: DateColSubtractIntervalDayTimeScalar(col 1, val 0 01:02:04.000000000) -> 6:timestamp) -> boolean) -> boolean
-                    predicate: ((2001-01-01 01:02:03.0 = (dt + 0 01:02:03.000000000)) and (2001-01-01 01:02:03.0 <> (dt + 0 01:02:04.000000000)) and (2001-01-01 01:02:03.0 <= (dt + 0 01:02:03.000000000)) and (2001-01-01 01:02:03.0 < (dt + 0 01:02:04.000000000)) and (2001-01-01 01:02:03.0 >= (dt - 0 01:02:03.000000000)) and (2001-01-01 01:02:03.0 > (dt - 0 01:02:04.000000000)) and ((dt + 0 01:02:03.000000000) = 2001-01-01 01:02:03.0) and ((dt + 0 01:02:04.000000000) <> 2001-01-01 01:02:03.0) and ((dt + 0 01:02:03.000000000) >= 2001-01-01 01:02:03.0) and ((dt + 0 01:02:04.000000000) > 2001-01-01 01:02:03.0) and ((dt - 0 01:02:03.000000000) <= 2001-01-01 01:02:03.0) and ((dt - 0 01:02:04.000000000) < 2001-01-01 01:02:03.0) and (ts = (dt + 0 01:02:03.000000000)) and (ts <> (dt + 0 01:02:04.000000000)) and (ts <= (dt + 0 01:02:03.000000000)) and (ts < (dt + 0 01:02:04.000000000)) and (ts >= (dt - 0 01:02:03.000000000)) and (ts > (dt - 0 01:02:04.000000000))) (type: boolean)
+                    predicate: (((dt + 0 01:02:03.000000000) = 2001-01-01 01:02:03.0) and ((dt + 0 01:02:03.000000000) >= 2001-01-01 01:02:03.0) and ((dt + 0 01:02:04.000000000) <> 2001-01-01 01:02:03.0) and ((dt + 0 01:02:04.000000000) > 2001-01-01 01:02:03.0) and ((dt - 0 01:02:03.000000000) <= 2001-01-01 01:02:03.0) and ((dt - 0 01:02:04.000000000) < 2001-01-01 01:02:03.0) and (2001-01-01 01:02:03.0 < (dt + 0 01:02:04.000000000)) and (2001-01-01 01:02:03.0 <= (dt + 0 01:02:03.000000000)) and (2001-01-01 01:02:03.0 <> (dt + 0 01:02:04.000000000)) and (2001-01-01 01:02:03.0 = (dt + 0 01:02:03.000000000)) and (2001-01-01 01:02:03.0 > (dt - 0 01:02:04.000000000)) and (2001-01-01 01:02:03.0 >= (dt - 0 01:02:03.000000000)) and (ts < (dt + 0 01:02:04.000000000)) and (ts <= (dt + 0 01:02:03.000000000)) and (ts <> (dt + 0 01:02:04.000000000)) and (ts = (dt + 0 01:02:03.000000000)) and (ts > (dt - 0 01:02:04.000000000)) and (ts >= (dt - 0 01:02:03.000000000))) (type: boolean)
                     Statistics: Num rows: 1 Data size: 96 Basic stats: COMPLETE Column stats: NONE
                     Select Operator
                       expressions: ts (type: timestamp)
@@ -1904,7 +1904,7 @@ STAGE PLANS:
                         className: VectorFilterOperator
                         native: true
                         predicateExpression: FilterExprAndExpr(children: FilterTimestampScalarEqualTimestampColumn(val 2001-01-01 01:02:03.0, col 6)(children: TimestampColAddIntervalDayTimeScalar(col 0, val 0 00:00:00.000000000) -> 6:timestamp) -> boolean, FilterTimestampScalarNotEqualTimestampColumn(val 2001-01-01 01:02:03.0, col 6)(children: TimestampColAddIntervalDayTimeScalar(col 0, val 1 00:00:00.000000000) -> 6:timestamp) -> boolean, FilterTimestampScalarLessEqualTimestampColumn(val 2001-01-01 01:02:03.0, col 6)(children: TimestampColAddIntervalDayTimeScalar(col 0, val 1 00:00:00.000000000) -> 6:timestamp) -> boolean, FilterTimestampScalarLessTimestampColumn(val 2001-01-01 01:02:03.0, col 6)(children: TimestampColAddIntervalDayTimeScalar(col 0, val 1 00:00:00.000000000) -> 6:timestamp) -> boolean, FilterTimestampScalarGreaterEqualTimestampColumn(val 2001-01-01 01:02:03.0, col 6)(children: TimestampColSubtractIntervalDayTimeScalar(col 0, val 1 00:00:00.000000000) -> 6:timestamp) -> boolean, FilterTimestampScalarGreaterTimestampColumn(val 2001-01-01 01:02:03.0, col 6)(children: TimestampColSubtractIntervalDayTimeScalar(col 0, val 1 00:00:00.000000000) -> 6:timestamp) -> boolean, FilterTimestampColEqualTimestampScalar(col 6, val 2001-01-01 01:02:03.0)(children: TimestampColAddIntervalDayTimeScalar(col 0, val 0 00:00:00.000000000) -> 6:timestamp) -> boolean, FilterTimestampColNotEqualTimestampScalar(col 6, val 2001-01-01 01:02:03.0)(children: TimestampColAddIntervalDayTimeScalar(col 0, val 1 00:00:00.000000000) -> 6:timestamp) -> boolean, FilterTimestampColGreaterEqualTimestampScalar(col 6, val 2001-01-01 01:02:03.0)(children: TimestampColAddIntervalDayTimeScalar(col 0, val 1 00:00:00.000000000) -> 6:timestamp) -> boolean, FilterTimestampColGreaterTimestampScalar(col 6, val 2001-01-01 01:02:03.0)(children: TimestampColAddIntervalDayTimeScalar(col 0, val 1 00:00:00.000000000) -> 6:timestamp) -> boolean, FilterTimestampColLessEqualTimestampScalar(col 6, val 2001-01-01 01:02:03.0)(children: TimestampColSubtractIntervalDayTimeScalar(col 0, val 1 00:00:00.000000000) -> 6:timestamp) -> boolean, FilterTimestampColLessTimestampScalar(col 6, val 2001-01-01 01:02:03.0)(children: TimestampColSubtractIntervalDayTimeScalar(col 0, val 1 00:00:00.000000000) -> 6:timestamp) -> boolean, FilterTimestampColEqualTimestampColumn(col 0, col 6)(children: TimestampColAddIntervalDayTimeScalar(col 0, val 0 00:00:00.000000000) -> 6:timestamp) -> boolean, FilterTimestampColNotEqualTimestampColumn(col 0, col 6)(children: TimestampColAddIntervalDayTimeScalar(col 0, val 1 00:00:00.000000000) -> 6:timestamp) -> boolean, FilterTimestampColLessEqualTimestampColumn(col 0, col 6)(children: TimestampColAddIntervalDayTimeScalar(col 0, val 1 00:00:00.000000000) -> 6:timestamp) -> boolean, FilterTimestampColLessTimestampColumn(col 0, col 6)(children: TimestampColAddIntervalDayTimeScalar(col 0, val 1 00:00:00.000000000) -> 6:timestamp) -> boolean, FilterTimestampColGreaterEqualTimestampColumn(col 0, col 6)(children: TimestampColSubtractIntervalDayTimeScalar(col 0, val 1 00:00:00.000000000) -> 6:timestamp) -> boolean, FilterTimestampColGreaterTimestampColumn(col 0, col 6)(children: TimestampColSubtractIntervalDayTimeScalar(col 0, val 1 00:00:00.000000000) -> 6:timestamp) -> boolean) -> boolean
-                    predicate: ((2001-01-01 01:02:03.0 = (ts + 0 00:00:00.000000000)) and (2001-01-01 01:02:03.0 <> (ts + 1 00:00:00.000000000)) and (2001-01-01 01:02:03.0 <= (ts + 1 00:00:00.000000000)) and (2001-01-01 01:02:03.0 < (ts + 1 00:00:00.000000000)) and (2001-01-01 01:02:03.0 >= (ts - 1 00:00:00.000000000)) and (2001-01-01 01:02:03.0 > (ts - 1 00:00:00.000000000)) and ((ts + 0 00:00:00.000000000) = 2001-01-01 01:02:03.0) and ((ts + 1 00:00:00.000000000) <> 2001-01-01 01:02:03.0) and ((ts + 1 00:00:00.000000000) >= 2001-01-01 01:02:03.0) and ((ts + 1 00:00:00.000000000) > 2001-01-01 01:02:03.0) and ((ts - 1 00:00:00.000000000) <= 2001-01-01 01:02:03.0) and ((ts - 1 00:00:00.000000000) < 2001-01-01 01:02:03.0) and (ts = (ts + 0 00:00:00.000000000)) and (ts <> (ts + 1 00:00:00.000000000)) and (ts <= (ts + 1 00:00:00.000000000)) and (ts < (ts + 1 00:00:00.000000000)) and (ts >= (ts - 1 00:00:00.000000000)) and (ts > (ts - 1 00:00:00.000000000))) (type: boolean)
+                    predicate: (((ts + 0 00:00:00.000000000) = 2001-01-01 01:02:03.0) and ((ts + 1 00:00:00.000000000) <> 2001-01-01 01:02:03.0) and ((ts + 1 00:00:00.000000000) > 2001-01-01 01:02:03.0) and ((ts + 1 00:00:00.000000000) >= 2001-01-01 01:02:03.0) and ((ts - 1 00:00:00.000000000) < 2001-01-01 01:02:03.0) and ((ts - 1 00:00:00.000000000) <= 2001-01-01 01:02:03.0) and (2001-01-01 01:02:03.0 < (ts + 1 00:00:00.000000000)) and (2001-01-01 01:02:03.0 <= (ts + 1 00:00:00.000000000)) and (2001-01-01 01:02:03.0 <> (ts + 1 00:00:00.000000000)) and (2001-01-01 01:02:03.0 = (ts + 0 00:00:00.000000000)) and (2001-01-01 01:02:03.0 > (ts - 1 00:00:00.000000000)) and (2001-01-01 01:02:03.0 >= (ts - 1 00:00:00.000000000)) and (ts < (ts + 1 00:00:00.000000000)) and (ts <= (ts + 1 00:00:00.000000000)) and (ts <> (ts + 1 00:00:00.000000000)) and (ts = (ts + 0 00:00:00.000000000)) and (ts > (ts - 1 00:00:00.000000000)) and (ts >= (ts - 1 00:00:00.000000000))) (type: boolean)
                     Statistics: Num rows: 1 Data size: 40 Basic stats: COMPLETE Column stats: NONE
                     Select Operator
                       expressions: ts (type: timestamp)
diff --git a/ql/src/test/results/clientpositive/llap/vector_interval_mapjoin.q.out b/ql/src/test/results/clientpositive/llap/vector_interval_mapjoin.q.out
index 443f84675c..a69381942f 100644
--- a/ql/src/test/results/clientpositive/llap/vector_interval_mapjoin.q.out
+++ b/ql/src/test/results/clientpositive/llap/vector_interval_mapjoin.q.out
@@ -209,7 +209,7 @@ STAGE PLANS:
                         className: VectorFilterOperator
                         native: true
                         predicateExpression: FilterExprAndExpr(children: SelectColumnIsNotNull(col 12) -> boolean, SelectColumnIsNotNull(col 10) -> boolean, SelectColumnIsNotNull(col 8) -> boolean) -> boolean
-                    predicate: (dt is not null and ts is not null and s is not null) (type: boolean)
+                    predicate: (dt is not null and s is not null and ts is not null) (type: boolean)
                     Statistics: Num rows: 850 Data size: 226338 Basic stats: COMPLETE Column stats: NONE
                     Select Operator
                       expressions: s (type: string), (dt - CAST( ts AS DATE)) (type: interval_day_time)
@@ -275,7 +275,7 @@ STAGE PLANS:
                         className: VectorFilterOperator
                         native: true
                         predicateExpression: FilterExprAndExpr(children: SelectColumnIsNotNull(col 12) -> boolean, SelectColumnIsNotNull(col 10) -> boolean, SelectColumnIsNotNull(col 8) -> boolean) -> boolean
-                    predicate: (dt is not null and ts is not null and s is not null) (type: boolean)
+                    predicate: (dt is not null and s is not null and ts is not null) (type: boolean)
                     Statistics: Num rows: 850 Data size: 226338 Basic stats: COMPLETE Column stats: NONE
                     Select Operator
                       expressions: s (type: string), (dt - CAST( ts AS DATE)) (type: interval_day_time)
diff --git a/ql/src/test/results/clientpositive/llap/vector_mapjoin_reduce.q.out b/ql/src/test/results/clientpositive/llap/vector_mapjoin_reduce.q.out
index e6d444b249..2f5a174a84 100644
--- a/ql/src/test/results/clientpositive/llap/vector_mapjoin_reduce.q.out
+++ b/ql/src/test/results/clientpositive/llap/vector_mapjoin_reduce.q.out
@@ -86,7 +86,7 @@ STAGE PLANS:
                         className: VectorFilterOperator
                         native: true
                         predicateExpression: FilterExprAndExpr(children: FilterLongColEqualLongScalar(col 3, val 1) -> boolean, SelectColumnIsNotNull(col 1) -> boolean, SelectColumnIsNotNull(col 0) -> boolean) -> boolean
-                    predicate: ((l_linenumber = 1) and l_partkey is not null and l_orderkey is not null) (type: boolean)
+                    predicate: ((l_linenumber = 1) and l_orderkey is not null and l_partkey is not null) (type: boolean)
                     Statistics: Num rows: 14 Data size: 224 Basic stats: COMPLETE Column stats: COMPLETE
                     Select Operator
                       expressions: l_orderkey (type: int), l_partkey (type: int), l_suppkey (type: int)
diff --git a/ql/src/test/results/clientpositive/llap/vector_mr_diff_schema_alias.q.out b/ql/src/test/results/clientpositive/llap/vector_mr_diff_schema_alias.q.out
index a8c1042244..a338aa518d 100644
--- a/ql/src/test/results/clientpositive/llap/vector_mr_diff_schema_alias.q.out
+++ b/ql/src/test/results/clientpositive/llap/vector_mr_diff_schema_alias.q.out
@@ -257,7 +257,7 @@ STAGE PLANS:
                   alias: store_sales
                   Statistics: Num rows: 1 Data size: 4 Basic stats: COMPLETE Column stats: COMPLETE
                   Filter Operator
-                    predicate: (ss_store_sk is not null and ss_sold_date_sk is not null) (type: boolean)
+                    predicate: (ss_sold_date_sk is not null and ss_store_sk is not null) (type: boolean)
                     Statistics: Num rows: 1 Data size: 4 Basic stats: COMPLETE Column stats: COMPLETE
                     Select Operator
                       expressions: ss_sold_date_sk (type: int), ss_store_sk (type: int)
diff --git a/ql/src/test/results/clientpositive/llap/vector_multi_insert.q.out b/ql/src/test/results/clientpositive/llap/vector_multi_insert.q.out
index 1c86c0cf26..a25953f2a7 100644
--- a/ql/src/test/results/clientpositive/llap/vector_multi_insert.q.out
+++ b/ql/src/test/results/clientpositive/llap/vector_multi_insert.q.out
@@ -115,7 +115,7 @@ STAGE PLANS:
                             serde: org.apache.hadoop.hive.serde2.lazy.LazySimpleSerDe
                             name: default.orc_rn1
                   Filter Operator
-                    predicate: ((rn >= 100) and (rn < 1000)) (type: boolean)
+                    predicate: ((rn < 1000) and (rn >= 100)) (type: boolean)
                     Statistics: Num rows: 1 Data size: 4 Basic stats: COMPLETE Column stats: NONE
                     Select Operator
                       expressions: rn (type: int)
diff --git a/ql/src/test/results/clientpositive/llap/vectorization_0.q.out b/ql/src/test/results/clientpositive/llap/vectorization_0.q.out
index 2307843a2c..52088546ef 100644
--- a/ql/src/test/results/clientpositive/llap/vectorization_0.q.out
+++ b/ql/src/test/results/clientpositive/llap/vectorization_0.q.out
@@ -1609,7 +1609,7 @@ STAGE PLANS:
                         className: VectorFilterOperator
                         native: true
                         predicateExpression: FilterExprOrExpr(children: FilterStringColLikeStringScalar(col 7, pattern %b%) -> boolean, FilterDecimalScalarNotEqualDecimalColumn(val 79.553, col 12)(children: CastLongToDecimal(col 2) -> 12:decimal(13,3)) -> boolean, FilterDoubleColLessDoubleColumn(col 13, col 5)(children: CastLongToDouble(col 3) -> 13:double) -> boolean, FilterExprAndExpr(children: FilterLongColGreaterEqualLongColumn(col 0, col 1)(children: col 0) -> boolean, FilterLongColEqualLongScalar(col 11, val 1) -> boolean, FilterLongScalarEqualLongColumn(val 3569, col 0)(children: col 0) -> boolean) -> boolean) -> boolean
-                    predicate: ((cstring2 like '%b%') or (79.553 <> CAST( cint AS decimal(13,3))) or (UDFToDouble(cbigint) < cdouble) or ((UDFToShort(ctinyint) >= csmallint) and (cboolean2 = 1) and (3569 = UDFToInteger(ctinyint)))) (type: boolean)
+                    predicate: (((UDFToShort(ctinyint) >= csmallint) and (cboolean2 = 1) and (3569 = UDFToInteger(ctinyint))) or (79.553 <> CAST( cint AS decimal(13,3))) or (UDFToDouble(cbigint) < cdouble) or (cstring2 like '%b%')) (type: boolean)
                     Statistics: Num rows: 12288 Data size: 1210980 Basic stats: COMPLETE Column stats: COMPLETE
                     Select Operator
                       expressions: ctinyint (type: tinyint), cbigint (type: bigint), cfloat (type: float)
@@ -1801,7 +1801,7 @@ STAGE PLANS:
                   GatherStats: false
                   Filter Operator
                     isSamplingPred: false
-                    predicate: ((cstring1 like 'a%') or (cstring1 like 'b%') or (cstring1 like 'c%') or ((length(cstring1) < 50) and (cstring1 like '%n') and (length(cstring1) > 0))) (type: boolean)
+                    predicate: (((length(cstring1) < 50) and (cstring1 like '%n') and (length(cstring1) > 0)) or (cstring1 like 'a%') or (cstring1 like 'b%') or (cstring1 like 'c%')) (type: boolean)
                     Statistics: Num rows: 12288 Data size: 862450 Basic stats: COMPLETE Column stats: COMPLETE
                     Select Operator
                       Statistics: Num rows: 12288 Data size: 862450 Basic stats: COMPLETE Column stats: COMPLETE
@@ -30610,7 +30610,7 @@ STAGE PLANS:
                   GatherStats: false
                   Filter Operator
                     isSamplingPred: false
-                    predicate: (((cint = 49) and (cfloat = 3.5)) or ((cint = 47) and (cfloat = 2.09)) or ((cint = 45) and (cfloat = 3.02))) (type: boolean)
+                    predicate: (((cint = 45) and (cfloat = 3.02)) or ((cint = 47) and (cfloat = 2.09)) or ((cint = 49) and (cfloat = 3.5))) (type: boolean)
                     Statistics: Num rows: 1 Data size: 310 Basic stats: COMPLETE Column stats: COMPLETE
                     Select Operator
                       expressions: ctinyint (type: tinyint), csmallint (type: smallint), cint (type: int), cbigint (type: bigint), cfloat (type: float), cdouble (type: double), cstring1 (type: string), cstring2 (type: string), ctimestamp1 (type: timestamp), ctimestamp2 (type: timestamp), cboolean1 (type: boolean), cboolean2 (type: boolean)
@@ -30840,7 +30840,7 @@ STAGE PLANS:
                   GatherStats: false
                   Filter Operator
                     isSamplingPred: false
-                    predicate: (((cint = 49) or (cfloat = 3.5)) and ((cint = 47) or (cfloat = 2.09)) and ((cint = 45) or (cfloat = 3.02))) (type: boolean)
+                    predicate: (((cint = 45) or (cfloat = 3.02)) and ((cint = 47) or (cfloat = 2.09)) and ((cint = 49) or (cfloat = 3.5))) (type: boolean)
                     Statistics: Num rows: 1 Data size: 310 Basic stats: COMPLETE Column stats: COMPLETE
                     Select Operator
                       expressions: ctinyint (type: tinyint), csmallint (type: smallint), cint (type: int), cbigint (type: bigint), cfloat (type: float), cdouble (type: double), cstring1 (type: string), cstring2 (type: string), ctimestamp1 (type: timestamp), ctimestamp2 (type: timestamp), cboolean1 (type: boolean), cboolean2 (type: boolean)
diff --git a/ql/src/test/results/clientpositive/llap/vectorization_1.q.out b/ql/src/test/results/clientpositive/llap/vectorization_1.q.out
index 4699c2e71a..4164d59ed0 100644
--- a/ql/src/test/results/clientpositive/llap/vectorization_1.q.out
+++ b/ql/src/test/results/clientpositive/llap/vectorization_1.q.out
@@ -69,7 +69,7 @@ STAGE PLANS:
                         className: VectorFilterOperator
                         native: true
                         predicateExpression: FilterExprOrExpr(children: FilterExprAndExpr(children: FilterDoubleColGreaterDoubleColumn(col 5, col 12)(children: CastLongToDouble(col 0) -> 12:double) -> boolean, FilterLongColGreaterLongScalar(col 11, val 0) -> boolean) -> boolean, FilterLongColLessLongColumn(col 3, col 0)(children: col 0) -> boolean, FilterLongColGreaterLongColumn(col 2, col 3)(children: col 2) -> boolean, FilterLongColLessLongScalar(col 10, val 0) -> boolean) -> boolean
-                    predicate: (((cdouble > UDFToDouble(ctinyint)) and (cboolean2 > 0)) or (cbigint < UDFToLong(ctinyint)) or (UDFToLong(cint) > cbigint) or (cboolean1 < 0)) (type: boolean)
+                    predicate: (((cdouble > UDFToDouble(ctinyint)) and (cboolean2 > 0)) or (UDFToLong(cint) > cbigint) or (cbigint < UDFToLong(ctinyint)) or (cboolean1 < 0)) (type: boolean)
                     Statistics: Num rows: 12288 Data size: 330276 Basic stats: COMPLETE Column stats: COMPLETE
                     Select Operator
                       expressions: ctinyint (type: tinyint), cint (type: int), cfloat (type: float), cdouble (type: double)
diff --git a/ql/src/test/results/clientpositive/llap/vectorization_10.q.out b/ql/src/test/results/clientpositive/llap/vectorization_10.q.out
index 1a0e846eb1..45c5f8e1df 100644
--- a/ql/src/test/results/clientpositive/llap/vectorization_10.q.out
+++ b/ql/src/test/results/clientpositive/llap/vectorization_10.q.out
@@ -72,7 +72,7 @@ STAGE PLANS:
                         className: VectorFilterOperator
                         native: true
                         predicateExpression: FilterExprOrExpr(children: FilterStringGroupColLessEqualStringScalar(col 7, val 10) -> boolean, FilterExprAndExpr(children: FilterDoubleColGreaterDoubleColumn(col 12, col 5)(children: CastLongToDouble(col 0) -> 12:double) -> boolean, FilterDecimalScalarGreaterEqualDecimalColumn(val -5638.15, col 13)(children: CastLongToDecimal(col 0) -> 13:decimal(6,2)) -> boolean) -> boolean, FilterExprAndExpr(children: FilterDoubleColGreaterDoubleScalar(col 5, val 6981.0) -> boolean, FilterExprOrExpr(children: FilterDecimalColEqualDecimalScalar(col 14, val 9763215.5639)(children: CastLongToDecimal(col 1) -> 14:decimal(11,4)) -> boolean, FilterStringColLikeStringScalar(col 6, pattern %a) -> boolean) -> boolean) -> boolean) -> boolean
-                    predicate: ((cstring2 <= '10') or ((UDFToDouble(ctinyint) > cdouble) and (-5638.15 >= CAST( ctinyint AS decimal(6,2)))) or ((cdouble > 6981.0) and ((CAST( csmallint AS decimal(11,4)) = 9763215.5639) or (cstring1 like '%a')))) (type: boolean)
+                    predicate: (((UDFToDouble(ctinyint) > cdouble) and (-5638.15 >= CAST( ctinyint AS decimal(6,2)))) or ((cdouble > 6981.0) and ((CAST( csmallint AS decimal(11,4)) = 9763215.5639) or (cstring1 like '%a'))) or (cstring2 <= '10')) (type: boolean)
                     Statistics: Num rows: 9557 Data size: 1937820 Basic stats: COMPLETE Column stats: COMPLETE
                     Select Operator
                       expressions: cdouble (type: double), ctimestamp1 (type: timestamp), ctinyint (type: tinyint), cboolean1 (type: boolean), cstring1 (type: string), (- cdouble) (type: double), (cdouble + UDFToDouble(csmallint)) (type: double), ((cdouble + UDFToDouble(csmallint)) % 33.0) (type: double), (- cdouble) (type: double), (UDFToDouble(ctinyint) % cdouble) (type: double), (UDFToShort(ctinyint) % csmallint) (type: smallint), (- cdouble) (type: double), (cbigint * UDFToLong((UDFToShort(ctinyint) % csmallint))) (type: bigint), (9763215.5639 - (cdouble + UDFToDouble(csmallint))) (type: double), (- (- cdouble)) (type: double)
diff --git a/ql/src/test/results/clientpositive/llap/vectorization_12.q.out b/ql/src/test/results/clientpositive/llap/vectorization_12.q.out
index 863a26f928..6550bf018f 100644
--- a/ql/src/test/results/clientpositive/llap/vectorization_12.q.out
+++ b/ql/src/test/results/clientpositive/llap/vectorization_12.q.out
@@ -92,7 +92,7 @@ STAGE PLANS:
                         className: VectorFilterOperator
                         native: true
                         predicateExpression: FilterExprAndExpr(children: SelectColumnIsNull(col 8) -> boolean, FilterExprOrExpr(children: FilterLongColGreaterEqualLongColumn(col 10, col 11) -> boolean, FilterLongColNotEqualLongColumn(col 0, col 1)(children: col 0) -> boolean) -> boolean, FilterExprOrExpr(children: FilterStringColLikeStringScalar(col 6, pattern %a) -> boolean, FilterExprAndExpr(children: FilterLongColLessEqualLongScalar(col 11, val 1) -> boolean, FilterLongColGreaterEqualLongColumn(col 3, col 1)(children: col 1) -> boolean) -> boolean) -> boolean) -> boolean
-                    predicate: (ctimestamp1 is null and ((cboolean1 >= cboolean2) or (UDFToShort(ctinyint) <> csmallint)) and ((cstring1 like '%a') or ((cboolean2 <= 1) and (cbigint >= UDFToLong(csmallint))))) (type: boolean)
+                    predicate: (((cboolean1 >= cboolean2) or (UDFToShort(ctinyint) <> csmallint)) and ((cstring1 like '%a') or ((cboolean2 <= 1) and (cbigint >= UDFToLong(csmallint)))) and ctimestamp1 is null) (type: boolean)
                     Statistics: Num rows: 1 Data size: 166 Basic stats: COMPLETE Column stats: COMPLETE
                     Select Operator
                       expressions: cbigint (type: bigint), cdouble (type: double), cstring1 (type: string), cboolean1 (type: boolean)
diff --git a/ql/src/test/results/clientpositive/llap/vectorization_13.q.out b/ql/src/test/results/clientpositive/llap/vectorization_13.q.out
index d3e43098c8..fa9974436c 100644
--- a/ql/src/test/results/clientpositive/llap/vectorization_13.q.out
+++ b/ql/src/test/results/clientpositive/llap/vectorization_13.q.out
@@ -94,7 +94,7 @@ STAGE PLANS:
                         className: VectorFilterOperator
                         native: true
                         predicateExpression: FilterExprOrExpr(children: FilterExprAndExpr(children: FilterDoubleColLessDoubleScalar(col 4, val 3569.0) -> boolean, FilterDoubleScalarGreaterEqualDoubleColumn(val 10.175, col 5) -> boolean, FilterLongColNotEqualLongScalar(col 10, val 1) -> boolean) -> boolean, FilterExprAndExpr(children: FilterDoubleColGreaterDoubleScalar(col 12, val 11.0)(children: CastTimestampToDouble(col 8) -> 12:double) -> boolean, FilterDoubleColNotEqualDoubleScalar(col 12, val 12.0)(children: CastTimestampToDouble(col 9) -> 12:double) -> boolean, FilterDecimalColLessDecimalScalar(col 13, val 9763215.5639)(children: CastLongToDecimal(col 0) -> 13:decimal(11,4)) -> boolean) -> boolean) -> boolean
-                    predicate: (((cfloat < 3569) and (10.175 >= cdouble) and (cboolean1 <> 1)) or ((UDFToDouble(ctimestamp1) > 11.0) and (UDFToDouble(ctimestamp2) <> 12.0) and (CAST( ctinyint AS decimal(11,4)) < 9763215.5639))) (type: boolean)
+                    predicate: (((UDFToDouble(ctimestamp1) > 11.0) and (UDFToDouble(ctimestamp2) <> 12.0) and (CAST( ctinyint AS decimal(11,4)) < 9763215.5639)) or ((cfloat < 3569) and (10.175 >= cdouble) and (cboolean1 <> 1))) (type: boolean)
                     Statistics: Num rows: 5461 Data size: 901772 Basic stats: COMPLETE Column stats: COMPLETE
                     Select Operator
                       expressions: ctinyint (type: tinyint), cfloat (type: float), cstring1 (type: string), ctimestamp1 (type: timestamp), cboolean1 (type: boolean)
@@ -449,7 +449,7 @@ STAGE PLANS:
                         className: VectorFilterOperator
                         native: true
                         predicateExpression: FilterExprOrExpr(children: FilterExprAndExpr(children: FilterDoubleColLessDoubleScalar(col 4, val 3569.0) -> boolean, FilterDoubleScalarGreaterEqualDoubleColumn(val 10.175, col 5) -> boolean, FilterLongColNotEqualLongScalar(col 10, val 1) -> boolean) -> boolean, FilterExprAndExpr(children: FilterDoubleColGreaterDoubleScalar(col 12, val -1.388)(children: CastTimestampToDouble(col 8) -> 12:double) -> boolean, FilterDoubleColNotEqualDoubleScalar(col 12, val -1.3359999999999999)(children: CastTimestampToDouble(col 9) -> 12:double) -> boolean, FilterDecimalColLessDecimalScalar(col 13, val 9763215.5639)(children: CastLongToDecimal(col 0) -> 13:decimal(11,4)) -> boolean) -> boolean) -> boolean
-                    predicate: (((cfloat < 3569) and (10.175 >= cdouble) and (cboolean1 <> 1)) or ((UDFToDouble(ctimestamp1) > -1.388) and (UDFToDouble(ctimestamp2) <> -1.3359999999999999) and (CAST( ctinyint AS decimal(11,4)) < 9763215.5639))) (type: boolean)
+                    predicate: (((UDFToDouble(ctimestamp1) > -1.388) and (UDFToDouble(ctimestamp2) <> -1.3359999999999999) and (CAST( ctinyint AS decimal(11,4)) < 9763215.5639)) or ((cfloat < 3569) and (10.175 >= cdouble) and (cboolean1 <> 1))) (type: boolean)
                     Statistics: Num rows: 5461 Data size: 901772 Basic stats: COMPLETE Column stats: COMPLETE
                     Select Operator
                       expressions: ctinyint (type: tinyint), cfloat (type: float), cstring1 (type: string), ctimestamp1 (type: timestamp), cboolean1 (type: boolean)
diff --git a/ql/src/test/results/clientpositive/llap/vectorization_14.q.out b/ql/src/test/results/clientpositive/llap/vectorization_14.q.out
index 418e4ea79f..f3c2980abc 100644
--- a/ql/src/test/results/clientpositive/llap/vectorization_14.q.out
+++ b/ql/src/test/results/clientpositive/llap/vectorization_14.q.out
@@ -94,7 +94,7 @@ STAGE PLANS:
                         className: VectorFilterOperator
                         native: true
                         predicateExpression: FilterExprAndExpr(children: FilterLongColLessEqualLongColumn(col 0, col 3)(children: col 0) -> boolean, FilterExprOrExpr(children: FilterDoubleColLessEqualDoubleColumn(col 12, col 5)(children: CastLongToDouble(col 2) -> 12:double) -> boolean, FilterTimestampColLessTimestampColumn(col 9, col 8) -> boolean) -> boolean, FilterDoubleColLessDoubleColumn(col 5, col 12)(children: CastLongToDouble(col 0) -> 12:double) -> boolean, FilterExprOrExpr(children: FilterLongColGreaterLongScalar(col 3, val -257) -> boolean, FilterDoubleColLessDoubleColumn(col 4, col 12)(children: CastLongToFloatViaLongToDouble(col 2) -> 12:double) -> boolean) -> boolean) -> boolean
-                    predicate: ((UDFToLong(ctinyint) <= cbigint) and ((UDFToDouble(cint) <= cdouble) or (ctimestamp2 < ctimestamp1)) and (cdouble < UDFToDouble(ctinyint)) and ((cbigint > -257) or (cfloat < UDFToFloat(cint)))) (type: boolean)
+                    predicate: (((UDFToDouble(cint) <= cdouble) or (ctimestamp2 < ctimestamp1)) and ((cbigint > -257) or (cfloat < UDFToFloat(cint))) and (UDFToLong(ctinyint) <= cbigint) and (cdouble < UDFToDouble(ctinyint))) (type: boolean)
                     Statistics: Num rows: 606 Data size: 105558 Basic stats: COMPLETE Column stats: COMPLETE
                     Select Operator
                       expressions: ctimestamp1 (type: timestamp), cfloat (type: float), cstring1 (type: string), cboolean1 (type: boolean), cdouble (type: double), (- (-26.28 + cdouble)) (type: double)
diff --git a/ql/src/test/results/clientpositive/llap/vectorization_15.q.out b/ql/src/test/results/clientpositive/llap/vectorization_15.q.out
index 9cc350d659..31429dd2a0 100644
--- a/ql/src/test/results/clientpositive/llap/vectorization_15.q.out
+++ b/ql/src/test/results/clientpositive/llap/vectorization_15.q.out
@@ -90,7 +90,7 @@ STAGE PLANS:
                         className: VectorFilterOperator
                         native: true
                         predicateExpression: FilterExprOrExpr(children: FilterStringColLikeStringScalar(col 7, pattern %ss%) -> boolean, FilterStringColLikeStringScalar(col 6, pattern 10%) -> boolean, FilterExprAndExpr(children: FilterLongColGreaterEqualLongScalar(col 2, val -75) -> boolean, FilterLongColEqualLongColumn(col 0, col 1)(children: col 0) -> boolean, FilterDoubleColGreaterEqualDoubleScalar(col 5, val -3728.0) -> boolean) -> boolean) -> boolean
-                    predicate: ((cstring2 like '%ss%') or (cstring1 like '10%') or ((cint >= -75) and (UDFToShort(ctinyint) = csmallint) and (cdouble >= -3728.0))) (type: boolean)
+                    predicate: (((cint >= -75) and (UDFToShort(ctinyint) = csmallint) and (cdouble >= -3728.0)) or (cstring1 like '10%') or (cstring2 like '%ss%')) (type: boolean)
                     Statistics: Num rows: 12288 Data size: 2491562 Basic stats: COMPLETE Column stats: COMPLETE
                     Select Operator
                       expressions: ctinyint (type: tinyint), cint (type: int), cfloat (type: float), cdouble (type: double), cstring1 (type: string), ctimestamp1 (type: timestamp), cboolean1 (type: boolean)
diff --git a/ql/src/test/results/clientpositive/llap/vectorization_16.q.out b/ql/src/test/results/clientpositive/llap/vectorization_16.q.out
index d961af2513..3cb7c13759 100644
--- a/ql/src/test/results/clientpositive/llap/vectorization_16.q.out
+++ b/ql/src/test/results/clientpositive/llap/vectorization_16.q.out
@@ -67,7 +67,7 @@ STAGE PLANS:
                         className: VectorFilterOperator
                         native: true
                         predicateExpression: FilterExprAndExpr(children: FilterStringColLikeStringScalar(col 7, pattern %b%) -> boolean, FilterExprOrExpr(children: FilterDoubleColGreaterEqualDoubleScalar(col 5, val -1.389) -> boolean, FilterStringGroupColLessStringScalar(col 6, val a) -> boolean) -> boolean) -> boolean
-                    predicate: ((cstring2 like '%b%') and ((cdouble >= -1.389) or (cstring1 < 'a'))) (type: boolean)
+                    predicate: (((cdouble >= -1.389) or (cstring1 < 'a')) and (cstring2 like '%b%')) (type: boolean)
                     Statistics: Num rows: 4096 Data size: 769522 Basic stats: COMPLETE Column stats: COMPLETE
                     Select Operator
                       expressions: cdouble (type: double), cstring1 (type: string), ctimestamp1 (type: timestamp)
diff --git a/ql/src/test/results/clientpositive/llap/vectorization_17.q.out b/ql/src/test/results/clientpositive/llap/vectorization_17.q.out
index a66ea36362..4d6e0a26fe 100644
--- a/ql/src/test/results/clientpositive/llap/vectorization_17.q.out
+++ b/ql/src/test/results/clientpositive/llap/vectorization_17.q.out
@@ -75,7 +75,7 @@ STAGE PLANS:
                         className: VectorFilterOperator
                         native: true
                         predicateExpression: FilterExprAndExpr(children: FilterLongColGreaterLongScalar(col 3, val -23) -> boolean, FilterExprOrExpr(children: FilterDoubleColNotEqualDoubleScalar(col 5, val 988888.0) -> boolean, FilterDecimalColGreaterDecimalScalar(col 12, val -863.257)(children: CastLongToDecimal(col 2) -> 12:decimal(13,3)) -> boolean) -> boolean, FilterExprOrExpr(children: FilterLongColGreaterEqualLongScalar(col 0, val 33) -> boolean, FilterLongColGreaterEqualLongColumn(col 1, col 3)(children: col 1) -> boolean, FilterDoubleColEqualDoubleColumn(col 4, col 5)(children: col 4) -> boolean) -> boolean) -> boolean
-                    predicate: ((cbigint > -23) and ((cdouble <> 988888.0) or (CAST( cint AS decimal(13,3)) > -863.257)) and ((ctinyint >= 33) or (UDFToLong(csmallint) >= cbigint) or (UDFToDouble(cfloat) = cdouble))) (type: boolean)
+                    predicate: (((cdouble <> 988888.0) or (CAST( cint AS decimal(13,3)) > -863.257)) and ((ctinyint >= 33) or (UDFToLong(csmallint) >= cbigint) or (UDFToDouble(cfloat) = cdouble)) and (cbigint > -23)) (type: boolean)
                     Statistics: Num rows: 4096 Data size: 549274 Basic stats: COMPLETE Column stats: COMPLETE
                     Select Operator
                       expressions: cfloat (type: float), cstring1 (type: string), cint (type: int), ctimestamp1 (type: timestamp), cdouble (type: double), cbigint (type: bigint), (UDFToDouble(cfloat) / UDFToDouble(ctinyint)) (type: double), (UDFToLong(cint) % cbigint) (type: bigint), (- cdouble) (type: double), (cdouble + (UDFToDouble(cfloat) / UDFToDouble(ctinyint))) (type: double), (cdouble / UDFToDouble(cint)) (type: double), (- (- cdouble)) (type: double), (9763215.5639 % CAST( cbigint AS decimal(19,0))) (type: decimal(11,4)), (2563.58 + (- (- cdouble))) (type: double)
diff --git a/ql/src/test/results/clientpositive/llap/vectorization_2.q.out b/ql/src/test/results/clientpositive/llap/vectorization_2.q.out
index affd1b6d7b..80ac2b6a79 100644
--- a/ql/src/test/results/clientpositive/llap/vectorization_2.q.out
+++ b/ql/src/test/results/clientpositive/llap/vectorization_2.q.out
@@ -73,7 +73,7 @@ STAGE PLANS:
                         className: VectorFilterOperator
                         native: true
                         predicateExpression: FilterExprOrExpr(children: FilterExprAndExpr(children: FilterTimestampColLessTimestampColumn(col 8, col 9) -> boolean, FilterStringColLikeStringScalar(col 7, pattern b%) -> boolean, FilterDoubleColLessEqualDoubleScalar(col 4, val -5638.14990234375) -> boolean) -> boolean, FilterExprAndExpr(children: FilterDoubleColLessDoubleColumn(col 5, col 12)(children: CastLongToDouble(col 0) -> 12:double) -> boolean, FilterExprOrExpr(children: FilterDoubleScalarNotEqualDoubleColumn(val -10669.0, col 12)(children: CastTimestampToDouble(col 9) -> 12:double) -> boolean, FilterLongScalarGreaterLongColumn(val 359, col 2) -> boolean) -> boolean) -> boolean) -> boolean
-                    predicate: (((ctimestamp1 < ctimestamp2) and (cstring2 like 'b%') and (cfloat <= -5638.15)) or ((cdouble < UDFToDouble(ctinyint)) and ((-10669.0 <> UDFToDouble(ctimestamp2)) or (359 > cint)))) (type: boolean)
+                    predicate: (((cdouble < UDFToDouble(ctinyint)) and ((-10669.0 <> UDFToDouble(ctimestamp2)) or (359 > cint))) or ((ctimestamp1 < ctimestamp2) and (cstring2 like 'b%') and (cfloat <= -5638.15))) (type: boolean)
                     Statistics: Num rows: 4096 Data size: 719232 Basic stats: COMPLETE Column stats: COMPLETE
                     Select Operator
                       expressions: ctinyint (type: tinyint), csmallint (type: smallint), cbigint (type: bigint), cfloat (type: float), cdouble (type: double)
diff --git a/ql/src/test/results/clientpositive/llap/vectorization_3.q.out b/ql/src/test/results/clientpositive/llap/vectorization_3.q.out
index 415474665b..991bd89ba8 100644
--- a/ql/src/test/results/clientpositive/llap/vectorization_3.q.out
+++ b/ql/src/test/results/clientpositive/llap/vectorization_3.q.out
@@ -78,7 +78,7 @@ STAGE PLANS:
                         className: VectorFilterOperator
                         native: true
                         predicateExpression: FilterExprOrExpr(children: FilterExprAndExpr(children: FilterDoubleColLessEqualDoubleColumn(col 12, col 4)(children: CastLongToFloatViaLongToDouble(col 2) -> 12:double) -> boolean, FilterDecimalScalarNotEqualDecimalColumn(val 79.553, col 13)(children: CastLongToDecimal(col 3) -> 13:decimal(22,3)) -> boolean, FilterDoubleColEqualDoubleScalar(col 12, val -29071.0)(children: CastTimestampToDouble(col 9) -> 12:double) -> boolean) -> boolean, FilterExprAndExpr(children: FilterDoubleColGreaterDoubleColumn(col 12, col 5)(children: CastLongToDouble(col 3) -> 12:double) -> boolean, FilterDecimalScalarLessEqualDecimalColumn(val 79.553, col 14)(children: CastLongToDecimal(col 1) -> 14:decimal(8,3)) -> boolean, FilterTimestampColGreaterTimestampColumn(col 8, col 9) -> boolean) -> boolean) -> boolean
-                    predicate: (((UDFToFloat(cint) <= cfloat) and (79.553 <> CAST( cbigint AS decimal(22,3))) and (UDFToDouble(ctimestamp2) = -29071.0)) or ((UDFToDouble(cbigint) > cdouble) and (79.553 <= CAST( csmallint AS decimal(8,3))) and (ctimestamp1 > ctimestamp2))) (type: boolean)
+                    predicate: (((UDFToDouble(cbigint) > cdouble) and (79.553 <= CAST( csmallint AS decimal(8,3))) and (ctimestamp1 > ctimestamp2)) or ((UDFToFloat(cint) <= cfloat) and (79.553 <> CAST( cbigint AS decimal(22,3))) and (UDFToDouble(ctimestamp2) = -29071.0))) (type: boolean)
                     Statistics: Num rows: 2503 Data size: 260060 Basic stats: COMPLETE Column stats: COMPLETE
                     Select Operator
                       expressions: ctinyint (type: tinyint), csmallint (type: smallint), cint (type: int), cfloat (type: float)
diff --git a/ql/src/test/results/clientpositive/llap/vectorization_4.q.out b/ql/src/test/results/clientpositive/llap/vectorization_4.q.out
index 0b2adade2c..dbf34d3f43 100644
--- a/ql/src/test/results/clientpositive/llap/vectorization_4.q.out
+++ b/ql/src/test/results/clientpositive/llap/vectorization_4.q.out
@@ -73,7 +73,7 @@ STAGE PLANS:
                         className: VectorFilterOperator
                         native: true
                         predicateExpression: FilterExprOrExpr(children: FilterLongColGreaterEqualLongColumn(col 1, col 2)(children: col 1) -> boolean, FilterExprAndExpr(children: FilterLongScalarGreaterEqualLongColumn(val -89010, col 0)(children: col 0) -> boolean, FilterDoubleColGreaterDoubleScalar(col 5, val 79.553) -> boolean) -> boolean, FilterExprAndExpr(children: FilterLongScalarNotEqualLongColumn(val -563, col 3) -> boolean, FilterExprOrExpr(children: FilterLongColNotEqualLongColumn(col 0, col 3)(children: col 0) -> boolean, FilterDoubleScalarGreaterEqualDoubleColumn(val -3728.0, col 5) -> boolean) -> boolean) -> boolean) -> boolean
-                    predicate: ((UDFToInteger(csmallint) >= cint) or ((-89010 >= UDFToInteger(ctinyint)) and (cdouble > 79.553)) or ((-563 <> cbigint) and ((UDFToLong(ctinyint) <> cbigint) or (-3728.0 >= cdouble)))) (type: boolean)
+                    predicate: (((-563 <> cbigint) and ((UDFToLong(ctinyint) <> cbigint) or (-3728.0 >= cdouble))) or ((-89010 >= UDFToInteger(ctinyint)) and (cdouble > 79.553)) or (UDFToInteger(csmallint) >= cint)) (type: boolean)
                     Statistics: Num rows: 12288 Data size: 256884 Basic stats: COMPLETE Column stats: COMPLETE
                     Select Operator
                       expressions: ctinyint (type: tinyint), cint (type: int), cdouble (type: double)
diff --git a/ql/src/test/results/clientpositive/llap/vectorization_5.q.out b/ql/src/test/results/clientpositive/llap/vectorization_5.q.out
index 230078058a..af818e53b2 100644
--- a/ql/src/test/results/clientpositive/llap/vectorization_5.q.out
+++ b/ql/src/test/results/clientpositive/llap/vectorization_5.q.out
@@ -67,7 +67,7 @@ STAGE PLANS:
                         className: VectorFilterOperator
                         native: true
                         predicateExpression: FilterExprOrExpr(children: FilterExprAndExpr(children: SelectColumnIsNotNull(col 11) -> boolean, FilterStringColLikeStringScalar(col 6, pattern %b%) -> boolean) -> boolean, FilterExprAndExpr(children: FilterDoubleColEqualDoubleColumn(col 12, col 5)(children: CastLongToDouble(col 0) -> 12:double) -> boolean, SelectColumnIsNotNull(col 9) -> boolean, FilterStringColLikeStringScalar(col 7, pattern a) -> boolean) -> boolean) -> boolean
-                    predicate: ((cboolean2 is not null and (cstring1 like '%b%')) or ((UDFToDouble(ctinyint) = cdouble) and ctimestamp2 is not null and (cstring2 like 'a'))) (type: boolean)
+                    predicate: (((UDFToDouble(ctinyint) = cdouble) and ctimestamp2 is not null and (cstring2 like 'a')) or (cboolean2 is not null and (cstring1 like '%b%'))) (type: boolean)
                     Statistics: Num rows: 7658 Data size: 1529972 Basic stats: COMPLETE Column stats: COMPLETE
                     Select Operator
                       expressions: ctinyint (type: tinyint), csmallint (type: smallint), cint (type: int)
diff --git a/ql/src/test/results/clientpositive/llap/vectorization_6.q.out b/ql/src/test/results/clientpositive/llap/vectorization_6.q.out
index 33814f258d..281a03c3eb 100644
--- a/ql/src/test/results/clientpositive/llap/vectorization_6.q.out
+++ b/ql/src/test/results/clientpositive/llap/vectorization_6.q.out
@@ -66,7 +66,7 @@ STAGE PLANS:
                         className: VectorFilterOperator
                         native: true
                         predicateExpression: FilterExprAndExpr(children: FilterLongColNotEqualLongScalar(col 0, val 0) -> boolean, FilterExprOrExpr(children: FilterExprAndExpr(children: FilterLongColLessEqualLongScalar(col 10, val 0) -> boolean, FilterLongColGreaterEqualLongColumn(col 11, col 10) -> boolean) -> boolean, FilterExprAndExpr(children: SelectColumnIsNotNull(col 3) -> boolean, FilterExprOrExpr(children: FilterStringColLikeStringScalar(col 7, pattern %a) -> boolean, FilterDoubleColLessEqualDoubleScalar(col 4, val -257.0) -> boolean) -> boolean) -> boolean) -> boolean) -> boolean
-                    predicate: ((ctinyint <> 0) and (((cboolean1 <= 0) and (cboolean2 >= cboolean1)) or (cbigint is not null and ((cstring2 like '%a') or (cfloat <= -257))))) (type: boolean)
+                    predicate: ((((cboolean1 <= 0) and (cboolean2 >= cboolean1)) or (cbigint is not null and ((cstring2 like '%a') or (cfloat <= -257)))) and (ctinyint <> 0)) (type: boolean)
                     Statistics: Num rows: 5951 Data size: 1022000 Basic stats: COMPLETE Column stats: COMPLETE
                     Select Operator
                       expressions: cboolean1 (type: boolean), cfloat (type: float), cstring1 (type: string), (988888 * UDFToInteger(csmallint)) (type: int), (- csmallint) (type: smallint), (- cfloat) (type: float), (-26.28 / UDFToDouble(cfloat)) (type: double), (cfloat * 359.0) (type: float), (cint % UDFToInteger(ctinyint)) (type: int), (- cdouble) (type: double), (UDFToInteger(ctinyint) - -75) (type: int), (762 * (cint % UDFToInteger(ctinyint))) (type: int)
diff --git a/ql/src/test/results/clientpositive/llap/vectorization_7.q.out b/ql/src/test/results/clientpositive/llap/vectorization_7.q.out
index 9e13ea6099..dc9dd05efb 100644
--- a/ql/src/test/results/clientpositive/llap/vectorization_7.q.out
+++ b/ql/src/test/results/clientpositive/llap/vectorization_7.q.out
@@ -81,7 +81,7 @@ STAGE PLANS:
                         className: VectorFilterOperator
                         native: true
                         predicateExpression: FilterExprAndExpr(children: FilterLongColNotEqualLongScalar(col 0, val 0) -> boolean, FilterExprOrExpr(children: FilterDoubleColLessEqualDoubleScalar(col 12, val 0.0)(children: CastTimestampToDouble(col 8) -> 12:double) -> boolean, FilterLongColEqualLongColumn(col 0, col 2)(children: col 0) -> boolean, FilterStringColLikeStringScalar(col 7, pattern ss) -> boolean) -> boolean, FilterExprOrExpr(children: FilterDoubleScalarLessDoubleColumn(val 988888.0, col 5) -> boolean, FilterExprAndExpr(children: FilterDoubleColGreaterDoubleScalar(col 12, val -15.0)(children: CastTimestampToDouble(col 9) -> 12:double) -> boolean, FilterDoubleScalarGreaterEqualDoubleColumn(val 3569.0, col 5) -> boolean) -> boolean) -> boolean) -> boolean
-                    predicate: ((ctinyint <> 0) and ((UDFToDouble(ctimestamp1) <= 0.0) or (UDFToInteger(ctinyint) = cint) or (cstring2 like 'ss')) and ((988888.0 < cdouble) or ((UDFToDouble(ctimestamp2) > -15.0) and (3569.0 >= cdouble)))) (type: boolean)
+                    predicate: (((988888.0 < cdouble) or ((UDFToDouble(ctimestamp2) > -15.0) and (3569.0 >= cdouble))) and ((UDFToDouble(ctimestamp1) <= 0.0) or (UDFToInteger(ctinyint) = cint) or (cstring2 like 'ss')) and (ctinyint <> 0)) (type: boolean)
                     Statistics: Num rows: 5461 Data size: 1342196 Basic stats: COMPLETE Column stats: COMPLETE
                     Select Operator
                       expressions: cboolean1 (type: boolean), cbigint (type: bigint), csmallint (type: smallint), ctinyint (type: tinyint), ctimestamp1 (type: timestamp), cstring1 (type: string), (cbigint + cbigint) (type: bigint), (UDFToInteger(csmallint) % -257) (type: int), (- csmallint) (type: smallint), (- ctinyint) (type: tinyint), (UDFToInteger((- ctinyint)) + 17) (type: int), (cbigint * UDFToLong((- csmallint))) (type: bigint), (cint % UDFToInteger(csmallint)) (type: int), (- ctinyint) (type: tinyint), ((- ctinyint) % ctinyint) (type: tinyint)
@@ -330,7 +330,7 @@ STAGE PLANS:
                         className: VectorFilterOperator
                         native: true
                         predicateExpression: FilterExprAndExpr(children: FilterLongColNotEqualLongScalar(col 0, val 0) -> boolean, FilterExprOrExpr(children: FilterDoubleColLessEqualDoubleScalar(col 12, val 0.0)(children: CastTimestampToDouble(col 8) -> 12:double) -> boolean, FilterLongColEqualLongColumn(col 0, col 2)(children: col 0) -> boolean, FilterStringColLikeStringScalar(col 7, pattern ss) -> boolean) -> boolean, FilterExprOrExpr(children: FilterDoubleScalarLessDoubleColumn(val 988888.0, col 5) -> boolean, FilterExprAndExpr(children: FilterDoubleColGreaterDoubleScalar(col 12, val 7.6850000000000005)(children: CastTimestampToDouble(col 9) -> 12:double) -> boolean, FilterDoubleScalarGreaterEqualDoubleColumn(val 3569.0, col 5) -> boolean) -> boolean) -> boolean) -> boolean
-                    predicate: ((ctinyint <> 0) and ((UDFToDouble(ctimestamp1) <= 0.0) or (UDFToInteger(ctinyint) = cint) or (cstring2 like 'ss')) and ((988888.0 < cdouble) or ((UDFToDouble(ctimestamp2) > 7.6850000000000005) and (3569.0 >= cdouble)))) (type: boolean)
+                    predicate: (((988888.0 < cdouble) or ((UDFToDouble(ctimestamp2) > 7.6850000000000005) and (3569.0 >= cdouble))) and ((UDFToDouble(ctimestamp1) <= 0.0) or (UDFToInteger(ctinyint) = cint) or (cstring2 like 'ss')) and (ctinyint <> 0)) (type: boolean)
                     Statistics: Num rows: 5461 Data size: 1342196 Basic stats: COMPLETE Column stats: COMPLETE
                     Select Operator
                       expressions: cboolean1 (type: boolean), cbigint (type: bigint), csmallint (type: smallint), ctinyint (type: tinyint), ctimestamp1 (type: timestamp), cstring1 (type: string), (cbigint + cbigint) (type: bigint), (UDFToInteger(csmallint) % -257) (type: int), (- csmallint) (type: smallint), (- ctinyint) (type: tinyint), (UDFToInteger((- ctinyint)) + 17) (type: int), (cbigint * UDFToLong((- csmallint))) (type: bigint), (cint % UDFToInteger(csmallint)) (type: int), (- ctinyint) (type: tinyint), ((- ctinyint) % ctinyint) (type: tinyint)
diff --git a/ql/src/test/results/clientpositive/llap/vectorization_8.q.out b/ql/src/test/results/clientpositive/llap/vectorization_8.q.out
index 334e2dbb93..168868a419 100644
--- a/ql/src/test/results/clientpositive/llap/vectorization_8.q.out
+++ b/ql/src/test/results/clientpositive/llap/vectorization_8.q.out
@@ -77,7 +77,7 @@ STAGE PLANS:
                         className: VectorFilterOperator
                         native: true
                         predicateExpression: FilterExprOrExpr(children: FilterExprAndExpr(children: SelectColumnIsNotNull(col 7) -> boolean, FilterDoubleColLessEqualDoubleScalar(col 12, val 10.0)(children: CastTimestampToDouble(col 8) -> 12:double) -> boolean, FilterDoubleColNotEqualDoubleScalar(col 12, val 16.0)(children: CastTimestampToDouble(col 9) -> 12:double) -> boolean) -> boolean, FilterDoubleColLessDoubleScalar(col 4, val -6432.0) -> boolean, FilterExprAndExpr(children: SelectColumnIsNotNull(col 10) -> boolean, FilterDoubleColEqualDoubleScalar(col 5, val 988888.0) -> boolean) -> boolean) -> boolean
-                    predicate: ((cstring2 is not null and (UDFToDouble(ctimestamp1) <= 10.0) and (UDFToDouble(ctimestamp2) <> 16.0)) or (cfloat < -6432) or (cboolean1 is not null and (cdouble = 988888.0))) (type: boolean)
+                    predicate: ((cboolean1 is not null and (cdouble = 988888.0)) or (cfloat < -6432) or (cstring2 is not null and (UDFToDouble(ctimestamp1) <= 10.0) and (UDFToDouble(ctimestamp2) <> 16.0))) (type: boolean)
                     Statistics: Num rows: 3059 Data size: 742850 Basic stats: COMPLETE Column stats: COMPLETE
                     Select Operator
                       expressions: ctimestamp1 (type: timestamp), cdouble (type: double), cboolean1 (type: boolean), cstring1 (type: string), cfloat (type: float), (- cdouble) (type: double), (-5638.15 - cdouble) (type: double), (cdouble * -257.0) (type: double), (UDFToFloat(cint) + cfloat) (type: float), ((- cdouble) + UDFToDouble(cbigint)) (type: double), (- cdouble) (type: double), (-1.389 - cfloat) (type: float), (- cfloat) (type: float), ((-5638.15 - cdouble) + UDFToDouble((UDFToFloat(cint) + cfloat))) (type: double)
@@ -313,7 +313,7 @@ STAGE PLANS:
                         className: VectorFilterOperator
                         native: true
                         predicateExpression: FilterExprOrExpr(children: FilterExprAndExpr(children: SelectColumnIsNotNull(col 7) -> boolean, FilterDoubleColLessEqualDoubleScalar(col 12, val 12.503)(children: CastTimestampToDouble(col 8) -> 12:double) -> boolean, FilterDoubleColNotEqualDoubleScalar(col 12, val 11.998)(children: CastTimestampToDouble(col 9) -> 12:double) -> boolean) -> boolean, FilterDoubleColLessDoubleScalar(col 4, val -6432.0) -> boolean, FilterExprAndExpr(children: SelectColumnIsNotNull(col 10) -> boolean, FilterDoubleColEqualDoubleScalar(col 5, val 988888.0) -> boolean) -> boolean) -> boolean
-                    predicate: ((cstring2 is not null and (UDFToDouble(ctimestamp1) <= 12.503) and (UDFToDouble(ctimestamp2) <> 11.998)) or (cfloat < -6432) or (cboolean1 is not null and (cdouble = 988888.0))) (type: boolean)
+                    predicate: ((cboolean1 is not null and (cdouble = 988888.0)) or (cfloat < -6432) or (cstring2 is not null and (UDFToDouble(ctimestamp1) <= 12.503) and (UDFToDouble(ctimestamp2) <> 11.998))) (type: boolean)
                     Statistics: Num rows: 3059 Data size: 742850 Basic stats: COMPLETE Column stats: COMPLETE
                     Select Operator
                       expressions: ctimestamp1 (type: timestamp), cdouble (type: double), cboolean1 (type: boolean), cstring1 (type: string), cfloat (type: float), (- cdouble) (type: double), (-5638.15 - cdouble) (type: double), (cdouble * -257.0) (type: double), (UDFToFloat(cint) + cfloat) (type: float), ((- cdouble) + UDFToDouble(cbigint)) (type: double), (- cdouble) (type: double), (-1.389 - cfloat) (type: float), (- cfloat) (type: float), ((-5638.15 - cdouble) + UDFToDouble((UDFToFloat(cint) + cfloat))) (type: double)
diff --git a/ql/src/test/results/clientpositive/llap/vectorization_9.q.out b/ql/src/test/results/clientpositive/llap/vectorization_9.q.out
index d961af2513..3cb7c13759 100644
--- a/ql/src/test/results/clientpositive/llap/vectorization_9.q.out
+++ b/ql/src/test/results/clientpositive/llap/vectorization_9.q.out
@@ -67,7 +67,7 @@ STAGE PLANS:
                         className: VectorFilterOperator
                         native: true
                         predicateExpression: FilterExprAndExpr(children: FilterStringColLikeStringScalar(col 7, pattern %b%) -> boolean, FilterExprOrExpr(children: FilterDoubleColGreaterEqualDoubleScalar(col 5, val -1.389) -> boolean, FilterStringGroupColLessStringScalar(col 6, val a) -> boolean) -> boolean) -> boolean
-                    predicate: ((cstring2 like '%b%') and ((cdouble >= -1.389) or (cstring1 < 'a'))) (type: boolean)
+                    predicate: (((cdouble >= -1.389) or (cstring1 < 'a')) and (cstring2 like '%b%')) (type: boolean)
                     Statistics: Num rows: 4096 Data size: 769522 Basic stats: COMPLETE Column stats: COMPLETE
                     Select Operator
                       expressions: cdouble (type: double), cstring1 (type: string), ctimestamp1 (type: timestamp)
diff --git a/ql/src/test/results/clientpositive/llap/vectorization_decimal_date.q.out b/ql/src/test/results/clientpositive/llap/vectorization_decimal_date.q.out
index d2ce7d64fd..90cae4430b 100644
--- a/ql/src/test/results/clientpositive/llap/vectorization_decimal_date.q.out
+++ b/ql/src/test/results/clientpositive/llap/vectorization_decimal_date.q.out
@@ -42,7 +42,7 @@ STAGE PLANS:
                         className: VectorFilterOperator
                         native: true
                         predicateExpression: FilterExprAndExpr(children: SelectColumnIsNotNull(col 0) -> boolean, SelectColumnIsNotNull(col 1) -> boolean) -> boolean
-                    predicate: (cint is not null and cdouble is not null) (type: boolean)
+                    predicate: (cdouble is not null and cint is not null) (type: boolean)
                     Statistics: Num rows: 11060 Data size: 1891486 Basic stats: COMPLETE Column stats: NONE
                     Select Operator
                       expressions: cdate (type: date), cdecimal (type: decimal(20,10))
diff --git a/ql/src/test/results/clientpositive/llap/vectorization_short_regress.q.out b/ql/src/test/results/clientpositive/llap/vectorization_short_regress.q.out
index fe4a30fa9c..afb77c4775 100644
--- a/ql/src/test/results/clientpositive/llap/vectorization_short_regress.q.out
+++ b/ql/src/test/results/clientpositive/llap/vectorization_short_regress.q.out
@@ -101,7 +101,7 @@ STAGE PLANS:
                         className: VectorFilterOperator
                         native: true
                         predicateExpression: FilterExprOrExpr(children: FilterLongScalarEqualLongColumn(val 762, col 3) -> boolean, FilterExprAndExpr(children: FilterDoubleColLessDoubleColumn(col 12, col 4)(children: CastLongToFloatViaLongToDouble(col 1) -> 12:double) -> boolean, FilterDoubleColGreaterDoubleScalar(col 12, val -5.0)(children: CastTimestampToDouble(col 9) -> 12:double) -> boolean, FilterDoubleColNotEqualDoubleColumn(col 5, col 12)(children: CastLongToDouble(col 2) -> 12:double) -> boolean) -> boolean, FilterStringGroupColEqualStringScalar(col 6, val a) -> boolean, FilterExprAndExpr(children: FilterDecimalColLessEqualDecimalScalar(col 13, val -1.389)(children: CastLongToDecimal(col 3) -> 13:decimal(22,3)) -> boolean, FilterStringGroupColNotEqualStringScalar(col 7, val a) -> boolean, FilterDecimalScalarNotEqualDecimalColumn(val 79.553, col 14)(children: CastLongToDecimal(col 2) -> 14:decimal(13,3)) -> boolean, FilterLongColNotEqualLongColumn(col 11, col 10) -> boolean) -> boolean) -> boolean
-                    predicate: ((762 = cbigint) or ((UDFToFloat(csmallint) < cfloat) and (UDFToDouble(ctimestamp2) > -5.0) and (cdouble <> UDFToDouble(cint))) or (cstring1 = 'a') or ((CAST( cbigint AS decimal(22,3)) <= -1.389) and (cstring2 <> 'a') and (79.553 <> CAST( cint AS decimal(13,3))) and (cboolean2 <> cboolean1))) (type: boolean)
+                    predicate: (((CAST( cbigint AS decimal(22,3)) <= -1.389) and (cstring2 <> 'a') and (79.553 <> CAST( cint AS decimal(13,3))) and (cboolean2 <> cboolean1)) or ((UDFToFloat(csmallint) < cfloat) and (UDFToDouble(ctimestamp2) > -5.0) and (cdouble <> UDFToDouble(cint))) or (762 = cbigint) or (cstring1 = 'a')) (type: boolean)
                     Statistics: Num rows: 5465 Data size: 1157230 Basic stats: COMPLETE Column stats: COMPLETE
                     Select Operator
                       expressions: ctinyint (type: tinyint), csmallint (type: smallint), cint (type: int), cfloat (type: float), cdouble (type: double)
@@ -365,7 +365,7 @@ STAGE PLANS:
                         className: VectorFilterOperator
                         native: true
                         predicateExpression: FilterExprOrExpr(children: FilterExprAndExpr(children: FilterLongColLessEqualLongScalar(col 3, val 197) -> boolean, FilterLongColLessLongColumn(col 2, col 3)(children: col 2) -> boolean) -> boolean, FilterExprAndExpr(children: FilterDoubleColGreaterEqualDoubleScalar(col 5, val -26.28) -> boolean, FilterDoubleColGreaterDoubleColumn(col 12, col 5)(children: CastLongToDouble(col 1) -> 12:double) -> boolean) -> boolean, FilterExprAndExpr(children: FilterDoubleColGreaterDoubleColumn(col 12, col 4)(children: CastLongToFloatViaLongToDouble(col 0) -> 12:double) -> boolean, FilterStringColRegExpStringScalar(col 6, pattern .*ss.*) -> boolean) -> boolean, FilterExprAndExpr(children: FilterDoubleColGreaterDoubleScalar(col 4, val 79.5530014038086) -> boolean, FilterStringColLikeStringScalar(col 7, pattern 10%) -> boolean) -> boolean) -> boolean
-                    predicate: (((cbigint <= 197) and (UDFToLong(cint) < cbigint)) or ((cdouble >= -26.28) and (UDFToDouble(csmallint) > cdouble)) or ((UDFToFloat(ctinyint) > cfloat) and cstring1 regexp '.*ss.*') or ((cfloat > 79.553) and (cstring2 like '10%'))) (type: boolean)
+                    predicate: (((UDFToFloat(ctinyint) > cfloat) and cstring1 regexp '.*ss.*') or ((cbigint <= 197) and (UDFToLong(cint) < cbigint)) or ((cdouble >= -26.28) and (UDFToDouble(csmallint) > cdouble)) or ((cfloat > 79.553) and (cstring2 like '10%'))) (type: boolean)
                     Statistics: Num rows: 6826 Data size: 1131534 Basic stats: COMPLETE Column stats: COMPLETE
                     Select Operator
                       expressions: ctinyint (type: tinyint), csmallint (type: smallint), cint (type: int), cbigint (type: bigint), cdouble (type: double)
@@ -621,7 +621,7 @@ STAGE PLANS:
                         className: VectorFilterOperator
                         native: true
                         predicateExpression: FilterExprOrExpr(children: FilterTimestampColEqualTimestampColumn(col 8, col 9) -> boolean, FilterDoubleScalarEqualDoubleColumn(val 762.0, col 4) -> boolean, FilterStringGroupColEqualStringScalar(col 6, val ss) -> boolean, FilterExprAndExpr(children: FilterLongColLessEqualLongColumn(col 1, col 3)(children: col 1) -> boolean, FilterLongScalarEqualLongColumn(val 1, col 11) -> boolean) -> boolean, FilterExprAndExpr(children: SelectColumnIsNotNull(col 10) -> boolean, SelectColumnIsNotNull(col 9) -> boolean, FilterStringGroupColGreaterStringScalar(col 7, val a) -> boolean) -> boolean) -> boolean
-                    predicate: ((ctimestamp1 = ctimestamp2) or (762 = cfloat) or (cstring1 = 'ss') or ((UDFToLong(csmallint) <= cbigint) and (1 = cboolean2)) or (cboolean1 is not null and ctimestamp2 is not null and (cstring2 > 'a'))) (type: boolean)
+                    predicate: (((UDFToLong(csmallint) <= cbigint) and (1 = cboolean2)) or (762 = cfloat) or (cboolean1 is not null and ctimestamp2 is not null and (cstring2 > 'a')) or (cstring1 = 'ss') or (ctimestamp1 = ctimestamp2)) (type: boolean)
                     Statistics: Num rows: 11346 Data size: 2856120 Basic stats: COMPLETE Column stats: COMPLETE
                     Select Operator
                       expressions: ctinyint (type: tinyint), csmallint (type: smallint), cint (type: int), cbigint (type: bigint), cdouble (type: double)
@@ -856,7 +856,7 @@ STAGE PLANS:
                         className: VectorFilterOperator
                         native: true
                         predicateExpression: FilterExprOrExpr(children: FilterExprAndExpr(children: FilterTimestampColLessEqualTimestampColumn(col 9, col 8) -> boolean, FilterDoubleColNotEqualDoubleColumn(col 12, col 5)(children: CastLongToDouble(col 3) -> 12:double) -> boolean, FilterStringScalarLessEqualStringGroupColumn(val ss, col 6) -> boolean) -> boolean, FilterExprAndExpr(children: FilterLongColLessLongColumn(col 1, col 0)(children: col 0) -> boolean, FilterDoubleColGreaterEqualDoubleScalar(col 12, val 0.0)(children: CastTimestampToDouble(col 8) -> 12:double) -> boolean) -> boolean, FilterDoubleColEqualDoubleScalar(col 4, val 17.0) -> boolean) -> boolean
-                    predicate: (((ctimestamp2 <= ctimestamp1) and (UDFToDouble(cbigint) <> cdouble) and ('ss' <= cstring1)) or ((csmallint < UDFToShort(ctinyint)) and (UDFToDouble(ctimestamp1) >= 0.0)) or (cfloat = 17)) (type: boolean)
+                    predicate: (((csmallint < UDFToShort(ctinyint)) and (UDFToDouble(ctimestamp1) >= 0.0)) or ((ctimestamp2 <= ctimestamp1) and (UDFToDouble(cbigint) <> cdouble) and ('ss' <= cstring1)) or (cfloat = 17)) (type: boolean)
                     Statistics: Num rows: 2824 Data size: 491654 Basic stats: COMPLETE Column stats: COMPLETE
                     Select Operator
                       expressions: ctinyint (type: tinyint), cint (type: int), cbigint (type: bigint), cfloat (type: float)
@@ -1099,7 +1099,7 @@ STAGE PLANS:
                         className: VectorFilterOperator
                         native: true
                         predicateExpression: FilterExprOrExpr(children: FilterExprAndExpr(children: FilterStringColRegExpStringScalar(col 6, pattern a.*) -> boolean, FilterStringColLikeStringScalar(col 7, pattern %ss%) -> boolean) -> boolean, FilterExprAndExpr(children: FilterLongScalarNotEqualLongColumn(val 1, col 11) -> boolean, FilterDecimalColLessDecimalScalar(col 12, val 79.553)(children: CastLongToDecimal(col 1) -> 12:decimal(8,3)) -> boolean, FilterLongScalarNotEqualLongColumn(val -257, col 0)(children: col 0) -> boolean) -> boolean, FilterExprAndExpr(children: FilterDoubleColGreaterDoubleColumn(col 5, col 13)(children: CastLongToDouble(col 0) -> 13:double) -> boolean, FilterDoubleColGreaterEqualDoubleColumn(col 4, col 13)(children: CastLongToFloatViaLongToDouble(col 2) -> 13:double) -> boolean) -> boolean, FilterExprAndExpr(children: FilterLongColLessLongColumn(col 2, col 3)(children: col 2) -> boolean, FilterLongColGreaterLongColumn(col 0, col 3)(children: col 0) -> boolean) -> boolean) -> boolean
-                    predicate: ((cstring1 regexp 'a.*' and (cstring2 like '%ss%')) or ((1 <> cboolean2) and (CAST( csmallint AS decimal(8,3)) < 79.553) and (-257 <> UDFToInteger(ctinyint))) or ((cdouble > UDFToDouble(ctinyint)) and (cfloat >= UDFToFloat(cint))) or ((UDFToLong(cint) < cbigint) and (UDFToLong(ctinyint) > cbigint))) (type: boolean)
+                    predicate: (((1 <> cboolean2) and (CAST( csmallint AS decimal(8,3)) < 79.553) and (-257 <> UDFToInteger(ctinyint))) or ((UDFToLong(cint) < cbigint) and (UDFToLong(ctinyint) > cbigint)) or ((cdouble > UDFToDouble(ctinyint)) and (cfloat >= UDFToFloat(cint))) or (cstring1 regexp 'a.*' and (cstring2 like '%ss%'))) (type: boolean)
                     Statistics: Num rows: 9898 Data size: 2462086 Basic stats: COMPLETE Column stats: COMPLETE
                     Select Operator
                       expressions: cint (type: int), cdouble (type: double), ctimestamp2 (type: timestamp), cstring1 (type: string), cboolean2 (type: boolean), ctinyint (type: tinyint), cfloat (type: float), ctimestamp1 (type: timestamp), csmallint (type: smallint), cbigint (type: bigint), (-3728 * cbigint) (type: bigint), (- cint) (type: int), (-863.257 - CAST( cint AS decimal(10,0))) (type: decimal(14,3)), (- csmallint) (type: smallint), (csmallint - (- csmallint)) (type: smallint), ((csmallint - (- csmallint)) + (- csmallint)) (type: smallint), (UDFToDouble(cint) / UDFToDouble(cint)) (type: double), ((-863.257 - CAST( cint AS decimal(10,0))) - -26.28) (type: decimal(15,3)), (- cfloat) (type: float), (cdouble * -89010.0) (type: double), (UDFToDouble(ctinyint) / 988888.0) (type: double), (- ctinyint) (type: tinyint), (79.553 / CAST( ctinyint AS decimal(3,0))) (type: decimal(9,7))
@@ -1397,7 +1397,7 @@ STAGE PLANS:
                         className: VectorFilterOperator
                         native: true
                         predicateExpression: FilterExprOrExpr(children: FilterExprAndExpr(children: FilterLongScalarGreaterLongColumn(val 197, col 0)(children: col 0) -> boolean, FilterLongColEqualLongColumn(col 2, col 3)(children: col 2) -> boolean) -> boolean, FilterLongColEqualLongScalar(col 3, val 359) -> boolean, FilterLongColLessLongScalar(col 10, val 0) -> boolean, FilterExprAndExpr(children: FilterStringColLikeStringScalar(col 6, pattern %ss) -> boolean, FilterDoubleColLessEqualDoubleColumn(col 4, col 12)(children: CastLongToFloatViaLongToDouble(col 0) -> 12:double) -> boolean) -> boolean) -> boolean
-                    predicate: (((197 > UDFToInteger(ctinyint)) and (UDFToLong(cint) = cbigint)) or (cbigint = 359) or (cboolean1 < 0) or ((cstring1 like '%ss') and (cfloat <= UDFToFloat(ctinyint)))) (type: boolean)
+                    predicate: (((197 > UDFToInteger(ctinyint)) and (UDFToLong(cint) = cbigint)) or ((cstring1 like '%ss') and (cfloat <= UDFToFloat(ctinyint))) or (cbigint = 359) or (cboolean1 < 0)) (type: boolean)
                     Statistics: Num rows: 8194 Data size: 1734900 Basic stats: COMPLETE Column stats: COMPLETE
                     Select Operator
                       expressions: cint (type: int), cbigint (type: bigint), cstring1 (type: string), cboolean1 (type: boolean), cfloat (type: float), cdouble (type: double), ctimestamp2 (type: timestamp), csmallint (type: smallint), cstring2 (type: string), cboolean2 (type: boolean), (UDFToDouble(cint) / UDFToDouble(cbigint)) (type: double), (CAST( cbigint AS decimal(19,0)) % 79.553) (type: decimal(5,3)), (- (UDFToDouble(cint) / UDFToDouble(cbigint))) (type: double), (10.175 % cfloat) (type: float), (- cfloat) (type: float), (cfloat - (- cfloat)) (type: float), ((cfloat - (- cfloat)) % -6432.0) (type: float), (cdouble * UDFToDouble(csmallint)) (type: double), (- cdouble) (type: double), (- cbigint) (type: bigint), (UDFToDouble(cfloat) - (UDFToDouble(cint) / UDFToDouble(cbigint))) (type: double), (- csmallint) (type: smallint), (3569 % cbigint) (type: bigint), (359.0 - cdouble) (type: double), (- csmallint) (type: smallint)
@@ -1644,7 +1644,7 @@ STAGE PLANS:
                         className: VectorFilterOperator
                         native: true
                         predicateExpression: FilterExprOrExpr(children: FilterExprAndExpr(children: FilterDecimalColGreaterDecimalScalar(col 12, val -26.28)(children: CastLongToDecimal(col 1) -> 12:decimal(7,2)) -> boolean, FilterStringColLikeStringScalar(col 7, pattern ss) -> boolean) -> boolean, FilterExprAndExpr(children: FilterDoubleColLessEqualDoubleColumn(col 5, col 13)(children: CastLongToDouble(col 3) -> 13:double) -> boolean, FilterStringGroupColGreaterEqualStringScalar(col 6, val ss) -> boolean, FilterDoubleColNotEqualDoubleColumn(col 13, col 5)(children: CastLongToDouble(col 2) -> 13:double) -> boolean) -> boolean, FilterLongColEqualLongScalar(col 0, val -89010)(children: col 0) -> boolean, FilterExprAndExpr(children: FilterDoubleColLessEqualDoubleColumn(col 13, col 4)(children: CastLongToFloatViaLongToDouble(col 3) -> 13:double) -> boolean, FilterDecimalScalarLessEqualDecimalColumn(val -26.28, col 12)(children: CastLongToDecimal(col 1) -> 12:decimal(7,2)) -> boolean) -> boolean) -> boolean
-                    predicate: (((CAST( csmallint AS decimal(7,2)) > -26.28) and (cstring2 like 'ss')) or ((cdouble <= UDFToDouble(cbigint)) and (cstring1 >= 'ss') and (UDFToDouble(cint) <> cdouble)) or (UDFToInteger(ctinyint) = -89010) or ((UDFToFloat(cbigint) <= cfloat) and (-26.28 <= CAST( csmallint AS decimal(7,2))))) (type: boolean)
+                    predicate: (((CAST( csmallint AS decimal(7,2)) > -26.28) and (cstring2 like 'ss')) or ((UDFToFloat(cbigint) <= cfloat) and (-26.28 <= CAST( csmallint AS decimal(7,2)))) or ((cdouble <= UDFToDouble(cbigint)) and (cstring1 >= 'ss') and (UDFToDouble(cint) <> cdouble)) or (UDFToInteger(ctinyint) = -89010)) (type: boolean)
                     Statistics: Num rows: 10922 Data size: 2312410 Basic stats: COMPLETE Column stats: COMPLETE
                     Select Operator
                       expressions: cint (type: int), cstring1 (type: string), cboolean2 (type: boolean), ctimestamp2 (type: timestamp), cdouble (type: double), cfloat (type: float), cbigint (type: bigint), csmallint (type: smallint), cboolean1 (type: boolean), (cint + UDFToInteger(csmallint)) (type: int), (cbigint - UDFToLong(ctinyint)) (type: bigint), (- cbigint) (type: bigint), (- cfloat) (type: float), ((cbigint - UDFToLong(ctinyint)) + cbigint) (type: bigint), (cdouble / cdouble) (type: double), (- cdouble) (type: double), (UDFToLong((cint + UDFToInteger(csmallint))) * (- cbigint)) (type: bigint), ((- cdouble) + UDFToDouble(cbigint)) (type: double), (-1.389 / CAST( ctinyint AS decimal(3,0))) (type: decimal(8,7)), (UDFToDouble(cbigint) % cdouble) (type: double), (- csmallint) (type: smallint), (UDFToInteger(csmallint) + (cint + UDFToInteger(csmallint))) (type: int)
@@ -2196,7 +2196,7 @@ STAGE PLANS:
                         className: VectorFilterOperator
                         native: true
                         predicateExpression: FilterExprAndExpr(children: FilterLongColGreaterEqualLongScalar(col 1, val -257)(children: col 1) -> boolean, FilterExprOrExpr(children: FilterLongScalarEqualLongColumn(val -6432, col 1)(children: col 1) -> boolean, FilterExprAndExpr(children: FilterDoubleColGreaterEqualDoubleColumn(col 12, col 5)(children: CastLongToDouble(col 2) -> 12:double) -> boolean, FilterLongColLessEqualLongColumn(col 0, col 2)(children: col 0) -> boolean) -> boolean) -> boolean) -> boolean
-                    predicate: ((UDFToInteger(csmallint) >= -257) and ((-6432 = UDFToInteger(csmallint)) or ((UDFToDouble(cint) >= cdouble) and (UDFToInteger(ctinyint) <= cint)))) (type: boolean)
+                    predicate: (((-6432 = UDFToInteger(csmallint)) or ((UDFToDouble(cint) >= cdouble) and (UDFToInteger(ctinyint) <= cint))) and (UDFToInteger(csmallint) >= -257)) (type: boolean)
                     Statistics: Num rows: 2503 Data size: 52344 Basic stats: COMPLETE Column stats: COMPLETE
                     Select Operator
                       expressions: ctinyint (type: tinyint), csmallint (type: smallint), cbigint (type: bigint)
@@ -2476,7 +2476,7 @@ STAGE PLANS:
                         className: VectorFilterOperator
                         native: true
                         predicateExpression: FilterExprAndExpr(children: FilterDoubleColGreaterDoubleScalar(col 5, val 2563.58) -> boolean, FilterExprOrExpr(children: FilterExprAndExpr(children: FilterLongColGreaterEqualLongColumn(col 3, col 2)(children: col 2) -> boolean, FilterLongColLessLongColumn(col 1, col 2)(children: col 1) -> boolean, FilterDoubleColLessDoubleScalar(col 4, val -5638.14990234375) -> boolean) -> boolean, FilterDecimalScalarEqualDecimalColumn(val 2563.58, col 12)(children: CastLongToDecimal(col 0) -> 12:decimal(6,2)) -> boolean, FilterExprAndExpr(children: FilterDoubleColLessEqualDoubleColumn(col 5, col 13)(children: CastLongToDouble(col 3) -> 13:double) -> boolean, FilterDecimalScalarGreaterDecimalColumn(val -5638.15, col 14)(children: CastLongToDecimal(col 3) -> 14:decimal(21,2)) -> boolean) -> boolean) -> boolean) -> boolean
-                    predicate: ((cdouble > 2563.58) and (((cbigint >= UDFToLong(cint)) and (UDFToInteger(csmallint) < cint) and (cfloat < -5638.15)) or (2563.58 = CAST( ctinyint AS decimal(6,2))) or ((cdouble <= UDFToDouble(cbigint)) and (-5638.15 > CAST( cbigint AS decimal(21,2)))))) (type: boolean)
+                    predicate: ((((cbigint >= UDFToLong(cint)) and (UDFToInteger(csmallint) < cint) and (cfloat < -5638.15)) or (2563.58 = CAST( ctinyint AS decimal(6,2))) or ((cdouble <= UDFToDouble(cbigint)) and (-5638.15 > CAST( cbigint AS decimal(21,2))))) and (cdouble > 2563.58)) (type: boolean)
                     Statistics: Num rows: 2503 Data size: 59820 Basic stats: COMPLETE Column stats: COMPLETE
                     Select Operator
                       expressions: cfloat (type: float), cdouble (type: double)
@@ -2800,7 +2800,7 @@ STAGE PLANS:
                         className: VectorFilterOperator
                         native: true
                         predicateExpression: FilterExprAndExpr(children: FilterDoubleColNotEqualDoubleScalar(col 12, val 0.0)(children: CastTimestampToDouble(col 8) -> 12:double) -> boolean, FilterExprOrExpr(children: FilterExprAndExpr(children: FilterLongScalarNotEqualLongColumn(val -257, col 0)(children: col 0) -> boolean, SelectColumnIsNotNull(col 11) -> boolean, FilterStringColRegExpStringScalar(col 6, pattern .*ss) -> boolean, FilterDoubleScalarLessDoubleColumn(val -3.0, col 12)(children: CastTimestampToDouble(col 8) -> 12:double) -> boolean) -> boolean, FilterDoubleColEqualDoubleScalar(col 12, val -5.0)(children: CastTimestampToDouble(col 9) -> 12:double) -> boolean, FilterExprAndExpr(children: FilterDoubleColLessDoubleScalar(col 12, val 0.0)(children: CastTimestampToDouble(col 8) -> 12:double) -> boolean, FilterStringColLikeStringScalar(col 7, pattern %b%) -> boolean) -> boolean, FilterDoubleColEqualDoubleColumn(col 5, col 12)(children: CastLongToDouble(col 2) -> 12:double) -> boolean, FilterExprAndExpr(children: SelectColumnIsNull(col 10) -> boolean, FilterDoubleColLessDoubleColumn(col 4, col 12)(children: CastLongToFloatViaLongToDouble(col 2) -> 12:double) -> boolean) -> boolean) -> boolean) -> boolean
-                    predicate: ((UDFToDouble(ctimestamp1) <> 0.0) and (((-257 <> UDFToInteger(ctinyint)) and cboolean2 is not null and cstring1 regexp '.*ss' and (-3.0 < UDFToDouble(ctimestamp1))) or (UDFToDouble(ctimestamp2) = -5.0) or ((UDFToDouble(ctimestamp1) < 0.0) and (cstring2 like '%b%')) or (cdouble = UDFToDouble(cint)) or (cboolean1 is null and (cfloat < UDFToFloat(cint))))) (type: boolean)
+                    predicate: ((((-257 <> UDFToInteger(ctinyint)) and cboolean2 is not null and cstring1 regexp '.*ss' and (-3.0 < UDFToDouble(ctimestamp1))) or (UDFToDouble(ctimestamp2) = -5.0) or ((UDFToDouble(ctimestamp1) < 0.0) and (cstring2 like '%b%')) or (cdouble = UDFToDouble(cint)) or (cboolean1 is null and (cfloat < UDFToFloat(cint)))) and (UDFToDouble(ctimestamp1) <> 0.0)) (type: boolean)
                     Statistics: Num rows: 12288 Data size: 3019778 Basic stats: COMPLETE Column stats: COMPLETE
                     Select Operator
                       expressions: ctinyint (type: tinyint), csmallint (type: smallint), cint (type: int), cfloat (type: float), cdouble (type: double), cstring1 (type: string), ctimestamp1 (type: timestamp)
diff --git a/ql/src/test/results/clientpositive/llap/vectorized_case.q.out b/ql/src/test/results/clientpositive/llap/vectorized_case.q.out
index 80add939e7..5559c9252b 100644
--- a/ql/src/test/results/clientpositive/llap/vectorized_case.q.out
+++ b/ql/src/test/results/clientpositive/llap/vectorized_case.q.out
@@ -60,7 +60,7 @@ STAGE PLANS:
                         className: VectorFilterOperator
                         native: true
                         predicateExpression: FilterExprOrExpr(children: FilterLongColEqualLongScalar(col 1, val 418) -> boolean, FilterLongColEqualLongScalar(col 1, val 12205) -> boolean, FilterLongColEqualLongScalar(col 1, val 10583) -> boolean) -> boolean
-                    predicate: ((csmallint = 418) or (csmallint = 12205) or (csmallint = 10583)) (type: boolean)
+                    predicate: ((csmallint = 10583) or (csmallint = 12205) or (csmallint = 418)) (type: boolean)
                     Statistics: Num rows: 6 Data size: 20 Basic stats: COMPLETE Column stats: COMPLETE
                     Select Operator
                       expressions: csmallint (type: smallint), CASE WHEN ((csmallint = 418)) THEN ('a') WHEN ((csmallint = 12205)) THEN ('b') ELSE ('c') END (type: string), CASE WHEN ((csmallint = 418)) THEN ('a') WHEN ((csmallint = 12205)) THEN ('b') ELSE ('c') END (type: string)
@@ -202,7 +202,7 @@ STAGE PLANS:
                         className: VectorFilterOperator
                         native: true
                         predicateExpression: FilterExprOrExpr(children: FilterLongColEqualLongScalar(col 1, val 418) -> boolean, FilterLongColEqualLongScalar(col 1, val 12205) -> boolean, FilterLongColEqualLongScalar(col 1, val 10583) -> boolean) -> boolean
-                    predicate: ((csmallint = 418) or (csmallint = 12205) or (csmallint = 10583)) (type: boolean)
+                    predicate: ((csmallint = 10583) or (csmallint = 12205) or (csmallint = 418)) (type: boolean)
                     Statistics: Num rows: 6 Data size: 20 Basic stats: COMPLETE Column stats: COMPLETE
                     Select Operator
                       expressions: csmallint (type: smallint), CASE WHEN ((csmallint = 418)) THEN ('a') WHEN ((csmallint = 12205)) THEN ('b') ELSE (null) END (type: string), CASE WHEN ((csmallint = 418)) THEN ('a') WHEN ((csmallint = 12205)) THEN (null) ELSE ('c') END (type: string)
diff --git a/ql/src/test/results/clientpositive/llap/vectorized_context.q.out b/ql/src/test/results/clientpositive/llap/vectorized_context.q.out
index 7bc1d60699..debd08215f 100644
--- a/ql/src/test/results/clientpositive/llap/vectorized_context.q.out
+++ b/ql/src/test/results/clientpositive/llap/vectorized_context.q.out
@@ -174,7 +174,7 @@ STAGE PLANS:
                   alias: store_sales
                   Statistics: Num rows: 6075 Data size: 92368 Basic stats: COMPLETE Column stats: NONE
                   Filter Operator
-                    predicate: (ss_store_sk is not null and ss_hdemo_sk is not null) (type: boolean)
+                    predicate: (ss_hdemo_sk is not null and ss_store_sk is not null) (type: boolean)
                     Statistics: Num rows: 5469 Data size: 83154 Basic stats: COMPLETE Column stats: NONE
                     Select Operator
                       expressions: ss_store_sk (type: int), ss_hdemo_sk (type: int), ss_net_profit (type: double)
diff --git a/ql/src/test/results/clientpositive/llap/vectorized_dynamic_partition_pruning.q.out b/ql/src/test/results/clientpositive/llap/vectorized_dynamic_partition_pruning.q.out
index d4b9a1cafd..16cae7927e 100644
--- a/ql/src/test/results/clientpositive/llap/vectorized_dynamic_partition_pruning.q.out
+++ b/ql/src/test/results/clientpositive/llap/vectorized_dynamic_partition_pruning.q.out
@@ -1005,7 +1005,7 @@ STAGE PLANS:
                   filterExpr: ((date = '2008-04-08') and (UDFToDouble(hour) = 11.0) and ds is not null and hr is not null) (type: boolean)
                   Statistics: Num rows: 4 Data size: 2944 Basic stats: COMPLETE Column stats: NONE
                   Filter Operator
-                    predicate: ((date = '2008-04-08') and (UDFToDouble(hour) = 11.0) and ds is not null and hr is not null) (type: boolean)
+                    predicate: ((UDFToDouble(hour) = 11.0) and (date = '2008-04-08') and ds is not null and hr is not null) (type: boolean)
                     Statistics: Num rows: 2 Data size: 1472 Basic stats: COMPLETE Column stats: NONE
                     Select Operator
                       expressions: ds (type: string), hr (type: string)
@@ -1176,7 +1176,7 @@ STAGE PLANS:
                   filterExpr: ((date = '2008-04-08') and (UDFToDouble(hour) = 11.0) and ds is not null and hr is not null) (type: boolean)
                   Statistics: Num rows: 4 Data size: 2944 Basic stats: COMPLETE Column stats: NONE
                   Filter Operator
-                    predicate: ((date = '2008-04-08') and (UDFToDouble(hour) = 11.0) and ds is not null and hr is not null) (type: boolean)
+                    predicate: ((UDFToDouble(hour) = 11.0) and (date = '2008-04-08') and ds is not null and hr is not null) (type: boolean)
                     Statistics: Num rows: 2 Data size: 1472 Basic stats: COMPLETE Column stats: NONE
                     Select Operator
                       expressions: ds (type: string), hr (type: string)
@@ -2558,7 +2558,7 @@ STAGE PLANS:
                   filterExpr: ((date = '2008-04-08') and (UDFToDouble(hour) = 11.0)) (type: boolean)
                   Statistics: Num rows: 4 Data size: 2944 Basic stats: COMPLETE Column stats: NONE
                   Filter Operator
-                    predicate: ((date = '2008-04-08') and (UDFToDouble(hour) = 11.0)) (type: boolean)
+                    predicate: ((UDFToDouble(hour) = 11.0) and (date = '2008-04-08')) (type: boolean)
                     Statistics: Num rows: 2 Data size: 1472 Basic stats: COMPLETE Column stats: NONE
                     Select Operator
                       expressions: ds (type: string), hr (type: string)
@@ -2702,7 +2702,7 @@ STAGE PLANS:
                   filterExpr: ((date = '2008-04-08') and (UDFToDouble(hour) = 11.0) and ds is not null and hr is not null) (type: boolean)
                   Statistics: Num rows: 4 Data size: 2944 Basic stats: COMPLETE Column stats: NONE
                   Filter Operator
-                    predicate: ((date = '2008-04-08') and (UDFToDouble(hour) = 11.0) and ds is not null and hr is not null) (type: boolean)
+                    predicate: ((UDFToDouble(hour) = 11.0) and (date = '2008-04-08') and ds is not null and hr is not null) (type: boolean)
                     Statistics: Num rows: 2 Data size: 1472 Basic stats: COMPLETE Column stats: NONE
                     Select Operator
                       expressions: ds (type: string), hr (type: string)
@@ -4934,7 +4934,7 @@ STAGE PLANS:
                   filterExpr: ((date = '2008-04-08') and (UDFToDouble(hour) = 11.0) and ds is not null and hr is not null) (type: boolean)
                   Statistics: Num rows: 4 Data size: 2944 Basic stats: COMPLETE Column stats: NONE
                   Filter Operator
-                    predicate: ((date = '2008-04-08') and (UDFToDouble(hour) = 11.0) and ds is not null and hr is not null) (type: boolean)
+                    predicate: ((UDFToDouble(hour) = 11.0) and (date = '2008-04-08') and ds is not null and hr is not null) (type: boolean)
                     Statistics: Num rows: 2 Data size: 1472 Basic stats: COMPLETE Column stats: NONE
                     Select Operator
                       expressions: ds (type: string), hr (type: string)
diff --git a/ql/src/test/results/clientpositive/llap/vectorized_dynamic_semijoin_reduction.q.out b/ql/src/test/results/clientpositive/llap/vectorized_dynamic_semijoin_reduction.q.out
index ce0afa6666..26c7a5312a 100644
--- a/ql/src/test/results/clientpositive/llap/vectorized_dynamic_semijoin_reduction.q.out
+++ b/ql/src/test/results/clientpositive/llap/vectorized_dynamic_semijoin_reduction.q.out
@@ -61,7 +61,7 @@ STAGE PLANS:
                         className: VectorFilterOperator
                         native: true
                         predicateExpression: FilterExprAndExpr(children: SelectColumnIsNotNull(col 1) -> boolean, FilterExprAndExpr(children: FilterLongColumnBetweenDynamicValue(col 1, left 0, right 0) -> boolean, VectorInBloomFilterColDynamicValue -> boolean) -> boolean) -> boolean
-                    predicate: (key_int is not null and (key_int BETWEEN DynamicValue(RS_7_b_key_int_min) AND DynamicValue(RS_7_b_key_int_max) and in_bloom_filter(key_int, DynamicValue(RS_7_b_key_int_bloom_filter)))) (type: boolean)
+                    predicate: ((key_int BETWEEN DynamicValue(RS_7_b_key_int_min) AND DynamicValue(RS_7_b_key_int_max) and in_bloom_filter(key_int, DynamicValue(RS_7_b_key_int_bloom_filter))) and key_int is not null) (type: boolean)
                     Statistics: Num rows: 475 Data size: 1808 Basic stats: COMPLETE Column stats: NONE
                     Select Operator
                       expressions: key_int (type: int)
@@ -306,7 +306,7 @@ STAGE PLANS:
                         className: VectorFilterOperator
                         native: true
                         predicateExpression: FilterExprAndExpr(children: SelectColumnIsNotNull(col 0) -> boolean, FilterExprAndExpr(children: FilterStringColumnBetweenDynamicValue(col 0, left NULL, right NULL) -> boolean, VectorInBloomFilterColDynamicValue -> boolean) -> boolean) -> boolean
-                    predicate: (key_str is not null and (key_str BETWEEN DynamicValue(RS_7_b_key_str_min) AND DynamicValue(RS_7_b_key_str_max) and in_bloom_filter(key_str, DynamicValue(RS_7_b_key_str_bloom_filter)))) (type: boolean)
+                    predicate: ((key_str BETWEEN DynamicValue(RS_7_b_key_str_min) AND DynamicValue(RS_7_b_key_str_max) and in_bloom_filter(key_str, DynamicValue(RS_7_b_key_str_bloom_filter))) and key_str is not null) (type: boolean)
                     Statistics: Num rows: 475 Data size: 83204 Basic stats: COMPLETE Column stats: NONE
                     Select Operator
                       expressions: key_str (type: string)
@@ -551,7 +551,7 @@ STAGE PLANS:
                         className: VectorFilterOperator
                         native: true
                         predicateExpression: FilterExprAndExpr(children: SelectColumnIsNotNull(col 0) -> boolean, FilterExprAndExpr(children: FilterStringColumnBetweenDynamicValue(col 0, left NULL, right NULL) -> boolean, VectorInBloomFilterColDynamicValue -> boolean) -> boolean) -> boolean
-                    predicate: (key_str is not null and (key_str BETWEEN DynamicValue(RS_7_b_key_str_min) AND DynamicValue(RS_7_b_key_str_max) and in_bloom_filter(key_str, DynamicValue(RS_7_b_key_str_bloom_filter)))) (type: boolean)
+                    predicate: ((key_str BETWEEN DynamicValue(RS_7_b_key_str_min) AND DynamicValue(RS_7_b_key_str_max) and in_bloom_filter(key_str, DynamicValue(RS_7_b_key_str_bloom_filter))) and key_str is not null) (type: boolean)
                     Statistics: Num rows: 475 Data size: 83204 Basic stats: COMPLETE Column stats: NONE
                     Select Operator
                       expressions: key_str (type: string)
@@ -797,7 +797,7 @@ STAGE PLANS:
                         className: VectorFilterOperator
                         native: true
                         predicateExpression: FilterExprAndExpr(children: SelectColumnIsNotNull(col 1) -> boolean, FilterExprAndExpr(children: FilterLongColumnBetweenDynamicValue(col 1, left 0, right 0) -> boolean, VectorInBloomFilterColDynamicValue -> boolean) -> boolean, FilterExprAndExpr(children: FilterLongColumnBetweenDynamicValue(col 1, left 0, right 0) -> boolean, VectorInBloomFilterColDynamicValue -> boolean) -> boolean) -> boolean
-                    predicate: (key_int is not null and (key_int BETWEEN DynamicValue(RS_10_b_key_int_min) AND DynamicValue(RS_10_b_key_int_max) and in_bloom_filter(key_int, DynamicValue(RS_10_b_key_int_bloom_filter))) and (key_int BETWEEN DynamicValue(RS_11_c_key_int_min) AND DynamicValue(RS_11_c_key_int_max) and in_bloom_filter(key_int, DynamicValue(RS_11_c_key_int_bloom_filter)))) (type: boolean)
+                    predicate: ((key_int BETWEEN DynamicValue(RS_10_b_key_int_min) AND DynamicValue(RS_10_b_key_int_max) and in_bloom_filter(key_int, DynamicValue(RS_10_b_key_int_bloom_filter))) and (key_int BETWEEN DynamicValue(RS_11_c_key_int_min) AND DynamicValue(RS_11_c_key_int_max) and in_bloom_filter(key_int, DynamicValue(RS_11_c_key_int_bloom_filter))) and key_int is not null) (type: boolean)
                     Statistics: Num rows: 475 Data size: 1808 Basic stats: COMPLETE Column stats: NONE
                     Select Operator
                       expressions: key_int (type: int)
@@ -1148,7 +1148,7 @@ STAGE PLANS:
                         className: VectorFilterOperator
                         native: true
                         predicateExpression: FilterExprAndExpr(children: SelectColumnIsNotNull(col 0) -> boolean, SelectColumnIsNotNull(col 1) -> boolean, FilterExprAndExpr(children: FilterStringColumnBetweenDynamicValue(col 0, left NULL, right NULL) -> boolean, VectorInBloomFilterColDynamicValue -> boolean) -> boolean, FilterExprAndExpr(children: FilterLongColumnBetweenDynamicValue(col 1, left 0, right 0) -> boolean, VectorInBloomFilterColDynamicValue -> boolean) -> boolean) -> boolean
-                    predicate: (key_str is not null and key_int is not null and (key_str BETWEEN DynamicValue(RS_7_b_key_str_min) AND DynamicValue(RS_7_b_key_str_max) and in_bloom_filter(key_str, DynamicValue(RS_7_b_key_str_bloom_filter))) and (key_int BETWEEN DynamicValue(RS_7_b_key_int_min) AND DynamicValue(RS_7_b_key_int_max) and in_bloom_filter(key_int, DynamicValue(RS_7_b_key_int_bloom_filter)))) (type: boolean)
+                    predicate: ((key_int BETWEEN DynamicValue(RS_7_b_key_int_min) AND DynamicValue(RS_7_b_key_int_max) and in_bloom_filter(key_int, DynamicValue(RS_7_b_key_int_bloom_filter))) and (key_str BETWEEN DynamicValue(RS_7_b_key_str_min) AND DynamicValue(RS_7_b_key_str_max) and in_bloom_filter(key_str, DynamicValue(RS_7_b_key_str_bloom_filter))) and key_int is not null and key_str is not null) (type: boolean)
                     Statistics: Num rows: 450 Data size: 80539 Basic stats: COMPLETE Column stats: NONE
                     Select Operator
                       expressions: key_str (type: string), key_int (type: int)
@@ -1191,7 +1191,7 @@ STAGE PLANS:
                         className: VectorFilterOperator
                         native: true
                         predicateExpression: FilterExprAndExpr(children: SelectColumnIsNotNull(col 0) -> boolean, SelectColumnIsNotNull(col 1) -> boolean) -> boolean
-                    predicate: (key_str is not null and key_int is not null) (type: boolean)
+                    predicate: (key_int is not null and key_str is not null) (type: boolean)
                     Statistics: Num rows: 53 Data size: 9789 Basic stats: COMPLETE Column stats: NONE
                     Select Operator
                       expressions: key_str (type: string), key_int (type: int)
@@ -1453,7 +1453,7 @@ STAGE PLANS:
                         className: VectorFilterOperator
                         native: true
                         predicateExpression: FilterExprAndExpr(children: SelectColumnIsNotNull(col 1) -> boolean, FilterExprAndExpr(children: FilterLongColumnBetweenDynamicValue(col 1, left 0, right 0) -> boolean, VectorInBloomFilterColDynamicValue -> boolean) -> boolean) -> boolean
-                    predicate: (key_int is not null and (key_int BETWEEN DynamicValue(RS_7_b_key_int_min) AND DynamicValue(RS_7_b_key_int_max) and in_bloom_filter(key_int, DynamicValue(RS_7_b_key_int_bloom_filter)))) (type: boolean)
+                    predicate: ((key_int BETWEEN DynamicValue(RS_7_b_key_int_min) AND DynamicValue(RS_7_b_key_int_max) and in_bloom_filter(key_int, DynamicValue(RS_7_b_key_int_bloom_filter))) and key_int is not null) (type: boolean)
                     Statistics: Num rows: 475 Data size: 1808 Basic stats: COMPLETE Column stats: NONE
                     Select Operator
                       expressions: key_int (type: int)
@@ -1705,7 +1705,7 @@ STAGE PLANS:
                   filterExpr: (key_int is not null and (key_int BETWEEN DynamicValue(RS_7_b_key_int_min) AND DynamicValue(RS_7_b_key_int_max) and in_bloom_filter(key_int, DynamicValue(RS_7_b_key_int_bloom_filter)))) (type: boolean)
                   Statistics: Num rows: 500 Data size: 1904 Basic stats: COMPLETE Column stats: NONE
                   Filter Operator
-                    predicate: (key_int is not null and (key_int BETWEEN DynamicValue(RS_7_b_key_int_min) AND DynamicValue(RS_7_b_key_int_max) and in_bloom_filter(key_int, DynamicValue(RS_7_b_key_int_bloom_filter)))) (type: boolean)
+                    predicate: ((key_int BETWEEN DynamicValue(RS_7_b_key_int_min) AND DynamicValue(RS_7_b_key_int_max) and in_bloom_filter(key_int, DynamicValue(RS_7_b_key_int_bloom_filter))) and key_int is not null) (type: boolean)
                     Statistics: Num rows: 475 Data size: 1808 Basic stats: COMPLETE Column stats: NONE
                     Select Operator
                       expressions: key_int (type: int)
diff --git a/ql/src/test/results/clientpositive/llap/vectorized_dynamic_semijoin_reduction2.q.out b/ql/src/test/results/clientpositive/llap/vectorized_dynamic_semijoin_reduction2.q.out
index 6d554ca493..c3b980dd26 100644
--- a/ql/src/test/results/clientpositive/llap/vectorized_dynamic_semijoin_reduction2.q.out
+++ b/ql/src/test/results/clientpositive/llap/vectorized_dynamic_semijoin_reduction2.q.out
@@ -116,7 +116,7 @@ STAGE PLANS:
                   filterExpr: (partkey_bigint is not null and (partkey_bigint BETWEEN DynamicValue(RS_7_b_partkey_bigint_min) AND DynamicValue(RS_7_b_partkey_bigint_max) and in_bloom_filter(partkey_bigint, DynamicValue(RS_7_b_partkey_bigint_bloom_filter)))) (type: boolean)
                   Statistics: Num rows: 100 Data size: 800 Basic stats: COMPLETE Column stats: COMPLETE
                   Filter Operator
-                    predicate: (partkey_bigint is not null and (partkey_bigint BETWEEN DynamicValue(RS_7_b_partkey_bigint_min) AND DynamicValue(RS_7_b_partkey_bigint_max) and in_bloom_filter(partkey_bigint, DynamicValue(RS_7_b_partkey_bigint_bloom_filter)))) (type: boolean)
+                    predicate: ((partkey_bigint BETWEEN DynamicValue(RS_7_b_partkey_bigint_min) AND DynamicValue(RS_7_b_partkey_bigint_max) and in_bloom_filter(partkey_bigint, DynamicValue(RS_7_b_partkey_bigint_bloom_filter))) and partkey_bigint is not null) (type: boolean)
                     Statistics: Num rows: 100 Data size: 800 Basic stats: COMPLETE Column stats: COMPLETE
                     Select Operator
                       expressions: partkey_bigint (type: bigint)
@@ -252,7 +252,7 @@ STAGE PLANS:
                   filterExpr: (partkey_decimal is not null and (partkey_decimal BETWEEN DynamicValue(RS_7_b_partkey_decimal_min) AND DynamicValue(RS_7_b_partkey_decimal_max) and in_bloom_filter(partkey_decimal, DynamicValue(RS_7_b_partkey_decimal_bloom_filter)))) (type: boolean)
                   Statistics: Num rows: 100 Data size: 11200 Basic stats: COMPLETE Column stats: COMPLETE
                   Filter Operator
-                    predicate: (partkey_decimal is not null and (partkey_decimal BETWEEN DynamicValue(RS_7_b_partkey_decimal_min) AND DynamicValue(RS_7_b_partkey_decimal_max) and in_bloom_filter(partkey_decimal, DynamicValue(RS_7_b_partkey_decimal_bloom_filter)))) (type: boolean)
+                    predicate: ((partkey_decimal BETWEEN DynamicValue(RS_7_b_partkey_decimal_min) AND DynamicValue(RS_7_b_partkey_decimal_max) and in_bloom_filter(partkey_decimal, DynamicValue(RS_7_b_partkey_decimal_bloom_filter))) and partkey_decimal is not null) (type: boolean)
                     Statistics: Num rows: 100 Data size: 11200 Basic stats: COMPLETE Column stats: COMPLETE
                     Select Operator
                       expressions: partkey_decimal (type: decimal(10,1))
@@ -388,7 +388,7 @@ STAGE PLANS:
                   filterExpr: (partkey_double is not null and (partkey_double BETWEEN DynamicValue(RS_7_b_partkey_double_min) AND DynamicValue(RS_7_b_partkey_double_max) and in_bloom_filter(partkey_double, DynamicValue(RS_7_b_partkey_double_bloom_filter)))) (type: boolean)
                   Statistics: Num rows: 100 Data size: 800 Basic stats: COMPLETE Column stats: COMPLETE
                   Filter Operator
-                    predicate: (partkey_double is not null and (partkey_double BETWEEN DynamicValue(RS_7_b_partkey_double_min) AND DynamicValue(RS_7_b_partkey_double_max) and in_bloom_filter(partkey_double, DynamicValue(RS_7_b_partkey_double_bloom_filter)))) (type: boolean)
+                    predicate: ((partkey_double BETWEEN DynamicValue(RS_7_b_partkey_double_min) AND DynamicValue(RS_7_b_partkey_double_max) and in_bloom_filter(partkey_double, DynamicValue(RS_7_b_partkey_double_bloom_filter))) and partkey_double is not null) (type: boolean)
                     Statistics: Num rows: 100 Data size: 800 Basic stats: COMPLETE Column stats: COMPLETE
                     Select Operator
                       expressions: partkey_double (type: double)
@@ -524,7 +524,7 @@ STAGE PLANS:
                   filterExpr: (shipdate_date is not null and (shipdate_date BETWEEN DynamicValue(RS_7_b_shipdate_date_min) AND DynamicValue(RS_7_b_shipdate_date_max) and in_bloom_filter(shipdate_date, DynamicValue(RS_7_b_shipdate_date_bloom_filter)))) (type: boolean)
                   Statistics: Num rows: 100 Data size: 5600 Basic stats: COMPLETE Column stats: COMPLETE
                   Filter Operator
-                    predicate: (shipdate_date is not null and (shipdate_date BETWEEN DynamicValue(RS_7_b_shipdate_date_min) AND DynamicValue(RS_7_b_shipdate_date_max) and in_bloom_filter(shipdate_date, DynamicValue(RS_7_b_shipdate_date_bloom_filter)))) (type: boolean)
+                    predicate: ((shipdate_date BETWEEN DynamicValue(RS_7_b_shipdate_date_min) AND DynamicValue(RS_7_b_shipdate_date_max) and in_bloom_filter(shipdate_date, DynamicValue(RS_7_b_shipdate_date_bloom_filter))) and shipdate_date is not null) (type: boolean)
                     Statistics: Num rows: 100 Data size: 5600 Basic stats: COMPLETE Column stats: COMPLETE
                     Select Operator
                       expressions: shipdate_date (type: date)
@@ -660,7 +660,7 @@ STAGE PLANS:
                   filterExpr: (shipdate_ts is not null and (shipdate_ts BETWEEN DynamicValue(RS_7_b_shipdate_ts_min) AND DynamicValue(RS_7_b_shipdate_ts_max) and in_bloom_filter(shipdate_ts, DynamicValue(RS_7_b_shipdate_ts_bloom_filter)))) (type: boolean)
                   Statistics: Num rows: 100 Data size: 4000 Basic stats: COMPLETE Column stats: COMPLETE
                   Filter Operator
-                    predicate: (shipdate_ts is not null and (shipdate_ts BETWEEN DynamicValue(RS_7_b_shipdate_ts_min) AND DynamicValue(RS_7_b_shipdate_ts_max) and in_bloom_filter(shipdate_ts, DynamicValue(RS_7_b_shipdate_ts_bloom_filter)))) (type: boolean)
+                    predicate: ((shipdate_ts BETWEEN DynamicValue(RS_7_b_shipdate_ts_min) AND DynamicValue(RS_7_b_shipdate_ts_max) and in_bloom_filter(shipdate_ts, DynamicValue(RS_7_b_shipdate_ts_bloom_filter))) and shipdate_ts is not null) (type: boolean)
                     Statistics: Num rows: 100 Data size: 4000 Basic stats: COMPLETE Column stats: COMPLETE
                     Select Operator
                       expressions: shipdate_ts (type: timestamp)
@@ -796,7 +796,7 @@ STAGE PLANS:
                   filterExpr: (shipdate_string is not null and (shipdate_string BETWEEN DynamicValue(RS_7_b_shipdate_string_min) AND DynamicValue(RS_7_b_shipdate_string_max) and in_bloom_filter(shipdate_string, DynamicValue(RS_7_b_shipdate_string_bloom_filter)))) (type: boolean)
                   Statistics: Num rows: 100 Data size: 9400 Basic stats: COMPLETE Column stats: COMPLETE
                   Filter Operator
-                    predicate: (shipdate_string is not null and (shipdate_string BETWEEN DynamicValue(RS_7_b_shipdate_string_min) AND DynamicValue(RS_7_b_shipdate_string_max) and in_bloom_filter(shipdate_string, DynamicValue(RS_7_b_shipdate_string_bloom_filter)))) (type: boolean)
+                    predicate: ((shipdate_string BETWEEN DynamicValue(RS_7_b_shipdate_string_min) AND DynamicValue(RS_7_b_shipdate_string_max) and in_bloom_filter(shipdate_string, DynamicValue(RS_7_b_shipdate_string_bloom_filter))) and shipdate_string is not null) (type: boolean)
                     Statistics: Num rows: 100 Data size: 9400 Basic stats: COMPLETE Column stats: COMPLETE
                     Select Operator
                       expressions: shipdate_string (type: string)
@@ -932,7 +932,7 @@ STAGE PLANS:
                   filterExpr: (shipdate_char is not null and (shipdate_char BETWEEN DynamicValue(RS_7_b_shipdate_char_min) AND DynamicValue(RS_7_b_shipdate_char_max) and in_bloom_filter(shipdate_char, DynamicValue(RS_7_b_shipdate_char_bloom_filter)))) (type: boolean)
                   Statistics: Num rows: 100 Data size: 9400 Basic stats: COMPLETE Column stats: COMPLETE
                   Filter Operator
-                    predicate: (shipdate_char is not null and (shipdate_char BETWEEN DynamicValue(RS_7_b_shipdate_char_min) AND DynamicValue(RS_7_b_shipdate_char_max) and in_bloom_filter(shipdate_char, DynamicValue(RS_7_b_shipdate_char_bloom_filter)))) (type: boolean)
+                    predicate: ((shipdate_char BETWEEN DynamicValue(RS_7_b_shipdate_char_min) AND DynamicValue(RS_7_b_shipdate_char_max) and in_bloom_filter(shipdate_char, DynamicValue(RS_7_b_shipdate_char_bloom_filter))) and shipdate_char is not null) (type: boolean)
                     Statistics: Num rows: 100 Data size: 9400 Basic stats: COMPLETE Column stats: COMPLETE
                     Select Operator
                       expressions: shipdate_char (type: char(10))
@@ -1068,7 +1068,7 @@ STAGE PLANS:
                   filterExpr: (shipdate_varchar is not null and (shipdate_varchar BETWEEN DynamicValue(RS_7_b_shipdate_varchar_min) AND DynamicValue(RS_7_b_shipdate_varchar_max) and in_bloom_filter(shipdate_varchar, DynamicValue(RS_7_b_shipdate_varchar_bloom_filter)))) (type: boolean)
                   Statistics: Num rows: 100 Data size: 9400 Basic stats: COMPLETE Column stats: COMPLETE
                   Filter Operator
-                    predicate: (shipdate_varchar is not null and (shipdate_varchar BETWEEN DynamicValue(RS_7_b_shipdate_varchar_min) AND DynamicValue(RS_7_b_shipdate_varchar_max) and in_bloom_filter(shipdate_varchar, DynamicValue(RS_7_b_shipdate_varchar_bloom_filter)))) (type: boolean)
+                    predicate: ((shipdate_varchar BETWEEN DynamicValue(RS_7_b_shipdate_varchar_min) AND DynamicValue(RS_7_b_shipdate_varchar_max) and in_bloom_filter(shipdate_varchar, DynamicValue(RS_7_b_shipdate_varchar_bloom_filter))) and shipdate_varchar is not null) (type: boolean)
                     Statistics: Num rows: 100 Data size: 9400 Basic stats: COMPLETE Column stats: COMPLETE
                     Select Operator
                       expressions: shipdate_varchar (type: varchar(10))
diff --git a/ql/src/test/results/clientpositive/llap/vectorized_nested_mapjoin.q.out b/ql/src/test/results/clientpositive/llap/vectorized_nested_mapjoin.q.out
index eb6eabea40..b0ca728f29 100644
--- a/ql/src/test/results/clientpositive/llap/vectorized_nested_mapjoin.q.out
+++ b/ql/src/test/results/clientpositive/llap/vectorized_nested_mapjoin.q.out
@@ -80,7 +80,7 @@ STAGE PLANS:
                   alias: v1
                   Statistics: Num rows: 12288 Data size: 146796 Basic stats: COMPLETE Column stats: COMPLETE
                   Filter Operator
-                    predicate: (ctinyint is not null and csmallint is not null) (type: boolean)
+                    predicate: (csmallint is not null and ctinyint is not null) (type: boolean)
                     Statistics: Num rows: 6059 Data size: 72396 Basic stats: COMPLETE Column stats: COMPLETE
                     Select Operator
                       expressions: ctinyint (type: tinyint), csmallint (type: smallint), cdouble (type: double)
diff --git a/ql/src/test/results/clientpositive/llap/vectorized_string_funcs.q.out b/ql/src/test/results/clientpositive/llap/vectorized_string_funcs.q.out
index 8e7e313f7f..c07ab4550f 100644
--- a/ql/src/test/results/clientpositive/llap/vectorized_string_funcs.q.out
+++ b/ql/src/test/results/clientpositive/llap/vectorized_string_funcs.q.out
@@ -61,7 +61,7 @@ STAGE PLANS:
                   alias: alltypesorc
                   Statistics: Num rows: 12288 Data size: 1816546 Basic stats: COMPLETE Column stats: COMPLETE
                   Filter Operator
-                    predicate: (((cbigint % 237) = 0) and (length(substr(cstring1, 1, 2)) <= 2) and (cstring1 like '%')) (type: boolean)
+                    predicate: (((cbigint % 237) = 0) and (cstring1 like '%') and (length(substr(cstring1, 1, 2)) <= 2)) (type: boolean)
                     Statistics: Num rows: 1024 Data size: 151470 Basic stats: COMPLETE Column stats: COMPLETE
                     Select Operator
                       expressions: substr(cstring1, 1, 2) (type: string), substr(cstring1, 2) (type: string), lower(cstring1) (type: string), upper(cstring1) (type: string), upper(cstring1) (type: string), length(cstring1) (type: int), trim(cstring1) (type: string), ltrim(cstring1) (type: string), rtrim(cstring1) (type: string), concat(cstring1, cstring2) (type: string), concat('>', cstring1) (type: string), concat(cstring1, '<') (type: string), concat(substr(cstring1, 1, 2), substr(cstring2, 1, 2)) (type: string)
diff --git a/ql/src/test/results/clientpositive/llap_uncompressed.q.out b/ql/src/test/results/clientpositive/llap_uncompressed.q.out
index d40d63d489..99bc85b220 100644
--- a/ql/src/test/results/clientpositive/llap_uncompressed.q.out
+++ b/ql/src/test/results/clientpositive/llap_uncompressed.q.out
@@ -157,7 +157,7 @@ STAGE PLANS:
             filterExpr: ((cint > 10) and (cint < 5000000)) (type: boolean)
             Statistics: Num rows: 12288 Data size: 2907994 Basic stats: COMPLETE Column stats: NONE
             Filter Operator
-              predicate: ((cint > 10) and (cint < 5000000)) (type: boolean)
+              predicate: ((cint < 5000000) and (cint > 10)) (type: boolean)
               Statistics: Num rows: 1365 Data size: 323031 Basic stats: COMPLETE Column stats: NONE
               Select Operator
                 expressions: ctinyint (type: tinyint), csmallint (type: smallint), cint (type: int), cbigint (type: bigint), cfloat (type: float), cdouble (type: double), cstring1 (type: string), cstring2 (type: string), ctimestamp1 (type: timestamp), ctimestamp2 (type: timestamp), cboolean1 (type: boolean), cboolean2 (type: boolean)
diff --git a/ql/src/test/results/clientpositive/load_dyn_part13.q.out b/ql/src/test/results/clientpositive/load_dyn_part13.q.out
index 9e0ac6fee2..77bb37f1d5 100644
--- a/ql/src/test/results/clientpositive/load_dyn_part13.q.out
+++ b/ql/src/test/results/clientpositive/load_dyn_part13.q.out
@@ -89,7 +89,7 @@ STAGE PLANS:
             alias: src
             Statistics: Num rows: 500 Data size: 5312 Basic stats: COMPLETE Column stats: NONE
             Filter Operator
-              predicate: ((UDFToDouble(key) > 20.0) and (UDFToDouble(key) < 40.0)) (type: boolean)
+              predicate: ((UDFToDouble(key) < 40.0) and (UDFToDouble(key) > 20.0)) (type: boolean)
               Statistics: Num rows: 55 Data size: 584 Basic stats: COMPLETE Column stats: NONE
               Select Operator
                 expressions: key (type: string), value (type: string), '33' (type: string)
diff --git a/ql/src/test/results/clientpositive/louter_join_ppr.q.out b/ql/src/test/results/clientpositive/louter_join_ppr.q.out
index 61fd8a3e19..cb4a95758d 100644
--- a/ql/src/test/results/clientpositive/louter_join_ppr.q.out
+++ b/ql/src/test/results/clientpositive/louter_join_ppr.q.out
@@ -51,7 +51,7 @@ STAGE PLANS:
             GatherStats: false
             Filter Operator
               isSamplingPred: false
-              predicate: ((UDFToDouble(key) > 15.0) and (UDFToDouble(key) < 20.0)) (type: boolean)
+              predicate: ((UDFToDouble(key) < 20.0) and (UDFToDouble(key) > 15.0)) (type: boolean)
               Statistics: Num rows: 111 Data size: 1179 Basic stats: COMPLETE Column stats: NONE
               Select Operator
                 expressions: key (type: string), value (type: string)
@@ -345,7 +345,7 @@ STAGE PLANS:
             GatherStats: false
             Filter Operator
               isSamplingPred: false
-              predicate: ((UDFToDouble(key) > 15.0) and (UDFToDouble(key) < 20.0)) (type: boolean)
+              predicate: ((UDFToDouble(key) < 20.0) and (UDFToDouble(key) > 15.0)) (type: boolean)
               Statistics: Num rows: 55 Data size: 584 Basic stats: COMPLETE Column stats: NONE
               Select Operator
                 expressions: key (type: string), value (type: string)
@@ -643,7 +643,7 @@ STAGE PLANS:
             GatherStats: false
             Filter Operator
               isSamplingPred: false
-              predicate: ((UDFToDouble(key) > 15.0) and (UDFToDouble(key) < 20.0)) (type: boolean)
+              predicate: ((UDFToDouble(key) < 20.0) and (UDFToDouble(key) > 15.0)) (type: boolean)
               Statistics: Num rows: 111 Data size: 1179 Basic stats: COMPLETE Column stats: NONE
               Select Operator
                 expressions: key (type: string), value (type: string)
@@ -937,7 +937,7 @@ STAGE PLANS:
             GatherStats: false
             Filter Operator
               isSamplingPred: false
-              predicate: ((UDFToDouble(key) > 15.0) and (UDFToDouble(key) < 20.0)) (type: boolean)
+              predicate: ((UDFToDouble(key) < 20.0) and (UDFToDouble(key) > 15.0)) (type: boolean)
               Statistics: Num rows: 55 Data size: 584 Basic stats: COMPLETE Column stats: NONE
               Select Operator
                 expressions: key (type: string), value (type: string)
diff --git a/ql/src/test/results/clientpositive/mapjoin_filter_on_outerjoin.q.out b/ql/src/test/results/clientpositive/mapjoin_filter_on_outerjoin.q.out
index e3a2afc58f..9d6de1e8a1 100644
--- a/ql/src/test/results/clientpositive/mapjoin_filter_on_outerjoin.q.out
+++ b/ql/src/test/results/clientpositive/mapjoin_filter_on_outerjoin.q.out
@@ -69,7 +69,7 @@ STAGE PLANS:
             alias: src1
             Statistics: Num rows: 25 Data size: 191 Basic stats: COMPLETE Column stats: NONE
             Filter Operator
-              predicate: ((key < 300) and (key < 10)) (type: boolean)
+              predicate: ((key < 10) and (key < 300)) (type: boolean)
               Statistics: Num rows: 2 Data size: 15 Basic stats: COMPLETE Column stats: NONE
               HashTable Sink Operator
                 filter predicates:
@@ -221,7 +221,7 @@ STAGE PLANS:
             alias: src1
             Statistics: Num rows: 25 Data size: 191 Basic stats: COMPLETE Column stats: NONE
             Filter Operator
-              predicate: ((key < 300) and (key < 10)) (type: boolean)
+              predicate: ((key < 10) and (key < 300)) (type: boolean)
               Statistics: Num rows: 2 Data size: 15 Basic stats: COMPLETE Column stats: NONE
               HashTable Sink Operator
                 filter predicates:
diff --git a/ql/src/test/results/clientpositive/mapjoin_mapjoin.q.out b/ql/src/test/results/clientpositive/mapjoin_mapjoin.q.out
index e428ecaf52..c2c514faa8 100644
--- a/ql/src/test/results/clientpositive/mapjoin_mapjoin.q.out
+++ b/ql/src/test/results/clientpositive/mapjoin_mapjoin.q.out
@@ -64,7 +64,7 @@ STAGE PLANS:
             GatherStats: false
             Filter Operator
               isSamplingPred: false
-              predicate: (value is not null and key is not null) (type: boolean)
+              predicate: (key is not null and value is not null) (type: boolean)
               Statistics: Num rows: 2000 Data size: 21248 Basic stats: COMPLETE Column stats: NONE
               Select Operator
                 expressions: key (type: string), value (type: string)
@@ -553,7 +553,7 @@ STAGE PLANS:
             alias: srcpart
             Statistics: Num rows: 2000 Data size: 21248 Basic stats: COMPLETE Column stats: NONE
             Filter Operator
-              predicate: (value is not null and key is not null) (type: boolean)
+              predicate: (key is not null and value is not null) (type: boolean)
               Statistics: Num rows: 2000 Data size: 21248 Basic stats: COMPLETE Column stats: NONE
               Select Operator
                 expressions: key (type: string), value (type: string), ds (type: string)
diff --git a/ql/src/test/results/clientpositive/masking_1.q.out b/ql/src/test/results/clientpositive/masking_1.q.out
index 3b635503cb..8bc8bb69b3 100644
--- a/ql/src/test/results/clientpositive/masking_1.q.out
+++ b/ql/src/test/results/clientpositive/masking_1.q.out
@@ -444,7 +444,7 @@ STAGE PLANS:
             alias: src
             Statistics: Num rows: 500 Data size: 5312 Basic stats: COMPLETE Column stats: NONE
             Filter Operator
-              predicate: ((UDFToDouble(key) > 0.0) and (UDFToDouble(key) < 10.0) and ((UDFToDouble(key) % 2.0) = 0.0)) (type: boolean)
+              predicate: (((UDFToDouble(key) % 2.0) = 0.0) and (UDFToDouble(key) < 10.0) and (UDFToDouble(key) > 0.0)) (type: boolean)
               Statistics: Num rows: 27 Data size: 286 Basic stats: COMPLETE Column stats: NONE
               Select Operator
                 expressions: key (type: string), upper(value) (type: string)
diff --git a/ql/src/test/results/clientpositive/masking_3.q.out b/ql/src/test/results/clientpositive/masking_3.q.out
index 754cff0aa8..1114c80676 100644
--- a/ql/src/test/results/clientpositive/masking_3.q.out
+++ b/ql/src/test/results/clientpositive/masking_3.q.out
@@ -8198,7 +8198,7 @@ STAGE PLANS:
             alias: src
             Statistics: Num rows: 500 Data size: 5312 Basic stats: COMPLETE Column stats: NONE
             Filter Operator
-              predicate: ((UDFToDouble(key) > 0.0) and (UDFToDouble(key) < 10.0) and ((UDFToDouble(key) % 2.0) = 0.0)) (type: boolean)
+              predicate: (((UDFToDouble(key) % 2.0) = 0.0) and (UDFToDouble(key) < 10.0) and (UDFToDouble(key) > 0.0)) (type: boolean)
               Statistics: Num rows: 27 Data size: 286 Basic stats: COMPLETE Column stats: NONE
               Select Operator
                 expressions: key (type: string), upper(value) (type: string)
diff --git a/ql/src/test/results/clientpositive/masking_disablecbo_1.q.out b/ql/src/test/results/clientpositive/masking_disablecbo_1.q.out
index 1dc246113e..a521425d90 100644
--- a/ql/src/test/results/clientpositive/masking_disablecbo_1.q.out
+++ b/ql/src/test/results/clientpositive/masking_disablecbo_1.q.out
@@ -444,7 +444,7 @@ STAGE PLANS:
             alias: src
             Statistics: Num rows: 500 Data size: 5312 Basic stats: COMPLETE Column stats: NONE
             Filter Operator
-              predicate: ((key > 0) and (key < 10) and ((key % 2) = 0)) (type: boolean)
+              predicate: (((key % 2) = 0) and (key < 10) and (key > 0)) (type: boolean)
               Statistics: Num rows: 27 Data size: 286 Basic stats: COMPLETE Column stats: NONE
               Select Operator
                 expressions: key (type: string), upper(value) (type: string)
diff --git a/ql/src/test/results/clientpositive/masking_disablecbo_3.q.out b/ql/src/test/results/clientpositive/masking_disablecbo_3.q.out
index 83cb6cad2e..c6c7d096be 100644
--- a/ql/src/test/results/clientpositive/masking_disablecbo_3.q.out
+++ b/ql/src/test/results/clientpositive/masking_disablecbo_3.q.out
@@ -603,7 +603,7 @@ STAGE PLANS:
             alias: masking_test_subq
             Statistics: Num rows: 500 Data size: 5312 Basic stats: COMPLETE Column stats: NONE
             Filter Operator
-              predicate: (UDFToDouble(key) is not null and (key > 0)) (type: boolean)
+              predicate: ((key > 0) and UDFToDouble(key) is not null) (type: boolean)
               Statistics: Num rows: 166 Data size: 1763 Basic stats: COMPLETE Column stats: NONE
               Reduce Output Operator
                 key expressions: UDFToDouble(key) (type: double), UDFToDouble(key) (type: double)
@@ -1177,7 +1177,7 @@ STAGE PLANS:
             alias: masking_test_subq
             Statistics: Num rows: 500 Data size: 5312 Basic stats: COMPLETE Column stats: NONE
             Filter Operator
-              predicate: (UDFToDouble(key) is not null and (key > 0)) (type: boolean)
+              predicate: ((key > 0) and UDFToDouble(key) is not null) (type: boolean)
               Statistics: Num rows: 166 Data size: 1763 Basic stats: COMPLETE Column stats: NONE
               Reduce Output Operator
                 key expressions: UDFToDouble(key) (type: double), UDFToDouble(key) (type: double)
@@ -1751,7 +1751,7 @@ STAGE PLANS:
             alias: masking_test_subq
             Statistics: Num rows: 500 Data size: 5312 Basic stats: COMPLETE Column stats: NONE
             Filter Operator
-              predicate: (UDFToDouble(key) is not null and (key > 0)) (type: boolean)
+              predicate: ((key > 0) and UDFToDouble(key) is not null) (type: boolean)
               Statistics: Num rows: 166 Data size: 1763 Basic stats: COMPLETE Column stats: NONE
               Reduce Output Operator
                 key expressions: UDFToDouble(key) (type: double), UDFToDouble(key) (type: double)
@@ -6571,7 +6571,7 @@ STAGE PLANS:
             alias: masking_test_subq
             Statistics: Num rows: 500 Data size: 5312 Basic stats: COMPLETE Column stats: NONE
             Filter Operator
-              predicate: (UDFToDouble(key) is not null and (key > 0)) (type: boolean)
+              predicate: ((key > 0) and UDFToDouble(key) is not null) (type: boolean)
               Statistics: Num rows: 166 Data size: 1763 Basic stats: COMPLETE Column stats: NONE
               Reduce Output Operator
                 key expressions: UDFToDouble(key) (type: double), UDFToDouble(key) (type: double)
@@ -7145,7 +7145,7 @@ STAGE PLANS:
             alias: masking_test_subq
             Statistics: Num rows: 500 Data size: 5312 Basic stats: COMPLETE Column stats: NONE
             Filter Operator
-              predicate: (UDFToDouble(key) is not null and (key > 0)) (type: boolean)
+              predicate: ((key > 0) and UDFToDouble(key) is not null) (type: boolean)
               Statistics: Num rows: 166 Data size: 1763 Basic stats: COMPLETE Column stats: NONE
               Reduce Output Operator
                 key expressions: UDFToDouble(key) (type: double), UDFToDouble(key) (type: double)
@@ -7719,7 +7719,7 @@ STAGE PLANS:
             alias: src
             Statistics: Num rows: 500 Data size: 5312 Basic stats: COMPLETE Column stats: NONE
             Filter Operator
-              predicate: ((key > 0) and (key < 10) and ((key % 2) = 0)) (type: boolean)
+              predicate: (((key % 2) = 0) and (key < 10) and (key > 0)) (type: boolean)
               Statistics: Num rows: 27 Data size: 286 Basic stats: COMPLETE Column stats: NONE
               Select Operator
                 expressions: key (type: string), upper(value) (type: string)
diff --git a/ql/src/test/results/clientpositive/materialized_view_create_rewrite.q.out b/ql/src/test/results/clientpositive/materialized_view_create_rewrite.q.out
index 35e9a5d640..f6b161b690 100644
--- a/ql/src/test/results/clientpositive/materialized_view_create_rewrite.q.out
+++ b/ql/src/test/results/clientpositive/materialized_view_create_rewrite.q.out
@@ -157,7 +157,7 @@ STAGE PLANS:
             alias: cmv_basetable
             Statistics: Num rows: 5 Data size: 81 Basic stats: COMPLETE Column stats: NONE
             Filter Operator
-              predicate: ((d = 3) and (3 = a)) (type: boolean)
+              predicate: ((3 = a) and (d = 3)) (type: boolean)
               Statistics: Num rows: 1 Data size: 16 Basic stats: COMPLETE Column stats: NONE
               Select Operator
                 expressions: c (type: decimal(10,2))
@@ -264,7 +264,7 @@ STAGE PLANS:
             alias: cmv_basetable
             Statistics: Num rows: 5 Data size: 81 Basic stats: COMPLETE Column stats: NONE
             Filter Operator
-              predicate: ((d = 3) and (3 = a)) (type: boolean)
+              predicate: ((3 = a) and (d = 3)) (type: boolean)
               Statistics: Num rows: 1 Data size: 16 Basic stats: COMPLETE Column stats: NONE
               Select Operator
                 expressions: c (type: decimal(10,2))
diff --git a/ql/src/test/results/clientpositive/multi_insert_gby.q.out b/ql/src/test/results/clientpositive/multi_insert_gby.q.out
index cb97e5871f..0ed05ddb97 100644
--- a/ql/src/test/results/clientpositive/multi_insert_gby.q.out
+++ b/ql/src/test/results/clientpositive/multi_insert_gby.q.out
@@ -41,7 +41,7 @@ STAGE PLANS:
             alias: src
             Statistics: Num rows: 500 Data size: 5312 Basic stats: COMPLETE Column stats: NONE
             Filter Operator
-              predicate: ((key > 500) or (key > 450)) (type: boolean)
+              predicate: ((key > 450) or (key > 500)) (type: boolean)
               Statistics: Num rows: 332 Data size: 3527 Basic stats: COMPLETE Column stats: NONE
               Reduce Output Operator
                 key expressions: key (type: string)
diff --git a/ql/src/test/results/clientpositive/multi_insert_gby4.q.out b/ql/src/test/results/clientpositive/multi_insert_gby4.q.out
index dd01b74da1..2f59665626 100644
--- a/ql/src/test/results/clientpositive/multi_insert_gby4.q.out
+++ b/ql/src/test/results/clientpositive/multi_insert_gby4.q.out
@@ -61,7 +61,7 @@ STAGE PLANS:
               outputColumnNames: _col0
               Statistics: Num rows: 500 Data size: 5312 Basic stats: COMPLETE Column stats: NONE
               Filter Operator
-                predicate: ((_col0 > 490) or ((_col0 > 500) or (_col0 > 450))) (type: boolean)
+                predicate: (((_col0 > 500) or (_col0 > 450)) or (_col0 > 490)) (type: boolean)
                 Statistics: Num rows: 498 Data size: 5290 Basic stats: COMPLETE Column stats: NONE
                 Reduce Output Operator
                   key expressions: _col0 (type: string)
diff --git a/ql/src/test/results/clientpositive/multi_insert_move_tasks_share_dependencies.q.out b/ql/src/test/results/clientpositive/multi_insert_move_tasks_share_dependencies.q.out
index af0ef54a74..3a8ec94559 100644
--- a/ql/src/test/results/clientpositive/multi_insert_move_tasks_share_dependencies.q.out
+++ b/ql/src/test/results/clientpositive/multi_insert_move_tasks_share_dependencies.q.out
@@ -55,7 +55,7 @@ STAGE PLANS:
                       serde: org.apache.hadoop.hive.serde2.lazy.LazySimpleSerDe
                       name: default.src_multi1
             Filter Operator
-              predicate: ((key > 10) and (key < 20)) (type: boolean)
+              predicate: ((key < 20) and (key > 10)) (type: boolean)
               Statistics: Num rows: 55 Data size: 584 Basic stats: COMPLETE Column stats: NONE
               Select Operator
                 expressions: key (type: string), value (type: string)
@@ -203,7 +203,7 @@ STAGE PLANS:
                       serde: org.apache.hadoop.hive.serde2.lazy.LazySimpleSerDe
                       name: default.src_multi1
             Filter Operator
-              predicate: ((key > 10) and (key < 20)) (type: boolean)
+              predicate: ((key < 20) and (key > 10)) (type: boolean)
               Statistics: Num rows: 55 Data size: 584 Basic stats: COMPLETE Column stats: NONE
               Select Operator
                 expressions: key (type: string), value (type: string)
@@ -419,7 +419,7 @@ STAGE PLANS:
                       serde: org.apache.hadoop.hive.serde2.lazy.LazySimpleSerDe
                       name: default.src_multi1
             Filter Operator
-              predicate: ((key > 10) and (key < 20)) (type: boolean)
+              predicate: ((key < 20) and (key > 10)) (type: boolean)
               Statistics: Num rows: 55 Data size: 584 Basic stats: COMPLETE Column stats: NONE
               Select Operator
                 expressions: key (type: string), value (type: string)
@@ -567,7 +567,7 @@ STAGE PLANS:
                       serde: org.apache.hadoop.hive.serde2.lazy.LazySimpleSerDe
                       name: default.src_multi1
             Filter Operator
-              predicate: ((key > 10) and (key < 20)) (type: boolean)
+              predicate: ((key < 20) and (key > 10)) (type: boolean)
               Statistics: Num rows: 55 Data size: 584 Basic stats: COMPLETE Column stats: NONE
               Select Operator
                 expressions: key (type: string), value (type: string)
@@ -795,7 +795,7 @@ STAGE PLANS:
                     serde: org.apache.hadoop.hive.serde2.lazy.LazySimpleSerDe
                     name: default.src_multi1
           Filter Operator
-            predicate: ((KEY._col0 > 10) and (KEY._col0 < 20)) (type: boolean)
+            predicate: ((KEY._col0 < 20) and (KEY._col0 > 10)) (type: boolean)
             Statistics: Num rows: 24 Data size: 254 Basic stats: COMPLETE Column stats: NONE
             Group By Operator
               keys: KEY._col0 (type: string), KEY._col1 (type: string)
@@ -949,7 +949,7 @@ STAGE PLANS:
                     serde: org.apache.hadoop.hive.serde2.lazy.LazySimpleSerDe
                     name: default.src_multi1
           Filter Operator
-            predicate: ((KEY._col0 > 10) and (KEY._col0 < 20)) (type: boolean)
+            predicate: ((KEY._col0 < 20) and (KEY._col0 > 10)) (type: boolean)
             Statistics: Num rows: 24 Data size: 254 Basic stats: COMPLETE Column stats: NONE
             Group By Operator
               keys: KEY._col0 (type: string), KEY._col1 (type: string)
@@ -1171,7 +1171,7 @@ STAGE PLANS:
                     serde: org.apache.hadoop.hive.serde2.lazy.LazySimpleSerDe
                     name: default.src_multi1
           Filter Operator
-            predicate: ((KEY._col0 > 10) and (KEY._col0 < 20)) (type: boolean)
+            predicate: ((KEY._col0 < 20) and (KEY._col0 > 10)) (type: boolean)
             Statistics: Num rows: 24 Data size: 254 Basic stats: COMPLETE Column stats: NONE
             Group By Operator
               keys: KEY._col0 (type: string), KEY._col1 (type: string)
@@ -1325,7 +1325,7 @@ STAGE PLANS:
                     serde: org.apache.hadoop.hive.serde2.lazy.LazySimpleSerDe
                     name: default.src_multi1
           Filter Operator
-            predicate: ((KEY._col0 > 10) and (KEY._col0 < 20)) (type: boolean)
+            predicate: ((KEY._col0 < 20) and (KEY._col0 > 10)) (type: boolean)
             Statistics: Num rows: 24 Data size: 254 Basic stats: COMPLETE Column stats: NONE
             Group By Operator
               keys: KEY._col0 (type: string), KEY._col1 (type: string)
@@ -1537,7 +1537,7 @@ STAGE PLANS:
                         serde: org.apache.hadoop.hive.serde2.lazy.LazySimpleSerDe
                         name: default.src_multi1
                 Filter Operator
-                  predicate: ((_col0 > 10) and (_col0 < 20)) (type: boolean)
+                  predicate: ((_col0 < 20) and (_col0 > 10)) (type: boolean)
                   Statistics: Num rows: 111 Data size: 1179 Basic stats: COMPLETE Column stats: NONE
                   File Output Operator
                     compressed: false
@@ -1568,7 +1568,7 @@ STAGE PLANS:
                         serde: org.apache.hadoop.hive.serde2.lazy.LazySimpleSerDe
                         name: default.src_multi1
                 Filter Operator
-                  predicate: ((_col0 > 10) and (_col0 < 20)) (type: boolean)
+                  predicate: ((_col0 < 20) and (_col0 > 10)) (type: boolean)
                   Statistics: Num rows: 111 Data size: 1179 Basic stats: COMPLETE Column stats: NONE
                   File Output Operator
                     compressed: false
@@ -1733,7 +1733,7 @@ STAGE PLANS:
                         serde: org.apache.hadoop.hive.serde2.lazy.LazySimpleSerDe
                         name: default.src_multi1
                 Filter Operator
-                  predicate: ((_col0 > 10) and (_col0 < 20)) (type: boolean)
+                  predicate: ((_col0 < 20) and (_col0 > 10)) (type: boolean)
                   Statistics: Num rows: 111 Data size: 1179 Basic stats: COMPLETE Column stats: NONE
                   File Output Operator
                     compressed: false
@@ -1764,7 +1764,7 @@ STAGE PLANS:
                         serde: org.apache.hadoop.hive.serde2.lazy.LazySimpleSerDe
                         name: default.src_multi1
                 Filter Operator
-                  predicate: ((_col0 > 10) and (_col0 < 20)) (type: boolean)
+                  predicate: ((_col0 < 20) and (_col0 > 10)) (type: boolean)
                   Statistics: Num rows: 111 Data size: 1179 Basic stats: COMPLETE Column stats: NONE
                   File Output Operator
                     compressed: false
@@ -1997,7 +1997,7 @@ STAGE PLANS:
                         serde: org.apache.hadoop.hive.serde2.lazy.LazySimpleSerDe
                         name: default.src_multi1
                 Filter Operator
-                  predicate: ((_col0 > 10) and (_col0 < 20)) (type: boolean)
+                  predicate: ((_col0 < 20) and (_col0 > 10)) (type: boolean)
                   Statistics: Num rows: 111 Data size: 1179 Basic stats: COMPLETE Column stats: NONE
                   File Output Operator
                     compressed: false
@@ -2028,7 +2028,7 @@ STAGE PLANS:
                         serde: org.apache.hadoop.hive.serde2.lazy.LazySimpleSerDe
                         name: default.src_multi1
                 Filter Operator
-                  predicate: ((_col0 > 10) and (_col0 < 20)) (type: boolean)
+                  predicate: ((_col0 < 20) and (_col0 > 10)) (type: boolean)
                   Statistics: Num rows: 111 Data size: 1179 Basic stats: COMPLETE Column stats: NONE
                   File Output Operator
                     compressed: false
@@ -2193,7 +2193,7 @@ STAGE PLANS:
                         serde: org.apache.hadoop.hive.serde2.lazy.LazySimpleSerDe
                         name: default.src_multi1
                 Filter Operator
-                  predicate: ((_col0 > 10) and (_col0 < 20)) (type: boolean)
+                  predicate: ((_col0 < 20) and (_col0 > 10)) (type: boolean)
                   Statistics: Num rows: 111 Data size: 1179 Basic stats: COMPLETE Column stats: NONE
                   File Output Operator
                     compressed: false
@@ -2224,7 +2224,7 @@ STAGE PLANS:
                         serde: org.apache.hadoop.hive.serde2.lazy.LazySimpleSerDe
                         name: default.src_multi1
                 Filter Operator
-                  predicate: ((_col0 > 10) and (_col0 < 20)) (type: boolean)
+                  predicate: ((_col0 < 20) and (_col0 > 10)) (type: boolean)
                   Statistics: Num rows: 111 Data size: 1179 Basic stats: COMPLETE Column stats: NONE
                   File Output Operator
                     compressed: false
@@ -2856,7 +2856,7 @@ STAGE PLANS:
                     output format: org.apache.hadoop.hive.ql.io.HiveIgnoreKeyTextOutputFormat
                     serde: org.apache.hadoop.hive.serde2.lazy.LazySimpleSerDe
           Filter Operator
-            predicate: ((KEY._col0 > 10) and (KEY._col0 < 20)) (type: boolean)
+            predicate: ((KEY._col0 < 20) and (KEY._col0 > 10)) (type: boolean)
             Statistics: Num rows: 24 Data size: 254 Basic stats: COMPLETE Column stats: NONE
             Group By Operator
               keys: KEY._col0 (type: string), KEY._col1 (type: string)
@@ -2969,7 +2969,7 @@ STAGE PLANS:
                     output format: org.apache.hadoop.hive.ql.io.HiveIgnoreKeyTextOutputFormat
                     serde: org.apache.hadoop.hive.serde2.lazy.LazySimpleSerDe
           Filter Operator
-            predicate: ((KEY._col0 > 10) and (KEY._col0 < 20)) (type: boolean)
+            predicate: ((KEY._col0 < 20) and (KEY._col0 > 10)) (type: boolean)
             Statistics: Num rows: 24 Data size: 254 Basic stats: COMPLETE Column stats: NONE
             Group By Operator
               keys: KEY._col0 (type: string), KEY._col1 (type: string)
@@ -3082,7 +3082,7 @@ STAGE PLANS:
                     output format: org.apache.hadoop.hive.ql.io.HiveIgnoreKeyTextOutputFormat
                     serde: org.apache.hadoop.hive.serde2.lazy.LazySimpleSerDe
           Filter Operator
-            predicate: ((KEY._col0 > 10) and (KEY._col0 < 20)) (type: boolean)
+            predicate: ((KEY._col0 < 20) and (KEY._col0 > 10)) (type: boolean)
             Statistics: Num rows: 24 Data size: 254 Basic stats: COMPLETE Column stats: NONE
             Group By Operator
               keys: KEY._col0 (type: string), KEY._col1 (type: string)
@@ -3195,7 +3195,7 @@ STAGE PLANS:
                     output format: org.apache.hadoop.hive.ql.io.HiveIgnoreKeyTextOutputFormat
                     serde: org.apache.hadoop.hive.serde2.lazy.LazySimpleSerDe
           Filter Operator
-            predicate: ((KEY._col0 > 10) and (KEY._col0 < 20)) (type: boolean)
+            predicate: ((KEY._col0 < 20) and (KEY._col0 > 10)) (type: boolean)
             Statistics: Num rows: 24 Data size: 254 Basic stats: COMPLETE Column stats: NONE
             Group By Operator
               keys: KEY._col0 (type: string), KEY._col1 (type: string)
@@ -3305,7 +3305,7 @@ STAGE PLANS:
                       serde: org.apache.hadoop.hive.serde2.lazy.LazySimpleSerDe
                       name: default.src_multi1
             Filter Operator
-              predicate: ((key > 10) and (key < 20)) (type: boolean)
+              predicate: ((key < 20) and (key > 10)) (type: boolean)
               Statistics: Num rows: 55 Data size: 584 Basic stats: COMPLETE Column stats: NONE
               Select Operator
                 expressions: key (type: string), value (type: string)
@@ -3346,7 +3346,7 @@ STAGE PLANS:
                     output format: org.apache.hadoop.hive.ql.io.HiveIgnoreKeyTextOutputFormat
                     serde: org.apache.hadoop.hive.serde2.lazy.LazySimpleSerDe
           Filter Operator
-            predicate: ((KEY._col0 > 10) and (KEY._col0 < 20)) (type: boolean)
+            predicate: ((KEY._col0 < 20) and (KEY._col0 > 10)) (type: boolean)
             Statistics: Num rows: 24 Data size: 254 Basic stats: COMPLETE Column stats: NONE
             Group By Operator
               keys: KEY._col0 (type: string), KEY._col1 (type: string)
@@ -3529,7 +3529,7 @@ STAGE PLANS:
                       serde: org.apache.hadoop.hive.serde2.lazy.LazySimpleSerDe
                       name: default.src_multi1
             Filter Operator
-              predicate: ((key > 10) and (key < 20)) (type: boolean)
+              predicate: ((key < 20) and (key > 10)) (type: boolean)
               Statistics: Num rows: 55 Data size: 584 Basic stats: COMPLETE Column stats: NONE
               Select Operator
                 expressions: key (type: string), value (type: string)
@@ -3570,7 +3570,7 @@ STAGE PLANS:
                     output format: org.apache.hadoop.hive.ql.io.HiveIgnoreKeyTextOutputFormat
                     serde: org.apache.hadoop.hive.serde2.lazy.LazySimpleSerDe
           Filter Operator
-            predicate: ((KEY._col0 > 10) and (KEY._col0 < 20)) (type: boolean)
+            predicate: ((KEY._col0 < 20) and (KEY._col0 > 10)) (type: boolean)
             Statistics: Num rows: 24 Data size: 254 Basic stats: COMPLETE Column stats: NONE
             Group By Operator
               keys: KEY._col0 (type: string), KEY._col1 (type: string)
@@ -3763,7 +3763,7 @@ STAGE PLANS:
                       serde: org.apache.hadoop.hive.serde2.lazy.LazySimpleSerDe
                       name: default.src_multi1
             Filter Operator
-              predicate: ((key > 10) and (key < 20)) (type: boolean)
+              predicate: ((key < 20) and (key > 10)) (type: boolean)
               Statistics: Num rows: 55 Data size: 584 Basic stats: COMPLETE Column stats: NONE
               Select Operator
                 expressions: key (type: string), value (type: string)
@@ -3804,7 +3804,7 @@ STAGE PLANS:
                     output format: org.apache.hadoop.hive.ql.io.HiveIgnoreKeyTextOutputFormat
                     serde: org.apache.hadoop.hive.serde2.lazy.LazySimpleSerDe
           Filter Operator
-            predicate: ((KEY._col0 > 10) and (KEY._col0 < 20)) (type: boolean)
+            predicate: ((KEY._col0 < 20) and (KEY._col0 > 10)) (type: boolean)
             Statistics: Num rows: 24 Data size: 254 Basic stats: COMPLETE Column stats: NONE
             Group By Operator
               keys: KEY._col0 (type: string), KEY._col1 (type: string)
@@ -4075,7 +4075,7 @@ STAGE PLANS:
                       serde: org.apache.hadoop.hive.serde2.lazy.LazySimpleSerDe
                       name: default.src_multi1
             Filter Operator
-              predicate: ((key > 10) and (key < 20)) (type: boolean)
+              predicate: ((key < 20) and (key > 10)) (type: boolean)
               Statistics: Num rows: 55 Data size: 584 Basic stats: COMPLETE Column stats: NONE
               Select Operator
                 expressions: key (type: string), value (type: string)
@@ -4116,7 +4116,7 @@ STAGE PLANS:
                     output format: org.apache.hadoop.hive.ql.io.HiveIgnoreKeyTextOutputFormat
                     serde: org.apache.hadoop.hive.serde2.lazy.LazySimpleSerDe
           Filter Operator
-            predicate: ((KEY._col0 > 10) and (KEY._col0 < 20)) (type: boolean)
+            predicate: ((KEY._col0 < 20) and (KEY._col0 > 10)) (type: boolean)
             Statistics: Num rows: 24 Data size: 254 Basic stats: COMPLETE Column stats: NONE
             Group By Operator
               keys: KEY._col0 (type: string), KEY._col1 (type: string)
diff --git a/ql/src/test/results/clientpositive/multi_insert_with_join2.q.out b/ql/src/test/results/clientpositive/multi_insert_with_join2.q.out
index 225f2c301c..0231318ab7 100644
--- a/ql/src/test/results/clientpositive/multi_insert_with_join2.q.out
+++ b/ql/src/test/results/clientpositive/multi_insert_with_join2.q.out
@@ -172,7 +172,7 @@ STAGE PLANS:
             alias: b
             Statistics: Num rows: 2 Data size: 24 Basic stats: COMPLETE Column stats: NONE
             Filter Operator
-              predicate: ((val = 'val_104') and (id = 'Id_2')) (type: boolean)
+              predicate: ((id = 'Id_2') and (val = 'val_104')) (type: boolean)
               Statistics: Num rows: 1 Data size: 12 Basic stats: COMPLETE Column stats: NONE
               Select Operator
                 Statistics: Num rows: 1 Data size: 12 Basic stats: COMPLETE Column stats: NONE
@@ -271,7 +271,7 @@ STAGE PLANS:
           outputColumnNames: _col0, _col1, _col5, _col6
           Statistics: Num rows: 3 Data size: 39 Basic stats: COMPLETE Column stats: NONE
           Filter Operator
-            predicate: ((_col6 = 'val_104') and (_col5 = 'Id_2') and (_col1 <> _col6)) (type: boolean)
+            predicate: ((_col1 <> _col6) and (_col5 = 'Id_2') and (_col6 = 'val_104')) (type: boolean)
             Statistics: Num rows: 1 Data size: 13 Basic stats: COMPLETE Column stats: NONE
             Select Operator
               expressions: _col0 (type: string), _col1 (type: string), 'Id_2' (type: string), 'val_104' (type: string)
@@ -399,7 +399,7 @@ STAGE PLANS:
                     serde: org.apache.hadoop.hive.serde2.lazy.LazySimpleSerDe
                     name: default.join_result_1
           Filter Operator
-            predicate: ((_col6 = 'val_104') and (_col5 = 'Id_2')) (type: boolean)
+            predicate: ((_col5 = 'Id_2') and (_col6 = 'val_104')) (type: boolean)
             Statistics: Num rows: 1 Data size: 13 Basic stats: COMPLETE Column stats: NONE
             Select Operator
               expressions: _col0 (type: string), _col1 (type: string), 'Id_2' (type: string), 'val_104' (type: string)
@@ -518,7 +518,7 @@ STAGE PLANS:
                     serde: org.apache.hadoop.hive.serde2.lazy.LazySimpleSerDe
                     name: default.join_result_1
           Filter Operator
-            predicate: ((_col6 = 'val_104') and (_col5 = 'Id_2')) (type: boolean)
+            predicate: ((_col5 = 'Id_2') and (_col6 = 'val_104')) (type: boolean)
             Statistics: Num rows: 1 Data size: 13 Basic stats: COMPLETE Column stats: NONE
             Select Operator
               expressions: _col0 (type: string), _col1 (type: string), 'Id_2' (type: string), 'val_104' (type: string)
@@ -637,7 +637,7 @@ STAGE PLANS:
                     serde: org.apache.hadoop.hive.serde2.lazy.LazySimpleSerDe
                     name: default.join_result_1
           Filter Operator
-            predicate: ((_col6 = 'val_104') and (_col5 = 'Id_2')) (type: boolean)
+            predicate: ((_col5 = 'Id_2') and (_col6 = 'val_104')) (type: boolean)
             Statistics: Num rows: 1 Data size: 13 Basic stats: COMPLETE Column stats: NONE
             Select Operator
               expressions: _col0 (type: string), _col1 (type: string), 'Id_2' (type: string), 'val_104' (type: string)
@@ -753,7 +753,7 @@ STAGE PLANS:
             outputColumnNames: _col0, _col1, _col2, _col3
             Statistics: Num rows: 3 Data size: 39 Basic stats: COMPLETE Column stats: NONE
             Filter Operator
-              predicate: ((_col3 = 'Id_1') and (_col2 = 'val_103')) (type: boolean)
+              predicate: ((_col2 = 'val_103') and (_col3 = 'Id_1')) (type: boolean)
               Statistics: Num rows: 1 Data size: 13 Basic stats: COMPLETE Column stats: NONE
               Select Operator
                 expressions: _col0 (type: string), _col1 (type: string), _col3 (type: string), _col2 (type: string)
@@ -884,7 +884,7 @@ STAGE PLANS:
             outputColumnNames: _col0, _col1, _col2, _col3
             Statistics: Num rows: 3 Data size: 39 Basic stats: COMPLETE Column stats: NONE
             Filter Operator
-              predicate: ((_col3 = 'Id_1') and (_col2 = 'val_103')) (type: boolean)
+              predicate: ((_col2 = 'val_103') and (_col3 = 'Id_1')) (type: boolean)
               Statistics: Num rows: 1 Data size: 13 Basic stats: COMPLETE Column stats: NONE
               Select Operator
                 expressions: _col1 (type: string), _col0 (type: string), _col3 (type: string), _col2 (type: string)
diff --git a/ql/src/test/results/clientpositive/nested_column_pruning.q.out b/ql/src/test/results/clientpositive/nested_column_pruning.q.out
index bc27c40171..5fe83ba390 100644
--- a/ql/src/test/results/clientpositive/nested_column_pruning.q.out
+++ b/ql/src/test/results/clientpositive/nested_column_pruning.q.out
@@ -1041,7 +1041,7 @@ STAGE PLANS:
             alias: t2
             Statistics: Num rows: 1 Data size: 7 Basic stats: COMPLETE Column stats: NONE
             Filter Operator
-              predicate: (s2.f8.f9 and s1.f6 is not null) (type: boolean)
+              predicate: (s1.f6 is not null and s2.f8.f9) (type: boolean)
               Statistics: Num rows: 1 Data size: 7 Basic stats: COMPLETE Column stats: NONE
               Select Operator
                 expressions: s1 (type: struct<f1:boolean,f2:string,f3:struct<f4:int,f5:double>,f6:int>), s2 (type: struct<f7:string,f8:struct<f9:boolean,f10:array<int>,f11:map<string,boolean>>>)
diff --git a/ql/src/test/results/clientpositive/nonmr_fetch.q.out b/ql/src/test/results/clientpositive/nonmr_fetch.q.out
index 560708981d..d2144b111b 100644
--- a/ql/src/test/results/clientpositive/nonmr_fetch.q.out
+++ b/ql/src/test/results/clientpositive/nonmr_fetch.q.out
@@ -769,7 +769,7 @@ STAGE PLANS:
           alias: src
           Statistics: Num rows: 500 Data size: 5312 Basic stats: COMPLETE Column stats: NONE
           Filter Operator
-            predicate: ((UDFToDouble(key) > 200.0) and (UDFToDouble(key) < 250.0)) (type: boolean)
+            predicate: ((UDFToDouble(key) < 250.0) and (UDFToDouble(key) > 200.0)) (type: boolean)
             Statistics: Num rows: 55 Data size: 584 Basic stats: COMPLETE Column stats: NONE
             Select Operator
               expressions: value (type: string), key (type: string)
diff --git a/ql/src/test/results/clientpositive/outer_join_ppr.q.out b/ql/src/test/results/clientpositive/outer_join_ppr.q.out
index abfc8e6aaa..0faacd2fdf 100644
--- a/ql/src/test/results/clientpositive/outer_join_ppr.q.out
+++ b/ql/src/test/results/clientpositive/outer_join_ppr.q.out
@@ -51,7 +51,7 @@ STAGE PLANS:
             GatherStats: false
             Filter Operator
               isSamplingPred: false
-              predicate: ((UDFToDouble(key) > 15.0) and (UDFToDouble(key) < 20.0)) (type: boolean)
+              predicate: ((UDFToDouble(key) < 20.0) and (UDFToDouble(key) > 15.0)) (type: boolean)
               Statistics: Num rows: 111 Data size: 1179 Basic stats: COMPLETE Column stats: NONE
               Select Operator
                 expressions: key (type: string), value (type: string)
@@ -345,7 +345,7 @@ STAGE PLANS:
             GatherStats: false
             Filter Operator
               isSamplingPred: false
-              predicate: ((UDFToDouble(key) > 15.0) and (UDFToDouble(key) < 20.0)) (type: boolean)
+              predicate: ((UDFToDouble(key) < 20.0) and (UDFToDouble(key) > 15.0)) (type: boolean)
               Statistics: Num rows: 111 Data size: 1179 Basic stats: COMPLETE Column stats: NONE
               Select Operator
                 expressions: key (type: string), value (type: string)
diff --git a/ql/src/test/results/clientpositive/partition_wise_fileformat2.q.out b/ql/src/test/results/clientpositive/partition_wise_fileformat2.q.out
index de239ca2d7..03fcc62358 100644
--- a/ql/src/test/results/clientpositive/partition_wise_fileformat2.q.out
+++ b/ql/src/test/results/clientpositive/partition_wise_fileformat2.q.out
@@ -68,7 +68,7 @@ STAGE PLANS:
           alias: partition_test_partitioned
           Statistics: Num rows: 75 Data size: 548 Basic stats: COMPLETE Column stats: NONE
           Filter Operator
-            predicate: ((UDFToDouble(dt) >= 100.0) and (UDFToDouble(dt) <= 102.0)) (type: boolean)
+            predicate: ((UDFToDouble(dt) <= 102.0) and (UDFToDouble(dt) >= 100.0)) (type: boolean)
             Statistics: Num rows: 8 Data size: 58 Basic stats: COMPLETE Column stats: NONE
             Select Operator
               expressions: key (type: string), value (type: string), dt (type: string), BLOCK__OFFSET__INSIDE__FILE (type: bigint)
@@ -181,7 +181,7 @@ STAGE PLANS:
           alias: partition_test_partitioned
           Statistics: Num rows: 75 Data size: 548 Basic stats: COMPLETE Column stats: NONE
           Filter Operator
-            predicate: ((UDFToDouble(dt) >= 100.0) and (UDFToDouble(dt) <= 102.0)) (type: boolean)
+            predicate: ((UDFToDouble(dt) <= 102.0) and (UDFToDouble(dt) >= 100.0)) (type: boolean)
             Statistics: Num rows: 8 Data size: 58 Basic stats: COMPLETE Column stats: NONE
             Select Operator
               expressions: key (type: string), value (type: string), dt (type: string), BLOCK__OFFSET__INSIDE__FILE (type: bigint)
diff --git a/ql/src/test/results/clientpositive/pcr.q.out b/ql/src/test/results/clientpositive/pcr.q.out
index 5d0d170245..691048c1fd 100644
--- a/ql/src/test/results/clientpositive/pcr.q.out
+++ b/ql/src/test/results/clientpositive/pcr.q.out
@@ -3184,7 +3184,7 @@ STAGE PLANS:
             GatherStats: false
             Filter Operator
               isSamplingPred: false
-              predicate: ((ds > '2000-04-08') or ((ds <= '2000-04-09') and (key = 2))) (type: boolean)
+              predicate: (((ds <= '2000-04-09') and (key = 2)) or (ds > '2000-04-08')) (type: boolean)
               Statistics: Num rows: 30 Data size: 240 Basic stats: COMPLETE Column stats: NONE
               Select Operator
                 expressions: key (type: int), value (type: string), ds (type: string)
diff --git a/ql/src/test/results/clientpositive/pcs.q.out b/ql/src/test/results/clientpositive/pcs.q.out
index af5d11ad44..cc6ba5afef 100644
--- a/ql/src/test/results/clientpositive/pcs.q.out
+++ b/ql/src/test/results/clientpositive/pcs.q.out
@@ -1067,7 +1067,7 @@ STAGE PLANS:
             GatherStats: false
             Filter Operator
               isSamplingPred: false
-              predicate: ((struct(ds,key)) IN (const struct('2000-04-08',1), const struct('2000-04-09',2)) and (struct(ds)) IN (const struct('2000-04-08'), const struct('2000-04-09')) and (ds = '2008-04-08')) (type: boolean)
+              predicate: ((ds = '2008-04-08') and (struct(ds)) IN (const struct('2000-04-08'), const struct('2000-04-09')) and (struct(ds,key)) IN (const struct('2000-04-08',1), const struct('2000-04-09',2))) (type: boolean)
               Statistics: Num rows: 1 Data size: 0 Basic stats: PARTIAL Column stats: NONE
               Select Operator
                 expressions: key (type: int), value (type: string)
@@ -1092,7 +1092,7 @@ STAGE PLANS:
             GatherStats: false
             Filter Operator
               isSamplingPred: false
-              predicate: ((struct(ds,key)) IN (const struct('2000-04-08',1), const struct('2000-04-09',2)) and (struct(ds)) IN (const struct('2000-04-08'), const struct('2000-04-09')) and (ds = '2008-04-08')) (type: boolean)
+              predicate: ((ds = '2008-04-08') and (struct(ds)) IN (const struct('2000-04-08'), const struct('2000-04-09')) and (struct(ds,key)) IN (const struct('2000-04-08',1), const struct('2000-04-09',2))) (type: boolean)
               Statistics: Num rows: 1 Data size: 0 Basic stats: PARTIAL Column stats: NONE
               Select Operator
                 expressions: key (type: int), value (type: string)
@@ -1657,7 +1657,7 @@ STAGE PLANS:
             GatherStats: false
             Filter Operator
               isSamplingPred: false
-              predicate: ((key = 3) or ((struct(((ds = '2000-04-08') or (key = 2)),key)) IN (const struct(true,2), const struct(false,3)) and ((key + 5) > 0))) (type: boolean)
+              predicate: (((struct(((ds = '2000-04-08') or (key = 2)),key)) IN (const struct(true,2), const struct(false,3)) and ((key + 5) > 0)) or (key = 3)) (type: boolean)
               Statistics: Num rows: 40 Data size: 320 Basic stats: COMPLETE Column stats: NONE
               Select Operator
                 expressions: ds (type: string)
diff --git a/ql/src/test/results/clientpositive/perf/query1.q.out b/ql/src/test/results/clientpositive/perf/query1.q.out
index 46a3812522..ad350c1241 100644
--- a/ql/src/test/results/clientpositive/perf/query1.q.out
+++ b/ql/src/test/results/clientpositive/perf/query1.q.out
@@ -124,7 +124,7 @@ Stage-0
                                           Select Operator [SEL_2] (rows=57591150 width=77)
                                             Output:["_col0","_col1","_col2","_col3"]
                                             Filter Operator [FIL_71] (rows=57591150 width=77)
-                                              predicate:(sr_returned_date_sk is not null and sr_store_sk is not null and sr_customer_sk is not null)
+                                              predicate:(sr_customer_sk is not null and sr_returned_date_sk is not null and sr_store_sk is not null)
                                               TableScan [TS_0] (rows=57591150 width=77)
                                                 default@store_returns,store_returns,Tbl:COMPLETE,Col:NONE,Output:["sr_returned_date_sk","sr_customer_sk","sr_store_sk","sr_fee"]
                                       <-Map 10 [SIMPLE_EDGE]
diff --git a/ql/src/test/results/clientpositive/perf/query10.q.out b/ql/src/test/results/clientpositive/perf/query10.q.out
index e300561101..cf3651b35b 100644
--- a/ql/src/test/results/clientpositive/perf/query10.q.out
+++ b/ql/src/test/results/clientpositive/perf/query10.q.out
@@ -177,7 +177,7 @@ Stage-0
                                           Select Operator [SEL_28] (rows=4058 width=1119)
                                             Output:["_col0"]
                                             Filter Operator [FIL_103] (rows=4058 width=1119)
-                                              predicate:((d_year = 2002) and d_moy BETWEEN 4 AND 7 and d_date_sk is not null)
+                                              predicate:((d_year = 2002) and d_date_sk is not null and d_moy BETWEEN 4 AND 7)
                                               TableScan [TS_26] (rows=73049 width=1119)
                                                 default@date_dim,date_dim,Tbl:COMPLETE,Col:NONE,Output:["d_date_sk","d_year","d_moy"]
                                       <-Map 19 [SIMPLE_EDGE]
diff --git a/ql/src/test/results/clientpositive/perf/query11.q.out b/ql/src/test/results/clientpositive/perf/query11.q.out
index 182aa74521..69ced2611c 100644
--- a/ql/src/test/results/clientpositive/perf/query11.q.out
+++ b/ql/src/test/results/clientpositive/perf/query11.q.out
@@ -204,7 +204,7 @@ Stage-0
                                     Select Operator [SEL_73] (rows=80000000 width=860)
                                       Output:["_col0","_col1","_col2","_col3","_col4","_col5","_col6","_col7"]
                                       Filter Operator [FIL_164] (rows=80000000 width=860)
-                                        predicate:(c_customer_sk is not null and c_customer_id is not null)
+                                        predicate:(c_customer_id is not null and c_customer_sk is not null)
                                         TableScan [TS_71] (rows=80000000 width=860)
                                           default@customer,customer,Tbl:COMPLETE,Col:NONE,Output:["c_customer_sk","c_customer_id","c_first_name","c_last_name","c_preferred_cust_flag","c_birth_country","c_login","c_email_address"]
                                 <-Reducer 11 [SIMPLE_EDGE]
diff --git a/ql/src/test/results/clientpositive/perf/query13.q.out b/ql/src/test/results/clientpositive/perf/query13.q.out
index ac9d3cbe9c..7cb54498d4 100644
--- a/ql/src/test/results/clientpositive/perf/query13.q.out
+++ b/ql/src/test/results/clientpositive/perf/query13.q.out
@@ -123,7 +123,7 @@ Stage-0
               Select Operator [SEL_35] (rows=715776 width=88)
                 Output:["_col6","_col8","_col9"]
                 Filter Operator [FIL_34] (rows=715776 width=88)
-                  predicate:(((_col19 = 'M') and (_col20 = '4 yr Degree') and _col7 BETWEEN 100 AND 150 and (_col14 = 3)) or ((_col19 = 'D') and (_col20 = 'Primary') and _col7 BETWEEN 50 AND 100 and (_col14 = 1)) or ((_col19 = 'U') and (_col20 = 'Advanced Degree') and _col7 BETWEEN 150 AND 200 and (_col14 = 1)))
+                  predicate:(((_col19 = 'D') and (_col20 = 'Primary') and _col7 BETWEEN 50 AND 100 and (_col14 = 1)) or ((_col19 = 'M') and (_col20 = '4 yr Degree') and _col7 BETWEEN 100 AND 150 and (_col14 = 3)) or ((_col19 = 'U') and (_col20 = 'Advanced Degree') and _col7 BETWEEN 150 AND 200 and (_col14 = 1)))
                   Merge Join Operator [MERGEJOIN_71] (rows=17178642 width=88)
                     Conds:RS_31._col2=RS_32._col0(Inner),Output:["_col6","_col7","_col8","_col9","_col14","_col19","_col20"]
                   <-Map 12 [SIMPLE_EDGE]
@@ -132,7 +132,7 @@ Stage-0
                       Select Operator [SEL_17] (rows=1861800 width=385)
                         Output:["_col0","_col1","_col2"]
                         Filter Operator [FIL_66] (rows=1861800 width=385)
-                          predicate:(((cd_marital_status = 'M') or (cd_marital_status = 'D') or (cd_marital_status = 'U')) and ((cd_education_status = '4 yr Degree') or (cd_education_status = 'Primary') or (cd_education_status = 'Advanced Degree')) and cd_demo_sk is not null)
+                          predicate:(((cd_education_status = '4 yr Degree') or (cd_education_status = 'Primary') or (cd_education_status = 'Advanced Degree')) and ((cd_marital_status = 'M') or (cd_marital_status = 'D') or (cd_marital_status = 'U')) and cd_demo_sk is not null)
                           TableScan [TS_15] (rows=1861800 width=385)
                             default@customer_demographics,customer_demographics,Tbl:COMPLETE,Col:NONE,Output:["cd_demo_sk","cd_marital_status","cd_education_status"]
                   <-Reducer 5 [SIMPLE_EDGE]
@@ -148,7 +148,7 @@ Stage-0
                             Select Operator [SEL_14] (rows=10000000 width=1014)
                               Output:["_col0","_col1"]
                               Filter Operator [FIL_65] (rows=10000000 width=1014)
-                                predicate:((ca_state) IN ('KY', 'GA', 'NM', 'MT', 'OR', 'IN', 'WI', 'MO', 'WV') and (ca_country = 'United States') and ca_address_sk is not null)
+                                predicate:((ca_country = 'United States') and (ca_state) IN ('KY', 'GA', 'NM', 'MT', 'OR', 'IN', 'WI', 'MO', 'WV') and ca_address_sk is not null)
                                 TableScan [TS_12] (rows=40000000 width=1014)
                                   default@customer_address,customer_address,Tbl:COMPLETE,Col:NONE,Output:["ca_address_sk","ca_state","ca_country"]
                         <-Reducer 4 [SIMPLE_EDGE]
@@ -199,7 +199,7 @@ Stage-0
                                         Select Operator [SEL_5] (rows=63999513 width=88)
                                           Output:["_col0","_col1","_col2","_col3","_col4","_col5","_col6","_col7","_col8","_col9"]
                                           Filter Operator [FIL_62] (rows=63999513 width=88)
-                                            predicate:((ss_sales_price BETWEEN 100 AND 150 or ss_sales_price BETWEEN 50 AND 100 or ss_sales_price BETWEEN 150 AND 200) and (ss_net_profit BETWEEN 100 AND 200 or ss_net_profit BETWEEN 150 AND 300 or ss_net_profit BETWEEN 50 AND 250) and ss_store_sk is not null and ss_cdemo_sk is not null and ss_hdemo_sk is not null and ss_addr_sk is not null and ss_sold_date_sk is not null)
+                                            predicate:((ss_net_profit BETWEEN 100 AND 200 or ss_net_profit BETWEEN 150 AND 300 or ss_net_profit BETWEEN 50 AND 250) and (ss_sales_price BETWEEN 100 AND 150 or ss_sales_price BETWEEN 50 AND 100 or ss_sales_price BETWEEN 150 AND 200) and ss_addr_sk is not null and ss_cdemo_sk is not null and ss_hdemo_sk is not null and ss_sold_date_sk is not null and ss_store_sk is not null)
                                             TableScan [TS_3] (rows=575995635 width=88)
                                               default@store_sales,store_sales,Tbl:COMPLETE,Col:NONE,Output:["ss_sold_date_sk","ss_cdemo_sk","ss_hdemo_sk","ss_addr_sk","ss_store_sk","ss_quantity","ss_sales_price","ss_ext_sales_price","ss_ext_wholesale_cost","ss_net_profit"]
 
diff --git a/ql/src/test/results/clientpositive/perf/query14.q.out b/ql/src/test/results/clientpositive/perf/query14.q.out
index 2d3bf35e2b..dac6e0f20b 100644
--- a/ql/src/test/results/clientpositive/perf/query14.q.out
+++ b/ql/src/test/results/clientpositive/perf/query14.q.out
@@ -1,6 +1,6 @@
-Warning: Shuffle Join MERGEJOIN[891][tables = [$hdt$_1, $hdt$_2, $hdt$_0]] in Stage 'Reducer 12' is a cross product
-Warning: Shuffle Join MERGEJOIN[890][tables = [$hdt$_1, $hdt$_2, $hdt$_0]] in Stage 'Reducer 5' is a cross product
 Warning: Shuffle Join MERGEJOIN[892][tables = [$hdt$_2, $hdt$_3, $hdt$_1]] in Stage 'Reducer 16' is a cross product
+Warning: Shuffle Join MERGEJOIN[890][tables = [$hdt$_1, $hdt$_2, $hdt$_0]] in Stage 'Reducer 5' is a cross product
+Warning: Shuffle Join MERGEJOIN[891][tables = [$hdt$_1, $hdt$_2, $hdt$_0]] in Stage 'Reducer 12' is a cross product
 PREHOOK: query: explain
 with  cross_items as
  (select i_item_sk ss_item_sk
@@ -340,7 +340,7 @@ Stage-0
                                                         Select Operator [SEL_15] (rows=8116 width=1119)
                                                           Output:["_col0"]
                                                           Filter Operator [FIL_773] (rows=8116 width=1119)
-                                                            predicate:(d_year BETWEEN 1998 AND 2000 and d_date_sk is not null)
+                                                            predicate:(d_date_sk is not null and d_year BETWEEN 1998 AND 2000)
                                                             TableScan [TS_13] (rows=73049 width=1119)
                                                               default@date_dim,date_dim,Tbl:COMPLETE,Col:NONE,Output:["d_date_sk","d_year"]
                                                     <-Map 17 [SIMPLE_EDGE]
@@ -368,7 +368,7 @@ Stage-0
                                                         Select Operator [SEL_26] (rows=8116 width=1119)
                                                           Output:["_col0"]
                                                           Filter Operator [FIL_775] (rows=8116 width=1119)
-                                                            predicate:(d_year BETWEEN 1998 AND 2000 and d_date_sk is not null)
+                                                            predicate:(d_date_sk is not null and d_year BETWEEN 1998 AND 2000)
                                                             TableScan [TS_24] (rows=73049 width=1119)
                                                               default@date_dim,date_dim,Tbl:COMPLETE,Col:NONE,Output:["d_date_sk","d_year"]
                                                     <-Map 31 [SIMPLE_EDGE]
@@ -396,7 +396,7 @@ Stage-0
                                                         Select Operator [SEL_98] (rows=8116 width=1119)
                                                           Output:["_col0"]
                                                           Filter Operator [FIL_787] (rows=8116 width=1119)
-                                                            predicate:(d_year BETWEEN 1999 AND 2001 and d_date_sk is not null)
+                                                            predicate:(d_date_sk is not null and d_year BETWEEN 1999 AND 2001)
                                                             TableScan [TS_96] (rows=73049 width=1119)
                                                               default@date_dim,d1,Tbl:COMPLETE,Col:NONE,Output:["d_date_sk","d_year"]
                                                     <-Map 1 [SIMPLE_EDGE]
@@ -515,7 +515,7 @@ Stage-0
                                                 Select Operator [SEL_86] (rows=18262 width=1119)
                                                   Output:["_col0"]
                                                   Filter Operator [FIL_783] (rows=18262 width=1119)
-                                                    predicate:((d_year = 2000) and (d_moy = 11) and d_date_sk is not null)
+                                                    predicate:((d_moy = 11) and (d_year = 2000) and d_date_sk is not null)
                                                     TableScan [TS_84] (rows=73049 width=1119)
                                                       default@date_dim,date_dim,Tbl:COMPLETE,Col:NONE,Output:["d_date_sk","d_year","d_moy"]
                                             <-Map 100 [SIMPLE_EDGE]
@@ -545,7 +545,7 @@ Stage-0
                                                       Select Operator [SEL_280] (rows=462000 width=1436)
                                                         Output:["_col0","_col1","_col2","_col3"]
                                                         Filter Operator [FIL_810] (rows=462000 width=1436)
-                                                          predicate:(i_brand_id is not null and i_class_id is not null and i_category_id is not null and i_item_sk is not null)
+                                                          predicate:(i_brand_id is not null and i_category_id is not null and i_class_id is not null and i_item_sk is not null)
                                                            Please refer to the previous TableScan [TS_90]
                                                   <-Reducer 72 [ONE_TO_ONE_EDGE]
                                                     FORWARD [RS_350]
@@ -577,7 +577,7 @@ Stage-0
                                                                             Select Operator [SEL_289] (rows=462000 width=1436)
                                                                               Output:["_col0","_col1","_col2","_col3"]
                                                                               Filter Operator [FIL_813] (rows=462000 width=1436)
-                                                                                predicate:(i_item_sk is not null and i_brand_id is not null and i_class_id is not null and i_category_id is not null)
+                                                                                predicate:(i_brand_id is not null and i_category_id is not null and i_class_id is not null and i_item_sk is not null)
                                                                                  Please refer to the previous TableScan [TS_90]
                                                                         <-Reducer 89 [SIMPLE_EDGE]
                                                                           SHUFFLE [RS_293]
@@ -617,7 +617,7 @@ Stage-0
                                                                             Select Operator [SEL_309] (rows=462000 width=1436)
                                                                               Output:["_col0","_col1","_col2","_col3"]
                                                                               Filter Operator [FIL_816] (rows=462000 width=1436)
-                                                                                predicate:(i_item_sk is not null and i_brand_id is not null and i_class_id is not null and i_category_id is not null)
+                                                                                predicate:(i_brand_id is not null and i_category_id is not null and i_class_id is not null and i_item_sk is not null)
                                                                                  Please refer to the previous TableScan [TS_90]
                                                                         <-Reducer 94 [SIMPLE_EDGE]
                                                                           SHUFFLE [RS_313]
@@ -657,7 +657,7 @@ Stage-0
                                                                             Select Operator [SEL_330] (rows=462000 width=1436)
                                                                               Output:["_col0","_col1","_col2","_col3"]
                                                                               Filter Operator [FIL_819] (rows=462000 width=1436)
-                                                                                predicate:(i_item_sk is not null and i_brand_id is not null and i_class_id is not null and i_category_id is not null)
+                                                                                predicate:(i_brand_id is not null and i_category_id is not null and i_class_id is not null and i_item_sk is not null)
                                                                                  Please refer to the previous TableScan [TS_90]
                                                                         <-Reducer 95 [SIMPLE_EDGE]
                                                                           SHUFFLE [RS_334]
@@ -869,7 +869,7 @@ Stage-0
                                                       Select Operator [SEL_469] (rows=462000 width=1436)
                                                         Output:["_col0","_col1","_col2","_col3"]
                                                         Filter Operator [FIL_835] (rows=462000 width=1436)
-                                                          predicate:(i_brand_id is not null and i_class_id is not null and i_category_id is not null and i_item_sk is not null)
+                                                          predicate:(i_brand_id is not null and i_category_id is not null and i_class_id is not null and i_item_sk is not null)
                                                            Please refer to the previous TableScan [TS_90]
                                                   <-Reducer 82 [ONE_TO_ONE_EDGE]
                                                     FORWARD [RS_539]
@@ -901,7 +901,7 @@ Stage-0
                                                                             Select Operator [SEL_478] (rows=462000 width=1436)
                                                                               Output:["_col0","_col1","_col2","_col3"]
                                                                               Filter Operator [FIL_838] (rows=462000 width=1436)
-                                                                                predicate:(i_item_sk is not null and i_brand_id is not null and i_class_id is not null and i_category_id is not null)
+                                                                                predicate:(i_brand_id is not null and i_category_id is not null and i_class_id is not null and i_item_sk is not null)
                                                                                  Please refer to the previous TableScan [TS_90]
                                                                         <-Reducer 90 [SIMPLE_EDGE]
                                                                           SHUFFLE [RS_482]
@@ -936,7 +936,7 @@ Stage-0
                                                                             Select Operator [SEL_498] (rows=462000 width=1436)
                                                                               Output:["_col0","_col1","_col2","_col3"]
                                                                               Filter Operator [FIL_841] (rows=462000 width=1436)
-                                                                                predicate:(i_item_sk is not null and i_brand_id is not null and i_class_id is not null and i_category_id is not null)
+                                                                                predicate:(i_brand_id is not null and i_category_id is not null and i_class_id is not null and i_item_sk is not null)
                                                                                  Please refer to the previous TableScan [TS_90]
                                                                         <-Reducer 96 [SIMPLE_EDGE]
                                                                           SHUFFLE [RS_502]
@@ -971,7 +971,7 @@ Stage-0
                                                                             Select Operator [SEL_519] (rows=462000 width=1436)
                                                                               Output:["_col0","_col1","_col2","_col3"]
                                                                               Filter Operator [FIL_844] (rows=462000 width=1436)
-                                                                                predicate:(i_item_sk is not null and i_brand_id is not null and i_class_id is not null and i_category_id is not null)
+                                                                                predicate:(i_brand_id is not null and i_category_id is not null and i_class_id is not null and i_item_sk is not null)
                                                                                  Please refer to the previous TableScan [TS_90]
                                                                         <-Reducer 97 [SIMPLE_EDGE]
                                                                           SHUFFLE [RS_523]
@@ -1178,7 +1178,7 @@ Stage-0
                                                       Select Operator [SEL_92] (rows=462000 width=1436)
                                                         Output:["_col0","_col1","_col2","_col3"]
                                                         Filter Operator [FIL_785] (rows=462000 width=1436)
-                                                          predicate:(i_brand_id is not null and i_class_id is not null and i_category_id is not null and i_item_sk is not null)
+                                                          predicate:(i_brand_id is not null and i_category_id is not null and i_class_id is not null and i_item_sk is not null)
                                                            Please refer to the previous TableScan [TS_90]
                                                   <-Reducer 62 [ONE_TO_ONE_EDGE]
                                                     FORWARD [RS_162]
diff --git a/ql/src/test/results/clientpositive/perf/query15.q.out b/ql/src/test/results/clientpositive/perf/query15.q.out
index a2d95f65a9..cf6cf1624b 100644
--- a/ql/src/test/results/clientpositive/perf/query15.q.out
+++ b/ql/src/test/results/clientpositive/perf/query15.q.out
@@ -67,7 +67,7 @@ Stage-0
                     Select Operator [SEL_23] (rows=348467716 width=135)
                       Output:["_col4","_col7"]
                       Filter Operator [FIL_22] (rows=348467716 width=135)
-                        predicate:((substr(_col4, 1, 5)) IN ('85669', '86197', '88274', '83405', '86475', '85392', '85460', '80348', '81792') or (_col3) IN ('CA', 'WA', 'GA') or (_col7 > 500))
+                        predicate:((_col3) IN ('CA', 'WA', 'GA') or (_col7 > 500) or (substr(_col4, 1, 5)) IN ('85669', '86197', '88274', '83405', '86475', '85392', '85460', '80348', '81792'))
                         Merge Join Operator [MERGEJOIN_46] (rows=348467716 width=135)
                           Conds:RS_19._col0=RS_20._col1(Inner),Output:["_col3","_col4","_col7"]
                         <-Reducer 2 [SIMPLE_EDGE]
@@ -81,7 +81,7 @@ Stage-0
                                 Select Operator [SEL_2] (rows=80000000 width=860)
                                   Output:["_col0","_col1"]
                                   Filter Operator [FIL_40] (rows=80000000 width=860)
-                                    predicate:(c_customer_sk is not null and c_current_addr_sk is not null)
+                                    predicate:(c_current_addr_sk is not null and c_customer_sk is not null)
                                     TableScan [TS_0] (rows=80000000 width=860)
                                       default@customer,customer,Tbl:COMPLETE,Col:NONE,Output:["c_customer_sk","c_current_addr_sk"]
                             <-Map 6 [SIMPLE_EDGE]
diff --git a/ql/src/test/results/clientpositive/perf/query16.q.out b/ql/src/test/results/clientpositive/perf/query16.q.out
index 5ae7680700..b2b990e8a5 100644
--- a/ql/src/test/results/clientpositive/perf/query16.q.out
+++ b/ql/src/test/results/clientpositive/perf/query16.q.out
@@ -177,7 +177,7 @@ Stage-0
                                                   Select Operator [SEL_2] (rows=287989836 width=135)
                                                     Output:["_col0","_col1","_col2","_col3","_col4","_col5","_col6"]
                                                     Filter Operator [FIL_67] (rows=287989836 width=135)
-                                                      predicate:(cs_ship_date_sk is not null and cs_ship_addr_sk is not null and cs_call_center_sk is not null)
+                                                      predicate:(cs_call_center_sk is not null and cs_ship_addr_sk is not null and cs_ship_date_sk is not null)
                                                       TableScan [TS_0] (rows=287989836 width=135)
                                                         default@catalog_sales,cs1,Tbl:COMPLETE,Col:NONE,Output:["cs_ship_date_sk","cs_ship_addr_sk","cs_call_center_sk","cs_warehouse_sk","cs_order_number","cs_ext_ship_cost","cs_net_profit"]
                                               <-Map 9 [SIMPLE_EDGE]
diff --git a/ql/src/test/results/clientpositive/perf/query17.q.out b/ql/src/test/results/clientpositive/perf/query17.q.out
index c5e69d5309..7c195c2f1d 100644
--- a/ql/src/test/results/clientpositive/perf/query17.q.out
+++ b/ql/src/test/results/clientpositive/perf/query17.q.out
@@ -161,7 +161,7 @@ Stage-0
                                       Select Operator [SEL_17] (rows=57591150 width=77)
                                         Output:["_col0","_col1","_col2","_col3","_col4"]
                                         Filter Operator [FIL_89] (rows=57591150 width=77)
-                                          predicate:(sr_customer_sk is not null and sr_item_sk is not null and sr_ticket_number is not null and sr_returned_date_sk is not null)
+                                          predicate:(sr_customer_sk is not null and sr_item_sk is not null and sr_returned_date_sk is not null and sr_ticket_number is not null)
                                           TableScan [TS_15] (rows=57591150 width=77)
                                             default@store_returns,store_returns,Tbl:COMPLETE,Col:NONE,Output:["sr_returned_date_sk","sr_item_sk","sr_customer_sk","sr_ticket_number","sr_return_quantity"]
                               <-Reducer 9 [SIMPLE_EDGE]
@@ -219,7 +219,7 @@ Stage-0
                                       Select Operator [SEL_2] (rows=575995635 width=88)
                                         Output:["_col0","_col1","_col2","_col3","_col4","_col5"]
                                         Filter Operator [FIL_84] (rows=575995635 width=88)
-                                          predicate:(ss_customer_sk is not null and ss_item_sk is not null and ss_ticket_number is not null and ss_sold_date_sk is not null and ss_store_sk is not null)
+                                          predicate:(ss_customer_sk is not null and ss_item_sk is not null and ss_sold_date_sk is not null and ss_store_sk is not null and ss_ticket_number is not null)
                                           TableScan [TS_0] (rows=575995635 width=88)
                                             default@store_sales,store_sales,Tbl:COMPLETE,Col:NONE,Output:["ss_sold_date_sk","ss_item_sk","ss_customer_sk","ss_store_sk","ss_ticket_number","ss_quantity"]
 
diff --git a/ql/src/test/results/clientpositive/perf/query18.q.out b/ql/src/test/results/clientpositive/perf/query18.q.out
index 2ac6d4bcd1..1f0ec90b41 100644
--- a/ql/src/test/results/clientpositive/perf/query18.q.out
+++ b/ql/src/test/results/clientpositive/perf/query18.q.out
@@ -128,7 +128,7 @@ Stage-0
                                       Select Operator [SEL_17] (rows=465450 width=385)
                                         Output:["_col0","_col3"]
                                         Filter Operator [FIL_76] (rows=465450 width=385)
-                                          predicate:((cd_gender = 'M') and (cd_education_status = 'College') and cd_demo_sk is not null)
+                                          predicate:((cd_education_status = 'College') and (cd_gender = 'M') and cd_demo_sk is not null)
                                           TableScan [TS_15] (rows=1861800 width=385)
                                             default@customer_demographics,cd1,Tbl:COMPLETE,Col:NONE,Output:["cd_demo_sk","cd_gender","cd_education_status","cd_dep_count"]
                                   <-Reducer 10 [SIMPLE_EDGE]
@@ -151,7 +151,7 @@ Stage-0
                                           Select Operator [SEL_11] (rows=287989836 width=135)
                                             Output:["_col0","_col1","_col2","_col3","_col4","_col5","_col6","_col7","_col8"]
                                             Filter Operator [FIL_74] (rows=287989836 width=135)
-                                              predicate:(cs_bill_cdemo_sk is not null and cs_bill_customer_sk is not null and cs_sold_date_sk is not null and cs_item_sk is not null)
+                                              predicate:(cs_bill_cdemo_sk is not null and cs_bill_customer_sk is not null and cs_item_sk is not null and cs_sold_date_sk is not null)
                                               TableScan [TS_9] (rows=287989836 width=135)
                                                 default@catalog_sales,catalog_sales,Tbl:COMPLETE,Col:NONE,Output:["cs_sold_date_sk","cs_bill_customer_sk","cs_bill_cdemo_sk","cs_item_sk","cs_quantity","cs_list_price","cs_sales_price","cs_coupon_amt","cs_net_profit"]
                         <-Reducer 3 [SIMPLE_EDGE]
@@ -179,7 +179,7 @@ Stage-0
                                     Select Operator [SEL_2] (rows=40000000 width=860)
                                       Output:["_col0","_col1","_col2","_col4"]
                                       Filter Operator [FIL_71] (rows=40000000 width=860)
-                                        predicate:((c_birth_month) IN (9, 5, 12, 4, 1, 10) and c_customer_sk is not null and c_current_cdemo_sk is not null and c_current_addr_sk is not null)
+                                        predicate:((c_birth_month) IN (9, 5, 12, 4, 1, 10) and c_current_addr_sk is not null and c_current_cdemo_sk is not null and c_customer_sk is not null)
                                         TableScan [TS_0] (rows=80000000 width=860)
                                           default@customer,customer,Tbl:COMPLETE,Col:NONE,Output:["c_customer_sk","c_current_cdemo_sk","c_current_addr_sk","c_birth_month","c_birth_year"]
                                 <-Map 7 [SIMPLE_EDGE]
diff --git a/ql/src/test/results/clientpositive/perf/query19.q.out b/ql/src/test/results/clientpositive/perf/query19.q.out
index fccc0c3137..363425fe65 100644
--- a/ql/src/test/results/clientpositive/perf/query19.q.out
+++ b/ql/src/test/results/clientpositive/perf/query19.q.out
@@ -132,7 +132,7 @@ Stage-0
                                           Select Operator [SEL_8] (rows=575995635 width=88)
                                             Output:["_col0","_col1","_col2","_col3","_col4"]
                                             Filter Operator [FIL_65] (rows=575995635 width=88)
-                                              predicate:(ss_sold_date_sk is not null and ss_item_sk is not null and ss_customer_sk is not null and ss_store_sk is not null)
+                                              predicate:(ss_customer_sk is not null and ss_item_sk is not null and ss_sold_date_sk is not null and ss_store_sk is not null)
                                               TableScan [TS_6] (rows=575995635 width=88)
                                                 default@store_sales,store_sales,Tbl:COMPLETE,Col:NONE,Output:["ss_sold_date_sk","ss_item_sk","ss_customer_sk","ss_store_sk","ss_ext_sales_price"]
                               <-Reducer 2 [SIMPLE_EDGE]
@@ -146,7 +146,7 @@ Stage-0
                                       Select Operator [SEL_2] (rows=80000000 width=860)
                                         Output:["_col0","_col1"]
                                         Filter Operator [FIL_63] (rows=80000000 width=860)
-                                          predicate:(c_customer_sk is not null and c_current_addr_sk is not null)
+                                          predicate:(c_current_addr_sk is not null and c_customer_sk is not null)
                                           TableScan [TS_0] (rows=80000000 width=860)
                                             default@customer,customer,Tbl:COMPLETE,Col:NONE,Output:["c_customer_sk","c_current_addr_sk"]
                                   <-Map 7 [SIMPLE_EDGE]
diff --git a/ql/src/test/results/clientpositive/perf/query21.q.out b/ql/src/test/results/clientpositive/perf/query21.q.out
index 292fc4fee9..876e3c898b 100644
--- a/ql/src/test/results/clientpositive/perf/query21.q.out
+++ b/ql/src/test/results/clientpositive/perf/query21.q.out
@@ -124,7 +124,7 @@ Stage-0
                                     Select Operator [SEL_2] (rows=37584000 width=15)
                                       Output:["_col0","_col1","_col2","_col3"]
                                       Filter Operator [FIL_41] (rows=37584000 width=15)
-                                        predicate:(inv_warehouse_sk is not null and inv_item_sk is not null and inv_date_sk is not null)
+                                        predicate:(inv_date_sk is not null and inv_item_sk is not null and inv_warehouse_sk is not null)
                                         TableScan [TS_0] (rows=37584000 width=15)
                                           default@inventory,inventory,Tbl:COMPLETE,Col:NONE,Output:["inv_date_sk","inv_item_sk","inv_warehouse_sk","inv_quantity_on_hand"]
                                 <-Map 7 [SIMPLE_EDGE]
diff --git a/ql/src/test/results/clientpositive/perf/query22.q.out b/ql/src/test/results/clientpositive/perf/query22.q.out
index a597ef0f1b..995f61d1ee 100644
--- a/ql/src/test/results/clientpositive/perf/query22.q.out
+++ b/ql/src/test/results/clientpositive/perf/query22.q.out
@@ -115,7 +115,7 @@ Stage-0
                                   Select Operator [SEL_5] (rows=8116 width=1119)
                                     Output:["_col0"]
                                     Filter Operator [FIL_41] (rows=8116 width=1119)
-                                      predicate:(d_month_seq BETWEEN 1212 AND 1223 and d_date_sk is not null)
+                                      predicate:(d_date_sk is not null and d_month_seq BETWEEN 1212 AND 1223)
                                       TableScan [TS_3] (rows=73049 width=1119)
                                         default@date_dim,date_dim,Tbl:COMPLETE,Col:NONE,Output:["d_date_sk","d_month_seq"]
 
diff --git a/ql/src/test/results/clientpositive/perf/query23.q.out b/ql/src/test/results/clientpositive/perf/query23.q.out
index 5925869cbf..3507278931 100644
--- a/ql/src/test/results/clientpositive/perf/query23.q.out
+++ b/ql/src/test/results/clientpositive/perf/query23.q.out
@@ -340,7 +340,7 @@ Stage-0
                                                     Select Operator [SEL_8] (rows=575995635 width=88)
                                                       Output:["_col0","_col1"]
                                                       Filter Operator [FIL_323] (rows=575995635 width=88)
-                                                        predicate:(ss_sold_date_sk is not null and ss_item_sk is not null)
+                                                        predicate:(ss_item_sk is not null and ss_sold_date_sk is not null)
                                                         TableScan [TS_6] (rows=575995635 width=88)
                                                           default@store_sales,store_sales,Tbl:COMPLETE,Col:NONE,Output:["ss_sold_date_sk","ss_item_sk"]
                                                 <-Map 18 [SIMPLE_EDGE]
@@ -363,7 +363,7 @@ Stage-0
                                 Select Operator [SEL_5] (rows=18262 width=1119)
                                   Output:["_col0"]
                                   Filter Operator [FIL_322] (rows=18262 width=1119)
-                                    predicate:((d_year = 1999) and (d_moy = 1) and d_date_sk is not null)
+                                    predicate:((d_moy = 1) and (d_year = 1999) and d_date_sk is not null)
                                     TableScan [TS_3] (rows=73049 width=1119)
                                       default@date_dim,date_dim,Tbl:COMPLETE,Col:NONE,Output:["d_date_sk","d_year","d_moy"]
                             <-Map 47 [SIMPLE_EDGE]
@@ -372,7 +372,7 @@ Stage-0
                                 Select Operator [SEL_121] (rows=144002668 width=135)
                                   Output:["_col0","_col1","_col2","_col3","_col4"]
                                   Filter Operator [FIL_334] (rows=144002668 width=135)
-                                    predicate:(ws_item_sk is not null and ws_bill_customer_sk is not null and ws_sold_date_sk is not null)
+                                    predicate:(ws_bill_customer_sk is not null and ws_item_sk is not null and ws_sold_date_sk is not null)
                                     TableScan [TS_119] (rows=144002668 width=135)
                                       default@web_sales,web_sales,Tbl:COMPLETE,Col:NONE,Output:["ws_sold_date_sk","ws_item_sk","ws_bill_customer_sk","ws_quantity","ws_list_price"]
             <-Reducer 4 [CONTAINS]
@@ -550,7 +550,7 @@ Stage-0
                                 Select Operator [SEL_2] (rows=287989836 width=135)
                                   Output:["_col0","_col1","_col2","_col3","_col4"]
                                   Filter Operator [FIL_321] (rows=287989836 width=135)
-                                    predicate:(cs_item_sk is not null and cs_bill_customer_sk is not null and cs_sold_date_sk is not null)
+                                    predicate:(cs_bill_customer_sk is not null and cs_item_sk is not null and cs_sold_date_sk is not null)
                                     TableScan [TS_0] (rows=287989836 width=135)
                                       default@catalog_sales,catalog_sales,Tbl:COMPLETE,Col:NONE,Output:["cs_sold_date_sk","cs_bill_customer_sk","cs_item_sk","cs_quantity","cs_list_price"]
 
diff --git a/ql/src/test/results/clientpositive/perf/query24.q.out b/ql/src/test/results/clientpositive/perf/query24.q.out
index 9a1b4f629f..5cbbea335f 100644
--- a/ql/src/test/results/clientpositive/perf/query24.q.out
+++ b/ql/src/test/results/clientpositive/perf/query24.q.out
@@ -154,7 +154,7 @@ Stage-0
                                     Select Operator [SEL_17] (rows=40000000 width=1014)
                                       Output:["_col0","_col1","_col2"]
                                       Filter Operator [FIL_137] (rows=40000000 width=1014)
-                                        predicate:(upper(ca_country) is not null and ca_zip is not null)
+                                        predicate:(ca_zip is not null and upper(ca_country) is not null)
                                         TableScan [TS_15] (rows=40000000 width=1014)
                                           default@customer_address,customer_address,Tbl:COMPLETE,Col:NONE,Output:["ca_state","ca_zip","ca_country"]
                                 <-Reducer 12 [SIMPLE_EDGE]
@@ -168,7 +168,7 @@ Stage-0
                                         Select Operator [SEL_14] (rows=57591150 width=77)
                                           Output:["_col0","_col1"]
                                           Filter Operator [FIL_136] (rows=57591150 width=77)
-                                            predicate:(sr_ticket_number is not null and sr_item_sk is not null)
+                                            predicate:(sr_item_sk is not null and sr_ticket_number is not null)
                                             TableScan [TS_12] (rows=57591150 width=77)
                                               default@store_returns,store_returns,Tbl:COMPLETE,Col:NONE,Output:["sr_item_sk","sr_ticket_number"]
                                     <-Reducer 11 [SIMPLE_EDGE]
@@ -196,7 +196,7 @@ Stage-0
                                                 Select Operator [SEL_11] (rows=80000000 width=860)
                                                   Output:["_col0","_col1","_col2","_col3"]
                                                   Filter Operator [FIL_135] (rows=80000000 width=860)
-                                                    predicate:(c_customer_sk is not null and c_birth_country is not null)
+                                                    predicate:(c_birth_country is not null and c_customer_sk is not null)
                                                     TableScan [TS_9] (rows=80000000 width=860)
                                                       default@customer,customer,Tbl:COMPLETE,Col:NONE,Output:["c_customer_sk","c_first_name","c_last_name","c_birth_country"]
                                             <-Reducer 9 [SIMPLE_EDGE]
@@ -210,7 +210,7 @@ Stage-0
                                                     Select Operator [SEL_2] (rows=575995635 width=88)
                                                       Output:["_col0","_col1","_col2","_col3","_col4"]
                                                       Filter Operator [FIL_132] (rows=575995635 width=88)
-                                                        predicate:(ss_ticket_number is not null and ss_item_sk is not null and ss_store_sk is not null and ss_customer_sk is not null)
+                                                        predicate:(ss_customer_sk is not null and ss_item_sk is not null and ss_store_sk is not null and ss_ticket_number is not null)
                                                         TableScan [TS_0] (rows=575995635 width=88)
                                                           default@store_sales,store_sales,Tbl:COMPLETE,Col:NONE,Output:["ss_item_sk","ss_customer_sk","ss_store_sk","ss_ticket_number","ss_sales_price"]
                                                 <-Map 17 [SIMPLE_EDGE]
diff --git a/ql/src/test/results/clientpositive/perf/query25.q.out b/ql/src/test/results/clientpositive/perf/query25.q.out
index 654ba2d4a1..f6d342eaf9 100644
--- a/ql/src/test/results/clientpositive/perf/query25.q.out
+++ b/ql/src/test/results/clientpositive/perf/query25.q.out
@@ -170,7 +170,7 @@ Stage-0
                                         Select Operator [SEL_17] (rows=4058 width=1119)
                                           Output:["_col0"]
                                           Filter Operator [FIL_92] (rows=4058 width=1119)
-                                            predicate:(d_moy BETWEEN 4 AND 10 and (d_year = 2000) and d_date_sk is not null)
+                                            predicate:((d_year = 2000) and d_date_sk is not null and d_moy BETWEEN 4 AND 10)
                                             TableScan [TS_3] (rows=73049 width=1119)
                                               default@date_dim,d1,Tbl:COMPLETE,Col:NONE,Output:["d_date_sk","d_year","d_moy"]
                                     <-Map 13 [SIMPLE_EDGE]
@@ -179,7 +179,7 @@ Stage-0
                                         Select Operator [SEL_14] (rows=57591150 width=77)
                                           Output:["_col0","_col1","_col2","_col3","_col4"]
                                           Filter Operator [FIL_91] (rows=57591150 width=77)
-                                            predicate:(sr_customer_sk is not null and sr_item_sk is not null and sr_ticket_number is not null and sr_returned_date_sk is not null)
+                                            predicate:(sr_customer_sk is not null and sr_item_sk is not null and sr_returned_date_sk is not null and sr_ticket_number is not null)
                                             TableScan [TS_12] (rows=57591150 width=77)
                                               default@store_returns,store_returns,Tbl:COMPLETE,Col:NONE,Output:["sr_returned_date_sk","sr_item_sk","sr_customer_sk","sr_ticket_number","sr_net_loss"]
                                 <-Reducer 9 [SIMPLE_EDGE]
@@ -193,7 +193,7 @@ Stage-0
                                         Select Operator [SEL_11] (rows=4058 width=1119)
                                           Output:["_col0"]
                                           Filter Operator [FIL_90] (rows=4058 width=1119)
-                                            predicate:(d_moy BETWEEN 4 AND 10 and (d_year = 2000) and d_date_sk is not null)
+                                            predicate:((d_year = 2000) and d_date_sk is not null and d_moy BETWEEN 4 AND 10)
                                              Please refer to the previous TableScan [TS_3]
                                     <-Map 12 [SIMPLE_EDGE]
                                       SHUFFLE [RS_22]
@@ -223,7 +223,7 @@ Stage-0
                                     Select Operator [SEL_2] (rows=575995635 width=88)
                                       Output:["_col0","_col1","_col2","_col3","_col4","_col5"]
                                       Filter Operator [FIL_87] (rows=575995635 width=88)
-                                        predicate:(ss_customer_sk is not null and ss_item_sk is not null and ss_ticket_number is not null and ss_sold_date_sk is not null and ss_store_sk is not null)
+                                        predicate:(ss_customer_sk is not null and ss_item_sk is not null and ss_sold_date_sk is not null and ss_store_sk is not null and ss_ticket_number is not null)
                                         TableScan [TS_0] (rows=575995635 width=88)
                                           default@store_sales,store_sales,Tbl:COMPLETE,Col:NONE,Output:["ss_sold_date_sk","ss_item_sk","ss_customer_sk","ss_store_sk","ss_ticket_number","ss_net_profit"]
 
diff --git a/ql/src/test/results/clientpositive/perf/query26.q.out b/ql/src/test/results/clientpositive/perf/query26.q.out
index 125dc77d74..8990298822 100644
--- a/ql/src/test/results/clientpositive/perf/query26.q.out
+++ b/ql/src/test/results/clientpositive/perf/query26.q.out
@@ -117,7 +117,7 @@ Stage-0
                                     Select Operator [SEL_2] (rows=287989836 width=135)
                                       Output:["_col0","_col1","_col2","_col3","_col4","_col5","_col6","_col7"]
                                       Filter Operator [FIL_50] (rows=287989836 width=135)
-                                        predicate:(cs_bill_cdemo_sk is not null and cs_sold_date_sk is not null and cs_item_sk is not null and cs_promo_sk is not null)
+                                        predicate:(cs_bill_cdemo_sk is not null and cs_item_sk is not null and cs_promo_sk is not null and cs_sold_date_sk is not null)
                                         TableScan [TS_0] (rows=287989836 width=135)
                                           default@catalog_sales,catalog_sales,Tbl:COMPLETE,Col:NONE,Output:["cs_sold_date_sk","cs_bill_cdemo_sk","cs_item_sk","cs_promo_sk","cs_quantity","cs_list_price","cs_sales_price","cs_coupon_amt"]
                                 <-Map 8 [SIMPLE_EDGE]
@@ -126,7 +126,7 @@ Stage-0
                                     Select Operator [SEL_5] (rows=232725 width=385)
                                       Output:["_col0"]
                                       Filter Operator [FIL_51] (rows=232725 width=385)
-                                        predicate:((cd_gender = 'F') and (cd_marital_status = 'W') and (cd_education_status = 'Primary') and cd_demo_sk is not null)
+                                        predicate:((cd_education_status = 'Primary') and (cd_gender = 'F') and (cd_marital_status = 'W') and cd_demo_sk is not null)
                                         TableScan [TS_3] (rows=1861800 width=385)
                                           default@customer_demographics,customer_demographics,Tbl:COMPLETE,Col:NONE,Output:["cd_demo_sk","cd_gender","cd_marital_status","cd_education_status"]
 
diff --git a/ql/src/test/results/clientpositive/perf/query27.q.out b/ql/src/test/results/clientpositive/perf/query27.q.out
index cbd7d293a5..c6a190553e 100644
--- a/ql/src/test/results/clientpositive/perf/query27.q.out
+++ b/ql/src/test/results/clientpositive/perf/query27.q.out
@@ -125,7 +125,7 @@ Stage-0
                                         Select Operator [SEL_2] (rows=575995635 width=88)
                                           Output:["_col0","_col1","_col2","_col3","_col4","_col5","_col6","_col7"]
                                           Filter Operator [FIL_51] (rows=575995635 width=88)
-                                            predicate:(ss_cdemo_sk is not null and ss_sold_date_sk is not null and ss_store_sk is not null and ss_item_sk is not null)
+                                            predicate:(ss_cdemo_sk is not null and ss_item_sk is not null and ss_sold_date_sk is not null and ss_store_sk is not null)
                                             TableScan [TS_0] (rows=575995635 width=88)
                                               default@store_sales,store_sales,Tbl:COMPLETE,Col:NONE,Output:["ss_sold_date_sk","ss_item_sk","ss_cdemo_sk","ss_store_sk","ss_quantity","ss_list_price","ss_sales_price","ss_coupon_amt"]
                                     <-Map 8 [SIMPLE_EDGE]
@@ -134,7 +134,7 @@ Stage-0
                                         Select Operator [SEL_5] (rows=232725 width=385)
                                           Output:["_col0"]
                                           Filter Operator [FIL_52] (rows=232725 width=385)
-                                            predicate:((cd_gender = 'M') and (cd_marital_status = 'U') and (cd_education_status = '2 yr Degree') and cd_demo_sk is not null)
+                                            predicate:((cd_education_status = '2 yr Degree') and (cd_gender = 'M') and (cd_marital_status = 'U') and cd_demo_sk is not null)
                                             TableScan [TS_3] (rows=1861800 width=385)
                                               default@customer_demographics,customer_demographics,Tbl:COMPLETE,Col:NONE,Output:["cd_demo_sk","cd_gender","cd_marital_status","cd_education_status"]
 
diff --git a/ql/src/test/results/clientpositive/perf/query28.q.out b/ql/src/test/results/clientpositive/perf/query28.q.out
index 48e3dc5310..33dc1ae513 100644
--- a/ql/src/test/results/clientpositive/perf/query28.q.out
+++ b/ql/src/test/results/clientpositive/perf/query28.q.out
@@ -150,7 +150,7 @@ Stage-0
                             Select Operator [SEL_23] (rows=21333171 width=88)
                               Output:["ss_list_price"]
                               Filter Operator [FIL_55] (rows=21333171 width=88)
-                                predicate:(ss_quantity BETWEEN 16 AND 20 and (ss_list_price BETWEEN 142 AND 152 or ss_coupon_amt BETWEEN 3054 AND 4054 or ss_wholesale_cost BETWEEN 80 AND 100))
+                                predicate:((ss_list_price BETWEEN 142 AND 152 or ss_coupon_amt BETWEEN 3054 AND 4054 or ss_wholesale_cost BETWEEN 80 AND 100) and ss_quantity BETWEEN 16 AND 20)
                                 TableScan [TS_0] (rows=575995635 width=88)
                                   default@store_sales,store_sales,Tbl:COMPLETE,Col:NONE,Output:["ss_quantity","ss_wholesale_cost","ss_list_price","ss_coupon_amt"]
             <-Reducer 12 [CUSTOM_SIMPLE_EDGE]
@@ -171,7 +171,7 @@ Stage-0
                             Select Operator [SEL_30] (rows=21333171 width=88)
                               Output:["ss_list_price"]
                               Filter Operator [FIL_56] (rows=21333171 width=88)
-                                predicate:(ss_quantity BETWEEN 11 AND 15 and (ss_list_price BETWEEN 66 AND 76 or ss_coupon_amt BETWEEN 920 AND 1920 or ss_wholesale_cost BETWEEN 4 AND 24))
+                                predicate:((ss_list_price BETWEEN 66 AND 76 or ss_coupon_amt BETWEEN 920 AND 1920 or ss_wholesale_cost BETWEEN 4 AND 24) and ss_quantity BETWEEN 11 AND 15)
                                  Please refer to the previous TableScan [TS_0]
             <-Reducer 14 [CUSTOM_SIMPLE_EDGE]
               PARTITION_ONLY_SHUFFLE [RS_47]
@@ -191,7 +191,7 @@ Stage-0
                             Select Operator [SEL_37] (rows=21333171 width=88)
                               Output:["ss_list_price"]
                               Filter Operator [FIL_57] (rows=21333171 width=88)
-                                predicate:(ss_quantity BETWEEN 6 AND 10 and (ss_list_price BETWEEN 91 AND 101 or ss_coupon_amt BETWEEN 1430 AND 2430 or ss_wholesale_cost BETWEEN 32 AND 52))
+                                predicate:((ss_list_price BETWEEN 91 AND 101 or ss_coupon_amt BETWEEN 1430 AND 2430 or ss_wholesale_cost BETWEEN 32 AND 52) and ss_quantity BETWEEN 6 AND 10)
                                  Please refer to the previous TableScan [TS_0]
             <-Reducer 3 [CUSTOM_SIMPLE_EDGE]
               PARTITION_ONLY_SHUFFLE [RS_42]
@@ -211,7 +211,7 @@ Stage-0
                             Select Operator [SEL_2] (rows=21333171 width=88)
                               Output:["ss_list_price"]
                               Filter Operator [FIL_52] (rows=21333171 width=88)
-                                predicate:(ss_quantity BETWEEN 0 AND 5 and (ss_list_price BETWEEN 11 AND 21 or ss_coupon_amt BETWEEN 460 AND 1460 or ss_wholesale_cost BETWEEN 14 AND 34))
+                                predicate:((ss_list_price BETWEEN 11 AND 21 or ss_coupon_amt BETWEEN 460 AND 1460 or ss_wholesale_cost BETWEEN 14 AND 34) and ss_quantity BETWEEN 0 AND 5)
                                  Please refer to the previous TableScan [TS_0]
             <-Reducer 6 [CUSTOM_SIMPLE_EDGE]
               PARTITION_ONLY_SHUFFLE [RS_43]
@@ -231,7 +231,7 @@ Stage-0
                             Select Operator [SEL_9] (rows=21333171 width=88)
                               Output:["ss_list_price"]
                               Filter Operator [FIL_53] (rows=21333171 width=88)
-                                predicate:(ss_quantity BETWEEN 26 AND 30 and (ss_list_price BETWEEN 28 AND 38 or ss_coupon_amt BETWEEN 2513 AND 3513 or ss_wholesale_cost BETWEEN 42 AND 62))
+                                predicate:((ss_list_price BETWEEN 28 AND 38 or ss_coupon_amt BETWEEN 2513 AND 3513 or ss_wholesale_cost BETWEEN 42 AND 62) and ss_quantity BETWEEN 26 AND 30)
                                  Please refer to the previous TableScan [TS_0]
             <-Reducer 8 [CUSTOM_SIMPLE_EDGE]
               PARTITION_ONLY_SHUFFLE [RS_44]
@@ -251,6 +251,6 @@ Stage-0
                             Select Operator [SEL_16] (rows=21333171 width=88)
                               Output:["ss_list_price"]
                               Filter Operator [FIL_54] (rows=21333171 width=88)
-                                predicate:(ss_quantity BETWEEN 21 AND 25 and (ss_list_price BETWEEN 135 AND 145 or ss_coupon_amt BETWEEN 14180 AND 15180 or ss_wholesale_cost BETWEEN 38 AND 58))
+                                predicate:((ss_list_price BETWEEN 135 AND 145 or ss_coupon_amt BETWEEN 14180 AND 15180 or ss_wholesale_cost BETWEEN 38 AND 58) and ss_quantity BETWEEN 21 AND 25)
                                  Please refer to the previous TableScan [TS_0]
 
diff --git a/ql/src/test/results/clientpositive/perf/query29.q.out b/ql/src/test/results/clientpositive/perf/query29.q.out
index d64f034081..81abe01730 100644
--- a/ql/src/test/results/clientpositive/perf/query29.q.out
+++ b/ql/src/test/results/clientpositive/perf/query29.q.out
@@ -170,7 +170,7 @@ Stage-0
                                           Select Operator [SEL_17] (rows=4058 width=1119)
                                             Output:["_col0"]
                                             Filter Operator [FIL_90] (rows=4058 width=1119)
-                                              predicate:(d_moy BETWEEN 4 AND 7 and (d_year = 1999) and d_date_sk is not null)
+                                              predicate:((d_year = 1999) and d_date_sk is not null and d_moy BETWEEN 4 AND 7)
                                               TableScan [TS_9] (rows=73049 width=1119)
                                                 default@date_dim,d1,Tbl:COMPLETE,Col:NONE,Output:["d_date_sk","d_year","d_moy"]
                                       <-Map 14 [SIMPLE_EDGE]
@@ -179,7 +179,7 @@ Stage-0
                                           Select Operator [SEL_14] (rows=57591150 width=77)
                                             Output:["_col0","_col1","_col2","_col3","_col4"]
                                             Filter Operator [FIL_89] (rows=57591150 width=77)
-                                              predicate:(sr_customer_sk is not null and sr_item_sk is not null and sr_ticket_number is not null and sr_returned_date_sk is not null)
+                                              predicate:(sr_customer_sk is not null and sr_item_sk is not null and sr_returned_date_sk is not null and sr_ticket_number is not null)
                                               TableScan [TS_12] (rows=57591150 width=77)
                                                 default@store_returns,store_returns,Tbl:COMPLETE,Col:NONE,Output:["sr_returned_date_sk","sr_item_sk","sr_customer_sk","sr_ticket_number","sr_return_quantity"]
                                   <-Reducer 8 [SIMPLE_EDGE]
@@ -201,7 +201,7 @@ Stage-0
                                           Select Operator [SEL_8] (rows=575995635 width=88)
                                             Output:["_col0","_col1","_col2","_col3","_col4","_col5"]
                                             Filter Operator [FIL_87] (rows=575995635 width=88)
-                                              predicate:(ss_customer_sk is not null and ss_item_sk is not null and ss_ticket_number is not null and ss_sold_date_sk is not null and ss_store_sk is not null)
+                                              predicate:(ss_customer_sk is not null and ss_item_sk is not null and ss_sold_date_sk is not null and ss_store_sk is not null and ss_ticket_number is not null)
                                               TableScan [TS_6] (rows=575995635 width=88)
                                                 default@store_sales,store_sales,Tbl:COMPLETE,Col:NONE,Output:["ss_sold_date_sk","ss_item_sk","ss_customer_sk","ss_store_sk","ss_ticket_number","ss_quantity"]
                     <-Reducer 2 [SIMPLE_EDGE]
diff --git a/ql/src/test/results/clientpositive/perf/query3.q.out b/ql/src/test/results/clientpositive/perf/query3.q.out
index 33bcb31471..462f05d901 100644
--- a/ql/src/test/results/clientpositive/perf/query3.q.out
+++ b/ql/src/test/results/clientpositive/perf/query3.q.out
@@ -87,7 +87,7 @@ Stage-0
                             Select Operator [SEL_2] (rows=575995635 width=88)
                               Output:["_col0","_col1","_col2"]
                               Filter Operator [FIL_30] (rows=575995635 width=88)
-                                predicate:(ss_sold_date_sk is not null and ss_item_sk is not null)
+                                predicate:(ss_item_sk is not null and ss_sold_date_sk is not null)
                                 TableScan [TS_0] (rows=575995635 width=88)
                                   default@store_sales,store_sales,Tbl:COMPLETE,Col:NONE,Output:["ss_sold_date_sk","ss_item_sk","ss_ext_sales_price"]
                         <-Map 6 [SIMPLE_EDGE]
diff --git a/ql/src/test/results/clientpositive/perf/query31.q.out b/ql/src/test/results/clientpositive/perf/query31.q.out
index 644d3e1ce4..4ccc6a42b7 100644
--- a/ql/src/test/results/clientpositive/perf/query31.q.out
+++ b/ql/src/test/results/clientpositive/perf/query31.q.out
@@ -177,7 +177,7 @@ Stage-0
                               Select Operator [SEL_2] (rows=575995635 width=88)
                                 Output:["_col0","_col1","_col2"]
                                 Filter Operator [FIL_236] (rows=575995635 width=88)
-                                  predicate:(ss_sold_date_sk is not null and ss_addr_sk is not null)
+                                  predicate:(ss_addr_sk is not null and ss_sold_date_sk is not null)
                                   TableScan [TS_0] (rows=575995635 width=88)
                                     default@store_sales,store_sales,Tbl:COMPLETE,Col:NONE,Output:["ss_sold_date_sk","ss_addr_sk","ss_ext_sales_price"]
             <-Reducer 16 [SIMPLE_EDGE]
@@ -220,7 +220,7 @@ Stage-0
                                   Select Operator [SEL_62] (rows=144002668 width=135)
                                     Output:["_col0","_col1","_col2"]
                                     Filter Operator [FIL_245] (rows=144002668 width=135)
-                                      predicate:(ws_sold_date_sk is not null and ws_bill_addr_sk is not null)
+                                      predicate:(ws_bill_addr_sk is not null and ws_sold_date_sk is not null)
                                       TableScan [TS_60] (rows=144002668 width=135)
                                         default@web_sales,web_sales,Tbl:COMPLETE,Col:NONE,Output:["ws_sold_date_sk","ws_bill_addr_sk","ws_ext_sales_price"]
                 <-Reducer 19 [ONE_TO_ONE_EDGE]
diff --git a/ql/src/test/results/clientpositive/perf/query33.q.out b/ql/src/test/results/clientpositive/perf/query33.q.out
index 9d47c8af31..0810c28a57 100644
--- a/ql/src/test/results/clientpositive/perf/query33.q.out
+++ b/ql/src/test/results/clientpositive/perf/query33.q.out
@@ -226,7 +226,7 @@ Stage-0
                                           Select Operator [SEL_15] (rows=18262 width=1119)
                                             Output:["_col0"]
                                             Filter Operator [FIL_161] (rows=18262 width=1119)
-                                              predicate:((d_year = 1999) and (d_moy = 3) and d_date_sk is not null)
+                                              predicate:((d_moy = 3) and (d_year = 1999) and d_date_sk is not null)
                                               TableScan [TS_13] (rows=73049 width=1119)
                                                 default@date_dim,date_dim,Tbl:COMPLETE,Col:NONE,Output:["d_date_sk","d_year","d_moy"]
                                       <-Map 27 [SIMPLE_EDGE]
@@ -235,7 +235,7 @@ Stage-0
                                           Select Operator [SEL_49] (rows=287989836 width=135)
                                             Output:["_col0","_col1","_col2","_col3"]
                                             Filter Operator [FIL_165] (rows=287989836 width=135)
-                                              predicate:(cs_sold_date_sk is not null and cs_bill_addr_sk is not null and cs_item_sk is not null)
+                                              predicate:(cs_bill_addr_sk is not null and cs_item_sk is not null and cs_sold_date_sk is not null)
                                               TableScan [TS_47] (rows=287989836 width=135)
                                                 default@catalog_sales,catalog_sales,Tbl:COMPLETE,Col:NONE,Output:["cs_sold_date_sk","cs_bill_addr_sk","cs_item_sk","cs_ext_sales_price"]
                             <-Reducer 8 [SIMPLE_EDGE]
@@ -249,7 +249,7 @@ Stage-0
                                     Select Operator [SEL_2] (rows=462000 width=1436)
                                       Output:["_col0","_col1"]
                                       Filter Operator [FIL_158] (rows=462000 width=1436)
-                                        predicate:(i_manufact_id is not null and i_item_sk is not null)
+                                        predicate:(i_item_sk is not null and i_manufact_id is not null)
                                         TableScan [TS_0] (rows=462000 width=1436)
                                           default@item,item,Tbl:COMPLETE,Col:NONE,Output:["i_item_sk","i_manufact_id"]
                                 <-Reducer 16 [ONE_TO_ONE_EDGE]
@@ -326,7 +326,7 @@ Stage-0
                                           Select Operator [SEL_87] (rows=144002668 width=135)
                                             Output:["_col0","_col1","_col2","_col3"]
                                             Filter Operator [FIL_170] (rows=144002668 width=135)
-                                              predicate:(ws_sold_date_sk is not null and ws_bill_addr_sk is not null and ws_item_sk is not null)
+                                              predicate:(ws_bill_addr_sk is not null and ws_item_sk is not null and ws_sold_date_sk is not null)
                                               TableScan [TS_85] (rows=144002668 width=135)
                                                 default@web_sales,web_sales,Tbl:COMPLETE,Col:NONE,Output:["ws_sold_date_sk","ws_item_sk","ws_bill_addr_sk","ws_ext_sales_price"]
                 <-Reducer 4 [CONTAINS]
@@ -387,7 +387,7 @@ Stage-0
                                           Select Operator [SEL_12] (rows=575995635 width=88)
                                             Output:["_col0","_col1","_col2","_col3"]
                                             Filter Operator [FIL_160] (rows=575995635 width=88)
-                                              predicate:(ss_sold_date_sk is not null and ss_addr_sk is not null and ss_item_sk is not null)
+                                              predicate:(ss_addr_sk is not null and ss_item_sk is not null and ss_sold_date_sk is not null)
                                               TableScan [TS_10] (rows=575995635 width=88)
                                                 default@store_sales,store_sales,Tbl:COMPLETE,Col:NONE,Output:["ss_sold_date_sk","ss_item_sk","ss_addr_sk","ss_ext_sales_price"]
 
diff --git a/ql/src/test/results/clientpositive/perf/query34.q.out b/ql/src/test/results/clientpositive/perf/query34.q.out
index a535ce5cd9..c85b4d0df4 100644
--- a/ql/src/test/results/clientpositive/perf/query34.q.out
+++ b/ql/src/test/results/clientpositive/perf/query34.q.out
@@ -141,7 +141,7 @@ Stage-0
                                         Select Operator [SEL_5] (rows=575995635 width=88)
                                           Output:["_col0","_col1","_col2","_col3","_col4"]
                                           Filter Operator [FIL_53] (rows=575995635 width=88)
-                                            predicate:(ss_sold_date_sk is not null and ss_store_sk is not null and ss_hdemo_sk is not null and ss_customer_sk is not null)
+                                            predicate:(ss_customer_sk is not null and ss_hdemo_sk is not null and ss_sold_date_sk is not null and ss_store_sk is not null)
                                             TableScan [TS_3] (rows=575995635 width=88)
                                               default@store_sales,store_sales,Tbl:COMPLETE,Col:NONE,Output:["ss_sold_date_sk","ss_customer_sk","ss_hdemo_sk","ss_store_sk","ss_ticket_number"]
                                     <-Map 9 [SIMPLE_EDGE]
@@ -150,7 +150,7 @@ Stage-0
                                         Select Operator [SEL_8] (rows=8116 width=1119)
                                           Output:["_col0"]
                                           Filter Operator [FIL_54] (rows=8116 width=1119)
-                                            predicate:((d_year) IN (2000, 2001, 2002) and (d_dom BETWEEN 1 AND 3 or d_dom BETWEEN 25 AND 28) and d_date_sk is not null)
+                                            predicate:((d_dom BETWEEN 1 AND 3 or d_dom BETWEEN 25 AND 28) and (d_year) IN (2000, 2001, 2002) and d_date_sk is not null)
                                             TableScan [TS_6] (rows=73049 width=1119)
                                               default@date_dim,date_dim,Tbl:COMPLETE,Col:NONE,Output:["d_date_sk","d_year","d_dom"]
 
diff --git a/ql/src/test/results/clientpositive/perf/query35.q.out b/ql/src/test/results/clientpositive/perf/query35.q.out
index 5d45b17fe3..a72f57816e 100644
--- a/ql/src/test/results/clientpositive/perf/query35.q.out
+++ b/ql/src/test/results/clientpositive/perf/query35.q.out
@@ -173,7 +173,7 @@ Stage-0
                                           Select Operator [SEL_14] (rows=12174 width=1119)
                                             Output:["_col0"]
                                             Filter Operator [FIL_102] (rows=12174 width=1119)
-                                              predicate:((d_year = 1999) and (d_qoy < 4) and d_date_sk is not null)
+                                              predicate:((d_qoy < 4) and (d_year = 1999) and d_date_sk is not null)
                                               TableScan [TS_12] (rows=73049 width=1119)
                                                 default@date_dim,date_dim,Tbl:COMPLETE,Col:NONE,Output:["d_date_sk","d_year","d_qoy"]
                                       <-Map 19 [SIMPLE_EDGE]
diff --git a/ql/src/test/results/clientpositive/perf/query36.q.out b/ql/src/test/results/clientpositive/perf/query36.q.out
index e0dc8d9782..dee62b58f1 100644
--- a/ql/src/test/results/clientpositive/perf/query36.q.out
+++ b/ql/src/test/results/clientpositive/perf/query36.q.out
@@ -134,7 +134,7 @@ Stage-0
                                             Select Operator [SEL_2] (rows=575995635 width=88)
                                               Output:["_col0","_col1","_col2","_col3","_col4"]
                                               Filter Operator [FIL_46] (rows=575995635 width=88)
-                                                predicate:(ss_sold_date_sk is not null and ss_item_sk is not null and ss_store_sk is not null)
+                                                predicate:(ss_item_sk is not null and ss_sold_date_sk is not null and ss_store_sk is not null)
                                                 TableScan [TS_0] (rows=575995635 width=88)
                                                   default@store_sales,store_sales,Tbl:COMPLETE,Col:NONE,Output:["ss_sold_date_sk","ss_item_sk","ss_store_sk","ss_ext_sales_price","ss_net_profit"]
                                         <-Map 8 [SIMPLE_EDGE]
diff --git a/ql/src/test/results/clientpositive/perf/query37.q.out b/ql/src/test/results/clientpositive/perf/query37.q.out
index 1c4f715f9b..d5af964b0a 100644
--- a/ql/src/test/results/clientpositive/perf/query37.q.out
+++ b/ql/src/test/results/clientpositive/perf/query37.q.out
@@ -88,7 +88,7 @@ Stage-0
                             Select Operator [SEL_8] (rows=4176000 width=15)
                               Output:["_col0","_col1"]
                               Filter Operator [FIL_41] (rows=4176000 width=15)
-                                predicate:(inv_quantity_on_hand BETWEEN 100 AND 500 and inv_item_sk is not null and inv_date_sk is not null)
+                                predicate:(inv_date_sk is not null and inv_item_sk is not null and inv_quantity_on_hand BETWEEN 100 AND 500)
                                 TableScan [TS_6] (rows=37584000 width=15)
                                   default@inventory,inventory,Tbl:COMPLETE,Col:NONE,Output:["inv_date_sk","inv_item_sk","inv_quantity_on_hand"]
                         <-Map 8 [SIMPLE_EDGE]
diff --git a/ql/src/test/results/clientpositive/perf/query38.q.out b/ql/src/test/results/clientpositive/perf/query38.q.out
index 81fc9f3995..199bed7de5 100644
--- a/ql/src/test/results/clientpositive/perf/query38.q.out
+++ b/ql/src/test/results/clientpositive/perf/query38.q.out
@@ -117,7 +117,7 @@ Stage-0
                                                 Select Operator [SEL_5] (rows=8116 width=1119)
                                                   Output:["_col0","_col1"]
                                                   Filter Operator [FIL_106] (rows=8116 width=1119)
-                                                    predicate:(d_month_seq BETWEEN 1212 AND 1223 and d_date_sk is not null)
+                                                    predicate:(d_date_sk is not null and d_month_seq BETWEEN 1212 AND 1223)
                                                     TableScan [TS_3] (rows=73049 width=1119)
                                                       default@date_dim,date_dim,Tbl:COMPLETE,Col:NONE,Output:["d_date_sk","d_date","d_month_seq"]
                                             <-Map 16 [SIMPLE_EDGE]
@@ -126,7 +126,7 @@ Stage-0
                                                 Select Operator [SEL_27] (rows=287989836 width=135)
                                                   Output:["_col0","_col1"]
                                                   Filter Operator [FIL_108] (rows=287989836 width=135)
-                                                    predicate:(cs_sold_date_sk is not null and cs_bill_customer_sk is not null)
+                                                    predicate:(cs_bill_customer_sk is not null and cs_sold_date_sk is not null)
                                                     TableScan [TS_25] (rows=287989836 width=135)
                                                       default@catalog_sales,catalog_sales,Tbl:COMPLETE,Col:NONE,Output:["cs_sold_date_sk","cs_bill_customer_sk"]
                         <-Reducer 14 [CONTAINS]
@@ -166,7 +166,7 @@ Stage-0
                                                 Select Operator [SEL_53] (rows=144002668 width=135)
                                                   Output:["_col0","_col1"]
                                                   Filter Operator [FIL_111] (rows=144002668 width=135)
-                                                    predicate:(ws_sold_date_sk is not null and ws_bill_customer_sk is not null)
+                                                    predicate:(ws_bill_customer_sk is not null and ws_sold_date_sk is not null)
                                                     TableScan [TS_51] (rows=144002668 width=135)
                                                       default@web_sales,web_sales,Tbl:COMPLETE,Col:NONE,Output:["ws_sold_date_sk","ws_bill_customer_sk"]
                         <-Reducer 4 [CONTAINS]
@@ -206,7 +206,7 @@ Stage-0
                                                 Select Operator [SEL_2] (rows=575995635 width=88)
                                                   Output:["_col0","_col1"]
                                                   Filter Operator [FIL_105] (rows=575995635 width=88)
-                                                    predicate:(ss_sold_date_sk is not null and ss_customer_sk is not null)
+                                                    predicate:(ss_customer_sk is not null and ss_sold_date_sk is not null)
                                                     TableScan [TS_0] (rows=575995635 width=88)
                                                       default@store_sales,store_sales,Tbl:COMPLETE,Col:NONE,Output:["ss_sold_date_sk","ss_customer_sk"]
 
diff --git a/ql/src/test/results/clientpositive/perf/query39.q.out b/ql/src/test/results/clientpositive/perf/query39.q.out
index 7607ba0b3f..8e91494b47 100644
--- a/ql/src/test/results/clientpositive/perf/query39.q.out
+++ b/ql/src/test/results/clientpositive/perf/query39.q.out
@@ -130,7 +130,7 @@ Stage-0
                                           Select Operator [SEL_2] (rows=37584000 width=15)
                                             Output:["_col0","_col1","_col2","_col3"]
                                             Filter Operator [FIL_90] (rows=37584000 width=15)
-                                              predicate:(inv_item_sk is not null and inv_warehouse_sk is not null and inv_date_sk is not null)
+                                              predicate:(inv_date_sk is not null and inv_item_sk is not null and inv_warehouse_sk is not null)
                                               TableScan [TS_0] (rows=37584000 width=15)
                                                 default@inventory,inventory,Tbl:COMPLETE,Col:NONE,Output:["inv_date_sk","inv_item_sk","inv_warehouse_sk","inv_quantity_on_hand"]
                                       <-Map 12 [SIMPLE_EDGE]
@@ -139,7 +139,7 @@ Stage-0
                                           Select Operator [SEL_33] (rows=18262 width=1119)
                                             Output:["_col0"]
                                             Filter Operator [FIL_95] (rows=18262 width=1119)
-                                              predicate:((d_year = 1999) and (d_moy = 5) and d_date_sk is not null)
+                                              predicate:((d_moy = 5) and (d_year = 1999) and d_date_sk is not null)
                                               TableScan [TS_3] (rows=73049 width=1119)
                                                 default@date_dim,date_dim,Tbl:COMPLETE,Col:NONE,Output:["d_date_sk","d_year","d_moy"]
               <-Reducer 5 [SIMPLE_EDGE]
@@ -188,7 +188,7 @@ Stage-0
                                           Select Operator [SEL_5] (rows=18262 width=1119)
                                             Output:["_col0"]
                                             Filter Operator [FIL_91] (rows=18262 width=1119)
-                                              predicate:((d_year = 1999) and (d_moy = 4) and d_date_sk is not null)
+                                              predicate:((d_moy = 4) and (d_year = 1999) and d_date_sk is not null)
                                                Please refer to the previous TableScan [TS_3]
 
 PREHOOK: query: with inv as
diff --git a/ql/src/test/results/clientpositive/perf/query4.q.out b/ql/src/test/results/clientpositive/perf/query4.q.out
index 1494710ece..81867b9675 100644
--- a/ql/src/test/results/clientpositive/perf/query4.q.out
+++ b/ql/src/test/results/clientpositive/perf/query4.q.out
@@ -278,7 +278,7 @@ Stage-0
                                     Select Operator [SEL_116] (rows=80000000 width=860)
                                       Output:["_col0","_col1","_col2","_col3","_col4","_col5","_col6","_col7"]
                                       Filter Operator [FIL_280] (rows=80000000 width=860)
-                                        predicate:(c_customer_sk is not null and c_customer_id is not null)
+                                        predicate:(c_customer_id is not null and c_customer_sk is not null)
                                         TableScan [TS_114] (rows=80000000 width=860)
                                           default@customer,customer,Tbl:COMPLETE,Col:NONE,Output:["c_customer_sk","c_customer_id","c_first_name","c_last_name","c_preferred_cust_flag","c_birth_country","c_login","c_email_address"]
                                 <-Reducer 11 [SIMPLE_EDGE]
diff --git a/ql/src/test/results/clientpositive/perf/query40.q.out b/ql/src/test/results/clientpositive/perf/query40.q.out
index 919c5c226d..604f741279 100644
--- a/ql/src/test/results/clientpositive/perf/query40.q.out
+++ b/ql/src/test/results/clientpositive/perf/query40.q.out
@@ -133,7 +133,7 @@ Stage-0
                                       Select Operator [SEL_2] (rows=287989836 width=135)
                                         Output:["_col0","_col1","_col2","_col3","_col4"]
                                         Filter Operator [FIL_50] (rows=287989836 width=135)
-                                          predicate:(cs_warehouse_sk is not null and cs_item_sk is not null and cs_sold_date_sk is not null)
+                                          predicate:(cs_item_sk is not null and cs_sold_date_sk is not null and cs_warehouse_sk is not null)
                                           TableScan [TS_0] (rows=287989836 width=135)
                                             default@catalog_sales,catalog_sales,Tbl:COMPLETE,Col:NONE,Output:["cs_sold_date_sk","cs_warehouse_sk","cs_item_sk","cs_order_number","cs_sales_price"]
                                   <-Map 8 [SIMPLE_EDGE]
diff --git a/ql/src/test/results/clientpositive/perf/query42.q.out b/ql/src/test/results/clientpositive/perf/query42.q.out
index 1ccb4fde32..f31a62dfc9 100644
--- a/ql/src/test/results/clientpositive/perf/query42.q.out
+++ b/ql/src/test/results/clientpositive/perf/query42.q.out
@@ -93,7 +93,7 @@ Stage-0
                                 Select Operator [SEL_2] (rows=575995635 width=88)
                                   Output:["_col0","_col1","_col2"]
                                   Filter Operator [FIL_30] (rows=575995635 width=88)
-                                    predicate:(ss_sold_date_sk is not null and ss_item_sk is not null)
+                                    predicate:(ss_item_sk is not null and ss_sold_date_sk is not null)
                                     TableScan [TS_0] (rows=575995635 width=88)
                                       default@store_sales,store_sales,Tbl:COMPLETE,Col:NONE,Output:["ss_sold_date_sk","ss_item_sk","ss_ext_sales_price"]
                             <-Map 6 [SIMPLE_EDGE]
diff --git a/ql/src/test/results/clientpositive/perf/query45.q.out b/ql/src/test/results/clientpositive/perf/query45.q.out
index 112b47bb04..3efed2e0e1 100644
--- a/ql/src/test/results/clientpositive/perf/query45.q.out
+++ b/ql/src/test/results/clientpositive/perf/query45.q.out
@@ -112,7 +112,7 @@ Stage-0
                                           Select Operator [SEL_18] (rows=144002668 width=135)
                                             Output:["_col0","_col1","_col2","_col3"]
                                             Filter Operator [FIL_79] (rows=144002668 width=135)
-                                              predicate:(ws_bill_customer_sk is not null and ws_sold_date_sk is not null and ws_item_sk is not null)
+                                              predicate:(ws_bill_customer_sk is not null and ws_item_sk is not null and ws_sold_date_sk is not null)
                                               TableScan [TS_16] (rows=144002668 width=135)
                                                 default@web_sales,web_sales,Tbl:COMPLETE,Col:NONE,Output:["ws_sold_date_sk","ws_item_sk","ws_bill_customer_sk","ws_sales_price"]
                                       <-Map 15 [SIMPLE_EDGE]
@@ -165,7 +165,7 @@ Stage-0
                                       Select Operator [SEL_2] (rows=80000000 width=860)
                                         Output:["_col0","_col1"]
                                         Filter Operator [FIL_75] (rows=80000000 width=860)
-                                          predicate:(c_customer_sk is not null and c_current_addr_sk is not null)
+                                          predicate:(c_current_addr_sk is not null and c_customer_sk is not null)
                                           TableScan [TS_0] (rows=80000000 width=860)
                                             default@customer,customer,Tbl:COMPLETE,Col:NONE,Output:["c_customer_sk","c_current_addr_sk"]
                                   <-Map 7 [SIMPLE_EDGE]
diff --git a/ql/src/test/results/clientpositive/perf/query46.q.out b/ql/src/test/results/clientpositive/perf/query46.q.out
index 380944a05f..1a193ed7de 100644
--- a/ql/src/test/results/clientpositive/perf/query46.q.out
+++ b/ql/src/test/results/clientpositive/perf/query46.q.out
@@ -116,7 +116,7 @@ Stage-0
                           Select Operator [SEL_2] (rows=80000000 width=860)
                             Output:["_col0","_col1","_col2","_col3"]
                             Filter Operator [FIL_74] (rows=80000000 width=860)
-                              predicate:(c_customer_sk is not null and c_current_addr_sk is not null)
+                              predicate:(c_current_addr_sk is not null and c_customer_sk is not null)
                               TableScan [TS_0] (rows=80000000 width=860)
                                 default@customer,customer,Tbl:COMPLETE,Col:NONE,Output:["c_customer_sk","c_current_addr_sk","c_first_name","c_last_name"]
                   <-Reducer 7 [SIMPLE_EDGE]
@@ -185,7 +185,7 @@ Stage-0
                                               Select Operator [SEL_8] (rows=575995635 width=88)
                                                 Output:["_col0","_col1","_col2","_col3","_col4","_col5","_col6","_col7"]
                                                 Filter Operator [FIL_76] (rows=575995635 width=88)
-                                                  predicate:(ss_sold_date_sk is not null and ss_store_sk is not null and ss_hdemo_sk is not null and ss_addr_sk is not null and ss_customer_sk is not null)
+                                                  predicate:(ss_addr_sk is not null and ss_customer_sk is not null and ss_hdemo_sk is not null and ss_sold_date_sk is not null and ss_store_sk is not null)
                                                   TableScan [TS_6] (rows=575995635 width=88)
                                                     default@store_sales,store_sales,Tbl:COMPLETE,Col:NONE,Output:["ss_sold_date_sk","ss_customer_sk","ss_hdemo_sk","ss_addr_sk","ss_store_sk","ss_ticket_number","ss_coupon_amt","ss_net_profit"]
 
diff --git a/ql/src/test/results/clientpositive/perf/query47.q.out b/ql/src/test/results/clientpositive/perf/query47.q.out
index 1d4f36be1d..128840872e 100644
--- a/ql/src/test/results/clientpositive/perf/query47.q.out
+++ b/ql/src/test/results/clientpositive/perf/query47.q.out
@@ -167,7 +167,7 @@ Stage-0
                                           Select Operator [SEL_81] (rows=1704 width=1910)
                                             Output:["_col0","_col1","_col2"]
                                             Filter Operator [FIL_179] (rows=1704 width=1910)
-                                              predicate:(s_store_sk is not null and s_store_name is not null and s_company_name is not null)
+                                              predicate:(s_company_name is not null and s_store_name is not null and s_store_sk is not null)
                                               TableScan [TS_79] (rows=1704 width=1910)
                                                 default@store,store,Tbl:COMPLETE,Col:NONE,Output:["s_store_sk","s_store_name","s_company_name"]
                                       <-Reducer 10 [SIMPLE_EDGE]
@@ -181,7 +181,7 @@ Stage-0
                                               Select Operator [SEL_78] (rows=462000 width=1436)
                                                 Output:["_col0","_col1","_col2"]
                                                 Filter Operator [FIL_178] (rows=462000 width=1436)
-                                                  predicate:(i_item_sk is not null and i_category is not null and i_brand is not null)
+                                                  predicate:(i_brand is not null and i_category is not null and i_item_sk is not null)
                                                   TableScan [TS_76] (rows=462000 width=1436)
                                                     default@item,item,Tbl:COMPLETE,Col:NONE,Output:["i_item_sk","i_brand","i_category"]
                                           <-Reducer 9 [SIMPLE_EDGE]
@@ -217,7 +217,7 @@ Stage-0
                         Select Operator [SEL_66] (rows=63887519 width=88)
                           Output:["rank_window_1","_col0","_col1","_col2","_col3","_col4","_col5","_col6","_col7"]
                           Filter Operator [FIL_170] (rows=63887519 width=88)
-                            predicate:((_col0 > 0) and rank_window_1 is not null and (_col5 = 2000))
+                            predicate:((_col0 > 0) and (_col5 = 2000) and rank_window_1 is not null)
                             PTF Operator [PTF_65] (rows=383325119 width=88)
                               Function definitions:[{},{"name:":"windowingtablefunction","order by:":"_col5 ASC NULLS FIRST, _col6 ASC NULLS FIRST","partition by:":"_col1, _col2, _col3, _col4"}]
                               Select Operator [SEL_64] (rows=383325119 width=88)
diff --git a/ql/src/test/results/clientpositive/perf/query48.q.out b/ql/src/test/results/clientpositive/perf/query48.q.out
index ffe80b4a95..8db0c1eca0 100644
--- a/ql/src/test/results/clientpositive/perf/query48.q.out
+++ b/ql/src/test/results/clientpositive/perf/query48.q.out
@@ -161,7 +161,7 @@ Stage-0
                       Select Operator [SEL_14] (rows=10000000 width=1014)
                         Output:["_col0","_col1"]
                         Filter Operator [FIL_52] (rows=10000000 width=1014)
-                          predicate:((ca_state) IN ('KY', 'GA', 'NM', 'MT', 'OR', 'IN', 'WI', 'MO', 'WV') and (ca_country = 'United States') and ca_address_sk is not null)
+                          predicate:((ca_country = 'United States') and (ca_state) IN ('KY', 'GA', 'NM', 'MT', 'OR', 'IN', 'WI', 'MO', 'WV') and ca_address_sk is not null)
                           TableScan [TS_12] (rows=40000000 width=1014)
                             default@customer_address,customer_address,Tbl:COMPLETE,Col:NONE,Output:["ca_address_sk","ca_state","ca_country"]
                   <-Reducer 4 [SIMPLE_EDGE]
@@ -175,7 +175,7 @@ Stage-0
                           Select Operator [SEL_11] (rows=465450 width=385)
                             Output:["_col0"]
                             Filter Operator [FIL_51] (rows=465450 width=385)
-                              predicate:((cd_marital_status = 'M') and (cd_education_status = '4 yr Degree') and cd_demo_sk is not null)
+                              predicate:((cd_education_status = '4 yr Degree') and (cd_marital_status = 'M') and cd_demo_sk is not null)
                               TableScan [TS_9] (rows=1861800 width=385)
                                 default@customer_demographics,customer_demographics,Tbl:COMPLETE,Col:NONE,Output:["cd_demo_sk","cd_marital_status","cd_education_status"]
                       <-Reducer 3 [SIMPLE_EDGE]
@@ -212,7 +212,7 @@ Stage-0
                                   Select Operator [SEL_5] (rows=63999513 width=88)
                                     Output:["_col0","_col1","_col2","_col3","_col4","_col6"]
                                     Filter Operator [FIL_49] (rows=63999513 width=88)
-                                      predicate:((ss_sales_price BETWEEN 100 AND 150 or ss_sales_price BETWEEN 50 AND 100 or ss_sales_price BETWEEN 150 AND 200) and (ss_net_profit BETWEEN 0 AND 2000 or ss_net_profit BETWEEN 150 AND 3000 or ss_net_profit BETWEEN 50 AND 25000) and ss_store_sk is not null and ss_cdemo_sk is not null and ss_addr_sk is not null and ss_sold_date_sk is not null)
+                                      predicate:((ss_net_profit BETWEEN 0 AND 2000 or ss_net_profit BETWEEN 150 AND 3000 or ss_net_profit BETWEEN 50 AND 25000) and (ss_sales_price BETWEEN 100 AND 150 or ss_sales_price BETWEEN 50 AND 100 or ss_sales_price BETWEEN 150 AND 200) and ss_addr_sk is not null and ss_cdemo_sk is not null and ss_sold_date_sk is not null and ss_store_sk is not null)
                                       TableScan [TS_3] (rows=575995635 width=88)
                                         default@store_sales,store_sales,Tbl:COMPLETE,Col:NONE,Output:["ss_sold_date_sk","ss_cdemo_sk","ss_addr_sk","ss_store_sk","ss_quantity","ss_sales_price","ss_net_profit"]
 
diff --git a/ql/src/test/results/clientpositive/perf/query49.q.out b/ql/src/test/results/clientpositive/perf/query49.q.out
index c62549adf6..be4027ddab 100644
--- a/ql/src/test/results/clientpositive/perf/query49.q.out
+++ b/ql/src/test/results/clientpositive/perf/query49.q.out
@@ -331,7 +331,7 @@ Stage-0
                                                       Select Operator [SEL_79] (rows=19197050 width=77)
                                                         Output:["_col0","_col1","_col2","_col3"]
                                                         Filter Operator [FIL_140] (rows=19197050 width=77)
-                                                          predicate:((sr_return_amt > 10000) and sr_ticket_number is not null and sr_item_sk is not null)
+                                                          predicate:((sr_return_amt > 10000) and sr_item_sk is not null and sr_ticket_number is not null)
                                                           TableScan [TS_77] (rows=57591150 width=77)
                                                             default@store_returns,sr,Tbl:COMPLETE,Col:NONE,Output:["sr_item_sk","sr_ticket_number","sr_return_quantity","sr_return_amt"]
                                                   <-Reducer 18 [SIMPLE_EDGE]
@@ -345,7 +345,7 @@ Stage-0
                                                           Select Operator [SEL_5] (rows=18262 width=1119)
                                                             Output:["_col0"]
                                                             Filter Operator [FIL_131] (rows=18262 width=1119)
-                                                              predicate:((d_year = 2000) and (d_moy = 12) and d_date_sk is not null)
+                                                              predicate:((d_moy = 12) and (d_year = 2000) and d_date_sk is not null)
                                                               TableScan [TS_3] (rows=73049 width=1119)
                                                                 default@date_dim,date_dim,Tbl:COMPLETE,Col:NONE,Output:["d_date_sk","d_year","d_moy"]
                                                       <-Map 26 [SIMPLE_EDGE]
@@ -354,7 +354,7 @@ Stage-0
                                                           Select Operator [SEL_73] (rows=21333171 width=88)
                                                             Output:["_col0","_col1","_col2","_col3","_col4"]
                                                             Filter Operator [FIL_138] (rows=21333171 width=88)
-                                                              predicate:((ss_net_profit > 1) and (ss_net_paid > 0) and (ss_quantity > 0) and ss_ticket_number is not null and ss_item_sk is not null and ss_sold_date_sk is not null)
+                                                              predicate:((ss_net_paid > 0) and (ss_net_profit > 1) and (ss_quantity > 0) and ss_item_sk is not null and ss_sold_date_sk is not null and ss_ticket_number is not null)
                                                               TableScan [TS_71] (rows=575995635 width=88)
                                                                 default@store_sales,sts,Tbl:COMPLETE,Col:NONE,Output:["ss_sold_date_sk","ss_item_sk","ss_ticket_number","ss_quantity","ss_net_paid","ss_net_profit"]
                   <-Reducer 8 [CONTAINS]
@@ -409,7 +409,7 @@ Stage-0
                                                                 Select Operator [SEL_40] (rows=9599627 width=106)
                                                                   Output:["_col0","_col1","_col2","_col3"]
                                                                   Filter Operator [FIL_136] (rows=9599627 width=106)
-                                                                    predicate:((cr_return_amount > 10000) and cr_order_number is not null and cr_item_sk is not null)
+                                                                    predicate:((cr_return_amount > 10000) and cr_item_sk is not null and cr_order_number is not null)
                                                                     TableScan [TS_38] (rows=28798881 width=106)
                                                                       default@catalog_returns,cr,Tbl:COMPLETE,Col:NONE,Output:["cr_item_sk","cr_order_number","cr_return_quantity","cr_return_amount"]
                                                             <-Reducer 13 [SIMPLE_EDGE]
@@ -427,7 +427,7 @@ Stage-0
                                                                     Select Operator [SEL_34] (rows=10666290 width=135)
                                                                       Output:["_col0","_col1","_col2","_col3","_col4"]
                                                                       Filter Operator [FIL_134] (rows=10666290 width=135)
-                                                                        predicate:((cs_net_profit > 1) and (cs_net_paid > 0) and (cs_quantity > 0) and cs_order_number is not null and cs_item_sk is not null and cs_sold_date_sk is not null)
+                                                                        predicate:((cs_net_paid > 0) and (cs_net_profit > 1) and (cs_quantity > 0) and cs_item_sk is not null and cs_order_number is not null and cs_sold_date_sk is not null)
                                                                         TableScan [TS_32] (rows=287989836 width=135)
                                                                           default@catalog_sales,cs,Tbl:COMPLETE,Col:NONE,Output:["cs_sold_date_sk","cs_item_sk","cs_order_number","cs_quantity","cs_net_paid","cs_net_profit"]
                             <-Reducer 6 [CONTAINS]
@@ -472,7 +472,7 @@ Stage-0
                                                                 Select Operator [SEL_8] (rows=4799489 width=92)
                                                                   Output:["_col0","_col1","_col2","_col3"]
                                                                   Filter Operator [FIL_132] (rows=4799489 width=92)
-                                                                    predicate:((wr_return_amt > 10000) and wr_order_number is not null and wr_item_sk is not null)
+                                                                    predicate:((wr_return_amt > 10000) and wr_item_sk is not null and wr_order_number is not null)
                                                                     TableScan [TS_6] (rows=14398467 width=92)
                                                                       default@web_returns,wr,Tbl:COMPLETE,Col:NONE,Output:["wr_item_sk","wr_order_number","wr_return_quantity","wr_return_amt"]
                                                             <-Reducer 2 [SIMPLE_EDGE]
@@ -490,7 +490,7 @@ Stage-0
                                                                     Select Operator [SEL_2] (rows=5333432 width=135)
                                                                       Output:["_col0","_col1","_col2","_col3","_col4"]
                                                                       Filter Operator [FIL_130] (rows=5333432 width=135)
-                                                                        predicate:((ws_net_profit > 1) and (ws_net_paid > 0) and (ws_quantity > 0) and ws_order_number is not null and ws_item_sk is not null and ws_sold_date_sk is not null)
+                                                                        predicate:((ws_net_paid > 0) and (ws_net_profit > 1) and (ws_quantity > 0) and ws_item_sk is not null and ws_order_number is not null and ws_sold_date_sk is not null)
                                                                         TableScan [TS_0] (rows=144002668 width=135)
                                                                           default@web_sales,ws,Tbl:COMPLETE,Col:NONE,Output:["ws_sold_date_sk","ws_item_sk","ws_order_number","ws_quantity","ws_net_paid","ws_net_profit"]
 
diff --git a/ql/src/test/results/clientpositive/perf/query5.q.out b/ql/src/test/results/clientpositive/perf/query5.q.out
index 9762e154c5..ff197d2871 100644
--- a/ql/src/test/results/clientpositive/perf/query5.q.out
+++ b/ql/src/test/results/clientpositive/perf/query5.q.out
@@ -336,7 +336,7 @@ Stage-0
                                           Select Operator [SEL_27] (rows=287989836 width=135)
                                             Output:["_col0","_col1","_col2","_col3","_col4","_col5"]
                                             Filter Operator [FIL_122] (rows=287989836 width=135)
-                                              predicate:(cs_sold_date_sk is not null and cs_catalog_page_sk is not null)
+                                              predicate:(cs_catalog_page_sk is not null and cs_sold_date_sk is not null)
                                               TableScan [TS_25] (rows=287989836 width=135)
                                                 Output:["cs_sold_date_sk","cs_catalog_page_sk","cs_ext_sales_price","cs_net_profit"]
                                       <-Map 20 [CONTAINS]
@@ -345,7 +345,7 @@ Stage-0
                                           Select Operator [SEL_30] (rows=28798881 width=106)
                                             Output:["_col0","_col1","_col2","_col3","_col4","_col5"]
                                             Filter Operator [FIL_123] (rows=28798881 width=106)
-                                              predicate:(cr_returned_date_sk is not null and cr_catalog_page_sk is not null)
+                                              predicate:(cr_catalog_page_sk is not null and cr_returned_date_sk is not null)
                                               TableScan [TS_28] (rows=28798881 width=106)
                                                 Output:["cr_returned_date_sk","cr_catalog_page_sk","cr_return_amount","cr_net_loss"]
                   <-Reducer 16 [CONTAINS]
@@ -405,7 +405,7 @@ Stage-0
                                                 Select Operator [SEL_56] (rows=144002668 width=135)
                                                   Output:["_col0","_col1","_col2"]
                                                   Filter Operator [FIL_127] (rows=144002668 width=135)
-                                                    predicate:(ws_web_site_sk is not null and ws_item_sk is not null and ws_order_number is not null)
+                                                    predicate:(ws_item_sk is not null and ws_order_number is not null and ws_web_site_sk is not null)
                                                     TableScan [TS_54] (rows=144002668 width=135)
                                                       default@web_sales,web_sales,Tbl:COMPLETE,Col:NONE,Output:["ws_item_sk","ws_web_site_sk","ws_order_number"]
                                             <-Map 26 [SIMPLE_EDGE]
@@ -414,7 +414,7 @@ Stage-0
                                                 Select Operator [SEL_59] (rows=14398467 width=92)
                                                   Output:["_col0","_col1","_col2","_col3","_col4"]
                                                   Filter Operator [FIL_128] (rows=14398467 width=92)
-                                                    predicate:(wr_returned_date_sk is not null and wr_item_sk is not null and wr_order_number is not null)
+                                                    predicate:(wr_item_sk is not null and wr_order_number is not null and wr_returned_date_sk is not null)
                                                     TableScan [TS_57] (rows=14398467 width=92)
                                                       default@web_returns,web_returns,Tbl:COMPLETE,Col:NONE,Output:["wr_returned_date_sk","wr_item_sk","wr_order_number","wr_return_amt","wr_net_loss"]
                   <-Reducer 5 [CONTAINS]
diff --git a/ql/src/test/results/clientpositive/perf/query50.q.out b/ql/src/test/results/clientpositive/perf/query50.q.out
index d815b0241c..02d9447f19 100644
--- a/ql/src/test/results/clientpositive/perf/query50.q.out
+++ b/ql/src/test/results/clientpositive/perf/query50.q.out
@@ -181,7 +181,7 @@ Stage-0
                                   Select Operator [SEL_8] (rows=575995635 width=88)
                                     Output:["_col0","_col1","_col2","_col3","_col4"]
                                     Filter Operator [FIL_53] (rows=575995635 width=88)
-                                      predicate:(ss_ticket_number is not null and ss_item_sk is not null and ss_customer_sk is not null and ss_store_sk is not null and ss_sold_date_sk is not null)
+                                      predicate:(ss_customer_sk is not null and ss_item_sk is not null and ss_sold_date_sk is not null and ss_store_sk is not null and ss_ticket_number is not null)
                                       TableScan [TS_6] (rows=575995635 width=88)
                                         default@store_sales,store_sales,Tbl:COMPLETE,Col:NONE,Output:["ss_sold_date_sk","ss_item_sk","ss_customer_sk","ss_store_sk","ss_ticket_number"]
                               <-Reducer 2 [SIMPLE_EDGE]
@@ -195,7 +195,7 @@ Stage-0
                                       Select Operator [SEL_2] (rows=57591150 width=77)
                                         Output:["_col0","_col1","_col2","_col3"]
                                         Filter Operator [FIL_51] (rows=57591150 width=77)
-                                          predicate:(sr_ticket_number is not null and sr_item_sk is not null and sr_customer_sk is not null and sr_returned_date_sk is not null)
+                                          predicate:(sr_customer_sk is not null and sr_item_sk is not null and sr_returned_date_sk is not null and sr_ticket_number is not null)
                                           TableScan [TS_0] (rows=57591150 width=77)
                                             default@store_returns,store_returns,Tbl:COMPLETE,Col:NONE,Output:["sr_returned_date_sk","sr_item_sk","sr_customer_sk","sr_ticket_number"]
                                   <-Map 8 [SIMPLE_EDGE]
@@ -204,7 +204,7 @@ Stage-0
                                       Select Operator [SEL_5] (rows=18262 width=1119)
                                         Output:["_col0"]
                                         Filter Operator [FIL_52] (rows=18262 width=1119)
-                                          predicate:((d_year = 2000) and (d_moy = 9) and d_date_sk is not null)
+                                          predicate:((d_moy = 9) and (d_year = 2000) and d_date_sk is not null)
                                           TableScan [TS_3] (rows=73049 width=1119)
                                             default@date_dim,d2,Tbl:COMPLETE,Col:NONE,Output:["d_date_sk","d_year","d_moy"]
 
diff --git a/ql/src/test/results/clientpositive/perf/query51.q.out b/ql/src/test/results/clientpositive/perf/query51.q.out
index 5f549c51db..2517306a8f 100644
--- a/ql/src/test/results/clientpositive/perf/query51.q.out
+++ b/ql/src/test/results/clientpositive/perf/query51.q.out
@@ -144,7 +144,7 @@ Stage-0
                                           Select Operator [SEL_5] (rows=8116 width=1119)
                                             Output:["_col0","_col1"]
                                             Filter Operator [FIL_60] (rows=8116 width=1119)
-                                              predicate:(d_month_seq BETWEEN 1212 AND 1223 and d_date_sk is not null)
+                                              predicate:(d_date_sk is not null and d_month_seq BETWEEN 1212 AND 1223)
                                               TableScan [TS_3] (rows=73049 width=1119)
                                                 default@date_dim,date_dim,Tbl:COMPLETE,Col:NONE,Output:["d_date_sk","d_date","d_month_seq"]
                                       <-Map 1 [SIMPLE_EDGE]
diff --git a/ql/src/test/results/clientpositive/perf/query52.q.out b/ql/src/test/results/clientpositive/perf/query52.q.out
index 9631f59a78..b14ab53a2a 100644
--- a/ql/src/test/results/clientpositive/perf/query52.q.out
+++ b/ql/src/test/results/clientpositive/perf/query52.q.out
@@ -91,7 +91,7 @@ Stage-0
                               Select Operator [SEL_2] (rows=575995635 width=88)
                                 Output:["_col0","_col1","_col2"]
                                 Filter Operator [FIL_31] (rows=575995635 width=88)
-                                  predicate:(ss_sold_date_sk is not null and ss_item_sk is not null)
+                                  predicate:(ss_item_sk is not null and ss_sold_date_sk is not null)
                                   TableScan [TS_0] (rows=575995635 width=88)
                                     default@store_sales,store_sales,Tbl:COMPLETE,Col:NONE,Output:["ss_sold_date_sk","ss_item_sk","ss_ext_sales_price"]
                           <-Map 6 [SIMPLE_EDGE]
diff --git a/ql/src/test/results/clientpositive/perf/query53.q.out b/ql/src/test/results/clientpositive/perf/query53.q.out
index bc9e6c48a3..a10ee45f35 100644
--- a/ql/src/test/results/clientpositive/perf/query53.q.out
+++ b/ql/src/test/results/clientpositive/perf/query53.q.out
@@ -135,7 +135,7 @@ Stage-0
                                           Select Operator [SEL_5] (rows=115500 width=1436)
                                             Output:["_col0","_col4"]
                                             Filter Operator [FIL_48] (rows=115500 width=1436)
-                                              predicate:(((i_class) IN ('personal', 'portable', 'reference', 'self-help') or (i_class) IN ('accessories', 'classical', 'fragrances', 'pants')) and ((i_brand) IN ('scholaramalgamalg #14', 'scholaramalgamalg #7', 'exportiunivamalg #9', 'scholaramalgamalg #9') or (i_brand) IN ('amalgimporto #1', 'edu packscholar #1', 'exportiimporto #1', 'importoamalg #1')) and ((i_category) IN ('Books', 'Children', 'Electronics') or (i_category) IN ('Women', 'Music', 'Men')) and (((i_category) IN ('Books', 'Children', 'Electronics') and (i_class) IN ('personal', 'portable', 'reference', 'self-help') and (i_brand) IN ('scholaramalgamalg #14', 'scholaramalgamalg #7', 'exportiunivamalg #9', 'scholaramalgamalg #9')) or ((i_category) IN ('Women', 'Music', 'Men') and (i_class) IN ('accessories', 'classical', 'fragrances', 'pants') and (i_brand) IN ('amalgimporto #1', 'edu packscholar #1', 'exportiimporto #1', 'importoamalg #1'))) and i_item_sk is not null)
+                                              predicate:((((i_category) IN ('Books', 'Children', 'Electronics') and (i_class) IN ('personal', 'portable', 'reference', 'self-help') and (i_brand) IN ('scholaramalgamalg #14', 'scholaramalgamalg #7', 'exportiunivamalg #9', 'scholaramalgamalg #9')) or ((i_category) IN ('Women', 'Music', 'Men') and (i_class) IN ('accessories', 'classical', 'fragrances', 'pants') and (i_brand) IN ('amalgimporto #1', 'edu packscholar #1', 'exportiimporto #1', 'importoamalg #1'))) and ((i_brand) IN ('scholaramalgamalg #14', 'scholaramalgamalg #7', 'exportiunivamalg #9', 'scholaramalgamalg #9') or (i_brand) IN ('amalgimporto #1', 'edu packscholar #1', 'exportiimporto #1', 'importoamalg #1')) and ((i_category) IN ('Books', 'Children', 'Electronics') or (i_category) IN ('Women', 'Music', 'Men')) and ((i_class) IN ('personal', 'portable', 'reference', 'self-help') or (i_class) IN ('accessories', 'classical', 'fragrances', 'pants')) and i_item_sk is not null)
                                               TableScan [TS_3] (rows=462000 width=1436)
                                                 default@item,item,Tbl:COMPLETE,Col:NONE,Output:["i_item_sk","i_brand","i_class","i_category","i_manufact_id"]
 
diff --git a/ql/src/test/results/clientpositive/perf/query54.q.out b/ql/src/test/results/clientpositive/perf/query54.q.out
index be2a13e771..e6b9b28bd0 100644
--- a/ql/src/test/results/clientpositive/perf/query54.q.out
+++ b/ql/src/test/results/clientpositive/perf/query54.q.out
@@ -193,7 +193,7 @@ Stage-0
                                                   Select Operator [SEL_2] (rows=18262 width=1119)
                                                     Output:["_col0"]
                                                     Filter Operator [FIL_174] (rows=18262 width=1119)
-                                                      predicate:((d_year = 1999) and (d_moy = 3))
+                                                      predicate:((d_moy = 3) and (d_year = 1999))
                                                       TableScan [TS_73] (rows=73049 width=1119)
                                                         default@date_dim,date_dim,Tbl:COMPLETE,Col:NONE,Output:["d_month_seq","d_year","d_moy"]
                                         <-Reducer 32 [CUSTOM_SIMPLE_EDGE]
@@ -310,7 +310,7 @@ Stage-0
                                                                       Select Operator [SEL_51] (rows=80000000 width=860)
                                                                         Output:["_col0","_col1"]
                                                                         Filter Operator [FIL_173] (rows=80000000 width=860)
-                                                                          predicate:(c_customer_sk is not null and c_current_addr_sk is not null)
+                                                                          predicate:(c_current_addr_sk is not null and c_customer_sk is not null)
                                                                           TableScan [TS_49] (rows=80000000 width=860)
                                                                             default@customer,customer,Tbl:COMPLETE,Col:NONE,Output:["c_customer_sk","c_current_addr_sk"]
                                                                   <-Reducer 18 [SIMPLE_EDGE]
@@ -348,7 +348,7 @@ Stage-0
                                                                                 Select Operator [SEL_37] (rows=287989836 width=135)
                                                                                   Output:["_col0","_col1","_col2"]
                                                                                   Filter Operator [FIL_169] (rows=287989836 width=135)
-                                                                                    predicate:(cs_item_sk is not null and cs_sold_date_sk is not null and cs_bill_customer_sk is not null)
+                                                                                    predicate:(cs_bill_customer_sk is not null and cs_item_sk is not null and cs_sold_date_sk is not null)
                                                                                     TableScan [TS_35] (rows=287989836 width=135)
                                                                                       Output:["cs_sold_date_sk","cs_bill_customer_sk","cs_item_sk"]
                                                                             <-Map 21 [CONTAINS]
@@ -357,7 +357,7 @@ Stage-0
                                                                                 Select Operator [SEL_40] (rows=144002668 width=135)
                                                                                   Output:["_col0","_col1","_col2"]
                                                                                   Filter Operator [FIL_170] (rows=144002668 width=135)
-                                                                                    predicate:(ws_item_sk is not null and ws_sold_date_sk is not null and ws_bill_customer_sk is not null)
+                                                                                    predicate:(ws_bill_customer_sk is not null and ws_item_sk is not null and ws_sold_date_sk is not null)
                                                                                     TableScan [TS_38] (rows=144002668 width=135)
                                                                                       Output:["ws_sold_date_sk","ws_item_sk","ws_bill_customer_sk"]
                                                   <-Reducer 2 [SIMPLE_EDGE]
diff --git a/ql/src/test/results/clientpositive/perf/query55.q.out b/ql/src/test/results/clientpositive/perf/query55.q.out
index 712542200e..27ea1c3698 100644
--- a/ql/src/test/results/clientpositive/perf/query55.q.out
+++ b/ql/src/test/results/clientpositive/perf/query55.q.out
@@ -73,7 +73,7 @@ Stage-0
                             Select Operator [SEL_2] (rows=575995635 width=88)
                               Output:["_col0","_col1","_col2"]
                               Filter Operator [FIL_30] (rows=575995635 width=88)
-                                predicate:(ss_sold_date_sk is not null and ss_item_sk is not null)
+                                predicate:(ss_item_sk is not null and ss_sold_date_sk is not null)
                                 TableScan [TS_0] (rows=575995635 width=88)
                                   default@store_sales,store_sales,Tbl:COMPLETE,Col:NONE,Output:["ss_sold_date_sk","ss_item_sk","ss_ext_sales_price"]
                         <-Map 6 [SIMPLE_EDGE]
diff --git a/ql/src/test/results/clientpositive/perf/query56.q.out b/ql/src/test/results/clientpositive/perf/query56.q.out
index 395a53bb93..40417405a3 100644
--- a/ql/src/test/results/clientpositive/perf/query56.q.out
+++ b/ql/src/test/results/clientpositive/perf/query56.q.out
@@ -212,7 +212,7 @@ Stage-0
                                           Select Operator [SEL_15] (rows=18262 width=1119)
                                             Output:["_col0"]
                                             Filter Operator [FIL_161] (rows=18262 width=1119)
-                                              predicate:((d_year = 2000) and (d_moy = 1) and d_date_sk is not null)
+                                              predicate:((d_moy = 1) and (d_year = 2000) and d_date_sk is not null)
                                               TableScan [TS_13] (rows=73049 width=1119)
                                                 default@date_dim,date_dim,Tbl:COMPLETE,Col:NONE,Output:["d_date_sk","d_year","d_moy"]
                                       <-Map 27 [SIMPLE_EDGE]
@@ -221,7 +221,7 @@ Stage-0
                                           Select Operator [SEL_49] (rows=287989836 width=135)
                                             Output:["_col0","_col1","_col2","_col3"]
                                             Filter Operator [FIL_165] (rows=287989836 width=135)
-                                              predicate:(cs_sold_date_sk is not null and cs_bill_addr_sk is not null and cs_item_sk is not null)
+                                              predicate:(cs_bill_addr_sk is not null and cs_item_sk is not null and cs_sold_date_sk is not null)
                                               TableScan [TS_47] (rows=287989836 width=135)
                                                 default@catalog_sales,catalog_sales,Tbl:COMPLETE,Col:NONE,Output:["cs_sold_date_sk","cs_bill_addr_sk","cs_item_sk","cs_ext_sales_price"]
                             <-Reducer 8 [SIMPLE_EDGE]
@@ -312,7 +312,7 @@ Stage-0
                                           Select Operator [SEL_87] (rows=144002668 width=135)
                                             Output:["_col0","_col1","_col2","_col3"]
                                             Filter Operator [FIL_170] (rows=144002668 width=135)
-                                              predicate:(ws_sold_date_sk is not null and ws_bill_addr_sk is not null and ws_item_sk is not null)
+                                              predicate:(ws_bill_addr_sk is not null and ws_item_sk is not null and ws_sold_date_sk is not null)
                                               TableScan [TS_85] (rows=144002668 width=135)
                                                 default@web_sales,web_sales,Tbl:COMPLETE,Col:NONE,Output:["ws_sold_date_sk","ws_item_sk","ws_bill_addr_sk","ws_ext_sales_price"]
                 <-Reducer 4 [CONTAINS]
@@ -373,7 +373,7 @@ Stage-0
                                           Select Operator [SEL_12] (rows=575995635 width=88)
                                             Output:["_col0","_col1","_col2","_col3"]
                                             Filter Operator [FIL_160] (rows=575995635 width=88)
-                                              predicate:(ss_sold_date_sk is not null and ss_addr_sk is not null and ss_item_sk is not null)
+                                              predicate:(ss_addr_sk is not null and ss_item_sk is not null and ss_sold_date_sk is not null)
                                               TableScan [TS_10] (rows=575995635 width=88)
                                                 default@store_sales,store_sales,Tbl:COMPLETE,Col:NONE,Output:["ss_sold_date_sk","ss_item_sk","ss_addr_sk","ss_ext_sales_price"]
 
diff --git a/ql/src/test/results/clientpositive/perf/query57.q.out b/ql/src/test/results/clientpositive/perf/query57.q.out
index e9630de9ac..1a1bbf1ec3 100644
--- a/ql/src/test/results/clientpositive/perf/query57.q.out
+++ b/ql/src/test/results/clientpositive/perf/query57.q.out
@@ -161,7 +161,7 @@ Stage-0
                                           Select Operator [SEL_81] (rows=462000 width=1436)
                                             Output:["_col0","_col1","_col2"]
                                             Filter Operator [FIL_179] (rows=462000 width=1436)
-                                              predicate:(i_item_sk is not null and i_category is not null and i_brand is not null)
+                                              predicate:(i_brand is not null and i_category is not null and i_item_sk is not null)
                                               TableScan [TS_79] (rows=462000 width=1436)
                                                 default@item,item,Tbl:COMPLETE,Col:NONE,Output:["i_item_sk","i_brand","i_category"]
                                       <-Reducer 10 [SIMPLE_EDGE]
@@ -189,7 +189,7 @@ Stage-0
                                                   Select Operator [SEL_72] (rows=287989836 width=135)
                                                     Output:["_col0","_col1","_col2","_col3"]
                                                     Filter Operator [FIL_176] (rows=287989836 width=135)
-                                                      predicate:(cs_item_sk is not null and cs_sold_date_sk is not null and cs_call_center_sk is not null)
+                                                      predicate:(cs_call_center_sk is not null and cs_item_sk is not null and cs_sold_date_sk is not null)
                                                       TableScan [TS_70] (rows=287989836 width=135)
                                                         default@catalog_sales,catalog_sales,Tbl:COMPLETE,Col:NONE,Output:["cs_sold_date_sk","cs_call_center_sk","cs_item_sk","cs_sales_price"]
                                               <-Map 20 [SIMPLE_EDGE]
@@ -211,7 +211,7 @@ Stage-0
                         Select Operator [SEL_66] (rows=31942874 width=135)
                           Output:["rank_window_1","_col0","_col1","_col2","_col3","_col4","_col5","_col6"]
                           Filter Operator [FIL_170] (rows=31942874 width=135)
-                            predicate:((_col0 > 0) and rank_window_1 is not null and (_col4 = 2000))
+                            predicate:((_col0 > 0) and (_col4 = 2000) and rank_window_1 is not null)
                             PTF Operator [PTF_65] (rows=191657247 width=135)
                               Function definitions:[{},{"name:":"windowingtablefunction","order by:":"_col4 ASC NULLS FIRST, _col5 ASC NULLS FIRST","partition by:":"_col1, _col2, _col3"}]
                               Select Operator [SEL_64] (rows=191657247 width=135)
diff --git a/ql/src/test/results/clientpositive/perf/query58.q.out b/ql/src/test/results/clientpositive/perf/query58.q.out
index ca1a5b35aa..d5ef23bc54 100644
--- a/ql/src/test/results/clientpositive/perf/query58.q.out
+++ b/ql/src/test/results/clientpositive/perf/query58.q.out
@@ -174,7 +174,7 @@ Stage-0
               Select Operator [SEL_160] (rows=1442 width=88)
                 Output:["_col0","_col1","_col2","_col3","_col4","_col5","_col6","_col7"]
                 Filter Operator [FIL_154] (rows=1442 width=88)
-                  predicate:(_col5 BETWEEN (0.9 * _col1) AND (1.1 * _col1) and _col5 BETWEEN (0.9 * _col3) AND (1.1 * _col3) and _col1 BETWEEN (0.9 * _col5) AND (1.1 * _col5) and _col3 BETWEEN (0.9 * _col5) AND (1.1 * _col5) and _col1 BETWEEN (0.9 * _col3) AND (1.1 * _col3) and _col3 BETWEEN (0.9 * _col1) AND (1.1 * _col1))
+                  predicate:(_col1 BETWEEN (0.9 * _col3) AND (1.1 * _col3) and _col1 BETWEEN (0.9 * _col5) AND (1.1 * _col5) and _col3 BETWEEN (0.9 * _col1) AND (1.1 * _col1) and _col3 BETWEEN (0.9 * _col5) AND (1.1 * _col5) and _col5 BETWEEN (0.9 * _col1) AND (1.1 * _col1) and _col5 BETWEEN (0.9 * _col3) AND (1.1 * _col3))
                   Merge Join Operator [MERGEJOIN_279] (rows=766650239 width=88)
                     Conds:RS_150._col0=RS_151._col0(Inner),RS_150._col0=RS_152._col0(Inner),Output:["_col0","_col1","_col3","_col5"]
                   <-Reducer 10 [ONE_TO_ONE_EDGE]
@@ -221,7 +221,7 @@ Stage-0
                                               Select Operator [SEL_73] (rows=73049 width=1119)
                                                 Output:["_col0","_col1"]
                                                 Filter Operator [FIL_257] (rows=73049 width=1119)
-                                                  predicate:(d_week_seq is not null and d_date is not null)
+                                                  predicate:(d_date is not null and d_week_seq is not null)
                                                   TableScan [TS_21] (rows=73049 width=1119)
                                                     default@date_dim,date_dim,Tbl:COMPLETE,Col:NONE,Output:["d_date","d_week_seq"]
                                           <-Reducer 24 [SIMPLE_EDGE]
@@ -263,7 +263,7 @@ Stage-0
                                     Select Operator [SEL_5] (rows=462000 width=1436)
                                       Output:["_col0","_col1"]
                                       Filter Operator [FIL_247] (rows=462000 width=1436)
-                                        predicate:(i_item_sk is not null and i_item_id is not null)
+                                        predicate:(i_item_id is not null and i_item_sk is not null)
                                         TableScan [TS_3] (rows=462000 width=1436)
                                           default@item,item,Tbl:COMPLETE,Col:NONE,Output:["i_item_sk","i_item_id"]
                                 <-Map 32 [SIMPLE_EDGE]
@@ -332,7 +332,7 @@ Stage-0
                                               Select Operator [SEL_123] (rows=73049 width=1119)
                                                 Output:["_col0","_col1"]
                                                 Filter Operator [FIL_263] (rows=73049 width=1119)
-                                                  predicate:(d_week_seq is not null and d_date is not null)
+                                                  predicate:(d_date is not null and d_week_seq is not null)
                                                    Please refer to the previous TableScan [TS_21]
                                           <-Reducer 28 [SIMPLE_EDGE]
                                             SHUFFLE [RS_127]
@@ -395,7 +395,7 @@ Stage-0
                                               Select Operator [SEL_23] (rows=73049 width=1119)
                                                 Output:["_col0","_col1"]
                                                 Filter Operator [FIL_251] (rows=73049 width=1119)
-                                                  predicate:(d_week_seq is not null and d_date is not null)
+                                                  predicate:(d_date is not null and d_week_seq is not null)
                                                    Please refer to the previous TableScan [TS_21]
                                           <-Reducer 20 [SIMPLE_EDGE]
                                             SHUFFLE [RS_27]
diff --git a/ql/src/test/results/clientpositive/perf/query59.q.out b/ql/src/test/results/clientpositive/perf/query59.q.out
index baa9962216..37c2cc0147 100644
--- a/ql/src/test/results/clientpositive/perf/query59.q.out
+++ b/ql/src/test/results/clientpositive/perf/query59.q.out
@@ -127,7 +127,7 @@ Stage-0
                           Select Operator [SEL_48] (rows=1704 width=1910)
                             Output:["_col0","_col1"]
                             Filter Operator [FIL_97] (rows=1704 width=1910)
-                              predicate:(s_store_sk is not null and s_store_id is not null)
+                              predicate:(s_store_id is not null and s_store_sk is not null)
                               TableScan [TS_46] (rows=1704 width=1910)
                                 default@store,store,Tbl:COMPLETE,Col:NONE,Output:["s_store_sk","s_store_id"]
                       <-Reducer 10 [SIMPLE_EDGE]
@@ -189,7 +189,7 @@ Stage-0
                           Select Operator [SEL_20] (rows=1704 width=1910)
                             Output:["_col0","_col1","_col2"]
                             Filter Operator [FIL_93] (rows=1704 width=1910)
-                              predicate:(s_store_sk is not null and s_store_id is not null)
+                              predicate:(s_store_id is not null and s_store_sk is not null)
                               TableScan [TS_18] (rows=1704 width=1910)
                                 default@store,store,Tbl:COMPLETE,Col:NONE,Output:["s_store_sk","s_store_id","s_store_name"]
                       <-Reducer 4 [SIMPLE_EDGE]
diff --git a/ql/src/test/results/clientpositive/perf/query6.q.out b/ql/src/test/results/clientpositive/perf/query6.q.out
index 1c685e2d8e..f1e47581b4 100644
--- a/ql/src/test/results/clientpositive/perf/query6.q.out
+++ b/ql/src/test/results/clientpositive/perf/query6.q.out
@@ -134,7 +134,7 @@ Stage-0
                                                         Select Operator [SEL_32] (rows=18262 width=1119)
                                                           Output:["d_month_seq"]
                                                           Filter Operator [FIL_106] (rows=18262 width=1119)
-                                                            predicate:((d_year = 2000) and (d_moy = 2))
+                                                            predicate:((d_moy = 2) and (d_year = 2000))
                                                             TableScan [TS_3] (rows=73049 width=1119)
                                                               default@date_dim,date_dim,Tbl:COMPLETE,Col:NONE,Output:["d_month_seq","d_year","d_moy"]
                                   <-Reducer 19 [CUSTOM_SIMPLE_EDGE]
@@ -191,7 +191,7 @@ Stage-0
                                   Select Operator [SEL_12] (rows=575995635 width=88)
                                     Output:["_col0","_col1","_col2"]
                                     Filter Operator [FIL_102] (rows=575995635 width=88)
-                                      predicate:(ss_customer_sk is not null and ss_sold_date_sk is not null and ss_item_sk is not null)
+                                      predicate:(ss_customer_sk is not null and ss_item_sk is not null and ss_sold_date_sk is not null)
                                       TableScan [TS_10] (rows=575995635 width=88)
                                         default@store_sales,s,Tbl:COMPLETE,Col:NONE,Output:["ss_sold_date_sk","ss_item_sk","ss_customer_sk"]
                               <-Reducer 2 [SIMPLE_EDGE]
@@ -221,6 +221,6 @@ Stage-0
                                             Select Operator [SEL_5] (rows=18262 width=1119)
                                               Output:["d_month_seq"]
                                               Filter Operator [FIL_101] (rows=18262 width=1119)
-                                                predicate:((d_year = 2000) and (d_moy = 2) and d_month_seq is not null)
+                                                predicate:((d_moy = 2) and (d_year = 2000) and d_month_seq is not null)
                                                  Please refer to the previous TableScan [TS_3]
 
diff --git a/ql/src/test/results/clientpositive/perf/query60.q.out b/ql/src/test/results/clientpositive/perf/query60.q.out
index 13974bc2d4..84a9ada7e8 100644
--- a/ql/src/test/results/clientpositive/perf/query60.q.out
+++ b/ql/src/test/results/clientpositive/perf/query60.q.out
@@ -232,7 +232,7 @@ Stage-0
                                           Select Operator [SEL_15] (rows=18262 width=1119)
                                             Output:["_col0"]
                                             Filter Operator [FIL_161] (rows=18262 width=1119)
-                                              predicate:((d_year = 1999) and (d_moy = 9) and d_date_sk is not null)
+                                              predicate:((d_moy = 9) and (d_year = 1999) and d_date_sk is not null)
                                               TableScan [TS_13] (rows=73049 width=1119)
                                                 default@date_dim,date_dim,Tbl:COMPLETE,Col:NONE,Output:["d_date_sk","d_year","d_moy"]
                                       <-Map 27 [SIMPLE_EDGE]
@@ -241,7 +241,7 @@ Stage-0
                                           Select Operator [SEL_49] (rows=287989836 width=135)
                                             Output:["_col0","_col1","_col2","_col3"]
                                             Filter Operator [FIL_165] (rows=287989836 width=135)
-                                              predicate:(cs_sold_date_sk is not null and cs_bill_addr_sk is not null and cs_item_sk is not null)
+                                              predicate:(cs_bill_addr_sk is not null and cs_item_sk is not null and cs_sold_date_sk is not null)
                                               TableScan [TS_47] (rows=287989836 width=135)
                                                 default@catalog_sales,catalog_sales,Tbl:COMPLETE,Col:NONE,Output:["cs_sold_date_sk","cs_bill_addr_sk","cs_item_sk","cs_ext_sales_price"]
                             <-Reducer 8 [SIMPLE_EDGE]
@@ -332,7 +332,7 @@ Stage-0
                                           Select Operator [SEL_87] (rows=144002668 width=135)
                                             Output:["_col0","_col1","_col2","_col3"]
                                             Filter Operator [FIL_170] (rows=144002668 width=135)
-                                              predicate:(ws_sold_date_sk is not null and ws_bill_addr_sk is not null and ws_item_sk is not null)
+                                              predicate:(ws_bill_addr_sk is not null and ws_item_sk is not null and ws_sold_date_sk is not null)
                                               TableScan [TS_85] (rows=144002668 width=135)
                                                 default@web_sales,web_sales,Tbl:COMPLETE,Col:NONE,Output:["ws_sold_date_sk","ws_item_sk","ws_bill_addr_sk","ws_ext_sales_price"]
                 <-Reducer 4 [CONTAINS]
@@ -393,7 +393,7 @@ Stage-0
                                           Select Operator [SEL_12] (rows=575995635 width=88)
                                             Output:["_col0","_col1","_col2","_col3"]
                                             Filter Operator [FIL_160] (rows=575995635 width=88)
-                                              predicate:(ss_sold_date_sk is not null and ss_addr_sk is not null and ss_item_sk is not null)
+                                              predicate:(ss_addr_sk is not null and ss_item_sk is not null and ss_sold_date_sk is not null)
                                               TableScan [TS_10] (rows=575995635 width=88)
                                                 default@store_sales,store_sales,Tbl:COMPLETE,Col:NONE,Output:["ss_sold_date_sk","ss_item_sk","ss_addr_sk","ss_ext_sales_price"]
 
diff --git a/ql/src/test/results/clientpositive/perf/query61.q.out b/ql/src/test/results/clientpositive/perf/query61.q.out
index 93d4d427d0..0b4f5fd400 100644
--- a/ql/src/test/results/clientpositive/perf/query61.q.out
+++ b/ql/src/test/results/clientpositive/perf/query61.q.out
@@ -183,7 +183,7 @@ Stage-0
                                               Select Operator [SEL_11] (rows=18262 width=1119)
                                                 Output:["_col0"]
                                                 Filter Operator [FIL_135] (rows=18262 width=1119)
-                                                  predicate:((d_year = 1999) and (d_moy = 11) and d_date_sk is not null)
+                                                  predicate:((d_moy = 11) and (d_year = 1999) and d_date_sk is not null)
                                                   TableScan [TS_9] (rows=73049 width=1119)
                                                     default@date_dim,date_dim,Tbl:COMPLETE,Col:NONE,Output:["d_date_sk","d_year","d_moy"]
                                           <-Map 11 [SIMPLE_EDGE]
@@ -192,7 +192,7 @@ Stage-0
                                               Select Operator [SEL_8] (rows=575995635 width=88)
                                                 Output:["_col0","_col1","_col2","_col3","_col4","_col5"]
                                                 Filter Operator [FIL_134] (rows=575995635 width=88)
-                                                  predicate:(ss_store_sk is not null and ss_promo_sk is not null and ss_sold_date_sk is not null and ss_customer_sk is not null and ss_item_sk is not null)
+                                                  predicate:(ss_customer_sk is not null and ss_item_sk is not null and ss_promo_sk is not null and ss_sold_date_sk is not null and ss_store_sk is not null)
                                                   TableScan [TS_6] (rows=575995635 width=88)
                                                     default@store_sales,store_sales,Tbl:COMPLETE,Col:NONE,Output:["ss_sold_date_sk","ss_item_sk","ss_customer_sk","ss_store_sk","ss_promo_sk","ss_ext_sales_price"]
                           <-Reducer 2 [SIMPLE_EDGE]
@@ -206,7 +206,7 @@ Stage-0
                                   Select Operator [SEL_2] (rows=80000000 width=860)
                                     Output:["_col0","_col1"]
                                     Filter Operator [FIL_132] (rows=80000000 width=860)
-                                      predicate:(c_customer_sk is not null and c_current_addr_sk is not null)
+                                      predicate:(c_current_addr_sk is not null and c_customer_sk is not null)
                                       TableScan [TS_0] (rows=80000000 width=860)
                                         default@customer,customer,Tbl:COMPLETE,Col:NONE,Output:["c_customer_sk","c_current_addr_sk"]
                               <-Map 10 [SIMPLE_EDGE]
@@ -261,7 +261,7 @@ Stage-0
                                           Select Operator [SEL_53] (rows=575995635 width=88)
                                             Output:["_col0","_col1","_col2","_col3","_col4"]
                                             Filter Operator [FIL_141] (rows=575995635 width=88)
-                                              predicate:(ss_store_sk is not null and ss_sold_date_sk is not null and ss_customer_sk is not null and ss_item_sk is not null)
+                                              predicate:(ss_customer_sk is not null and ss_item_sk is not null and ss_sold_date_sk is not null and ss_store_sk is not null)
                                               TableScan [TS_51] (rows=575995635 width=88)
                                                 default@store_sales,store_sales,Tbl:COMPLETE,Col:NONE,Output:["ss_sold_date_sk","ss_item_sk","ss_customer_sk","ss_store_sk","ss_ext_sales_price"]
                           <-Reducer 7 [SIMPLE_EDGE]
diff --git a/ql/src/test/results/clientpositive/perf/query63.q.out b/ql/src/test/results/clientpositive/perf/query63.q.out
index 1f0f184e93..8471441abb 100644
--- a/ql/src/test/results/clientpositive/perf/query63.q.out
+++ b/ql/src/test/results/clientpositive/perf/query63.q.out
@@ -137,7 +137,7 @@ Stage-0
                                           Select Operator [SEL_5] (rows=115500 width=1436)
                                             Output:["_col0","_col4"]
                                             Filter Operator [FIL_48] (rows=115500 width=1436)
-                                              predicate:(((i_class) IN ('personal', 'portable', 'refernece', 'self-help') or (i_class) IN ('accessories', 'classical', 'fragrances', 'pants')) and ((i_brand) IN ('scholaramalgamalg #14', 'scholaramalgamalg #7', 'exportiunivamalg #9', 'scholaramalgamalg #9') or (i_brand) IN ('amalgimporto #1', 'edu packscholar #1', 'exportiimporto #1', 'importoamalg #1')) and ((i_category) IN ('Books', 'Children', 'Electronics') or (i_category) IN ('Women', 'Music', 'Men')) and (((i_category) IN ('Books', 'Children', 'Electronics') and (i_class) IN ('personal', 'portable', 'refernece', 'self-help') and (i_brand) IN ('scholaramalgamalg #14', 'scholaramalgamalg #7', 'exportiunivamalg #9', 'scholaramalgamalg #9')) or ((i_category) IN ('Women', 'Music', 'Men') and (i_class) IN ('accessories', 'classical', 'fragrances', 'pants') and (i_brand) IN ('amalgimporto #1', 'edu packscholar #1', 'exportiimporto #1', 'importoamalg #1'))) and i_item_sk is not null)
+                                              predicate:((((i_category) IN ('Books', 'Children', 'Electronics') and (i_class) IN ('personal', 'portable', 'refernece', 'self-help') and (i_brand) IN ('scholaramalgamalg #14', 'scholaramalgamalg #7', 'exportiunivamalg #9', 'scholaramalgamalg #9')) or ((i_category) IN ('Women', 'Music', 'Men') and (i_class) IN ('accessories', 'classical', 'fragrances', 'pants') and (i_brand) IN ('amalgimporto #1', 'edu packscholar #1', 'exportiimporto #1', 'importoamalg #1'))) and ((i_brand) IN ('scholaramalgamalg #14', 'scholaramalgamalg #7', 'exportiunivamalg #9', 'scholaramalgamalg #9') or (i_brand) IN ('amalgimporto #1', 'edu packscholar #1', 'exportiimporto #1', 'importoamalg #1')) and ((i_category) IN ('Books', 'Children', 'Electronics') or (i_category) IN ('Women', 'Music', 'Men')) and ((i_class) IN ('personal', 'portable', 'refernece', 'self-help') or (i_class) IN ('accessories', 'classical', 'fragrances', 'pants')) and i_item_sk is not null)
                                               TableScan [TS_3] (rows=462000 width=1436)
                                                 default@item,item,Tbl:COMPLETE,Col:NONE,Output:["i_item_sk","i_brand","i_class","i_category","i_manager_id"]
 
diff --git a/ql/src/test/results/clientpositive/perf/query64.q.out b/ql/src/test/results/clientpositive/perf/query64.q.out
index 2559d9263a..e009eaf66b 100644
--- a/ql/src/test/results/clientpositive/perf/query64.q.out
+++ b/ql/src/test/results/clientpositive/perf/query64.q.out
@@ -389,7 +389,7 @@ Stage-0
                                                             Select Operator [SEL_2] (rows=80000000 width=860)
                                                               Output:["_col0","_col1","_col2","_col3","_col4","_col5"]
                                                               Filter Operator [FIL_541] (rows=80000000 width=860)
-                                                                predicate:(c_customer_sk is not null and c_first_sales_date_sk is not null and c_first_shipto_date_sk is not null and c_current_cdemo_sk is not null and c_current_hdemo_sk is not null and c_current_addr_sk is not null)
+                                                                predicate:(c_current_addr_sk is not null and c_current_cdemo_sk is not null and c_current_hdemo_sk is not null and c_customer_sk is not null and c_first_sales_date_sk is not null and c_first_shipto_date_sk is not null)
                                                                 TableScan [TS_0] (rows=80000000 width=860)
                                                                   default@customer,customer,Tbl:COMPLETE,Col:NONE,Output:["c_customer_sk","c_current_cdemo_sk","c_current_hdemo_sk","c_current_addr_sk","c_first_shipto_date_sk","c_first_sales_date_sk"]
                                                 <-Reducer 38 [SIMPLE_EDGE]
@@ -451,7 +451,7 @@ Stage-0
                                                       Select Operator [SEL_71] (rows=1704 width=1910)
                                                         Output:["_col0","_col1","_col2"]
                                                         Filter Operator [FIL_556] (rows=1704 width=1910)
-                                                          predicate:(s_store_sk is not null and s_store_name is not null and s_zip is not null)
+                                                          predicate:(s_store_name is not null and s_store_sk is not null and s_zip is not null)
                                                           TableScan [TS_69] (rows=1704 width=1910)
                                                             default@store,store,Tbl:COMPLETE,Col:NONE,Output:["s_store_sk","s_store_name","s_zip"]
                                                   <-Reducer 31 [SIMPLE_EDGE]
@@ -504,7 +504,7 @@ Stage-0
                                                                             Select Operator [SEL_33] (rows=575995635 width=88)
                                                                               Output:["_col0","_col1","_col2","_col3","_col4","_col5","_col6","_col7","_col8","_col9","_col10","_col11"]
                                                                               Filter Operator [FIL_550] (rows=575995635 width=88)
-                                                                                predicate:(ss_item_sk is not null and ss_ticket_number is not null and ss_sold_date_sk is not null and ss_store_sk is not null and ss_customer_sk is not null and ss_cdemo_sk is not null and ss_promo_sk is not null and ss_hdemo_sk is not null and ss_addr_sk is not null)
+                                                                                predicate:(ss_addr_sk is not null and ss_cdemo_sk is not null and ss_customer_sk is not null and ss_hdemo_sk is not null and ss_item_sk is not null and ss_promo_sk is not null and ss_sold_date_sk is not null and ss_store_sk is not null and ss_ticket_number is not null)
                                                                                 TableScan [TS_31] (rows=575995635 width=88)
                                                                                   default@store_sales,store_sales,Tbl:COMPLETE,Col:NONE,Output:["ss_sold_date_sk","ss_item_sk","ss_customer_sk","ss_cdemo_sk","ss_hdemo_sk","ss_addr_sk","ss_store_sk","ss_promo_sk","ss_ticket_number","ss_wholesale_cost","ss_list_price","ss_coupon_amt"]
                                                                         <-Map 45 [SIMPLE_EDGE]
diff --git a/ql/src/test/results/clientpositive/perf/query65.q.out b/ql/src/test/results/clientpositive/perf/query65.q.out
index 1b32ed60f4..0091ad022e 100644
--- a/ql/src/test/results/clientpositive/perf/query65.q.out
+++ b/ql/src/test/results/clientpositive/perf/query65.q.out
@@ -124,7 +124,7 @@ Stage-0
                                     Select Operator [SEL_2] (rows=575995635 width=88)
                                       Output:["_col0","_col1","_col2","_col3"]
                                       Filter Operator [FIL_72] (rows=575995635 width=88)
-                                        predicate:(ss_sold_date_sk is not null and ss_store_sk is not null and ss_item_sk is not null)
+                                        predicate:(ss_item_sk is not null and ss_sold_date_sk is not null and ss_store_sk is not null)
                                         TableScan [TS_0] (rows=575995635 width=88)
                                           default@store_sales,store_sales,Tbl:COMPLETE,Col:NONE,Output:["ss_sold_date_sk","ss_item_sk","ss_store_sk","ss_sales_price"]
                                 <-Map 9 [SIMPLE_EDGE]
@@ -133,7 +133,7 @@ Stage-0
                                     Select Operator [SEL_5] (rows=8116 width=1119)
                                       Output:["_col0"]
                                       Filter Operator [FIL_73] (rows=8116 width=1119)
-                                        predicate:(d_month_seq BETWEEN 1212 AND 1223 and d_date_sk is not null)
+                                        predicate:(d_date_sk is not null and d_month_seq BETWEEN 1212 AND 1223)
                                         TableScan [TS_3] (rows=73049 width=1119)
                                           default@date_dim,date_dim,Tbl:COMPLETE,Col:NONE,Output:["d_date_sk","d_month_seq"]
                       <-Reducer 8 [SIMPLE_EDGE]
diff --git a/ql/src/test/results/clientpositive/perf/query66.q.out b/ql/src/test/results/clientpositive/perf/query66.q.out
index 9a37cf3356..7c7d7a1d4b 100644
--- a/ql/src/test/results/clientpositive/perf/query66.q.out
+++ b/ql/src/test/results/clientpositive/perf/query66.q.out
@@ -548,7 +548,7 @@ Stage-0
                                                   Select Operator [SEL_35] (rows=287989836 width=135)
                                                     Output:["_col0","_col1","_col2","_col3","_col4","_col5","_col6"]
                                                     Filter Operator [FIL_111] (rows=287989836 width=135)
-                                                      predicate:(cs_warehouse_sk is not null and cs_sold_date_sk is not null and cs_sold_time_sk is not null and cs_ship_mode_sk is not null)
+                                                      predicate:(cs_ship_mode_sk is not null and cs_sold_date_sk is not null and cs_sold_time_sk is not null and cs_warehouse_sk is not null)
                                                       TableScan [TS_33] (rows=287989836 width=135)
                                                         default@catalog_sales,catalog_sales,Tbl:COMPLETE,Col:NONE,Output:["cs_sold_date_sk","cs_sold_time_sk","cs_ship_mode_sk","cs_warehouse_sk","cs_quantity","cs_ext_sales_price","cs_net_paid_inc_ship_tax"]
                   <-Reducer 6 [CONTAINS]
@@ -606,7 +606,7 @@ Stage-0
                                                   Select Operator [SEL_2] (rows=144002668 width=135)
                                                     Output:["_col0","_col1","_col2","_col3","_col4","_col5","_col6"]
                                                     Filter Operator [FIL_106] (rows=144002668 width=135)
-                                                      predicate:(ws_warehouse_sk is not null and ws_sold_date_sk is not null and ws_sold_time_sk is not null and ws_ship_mode_sk is not null)
+                                                      predicate:(ws_ship_mode_sk is not null and ws_sold_date_sk is not null and ws_sold_time_sk is not null and ws_warehouse_sk is not null)
                                                       TableScan [TS_0] (rows=144002668 width=135)
                                                         default@web_sales,web_sales,Tbl:COMPLETE,Col:NONE,Output:["ws_sold_date_sk","ws_sold_time_sk","ws_ship_mode_sk","ws_warehouse_sk","ws_quantity","ws_sales_price","ws_net_paid_inc_tax"]
 
diff --git a/ql/src/test/results/clientpositive/perf/query67.q.out b/ql/src/test/results/clientpositive/perf/query67.q.out
index 4277e6ca46..803af6f1d3 100644
--- a/ql/src/test/results/clientpositive/perf/query67.q.out
+++ b/ql/src/test/results/clientpositive/perf/query67.q.out
@@ -164,7 +164,7 @@ Stage-0
                                               Select Operator [SEL_2] (rows=575995635 width=88)
                                                 Output:["_col0","_col1","_col2","_col3","_col4"]
                                                 Filter Operator [FIL_48] (rows=575995635 width=88)
-                                                  predicate:(ss_sold_date_sk is not null and ss_store_sk is not null and ss_item_sk is not null)
+                                                  predicate:(ss_item_sk is not null and ss_sold_date_sk is not null and ss_store_sk is not null)
                                                   TableScan [TS_0] (rows=575995635 width=88)
                                                     default@store_sales,store_sales,Tbl:COMPLETE,Col:NONE,Output:["ss_sold_date_sk","ss_item_sk","ss_store_sk","ss_quantity","ss_sales_price"]
                                           <-Map 8 [SIMPLE_EDGE]
@@ -173,7 +173,7 @@ Stage-0
                                               Select Operator [SEL_5] (rows=8116 width=1119)
                                                 Output:["_col0","_col2","_col3","_col4"]
                                                 Filter Operator [FIL_49] (rows=8116 width=1119)
-                                                  predicate:(d_month_seq BETWEEN 1212 AND 1223 and d_date_sk is not null)
+                                                  predicate:(d_date_sk is not null and d_month_seq BETWEEN 1212 AND 1223)
                                                   TableScan [TS_3] (rows=73049 width=1119)
                                                     default@date_dim,date_dim,Tbl:COMPLETE,Col:NONE,Output:["d_date_sk","d_month_seq","d_year","d_moy","d_qoy"]
 
diff --git a/ql/src/test/results/clientpositive/perf/query68.q.out b/ql/src/test/results/clientpositive/perf/query68.q.out
index 5f763d50c0..e8f00ffc35 100644
--- a/ql/src/test/results/clientpositive/perf/query68.q.out
+++ b/ql/src/test/results/clientpositive/perf/query68.q.out
@@ -130,7 +130,7 @@ Stage-0
                           Select Operator [SEL_2] (rows=80000000 width=860)
                             Output:["_col0","_col1","_col2","_col3"]
                             Filter Operator [FIL_74] (rows=80000000 width=860)
-                              predicate:(c_customer_sk is not null and c_current_addr_sk is not null)
+                              predicate:(c_current_addr_sk is not null and c_customer_sk is not null)
                               TableScan [TS_0] (rows=80000000 width=860)
                                 default@customer,customer,Tbl:COMPLETE,Col:NONE,Output:["c_customer_sk","c_current_addr_sk","c_first_name","c_last_name"]
                   <-Reducer 7 [SIMPLE_EDGE]
@@ -190,7 +190,7 @@ Stage-0
                                               Select Operator [SEL_11] (rows=4058 width=1119)
                                                 Output:["_col0"]
                                                 Filter Operator [FIL_77] (rows=4058 width=1119)
-                                                  predicate:((d_year) IN (1998, 1999, 2000) and d_dom BETWEEN 1 AND 2 and d_date_sk is not null)
+                                                  predicate:((d_year) IN (1998, 1999, 2000) and d_date_sk is not null and d_dom BETWEEN 1 AND 2)
                                                   TableScan [TS_9] (rows=73049 width=1119)
                                                     default@date_dim,date_dim,Tbl:COMPLETE,Col:NONE,Output:["d_date_sk","d_year","d_dom"]
                                           <-Map 8 [SIMPLE_EDGE]
@@ -199,7 +199,7 @@ Stage-0
                                               Select Operator [SEL_8] (rows=575995635 width=88)
                                                 Output:["_col0","_col1","_col2","_col3","_col4","_col5","_col6","_col7","_col8"]
                                                 Filter Operator [FIL_76] (rows=575995635 width=88)
-                                                  predicate:(ss_sold_date_sk is not null and ss_store_sk is not null and ss_hdemo_sk is not null and ss_addr_sk is not null and ss_customer_sk is not null)
+                                                  predicate:(ss_addr_sk is not null and ss_customer_sk is not null and ss_hdemo_sk is not null and ss_sold_date_sk is not null and ss_store_sk is not null)
                                                   TableScan [TS_6] (rows=575995635 width=88)
                                                     default@store_sales,store_sales,Tbl:COMPLETE,Col:NONE,Output:["ss_sold_date_sk","ss_customer_sk","ss_hdemo_sk","ss_addr_sk","ss_store_sk","ss_ticket_number","ss_ext_sales_price","ss_ext_list_price","ss_ext_tax"]
 
diff --git a/ql/src/test/results/clientpositive/perf/query69.q.out b/ql/src/test/results/clientpositive/perf/query69.q.out
index 122889405d..591f3fcdb0 100644
--- a/ql/src/test/results/clientpositive/perf/query69.q.out
+++ b/ql/src/test/results/clientpositive/perf/query69.q.out
@@ -153,7 +153,7 @@ Stage-0
                                           Select Operator [SEL_14] (rows=4058 width=1119)
                                             Output:["_col0"]
                                             Filter Operator [FIL_103] (rows=4058 width=1119)
-                                              predicate:((d_year = 1999) and d_moy BETWEEN 1 AND 3 and d_date_sk is not null)
+                                              predicate:((d_year = 1999) and d_date_sk is not null and d_moy BETWEEN 1 AND 3)
                                               TableScan [TS_12] (rows=73049 width=1119)
                                                 default@date_dim,date_dim,Tbl:COMPLETE,Col:NONE,Output:["d_date_sk","d_year","d_moy"]
                                       <-Map 19 [SIMPLE_EDGE]
diff --git a/ql/src/test/results/clientpositive/perf/query7.q.out b/ql/src/test/results/clientpositive/perf/query7.q.out
index d3045d126e..00628dbce9 100644
--- a/ql/src/test/results/clientpositive/perf/query7.q.out
+++ b/ql/src/test/results/clientpositive/perf/query7.q.out
@@ -117,7 +117,7 @@ Stage-0
                                     Select Operator [SEL_2] (rows=575995635 width=88)
                                       Output:["_col0","_col1","_col2","_col3","_col4","_col5","_col6","_col7"]
                                       Filter Operator [FIL_50] (rows=575995635 width=88)
-                                        predicate:(ss_cdemo_sk is not null and ss_sold_date_sk is not null and ss_item_sk is not null and ss_promo_sk is not null)
+                                        predicate:(ss_cdemo_sk is not null and ss_item_sk is not null and ss_promo_sk is not null and ss_sold_date_sk is not null)
                                         TableScan [TS_0] (rows=575995635 width=88)
                                           default@store_sales,store_sales,Tbl:COMPLETE,Col:NONE,Output:["ss_sold_date_sk","ss_item_sk","ss_cdemo_sk","ss_promo_sk","ss_quantity","ss_list_price","ss_sales_price","ss_coupon_amt"]
                                 <-Map 8 [SIMPLE_EDGE]
@@ -126,7 +126,7 @@ Stage-0
                                     Select Operator [SEL_5] (rows=232725 width=385)
                                       Output:["_col0"]
                                       Filter Operator [FIL_51] (rows=232725 width=385)
-                                        predicate:((cd_gender = 'F') and (cd_marital_status = 'W') and (cd_education_status = 'Primary') and cd_demo_sk is not null)
+                                        predicate:((cd_education_status = 'Primary') and (cd_gender = 'F') and (cd_marital_status = 'W') and cd_demo_sk is not null)
                                         TableScan [TS_3] (rows=1861800 width=385)
                                           default@customer_demographics,customer_demographics,Tbl:COMPLETE,Col:NONE,Output:["cd_demo_sk","cd_gender","cd_marital_status","cd_education_status"]
 
diff --git a/ql/src/test/results/clientpositive/perf/query70.q.out b/ql/src/test/results/clientpositive/perf/query70.q.out
index 9f9a8e19a8..d700d60345 100644
--- a/ql/src/test/results/clientpositive/perf/query70.q.out
+++ b/ql/src/test/results/clientpositive/perf/query70.q.out
@@ -149,7 +149,7 @@ Stage-0
                                                         Select Operator [SEL_17] (rows=1704 width=1910)
                                                           Output:["_col0","_col1"]
                                                           Filter Operator [FIL_84] (rows=1704 width=1910)
-                                                            predicate:(s_store_sk is not null and s_state is not null)
+                                                            predicate:(s_state is not null and s_store_sk is not null)
                                                             TableScan [TS_15] (rows=1704 width=1910)
                                                               default@store,store,Tbl:COMPLETE,Col:NONE,Output:["s_store_sk","s_state"]
                                                     <-Reducer 8 [SIMPLE_EDGE]
@@ -172,7 +172,7 @@ Stage-0
                                                             Select Operator [SEL_5] (rows=8116 width=1119)
                                                               Output:["_col0"]
                                                               Filter Operator [FIL_79] (rows=8116 width=1119)
-                                                                predicate:(d_month_seq BETWEEN 1212 AND 1223 and d_date_sk is not null)
+                                                                predicate:(d_date_sk is not null and d_month_seq BETWEEN 1212 AND 1223)
                                                                 TableScan [TS_3] (rows=73049 width=1119)
                                                                   default@date_dim,d1,Tbl:COMPLETE,Col:NONE,Output:["d_date_sk","d_month_seq"]
                                 <-Reducer 3 [SIMPLE_EDGE]
diff --git a/ql/src/test/results/clientpositive/perf/query71.q.out b/ql/src/test/results/clientpositive/perf/query71.q.out
index 1dc8ba56d8..bd48e5621b 100644
--- a/ql/src/test/results/clientpositive/perf/query71.q.out
+++ b/ql/src/test/results/clientpositive/perf/query71.q.out
@@ -152,7 +152,7 @@ Stage-0
                                     Select Operator [SEL_12] (rows=287989836 width=135)
                                       Output:["_col0","_col1","_col2","_col3"]
                                       Filter Operator [FIL_76] (rows=287989836 width=135)
-                                        predicate:(cs_sold_date_sk is not null and cs_item_sk is not null and cs_sold_time_sk is not null)
+                                        predicate:(cs_item_sk is not null and cs_sold_date_sk is not null and cs_sold_time_sk is not null)
                                         TableScan [TS_10] (rows=287989836 width=135)
                                           default@catalog_sales,catalog_sales,Tbl:COMPLETE,Col:NONE,Output:["cs_sold_date_sk","cs_sold_time_sk","cs_item_sk","cs_ext_sales_price"]
                           <-Reducer 13 [CONTAINS]
@@ -168,7 +168,7 @@ Stage-0
                                     Select Operator [SEL_23] (rows=575995635 width=88)
                                       Output:["_col0","_col1","_col2","_col3"]
                                       Filter Operator [FIL_78] (rows=575995635 width=88)
-                                        predicate:(ss_sold_date_sk is not null and ss_item_sk is not null and ss_sold_time_sk is not null)
+                                        predicate:(ss_item_sk is not null and ss_sold_date_sk is not null and ss_sold_time_sk is not null)
                                         TableScan [TS_21] (rows=575995635 width=88)
                                           default@store_sales,store_sales,Tbl:COMPLETE,Col:NONE,Output:["ss_sold_date_sk","ss_sold_time_sk","ss_item_sk","ss_ext_sales_price"]
                                 <-Map 14 [SIMPLE_EDGE]
@@ -193,7 +193,7 @@ Stage-0
                                     Select Operator [SEL_2] (rows=144002668 width=135)
                                       Output:["_col0","_col1","_col2","_col3"]
                                       Filter Operator [FIL_74] (rows=144002668 width=135)
-                                        predicate:(ws_sold_date_sk is not null and ws_item_sk is not null and ws_sold_time_sk is not null)
+                                        predicate:(ws_item_sk is not null and ws_sold_date_sk is not null and ws_sold_time_sk is not null)
                                         TableScan [TS_0] (rows=144002668 width=135)
                                           default@web_sales,web_sales,Tbl:COMPLETE,Col:NONE,Output:["ws_sold_date_sk","ws_sold_time_sk","ws_item_sk","ws_ext_sales_price"]
                                 <-Map 8 [SIMPLE_EDGE]
diff --git a/ql/src/test/results/clientpositive/perf/query72.q.out b/ql/src/test/results/clientpositive/perf/query72.q.out
index 7b43cc3eb9..a5e3501d3b 100644
--- a/ql/src/test/results/clientpositive/perf/query72.q.out
+++ b/ql/src/test/results/clientpositive/perf/query72.q.out
@@ -221,7 +221,7 @@ Stage-0
                                                                   Select Operator [SEL_8] (rows=287989836 width=135)
                                                                     Output:["_col0","_col1","_col2","_col3","_col4","_col5","_col6","_col7"]
                                                                     Filter Operator [FIL_123] (rows=287989836 width=135)
-                                                                      predicate:(cs_item_sk is not null and cs_bill_cdemo_sk is not null and cs_bill_hdemo_sk is not null and cs_sold_date_sk is not null and cs_ship_date_sk is not null)
+                                                                      predicate:(cs_bill_cdemo_sk is not null and cs_bill_hdemo_sk is not null and cs_item_sk is not null and cs_ship_date_sk is not null and cs_sold_date_sk is not null)
                                                                       TableScan [TS_6] (rows=287989836 width=135)
                                                                         default@catalog_sales,catalog_sales,Tbl:COMPLETE,Col:NONE,Output:["cs_sold_date_sk","cs_ship_date_sk","cs_bill_cdemo_sk","cs_bill_hdemo_sk","cs_item_sk","cs_promo_sk","cs_order_number","cs_quantity"]
                                   <-Reducer 2 [SIMPLE_EDGE]
@@ -235,7 +235,7 @@ Stage-0
                                           Select Operator [SEL_2] (rows=37584000 width=15)
                                             Output:["_col0","_col1","_col2","_col3"]
                                             Filter Operator [FIL_121] (rows=37584000 width=15)
-                                              predicate:(inv_item_sk is not null and inv_warehouse_sk is not null and inv_date_sk is not null)
+                                              predicate:(inv_date_sk is not null and inv_item_sk is not null and inv_warehouse_sk is not null)
                                               TableScan [TS_0] (rows=37584000 width=15)
                                                 default@inventory,inventory,Tbl:COMPLETE,Col:NONE,Output:["inv_date_sk","inv_item_sk","inv_warehouse_sk","inv_quantity_on_hand"]
                                       <-Map 8 [SIMPLE_EDGE]
diff --git a/ql/src/test/results/clientpositive/perf/query73.q.out b/ql/src/test/results/clientpositive/perf/query73.q.out
index db8dfc04a6..f666e295d2 100644
--- a/ql/src/test/results/clientpositive/perf/query73.q.out
+++ b/ql/src/test/results/clientpositive/perf/query73.q.out
@@ -135,7 +135,7 @@ Stage-0
                                         Select Operator [SEL_5] (rows=575995635 width=88)
                                           Output:["_col0","_col1","_col2","_col3","_col4"]
                                           Filter Operator [FIL_53] (rows=575995635 width=88)
-                                            predicate:(ss_sold_date_sk is not null and ss_store_sk is not null and ss_hdemo_sk is not null and ss_customer_sk is not null)
+                                            predicate:(ss_customer_sk is not null and ss_hdemo_sk is not null and ss_sold_date_sk is not null and ss_store_sk is not null)
                                             TableScan [TS_3] (rows=575995635 width=88)
                                               default@store_sales,store_sales,Tbl:COMPLETE,Col:NONE,Output:["ss_sold_date_sk","ss_customer_sk","ss_hdemo_sk","ss_store_sk","ss_ticket_number"]
                                     <-Map 9 [SIMPLE_EDGE]
@@ -144,7 +144,7 @@ Stage-0
                                         Select Operator [SEL_8] (rows=4058 width=1119)
                                           Output:["_col0"]
                                           Filter Operator [FIL_54] (rows=4058 width=1119)
-                                            predicate:((d_year) IN (2000, 2001, 2002) and d_dom BETWEEN 1 AND 2 and d_date_sk is not null)
+                                            predicate:((d_year) IN (2000, 2001, 2002) and d_date_sk is not null and d_dom BETWEEN 1 AND 2)
                                             TableScan [TS_6] (rows=73049 width=1119)
                                               default@date_dim,date_dim,Tbl:COMPLETE,Col:NONE,Output:["d_date_sk","d_year","d_dom"]
 
diff --git a/ql/src/test/results/clientpositive/perf/query74.q.out b/ql/src/test/results/clientpositive/perf/query74.q.out
index 1073c4a087..a75aaa1294 100644
--- a/ql/src/test/results/clientpositive/perf/query74.q.out
+++ b/ql/src/test/results/clientpositive/perf/query74.q.out
@@ -174,7 +174,7 @@ Stage-0
                                   Select Operator [SEL_70] (rows=80000000 width=860)
                                     Output:["_col0","_col1","_col2","_col3"]
                                     Filter Operator [FIL_160] (rows=80000000 width=860)
-                                      predicate:(c_customer_sk is not null and c_customer_id is not null)
+                                      predicate:(c_customer_id is not null and c_customer_sk is not null)
                                       TableScan [TS_68] (rows=80000000 width=860)
                                         default@customer,customer,Tbl:COMPLETE,Col:NONE,Output:["c_customer_sk","c_customer_id","c_first_name","c_last_name"]
                               <-Reducer 11 [SIMPLE_EDGE]
@@ -188,7 +188,7 @@ Stage-0
                                       Select Operator [SEL_67] (rows=18262 width=1119)
                                         Output:["_col0","_col1"]
                                         Filter Operator [FIL_159] (rows=18262 width=1119)
-                                          predicate:((d_year) IN (2001, 2002) and (d_year = 2002) and d_date_sk is not null)
+                                          predicate:((d_year = 2002) and (d_year) IN (2001, 2002) and d_date_sk is not null)
                                           TableScan [TS_65] (rows=73049 width=1119)
                                             default@date_dim,date_dim,Tbl:COMPLETE,Col:NONE,Output:["d_date_sk","d_year"]
                                   <-Map 10 [SIMPLE_EDGE]
@@ -231,7 +231,7 @@ Stage-0
                                         Select Operator [SEL_25] (rows=18262 width=1119)
                                           Output:["_col0","_col1"]
                                           Filter Operator [FIL_153] (rows=18262 width=1119)
-                                            predicate:((d_year) IN (2001, 2002) and (d_year = 2001) and d_date_sk is not null)
+                                            predicate:((d_year = 2001) and (d_year) IN (2001, 2002) and d_date_sk is not null)
                                              Please refer to the previous TableScan [TS_65]
                                     <-Map 10 [SIMPLE_EDGE]
                                       SHUFFLE [RS_29]
@@ -304,7 +304,7 @@ Stage-0
                                         Select Operator [SEL_46] (rows=18262 width=1119)
                                           Output:["_col0","_col1"]
                                           Filter Operator [FIL_156] (rows=18262 width=1119)
-                                            predicate:((d_year) IN (2001, 2002) and (d_year = 2001) and d_date_sk is not null)
+                                            predicate:((d_year = 2001) and (d_year) IN (2001, 2002) and d_date_sk is not null)
                                              Please refer to the previous TableScan [TS_65]
                                     <-Map 1 [SIMPLE_EDGE]
                                       SHUFFLE [RS_50]
diff --git a/ql/src/test/results/clientpositive/perf/query75.q.out b/ql/src/test/results/clientpositive/perf/query75.q.out
index c3dfff52fd..08e1620401 100644
--- a/ql/src/test/results/clientpositive/perf/query75.q.out
+++ b/ql/src/test/results/clientpositive/perf/query75.q.out
@@ -229,7 +229,7 @@ Stage-0
                                                     Select Operator [SEL_8] (rows=231000 width=1436)
                                                       Output:["_col0","_col1","_col2","_col3","_col5"]
                                                       Filter Operator [FIL_242] (rows=231000 width=1436)
-                                                        predicate:((i_category = 'Sports') and i_item_sk is not null and i_brand_id is not null and i_class_id is not null and i_category_id is not null and i_manufact_id is not null)
+                                                        predicate:((i_category = 'Sports') and i_brand_id is not null and i_category_id is not null and i_class_id is not null and i_item_sk is not null and i_manufact_id is not null)
                                                         TableScan [TS_6] (rows=462000 width=1436)
                                                           default@item,item,Tbl:COMPLETE,Col:NONE,Output:["i_item_sk","i_brand_id","i_class_id","i_category_id","i_category","i_manufact_id"]
                                                 <-Reducer 11 [SIMPLE_EDGE]
diff --git a/ql/src/test/results/clientpositive/perf/query76.q.out b/ql/src/test/results/clientpositive/perf/query76.q.out
index de597320c4..f2492c2562 100644
--- a/ql/src/test/results/clientpositive/perf/query76.q.out
+++ b/ql/src/test/results/clientpositive/perf/query76.q.out
@@ -109,7 +109,7 @@ Stage-0
                                 Select Operator [SEL_35] (rows=143994918 width=135)
                                   Output:["_col0","_col2","_col3"]
                                   Filter Operator [FIL_80] (rows=143994918 width=135)
-                                    predicate:(cs_warehouse_sk is null and cs_item_sk is not null and cs_sold_date_sk is not null)
+                                    predicate:(cs_item_sk is not null and cs_sold_date_sk is not null and cs_warehouse_sk is null)
                                     TableScan [TS_33] (rows=287989836 width=135)
                                       default@catalog_sales,catalog_sales,Tbl:COMPLETE,Col:NONE,Output:["cs_sold_date_sk","cs_warehouse_sk","cs_item_sk","cs_ext_sales_price"]
                 <-Reducer 3 [CONTAINS]
@@ -181,7 +181,7 @@ Stage-0
                                 Select Operator [SEL_18] (rows=72001334 width=135)
                                   Output:["_col0","_col1","_col3"]
                                   Filter Operator [FIL_77] (rows=72001334 width=135)
-                                    predicate:(ws_web_page_sk is null and ws_item_sk is not null and ws_sold_date_sk is not null)
+                                    predicate:(ws_item_sk is not null and ws_sold_date_sk is not null and ws_web_page_sk is null)
                                     TableScan [TS_16] (rows=144002668 width=135)
                                       default@web_sales,web_sales,Tbl:COMPLETE,Col:NONE,Output:["ws_sold_date_sk","ws_item_sk","ws_web_page_sk","ws_ext_sales_price"]
 
diff --git a/ql/src/test/results/clientpositive/perf/query79.q.out b/ql/src/test/results/clientpositive/perf/query79.q.out
index 18b32e0f8c..b34a83fa0f 100644
--- a/ql/src/test/results/clientpositive/perf/query79.q.out
+++ b/ql/src/test/results/clientpositive/perf/query79.q.out
@@ -125,7 +125,7 @@ Stage-0
                                         Select Operator [SEL_5] (rows=575995635 width=88)
                                           Output:["_col0","_col1","_col2","_col3","_col4","_col5","_col6","_col7"]
                                           Filter Operator [FIL_54] (rows=575995635 width=88)
-                                            predicate:(ss_sold_date_sk is not null and ss_store_sk is not null and ss_hdemo_sk is not null and ss_customer_sk is not null)
+                                            predicate:(ss_customer_sk is not null and ss_hdemo_sk is not null and ss_sold_date_sk is not null and ss_store_sk is not null)
                                             TableScan [TS_3] (rows=575995635 width=88)
                                               default@store_sales,store_sales,Tbl:COMPLETE,Col:NONE,Output:["ss_sold_date_sk","ss_customer_sk","ss_hdemo_sk","ss_addr_sk","ss_store_sk","ss_ticket_number","ss_coupon_amt","ss_net_profit"]
                                     <-Map 9 [SIMPLE_EDGE]
@@ -134,7 +134,7 @@ Stage-0
                                         Select Operator [SEL_8] (rows=18262 width=1119)
                                           Output:["_col0"]
                                           Filter Operator [FIL_55] (rows=18262 width=1119)
-                                            predicate:((d_year) IN (1998, 1999, 2000) and (d_dow = 1) and d_date_sk is not null)
+                                            predicate:((d_dow = 1) and (d_year) IN (1998, 1999, 2000) and d_date_sk is not null)
                                             TableScan [TS_6] (rows=73049 width=1119)
                                               default@date_dim,date_dim,Tbl:COMPLETE,Col:NONE,Output:["d_date_sk","d_year","d_dow"]
 
diff --git a/ql/src/test/results/clientpositive/perf/query80.q.out b/ql/src/test/results/clientpositive/perf/query80.q.out
index b717bc540a..a64cad7389 100644
--- a/ql/src/test/results/clientpositive/perf/query80.q.out
+++ b/ql/src/test/results/clientpositive/perf/query80.q.out
@@ -309,7 +309,7 @@ Stage-0
                                                       Select Operator [SEL_41] (rows=287989836 width=135)
                                                         Output:["_col0","_col1","_col2","_col3","_col4","_col5","_col6"]
                                                         Filter Operator [FIL_191] (rows=287989836 width=135)
-                                                          predicate:(cs_sold_date_sk is not null and cs_catalog_page_sk is not null and cs_item_sk is not null and cs_promo_sk is not null)
+                                                          predicate:(cs_catalog_page_sk is not null and cs_item_sk is not null and cs_promo_sk is not null and cs_sold_date_sk is not null)
                                                           TableScan [TS_39] (rows=287989836 width=135)
                                                             default@catalog_sales,catalog_sales,Tbl:COMPLETE,Col:NONE,Output:["cs_sold_date_sk","cs_catalog_page_sk","cs_item_sk","cs_promo_sk","cs_order_number","cs_ext_sales_price","cs_net_profit"]
                                                   <-Map 28 [SIMPLE_EDGE]
@@ -386,7 +386,7 @@ Stage-0
                                                       Select Operator [SEL_81] (rows=144002668 width=135)
                                                         Output:["_col0","_col1","_col2","_col3","_col4","_col5","_col6"]
                                                         Filter Operator [FIL_197] (rows=144002668 width=135)
-                                                          predicate:(ws_sold_date_sk is not null and ws_web_site_sk is not null and ws_item_sk is not null and ws_promo_sk is not null)
+                                                          predicate:(ws_item_sk is not null and ws_promo_sk is not null and ws_sold_date_sk is not null and ws_web_site_sk is not null)
                                                           TableScan [TS_79] (rows=144002668 width=135)
                                                             default@web_sales,web_sales,Tbl:COMPLETE,Col:NONE,Output:["ws_sold_date_sk","ws_item_sk","ws_web_site_sk","ws_promo_sk","ws_order_number","ws_ext_sales_price","ws_net_profit"]
                                                   <-Map 32 [SIMPLE_EDGE]
@@ -463,7 +463,7 @@ Stage-0
                                                       Select Operator [SEL_2] (rows=575995635 width=88)
                                                         Output:["_col0","_col1","_col2","_col3","_col4","_col5","_col6"]
                                                         Filter Operator [FIL_185] (rows=575995635 width=88)
-                                                          predicate:(ss_sold_date_sk is not null and ss_store_sk is not null and ss_item_sk is not null and ss_promo_sk is not null)
+                                                          predicate:(ss_item_sk is not null and ss_promo_sk is not null and ss_sold_date_sk is not null and ss_store_sk is not null)
                                                           TableScan [TS_0] (rows=575995635 width=88)
                                                             default@store_sales,store_sales,Tbl:COMPLETE,Col:NONE,Output:["ss_sold_date_sk","ss_item_sk","ss_store_sk","ss_promo_sk","ss_ticket_number","ss_ext_sales_price","ss_net_profit"]
                                                   <-Map 11 [SIMPLE_EDGE]
diff --git a/ql/src/test/results/clientpositive/perf/query82.q.out b/ql/src/test/results/clientpositive/perf/query82.q.out
index 881070ec54..037c2ffc2c 100644
--- a/ql/src/test/results/clientpositive/perf/query82.q.out
+++ b/ql/src/test/results/clientpositive/perf/query82.q.out
@@ -88,7 +88,7 @@ Stage-0
                             Select Operator [SEL_8] (rows=4176000 width=15)
                               Output:["_col0","_col1"]
                               Filter Operator [FIL_41] (rows=4176000 width=15)
-                                predicate:(inv_quantity_on_hand BETWEEN 100 AND 500 and inv_item_sk is not null and inv_date_sk is not null)
+                                predicate:(inv_date_sk is not null and inv_item_sk is not null and inv_quantity_on_hand BETWEEN 100 AND 500)
                                 TableScan [TS_6] (rows=37584000 width=15)
                                   default@inventory,inventory,Tbl:COMPLETE,Col:NONE,Output:["inv_date_sk","inv_item_sk","inv_quantity_on_hand"]
                         <-Map 8 [SIMPLE_EDGE]
diff --git a/ql/src/test/results/clientpositive/perf/query83.q.out b/ql/src/test/results/clientpositive/perf/query83.q.out
index dfae7706b6..2a3a946e2e 100644
--- a/ql/src/test/results/clientpositive/perf/query83.q.out
+++ b/ql/src/test/results/clientpositive/perf/query83.q.out
@@ -214,7 +214,7 @@ Stage-0
                                             Select Operator [SEL_11] (rows=73049 width=1119)
                                               Output:["_col0","_col1"]
                                               Filter Operator [FIL_198] (rows=73049 width=1119)
-                                                predicate:(d_week_seq is not null and d_date is not null)
+                                                predicate:(d_date is not null and d_week_seq is not null)
                                                 TableScan [TS_9] (rows=73049 width=1119)
                                                   default@date_dim,date_dim,Tbl:COMPLETE,Col:NONE,Output:["d_date","d_week_seq"]
                                         <-Map 25 [SIMPLE_EDGE]
@@ -239,7 +239,7 @@ Stage-0
                                   Select Operator [SEL_5] (rows=462000 width=1436)
                                     Output:["_col0","_col1"]
                                     Filter Operator [FIL_196] (rows=462000 width=1436)
-                                      predicate:(i_item_sk is not null and i_item_id is not null)
+                                      predicate:(i_item_id is not null and i_item_sk is not null)
                                       TableScan [TS_3] (rows=462000 width=1436)
                                         default@item,item,Tbl:COMPLETE,Col:NONE,Output:["i_item_sk","i_item_id"]
                               <-Map 26 [SIMPLE_EDGE]
diff --git a/ql/src/test/results/clientpositive/perf/query85.q.out b/ql/src/test/results/clientpositive/perf/query85.q.out
index 8df7be673a..90cc27e0b1 100644
--- a/ql/src/test/results/clientpositive/perf/query85.q.out
+++ b/ql/src/test/results/clientpositive/perf/query85.q.out
@@ -206,14 +206,14 @@ Stage-0
                           Select Operator [SEL_23] (rows=1861800 width=385)
                             Output:["_col0","_col1","_col2"]
                             Filter Operator [FIL_99] (rows=1861800 width=385)
-                              predicate:(((cd_education_status = '4 yr Degree') or (cd_education_status = 'Primary') or (cd_education_status = 'Advanced Degree')) and ((cd_marital_status = 'M') or (cd_marital_status = 'D') or (cd_marital_status = 'U')) and cd_demo_sk is not null and cd_marital_status is not null and cd_education_status is not null)
+                              predicate:(((cd_education_status = '4 yr Degree') or (cd_education_status = 'Primary') or (cd_education_status = 'Advanced Degree')) and ((cd_marital_status = 'M') or (cd_marital_status = 'D') or (cd_marital_status = 'U')) and cd_demo_sk is not null and cd_education_status is not null and cd_marital_status is not null)
                               TableScan [TS_21] (rows=1861800 width=385)
                                 default@customer_demographics,cd2,Tbl:COMPLETE,Col:NONE,Output:["cd_demo_sk","cd_marital_status","cd_education_status"]
                       <-Reducer 7 [SIMPLE_EDGE]
                         SHUFFLE [RS_44]
                           PartitionCols:_col3, _col24, _col25
                           Filter Operator [FIL_43] (rows=393687 width=135)
-                            predicate:(((_col24 = 'M') and (_col25 = '4 yr Degree') and _col13 BETWEEN 100 AND 150) or ((_col24 = 'D') and (_col25 = 'Primary') and _col13 BETWEEN 50 AND 100) or ((_col24 = 'U') and (_col25 = 'Advanced Degree') and _col13 BETWEEN 150 AND 200))
+                            predicate:(((_col24 = 'D') and (_col25 = 'Primary') and _col13 BETWEEN 50 AND 100) or ((_col24 = 'M') and (_col25 = '4 yr Degree') and _col13 BETWEEN 100 AND 150) or ((_col24 = 'U') and (_col25 = 'Advanced Degree') and _col13 BETWEEN 150 AND 200))
                             Merge Join Operator [MERGEJOIN_105] (rows=4724246 width=135)
                               Conds:RS_40._col1=RS_41._col0(Inner),Output:["_col3","_col6","_col7","_col12","_col13","_col22","_col24","_col25"]
                             <-Map 16 [SIMPLE_EDGE]
@@ -275,7 +275,7 @@ Stage-0
                                                   Select Operator [SEL_8] (rows=10000000 width=1014)
                                                     Output:["_col0","_col1"]
                                                     Filter Operator [FIL_94] (rows=10000000 width=1014)
-                                                      predicate:((ca_state) IN ('KY', 'GA', 'NM', 'MT', 'OR', 'IN', 'WI', 'MO', 'WV') and (ca_country = 'United States') and ca_address_sk is not null)
+                                                      predicate:((ca_country = 'United States') and (ca_state) IN ('KY', 'GA', 'NM', 'MT', 'OR', 'IN', 'WI', 'MO', 'WV') and ca_address_sk is not null)
                                                       TableScan [TS_6] (rows=40000000 width=1014)
                                                         default@customer_address,customer_address,Tbl:COMPLETE,Col:NONE,Output:["ca_address_sk","ca_state","ca_country"]
                                               <-Reducer 2 [SIMPLE_EDGE]
@@ -289,7 +289,7 @@ Stage-0
                                                       Select Operator [SEL_2] (rows=14398467 width=92)
                                                         Output:["_col0","_col1","_col2","_col3","_col4","_col5","_col6","_col7"]
                                                         Filter Operator [FIL_92] (rows=14398467 width=92)
-                                                          predicate:(wr_item_sk is not null and wr_order_number is not null and wr_refunded_cdemo_sk is not null and wr_returning_cdemo_sk is not null and wr_refunded_addr_sk is not null and wr_reason_sk is not null)
+                                                          predicate:(wr_item_sk is not null and wr_order_number is not null and wr_reason_sk is not null and wr_refunded_addr_sk is not null and wr_refunded_cdemo_sk is not null and wr_returning_cdemo_sk is not null)
                                                           TableScan [TS_0] (rows=14398467 width=92)
                                                             default@web_returns,web_returns,Tbl:COMPLETE,Col:NONE,Output:["wr_item_sk","wr_refunded_cdemo_sk","wr_refunded_addr_sk","wr_returning_cdemo_sk","wr_reason_sk","wr_order_number","wr_fee","wr_refunded_cash"]
                                                   <-Map 11 [SIMPLE_EDGE]
@@ -298,7 +298,7 @@ Stage-0
                                                       Select Operator [SEL_5] (rows=16000296 width=135)
                                                         Output:["_col0","_col1","_col2","_col3","_col4","_col5","_col6"]
                                                         Filter Operator [FIL_93] (rows=16000296 width=135)
-                                                          predicate:((ws_sales_price BETWEEN 100 AND 150 or ws_sales_price BETWEEN 50 AND 100 or ws_sales_price BETWEEN 150 AND 200) and (ws_net_profit BETWEEN 100 AND 200 or ws_net_profit BETWEEN 150 AND 300 or ws_net_profit BETWEEN 50 AND 250) and ws_item_sk is not null and ws_order_number is not null and ws_web_page_sk is not null and ws_sold_date_sk is not null)
+                                                          predicate:((ws_net_profit BETWEEN 100 AND 200 or ws_net_profit BETWEEN 150 AND 300 or ws_net_profit BETWEEN 50 AND 250) and (ws_sales_price BETWEEN 100 AND 150 or ws_sales_price BETWEEN 50 AND 100 or ws_sales_price BETWEEN 150 AND 200) and ws_item_sk is not null and ws_order_number is not null and ws_sold_date_sk is not null and ws_web_page_sk is not null)
                                                           TableScan [TS_3] (rows=144002668 width=135)
                                                             default@web_sales,web_sales,Tbl:COMPLETE,Col:NONE,Output:["ws_sold_date_sk","ws_item_sk","ws_web_page_sk","ws_order_number","ws_quantity","ws_sales_price","ws_net_profit"]
 
diff --git a/ql/src/test/results/clientpositive/perf/query86.q.out b/ql/src/test/results/clientpositive/perf/query86.q.out
index 16f2cb9b2c..6b59dd254f 100644
--- a/ql/src/test/results/clientpositive/perf/query86.q.out
+++ b/ql/src/test/results/clientpositive/perf/query86.q.out
@@ -111,7 +111,7 @@ Stage-0
                                         Select Operator [SEL_2] (rows=144002668 width=135)
                                           Output:["_col0","_col1","_col2"]
                                           Filter Operator [FIL_36] (rows=144002668 width=135)
-                                            predicate:(ws_sold_date_sk is not null and ws_item_sk is not null)
+                                            predicate:(ws_item_sk is not null and ws_sold_date_sk is not null)
                                             TableScan [TS_0] (rows=144002668 width=135)
                                               default@web_sales,web_sales,Tbl:COMPLETE,Col:NONE,Output:["ws_sold_date_sk","ws_item_sk","ws_net_paid"]
                                     <-Map 7 [SIMPLE_EDGE]
@@ -120,7 +120,7 @@ Stage-0
                                         Select Operator [SEL_5] (rows=8116 width=1119)
                                           Output:["_col0"]
                                           Filter Operator [FIL_37] (rows=8116 width=1119)
-                                            predicate:(d_month_seq BETWEEN 1212 AND 1223 and d_date_sk is not null)
+                                            predicate:(d_date_sk is not null and d_month_seq BETWEEN 1212 AND 1223)
                                             TableScan [TS_3] (rows=73049 width=1119)
                                               default@date_dim,d1,Tbl:COMPLETE,Col:NONE,Output:["d_date_sk","d_month_seq"]
 
diff --git a/ql/src/test/results/clientpositive/perf/query87.q.out b/ql/src/test/results/clientpositive/perf/query87.q.out
index a64d384239..8430e8ad60 100644
--- a/ql/src/test/results/clientpositive/perf/query87.q.out
+++ b/ql/src/test/results/clientpositive/perf/query87.q.out
@@ -70,7 +70,7 @@ Stage-0
               Output:["_col0"],aggregations:["count()"]
               Select Operator [SEL_98] (rows=4537552 width=129)
                 Filter Operator [FIL_97] (rows=4537552 width=129)
-                  predicate:((_col3 > 0) and ((_col3 * 2) = _col4))
+                  predicate:(((_col3 * 2) = _col4) and (_col3 > 0))
                   Select Operator [SEL_129] (rows=27225312 width=129)
                     Output:["_col3","_col4"]
                     Group By Operator [GBY_96] (rows=27225312 width=129)
@@ -118,7 +118,7 @@ Stage-0
                                                   Select Operator [SEL_5] (rows=8116 width=1119)
                                                     Output:["_col0","_col1"]
                                                     Filter Operator [FIL_121] (rows=8116 width=1119)
-                                                      predicate:(d_month_seq BETWEEN 1212 AND 1223 and d_date_sk is not null)
+                                                      predicate:(d_date_sk is not null and d_month_seq BETWEEN 1212 AND 1223)
                                                       TableScan [TS_3] (rows=73049 width=1119)
                                                         default@date_dim,date_dim,Tbl:COMPLETE,Col:NONE,Output:["d_date_sk","d_date","d_month_seq"]
                                               <-Map 19 [SIMPLE_EDGE]
@@ -127,7 +127,7 @@ Stage-0
                                                   Select Operator [SEL_67] (rows=144002668 width=135)
                                                     Output:["_col0","_col1"]
                                                     Filter Operator [FIL_126] (rows=144002668 width=135)
-                                                      predicate:(ws_sold_date_sk is not null and ws_bill_customer_sk is not null)
+                                                      predicate:(ws_bill_customer_sk is not null and ws_sold_date_sk is not null)
                                                       TableScan [TS_65] (rows=144002668 width=135)
                                                         default@web_sales,web_sales,Tbl:COMPLETE,Col:NONE,Output:["ws_sold_date_sk","ws_bill_customer_sk"]
                       <-Reducer 6 [CONTAINS]
@@ -144,7 +144,7 @@ Stage-0
                                   Select Operator [SEL_59] (rows=21779634 width=103)
                                     Output:["_col0","_col1","_col2"]
                                     Filter Operator [FIL_58] (rows=21779634 width=103)
-                                      predicate:((_col3 > 0) and ((_col3 * 2) = _col4))
+                                      predicate:(((_col3 * 2) = _col4) and (_col3 > 0))
                                       Group By Operator [GBY_57] (rows=130677808 width=103)
                                         Output:["_col0","_col1","_col2","_col3","_col4"],aggregations:["sum(VALUE._col0)","sum(VALUE._col1)"],keys:KEY._col0, KEY._col1, KEY._col2
                                       <-Union 5 [SIMPLE_EDGE]
@@ -189,7 +189,7 @@ Stage-0
                                                                     Select Operator [SEL_28] (rows=287989836 width=135)
                                                                       Output:["_col0","_col1"]
                                                                       Filter Operator [FIL_123] (rows=287989836 width=135)
-                                                                        predicate:(cs_sold_date_sk is not null and cs_bill_customer_sk is not null)
+                                                                        predicate:(cs_bill_customer_sk is not null and cs_sold_date_sk is not null)
                                                                         TableScan [TS_26] (rows=287989836 width=135)
                                                                           default@catalog_sales,catalog_sales,Tbl:COMPLETE,Col:NONE,Output:["cs_sold_date_sk","cs_bill_customer_sk"]
                                         <-Reducer 4 [CONTAINS]
@@ -233,7 +233,7 @@ Stage-0
                                                                     Select Operator [SEL_2] (rows=575995635 width=88)
                                                                       Output:["_col0","_col1"]
                                                                       Filter Operator [FIL_120] (rows=575995635 width=88)
-                                                                        predicate:(ss_sold_date_sk is not null and ss_customer_sk is not null)
+                                                                        predicate:(ss_customer_sk is not null and ss_sold_date_sk is not null)
                                                                         TableScan [TS_0] (rows=575995635 width=88)
                                                                           default@store_sales,store_sales,Tbl:COMPLETE,Col:NONE,Output:["ss_sold_date_sk","ss_customer_sk"]
 
diff --git a/ql/src/test/results/clientpositive/perf/query89.q.out b/ql/src/test/results/clientpositive/perf/query89.q.out
index 1f13f9ea60..7c37909a13 100644
--- a/ql/src/test/results/clientpositive/perf/query89.q.out
+++ b/ql/src/test/results/clientpositive/perf/query89.q.out
@@ -141,7 +141,7 @@ Stage-0
                                               Select Operator [SEL_5] (rows=231000 width=1436)
                                                 Output:["_col0","_col1","_col2","_col3"]
                                                 Filter Operator [FIL_49] (rows=231000 width=1436)
-                                                  predicate:(((i_class) IN ('wallpaper', 'parenting', 'musical') or (i_class) IN ('womens', 'birdal', 'pants')) and ((i_category) IN ('Home', 'Books', 'Electronics') or (i_category) IN ('Shoes', 'Jewelry', 'Men')) and (((i_category) IN ('Home', 'Books', 'Electronics') and (i_class) IN ('wallpaper', 'parenting', 'musical')) or ((i_category) IN ('Shoes', 'Jewelry', 'Men') and (i_class) IN ('womens', 'birdal', 'pants'))) and i_item_sk is not null)
+                                                  predicate:((((i_category) IN ('Home', 'Books', 'Electronics') and (i_class) IN ('wallpaper', 'parenting', 'musical')) or ((i_category) IN ('Shoes', 'Jewelry', 'Men') and (i_class) IN ('womens', 'birdal', 'pants'))) and ((i_category) IN ('Home', 'Books', 'Electronics') or (i_category) IN ('Shoes', 'Jewelry', 'Men')) and ((i_class) IN ('wallpaper', 'parenting', 'musical') or (i_class) IN ('womens', 'birdal', 'pants')) and i_item_sk is not null)
                                                   TableScan [TS_3] (rows=462000 width=1436)
                                                     default@item,item,Tbl:COMPLETE,Col:NONE,Output:["i_item_sk","i_brand","i_class","i_category"]
 
diff --git a/ql/src/test/results/clientpositive/perf/query91.q.out b/ql/src/test/results/clientpositive/perf/query91.q.out
index ef04f4aa78..f808a50bb6 100644
--- a/ql/src/test/results/clientpositive/perf/query91.q.out
+++ b/ql/src/test/results/clientpositive/perf/query91.q.out
@@ -132,7 +132,7 @@ Stage-0
                                       Select Operator [SEL_14] (rows=930900 width=385)
                                         Output:["_col0","_col1","_col2"]
                                         Filter Operator [FIL_74] (rows=930900 width=385)
-                                          predicate:(((cd_education_status = 'Unknown') or (cd_education_status = 'Advanced Degree')) and ((cd_marital_status = 'M') or (cd_marital_status = 'W')) and (((cd_marital_status = 'M') and (cd_education_status = 'Unknown')) or ((cd_marital_status = 'W') and (cd_education_status = 'Advanced Degree'))) and cd_demo_sk is not null)
+                                          predicate:((((cd_marital_status = 'M') and (cd_education_status = 'Unknown')) or ((cd_marital_status = 'W') and (cd_education_status = 'Advanced Degree'))) and ((cd_education_status = 'Unknown') or (cd_education_status = 'Advanced Degree')) and ((cd_marital_status = 'M') or (cd_marital_status = 'W')) and cd_demo_sk is not null)
                                           TableScan [TS_12] (rows=1861800 width=385)
                                             default@customer_demographics,customer_demographics,Tbl:COMPLETE,Col:NONE,Output:["cd_demo_sk","cd_marital_status","cd_education_status"]
                                   <-Map 9 [SIMPLE_EDGE]
@@ -141,7 +141,7 @@ Stage-0
                                       Select Operator [SEL_11] (rows=80000000 width=860)
                                         Output:["_col0","_col1","_col2","_col3"]
                                         Filter Operator [FIL_73] (rows=80000000 width=860)
-                                          predicate:(c_customer_sk is not null and c_current_addr_sk is not null and c_current_cdemo_sk is not null and c_current_hdemo_sk is not null)
+                                          predicate:(c_current_addr_sk is not null and c_current_cdemo_sk is not null and c_current_hdemo_sk is not null and c_customer_sk is not null)
                                           TableScan [TS_9] (rows=80000000 width=860)
                                             default@customer,customer,Tbl:COMPLETE,Col:NONE,Output:["c_customer_sk","c_current_cdemo_sk","c_current_hdemo_sk","c_current_addr_sk"]
                     <-Reducer 3 [SIMPLE_EDGE]
@@ -178,7 +178,7 @@ Stage-0
                                 Select Operator [SEL_5] (rows=18262 width=1119)
                                   Output:["_col0"]
                                   Filter Operator [FIL_71] (rows=18262 width=1119)
-                                    predicate:((d_year = 1999) and (d_moy = 11) and d_date_sk is not null)
+                                    predicate:((d_moy = 11) and (d_year = 1999) and d_date_sk is not null)
                                     TableScan [TS_3] (rows=73049 width=1119)
                                       default@date_dim,date_dim,Tbl:COMPLETE,Col:NONE,Output:["d_date_sk","d_year","d_moy"]
 
diff --git a/ql/src/test/results/clientpositive/perf/query93.q.out b/ql/src/test/results/clientpositive/perf/query93.q.out
index fc58396c3c..ca55d1c2c7 100644
--- a/ql/src/test/results/clientpositive/perf/query93.q.out
+++ b/ql/src/test/results/clientpositive/perf/query93.q.out
@@ -83,7 +83,7 @@ Stage-0
                               Select Operator [SEL_2] (rows=57591150 width=77)
                                 Output:["_col0","_col1","_col2","_col3"]
                                 Filter Operator [FIL_30] (rows=57591150 width=77)
-                                  predicate:(sr_reason_sk is not null and sr_item_sk is not null and sr_ticket_number is not null)
+                                  predicate:(sr_item_sk is not null and sr_reason_sk is not null and sr_ticket_number is not null)
                                   TableScan [TS_0] (rows=57591150 width=77)
                                     default@store_returns,store_returns,Tbl:COMPLETE,Col:NONE,Output:["sr_item_sk","sr_reason_sk","sr_ticket_number","sr_return_quantity"]
                           <-Map 6 [SIMPLE_EDGE]
diff --git a/ql/src/test/results/clientpositive/perf/query94.q.out b/ql/src/test/results/clientpositive/perf/query94.q.out
index b76fed37e4..8a9e5ca263 100644
--- a/ql/src/test/results/clientpositive/perf/query94.q.out
+++ b/ql/src/test/results/clientpositive/perf/query94.q.out
@@ -173,7 +173,7 @@ Stage-0
                                                   Select Operator [SEL_2] (rows=144002668 width=135)
                                                     Output:["_col0","_col1","_col2","_col3","_col4","_col5","_col6"]
                                                     Filter Operator [FIL_67] (rows=144002668 width=135)
-                                                      predicate:(ws_ship_date_sk is not null and ws_ship_addr_sk is not null and ws_web_site_sk is not null)
+                                                      predicate:(ws_ship_addr_sk is not null and ws_ship_date_sk is not null and ws_web_site_sk is not null)
                                                       TableScan [TS_0] (rows=144002668 width=135)
                                                         default@web_sales,ws1,Tbl:COMPLETE,Col:NONE,Output:["ws_ship_date_sk","ws_ship_addr_sk","ws_web_site_sk","ws_warehouse_sk","ws_order_number","ws_ext_ship_cost","ws_net_profit"]
                                               <-Map 9 [SIMPLE_EDGE]
diff --git a/ql/src/test/results/clientpositive/perf/query95.q.out b/ql/src/test/results/clientpositive/perf/query95.q.out
index 8264f09afc..dd3e3443e9 100644
--- a/ql/src/test/results/clientpositive/perf/query95.q.out
+++ b/ql/src/test/results/clientpositive/perf/query95.q.out
@@ -216,7 +216,7 @@ Stage-0
                                             Select Operator [SEL_2] (rows=144002668 width=135)
                                               Output:["_col0","_col1","_col2","_col3","_col4","_col5"]
                                               Filter Operator [FIL_106] (rows=144002668 width=135)
-                                                predicate:(ws_order_number is not null and ws_ship_date_sk is not null and ws_ship_addr_sk is not null and ws_web_site_sk is not null)
+                                                predicate:(ws_order_number is not null and ws_ship_addr_sk is not null and ws_ship_date_sk is not null and ws_web_site_sk is not null)
                                                 TableScan [TS_0] (rows=144002668 width=135)
                                                   default@web_sales,ws1,Tbl:COMPLETE,Col:NONE,Output:["ws_ship_date_sk","ws_ship_addr_sk","ws_web_site_sk","ws_order_number","ws_ext_ship_cost","ws_net_profit"]
                                         <-Map 9 [SIMPLE_EDGE]
diff --git a/ql/src/test/results/clientpositive/perf/query97.q.out b/ql/src/test/results/clientpositive/perf/query97.q.out
index 81589f74d0..0388e61fb0 100644
--- a/ql/src/test/results/clientpositive/perf/query97.q.out
+++ b/ql/src/test/results/clientpositive/perf/query97.q.out
@@ -92,7 +92,7 @@ Stage-0
                                 Select Operator [SEL_5] (rows=8116 width=1119)
                                   Output:["_col0"]
                                   Filter Operator [FIL_44] (rows=8116 width=1119)
-                                    predicate:(d_month_seq BETWEEN 1212 AND 1223 and d_date_sk is not null)
+                                    predicate:(d_date_sk is not null and d_month_seq BETWEEN 1212 AND 1223)
                                     TableScan [TS_3] (rows=73049 width=1119)
                                       default@date_dim,date_dim,Tbl:COMPLETE,Col:NONE,Output:["d_date_sk","d_month_seq"]
                             <-Map 1 [SIMPLE_EDGE]
diff --git a/ql/src/test/results/clientpositive/perf/query99.q.out b/ql/src/test/results/clientpositive/perf/query99.q.out
index e3e6bbea9e..db6bd04087 100644
--- a/ql/src/test/results/clientpositive/perf/query99.q.out
+++ b/ql/src/test/results/clientpositive/perf/query99.q.out
@@ -149,7 +149,7 @@ Stage-0
                                         Select Operator [SEL_2] (rows=287989836 width=135)
                                           Output:["_col0","_col1","_col2","_col3","_col4"]
                                           Filter Operator [FIL_52] (rows=287989836 width=135)
-                                            predicate:(cs_warehouse_sk is not null and cs_ship_mode_sk is not null and cs_call_center_sk is not null and cs_ship_date_sk is not null)
+                                            predicate:(cs_call_center_sk is not null and cs_ship_date_sk is not null and cs_ship_mode_sk is not null and cs_warehouse_sk is not null)
                                             TableScan [TS_0] (rows=287989836 width=135)
                                               default@catalog_sales,catalog_sales,Tbl:COMPLETE,Col:NONE,Output:["cs_sold_date_sk","cs_ship_date_sk","cs_call_center_sk","cs_ship_mode_sk","cs_warehouse_sk"]
                                     <-Map 8 [SIMPLE_EDGE]
@@ -158,7 +158,7 @@ Stage-0
                                         Select Operator [SEL_5] (rows=8116 width=1119)
                                           Output:["_col0"]
                                           Filter Operator [FIL_53] (rows=8116 width=1119)
-                                            predicate:(d_month_seq BETWEEN 1212 AND 1223 and d_date_sk is not null)
+                                            predicate:(d_date_sk is not null and d_month_seq BETWEEN 1212 AND 1223)
                                             TableScan [TS_3] (rows=73049 width=1119)
                                               default@date_dim,date_dim,Tbl:COMPLETE,Col:NONE,Output:["d_date_sk","d_month_seq"]
 
diff --git a/ql/src/test/results/clientpositive/pointlookup.q.out b/ql/src/test/results/clientpositive/pointlookup.q.out
index 78dd7bc59b..4b58eb70c6 100644
--- a/ql/src/test/results/clientpositive/pointlookup.q.out
+++ b/ql/src/test/results/clientpositive/pointlookup.q.out
@@ -44,7 +44,7 @@ STAGE PLANS:
             alias: src
             Statistics: Num rows: 500 Data size: 5312 Basic stats: COMPLETE Column stats: NONE
             Filter Operator
-              predicate: (((key = '0') and (value = '8')) or ((key = '1') and (value = '5')) or ((key = '2') and (value = '6')) or ((key = '3') and (value = '8')) or ((key = '4') and (value = '1')) or ((key = '5') and (value = '6')) or ((key = '6') and (value = '1')) or ((key = '7') and (value = '1')) or ((key = '8') and (value = '1')) or ((key = '9') and (value = '1')) or ((key = '10') and (value = '3'))) (type: boolean)
+              predicate: (((key = '0') and (value = '8')) or ((key = '1') and (value = '5')) or ((key = '10') and (value = '3')) or ((key = '2') and (value = '6')) or ((key = '3') and (value = '8')) or ((key = '4') and (value = '1')) or ((key = '5') and (value = '6')) or ((key = '6') and (value = '1')) or ((key = '7') and (value = '1')) or ((key = '8') and (value = '1')) or ((key = '9') and (value = '1'))) (type: boolean)
               Statistics: Num rows: 500 Data size: 5312 Basic stats: COMPLETE Column stats: NONE
               Select Operator
                 expressions: key (type: string)
diff --git a/ql/src/test/results/clientpositive/ppd_clusterby.q.out b/ql/src/test/results/clientpositive/ppd_clusterby.q.out
index 903618df7d..617c28ad6e 100644
--- a/ql/src/test/results/clientpositive/ppd_clusterby.q.out
+++ b/ql/src/test/results/clientpositive/ppd_clusterby.q.out
@@ -75,7 +75,7 @@ STAGE PLANS:
             alias: x
             Statistics: Num rows: 500 Data size: 5312 Basic stats: COMPLETE Column stats: NONE
             Filter Operator
-              predicate: (key is not null and (key = 20)) (type: boolean)
+              predicate: ((key = 20) and key is not null) (type: boolean)
               Statistics: Num rows: 250 Data size: 2656 Basic stats: COMPLETE Column stats: NONE
               Reduce Output Operator
                 key expressions: key (type: string)
@@ -87,7 +87,7 @@ STAGE PLANS:
             alias: y
             Statistics: Num rows: 500 Data size: 5312 Basic stats: COMPLETE Column stats: NONE
             Filter Operator
-              predicate: (key is not null and (key = 20)) (type: boolean)
+              predicate: ((key = 20) and key is not null) (type: boolean)
               Statistics: Num rows: 250 Data size: 2656 Basic stats: COMPLETE Column stats: NONE
               Reduce Output Operator
                 key expressions: key (type: string)
diff --git a/ql/src/test/results/clientpositive/ppd_gby.q.out b/ql/src/test/results/clientpositive/ppd_gby.q.out
index d211cf001e..c21e5a3435 100644
--- a/ql/src/test/results/clientpositive/ppd_gby.q.out
+++ b/ql/src/test/results/clientpositive/ppd_gby.q.out
@@ -44,7 +44,7 @@ STAGE PLANS:
           outputColumnNames: _col0, _col1
           Statistics: Num rows: 83 Data size: 881 Basic stats: COMPLETE Column stats: NONE
           Filter Operator
-            predicate: ((_col1 > 30) or (_col0 < 'val_400')) (type: boolean)
+            predicate: ((_col0 < 'val_400') or (_col1 > 30)) (type: boolean)
             Statistics: Num rows: 54 Data size: 573 Basic stats: COMPLETE Column stats: NONE
             Select Operator
               expressions: _col0 (type: string)
@@ -253,7 +253,7 @@ STAGE PLANS:
           outputColumnNames: _col0, _col1
           Statistics: Num rows: 83 Data size: 881 Basic stats: COMPLETE Column stats: NONE
           Filter Operator
-            predicate: ((_col1 > 30) or (_col0 < 'val_400')) (type: boolean)
+            predicate: ((_col0 < 'val_400') or (_col1 > 30)) (type: boolean)
             Statistics: Num rows: 54 Data size: 573 Basic stats: COMPLETE Column stats: NONE
             Select Operator
               expressions: _col0 (type: string)
diff --git a/ql/src/test/results/clientpositive/ppd_gby2.q.out b/ql/src/test/results/clientpositive/ppd_gby2.q.out
index 3bd242b33d..c65e5c9a4a 100644
--- a/ql/src/test/results/clientpositive/ppd_gby2.q.out
+++ b/ql/src/test/results/clientpositive/ppd_gby2.q.out
@@ -47,7 +47,7 @@ STAGE PLANS:
           outputColumnNames: _col0, _col1
           Statistics: Num rows: 83 Data size: 881 Basic stats: COMPLETE Column stats: NONE
           Filter Operator
-            predicate: ((_col1 > 30) or (_col0 < 'val_400')) (type: boolean)
+            predicate: ((_col0 < 'val_400') or (_col1 > 30)) (type: boolean)
             Statistics: Num rows: 54 Data size: 573 Basic stats: COMPLETE Column stats: NONE
             Group By Operator
               aggregations: max(_col0)
@@ -167,7 +167,7 @@ STAGE PLANS:
           outputColumnNames: _col0, _col1
           Statistics: Num rows: 83 Data size: 881 Basic stats: COMPLETE Column stats: NONE
           Filter Operator
-            predicate: ((_col1 > 30) or (_col0 < 'val_400')) (type: boolean)
+            predicate: ((_col0 < 'val_400') or (_col1 > 30)) (type: boolean)
             Statistics: Num rows: 54 Data size: 573 Basic stats: COMPLETE Column stats: NONE
             Group By Operator
               aggregations: max(_col0)
diff --git a/ql/src/test/results/clientpositive/ppd_gby_join.q.out b/ql/src/test/results/clientpositive/ppd_gby_join.q.out
index 85191742fb..75d0a6270d 100644
--- a/ql/src/test/results/clientpositive/ppd_gby_join.q.out
+++ b/ql/src/test/results/clientpositive/ppd_gby_join.q.out
@@ -31,7 +31,7 @@ STAGE PLANS:
             alias: src
             Statistics: Num rows: 500 Data size: 5312 Basic stats: COMPLETE Column stats: NONE
             Filter Operator
-              predicate: ((key < '400') and (key > '20') and ((value < 'val_50') or (key > '2')) and (key <> '4')) (type: boolean)
+              predicate: (((value < 'val_50') or (key > '2')) and (key < '400') and (key <> '4') and (key > '20')) (type: boolean)
               Statistics: Num rows: 36 Data size: 382 Basic stats: COMPLETE Column stats: NONE
               Select Operator
                 expressions: key (type: string)
@@ -67,7 +67,7 @@ STAGE PLANS:
           outputColumnNames: _col0, _col1
           Statistics: Num rows: 60 Data size: 642 Basic stats: COMPLETE Column stats: NONE
           Filter Operator
-            predicate: ((_col1 > '50') or (_col0 < '50')) (type: boolean)
+            predicate: ((_col0 < '50') or (_col1 > '50')) (type: boolean)
             Statistics: Num rows: 40 Data size: 428 Basic stats: COMPLETE Column stats: NONE
             Select Operator
               expressions: _col0 (type: string)
@@ -301,7 +301,7 @@ STAGE PLANS:
             alias: src
             Statistics: Num rows: 500 Data size: 5312 Basic stats: COMPLETE Column stats: NONE
             Filter Operator
-              predicate: ((key < '400') and (key > '20') and ((value < 'val_50') or (key > '2')) and (key <> '4')) (type: boolean)
+              predicate: (((value < 'val_50') or (key > '2')) and (key < '400') and (key <> '4') and (key > '20')) (type: boolean)
               Statistics: Num rows: 36 Data size: 382 Basic stats: COMPLETE Column stats: NONE
               Select Operator
                 expressions: key (type: string)
@@ -337,7 +337,7 @@ STAGE PLANS:
           outputColumnNames: _col0, _col1
           Statistics: Num rows: 60 Data size: 642 Basic stats: COMPLETE Column stats: NONE
           Filter Operator
-            predicate: ((_col1 > '50') or (_col0 < '50')) (type: boolean)
+            predicate: ((_col0 < '50') or (_col1 > '50')) (type: boolean)
             Statistics: Num rows: 40 Data size: 428 Basic stats: COMPLETE Column stats: NONE
             Select Operator
               expressions: _col0 (type: string)
diff --git a/ql/src/test/results/clientpositive/ppd_join.q.out b/ql/src/test/results/clientpositive/ppd_join.q.out
index 0d0963383b..02aa5c2670 100644
--- a/ql/src/test/results/clientpositive/ppd_join.q.out
+++ b/ql/src/test/results/clientpositive/ppd_join.q.out
@@ -28,7 +28,7 @@ STAGE PLANS:
             alias: src
             Statistics: Num rows: 500 Data size: 5312 Basic stats: COMPLETE Column stats: NONE
             Filter Operator
-              predicate: ((key < '400') and (key > '20') and ((value < 'val_50') or (key > '2')) and (key <> '4')) (type: boolean)
+              predicate: (((value < 'val_50') or (key > '2')) and (key < '400') and (key <> '4') and (key > '20')) (type: boolean)
               Statistics: Num rows: 36 Data size: 382 Basic stats: COMPLETE Column stats: NONE
               Select Operator
                 expressions: key (type: string)
@@ -65,7 +65,7 @@ STAGE PLANS:
           outputColumnNames: _col0, _col1, _col2
           Statistics: Num rows: 60 Data size: 642 Basic stats: COMPLETE Column stats: NONE
           Filter Operator
-            predicate: ((_col1 > '50') or (_col0 < '50')) (type: boolean)
+            predicate: ((_col0 < '50') or (_col1 > '50')) (type: boolean)
             Statistics: Num rows: 40 Data size: 428 Basic stats: COMPLETE Column stats: NONE
             Select Operator
               expressions: _col0 (type: string), _col2 (type: string)
@@ -553,7 +553,7 @@ STAGE PLANS:
             alias: src
             Statistics: Num rows: 500 Data size: 5312 Basic stats: COMPLETE Column stats: NONE
             Filter Operator
-              predicate: ((key < '400') and (key > '20') and ((value < 'val_50') or (key > '2')) and (key <> '4')) (type: boolean)
+              predicate: (((value < 'val_50') or (key > '2')) and (key < '400') and (key <> '4') and (key > '20')) (type: boolean)
               Statistics: Num rows: 36 Data size: 382 Basic stats: COMPLETE Column stats: NONE
               Select Operator
                 expressions: key (type: string)
@@ -590,7 +590,7 @@ STAGE PLANS:
           outputColumnNames: _col0, _col1, _col2
           Statistics: Num rows: 60 Data size: 642 Basic stats: COMPLETE Column stats: NONE
           Filter Operator
-            predicate: ((_col1 > '50') or (_col0 < '50')) (type: boolean)
+            predicate: ((_col0 < '50') or (_col1 > '50')) (type: boolean)
             Statistics: Num rows: 40 Data size: 428 Basic stats: COMPLETE Column stats: NONE
             Select Operator
               expressions: _col0 (type: string), _col2 (type: string)
diff --git a/ql/src/test/results/clientpositive/ppd_join2.q.out b/ql/src/test/results/clientpositive/ppd_join2.q.out
index 279435a37c..146478a513 100644
--- a/ql/src/test/results/clientpositive/ppd_join2.q.out
+++ b/ql/src/test/results/clientpositive/ppd_join2.q.out
@@ -35,7 +35,7 @@ STAGE PLANS:
             alias: src
             Statistics: Num rows: 500 Data size: 5312 Basic stats: COMPLETE Column stats: NONE
             Filter Operator
-              predicate: ((key <> '305') and (key <> '302') and (key < '400') and (key <> '14') and (key <> '311')) (type: boolean)
+              predicate: ((key < '400') and (key <> '14') and (key <> '302') and (key <> '305') and (key <> '311')) (type: boolean)
               Statistics: Num rows: 166 Data size: 1763 Basic stats: COMPLETE Column stats: NONE
               Select Operator
                 expressions: key (type: string), value (type: string)
@@ -51,7 +51,7 @@ STAGE PLANS:
             alias: src
             Statistics: Num rows: 500 Data size: 5312 Basic stats: COMPLETE Column stats: NONE
             Filter Operator
-              predicate: ((key <> '302') and (key < '400') and (key <> '305') and (key <> '311') and ((value <> 'val_50') or (key > '1')) and (key <> '14') and value is not null) (type: boolean)
+              predicate: (((value <> 'val_50') or (key > '1')) and (key < '400') and (key <> '14') and (key <> '302') and (key <> '305') and (key <> '311') and value is not null) (type: boolean)
               Statistics: Num rows: 166 Data size: 1763 Basic stats: COMPLETE Column stats: NONE
               Select Operator
                 expressions: key (type: string), value (type: string)
@@ -1715,7 +1715,7 @@ STAGE PLANS:
             alias: src
             Statistics: Num rows: 500 Data size: 5312 Basic stats: COMPLETE Column stats: NONE
             Filter Operator
-              predicate: ((key <> '305') and (key <> '302') and (key < '400') and (key <> '14') and (key <> '311')) (type: boolean)
+              predicate: ((key < '400') and (key <> '14') and (key <> '302') and (key <> '305') and (key <> '311')) (type: boolean)
               Statistics: Num rows: 166 Data size: 1763 Basic stats: COMPLETE Column stats: NONE
               Select Operator
                 expressions: key (type: string), value (type: string)
@@ -1731,7 +1731,7 @@ STAGE PLANS:
             alias: src
             Statistics: Num rows: 500 Data size: 5312 Basic stats: COMPLETE Column stats: NONE
             Filter Operator
-              predicate: ((key <> '302') and (key < '400') and (key <> '305') and (key <> '311') and ((value <> 'val_50') or (key > '1')) and (key <> '14') and value is not null) (type: boolean)
+              predicate: (((value <> 'val_50') or (key > '1')) and (key < '400') and (key <> '14') and (key <> '302') and (key <> '305') and (key <> '311') and value is not null) (type: boolean)
               Statistics: Num rows: 166 Data size: 1763 Basic stats: COMPLETE Column stats: NONE
               Select Operator
                 expressions: key (type: string), value (type: string)
diff --git a/ql/src/test/results/clientpositive/ppd_join3.q.out b/ql/src/test/results/clientpositive/ppd_join3.q.out
index cdf887e64a..4a53e6178d 100644
--- a/ql/src/test/results/clientpositive/ppd_join3.q.out
+++ b/ql/src/test/results/clientpositive/ppd_join3.q.out
@@ -34,7 +34,7 @@ STAGE PLANS:
             alias: src
             Statistics: Num rows: 500 Data size: 5312 Basic stats: COMPLETE Column stats: NONE
             Filter Operator
-              predicate: ((key <> '13') and (key <> '11') and (key < '400') and (key <> '12') and (key <> '1') and (key > '0') and (key <> '4')) (type: boolean)
+              predicate: ((key < '400') and (key <> '1') and (key <> '11') and (key <> '12') and (key <> '13') and (key <> '4') and (key > '0')) (type: boolean)
               Statistics: Num rows: 55 Data size: 584 Basic stats: COMPLETE Column stats: NONE
               Select Operator
                 expressions: key (type: string)
@@ -49,7 +49,7 @@ STAGE PLANS:
             alias: src
             Statistics: Num rows: 500 Data size: 5312 Basic stats: COMPLETE Column stats: NONE
             Filter Operator
-              predicate: ((key <> '11') and (key < '400') and (key <> '12') and (key <> '13') and (key > '0') and ((value <> 'val_500') or (key > '1')) and (key <> '4') and (key <> '1')) (type: boolean)
+              predicate: (((value <> 'val_500') or (key > '1')) and (key < '400') and (key <> '1') and (key <> '11') and (key <> '12') and (key <> '13') and (key <> '4') and (key > '0')) (type: boolean)
               Statistics: Num rows: 55 Data size: 584 Basic stats: COMPLETE Column stats: NONE
               Select Operator
                 expressions: key (type: string)
@@ -64,7 +64,7 @@ STAGE PLANS:
             alias: src
             Statistics: Num rows: 500 Data size: 5312 Basic stats: COMPLETE Column stats: NONE
             Filter Operator
-              predicate: ((key <> '12') and (key <> '11') and (key < '400') and (key <> '13') and (key <> '4') and (key > '0') and (key <> '1')) (type: boolean)
+              predicate: ((key < '400') and (key <> '1') and (key <> '11') and (key <> '12') and (key <> '13') and (key <> '4') and (key > '0')) (type: boolean)
               Statistics: Num rows: 55 Data size: 584 Basic stats: COMPLETE Column stats: NONE
               Select Operator
                 expressions: key (type: string), value (type: string)
@@ -88,7 +88,7 @@ STAGE PLANS:
           outputColumnNames: _col1, _col2, _col3
           Statistics: Num rows: 121 Data size: 1284 Basic stats: COMPLETE Column stats: NONE
           Filter Operator
-            predicate: ((_col2 > '10') or (_col1 <> '10')) (type: boolean)
+            predicate: ((_col1 <> '10') or (_col2 > '10')) (type: boolean)
             Statistics: Num rows: 121 Data size: 1284 Basic stats: COMPLETE Column stats: NONE
             Select Operator
               expressions: _col1 (type: string), _col3 (type: string)
@@ -1745,7 +1745,7 @@ STAGE PLANS:
             alias: src
             Statistics: Num rows: 500 Data size: 5312 Basic stats: COMPLETE Column stats: NONE
             Filter Operator
-              predicate: ((key <> '13') and (key <> '11') and (key < '400') and (key <> '12') and (key <> '1') and (key > '0') and (key <> '4')) (type: boolean)
+              predicate: ((key < '400') and (key <> '1') and (key <> '11') and (key <> '12') and (key <> '13') and (key <> '4') and (key > '0')) (type: boolean)
               Statistics: Num rows: 55 Data size: 584 Basic stats: COMPLETE Column stats: NONE
               Select Operator
                 expressions: key (type: string)
@@ -1760,7 +1760,7 @@ STAGE PLANS:
             alias: src
             Statistics: Num rows: 500 Data size: 5312 Basic stats: COMPLETE Column stats: NONE
             Filter Operator
-              predicate: ((key <> '11') and (key < '400') and (key <> '12') and (key <> '13') and (key > '0') and ((value <> 'val_500') or (key > '1')) and (key <> '4') and (key <> '1')) (type: boolean)
+              predicate: (((value <> 'val_500') or (key > '1')) and (key < '400') and (key <> '1') and (key <> '11') and (key <> '12') and (key <> '13') and (key <> '4') and (key > '0')) (type: boolean)
               Statistics: Num rows: 55 Data size: 584 Basic stats: COMPLETE Column stats: NONE
               Select Operator
                 expressions: key (type: string)
@@ -1775,7 +1775,7 @@ STAGE PLANS:
             alias: src
             Statistics: Num rows: 500 Data size: 5312 Basic stats: COMPLETE Column stats: NONE
             Filter Operator
-              predicate: ((key <> '12') and (key <> '11') and (key < '400') and (key <> '13') and (key <> '4') and (key > '0') and (key <> '1')) (type: boolean)
+              predicate: ((key < '400') and (key <> '1') and (key <> '11') and (key <> '12') and (key <> '13') and (key <> '4') and (key > '0')) (type: boolean)
               Statistics: Num rows: 55 Data size: 584 Basic stats: COMPLETE Column stats: NONE
               Select Operator
                 expressions: key (type: string), value (type: string)
@@ -1799,7 +1799,7 @@ STAGE PLANS:
           outputColumnNames: _col1, _col2, _col3
           Statistics: Num rows: 121 Data size: 1284 Basic stats: COMPLETE Column stats: NONE
           Filter Operator
-            predicate: ((_col2 > '10') or (_col1 <> '10')) (type: boolean)
+            predicate: ((_col1 <> '10') or (_col2 > '10')) (type: boolean)
             Statistics: Num rows: 121 Data size: 1284 Basic stats: COMPLETE Column stats: NONE
             Select Operator
               expressions: _col1 (type: string), _col3 (type: string)
diff --git a/ql/src/test/results/clientpositive/ppd_join4.q.out b/ql/src/test/results/clientpositive/ppd_join4.q.out
index 7557ced44e..47cea8b929 100644
--- a/ql/src/test/results/clientpositive/ppd_join4.q.out
+++ b/ql/src/test/results/clientpositive/ppd_join4.q.out
@@ -56,7 +56,7 @@ STAGE PLANS:
             alias: test_tbl
             Statistics: Num rows: 1 Data size: 0 Basic stats: PARTIAL Column stats: NONE
             Filter Operator
-              predicate: ((name = 'c') and (id = 'a')) (type: boolean)
+              predicate: ((id = 'a') and (name = 'c')) (type: boolean)
               Statistics: Num rows: 1 Data size: 0 Basic stats: PARTIAL Column stats: NONE
               Select Operator
                 Statistics: Num rows: 1 Data size: 0 Basic stats: PARTIAL Column stats: NONE
diff --git a/ql/src/test/results/clientpositive/ppd_join5.q.out b/ql/src/test/results/clientpositive/ppd_join5.q.out
index 1cd3a7a423..ca17699ca3 100644
--- a/ql/src/test/results/clientpositive/ppd_join5.q.out
+++ b/ql/src/test/results/clientpositive/ppd_join5.q.out
@@ -253,7 +253,7 @@ STAGE PLANS:
           outputColumnNames: _col0, _col1, _col2, _col4
           Statistics: Num rows: 1 Data size: 7 Basic stats: COMPLETE Column stats: NONE
           Filter Operator
-            predicate: ((_col4 > 1) or (_col2 > 1)) (type: boolean)
+            predicate: ((_col2 > 1) or (_col4 > 1)) (type: boolean)
             Statistics: Num rows: 1 Data size: 7 Basic stats: COMPLETE Column stats: NONE
             Select Operator
               expressions: _col0 (type: string), _col1 (type: string), _col4 (type: int), _col2 (type: int)
diff --git a/ql/src/test/results/clientpositive/ppd_multi_insert.q.out b/ql/src/test/results/clientpositive/ppd_multi_insert.q.out
index 7e501c71c0..ab50ea1276 100644
--- a/ql/src/test/results/clientpositive/ppd_multi_insert.q.out
+++ b/ql/src/test/results/clientpositive/ppd_multi_insert.q.out
@@ -106,7 +106,7 @@ STAGE PLANS:
                     serde: org.apache.hadoop.hive.serde2.lazy.LazySimpleSerDe
                     name: default.mi1
           Filter Operator
-            predicate: ((_col0 >= 100) and (_col0 < 200)) (type: boolean)
+            predicate: ((_col0 < 200) and (_col0 >= 100)) (type: boolean)
             Statistics: Num rows: 61 Data size: 648 Basic stats: COMPLETE Column stats: NONE
             Select Operator
               expressions: UDFToInteger(_col0) (type: int), _col1 (type: string)
@@ -121,7 +121,7 @@ STAGE PLANS:
                     serde: org.apache.hadoop.hive.serde2.lazy.LazySimpleSerDe
                     name: default.mi2
           Filter Operator
-            predicate: ((_col0 >= 200) and (_col0 < 300)) (type: boolean)
+            predicate: ((_col0 < 300) and (_col0 >= 200)) (type: boolean)
             Statistics: Num rows: 61 Data size: 648 Basic stats: COMPLETE Column stats: NONE
             Select Operator
               expressions: UDFToInteger(_col0) (type: int)
@@ -1371,7 +1371,7 @@ STAGE PLANS:
                     serde: org.apache.hadoop.hive.serde2.lazy.LazySimpleSerDe
                     name: default.mi1
           Filter Operator
-            predicate: ((_col0 >= 100) and (_col0 < 200)) (type: boolean)
+            predicate: ((_col0 < 200) and (_col0 >= 100)) (type: boolean)
             Statistics: Num rows: 61 Data size: 648 Basic stats: COMPLETE Column stats: NONE
             Select Operator
               expressions: UDFToInteger(_col0) (type: int), _col1 (type: string)
@@ -1386,7 +1386,7 @@ STAGE PLANS:
                     serde: org.apache.hadoop.hive.serde2.lazy.LazySimpleSerDe
                     name: default.mi2
           Filter Operator
-            predicate: ((_col0 >= 200) and (_col0 < 300)) (type: boolean)
+            predicate: ((_col0 < 300) and (_col0 >= 200)) (type: boolean)
             Statistics: Num rows: 61 Data size: 648 Basic stats: COMPLETE Column stats: NONE
             Select Operator
               expressions: UDFToInteger(_col0) (type: int)
diff --git a/ql/src/test/results/clientpositive/ppd_outer_join1.q.out b/ql/src/test/results/clientpositive/ppd_outer_join1.q.out
index 38da828f1d..5a8fb32515 100644
--- a/ql/src/test/results/clientpositive/ppd_outer_join1.q.out
+++ b/ql/src/test/results/clientpositive/ppd_outer_join1.q.out
@@ -44,7 +44,7 @@ STAGE PLANS:
             alias: b
             Statistics: Num rows: 500 Data size: 5312 Basic stats: COMPLETE Column stats: NONE
             Filter Operator
-              predicate: ((UDFToDouble(key) > 15.0) and (UDFToDouble(key) < 20.0)) (type: boolean)
+              predicate: ((UDFToDouble(key) < 20.0) and (UDFToDouble(key) > 15.0)) (type: boolean)
               Statistics: Num rows: 55 Data size: 584 Basic stats: COMPLETE Column stats: NONE
               Select Operator
                 expressions: key (type: string), value (type: string)
@@ -151,7 +151,7 @@ STAGE PLANS:
             alias: b
             Statistics: Num rows: 500 Data size: 5312 Basic stats: COMPLETE Column stats: NONE
             Filter Operator
-              predicate: ((UDFToDouble(key) > 15.0) and (UDFToDouble(key) < 20.0)) (type: boolean)
+              predicate: ((UDFToDouble(key) < 20.0) and (UDFToDouble(key) > 15.0)) (type: boolean)
               Statistics: Num rows: 55 Data size: 584 Basic stats: COMPLETE Column stats: NONE
               Select Operator
                 expressions: key (type: string), value (type: string)
diff --git a/ql/src/test/results/clientpositive/ppd_outer_join2.q.out b/ql/src/test/results/clientpositive/ppd_outer_join2.q.out
index 403e8834d0..efbc020183 100644
--- a/ql/src/test/results/clientpositive/ppd_outer_join2.q.out
+++ b/ql/src/test/results/clientpositive/ppd_outer_join2.q.out
@@ -44,7 +44,7 @@ STAGE PLANS:
             alias: b
             Statistics: Num rows: 500 Data size: 5312 Basic stats: COMPLETE Column stats: NONE
             Filter Operator
-              predicate: ((key > '15') and (key < '20')) (type: boolean)
+              predicate: ((key < '20') and (key > '15')) (type: boolean)
               Statistics: Num rows: 55 Data size: 584 Basic stats: COMPLETE Column stats: NONE
               Select Operator
                 expressions: key (type: string), value (type: string)
@@ -271,7 +271,7 @@ STAGE PLANS:
             alias: b
             Statistics: Num rows: 500 Data size: 5312 Basic stats: COMPLETE Column stats: NONE
             Filter Operator
-              predicate: ((key > '15') and (key < '20')) (type: boolean)
+              predicate: ((key < '20') and (key > '15')) (type: boolean)
               Statistics: Num rows: 55 Data size: 584 Basic stats: COMPLETE Column stats: NONE
               Select Operator
                 expressions: key (type: string), value (type: string)
diff --git a/ql/src/test/results/clientpositive/ppd_outer_join3.q.out b/ql/src/test/results/clientpositive/ppd_outer_join3.q.out
index f7d5a0c883..4dcf288a7a 100644
--- a/ql/src/test/results/clientpositive/ppd_outer_join3.q.out
+++ b/ql/src/test/results/clientpositive/ppd_outer_join3.q.out
@@ -44,7 +44,7 @@ STAGE PLANS:
             alias: b
             Statistics: Num rows: 500 Data size: 5312 Basic stats: COMPLETE Column stats: NONE
             Filter Operator
-              predicate: ((key > '15') and (key < '20')) (type: boolean)
+              predicate: ((key < '20') and (key > '15')) (type: boolean)
               Statistics: Num rows: 55 Data size: 584 Basic stats: COMPLETE Column stats: NONE
               Select Operator
                 expressions: key (type: string), value (type: string)
@@ -271,7 +271,7 @@ STAGE PLANS:
             alias: b
             Statistics: Num rows: 500 Data size: 5312 Basic stats: COMPLETE Column stats: NONE
             Filter Operator
-              predicate: ((key > '15') and (key < '20')) (type: boolean)
+              predicate: ((key < '20') and (key > '15')) (type: boolean)
               Statistics: Num rows: 55 Data size: 584 Basic stats: COMPLETE Column stats: NONE
               Select Operator
                 expressions: key (type: string), value (type: string)
diff --git a/ql/src/test/results/clientpositive/ppd_outer_join4.q.out b/ql/src/test/results/clientpositive/ppd_outer_join4.q.out
index 053acb5f0c..9b6eb6dd45 100644
--- a/ql/src/test/results/clientpositive/ppd_outer_join4.q.out
+++ b/ql/src/test/results/clientpositive/ppd_outer_join4.q.out
@@ -50,7 +50,7 @@ STAGE PLANS:
             alias: c
             Statistics: Num rows: 500 Data size: 5312 Basic stats: COMPLETE Column stats: NONE
             Filter Operator
-              predicate: ((sqrt(key) <> 13.0) and (key < '20') and (key > '15')) (type: boolean)
+              predicate: ((key < '20') and (key > '15') and (sqrt(key) <> 13.0)) (type: boolean)
               Statistics: Num rows: 55 Data size: 584 Basic stats: COMPLETE Column stats: NONE
               Select Operator
                 expressions: key (type: string)
@@ -65,7 +65,7 @@ STAGE PLANS:
             alias: b
             Statistics: Num rows: 500 Data size: 5312 Basic stats: COMPLETE Column stats: NONE
             Filter Operator
-              predicate: ((key > '15') and (key < '20') and (sqrt(key) <> 13.0)) (type: boolean)
+              predicate: ((key < '20') and (key > '15') and (sqrt(key) <> 13.0)) (type: boolean)
               Statistics: Num rows: 55 Data size: 584 Basic stats: COMPLETE Column stats: NONE
               Select Operator
                 expressions: key (type: string), value (type: string)
@@ -414,7 +414,7 @@ STAGE PLANS:
             alias: c
             Statistics: Num rows: 500 Data size: 5312 Basic stats: COMPLETE Column stats: NONE
             Filter Operator
-              predicate: ((sqrt(key) <> 13.0) and (key < '20') and (key > '15')) (type: boolean)
+              predicate: ((key < '20') and (key > '15') and (sqrt(key) <> 13.0)) (type: boolean)
               Statistics: Num rows: 55 Data size: 584 Basic stats: COMPLETE Column stats: NONE
               Select Operator
                 expressions: key (type: string)
@@ -429,7 +429,7 @@ STAGE PLANS:
             alias: b
             Statistics: Num rows: 500 Data size: 5312 Basic stats: COMPLETE Column stats: NONE
             Filter Operator
-              predicate: ((key > '15') and (key < '20') and (sqrt(key) <> 13.0)) (type: boolean)
+              predicate: ((key < '20') and (key > '15') and (sqrt(key) <> 13.0)) (type: boolean)
               Statistics: Num rows: 55 Data size: 584 Basic stats: COMPLETE Column stats: NONE
               Select Operator
                 expressions: key (type: string), value (type: string)
diff --git a/ql/src/test/results/clientpositive/ppd_udf_case.q.out b/ql/src/test/results/clientpositive/ppd_udf_case.q.out
index 3cf8e81897..fe056fbd0f 100644
--- a/ql/src/test/results/clientpositive/ppd_udf_case.q.out
+++ b/ql/src/test/results/clientpositive/ppd_udf_case.q.out
@@ -52,7 +52,7 @@ STAGE PLANS:
             alias: b
             Statistics: Num rows: 1000 Data size: 10624 Basic stats: COMPLETE Column stats: NONE
             Filter Operator
-              predicate: ((ds = '2008-04-08') and ('27' = key)) (type: boolean)
+              predicate: (('27' = key) and (ds = '2008-04-08')) (type: boolean)
               Statistics: Num rows: 500 Data size: 5312 Basic stats: COMPLETE Column stats: NONE
               Select Operator
                 expressions: value (type: string), hr (type: string)
diff --git a/ql/src/test/results/clientpositive/ppd_udf_col.q.out b/ql/src/test/results/clientpositive/ppd_udf_col.q.out
index 6b1f114d3f..9a6f62c475 100644
--- a/ql/src/test/results/clientpositive/ppd_udf_col.q.out
+++ b/ql/src/test/results/clientpositive/ppd_udf_col.q.out
@@ -153,7 +153,7 @@ STAGE PLANS:
             alias: src
             Statistics: Num rows: 500 Data size: 5312 Basic stats: COMPLETE Column stats: NONE
             Filter Operator
-              predicate: ((UDFToDouble(key) = 100.0) and ((UDFToDouble(value) * 10.0) <= 200.0)) (type: boolean)
+              predicate: (((UDFToDouble(value) * 10.0) <= 200.0) and (UDFToDouble(key) = 100.0)) (type: boolean)
               Statistics: Num rows: 83 Data size: 881 Basic stats: COMPLETE Column stats: NONE
               Select Operator
                 expressions: key (type: string), rand() (type: double), (UDFToDouble(value) * 10.0) (type: double)
@@ -328,7 +328,7 @@ STAGE PLANS:
             alias: src
             Statistics: Num rows: 500 Data size: 5312 Basic stats: COMPLETE Column stats: NONE
             Filter Operator
-              predicate: ((UDFToDouble(key) = 100.0) and ((UDFToDouble(value) * 10.0) <= 200.0)) (type: boolean)
+              predicate: (((UDFToDouble(value) * 10.0) <= 200.0) and (UDFToDouble(key) = 100.0)) (type: boolean)
               Statistics: Num rows: 83 Data size: 881 Basic stats: COMPLETE Column stats: NONE
               Select Operator
                 expressions: key (type: string), rand() (type: double), (UDFToDouble(value) * 10.0) (type: double)
diff --git a/ql/src/test/results/clientpositive/ppr_allchildsarenull.q.out b/ql/src/test/results/clientpositive/ppr_allchildsarenull.q.out
index 3d9d5728eb..d191d04192 100644
--- a/ql/src/test/results/clientpositive/ppr_allchildsarenull.q.out
+++ b/ql/src/test/results/clientpositive/ppr_allchildsarenull.q.out
@@ -223,7 +223,7 @@ STAGE PLANS:
             GatherStats: false
             Filter Operator
               isSamplingPred: false
-              predicate: ((ds = '2008-04-08') and ((value like 'aaa%') or (value like 'vvv%'))) (type: boolean)
+              predicate: (((value like 'aaa%') or (value like 'vvv%')) and (ds = '2008-04-08')) (type: boolean)
               Statistics: Num rows: 2000 Data size: 21248 Basic stats: COMPLETE Column stats: NONE
               Select Operator
                 expressions: UDFToInteger(key) (type: int), value (type: string)
diff --git a/ql/src/test/results/clientpositive/quote1.q.out b/ql/src/test/results/clientpositive/quote1.q.out
index f8592c4e00..f873dc34c6 100644
--- a/ql/src/test/results/clientpositive/quote1.q.out
+++ b/ql/src/test/results/clientpositive/quote1.q.out
@@ -32,7 +32,7 @@ STAGE PLANS:
             alias: src
             Statistics: Num rows: 500 Data size: 5312 Basic stats: COMPLETE Column stats: NONE
             Filter Operator
-              predicate: ((UDFToDouble(key) >= 200.0) and (UDFToDouble(key) < 300.0)) (type: boolean)
+              predicate: ((UDFToDouble(key) < 300.0) and (UDFToDouble(key) >= 200.0)) (type: boolean)
               Statistics: Num rows: 55 Data size: 584 Basic stats: COMPLETE Column stats: NONE
               Select Operator
                 expressions: UDFToInteger(key) (type: int), value (type: string)
diff --git a/ql/src/test/results/clientpositive/rand_partitionpruner3.q.out b/ql/src/test/results/clientpositive/rand_partitionpruner3.q.out
index c3415c4df0..96e8e45b55 100644
--- a/ql/src/test/results/clientpositive/rand_partitionpruner3.q.out
+++ b/ql/src/test/results/clientpositive/rand_partitionpruner3.q.out
@@ -63,7 +63,7 @@ STAGE PLANS:
           GatherStats: false
           Filter Operator
             isSamplingPred: false
-            predicate: ((rand(1) < 0.1) and (UDFToDouble(key) <= 50.0) and (UDFToDouble(key) >= 10.0)) (type: boolean)
+            predicate: ((UDFToDouble(key) <= 50.0) and (UDFToDouble(key) >= 10.0) and (rand(1) < 0.1)) (type: boolean)
             Statistics: Num rows: 18 Data size: 191 Basic stats: COMPLETE Column stats: NONE
             Select Operator
               expressions: key (type: string), value (type: string), '2008-04-08' (type: string), hr (type: string)
diff --git a/ql/src/test/results/clientpositive/rcfile_null_value.q.out b/ql/src/test/results/clientpositive/rcfile_null_value.q.out
index 12b714088a..c6a4a18370 100644
--- a/ql/src/test/results/clientpositive/rcfile_null_value.q.out
+++ b/ql/src/test/results/clientpositive/rcfile_null_value.q.out
@@ -116,7 +116,7 @@ STAGE PLANS:
             alias: src2
             Statistics: Num rows: 500 Data size: 5312 Basic stats: COMPLETE Column stats: NONE
             Filter Operator
-              predicate: ((UDFToDouble(key) > 15.0) and (UDFToDouble(key) < 25.0)) (type: boolean)
+              predicate: ((UDFToDouble(key) < 25.0) and (UDFToDouble(key) > 15.0)) (type: boolean)
               Statistics: Num rows: 55 Data size: 584 Basic stats: COMPLETE Column stats: NONE
               Select Operator
                 expressions: key (type: string), value (type: string)
diff --git a/ql/src/test/results/clientpositive/router_join_ppr.q.out b/ql/src/test/results/clientpositive/router_join_ppr.q.out
index 615d61abae..b1fa29cb10 100644
--- a/ql/src/test/results/clientpositive/router_join_ppr.q.out
+++ b/ql/src/test/results/clientpositive/router_join_ppr.q.out
@@ -51,7 +51,7 @@ STAGE PLANS:
             GatherStats: false
             Filter Operator
               isSamplingPred: false
-              predicate: ((UDFToDouble(key) > 15.0) and (UDFToDouble(key) < 20.0)) (type: boolean)
+              predicate: ((UDFToDouble(key) < 20.0) and (UDFToDouble(key) > 15.0)) (type: boolean)
               Statistics: Num rows: 111 Data size: 1179 Basic stats: COMPLETE Column stats: NONE
               Select Operator
                 expressions: key (type: string), value (type: string)
@@ -345,7 +345,7 @@ STAGE PLANS:
             GatherStats: false
             Filter Operator
               isSamplingPred: false
-              predicate: ((UDFToDouble(key) > 15.0) and (UDFToDouble(key) < 20.0)) (type: boolean)
+              predicate: ((UDFToDouble(key) < 20.0) and (UDFToDouble(key) > 15.0)) (type: boolean)
               Statistics: Num rows: 55 Data size: 584 Basic stats: COMPLETE Column stats: NONE
               Select Operator
                 expressions: key (type: string), value (type: string)
@@ -643,7 +643,7 @@ STAGE PLANS:
             GatherStats: false
             Filter Operator
               isSamplingPred: false
-              predicate: ((UDFToDouble(key) > 15.0) and (UDFToDouble(key) < 20.0)) (type: boolean)
+              predicate: ((UDFToDouble(key) < 20.0) and (UDFToDouble(key) > 15.0)) (type: boolean)
               Statistics: Num rows: 111 Data size: 1179 Basic stats: COMPLETE Column stats: NONE
               Select Operator
                 expressions: key (type: string), value (type: string)
@@ -937,7 +937,7 @@ STAGE PLANS:
             GatherStats: false
             Filter Operator
               isSamplingPred: false
-              predicate: ((UDFToDouble(key) > 15.0) and (UDFToDouble(key) < 20.0)) (type: boolean)
+              predicate: ((UDFToDouble(key) < 20.0) and (UDFToDouble(key) > 15.0)) (type: boolean)
               Statistics: Num rows: 55 Data size: 584 Basic stats: COMPLETE Column stats: NONE
               Select Operator
                 expressions: key (type: string), value (type: string)
diff --git a/ql/src/test/results/clientpositive/sample8.q.out b/ql/src/test/results/clientpositive/sample8.q.out
index 2f0afb404d..365b7cfa31 100644
--- a/ql/src/test/results/clientpositive/sample8.q.out
+++ b/ql/src/test/results/clientpositive/sample8.q.out
@@ -24,7 +24,7 @@ STAGE PLANS:
             GatherStats: false
             Filter Operator
               isSamplingPred: true
-              predicate: ((((hash(key) & 2147483647) % 10) = 0) and value is not null and (((hash(key) & 2147483647) % 1) = 0)) (type: boolean)
+              predicate: ((((hash(key) & 2147483647) % 1) = 0) and (((hash(key) & 2147483647) % 10) = 0) and value is not null) (type: boolean)
               Statistics: Num rows: 125 Data size: 1328 Basic stats: COMPLETE Column stats: NONE
               Reduce Output Operator
                 key expressions: key (type: string), value (type: string)
@@ -40,7 +40,7 @@ STAGE PLANS:
             GatherStats: false
             Filter Operator
               isSamplingPred: true
-              predicate: ((((hash(key) & 2147483647) % 1) = 0) and value is not null and (((hash(key) & 2147483647) % 10) = 0)) (type: boolean)
+              predicate: ((((hash(key) & 2147483647) % 1) = 0) and (((hash(key) & 2147483647) % 10) = 0) and value is not null) (type: boolean)
               Statistics: Num rows: 500 Data size: 5312 Basic stats: COMPLETE Column stats: NONE
               Reduce Output Operator
                 key expressions: key (type: string), value (type: string)
diff --git a/ql/src/test/results/clientpositive/select_unquote_and.q.out b/ql/src/test/results/clientpositive/select_unquote_and.q.out
index b82b730927..adf4794ecf 100644
--- a/ql/src/test/results/clientpositive/select_unquote_and.q.out
+++ b/ql/src/test/results/clientpositive/select_unquote_and.q.out
@@ -55,7 +55,7 @@ STAGE PLANS:
             alias: npe_test
             Statistics: Num rows: 498 Data size: 5290 Basic stats: COMPLETE Column stats: NONE
             Filter Operator
-              predicate: ((UDFToDouble(ds) > 1970.0) and (UDFToDouble(ds) < 1985.0)) (type: boolean)
+              predicate: ((UDFToDouble(ds) < 1985.0) and (UDFToDouble(ds) > 1970.0)) (type: boolean)
               Statistics: Num rows: 55 Data size: 584 Basic stats: COMPLETE Column stats: NONE
               Select Operator
                 expressions: key (type: string), value (type: string), ds (type: string)
diff --git a/ql/src/test/results/clientpositive/select_unquote_or.q.out b/ql/src/test/results/clientpositive/select_unquote_or.q.out
index 6bf8430a55..2a38996f82 100644
--- a/ql/src/test/results/clientpositive/select_unquote_or.q.out
+++ b/ql/src/test/results/clientpositive/select_unquote_or.q.out
@@ -55,7 +55,7 @@ STAGE PLANS:
             alias: npe_test
             Statistics: Num rows: 498 Data size: 5290 Basic stats: COMPLETE Column stats: NONE
             Filter Operator
-              predicate: ((UDFToDouble(ds) > 1970.0) or (UDFToDouble(ds) < 1985.0)) (type: boolean)
+              predicate: ((UDFToDouble(ds) < 1985.0) or (UDFToDouble(ds) > 1970.0)) (type: boolean)
               Statistics: Num rows: 332 Data size: 3526 Basic stats: COMPLETE Column stats: NONE
               Select Operator
                 expressions: key (type: string), value (type: string), ds (type: string)
diff --git a/ql/src/test/results/clientpositive/semijoin2.q.out b/ql/src/test/results/clientpositive/semijoin2.q.out
index d6a0b909ea..2c3c5d8db3 100644
--- a/ql/src/test/results/clientpositive/semijoin2.q.out
+++ b/ql/src/test/results/clientpositive/semijoin2.q.out
@@ -62,7 +62,7 @@ STAGE PLANS:
             alias: t1
             Statistics: Num rows: 1 Data size: 0 Basic stats: PARTIAL Column stats: NONE
             Filter Operator
-              predicate: (bigint_col_22 is not null and decimal1709_col_26 is not null and tinyint_col_8 is not null and timestamp_col_10 is not null) (type: boolean)
+              predicate: (bigint_col_22 is not null and decimal1709_col_26 is not null and timestamp_col_10 is not null and tinyint_col_8 is not null) (type: boolean)
               Statistics: Num rows: 1 Data size: 0 Basic stats: PARTIAL Column stats: NONE
               Reduce Output Operator
                 key expressions: bigint_col_22 (type: bigint), decimal1709_col_26 (type: decimal(38,23)), tinyint_col_8 (type: tinyint)
@@ -74,7 +74,7 @@ STAGE PLANS:
             alias: t2
             Statistics: Num rows: 1 Data size: 0 Basic stats: PARTIAL Column stats: NONE
             Filter Operator
-              predicate: (UDFToLong(tinyint_col_6) is not null and decimal0504_col_37 is not null and tinyint_col_33 is not null and UDFToInteger(smallint_col_38) is not null) (type: boolean)
+              predicate: (UDFToInteger(smallint_col_38) is not null and UDFToLong(tinyint_col_6) is not null and decimal0504_col_37 is not null and tinyint_col_33 is not null) (type: boolean)
               Statistics: Num rows: 1 Data size: 0 Basic stats: PARTIAL Column stats: NONE
               Reduce Output Operator
                 key expressions: UDFToLong(tinyint_col_6) (type: bigint), decimal0504_col_37 (type: decimal(38,23)), tinyint_col_33 (type: tinyint)
diff --git a/ql/src/test/results/clientpositive/semijoin4.q.out b/ql/src/test/results/clientpositive/semijoin4.q.out
index 49c3801cc7..53f6c174bd 100644
--- a/ql/src/test/results/clientpositive/semijoin4.q.out
+++ b/ql/src/test/results/clientpositive/semijoin4.q.out
@@ -87,7 +87,7 @@ STAGE PLANS:
             alias: t2
             Statistics: Num rows: 1 Data size: 0 Basic stats: PARTIAL Column stats: NONE
             Filter Operator
-              predicate: ((tinyint_col_21 = -92) and tinyint_col_18 is not null and decimal2709_col_9 is not null) (type: boolean)
+              predicate: ((tinyint_col_21 = -92) and decimal2709_col_9 is not null and tinyint_col_18 is not null) (type: boolean)
               Statistics: Num rows: 1 Data size: 0 Basic stats: PARTIAL Column stats: NONE
               Select Operator
                 expressions: decimal2709_col_9 (type: decimal(27,9)), tinyint_col_18 (type: tinyint)
diff --git a/ql/src/test/results/clientpositive/semijoin5.q.out b/ql/src/test/results/clientpositive/semijoin5.q.out
index 7dfdfc39a8..533c077f58 100644
--- a/ql/src/test/results/clientpositive/semijoin5.q.out
+++ b/ql/src/test/results/clientpositive/semijoin5.q.out
@@ -79,7 +79,7 @@ STAGE PLANS:
             alias: t2
             Statistics: Num rows: 1 Data size: 0 Basic stats: PARTIAL Column stats: NONE
             Filter Operator
-              predicate: (tinyint_col_15 is not null and decimal2709_col_9 is not null and tinyint_col_20 is not null) (type: boolean)
+              predicate: (decimal2709_col_9 is not null and tinyint_col_15 is not null and tinyint_col_20 is not null) (type: boolean)
               Statistics: Num rows: 1 Data size: 0 Basic stats: PARTIAL Column stats: NONE
               Select Operator
                 expressions: decimal2709_col_9 (type: decimal(27,9)), int_col_10 (type: int), tinyint_col_15 (type: tinyint), smallint_col_19 (type: smallint), tinyint_col_20 (type: tinyint)
@@ -255,7 +255,7 @@ STAGE PLANS:
             alias: tt2
             Statistics: Num rows: 1 Data size: 0 Basic stats: PARTIAL Column stats: NONE
             Filter Operator
-              predicate: (timestamp_col_18 is not null and decimal1911_col_16 is not null) (type: boolean)
+              predicate: (decimal1911_col_16 is not null and timestamp_col_18 is not null) (type: boolean)
               Statistics: Num rows: 1 Data size: 0 Basic stats: PARTIAL Column stats: NONE
               Select Operator
                 expressions: decimal1911_col_16 (type: decimal(19,11)), timestamp_col_18 (type: timestamp)
diff --git a/ql/src/test/results/clientpositive/skewjoin.q.out b/ql/src/test/results/clientpositive/skewjoin.q.out
index cd7d6fa053..9df48edeca 100644
--- a/ql/src/test/results/clientpositive/skewjoin.q.out
+++ b/ql/src/test/results/clientpositive/skewjoin.q.out
@@ -756,7 +756,7 @@ STAGE PLANS:
             alias: src
             Statistics: Num rows: 500 Data size: 5312 Basic stats: COMPLETE Column stats: NONE
             Filter Operator
-              predicate: (key is not null and UDFToDouble(substring(value, 5)) is not null) (type: boolean)
+              predicate: (UDFToDouble(substring(value, 5)) is not null and key is not null) (type: boolean)
               Statistics: Num rows: 500 Data size: 5312 Basic stats: COMPLETE Column stats: NONE
               Select Operator
                 expressions: key (type: string), value (type: string)
@@ -771,7 +771,7 @@ STAGE PLANS:
             alias: src
             Statistics: Num rows: 500 Data size: 5312 Basic stats: COMPLETE Column stats: NONE
             Filter Operator
-              predicate: (key is not null and (substring(value, 5) + 1) is not null) (type: boolean)
+              predicate: ((substring(value, 5) + 1) is not null and key is not null) (type: boolean)
               Statistics: Num rows: 500 Data size: 5312 Basic stats: COMPLETE Column stats: NONE
               Select Operator
                 expressions: key (type: string), value (type: string)
@@ -934,7 +934,7 @@ STAGE PLANS:
             alias: src
             Statistics: Num rows: 500 Data size: 5312 Basic stats: COMPLETE Column stats: NONE
             Filter Operator
-              predicate: ((key < 80) and (key < 100)) (type: boolean)
+              predicate: ((key < 100) and (key < 80)) (type: boolean)
               Statistics: Num rows: 55 Data size: 584 Basic stats: COMPLETE Column stats: NONE
               Select Operator
                 expressions: key (type: string)
diff --git a/ql/src/test/results/clientpositive/skewjoin_mapjoin1.q.out b/ql/src/test/results/clientpositive/skewjoin_mapjoin1.q.out
index ad9e08abfc..a264045216 100644
--- a/ql/src/test/results/clientpositive/skewjoin_mapjoin1.q.out
+++ b/ql/src/test/results/clientpositive/skewjoin_mapjoin1.q.out
@@ -61,7 +61,7 @@ STAGE PLANS:
             alias: a
             Statistics: Num rows: 1 Data size: 30 Basic stats: COMPLETE Column stats: NONE
             Filter Operator
-              predicate: (key is not null and ((key = '2') or (key = '3'))) (type: boolean)
+              predicate: (((key = '2') or (key = '3')) and key is not null) (type: boolean)
               Statistics: Num rows: 1 Data size: 30 Basic stats: COMPLETE Column stats: NONE
               Select Operator
                 expressions: key (type: string), val (type: string)
@@ -76,7 +76,7 @@ STAGE PLANS:
             alias: a
             Statistics: Num rows: 1 Data size: 30 Basic stats: COMPLETE Column stats: NONE
             Filter Operator
-              predicate: (key is not null and (not ((key = '2') or (key = '3')))) (type: boolean)
+              predicate: ((not ((key = '2') or (key = '3'))) and key is not null) (type: boolean)
               Statistics: Num rows: 1 Data size: 30 Basic stats: COMPLETE Column stats: NONE
               Select Operator
                 expressions: key (type: string), val (type: string)
@@ -94,7 +94,7 @@ STAGE PLANS:
             alias: b
             Statistics: Num rows: 1 Data size: 30 Basic stats: COMPLETE Column stats: NONE
             Filter Operator
-              predicate: (key is not null and ((key = '2') or (key = '3'))) (type: boolean)
+              predicate: (((key = '2') or (key = '3')) and key is not null) (type: boolean)
               Statistics: Num rows: 1 Data size: 30 Basic stats: COMPLETE Column stats: NONE
               Select Operator
                 expressions: key (type: string), val (type: string)
@@ -121,7 +121,7 @@ STAGE PLANS:
             alias: b
             Statistics: Num rows: 1 Data size: 30 Basic stats: COMPLETE Column stats: NONE
             Filter Operator
-              predicate: (key is not null and (not ((key = '2') or (key = '3')))) (type: boolean)
+              predicate: ((not ((key = '2') or (key = '3'))) and key is not null) (type: boolean)
               Statistics: Num rows: 1 Data size: 30 Basic stats: COMPLETE Column stats: NONE
               Select Operator
                 expressions: key (type: string), val (type: string)
@@ -337,7 +337,7 @@ STAGE PLANS:
             alias: a
             Statistics: Num rows: 1 Data size: 30 Basic stats: COMPLETE Column stats: NONE
             Filter Operator
-              predicate: (key is not null and ((key = '2') or (key = '3'))) (type: boolean)
+              predicate: (((key = '2') or (key = '3')) and key is not null) (type: boolean)
               Statistics: Num rows: 1 Data size: 30 Basic stats: COMPLETE Column stats: NONE
               Select Operator
                 expressions: key (type: string)
@@ -352,7 +352,7 @@ STAGE PLANS:
             alias: a
             Statistics: Num rows: 1 Data size: 30 Basic stats: COMPLETE Column stats: NONE
             Filter Operator
-              predicate: (key is not null and (not ((key = '2') or (key = '3')))) (type: boolean)
+              predicate: ((not ((key = '2') or (key = '3'))) and key is not null) (type: boolean)
               Statistics: Num rows: 1 Data size: 30 Basic stats: COMPLETE Column stats: NONE
               Select Operator
                 expressions: key (type: string)
@@ -370,7 +370,7 @@ STAGE PLANS:
             alias: b
             Statistics: Num rows: 1 Data size: 30 Basic stats: COMPLETE Column stats: NONE
             Filter Operator
-              predicate: (key is not null and ((key = '2') or (key = '3'))) (type: boolean)
+              predicate: (((key = '2') or (key = '3')) and key is not null) (type: boolean)
               Statistics: Num rows: 1 Data size: 30 Basic stats: COMPLETE Column stats: NONE
               Select Operator
                 expressions: key (type: string)
@@ -398,7 +398,7 @@ STAGE PLANS:
             alias: b
             Statistics: Num rows: 1 Data size: 30 Basic stats: COMPLETE Column stats: NONE
             Filter Operator
-              predicate: (key is not null and (not ((key = '2') or (key = '3')))) (type: boolean)
+              predicate: ((not ((key = '2') or (key = '3'))) and key is not null) (type: boolean)
               Statistics: Num rows: 1 Data size: 30 Basic stats: COMPLETE Column stats: NONE
               Select Operator
                 expressions: key (type: string)
diff --git a/ql/src/test/results/clientpositive/skewjoin_mapjoin10.q.out b/ql/src/test/results/clientpositive/skewjoin_mapjoin10.q.out
index de65931c2a..3768732040 100644
--- a/ql/src/test/results/clientpositive/skewjoin_mapjoin10.q.out
+++ b/ql/src/test/results/clientpositive/skewjoin_mapjoin10.q.out
@@ -93,7 +93,7 @@ STAGE PLANS:
             alias: a
             Statistics: Num rows: 6 Data size: 24 Basic stats: COMPLETE Column stats: NONE
             Filter Operator
-              predicate: (key is not null and ((key = 2) or (key = 3))) (type: boolean)
+              predicate: (((key = 2) or (key = 3)) and key is not null) (type: boolean)
               Statistics: Num rows: 6 Data size: 24 Basic stats: COMPLETE Column stats: NONE
               Select Operator
                 expressions: key (type: int), val (type: string)
@@ -108,7 +108,7 @@ STAGE PLANS:
             alias: a
             Statistics: Num rows: 6 Data size: 24 Basic stats: COMPLETE Column stats: NONE
             Filter Operator
-              predicate: (key is not null and (not ((key = 2) or (key = 3)))) (type: boolean)
+              predicate: ((not ((key = 2) or (key = 3))) and key is not null) (type: boolean)
               Statistics: Num rows: 1 Data size: 4 Basic stats: COMPLETE Column stats: NONE
               Select Operator
                 expressions: key (type: int), val (type: string)
@@ -126,7 +126,7 @@ STAGE PLANS:
             alias: b
             Statistics: Num rows: 6 Data size: 24 Basic stats: COMPLETE Column stats: NONE
             Filter Operator
-              predicate: (key is not null and ((key = 2) or (key = 3))) (type: boolean)
+              predicate: (((key = 2) or (key = 3)) and key is not null) (type: boolean)
               Statistics: Num rows: 6 Data size: 24 Basic stats: COMPLETE Column stats: NONE
               Select Operator
                 expressions: key (type: int), val (type: string)
@@ -153,7 +153,7 @@ STAGE PLANS:
             alias: b
             Statistics: Num rows: 6 Data size: 24 Basic stats: COMPLETE Column stats: NONE
             Filter Operator
-              predicate: (key is not null and (not ((key = 2) or (key = 3)))) (type: boolean)
+              predicate: ((not ((key = 2) or (key = 3))) and key is not null) (type: boolean)
               Statistics: Num rows: 1 Data size: 4 Basic stats: COMPLETE Column stats: NONE
               Select Operator
                 expressions: key (type: int), val (type: string)
@@ -369,7 +369,7 @@ STAGE PLANS:
             alias: a
             Statistics: Num rows: 6 Data size: 24 Basic stats: COMPLETE Column stats: NONE
             Filter Operator
-              predicate: (key is not null and ((key = 2) or (key = 3))) (type: boolean)
+              predicate: (((key = 2) or (key = 3)) and key is not null) (type: boolean)
               Statistics: Num rows: 6 Data size: 24 Basic stats: COMPLETE Column stats: NONE
               Select Operator
                 expressions: key (type: int)
@@ -384,7 +384,7 @@ STAGE PLANS:
             alias: a
             Statistics: Num rows: 6 Data size: 24 Basic stats: COMPLETE Column stats: NONE
             Filter Operator
-              predicate: (key is not null and (not ((key = 2) or (key = 3)))) (type: boolean)
+              predicate: ((not ((key = 2) or (key = 3))) and key is not null) (type: boolean)
               Statistics: Num rows: 1 Data size: 4 Basic stats: COMPLETE Column stats: NONE
               Select Operator
                 expressions: key (type: int)
@@ -402,7 +402,7 @@ STAGE PLANS:
             alias: b
             Statistics: Num rows: 6 Data size: 24 Basic stats: COMPLETE Column stats: NONE
             Filter Operator
-              predicate: (key is not null and ((key = 2) or (key = 3))) (type: boolean)
+              predicate: (((key = 2) or (key = 3)) and key is not null) (type: boolean)
               Statistics: Num rows: 6 Data size: 24 Basic stats: COMPLETE Column stats: NONE
               Select Operator
                 expressions: key (type: int)
@@ -430,7 +430,7 @@ STAGE PLANS:
             alias: b
             Statistics: Num rows: 6 Data size: 24 Basic stats: COMPLETE Column stats: NONE
             Filter Operator
-              predicate: (key is not null and (not ((key = 2) or (key = 3)))) (type: boolean)
+              predicate: ((not ((key = 2) or (key = 3))) and key is not null) (type: boolean)
               Statistics: Num rows: 1 Data size: 4 Basic stats: COMPLETE Column stats: NONE
               Select Operator
                 expressions: key (type: int)
diff --git a/ql/src/test/results/clientpositive/skewjoin_mapjoin11.q.out b/ql/src/test/results/clientpositive/skewjoin_mapjoin11.q.out
index c9821e982e..c6987e1d16 100644
--- a/ql/src/test/results/clientpositive/skewjoin_mapjoin11.q.out
+++ b/ql/src/test/results/clientpositive/skewjoin_mapjoin11.q.out
@@ -61,7 +61,7 @@ STAGE PLANS:
             alias: a
             Statistics: Num rows: 1 Data size: 30 Basic stats: COMPLETE Column stats: NONE
             Filter Operator
-              predicate: (key is not null and (key = '2')) (type: boolean)
+              predicate: ((key = '2') and key is not null) (type: boolean)
               Statistics: Num rows: 1 Data size: 30 Basic stats: COMPLETE Column stats: NONE
               Select Operator
                 expressions: key (type: string), val (type: string)
@@ -76,7 +76,7 @@ STAGE PLANS:
             alias: a
             Statistics: Num rows: 1 Data size: 30 Basic stats: COMPLETE Column stats: NONE
             Filter Operator
-              predicate: (key is not null and (not (key = '2'))) (type: boolean)
+              predicate: ((not (key = '2')) and key is not null) (type: boolean)
               Statistics: Num rows: 1 Data size: 30 Basic stats: COMPLETE Column stats: NONE
               Select Operator
                 expressions: key (type: string), val (type: string)
@@ -94,7 +94,7 @@ STAGE PLANS:
             alias: b
             Statistics: Num rows: 1 Data size: 30 Basic stats: COMPLETE Column stats: NONE
             Filter Operator
-              predicate: (key is not null and (key = '2')) (type: boolean)
+              predicate: ((key = '2') and key is not null) (type: boolean)
               Statistics: Num rows: 1 Data size: 30 Basic stats: COMPLETE Column stats: NONE
               Select Operator
                 expressions: key (type: string), val (type: string)
@@ -121,7 +121,7 @@ STAGE PLANS:
             alias: b
             Statistics: Num rows: 1 Data size: 30 Basic stats: COMPLETE Column stats: NONE
             Filter Operator
-              predicate: (key is not null and (not (key = '2'))) (type: boolean)
+              predicate: ((not (key = '2')) and key is not null) (type: boolean)
               Statistics: Num rows: 1 Data size: 30 Basic stats: COMPLETE Column stats: NONE
               Select Operator
                 expressions: key (type: string), val (type: string)
diff --git a/ql/src/test/results/clientpositive/skewjoin_mapjoin2.q.out b/ql/src/test/results/clientpositive/skewjoin_mapjoin2.q.out
index 5de1cf366d..8e0bf12ff0 100644
--- a/ql/src/test/results/clientpositive/skewjoin_mapjoin2.q.out
+++ b/ql/src/test/results/clientpositive/skewjoin_mapjoin2.q.out
@@ -61,7 +61,7 @@ STAGE PLANS:
             alias: a
             Statistics: Num rows: 1 Data size: 30 Basic stats: COMPLETE Column stats: NONE
             Filter Operator
-              predicate: (key is not null and (((key = '2') or (key = '8')) or (key = '3'))) (type: boolean)
+              predicate: ((((key = '2') or (key = '8')) or (key = '3')) and key is not null) (type: boolean)
               Statistics: Num rows: 1 Data size: 30 Basic stats: COMPLETE Column stats: NONE
               Select Operator
                 expressions: key (type: string), val (type: string)
@@ -76,7 +76,7 @@ STAGE PLANS:
             alias: a
             Statistics: Num rows: 1 Data size: 30 Basic stats: COMPLETE Column stats: NONE
             Filter Operator
-              predicate: (key is not null and (not (((key = '2') or (key = '8')) or (key = '3')))) (type: boolean)
+              predicate: ((not (((key = '2') or (key = '8')) or (key = '3'))) and key is not null) (type: boolean)
               Statistics: Num rows: 1 Data size: 30 Basic stats: COMPLETE Column stats: NONE
               Select Operator
                 expressions: key (type: string), val (type: string)
@@ -94,7 +94,7 @@ STAGE PLANS:
             alias: b
             Statistics: Num rows: 1 Data size: 30 Basic stats: COMPLETE Column stats: NONE
             Filter Operator
-              predicate: (key is not null and (((key = '2') or (key = '8')) or (key = '3'))) (type: boolean)
+              predicate: ((((key = '2') or (key = '8')) or (key = '3')) and key is not null) (type: boolean)
               Statistics: Num rows: 1 Data size: 30 Basic stats: COMPLETE Column stats: NONE
               Select Operator
                 expressions: key (type: string), val (type: string)
@@ -121,7 +121,7 @@ STAGE PLANS:
             alias: b
             Statistics: Num rows: 1 Data size: 30 Basic stats: COMPLETE Column stats: NONE
             Filter Operator
-              predicate: (key is not null and (not (((key = '2') or (key = '8')) or (key = '3')))) (type: boolean)
+              predicate: ((not (((key = '2') or (key = '8')) or (key = '3'))) and key is not null) (type: boolean)
               Statistics: Num rows: 1 Data size: 30 Basic stats: COMPLETE Column stats: NONE
               Select Operator
                 expressions: key (type: string), val (type: string)
diff --git a/ql/src/test/results/clientpositive/skewjoin_mapjoin3.q.out b/ql/src/test/results/clientpositive/skewjoin_mapjoin3.q.out
index 1c543a0e67..0086f1b308 100644
--- a/ql/src/test/results/clientpositive/skewjoin_mapjoin3.q.out
+++ b/ql/src/test/results/clientpositive/skewjoin_mapjoin3.q.out
@@ -61,7 +61,7 @@ STAGE PLANS:
             alias: a
             Statistics: Num rows: 1 Data size: 30 Basic stats: COMPLETE Column stats: NONE
             Filter Operator
-              predicate: (key is not null and (((key = '2') or (key = '8')) or (key = '3'))) (type: boolean)
+              predicate: ((((key = '2') or (key = '8')) or (key = '3')) and key is not null) (type: boolean)
               Statistics: Num rows: 1 Data size: 30 Basic stats: COMPLETE Column stats: NONE
               Select Operator
                 expressions: key (type: string), val (type: string)
@@ -76,7 +76,7 @@ STAGE PLANS:
             alias: a
             Statistics: Num rows: 1 Data size: 30 Basic stats: COMPLETE Column stats: NONE
             Filter Operator
-              predicate: (key is not null and (not (((key = '2') or (key = '8')) or (key = '3')))) (type: boolean)
+              predicate: ((not (((key = '2') or (key = '8')) or (key = '3'))) and key is not null) (type: boolean)
               Statistics: Num rows: 1 Data size: 30 Basic stats: COMPLETE Column stats: NONE
               Select Operator
                 expressions: key (type: string), val (type: string)
@@ -94,7 +94,7 @@ STAGE PLANS:
             alias: b
             Statistics: Num rows: 1 Data size: 30 Basic stats: COMPLETE Column stats: NONE
             Filter Operator
-              predicate: (key is not null and (((key = '2') or (key = '8')) or (key = '3'))) (type: boolean)
+              predicate: ((((key = '2') or (key = '8')) or (key = '3')) and key is not null) (type: boolean)
               Statistics: Num rows: 1 Data size: 30 Basic stats: COMPLETE Column stats: NONE
               Select Operator
                 expressions: key (type: string), val (type: string)
@@ -121,7 +121,7 @@ STAGE PLANS:
             alias: b
             Statistics: Num rows: 1 Data size: 30 Basic stats: COMPLETE Column stats: NONE
             Filter Operator
-              predicate: (key is not null and (not (((key = '2') or (key = '8')) or (key = '3')))) (type: boolean)
+              predicate: ((not (((key = '2') or (key = '8')) or (key = '3'))) and key is not null) (type: boolean)
               Statistics: Num rows: 1 Data size: 30 Basic stats: COMPLETE Column stats: NONE
               Select Operator
                 expressions: key (type: string), val (type: string)
diff --git a/ql/src/test/results/clientpositive/skewjoin_mapjoin4.q.out b/ql/src/test/results/clientpositive/skewjoin_mapjoin4.q.out
index c3809e9653..18e946e731 100644
--- a/ql/src/test/results/clientpositive/skewjoin_mapjoin4.q.out
+++ b/ql/src/test/results/clientpositive/skewjoin_mapjoin4.q.out
@@ -83,7 +83,7 @@ STAGE PLANS:
             alias: a
             Statistics: Num rows: 1 Data size: 30 Basic stats: COMPLETE Column stats: NONE
             Filter Operator
-              predicate: (key is not null and (((key = '2') or (key = '8')) or (key = '3'))) (type: boolean)
+              predicate: ((((key = '2') or (key = '8')) or (key = '3')) and key is not null) (type: boolean)
               Statistics: Num rows: 1 Data size: 30 Basic stats: COMPLETE Column stats: NONE
               Select Operator
                 expressions: key (type: string), val (type: string)
@@ -99,7 +99,7 @@ STAGE PLANS:
             alias: c
             Statistics: Num rows: 1 Data size: 20 Basic stats: COMPLETE Column stats: NONE
             Filter Operator
-              predicate: (key is not null and (((key = '2') or (key = '8')) or (key = '3'))) (type: boolean)
+              predicate: ((((key = '2') or (key = '8')) or (key = '3')) and key is not null) (type: boolean)
               Statistics: Num rows: 1 Data size: 20 Basic stats: COMPLETE Column stats: NONE
               Select Operator
                 expressions: key (type: string), val (type: string)
@@ -115,7 +115,7 @@ STAGE PLANS:
             alias: a
             Statistics: Num rows: 1 Data size: 30 Basic stats: COMPLETE Column stats: NONE
             Filter Operator
-              predicate: (key is not null and (not (((key = '2') or (key = '8')) or (key = '3')))) (type: boolean)
+              predicate: ((not (((key = '2') or (key = '8')) or (key = '3'))) and key is not null) (type: boolean)
               Statistics: Num rows: 1 Data size: 30 Basic stats: COMPLETE Column stats: NONE
               Select Operator
                 expressions: key (type: string), val (type: string)
@@ -131,7 +131,7 @@ STAGE PLANS:
             alias: c
             Statistics: Num rows: 1 Data size: 20 Basic stats: COMPLETE Column stats: NONE
             Filter Operator
-              predicate: (key is not null and (not (((key = '2') or (key = '8')) or (key = '3')))) (type: boolean)
+              predicate: ((not (((key = '2') or (key = '8')) or (key = '3'))) and key is not null) (type: boolean)
               Statistics: Num rows: 1 Data size: 20 Basic stats: COMPLETE Column stats: NONE
               Select Operator
                 expressions: key (type: string), val (type: string)
@@ -150,7 +150,7 @@ STAGE PLANS:
             alias: b
             Statistics: Num rows: 1 Data size: 30 Basic stats: COMPLETE Column stats: NONE
             Filter Operator
-              predicate: (key is not null and (((key = '2') or (key = '8')) or (key = '3'))) (type: boolean)
+              predicate: ((((key = '2') or (key = '8')) or (key = '3')) and key is not null) (type: boolean)
               Statistics: Num rows: 1 Data size: 30 Basic stats: COMPLETE Column stats: NONE
               Select Operator
                 expressions: key (type: string), val (type: string)
@@ -179,7 +179,7 @@ STAGE PLANS:
             alias: b
             Statistics: Num rows: 1 Data size: 30 Basic stats: COMPLETE Column stats: NONE
             Filter Operator
-              predicate: (key is not null and (not (((key = '2') or (key = '8')) or (key = '3')))) (type: boolean)
+              predicate: ((not (((key = '2') or (key = '8')) or (key = '3'))) and key is not null) (type: boolean)
               Statistics: Num rows: 1 Data size: 30 Basic stats: COMPLETE Column stats: NONE
               Select Operator
                 expressions: key (type: string), val (type: string)
diff --git a/ql/src/test/results/clientpositive/skewjoin_mapjoin6.q.out b/ql/src/test/results/clientpositive/skewjoin_mapjoin6.q.out
index 7ce87ec3f5..d6334696b9 100644
--- a/ql/src/test/results/clientpositive/skewjoin_mapjoin6.q.out
+++ b/ql/src/test/results/clientpositive/skewjoin_mapjoin6.q.out
@@ -63,7 +63,7 @@ STAGE PLANS:
             alias: a
             Statistics: Num rows: 1 Data size: 30 Basic stats: COMPLETE Column stats: NONE
             Filter Operator
-              predicate: (key is not null and (key = '8')) (type: boolean)
+              predicate: ((key = '8') and key is not null) (type: boolean)
               Statistics: Num rows: 1 Data size: 30 Basic stats: COMPLETE Column stats: NONE
               HashTable Sink Operator
                 keys:
@@ -74,7 +74,7 @@ STAGE PLANS:
             alias: a
             Statistics: Num rows: 1 Data size: 30 Basic stats: COMPLETE Column stats: NONE
             Filter Operator
-              predicate: (key is not null and (not (key = '8'))) (type: boolean)
+              predicate: ((not (key = '8')) and key is not null) (type: boolean)
               Statistics: Num rows: 1 Data size: 30 Basic stats: COMPLETE Column stats: NONE
               HashTable Sink Operator
                 keys:
@@ -88,7 +88,7 @@ STAGE PLANS:
             alias: b
             Statistics: Num rows: 6 Data size: 24 Basic stats: COMPLETE Column stats: NONE
             Filter Operator
-              predicate: (key is not null and (key = '8')) (type: boolean)
+              predicate: ((key = '8') and key is not null) (type: boolean)
               Statistics: Num rows: 3 Data size: 12 Basic stats: COMPLETE Column stats: NONE
               Map Join Operator
                 condition map:
@@ -141,7 +141,7 @@ STAGE PLANS:
             alias: b
             Statistics: Num rows: 6 Data size: 24 Basic stats: COMPLETE Column stats: NONE
             Filter Operator
-              predicate: (key is not null and (not (key = '8'))) (type: boolean)
+              predicate: ((not (key = '8')) and key is not null) (type: boolean)
               Statistics: Num rows: 3 Data size: 12 Basic stats: COMPLETE Column stats: NONE
               Map Join Operator
                 condition map:
diff --git a/ql/src/test/results/clientpositive/skewjoin_mapjoin7.q.out b/ql/src/test/results/clientpositive/skewjoin_mapjoin7.q.out
index e48fbee76d..b47eb53602 100644
--- a/ql/src/test/results/clientpositive/skewjoin_mapjoin7.q.out
+++ b/ql/src/test/results/clientpositive/skewjoin_mapjoin7.q.out
@@ -72,7 +72,7 @@ STAGE PLANS:
             alias: a
             Statistics: Num rows: 1 Data size: 30 Basic stats: COMPLETE Column stats: NONE
             Filter Operator
-              predicate: (key is not null and (key = '2')) (type: boolean)
+              predicate: ((key = '2') and key is not null) (type: boolean)
               Statistics: Num rows: 1 Data size: 30 Basic stats: COMPLETE Column stats: NONE
               Select Operator
                 expressions: key (type: string), val (type: string)
@@ -87,7 +87,7 @@ STAGE PLANS:
             alias: a
             Statistics: Num rows: 1 Data size: 30 Basic stats: COMPLETE Column stats: NONE
             Filter Operator
-              predicate: (key is not null and (not (key = '2'))) (type: boolean)
+              predicate: ((not (key = '2')) and key is not null) (type: boolean)
               Statistics: Num rows: 1 Data size: 30 Basic stats: COMPLETE Column stats: NONE
               Select Operator
                 expressions: key (type: string), val (type: string)
@@ -105,7 +105,7 @@ STAGE PLANS:
             alias: b
             Statistics: Num rows: 1 Data size: 30 Basic stats: COMPLETE Column stats: NONE
             Filter Operator
-              predicate: (key is not null and (key = '2')) (type: boolean)
+              predicate: ((key = '2') and key is not null) (type: boolean)
               Statistics: Num rows: 1 Data size: 30 Basic stats: COMPLETE Column stats: NONE
               Select Operator
                 expressions: key (type: string), val (type: string)
@@ -135,7 +135,7 @@ STAGE PLANS:
             alias: b
             Statistics: Num rows: 1 Data size: 30 Basic stats: COMPLETE Column stats: NONE
             Filter Operator
-              predicate: (key is not null and (not (key = '2'))) (type: boolean)
+              predicate: ((not (key = '2')) and key is not null) (type: boolean)
               Statistics: Num rows: 1 Data size: 30 Basic stats: COMPLETE Column stats: NONE
               Select Operator
                 expressions: key (type: string), val (type: string)
@@ -203,7 +203,7 @@ STAGE PLANS:
             alias: a
             Statistics: Num rows: 1 Data size: 30 Basic stats: COMPLETE Column stats: NONE
             Filter Operator
-              predicate: (key is not null and (key = '2')) (type: boolean)
+              predicate: ((key = '2') and key is not null) (type: boolean)
               Statistics: Num rows: 1 Data size: 30 Basic stats: COMPLETE Column stats: NONE
               Select Operator
                 expressions: key (type: string), val (type: string)
@@ -218,7 +218,7 @@ STAGE PLANS:
             alias: a
             Statistics: Num rows: 1 Data size: 30 Basic stats: COMPLETE Column stats: NONE
             Filter Operator
-              predicate: (key is not null and (not (key = '2'))) (type: boolean)
+              predicate: ((not (key = '2')) and key is not null) (type: boolean)
               Statistics: Num rows: 1 Data size: 30 Basic stats: COMPLETE Column stats: NONE
               Select Operator
                 expressions: key (type: string), val (type: string)
@@ -236,7 +236,7 @@ STAGE PLANS:
             alias: b
             Statistics: Num rows: 1 Data size: 30 Basic stats: COMPLETE Column stats: NONE
             Filter Operator
-              predicate: (key is not null and (key = '2')) (type: boolean)
+              predicate: ((key = '2') and key is not null) (type: boolean)
               Statistics: Num rows: 1 Data size: 30 Basic stats: COMPLETE Column stats: NONE
               Select Operator
                 expressions: key (type: string), val (type: string)
@@ -266,7 +266,7 @@ STAGE PLANS:
             alias: b
             Statistics: Num rows: 1 Data size: 30 Basic stats: COMPLETE Column stats: NONE
             Filter Operator
-              predicate: (key is not null and (not (key = '2'))) (type: boolean)
+              predicate: ((not (key = '2')) and key is not null) (type: boolean)
               Statistics: Num rows: 1 Data size: 30 Basic stats: COMPLETE Column stats: NONE
               Select Operator
                 expressions: key (type: string), val (type: string)
diff --git a/ql/src/test/results/clientpositive/skewjoin_mapjoin9.q.out b/ql/src/test/results/clientpositive/skewjoin_mapjoin9.q.out
index f38c087c4f..a2e9e13334 100644
--- a/ql/src/test/results/clientpositive/skewjoin_mapjoin9.q.out
+++ b/ql/src/test/results/clientpositive/skewjoin_mapjoin9.q.out
@@ -86,7 +86,7 @@ STAGE PLANS:
             alias: a
             Statistics: Num rows: 1 Data size: 30 Basic stats: COMPLETE Column stats: NONE
             Filter Operator
-              predicate: (key is not null and val is not null and (key = '2')) (type: boolean)
+              predicate: ((key = '2') and key is not null and val is not null) (type: boolean)
               Statistics: Num rows: 1 Data size: 30 Basic stats: COMPLETE Column stats: NONE
               Select Operator
                 expressions: key (type: string), val (type: string)
@@ -116,7 +116,7 @@ STAGE PLANS:
             alias: a
             Statistics: Num rows: 1 Data size: 30 Basic stats: COMPLETE Column stats: NONE
             Filter Operator
-              predicate: (key is not null and val is not null and (not (key = '2'))) (type: boolean)
+              predicate: ((not (key = '2')) and key is not null and val is not null) (type: boolean)
               Statistics: Num rows: 1 Data size: 30 Basic stats: COMPLETE Column stats: NONE
               Select Operator
                 expressions: key (type: string), val (type: string)
@@ -134,7 +134,7 @@ STAGE PLANS:
             alias: b
             Statistics: Num rows: 1 Data size: 30 Basic stats: COMPLETE Column stats: NONE
             Filter Operator
-              predicate: (key is not null and (key = '2')) (type: boolean)
+              predicate: ((key = '2') and key is not null) (type: boolean)
               Statistics: Num rows: 1 Data size: 30 Basic stats: COMPLETE Column stats: NONE
               Select Operator
                 expressions: key (type: string), val (type: string)
@@ -169,7 +169,7 @@ STAGE PLANS:
             alias: b
             Statistics: Num rows: 1 Data size: 30 Basic stats: COMPLETE Column stats: NONE
             Filter Operator
-              predicate: (key is not null and (not (key = '2'))) (type: boolean)
+              predicate: ((not (key = '2')) and key is not null) (type: boolean)
               Statistics: Num rows: 1 Data size: 30 Basic stats: COMPLETE Column stats: NONE
               Select Operator
                 expressions: key (type: string), val (type: string)
diff --git a/ql/src/test/results/clientpositive/skewjoin_union_remove_1.q.out b/ql/src/test/results/clientpositive/skewjoin_union_remove_1.q.out
index bb3a66384a..862744ba6b 100644
--- a/ql/src/test/results/clientpositive/skewjoin_union_remove_1.q.out
+++ b/ql/src/test/results/clientpositive/skewjoin_union_remove_1.q.out
@@ -53,7 +53,7 @@ STAGE PLANS:
             alias: a
             Statistics: Num rows: 1 Data size: 30 Basic stats: COMPLETE Column stats: NONE
             Filter Operator
-              predicate: (key is not null and ((key = '2') or (key = '3'))) (type: boolean)
+              predicate: (((key = '2') or (key = '3')) and key is not null) (type: boolean)
               Statistics: Num rows: 1 Data size: 30 Basic stats: COMPLETE Column stats: NONE
               Select Operator
                 expressions: key (type: string), val (type: string)
@@ -69,7 +69,7 @@ STAGE PLANS:
             alias: b
             Statistics: Num rows: 1 Data size: 30 Basic stats: COMPLETE Column stats: NONE
             Filter Operator
-              predicate: (key is not null and ((key = '2') or (key = '3'))) (type: boolean)
+              predicate: (((key = '2') or (key = '3')) and key is not null) (type: boolean)
               Statistics: Num rows: 1 Data size: 30 Basic stats: COMPLETE Column stats: NONE
               Select Operator
                 expressions: key (type: string), val (type: string)
@@ -105,7 +105,7 @@ STAGE PLANS:
             alias: a
             Statistics: Num rows: 1 Data size: 30 Basic stats: COMPLETE Column stats: NONE
             Filter Operator
-              predicate: (key is not null and (not ((key = '2') or (key = '3')))) (type: boolean)
+              predicate: ((not ((key = '2') or (key = '3'))) and key is not null) (type: boolean)
               Statistics: Num rows: 1 Data size: 30 Basic stats: COMPLETE Column stats: NONE
               Select Operator
                 expressions: key (type: string), val (type: string)
@@ -121,7 +121,7 @@ STAGE PLANS:
             alias: b
             Statistics: Num rows: 1 Data size: 30 Basic stats: COMPLETE Column stats: NONE
             Filter Operator
-              predicate: (key is not null and (not ((key = '2') or (key = '3')))) (type: boolean)
+              predicate: ((not ((key = '2') or (key = '3'))) and key is not null) (type: boolean)
               Statistics: Num rows: 1 Data size: 30 Basic stats: COMPLETE Column stats: NONE
               Select Operator
                 expressions: key (type: string), val (type: string)
@@ -339,7 +339,7 @@ STAGE PLANS:
             alias: a
             Statistics: Num rows: 1 Data size: 30 Basic stats: COMPLETE Column stats: NONE
             Filter Operator
-              predicate: (key is not null and ((key = '2') or (key = '3'))) (type: boolean)
+              predicate: (((key = '2') or (key = '3')) and key is not null) (type: boolean)
               Statistics: Num rows: 1 Data size: 30 Basic stats: COMPLETE Column stats: NONE
               Select Operator
                 expressions: key (type: string), val (type: string)
@@ -355,7 +355,7 @@ STAGE PLANS:
             alias: b
             Statistics: Num rows: 1 Data size: 30 Basic stats: COMPLETE Column stats: NONE
             Filter Operator
-              predicate: (key is not null and ((key = '2') or (key = '3'))) (type: boolean)
+              predicate: (((key = '2') or (key = '3')) and key is not null) (type: boolean)
               Statistics: Num rows: 1 Data size: 30 Basic stats: COMPLETE Column stats: NONE
               Select Operator
                 expressions: key (type: string), val (type: string)
@@ -402,7 +402,7 @@ STAGE PLANS:
             alias: a
             Statistics: Num rows: 1 Data size: 30 Basic stats: COMPLETE Column stats: NONE
             Filter Operator
-              predicate: (key is not null and (not ((key = '2') or (key = '3')))) (type: boolean)
+              predicate: ((not ((key = '2') or (key = '3'))) and key is not null) (type: boolean)
               Statistics: Num rows: 1 Data size: 30 Basic stats: COMPLETE Column stats: NONE
               Select Operator
                 expressions: key (type: string), val (type: string)
@@ -418,7 +418,7 @@ STAGE PLANS:
             alias: b
             Statistics: Num rows: 1 Data size: 30 Basic stats: COMPLETE Column stats: NONE
             Filter Operator
-              predicate: (key is not null and (not ((key = '2') or (key = '3')))) (type: boolean)
+              predicate: ((not ((key = '2') or (key = '3'))) and key is not null) (type: boolean)
               Statistics: Num rows: 1 Data size: 30 Basic stats: COMPLETE Column stats: NONE
               Select Operator
                 expressions: key (type: string), val (type: string)
diff --git a/ql/src/test/results/clientpositive/skewjoin_union_remove_2.q.out b/ql/src/test/results/clientpositive/skewjoin_union_remove_2.q.out
index 71c46904a1..efad5df2c1 100644
--- a/ql/src/test/results/clientpositive/skewjoin_union_remove_2.q.out
+++ b/ql/src/test/results/clientpositive/skewjoin_union_remove_2.q.out
@@ -69,7 +69,7 @@ STAGE PLANS:
             alias: a
             Statistics: Num rows: 1 Data size: 30 Basic stats: COMPLETE Column stats: NONE
             Filter Operator
-              predicate: (key is not null and (((key = '2') or (key = '8')) or (key = '3'))) (type: boolean)
+              predicate: ((((key = '2') or (key = '8')) or (key = '3')) and key is not null) (type: boolean)
               Statistics: Num rows: 1 Data size: 30 Basic stats: COMPLETE Column stats: NONE
               Select Operator
                 expressions: key (type: string), val (type: string)
@@ -85,7 +85,7 @@ STAGE PLANS:
             alias: b
             Statistics: Num rows: 1 Data size: 30 Basic stats: COMPLETE Column stats: NONE
             Filter Operator
-              predicate: (key is not null and (((key = '2') or (key = '8')) or (key = '3'))) (type: boolean)
+              predicate: ((((key = '2') or (key = '8')) or (key = '3')) and key is not null) (type: boolean)
               Statistics: Num rows: 1 Data size: 30 Basic stats: COMPLETE Column stats: NONE
               Select Operator
                 expressions: key (type: string), val (type: string)
@@ -101,7 +101,7 @@ STAGE PLANS:
             alias: c
             Statistics: Num rows: 1 Data size: 20 Basic stats: COMPLETE Column stats: NONE
             Filter Operator
-              predicate: (key is not null and (((key = '2') or (key = '8')) or (key = '3'))) (type: boolean)
+              predicate: ((((key = '2') or (key = '8')) or (key = '3')) and key is not null) (type: boolean)
               Statistics: Num rows: 1 Data size: 20 Basic stats: COMPLETE Column stats: NONE
               Select Operator
                 expressions: key (type: string), val (type: string)
@@ -139,7 +139,7 @@ STAGE PLANS:
             alias: a
             Statistics: Num rows: 1 Data size: 30 Basic stats: COMPLETE Column stats: NONE
             Filter Operator
-              predicate: (key is not null and (not (((key = '2') or (key = '8')) or (key = '3')))) (type: boolean)
+              predicate: ((not (((key = '2') or (key = '8')) or (key = '3'))) and key is not null) (type: boolean)
               Statistics: Num rows: 1 Data size: 30 Basic stats: COMPLETE Column stats: NONE
               Select Operator
                 expressions: key (type: string), val (type: string)
@@ -155,7 +155,7 @@ STAGE PLANS:
             alias: b
             Statistics: Num rows: 1 Data size: 30 Basic stats: COMPLETE Column stats: NONE
             Filter Operator
-              predicate: (key is not null and (not (((key = '2') or (key = '8')) or (key = '3')))) (type: boolean)
+              predicate: ((not (((key = '2') or (key = '8')) or (key = '3'))) and key is not null) (type: boolean)
               Statistics: Num rows: 1 Data size: 30 Basic stats: COMPLETE Column stats: NONE
               Select Operator
                 expressions: key (type: string), val (type: string)
@@ -171,7 +171,7 @@ STAGE PLANS:
             alias: c
             Statistics: Num rows: 1 Data size: 20 Basic stats: COMPLETE Column stats: NONE
             Filter Operator
-              predicate: (key is not null and (not (((key = '2') or (key = '8')) or (key = '3')))) (type: boolean)
+              predicate: ((not (((key = '2') or (key = '8')) or (key = '3'))) and key is not null) (type: boolean)
               Statistics: Num rows: 1 Data size: 20 Basic stats: COMPLETE Column stats: NONE
               Select Operator
                 expressions: key (type: string), val (type: string)
diff --git a/ql/src/test/results/clientpositive/skewjoinopt1.q.out b/ql/src/test/results/clientpositive/skewjoinopt1.q.out
index 82d4cbc866..dc28cb642e 100644
--- a/ql/src/test/results/clientpositive/skewjoinopt1.q.out
+++ b/ql/src/test/results/clientpositive/skewjoinopt1.q.out
@@ -54,7 +54,7 @@ STAGE PLANS:
             alias: a
             Statistics: Num rows: 1 Data size: 30 Basic stats: COMPLETE Column stats: NONE
             Filter Operator
-              predicate: (key is not null and ((key = '2') or (key = '3'))) (type: boolean)
+              predicate: (((key = '2') or (key = '3')) and key is not null) (type: boolean)
               Statistics: Num rows: 1 Data size: 30 Basic stats: COMPLETE Column stats: NONE
               Select Operator
                 expressions: key (type: string), val (type: string)
@@ -70,7 +70,7 @@ STAGE PLANS:
             alias: b
             Statistics: Num rows: 1 Data size: 30 Basic stats: COMPLETE Column stats: NONE
             Filter Operator
-              predicate: (key is not null and ((key = '2') or (key = '3'))) (type: boolean)
+              predicate: (((key = '2') or (key = '3')) and key is not null) (type: boolean)
               Statistics: Num rows: 1 Data size: 30 Basic stats: COMPLETE Column stats: NONE
               Select Operator
                 expressions: key (type: string), val (type: string)
@@ -129,7 +129,7 @@ STAGE PLANS:
             alias: a
             Statistics: Num rows: 1 Data size: 30 Basic stats: COMPLETE Column stats: NONE
             Filter Operator
-              predicate: (key is not null and (not ((key = '2') or (key = '3')))) (type: boolean)
+              predicate: ((not ((key = '2') or (key = '3'))) and key is not null) (type: boolean)
               Statistics: Num rows: 1 Data size: 30 Basic stats: COMPLETE Column stats: NONE
               Select Operator
                 expressions: key (type: string), val (type: string)
@@ -145,7 +145,7 @@ STAGE PLANS:
             alias: b
             Statistics: Num rows: 1 Data size: 30 Basic stats: COMPLETE Column stats: NONE
             Filter Operator
-              predicate: (key is not null and (not ((key = '2') or (key = '3')))) (type: boolean)
+              predicate: ((not ((key = '2') or (key = '3'))) and key is not null) (type: boolean)
               Statistics: Num rows: 1 Data size: 30 Basic stats: COMPLETE Column stats: NONE
               Select Operator
                 expressions: key (type: string), val (type: string)
@@ -376,7 +376,7 @@ STAGE PLANS:
             alias: a
             Statistics: Num rows: 1 Data size: 30 Basic stats: COMPLETE Column stats: NONE
             Filter Operator
-              predicate: (key is not null and ((key = '2') or (key = '3'))) (type: boolean)
+              predicate: (((key = '2') or (key = '3')) and key is not null) (type: boolean)
               Statistics: Num rows: 1 Data size: 30 Basic stats: COMPLETE Column stats: NONE
               Select Operator
                 expressions: key (type: string)
@@ -391,7 +391,7 @@ STAGE PLANS:
             alias: b
             Statistics: Num rows: 1 Data size: 30 Basic stats: COMPLETE Column stats: NONE
             Filter Operator
-              predicate: (key is not null and ((key = '2') or (key = '3'))) (type: boolean)
+              predicate: (((key = '2') or (key = '3')) and key is not null) (type: boolean)
               Statistics: Num rows: 1 Data size: 30 Basic stats: COMPLETE Column stats: NONE
               Select Operator
                 expressions: key (type: string)
@@ -465,7 +465,7 @@ STAGE PLANS:
             alias: a
             Statistics: Num rows: 1 Data size: 30 Basic stats: COMPLETE Column stats: NONE
             Filter Operator
-              predicate: (key is not null and (not ((key = '2') or (key = '3')))) (type: boolean)
+              predicate: ((not ((key = '2') or (key = '3'))) and key is not null) (type: boolean)
               Statistics: Num rows: 1 Data size: 30 Basic stats: COMPLETE Column stats: NONE
               Select Operator
                 expressions: key (type: string)
@@ -480,7 +480,7 @@ STAGE PLANS:
             alias: b
             Statistics: Num rows: 1 Data size: 30 Basic stats: COMPLETE Column stats: NONE
             Filter Operator
-              predicate: (key is not null and (not ((key = '2') or (key = '3')))) (type: boolean)
+              predicate: ((not ((key = '2') or (key = '3'))) and key is not null) (type: boolean)
               Statistics: Num rows: 1 Data size: 30 Basic stats: COMPLETE Column stats: NONE
               Select Operator
                 expressions: key (type: string)
diff --git a/ql/src/test/results/clientpositive/skewjoinopt10.q.out b/ql/src/test/results/clientpositive/skewjoinopt10.q.out
index 3c4dd51bed..d9d0dadac1 100644
--- a/ql/src/test/results/clientpositive/skewjoinopt10.q.out
+++ b/ql/src/test/results/clientpositive/skewjoinopt10.q.out
@@ -56,7 +56,7 @@ STAGE PLANS:
             alias: a
             Statistics: Num rows: 1 Data size: 30 Basic stats: COMPLETE Column stats: NONE
             Filter Operator
-              predicate: (key is not null and (key = '8')) (type: boolean)
+              predicate: ((key = '8') and key is not null) (type: boolean)
               Statistics: Num rows: 1 Data size: 30 Basic stats: COMPLETE Column stats: NONE
               Reduce Output Operator
                 key expressions: key (type: string)
@@ -67,7 +67,7 @@ STAGE PLANS:
             alias: b
             Statistics: Num rows: 6 Data size: 24 Basic stats: COMPLETE Column stats: NONE
             Filter Operator
-              predicate: (key is not null and (key = '8')) (type: boolean)
+              predicate: ((key = '8') and key is not null) (type: boolean)
               Statistics: Num rows: 3 Data size: 12 Basic stats: COMPLETE Column stats: NONE
               Reduce Output Operator
                 key expressions: key (type: string)
@@ -178,7 +178,7 @@ STAGE PLANS:
             alias: a
             Statistics: Num rows: 1 Data size: 30 Basic stats: COMPLETE Column stats: NONE
             Filter Operator
-              predicate: (key is not null and (not (key = '8'))) (type: boolean)
+              predicate: ((not (key = '8')) and key is not null) (type: boolean)
               Statistics: Num rows: 1 Data size: 30 Basic stats: COMPLETE Column stats: NONE
               Reduce Output Operator
                 key expressions: key (type: string)
@@ -189,7 +189,7 @@ STAGE PLANS:
             alias: b
             Statistics: Num rows: 6 Data size: 24 Basic stats: COMPLETE Column stats: NONE
             Filter Operator
-              predicate: (key is not null and (not (key = '8'))) (type: boolean)
+              predicate: ((not (key = '8')) and key is not null) (type: boolean)
               Statistics: Num rows: 3 Data size: 12 Basic stats: COMPLETE Column stats: NONE
               Reduce Output Operator
                 key expressions: key (type: string)
diff --git a/ql/src/test/results/clientpositive/skewjoinopt11.q.out b/ql/src/test/results/clientpositive/skewjoinopt11.q.out
index 1455878200..bd0357e291 100644
--- a/ql/src/test/results/clientpositive/skewjoinopt11.q.out
+++ b/ql/src/test/results/clientpositive/skewjoinopt11.q.out
@@ -66,7 +66,7 @@ STAGE PLANS:
             alias: a
             Statistics: Num rows: 1 Data size: 30 Basic stats: COMPLETE Column stats: NONE
             Filter Operator
-              predicate: (key is not null and (key = '2')) (type: boolean)
+              predicate: ((key = '2') and key is not null) (type: boolean)
               Statistics: Num rows: 1 Data size: 30 Basic stats: COMPLETE Column stats: NONE
               Select Operator
                 expressions: key (type: string), val (type: string)
@@ -82,7 +82,7 @@ STAGE PLANS:
             alias: b
             Statistics: Num rows: 1 Data size: 30 Basic stats: COMPLETE Column stats: NONE
             Filter Operator
-              predicate: (key is not null and (key = '2')) (type: boolean)
+              predicate: ((key = '2') and key is not null) (type: boolean)
               Statistics: Num rows: 1 Data size: 30 Basic stats: COMPLETE Column stats: NONE
               Select Operator
                 expressions: key (type: string), val (type: string)
@@ -167,7 +167,7 @@ STAGE PLANS:
             alias: a
             Statistics: Num rows: 1 Data size: 30 Basic stats: COMPLETE Column stats: NONE
             Filter Operator
-              predicate: (key is not null and (key = '2')) (type: boolean)
+              predicate: ((key = '2') and key is not null) (type: boolean)
               Statistics: Num rows: 1 Data size: 30 Basic stats: COMPLETE Column stats: NONE
               Select Operator
                 expressions: key (type: string), val (type: string)
@@ -183,7 +183,7 @@ STAGE PLANS:
             alias: b
             Statistics: Num rows: 1 Data size: 30 Basic stats: COMPLETE Column stats: NONE
             Filter Operator
-              predicate: (key is not null and (key = '2')) (type: boolean)
+              predicate: ((key = '2') and key is not null) (type: boolean)
               Statistics: Num rows: 1 Data size: 30 Basic stats: COMPLETE Column stats: NONE
               Select Operator
                 expressions: key (type: string), val (type: string)
@@ -244,7 +244,7 @@ STAGE PLANS:
             alias: a
             Statistics: Num rows: 1 Data size: 30 Basic stats: COMPLETE Column stats: NONE
             Filter Operator
-              predicate: (key is not null and (not (key = '2'))) (type: boolean)
+              predicate: ((not (key = '2')) and key is not null) (type: boolean)
               Statistics: Num rows: 1 Data size: 30 Basic stats: COMPLETE Column stats: NONE
               Select Operator
                 expressions: key (type: string), val (type: string)
@@ -260,7 +260,7 @@ STAGE PLANS:
             alias: b
             Statistics: Num rows: 1 Data size: 30 Basic stats: COMPLETE Column stats: NONE
             Filter Operator
-              predicate: (key is not null and (not (key = '2'))) (type: boolean)
+              predicate: ((not (key = '2')) and key is not null) (type: boolean)
               Statistics: Num rows: 1 Data size: 30 Basic stats: COMPLETE Column stats: NONE
               Select Operator
                 expressions: key (type: string), val (type: string)
@@ -296,7 +296,7 @@ STAGE PLANS:
             alias: a
             Statistics: Num rows: 1 Data size: 30 Basic stats: COMPLETE Column stats: NONE
             Filter Operator
-              predicate: (key is not null and (not (key = '2'))) (type: boolean)
+              predicate: ((not (key = '2')) and key is not null) (type: boolean)
               Statistics: Num rows: 1 Data size: 30 Basic stats: COMPLETE Column stats: NONE
               Select Operator
                 expressions: key (type: string), val (type: string)
@@ -312,7 +312,7 @@ STAGE PLANS:
             alias: b
             Statistics: Num rows: 1 Data size: 30 Basic stats: COMPLETE Column stats: NONE
             Filter Operator
-              predicate: (key is not null and (not (key = '2'))) (type: boolean)
+              predicate: ((not (key = '2')) and key is not null) (type: boolean)
               Statistics: Num rows: 1 Data size: 30 Basic stats: COMPLETE Column stats: NONE
               Select Operator
                 expressions: key (type: string), val (type: string)
diff --git a/ql/src/test/results/clientpositive/skewjoinopt12.q.out b/ql/src/test/results/clientpositive/skewjoinopt12.q.out
index 3a1899c2a3..4bc1bf28d9 100644
--- a/ql/src/test/results/clientpositive/skewjoinopt12.q.out
+++ b/ql/src/test/results/clientpositive/skewjoinopt12.q.out
@@ -54,7 +54,7 @@ STAGE PLANS:
             alias: a
             Statistics: Num rows: 1 Data size: 30 Basic stats: COMPLETE Column stats: NONE
             Filter Operator
-              predicate: (key is not null and val is not null and ((((key = '2') and (val = '12')) or ((key = '8') and (val = '18'))) or ((key = '3') and (val = '13')))) (type: boolean)
+              predicate: (((((key = '2') and (val = '12')) or ((key = '8') and (val = '18'))) or ((key = '3') and (val = '13'))) and key is not null and val is not null) (type: boolean)
               Statistics: Num rows: 1 Data size: 30 Basic stats: COMPLETE Column stats: NONE
               Select Operator
                 expressions: key (type: string), val (type: string)
@@ -69,7 +69,7 @@ STAGE PLANS:
             alias: b
             Statistics: Num rows: 1 Data size: 30 Basic stats: COMPLETE Column stats: NONE
             Filter Operator
-              predicate: (key is not null and val is not null and ((((key = '2') and (val = '12')) or ((key = '8') and (val = '18'))) or ((key = '3') and (val = '13')))) (type: boolean)
+              predicate: (((((key = '2') and (val = '12')) or ((key = '8') and (val = '18'))) or ((key = '3') and (val = '13'))) and key is not null and val is not null) (type: boolean)
               Statistics: Num rows: 1 Data size: 30 Basic stats: COMPLETE Column stats: NONE
               Select Operator
                 expressions: key (type: string), val (type: string)
@@ -127,7 +127,7 @@ STAGE PLANS:
             alias: a
             Statistics: Num rows: 1 Data size: 30 Basic stats: COMPLETE Column stats: NONE
             Filter Operator
-              predicate: (key is not null and val is not null and (not ((((key = '2') and (val = '12')) or ((key = '8') and (val = '18'))) or ((key = '3') and (val = '13'))))) (type: boolean)
+              predicate: ((not ((((key = '2') and (val = '12')) or ((key = '8') and (val = '18'))) or ((key = '3') and (val = '13')))) and key is not null and val is not null) (type: boolean)
               Statistics: Num rows: 1 Data size: 30 Basic stats: COMPLETE Column stats: NONE
               Select Operator
                 expressions: key (type: string), val (type: string)
@@ -142,7 +142,7 @@ STAGE PLANS:
             alias: b
             Statistics: Num rows: 1 Data size: 30 Basic stats: COMPLETE Column stats: NONE
             Filter Operator
-              predicate: (key is not null and val is not null and (not ((((key = '2') and (val = '12')) or ((key = '8') and (val = '18'))) or ((key = '3') and (val = '13'))))) (type: boolean)
+              predicate: ((not ((((key = '2') and (val = '12')) or ((key = '8') and (val = '18'))) or ((key = '3') and (val = '13')))) and key is not null and val is not null) (type: boolean)
               Statistics: Num rows: 1 Data size: 30 Basic stats: COMPLETE Column stats: NONE
               Select Operator
                 expressions: key (type: string), val (type: string)
diff --git a/ql/src/test/results/clientpositive/skewjoinopt14.q.out b/ql/src/test/results/clientpositive/skewjoinopt14.q.out
index e5f89052d4..c4c750f14b 100644
--- a/ql/src/test/results/clientpositive/skewjoinopt14.q.out
+++ b/ql/src/test/results/clientpositive/skewjoinopt14.q.out
@@ -76,7 +76,7 @@ STAGE PLANS:
             alias: a
             Statistics: Num rows: 1 Data size: 30 Basic stats: COMPLETE Column stats: NONE
             Filter Operator
-              predicate: (key is not null and val is not null and (key = '2')) (type: boolean)
+              predicate: ((key = '2') and key is not null and val is not null) (type: boolean)
               Statistics: Num rows: 1 Data size: 30 Basic stats: COMPLETE Column stats: NONE
               Select Operator
                 expressions: key (type: string), val (type: string)
@@ -92,7 +92,7 @@ STAGE PLANS:
             alias: b
             Statistics: Num rows: 1 Data size: 30 Basic stats: COMPLETE Column stats: NONE
             Filter Operator
-              predicate: (key is not null and (key = '2')) (type: boolean)
+              predicate: ((key = '2') and key is not null) (type: boolean)
               Statistics: Num rows: 1 Data size: 30 Basic stats: COMPLETE Column stats: NONE
               Select Operator
                 expressions: key (type: string), val (type: string)
@@ -181,7 +181,7 @@ STAGE PLANS:
             alias: a
             Statistics: Num rows: 1 Data size: 30 Basic stats: COMPLETE Column stats: NONE
             Filter Operator
-              predicate: (key is not null and val is not null and (not (key = '2'))) (type: boolean)
+              predicate: ((not (key = '2')) and key is not null and val is not null) (type: boolean)
               Statistics: Num rows: 1 Data size: 30 Basic stats: COMPLETE Column stats: NONE
               Select Operator
                 expressions: key (type: string), val (type: string)
@@ -197,7 +197,7 @@ STAGE PLANS:
             alias: b
             Statistics: Num rows: 1 Data size: 30 Basic stats: COMPLETE Column stats: NONE
             Filter Operator
-              predicate: (key is not null and (not (key = '2'))) (type: boolean)
+              predicate: ((not (key = '2')) and key is not null) (type: boolean)
               Statistics: Num rows: 1 Data size: 30 Basic stats: COMPLETE Column stats: NONE
               Select Operator
                 expressions: key (type: string), val (type: string)
diff --git a/ql/src/test/results/clientpositive/skewjoinopt16.q.out b/ql/src/test/results/clientpositive/skewjoinopt16.q.out
index b0b948c8f6..f35f34d5f7 100644
--- a/ql/src/test/results/clientpositive/skewjoinopt16.q.out
+++ b/ql/src/test/results/clientpositive/skewjoinopt16.q.out
@@ -54,7 +54,7 @@ STAGE PLANS:
             alias: a
             Statistics: Num rows: 1 Data size: 30 Basic stats: COMPLETE Column stats: NONE
             Filter Operator
-              predicate: (key is not null and val is not null and (((key = '2') and (val = '12')) or (key = '3'))) (type: boolean)
+              predicate: ((((key = '2') and (val = '12')) or (key = '3')) and key is not null and val is not null) (type: boolean)
               Statistics: Num rows: 1 Data size: 30 Basic stats: COMPLETE Column stats: NONE
               Select Operator
                 expressions: key (type: string), val (type: string)
@@ -69,7 +69,7 @@ STAGE PLANS:
             alias: b
             Statistics: Num rows: 1 Data size: 30 Basic stats: COMPLETE Column stats: NONE
             Filter Operator
-              predicate: (key is not null and val is not null and (((key = '2') and (val = '12')) or (key = '3'))) (type: boolean)
+              predicate: ((((key = '2') and (val = '12')) or (key = '3')) and key is not null and val is not null) (type: boolean)
               Statistics: Num rows: 1 Data size: 30 Basic stats: COMPLETE Column stats: NONE
               Select Operator
                 expressions: key (type: string), val (type: string)
@@ -127,7 +127,7 @@ STAGE PLANS:
             alias: a
             Statistics: Num rows: 1 Data size: 30 Basic stats: COMPLETE Column stats: NONE
             Filter Operator
-              predicate: (key is not null and val is not null and (not (((key = '2') and (val = '12')) or (key = '3')))) (type: boolean)
+              predicate: ((not (((key = '2') and (val = '12')) or (key = '3'))) and key is not null and val is not null) (type: boolean)
               Statistics: Num rows: 1 Data size: 30 Basic stats: COMPLETE Column stats: NONE
               Select Operator
                 expressions: key (type: string), val (type: string)
@@ -142,7 +142,7 @@ STAGE PLANS:
             alias: b
             Statistics: Num rows: 1 Data size: 30 Basic stats: COMPLETE Column stats: NONE
             Filter Operator
-              predicate: (key is not null and val is not null and (not (((key = '2') and (val = '12')) or (key = '3')))) (type: boolean)
+              predicate: ((not (((key = '2') and (val = '12')) or (key = '3'))) and key is not null and val is not null) (type: boolean)
               Statistics: Num rows: 1 Data size: 30 Basic stats: COMPLETE Column stats: NONE
               Select Operator
                 expressions: key (type: string), val (type: string)
diff --git a/ql/src/test/results/clientpositive/skewjoinopt17.q.out b/ql/src/test/results/clientpositive/skewjoinopt17.q.out
index a48f3f19ad..39380ac058 100644
--- a/ql/src/test/results/clientpositive/skewjoinopt17.q.out
+++ b/ql/src/test/results/clientpositive/skewjoinopt17.q.out
@@ -54,7 +54,7 @@ STAGE PLANS:
             alias: a
             Statistics: Num rows: 1 Data size: 30 Basic stats: COMPLETE Column stats: NONE
             Filter Operator
-              predicate: (key is not null and (key = '2')) (type: boolean)
+              predicate: ((key = '2') and key is not null) (type: boolean)
               Statistics: Num rows: 1 Data size: 30 Basic stats: COMPLETE Column stats: NONE
               Select Operator
                 expressions: key (type: string), val (type: string)
@@ -70,7 +70,7 @@ STAGE PLANS:
             alias: b
             Statistics: Num rows: 1 Data size: 30 Basic stats: COMPLETE Column stats: NONE
             Filter Operator
-              predicate: (key is not null and (key = '2')) (type: boolean)
+              predicate: ((key = '2') and key is not null) (type: boolean)
               Statistics: Num rows: 1 Data size: 30 Basic stats: COMPLETE Column stats: NONE
               Select Operator
                 expressions: key (type: string), val (type: string)
@@ -129,7 +129,7 @@ STAGE PLANS:
             alias: a
             Statistics: Num rows: 1 Data size: 30 Basic stats: COMPLETE Column stats: NONE
             Filter Operator
-              predicate: (key is not null and (not (key = '2'))) (type: boolean)
+              predicate: ((not (key = '2')) and key is not null) (type: boolean)
               Statistics: Num rows: 1 Data size: 30 Basic stats: COMPLETE Column stats: NONE
               Select Operator
                 expressions: key (type: string), val (type: string)
@@ -145,7 +145,7 @@ STAGE PLANS:
             alias: b
             Statistics: Num rows: 1 Data size: 30 Basic stats: COMPLETE Column stats: NONE
             Filter Operator
-              predicate: (key is not null and (not (key = '2'))) (type: boolean)
+              predicate: ((not (key = '2')) and key is not null) (type: boolean)
               Statistics: Num rows: 1 Data size: 30 Basic stats: COMPLETE Column stats: NONE
               Select Operator
                 expressions: key (type: string), val (type: string)
@@ -266,7 +266,7 @@ STAGE PLANS:
             alias: a
             Statistics: Num rows: 1 Data size: 30 Basic stats: COMPLETE Column stats: NONE
             Filter Operator
-              predicate: (key is not null and val is not null and (((key = '2') and (val = '12')) or (key = '2'))) (type: boolean)
+              predicate: ((((key = '2') and (val = '12')) or (key = '2')) and key is not null and val is not null) (type: boolean)
               Statistics: Num rows: 1 Data size: 30 Basic stats: COMPLETE Column stats: NONE
               Select Operator
                 expressions: key (type: string), val (type: string)
@@ -281,7 +281,7 @@ STAGE PLANS:
             alias: b
             Statistics: Num rows: 1 Data size: 30 Basic stats: COMPLETE Column stats: NONE
             Filter Operator
-              predicate: (key is not null and val is not null and (((key = '2') and (val = '12')) or (key = '2'))) (type: boolean)
+              predicate: ((((key = '2') and (val = '12')) or (key = '2')) and key is not null and val is not null) (type: boolean)
               Statistics: Num rows: 1 Data size: 30 Basic stats: COMPLETE Column stats: NONE
               Select Operator
                 expressions: key (type: string), val (type: string)
@@ -339,7 +339,7 @@ STAGE PLANS:
             alias: a
             Statistics: Num rows: 1 Data size: 30 Basic stats: COMPLETE Column stats: NONE
             Filter Operator
-              predicate: (key is not null and val is not null and (not (((key = '2') and (val = '12')) or (key = '2')))) (type: boolean)
+              predicate: ((not (((key = '2') and (val = '12')) or (key = '2'))) and key is not null and val is not null) (type: boolean)
               Statistics: Num rows: 1 Data size: 30 Basic stats: COMPLETE Column stats: NONE
               Select Operator
                 expressions: key (type: string), val (type: string)
@@ -354,7 +354,7 @@ STAGE PLANS:
             alias: b
             Statistics: Num rows: 1 Data size: 30 Basic stats: COMPLETE Column stats: NONE
             Filter Operator
-              predicate: (key is not null and val is not null and (not (((key = '2') and (val = '12')) or (key = '2')))) (type: boolean)
+              predicate: ((not (((key = '2') and (val = '12')) or (key = '2'))) and key is not null and val is not null) (type: boolean)
               Statistics: Num rows: 1 Data size: 30 Basic stats: COMPLETE Column stats: NONE
               Select Operator
                 expressions: key (type: string), val (type: string)
diff --git a/ql/src/test/results/clientpositive/skewjoinopt19.q.out b/ql/src/test/results/clientpositive/skewjoinopt19.q.out
index 370c865460..2dc238dbdb 100644
--- a/ql/src/test/results/clientpositive/skewjoinopt19.q.out
+++ b/ql/src/test/results/clientpositive/skewjoinopt19.q.out
@@ -54,7 +54,7 @@ STAGE PLANS:
             alias: a
             Statistics: Num rows: 1 Data size: 30 Basic stats: COMPLETE Column stats: NONE
             Filter Operator
-              predicate: (key is not null and (key = '2')) (type: boolean)
+              predicate: ((key = '2') and key is not null) (type: boolean)
               Statistics: Num rows: 1 Data size: 30 Basic stats: COMPLETE Column stats: NONE
               Select Operator
                 expressions: key (type: string), val (type: string)
@@ -70,7 +70,7 @@ STAGE PLANS:
             alias: b
             Statistics: Num rows: 1 Data size: 30 Basic stats: COMPLETE Column stats: NONE
             Filter Operator
-              predicate: (key is not null and (key = '2')) (type: boolean)
+              predicate: ((key = '2') and key is not null) (type: boolean)
               Statistics: Num rows: 1 Data size: 30 Basic stats: COMPLETE Column stats: NONE
               Select Operator
                 expressions: key (type: string), val (type: string)
@@ -129,7 +129,7 @@ STAGE PLANS:
             alias: a
             Statistics: Num rows: 1 Data size: 30 Basic stats: COMPLETE Column stats: NONE
             Filter Operator
-              predicate: (key is not null and (not (key = '2'))) (type: boolean)
+              predicate: ((not (key = '2')) and key is not null) (type: boolean)
               Statistics: Num rows: 1 Data size: 30 Basic stats: COMPLETE Column stats: NONE
               Select Operator
                 expressions: key (type: string), val (type: string)
@@ -145,7 +145,7 @@ STAGE PLANS:
             alias: b
             Statistics: Num rows: 1 Data size: 30 Basic stats: COMPLETE Column stats: NONE
             Filter Operator
-              predicate: (key is not null and (not (key = '2'))) (type: boolean)
+              predicate: ((not (key = '2')) and key is not null) (type: boolean)
               Statistics: Num rows: 1 Data size: 30 Basic stats: COMPLETE Column stats: NONE
               Select Operator
                 expressions: key (type: string), val (type: string)
diff --git a/ql/src/test/results/clientpositive/skewjoinopt2.q.out b/ql/src/test/results/clientpositive/skewjoinopt2.q.out
index 1b52ca7d8e..f6ee235e51 100644
--- a/ql/src/test/results/clientpositive/skewjoinopt2.q.out
+++ b/ql/src/test/results/clientpositive/skewjoinopt2.q.out
@@ -54,7 +54,7 @@ STAGE PLANS:
             alias: a
             Statistics: Num rows: 1 Data size: 30 Basic stats: COMPLETE Column stats: NONE
             Filter Operator
-              predicate: (key is not null and val is not null and ((((key = '2') or (key = '7')) or (key = '3')) or (key = '8'))) (type: boolean)
+              predicate: (((((key = '2') or (key = '7')) or (key = '3')) or (key = '8')) and key is not null and val is not null) (type: boolean)
               Statistics: Num rows: 1 Data size: 30 Basic stats: COMPLETE Column stats: NONE
               Select Operator
                 expressions: key (type: string), val (type: string)
@@ -69,7 +69,7 @@ STAGE PLANS:
             alias: b
             Statistics: Num rows: 1 Data size: 30 Basic stats: COMPLETE Column stats: NONE
             Filter Operator
-              predicate: (key is not null and val is not null and ((((key = '2') or (key = '7')) or (key = '3')) or (key = '8'))) (type: boolean)
+              predicate: (((((key = '2') or (key = '7')) or (key = '3')) or (key = '8')) and key is not null and val is not null) (type: boolean)
               Statistics: Num rows: 1 Data size: 30 Basic stats: COMPLETE Column stats: NONE
               Select Operator
                 expressions: key (type: string), val (type: string)
@@ -127,7 +127,7 @@ STAGE PLANS:
             alias: a
             Statistics: Num rows: 1 Data size: 30 Basic stats: COMPLETE Column stats: NONE
             Filter Operator
-              predicate: (key is not null and val is not null and (not ((((key = '2') or (key = '7')) or (key = '3')) or (key = '8')))) (type: boolean)
+              predicate: ((not ((((key = '2') or (key = '7')) or (key = '3')) or (key = '8'))) and key is not null and val is not null) (type: boolean)
               Statistics: Num rows: 1 Data size: 30 Basic stats: COMPLETE Column stats: NONE
               Select Operator
                 expressions: key (type: string), val (type: string)
@@ -142,7 +142,7 @@ STAGE PLANS:
             alias: b
             Statistics: Num rows: 1 Data size: 30 Basic stats: COMPLETE Column stats: NONE
             Filter Operator
-              predicate: (key is not null and val is not null and (not ((((key = '2') or (key = '7')) or (key = '3')) or (key = '8')))) (type: boolean)
+              predicate: ((not ((((key = '2') or (key = '7')) or (key = '3')) or (key = '8'))) and key is not null and val is not null) (type: boolean)
               Statistics: Num rows: 1 Data size: 30 Basic stats: COMPLETE Column stats: NONE
               Select Operator
                 expressions: key (type: string), val (type: string)
@@ -364,7 +364,7 @@ STAGE PLANS:
             alias: a
             Statistics: Num rows: 1 Data size: 30 Basic stats: COMPLETE Column stats: NONE
             Filter Operator
-              predicate: (key is not null and val is not null and ((((key = '2') or (key = '7')) or (key = '3')) or (key = '8'))) (type: boolean)
+              predicate: (((((key = '2') or (key = '7')) or (key = '3')) or (key = '8')) and key is not null and val is not null) (type: boolean)
               Statistics: Num rows: 1 Data size: 30 Basic stats: COMPLETE Column stats: NONE
               Select Operator
                 expressions: key (type: string), val (type: string)
@@ -379,7 +379,7 @@ STAGE PLANS:
             alias: b
             Statistics: Num rows: 1 Data size: 30 Basic stats: COMPLETE Column stats: NONE
             Filter Operator
-              predicate: (key is not null and val is not null and ((((key = '2') or (key = '7')) or (key = '3')) or (key = '8'))) (type: boolean)
+              predicate: (((((key = '2') or (key = '7')) or (key = '3')) or (key = '8')) and key is not null and val is not null) (type: boolean)
               Statistics: Num rows: 1 Data size: 30 Basic stats: COMPLETE Column stats: NONE
               Select Operator
                 expressions: key (type: string), val (type: string)
@@ -461,7 +461,7 @@ STAGE PLANS:
             alias: a
             Statistics: Num rows: 1 Data size: 30 Basic stats: COMPLETE Column stats: NONE
             Filter Operator
-              predicate: (key is not null and val is not null and (not ((((key = '2') or (key = '7')) or (key = '3')) or (key = '8')))) (type: boolean)
+              predicate: ((not ((((key = '2') or (key = '7')) or (key = '3')) or (key = '8'))) and key is not null and val is not null) (type: boolean)
               Statistics: Num rows: 1 Data size: 30 Basic stats: COMPLETE Column stats: NONE
               Select Operator
                 expressions: key (type: string), val (type: string)
@@ -476,7 +476,7 @@ STAGE PLANS:
             alias: b
             Statistics: Num rows: 1 Data size: 30 Basic stats: COMPLETE Column stats: NONE
             Filter Operator
-              predicate: (key is not null and val is not null and (not ((((key = '2') or (key = '7')) or (key = '3')) or (key = '8')))) (type: boolean)
+              predicate: ((not ((((key = '2') or (key = '7')) or (key = '3')) or (key = '8'))) and key is not null and val is not null) (type: boolean)
               Statistics: Num rows: 1 Data size: 30 Basic stats: COMPLETE Column stats: NONE
               Select Operator
                 expressions: key (type: string), val (type: string)
diff --git a/ql/src/test/results/clientpositive/skewjoinopt20.q.out b/ql/src/test/results/clientpositive/skewjoinopt20.q.out
index 3af77fca9d..9cb828c483 100644
--- a/ql/src/test/results/clientpositive/skewjoinopt20.q.out
+++ b/ql/src/test/results/clientpositive/skewjoinopt20.q.out
@@ -54,7 +54,7 @@ STAGE PLANS:
             alias: a
             Statistics: Num rows: 1 Data size: 30 Basic stats: COMPLETE Column stats: NONE
             Filter Operator
-              predicate: (key is not null and (key = '2')) (type: boolean)
+              predicate: ((key = '2') and key is not null) (type: boolean)
               Statistics: Num rows: 1 Data size: 30 Basic stats: COMPLETE Column stats: NONE
               Select Operator
                 expressions: key (type: string), val (type: string)
@@ -70,7 +70,7 @@ STAGE PLANS:
             alias: b
             Statistics: Num rows: 1 Data size: 30 Basic stats: COMPLETE Column stats: NONE
             Filter Operator
-              predicate: (key is not null and (key = '2')) (type: boolean)
+              predicate: ((key = '2') and key is not null) (type: boolean)
               Statistics: Num rows: 1 Data size: 30 Basic stats: COMPLETE Column stats: NONE
               Select Operator
                 expressions: key (type: string), val (type: string)
@@ -129,7 +129,7 @@ STAGE PLANS:
             alias: a
             Statistics: Num rows: 1 Data size: 30 Basic stats: COMPLETE Column stats: NONE
             Filter Operator
-              predicate: (key is not null and (not (key = '2'))) (type: boolean)
+              predicate: ((not (key = '2')) and key is not null) (type: boolean)
               Statistics: Num rows: 1 Data size: 30 Basic stats: COMPLETE Column stats: NONE
               Select Operator
                 expressions: key (type: string), val (type: string)
@@ -145,7 +145,7 @@ STAGE PLANS:
             alias: b
             Statistics: Num rows: 1 Data size: 30 Basic stats: COMPLETE Column stats: NONE
             Filter Operator
-              predicate: (key is not null and (not (key = '2'))) (type: boolean)
+              predicate: ((not (key = '2')) and key is not null) (type: boolean)
               Statistics: Num rows: 1 Data size: 30 Basic stats: COMPLETE Column stats: NONE
               Select Operator
                 expressions: key (type: string), val (type: string)
diff --git a/ql/src/test/results/clientpositive/skewjoinopt21.q.out b/ql/src/test/results/clientpositive/skewjoinopt21.q.out
index a20be6349a..7bd0d8add6 100644
--- a/ql/src/test/results/clientpositive/skewjoinopt21.q.out
+++ b/ql/src/test/results/clientpositive/skewjoinopt21.q.out
@@ -64,7 +64,7 @@ STAGE PLANS:
             alias: t1
             Statistics: Num rows: 1 Data size: 30 Basic stats: COMPLETE Column stats: NONE
             Filter Operator
-              predicate: (key is not null and ((key = '2') or (key = '3'))) (type: boolean)
+              predicate: (((key = '2') or (key = '3')) and key is not null) (type: boolean)
               Statistics: Num rows: 1 Data size: 30 Basic stats: COMPLETE Column stats: NONE
               Select Operator
                 expressions: key (type: string), val (type: string)
@@ -80,7 +80,7 @@ STAGE PLANS:
             alias: t2
             Statistics: Num rows: 1 Data size: 30 Basic stats: COMPLETE Column stats: NONE
             Filter Operator
-              predicate: (key is not null and ((key = '2') or (key = '3'))) (type: boolean)
+              predicate: (((key = '2') or (key = '3')) and key is not null) (type: boolean)
               Statistics: Num rows: 1 Data size: 30 Basic stats: COMPLETE Column stats: NONE
               Select Operator
                 expressions: key (type: string), val (type: string)
@@ -139,7 +139,7 @@ STAGE PLANS:
             alias: t1
             Statistics: Num rows: 1 Data size: 30 Basic stats: COMPLETE Column stats: NONE
             Filter Operator
-              predicate: (key is not null and (not ((key = '2') or (key = '3')))) (type: boolean)
+              predicate: ((not ((key = '2') or (key = '3'))) and key is not null) (type: boolean)
               Statistics: Num rows: 1 Data size: 30 Basic stats: COMPLETE Column stats: NONE
               Select Operator
                 expressions: key (type: string), val (type: string)
@@ -155,7 +155,7 @@ STAGE PLANS:
             alias: t2
             Statistics: Num rows: 1 Data size: 30 Basic stats: COMPLETE Column stats: NONE
             Filter Operator
-              predicate: (key is not null and (not ((key = '2') or (key = '3')))) (type: boolean)
+              predicate: ((not ((key = '2') or (key = '3'))) and key is not null) (type: boolean)
               Statistics: Num rows: 1 Data size: 30 Basic stats: COMPLETE Column stats: NONE
               Select Operator
                 expressions: key (type: string), val (type: string)
diff --git a/ql/src/test/results/clientpositive/skewjoinopt3.q.out b/ql/src/test/results/clientpositive/skewjoinopt3.q.out
index 952a2bd806..87bb063d62 100644
--- a/ql/src/test/results/clientpositive/skewjoinopt3.q.out
+++ b/ql/src/test/results/clientpositive/skewjoinopt3.q.out
@@ -54,7 +54,7 @@ STAGE PLANS:
             alias: a
             Statistics: Num rows: 1 Data size: 30 Basic stats: COMPLETE Column stats: NONE
             Filter Operator
-              predicate: (key is not null and (((key = '2') or (key = '8')) or (key = '3'))) (type: boolean)
+              predicate: ((((key = '2') or (key = '8')) or (key = '3')) and key is not null) (type: boolean)
               Statistics: Num rows: 1 Data size: 30 Basic stats: COMPLETE Column stats: NONE
               Select Operator
                 expressions: key (type: string), val (type: string)
@@ -70,7 +70,7 @@ STAGE PLANS:
             alias: b
             Statistics: Num rows: 1 Data size: 30 Basic stats: COMPLETE Column stats: NONE
             Filter Operator
-              predicate: (key is not null and (((key = '2') or (key = '8')) or (key = '3'))) (type: boolean)
+              predicate: ((((key = '2') or (key = '8')) or (key = '3')) and key is not null) (type: boolean)
               Statistics: Num rows: 1 Data size: 30 Basic stats: COMPLETE Column stats: NONE
               Select Operator
                 expressions: key (type: string), val (type: string)
@@ -129,7 +129,7 @@ STAGE PLANS:
             alias: a
             Statistics: Num rows: 1 Data size: 30 Basic stats: COMPLETE Column stats: NONE
             Filter Operator
-              predicate: (key is not null and (not (((key = '2') or (key = '8')) or (key = '3')))) (type: boolean)
+              predicate: ((not (((key = '2') or (key = '8')) or (key = '3'))) and key is not null) (type: boolean)
               Statistics: Num rows: 1 Data size: 30 Basic stats: COMPLETE Column stats: NONE
               Select Operator
                 expressions: key (type: string), val (type: string)
@@ -145,7 +145,7 @@ STAGE PLANS:
             alias: b
             Statistics: Num rows: 1 Data size: 30 Basic stats: COMPLETE Column stats: NONE
             Filter Operator
-              predicate: (key is not null and (not (((key = '2') or (key = '8')) or (key = '3')))) (type: boolean)
+              predicate: ((not (((key = '2') or (key = '8')) or (key = '3'))) and key is not null) (type: boolean)
               Statistics: Num rows: 1 Data size: 30 Basic stats: COMPLETE Column stats: NONE
               Select Operator
                 expressions: key (type: string), val (type: string)
diff --git a/ql/src/test/results/clientpositive/skewjoinopt4.q.out b/ql/src/test/results/clientpositive/skewjoinopt4.q.out
index a9de160763..c35aeb80b6 100644
--- a/ql/src/test/results/clientpositive/skewjoinopt4.q.out
+++ b/ql/src/test/results/clientpositive/skewjoinopt4.q.out
@@ -52,7 +52,7 @@ STAGE PLANS:
             alias: a
             Statistics: Num rows: 1 Data size: 30 Basic stats: COMPLETE Column stats: NONE
             Filter Operator
-              predicate: (key is not null and (key = '2')) (type: boolean)
+              predicate: ((key = '2') and key is not null) (type: boolean)
               Statistics: Num rows: 1 Data size: 30 Basic stats: COMPLETE Column stats: NONE
               Select Operator
                 expressions: key (type: string), val (type: string)
@@ -68,7 +68,7 @@ STAGE PLANS:
             alias: b
             Statistics: Num rows: 1 Data size: 30 Basic stats: COMPLETE Column stats: NONE
             Filter Operator
-              predicate: (key is not null and (key = '2')) (type: boolean)
+              predicate: ((key = '2') and key is not null) (type: boolean)
               Statistics: Num rows: 1 Data size: 30 Basic stats: COMPLETE Column stats: NONE
               Select Operator
                 expressions: key (type: string), val (type: string)
@@ -127,7 +127,7 @@ STAGE PLANS:
             alias: a
             Statistics: Num rows: 1 Data size: 30 Basic stats: COMPLETE Column stats: NONE
             Filter Operator
-              predicate: (key is not null and (not (key = '2'))) (type: boolean)
+              predicate: ((not (key = '2')) and key is not null) (type: boolean)
               Statistics: Num rows: 1 Data size: 30 Basic stats: COMPLETE Column stats: NONE
               Select Operator
                 expressions: key (type: string), val (type: string)
@@ -143,7 +143,7 @@ STAGE PLANS:
             alias: b
             Statistics: Num rows: 1 Data size: 30 Basic stats: COMPLETE Column stats: NONE
             Filter Operator
-              predicate: (key is not null and (not (key = '2'))) (type: boolean)
+              predicate: ((not (key = '2')) and key is not null) (type: boolean)
               Statistics: Num rows: 1 Data size: 30 Basic stats: COMPLETE Column stats: NONE
               Select Operator
                 expressions: key (type: string), val (type: string)
@@ -212,7 +212,7 @@ STAGE PLANS:
             alias: a
             Statistics: Num rows: 1 Data size: 30 Basic stats: COMPLETE Column stats: NONE
             Filter Operator
-              predicate: (key is not null and (key = '2')) (type: boolean)
+              predicate: ((key = '2') and key is not null) (type: boolean)
               Statistics: Num rows: 1 Data size: 30 Basic stats: COMPLETE Column stats: NONE
               Select Operator
                 expressions: key (type: string), val (type: string)
@@ -228,7 +228,7 @@ STAGE PLANS:
             alias: b
             Statistics: Num rows: 1 Data size: 30 Basic stats: COMPLETE Column stats: NONE
             Filter Operator
-              predicate: (key is not null and (key = '2')) (type: boolean)
+              predicate: ((key = '2') and key is not null) (type: boolean)
               Statistics: Num rows: 1 Data size: 30 Basic stats: COMPLETE Column stats: NONE
               Select Operator
                 expressions: key (type: string), val (type: string)
@@ -287,7 +287,7 @@ STAGE PLANS:
             alias: a
             Statistics: Num rows: 1 Data size: 30 Basic stats: COMPLETE Column stats: NONE
             Filter Operator
-              predicate: (key is not null and (not (key = '2'))) (type: boolean)
+              predicate: ((not (key = '2')) and key is not null) (type: boolean)
               Statistics: Num rows: 1 Data size: 30 Basic stats: COMPLETE Column stats: NONE
               Select Operator
                 expressions: key (type: string), val (type: string)
@@ -303,7 +303,7 @@ STAGE PLANS:
             alias: b
             Statistics: Num rows: 1 Data size: 30 Basic stats: COMPLETE Column stats: NONE
             Filter Operator
-              predicate: (key is not null and (not (key = '2'))) (type: boolean)
+              predicate: ((not (key = '2')) and key is not null) (type: boolean)
               Statistics: Num rows: 1 Data size: 30 Basic stats: COMPLETE Column stats: NONE
               Select Operator
                 expressions: key (type: string), val (type: string)
diff --git a/ql/src/test/results/clientpositive/skewjoinopt5.q.out b/ql/src/test/results/clientpositive/skewjoinopt5.q.out
index 1f88812109..ab94be0c04 100644
--- a/ql/src/test/results/clientpositive/skewjoinopt5.q.out
+++ b/ql/src/test/results/clientpositive/skewjoinopt5.q.out
@@ -54,7 +54,7 @@ STAGE PLANS:
             alias: a
             Statistics: Num rows: 1 Data size: 30 Basic stats: COMPLETE Column stats: NONE
             Filter Operator
-              predicate: (key is not null and ((key = '2') or (key = '3'))) (type: boolean)
+              predicate: (((key = '2') or (key = '3')) and key is not null) (type: boolean)
               Statistics: Num rows: 1 Data size: 30 Basic stats: COMPLETE Column stats: NONE
               Select Operator
                 expressions: key (type: string), val (type: string)
@@ -70,7 +70,7 @@ STAGE PLANS:
             alias: b
             Statistics: Num rows: 1 Data size: 30 Basic stats: COMPLETE Column stats: NONE
             Filter Operator
-              predicate: (key is not null and ((key = '2') or (key = '3'))) (type: boolean)
+              predicate: (((key = '2') or (key = '3')) and key is not null) (type: boolean)
               Statistics: Num rows: 1 Data size: 30 Basic stats: COMPLETE Column stats: NONE
               Select Operator
                 expressions: key (type: string), val (type: string)
@@ -129,7 +129,7 @@ STAGE PLANS:
             alias: a
             Statistics: Num rows: 1 Data size: 30 Basic stats: COMPLETE Column stats: NONE
             Filter Operator
-              predicate: (key is not null and (not ((key = '2') or (key = '3')))) (type: boolean)
+              predicate: ((not ((key = '2') or (key = '3'))) and key is not null) (type: boolean)
               Statistics: Num rows: 1 Data size: 30 Basic stats: COMPLETE Column stats: NONE
               Select Operator
                 expressions: key (type: string), val (type: string)
@@ -145,7 +145,7 @@ STAGE PLANS:
             alias: b
             Statistics: Num rows: 1 Data size: 30 Basic stats: COMPLETE Column stats: NONE
             Filter Operator
-              predicate: (key is not null and (not ((key = '2') or (key = '3')))) (type: boolean)
+              predicate: ((not ((key = '2') or (key = '3'))) and key is not null) (type: boolean)
               Statistics: Num rows: 1 Data size: 30 Basic stats: COMPLETE Column stats: NONE
               Select Operator
                 expressions: key (type: string), val (type: string)
diff --git a/ql/src/test/results/clientpositive/skewjoinopt6.q.out b/ql/src/test/results/clientpositive/skewjoinopt6.q.out
index 611552b617..f980237953 100644
--- a/ql/src/test/results/clientpositive/skewjoinopt6.q.out
+++ b/ql/src/test/results/clientpositive/skewjoinopt6.q.out
@@ -54,7 +54,7 @@ STAGE PLANS:
             alias: a
             Statistics: Num rows: 1 Data size: 30 Basic stats: COMPLETE Column stats: NONE
             Filter Operator
-              predicate: (key is not null and (((key = '2') or (key = '8')) or (key = '3'))) (type: boolean)
+              predicate: ((((key = '2') or (key = '8')) or (key = '3')) and key is not null) (type: boolean)
               Statistics: Num rows: 1 Data size: 30 Basic stats: COMPLETE Column stats: NONE
               Select Operator
                 expressions: key (type: string), val (type: string)
@@ -70,7 +70,7 @@ STAGE PLANS:
             alias: b
             Statistics: Num rows: 1 Data size: 30 Basic stats: COMPLETE Column stats: NONE
             Filter Operator
-              predicate: (key is not null and (((key = '2') or (key = '8')) or (key = '3'))) (type: boolean)
+              predicate: ((((key = '2') or (key = '8')) or (key = '3')) and key is not null) (type: boolean)
               Statistics: Num rows: 1 Data size: 30 Basic stats: COMPLETE Column stats: NONE
               Select Operator
                 expressions: key (type: string), val (type: string)
@@ -129,7 +129,7 @@ STAGE PLANS:
             alias: a
             Statistics: Num rows: 1 Data size: 30 Basic stats: COMPLETE Column stats: NONE
             Filter Operator
-              predicate: (key is not null and (not (((key = '2') or (key = '8')) or (key = '3')))) (type: boolean)
+              predicate: ((not (((key = '2') or (key = '8')) or (key = '3'))) and key is not null) (type: boolean)
               Statistics: Num rows: 1 Data size: 30 Basic stats: COMPLETE Column stats: NONE
               Select Operator
                 expressions: key (type: string), val (type: string)
@@ -145,7 +145,7 @@ STAGE PLANS:
             alias: b
             Statistics: Num rows: 1 Data size: 30 Basic stats: COMPLETE Column stats: NONE
             Filter Operator
-              predicate: (key is not null and (not (((key = '2') or (key = '8')) or (key = '3')))) (type: boolean)
+              predicate: ((not (((key = '2') or (key = '8')) or (key = '3'))) and key is not null) (type: boolean)
               Statistics: Num rows: 1 Data size: 30 Basic stats: COMPLETE Column stats: NONE
               Select Operator
                 expressions: key (type: string), val (type: string)
diff --git a/ql/src/test/results/clientpositive/skewjoinopt7.q.out b/ql/src/test/results/clientpositive/skewjoinopt7.q.out
index e982bba76f..c11751b901 100644
--- a/ql/src/test/results/clientpositive/skewjoinopt7.q.out
+++ b/ql/src/test/results/clientpositive/skewjoinopt7.q.out
@@ -70,7 +70,7 @@ STAGE PLANS:
             alias: a
             Statistics: Num rows: 1 Data size: 30 Basic stats: COMPLETE Column stats: NONE
             Filter Operator
-              predicate: (key is not null and (((key = '2') or (key = '8')) or (key = '3'))) (type: boolean)
+              predicate: ((((key = '2') or (key = '8')) or (key = '3')) and key is not null) (type: boolean)
               Statistics: Num rows: 1 Data size: 30 Basic stats: COMPLETE Column stats: NONE
               Select Operator
                 expressions: key (type: string), val (type: string)
@@ -86,7 +86,7 @@ STAGE PLANS:
             alias: b
             Statistics: Num rows: 1 Data size: 30 Basic stats: COMPLETE Column stats: NONE
             Filter Operator
-              predicate: (key is not null and (((key = '2') or (key = '8')) or (key = '3'))) (type: boolean)
+              predicate: ((((key = '2') or (key = '8')) or (key = '3')) and key is not null) (type: boolean)
               Statistics: Num rows: 1 Data size: 30 Basic stats: COMPLETE Column stats: NONE
               Select Operator
                 expressions: key (type: string), val (type: string)
@@ -102,7 +102,7 @@ STAGE PLANS:
             alias: c
             Statistics: Num rows: 1 Data size: 20 Basic stats: COMPLETE Column stats: NONE
             Filter Operator
-              predicate: (key is not null and (((key = '2') or (key = '8')) or (key = '3'))) (type: boolean)
+              predicate: ((((key = '2') or (key = '8')) or (key = '3')) and key is not null) (type: boolean)
               Statistics: Num rows: 1 Data size: 20 Basic stats: COMPLETE Column stats: NONE
               Select Operator
                 expressions: key (type: string), val (type: string)
@@ -163,7 +163,7 @@ STAGE PLANS:
             alias: a
             Statistics: Num rows: 1 Data size: 30 Basic stats: COMPLETE Column stats: NONE
             Filter Operator
-              predicate: (key is not null and (not (((key = '2') or (key = '8')) or (key = '3')))) (type: boolean)
+              predicate: ((not (((key = '2') or (key = '8')) or (key = '3'))) and key is not null) (type: boolean)
               Statistics: Num rows: 1 Data size: 30 Basic stats: COMPLETE Column stats: NONE
               Select Operator
                 expressions: key (type: string), val (type: string)
@@ -179,7 +179,7 @@ STAGE PLANS:
             alias: b
             Statistics: Num rows: 1 Data size: 30 Basic stats: COMPLETE Column stats: NONE
             Filter Operator
-              predicate: (key is not null and (not (((key = '2') or (key = '8')) or (key = '3')))) (type: boolean)
+              predicate: ((not (((key = '2') or (key = '8')) or (key = '3'))) and key is not null) (type: boolean)
               Statistics: Num rows: 1 Data size: 30 Basic stats: COMPLETE Column stats: NONE
               Select Operator
                 expressions: key (type: string), val (type: string)
@@ -195,7 +195,7 @@ STAGE PLANS:
             alias: c
             Statistics: Num rows: 1 Data size: 20 Basic stats: COMPLETE Column stats: NONE
             Filter Operator
-              predicate: (key is not null and (not (((key = '2') or (key = '8')) or (key = '3')))) (type: boolean)
+              predicate: ((not (((key = '2') or (key = '8')) or (key = '3'))) and key is not null) (type: boolean)
               Statistics: Num rows: 1 Data size: 20 Basic stats: COMPLETE Column stats: NONE
               Select Operator
                 expressions: key (type: string), val (type: string)
diff --git a/ql/src/test/results/clientpositive/skewjoinopt8.q.out b/ql/src/test/results/clientpositive/skewjoinopt8.q.out
index caaeb58d64..165d819810 100644
--- a/ql/src/test/results/clientpositive/skewjoinopt8.q.out
+++ b/ql/src/test/results/clientpositive/skewjoinopt8.q.out
@@ -68,7 +68,7 @@ STAGE PLANS:
             alias: a
             Statistics: Num rows: 1 Data size: 30 Basic stats: COMPLETE Column stats: NONE
             Filter Operator
-              predicate: (key is not null and ((key = '3') or (key = '8'))) (type: boolean)
+              predicate: (((key = '3') or (key = '8')) and key is not null) (type: boolean)
               Statistics: Num rows: 1 Data size: 30 Basic stats: COMPLETE Column stats: NONE
               Select Operator
                 expressions: key (type: string), val (type: string)
@@ -84,7 +84,7 @@ STAGE PLANS:
             alias: b
             Statistics: Num rows: 1 Data size: 30 Basic stats: COMPLETE Column stats: NONE
             Filter Operator
-              predicate: (key is not null and ((key = '3') or (key = '8'))) (type: boolean)
+              predicate: (((key = '3') or (key = '8')) and key is not null) (type: boolean)
               Statistics: Num rows: 1 Data size: 30 Basic stats: COMPLETE Column stats: NONE
               Select Operator
                 expressions: key (type: string), val (type: string)
@@ -100,7 +100,7 @@ STAGE PLANS:
             alias: c
             Statistics: Num rows: 1 Data size: 20 Basic stats: COMPLETE Column stats: NONE
             Filter Operator
-              predicate: (key is not null and ((key = '3') or (key = '8'))) (type: boolean)
+              predicate: (((key = '3') or (key = '8')) and key is not null) (type: boolean)
               Statistics: Num rows: 1 Data size: 20 Basic stats: COMPLETE Column stats: NONE
               Select Operator
                 expressions: key (type: string), val (type: string)
@@ -161,7 +161,7 @@ STAGE PLANS:
             alias: a
             Statistics: Num rows: 1 Data size: 30 Basic stats: COMPLETE Column stats: NONE
             Filter Operator
-              predicate: (key is not null and (not ((key = '3') or (key = '8')))) (type: boolean)
+              predicate: ((not ((key = '3') or (key = '8'))) and key is not null) (type: boolean)
               Statistics: Num rows: 1 Data size: 30 Basic stats: COMPLETE Column stats: NONE
               Select Operator
                 expressions: key (type: string), val (type: string)
@@ -177,7 +177,7 @@ STAGE PLANS:
             alias: b
             Statistics: Num rows: 1 Data size: 30 Basic stats: COMPLETE Column stats: NONE
             Filter Operator
-              predicate: (key is not null and (not ((key = '3') or (key = '8')))) (type: boolean)
+              predicate: ((not ((key = '3') or (key = '8'))) and key is not null) (type: boolean)
               Statistics: Num rows: 1 Data size: 30 Basic stats: COMPLETE Column stats: NONE
               Select Operator
                 expressions: key (type: string), val (type: string)
@@ -193,7 +193,7 @@ STAGE PLANS:
             alias: c
             Statistics: Num rows: 1 Data size: 20 Basic stats: COMPLETE Column stats: NONE
             Filter Operator
-              predicate: (key is not null and (not ((key = '3') or (key = '8')))) (type: boolean)
+              predicate: ((not ((key = '3') or (key = '8'))) and key is not null) (type: boolean)
               Statistics: Num rows: 1 Data size: 20 Basic stats: COMPLETE Column stats: NONE
               Select Operator
                 expressions: key (type: string), val (type: string)
diff --git a/ql/src/test/results/clientpositive/smb_mapjoin9.q.out b/ql/src/test/results/clientpositive/smb_mapjoin9.q.out
index 6916ce8f0a..4ba3c28ff3 100644
--- a/ql/src/test/results/clientpositive/smb_mapjoin9.q.out
+++ b/ql/src/test/results/clientpositive/smb_mapjoin9.q.out
@@ -40,7 +40,7 @@ STAGE PLANS:
             GatherStats: false
             Filter Operator
               isSamplingPred: false
-              predicate: (key is not null and (ds = '2010-10-15')) (type: boolean)
+              predicate: ((ds = '2010-10-15') and key is not null) (type: boolean)
               Statistics: Num rows: 1 Data size: 0 Basic stats: PARTIAL Column stats: NONE
               Sorted Merge Bucket Map Join Operator
                 condition map:
@@ -124,7 +124,7 @@ STAGE PLANS:
             GatherStats: false
             Filter Operator
               isSamplingPred: false
-              predicate: (key is not null and (ds = '2010-10-15')) (type: boolean)
+              predicate: ((ds = '2010-10-15') and key is not null) (type: boolean)
               Statistics: Num rows: 1 Data size: 0 Basic stats: PARTIAL Column stats: NONE
               Sorted Merge Bucket Map Join Operator
                 condition map:
diff --git a/ql/src/test/results/clientpositive/smb_mapjoin_10.q.out b/ql/src/test/results/clientpositive/smb_mapjoin_10.q.out
index 50706f4eec..379906ea92 100644
--- a/ql/src/test/results/clientpositive/smb_mapjoin_10.q.out
+++ b/ql/src/test/results/clientpositive/smb_mapjoin_10.q.out
@@ -80,7 +80,7 @@ STAGE PLANS:
             alias: b
             Statistics: Num rows: 3 Data size: 414 Basic stats: COMPLETE Column stats: NONE
             Filter Operator
-              predicate: (userid is not null and pageid is not null and postid is not null and type is not null) (type: boolean)
+              predicate: (pageid is not null and postid is not null and type is not null and userid is not null) (type: boolean)
               Statistics: Num rows: 3 Data size: 414 Basic stats: COMPLETE Column stats: NONE
               Sorted Merge Bucket Map Join Operator
                 condition map:
diff --git a/ql/src/test/results/clientpositive/sort_merge_join_desc_2.q.out b/ql/src/test/results/clientpositive/sort_merge_join_desc_2.q.out
index 0c64cbdd90..b9270ea4fa 100644
--- a/ql/src/test/results/clientpositive/sort_merge_join_desc_2.q.out
+++ b/ql/src/test/results/clientpositive/sort_merge_join_desc_2.q.out
@@ -66,7 +66,7 @@ STAGE PLANS:
             alias: a
             Statistics: Num rows: 500 Data size: 5312 Basic stats: COMPLETE Column stats: NONE
             Filter Operator
-              predicate: (value is not null and (key < 10)) (type: boolean)
+              predicate: ((key < 10) and value is not null) (type: boolean)
               Statistics: Num rows: 166 Data size: 1763 Basic stats: COMPLETE Column stats: NONE
               Sorted Merge Bucket Map Join Operator
                 condition map:
diff --git a/ql/src/test/results/clientpositive/sort_merge_join_desc_3.q.out b/ql/src/test/results/clientpositive/sort_merge_join_desc_3.q.out
index df743c0b08..86381a0cfa 100644
--- a/ql/src/test/results/clientpositive/sort_merge_join_desc_3.q.out
+++ b/ql/src/test/results/clientpositive/sort_merge_join_desc_3.q.out
@@ -66,7 +66,7 @@ STAGE PLANS:
             alias: a
             Statistics: Num rows: 500 Data size: 5312 Basic stats: COMPLETE Column stats: NONE
             Filter Operator
-              predicate: (value is not null and (key < 10)) (type: boolean)
+              predicate: ((key < 10) and value is not null) (type: boolean)
               Statistics: Num rows: 166 Data size: 1763 Basic stats: COMPLETE Column stats: NONE
               Sorted Merge Bucket Map Join Operator
                 condition map:
diff --git a/ql/src/test/results/clientpositive/sort_merge_join_desc_4.q.out b/ql/src/test/results/clientpositive/sort_merge_join_desc_4.q.out
index a807b8a613..8afa0952f0 100644
--- a/ql/src/test/results/clientpositive/sort_merge_join_desc_4.q.out
+++ b/ql/src/test/results/clientpositive/sort_merge_join_desc_4.q.out
@@ -72,7 +72,7 @@ STAGE PLANS:
             alias: b
             Statistics: Num rows: 500 Data size: 5312 Basic stats: COMPLETE Column stats: NONE
             Filter Operator
-              predicate: (value is not null and (key < 10)) (type: boolean)
+              predicate: ((key < 10) and value is not null) (type: boolean)
               Statistics: Num rows: 166 Data size: 1763 Basic stats: COMPLETE Column stats: NONE
               HashTable Sink Operator
                 keys:
@@ -86,7 +86,7 @@ STAGE PLANS:
             alias: a
             Statistics: Num rows: 500 Data size: 5312 Basic stats: COMPLETE Column stats: NONE
             Filter Operator
-              predicate: (value is not null and (key < 10)) (type: boolean)
+              predicate: ((key < 10) and value is not null) (type: boolean)
               Statistics: Num rows: 166 Data size: 1763 Basic stats: COMPLETE Column stats: NONE
               Map Join Operator
                 condition map:
diff --git a/ql/src/test/results/clientpositive/sort_merge_join_desc_8.q.out b/ql/src/test/results/clientpositive/sort_merge_join_desc_8.q.out
index d9b88fdae2..6aba5baff7 100644
--- a/ql/src/test/results/clientpositive/sort_merge_join_desc_8.q.out
+++ b/ql/src/test/results/clientpositive/sort_merge_join_desc_8.q.out
@@ -187,7 +187,7 @@ STAGE PLANS:
             alias: b
             Statistics: Num rows: 500 Data size: 6312 Basic stats: COMPLETE Column stats: NONE
             Filter Operator
-              predicate: (value2 is not null and (key < 10)) (type: boolean)
+              predicate: ((key < 10) and value2 is not null) (type: boolean)
               Statistics: Num rows: 166 Data size: 2095 Basic stats: COMPLETE Column stats: NONE
               HashTable Sink Operator
                 keys:
@@ -201,7 +201,7 @@ STAGE PLANS:
             alias: a
             Statistics: Num rows: 500 Data size: 10218 Basic stats: COMPLETE Column stats: NONE
             Filter Operator
-              predicate: (value2 is not null and (key < 10)) (type: boolean)
+              predicate: ((key < 10) and value2 is not null) (type: boolean)
               Statistics: Num rows: 166 Data size: 3392 Basic stats: COMPLETE Column stats: NONE
               Map Join Operator
                 condition map:
diff --git a/ql/src/test/results/clientpositive/spark/auto_join20.q.out b/ql/src/test/results/clientpositive/spark/auto_join20.q.out
index 38b5e9b7ea..dcdabc6581 100644
--- a/ql/src/test/results/clientpositive/spark/auto_join20.q.out
+++ b/ql/src/test/results/clientpositive/spark/auto_join20.q.out
@@ -178,7 +178,7 @@ STAGE PLANS:
                   alias: src1
                   Statistics: Num rows: 500 Data size: 5312 Basic stats: COMPLETE Column stats: NONE
                   Filter Operator
-                    predicate: ((key < 15) and (key < 10)) (type: boolean)
+                    predicate: ((key < 10) and (key < 15)) (type: boolean)
                     Statistics: Num rows: 55 Data size: 584 Basic stats: COMPLETE Column stats: NONE
                     Spark HashTable Sink Operator
                       filter predicates:
diff --git a/ql/src/test/results/clientpositive/spark/auto_join28.q.out b/ql/src/test/results/clientpositive/spark/auto_join28.q.out
index 0a373da8b8..340ff5f879 100644
--- a/ql/src/test/results/clientpositive/spark/auto_join28.q.out
+++ b/ql/src/test/results/clientpositive/spark/auto_join28.q.out
@@ -149,7 +149,7 @@ STAGE PLANS:
                   alias: src3
                   Statistics: Num rows: 500 Data size: 5312 Basic stats: COMPLETE Column stats: NONE
                   Filter Operator
-                    predicate: ((key > 10) and (key < 10)) (type: boolean)
+                    predicate: ((key < 10) and (key > 10)) (type: boolean)
                     Statistics: Num rows: 55 Data size: 584 Basic stats: COMPLETE Column stats: NONE
                     Spark HashTable Sink Operator
                       filter predicates:
diff --git a/ql/src/test/results/clientpositive/spark/auto_join29.q.out b/ql/src/test/results/clientpositive/spark/auto_join29.q.out
index 0149f2c3d8..fd40f5e8c9 100644
--- a/ql/src/test/results/clientpositive/spark/auto_join29.q.out
+++ b/ql/src/test/results/clientpositive/spark/auto_join29.q.out
@@ -657,7 +657,7 @@ STAGE PLANS:
                   alias: src3
                   Statistics: Num rows: 500 Data size: 5312 Basic stats: COMPLETE Column stats: NONE
                   Filter Operator
-                    predicate: ((key > 10) and (key < 10)) (type: boolean)
+                    predicate: ((key < 10) and (key > 10)) (type: boolean)
                     Statistics: Num rows: 55 Data size: 584 Basic stats: COMPLETE Column stats: NONE
                     Spark HashTable Sink Operator
                       filter predicates:
@@ -2537,7 +2537,7 @@ STAGE PLANS:
                   alias: src3
                   Statistics: Num rows: 500 Data size: 5312 Basic stats: COMPLETE Column stats: NONE
                   Filter Operator
-                    predicate: ((key > 10) and (key < 10)) (type: boolean)
+                    predicate: ((key < 10) and (key > 10)) (type: boolean)
                     Statistics: Num rows: 55 Data size: 584 Basic stats: COMPLETE Column stats: NONE
                     Spark HashTable Sink Operator
                       keys:
@@ -2559,7 +2559,7 @@ STAGE PLANS:
                   alias: src1
                   Statistics: Num rows: 500 Data size: 5312 Basic stats: COMPLETE Column stats: NONE
                   Filter Operator
-                    predicate: ((key > 10) and (key < 10)) (type: boolean)
+                    predicate: ((key < 10) and (key > 10)) (type: boolean)
                     Statistics: Num rows: 55 Data size: 584 Basic stats: COMPLETE Column stats: NONE
                     Map Join Operator
                       condition map:
@@ -2634,7 +2634,7 @@ STAGE PLANS:
                   alias: src1
                   Statistics: Num rows: 500 Data size: 5312 Basic stats: COMPLETE Column stats: NONE
                   Filter Operator
-                    predicate: ((key > 10) and (key < 10)) (type: boolean)
+                    predicate: ((key < 10) and (key > 10)) (type: boolean)
                     Statistics: Num rows: 55 Data size: 584 Basic stats: COMPLETE Column stats: NONE
                     Spark HashTable Sink Operator
                       filter predicates:
@@ -3274,7 +3274,7 @@ STAGE PLANS:
                   alias: src3
                   Statistics: Num rows: 500 Data size: 5312 Basic stats: COMPLETE Column stats: NONE
                   Filter Operator
-                    predicate: ((key > 10) and (key < 10)) (type: boolean)
+                    predicate: ((key < 10) and (key > 10)) (type: boolean)
                     Statistics: Num rows: 55 Data size: 584 Basic stats: COMPLETE Column stats: NONE
                     Spark HashTable Sink Operator
                       filter predicates:
@@ -3537,7 +3537,7 @@ STAGE PLANS:
                   alias: src3
                   Statistics: Num rows: 500 Data size: 5312 Basic stats: COMPLETE Column stats: NONE
                   Filter Operator
-                    predicate: ((key > 10) and (key < 10)) (type: boolean)
+                    predicate: ((key < 10) and (key > 10)) (type: boolean)
                     Statistics: Num rows: 55 Data size: 584 Basic stats: COMPLETE Column stats: NONE
                     Spark HashTable Sink Operator
                       keys:
@@ -3559,7 +3559,7 @@ STAGE PLANS:
                   alias: src1
                   Statistics: Num rows: 500 Data size: 5312 Basic stats: COMPLETE Column stats: NONE
                   Filter Operator
-                    predicate: ((key > 10) and (key < 10)) (type: boolean)
+                    predicate: ((key < 10) and (key > 10)) (type: boolean)
                     Statistics: Num rows: 55 Data size: 584 Basic stats: COMPLETE Column stats: NONE
                     Map Join Operator
                       condition map:
diff --git a/ql/src/test/results/clientpositive/spark/auto_join4.q.out b/ql/src/test/results/clientpositive/spark/auto_join4.q.out
index ca71d9f2ed..a2c9a74cd9 100644
--- a/ql/src/test/results/clientpositive/spark/auto_join4.q.out
+++ b/ql/src/test/results/clientpositive/spark/auto_join4.q.out
@@ -53,7 +53,7 @@ STAGE PLANS:
                   alias: src2
                   Statistics: Num rows: 500 Data size: 5312 Basic stats: COMPLETE Column stats: NONE
                   Filter Operator
-                    predicate: ((UDFToDouble(key) > 15.0) and (UDFToDouble(key) < 20.0)) (type: boolean)
+                    predicate: ((UDFToDouble(key) < 20.0) and (UDFToDouble(key) > 15.0)) (type: boolean)
                     Statistics: Num rows: 55 Data size: 584 Basic stats: COMPLETE Column stats: NONE
                     Select Operator
                       expressions: key (type: string), value (type: string)
@@ -76,7 +76,7 @@ STAGE PLANS:
                   alias: src1
                   Statistics: Num rows: 500 Data size: 5312 Basic stats: COMPLETE Column stats: NONE
                   Filter Operator
-                    predicate: ((UDFToDouble(key) > 10.0) and (UDFToDouble(key) < 20.0)) (type: boolean)
+                    predicate: ((UDFToDouble(key) < 20.0) and (UDFToDouble(key) > 10.0)) (type: boolean)
                     Statistics: Num rows: 55 Data size: 584 Basic stats: COMPLETE Column stats: NONE
                     Select Operator
                       expressions: key (type: string), value (type: string)
diff --git a/ql/src/test/results/clientpositive/spark/auto_join5.q.out b/ql/src/test/results/clientpositive/spark/auto_join5.q.out
index 2b11a96767..8adbf1cc8e 100644
--- a/ql/src/test/results/clientpositive/spark/auto_join5.q.out
+++ b/ql/src/test/results/clientpositive/spark/auto_join5.q.out
@@ -76,7 +76,7 @@ STAGE PLANS:
                   alias: src2
                   Statistics: Num rows: 500 Data size: 5312 Basic stats: COMPLETE Column stats: NONE
                   Filter Operator
-                    predicate: ((UDFToDouble(key) > 15.0) and (UDFToDouble(key) < 25.0)) (type: boolean)
+                    predicate: ((UDFToDouble(key) < 25.0) and (UDFToDouble(key) > 15.0)) (type: boolean)
                     Statistics: Num rows: 55 Data size: 584 Basic stats: COMPLETE Column stats: NONE
                     Select Operator
                       expressions: key (type: string), value (type: string)
diff --git a/ql/src/test/results/clientpositive/spark/auto_join6.q.out b/ql/src/test/results/clientpositive/spark/auto_join6.q.out
index 4f1e6316b8..69df6cf684 100644
--- a/ql/src/test/results/clientpositive/spark/auto_join6.q.out
+++ b/ql/src/test/results/clientpositive/spark/auto_join6.q.out
@@ -54,7 +54,7 @@ STAGE PLANS:
                   alias: src1
                   Statistics: Num rows: 500 Data size: 5312 Basic stats: COMPLETE Column stats: NONE
                   Filter Operator
-                    predicate: ((UDFToDouble(key) > 10.0) and (UDFToDouble(key) < 20.0)) (type: boolean)
+                    predicate: ((UDFToDouble(key) < 20.0) and (UDFToDouble(key) > 10.0)) (type: boolean)
                     Statistics: Num rows: 55 Data size: 584 Basic stats: COMPLETE Column stats: NONE
                     Select Operator
                       expressions: key (type: string), value (type: string)
@@ -72,7 +72,7 @@ STAGE PLANS:
                   alias: src2
                   Statistics: Num rows: 500 Data size: 5312 Basic stats: COMPLETE Column stats: NONE
                   Filter Operator
-                    predicate: ((UDFToDouble(key) > 15.0) and (UDFToDouble(key) < 25.0)) (type: boolean)
+                    predicate: ((UDFToDouble(key) < 25.0) and (UDFToDouble(key) > 15.0)) (type: boolean)
                     Statistics: Num rows: 55 Data size: 584 Basic stats: COMPLETE Column stats: NONE
                     Select Operator
                       expressions: key (type: string), value (type: string)
diff --git a/ql/src/test/results/clientpositive/spark/auto_join7.q.out b/ql/src/test/results/clientpositive/spark/auto_join7.q.out
index 0e6e2f5b73..e02ae6f3a6 100644
--- a/ql/src/test/results/clientpositive/spark/auto_join7.q.out
+++ b/ql/src/test/results/clientpositive/spark/auto_join7.q.out
@@ -64,7 +64,7 @@ STAGE PLANS:
                   alias: src1
                   Statistics: Num rows: 500 Data size: 5312 Basic stats: COMPLETE Column stats: NONE
                   Filter Operator
-                    predicate: ((UDFToDouble(key) > 10.0) and (UDFToDouble(key) < 20.0)) (type: boolean)
+                    predicate: ((UDFToDouble(key) < 20.0) and (UDFToDouble(key) > 10.0)) (type: boolean)
                     Statistics: Num rows: 55 Data size: 584 Basic stats: COMPLETE Column stats: NONE
                     Select Operator
                       expressions: key (type: string), value (type: string)
@@ -82,7 +82,7 @@ STAGE PLANS:
                   alias: src2
                   Statistics: Num rows: 500 Data size: 5312 Basic stats: COMPLETE Column stats: NONE
                   Filter Operator
-                    predicate: ((UDFToDouble(key) > 15.0) and (UDFToDouble(key) < 25.0)) (type: boolean)
+                    predicate: ((UDFToDouble(key) < 25.0) and (UDFToDouble(key) > 15.0)) (type: boolean)
                     Statistics: Num rows: 55 Data size: 584 Basic stats: COMPLETE Column stats: NONE
                     Select Operator
                       expressions: key (type: string), value (type: string)
@@ -100,7 +100,7 @@ STAGE PLANS:
                   alias: src3
                   Statistics: Num rows: 500 Data size: 5312 Basic stats: COMPLETE Column stats: NONE
                   Filter Operator
-                    predicate: ((UDFToDouble(key) > 20.0) and (UDFToDouble(key) < 25.0)) (type: boolean)
+                    predicate: ((UDFToDouble(key) < 25.0) and (UDFToDouble(key) > 20.0)) (type: boolean)
                     Statistics: Num rows: 55 Data size: 584 Basic stats: COMPLETE Column stats: NONE
                     Select Operator
                       expressions: key (type: string), value (type: string)
diff --git a/ql/src/test/results/clientpositive/spark/auto_join8.q.out b/ql/src/test/results/clientpositive/spark/auto_join8.q.out
index c0795366f5..179e1d5445 100644
--- a/ql/src/test/results/clientpositive/spark/auto_join8.q.out
+++ b/ql/src/test/results/clientpositive/spark/auto_join8.q.out
@@ -53,7 +53,7 @@ STAGE PLANS:
                   alias: src2
                   Statistics: Num rows: 500 Data size: 5312 Basic stats: COMPLETE Column stats: NONE
                   Filter Operator
-                    predicate: ((UDFToDouble(key) > 15.0) and (UDFToDouble(key) < 20.0)) (type: boolean)
+                    predicate: ((UDFToDouble(key) < 20.0) and (UDFToDouble(key) > 15.0)) (type: boolean)
                     Statistics: Num rows: 55 Data size: 584 Basic stats: COMPLETE Column stats: NONE
                     Select Operator
                       expressions: key (type: string), value (type: string)
@@ -76,7 +76,7 @@ STAGE PLANS:
                   alias: src1
                   Statistics: Num rows: 500 Data size: 5312 Basic stats: COMPLETE Column stats: NONE
                   Filter Operator
-                    predicate: ((UDFToDouble(key) > 10.0) and (UDFToDouble(key) < 20.0)) (type: boolean)
+                    predicate: ((UDFToDouble(key) < 20.0) and (UDFToDouble(key) > 10.0)) (type: boolean)
                     Statistics: Num rows: 55 Data size: 584 Basic stats: COMPLETE Column stats: NONE
                     Select Operator
                       expressions: key (type: string), value (type: string)
diff --git a/ql/src/test/results/clientpositive/spark/auto_join_reordering_values.q.out b/ql/src/test/results/clientpositive/spark/auto_join_reordering_values.q.out
index ff94451963..04550eb84f 100644
--- a/ql/src/test/results/clientpositive/spark/auto_join_reordering_values.q.out
+++ b/ql/src/test/results/clientpositive/spark/auto_join_reordering_values.q.out
@@ -102,7 +102,7 @@ STAGE PLANS:
                   GatherStats: false
                   Filter Operator
                     isSamplingPred: false
-                    predicate: (date is not null and dealid is not null and cityid is not null and userid is not null) (type: boolean)
+                    predicate: (cityid is not null and date is not null and dealid is not null and userid is not null) (type: boolean)
                     Statistics: Num rows: 1 Data size: 36 Basic stats: COMPLETE Column stats: NONE
                     Select Operator
                       expressions: dealid (type: int), date (type: string), cityid (type: int), userid (type: int)
diff --git a/ql/src/test/results/clientpositive/spark/bucketsortoptimize_insert_7.q.out b/ql/src/test/results/clientpositive/spark/bucketsortoptimize_insert_7.q.out
index 7c23da7cc2..52bf6eeee7 100644
--- a/ql/src/test/results/clientpositive/spark/bucketsortoptimize_insert_7.q.out
+++ b/ql/src/test/results/clientpositive/spark/bucketsortoptimize_insert_7.q.out
@@ -449,7 +449,7 @@ STAGE PLANS:
                   alias: test_table1
                   Statistics: Num rows: 10 Data size: 70 Basic stats: COMPLETE Column stats: NONE
                   Filter Operator
-                    predicate: ((key < 8) and ((key = 0) or (key = 5))) (type: boolean)
+                    predicate: (((key = 0) or (key = 5)) and (key < 8)) (type: boolean)
                     Statistics: Num rows: 2 Data size: 14 Basic stats: COMPLETE Column stats: NONE
                     Select Operator
                       expressions: key (type: int), value (type: string)
@@ -474,7 +474,7 @@ STAGE PLANS:
                   alias: test_table2
                   Statistics: Num rows: 84 Data size: 736 Basic stats: COMPLETE Column stats: NONE
                   Filter Operator
-                    predicate: ((key < 8) and ((key = 0) or (key = 5))) (type: boolean)
+                    predicate: (((key = 0) or (key = 5)) and (key < 8)) (type: boolean)
                     Statistics: Num rows: 28 Data size: 245 Basic stats: COMPLETE Column stats: NONE
                     Select Operator
                       expressions: key (type: int), value (type: string)
diff --git a/ql/src/test/results/clientpositive/spark/constprog_semijoin.q.out b/ql/src/test/results/clientpositive/spark/constprog_semijoin.q.out
index 399d929bc4..1c6e38002d 100644
--- a/ql/src/test/results/clientpositive/spark/constprog_semijoin.q.out
+++ b/ql/src/test/results/clientpositive/spark/constprog_semijoin.q.out
@@ -165,7 +165,7 @@ STAGE PLANS:
                   alias: table1
                   Statistics: Num rows: 10 Data size: 200 Basic stats: COMPLETE Column stats: NONE
                   Filter Operator
-                    predicate: ((val = 't1val01') and id is not null and dimid is not null) (type: boolean)
+                    predicate: ((val = 't1val01') and dimid is not null and id is not null) (type: boolean)
                     Statistics: Num rows: 5 Data size: 100 Basic stats: COMPLETE Column stats: NONE
                     Select Operator
                       expressions: id (type: int), dimid (type: int)
diff --git a/ql/src/test/results/clientpositive/spark/dynamic_rdd_cache.q.out b/ql/src/test/results/clientpositive/spark/dynamic_rdd_cache.q.out
index 1ed388f0c7..4f4dddd10d 100644
--- a/ql/src/test/results/clientpositive/spark/dynamic_rdd_cache.q.out
+++ b/ql/src/test/results/clientpositive/spark/dynamic_rdd_cache.q.out
@@ -746,7 +746,7 @@ STAGE PLANS:
                   alias: inventory
                   Statistics: Num rows: 1 Data size: 0 Basic stats: PARTIAL Column stats: NONE
                   Filter Operator
-                    predicate: (inv_item_sk is not null and inv_warehouse_sk is not null and inv_date_sk is not null) (type: boolean)
+                    predicate: (inv_date_sk is not null and inv_item_sk is not null and inv_warehouse_sk is not null) (type: boolean)
                     Statistics: Num rows: 1 Data size: 0 Basic stats: PARTIAL Column stats: NONE
                     Select Operator
                       expressions: inv_date_sk (type: int), inv_item_sk (type: int), inv_quantity_on_hand (type: int), inv_warehouse_sk (type: int)
@@ -764,7 +764,7 @@ STAGE PLANS:
                   alias: date_dim
                   Statistics: Num rows: 1 Data size: 0 Basic stats: PARTIAL Column stats: NONE
                   Filter Operator
-                    predicate: ((d_year = 1999) and (d_moy = 3) and d_date_sk is not null) (type: boolean)
+                    predicate: ((d_moy = 3) and (d_year = 1999) and d_date_sk is not null) (type: boolean)
                     Statistics: Num rows: 1 Data size: 0 Basic stats: PARTIAL Column stats: NONE
                     Select Operator
                       expressions: d_date_sk (type: int)
@@ -781,7 +781,7 @@ STAGE PLANS:
                   alias: inventory
                   Statistics: Num rows: 1 Data size: 0 Basic stats: PARTIAL Column stats: NONE
                   Filter Operator
-                    predicate: (inv_item_sk is not null and inv_warehouse_sk is not null and inv_date_sk is not null) (type: boolean)
+                    predicate: (inv_date_sk is not null and inv_item_sk is not null and inv_warehouse_sk is not null) (type: boolean)
                     Statistics: Num rows: 1 Data size: 0 Basic stats: PARTIAL Column stats: NONE
                     Select Operator
                       expressions: inv_date_sk (type: int), inv_item_sk (type: int), inv_quantity_on_hand (type: int), inv_warehouse_sk (type: int)
@@ -834,7 +834,7 @@ STAGE PLANS:
                   alias: date_dim
                   Statistics: Num rows: 1 Data size: 0 Basic stats: PARTIAL Column stats: NONE
                   Filter Operator
-                    predicate: ((d_year = 1999) and (d_moy = 4) and d_date_sk is not null) (type: boolean)
+                    predicate: ((d_moy = 4) and (d_year = 1999) and d_date_sk is not null) (type: boolean)
                     Statistics: Num rows: 1 Data size: 0 Basic stats: PARTIAL Column stats: NONE
                     Select Operator
                       expressions: d_date_sk (type: int)
diff --git a/ql/src/test/results/clientpositive/spark/groupby_multi_single_reducer3.q.out b/ql/src/test/results/clientpositive/spark/groupby_multi_single_reducer3.q.out
index b6127475ea..f9eaa3c116 100644
--- a/ql/src/test/results/clientpositive/spark/groupby_multi_single_reducer3.q.out
+++ b/ql/src/test/results/clientpositive/spark/groupby_multi_single_reducer3.q.out
@@ -56,7 +56,7 @@ STAGE PLANS:
                   alias: src
                   Statistics: Num rows: 500 Data size: 5312 Basic stats: COMPLETE Column stats: NONE
                   Filter Operator
-                    predicate: (((value) IN ('val_400', 'val_500') and (key) IN (400, 450)) or ((value) IN ('val_100', 'val_200', 'val_300') and (key) IN (100, 150, 200))) (type: boolean)
+                    predicate: (((value) IN ('val_100', 'val_200', 'val_300') and (key) IN (100, 150, 200)) or ((value) IN ('val_400', 'val_500') and (key) IN (400, 450))) (type: boolean)
                     Statistics: Num rows: 250 Data size: 2656 Basic stats: COMPLETE Column stats: NONE
                     Reduce Output Operator
                       key expressions: key (type: string)
@@ -69,7 +69,7 @@ STAGE PLANS:
               Forward
                 Statistics: Num rows: 250 Data size: 2656 Basic stats: COMPLETE Column stats: NONE
                 Filter Operator
-                  predicate: ((VALUE._col0) IN ('val_100', 'val_200', 'val_300') and (KEY._col0) IN (100, 150, 200)) (type: boolean)
+                  predicate: ((KEY._col0) IN (100, 150, 200) and (VALUE._col0) IN ('val_100', 'val_200', 'val_300')) (type: boolean)
                   Statistics: Num rows: 63 Data size: 669 Basic stats: COMPLETE Column stats: NONE
                   Group By Operator
                     aggregations: count()
@@ -90,7 +90,7 @@ STAGE PLANS:
                             serde: org.apache.hadoop.hive.serde2.lazy.LazySimpleSerDe
                             name: default.e1
                 Filter Operator
-                  predicate: ((VALUE._col0) IN ('val_400', 'val_500') and (KEY._col0) IN (400, 450)) (type: boolean)
+                  predicate: ((KEY._col0) IN (400, 450) and (VALUE._col0) IN ('val_400', 'val_500')) (type: boolean)
                   Statistics: Num rows: 63 Data size: 669 Basic stats: COMPLETE Column stats: NONE
                   Group By Operator
                     aggregations: count()
@@ -228,7 +228,7 @@ STAGE PLANS:
                   alias: src
                   Statistics: Num rows: 500 Data size: 5312 Basic stats: COMPLETE Column stats: NONE
                   Filter Operator
-                    predicate: ((((key + key) = 400) or (((key - 100) = 500) and value is not null)) or (((key + key) = 200) or ((key - 100) = 100) or ((key = 300) and value is not null))) (type: boolean)
+                    predicate: ((((key + key) = 200) or ((key - 100) = 100) or ((key = 300) and value is not null)) or (((key + key) = 400) or (((key - 100) = 500) and value is not null))) (type: boolean)
                     Statistics: Num rows: 500 Data size: 5312 Basic stats: COMPLETE Column stats: NONE
                     Reduce Output Operator
                       key expressions: value (type: string)
@@ -262,7 +262,7 @@ STAGE PLANS:
                             serde: org.apache.hadoop.hive.serde2.lazy.LazySimpleSerDe
                             name: default.e1
                 Filter Operator
-                  predicate: (((VALUE._col0 + VALUE._col0) = 400) or (((VALUE._col0 - 100) = 500) and KEY._col0 is not null)) (type: boolean)
+                  predicate: ((((VALUE._col0 - 100) = 500) and KEY._col0 is not null) or ((VALUE._col0 + VALUE._col0) = 400)) (type: boolean)
                   Statistics: Num rows: 500 Data size: 5312 Basic stats: COMPLETE Column stats: NONE
                   Group By Operator
                     aggregations: count()
@@ -400,7 +400,7 @@ STAGE PLANS:
                   alias: src
                   Statistics: Num rows: 500 Data size: 5312 Basic stats: COMPLETE Column stats: NONE
                   Filter Operator
-                    predicate: (((value) IN ('val_400', 'val_500') and (key) IN (400, 450)) or ((value) IN ('val_100', 'val_200', 'val_300') and (key) IN (100, 150, 200))) (type: boolean)
+                    predicate: (((value) IN ('val_100', 'val_200', 'val_300') and (key) IN (100, 150, 200)) or ((value) IN ('val_400', 'val_500') and (key) IN (400, 450))) (type: boolean)
                     Statistics: Num rows: 250 Data size: 2656 Basic stats: COMPLETE Column stats: NONE
                     Reduce Output Operator
                       key expressions: key (type: string)
@@ -413,7 +413,7 @@ STAGE PLANS:
               Forward
                 Statistics: Num rows: 250 Data size: 2656 Basic stats: COMPLETE Column stats: NONE
                 Filter Operator
-                  predicate: ((VALUE._col0) IN ('val_100', 'val_200', 'val_300') and (KEY._col0) IN (100, 150, 200)) (type: boolean)
+                  predicate: ((KEY._col0) IN (100, 150, 200) and (VALUE._col0) IN ('val_100', 'val_200', 'val_300')) (type: boolean)
                   Statistics: Num rows: 63 Data size: 669 Basic stats: COMPLETE Column stats: NONE
                   Group By Operator
                     aggregations: count()
@@ -434,7 +434,7 @@ STAGE PLANS:
                             serde: org.apache.hadoop.hive.serde2.lazy.LazySimpleSerDe
                             name: default.e1
                 Filter Operator
-                  predicate: ((VALUE._col0) IN ('val_400', 'val_500') and (KEY._col0) IN (400, 450)) (type: boolean)
+                  predicate: ((KEY._col0) IN (400, 450) and (VALUE._col0) IN ('val_400', 'val_500')) (type: boolean)
                   Statistics: Num rows: 63 Data size: 669 Basic stats: COMPLETE Column stats: NONE
                   Group By Operator
                     aggregations: count()
@@ -572,7 +572,7 @@ STAGE PLANS:
                   alias: src
                   Statistics: Num rows: 500 Data size: 5312 Basic stats: COMPLETE Column stats: NONE
                   Filter Operator
-                    predicate: ((((key + key) = 400) or (((key - 100) = 500) and value is not null)) or (((key + key) = 200) or ((key - 100) = 100) or ((key = 300) and value is not null))) (type: boolean)
+                    predicate: ((((key + key) = 200) or ((key - 100) = 100) or ((key = 300) and value is not null)) or (((key + key) = 400) or (((key - 100) = 500) and value is not null))) (type: boolean)
                     Statistics: Num rows: 500 Data size: 5312 Basic stats: COMPLETE Column stats: NONE
                     Reduce Output Operator
                       key expressions: value (type: string)
@@ -606,7 +606,7 @@ STAGE PLANS:
                             serde: org.apache.hadoop.hive.serde2.lazy.LazySimpleSerDe
                             name: default.e1
                 Filter Operator
-                  predicate: (((VALUE._col0 + VALUE._col0) = 400) or (((VALUE._col0 - 100) = 500) and KEY._col0 is not null)) (type: boolean)
+                  predicate: ((((VALUE._col0 - 100) = 500) and KEY._col0 is not null) or ((VALUE._col0 + VALUE._col0) = 400)) (type: boolean)
                   Statistics: Num rows: 500 Data size: 5312 Basic stats: COMPLETE Column stats: NONE
                   Group By Operator
                     aggregations: count()
diff --git a/ql/src/test/results/clientpositive/spark/groupby_position.q.out b/ql/src/test/results/clientpositive/spark/groupby_position.q.out
index ae27cc1a87..91c2581967 100644
--- a/ql/src/test/results/clientpositive/spark/groupby_position.q.out
+++ b/ql/src/test/results/clientpositive/spark/groupby_position.q.out
@@ -570,7 +570,7 @@ STAGE PLANS:
                   alias: src2
                   Statistics: Num rows: 500 Data size: 5312 Basic stats: COMPLETE Column stats: NONE
                   Filter Operator
-                    predicate: ((UDFToDouble(key) > 15.0) and (UDFToDouble(key) < 20.0)) (type: boolean)
+                    predicate: ((UDFToDouble(key) < 20.0) and (UDFToDouble(key) > 15.0)) (type: boolean)
                     Statistics: Num rows: 55 Data size: 584 Basic stats: COMPLETE Column stats: NONE
                     Group By Operator
                       keys: key (type: string), value (type: string)
diff --git a/ql/src/test/results/clientpositive/spark/identity_project_remove_skip.q.out b/ql/src/test/results/clientpositive/spark/identity_project_remove_skip.q.out
index 551519fcc1..ac83820c0a 100644
--- a/ql/src/test/results/clientpositive/spark/identity_project_remove_skip.q.out
+++ b/ql/src/test/results/clientpositive/spark/identity_project_remove_skip.q.out
@@ -32,7 +32,7 @@ STAGE PLANS:
                   alias: src
                   Statistics: Num rows: 500 Data size: 5312 Basic stats: COMPLETE Column stats: NONE
                   Filter Operator
-                    predicate: ((value = 'val_105') and (key = '105')) (type: boolean)
+                    predicate: ((key = '105') and (value = 'val_105')) (type: boolean)
                     Statistics: Num rows: 125 Data size: 1328 Basic stats: COMPLETE Column stats: NONE
                     Select Operator
                       Statistics: Num rows: 125 Data size: 1328 Basic stats: COMPLETE Column stats: NONE
diff --git a/ql/src/test/results/clientpositive/spark/index_auto_self_join.q.out b/ql/src/test/results/clientpositive/spark/index_auto_self_join.q.out
index 19454a833c..e0a701b15f 100644
--- a/ql/src/test/results/clientpositive/spark/index_auto_self_join.q.out
+++ b/ql/src/test/results/clientpositive/spark/index_auto_self_join.q.out
@@ -19,7 +19,7 @@ STAGE PLANS:
                   alias: a
                   Statistics: Num rows: 500 Data size: 5312 Basic stats: COMPLETE Column stats: NONE
                   Filter Operator
-                    predicate: ((UDFToDouble(key) > 80.0) and (UDFToDouble(key) < 100.0) and value is not null) (type: boolean)
+                    predicate: ((UDFToDouble(key) < 100.0) and (UDFToDouble(key) > 80.0) and value is not null) (type: boolean)
                     Statistics: Num rows: 55 Data size: 584 Basic stats: COMPLETE Column stats: NONE
                     Select Operator
                       expressions: key (type: string), value (type: string)
@@ -37,7 +37,7 @@ STAGE PLANS:
                   alias: b
                   Statistics: Num rows: 500 Data size: 5312 Basic stats: COMPLETE Column stats: NONE
                   Filter Operator
-                    predicate: ((UDFToDouble(key) > 70.0) and (UDFToDouble(key) < 90.0) and value is not null) (type: boolean)
+                    predicate: ((UDFToDouble(key) < 90.0) and (UDFToDouble(key) > 70.0) and value is not null) (type: boolean)
                     Statistics: Num rows: 55 Data size: 584 Basic stats: COMPLETE Column stats: NONE
                     Select Operator
                       expressions: key (type: string), value (type: string)
@@ -138,7 +138,7 @@ STAGE PLANS:
                   filterExpr: ((UDFToDouble(key) > 80.0) and (UDFToDouble(key) < 100.0) and value is not null) (type: boolean)
                   Statistics: Num rows: 500 Data size: 5312 Basic stats: COMPLETE Column stats: NONE
                   Filter Operator
-                    predicate: ((UDFToDouble(key) > 80.0) and (UDFToDouble(key) < 100.0) and value is not null) (type: boolean)
+                    predicate: ((UDFToDouble(key) < 100.0) and (UDFToDouble(key) > 80.0) and value is not null) (type: boolean)
                     Statistics: Num rows: 55 Data size: 584 Basic stats: COMPLETE Column stats: NONE
                     Select Operator
                       expressions: key (type: string), value (type: string)
@@ -157,7 +157,7 @@ STAGE PLANS:
                   filterExpr: ((UDFToDouble(key) > 70.0) and (UDFToDouble(key) < 90.0) and value is not null) (type: boolean)
                   Statistics: Num rows: 500 Data size: 5312 Basic stats: COMPLETE Column stats: NONE
                   Filter Operator
-                    predicate: ((UDFToDouble(key) > 70.0) and (UDFToDouble(key) < 90.0) and value is not null) (type: boolean)
+                    predicate: ((UDFToDouble(key) < 90.0) and (UDFToDouble(key) > 70.0) and value is not null) (type: boolean)
                     Statistics: Num rows: 55 Data size: 584 Basic stats: COMPLETE Column stats: NONE
                     Select Operator
                       expressions: key (type: string), value (type: string)
diff --git a/ql/src/test/results/clientpositive/spark/input12.q.out b/ql/src/test/results/clientpositive/spark/input12.q.out
index 2efd81b86a..efbaaf9086 100644
--- a/ql/src/test/results/clientpositive/spark/input12.q.out
+++ b/ql/src/test/results/clientpositive/spark/input12.q.out
@@ -69,7 +69,7 @@ STAGE PLANS:
                             serde: org.apache.hadoop.hive.serde2.lazy.LazySimpleSerDe
                             name: default.dest1
                   Filter Operator
-                    predicate: ((key >= 100) and (key < 200)) (type: boolean)
+                    predicate: ((key < 200) and (key >= 100)) (type: boolean)
                     Statistics: Num rows: 55 Data size: 584 Basic stats: COMPLETE Column stats: NONE
                     Select Operator
                       expressions: UDFToInteger(key) (type: int), value (type: string)
diff --git a/ql/src/test/results/clientpositive/spark/input13.q.out b/ql/src/test/results/clientpositive/spark/input13.q.out
index 09c7959bfb..a72898fddb 100644
--- a/ql/src/test/results/clientpositive/spark/input13.q.out
+++ b/ql/src/test/results/clientpositive/spark/input13.q.out
@@ -72,7 +72,7 @@ STAGE PLANS:
                             serde: org.apache.hadoop.hive.serde2.lazy.LazySimpleSerDe
                             name: default.dest1
                   Filter Operator
-                    predicate: ((key >= 100) and (key < 200)) (type: boolean)
+                    predicate: ((key < 200) and (key >= 100)) (type: boolean)
                     Statistics: Num rows: 55 Data size: 584 Basic stats: COMPLETE Column stats: NONE
                     Select Operator
                       expressions: UDFToInteger(key) (type: int), value (type: string)
@@ -87,7 +87,7 @@ STAGE PLANS:
                             serde: org.apache.hadoop.hive.serde2.lazy.LazySimpleSerDe
                             name: default.dest2
                   Filter Operator
-                    predicate: ((key >= 200) and (key < 300)) (type: boolean)
+                    predicate: ((key < 300) and (key >= 200)) (type: boolean)
                     Statistics: Num rows: 55 Data size: 584 Basic stats: COMPLETE Column stats: NONE
                     Select Operator
                       expressions: UDFToInteger(key) (type: int)
diff --git a/ql/src/test/results/clientpositive/spark/input_part2.q.out b/ql/src/test/results/clientpositive/spark/input_part2.q.out
index e1582e2875..a728e977a5 100644
--- a/ql/src/test/results/clientpositive/spark/input_part2.q.out
+++ b/ql/src/test/results/clientpositive/spark/input_part2.q.out
@@ -44,7 +44,7 @@ STAGE PLANS:
                   GatherStats: false
                   Filter Operator
                     isSamplingPred: false
-                    predicate: ((key < 100) and (ds = '2008-04-08')) (type: boolean)
+                    predicate: ((ds = '2008-04-08') and (key < 100)) (type: boolean)
                     Statistics: Num rows: 333 Data size: 3537 Basic stats: COMPLETE Column stats: NONE
                     Select Operator
                       expressions: UDFToInteger(key) (type: int), value (type: string), '12' (type: string), '2008-04-08' (type: string)
@@ -84,7 +84,7 @@ STAGE PLANS:
                         MultiFileSpray: false
                   Filter Operator
                     isSamplingPred: false
-                    predicate: ((key < 100) and (ds = '2008-04-09')) (type: boolean)
+                    predicate: ((ds = '2008-04-09') and (key < 100)) (type: boolean)
                     Statistics: Num rows: 333 Data size: 3537 Basic stats: COMPLETE Column stats: NONE
                     Select Operator
                       expressions: UDFToInteger(key) (type: int), value (type: string), '12' (type: string), '2008-04-09' (type: string)
diff --git a/ql/src/test/results/clientpositive/spark/join19.q.out b/ql/src/test/results/clientpositive/spark/join19.q.out
index eb55147698..fc1fd2f519 100644
--- a/ql/src/test/results/clientpositive/spark/join19.q.out
+++ b/ql/src/test/results/clientpositive/spark/join19.q.out
@@ -139,7 +139,7 @@ STAGE PLANS:
                   alias: t5
                   Statistics: Num rows: 1 Data size: 0 Basic stats: PARTIAL Column stats: NONE
                   Filter Operator
-                    predicate: ((predicate = 'http://www.ontosearch.com/2007/12/ontosofa-ns#_to') and subject is not null and object is not null) (type: boolean)
+                    predicate: ((predicate = 'http://www.ontosearch.com/2007/12/ontosofa-ns#_to') and object is not null and subject is not null) (type: boolean)
                     Statistics: Num rows: 1 Data size: 0 Basic stats: PARTIAL Column stats: NONE
                     Select Operator
                       expressions: subject (type: string), object (type: string)
@@ -157,7 +157,7 @@ STAGE PLANS:
                   alias: t1
                   Statistics: Num rows: 1 Data size: 0 Basic stats: PARTIAL Column stats: NONE
                   Filter Operator
-                    predicate: ((predicate = 'http://sofa.semanticweb.org/sofa/v1.0/system#__INSTANCEOF_REL') and (object = 'http://ontos/OntosMiner/Common.English/ontology#Citation') and subject is not null) (type: boolean)
+                    predicate: ((object = 'http://ontos/OntosMiner/Common.English/ontology#Citation') and (predicate = 'http://sofa.semanticweb.org/sofa/v1.0/system#__INSTANCEOF_REL') and subject is not null) (type: boolean)
                     Statistics: Num rows: 1 Data size: 0 Basic stats: PARTIAL Column stats: NONE
                     Select Operator
                       expressions: subject (type: string)
@@ -210,7 +210,7 @@ STAGE PLANS:
                   alias: t4
                   Statistics: Num rows: 1 Data size: 0 Basic stats: PARTIAL Column stats: NONE
                   Filter Operator
-                    predicate: ((predicate = 'http://sofa.semanticweb.org/sofa/v1.0/system#__INSTANCEOF_REL') and (object = 'http://ontos/OntosMiner/Common.English/ontology#Author') and subject is not null) (type: boolean)
+                    predicate: ((object = 'http://ontos/OntosMiner/Common.English/ontology#Author') and (predicate = 'http://sofa.semanticweb.org/sofa/v1.0/system#__INSTANCEOF_REL') and subject is not null) (type: boolean)
                     Statistics: Num rows: 1 Data size: 0 Basic stats: PARTIAL Column stats: NONE
                     Select Operator
                       expressions: subject (type: string)
diff --git a/ql/src/test/results/clientpositive/spark/join20.q.out b/ql/src/test/results/clientpositive/spark/join20.q.out
index 114127c13f..daf6328846 100644
--- a/ql/src/test/results/clientpositive/spark/join20.q.out
+++ b/ql/src/test/results/clientpositive/spark/join20.q.out
@@ -685,7 +685,7 @@ STAGE PLANS:
                   alias: src1
                   Statistics: Num rows: 500 Data size: 5312 Basic stats: COMPLETE Column stats: NONE
                   Filter Operator
-                    predicate: ((key < 15) and (key < 10)) (type: boolean)
+                    predicate: ((key < 10) and (key < 15)) (type: boolean)
                     Statistics: Num rows: 55 Data size: 584 Basic stats: COMPLETE Column stats: NONE
                     Reduce Output Operator
                       key expressions: key (type: string)
diff --git a/ql/src/test/results/clientpositive/spark/join32_lessSize.q.out b/ql/src/test/results/clientpositive/spark/join32_lessSize.q.out
index 803b4b1616..2a6b9b64ff 100644
--- a/ql/src/test/results/clientpositive/spark/join32_lessSize.q.out
+++ b/ql/src/test/results/clientpositive/spark/join32_lessSize.q.out
@@ -573,7 +573,7 @@ STAGE PLANS:
                   GatherStats: false
                   Filter Operator
                     isSamplingPred: false
-                    predicate: (value is not null and key is not null) (type: boolean)
+                    predicate: (key is not null and value is not null) (type: boolean)
                     Statistics: Num rows: 25 Data size: 191 Basic stats: COMPLETE Column stats: NONE
                     Select Operator
                       expressions: key (type: string), value (type: string)
diff --git a/ql/src/test/results/clientpositive/spark/join4.q.out b/ql/src/test/results/clientpositive/spark/join4.q.out
index ae91a49789..7e1d4731d7 100644
--- a/ql/src/test/results/clientpositive/spark/join4.q.out
+++ b/ql/src/test/results/clientpositive/spark/join4.q.out
@@ -54,7 +54,7 @@ STAGE PLANS:
                   alias: src1
                   Statistics: Num rows: 500 Data size: 5312 Basic stats: COMPLETE Column stats: NONE
                   Filter Operator
-                    predicate: ((UDFToDouble(key) > 10.0) and (UDFToDouble(key) < 20.0)) (type: boolean)
+                    predicate: ((UDFToDouble(key) < 20.0) and (UDFToDouble(key) > 10.0)) (type: boolean)
                     Statistics: Num rows: 55 Data size: 584 Basic stats: COMPLETE Column stats: NONE
                     Select Operator
                       expressions: key (type: string), value (type: string)
@@ -72,7 +72,7 @@ STAGE PLANS:
                   alias: src2
                   Statistics: Num rows: 500 Data size: 5312 Basic stats: COMPLETE Column stats: NONE
                   Filter Operator
-                    predicate: ((UDFToDouble(key) > 15.0) and (UDFToDouble(key) < 20.0)) (type: boolean)
+                    predicate: ((UDFToDouble(key) < 20.0) and (UDFToDouble(key) > 15.0)) (type: boolean)
                     Statistics: Num rows: 55 Data size: 584 Basic stats: COMPLETE Column stats: NONE
                     Select Operator
                       expressions: key (type: string), value (type: string)
diff --git a/ql/src/test/results/clientpositive/spark/join5.q.out b/ql/src/test/results/clientpositive/spark/join5.q.out
index d79af77f9e..c354a0ebee 100644
--- a/ql/src/test/results/clientpositive/spark/join5.q.out
+++ b/ql/src/test/results/clientpositive/spark/join5.q.out
@@ -72,7 +72,7 @@ STAGE PLANS:
                   alias: src2
                   Statistics: Num rows: 500 Data size: 5312 Basic stats: COMPLETE Column stats: NONE
                   Filter Operator
-                    predicate: ((UDFToDouble(key) > 15.0) and (UDFToDouble(key) < 25.0)) (type: boolean)
+                    predicate: ((UDFToDouble(key) < 25.0) and (UDFToDouble(key) > 15.0)) (type: boolean)
                     Statistics: Num rows: 55 Data size: 584 Basic stats: COMPLETE Column stats: NONE
                     Select Operator
                       expressions: key (type: string), value (type: string)
diff --git a/ql/src/test/results/clientpositive/spark/join6.q.out b/ql/src/test/results/clientpositive/spark/join6.q.out
index 8ae5e3af59..c488247216 100644
--- a/ql/src/test/results/clientpositive/spark/join6.q.out
+++ b/ql/src/test/results/clientpositive/spark/join6.q.out
@@ -54,7 +54,7 @@ STAGE PLANS:
                   alias: src1
                   Statistics: Num rows: 500 Data size: 5312 Basic stats: COMPLETE Column stats: NONE
                   Filter Operator
-                    predicate: ((UDFToDouble(key) > 10.0) and (UDFToDouble(key) < 20.0)) (type: boolean)
+                    predicate: ((UDFToDouble(key) < 20.0) and (UDFToDouble(key) > 10.0)) (type: boolean)
                     Statistics: Num rows: 55 Data size: 584 Basic stats: COMPLETE Column stats: NONE
                     Select Operator
                       expressions: key (type: string), value (type: string)
@@ -72,7 +72,7 @@ STAGE PLANS:
                   alias: src2
                   Statistics: Num rows: 500 Data size: 5312 Basic stats: COMPLETE Column stats: NONE
                   Filter Operator
-                    predicate: ((UDFToDouble(key) > 15.0) and (UDFToDouble(key) < 25.0)) (type: boolean)
+                    predicate: ((UDFToDouble(key) < 25.0) and (UDFToDouble(key) > 15.0)) (type: boolean)
                     Statistics: Num rows: 55 Data size: 584 Basic stats: COMPLETE Column stats: NONE
                     Select Operator
                       expressions: key (type: string), value (type: string)
diff --git a/ql/src/test/results/clientpositive/spark/join7.q.out b/ql/src/test/results/clientpositive/spark/join7.q.out
index 45c42319c3..d9b7c0563c 100644
--- a/ql/src/test/results/clientpositive/spark/join7.q.out
+++ b/ql/src/test/results/clientpositive/spark/join7.q.out
@@ -64,7 +64,7 @@ STAGE PLANS:
                   alias: src1
                   Statistics: Num rows: 500 Data size: 5312 Basic stats: COMPLETE Column stats: NONE
                   Filter Operator
-                    predicate: ((UDFToDouble(key) > 10.0) and (UDFToDouble(key) < 20.0)) (type: boolean)
+                    predicate: ((UDFToDouble(key) < 20.0) and (UDFToDouble(key) > 10.0)) (type: boolean)
                     Statistics: Num rows: 55 Data size: 584 Basic stats: COMPLETE Column stats: NONE
                     Select Operator
                       expressions: key (type: string), value (type: string)
@@ -82,7 +82,7 @@ STAGE PLANS:
                   alias: src2
                   Statistics: Num rows: 500 Data size: 5312 Basic stats: COMPLETE Column stats: NONE
                   Filter Operator
-                    predicate: ((UDFToDouble(key) > 15.0) and (UDFToDouble(key) < 25.0)) (type: boolean)
+                    predicate: ((UDFToDouble(key) < 25.0) and (UDFToDouble(key) > 15.0)) (type: boolean)
                     Statistics: Num rows: 55 Data size: 584 Basic stats: COMPLETE Column stats: NONE
                     Select Operator
                       expressions: key (type: string), value (type: string)
@@ -100,7 +100,7 @@ STAGE PLANS:
                   alias: src3
                   Statistics: Num rows: 500 Data size: 5312 Basic stats: COMPLETE Column stats: NONE
                   Filter Operator
-                    predicate: ((UDFToDouble(key) > 20.0) and (UDFToDouble(key) < 25.0)) (type: boolean)
+                    predicate: ((UDFToDouble(key) < 25.0) and (UDFToDouble(key) > 20.0)) (type: boolean)
                     Statistics: Num rows: 55 Data size: 584 Basic stats: COMPLETE Column stats: NONE
                     Select Operator
                       expressions: key (type: string), value (type: string)
diff --git a/ql/src/test/results/clientpositive/spark/join8.q.out b/ql/src/test/results/clientpositive/spark/join8.q.out
index 4ddad76bda..ae308b0d1c 100644
--- a/ql/src/test/results/clientpositive/spark/join8.q.out
+++ b/ql/src/test/results/clientpositive/spark/join8.q.out
@@ -54,7 +54,7 @@ STAGE PLANS:
                   alias: src1
                   Statistics: Num rows: 500 Data size: 5312 Basic stats: COMPLETE Column stats: NONE
                   Filter Operator
-                    predicate: ((UDFToDouble(key) > 10.0) and (UDFToDouble(key) < 20.0)) (type: boolean)
+                    predicate: ((UDFToDouble(key) < 20.0) and (UDFToDouble(key) > 10.0)) (type: boolean)
                     Statistics: Num rows: 55 Data size: 584 Basic stats: COMPLETE Column stats: NONE
                     Select Operator
                       expressions: key (type: string), value (type: string)
@@ -72,7 +72,7 @@ STAGE PLANS:
                   alias: src2
                   Statistics: Num rows: 500 Data size: 5312 Basic stats: COMPLETE Column stats: NONE
                   Filter Operator
-                    predicate: ((UDFToDouble(key) > 15.0) and (UDFToDouble(key) < 20.0)) (type: boolean)
+                    predicate: ((UDFToDouble(key) < 20.0) and (UDFToDouble(key) > 15.0)) (type: boolean)
                     Statistics: Num rows: 55 Data size: 584 Basic stats: COMPLETE Column stats: NONE
                     Select Operator
                       expressions: key (type: string), value (type: string)
diff --git a/ql/src/test/results/clientpositive/spark/join_hive_626.q.out b/ql/src/test/results/clientpositive/spark/join_hive_626.q.out
index a067d749e4..603df07a9a 100644
--- a/ql/src/test/results/clientpositive/spark/join_hive_626.q.out
+++ b/ql/src/test/results/clientpositive/spark/join_hive_626.q.out
@@ -82,7 +82,7 @@ STAGE PLANS:
                   alias: hive_bar
                   Statistics: Num rows: 1 Data size: 23 Basic stats: COMPLETE Column stats: NONE
                   Filter Operator
-                    predicate: (foo_id is not null and bar_id is not null) (type: boolean)
+                    predicate: (bar_id is not null and foo_id is not null) (type: boolean)
                     Statistics: Num rows: 1 Data size: 23 Basic stats: COMPLETE Column stats: NONE
                     Select Operator
                       expressions: bar_id (type: int), foo_id (type: int), bar_name (type: string)
diff --git a/ql/src/test/results/clientpositive/spark/join_reorder2.q.out b/ql/src/test/results/clientpositive/spark/join_reorder2.q.out
index a8c34c43f8..74e3d0182d 100644
--- a/ql/src/test/results/clientpositive/spark/join_reorder2.q.out
+++ b/ql/src/test/results/clientpositive/spark/join_reorder2.q.out
@@ -225,7 +225,7 @@ STAGE PLANS:
                   alias: a
                   Statistics: Num rows: 1 Data size: 30 Basic stats: COMPLETE Column stats: NONE
                   Filter Operator
-                    predicate: (key is not null and val is not null and (key + 1) is not null) (type: boolean)
+                    predicate: ((key + 1) is not null and key is not null and val is not null) (type: boolean)
                     Statistics: Num rows: 1 Data size: 30 Basic stats: COMPLETE Column stats: NONE
                     Reduce Output Operator
                       key expressions: key (type: string)
@@ -239,7 +239,7 @@ STAGE PLANS:
                   alias: b
                   Statistics: Num rows: 1 Data size: 30 Basic stats: COMPLETE Column stats: NONE
                   Filter Operator
-                    predicate: (key is not null and (key + 1) is not null) (type: boolean)
+                    predicate: ((key + 1) is not null and key is not null) (type: boolean)
                     Statistics: Num rows: 1 Data size: 30 Basic stats: COMPLETE Column stats: NONE
                     Reduce Output Operator
                       key expressions: key (type: string)
diff --git a/ql/src/test/results/clientpositive/spark/join_reorder3.q.out b/ql/src/test/results/clientpositive/spark/join_reorder3.q.out
index efd8a8c41f..f4ed040869 100644
--- a/ql/src/test/results/clientpositive/spark/join_reorder3.q.out
+++ b/ql/src/test/results/clientpositive/spark/join_reorder3.q.out
@@ -225,7 +225,7 @@ STAGE PLANS:
                   alias: a
                   Statistics: Num rows: 1 Data size: 30 Basic stats: COMPLETE Column stats: NONE
                   Filter Operator
-                    predicate: (key is not null and val is not null and (key + 1) is not null) (type: boolean)
+                    predicate: ((key + 1) is not null and key is not null and val is not null) (type: boolean)
                     Statistics: Num rows: 1 Data size: 30 Basic stats: COMPLETE Column stats: NONE
                     Reduce Output Operator
                       key expressions: key (type: string)
@@ -239,7 +239,7 @@ STAGE PLANS:
                   alias: b
                   Statistics: Num rows: 1 Data size: 30 Basic stats: COMPLETE Column stats: NONE
                   Filter Operator
-                    predicate: (key is not null and (key + 1) is not null) (type: boolean)
+                    predicate: ((key + 1) is not null and key is not null) (type: boolean)
                     Statistics: Num rows: 1 Data size: 30 Basic stats: COMPLETE Column stats: NONE
                     Reduce Output Operator
                       key expressions: key (type: string)
diff --git a/ql/src/test/results/clientpositive/spark/load_dyn_part13.q.out b/ql/src/test/results/clientpositive/spark/load_dyn_part13.q.out
index 7f403d575d..e153b4d23d 100644
--- a/ql/src/test/results/clientpositive/spark/load_dyn_part13.q.out
+++ b/ql/src/test/results/clientpositive/spark/load_dyn_part13.q.out
@@ -92,7 +92,7 @@ STAGE PLANS:
                   alias: src
                   Statistics: Num rows: 500 Data size: 5312 Basic stats: COMPLETE Column stats: NONE
                   Filter Operator
-                    predicate: ((UDFToDouble(key) > 20.0) and (UDFToDouble(key) < 40.0)) (type: boolean)
+                    predicate: ((UDFToDouble(key) < 40.0) and (UDFToDouble(key) > 20.0)) (type: boolean)
                     Statistics: Num rows: 55 Data size: 584 Basic stats: COMPLETE Column stats: NONE
                     Select Operator
                       expressions: key (type: string), value (type: string), '33' (type: string)
diff --git a/ql/src/test/results/clientpositive/spark/louter_join_ppr.q.out b/ql/src/test/results/clientpositive/spark/louter_join_ppr.q.out
index 65755e7d50..0762fbaaf6 100644
--- a/ql/src/test/results/clientpositive/spark/louter_join_ppr.q.out
+++ b/ql/src/test/results/clientpositive/spark/louter_join_ppr.q.out
@@ -109,7 +109,7 @@ STAGE PLANS:
                   GatherStats: false
                   Filter Operator
                     isSamplingPred: false
-                    predicate: ((UDFToDouble(key) > 15.0) and (UDFToDouble(key) < 20.0)) (type: boolean)
+                    predicate: ((UDFToDouble(key) < 20.0) and (UDFToDouble(key) > 15.0)) (type: boolean)
                     Statistics: Num rows: 111 Data size: 1179 Basic stats: COMPLETE Column stats: NONE
                     Select Operator
                       expressions: key (type: string), value (type: string)
@@ -466,7 +466,7 @@ STAGE PLANS:
                   GatherStats: false
                   Filter Operator
                     isSamplingPred: false
-                    predicate: ((UDFToDouble(key) > 15.0) and (UDFToDouble(key) < 20.0)) (type: boolean)
+                    predicate: ((UDFToDouble(key) < 20.0) and (UDFToDouble(key) > 15.0)) (type: boolean)
                     Statistics: Num rows: 55 Data size: 584 Basic stats: COMPLETE Column stats: NONE
                     Select Operator
                       expressions: key (type: string), value (type: string)
@@ -725,7 +725,7 @@ STAGE PLANS:
                   GatherStats: false
                   Filter Operator
                     isSamplingPred: false
-                    predicate: ((UDFToDouble(key) > 15.0) and (UDFToDouble(key) < 20.0)) (type: boolean)
+                    predicate: ((UDFToDouble(key) < 20.0) and (UDFToDouble(key) > 15.0)) (type: boolean)
                     Statistics: Num rows: 111 Data size: 1179 Basic stats: COMPLETE Column stats: NONE
                     Select Operator
                       expressions: key (type: string), value (type: string)
@@ -1082,7 +1082,7 @@ STAGE PLANS:
                   GatherStats: false
                   Filter Operator
                     isSamplingPred: false
-                    predicate: ((UDFToDouble(key) > 15.0) and (UDFToDouble(key) < 20.0)) (type: boolean)
+                    predicate: ((UDFToDouble(key) < 20.0) and (UDFToDouble(key) > 15.0)) (type: boolean)
                     Statistics: Num rows: 55 Data size: 584 Basic stats: COMPLETE Column stats: NONE
                     Select Operator
                       expressions: key (type: string), value (type: string)
diff --git a/ql/src/test/results/clientpositive/spark/mapjoin_filter_on_outerjoin.q.out b/ql/src/test/results/clientpositive/spark/mapjoin_filter_on_outerjoin.q.out
index c04a2e2c41..f00b6ebf80 100644
--- a/ql/src/test/results/clientpositive/spark/mapjoin_filter_on_outerjoin.q.out
+++ b/ql/src/test/results/clientpositive/spark/mapjoin_filter_on_outerjoin.q.out
@@ -64,7 +64,7 @@ STAGE PLANS:
                   alias: src1
                   Statistics: Num rows: 25 Data size: 191 Basic stats: COMPLETE Column stats: NONE
                   Filter Operator
-                    predicate: ((key < 300) and (key < 10)) (type: boolean)
+                    predicate: ((key < 10) and (key < 300)) (type: boolean)
                     Statistics: Num rows: 2 Data size: 15 Basic stats: COMPLETE Column stats: NONE
                     Spark HashTable Sink Operator
                       filter predicates:
@@ -225,7 +225,7 @@ STAGE PLANS:
                   alias: src1
                   Statistics: Num rows: 25 Data size: 191 Basic stats: COMPLETE Column stats: NONE
                   Filter Operator
-                    predicate: ((key < 300) and (key < 10)) (type: boolean)
+                    predicate: ((key < 10) and (key < 300)) (type: boolean)
                     Statistics: Num rows: 2 Data size: 15 Basic stats: COMPLETE Column stats: NONE
                     Spark HashTable Sink Operator
                       filter predicates:
diff --git a/ql/src/test/results/clientpositive/spark/mapjoin_mapjoin.q.out b/ql/src/test/results/clientpositive/spark/mapjoin_mapjoin.q.out
index 00b285c073..618c7e00c2 100644
--- a/ql/src/test/results/clientpositive/spark/mapjoin_mapjoin.q.out
+++ b/ql/src/test/results/clientpositive/spark/mapjoin_mapjoin.q.out
@@ -169,7 +169,7 @@ STAGE PLANS:
                   GatherStats: false
                   Filter Operator
                     isSamplingPred: false
-                    predicate: (value is not null and key is not null) (type: boolean)
+                    predicate: (key is not null and value is not null) (type: boolean)
                     Statistics: Num rows: 2000 Data size: 21248 Basic stats: COMPLETE Column stats: NONE
                     Select Operator
                       expressions: key (type: string), value (type: string)
@@ -581,7 +581,7 @@ STAGE PLANS:
                   alias: srcpart
                   Statistics: Num rows: 2000 Data size: 21248 Basic stats: COMPLETE Column stats: NONE
                   Filter Operator
-                    predicate: (value is not null and key is not null) (type: boolean)
+                    predicate: (key is not null and value is not null) (type: boolean)
                     Statistics: Num rows: 2000 Data size: 21248 Basic stats: COMPLETE Column stats: NONE
                     Select Operator
                       expressions: key (type: string), value (type: string), ds (type: string)
diff --git a/ql/src/test/results/clientpositive/spark/multi_insert.q.out b/ql/src/test/results/clientpositive/spark/multi_insert.q.out
index 33af962c97..4ed1e50b9c 100644
--- a/ql/src/test/results/clientpositive/spark/multi_insert.q.out
+++ b/ql/src/test/results/clientpositive/spark/multi_insert.q.out
@@ -57,7 +57,7 @@ STAGE PLANS:
                             serde: org.apache.hadoop.hive.serde2.lazy.LazySimpleSerDe
                             name: default.src_multi1
                   Filter Operator
-                    predicate: ((key > 10) and (key < 20)) (type: boolean)
+                    predicate: ((key < 20) and (key > 10)) (type: boolean)
                     Statistics: Num rows: 55 Data size: 584 Basic stats: COMPLETE Column stats: NONE
                     Select Operator
                       expressions: key (type: string), value (type: string)
@@ -194,7 +194,7 @@ STAGE PLANS:
                             serde: org.apache.hadoop.hive.serde2.lazy.LazySimpleSerDe
                             name: default.src_multi1
                   Filter Operator
-                    predicate: ((key > 10) and (key < 20)) (type: boolean)
+                    predicate: ((key < 20) and (key > 10)) (type: boolean)
                     Statistics: Num rows: 55 Data size: 584 Basic stats: COMPLETE Column stats: NONE
                     Select Operator
                       expressions: key (type: string), value (type: string)
@@ -331,7 +331,7 @@ STAGE PLANS:
                             serde: org.apache.hadoop.hive.serde2.lazy.LazySimpleSerDe
                             name: default.src_multi1
                   Filter Operator
-                    predicate: ((key > 10) and (key < 20)) (type: boolean)
+                    predicate: ((key < 20) and (key > 10)) (type: boolean)
                     Statistics: Num rows: 55 Data size: 584 Basic stats: COMPLETE Column stats: NONE
                     Select Operator
                       expressions: key (type: string), value (type: string)
@@ -468,7 +468,7 @@ STAGE PLANS:
                             serde: org.apache.hadoop.hive.serde2.lazy.LazySimpleSerDe
                             name: default.src_multi1
                   Filter Operator
-                    predicate: ((key > 10) and (key < 20)) (type: boolean)
+                    predicate: ((key < 20) and (key > 10)) (type: boolean)
                     Statistics: Num rows: 55 Data size: 584 Basic stats: COMPLETE Column stats: NONE
                     Select Operator
                       expressions: key (type: string), value (type: string)
@@ -620,7 +620,7 @@ STAGE PLANS:
                           serde: org.apache.hadoop.hive.serde2.lazy.LazySimpleSerDe
                           name: default.src_multi1
                 Filter Operator
-                  predicate: ((KEY._col0 > 10) and (KEY._col0 < 20)) (type: boolean)
+                  predicate: ((KEY._col0 < 20) and (KEY._col0 > 10)) (type: boolean)
                   Statistics: Num rows: 24 Data size: 254 Basic stats: COMPLETE Column stats: NONE
                   Group By Operator
                     keys: KEY._col0 (type: string), KEY._col1 (type: string)
@@ -766,7 +766,7 @@ STAGE PLANS:
                           serde: org.apache.hadoop.hive.serde2.lazy.LazySimpleSerDe
                           name: default.src_multi1
                 Filter Operator
-                  predicate: ((KEY._col0 > 10) and (KEY._col0 < 20)) (type: boolean)
+                  predicate: ((KEY._col0 < 20) and (KEY._col0 > 10)) (type: boolean)
                   Statistics: Num rows: 24 Data size: 254 Basic stats: COMPLETE Column stats: NONE
                   Group By Operator
                     keys: KEY._col0 (type: string), KEY._col1 (type: string)
@@ -912,7 +912,7 @@ STAGE PLANS:
                           serde: org.apache.hadoop.hive.serde2.lazy.LazySimpleSerDe
                           name: default.src_multi1
                 Filter Operator
-                  predicate: ((KEY._col0 > 10) and (KEY._col0 < 20)) (type: boolean)
+                  predicate: ((KEY._col0 < 20) and (KEY._col0 > 10)) (type: boolean)
                   Statistics: Num rows: 24 Data size: 254 Basic stats: COMPLETE Column stats: NONE
                   Group By Operator
                     keys: KEY._col0 (type: string), KEY._col1 (type: string)
@@ -1058,7 +1058,7 @@ STAGE PLANS:
                           serde: org.apache.hadoop.hive.serde2.lazy.LazySimpleSerDe
                           name: default.src_multi1
                 Filter Operator
-                  predicate: ((KEY._col0 > 10) and (KEY._col0 < 20)) (type: boolean)
+                  predicate: ((KEY._col0 < 20) and (KEY._col0 > 10)) (type: boolean)
                   Statistics: Num rows: 24 Data size: 254 Basic stats: COMPLETE Column stats: NONE
                   Group By Operator
                     keys: KEY._col0 (type: string), KEY._col1 (type: string)
@@ -1189,7 +1189,7 @@ STAGE PLANS:
                             serde: org.apache.hadoop.hive.serde2.lazy.LazySimpleSerDe
                             name: default.src_multi1
                     Filter Operator
-                      predicate: ((_col0 > 10) and (_col0 < 20)) (type: boolean)
+                      predicate: ((_col0 < 20) and (_col0 > 10)) (type: boolean)
                       Statistics: Num rows: 111 Data size: 1179 Basic stats: COMPLETE Column stats: NONE
                       File Output Operator
                         compressed: false
@@ -1220,7 +1220,7 @@ STAGE PLANS:
                             serde: org.apache.hadoop.hive.serde2.lazy.LazySimpleSerDe
                             name: default.src_multi1
                     Filter Operator
-                      predicate: ((_col0 > 10) and (_col0 < 20)) (type: boolean)
+                      predicate: ((_col0 < 20) and (_col0 > 10)) (type: boolean)
                       Statistics: Num rows: 111 Data size: 1179 Basic stats: COMPLETE Column stats: NONE
                       File Output Operator
                         compressed: false
@@ -1372,7 +1372,7 @@ STAGE PLANS:
                             serde: org.apache.hadoop.hive.serde2.lazy.LazySimpleSerDe
                             name: default.src_multi1
                     Filter Operator
-                      predicate: ((_col0 > 10) and (_col0 < 20)) (type: boolean)
+                      predicate: ((_col0 < 20) and (_col0 > 10)) (type: boolean)
                       Statistics: Num rows: 111 Data size: 1179 Basic stats: COMPLETE Column stats: NONE
                       File Output Operator
                         compressed: false
@@ -1403,7 +1403,7 @@ STAGE PLANS:
                             serde: org.apache.hadoop.hive.serde2.lazy.LazySimpleSerDe
                             name: default.src_multi1
                     Filter Operator
-                      predicate: ((_col0 > 10) and (_col0 < 20)) (type: boolean)
+                      predicate: ((_col0 < 20) and (_col0 > 10)) (type: boolean)
                       Statistics: Num rows: 111 Data size: 1179 Basic stats: COMPLETE Column stats: NONE
                       File Output Operator
                         compressed: false
@@ -1555,7 +1555,7 @@ STAGE PLANS:
                             serde: org.apache.hadoop.hive.serde2.lazy.LazySimpleSerDe
                             name: default.src_multi1
                     Filter Operator
-                      predicate: ((_col0 > 10) and (_col0 < 20)) (type: boolean)
+                      predicate: ((_col0 < 20) and (_col0 > 10)) (type: boolean)
                       Statistics: Num rows: 111 Data size: 1179 Basic stats: COMPLETE Column stats: NONE
                       File Output Operator
                         compressed: false
@@ -1586,7 +1586,7 @@ STAGE PLANS:
                             serde: org.apache.hadoop.hive.serde2.lazy.LazySimpleSerDe
                             name: default.src_multi1
                     Filter Operator
-                      predicate: ((_col0 > 10) and (_col0 < 20)) (type: boolean)
+                      predicate: ((_col0 < 20) and (_col0 > 10)) (type: boolean)
                       Statistics: Num rows: 111 Data size: 1179 Basic stats: COMPLETE Column stats: NONE
                       File Output Operator
                         compressed: false
@@ -1738,7 +1738,7 @@ STAGE PLANS:
                             serde: org.apache.hadoop.hive.serde2.lazy.LazySimpleSerDe
                             name: default.src_multi1
                     Filter Operator
-                      predicate: ((_col0 > 10) and (_col0 < 20)) (type: boolean)
+                      predicate: ((_col0 < 20) and (_col0 > 10)) (type: boolean)
                       Statistics: Num rows: 111 Data size: 1179 Basic stats: COMPLETE Column stats: NONE
                       File Output Operator
                         compressed: false
@@ -1769,7 +1769,7 @@ STAGE PLANS:
                             serde: org.apache.hadoop.hive.serde2.lazy.LazySimpleSerDe
                             name: default.src_multi1
                     Filter Operator
-                      predicate: ((_col0 > 10) and (_col0 < 20)) (type: boolean)
+                      predicate: ((_col0 < 20) and (_col0 > 10)) (type: boolean)
                       Statistics: Num rows: 111 Data size: 1179 Basic stats: COMPLETE Column stats: NONE
                       File Output Operator
                         compressed: false
diff --git a/ql/src/test/results/clientpositive/spark/multi_insert_gby.q.out b/ql/src/test/results/clientpositive/spark/multi_insert_gby.q.out
index d8c4b7fc6f..c86731cfa8 100644
--- a/ql/src/test/results/clientpositive/spark/multi_insert_gby.q.out
+++ b/ql/src/test/results/clientpositive/spark/multi_insert_gby.q.out
@@ -46,7 +46,7 @@ STAGE PLANS:
                   alias: src
                   Statistics: Num rows: 500 Data size: 5312 Basic stats: COMPLETE Column stats: NONE
                   Filter Operator
-                    predicate: ((key > 500) or (key > 450)) (type: boolean)
+                    predicate: ((key > 450) or (key > 500)) (type: boolean)
                     Statistics: Num rows: 332 Data size: 3527 Basic stats: COMPLETE Column stats: NONE
                     Reduce Output Operator
                       key expressions: key (type: string)
diff --git a/ql/src/test/results/clientpositive/spark/multi_insert_move_tasks_share_dependencies.q.out b/ql/src/test/results/clientpositive/spark/multi_insert_move_tasks_share_dependencies.q.out
index 7f1d67b566..85d57b14a4 100644
--- a/ql/src/test/results/clientpositive/spark/multi_insert_move_tasks_share_dependencies.q.out
+++ b/ql/src/test/results/clientpositive/spark/multi_insert_move_tasks_share_dependencies.q.out
@@ -58,7 +58,7 @@ STAGE PLANS:
                             serde: org.apache.hadoop.hive.serde2.lazy.LazySimpleSerDe
                             name: default.src_multi1
                   Filter Operator
-                    predicate: ((key > 10) and (key < 20)) (type: boolean)
+                    predicate: ((key < 20) and (key > 10)) (type: boolean)
                     Statistics: Num rows: 55 Data size: 584 Basic stats: COMPLETE Column stats: NONE
                     Select Operator
                       expressions: key (type: string), value (type: string)
@@ -199,7 +199,7 @@ STAGE PLANS:
                             serde: org.apache.hadoop.hive.serde2.lazy.LazySimpleSerDe
                             name: default.src_multi1
                   Filter Operator
-                    predicate: ((key > 10) and (key < 20)) (type: boolean)
+                    predicate: ((key < 20) and (key > 10)) (type: boolean)
                     Statistics: Num rows: 55 Data size: 584 Basic stats: COMPLETE Column stats: NONE
                     Select Operator
                       expressions: key (type: string), value (type: string)
@@ -340,7 +340,7 @@ STAGE PLANS:
                             serde: org.apache.hadoop.hive.serde2.lazy.LazySimpleSerDe
                             name: default.src_multi1
                   Filter Operator
-                    predicate: ((key > 10) and (key < 20)) (type: boolean)
+                    predicate: ((key < 20) and (key > 10)) (type: boolean)
                     Statistics: Num rows: 55 Data size: 584 Basic stats: COMPLETE Column stats: NONE
                     Select Operator
                       expressions: key (type: string), value (type: string)
@@ -481,7 +481,7 @@ STAGE PLANS:
                             serde: org.apache.hadoop.hive.serde2.lazy.LazySimpleSerDe
                             name: default.src_multi1
                   Filter Operator
-                    predicate: ((key > 10) and (key < 20)) (type: boolean)
+                    predicate: ((key < 20) and (key > 10)) (type: boolean)
                     Statistics: Num rows: 55 Data size: 584 Basic stats: COMPLETE Column stats: NONE
                     Select Operator
                       expressions: key (type: string), value (type: string)
@@ -637,7 +637,7 @@ STAGE PLANS:
                           serde: org.apache.hadoop.hive.serde2.lazy.LazySimpleSerDe
                           name: default.src_multi1
                 Filter Operator
-                  predicate: ((KEY._col0 > 10) and (KEY._col0 < 20)) (type: boolean)
+                  predicate: ((KEY._col0 < 20) and (KEY._col0 > 10)) (type: boolean)
                   Statistics: Num rows: 24 Data size: 254 Basic stats: COMPLETE Column stats: NONE
                   Group By Operator
                     keys: KEY._col0 (type: string), KEY._col1 (type: string)
@@ -787,7 +787,7 @@ STAGE PLANS:
                           serde: org.apache.hadoop.hive.serde2.lazy.LazySimpleSerDe
                           name: default.src_multi1
                 Filter Operator
-                  predicate: ((KEY._col0 > 10) and (KEY._col0 < 20)) (type: boolean)
+                  predicate: ((KEY._col0 < 20) and (KEY._col0 > 10)) (type: boolean)
                   Statistics: Num rows: 24 Data size: 254 Basic stats: COMPLETE Column stats: NONE
                   Group By Operator
                     keys: KEY._col0 (type: string), KEY._col1 (type: string)
@@ -937,7 +937,7 @@ STAGE PLANS:
                           serde: org.apache.hadoop.hive.serde2.lazy.LazySimpleSerDe
                           name: default.src_multi1
                 Filter Operator
-                  predicate: ((KEY._col0 > 10) and (KEY._col0 < 20)) (type: boolean)
+                  predicate: ((KEY._col0 < 20) and (KEY._col0 > 10)) (type: boolean)
                   Statistics: Num rows: 24 Data size: 254 Basic stats: COMPLETE Column stats: NONE
                   Group By Operator
                     keys: KEY._col0 (type: string), KEY._col1 (type: string)
@@ -1087,7 +1087,7 @@ STAGE PLANS:
                           serde: org.apache.hadoop.hive.serde2.lazy.LazySimpleSerDe
                           name: default.src_multi1
                 Filter Operator
-                  predicate: ((KEY._col0 > 10) and (KEY._col0 < 20)) (type: boolean)
+                  predicate: ((KEY._col0 < 20) and (KEY._col0 > 10)) (type: boolean)
                   Statistics: Num rows: 24 Data size: 254 Basic stats: COMPLETE Column stats: NONE
                   Group By Operator
                     keys: KEY._col0 (type: string), KEY._col1 (type: string)
@@ -1222,7 +1222,7 @@ STAGE PLANS:
                             serde: org.apache.hadoop.hive.serde2.lazy.LazySimpleSerDe
                             name: default.src_multi1
                     Filter Operator
-                      predicate: ((_col0 > 10) and (_col0 < 20)) (type: boolean)
+                      predicate: ((_col0 < 20) and (_col0 > 10)) (type: boolean)
                       Statistics: Num rows: 111 Data size: 1179 Basic stats: COMPLETE Column stats: NONE
                       File Output Operator
                         compressed: false
@@ -1253,7 +1253,7 @@ STAGE PLANS:
                             serde: org.apache.hadoop.hive.serde2.lazy.LazySimpleSerDe
                             name: default.src_multi1
                     Filter Operator
-                      predicate: ((_col0 > 10) and (_col0 < 20)) (type: boolean)
+                      predicate: ((_col0 < 20) and (_col0 > 10)) (type: boolean)
                       Statistics: Num rows: 111 Data size: 1179 Basic stats: COMPLETE Column stats: NONE
                       File Output Operator
                         compressed: false
@@ -1409,7 +1409,7 @@ STAGE PLANS:
                             serde: org.apache.hadoop.hive.serde2.lazy.LazySimpleSerDe
                             name: default.src_multi1
                     Filter Operator
-                      predicate: ((_col0 > 10) and (_col0 < 20)) (type: boolean)
+                      predicate: ((_col0 < 20) and (_col0 > 10)) (type: boolean)
                       Statistics: Num rows: 111 Data size: 1179 Basic stats: COMPLETE Column stats: NONE
                       File Output Operator
                         compressed: false
@@ -1440,7 +1440,7 @@ STAGE PLANS:
                             serde: org.apache.hadoop.hive.serde2.lazy.LazySimpleSerDe
                             name: default.src_multi1
                     Filter Operator
-                      predicate: ((_col0 > 10) and (_col0 < 20)) (type: boolean)
+                      predicate: ((_col0 < 20) and (_col0 > 10)) (type: boolean)
                       Statistics: Num rows: 111 Data size: 1179 Basic stats: COMPLETE Column stats: NONE
                       File Output Operator
                         compressed: false
@@ -1596,7 +1596,7 @@ STAGE PLANS:
                             serde: org.apache.hadoop.hive.serde2.lazy.LazySimpleSerDe
                             name: default.src_multi1
                     Filter Operator
-                      predicate: ((_col0 > 10) and (_col0 < 20)) (type: boolean)
+                      predicate: ((_col0 < 20) and (_col0 > 10)) (type: boolean)
                       Statistics: Num rows: 111 Data size: 1179 Basic stats: COMPLETE Column stats: NONE
                       File Output Operator
                         compressed: false
@@ -1627,7 +1627,7 @@ STAGE PLANS:
                             serde: org.apache.hadoop.hive.serde2.lazy.LazySimpleSerDe
                             name: default.src_multi1
                     Filter Operator
-                      predicate: ((_col0 > 10) and (_col0 < 20)) (type: boolean)
+                      predicate: ((_col0 < 20) and (_col0 > 10)) (type: boolean)
                       Statistics: Num rows: 111 Data size: 1179 Basic stats: COMPLETE Column stats: NONE
                       File Output Operator
                         compressed: false
@@ -1783,7 +1783,7 @@ STAGE PLANS:
                             serde: org.apache.hadoop.hive.serde2.lazy.LazySimpleSerDe
                             name: default.src_multi1
                     Filter Operator
-                      predicate: ((_col0 > 10) and (_col0 < 20)) (type: boolean)
+                      predicate: ((_col0 < 20) and (_col0 > 10)) (type: boolean)
                       Statistics: Num rows: 111 Data size: 1179 Basic stats: COMPLETE Column stats: NONE
                       File Output Operator
                         compressed: false
@@ -1814,7 +1814,7 @@ STAGE PLANS:
                             serde: org.apache.hadoop.hive.serde2.lazy.LazySimpleSerDe
                             name: default.src_multi1
                     Filter Operator
-                      predicate: ((_col0 > 10) and (_col0 < 20)) (type: boolean)
+                      predicate: ((_col0 < 20) and (_col0 > 10)) (type: boolean)
                       Statistics: Num rows: 111 Data size: 1179 Basic stats: COMPLETE Column stats: NONE
                       File Output Operator
                         compressed: false
@@ -2386,7 +2386,7 @@ STAGE PLANS:
                           output format: org.apache.hadoop.hive.ql.io.HiveIgnoreKeyTextOutputFormat
                           serde: org.apache.hadoop.hive.serde2.lazy.LazySimpleSerDe
                 Filter Operator
-                  predicate: ((KEY._col0 > 10) and (KEY._col0 < 20)) (type: boolean)
+                  predicate: ((KEY._col0 < 20) and (KEY._col0 > 10)) (type: boolean)
                   Statistics: Num rows: 24 Data size: 254 Basic stats: COMPLETE Column stats: NONE
                   Group By Operator
                     keys: KEY._col0 (type: string), KEY._col1 (type: string)
@@ -2495,7 +2495,7 @@ STAGE PLANS:
                           output format: org.apache.hadoop.hive.ql.io.HiveIgnoreKeyTextOutputFormat
                           serde: org.apache.hadoop.hive.serde2.lazy.LazySimpleSerDe
                 Filter Operator
-                  predicate: ((KEY._col0 > 10) and (KEY._col0 < 20)) (type: boolean)
+                  predicate: ((KEY._col0 < 20) and (KEY._col0 > 10)) (type: boolean)
                   Statistics: Num rows: 24 Data size: 254 Basic stats: COMPLETE Column stats: NONE
                   Group By Operator
                     keys: KEY._col0 (type: string), KEY._col1 (type: string)
@@ -2604,7 +2604,7 @@ STAGE PLANS:
                           output format: org.apache.hadoop.hive.ql.io.HiveIgnoreKeyTextOutputFormat
                           serde: org.apache.hadoop.hive.serde2.lazy.LazySimpleSerDe
                 Filter Operator
-                  predicate: ((KEY._col0 > 10) and (KEY._col0 < 20)) (type: boolean)
+                  predicate: ((KEY._col0 < 20) and (KEY._col0 > 10)) (type: boolean)
                   Statistics: Num rows: 24 Data size: 254 Basic stats: COMPLETE Column stats: NONE
                   Group By Operator
                     keys: KEY._col0 (type: string), KEY._col1 (type: string)
@@ -2713,7 +2713,7 @@ STAGE PLANS:
                           output format: org.apache.hadoop.hive.ql.io.HiveIgnoreKeyTextOutputFormat
                           serde: org.apache.hadoop.hive.serde2.lazy.LazySimpleSerDe
                 Filter Operator
-                  predicate: ((KEY._col0 > 10) and (KEY._col0 < 20)) (type: boolean)
+                  predicate: ((KEY._col0 < 20) and (KEY._col0 > 10)) (type: boolean)
                   Statistics: Num rows: 24 Data size: 254 Basic stats: COMPLETE Column stats: NONE
                   Group By Operator
                     keys: KEY._col0 (type: string), KEY._col1 (type: string)
@@ -2818,7 +2818,7 @@ STAGE PLANS:
                             serde: org.apache.hadoop.hive.serde2.lazy.LazySimpleSerDe
                             name: default.src_multi1
                   Filter Operator
-                    predicate: ((key > 10) and (key < 20)) (type: boolean)
+                    predicate: ((key < 20) and (key > 10)) (type: boolean)
                     Statistics: Num rows: 55 Data size: 584 Basic stats: COMPLETE Column stats: NONE
                     Select Operator
                       expressions: key (type: string), value (type: string)
@@ -2860,7 +2860,7 @@ STAGE PLANS:
                           output format: org.apache.hadoop.hive.ql.io.HiveIgnoreKeyTextOutputFormat
                           serde: org.apache.hadoop.hive.serde2.lazy.LazySimpleSerDe
                 Filter Operator
-                  predicate: ((KEY._col0 > 10) and (KEY._col0 < 20)) (type: boolean)
+                  predicate: ((KEY._col0 < 20) and (KEY._col0 > 10)) (type: boolean)
                   Statistics: Num rows: 24 Data size: 254 Basic stats: COMPLETE Column stats: NONE
                   Group By Operator
                     keys: KEY._col0 (type: string), KEY._col1 (type: string)
@@ -3038,7 +3038,7 @@ STAGE PLANS:
                             serde: org.apache.hadoop.hive.serde2.lazy.LazySimpleSerDe
                             name: default.src_multi1
                   Filter Operator
-                    predicate: ((key > 10) and (key < 20)) (type: boolean)
+                    predicate: ((key < 20) and (key > 10)) (type: boolean)
                     Statistics: Num rows: 55 Data size: 584 Basic stats: COMPLETE Column stats: NONE
                     Select Operator
                       expressions: key (type: string), value (type: string)
@@ -3080,7 +3080,7 @@ STAGE PLANS:
                           output format: org.apache.hadoop.hive.ql.io.HiveIgnoreKeyTextOutputFormat
                           serde: org.apache.hadoop.hive.serde2.lazy.LazySimpleSerDe
                 Filter Operator
-                  predicate: ((KEY._col0 > 10) and (KEY._col0 < 20)) (type: boolean)
+                  predicate: ((KEY._col0 < 20) and (KEY._col0 > 10)) (type: boolean)
                   Statistics: Num rows: 24 Data size: 254 Basic stats: COMPLETE Column stats: NONE
                   Group By Operator
                     keys: KEY._col0 (type: string), KEY._col1 (type: string)
@@ -3258,7 +3258,7 @@ STAGE PLANS:
                             serde: org.apache.hadoop.hive.serde2.lazy.LazySimpleSerDe
                             name: default.src_multi1
                   Filter Operator
-                    predicate: ((key > 10) and (key < 20)) (type: boolean)
+                    predicate: ((key < 20) and (key > 10)) (type: boolean)
                     Statistics: Num rows: 55 Data size: 584 Basic stats: COMPLETE Column stats: NONE
                     Select Operator
                       expressions: key (type: string), value (type: string)
@@ -3300,7 +3300,7 @@ STAGE PLANS:
                           output format: org.apache.hadoop.hive.ql.io.HiveIgnoreKeyTextOutputFormat
                           serde: org.apache.hadoop.hive.serde2.lazy.LazySimpleSerDe
                 Filter Operator
-                  predicate: ((KEY._col0 > 10) and (KEY._col0 < 20)) (type: boolean)
+                  predicate: ((KEY._col0 < 20) and (KEY._col0 > 10)) (type: boolean)
                   Statistics: Num rows: 24 Data size: 254 Basic stats: COMPLETE Column stats: NONE
                   Group By Operator
                     keys: KEY._col0 (type: string), KEY._col1 (type: string)
@@ -3478,7 +3478,7 @@ STAGE PLANS:
                             serde: org.apache.hadoop.hive.serde2.lazy.LazySimpleSerDe
                             name: default.src_multi1
                   Filter Operator
-                    predicate: ((key > 10) and (key < 20)) (type: boolean)
+                    predicate: ((key < 20) and (key > 10)) (type: boolean)
                     Statistics: Num rows: 55 Data size: 584 Basic stats: COMPLETE Column stats: NONE
                     Select Operator
                       expressions: key (type: string), value (type: string)
@@ -3520,7 +3520,7 @@ STAGE PLANS:
                           output format: org.apache.hadoop.hive.ql.io.HiveIgnoreKeyTextOutputFormat
                           serde: org.apache.hadoop.hive.serde2.lazy.LazySimpleSerDe
                 Filter Operator
-                  predicate: ((KEY._col0 > 10) and (KEY._col0 < 20)) (type: boolean)
+                  predicate: ((KEY._col0 < 20) and (KEY._col0 > 10)) (type: boolean)
                   Statistics: Num rows: 24 Data size: 254 Basic stats: COMPLETE Column stats: NONE
                   Group By Operator
                     keys: KEY._col0 (type: string), KEY._col1 (type: string)
diff --git a/ql/src/test/results/clientpositive/spark/outer_join_ppr.q.out b/ql/src/test/results/clientpositive/spark/outer_join_ppr.q.out
index 3fcfe2ac24..8bfd8b67a6 100644
--- a/ql/src/test/results/clientpositive/spark/outer_join_ppr.q.out
+++ b/ql/src/test/results/clientpositive/spark/outer_join_ppr.q.out
@@ -109,7 +109,7 @@ STAGE PLANS:
                   GatherStats: false
                   Filter Operator
                     isSamplingPred: false
-                    predicate: ((UDFToDouble(key) > 15.0) and (UDFToDouble(key) < 20.0)) (type: boolean)
+                    predicate: ((UDFToDouble(key) < 20.0) and (UDFToDouble(key) > 15.0)) (type: boolean)
                     Statistics: Num rows: 111 Data size: 1179 Basic stats: COMPLETE Column stats: NONE
                     Select Operator
                       expressions: key (type: string), value (type: string)
@@ -415,7 +415,7 @@ STAGE PLANS:
                   GatherStats: false
                   Filter Operator
                     isSamplingPred: false
-                    predicate: ((UDFToDouble(key) > 15.0) and (UDFToDouble(key) < 20.0)) (type: boolean)
+                    predicate: ((UDFToDouble(key) < 20.0) and (UDFToDouble(key) > 15.0)) (type: boolean)
                     Statistics: Num rows: 111 Data size: 1179 Basic stats: COMPLETE Column stats: NONE
                     Select Operator
                       expressions: key (type: string), value (type: string)
diff --git a/ql/src/test/results/clientpositive/spark/pcr.q.out b/ql/src/test/results/clientpositive/spark/pcr.q.out
index 3ed71afc4d..f37323310e 100644
--- a/ql/src/test/results/clientpositive/spark/pcr.q.out
+++ b/ql/src/test/results/clientpositive/spark/pcr.q.out
@@ -3227,7 +3227,7 @@ STAGE PLANS:
                   GatherStats: false
                   Filter Operator
                     isSamplingPred: false
-                    predicate: ((ds > '2000-04-08') or ((ds <= '2000-04-09') and (key = 2))) (type: boolean)
+                    predicate: (((ds <= '2000-04-09') and (key = 2)) or (ds > '2000-04-08')) (type: boolean)
                     Statistics: Num rows: 30 Data size: 240 Basic stats: COMPLETE Column stats: NONE
                     Select Operator
                       expressions: key (type: int), value (type: string), ds (type: string)
diff --git a/ql/src/test/results/clientpositive/spark/ppd_gby_join.q.out b/ql/src/test/results/clientpositive/spark/ppd_gby_join.q.out
index 27c0873716..1dc1a2594f 100644
--- a/ql/src/test/results/clientpositive/spark/ppd_gby_join.q.out
+++ b/ql/src/test/results/clientpositive/spark/ppd_gby_join.q.out
@@ -36,7 +36,7 @@ STAGE PLANS:
                   alias: src
                   Statistics: Num rows: 500 Data size: 5312 Basic stats: COMPLETE Column stats: NONE
                   Filter Operator
-                    predicate: ((key < '400') and (key > '20') and ((value < 'val_50') or (key > '2')) and (key <> '4')) (type: boolean)
+                    predicate: (((value < 'val_50') or (key > '2')) and (key < '400') and (key <> '4') and (key > '20')) (type: boolean)
                     Statistics: Num rows: 36 Data size: 382 Basic stats: COMPLETE Column stats: NONE
                     Select Operator
                       expressions: key (type: string)
@@ -75,7 +75,7 @@ STAGE PLANS:
                 outputColumnNames: _col0, _col1
                 Statistics: Num rows: 60 Data size: 642 Basic stats: COMPLETE Column stats: NONE
                 Filter Operator
-                  predicate: ((_col1 > '50') or (_col0 < '50')) (type: boolean)
+                  predicate: ((_col0 < '50') or (_col1 > '50')) (type: boolean)
                   Statistics: Num rows: 40 Data size: 428 Basic stats: COMPLETE Column stats: NONE
                   Select Operator
                     expressions: _col0 (type: string)
@@ -304,7 +304,7 @@ STAGE PLANS:
                   alias: src
                   Statistics: Num rows: 500 Data size: 5312 Basic stats: COMPLETE Column stats: NONE
                   Filter Operator
-                    predicate: ((key < '400') and (key > '20') and ((value < 'val_50') or (key > '2')) and (key <> '4')) (type: boolean)
+                    predicate: (((value < 'val_50') or (key > '2')) and (key < '400') and (key <> '4') and (key > '20')) (type: boolean)
                     Statistics: Num rows: 36 Data size: 382 Basic stats: COMPLETE Column stats: NONE
                     Select Operator
                       expressions: key (type: string)
@@ -343,7 +343,7 @@ STAGE PLANS:
                 outputColumnNames: _col0, _col1
                 Statistics: Num rows: 60 Data size: 642 Basic stats: COMPLETE Column stats: NONE
                 Filter Operator
-                  predicate: ((_col1 > '50') or (_col0 < '50')) (type: boolean)
+                  predicate: ((_col0 < '50') or (_col1 > '50')) (type: boolean)
                   Statistics: Num rows: 40 Data size: 428 Basic stats: COMPLETE Column stats: NONE
                   Select Operator
                     expressions: _col0 (type: string)
diff --git a/ql/src/test/results/clientpositive/spark/ppd_join.q.out b/ql/src/test/results/clientpositive/spark/ppd_join.q.out
index 1b2487e483..dd2c394d48 100644
--- a/ql/src/test/results/clientpositive/spark/ppd_join.q.out
+++ b/ql/src/test/results/clientpositive/spark/ppd_join.q.out
@@ -33,7 +33,7 @@ STAGE PLANS:
                   alias: src
                   Statistics: Num rows: 500 Data size: 5312 Basic stats: COMPLETE Column stats: NONE
                   Filter Operator
-                    predicate: ((key < '400') and (key > '20') and ((value < 'val_50') or (key > '2')) and (key <> '4')) (type: boolean)
+                    predicate: (((value < 'val_50') or (key > '2')) and (key < '400') and (key <> '4') and (key > '20')) (type: boolean)
                     Statistics: Num rows: 36 Data size: 382 Basic stats: COMPLETE Column stats: NONE
                     Select Operator
                       expressions: key (type: string)
@@ -73,7 +73,7 @@ STAGE PLANS:
                 outputColumnNames: _col0, _col1, _col2
                 Statistics: Num rows: 60 Data size: 642 Basic stats: COMPLETE Column stats: NONE
                 Filter Operator
-                  predicate: ((_col1 > '50') or (_col0 < '50')) (type: boolean)
+                  predicate: ((_col0 < '50') or (_col1 > '50')) (type: boolean)
                   Statistics: Num rows: 40 Data size: 428 Basic stats: COMPLETE Column stats: NONE
                   Select Operator
                     expressions: _col0 (type: string), _col2 (type: string)
@@ -566,7 +566,7 @@ STAGE PLANS:
                   alias: src
                   Statistics: Num rows: 500 Data size: 5312 Basic stats: COMPLETE Column stats: NONE
                   Filter Operator
-                    predicate: ((key < '400') and (key > '20') and ((value < 'val_50') or (key > '2')) and (key <> '4')) (type: boolean)
+                    predicate: (((value < 'val_50') or (key > '2')) and (key < '400') and (key <> '4') and (key > '20')) (type: boolean)
                     Statistics: Num rows: 36 Data size: 382 Basic stats: COMPLETE Column stats: NONE
                     Select Operator
                       expressions: key (type: string)
@@ -606,7 +606,7 @@ STAGE PLANS:
                 outputColumnNames: _col0, _col1, _col2
                 Statistics: Num rows: 60 Data size: 642 Basic stats: COMPLETE Column stats: NONE
                 Filter Operator
-                  predicate: ((_col1 > '50') or (_col0 < '50')) (type: boolean)
+                  predicate: ((_col0 < '50') or (_col1 > '50')) (type: boolean)
                   Statistics: Num rows: 40 Data size: 428 Basic stats: COMPLETE Column stats: NONE
                   Select Operator
                     expressions: _col0 (type: string), _col2 (type: string)
diff --git a/ql/src/test/results/clientpositive/spark/ppd_join2.q.out b/ql/src/test/results/clientpositive/spark/ppd_join2.q.out
index 024e9622c2..e0e6b31cf2 100644
--- a/ql/src/test/results/clientpositive/spark/ppd_join2.q.out
+++ b/ql/src/test/results/clientpositive/spark/ppd_join2.q.out
@@ -40,7 +40,7 @@ STAGE PLANS:
                   alias: src
                   Statistics: Num rows: 500 Data size: 5312 Basic stats: COMPLETE Column stats: NONE
                   Filter Operator
-                    predicate: ((key <> '305') and (key <> '302') and (key < '400') and (key <> '14') and (key <> '311')) (type: boolean)
+                    predicate: ((key < '400') and (key <> '14') and (key <> '302') and (key <> '305') and (key <> '311')) (type: boolean)
                     Statistics: Num rows: 166 Data size: 1763 Basic stats: COMPLETE Column stats: NONE
                     Select Operator
                       expressions: key (type: string), value (type: string)
@@ -58,7 +58,7 @@ STAGE PLANS:
                   alias: src
                   Statistics: Num rows: 500 Data size: 5312 Basic stats: COMPLETE Column stats: NONE
                   Filter Operator
-                    predicate: ((key <> '302') and (key < '400') and (key <> '305') and (key <> '311') and ((value <> 'val_50') or (key > '1')) and (key <> '14') and value is not null) (type: boolean)
+                    predicate: (((value <> 'val_50') or (key > '1')) and (key < '400') and (key <> '14') and (key <> '302') and (key <> '305') and (key <> '311') and value is not null) (type: boolean)
                     Statistics: Num rows: 166 Data size: 1763 Basic stats: COMPLETE Column stats: NONE
                     Select Operator
                       expressions: key (type: string), value (type: string)
@@ -1720,7 +1720,7 @@ STAGE PLANS:
                   alias: src
                   Statistics: Num rows: 500 Data size: 5312 Basic stats: COMPLETE Column stats: NONE
                   Filter Operator
-                    predicate: ((key <> '305') and (key <> '302') and (key < '400') and (key <> '14') and (key <> '311')) (type: boolean)
+                    predicate: ((key < '400') and (key <> '14') and (key <> '302') and (key <> '305') and (key <> '311')) (type: boolean)
                     Statistics: Num rows: 166 Data size: 1763 Basic stats: COMPLETE Column stats: NONE
                     Select Operator
                       expressions: key (type: string), value (type: string)
@@ -1738,7 +1738,7 @@ STAGE PLANS:
                   alias: src
                   Statistics: Num rows: 500 Data size: 5312 Basic stats: COMPLETE Column stats: NONE
                   Filter Operator
-                    predicate: ((key <> '302') and (key < '400') and (key <> '305') and (key <> '311') and ((value <> 'val_50') or (key > '1')) and (key <> '14') and value is not null) (type: boolean)
+                    predicate: (((value <> 'val_50') or (key > '1')) and (key < '400') and (key <> '14') and (key <> '302') and (key <> '305') and (key <> '311') and value is not null) (type: boolean)
                     Statistics: Num rows: 166 Data size: 1763 Basic stats: COMPLETE Column stats: NONE
                     Select Operator
                       expressions: key (type: string), value (type: string)
diff --git a/ql/src/test/results/clientpositive/spark/ppd_join3.q.out b/ql/src/test/results/clientpositive/spark/ppd_join3.q.out
index 6706153fb4..91b323da10 100644
--- a/ql/src/test/results/clientpositive/spark/ppd_join3.q.out
+++ b/ql/src/test/results/clientpositive/spark/ppd_join3.q.out
@@ -39,7 +39,7 @@ STAGE PLANS:
                   alias: src
                   Statistics: Num rows: 500 Data size: 5312 Basic stats: COMPLETE Column stats: NONE
                   Filter Operator
-                    predicate: ((key <> '13') and (key <> '11') and (key < '400') and (key <> '12') and (key <> '1') and (key > '0') and (key <> '4')) (type: boolean)
+                    predicate: ((key < '400') and (key <> '1') and (key <> '11') and (key <> '12') and (key <> '13') and (key <> '4') and (key > '0')) (type: boolean)
                     Statistics: Num rows: 55 Data size: 584 Basic stats: COMPLETE Column stats: NONE
                     Select Operator
                       expressions: key (type: string)
@@ -56,7 +56,7 @@ STAGE PLANS:
                   alias: src
                   Statistics: Num rows: 500 Data size: 5312 Basic stats: COMPLETE Column stats: NONE
                   Filter Operator
-                    predicate: ((key <> '11') and (key < '400') and (key <> '12') and (key <> '13') and (key > '0') and ((value <> 'val_500') or (key > '1')) and (key <> '4') and (key <> '1')) (type: boolean)
+                    predicate: (((value <> 'val_500') or (key > '1')) and (key < '400') and (key <> '1') and (key <> '11') and (key <> '12') and (key <> '13') and (key <> '4') and (key > '0')) (type: boolean)
                     Statistics: Num rows: 55 Data size: 584 Basic stats: COMPLETE Column stats: NONE
                     Select Operator
                       expressions: key (type: string)
@@ -73,7 +73,7 @@ STAGE PLANS:
                   alias: src
                   Statistics: Num rows: 500 Data size: 5312 Basic stats: COMPLETE Column stats: NONE
                   Filter Operator
-                    predicate: ((key <> '12') and (key <> '11') and (key < '400') and (key <> '13') and (key <> '4') and (key > '0') and (key <> '1')) (type: boolean)
+                    predicate: ((key < '400') and (key <> '1') and (key <> '11') and (key <> '12') and (key <> '13') and (key <> '4') and (key > '0')) (type: boolean)
                     Statistics: Num rows: 55 Data size: 584 Basic stats: COMPLETE Column stats: NONE
                     Select Operator
                       expressions: key (type: string), value (type: string)
@@ -98,7 +98,7 @@ STAGE PLANS:
                 outputColumnNames: _col1, _col2, _col3
                 Statistics: Num rows: 121 Data size: 1284 Basic stats: COMPLETE Column stats: NONE
                 Filter Operator
-                  predicate: ((_col2 > '10') or (_col1 <> '10')) (type: boolean)
+                  predicate: ((_col1 <> '10') or (_col2 > '10')) (type: boolean)
                   Statistics: Num rows: 121 Data size: 1284 Basic stats: COMPLETE Column stats: NONE
                   Select Operator
                     expressions: _col1 (type: string), _col3 (type: string)
@@ -1760,7 +1760,7 @@ STAGE PLANS:
                   alias: src
                   Statistics: Num rows: 500 Data size: 5312 Basic stats: COMPLETE Column stats: NONE
                   Filter Operator
-                    predicate: ((key <> '13') and (key <> '11') and (key < '400') and (key <> '12') and (key <> '1') and (key > '0') and (key <> '4')) (type: boolean)
+                    predicate: ((key < '400') and (key <> '1') and (key <> '11') and (key <> '12') and (key <> '13') and (key <> '4') and (key > '0')) (type: boolean)
                     Statistics: Num rows: 55 Data size: 584 Basic stats: COMPLETE Column stats: NONE
                     Select Operator
                       expressions: key (type: string)
@@ -1777,7 +1777,7 @@ STAGE PLANS:
                   alias: src
                   Statistics: Num rows: 500 Data size: 5312 Basic stats: COMPLETE Column stats: NONE
                   Filter Operator
-                    predicate: ((key <> '11') and (key < '400') and (key <> '12') and (key <> '13') and (key > '0') and ((value <> 'val_500') or (key > '1')) and (key <> '4') and (key <> '1')) (type: boolean)
+                    predicate: (((value <> 'val_500') or (key > '1')) and (key < '400') and (key <> '1') and (key <> '11') and (key <> '12') and (key <> '13') and (key <> '4') and (key > '0')) (type: boolean)
                     Statistics: Num rows: 55 Data size: 584 Basic stats: COMPLETE Column stats: NONE
                     Select Operator
                       expressions: key (type: string)
@@ -1794,7 +1794,7 @@ STAGE PLANS:
                   alias: src
                   Statistics: Num rows: 500 Data size: 5312 Basic stats: COMPLETE Column stats: NONE
                   Filter Operator
-                    predicate: ((key <> '12') and (key <> '11') and (key < '400') and (key <> '13') and (key <> '4') and (key > '0') and (key <> '1')) (type: boolean)
+                    predicate: ((key < '400') and (key <> '1') and (key <> '11') and (key <> '12') and (key <> '13') and (key <> '4') and (key > '0')) (type: boolean)
                     Statistics: Num rows: 55 Data size: 584 Basic stats: COMPLETE Column stats: NONE
                     Select Operator
                       expressions: key (type: string), value (type: string)
@@ -1819,7 +1819,7 @@ STAGE PLANS:
                 outputColumnNames: _col1, _col2, _col3
                 Statistics: Num rows: 121 Data size: 1284 Basic stats: COMPLETE Column stats: NONE
                 Filter Operator
-                  predicate: ((_col2 > '10') or (_col1 <> '10')) (type: boolean)
+                  predicate: ((_col1 <> '10') or (_col2 > '10')) (type: boolean)
                   Statistics: Num rows: 121 Data size: 1284 Basic stats: COMPLETE Column stats: NONE
                   Select Operator
                     expressions: _col1 (type: string), _col3 (type: string)
diff --git a/ql/src/test/results/clientpositive/spark/ppd_join5.q.out b/ql/src/test/results/clientpositive/spark/ppd_join5.q.out
index d5624ad7f2..41817d8087 100644
--- a/ql/src/test/results/clientpositive/spark/ppd_join5.q.out
+++ b/ql/src/test/results/clientpositive/spark/ppd_join5.q.out
@@ -253,7 +253,7 @@ STAGE PLANS:
                 outputColumnNames: _col0, _col1, _col2, _col4
                 Statistics: Num rows: 1 Data size: 7 Basic stats: COMPLETE Column stats: NONE
                 Filter Operator
-                  predicate: ((_col4 > 1) or (_col2 > 1)) (type: boolean)
+                  predicate: ((_col2 > 1) or (_col4 > 1)) (type: boolean)
                   Statistics: Num rows: 1 Data size: 7 Basic stats: COMPLETE Column stats: NONE
                   Select Operator
                     expressions: _col0 (type: string), _col1 (type: string), _col4 (type: int), _col2 (type: int)
diff --git a/ql/src/test/results/clientpositive/spark/ppd_multi_insert.q.out b/ql/src/test/results/clientpositive/spark/ppd_multi_insert.q.out
index 12b1724990..38b1f6dadd 100644
--- a/ql/src/test/results/clientpositive/spark/ppd_multi_insert.q.out
+++ b/ql/src/test/results/clientpositive/spark/ppd_multi_insert.q.out
@@ -114,7 +114,7 @@ STAGE PLANS:
                           serde: org.apache.hadoop.hive.serde2.lazy.LazySimpleSerDe
                           name: default.mi1
                 Filter Operator
-                  predicate: ((_col0 >= 100) and (_col0 < 200)) (type: boolean)
+                  predicate: ((_col0 < 200) and (_col0 >= 100)) (type: boolean)
                   Statistics: Num rows: 61 Data size: 648 Basic stats: COMPLETE Column stats: NONE
                   Select Operator
                     expressions: UDFToInteger(_col0) (type: int), _col1 (type: string)
@@ -129,7 +129,7 @@ STAGE PLANS:
                           serde: org.apache.hadoop.hive.serde2.lazy.LazySimpleSerDe
                           name: default.mi2
                 Filter Operator
-                  predicate: ((_col0 >= 200) and (_col0 < 300)) (type: boolean)
+                  predicate: ((_col0 < 300) and (_col0 >= 200)) (type: boolean)
                   Statistics: Num rows: 61 Data size: 648 Basic stats: COMPLETE Column stats: NONE
                   Select Operator
                     expressions: UDFToInteger(_col0) (type: int)
@@ -1387,7 +1387,7 @@ STAGE PLANS:
                           serde: org.apache.hadoop.hive.serde2.lazy.LazySimpleSerDe
                           name: default.mi1
                 Filter Operator
-                  predicate: ((_col0 >= 100) and (_col0 < 200)) (type: boolean)
+                  predicate: ((_col0 < 200) and (_col0 >= 100)) (type: boolean)
                   Statistics: Num rows: 61 Data size: 648 Basic stats: COMPLETE Column stats: NONE
                   Select Operator
                     expressions: UDFToInteger(_col0) (type: int), _col1 (type: string)
@@ -1402,7 +1402,7 @@ STAGE PLANS:
                           serde: org.apache.hadoop.hive.serde2.lazy.LazySimpleSerDe
                           name: default.mi2
                 Filter Operator
-                  predicate: ((_col0 >= 200) and (_col0 < 300)) (type: boolean)
+                  predicate: ((_col0 < 300) and (_col0 >= 200)) (type: boolean)
                   Statistics: Num rows: 61 Data size: 648 Basic stats: COMPLETE Column stats: NONE
                   Select Operator
                     expressions: UDFToInteger(_col0) (type: int)
diff --git a/ql/src/test/results/clientpositive/spark/ppd_outer_join1.q.out b/ql/src/test/results/clientpositive/spark/ppd_outer_join1.q.out
index 3035b43b0f..4000f893e3 100644
--- a/ql/src/test/results/clientpositive/spark/ppd_outer_join1.q.out
+++ b/ql/src/test/results/clientpositive/spark/ppd_outer_join1.q.out
@@ -51,7 +51,7 @@ STAGE PLANS:
                   alias: b
                   Statistics: Num rows: 500 Data size: 5312 Basic stats: COMPLETE Column stats: NONE
                   Filter Operator
-                    predicate: ((UDFToDouble(key) > 15.0) and (UDFToDouble(key) < 20.0)) (type: boolean)
+                    predicate: ((UDFToDouble(key) < 20.0) and (UDFToDouble(key) > 15.0)) (type: boolean)
                     Statistics: Num rows: 55 Data size: 584 Basic stats: COMPLETE Column stats: NONE
                     Select Operator
                       expressions: key (type: string), value (type: string)
@@ -166,7 +166,7 @@ STAGE PLANS:
                   alias: b
                   Statistics: Num rows: 500 Data size: 5312 Basic stats: COMPLETE Column stats: NONE
                   Filter Operator
-                    predicate: ((UDFToDouble(key) > 15.0) and (UDFToDouble(key) < 20.0)) (type: boolean)
+                    predicate: ((UDFToDouble(key) < 20.0) and (UDFToDouble(key) > 15.0)) (type: boolean)
                     Statistics: Num rows: 55 Data size: 584 Basic stats: COMPLETE Column stats: NONE
                     Select Operator
                       expressions: key (type: string), value (type: string)
diff --git a/ql/src/test/results/clientpositive/spark/ppd_outer_join2.q.out b/ql/src/test/results/clientpositive/spark/ppd_outer_join2.q.out
index 43ad576a13..a2ce5879c1 100644
--- a/ql/src/test/results/clientpositive/spark/ppd_outer_join2.q.out
+++ b/ql/src/test/results/clientpositive/spark/ppd_outer_join2.q.out
@@ -51,7 +51,7 @@ STAGE PLANS:
                   alias: b
                   Statistics: Num rows: 500 Data size: 5312 Basic stats: COMPLETE Column stats: NONE
                   Filter Operator
-                    predicate: ((key > '15') and (key < '20')) (type: boolean)
+                    predicate: ((key < '20') and (key > '15')) (type: boolean)
                     Statistics: Num rows: 55 Data size: 584 Basic stats: COMPLETE Column stats: NONE
                     Select Operator
                       expressions: key (type: string), value (type: string)
@@ -286,7 +286,7 @@ STAGE PLANS:
                   alias: b
                   Statistics: Num rows: 500 Data size: 5312 Basic stats: COMPLETE Column stats: NONE
                   Filter Operator
-                    predicate: ((key > '15') and (key < '20')) (type: boolean)
+                    predicate: ((key < '20') and (key > '15')) (type: boolean)
                     Statistics: Num rows: 55 Data size: 584 Basic stats: COMPLETE Column stats: NONE
                     Select Operator
                       expressions: key (type: string), value (type: string)
diff --git a/ql/src/test/results/clientpositive/spark/ppd_outer_join3.q.out b/ql/src/test/results/clientpositive/spark/ppd_outer_join3.q.out
index 0d8ea1d566..486e06c07f 100644
--- a/ql/src/test/results/clientpositive/spark/ppd_outer_join3.q.out
+++ b/ql/src/test/results/clientpositive/spark/ppd_outer_join3.q.out
@@ -51,7 +51,7 @@ STAGE PLANS:
                   alias: b
                   Statistics: Num rows: 500 Data size: 5312 Basic stats: COMPLETE Column stats: NONE
                   Filter Operator
-                    predicate: ((key > '15') and (key < '20')) (type: boolean)
+                    predicate: ((key < '20') and (key > '15')) (type: boolean)
                     Statistics: Num rows: 55 Data size: 584 Basic stats: COMPLETE Column stats: NONE
                     Select Operator
                       expressions: key (type: string), value (type: string)
@@ -286,7 +286,7 @@ STAGE PLANS:
                   alias: b
                   Statistics: Num rows: 500 Data size: 5312 Basic stats: COMPLETE Column stats: NONE
                   Filter Operator
-                    predicate: ((key > '15') and (key < '20')) (type: boolean)
+                    predicate: ((key < '20') and (key > '15')) (type: boolean)
                     Statistics: Num rows: 55 Data size: 584 Basic stats: COMPLETE Column stats: NONE
                     Select Operator
                       expressions: key (type: string), value (type: string)
diff --git a/ql/src/test/results/clientpositive/spark/ppd_outer_join4.q.out b/ql/src/test/results/clientpositive/spark/ppd_outer_join4.q.out
index 79829395c0..f7f911c35f 100644
--- a/ql/src/test/results/clientpositive/spark/ppd_outer_join4.q.out
+++ b/ql/src/test/results/clientpositive/spark/ppd_outer_join4.q.out
@@ -57,7 +57,7 @@ STAGE PLANS:
                   alias: c
                   Statistics: Num rows: 500 Data size: 5312 Basic stats: COMPLETE Column stats: NONE
                   Filter Operator
-                    predicate: ((sqrt(key) <> 13.0) and (key < '20') and (key > '15')) (type: boolean)
+                    predicate: ((key < '20') and (key > '15') and (sqrt(key) <> 13.0)) (type: boolean)
                     Statistics: Num rows: 55 Data size: 584 Basic stats: COMPLETE Column stats: NONE
                     Select Operator
                       expressions: key (type: string)
@@ -74,7 +74,7 @@ STAGE PLANS:
                   alias: b
                   Statistics: Num rows: 500 Data size: 5312 Basic stats: COMPLETE Column stats: NONE
                   Filter Operator
-                    predicate: ((key > '15') and (key < '20') and (sqrt(key) <> 13.0)) (type: boolean)
+                    predicate: ((key < '20') and (key > '15') and (sqrt(key) <> 13.0)) (type: boolean)
                     Statistics: Num rows: 55 Data size: 584 Basic stats: COMPLETE Column stats: NONE
                     Select Operator
                       expressions: key (type: string), value (type: string)
@@ -431,7 +431,7 @@ STAGE PLANS:
                   alias: c
                   Statistics: Num rows: 500 Data size: 5312 Basic stats: COMPLETE Column stats: NONE
                   Filter Operator
-                    predicate: ((sqrt(key) <> 13.0) and (key < '20') and (key > '15')) (type: boolean)
+                    predicate: ((key < '20') and (key > '15') and (sqrt(key) <> 13.0)) (type: boolean)
                     Statistics: Num rows: 55 Data size: 584 Basic stats: COMPLETE Column stats: NONE
                     Select Operator
                       expressions: key (type: string)
@@ -448,7 +448,7 @@ STAGE PLANS:
                   alias: b
                   Statistics: Num rows: 500 Data size: 5312 Basic stats: COMPLETE Column stats: NONE
                   Filter Operator
-                    predicate: ((key > '15') and (key < '20') and (sqrt(key) <> 13.0)) (type: boolean)
+                    predicate: ((key < '20') and (key > '15') and (sqrt(key) <> 13.0)) (type: boolean)
                     Statistics: Num rows: 55 Data size: 584 Basic stats: COMPLETE Column stats: NONE
                     Select Operator
                       expressions: key (type: string), value (type: string)
diff --git a/ql/src/test/results/clientpositive/spark/router_join_ppr.q.out b/ql/src/test/results/clientpositive/spark/router_join_ppr.q.out
index 167daf75f4..f666940f33 100644
--- a/ql/src/test/results/clientpositive/spark/router_join_ppr.q.out
+++ b/ql/src/test/results/clientpositive/spark/router_join_ppr.q.out
@@ -109,7 +109,7 @@ STAGE PLANS:
                   GatherStats: false
                   Filter Operator
                     isSamplingPred: false
-                    predicate: ((UDFToDouble(key) > 15.0) and (UDFToDouble(key) < 20.0)) (type: boolean)
+                    predicate: ((UDFToDouble(key) < 20.0) and (UDFToDouble(key) > 15.0)) (type: boolean)
                     Statistics: Num rows: 111 Data size: 1179 Basic stats: COMPLETE Column stats: NONE
                     Select Operator
                       expressions: key (type: string), value (type: string)
@@ -466,7 +466,7 @@ STAGE PLANS:
                   GatherStats: false
                   Filter Operator
                     isSamplingPred: false
-                    predicate: ((UDFToDouble(key) > 15.0) and (UDFToDouble(key) < 20.0)) (type: boolean)
+                    predicate: ((UDFToDouble(key) < 20.0) and (UDFToDouble(key) > 15.0)) (type: boolean)
                     Statistics: Num rows: 55 Data size: 584 Basic stats: COMPLETE Column stats: NONE
                     Select Operator
                       expressions: key (type: string), value (type: string)
@@ -725,7 +725,7 @@ STAGE PLANS:
                   GatherStats: false
                   Filter Operator
                     isSamplingPred: false
-                    predicate: ((UDFToDouble(key) > 15.0) and (UDFToDouble(key) < 20.0)) (type: boolean)
+                    predicate: ((UDFToDouble(key) < 20.0) and (UDFToDouble(key) > 15.0)) (type: boolean)
                     Statistics: Num rows: 111 Data size: 1179 Basic stats: COMPLETE Column stats: NONE
                     Select Operator
                       expressions: key (type: string), value (type: string)
@@ -1082,7 +1082,7 @@ STAGE PLANS:
                   GatherStats: false
                   Filter Operator
                     isSamplingPred: false
-                    predicate: ((UDFToDouble(key) > 15.0) and (UDFToDouble(key) < 20.0)) (type: boolean)
+                    predicate: ((UDFToDouble(key) < 20.0) and (UDFToDouble(key) > 15.0)) (type: boolean)
                     Statistics: Num rows: 55 Data size: 584 Basic stats: COMPLETE Column stats: NONE
                     Select Operator
                       expressions: key (type: string), value (type: string)
diff --git a/ql/src/test/results/clientpositive/spark/sample8.q.out b/ql/src/test/results/clientpositive/spark/sample8.q.out
index b6562ccd97..5e27cb66d0 100644
--- a/ql/src/test/results/clientpositive/spark/sample8.q.out
+++ b/ql/src/test/results/clientpositive/spark/sample8.q.out
@@ -29,7 +29,7 @@ STAGE PLANS:
                   GatherStats: false
                   Filter Operator
                     isSamplingPred: true
-                    predicate: ((((hash(key) & 2147483647) % 10) = 0) and value is not null and (((hash(key) & 2147483647) % 1) = 0)) (type: boolean)
+                    predicate: ((((hash(key) & 2147483647) % 1) = 0) and (((hash(key) & 2147483647) % 10) = 0) and value is not null) (type: boolean)
                     Statistics: Num rows: 125 Data size: 1328 Basic stats: COMPLETE Column stats: NONE
                     Reduce Output Operator
                       key expressions: key (type: string), value (type: string)
@@ -100,7 +100,7 @@ STAGE PLANS:
                   GatherStats: false
                   Filter Operator
                     isSamplingPred: true
-                    predicate: ((((hash(key) & 2147483647) % 1) = 0) and value is not null and (((hash(key) & 2147483647) % 10) = 0)) (type: boolean)
+                    predicate: ((((hash(key) & 2147483647) % 1) = 0) and (((hash(key) & 2147483647) % 10) = 0) and value is not null) (type: boolean)
                     Statistics: Num rows: 500 Data size: 5312 Basic stats: COMPLETE Column stats: NONE
                     Reduce Output Operator
                       key expressions: key (type: string), value (type: string)
diff --git a/ql/src/test/results/clientpositive/spark/skewjoin.q.out b/ql/src/test/results/clientpositive/spark/skewjoin.q.out
index b0b28c3114..fb6f08d5dc 100644
--- a/ql/src/test/results/clientpositive/spark/skewjoin.q.out
+++ b/ql/src/test/results/clientpositive/spark/skewjoin.q.out
@@ -811,7 +811,7 @@ STAGE PLANS:
                   alias: src
                   Statistics: Num rows: 500 Data size: 5312 Basic stats: COMPLETE Column stats: NONE
                   Filter Operator
-                    predicate: (key is not null and UDFToDouble(substring(value, 5)) is not null) (type: boolean)
+                    predicate: (UDFToDouble(substring(value, 5)) is not null and key is not null) (type: boolean)
                     Statistics: Num rows: 500 Data size: 5312 Basic stats: COMPLETE Column stats: NONE
                     Select Operator
                       expressions: key (type: string), value (type: string)
@@ -828,7 +828,7 @@ STAGE PLANS:
                   alias: src
                   Statistics: Num rows: 500 Data size: 5312 Basic stats: COMPLETE Column stats: NONE
                   Filter Operator
-                    predicate: (key is not null and (substring(value, 5) + 1) is not null) (type: boolean)
+                    predicate: ((substring(value, 5) + 1) is not null and key is not null) (type: boolean)
                     Statistics: Num rows: 500 Data size: 5312 Basic stats: COMPLETE Column stats: NONE
                     Select Operator
                       expressions: key (type: string), value (type: string)
@@ -1006,7 +1006,7 @@ STAGE PLANS:
                   alias: src
                   Statistics: Num rows: 500 Data size: 5312 Basic stats: COMPLETE Column stats: NONE
                   Filter Operator
-                    predicate: ((key < 80) and (key < 100)) (type: boolean)
+                    predicate: ((key < 100) and (key < 80)) (type: boolean)
                     Statistics: Num rows: 55 Data size: 584 Basic stats: COMPLETE Column stats: NONE
                     Select Operator
                       expressions: key (type: string)
diff --git a/ql/src/test/results/clientpositive/spark/skewjoin_union_remove_1.q.out b/ql/src/test/results/clientpositive/spark/skewjoin_union_remove_1.q.out
index 30bd66a46c..58aa181ee7 100644
--- a/ql/src/test/results/clientpositive/spark/skewjoin_union_remove_1.q.out
+++ b/ql/src/test/results/clientpositive/spark/skewjoin_union_remove_1.q.out
@@ -58,7 +58,7 @@ STAGE PLANS:
                   alias: a
                   Statistics: Num rows: 1 Data size: 30 Basic stats: COMPLETE Column stats: NONE
                   Filter Operator
-                    predicate: (key is not null and ((key = '2') or (key = '3'))) (type: boolean)
+                    predicate: (((key = '2') or (key = '3')) and key is not null) (type: boolean)
                     Statistics: Num rows: 1 Data size: 30 Basic stats: COMPLETE Column stats: NONE
                     Select Operator
                       expressions: key (type: string), val (type: string)
@@ -76,7 +76,7 @@ STAGE PLANS:
                   alias: b
                   Statistics: Num rows: 1 Data size: 30 Basic stats: COMPLETE Column stats: NONE
                   Filter Operator
-                    predicate: (key is not null and ((key = '2') or (key = '3'))) (type: boolean)
+                    predicate: (((key = '2') or (key = '3')) and key is not null) (type: boolean)
                     Statistics: Num rows: 1 Data size: 30 Basic stats: COMPLETE Column stats: NONE
                     Select Operator
                       expressions: key (type: string), val (type: string)
@@ -94,7 +94,7 @@ STAGE PLANS:
                   alias: a
                   Statistics: Num rows: 1 Data size: 30 Basic stats: COMPLETE Column stats: NONE
                   Filter Operator
-                    predicate: (key is not null and ((key <> '2') and (key <> '3'))) (type: boolean)
+                    predicate: (((key <> '2') and (key <> '3')) and key is not null) (type: boolean)
                     Statistics: Num rows: 1 Data size: 30 Basic stats: COMPLETE Column stats: NONE
                     Select Operator
                       expressions: key (type: string), val (type: string)
@@ -112,7 +112,7 @@ STAGE PLANS:
                   alias: b
                   Statistics: Num rows: 1 Data size: 30 Basic stats: COMPLETE Column stats: NONE
                   Filter Operator
-                    predicate: (key is not null and ((key <> '2') and (key <> '3'))) (type: boolean)
+                    predicate: (((key <> '2') and (key <> '3')) and key is not null) (type: boolean)
                     Statistics: Num rows: 1 Data size: 30 Basic stats: COMPLETE Column stats: NONE
                     Select Operator
                       expressions: key (type: string), val (type: string)
@@ -356,7 +356,7 @@ STAGE PLANS:
                   alias: a
                   Statistics: Num rows: 1 Data size: 30 Basic stats: COMPLETE Column stats: NONE
                   Filter Operator
-                    predicate: (key is not null and ((key = '2') or (key = '3'))) (type: boolean)
+                    predicate: (((key = '2') or (key = '3')) and key is not null) (type: boolean)
                     Statistics: Num rows: 1 Data size: 30 Basic stats: COMPLETE Column stats: NONE
                     Select Operator
                       expressions: key (type: string), val (type: string)
@@ -374,7 +374,7 @@ STAGE PLANS:
                   alias: b
                   Statistics: Num rows: 1 Data size: 30 Basic stats: COMPLETE Column stats: NONE
                   Filter Operator
-                    predicate: (key is not null and ((key = '2') or (key = '3'))) (type: boolean)
+                    predicate: (((key = '2') or (key = '3')) and key is not null) (type: boolean)
                     Statistics: Num rows: 1 Data size: 30 Basic stats: COMPLETE Column stats: NONE
                     Select Operator
                       expressions: key (type: string), val (type: string)
@@ -392,7 +392,7 @@ STAGE PLANS:
                   alias: a
                   Statistics: Num rows: 1 Data size: 30 Basic stats: COMPLETE Column stats: NONE
                   Filter Operator
-                    predicate: (key is not null and ((key <> '2') and (key <> '3'))) (type: boolean)
+                    predicate: (((key <> '2') and (key <> '3')) and key is not null) (type: boolean)
                     Statistics: Num rows: 1 Data size: 30 Basic stats: COMPLETE Column stats: NONE
                     Select Operator
                       expressions: key (type: string), val (type: string)
@@ -410,7 +410,7 @@ STAGE PLANS:
                   alias: b
                   Statistics: Num rows: 1 Data size: 30 Basic stats: COMPLETE Column stats: NONE
                   Filter Operator
-                    predicate: (key is not null and ((key <> '2') and (key <> '3'))) (type: boolean)
+                    predicate: (((key <> '2') and (key <> '3')) and key is not null) (type: boolean)
                     Statistics: Num rows: 1 Data size: 30 Basic stats: COMPLETE Column stats: NONE
                     Select Operator
                       expressions: key (type: string), val (type: string)
diff --git a/ql/src/test/results/clientpositive/spark/skewjoin_union_remove_2.q.out b/ql/src/test/results/clientpositive/spark/skewjoin_union_remove_2.q.out
index 4f898bd617..a17511e19e 100644
--- a/ql/src/test/results/clientpositive/spark/skewjoin_union_remove_2.q.out
+++ b/ql/src/test/results/clientpositive/spark/skewjoin_union_remove_2.q.out
@@ -74,7 +74,7 @@ STAGE PLANS:
                   alias: a
                   Statistics: Num rows: 1 Data size: 30 Basic stats: COMPLETE Column stats: NONE
                   Filter Operator
-                    predicate: (key is not null and (((key = '2') or (key = '8')) or (key = '3'))) (type: boolean)
+                    predicate: ((((key = '2') or (key = '8')) or (key = '3')) and key is not null) (type: boolean)
                     Statistics: Num rows: 1 Data size: 30 Basic stats: COMPLETE Column stats: NONE
                     Select Operator
                       expressions: key (type: string), val (type: string)
@@ -92,7 +92,7 @@ STAGE PLANS:
                   alias: b
                   Statistics: Num rows: 1 Data size: 30 Basic stats: COMPLETE Column stats: NONE
                   Filter Operator
-                    predicate: (key is not null and (((key = '2') or (key = '8')) or (key = '3'))) (type: boolean)
+                    predicate: ((((key = '2') or (key = '8')) or (key = '3')) and key is not null) (type: boolean)
                     Statistics: Num rows: 1 Data size: 30 Basic stats: COMPLETE Column stats: NONE
                     Select Operator
                       expressions: key (type: string), val (type: string)
@@ -110,7 +110,7 @@ STAGE PLANS:
                   alias: c
                   Statistics: Num rows: 1 Data size: 20 Basic stats: COMPLETE Column stats: NONE
                   Filter Operator
-                    predicate: (key is not null and (((key = '2') or (key = '8')) or (key = '3'))) (type: boolean)
+                    predicate: ((((key = '2') or (key = '8')) or (key = '3')) and key is not null) (type: boolean)
                     Statistics: Num rows: 1 Data size: 20 Basic stats: COMPLETE Column stats: NONE
                     Select Operator
                       expressions: key (type: string), val (type: string)
@@ -128,7 +128,7 @@ STAGE PLANS:
                   alias: a
                   Statistics: Num rows: 1 Data size: 30 Basic stats: COMPLETE Column stats: NONE
                   Filter Operator
-                    predicate: (key is not null and (((key <> '2') and (key <> '8')) and (key <> '3'))) (type: boolean)
+                    predicate: ((((key <> '2') and (key <> '8')) and (key <> '3')) and key is not null) (type: boolean)
                     Statistics: Num rows: 1 Data size: 30 Basic stats: COMPLETE Column stats: NONE
                     Select Operator
                       expressions: key (type: string), val (type: string)
@@ -146,7 +146,7 @@ STAGE PLANS:
                   alias: b
                   Statistics: Num rows: 1 Data size: 30 Basic stats: COMPLETE Column stats: NONE
                   Filter Operator
-                    predicate: (key is not null and (((key <> '2') and (key <> '8')) and (key <> '3'))) (type: boolean)
+                    predicate: ((((key <> '2') and (key <> '8')) and (key <> '3')) and key is not null) (type: boolean)
                     Statistics: Num rows: 1 Data size: 30 Basic stats: COMPLETE Column stats: NONE
                     Select Operator
                       expressions: key (type: string), val (type: string)
@@ -164,7 +164,7 @@ STAGE PLANS:
                   alias: c
                   Statistics: Num rows: 1 Data size: 20 Basic stats: COMPLETE Column stats: NONE
                   Filter Operator
-                    predicate: (key is not null and (((key <> '2') and (key <> '8')) and (key <> '3'))) (type: boolean)
+                    predicate: ((((key <> '2') and (key <> '8')) and (key <> '3')) and key is not null) (type: boolean)
                     Statistics: Num rows: 1 Data size: 20 Basic stats: COMPLETE Column stats: NONE
                     Select Operator
                       expressions: key (type: string), val (type: string)
diff --git a/ql/src/test/results/clientpositive/spark/skewjoinopt1.q.out b/ql/src/test/results/clientpositive/spark/skewjoinopt1.q.out
index 0929084a7e..e1c4d8ab3c 100644
--- a/ql/src/test/results/clientpositive/spark/skewjoinopt1.q.out
+++ b/ql/src/test/results/clientpositive/spark/skewjoinopt1.q.out
@@ -58,7 +58,7 @@ STAGE PLANS:
                   alias: a
                   Statistics: Num rows: 1 Data size: 30 Basic stats: COMPLETE Column stats: NONE
                   Filter Operator
-                    predicate: (key is not null and ((key = '2') or (key = '3'))) (type: boolean)
+                    predicate: (((key = '2') or (key = '3')) and key is not null) (type: boolean)
                     Statistics: Num rows: 1 Data size: 30 Basic stats: COMPLETE Column stats: NONE
                     Select Operator
                       expressions: key (type: string), val (type: string)
@@ -76,7 +76,7 @@ STAGE PLANS:
                   alias: b
                   Statistics: Num rows: 1 Data size: 30 Basic stats: COMPLETE Column stats: NONE
                   Filter Operator
-                    predicate: (key is not null and ((key = '2') or (key = '3'))) (type: boolean)
+                    predicate: (((key = '2') or (key = '3')) and key is not null) (type: boolean)
                     Statistics: Num rows: 1 Data size: 30 Basic stats: COMPLETE Column stats: NONE
                     Select Operator
                       expressions: key (type: string), val (type: string)
@@ -94,7 +94,7 @@ STAGE PLANS:
                   alias: a
                   Statistics: Num rows: 1 Data size: 30 Basic stats: COMPLETE Column stats: NONE
                   Filter Operator
-                    predicate: (key is not null and ((key <> '2') and (key <> '3'))) (type: boolean)
+                    predicate: (((key <> '2') and (key <> '3')) and key is not null) (type: boolean)
                     Statistics: Num rows: 1 Data size: 30 Basic stats: COMPLETE Column stats: NONE
                     Select Operator
                       expressions: key (type: string), val (type: string)
@@ -112,7 +112,7 @@ STAGE PLANS:
                   alias: b
                   Statistics: Num rows: 1 Data size: 30 Basic stats: COMPLETE Column stats: NONE
                   Filter Operator
-                    predicate: (key is not null and ((key <> '2') and (key <> '3'))) (type: boolean)
+                    predicate: (((key <> '2') and (key <> '3')) and key is not null) (type: boolean)
                     Statistics: Num rows: 1 Data size: 30 Basic stats: COMPLETE Column stats: NONE
                     Select Operator
                       expressions: key (type: string), val (type: string)
@@ -347,7 +347,7 @@ STAGE PLANS:
                   alias: a
                   Statistics: Num rows: 1 Data size: 30 Basic stats: COMPLETE Column stats: NONE
                   Filter Operator
-                    predicate: (key is not null and ((key = '2') or (key = '3'))) (type: boolean)
+                    predicate: (((key = '2') or (key = '3')) and key is not null) (type: boolean)
                     Statistics: Num rows: 1 Data size: 30 Basic stats: COMPLETE Column stats: NONE
                     Select Operator
                       expressions: key (type: string)
@@ -364,7 +364,7 @@ STAGE PLANS:
                   alias: b
                   Statistics: Num rows: 1 Data size: 30 Basic stats: COMPLETE Column stats: NONE
                   Filter Operator
-                    predicate: (key is not null and ((key = '2') or (key = '3'))) (type: boolean)
+                    predicate: (((key = '2') or (key = '3')) and key is not null) (type: boolean)
                     Statistics: Num rows: 1 Data size: 30 Basic stats: COMPLETE Column stats: NONE
                     Select Operator
                       expressions: key (type: string)
@@ -381,7 +381,7 @@ STAGE PLANS:
                   alias: a
                   Statistics: Num rows: 1 Data size: 30 Basic stats: COMPLETE Column stats: NONE
                   Filter Operator
-                    predicate: (key is not null and ((key <> '2') and (key <> '3'))) (type: boolean)
+                    predicate: (((key <> '2') and (key <> '3')) and key is not null) (type: boolean)
                     Statistics: Num rows: 1 Data size: 30 Basic stats: COMPLETE Column stats: NONE
                     Select Operator
                       expressions: key (type: string)
@@ -398,7 +398,7 @@ STAGE PLANS:
                   alias: b
                   Statistics: Num rows: 1 Data size: 30 Basic stats: COMPLETE Column stats: NONE
                   Filter Operator
-                    predicate: (key is not null and ((key <> '2') and (key <> '3'))) (type: boolean)
+                    predicate: (((key <> '2') and (key <> '3')) and key is not null) (type: boolean)
                     Statistics: Num rows: 1 Data size: 30 Basic stats: COMPLETE Column stats: NONE
                     Select Operator
                       expressions: key (type: string)
diff --git a/ql/src/test/results/clientpositive/spark/skewjoinopt10.q.out b/ql/src/test/results/clientpositive/spark/skewjoinopt10.q.out
index f8bddea1ea..407d2ad986 100644
--- a/ql/src/test/results/clientpositive/spark/skewjoinopt10.q.out
+++ b/ql/src/test/results/clientpositive/spark/skewjoinopt10.q.out
@@ -87,7 +87,7 @@ STAGE PLANS:
                   alias: a
                   Statistics: Num rows: 1 Data size: 30 Basic stats: COMPLETE Column stats: NONE
                   Filter Operator
-                    predicate: (key is not null and (key <> '8')) (type: boolean)
+                    predicate: ((key <> '8') and key is not null) (type: boolean)
                     Statistics: Num rows: 1 Data size: 30 Basic stats: COMPLETE Column stats: NONE
                     Reduce Output Operator
                       key expressions: key (type: string)
@@ -100,7 +100,7 @@ STAGE PLANS:
                   alias: b
                   Statistics: Num rows: 6 Data size: 24 Basic stats: COMPLETE Column stats: NONE
                   Filter Operator
-                    predicate: (key is not null and (key <> '8')) (type: boolean)
+                    predicate: ((key <> '8') and key is not null) (type: boolean)
                     Statistics: Num rows: 3 Data size: 12 Basic stats: COMPLETE Column stats: NONE
                     Reduce Output Operator
                       key expressions: key (type: string)
diff --git a/ql/src/test/results/clientpositive/spark/skewjoinopt11.q.out b/ql/src/test/results/clientpositive/spark/skewjoinopt11.q.out
index 9b4578b19a..c8a93a08a5 100644
--- a/ql/src/test/results/clientpositive/spark/skewjoinopt11.q.out
+++ b/ql/src/test/results/clientpositive/spark/skewjoinopt11.q.out
@@ -86,7 +86,7 @@ STAGE PLANS:
                   alias: a
                   Statistics: Num rows: 1 Data size: 30 Basic stats: COMPLETE Column stats: NONE
                   Filter Operator
-                    predicate: (key is not null and (key <> '2')) (type: boolean)
+                    predicate: ((key <> '2') and key is not null) (type: boolean)
                     Statistics: Num rows: 1 Data size: 30 Basic stats: COMPLETE Column stats: NONE
                     Select Operator
                       expressions: key (type: string), val (type: string)
@@ -104,7 +104,7 @@ STAGE PLANS:
                   alias: b
                   Statistics: Num rows: 1 Data size: 30 Basic stats: COMPLETE Column stats: NONE
                   Filter Operator
-                    predicate: (key is not null and (key <> '2')) (type: boolean)
+                    predicate: ((key <> '2') and key is not null) (type: boolean)
                     Statistics: Num rows: 1 Data size: 30 Basic stats: COMPLETE Column stats: NONE
                     Select Operator
                       expressions: key (type: string), val (type: string)
diff --git a/ql/src/test/results/clientpositive/spark/skewjoinopt12.q.out b/ql/src/test/results/clientpositive/spark/skewjoinopt12.q.out
index ff386f8cd7..7d7ae1cd9c 100644
--- a/ql/src/test/results/clientpositive/spark/skewjoinopt12.q.out
+++ b/ql/src/test/results/clientpositive/spark/skewjoinopt12.q.out
@@ -58,7 +58,7 @@ STAGE PLANS:
                   alias: a
                   Statistics: Num rows: 1 Data size: 30 Basic stats: COMPLETE Column stats: NONE
                   Filter Operator
-                    predicate: (key is not null and val is not null and ((((key = '2') and (val = '12')) or ((key = '8') and (val = '18'))) or ((key = '3') and (val = '13')))) (type: boolean)
+                    predicate: (((((key = '2') and (val = '12')) or ((key = '8') and (val = '18'))) or ((key = '3') and (val = '13'))) and key is not null and val is not null) (type: boolean)
                     Statistics: Num rows: 1 Data size: 30 Basic stats: COMPLETE Column stats: NONE
                     Select Operator
                       expressions: key (type: string), val (type: string)
@@ -75,7 +75,7 @@ STAGE PLANS:
                   alias: b
                   Statistics: Num rows: 1 Data size: 30 Basic stats: COMPLETE Column stats: NONE
                   Filter Operator
-                    predicate: (key is not null and val is not null and ((((key = '2') and (val = '12')) or ((key = '8') and (val = '18'))) or ((key = '3') and (val = '13')))) (type: boolean)
+                    predicate: (((((key = '2') and (val = '12')) or ((key = '8') and (val = '18'))) or ((key = '3') and (val = '13'))) and key is not null and val is not null) (type: boolean)
                     Statistics: Num rows: 1 Data size: 30 Basic stats: COMPLETE Column stats: NONE
                     Select Operator
                       expressions: key (type: string), val (type: string)
@@ -92,7 +92,7 @@ STAGE PLANS:
                   alias: a
                   Statistics: Num rows: 1 Data size: 30 Basic stats: COMPLETE Column stats: NONE
                   Filter Operator
-                    predicate: (key is not null and val is not null and ((((key <> '2') or (val <> '12')) and ((key <> '8') or (val <> '18'))) and ((key <> '3') or (val <> '13')))) (type: boolean)
+                    predicate: (((((key <> '2') or (val <> '12')) and ((key <> '8') or (val <> '18'))) and ((key <> '3') or (val <> '13'))) and key is not null and val is not null) (type: boolean)
                     Statistics: Num rows: 1 Data size: 30 Basic stats: COMPLETE Column stats: NONE
                     Select Operator
                       expressions: key (type: string), val (type: string)
@@ -109,7 +109,7 @@ STAGE PLANS:
                   alias: b
                   Statistics: Num rows: 1 Data size: 30 Basic stats: COMPLETE Column stats: NONE
                   Filter Operator
-                    predicate: (key is not null and val is not null and ((((key <> '2') or (val <> '12')) and ((key <> '8') or (val <> '18'))) and ((key <> '3') or (val <> '13')))) (type: boolean)
+                    predicate: (((((key <> '2') or (val <> '12')) and ((key <> '8') or (val <> '18'))) and ((key <> '3') or (val <> '13'))) and key is not null and val is not null) (type: boolean)
                     Statistics: Num rows: 1 Data size: 30 Basic stats: COMPLETE Column stats: NONE
                     Select Operator
                       expressions: key (type: string), val (type: string)
diff --git a/ql/src/test/results/clientpositive/spark/skewjoinopt14.q.out b/ql/src/test/results/clientpositive/spark/skewjoinopt14.q.out
index 8e75439577..2ab27b4d28 100644
--- a/ql/src/test/results/clientpositive/spark/skewjoinopt14.q.out
+++ b/ql/src/test/results/clientpositive/spark/skewjoinopt14.q.out
@@ -81,7 +81,7 @@ STAGE PLANS:
                   alias: a
                   Statistics: Num rows: 1 Data size: 30 Basic stats: COMPLETE Column stats: NONE
                   Filter Operator
-                    predicate: (val is not null and (key = '2')) (type: boolean)
+                    predicate: ((key = '2') and val is not null) (type: boolean)
                     Statistics: Num rows: 1 Data size: 30 Basic stats: COMPLETE Column stats: NONE
                     Select Operator
                       expressions: key (type: string), val (type: string)
@@ -135,7 +135,7 @@ STAGE PLANS:
                   alias: a
                   Statistics: Num rows: 1 Data size: 30 Basic stats: COMPLETE Column stats: NONE
                   Filter Operator
-                    predicate: (key is not null and val is not null and (key <> '2')) (type: boolean)
+                    predicate: ((key <> '2') and key is not null and val is not null) (type: boolean)
                     Statistics: Num rows: 1 Data size: 30 Basic stats: COMPLETE Column stats: NONE
                     Select Operator
                       expressions: key (type: string), val (type: string)
@@ -153,7 +153,7 @@ STAGE PLANS:
                   alias: b
                   Statistics: Num rows: 1 Data size: 30 Basic stats: COMPLETE Column stats: NONE
                   Filter Operator
-                    predicate: (key is not null and (key <> '2')) (type: boolean)
+                    predicate: ((key <> '2') and key is not null) (type: boolean)
                     Statistics: Num rows: 1 Data size: 30 Basic stats: COMPLETE Column stats: NONE
                     Select Operator
                       expressions: key (type: string), val (type: string)
diff --git a/ql/src/test/results/clientpositive/spark/skewjoinopt15.q.out b/ql/src/test/results/clientpositive/spark/skewjoinopt15.q.out
index 21e7be2db3..24d0e911f2 100644
--- a/ql/src/test/results/clientpositive/spark/skewjoinopt15.q.out
+++ b/ql/src/test/results/clientpositive/spark/skewjoinopt15.q.out
@@ -90,7 +90,7 @@ STAGE PLANS:
                   alias: a
                   Statistics: Num rows: 6 Data size: 24 Basic stats: COMPLETE Column stats: NONE
                   Filter Operator
-                    predicate: (key is not null and ((key = 2) or (key = 3))) (type: boolean)
+                    predicate: (((key = 2) or (key = 3)) and key is not null) (type: boolean)
                     Statistics: Num rows: 6 Data size: 24 Basic stats: COMPLETE Column stats: NONE
                     Select Operator
                       expressions: key (type: int), val (type: string)
@@ -108,7 +108,7 @@ STAGE PLANS:
                   alias: b
                   Statistics: Num rows: 6 Data size: 24 Basic stats: COMPLETE Column stats: NONE
                   Filter Operator
-                    predicate: (key is not null and ((key = 2) or (key = 3))) (type: boolean)
+                    predicate: (((key = 2) or (key = 3)) and key is not null) (type: boolean)
                     Statistics: Num rows: 6 Data size: 24 Basic stats: COMPLETE Column stats: NONE
                     Select Operator
                       expressions: key (type: int), val (type: string)
@@ -126,7 +126,7 @@ STAGE PLANS:
                   alias: a
                   Statistics: Num rows: 6 Data size: 24 Basic stats: COMPLETE Column stats: NONE
                   Filter Operator
-                    predicate: (key is not null and ((key <> 2) and (key <> 3))) (type: boolean)
+                    predicate: (((key <> 2) and (key <> 3)) and key is not null) (type: boolean)
                     Statistics: Num rows: 1 Data size: 4 Basic stats: COMPLETE Column stats: NONE
                     Select Operator
                       expressions: key (type: int), val (type: string)
@@ -144,7 +144,7 @@ STAGE PLANS:
                   alias: b
                   Statistics: Num rows: 6 Data size: 24 Basic stats: COMPLETE Column stats: NONE
                   Filter Operator
-                    predicate: (key is not null and ((key <> 2) and (key <> 3))) (type: boolean)
+                    predicate: (((key <> 2) and (key <> 3)) and key is not null) (type: boolean)
                     Statistics: Num rows: 1 Data size: 4 Basic stats: COMPLETE Column stats: NONE
                     Select Operator
                       expressions: key (type: int), val (type: string)
@@ -379,7 +379,7 @@ STAGE PLANS:
                   alias: a
                   Statistics: Num rows: 6 Data size: 24 Basic stats: COMPLETE Column stats: NONE
                   Filter Operator
-                    predicate: (key is not null and ((key = 2) or (key = 3))) (type: boolean)
+                    predicate: (((key = 2) or (key = 3)) and key is not null) (type: boolean)
                     Statistics: Num rows: 6 Data size: 24 Basic stats: COMPLETE Column stats: NONE
                     Select Operator
                       expressions: key (type: int)
@@ -396,7 +396,7 @@ STAGE PLANS:
                   alias: b
                   Statistics: Num rows: 6 Data size: 24 Basic stats: COMPLETE Column stats: NONE
                   Filter Operator
-                    predicate: (key is not null and ((key = 2) or (key = 3))) (type: boolean)
+                    predicate: (((key = 2) or (key = 3)) and key is not null) (type: boolean)
                     Statistics: Num rows: 6 Data size: 24 Basic stats: COMPLETE Column stats: NONE
                     Select Operator
                       expressions: key (type: int)
@@ -413,7 +413,7 @@ STAGE PLANS:
                   alias: a
                   Statistics: Num rows: 6 Data size: 24 Basic stats: COMPLETE Column stats: NONE
                   Filter Operator
-                    predicate: (key is not null and ((key <> 2) and (key <> 3))) (type: boolean)
+                    predicate: (((key <> 2) and (key <> 3)) and key is not null) (type: boolean)
                     Statistics: Num rows: 1 Data size: 4 Basic stats: COMPLETE Column stats: NONE
                     Select Operator
                       expressions: key (type: int)
@@ -430,7 +430,7 @@ STAGE PLANS:
                   alias: b
                   Statistics: Num rows: 6 Data size: 24 Basic stats: COMPLETE Column stats: NONE
                   Filter Operator
-                    predicate: (key is not null and ((key <> 2) and (key <> 3))) (type: boolean)
+                    predicate: (((key <> 2) and (key <> 3)) and key is not null) (type: boolean)
                     Statistics: Num rows: 1 Data size: 4 Basic stats: COMPLETE Column stats: NONE
                     Select Operator
                       expressions: key (type: int)
diff --git a/ql/src/test/results/clientpositive/spark/skewjoinopt16.q.out b/ql/src/test/results/clientpositive/spark/skewjoinopt16.q.out
index 7df389abd8..2dc1ed8f31 100644
--- a/ql/src/test/results/clientpositive/spark/skewjoinopt16.q.out
+++ b/ql/src/test/results/clientpositive/spark/skewjoinopt16.q.out
@@ -58,7 +58,7 @@ STAGE PLANS:
                   alias: a
                   Statistics: Num rows: 1 Data size: 30 Basic stats: COMPLETE Column stats: NONE
                   Filter Operator
-                    predicate: (key is not null and val is not null and (((key = '2') and (val = '12')) or (key = '3'))) (type: boolean)
+                    predicate: ((((key = '2') and (val = '12')) or (key = '3')) and key is not null and val is not null) (type: boolean)
                     Statistics: Num rows: 1 Data size: 30 Basic stats: COMPLETE Column stats: NONE
                     Select Operator
                       expressions: key (type: string), val (type: string)
@@ -75,7 +75,7 @@ STAGE PLANS:
                   alias: b
                   Statistics: Num rows: 1 Data size: 30 Basic stats: COMPLETE Column stats: NONE
                   Filter Operator
-                    predicate: (key is not null and val is not null and (((key = '2') and (val = '12')) or (key = '3'))) (type: boolean)
+                    predicate: ((((key = '2') and (val = '12')) or (key = '3')) and key is not null and val is not null) (type: boolean)
                     Statistics: Num rows: 1 Data size: 30 Basic stats: COMPLETE Column stats: NONE
                     Select Operator
                       expressions: key (type: string), val (type: string)
@@ -92,7 +92,7 @@ STAGE PLANS:
                   alias: a
                   Statistics: Num rows: 1 Data size: 30 Basic stats: COMPLETE Column stats: NONE
                   Filter Operator
-                    predicate: (key is not null and val is not null and (((key <> '2') or (val <> '12')) and (key <> '3'))) (type: boolean)
+                    predicate: ((((key <> '2') or (val <> '12')) and (key <> '3')) and key is not null and val is not null) (type: boolean)
                     Statistics: Num rows: 1 Data size: 30 Basic stats: COMPLETE Column stats: NONE
                     Select Operator
                       expressions: key (type: string), val (type: string)
@@ -109,7 +109,7 @@ STAGE PLANS:
                   alias: b
                   Statistics: Num rows: 1 Data size: 30 Basic stats: COMPLETE Column stats: NONE
                   Filter Operator
-                    predicate: (key is not null and val is not null and (((key <> '2') or (val <> '12')) and (key <> '3'))) (type: boolean)
+                    predicate: ((((key <> '2') or (val <> '12')) and (key <> '3')) and key is not null and val is not null) (type: boolean)
                     Statistics: Num rows: 1 Data size: 30 Basic stats: COMPLETE Column stats: NONE
                     Select Operator
                       expressions: key (type: string), val (type: string)
diff --git a/ql/src/test/results/clientpositive/spark/skewjoinopt17.q.out b/ql/src/test/results/clientpositive/spark/skewjoinopt17.q.out
index df3e2b54b4..1d4d0bc676 100644
--- a/ql/src/test/results/clientpositive/spark/skewjoinopt17.q.out
+++ b/ql/src/test/results/clientpositive/spark/skewjoinopt17.q.out
@@ -94,7 +94,7 @@ STAGE PLANS:
                   alias: a
                   Statistics: Num rows: 1 Data size: 30 Basic stats: COMPLETE Column stats: NONE
                   Filter Operator
-                    predicate: (key is not null and (key <> '2')) (type: boolean)
+                    predicate: ((key <> '2') and key is not null) (type: boolean)
                     Statistics: Num rows: 1 Data size: 30 Basic stats: COMPLETE Column stats: NONE
                     Select Operator
                       expressions: key (type: string), val (type: string)
@@ -112,7 +112,7 @@ STAGE PLANS:
                   alias: b
                   Statistics: Num rows: 1 Data size: 30 Basic stats: COMPLETE Column stats: NONE
                   Filter Operator
-                    predicate: (key is not null and (key <> '2')) (type: boolean)
+                    predicate: ((key <> '2') and key is not null) (type: boolean)
                     Statistics: Num rows: 1 Data size: 30 Basic stats: COMPLETE Column stats: NONE
                     Select Operator
                       expressions: key (type: string), val (type: string)
@@ -253,7 +253,7 @@ STAGE PLANS:
                   alias: a
                   Statistics: Num rows: 1 Data size: 30 Basic stats: COMPLETE Column stats: NONE
                   Filter Operator
-                    predicate: (key is not null and val is not null and (((key = '2') and (val = '12')) or (key = '2'))) (type: boolean)
+                    predicate: ((((key = '2') and (val = '12')) or (key = '2')) and key is not null and val is not null) (type: boolean)
                     Statistics: Num rows: 1 Data size: 30 Basic stats: COMPLETE Column stats: NONE
                     Select Operator
                       expressions: key (type: string), val (type: string)
@@ -270,7 +270,7 @@ STAGE PLANS:
                   alias: b
                   Statistics: Num rows: 1 Data size: 30 Basic stats: COMPLETE Column stats: NONE
                   Filter Operator
-                    predicate: (key is not null and val is not null and (((key = '2') and (val = '12')) or (key = '2'))) (type: boolean)
+                    predicate: ((((key = '2') and (val = '12')) or (key = '2')) and key is not null and val is not null) (type: boolean)
                     Statistics: Num rows: 1 Data size: 30 Basic stats: COMPLETE Column stats: NONE
                     Select Operator
                       expressions: key (type: string), val (type: string)
@@ -287,7 +287,7 @@ STAGE PLANS:
                   alias: a
                   Statistics: Num rows: 1 Data size: 30 Basic stats: COMPLETE Column stats: NONE
                   Filter Operator
-                    predicate: (key is not null and val is not null and (((key <> '2') or (val <> '12')) and (key <> '2'))) (type: boolean)
+                    predicate: ((((key <> '2') or (val <> '12')) and (key <> '2')) and key is not null and val is not null) (type: boolean)
                     Statistics: Num rows: 1 Data size: 30 Basic stats: COMPLETE Column stats: NONE
                     Select Operator
                       expressions: key (type: string), val (type: string)
@@ -304,7 +304,7 @@ STAGE PLANS:
                   alias: b
                   Statistics: Num rows: 1 Data size: 30 Basic stats: COMPLETE Column stats: NONE
                   Filter Operator
-                    predicate: (key is not null and val is not null and (((key <> '2') or (val <> '12')) and (key <> '2'))) (type: boolean)
+                    predicate: ((((key <> '2') or (val <> '12')) and (key <> '2')) and key is not null and val is not null) (type: boolean)
                     Statistics: Num rows: 1 Data size: 30 Basic stats: COMPLETE Column stats: NONE
                     Select Operator
                       expressions: key (type: string), val (type: string)
diff --git a/ql/src/test/results/clientpositive/spark/skewjoinopt19.q.out b/ql/src/test/results/clientpositive/spark/skewjoinopt19.q.out
index 3236fe3a87..5e9b58108e 100644
--- a/ql/src/test/results/clientpositive/spark/skewjoinopt19.q.out
+++ b/ql/src/test/results/clientpositive/spark/skewjoinopt19.q.out
@@ -94,7 +94,7 @@ STAGE PLANS:
                   alias: a
                   Statistics: Num rows: 1 Data size: 30 Basic stats: COMPLETE Column stats: NONE
                   Filter Operator
-                    predicate: (key is not null and (key <> '2')) (type: boolean)
+                    predicate: ((key <> '2') and key is not null) (type: boolean)
                     Statistics: Num rows: 1 Data size: 30 Basic stats: COMPLETE Column stats: NONE
                     Select Operator
                       expressions: key (type: string), val (type: string)
@@ -112,7 +112,7 @@ STAGE PLANS:
                   alias: b
                   Statistics: Num rows: 1 Data size: 30 Basic stats: COMPLETE Column stats: NONE
                   Filter Operator
-                    predicate: (key is not null and (key <> '2')) (type: boolean)
+                    predicate: ((key <> '2') and key is not null) (type: boolean)
                     Statistics: Num rows: 1 Data size: 30 Basic stats: COMPLETE Column stats: NONE
                     Select Operator
                       expressions: key (type: string), val (type: string)
diff --git a/ql/src/test/results/clientpositive/spark/skewjoinopt2.q.out b/ql/src/test/results/clientpositive/spark/skewjoinopt2.q.out
index a2b146ca83..4b5fdd6a8f 100644
--- a/ql/src/test/results/clientpositive/spark/skewjoinopt2.q.out
+++ b/ql/src/test/results/clientpositive/spark/skewjoinopt2.q.out
@@ -58,7 +58,7 @@ STAGE PLANS:
                   alias: a
                   Statistics: Num rows: 1 Data size: 30 Basic stats: COMPLETE Column stats: NONE
                   Filter Operator
-                    predicate: (key is not null and val is not null and ((((key = '2') or (key = '7')) or (key = '3')) or (key = '8'))) (type: boolean)
+                    predicate: (((((key = '2') or (key = '7')) or (key = '3')) or (key = '8')) and key is not null and val is not null) (type: boolean)
                     Statistics: Num rows: 1 Data size: 30 Basic stats: COMPLETE Column stats: NONE
                     Select Operator
                       expressions: key (type: string), val (type: string)
@@ -75,7 +75,7 @@ STAGE PLANS:
                   alias: b
                   Statistics: Num rows: 1 Data size: 30 Basic stats: COMPLETE Column stats: NONE
                   Filter Operator
-                    predicate: (key is not null and val is not null and ((((key = '2') or (key = '7')) or (key = '3')) or (key = '8'))) (type: boolean)
+                    predicate: (((((key = '2') or (key = '7')) or (key = '3')) or (key = '8')) and key is not null and val is not null) (type: boolean)
                     Statistics: Num rows: 1 Data size: 30 Basic stats: COMPLETE Column stats: NONE
                     Select Operator
                       expressions: key (type: string), val (type: string)
@@ -92,7 +92,7 @@ STAGE PLANS:
                   alias: a
                   Statistics: Num rows: 1 Data size: 30 Basic stats: COMPLETE Column stats: NONE
                   Filter Operator
-                    predicate: (key is not null and val is not null and ((((key <> '2') and (key <> '7')) and (key <> '3')) and (key <> '8'))) (type: boolean)
+                    predicate: (((((key <> '2') and (key <> '7')) and (key <> '3')) and (key <> '8')) and key is not null and val is not null) (type: boolean)
                     Statistics: Num rows: 1 Data size: 30 Basic stats: COMPLETE Column stats: NONE
                     Select Operator
                       expressions: key (type: string), val (type: string)
@@ -109,7 +109,7 @@ STAGE PLANS:
                   alias: b
                   Statistics: Num rows: 1 Data size: 30 Basic stats: COMPLETE Column stats: NONE
                   Filter Operator
-                    predicate: (key is not null and val is not null and ((((key <> '2') and (key <> '7')) and (key <> '3')) and (key <> '8'))) (type: boolean)
+                    predicate: (((((key <> '2') and (key <> '7')) and (key <> '3')) and (key <> '8')) and key is not null and val is not null) (type: boolean)
                     Statistics: Num rows: 1 Data size: 30 Basic stats: COMPLETE Column stats: NONE
                     Select Operator
                       expressions: key (type: string), val (type: string)
@@ -335,7 +335,7 @@ STAGE PLANS:
                   alias: a
                   Statistics: Num rows: 1 Data size: 30 Basic stats: COMPLETE Column stats: NONE
                   Filter Operator
-                    predicate: (key is not null and val is not null and ((((key = '2') or (key = '7')) or (key = '3')) or (key = '8'))) (type: boolean)
+                    predicate: (((((key = '2') or (key = '7')) or (key = '3')) or (key = '8')) and key is not null and val is not null) (type: boolean)
                     Statistics: Num rows: 1 Data size: 30 Basic stats: COMPLETE Column stats: NONE
                     Select Operator
                       expressions: key (type: string), val (type: string)
@@ -352,7 +352,7 @@ STAGE PLANS:
                   alias: b
                   Statistics: Num rows: 1 Data size: 30 Basic stats: COMPLETE Column stats: NONE
                   Filter Operator
-                    predicate: (key is not null and val is not null and ((((key = '2') or (key = '7')) or (key = '3')) or (key = '8'))) (type: boolean)
+                    predicate: (((((key = '2') or (key = '7')) or (key = '3')) or (key = '8')) and key is not null and val is not null) (type: boolean)
                     Statistics: Num rows: 1 Data size: 30 Basic stats: COMPLETE Column stats: NONE
                     Select Operator
                       expressions: key (type: string), val (type: string)
@@ -369,7 +369,7 @@ STAGE PLANS:
                   alias: a
                   Statistics: Num rows: 1 Data size: 30 Basic stats: COMPLETE Column stats: NONE
                   Filter Operator
-                    predicate: (key is not null and val is not null and ((((key <> '2') and (key <> '7')) and (key <> '3')) and (key <> '8'))) (type: boolean)
+                    predicate: (((((key <> '2') and (key <> '7')) and (key <> '3')) and (key <> '8')) and key is not null and val is not null) (type: boolean)
                     Statistics: Num rows: 1 Data size: 30 Basic stats: COMPLETE Column stats: NONE
                     Select Operator
                       expressions: key (type: string), val (type: string)
@@ -386,7 +386,7 @@ STAGE PLANS:
                   alias: b
                   Statistics: Num rows: 1 Data size: 30 Basic stats: COMPLETE Column stats: NONE
                   Filter Operator
-                    predicate: (key is not null and val is not null and ((((key <> '2') and (key <> '7')) and (key <> '3')) and (key <> '8'))) (type: boolean)
+                    predicate: (((((key <> '2') and (key <> '7')) and (key <> '3')) and (key <> '8')) and key is not null and val is not null) (type: boolean)
                     Statistics: Num rows: 1 Data size: 30 Basic stats: COMPLETE Column stats: NONE
                     Select Operator
                       expressions: key (type: string), val (type: string)
diff --git a/ql/src/test/results/clientpositive/spark/skewjoinopt20.q.out b/ql/src/test/results/clientpositive/spark/skewjoinopt20.q.out
index e2432a266a..35e219db9f 100644
--- a/ql/src/test/results/clientpositive/spark/skewjoinopt20.q.out
+++ b/ql/src/test/results/clientpositive/spark/skewjoinopt20.q.out
@@ -94,7 +94,7 @@ STAGE PLANS:
                   alias: a
                   Statistics: Num rows: 1 Data size: 30 Basic stats: COMPLETE Column stats: NONE
                   Filter Operator
-                    predicate: (key is not null and (key <> '2')) (type: boolean)
+                    predicate: ((key <> '2') and key is not null) (type: boolean)
                     Statistics: Num rows: 1 Data size: 30 Basic stats: COMPLETE Column stats: NONE
                     Select Operator
                       expressions: key (type: string), val (type: string)
@@ -112,7 +112,7 @@ STAGE PLANS:
                   alias: b
                   Statistics: Num rows: 1 Data size: 30 Basic stats: COMPLETE Column stats: NONE
                   Filter Operator
-                    predicate: (key is not null and (key <> '2')) (type: boolean)
+                    predicate: ((key <> '2') and key is not null) (type: boolean)
                     Statistics: Num rows: 1 Data size: 30 Basic stats: COMPLETE Column stats: NONE
                     Select Operator
                       expressions: key (type: string), val (type: string)
diff --git a/ql/src/test/results/clientpositive/spark/skewjoinopt3.q.out b/ql/src/test/results/clientpositive/spark/skewjoinopt3.q.out
index 1b41af52a6..705b81678d 100644
--- a/ql/src/test/results/clientpositive/spark/skewjoinopt3.q.out
+++ b/ql/src/test/results/clientpositive/spark/skewjoinopt3.q.out
@@ -58,7 +58,7 @@ STAGE PLANS:
                   alias: a
                   Statistics: Num rows: 1 Data size: 30 Basic stats: COMPLETE Column stats: NONE
                   Filter Operator
-                    predicate: (key is not null and (((key = '2') or (key = '8')) or (key = '3'))) (type: boolean)
+                    predicate: ((((key = '2') or (key = '8')) or (key = '3')) and key is not null) (type: boolean)
                     Statistics: Num rows: 1 Data size: 30 Basic stats: COMPLETE Column stats: NONE
                     Select Operator
                       expressions: key (type: string), val (type: string)
@@ -76,7 +76,7 @@ STAGE PLANS:
                   alias: b
                   Statistics: Num rows: 1 Data size: 30 Basic stats: COMPLETE Column stats: NONE
                   Filter Operator
-                    predicate: (key is not null and (((key = '2') or (key = '8')) or (key = '3'))) (type: boolean)
+                    predicate: ((((key = '2') or (key = '8')) or (key = '3')) and key is not null) (type: boolean)
                     Statistics: Num rows: 1 Data size: 30 Basic stats: COMPLETE Column stats: NONE
                     Select Operator
                       expressions: key (type: string), val (type: string)
@@ -94,7 +94,7 @@ STAGE PLANS:
                   alias: a
                   Statistics: Num rows: 1 Data size: 30 Basic stats: COMPLETE Column stats: NONE
                   Filter Operator
-                    predicate: (key is not null and (((key <> '2') and (key <> '8')) and (key <> '3'))) (type: boolean)
+                    predicate: ((((key <> '2') and (key <> '8')) and (key <> '3')) and key is not null) (type: boolean)
                     Statistics: Num rows: 1 Data size: 30 Basic stats: COMPLETE Column stats: NONE
                     Select Operator
                       expressions: key (type: string), val (type: string)
@@ -112,7 +112,7 @@ STAGE PLANS:
                   alias: b
                   Statistics: Num rows: 1 Data size: 30 Basic stats: COMPLETE Column stats: NONE
                   Filter Operator
-                    predicate: (key is not null and (((key <> '2') and (key <> '8')) and (key <> '3'))) (type: boolean)
+                    predicate: ((((key <> '2') and (key <> '8')) and (key <> '3')) and key is not null) (type: boolean)
                     Statistics: Num rows: 1 Data size: 30 Basic stats: COMPLETE Column stats: NONE
                     Select Operator
                       expressions: key (type: string), val (type: string)
diff --git a/ql/src/test/results/clientpositive/spark/skewjoinopt4.q.out b/ql/src/test/results/clientpositive/spark/skewjoinopt4.q.out
index 4dc6ee95f4..33b1e2d02c 100644
--- a/ql/src/test/results/clientpositive/spark/skewjoinopt4.q.out
+++ b/ql/src/test/results/clientpositive/spark/skewjoinopt4.q.out
@@ -92,7 +92,7 @@ STAGE PLANS:
                   alias: a
                   Statistics: Num rows: 1 Data size: 30 Basic stats: COMPLETE Column stats: NONE
                   Filter Operator
-                    predicate: (key is not null and (key <> '2')) (type: boolean)
+                    predicate: ((key <> '2') and key is not null) (type: boolean)
                     Statistics: Num rows: 1 Data size: 30 Basic stats: COMPLETE Column stats: NONE
                     Select Operator
                       expressions: key (type: string), val (type: string)
@@ -110,7 +110,7 @@ STAGE PLANS:
                   alias: b
                   Statistics: Num rows: 1 Data size: 30 Basic stats: COMPLETE Column stats: NONE
                   Filter Operator
-                    predicate: (key is not null and (key <> '2')) (type: boolean)
+                    predicate: ((key <> '2') and key is not null) (type: boolean)
                     Statistics: Num rows: 1 Data size: 30 Basic stats: COMPLETE Column stats: NONE
                     Select Operator
                       expressions: key (type: string), val (type: string)
@@ -235,7 +235,7 @@ STAGE PLANS:
                   alias: a
                   Statistics: Num rows: 1 Data size: 30 Basic stats: COMPLETE Column stats: NONE
                   Filter Operator
-                    predicate: (key is not null and (key <> '2')) (type: boolean)
+                    predicate: ((key <> '2') and key is not null) (type: boolean)
                     Statistics: Num rows: 1 Data size: 30 Basic stats: COMPLETE Column stats: NONE
                     Select Operator
                       expressions: key (type: string), val (type: string)
@@ -253,7 +253,7 @@ STAGE PLANS:
                   alias: b
                   Statistics: Num rows: 1 Data size: 30 Basic stats: COMPLETE Column stats: NONE
                   Filter Operator
-                    predicate: (key is not null and (key <> '2')) (type: boolean)
+                    predicate: ((key <> '2') and key is not null) (type: boolean)
                     Statistics: Num rows: 1 Data size: 30 Basic stats: COMPLETE Column stats: NONE
                     Select Operator
                       expressions: key (type: string), val (type: string)
diff --git a/ql/src/test/results/clientpositive/spark/skewjoinopt5.q.out b/ql/src/test/results/clientpositive/spark/skewjoinopt5.q.out
index 4408db6ae1..afcd3f191f 100644
--- a/ql/src/test/results/clientpositive/spark/skewjoinopt5.q.out
+++ b/ql/src/test/results/clientpositive/spark/skewjoinopt5.q.out
@@ -58,7 +58,7 @@ STAGE PLANS:
                   alias: a
                   Statistics: Num rows: 1 Data size: 30 Basic stats: COMPLETE Column stats: NONE
                   Filter Operator
-                    predicate: (key is not null and ((key = '2') or (key = '3'))) (type: boolean)
+                    predicate: (((key = '2') or (key = '3')) and key is not null) (type: boolean)
                     Statistics: Num rows: 1 Data size: 30 Basic stats: COMPLETE Column stats: NONE
                     Select Operator
                       expressions: key (type: string), val (type: string)
@@ -76,7 +76,7 @@ STAGE PLANS:
                   alias: b
                   Statistics: Num rows: 1 Data size: 30 Basic stats: COMPLETE Column stats: NONE
                   Filter Operator
-                    predicate: (key is not null and ((key = '2') or (key = '3'))) (type: boolean)
+                    predicate: (((key = '2') or (key = '3')) and key is not null) (type: boolean)
                     Statistics: Num rows: 1 Data size: 30 Basic stats: COMPLETE Column stats: NONE
                     Select Operator
                       expressions: key (type: string), val (type: string)
@@ -94,7 +94,7 @@ STAGE PLANS:
                   alias: a
                   Statistics: Num rows: 1 Data size: 30 Basic stats: COMPLETE Column stats: NONE
                   Filter Operator
-                    predicate: (key is not null and ((key <> '2') and (key <> '3'))) (type: boolean)
+                    predicate: (((key <> '2') and (key <> '3')) and key is not null) (type: boolean)
                     Statistics: Num rows: 1 Data size: 30 Basic stats: COMPLETE Column stats: NONE
                     Select Operator
                       expressions: key (type: string), val (type: string)
@@ -112,7 +112,7 @@ STAGE PLANS:
                   alias: b
                   Statistics: Num rows: 1 Data size: 30 Basic stats: COMPLETE Column stats: NONE
                   Filter Operator
-                    predicate: (key is not null and ((key <> '2') and (key <> '3'))) (type: boolean)
+                    predicate: (((key <> '2') and (key <> '3')) and key is not null) (type: boolean)
                     Statistics: Num rows: 1 Data size: 30 Basic stats: COMPLETE Column stats: NONE
                     Select Operator
                       expressions: key (type: string), val (type: string)
diff --git a/ql/src/test/results/clientpositive/spark/skewjoinopt6.q.out b/ql/src/test/results/clientpositive/spark/skewjoinopt6.q.out
index d963793532..a9a9cee236 100644
--- a/ql/src/test/results/clientpositive/spark/skewjoinopt6.q.out
+++ b/ql/src/test/results/clientpositive/spark/skewjoinopt6.q.out
@@ -58,7 +58,7 @@ STAGE PLANS:
                   alias: a
                   Statistics: Num rows: 1 Data size: 30 Basic stats: COMPLETE Column stats: NONE
                   Filter Operator
-                    predicate: (key is not null and (((key = '2') or (key = '8')) or (key = '3'))) (type: boolean)
+                    predicate: ((((key = '2') or (key = '8')) or (key = '3')) and key is not null) (type: boolean)
                     Statistics: Num rows: 1 Data size: 30 Basic stats: COMPLETE Column stats: NONE
                     Select Operator
                       expressions: key (type: string), val (type: string)
@@ -76,7 +76,7 @@ STAGE PLANS:
                   alias: b
                   Statistics: Num rows: 1 Data size: 30 Basic stats: COMPLETE Column stats: NONE
                   Filter Operator
-                    predicate: (key is not null and (((key = '2') or (key = '8')) or (key = '3'))) (type: boolean)
+                    predicate: ((((key = '2') or (key = '8')) or (key = '3')) and key is not null) (type: boolean)
                     Statistics: Num rows: 1 Data size: 30 Basic stats: COMPLETE Column stats: NONE
                     Select Operator
                       expressions: key (type: string), val (type: string)
@@ -94,7 +94,7 @@ STAGE PLANS:
                   alias: a
                   Statistics: Num rows: 1 Data size: 30 Basic stats: COMPLETE Column stats: NONE
                   Filter Operator
-                    predicate: (key is not null and (((key <> '2') and (key <> '8')) and (key <> '3'))) (type: boolean)
+                    predicate: ((((key <> '2') and (key <> '8')) and (key <> '3')) and key is not null) (type: boolean)
                     Statistics: Num rows: 1 Data size: 30 Basic stats: COMPLETE Column stats: NONE
                     Select Operator
                       expressions: key (type: string), val (type: string)
@@ -112,7 +112,7 @@ STAGE PLANS:
                   alias: b
                   Statistics: Num rows: 1 Data size: 30 Basic stats: COMPLETE Column stats: NONE
                   Filter Operator
-                    predicate: (key is not null and (((key <> '2') and (key <> '8')) and (key <> '3'))) (type: boolean)
+                    predicate: ((((key <> '2') and (key <> '8')) and (key <> '3')) and key is not null) (type: boolean)
                     Statistics: Num rows: 1 Data size: 30 Basic stats: COMPLETE Column stats: NONE
                     Select Operator
                       expressions: key (type: string), val (type: string)
diff --git a/ql/src/test/results/clientpositive/spark/skewjoinopt7.q.out b/ql/src/test/results/clientpositive/spark/skewjoinopt7.q.out
index 4f898bd617..a17511e19e 100644
--- a/ql/src/test/results/clientpositive/spark/skewjoinopt7.q.out
+++ b/ql/src/test/results/clientpositive/spark/skewjoinopt7.q.out
@@ -74,7 +74,7 @@ STAGE PLANS:
                   alias: a
                   Statistics: Num rows: 1 Data size: 30 Basic stats: COMPLETE Column stats: NONE
                   Filter Operator
-                    predicate: (key is not null and (((key = '2') or (key = '8')) or (key = '3'))) (type: boolean)
+                    predicate: ((((key = '2') or (key = '8')) or (key = '3')) and key is not null) (type: boolean)
                     Statistics: Num rows: 1 Data size: 30 Basic stats: COMPLETE Column stats: NONE
                     Select Operator
                       expressions: key (type: string), val (type: string)
@@ -92,7 +92,7 @@ STAGE PLANS:
                   alias: b
                   Statistics: Num rows: 1 Data size: 30 Basic stats: COMPLETE Column stats: NONE
                   Filter Operator
-                    predicate: (key is not null and (((key = '2') or (key = '8')) or (key = '3'))) (type: boolean)
+                    predicate: ((((key = '2') or (key = '8')) or (key = '3')) and key is not null) (type: boolean)
                     Statistics: Num rows: 1 Data size: 30 Basic stats: COMPLETE Column stats: NONE
                     Select Operator
                       expressions: key (type: string), val (type: string)
@@ -110,7 +110,7 @@ STAGE PLANS:
                   alias: c
                   Statistics: Num rows: 1 Data size: 20 Basic stats: COMPLETE Column stats: NONE
                   Filter Operator
-                    predicate: (key is not null and (((key = '2') or (key = '8')) or (key = '3'))) (type: boolean)
+                    predicate: ((((key = '2') or (key = '8')) or (key = '3')) and key is not null) (type: boolean)
                     Statistics: Num rows: 1 Data size: 20 Basic stats: COMPLETE Column stats: NONE
                     Select Operator
                       expressions: key (type: string), val (type: string)
@@ -128,7 +128,7 @@ STAGE PLANS:
                   alias: a
                   Statistics: Num rows: 1 Data size: 30 Basic stats: COMPLETE Column stats: NONE
                   Filter Operator
-                    predicate: (key is not null and (((key <> '2') and (key <> '8')) and (key <> '3'))) (type: boolean)
+                    predicate: ((((key <> '2') and (key <> '8')) and (key <> '3')) and key is not null) (type: boolean)
                     Statistics: Num rows: 1 Data size: 30 Basic stats: COMPLETE Column stats: NONE
                     Select Operator
                       expressions: key (type: string), val (type: string)
@@ -146,7 +146,7 @@ STAGE PLANS:
                   alias: b
                   Statistics: Num rows: 1 Data size: 30 Basic stats: COMPLETE Column stats: NONE
                   Filter Operator
-                    predicate: (key is not null and (((key <> '2') and (key <> '8')) and (key <> '3'))) (type: boolean)
+                    predicate: ((((key <> '2') and (key <> '8')) and (key <> '3')) and key is not null) (type: boolean)
                     Statistics: Num rows: 1 Data size: 30 Basic stats: COMPLETE Column stats: NONE
                     Select Operator
                       expressions: key (type: string), val (type: string)
@@ -164,7 +164,7 @@ STAGE PLANS:
                   alias: c
                   Statistics: Num rows: 1 Data size: 20 Basic stats: COMPLETE Column stats: NONE
                   Filter Operator
-                    predicate: (key is not null and (((key <> '2') and (key <> '8')) and (key <> '3'))) (type: boolean)
+                    predicate: ((((key <> '2') and (key <> '8')) and (key <> '3')) and key is not null) (type: boolean)
                     Statistics: Num rows: 1 Data size: 20 Basic stats: COMPLETE Column stats: NONE
                     Select Operator
                       expressions: key (type: string), val (type: string)
diff --git a/ql/src/test/results/clientpositive/spark/skewjoinopt8.q.out b/ql/src/test/results/clientpositive/spark/skewjoinopt8.q.out
index 223665b69b..d3df7a4eb9 100644
--- a/ql/src/test/results/clientpositive/spark/skewjoinopt8.q.out
+++ b/ql/src/test/results/clientpositive/spark/skewjoinopt8.q.out
@@ -72,7 +72,7 @@ STAGE PLANS:
                   alias: a
                   Statistics: Num rows: 1 Data size: 30 Basic stats: COMPLETE Column stats: NONE
                   Filter Operator
-                    predicate: (key is not null and ((key = '3') or (key = '8'))) (type: boolean)
+                    predicate: (((key = '3') or (key = '8')) and key is not null) (type: boolean)
                     Statistics: Num rows: 1 Data size: 30 Basic stats: COMPLETE Column stats: NONE
                     Select Operator
                       expressions: key (type: string), val (type: string)
@@ -90,7 +90,7 @@ STAGE PLANS:
                   alias: b
                   Statistics: Num rows: 1 Data size: 30 Basic stats: COMPLETE Column stats: NONE
                   Filter Operator
-                    predicate: (key is not null and ((key = '3') or (key = '8'))) (type: boolean)
+                    predicate: (((key = '3') or (key = '8')) and key is not null) (type: boolean)
                     Statistics: Num rows: 1 Data size: 30 Basic stats: COMPLETE Column stats: NONE
                     Select Operator
                       expressions: key (type: string), val (type: string)
@@ -108,7 +108,7 @@ STAGE PLANS:
                   alias: c
                   Statistics: Num rows: 1 Data size: 20 Basic stats: COMPLETE Column stats: NONE
                   Filter Operator
-                    predicate: (key is not null and ((key = '3') or (key = '8'))) (type: boolean)
+                    predicate: (((key = '3') or (key = '8')) and key is not null) (type: boolean)
                     Statistics: Num rows: 1 Data size: 20 Basic stats: COMPLETE Column stats: NONE
                     Select Operator
                       expressions: key (type: string), val (type: string)
@@ -126,7 +126,7 @@ STAGE PLANS:
                   alias: a
                   Statistics: Num rows: 1 Data size: 30 Basic stats: COMPLETE Column stats: NONE
                   Filter Operator
-                    predicate: (key is not null and ((key <> '3') and (key <> '8'))) (type: boolean)
+                    predicate: (((key <> '3') and (key <> '8')) and key is not null) (type: boolean)
                     Statistics: Num rows: 1 Data size: 30 Basic stats: COMPLETE Column stats: NONE
                     Select Operator
                       expressions: key (type: string), val (type: string)
@@ -144,7 +144,7 @@ STAGE PLANS:
                   alias: b
                   Statistics: Num rows: 1 Data size: 30 Basic stats: COMPLETE Column stats: NONE
                   Filter Operator
-                    predicate: (key is not null and ((key <> '3') and (key <> '8'))) (type: boolean)
+                    predicate: (((key <> '3') and (key <> '8')) and key is not null) (type: boolean)
                     Statistics: Num rows: 1 Data size: 30 Basic stats: COMPLETE Column stats: NONE
                     Select Operator
                       expressions: key (type: string), val (type: string)
@@ -162,7 +162,7 @@ STAGE PLANS:
                   alias: c
                   Statistics: Num rows: 1 Data size: 20 Basic stats: COMPLETE Column stats: NONE
                   Filter Operator
-                    predicate: (key is not null and ((key <> '3') and (key <> '8'))) (type: boolean)
+                    predicate: (((key <> '3') and (key <> '8')) and key is not null) (type: boolean)
                     Statistics: Num rows: 1 Data size: 20 Basic stats: COMPLETE Column stats: NONE
                     Select Operator
                       expressions: key (type: string), val (type: string)
diff --git a/ql/src/test/results/clientpositive/spark/smb_mapjoin_10.q.out b/ql/src/test/results/clientpositive/spark/smb_mapjoin_10.q.out
index 29e98e96b4..e3431be9ae 100644
--- a/ql/src/test/results/clientpositive/spark/smb_mapjoin_10.q.out
+++ b/ql/src/test/results/clientpositive/spark/smb_mapjoin_10.q.out
@@ -83,7 +83,7 @@ STAGE PLANS:
                   alias: b
                   Statistics: Num rows: 3 Data size: 414 Basic stats: COMPLETE Column stats: NONE
                   Filter Operator
-                    predicate: (userid is not null and pageid is not null and postid is not null and type is not null) (type: boolean)
+                    predicate: (pageid is not null and postid is not null and type is not null and userid is not null) (type: boolean)
                     Statistics: Num rows: 3 Data size: 414 Basic stats: COMPLETE Column stats: NONE
                     Sorted Merge Bucket Map Join Operator
                       condition map:
diff --git a/ql/src/test/results/clientpositive/spark/smb_mapjoin_15.q.out b/ql/src/test/results/clientpositive/spark/smb_mapjoin_15.q.out
index 9ce04d8a22..1916075436 100644
--- a/ql/src/test/results/clientpositive/spark/smb_mapjoin_15.q.out
+++ b/ql/src/test/results/clientpositive/spark/smb_mapjoin_15.q.out
@@ -618,7 +618,7 @@ STAGE PLANS:
                   GatherStats: false
                   Filter Operator
                     isSamplingPred: false
-                    predicate: (key2 is not null and key is not null) (type: boolean)
+                    predicate: (key is not null and key2 is not null) (type: boolean)
                     Statistics: Num rows: 500 Data size: 7218 Basic stats: COMPLETE Column stats: NONE
                     Select Operator
                       expressions: key (type: int), key2 (type: int), value (type: string)
@@ -696,7 +696,7 @@ STAGE PLANS:
                   GatherStats: false
                   Filter Operator
                     isSamplingPred: false
-                    predicate: (key2 is not null and key is not null) (type: boolean)
+                    predicate: (key is not null and key2 is not null) (type: boolean)
                     Statistics: Num rows: 500 Data size: 7218 Basic stats: COMPLETE Column stats: NONE
                     Select Operator
                       expressions: key (type: int), key2 (type: int), value (type: string)
diff --git a/ql/src/test/results/clientpositive/spark/spark_dynamic_partition_pruning.q.out b/ql/src/test/results/clientpositive/spark/spark_dynamic_partition_pruning.q.out
index 450499496a..95efa39442 100644
--- a/ql/src/test/results/clientpositive/spark/spark_dynamic_partition_pruning.q.out
+++ b/ql/src/test/results/clientpositive/spark/spark_dynamic_partition_pruning.q.out
@@ -1361,7 +1361,7 @@ STAGE PLANS:
                   filterExpr: ((date = '2008-04-08') and (UDFToDouble(hour) = 11.0) and ds is not null and hr is not null) (type: boolean)
                   Statistics: Num rows: 4 Data size: 108 Basic stats: COMPLETE Column stats: NONE
                   Filter Operator
-                    predicate: ((date = '2008-04-08') and (UDFToDouble(hour) = 11.0) and ds is not null and hr is not null) (type: boolean)
+                    predicate: ((UDFToDouble(hour) = 11.0) and (date = '2008-04-08') and ds is not null and hr is not null) (type: boolean)
                     Statistics: Num rows: 1 Data size: 27 Basic stats: COMPLETE Column stats: NONE
                     Select Operator
                       expressions: ds (type: string), hr (type: string)
@@ -1424,7 +1424,7 @@ STAGE PLANS:
                   filterExpr: ((date = '2008-04-08') and (UDFToDouble(hour) = 11.0) and ds is not null and hr is not null) (type: boolean)
                   Statistics: Num rows: 4 Data size: 108 Basic stats: COMPLETE Column stats: NONE
                   Filter Operator
-                    predicate: ((date = '2008-04-08') and (UDFToDouble(hour) = 11.0) and ds is not null and hr is not null) (type: boolean)
+                    predicate: ((UDFToDouble(hour) = 11.0) and (date = '2008-04-08') and ds is not null and hr is not null) (type: boolean)
                     Statistics: Num rows: 1 Data size: 27 Basic stats: COMPLETE Column stats: NONE
                     Select Operator
                       expressions: ds (type: string), hr (type: string)
@@ -1531,7 +1531,7 @@ STAGE PLANS:
                   filterExpr: ((date = '2008-04-08') and (UDFToDouble(hour) = 11.0) and ds is not null and hr is not null) (type: boolean)
                   Statistics: Num rows: 4 Data size: 108 Basic stats: COMPLETE Column stats: NONE
                   Filter Operator
-                    predicate: ((date = '2008-04-08') and (UDFToDouble(hour) = 11.0) and ds is not null and hr is not null) (type: boolean)
+                    predicate: ((UDFToDouble(hour) = 11.0) and (date = '2008-04-08') and ds is not null and hr is not null) (type: boolean)
                     Statistics: Num rows: 1 Data size: 27 Basic stats: COMPLETE Column stats: NONE
                     Select Operator
                       expressions: ds (type: string), hr (type: string)
@@ -2675,7 +2675,7 @@ STAGE PLANS:
                   filterExpr: ((date = '2008-04-08') and (UDFToDouble(hour) = 11.0)) (type: boolean)
                   Statistics: Num rows: 4 Data size: 108 Basic stats: COMPLETE Column stats: NONE
                   Filter Operator
-                    predicate: ((date = '2008-04-08') and (UDFToDouble(hour) = 11.0)) (type: boolean)
+                    predicate: ((UDFToDouble(hour) = 11.0) and (date = '2008-04-08')) (type: boolean)
                     Statistics: Num rows: 1 Data size: 27 Basic stats: COMPLETE Column stats: NONE
                     Select Operator
                       expressions: ds (type: string), hr (type: string)
@@ -2771,7 +2771,7 @@ STAGE PLANS:
                   filterExpr: ((date = '2008-04-08') and (UDFToDouble(hour) = 11.0) and ds is not null and hr is not null) (type: boolean)
                   Statistics: Num rows: 4 Data size: 108 Basic stats: COMPLETE Column stats: NONE
                   Filter Operator
-                    predicate: ((date = '2008-04-08') and (UDFToDouble(hour) = 11.0) and ds is not null and hr is not null) (type: boolean)
+                    predicate: ((UDFToDouble(hour) = 11.0) and (date = '2008-04-08') and ds is not null and hr is not null) (type: boolean)
                     Statistics: Num rows: 1 Data size: 27 Basic stats: COMPLETE Column stats: NONE
                     Select Operator
                       expressions: ds (type: string), hr (type: string)
@@ -2834,7 +2834,7 @@ STAGE PLANS:
                   filterExpr: ((date = '2008-04-08') and (UDFToDouble(hour) = 11.0) and ds is not null and hr is not null) (type: boolean)
                   Statistics: Num rows: 4 Data size: 108 Basic stats: COMPLETE Column stats: NONE
                   Filter Operator
-                    predicate: ((date = '2008-04-08') and (UDFToDouble(hour) = 11.0) and ds is not null and hr is not null) (type: boolean)
+                    predicate: ((UDFToDouble(hour) = 11.0) and (date = '2008-04-08') and ds is not null and hr is not null) (type: boolean)
                     Statistics: Num rows: 1 Data size: 27 Basic stats: COMPLETE Column stats: NONE
                     Select Operator
                       expressions: ds (type: string), hr (type: string)
@@ -4877,7 +4877,7 @@ STAGE PLANS:
                   filterExpr: ((date = '2008-04-08') and (UDFToDouble(hour) = 11.0) and ds is not null and hr is not null) (type: boolean)
                   Statistics: Num rows: 4 Data size: 108 Basic stats: COMPLETE Column stats: NONE
                   Filter Operator
-                    predicate: ((date = '2008-04-08') and (UDFToDouble(hour) = 11.0) and ds is not null and hr is not null) (type: boolean)
+                    predicate: ((UDFToDouble(hour) = 11.0) and (date = '2008-04-08') and ds is not null and hr is not null) (type: boolean)
                     Statistics: Num rows: 1 Data size: 27 Basic stats: COMPLETE Column stats: NONE
                     Select Operator
                       expressions: ds (type: string), hr (type: string)
diff --git a/ql/src/test/results/clientpositive/spark/spark_dynamic_partition_pruning_3.q.out b/ql/src/test/results/clientpositive/spark/spark_dynamic_partition_pruning_3.q.out
index d38ae97621..cad45e1018 100644
--- a/ql/src/test/results/clientpositive/spark/spark_dynamic_partition_pruning_3.q.out
+++ b/ql/src/test/results/clientpositive/spark/spark_dynamic_partition_pruning_3.q.out
@@ -900,7 +900,7 @@ STAGE PLANS:
                   alias: regular_table1
                   Statistics: Num rows: 3 Data size: 9 Basic stats: COMPLETE Column stats: NONE
                   Filter Operator
-                    predicate: (col2 BETWEEN 1 AND 3 and col1 is not null) (type: boolean)
+                    predicate: (col1 is not null and col2 BETWEEN 1 AND 3) (type: boolean)
                     Statistics: Num rows: 1 Data size: 3 Basic stats: COMPLETE Column stats: NONE
                     Select Operator
                       expressions: col1 (type: int)
diff --git a/ql/src/test/results/clientpositive/spark/spark_explainuser_1.q.out b/ql/src/test/results/clientpositive/spark/spark_explainuser_1.q.out
index 09af066ad0..b9f2267571 100644
--- a/ql/src/test/results/clientpositive/spark/spark_explainuser_1.q.out
+++ b/ql/src/test/results/clientpositive/spark/spark_explainuser_1.q.out
@@ -446,7 +446,7 @@ Stage-0
                     Select Operator [SEL_27] (rows=1 width=20)
                       Output:["_col1","_col4"]
                       Filter Operator [FIL_23] (rows=1 width=20)
-                        predicate:(((_col3 + _col6) >= 0) and ((UDFToLong(_col1) + _col4) >= 0) and ((_col1 >= 1) or (_col4 >= 1)) and ((_col3 > 0) or (_col1 >= 0)))
+                        predicate:(((UDFToLong(_col1) + _col4) >= 0) and ((_col1 >= 1) or (_col4 >= 1)) and ((_col3 + _col6) >= 0) and ((_col3 > 0) or (_col1 >= 0)))
                         Join Operator [JOIN_22] (rows=3 width=18)
                           Output:["_col1","_col3","_col4","_col6"],condition map:[{"":"{\"type\":\"Inner\",\"left\":0,\"right\":1}"},{"":"{\"type\":\"Inner\",\"left\":1,\"right\":2}"}],keys:{"0":"_col0","1":"_col0","2":"_col0"}
                         <-Map 1 [PARTITION-LEVEL SORT]
@@ -471,7 +471,7 @@ Stage-0
                                   Group By Operator [GBY_6] (rows=1 width=101)
                                     Output:["_col0","_col1","_col2","_col3"],aggregations:["sum(c_int)"],keys:key, c_int, c_float
                                     Filter Operator [FIL_37] (rows=2 width=93)
-                                      predicate:(((c_int + 1) >= 0) and ((c_int > 0) or (c_float >= 0)) and (c_float > 0) and ((c_int >= 1) or (c_float >= 1)) and ((UDFToFloat(c_int) + c_float) >= 0) and key is not null)
+                                      predicate:(((UDFToFloat(c_int) + c_float) >= 0) and ((c_int + 1) >= 0) and ((c_int > 0) or (c_float >= 0)) and ((c_int >= 1) or (c_float >= 1)) and (c_float > 0) and key is not null)
                                       TableScan [TS_3] (rows=20 width=88)
                                         default@cbo_t1,cbo_t1,Tbl:COMPLETE,Col:COMPLETE,Output:["key","c_int","c_float"]
                         <-Reducer 8 [PARTITION-LEVEL SORT]
@@ -487,7 +487,7 @@ Stage-0
                                   Group By Operator [GBY_14] (rows=1 width=93)
                                     Output:["_col0","_col1","_col2"],keys:key, c_int, c_float
                                     Filter Operator [FIL_38] (rows=2 width=93)
-                                      predicate:(((c_int + 1) >= 0) and ((c_int > 0) or (c_float >= 0)) and (c_float > 0) and ((c_int >= 1) or (c_float >= 1)) and ((UDFToFloat(c_int) + c_float) >= 0) and key is not null)
+                                      predicate:(((UDFToFloat(c_int) + c_float) >= 0) and ((c_int + 1) >= 0) and ((c_int > 0) or (c_float >= 0)) and ((c_int >= 1) or (c_float >= 1)) and (c_float > 0) and key is not null)
                                       TableScan [TS_11] (rows=20 width=88)
                                         default@cbo_t2,cbo_t2,Tbl:COMPLETE,Col:COMPLETE,Output:["key","c_int","c_float"]
 
@@ -544,7 +544,7 @@ Stage-0
                             Group By Operator [GBY_6] (rows=1 width=101)
                               Output:["_col0","_col1","_col2","_col3"],aggregations:["sum(c_int)"],keys:key, c_int, c_float
                               Filter Operator [FIL_32] (rows=2 width=93)
-                                predicate:(((c_int + 1) >= 0) and ((c_int > 0) or (c_float >= 0)) and (c_float > 0) and ((c_int >= 1) or (c_float >= 1)) and ((UDFToFloat(c_int) + c_float) >= 0) and key is not null)
+                                predicate:(((UDFToFloat(c_int) + c_float) >= 0) and ((c_int + 1) >= 0) and ((c_int > 0) or (c_float >= 0)) and ((c_int >= 1) or (c_float >= 1)) and (c_float > 0) and key is not null)
                                 TableScan [TS_3] (rows=20 width=88)
                                   default@cbo_t1,cbo_t1,Tbl:COMPLETE,Col:COMPLETE,Output:["key","c_int","c_float"]
                   <-Reducer 7 [PARTITION-LEVEL SORT]
@@ -560,7 +560,7 @@ Stage-0
                             Group By Operator [GBY_14] (rows=1 width=93)
                               Output:["_col0","_col1","_col2"],keys:key, c_int, c_float
                               Filter Operator [FIL_33] (rows=2 width=93)
-                                predicate:(((c_int + 1) >= 0) and ((c_int > 0) or (c_float >= 0)) and (c_float > 0) and ((c_int >= 1) or (c_float >= 1)) and ((UDFToFloat(c_int) + c_float) >= 0) and key is not null)
+                                predicate:(((UDFToFloat(c_int) + c_float) >= 0) and ((c_int + 1) >= 0) and ((c_int > 0) or (c_float >= 0)) and ((c_int >= 1) or (c_float >= 1)) and (c_float > 0) and key is not null)
                                 TableScan [TS_11] (rows=20 width=88)
                                   default@cbo_t2,cbo_t2,Tbl:COMPLETE,Col:COMPLETE,Output:["key","c_int","c_float"]
 
@@ -597,7 +597,7 @@ Stage-0
                   Select Operator [SEL_27] (rows=1 width=20)
                     Output:["_col1","_col4"]
                     Filter Operator [FIL_23] (rows=1 width=20)
-                      predicate:(((_col3 + _col6) >= 0) and ((UDFToLong(_col1) + _col4) >= 0) and ((_col1 >= 1) or (_col4 >= 1)) and ((_col3 > 0) or (_col1 >= 0)))
+                      predicate:(((UDFToLong(_col1) + _col4) >= 0) and ((_col1 >= 1) or (_col4 >= 1)) and ((_col3 + _col6) >= 0) and ((_col3 > 0) or (_col1 >= 0)))
                       Join Operator [JOIN_22] (rows=3 width=18)
                         Output:["_col1","_col3","_col4","_col6"],condition map:[{"":"{\"type\":\"Inner\",\"left\":0,\"right\":1}"},{"":"{\"type\":\"Inner\",\"left\":1,\"right\":2}"}],keys:{"0":"_col0","1":"_col0","2":"_col0"}
                       <-Map 1 [PARTITION-LEVEL SORT]
@@ -622,7 +622,7 @@ Stage-0
                                 Group By Operator [GBY_6] (rows=1 width=101)
                                   Output:["_col0","_col1","_col2","_col3"],aggregations:["sum(c_int)"],keys:key, c_int, c_float
                                   Filter Operator [FIL_36] (rows=2 width=93)
-                                    predicate:(((c_int + 1) >= 0) and ((c_int > 0) or (c_float >= 0)) and (c_float > 0) and ((c_int >= 1) or (c_float >= 1)) and ((UDFToFloat(c_int) + c_float) >= 0) and key is not null)
+                                    predicate:(((UDFToFloat(c_int) + c_float) >= 0) and ((c_int + 1) >= 0) and ((c_int > 0) or (c_float >= 0)) and ((c_int >= 1) or (c_float >= 1)) and (c_float > 0) and key is not null)
                                     TableScan [TS_3] (rows=20 width=88)
                                       default@cbo_t1,cbo_t1,Tbl:COMPLETE,Col:COMPLETE,Output:["key","c_int","c_float"]
                       <-Reducer 8 [PARTITION-LEVEL SORT]
@@ -638,7 +638,7 @@ Stage-0
                                 Group By Operator [GBY_14] (rows=1 width=93)
                                   Output:["_col0","_col1","_col2"],keys:key, c_int, c_float
                                   Filter Operator [FIL_37] (rows=2 width=93)
-                                    predicate:(((c_int + 1) >= 0) and ((c_int > 0) or (c_float >= 0)) and (c_float > 0) and ((c_int >= 1) or (c_float >= 1)) and ((UDFToFloat(c_int) + c_float) >= 0) and key is not null)
+                                    predicate:(((UDFToFloat(c_int) + c_float) >= 0) and ((c_int + 1) >= 0) and ((c_int > 0) or (c_float >= 0)) and ((c_int >= 1) or (c_float >= 1)) and (c_float > 0) and key is not null)
                                     TableScan [TS_11] (rows=20 width=88)
                                       default@cbo_t2,cbo_t2,Tbl:COMPLETE,Col:COMPLETE,Output:["key","c_int","c_float"]
 
@@ -695,7 +695,7 @@ Stage-0
                             Group By Operator [GBY_6] (rows=1 width=101)
                               Output:["_col0","_col1","_col2","_col3"],aggregations:["sum(c_int)"],keys:key, c_int, c_float
                               Filter Operator [FIL_32] (rows=2 width=93)
-                                predicate:(((c_int + 1) >= 0) and ((c_int > 0) or (c_float >= 0)) and (c_float > 0) and ((c_int >= 1) or (c_float >= 1)) and ((UDFToFloat(c_int) + c_float) >= 0) and key is not null)
+                                predicate:(((UDFToFloat(c_int) + c_float) >= 0) and ((c_int + 1) >= 0) and ((c_int > 0) or (c_float >= 0)) and ((c_int >= 1) or (c_float >= 1)) and (c_float > 0) and key is not null)
                                 TableScan [TS_3] (rows=20 width=88)
                                   default@cbo_t1,cbo_t1,Tbl:COMPLETE,Col:COMPLETE,Output:["key","c_int","c_float"]
                   <-Reducer 7 [PARTITION-LEVEL SORT]
@@ -711,7 +711,7 @@ Stage-0
                             Group By Operator [GBY_14] (rows=1 width=93)
                               Output:["_col0","_col1","_col2"],keys:key, c_int, c_float
                               Filter Operator [FIL_33] (rows=2 width=93)
-                                predicate:(((c_int + 1) >= 0) and ((c_int > 0) or (c_float >= 0)) and (c_float > 0) and ((c_int >= 1) or (c_float >= 1)) and ((UDFToFloat(c_int) + c_float) >= 0) and key is not null)
+                                predicate:(((UDFToFloat(c_int) + c_float) >= 0) and ((c_int + 1) >= 0) and ((c_int > 0) or (c_float >= 0)) and ((c_int >= 1) or (c_float >= 1)) and (c_float > 0) and key is not null)
                                 TableScan [TS_11] (rows=20 width=88)
                                   default@cbo_t2,cbo_t2,Tbl:COMPLETE,Col:COMPLETE,Output:["key","c_int","c_float"]
 
@@ -1097,7 +1097,7 @@ Stage-0
         Select Operator [SEL_15] (rows=40 width=101)
           Output:["_col0","_col1","_col2","_col3","_col4"]
           Filter Operator [FIL_13] (rows=40 width=101)
-            predicate:(((_col1 > 0) or (_col6 >= 0)) and ((_col1 + _col4) = 2))
+            predicate:(((_col1 + _col4) = 2) and ((_col1 > 0) or (_col6 >= 0)))
             Join Operator [JOIN_12] (rows=81 width=100)
               Output:["_col1","_col2","_col3","_col4","_col6"],condition map:[{"":"{\"type\":\"Inner\",\"left\":0,\"right\":1}"},{"":"{\"type\":\"Inner\",\"left\":0,\"right\":2}"}],keys:{"0":"_col0","1":"_col0","2":"_col0"}
             <-Map 1 [PARTITION-LEVEL SORT]
@@ -1146,7 +1146,7 @@ Stage-0
         Select Operator [SEL_15] (rows=40 width=101)
           Output:["_col0","_col1","_col2","_col3","_col4"]
           Filter Operator [FIL_13] (rows=40 width=101)
-            predicate:(((_col1 > 0) or (_col6 >= 0)) and ((_col1 + _col4) = 2))
+            predicate:(((_col1 + _col4) = 2) and ((_col1 > 0) or (_col6 >= 0)))
             Join Operator [JOIN_12] (rows=81 width=100)
               Output:["_col1","_col2","_col3","_col4","_col6"],condition map:[{"":"{\"type\":\"Inner\",\"left\":0,\"right\":1}"},{"":"{\"type\":\"Inner\",\"left\":0,\"right\":2}"}],keys:{"0":"_col0","1":"_col0","2":"_col0"}
             <-Map 1 [PARTITION-LEVEL SORT]
@@ -1352,7 +1352,7 @@ Stage-0
                       Select Operator [SEL_37] (rows=2 width=20)
                         Output:["_col4","_col6"]
                         Filter Operator [FIL_35] (rows=2 width=20)
-                          predicate:(((_col3 > 0) or (_col6 >= 0)) and ((_col3 + _col1) >= 0))
+                          predicate:(((_col3 + _col1) >= 0) and ((_col3 > 0) or (_col6 >= 0)))
                           Join Operator [JOIN_34] (rows=6 width=19)
                             Output:["_col1","_col3","_col4","_col6"],condition map:[{"":"{\"type\":\"Inner\",\"left\":0,\"right\":1}"},{"":"{\"type\":\"Inner\",\"left\":1,\"right\":2}"}],keys:{"0":"_col0","1":"_col0","2":"_col0"}
                           <-Map 10 [PARTITION-LEVEL SORT]
@@ -1555,7 +1555,7 @@ Stage-0
                         Select Operator [SEL_8] (rows=1 width=93)
                           Output:["_col0","_col1"]
                           Filter Operator [FIL_7] (rows=1 width=101)
-                            predicate:(((UDFToDouble(_col2) >= 1.0) or (_col3 >= 1)) and ((UDFToDouble(_col2) + UDFToDouble(_col3)) >= 0.0))
+                            predicate:(((UDFToDouble(_col2) + UDFToDouble(_col3)) >= 0.0) and ((UDFToDouble(_col2) >= 1.0) or (_col3 >= 1)))
                             Select Operator [SEL_6] (rows=1 width=101)
                               Output:["_col2","_col3"]
                               Group By Operator [GBY_5] (rows=1 width=101)
@@ -1566,7 +1566,7 @@ Stage-0
                                   Group By Operator [GBY_3] (rows=1 width=101)
                                     Output:["_col0","_col1","_col2","_col3"],aggregations:["sum(c_int)"],keys:key, c_int, c_float
                                     Filter Operator [FIL_36] (rows=1 width=93)
-                                      predicate:(((c_int + 1) >= 0) and ((c_int > 0) or (c_float >= 0)) and (c_float > 0) and ((c_int >= 1) or (c_float >= 1)) and ((UDFToFloat(c_int) + c_float) >= 0) and (((c_int + 1) + 1) >= 0) and (((c_int + 1) > 0) or (UDFToDouble(key) >= 0.0)) and (UDFToDouble(key) > 0.0))
+                                      predicate:((((c_int + 1) + 1) >= 0) and (((c_int + 1) > 0) or (UDFToDouble(key) >= 0.0)) and ((UDFToFloat(c_int) + c_float) >= 0) and ((c_int + 1) >= 0) and ((c_int > 0) or (c_float >= 0)) and ((c_int >= 1) or (c_float >= 1)) and (UDFToDouble(key) > 0.0) and (c_float > 0))
                                       TableScan [TS_0] (rows=20 width=88)
                                         default@cbo_t1,cbo_t1,Tbl:COMPLETE,Col:COMPLETE,Output:["key","c_int","c_float"]
                     <-Reducer 7 [PARTITION-LEVEL SORT]
@@ -1584,7 +1584,7 @@ Stage-0
                                 Group By Operator [GBY_12] (rows=1 width=93)
                                   Output:["_col0","_col1","_col2"],keys:key, c_int, c_float
                                   Filter Operator [FIL_37] (rows=1 width=93)
-                                    predicate:(((c_int + 1) >= 0) and ((c_int > 0) or (c_float >= 0)) and (c_float > 0) and ((c_int >= 1) or (c_float >= 1)) and ((UDFToFloat(c_int) + c_float) >= 0) and (UDFToDouble(key) > 0.0))
+                                    predicate:(((UDFToFloat(c_int) + c_float) >= 0) and ((c_int + 1) >= 0) and ((c_int > 0) or (c_float >= 0)) and ((c_int >= 1) or (c_float >= 1)) and (UDFToDouble(key) > 0.0) and (c_float > 0))
                                     TableScan [TS_9] (rows=20 width=88)
                                       default@cbo_t2,cbo_t2,Tbl:COMPLETE,Col:COMPLETE,Output:["key","c_int","c_float"]
 
diff --git a/ql/src/test/results/clientpositive/spark/spark_vectorized_dynamic_partition_pruning.q.out b/ql/src/test/results/clientpositive/spark/spark_vectorized_dynamic_partition_pruning.q.out
index 7cafb52b24..514c77cf1f 100644
--- a/ql/src/test/results/clientpositive/spark/spark_vectorized_dynamic_partition_pruning.q.out
+++ b/ql/src/test/results/clientpositive/spark/spark_vectorized_dynamic_partition_pruning.q.out
@@ -1395,7 +1395,7 @@ STAGE PLANS:
                   filterExpr: ((date = '2008-04-08') and (UDFToDouble(hour) = 11.0) and ds is not null and hr is not null) (type: boolean)
                   Statistics: Num rows: 4 Data size: 1440 Basic stats: COMPLETE Column stats: NONE
                   Filter Operator
-                    predicate: ((date = '2008-04-08') and (UDFToDouble(hour) = 11.0) and ds is not null and hr is not null) (type: boolean)
+                    predicate: ((UDFToDouble(hour) = 11.0) and (date = '2008-04-08') and ds is not null and hr is not null) (type: boolean)
                     Statistics: Num rows: 1 Data size: 360 Basic stats: COMPLETE Column stats: NONE
                     Select Operator
                       expressions: ds (type: string), hr (type: string)
@@ -1460,7 +1460,7 @@ STAGE PLANS:
                   filterExpr: ((date = '2008-04-08') and (UDFToDouble(hour) = 11.0) and ds is not null and hr is not null) (type: boolean)
                   Statistics: Num rows: 4 Data size: 1440 Basic stats: COMPLETE Column stats: NONE
                   Filter Operator
-                    predicate: ((date = '2008-04-08') and (UDFToDouble(hour) = 11.0) and ds is not null and hr is not null) (type: boolean)
+                    predicate: ((UDFToDouble(hour) = 11.0) and (date = '2008-04-08') and ds is not null and hr is not null) (type: boolean)
                     Statistics: Num rows: 1 Data size: 360 Basic stats: COMPLETE Column stats: NONE
                     Select Operator
                       expressions: ds (type: string), hr (type: string)
@@ -1570,7 +1570,7 @@ STAGE PLANS:
                   filterExpr: ((date = '2008-04-08') and (UDFToDouble(hour) = 11.0) and ds is not null and hr is not null) (type: boolean)
                   Statistics: Num rows: 4 Data size: 1440 Basic stats: COMPLETE Column stats: NONE
                   Filter Operator
-                    predicate: ((date = '2008-04-08') and (UDFToDouble(hour) = 11.0) and ds is not null and hr is not null) (type: boolean)
+                    predicate: ((UDFToDouble(hour) = 11.0) and (date = '2008-04-08') and ds is not null and hr is not null) (type: boolean)
                     Statistics: Num rows: 1 Data size: 360 Basic stats: COMPLETE Column stats: NONE
                     Select Operator
                       expressions: ds (type: string), hr (type: string)
@@ -2746,7 +2746,7 @@ STAGE PLANS:
                   filterExpr: ((date = '2008-04-08') and (UDFToDouble(hour) = 11.0)) (type: boolean)
                   Statistics: Num rows: 4 Data size: 1440 Basic stats: COMPLETE Column stats: NONE
                   Filter Operator
-                    predicate: ((date = '2008-04-08') and (UDFToDouble(hour) = 11.0)) (type: boolean)
+                    predicate: ((UDFToDouble(hour) = 11.0) and (date = '2008-04-08')) (type: boolean)
                     Statistics: Num rows: 1 Data size: 360 Basic stats: COMPLETE Column stats: NONE
                     Select Operator
                       expressions: ds (type: string), hr (type: string)
@@ -2844,7 +2844,7 @@ STAGE PLANS:
                   filterExpr: ((date = '2008-04-08') and (UDFToDouble(hour) = 11.0) and ds is not null and hr is not null) (type: boolean)
                   Statistics: Num rows: 4 Data size: 1440 Basic stats: COMPLETE Column stats: NONE
                   Filter Operator
-                    predicate: ((date = '2008-04-08') and (UDFToDouble(hour) = 11.0) and ds is not null and hr is not null) (type: boolean)
+                    predicate: ((UDFToDouble(hour) = 11.0) and (date = '2008-04-08') and ds is not null and hr is not null) (type: boolean)
                     Statistics: Num rows: 1 Data size: 360 Basic stats: COMPLETE Column stats: NONE
                     Select Operator
                       expressions: ds (type: string), hr (type: string)
@@ -2909,7 +2909,7 @@ STAGE PLANS:
                   filterExpr: ((date = '2008-04-08') and (UDFToDouble(hour) = 11.0) and ds is not null and hr is not null) (type: boolean)
                   Statistics: Num rows: 4 Data size: 1440 Basic stats: COMPLETE Column stats: NONE
                   Filter Operator
-                    predicate: ((date = '2008-04-08') and (UDFToDouble(hour) = 11.0) and ds is not null and hr is not null) (type: boolean)
+                    predicate: ((UDFToDouble(hour) = 11.0) and (date = '2008-04-08') and ds is not null and hr is not null) (type: boolean)
                     Statistics: Num rows: 1 Data size: 360 Basic stats: COMPLETE Column stats: NONE
                     Select Operator
                       expressions: ds (type: string), hr (type: string)
@@ -5016,7 +5016,7 @@ STAGE PLANS:
                   filterExpr: ((date = '2008-04-08') and (UDFToDouble(hour) = 11.0) and ds is not null and hr is not null) (type: boolean)
                   Statistics: Num rows: 4 Data size: 1440 Basic stats: COMPLETE Column stats: NONE
                   Filter Operator
-                    predicate: ((date = '2008-04-08') and (UDFToDouble(hour) = 11.0) and ds is not null and hr is not null) (type: boolean)
+                    predicate: ((UDFToDouble(hour) = 11.0) and (date = '2008-04-08') and ds is not null and hr is not null) (type: boolean)
                     Statistics: Num rows: 1 Data size: 360 Basic stats: COMPLETE Column stats: NONE
                     Select Operator
                       expressions: ds (type: string), hr (type: string)
diff --git a/ql/src/test/results/clientpositive/spark/subquery_in.q.out b/ql/src/test/results/clientpositive/spark/subquery_in.q.out
index 89124506b4..28f9a2019e 100644
--- a/ql/src/test/results/clientpositive/spark/subquery_in.q.out
+++ b/ql/src/test/results/clientpositive/spark/subquery_in.q.out
@@ -889,7 +889,7 @@ STAGE PLANS:
                   alias: li
                   Statistics: Num rows: 100 Data size: 11999 Basic stats: COMPLETE Column stats: NONE
                   Filter Operator
-                    predicate: ((l_linenumber = 1) and l_partkey is not null and l_orderkey is not null) (type: boolean)
+                    predicate: ((l_linenumber = 1) and l_orderkey is not null and l_partkey is not null) (type: boolean)
                     Statistics: Num rows: 50 Data size: 5999 Basic stats: COMPLETE Column stats: NONE
                     Select Operator
                       expressions: l_orderkey (type: int), l_partkey (type: int), l_suppkey (type: int)
@@ -2001,7 +2001,7 @@ STAGE PLANS:
                   alias: p
                   Statistics: Num rows: 26 Data size: 3147 Basic stats: COMPLETE Column stats: NONE
                   Filter Operator
-                    predicate: (p_size is not null and p_partkey is not null) (type: boolean)
+                    predicate: (p_partkey is not null and p_size is not null) (type: boolean)
                     Statistics: Num rows: 26 Data size: 3147 Basic stats: COMPLETE Column stats: NONE
                     Group By Operator
                       keys: p_partkey (type: int), p_name (type: string), p_size (type: int)
diff --git a/ql/src/test/results/clientpositive/spark/transform_ppr1.q.out b/ql/src/test/results/clientpositive/spark/transform_ppr1.q.out
index bd28ff0b90..d2598dc96e 100644
--- a/ql/src/test/results/clientpositive/spark/transform_ppr1.q.out
+++ b/ql/src/test/results/clientpositive/spark/transform_ppr1.q.out
@@ -52,7 +52,7 @@ STAGE PLANS:
                       Statistics: Num rows: 2000 Data size: 21248 Basic stats: COMPLETE Column stats: NONE
                       Filter Operator
                         isSamplingPred: false
-                        predicate: ((_col1 < 100) and (_col0 = '2008-04-08')) (type: boolean)
+                        predicate: ((_col0 = '2008-04-08') and (_col1 < 100)) (type: boolean)
                         Statistics: Num rows: 333 Data size: 3537 Basic stats: COMPLETE Column stats: NONE
                         Reduce Output Operator
                           key expressions: _col1 (type: string)
diff --git a/ql/src/test/results/clientpositive/spark/union_view.q.out b/ql/src/test/results/clientpositive/spark/union_view.q.out
index f77c927743..13bc50bf3e 100644
--- a/ql/src/test/results/clientpositive/spark/union_view.q.out
+++ b/ql/src/test/results/clientpositive/spark/union_view.q.out
@@ -175,7 +175,7 @@ STAGE PLANS:
                   filterExpr: ((key = 86) and (ds = '1')) (type: boolean)
                   Statistics: Num rows: 1 Data size: 0 Basic stats: PARTIAL Column stats: NONE
                   Filter Operator
-                    predicate: ((key = 86) and (ds = '1')) (type: boolean)
+                    predicate: ((ds = '1') and (key = 86)) (type: boolean)
                     Statistics: Num rows: 1 Data size: 0 Basic stats: PARTIAL Column stats: NONE
                     Select Operator
                       expressions: value (type: string)
@@ -199,7 +199,7 @@ STAGE PLANS:
                   filterExpr: ((key = 86) and (ds = '1')) (type: boolean)
                   Statistics: Num rows: 1 Data size: 0 Basic stats: PARTIAL Column stats: NONE
                   Filter Operator
-                    predicate: ((key = 86) and (ds = '1')) (type: boolean)
+                    predicate: ((ds = '1') and (key = 86)) (type: boolean)
                     Statistics: Num rows: 1 Data size: 0 Basic stats: PARTIAL Column stats: NONE
                     Select Operator
                       expressions: value (type: string)
@@ -239,7 +239,7 @@ STAGE PLANS:
                   filterExpr: ((key = 86) and (ds = '2')) (type: boolean)
                   Statistics: Num rows: 1 Data size: 0 Basic stats: PARTIAL Column stats: NONE
                   Filter Operator
-                    predicate: ((key = 86) and (ds = '2')) (type: boolean)
+                    predicate: ((ds = '2') and (key = 86)) (type: boolean)
                     Statistics: Num rows: 1 Data size: 0 Basic stats: PARTIAL Column stats: NONE
                     Select Operator
                       expressions: value (type: string)
@@ -287,7 +287,7 @@ STAGE PLANS:
                   filterExpr: ((key = 86) and (ds = '2')) (type: boolean)
                   Statistics: Num rows: 1 Data size: 0 Basic stats: PARTIAL Column stats: NONE
                   Filter Operator
-                    predicate: ((key = 86) and (ds = '2')) (type: boolean)
+                    predicate: ((ds = '2') and (key = 86)) (type: boolean)
                     Statistics: Num rows: 1 Data size: 0 Basic stats: PARTIAL Column stats: NONE
                     Select Operator
                       expressions: value (type: string)
@@ -327,7 +327,7 @@ STAGE PLANS:
                   filterExpr: ((key = 86) and (ds = '3')) (type: boolean)
                   Statistics: Num rows: 1 Data size: 0 Basic stats: PARTIAL Column stats: NONE
                   Filter Operator
-                    predicate: ((key = 86) and (ds = '3')) (type: boolean)
+                    predicate: ((ds = '3') and (key = 86)) (type: boolean)
                     Statistics: Num rows: 1 Data size: 0 Basic stats: PARTIAL Column stats: NONE
                     Select Operator
                       expressions: value (type: string)
@@ -351,7 +351,7 @@ STAGE PLANS:
                   filterExpr: ((key = 86) and (ds = '3')) (type: boolean)
                   Statistics: Num rows: 1 Data size: 0 Basic stats: PARTIAL Column stats: NONE
                   Filter Operator
-                    predicate: ((key = 86) and (ds = '3')) (type: boolean)
+                    predicate: ((ds = '3') and (key = 86)) (type: boolean)
                     Statistics: Num rows: 1 Data size: 0 Basic stats: PARTIAL Column stats: NONE
                     Select Operator
                       expressions: value (type: string)
@@ -492,11 +492,11 @@ STAGE PLANS:
 86	val_86	2
 86	val_86	3
 86	val_86	3
-86	val_86	2
-86	val_86	2
-86	val_86	1
 86	val_86	3
 86	val_86	3
+86	val_86	1
+86	val_86	2
+86	val_86	2
 STAGE DEPENDENCIES:
   Stage-1 is a root stage
   Stage-0 depends on stages: Stage-1
@@ -801,7 +801,7 @@ STAGE PLANS:
                   filterExpr: ((key = 86) and (ds = '4')) (type: boolean)
                   Statistics: Num rows: 1 Data size: 0 Basic stats: PARTIAL Column stats: NONE
                   Filter Operator
-                    predicate: ((key = 86) and (ds = '4')) (type: boolean)
+                    predicate: ((ds = '4') and (key = 86)) (type: boolean)
                     Statistics: Num rows: 1 Data size: 0 Basic stats: PARTIAL Column stats: NONE
                     Select Operator
                       expressions: value (type: string)
@@ -825,7 +825,7 @@ STAGE PLANS:
                   filterExpr: ((key = 86) and (ds = '4')) (type: boolean)
                   Statistics: Num rows: 1 Data size: 0 Basic stats: PARTIAL Column stats: NONE
                   Filter Operator
-                    predicate: ((key = 86) and (ds = '4')) (type: boolean)
+                    predicate: ((ds = '4') and (key = 86)) (type: boolean)
                     Statistics: Num rows: 1 Data size: 0 Basic stats: PARTIAL Column stats: NONE
                     Select Operator
                       expressions: value (type: string)
diff --git a/ql/src/test/results/clientpositive/spark/vector_mapjoin_reduce.q.out b/ql/src/test/results/clientpositive/spark/vector_mapjoin_reduce.q.out
index e4f9162aa3..a81f20bf2e 100644
--- a/ql/src/test/results/clientpositive/spark/vector_mapjoin_reduce.q.out
+++ b/ql/src/test/results/clientpositive/spark/vector_mapjoin_reduce.q.out
@@ -37,7 +37,7 @@ STAGE PLANS:
                         className: VectorFilterOperator
                         native: true
                         predicateExpression: FilterExprAndExpr(children: FilterLongColEqualLongScalar(col 3, val 1) -> boolean, SelectColumnIsNotNull(col 1) -> boolean, SelectColumnIsNotNull(col 0) -> boolean) -> boolean
-                    predicate: ((l_linenumber = 1) and l_partkey is not null and l_orderkey is not null) (type: boolean)
+                    predicate: ((l_linenumber = 1) and l_orderkey is not null and l_partkey is not null) (type: boolean)
                     Statistics: Num rows: 50 Data size: 5999 Basic stats: COMPLETE Column stats: NONE
                     Select Operator
                       expressions: l_orderkey (type: int), l_partkey (type: int), l_suppkey (type: int)
diff --git a/ql/src/test/results/clientpositive/spark/vectorization_0.q.out b/ql/src/test/results/clientpositive/spark/vectorization_0.q.out
index 503efa2900..b1ca968ef1 100644
--- a/ql/src/test/results/clientpositive/spark/vectorization_0.q.out
+++ b/ql/src/test/results/clientpositive/spark/vectorization_0.q.out
@@ -1590,7 +1590,7 @@ STAGE PLANS:
                         className: VectorFilterOperator
                         native: true
                         predicateExpression: FilterExprOrExpr(children: FilterStringColLikeStringScalar(col 7, pattern %b%) -> boolean, FilterDecimalScalarNotEqualDecimalColumn(val 79.553, col 12)(children: CastLongToDecimal(col 2) -> 12:decimal(13,3)) -> boolean, FilterDoubleColLessDoubleColumn(col 13, col 5)(children: CastLongToDouble(col 3) -> 13:double) -> boolean, FilterExprAndExpr(children: FilterLongColGreaterEqualLongColumn(col 0, col 1)(children: col 0) -> boolean, FilterLongColEqualLongScalar(col 11, val 1) -> boolean, FilterLongScalarEqualLongColumn(val 3569, col 0)(children: col 0) -> boolean) -> boolean) -> boolean
-                    predicate: ((cstring2 like '%b%') or (79.553 <> CAST( cint AS decimal(13,3))) or (UDFToDouble(cbigint) < cdouble) or ((UDFToShort(ctinyint) >= csmallint) and (cboolean2 = 1) and (3569 = UDFToInteger(ctinyint)))) (type: boolean)
+                    predicate: (((UDFToShort(ctinyint) >= csmallint) and (cboolean2 = 1) and (3569 = UDFToInteger(ctinyint))) or (79.553 <> CAST( cint AS decimal(13,3))) or (UDFToDouble(cbigint) < cdouble) or (cstring2 like '%b%')) (type: boolean)
                     Statistics: Num rows: 12288 Data size: 2641964 Basic stats: COMPLETE Column stats: NONE
                     Select Operator
                       expressions: ctinyint (type: tinyint), cbigint (type: bigint), cfloat (type: float)
@@ -1780,7 +1780,7 @@ STAGE PLANS:
                   GatherStats: false
                   Filter Operator
                     isSamplingPred: false
-                    predicate: ((cstring1 like 'a%') or (cstring1 like 'b%') or (cstring1 like 'c%') or ((length(cstring1) < 50) and (cstring1 like '%n') and (length(cstring1) > 0))) (type: boolean)
+                    predicate: (((length(cstring1) < 50) and (cstring1 like '%n') and (length(cstring1) > 0)) or (cstring1 like 'a%') or (cstring1 like 'b%') or (cstring1 like 'c%')) (type: boolean)
                     Statistics: Num rows: 12288 Data size: 2641964 Basic stats: COMPLETE Column stats: NONE
                     Select Operator
                       Statistics: Num rows: 12288 Data size: 2641964 Basic stats: COMPLETE Column stats: NONE
@@ -30588,7 +30588,7 @@ STAGE PLANS:
                   GatherStats: false
                   Filter Operator
                     isSamplingPred: false
-                    predicate: (((cint = 49) and (cfloat = 3.5)) or ((cint = 47) and (cfloat = 2.09)) or ((cint = 45) and (cfloat = 3.02))) (type: boolean)
+                    predicate: (((cint = 45) and (cfloat = 3.02)) or ((cint = 47) and (cfloat = 2.09)) or ((cint = 49) and (cfloat = 3.5))) (type: boolean)
                     Statistics: Num rows: 9216 Data size: 1981473 Basic stats: COMPLETE Column stats: NONE
                     Select Operator
                       expressions: ctinyint (type: tinyint), csmallint (type: smallint), cint (type: int), cbigint (type: bigint), cfloat (type: float), cdouble (type: double), cstring1 (type: string), cstring2 (type: string), ctimestamp1 (type: timestamp), ctimestamp2 (type: timestamp), cboolean1 (type: boolean), cboolean2 (type: boolean)
@@ -30815,7 +30815,7 @@ STAGE PLANS:
                   GatherStats: false
                   Filter Operator
                     isSamplingPred: false
-                    predicate: (((cint = 49) or (cfloat = 3.5)) and ((cint = 47) or (cfloat = 2.09)) and ((cint = 45) or (cfloat = 3.02))) (type: boolean)
+                    predicate: (((cint = 45) or (cfloat = 3.02)) and ((cint = 47) or (cfloat = 2.09)) and ((cint = 49) or (cfloat = 3.5))) (type: boolean)
                     Statistics: Num rows: 12288 Data size: 2641964 Basic stats: COMPLETE Column stats: NONE
                     Select Operator
                       expressions: ctinyint (type: tinyint), csmallint (type: smallint), cint (type: int), cbigint (type: bigint), cfloat (type: float), cdouble (type: double), cstring1 (type: string), cstring2 (type: string), ctimestamp1 (type: timestamp), ctimestamp2 (type: timestamp), cboolean1 (type: boolean), cboolean2 (type: boolean)
diff --git a/ql/src/test/results/clientpositive/spark/vectorization_1.q.out b/ql/src/test/results/clientpositive/spark/vectorization_1.q.out
index ec8a43395c..4ad1613732 100644
--- a/ql/src/test/results/clientpositive/spark/vectorization_1.q.out
+++ b/ql/src/test/results/clientpositive/spark/vectorization_1.q.out
@@ -68,7 +68,7 @@ STAGE PLANS:
                         className: VectorFilterOperator
                         native: true
                         predicateExpression: FilterExprOrExpr(children: FilterExprAndExpr(children: FilterDoubleColGreaterDoubleColumn(col 5, col 12)(children: CastLongToDouble(col 0) -> 12:double) -> boolean, FilterLongColGreaterLongScalar(col 11, val 0) -> boolean) -> boolean, FilterLongColLessLongColumn(col 3, col 0)(children: col 0) -> boolean, FilterLongColGreaterLongColumn(col 2, col 3)(children: col 2) -> boolean, FilterLongColLessLongScalar(col 10, val 0) -> boolean) -> boolean
-                    predicate: (((cdouble > UDFToDouble(ctinyint)) and (cboolean2 > 0)) or (cbigint < UDFToLong(ctinyint)) or (UDFToLong(cint) > cbigint) or (cboolean1 < 0)) (type: boolean)
+                    predicate: (((cdouble > UDFToDouble(ctinyint)) and (cboolean2 > 0)) or (UDFToLong(cint) > cbigint) or (cbigint < UDFToLong(ctinyint)) or (cboolean1 < 0)) (type: boolean)
                     Statistics: Num rows: 12288 Data size: 2641964 Basic stats: COMPLETE Column stats: NONE
                     Select Operator
                       expressions: ctinyint (type: tinyint), cint (type: int), cfloat (type: float), cdouble (type: double)
diff --git a/ql/src/test/results/clientpositive/spark/vectorization_10.q.out b/ql/src/test/results/clientpositive/spark/vectorization_10.q.out
index ed0319da64..405326ba42 100644
--- a/ql/src/test/results/clientpositive/spark/vectorization_10.q.out
+++ b/ql/src/test/results/clientpositive/spark/vectorization_10.q.out
@@ -72,7 +72,7 @@ STAGE PLANS:
                         className: VectorFilterOperator
                         native: true
                         predicateExpression: FilterExprOrExpr(children: FilterStringGroupColLessEqualStringScalar(col 7, val 10) -> boolean, FilterExprAndExpr(children: FilterDoubleColGreaterDoubleColumn(col 12, col 5)(children: CastLongToDouble(col 0) -> 12:double) -> boolean, FilterDecimalScalarGreaterEqualDecimalColumn(val -5638.15, col 13)(children: CastLongToDecimal(col 0) -> 13:decimal(6,2)) -> boolean) -> boolean, FilterExprAndExpr(children: FilterDoubleColGreaterDoubleScalar(col 5, val 6981.0) -> boolean, FilterExprOrExpr(children: FilterDecimalColEqualDecimalScalar(col 14, val 9763215.5639)(children: CastLongToDecimal(col 1) -> 14:decimal(11,4)) -> boolean, FilterStringColLikeStringScalar(col 6, pattern %a) -> boolean) -> boolean) -> boolean) -> boolean
-                    predicate: ((cstring2 <= '10') or ((UDFToDouble(ctinyint) > cdouble) and (-5638.15 >= CAST( ctinyint AS decimal(6,2)))) or ((cdouble > 6981.0) and ((CAST( csmallint AS decimal(11,4)) = 9763215.5639) or (cstring1 like '%a')))) (type: boolean)
+                    predicate: (((UDFToDouble(ctinyint) > cdouble) and (-5638.15 >= CAST( ctinyint AS decimal(6,2)))) or ((cdouble > 6981.0) and ((CAST( csmallint AS decimal(11,4)) = 9763215.5639) or (cstring1 like '%a'))) or (cstring2 <= '10')) (type: boolean)
                     Statistics: Num rows: 9557 Data size: 2054789 Basic stats: COMPLETE Column stats: NONE
                     Select Operator
                       expressions: cdouble (type: double), ctimestamp1 (type: timestamp), ctinyint (type: tinyint), cboolean1 (type: boolean), cstring1 (type: string), (- cdouble) (type: double), (cdouble + UDFToDouble(csmallint)) (type: double), ((cdouble + UDFToDouble(csmallint)) % 33.0) (type: double), (- cdouble) (type: double), (UDFToDouble(ctinyint) % cdouble) (type: double), (UDFToShort(ctinyint) % csmallint) (type: smallint), (- cdouble) (type: double), (cbigint * UDFToLong((UDFToShort(ctinyint) % csmallint))) (type: bigint), (9763215.5639 - (cdouble + UDFToDouble(csmallint))) (type: double), (- (- cdouble)) (type: double)
diff --git a/ql/src/test/results/clientpositive/spark/vectorization_12.q.out b/ql/src/test/results/clientpositive/spark/vectorization_12.q.out
index 813bf7d883..29bf52e47a 100644
--- a/ql/src/test/results/clientpositive/spark/vectorization_12.q.out
+++ b/ql/src/test/results/clientpositive/spark/vectorization_12.q.out
@@ -91,7 +91,7 @@ STAGE PLANS:
                         className: VectorFilterOperator
                         native: true
                         predicateExpression: FilterExprAndExpr(children: SelectColumnIsNull(col 8) -> boolean, FilterExprOrExpr(children: FilterLongColGreaterEqualLongColumn(col 10, col 11) -> boolean, FilterLongColNotEqualLongColumn(col 0, col 1)(children: col 0) -> boolean) -> boolean, FilterExprOrExpr(children: FilterStringColLikeStringScalar(col 6, pattern %a) -> boolean, FilterExprAndExpr(children: FilterLongColLessEqualLongScalar(col 11, val 1) -> boolean, FilterLongColGreaterEqualLongColumn(col 3, col 1)(children: col 1) -> boolean) -> boolean) -> boolean) -> boolean
-                    predicate: (ctimestamp1 is null and ((cboolean1 >= cboolean2) or (UDFToShort(ctinyint) <> csmallint)) and ((cstring1 like '%a') or ((cboolean2 <= 1) and (cbigint >= UDFToLong(csmallint))))) (type: boolean)
+                    predicate: (((cboolean1 >= cboolean2) or (UDFToShort(ctinyint) <> csmallint)) and ((cstring1 like '%a') or ((cboolean2 <= 1) and (cbigint >= UDFToLong(csmallint)))) and ctimestamp1 is null) (type: boolean)
                     Statistics: Num rows: 3754 Data size: 807123 Basic stats: COMPLETE Column stats: NONE
                     Select Operator
                       expressions: cbigint (type: bigint), cdouble (type: double), cstring1 (type: string), cboolean1 (type: boolean)
diff --git a/ql/src/test/results/clientpositive/spark/vectorization_13.q.out b/ql/src/test/results/clientpositive/spark/vectorization_13.q.out
index ce160a6971..8df360a186 100644
--- a/ql/src/test/results/clientpositive/spark/vectorization_13.q.out
+++ b/ql/src/test/results/clientpositive/spark/vectorization_13.q.out
@@ -93,7 +93,7 @@ STAGE PLANS:
                         className: VectorFilterOperator
                         native: true
                         predicateExpression: FilterExprOrExpr(children: FilterExprAndExpr(children: FilterDoubleColLessDoubleScalar(col 4, val 3569.0) -> boolean, FilterDoubleScalarGreaterEqualDoubleColumn(val 10.175, col 5) -> boolean, FilterLongColNotEqualLongScalar(col 10, val 1) -> boolean) -> boolean, FilterExprAndExpr(children: FilterDoubleColGreaterDoubleScalar(col 12, val 11.0)(children: CastTimestampToDouble(col 8) -> 12:double) -> boolean, FilterDoubleColNotEqualDoubleScalar(col 12, val 12.0)(children: CastTimestampToDouble(col 9) -> 12:double) -> boolean, FilterDecimalColLessDecimalScalar(col 13, val 9763215.5639)(children: CastLongToDecimal(col 0) -> 13:decimal(11,4)) -> boolean) -> boolean) -> boolean
-                    predicate: (((cfloat < 3569) and (10.175 >= cdouble) and (cboolean1 <> 1)) or ((UDFToDouble(ctimestamp1) > 11.0) and (UDFToDouble(ctimestamp2) <> 12.0) and (CAST( ctinyint AS decimal(11,4)) < 9763215.5639))) (type: boolean)
+                    predicate: (((UDFToDouble(ctimestamp1) > 11.0) and (UDFToDouble(ctimestamp2) <> 12.0) and (CAST( ctinyint AS decimal(11,4)) < 9763215.5639)) or ((cfloat < 3569) and (10.175 >= cdouble) and (cboolean1 <> 1))) (type: boolean)
                     Statistics: Num rows: 2730 Data size: 586959 Basic stats: COMPLETE Column stats: NONE
                     Select Operator
                       expressions: ctinyint (type: tinyint), cfloat (type: float), cstring1 (type: string), ctimestamp1 (type: timestamp), cboolean1 (type: boolean)
@@ -446,7 +446,7 @@ STAGE PLANS:
                         className: VectorFilterOperator
                         native: true
                         predicateExpression: FilterExprOrExpr(children: FilterExprAndExpr(children: FilterDoubleColLessDoubleScalar(col 4, val 3569.0) -> boolean, FilterDoubleScalarGreaterEqualDoubleColumn(val 10.175, col 5) -> boolean, FilterLongColNotEqualLongScalar(col 10, val 1) -> boolean) -> boolean, FilterExprAndExpr(children: FilterDoubleColGreaterDoubleScalar(col 12, val -1.388)(children: CastTimestampToDouble(col 8) -> 12:double) -> boolean, FilterDoubleColNotEqualDoubleScalar(col 12, val -1.3359999999999999)(children: CastTimestampToDouble(col 9) -> 12:double) -> boolean, FilterDecimalColLessDecimalScalar(col 13, val 9763215.5639)(children: CastLongToDecimal(col 0) -> 13:decimal(11,4)) -> boolean) -> boolean) -> boolean
-                    predicate: (((cfloat < 3569) and (10.175 >= cdouble) and (cboolean1 <> 1)) or ((UDFToDouble(ctimestamp1) > -1.388) and (UDFToDouble(ctimestamp2) <> -1.3359999999999999) and (CAST( ctinyint AS decimal(11,4)) < 9763215.5639))) (type: boolean)
+                    predicate: (((UDFToDouble(ctimestamp1) > -1.388) and (UDFToDouble(ctimestamp2) <> -1.3359999999999999) and (CAST( ctinyint AS decimal(11,4)) < 9763215.5639)) or ((cfloat < 3569) and (10.175 >= cdouble) and (cboolean1 <> 1))) (type: boolean)
                     Statistics: Num rows: 2730 Data size: 586959 Basic stats: COMPLETE Column stats: NONE
                     Select Operator
                       expressions: ctinyint (type: tinyint), cfloat (type: float), cstring1 (type: string), ctimestamp1 (type: timestamp), cboolean1 (type: boolean)
diff --git a/ql/src/test/results/clientpositive/spark/vectorization_14.q.out b/ql/src/test/results/clientpositive/spark/vectorization_14.q.out
index 0d443913a9..3580e2c8c7 100644
--- a/ql/src/test/results/clientpositive/spark/vectorization_14.q.out
+++ b/ql/src/test/results/clientpositive/spark/vectorization_14.q.out
@@ -93,7 +93,7 @@ STAGE PLANS:
                         className: VectorFilterOperator
                         native: true
                         predicateExpression: FilterExprAndExpr(children: FilterLongColLessEqualLongColumn(col 0, col 3)(children: col 0) -> boolean, FilterExprOrExpr(children: FilterDoubleColLessEqualDoubleColumn(col 12, col 5)(children: CastLongToDouble(col 2) -> 12:double) -> boolean, FilterTimestampColLessTimestampColumn(col 9, col 8) -> boolean) -> boolean, FilterDoubleColLessDoubleColumn(col 5, col 12)(children: CastLongToDouble(col 0) -> 12:double) -> boolean, FilterExprOrExpr(children: FilterLongColGreaterLongScalar(col 3, val -257) -> boolean, FilterDoubleColLessDoubleColumn(col 4, col 12)(children: CastLongToFloatViaLongToDouble(col 2) -> 12:double) -> boolean) -> boolean) -> boolean
-                    predicate: ((UDFToLong(ctinyint) <= cbigint) and ((UDFToDouble(cint) <= cdouble) or (ctimestamp2 < ctimestamp1)) and (cdouble < UDFToDouble(ctinyint)) and ((cbigint > -257) or (cfloat < UDFToFloat(cint)))) (type: boolean)
+                    predicate: (((UDFToDouble(cint) <= cdouble) or (ctimestamp2 < ctimestamp1)) and ((cbigint > -257) or (cfloat < UDFToFloat(cint))) and (UDFToLong(ctinyint) <= cbigint) and (cdouble < UDFToDouble(ctinyint))) (type: boolean)
                     Statistics: Num rows: 606 Data size: 130292 Basic stats: COMPLETE Column stats: NONE
                     Select Operator
                       expressions: ctimestamp1 (type: timestamp), cfloat (type: float), cstring1 (type: string), cboolean1 (type: boolean), cdouble (type: double), (- (-26.28 + cdouble)) (type: double)
diff --git a/ql/src/test/results/clientpositive/spark/vectorization_15.q.out b/ql/src/test/results/clientpositive/spark/vectorization_15.q.out
index 1b589f776f..60db359c81 100644
--- a/ql/src/test/results/clientpositive/spark/vectorization_15.q.out
+++ b/ql/src/test/results/clientpositive/spark/vectorization_15.q.out
@@ -89,7 +89,7 @@ STAGE PLANS:
                         className: VectorFilterOperator
                         native: true
                         predicateExpression: FilterExprOrExpr(children: FilterStringColLikeStringScalar(col 7, pattern %ss%) -> boolean, FilterStringColLikeStringScalar(col 6, pattern 10%) -> boolean, FilterExprAndExpr(children: FilterLongColGreaterEqualLongScalar(col 2, val -75) -> boolean, FilterLongColEqualLongColumn(col 0, col 1)(children: col 0) -> boolean, FilterDoubleColGreaterEqualDoubleScalar(col 5, val -3728.0) -> boolean) -> boolean) -> boolean
-                    predicate: ((cstring2 like '%ss%') or (cstring1 like '10%') or ((cint >= -75) and (UDFToShort(ctinyint) = csmallint) and (cdouble >= -3728.0))) (type: boolean)
+                    predicate: (((cint >= -75) and (UDFToShort(ctinyint) = csmallint) and (cdouble >= -3728.0)) or (cstring1 like '10%') or (cstring2 like '%ss%')) (type: boolean)
                     Statistics: Num rows: 12288 Data size: 2641964 Basic stats: COMPLETE Column stats: NONE
                     Select Operator
                       expressions: ctinyint (type: tinyint), cint (type: int), cfloat (type: float), cdouble (type: double), cstring1 (type: string), ctimestamp1 (type: timestamp), cboolean1 (type: boolean)
diff --git a/ql/src/test/results/clientpositive/spark/vectorization_16.q.out b/ql/src/test/results/clientpositive/spark/vectorization_16.q.out
index 84fc4b03f6..ebb180520f 100644
--- a/ql/src/test/results/clientpositive/spark/vectorization_16.q.out
+++ b/ql/src/test/results/clientpositive/spark/vectorization_16.q.out
@@ -66,7 +66,7 @@ STAGE PLANS:
                         className: VectorFilterOperator
                         native: true
                         predicateExpression: FilterExprAndExpr(children: FilterStringColLikeStringScalar(col 7, pattern %b%) -> boolean, FilterExprOrExpr(children: FilterDoubleColGreaterEqualDoubleScalar(col 5, val -1.389) -> boolean, FilterStringGroupColLessStringScalar(col 6, val a) -> boolean) -> boolean) -> boolean
-                    predicate: ((cstring2 like '%b%') and ((cdouble >= -1.389) or (cstring1 < 'a'))) (type: boolean)
+                    predicate: (((cdouble >= -1.389) or (cstring1 < 'a')) and (cstring2 like '%b%')) (type: boolean)
                     Statistics: Num rows: 4096 Data size: 880654 Basic stats: COMPLETE Column stats: NONE
                     Select Operator
                       expressions: cdouble (type: double), cstring1 (type: string), ctimestamp1 (type: timestamp)
diff --git a/ql/src/test/results/clientpositive/spark/vectorization_17.q.out b/ql/src/test/results/clientpositive/spark/vectorization_17.q.out
index e85c2ba3db..2b082b1580 100644
--- a/ql/src/test/results/clientpositive/spark/vectorization_17.q.out
+++ b/ql/src/test/results/clientpositive/spark/vectorization_17.q.out
@@ -74,7 +74,7 @@ STAGE PLANS:
                         className: VectorFilterOperator
                         native: true
                         predicateExpression: FilterExprAndExpr(children: FilterLongColGreaterLongScalar(col 3, val -23) -> boolean, FilterExprOrExpr(children: FilterDoubleColNotEqualDoubleScalar(col 5, val 988888.0) -> boolean, FilterDecimalColGreaterDecimalScalar(col 12, val -863.257)(children: CastLongToDecimal(col 2) -> 12:decimal(13,3)) -> boolean) -> boolean, FilterExprOrExpr(children: FilterLongColGreaterEqualLongScalar(col 0, val 33) -> boolean, FilterLongColGreaterEqualLongColumn(col 1, col 3)(children: col 1) -> boolean, FilterDoubleColEqualDoubleColumn(col 4, col 5)(children: col 4) -> boolean) -> boolean) -> boolean
-                    predicate: ((cbigint > -23) and ((cdouble <> 988888.0) or (CAST( cint AS decimal(13,3)) > -863.257)) and ((ctinyint >= 33) or (UDFToLong(csmallint) >= cbigint) or (UDFToDouble(cfloat) = cdouble))) (type: boolean)
+                    predicate: (((cdouble <> 988888.0) or (CAST( cint AS decimal(13,3)) > -863.257)) and ((ctinyint >= 33) or (UDFToLong(csmallint) >= cbigint) or (UDFToDouble(cfloat) = cdouble)) and (cbigint > -23)) (type: boolean)
                     Statistics: Num rows: 4096 Data size: 880654 Basic stats: COMPLETE Column stats: NONE
                     Select Operator
                       expressions: cfloat (type: float), cstring1 (type: string), cint (type: int), ctimestamp1 (type: timestamp), cdouble (type: double), cbigint (type: bigint), (UDFToDouble(cfloat) / UDFToDouble(ctinyint)) (type: double), (UDFToLong(cint) % cbigint) (type: bigint), (- cdouble) (type: double), (cdouble + (UDFToDouble(cfloat) / UDFToDouble(ctinyint))) (type: double), (cdouble / UDFToDouble(cint)) (type: double), (- (- cdouble)) (type: double), (9763215.5639 % CAST( cbigint AS decimal(19,0))) (type: decimal(11,4)), (2563.58 + (- (- cdouble))) (type: double)
diff --git a/ql/src/test/results/clientpositive/spark/vectorization_2.q.out b/ql/src/test/results/clientpositive/spark/vectorization_2.q.out
index 65ea41e2ba..b4234aebae 100644
--- a/ql/src/test/results/clientpositive/spark/vectorization_2.q.out
+++ b/ql/src/test/results/clientpositive/spark/vectorization_2.q.out
@@ -72,7 +72,7 @@ STAGE PLANS:
                         className: VectorFilterOperator
                         native: true
                         predicateExpression: FilterExprOrExpr(children: FilterExprAndExpr(children: FilterTimestampColLessTimestampColumn(col 8, col 9) -> boolean, FilterStringColLikeStringScalar(col 7, pattern b%) -> boolean, FilterDoubleColLessEqualDoubleScalar(col 4, val -5638.14990234375) -> boolean) -> boolean, FilterExprAndExpr(children: FilterDoubleColLessDoubleColumn(col 5, col 12)(children: CastLongToDouble(col 0) -> 12:double) -> boolean, FilterExprOrExpr(children: FilterDoubleScalarNotEqualDoubleColumn(val -10669.0, col 12)(children: CastTimestampToDouble(col 9) -> 12:double) -> boolean, FilterLongScalarGreaterLongColumn(val 359, col 2) -> boolean) -> boolean) -> boolean) -> boolean
-                    predicate: (((ctimestamp1 < ctimestamp2) and (cstring2 like 'b%') and (cfloat <= -5638.15)) or ((cdouble < UDFToDouble(ctinyint)) and ((-10669.0 <> UDFToDouble(ctimestamp2)) or (359 > cint)))) (type: boolean)
+                    predicate: (((cdouble < UDFToDouble(ctinyint)) and ((-10669.0 <> UDFToDouble(ctimestamp2)) or (359 > cint))) or ((ctimestamp1 < ctimestamp2) and (cstring2 like 'b%') and (cfloat <= -5638.15))) (type: boolean)
                     Statistics: Num rows: 4778 Data size: 1027287 Basic stats: COMPLETE Column stats: NONE
                     Select Operator
                       expressions: ctinyint (type: tinyint), csmallint (type: smallint), cbigint (type: bigint), cfloat (type: float), cdouble (type: double)
diff --git a/ql/src/test/results/clientpositive/spark/vectorization_3.q.out b/ql/src/test/results/clientpositive/spark/vectorization_3.q.out
index ccf302e18e..99fba4c1ac 100644
--- a/ql/src/test/results/clientpositive/spark/vectorization_3.q.out
+++ b/ql/src/test/results/clientpositive/spark/vectorization_3.q.out
@@ -77,7 +77,7 @@ STAGE PLANS:
                         className: VectorFilterOperator
                         native: true
                         predicateExpression: FilterExprOrExpr(children: FilterExprAndExpr(children: FilterDoubleColLessEqualDoubleColumn(col 12, col 4)(children: CastLongToFloatViaLongToDouble(col 2) -> 12:double) -> boolean, FilterDecimalScalarNotEqualDecimalColumn(val 79.553, col 13)(children: CastLongToDecimal(col 3) -> 13:decimal(22,3)) -> boolean, FilterDoubleColEqualDoubleScalar(col 12, val -29071.0)(children: CastTimestampToDouble(col 9) -> 12:double) -> boolean) -> boolean, FilterExprAndExpr(children: FilterDoubleColGreaterDoubleColumn(col 12, col 5)(children: CastLongToDouble(col 3) -> 12:double) -> boolean, FilterDecimalScalarLessEqualDecimalColumn(val 79.553, col 14)(children: CastLongToDecimal(col 1) -> 14:decimal(8,3)) -> boolean, FilterTimestampColGreaterTimestampColumn(col 8, col 9) -> boolean) -> boolean) -> boolean
-                    predicate: (((UDFToFloat(cint) <= cfloat) and (79.553 <> CAST( cbigint AS decimal(22,3))) and (UDFToDouble(ctimestamp2) = -29071.0)) or ((UDFToDouble(cbigint) > cdouble) and (79.553 <= CAST( csmallint AS decimal(8,3))) and (ctimestamp1 > ctimestamp2))) (type: boolean)
+                    predicate: (((UDFToDouble(cbigint) > cdouble) and (79.553 <= CAST( csmallint AS decimal(8,3))) and (ctimestamp1 > ctimestamp2)) or ((UDFToFloat(cint) <= cfloat) and (79.553 <> CAST( cbigint AS decimal(22,3))) and (UDFToDouble(ctimestamp2) = -29071.0))) (type: boolean)
                     Statistics: Num rows: 2503 Data size: 538153 Basic stats: COMPLETE Column stats: NONE
                     Select Operator
                       expressions: ctinyint (type: tinyint), csmallint (type: smallint), cint (type: int), cfloat (type: float)
diff --git a/ql/src/test/results/clientpositive/spark/vectorization_4.q.out b/ql/src/test/results/clientpositive/spark/vectorization_4.q.out
index 8be788ffe2..e5c6462660 100644
--- a/ql/src/test/results/clientpositive/spark/vectorization_4.q.out
+++ b/ql/src/test/results/clientpositive/spark/vectorization_4.q.out
@@ -72,7 +72,7 @@ STAGE PLANS:
                         className: VectorFilterOperator
                         native: true
                         predicateExpression: FilterExprOrExpr(children: FilterLongColGreaterEqualLongColumn(col 1, col 2)(children: col 1) -> boolean, FilterExprAndExpr(children: FilterLongScalarGreaterEqualLongColumn(val -89010, col 0)(children: col 0) -> boolean, FilterDoubleColGreaterDoubleScalar(col 5, val 79.553) -> boolean) -> boolean, FilterExprAndExpr(children: FilterLongScalarNotEqualLongColumn(val -563, col 3) -> boolean, FilterExprOrExpr(children: FilterLongColNotEqualLongColumn(col 0, col 3)(children: col 0) -> boolean, FilterDoubleScalarGreaterEqualDoubleColumn(val -3728.0, col 5) -> boolean) -> boolean) -> boolean) -> boolean
-                    predicate: ((UDFToInteger(csmallint) >= cint) or ((-89010 >= UDFToInteger(ctinyint)) and (cdouble > 79.553)) or ((-563 <> cbigint) and ((UDFToLong(ctinyint) <> cbigint) or (-3728.0 >= cdouble)))) (type: boolean)
+                    predicate: (((-563 <> cbigint) and ((UDFToLong(ctinyint) <> cbigint) or (-3728.0 >= cdouble))) or ((-89010 >= UDFToInteger(ctinyint)) and (cdouble > 79.553)) or (UDFToInteger(csmallint) >= cint)) (type: boolean)
                     Statistics: Num rows: 12288 Data size: 2641964 Basic stats: COMPLETE Column stats: NONE
                     Select Operator
                       expressions: ctinyint (type: tinyint), cint (type: int), cdouble (type: double)
diff --git a/ql/src/test/results/clientpositive/spark/vectorization_5.q.out b/ql/src/test/results/clientpositive/spark/vectorization_5.q.out
index fbe77157c8..6c8b3534d7 100644
--- a/ql/src/test/results/clientpositive/spark/vectorization_5.q.out
+++ b/ql/src/test/results/clientpositive/spark/vectorization_5.q.out
@@ -66,7 +66,7 @@ STAGE PLANS:
                         className: VectorFilterOperator
                         native: true
                         predicateExpression: FilterExprOrExpr(children: FilterExprAndExpr(children: SelectColumnIsNotNull(col 11) -> boolean, FilterStringColLikeStringScalar(col 6, pattern %b%) -> boolean) -> boolean, FilterExprAndExpr(children: FilterDoubleColEqualDoubleColumn(col 12, col 5)(children: CastLongToDouble(col 0) -> 12:double) -> boolean, SelectColumnIsNotNull(col 9) -> boolean, FilterStringColLikeStringScalar(col 7, pattern a) -> boolean) -> boolean) -> boolean
-                    predicate: ((cboolean2 is not null and (cstring1 like '%b%')) or ((UDFToDouble(ctinyint) = cdouble) and ctimestamp2 is not null and (cstring2 like 'a'))) (type: boolean)
+                    predicate: (((UDFToDouble(ctinyint) = cdouble) and ctimestamp2 is not null and (cstring2 like 'a')) or (cboolean2 is not null and (cstring1 like '%b%'))) (type: boolean)
                     Statistics: Num rows: 9216 Data size: 1981473 Basic stats: COMPLETE Column stats: NONE
                     Select Operator
                       expressions: ctinyint (type: tinyint), csmallint (type: smallint), cint (type: int)
diff --git a/ql/src/test/results/clientpositive/spark/vectorization_6.q.out b/ql/src/test/results/clientpositive/spark/vectorization_6.q.out
index fa7f046ef1..37c1b4c925 100644
--- a/ql/src/test/results/clientpositive/spark/vectorization_6.q.out
+++ b/ql/src/test/results/clientpositive/spark/vectorization_6.q.out
@@ -66,7 +66,7 @@ STAGE PLANS:
                         className: VectorFilterOperator
                         native: true
                         predicateExpression: FilterExprAndExpr(children: FilterLongColNotEqualLongScalar(col 0, val 0) -> boolean, FilterExprOrExpr(children: FilterExprAndExpr(children: FilterLongColLessEqualLongScalar(col 10, val 0) -> boolean, FilterLongColGreaterEqualLongColumn(col 11, col 10) -> boolean) -> boolean, FilterExprAndExpr(children: SelectColumnIsNotNull(col 3) -> boolean, FilterExprOrExpr(children: FilterStringColLikeStringScalar(col 7, pattern %a) -> boolean, FilterDoubleColLessEqualDoubleScalar(col 4, val -257.0) -> boolean) -> boolean) -> boolean) -> boolean) -> boolean
-                    predicate: ((ctinyint <> 0) and (((cboolean1 <= 0) and (cboolean2 >= cboolean1)) or (cbigint is not null and ((cstring2 like '%a') or (cfloat <= -257))))) (type: boolean)
+                    predicate: ((((cboolean1 <= 0) and (cboolean2 >= cboolean1)) or (cbigint is not null and ((cstring2 like '%a') or (cfloat <= -257)))) and (ctinyint <> 0)) (type: boolean)
                     Statistics: Num rows: 11605 Data size: 2495116 Basic stats: COMPLETE Column stats: NONE
                     Select Operator
                       expressions: cboolean1 (type: boolean), cfloat (type: float), cstring1 (type: string), (988888 * UDFToInteger(csmallint)) (type: int), (- csmallint) (type: smallint), (- cfloat) (type: float), (-26.28 / UDFToDouble(cfloat)) (type: double), (cfloat * 359.0) (type: float), (cint % UDFToInteger(ctinyint)) (type: int), (- cdouble) (type: double), (UDFToInteger(ctinyint) - -75) (type: int), (762 * (cint % UDFToInteger(ctinyint))) (type: int)
diff --git a/ql/src/test/results/clientpositive/spark/vectorization_9.q.out b/ql/src/test/results/clientpositive/spark/vectorization_9.q.out
index 84fc4b03f6..ebb180520f 100644
--- a/ql/src/test/results/clientpositive/spark/vectorization_9.q.out
+++ b/ql/src/test/results/clientpositive/spark/vectorization_9.q.out
@@ -66,7 +66,7 @@ STAGE PLANS:
                         className: VectorFilterOperator
                         native: true
                         predicateExpression: FilterExprAndExpr(children: FilterStringColLikeStringScalar(col 7, pattern %b%) -> boolean, FilterExprOrExpr(children: FilterDoubleColGreaterEqualDoubleScalar(col 5, val -1.389) -> boolean, FilterStringGroupColLessStringScalar(col 6, val a) -> boolean) -> boolean) -> boolean
-                    predicate: ((cstring2 like '%b%') and ((cdouble >= -1.389) or (cstring1 < 'a'))) (type: boolean)
+                    predicate: (((cdouble >= -1.389) or (cstring1 < 'a')) and (cstring2 like '%b%')) (type: boolean)
                     Statistics: Num rows: 4096 Data size: 880654 Basic stats: COMPLETE Column stats: NONE
                     Select Operator
                       expressions: cdouble (type: double), cstring1 (type: string), ctimestamp1 (type: timestamp)
diff --git a/ql/src/test/results/clientpositive/spark/vectorization_decimal_date.q.out b/ql/src/test/results/clientpositive/spark/vectorization_decimal_date.q.out
index b609ab0e8e..b666ddbf80 100644
--- a/ql/src/test/results/clientpositive/spark/vectorization_decimal_date.q.out
+++ b/ql/src/test/results/clientpositive/spark/vectorization_decimal_date.q.out
@@ -42,7 +42,7 @@ STAGE PLANS:
                         className: VectorFilterOperator
                         native: true
                         predicateExpression: FilterExprAndExpr(children: SelectColumnIsNotNull(col 0) -> boolean, SelectColumnIsNotNull(col 1) -> boolean) -> boolean
-                    predicate: (cint is not null and cdouble is not null) (type: boolean)
+                    predicate: (cdouble is not null and cint is not null) (type: boolean)
                     Statistics: Num rows: 12288 Data size: 1651260 Basic stats: COMPLETE Column stats: NONE
                     Select Operator
                       expressions: cdate (type: date), cdecimal (type: decimal(20,10))
diff --git a/ql/src/test/results/clientpositive/spark/vectorization_div0.q.out b/ql/src/test/results/clientpositive/spark/vectorization_div0.q.out
index 5645e17540..64dc54c5d0 100644
--- a/ql/src/test/results/clientpositive/spark/vectorization_div0.q.out
+++ b/ql/src/test/results/clientpositive/spark/vectorization_div0.q.out
@@ -210,7 +210,7 @@ STAGE PLANS:
                         className: VectorFilterOperator
                         native: true
                         predicateExpression: FilterExprAndExpr(children: FilterLongColGreaterLongScalar(col 3, val 0) -> boolean, FilterLongColLessLongScalar(col 3, val 100000000) -> boolean) -> boolean
-                    predicate: ((cbigint > 0) and (cbigint < 100000000)) (type: boolean)
+                    predicate: ((cbigint < 100000000) and (cbigint > 0)) (type: boolean)
                     Statistics: Num rows: 1365 Data size: 293479 Basic stats: COMPLETE Column stats: NONE
                     Select Operator
                       expressions: (cbigint - 988888) (type: bigint), (cdouble / UDFToDouble((cbigint - 988888))) (type: double), (1.2 / CAST( (cbigint - 988888) AS decimal(19,0))) (type: decimal(22,21))
@@ -427,7 +427,7 @@ STAGE PLANS:
                         className: VectorFilterOperator
                         native: true
                         predicateExpression: FilterExprAndExpr(children: FilterDoubleColGreaterEqualDoubleScalar(col 5, val -500.0) -> boolean, FilterDoubleColLessDoubleScalar(col 5, val -199.0) -> boolean) -> boolean
-                    predicate: ((cdouble >= -500.0) and (cdouble < -199.0)) (type: boolean)
+                    predicate: ((cdouble < -199.0) and (cdouble >= -500.0)) (type: boolean)
                     Statistics: Num rows: 1365 Data size: 293479 Basic stats: COMPLETE Column stats: NONE
                     Select Operator
                       expressions: (cdouble + 200.0) (type: double), (UDFToDouble(cbigint) / (cdouble + 200.0)) (type: double), ((cdouble + 200.0) / (cdouble + 200.0)) (type: double), (3.0 / (cdouble + 200.0)) (type: double), (1.2 / (cdouble + 200.0)) (type: double)
diff --git a/ql/src/test/results/clientpositive/spark/vectorization_short_regress.q.out b/ql/src/test/results/clientpositive/spark/vectorization_short_regress.q.out
index 18a54ff860..c547dca598 100644
--- a/ql/src/test/results/clientpositive/spark/vectorization_short_regress.q.out
+++ b/ql/src/test/results/clientpositive/spark/vectorization_short_regress.q.out
@@ -100,7 +100,7 @@ STAGE PLANS:
                         className: VectorFilterOperator
                         native: true
                         predicateExpression: FilterExprOrExpr(children: FilterLongScalarEqualLongColumn(val 762, col 3) -> boolean, FilterExprAndExpr(children: FilterDoubleColLessDoubleColumn(col 12, col 4)(children: CastLongToFloatViaLongToDouble(col 1) -> 12:double) -> boolean, FilterDoubleColGreaterDoubleScalar(col 12, val -5.0)(children: CastTimestampToDouble(col 9) -> 12:double) -> boolean, FilterDoubleColNotEqualDoubleColumn(col 5, col 12)(children: CastLongToDouble(col 2) -> 12:double) -> boolean) -> boolean, FilterStringGroupColEqualStringScalar(col 6, val a) -> boolean, FilterExprAndExpr(children: FilterDecimalColLessEqualDecimalScalar(col 13, val -1.389)(children: CastLongToDecimal(col 3) -> 13:decimal(22,3)) -> boolean, FilterStringGroupColNotEqualStringScalar(col 7, val a) -> boolean, FilterDecimalScalarNotEqualDecimalColumn(val 79.553, col 14)(children: CastLongToDecimal(col 2) -> 14:decimal(13,3)) -> boolean, FilterLongColNotEqualLongColumn(col 11, col 10) -> boolean) -> boolean) -> boolean
-                    predicate: ((762 = cbigint) or ((UDFToFloat(csmallint) < cfloat) and (UDFToDouble(ctimestamp2) > -5.0) and (cdouble <> UDFToDouble(cint))) or (cstring1 = 'a') or ((CAST( cbigint AS decimal(22,3)) <= -1.389) and (cstring2 <> 'a') and (79.553 <> CAST( cint AS decimal(13,3))) and (cboolean2 <> cboolean1))) (type: boolean)
+                    predicate: (((CAST( cbigint AS decimal(22,3)) <= -1.389) and (cstring2 <> 'a') and (79.553 <> CAST( cint AS decimal(13,3))) and (cboolean2 <> cboolean1)) or ((UDFToFloat(csmallint) < cfloat) and (UDFToDouble(ctimestamp2) > -5.0) and (cdouble <> UDFToDouble(cint))) or (762 = cbigint) or (cstring1 = 'a')) (type: boolean)
                     Statistics: Num rows: 12288 Data size: 2641964 Basic stats: COMPLETE Column stats: NONE
                     Select Operator
                       expressions: ctinyint (type: tinyint), csmallint (type: smallint), cint (type: int), cfloat (type: float), cdouble (type: double)
@@ -362,7 +362,7 @@ STAGE PLANS:
                         className: VectorFilterOperator
                         native: true
                         predicateExpression: FilterExprOrExpr(children: FilterExprAndExpr(children: FilterLongColLessEqualLongScalar(col 3, val 197) -> boolean, FilterLongColLessLongColumn(col 2, col 3)(children: col 2) -> boolean) -> boolean, FilterExprAndExpr(children: FilterDoubleColGreaterEqualDoubleScalar(col 5, val -26.28) -> boolean, FilterDoubleColGreaterDoubleColumn(col 12, col 5)(children: CastLongToDouble(col 1) -> 12:double) -> boolean) -> boolean, FilterExprAndExpr(children: FilterDoubleColGreaterDoubleColumn(col 12, col 4)(children: CastLongToFloatViaLongToDouble(col 0) -> 12:double) -> boolean, FilterStringColRegExpStringScalar(col 6, pattern .*ss.*) -> boolean) -> boolean, FilterExprAndExpr(children: FilterDoubleColGreaterDoubleScalar(col 4, val 79.5530014038086) -> boolean, FilterStringColLikeStringScalar(col 7, pattern 10%) -> boolean) -> boolean) -> boolean
-                    predicate: (((cbigint <= 197) and (UDFToLong(cint) < cbigint)) or ((cdouble >= -26.28) and (UDFToDouble(csmallint) > cdouble)) or ((UDFToFloat(ctinyint) > cfloat) and cstring1 regexp '.*ss.*') or ((cfloat > 79.553) and (cstring2 like '10%'))) (type: boolean)
+                    predicate: (((UDFToFloat(ctinyint) > cfloat) and cstring1 regexp '.*ss.*') or ((cbigint <= 197) and (UDFToLong(cint) < cbigint)) or ((cdouble >= -26.28) and (UDFToDouble(csmallint) > cdouble)) or ((cfloat > 79.553) and (cstring2 like '10%'))) (type: boolean)
                     Statistics: Num rows: 6826 Data size: 1467614 Basic stats: COMPLETE Column stats: NONE
                     Select Operator
                       expressions: ctinyint (type: tinyint), csmallint (type: smallint), cint (type: int), cbigint (type: bigint), cdouble (type: double)
@@ -616,7 +616,7 @@ STAGE PLANS:
                         className: VectorFilterOperator
                         native: true
                         predicateExpression: FilterExprOrExpr(children: FilterTimestampColEqualTimestampColumn(col 8, col 9) -> boolean, FilterDoubleScalarEqualDoubleColumn(val 762.0, col 4) -> boolean, FilterStringGroupColEqualStringScalar(col 6, val ss) -> boolean, FilterExprAndExpr(children: FilterLongColLessEqualLongColumn(col 1, col 3)(children: col 1) -> boolean, FilterLongScalarEqualLongColumn(val 1, col 11) -> boolean) -> boolean, FilterExprAndExpr(children: SelectColumnIsNotNull(col 10) -> boolean, SelectColumnIsNotNull(col 9) -> boolean, FilterStringGroupColGreaterStringScalar(col 7, val a) -> boolean) -> boolean) -> boolean
-                    predicate: ((ctimestamp1 = ctimestamp2) or (762 = cfloat) or (cstring1 = 'ss') or ((UDFToLong(csmallint) <= cbigint) and (1 = cboolean2)) or (cboolean1 is not null and ctimestamp2 is not null and (cstring2 > 'a'))) (type: boolean)
+                    predicate: (((UDFToLong(csmallint) <= cbigint) and (1 = cboolean2)) or (762 = cfloat) or (cboolean1 is not null and ctimestamp2 is not null and (cstring2 > 'a')) or (cstring1 = 'ss') or (ctimestamp1 = ctimestamp2)) (type: boolean)
                     Statistics: Num rows: 12288 Data size: 2641964 Basic stats: COMPLETE Column stats: NONE
                     Select Operator
                       expressions: ctinyint (type: tinyint), csmallint (type: smallint), cint (type: int), cbigint (type: bigint), cdouble (type: double)
@@ -849,7 +849,7 @@ STAGE PLANS:
                         className: VectorFilterOperator
                         native: true
                         predicateExpression: FilterExprOrExpr(children: FilterExprAndExpr(children: FilterTimestampColLessEqualTimestampColumn(col 9, col 8) -> boolean, FilterDoubleColNotEqualDoubleColumn(col 12, col 5)(children: CastLongToDouble(col 3) -> 12:double) -> boolean, FilterStringScalarLessEqualStringGroupColumn(val ss, col 6) -> boolean) -> boolean, FilterExprAndExpr(children: FilterLongColLessLongColumn(col 1, col 0)(children: col 0) -> boolean, FilterDoubleColGreaterEqualDoubleScalar(col 12, val 0.0)(children: CastTimestampToDouble(col 8) -> 12:double) -> boolean) -> boolean, FilterDoubleColEqualDoubleScalar(col 4, val 17.0) -> boolean) -> boolean
-                    predicate: (((ctimestamp2 <= ctimestamp1) and (UDFToDouble(cbigint) <> cdouble) and ('ss' <= cstring1)) or ((csmallint < UDFToShort(ctinyint)) and (UDFToDouble(ctimestamp1) >= 0.0)) or (cfloat = 17)) (type: boolean)
+                    predicate: (((csmallint < UDFToShort(ctinyint)) and (UDFToDouble(ctimestamp1) >= 0.0)) or ((ctimestamp2 <= ctimestamp1) and (UDFToDouble(cbigint) <> cdouble) and ('ss' <= cstring1)) or (cfloat = 17)) (type: boolean)
                     Statistics: Num rows: 8874 Data size: 1907941 Basic stats: COMPLETE Column stats: NONE
                     Select Operator
                       expressions: ctinyint (type: tinyint), cint (type: int), cbigint (type: bigint), cfloat (type: float)
@@ -1090,7 +1090,7 @@ STAGE PLANS:
                         className: VectorFilterOperator
                         native: true
                         predicateExpression: FilterExprOrExpr(children: FilterExprAndExpr(children: FilterStringColRegExpStringScalar(col 6, pattern a.*) -> boolean, FilterStringColLikeStringScalar(col 7, pattern %ss%) -> boolean) -> boolean, FilterExprAndExpr(children: FilterLongScalarNotEqualLongColumn(val 1, col 11) -> boolean, FilterDecimalColLessDecimalScalar(col 12, val 79.553)(children: CastLongToDecimal(col 1) -> 12:decimal(8,3)) -> boolean, FilterLongScalarNotEqualLongColumn(val -257, col 0)(children: col 0) -> boolean) -> boolean, FilterExprAndExpr(children: FilterDoubleColGreaterDoubleColumn(col 5, col 13)(children: CastLongToDouble(col 0) -> 13:double) -> boolean, FilterDoubleColGreaterEqualDoubleColumn(col 4, col 13)(children: CastLongToFloatViaLongToDouble(col 2) -> 13:double) -> boolean) -> boolean, FilterExprAndExpr(children: FilterLongColLessLongColumn(col 2, col 3)(children: col 2) -> boolean, FilterLongColGreaterLongColumn(col 0, col 3)(children: col 0) -> boolean) -> boolean) -> boolean
-                    predicate: ((cstring1 regexp 'a.*' and (cstring2 like '%ss%')) or ((1 <> cboolean2) and (CAST( csmallint AS decimal(8,3)) < 79.553) and (-257 <> UDFToInteger(ctinyint))) or ((cdouble > UDFToDouble(ctinyint)) and (cfloat >= UDFToFloat(cint))) or ((UDFToLong(cint) < cbigint) and (UDFToLong(ctinyint) > cbigint))) (type: boolean)
+                    predicate: (((1 <> cboolean2) and (CAST( csmallint AS decimal(8,3)) < 79.553) and (-257 <> UDFToInteger(ctinyint))) or ((UDFToLong(cint) < cbigint) and (UDFToLong(ctinyint) > cbigint)) or ((cdouble > UDFToDouble(ctinyint)) and (cfloat >= UDFToFloat(cint))) or (cstring1 regexp 'a.*' and (cstring2 like '%ss%'))) (type: boolean)
                     Statistics: Num rows: 9898 Data size: 2128105 Basic stats: COMPLETE Column stats: NONE
                     Select Operator
                       expressions: cint (type: int), cdouble (type: double), ctimestamp2 (type: timestamp), cstring1 (type: string), cboolean2 (type: boolean), ctinyint (type: tinyint), cfloat (type: float), ctimestamp1 (type: timestamp), csmallint (type: smallint), cbigint (type: bigint), (-3728 * cbigint) (type: bigint), (- cint) (type: int), (-863.257 - CAST( cint AS decimal(10,0))) (type: decimal(14,3)), (- csmallint) (type: smallint), (csmallint - (- csmallint)) (type: smallint), ((csmallint - (- csmallint)) + (- csmallint)) (type: smallint), (UDFToDouble(cint) / UDFToDouble(cint)) (type: double), ((-863.257 - CAST( cint AS decimal(10,0))) - -26.28) (type: decimal(15,3)), (- cfloat) (type: float), (cdouble * -89010.0) (type: double), (UDFToDouble(ctinyint) / 988888.0) (type: double), (- ctinyint) (type: tinyint), (79.553 / CAST( ctinyint AS decimal(3,0))) (type: decimal(9,7))
@@ -1386,7 +1386,7 @@ STAGE PLANS:
                         className: VectorFilterOperator
                         native: true
                         predicateExpression: FilterExprOrExpr(children: FilterExprAndExpr(children: FilterLongScalarGreaterLongColumn(val 197, col 0)(children: col 0) -> boolean, FilterLongColEqualLongColumn(col 2, col 3)(children: col 2) -> boolean) -> boolean, FilterLongColEqualLongScalar(col 3, val 359) -> boolean, FilterLongColLessLongScalar(col 10, val 0) -> boolean, FilterExprAndExpr(children: FilterStringColLikeStringScalar(col 6, pattern %ss) -> boolean, FilterDoubleColLessEqualDoubleColumn(col 4, col 12)(children: CastLongToFloatViaLongToDouble(col 0) -> 12:double) -> boolean) -> boolean) -> boolean
-                    predicate: (((197 > UDFToInteger(ctinyint)) and (UDFToLong(cint) = cbigint)) or (cbigint = 359) or (cboolean1 < 0) or ((cstring1 like '%ss') and (cfloat <= UDFToFloat(ctinyint)))) (type: boolean)
+                    predicate: (((197 > UDFToInteger(ctinyint)) and (UDFToLong(cint) = cbigint)) or ((cstring1 like '%ss') and (cfloat <= UDFToFloat(ctinyint))) or (cbigint = 359) or (cboolean1 < 0)) (type: boolean)
                     Statistics: Num rows: 12288 Data size: 2641964 Basic stats: COMPLETE Column stats: NONE
                     Select Operator
                       expressions: cint (type: int), cbigint (type: bigint), cstring1 (type: string), cboolean1 (type: boolean), cfloat (type: float), cdouble (type: double), ctimestamp2 (type: timestamp), csmallint (type: smallint), cstring2 (type: string), cboolean2 (type: boolean), (UDFToDouble(cint) / UDFToDouble(cbigint)) (type: double), (CAST( cbigint AS decimal(19,0)) % 79.553) (type: decimal(5,3)), (- (UDFToDouble(cint) / UDFToDouble(cbigint))) (type: double), (10.175 % cfloat) (type: float), (- cfloat) (type: float), (cfloat - (- cfloat)) (type: float), ((cfloat - (- cfloat)) % -6432.0) (type: float), (cdouble * UDFToDouble(csmallint)) (type: double), (- cdouble) (type: double), (- cbigint) (type: bigint), (UDFToDouble(cfloat) - (UDFToDouble(cint) / UDFToDouble(cbigint))) (type: double), (- csmallint) (type: smallint), (3569 % cbigint) (type: bigint), (359.0 - cdouble) (type: double), (- csmallint) (type: smallint)
@@ -1631,7 +1631,7 @@ STAGE PLANS:
                         className: VectorFilterOperator
                         native: true
                         predicateExpression: FilterExprOrExpr(children: FilterExprAndExpr(children: FilterDecimalColGreaterDecimalScalar(col 12, val -26.28)(children: CastLongToDecimal(col 1) -> 12:decimal(7,2)) -> boolean, FilterStringColLikeStringScalar(col 7, pattern ss) -> boolean) -> boolean, FilterExprAndExpr(children: FilterDoubleColLessEqualDoubleColumn(col 5, col 13)(children: CastLongToDouble(col 3) -> 13:double) -> boolean, FilterStringGroupColGreaterEqualStringScalar(col 6, val ss) -> boolean, FilterDoubleColNotEqualDoubleColumn(col 13, col 5)(children: CastLongToDouble(col 2) -> 13:double) -> boolean) -> boolean, FilterLongColEqualLongScalar(col 0, val -89010)(children: col 0) -> boolean, FilterExprAndExpr(children: FilterDoubleColLessEqualDoubleColumn(col 13, col 4)(children: CastLongToFloatViaLongToDouble(col 3) -> 13:double) -> boolean, FilterDecimalScalarLessEqualDecimalColumn(val -26.28, col 12)(children: CastLongToDecimal(col 1) -> 12:decimal(7,2)) -> boolean) -> boolean) -> boolean
-                    predicate: (((CAST( csmallint AS decimal(7,2)) > -26.28) and (cstring2 like 'ss')) or ((cdouble <= UDFToDouble(cbigint)) and (cstring1 >= 'ss') and (UDFToDouble(cint) <> cdouble)) or (UDFToInteger(ctinyint) = -89010) or ((UDFToFloat(cbigint) <= cfloat) and (-26.28 <= CAST( csmallint AS decimal(7,2))))) (type: boolean)
+                    predicate: (((CAST( csmallint AS decimal(7,2)) > -26.28) and (cstring2 like 'ss')) or ((UDFToFloat(cbigint) <= cfloat) and (-26.28 <= CAST( csmallint AS decimal(7,2)))) or ((cdouble <= UDFToDouble(cbigint)) and (cstring1 >= 'ss') and (UDFToDouble(cint) <> cdouble)) or (UDFToInteger(ctinyint) = -89010)) (type: boolean)
                     Statistics: Num rows: 10922 Data size: 2348269 Basic stats: COMPLETE Column stats: NONE
                     Select Operator
                       expressions: cint (type: int), cstring1 (type: string), cboolean2 (type: boolean), ctimestamp2 (type: timestamp), cdouble (type: double), cfloat (type: float), cbigint (type: bigint), csmallint (type: smallint), cboolean1 (type: boolean), (cint + UDFToInteger(csmallint)) (type: int), (cbigint - UDFToLong(ctinyint)) (type: bigint), (- cbigint) (type: bigint), (- cfloat) (type: float), ((cbigint - UDFToLong(ctinyint)) + cbigint) (type: bigint), (cdouble / cdouble) (type: double), (- cdouble) (type: double), (UDFToLong((cint + UDFToInteger(csmallint))) * (- cbigint)) (type: bigint), ((- cdouble) + UDFToDouble(cbigint)) (type: double), (-1.389 / CAST( ctinyint AS decimal(3,0))) (type: decimal(8,7)), (UDFToDouble(cbigint) % cdouble) (type: double), (- csmallint) (type: smallint), (UDFToInteger(csmallint) + (cint + UDFToInteger(csmallint))) (type: int)
@@ -2179,7 +2179,7 @@ STAGE PLANS:
                         className: VectorFilterOperator
                         native: true
                         predicateExpression: FilterExprAndExpr(children: FilterLongColGreaterEqualLongScalar(col 1, val -257)(children: col 1) -> boolean, FilterExprOrExpr(children: FilterLongScalarEqualLongColumn(val -6432, col 1)(children: col 1) -> boolean, FilterExprAndExpr(children: FilterDoubleColGreaterEqualDoubleColumn(col 12, col 5)(children: CastLongToDouble(col 2) -> 12:double) -> boolean, FilterLongColLessEqualLongColumn(col 0, col 2)(children: col 0) -> boolean) -> boolean) -> boolean) -> boolean
-                    predicate: ((UDFToInteger(csmallint) >= -257) and ((-6432 = UDFToInteger(csmallint)) or ((UDFToDouble(cint) >= cdouble) and (UDFToInteger(ctinyint) <= cint)))) (type: boolean)
+                    predicate: (((-6432 = UDFToInteger(csmallint)) or ((UDFToDouble(cint) >= cdouble) and (UDFToInteger(ctinyint) <= cint))) and (UDFToInteger(csmallint) >= -257)) (type: boolean)
                     Statistics: Num rows: 2503 Data size: 538153 Basic stats: COMPLETE Column stats: NONE
                     Select Operator
                       expressions: ctinyint (type: tinyint), csmallint (type: smallint), cbigint (type: bigint)
@@ -2457,7 +2457,7 @@ STAGE PLANS:
                         className: VectorFilterOperator
                         native: true
                         predicateExpression: FilterExprAndExpr(children: FilterDoubleColGreaterDoubleScalar(col 5, val 2563.58) -> boolean, FilterExprOrExpr(children: FilterExprAndExpr(children: FilterLongColGreaterEqualLongColumn(col 3, col 2)(children: col 2) -> boolean, FilterLongColLessLongColumn(col 1, col 2)(children: col 1) -> boolean, FilterDoubleColLessDoubleScalar(col 4, val -5638.14990234375) -> boolean) -> boolean, FilterDecimalScalarEqualDecimalColumn(val 2563.58, col 12)(children: CastLongToDecimal(col 0) -> 12:decimal(6,2)) -> boolean, FilterExprAndExpr(children: FilterDoubleColLessEqualDoubleColumn(col 5, col 13)(children: CastLongToDouble(col 3) -> 13:double) -> boolean, FilterDecimalScalarGreaterDecimalColumn(val -5638.15, col 14)(children: CastLongToDecimal(col 3) -> 14:decimal(21,2)) -> boolean) -> boolean) -> boolean) -> boolean
-                    predicate: ((cdouble > 2563.58) and (((cbigint >= UDFToLong(cint)) and (UDFToInteger(csmallint) < cint) and (cfloat < -5638.15)) or (2563.58 = CAST( ctinyint AS decimal(6,2))) or ((cdouble <= UDFToDouble(cbigint)) and (-5638.15 > CAST( cbigint AS decimal(21,2)))))) (type: boolean)
+                    predicate: ((((cbigint >= UDFToLong(cint)) and (UDFToInteger(csmallint) < cint) and (cfloat < -5638.15)) or (2563.58 = CAST( ctinyint AS decimal(6,2))) or ((cdouble <= UDFToDouble(cbigint)) and (-5638.15 > CAST( cbigint AS decimal(21,2))))) and (cdouble > 2563.58)) (type: boolean)
                     Statistics: Num rows: 2654 Data size: 570619 Basic stats: COMPLETE Column stats: NONE
                     Select Operator
                       expressions: cfloat (type: float), cdouble (type: double)
@@ -2779,7 +2779,7 @@ STAGE PLANS:
                         className: VectorFilterOperator
                         native: true
                         predicateExpression: FilterExprAndExpr(children: FilterDoubleColNotEqualDoubleScalar(col 12, val 0.0)(children: CastTimestampToDouble(col 8) -> 12:double) -> boolean, FilterExprOrExpr(children: FilterExprAndExpr(children: FilterLongScalarNotEqualLongColumn(val -257, col 0)(children: col 0) -> boolean, SelectColumnIsNotNull(col 11) -> boolean, FilterStringColRegExpStringScalar(col 6, pattern .*ss) -> boolean, FilterDoubleScalarLessDoubleColumn(val -3.0, col 12)(children: CastTimestampToDouble(col 8) -> 12:double) -> boolean) -> boolean, FilterDoubleColEqualDoubleScalar(col 12, val -5.0)(children: CastTimestampToDouble(col 9) -> 12:double) -> boolean, FilterExprAndExpr(children: FilterDoubleColLessDoubleScalar(col 12, val 0.0)(children: CastTimestampToDouble(col 8) -> 12:double) -> boolean, FilterStringColLikeStringScalar(col 7, pattern %b%) -> boolean) -> boolean, FilterDoubleColEqualDoubleColumn(col 5, col 12)(children: CastLongToDouble(col 2) -> 12:double) -> boolean, FilterExprAndExpr(children: SelectColumnIsNull(col 10) -> boolean, FilterDoubleColLessDoubleColumn(col 4, col 12)(children: CastLongToFloatViaLongToDouble(col 2) -> 12:double) -> boolean) -> boolean) -> boolean) -> boolean
-                    predicate: ((UDFToDouble(ctimestamp1) <> 0.0) and (((-257 <> UDFToInteger(ctinyint)) and cboolean2 is not null and cstring1 regexp '.*ss' and (-3.0 < UDFToDouble(ctimestamp1))) or (UDFToDouble(ctimestamp2) = -5.0) or ((UDFToDouble(ctimestamp1) < 0.0) and (cstring2 like '%b%')) or (cdouble = UDFToDouble(cint)) or (cboolean1 is null and (cfloat < UDFToFloat(cint))))) (type: boolean)
+                    predicate: ((((-257 <> UDFToInteger(ctinyint)) and cboolean2 is not null and cstring1 regexp '.*ss' and (-3.0 < UDFToDouble(ctimestamp1))) or (UDFToDouble(ctimestamp2) = -5.0) or ((UDFToDouble(ctimestamp1) < 0.0) and (cstring2 like '%b%')) or (cdouble = UDFToDouble(cint)) or (cboolean1 is null and (cfloat < UDFToFloat(cint)))) and (UDFToDouble(ctimestamp1) <> 0.0)) (type: boolean)
                     Statistics: Num rows: 12288 Data size: 2641964 Basic stats: COMPLETE Column stats: NONE
                     Select Operator
                       expressions: ctinyint (type: tinyint), csmallint (type: smallint), cint (type: int), cfloat (type: float), cdouble (type: double), cstring1 (type: string), ctimestamp1 (type: timestamp)
diff --git a/ql/src/test/results/clientpositive/spark/vectorized_case.q.out b/ql/src/test/results/clientpositive/spark/vectorized_case.q.out
index 2c99ff31bd..24135d2c2f 100644
--- a/ql/src/test/results/clientpositive/spark/vectorized_case.q.out
+++ b/ql/src/test/results/clientpositive/spark/vectorized_case.q.out
@@ -60,7 +60,7 @@ STAGE PLANS:
                         className: VectorFilterOperator
                         native: true
                         predicateExpression: FilterExprOrExpr(children: FilterLongColEqualLongScalar(col 1, val 418) -> boolean, FilterLongColEqualLongScalar(col 1, val 12205) -> boolean, FilterLongColEqualLongScalar(col 1, val 10583) -> boolean) -> boolean
-                    predicate: ((csmallint = 418) or (csmallint = 12205) or (csmallint = 10583)) (type: boolean)
+                    predicate: ((csmallint = 10583) or (csmallint = 12205) or (csmallint = 418)) (type: boolean)
                     Statistics: Num rows: 12288 Data size: 2641964 Basic stats: COMPLETE Column stats: NONE
                     Select Operator
                       expressions: csmallint (type: smallint), CASE WHEN ((csmallint = 418)) THEN ('a') WHEN ((csmallint = 12205)) THEN ('b') ELSE ('c') END (type: string), CASE WHEN ((csmallint = 418)) THEN ('a') WHEN ((csmallint = 12205)) THEN ('b') ELSE ('c') END (type: string)
@@ -201,7 +201,7 @@ STAGE PLANS:
                         className: VectorFilterOperator
                         native: true
                         predicateExpression: FilterExprOrExpr(children: FilterLongColEqualLongScalar(col 1, val 418) -> boolean, FilterLongColEqualLongScalar(col 1, val 12205) -> boolean, FilterLongColEqualLongScalar(col 1, val 10583) -> boolean) -> boolean
-                    predicate: ((csmallint = 418) or (csmallint = 12205) or (csmallint = 10583)) (type: boolean)
+                    predicate: ((csmallint = 10583) or (csmallint = 12205) or (csmallint = 418)) (type: boolean)
                     Statistics: Num rows: 12288 Data size: 2641964 Basic stats: COMPLETE Column stats: NONE
                     Select Operator
                       expressions: csmallint (type: smallint), CASE WHEN ((csmallint = 418)) THEN ('a') WHEN ((csmallint = 12205)) THEN ('b') ELSE (null) END (type: string), CASE WHEN ((csmallint = 418)) THEN ('a') WHEN ((csmallint = 12205)) THEN (null) ELSE ('c') END (type: string)
diff --git a/ql/src/test/results/clientpositive/spark/vectorized_nested_mapjoin.q.out b/ql/src/test/results/clientpositive/spark/vectorized_nested_mapjoin.q.out
index 6760e51c66..f24265f14a 100644
--- a/ql/src/test/results/clientpositive/spark/vectorized_nested_mapjoin.q.out
+++ b/ql/src/test/results/clientpositive/spark/vectorized_nested_mapjoin.q.out
@@ -22,7 +22,7 @@ STAGE PLANS:
                   alias: v1
                   Statistics: Num rows: 12288 Data size: 2641964 Basic stats: COMPLETE Column stats: NONE
                   Filter Operator
-                    predicate: (ctinyint is not null and csmallint is not null) (type: boolean)
+                    predicate: (csmallint is not null and ctinyint is not null) (type: boolean)
                     Statistics: Num rows: 12288 Data size: 2641964 Basic stats: COMPLETE Column stats: NONE
                     Select Operator
                       expressions: ctinyint (type: tinyint), csmallint (type: smallint), cdouble (type: double)
diff --git a/ql/src/test/results/clientpositive/spark/vectorized_string_funcs.q.out b/ql/src/test/results/clientpositive/spark/vectorized_string_funcs.q.out
index b88eda55aa..584f9f8f46 100644
--- a/ql/src/test/results/clientpositive/spark/vectorized_string_funcs.q.out
+++ b/ql/src/test/results/clientpositive/spark/vectorized_string_funcs.q.out
@@ -61,7 +61,7 @@ STAGE PLANS:
                   alias: alltypesorc
                   Statistics: Num rows: 12288 Data size: 2641964 Basic stats: COMPLETE Column stats: NONE
                   Filter Operator
-                    predicate: (((cbigint % 237) = 0) and (length(substr(cstring1, 1, 2)) <= 2) and (cstring1 like '%')) (type: boolean)
+                    predicate: (((cbigint % 237) = 0) and (cstring1 like '%') and (length(substr(cstring1, 1, 2)) <= 2)) (type: boolean)
                     Statistics: Num rows: 1024 Data size: 220163 Basic stats: COMPLETE Column stats: NONE
                     Select Operator
                       expressions: substr(cstring1, 1, 2) (type: string), substr(cstring1, 2) (type: string), lower(cstring1) (type: string), upper(cstring1) (type: string), upper(cstring1) (type: string), length(cstring1) (type: int), trim(cstring1) (type: string), ltrim(cstring1) (type: string), rtrim(cstring1) (type: string), concat(cstring1, cstring2) (type: string), concat('>', cstring1) (type: string), concat(cstring1, '<') (type: string), concat(substr(cstring1, 1, 2), substr(cstring2, 1, 2)) (type: string)
diff --git a/ql/src/test/results/clientpositive/special_character_in_tabnames_2.q.out b/ql/src/test/results/clientpositive/special_character_in_tabnames_2.q.out
index 8cb04c7986..fc5bab0722 100644
--- a/ql/src/test/results/clientpositive/special_character_in_tabnames_2.q.out
+++ b/ql/src/test/results/clientpositive/special_character_in_tabnames_2.q.out
@@ -102,7 +102,7 @@ STAGE PLANS:
             alias: s/c
             Statistics: Num rows: 500 Data size: 5312 Basic stats: COMPLETE Column stats: NONE
             Filter Operator
-              predicate: ((UDFToDouble(key) > 80.0) and (UDFToDouble(key) < 100.0)) (type: boolean)
+              predicate: ((UDFToDouble(key) < 100.0) and (UDFToDouble(key) > 80.0)) (type: boolean)
               Statistics: Num rows: 55 Data size: 584 Basic stats: COMPLETE Column stats: NONE
               Select Operator
                 expressions: key (type: string), value (type: string)
@@ -172,7 +172,7 @@ STAGE PLANS:
             alias: default__s/c_src_index__
             filterExpr: ((UDFToDouble(key) > 80.0) and (UDFToDouble(key) < 100.0)) (type: boolean)
             Filter Operator
-              predicate: ((UDFToDouble(key) > 80.0) and (UDFToDouble(key) < 100.0)) (type: boolean)
+              predicate: ((UDFToDouble(key) < 100.0) and (UDFToDouble(key) > 80.0)) (type: boolean)
               Select Operator
                 expressions: _bucketname (type: string), _offsets (type: array<bigint>)
                 outputColumnNames: _col0, _col1
@@ -206,7 +206,7 @@ STAGE PLANS:
             filterExpr: ((UDFToDouble(key) > 80.0) and (UDFToDouble(key) < 100.0)) (type: boolean)
             Statistics: Num rows: 500 Data size: 5312 Basic stats: COMPLETE Column stats: NONE
             Filter Operator
-              predicate: ((UDFToDouble(key) > 80.0) and (UDFToDouble(key) < 100.0)) (type: boolean)
+              predicate: ((UDFToDouble(key) < 100.0) and (UDFToDouble(key) > 80.0)) (type: boolean)
               Statistics: Num rows: 55 Data size: 584 Basic stats: COMPLETE Column stats: NONE
               Select Operator
                 expressions: key (type: string), value (type: string)
diff --git a/ql/src/test/results/clientpositive/tez/explainanalyze_4.q.out b/ql/src/test/results/clientpositive/tez/explainanalyze_4.q.out
index 72d0682c13..9c678ac968 100644
--- a/ql/src/test/results/clientpositive/tez/explainanalyze_4.q.out
+++ b/ql/src/test/results/clientpositive/tez/explainanalyze_4.q.out
@@ -65,7 +65,7 @@ Stage-0
                 Select Operator [SEL_5] (rows=1019/10 width=251)
                   Output:["_col0","_col1","_col2","_col3","_col4","_col5","_col6","_col7","_col8","_col9","_col10","_col11"]
                   Filter Operator [FIL_16] (rows=1019/10 width=251)
-                    predicate:(cint BETWEEN 1000000 AND 3000000 and cbigint is not null)
+                    predicate:(cbigint is not null and cint BETWEEN 1000000 AND 3000000)
                     TableScan [TS_3] (rows=12288/12288 width=251)
                       default@alltypesorc,b,Tbl:COMPLETE,Col:COMPLETE,Output:["ctinyint","csmallint","cint","cbigint","cfloat","cdouble","cstring1","cstring2","ctimestamp1","ctimestamp2","cboolean1","cboolean2"]
 
@@ -160,7 +160,7 @@ Stage-0
                 Select Operator [SEL_5] (rows=1019/10 width=8)
                   Output:["_col0"]
                   Filter Operator [FIL_17] (rows=1019/10 width=8)
-                    predicate:(cint BETWEEN 1000000 AND 3000000 and cbigint is not null)
+                    predicate:(cbigint is not null and cint BETWEEN 1000000 AND 3000000)
                     TableScan [TS_3] (rows=12288/12288 width=8)
                       default@alltypesorc,b,Tbl:COMPLETE,Col:COMPLETE,Output:["cint","cbigint"]
 
@@ -258,7 +258,7 @@ Stage-0
                     Select Operator [SEL_5] (rows=1019/10 width=8)
                       Output:["_col0"]
                       Filter Operator [FIL_19] (rows=1019/10 width=8)
-                        predicate:(cint BETWEEN 1000000 AND 3000000 and cbigint is not null)
+                        predicate:(cbigint is not null and cint BETWEEN 1000000 AND 3000000)
                         TableScan [TS_3] (rows=12288/12288 width=8)
                           default@alltypesorc,b,Tbl:COMPLETE,Col:COMPLETE,Output:["cint","cbigint"]
 
@@ -345,7 +345,7 @@ Stage-0
                 Select Operator [SEL_5] (rows=1365/10 width=215)
                   Output:["_col0","_col1","_col2","_col3","_col4","_col5","_col6","_col7","_col8","_col9","_col10","_col11"]
                   Filter Operator [FIL_16] (rows=1365/10 width=215)
-                    predicate:(cint BETWEEN 1000000 AND 3000000 and cbigint is not null)
+                    predicate:(cbigint is not null and cint BETWEEN 1000000 AND 3000000)
                     TableScan [TS_3] (rows=12288/12288 width=215)
                       default@alltypesorc,b,Tbl:COMPLETE,Col:NONE,Output:["ctinyint","csmallint","cint","cbigint","cfloat","cdouble","cstring1","cstring2","ctimestamp1","ctimestamp2","cboolean1","cboolean2"]
             <-Map 1 [CUSTOM_SIMPLE_EDGE]
@@ -440,7 +440,7 @@ Stage-0
                 Select Operator [SEL_5] (rows=1365/10 width=215)
                   Output:["_col0"]
                   Filter Operator [FIL_17] (rows=1365/10 width=215)
-                    predicate:(cint BETWEEN 1000000 AND 3000000 and cbigint is not null)
+                    predicate:(cbigint is not null and cint BETWEEN 1000000 AND 3000000)
                     TableScan [TS_3] (rows=12288/12288 width=215)
                       default@alltypesorc,b,Tbl:COMPLETE,Col:NONE,Output:["cint","cbigint"]
             <-Map 1 [CUSTOM_SIMPLE_EDGE]
@@ -538,7 +538,7 @@ Stage-0
                     Select Operator [SEL_5] (rows=1365/10 width=215)
                       Output:["_col0"]
                       Filter Operator [FIL_19] (rows=1365/10 width=215)
-                        predicate:(cint BETWEEN 1000000 AND 3000000 and cbigint is not null)
+                        predicate:(cbigint is not null and cint BETWEEN 1000000 AND 3000000)
                         TableScan [TS_3] (rows=12288/12288 width=215)
                           default@alltypesorc,b,Tbl:COMPLETE,Col:NONE,Output:["cint","cbigint"]
                 <-Map 1 [CUSTOM_SIMPLE_EDGE]
diff --git a/ql/src/test/results/clientpositive/tez/hybridgrace_hashjoin_2.q.out b/ql/src/test/results/clientpositive/tez/hybridgrace_hashjoin_2.q.out
index ed994442e2..0b71be960f 100644
--- a/ql/src/test/results/clientpositive/tez/hybridgrace_hashjoin_2.q.out
+++ b/ql/src/test/results/clientpositive/tez/hybridgrace_hashjoin_2.q.out
@@ -1092,7 +1092,7 @@ STAGE PLANS:
                   alias: x
                   Statistics: Num rows: 25 Data size: 4375 Basic stats: COMPLETE Column stats: COMPLETE
                   Filter Operator
-                    predicate: ((value < 'zzzzzzzzzz') and (key < 'zzzzzzzz')) (type: boolean)
+                    predicate: ((key < 'zzzzzzzz') and (value < 'zzzzzzzzzz')) (type: boolean)
                     Statistics: Num rows: 2 Data size: 350 Basic stats: COMPLETE Column stats: COMPLETE
                     Reduce Output Operator
                       key expressions: key (type: string)
@@ -1148,7 +1148,7 @@ STAGE PLANS:
                   alias: y1
                   Statistics: Num rows: 500 Data size: 89000 Basic stats: COMPLETE Column stats: COMPLETE
                   Filter Operator
-                    predicate: ((value < 'zzzzzzzz') and (key < 'zzzzzzzz')) (type: boolean)
+                    predicate: ((key < 'zzzzzzzz') and (value < 'zzzzzzzz')) (type: boolean)
                     Statistics: Num rows: 55 Data size: 9790 Basic stats: COMPLETE Column stats: COMPLETE
                     Reduce Output Operator
                       key expressions: key (type: string)
@@ -1276,7 +1276,7 @@ STAGE PLANS:
                   alias: x
                   Statistics: Num rows: 25 Data size: 4375 Basic stats: COMPLETE Column stats: COMPLETE
                   Filter Operator
-                    predicate: ((value < 'zzzzzzzzzz') and (key < 'zzzzzzzz')) (type: boolean)
+                    predicate: ((key < 'zzzzzzzz') and (value < 'zzzzzzzzzz')) (type: boolean)
                     Statistics: Num rows: 2 Data size: 350 Basic stats: COMPLETE Column stats: COMPLETE
                     Reduce Output Operator
                       key expressions: key (type: string)
@@ -1334,7 +1334,7 @@ STAGE PLANS:
                   alias: y1
                   Statistics: Num rows: 500 Data size: 89000 Basic stats: COMPLETE Column stats: COMPLETE
                   Filter Operator
-                    predicate: ((value < 'zzzzzzzz') and (key < 'zzzzzzzz')) (type: boolean)
+                    predicate: ((key < 'zzzzzzzz') and (value < 'zzzzzzzz')) (type: boolean)
                     Statistics: Num rows: 55 Data size: 9790 Basic stats: COMPLETE Column stats: COMPLETE
                     Reduce Output Operator
                       key expressions: key (type: string)
diff --git a/ql/src/test/results/clientpositive/tez/vectorization_div0.q.out b/ql/src/test/results/clientpositive/tez/vectorization_div0.q.out
index bcf315ee49..eea3004a07 100644
--- a/ql/src/test/results/clientpositive/tez/vectorization_div0.q.out
+++ b/ql/src/test/results/clientpositive/tez/vectorization_div0.q.out
@@ -211,7 +211,7 @@ STAGE PLANS:
                         className: VectorFilterOperator
                         native: true
                         predicateExpression: FilterExprAndExpr(children: FilterLongColGreaterLongScalar(col 3, val 0) -> boolean, FilterLongColLessLongScalar(col 3, val 100000000) -> boolean) -> boolean
-                    predicate: ((cbigint > 0) and (cbigint < 100000000)) (type: boolean)
+                    predicate: ((cbigint < 100000000) and (cbigint > 0)) (type: boolean)
                     Statistics: Num rows: 1365 Data size: 16320 Basic stats: COMPLETE Column stats: COMPLETE
                     Select Operator
                       expressions: (cbigint - 988888) (type: bigint), (cdouble / UDFToDouble((cbigint - 988888))) (type: double), (1.2 / CAST( (cbigint - 988888) AS decimal(19,0))) (type: decimal(22,21))
@@ -429,7 +429,7 @@ STAGE PLANS:
                         className: VectorFilterOperator
                         native: true
                         predicateExpression: FilterExprAndExpr(children: FilterDoubleColGreaterEqualDoubleScalar(col 5, val -500.0) -> boolean, FilterDoubleColLessDoubleScalar(col 5, val -199.0) -> boolean) -> boolean
-                    predicate: ((cdouble >= -500.0) and (cdouble < -199.0)) (type: boolean)
+                    predicate: ((cdouble < -199.0) and (cdouble >= -500.0)) (type: boolean)
                     Statistics: Num rows: 1365 Data size: 16320 Basic stats: COMPLETE Column stats: COMPLETE
                     Select Operator
                       expressions: (cdouble + 200.0) (type: double), (UDFToDouble(cbigint) / (cdouble + 200.0)) (type: double), ((cdouble + 200.0) / (cdouble + 200.0)) (type: double), (3.0 / (cdouble + 200.0)) (type: double), (1.2 / (cdouble + 200.0)) (type: double)
diff --git a/ql/src/test/results/clientpositive/transform_ppr1.q.out b/ql/src/test/results/clientpositive/transform_ppr1.q.out
index 1df5768cbf..b0c23931b2 100644
--- a/ql/src/test/results/clientpositive/transform_ppr1.q.out
+++ b/ql/src/test/results/clientpositive/transform_ppr1.q.out
@@ -47,7 +47,7 @@ STAGE PLANS:
                 Statistics: Num rows: 2000 Data size: 21248 Basic stats: COMPLETE Column stats: NONE
                 Filter Operator
                   isSamplingPred: false
-                  predicate: ((_col1 < 100) and (_col0 = '2008-04-08')) (type: boolean)
+                  predicate: ((_col0 = '2008-04-08') and (_col1 < 100)) (type: boolean)
                   Statistics: Num rows: 333 Data size: 3537 Basic stats: COMPLETE Column stats: NONE
                   Reduce Output Operator
                     key expressions: _col1 (type: string)
diff --git a/ql/src/test/results/clientpositive/union_view.q.out b/ql/src/test/results/clientpositive/union_view.q.out
index 8712b482c9..35f8a9a226 100644
--- a/ql/src/test/results/clientpositive/union_view.q.out
+++ b/ql/src/test/results/clientpositive/union_view.q.out
@@ -211,7 +211,7 @@ STAGE PLANS:
               insideView TRUE
             Statistics: Num rows: 1 Data size: 0 Basic stats: PARTIAL Column stats: NONE
             Filter Operator
-              predicate: ((key = 86) and (ds = '1')) (type: boolean)
+              predicate: ((ds = '1') and (key = 86)) (type: boolean)
               Statistics: Num rows: 1 Data size: 0 Basic stats: PARTIAL Column stats: NONE
               Select Operator
                 expressions: value (type: string)
@@ -237,7 +237,7 @@ STAGE PLANS:
               insideView TRUE
             Statistics: Num rows: 1 Data size: 0 Basic stats: PARTIAL Column stats: NONE
             Filter Operator
-              predicate: ((key = 86) and (ds = '1')) (type: boolean)
+              predicate: ((ds = '1') and (key = 86)) (type: boolean)
               Statistics: Num rows: 1 Data size: 0 Basic stats: PARTIAL Column stats: NONE
               Select Operator
                 expressions: value (type: string)
@@ -304,7 +304,7 @@ STAGE PLANS:
               insideView TRUE
             Statistics: Num rows: 1 Data size: 0 Basic stats: PARTIAL Column stats: NONE
             Filter Operator
-              predicate: ((key = 86) and (ds = '2')) (type: boolean)
+              predicate: ((ds = '2') and (key = 86)) (type: boolean)
               Statistics: Num rows: 1 Data size: 0 Basic stats: PARTIAL Column stats: NONE
               Select Operator
                 expressions: value (type: string)
@@ -356,7 +356,7 @@ STAGE PLANS:
               insideView TRUE
             Statistics: Num rows: 1 Data size: 0 Basic stats: PARTIAL Column stats: NONE
             Filter Operator
-              predicate: ((key = 86) and (ds = '2')) (type: boolean)
+              predicate: ((ds = '2') and (key = 86)) (type: boolean)
               Statistics: Num rows: 1 Data size: 0 Basic stats: PARTIAL Column stats: NONE
               Select Operator
                 expressions: value (type: string)
@@ -423,7 +423,7 @@ STAGE PLANS:
               insideView TRUE
             Statistics: Num rows: 1 Data size: 0 Basic stats: PARTIAL Column stats: NONE
             Filter Operator
-              predicate: ((key = 86) and (ds = '3')) (type: boolean)
+              predicate: ((ds = '3') and (key = 86)) (type: boolean)
               Statistics: Num rows: 1 Data size: 0 Basic stats: PARTIAL Column stats: NONE
               Select Operator
                 expressions: value (type: string)
@@ -449,7 +449,7 @@ STAGE PLANS:
               insideView TRUE
             Statistics: Num rows: 1 Data size: 0 Basic stats: PARTIAL Column stats: NONE
             Filter Operator
-              predicate: ((key = 86) and (ds = '3')) (type: boolean)
+              predicate: ((ds = '3') and (key = 86)) (type: boolean)
               Statistics: Num rows: 1 Data size: 0 Basic stats: PARTIAL Column stats: NONE
               Select Operator
                 expressions: value (type: string)
@@ -1089,7 +1089,7 @@ STAGE PLANS:
               insideView TRUE
             Statistics: Num rows: 1 Data size: 0 Basic stats: PARTIAL Column stats: NONE
             Filter Operator
-              predicate: ((key = 86) and (ds = '4')) (type: boolean)
+              predicate: ((ds = '4') and (key = 86)) (type: boolean)
               Statistics: Num rows: 1 Data size: 0 Basic stats: PARTIAL Column stats: NONE
               Select Operator
                 expressions: value (type: string)
@@ -1115,7 +1115,7 @@ STAGE PLANS:
               insideView TRUE
             Statistics: Num rows: 1 Data size: 0 Basic stats: PARTIAL Column stats: NONE
             Filter Operator
-              predicate: ((key = 86) and (ds = '4')) (type: boolean)
+              predicate: ((ds = '4') and (key = 86)) (type: boolean)
               Statistics: Num rows: 1 Data size: 0 Basic stats: PARTIAL Column stats: NONE
               Select Operator
                 expressions: value (type: string)
diff --git a/ql/src/test/results/clientpositive/vector_date_1.q.out b/ql/src/test/results/clientpositive/vector_date_1.q.out
index 3fba352335..8440304e7b 100644
--- a/ql/src/test/results/clientpositive/vector_date_1.q.out
+++ b/ql/src/test/results/clientpositive/vector_date_1.q.out
@@ -488,7 +488,7 @@ STAGE PLANS:
             alias: vector_date_1
             Statistics: Num rows: 3 Data size: 224 Basic stats: COMPLETE Column stats: NONE
             Filter Operator
-              predicate: ((dt1 = dt1) and (dt1 <> dt2) and (dt1 < dt2) and (dt1 <= dt2) and (dt2 > dt1) and (dt2 >= dt1)) (type: boolean)
+              predicate: ((dt1 < dt2) and (dt1 <= dt2) and (dt1 <> dt2) and (dt1 = dt1) and (dt2 > dt1) and (dt2 >= dt1)) (type: boolean)
               Statistics: Num rows: 1 Data size: 74 Basic stats: COMPLETE Column stats: NONE
               Select Operator
                 expressions: dt1 (type: date), dt2 (type: date)
@@ -591,7 +591,7 @@ STAGE PLANS:
             alias: vector_date_1
             Statistics: Num rows: 3 Data size: 224 Basic stats: COMPLETE Column stats: NONE
             Filter Operator
-              predicate: ((2001-01-01 = dt1) and (dt1 <> 1970-01-01) and (1970-01-01 <> dt1)) (type: boolean)
+              predicate: ((1970-01-01 <> dt1) and (2001-01-01 = dt1) and (dt1 <> 1970-01-01)) (type: boolean)
               Statistics: Num rows: 1 Data size: 74 Basic stats: COMPLETE Column stats: NONE
               Select Operator
                 expressions: 2001-01-01 (type: date), dt2 (type: date)
diff --git a/ql/src/test/results/clientpositive/vector_decimal_cast.q.out b/ql/src/test/results/clientpositive/vector_decimal_cast.q.out
index 8fb516a5a1..6277047a2b 100644
--- a/ql/src/test/results/clientpositive/vector_decimal_cast.q.out
+++ b/ql/src/test/results/clientpositive/vector_decimal_cast.q.out
@@ -25,7 +25,7 @@ STAGE PLANS:
                   className: VectorFilterOperator
                   native: true
                   predicateExpression: FilterExprAndExpr(children: SelectColumnIsNotNull(col 5) -> boolean, SelectColumnIsNotNull(col 2) -> boolean, SelectColumnIsNotNull(col 10) -> boolean, SelectColumnIsNotNull(col 8) -> boolean) -> boolean
-              predicate: (cdouble is not null and cint is not null and cboolean1 is not null and ctimestamp1 is not null) (type: boolean)
+              predicate: (cboolean1 is not null and cdouble is not null and cint is not null and ctimestamp1 is not null) (type: boolean)
               Statistics: Num rows: 12288 Data size: 2641964 Basic stats: COMPLETE Column stats: NONE
               Select Operator
                 expressions: cdouble (type: double), cint (type: int), cboolean1 (type: boolean), ctimestamp1 (type: timestamp), CAST( cdouble AS decimal(20,10)) (type: decimal(20,10)), CAST( cint AS decimal(23,14)) (type: decimal(23,14)), CAST( cboolean1 AS decimal(5,2)) (type: decimal(5,2)), CAST( ctimestamp1 AS decimal(15,0)) (type: decimal(15,0))
diff --git a/ql/src/test/results/clientpositive/vector_decimal_expressions.q.out b/ql/src/test/results/clientpositive/vector_decimal_expressions.q.out
index 56d2e1fb66..3e7acc5c47 100644
--- a/ql/src/test/results/clientpositive/vector_decimal_expressions.q.out
+++ b/ql/src/test/results/clientpositive/vector_decimal_expressions.q.out
@@ -42,7 +42,7 @@ STAGE PLANS:
                   className: VectorFilterOperator
                   native: true
                   predicateExpression: FilterExprAndExpr(children: FilterDecimalColGreaterDecimalScalar(col 1, val 0) -> boolean, FilterDecimalColLessDecimalScalar(col 1, val 12345.5678) -> boolean, FilterDecimalColNotEqualDecimalScalar(col 2, val 0) -> boolean, FilterDecimalColGreaterDecimalScalar(col 2, val 1000) -> boolean, SelectColumnIsNotNull(col 0) -> boolean) -> boolean
-              predicate: ((cdecimal1 > 0) and (cdecimal1 < 12345.5678) and (cdecimal2 <> 0) and (cdecimal2 > 1000) and cdouble is not null) (type: boolean)
+              predicate: ((cdecimal1 < 12345.5678) and (cdecimal1 > 0) and (cdecimal2 <> 0) and (cdecimal2 > 1000) and cdouble is not null) (type: boolean)
               Statistics: Num rows: 455 Data size: 78809 Basic stats: COMPLETE Column stats: NONE
               Select Operator
                 expressions: (cdecimal1 + cdecimal2) (type: decimal(25,14)), (cdecimal1 - (2 * cdecimal2)) (type: decimal(26,14)), ((cdecimal1 + 2.34) / cdecimal2) (type: decimal(38,13)), (cdecimal1 * (cdecimal2 / 3.4)) (type: decimal(38,17)), (cdecimal1 % 10) (type: decimal(12,10)), UDFToInteger(cdecimal1) (type: int), UDFToShort(cdecimal2) (type: smallint), UDFToByte(cdecimal2) (type: tinyint), UDFToLong(cdecimal1) (type: bigint), UDFToBoolean(cdecimal1) (type: boolean), UDFToDouble(cdecimal2) (type: double), UDFToFloat(cdecimal1) (type: float), UDFToString(cdecimal2) (type: string), CAST( cdecimal1 AS TIMESTAMP) (type: timestamp)
diff --git a/ql/src/test/results/clientpositive/vector_interval_mapjoin.q.out b/ql/src/test/results/clientpositive/vector_interval_mapjoin.q.out
index f914d28a08..3de5628ca3 100644
--- a/ql/src/test/results/clientpositive/vector_interval_mapjoin.q.out
+++ b/ql/src/test/results/clientpositive/vector_interval_mapjoin.q.out
@@ -202,7 +202,7 @@ STAGE PLANS:
             alias: vectortab_b_1korc
             Statistics: Num rows: 1000 Data size: 458448 Basic stats: COMPLETE Column stats: NONE
             Filter Operator
-              predicate: (dt is not null and ts is not null and s is not null) (type: boolean)
+              predicate: (dt is not null and s is not null and ts is not null) (type: boolean)
               Statistics: Num rows: 1000 Data size: 458448 Basic stats: COMPLETE Column stats: NONE
               Select Operator
                 expressions: s (type: string), (dt - CAST( ts AS DATE)) (type: interval_day_time)
@@ -227,7 +227,7 @@ STAGE PLANS:
                   className: VectorFilterOperator
                   native: true
                   predicateExpression: FilterExprAndExpr(children: SelectColumnIsNotNull(col 12) -> boolean, SelectColumnIsNotNull(col 10) -> boolean, SelectColumnIsNotNull(col 8) -> boolean) -> boolean
-              predicate: (dt is not null and ts is not null and s is not null) (type: boolean)
+              predicate: (dt is not null and s is not null and ts is not null) (type: boolean)
               Statistics: Num rows: 1000 Data size: 460264 Basic stats: COMPLETE Column stats: NONE
               Select Operator
                 expressions: s (type: string), (dt - CAST( ts AS DATE)) (type: interval_day_time)
diff --git a/ql/src/test/results/clientpositive/vector_mapjoin_reduce.q.out b/ql/src/test/results/clientpositive/vector_mapjoin_reduce.q.out
index e20bdf598d..faf624b4e0 100644
--- a/ql/src/test/results/clientpositive/vector_mapjoin_reduce.q.out
+++ b/ql/src/test/results/clientpositive/vector_mapjoin_reduce.q.out
@@ -107,7 +107,7 @@ STAGE PLANS:
             alias: li
             Statistics: Num rows: 100 Data size: 11999 Basic stats: COMPLETE Column stats: NONE
             Filter Operator
-              predicate: ((l_linenumber = 1) and l_partkey is not null and l_orderkey is not null) (type: boolean)
+              predicate: ((l_linenumber = 1) and l_orderkey is not null and l_partkey is not null) (type: boolean)
               Statistics: Num rows: 50 Data size: 5999 Basic stats: COMPLETE Column stats: NONE
               Select Operator
                 expressions: l_orderkey (type: int), l_partkey (type: int), l_suppkey (type: int)
diff --git a/ql/src/test/results/clientpositive/vector_mr_diff_schema_alias.q.out b/ql/src/test/results/clientpositive/vector_mr_diff_schema_alias.q.out
index 725bad3337..0263ec640b 100644
--- a/ql/src/test/results/clientpositive/vector_mr_diff_schema_alias.q.out
+++ b/ql/src/test/results/clientpositive/vector_mr_diff_schema_alias.q.out
@@ -251,7 +251,7 @@ STAGE PLANS:
             alias: store_sales
             Statistics: Num rows: 1 Data size: 0 Basic stats: PARTIAL Column stats: NONE
             Filter Operator
-              predicate: (ss_store_sk is not null and ss_sold_date_sk is not null) (type: boolean)
+              predicate: (ss_sold_date_sk is not null and ss_store_sk is not null) (type: boolean)
               Statistics: Num rows: 1 Data size: 0 Basic stats: PARTIAL Column stats: NONE
               Select Operator
                 expressions: ss_sold_date_sk (type: int), ss_store_sk (type: int)
diff --git a/ql/src/test/results/clientpositive/vector_multi_insert.q.out b/ql/src/test/results/clientpositive/vector_multi_insert.q.out
index 4013cd4694..226eb56bbd 100644
--- a/ql/src/test/results/clientpositive/vector_multi_insert.q.out
+++ b/ql/src/test/results/clientpositive/vector_multi_insert.q.out
@@ -126,7 +126,7 @@ STAGE PLANS:
                       serde: org.apache.hadoop.hive.serde2.lazy.LazySimpleSerDe
                       name: default.orc_rn1
             Filter Operator
-              predicate: ((rn >= 100) and (rn < 1000)) (type: boolean)
+              predicate: ((rn < 1000) and (rn >= 100)) (type: boolean)
               Statistics: Num rows: 1 Data size: 4 Basic stats: COMPLETE Column stats: NONE
               Select Operator
                 expressions: rn (type: int)
diff --git a/ql/src/test/results/clientpositive/vector_windowing_multipartitioning.q.out b/ql/src/test/results/clientpositive/vector_windowing_multipartitioning.q.out
index 40994617f8..ecc260426d 100644
--- a/ql/src/test/results/clientpositive/vector_windowing_multipartitioning.q.out
+++ b/ql/src/test/results/clientpositive/vector_windowing_multipartitioning.q.out
@@ -10195,7 +10195,7 @@ STAGE PLANS:
                   className: VectorFilterOperator
                   native: true
                   predicateExpression: FilterExprOrExpr(children: FilterStringGroupColEqualStringScalar(col 7, val tom allen) -> boolean, FilterStringGroupColEqualStringScalar(col 7, val bob steinbeck) -> boolean) -> boolean
-              predicate: ((s = 'tom allen') or (s = 'bob steinbeck')) (type: boolean)
+              predicate: ((s = 'bob steinbeck') or (s = 'tom allen')) (type: boolean)
               Statistics: Num rows: 3912 Data size: 1017283 Basic stats: COMPLETE Column stats: NONE
               Reduce Output Operator
                 key expressions: s (type: string), dec (type: decimal(4,2))
@@ -10420,7 +10420,7 @@ STAGE PLANS:
                   className: VectorFilterOperator
                   native: true
                   predicateExpression: FilterExprOrExpr(children: FilterStringGroupColEqualStringScalar(col 7, val tom allen) -> boolean, FilterStringGroupColEqualStringScalar(col 7, val bob steinbeck) -> boolean) -> boolean
-              predicate: ((s = 'tom allen') or (s = 'bob steinbeck')) (type: boolean)
+              predicate: ((s = 'bob steinbeck') or (s = 'tom allen')) (type: boolean)
               Statistics: Num rows: 9084 Data size: 1017431 Basic stats: COMPLETE Column stats: NONE
               Reduce Output Operator
                 key expressions: s (type: string)
@@ -10638,7 +10638,7 @@ STAGE PLANS:
                   className: VectorFilterOperator
                   native: true
                   predicateExpression: FilterExprOrExpr(children: FilterStringGroupColEqualStringScalar(col 7, val tom allen) -> boolean, FilterStringGroupColEqualStringScalar(col 7, val bob steinbeck) -> boolean) -> boolean
-              predicate: ((s = 'tom allen') or (s = 'bob steinbeck')) (type: boolean)
+              predicate: ((s = 'bob steinbeck') or (s = 'tom allen')) (type: boolean)
               Statistics: Num rows: 4892 Data size: 1017544 Basic stats: COMPLETE Column stats: NONE
               Reduce Output Operator
                 key expressions: s (type: string), bo (type: boolean)
@@ -10858,7 +10858,7 @@ STAGE PLANS:
                   className: VectorFilterOperator
                   native: true
                   predicateExpression: FilterExprOrExpr(children: FilterStringGroupColEqualStringScalar(col 7, val tom allen) -> boolean, FilterStringGroupColEqualStringScalar(col 7, val bob steinbeck) -> boolean) -> boolean
-              predicate: ((s = 'tom allen') or (s = 'bob steinbeck')) (type: boolean)
+              predicate: ((s = 'bob steinbeck') or (s = 'tom allen')) (type: boolean)
               Statistics: Num rows: 9420 Data size: 1017435 Basic stats: COMPLETE Column stats: NONE
               Reduce Output Operator
                 key expressions: i (type: int)
@@ -11087,7 +11087,7 @@ STAGE PLANS:
                   className: VectorFilterOperator
                   native: true
                   predicateExpression: FilterExprOrExpr(children: FilterStringGroupColEqualStringScalar(col 7, val tom allen) -> boolean, FilterStringGroupColEqualStringScalar(col 7, val bob steinbeck) -> boolean) -> boolean
-              predicate: ((s = 'tom allen') or (s = 'bob steinbeck')) (type: boolean)
+              predicate: ((s = 'bob steinbeck') or (s = 'tom allen')) (type: boolean)
               Statistics: Num rows: 4624 Data size: 1017323 Basic stats: COMPLETE Column stats: NONE
               Reduce Output Operator
                 key expressions: s (type: string), dec (type: decimal(4,2))
diff --git a/ql/src/test/results/clientpositive/vectorization_1.q.out b/ql/src/test/results/clientpositive/vectorization_1.q.out
index 9c2ce2a174..35e5b9d89c 100644
--- a/ql/src/test/results/clientpositive/vectorization_1.q.out
+++ b/ql/src/test/results/clientpositive/vectorization_1.q.out
@@ -63,7 +63,7 @@ STAGE PLANS:
                   className: VectorFilterOperator
                   native: true
                   predicateExpression: FilterExprOrExpr(children: FilterExprAndExpr(children: FilterDoubleColGreaterDoubleColumn(col 5, col 12)(children: CastLongToDouble(col 0) -> 12:double) -> boolean, FilterLongColGreaterLongScalar(col 11, val 0) -> boolean) -> boolean, FilterLongColLessLongColumn(col 3, col 0)(children: col 0) -> boolean, FilterLongColGreaterLongColumn(col 2, col 3)(children: col 2) -> boolean, FilterLongColLessLongScalar(col 10, val 0) -> boolean) -> boolean
-              predicate: (((cdouble > UDFToDouble(ctinyint)) and (cboolean2 > 0)) or (cbigint < UDFToLong(ctinyint)) or (UDFToLong(cint) > cbigint) or (cboolean1 < 0)) (type: boolean)
+              predicate: (((cdouble > UDFToDouble(ctinyint)) and (cboolean2 > 0)) or (UDFToLong(cint) > cbigint) or (cbigint < UDFToLong(ctinyint)) or (cboolean1 < 0)) (type: boolean)
               Statistics: Num rows: 12288 Data size: 2641964 Basic stats: COMPLETE Column stats: NONE
               Select Operator
                 expressions: ctinyint (type: tinyint), cint (type: int), cfloat (type: float), cdouble (type: double)
diff --git a/ql/src/test/results/clientpositive/vectorization_10.q.out b/ql/src/test/results/clientpositive/vectorization_10.q.out
index 791414ff4f..b4fa340b06 100644
--- a/ql/src/test/results/clientpositive/vectorization_10.q.out
+++ b/ql/src/test/results/clientpositive/vectorization_10.q.out
@@ -69,7 +69,7 @@ STAGE PLANS:
                   className: VectorFilterOperator
                   native: true
                   predicateExpression: FilterExprOrExpr(children: FilterStringGroupColLessEqualStringScalar(col 7, val 10) -> boolean, FilterExprAndExpr(children: FilterDoubleColGreaterDoubleColumn(col 12, col 5)(children: CastLongToDouble(col 0) -> 12:double) -> boolean, FilterDecimalScalarGreaterEqualDecimalColumn(val -5638.15, col 13)(children: CastLongToDecimal(col 0) -> 13:decimal(6,2)) -> boolean) -> boolean, FilterExprAndExpr(children: FilterDoubleColGreaterDoubleScalar(col 5, val 6981.0) -> boolean, FilterExprOrExpr(children: FilterDecimalColEqualDecimalScalar(col 14, val 9763215.5639)(children: CastLongToDecimal(col 1) -> 14:decimal(11,4)) -> boolean, FilterStringColLikeStringScalar(col 6, pattern %a) -> boolean) -> boolean) -> boolean) -> boolean
-              predicate: ((cstring2 <= '10') or ((UDFToDouble(ctinyint) > cdouble) and (-5638.15 >= CAST( ctinyint AS decimal(6,2)))) or ((cdouble > 6981.0) and ((CAST( csmallint AS decimal(11,4)) = 9763215.5639) or (cstring1 like '%a')))) (type: boolean)
+              predicate: (((UDFToDouble(ctinyint) > cdouble) and (-5638.15 >= CAST( ctinyint AS decimal(6,2)))) or ((cdouble > 6981.0) and ((CAST( csmallint AS decimal(11,4)) = 9763215.5639) or (cstring1 like '%a'))) or (cstring2 <= '10')) (type: boolean)
               Statistics: Num rows: 9557 Data size: 2054789 Basic stats: COMPLETE Column stats: NONE
               Select Operator
                 expressions: cdouble (type: double), ctimestamp1 (type: timestamp), ctinyint (type: tinyint), cboolean1 (type: boolean), cstring1 (type: string), (- cdouble) (type: double), (cdouble + UDFToDouble(csmallint)) (type: double), ((cdouble + UDFToDouble(csmallint)) % 33.0) (type: double), (- cdouble) (type: double), (UDFToDouble(ctinyint) % cdouble) (type: double), (UDFToShort(ctinyint) % csmallint) (type: smallint), (- cdouble) (type: double), (cbigint * UDFToLong((UDFToShort(ctinyint) % csmallint))) (type: bigint), (9763215.5639 - (cdouble + UDFToDouble(csmallint))) (type: double), (- (- cdouble)) (type: double)
diff --git a/ql/src/test/results/clientpositive/vectorization_12.q.out b/ql/src/test/results/clientpositive/vectorization_12.q.out
index 2f08aaa11b..c36ae33f2e 100644
--- a/ql/src/test/results/clientpositive/vectorization_12.q.out
+++ b/ql/src/test/results/clientpositive/vectorization_12.q.out
@@ -86,7 +86,7 @@ STAGE PLANS:
                   className: VectorFilterOperator
                   native: true
                   predicateExpression: FilterExprAndExpr(children: SelectColumnIsNull(col 8) -> boolean, FilterExprOrExpr(children: FilterLongColGreaterEqualLongColumn(col 10, col 11) -> boolean, FilterLongColNotEqualLongColumn(col 0, col 1)(children: col 0) -> boolean) -> boolean, FilterExprOrExpr(children: FilterStringColLikeStringScalar(col 6, pattern %a) -> boolean, FilterExprAndExpr(children: FilterLongColLessEqualLongScalar(col 11, val 1) -> boolean, FilterLongColGreaterEqualLongColumn(col 3, col 1)(children: col 1) -> boolean) -> boolean) -> boolean) -> boolean
-              predicate: (ctimestamp1 is null and ((cboolean1 >= cboolean2) or (UDFToShort(ctinyint) <> csmallint)) and ((cstring1 like '%a') or ((cboolean2 <= 1) and (cbigint >= UDFToLong(csmallint))))) (type: boolean)
+              predicate: (((cboolean1 >= cboolean2) or (UDFToShort(ctinyint) <> csmallint)) and ((cstring1 like '%a') or ((cboolean2 <= 1) and (cbigint >= UDFToLong(csmallint)))) and ctimestamp1 is null) (type: boolean)
               Statistics: Num rows: 3754 Data size: 807123 Basic stats: COMPLETE Column stats: NONE
               Select Operator
                 expressions: cbigint (type: bigint), cdouble (type: double), cstring1 (type: string), cboolean1 (type: boolean)
diff --git a/ql/src/test/results/clientpositive/vectorization_13.q.out b/ql/src/test/results/clientpositive/vectorization_13.q.out
index 58529720dd..fc75aa49ae 100644
--- a/ql/src/test/results/clientpositive/vectorization_13.q.out
+++ b/ql/src/test/results/clientpositive/vectorization_13.q.out
@@ -88,7 +88,7 @@ STAGE PLANS:
                   className: VectorFilterOperator
                   native: true
                   predicateExpression: FilterExprOrExpr(children: FilterExprAndExpr(children: FilterDoubleColLessDoubleScalar(col 4, val 3569.0) -> boolean, FilterDoubleScalarGreaterEqualDoubleColumn(val 10.175, col 5) -> boolean, FilterLongColNotEqualLongScalar(col 10, val 1) -> boolean) -> boolean, FilterExprAndExpr(children: FilterDoubleColGreaterDoubleScalar(col 12, val 11.0)(children: CastTimestampToDouble(col 8) -> 12:double) -> boolean, FilterDoubleColNotEqualDoubleScalar(col 12, val 12.0)(children: CastTimestampToDouble(col 9) -> 12:double) -> boolean, FilterDecimalColLessDecimalScalar(col 13, val 9763215.5639)(children: CastLongToDecimal(col 0) -> 13:decimal(11,4)) -> boolean) -> boolean) -> boolean
-              predicate: (((cfloat < 3569) and (10.175 >= cdouble) and (cboolean1 <> 1)) or ((UDFToDouble(ctimestamp1) > 11.0) and (UDFToDouble(ctimestamp2) <> 12.0) and (CAST( ctinyint AS decimal(11,4)) < 9763215.5639))) (type: boolean)
+              predicate: (((UDFToDouble(ctimestamp1) > 11.0) and (UDFToDouble(ctimestamp2) <> 12.0) and (CAST( ctinyint AS decimal(11,4)) < 9763215.5639)) or ((cfloat < 3569) and (10.175 >= cdouble) and (cboolean1 <> 1))) (type: boolean)
               Statistics: Num rows: 2730 Data size: 586959 Basic stats: COMPLETE Column stats: NONE
               Select Operator
                 expressions: ctinyint (type: tinyint), cfloat (type: float), cstring1 (type: string), ctimestamp1 (type: timestamp), cboolean1 (type: boolean)
@@ -422,7 +422,7 @@ STAGE PLANS:
                   className: VectorFilterOperator
                   native: true
                   predicateExpression: FilterExprOrExpr(children: FilterExprAndExpr(children: FilterDoubleColLessDoubleScalar(col 4, val 3569.0) -> boolean, FilterDoubleScalarGreaterEqualDoubleColumn(val 10.175, col 5) -> boolean, FilterLongColNotEqualLongScalar(col 10, val 1) -> boolean) -> boolean, FilterExprAndExpr(children: FilterDoubleColGreaterDoubleScalar(col 12, val -1.388)(children: CastTimestampToDouble(col 8) -> 12:double) -> boolean, FilterDoubleColNotEqualDoubleScalar(col 12, val -1.3359999999999999)(children: CastTimestampToDouble(col 9) -> 12:double) -> boolean, FilterDecimalColLessDecimalScalar(col 13, val 9763215.5639)(children: CastLongToDecimal(col 0) -> 13:decimal(11,4)) -> boolean) -> boolean) -> boolean
-              predicate: (((cfloat < 3569) and (10.175 >= cdouble) and (cboolean1 <> 1)) or ((UDFToDouble(ctimestamp1) > -1.388) and (UDFToDouble(ctimestamp2) <> -1.3359999999999999) and (CAST( ctinyint AS decimal(11,4)) < 9763215.5639))) (type: boolean)
+              predicate: (((UDFToDouble(ctimestamp1) > -1.388) and (UDFToDouble(ctimestamp2) <> -1.3359999999999999) and (CAST( ctinyint AS decimal(11,4)) < 9763215.5639)) or ((cfloat < 3569) and (10.175 >= cdouble) and (cboolean1 <> 1))) (type: boolean)
               Statistics: Num rows: 2730 Data size: 586959 Basic stats: COMPLETE Column stats: NONE
               Select Operator
                 expressions: ctinyint (type: tinyint), cfloat (type: float), cstring1 (type: string), ctimestamp1 (type: timestamp), cboolean1 (type: boolean)
diff --git a/ql/src/test/results/clientpositive/vectorization_14.q.out b/ql/src/test/results/clientpositive/vectorization_14.q.out
index 536a2a1730..e8839d7e06 100644
--- a/ql/src/test/results/clientpositive/vectorization_14.q.out
+++ b/ql/src/test/results/clientpositive/vectorization_14.q.out
@@ -88,7 +88,7 @@ STAGE PLANS:
                   className: VectorFilterOperator
                   native: true
                   predicateExpression: FilterExprAndExpr(children: FilterLongColLessEqualLongColumn(col 0, col 3)(children: col 0) -> boolean, FilterExprOrExpr(children: FilterDoubleColLessEqualDoubleColumn(col 12, col 5)(children: CastLongToDouble(col 2) -> 12:double) -> boolean, FilterTimestampColLessTimestampColumn(col 9, col 8) -> boolean) -> boolean, FilterDoubleColLessDoubleColumn(col 5, col 12)(children: CastLongToDouble(col 0) -> 12:double) -> boolean, FilterExprOrExpr(children: FilterLongColGreaterLongScalar(col 3, val -257) -> boolean, FilterDoubleColLessDoubleColumn(col 4, col 12)(children: CastLongToFloatViaLongToDouble(col 2) -> 12:double) -> boolean) -> boolean) -> boolean
-              predicate: ((UDFToLong(ctinyint) <= cbigint) and ((UDFToDouble(cint) <= cdouble) or (ctimestamp2 < ctimestamp1)) and (cdouble < UDFToDouble(ctinyint)) and ((cbigint > -257) or (cfloat < UDFToFloat(cint)))) (type: boolean)
+              predicate: (((UDFToDouble(cint) <= cdouble) or (ctimestamp2 < ctimestamp1)) and ((cbigint > -257) or (cfloat < UDFToFloat(cint))) and (UDFToLong(ctinyint) <= cbigint) and (cdouble < UDFToDouble(ctinyint))) (type: boolean)
               Statistics: Num rows: 606 Data size: 130292 Basic stats: COMPLETE Column stats: NONE
               Select Operator
                 expressions: ctimestamp1 (type: timestamp), cfloat (type: float), cstring1 (type: string), cboolean1 (type: boolean), cdouble (type: double), (- (-26.28 + cdouble)) (type: double)
diff --git a/ql/src/test/results/clientpositive/vectorization_15.q.out b/ql/src/test/results/clientpositive/vectorization_15.q.out
index 8eff856829..3b703b7df9 100644
--- a/ql/src/test/results/clientpositive/vectorization_15.q.out
+++ b/ql/src/test/results/clientpositive/vectorization_15.q.out
@@ -84,7 +84,7 @@ STAGE PLANS:
                   className: VectorFilterOperator
                   native: true
                   predicateExpression: FilterExprOrExpr(children: FilterStringColLikeStringScalar(col 7, pattern %ss%) -> boolean, FilterStringColLikeStringScalar(col 6, pattern 10%) -> boolean, FilterExprAndExpr(children: FilterLongColGreaterEqualLongScalar(col 2, val -75) -> boolean, FilterLongColEqualLongColumn(col 0, col 1)(children: col 0) -> boolean, FilterDoubleColGreaterEqualDoubleScalar(col 5, val -3728.0) -> boolean) -> boolean) -> boolean
-              predicate: ((cstring2 like '%ss%') or (cstring1 like '10%') or ((cint >= -75) and (UDFToShort(ctinyint) = csmallint) and (cdouble >= -3728.0))) (type: boolean)
+              predicate: (((cint >= -75) and (UDFToShort(ctinyint) = csmallint) and (cdouble >= -3728.0)) or (cstring1 like '10%') or (cstring2 like '%ss%')) (type: boolean)
               Statistics: Num rows: 12288 Data size: 2641964 Basic stats: COMPLETE Column stats: NONE
               Select Operator
                 expressions: ctinyint (type: tinyint), cint (type: int), cfloat (type: float), cdouble (type: double), cstring1 (type: string), ctimestamp1 (type: timestamp), cboolean1 (type: boolean)
diff --git a/ql/src/test/results/clientpositive/vectorization_16.q.out b/ql/src/test/results/clientpositive/vectorization_16.q.out
index 7af0bbd40c..2b9f47be5c 100644
--- a/ql/src/test/results/clientpositive/vectorization_16.q.out
+++ b/ql/src/test/results/clientpositive/vectorization_16.q.out
@@ -61,7 +61,7 @@ STAGE PLANS:
                   className: VectorFilterOperator
                   native: true
                   predicateExpression: FilterExprAndExpr(children: FilterStringColLikeStringScalar(col 7, pattern %b%) -> boolean, FilterExprOrExpr(children: FilterDoubleColGreaterEqualDoubleScalar(col 5, val -1.389) -> boolean, FilterStringGroupColLessStringScalar(col 6, val a) -> boolean) -> boolean) -> boolean
-              predicate: ((cstring2 like '%b%') and ((cdouble >= -1.389) or (cstring1 < 'a'))) (type: boolean)
+              predicate: (((cdouble >= -1.389) or (cstring1 < 'a')) and (cstring2 like '%b%')) (type: boolean)
               Statistics: Num rows: 4096 Data size: 880654 Basic stats: COMPLETE Column stats: NONE
               Select Operator
                 expressions: cdouble (type: double), cstring1 (type: string), ctimestamp1 (type: timestamp)
diff --git a/ql/src/test/results/clientpositive/vectorization_17.q.out b/ql/src/test/results/clientpositive/vectorization_17.q.out
index d60c28a3fc..4fe8bcbd96 100644
--- a/ql/src/test/results/clientpositive/vectorization_17.q.out
+++ b/ql/src/test/results/clientpositive/vectorization_17.q.out
@@ -69,7 +69,7 @@ STAGE PLANS:
                   className: VectorFilterOperator
                   native: true
                   predicateExpression: FilterExprAndExpr(children: FilterLongColGreaterLongScalar(col 3, val -23) -> boolean, FilterExprOrExpr(children: FilterDoubleColNotEqualDoubleScalar(col 5, val 988888.0) -> boolean, FilterDecimalColGreaterDecimalScalar(col 12, val -863.257)(children: CastLongToDecimal(col 2) -> 12:decimal(13,3)) -> boolean) -> boolean, FilterExprOrExpr(children: FilterLongColGreaterEqualLongScalar(col 0, val 33) -> boolean, FilterLongColGreaterEqualLongColumn(col 1, col 3)(children: col 1) -> boolean, FilterDoubleColEqualDoubleColumn(col 4, col 5)(children: col 4) -> boolean) -> boolean) -> boolean
-              predicate: ((cbigint > -23) and ((cdouble <> 988888.0) or (CAST( cint AS decimal(13,3)) > -863.257)) and ((ctinyint >= 33) or (UDFToLong(csmallint) >= cbigint) or (UDFToDouble(cfloat) = cdouble))) (type: boolean)
+              predicate: (((cdouble <> 988888.0) or (CAST( cint AS decimal(13,3)) > -863.257)) and ((ctinyint >= 33) or (UDFToLong(csmallint) >= cbigint) or (UDFToDouble(cfloat) = cdouble)) and (cbigint > -23)) (type: boolean)
               Statistics: Num rows: 4096 Data size: 880654 Basic stats: COMPLETE Column stats: NONE
               Select Operator
                 expressions: cfloat (type: float), cstring1 (type: string), cint (type: int), ctimestamp1 (type: timestamp), cdouble (type: double), cbigint (type: bigint), (UDFToDouble(cfloat) / UDFToDouble(ctinyint)) (type: double), (UDFToLong(cint) % cbigint) (type: bigint), (- cdouble) (type: double), (cdouble + (UDFToDouble(cfloat) / UDFToDouble(ctinyint))) (type: double), (cdouble / UDFToDouble(cint)) (type: double), (- (- cdouble)) (type: double), (9763215.5639 % CAST( cbigint AS decimal(19,0))) (type: decimal(11,4)), (2563.58 + (- (- cdouble))) (type: double)
diff --git a/ql/src/test/results/clientpositive/vectorization_2.q.out b/ql/src/test/results/clientpositive/vectorization_2.q.out
index 47ff8d48ba..d3abb94b5c 100644
--- a/ql/src/test/results/clientpositive/vectorization_2.q.out
+++ b/ql/src/test/results/clientpositive/vectorization_2.q.out
@@ -67,7 +67,7 @@ STAGE PLANS:
                   className: VectorFilterOperator
                   native: true
                   predicateExpression: FilterExprOrExpr(children: FilterExprAndExpr(children: FilterTimestampColLessTimestampColumn(col 8, col 9) -> boolean, FilterStringColLikeStringScalar(col 7, pattern b%) -> boolean, FilterDoubleColLessEqualDoubleScalar(col 4, val -5638.14990234375) -> boolean) -> boolean, FilterExprAndExpr(children: FilterDoubleColLessDoubleColumn(col 5, col 12)(children: CastLongToDouble(col 0) -> 12:double) -> boolean, FilterExprOrExpr(children: FilterDoubleScalarNotEqualDoubleColumn(val -10669.0, col 12)(children: CastTimestampToDouble(col 9) -> 12:double) -> boolean, FilterLongScalarGreaterLongColumn(val 359, col 2) -> boolean) -> boolean) -> boolean) -> boolean
-              predicate: (((ctimestamp1 < ctimestamp2) and (cstring2 like 'b%') and (cfloat <= -5638.15)) or ((cdouble < UDFToDouble(ctinyint)) and ((-10669.0 <> UDFToDouble(ctimestamp2)) or (359 > cint)))) (type: boolean)
+              predicate: (((cdouble < UDFToDouble(ctinyint)) and ((-10669.0 <> UDFToDouble(ctimestamp2)) or (359 > cint))) or ((ctimestamp1 < ctimestamp2) and (cstring2 like 'b%') and (cfloat <= -5638.15))) (type: boolean)
               Statistics: Num rows: 4778 Data size: 1027287 Basic stats: COMPLETE Column stats: NONE
               Select Operator
                 expressions: ctinyint (type: tinyint), csmallint (type: smallint), cbigint (type: bigint), cfloat (type: float), cdouble (type: double)
diff --git a/ql/src/test/results/clientpositive/vectorization_3.q.out b/ql/src/test/results/clientpositive/vectorization_3.q.out
index a730ca6f56..698d57b13c 100644
--- a/ql/src/test/results/clientpositive/vectorization_3.q.out
+++ b/ql/src/test/results/clientpositive/vectorization_3.q.out
@@ -72,7 +72,7 @@ STAGE PLANS:
                   className: VectorFilterOperator
                   native: true
                   predicateExpression: FilterExprOrExpr(children: FilterExprAndExpr(children: FilterDoubleColLessEqualDoubleColumn(col 12, col 4)(children: CastLongToFloatViaLongToDouble(col 2) -> 12:double) -> boolean, FilterDecimalScalarNotEqualDecimalColumn(val 79.553, col 13)(children: CastLongToDecimal(col 3) -> 13:decimal(22,3)) -> boolean, FilterDoubleColEqualDoubleScalar(col 12, val -29071.0)(children: CastTimestampToDouble(col 9) -> 12:double) -> boolean) -> boolean, FilterExprAndExpr(children: FilterDoubleColGreaterDoubleColumn(col 12, col 5)(children: CastLongToDouble(col 3) -> 12:double) -> boolean, FilterDecimalScalarLessEqualDecimalColumn(val 79.553, col 14)(children: CastLongToDecimal(col 1) -> 14:decimal(8,3)) -> boolean, FilterTimestampColGreaterTimestampColumn(col 8, col 9) -> boolean) -> boolean) -> boolean
-              predicate: (((UDFToFloat(cint) <= cfloat) and (79.553 <> CAST( cbigint AS decimal(22,3))) and (UDFToDouble(ctimestamp2) = -29071.0)) or ((UDFToDouble(cbigint) > cdouble) and (79.553 <= CAST( csmallint AS decimal(8,3))) and (ctimestamp1 > ctimestamp2))) (type: boolean)
+              predicate: (((UDFToDouble(cbigint) > cdouble) and (79.553 <= CAST( csmallint AS decimal(8,3))) and (ctimestamp1 > ctimestamp2)) or ((UDFToFloat(cint) <= cfloat) and (79.553 <> CAST( cbigint AS decimal(22,3))) and (UDFToDouble(ctimestamp2) = -29071.0))) (type: boolean)
               Statistics: Num rows: 2503 Data size: 538153 Basic stats: COMPLETE Column stats: NONE
               Select Operator
                 expressions: ctinyint (type: tinyint), csmallint (type: smallint), cint (type: int), cfloat (type: float)
diff --git a/ql/src/test/results/clientpositive/vectorization_4.q.out b/ql/src/test/results/clientpositive/vectorization_4.q.out
index 0199d7db16..7a5d0a6e06 100644
--- a/ql/src/test/results/clientpositive/vectorization_4.q.out
+++ b/ql/src/test/results/clientpositive/vectorization_4.q.out
@@ -67,7 +67,7 @@ STAGE PLANS:
                   className: VectorFilterOperator
                   native: true
                   predicateExpression: FilterExprOrExpr(children: FilterLongColGreaterEqualLongColumn(col 1, col 2)(children: col 1) -> boolean, FilterExprAndExpr(children: FilterLongScalarGreaterEqualLongColumn(val -89010, col 0)(children: col 0) -> boolean, FilterDoubleColGreaterDoubleScalar(col 5, val 79.553) -> boolean) -> boolean, FilterExprAndExpr(children: FilterLongScalarNotEqualLongColumn(val -563, col 3) -> boolean, FilterExprOrExpr(children: FilterLongColNotEqualLongColumn(col 0, col 3)(children: col 0) -> boolean, FilterDoubleScalarGreaterEqualDoubleColumn(val -3728.0, col 5) -> boolean) -> boolean) -> boolean) -> boolean
-              predicate: ((UDFToInteger(csmallint) >= cint) or ((-89010 >= UDFToInteger(ctinyint)) and (cdouble > 79.553)) or ((-563 <> cbigint) and ((UDFToLong(ctinyint) <> cbigint) or (-3728.0 >= cdouble)))) (type: boolean)
+              predicate: (((-563 <> cbigint) and ((UDFToLong(ctinyint) <> cbigint) or (-3728.0 >= cdouble))) or ((-89010 >= UDFToInteger(ctinyint)) and (cdouble > 79.553)) or (UDFToInteger(csmallint) >= cint)) (type: boolean)
               Statistics: Num rows: 12288 Data size: 2641964 Basic stats: COMPLETE Column stats: NONE
               Select Operator
                 expressions: ctinyint (type: tinyint), cint (type: int), cdouble (type: double)
diff --git a/ql/src/test/results/clientpositive/vectorization_5.q.out b/ql/src/test/results/clientpositive/vectorization_5.q.out
index 33707c7006..3370ea1a0f 100644
--- a/ql/src/test/results/clientpositive/vectorization_5.q.out
+++ b/ql/src/test/results/clientpositive/vectorization_5.q.out
@@ -61,7 +61,7 @@ STAGE PLANS:
                   className: VectorFilterOperator
                   native: true
                   predicateExpression: FilterExprOrExpr(children: FilterExprAndExpr(children: SelectColumnIsNotNull(col 11) -> boolean, FilterStringColLikeStringScalar(col 6, pattern %b%) -> boolean) -> boolean, FilterExprAndExpr(children: FilterDoubleColEqualDoubleColumn(col 12, col 5)(children: CastLongToDouble(col 0) -> 12:double) -> boolean, SelectColumnIsNotNull(col 9) -> boolean, FilterStringColLikeStringScalar(col 7, pattern a) -> boolean) -> boolean) -> boolean
-              predicate: ((cboolean2 is not null and (cstring1 like '%b%')) or ((UDFToDouble(ctinyint) = cdouble) and ctimestamp2 is not null and (cstring2 like 'a'))) (type: boolean)
+              predicate: (((UDFToDouble(ctinyint) = cdouble) and ctimestamp2 is not null and (cstring2 like 'a')) or (cboolean2 is not null and (cstring1 like '%b%'))) (type: boolean)
               Statistics: Num rows: 9216 Data size: 1981473 Basic stats: COMPLETE Column stats: NONE
               Select Operator
                 expressions: ctinyint (type: tinyint), csmallint (type: smallint), cint (type: int)
diff --git a/ql/src/test/results/clientpositive/vectorization_6.q.out b/ql/src/test/results/clientpositive/vectorization_6.q.out
index 9f3da46212..f18af976a9 100644
--- a/ql/src/test/results/clientpositive/vectorization_6.q.out
+++ b/ql/src/test/results/clientpositive/vectorization_6.q.out
@@ -63,7 +63,7 @@ STAGE PLANS:
                   className: VectorFilterOperator
                   native: true
                   predicateExpression: FilterExprAndExpr(children: FilterLongColNotEqualLongScalar(col 0, val 0) -> boolean, FilterExprOrExpr(children: FilterExprAndExpr(children: FilterLongColLessEqualLongScalar(col 10, val 0) -> boolean, FilterLongColGreaterEqualLongColumn(col 11, col 10) -> boolean) -> boolean, FilterExprAndExpr(children: SelectColumnIsNotNull(col 3) -> boolean, FilterExprOrExpr(children: FilterStringColLikeStringScalar(col 7, pattern %a) -> boolean, FilterDoubleColLessEqualDoubleScalar(col 4, val -257.0) -> boolean) -> boolean) -> boolean) -> boolean) -> boolean
-              predicate: ((ctinyint <> 0) and (((cboolean1 <= 0) and (cboolean2 >= cboolean1)) or (cbigint is not null and ((cstring2 like '%a') or (cfloat <= -257))))) (type: boolean)
+              predicate: ((((cboolean1 <= 0) and (cboolean2 >= cboolean1)) or (cbigint is not null and ((cstring2 like '%a') or (cfloat <= -257)))) and (ctinyint <> 0)) (type: boolean)
               Statistics: Num rows: 11605 Data size: 2495116 Basic stats: COMPLETE Column stats: NONE
               Select Operator
                 expressions: cboolean1 (type: boolean), cfloat (type: float), cstring1 (type: string), (988888 * UDFToInteger(csmallint)) (type: int), (- csmallint) (type: smallint), (- cfloat) (type: float), (-26.28 / UDFToDouble(cfloat)) (type: double), (cfloat * 359.0) (type: float), (cint % UDFToInteger(ctinyint)) (type: int), (- cdouble) (type: double), (UDFToInteger(ctinyint) - -75) (type: int), (762 * (cint % UDFToInteger(ctinyint))) (type: int)
diff --git a/ql/src/test/results/clientpositive/vectorization_7.q.out b/ql/src/test/results/clientpositive/vectorization_7.q.out
index afa9891a13..f6160e4ac0 100644
--- a/ql/src/test/results/clientpositive/vectorization_7.q.out
+++ b/ql/src/test/results/clientpositive/vectorization_7.q.out
@@ -75,7 +75,7 @@ STAGE PLANS:
                   className: VectorFilterOperator
                   native: true
                   predicateExpression: FilterExprAndExpr(children: FilterLongColNotEqualLongScalar(col 0, val 0) -> boolean, FilterExprOrExpr(children: FilterDoubleColLessEqualDoubleScalar(col 12, val 0.0)(children: CastTimestampToDouble(col 8) -> 12:double) -> boolean, FilterLongColEqualLongColumn(col 0, col 2)(children: col 0) -> boolean, FilterStringColLikeStringScalar(col 7, pattern ss) -> boolean) -> boolean, FilterExprOrExpr(children: FilterDoubleScalarLessDoubleColumn(val 988888.0, col 5) -> boolean, FilterExprAndExpr(children: FilterDoubleColGreaterDoubleScalar(col 12, val -15.0)(children: CastTimestampToDouble(col 9) -> 12:double) -> boolean, FilterDoubleScalarGreaterEqualDoubleColumn(val 3569.0, col 5) -> boolean) -> boolean) -> boolean) -> boolean
-              predicate: ((ctinyint <> 0) and ((UDFToDouble(ctimestamp1) <= 0.0) or (UDFToInteger(ctinyint) = cint) or (cstring2 like 'ss')) and ((988888.0 < cdouble) or ((UDFToDouble(ctimestamp2) > -15.0) and (3569.0 >= cdouble)))) (type: boolean)
+              predicate: (((988888.0 < cdouble) or ((UDFToDouble(ctimestamp2) > -15.0) and (3569.0 >= cdouble))) and ((UDFToDouble(ctimestamp1) <= 0.0) or (UDFToInteger(ctinyint) = cint) or (cstring2 like 'ss')) and (ctinyint <> 0)) (type: boolean)
               Statistics: Num rows: 5461 Data size: 1174134 Basic stats: COMPLETE Column stats: NONE
               Select Operator
                 expressions: cboolean1 (type: boolean), cbigint (type: bigint), csmallint (type: smallint), ctinyint (type: tinyint), ctimestamp1 (type: timestamp), cstring1 (type: string), (cbigint + cbigint) (type: bigint), (UDFToInteger(csmallint) % -257) (type: int), (- csmallint) (type: smallint), (- ctinyint) (type: tinyint), (UDFToInteger((- ctinyint)) + 17) (type: int), (cbigint * UDFToLong((- csmallint))) (type: bigint), (cint % UDFToInteger(csmallint)) (type: int), (- ctinyint) (type: tinyint), ((- ctinyint) % ctinyint) (type: tinyint)
@@ -295,7 +295,7 @@ STAGE PLANS:
                   className: VectorFilterOperator
                   native: true
                   predicateExpression: FilterExprAndExpr(children: FilterLongColNotEqualLongScalar(col 0, val 0) -> boolean, FilterExprOrExpr(children: FilterDoubleColLessEqualDoubleScalar(col 12, val 0.0)(children: CastTimestampToDouble(col 8) -> 12:double) -> boolean, FilterLongColEqualLongColumn(col 0, col 2)(children: col 0) -> boolean, FilterStringColLikeStringScalar(col 7, pattern ss) -> boolean) -> boolean, FilterExprOrExpr(children: FilterDoubleScalarLessDoubleColumn(val 988888.0, col 5) -> boolean, FilterExprAndExpr(children: FilterDoubleColGreaterDoubleScalar(col 12, val 7.6850000000000005)(children: CastTimestampToDouble(col 9) -> 12:double) -> boolean, FilterDoubleScalarGreaterEqualDoubleColumn(val 3569.0, col 5) -> boolean) -> boolean) -> boolean) -> boolean
-              predicate: ((ctinyint <> 0) and ((UDFToDouble(ctimestamp1) <= 0.0) or (UDFToInteger(ctinyint) = cint) or (cstring2 like 'ss')) and ((988888.0 < cdouble) or ((UDFToDouble(ctimestamp2) > 7.6850000000000005) and (3569.0 >= cdouble)))) (type: boolean)
+              predicate: (((988888.0 < cdouble) or ((UDFToDouble(ctimestamp2) > 7.6850000000000005) and (3569.0 >= cdouble))) and ((UDFToDouble(ctimestamp1) <= 0.0) or (UDFToInteger(ctinyint) = cint) or (cstring2 like 'ss')) and (ctinyint <> 0)) (type: boolean)
               Statistics: Num rows: 5461 Data size: 1174134 Basic stats: COMPLETE Column stats: NONE
               Select Operator
                 expressions: cboolean1 (type: boolean), cbigint (type: bigint), csmallint (type: smallint), ctinyint (type: tinyint), ctimestamp1 (type: timestamp), cstring1 (type: string), (cbigint + cbigint) (type: bigint), (UDFToInteger(csmallint) % -257) (type: int), (- csmallint) (type: smallint), (- ctinyint) (type: tinyint), (UDFToInteger((- ctinyint)) + 17) (type: int), (cbigint * UDFToLong((- csmallint))) (type: bigint), (cint % UDFToInteger(csmallint)) (type: int), (- ctinyint) (type: tinyint), ((- ctinyint) % ctinyint) (type: tinyint)
diff --git a/ql/src/test/results/clientpositive/vectorization_8.q.out b/ql/src/test/results/clientpositive/vectorization_8.q.out
index e56fb53fb9..7adb2cbba0 100644
--- a/ql/src/test/results/clientpositive/vectorization_8.q.out
+++ b/ql/src/test/results/clientpositive/vectorization_8.q.out
@@ -71,7 +71,7 @@ STAGE PLANS:
                   className: VectorFilterOperator
                   native: true
                   predicateExpression: FilterExprOrExpr(children: FilterExprAndExpr(children: SelectColumnIsNotNull(col 7) -> boolean, FilterDoubleColLessEqualDoubleScalar(col 12, val 10.0)(children: CastTimestampToDouble(col 8) -> 12:double) -> boolean, FilterDoubleColNotEqualDoubleScalar(col 12, val 16.0)(children: CastTimestampToDouble(col 9) -> 12:double) -> boolean) -> boolean, FilterDoubleColLessDoubleScalar(col 4, val -6432.0) -> boolean, FilterExprAndExpr(children: SelectColumnIsNotNull(col 10) -> boolean, FilterDoubleColEqualDoubleScalar(col 5, val 988888.0) -> boolean) -> boolean) -> boolean
-              predicate: ((cstring2 is not null and (UDFToDouble(ctimestamp1) <= 10.0) and (UDFToDouble(ctimestamp2) <> 16.0)) or (cfloat < -6432) or (cboolean1 is not null and (cdouble = 988888.0))) (type: boolean)
+              predicate: ((cboolean1 is not null and (cdouble = 988888.0)) or (cfloat < -6432) or (cstring2 is not null and (UDFToDouble(ctimestamp1) <= 10.0) and (UDFToDouble(ctimestamp2) <> 16.0))) (type: boolean)
               Statistics: Num rows: 12288 Data size: 2641964 Basic stats: COMPLETE Column stats: NONE
               Select Operator
                 expressions: ctimestamp1 (type: timestamp), cdouble (type: double), cboolean1 (type: boolean), cstring1 (type: string), cfloat (type: float), (- cdouble) (type: double), (-5638.15 - cdouble) (type: double), (cdouble * -257.0) (type: double), (UDFToFloat(cint) + cfloat) (type: float), ((- cdouble) + UDFToDouble(cbigint)) (type: double), (- cdouble) (type: double), (-1.389 - cfloat) (type: float), (- cfloat) (type: float), ((-5638.15 - cdouble) + UDFToDouble((UDFToFloat(cint) + cfloat))) (type: double)
@@ -278,7 +278,7 @@ STAGE PLANS:
                   className: VectorFilterOperator
                   native: true
                   predicateExpression: FilterExprOrExpr(children: FilterExprAndExpr(children: SelectColumnIsNotNull(col 7) -> boolean, FilterDoubleColLessEqualDoubleScalar(col 12, val 12.503)(children: CastTimestampToDouble(col 8) -> 12:double) -> boolean, FilterDoubleColNotEqualDoubleScalar(col 12, val 11.998)(children: CastTimestampToDouble(col 9) -> 12:double) -> boolean) -> boolean, FilterDoubleColLessDoubleScalar(col 4, val -6432.0) -> boolean, FilterExprAndExpr(children: SelectColumnIsNotNull(col 10) -> boolean, FilterDoubleColEqualDoubleScalar(col 5, val 988888.0) -> boolean) -> boolean) -> boolean
-              predicate: ((cstring2 is not null and (UDFToDouble(ctimestamp1) <= 12.503) and (UDFToDouble(ctimestamp2) <> 11.998)) or (cfloat < -6432) or (cboolean1 is not null and (cdouble = 988888.0))) (type: boolean)
+              predicate: ((cboolean1 is not null and (cdouble = 988888.0)) or (cfloat < -6432) or (cstring2 is not null and (UDFToDouble(ctimestamp1) <= 12.503) and (UDFToDouble(ctimestamp2) <> 11.998))) (type: boolean)
               Statistics: Num rows: 12288 Data size: 2641964 Basic stats: COMPLETE Column stats: NONE
               Select Operator
                 expressions: ctimestamp1 (type: timestamp), cdouble (type: double), cboolean1 (type: boolean), cstring1 (type: string), cfloat (type: float), (- cdouble) (type: double), (-5638.15 - cdouble) (type: double), (cdouble * -257.0) (type: double), (UDFToFloat(cint) + cfloat) (type: float), ((- cdouble) + UDFToDouble(cbigint)) (type: double), (- cdouble) (type: double), (-1.389 - cfloat) (type: float), (- cfloat) (type: float), ((-5638.15 - cdouble) + UDFToDouble((UDFToFloat(cint) + cfloat))) (type: double)
diff --git a/ql/src/test/results/clientpositive/vectorization_9.q.out b/ql/src/test/results/clientpositive/vectorization_9.q.out
index 7af0bbd40c..2b9f47be5c 100644
--- a/ql/src/test/results/clientpositive/vectorization_9.q.out
+++ b/ql/src/test/results/clientpositive/vectorization_9.q.out
@@ -61,7 +61,7 @@ STAGE PLANS:
                   className: VectorFilterOperator
                   native: true
                   predicateExpression: FilterExprAndExpr(children: FilterStringColLikeStringScalar(col 7, pattern %b%) -> boolean, FilterExprOrExpr(children: FilterDoubleColGreaterEqualDoubleScalar(col 5, val -1.389) -> boolean, FilterStringGroupColLessStringScalar(col 6, val a) -> boolean) -> boolean) -> boolean
-              predicate: ((cstring2 like '%b%') and ((cdouble >= -1.389) or (cstring1 < 'a'))) (type: boolean)
+              predicate: (((cdouble >= -1.389) or (cstring1 < 'a')) and (cstring2 like '%b%')) (type: boolean)
               Statistics: Num rows: 4096 Data size: 880654 Basic stats: COMPLETE Column stats: NONE
               Select Operator
                 expressions: cdouble (type: double), cstring1 (type: string), ctimestamp1 (type: timestamp)
diff --git a/ql/src/test/results/clientpositive/vectorization_decimal_date.q.out b/ql/src/test/results/clientpositive/vectorization_decimal_date.q.out
index d2b56effb7..71f2524c81 100644
--- a/ql/src/test/results/clientpositive/vectorization_decimal_date.q.out
+++ b/ql/src/test/results/clientpositive/vectorization_decimal_date.q.out
@@ -39,7 +39,7 @@ STAGE PLANS:
                   className: VectorFilterOperator
                   native: true
                   predicateExpression: FilterExprAndExpr(children: SelectColumnIsNotNull(col 0) -> boolean, SelectColumnIsNotNull(col 1) -> boolean) -> boolean
-              predicate: (cint is not null and cdouble is not null) (type: boolean)
+              predicate: (cdouble is not null and cint is not null) (type: boolean)
               Statistics: Num rows: 12288 Data size: 1651260 Basic stats: COMPLETE Column stats: NONE
               Select Operator
                 expressions: cdate (type: date), cdecimal (type: decimal(20,10))
diff --git a/ql/src/test/results/clientpositive/vectorization_div0.q.out b/ql/src/test/results/clientpositive/vectorization_div0.q.out
index 1dd718094f..58d36bd6a8 100644
--- a/ql/src/test/results/clientpositive/vectorization_div0.q.out
+++ b/ql/src/test/results/clientpositive/vectorization_div0.q.out
@@ -202,7 +202,7 @@ STAGE PLANS:
                   className: VectorFilterOperator
                   native: true
                   predicateExpression: FilterExprAndExpr(children: FilterLongColGreaterLongScalar(col 3, val 0) -> boolean, FilterLongColLessLongScalar(col 3, val 100000000) -> boolean) -> boolean
-              predicate: ((cbigint > 0) and (cbigint < 100000000)) (type: boolean)
+              predicate: ((cbigint < 100000000) and (cbigint > 0)) (type: boolean)
               Statistics: Num rows: 1365 Data size: 293479 Basic stats: COMPLETE Column stats: NONE
               Select Operator
                 expressions: (cbigint - 988888) (type: bigint), (cdouble / UDFToDouble((cbigint - 988888))) (type: double), (1.2 / CAST( (cbigint - 988888) AS decimal(19,0))) (type: decimal(22,21))
@@ -400,7 +400,7 @@ STAGE PLANS:
                   className: VectorFilterOperator
                   native: true
                   predicateExpression: FilterExprAndExpr(children: FilterDoubleColGreaterEqualDoubleScalar(col 5, val -500.0) -> boolean, FilterDoubleColLessDoubleScalar(col 5, val -199.0) -> boolean) -> boolean
-              predicate: ((cdouble >= -500.0) and (cdouble < -199.0)) (type: boolean)
+              predicate: ((cdouble < -199.0) and (cdouble >= -500.0)) (type: boolean)
               Statistics: Num rows: 1365 Data size: 293479 Basic stats: COMPLETE Column stats: NONE
               Select Operator
                 expressions: (cdouble + 200.0) (type: double), (UDFToDouble(cbigint) / (cdouble + 200.0)) (type: double), ((cdouble + 200.0) / (cdouble + 200.0)) (type: double), (3.0 / (cdouble + 200.0)) (type: double), (1.2 / (cdouble + 200.0)) (type: double)
diff --git a/ql/src/test/results/clientpositive/vectorized_case.q.out b/ql/src/test/results/clientpositive/vectorized_case.q.out
index 0a2e803670..8646c0b6a6 100644
--- a/ql/src/test/results/clientpositive/vectorized_case.q.out
+++ b/ql/src/test/results/clientpositive/vectorized_case.q.out
@@ -57,7 +57,7 @@ STAGE PLANS:
                   className: VectorFilterOperator
                   native: true
                   predicateExpression: FilterExprOrExpr(children: FilterLongColEqualLongScalar(col 1, val 418) -> boolean, FilterLongColEqualLongScalar(col 1, val 12205) -> boolean, FilterLongColEqualLongScalar(col 1, val 10583) -> boolean) -> boolean
-              predicate: ((csmallint = 418) or (csmallint = 12205) or (csmallint = 10583)) (type: boolean)
+              predicate: ((csmallint = 10583) or (csmallint = 12205) or (csmallint = 418)) (type: boolean)
               Statistics: Num rows: 12288 Data size: 2641964 Basic stats: COMPLETE Column stats: NONE
               Select Operator
                 expressions: csmallint (type: smallint), CASE WHEN ((csmallint = 418)) THEN ('a') WHEN ((csmallint = 12205)) THEN ('b') ELSE ('c') END (type: string), CASE WHEN ((csmallint = 418)) THEN ('a') WHEN ((csmallint = 12205)) THEN ('b') ELSE ('c') END (type: string)
@@ -195,7 +195,7 @@ STAGE PLANS:
                   className: VectorFilterOperator
                   native: true
                   predicateExpression: FilterExprOrExpr(children: FilterLongColEqualLongScalar(col 1, val 418) -> boolean, FilterLongColEqualLongScalar(col 1, val 12205) -> boolean, FilterLongColEqualLongScalar(col 1, val 10583) -> boolean) -> boolean
-              predicate: ((csmallint = 418) or (csmallint = 12205) or (csmallint = 10583)) (type: boolean)
+              predicate: ((csmallint = 10583) or (csmallint = 12205) or (csmallint = 418)) (type: boolean)
               Statistics: Num rows: 12288 Data size: 2641964 Basic stats: COMPLETE Column stats: NONE
               Select Operator
                 expressions: csmallint (type: smallint), CASE WHEN ((csmallint = 418)) THEN ('a') WHEN ((csmallint = 12205)) THEN ('b') ELSE (null) END (type: string), CASE WHEN ((csmallint = 418)) THEN ('a') WHEN ((csmallint = 12205)) THEN (null) ELSE ('c') END (type: string)
diff --git a/ql/src/test/results/clientpositive/vectorized_context.q.out b/ql/src/test/results/clientpositive/vectorized_context.q.out
index 9f69e8de90..517d41d1fd 100644
--- a/ql/src/test/results/clientpositive/vectorized_context.q.out
+++ b/ql/src/test/results/clientpositive/vectorized_context.q.out
@@ -154,7 +154,7 @@ STAGE PLANS:
             alias: store_sales
             Statistics: Num rows: 6075 Data size: 72736 Basic stats: COMPLETE Column stats: NONE
             Filter Operator
-              predicate: (ss_store_sk is not null and ss_hdemo_sk is not null) (type: boolean)
+              predicate: (ss_hdemo_sk is not null and ss_store_sk is not null) (type: boolean)
               Statistics: Num rows: 6075 Data size: 72736 Basic stats: COMPLETE Column stats: NONE
               Select Operator
                 expressions: ss_store_sk (type: int), ss_hdemo_sk (type: int), ss_net_profit (type: double)
diff --git a/ql/src/test/results/clientpositive/vectorized_string_funcs.q.out b/ql/src/test/results/clientpositive/vectorized_string_funcs.q.out
index 5ddae43c09..a6b61e0270 100644
--- a/ql/src/test/results/clientpositive/vectorized_string_funcs.q.out
+++ b/ql/src/test/results/clientpositive/vectorized_string_funcs.q.out
@@ -58,7 +58,7 @@ STAGE PLANS:
             alias: alltypesorc
             Statistics: Num rows: 12288 Data size: 2641964 Basic stats: COMPLETE Column stats: NONE
             Filter Operator
-              predicate: (((cbigint % 237) = 0) and (length(substr(cstring1, 1, 2)) <= 2) and (cstring1 like '%')) (type: boolean)
+              predicate: (((cbigint % 237) = 0) and (cstring1 like '%') and (length(substr(cstring1, 1, 2)) <= 2)) (type: boolean)
               Statistics: Num rows: 1024 Data size: 220163 Basic stats: COMPLETE Column stats: NONE
               Select Operator
                 expressions: substr(cstring1, 1, 2) (type: string), substr(cstring1, 2) (type: string), lower(cstring1) (type: string), upper(cstring1) (type: string), upper(cstring1) (type: string), length(cstring1) (type: int), trim(cstring1) (type: string), ltrim(cstring1) (type: string), rtrim(cstring1) (type: string), concat(cstring1, cstring2) (type: string), concat('>', cstring1) (type: string), concat(cstring1, '<') (type: string), concat(substr(cstring1, 1, 2), substr(cstring2, 1, 2)) (type: string)
diff --git a/ql/src/test/results/clientpositive/view_cbo.q.out b/ql/src/test/results/clientpositive/view_cbo.q.out
index 135b3802b2..95863c0ca8 100644
--- a/ql/src/test/results/clientpositive/view_cbo.q.out
+++ b/ql/src/test/results/clientpositive/view_cbo.q.out
@@ -759,7 +759,7 @@ STAGE PLANS:
           outputColumnNames: _col0, _col1, _col2, _col3
           Statistics: Num rows: 250 Data size: 2656 Basic stats: COMPLETE Column stats: NONE
           Filter Operator
-            predicate: ((_col2 > 0) and ((_col2 * 2) = _col3)) (type: boolean)
+            predicate: (((_col2 * 2) = _col3) and (_col2 > 0)) (type: boolean)
             Statistics: Num rows: 41 Data size: 435 Basic stats: COMPLETE Column stats: NONE
             Select Operator
               expressions: _col0 (type: string), _col1 (type: string)
