diff --git a/ql/src/test/results/clientpositive/udf_mask_hash.q.out b/ql/src/test/results/clientpositive/udf_mask_hash.q.out
index 200f817514..79939fa914 100644
--- a/ql/src/test/results/clientpositive/udf_mask_hash.q.out
+++ b/ql/src/test/results/clientpositive/udf_mask_hash.q.out
@@ -31,9 +31,9 @@ STAGE PLANS:
           Row Limit Per Split: 1
           Statistics: Num rows: 1 Data size: 1 Basic stats: COMPLETE Column stats: COMPLETE
           Select Operator
-            expressions: 'dd78d68ad1b23bde126812482dd70ac6' (type: string)
+            expressions: '8b44d559dc5d60e4453c9b4edf2a455fbce054bb8504cd3eb9b5f391bd239c90' (type: string)
             outputColumnNames: _col0
-            Statistics: Num rows: 1 Data size: 116 Basic stats: COMPLETE Column stats: COMPLETE
+            Statistics: Num rows: 1 Data size: 148 Basic stats: COMPLETE Column stats: COMPLETE
             ListSink
 
 PREHOOK: query: select mask_hash('TestString-123'),
@@ -58,4 +58,4 @@ POSTHOOK: query: select mask_hash('TestString-123'),
 POSTHOOK: type: QUERY
 POSTHOOK: Input: _dummy_database@_dummy_table
 #### A masked pattern was here ####
-dd78d68ad1b23bde126812482dd70ac6	dd78d68ad1b23bde126812482dd70ac6	835735ba20f1297683efca69fabd0fba                                                                                                                                                                                                                               	NULL	NULL	NULL	NULL	NULL
+8b44d559dc5d60e4453c9b4edf2a455fbce054bb8504cd3eb9b5f391bd239c90	8b44d559dc5d60e4453c9b4edf2a455fbce054bb8504cd3eb9b5f391bd239c90	30a88603135d3a6f7a66b4f9193da1ab4423aed45fb8fe736c2f2a08977f2bdd                                                                                                                                                                                               	NULL	NULL	NULL	NULL	NULL
