diff --git a/accumulo-handler/src/test/results/positive/accumulo_predicate_pushdown.q.out b/accumulo-handler/src/test/results/positive/accumulo_predicate_pushdown.q.out
index dffd5a2fc3..bb336eea63 100644
--- a/accumulo-handler/src/test/results/positive/accumulo_predicate_pushdown.q.out
+++ b/accumulo-handler/src/test/results/positive/accumulo_predicate_pushdown.q.out
@@ -266,7 +266,7 @@ STAGE PLANS:
             filterExpr: (key >= '90') (type: boolean)
             Statistics: Num rows: 1 Data size: 0 Basic stats: PARTIAL Column stats: NONE
             Filter Operator
-              predicate: ((value like '%9%') and (UDFToDouble(key) = UDFToDouble(UDFToInteger(value)))) (type: boolean)
+              predicate: ((UDFToDouble(key) = UDFToDouble(UDFToInteger(value))) and (value like '%9%')) (type: boolean)
               Statistics: Num rows: 1 Data size: 0 Basic stats: PARTIAL Column stats: NONE
               Select Operator
                 expressions: key (type: string), value (type: string)
diff --git a/accumulo-handler/src/test/results/positive/accumulo_single_sourced_multi_insert.q.out b/accumulo-handler/src/test/results/positive/accumulo_single_sourced_multi_insert.q.out
index 6621a4e204..59bca5024d 100644
--- a/accumulo-handler/src/test/results/positive/accumulo_single_sourced_multi_insert.q.out
+++ b/accumulo-handler/src/test/results/positive/accumulo_single_sourced_multi_insert.q.out
@@ -69,7 +69,7 @@ STAGE PLANS:
             alias: a
             Statistics: Num rows: 500 Data size: 5312 Basic stats: COMPLETE Column stats: NONE
             Filter Operator
-              predicate: ((key > 0) and (key < 50)) (type: boolean)
+              predicate: ((key < 50) and (key > 0)) (type: boolean)
               Statistics: Num rows: 55 Data size: 584 Basic stats: COMPLETE Column stats: NONE
               Select Operator
                 expressions: key (type: string), '' (type: string)
@@ -84,7 +84,7 @@ STAGE PLANS:
                       serde: org.apache.hadoop.hive.serde2.lazy.LazySimpleSerDe
                       name: default.src_x1
             Filter Operator
-              predicate: ((key > 50) and (key < 100)) (type: boolean)
+              predicate: ((key < 100) and (key > 50)) (type: boolean)
               Statistics: Num rows: 55 Data size: 584 Basic stats: COMPLETE Column stats: NONE
               Select Operator
                 expressions: value (type: string), '' (type: string)
