diff --git a/ql/src/java/org/apache/hadoop/hive/ql/optimizer/calcite/translator/RexNodeConverter.java b/ql/src/java/org/apache/hadoop/hive/ql/optimizer/calcite/translator/RexNodeConverter.java
index abbffb026d..f8a959d13c 100644
--- a/ql/src/java/org/apache/hadoop/hive/ql/optimizer/calcite/translator/RexNodeConverter.java
+++ b/ql/src/java/org/apache/hadoop/hive/ql/optimizer/calcite/translator/RexNodeConverter.java
@@ -619,17 +619,22 @@ protected RexNode convert(ExprNodeConstantDesc literal) throws CalciteSemanticEx
       }
       BigDecimal bd = (BigDecimal) value;
       BigInteger unscaled = bd.unscaledValue();
-      if (unscaled.compareTo(MIN_LONG_BI) >= 0 && unscaled.compareTo(MAX_LONG_BI) <= 0) {
-        calciteLiteral = rexBuilder.makeExactLiteral(bd);
+
+
+      int precision = bd.unscaledValue().abs().toString().length();
+      int scale = bd.scale();
+      RelDataType relType;
+
+      if (precision > scale) {
+        // bd is greater than or equal to 1
+        relType =
+            cluster.getTypeFactory().createSqlType(SqlTypeName.DECIMAL, precision, scale);
       } else {
-        // CBO doesn't support unlimited precision decimals. In practice, this
-        // will work...
-        // An alternative would be to throw CboSemanticException and fall back
-        // to no CBO.
-        RelDataType relType = cluster.getTypeFactory().createSqlType(SqlTypeName.DECIMAL,
-            unscaled.toString().length(), bd.scale());
-        calciteLiteral = rexBuilder.makeExactLiteral(bd, relType);
+        // bd is less than 1
+        relType =
+            cluster.getTypeFactory().createSqlType(SqlTypeName.DECIMAL, scale + 1, scale);
       }
+      calciteLiteral = rexBuilder.makeExactLiteral(bd, relType);
       break;
     case FLOAT:
       calciteLiteral = rexBuilder.makeApproxLiteral(
diff --git a/ql/src/test/results/clientnegative/wrong_column_type.q.out b/ql/src/test/results/clientnegative/wrong_column_type.q.out
index a3b28c9554..6ff90eafb6 100644
--- a/ql/src/test/results/clientnegative/wrong_column_type.q.out
+++ b/ql/src/test/results/clientnegative/wrong_column_type.q.out
@@ -6,4 +6,4 @@ POSTHOOK: query: CREATE TABLE dest1(a float)
 POSTHOOK: type: CREATETABLE
 POSTHOOK: Output: database:default
 POSTHOOK: Output: default@dest1
-FAILED: NoMatchingMethodException No matching method for class org.apache.hadoop.hive.ql.udf.UDFToFloat with (array<int>). Possible choices: _FUNC_(bigint)  _FUNC_(boolean)  _FUNC_(decimal(38,18))  _FUNC_(double)  _FUNC_(int)  _FUNC_(smallint)  _FUNC_(string)  _FUNC_(timestamp)  _FUNC_(tinyint)  _FUNC_(void)  
+FAILED: NoMatchingMethodException No matching method for class org.apache.hadoop.hive.ql.udf.UDFToFloat with (array<decimal(1,0)>). Possible choices: _FUNC_(bigint)  _FUNC_(boolean)  _FUNC_(decimal(38,18))  _FUNC_(double)  _FUNC_(int)  _FUNC_(smallint)  _FUNC_(string)  _FUNC_(timestamp)  _FUNC_(tinyint)  _FUNC_(void)  
diff --git a/ql/src/test/results/clientpositive/annotate_stats_select.q.out b/ql/src/test/results/clientpositive/annotate_stats_select.q.out
index c7569454f1..e10ce1a12b 100644
--- a/ql/src/test/results/clientpositive/annotate_stats_select.q.out
+++ b/ql/src/test/results/clientpositive/annotate_stats_select.q.out
@@ -323,9 +323,9 @@ STAGE PLANS:
           alias: alltypes_orc
           Statistics: Num rows: 2 Data size: 1686 Basic stats: COMPLETE Column stats: COMPLETE
           Select Operator
-            expressions: 11 (type: int)
+            expressions: 11 (type: decimal(2,0))
             outputColumnNames: _col0
-            Statistics: Num rows: 2 Data size: 8 Basic stats: COMPLETE Column stats: COMPLETE
+            Statistics: Num rows: 2 Data size: 224 Basic stats: COMPLETE Column stats: COMPLETE
             ListSink
 
 PREHOOK: query: explain select "hello" from alltypes_orc
@@ -807,12 +807,12 @@ STAGE PLANS:
           Number of rows: 10
           Statistics: Num rows: 2 Data size: 8 Basic stats: COMPLETE Column stats: COMPLETE
           Select Operator
-            expressions: 11 (type: int)
+            expressions: 11 (type: decimal(2,0))
             outputColumnNames: _col0
-            Statistics: Num rows: 2 Data size: 8 Basic stats: COMPLETE Column stats: COMPLETE
+            Statistics: Num rows: 2 Data size: 224 Basic stats: COMPLETE Column stats: COMPLETE
             File Output Operator
               compressed: false
-              Statistics: Num rows: 2 Data size: 8 Basic stats: COMPLETE Column stats: COMPLETE
+              Statistics: Num rows: 2 Data size: 224 Basic stats: COMPLETE Column stats: COMPLETE
               table:
                   input format: org.apache.hadoop.mapred.SequenceFileInputFormat
                   output format: org.apache.hadoop.hive.ql.io.HiveSequenceFileOutputFormat
@@ -906,12 +906,12 @@ STAGE PLANS:
           Number of rows: 10
           Statistics: Num rows: 2 Data size: 8 Basic stats: COMPLETE Column stats: COMPLETE
           Select Operator
-            expressions: 'hello' (type: string), 11 (type: int)
+            expressions: 'hello' (type: string), 11 (type: decimal(2,0))
             outputColumnNames: _col0, _col1
-            Statistics: Num rows: 2 Data size: 186 Basic stats: COMPLETE Column stats: COMPLETE
+            Statistics: Num rows: 2 Data size: 402 Basic stats: COMPLETE Column stats: COMPLETE
             File Output Operator
               compressed: false
-              Statistics: Num rows: 2 Data size: 186 Basic stats: COMPLETE Column stats: COMPLETE
+              Statistics: Num rows: 2 Data size: 402 Basic stats: COMPLETE Column stats: COMPLETE
               table:
                   input format: org.apache.hadoop.mapred.SequenceFileInputFormat
                   output format: org.apache.hadoop.hive.ql.io.HiveSequenceFileOutputFormat
diff --git a/ql/src/test/results/clientpositive/decimal_precision2.q.out b/ql/src/test/results/clientpositive/decimal_precision2.q.out
index 4ce7e1cca7..ce92ff93f7 100644
--- a/ql/src/test/results/clientpositive/decimal_precision2.q.out
+++ b/ql/src/test/results/clientpositive/decimal_precision2.q.out
@@ -37,9 +37,9 @@ STAGE PLANS:
           Row Limit Per Split: 1
           Statistics: Num rows: 1 Data size: 1 Basic stats: COMPLETE Column stats: COMPLETE
           Select Operator
-            expressions: 100 (type: int)
+            expressions: 100 (type: decimal(3,0))
             outputColumnNames: _col0
-            Statistics: Num rows: 1 Data size: 4 Basic stats: COMPLETE Column stats: COMPLETE
+            Statistics: Num rows: 1 Data size: 112 Basic stats: COMPLETE Column stats: COMPLETE
             ListSink
 
 PREHOOK: query: explain select 0.000BD
@@ -59,9 +59,9 @@ STAGE PLANS:
           Row Limit Per Split: 1
           Statistics: Num rows: 1 Data size: 1 Basic stats: COMPLETE Column stats: COMPLETE
           Select Operator
-            expressions: 0 (type: int)
+            expressions: 0 (type: decimal(1,0))
             outputColumnNames: _col0
-            Statistics: Num rows: 1 Data size: 4 Basic stats: COMPLETE Column stats: COMPLETE
+            Statistics: Num rows: 1 Data size: 112 Basic stats: COMPLETE Column stats: COMPLETE
             ListSink
 
 PREHOOK: query: explain select 0.100BD
diff --git a/ql/src/test/results/clientpositive/literal_decimal.q.out b/ql/src/test/results/clientpositive/literal_decimal.q.out
index 6f686ebce9..6012933d68 100644
--- a/ql/src/test/results/clientpositive/literal_decimal.q.out
+++ b/ql/src/test/results/clientpositive/literal_decimal.q.out
@@ -14,12 +14,12 @@ STAGE PLANS:
           alias: src
           Statistics: Num rows: 500 Data size: 5312 Basic stats: COMPLETE Column stats: COMPLETE
           Select Operator
-            expressions: -1 (type: int), 0 (type: int), 1 (type: int), 3.14 (type: decimal(3,2)), -3.14 (type: decimal(3,2)), 99999999999999999 (type: bigint), 99999999999999999.9999999999999 (type: decimal(30,13)), null (type: void)
+            expressions: -1 (type: decimal(1,0)), 0 (type: decimal(1,0)), 1 (type: decimal(1,0)), 3.14 (type: decimal(3,2)), -3.14 (type: decimal(3,2)), 99999999999999999 (type: decimal(17,0)), 99999999999999999.9999999999999 (type: decimal(30,13)), null (type: void)
             outputColumnNames: _col0, _col1, _col2, _col3, _col4, _col5, _col6, _col7
-            Statistics: Num rows: 500 Data size: 178004 Basic stats: COMPLETE Column stats: COMPLETE
+            Statistics: Num rows: 500 Data size: 392004 Basic stats: COMPLETE Column stats: COMPLETE
             Limit
               Number of rows: 1
-              Statistics: Num rows: 1 Data size: 360 Basic stats: COMPLETE Column stats: COMPLETE
+              Statistics: Num rows: 1 Data size: 788 Basic stats: COMPLETE Column stats: COMPLETE
               ListSink
 
 PREHOOK: query: SELECT -1BD, 0BD, 1BD, 3.14BD, -3.14BD, 99999999999999999BD, 99999999999999999.9999999999999BD, 1E99BD FROM src LIMIT 1
diff --git a/ql/src/test/results/clientpositive/llap/vector_decimal_math_funcs.q.out b/ql/src/test/results/clientpositive/llap/vector_decimal_math_funcs.q.out
index 5121015e4c..9f470600d6 100644
--- a/ql/src/test/results/clientpositive/llap/vector_decimal_math_funcs.q.out
+++ b/ql/src/test/results/clientpositive/llap/vector_decimal_math_funcs.q.out
@@ -120,8 +120,8 @@ STAGE PLANS:
                       Select Vectorization:
                           className: VectorSelectOperator
                           native: true
-                          projectedOutputColumns: [2, 7, 8, 9, 10, 5, 11, 12, 13, 15, 6, 16, 17, 19, 20, 21, 22, 23, 24, 25, 26, 27, 2, 28, 4, 29]
-                          selectExpressions: FuncRoundWithNumDigitsDecimalToDecimal(col 2, decimalPlaces 2) -> 7:decimal(13,2), FuncRoundDecimalToDecimal(col 2) -> 8:decimal(11,0), FuncFloorDecimalToDecimal(col 2) -> 9:decimal(11,0), FuncCeilDecimalToDecimal(col 2) -> 10:decimal(11,0), RoundWithNumDigitsDoubleToDouble(col 6, decimalPlaces 58)(children: FuncExpDoubleToDouble(col 5)(children: CastDecimalToDouble(col 2) -> 5:double) -> 6:double) -> 5:double, FuncLnDoubleToDouble(col 6)(children: CastDecimalToDouble(col 2) -> 6:double) -> 11:double, FuncLog10DoubleToDouble(col 6)(children: CastDecimalToDouble(col 2) -> 6:double) -> 12:double, FuncLog2DoubleToDouble(col 6)(children: CastDecimalToDouble(col 2) -> 6:double) -> 13:double, FuncLog2DoubleToDouble(col 6)(children: CastDecimalToDouble(col 14)(children: DecimalColSubtractDecimalScalar(col 2, val 15601) -> 14:decimal(21,10)) -> 6:double) -> 15:double, VectorUDFAdaptor(log(2, cdecimal1)) -> 6:double, VectorUDFAdaptor(power(log2(cdecimal1), 2))(children: FuncLog2DoubleToDouble(col 16)(children: CastDecimalToDouble(col 2) -> 16:double) -> 17:double) -> 16:double, VectorUDFAdaptor(power(log2(cdecimal1), 2))(children: FuncLog2DoubleToDouble(col 17)(children: CastDecimalToDouble(col 2) -> 17:double) -> 18:double) -> 17:double, FuncSqrtDoubleToDouble(col 18)(children: CastDecimalToDouble(col 2) -> 18:double) -> 19:double, FuncAbsDecimalToDecimal(col 2) -> 20:decimal(20,10), FuncSinDoubleToDouble(col 18)(children: CastDecimalToDouble(col 2) -> 18:double) -> 21:double, FuncASinDoubleToDouble(col 18)(children: CastDecimalToDouble(col 2) -> 18:double) -> 22:double, FuncCosDoubleToDouble(col 18)(children: CastDecimalToDouble(col 2) -> 18:double) -> 23:double, FuncACosDoubleToDouble(col 18)(children: CastDecimalToDouble(col 2) -> 18:double) -> 24:double, FuncATanDoubleToDouble(col 18)(children: CastDecimalToDouble(col 2) -> 18:double) -> 25:double, FuncDegreesDoubleToDouble(col 18)(children: CastDecimalToDouble(col 2) -> 18:double) -> 26:double, FuncRadiansDoubleToDouble(col 18)(children: CastDecimalToDouble(col 2) -> 18:double) -> 27:double, FuncNegateDecimalToDecimal(col 2) -> 28:decimal(20,10), FuncSignDecimalToLong(col 2) -> 4:int, FuncCosDoubleToDouble(col 18)(children: DoubleColAddDoubleScalar(col 29, val 3.14159)(children: DoubleColUnaryMinus(col 18)(children: FuncSinDoubleToDouble(col 29)(children: FuncLnDoubleToDouble(col 18)(children: CastDecimalToDouble(col 2) -> 18:double) -> 29:double) -> 18:double) -> 29:double) -> 18:double) -> 29:double
+                          projectedOutputColumns: [2, 7, 8, 9, 10, 5, 11, 12, 13, 15, 16, 6, 17, 19, 20, 21, 22, 23, 24, 25, 26, 27, 2, 28, 4, 29]
+                          selectExpressions: FuncRoundWithNumDigitsDecimalToDecimal(col 2, decimalPlaces 2) -> 7:decimal(13,2), FuncRoundDecimalToDecimal(col 2) -> 8:decimal(11,0), FuncFloorDecimalToDecimal(col 2) -> 9:decimal(11,0), FuncCeilDecimalToDecimal(col 2) -> 10:decimal(11,0), RoundWithNumDigitsDoubleToDouble(col 6, decimalPlaces 58)(children: FuncExpDoubleToDouble(col 5)(children: CastDecimalToDouble(col 2) -> 5:double) -> 6:double) -> 5:double, FuncLnDoubleToDouble(col 6)(children: CastDecimalToDouble(col 2) -> 6:double) -> 11:double, FuncLog10DoubleToDouble(col 6)(children: CastDecimalToDouble(col 2) -> 6:double) -> 12:double, FuncLog2DoubleToDouble(col 6)(children: CastDecimalToDouble(col 2) -> 6:double) -> 13:double, FuncLog2DoubleToDouble(col 6)(children: CastDecimalToDouble(col 14)(children: DecimalColSubtractDecimalScalar(col 2, val 15601) -> 14:decimal(21,10)) -> 6:double) -> 15:double, FuncLogWithBaseDoubleToDouble(col 6)(children: CastDecimalToDouble(col 2) -> 6:double) -> 16:double, FuncPowerDoubleToDouble(col 17)(children: FuncLog2DoubleToDouble(col 6)(children: CastDecimalToDouble(col 2) -> 6:double) -> 17:double) -> 6:double, FuncPowerDoubleToDouble(col 18)(children: FuncLog2DoubleToDouble(col 17)(children: CastDecimalToDouble(col 2) -> 17:double) -> 18:double) -> 17:double, FuncSqrtDoubleToDouble(col 18)(children: CastDecimalToDouble(col 2) -> 18:double) -> 19:double, FuncAbsDecimalToDecimal(col 2) -> 20:decimal(20,10), FuncSinDoubleToDouble(col 18)(children: CastDecimalToDouble(col 2) -> 18:double) -> 21:double, FuncASinDoubleToDouble(col 18)(children: CastDecimalToDouble(col 2) -> 18:double) -> 22:double, FuncCosDoubleToDouble(col 18)(children: CastDecimalToDouble(col 2) -> 18:double) -> 23:double, FuncACosDoubleToDouble(col 18)(children: CastDecimalToDouble(col 2) -> 18:double) -> 24:double, FuncATanDoubleToDouble(col 18)(children: CastDecimalToDouble(col 2) -> 18:double) -> 25:double, FuncDegreesDoubleToDouble(col 18)(children: CastDecimalToDouble(col 2) -> 18:double) -> 26:double, FuncRadiansDoubleToDouble(col 18)(children: CastDecimalToDouble(col 2) -> 18:double) -> 27:double, FuncNegateDecimalToDecimal(col 2) -> 28:decimal(20,10), FuncSignDecimalToLong(col 2) -> 4:int, FuncCosDoubleToDouble(col 18)(children: DoubleColAddDoubleScalar(col 29, val 3.14159)(children: DoubleColUnaryMinus(col 18)(children: FuncSinDoubleToDouble(col 29)(children: FuncLnDoubleToDouble(col 18)(children: CastDecimalToDouble(col 2) -> 18:double) -> 29:double) -> 18:double) -> 29:double) -> 18:double) -> 29:double
                       Statistics: Num rows: 2048 Data size: 233500 Basic stats: COMPLETE Column stats: NONE
                       File Output Operator
                         compressed: false
@@ -141,7 +141,7 @@ STAGE PLANS:
                 groupByVectorOutput: true
                 inputFileFormats: org.apache.hadoop.hive.ql.io.orc.OrcInputFormat
                 allNative: false
-                usesVectorUDFAdaptor: true
+                usesVectorUDFAdaptor: false
                 vectorized: true
 
   Stage: Stage-0
diff --git a/ql/src/test/results/clientpositive/llap/vectorized_math_funcs.q.out b/ql/src/test/results/clientpositive/llap/vectorized_math_funcs.q.out
index 5901b092d2..f95df6cce2 100644
--- a/ql/src/test/results/clientpositive/llap/vectorized_math_funcs.q.out
+++ b/ql/src/test/results/clientpositive/llap/vectorized_math_funcs.q.out
@@ -137,7 +137,7 @@ STAGE PLANS:
                           className: VectorSelectOperator
                           native: true
                           projectedOutputColumns: [5, 13, 12, 14, 15, 16, 18, 17, 19, 20, 21, 23, 22, 24, 25, 26, 27, 28, 30, 31, 29, 32, 33, 34, 35, 36, 37, 38, 39, 40, 41, 42, 43, 44, 45, 5, 3, 46, 47, 48, 49]
-                          selectExpressions: RoundWithNumDigitsDoubleToDouble(col 5, decimalPlaces 2) -> 13:double, FuncFloorDoubleToLong(col 5) -> 12:long, FuncCeilDoubleToLong(col 5) -> 14:long, FuncRandNoSeed -> 15:double, FuncRand -> 16:double, FuncExpDoubleToDouble(col 17)(children: FuncLnDoubleToDouble(col 5) -> 17:double) -> 18:double, FuncLnDoubleToDouble(col 5) -> 17:double, FuncLnDoubleToDouble(col 4) -> 19:double, FuncLog10DoubleToDouble(col 5) -> 20:double, FuncLog2DoubleToDouble(col 5) -> 21:double, FuncLog2DoubleToDouble(col 22)(children: DoubleColSubtractDoubleScalar(col 5, val 15601.0) -> 22:double) -> 23:double, FuncLog2DoubleToDouble(col 4) -> 22:double, FuncLog2LongToDouble(col 3) -> 24:double, FuncLog2LongToDouble(col 2) -> 25:double, FuncLog2LongToDouble(col 1) -> 26:double, FuncLog2LongToDouble(col 0) -> 27:double, VectorUDFAdaptor(log(2, cdouble)) -> 28:double, VectorUDFAdaptor(power(log2(cdouble), 2))(children: FuncLog2DoubleToDouble(col 5) -> 29:double) -> 30:double, VectorUDFAdaptor(power(log2(cdouble), 2))(children: FuncLog2DoubleToDouble(col 5) -> 29:double) -> 31:double, FuncSqrtDoubleToDouble(col 5) -> 29:double, FuncSqrtLongToDouble(col 3) -> 32:double, FuncBin(col 3) -> 33:String, VectorUDFAdaptor(hex(cdouble)) -> 34:string, VectorUDFAdaptor(conv(cbigint, 10, 16)) -> 35:string, FuncAbsDoubleToDouble(col 5) -> 36:double, FuncAbsLongToLong(col 0) -> 37:long, PosModLongToLong(col 2, divisor 3) -> 38:long, FuncSinDoubleToDouble(col 5) -> 39:double, FuncASinDoubleToDouble(col 5) -> 40:double, FuncCosDoubleToDouble(col 5) -> 41:double, FuncACosDoubleToDouble(col 5) -> 42:double, FuncATanDoubleToDouble(col 5) -> 43:double, FuncDegreesDoubleToDouble(col 5) -> 44:double, FuncRadiansDoubleToDouble(col 5) -> 45:double, DoubleColUnaryMinus(col 5) -> 46:double, FuncSignDoubleToDouble(col 5) -> 47:double, FuncSignLongToDouble(col 3) -> 48:double, FuncCosDoubleToDouble(col 50)(children: DoubleColAddDoubleScalar(col 49, val 3.14159)(children: DoubleColUnaryMinus(col 50)(children: FuncSinDoubleToDouble(col 49)(children: FuncLnDoubleToDouble(col 5) -> 49:double) -> 50:double) -> 49:double) -> 50:double) -> 49:double
+                          selectExpressions: RoundWithNumDigitsDoubleToDouble(col 5, decimalPlaces 2) -> 13:double, FuncFloorDoubleToLong(col 5) -> 12:long, FuncCeilDoubleToLong(col 5) -> 14:long, FuncRandNoSeed -> 15:double, FuncRand -> 16:double, FuncExpDoubleToDouble(col 17)(children: FuncLnDoubleToDouble(col 5) -> 17:double) -> 18:double, FuncLnDoubleToDouble(col 5) -> 17:double, FuncLnDoubleToDouble(col 4) -> 19:double, FuncLog10DoubleToDouble(col 5) -> 20:double, FuncLog2DoubleToDouble(col 5) -> 21:double, FuncLog2DoubleToDouble(col 22)(children: DoubleColSubtractDoubleScalar(col 5, val 15601.0) -> 22:double) -> 23:double, FuncLog2DoubleToDouble(col 4) -> 22:double, FuncLog2LongToDouble(col 3) -> 24:double, FuncLog2LongToDouble(col 2) -> 25:double, FuncLog2LongToDouble(col 1) -> 26:double, FuncLog2LongToDouble(col 0) -> 27:double, FuncLogWithBaseDoubleToDouble(col 5) -> 28:double, FuncPowerDoubleToDouble(col 29)(children: FuncLog2DoubleToDouble(col 5) -> 29:double) -> 30:double, FuncPowerDoubleToDouble(col 29)(children: FuncLog2DoubleToDouble(col 5) -> 29:double) -> 31:double, FuncSqrtDoubleToDouble(col 5) -> 29:double, FuncSqrtLongToDouble(col 3) -> 32:double, FuncBin(col 3) -> 33:String, VectorUDFAdaptor(hex(cdouble)) -> 34:string, VectorUDFAdaptor(conv(cbigint, 10, 16)) -> 35:string, FuncAbsDoubleToDouble(col 5) -> 36:double, FuncAbsLongToLong(col 0) -> 37:long, PosModLongToLong(col 2, divisor 3) -> 38:long, FuncSinDoubleToDouble(col 5) -> 39:double, FuncASinDoubleToDouble(col 5) -> 40:double, FuncCosDoubleToDouble(col 5) -> 41:double, FuncACosDoubleToDouble(col 5) -> 42:double, FuncATanDoubleToDouble(col 5) -> 43:double, FuncDegreesDoubleToDouble(col 5) -> 44:double, FuncRadiansDoubleToDouble(col 5) -> 45:double, DoubleColUnaryMinus(col 5) -> 46:double, FuncSignDoubleToDouble(col 5) -> 47:double, FuncSignLongToDouble(col 3) -> 48:double, FuncCosDoubleToDouble(col 50)(children: DoubleColAddDoubleScalar(col 49, val 3.14159)(children: DoubleColUnaryMinus(col 50)(children: FuncSinDoubleToDouble(col 49)(children: FuncLnDoubleToDouble(col 5) -> 49:double) -> 50:double) -> 49:double) -> 50:double) -> 49:double
                       Statistics: Num rows: 2048 Data size: 1724272 Basic stats: COMPLETE Column stats: COMPLETE
                       File Output Operator
                         compressed: false
diff --git a/ql/src/test/results/clientpositive/perf/spark/query21.q.out b/ql/src/test/results/clientpositive/perf/spark/query21.q.out
index 0e9959cf2a..e73a627332 100644
--- a/ql/src/test/results/clientpositive/perf/spark/query21.q.out
+++ b/ql/src/test/results/clientpositive/perf/spark/query21.q.out
@@ -212,7 +212,7 @@ STAGE PLANS:
                 outputColumnNames: _col0, _col1, _col2, _col3
                 Statistics: Num rows: 25012152 Data size: 395187961 Basic stats: COMPLETE Column stats: NONE
                 Filter Operator
-                  predicate: CASE WHEN ((_col2 > 0)) THEN ((UDFToDouble(_col3) / UDFToDouble(_col2)) BETWEEN 0.6666666666666666 AND 1.5) ELSE (null) END (type: boolean)
+                  predicate: CASE WHEN ((_col2 > 0)) THEN ((UDFToDouble(_col3) / UDFToDouble(_col2)) BETWEEN 0.666667 AND 1.5) ELSE (null) END (type: boolean)
                   Statistics: Num rows: 12506076 Data size: 197593980 Basic stats: COMPLETE Column stats: NONE
                   Reduce Output Operator
                     key expressions: _col0 (type: string), _col1 (type: string)
diff --git a/ql/src/test/results/clientpositive/perf/spark/query75.q.out b/ql/src/test/results/clientpositive/perf/spark/query75.q.out
index 654cdf9dce..4b76570a91 100644
--- a/ql/src/test/results/clientpositive/perf/spark/query75.q.out
+++ b/ql/src/test/results/clientpositive/perf/spark/query75.q.out
@@ -496,18 +496,18 @@ STAGE PLANS:
                 outputColumnNames: _col3, _col4, _col8, _col9, _col10, _col12, _col15, _col16
                 Statistics: Num rows: 766650239 Data size: 67634106676 Basic stats: COMPLETE Column stats: NONE
                 Select Operator
-                  expressions: _col8 (type: int), _col9 (type: int), _col10 (type: int), _col12 (type: int), (_col3 - COALESCE(_col15,0)) (type: int), (_col4 - COALESCE(_col16,0)) (type: decimal(13,2))
+                  expressions: _col8 (type: int), _col9 (type: int), _col10 (type: int), _col12 (type: int), (_col3 - COALESCE(_col15,0)) (type: int), (_col4 - COALESCE(_col16,0)) (type: decimal(8,2))
                   outputColumnNames: _col0, _col1, _col2, _col3, _col4, _col5
                   Statistics: Num rows: 766650239 Data size: 67634106676 Basic stats: COMPLETE Column stats: NONE
                   Group By Operator
-                    keys: _col0 (type: int), _col1 (type: int), _col2 (type: int), _col3 (type: int), _col4 (type: int), _col5 (type: decimal(13,2))
+                    keys: _col0 (type: int), _col1 (type: int), _col2 (type: int), _col3 (type: int), _col4 (type: int), _col5 (type: decimal(8,2))
                     mode: hash
                     outputColumnNames: _col0, _col1, _col2, _col3, _col4, _col5
                     Statistics: Num rows: 1149964734 Data size: 119542589565 Basic stats: COMPLETE Column stats: NONE
                     Reduce Output Operator
-                      key expressions: _col0 (type: int), _col1 (type: int), _col2 (type: int), _col3 (type: int), _col4 (type: int), _col5 (type: decimal(13,2))
+                      key expressions: _col0 (type: int), _col1 (type: int), _col2 (type: int), _col3 (type: int), _col4 (type: int), _col5 (type: decimal(8,2))
                       sort order: ++++++
-                      Map-reduce partition columns: _col0 (type: int), _col1 (type: int), _col2 (type: int), _col3 (type: int), _col4 (type: int), _col5 (type: decimal(13,2))
+                      Map-reduce partition columns: _col0 (type: int), _col1 (type: int), _col2 (type: int), _col3 (type: int), _col4 (type: int), _col5 (type: decimal(8,2))
                       Statistics: Num rows: 1149964734 Data size: 119542589565 Basic stats: COMPLETE Column stats: NONE
         Reducer 2 
             Reduce Operator Tree:
@@ -565,16 +565,16 @@ STAGE PLANS:
                 outputColumnNames: _col3, _col4, _col8, _col9, _col10, _col12, _col15, _col16
                 Statistics: Num rows: 191667562 Data size: 26061245514 Basic stats: COMPLETE Column stats: NONE
                 Select Operator
-                  expressions: _col8 (type: int), _col9 (type: int), _col10 (type: int), _col12 (type: int), (_col3 - COALESCE(_col15,0)) (type: int), (_col4 - COALESCE(_col16,0)) (type: decimal(13,2))
+                  expressions: _col8 (type: int), _col9 (type: int), _col10 (type: int), _col12 (type: int), (_col3 - COALESCE(_col15,0)) (type: int), (_col4 - COALESCE(_col16,0)) (type: decimal(8,2))
                   outputColumnNames: _col0, _col1, _col2, _col3, _col4, _col5
                   Statistics: Num rows: 191667562 Data size: 26061245514 Basic stats: COMPLETE Column stats: NONE
                   Group By Operator
-                    keys: _col0 (type: int), _col1 (type: int), _col2 (type: int), _col3 (type: int), _col4 (type: int), _col5 (type: decimal(13,2))
+                    keys: _col0 (type: int), _col1 (type: int), _col2 (type: int), _col3 (type: int), _col4 (type: int), _col5 (type: decimal(8,2))
                     mode: hash
                     outputColumnNames: _col0, _col1, _col2, _col3, _col4, _col5
                     Statistics: Num rows: 766649929 Data size: 85832540296 Basic stats: COMPLETE Column stats: NONE
                     Reduce Output Operator
-                      key expressions: _col0 (type: int), _col1 (type: int), _col2 (type: int), _col3 (type: int), _col4 (type: int), _col5 (type: decimal(13,2))
+                      key expressions: _col0 (type: int), _col1 (type: int), _col2 (type: int), _col3 (type: int), _col4 (type: int), _col5 (type: decimal(8,2))
                       sort order: ++++++
                       Map-reduce partition columns: _col0 (type: int), _col1 (type: int), _col2 (type: int), _col3 (type: int)
                       Statistics: Num rows: 766649929 Data size: 85832540296 Basic stats: COMPLETE Column stats: NONE
@@ -618,18 +618,18 @@ STAGE PLANS:
                 outputColumnNames: _col3, _col4, _col8, _col9, _col10, _col12, _col15, _col16
                 Statistics: Num rows: 383314495 Data size: 51908482889 Basic stats: COMPLETE Column stats: NONE
                 Select Operator
-                  expressions: _col8 (type: int), _col9 (type: int), _col10 (type: int), _col12 (type: int), (_col3 - COALESCE(_col15,0)) (type: int), (_col4 - COALESCE(_col16,0)) (type: decimal(13,2))
+                  expressions: _col8 (type: int), _col9 (type: int), _col10 (type: int), _col12 (type: int), (_col3 - COALESCE(_col15,0)) (type: int), (_col4 - COALESCE(_col16,0)) (type: decimal(8,2))
                   outputColumnNames: _col0, _col1, _col2, _col3, _col4, _col5
                   Statistics: Num rows: 383314495 Data size: 51908482889 Basic stats: COMPLETE Column stats: NONE
                   Group By Operator
-                    keys: _col0 (type: int), _col1 (type: int), _col2 (type: int), _col3 (type: int), _col4 (type: int), _col5 (type: decimal(13,2))
+                    keys: _col0 (type: int), _col1 (type: int), _col2 (type: int), _col3 (type: int), _col4 (type: int), _col5 (type: decimal(8,2))
                     mode: hash
                     outputColumnNames: _col0, _col1, _col2, _col3, _col4, _col5
                     Statistics: Num rows: 1149964734 Data size: 119542589565 Basic stats: COMPLETE Column stats: NONE
                     Reduce Output Operator
-                      key expressions: _col0 (type: int), _col1 (type: int), _col2 (type: int), _col3 (type: int), _col4 (type: int), _col5 (type: decimal(13,2))
+                      key expressions: _col0 (type: int), _col1 (type: int), _col2 (type: int), _col3 (type: int), _col4 (type: int), _col5 (type: decimal(8,2))
                       sort order: ++++++
-                      Map-reduce partition columns: _col0 (type: int), _col1 (type: int), _col2 (type: int), _col3 (type: int), _col4 (type: int), _col5 (type: decimal(13,2))
+                      Map-reduce partition columns: _col0 (type: int), _col1 (type: int), _col2 (type: int), _col3 (type: int), _col4 (type: int), _col5 (type: decimal(8,2))
                       Statistics: Num rows: 1149964734 Data size: 119542589565 Basic stats: COMPLETE Column stats: NONE
         Reducer 3 
             Reduce Operator Tree:
@@ -650,24 +650,24 @@ STAGE PLANS:
         Reducer 30 
             Reduce Operator Tree:
               Group By Operator
-                keys: KEY._col0 (type: int), KEY._col1 (type: int), KEY._col2 (type: int), KEY._col3 (type: int), KEY._col4 (type: int), KEY._col5 (type: decimal(13,2))
+                keys: KEY._col0 (type: int), KEY._col1 (type: int), KEY._col2 (type: int), KEY._col3 (type: int), KEY._col4 (type: int), KEY._col5 (type: decimal(8,2))
                 mode: mergepartial
                 outputColumnNames: _col0, _col1, _col2, _col3, _col4, _col5
                 Statistics: Num rows: 574982367 Data size: 59771294782 Basic stats: COMPLETE Column stats: NONE
                 Group By Operator
-                  keys: _col0 (type: int), _col1 (type: int), _col2 (type: int), _col3 (type: int), _col4 (type: int), _col5 (type: decimal(13,2))
+                  keys: _col0 (type: int), _col1 (type: int), _col2 (type: int), _col3 (type: int), _col4 (type: int), _col5 (type: decimal(8,2))
                   mode: hash
                   outputColumnNames: _col0, _col1, _col2, _col3, _col4, _col5
                   Statistics: Num rows: 766649929 Data size: 85832540296 Basic stats: COMPLETE Column stats: NONE
                   Reduce Output Operator
-                    key expressions: _col0 (type: int), _col1 (type: int), _col2 (type: int), _col3 (type: int), _col4 (type: int), _col5 (type: decimal(13,2))
+                    key expressions: _col0 (type: int), _col1 (type: int), _col2 (type: int), _col3 (type: int), _col4 (type: int), _col5 (type: decimal(8,2))
                     sort order: ++++++
                     Map-reduce partition columns: _col0 (type: int), _col1 (type: int), _col2 (type: int), _col3 (type: int)
                     Statistics: Num rows: 766649929 Data size: 85832540296 Basic stats: COMPLETE Column stats: NONE
         Reducer 31 
             Reduce Operator Tree:
               Group By Operator
-                keys: KEY._col0 (type: int), KEY._col1 (type: int), KEY._col2 (type: int), KEY._col3 (type: int), KEY._col4 (type: int), KEY._col5 (type: decimal(13,2))
+                keys: KEY._col0 (type: int), KEY._col1 (type: int), KEY._col2 (type: int), KEY._col3 (type: int), KEY._col4 (type: int), KEY._col5 (type: decimal(8,2))
                 mode: mergepartial
                 outputColumnNames: _col0, _col1, _col2, _col3, _col4, _col5
                 Statistics: Num rows: 383324964 Data size: 42916270092 Basic stats: COMPLETE Column stats: NONE
@@ -682,7 +682,7 @@ STAGE PLANS:
                     sort order: ++++
                     Map-reduce partition columns: _col0 (type: int), _col1 (type: int), _col2 (type: int), _col3 (type: int)
                     Statistics: Num rows: 191662482 Data size: 21458135046 Basic stats: COMPLETE Column stats: NONE
-                    value expressions: _col4 (type: bigint), _col5 (type: decimal(23,2))
+                    value expressions: _col4 (type: bigint), _col5 (type: decimal(18,2))
         Reducer 36 
             Reduce Operator Tree:
               Join Operator
@@ -723,18 +723,18 @@ STAGE PLANS:
                 outputColumnNames: _col3, _col4, _col8, _col9, _col10, _col12, _col15, _col16
                 Statistics: Num rows: 766650239 Data size: 67634106676 Basic stats: COMPLETE Column stats: NONE
                 Select Operator
-                  expressions: _col8 (type: int), _col9 (type: int), _col10 (type: int), _col12 (type: int), (_col3 - COALESCE(_col15,0)) (type: int), (_col4 - COALESCE(_col16,0)) (type: decimal(13,2))
+                  expressions: _col8 (type: int), _col9 (type: int), _col10 (type: int), _col12 (type: int), (_col3 - COALESCE(_col15,0)) (type: int), (_col4 - COALESCE(_col16,0)) (type: decimal(8,2))
                   outputColumnNames: _col0, _col1, _col2, _col3, _col4, _col5
                   Statistics: Num rows: 766650239 Data size: 67634106676 Basic stats: COMPLETE Column stats: NONE
                   Group By Operator
-                    keys: _col0 (type: int), _col1 (type: int), _col2 (type: int), _col3 (type: int), _col4 (type: int), _col5 (type: decimal(13,2))
+                    keys: _col0 (type: int), _col1 (type: int), _col2 (type: int), _col3 (type: int), _col4 (type: int), _col5 (type: decimal(8,2))
                     mode: hash
                     outputColumnNames: _col0, _col1, _col2, _col3, _col4, _col5
                     Statistics: Num rows: 1149964734 Data size: 119542589565 Basic stats: COMPLETE Column stats: NONE
                     Reduce Output Operator
-                      key expressions: _col0 (type: int), _col1 (type: int), _col2 (type: int), _col3 (type: int), _col4 (type: int), _col5 (type: decimal(13,2))
+                      key expressions: _col0 (type: int), _col1 (type: int), _col2 (type: int), _col3 (type: int), _col4 (type: int), _col5 (type: decimal(8,2))
                       sort order: ++++++
-                      Map-reduce partition columns: _col0 (type: int), _col1 (type: int), _col2 (type: int), _col3 (type: int), _col4 (type: int), _col5 (type: decimal(13,2))
+                      Map-reduce partition columns: _col0 (type: int), _col1 (type: int), _col2 (type: int), _col3 (type: int), _col4 (type: int), _col5 (type: decimal(8,2))
                       Statistics: Num rows: 1149964734 Data size: 119542589565 Basic stats: COMPLETE Column stats: NONE
         Reducer 4 
             Reduce Operator Tree:
@@ -744,18 +744,18 @@ STAGE PLANS:
                 outputColumnNames: _col3, _col4, _col8, _col9, _col10, _col12, _col15, _col16
                 Statistics: Num rows: 383314495 Data size: 51908482889 Basic stats: COMPLETE Column stats: NONE
                 Select Operator
-                  expressions: _col8 (type: int), _col9 (type: int), _col10 (type: int), _col12 (type: int), (_col3 - COALESCE(_col15,0)) (type: int), (_col4 - COALESCE(_col16,0)) (type: decimal(13,2))
+                  expressions: _col8 (type: int), _col9 (type: int), _col10 (type: int), _col12 (type: int), (_col3 - COALESCE(_col15,0)) (type: int), (_col4 - COALESCE(_col16,0)) (type: decimal(8,2))
                   outputColumnNames: _col0, _col1, _col2, _col3, _col4, _col5
                   Statistics: Num rows: 383314495 Data size: 51908482889 Basic stats: COMPLETE Column stats: NONE
                   Group By Operator
-                    keys: _col0 (type: int), _col1 (type: int), _col2 (type: int), _col3 (type: int), _col4 (type: int), _col5 (type: decimal(13,2))
+                    keys: _col0 (type: int), _col1 (type: int), _col2 (type: int), _col3 (type: int), _col4 (type: int), _col5 (type: decimal(8,2))
                     mode: hash
                     outputColumnNames: _col0, _col1, _col2, _col3, _col4, _col5
                     Statistics: Num rows: 1149964734 Data size: 119542589565 Basic stats: COMPLETE Column stats: NONE
                     Reduce Output Operator
-                      key expressions: _col0 (type: int), _col1 (type: int), _col2 (type: int), _col3 (type: int), _col4 (type: int), _col5 (type: decimal(13,2))
+                      key expressions: _col0 (type: int), _col1 (type: int), _col2 (type: int), _col3 (type: int), _col4 (type: int), _col5 (type: decimal(8,2))
                       sort order: ++++++
-                      Map-reduce partition columns: _col0 (type: int), _col1 (type: int), _col2 (type: int), _col3 (type: int), _col4 (type: int), _col5 (type: decimal(13,2))
+                      Map-reduce partition columns: _col0 (type: int), _col1 (type: int), _col2 (type: int), _col3 (type: int), _col4 (type: int), _col5 (type: decimal(8,2))
                       Statistics: Num rows: 1149964734 Data size: 119542589565 Basic stats: COMPLETE Column stats: NONE
         Reducer 43 
             Reduce Operator Tree:
@@ -797,40 +797,40 @@ STAGE PLANS:
                 outputColumnNames: _col3, _col4, _col8, _col9, _col10, _col12, _col15, _col16
                 Statistics: Num rows: 191667562 Data size: 26061245514 Basic stats: COMPLETE Column stats: NONE
                 Select Operator
-                  expressions: _col8 (type: int), _col9 (type: int), _col10 (type: int), _col12 (type: int), (_col3 - COALESCE(_col15,0)) (type: int), (_col4 - COALESCE(_col16,0)) (type: decimal(13,2))
+                  expressions: _col8 (type: int), _col9 (type: int), _col10 (type: int), _col12 (type: int), (_col3 - COALESCE(_col15,0)) (type: int), (_col4 - COALESCE(_col16,0)) (type: decimal(8,2))
                   outputColumnNames: _col0, _col1, _col2, _col3, _col4, _col5
                   Statistics: Num rows: 191667562 Data size: 26061245514 Basic stats: COMPLETE Column stats: NONE
                   Group By Operator
-                    keys: _col0 (type: int), _col1 (type: int), _col2 (type: int), _col3 (type: int), _col4 (type: int), _col5 (type: decimal(13,2))
+                    keys: _col0 (type: int), _col1 (type: int), _col2 (type: int), _col3 (type: int), _col4 (type: int), _col5 (type: decimal(8,2))
                     mode: hash
                     outputColumnNames: _col0, _col1, _col2, _col3, _col4, _col5
                     Statistics: Num rows: 766649929 Data size: 85832540296 Basic stats: COMPLETE Column stats: NONE
                     Reduce Output Operator
-                      key expressions: _col0 (type: int), _col1 (type: int), _col2 (type: int), _col3 (type: int), _col4 (type: int), _col5 (type: decimal(13,2))
+                      key expressions: _col0 (type: int), _col1 (type: int), _col2 (type: int), _col3 (type: int), _col4 (type: int), _col5 (type: decimal(8,2))
                       sort order: ++++++
                       Map-reduce partition columns: _col0 (type: int), _col1 (type: int), _col2 (type: int), _col3 (type: int)
                       Statistics: Num rows: 766649929 Data size: 85832540296 Basic stats: COMPLETE Column stats: NONE
         Reducer 5 
             Reduce Operator Tree:
               Group By Operator
-                keys: KEY._col0 (type: int), KEY._col1 (type: int), KEY._col2 (type: int), KEY._col3 (type: int), KEY._col4 (type: int), KEY._col5 (type: decimal(13,2))
+                keys: KEY._col0 (type: int), KEY._col1 (type: int), KEY._col2 (type: int), KEY._col3 (type: int), KEY._col4 (type: int), KEY._col5 (type: decimal(8,2))
                 mode: mergepartial
                 outputColumnNames: _col0, _col1, _col2, _col3, _col4, _col5
                 Statistics: Num rows: 574982367 Data size: 59771294782 Basic stats: COMPLETE Column stats: NONE
                 Group By Operator
-                  keys: _col0 (type: int), _col1 (type: int), _col2 (type: int), _col3 (type: int), _col4 (type: int), _col5 (type: decimal(13,2))
+                  keys: _col0 (type: int), _col1 (type: int), _col2 (type: int), _col3 (type: int), _col4 (type: int), _col5 (type: decimal(8,2))
                   mode: hash
                   outputColumnNames: _col0, _col1, _col2, _col3, _col4, _col5
                   Statistics: Num rows: 766649929 Data size: 85832540296 Basic stats: COMPLETE Column stats: NONE
                   Reduce Output Operator
-                    key expressions: _col0 (type: int), _col1 (type: int), _col2 (type: int), _col3 (type: int), _col4 (type: int), _col5 (type: decimal(13,2))
+                    key expressions: _col0 (type: int), _col1 (type: int), _col2 (type: int), _col3 (type: int), _col4 (type: int), _col5 (type: decimal(8,2))
                     sort order: ++++++
                     Map-reduce partition columns: _col0 (type: int), _col1 (type: int), _col2 (type: int), _col3 (type: int)
                     Statistics: Num rows: 766649929 Data size: 85832540296 Basic stats: COMPLETE Column stats: NONE
         Reducer 6 
             Reduce Operator Tree:
               Group By Operator
-                keys: KEY._col0 (type: int), KEY._col1 (type: int), KEY._col2 (type: int), KEY._col3 (type: int), KEY._col4 (type: int), KEY._col5 (type: decimal(13,2))
+                keys: KEY._col0 (type: int), KEY._col1 (type: int), KEY._col2 (type: int), KEY._col3 (type: int), KEY._col4 (type: int), KEY._col5 (type: decimal(8,2))
                 mode: mergepartial
                 outputColumnNames: _col0, _col1, _col2, _col3, _col4, _col5
                 Statistics: Num rows: 383324964 Data size: 42916270092 Basic stats: COMPLETE Column stats: NONE
@@ -845,7 +845,7 @@ STAGE PLANS:
                     sort order: ++++
                     Map-reduce partition columns: _col0 (type: int), _col1 (type: int), _col2 (type: int), _col3 (type: int)
                     Statistics: Num rows: 191662482 Data size: 21458135046 Basic stats: COMPLETE Column stats: NONE
-                    value expressions: _col4 (type: bigint), _col5 (type: decimal(23,2))
+                    value expressions: _col4 (type: bigint), _col5 (type: decimal(18,2))
         Reducer 7 
             Reduce Operator Tree:
               Join Operator
@@ -860,7 +860,7 @@ STAGE PLANS:
                   predicate: ((CAST( _col10 AS decimal(17,2)) / CAST( _col4 AS decimal(17,2))) < 0.9) (type: boolean)
                   Statistics: Num rows: 70276244 Data size: 7867982946 Basic stats: COMPLETE Column stats: NONE
                   Select Operator
-                    expressions: _col0 (type: int), _col1 (type: int), _col2 (type: int), _col3 (type: int), _col4 (type: bigint), _col10 (type: bigint), (_col10 - _col4) (type: bigint), (_col11 - _col5) (type: decimal(24,2))
+                    expressions: _col0 (type: int), _col1 (type: int), _col2 (type: int), _col3 (type: int), _col4 (type: bigint), _col10 (type: bigint), (_col10 - _col4) (type: bigint), (_col11 - _col5) (type: decimal(19,2))
                     outputColumnNames: _col0, _col1, _col2, _col3, _col4, _col5, _col6, _col7
                     Statistics: Num rows: 70276244 Data size: 7867982946 Basic stats: COMPLETE Column stats: NONE
                     Reduce Output Operator
@@ -868,18 +868,18 @@ STAGE PLANS:
                       sort order: +
                       Statistics: Num rows: 70276244 Data size: 7867982946 Basic stats: COMPLETE Column stats: NONE
                       TopN Hash Memory Usage: 0.1
-                      value expressions: _col0 (type: int), _col1 (type: int), _col2 (type: int), _col3 (type: int), _col4 (type: bigint), _col5 (type: bigint), _col7 (type: decimal(24,2))
+                      value expressions: _col0 (type: int), _col1 (type: int), _col2 (type: int), _col3 (type: int), _col4 (type: bigint), _col5 (type: bigint), _col7 (type: decimal(19,2))
         Reducer 8 
             Reduce Operator Tree:
               Select Operator
-                expressions: VALUE._col0 (type: int), VALUE._col1 (type: int), VALUE._col2 (type: int), VALUE._col3 (type: int), VALUE._col4 (type: bigint), VALUE._col5 (type: bigint), KEY.reducesinkkey0 (type: bigint), VALUE._col6 (type: decimal(24,2))
+                expressions: VALUE._col0 (type: int), VALUE._col1 (type: int), VALUE._col2 (type: int), VALUE._col3 (type: int), VALUE._col4 (type: bigint), VALUE._col5 (type: bigint), KEY.reducesinkkey0 (type: bigint), VALUE._col6 (type: decimal(19,2))
                 outputColumnNames: _col0, _col1, _col2, _col3, _col4, _col5, _col6, _col7
                 Statistics: Num rows: 70276244 Data size: 7867982946 Basic stats: COMPLETE Column stats: NONE
                 Limit
                   Number of rows: 100
                   Statistics: Num rows: 100 Data size: 11100 Basic stats: COMPLETE Column stats: NONE
                   Select Operator
-                    expressions: 2001 (type: int), 2002 (type: int), _col0 (type: int), _col1 (type: int), _col2 (type: int), _col3 (type: int), _col4 (type: bigint), _col5 (type: bigint), _col6 (type: bigint), _col7 (type: decimal(24,2))
+                    expressions: 2001 (type: int), 2002 (type: int), _col0 (type: int), _col1 (type: int), _col2 (type: int), _col3 (type: int), _col4 (type: bigint), _col5 (type: bigint), _col6 (type: bigint), _col7 (type: decimal(19,2))
                     outputColumnNames: _col0, _col1, _col2, _col3, _col4, _col5, _col6, _col7, _col8, _col9
                     Statistics: Num rows: 100 Data size: 11100 Basic stats: COMPLETE Column stats: NONE
                     File Output Operator
diff --git a/ql/src/test/results/clientpositive/perf/tez/query14.q.out b/ql/src/test/results/clientpositive/perf/tez/query14.q.out
index dac6e0f20b..dfdd53de00 100644
--- a/ql/src/test/results/clientpositive/perf/tez/query14.q.out
+++ b/ql/src/test/results/clientpositive/perf/tez/query14.q.out
@@ -1,6 +1,6 @@
 Warning: Shuffle Join MERGEJOIN[892][tables = [$hdt$_2, $hdt$_3, $hdt$_1]] in Stage 'Reducer 16' is a cross product
-Warning: Shuffle Join MERGEJOIN[890][tables = [$hdt$_1, $hdt$_2, $hdt$_0]] in Stage 'Reducer 5' is a cross product
 Warning: Shuffle Join MERGEJOIN[891][tables = [$hdt$_1, $hdt$_2, $hdt$_0]] in Stage 'Reducer 12' is a cross product
+Warning: Shuffle Join MERGEJOIN[890][tables = [$hdt$_1, $hdt$_2, $hdt$_0]] in Stage 'Reducer 5' is a cross product
 PREHOOK: query: explain
 with  cross_items as
  (select i_item_sk ss_item_sk
diff --git a/ql/src/test/results/clientpositive/perf/tez/query21.q.out b/ql/src/test/results/clientpositive/perf/tez/query21.q.out
index 876e3c898b..aed0990277 100644
--- a/ql/src/test/results/clientpositive/perf/tez/query21.q.out
+++ b/ql/src/test/results/clientpositive/perf/tez/query21.q.out
@@ -78,7 +78,7 @@ Stage-0
           <-Reducer 5 [SIMPLE_EDGE]
             SHUFFLE [RS_28]
               Filter Operator [FIL_26] (rows=12506076 width=15)
-                predicate:CASE WHEN ((_col2 > 0)) THEN ((UDFToDouble(_col3) / UDFToDouble(_col2)) BETWEEN 0.6666666666666666 AND 1.5) ELSE (null) END
+                predicate:CASE WHEN ((_col2 > 0)) THEN ((UDFToDouble(_col3) / UDFToDouble(_col2)) BETWEEN 0.666667 AND 1.5) ELSE (null) END
                 Group By Operator [GBY_25] (rows=25012152 width=15)
                   Output:["_col0","_col1","_col2","_col3"],aggregations:["sum(VALUE._col0)","sum(VALUE._col1)"],keys:KEY._col0, KEY._col1
                 <-Reducer 4 [SIMPLE_EDGE]
diff --git a/ql/src/test/results/clientpositive/spark/vectorized_math_funcs.q.out b/ql/src/test/results/clientpositive/spark/vectorized_math_funcs.q.out
index 3780a4a179..ba90117756 100644
--- a/ql/src/test/results/clientpositive/spark/vectorized_math_funcs.q.out
+++ b/ql/src/test/results/clientpositive/spark/vectorized_math_funcs.q.out
@@ -137,7 +137,7 @@ STAGE PLANS:
                           className: VectorSelectOperator
                           native: true
                           projectedOutputColumns: [5, 13, 12, 14, 15, 16, 18, 17, 19, 20, 21, 23, 22, 24, 25, 26, 27, 28, 30, 31, 29, 32, 33, 34, 35, 36, 37, 38, 39, 40, 41, 42, 43, 44, 45, 5, 3, 46, 47, 48, 49]
-                          selectExpressions: RoundWithNumDigitsDoubleToDouble(col 5, decimalPlaces 2) -> 13:double, FuncFloorDoubleToLong(col 5) -> 12:long, FuncCeilDoubleToLong(col 5) -> 14:long, FuncRandNoSeed -> 15:double, FuncRand -> 16:double, FuncExpDoubleToDouble(col 17)(children: FuncLnDoubleToDouble(col 5) -> 17:double) -> 18:double, FuncLnDoubleToDouble(col 5) -> 17:double, FuncLnDoubleToDouble(col 4) -> 19:double, FuncLog10DoubleToDouble(col 5) -> 20:double, FuncLog2DoubleToDouble(col 5) -> 21:double, FuncLog2DoubleToDouble(col 22)(children: DoubleColSubtractDoubleScalar(col 5, val 15601.0) -> 22:double) -> 23:double, FuncLog2DoubleToDouble(col 4) -> 22:double, FuncLog2LongToDouble(col 3) -> 24:double, FuncLog2LongToDouble(col 2) -> 25:double, FuncLog2LongToDouble(col 1) -> 26:double, FuncLog2LongToDouble(col 0) -> 27:double, VectorUDFAdaptor(log(2, cdouble)) -> 28:double, VectorUDFAdaptor(power(log2(cdouble), 2))(children: FuncLog2DoubleToDouble(col 5) -> 29:double) -> 30:double, VectorUDFAdaptor(power(log2(cdouble), 2))(children: FuncLog2DoubleToDouble(col 5) -> 29:double) -> 31:double, FuncSqrtDoubleToDouble(col 5) -> 29:double, FuncSqrtLongToDouble(col 3) -> 32:double, FuncBin(col 3) -> 33:String, VectorUDFAdaptor(hex(cdouble)) -> 34:string, VectorUDFAdaptor(conv(cbigint, 10, 16)) -> 35:string, FuncAbsDoubleToDouble(col 5) -> 36:double, FuncAbsLongToLong(col 0) -> 37:long, PosModLongToLong(col 2, divisor 3) -> 38:long, FuncSinDoubleToDouble(col 5) -> 39:double, FuncASinDoubleToDouble(col 5) -> 40:double, FuncCosDoubleToDouble(col 5) -> 41:double, FuncACosDoubleToDouble(col 5) -> 42:double, FuncATanDoubleToDouble(col 5) -> 43:double, FuncDegreesDoubleToDouble(col 5) -> 44:double, FuncRadiansDoubleToDouble(col 5) -> 45:double, DoubleColUnaryMinus(col 5) -> 46:double, FuncSignDoubleToDouble(col 5) -> 47:double, FuncSignLongToDouble(col 3) -> 48:double, FuncCosDoubleToDouble(col 50)(children: DoubleColAddDoubleScalar(col 49, val 3.14159)(children: DoubleColUnaryMinus(col 50)(children: FuncSinDoubleToDouble(col 49)(children: FuncLnDoubleToDouble(col 5) -> 49:double) -> 50:double) -> 49:double) -> 50:double) -> 49:double
+                          selectExpressions: RoundWithNumDigitsDoubleToDouble(col 5, decimalPlaces 2) -> 13:double, FuncFloorDoubleToLong(col 5) -> 12:long, FuncCeilDoubleToLong(col 5) -> 14:long, FuncRandNoSeed -> 15:double, FuncRand -> 16:double, FuncExpDoubleToDouble(col 17)(children: FuncLnDoubleToDouble(col 5) -> 17:double) -> 18:double, FuncLnDoubleToDouble(col 5) -> 17:double, FuncLnDoubleToDouble(col 4) -> 19:double, FuncLog10DoubleToDouble(col 5) -> 20:double, FuncLog2DoubleToDouble(col 5) -> 21:double, FuncLog2DoubleToDouble(col 22)(children: DoubleColSubtractDoubleScalar(col 5, val 15601.0) -> 22:double) -> 23:double, FuncLog2DoubleToDouble(col 4) -> 22:double, FuncLog2LongToDouble(col 3) -> 24:double, FuncLog2LongToDouble(col 2) -> 25:double, FuncLog2LongToDouble(col 1) -> 26:double, FuncLog2LongToDouble(col 0) -> 27:double, FuncLogWithBaseDoubleToDouble(col 5) -> 28:double, FuncPowerDoubleToDouble(col 29)(children: FuncLog2DoubleToDouble(col 5) -> 29:double) -> 30:double, FuncPowerDoubleToDouble(col 29)(children: FuncLog2DoubleToDouble(col 5) -> 29:double) -> 31:double, FuncSqrtDoubleToDouble(col 5) -> 29:double, FuncSqrtLongToDouble(col 3) -> 32:double, FuncBin(col 3) -> 33:String, VectorUDFAdaptor(hex(cdouble)) -> 34:string, VectorUDFAdaptor(conv(cbigint, 10, 16)) -> 35:string, FuncAbsDoubleToDouble(col 5) -> 36:double, FuncAbsLongToLong(col 0) -> 37:long, PosModLongToLong(col 2, divisor 3) -> 38:long, FuncSinDoubleToDouble(col 5) -> 39:double, FuncASinDoubleToDouble(col 5) -> 40:double, FuncCosDoubleToDouble(col 5) -> 41:double, FuncACosDoubleToDouble(col 5) -> 42:double, FuncATanDoubleToDouble(col 5) -> 43:double, FuncDegreesDoubleToDouble(col 5) -> 44:double, FuncRadiansDoubleToDouble(col 5) -> 45:double, DoubleColUnaryMinus(col 5) -> 46:double, FuncSignDoubleToDouble(col 5) -> 47:double, FuncSignLongToDouble(col 3) -> 48:double, FuncCosDoubleToDouble(col 50)(children: DoubleColAddDoubleScalar(col 49, val 3.14159)(children: DoubleColUnaryMinus(col 50)(children: FuncSinDoubleToDouble(col 49)(children: FuncLnDoubleToDouble(col 5) -> 49:double) -> 50:double) -> 49:double) -> 50:double) -> 49:double
                       Statistics: Num rows: 2048 Data size: 440327 Basic stats: COMPLETE Column stats: NONE
                       File Output Operator
                         compressed: false
diff --git a/ql/src/test/results/clientpositive/vector_decimal_math_funcs.q.out b/ql/src/test/results/clientpositive/vector_decimal_math_funcs.q.out
index bc063f402c..a3bda270e3 100644
--- a/ql/src/test/results/clientpositive/vector_decimal_math_funcs.q.out
+++ b/ql/src/test/results/clientpositive/vector_decimal_math_funcs.q.out
@@ -117,8 +117,8 @@ STAGE PLANS:
                 Select Vectorization:
                     className: VectorSelectOperator
                     native: true
-                    projectedOutputColumns: [2, 7, 8, 9, 10, 5, 11, 12, 13, 15, 6, 16, 17, 19, 20, 21, 22, 23, 24, 25, 26, 27, 2, 28, 4, 29]
-                    selectExpressions: FuncRoundWithNumDigitsDecimalToDecimal(col 2, decimalPlaces 2) -> 7:decimal(13,2), FuncRoundDecimalToDecimal(col 2) -> 8:decimal(11,0), FuncFloorDecimalToDecimal(col 2) -> 9:decimal(11,0), FuncCeilDecimalToDecimal(col 2) -> 10:decimal(11,0), RoundWithNumDigitsDoubleToDouble(col 6, decimalPlaces 58)(children: FuncExpDoubleToDouble(col 5)(children: CastDecimalToDouble(col 2) -> 5:double) -> 6:double) -> 5:double, FuncLnDoubleToDouble(col 6)(children: CastDecimalToDouble(col 2) -> 6:double) -> 11:double, FuncLog10DoubleToDouble(col 6)(children: CastDecimalToDouble(col 2) -> 6:double) -> 12:double, FuncLog2DoubleToDouble(col 6)(children: CastDecimalToDouble(col 2) -> 6:double) -> 13:double, FuncLog2DoubleToDouble(col 6)(children: CastDecimalToDouble(col 14)(children: DecimalColSubtractDecimalScalar(col 2, val 15601) -> 14:decimal(21,10)) -> 6:double) -> 15:double, VectorUDFAdaptor(log(2, cdecimal1)) -> 6:double, VectorUDFAdaptor(power(log2(cdecimal1), 2))(children: FuncLog2DoubleToDouble(col 16)(children: CastDecimalToDouble(col 2) -> 16:double) -> 17:double) -> 16:double, VectorUDFAdaptor(power(log2(cdecimal1), 2))(children: FuncLog2DoubleToDouble(col 17)(children: CastDecimalToDouble(col 2) -> 17:double) -> 18:double) -> 17:double, FuncSqrtDoubleToDouble(col 18)(children: CastDecimalToDouble(col 2) -> 18:double) -> 19:double, FuncAbsDecimalToDecimal(col 2) -> 20:decimal(20,10), FuncSinDoubleToDouble(col 18)(children: CastDecimalToDouble(col 2) -> 18:double) -> 21:double, FuncASinDoubleToDouble(col 18)(children: CastDecimalToDouble(col 2) -> 18:double) -> 22:double, FuncCosDoubleToDouble(col 18)(children: CastDecimalToDouble(col 2) -> 18:double) -> 23:double, FuncACosDoubleToDouble(col 18)(children: CastDecimalToDouble(col 2) -> 18:double) -> 24:double, FuncATanDoubleToDouble(col 18)(children: CastDecimalToDouble(col 2) -> 18:double) -> 25:double, FuncDegreesDoubleToDouble(col 18)(children: CastDecimalToDouble(col 2) -> 18:double) -> 26:double, FuncRadiansDoubleToDouble(col 18)(children: CastDecimalToDouble(col 2) -> 18:double) -> 27:double, FuncNegateDecimalToDecimal(col 2) -> 28:decimal(20,10), FuncSignDecimalToLong(col 2) -> 4:int, FuncCosDoubleToDouble(col 18)(children: DoubleColAddDoubleScalar(col 29, val 3.14159)(children: DoubleColUnaryMinus(col 18)(children: FuncSinDoubleToDouble(col 29)(children: FuncLnDoubleToDouble(col 18)(children: CastDecimalToDouble(col 2) -> 18:double) -> 29:double) -> 18:double) -> 29:double) -> 18:double) -> 29:double
+                    projectedOutputColumns: [2, 7, 8, 9, 10, 5, 11, 12, 13, 15, 16, 6, 17, 19, 20, 21, 22, 23, 24, 25, 26, 27, 2, 28, 4, 29]
+                    selectExpressions: FuncRoundWithNumDigitsDecimalToDecimal(col 2, decimalPlaces 2) -> 7:decimal(13,2), FuncRoundDecimalToDecimal(col 2) -> 8:decimal(11,0), FuncFloorDecimalToDecimal(col 2) -> 9:decimal(11,0), FuncCeilDecimalToDecimal(col 2) -> 10:decimal(11,0), RoundWithNumDigitsDoubleToDouble(col 6, decimalPlaces 58)(children: FuncExpDoubleToDouble(col 5)(children: CastDecimalToDouble(col 2) -> 5:double) -> 6:double) -> 5:double, FuncLnDoubleToDouble(col 6)(children: CastDecimalToDouble(col 2) -> 6:double) -> 11:double, FuncLog10DoubleToDouble(col 6)(children: CastDecimalToDouble(col 2) -> 6:double) -> 12:double, FuncLog2DoubleToDouble(col 6)(children: CastDecimalToDouble(col 2) -> 6:double) -> 13:double, FuncLog2DoubleToDouble(col 6)(children: CastDecimalToDouble(col 14)(children: DecimalColSubtractDecimalScalar(col 2, val 15601) -> 14:decimal(21,10)) -> 6:double) -> 15:double, FuncLogWithBaseDoubleToDouble(col 6)(children: CastDecimalToDouble(col 2) -> 6:double) -> 16:double, FuncPowerDoubleToDouble(col 17)(children: FuncLog2DoubleToDouble(col 6)(children: CastDecimalToDouble(col 2) -> 6:double) -> 17:double) -> 6:double, FuncPowerDoubleToDouble(col 18)(children: FuncLog2DoubleToDouble(col 17)(children: CastDecimalToDouble(col 2) -> 17:double) -> 18:double) -> 17:double, FuncSqrtDoubleToDouble(col 18)(children: CastDecimalToDouble(col 2) -> 18:double) -> 19:double, FuncAbsDecimalToDecimal(col 2) -> 20:decimal(20,10), FuncSinDoubleToDouble(col 18)(children: CastDecimalToDouble(col 2) -> 18:double) -> 21:double, FuncASinDoubleToDouble(col 18)(children: CastDecimalToDouble(col 2) -> 18:double) -> 22:double, FuncCosDoubleToDouble(col 18)(children: CastDecimalToDouble(col 2) -> 18:double) -> 23:double, FuncACosDoubleToDouble(col 18)(children: CastDecimalToDouble(col 2) -> 18:double) -> 24:double, FuncATanDoubleToDouble(col 18)(children: CastDecimalToDouble(col 2) -> 18:double) -> 25:double, FuncDegreesDoubleToDouble(col 18)(children: CastDecimalToDouble(col 2) -> 18:double) -> 26:double, FuncRadiansDoubleToDouble(col 18)(children: CastDecimalToDouble(col 2) -> 18:double) -> 27:double, FuncNegateDecimalToDecimal(col 2) -> 28:decimal(20,10), FuncSignDecimalToLong(col 2) -> 4:int, FuncCosDoubleToDouble(col 18)(children: DoubleColAddDoubleScalar(col 29, val 3.14159)(children: DoubleColUnaryMinus(col 18)(children: FuncSinDoubleToDouble(col 29)(children: FuncLnDoubleToDouble(col 18)(children: CastDecimalToDouble(col 2) -> 18:double) -> 29:double) -> 18:double) -> 29:double) -> 18:double) -> 29:double
                 Statistics: Num rows: 2048 Data size: 366958 Basic stats: COMPLETE Column stats: NONE
                 File Output Operator
                   compressed: false
@@ -137,7 +137,7 @@ STAGE PLANS:
           groupByVectorOutput: true
           inputFileFormats: org.apache.hadoop.hive.ql.io.orc.OrcInputFormat
           allNative: false
-          usesVectorUDFAdaptor: true
+          usesVectorUDFAdaptor: false
           vectorized: true
 
   Stage: Stage-0
diff --git a/ql/src/test/results/clientpositive/vectorized_math_funcs.q.out b/ql/src/test/results/clientpositive/vectorized_math_funcs.q.out
index d276921d1e..730a798907 100644
--- a/ql/src/test/results/clientpositive/vectorized_math_funcs.q.out
+++ b/ql/src/test/results/clientpositive/vectorized_math_funcs.q.out
@@ -134,7 +134,7 @@ STAGE PLANS:
                     className: VectorSelectOperator
                     native: true
                     projectedOutputColumns: [5, 13, 12, 14, 15, 16, 18, 17, 19, 20, 21, 23, 22, 24, 25, 26, 27, 28, 30, 31, 29, 32, 33, 34, 35, 36, 37, 38, 39, 40, 41, 42, 43, 44, 45, 5, 3, 46, 47, 48, 49]
-                    selectExpressions: RoundWithNumDigitsDoubleToDouble(col 5, decimalPlaces 2) -> 13:double, FuncFloorDoubleToLong(col 5) -> 12:long, FuncCeilDoubleToLong(col 5) -> 14:long, FuncRandNoSeed -> 15:double, FuncRand -> 16:double, FuncExpDoubleToDouble(col 17)(children: FuncLnDoubleToDouble(col 5) -> 17:double) -> 18:double, FuncLnDoubleToDouble(col 5) -> 17:double, FuncLnDoubleToDouble(col 4) -> 19:double, FuncLog10DoubleToDouble(col 5) -> 20:double, FuncLog2DoubleToDouble(col 5) -> 21:double, FuncLog2DoubleToDouble(col 22)(children: DoubleColSubtractDoubleScalar(col 5, val 15601.0) -> 22:double) -> 23:double, FuncLog2DoubleToDouble(col 4) -> 22:double, FuncLog2LongToDouble(col 3) -> 24:double, FuncLog2LongToDouble(col 2) -> 25:double, FuncLog2LongToDouble(col 1) -> 26:double, FuncLog2LongToDouble(col 0) -> 27:double, VectorUDFAdaptor(log(2, cdouble)) -> 28:double, VectorUDFAdaptor(power(log2(cdouble), 2))(children: FuncLog2DoubleToDouble(col 5) -> 29:double) -> 30:double, VectorUDFAdaptor(power(log2(cdouble), 2))(children: FuncLog2DoubleToDouble(col 5) -> 29:double) -> 31:double, FuncSqrtDoubleToDouble(col 5) -> 29:double, FuncSqrtLongToDouble(col 3) -> 32:double, FuncBin(col 3) -> 33:String, VectorUDFAdaptor(hex(cdouble)) -> 34:string, VectorUDFAdaptor(conv(cbigint, 10, 16)) -> 35:string, FuncAbsDoubleToDouble(col 5) -> 36:double, FuncAbsLongToLong(col 0) -> 37:long, PosModLongToLong(col 2, divisor 3) -> 38:long, FuncSinDoubleToDouble(col 5) -> 39:double, FuncASinDoubleToDouble(col 5) -> 40:double, FuncCosDoubleToDouble(col 5) -> 41:double, FuncACosDoubleToDouble(col 5) -> 42:double, FuncATanDoubleToDouble(col 5) -> 43:double, FuncDegreesDoubleToDouble(col 5) -> 44:double, FuncRadiansDoubleToDouble(col 5) -> 45:double, DoubleColUnaryMinus(col 5) -> 46:double, FuncSignDoubleToDouble(col 5) -> 47:double, FuncSignLongToDouble(col 3) -> 48:double, FuncCosDoubleToDouble(col 50)(children: DoubleColAddDoubleScalar(col 49, val 3.14159)(children: DoubleColUnaryMinus(col 50)(children: FuncSinDoubleToDouble(col 49)(children: FuncLnDoubleToDouble(col 5) -> 49:double) -> 50:double) -> 49:double) -> 50:double) -> 49:double
+                    selectExpressions: RoundWithNumDigitsDoubleToDouble(col 5, decimalPlaces 2) -> 13:double, FuncFloorDoubleToLong(col 5) -> 12:long, FuncCeilDoubleToLong(col 5) -> 14:long, FuncRandNoSeed -> 15:double, FuncRand -> 16:double, FuncExpDoubleToDouble(col 17)(children: FuncLnDoubleToDouble(col 5) -> 17:double) -> 18:double, FuncLnDoubleToDouble(col 5) -> 17:double, FuncLnDoubleToDouble(col 4) -> 19:double, FuncLog10DoubleToDouble(col 5) -> 20:double, FuncLog2DoubleToDouble(col 5) -> 21:double, FuncLog2DoubleToDouble(col 22)(children: DoubleColSubtractDoubleScalar(col 5, val 15601.0) -> 22:double) -> 23:double, FuncLog2DoubleToDouble(col 4) -> 22:double, FuncLog2LongToDouble(col 3) -> 24:double, FuncLog2LongToDouble(col 2) -> 25:double, FuncLog2LongToDouble(col 1) -> 26:double, FuncLog2LongToDouble(col 0) -> 27:double, FuncLogWithBaseDoubleToDouble(col 5) -> 28:double, FuncPowerDoubleToDouble(col 29)(children: FuncLog2DoubleToDouble(col 5) -> 29:double) -> 30:double, FuncPowerDoubleToDouble(col 29)(children: FuncLog2DoubleToDouble(col 5) -> 29:double) -> 31:double, FuncSqrtDoubleToDouble(col 5) -> 29:double, FuncSqrtLongToDouble(col 3) -> 32:double, FuncBin(col 3) -> 33:String, VectorUDFAdaptor(hex(cdouble)) -> 34:string, VectorUDFAdaptor(conv(cbigint, 10, 16)) -> 35:string, FuncAbsDoubleToDouble(col 5) -> 36:double, FuncAbsLongToLong(col 0) -> 37:long, PosModLongToLong(col 2, divisor 3) -> 38:long, FuncSinDoubleToDouble(col 5) -> 39:double, FuncASinDoubleToDouble(col 5) -> 40:double, FuncCosDoubleToDouble(col 5) -> 41:double, FuncACosDoubleToDouble(col 5) -> 42:double, FuncATanDoubleToDouble(col 5) -> 43:double, FuncDegreesDoubleToDouble(col 5) -> 44:double, FuncRadiansDoubleToDouble(col 5) -> 45:double, DoubleColUnaryMinus(col 5) -> 46:double, FuncSignDoubleToDouble(col 5) -> 47:double, FuncSignLongToDouble(col 3) -> 48:double, FuncCosDoubleToDouble(col 50)(children: DoubleColAddDoubleScalar(col 49, val 3.14159)(children: DoubleColUnaryMinus(col 50)(children: FuncSinDoubleToDouble(col 49)(children: FuncLnDoubleToDouble(col 5) -> 49:double) -> 50:double) -> 49:double) -> 50:double) -> 49:double
                 Statistics: Num rows: 2048 Data size: 440327 Basic stats: COMPLETE Column stats: NONE
                 File Output Operator
                   compressed: false
