diff --git a/ql/src/test/results/clientpositive/spark/subquery_multi.q.out b/ql/src/test/results/clientpositive/spark/subquery_multi.q.out
index f9b2c1b99c..ff9b921d26 100644
--- a/ql/src/test/results/clientpositive/spark/subquery_multi.q.out
+++ b/ql/src/test/results/clientpositive/spark/subquery_multi.q.out
@@ -2149,18 +2149,18 @@ STAGE PLANS:
                   alias: part
                   Statistics: Num rows: 26 Data size: 3147 Basic stats: COMPLETE Column stats: NONE
                   Filter Operator
-                    predicate: (p_container is not null and p_type is not null) (type: boolean)
-                    Statistics: Num rows: 26 Data size: 3147 Basic stats: COMPLETE Column stats: NONE
+                    predicate: ((p_container = p_container) and (p_type = p_type)) (type: boolean)
+                    Statistics: Num rows: 6 Data size: 726 Basic stats: COMPLETE Column stats: NONE
                     Group By Operator
                       keys: p_type (type: string), p_name (type: string), p_container (type: string)
                       mode: hash
                       outputColumnNames: _col0, _col1, _col2
-                      Statistics: Num rows: 26 Data size: 3147 Basic stats: COMPLETE Column stats: NONE
+                      Statistics: Num rows: 6 Data size: 726 Basic stats: COMPLETE Column stats: NONE
                       Reduce Output Operator
                         key expressions: _col0 (type: string), _col1 (type: string), _col2 (type: string)
                         sort order: +++
                         Map-reduce partition columns: _col0 (type: string), _col1 (type: string), _col2 (type: string)
-                        Statistics: Num rows: 26 Data size: 3147 Basic stats: COMPLETE Column stats: NONE
+                        Statistics: Num rows: 6 Data size: 726 Basic stats: COMPLETE Column stats: NONE
         Map 7 
             Map Operator Tree:
                 TableScan
@@ -2232,12 +2232,12 @@ STAGE PLANS:
                   0 _col4 (type: string), _col1 (type: string), _col6 (type: string)
                   1 _col1 (type: string), _col0 (type: string), _col2 (type: string)
                 outputColumnNames: _col0, _col1, _col2, _col3, _col4, _col5, _col6, _col7, _col8
-                Statistics: Num rows: 14 Data size: 1730 Basic stats: COMPLETE Column stats: NONE
+                Statistics: Num rows: 3 Data size: 399 Basic stats: COMPLETE Column stats: NONE
                 Reduce Output Operator
                   key expressions: _col4 (type: string)
                   sort order: +
                   Map-reduce partition columns: _col4 (type: string)
-                  Statistics: Num rows: 14 Data size: 1730 Basic stats: COMPLETE Column stats: NONE
+                  Statistics: Num rows: 3 Data size: 399 Basic stats: COMPLETE Column stats: NONE
                   value expressions: _col0 (type: int), _col1 (type: string), _col2 (type: string), _col3 (type: string), _col5 (type: int), _col6 (type: string), _col7 (type: double), _col8 (type: string)
         Reducer 3 
             Reduce Operator Tree:
@@ -2285,16 +2285,16 @@ STAGE PLANS:
                 keys: KEY._col0 (type: string), KEY._col1 (type: string), KEY._col2 (type: string)
                 mode: mergepartial
                 outputColumnNames: _col0, _col1, _col2
-                Statistics: Num rows: 13 Data size: 1573 Basic stats: COMPLETE Column stats: NONE
+                Statistics: Num rows: 3 Data size: 363 Basic stats: COMPLETE Column stats: NONE
                 Select Operator
                   expressions: _col1 (type: string), _col0 (type: string), _col2 (type: string)
                   outputColumnNames: _col0, _col1, _col2
-                  Statistics: Num rows: 13 Data size: 1573 Basic stats: COMPLETE Column stats: NONE
+                  Statistics: Num rows: 3 Data size: 363 Basic stats: COMPLETE Column stats: NONE
                   Reduce Output Operator
                     key expressions: _col1 (type: string), _col0 (type: string), _col2 (type: string)
                     sort order: +++
                     Map-reduce partition columns: _col1 (type: string), _col0 (type: string), _col2 (type: string)
-                    Statistics: Num rows: 13 Data size: 1573 Basic stats: COMPLETE Column stats: NONE
+                    Statistics: Num rows: 3 Data size: 363 Basic stats: COMPLETE Column stats: NONE
         Reducer 8 
             Reduce Operator Tree:
               Join Operator
@@ -2866,15 +2866,15 @@ STAGE PLANS:
                   alias: lineitem
                   Statistics: Num rows: 100 Data size: 11999 Basic stats: COMPLETE Column stats: NONE
                   Filter Operator
-                    predicate: ((l_shipmode = 'AIR') and l_linenumber is not null) (type: boolean)
-                    Statistics: Num rows: 50 Data size: 5999 Basic stats: COMPLETE Column stats: NONE
+                    predicate: ((l_linenumber = l_linenumber) and (l_shipmode = 'AIR')) (type: boolean)
+                    Statistics: Num rows: 25 Data size: 2999 Basic stats: COMPLETE Column stats: NONE
                     Select Operator
                       expressions: l_orderkey (type: int), l_linenumber (type: int), l_quantity (type: double)
                       outputColumnNames: _col0, _col1, _col2
-                      Statistics: Num rows: 50 Data size: 5999 Basic stats: COMPLETE Column stats: NONE
+                      Statistics: Num rows: 25 Data size: 2999 Basic stats: COMPLETE Column stats: NONE
                       Reduce Output Operator
                         sort order: 
-                        Statistics: Num rows: 50 Data size: 5999 Basic stats: COMPLETE Column stats: NONE
+                        Statistics: Num rows: 25 Data size: 2999 Basic stats: COMPLETE Column stats: NONE
                         value expressions: _col0 (type: int), _col1 (type: int), _col2 (type: double)
         Reducer 10 
             Reduce Operator Tree:
@@ -2967,12 +2967,12 @@ STAGE PLANS:
                   0 
                   1 
                 outputColumnNames: _col0, _col1, _col2, _col4, _col5
-                Statistics: Num rows: 50 Data size: 10449 Basic stats: COMPLETE Column stats: NONE
+                Statistics: Num rows: 25 Data size: 5224 Basic stats: COMPLETE Column stats: NONE
                 Reduce Output Operator
                   key expressions: _col2 (type: double)
                   sort order: +
                   Map-reduce partition columns: _col2 (type: double)
-                  Statistics: Num rows: 50 Data size: 10449 Basic stats: COMPLETE Column stats: NONE
+                  Statistics: Num rows: 25 Data size: 5224 Basic stats: COMPLETE Column stats: NONE
                   value expressions: _col0 (type: int), _col1 (type: int), _col4 (type: bigint), _col5 (type: bigint)
         Reducer 8 
             Reduce Operator Tree:
@@ -2983,24 +2983,24 @@ STAGE PLANS:
                   0 _col2 (type: double)
                   1 _col0 (type: double)
                 outputColumnNames: _col0, _col1, _col2, _col4, _col5, _col7
-                Statistics: Num rows: 55 Data size: 11493 Basic stats: COMPLETE Column stats: NONE
+                Statistics: Num rows: 27 Data size: 5746 Basic stats: COMPLETE Column stats: NONE
                 Filter Operator
                   predicate: (not CASE WHEN ((_col4 = 0)) THEN (false) WHEN (_col7 is not null) THEN (true) WHEN (_col2 is null) THEN (null) WHEN ((_col5 < _col4)) THEN (true) ELSE (false) END) (type: boolean)
-                  Statistics: Num rows: 28 Data size: 5850 Basic stats: COMPLETE Column stats: NONE
+                  Statistics: Num rows: 14 Data size: 2979 Basic stats: COMPLETE Column stats: NONE
                   Select Operator
                     expressions: _col0 (type: int), _col1 (type: int)
                     outputColumnNames: _col0, _col1
-                    Statistics: Num rows: 28 Data size: 5850 Basic stats: COMPLETE Column stats: NONE
+                    Statistics: Num rows: 14 Data size: 2979 Basic stats: COMPLETE Column stats: NONE
                     Group By Operator
                       keys: _col0 (type: int), _col1 (type: int)
                       mode: hash
                       outputColumnNames: _col0, _col1
-                      Statistics: Num rows: 28 Data size: 5850 Basic stats: COMPLETE Column stats: NONE
+                      Statistics: Num rows: 14 Data size: 2979 Basic stats: COMPLETE Column stats: NONE
                       Reduce Output Operator
                         key expressions: _col0 (type: int), _col1 (type: int)
                         sort order: ++
                         Map-reduce partition columns: _col0 (type: int), _col1 (type: int)
-                        Statistics: Num rows: 28 Data size: 5850 Basic stats: COMPLETE Column stats: NONE
+                        Statistics: Num rows: 14 Data size: 2979 Basic stats: COMPLETE Column stats: NONE
 
   Stage: Stage-0
     Fetch Operator
diff --git a/ql/src/test/results/clientpositive/spark/subquery_notin.q.out b/ql/src/test/results/clientpositive/spark/subquery_notin.q.out
index d7b9a41f11..0317288c08 100644
--- a/ql/src/test/results/clientpositive/spark/subquery_notin.q.out
+++ b/ql/src/test/results/clientpositive/spark/subquery_notin.q.out
@@ -341,13 +341,13 @@ STAGE PLANS:
                   alias: part
                   Statistics: Num rows: 26 Data size: 3147 Basic stats: COMPLETE Column stats: NONE
                   Filter Operator
-                    predicate: p_mfgr is not null (type: boolean)
-                    Statistics: Num rows: 26 Data size: 3147 Basic stats: COMPLETE Column stats: NONE
+                    predicate: (p_mfgr = p_mfgr) (type: boolean)
+                    Statistics: Num rows: 13 Data size: 1573 Basic stats: COMPLETE Column stats: NONE
                     Reduce Output Operator
                       key expressions: p_mfgr (type: string), p_size (type: int)
                       sort order: ++
                       Map-reduce partition columns: p_mfgr (type: string)
-                      Statistics: Num rows: 26 Data size: 3147 Basic stats: COMPLETE Column stats: NONE
+                      Statistics: Num rows: 13 Data size: 1573 Basic stats: COMPLETE Column stats: NONE
                       TopN Hash Memory Usage: 0.1
                       value expressions: p_name (type: string)
         Reducer 2 
@@ -395,7 +395,7 @@ STAGE PLANS:
               Select Operator
                 expressions: VALUE._col1 (type: string), KEY.reducesinkkey0 (type: string), KEY.reducesinkkey1 (type: int)
                 outputColumnNames: _col1, _col2, _col5
-                Statistics: Num rows: 26 Data size: 3147 Basic stats: COMPLETE Column stats: NONE
+                Statistics: Num rows: 13 Data size: 1573 Basic stats: COMPLETE Column stats: NONE
                 PTF Operator
                   Function definitions:
                       Input definition
@@ -416,25 +416,25 @@ STAGE PLANS:
                               window function: GenericUDAFRankEvaluator
                               window frame: ROWS PRECEDING(MAX)~FOLLOWING(MAX)
                               isPivotResult: true
-                  Statistics: Num rows: 26 Data size: 3147 Basic stats: COMPLETE Column stats: NONE
+                  Statistics: Num rows: 13 Data size: 1573 Basic stats: COMPLETE Column stats: NONE
                   Filter Operator
                     predicate: (rank_window_0 <= 2) (type: boolean)
-                    Statistics: Num rows: 8 Data size: 968 Basic stats: COMPLETE Column stats: NONE
+                    Statistics: Num rows: 4 Data size: 484 Basic stats: COMPLETE Column stats: NONE
                     Select Operator
                       expressions: _col1 (type: string), _col2 (type: string)
                       outputColumnNames: _col0, _col1
-                      Statistics: Num rows: 8 Data size: 968 Basic stats: COMPLETE Column stats: NONE
+                      Statistics: Num rows: 4 Data size: 484 Basic stats: COMPLETE Column stats: NONE
                       Group By Operator
                         aggregations: count(), count(_col0)
                         keys: _col1 (type: string)
                         mode: hash
                         outputColumnNames: _col0, _col1, _col2
-                        Statistics: Num rows: 8 Data size: 968 Basic stats: COMPLETE Column stats: NONE
+                        Statistics: Num rows: 4 Data size: 484 Basic stats: COMPLETE Column stats: NONE
                         Reduce Output Operator
                           key expressions: _col0 (type: string)
                           sort order: +
                           Map-reduce partition columns: _col0 (type: string)
-                          Statistics: Num rows: 8 Data size: 968 Basic stats: COMPLETE Column stats: NONE
+                          Statistics: Num rows: 4 Data size: 484 Basic stats: COMPLETE Column stats: NONE
                           value expressions: _col1 (type: bigint), _col2 (type: bigint)
         Reducer 6 
             Reduce Operator Tree:
@@ -443,19 +443,19 @@ STAGE PLANS:
                 keys: KEY._col0 (type: string)
                 mode: mergepartial
                 outputColumnNames: _col0, _col1, _col2
-                Statistics: Num rows: 4 Data size: 484 Basic stats: COMPLETE Column stats: NONE
+                Statistics: Num rows: 2 Data size: 242 Basic stats: COMPLETE Column stats: NONE
                 Reduce Output Operator
                   key expressions: _col0 (type: string)
                   sort order: +
                   Map-reduce partition columns: _col0 (type: string)
-                  Statistics: Num rows: 4 Data size: 484 Basic stats: COMPLETE Column stats: NONE
+                  Statistics: Num rows: 2 Data size: 242 Basic stats: COMPLETE Column stats: NONE
                   value expressions: _col1 (type: bigint), _col2 (type: bigint)
         Reducer 8 
             Reduce Operator Tree:
               Select Operator
                 expressions: VALUE._col1 (type: string), KEY.reducesinkkey0 (type: string), KEY.reducesinkkey1 (type: int)
                 outputColumnNames: _col1, _col2, _col5
-                Statistics: Num rows: 26 Data size: 3147 Basic stats: COMPLETE Column stats: NONE
+                Statistics: Num rows: 13 Data size: 1573 Basic stats: COMPLETE Column stats: NONE
                 PTF Operator
                   Function definitions:
                       Input definition
@@ -476,43 +476,43 @@ STAGE PLANS:
                               window function: GenericUDAFRankEvaluator
                               window frame: ROWS PRECEDING(MAX)~FOLLOWING(MAX)
                               isPivotResult: true
-                  Statistics: Num rows: 26 Data size: 3147 Basic stats: COMPLETE Column stats: NONE
+                  Statistics: Num rows: 13 Data size: 1573 Basic stats: COMPLETE Column stats: NONE
                   Filter Operator
                     predicate: (rank_window_0 <= 2) (type: boolean)
-                    Statistics: Num rows: 8 Data size: 968 Basic stats: COMPLETE Column stats: NONE
+                    Statistics: Num rows: 4 Data size: 484 Basic stats: COMPLETE Column stats: NONE
                     Select Operator
                       expressions: _col1 (type: string), _col2 (type: string)
                       outputColumnNames: _col0, _col1
-                      Statistics: Num rows: 8 Data size: 968 Basic stats: COMPLETE Column stats: NONE
+                      Statistics: Num rows: 4 Data size: 484 Basic stats: COMPLETE Column stats: NONE
                       Group By Operator
                         keys: _col0 (type: string), _col1 (type: string)
                         mode: hash
                         outputColumnNames: _col0, _col1
-                        Statistics: Num rows: 8 Data size: 968 Basic stats: COMPLETE Column stats: NONE
+                        Statistics: Num rows: 4 Data size: 484 Basic stats: COMPLETE Column stats: NONE
                         Reduce Output Operator
                           key expressions: _col0 (type: string), _col1 (type: string)
                           sort order: ++
                           Map-reduce partition columns: _col0 (type: string), _col1 (type: string)
-                          Statistics: Num rows: 8 Data size: 968 Basic stats: COMPLETE Column stats: NONE
+                          Statistics: Num rows: 4 Data size: 484 Basic stats: COMPLETE Column stats: NONE
         Reducer 9 
             Reduce Operator Tree:
               Group By Operator
                 keys: KEY._col0 (type: string), KEY._col1 (type: string)
                 mode: mergepartial
                 outputColumnNames: _col0, _col1
-                Statistics: Num rows: 4 Data size: 484 Basic stats: COMPLETE Column stats: NONE
+                Statistics: Num rows: 2 Data size: 242 Basic stats: COMPLETE Column stats: NONE
                 Filter Operator
                   predicate: _col0 is not null (type: boolean)
-                  Statistics: Num rows: 4 Data size: 484 Basic stats: COMPLETE Column stats: NONE
+                  Statistics: Num rows: 2 Data size: 242 Basic stats: COMPLETE Column stats: NONE
                   Select Operator
                     expressions: _col0 (type: string), _col1 (type: string), true (type: boolean)
                     outputColumnNames: _col0, _col1, _col2
-                    Statistics: Num rows: 4 Data size: 484 Basic stats: COMPLETE Column stats: NONE
+                    Statistics: Num rows: 2 Data size: 242 Basic stats: COMPLETE Column stats: NONE
                     Reduce Output Operator
                       key expressions: _col0 (type: string), _col1 (type: string)
                       sort order: ++
                       Map-reduce partition columns: _col0 (type: string), _col1 (type: string)
-                      Statistics: Num rows: 4 Data size: 484 Basic stats: COMPLETE Column stats: NONE
+                      Statistics: Num rows: 2 Data size: 242 Basic stats: COMPLETE Column stats: NONE
                       value expressions: _col2 (type: boolean)
 
   Stage: Stage-0
@@ -887,13 +887,13 @@ STAGE PLANS:
                   alias: part
                   Statistics: Num rows: 26 Data size: 3147 Basic stats: COMPLETE Column stats: NONE
                   Filter Operator
-                    predicate: p_mfgr is not null (type: boolean)
-                    Statistics: Num rows: 26 Data size: 3147 Basic stats: COMPLETE Column stats: NONE
+                    predicate: (p_mfgr = p_mfgr) (type: boolean)
+                    Statistics: Num rows: 13 Data size: 1573 Basic stats: COMPLETE Column stats: NONE
                     Reduce Output Operator
                       key expressions: p_mfgr (type: string), p_size (type: int)
                       sort order: ++
                       Map-reduce partition columns: p_mfgr (type: string)
-                      Statistics: Num rows: 26 Data size: 3147 Basic stats: COMPLETE Column stats: NONE
+                      Statistics: Num rows: 13 Data size: 1573 Basic stats: COMPLETE Column stats: NONE
                       TopN Hash Memory Usage: 0.1
         Reducer 10 
             Reduce Operator Tree:
@@ -902,25 +902,25 @@ STAGE PLANS:
                 keys: KEY._col0 (type: string)
                 mode: mergepartial
                 outputColumnNames: _col0, _col1
-                Statistics: Num rows: 4 Data size: 484 Basic stats: COMPLETE Column stats: NONE
+                Statistics: Num rows: 2 Data size: 242 Basic stats: COMPLETE Column stats: NONE
                 Group By Operator
                   aggregations: count(), count(_col1)
                   keys: _col0 (type: string)
                   mode: complete
                   outputColumnNames: _col0, _col1, _col2
-                  Statistics: Num rows: 2 Data size: 242 Basic stats: COMPLETE Column stats: NONE
+                  Statistics: Num rows: 1 Data size: 121 Basic stats: COMPLETE Column stats: NONE
                   Reduce Output Operator
                     key expressions: _col0 (type: string)
                     sort order: +
                     Map-reduce partition columns: _col0 (type: string)
-                    Statistics: Num rows: 2 Data size: 242 Basic stats: COMPLETE Column stats: NONE
+                    Statistics: Num rows: 1 Data size: 121 Basic stats: COMPLETE Column stats: NONE
                     value expressions: _col1 (type: bigint), _col2 (type: bigint)
         Reducer 12 
             Reduce Operator Tree:
               Select Operator
                 expressions: KEY.reducesinkkey0 (type: string), KEY.reducesinkkey1 (type: int)
                 outputColumnNames: _col2, _col5
-                Statistics: Num rows: 26 Data size: 3147 Basic stats: COMPLETE Column stats: NONE
+                Statistics: Num rows: 13 Data size: 1573 Basic stats: COMPLETE Column stats: NONE
                 PTF Operator
                   Function definitions:
                       Input definition
@@ -941,25 +941,25 @@ STAGE PLANS:
                               window function: GenericUDAFRankEvaluator
                               window frame: ROWS PRECEDING(MAX)~FOLLOWING(MAX)
                               isPivotResult: true
-                  Statistics: Num rows: 26 Data size: 3147 Basic stats: COMPLETE Column stats: NONE
+                  Statistics: Num rows: 13 Data size: 1573 Basic stats: COMPLETE Column stats: NONE
                   Filter Operator
                     predicate: (rank_window_0 <= 2) (type: boolean)
-                    Statistics: Num rows: 8 Data size: 968 Basic stats: COMPLETE Column stats: NONE
+                    Statistics: Num rows: 4 Data size: 484 Basic stats: COMPLETE Column stats: NONE
                     Select Operator
                       expressions: _col2 (type: string), _col5 (type: int)
                       outputColumnNames: _col0, _col1
-                      Statistics: Num rows: 8 Data size: 968 Basic stats: COMPLETE Column stats: NONE
+                      Statistics: Num rows: 4 Data size: 484 Basic stats: COMPLETE Column stats: NONE
                       Group By Operator
                         aggregations: min(_col1)
                         keys: _col0 (type: string)
                         mode: hash
                         outputColumnNames: _col0, _col1
-                        Statistics: Num rows: 8 Data size: 968 Basic stats: COMPLETE Column stats: NONE
+                        Statistics: Num rows: 4 Data size: 484 Basic stats: COMPLETE Column stats: NONE
                         Reduce Output Operator
                           key expressions: _col0 (type: string)
                           sort order: +
                           Map-reduce partition columns: _col0 (type: string)
-                          Statistics: Num rows: 8 Data size: 968 Basic stats: COMPLETE Column stats: NONE
+                          Statistics: Num rows: 4 Data size: 484 Basic stats: COMPLETE Column stats: NONE
                           value expressions: _col1 (type: int)
         Reducer 13 
             Reduce Operator Tree:
@@ -968,23 +968,23 @@ STAGE PLANS:
                 keys: KEY._col0 (type: string)
                 mode: mergepartial
                 outputColumnNames: _col0, _col1
-                Statistics: Num rows: 4 Data size: 484 Basic stats: COMPLETE Column stats: NONE
+                Statistics: Num rows: 2 Data size: 242 Basic stats: COMPLETE Column stats: NONE
                 Select Operator
                   expressions: _col1 (type: int), _col0 (type: string)
                   outputColumnNames: _col0, _col1
-                  Statistics: Num rows: 4 Data size: 484 Basic stats: COMPLETE Column stats: NONE
+                  Statistics: Num rows: 2 Data size: 242 Basic stats: COMPLETE Column stats: NONE
                   Filter Operator
                     predicate: _col0 is not null (type: boolean)
-                    Statistics: Num rows: 4 Data size: 484 Basic stats: COMPLETE Column stats: NONE
+                    Statistics: Num rows: 2 Data size: 242 Basic stats: COMPLETE Column stats: NONE
                     Select Operator
                       expressions: _col0 (type: int), _col1 (type: string), true (type: boolean)
                       outputColumnNames: _col0, _col1, _col2
-                      Statistics: Num rows: 4 Data size: 484 Basic stats: COMPLETE Column stats: NONE
+                      Statistics: Num rows: 2 Data size: 242 Basic stats: COMPLETE Column stats: NONE
                       Reduce Output Operator
                         key expressions: _col1 (type: string), _col0 (type: int)
                         sort order: ++
                         Map-reduce partition columns: _col1 (type: string), _col0 (type: int)
-                        Statistics: Num rows: 4 Data size: 484 Basic stats: COMPLETE Column stats: NONE
+                        Statistics: Num rows: 2 Data size: 242 Basic stats: COMPLETE Column stats: NONE
                         value expressions: _col2 (type: boolean)
         Reducer 2 
             Reduce Operator Tree:
@@ -1054,7 +1054,7 @@ STAGE PLANS:
               Select Operator
                 expressions: KEY.reducesinkkey0 (type: string), KEY.reducesinkkey1 (type: int)
                 outputColumnNames: _col2, _col5
-                Statistics: Num rows: 26 Data size: 3147 Basic stats: COMPLETE Column stats: NONE
+                Statistics: Num rows: 13 Data size: 1573 Basic stats: COMPLETE Column stats: NONE
                 PTF Operator
                   Function definitions:
                       Input definition
@@ -1075,49 +1075,49 @@ STAGE PLANS:
                               window function: GenericUDAFRankEvaluator
                               window frame: ROWS PRECEDING(MAX)~FOLLOWING(MAX)
                               isPivotResult: true
-                  Statistics: Num rows: 26 Data size: 3147 Basic stats: COMPLETE Column stats: NONE
+                  Statistics: Num rows: 13 Data size: 1573 Basic stats: COMPLETE Column stats: NONE
                   Filter Operator
                     predicate: (rank_window_0 <= 2) (type: boolean)
-                    Statistics: Num rows: 8 Data size: 968 Basic stats: COMPLETE Column stats: NONE
+                    Statistics: Num rows: 4 Data size: 484 Basic stats: COMPLETE Column stats: NONE
                     Select Operator
                       expressions: _col2 (type: string)
                       outputColumnNames: _col0
-                      Statistics: Num rows: 8 Data size: 968 Basic stats: COMPLETE Column stats: NONE
+                      Statistics: Num rows: 4 Data size: 484 Basic stats: COMPLETE Column stats: NONE
                       Group By Operator
                         keys: _col0 (type: string)
                         mode: hash
                         outputColumnNames: _col0
-                        Statistics: Num rows: 8 Data size: 968 Basic stats: COMPLETE Column stats: NONE
+                        Statistics: Num rows: 4 Data size: 484 Basic stats: COMPLETE Column stats: NONE
                         Reduce Output Operator
                           key expressions: _col0 (type: string)
                           sort order: +
                           Map-reduce partition columns: _col0 (type: string)
-                          Statistics: Num rows: 8 Data size: 968 Basic stats: COMPLETE Column stats: NONE
+                          Statistics: Num rows: 4 Data size: 484 Basic stats: COMPLETE Column stats: NONE
         Reducer 7 
             Reduce Operator Tree:
               Group By Operator
                 keys: KEY._col0 (type: string)
                 mode: mergepartial
                 outputColumnNames: _col0
-                Statistics: Num rows: 4 Data size: 484 Basic stats: COMPLETE Column stats: NONE
+                Statistics: Num rows: 2 Data size: 242 Basic stats: COMPLETE Column stats: NONE
                 Group By Operator
                   aggregations: count()
                   keys: _col0 (type: string)
                   mode: complete
                   outputColumnNames: _col0, _col1
-                  Statistics: Num rows: 2 Data size: 242 Basic stats: COMPLETE Column stats: NONE
+                  Statistics: Num rows: 1 Data size: 121 Basic stats: COMPLETE Column stats: NONE
                   Reduce Output Operator
                     key expressions: _col0 (type: string)
                     sort order: +
                     Map-reduce partition columns: _col0 (type: string)
-                    Statistics: Num rows: 2 Data size: 242 Basic stats: COMPLETE Column stats: NONE
+                    Statistics: Num rows: 1 Data size: 121 Basic stats: COMPLETE Column stats: NONE
                     value expressions: _col1 (type: bigint)
         Reducer 9 
             Reduce Operator Tree:
               Select Operator
                 expressions: KEY.reducesinkkey0 (type: string), KEY.reducesinkkey1 (type: int)
                 outputColumnNames: _col2, _col5
-                Statistics: Num rows: 26 Data size: 3147 Basic stats: COMPLETE Column stats: NONE
+                Statistics: Num rows: 13 Data size: 1573 Basic stats: COMPLETE Column stats: NONE
                 PTF Operator
                   Function definitions:
                       Input definition
@@ -1138,25 +1138,25 @@ STAGE PLANS:
                               window function: GenericUDAFRankEvaluator
                               window frame: ROWS PRECEDING(MAX)~FOLLOWING(MAX)
                               isPivotResult: true
-                  Statistics: Num rows: 26 Data size: 3147 Basic stats: COMPLETE Column stats: NONE
+                  Statistics: Num rows: 13 Data size: 1573 Basic stats: COMPLETE Column stats: NONE
                   Filter Operator
                     predicate: (rank_window_0 <= 2) (type: boolean)
-                    Statistics: Num rows: 8 Data size: 968 Basic stats: COMPLETE Column stats: NONE
+                    Statistics: Num rows: 4 Data size: 484 Basic stats: COMPLETE Column stats: NONE
                     Select Operator
                       expressions: _col2 (type: string), _col5 (type: int)
                       outputColumnNames: _col0, _col1
-                      Statistics: Num rows: 8 Data size: 968 Basic stats: COMPLETE Column stats: NONE
+                      Statistics: Num rows: 4 Data size: 484 Basic stats: COMPLETE Column stats: NONE
                       Group By Operator
                         aggregations: min(_col1)
                         keys: _col0 (type: string)
                         mode: hash
                         outputColumnNames: _col0, _col1
-                        Statistics: Num rows: 8 Data size: 968 Basic stats: COMPLETE Column stats: NONE
+                        Statistics: Num rows: 4 Data size: 484 Basic stats: COMPLETE Column stats: NONE
                         Reduce Output Operator
                           key expressions: _col0 (type: string)
                           sort order: +
                           Map-reduce partition columns: _col0 (type: string)
-                          Statistics: Num rows: 8 Data size: 968 Basic stats: COMPLETE Column stats: NONE
+                          Statistics: Num rows: 4 Data size: 484 Basic stats: COMPLETE Column stats: NONE
                           value expressions: _col1 (type: int)
 
   Stage: Stage-0
@@ -2889,19 +2889,19 @@ STAGE PLANS:
                   alias: p
                   Statistics: Num rows: 26 Data size: 3147 Basic stats: COMPLETE Column stats: NONE
                   Filter Operator
-                    predicate: (p_partkey is not null and p_size is not null) (type: boolean)
-                    Statistics: Num rows: 26 Data size: 3147 Basic stats: COMPLETE Column stats: NONE
+                    predicate: ((p_partkey = p_partkey) and (p_size = p_size)) (type: boolean)
+                    Statistics: Num rows: 6 Data size: 726 Basic stats: COMPLETE Column stats: NONE
                     Group By Operator
                       aggregations: count(), count(p_name)
                       keys: p_partkey (type: int), p_size (type: int)
                       mode: hash
                       outputColumnNames: _col0, _col1, _col2, _col3
-                      Statistics: Num rows: 26 Data size: 3147 Basic stats: COMPLETE Column stats: NONE
+                      Statistics: Num rows: 6 Data size: 726 Basic stats: COMPLETE Column stats: NONE
                       Reduce Output Operator
                         key expressions: _col0 (type: int), _col1 (type: int)
                         sort order: ++
                         Map-reduce partition columns: _col0 (type: int), _col1 (type: int)
-                        Statistics: Num rows: 26 Data size: 3147 Basic stats: COMPLETE Column stats: NONE
+                        Statistics: Num rows: 6 Data size: 726 Basic stats: COMPLETE Column stats: NONE
                         value expressions: _col2 (type: bigint), _col3 (type: bigint)
         Map 6 
             Map Operator Tree:
@@ -2909,18 +2909,18 @@ STAGE PLANS:
                   alias: p
                   Statistics: Num rows: 26 Data size: 3147 Basic stats: COMPLETE Column stats: NONE
                   Filter Operator
-                    predicate: (p_partkey is not null and p_size is not null) (type: boolean)
-                    Statistics: Num rows: 26 Data size: 3147 Basic stats: COMPLETE Column stats: NONE
+                    predicate: ((p_partkey = p_partkey) and (p_size = p_size)) (type: boolean)
+                    Statistics: Num rows: 6 Data size: 726 Basic stats: COMPLETE Column stats: NONE
                     Group By Operator
                       keys: p_partkey (type: int), p_name (type: string), p_size (type: int)
                       mode: hash
                       outputColumnNames: _col0, _col1, _col2
-                      Statistics: Num rows: 26 Data size: 3147 Basic stats: COMPLETE Column stats: NONE
+                      Statistics: Num rows: 6 Data size: 726 Basic stats: COMPLETE Column stats: NONE
                       Reduce Output Operator
                         key expressions: _col0 (type: int), _col1 (type: string), _col2 (type: int)
                         sort order: +++
                         Map-reduce partition columns: _col0 (type: int), _col1 (type: string), _col2 (type: int)
-                        Statistics: Num rows: 26 Data size: 3147 Basic stats: COMPLETE Column stats: NONE
+                        Statistics: Num rows: 6 Data size: 726 Basic stats: COMPLETE Column stats: NONE
         Reducer 2 
             Reduce Operator Tree:
               Join Operator
@@ -2968,12 +2968,12 @@ STAGE PLANS:
                 keys: KEY._col0 (type: int), KEY._col1 (type: int)
                 mode: mergepartial
                 outputColumnNames: _col0, _col1, _col2, _col3
-                Statistics: Num rows: 13 Data size: 1573 Basic stats: COMPLETE Column stats: NONE
+                Statistics: Num rows: 3 Data size: 363 Basic stats: COMPLETE Column stats: NONE
                 Reduce Output Operator
                   key expressions: _col0 (type: int), _col1 (type: int)
                   sort order: ++
                   Map-reduce partition columns: _col0 (type: int), _col1 (type: int)
-                  Statistics: Num rows: 13 Data size: 1573 Basic stats: COMPLETE Column stats: NONE
+                  Statistics: Num rows: 3 Data size: 363 Basic stats: COMPLETE Column stats: NONE
                   value expressions: _col2 (type: bigint), _col3 (type: bigint)
         Reducer 7 
             Reduce Operator Tree:
@@ -2981,23 +2981,23 @@ STAGE PLANS:
                 keys: KEY._col0 (type: int), KEY._col1 (type: string), KEY._col2 (type: int)
                 mode: mergepartial
                 outputColumnNames: _col0, _col1, _col2
-                Statistics: Num rows: 13 Data size: 1573 Basic stats: COMPLETE Column stats: NONE
+                Statistics: Num rows: 3 Data size: 363 Basic stats: COMPLETE Column stats: NONE
                 Select Operator
                   expressions: _col1 (type: string), _col0 (type: int), _col2 (type: int)
                   outputColumnNames: _col0, _col1, _col2
-                  Statistics: Num rows: 13 Data size: 1573 Basic stats: COMPLETE Column stats: NONE
+                  Statistics: Num rows: 3 Data size: 363 Basic stats: COMPLETE Column stats: NONE
                   Filter Operator
                     predicate: _col0 is not null (type: boolean)
-                    Statistics: Num rows: 13 Data size: 1573 Basic stats: COMPLETE Column stats: NONE
+                    Statistics: Num rows: 3 Data size: 363 Basic stats: COMPLETE Column stats: NONE
                     Select Operator
                       expressions: _col0 (type: string), _col1 (type: int), _col2 (type: int), true (type: boolean)
                       outputColumnNames: _col0, _col1, _col2, _col3
-                      Statistics: Num rows: 13 Data size: 1573 Basic stats: COMPLETE Column stats: NONE
+                      Statistics: Num rows: 3 Data size: 363 Basic stats: COMPLETE Column stats: NONE
                       Reduce Output Operator
                         key expressions: _col1 (type: int), _col0 (type: string), _col2 (type: int)
                         sort order: +++
                         Map-reduce partition columns: _col1 (type: int), _col0 (type: string), _col2 (type: int)
-                        Statistics: Num rows: 13 Data size: 1573 Basic stats: COMPLETE Column stats: NONE
+                        Statistics: Num rows: 3 Data size: 363 Basic stats: COMPLETE Column stats: NONE
                         value expressions: _col3 (type: boolean)
 
   Stage: Stage-0
diff --git a/ql/src/test/results/clientpositive/spark/subquery_scalar.q.out b/ql/src/test/results/clientpositive/spark/subquery_scalar.q.out
index 470efcaf66..de005ada82 100644
--- a/ql/src/test/results/clientpositive/spark/subquery_scalar.q.out
+++ b/ql/src/test/results/clientpositive/spark/subquery_scalar.q.out
@@ -2194,19 +2194,19 @@ STAGE PLANS:
                   alias: p
                   Statistics: Num rows: 26 Data size: 3147 Basic stats: COMPLETE Column stats: NONE
                   Filter Operator
-                    predicate: (p_partkey is not null and p_size is not null) (type: boolean)
-                    Statistics: Num rows: 26 Data size: 3147 Basic stats: COMPLETE Column stats: NONE
+                    predicate: ((p_partkey = p_partkey) and (p_size = p_size)) (type: boolean)
+                    Statistics: Num rows: 6 Data size: 726 Basic stats: COMPLETE Column stats: NONE
                     Group By Operator
                       aggregations: count(p_name)
                       keys: p_partkey (type: int), p_size (type: int)
                       mode: hash
                       outputColumnNames: _col0, _col1, _col2
-                      Statistics: Num rows: 26 Data size: 3147 Basic stats: COMPLETE Column stats: NONE
+                      Statistics: Num rows: 6 Data size: 726 Basic stats: COMPLETE Column stats: NONE
                       Reduce Output Operator
                         key expressions: _col0 (type: int), _col1 (type: int)
                         sort order: ++
                         Map-reduce partition columns: _col0 (type: int), _col1 (type: int)
-                        Statistics: Num rows: 26 Data size: 3147 Basic stats: COMPLETE Column stats: NONE
+                        Statistics: Num rows: 6 Data size: 726 Basic stats: COMPLETE Column stats: NONE
                         value expressions: _col2 (type: bigint)
         Reducer 2 
             Reduce Operator Tree:
@@ -2239,16 +2239,16 @@ STAGE PLANS:
                 keys: KEY._col0 (type: int), KEY._col1 (type: int)
                 mode: mergepartial
                 outputColumnNames: _col0, _col1, _col2
-                Statistics: Num rows: 13 Data size: 1573 Basic stats: COMPLETE Column stats: NONE
+                Statistics: Num rows: 3 Data size: 363 Basic stats: COMPLETE Column stats: NONE
                 Select Operator
                   expressions: _col2 (type: bigint), true (type: boolean), _col0 (type: int), _col1 (type: int)
                   outputColumnNames: _col0, _col1, _col2, _col3
-                  Statistics: Num rows: 13 Data size: 1573 Basic stats: COMPLETE Column stats: NONE
+                  Statistics: Num rows: 3 Data size: 363 Basic stats: COMPLETE Column stats: NONE
                   Reduce Output Operator
                     key expressions: _col2 (type: int), _col3 (type: int)
                     sort order: ++
                     Map-reduce partition columns: _col2 (type: int), _col3 (type: int)
-                    Statistics: Num rows: 13 Data size: 1573 Basic stats: COMPLETE Column stats: NONE
+                    Statistics: Num rows: 3 Data size: 363 Basic stats: COMPLETE Column stats: NONE
                     value expressions: _col0 (type: bigint), _col1 (type: boolean)
 
   Stage: Stage-0
@@ -3611,23 +3611,23 @@ STAGE PLANS:
                   alias: lineitem
                   Statistics: Num rows: 100 Data size: 11999 Basic stats: COMPLETE Column stats: NONE
                   Filter Operator
-                    predicate: ((l_shipmode = 'AIR') and l_linenumber is not null) (type: boolean)
-                    Statistics: Num rows: 50 Data size: 5999 Basic stats: COMPLETE Column stats: NONE
+                    predicate: ((l_linenumber = l_linenumber) and (l_shipmode = 'AIR')) (type: boolean)
+                    Statistics: Num rows: 25 Data size: 2999 Basic stats: COMPLETE Column stats: NONE
                     Select Operator
                       expressions: l_orderkey (type: int), l_linenumber (type: int)
                       outputColumnNames: l_orderkey, l_linenumber
-                      Statistics: Num rows: 50 Data size: 5999 Basic stats: COMPLETE Column stats: NONE
+                      Statistics: Num rows: 25 Data size: 2999 Basic stats: COMPLETE Column stats: NONE
                       Group By Operator
                         aggregations: min(l_orderkey)
                         keys: l_linenumber (type: int)
                         mode: hash
                         outputColumnNames: _col0, _col1
-                        Statistics: Num rows: 50 Data size: 5999 Basic stats: COMPLETE Column stats: NONE
+                        Statistics: Num rows: 25 Data size: 2999 Basic stats: COMPLETE Column stats: NONE
                         Reduce Output Operator
                           key expressions: _col0 (type: int)
                           sort order: +
                           Map-reduce partition columns: _col0 (type: int)
-                          Statistics: Num rows: 50 Data size: 5999 Basic stats: COMPLETE Column stats: NONE
+                          Statistics: Num rows: 25 Data size: 2999 Basic stats: COMPLETE Column stats: NONE
                           value expressions: _col1 (type: int)
         Reducer 2 
             Reduce Operator Tree:
@@ -3688,16 +3688,16 @@ STAGE PLANS:
                 keys: KEY._col0 (type: int)
                 mode: mergepartial
                 outputColumnNames: _col0, _col1
-                Statistics: Num rows: 25 Data size: 2999 Basic stats: COMPLETE Column stats: NONE
+                Statistics: Num rows: 12 Data size: 1439 Basic stats: COMPLETE Column stats: NONE
                 Select Operator
                   expressions: _col1 (type: int), true (type: boolean), _col0 (type: int)
                   outputColumnNames: _col0, _col1, _col2
-                  Statistics: Num rows: 25 Data size: 2999 Basic stats: COMPLETE Column stats: NONE
+                  Statistics: Num rows: 12 Data size: 1439 Basic stats: COMPLETE Column stats: NONE
                   Reduce Output Operator
                     key expressions: _col2 (type: int)
                     sort order: +
                     Map-reduce partition columns: _col2 (type: int)
-                    Statistics: Num rows: 25 Data size: 2999 Basic stats: COMPLETE Column stats: NONE
+                    Statistics: Num rows: 12 Data size: 1439 Basic stats: COMPLETE Column stats: NONE
                     value expressions: _col0 (type: int), _col1 (type: boolean)
 
   Stage: Stage-0
@@ -3811,23 +3811,23 @@ STAGE PLANS:
                   alias: lineitem
                   Statistics: Num rows: 100 Data size: 11999 Basic stats: COMPLETE Column stats: NONE
                   Filter Operator
-                    predicate: ((l_shipmode = 'AIR') and l_linenumber is not null) (type: boolean)
-                    Statistics: Num rows: 50 Data size: 5999 Basic stats: COMPLETE Column stats: NONE
+                    predicate: ((l_linenumber = l_linenumber) and (l_shipmode = 'AIR')) (type: boolean)
+                    Statistics: Num rows: 25 Data size: 2999 Basic stats: COMPLETE Column stats: NONE
                     Select Operator
                       expressions: l_orderkey (type: int), l_linenumber (type: int)
                       outputColumnNames: l_orderkey, l_linenumber
-                      Statistics: Num rows: 50 Data size: 5999 Basic stats: COMPLETE Column stats: NONE
+                      Statistics: Num rows: 25 Data size: 2999 Basic stats: COMPLETE Column stats: NONE
                       Group By Operator
                         aggregations: min(l_orderkey)
                         keys: l_linenumber (type: int)
                         mode: hash
                         outputColumnNames: _col0, _col1
-                        Statistics: Num rows: 50 Data size: 5999 Basic stats: COMPLETE Column stats: NONE
+                        Statistics: Num rows: 25 Data size: 2999 Basic stats: COMPLETE Column stats: NONE
                         Reduce Output Operator
                           key expressions: _col0 (type: int)
                           sort order: +
                           Map-reduce partition columns: _col0 (type: int)
-                          Statistics: Num rows: 50 Data size: 5999 Basic stats: COMPLETE Column stats: NONE
+                          Statistics: Num rows: 25 Data size: 2999 Basic stats: COMPLETE Column stats: NONE
                           value expressions: _col1 (type: int)
         Reducer 2 
             Reduce Operator Tree:
@@ -3888,16 +3888,16 @@ STAGE PLANS:
                 keys: KEY._col0 (type: int)
                 mode: mergepartial
                 outputColumnNames: _col0, _col1
-                Statistics: Num rows: 25 Data size: 2999 Basic stats: COMPLETE Column stats: NONE
+                Statistics: Num rows: 12 Data size: 1439 Basic stats: COMPLETE Column stats: NONE
                 Select Operator
                   expressions: _col1 (type: int), true (type: boolean), _col0 (type: int)
                   outputColumnNames: _col0, _col1, _col2
-                  Statistics: Num rows: 25 Data size: 2999 Basic stats: COMPLETE Column stats: NONE
+                  Statistics: Num rows: 12 Data size: 1439 Basic stats: COMPLETE Column stats: NONE
                   Reduce Output Operator
                     key expressions: _col2 (type: int)
                     sort order: +
                     Map-reduce partition columns: _col2 (type: int)
-                    Statistics: Num rows: 25 Data size: 2999 Basic stats: COMPLETE Column stats: NONE
+                    Statistics: Num rows: 12 Data size: 1439 Basic stats: COMPLETE Column stats: NONE
                     value expressions: _col0 (type: int), _col1 (type: boolean)
 
   Stage: Stage-0
diff --git a/ql/src/test/results/clientpositive/spark/subquery_select.q.out b/ql/src/test/results/clientpositive/spark/subquery_select.q.out
index c3f3d58c8f..e0651dbfcd 100644
--- a/ql/src/test/results/clientpositive/spark/subquery_select.q.out
+++ b/ql/src/test/results/clientpositive/spark/subquery_select.q.out
@@ -1719,15 +1719,15 @@ STAGE PLANS:
                   alias: a
                   Statistics: Num rows: 500 Data size: 5312 Basic stats: COMPLETE Column stats: NONE
                   Filter Operator
-                    predicate: ((key > '9') and value is not null) (type: boolean)
-                    Statistics: Num rows: 166 Data size: 1763 Basic stats: COMPLETE Column stats: NONE
+                    predicate: ((key > '9') and (value = value)) (type: boolean)
+                    Statistics: Num rows: 83 Data size: 881 Basic stats: COMPLETE Column stats: NONE
                     Select Operator
                       expressions: value (type: string)
                       outputColumnNames: _col1
-                      Statistics: Num rows: 166 Data size: 1763 Basic stats: COMPLETE Column stats: NONE
+                      Statistics: Num rows: 83 Data size: 881 Basic stats: COMPLETE Column stats: NONE
                       Reduce Output Operator
                         sort order: 
-                        Statistics: Num rows: 166 Data size: 1763 Basic stats: COMPLETE Column stats: NONE
+                        Statistics: Num rows: 83 Data size: 881 Basic stats: COMPLETE Column stats: NONE
                         value expressions: _col1 (type: string)
         Map 6 
             Map Operator Tree:
@@ -1773,29 +1773,29 @@ STAGE PLANS:
                   0 
                   1 
                 outputColumnNames: _col1, _col2
-                Statistics: Num rows: 166 Data size: 32473 Basic stats: COMPLETE Column stats: NONE
+                Statistics: Num rows: 83 Data size: 16236 Basic stats: COMPLETE Column stats: NONE
                 Group By Operator
                   keys: _col2 (type: string), _col1 (type: string)
                   mode: hash
                   outputColumnNames: _col0, _col1
-                  Statistics: Num rows: 166 Data size: 32473 Basic stats: COMPLETE Column stats: NONE
+                  Statistics: Num rows: 83 Data size: 16236 Basic stats: COMPLETE Column stats: NONE
                   Reduce Output Operator
                     key expressions: _col0 (type: string), _col1 (type: string)
                     sort order: ++
                     Map-reduce partition columns: _col0 (type: string), _col1 (type: string)
-                    Statistics: Num rows: 166 Data size: 32473 Basic stats: COMPLETE Column stats: NONE
+                    Statistics: Num rows: 83 Data size: 16236 Basic stats: COMPLETE Column stats: NONE
         Reducer 5 
             Reduce Operator Tree:
               Group By Operator
                 keys: KEY._col0 (type: string), KEY._col1 (type: string)
                 mode: mergepartial
                 outputColumnNames: _col0, _col1
-                Statistics: Num rows: 83 Data size: 16236 Basic stats: COMPLETE Column stats: NONE
+                Statistics: Num rows: 41 Data size: 8020 Basic stats: COMPLETE Column stats: NONE
                 Reduce Output Operator
                   key expressions: _col0 (type: string), _col1 (type: string)
                   sort order: ++
                   Map-reduce partition columns: _col0 (type: string), _col1 (type: string)
-                  Statistics: Num rows: 83 Data size: 16236 Basic stats: COMPLETE Column stats: NONE
+                  Statistics: Num rows: 41 Data size: 8020 Basic stats: COMPLETE Column stats: NONE
         Reducer 7 
             Reduce Operator Tree:
               Group By Operator
@@ -1888,17 +1888,17 @@ STAGE PLANS:
                   alias: a
                   Statistics: Num rows: 500 Data size: 5312 Basic stats: COMPLETE Column stats: NONE
                   Filter Operator
-                    predicate: ((key > '9') and value is not null) (type: boolean)
-                    Statistics: Num rows: 166 Data size: 1763 Basic stats: COMPLETE Column stats: NONE
+                    predicate: ((key > '9') and (value = value)) (type: boolean)
+                    Statistics: Num rows: 83 Data size: 881 Basic stats: COMPLETE Column stats: NONE
                     Select Operator
                       expressions: value (type: string)
                       outputColumnNames: _col1
-                      Statistics: Num rows: 166 Data size: 1763 Basic stats: COMPLETE Column stats: NONE
+                      Statistics: Num rows: 83 Data size: 881 Basic stats: COMPLETE Column stats: NONE
                       Reduce Output Operator
                         key expressions: _col1 (type: string)
                         sort order: +
                         Map-reduce partition columns: _col1 (type: string)
-                        Statistics: Num rows: 166 Data size: 1763 Basic stats: COMPLETE Column stats: NONE
+                        Statistics: Num rows: 83 Data size: 881 Basic stats: COMPLETE Column stats: NONE
         Map 5 
             Map Operator Tree:
                 TableScan
diff --git a/ql/src/test/results/clientpositive/spark/subquery_views.q.out b/ql/src/test/results/clientpositive/spark/subquery_views.q.out
index 9a1c25fffd..91e39913a7 100644
--- a/ql/src/test/results/clientpositive/spark/subquery_views.q.out
+++ b/ql/src/test/results/clientpositive/spark/subquery_views.q.out
@@ -180,19 +180,19 @@ STAGE PLANS:
                   alias: a
                   Statistics: Num rows: 500 Data size: 5312 Basic stats: COMPLETE Column stats: NONE
                   Filter Operator
-                    predicate: ((value > 'val_11') and key is not null) (type: boolean)
-                    Statistics: Num rows: 166 Data size: 1763 Basic stats: COMPLETE Column stats: NONE
+                    predicate: ((key = key) and (value = value) and (value > 'val_11')) (type: boolean)
+                    Statistics: Num rows: 41 Data size: 435 Basic stats: COMPLETE Column stats: NONE
                     Group By Operator
                       aggregations: count(), count(key)
                       keys: key (type: string), value (type: string)
                       mode: hash
                       outputColumnNames: _col0, _col1, _col2, _col3
-                      Statistics: Num rows: 166 Data size: 1763 Basic stats: COMPLETE Column stats: NONE
+                      Statistics: Num rows: 41 Data size: 435 Basic stats: COMPLETE Column stats: NONE
                       Reduce Output Operator
                         key expressions: _col0 (type: string), _col1 (type: string)
                         sort order: ++
                         Map-reduce partition columns: _col0 (type: string), _col1 (type: string)
-                        Statistics: Num rows: 166 Data size: 1763 Basic stats: COMPLETE Column stats: NONE
+                        Statistics: Num rows: 41 Data size: 435 Basic stats: COMPLETE Column stats: NONE
                         value expressions: _col2 (type: bigint), _col3 (type: bigint)
         Map 15 
             Map Operator Tree:
@@ -200,18 +200,18 @@ STAGE PLANS:
                   alias: a
                   Statistics: Num rows: 500 Data size: 5312 Basic stats: COMPLETE Column stats: NONE
                   Filter Operator
-                    predicate: ((value > 'val_11') and key is not null) (type: boolean)
-                    Statistics: Num rows: 166 Data size: 1763 Basic stats: COMPLETE Column stats: NONE
+                    predicate: ((key = key) and (value = value) and (value > 'val_11')) (type: boolean)
+                    Statistics: Num rows: 41 Data size: 435 Basic stats: COMPLETE Column stats: NONE
                     Group By Operator
                       keys: key (type: string), value (type: string)
                       mode: hash
                       outputColumnNames: _col0, _col1
-                      Statistics: Num rows: 166 Data size: 1763 Basic stats: COMPLETE Column stats: NONE
+                      Statistics: Num rows: 41 Data size: 435 Basic stats: COMPLETE Column stats: NONE
                       Reduce Output Operator
                         key expressions: _col0 (type: string), _col1 (type: string)
                         sort order: ++
                         Map-reduce partition columns: _col0 (type: string), _col1 (type: string)
-                        Statistics: Num rows: 166 Data size: 1763 Basic stats: COMPLETE Column stats: NONE
+                        Statistics: Num rows: 41 Data size: 435 Basic stats: COMPLETE Column stats: NONE
         Map 18 
             Map Operator Tree:
                 TableScan
@@ -281,12 +281,12 @@ STAGE PLANS:
                 keys: KEY._col0 (type: string), KEY._col1 (type: string)
                 mode: mergepartial
                 outputColumnNames: _col0, _col1, _col2, _col3
-                Statistics: Num rows: 83 Data size: 881 Basic stats: COMPLETE Column stats: NONE
+                Statistics: Num rows: 20 Data size: 212 Basic stats: COMPLETE Column stats: NONE
                 Reduce Output Operator
                   key expressions: _col0 (type: string), _col1 (type: string)
                   sort order: ++
                   Map-reduce partition columns: _col0 (type: string), _col1 (type: string)
-                  Statistics: Num rows: 83 Data size: 881 Basic stats: COMPLETE Column stats: NONE
+                  Statistics: Num rows: 20 Data size: 212 Basic stats: COMPLETE Column stats: NONE
                   value expressions: _col2 (type: bigint), _col3 (type: bigint)
         Reducer 16 
             Reduce Operator Tree:
@@ -294,16 +294,16 @@ STAGE PLANS:
                 keys: KEY._col0 (type: string), KEY._col1 (type: string)
                 mode: mergepartial
                 outputColumnNames: _col0, _col1
-                Statistics: Num rows: 83 Data size: 881 Basic stats: COMPLETE Column stats: NONE
+                Statistics: Num rows: 20 Data size: 212 Basic stats: COMPLETE Column stats: NONE
                 Select Operator
                   expressions: _col0 (type: string), _col1 (type: string), true (type: boolean)
                   outputColumnNames: _col0, _col2, _col3
-                  Statistics: Num rows: 83 Data size: 881 Basic stats: COMPLETE Column stats: NONE
+                  Statistics: Num rows: 20 Data size: 212 Basic stats: COMPLETE Column stats: NONE
                   Reduce Output Operator
                     key expressions: _col0 (type: string)
                     sort order: +
                     Map-reduce partition columns: _col0 (type: string)
-                    Statistics: Num rows: 83 Data size: 881 Basic stats: COMPLETE Column stats: NONE
+                    Statistics: Num rows: 20 Data size: 212 Basic stats: COMPLETE Column stats: NONE
                     value expressions: _col2 (type: string), _col3 (type: boolean)
         Reducer 17 
             Reduce Operator Tree:
@@ -382,12 +382,12 @@ STAGE PLANS:
                 keys: KEY._col0 (type: string), KEY._col1 (type: string)
                 mode: mergepartial
                 outputColumnNames: _col0, _col1, _col2, _col3
-                Statistics: Num rows: 83 Data size: 881 Basic stats: COMPLETE Column stats: NONE
+                Statistics: Num rows: 20 Data size: 212 Basic stats: COMPLETE Column stats: NONE
                 Reduce Output Operator
                   key expressions: _col0 (type: string), _col1 (type: string)
                   sort order: ++
                   Map-reduce partition columns: _col0 (type: string), _col1 (type: string)
-                  Statistics: Num rows: 83 Data size: 881 Basic stats: COMPLETE Column stats: NONE
+                  Statistics: Num rows: 20 Data size: 212 Basic stats: COMPLETE Column stats: NONE
                   value expressions: _col2 (type: bigint), _col3 (type: bigint)
         Reducer 7 
             Reduce Operator Tree:
@@ -395,16 +395,16 @@ STAGE PLANS:
                 keys: KEY._col0 (type: string), KEY._col1 (type: string)
                 mode: mergepartial
                 outputColumnNames: _col0, _col1
-                Statistics: Num rows: 83 Data size: 881 Basic stats: COMPLETE Column stats: NONE
+                Statistics: Num rows: 20 Data size: 212 Basic stats: COMPLETE Column stats: NONE
                 Select Operator
                   expressions: _col0 (type: string), _col1 (type: string), true (type: boolean)
                   outputColumnNames: _col0, _col2, _col3
-                  Statistics: Num rows: 83 Data size: 881 Basic stats: COMPLETE Column stats: NONE
+                  Statistics: Num rows: 20 Data size: 212 Basic stats: COMPLETE Column stats: NONE
                   Reduce Output Operator
                     key expressions: _col0 (type: string)
                     sort order: +
                     Map-reduce partition columns: _col0 (type: string)
-                    Statistics: Num rows: 83 Data size: 881 Basic stats: COMPLETE Column stats: NONE
+                    Statistics: Num rows: 20 Data size: 212 Basic stats: COMPLETE Column stats: NONE
                     value expressions: _col2 (type: string), _col3 (type: boolean)
         Reducer 8 
             Reduce Operator Tree:
