diff --git a/ql/src/test/queries/clientpositive/input_part6.q b/ql/src/test/queries/clientpositive/input_part6.q
index e87fc58a9a..dd43a83b2b 100644
--- a/ql/src/test/queries/clientpositive/input_part6.q
+++ b/ql/src/test/queries/clientpositive/input_part6.q
@@ -1,5 +1,5 @@
 set hive.mapred.mode=nonstrict;
 EXPLAIN
-SELECT x.* FROM SRCPART x WHERE x.ds = 2008-04-08 LIMIT 10;
+SELECT x.* FROM SRCPART x WHERE x.ds = "2008-04-08" LIMIT 10;
 
-SELECT x.* FROM SRCPART x WHERE x.ds = 2008-04-08 LIMIT 10;
+SELECT x.* FROM SRCPART x WHERE x.ds = "2008-04-08" LIMIT 10;
diff --git a/ql/src/test/results/clientpositive/input_part6.q.out b/ql/src/test/results/clientpositive/input_part6.q.out
index c6253f5f69..90e8ba31f0 100644
--- a/ql/src/test/results/clientpositive/input_part6.q.out
+++ b/ql/src/test/results/clientpositive/input_part6.q.out
@@ -1,57 +1,48 @@
 PREHOOK: query: EXPLAIN
-SELECT x.* FROM SRCPART x WHERE x.ds = 2008-04-08 LIMIT 10
+SELECT x.* FROM SRCPART x WHERE x.ds = "2008-04-08" LIMIT 10
 PREHOOK: type: QUERY
 POSTHOOK: query: EXPLAIN
-SELECT x.* FROM SRCPART x WHERE x.ds = 2008-04-08 LIMIT 10
+SELECT x.* FROM SRCPART x WHERE x.ds = "2008-04-08" LIMIT 10
 POSTHOOK: type: QUERY
 STAGE DEPENDENCIES:
-  Stage-1 is a root stage
-  Stage-0 depends on stages: Stage-1
+  Stage-0 is a root stage
 
 STAGE PLANS:
-  Stage: Stage-1
-    Map Reduce
-      Map Operator Tree:
-          TableScan
-            alias: x
-            Statistics: Num rows: 2000 Data size: 21248 Basic stats: COMPLETE Column stats: NONE
-            Filter Operator
-              predicate: (UDFToDouble(ds) = 1996.0) (type: boolean)
-              Statistics: Num rows: 1000 Data size: 10624 Basic stats: COMPLETE Column stats: NONE
-              Select Operator
-                expressions: key (type: string), value (type: string), ds (type: string), hr (type: string)
-                outputColumnNames: _col0, _col1, _col2, _col3
-                Statistics: Num rows: 1000 Data size: 10624 Basic stats: COMPLETE Column stats: NONE
-                Limit
-                  Number of rows: 10
-                  Statistics: Num rows: 10 Data size: 100 Basic stats: COMPLETE Column stats: NONE
-                  File Output Operator
-                    compressed: false
-                    Statistics: Num rows: 10 Data size: 100 Basic stats: COMPLETE Column stats: NONE
-                    table:
-                        input format: org.apache.hadoop.mapred.SequenceFileInputFormat
-                        output format: org.apache.hadoop.hive.ql.io.HiveSequenceFileOutputFormat
-                        serde: org.apache.hadoop.hive.serde2.lazy.LazySimpleSerDe
-
   Stage: Stage-0
     Fetch Operator
       limit: 10
       Processor Tree:
-        ListSink
+        TableScan
+          alias: x
+          Statistics: Num rows: 1000 Data size: 10624 Basic stats: COMPLETE Column stats: NONE
+          Select Operator
+            expressions: key (type: string), value (type: string), '2008-04-08' (type: string), hr (type: string)
+            outputColumnNames: _col0, _col1, _col2, _col3
+            Statistics: Num rows: 1000 Data size: 10624 Basic stats: COMPLETE Column stats: NONE
+            Limit
+              Number of rows: 10
+              Statistics: Num rows: 10 Data size: 100 Basic stats: COMPLETE Column stats: NONE
+              ListSink
 
-PREHOOK: query: SELECT x.* FROM SRCPART x WHERE x.ds = 2008-04-08 LIMIT 10
+PREHOOK: query: SELECT x.* FROM SRCPART x WHERE x.ds = "2008-04-08" LIMIT 10
 PREHOOK: type: QUERY
 PREHOOK: Input: default@srcpart
 PREHOOK: Input: default@srcpart@ds=2008-04-08/hr=11
 PREHOOK: Input: default@srcpart@ds=2008-04-08/hr=12
-PREHOOK: Input: default@srcpart@ds=2008-04-09/hr=11
-PREHOOK: Input: default@srcpart@ds=2008-04-09/hr=12
 #### A masked pattern was here ####
-POSTHOOK: query: SELECT x.* FROM SRCPART x WHERE x.ds = 2008-04-08 LIMIT 10
+POSTHOOK: query: SELECT x.* FROM SRCPART x WHERE x.ds = "2008-04-08" LIMIT 10
 POSTHOOK: type: QUERY
 POSTHOOK: Input: default@srcpart
 POSTHOOK: Input: default@srcpart@ds=2008-04-08/hr=11
 POSTHOOK: Input: default@srcpart@ds=2008-04-08/hr=12
-POSTHOOK: Input: default@srcpart@ds=2008-04-09/hr=11
-POSTHOOK: Input: default@srcpart@ds=2008-04-09/hr=12
 #### A masked pattern was here ####
+238	val_238	2008-04-08	11
+86	val_86	2008-04-08	11
+311	val_311	2008-04-08	11
+27	val_27	2008-04-08	11
+165	val_165	2008-04-08	11
+409	val_409	2008-04-08	11
+255	val_255	2008-04-08	11
+278	val_278	2008-04-08	11
+98	val_98	2008-04-08	11
+484	val_484	2008-04-08	11
