diff --git a/itests/src/test/resources/testconfiguration.properties b/itests/src/test/resources/testconfiguration.properties
index 5f9232135f..1d16b65c79 100644
--- a/itests/src/test/resources/testconfiguration.properties
+++ b/itests/src/test/resources/testconfiguration.properties
@@ -68,7 +68,6 @@ minitez.query.files=acid_vectorization_original_tez.q,\
 
 minillap.shared.query.files=insert_into1.q,\
   insert_into2.q,\
-  insert_values_orig_table.,\
   llapdecider.q,\
   mapreduce1.q,\
   mapreduce2.q,\
@@ -542,6 +541,8 @@ minillaplocal.query.files=\
   input16_cc.q,\
   insert_dir_distcp.q,\
   insert_into_with_schema.q,\
+  insert_values_orig_table.q,\
+  insert_values_orig_table_use_metadata.q,\
   jdbc_handler.q,\
   join1.q,\
   join_acid_non_acid.q,\
diff --git a/ql/src/test/results/clientpositive/insert_values_orig_table.q.out b/ql/src/test/results/clientpositive/llap/insert_values_orig_table.q.out
similarity index 100%
rename from ql/src/test/results/clientpositive/insert_values_orig_table.q.out
rename to ql/src/test/results/clientpositive/llap/insert_values_orig_table.q.out
diff --git a/ql/src/test/results/clientpositive/insert_values_orig_table_use_metadata.q.out b/ql/src/test/results/clientpositive/llap/insert_values_orig_table_use_metadata.q.out
similarity index 83%
rename from ql/src/test/results/clientpositive/insert_values_orig_table_use_metadata.q.out
rename to ql/src/test/results/clientpositive/llap/insert_values_orig_table_use_metadata.q.out
index 8e610c910c..92c4eafd54 100644
--- a/ql/src/test/results/clientpositive/insert_values_orig_table_use_metadata.q.out
+++ b/ql/src/test/results/clientpositive/llap/insert_values_orig_table_use_metadata.q.out
@@ -170,7 +170,7 @@ Table Parameters:
 	numFiles            	1                   
 	numRows             	0                   
 	rawDataSize         	0                   
-	totalSize           	295483              
+	totalSize           	295399              
 	transactional       	true                
 #### A masked pattern was here ####
 	 	 
@@ -194,35 +194,45 @@ STAGE DEPENDENCIES:
 
 STAGE PLANS:
   Stage: Stage-1
-    Map Reduce
-      Map Operator Tree:
-          TableScan
-            alias: acid_ivot
-            Statistics: Num rows: 1 Data size: 295483 Basic stats: COMPLETE Column stats: COMPLETE
-            Select Operator
-              Statistics: Num rows: 1 Data size: 295483 Basic stats: COMPLETE Column stats: COMPLETE
+    Tez
+#### A masked pattern was here ####
+      Edges:
+        Reducer 2 <- Map 1 (CUSTOM_SIMPLE_EDGE)
+#### A masked pattern was here ####
+      Vertices:
+        Map 1 
+            Map Operator Tree:
+                TableScan
+                  alias: acid_ivot
+                  Statistics: Num rows: 1 Data size: 295399 Basic stats: COMPLETE Column stats: COMPLETE
+                  Select Operator
+                    Statistics: Num rows: 1 Data size: 295399 Basic stats: COMPLETE Column stats: COMPLETE
+                    Group By Operator
+                      aggregations: count()
+                      mode: hash
+                      outputColumnNames: _col0
+                      Statistics: Num rows: 1 Data size: 8 Basic stats: COMPLETE Column stats: COMPLETE
+                      Reduce Output Operator
+                        sort order: 
+                        Statistics: Num rows: 1 Data size: 8 Basic stats: COMPLETE Column stats: COMPLETE
+                        value expressions: _col0 (type: bigint)
+            Execution mode: llap
+            LLAP IO: may be used (ACID table)
+        Reducer 2 
+            Execution mode: llap
+            Reduce Operator Tree:
               Group By Operator
-                aggregations: count()
-                mode: hash
+                aggregations: count(VALUE._col0)
+                mode: mergepartial
                 outputColumnNames: _col0
                 Statistics: Num rows: 1 Data size: 8 Basic stats: COMPLETE Column stats: COMPLETE
-                Reduce Output Operator
-                  sort order: 
+                File Output Operator
+                  compressed: false
                   Statistics: Num rows: 1 Data size: 8 Basic stats: COMPLETE Column stats: COMPLETE
-                  value expressions: _col0 (type: bigint)
-      Reduce Operator Tree:
-        Group By Operator
-          aggregations: count(VALUE._col0)
-          mode: mergepartial
-          outputColumnNames: _col0
-          Statistics: Num rows: 1 Data size: 8 Basic stats: COMPLETE Column stats: COMPLETE
-          File Output Operator
-            compressed: false
-            Statistics: Num rows: 1 Data size: 8 Basic stats: COMPLETE Column stats: COMPLETE
-            table:
-                input format: org.apache.hadoop.mapred.SequenceFileInputFormat
-                output format: org.apache.hadoop.hive.ql.io.HiveSequenceFileOutputFormat
-                serde: org.apache.hadoop.hive.serde2.lazy.LazySimpleSerDe
+                  table:
+                      input format: org.apache.hadoop.mapred.SequenceFileInputFormat
+                      output format: org.apache.hadoop.hive.ql.io.HiveSequenceFileOutputFormat
+                      serde: org.apache.hadoop.hive.serde2.lazy.LazySimpleSerDe
 
   Stage: Stage-0
     Fetch Operator
@@ -363,7 +373,7 @@ Table Parameters:
 	numFiles            	1                   
 	numRows             	0                   
 	rawDataSize         	0                   
-	totalSize           	1554                
+	totalSize           	1555                
 	transactional       	true                
 #### A masked pattern was here ####
 	 	 
@@ -387,35 +397,45 @@ STAGE DEPENDENCIES:
 
 STAGE PLANS:
   Stage: Stage-1
-    Map Reduce
-      Map Operator Tree:
-          TableScan
-            alias: acid_ivot
-            Statistics: Num rows: 1 Data size: 1554 Basic stats: COMPLETE Column stats: COMPLETE
-            Select Operator
-              Statistics: Num rows: 1 Data size: 1554 Basic stats: COMPLETE Column stats: COMPLETE
+    Tez
+#### A masked pattern was here ####
+      Edges:
+        Reducer 2 <- Map 1 (CUSTOM_SIMPLE_EDGE)
+#### A masked pattern was here ####
+      Vertices:
+        Map 1 
+            Map Operator Tree:
+                TableScan
+                  alias: acid_ivot
+                  Statistics: Num rows: 1 Data size: 1555 Basic stats: COMPLETE Column stats: COMPLETE
+                  Select Operator
+                    Statistics: Num rows: 1 Data size: 1555 Basic stats: COMPLETE Column stats: COMPLETE
+                    Group By Operator
+                      aggregations: count()
+                      mode: hash
+                      outputColumnNames: _col0
+                      Statistics: Num rows: 1 Data size: 8 Basic stats: COMPLETE Column stats: COMPLETE
+                      Reduce Output Operator
+                        sort order: 
+                        Statistics: Num rows: 1 Data size: 8 Basic stats: COMPLETE Column stats: COMPLETE
+                        value expressions: _col0 (type: bigint)
+            Execution mode: llap
+            LLAP IO: may be used (ACID table)
+        Reducer 2 
+            Execution mode: llap
+            Reduce Operator Tree:
               Group By Operator
-                aggregations: count()
-                mode: hash
+                aggregations: count(VALUE._col0)
+                mode: mergepartial
                 outputColumnNames: _col0
                 Statistics: Num rows: 1 Data size: 8 Basic stats: COMPLETE Column stats: COMPLETE
-                Reduce Output Operator
-                  sort order: 
+                File Output Operator
+                  compressed: false
                   Statistics: Num rows: 1 Data size: 8 Basic stats: COMPLETE Column stats: COMPLETE
-                  value expressions: _col0 (type: bigint)
-      Reduce Operator Tree:
-        Group By Operator
-          aggregations: count(VALUE._col0)
-          mode: mergepartial
-          outputColumnNames: _col0
-          Statistics: Num rows: 1 Data size: 8 Basic stats: COMPLETE Column stats: COMPLETE
-          File Output Operator
-            compressed: false
-            Statistics: Num rows: 1 Data size: 8 Basic stats: COMPLETE Column stats: COMPLETE
-            table:
-                input format: org.apache.hadoop.mapred.SequenceFileInputFormat
-                output format: org.apache.hadoop.hive.ql.io.HiveSequenceFileOutputFormat
-                serde: org.apache.hadoop.hive.serde2.lazy.LazySimpleSerDe
+                  table:
+                      input format: org.apache.hadoop.mapred.SequenceFileInputFormat
+                      output format: org.apache.hadoop.hive.ql.io.HiveSequenceFileOutputFormat
+                      serde: org.apache.hadoop.hive.serde2.lazy.LazySimpleSerDe
 
   Stage: Stage-0
     Fetch Operator
@@ -509,35 +529,45 @@ STAGE DEPENDENCIES:
 
 STAGE PLANS:
   Stage: Stage-1
-    Map Reduce
-      Map Operator Tree:
-          TableScan
-            alias: acid_ivot
-            Statistics: Num rows: 1 Data size: 3109 Basic stats: COMPLETE Column stats: COMPLETE
-            Select Operator
-              Statistics: Num rows: 1 Data size: 3109 Basic stats: COMPLETE Column stats: COMPLETE
+    Tez
+#### A masked pattern was here ####
+      Edges:
+        Reducer 2 <- Map 1 (CUSTOM_SIMPLE_EDGE)
+#### A masked pattern was here ####
+      Vertices:
+        Map 1 
+            Map Operator Tree:
+                TableScan
+                  alias: acid_ivot
+                  Statistics: Num rows: 1 Data size: 3109 Basic stats: COMPLETE Column stats: COMPLETE
+                  Select Operator
+                    Statistics: Num rows: 1 Data size: 3109 Basic stats: COMPLETE Column stats: COMPLETE
+                    Group By Operator
+                      aggregations: count()
+                      mode: hash
+                      outputColumnNames: _col0
+                      Statistics: Num rows: 1 Data size: 8 Basic stats: COMPLETE Column stats: COMPLETE
+                      Reduce Output Operator
+                        sort order: 
+                        Statistics: Num rows: 1 Data size: 8 Basic stats: COMPLETE Column stats: COMPLETE
+                        value expressions: _col0 (type: bigint)
+            Execution mode: llap
+            LLAP IO: may be used (ACID table)
+        Reducer 2 
+            Execution mode: llap
+            Reduce Operator Tree:
               Group By Operator
-                aggregations: count()
-                mode: hash
+                aggregations: count(VALUE._col0)
+                mode: mergepartial
                 outputColumnNames: _col0
                 Statistics: Num rows: 1 Data size: 8 Basic stats: COMPLETE Column stats: COMPLETE
-                Reduce Output Operator
-                  sort order: 
+                File Output Operator
+                  compressed: false
                   Statistics: Num rows: 1 Data size: 8 Basic stats: COMPLETE Column stats: COMPLETE
-                  value expressions: _col0 (type: bigint)
-      Reduce Operator Tree:
-        Group By Operator
-          aggregations: count(VALUE._col0)
-          mode: mergepartial
-          outputColumnNames: _col0
-          Statistics: Num rows: 1 Data size: 8 Basic stats: COMPLETE Column stats: COMPLETE
-          File Output Operator
-            compressed: false
-            Statistics: Num rows: 1 Data size: 8 Basic stats: COMPLETE Column stats: COMPLETE
-            table:
-                input format: org.apache.hadoop.mapred.SequenceFileInputFormat
-                output format: org.apache.hadoop.hive.ql.io.HiveSequenceFileOutputFormat
-                serde: org.apache.hadoop.hive.serde2.lazy.LazySimpleSerDe
+                  table:
+                      input format: org.apache.hadoop.mapred.SequenceFileInputFormat
+                      output format: org.apache.hadoop.hive.ql.io.HiveSequenceFileOutputFormat
+                      serde: org.apache.hadoop.hive.serde2.lazy.LazySimpleSerDe
 
   Stage: Stage-0
     Fetch Operator
@@ -605,7 +635,7 @@ Table Parameters:
 	numFiles            	3                   
 	numRows             	0                   
 	rawDataSize         	0                   
-	totalSize           	298592              
+	totalSize           	298508              
 	transactional       	true                
 #### A masked pattern was here ####
 	 	 
@@ -629,35 +659,45 @@ STAGE DEPENDENCIES:
 
 STAGE PLANS:
   Stage: Stage-1
-    Map Reduce
-      Map Operator Tree:
-          TableScan
-            alias: acid_ivot
-            Statistics: Num rows: 1 Data size: 298592 Basic stats: COMPLETE Column stats: COMPLETE
-            Select Operator
-              Statistics: Num rows: 1 Data size: 298592 Basic stats: COMPLETE Column stats: COMPLETE
+    Tez
+#### A masked pattern was here ####
+      Edges:
+        Reducer 2 <- Map 1 (CUSTOM_SIMPLE_EDGE)
+#### A masked pattern was here ####
+      Vertices:
+        Map 1 
+            Map Operator Tree:
+                TableScan
+                  alias: acid_ivot
+                  Statistics: Num rows: 1 Data size: 298508 Basic stats: COMPLETE Column stats: COMPLETE
+                  Select Operator
+                    Statistics: Num rows: 1 Data size: 298508 Basic stats: COMPLETE Column stats: COMPLETE
+                    Group By Operator
+                      aggregations: count()
+                      mode: hash
+                      outputColumnNames: _col0
+                      Statistics: Num rows: 1 Data size: 8 Basic stats: COMPLETE Column stats: COMPLETE
+                      Reduce Output Operator
+                        sort order: 
+                        Statistics: Num rows: 1 Data size: 8 Basic stats: COMPLETE Column stats: COMPLETE
+                        value expressions: _col0 (type: bigint)
+            Execution mode: llap
+            LLAP IO: may be used (ACID table)
+        Reducer 2 
+            Execution mode: llap
+            Reduce Operator Tree:
               Group By Operator
-                aggregations: count()
-                mode: hash
+                aggregations: count(VALUE._col0)
+                mode: mergepartial
                 outputColumnNames: _col0
                 Statistics: Num rows: 1 Data size: 8 Basic stats: COMPLETE Column stats: COMPLETE
-                Reduce Output Operator
-                  sort order: 
+                File Output Operator
+                  compressed: false
                   Statistics: Num rows: 1 Data size: 8 Basic stats: COMPLETE Column stats: COMPLETE
-                  value expressions: _col0 (type: bigint)
-      Reduce Operator Tree:
-        Group By Operator
-          aggregations: count(VALUE._col0)
-          mode: mergepartial
-          outputColumnNames: _col0
-          Statistics: Num rows: 1 Data size: 8 Basic stats: COMPLETE Column stats: COMPLETE
-          File Output Operator
-            compressed: false
-            Statistics: Num rows: 1 Data size: 8 Basic stats: COMPLETE Column stats: COMPLETE
-            table:
-                input format: org.apache.hadoop.mapred.SequenceFileInputFormat
-                output format: org.apache.hadoop.hive.ql.io.HiveSequenceFileOutputFormat
-                serde: org.apache.hadoop.hive.serde2.lazy.LazySimpleSerDe
+                  table:
+                      input format: org.apache.hadoop.mapred.SequenceFileInputFormat
+                      output format: org.apache.hadoop.hive.ql.io.HiveSequenceFileOutputFormat
+                      serde: org.apache.hadoop.hive.serde2.lazy.LazySimpleSerDe
 
   Stage: Stage-0
     Fetch Operator
@@ -852,35 +892,45 @@ STAGE DEPENDENCIES:
 
 STAGE PLANS:
   Stage: Stage-1
-    Map Reduce
-      Map Operator Tree:
-          TableScan
-            alias: sp
-            Statistics: Num rows: 1 Data size: 5812 Basic stats: PARTIAL Column stats: NONE
-            Select Operator
-              Statistics: Num rows: 1 Data size: 5812 Basic stats: PARTIAL Column stats: NONE
+    Tez
+#### A masked pattern was here ####
+      Edges:
+        Reducer 2 <- Map 1 (CUSTOM_SIMPLE_EDGE)
+#### A masked pattern was here ####
+      Vertices:
+        Map 1 
+            Map Operator Tree:
+                TableScan
+                  alias: sp
+                  Statistics: Num rows: 1 Data size: 5820 Basic stats: COMPLETE Column stats: COMPLETE
+                  Select Operator
+                    Statistics: Num rows: 1 Data size: 5820 Basic stats: COMPLETE Column stats: COMPLETE
+                    Group By Operator
+                      aggregations: count()
+                      mode: hash
+                      outputColumnNames: _col0
+                      Statistics: Num rows: 1 Data size: 8 Basic stats: COMPLETE Column stats: COMPLETE
+                      Reduce Output Operator
+                        sort order: 
+                        Statistics: Num rows: 1 Data size: 8 Basic stats: COMPLETE Column stats: COMPLETE
+                        value expressions: _col0 (type: bigint)
+            Execution mode: llap
+            LLAP IO: no inputs
+        Reducer 2 
+            Execution mode: llap
+            Reduce Operator Tree:
               Group By Operator
-                aggregations: count()
-                mode: hash
+                aggregations: count(VALUE._col0)
+                mode: mergepartial
                 outputColumnNames: _col0
-                Statistics: Num rows: 1 Data size: 8 Basic stats: COMPLETE Column stats: NONE
-                Reduce Output Operator
-                  sort order: 
-                  Statistics: Num rows: 1 Data size: 8 Basic stats: COMPLETE Column stats: NONE
-                  value expressions: _col0 (type: bigint)
-      Reduce Operator Tree:
-        Group By Operator
-          aggregations: count(VALUE._col0)
-          mode: mergepartial
-          outputColumnNames: _col0
-          Statistics: Num rows: 1 Data size: 8 Basic stats: COMPLETE Column stats: NONE
-          File Output Operator
-            compressed: false
-            Statistics: Num rows: 1 Data size: 8 Basic stats: COMPLETE Column stats: NONE
-            table:
-                input format: org.apache.hadoop.mapred.SequenceFileInputFormat
-                output format: org.apache.hadoop.hive.ql.io.HiveSequenceFileOutputFormat
-                serde: org.apache.hadoop.hive.serde2.lazy.LazySimpleSerDe
+                Statistics: Num rows: 1 Data size: 8 Basic stats: COMPLETE Column stats: COMPLETE
+                File Output Operator
+                  compressed: false
+                  Statistics: Num rows: 1 Data size: 8 Basic stats: COMPLETE Column stats: COMPLETE
+                  table:
+                      input format: org.apache.hadoop.mapred.SequenceFileInputFormat
+                      output format: org.apache.hadoop.hive.ql.io.HiveSequenceFileOutputFormat
+                      serde: org.apache.hadoop.hive.serde2.lazy.LazySimpleSerDe
 
   Stage: Stage-0
     Fetch Operator
