diff --git a/ql/src/java/org/apache/hadoop/hive/ql/parse/SemanticAnalyzer.java b/ql/src/java/org/apache/hadoop/hive/ql/parse/SemanticAnalyzer.java
index f6bbac6a8f..07742e0485 100644
--- a/ql/src/java/org/apache/hadoop/hive/ql/parse/SemanticAnalyzer.java
+++ b/ql/src/java/org/apache/hadoop/hive/ql/parse/SemanticAnalyzer.java
@@ -12841,7 +12841,7 @@ public void processPositionAlias(ASTNode ast) throws SemanticException {
       for (int child_pos = 0; child_pos < child_count; ++child_pos) {
         ASTNode node = (ASTNode) next.getChild(child_pos);
         int type = node.getToken().getType();
-        if (type == HiveParser.TOK_SELECT) {
+        if (type == HiveParser.TOK_SELECT || type == HiveParser.TOK_SELECTDI) {
           selectNode = node;
         } else if (type == HiveParser.TOK_GROUPBY) {
           groupbyNode = node;
@@ -12877,7 +12877,49 @@ public void processPositionAlias(ASTNode ast) throws SemanticException {
           }
         }
 
-        // orderby position will be processed in genPlan
+        // replace each of the position alias in ORDERBY with the actual column name,
+        // if cbo is enabled, orderby position will be processed in genPlan
+        if (!HiveConf.getBoolVar(conf, HiveConf.ConfVars.HIVE_CBO_ENABLED)
+            && orderbyNode != null) {
+          isAllCol = false;
+          for (int child_pos = 0; child_pos < selectNode.getChildCount(); ++child_pos) {
+            ASTNode node = (ASTNode) selectNode.getChild(child_pos).getChild(0);
+            if (node != null && node.getToken().getType() == HiveParser.TOK_ALLCOLREF) {
+              isAllCol = true;
+            }
+          }
+          for (int child_pos = 0; child_pos < orderbyNode.getChildCount(); ++child_pos) {
+            ASTNode colNode = null;
+            ASTNode node = null;
+            if (orderbyNode.getChildCount() > 0) {
+              colNode = (ASTNode) orderbyNode.getChild(child_pos).getChild(0);
+              if (colNode.getChildCount() > 0) {
+                node = (ASTNode) colNode.getChild(0);
+              }
+            }
+            if (node != null && node.getToken().getType() == HiveParser.Number) {
+              if (isObyByPos) {
+                if (!isAllCol) {
+                  int pos = Integer.parseInt(node.getText());
+                  if (pos > 0 && pos <= selectExpCnt && selectNode.getChild(pos - 1).getChildCount() > 0) {
+                    colNode.setChild(0, selectNode.getChild(pos - 1).getChild(0));
+                  } else {
+                    throw new SemanticException(
+                      ErrorMsg.INVALID_POSITION_ALIAS_IN_ORDERBY.getMsg(
+                      "Position alias: " + pos + " does not exist\n" +
+                      "The Select List is indexed from 1 to " + selectExpCnt));
+                  }
+                } else {
+                  throw new SemanticException(
+                    ErrorMsg.NO_SUPPORTED_ORDERBY_ALLCOLREF_POS.getMsg());
+                }
+              } else { //if not using position alias and it is a number.
+                warn("Using constant number " + node.getText() +
+                  " in order by. If you try to use position alias when hive.orderby.position.alias is false, the position alias will be ignored.");
+              }
+            }
+          }
+        }
       }
 
       for (int i = next.getChildren().size() - 1; i >= 0; i--) {
diff --git a/ql/src/test/queries/clientpositive/groupby_position.q b/ql/src/test/queries/clientpositive/groupby_position.q
index f7e257d8fa..446b99d3cb 100644
--- a/ql/src/test/queries/clientpositive/groupby_position.q
+++ b/ql/src/test/queries/clientpositive/groupby_position.q
@@ -71,3 +71,14 @@ FROM (
  SELECT a.c1 AS c1, a.c2 AS c2, b.c3 AS c3, b.c4 AS c4
 ) c
 ORDER BY 1 DESC, 2 DESC, 3 ASC, 4 ASC;
+
+set hive.cbo.enable=false;
+EXPLAIN
+SELECT key FROM src ORDER BY 1;
+
+SELECT key FROM src ORDER BY 1;
+
+EXPLAIN
+SELECT distinct key FROM src ORDER BY 1;
+
+SELECT distinct key FROM src ORDER BY 1;
diff --git a/ql/src/test/results/clientpositive/groupby_position.q.out b/ql/src/test/results/clientpositive/groupby_position.q.out
index 16924f3459..7351a06f9c 100644
--- a/ql/src/test/results/clientpositive/groupby_position.q.out
+++ b/ql/src/test/results/clientpositive/groupby_position.q.out
@@ -703,3 +703,944 @@ POSTHOOK: Input: default@src
 19	val_19	19	val_19
 18	val_18	18	val_18
 17	val_17	17	val_17
+PREHOOK: query: EXPLAIN
+SELECT key FROM src ORDER BY 1
+PREHOOK: type: QUERY
+POSTHOOK: query: EXPLAIN
+SELECT key FROM src ORDER BY 1
+POSTHOOK: type: QUERY
+STAGE DEPENDENCIES:
+  Stage-1 is a root stage
+  Stage-0 depends on stages: Stage-1
+
+STAGE PLANS:
+  Stage: Stage-1
+    Map Reduce
+      Map Operator Tree:
+          TableScan
+            alias: src
+            Statistics: Num rows: 500 Data size: 5312 Basic stats: COMPLETE Column stats: NONE
+            Select Operator
+              expressions: key (type: string)
+              outputColumnNames: _col0
+              Statistics: Num rows: 500 Data size: 5312 Basic stats: COMPLETE Column stats: NONE
+              Reduce Output Operator
+                key expressions: _col0 (type: string)
+                sort order: +
+                Statistics: Num rows: 500 Data size: 5312 Basic stats: COMPLETE Column stats: NONE
+      Reduce Operator Tree:
+        Select Operator
+          expressions: KEY.reducesinkkey0 (type: string)
+          outputColumnNames: _col0
+          Statistics: Num rows: 500 Data size: 5312 Basic stats: COMPLETE Column stats: NONE
+          File Output Operator
+            compressed: false
+            Statistics: Num rows: 500 Data size: 5312 Basic stats: COMPLETE Column stats: NONE
+            table:
+                input format: org.apache.hadoop.mapred.SequenceFileInputFormat
+                output format: org.apache.hadoop.hive.ql.io.HiveSequenceFileOutputFormat
+                serde: org.apache.hadoop.hive.serde2.lazy.LazySimpleSerDe
+
+  Stage: Stage-0
+    Fetch Operator
+      limit: -1
+      Processor Tree:
+        ListSink
+
+PREHOOK: query: SELECT key FROM src ORDER BY 1
+PREHOOK: type: QUERY
+PREHOOK: Input: default@src
+#### A masked pattern was here ####
+POSTHOOK: query: SELECT key FROM src ORDER BY 1
+POSTHOOK: type: QUERY
+POSTHOOK: Input: default@src
+#### A masked pattern was here ####
+0
+0
+0
+10
+100
+100
+103
+103
+104
+104
+105
+11
+111
+113
+113
+114
+116
+118
+118
+119
+119
+119
+12
+12
+120
+120
+125
+125
+126
+128
+128
+128
+129
+129
+131
+133
+134
+134
+136
+137
+137
+138
+138
+138
+138
+143
+145
+146
+146
+149
+149
+15
+15
+150
+152
+152
+153
+155
+156
+157
+158
+160
+162
+163
+164
+164
+165
+165
+166
+167
+167
+167
+168
+169
+169
+169
+169
+17
+170
+172
+172
+174
+174
+175
+175
+176
+176
+177
+178
+179
+179
+18
+18
+180
+181
+183
+186
+187
+187
+187
+189
+19
+190
+191
+191
+192
+193
+193
+193
+194
+195
+195
+196
+197
+197
+199
+199
+199
+2
+20
+200
+200
+201
+202
+203
+203
+205
+205
+207
+207
+208
+208
+208
+209
+209
+213
+213
+214
+216
+216
+217
+217
+218
+219
+219
+221
+221
+222
+223
+223
+224
+224
+226
+228
+229
+229
+230
+230
+230
+230
+230
+233
+233
+235
+237
+237
+238
+238
+239
+239
+24
+24
+241
+242
+242
+244
+247
+248
+249
+252
+255
+255
+256
+256
+257
+258
+26
+26
+260
+262
+263
+265
+265
+266
+27
+272
+272
+273
+273
+273
+274
+275
+277
+277
+277
+277
+278
+278
+28
+280
+280
+281
+281
+282
+282
+283
+284
+285
+286
+287
+288
+288
+289
+291
+292
+296
+298
+298
+298
+30
+302
+305
+306
+307
+307
+308
+309
+309
+310
+311
+311
+311
+315
+316
+316
+316
+317
+317
+318
+318
+318
+321
+321
+322
+322
+323
+325
+325
+327
+327
+327
+33
+331
+331
+332
+333
+333
+335
+336
+338
+339
+34
+341
+342
+342
+344
+344
+345
+348
+348
+348
+348
+348
+35
+35
+35
+351
+353
+353
+356
+360
+362
+364
+365
+366
+367
+367
+368
+369
+369
+369
+37
+37
+373
+374
+375
+377
+378
+379
+382
+382
+384
+384
+384
+386
+389
+392
+393
+394
+395
+395
+396
+396
+396
+397
+397
+399
+399
+4
+400
+401
+401
+401
+401
+401
+402
+403
+403
+403
+404
+404
+406
+406
+406
+406
+407
+409
+409
+409
+41
+411
+413
+413
+414
+414
+417
+417
+417
+418
+419
+42
+42
+421
+424
+424
+427
+429
+429
+43
+430
+430
+430
+431
+431
+431
+432
+435
+436
+437
+438
+438
+438
+439
+439
+44
+443
+444
+446
+448
+449
+452
+453
+454
+454
+454
+455
+457
+458
+458
+459
+459
+460
+462
+462
+463
+463
+466
+466
+466
+467
+468
+468
+468
+468
+469
+469
+469
+469
+469
+47
+470
+472
+475
+477
+478
+478
+479
+480
+480
+480
+481
+482
+483
+484
+485
+487
+489
+489
+489
+489
+490
+491
+492
+492
+493
+494
+495
+496
+497
+498
+498
+498
+5
+5
+5
+51
+51
+53
+54
+57
+58
+58
+64
+65
+66
+67
+67
+69
+70
+70
+70
+72
+72
+74
+76
+76
+77
+78
+8
+80
+82
+83
+83
+84
+84
+85
+86
+87
+9
+90
+90
+90
+92
+95
+95
+96
+97
+97
+98
+98
+PREHOOK: query: EXPLAIN
+SELECT distinct key FROM src ORDER BY 1
+PREHOOK: type: QUERY
+POSTHOOK: query: EXPLAIN
+SELECT distinct key FROM src ORDER BY 1
+POSTHOOK: type: QUERY
+STAGE DEPENDENCIES:
+  Stage-1 is a root stage
+  Stage-2 depends on stages: Stage-1
+  Stage-0 depends on stages: Stage-2
+
+STAGE PLANS:
+  Stage: Stage-1
+    Map Reduce
+      Map Operator Tree:
+          TableScan
+            alias: src
+            Statistics: Num rows: 500 Data size: 5312 Basic stats: COMPLETE Column stats: NONE
+            Select Operator
+              expressions: key (type: string)
+              outputColumnNames: key
+              Statistics: Num rows: 500 Data size: 5312 Basic stats: COMPLETE Column stats: NONE
+              Group By Operator
+                keys: key (type: string)
+                mode: hash
+                outputColumnNames: _col0
+                Statistics: Num rows: 500 Data size: 5312 Basic stats: COMPLETE Column stats: NONE
+                Reduce Output Operator
+                  key expressions: _col0 (type: string)
+                  sort order: +
+                  Map-reduce partition columns: _col0 (type: string)
+                  Statistics: Num rows: 500 Data size: 5312 Basic stats: COMPLETE Column stats: NONE
+      Reduce Operator Tree:
+        Group By Operator
+          keys: KEY._col0 (type: string)
+          mode: mergepartial
+          outputColumnNames: _col0
+          Statistics: Num rows: 250 Data size: 2656 Basic stats: COMPLETE Column stats: NONE
+          File Output Operator
+            compressed: false
+            table:
+                input format: org.apache.hadoop.mapred.SequenceFileInputFormat
+                output format: org.apache.hadoop.hive.ql.io.HiveSequenceFileOutputFormat
+                serde: org.apache.hadoop.hive.serde2.lazybinary.LazyBinarySerDe
+
+  Stage: Stage-2
+    Map Reduce
+      Map Operator Tree:
+          TableScan
+            Reduce Output Operator
+              key expressions: _col0 (type: string)
+              sort order: +
+              Statistics: Num rows: 250 Data size: 2656 Basic stats: COMPLETE Column stats: NONE
+      Reduce Operator Tree:
+        Select Operator
+          expressions: KEY.reducesinkkey0 (type: string)
+          outputColumnNames: _col0
+          Statistics: Num rows: 250 Data size: 2656 Basic stats: COMPLETE Column stats: NONE
+          File Output Operator
+            compressed: false
+            Statistics: Num rows: 250 Data size: 2656 Basic stats: COMPLETE Column stats: NONE
+            table:
+                input format: org.apache.hadoop.mapred.SequenceFileInputFormat
+                output format: org.apache.hadoop.hive.ql.io.HiveSequenceFileOutputFormat
+                serde: org.apache.hadoop.hive.serde2.lazy.LazySimpleSerDe
+
+  Stage: Stage-0
+    Fetch Operator
+      limit: -1
+      Processor Tree:
+        ListSink
+
+PREHOOK: query: SELECT distinct key FROM src ORDER BY 1
+PREHOOK: type: QUERY
+PREHOOK: Input: default@src
+#### A masked pattern was here ####
+POSTHOOK: query: SELECT distinct key FROM src ORDER BY 1
+POSTHOOK: type: QUERY
+POSTHOOK: Input: default@src
+#### A masked pattern was here ####
+0
+10
+100
+103
+104
+105
+11
+111
+113
+114
+116
+118
+119
+12
+120
+125
+126
+128
+129
+131
+133
+134
+136
+137
+138
+143
+145
+146
+149
+15
+150
+152
+153
+155
+156
+157
+158
+160
+162
+163
+164
+165
+166
+167
+168
+169
+17
+170
+172
+174
+175
+176
+177
+178
+179
+18
+180
+181
+183
+186
+187
+189
+19
+190
+191
+192
+193
+194
+195
+196
+197
+199
+2
+20
+200
+201
+202
+203
+205
+207
+208
+209
+213
+214
+216
+217
+218
+219
+221
+222
+223
+224
+226
+228
+229
+230
+233
+235
+237
+238
+239
+24
+241
+242
+244
+247
+248
+249
+252
+255
+256
+257
+258
+26
+260
+262
+263
+265
+266
+27
+272
+273
+274
+275
+277
+278
+28
+280
+281
+282
+283
+284
+285
+286
+287
+288
+289
+291
+292
+296
+298
+30
+302
+305
+306
+307
+308
+309
+310
+311
+315
+316
+317
+318
+321
+322
+323
+325
+327
+33
+331
+332
+333
+335
+336
+338
+339
+34
+341
+342
+344
+345
+348
+35
+351
+353
+356
+360
+362
+364
+365
+366
+367
+368
+369
+37
+373
+374
+375
+377
+378
+379
+382
+384
+386
+389
+392
+393
+394
+395
+396
+397
+399
+4
+400
+401
+402
+403
+404
+406
+407
+409
+41
+411
+413
+414
+417
+418
+419
+42
+421
+424
+427
+429
+43
+430
+431
+432
+435
+436
+437
+438
+439
+44
+443
+444
+446
+448
+449
+452
+453
+454
+455
+457
+458
+459
+460
+462
+463
+466
+467
+468
+469
+47
+470
+472
+475
+477
+478
+479
+480
+481
+482
+483
+484
+485
+487
+489
+490
+491
+492
+493
+494
+495
+496
+497
+498
+5
+51
+53
+54
+57
+58
+64
+65
+66
+67
+69
+70
+72
+74
+76
+77
+78
+8
+80
+82
+83
+84
+85
+86
+87
+9
+90
+92
+95
+96
+97
+98
diff --git a/ql/src/test/results/clientpositive/spark/groupby_position.q.out b/ql/src/test/results/clientpositive/spark/groupby_position.q.out
index a88176fa6b..bcc512be09 100644
--- a/ql/src/test/results/clientpositive/spark/groupby_position.q.out
+++ b/ql/src/test/results/clientpositive/spark/groupby_position.q.out
@@ -692,3 +692,946 @@ POSTHOOK: Input: default@src
 19	val_19	19	val_19
 18	val_18	18	val_18
 17	val_17	17	val_17
+PREHOOK: query: EXPLAIN
+SELECT key FROM src ORDER BY 1
+PREHOOK: type: QUERY
+POSTHOOK: query: EXPLAIN
+SELECT key FROM src ORDER BY 1
+POSTHOOK: type: QUERY
+STAGE DEPENDENCIES:
+  Stage-1 is a root stage
+  Stage-0 depends on stages: Stage-1
+
+STAGE PLANS:
+  Stage: Stage-1
+    Spark
+      Edges:
+        Reducer 2 <- Map 1 (SORT, 1)
+#### A masked pattern was here ####
+      Vertices:
+        Map 1 
+            Map Operator Tree:
+                TableScan
+                  alias: src
+                  Statistics: Num rows: 500 Data size: 5312 Basic stats: COMPLETE Column stats: NONE
+                  Select Operator
+                    expressions: key (type: string)
+                    outputColumnNames: _col0
+                    Statistics: Num rows: 500 Data size: 5312 Basic stats: COMPLETE Column stats: NONE
+                    Reduce Output Operator
+                      key expressions: _col0 (type: string)
+                      sort order: +
+                      Statistics: Num rows: 500 Data size: 5312 Basic stats: COMPLETE Column stats: NONE
+        Reducer 2 
+            Reduce Operator Tree:
+              Select Operator
+                expressions: KEY.reducesinkkey0 (type: string)
+                outputColumnNames: _col0
+                Statistics: Num rows: 500 Data size: 5312 Basic stats: COMPLETE Column stats: NONE
+                File Output Operator
+                  compressed: false
+                  Statistics: Num rows: 500 Data size: 5312 Basic stats: COMPLETE Column stats: NONE
+                  table:
+                      input format: org.apache.hadoop.mapred.SequenceFileInputFormat
+                      output format: org.apache.hadoop.hive.ql.io.HiveSequenceFileOutputFormat
+                      serde: org.apache.hadoop.hive.serde2.lazy.LazySimpleSerDe
+
+  Stage: Stage-0
+    Fetch Operator
+      limit: -1
+      Processor Tree:
+        ListSink
+
+PREHOOK: query: SELECT key FROM src ORDER BY 1
+PREHOOK: type: QUERY
+PREHOOK: Input: default@src
+#### A masked pattern was here ####
+POSTHOOK: query: SELECT key FROM src ORDER BY 1
+POSTHOOK: type: QUERY
+POSTHOOK: Input: default@src
+#### A masked pattern was here ####
+0
+0
+0
+10
+100
+100
+103
+103
+104
+104
+105
+11
+111
+113
+113
+114
+116
+118
+118
+119
+119
+119
+12
+12
+120
+120
+125
+125
+126
+128
+128
+128
+129
+129
+131
+133
+134
+134
+136
+137
+137
+138
+138
+138
+138
+143
+145
+146
+146
+149
+149
+15
+15
+150
+152
+152
+153
+155
+156
+157
+158
+160
+162
+163
+164
+164
+165
+165
+166
+167
+167
+167
+168
+169
+169
+169
+169
+17
+170
+172
+172
+174
+174
+175
+175
+176
+176
+177
+178
+179
+179
+18
+18
+180
+181
+183
+186
+187
+187
+187
+189
+19
+190
+191
+191
+192
+193
+193
+193
+194
+195
+195
+196
+197
+197
+199
+199
+199
+2
+20
+200
+200
+201
+202
+203
+203
+205
+205
+207
+207
+208
+208
+208
+209
+209
+213
+213
+214
+216
+216
+217
+217
+218
+219
+219
+221
+221
+222
+223
+223
+224
+224
+226
+228
+229
+229
+230
+230
+230
+230
+230
+233
+233
+235
+237
+237
+238
+238
+239
+239
+24
+24
+241
+242
+242
+244
+247
+248
+249
+252
+255
+255
+256
+256
+257
+258
+26
+26
+260
+262
+263
+265
+265
+266
+27
+272
+272
+273
+273
+273
+274
+275
+277
+277
+277
+277
+278
+278
+28
+280
+280
+281
+281
+282
+282
+283
+284
+285
+286
+287
+288
+288
+289
+291
+292
+296
+298
+298
+298
+30
+302
+305
+306
+307
+307
+308
+309
+309
+310
+311
+311
+311
+315
+316
+316
+316
+317
+317
+318
+318
+318
+321
+321
+322
+322
+323
+325
+325
+327
+327
+327
+33
+331
+331
+332
+333
+333
+335
+336
+338
+339
+34
+341
+342
+342
+344
+344
+345
+348
+348
+348
+348
+348
+35
+35
+35
+351
+353
+353
+356
+360
+362
+364
+365
+366
+367
+367
+368
+369
+369
+369
+37
+37
+373
+374
+375
+377
+378
+379
+382
+382
+384
+384
+384
+386
+389
+392
+393
+394
+395
+395
+396
+396
+396
+397
+397
+399
+399
+4
+400
+401
+401
+401
+401
+401
+402
+403
+403
+403
+404
+404
+406
+406
+406
+406
+407
+409
+409
+409
+41
+411
+413
+413
+414
+414
+417
+417
+417
+418
+419
+42
+42
+421
+424
+424
+427
+429
+429
+43
+430
+430
+430
+431
+431
+431
+432
+435
+436
+437
+438
+438
+438
+439
+439
+44
+443
+444
+446
+448
+449
+452
+453
+454
+454
+454
+455
+457
+458
+458
+459
+459
+460
+462
+462
+463
+463
+466
+466
+466
+467
+468
+468
+468
+468
+469
+469
+469
+469
+469
+47
+470
+472
+475
+477
+478
+478
+479
+480
+480
+480
+481
+482
+483
+484
+485
+487
+489
+489
+489
+489
+490
+491
+492
+492
+493
+494
+495
+496
+497
+498
+498
+498
+5
+5
+5
+51
+51
+53
+54
+57
+58
+58
+64
+65
+66
+67
+67
+69
+70
+70
+70
+72
+72
+74
+76
+76
+77
+78
+8
+80
+82
+83
+83
+84
+84
+85
+86
+87
+9
+90
+90
+90
+92
+95
+95
+96
+97
+97
+98
+98
+PREHOOK: query: EXPLAIN
+SELECT distinct key FROM src ORDER BY 1
+PREHOOK: type: QUERY
+POSTHOOK: query: EXPLAIN
+SELECT distinct key FROM src ORDER BY 1
+POSTHOOK: type: QUERY
+STAGE DEPENDENCIES:
+  Stage-1 is a root stage
+  Stage-0 depends on stages: Stage-1
+
+STAGE PLANS:
+  Stage: Stage-1
+    Spark
+      Edges:
+        Reducer 2 <- Map 1 (GROUP, 2)
+        Reducer 3 <- Reducer 2 (SORT, 1)
+#### A masked pattern was here ####
+      Vertices:
+        Map 1 
+            Map Operator Tree:
+                TableScan
+                  alias: src
+                  Statistics: Num rows: 500 Data size: 5312 Basic stats: COMPLETE Column stats: NONE
+                  Select Operator
+                    expressions: key (type: string)
+                    outputColumnNames: key
+                    Statistics: Num rows: 500 Data size: 5312 Basic stats: COMPLETE Column stats: NONE
+                    Group By Operator
+                      keys: key (type: string)
+                      mode: hash
+                      outputColumnNames: _col0
+                      Statistics: Num rows: 500 Data size: 5312 Basic stats: COMPLETE Column stats: NONE
+                      Reduce Output Operator
+                        key expressions: _col0 (type: string)
+                        sort order: +
+                        Map-reduce partition columns: _col0 (type: string)
+                        Statistics: Num rows: 500 Data size: 5312 Basic stats: COMPLETE Column stats: NONE
+        Reducer 2 
+            Reduce Operator Tree:
+              Group By Operator
+                keys: KEY._col0 (type: string)
+                mode: mergepartial
+                outputColumnNames: _col0
+                Statistics: Num rows: 250 Data size: 2656 Basic stats: COMPLETE Column stats: NONE
+                Reduce Output Operator
+                  key expressions: _col0 (type: string)
+                  sort order: +
+                  Statistics: Num rows: 250 Data size: 2656 Basic stats: COMPLETE Column stats: NONE
+        Reducer 3 
+            Reduce Operator Tree:
+              Select Operator
+                expressions: KEY.reducesinkkey0 (type: string)
+                outputColumnNames: _col0
+                Statistics: Num rows: 250 Data size: 2656 Basic stats: COMPLETE Column stats: NONE
+                File Output Operator
+                  compressed: false
+                  Statistics: Num rows: 250 Data size: 2656 Basic stats: COMPLETE Column stats: NONE
+                  table:
+                      input format: org.apache.hadoop.mapred.SequenceFileInputFormat
+                      output format: org.apache.hadoop.hive.ql.io.HiveSequenceFileOutputFormat
+                      serde: org.apache.hadoop.hive.serde2.lazy.LazySimpleSerDe
+
+  Stage: Stage-0
+    Fetch Operator
+      limit: -1
+      Processor Tree:
+        ListSink
+
+PREHOOK: query: SELECT distinct key FROM src ORDER BY 1
+PREHOOK: type: QUERY
+PREHOOK: Input: default@src
+#### A masked pattern was here ####
+POSTHOOK: query: SELECT distinct key FROM src ORDER BY 1
+POSTHOOK: type: QUERY
+POSTHOOK: Input: default@src
+#### A masked pattern was here ####
+0
+10
+100
+103
+104
+105
+11
+111
+113
+114
+116
+118
+119
+12
+120
+125
+126
+128
+129
+131
+133
+134
+136
+137
+138
+143
+145
+146
+149
+15
+150
+152
+153
+155
+156
+157
+158
+160
+162
+163
+164
+165
+166
+167
+168
+169
+17
+170
+172
+174
+175
+176
+177
+178
+179
+18
+180
+181
+183
+186
+187
+189
+19
+190
+191
+192
+193
+194
+195
+196
+197
+199
+2
+20
+200
+201
+202
+203
+205
+207
+208
+209
+213
+214
+216
+217
+218
+219
+221
+222
+223
+224
+226
+228
+229
+230
+233
+235
+237
+238
+239
+24
+241
+242
+244
+247
+248
+249
+252
+255
+256
+257
+258
+26
+260
+262
+263
+265
+266
+27
+272
+273
+274
+275
+277
+278
+28
+280
+281
+282
+283
+284
+285
+286
+287
+288
+289
+291
+292
+296
+298
+30
+302
+305
+306
+307
+308
+309
+310
+311
+315
+316
+317
+318
+321
+322
+323
+325
+327
+33
+331
+332
+333
+335
+336
+338
+339
+34
+341
+342
+344
+345
+348
+35
+351
+353
+356
+360
+362
+364
+365
+366
+367
+368
+369
+37
+373
+374
+375
+377
+378
+379
+382
+384
+386
+389
+392
+393
+394
+395
+396
+397
+399
+4
+400
+401
+402
+403
+404
+406
+407
+409
+41
+411
+413
+414
+417
+418
+419
+42
+421
+424
+427
+429
+43
+430
+431
+432
+435
+436
+437
+438
+439
+44
+443
+444
+446
+448
+449
+452
+453
+454
+455
+457
+458
+459
+460
+462
+463
+466
+467
+468
+469
+47
+470
+472
+475
+477
+478
+479
+480
+481
+482
+483
+484
+485
+487
+489
+490
+491
+492
+493
+494
+495
+496
+497
+498
+5
+51
+53
+54
+57
+58
+64
+65
+66
+67
+69
+70
+72
+74
+76
+77
+78
+8
+80
+82
+83
+84
+85
+86
+87
+9
+90
+92
+95
+96
+97
+98
