diff --git a/itests/src/test/resources/testconfiguration.properties b/itests/src/test/resources/testconfiguration.properties
index 76d18ed72d..f6a46960c9 100644
--- a/itests/src/test/resources/testconfiguration.properties
+++ b/itests/src/test/resources/testconfiguration.properties
@@ -382,7 +382,7 @@ minillaplocal.shared.query.files=alter_merge_2_orc.q,\
   vector_reduce2.q,\
   vector_reduce3.q,\
   vector_reduce_groupby_decimal.q,\
-  vector_reduce_grpupby_duplicate_cols.q,\
+  vector_reduce_groupby_duplicate_cols.q,\
   vector_row__id.q,\
   vector_string_concat.q,\
   vector_struct_in.q,\
diff --git a/ql/src/test/results/clientpositive/llap/vector_reduce_groupby_duplicate_cols.q.out b/ql/src/test/results/clientpositive/llap/vector_reduce_groupby_duplicate_cols.q.out
index afca3df14c..a456a2398f 100644
--- a/ql/src/test/results/clientpositive/llap/vector_reduce_groupby_duplicate_cols.q.out
+++ b/ql/src/test/results/clientpositive/llap/vector_reduce_groupby_duplicate_cols.q.out
@@ -67,7 +67,7 @@ STAGE PLANS:
             Map Operator Tree:
                 TableScan
                   alias: a
-                  Statistics: Num rows: 1 Data size: 8 Basic stats: COMPLETE Column stats: NONE
+                  Statistics: Num rows: 1 Data size: 8 Basic stats: COMPLETE Column stats: COMPLETE
                   TableScan Vectorization:
                       native: true
                       vectorizationSchemaColumns: [0:one:int, 1:two:int, 2:ROW__ID:struct<transactionid:bigint,bucketid:int,rowid:bigint>]
@@ -77,7 +77,7 @@ STAGE PLANS:
                         native: true
                         predicateExpression: FilterExprAndExpr(children: SelectColumnIsNotNull(col 0:int), SelectColumnIsNotNull(col 1:int))
                     predicate: (one is not null and two is not null) (type: boolean)
-                    Statistics: Num rows: 1 Data size: 8 Basic stats: COMPLETE Column stats: NONE
+                    Statistics: Num rows: 1 Data size: 8 Basic stats: COMPLETE Column stats: COMPLETE
                     Map Join Operator
                       condition map:
                            Inner Join 0 to 1
@@ -95,7 +95,7 @@ STAGE PLANS:
                       outputColumnNames: _col0, _col1
                       input vertices:
                         1 Map 1
-                      Statistics: Num rows: 1 Data size: 8 Basic stats: COMPLETE Column stats: NONE
+                      Statistics: Num rows: 1 Data size: 8 Basic stats: COMPLETE Column stats: COMPLETE
                       Group By Operator
                         Group By Vectorization:
                             className: VectorGroupByOperator
@@ -107,7 +107,7 @@ STAGE PLANS:
                         keys: _col0 (type: int), _col1 (type: int)
                         mode: hash
                         outputColumnNames: _col0, _col1
-                        Statistics: Num rows: 1 Data size: 8 Basic stats: COMPLETE Column stats: NONE
+                        Statistics: Num rows: 1 Data size: 8 Basic stats: COMPLETE Column stats: COMPLETE
                         Reduce Output Operator
                           key expressions: _col0 (type: int), _col1 (type: int)
                           sort order: ++
@@ -117,7 +117,7 @@ STAGE PLANS:
                               native: false
                               nativeConditionsMet: hive.execution.engine tez IN [tez, spark] IS true, No PTF TopN IS true, No DISTINCT columns IS true, BinarySortableSerDe for keys IS true, LazyBinarySerDe for values IS true
                               nativeConditionsNotMet: hive.vectorized.execution.reducesink.new.enabled IS false
-                          Statistics: Num rows: 1 Data size: 8 Basic stats: COMPLETE Column stats: NONE
+                          Statistics: Num rows: 1 Data size: 8 Basic stats: COMPLETE Column stats: COMPLETE
             Execution mode: vectorized, llap
             LLAP IO: no inputs
             Map Vectorization:
@@ -163,7 +163,7 @@ STAGE PLANS:
                 keys: KEY._col0 (type: int), KEY._col1 (type: int), KEY._col0 (type: int)
                 mode: mergepartial
                 outputColumnNames: _col0, _col1, _col2
-                Statistics: Num rows: 1 Data size: 8 Basic stats: COMPLETE Column stats: NONE
+                Statistics: Num rows: 1 Data size: 12 Basic stats: COMPLETE Column stats: COMPLETE
                 Select Operator
                   expressions: _col2 (type: int), _col1 (type: int), _col2 (type: int)
                   outputColumnNames: _col0, _col1, _col2
@@ -171,13 +171,13 @@ STAGE PLANS:
                       className: VectorSelectOperator
                       native: true
                       projectedOutputColumnNums: [2, 1, 2]
-                  Statistics: Num rows: 1 Data size: 8 Basic stats: COMPLETE Column stats: NONE
+                  Statistics: Num rows: 1 Data size: 12 Basic stats: COMPLETE Column stats: COMPLETE
                   File Output Operator
                     compressed: false
                     File Sink Vectorization:
                         className: VectorFileSinkOperator
                         native: false
-                    Statistics: Num rows: 1 Data size: 8 Basic stats: COMPLETE Column stats: NONE
+                    Statistics: Num rows: 1 Data size: 12 Basic stats: COMPLETE Column stats: COMPLETE
                     table:
                         input format: org.apache.hadoop.mapred.SequenceFileInputFormat
                         output format: org.apache.hadoop.hive.ql.io.HiveSequenceFileOutputFormat
