diff --git a/ql/src/test/results/clientpositive/llap/vectorization_part_project.q.out b/ql/src/test/results/clientpositive/llap/vectorization_part_project.q.out
index 130e1376ce..e46c7f4524 100644
--- a/ql/src/test/results/clientpositive/llap/vectorization_part_project.q.out
+++ b/ql/src/test/results/clientpositive/llap/vectorization_part_project.q.out
@@ -70,15 +70,15 @@ STAGE PLANS:
             Map Operator Tree:
                 TableScan
                   alias: alltypesorc_part
-                  Statistics: Num rows: 200 Data size: 1600 Basic stats: COMPLETE Column stats: PARTIAL
+                  Statistics: Num rows: 200 Data size: 1592 Basic stats: COMPLETE Column stats: COMPLETE
                   Select Operator
                     expressions: (cdouble + 2.0) (type: double)
                     outputColumnNames: _col0
-                    Statistics: Num rows: 200 Data size: 1600 Basic stats: COMPLETE Column stats: PARTIAL
+                    Statistics: Num rows: 200 Data size: 1600 Basic stats: COMPLETE Column stats: COMPLETE
                     Reduce Output Operator
                       key expressions: _col0 (type: double)
                       sort order: +
-                      Statistics: Num rows: 200 Data size: 1600 Basic stats: COMPLETE Column stats: PARTIAL
+                      Statistics: Num rows: 200 Data size: 1600 Basic stats: COMPLETE Column stats: COMPLETE
                       TopN Hash Memory Usage: 0.1
             Execution mode: vectorized, llap
             LLAP IO: all inputs
@@ -103,13 +103,13 @@ STAGE PLANS:
               Select Operator
                 expressions: KEY.reducesinkkey0 (type: double)
                 outputColumnNames: _col0
-                Statistics: Num rows: 200 Data size: 1600 Basic stats: COMPLETE Column stats: PARTIAL
+                Statistics: Num rows: 200 Data size: 1600 Basic stats: COMPLETE Column stats: COMPLETE
                 Limit
                   Number of rows: 10
-                  Statistics: Num rows: 10 Data size: 80 Basic stats: COMPLETE Column stats: PARTIAL
+                  Statistics: Num rows: 10 Data size: 80 Basic stats: COMPLETE Column stats: COMPLETE
                   File Output Operator
                     compressed: false
-                    Statistics: Num rows: 10 Data size: 80 Basic stats: COMPLETE Column stats: PARTIAL
+                    Statistics: Num rows: 10 Data size: 80 Basic stats: COMPLETE Column stats: COMPLETE
                     table:
                         input format: org.apache.hadoop.mapred.SequenceFileInputFormat
                         output format: org.apache.hadoop.hive.ql.io.HiveSequenceFileOutputFormat
