diff --git a/ql/src/test/results/clientpositive/llap/vectorized_mapjoin3.q.out b/ql/src/test/results/clientpositive/llap/vectorized_mapjoin3.q.out
index 4fb34664f2..00286ceb59 100644
--- a/ql/src/test/results/clientpositive/llap/vectorized_mapjoin3.q.out
+++ b/ql/src/test/results/clientpositive/llap/vectorized_mapjoin3.q.out
@@ -43,7 +43,6 @@ POSTHOOK: type: QUERY
 POSTHOOK: Input: _dummy_database@_dummy_table
 POSTHOOK: Output: default@table_6
 POSTHOOK: Lineage: table_6.int_col_0 SCRIPT []
-Warning: Map Join MAPJOIN[16][bigTable=?] in task 'Map 1' is a cross product
 PREHOOK: query: SELECT t1.decimal0801_col
 FROM table_19 t1
 WHERE (SELECT max(tt1.int_col_0) AS int_col FROM table_6 tt1) IN (t1.int_col_1) AND decimal0801_col is not null
@@ -89,7 +88,6 @@ POSTHOOK: Input: default@table_19
 POSTHOOK: Input: default@table_6
 #### A masked pattern was here ####
 418.9
-Warning: Map Join MAPJOIN[16][bigTable=?] in task 'Map 1' is a cross product
 PREHOOK: query: EXPLAIN VECTORIZATION DETAIL
 SELECT t1.decimal0801_col
 FROM table_19 t1
@@ -122,45 +120,69 @@ STAGE PLANS:
                 TableScan
                   alias: t1
                   Statistics: Num rows: 5 Data size: 580 Basic stats: COMPLETE Column stats: COMPLETE
+                  TableScan Vectorization:
+                      native: true
+                      vectorizationSchemaColumns: [0:decimal0801_col:decimal(8,1), 1:int_col_1:int, 2:ROW__ID:struct<transactionid:bigint,bucketid:int,rowid:bigint>]
                   Filter Operator
-                    predicate: decimal0801_col is not null (type: boolean)
-                    Statistics: Num rows: 5 Data size: 580 Basic stats: COMPLETE Column stats: COMPLETE
+                    Filter Vectorization:
+                        className: VectorFilterOperator
+                        native: true
+                        predicateExpression: FilterExprAndExpr(children: SelectColumnIsNotNull(col 0:decimal(8,1)), SelectColumnIsNotNull(col 1:int))
+                    predicate: (decimal0801_col is not null and int_col_1 is not null) (type: boolean)
+                    Statistics: Num rows: 4 Data size: 464 Basic stats: COMPLETE Column stats: COMPLETE
                     Select Operator
                       expressions: decimal0801_col (type: decimal(8,1)), int_col_1 (type: int)
                       outputColumnNames: _col0, _col1
-                      Statistics: Num rows: 5 Data size: 580 Basic stats: COMPLETE Column stats: COMPLETE
+                      Select Vectorization:
+                          className: VectorSelectOperator
+                          native: true
+                          projectedOutputColumnNums: [0, 1]
+                      Statistics: Num rows: 4 Data size: 464 Basic stats: COMPLETE Column stats: COMPLETE
                       Map Join Operator
                         condition map:
-                             Left Outer Join 0 to 1
+                             Inner Join 0 to 1
                         keys:
-                          0 
-                          1 
-                        outputColumnNames: _col0, _col1, _col2
+                          0 _col1 (type: int)
+                          1 _col0 (type: int)
+                        Map Join Vectorization:
+                            bigTableKeyColumnNums: [1]
+                            bigTableRetainedColumnNums: [0]
+                            bigTableValueColumnNums: [0]
+                            className: VectorMapJoinInnerBigOnlyLongOperator
+                            native: true
+                            nativeConditionsMet: hive.mapjoin.optimized.hashtable IS true, hive.vectorized.execution.mapjoin.native.enabled IS true, hive.execution.engine tez IN [tez, spark] IS true, One MapJoin Condition IS true, No nullsafe IS true, Small table vectorizes IS true, Optimized Table and Supports Key Types IS true
+                            projectedOutputColumnNums: [0]
+                        outputColumnNames: _col0
                         input vertices:
                           1 Reducer 3
-                        Statistics: Num rows: 5 Data size: 600 Basic stats: COMPLETE Column stats: COMPLETE
-                        Filter Operator
-                          predicate: (_col2) IN (_col1) (type: boolean)
-                          Statistics: Num rows: 2 Data size: 240 Basic stats: COMPLETE Column stats: COMPLETE
-                          Select Operator
-                            expressions: _col0 (type: decimal(8,1))
-                            outputColumnNames: _col0
-                            Statistics: Num rows: 2 Data size: 224 Basic stats: COMPLETE Column stats: COMPLETE
-                            File Output Operator
-                              compressed: false
-                              Statistics: Num rows: 2 Data size: 224 Basic stats: COMPLETE Column stats: COMPLETE
-                              table:
-                                  input format: org.apache.hadoop.mapred.SequenceFileInputFormat
-                                  output format: org.apache.hadoop.hive.ql.io.HiveSequenceFileOutputFormat
-                                  serde: org.apache.hadoop.hive.serde2.lazy.LazySimpleSerDe
-            Execution mode: llap
+                        Statistics: Num rows: 1 Data size: 112 Basic stats: COMPLETE Column stats: COMPLETE
+                        File Output Operator
+                          compressed: false
+                          File Sink Vectorization:
+                              className: VectorFileSinkOperator
+                              native: false
+                          Statistics: Num rows: 1 Data size: 112 Basic stats: COMPLETE Column stats: COMPLETE
+                          table:
+                              input format: org.apache.hadoop.mapred.SequenceFileInputFormat
+                              output format: org.apache.hadoop.hive.ql.io.HiveSequenceFileOutputFormat
+                              serde: org.apache.hadoop.hive.serde2.lazy.LazySimpleSerDe
+            Execution mode: vectorized, llap
             LLAP IO: all inputs
             Map Vectorization:
                 enabled: true
                 enabledConditionsMet: hive.vectorized.use.vectorized.input.format IS true
+                inputFormatFeatureSupport: []
+                featureSupportInUse: []
                 inputFileFormats: org.apache.hadoop.hive.ql.io.orc.OrcInputFormat
-                notVectorizedReason: FILTER operator: Vectorizing IN expression only supported for constant values
-                vectorized: false
+                allNative: false
+                usesVectorUDFAdaptor: false
+                vectorized: true
+                rowBatchContext:
+                    dataColumnCount: 2
+                    includeColumns: [0, 1]
+                    dataColumns: decimal0801_col:decimal(8,1), int_col_1:int
+                    partitionColumnCount: 0
+                    scratchColumnTypeNames: []
         Map 2 
             Map Operator Tree:
                 TableScan
@@ -244,16 +266,24 @@ STAGE PLANS:
                 mode: mergepartial
                 outputColumnNames: _col0
                 Statistics: Num rows: 1 Data size: 4 Basic stats: COMPLETE Column stats: COMPLETE
-                Reduce Output Operator
-                  sort order: 
-                  Reduce Sink Vectorization:
-                      className: VectorReduceSinkEmptyKeyOperator
-                      keyColumnNums: []
+                Filter Operator
+                  Filter Vectorization:
+                      className: VectorFilterOperator
                       native: true
-                      nativeConditionsMet: hive.vectorized.execution.reducesink.new.enabled IS true, hive.execution.engine tez IN [tez, spark] IS true, No PTF TopN IS true, No DISTINCT columns IS true, BinarySortableSerDe for keys IS true, LazyBinarySerDe for values IS true
-                      valueColumnNums: [0]
+                      predicateExpression: SelectColumnIsNotNull(col 0:int)
+                  predicate: _col0 is not null (type: boolean)
                   Statistics: Num rows: 1 Data size: 4 Basic stats: COMPLETE Column stats: COMPLETE
-                  value expressions: _col0 (type: int)
+                  Reduce Output Operator
+                    key expressions: _col0 (type: int)
+                    sort order: +
+                    Map-reduce partition columns: _col0 (type: int)
+                    Reduce Sink Vectorization:
+                        className: VectorReduceSinkLongOperator
+                        keyColumnNums: [0]
+                        native: true
+                        nativeConditionsMet: hive.vectorized.execution.reducesink.new.enabled IS true, hive.execution.engine tez IN [tez, spark] IS true, No PTF TopN IS true, No DISTINCT columns IS true, BinarySortableSerDe for keys IS true, LazyBinarySerDe for values IS true
+                        valueColumnNums: []
+                    Statistics: Num rows: 1 Data size: 4 Basic stats: COMPLETE Column stats: COMPLETE
 
   Stage: Stage-0
     Fetch Operator
