diff --git a/accumulo-handler/src/test/queries/positive/accumulo_queries.q b/accumulo-handler/src/test/queries/positive/accumulo_queries.q
index 279b6615a7..0aceaa0750 100644
--- a/accumulo-handler/src/test/queries/positive/accumulo_queries.q
+++ b/accumulo-handler/src/test/queries/positive/accumulo_queries.q
@@ -1,3 +1,9 @@
+-- remove these; after HIVE-18802 is fixed
+set hive.optimize.index.filter=false;
+set hive.optimize.ppd=false;
+-- remove these; after HIVE-18802 is fixed
+
+
 DROP TABLE accumulo_table_1;
 CREATE TABLE accumulo_table_1(key int, value string) 
 STORED BY 'org.apache.hadoop.hive.accumulo.AccumuloStorageHandler'
diff --git a/accumulo-handler/src/test/results/positive/accumulo_queries.q.out b/accumulo-handler/src/test/results/positive/accumulo_queries.q.out
index a21a099334..287557fac1 100644
--- a/accumulo-handler/src/test/results/positive/accumulo_queries.q.out
+++ b/accumulo-handler/src/test/results/positive/accumulo_queries.q.out
@@ -289,31 +289,35 @@ STAGE PLANS:
       Map Operator Tree:
           TableScan
             alias: accumulo_table_1
-            filterExpr: ((100 < key) and (key < 120)) (type: boolean)
             Statistics: Num rows: 1 Data size: 0 Basic stats: PARTIAL Column stats: NONE
-            Select Operator
-              expressions: key (type: int)
-              outputColumnNames: _col0
+            Filter Operator
+              predicate: ((100 < key) and (key < 120)) (type: boolean)
               Statistics: Num rows: 1 Data size: 0 Basic stats: PARTIAL Column stats: NONE
-              Reduce Output Operator
-                key expressions: _col0 (type: int)
-                sort order: +
-                Map-reduce partition columns: _col0 (type: int)
+              Select Operator
+                expressions: key (type: int)
+                outputColumnNames: _col0
                 Statistics: Num rows: 1 Data size: 0 Basic stats: PARTIAL Column stats: NONE
+                Reduce Output Operator
+                  key expressions: _col0 (type: int)
+                  sort order: +
+                  Map-reduce partition columns: _col0 (type: int)
+                  Statistics: Num rows: 1 Data size: 0 Basic stats: PARTIAL Column stats: NONE
           TableScan
             alias: accumulo_table_2
-            filterExpr: ((key < 120) and (100 < key)) (type: boolean)
             Statistics: Num rows: 1 Data size: 0 Basic stats: PARTIAL Column stats: NONE
-            Select Operator
-              expressions: key (type: int), value (type: string)
-              outputColumnNames: _col0, _col1
+            Filter Operator
+              predicate: ((100 < key) and (key < 120)) (type: boolean)
               Statistics: Num rows: 1 Data size: 0 Basic stats: PARTIAL Column stats: NONE
-              Reduce Output Operator
-                key expressions: _col0 (type: int)
-                sort order: +
-                Map-reduce partition columns: _col0 (type: int)
+              Select Operator
+                expressions: key (type: int), value (type: string)
+                outputColumnNames: _col0, _col1
                 Statistics: Num rows: 1 Data size: 0 Basic stats: PARTIAL Column stats: NONE
-                value expressions: _col1 (type: string)
+                Reduce Output Operator
+                  key expressions: _col0 (type: int)
+                  sort order: +
+                  Map-reduce partition columns: _col0 (type: int)
+                  Statistics: Num rows: 1 Data size: 0 Basic stats: PARTIAL Column stats: NONE
+                  value expressions: _col1 (type: string)
       Reduce Operator Tree:
         Join Operator
           condition map:
@@ -383,7 +387,6 @@ POSTHOOK: type: QUERY
 POSTHOOK: Input: default@accumulo_table_1
 POSTHOOK: Input: default@accumulo_table_2
 #### A masked pattern was here ####
-12	val_12
 104	val_104
 114	val_114
 116	val_116
