diff --git a/ql/src/test/queries/clientpositive/llap_smb.q b/ql/src/test/queries/clientpositive/llap_smb.q
index ac5faaa9b0..edec3010d1 100644
--- a/ql/src/test/queries/clientpositive/llap_smb.q
+++ b/ql/src/test/queries/clientpositive/llap_smb.q
@@ -1,4 +1,7 @@
 --! qt:dataset:alltypesorc
+
+-- MASK_STATS
+
 set hive.mapred.mode=nonstrict;
 SET hive.vectorized.execution.enabled=true;
 
diff --git a/ql/src/test/results/clientpositive/llap/llap_smb.q.out b/ql/src/test/results/clientpositive/llap/llap_smb.q.out
index d526fd3913..935e7729e2 100644
--- a/ql/src/test/results/clientpositive/llap/llap_smb.q.out
+++ b/ql/src/test/results/clientpositive/llap/llap_smb.q.out
@@ -215,18 +215,18 @@ STAGE PLANS:
                 TableScan
                   alias: b
                   filterExpr: id is not null (type: boolean)
-                  Statistics: Num rows: 200 Data size: 1600 Basic stats: COMPLETE Column stats: COMPLETE
+                  Statistics: Num rows: ###Masked### Data size: ###Masked### Basic stats: COMPLETE Column stats: COMPLETE
                   Filter Operator
                     predicate: id is not null (type: boolean)
-                    Statistics: Num rows: 200 Data size: 1600 Basic stats: COMPLETE Column stats: COMPLETE
+                    Statistics: Num rows: ###Masked### Data size: ###Masked### Basic stats: COMPLETE Column stats: COMPLETE
             Map Operator Tree:
                 TableScan
                   alias: a
                   filterExpr: id is not null (type: boolean)
-                  Statistics: Num rows: 5000 Data size: 80000 Basic stats: COMPLETE Column stats: COMPLETE
+                  Statistics: Num rows: ###Masked### Data size: ###Masked### Basic stats: COMPLETE Column stats: COMPLETE
                   Filter Operator
                     predicate: id is not null (type: boolean)
-                    Statistics: Num rows: 5000 Data size: 80000 Basic stats: COMPLETE Column stats: COMPLETE
+                    Statistics: Num rows: ###Masked### Data size: ###Masked### Basic stats: COMPLETE Column stats: COMPLETE
                     Merge Join Operator
                       condition map:
                            Inner Join 0 to 1
@@ -234,18 +234,18 @@ STAGE PLANS:
                         0 id (type: bigint)
                         1 id (type: bigint)
                       outputColumnNames: _col2, _col3
-                      Statistics: Num rows: 988 Data size: 7904 Basic stats: COMPLETE Column stats: COMPLETE
+                      Statistics: Num rows: ###Masked### Data size: ###Masked### Basic stats: COMPLETE Column stats: COMPLETE
                       Group By Operator
                         aggregations: count()
                         keys: _col2 (type: int), _col3 (type: smallint)
                         mode: hash
                         outputColumnNames: _col0, _col1, _col2
-                        Statistics: Num rows: 2 Data size: 32 Basic stats: COMPLETE Column stats: COMPLETE
+                        Statistics: Num rows: ###Masked### Data size: ###Masked### Basic stats: COMPLETE Column stats: COMPLETE
                         Reduce Output Operator
                           key expressions: _col0 (type: int), _col1 (type: smallint)
                           sort order: ++
                           Map-reduce partition columns: _col0 (type: int), _col1 (type: smallint)
-                          Statistics: Num rows: 2 Data size: 32 Basic stats: COMPLETE Column stats: COMPLETE
+                          Statistics: Num rows: ###Masked### Data size: ###Masked### Basic stats: COMPLETE Column stats: COMPLETE
                           value expressions: _col2 (type: bigint)
             Execution mode: llap
         Reducer 2 
@@ -256,10 +256,10 @@ STAGE PLANS:
                 keys: KEY._col0 (type: int), KEY._col1 (type: smallint)
                 mode: mergepartial
                 outputColumnNames: _col0, _col1, _col2
-                Statistics: Num rows: 2 Data size: 32 Basic stats: COMPLETE Column stats: COMPLETE
+                Statistics: Num rows: ###Masked### Data size: ###Masked### Basic stats: COMPLETE Column stats: COMPLETE
                 File Output Operator
                   compressed: false
-                  Statistics: Num rows: 2 Data size: 32 Basic stats: COMPLETE Column stats: COMPLETE
+                  Statistics: Num rows: ###Masked### Data size: ###Masked### Basic stats: COMPLETE Column stats: COMPLETE
                   table:
                       input format: org.apache.hadoop.mapred.SequenceFileInputFormat
                       output format: org.apache.hadoop.hive.ql.io.HiveSequenceFileOutputFormat
