diff --git a/ql/src/java/org/apache/hadoop/hive/ql/stats/StatsUtils.java b/ql/src/java/org/apache/hadoop/hive/ql/stats/StatsUtils.java
index ae51b4db51..b7adc485a7 100644
--- a/ql/src/java/org/apache/hadoop/hive/ql/stats/StatsUtils.java
+++ b/ql/src/java/org/apache/hadoop/hive/ql/stats/StatsUtils.java
@@ -128,7 +128,6 @@ public class StatsUtils {
 
   /**
    * Collect table, partition and column level statistics
-   * Note: DOES NOT CHECK txn stats.
    * @param conf
    *          - hive configuration
    * @param partList
@@ -227,7 +226,6 @@ private static void estimateStatsForMissingCols(List<String> neededColumns, List
     }
   }
 
-  /** Note: DOES NOT CHECK txn stats. */
   public static Statistics collectStatistics(HiveConf conf, PrunedPartitionList partList,
       Table table, List<ColumnInfo> schema, List<String> neededColumns, ColumnStatsList colStatsCache,
       List<String> referencedColumns, boolean fetchColStats)
@@ -266,10 +264,7 @@ private static Statistics collectStatistics(HiveConf conf, PrunedPartitionList p
       long numErasureCodedFiles = getErasureCodedFiles(table);
 
       if (fetchColStats) {
-        // Note: this is currently called from two notable places (w/false for checkTxn)
-        //       1) StatsRulesProcFactory.TableScanStatsRule via collectStatistics
-        //       2) RelOptHiveTable via getColStats and updateColStats.
-        colStats = getTableColumnStats(table, schema, neededColumns, colStatsCache, false);
+        colStats = getTableColumnStats(table, schema, neededColumns, colStatsCache);
         if(colStats == null) {
           colStats = Lists.newArrayList();
         }
@@ -389,11 +384,8 @@ private static Statistics collectStatistics(HiveConf conf, PrunedPartitionList p
         // size is 0, aggrStats is null after several retries. Thus, we can
         // skip the step to connect to the metastore.
         if (neededColsToRetrieve.size() > 0 && partNames.size() > 0) {
-          // Note: this is currently called from two notable places (w/false for checkTxn)
-          //       1) StatsRulesProcFactory.TableScanStatsRule via collectStatistics
-          //       2) RelOptHiveTable via getColStats and updateColStats.
           aggrStats = Hive.get().getAggrColStatsFor(table.getDbName(), table.getTableName(),
-              neededColsToRetrieve, partNames, false);
+              neededColsToRetrieve, partNames, true);
         }
 
         boolean statsRetrieved = aggrStats != null &&
@@ -1004,7 +996,7 @@ private static List<ColStatistics> estimateStats(Table table, List<ColumnInfo> s
    */
   public static List<ColStatistics> getTableColumnStats(
       Table table, List<ColumnInfo> schema, List<String> neededColumns,
-      ColumnStatsList colStatsCache, boolean checkTransactional) {
+      ColumnStatsList colStatsCache) {
     if (table.isMaterializedTable()) {
       LOG.debug("Materialized table does not contain table statistics");
       return null;
@@ -1033,7 +1025,7 @@ public static List<ColStatistics> getTableColumnStats(
     List<ColStatistics> stats = null;
     try {
       List<ColumnStatisticsObj> colStat = Hive.get().getTableColumnStatistics(
-          dbName, tabName, colStatsToRetrieve, checkTransactional);
+          dbName, tabName, colStatsToRetrieve, true);
       stats = convertColStats(colStat, tabName);
     } catch (HiveException e) {
       LOG.error("Failed to retrieve table statistics: ", e);
diff --git a/ql/src/test/results/clientpositive/acid_stats5.q.out b/ql/src/test/results/clientpositive/acid_stats5.q.out
index 99b19bb333..c2af67c892 100644
--- a/ql/src/test/results/clientpositive/acid_stats5.q.out
+++ b/ql/src/test/results/clientpositive/acid_stats5.q.out
@@ -180,33 +180,33 @@ STAGE PLANS:
       Map Operator Tree:
           TableScan
             alias: stats2
-            Statistics: Num rows: 2 Data size: 8 Basic stats: COMPLETE Column stats: COMPLETE
+            Statistics: Num rows: 2 Data size: 8 Basic stats: COMPLETE Column stats: NONE
             Select Operator
               expressions: key (type: int)
               outputColumnNames: key
-              Statistics: Num rows: 2 Data size: 8 Basic stats: COMPLETE Column stats: COMPLETE
+              Statistics: Num rows: 2 Data size: 8 Basic stats: COMPLETE Column stats: NONE
               Group By Operator
                 keys: key (type: int)
                 mode: hash
                 outputColumnNames: _col0
-                Statistics: Num rows: 1 Data size: 4 Basic stats: COMPLETE Column stats: COMPLETE
+                Statistics: Num rows: 2 Data size: 8 Basic stats: COMPLETE Column stats: NONE
                 Reduce Output Operator
                   key expressions: _col0 (type: int)
                   sort order: +
                   Map-reduce partition columns: _col0 (type: int)
-                  Statistics: Num rows: 1 Data size: 4 Basic stats: COMPLETE Column stats: COMPLETE
+                  Statistics: Num rows: 2 Data size: 8 Basic stats: COMPLETE Column stats: NONE
       Execution mode: vectorized
       Reduce Operator Tree:
         Group By Operator
           keys: KEY._col0 (type: int)
           mode: partial2
           outputColumnNames: _col0
-          Statistics: Num rows: 1 Data size: 4 Basic stats: COMPLETE Column stats: COMPLETE
+          Statistics: Num rows: 2 Data size: 8 Basic stats: COMPLETE Column stats: NONE
           Group By Operator
             aggregations: count(_col0)
             mode: partial2
             outputColumnNames: _col0
-            Statistics: Num rows: 1 Data size: 8 Basic stats: COMPLETE Column stats: COMPLETE
+            Statistics: Num rows: 1 Data size: 12 Basic stats: COMPLETE Column stats: NONE
             File Output Operator
               compressed: false
               table:
@@ -220,7 +220,7 @@ STAGE PLANS:
           TableScan
             Reduce Output Operator
               sort order: 
-              Statistics: Num rows: 1 Data size: 8 Basic stats: COMPLETE Column stats: COMPLETE
+              Statistics: Num rows: 1 Data size: 12 Basic stats: COMPLETE Column stats: NONE
               value expressions: _col0 (type: bigint)
       Execution mode: vectorized
       Reduce Operator Tree:
@@ -228,10 +228,10 @@ STAGE PLANS:
           aggregations: count(VALUE._col0)
           mode: mergepartial
           outputColumnNames: _col0
-          Statistics: Num rows: 1 Data size: 8 Basic stats: COMPLETE Column stats: COMPLETE
+          Statistics: Num rows: 1 Data size: 12 Basic stats: COMPLETE Column stats: NONE
           File Output Operator
             compressed: false
-            Statistics: Num rows: 1 Data size: 8 Basic stats: COMPLETE Column stats: COMPLETE
+            Statistics: Num rows: 1 Data size: 12 Basic stats: COMPLETE Column stats: NONE
             table:
                 input format: org.apache.hadoop.mapred.SequenceFileInputFormat
                 output format: org.apache.hadoop.hive.ql.io.HiveSequenceFileOutputFormat
diff --git a/ql/src/test/results/clientpositive/llap/dynpart_sort_optimization_acid.q.out b/ql/src/test/results/clientpositive/llap/dynpart_sort_optimization_acid.q.out
index 5018a4c151..a0a5e0cf32 100644
--- a/ql/src/test/results/clientpositive/llap/dynpart_sort_optimization_acid.q.out
+++ b/ql/src/test/results/clientpositive/llap/dynpart_sort_optimization_acid.q.out
@@ -95,19 +95,19 @@ STAGE PLANS:
                 TableScan
                   alias: acid_part
                   filterExpr: ((key = 'foo') and (ds = '2008-04-08')) (type: boolean)
-                  Statistics: Num rows: 1601 Data size: 139287 Basic stats: COMPLETE Column stats: PARTIAL
+                  Statistics: Num rows: 1601 Data size: 150414 Basic stats: COMPLETE Column stats: NONE
                   Filter Operator
                     predicate: (key = 'foo') (type: boolean)
-                    Statistics: Num rows: 5 Data size: 435 Basic stats: COMPLETE Column stats: PARTIAL
+                    Statistics: Num rows: 5 Data size: 469 Basic stats: COMPLETE Column stats: NONE
                     Select Operator
                       expressions: ROW__ID (type: struct<writeid:bigint,bucketid:int,rowid:bigint>)
                       outputColumnNames: _col0
-                      Statistics: Num rows: 5 Data size: 1720 Basic stats: COMPLETE Column stats: PARTIAL
+                      Statistics: Num rows: 5 Data size: 469 Basic stats: COMPLETE Column stats: NONE
                       Reduce Output Operator
                         key expressions: _col0 (type: struct<writeid:bigint,bucketid:int,rowid:bigint>)
                         sort order: +
                         Map-reduce partition columns: UDFToInteger(_col0) (type: int)
-                        Statistics: Num rows: 5 Data size: 1720 Basic stats: COMPLETE Column stats: PARTIAL
+                        Statistics: Num rows: 5 Data size: 469 Basic stats: COMPLETE Column stats: NONE
             Execution mode: llap
             LLAP IO: may be used (ACID table)
         Reducer 2 
@@ -116,10 +116,10 @@ STAGE PLANS:
               Select Operator
                 expressions: KEY.reducesinkkey0 (type: struct<writeid:bigint,bucketid:int,rowid:bigint>), 'foo' (type: string), 'bar' (type: string), '2008-04-08' (type: string)
                 outputColumnNames: _col0, _col1, _col2, _col3
-                Statistics: Num rows: 5 Data size: 1720 Basic stats: COMPLETE Column stats: PARTIAL
+                Statistics: Num rows: 5 Data size: 469 Basic stats: COMPLETE Column stats: NONE
                 File Output Operator
                   compressed: false
-                  Statistics: Num rows: 5 Data size: 1720 Basic stats: COMPLETE Column stats: PARTIAL
+                  Statistics: Num rows: 5 Data size: 469 Basic stats: COMPLETE Column stats: NONE
                   table:
                       input format: org.apache.hadoop.hive.ql.io.orc.OrcInputFormat
                       output format: org.apache.hadoop.hive.ql.io.orc.OrcOutputFormat
@@ -191,7 +191,7 @@ STAGE PLANS:
                 TableScan
                   alias: acid_part
                   filterExpr: ((key = 'foo') and (ds) IN ('2008-04-08')) (type: boolean)
-                  Statistics: Num rows: 1601 Data size: 433871 Basic stats: COMPLETE Column stats: PARTIAL
+                  Statistics: Num rows: 1601 Data size: 444998 Basic stats: COMPLETE Column stats: PARTIAL
                   Filter Operator
                     predicate: (key = 'foo') (type: boolean)
                     Statistics: Num rows: 5 Data size: 1355 Basic stats: COMPLETE Column stats: PARTIAL
@@ -680,19 +680,19 @@ STAGE PLANS:
                 TableScan
                   alias: acid_2l_part
                   filterExpr: ((key = 'foo') and (ds = '2008-04-08') and (hr = 11)) (type: boolean)
-                  Statistics: Num rows: 1601 Data size: 139287 Basic stats: COMPLETE Column stats: PARTIAL
+                  Statistics: Num rows: 1601 Data size: 150414 Basic stats: COMPLETE Column stats: NONE
                   Filter Operator
                     predicate: (key = 'foo') (type: boolean)
-                    Statistics: Num rows: 5 Data size: 435 Basic stats: COMPLETE Column stats: PARTIAL
+                    Statistics: Num rows: 5 Data size: 469 Basic stats: COMPLETE Column stats: NONE
                     Select Operator
                       expressions: ROW__ID (type: struct<writeid:bigint,bucketid:int,rowid:bigint>)
                       outputColumnNames: _col0
-                      Statistics: Num rows: 5 Data size: 1740 Basic stats: COMPLETE Column stats: PARTIAL
+                      Statistics: Num rows: 5 Data size: 469 Basic stats: COMPLETE Column stats: NONE
                       Reduce Output Operator
                         key expressions: _col0 (type: struct<writeid:bigint,bucketid:int,rowid:bigint>)
                         sort order: +
                         Map-reduce partition columns: UDFToInteger(_col0) (type: int)
-                        Statistics: Num rows: 5 Data size: 1740 Basic stats: COMPLETE Column stats: PARTIAL
+                        Statistics: Num rows: 5 Data size: 469 Basic stats: COMPLETE Column stats: NONE
             Execution mode: llap
             LLAP IO: may be used (ACID table)
         Reducer 2 
@@ -701,10 +701,10 @@ STAGE PLANS:
               Select Operator
                 expressions: KEY.reducesinkkey0 (type: struct<writeid:bigint,bucketid:int,rowid:bigint>), 'foo' (type: string), 'bar' (type: string), '2008-04-08' (type: string), 11 (type: int)
                 outputColumnNames: _col0, _col1, _col2, _col3, _col4
-                Statistics: Num rows: 5 Data size: 1740 Basic stats: COMPLETE Column stats: PARTIAL
+                Statistics: Num rows: 5 Data size: 469 Basic stats: COMPLETE Column stats: NONE
                 File Output Operator
                   compressed: false
-                  Statistics: Num rows: 5 Data size: 1740 Basic stats: COMPLETE Column stats: PARTIAL
+                  Statistics: Num rows: 5 Data size: 469 Basic stats: COMPLETE Column stats: NONE
                   table:
                       input format: org.apache.hadoop.hive.ql.io.orc.OrcInputFormat
                       output format: org.apache.hadoop.hive.ql.io.orc.OrcOutputFormat
@@ -777,19 +777,19 @@ STAGE PLANS:
                 TableScan
                   alias: acid_2l_part
                   filterExpr: ((key = 'foo') and (ds = '2008-04-08') and (hr >= 11)) (type: boolean)
-                  Statistics: Num rows: 3201 Data size: 291291 Basic stats: COMPLETE Column stats: PARTIAL
+                  Statistics: Num rows: 3201 Data size: 313458 Basic stats: COMPLETE Column stats: PARTIAL
                   Filter Operator
                     predicate: (key = 'foo') (type: boolean)
-                    Statistics: Num rows: 10 Data size: 910 Basic stats: COMPLETE Column stats: PARTIAL
+                    Statistics: Num rows: 5 Data size: 455 Basic stats: COMPLETE Column stats: PARTIAL
                     Select Operator
                       expressions: ROW__ID (type: struct<writeid:bigint,bucketid:int,rowid:bigint>), hr (type: int)
                       outputColumnNames: _col0, _col4
-                      Statistics: Num rows: 10 Data size: 3480 Basic stats: COMPLETE Column stats: PARTIAL
+                      Statistics: Num rows: 5 Data size: 1740 Basic stats: COMPLETE Column stats: PARTIAL
                       Reduce Output Operator
                         key expressions: _col0 (type: struct<writeid:bigint,bucketid:int,rowid:bigint>)
                         sort order: +
                         Map-reduce partition columns: UDFToInteger(_col0) (type: int)
-                        Statistics: Num rows: 10 Data size: 3480 Basic stats: COMPLETE Column stats: PARTIAL
+                        Statistics: Num rows: 5 Data size: 1740 Basic stats: COMPLETE Column stats: PARTIAL
                         value expressions: _col4 (type: int)
             Execution mode: llap
             LLAP IO: may be used (ACID table)
@@ -799,10 +799,10 @@ STAGE PLANS:
               Select Operator
                 expressions: KEY.reducesinkkey0 (type: struct<writeid:bigint,bucketid:int,rowid:bigint>), 'foo' (type: string), 'bar' (type: string), '2008-04-08' (type: string), VALUE._col2 (type: int)
                 outputColumnNames: _col0, _col1, _col2, _col3, _col4
-                Statistics: Num rows: 10 Data size: 3480 Basic stats: COMPLETE Column stats: PARTIAL
+                Statistics: Num rows: 5 Data size: 1740 Basic stats: COMPLETE Column stats: PARTIAL
                 File Output Operator
                   compressed: false
-                  Statistics: Num rows: 10 Data size: 3480 Basic stats: COMPLETE Column stats: PARTIAL
+                  Statistics: Num rows: 5 Data size: 1740 Basic stats: COMPLETE Column stats: PARTIAL
                   table:
                       input format: org.apache.hadoop.hive.ql.io.orc.OrcInputFormat
                       output format: org.apache.hadoop.hive.ql.io.orc.OrcOutputFormat
@@ -904,19 +904,19 @@ STAGE PLANS:
                 TableScan
                   alias: acid_2l_part
                   filterExpr: (value = 'bar') (type: boolean)
-                  Statistics: Num rows: 4200 Data size: 1171800 Basic stats: COMPLETE Column stats: PARTIAL
+                  Statistics: Num rows: 4200 Data size: 1253037 Basic stats: COMPLETE Column stats: PARTIAL
                   Filter Operator
                     predicate: (value = 'bar') (type: boolean)
-                    Statistics: Num rows: 14 Data size: 3906 Basic stats: COMPLETE Column stats: PARTIAL
+                    Statistics: Num rows: 5 Data size: 1375 Basic stats: COMPLETE Column stats: PARTIAL
                     Select Operator
                       expressions: ROW__ID (type: struct<writeid:bigint,bucketid:int,rowid:bigint>), ds (type: string), hr (type: int)
                       outputColumnNames: _col0, _col1, _col2
-                      Statistics: Num rows: 14 Data size: 3696 Basic stats: COMPLETE Column stats: PARTIAL
+                      Statistics: Num rows: 5 Data size: 1320 Basic stats: COMPLETE Column stats: PARTIAL
                       Reduce Output Operator
                         key expressions: _col0 (type: struct<writeid:bigint,bucketid:int,rowid:bigint>)
                         sort order: +
                         Map-reduce partition columns: UDFToInteger(_col0) (type: int)
-                        Statistics: Num rows: 14 Data size: 3696 Basic stats: COMPLETE Column stats: PARTIAL
+                        Statistics: Num rows: 5 Data size: 1320 Basic stats: COMPLETE Column stats: PARTIAL
                         value expressions: _col1 (type: string), _col2 (type: int)
             Execution mode: llap
             LLAP IO: may be used (ACID table)
@@ -926,10 +926,10 @@ STAGE PLANS:
               Select Operator
                 expressions: KEY.reducesinkkey0 (type: struct<writeid:bigint,bucketid:int,rowid:bigint>), VALUE._col0 (type: string), VALUE._col1 (type: int)
                 outputColumnNames: _col0, _col1, _col2
-                Statistics: Num rows: 14 Data size: 3696 Basic stats: COMPLETE Column stats: PARTIAL
+                Statistics: Num rows: 5 Data size: 1320 Basic stats: COMPLETE Column stats: PARTIAL
                 File Output Operator
                   compressed: false
-                  Statistics: Num rows: 14 Data size: 3696 Basic stats: COMPLETE Column stats: PARTIAL
+                  Statistics: Num rows: 5 Data size: 1320 Basic stats: COMPLETE Column stats: PARTIAL
                   table:
                       input format: org.apache.hadoop.hive.ql.io.orc.OrcInputFormat
                       output format: org.apache.hadoop.hive.ql.io.orc.OrcOutputFormat
diff --git a/ql/src/test/results/clientpositive/llap/tez_nway_join.q.out b/ql/src/test/results/clientpositive/llap/tez_nway_join.q.out
index fab8b52f19..9b9f1573ba 100644
--- a/ql/src/test/results/clientpositive/llap/tez_nway_join.q.out
+++ b/ql/src/test/results/clientpositive/llap/tez_nway_join.q.out
@@ -54,14 +54,14 @@ STAGE PLANS:
                 TableScan
                   alias: a
                   filterExpr: key is not null (type: boolean)
-                  Statistics: Num rows: 3 Data size: 12 Basic stats: COMPLETE Column stats: COMPLETE
+                  Statistics: Num rows: 3 Data size: 12 Basic stats: COMPLETE Column stats: NONE
                   Filter Operator
                     predicate: key is not null (type: boolean)
-                    Statistics: Num rows: 3 Data size: 12 Basic stats: COMPLETE Column stats: COMPLETE
+                    Statistics: Num rows: 3 Data size: 12 Basic stats: COMPLETE Column stats: NONE
                     Select Operator
                       expressions: key (type: int)
                       outputColumnNames: _col0
-                      Statistics: Num rows: 3 Data size: 12 Basic stats: COMPLETE Column stats: COMPLETE
+                      Statistics: Num rows: 3 Data size: 12 Basic stats: COMPLETE Column stats: NONE
                       Map Join Operator
                         condition map:
                              Inner Join 0 to 1
@@ -73,15 +73,15 @@ STAGE PLANS:
                         input vertices:
                           1 Map 3
                           2 Map 4
-                        Statistics: Num rows: 2 Data size: 16 Basic stats: COMPLETE Column stats: COMPLETE
+                        Statistics: Num rows: 6 Data size: 26 Basic stats: COMPLETE Column stats: NONE
                         Group By Operator
                           aggregations: count()
                           mode: hash
                           outputColumnNames: _col0
-                          Statistics: Num rows: 1 Data size: 8 Basic stats: COMPLETE Column stats: COMPLETE
+                          Statistics: Num rows: 1 Data size: 8 Basic stats: COMPLETE Column stats: NONE
                           Reduce Output Operator
                             sort order: 
-                            Statistics: Num rows: 1 Data size: 8 Basic stats: COMPLETE Column stats: COMPLETE
+                            Statistics: Num rows: 1 Data size: 8 Basic stats: COMPLETE Column stats: NONE
                             value expressions: _col0 (type: bigint)
             Execution mode: vectorized, llap
             LLAP IO: all inputs
@@ -90,19 +90,19 @@ STAGE PLANS:
                 TableScan
                   alias: b
                   filterExpr: key is not null (type: boolean)
-                  Statistics: Num rows: 2 Data size: 8 Basic stats: COMPLETE Column stats: COMPLETE
+                  Statistics: Num rows: 2 Data size: 8 Basic stats: COMPLETE Column stats: NONE
                   Filter Operator
                     predicate: key is not null (type: boolean)
-                    Statistics: Num rows: 2 Data size: 8 Basic stats: COMPLETE Column stats: COMPLETE
+                    Statistics: Num rows: 2 Data size: 8 Basic stats: COMPLETE Column stats: NONE
                     Select Operator
                       expressions: key (type: int)
                       outputColumnNames: _col0
-                      Statistics: Num rows: 2 Data size: 8 Basic stats: COMPLETE Column stats: COMPLETE
+                      Statistics: Num rows: 2 Data size: 8 Basic stats: COMPLETE Column stats: NONE
                       Reduce Output Operator
                         key expressions: _col0 (type: int)
                         sort order: +
                         Map-reduce partition columns: _col0 (type: int)
-                        Statistics: Num rows: 2 Data size: 8 Basic stats: COMPLETE Column stats: COMPLETE
+                        Statistics: Num rows: 2 Data size: 8 Basic stats: COMPLETE Column stats: NONE
             Execution mode: vectorized, llap
             LLAP IO: all inputs
         Map 4 
@@ -110,19 +110,19 @@ STAGE PLANS:
                 TableScan
                   alias: c
                   filterExpr: key is not null (type: boolean)
-                  Statistics: Num rows: 2 Data size: 8 Basic stats: COMPLETE Column stats: COMPLETE
+                  Statistics: Num rows: 2 Data size: 8 Basic stats: COMPLETE Column stats: NONE
                   Filter Operator
                     predicate: key is not null (type: boolean)
-                    Statistics: Num rows: 2 Data size: 8 Basic stats: COMPLETE Column stats: COMPLETE
+                    Statistics: Num rows: 2 Data size: 8 Basic stats: COMPLETE Column stats: NONE
                     Select Operator
                       expressions: key (type: int)
                       outputColumnNames: _col0
-                      Statistics: Num rows: 2 Data size: 8 Basic stats: COMPLETE Column stats: COMPLETE
+                      Statistics: Num rows: 2 Data size: 8 Basic stats: COMPLETE Column stats: NONE
                       Reduce Output Operator
                         key expressions: _col0 (type: int)
                         sort order: +
                         Map-reduce partition columns: _col0 (type: int)
-                        Statistics: Num rows: 2 Data size: 8 Basic stats: COMPLETE Column stats: COMPLETE
+                        Statistics: Num rows: 2 Data size: 8 Basic stats: COMPLETE Column stats: NONE
             Execution mode: vectorized, llap
             LLAP IO: all inputs
         Reducer 2 
@@ -132,10 +132,10 @@ STAGE PLANS:
                 aggregations: count(VALUE._col0)
                 mode: mergepartial
                 outputColumnNames: _col0
-                Statistics: Num rows: 1 Data size: 8 Basic stats: COMPLETE Column stats: COMPLETE
+                Statistics: Num rows: 1 Data size: 8 Basic stats: COMPLETE Column stats: NONE
                 File Output Operator
                   compressed: false
-                  Statistics: Num rows: 1 Data size: 8 Basic stats: COMPLETE Column stats: COMPLETE
+                  Statistics: Num rows: 1 Data size: 8 Basic stats: COMPLETE Column stats: NONE
                   table:
                       input format: org.apache.hadoop.mapred.SequenceFileInputFormat
                       output format: org.apache.hadoop.hive.ql.io.HiveSequenceFileOutputFormat
@@ -169,14 +169,14 @@ STAGE PLANS:
                 TableScan
                   alias: a
                   filterExpr: key is not null (type: boolean)
-                  Statistics: Num rows: 3 Data size: 12 Basic stats: COMPLETE Column stats: COMPLETE
+                  Statistics: Num rows: 3 Data size: 12 Basic stats: COMPLETE Column stats: NONE
                   Filter Operator
                     predicate: key is not null (type: boolean)
-                    Statistics: Num rows: 3 Data size: 12 Basic stats: COMPLETE Column stats: COMPLETE
+                    Statistics: Num rows: 3 Data size: 12 Basic stats: COMPLETE Column stats: NONE
                     Select Operator
                       expressions: key (type: int)
                       outputColumnNames: _col0
-                      Statistics: Num rows: 3 Data size: 12 Basic stats: COMPLETE Column stats: COMPLETE
+                      Statistics: Num rows: 3 Data size: 12 Basic stats: COMPLETE Column stats: NONE
                       Map Join Operator
                         condition map:
                              Inner Join 0 to 1
@@ -186,7 +186,7 @@ STAGE PLANS:
                         outputColumnNames: _col0
                         input vertices:
                           1 Map 3
-                        Statistics: Num rows: 2 Data size: 8 Basic stats: COMPLETE Column stats: COMPLETE
+                        Statistics: Num rows: 3 Data size: 13 Basic stats: COMPLETE Column stats: NONE
                         Map Join Operator
                           condition map:
                                Inner Join 0 to 1
@@ -195,15 +195,15 @@ STAGE PLANS:
                             1 _col0 (type: int)
                           input vertices:
                             1 Map 4
-                          Statistics: Num rows: 2 Data size: 16 Basic stats: COMPLETE Column stats: COMPLETE
+                          Statistics: Num rows: 3 Data size: 14 Basic stats: COMPLETE Column stats: NONE
                           Group By Operator
                             aggregations: count()
                             mode: hash
                             outputColumnNames: _col0
-                            Statistics: Num rows: 1 Data size: 8 Basic stats: COMPLETE Column stats: COMPLETE
+                            Statistics: Num rows: 1 Data size: 8 Basic stats: COMPLETE Column stats: NONE
                             Reduce Output Operator
                               sort order: 
-                              Statistics: Num rows: 1 Data size: 8 Basic stats: COMPLETE Column stats: COMPLETE
+                              Statistics: Num rows: 1 Data size: 8 Basic stats: COMPLETE Column stats: NONE
                               value expressions: _col0 (type: bigint)
             Execution mode: vectorized, llap
             LLAP IO: all inputs
@@ -212,19 +212,19 @@ STAGE PLANS:
                 TableScan
                   alias: b
                   filterExpr: key is not null (type: boolean)
-                  Statistics: Num rows: 2 Data size: 8 Basic stats: COMPLETE Column stats: COMPLETE
+                  Statistics: Num rows: 2 Data size: 8 Basic stats: COMPLETE Column stats: NONE
                   Filter Operator
                     predicate: key is not null (type: boolean)
-                    Statistics: Num rows: 2 Data size: 8 Basic stats: COMPLETE Column stats: COMPLETE
+                    Statistics: Num rows: 2 Data size: 8 Basic stats: COMPLETE Column stats: NONE
                     Select Operator
                       expressions: key (type: int)
                       outputColumnNames: _col0
-                      Statistics: Num rows: 2 Data size: 8 Basic stats: COMPLETE Column stats: COMPLETE
+                      Statistics: Num rows: 2 Data size: 8 Basic stats: COMPLETE Column stats: NONE
                       Reduce Output Operator
                         key expressions: _col0 (type: int)
                         sort order: +
                         Map-reduce partition columns: _col0 (type: int)
-                        Statistics: Num rows: 2 Data size: 8 Basic stats: COMPLETE Column stats: COMPLETE
+                        Statistics: Num rows: 2 Data size: 8 Basic stats: COMPLETE Column stats: NONE
             Execution mode: vectorized, llap
             LLAP IO: all inputs
         Map 4 
@@ -232,19 +232,19 @@ STAGE PLANS:
                 TableScan
                   alias: c
                   filterExpr: key is not null (type: boolean)
-                  Statistics: Num rows: 2 Data size: 8 Basic stats: COMPLETE Column stats: COMPLETE
+                  Statistics: Num rows: 2 Data size: 8 Basic stats: COMPLETE Column stats: NONE
                   Filter Operator
                     predicate: key is not null (type: boolean)
-                    Statistics: Num rows: 2 Data size: 8 Basic stats: COMPLETE Column stats: COMPLETE
+                    Statistics: Num rows: 2 Data size: 8 Basic stats: COMPLETE Column stats: NONE
                     Select Operator
                       expressions: key (type: int)
                       outputColumnNames: _col0
-                      Statistics: Num rows: 2 Data size: 8 Basic stats: COMPLETE Column stats: COMPLETE
+                      Statistics: Num rows: 2 Data size: 8 Basic stats: COMPLETE Column stats: NONE
                       Reduce Output Operator
                         key expressions: _col0 (type: int)
                         sort order: +
                         Map-reduce partition columns: _col0 (type: int)
-                        Statistics: Num rows: 2 Data size: 8 Basic stats: COMPLETE Column stats: COMPLETE
+                        Statistics: Num rows: 2 Data size: 8 Basic stats: COMPLETE Column stats: NONE
             Execution mode: vectorized, llap
             LLAP IO: all inputs
         Reducer 2 
@@ -254,10 +254,10 @@ STAGE PLANS:
                 aggregations: count(VALUE._col0)
                 mode: mergepartial
                 outputColumnNames: _col0
-                Statistics: Num rows: 1 Data size: 8 Basic stats: COMPLETE Column stats: COMPLETE
+                Statistics: Num rows: 1 Data size: 8 Basic stats: COMPLETE Column stats: NONE
                 File Output Operator
                   compressed: false
-                  Statistics: Num rows: 1 Data size: 8 Basic stats: COMPLETE Column stats: COMPLETE
+                  Statistics: Num rows: 1 Data size: 8 Basic stats: COMPLETE Column stats: NONE
                   table:
                       input format: org.apache.hadoop.mapred.SequenceFileInputFormat
                       output format: org.apache.hadoop.hive.ql.io.HiveSequenceFileOutputFormat
@@ -312,48 +312,48 @@ STAGE PLANS:
             Map Operator Tree:
                 TableScan
                   alias: a
-                  Statistics: Num rows: 3 Data size: 12 Basic stats: COMPLETE Column stats: COMPLETE
+                  Statistics: Num rows: 3 Data size: 12 Basic stats: COMPLETE Column stats: NONE
                   Select Operator
                     expressions: key (type: int)
                     outputColumnNames: _col0
-                    Statistics: Num rows: 3 Data size: 12 Basic stats: COMPLETE Column stats: COMPLETE
+                    Statistics: Num rows: 3 Data size: 12 Basic stats: COMPLETE Column stats: NONE
                     Reduce Output Operator
                       key expressions: _col0 (type: int)
                       sort order: +
                       Map-reduce partition columns: _col0 (type: int)
-                      Statistics: Num rows: 3 Data size: 12 Basic stats: COMPLETE Column stats: COMPLETE
+                      Statistics: Num rows: 3 Data size: 12 Basic stats: COMPLETE Column stats: NONE
             Execution mode: vectorized, llap
             LLAP IO: all inputs
         Map 4 
             Map Operator Tree:
                 TableScan
                   alias: b
-                  Statistics: Num rows: 2 Data size: 8 Basic stats: COMPLETE Column stats: COMPLETE
+                  Statistics: Num rows: 2 Data size: 8 Basic stats: COMPLETE Column stats: NONE
                   Select Operator
                     expressions: key (type: int)
                     outputColumnNames: _col0
-                    Statistics: Num rows: 2 Data size: 8 Basic stats: COMPLETE Column stats: COMPLETE
+                    Statistics: Num rows: 2 Data size: 8 Basic stats: COMPLETE Column stats: NONE
                     Reduce Output Operator
                       key expressions: _col0 (type: int)
                       sort order: +
                       Map-reduce partition columns: _col0 (type: int)
-                      Statistics: Num rows: 2 Data size: 8 Basic stats: COMPLETE Column stats: COMPLETE
+                      Statistics: Num rows: 2 Data size: 8 Basic stats: COMPLETE Column stats: NONE
             Execution mode: vectorized, llap
             LLAP IO: all inputs
         Map 5 
             Map Operator Tree:
                 TableScan
                   alias: c
-                  Statistics: Num rows: 2 Data size: 8 Basic stats: COMPLETE Column stats: COMPLETE
+                  Statistics: Num rows: 2 Data size: 8 Basic stats: COMPLETE Column stats: NONE
                   Select Operator
                     expressions: key (type: int)
                     outputColumnNames: _col0
-                    Statistics: Num rows: 2 Data size: 8 Basic stats: COMPLETE Column stats: COMPLETE
+                    Statistics: Num rows: 2 Data size: 8 Basic stats: COMPLETE Column stats: NONE
                     Reduce Output Operator
                       key expressions: _col0 (type: int)
                       sort order: +
                       Map-reduce partition columns: _col0 (type: int)
-                      Statistics: Num rows: 2 Data size: 8 Basic stats: COMPLETE Column stats: COMPLETE
+                      Statistics: Num rows: 2 Data size: 8 Basic stats: COMPLETE Column stats: NONE
             Execution mode: vectorized, llap
             LLAP IO: all inputs
         Reducer 2 
@@ -367,15 +367,15 @@ STAGE PLANS:
                   0 _col0 (type: int)
                   1 _col0 (type: int)
                   2 _col0 (type: int)
-                Statistics: Num rows: 2 Data size: 16 Basic stats: COMPLETE Column stats: COMPLETE
+                Statistics: Num rows: 6 Data size: 26 Basic stats: COMPLETE Column stats: NONE
                 Group By Operator
                   aggregations: count()
                   mode: hash
                   outputColumnNames: _col0
-                  Statistics: Num rows: 1 Data size: 8 Basic stats: COMPLETE Column stats: COMPLETE
+                  Statistics: Num rows: 1 Data size: 8 Basic stats: COMPLETE Column stats: NONE
                   Reduce Output Operator
                     sort order: 
-                    Statistics: Num rows: 1 Data size: 8 Basic stats: COMPLETE Column stats: COMPLETE
+                    Statistics: Num rows: 1 Data size: 8 Basic stats: COMPLETE Column stats: NONE
                     value expressions: _col0 (type: bigint)
         Reducer 3 
             Execution mode: vectorized, llap
@@ -384,10 +384,10 @@ STAGE PLANS:
                 aggregations: count(VALUE._col0)
                 mode: mergepartial
                 outputColumnNames: _col0
-                Statistics: Num rows: 1 Data size: 8 Basic stats: COMPLETE Column stats: COMPLETE
+                Statistics: Num rows: 1 Data size: 8 Basic stats: COMPLETE Column stats: NONE
                 File Output Operator
                   compressed: false
-                  Statistics: Num rows: 1 Data size: 8 Basic stats: COMPLETE Column stats: COMPLETE
+                  Statistics: Num rows: 1 Data size: 8 Basic stats: COMPLETE Column stats: NONE
                   table:
                       input format: org.apache.hadoop.mapred.SequenceFileInputFormat
                       output format: org.apache.hadoop.hive.ql.io.HiveSequenceFileOutputFormat
@@ -420,11 +420,11 @@ STAGE PLANS:
             Map Operator Tree:
                 TableScan
                   alias: a
-                  Statistics: Num rows: 3 Data size: 12 Basic stats: COMPLETE Column stats: COMPLETE
+                  Statistics: Num rows: 3 Data size: 12 Basic stats: COMPLETE Column stats: NONE
                   Select Operator
                     expressions: key (type: int)
                     outputColumnNames: _col0
-                    Statistics: Num rows: 3 Data size: 12 Basic stats: COMPLETE Column stats: COMPLETE
+                    Statistics: Num rows: 3 Data size: 12 Basic stats: COMPLETE Column stats: NONE
                     Map Join Operator
                       condition map:
                            Left Outer Join 0 to 1
@@ -434,7 +434,7 @@ STAGE PLANS:
                       outputColumnNames: _col0
                       input vertices:
                         1 Map 3
-                      Statistics: Num rows: 3 Data size: 12 Basic stats: COMPLETE Column stats: COMPLETE
+                      Statistics: Num rows: 3 Data size: 13 Basic stats: COMPLETE Column stats: NONE
                       Map Join Operator
                         condition map:
                              Left Outer Join 0 to 1
@@ -443,15 +443,15 @@ STAGE PLANS:
                           1 _col0 (type: int)
                         input vertices:
                           1 Map 4
-                        Statistics: Num rows: 3 Data size: 24 Basic stats: COMPLETE Column stats: COMPLETE
+                        Statistics: Num rows: 3 Data size: 14 Basic stats: COMPLETE Column stats: NONE
                         Group By Operator
                           aggregations: count()
                           mode: hash
                           outputColumnNames: _col0
-                          Statistics: Num rows: 1 Data size: 8 Basic stats: COMPLETE Column stats: COMPLETE
+                          Statistics: Num rows: 1 Data size: 8 Basic stats: COMPLETE Column stats: NONE
                           Reduce Output Operator
                             sort order: 
-                            Statistics: Num rows: 1 Data size: 8 Basic stats: COMPLETE Column stats: COMPLETE
+                            Statistics: Num rows: 1 Data size: 8 Basic stats: COMPLETE Column stats: NONE
                             value expressions: _col0 (type: bigint)
             Execution mode: vectorized, llap
             LLAP IO: all inputs
@@ -459,32 +459,32 @@ STAGE PLANS:
             Map Operator Tree:
                 TableScan
                   alias: b
-                  Statistics: Num rows: 2 Data size: 8 Basic stats: COMPLETE Column stats: COMPLETE
+                  Statistics: Num rows: 2 Data size: 8 Basic stats: COMPLETE Column stats: NONE
                   Select Operator
                     expressions: key (type: int)
                     outputColumnNames: _col0
-                    Statistics: Num rows: 2 Data size: 8 Basic stats: COMPLETE Column stats: COMPLETE
+                    Statistics: Num rows: 2 Data size: 8 Basic stats: COMPLETE Column stats: NONE
                     Reduce Output Operator
                       key expressions: _col0 (type: int)
                       sort order: +
                       Map-reduce partition columns: _col0 (type: int)
-                      Statistics: Num rows: 2 Data size: 8 Basic stats: COMPLETE Column stats: COMPLETE
+                      Statistics: Num rows: 2 Data size: 8 Basic stats: COMPLETE Column stats: NONE
             Execution mode: vectorized, llap
             LLAP IO: all inputs
         Map 4 
             Map Operator Tree:
                 TableScan
                   alias: c
-                  Statistics: Num rows: 2 Data size: 8 Basic stats: COMPLETE Column stats: COMPLETE
+                  Statistics: Num rows: 2 Data size: 8 Basic stats: COMPLETE Column stats: NONE
                   Select Operator
                     expressions: key (type: int)
                     outputColumnNames: _col0
-                    Statistics: Num rows: 2 Data size: 8 Basic stats: COMPLETE Column stats: COMPLETE
+                    Statistics: Num rows: 2 Data size: 8 Basic stats: COMPLETE Column stats: NONE
                     Reduce Output Operator
                       key expressions: _col0 (type: int)
                       sort order: +
                       Map-reduce partition columns: _col0 (type: int)
-                      Statistics: Num rows: 2 Data size: 8 Basic stats: COMPLETE Column stats: COMPLETE
+                      Statistics: Num rows: 2 Data size: 8 Basic stats: COMPLETE Column stats: NONE
             Execution mode: vectorized, llap
             LLAP IO: all inputs
         Reducer 2 
@@ -494,10 +494,10 @@ STAGE PLANS:
                 aggregations: count(VALUE._col0)
                 mode: mergepartial
                 outputColumnNames: _col0
-                Statistics: Num rows: 1 Data size: 8 Basic stats: COMPLETE Column stats: COMPLETE
+                Statistics: Num rows: 1 Data size: 8 Basic stats: COMPLETE Column stats: NONE
                 File Output Operator
                   compressed: false
-                  Statistics: Num rows: 1 Data size: 8 Basic stats: COMPLETE Column stats: COMPLETE
+                  Statistics: Num rows: 1 Data size: 8 Basic stats: COMPLETE Column stats: NONE
                   table:
                       input format: org.apache.hadoop.mapred.SequenceFileInputFormat
                       output format: org.apache.hadoop.hive.ql.io.HiveSequenceFileOutputFormat
diff --git a/ql/src/test/results/clientpositive/llap/vector_if_expr_2.q.out b/ql/src/test/results/clientpositive/llap/vector_if_expr_2.q.out
index ddcd2a0b66..f50fe2deb9 100644
--- a/ql/src/test/results/clientpositive/llap/vector_if_expr_2.q.out
+++ b/ql/src/test/results/clientpositive/llap/vector_if_expr_2.q.out
@@ -46,7 +46,7 @@ STAGE PLANS:
             Map Operator Tree:
                 TableScan
                   alias: foo
-                  Statistics: Num rows: 3 Data size: 24 Basic stats: COMPLETE Column stats: COMPLETE
+                  Statistics: Num rows: 3 Data size: 24 Basic stats: COMPLETE Column stats: NONE
                   TableScan Vectorization:
                       native: true
                   Select Operator
@@ -57,7 +57,7 @@ STAGE PLANS:
                         native: true
                         projectedOutputColumnNums: [0, 4]
                         selectExpressions: IfExprLongColumnLongScalar(col 3:boolean, col 1:int, val 0)(children: LongColGreaterLongScalar(col 0:int, val 0) -> 3:boolean) -> 4:int
-                    Statistics: Num rows: 3 Data size: 24 Basic stats: COMPLETE Column stats: COMPLETE
+                    Statistics: Num rows: 3 Data size: 24 Basic stats: COMPLETE Column stats: NONE
                     Reduce Output Operator
                       key expressions: _col0 (type: int)
                       sort order: +
@@ -65,7 +65,7 @@ STAGE PLANS:
                           className: VectorReduceSinkObjectHashOperator
                           native: true
                           nativeConditionsMet: hive.vectorized.execution.reducesink.new.enabled IS true, hive.execution.engine tez IN [tez, spark] IS true, No PTF TopN IS true, No DISTINCT columns IS true, BinarySortableSerDe for keys IS true, LazyBinarySerDe for values IS true
-                      Statistics: Num rows: 3 Data size: 24 Basic stats: COMPLETE Column stats: COMPLETE
+                      Statistics: Num rows: 3 Data size: 24 Basic stats: COMPLETE Column stats: NONE
                       value expressions: _col1 (type: int)
             Execution mode: vectorized, llap
             LLAP IO: all inputs
@@ -94,13 +94,13 @@ STAGE PLANS:
                     className: VectorSelectOperator
                     native: true
                     projectedOutputColumnNums: [0, 1]
-                Statistics: Num rows: 3 Data size: 24 Basic stats: COMPLETE Column stats: COMPLETE
+                Statistics: Num rows: 3 Data size: 24 Basic stats: COMPLETE Column stats: NONE
                 File Output Operator
                   compressed: false
                   File Sink Vectorization:
                       className: VectorFileSinkOperator
                       native: false
-                  Statistics: Num rows: 3 Data size: 24 Basic stats: COMPLETE Column stats: COMPLETE
+                  Statistics: Num rows: 3 Data size: 24 Basic stats: COMPLETE Column stats: NONE
                   table:
                       input format: org.apache.hadoop.mapred.SequenceFileInputFormat
                       output format: org.apache.hadoop.hive.ql.io.HiveSequenceFileOutputFormat
diff --git a/ql/src/test/results/clientpositive/llap/vector_like_2.q.out b/ql/src/test/results/clientpositive/llap/vector_like_2.q.out
index f3ec37a59c..849d6c69fc 100644
--- a/ql/src/test/results/clientpositive/llap/vector_like_2.q.out
+++ b/ql/src/test/results/clientpositive/llap/vector_like_2.q.out
@@ -45,7 +45,7 @@ STAGE PLANS:
             Map Operator Tree:
                 TableScan
                   alias: foo
-                  Statistics: Num rows: 3 Data size: 267 Basic stats: COMPLETE Column stats: COMPLETE
+                  Statistics: Num rows: 3 Data size: 552 Basic stats: COMPLETE Column stats: NONE
                   TableScan Vectorization:
                       native: true
                       vectorizationSchemaColumns: [0:a:string, 1:ROW__ID:struct<writeid:bigint,bucketid:int,rowid:bigint>]
@@ -57,7 +57,7 @@ STAGE PLANS:
                         native: true
                         projectedOutputColumnNums: [0, 2]
                         selectExpressions: SelectStringColLikeStringScalar(col 0:string) -> 2:boolean
-                    Statistics: Num rows: 3 Data size: 279 Basic stats: COMPLETE Column stats: COMPLETE
+                    Statistics: Num rows: 3 Data size: 552 Basic stats: COMPLETE Column stats: NONE
                     Reduce Output Operator
                       key expressions: _col0 (type: string)
                       sort order: +
@@ -67,7 +67,7 @@ STAGE PLANS:
                           native: true
                           nativeConditionsMet: hive.vectorized.execution.reducesink.new.enabled IS true, hive.execution.engine tez IN [tez, spark] IS true, No PTF TopN IS true, No DISTINCT columns IS true, BinarySortableSerDe for keys IS true, LazyBinarySerDe for values IS true
                           valueColumnNums: [2]
-                      Statistics: Num rows: 3 Data size: 279 Basic stats: COMPLETE Column stats: COMPLETE
+                      Statistics: Num rows: 3 Data size: 552 Basic stats: COMPLETE Column stats: NONE
                       value expressions: _col1 (type: boolean)
             Execution mode: vectorized, llap
             LLAP IO: all inputs
@@ -109,13 +109,13 @@ STAGE PLANS:
                     className: VectorSelectOperator
                     native: true
                     projectedOutputColumnNums: [0, 1]
-                Statistics: Num rows: 3 Data size: 279 Basic stats: COMPLETE Column stats: COMPLETE
+                Statistics: Num rows: 3 Data size: 552 Basic stats: COMPLETE Column stats: NONE
                 File Output Operator
                   compressed: false
                   File Sink Vectorization:
                       className: VectorFileSinkOperator
                       native: false
-                  Statistics: Num rows: 3 Data size: 279 Basic stats: COMPLETE Column stats: COMPLETE
+                  Statistics: Num rows: 3 Data size: 552 Basic stats: COMPLETE Column stats: NONE
                   table:
                       input format: org.apache.hadoop.mapred.SequenceFileInputFormat
                       output format: org.apache.hadoop.hive.ql.io.HiveSequenceFileOutputFormat
diff --git a/ql/src/test/results/clientpositive/llap/vector_udf2.q.out b/ql/src/test/results/clientpositive/llap/vector_udf2.q.out
index d1f09123eb..46ddb42400 100644
--- a/ql/src/test/results/clientpositive/llap/vector_udf2.q.out
+++ b/ql/src/test/results/clientpositive/llap/vector_udf2.q.out
@@ -179,7 +179,7 @@ STAGE PLANS:
                 TableScan
                   alias: hive_14349
                   filterExpr: (a like 'XYZ%a%') (type: boolean)
-                  Statistics: Num rows: 2 Data size: 180 Basic stats: COMPLETE Column stats: COMPLETE
+                  Statistics: Num rows: 2 Data size: 368 Basic stats: COMPLETE Column stats: NONE
                   TableScan Vectorization:
                       native: true
                   Filter Operator
@@ -188,7 +188,7 @@ STAGE PLANS:
                         native: true
                         predicateExpression: FilterStringColLikeStringScalar(col 0:string, pattern XYZ%a%)
                     predicate: (a like 'XYZ%a%') (type: boolean)
-                    Statistics: Num rows: 1 Data size: 90 Basic stats: COMPLETE Column stats: COMPLETE
+                    Statistics: Num rows: 1 Data size: 184 Basic stats: COMPLETE Column stats: NONE
                     Select Operator
                       expressions: a (type: string)
                       outputColumnNames: _col0
@@ -196,13 +196,13 @@ STAGE PLANS:
                           className: VectorSelectOperator
                           native: true
                           projectedOutputColumnNums: [0]
-                      Statistics: Num rows: 1 Data size: 90 Basic stats: COMPLETE Column stats: COMPLETE
+                      Statistics: Num rows: 1 Data size: 184 Basic stats: COMPLETE Column stats: NONE
                       File Output Operator
                         compressed: false
                         File Sink Vectorization:
                             className: VectorFileSinkOperator
                             native: false
-                        Statistics: Num rows: 1 Data size: 90 Basic stats: COMPLETE Column stats: COMPLETE
+                        Statistics: Num rows: 1 Data size: 184 Basic stats: COMPLETE Column stats: NONE
                         table:
                             input format: org.apache.hadoop.mapred.SequenceFileInputFormat
                             output format: org.apache.hadoop.hive.ql.io.HiveSequenceFileOutputFormat
@@ -267,7 +267,7 @@ STAGE PLANS:
                 TableScan
                   alias: hive_14349
                   filterExpr: (a like 'XYZ%a_') (type: boolean)
-                  Statistics: Num rows: 6 Data size: 552 Basic stats: COMPLETE Column stats: COMPLETE
+                  Statistics: Num rows: 6 Data size: 1104 Basic stats: COMPLETE Column stats: NONE
                   TableScan Vectorization:
                       native: true
                   Filter Operator
@@ -276,7 +276,7 @@ STAGE PLANS:
                         native: true
                         predicateExpression: FilterStringColLikeStringScalar(col 0:string, pattern XYZ%a_)
                     predicate: (a like 'XYZ%a_') (type: boolean)
-                    Statistics: Num rows: 3 Data size: 276 Basic stats: COMPLETE Column stats: COMPLETE
+                    Statistics: Num rows: 3 Data size: 552 Basic stats: COMPLETE Column stats: NONE
                     Select Operator
                       expressions: a (type: string)
                       outputColumnNames: _col0
@@ -284,13 +284,13 @@ STAGE PLANS:
                           className: VectorSelectOperator
                           native: true
                           projectedOutputColumnNums: [0]
-                      Statistics: Num rows: 3 Data size: 276 Basic stats: COMPLETE Column stats: COMPLETE
+                      Statistics: Num rows: 3 Data size: 552 Basic stats: COMPLETE Column stats: NONE
                       File Output Operator
                         compressed: false
                         File Sink Vectorization:
                             className: VectorFileSinkOperator
                             native: false
-                        Statistics: Num rows: 3 Data size: 276 Basic stats: COMPLETE Column stats: COMPLETE
+                        Statistics: Num rows: 3 Data size: 552 Basic stats: COMPLETE Column stats: NONE
                         table:
                             input format: org.apache.hadoop.mapred.SequenceFileInputFormat
                             output format: org.apache.hadoop.hive.ql.io.HiveSequenceFileOutputFormat
diff --git a/ql/src/test/results/clientpositive/llap/vectorized_mapjoin3.q.out b/ql/src/test/results/clientpositive/llap/vectorized_mapjoin3.q.out
index 688134821d..6b945a6eb0 100644
--- a/ql/src/test/results/clientpositive/llap/vectorized_mapjoin3.q.out
+++ b/ql/src/test/results/clientpositive/llap/vectorized_mapjoin3.q.out
@@ -120,7 +120,7 @@ STAGE PLANS:
                 TableScan
                   alias: t1
                   filterExpr: (decimal0801_col is not null and int_col_1 is not null) (type: boolean)
-                  Statistics: Num rows: 5 Data size: 580 Basic stats: COMPLETE Column stats: COMPLETE
+                  Statistics: Num rows: 5 Data size: 580 Basic stats: COMPLETE Column stats: NONE
                   TableScan Vectorization:
                       native: true
                       vectorizationSchemaColumns: [0:decimal0801_col:decimal(8,1)/DECIMAL_64, 1:int_col_1:int, 2:ROW__ID:struct<writeid:bigint,bucketid:int,rowid:bigint>]
@@ -130,7 +130,7 @@ STAGE PLANS:
                         native: true
                         predicateExpression: FilterExprAndExpr(children: SelectColumnIsNotNull(col 0:decimal(8,1)/DECIMAL_64), SelectColumnIsNotNull(col 1:int))
                     predicate: (decimal0801_col is not null and int_col_1 is not null) (type: boolean)
-                    Statistics: Num rows: 4 Data size: 464 Basic stats: COMPLETE Column stats: COMPLETE
+                    Statistics: Num rows: 5 Data size: 580 Basic stats: COMPLETE Column stats: NONE
                     Select Operator
                       expressions: decimal0801_col (type: decimal(8,1)), int_col_1 (type: int)
                       outputColumnNames: _col0, _col1
@@ -138,7 +138,7 @@ STAGE PLANS:
                           className: VectorSelectOperator
                           native: true
                           projectedOutputColumnNums: [0, 1]
-                      Statistics: Num rows: 4 Data size: 464 Basic stats: COMPLETE Column stats: COMPLETE
+                      Statistics: Num rows: 5 Data size: 580 Basic stats: COMPLETE Column stats: NONE
                       Map Join Operator
                         condition map:
                              Inner Join 0 to 1
@@ -156,13 +156,13 @@ STAGE PLANS:
                         outputColumnNames: _col0
                         input vertices:
                           1 Reducer 3
-                        Statistics: Num rows: 1 Data size: 112 Basic stats: COMPLETE Column stats: COMPLETE
+                        Statistics: Num rows: 5 Data size: 638 Basic stats: COMPLETE Column stats: NONE
                         File Output Operator
                           compressed: false
                           File Sink Vectorization:
                               className: VectorFileSinkOperator
                               native: false
-                          Statistics: Num rows: 1 Data size: 112 Basic stats: COMPLETE Column stats: COMPLETE
+                          Statistics: Num rows: 5 Data size: 638 Basic stats: COMPLETE Column stats: NONE
                           table:
                               input format: org.apache.hadoop.mapred.SequenceFileInputFormat
                               output format: org.apache.hadoop.hive.ql.io.HiveSequenceFileOutputFormat
@@ -188,7 +188,7 @@ STAGE PLANS:
             Map Operator Tree:
                 TableScan
                   alias: tt1
-                  Statistics: Num rows: 1 Data size: 4 Basic stats: COMPLETE Column stats: COMPLETE
+                  Statistics: Num rows: 1 Data size: 4 Basic stats: COMPLETE Column stats: NONE
                   TableScan Vectorization:
                       native: true
                       vectorizationSchemaColumns: [0:int_col_0:int, 1:ROW__ID:struct<writeid:bigint,bucketid:int,rowid:bigint>]
@@ -199,7 +199,7 @@ STAGE PLANS:
                         className: VectorSelectOperator
                         native: true
                         projectedOutputColumnNums: [0]
-                    Statistics: Num rows: 1 Data size: 4 Basic stats: COMPLETE Column stats: COMPLETE
+                    Statistics: Num rows: 1 Data size: 4 Basic stats: COMPLETE Column stats: NONE
                     Group By Operator
                       aggregations: max(int_col_0)
                       Group By Vectorization:
@@ -211,7 +211,7 @@ STAGE PLANS:
                           projectedOutputColumnNums: [0]
                       mode: hash
                       outputColumnNames: _col0
-                      Statistics: Num rows: 1 Data size: 4 Basic stats: COMPLETE Column stats: COMPLETE
+                      Statistics: Num rows: 1 Data size: 8 Basic stats: COMPLETE Column stats: NONE
                       Reduce Output Operator
                         sort order: 
                         Reduce Sink Vectorization:
@@ -220,7 +220,7 @@ STAGE PLANS:
                             native: true
                             nativeConditionsMet: hive.vectorized.execution.reducesink.new.enabled IS true, hive.execution.engine tez IN [tez, spark] IS true, No PTF TopN IS true, No DISTINCT columns IS true, BinarySortableSerDe for keys IS true, LazyBinarySerDe for values IS true
                             valueColumnNums: [0]
-                        Statistics: Num rows: 1 Data size: 4 Basic stats: COMPLETE Column stats: COMPLETE
+                        Statistics: Num rows: 1 Data size: 8 Basic stats: COMPLETE Column stats: NONE
                         value expressions: _col0 (type: int)
             Execution mode: vectorized, llap
             LLAP IO: all inputs
@@ -266,14 +266,14 @@ STAGE PLANS:
                     projectedOutputColumnNums: [0]
                 mode: mergepartial
                 outputColumnNames: _col0
-                Statistics: Num rows: 1 Data size: 4 Basic stats: COMPLETE Column stats: COMPLETE
+                Statistics: Num rows: 1 Data size: 8 Basic stats: COMPLETE Column stats: NONE
                 Filter Operator
                   Filter Vectorization:
                       className: VectorFilterOperator
                       native: true
                       predicateExpression: SelectColumnIsNotNull(col 0:int)
                   predicate: _col0 is not null (type: boolean)
-                  Statistics: Num rows: 1 Data size: 4 Basic stats: COMPLETE Column stats: COMPLETE
+                  Statistics: Num rows: 1 Data size: 8 Basic stats: COMPLETE Column stats: NONE
                   Reduce Output Operator
                     key expressions: _col0 (type: int)
                     sort order: +
@@ -284,7 +284,7 @@ STAGE PLANS:
                         native: true
                         nativeConditionsMet: hive.vectorized.execution.reducesink.new.enabled IS true, hive.execution.engine tez IN [tez, spark] IS true, No PTF TopN IS true, No DISTINCT columns IS true, BinarySortableSerDe for keys IS true, LazyBinarySerDe for values IS true
                         valueColumnNums: []
-                    Statistics: Num rows: 1 Data size: 4 Basic stats: COMPLETE Column stats: COMPLETE
+                    Statistics: Num rows: 1 Data size: 8 Basic stats: COMPLETE Column stats: NONE
 
   Stage: Stage-0
     Fetch Operator
@@ -324,7 +324,7 @@ STAGE PLANS:
                 TableScan
                   alias: t1
                   filterExpr: (int_col_1 is not null and decimal0801_col is not null) (type: boolean)
-                  Statistics: Num rows: 5 Data size: 580 Basic stats: COMPLETE Column stats: COMPLETE
+                  Statistics: Num rows: 5 Data size: 580 Basic stats: COMPLETE Column stats: NONE
                   TableScan Vectorization:
                       native: true
                       vectorizationSchemaColumns: [0:decimal0801_col:decimal(8,1)/DECIMAL_64, 1:int_col_1:int, 2:ROW__ID:struct<writeid:bigint,bucketid:int,rowid:bigint>]
@@ -334,7 +334,7 @@ STAGE PLANS:
                         native: true
                         predicateExpression: FilterExprAndExpr(children: SelectColumnIsNotNull(col 1:int), SelectColumnIsNotNull(col 0:decimal(8,1)/DECIMAL_64))
                     predicate: (decimal0801_col is not null and int_col_1 is not null) (type: boolean)
-                    Statistics: Num rows: 4 Data size: 464 Basic stats: COMPLETE Column stats: COMPLETE
+                    Statistics: Num rows: 5 Data size: 580 Basic stats: COMPLETE Column stats: NONE
                     Select Operator
                       expressions: decimal0801_col (type: decimal(8,1)), int_col_1 (type: int)
                       outputColumnNames: _col0, _col1
@@ -342,7 +342,7 @@ STAGE PLANS:
                           className: VectorSelectOperator
                           native: true
                           projectedOutputColumnNums: [0, 1]
-                      Statistics: Num rows: 4 Data size: 464 Basic stats: COMPLETE Column stats: COMPLETE
+                      Statistics: Num rows: 5 Data size: 580 Basic stats: COMPLETE Column stats: NONE
                       Map Join Operator
                         condition map:
                              Inner Join 0 to 1
@@ -360,13 +360,13 @@ STAGE PLANS:
                         outputColumnNames: _col0
                         input vertices:
                           1 Reducer 3
-                        Statistics: Num rows: 1 Data size: 112 Basic stats: COMPLETE Column stats: COMPLETE
+                        Statistics: Num rows: 5 Data size: 638 Basic stats: COMPLETE Column stats: NONE
                         File Output Operator
                           compressed: false
                           File Sink Vectorization:
                               className: VectorFileSinkOperator
                               native: false
-                          Statistics: Num rows: 1 Data size: 112 Basic stats: COMPLETE Column stats: COMPLETE
+                          Statistics: Num rows: 5 Data size: 638 Basic stats: COMPLETE Column stats: NONE
                           table:
                               input format: org.apache.hadoop.mapred.SequenceFileInputFormat
                               output format: org.apache.hadoop.hive.ql.io.HiveSequenceFileOutputFormat
@@ -392,7 +392,7 @@ STAGE PLANS:
             Map Operator Tree:
                 TableScan
                   alias: tt1
-                  Statistics: Num rows: 1 Data size: 4 Basic stats: COMPLETE Column stats: COMPLETE
+                  Statistics: Num rows: 1 Data size: 4 Basic stats: COMPLETE Column stats: NONE
                   TableScan Vectorization:
                       native: true
                       vectorizationSchemaColumns: [0:int_col_0:int, 1:ROW__ID:struct<writeid:bigint,bucketid:int,rowid:bigint>]
@@ -403,7 +403,7 @@ STAGE PLANS:
                         className: VectorSelectOperator
                         native: true
                         projectedOutputColumnNums: [0]
-                    Statistics: Num rows: 1 Data size: 4 Basic stats: COMPLETE Column stats: COMPLETE
+                    Statistics: Num rows: 1 Data size: 4 Basic stats: COMPLETE Column stats: NONE
                     Group By Operator
                       aggregations: max(int_col_0)
                       Group By Vectorization:
@@ -415,7 +415,7 @@ STAGE PLANS:
                           projectedOutputColumnNums: [0]
                       mode: hash
                       outputColumnNames: _col0
-                      Statistics: Num rows: 1 Data size: 4 Basic stats: COMPLETE Column stats: COMPLETE
+                      Statistics: Num rows: 1 Data size: 8 Basic stats: COMPLETE Column stats: NONE
                       Reduce Output Operator
                         sort order: 
                         Reduce Sink Vectorization:
@@ -424,7 +424,7 @@ STAGE PLANS:
                             native: true
                             nativeConditionsMet: hive.vectorized.execution.reducesink.new.enabled IS true, hive.execution.engine tez IN [tez, spark] IS true, No PTF TopN IS true, No DISTINCT columns IS true, BinarySortableSerDe for keys IS true, LazyBinarySerDe for values IS true
                             valueColumnNums: [0]
-                        Statistics: Num rows: 1 Data size: 4 Basic stats: COMPLETE Column stats: COMPLETE
+                        Statistics: Num rows: 1 Data size: 8 Basic stats: COMPLETE Column stats: NONE
                         value expressions: _col0 (type: int)
             Execution mode: vectorized, llap
             LLAP IO: all inputs
@@ -470,14 +470,14 @@ STAGE PLANS:
                     projectedOutputColumnNums: [0]
                 mode: mergepartial
                 outputColumnNames: _col0
-                Statistics: Num rows: 1 Data size: 4 Basic stats: COMPLETE Column stats: COMPLETE
+                Statistics: Num rows: 1 Data size: 8 Basic stats: COMPLETE Column stats: NONE
                 Filter Operator
                   Filter Vectorization:
                       className: VectorFilterOperator
                       native: true
                       predicateExpression: SelectColumnIsNotNull(col 0:int)
                   predicate: _col0 is not null (type: boolean)
-                  Statistics: Num rows: 1 Data size: 4 Basic stats: COMPLETE Column stats: COMPLETE
+                  Statistics: Num rows: 1 Data size: 8 Basic stats: COMPLETE Column stats: NONE
                   Reduce Output Operator
                     key expressions: _col0 (type: int)
                     sort order: +
@@ -488,7 +488,7 @@ STAGE PLANS:
                         native: true
                         nativeConditionsMet: hive.vectorized.execution.reducesink.new.enabled IS true, hive.execution.engine tez IN [tez, spark] IS true, No PTF TopN IS true, No DISTINCT columns IS true, BinarySortableSerDe for keys IS true, LazyBinarySerDe for values IS true
                         valueColumnNums: []
-                    Statistics: Num rows: 1 Data size: 4 Basic stats: COMPLETE Column stats: COMPLETE
+                    Statistics: Num rows: 1 Data size: 8 Basic stats: COMPLETE Column stats: NONE
 
   Stage: Stage-0
     Fetch Operator
@@ -528,7 +528,7 @@ STAGE PLANS:
                 TableScan
                   alias: t1
                   filterExpr: (decimal0801_col is not null and int_col_1 is not null) (type: boolean)
-                  Statistics: Num rows: 5 Data size: 580 Basic stats: COMPLETE Column stats: COMPLETE
+                  Statistics: Num rows: 5 Data size: 580 Basic stats: COMPLETE Column stats: NONE
                   TableScan Vectorization:
                       native: true
                       vectorizationSchemaColumns: [0:decimal0801_col:decimal(8,1)/DECIMAL_64, 1:int_col_1:int, 2:ROW__ID:struct<writeid:bigint,bucketid:int,rowid:bigint>]
@@ -538,7 +538,7 @@ STAGE PLANS:
                         native: true
                         predicateExpression: FilterExprAndExpr(children: SelectColumnIsNotNull(col 0:decimal(8,1)/DECIMAL_64), SelectColumnIsNotNull(col 1:int))
                     predicate: (decimal0801_col is not null and int_col_1 is not null) (type: boolean)
-                    Statistics: Num rows: 4 Data size: 464 Basic stats: COMPLETE Column stats: COMPLETE
+                    Statistics: Num rows: 5 Data size: 580 Basic stats: COMPLETE Column stats: NONE
                     Select Operator
                       expressions: decimal0801_col (type: decimal(8,1)), int_col_1 (type: int)
                       outputColumnNames: _col0, _col1
@@ -546,7 +546,7 @@ STAGE PLANS:
                           className: VectorSelectOperator
                           native: true
                           projectedOutputColumnNums: [0, 1]
-                      Statistics: Num rows: 4 Data size: 464 Basic stats: COMPLETE Column stats: COMPLETE
+                      Statistics: Num rows: 5 Data size: 580 Basic stats: COMPLETE Column stats: NONE
                       Map Join Operator
                         condition map:
                              Inner Join 0 to 1
@@ -564,13 +564,13 @@ STAGE PLANS:
                         outputColumnNames: _col0
                         input vertices:
                           1 Reducer 3
-                        Statistics: Num rows: 1 Data size: 112 Basic stats: COMPLETE Column stats: COMPLETE
+                        Statistics: Num rows: 5 Data size: 638 Basic stats: COMPLETE Column stats: NONE
                         File Output Operator
                           compressed: false
                           File Sink Vectorization:
                               className: VectorFileSinkOperator
                               native: false
-                          Statistics: Num rows: 1 Data size: 112 Basic stats: COMPLETE Column stats: COMPLETE
+                          Statistics: Num rows: 5 Data size: 638 Basic stats: COMPLETE Column stats: NONE
                           table:
                               input format: org.apache.hadoop.mapred.SequenceFileInputFormat
                               output format: org.apache.hadoop.hive.ql.io.HiveSequenceFileOutputFormat
@@ -596,7 +596,7 @@ STAGE PLANS:
             Map Operator Tree:
                 TableScan
                   alias: tt1
-                  Statistics: Num rows: 1 Data size: 4 Basic stats: COMPLETE Column stats: COMPLETE
+                  Statistics: Num rows: 1 Data size: 4 Basic stats: COMPLETE Column stats: NONE
                   TableScan Vectorization:
                       native: true
                       vectorizationSchemaColumns: [0:int_col_0:int, 1:ROW__ID:struct<writeid:bigint,bucketid:int,rowid:bigint>]
@@ -607,7 +607,7 @@ STAGE PLANS:
                         className: VectorSelectOperator
                         native: true
                         projectedOutputColumnNums: [0]
-                    Statistics: Num rows: 1 Data size: 4 Basic stats: COMPLETE Column stats: COMPLETE
+                    Statistics: Num rows: 1 Data size: 4 Basic stats: COMPLETE Column stats: NONE
                     Group By Operator
                       aggregations: max(int_col_0)
                       Group By Vectorization:
@@ -619,7 +619,7 @@ STAGE PLANS:
                           projectedOutputColumnNums: [0]
                       mode: hash
                       outputColumnNames: _col0
-                      Statistics: Num rows: 1 Data size: 4 Basic stats: COMPLETE Column stats: COMPLETE
+                      Statistics: Num rows: 1 Data size: 8 Basic stats: COMPLETE Column stats: NONE
                       Reduce Output Operator
                         sort order: 
                         Reduce Sink Vectorization:
@@ -628,7 +628,7 @@ STAGE PLANS:
                             native: true
                             nativeConditionsMet: hive.vectorized.execution.reducesink.new.enabled IS true, hive.execution.engine tez IN [tez, spark] IS true, No PTF TopN IS true, No DISTINCT columns IS true, BinarySortableSerDe for keys IS true, LazyBinarySerDe for values IS true
                             valueColumnNums: [0]
-                        Statistics: Num rows: 1 Data size: 4 Basic stats: COMPLETE Column stats: COMPLETE
+                        Statistics: Num rows: 1 Data size: 8 Basic stats: COMPLETE Column stats: NONE
                         value expressions: _col0 (type: int)
             Execution mode: vectorized, llap
             LLAP IO: all inputs
@@ -674,14 +674,14 @@ STAGE PLANS:
                     projectedOutputColumnNums: [0]
                 mode: mergepartial
                 outputColumnNames: _col0
-                Statistics: Num rows: 1 Data size: 4 Basic stats: COMPLETE Column stats: COMPLETE
+                Statistics: Num rows: 1 Data size: 8 Basic stats: COMPLETE Column stats: NONE
                 Filter Operator
                   Filter Vectorization:
                       className: VectorFilterOperator
                       native: true
                       predicateExpression: SelectColumnIsNotNull(col 0:int)
                   predicate: _col0 is not null (type: boolean)
-                  Statistics: Num rows: 1 Data size: 4 Basic stats: COMPLETE Column stats: COMPLETE
+                  Statistics: Num rows: 1 Data size: 8 Basic stats: COMPLETE Column stats: NONE
                   Reduce Output Operator
                     key expressions: _col0 (type: int)
                     sort order: +
@@ -692,7 +692,7 @@ STAGE PLANS:
                         native: true
                         nativeConditionsMet: hive.vectorized.execution.reducesink.new.enabled IS true, hive.execution.engine tez IN [tez, spark] IS true, No PTF TopN IS true, No DISTINCT columns IS true, BinarySortableSerDe for keys IS true, LazyBinarySerDe for values IS true
                         valueColumnNums: []
-                    Statistics: Num rows: 1 Data size: 4 Basic stats: COMPLETE Column stats: COMPLETE
+                    Statistics: Num rows: 1 Data size: 8 Basic stats: COMPLETE Column stats: NONE
 
   Stage: Stage-0
     Fetch Operator
diff --git a/ql/src/test/results/clientpositive/stats_partial_size.q.out b/ql/src/test/results/clientpositive/stats_partial_size.q.out
index 9b90b7d5b8..2bef2ef2a7 100644
--- a/ql/src/test/results/clientpositive/stats_partial_size.q.out
+++ b/ql/src/test/results/clientpositive/stats_partial_size.q.out
@@ -66,19 +66,19 @@ STAGE PLANS:
           TableScan
             alias: sample
             filterExpr: y is not null (type: boolean)
-            Statistics: Num rows: 2 Data size: 8 Basic stats: COMPLETE Column stats: COMPLETE
+            Statistics: Num rows: 2 Data size: 8 Basic stats: COMPLETE Column stats: NONE
             Filter Operator
               predicate: y is not null (type: boolean)
-              Statistics: Num rows: 2 Data size: 8 Basic stats: COMPLETE Column stats: COMPLETE
+              Statistics: Num rows: 2 Data size: 8 Basic stats: COMPLETE Column stats: NONE
               Select Operator
                 expressions: y (type: int)
                 outputColumnNames: _col0
-                Statistics: Num rows: 2 Data size: 8 Basic stats: COMPLETE Column stats: COMPLETE
+                Statistics: Num rows: 2 Data size: 8 Basic stats: COMPLETE Column stats: NONE
                 Reduce Output Operator
                   key expressions: _col0 (type: int)
                   sort order: +
                   Map-reduce partition columns: _col0 (type: int)
-                  Statistics: Num rows: 2 Data size: 8 Basic stats: COMPLETE Column stats: COMPLETE
+                  Statistics: Num rows: 2 Data size: 8 Basic stats: COMPLETE Column stats: NONE
       Reduce Operator Tree:
         Join Operator
           condition map:
@@ -87,10 +87,10 @@ STAGE PLANS:
             0 _col1 (type: int)
             1 _col0 (type: int)
           outputColumnNames: _col0
-          Statistics: Num rows: 4 Data size: 16 Basic stats: COMPLETE Column stats: COMPLETE
+          Statistics: Num rows: 2 Data size: 17 Basic stats: COMPLETE Column stats: NONE
           File Output Operator
             compressed: false
-            Statistics: Num rows: 4 Data size: 16 Basic stats: COMPLETE Column stats: COMPLETE
+            Statistics: Num rows: 2 Data size: 17 Basic stats: COMPLETE Column stats: NONE
             table:
                 input format: org.apache.hadoop.mapred.SequenceFileInputFormat
                 output format: org.apache.hadoop.hive.ql.io.HiveSequenceFileOutputFormat
