diff --git a/ql/src/java/org/apache/hadoop/hive/ql/optimizer/stats/annotation/StatsRulesProcFactory.java b/ql/src/java/org/apache/hadoop/hive/ql/optimizer/stats/annotation/StatsRulesProcFactory.java
index 4c5695c68a..1da6d52750 100644
--- a/ql/src/java/org/apache/hadoop/hive/ql/optimizer/stats/annotation/StatsRulesProcFactory.java
+++ b/ql/src/java/org/apache/hadoop/hive/ql/optimizer/stats/annotation/StatsRulesProcFactory.java
@@ -1752,7 +1752,7 @@ public Object process(Node nd, Stack<Node> stack, NodeProcessorCtx procCtx,
         // these ndvs are later used to compute unmatched rows and num of nulls for outer joins
         List<Long> ndvsUnmatched= Lists.newArrayList();
         long denom = 1;
-        long denomUnmatched = 1;
+        long distinctUnmatched = 1;
         if (inferredRowCount == -1) {
           // failed to infer PK-FK relationship for row count estimation fall-back on default logic
           // compute denominator  max(V(R,y1), V(S,y1)) * max(V(R,y2), V(S,y2))
@@ -1774,12 +1774,12 @@ public Object process(Node nd, Stack<Node> stack, NodeProcessorCtx procCtx,
 
           if (numAttr > 1 && conf.getBoolVar(HiveConf.ConfVars.HIVE_STATS_CORRELATED_MULTI_KEY_JOINS)) {
             denom = Collections.max(distinctVals);
-            denomUnmatched = denom - ndvsUnmatched.get(distinctVals.indexOf(denom));
+            distinctUnmatched = denom - ndvsUnmatched.get(distinctVals.indexOf(denom));
           } else {
             // To avoid denominator getting larger and aggressively reducing
             // number of rows, we will ease out denominator.
             denom = StatsUtils.addWithExpDecay(distinctVals);
-            denomUnmatched = denom - StatsUtils.addWithExpDecay(ndvsUnmatched);
+            distinctUnmatched = denom - StatsUtils.addWithExpDecay(ndvsUnmatched);
           }
         }
 
@@ -1810,22 +1810,32 @@ public Object process(Node nd, Stack<Node> stack, NodeProcessorCtx procCtx,
         // update join statistics
         stats.setColumnStats(outColStats);
 
-        long interimRowCount = inferredRowCount != -1 ? inferredRowCount
-          : computeRowCountAssumingInnerJoin(rowCounts, denom, jop);
-        // final row computation will consider join type
-        long joinRowCount = inferredRowCount != -1 ? inferredRowCount
-          : computeFinalRowCount(rowCounts, interimRowCount, jop);
-
-        // the idea is to measure unmatche rows in outer joins by figuring out how many rows didn't match
-        // mismatched rows are figured using denomUnmatched which is the difference of denom used for computing
-        // join cardinality minus the ndv which wasn't used. This number (mismatched rows) is then subtracted from
-        /// join cardinality to get the rows which didn't match
-        long unMatchedRows = Math.abs(computeRowCountAssumingInnerJoin(rowCounts, denomUnmatched, jop) - joinRowCount);
-        if(denomUnmatched == 0) {
-          // if unmatched denominator is zero we take it as all rows will match
-          unMatchedRows = 0;
+        long joinRowCount;
+        long leftUnmatchedRows = 0L;
+        long rightUnmatchedRows = 0L;
+        if (inferredRowCount != -1) {
+          joinRowCount = inferredRowCount;
+        } else {
+          long innerJoinRowCount = computeRowCountAssumingInnerJoin(rowCounts, denom, jop);
+          // the idea is to measure unmatched rows in outer joins by figuring out how many rows didn't match
+          if (jop.getConf().getConds().length == 1) {
+            // TODO: Consider more than one condition
+            JoinCondDesc joinCond = jop.getConf().getConds()[0];
+            if (joinCond.getType() == JoinDesc.LEFT_OUTER_JOIN) {
+              leftUnmatchedRows = calculateUnmatchedRowsForOuter(conf, rowCountParents.get(0), joinKeys.get(0), joinStats.get(0), distinctUnmatched);
+            } else if (joinCond.getType() == JoinDesc.RIGHT_OUTER_JOIN) {
+              rightUnmatchedRows = calculateUnmatchedRowsForOuter(conf, rowCountParents.get(1), joinKeys.get(1), joinStats.get(1), distinctUnmatched);
+            } else if (joinCond.getType() == JoinDesc.FULL_OUTER_JOIN) {
+              leftUnmatchedRows = calculateUnmatchedRowsForOuter(conf, rowCountParents.get(0), joinKeys.get(0), joinStats.get(0), distinctUnmatched);
+              rightUnmatchedRows = calculateUnmatchedRowsForOuter(conf, rowCountParents.get(1), joinKeys.get(1), joinStats.get(1), distinctUnmatched);
+            }
+          }
+          // final row computation will consider join type
+          joinRowCount = computeFinalRowCount(rowCounts, StatsUtils.safeAdd(innerJoinRowCount, StatsUtils.safeAdd(leftUnmatchedRows, rightUnmatchedRows)), jop);
         }
-        updateColStats(conf, stats, unMatchedRows, joinRowCount, jop, rowCountParents);
+
+        // update column statistics
+        updateColStats(conf, stats, leftUnmatchedRows, rightUnmatchedRows, joinRowCount, jop, rowCountParents);
 
         // evaluate filter expression and update statistics
         if (joinRowCount != -1 && jop.getConf().getNoOuterJoin() &&
@@ -1951,6 +1961,38 @@ public Object process(Node nd, Stack<Node> stack, NodeProcessorCtx procCtx,
       return null;
     }
 
+    private long calculateUnmatchedRowsForOuter(HiveConf conf, long inputRowCount,
+        List<String> joinKeys, Statistics statistics, long distinctUnmatched) {
+      // Extract the ndv from each of the columns involved in the join
+      List<Long> distinctVals = new ArrayList<>();
+      for (String col: joinKeys) {
+        ColStatistics cs = statistics.getColumnStatisticsFromColName(col);
+        if (cs != null) {
+          distinctVals.add(cs.getCountDistint());
+        }
+      }
+      // Compute the number of distinct values based on configuration property
+      long distinctVal;
+      if (distinctVals.isEmpty()) {
+        distinctVal = 2L;
+      } else {
+        if (joinKeys.size() > 1 && conf.getBoolVar(HiveConf.ConfVars.HIVE_STATS_CORRELATED_MULTI_KEY_JOINS)) {
+          distinctVal = Collections.max(distinctVals);
+        } else {
+          distinctVal = StatsUtils.addWithExpDecay(distinctVals);
+        }
+      }
+      // If we have a greater number of unmatched values than number of distinct values,
+      // we just return the number of rows in the input as we can assume there are no
+      // matches
+      if (distinctUnmatched >= distinctVal) {
+        return inputRowCount;
+      }
+      // Otherwise, divide the number of input rows by the number of distinct values
+      // and divide by the number of distinct values unmatched
+      return StatsUtils.safeMult(inputRowCount / distinctVal, distinctUnmatched);
+    }
+
     private long inferPKFKRelationship(int numAttr, List<Operator<? extends OperatorDesc>> parents,
         CommonJoinOperator<? extends JoinDesc> jop) {
       long newNumRows = -1;
@@ -2222,8 +2264,8 @@ private boolean isJoinKey(final String columnName,
       return false;
     }
 
-    private void updateNumNulls(ColStatistics colStats, long unmatchedRows, long newNumRows,
-        long pos, CommonJoinOperator<? extends JoinDesc> jop) {
+    private void updateNumNulls(ColStatistics colStats, long leftUnmatchedRows, long rightUnmatchedRows,
+        long newNumRows, long pos, CommonJoinOperator<? extends JoinDesc> jop) {
 
       if (!(jop.getConf().getConds().length == 1)) {
         // TODO: handle multi joins
@@ -2236,33 +2278,28 @@ private void updateNumNulls(ColStatistics colStats, long unmatchedRows, long new
       JoinCondDesc joinCond = jop.getConf().getConds()[0];
       switch (joinCond.getType()) {
       case JoinDesc.LEFT_OUTER_JOIN:
-        //if this column is coming from right input only then we update num nulls
-        if (pos == joinCond.getRight()
-            && unmatchedRows != newNumRows) {
+        if (pos == joinCond.getRight()) {
           if (isJoinKey(colStats.getColumnName(), jop.getConf().getJoinKeys())) {
-            newNumNulls = Math.min(newNumRows, (unmatchedRows));
+            newNumNulls = Math.min(newNumRows, leftUnmatchedRows);
           } else {
-            newNumNulls = Math.min(newNumRows, oldNumNulls + (unmatchedRows));
+            newNumNulls = Math.min(newNumRows, oldNumNulls + leftUnmatchedRows);
           }
         }
         break;
       case JoinDesc.RIGHT_OUTER_JOIN:
-        if (pos == joinCond.getLeft()
-            && unmatchedRows != newNumRows) {
-
+        if (pos == joinCond.getLeft()) {
           if (isJoinKey(colStats.getColumnName(), jop.getConf().getJoinKeys())) {
-            newNumNulls = Math.min(newNumRows, ( unmatchedRows));
+            newNumNulls = Math.min(newNumRows, rightUnmatchedRows);
           } else {
-            // TODO: oldNumNulls should be scaled instead of taken as it is
-            newNumNulls = Math.min(newNumRows, oldNumNulls + (unmatchedRows));
+            newNumNulls = Math.min(newNumRows, oldNumNulls + rightUnmatchedRows);
           }
         }
         break;
       case JoinDesc.FULL_OUTER_JOIN:
         if (isJoinKey(colStats.getColumnName(), jop.getConf().getJoinKeys())) {
-          newNumNulls = Math.min(newNumRows, (unmatchedRows));
+          newNumNulls = Math.min(newNumRows, leftUnmatchedRows + rightUnmatchedRows);
         } else {
-          newNumNulls = Math.min(newNumRows, oldNumNulls + (unmatchedRows));
+          newNumNulls = Math.min(newNumRows, oldNumNulls + leftUnmatchedRows + rightUnmatchedRows);
         }
         break;
 
@@ -2274,10 +2311,8 @@ private void updateNumNulls(ColStatistics colStats, long unmatchedRows, long new
       colStats.setNumNulls(newNumNulls);
     }
 
-    private void updateColStats(HiveConf conf, Statistics stats, long interimNumRows,
-        long newNumRows,
-        CommonJoinOperator<? extends JoinDesc> jop,
-        Map<Integer, Long> rowCountParents) {
+    private void updateColStats(HiveConf conf, Statistics stats, long leftUnmatchedRows, long rightUnmatchedRows,
+        long newNumRows, CommonJoinOperator<? extends JoinDesc> jop, Map<Integer, Long> rowCountParents) {
 
       if (newNumRows < 0) {
         LOG.debug("STATS-" + jop.toString() + ": Overflow in number of rows. "
@@ -2316,7 +2351,7 @@ private void updateColStats(HiveConf conf, Statistics stats, long interimNumRows
         }
 
         cs.setCountDistint(newDV);
-        updateNumNulls(cs, interimNumRows, newNumRows, pos, jop);
+        updateNumNulls(cs, leftUnmatchedRows, rightUnmatchedRows, newNumRows, pos, jop);
       }
       stats.setColumnStats(colStats);
       long newDataSize = StatsUtils
@@ -2467,6 +2502,7 @@ private long getDenominatorForUnmatchedRows(List<Long> distinctVals) {
         return denom;
       }
     }
+
     private long getDenominator(List<Long> distinctVals) {
 
       if (distinctVals.isEmpty()) {
diff --git a/ql/src/test/results/clientpositive/llap/auto_sortmerge_join_14.q.out b/ql/src/test/results/clientpositive/llap/auto_sortmerge_join_14.q.out
index ced0f6868e..119e28405c 100644
--- a/ql/src/test/results/clientpositive/llap/auto_sortmerge_join_14.q.out
+++ b/ql/src/test/results/clientpositive/llap/auto_sortmerge_join_14.q.out
@@ -81,7 +81,7 @@ STAGE PLANS:
                       keys:
                         0 _col0 (type: int)
                         1 _col0 (type: int)
-                      Statistics: Num rows: 20 Data size: 160 Basic stats: COMPLETE Column stats: COMPLETE
+                      Statistics: Num rows: 35 Data size: 280 Basic stats: COMPLETE Column stats: COMPLETE
                       Group By Operator
                         aggregations: count()
                         mode: hash
@@ -182,7 +182,7 @@ STAGE PLANS:
                       keys:
                         0 _col0 (type: int)
                         1 _col0 (type: int)
-                      Statistics: Num rows: 189 Data size: 1512 Basic stats: COMPLETE Column stats: COMPLETE
+                      Statistics: Num rows: 221 Data size: 1768 Basic stats: COMPLETE Column stats: COMPLETE
                       Group By Operator
                         aggregations: count()
                         mode: hash
diff --git a/ql/src/test/results/clientpositive/llap/auto_sortmerge_join_15.q.out b/ql/src/test/results/clientpositive/llap/auto_sortmerge_join_15.q.out
index 6615387004..642a9c323b 100644
--- a/ql/src/test/results/clientpositive/llap/auto_sortmerge_join_15.q.out
+++ b/ql/src/test/results/clientpositive/llap/auto_sortmerge_join_15.q.out
@@ -81,7 +81,7 @@ STAGE PLANS:
                       keys:
                         0 _col0 (type: int)
                         1 _col0 (type: int)
-                      Statistics: Num rows: 20 Data size: 160 Basic stats: COMPLETE Column stats: COMPLETE
+                      Statistics: Num rows: 35 Data size: 280 Basic stats: COMPLETE Column stats: COMPLETE
                       Group By Operator
                         aggregations: count()
                         mode: hash
@@ -161,7 +161,7 @@ STAGE PLANS:
                       keys:
                         0 _col0 (type: int)
                         1 _col0 (type: int)
-                      Statistics: Num rows: 15 Data size: 120 Basic stats: COMPLETE Column stats: COMPLETE
+                      Statistics: Num rows: 25 Data size: 200 Basic stats: COMPLETE Column stats: COMPLETE
                       Group By Operator
                         aggregations: count()
                         mode: hash
diff --git a/ql/src/test/results/clientpositive/llap/auto_sortmerge_join_16.q.out b/ql/src/test/results/clientpositive/llap/auto_sortmerge_join_16.q.out
index c02546ae52..0414812ca9 100644
--- a/ql/src/test/results/clientpositive/llap/auto_sortmerge_join_16.q.out
+++ b/ql/src/test/results/clientpositive/llap/auto_sortmerge_join_16.q.out
@@ -246,14 +246,14 @@ STAGE PLANS:
                   0 _col0 (type: bigint)
                   1 _col0 (type: bigint)
                 outputColumnNames: _col0, _col1, _col3
-                Statistics: Num rows: 15 Data size: 2850 Basic stats: COMPLETE Column stats: COMPLETE
+                Statistics: Num rows: 20 Data size: 3436 Basic stats: COMPLETE Column stats: COMPLETE
                 Select Operator
                   expressions: _col0 (type: bigint), _col1 (type: string), _col3 (type: string), 'day1' (type: string), 1 (type: int)
                   outputColumnNames: _col0, _col1, _col2, _col3, _col4
-                  Statistics: Num rows: 15 Data size: 4230 Basic stats: COMPLETE Column stats: COMPLETE
+                  Statistics: Num rows: 20 Data size: 5276 Basic stats: COMPLETE Column stats: COMPLETE
                   File Output Operator
                     compressed: false
-                    Statistics: Num rows: 15 Data size: 4230 Basic stats: COMPLETE Column stats: COMPLETE
+                    Statistics: Num rows: 20 Data size: 5276 Basic stats: COMPLETE Column stats: COMPLETE
                     table:
                         input format: org.apache.hadoop.mapred.SequenceFileInputFormat
                         output format: org.apache.hadoop.hive.ql.io.HiveSequenceFileOutputFormat
@@ -392,14 +392,14 @@ STAGE PLANS:
                         0 _col0 (type: bigint)
                         1 _col0 (type: bigint)
                       outputColumnNames: _col0, _col1, _col3
-                      Statistics: Num rows: 15 Data size: 2850 Basic stats: COMPLETE Column stats: COMPLETE
+                      Statistics: Num rows: 20 Data size: 3436 Basic stats: COMPLETE Column stats: COMPLETE
                       Select Operator
                         expressions: _col0 (type: bigint), _col1 (type: string), _col3 (type: string), 'day1' (type: string), 1 (type: int)
                         outputColumnNames: _col0, _col1, _col2, _col3, _col4
-                        Statistics: Num rows: 15 Data size: 4230 Basic stats: COMPLETE Column stats: COMPLETE
+                        Statistics: Num rows: 20 Data size: 5276 Basic stats: COMPLETE Column stats: COMPLETE
                         File Output Operator
                           compressed: false
-                          Statistics: Num rows: 15 Data size: 4230 Basic stats: COMPLETE Column stats: COMPLETE
+                          Statistics: Num rows: 20 Data size: 5276 Basic stats: COMPLETE Column stats: COMPLETE
                           table:
                               input format: org.apache.hadoop.mapred.SequenceFileInputFormat
                               output format: org.apache.hadoop.hive.ql.io.HiveSequenceFileOutputFormat
@@ -648,14 +648,14 @@ STAGE PLANS:
                         0 _col0 (type: bigint)
                         1 _col0 (type: bigint)
                       outputColumnNames: _col0, _col1, _col3
-                      Statistics: Num rows: 15 Data size: 2850 Basic stats: COMPLETE Column stats: COMPLETE
+                      Statistics: Num rows: 20 Data size: 3436 Basic stats: COMPLETE Column stats: COMPLETE
                       Select Operator
                         expressions: _col0 (type: bigint), _col1 (type: string), _col3 (type: string), 'day1' (type: string), 1 (type: int)
                         outputColumnNames: _col0, _col1, _col2, _col3, _col4
-                        Statistics: Num rows: 15 Data size: 4230 Basic stats: COMPLETE Column stats: COMPLETE
+                        Statistics: Num rows: 20 Data size: 5276 Basic stats: COMPLETE Column stats: COMPLETE
                         File Output Operator
                           compressed: false
-                          Statistics: Num rows: 15 Data size: 4230 Basic stats: COMPLETE Column stats: COMPLETE
+                          Statistics: Num rows: 20 Data size: 5276 Basic stats: COMPLETE Column stats: COMPLETE
                           table:
                               input format: org.apache.hadoop.mapred.SequenceFileInputFormat
                               output format: org.apache.hadoop.hive.ql.io.HiveSequenceFileOutputFormat
diff --git a/ql/src/test/results/clientpositive/llap/bucket_map_join_tez2.q.out b/ql/src/test/results/clientpositive/llap/bucket_map_join_tez2.q.out
index 771aa6d7dd..bbc06fabb0 100644
--- a/ql/src/test/results/clientpositive/llap/bucket_map_join_tez2.q.out
+++ b/ql/src/test/results/clientpositive/llap/bucket_map_join_tez2.q.out
@@ -898,10 +898,10 @@ STAGE PLANS:
                   0 _col0 (type: int)
                   1 _col0 (type: int)
                 outputColumnNames: _col0, _col1
-                Statistics: Num rows: 166 Data size: 668 Basic stats: COMPLETE Column stats: COMPLETE
+                Statistics: Num rows: 332 Data size: 1996 Basic stats: COMPLETE Column stats: COMPLETE
                 File Output Operator
                   compressed: false
-                  Statistics: Num rows: 166 Data size: 668 Basic stats: COMPLETE Column stats: COMPLETE
+                  Statistics: Num rows: 332 Data size: 1996 Basic stats: COMPLETE Column stats: COMPLETE
                   table:
                       input format: org.apache.hadoop.mapred.SequenceFileInputFormat
                       output format: org.apache.hadoop.hive.ql.io.HiveSequenceFileOutputFormat
@@ -959,10 +959,10 @@ STAGE PLANS:
                         outputColumnNames: _col0, _col1
                         input vertices:
                           1 Map 2
-                        Statistics: Num rows: 166 Data size: 668 Basic stats: COMPLETE Column stats: COMPLETE
+                        Statistics: Num rows: 332 Data size: 1996 Basic stats: COMPLETE Column stats: COMPLETE
                         File Output Operator
                           compressed: false
-                          Statistics: Num rows: 166 Data size: 668 Basic stats: COMPLETE Column stats: COMPLETE
+                          Statistics: Num rows: 332 Data size: 1996 Basic stats: COMPLETE Column stats: COMPLETE
                           table:
                               input format: org.apache.hadoop.mapred.SequenceFileInputFormat
                               output format: org.apache.hadoop.hive.ql.io.HiveSequenceFileOutputFormat
@@ -1070,10 +1070,10 @@ STAGE PLANS:
                   0 _col0 (type: int)
                   1 _col0 (type: int)
                 outputColumnNames: _col0, _col1
-                Statistics: Num rows: 166 Data size: 668 Basic stats: COMPLETE Column stats: COMPLETE
+                Statistics: Num rows: 332 Data size: 1996 Basic stats: COMPLETE Column stats: COMPLETE
                 File Output Operator
                   compressed: false
-                  Statistics: Num rows: 166 Data size: 668 Basic stats: COMPLETE Column stats: COMPLETE
+                  Statistics: Num rows: 332 Data size: 1996 Basic stats: COMPLETE Column stats: COMPLETE
                   table:
                       input format: org.apache.hadoop.mapred.SequenceFileInputFormat
                       output format: org.apache.hadoop.hive.ql.io.HiveSequenceFileOutputFormat
@@ -1151,10 +1151,10 @@ STAGE PLANS:
                         outputColumnNames: _col0, _col1
                         input vertices:
                           0 Map 1
-                        Statistics: Num rows: 166 Data size: 668 Basic stats: COMPLETE Column stats: COMPLETE
+                        Statistics: Num rows: 332 Data size: 1996 Basic stats: COMPLETE Column stats: COMPLETE
                         File Output Operator
                           compressed: false
-                          Statistics: Num rows: 166 Data size: 668 Basic stats: COMPLETE Column stats: COMPLETE
+                          Statistics: Num rows: 332 Data size: 1996 Basic stats: COMPLETE Column stats: COMPLETE
                           table:
                               input format: org.apache.hadoop.mapred.SequenceFileInputFormat
                               output format: org.apache.hadoop.hive.ql.io.HiveSequenceFileOutputFormat
diff --git a/ql/src/test/results/clientpositive/llap/check_constraint.q.out b/ql/src/test/results/clientpositive/llap/check_constraint.q.out
index 357dd9f8d6..9b1f8def6e 100644
--- a/ql/src/test/results/clientpositive/llap/check_constraint.q.out
+++ b/ql/src/test/results/clientpositive/llap/check_constraint.q.out
@@ -1585,11 +1585,11 @@ STAGE PLANS:
                   0 _col0 (type: string)
                   1 _col0 (type: string)
                 outputColumnNames: _col0, _col1, _col2
-                Statistics: Num rows: 262 Data size: 46723 Basic stats: COMPLETE Column stats: COMPLETE
+                Statistics: Num rows: 428 Data size: 99065 Basic stats: COMPLETE Column stats: COMPLETE
                 Select Operator
                   expressions: UDFToInteger(_col0) (type: int), CAST( _col2 AS decimal(5,2)) (type: decimal(5,2)), _col1 (type: string)
                   outputColumnNames: _col0, _col1, _col2
-                  Statistics: Num rows: 262 Data size: 54234 Basic stats: COMPLETE Column stats: COMPLETE
+                  Statistics: Num rows: 428 Data size: 88596 Basic stats: COMPLETE Column stats: COMPLETE
                   Limit
                     Number of rows: 10
                     Statistics: Num rows: 10 Data size: 2070 Basic stats: COMPLETE Column stats: COMPLETE
diff --git a/ql/src/test/results/clientpositive/llap/correlationoptimizer1.q.out b/ql/src/test/results/clientpositive/llap/correlationoptimizer1.q.out
index 224d980f81..0d32c395c6 100644
--- a/ql/src/test/results/clientpositive/llap/correlationoptimizer1.q.out
+++ b/ql/src/test/results/clientpositive/llap/correlationoptimizer1.q.out
@@ -856,7 +856,7 @@ STAGE PLANS:
                   0 _col0 (type: string)
                   1 _col0 (type: string)
                 outputColumnNames: _col0
-                Statistics: Num rows: 39 Data size: 3354 Basic stats: COMPLETE Column stats: COMPLETE
+                Statistics: Num rows: 64 Data size: 5504 Basic stats: COMPLETE Column stats: COMPLETE
                 Group By Operator
                   aggregations: count()
                   keys: _col0 (type: string)
@@ -1004,7 +1004,7 @@ STAGE PLANS:
                   0 _col0 (type: string)
                   1 _col0 (type: string)
                 outputColumnNames: _col0
-                Statistics: Num rows: 39 Data size: 3354 Basic stats: COMPLETE Column stats: COMPLETE
+                Statistics: Num rows: 64 Data size: 5504 Basic stats: COMPLETE Column stats: COMPLETE
                 Group By Operator
                   aggregations: count()
                   keys: _col0 (type: string)
@@ -1152,18 +1152,18 @@ STAGE PLANS:
                   0 _col0 (type: string)
                   1 _col0 (type: string)
                 outputColumnNames: _col1
-                Statistics: Num rows: 39 Data size: 3306 Basic stats: COMPLETE Column stats: COMPLETE
+                Statistics: Num rows: 64 Data size: 3480 Basic stats: COMPLETE Column stats: COMPLETE
                 Group By Operator
                   aggregations: count()
                   keys: _col1 (type: string)
                   mode: hash
                   outputColumnNames: _col0, _col1
-                  Statistics: Num rows: 3 Data size: 285 Basic stats: COMPLETE Column stats: COMPLETE
+                  Statistics: Num rows: 4 Data size: 293 Basic stats: COMPLETE Column stats: COMPLETE
                   Reduce Output Operator
                     key expressions: _col0 (type: string)
                     sort order: +
                     Map-reduce partition columns: _col0 (type: string)
-                    Statistics: Num rows: 3 Data size: 285 Basic stats: COMPLETE Column stats: COMPLETE
+                    Statistics: Num rows: 4 Data size: 293 Basic stats: COMPLETE Column stats: COMPLETE
                     value expressions: _col1 (type: bigint)
         Reducer 3 
             Execution mode: vectorized, llap
@@ -1173,11 +1173,11 @@ STAGE PLANS:
                 keys: KEY._col0 (type: string)
                 mode: mergepartial
                 outputColumnNames: _col0, _col1
-                Statistics: Num rows: 2 Data size: 190 Basic stats: COMPLETE Column stats: COMPLETE
+                Statistics: Num rows: 4 Data size: 293 Basic stats: COMPLETE Column stats: COMPLETE
                 Select Operator
                   expressions: hash(_col0) (type: int), hash(_col1) (type: int)
                   outputColumnNames: _col0, _col1
-                  Statistics: Num rows: 2 Data size: 190 Basic stats: COMPLETE Column stats: COMPLETE
+                  Statistics: Num rows: 4 Data size: 293 Basic stats: COMPLETE Column stats: COMPLETE
                   Group By Operator
                     aggregations: sum(_col0), sum(_col1)
                     mode: hash
@@ -1300,18 +1300,18 @@ STAGE PLANS:
                   0 _col0 (type: string)
                   1 _col0 (type: string)
                 outputColumnNames: _col1
-                Statistics: Num rows: 39 Data size: 3306 Basic stats: COMPLETE Column stats: COMPLETE
+                Statistics: Num rows: 64 Data size: 3480 Basic stats: COMPLETE Column stats: COMPLETE
                 Group By Operator
                   aggregations: count()
                   keys: _col1 (type: string)
                   mode: hash
                   outputColumnNames: _col0, _col1
-                  Statistics: Num rows: 3 Data size: 285 Basic stats: COMPLETE Column stats: COMPLETE
+                  Statistics: Num rows: 4 Data size: 293 Basic stats: COMPLETE Column stats: COMPLETE
                   Reduce Output Operator
                     key expressions: _col0 (type: string)
                     sort order: +
                     Map-reduce partition columns: _col0 (type: string)
-                    Statistics: Num rows: 3 Data size: 285 Basic stats: COMPLETE Column stats: COMPLETE
+                    Statistics: Num rows: 4 Data size: 293 Basic stats: COMPLETE Column stats: COMPLETE
                     value expressions: _col1 (type: bigint)
         Reducer 3 
             Execution mode: vectorized, llap
@@ -1321,11 +1321,11 @@ STAGE PLANS:
                 keys: KEY._col0 (type: string)
                 mode: mergepartial
                 outputColumnNames: _col0, _col1
-                Statistics: Num rows: 2 Data size: 190 Basic stats: COMPLETE Column stats: COMPLETE
+                Statistics: Num rows: 4 Data size: 293 Basic stats: COMPLETE Column stats: COMPLETE
                 Select Operator
                   expressions: hash(_col0) (type: int), hash(_col1) (type: int)
                   outputColumnNames: _col0, _col1
-                  Statistics: Num rows: 2 Data size: 190 Basic stats: COMPLETE Column stats: COMPLETE
+                  Statistics: Num rows: 4 Data size: 293 Basic stats: COMPLETE Column stats: COMPLETE
                   Group By Operator
                     aggregations: sum(_col0), sum(_col1)
                     mode: hash
@@ -1445,18 +1445,18 @@ STAGE PLANS:
                   0 _col0 (type: string), _col1 (type: string)
                   1 _col0 (type: string), _col1 (type: string)
                 outputColumnNames: _col0, _col3
-                Statistics: Num rows: 39 Data size: 6812 Basic stats: COMPLETE Column stats: COMPLETE
+                Statistics: Num rows: 64 Data size: 9144 Basic stats: COMPLETE Column stats: COMPLETE
                 Group By Operator
                   aggregations: count()
                   keys: _col0 (type: string), _col3 (type: string)
                   mode: hash
                   outputColumnNames: _col0, _col1, _col2
-                  Statistics: Num rows: 19 Data size: 3515 Basic stats: COMPLETE Column stats: COMPLETE
+                  Statistics: Num rows: 32 Data size: 4828 Basic stats: COMPLETE Column stats: COMPLETE
                   Reduce Output Operator
                     key expressions: _col0 (type: string), _col1 (type: string)
                     sort order: ++
                     Map-reduce partition columns: _col0 (type: string), _col1 (type: string)
-                    Statistics: Num rows: 19 Data size: 3515 Basic stats: COMPLETE Column stats: COMPLETE
+                    Statistics: Num rows: 32 Data size: 4828 Basic stats: COMPLETE Column stats: COMPLETE
                     value expressions: _col2 (type: bigint)
         Reducer 3 
             Execution mode: vectorized, llap
@@ -1466,10 +1466,10 @@ STAGE PLANS:
                 keys: KEY._col0 (type: string), KEY._col1 (type: string)
                 mode: mergepartial
                 outputColumnNames: _col0, _col1, _col2
-                Statistics: Num rows: 19 Data size: 3515 Basic stats: COMPLETE Column stats: COMPLETE
+                Statistics: Num rows: 32 Data size: 4828 Basic stats: COMPLETE Column stats: COMPLETE
                 File Output Operator
                   compressed: false
-                  Statistics: Num rows: 19 Data size: 3515 Basic stats: COMPLETE Column stats: COMPLETE
+                  Statistics: Num rows: 32 Data size: 4828 Basic stats: COMPLETE Column stats: COMPLETE
                   table:
                       input format: org.apache.hadoop.mapred.SequenceFileInputFormat
                       output format: org.apache.hadoop.hive.ql.io.HiveSequenceFileOutputFormat
@@ -1582,18 +1582,18 @@ STAGE PLANS:
                   0 _col0 (type: string), _col1 (type: string)
                   1 _col0 (type: string), _col1 (type: string)
                 outputColumnNames: _col0, _col3
-                Statistics: Num rows: 39 Data size: 6812 Basic stats: COMPLETE Column stats: COMPLETE
+                Statistics: Num rows: 64 Data size: 9144 Basic stats: COMPLETE Column stats: COMPLETE
                 Group By Operator
                   aggregations: count()
                   keys: _col0 (type: string), _col3 (type: string)
                   mode: hash
                   outputColumnNames: _col0, _col1, _col2
-                  Statistics: Num rows: 19 Data size: 3515 Basic stats: COMPLETE Column stats: COMPLETE
+                  Statistics: Num rows: 32 Data size: 4828 Basic stats: COMPLETE Column stats: COMPLETE
                   Reduce Output Operator
                     key expressions: _col0 (type: string), _col1 (type: string)
                     sort order: ++
                     Map-reduce partition columns: _col0 (type: string), _col1 (type: string)
-                    Statistics: Num rows: 19 Data size: 3515 Basic stats: COMPLETE Column stats: COMPLETE
+                    Statistics: Num rows: 32 Data size: 4828 Basic stats: COMPLETE Column stats: COMPLETE
                     value expressions: _col2 (type: bigint)
         Reducer 3 
             Execution mode: vectorized, llap
@@ -1603,10 +1603,10 @@ STAGE PLANS:
                 keys: KEY._col0 (type: string), KEY._col1 (type: string)
                 mode: mergepartial
                 outputColumnNames: _col0, _col1, _col2
-                Statistics: Num rows: 19 Data size: 3515 Basic stats: COMPLETE Column stats: COMPLETE
+                Statistics: Num rows: 32 Data size: 4828 Basic stats: COMPLETE Column stats: COMPLETE
                 File Output Operator
                   compressed: false
-                  Statistics: Num rows: 19 Data size: 3515 Basic stats: COMPLETE Column stats: COMPLETE
+                  Statistics: Num rows: 32 Data size: 4828 Basic stats: COMPLETE Column stats: COMPLETE
                   table:
                       input format: org.apache.hadoop.mapred.SequenceFileInputFormat
                       output format: org.apache.hadoop.hive.ql.io.HiveSequenceFileOutputFormat
@@ -1722,7 +1722,7 @@ STAGE PLANS:
                   0 _col0 (type: string)
                   1 _col0 (type: string)
                 outputColumnNames: _col1
-                Statistics: Num rows: 500 Data size: 43500 Basic stats: COMPLETE Column stats: COMPLETE
+                Statistics: Num rows: 539 Data size: 46893 Basic stats: COMPLETE Column stats: COMPLETE
                 Group By Operator
                   aggregations: count()
                   keys: _col1 (type: string)
@@ -1870,7 +1870,7 @@ STAGE PLANS:
                   0 _col0 (type: string)
                   1 _col0 (type: string)
                 outputColumnNames: _col1
-                Statistics: Num rows: 500 Data size: 43500 Basic stats: COMPLETE Column stats: COMPLETE
+                Statistics: Num rows: 539 Data size: 46893 Basic stats: COMPLETE Column stats: COMPLETE
                 Group By Operator
                   aggregations: count()
                   keys: _col1 (type: string)
@@ -2018,7 +2018,7 @@ STAGE PLANS:
                   0 _col0 (type: string)
                   1 _col0 (type: string)
                 outputColumnNames: _col0
-                Statistics: Num rows: 500 Data size: 3612 Basic stats: COMPLETE Column stats: COMPLETE
+                Statistics: Num rows: 539 Data size: 3440 Basic stats: COMPLETE Column stats: COMPLETE
                 Group By Operator
                   aggregations: count()
                   keys: _col0 (type: string)
@@ -2166,7 +2166,7 @@ STAGE PLANS:
                   0 _col0 (type: string)
                   1 _col0 (type: string)
                 outputColumnNames: _col0
-                Statistics: Num rows: 500 Data size: 3612 Basic stats: COMPLETE Column stats: COMPLETE
+                Statistics: Num rows: 539 Data size: 3440 Basic stats: COMPLETE Column stats: COMPLETE
                 Group By Operator
                   aggregations: count()
                   keys: _col0 (type: string)
@@ -2314,7 +2314,7 @@ STAGE PLANS:
                   0 _col0 (type: string)
                   1 _col0 (type: string)
                 outputColumnNames: _col0
-                Statistics: Num rows: 525 Data size: 3612 Basic stats: COMPLETE Column stats: COMPLETE
+                Statistics: Num rows: 564 Data size: 3440 Basic stats: COMPLETE Column stats: COMPLETE
                 Group By Operator
                   aggregations: count()
                   keys: _col0 (type: string)
@@ -2462,7 +2462,7 @@ STAGE PLANS:
                   0 _col0 (type: string)
                   1 _col0 (type: string)
                 outputColumnNames: _col0
-                Statistics: Num rows: 525 Data size: 3612 Basic stats: COMPLETE Column stats: COMPLETE
+                Statistics: Num rows: 564 Data size: 3440 Basic stats: COMPLETE Column stats: COMPLETE
                 Group By Operator
                   aggregations: count()
                   keys: _col0 (type: string)
@@ -2610,7 +2610,7 @@ STAGE PLANS:
                   0 _col0 (type: string)
                   1 _col0 (type: string)
                 outputColumnNames: _col0
-                Statistics: Num rows: 525 Data size: 3612 Basic stats: COMPLETE Column stats: COMPLETE
+                Statistics: Num rows: 564 Data size: 3440 Basic stats: COMPLETE Column stats: COMPLETE
                 Group By Operator
                   aggregations: count()
                   keys: _col0 (type: string)
@@ -2758,7 +2758,7 @@ STAGE PLANS:
                   0 _col0 (type: string)
                   1 _col0 (type: string)
                 outputColumnNames: _col0
-                Statistics: Num rows: 525 Data size: 3612 Basic stats: COMPLETE Column stats: COMPLETE
+                Statistics: Num rows: 564 Data size: 3440 Basic stats: COMPLETE Column stats: COMPLETE
                 Group By Operator
                   aggregations: count()
                   keys: _col0 (type: string)
diff --git a/ql/src/test/results/clientpositive/llap/correlationoptimizer2.q.out b/ql/src/test/results/clientpositive/llap/correlationoptimizer2.q.out
index 3973000ffa..ff560ddf5f 100644
--- a/ql/src/test/results/clientpositive/llap/correlationoptimizer2.q.out
+++ b/ql/src/test/results/clientpositive/llap/correlationoptimizer2.q.out
@@ -410,11 +410,11 @@ STAGE PLANS:
                     0 _col0 (type: string)
                     1 _col0 (type: string)
                   outputColumnNames: _col0, _col1, _col2, _col3
-                  Statistics: Num rows: 250 Data size: 24972 Basic stats: COMPLETE Column stats: COMPLETE
+                  Statistics: Num rows: 262 Data size: 26112 Basic stats: COMPLETE Column stats: COMPLETE
                   Select Operator
                     expressions: hash(_col0) (type: int), hash(_col1) (type: int), hash(_col2) (type: int), hash(_col3) (type: int)
                     outputColumnNames: _col0, _col1, _col2, _col3
-                    Statistics: Num rows: 250 Data size: 24972 Basic stats: COMPLETE Column stats: COMPLETE
+                    Statistics: Num rows: 262 Data size: 26112 Basic stats: COMPLETE Column stats: COMPLETE
                     Group By Operator
                       aggregations: sum(_col0), sum(_col1), sum(_col2), sum(_col3)
                       mode: hash
@@ -563,11 +563,11 @@ STAGE PLANS:
                     0 _col0 (type: string)
                     1 _col0 (type: string)
                   outputColumnNames: _col0, _col1, _col2, _col3
-                  Statistics: Num rows: 250 Data size: 24972 Basic stats: COMPLETE Column stats: COMPLETE
+                  Statistics: Num rows: 262 Data size: 26112 Basic stats: COMPLETE Column stats: COMPLETE
                   Select Operator
                     expressions: hash(_col0) (type: int), hash(_col1) (type: int), hash(_col2) (type: int), hash(_col3) (type: int)
                     outputColumnNames: _col0, _col1, _col2, _col3
-                    Statistics: Num rows: 250 Data size: 24972 Basic stats: COMPLETE Column stats: COMPLETE
+                    Statistics: Num rows: 262 Data size: 26112 Basic stats: COMPLETE Column stats: COMPLETE
                     Group By Operator
                       aggregations: sum(_col0), sum(_col1), sum(_col2), sum(_col3)
                       mode: hash
@@ -716,11 +716,11 @@ STAGE PLANS:
                     0 _col0 (type: string)
                     1 _col0 (type: string)
                   outputColumnNames: _col0, _col1, _col2, _col3
-                  Statistics: Num rows: 12 Data size: 2268 Basic stats: COMPLETE Column stats: COMPLETE
+                  Statistics: Num rows: 24 Data size: 3491 Basic stats: COMPLETE Column stats: COMPLETE
                   Select Operator
                     expressions: hash(_col0) (type: int), hash(_col1) (type: int), hash(_col2) (type: int), hash(_col3) (type: int)
                     outputColumnNames: _col0, _col1, _col2, _col3
-                    Statistics: Num rows: 12 Data size: 2268 Basic stats: COMPLETE Column stats: COMPLETE
+                    Statistics: Num rows: 24 Data size: 3491 Basic stats: COMPLETE Column stats: COMPLETE
                     Group By Operator
                       aggregations: sum(_col0), sum(_col1), sum(_col2), sum(_col3)
                       mode: hash
@@ -869,11 +869,11 @@ STAGE PLANS:
                     0 _col0 (type: string)
                     1 _col0 (type: string)
                   outputColumnNames: _col0, _col1, _col2, _col3
-                  Statistics: Num rows: 12 Data size: 2268 Basic stats: COMPLETE Column stats: COMPLETE
+                  Statistics: Num rows: 24 Data size: 3491 Basic stats: COMPLETE Column stats: COMPLETE
                   Select Operator
                     expressions: hash(_col0) (type: int), hash(_col1) (type: int), hash(_col2) (type: int), hash(_col3) (type: int)
                     outputColumnNames: _col0, _col1, _col2, _col3
-                    Statistics: Num rows: 12 Data size: 2268 Basic stats: COMPLETE Column stats: COMPLETE
+                    Statistics: Num rows: 24 Data size: 3491 Basic stats: COMPLETE Column stats: COMPLETE
                     Group By Operator
                       aggregations: sum(_col0), sum(_col1), sum(_col2), sum(_col3)
                       mode: hash
@@ -1030,11 +1030,11 @@ STAGE PLANS:
                   0 _col0 (type: string)
                   1 _col0 (type: string)
                 outputColumnNames: _col0, _col1, _col2, _col3
-                Statistics: Num rows: 262 Data size: 2457 Basic stats: COMPLETE Column stats: COMPLETE
+                Statistics: Num rows: 274 Data size: 2457 Basic stats: COMPLETE Column stats: COMPLETE
                 Select Operator
                   expressions: hash(_col0) (type: int), hash(_col1) (type: int), hash(_col2) (type: int), hash(_col3) (type: int)
                   outputColumnNames: _col0, _col1, _col2, _col3
-                  Statistics: Num rows: 262 Data size: 2457 Basic stats: COMPLETE Column stats: COMPLETE
+                  Statistics: Num rows: 274 Data size: 2457 Basic stats: COMPLETE Column stats: COMPLETE
                   Group By Operator
                     aggregations: sum(_col0), sum(_col1), sum(_col2), sum(_col3)
                     mode: hash
@@ -1206,11 +1206,11 @@ STAGE PLANS:
                   0 _col0 (type: string)
                   1 _col0 (type: string)
                 outputColumnNames: _col0, _col1, _col2, _col3
-                Statistics: Num rows: 262 Data size: 2457 Basic stats: COMPLETE Column stats: COMPLETE
+                Statistics: Num rows: 274 Data size: 2457 Basic stats: COMPLETE Column stats: COMPLETE
                 Select Operator
                   expressions: hash(_col0) (type: int), hash(_col1) (type: int), hash(_col2) (type: int), hash(_col3) (type: int)
                   outputColumnNames: _col0, _col1, _col2, _col3
-                  Statistics: Num rows: 262 Data size: 2457 Basic stats: COMPLETE Column stats: COMPLETE
+                  Statistics: Num rows: 274 Data size: 2457 Basic stats: COMPLETE Column stats: COMPLETE
                   Group By Operator
                     aggregations: sum(_col0), sum(_col1), sum(_col2), sum(_col3)
                     mode: hash
@@ -1382,11 +1382,11 @@ STAGE PLANS:
                   0 _col0 (type: string)
                   1 _col0 (type: string)
                 outputColumnNames: _col0, _col1, _col2, _col3
-                Statistics: Num rows: 262 Data size: 2457 Basic stats: COMPLETE Column stats: COMPLETE
+                Statistics: Num rows: 274 Data size: 2457 Basic stats: COMPLETE Column stats: COMPLETE
                 Select Operator
                   expressions: hash(_col0) (type: int), hash(_col1) (type: int), hash(_col2) (type: int), hash(_col3) (type: int)
                   outputColumnNames: _col0, _col1, _col2, _col3
-                  Statistics: Num rows: 262 Data size: 2457 Basic stats: COMPLETE Column stats: COMPLETE
+                  Statistics: Num rows: 274 Data size: 2457 Basic stats: COMPLETE Column stats: COMPLETE
                   Group By Operator
                     aggregations: sum(_col0), sum(_col1), sum(_col2), sum(_col3)
                     mode: hash
@@ -1558,11 +1558,11 @@ STAGE PLANS:
                   0 _col0 (type: string)
                   1 _col0 (type: string)
                 outputColumnNames: _col0, _col1, _col2, _col3
-                Statistics: Num rows: 262 Data size: 2457 Basic stats: COMPLETE Column stats: COMPLETE
+                Statistics: Num rows: 274 Data size: 2457 Basic stats: COMPLETE Column stats: COMPLETE
                 Select Operator
                   expressions: hash(_col0) (type: int), hash(_col1) (type: int), hash(_col2) (type: int), hash(_col3) (type: int)
                   outputColumnNames: _col0, _col1, _col2, _col3
-                  Statistics: Num rows: 262 Data size: 2457 Basic stats: COMPLETE Column stats: COMPLETE
+                  Statistics: Num rows: 274 Data size: 2457 Basic stats: COMPLETE Column stats: COMPLETE
                   Group By Operator
                     aggregations: sum(_col0), sum(_col1), sum(_col2), sum(_col3)
                     mode: hash
@@ -1731,7 +1731,7 @@ STAGE PLANS:
                   0 _col0 (type: string)
                   1 _col0 (type: string)
                 outputColumnNames: _col0
-                Statistics: Num rows: 262 Data size: 1131 Basic stats: COMPLETE Column stats: COMPLETE
+                Statistics: Num rows: 274 Data size: 1131 Basic stats: COMPLETE Column stats: COMPLETE
                 Group By Operator
                   aggregations: count()
                   keys: _col0 (type: string)
@@ -1925,7 +1925,7 @@ STAGE PLANS:
                   0 _col0 (type: string)
                   1 _col0 (type: string)
                 outputColumnNames: _col0
-                Statistics: Num rows: 262 Data size: 1131 Basic stats: COMPLETE Column stats: COMPLETE
+                Statistics: Num rows: 274 Data size: 1131 Basic stats: COMPLETE Column stats: COMPLETE
                 Group By Operator
                   aggregations: count()
                   keys: _col0 (type: string)
@@ -2119,7 +2119,7 @@ STAGE PLANS:
                   0 _col0 (type: string)
                   1 _col0 (type: string)
                 outputColumnNames: _col0
-                Statistics: Num rows: 262 Data size: 1131 Basic stats: COMPLETE Column stats: COMPLETE
+                Statistics: Num rows: 274 Data size: 1131 Basic stats: COMPLETE Column stats: COMPLETE
                 Group By Operator
                   aggregations: count()
                   keys: _col0 (type: string)
@@ -2313,7 +2313,7 @@ STAGE PLANS:
                   0 _col0 (type: string)
                   1 _col0 (type: string)
                 outputColumnNames: _col0
-                Statistics: Num rows: 262 Data size: 1131 Basic stats: COMPLETE Column stats: COMPLETE
+                Statistics: Num rows: 274 Data size: 1131 Basic stats: COMPLETE Column stats: COMPLETE
                 Group By Operator
                   aggregations: count()
                   keys: _col0 (type: string)
diff --git a/ql/src/test/results/clientpositive/llap/explainuser_1.q.out b/ql/src/test/results/clientpositive/llap/explainuser_1.q.out
index 889c2ad532..f240468558 100644
--- a/ql/src/test/results/clientpositive/llap/explainuser_1.q.out
+++ b/ql/src/test/results/clientpositive/llap/explainuser_1.q.out
@@ -1097,9 +1097,9 @@ Stage-0
     Stage-1
       Reducer 2 llap
       File Output Operator [FS_8]
-        Select Operator [SEL_7] (rows=80 width=4)
+        Select Operator [SEL_7] (rows=85 width=7)
           Output:["_col0","_col1"]
-          Merge Join Operator [MERGEJOIN_16] (rows=80 width=4)
+          Merge Join Operator [MERGEJOIN_16] (rows=85 width=7)
             Conds:RS_4._col0=RS_5._col0(Left Outer),Output:["_col1","_col3"]
           <-Map 1 [SIMPLE_EDGE] llap
             SHUFFLE [RS_4]
@@ -1141,9 +1141,9 @@ Stage-0
     Stage-1
       Reducer 2 llap
       File Output Operator [FS_8]
-        Select Operator [SEL_7] (rows=80 width=0)
+        Select Operator [SEL_7] (rows=90 width=7)
           Output:["_col0","_col1"]
-          Merge Join Operator [MERGEJOIN_9] (rows=80 width=0)
+          Merge Join Operator [MERGEJOIN_9] (rows=90 width=7)
             Conds:RS_4._col0=RS_5._col0(Outer),Output:["_col1","_col3"]
           <-Map 1 [SIMPLE_EDGE] llap
             SHUFFLE [RS_4]
@@ -2015,11 +2015,11 @@ Stage-0
     Stage-1
       Reducer 2 llap
       File Output Operator [FS_19]
-        Select Operator [SEL_18] (rows=315 width=178)
+        Select Operator [SEL_18] (rows=500 width=178)
           Output:["_col0","_col1"]
-          Filter Operator [FIL_17] (rows=315 width=179)
+          Filter Operator [FIL_17] (rows=500 width=178)
             predicate:_col3 is null
-            Merge Join Operator [MERGEJOIN_27] (rows=500 width=179)
+            Merge Join Operator [MERGEJOIN_27] (rows=635 width=178)
               Conds:RS_14._col1=RS_15._col0(Left Outer),Output:["_col0","_col1","_col3"]
             <-Map 1 [SIMPLE_EDGE] llap
               SHUFFLE [RS_14]
@@ -2081,11 +2081,11 @@ Stage-0
     Stage-1
       Reducer 2 llap
       File Output Operator [FS_18]
-        Select Operator [SEL_17] (rows=126 width=178)
+        Select Operator [SEL_17] (rows=250 width=178)
           Output:["_col0","_col1"]
-          Filter Operator [FIL_16] (rows=126 width=180)
+          Filter Operator [FIL_16] (rows=250 width=179)
             predicate:_col4 is null
-            Merge Join Operator [MERGEJOIN_31] (rows=250 width=180)
+            Merge Join Operator [MERGEJOIN_31] (rows=333 width=179)
               Conds:GBY_4._col0, _col1=SEL_12._col0, _col1(Left Outer),Output:["_col0","_col1","_col4"]
             <-Select Operator [SEL_12] (rows=83 width=182)
                 Output:["_col0","_col1","_col2"]
@@ -2540,15 +2540,15 @@ Stage-0
     Stage-1
       Reducer 4 llap
       File Output Operator [FS_26]
-        Select Operator [SEL_25] (rows=500 width=178)
+        Select Operator [SEL_25] (rows=631 width=178)
           Output:["_col0","_col1"]
         <-Reducer 3 [SIMPLE_EDGE] llap
           SHUFFLE [RS_24]
-            Select Operator [SEL_23] (rows=500 width=178)
+            Select Operator [SEL_23] (rows=631 width=178)
               Output:["_col0","_col1"]
-              Filter Operator [FIL_22] (rows=500 width=195)
+              Filter Operator [FIL_22] (rows=631 width=194)
                 predicate:((_col2 = 0L) or (_col5 is null and _col0 is not null and (_col3 >= _col2)))
-                Merge Join Operator [MERGEJOIN_36] (rows=500 width=195)
+                Merge Join Operator [MERGEJOIN_36] (rows=631 width=194)
                   Conds:RS_19._col0=RS_20._col0(Left Outer),Output:["_col0","_col1","_col2","_col3","_col5"]
                 <-Reducer 2 [SIMPLE_EDGE] llap
                   SHUFFLE [RS_19]
@@ -2623,16 +2623,16 @@ Stage-0
     Stage-1
       Reducer 3 llap
       File Output Operator [FS_24]
-        Select Operator [SEL_23] (rows=13 width=223)
+        Select Operator [SEL_23] (rows=19 width=223)
           Output:["_col0","_col1","_col2"]
-          Filter Operator [FIL_22] (rows=13 width=225)
+          Filter Operator [FIL_22] (rows=19 width=234)
             predicate:CASE WHEN ((_col4 = 0L)) THEN (true) WHEN (_col4 is null) THEN (true) WHEN (_col8 is not null) THEN (false) WHEN (_col0 is null) THEN (null) WHEN ((_col5 < _col4)) THEN (false) ELSE (true) END
-            Merge Join Operator [MERGEJOIN_45] (rows=26 width=224)
+            Merge Join Operator [MERGEJOIN_45] (rows=38 width=234)
               Conds:RS_19._col0, _col1=RS_20._col0, _col1(Left Outer),Output:["_col0","_col1","_col2","_col4","_col5","_col8"]
             <-Reducer 2 [SIMPLE_EDGE] llap
               SHUFFLE [RS_19]
                 PartitionCols:_col0, _col1
-                Merge Join Operator [MERGEJOIN_44] (rows=26 width=223)
+                Merge Join Operator [MERGEJOIN_44] (rows=33 width=233)
                   Conds:RS_16._col1=RS_17._col0(Left Outer),Output:["_col0","_col1","_col2","_col4","_col5"]
                 <-Map 1 [SIMPLE_EDGE] llap
                   SHUFFLE [RS_16]
@@ -2708,15 +2708,15 @@ Stage-0
     Stage-1
       Reducer 4 llap
       File Output Operator [FS_31]
-        Select Operator [SEL_30] (rows=26 width=125)
+        Select Operator [SEL_30] (rows=27 width=125)
           Output:["_col0","_col1"]
         <-Reducer 3 [SIMPLE_EDGE] llap
           SHUFFLE [RS_29]
-            Select Operator [SEL_28] (rows=26 width=125)
+            Select Operator [SEL_28] (rows=27 width=125)
               Output:["_col0","_col1"]
-              Filter Operator [FIL_27] (rows=26 width=141)
+              Filter Operator [FIL_27] (rows=27 width=141)
                 predicate:((_col2 = 0L) or (_col5 is null and _col1 is not null and (_col3 >= _col2)))
-                Merge Join Operator [MERGEJOIN_37] (rows=26 width=141)
+                Merge Join Operator [MERGEJOIN_37] (rows=27 width=141)
                   Conds:RS_24.UDFToDouble(_col1)=RS_25._col0(Left Outer),Output:["_col0","_col1","_col2","_col3","_col5"]
                 <-Reducer 6 [SIMPLE_EDGE] llap
                   SHUFFLE [RS_25]
@@ -2793,20 +2793,20 @@ Stage-0
     Stage-1
       Reducer 5 llap
       File Output Operator [FS_36]
-        Select Operator [SEL_35] (rows=2 width=106)
+        Select Operator [SEL_35] (rows=3 width=106)
           Output:["_col0","_col1"]
         <-Reducer 4 [SIMPLE_EDGE] llap
           SHUFFLE [RS_34]
-            Select Operator [SEL_33] (rows=2 width=106)
+            Select Operator [SEL_33] (rows=3 width=106)
               Output:["_col0","_col1"]
-              Filter Operator [FIL_32] (rows=2 width=116)
+              Filter Operator [FIL_32] (rows=3 width=118)
                 predicate:CASE WHEN ((_col3 = 0L)) THEN (true) WHEN (_col3 is null) THEN (true) WHEN (_col7 is not null) THEN (false) WHEN (_col0 is null) THEN (null) WHEN ((_col4 < _col3)) THEN (false) ELSE (true) END
-                Merge Join Operator [MERGEJOIN_48] (rows=5 width=114)
+                Merge Join Operator [MERGEJOIN_48] (rows=7 width=114)
                   Conds:RS_29._col0, _col1=RS_30._col0, _col1(Left Outer),Output:["_col0","_col1","_col3","_col4","_col7"]
                 <-Reducer 3 [SIMPLE_EDGE] llap
                   SHUFFLE [RS_29]
                     PartitionCols:_col0, _col1
-                    Merge Join Operator [MERGEJOIN_47] (rows=5 width=112)
+                    Merge Join Operator [MERGEJOIN_47] (rows=6 width=111)
                       Conds:RS_26._col1=RS_27._col0(Left Outer),Output:["_col0","_col1","_col3","_col4"]
                     <-Reducer 2 [SIMPLE_EDGE] llap
                       SHUFFLE [RS_26]
diff --git a/ql/src/test/results/clientpositive/llap/insert_into_default_keyword.q.out b/ql/src/test/results/clientpositive/llap/insert_into_default_keyword.q.out
index f7f1882c07..79b8fb4425 100644
--- a/ql/src/test/results/clientpositive/llap/insert_into_default_keyword.q.out
+++ b/ql/src/test/results/clientpositive/llap/insert_into_default_keyword.q.out
@@ -2836,7 +2836,7 @@ STAGE PLANS:
                   0 key (type: int)
                   1 key (type: int)
                 outputColumnNames: _col0, _col2, _col5, _col6, _col7
-                Statistics: Num rows: 2 Data size: 522 Basic stats: COMPLETE Column stats: COMPLETE
+                Statistics: Num rows: 2 Data size: 432 Basic stats: COMPLETE Column stats: COMPLETE
                 Filter Operator
                   predicate: ((_col0 = _col6) and (_col6 < 3)) (type: boolean)
                   Statistics: Num rows: 1 Data size: 261 Basic stats: COMPLETE Column stats: COMPLETE
diff --git a/ql/src/test/results/clientpositive/llap/join32_lessSize.q.out b/ql/src/test/results/clientpositive/llap/join32_lessSize.q.out
index aba0c24704..0674ae4380 100644
--- a/ql/src/test/results/clientpositive/llap/join32_lessSize.q.out
+++ b/ql/src/test/results/clientpositive/llap/join32_lessSize.q.out
@@ -2052,13 +2052,13 @@ STAGE PLANS:
                   1 _col0 (type: string)
                 outputColumnNames: _col0, _col1
                 Position of Big Table: 0
-                Statistics: Num rows: 39 Data size: 6825 Basic stats: COMPLETE Column stats: COMPLETE
+                Statistics: Num rows: 64 Data size: 11200 Basic stats: COMPLETE Column stats: COMPLETE
                 Reduce Output Operator
                   key expressions: _col1 (type: string)
                   null sort order: a
                   sort order: +
                   Map-reduce partition columns: _col1 (type: string)
-                  Statistics: Num rows: 39 Data size: 6825 Basic stats: COMPLETE Column stats: COMPLETE
+                  Statistics: Num rows: 64 Data size: 11200 Basic stats: COMPLETE Column stats: COMPLETE
                   tag: 0
                   value expressions: _col0 (type: string)
                   auto parallelism: true
@@ -2074,17 +2074,17 @@ STAGE PLANS:
                   1 _col0 (type: string)
                 outputColumnNames: _col0, _col1, _col3
                 Position of Big Table: 0
-                Statistics: Num rows: 63 Data size: 16758 Basic stats: COMPLETE Column stats: COMPLETE
+                Statistics: Num rows: 104 Data size: 27664 Basic stats: COMPLETE Column stats: COMPLETE
                 Select Operator
                   expressions: _col0 (type: string), _col3 (type: string), _col1 (type: string)
                   outputColumnNames: _col0, _col1, _col2
-                  Statistics: Num rows: 63 Data size: 16758 Basic stats: COMPLETE Column stats: COMPLETE
+                  Statistics: Num rows: 104 Data size: 27664 Basic stats: COMPLETE Column stats: COMPLETE
                   File Output Operator
                     compressed: false
                     GlobalTableId: 1
 #### A masked pattern was here ####
                     NumFilesPerFileSink: 1
-                    Statistics: Num rows: 63 Data size: 16758 Basic stats: COMPLETE Column stats: COMPLETE
+                    Statistics: Num rows: 104 Data size: 27664 Basic stats: COMPLETE Column stats: COMPLETE
 #### A masked pattern was here ####
                     table:
                         input format: org.apache.hadoop.mapred.TextInputFormat
@@ -2115,7 +2115,7 @@ STAGE PLANS:
                   Select Operator
                     expressions: _col0 (type: string), _col1 (type: string), _col2 (type: string)
                     outputColumnNames: key, value, val2
-                    Statistics: Num rows: 63 Data size: 16758 Basic stats: COMPLETE Column stats: COMPLETE
+                    Statistics: Num rows: 104 Data size: 27664 Basic stats: COMPLETE Column stats: COMPLETE
                     Group By Operator
                       aggregations: compute_stats(key, 'hll'), compute_stats(value, 'hll'), compute_stats(val2, 'hll')
                       mode: hash
diff --git a/ql/src/test/results/clientpositive/llap/join46.q.out b/ql/src/test/results/clientpositive/llap/join46.q.out
index 81d9dbf823..fcd0d839b4 100644
--- a/ql/src/test/results/clientpositive/llap/join46.q.out
+++ b/ql/src/test/results/clientpositive/llap/join46.q.out
@@ -112,10 +112,10 @@ STAGE PLANS:
                   0 _col1 (type: int)
                   1 _col1 (type: int)
                 outputColumnNames: _col0, _col1, _col2, _col3, _col4, _col5
-                Statistics: Num rows: 8 Data size: 859 Basic stats: COMPLETE Column stats: COMPLETE
+                Statistics: Num rows: 11 Data size: 1903 Basic stats: COMPLETE Column stats: COMPLETE
                 File Output Operator
                   compressed: false
-                  Statistics: Num rows: 8 Data size: 859 Basic stats: COMPLETE Column stats: COMPLETE
+                  Statistics: Num rows: 11 Data size: 1903 Basic stats: COMPLETE Column stats: COMPLETE
                   table:
                       input format: org.apache.hadoop.mapred.SequenceFileInputFormat
                       output format: org.apache.hadoop.hive.ql.io.HiveSequenceFileOutputFormat
@@ -232,10 +232,10 @@ STAGE PLANS:
                   0 _col1 (type: int)
                   1 _col1 (type: int)
                 outputColumnNames: _col0, _col1, _col2, _col3, _col4, _col5
-                Statistics: Num rows: 6 Data size: 952 Basic stats: COMPLETE Column stats: COMPLETE
+                Statistics: Num rows: 8 Data size: 1049 Basic stats: COMPLETE Column stats: COMPLETE
                 File Output Operator
                   compressed: false
-                  Statistics: Num rows: 6 Data size: 952 Basic stats: COMPLETE Column stats: COMPLETE
+                  Statistics: Num rows: 8 Data size: 1049 Basic stats: COMPLETE Column stats: COMPLETE
                   table:
                       input format: org.apache.hadoop.mapred.SequenceFileInputFormat
                       output format: org.apache.hadoop.hive.ql.io.HiveSequenceFileOutputFormat
@@ -459,10 +459,10 @@ STAGE PLANS:
                   0 _col1 (type: int)
                   1 _col1 (type: int)
                 outputColumnNames: _col0, _col1, _col2, _col3, _col4, _col5
-                Statistics: Num rows: 8 Data size: 856 Basic stats: COMPLETE Column stats: COMPLETE
+                Statistics: Num rows: 10 Data size: 1810 Basic stats: COMPLETE Column stats: COMPLETE
                 File Output Operator
                   compressed: false
-                  Statistics: Num rows: 8 Data size: 856 Basic stats: COMPLETE Column stats: COMPLETE
+                  Statistics: Num rows: 10 Data size: 1810 Basic stats: COMPLETE Column stats: COMPLETE
                   table:
                       input format: org.apache.hadoop.mapred.SequenceFileInputFormat
                       output format: org.apache.hadoop.hive.ql.io.HiveSequenceFileOutputFormat
@@ -1035,10 +1035,10 @@ STAGE PLANS:
                   1 _col1 (type: int)
                 outputColumnNames: _col0, _col1, _col2, _col3, _col4, _col5
                 residual filter predicates: {(_col0 BETWEEN 100 AND 102 or _col3 BETWEEN 100 AND 102)}
-                Statistics: Num rows: 8 Data size: 859 Basic stats: COMPLETE Column stats: COMPLETE
+                Statistics: Num rows: 11 Data size: 1903 Basic stats: COMPLETE Column stats: COMPLETE
                 File Output Operator
                   compressed: false
-                  Statistics: Num rows: 8 Data size: 859 Basic stats: COMPLETE Column stats: COMPLETE
+                  Statistics: Num rows: 11 Data size: 1903 Basic stats: COMPLETE Column stats: COMPLETE
                   table:
                       input format: org.apache.hadoop.mapred.SequenceFileInputFormat
                       output format: org.apache.hadoop.hive.ql.io.HiveSequenceFileOutputFormat
@@ -1617,10 +1617,10 @@ STAGE PLANS:
                   1 _col1 (type: int)
                 outputColumnNames: _col0, _col1, _col2, _col3, _col4, _col5
                 residual filter predicates: {(_col0 BETWEEN 100 AND 102 or _col3 BETWEEN 100 AND 102)}
-                Statistics: Num rows: 8 Data size: 856 Basic stats: COMPLETE Column stats: COMPLETE
+                Statistics: Num rows: 10 Data size: 1810 Basic stats: COMPLETE Column stats: COMPLETE
                 File Output Operator
                   compressed: false
-                  Statistics: Num rows: 8 Data size: 856 Basic stats: COMPLETE Column stats: COMPLETE
+                  Statistics: Num rows: 10 Data size: 1810 Basic stats: COMPLETE Column stats: COMPLETE
                   table:
                       input format: org.apache.hadoop.mapred.SequenceFileInputFormat
                       output format: org.apache.hadoop.hive.ql.io.HiveSequenceFileOutputFormat
@@ -2084,10 +2084,10 @@ STAGE PLANS:
                   1 _col1 (type: int)
                 outputColumnNames: _col0, _col1, _col2, _col3, _col4, _col5
                 residual filter predicates: {(_col0 BETWEEN 100 AND 102 or _col3 BETWEEN 100 AND 102)}
-                Statistics: Num rows: 10 Data size: 191 Basic stats: COMPLETE Column stats: COMPLETE
+                Statistics: Num rows: 13 Data size: 1711 Basic stats: COMPLETE Column stats: COMPLETE
                 File Output Operator
                   compressed: false
-                  Statistics: Num rows: 10 Data size: 191 Basic stats: COMPLETE Column stats: COMPLETE
+                  Statistics: Num rows: 13 Data size: 1711 Basic stats: COMPLETE Column stats: COMPLETE
                   table:
                       input format: org.apache.hadoop.mapred.SequenceFileInputFormat
                       output format: org.apache.hadoop.hive.ql.io.HiveSequenceFileOutputFormat
@@ -2252,10 +2252,10 @@ STAGE PLANS:
                   1 _col1 (type: int)
                 outputColumnNames: _col0, _col1, _col2, _col3, _col4, _col5
                 residual filter predicates: {(_col0 BETWEEN 100 AND 102 or _col3 BETWEEN 100 AND 102)}
-                Statistics: Num rows: 8 Data size: 856 Basic stats: COMPLETE Column stats: COMPLETE
+                Statistics: Num rows: 10 Data size: 1810 Basic stats: COMPLETE Column stats: COMPLETE
                 Reduce Output Operator
                   sort order: 
-                  Statistics: Num rows: 8 Data size: 856 Basic stats: COMPLETE Column stats: COMPLETE
+                  Statistics: Num rows: 10 Data size: 1810 Basic stats: COMPLETE Column stats: COMPLETE
                   value expressions: _col0 (type: int), _col1 (type: int), _col2 (type: string), _col3 (type: int), _col4 (type: int), _col5 (type: string)
         Reducer 3 
             Execution mode: llap
@@ -2268,10 +2268,10 @@ STAGE PLANS:
                   1 
                 outputColumnNames: _col0, _col1, _col2, _col3, _col4, _col5, _col6, _col7, _col8, _col9, _col10, _col11
                 residual filter predicates: {(_col1 is null or (_col10 is null and (_col7 <> _col4)))}
-                Statistics: Num rows: 64 Data size: 23107 Basic stats: COMPLETE Column stats: COMPLETE
+                Statistics: Num rows: 110 Data size: 41722 Basic stats: COMPLETE Column stats: COMPLETE
                 File Output Operator
                   compressed: false
-                  Statistics: Num rows: 64 Data size: 23107 Basic stats: COMPLETE Column stats: COMPLETE
+                  Statistics: Num rows: 110 Data size: 41722 Basic stats: COMPLETE Column stats: COMPLETE
                   table:
                       input format: org.apache.hadoop.mapred.SequenceFileInputFormat
                       output format: org.apache.hadoop.hive.ql.io.HiveSequenceFileOutputFormat
@@ -2287,10 +2287,10 @@ STAGE PLANS:
                   1 _col1 (type: int)
                 outputColumnNames: _col0, _col1, _col2, _col3, _col4, _col5
                 residual filter predicates: {(_col0 BETWEEN 100 AND 102 or _col3 BETWEEN 100 AND 102)}
-                Statistics: Num rows: 8 Data size: 859 Basic stats: COMPLETE Column stats: COMPLETE
+                Statistics: Num rows: 11 Data size: 1903 Basic stats: COMPLETE Column stats: COMPLETE
                 Reduce Output Operator
                   sort order: 
-                  Statistics: Num rows: 8 Data size: 859 Basic stats: COMPLETE Column stats: COMPLETE
+                  Statistics: Num rows: 11 Data size: 1903 Basic stats: COMPLETE Column stats: COMPLETE
                   value expressions: _col0 (type: int), _col1 (type: int), _col2 (type: string), _col3 (type: int), _col4 (type: int), _col5 (type: string)
 
   Stage: Stage-0
diff --git a/ql/src/test/results/clientpositive/llap/join_emit_interval.q.out b/ql/src/test/results/clientpositive/llap/join_emit_interval.q.out
index 2c64ce853c..fd98f5c40e 100644
--- a/ql/src/test/results/clientpositive/llap/join_emit_interval.q.out
+++ b/ql/src/test/results/clientpositive/llap/join_emit_interval.q.out
@@ -115,10 +115,10 @@ STAGE PLANS:
                   0 _col1 (type: int)
                   1 _col1 (type: int)
                 outputColumnNames: _col0, _col1, _col2, _col3, _col4, _col5
-                Statistics: Num rows: 8 Data size: 859 Basic stats: COMPLETE Column stats: COMPLETE
+                Statistics: Num rows: 11 Data size: 1903 Basic stats: COMPLETE Column stats: COMPLETE
                 File Output Operator
                   compressed: false
-                  Statistics: Num rows: 8 Data size: 859 Basic stats: COMPLETE Column stats: COMPLETE
+                  Statistics: Num rows: 11 Data size: 1903 Basic stats: COMPLETE Column stats: COMPLETE
                   table:
                       input format: org.apache.hadoop.mapred.SequenceFileInputFormat
                       output format: org.apache.hadoop.hive.ql.io.HiveSequenceFileOutputFormat
diff --git a/ql/src/test/results/clientpositive/llap/limit_join_transpose.q.out b/ql/src/test/results/clientpositive/llap/limit_join_transpose.q.out
index 9d06dd87e7..b0e8aeaf08 100644
--- a/ql/src/test/results/clientpositive/llap/limit_join_transpose.q.out
+++ b/ql/src/test/results/clientpositive/llap/limit_join_transpose.q.out
@@ -292,7 +292,7 @@ STAGE PLANS:
                   0 _col0 (type: string)
                   1 _col0 (type: string)
                 outputColumnNames: _col0, _col1, _col2, _col3
-                Statistics: Num rows: 1 Data size: 356 Basic stats: COMPLETE Column stats: COMPLETE
+                Statistics: Num rows: 2 Data size: 712 Basic stats: COMPLETE Column stats: COMPLETE
                 Limit
                   Number of rows: 1
                   Statistics: Num rows: 1 Data size: 356 Basic stats: COMPLETE Column stats: COMPLETE
@@ -410,11 +410,11 @@ STAGE PLANS:
                   0 _col0 (type: string)
                   1 _col0 (type: string)
                 outputColumnNames: _col0, _col1, _col2, _col3, _col4, _col5
-                Statistics: Num rows: 1 Data size: 534 Basic stats: COMPLETE Column stats: COMPLETE
+                Statistics: Num rows: 5 Data size: 2492 Basic stats: COMPLETE Column stats: COMPLETE
                 Select Operator
                   expressions: _col4 (type: string), _col5 (type: string), _col0 (type: string), _col1 (type: string), _col2 (type: string), _col3 (type: string)
                   outputColumnNames: _col0, _col1, _col2, _col3, _col4, _col5
-                  Statistics: Num rows: 1 Data size: 534 Basic stats: COMPLETE Column stats: COMPLETE
+                  Statistics: Num rows: 5 Data size: 2492 Basic stats: COMPLETE Column stats: COMPLETE
                   Limit
                     Number of rows: 1
                     Statistics: Num rows: 1 Data size: 534 Basic stats: COMPLETE Column stats: COMPLETE
@@ -451,12 +451,12 @@ STAGE PLANS:
                   0 _col1 (type: string)
                   1 _col1 (type: string)
                 outputColumnNames: _col0, _col1, _col2, _col3
-                Statistics: Num rows: 1 Data size: 356 Basic stats: COMPLETE Column stats: COMPLETE
+                Statistics: Num rows: 2 Data size: 712 Basic stats: COMPLETE Column stats: COMPLETE
                 Reduce Output Operator
                   key expressions: _col0 (type: string)
                   sort order: +
                   Map-reduce partition columns: _col0 (type: string)
-                  Statistics: Num rows: 1 Data size: 356 Basic stats: COMPLETE Column stats: COMPLETE
+                  Statistics: Num rows: 2 Data size: 712 Basic stats: COMPLETE Column stats: COMPLETE
                   value expressions: _col1 (type: string), _col2 (type: string), _col3 (type: string)
 
   Stage: Stage-0
@@ -572,7 +572,7 @@ STAGE PLANS:
                   0 _col0 (type: string)
                   1 _col0 (type: string)
                 outputColumnNames: _col0, _col1, _col2, _col3, _col4, _col5
-                Statistics: Num rows: 1 Data size: 534 Basic stats: COMPLETE Column stats: COMPLETE
+                Statistics: Num rows: 2 Data size: 1068 Basic stats: COMPLETE Column stats: COMPLETE
                 Limit
                   Number of rows: 1
                   Statistics: Num rows: 1 Data size: 534 Basic stats: COMPLETE Column stats: COMPLETE
@@ -609,7 +609,7 @@ STAGE PLANS:
                   0 _col1 (type: string)
                   1 _col1 (type: string)
                 outputColumnNames: _col0, _col1, _col2, _col3
-                Statistics: Num rows: 1 Data size: 356 Basic stats: COMPLETE Column stats: COMPLETE
+                Statistics: Num rows: 2 Data size: 712 Basic stats: COMPLETE Column stats: COMPLETE
                 Limit
                   Number of rows: 1
                   Statistics: Num rows: 1 Data size: 356 Basic stats: COMPLETE Column stats: COMPLETE
@@ -755,11 +755,11 @@ STAGE PLANS:
                   0 _col0 (type: string)
                   1 _col0 (type: string)
                 outputColumnNames: _col0, _col1, _col2, _col3
-                Statistics: Num rows: 1 Data size: 356 Basic stats: COMPLETE Column stats: COMPLETE
+                Statistics: Num rows: 2 Data size: 712 Basic stats: COMPLETE Column stats: COMPLETE
                 Reduce Output Operator
                   key expressions: _col2 (type: string)
                   sort order: +
-                  Statistics: Num rows: 1 Data size: 356 Basic stats: COMPLETE Column stats: COMPLETE
+                  Statistics: Num rows: 2 Data size: 712 Basic stats: COMPLETE Column stats: COMPLETE
                   TopN Hash Memory Usage: 0.1
                   value expressions: _col0 (type: string), _col1 (type: string), _col3 (type: string)
         Reducer 3 
@@ -768,7 +768,7 @@ STAGE PLANS:
               Select Operator
                 expressions: VALUE._col0 (type: string), VALUE._col1 (type: string), KEY.reducesinkkey0 (type: string), VALUE._col2 (type: string)
                 outputColumnNames: _col0, _col1, _col2, _col3
-                Statistics: Num rows: 1 Data size: 356 Basic stats: COMPLETE Column stats: COMPLETE
+                Statistics: Num rows: 2 Data size: 712 Basic stats: COMPLETE Column stats: COMPLETE
                 Limit
                   Number of rows: 1
                   Statistics: Num rows: 1 Data size: 356 Basic stats: COMPLETE Column stats: COMPLETE
@@ -805,15 +805,15 @@ STAGE PLANS:
                   0 _col0 (type: string)
                   1 _col1 (type: string)
                 outputColumnNames: _col1, _col2
-                Statistics: Num rows: 1 Data size: 178 Basic stats: COMPLETE Column stats: COMPLETE
+                Statistics: Num rows: 2 Data size: 356 Basic stats: COMPLETE Column stats: COMPLETE
                 Select Operator
                   expressions: _col1 (type: string), _col2 (type: string)
                   outputColumnNames: _col0, _col1
-                  Statistics: Num rows: 1 Data size: 178 Basic stats: COMPLETE Column stats: COMPLETE
+                  Statistics: Num rows: 2 Data size: 356 Basic stats: COMPLETE Column stats: COMPLETE
                   Reduce Output Operator
                     key expressions: _col0 (type: string)
                     sort order: +
-                    Statistics: Num rows: 1 Data size: 178 Basic stats: COMPLETE Column stats: COMPLETE
+                    Statistics: Num rows: 2 Data size: 356 Basic stats: COMPLETE Column stats: COMPLETE
                     TopN Hash Memory Usage: 0.1
                     value expressions: _col1 (type: string)
         Reducer 6 
@@ -822,7 +822,7 @@ STAGE PLANS:
               Select Operator
                 expressions: KEY.reducesinkkey0 (type: string), VALUE._col0 (type: string)
                 outputColumnNames: _col0, _col1
-                Statistics: Num rows: 1 Data size: 178 Basic stats: COMPLETE Column stats: COMPLETE
+                Statistics: Num rows: 2 Data size: 356 Basic stats: COMPLETE Column stats: COMPLETE
                 Limit
                   Number of rows: 1
                   Statistics: Num rows: 1 Data size: 178 Basic stats: COMPLETE Column stats: COMPLETE
@@ -1212,7 +1212,7 @@ STAGE PLANS:
                   0 _col0 (type: string)
                   1 _col0 (type: string)
                 outputColumnNames: _col0, _col1, _col2, _col3
-                Statistics: Num rows: 1 Data size: 356 Basic stats: COMPLETE Column stats: COMPLETE
+                Statistics: Num rows: 2 Data size: 712 Basic stats: COMPLETE Column stats: COMPLETE
                 Limit
                   Number of rows: 1
                   Offset of rows: 1
@@ -1331,11 +1331,11 @@ STAGE PLANS:
                   0 _col0 (type: string)
                   1 _col0 (type: string)
                 outputColumnNames: _col0, _col1, _col2, _col3, _col4, _col5
-                Statistics: Num rows: 1 Data size: 534 Basic stats: COMPLETE Column stats: COMPLETE
+                Statistics: Num rows: 5 Data size: 2492 Basic stats: COMPLETE Column stats: COMPLETE
                 Select Operator
                   expressions: _col4 (type: string), _col5 (type: string), _col0 (type: string), _col1 (type: string), _col2 (type: string), _col3 (type: string)
                   outputColumnNames: _col0, _col1, _col2, _col3, _col4, _col5
-                  Statistics: Num rows: 1 Data size: 534 Basic stats: COMPLETE Column stats: COMPLETE
+                  Statistics: Num rows: 5 Data size: 2492 Basic stats: COMPLETE Column stats: COMPLETE
                   Limit
                     Number of rows: 1
                     Offset of rows: 1
@@ -1374,12 +1374,12 @@ STAGE PLANS:
                   0 _col1 (type: string)
                   1 _col1 (type: string)
                 outputColumnNames: _col0, _col1, _col2, _col3
-                Statistics: Num rows: 1 Data size: 356 Basic stats: COMPLETE Column stats: COMPLETE
+                Statistics: Num rows: 2 Data size: 712 Basic stats: COMPLETE Column stats: COMPLETE
                 Reduce Output Operator
                   key expressions: _col0 (type: string)
                   sort order: +
                   Map-reduce partition columns: _col0 (type: string)
-                  Statistics: Num rows: 1 Data size: 356 Basic stats: COMPLETE Column stats: COMPLETE
+                  Statistics: Num rows: 2 Data size: 712 Basic stats: COMPLETE Column stats: COMPLETE
                   value expressions: _col1 (type: string), _col2 (type: string), _col3 (type: string)
 
   Stage: Stage-0
@@ -1495,7 +1495,7 @@ STAGE PLANS:
                   0 _col0 (type: string)
                   1 _col0 (type: string)
                 outputColumnNames: _col0, _col1, _col2, _col3, _col4, _col5
-                Statistics: Num rows: 1 Data size: 534 Basic stats: COMPLETE Column stats: COMPLETE
+                Statistics: Num rows: 2 Data size: 1068 Basic stats: COMPLETE Column stats: COMPLETE
                 Limit
                   Number of rows: 1
                   Offset of rows: 1
@@ -1534,7 +1534,7 @@ STAGE PLANS:
                   0 _col1 (type: string)
                   1 _col1 (type: string)
                 outputColumnNames: _col0, _col1, _col2, _col3
-                Statistics: Num rows: 1 Data size: 356 Basic stats: COMPLETE Column stats: COMPLETE
+                Statistics: Num rows: 2 Data size: 712 Basic stats: COMPLETE Column stats: COMPLETE
                 Limit
                   Number of rows: 1
                   Offset of rows: 1
@@ -1681,11 +1681,11 @@ STAGE PLANS:
                   0 _col0 (type: string)
                   1 _col0 (type: string)
                 outputColumnNames: _col0, _col1, _col2, _col3
-                Statistics: Num rows: 1 Data size: 356 Basic stats: COMPLETE Column stats: COMPLETE
+                Statistics: Num rows: 2 Data size: 712 Basic stats: COMPLETE Column stats: COMPLETE
                 Reduce Output Operator
                   key expressions: _col2 (type: string)
                   sort order: +
-                  Statistics: Num rows: 1 Data size: 356 Basic stats: COMPLETE Column stats: COMPLETE
+                  Statistics: Num rows: 2 Data size: 712 Basic stats: COMPLETE Column stats: COMPLETE
                   TopN Hash Memory Usage: 0.1
                   value expressions: _col0 (type: string), _col1 (type: string), _col3 (type: string)
         Reducer 3 
@@ -1694,7 +1694,7 @@ STAGE PLANS:
               Select Operator
                 expressions: VALUE._col0 (type: string), VALUE._col1 (type: string), KEY.reducesinkkey0 (type: string), VALUE._col2 (type: string)
                 outputColumnNames: _col0, _col1, _col2, _col3
-                Statistics: Num rows: 1 Data size: 356 Basic stats: COMPLETE Column stats: COMPLETE
+                Statistics: Num rows: 2 Data size: 712 Basic stats: COMPLETE Column stats: COMPLETE
                 Limit
                   Number of rows: 1
                   Offset of rows: 1
@@ -1733,15 +1733,15 @@ STAGE PLANS:
                   0 _col0 (type: string)
                   1 _col1 (type: string)
                 outputColumnNames: _col1, _col2
-                Statistics: Num rows: 1 Data size: 178 Basic stats: COMPLETE Column stats: COMPLETE
+                Statistics: Num rows: 2 Data size: 356 Basic stats: COMPLETE Column stats: COMPLETE
                 Select Operator
                   expressions: _col1 (type: string), _col2 (type: string)
                   outputColumnNames: _col0, _col1
-                  Statistics: Num rows: 1 Data size: 178 Basic stats: COMPLETE Column stats: COMPLETE
+                  Statistics: Num rows: 2 Data size: 356 Basic stats: COMPLETE Column stats: COMPLETE
                   Reduce Output Operator
                     key expressions: _col0 (type: string)
                     sort order: +
-                    Statistics: Num rows: 1 Data size: 178 Basic stats: COMPLETE Column stats: COMPLETE
+                    Statistics: Num rows: 2 Data size: 356 Basic stats: COMPLETE Column stats: COMPLETE
                     TopN Hash Memory Usage: 0.1
                     value expressions: _col1 (type: string)
         Reducer 6 
@@ -1750,7 +1750,7 @@ STAGE PLANS:
               Select Operator
                 expressions: KEY.reducesinkkey0 (type: string), VALUE._col0 (type: string)
                 outputColumnNames: _col0, _col1
-                Statistics: Num rows: 1 Data size: 178 Basic stats: COMPLETE Column stats: COMPLETE
+                Statistics: Num rows: 2 Data size: 356 Basic stats: COMPLETE Column stats: COMPLETE
                 Limit
                   Number of rows: 1
                   Offset of rows: 1
diff --git a/ql/src/test/results/clientpositive/llap/llap_smb_ptf.q.out b/ql/src/test/results/clientpositive/llap/llap_smb_ptf.q.out
index c7b7d7068f..4ba8dd600d 100644
--- a/ql/src/test/results/clientpositive/llap/llap_smb_ptf.q.out
+++ b/ql/src/test/results/clientpositive/llap/llap_smb_ptf.q.out
@@ -652,16 +652,16 @@ STAGE PLANS:
                   0 _col4 (type: int)
                   1 _col5 (type: int)
                 outputColumnNames: _col0, _col1, _col2, _col3, _col5, _col6, _col7, _col9, _col10, _col11, _col12, _col13
-                Statistics: Num rows: 1 Data size: 504 Basic stats: COMPLETE Column stats: COMPLETE
+                Statistics: Num rows: 2 Data size: 1008 Basic stats: COMPLETE Column stats: COMPLETE
                 Select Operator
                   expressions: _col7 (type: int), _col0 (type: smallint), _col1 (type: string), _col2 (type: smallint), _col3 (type: string), _col5 (type: smallint), _col6 (type: string), _col9 (type: smallint), _col10 (type: smallint), _col11 (type: string), _col12 (type: string), _col13 (type: string)
                   outputColumnNames: _col0, _col2, _col3, _col4, _col5, _col7, _col8, _col9, _col10, _col11, _col12, _col13
-                  Statistics: Num rows: 1 Data size: 504 Basic stats: COMPLETE Column stats: COMPLETE
+                  Statistics: Num rows: 2 Data size: 1008 Basic stats: COMPLETE Column stats: COMPLETE
                   Reduce Output Operator
                     key expressions: _col0 (type: int)
                     sort order: +
                     Map-reduce partition columns: _col0 (type: int)
-                    Statistics: Num rows: 1 Data size: 504 Basic stats: COMPLETE Column stats: COMPLETE
+                    Statistics: Num rows: 2 Data size: 1008 Basic stats: COMPLETE Column stats: COMPLETE
                     value expressions: _col2 (type: smallint), _col3 (type: string), _col4 (type: smallint), _col5 (type: string), _col7 (type: smallint), _col8 (type: string), _col9 (type: smallint), _col10 (type: smallint), _col11 (type: string), _col12 (type: string), _col13 (type: string)
         Reducer 5 
             Execution mode: llap
@@ -673,11 +673,11 @@ STAGE PLANS:
                   0 _col0 (type: int)
                   1 _col0 (type: int)
                 outputColumnNames: _col0, _col2, _col3, _col4, _col5, _col7, _col8, _col9, _col10, _col11, _col12, _col13, _col15
-                Statistics: Num rows: 1 Data size: 504 Basic stats: COMPLETE Column stats: COMPLETE
+                Statistics: Num rows: 2 Data size: 1008 Basic stats: COMPLETE Column stats: COMPLETE
                 Select Operator
                   expressions: _col0 (type: int), _col2 (type: smallint), _col3 (type: string), _col4 (type: smallint), _col5 (type: string), _col7 (type: smallint), _col8 (type: string), _col9 (type: smallint), _col10 (type: smallint), _col12 (type: string), _col13 (type: string), _col11 (type: string), _col15 (type: int)
                   outputColumnNames: _col0, _col1, _col2, _col3, _col4, _col5, _col6, _col7, _col8, _col9, _col10, _col11, _col12
-                  Statistics: Num rows: 1 Data size: 504 Basic stats: COMPLETE Column stats: COMPLETE
+                  Statistics: Num rows: 2 Data size: 1008 Basic stats: COMPLETE Column stats: COMPLETE
                   Filter Operator
                     predicate: _col12 is null (type: boolean)
                     Statistics: Num rows: 1 Data size: 504 Basic stats: COMPLETE Column stats: COMPLETE
diff --git a/ql/src/test/results/clientpositive/llap/mapjoin46.q.out b/ql/src/test/results/clientpositive/llap/mapjoin46.q.out
index b109e4ed3d..a1fe936dd4 100644
--- a/ql/src/test/results/clientpositive/llap/mapjoin46.q.out
+++ b/ql/src/test/results/clientpositive/llap/mapjoin46.q.out
@@ -86,10 +86,10 @@ STAGE PLANS:
                       outputColumnNames: _col0, _col1, _col2, _col3, _col4, _col5
                       input vertices:
                         1 Map 2
-                      Statistics: Num rows: 8 Data size: 859 Basic stats: COMPLETE Column stats: COMPLETE
+                      Statistics: Num rows: 11 Data size: 1903 Basic stats: COMPLETE Column stats: COMPLETE
                       File Output Operator
                         compressed: false
-                        Statistics: Num rows: 8 Data size: 859 Basic stats: COMPLETE Column stats: COMPLETE
+                        Statistics: Num rows: 11 Data size: 1903 Basic stats: COMPLETE Column stats: COMPLETE
                         table:
                             input format: org.apache.hadoop.mapred.SequenceFileInputFormat
                             output format: org.apache.hadoop.hive.ql.io.HiveSequenceFileOutputFormat
@@ -195,10 +195,10 @@ STAGE PLANS:
                       outputColumnNames: _col0, _col1, _col2, _col3, _col4, _col5
                       input vertices:
                         1 Map 2
-                      Statistics: Num rows: 6 Data size: 952 Basic stats: COMPLETE Column stats: COMPLETE
+                      Statistics: Num rows: 8 Data size: 1049 Basic stats: COMPLETE Column stats: COMPLETE
                       File Output Operator
                         compressed: false
-                        Statistics: Num rows: 6 Data size: 952 Basic stats: COMPLETE Column stats: COMPLETE
+                        Statistics: Num rows: 8 Data size: 1049 Basic stats: COMPLETE Column stats: COMPLETE
                         table:
                             input format: org.apache.hadoop.mapred.SequenceFileInputFormat
                             output format: org.apache.hadoop.hive.ql.io.HiveSequenceFileOutputFormat
@@ -431,10 +431,10 @@ STAGE PLANS:
                       outputColumnNames: _col0, _col1, _col2, _col3, _col4, _col5
                       input vertices:
                         0 Map 1
-                      Statistics: Num rows: 8 Data size: 856 Basic stats: COMPLETE Column stats: COMPLETE
+                      Statistics: Num rows: 10 Data size: 1810 Basic stats: COMPLETE Column stats: COMPLETE
                       File Output Operator
                         compressed: false
-                        Statistics: Num rows: 8 Data size: 856 Basic stats: COMPLETE Column stats: COMPLETE
+                        Statistics: Num rows: 10 Data size: 1810 Basic stats: COMPLETE Column stats: COMPLETE
                         table:
                             input format: org.apache.hadoop.mapred.SequenceFileInputFormat
                             output format: org.apache.hadoop.hive.ql.io.HiveSequenceFileOutputFormat
@@ -963,10 +963,10 @@ STAGE PLANS:
                       input vertices:
                         1 Map 2
                       residual filter predicates: {(_col0 BETWEEN 100 AND 102 or _col3 BETWEEN 100 AND 102)}
-                      Statistics: Num rows: 8 Data size: 859 Basic stats: COMPLETE Column stats: COMPLETE
+                      Statistics: Num rows: 11 Data size: 1903 Basic stats: COMPLETE Column stats: COMPLETE
                       File Output Operator
                         compressed: false
-                        Statistics: Num rows: 8 Data size: 859 Basic stats: COMPLETE Column stats: COMPLETE
+                        Statistics: Num rows: 11 Data size: 1903 Basic stats: COMPLETE Column stats: COMPLETE
                         table:
                             input format: org.apache.hadoop.mapred.SequenceFileInputFormat
                             output format: org.apache.hadoop.hive.ql.io.HiveSequenceFileOutputFormat
@@ -1424,10 +1424,10 @@ STAGE PLANS:
                       input vertices:
                         0 Map 1
                       residual filter predicates: {(_col0 BETWEEN 100 AND 102 or _col3 BETWEEN 100 AND 102)}
-                      Statistics: Num rows: 8 Data size: 856 Basic stats: COMPLETE Column stats: COMPLETE
+                      Statistics: Num rows: 10 Data size: 1810 Basic stats: COMPLETE Column stats: COMPLETE
                       File Output Operator
                         compressed: false
-                        Statistics: Num rows: 8 Data size: 856 Basic stats: COMPLETE Column stats: COMPLETE
+                        Statistics: Num rows: 10 Data size: 1810 Basic stats: COMPLETE Column stats: COMPLETE
                         table:
                             input format: org.apache.hadoop.mapred.SequenceFileInputFormat
                             output format: org.apache.hadoop.hive.ql.io.HiveSequenceFileOutputFormat
@@ -2245,10 +2245,10 @@ STAGE PLANS:
                   1 _col1 (type: int)
                 outputColumnNames: _col0, _col1, _col2, _col3, _col4, _col5
                 residual filter predicates: {(_col0 BETWEEN 100 AND 102 or _col3 BETWEEN 100 AND 102)}
-                Statistics: Num rows: 10 Data size: 191 Basic stats: COMPLETE Column stats: COMPLETE
+                Statistics: Num rows: 13 Data size: 1711 Basic stats: COMPLETE Column stats: COMPLETE
                 File Output Operator
                   compressed: false
-                  Statistics: Num rows: 10 Data size: 191 Basic stats: COMPLETE Column stats: COMPLETE
+                  Statistics: Num rows: 13 Data size: 1711 Basic stats: COMPLETE Column stats: COMPLETE
                   table:
                       input format: org.apache.hadoop.mapred.SequenceFileInputFormat
                       output format: org.apache.hadoop.hive.ql.io.HiveSequenceFileOutputFormat
@@ -2364,10 +2364,10 @@ STAGE PLANS:
                   1 _col1 (type: int)
                 outputColumnNames: _col0, _col1, _col2, _col3, _col4, _col5
                 residual filter predicates: {(_col0 BETWEEN 100 AND 102 or _col3 BETWEEN 100 AND 102)}
-                Statistics: Num rows: 10 Data size: 191 Basic stats: COMPLETE Column stats: COMPLETE
+                Statistics: Num rows: 13 Data size: 1711 Basic stats: COMPLETE Column stats: COMPLETE
                 File Output Operator
                   compressed: false
-                  Statistics: Num rows: 10 Data size: 191 Basic stats: COMPLETE Column stats: COMPLETE
+                  Statistics: Num rows: 13 Data size: 1711 Basic stats: COMPLETE Column stats: COMPLETE
                   table:
                       input format: org.apache.hadoop.mapred.SequenceFileInputFormat
                       output format: org.apache.hadoop.hive.ql.io.HiveSequenceFileOutputFormat
@@ -2496,10 +2496,10 @@ STAGE PLANS:
                       input vertices:
                         1 Map 4
                       residual filter predicates: {(_col0 BETWEEN 100 AND 102 or _col3 BETWEEN 100 AND 102)}
-                      Statistics: Num rows: 8 Data size: 859 Basic stats: COMPLETE Column stats: COMPLETE
+                      Statistics: Num rows: 11 Data size: 1903 Basic stats: COMPLETE Column stats: COMPLETE
                       Reduce Output Operator
                         sort order: 
-                        Statistics: Num rows: 8 Data size: 859 Basic stats: COMPLETE Column stats: COMPLETE
+                        Statistics: Num rows: 11 Data size: 1903 Basic stats: COMPLETE Column stats: COMPLETE
                         value expressions: _col0 (type: int), _col1 (type: int), _col2 (type: string), _col3 (type: int), _col4 (type: int), _col5 (type: string)
             Execution mode: llap
             LLAP IO: no inputs
@@ -2522,10 +2522,10 @@ STAGE PLANS:
                       input vertices:
                         0 Map 1
                       residual filter predicates: {(_col0 BETWEEN 100 AND 102 or _col3 BETWEEN 100 AND 102)}
-                      Statistics: Num rows: 8 Data size: 856 Basic stats: COMPLETE Column stats: COMPLETE
+                      Statistics: Num rows: 10 Data size: 1810 Basic stats: COMPLETE Column stats: COMPLETE
                       Reduce Output Operator
                         sort order: 
-                        Statistics: Num rows: 8 Data size: 856 Basic stats: COMPLETE Column stats: COMPLETE
+                        Statistics: Num rows: 10 Data size: 1810 Basic stats: COMPLETE Column stats: COMPLETE
                         value expressions: _col0 (type: int), _col1 (type: int), _col2 (type: string), _col3 (type: int), _col4 (type: int), _col5 (type: string)
             Execution mode: llap
             LLAP IO: no inputs
@@ -2557,10 +2557,10 @@ STAGE PLANS:
                   1 
                 outputColumnNames: _col0, _col1, _col2, _col3, _col4, _col5, _col6, _col7, _col8, _col9, _col10, _col11
                 residual filter predicates: {(_col1 is null or (_col10 is null and (_col7 <> _col4)))}
-                Statistics: Num rows: 64 Data size: 23107 Basic stats: COMPLETE Column stats: COMPLETE
+                Statistics: Num rows: 110 Data size: 41722 Basic stats: COMPLETE Column stats: COMPLETE
                 File Output Operator
                   compressed: false
-                  Statistics: Num rows: 64 Data size: 23107 Basic stats: COMPLETE Column stats: COMPLETE
+                  Statistics: Num rows: 110 Data size: 41722 Basic stats: COMPLETE Column stats: COMPLETE
                   table:
                       input format: org.apache.hadoop.mapred.SequenceFileInputFormat
                       output format: org.apache.hadoop.hive.ql.io.HiveSequenceFileOutputFormat
@@ -2727,10 +2727,10 @@ STAGE PLANS:
                       input vertices:
                         1 Map 4
                       residual filter predicates: {(_col0 BETWEEN 100 AND 102 or _col3 BETWEEN 100 AND 102)}
-                      Statistics: Num rows: 8 Data size: 859 Basic stats: COMPLETE Column stats: COMPLETE
+                      Statistics: Num rows: 11 Data size: 1903 Basic stats: COMPLETE Column stats: COMPLETE
                       Reduce Output Operator
                         sort order: 
-                        Statistics: Num rows: 8 Data size: 859 Basic stats: COMPLETE Column stats: COMPLETE
+                        Statistics: Num rows: 11 Data size: 1903 Basic stats: COMPLETE Column stats: COMPLETE
                         value expressions: _col0 (type: int), _col1 (type: int), _col2 (type: string), _col3 (type: int), _col4 (type: int), _col5 (type: string)
             Execution mode: llap
             LLAP IO: no inputs
@@ -2753,10 +2753,10 @@ STAGE PLANS:
                       input vertices:
                         0 Map 1
                       residual filter predicates: {(_col0 BETWEEN 100 AND 102 or _col3 BETWEEN 100 AND 102)}
-                      Statistics: Num rows: 8 Data size: 856 Basic stats: COMPLETE Column stats: COMPLETE
+                      Statistics: Num rows: 10 Data size: 1810 Basic stats: COMPLETE Column stats: COMPLETE
                       Reduce Output Operator
                         sort order: 
-                        Statistics: Num rows: 8 Data size: 856 Basic stats: COMPLETE Column stats: COMPLETE
+                        Statistics: Num rows: 10 Data size: 1810 Basic stats: COMPLETE Column stats: COMPLETE
                         value expressions: _col0 (type: int), _col1 (type: int), _col2 (type: string), _col3 (type: int), _col4 (type: int), _col5 (type: string)
             Execution mode: llap
             LLAP IO: no inputs
@@ -2788,10 +2788,10 @@ STAGE PLANS:
                   1 
                 outputColumnNames: _col0, _col1, _col2, _col3, _col4, _col5, _col6, _col7, _col8, _col9, _col10, _col11
                 residual filter predicates: {(_col1 is null or (_col10 is null and (_col7 <> _col4)))}
-                Statistics: Num rows: 64 Data size: 23107 Basic stats: COMPLETE Column stats: COMPLETE
+                Statistics: Num rows: 110 Data size: 41722 Basic stats: COMPLETE Column stats: COMPLETE
                 File Output Operator
                   compressed: false
-                  Statistics: Num rows: 64 Data size: 23107 Basic stats: COMPLETE Column stats: COMPLETE
+                  Statistics: Num rows: 110 Data size: 41722 Basic stats: COMPLETE Column stats: COMPLETE
                   table:
                       input format: org.apache.hadoop.mapred.SequenceFileInputFormat
                       output format: org.apache.hadoop.hive.ql.io.HiveSequenceFileOutputFormat
diff --git a/ql/src/test/results/clientpositive/llap/mapjoin_emit_interval.q.out b/ql/src/test/results/clientpositive/llap/mapjoin_emit_interval.q.out
index aaddb99e8a..706d27c3b4 100644
--- a/ql/src/test/results/clientpositive/llap/mapjoin_emit_interval.q.out
+++ b/ql/src/test/results/clientpositive/llap/mapjoin_emit_interval.q.out
@@ -89,10 +89,10 @@ STAGE PLANS:
                       outputColumnNames: _col0, _col1, _col2, _col3, _col4, _col5
                       input vertices:
                         1 Map 2
-                      Statistics: Num rows: 8 Data size: 859 Basic stats: COMPLETE Column stats: COMPLETE
+                      Statistics: Num rows: 11 Data size: 1903 Basic stats: COMPLETE Column stats: COMPLETE
                       File Output Operator
                         compressed: false
-                        Statistics: Num rows: 8 Data size: 859 Basic stats: COMPLETE Column stats: COMPLETE
+                        Statistics: Num rows: 11 Data size: 1903 Basic stats: COMPLETE Column stats: COMPLETE
                         table:
                             input format: org.apache.hadoop.mapred.SequenceFileInputFormat
                             output format: org.apache.hadoop.hive.ql.io.HiveSequenceFileOutputFormat
diff --git a/ql/src/test/results/clientpositive/llap/subquery_in.q.out b/ql/src/test/results/clientpositive/llap/subquery_in.q.out
index c00fadcfca..12e8c54480 100644
--- a/ql/src/test/results/clientpositive/llap/subquery_in.q.out
+++ b/ql/src/test/results/clientpositive/llap/subquery_in.q.out
@@ -4511,19 +4511,19 @@ STAGE PLANS:
                   0 _col4 (type: string)
                   1 _col0 (type: string)
                 outputColumnNames: _col0, _col1, _col2, _col3, _col4, _col5, _col6, _col7, _col8, _col10
-                Statistics: Num rows: 26 Data size: 16278 Basic stats: COMPLETE Column stats: COMPLETE
+                Statistics: Num rows: 40 Data size: 24880 Basic stats: COMPLETE Column stats: COMPLETE
                 Filter Operator
                   predicate: (sq_count_check(CASE WHEN (_col10 is null) THEN (0) ELSE (_col10) END, true) > 0) (type: boolean)
-                  Statistics: Num rows: 8 Data size: 5016 Basic stats: COMPLETE Column stats: COMPLETE
+                  Statistics: Num rows: 13 Data size: 8095 Basic stats: COMPLETE Column stats: COMPLETE
                   Select Operator
                     expressions: _col0 (type: int), _col1 (type: string), _col2 (type: string), _col3 (type: string), _col4 (type: string), _col5 (type: int), _col6 (type: string), _col7 (type: double), _col8 (type: string)
                     outputColumnNames: _col0, _col1, _col2, _col3, _col4, _col5, _col6, _col7, _col8
-                    Statistics: Num rows: 8 Data size: 4952 Basic stats: COMPLETE Column stats: COMPLETE
+                    Statistics: Num rows: 13 Data size: 8047 Basic stats: COMPLETE Column stats: COMPLETE
                     Reduce Output Operator
                       key expressions: _col4 (type: string), UDFToLong(_col5) (type: bigint)
                       sort order: ++
                       Map-reduce partition columns: _col4 (type: string), UDFToLong(_col5) (type: bigint)
-                      Statistics: Num rows: 8 Data size: 4952 Basic stats: COMPLETE Column stats: COMPLETE
+                      Statistics: Num rows: 13 Data size: 8047 Basic stats: COMPLETE Column stats: COMPLETE
                       value expressions: _col0 (type: int), _col1 (type: string), _col2 (type: string), _col3 (type: string), _col5 (type: int), _col6 (type: string), _col7 (type: double), _col8 (type: string)
         Reducer 3 
             Execution mode: llap
@@ -5030,19 +5030,19 @@ STAGE PLANS:
                   0 _col4 (type: string)
                   1 _col0 (type: string)
                 outputColumnNames: _col0, _col1, _col2, _col3, _col4, _col5, _col6, _col7, _col8, _col10
-                Statistics: Num rows: 26 Data size: 16278 Basic stats: COMPLETE Column stats: COMPLETE
+                Statistics: Num rows: 40 Data size: 24880 Basic stats: COMPLETE Column stats: COMPLETE
                 Filter Operator
                   predicate: (sq_count_check(CASE WHEN (_col10 is null) THEN (0) ELSE (_col10) END, true) > 0) (type: boolean)
-                  Statistics: Num rows: 8 Data size: 5016 Basic stats: COMPLETE Column stats: COMPLETE
+                  Statistics: Num rows: 13 Data size: 8095 Basic stats: COMPLETE Column stats: COMPLETE
                   Select Operator
                     expressions: _col0 (type: int), _col1 (type: string), _col2 (type: string), _col3 (type: string), _col4 (type: string), _col5 (type: int), _col6 (type: string), _col7 (type: double), _col8 (type: string)
                     outputColumnNames: _col0, _col1, _col2, _col3, _col4, _col5, _col6, _col7, _col8
-                    Statistics: Num rows: 8 Data size: 4952 Basic stats: COMPLETE Column stats: COMPLETE
+                    Statistics: Num rows: 13 Data size: 8047 Basic stats: COMPLETE Column stats: COMPLETE
                     Reduce Output Operator
                       key expressions: _col4 (type: string)
                       sort order: +
                       Map-reduce partition columns: _col4 (type: string)
-                      Statistics: Num rows: 8 Data size: 4952 Basic stats: COMPLETE Column stats: COMPLETE
+                      Statistics: Num rows: 13 Data size: 8047 Basic stats: COMPLETE Column stats: COMPLETE
                       value expressions: _col0 (type: int), _col1 (type: string), _col2 (type: string), _col3 (type: string), _col5 (type: int), _col6 (type: string), _col7 (type: double), _col8 (type: string)
         Reducer 3 
             Execution mode: llap
@@ -5054,12 +5054,12 @@ STAGE PLANS:
                   0 _col4 (type: string)
                   1 _col0 (type: string)
                 outputColumnNames: _col0, _col1, _col2, _col3, _col4, _col5, _col6, _col7, _col8, _col10, _col11
-                Statistics: Num rows: 8 Data size: 4968 Basic stats: COMPLETE Column stats: COMPLETE
+                Statistics: Num rows: 13 Data size: 8255 Basic stats: COMPLETE Column stats: COMPLETE
                 Reduce Output Operator
                   key expressions: _col4 (type: string), UDFToLong(_col5) (type: bigint)
                   sort order: ++
                   Map-reduce partition columns: _col4 (type: string), UDFToLong(_col5) (type: bigint)
-                  Statistics: Num rows: 8 Data size: 4968 Basic stats: COMPLETE Column stats: COMPLETE
+                  Statistics: Num rows: 13 Data size: 8255 Basic stats: COMPLETE Column stats: COMPLETE
                   value expressions: _col0 (type: int), _col1 (type: string), _col2 (type: string), _col3 (type: string), _col5 (type: int), _col6 (type: string), _col7 (type: double), _col8 (type: string), _col10 (type: bigint), _col11 (type: bigint)
         Reducer 4 
             Execution mode: llap
@@ -5071,17 +5071,17 @@ STAGE PLANS:
                   0 _col4 (type: string), UDFToLong(_col5) (type: bigint)
                   1 _col1 (type: string), _col0 (type: bigint)
                 outputColumnNames: _col0, _col1, _col2, _col3, _col4, _col5, _col6, _col7, _col8, _col10, _col11, _col14
-                Statistics: Num rows: 8 Data size: 4972 Basic stats: COMPLETE Column stats: COMPLETE
+                Statistics: Num rows: 13 Data size: 8307 Basic stats: COMPLETE Column stats: COMPLETE
                 Filter Operator
                   predicate: CASE WHEN ((_col10 = 0L)) THEN (true) WHEN (_col10 is null) THEN (true) WHEN (_col14 is not null) THEN (false) WHEN (_col5 is null) THEN (null) WHEN ((_col11 < _col10)) THEN (false) ELSE (true) END (type: boolean)
-                  Statistics: Num rows: 4 Data size: 2496 Basic stats: COMPLETE Column stats: COMPLETE
+                  Statistics: Num rows: 6 Data size: 3834 Basic stats: COMPLETE Column stats: COMPLETE
                   Select Operator
                     expressions: _col0 (type: int), _col1 (type: string), _col2 (type: string), _col3 (type: string), _col4 (type: string), _col5 (type: int), _col6 (type: string), _col7 (type: double), _col8 (type: string)
                     outputColumnNames: _col0, _col1, _col2, _col3, _col4, _col5, _col6, _col7, _col8
-                    Statistics: Num rows: 4 Data size: 2476 Basic stats: COMPLETE Column stats: COMPLETE
+                    Statistics: Num rows: 6 Data size: 3714 Basic stats: COMPLETE Column stats: COMPLETE
                     File Output Operator
                       compressed: false
-                      Statistics: Num rows: 4 Data size: 2476 Basic stats: COMPLETE Column stats: COMPLETE
+                      Statistics: Num rows: 6 Data size: 3714 Basic stats: COMPLETE Column stats: COMPLETE
                       table:
                           input format: org.apache.hadoop.mapred.SequenceFileInputFormat
                           output format: org.apache.hadoop.hive.ql.io.HiveSequenceFileOutputFormat
@@ -5289,19 +5289,19 @@ STAGE PLANS:
                   0 _col0 (type: int)
                   1 _col0 (type: int)
                 outputColumnNames: _col0, _col1, _col2, _col3, _col4, _col5, _col6, _col7, _col8, _col10
-                Statistics: Num rows: 26 Data size: 16294 Basic stats: COMPLETE Column stats: COMPLETE
+                Statistics: Num rows: 39 Data size: 24253 Basic stats: COMPLETE Column stats: COMPLETE
                 Filter Operator
                   predicate: (sq_count_check(CASE WHEN (_col10 is null) THEN (0) ELSE (_col10) END, true) > 0) (type: boolean)
-                  Statistics: Num rows: 8 Data size: 5016 Basic stats: COMPLETE Column stats: COMPLETE
+                  Statistics: Num rows: 13 Data size: 8087 Basic stats: COMPLETE Column stats: COMPLETE
                   Select Operator
                     expressions: _col0 (type: int), _col1 (type: string), _col2 (type: string), _col3 (type: string), _col4 (type: string), _col5 (type: int), _col6 (type: string), _col7 (type: double), _col8 (type: string)
                     outputColumnNames: _col0, _col1, _col2, _col3, _col4, _col5, _col6, _col7, _col8
-                    Statistics: Num rows: 8 Data size: 4952 Basic stats: COMPLETE Column stats: COMPLETE
+                    Statistics: Num rows: 13 Data size: 8047 Basic stats: COMPLETE Column stats: COMPLETE
                     Reduce Output Operator
                       key expressions: _col0 (type: int)
                       sort order: +
                       Map-reduce partition columns: _col0 (type: int)
-                      Statistics: Num rows: 8 Data size: 4952 Basic stats: COMPLETE Column stats: COMPLETE
+                      Statistics: Num rows: 13 Data size: 8047 Basic stats: COMPLETE Column stats: COMPLETE
                       value expressions: _col1 (type: string), _col2 (type: string), _col3 (type: string), _col4 (type: string), _col5 (type: int), _col6 (type: string), _col7 (type: double), _col8 (type: string)
         Reducer 3 
             Execution mode: llap
@@ -5313,12 +5313,12 @@ STAGE PLANS:
                   0 _col0 (type: int)
                   1 _col0 (type: int)
                 outputColumnNames: _col0, _col1, _col2, _col3, _col4, _col5, _col6, _col7, _col8, _col10, _col11
-                Statistics: Num rows: 8 Data size: 4968 Basic stats: COMPLETE Column stats: COMPLETE
+                Statistics: Num rows: 13 Data size: 8255 Basic stats: COMPLETE Column stats: COMPLETE
                 Reduce Output Operator
                   key expressions: _col0 (type: int), UDFToDouble(_col5) (type: double)
                   sort order: ++
                   Map-reduce partition columns: _col0 (type: int), UDFToDouble(_col5) (type: double)
-                  Statistics: Num rows: 8 Data size: 4968 Basic stats: COMPLETE Column stats: COMPLETE
+                  Statistics: Num rows: 13 Data size: 8255 Basic stats: COMPLETE Column stats: COMPLETE
                   value expressions: _col1 (type: string), _col2 (type: string), _col3 (type: string), _col4 (type: string), _col5 (type: int), _col6 (type: string), _col7 (type: double), _col8 (type: string), _col10 (type: bigint), _col11 (type: bigint)
         Reducer 4 
             Execution mode: llap
@@ -5330,17 +5330,17 @@ STAGE PLANS:
                   0 _col0 (type: int), UDFToDouble(_col5) (type: double)
                   1 _col1 (type: int), _col0 (type: double)
                 outputColumnNames: _col0, _col1, _col2, _col3, _col4, _col5, _col6, _col7, _col8, _col10, _col11, _col14
-                Statistics: Num rows: 8 Data size: 4972 Basic stats: COMPLETE Column stats: COMPLETE
+                Statistics: Num rows: 13 Data size: 8307 Basic stats: COMPLETE Column stats: COMPLETE
                 Filter Operator
                   predicate: CASE WHEN ((_col10 = 0L)) THEN (true) WHEN (_col10 is null) THEN (true) WHEN (_col14 is not null) THEN (false) WHEN (_col5 is null) THEN (null) WHEN ((_col11 < _col10)) THEN (false) ELSE (true) END (type: boolean)
-                  Statistics: Num rows: 4 Data size: 2496 Basic stats: COMPLETE Column stats: COMPLETE
+                  Statistics: Num rows: 6 Data size: 3834 Basic stats: COMPLETE Column stats: COMPLETE
                   Select Operator
                     expressions: _col0 (type: int), _col1 (type: string), _col2 (type: string), _col3 (type: string), _col4 (type: string), _col5 (type: int), _col6 (type: string), _col7 (type: double), _col8 (type: string)
                     outputColumnNames: _col0, _col1, _col2, _col3, _col4, _col5, _col6, _col7, _col8
-                    Statistics: Num rows: 4 Data size: 2476 Basic stats: COMPLETE Column stats: COMPLETE
+                    Statistics: Num rows: 6 Data size: 3714 Basic stats: COMPLETE Column stats: COMPLETE
                     File Output Operator
                       compressed: false
-                      Statistics: Num rows: 4 Data size: 2476 Basic stats: COMPLETE Column stats: COMPLETE
+                      Statistics: Num rows: 6 Data size: 3714 Basic stats: COMPLETE Column stats: COMPLETE
                       table:
                           input format: org.apache.hadoop.mapred.SequenceFileInputFormat
                           output format: org.apache.hadoop.hive.ql.io.HiveSequenceFileOutputFormat
diff --git a/ql/src/test/results/clientpositive/llap/subquery_multi.q.out b/ql/src/test/results/clientpositive/llap/subquery_multi.q.out
index e9a355883d..d8d42ee10b 100644
--- a/ql/src/test/results/clientpositive/llap/subquery_multi.q.out
+++ b/ql/src/test/results/clientpositive/llap/subquery_multi.q.out
@@ -4051,7 +4051,7 @@ STAGE PLANS:
                   0 _col5 (type: int)
                   1 _col0 (type: int)
                 outputColumnNames: _col0, _col1, _col2, _col3, _col4, _col5, _col6, _col7, _col8, _col9, _col10, _col12
-                Statistics: Num rows: 26 Data size: 16518 Basic stats: COMPLETE Column stats: COMPLETE
+                Statistics: Num rows: 27 Data size: 17153 Basic stats: COMPLETE Column stats: COMPLETE
                 Filter Operator
                   predicate: ((_col0 = 3) or CASE WHEN ((_col9 = 0L)) THEN (true) WHEN (_col12 is not null) THEN (false) WHEN (_col5 is null) THEN (null) WHEN ((_col10 < _col9)) THEN (null) ELSE (true) END) (type: boolean)
                   Statistics: Num rows: 14 Data size: 8898 Basic stats: COMPLETE Column stats: COMPLETE
@@ -4256,10 +4256,10 @@ STAGE PLANS:
                   0 _col0 (type: string)
                   1 _col0 (type: string)
                 outputColumnNames: _col1, _col2, _col4
-                Statistics: Num rows: 500 Data size: 50216 Basic stats: COMPLETE Column stats: COMPLETE
+                Statistics: Num rows: 631 Data size: 62997 Basic stats: COMPLETE Column stats: COMPLETE
                 Reduce Output Operator
                   sort order: 
-                  Statistics: Num rows: 500 Data size: 50216 Basic stats: COMPLETE Column stats: COMPLETE
+                  Statistics: Num rows: 631 Data size: 62997 Basic stats: COMPLETE Column stats: COMPLETE
                   value expressions: _col1 (type: string), _col2 (type: bigint), _col4 (type: boolean)
         Reducer 4 
             Execution mode: llap
@@ -4271,12 +4271,12 @@ STAGE PLANS:
                   0 
                   1 
                 outputColumnNames: _col1, _col2, _col4, _col5
-                Statistics: Num rows: 500 Data size: 52216 Basic stats: COMPLETE Column stats: COMPLETE
+                Statistics: Num rows: 631 Data size: 65521 Basic stats: COMPLETE Column stats: COMPLETE
                 Filter Operator
                   predicate: ((_col4 is not null and (_col2 <> 0L)) or _col1 is not null or _col5 is not null) (type: boolean)
-                  Statistics: Num rows: 500 Data size: 52216 Basic stats: COMPLETE Column stats: COMPLETE
+                  Statistics: Num rows: 631 Data size: 65521 Basic stats: COMPLETE Column stats: COMPLETE
                   Select Operator
-                    Statistics: Num rows: 500 Data size: 52216 Basic stats: COMPLETE Column stats: COMPLETE
+                    Statistics: Num rows: 631 Data size: 65521 Basic stats: COMPLETE Column stats: COMPLETE
                     Group By Operator
                       aggregations: count()
                       mode: hash
diff --git a/ql/src/test/results/clientpositive/llap/subquery_notin.q.out b/ql/src/test/results/clientpositive/llap/subquery_notin.q.out
index 64df788e8b..083ad3074a 100644
--- a/ql/src/test/results/clientpositive/llap/subquery_notin.q.out
+++ b/ql/src/test/results/clientpositive/llap/subquery_notin.q.out
@@ -109,17 +109,17 @@ STAGE PLANS:
                   0 _col0 (type: string)
                   1 _col0 (type: string)
                 outputColumnNames: _col0, _col1, _col2, _col3, _col5
-                Statistics: Num rows: 500 Data size: 97716 Basic stats: COMPLETE Column stats: COMPLETE
+                Statistics: Num rows: 631 Data size: 122942 Basic stats: COMPLETE Column stats: COMPLETE
                 Filter Operator
                   predicate: ((_col2 = 0L) or (_col5 is null and _col0 is not null and (_col3 >= _col2))) (type: boolean)
-                  Statistics: Num rows: 500 Data size: 97716 Basic stats: COMPLETE Column stats: COMPLETE
+                  Statistics: Num rows: 631 Data size: 122942 Basic stats: COMPLETE Column stats: COMPLETE
                   Select Operator
                     expressions: _col0 (type: string), _col1 (type: string)
                     outputColumnNames: _col0, _col1
-                    Statistics: Num rows: 500 Data size: 89000 Basic stats: COMPLETE Column stats: COMPLETE
+                    Statistics: Num rows: 631 Data size: 112318 Basic stats: COMPLETE Column stats: COMPLETE
                     File Output Operator
                       compressed: false
-                      Statistics: Num rows: 500 Data size: 89000 Basic stats: COMPLETE Column stats: COMPLETE
+                      Statistics: Num rows: 631 Data size: 112318 Basic stats: COMPLETE Column stats: COMPLETE
                       table:
                           input format: org.apache.hadoop.mapred.SequenceFileInputFormat
                           output format: org.apache.hadoop.hive.ql.io.HiveSequenceFileOutputFormat
@@ -381,12 +381,12 @@ STAGE PLANS:
                   0 _col1 (type: string)
                   1 _col0 (type: string)
                 outputColumnNames: _col0, _col1, _col2, _col4, _col5
-                Statistics: Num rows: 26 Data size: 5814 Basic stats: COMPLETE Column stats: COMPLETE
+                Statistics: Num rows: 33 Data size: 7695 Basic stats: COMPLETE Column stats: COMPLETE
                 Reduce Output Operator
                   key expressions: _col0 (type: string), _col1 (type: string)
                   sort order: ++
                   Map-reduce partition columns: _col0 (type: string), _col1 (type: string)
-                  Statistics: Num rows: 26 Data size: 5814 Basic stats: COMPLETE Column stats: COMPLETE
+                  Statistics: Num rows: 33 Data size: 7695 Basic stats: COMPLETE Column stats: COMPLETE
                   value expressions: _col2 (type: int), _col4 (type: bigint), _col5 (type: bigint)
         Reducer 3 
             Execution mode: llap
@@ -398,17 +398,17 @@ STAGE PLANS:
                   0 _col0 (type: string), _col1 (type: string)
                   1 _col0 (type: string), _col1 (type: string)
                 outputColumnNames: _col0, _col1, _col2, _col4, _col5, _col8
-                Statistics: Num rows: 26 Data size: 5834 Basic stats: COMPLETE Column stats: COMPLETE
+                Statistics: Num rows: 38 Data size: 8914 Basic stats: COMPLETE Column stats: COMPLETE
                 Filter Operator
                   predicate: CASE WHEN ((_col4 = 0L)) THEN (true) WHEN (_col4 is null) THEN (true) WHEN (_col8 is not null) THEN (false) WHEN (_col0 is null) THEN (null) WHEN ((_col5 < _col4)) THEN (false) ELSE (true) END (type: boolean)
-                  Statistics: Num rows: 13 Data size: 2927 Basic stats: COMPLETE Column stats: COMPLETE
+                  Statistics: Num rows: 19 Data size: 4457 Basic stats: COMPLETE Column stats: COMPLETE
                   Select Operator
                     expressions: _col1 (type: string), _col0 (type: string), _col2 (type: int)
                     outputColumnNames: _col0, _col1, _col2
-                    Statistics: Num rows: 13 Data size: 2899 Basic stats: COMPLETE Column stats: COMPLETE
+                    Statistics: Num rows: 19 Data size: 4237 Basic stats: COMPLETE Column stats: COMPLETE
                     File Output Operator
                       compressed: false
-                      Statistics: Num rows: 13 Data size: 2899 Basic stats: COMPLETE Column stats: COMPLETE
+                      Statistics: Num rows: 19 Data size: 4237 Basic stats: COMPLETE Column stats: COMPLETE
                       table:
                           input format: org.apache.hadoop.mapred.SequenceFileInputFormat
                           output format: org.apache.hadoop.hive.ql.io.HiveSequenceFileOutputFormat
@@ -677,17 +677,17 @@ STAGE PLANS:
                   0 UDFToDouble(_col1) (type: double)
                   1 _col0 (type: double)
                 outputColumnNames: _col0, _col1, _col2, _col3, _col5
-                Statistics: Num rows: 26 Data size: 3674 Basic stats: COMPLETE Column stats: COMPLETE
+                Statistics: Num rows: 27 Data size: 3815 Basic stats: COMPLETE Column stats: COMPLETE
                 Filter Operator
                   predicate: ((_col2 = 0L) or (_col5 is null and _col1 is not null and (_col3 >= _col2))) (type: boolean)
-                  Statistics: Num rows: 26 Data size: 3674 Basic stats: COMPLETE Column stats: COMPLETE
+                  Statistics: Num rows: 27 Data size: 3815 Basic stats: COMPLETE Column stats: COMPLETE
                   Select Operator
                     expressions: _col0 (type: string), _col1 (type: int)
                     outputColumnNames: _col0, _col1
-                    Statistics: Num rows: 26 Data size: 3250 Basic stats: COMPLETE Column stats: COMPLETE
+                    Statistics: Num rows: 27 Data size: 3375 Basic stats: COMPLETE Column stats: COMPLETE
                     File Output Operator
                       compressed: false
-                      Statistics: Num rows: 26 Data size: 3250 Basic stats: COMPLETE Column stats: COMPLETE
+                      Statistics: Num rows: 27 Data size: 3375 Basic stats: COMPLETE Column stats: COMPLETE
                       table:
                           input format: org.apache.hadoop.mapred.SequenceFileInputFormat
                           output format: org.apache.hadoop.hive.ql.io.HiveSequenceFileOutputFormat
@@ -948,19 +948,19 @@ STAGE PLANS:
                   0 _col1 (type: string)
                   1 _col0 (type: string)
                 outputColumnNames: _col0, _col1, _col2, _col4
-                Statistics: Num rows: 26 Data size: 5806 Basic stats: COMPLETE Column stats: COMPLETE
+                Statistics: Num rows: 33 Data size: 7527 Basic stats: COMPLETE Column stats: COMPLETE
                 Filter Operator
                   predicate: (sq_count_check(CASE WHEN (_col4 is null) THEN (0) ELSE (_col4) END, true) > 0) (type: boolean)
-                  Statistics: Num rows: 8 Data size: 1792 Basic stats: COMPLETE Column stats: COMPLETE
+                  Statistics: Num rows: 11 Data size: 2517 Basic stats: COMPLETE Column stats: COMPLETE
                   Select Operator
                     expressions: _col0 (type: string), _col1 (type: string), _col2 (type: int)
                     outputColumnNames: _col0, _col1, _col2
-                    Statistics: Num rows: 8 Data size: 1784 Basic stats: COMPLETE Column stats: COMPLETE
+                    Statistics: Num rows: 11 Data size: 2453 Basic stats: COMPLETE Column stats: COMPLETE
                     Reduce Output Operator
                       key expressions: _col1 (type: string)
                       sort order: +
                       Map-reduce partition columns: _col1 (type: string)
-                      Statistics: Num rows: 8 Data size: 1784 Basic stats: COMPLETE Column stats: COMPLETE
+                      Statistics: Num rows: 11 Data size: 2453 Basic stats: COMPLETE Column stats: COMPLETE
                       value expressions: _col0 (type: string), _col2 (type: int)
         Reducer 3 
             Execution mode: llap
@@ -972,12 +972,12 @@ STAGE PLANS:
                   0 _col1 (type: string)
                   1 _col0 (type: string)
                 outputColumnNames: _col0, _col1, _col2, _col4, _col5
-                Statistics: Num rows: 8 Data size: 1912 Basic stats: COMPLETE Column stats: COMPLETE
+                Statistics: Num rows: 11 Data size: 2629 Basic stats: COMPLETE Column stats: COMPLETE
                 Reduce Output Operator
                   key expressions: _col1 (type: string), _col2 (type: int)
                   sort order: ++
                   Map-reduce partition columns: _col1 (type: string), _col2 (type: int)
-                  Statistics: Num rows: 8 Data size: 1912 Basic stats: COMPLETE Column stats: COMPLETE
+                  Statistics: Num rows: 11 Data size: 2629 Basic stats: COMPLETE Column stats: COMPLETE
                   value expressions: _col0 (type: string), _col4 (type: bigint), _col5 (type: bigint)
         Reducer 4 
             Execution mode: llap
@@ -989,17 +989,17 @@ STAGE PLANS:
                   0 _col1 (type: string), _col2 (type: int)
                   1 _col1 (type: string), _col0 (type: int)
                 outputColumnNames: _col0, _col1, _col2, _col4, _col5, _col8
-                Statistics: Num rows: 8 Data size: 1944 Basic stats: COMPLETE Column stats: COMPLETE
+                Statistics: Num rows: 15 Data size: 3605 Basic stats: COMPLETE Column stats: COMPLETE
                 Filter Operator
                   predicate: CASE WHEN ((_col4 = 0L)) THEN (true) WHEN (_col4 is null) THEN (true) WHEN (_col8 is not null) THEN (false) WHEN (_col2 is null) THEN (null) WHEN ((_col5 < _col4)) THEN (false) ELSE (true) END (type: boolean)
-                  Statistics: Num rows: 4 Data size: 972 Basic stats: COMPLETE Column stats: COMPLETE
+                  Statistics: Num rows: 7 Data size: 1685 Basic stats: COMPLETE Column stats: COMPLETE
                   Select Operator
                     expressions: _col1 (type: string), _col0 (type: string), _col2 (type: int)
                     outputColumnNames: _col0, _col1, _col2
-                    Statistics: Num rows: 4 Data size: 892 Basic stats: COMPLETE Column stats: COMPLETE
+                    Statistics: Num rows: 7 Data size: 1561 Basic stats: COMPLETE Column stats: COMPLETE
                     File Output Operator
                       compressed: false
-                      Statistics: Num rows: 4 Data size: 892 Basic stats: COMPLETE Column stats: COMPLETE
+                      Statistics: Num rows: 7 Data size: 1561 Basic stats: COMPLETE Column stats: COMPLETE
                       table:
                           input format: org.apache.hadoop.mapred.SequenceFileInputFormat
                           output format: org.apache.hadoop.hive.ql.io.HiveSequenceFileOutputFormat
@@ -1542,17 +1542,17 @@ STAGE PLANS:
                   0 _col0 (type: string)
                   1 _col0 (type: string)
                 outputColumnNames: _col0, _col1, _col2, _col4
-                Statistics: Num rows: 166 Data size: 17526 Basic stats: COMPLETE Column stats: COMPLETE
+                Statistics: Num rows: 230 Data size: 23950 Basic stats: COMPLETE Column stats: COMPLETE
                 Filter Operator
                   predicate: ((_col1 = 0L) or (_col4 is null and _col0 is not null and (_col2 >= _col1))) (type: boolean)
-                  Statistics: Num rows: 166 Data size: 17526 Basic stats: COMPLETE Column stats: COMPLETE
+                  Statistics: Num rows: 230 Data size: 23950 Basic stats: COMPLETE Column stats: COMPLETE
                   Select Operator
                     expressions: _col0 (type: string)
                     outputColumnNames: _col0
-                    Statistics: Num rows: 166 Data size: 14442 Basic stats: COMPLETE Column stats: COMPLETE
+                    Statistics: Num rows: 230 Data size: 20010 Basic stats: COMPLETE Column stats: COMPLETE
                     File Output Operator
                       compressed: false
-                      Statistics: Num rows: 166 Data size: 14442 Basic stats: COMPLETE Column stats: COMPLETE
+                      Statistics: Num rows: 230 Data size: 20010 Basic stats: COMPLETE Column stats: COMPLETE
                       table:
                           input format: org.apache.hadoop.mapred.SequenceFileInputFormat
                           output format: org.apache.hadoop.hive.ql.io.HiveSequenceFileOutputFormat
@@ -1707,12 +1707,12 @@ STAGE PLANS:
                   0 _col4 (type: string)
                   1 _col0 (type: string)
                 outputColumnNames: _col0, _col1, _col2, _col3, _col4, _col5, _col6, _col7, _col8, _col10, _col11
-                Statistics: Num rows: 26 Data size: 16462 Basic stats: COMPLETE Column stats: COMPLETE
+                Statistics: Num rows: 40 Data size: 25000 Basic stats: COMPLETE Column stats: COMPLETE
                 Reduce Output Operator
                   key expressions: _col4 (type: string), _col5 (type: int)
                   sort order: ++
                   Map-reduce partition columns: _col4 (type: string), _col5 (type: int)
-                  Statistics: Num rows: 26 Data size: 16462 Basic stats: COMPLETE Column stats: COMPLETE
+                  Statistics: Num rows: 40 Data size: 25000 Basic stats: COMPLETE Column stats: COMPLETE
                   value expressions: _col0 (type: int), _col1 (type: string), _col2 (type: string), _col3 (type: string), _col6 (type: string), _col7 (type: double), _col8 (type: string), _col10 (type: bigint), _col11 (type: bigint)
         Reducer 3 
             Execution mode: llap
@@ -1724,17 +1724,17 @@ STAGE PLANS:
                   0 _col4 (type: string), _col5 (type: int)
                   1 _col1 (type: string), _col0 (type: int)
                 outputColumnNames: _col0, _col1, _col2, _col3, _col4, _col5, _col6, _col7, _col8, _col10, _col11, _col14
-                Statistics: Num rows: 26 Data size: 16506 Basic stats: COMPLETE Column stats: COMPLETE
+                Statistics: Num rows: 64 Data size: 40340 Basic stats: COMPLETE Column stats: COMPLETE
                 Filter Operator
                   predicate: CASE WHEN ((_col10 = 0L)) THEN (true) WHEN (_col10 is null) THEN (true) WHEN (_col14 is not null) THEN (false) WHEN (_col5 is null) THEN (null) WHEN ((_col11 < _col10)) THEN (false) ELSE (true) END (type: boolean)
-                  Statistics: Num rows: 13 Data size: 8263 Basic stats: COMPLETE Column stats: COMPLETE
+                  Statistics: Num rows: 32 Data size: 20180 Basic stats: COMPLETE Column stats: COMPLETE
                   Select Operator
                     expressions: _col0 (type: int), _col1 (type: string), _col2 (type: string), _col3 (type: string), _col4 (type: string), _col5 (type: int), _col6 (type: string), _col7 (type: double), _col8 (type: string)
                     outputColumnNames: _col0, _col1, _col2, _col3, _col4, _col5, _col6, _col7, _col8
-                    Statistics: Num rows: 13 Data size: 8047 Basic stats: COMPLETE Column stats: COMPLETE
+                    Statistics: Num rows: 32 Data size: 19808 Basic stats: COMPLETE Column stats: COMPLETE
                     File Output Operator
                       compressed: false
-                      Statistics: Num rows: 13 Data size: 8047 Basic stats: COMPLETE Column stats: COMPLETE
+                      Statistics: Num rows: 32 Data size: 19808 Basic stats: COMPLETE Column stats: COMPLETE
                       table:
                           input format: org.apache.hadoop.mapred.SequenceFileInputFormat
                           output format: org.apache.hadoop.hive.ql.io.HiveSequenceFileOutputFormat
@@ -1901,18 +1901,18 @@ STAGE PLANS:
                   0 (_col5 - 1) (type: int)
                   1 _col0 (type: int)
                 outputColumnNames: _col0, _col1, _col2, _col3, _col4, _col5, _col6, _col7, _col8, _col9, _col10, _col12
-                Statistics: Num rows: 26 Data size: 16554 Basic stats: COMPLETE Column stats: COMPLETE
+                Statistics: Num rows: 33 Data size: 20987 Basic stats: COMPLETE Column stats: COMPLETE
                 Filter Operator
                   predicate: ((_col12 is null and _col5 is not null and (_col10 >= _col9)) or (_col9 = 0L)) (type: boolean)
-                  Statistics: Num rows: 26 Data size: 16554 Basic stats: COMPLETE Column stats: COMPLETE
+                  Statistics: Num rows: 33 Data size: 20987 Basic stats: COMPLETE Column stats: COMPLETE
                   Select Operator
                     expressions: _col0 (type: int), _col1 (type: string), _col2 (type: string), _col3 (type: string), _col4 (type: string), _col5 (type: int), _col6 (type: string), _col7 (type: double), _col8 (type: string)
                     outputColumnNames: _col0, _col1, _col2, _col3, _col4, _col5, _col6, _col7, _col8
-                    Statistics: Num rows: 26 Data size: 16094 Basic stats: COMPLETE Column stats: COMPLETE
+                    Statistics: Num rows: 33 Data size: 20427 Basic stats: COMPLETE Column stats: COMPLETE
                     Reduce Output Operator
                       key expressions: _col0 (type: int)
                       sort order: +
-                      Statistics: Num rows: 26 Data size: 16094 Basic stats: COMPLETE Column stats: COMPLETE
+                      Statistics: Num rows: 33 Data size: 20427 Basic stats: COMPLETE Column stats: COMPLETE
                       value expressions: _col1 (type: string), _col2 (type: string), _col3 (type: string), _col4 (type: string), _col5 (type: int), _col6 (type: string), _col7 (type: double), _col8 (type: string)
         Reducer 4 
             Execution mode: vectorized, llap
@@ -1920,10 +1920,10 @@ STAGE PLANS:
               Select Operator
                 expressions: KEY.reducesinkkey0 (type: int), VALUE._col0 (type: string), VALUE._col1 (type: string), VALUE._col2 (type: string), VALUE._col3 (type: string), VALUE._col4 (type: int), VALUE._col5 (type: string), VALUE._col6 (type: double), VALUE._col7 (type: string)
                 outputColumnNames: _col0, _col1, _col2, _col3, _col4, _col5, _col6, _col7, _col8
-                Statistics: Num rows: 26 Data size: 16094 Basic stats: COMPLETE Column stats: COMPLETE
+                Statistics: Num rows: 33 Data size: 20427 Basic stats: COMPLETE Column stats: COMPLETE
                 File Output Operator
                   compressed: false
-                  Statistics: Num rows: 26 Data size: 16094 Basic stats: COMPLETE Column stats: COMPLETE
+                  Statistics: Num rows: 33 Data size: 20427 Basic stats: COMPLETE Column stats: COMPLETE
                   table:
                       input format: org.apache.hadoop.mapred.SequenceFileInputFormat
                       output format: org.apache.hadoop.hive.ql.io.HiveSequenceFileOutputFormat
@@ -2112,17 +2112,17 @@ STAGE PLANS:
                   0 (_col0 * _col5) (type: int)
                   1 _col0 (type: int)
                 outputColumnNames: _col0, _col1, _col2, _col3, _col4, _col5, _col6, _col7, _col8, _col9, _col10, _col12
-                Statistics: Num rows: 26 Data size: 16542 Basic stats: COMPLETE Column stats: COMPLETE
+                Statistics: Num rows: 32 Data size: 20348 Basic stats: COMPLETE Column stats: COMPLETE
                 Filter Operator
                   predicate: ((_col12 is null and _col0 is not null and _col5 is not null and (_col10 >= _col9)) or (_col9 = 0L)) (type: boolean)
-                  Statistics: Num rows: 26 Data size: 16542 Basic stats: COMPLETE Column stats: COMPLETE
+                  Statistics: Num rows: 32 Data size: 20348 Basic stats: COMPLETE Column stats: COMPLETE
                   Select Operator
                     expressions: _col0 (type: int), _col1 (type: string), _col2 (type: string), _col3 (type: string), _col4 (type: string), _col5 (type: int), _col6 (type: string), _col7 (type: double), _col8 (type: string)
                     outputColumnNames: _col0, _col1, _col2, _col3, _col4, _col5, _col6, _col7, _col8
-                    Statistics: Num rows: 26 Data size: 16094 Basic stats: COMPLETE Column stats: COMPLETE
+                    Statistics: Num rows: 32 Data size: 19808 Basic stats: COMPLETE Column stats: COMPLETE
                     File Output Operator
                       compressed: false
-                      Statistics: Num rows: 26 Data size: 16094 Basic stats: COMPLETE Column stats: COMPLETE
+                      Statistics: Num rows: 32 Data size: 19808 Basic stats: COMPLETE Column stats: COMPLETE
                       table:
                           input format: org.apache.hadoop.mapred.SequenceFileInputFormat
                           output format: org.apache.hadoop.hive.ql.io.HiveSequenceFileOutputFormat
@@ -2354,12 +2354,12 @@ STAGE PLANS:
                   0 _col0 (type: string)
                   1 _col0 (type: string)
                 outputColumnNames: _col0, _col1, _col3, _col4
-                Statistics: Num rows: 26 Data size: 3650 Basic stats: COMPLETE Column stats: COMPLETE
+                Statistics: Num rows: 39 Data size: 5099 Basic stats: COMPLETE Column stats: COMPLETE
                 Reduce Output Operator
                   key expressions: _col0 (type: string), _col1 (type: int)
                   sort order: ++
                   Map-reduce partition columns: _col0 (type: string), _col1 (type: int)
-                  Statistics: Num rows: 26 Data size: 3650 Basic stats: COMPLETE Column stats: COMPLETE
+                  Statistics: Num rows: 39 Data size: 5099 Basic stats: COMPLETE Column stats: COMPLETE
                   value expressions: _col3 (type: bigint), _col4 (type: bigint)
         Reducer 3 
             Execution mode: llap
@@ -2371,12 +2371,12 @@ STAGE PLANS:
                   0 _col0 (type: string), _col1 (type: int)
                   1 _col1 (type: string), _col3 (type: int)
                 outputColumnNames: _col1, _col3, _col4, _col7
-                Statistics: Num rows: 26 Data size: 548 Basic stats: COMPLETE Column stats: COMPLETE
+                Statistics: Num rows: 48 Data size: 660 Basic stats: COMPLETE Column stats: COMPLETE
                 Filter Operator
                   predicate: CASE WHEN ((_col3 = 0L)) THEN (true) WHEN (_col3 is null) THEN (true) WHEN (_col7 is not null) THEN (false) WHEN ((_col1 + 100) is null) THEN (null) WHEN ((_col4 < _col3)) THEN (false) ELSE (true) END (type: boolean)
-                  Statistics: Num rows: 13 Data size: 284 Basic stats: COMPLETE Column stats: COMPLETE
+                  Statistics: Num rows: 24 Data size: 340 Basic stats: COMPLETE Column stats: COMPLETE
                   Select Operator
-                    Statistics: Num rows: 13 Data size: 284 Basic stats: COMPLETE Column stats: COMPLETE
+                    Statistics: Num rows: 24 Data size: 340 Basic stats: COMPLETE Column stats: COMPLETE
                     Group By Operator
                       aggregations: count()
                       mode: hash
@@ -2557,17 +2557,17 @@ STAGE PLANS:
                   0 floor(_col7) (type: bigint)
                   1 _col0 (type: bigint)
                 outputColumnNames: _col0, _col1, _col2, _col3, _col4, _col5, _col6, _col7, _col8, _col9, _col10, _col12
-                Statistics: Num rows: 26 Data size: 16546 Basic stats: COMPLETE Column stats: COMPLETE
+                Statistics: Num rows: 32 Data size: 20348 Basic stats: COMPLETE Column stats: COMPLETE
                 Filter Operator
                   predicate: ((_col12 is null and _col7 is not null and (_col10 >= _col9)) or (_col9 = 0L)) (type: boolean)
-                  Statistics: Num rows: 26 Data size: 16546 Basic stats: COMPLETE Column stats: COMPLETE
+                  Statistics: Num rows: 32 Data size: 20348 Basic stats: COMPLETE Column stats: COMPLETE
                   Select Operator
                     expressions: _col0 (type: int), _col1 (type: string), _col2 (type: string), _col3 (type: string), _col4 (type: string), _col5 (type: int), _col6 (type: string), _col7 (type: double), _col8 (type: string)
                     outputColumnNames: _col0, _col1, _col2, _col3, _col4, _col5, _col6, _col7, _col8
-                    Statistics: Num rows: 26 Data size: 16094 Basic stats: COMPLETE Column stats: COMPLETE
+                    Statistics: Num rows: 32 Data size: 19808 Basic stats: COMPLETE Column stats: COMPLETE
                     File Output Operator
                       compressed: false
-                      Statistics: Num rows: 26 Data size: 16094 Basic stats: COMPLETE Column stats: COMPLETE
+                      Statistics: Num rows: 32 Data size: 19808 Basic stats: COMPLETE Column stats: COMPLETE
                       table:
                           input format: org.apache.hadoop.mapred.SequenceFileInputFormat
                           output format: org.apache.hadoop.hive.ql.io.HiveSequenceFileOutputFormat
@@ -2785,12 +2785,12 @@ STAGE PLANS:
                   0 _col5 (type: int)
                   1 _col0 (type: int)
                 outputColumnNames: _col0, _col1, _col2, _col3, _col4, _col5, _col6, _col7, _col8, _col10, _col11
-                Statistics: Num rows: 26 Data size: 16270 Basic stats: COMPLETE Column stats: COMPLETE
+                Statistics: Num rows: 33 Data size: 20555 Basic stats: COMPLETE Column stats: COMPLETE
                 Reduce Output Operator
                   key expressions: _col1 (type: string), _col5 (type: int)
                   sort order: ++
                   Map-reduce partition columns: _col1 (type: string), _col5 (type: int)
-                  Statistics: Num rows: 26 Data size: 16270 Basic stats: COMPLETE Column stats: COMPLETE
+                  Statistics: Num rows: 33 Data size: 20555 Basic stats: COMPLETE Column stats: COMPLETE
                   value expressions: _col0 (type: int), _col2 (type: string), _col3 (type: string), _col4 (type: string), _col6 (type: string), _col7 (type: double), _col8 (type: string), _col10 (type: bigint), _col11 (type: bigint)
         Reducer 3 
             Execution mode: llap
@@ -2802,17 +2802,17 @@ STAGE PLANS:
                   0 _col1 (type: string), _col5 (type: int)
                   1 _col0 (type: string), _col1 (type: int)
                 outputColumnNames: _col0, _col1, _col2, _col3, _col4, _col5, _col6, _col7, _col8, _col10, _col11, _col14
-                Statistics: Num rows: 26 Data size: 16306 Basic stats: COMPLETE Column stats: COMPLETE
+                Statistics: Num rows: 40 Data size: 25032 Basic stats: COMPLETE Column stats: COMPLETE
                 Filter Operator
                   predicate: CASE WHEN ((_col10 = 0L)) THEN (true) WHEN (_col10 is null) THEN (true) WHEN (_col14 is not null) THEN (false) WHEN (_col1 is null) THEN (null) WHEN ((_col11 < _col10)) THEN (false) ELSE (true) END (type: boolean)
-                  Statistics: Num rows: 13 Data size: 8163 Basic stats: COMPLETE Column stats: COMPLETE
+                  Statistics: Num rows: 20 Data size: 12524 Basic stats: COMPLETE Column stats: COMPLETE
                   Select Operator
                     expressions: _col0 (type: int), _col1 (type: string), _col2 (type: string), _col3 (type: string), _col4 (type: string), _col5 (type: int), _col6 (type: string), _col7 (type: double), _col8 (type: string)
                     outputColumnNames: _col0, _col1, _col2, _col3, _col4, _col5, _col6, _col7, _col8
-                    Statistics: Num rows: 13 Data size: 8047 Basic stats: COMPLETE Column stats: COMPLETE
+                    Statistics: Num rows: 20 Data size: 12380 Basic stats: COMPLETE Column stats: COMPLETE
                     File Output Operator
                       compressed: false
-                      Statistics: Num rows: 13 Data size: 8047 Basic stats: COMPLETE Column stats: COMPLETE
+                      Statistics: Num rows: 20 Data size: 12380 Basic stats: COMPLETE Column stats: COMPLETE
                       table:
                           input format: org.apache.hadoop.mapred.SequenceFileInputFormat
                           output format: org.apache.hadoop.hive.ql.io.HiveSequenceFileOutputFormat
@@ -3019,12 +3019,12 @@ STAGE PLANS:
                   0 _col0 (type: int), _col5 (type: int)
                   1 _col0 (type: int), _col1 (type: int)
                 outputColumnNames: _col0, _col1, _col2, _col3, _col4, _col5, _col6, _col7, _col8, _col11, _col12
-                Statistics: Num rows: 26 Data size: 16494 Basic stats: COMPLETE Column stats: COMPLETE
+                Statistics: Num rows: 39 Data size: 24365 Basic stats: COMPLETE Column stats: COMPLETE
                 Reduce Output Operator
                   key expressions: _col0 (type: int), _col1 (type: string), _col5 (type: int)
                   sort order: +++
                   Map-reduce partition columns: _col0 (type: int), _col1 (type: string), _col5 (type: int)
-                  Statistics: Num rows: 26 Data size: 16494 Basic stats: COMPLETE Column stats: COMPLETE
+                  Statistics: Num rows: 39 Data size: 24365 Basic stats: COMPLETE Column stats: COMPLETE
                   value expressions: _col2 (type: string), _col3 (type: string), _col4 (type: string), _col6 (type: string), _col7 (type: double), _col8 (type: string), _col11 (type: bigint), _col12 (type: bigint)
         Reducer 3 
             Execution mode: llap
@@ -3036,17 +3036,17 @@ STAGE PLANS:
                   0 _col0 (type: int), _col1 (type: string), _col5 (type: int)
                   1 _col1 (type: int), _col0 (type: string), _col2 (type: int)
                 outputColumnNames: _col0, _col1, _col2, _col3, _col4, _col5, _col6, _col7, _col8, _col11, _col12, _col16
-                Statistics: Num rows: 26 Data size: 16594 Basic stats: COMPLETE Column stats: COMPLETE
+                Statistics: Num rows: 59 Data size: 37149 Basic stats: COMPLETE Column stats: COMPLETE
                 Filter Operator
                   predicate: CASE WHEN ((_col11 = 0L)) THEN (true) WHEN (_col11 is null) THEN (true) WHEN (_col16 is not null) THEN (false) WHEN (_col1 is null) THEN (null) WHEN ((_col12 < _col11)) THEN (false) ELSE (true) END (type: boolean)
-                  Statistics: Num rows: 13 Data size: 8307 Basic stats: COMPLETE Column stats: COMPLETE
+                  Statistics: Num rows: 29 Data size: 18267 Basic stats: COMPLETE Column stats: COMPLETE
                   Select Operator
                     expressions: _col0 (type: int), _col1 (type: string), _col2 (type: string), _col3 (type: string), _col4 (type: string), _col5 (type: int), _col6 (type: string), _col7 (type: double), _col8 (type: string)
                     outputColumnNames: _col0, _col1, _col2, _col3, _col4, _col5, _col6, _col7, _col8
-                    Statistics: Num rows: 13 Data size: 8047 Basic stats: COMPLETE Column stats: COMPLETE
+                    Statistics: Num rows: 29 Data size: 17951 Basic stats: COMPLETE Column stats: COMPLETE
                     File Output Operator
                       compressed: false
-                      Statistics: Num rows: 13 Data size: 8047 Basic stats: COMPLETE Column stats: COMPLETE
+                      Statistics: Num rows: 29 Data size: 17951 Basic stats: COMPLETE Column stats: COMPLETE
                       table:
                           input format: org.apache.hadoop.mapred.SequenceFileInputFormat
                           output format: org.apache.hadoop.hive.ql.io.HiveSequenceFileOutputFormat
@@ -3193,12 +3193,12 @@ STAGE PLANS:
                   0 _col2 (type: string)
                   1 _col0 (type: string)
                 outputColumnNames: _col0, _col1, _col2, _col4, _col5
-                Statistics: Num rows: 26 Data size: 8258 Basic stats: COMPLETE Column stats: COMPLETE
+                Statistics: Num rows: 47 Data size: 15251 Basic stats: COMPLETE Column stats: COMPLETE
                 Reduce Output Operator
                   key expressions: UDFToDouble(_col1) (type: double), _col2 (type: string)
                   sort order: ++
                   Map-reduce partition columns: UDFToDouble(_col1) (type: double), _col2 (type: string)
-                  Statistics: Num rows: 26 Data size: 8258 Basic stats: COMPLETE Column stats: COMPLETE
+                  Statistics: Num rows: 47 Data size: 15251 Basic stats: COMPLETE Column stats: COMPLETE
                   value expressions: _col0 (type: string), _col1 (type: string), _col4 (type: bigint), _col5 (type: bigint)
         Reducer 3 
             Execution mode: llap
@@ -3210,17 +3210,17 @@ STAGE PLANS:
                   0 UDFToDouble(_col1) (type: double), _col2 (type: string)
                   1 _col0 (type: double), _col1 (type: string)
                 outputColumnNames: _col0, _col1, _col4, _col5, _col8
-                Statistics: Num rows: 26 Data size: 5958 Basic stats: COMPLETE Column stats: COMPLETE
+                Statistics: Num rows: 58 Data size: 13682 Basic stats: COMPLETE Column stats: COMPLETE
                 Filter Operator
                   predicate: CASE WHEN ((_col4 = 0L)) THEN (true) WHEN (_col4 is null) THEN (true) WHEN (_col8 is not null) THEN (false) WHEN (_col1 is null) THEN (null) WHEN ((_col5 < _col4)) THEN (false) ELSE (true) END (type: boolean)
-                  Statistics: Num rows: 13 Data size: 2989 Basic stats: COMPLETE Column stats: COMPLETE
+                  Statistics: Num rows: 29 Data size: 6849 Basic stats: COMPLETE Column stats: COMPLETE
                   Select Operator
                     expressions: _col0 (type: string)
                     outputColumnNames: _col0
-                    Statistics: Num rows: 13 Data size: 1573 Basic stats: COMPLETE Column stats: COMPLETE
+                    Statistics: Num rows: 29 Data size: 3509 Basic stats: COMPLETE Column stats: COMPLETE
                     File Output Operator
                       compressed: false
-                      Statistics: Num rows: 13 Data size: 1573 Basic stats: COMPLETE Column stats: COMPLETE
+                      Statistics: Num rows: 29 Data size: 3509 Basic stats: COMPLETE Column stats: COMPLETE
                       table:
                           input format: org.apache.hadoop.mapred.SequenceFileInputFormat
                           output format: org.apache.hadoop.hive.ql.io.HiveSequenceFileOutputFormat
@@ -3429,12 +3429,12 @@ STAGE PLANS:
                   0 _col2 (type: int)
                   1 _col0 (type: int)
                 outputColumnNames: _col0, _col1, _col2, _col4, _col5
-                Statistics: Num rows: 26 Data size: 6226 Basic stats: COMPLETE Column stats: COMPLETE
+                Statistics: Num rows: 35 Data size: 8175 Basic stats: COMPLETE Column stats: COMPLETE
                 Reduce Output Operator
                   key expressions: _col1 (type: string), _col2 (type: int)
                   sort order: ++
                   Map-reduce partition columns: _col1 (type: string), _col2 (type: int)
-                  Statistics: Num rows: 26 Data size: 6226 Basic stats: COMPLETE Column stats: COMPLETE
+                  Statistics: Num rows: 35 Data size: 8175 Basic stats: COMPLETE Column stats: COMPLETE
                   value expressions: _col0 (type: string), _col4 (type: bigint), _col5 (type: bigint)
         Reducer 3 
             Execution mode: llap
@@ -3446,17 +3446,17 @@ STAGE PLANS:
                   0 _col1 (type: string), _col2 (type: int)
                   1 _col0 (type: string), _col1 (type: int)
                 outputColumnNames: _col0, _col1, _col4, _col5, _col8
-                Statistics: Num rows: 26 Data size: 6178 Basic stats: COMPLETE Column stats: COMPLETE
+                Statistics: Num rows: 46 Data size: 10734 Basic stats: COMPLETE Column stats: COMPLETE
                 Filter Operator
                   predicate: CASE WHEN ((_col4 = 0L)) THEN (true) WHEN (_col4 is null) THEN (true) WHEN (_col8 is not null) THEN (false) WHEN (_col1 is null) THEN (null) WHEN ((_col5 < _col4)) THEN (false) ELSE (true) END (type: boolean)
-                  Statistics: Num rows: 13 Data size: 3097 Basic stats: COMPLETE Column stats: COMPLETE
+                  Statistics: Num rows: 23 Data size: 5375 Basic stats: COMPLETE Column stats: COMPLETE
                   Select Operator
                     expressions: _col0 (type: string)
                     outputColumnNames: _col0
-                    Statistics: Num rows: 13 Data size: 1573 Basic stats: COMPLETE Column stats: COMPLETE
+                    Statistics: Num rows: 23 Data size: 2783 Basic stats: COMPLETE Column stats: COMPLETE
                     File Output Operator
                       compressed: false
-                      Statistics: Num rows: 13 Data size: 1573 Basic stats: COMPLETE Column stats: COMPLETE
+                      Statistics: Num rows: 23 Data size: 2783 Basic stats: COMPLETE Column stats: COMPLETE
                       table:
                           input format: org.apache.hadoop.mapred.SequenceFileInputFormat
                           output format: org.apache.hadoop.hive.ql.io.HiveSequenceFileOutputFormat
@@ -3695,25 +3695,25 @@ STAGE PLANS:
                   0 _col1 (type: string)
                   1 _col0 (type: string)
                 outputColumnNames: _col0, _col1, _col2, _col3, _col5
-                Statistics: Num rows: 500 Data size: 97004 Basic stats: COMPLETE Column stats: COMPLETE
+                Statistics: Num rows: 907 Data size: 177590 Basic stats: COMPLETE Column stats: COMPLETE
                 Filter Operator
                   predicate: ((_col2 = 0L) or (_col5 is null and _col1 is not null and (_col3 >= _col2))) (type: boolean)
-                  Statistics: Num rows: 500 Data size: 97004 Basic stats: COMPLETE Column stats: COMPLETE
+                  Statistics: Num rows: 907 Data size: 177590 Basic stats: COMPLETE Column stats: COMPLETE
                   Select Operator
                     expressions: _col0 (type: string)
                     outputColumnNames: _col0
-                    Statistics: Num rows: 500 Data size: 97004 Basic stats: COMPLETE Column stats: COMPLETE
+                    Statistics: Num rows: 907 Data size: 177590 Basic stats: COMPLETE Column stats: COMPLETE
                     Group By Operator
                       aggregations: count()
                       keys: _col0 (type: string)
                       mode: hash
                       outputColumnNames: _col0, _col1
-                      Statistics: Num rows: 250 Data size: 23750 Basic stats: COMPLETE Column stats: COMPLETE
+                      Statistics: Num rows: 316 Data size: 30020 Basic stats: COMPLETE Column stats: COMPLETE
                       Reduce Output Operator
                         key expressions: _col0 (type: string)
                         sort order: +
                         Map-reduce partition columns: _col0 (type: string)
-                        Statistics: Num rows: 250 Data size: 23750 Basic stats: COMPLETE Column stats: COMPLETE
+                        Statistics: Num rows: 316 Data size: 30020 Basic stats: COMPLETE Column stats: COMPLETE
                         value expressions: _col1 (type: bigint)
         Reducer 4 
             Execution mode: vectorized, llap
@@ -3723,15 +3723,15 @@ STAGE PLANS:
                 keys: KEY._col0 (type: string)
                 mode: mergepartial
                 outputColumnNames: _col0, _col1
-                Statistics: Num rows: 250 Data size: 23750 Basic stats: COMPLETE Column stats: COMPLETE
+                Statistics: Num rows: 316 Data size: 30020 Basic stats: COMPLETE Column stats: COMPLETE
                 Filter Operator
                   predicate: _col1 is not null (type: boolean)
-                  Statistics: Num rows: 250 Data size: 23750 Basic stats: COMPLETE Column stats: COMPLETE
+                  Statistics: Num rows: 316 Data size: 30020 Basic stats: COMPLETE Column stats: COMPLETE
                   Reduce Output Operator
                     key expressions: _col1 (type: bigint)
                     sort order: +
                     Map-reduce partition columns: _col1 (type: bigint)
-                    Statistics: Num rows: 250 Data size: 23750 Basic stats: COMPLETE Column stats: COMPLETE
+                    Statistics: Num rows: 316 Data size: 30020 Basic stats: COMPLETE Column stats: COMPLETE
                     value expressions: _col0 (type: string)
         Reducer 5 
             Execution mode: llap
@@ -3972,12 +3972,12 @@ STAGE PLANS:
                   0 _col0 (type: string)
                   1 _col0 (type: string)
                 outputColumnNames: _col0, _col1, _col3, _col4
-                Statistics: Num rows: 500 Data size: 89016 Basic stats: COMPLETE Column stats: COMPLETE
+                Statistics: Num rows: 895 Data size: 165646 Basic stats: COMPLETE Column stats: COMPLETE
                 Reduce Output Operator
                   key expressions: _col0 (type: string), _col1 (type: string)
                   sort order: ++
                   Map-reduce partition columns: _col0 (type: string), _col1 (type: string)
-                  Statistics: Num rows: 500 Data size: 89016 Basic stats: COMPLETE Column stats: COMPLETE
+                  Statistics: Num rows: 895 Data size: 165646 Basic stats: COMPLETE Column stats: COMPLETE
                   value expressions: _col3 (type: bigint), _col4 (type: bigint)
         Reducer 3 
             Execution mode: llap
@@ -3989,25 +3989,25 @@ STAGE PLANS:
                   0 _col0 (type: string), _col1 (type: string)
                   1 _col1 (type: string), _col0 (type: string)
                 outputColumnNames: _col0, _col1, _col3, _col4, _col7
-                Statistics: Num rows: 500 Data size: 89020 Basic stats: COMPLETE Column stats: COMPLETE
+                Statistics: Num rows: 1623 Data size: 309794 Basic stats: COMPLETE Column stats: COMPLETE
                 Filter Operator
                   predicate: CASE WHEN ((_col3 = 0L)) THEN (true) WHEN (_col3 is null) THEN (true) WHEN (_col7 is not null) THEN (false) WHEN (_col1 is null) THEN (null) WHEN ((_col4 < _col3)) THEN (false) ELSE (true) END (type: boolean)
-                  Statistics: Num rows: 250 Data size: 44520 Basic stats: COMPLETE Column stats: COMPLETE
+                  Statistics: Num rows: 811 Data size: 154810 Basic stats: COMPLETE Column stats: COMPLETE
                   Select Operator
                     expressions: _col0 (type: string)
                     outputColumnNames: _col0
-                    Statistics: Num rows: 250 Data size: 44520 Basic stats: COMPLETE Column stats: COMPLETE
+                    Statistics: Num rows: 811 Data size: 154810 Basic stats: COMPLETE Column stats: COMPLETE
                     Group By Operator
                       aggregations: count()
                       keys: _col0 (type: string)
                       mode: hash
                       outputColumnNames: _col0, _col1
-                      Statistics: Num rows: 125 Data size: 11875 Basic stats: COMPLETE Column stats: COMPLETE
+                      Statistics: Num rows: 250 Data size: 23750 Basic stats: COMPLETE Column stats: COMPLETE
                       Reduce Output Operator
                         key expressions: _col0 (type: string)
                         sort order: +
                         Map-reduce partition columns: _col0 (type: string)
-                        Statistics: Num rows: 125 Data size: 11875 Basic stats: COMPLETE Column stats: COMPLETE
+                        Statistics: Num rows: 250 Data size: 23750 Basic stats: COMPLETE Column stats: COMPLETE
                         value expressions: _col1 (type: bigint)
         Reducer 4 
             Execution mode: vectorized, llap
@@ -4017,15 +4017,15 @@ STAGE PLANS:
                 keys: KEY._col0 (type: string)
                 mode: mergepartial
                 outputColumnNames: _col0, _col1
-                Statistics: Num rows: 125 Data size: 11875 Basic stats: COMPLETE Column stats: COMPLETE
+                Statistics: Num rows: 250 Data size: 23750 Basic stats: COMPLETE Column stats: COMPLETE
                 Filter Operator
                   predicate: _col1 is not null (type: boolean)
-                  Statistics: Num rows: 125 Data size: 11875 Basic stats: COMPLETE Column stats: COMPLETE
+                  Statistics: Num rows: 250 Data size: 23750 Basic stats: COMPLETE Column stats: COMPLETE
                   Reduce Output Operator
                     key expressions: _col1 (type: bigint)
                     sort order: +
                     Map-reduce partition columns: _col1 (type: bigint)
-                    Statistics: Num rows: 125 Data size: 11875 Basic stats: COMPLETE Column stats: COMPLETE
+                    Statistics: Num rows: 250 Data size: 23750 Basic stats: COMPLETE Column stats: COMPLETE
                     value expressions: _col0 (type: string)
         Reducer 5 
             Execution mode: llap
@@ -4245,18 +4245,18 @@ STAGE PLANS:
                   0 (_col5 - 1) (type: int)
                   1 _col0 (type: int)
                 outputColumnNames: _col0, _col1, _col2, _col3, _col4, _col5, _col6, _col7, _col8, _col9, _col10, _col12
-                Statistics: Num rows: 26 Data size: 16554 Basic stats: COMPLETE Column stats: COMPLETE
+                Statistics: Num rows: 33 Data size: 20987 Basic stats: COMPLETE Column stats: COMPLETE
                 Filter Operator
                   predicate: ((_col12 is null and _col5 is not null and (_col10 >= _col9)) or (_col9 = 0L)) (type: boolean)
-                  Statistics: Num rows: 26 Data size: 16554 Basic stats: COMPLETE Column stats: COMPLETE
+                  Statistics: Num rows: 33 Data size: 20987 Basic stats: COMPLETE Column stats: COMPLETE
                   Select Operator
                     expressions: _col0 (type: int), _col1 (type: string), _col2 (type: string), _col3 (type: string), _col4 (type: string), _col5 (type: int), _col6 (type: string), _col7 (type: double), _col8 (type: string)
                     outputColumnNames: _col0, _col1, _col2, _col3, _col4, _col5, _col6, _col7, _col8
-                    Statistics: Num rows: 26 Data size: 16094 Basic stats: COMPLETE Column stats: COMPLETE
+                    Statistics: Num rows: 33 Data size: 20427 Basic stats: COMPLETE Column stats: COMPLETE
                     Reduce Output Operator
                       key expressions: _col3 (type: string)
                       sort order: +
-                      Statistics: Num rows: 26 Data size: 16094 Basic stats: COMPLETE Column stats: COMPLETE
+                      Statistics: Num rows: 33 Data size: 20427 Basic stats: COMPLETE Column stats: COMPLETE
                       value expressions: _col0 (type: int), _col1 (type: string), _col2 (type: string), _col4 (type: string), _col5 (type: int), _col6 (type: string), _col7 (type: double), _col8 (type: string)
         Reducer 4 
             Execution mode: vectorized, llap
@@ -4264,10 +4264,10 @@ STAGE PLANS:
               Select Operator
                 expressions: VALUE._col0 (type: int), VALUE._col1 (type: string), VALUE._col2 (type: string), KEY.reducesinkkey0 (type: string), VALUE._col3 (type: string), VALUE._col4 (type: int), VALUE._col5 (type: string), VALUE._col6 (type: double), VALUE._col7 (type: string)
                 outputColumnNames: _col0, _col1, _col2, _col3, _col4, _col5, _col6, _col7, _col8
-                Statistics: Num rows: 26 Data size: 16094 Basic stats: COMPLETE Column stats: COMPLETE
+                Statistics: Num rows: 33 Data size: 20427 Basic stats: COMPLETE Column stats: COMPLETE
                 File Output Operator
                   compressed: false
-                  Statistics: Num rows: 26 Data size: 16094 Basic stats: COMPLETE Column stats: COMPLETE
+                  Statistics: Num rows: 33 Data size: 20427 Basic stats: COMPLETE Column stats: COMPLETE
                   table:
                       input format: org.apache.hadoop.mapred.SequenceFileInputFormat
                       output format: org.apache.hadoop.hive.ql.io.HiveSequenceFileOutputFormat
@@ -4457,18 +4457,18 @@ STAGE PLANS:
                   0 (_col5 - 1) (type: int)
                   1 _col0 (type: int)
                 outputColumnNames: _col0, _col1, _col2, _col3, _col4, _col5, _col6, _col7, _col8, _col9, _col10, _col12
-                Statistics: Num rows: 26 Data size: 16554 Basic stats: COMPLETE Column stats: COMPLETE
+                Statistics: Num rows: 33 Data size: 20987 Basic stats: COMPLETE Column stats: COMPLETE
                 Filter Operator
                   predicate: ((_col12 is null and _col5 is not null and (_col10 >= _col9)) or (_col9 = 0L)) (type: boolean)
-                  Statistics: Num rows: 26 Data size: 16554 Basic stats: COMPLETE Column stats: COMPLETE
+                  Statistics: Num rows: 33 Data size: 20987 Basic stats: COMPLETE Column stats: COMPLETE
                   Select Operator
                     expressions: _col0 (type: int), _col1 (type: string), _col2 (type: string), _col3 (type: string), _col4 (type: string), _col5 (type: int), _col6 (type: string), _col7 (type: double), _col8 (type: string)
                     outputColumnNames: _col0, _col1, _col2, _col3, _col4, _col5, _col6, _col7, _col8
-                    Statistics: Num rows: 26 Data size: 16094 Basic stats: COMPLETE Column stats: COMPLETE
+                    Statistics: Num rows: 33 Data size: 20427 Basic stats: COMPLETE Column stats: COMPLETE
                     Reduce Output Operator
                       key expressions: _col3 (type: string), _col0 (type: int)
                       sort order: ++
-                      Statistics: Num rows: 26 Data size: 16094 Basic stats: COMPLETE Column stats: COMPLETE
+                      Statistics: Num rows: 33 Data size: 20427 Basic stats: COMPLETE Column stats: COMPLETE
                       TopN Hash Memory Usage: 0.1
                       value expressions: _col1 (type: string), _col2 (type: string), _col4 (type: string), _col5 (type: int), _col6 (type: string), _col7 (type: double), _col8 (type: string)
         Reducer 4 
@@ -4477,7 +4477,7 @@ STAGE PLANS:
               Select Operator
                 expressions: KEY.reducesinkkey1 (type: int), VALUE._col0 (type: string), VALUE._col1 (type: string), KEY.reducesinkkey0 (type: string), VALUE._col2 (type: string), VALUE._col3 (type: int), VALUE._col4 (type: string), VALUE._col5 (type: double), VALUE._col6 (type: string)
                 outputColumnNames: _col0, _col1, _col2, _col3, _col4, _col5, _col6, _col7, _col8
-                Statistics: Num rows: 26 Data size: 16094 Basic stats: COMPLETE Column stats: COMPLETE
+                Statistics: Num rows: 33 Data size: 20427 Basic stats: COMPLETE Column stats: COMPLETE
                 Limit
                   Number of rows: 4
                   Statistics: Num rows: 4 Data size: 2476 Basic stats: COMPLETE Column stats: COMPLETE
@@ -4742,17 +4742,17 @@ STAGE PLANS:
                   0 _col0 (type: string)
                   1 _col0 (type: string)
                 outputColumnNames: _col0, _col1, _col2, _col3, _col5
-                Statistics: Num rows: 500 Data size: 97172 Basic stats: COMPLETE Column stats: COMPLETE
+                Statistics: Num rows: 539 Data size: 104726 Basic stats: COMPLETE Column stats: COMPLETE
                 Filter Operator
                   predicate: ((_col2 = 0L) or (_col5 is null and _col0 is not null and (_col3 >= _col2))) (type: boolean)
-                  Statistics: Num rows: 500 Data size: 97172 Basic stats: COMPLETE Column stats: COMPLETE
+                  Statistics: Num rows: 539 Data size: 104726 Basic stats: COMPLETE Column stats: COMPLETE
                   Select Operator
                     expressions: _col0 (type: string), _col1 (type: string)
                     outputColumnNames: _col0, _col1
-                    Statistics: Num rows: 500 Data size: 89000 Basic stats: COMPLETE Column stats: COMPLETE
+                    Statistics: Num rows: 539 Data size: 95942 Basic stats: COMPLETE Column stats: COMPLETE
                     File Output Operator
                       compressed: false
-                      Statistics: Num rows: 500 Data size: 89000 Basic stats: COMPLETE Column stats: COMPLETE
+                      Statistics: Num rows: 539 Data size: 95942 Basic stats: COMPLETE Column stats: COMPLETE
                       table:
                           input format: org.apache.hadoop.mapred.SequenceFileInputFormat
                           output format: org.apache.hadoop.hive.ql.io.HiveSequenceFileOutputFormat
@@ -5415,12 +5415,12 @@ STAGE PLANS:
                   0 _col0 (type: string)
                   1 _col0 (type: string)
                 outputColumnNames: _col0, _col1, _col3, _col4
-                Statistics: Num rows: 26 Data size: 2512 Basic stats: COMPLETE Column stats: COMPLETE
+                Statistics: Num rows: 47 Data size: 4864 Basic stats: COMPLETE Column stats: COMPLETE
                 Reduce Output Operator
                   key expressions: _col0 (type: string), _col1 (type: int)
                   sort order: ++
                   Map-reduce partition columns: _col0 (type: string), _col1 (type: int)
-                  Statistics: Num rows: 26 Data size: 2512 Basic stats: COMPLETE Column stats: COMPLETE
+                  Statistics: Num rows: 47 Data size: 4864 Basic stats: COMPLETE Column stats: COMPLETE
                   value expressions: _col3 (type: bigint), _col4 (type: bigint)
         Reducer 3 
             Execution mode: llap
@@ -5432,12 +5432,12 @@ STAGE PLANS:
                   0 _col0 (type: string), _col1 (type: int)
                   1 _col1 (type: string), _col3 (type: int)
                 outputColumnNames: _col1, _col3, _col4, _col7
-                Statistics: Num rows: 26 Data size: 164 Basic stats: COMPLETE Column stats: COMPLETE
+                Statistics: Num rows: 53 Data size: 780 Basic stats: COMPLETE Column stats: COMPLETE
                 Filter Operator
                   predicate: CASE WHEN ((_col3 = 0L)) THEN (true) WHEN (_col3 is null) THEN (true) WHEN (_col7 is not null) THEN (false) WHEN ((_col1 + 100) is null) THEN (null) WHEN ((_col4 < _col3)) THEN (false) ELSE (true) END (type: boolean)
-                  Statistics: Num rows: 13 Data size: 92 Basic stats: COMPLETE Column stats: COMPLETE
+                  Statistics: Num rows: 26 Data size: 388 Basic stats: COMPLETE Column stats: COMPLETE
                   Select Operator
-                    Statistics: Num rows: 13 Data size: 92 Basic stats: COMPLETE Column stats: COMPLETE
+                    Statistics: Num rows: 26 Data size: 388 Basic stats: COMPLETE Column stats: COMPLETE
                     Group By Operator
                       aggregations: count()
                       mode: hash
@@ -5661,17 +5661,17 @@ STAGE PLANS:
                   0 _col0 (type: int)
                   1 _col0 (type: int)
                 outputColumnNames: _col0, _col1, _col2, _col4
-                Statistics: Num rows: 4 Data size: 92 Basic stats: COMPLETE Column stats: COMPLETE
+                Statistics: Num rows: 5 Data size: 108 Basic stats: COMPLETE Column stats: COMPLETE
                 Filter Operator
                   predicate: ((_col1 = 0L) or (_col4 is null and _col0 is not null and (_col2 >= _col1))) (type: boolean)
-                  Statistics: Num rows: 4 Data size: 92 Basic stats: COMPLETE Column stats: COMPLETE
+                  Statistics: Num rows: 5 Data size: 108 Basic stats: COMPLETE Column stats: COMPLETE
                   Select Operator
                     expressions: _col0 (type: int)
                     outputColumnNames: _col0
-                    Statistics: Num rows: 4 Data size: 16 Basic stats: COMPLETE Column stats: COMPLETE
+                    Statistics: Num rows: 5 Data size: 20 Basic stats: COMPLETE Column stats: COMPLETE
                     File Output Operator
                       compressed: false
-                      Statistics: Num rows: 4 Data size: 16 Basic stats: COMPLETE Column stats: COMPLETE
+                      Statistics: Num rows: 5 Data size: 20 Basic stats: COMPLETE Column stats: COMPLETE
                       table:
                           input format: org.apache.hadoop.mapred.SequenceFileInputFormat
                           output format: org.apache.hadoop.hive.ql.io.HiveSequenceFileOutputFormat
@@ -5820,12 +5820,12 @@ STAGE PLANS:
                   0 _col1 (type: char(100))
                   1 _col0 (type: char(100))
                 outputColumnNames: _col0, _col1, _col3, _col4
-                Statistics: Num rows: 4 Data size: 416 Basic stats: COMPLETE Column stats: COMPLETE
+                Statistics: Num rows: 5 Data size: 492 Basic stats: COMPLETE Column stats: COMPLETE
                 Reduce Output Operator
                   key expressions: _col0 (type: int), _col1 (type: char(100))
                   sort order: ++
                   Map-reduce partition columns: _col0 (type: int), _col1 (type: char(100))
-                  Statistics: Num rows: 4 Data size: 416 Basic stats: COMPLETE Column stats: COMPLETE
+                  Statistics: Num rows: 5 Data size: 492 Basic stats: COMPLETE Column stats: COMPLETE
                   value expressions: _col3 (type: bigint), _col4 (type: bigint)
         Reducer 3 
             Execution mode: llap
@@ -5837,17 +5837,17 @@ STAGE PLANS:
                   0 _col0 (type: int), _col1 (type: char(100))
                   1 _col0 (type: int), _col1 (type: char(100))
                 outputColumnNames: _col0, _col3, _col4, _col7
-                Statistics: Num rows: 4 Data size: 76 Basic stats: COMPLETE Column stats: COMPLETE
+                Statistics: Num rows: 6 Data size: 80 Basic stats: COMPLETE Column stats: COMPLETE
                 Filter Operator
                   predicate: CASE WHEN ((_col3 = 0L)) THEN (true) WHEN (_col3 is null) THEN (true) WHEN (_col7 is not null) THEN (false) WHEN (_col0 is null) THEN (null) WHEN ((_col4 < _col3)) THEN (false) ELSE (true) END (type: boolean)
-                  Statistics: Num rows: 2 Data size: 48 Basic stats: COMPLETE Column stats: COMPLETE
+                  Statistics: Num rows: 3 Data size: 48 Basic stats: COMPLETE Column stats: COMPLETE
                   Select Operator
                     expressions: _col0 (type: int)
                     outputColumnNames: _col0
-                    Statistics: Num rows: 2 Data size: 8 Basic stats: COMPLETE Column stats: COMPLETE
+                    Statistics: Num rows: 3 Data size: 12 Basic stats: COMPLETE Column stats: COMPLETE
                     File Output Operator
                       compressed: false
-                      Statistics: Num rows: 2 Data size: 8 Basic stats: COMPLETE Column stats: COMPLETE
+                      Statistics: Num rows: 3 Data size: 12 Basic stats: COMPLETE Column stats: COMPLETE
                       table:
                           input format: org.apache.hadoop.mapred.SequenceFileInputFormat
                           output format: org.apache.hadoop.hive.ql.io.HiveSequenceFileOutputFormat
@@ -6762,17 +6762,17 @@ STAGE PLANS:
                   0 _col0 (type: int), _col1 (type: int)
                   1 _col0 (type: int), _col1 (type: int)
                 outputColumnNames: _col0, _col3, _col4, _col7
-                Statistics: Num rows: 3 Data size: 68 Basic stats: COMPLETE Column stats: COMPLETE
+                Statistics: Num rows: 4 Data size: 88 Basic stats: COMPLETE Column stats: COMPLETE
                 Filter Operator
                   predicate: CASE WHEN ((_col3 = 0L)) THEN (true) WHEN (_col3 is null) THEN (true) WHEN (_col7 is not null) THEN (false) WHEN (_col0 is null) THEN (null) WHEN ((_col4 < _col3)) THEN (false) ELSE (true) END (type: boolean)
-                  Statistics: Num rows: 1 Data size: 24 Basic stats: COMPLETE Column stats: COMPLETE
+                  Statistics: Num rows: 2 Data size: 44 Basic stats: COMPLETE Column stats: COMPLETE
                   Select Operator
                     expressions: _col0 (type: int)
                     outputColumnNames: _col0
-                    Statistics: Num rows: 1 Data size: 4 Basic stats: COMPLETE Column stats: COMPLETE
+                    Statistics: Num rows: 2 Data size: 8 Basic stats: COMPLETE Column stats: COMPLETE
                     File Output Operator
                       compressed: false
-                      Statistics: Num rows: 1 Data size: 4 Basic stats: COMPLETE Column stats: COMPLETE
+                      Statistics: Num rows: 2 Data size: 8 Basic stats: COMPLETE Column stats: COMPLETE
                       table:
                           input format: org.apache.hadoop.mapred.SequenceFileInputFormat
                           output format: org.apache.hadoop.hive.ql.io.HiveSequenceFileOutputFormat
@@ -7074,17 +7074,17 @@ STAGE PLANS:
                   0 _col0 (type: int)
                   1 _col0 (type: int)
                 outputColumnNames: _col0, _col1, _col2, _col4
-                Statistics: Num rows: 3 Data size: 68 Basic stats: COMPLETE Column stats: COMPLETE
+                Statistics: Num rows: 4 Data size: 88 Basic stats: COMPLETE Column stats: COMPLETE
                 Filter Operator
                   predicate: ((_col1 = 0L) or (_col4 is null and _col0 is not null and (_col2 >= _col1))) (type: boolean)
-                  Statistics: Num rows: 3 Data size: 68 Basic stats: COMPLETE Column stats: COMPLETE
+                  Statistics: Num rows: 4 Data size: 88 Basic stats: COMPLETE Column stats: COMPLETE
                   Select Operator
                     expressions: _col0 (type: int)
                     outputColumnNames: _col0
-                    Statistics: Num rows: 3 Data size: 12 Basic stats: COMPLETE Column stats: COMPLETE
+                    Statistics: Num rows: 4 Data size: 16 Basic stats: COMPLETE Column stats: COMPLETE
                     File Output Operator
                       compressed: false
-                      Statistics: Num rows: 3 Data size: 12 Basic stats: COMPLETE Column stats: COMPLETE
+                      Statistics: Num rows: 4 Data size: 16 Basic stats: COMPLETE Column stats: COMPLETE
                       table:
                           input format: org.apache.hadoop.mapred.SequenceFileInputFormat
                           output format: org.apache.hadoop.hive.ql.io.HiveSequenceFileOutputFormat
@@ -7245,12 +7245,12 @@ STAGE PLANS:
                   0 _col1 (type: string)
                   1 _col0 (type: string)
                 outputColumnNames: _col0, _col1, _col3, _col4
-                Statistics: Num rows: 500 Data size: 89016 Basic stats: COMPLETE Column stats: COMPLETE
+                Statistics: Num rows: 907 Data size: 167974 Basic stats: COMPLETE Column stats: COMPLETE
                 Reduce Output Operator
                   key expressions: _col0 (type: string)
                   sort order: +
                   Map-reduce partition columns: _col0 (type: string)
-                  Statistics: Num rows: 500 Data size: 89016 Basic stats: COMPLETE Column stats: COMPLETE
+                  Statistics: Num rows: 907 Data size: 167974 Basic stats: COMPLETE Column stats: COMPLETE
                   value expressions: _col1 (type: string), _col3 (type: bigint), _col4 (type: bigint)
         Reducer 3 
             Execution mode: llap
@@ -7263,17 +7263,17 @@ STAGE PLANS:
                   1 _col0 (type: string)
                 outputColumnNames: _col0, _col1, _col3, _col4, _col6, _col7
                 residual filter predicates: {(_col1 > _col6)}
-                Statistics: Num rows: 500 Data size: 106021 Basic stats: COMPLETE Column stats: COMPLETE
+                Statistics: Num rows: 1145 Data size: 236851 Basic stats: COMPLETE Column stats: COMPLETE
                 Filter Operator
                   predicate: CASE WHEN ((_col3 = 0L)) THEN (true) WHEN (_col3 is null) THEN (true) WHEN (_col7 is not null) THEN (false) WHEN (_col0 is null) THEN (null) WHEN ((_col4 < _col3)) THEN (false) ELSE (true) END (type: boolean)
-                  Statistics: Num rows: 250 Data size: 53066 Basic stats: COMPLETE Column stats: COMPLETE
+                  Statistics: Num rows: 572 Data size: 118384 Basic stats: COMPLETE Column stats: COMPLETE
                   Select Operator
                     expressions: _col0 (type: string), _col1 (type: string)
                     outputColumnNames: _col0, _col1
-                    Statistics: Num rows: 250 Data size: 44500 Basic stats: COMPLETE Column stats: COMPLETE
+                    Statistics: Num rows: 572 Data size: 101816 Basic stats: COMPLETE Column stats: COMPLETE
                     File Output Operator
                       compressed: false
-                      Statistics: Num rows: 250 Data size: 44500 Basic stats: COMPLETE Column stats: COMPLETE
+                      Statistics: Num rows: 572 Data size: 101816 Basic stats: COMPLETE Column stats: COMPLETE
                       table:
                           input format: org.apache.hadoop.mapred.SequenceFileInputFormat
                           output format: org.apache.hadoop.hive.ql.io.HiveSequenceFileOutputFormat
diff --git a/ql/src/test/results/clientpositive/llap/subquery_scalar.q.out b/ql/src/test/results/clientpositive/llap/subquery_scalar.q.out
index 64b1067ab0..166bd60ce2 100644
--- a/ql/src/test/results/clientpositive/llap/subquery_scalar.q.out
+++ b/ql/src/test/results/clientpositive/llap/subquery_scalar.q.out
@@ -2403,17 +2403,17 @@ STAGE PLANS:
                   0 _col0 (type: int), _col5 (type: int)
                   1 _col2 (type: int), _col3 (type: int)
                 outputColumnNames: _col0, _col1, _col2, _col3, _col4, _col5, _col6, _col7, _col8, _col9, _col10
-                Statistics: Num rows: 26 Data size: 16394 Basic stats: COMPLETE Column stats: COMPLETE
+                Statistics: Num rows: 39 Data size: 24309 Basic stats: COMPLETE Column stats: COMPLETE
                 Filter Operator
                   predicate: CASE WHEN (_col10 is null) THEN ((UDFToLong(_col5) <> 0)) ELSE ((UDFToLong(_col5) <> _col9)) END (type: boolean)
-                  Statistics: Num rows: 13 Data size: 8203 Basic stats: COMPLETE Column stats: COMPLETE
+                  Statistics: Num rows: 19 Data size: 11845 Basic stats: COMPLETE Column stats: COMPLETE
                   Select Operator
                     expressions: _col0 (type: int), _col1 (type: string), _col2 (type: string), _col3 (type: string), _col4 (type: string), _col5 (type: int), _col6 (type: string), _col7 (type: double), _col8 (type: string)
                     outputColumnNames: _col0, _col1, _col2, _col3, _col4, _col5, _col6, _col7, _col8
-                    Statistics: Num rows: 13 Data size: 8047 Basic stats: COMPLETE Column stats: COMPLETE
+                    Statistics: Num rows: 19 Data size: 11761 Basic stats: COMPLETE Column stats: COMPLETE
                     File Output Operator
                       compressed: false
-                      Statistics: Num rows: 13 Data size: 8047 Basic stats: COMPLETE Column stats: COMPLETE
+                      Statistics: Num rows: 19 Data size: 11761 Basic stats: COMPLETE Column stats: COMPLETE
                       table:
                           input format: org.apache.hadoop.mapred.SequenceFileInputFormat
                           output format: org.apache.hadoop.hive.ql.io.HiveSequenceFileOutputFormat
@@ -4792,17 +4792,17 @@ STAGE PLANS:
                   0 _col1 (type: string)
                   1 _col2 (type: string)
                 outputColumnNames: _col0, _col1, _col2, _col3, _col4, _col5, _col6, _col7, _col8, _col9, _col10, _col11
-                Statistics: Num rows: 5 Data size: 1674 Basic stats: COMPLETE Column stats: COMPLETE
+                Statistics: Num rows: 6 Data size: 2025 Basic stats: COMPLETE Column stats: COMPLETE
                 Filter Operator
                   predicate: CASE WHEN (_col11 is null) THEN ((UDFToLong(_col2) <> 0)) ELSE ((UDFToLong(_col2) <> _col10)) END (type: boolean)
-                  Statistics: Num rows: 2 Data size: 714 Basic stats: COMPLETE Column stats: COMPLETE
+                  Statistics: Num rows: 3 Data size: 1065 Basic stats: COMPLETE Column stats: COMPLETE
                   Select Operator
                     expressions: _col0 (type: int), _col1 (type: string), _col2 (type: int), _col3 (type: string), _col4 (type: string), _col5 (type: int), _col6 (type: int), _col7 (type: boolean), _col8 (type: boolean), _col9 (type: date)
                     outputColumnNames: _col0, _col1, _col2, _col3, _col4, _col5, _col6, _col7, _col8, _col9
-                    Statistics: Num rows: 2 Data size: 702 Basic stats: COMPLETE Column stats: COMPLETE
+                    Statistics: Num rows: 3 Data size: 1053 Basic stats: COMPLETE Column stats: COMPLETE
                     File Output Operator
                       compressed: false
-                      Statistics: Num rows: 2 Data size: 702 Basic stats: COMPLETE Column stats: COMPLETE
+                      Statistics: Num rows: 3 Data size: 1053 Basic stats: COMPLETE Column stats: COMPLETE
                       table:
                           input format: org.apache.hadoop.mapred.SequenceFileInputFormat
                           output format: org.apache.hadoop.hive.ql.io.HiveSequenceFileOutputFormat
@@ -5065,19 +5065,19 @@ STAGE PLANS:
                   0 _col1 (type: string)
                   1 _col2 (type: string)
                 outputColumnNames: _col0, _col1, _col2, _col3, _col4, _col5, _col6, _col7, _col8, _col9, _col10, _col11
-                Statistics: Num rows: 5 Data size: 1674 Basic stats: COMPLETE Column stats: COMPLETE
+                Statistics: Num rows: 6 Data size: 2025 Basic stats: COMPLETE Column stats: COMPLETE
                 Filter Operator
                   predicate: CASE WHEN (_col11 is null) THEN ((UDFToLong(_col2) <> 0)) ELSE ((UDFToLong(_col2) <> _col10)) END (type: boolean)
-                  Statistics: Num rows: 2 Data size: 714 Basic stats: COMPLETE Column stats: COMPLETE
+                  Statistics: Num rows: 3 Data size: 1065 Basic stats: COMPLETE Column stats: COMPLETE
                   Select Operator
                     expressions: _col0 (type: int), _col1 (type: string), _col2 (type: int), _col3 (type: string), _col4 (type: string), _col5 (type: int), _col6 (type: int), _col7 (type: boolean), _col8 (type: boolean), _col9 (type: date)
                     outputColumnNames: _col0, _col1, _col2, _col3, _col4, _col5, _col6, _col7, _col8, _col9
-                    Statistics: Num rows: 2 Data size: 714 Basic stats: COMPLETE Column stats: COMPLETE
+                    Statistics: Num rows: 3 Data size: 1065 Basic stats: COMPLETE Column stats: COMPLETE
                     Reduce Output Operator
                       key expressions: _col2 (type: int)
                       sort order: +
                       Map-reduce partition columns: _col2 (type: int)
-                      Statistics: Num rows: 2 Data size: 714 Basic stats: COMPLETE Column stats: COMPLETE
+                      Statistics: Num rows: 3 Data size: 1065 Basic stats: COMPLETE Column stats: COMPLETE
                       value expressions: _col0 (type: int), _col1 (type: string), _col3 (type: string), _col4 (type: string), _col5 (type: int), _col6 (type: int), _col7 (type: boolean), _col8 (type: boolean), _col9 (type: date)
         Reducer 3 
             Execution mode: llap
@@ -5089,17 +5089,17 @@ STAGE PLANS:
                   0 _col2 (type: int)
                   1 _col2 (type: int)
                 outputColumnNames: _col0, _col1, _col2, _col3, _col4, _col5, _col6, _col7, _col8, _col9, _col13, _col14
-                Statistics: Num rows: 2 Data size: 726 Basic stats: COMPLETE Column stats: COMPLETE
+                Statistics: Num rows: 4 Data size: 1428 Basic stats: COMPLETE Column stats: COMPLETE
                 Filter Operator
                   predicate: CASE WHEN (_col14 is null) THEN ((UDFToLong(_col0) > 0)) ELSE ((UDFToLong(_col0) > _col13)) END (type: boolean)
-                  Statistics: Num rows: 1 Data size: 363 Basic stats: COMPLETE Column stats: COMPLETE
+                  Statistics: Num rows: 2 Data size: 714 Basic stats: COMPLETE Column stats: COMPLETE
                   Select Operator
                     expressions: _col0 (type: int), _col1 (type: string), _col2 (type: int), _col3 (type: string), _col4 (type: string), _col5 (type: int), _col6 (type: int), _col7 (type: boolean), _col8 (type: boolean), _col9 (type: date)
                     outputColumnNames: _col0, _col1, _col2, _col3, _col4, _col5, _col6, _col7, _col8, _col9
-                    Statistics: Num rows: 1 Data size: 351 Basic stats: COMPLETE Column stats: COMPLETE
+                    Statistics: Num rows: 2 Data size: 702 Basic stats: COMPLETE Column stats: COMPLETE
                     File Output Operator
                       compressed: false
-                      Statistics: Num rows: 1 Data size: 351 Basic stats: COMPLETE Column stats: COMPLETE
+                      Statistics: Num rows: 2 Data size: 702 Basic stats: COMPLETE Column stats: COMPLETE
                       table:
                           input format: org.apache.hadoop.mapred.SequenceFileInputFormat
                           output format: org.apache.hadoop.hive.ql.io.HiveSequenceFileOutputFormat
@@ -6116,17 +6116,17 @@ STAGE PLANS:
                   0 _col4 (type: string)
                   1 _col2 (type: string)
                 outputColumnNames: _col0, _col1, _col2, _col3, _col4, _col5, _col6, _col7, _col8, _col9, _col10
-                Statistics: Num rows: 26 Data size: 16370 Basic stats: COMPLETE Column stats: COMPLETE
+                Statistics: Num rows: 40 Data size: 24940 Basic stats: COMPLETE Column stats: COMPLETE
                 Filter Operator
                   predicate: CASE WHEN (_col10 is null) THEN ((UDFToLong(_col5) <> 0)) ELSE ((UDFToLong(_col5) <> _col9)) END (type: boolean)
-                  Statistics: Num rows: 13 Data size: 8191 Basic stats: COMPLETE Column stats: COMPLETE
+                  Statistics: Num rows: 20 Data size: 12476 Basic stats: COMPLETE Column stats: COMPLETE
                   Select Operator
                     expressions: _col0 (type: int), _col1 (type: string), _col2 (type: string), _col3 (type: string), _col4 (type: string), _col5 (type: int), _col6 (type: string), _col7 (type: double), _col8 (type: string)
                     outputColumnNames: _col0, _col1, _col2, _col3, _col4, _col5, _col6, _col7, _col8
-                    Statistics: Num rows: 13 Data size: 8047 Basic stats: COMPLETE Column stats: COMPLETE
+                    Statistics: Num rows: 20 Data size: 12380 Basic stats: COMPLETE Column stats: COMPLETE
                     File Output Operator
                       compressed: false
-                      Statistics: Num rows: 13 Data size: 8047 Basic stats: COMPLETE Column stats: COMPLETE
+                      Statistics: Num rows: 20 Data size: 12380 Basic stats: COMPLETE Column stats: COMPLETE
                       table:
                           input format: org.apache.hadoop.mapred.SequenceFileInputFormat
                           output format: org.apache.hadoop.hive.ql.io.HiveSequenceFileOutputFormat
diff --git a/ql/src/test/results/clientpositive/llap/subquery_select.q.out b/ql/src/test/results/clientpositive/llap/subquery_select.q.out
index 30c6d13efc..854d215a23 100644
--- a/ql/src/test/results/clientpositive/llap/subquery_select.q.out
+++ b/ql/src/test/results/clientpositive/llap/subquery_select.q.out
@@ -94,14 +94,14 @@ STAGE PLANS:
                   0 _col0 (type: int)
                   1 _col0 (type: int)
                 outputColumnNames: _col0, _col1, _col2, _col4
-                Statistics: Num rows: 26 Data size: 528 Basic stats: COMPLETE Column stats: COMPLETE
+                Statistics: Num rows: 27 Data size: 548 Basic stats: COMPLETE Column stats: COMPLETE
                 Select Operator
                   expressions: _col0 (type: int), CASE WHEN ((_col1 = 0L)) THEN (false) WHEN (_col4 is not null) THEN (true) WHEN (_col0 is null) THEN (null) WHEN ((_col2 < _col1)) THEN (null) ELSE (false) END (type: boolean)
                   outputColumnNames: _col0, _col1
-                  Statistics: Num rows: 26 Data size: 208 Basic stats: COMPLETE Column stats: COMPLETE
+                  Statistics: Num rows: 27 Data size: 216 Basic stats: COMPLETE Column stats: COMPLETE
                   File Output Operator
                     compressed: false
-                    Statistics: Num rows: 26 Data size: 208 Basic stats: COMPLETE Column stats: COMPLETE
+                    Statistics: Num rows: 27 Data size: 216 Basic stats: COMPLETE Column stats: COMPLETE
                     table:
                         input format: org.apache.hadoop.mapred.SequenceFileInputFormat
                         output format: org.apache.hadoop.hive.ql.io.HiveSequenceFileOutputFormat
@@ -271,12 +271,12 @@ STAGE PLANS:
                   0 _col0 (type: string)
                   1 _col0 (type: string)
                 outputColumnNames: _col0, _col1, _col3, _col4
-                Statistics: Num rows: 26 Data size: 3176 Basic stats: COMPLETE Column stats: COMPLETE
+                Statistics: Num rows: 40 Data size: 4560 Basic stats: COMPLETE Column stats: COMPLETE
                 Reduce Output Operator
                   key expressions: _col0 (type: string), _col1 (type: int)
                   sort order: ++
                   Map-reduce partition columns: _col0 (type: string), _col1 (type: int)
-                  Statistics: Num rows: 26 Data size: 3176 Basic stats: COMPLETE Column stats: COMPLETE
+                  Statistics: Num rows: 40 Data size: 4560 Basic stats: COMPLETE Column stats: COMPLETE
                   value expressions: _col3 (type: bigint), _col4 (type: bigint)
         Reducer 3 
             Execution mode: llap
@@ -288,14 +288,14 @@ STAGE PLANS:
                   0 _col0 (type: string), _col1 (type: int)
                   1 _col1 (type: string), _col0 (type: int)
                 outputColumnNames: _col1, _col3, _col4, _col7
-                Statistics: Num rows: 26 Data size: 516 Basic stats: COMPLETE Column stats: COMPLETE
+                Statistics: Num rows: 48 Data size: 660 Basic stats: COMPLETE Column stats: COMPLETE
                 Select Operator
                   expressions: _col1 (type: int), CASE WHEN ((_col3 = 0L)) THEN (false) WHEN (_col3 is null) THEN (false) WHEN (_col7 is not null) THEN (true) WHEN (_col1 is null) THEN (null) WHEN ((_col4 < _col3)) THEN (null) ELSE (false) END (type: boolean)
                   outputColumnNames: _col0, _col1
-                  Statistics: Num rows: 26 Data size: 208 Basic stats: COMPLETE Column stats: COMPLETE
+                  Statistics: Num rows: 48 Data size: 384 Basic stats: COMPLETE Column stats: COMPLETE
                   File Output Operator
                     compressed: false
-                    Statistics: Num rows: 26 Data size: 208 Basic stats: COMPLETE Column stats: COMPLETE
+                    Statistics: Num rows: 48 Data size: 384 Basic stats: COMPLETE Column stats: COMPLETE
                     table:
                         input format: org.apache.hadoop.mapred.SequenceFileInputFormat
                         output format: org.apache.hadoop.hive.ql.io.HiveSequenceFileOutputFormat
@@ -484,14 +484,14 @@ STAGE PLANS:
                   0 _col0 (type: int)
                   1 _col0 (type: int)
                 outputColumnNames: _col0, _col1, _col2, _col4
-                Statistics: Num rows: 26 Data size: 528 Basic stats: COMPLETE Column stats: COMPLETE
+                Statistics: Num rows: 27 Data size: 548 Basic stats: COMPLETE Column stats: COMPLETE
                 Select Operator
                   expressions: _col0 (type: int), CASE WHEN ((_col1 = 0L)) THEN (true) WHEN (_col4 is not null) THEN (false) WHEN (_col0 is null) THEN (null) WHEN ((_col2 < _col1)) THEN (null) ELSE (true) END (type: boolean)
                   outputColumnNames: _col0, _col1
-                  Statistics: Num rows: 26 Data size: 208 Basic stats: COMPLETE Column stats: COMPLETE
+                  Statistics: Num rows: 27 Data size: 216 Basic stats: COMPLETE Column stats: COMPLETE
                   File Output Operator
                     compressed: false
-                    Statistics: Num rows: 26 Data size: 208 Basic stats: COMPLETE Column stats: COMPLETE
+                    Statistics: Num rows: 27 Data size: 216 Basic stats: COMPLETE Column stats: COMPLETE
                     table:
                         input format: org.apache.hadoop.mapred.SequenceFileInputFormat
                         output format: org.apache.hadoop.hive.ql.io.HiveSequenceFileOutputFormat
@@ -684,19 +684,19 @@ STAGE PLANS:
                   0 _col0 (type: string)
                   1 _col0 (type: string)
                 outputColumnNames: _col0, _col1, _col3
-                Statistics: Num rows: 26 Data size: 2992 Basic stats: COMPLETE Column stats: COMPLETE
+                Statistics: Num rows: 40 Data size: 4440 Basic stats: COMPLETE Column stats: COMPLETE
                 Filter Operator
                   predicate: (sq_count_check(CASE WHEN (_col3 is null) THEN (0) ELSE (_col3) END, true) > 0) (type: boolean)
-                  Statistics: Num rows: 8 Data size: 928 Basic stats: COMPLETE Column stats: COMPLETE
+                  Statistics: Num rows: 13 Data size: 1452 Basic stats: COMPLETE Column stats: COMPLETE
                   Select Operator
                     expressions: _col0 (type: string), _col1 (type: int)
                     outputColumnNames: _col0, _col1
-                    Statistics: Num rows: 8 Data size: 864 Basic stats: COMPLETE Column stats: COMPLETE
+                    Statistics: Num rows: 13 Data size: 1404 Basic stats: COMPLETE Column stats: COMPLETE
                     Reduce Output Operator
                       key expressions: _col0 (type: string)
                       sort order: +
                       Map-reduce partition columns: _col0 (type: string)
-                      Statistics: Num rows: 8 Data size: 864 Basic stats: COMPLETE Column stats: COMPLETE
+                      Statistics: Num rows: 13 Data size: 1404 Basic stats: COMPLETE Column stats: COMPLETE
                       value expressions: _col1 (type: int)
         Reducer 3 
             Execution mode: llap
@@ -708,12 +708,12 @@ STAGE PLANS:
                   0 _col0 (type: string)
                   1 _col0 (type: string)
                 outputColumnNames: _col0, _col1, _col3, _col4
-                Statistics: Num rows: 8 Data size: 880 Basic stats: COMPLETE Column stats: COMPLETE
+                Statistics: Num rows: 13 Data size: 1612 Basic stats: COMPLETE Column stats: COMPLETE
                 Reduce Output Operator
                   key expressions: _col0 (type: string), _col1 (type: int)
                   sort order: ++
                   Map-reduce partition columns: _col0 (type: string), _col1 (type: int)
-                  Statistics: Num rows: 8 Data size: 880 Basic stats: COMPLETE Column stats: COMPLETE
+                  Statistics: Num rows: 13 Data size: 1612 Basic stats: COMPLETE Column stats: COMPLETE
                   value expressions: _col3 (type: bigint), _col4 (type: bigint)
         Reducer 4 
             Execution mode: llap
@@ -725,14 +725,14 @@ STAGE PLANS:
                   0 _col0 (type: string), _col1 (type: int)
                   1 _col1 (type: string), _col0 (type: int)
                 outputColumnNames: _col1, _col3, _col4, _col7
-                Statistics: Num rows: 8 Data size: 52 Basic stats: COMPLETE Column stats: COMPLETE
+                Statistics: Num rows: 13 Data size: 312 Basic stats: COMPLETE Column stats: COMPLETE
                 Select Operator
                   expressions: _col1 (type: int), CASE WHEN ((_col3 = 0L)) THEN (true) WHEN (_col3 is null) THEN (true) WHEN (_col7 is not null) THEN (false) WHEN (_col1 is null) THEN (null) WHEN ((_col4 < _col3)) THEN (null) ELSE (true) END (type: boolean)
                   outputColumnNames: _col0, _col1
-                  Statistics: Num rows: 8 Data size: 64 Basic stats: COMPLETE Column stats: COMPLETE
+                  Statistics: Num rows: 13 Data size: 104 Basic stats: COMPLETE Column stats: COMPLETE
                   File Output Operator
                     compressed: false
-                    Statistics: Num rows: 8 Data size: 64 Basic stats: COMPLETE Column stats: COMPLETE
+                    Statistics: Num rows: 13 Data size: 104 Basic stats: COMPLETE Column stats: COMPLETE
                     table:
                         input format: org.apache.hadoop.mapred.SequenceFileInputFormat
                         output format: org.apache.hadoop.hive.ql.io.HiveSequenceFileOutputFormat
@@ -1052,14 +1052,14 @@ STAGE PLANS:
                   0 _col0 (type: string)
                   1 _col0 (type: string)
                 outputColumnNames: _col1, _col3
-                Statistics: Num rows: 26 Data size: 196 Basic stats: COMPLETE Column stats: COMPLETE
+                Statistics: Num rows: 36 Data size: 204 Basic stats: COMPLETE Column stats: COMPLETE
                 Select Operator
                   expressions: _col1 (type: int), _col3 is not null (type: boolean)
                   outputColumnNames: _col0, _col1
-                  Statistics: Num rows: 26 Data size: 208 Basic stats: COMPLETE Column stats: COMPLETE
+                  Statistics: Num rows: 36 Data size: 288 Basic stats: COMPLETE Column stats: COMPLETE
                   File Output Operator
                     compressed: false
-                    Statistics: Num rows: 26 Data size: 208 Basic stats: COMPLETE Column stats: COMPLETE
+                    Statistics: Num rows: 36 Data size: 288 Basic stats: COMPLETE Column stats: COMPLETE
                     table:
                         input format: org.apache.hadoop.mapred.SequenceFileInputFormat
                         output format: org.apache.hadoop.hive.ql.io.HiveSequenceFileOutputFormat
@@ -1332,14 +1332,14 @@ STAGE PLANS:
                   0 _col0 (type: string)
                   1 _col0 (type: string)
                 outputColumnNames: _col1, _col3
-                Statistics: Num rows: 26 Data size: 196 Basic stats: COMPLETE Column stats: COMPLETE
+                Statistics: Num rows: 36 Data size: 204 Basic stats: COMPLETE Column stats: COMPLETE
                 Select Operator
                   expressions: _col1 (type: int), _col3 is null (type: boolean)
                   outputColumnNames: _col0, _col1
-                  Statistics: Num rows: 26 Data size: 208 Basic stats: COMPLETE Column stats: COMPLETE
+                  Statistics: Num rows: 36 Data size: 288 Basic stats: COMPLETE Column stats: COMPLETE
                   File Output Operator
                     compressed: false
-                    Statistics: Num rows: 26 Data size: 208 Basic stats: COMPLETE Column stats: COMPLETE
+                    Statistics: Num rows: 36 Data size: 288 Basic stats: COMPLETE Column stats: COMPLETE
                     table:
                         input format: org.apache.hadoop.mapred.SequenceFileInputFormat
                         output format: org.apache.hadoop.hive.ql.io.HiveSequenceFileOutputFormat
@@ -1476,14 +1476,14 @@ STAGE PLANS:
                   0 _col0 (type: string)
                   1 _col2 (type: string)
                 outputColumnNames: _col1, _col2, _col3
-                Statistics: Num rows: 26 Data size: 404 Basic stats: COMPLETE Column stats: COMPLETE
+                Statistics: Num rows: 37 Data size: 316 Basic stats: COMPLETE Column stats: COMPLETE
                 Select Operator
                   expressions: _col1 (type: int), CASE WHEN (_col3 is null) THEN (0) ELSE (_col2) END (type: bigint)
                   outputColumnNames: _col0, _col1
-                  Statistics: Num rows: 26 Data size: 312 Basic stats: COMPLETE Column stats: COMPLETE
+                  Statistics: Num rows: 37 Data size: 444 Basic stats: COMPLETE Column stats: COMPLETE
                   File Output Operator
                     compressed: false
-                    Statistics: Num rows: 26 Data size: 312 Basic stats: COMPLETE Column stats: COMPLETE
+                    Statistics: Num rows: 37 Data size: 444 Basic stats: COMPLETE Column stats: COMPLETE
                     table:
                         input format: org.apache.hadoop.mapred.SequenceFileInputFormat
                         output format: org.apache.hadoop.hive.ql.io.HiveSequenceFileOutputFormat
@@ -1619,14 +1619,14 @@ STAGE PLANS:
                   0 _col0 (type: string)
                   1 _col2 (type: string)
                 outputColumnNames: _col1, _col2, _col3
-                Statistics: Num rows: 26 Data size: 4804 Basic stats: COMPLETE Column stats: COMPLETE
+                Statistics: Num rows: 37 Data size: 2780 Basic stats: COMPLETE Column stats: COMPLETE
                 Select Operator
                   expressions: _col1 (type: int), CASE WHEN (_col3 is null) THEN (null) ELSE (_col2) END (type: string)
                   outputColumnNames: _col0, _col1
-                  Statistics: Num rows: 26 Data size: 4888 Basic stats: COMPLETE Column stats: COMPLETE
+                  Statistics: Num rows: 37 Data size: 6956 Basic stats: COMPLETE Column stats: COMPLETE
                   File Output Operator
                     compressed: false
-                    Statistics: Num rows: 26 Data size: 4888 Basic stats: COMPLETE Column stats: COMPLETE
+                    Statistics: Num rows: 37 Data size: 6956 Basic stats: COMPLETE Column stats: COMPLETE
                     table:
                         input format: org.apache.hadoop.mapred.SequenceFileInputFormat
                         output format: org.apache.hadoop.hive.ql.io.HiveSequenceFileOutputFormat
@@ -2292,14 +2292,14 @@ STAGE PLANS:
                   0 _col0 (type: int)
                   1 _col0 (type: int)
                 outputColumnNames: _col0, _col1, _col2, _col4
-                Statistics: Num rows: 26 Data size: 528 Basic stats: COMPLETE Column stats: COMPLETE
+                Statistics: Num rows: 27 Data size: 548 Basic stats: COMPLETE Column stats: COMPLETE
                 Select Operator
                   expressions: _col0 (type: int), CASE WHEN ((_col1 = 0L)) THEN (false) WHEN (_col4 is not null) THEN (true) WHEN (_col0 is null) THEN (null) WHEN ((_col2 < _col1)) THEN (null) ELSE (false) END (type: boolean)
                   outputColumnNames: _col0, _col1
-                  Statistics: Num rows: 26 Data size: 208 Basic stats: COMPLETE Column stats: COMPLETE
+                  Statistics: Num rows: 27 Data size: 216 Basic stats: COMPLETE Column stats: COMPLETE
                   File Output Operator
                     compressed: false
-                    Statistics: Num rows: 26 Data size: 208 Basic stats: COMPLETE Column stats: COMPLETE
+                    Statistics: Num rows: 27 Data size: 216 Basic stats: COMPLETE Column stats: COMPLETE
                     table:
                         input format: org.apache.hadoop.mapred.SequenceFileInputFormat
                         output format: org.apache.hadoop.hive.ql.io.HiveSequenceFileOutputFormat
@@ -2731,14 +2731,14 @@ STAGE PLANS:
                   0 _col0 (type: string)
                   1 _col2 (type: string)
                 outputColumnNames: _col1, _col2, _col3
-                Statistics: Num rows: 26 Data size: 288 Basic stats: COMPLETE Column stats: COMPLETE
+                Statistics: Num rows: 36 Data size: 264 Basic stats: COMPLETE Column stats: COMPLETE
                 Select Operator
                   expressions: _col1 (type: int), (1 + CASE WHEN (_col3 is null) THEN (null) ELSE (_col2) END) (type: int)
                   outputColumnNames: _col0, _col1
-                  Statistics: Num rows: 26 Data size: 208 Basic stats: COMPLETE Column stats: COMPLETE
+                  Statistics: Num rows: 36 Data size: 288 Basic stats: COMPLETE Column stats: COMPLETE
                   File Output Operator
                     compressed: false
-                    Statistics: Num rows: 26 Data size: 208 Basic stats: COMPLETE Column stats: COMPLETE
+                    Statistics: Num rows: 36 Data size: 288 Basic stats: COMPLETE Column stats: COMPLETE
                     table:
                         input format: org.apache.hadoop.mapred.SequenceFileInputFormat
                         output format: org.apache.hadoop.hive.ql.io.HiveSequenceFileOutputFormat
@@ -2870,14 +2870,14 @@ STAGE PLANS:
                   0 _col0 (type: string)
                   1 _col2 (type: string)
                 outputColumnNames: _col1, _col2, _col3
-                Statistics: Num rows: 26 Data size: 380 Basic stats: COMPLETE Column stats: COMPLETE
+                Statistics: Num rows: 36 Data size: 324 Basic stats: COMPLETE Column stats: COMPLETE
                 Select Operator
                   expressions: _col1 (type: int), CASE WHEN (_col3 is null) THEN (false) ELSE (_col2 is null) END (type: boolean)
                   outputColumnNames: _col0, _col1
-                  Statistics: Num rows: 26 Data size: 208 Basic stats: COMPLETE Column stats: COMPLETE
+                  Statistics: Num rows: 36 Data size: 288 Basic stats: COMPLETE Column stats: COMPLETE
                   File Output Operator
                     compressed: false
-                    Statistics: Num rows: 26 Data size: 208 Basic stats: COMPLETE Column stats: COMPLETE
+                    Statistics: Num rows: 36 Data size: 288 Basic stats: COMPLETE Column stats: COMPLETE
                     table:
                         input format: org.apache.hadoop.mapred.SequenceFileInputFormat
                         output format: org.apache.hadoop.hive.ql.io.HiveSequenceFileOutputFormat
@@ -3281,12 +3281,12 @@ STAGE PLANS:
                   0 _col1 (type: string)
                   1 _col0 (type: string)
                 outputColumnNames: _col0, _col1, _col2, _col4, _col5
-                Statistics: Num rows: 26 Data size: 6322 Basic stats: COMPLETE Column stats: COMPLETE
+                Statistics: Num rows: 40 Data size: 9400 Basic stats: COMPLETE Column stats: COMPLETE
                 Reduce Output Operator
                   key expressions: _col1 (type: string), _col2 (type: int)
                   sort order: ++
                   Map-reduce partition columns: _col1 (type: string), _col2 (type: int)
-                  Statistics: Num rows: 26 Data size: 6322 Basic stats: COMPLETE Column stats: COMPLETE
+                  Statistics: Num rows: 40 Data size: 9400 Basic stats: COMPLETE Column stats: COMPLETE
                   value expressions: _col0 (type: string), _col4 (type: bigint), _col5 (type: bigint)
         Reducer 3 
             Execution mode: llap
@@ -3298,10 +3298,10 @@ STAGE PLANS:
                   0 _col1 (type: string), _col2 (type: int)
                   1 _col1 (type: string), _col0 (type: int)
                 outputColumnNames: _col0, _col2, _col4, _col5, _col8
-                Statistics: Num rows: 26 Data size: 3662 Basic stats: COMPLETE Column stats: COMPLETE
+                Statistics: Num rows: 48 Data size: 6468 Basic stats: COMPLETE Column stats: COMPLETE
                 Reduce Output Operator
                   sort order: 
-                  Statistics: Num rows: 26 Data size: 3662 Basic stats: COMPLETE Column stats: COMPLETE
+                  Statistics: Num rows: 48 Data size: 6468 Basic stats: COMPLETE Column stats: COMPLETE
                   value expressions: _col0 (type: string), _col2 (type: int), _col4 (type: bigint), _col5 (type: bigint), _col8 (type: boolean)
         Reducer 4 
             Execution mode: llap
@@ -3313,12 +3313,12 @@ STAGE PLANS:
                   0 
                   1 
                 outputColumnNames: _col0, _col2, _col4, _col5, _col8, _col9, _col10
-                Statistics: Num rows: 26 Data size: 4078 Basic stats: COMPLETE Column stats: COMPLETE
+                Statistics: Num rows: 48 Data size: 7236 Basic stats: COMPLETE Column stats: COMPLETE
                 Reduce Output Operator
                   key expressions: _col0 (type: string)
                   sort order: +
                   Map-reduce partition columns: _col0 (type: string)
-                  Statistics: Num rows: 26 Data size: 4078 Basic stats: COMPLETE Column stats: COMPLETE
+                  Statistics: Num rows: 48 Data size: 7236 Basic stats: COMPLETE Column stats: COMPLETE
                   value expressions: _col2 (type: int), _col4 (type: bigint), _col5 (type: bigint), _col8 (type: boolean), _col9 (type: bigint), _col10 (type: bigint)
         Reducer 5 
             Execution mode: llap
@@ -3330,14 +3330,14 @@ STAGE PLANS:
                   0 _col0 (type: string)
                   1 _col0 (type: string)
                 outputColumnNames: _col0, _col2, _col4, _col5, _col8, _col9, _col10, _col12
-                Statistics: Num rows: 26 Data size: 4086 Basic stats: COMPLETE Column stats: COMPLETE
+                Statistics: Num rows: 49 Data size: 7405 Basic stats: COMPLETE Column stats: COMPLETE
                 Select Operator
                   expressions: _col2 (type: int), (CASE WHEN ((_col4 = 0L)) THEN (false) WHEN (_col4 is null) THEN (false) WHEN (_col8 is not null) THEN (true) WHEN (_col2 is null) THEN (null) WHEN ((_col5 < _col4)) THEN (null) ELSE (false) END and CASE WHEN ((_col9 = 0L)) THEN (false) WHEN (_col12 is not null) THEN (true) WHEN (_col0 is null) THEN (null) WHEN ((_col10 < _col9)) THEN (null) ELSE (false) END) (type: boolean)
                   outputColumnNames: _col0, _col1
-                  Statistics: Num rows: 26 Data size: 208 Basic stats: COMPLETE Column stats: COMPLETE
+                  Statistics: Num rows: 49 Data size: 392 Basic stats: COMPLETE Column stats: COMPLETE
                   File Output Operator
                     compressed: false
-                    Statistics: Num rows: 26 Data size: 208 Basic stats: COMPLETE Column stats: COMPLETE
+                    Statistics: Num rows: 49 Data size: 392 Basic stats: COMPLETE Column stats: COMPLETE
                     table:
                         input format: org.apache.hadoop.mapred.SequenceFileInputFormat
                         output format: org.apache.hadoop.hive.ql.io.HiveSequenceFileOutputFormat
@@ -3504,14 +3504,14 @@ STAGE PLANS:
                   0 _col0 (type: string)
                   1 _col0 (type: string)
                 outputColumnNames: _col1, _col3
-                Statistics: Num rows: 26 Data size: 196 Basic stats: COMPLETE Column stats: COMPLETE
+                Statistics: Num rows: 36 Data size: 204 Basic stats: COMPLETE Column stats: COMPLETE
                 Select Operator
                   expressions: _col1 (type: int), _col3 is null (type: boolean)
                   outputColumnNames: _col0, _col1
-                  Statistics: Num rows: 26 Data size: 208 Basic stats: COMPLETE Column stats: COMPLETE
+                  Statistics: Num rows: 36 Data size: 288 Basic stats: COMPLETE Column stats: COMPLETE
                   File Output Operator
                     compressed: false
-                    Statistics: Num rows: 26 Data size: 208 Basic stats: COMPLETE Column stats: COMPLETE
+                    Statistics: Num rows: 36 Data size: 288 Basic stats: COMPLETE Column stats: COMPLETE
                     table:
                         input format: org.apache.hadoop.mapred.SequenceFileInputFormat
                         output format: org.apache.hadoop.hive.ql.io.HiveSequenceFileOutputFormat
@@ -3676,14 +3676,14 @@ STAGE PLANS:
                   0 _col0 (type: int)
                   1 _col0 (type: int)
                 outputColumnNames: _col0, _col1, _col2, _col4
-                Statistics: Num rows: 26 Data size: 528 Basic stats: COMPLETE Column stats: COMPLETE
+                Statistics: Num rows: 27 Data size: 548 Basic stats: COMPLETE Column stats: COMPLETE
                 Select Operator
                   expressions: _col0 (type: int), CASE WHEN ((_col1 = 0L)) THEN (false) WHEN (_col4 is not null) THEN (true) WHEN (_col0 is null) THEN (null) WHEN ((_col2 < _col1)) THEN (null) ELSE (false) END (type: boolean)
                   outputColumnNames: _col0, _col1
-                  Statistics: Num rows: 26 Data size: 208 Basic stats: COMPLETE Column stats: COMPLETE
+                  Statistics: Num rows: 27 Data size: 216 Basic stats: COMPLETE Column stats: COMPLETE
                   File Output Operator
                     compressed: false
-                    Statistics: Num rows: 26 Data size: 208 Basic stats: COMPLETE Column stats: COMPLETE
+                    Statistics: Num rows: 27 Data size: 216 Basic stats: COMPLETE Column stats: COMPLETE
                     table:
                         input format: org.apache.hadoop.mapred.SequenceFileInputFormat
                         output format: org.apache.hadoop.hive.ql.io.HiveSequenceFileOutputFormat
@@ -5629,14 +5629,14 @@ STAGE PLANS:
                   0 _col0 (type: string)
                   1 _col2 (type: string)
                 outputColumnNames: _col1, _col2, _col3
-                Statistics: Num rows: 26 Data size: 288 Basic stats: COMPLETE Column stats: COMPLETE
+                Statistics: Num rows: 36 Data size: 264 Basic stats: COMPLETE Column stats: COMPLETE
                 Select Operator
                   expressions: _col1 (type: int), exp(CASE WHEN (_col3 is null) THEN (null) ELSE (_col2) END) (type: double)
                   outputColumnNames: _col0, _col1
-                  Statistics: Num rows: 26 Data size: 312 Basic stats: COMPLETE Column stats: COMPLETE
+                  Statistics: Num rows: 36 Data size: 432 Basic stats: COMPLETE Column stats: COMPLETE
                   File Output Operator
                     compressed: false
-                    Statistics: Num rows: 26 Data size: 312 Basic stats: COMPLETE Column stats: COMPLETE
+                    Statistics: Num rows: 36 Data size: 432 Basic stats: COMPLETE Column stats: COMPLETE
                     table:
                         input format: org.apache.hadoop.mapred.SequenceFileInputFormat
                         output format: org.apache.hadoop.hive.ql.io.HiveSequenceFileOutputFormat
diff --git a/ql/src/test/results/clientpositive/llap/tez_dynpart_hashjoin_3.q.out b/ql/src/test/results/clientpositive/llap/tez_dynpart_hashjoin_3.q.out
index 6b801fb790..3a0d0a9482 100644
--- a/ql/src/test/results/clientpositive/llap/tez_dynpart_hashjoin_3.q.out
+++ b/ql/src/test/results/clientpositive/llap/tez_dynpart_hashjoin_3.q.out
@@ -93,7 +93,7 @@ STAGE PLANS:
                   0 _col2 (type: int)
                   1 UDFToInteger(_col0) (type: int)
                 outputColumnNames: _col0, _col1, _col2, _col3, _col4, _col5, _col6, _col7, _col8, _col9, _col10, _col11
-                Statistics: Num rows: 1 Data size: 310 Basic stats: COMPLETE Column stats: COMPLETE
+                Statistics: Num rows: 2 Data size: 620 Basic stats: COMPLETE Column stats: COMPLETE
                 Limit
                   Number of rows: 1
                   Statistics: Num rows: 1 Data size: 310 Basic stats: COMPLETE Column stats: COMPLETE
@@ -208,7 +208,7 @@ STAGE PLANS:
                 outputColumnNames: _col0, _col1, _col2, _col3, _col4, _col5, _col6, _col7, _col8, _col9, _col10, _col11
                 input vertices:
                   1 Map 4
-                Statistics: Num rows: 1 Data size: 310 Basic stats: COMPLETE Column stats: COMPLETE
+                Statistics: Num rows: 2 Data size: 620 Basic stats: COMPLETE Column stats: COMPLETE
                 DynamicPartitionHashJoin: true
                 HybridGraceHashJoin: true
                 Limit
@@ -322,7 +322,7 @@ STAGE PLANS:
                 outputColumnNames: _col0, _col1, _col2, _col3, _col4, _col5, _col6, _col7, _col8, _col9, _col10, _col11
                 input vertices:
                   1 Map 4
-                Statistics: Num rows: 1 Data size: 310 Basic stats: COMPLETE Column stats: COMPLETE
+                Statistics: Num rows: 2 Data size: 620 Basic stats: COMPLETE Column stats: COMPLETE
                 DynamicPartitionHashJoin: true
                 HybridGraceHashJoin: true
                 Limit
diff --git a/ql/src/test/results/clientpositive/llap/tez_fixed_bucket_pruning.q.out b/ql/src/test/results/clientpositive/llap/tez_fixed_bucket_pruning.q.out
index 9d16a8d302..76fe6ea54e 100644
--- a/ql/src/test/results/clientpositive/llap/tez_fixed_bucket_pruning.q.out
+++ b/ql/src/test/results/clientpositive/llap/tez_fixed_bucket_pruning.q.out
@@ -530,11 +530,11 @@ STAGE PLANS:
                           input vertices:
                             1 Map 4
                           Position of Big Table: 0
-                          Statistics: Num rows: 15 Data size: 240 Basic stats: COMPLETE Column stats: COMPLETE
+                          Statistics: Num rows: 30 Data size: 368 Basic stats: COMPLETE Column stats: COMPLETE
                           Select Operator
                             expressions: _col2 (type: bigint), _col5 (type: bigint)
                             outputColumnNames: _col0, _col5
-                            Statistics: Num rows: 15 Data size: 240 Basic stats: COMPLETE Column stats: COMPLETE
+                            Statistics: Num rows: 30 Data size: 368 Basic stats: COMPLETE Column stats: COMPLETE
                             Map Join Operator
                               condition map:
                                    Left Outer Join 0 to 1
@@ -546,16 +546,16 @@ STAGE PLANS:
                               input vertices:
                                 1 Map 5
                               Position of Big Table: 0
-                              Statistics: Num rows: 15 Data size: 240 Basic stats: COMPLETE Column stats: COMPLETE
+                              Statistics: Num rows: 30 Data size: 368 Basic stats: COMPLETE Column stats: COMPLETE
                               Select Operator
                                 expressions: _col5 (type: bigint), _col7 (type: bigint)
                                 outputColumnNames: _col0, _col1
-                                Statistics: Num rows: 15 Data size: 240 Basic stats: COMPLETE Column stats: COMPLETE
+                                Statistics: Num rows: 30 Data size: 368 Basic stats: COMPLETE Column stats: COMPLETE
                                 Reduce Output Operator
                                   key expressions: _col0 (type: bigint), _col1 (type: bigint)
                                   null sort order: zz
                                   sort order: ++
-                                  Statistics: Num rows: 15 Data size: 240 Basic stats: COMPLETE Column stats: COMPLETE
+                                  Statistics: Num rows: 30 Data size: 368 Basic stats: COMPLETE Column stats: COMPLETE
                                   tag: -1
                                   TopN: 5
                                   TopN Hash Memory Usage: 0.1
@@ -854,20 +854,20 @@ STAGE PLANS:
               Select Operator
                 expressions: KEY.reducesinkkey0 (type: bigint), KEY.reducesinkkey1 (type: bigint)
                 outputColumnNames: _col0, _col1
-                Statistics: Num rows: 15 Data size: 240 Basic stats: COMPLETE Column stats: COMPLETE
+                Statistics: Num rows: 30 Data size: 368 Basic stats: COMPLETE Column stats: COMPLETE
                 Limit
                   Number of rows: 5
-                  Statistics: Num rows: 5 Data size: 80 Basic stats: COMPLETE Column stats: COMPLETE
+                  Statistics: Num rows: 5 Data size: 64 Basic stats: COMPLETE Column stats: COMPLETE
                   Select Operator
                     expressions: 7147200L (type: bigint), _col0 (type: bigint), _col1 (type: bigint)
                     outputColumnNames: _col0, _col1, _col2
-                    Statistics: Num rows: 5 Data size: 120 Basic stats: COMPLETE Column stats: COMPLETE
+                    Statistics: Num rows: 5 Data size: 104 Basic stats: COMPLETE Column stats: COMPLETE
                     File Output Operator
                       compressed: false
                       GlobalTableId: 0
 #### A masked pattern was here ####
                       NumFilesPerFileSink: 1
-                      Statistics: Num rows: 5 Data size: 120 Basic stats: COMPLETE Column stats: COMPLETE
+                      Statistics: Num rows: 5 Data size: 104 Basic stats: COMPLETE Column stats: COMPLETE
 #### A masked pattern was here ####
                       table:
                           input format: org.apache.hadoop.mapred.SequenceFileInputFormat
@@ -1039,11 +1039,11 @@ STAGE PLANS:
                           input vertices:
                             1 Map 4
                           Position of Big Table: 0
-                          Statistics: Num rows: 15 Data size: 240 Basic stats: COMPLETE Column stats: COMPLETE
+                          Statistics: Num rows: 30 Data size: 368 Basic stats: COMPLETE Column stats: COMPLETE
                           Select Operator
                             expressions: _col2 (type: bigint), _col5 (type: bigint)
                             outputColumnNames: _col0, _col5
-                            Statistics: Num rows: 15 Data size: 240 Basic stats: COMPLETE Column stats: COMPLETE
+                            Statistics: Num rows: 30 Data size: 368 Basic stats: COMPLETE Column stats: COMPLETE
                             Map Join Operator
                               condition map:
                                    Left Outer Join 0 to 1
@@ -1055,16 +1055,16 @@ STAGE PLANS:
                               input vertices:
                                 1 Map 5
                               Position of Big Table: 0
-                              Statistics: Num rows: 15 Data size: 240 Basic stats: COMPLETE Column stats: COMPLETE
+                              Statistics: Num rows: 30 Data size: 368 Basic stats: COMPLETE Column stats: COMPLETE
                               Select Operator
                                 expressions: _col5 (type: bigint), _col7 (type: bigint)
                                 outputColumnNames: _col0, _col1
-                                Statistics: Num rows: 15 Data size: 240 Basic stats: COMPLETE Column stats: COMPLETE
+                                Statistics: Num rows: 30 Data size: 368 Basic stats: COMPLETE Column stats: COMPLETE
                                 Reduce Output Operator
                                   key expressions: _col0 (type: bigint), _col1 (type: bigint)
                                   null sort order: zz
                                   sort order: ++
-                                  Statistics: Num rows: 15 Data size: 240 Basic stats: COMPLETE Column stats: COMPLETE
+                                  Statistics: Num rows: 30 Data size: 368 Basic stats: COMPLETE Column stats: COMPLETE
                                   tag: -1
                                   TopN: 5
                                   TopN Hash Memory Usage: 0.1
@@ -1364,20 +1364,20 @@ STAGE PLANS:
               Select Operator
                 expressions: KEY.reducesinkkey0 (type: bigint), KEY.reducesinkkey1 (type: bigint)
                 outputColumnNames: _col0, _col1
-                Statistics: Num rows: 15 Data size: 240 Basic stats: COMPLETE Column stats: COMPLETE
+                Statistics: Num rows: 30 Data size: 368 Basic stats: COMPLETE Column stats: COMPLETE
                 Limit
                   Number of rows: 5
-                  Statistics: Num rows: 5 Data size: 80 Basic stats: COMPLETE Column stats: COMPLETE
+                  Statistics: Num rows: 5 Data size: 64 Basic stats: COMPLETE Column stats: COMPLETE
                   Select Operator
                     expressions: 7147200L (type: bigint), _col0 (type: bigint), _col1 (type: bigint)
                     outputColumnNames: _col0, _col1, _col2
-                    Statistics: Num rows: 5 Data size: 120 Basic stats: COMPLETE Column stats: COMPLETE
+                    Statistics: Num rows: 5 Data size: 104 Basic stats: COMPLETE Column stats: COMPLETE
                     File Output Operator
                       compressed: false
                       GlobalTableId: 0
 #### A masked pattern was here ####
                       NumFilesPerFileSink: 1
-                      Statistics: Num rows: 5 Data size: 120 Basic stats: COMPLETE Column stats: COMPLETE
+                      Statistics: Num rows: 5 Data size: 104 Basic stats: COMPLETE Column stats: COMPLETE
 #### A masked pattern was here ####
                       table:
                           input format: org.apache.hadoop.mapred.SequenceFileInputFormat
diff --git a/ql/src/test/results/clientpositive/llap/tez_join_tests.q.out b/ql/src/test/results/clientpositive/llap/tez_join_tests.q.out
index 4471f04f41..0bddcf7b9b 100644
--- a/ql/src/test/results/clientpositive/llap/tez_join_tests.q.out
+++ b/ql/src/test/results/clientpositive/llap/tez_join_tests.q.out
@@ -77,12 +77,12 @@ STAGE PLANS:
                   0 _col0 (type: string)
                   1 _col0 (type: string)
                 outputColumnNames: _col0, _col1
-                Statistics: Num rows: 39 Data size: 6764 Basic stats: COMPLETE Column stats: COMPLETE
+                Statistics: Num rows: 64 Data size: 7120 Basic stats: COMPLETE Column stats: COMPLETE
                 Reduce Output Operator
                   key expressions: _col1 (type: string)
                   sort order: +
                   Map-reduce partition columns: _col1 (type: string)
-                  Statistics: Num rows: 39 Data size: 6764 Basic stats: COMPLETE Column stats: COMPLETE
+                  Statistics: Num rows: 64 Data size: 7120 Basic stats: COMPLETE Column stats: COMPLETE
                   value expressions: _col0 (type: string)
         Reducer 3 
             Execution mode: llap
@@ -94,11 +94,11 @@ STAGE PLANS:
                   0 _col1 (type: string)
                   1 _col1 (type: string)
                 outputColumnNames: _col0, _col1, _col2, _col3
-                Statistics: Num rows: 500 Data size: 101108 Basic stats: COMPLETE Column stats: COMPLETE
+                Statistics: Num rows: 604 Data size: 124027 Basic stats: COMPLETE Column stats: COMPLETE
                 Reduce Output Operator
                   key expressions: _col0 (type: string)
                   sort order: +
-                  Statistics: Num rows: 500 Data size: 101108 Basic stats: COMPLETE Column stats: COMPLETE
+                  Statistics: Num rows: 604 Data size: 124027 Basic stats: COMPLETE Column stats: COMPLETE
                   value expressions: _col1 (type: string), _col2 (type: string), _col3 (type: string)
         Reducer 4 
             Execution mode: vectorized, llap
@@ -106,10 +106,10 @@ STAGE PLANS:
               Select Operator
                 expressions: KEY.reducesinkkey0 (type: string), VALUE._col0 (type: string), VALUE._col1 (type: string), VALUE._col2 (type: string)
                 outputColumnNames: _col0, _col1, _col2, _col3
-                Statistics: Num rows: 500 Data size: 101108 Basic stats: COMPLETE Column stats: COMPLETE
+                Statistics: Num rows: 604 Data size: 124027 Basic stats: COMPLETE Column stats: COMPLETE
                 File Output Operator
                   compressed: false
-                  Statistics: Num rows: 500 Data size: 101108 Basic stats: COMPLETE Column stats: COMPLETE
+                  Statistics: Num rows: 604 Data size: 124027 Basic stats: COMPLETE Column stats: COMPLETE
                   table:
                       input format: org.apache.hadoop.mapred.SequenceFileInputFormat
                       output format: org.apache.hadoop.hive.ql.io.HiveSequenceFileOutputFormat
diff --git a/ql/src/test/results/clientpositive/llap/tez_joins_explain.q.out b/ql/src/test/results/clientpositive/llap/tez_joins_explain.q.out
index 08a2215d4c..d97ad532ba 100644
--- a/ql/src/test/results/clientpositive/llap/tez_joins_explain.q.out
+++ b/ql/src/test/results/clientpositive/llap/tez_joins_explain.q.out
@@ -77,12 +77,12 @@ STAGE PLANS:
                   0 _col0 (type: string)
                   1 _col0 (type: string)
                 outputColumnNames: _col0, _col1
-                Statistics: Num rows: 39 Data size: 6764 Basic stats: COMPLETE Column stats: COMPLETE
+                Statistics: Num rows: 64 Data size: 7120 Basic stats: COMPLETE Column stats: COMPLETE
                 Reduce Output Operator
                   key expressions: _col1 (type: string)
                   sort order: +
                   Map-reduce partition columns: _col1 (type: string)
-                  Statistics: Num rows: 39 Data size: 6764 Basic stats: COMPLETE Column stats: COMPLETE
+                  Statistics: Num rows: 64 Data size: 7120 Basic stats: COMPLETE Column stats: COMPLETE
                   value expressions: _col0 (type: string)
         Reducer 3 
             Execution mode: llap
@@ -94,11 +94,11 @@ STAGE PLANS:
                   0 _col1 (type: string)
                   1 _col1 (type: string)
                 outputColumnNames: _col0, _col1, _col2, _col3
-                Statistics: Num rows: 500 Data size: 101108 Basic stats: COMPLETE Column stats: COMPLETE
+                Statistics: Num rows: 604 Data size: 124027 Basic stats: COMPLETE Column stats: COMPLETE
                 Reduce Output Operator
                   key expressions: _col0 (type: string)
                   sort order: +
-                  Statistics: Num rows: 500 Data size: 101108 Basic stats: COMPLETE Column stats: COMPLETE
+                  Statistics: Num rows: 604 Data size: 124027 Basic stats: COMPLETE Column stats: COMPLETE
                   value expressions: _col1 (type: string), _col2 (type: string), _col3 (type: string)
         Reducer 4 
             Execution mode: vectorized, llap
@@ -106,10 +106,10 @@ STAGE PLANS:
               Select Operator
                 expressions: KEY.reducesinkkey0 (type: string), VALUE._col0 (type: string), VALUE._col1 (type: string), VALUE._col2 (type: string)
                 outputColumnNames: _col0, _col1, _col2, _col3
-                Statistics: Num rows: 500 Data size: 101108 Basic stats: COMPLETE Column stats: COMPLETE
+                Statistics: Num rows: 604 Data size: 124027 Basic stats: COMPLETE Column stats: COMPLETE
                 File Output Operator
                   compressed: false
-                  Statistics: Num rows: 500 Data size: 101108 Basic stats: COMPLETE Column stats: COMPLETE
+                  Statistics: Num rows: 604 Data size: 124027 Basic stats: COMPLETE Column stats: COMPLETE
                   table:
                       input format: org.apache.hadoop.mapred.SequenceFileInputFormat
                       output format: org.apache.hadoop.hive.ql.io.HiveSequenceFileOutputFormat
diff --git a/ql/src/test/results/clientpositive/llap/tez_smb_empty.q.out b/ql/src/test/results/clientpositive/llap/tez_smb_empty.q.out
index b529bbbafd..db16daef74 100644
--- a/ql/src/test/results/clientpositive/llap/tez_smb_empty.q.out
+++ b/ql/src/test/results/clientpositive/llap/tez_smb_empty.q.out
@@ -266,10 +266,10 @@ STAGE PLANS:
                         0 _col0 (type: int)
                         1 _col0 (type: int)
                       outputColumnNames: _col0, _col1, _col2, _col3, _col4, _col5
-                      Statistics: Num rows: 242 Data size: 68262 Basic stats: COMPLETE Column stats: PARTIAL
+                      Statistics: Num rows: 243 Data size: 68541 Basic stats: COMPLETE Column stats: PARTIAL
                       File Output Operator
                         compressed: false
-                        Statistics: Num rows: 242 Data size: 68262 Basic stats: COMPLETE Column stats: PARTIAL
+                        Statistics: Num rows: 243 Data size: 68541 Basic stats: COMPLETE Column stats: PARTIAL
                         table:
                             input format: org.apache.hadoop.mapred.SequenceFileInputFormat
                             output format: org.apache.hadoop.hive.ql.io.HiveSequenceFileOutputFormat
diff --git a/ql/src/test/results/clientpositive/llap/unionDistinct_1.q.out b/ql/src/test/results/clientpositive/llap/unionDistinct_1.q.out
index e474c28ac7..71f3e2cd42 100644
--- a/ql/src/test/results/clientpositive/llap/unionDistinct_1.q.out
+++ b/ql/src/test/results/clientpositive/llap/unionDistinct_1.q.out
@@ -3848,13 +3848,13 @@ STAGE PLANS:
                         keys: _col0 (type: string), _col1 (type: string), _col2 (type: string), _col3 (type: string)
                         mode: hash
                         outputColumnNames: _col0, _col1, _col2, _col3
-                        Statistics: Num rows: 332 Data size: 103418 Basic stats: COMPLETE Column stats: COMPLETE
+                        Statistics: Num rows: 387 Data size: 108402 Basic stats: COMPLETE Column stats: COMPLETE
                         Reduce Output Operator
                           key expressions: _col0 (type: string), _col1 (type: string), _col2 (type: string), _col3 (type: string)
                           null sort order: aaaa
                           sort order: ++++
                           Map-reduce partition columns: _col0 (type: string), _col1 (type: string), _col2 (type: string), _col3 (type: string)
-                          Statistics: Num rows: 332 Data size: 103418 Basic stats: COMPLETE Column stats: COMPLETE
+                          Statistics: Num rows: 387 Data size: 108402 Basic stats: COMPLETE Column stats: COMPLETE
                           tag: -1
                           auto parallelism: true
             Execution mode: vectorized
@@ -4081,14 +4081,14 @@ STAGE PLANS:
                 keys: KEY._col0 (type: string), KEY._col1 (type: string), KEY._col2 (type: string), KEY._col3 (type: string)
                 mode: mergepartial
                 outputColumnNames: _col0, _col1, _col2, _col3
-                Statistics: Num rows: 332 Data size: 103418 Basic stats: COMPLETE Column stats: COMPLETE
+                Statistics: Num rows: 387 Data size: 108402 Basic stats: COMPLETE Column stats: COMPLETE
                 File Output Operator
                   compressed: false
                   GlobalTableId: 1
                   directory: hdfs://### HDFS PATH ###
                   NumFilesPerFileSink: 1
                   Static Partition Specification: ds=2/
-                  Statistics: Num rows: 332 Data size: 103418 Basic stats: COMPLETE Column stats: COMPLETE
+                  Statistics: Num rows: 387 Data size: 108402 Basic stats: COMPLETE Column stats: COMPLETE
                   Stats Publishing Key Prefix: hdfs://### HDFS PATH ###
                   table:
                       input format: org.apache.hadoop.mapred.TextInputFormat
@@ -4117,7 +4117,7 @@ STAGE PLANS:
                 Select Operator
                   expressions: _col0 (type: string), _col1 (type: string), _col2 (type: string), _col3 (type: string), '2' (type: string)
                   outputColumnNames: k1, k2, k3, k4, ds
-                  Statistics: Num rows: 332 Data size: 131638 Basic stats: COMPLETE Column stats: COMPLETE
+                  Statistics: Num rows: 387 Data size: 141297 Basic stats: COMPLETE Column stats: COMPLETE
                   Group By Operator
                     aggregations: compute_stats(k1, 'hll'), compute_stats(k2, 'hll'), compute_stats(k3, 'hll'), compute_stats(k4, 'hll')
                     keys: ds (type: string)
@@ -4185,22 +4185,22 @@ STAGE PLANS:
                   1 _col0 (type: string)
                 outputColumnNames: _col0, _col1, _col4, _col5
                 Position of Big Table: 0
-                Statistics: Num rows: 166 Data size: 44322 Basic stats: COMPLETE Column stats: COMPLETE
+                Statistics: Num rows: 221 Data size: 49306 Basic stats: COMPLETE Column stats: COMPLETE
                 Select Operator
                   expressions: _col0 (type: string), _col1 (type: string), _col4 (type: string), _col5 (type: string)
                   outputColumnNames: _col0, _col1, _col2, _col3
-                  Statistics: Num rows: 166 Data size: 44322 Basic stats: COMPLETE Column stats: COMPLETE
+                  Statistics: Num rows: 221 Data size: 49306 Basic stats: COMPLETE Column stats: COMPLETE
                   Group By Operator
                     keys: _col0 (type: string), _col1 (type: string), _col2 (type: string), _col3 (type: string)
                     mode: hash
                     outputColumnNames: _col0, _col1, _col2, _col3
-                    Statistics: Num rows: 332 Data size: 103418 Basic stats: COMPLETE Column stats: COMPLETE
+                    Statistics: Num rows: 387 Data size: 108402 Basic stats: COMPLETE Column stats: COMPLETE
                     Reduce Output Operator
                       key expressions: _col0 (type: string), _col1 (type: string), _col2 (type: string), _col3 (type: string)
                       null sort order: aaaa
                       sort order: ++++
                       Map-reduce partition columns: _col0 (type: string), _col1 (type: string), _col2 (type: string), _col3 (type: string)
-                      Statistics: Num rows: 332 Data size: 103418 Basic stats: COMPLETE Column stats: COMPLETE
+                      Statistics: Num rows: 387 Data size: 108402 Basic stats: COMPLETE Column stats: COMPLETE
                       tag: -1
                       auto parallelism: true
         Union 2 
diff --git a/ql/src/test/results/clientpositive/llap/vector_coalesce_3.q.out b/ql/src/test/results/clientpositive/llap/vector_coalesce_3.q.out
index 57f3892a69..0d2590a3bb 100644
--- a/ql/src/test/results/clientpositive/llap/vector_coalesce_3.q.out
+++ b/ql/src/test/results/clientpositive/llap/vector_coalesce_3.q.out
@@ -117,7 +117,7 @@ STAGE PLANS:
                       outputColumnNames: _col0, _col2
                       input vertices:
                         1 Map 2
-                      Statistics: Num rows: 3 Data size: 32 Basic stats: COMPLETE Column stats: COMPLETE
+                      Statistics: Num rows: 3 Data size: 48 Basic stats: COMPLETE Column stats: COMPLETE
                       Select Operator
                         expressions: _col0 (type: bigint), CASE WHEN ((COALESCE(_col2,5) > 1)) THEN (_col2) ELSE (null) END (type: bigint)
                         outputColumnNames: _col0, _col1
diff --git a/ql/src/test/results/clientpositive/llap/vector_groupby_mapjoin.q.out b/ql/src/test/results/clientpositive/llap/vector_groupby_mapjoin.q.out
index 1309bf658a..a9180bcdc6 100644
--- a/ql/src/test/results/clientpositive/llap/vector_groupby_mapjoin.q.out
+++ b/ql/src/test/results/clientpositive/llap/vector_groupby_mapjoin.q.out
@@ -80,14 +80,14 @@ STAGE PLANS:
                         outputColumnNames: _col0, _col1, _col2, _col3, _col5
                         input vertices:
                           1 Reducer 5
-                        Statistics: Num rows: 500 Data size: 97004 Basic stats: COMPLETE Column stats: COMPLETE
+                        Statistics: Num rows: 895 Data size: 175214 Basic stats: COMPLETE Column stats: COMPLETE
                         Filter Operator
                           Filter Vectorization:
                               className: VectorFilterOperator
                               native: true
                               predicateExpression: FilterExprOrExpr(children: FilterLongColEqualLongScalar(col 3:bigint, val 0), FilterExprAndExpr(children: SelectColumnIsNull(col 5:boolean), SelectColumnIsNotNull(col 0:string), FilterLongColGreaterEqualLongColumn(col 4:bigint, col 3:bigint)))
                           predicate: ((_col2 = 0L) or (_col5 is null and _col0 is not null and (_col3 >= _col2))) (type: boolean)
-                          Statistics: Num rows: 500 Data size: 97004 Basic stats: COMPLETE Column stats: COMPLETE
+                          Statistics: Num rows: 895 Data size: 175214 Basic stats: COMPLETE Column stats: COMPLETE
                           Select Operator
                             expressions: _col0 (type: string), _col1 (type: string)
                             outputColumnNames: _col0, _col1
@@ -95,7 +95,7 @@ STAGE PLANS:
                                 className: VectorSelectOperator
                                 native: true
                                 projectedOutputColumnNums: [0, 1]
-                            Statistics: Num rows: 500 Data size: 89000 Basic stats: COMPLETE Column stats: COMPLETE
+                            Statistics: Num rows: 895 Data size: 159310 Basic stats: COMPLETE Column stats: COMPLETE
                             Reduce Output Operator
                               key expressions: _col0 (type: string)
                               sort order: +
@@ -103,7 +103,7 @@ STAGE PLANS:
                                   className: VectorReduceSinkObjectHashOperator
                                   native: true
                                   nativeConditionsMet: hive.vectorized.execution.reducesink.new.enabled IS true, hive.execution.engine tez IN [tez, spark] IS true, No PTF TopN IS true, No DISTINCT columns IS true, BinarySortableSerDe for keys IS true, LazyBinarySerDe for values IS true
-                              Statistics: Num rows: 500 Data size: 89000 Basic stats: COMPLETE Column stats: COMPLETE
+                              Statistics: Num rows: 895 Data size: 159310 Basic stats: COMPLETE Column stats: COMPLETE
                               value expressions: _col1 (type: string)
             Execution mode: vectorized, llap
             LLAP IO: no inputs
@@ -199,13 +199,13 @@ STAGE PLANS:
                     className: VectorSelectOperator
                     native: true
                     projectedOutputColumnNums: [0, 1]
-                Statistics: Num rows: 500 Data size: 89000 Basic stats: COMPLETE Column stats: COMPLETE
+                Statistics: Num rows: 895 Data size: 159310 Basic stats: COMPLETE Column stats: COMPLETE
                 File Output Operator
                   compressed: false
                   File Sink Vectorization:
                       className: VectorFileSinkOperator
                       native: false
-                  Statistics: Num rows: 500 Data size: 89000 Basic stats: COMPLETE Column stats: COMPLETE
+                  Statistics: Num rows: 895 Data size: 159310 Basic stats: COMPLETE Column stats: COMPLETE
                   table:
                       input format: org.apache.hadoop.mapred.SequenceFileInputFormat
                       output format: org.apache.hadoop.hive.ql.io.HiveSequenceFileOutputFormat
diff --git a/ql/src/test/results/clientpositive/llap/vector_outer_join0.q.out b/ql/src/test/results/clientpositive/llap/vector_outer_join0.q.out
index 49dd4ff187..3973675607 100644
--- a/ql/src/test/results/clientpositive/llap/vector_outer_join0.q.out
+++ b/ql/src/test/results/clientpositive/llap/vector_outer_join0.q.out
@@ -126,13 +126,13 @@ STAGE PLANS:
                       outputColumnNames: _col0, _col1, _col2, _col3
                       input vertices:
                         1 Map 2
-                      Statistics: Num rows: 9 Data size: 926 Basic stats: COMPLETE Column stats: COMPLETE
+                      Statistics: Num rows: 12 Data size: 2034 Basic stats: COMPLETE Column stats: COMPLETE
                       File Output Operator
                         compressed: false
                         File Sink Vectorization:
                             className: VectorFileSinkOperator
                             native: false
-                        Statistics: Num rows: 9 Data size: 926 Basic stats: COMPLETE Column stats: COMPLETE
+                        Statistics: Num rows: 12 Data size: 2034 Basic stats: COMPLETE Column stats: COMPLETE
                         table:
                             input format: org.apache.hadoop.mapred.SequenceFileInputFormat
                             output format: org.apache.hadoop.hive.ql.io.HiveSequenceFileOutputFormat
@@ -331,13 +331,13 @@ STAGE PLANS:
                       outputColumnNames: _col0, _col1, _col2, _col3
                       input vertices:
                         0 Map 1
-                      Statistics: Num rows: 9 Data size: 926 Basic stats: COMPLETE Column stats: COMPLETE
+                      Statistics: Num rows: 12 Data size: 2042 Basic stats: COMPLETE Column stats: COMPLETE
                       File Output Operator
                         compressed: false
                         File Sink Vectorization:
                             className: VectorFileSinkOperator
                             native: false
-                        Statistics: Num rows: 9 Data size: 926 Basic stats: COMPLETE Column stats: COMPLETE
+                        Statistics: Num rows: 12 Data size: 2042 Basic stats: COMPLETE Column stats: COMPLETE
                         table:
                             input format: org.apache.hadoop.mapred.SequenceFileInputFormat
                             output format: org.apache.hadoop.hive.ql.io.HiveSequenceFileOutputFormat
diff --git a/ql/src/test/results/clientpositive/llap/vectorized_join46.q.out b/ql/src/test/results/clientpositive/llap/vectorized_join46.q.out
index 9e9d78e6fb..bd40d8fa71 100644
--- a/ql/src/test/results/clientpositive/llap/vectorized_join46.q.out
+++ b/ql/src/test/results/clientpositive/llap/vectorized_join46.q.out
@@ -102,13 +102,13 @@ STAGE PLANS:
                       outputColumnNames: _col0, _col1, _col2, _col3, _col4, _col5
                       input vertices:
                         1 Map 2
-                      Statistics: Num rows: 8 Data size: 859 Basic stats: COMPLETE Column stats: COMPLETE
+                      Statistics: Num rows: 11 Data size: 1903 Basic stats: COMPLETE Column stats: COMPLETE
                       File Output Operator
                         compressed: false
                         File Sink Vectorization:
                             className: VectorFileSinkOperator
                             native: false
-                        Statistics: Num rows: 8 Data size: 859 Basic stats: COMPLETE Column stats: COMPLETE
+                        Statistics: Num rows: 11 Data size: 1903 Basic stats: COMPLETE Column stats: COMPLETE
                         table:
                             input format: org.apache.hadoop.mapred.SequenceFileInputFormat
                             output format: org.apache.hadoop.hive.ql.io.HiveSequenceFileOutputFormat
@@ -256,13 +256,13 @@ STAGE PLANS:
                       outputColumnNames: _col0, _col1, _col2, _col3, _col4, _col5
                       input vertices:
                         1 Map 2
-                      Statistics: Num rows: 6 Data size: 952 Basic stats: COMPLETE Column stats: COMPLETE
+                      Statistics: Num rows: 8 Data size: 1049 Basic stats: COMPLETE Column stats: COMPLETE
                       File Output Operator
                         compressed: false
                         File Sink Vectorization:
                             className: VectorFileSinkOperator
                             native: false
-                        Statistics: Num rows: 6 Data size: 952 Basic stats: COMPLETE Column stats: COMPLETE
+                        Statistics: Num rows: 8 Data size: 1049 Basic stats: COMPLETE Column stats: COMPLETE
                         table:
                             input format: org.apache.hadoop.mapred.SequenceFileInputFormat
                             output format: org.apache.hadoop.hive.ql.io.HiveSequenceFileOutputFormat
@@ -607,13 +607,13 @@ STAGE PLANS:
                       outputColumnNames: _col0, _col1, _col2, _col3, _col4, _col5
                       input vertices:
                         0 Map 1
-                      Statistics: Num rows: 8 Data size: 856 Basic stats: COMPLETE Column stats: COMPLETE
+                      Statistics: Num rows: 10 Data size: 1810 Basic stats: COMPLETE Column stats: COMPLETE
                       File Output Operator
                         compressed: false
                         File Sink Vectorization:
                             className: VectorFileSinkOperator
                             native: false
-                        Statistics: Num rows: 8 Data size: 856 Basic stats: COMPLETE Column stats: COMPLETE
+                        Statistics: Num rows: 10 Data size: 1810 Basic stats: COMPLETE Column stats: COMPLETE
                         table:
                             input format: org.apache.hadoop.mapred.SequenceFileInputFormat
                             output format: org.apache.hadoop.hive.ql.io.HiveSequenceFileOutputFormat
@@ -1293,10 +1293,10 @@ STAGE PLANS:
                       input vertices:
                         1 Map 2
                       residual filter predicates: {(_col0 BETWEEN 100 AND 102 or _col3 BETWEEN 100 AND 102)}
-                      Statistics: Num rows: 8 Data size: 859 Basic stats: COMPLETE Column stats: COMPLETE
+                      Statistics: Num rows: 11 Data size: 1903 Basic stats: COMPLETE Column stats: COMPLETE
                       File Output Operator
                         compressed: false
-                        Statistics: Num rows: 8 Data size: 859 Basic stats: COMPLETE Column stats: COMPLETE
+                        Statistics: Num rows: 11 Data size: 1903 Basic stats: COMPLETE Column stats: COMPLETE
                         table:
                             input format: org.apache.hadoop.mapred.SequenceFileInputFormat
                             output format: org.apache.hadoop.hive.ql.io.HiveSequenceFileOutputFormat
@@ -1892,10 +1892,10 @@ STAGE PLANS:
                       input vertices:
                         0 Map 1
                       residual filter predicates: {(_col0 BETWEEN 100 AND 102 or _col3 BETWEEN 100 AND 102)}
-                      Statistics: Num rows: 8 Data size: 856 Basic stats: COMPLETE Column stats: COMPLETE
+                      Statistics: Num rows: 10 Data size: 1810 Basic stats: COMPLETE Column stats: COMPLETE
                       File Output Operator
                         compressed: false
-                        Statistics: Num rows: 8 Data size: 856 Basic stats: COMPLETE Column stats: COMPLETE
+                        Statistics: Num rows: 10 Data size: 1810 Basic stats: COMPLETE Column stats: COMPLETE
                         table:
                             input format: org.apache.hadoop.mapred.SequenceFileInputFormat
                             output format: org.apache.hadoop.hive.ql.io.HiveSequenceFileOutputFormat
@@ -2544,10 +2544,10 @@ STAGE PLANS:
                   1 _col1 (type: int)
                 outputColumnNames: _col0, _col1, _col2, _col3, _col4, _col5
                 residual filter predicates: {(_col0 BETWEEN 100 AND 102 or _col3 BETWEEN 100 AND 102)}
-                Statistics: Num rows: 10 Data size: 191 Basic stats: COMPLETE Column stats: COMPLETE
+                Statistics: Num rows: 13 Data size: 1711 Basic stats: COMPLETE Column stats: COMPLETE
                 File Output Operator
                   compressed: false
-                  Statistics: Num rows: 10 Data size: 191 Basic stats: COMPLETE Column stats: COMPLETE
+                  Statistics: Num rows: 13 Data size: 1711 Basic stats: COMPLETE Column stats: COMPLETE
                   table:
                       input format: org.apache.hadoop.mapred.SequenceFileInputFormat
                       output format: org.apache.hadoop.hive.ql.io.HiveSequenceFileOutputFormat
diff --git a/ql/src/test/results/clientpositive/spark/spark_explainuser_1.q.out b/ql/src/test/results/clientpositive/spark/spark_explainuser_1.q.out
index 2c1b7088ab..f5a4c9ad86 100644
--- a/ql/src/test/results/clientpositive/spark/spark_explainuser_1.q.out
+++ b/ql/src/test/results/clientpositive/spark/spark_explainuser_1.q.out
@@ -1043,9 +1043,9 @@ Stage-0
     Stage-1
       Reducer 2
       File Output Operator [FS_8]
-        Select Operator [SEL_7] (rows=80 width=4)
+        Select Operator [SEL_7] (rows=85 width=7)
           Output:["_col0","_col1"]
-          Join Operator [JOIN_6] (rows=80 width=4)
+          Join Operator [JOIN_6] (rows=85 width=7)
             Output:["_col1","_col3"],condition map:[{"":"{\"type\":\"Left Outer\",\"left\":0,\"right\":1}"}],keys:{"0":"_col0","1":"_col0"}
           <-Map 1 [PARTITION-LEVEL SORT]
             PARTITION-LEVEL SORT [RS_4]
@@ -1087,9 +1087,9 @@ Stage-0
     Stage-1
       Reducer 2
       File Output Operator [FS_8]
-        Select Operator [SEL_7] (rows=80 width=0)
+        Select Operator [SEL_7] (rows=90 width=7)
           Output:["_col0","_col1"]
-          Join Operator [JOIN_6] (rows=80 width=0)
+          Join Operator [JOIN_6] (rows=90 width=7)
             Output:["_col1","_col3"],condition map:[{"":"{\"type\":\"Outer\",\"left\":0,\"right\":1}"}],keys:{"0":"_col0","1":"_col0"}
           <-Map 1 [PARTITION-LEVEL SORT]
             PARTITION-LEVEL SORT [RS_4]
@@ -1965,11 +1965,11 @@ Stage-0
     Stage-1
       Reducer 2
       File Output Operator [FS_19]
-        Select Operator [SEL_18] (rows=315 width=178)
+        Select Operator [SEL_18] (rows=500 width=178)
           Output:["_col0","_col1"]
-          Filter Operator [FIL_17] (rows=315 width=179)
+          Filter Operator [FIL_17] (rows=500 width=178)
             predicate:_col3 is null
-            Join Operator [JOIN_16] (rows=500 width=179)
+            Join Operator [JOIN_16] (rows=635 width=178)
               Output:["_col0","_col1","_col3"],condition map:[{"":"{\"type\":\"Left Outer\",\"left\":0,\"right\":1}"}],keys:{"0":"_col1","1":"_col0"}
             <-Map 1 [PARTITION-LEVEL SORT]
               PARTITION-LEVEL SORT [RS_14]
@@ -2034,11 +2034,11 @@ Stage-0
     Stage-1
       Reducer 3
       File Output Operator [FS_18]
-        Select Operator [SEL_17] (rows=126 width=178)
+        Select Operator [SEL_17] (rows=250 width=178)
           Output:["_col0","_col1"]
-          Filter Operator [FIL_16] (rows=126 width=180)
+          Filter Operator [FIL_16] (rows=250 width=179)
             predicate:_col4 is null
-            Join Operator [JOIN_15] (rows=250 width=180)
+            Join Operator [JOIN_15] (rows=333 width=179)
               Output:["_col0","_col1","_col4"],condition map:[{"":"{\"type\":\"Left Outer\",\"left\":0,\"right\":1}"}],keys:{"0":"_col0, _col1","1":"_col0, _col1"}
             <-Reducer 2 [PARTITION-LEVEL SORT]
               PARTITION-LEVEL SORT [RS_13]
@@ -2500,15 +2500,15 @@ Stage-0
     Stage-1
       Reducer 4
       File Output Operator [FS_26]
-        Select Operator [SEL_25] (rows=500 width=178)
+        Select Operator [SEL_25] (rows=631 width=178)
           Output:["_col0","_col1"]
         <-Reducer 3 [SORT]
           SORT [RS_24]
-            Select Operator [SEL_23] (rows=500 width=178)
+            Select Operator [SEL_23] (rows=631 width=178)
               Output:["_col0","_col1"]
-              Filter Operator [FIL_22] (rows=500 width=195)
+              Filter Operator [FIL_22] (rows=631 width=194)
                 predicate:((_col2 = 0L) or (_col5 is null and _col0 is not null and (_col3 >= _col2)))
-                Join Operator [JOIN_21] (rows=500 width=195)
+                Join Operator [JOIN_21] (rows=631 width=194)
                   Output:["_col0","_col1","_col2","_col3","_col5"],condition map:[{"":"{\"type\":\"Left Outer\",\"left\":0,\"right\":1}"}],keys:{"0":"_col0","1":"_col0"}
                 <-Reducer 2 [PARTITION-LEVEL SORT]
                   PARTITION-LEVEL SORT [RS_19]
@@ -2584,16 +2584,16 @@ Stage-0
     Stage-1
       Reducer 3
       File Output Operator [FS_24]
-        Select Operator [SEL_23] (rows=13 width=223)
+        Select Operator [SEL_23] (rows=20 width=223)
           Output:["_col0","_col1","_col2"]
-          Filter Operator [FIL_22] (rows=13 width=235)
+          Filter Operator [FIL_22] (rows=20 width=230)
             predicate:CASE WHEN ((_col4 = 0L)) THEN (true) WHEN (_col4 is null) THEN (true) WHEN (_col8 is not null) THEN (false) WHEN (_col0 is null) THEN (null) WHEN ((_col5 < _col4)) THEN (false) ELSE (true) END
-            Join Operator [JOIN_21] (rows=26 width=234)
+            Join Operator [JOIN_21] (rows=41 width=229)
               Output:["_col0","_col1","_col2","_col4","_col5","_col8"],condition map:[{"":"{\"type\":\"Left Outer\",\"left\":0,\"right\":1}"}],keys:{"0":"_col0, _col1","1":"_col0, _col1"}
             <-Reducer 2 [PARTITION-LEVEL SORT]
               PARTITION-LEVEL SORT [RS_19]
                 PartitionCols:_col0, _col1
-                Join Operator [JOIN_18] (rows=26 width=234)
+                Join Operator [JOIN_18] (rows=36 width=227)
                   Output:["_col0","_col1","_col2","_col4","_col5"],condition map:[{"":"{\"type\":\"Left Outer\",\"left\":0,\"right\":1}"}],keys:{"0":"_col1","1":"_col0"}
                 <-Map 1 [PARTITION-LEVEL SORT]
                   PARTITION-LEVEL SORT [RS_16]
@@ -2672,15 +2672,15 @@ Stage-0
     Stage-1
       Reducer 4
       File Output Operator [FS_31]
-        Select Operator [SEL_30] (rows=26 width=125)
+        Select Operator [SEL_30] (rows=27 width=125)
           Output:["_col0","_col1"]
         <-Reducer 3 [SORT]
           SORT [RS_29]
-            Select Operator [SEL_28] (rows=26 width=125)
+            Select Operator [SEL_28] (rows=27 width=125)
               Output:["_col0","_col1"]
-              Filter Operator [FIL_27] (rows=26 width=141)
+              Filter Operator [FIL_27] (rows=27 width=141)
                 predicate:((_col2 = 0L) or (_col5 is null and _col1 is not null and (_col3 >= _col2)))
-                Join Operator [JOIN_26] (rows=26 width=141)
+                Join Operator [JOIN_26] (rows=27 width=141)
                   Output:["_col0","_col1","_col2","_col3","_col5"],condition map:[{"":"{\"type\":\"Left Outer\",\"left\":0,\"right\":1}"}],keys:{"0":"UDFToDouble(_col1)","1":"_col0"}
                 <-Reducer 2 [PARTITION-LEVEL SORT]
                   PARTITION-LEVEL SORT [RS_24]
@@ -2759,15 +2759,15 @@ Stage-0
     Stage-1
       Reducer 5
       File Output Operator [FS_36]
-        Select Operator [SEL_35] (rows=2 width=106)
+        Select Operator [SEL_35] (rows=3 width=106)
           Output:["_col0","_col1"]
         <-Reducer 4 [SORT]
           SORT [RS_34]
-            Select Operator [SEL_33] (rows=2 width=106)
+            Select Operator [SEL_33] (rows=3 width=106)
               Output:["_col0","_col1"]
-              Filter Operator [FIL_32] (rows=2 width=116)
+              Filter Operator [FIL_32] (rows=3 width=118)
                 predicate:CASE WHEN ((_col3 = 0L)) THEN (true) WHEN (_col3 is null) THEN (true) WHEN (_col7 is not null) THEN (false) WHEN (_col0 is null) THEN (null) WHEN ((_col4 < _col3)) THEN (false) ELSE (true) END
-                Join Operator [JOIN_31] (rows=5 width=114)
+                Join Operator [JOIN_31] (rows=7 width=114)
                   Output:["_col0","_col1","_col3","_col4","_col7"],condition map:[{"":"{\"type\":\"Left Outer\",\"left\":0,\"right\":1}"}],keys:{"0":"_col0, _col1","1":"_col0, _col1"}
                 <-Reducer 10 [PARTITION-LEVEL SORT]
                   PARTITION-LEVEL SORT [RS_30]
@@ -2790,7 +2790,7 @@ Stage-0
                 <-Reducer 3 [PARTITION-LEVEL SORT]
                   PARTITION-LEVEL SORT [RS_29]
                     PartitionCols:_col0, _col1
-                    Join Operator [JOIN_28] (rows=5 width=112)
+                    Join Operator [JOIN_28] (rows=6 width=111)
                       Output:["_col0","_col1","_col3","_col4"],condition map:[{"":"{\"type\":\"Left Outer\",\"left\":0,\"right\":1}"}],keys:{"0":"_col1","1":"_col0"}
                     <-Reducer 2 [PARTITION-LEVEL SORT]
                       PARTITION-LEVEL SORT [RS_26]
