diff --git a/itests/hive-blobstore/src/test/results/clientpositive/insert_into_dynamic_partitions.q.out b/itests/hive-blobstore/src/test/results/clientpositive/insert_into_dynamic_partitions.q.out
index cc0df62ea0..82cf41703e 100644
--- a/itests/hive-blobstore/src/test/results/clientpositive/insert_into_dynamic_partitions.q.out
+++ b/itests/hive-blobstore/src/test/results/clientpositive/insert_into_dynamic_partitions.q.out
@@ -111,6 +111,7 @@ STAGE PLANS:
                     null sort order: aaa
                     sort order: +++
                     Map-reduce partition columns: _col1 (type: string)
+                    Statistics: Num rows: 1 Data size: 8 Basic stats: COMPLETE Column stats: COMPLETE
                     tag: -1
                     auto parallelism: false
       Path -> Alias:
diff --git a/itests/hive-blobstore/src/test/results/clientpositive/insert_overwrite_dynamic_partitions.q.out b/itests/hive-blobstore/src/test/results/clientpositive/insert_overwrite_dynamic_partitions.q.out
index 4aeabcf58a..fc8f3d060e 100644
--- a/itests/hive-blobstore/src/test/results/clientpositive/insert_overwrite_dynamic_partitions.q.out
+++ b/itests/hive-blobstore/src/test/results/clientpositive/insert_overwrite_dynamic_partitions.q.out
@@ -129,6 +129,7 @@ STAGE PLANS:
                     null sort order: aaa
                     sort order: +++
                     Map-reduce partition columns: _col1 (type: string)
+                    Statistics: Num rows: 1 Data size: 8 Basic stats: COMPLETE Column stats: COMPLETE
                     tag: -1
                     auto parallelism: false
       Path -> Alias:
diff --git a/ql/src/java/org/apache/hadoop/hive/ql/optimizer/SortedDynPartitionOptimizer.java b/ql/src/java/org/apache/hadoop/hive/ql/optimizer/SortedDynPartitionOptimizer.java
index 395a8c0727..9ec0d73916 100644
--- a/ql/src/java/org/apache/hadoop/hive/ql/optimizer/SortedDynPartitionOptimizer.java
+++ b/ql/src/java/org/apache/hadoop/hive/ql/optimizer/SortedDynPartitionOptimizer.java
@@ -329,6 +329,8 @@ public Object process(Node nd, Stack<Node> stack, NodeProcessorCtx procCtx,
       // update partition column info in FS descriptor
       fsOp.getConf().setPartitionCols(rsOp.getConf().getPartitionCols());
 
+      rsOp.setStatistics(rsOp.getParentOperators().get(0).getStatistics());
+
       LOG.info("Inserted " + rsOp.getOperatorId() + " and " + selOp.getOperatorId()
           + " as parent of " + fsOp.getOperatorId() + " and child of " + fsParent.getOperatorId());
 
diff --git a/ql/src/test/results/clientpositive/autoColumnStats_6.q.out b/ql/src/test/results/clientpositive/autoColumnStats_6.q.out
index cab3338cd4..c66d3611ac 100644
--- a/ql/src/test/results/clientpositive/autoColumnStats_6.q.out
+++ b/ql/src/test/results/clientpositive/autoColumnStats_6.q.out
@@ -94,6 +94,7 @@ STAGE PLANS:
               key expressions: _col2 (type: int), _col3 (type: int)
               sort order: ++
               Map-reduce partition columns: _col2 (type: int), _col3 (type: int)
+              Statistics: Num rows: 500 Data size: 51500 Basic stats: COMPLETE Column stats: COMPLETE
               value expressions: _col0 (type: int), _col1 (type: string)
       Execution mode: vectorized
       Reduce Operator Tree:
diff --git a/ql/src/test/results/clientpositive/dynpart_sort_optimization_acid2.q.out b/ql/src/test/results/clientpositive/dynpart_sort_optimization_acid2.q.out
index 5526d8db8d..0ac4269b09 100644
--- a/ql/src/test/results/clientpositive/dynpart_sort_optimization_acid2.q.out
+++ b/ql/src/test/results/clientpositive/dynpart_sort_optimization_acid2.q.out
@@ -49,6 +49,7 @@ STAGE PLANS:
                 key expressions: _col2 (type: string), _col3 (type: string), _bucket_number (type: string), _col1 (type: string)
                 sort order: ++++
                 Map-reduce partition columns: _col2 (type: string), _col3 (type: string)
+                Statistics: Num rows: 2000 Data size: 1092000 Basic stats: COMPLETE Column stats: COMPLETE
                 value expressions: _col0 (type: string)
       Execution mode: vectorized
       Reduce Operator Tree:
diff --git a/ql/src/test/results/clientpositive/infer_bucket_sort_dyn_part.q.out b/ql/src/test/results/clientpositive/infer_bucket_sort_dyn_part.q.out
index 2141845bdf..2299395c52 100644
--- a/ql/src/test/results/clientpositive/infer_bucket_sort_dyn_part.q.out
+++ b/ql/src/test/results/clientpositive/infer_bucket_sort_dyn_part.q.out
@@ -536,6 +536,7 @@ STAGE PLANS:
               key expressions: _col2 (type: string)
               sort order: +
               Map-reduce partition columns: _col2 (type: string)
+              Statistics: Num rows: 316 Data size: 143780 Basic stats: COMPLETE Column stats: COMPLETE
               value expressions: _col0 (type: string), _col1 (type: string)
       Execution mode: vectorized
       Reduce Operator Tree:
diff --git a/ql/src/test/results/clientpositive/llap/dynpart_sort_opt_vectorization.q.out b/ql/src/test/results/clientpositive/llap/dynpart_sort_opt_vectorization.q.out
index 1d2e17a5b4..a1b47371d8 100644
--- a/ql/src/test/results/clientpositive/llap/dynpart_sort_opt_vectorization.q.out
+++ b/ql/src/test/results/clientpositive/llap/dynpart_sort_opt_vectorization.q.out
@@ -222,6 +222,7 @@ STAGE PLANS:
                   key expressions: _col4 (type: tinyint), _col0 (type: smallint)
                   sort order: ++
                   Map-reduce partition columns: _col4 (type: tinyint)
+                  Statistics: Num rows: 11 Data size: 264 Basic stats: COMPLETE Column stats: COMPLETE
                   value expressions: _col1 (type: int), _col2 (type: bigint), _col3 (type: float)
         Reducer 3 
             Execution mode: llap
@@ -360,6 +361,7 @@ STAGE PLANS:
                     key expressions: _col4 (type: tinyint)
                     sort order: +
                     Map-reduce partition columns: _col4 (type: tinyint)
+                    Statistics: Num rows: 10 Data size: 240 Basic stats: COMPLETE Column stats: COMPLETE
                     value expressions: _col0 (type: smallint), _col1 (type: int), _col2 (type: bigint), _col3 (type: float)
         Reducer 3 
             Execution mode: llap
@@ -459,6 +461,7 @@ STAGE PLANS:
                         key expressions: _col4 (type: tinyint), _bucket_number (type: string), _col0 (type: smallint)
                         sort order: +++
                         Map-reduce partition columns: _col4 (type: tinyint)
+                        Statistics: Num rows: 11 Data size: 264 Basic stats: COMPLETE Column stats: COMPLETE
                         value expressions: _col1 (type: int), _col2 (type: bigint), _col3 (type: float)
             Execution mode: vectorized, llap
             LLAP IO: all inputs
@@ -539,6 +542,7 @@ STAGE PLANS:
                         key expressions: _col4 (type: tinyint), _bucket_number (type: string), _col3 (type: float)
                         sort order: +++
                         Map-reduce partition columns: _col4 (type: tinyint)
+                        Statistics: Num rows: 11 Data size: 264 Basic stats: COMPLETE Column stats: COMPLETE
                         value expressions: _col0 (type: smallint), _col1 (type: int), _col2 (type: bigint)
             Execution mode: vectorized, llap
             LLAP IO: all inputs
@@ -720,6 +724,7 @@ STAGE PLANS:
                   key expressions: _col4 (type: tinyint), _col0 (type: smallint)
                   sort order: ++
                   Map-reduce partition columns: _col4 (type: tinyint)
+                  Statistics: Num rows: 11 Data size: 264 Basic stats: COMPLETE Column stats: COMPLETE
                   value expressions: _col1 (type: int), _col2 (type: bigint), _col3 (type: float)
         Reducer 3 
             Execution mode: llap
@@ -858,6 +863,7 @@ STAGE PLANS:
                     key expressions: _col4 (type: tinyint)
                     sort order: +
                     Map-reduce partition columns: _col4 (type: tinyint)
+                    Statistics: Num rows: 10 Data size: 240 Basic stats: COMPLETE Column stats: COMPLETE
                     value expressions: _col0 (type: smallint), _col1 (type: int), _col2 (type: bigint), _col3 (type: float)
         Reducer 3 
             Execution mode: llap
@@ -957,6 +963,7 @@ STAGE PLANS:
                         key expressions: _col4 (type: tinyint), _bucket_number (type: string), _col0 (type: smallint)
                         sort order: +++
                         Map-reduce partition columns: _col4 (type: tinyint)
+                        Statistics: Num rows: 11 Data size: 264 Basic stats: COMPLETE Column stats: COMPLETE
                         value expressions: _col1 (type: int), _col2 (type: bigint), _col3 (type: float)
             Execution mode: vectorized, llap
             LLAP IO: all inputs
@@ -1037,6 +1044,7 @@ STAGE PLANS:
                         key expressions: _col4 (type: tinyint), _bucket_number (type: string), _col3 (type: float)
                         sort order: +++
                         Map-reduce partition columns: _col4 (type: tinyint)
+                        Statistics: Num rows: 11 Data size: 264 Basic stats: COMPLETE Column stats: COMPLETE
                         value expressions: _col0 (type: smallint), _col1 (type: int), _col2 (type: bigint)
             Execution mode: vectorized, llap
             LLAP IO: all inputs
@@ -1723,6 +1731,7 @@ STAGE PLANS:
                   key expressions: _col4 (type: tinyint), _col1 (type: int)
                   sort order: ++
                   Map-reduce partition columns: _col4 (type: tinyint)
+                  Statistics: Num rows: 11 Data size: 264 Basic stats: COMPLETE Column stats: COMPLETE
                   value expressions: _col0 (type: smallint), _col2 (type: bigint), _col3 (type: float)
         Reducer 3 
             Execution mode: llap
@@ -1862,6 +1871,7 @@ STAGE PLANS:
                         key expressions: _col4 (type: tinyint)
                         sort order: +
                         Map-reduce partition columns: _col4 (type: tinyint)
+                        Statistics: Num rows: 1 Data size: 24 Basic stats: COMPLETE Column stats: COMPLETE
                         value expressions: _col0 (type: smallint), _col1 (type: int), _col2 (type: bigint), _col3 (type: float)
         Reducer 3 
             Execution mode: llap
@@ -2640,6 +2650,7 @@ STAGE PLANS:
                         key expressions: _col4 (type: tinyint), _bucket_number (type: string), _col3 (type: float)
                         sort order: +++
                         Map-reduce partition columns: _col4 (type: tinyint)
+                        Statistics: Num rows: 11 Data size: 264 Basic stats: COMPLETE Column stats: COMPLETE
                         value expressions: _col0 (type: smallint), _col1 (type: int), _col2 (type: bigint)
             Execution mode: vectorized, llap
             LLAP IO: all inputs
@@ -3217,6 +3228,7 @@ STAGE PLANS:
                     key expressions: _col2 (type: string), _bucket_number (type: string), _col1 (type: smallint)
                     sort order: +++
                     Map-reduce partition columns: _col2 (type: string)
+                    Statistics: Num rows: 10 Data size: 816 Basic stats: COMPLETE Column stats: COMPLETE
                     value expressions: _col0 (type: int)
         Reducer 3 
             Execution mode: vectorized, llap
diff --git a/ql/src/test/results/clientpositive/llap/dynpart_sort_optimization.q.out b/ql/src/test/results/clientpositive/llap/dynpart_sort_optimization.q.out
index 87054fd09a..05819ef46a 100644
--- a/ql/src/test/results/clientpositive/llap/dynpart_sort_optimization.q.out
+++ b/ql/src/test/results/clientpositive/llap/dynpart_sort_optimization.q.out
@@ -164,6 +164,7 @@ STAGE PLANS:
                         key expressions: _col4 (type: tinyint)
                         sort order: +
                         Map-reduce partition columns: _col4 (type: tinyint)
+                        Statistics: Num rows: 1 Data size: 24 Basic stats: COMPLETE Column stats: NONE
                         value expressions: _col0 (type: smallint), _col1 (type: int), _col2 (type: bigint), _col3 (type: float)
             Execution mode: llap
             LLAP IO: no inputs
@@ -304,6 +305,7 @@ STAGE PLANS:
                     key expressions: _col4 (type: tinyint)
                     sort order: +
                     Map-reduce partition columns: _col4 (type: tinyint)
+                    Statistics: Num rows: 1 Data size: 24 Basic stats: COMPLETE Column stats: NONE
                     value expressions: _col0 (type: smallint), _col1 (type: int), _col2 (type: bigint), _col3 (type: float)
         Reducer 3 
             Execution mode: llap
@@ -403,6 +405,7 @@ STAGE PLANS:
                         key expressions: _col4 (type: tinyint), _bucket_number (type: string), _col0 (type: smallint)
                         sort order: +++
                         Map-reduce partition columns: _col4 (type: tinyint)
+                        Statistics: Num rows: 1 Data size: 24 Basic stats: COMPLETE Column stats: NONE
                         value expressions: _col1 (type: int), _col2 (type: bigint), _col3 (type: float)
             Execution mode: llap
             LLAP IO: no inputs
@@ -483,6 +486,7 @@ STAGE PLANS:
                         key expressions: _col4 (type: tinyint), _bucket_number (type: string), _col3 (type: float)
                         sort order: +++
                         Map-reduce partition columns: _col4 (type: tinyint)
+                        Statistics: Num rows: 1 Data size: 24 Basic stats: COMPLETE Column stats: NONE
                         value expressions: _col0 (type: smallint), _col1 (type: int), _col2 (type: bigint)
             Execution mode: llap
             LLAP IO: no inputs
@@ -649,6 +653,7 @@ STAGE PLANS:
                         key expressions: _col4 (type: tinyint)
                         sort order: +
                         Map-reduce partition columns: _col4 (type: tinyint)
+                        Statistics: Num rows: 1 Data size: 24 Basic stats: COMPLETE Column stats: NONE
                         value expressions: _col0 (type: smallint), _col1 (type: int), _col2 (type: bigint), _col3 (type: float)
             Execution mode: llap
             LLAP IO: no inputs
@@ -789,6 +794,7 @@ STAGE PLANS:
                     key expressions: _col4 (type: tinyint)
                     sort order: +
                     Map-reduce partition columns: _col4 (type: tinyint)
+                    Statistics: Num rows: 1 Data size: 24 Basic stats: COMPLETE Column stats: NONE
                     value expressions: _col0 (type: smallint), _col1 (type: int), _col2 (type: bigint), _col3 (type: float)
         Reducer 3 
             Execution mode: llap
@@ -888,6 +894,7 @@ STAGE PLANS:
                         key expressions: _col4 (type: tinyint), _bucket_number (type: string), _col0 (type: smallint)
                         sort order: +++
                         Map-reduce partition columns: _col4 (type: tinyint)
+                        Statistics: Num rows: 1 Data size: 24 Basic stats: COMPLETE Column stats: NONE
                         value expressions: _col1 (type: int), _col2 (type: bigint), _col3 (type: float)
             Execution mode: llap
             LLAP IO: no inputs
@@ -968,6 +975,7 @@ STAGE PLANS:
                         key expressions: _col4 (type: tinyint), _bucket_number (type: string), _col3 (type: float)
                         sort order: +++
                         Map-reduce partition columns: _col4 (type: tinyint)
+                        Statistics: Num rows: 1 Data size: 24 Basic stats: COMPLETE Column stats: NONE
                         value expressions: _col0 (type: smallint), _col1 (type: int), _col2 (type: bigint)
             Execution mode: llap
             LLAP IO: no inputs
@@ -1654,6 +1662,7 @@ STAGE PLANS:
                   key expressions: _col4 (type: tinyint), _col1 (type: int)
                   sort order: ++
                   Map-reduce partition columns: _col4 (type: tinyint)
+                  Statistics: Num rows: 1 Data size: 24 Basic stats: COMPLETE Column stats: NONE
                   value expressions: _col0 (type: smallint), _col2 (type: bigint), _col3 (type: float)
         Reducer 3 
             Execution mode: llap
@@ -1793,6 +1802,7 @@ STAGE PLANS:
                         key expressions: _col4 (type: tinyint)
                         sort order: +
                         Map-reduce partition columns: _col4 (type: tinyint)
+                        Statistics: Num rows: 1 Data size: 24 Basic stats: COMPLETE Column stats: NONE
                         value expressions: _col0 (type: smallint), _col1 (type: int), _col2 (type: bigint), _col3 (type: float)
         Reducer 3 
             Execution mode: llap
@@ -2571,6 +2581,7 @@ STAGE PLANS:
                         key expressions: _col4 (type: tinyint), _bucket_number (type: string), _col3 (type: float)
                         sort order: +++
                         Map-reduce partition columns: _col4 (type: tinyint)
+                        Statistics: Num rows: 1 Data size: 24 Basic stats: COMPLETE Column stats: NONE
                         value expressions: _col0 (type: smallint), _col1 (type: int), _col2 (type: bigint)
             Execution mode: llap
             LLAP IO: no inputs
@@ -2963,6 +2974,7 @@ STAGE PLANS:
                         key expressions: _col3 (type: string), _col4 (type: tinyint), _col5 (type: int)
                         sort order: +++
                         Map-reduce partition columns: _col3 (type: string), _col4 (type: tinyint), _col5 (type: int)
+                        Statistics: Num rows: 1 Data size: 208 Basic stats: COMPLETE Column stats: NONE
                         value expressions: _col0 (type: smallint), _col1 (type: bigint), _col2 (type: float)
             Execution mode: llap
             LLAP IO: no inputs
@@ -3083,6 +3095,7 @@ STAGE PLANS:
                         key expressions: _col3 (type: string), _col4 (type: tinyint), _col5 (type: int)
                         sort order: +++
                         Map-reduce partition columns: _col3 (type: string), _col4 (type: tinyint), _col5 (type: int)
+                        Statistics: Num rows: 1 Data size: 208 Basic stats: COMPLETE Column stats: NONE
                         value expressions: _col0 (type: smallint), _col1 (type: bigint), _col2 (type: float)
             Execution mode: llap
             LLAP IO: no inputs
@@ -3203,6 +3216,7 @@ STAGE PLANS:
                         key expressions: _col3 (type: string), _col4 (type: tinyint), _col5 (type: int)
                         sort order: +++
                         Map-reduce partition columns: _col3 (type: string), _col4 (type: tinyint), _col5 (type: int)
+                        Statistics: Num rows: 1 Data size: 208 Basic stats: COMPLETE Column stats: NONE
                         value expressions: _col0 (type: smallint), _col1 (type: bigint), _col2 (type: float)
             Execution mode: llap
             LLAP IO: no inputs
@@ -3323,6 +3337,7 @@ STAGE PLANS:
                         key expressions: _col3 (type: string), _col4 (type: tinyint), _col5 (type: int)
                         sort order: +++
                         Map-reduce partition columns: _col3 (type: string), _col4 (type: tinyint), _col5 (type: int)
+                        Statistics: Num rows: 1 Data size: 208 Basic stats: COMPLETE Column stats: NONE
                         value expressions: _col0 (type: smallint), _col1 (type: bigint), _col2 (type: float)
             Execution mode: llap
             LLAP IO: no inputs
@@ -3443,6 +3458,7 @@ STAGE PLANS:
                         key expressions: _col3 (type: string), _col4 (type: tinyint), _col5 (type: int)
                         sort order: +++
                         Map-reduce partition columns: _col3 (type: string), _col4 (type: tinyint), _col5 (type: int)
+                        Statistics: Num rows: 1 Data size: 208 Basic stats: COMPLETE Column stats: NONE
                         value expressions: _col0 (type: smallint), _col1 (type: bigint), _col2 (type: float)
             Execution mode: llap
             LLAP IO: no inputs
@@ -3563,6 +3579,7 @@ STAGE PLANS:
                         key expressions: _col3 (type: string), _col4 (type: tinyint), _col5 (type: int)
                         sort order: +++
                         Map-reduce partition columns: _col3 (type: string), _col4 (type: tinyint), _col5 (type: int)
+                        Statistics: Num rows: 1 Data size: 208 Basic stats: COMPLETE Column stats: NONE
                         value expressions: _col0 (type: smallint), _col1 (type: bigint), _col2 (type: float)
             Execution mode: llap
             LLAP IO: no inputs
@@ -4182,6 +4199,7 @@ STAGE PLANS:
                         key expressions: _col4 (type: tinyint)
                         sort order: +
                         Map-reduce partition columns: _col4 (type: tinyint)
+                        Statistics: Num rows: 352 Data size: 8448 Basic stats: COMPLETE Column stats: COMPLETE
                         value expressions: _col0 (type: smallint), _col1 (type: int), _col2 (type: bigint), _col3 (type: float)
             Execution mode: llap
             LLAP IO: no inputs
@@ -4322,6 +4340,7 @@ STAGE PLANS:
                     key expressions: _col4 (type: tinyint)
                     sort order: +
                     Map-reduce partition columns: _col4 (type: tinyint)
+                    Statistics: Num rows: 10 Data size: 240 Basic stats: COMPLETE Column stats: COMPLETE
                     value expressions: _col0 (type: smallint), _col1 (type: int), _col2 (type: bigint), _col3 (type: float)
         Reducer 3 
             Execution mode: llap
@@ -4566,6 +4585,7 @@ STAGE PLANS:
                     key expressions: _col4 (type: tinyint)
                     sort order: +
                     Map-reduce partition columns: _col4 (type: tinyint)
+                    Statistics: Num rows: 10 Data size: 240 Basic stats: COMPLETE Column stats: COMPLETE
                     value expressions: _col0 (type: smallint), _col1 (type: int), _col2 (type: bigint), _col3 (type: float)
         Reducer 3 
             Execution mode: llap
@@ -4728,6 +4748,7 @@ STAGE PLANS:
                           key expressions: _col1 (type: string)
                           sort order: +
                           Map-reduce partition columns: _col1 (type: string)
+                          Statistics: Num rows: 524 Data size: 52924 Basic stats: COMPLETE Column stats: COMPLETE
                           value expressions: _col0 (type: int)
                       Select Operator
                         expressions: (_col0 + 0) (type: int), _col1 (type: string)
@@ -4754,6 +4775,7 @@ STAGE PLANS:
                           key expressions: _col1 (type: string)
                           sort order: +
                           Map-reduce partition columns: _col1 (type: string)
+                          Statistics: Num rows: 524 Data size: 52924 Basic stats: COMPLETE Column stats: COMPLETE
                           value expressions: _col0 (type: int)
             Execution mode: llap
             LLAP IO: no inputs
diff --git a/ql/src/test/results/clientpositive/llap/dynpart_sort_optimization_acid.q.out b/ql/src/test/results/clientpositive/llap/dynpart_sort_optimization_acid.q.out
index 3f18e520dd..5326801d23 100644
--- a/ql/src/test/results/clientpositive/llap/dynpart_sort_optimization_acid.q.out
+++ b/ql/src/test/results/clientpositive/llap/dynpart_sort_optimization_acid.q.out
@@ -1284,6 +1284,7 @@ STAGE PLANS:
                         key expressions: '2008-04-08' (type: string), _col4 (type: int), _bucket_number (type: string), _col0 (type: struct<writeid:bigint,bucketid:int,rowid:bigint>)
                         sort order: ++++
                         Map-reduce partition columns: '2008-04-08' (type: string), _col4 (type: int)
+                        Statistics: Num rows: 5 Data size: 1740 Basic stats: COMPLETE Column stats: PARTIAL
                         value expressions: 'foo' (type: string), 'bar' (type: string)
             Execution mode: llap
             LLAP IO: may be used (ACID table)
@@ -1428,6 +1429,7 @@ STAGE PLANS:
                         key expressions: _col1 (type: string), _col2 (type: int), _bucket_number (type: string), _col0 (type: struct<writeid:bigint,bucketid:int,rowid:bigint>)
                         sort order: ++++
                         Map-reduce partition columns: _col1 (type: string), _col2 (type: int)
+                        Statistics: Num rows: 5 Data size: 1320 Basic stats: COMPLETE Column stats: PARTIAL
             Execution mode: llap
             LLAP IO: may be used (ACID table)
         Reducer 2 
@@ -1631,6 +1633,7 @@ STAGE PLANS:
                         key expressions: _col3 (type: string), _col4 (type: int), _bucket_number (type: string), _col0 (type: struct<writeid:bigint,bucketid:int,rowid:bigint>)
                         sort order: ++++
                         Map-reduce partition columns: _col3 (type: string), _col4 (type: int)
+                        Statistics: Num rows: 5 Data size: 2675 Basic stats: COMPLETE Column stats: PARTIAL
                         value expressions: _col1 (type: string), 'bar' (type: string)
             Execution mode: llap
             LLAP IO: may be used (ACID table)
@@ -1738,6 +1741,7 @@ STAGE PLANS:
                         key expressions: _col3 (type: string), _col4 (type: int), _bucket_number (type: string), _col0 (type: struct<writeid:bigint,bucketid:int,rowid:bigint>)
                         sort order: ++++
                         Map-reduce partition columns: _col3 (type: string), _col4 (type: int)
+                        Statistics: Num rows: 5 Data size: 2675 Basic stats: COMPLETE Column stats: PARTIAL
                         value expressions: _col1 (type: string), 'bar' (type: string)
             Execution mode: llap
             LLAP IO: may be used (ACID table)
diff --git a/ql/src/test/results/clientpositive/llap/load_data_using_job.q.out b/ql/src/test/results/clientpositive/llap/load_data_using_job.q.out
index 7ad7bfbed4..6b7d2e4022 100644
--- a/ql/src/test/results/clientpositive/llap/load_data_using_job.q.out
+++ b/ql/src/test/results/clientpositive/llap/load_data_using_job.q.out
@@ -222,6 +222,7 @@ STAGE PLANS:
                       key expressions: _col2 (type: string)
                       sort order: +
                       Map-reduce partition columns: _col2 (type: string)
+                      Statistics: Num rows: 68 Data size: 24552 Basic stats: COMPLETE Column stats: NONE
                       value expressions: _col0 (type: int), _col1 (type: string)
             Execution mode: vectorized, llap
             LLAP IO: no inputs
@@ -448,6 +449,7 @@ STAGE PLANS:
                       key expressions: _col2 (type: string), _col3 (type: int)
                       sort order: ++
                       Map-reduce partition columns: _col2 (type: string), _col3 (type: int)
+                      Statistics: Num rows: 73 Data size: 26696 Basic stats: COMPLETE Column stats: NONE
                       value expressions: _col0 (type: int), _col1 (type: string)
             Execution mode: vectorized, llap
             LLAP IO: no inputs
@@ -680,6 +682,7 @@ STAGE PLANS:
                       key expressions: _col2 (type: string), _col3 (type: int)
                       sort order: ++
                       Map-reduce partition columns: _col2 (type: string), _col3 (type: int)
+                      Statistics: Num rows: 147 Data size: 53016 Basic stats: COMPLETE Column stats: NONE
                       value expressions: _col0 (type: int), _col1 (type: string)
             Execution mode: vectorized, llap
             LLAP IO: no inputs
@@ -1254,6 +1257,7 @@ STAGE PLANS:
                       key expressions: _col2 (type: string), _bucket_number (type: string), _col0 (type: int)
                       sort order: +++
                       Map-reduce partition columns: _col2 (type: string)
+                      Statistics: Num rows: 68 Data size: 24552 Basic stats: COMPLETE Column stats: NONE
                       value expressions: _col1 (type: string)
             Execution mode: vectorized, llap
             LLAP IO: no inputs
@@ -1480,6 +1484,7 @@ STAGE PLANS:
                       key expressions: _col2 (type: string), _col3 (type: int), _bucket_number (type: string), _col0 (type: int)
                       sort order: ++++
                       Map-reduce partition columns: _col2 (type: string), _col3 (type: int)
+                      Statistics: Num rows: 73 Data size: 26696 Basic stats: COMPLETE Column stats: NONE
                       value expressions: _col1 (type: string)
             Execution mode: vectorized, llap
             LLAP IO: no inputs
@@ -1712,6 +1717,7 @@ STAGE PLANS:
                       key expressions: _col2 (type: string), _col3 (type: int), _bucket_number (type: string), _col0 (type: int)
                       sort order: ++++
                       Map-reduce partition columns: _col2 (type: string), _col3 (type: int)
+                      Statistics: Num rows: 147 Data size: 53016 Basic stats: COMPLETE Column stats: NONE
                       value expressions: _col1 (type: string)
             Execution mode: vectorized, llap
             LLAP IO: no inputs
@@ -2062,6 +2068,7 @@ STAGE PLANS:
                       key expressions: _col2 (type: string), _col3 (type: int), _bucket_number (type: string), _col0 (type: int)
                       sort order: ++++
                       Map-reduce partition columns: _col2 (type: string), _col3 (type: int)
+                      Statistics: Num rows: 295 Data size: 106032 Basic stats: COMPLETE Column stats: NONE
                       value expressions: _col1 (type: string)
             Execution mode: vectorized, llap
             LLAP IO: no inputs
@@ -2648,6 +2655,7 @@ STAGE PLANS:
                       key expressions: _col3 (type: int), _bucket_number (type: string), _col0 (type: int), _col1 (type: string)
                       sort order: ++++
                       Map-reduce partition columns: _col3 (type: int)
+                      Statistics: Num rows: 73 Data size: 26696 Basic stats: COMPLETE Column stats: NONE
                       value expressions: _col2 (type: string)
             Execution mode: vectorized, llap
             LLAP IO: no inputs
@@ -2885,6 +2893,7 @@ STAGE PLANS:
                       key expressions: _col2 (type: string)
                       sort order: +
                       Map-reduce partition columns: _col2 (type: string)
+                      Statistics: Num rows: 68 Data size: 24552 Basic stats: COMPLETE Column stats: NONE
                       value expressions: _col0 (type: int), _col1 (type: string)
             Execution mode: vectorized, llap
             LLAP IO: no inputs
@@ -3115,6 +3124,7 @@ STAGE PLANS:
                       key expressions: _col3 (type: int)
                       sort order: +
                       Map-reduce partition columns: _col3 (type: int)
+                      Statistics: Num rows: 24 Data size: 9024 Basic stats: COMPLETE Column stats: NONE
                       value expressions: _col0 (type: int), _col1 (type: string), _col2 (type: string)
             Execution mode: vectorized, llap
             LLAP IO: all inputs
diff --git a/ql/src/test/results/clientpositive/llap/load_dyn_part5.q.out b/ql/src/test/results/clientpositive/llap/load_dyn_part5.q.out
index 6c79524812..c59ca27489 100644
--- a/ql/src/test/results/clientpositive/llap/load_dyn_part5.q.out
+++ b/ql/src/test/results/clientpositive/llap/load_dyn_part5.q.out
@@ -74,6 +74,7 @@ STAGE PLANS:
                       key expressions: _col1 (type: string)
                       sort order: +
                       Map-reduce partition columns: _col1 (type: string)
+                      Statistics: Num rows: 500 Data size: 89000 Basic stats: COMPLETE Column stats: COMPLETE
                       value expressions: _col0 (type: string)
             Execution mode: llap
             LLAP IO: no inputs
diff --git a/ql/src/test/results/clientpositive/llap/materialized_view_partitioned_3.q.out b/ql/src/test/results/clientpositive/llap/materialized_view_partitioned_3.q.out
index 6f1f440e3c..045380b688 100644
--- a/ql/src/test/results/clientpositive/llap/materialized_view_partitioned_3.q.out
+++ b/ql/src/test/results/clientpositive/llap/materialized_view_partitioned_3.q.out
@@ -78,6 +78,7 @@ STAGE PLANS:
                         key expressions: _col1 (type: string)
                         sort order: +
                         Map-reduce partition columns: _col1 (type: string)
+                        Statistics: Num rows: 55 Data size: 9790 Basic stats: COMPLETE Column stats: COMPLETE
                         value expressions: _col0 (type: string)
             Execution mode: llap
             LLAP IO: may be used (ACID table)
diff --git a/ql/src/test/results/clientpositive/llap/mm_dp.q.out b/ql/src/test/results/clientpositive/llap/mm_dp.q.out
index 6ad05e9ed1..642ddc9e3d 100644
--- a/ql/src/test/results/clientpositive/llap/mm_dp.q.out
+++ b/ql/src/test/results/clientpositive/llap/mm_dp.q.out
@@ -149,6 +149,7 @@ STAGE PLANS:
                       key expressions: _col3 (type: string), _bucket_number (type: string), _col2 (type: int)
                       sort order: +++
                       Map-reduce partition columns: _col3 (type: string)
+                      Statistics: Num rows: 2605 Data size: 268315 Basic stats: COMPLETE Column stats: COMPLETE
                       value expressions: _col0 (type: int), _col1 (type: int)
             Execution mode: vectorized, llap
             LLAP IO: all inputs
diff --git a/ql/src/test/results/clientpositive/llap/murmur_hash_migration.q.out b/ql/src/test/results/clientpositive/llap/murmur_hash_migration.q.out
index 106bb66358..1a5ccd2d49 100644
--- a/ql/src/test/results/clientpositive/llap/murmur_hash_migration.q.out
+++ b/ql/src/test/results/clientpositive/llap/murmur_hash_migration.q.out
@@ -706,6 +706,7 @@ STAGE PLANS:
                           null sort order: aaa
                           sort order: +++
                           Map-reduce partition columns: _col2 (type: string)
+                          Statistics: Num rows: 1 Data size: 8 Basic stats: COMPLETE Column stats: COMPLETE
                           tag: -1
                           value expressions: _col1 (type: int)
                           auto parallelism: true
diff --git a/ql/src/test/results/clientpositive/llap/orc_merge10.q.out b/ql/src/test/results/clientpositive/llap/orc_merge10.q.out
index 84a320e7e2..0d92ad4879 100644
--- a/ql/src/test/results/clientpositive/llap/orc_merge10.q.out
+++ b/ql/src/test/results/clientpositive/llap/orc_merge10.q.out
@@ -98,6 +98,7 @@ STAGE PLANS:
                       key expressions: _col2 (type: int)
                       sort order: +
                       Map-reduce partition columns: _col2 (type: int)
+                      Statistics: Num rows: 500 Data size: 49500 Basic stats: COMPLETE Column stats: COMPLETE
                       value expressions: _col0 (type: int), _col1 (type: string)
             Execution mode: llap
             LLAP IO: no inputs
@@ -243,6 +244,7 @@ STAGE PLANS:
                       key expressions: _col2 (type: int)
                       sort order: +
                       Map-reduce partition columns: _col2 (type: int)
+                      Statistics: Num rows: 500 Data size: 49500 Basic stats: COMPLETE Column stats: COMPLETE
                       value expressions: _col0 (type: int), _col1 (type: string)
             Execution mode: llap
             LLAP IO: no inputs
@@ -433,6 +435,7 @@ STAGE PLANS:
                       key expressions: _col2 (type: int)
                       sort order: +
                       Map-reduce partition columns: _col2 (type: int)
+                      Statistics: Num rows: 500 Data size: 49500 Basic stats: COMPLETE Column stats: COMPLETE
                       value expressions: _col0 (type: int), _col1 (type: string)
             Execution mode: llap
             LLAP IO: no inputs
diff --git a/ql/src/test/results/clientpositive/llap/orc_merge2.q.out b/ql/src/test/results/clientpositive/llap/orc_merge2.q.out
index a878160cc3..30a20418cd 100644
--- a/ql/src/test/results/clientpositive/llap/orc_merge2.q.out
+++ b/ql/src/test/results/clientpositive/llap/orc_merge2.q.out
@@ -72,6 +72,7 @@ STAGE PLANS:
                       key expressions: _col2 (type: int), _col3 (type: int)
                       sort order: ++
                       Map-reduce partition columns: _col2 (type: int), _col3 (type: int)
+                      Statistics: Num rows: 500 Data size: 51500 Basic stats: COMPLETE Column stats: COMPLETE
                       value expressions: _col0 (type: int), _col1 (type: string)
             Execution mode: llap
             LLAP IO: no inputs
diff --git a/ql/src/test/results/clientpositive/llap/orc_merge7.q.out b/ql/src/test/results/clientpositive/llap/orc_merge7.q.out
index 1f7b7b7af1..16bcc5a3da 100644
--- a/ql/src/test/results/clientpositive/llap/orc_merge7.q.out
+++ b/ql/src/test/results/clientpositive/llap/orc_merge7.q.out
@@ -74,6 +74,7 @@ STAGE PLANS:
                       key expressions: _col5 (type: double)
                       sort order: +
                       Map-reduce partition columns: _col5 (type: double)
+                      Statistics: Num rows: 1 Data size: 352 Basic stats: COMPLETE Column stats: NONE
                       value expressions: _col0 (type: bigint), _col1 (type: string), _col2 (type: double), _col3 (type: decimal(38,0)), _col4 (type: timestamp)
             Execution mode: llap
             LLAP IO: all inputs
@@ -308,6 +309,7 @@ STAGE PLANS:
                       key expressions: _col5 (type: double)
                       sort order: +
                       Map-reduce partition columns: _col5 (type: double)
+                      Statistics: Num rows: 1 Data size: 352 Basic stats: COMPLETE Column stats: NONE
                       value expressions: _col0 (type: bigint), _col1 (type: string), _col2 (type: double), _col3 (type: decimal(38,0)), _col4 (type: timestamp)
             Execution mode: llap
             LLAP IO: all inputs
diff --git a/ql/src/test/results/clientpositive/llap/orc_merge_diff_fs.q.out b/ql/src/test/results/clientpositive/llap/orc_merge_diff_fs.q.out
index 25c0e09860..c9068e9fb1 100644
--- a/ql/src/test/results/clientpositive/llap/orc_merge_diff_fs.q.out
+++ b/ql/src/test/results/clientpositive/llap/orc_merge_diff_fs.q.out
@@ -98,6 +98,7 @@ STAGE PLANS:
                       key expressions: _col2 (type: int)
                       sort order: +
                       Map-reduce partition columns: _col2 (type: int)
+                      Statistics: Num rows: 500 Data size: 49500 Basic stats: COMPLETE Column stats: COMPLETE
                       value expressions: _col0 (type: int), _col1 (type: string)
             Execution mode: llap
             LLAP IO: no inputs
@@ -243,6 +244,7 @@ STAGE PLANS:
                       key expressions: _col2 (type: int)
                       sort order: +
                       Map-reduce partition columns: _col2 (type: int)
+                      Statistics: Num rows: 500 Data size: 49500 Basic stats: COMPLETE Column stats: COMPLETE
                       value expressions: _col0 (type: int), _col1 (type: string)
             Execution mode: llap
             LLAP IO: no inputs
@@ -433,6 +435,7 @@ STAGE PLANS:
                       key expressions: _col2 (type: int)
                       sort order: +
                       Map-reduce partition columns: _col2 (type: int)
+                      Statistics: Num rows: 500 Data size: 49500 Basic stats: COMPLETE Column stats: COMPLETE
                       value expressions: _col0 (type: int), _col1 (type: string)
             Execution mode: llap
             LLAP IO: no inputs
diff --git a/ql/src/test/results/clientpositive/llap/orc_merge_incompat2.q.out b/ql/src/test/results/clientpositive/llap/orc_merge_incompat2.q.out
index 207541b135..2d2787d5b9 100644
--- a/ql/src/test/results/clientpositive/llap/orc_merge_incompat2.q.out
+++ b/ql/src/test/results/clientpositive/llap/orc_merge_incompat2.q.out
@@ -74,6 +74,7 @@ STAGE PLANS:
                       key expressions: _col5 (type: double)
                       sort order: +
                       Map-reduce partition columns: _col5 (type: double)
+                      Statistics: Num rows: 1 Data size: 352 Basic stats: COMPLETE Column stats: NONE
                       value expressions: _col0 (type: bigint), _col1 (type: string), _col2 (type: double), _col3 (type: decimal(38,0)), _col4 (type: timestamp)
             Execution mode: llap
             LLAP IO: all inputs
diff --git a/ql/src/test/results/clientpositive/load_static_ptn_into_bucketed_table.q.out b/ql/src/test/results/clientpositive/load_static_ptn_into_bucketed_table.q.out
index b1e4afc776..b4d7dca1bc 100644
--- a/ql/src/test/results/clientpositive/load_static_ptn_into_bucketed_table.q.out
+++ b/ql/src/test/results/clientpositive/load_static_ptn_into_bucketed_table.q.out
@@ -248,6 +248,7 @@ STAGE PLANS:
                 key expressions: _col2 (type: string), _bucket_number (type: string), _col0 (type: int)
                 sort order: +++
                 Map-reduce partition columns: _col2 (type: string)
+                Statistics: Num rows: 35 Data size: 13020 Basic stats: COMPLETE Column stats: NONE
                 value expressions: _col1 (type: string)
       Execution mode: vectorized
       Reduce Operator Tree:
@@ -462,6 +463,7 @@ STAGE PLANS:
                 key expressions: _col2 (type: string), _bucket_number (type: string), _col0 (type: int)
                 sort order: +++
                 Map-reduce partition columns: _col2 (type: string)
+                Statistics: Num rows: 68 Data size: 24552 Basic stats: COMPLETE Column stats: NONE
                 value expressions: _col1 (type: string)
       Execution mode: vectorized
       Reduce Operator Tree:
diff --git a/ql/src/test/results/clientpositive/merge_dynamic_partition.q.out b/ql/src/test/results/clientpositive/merge_dynamic_partition.q.out
index bbb5c3ff49..8d1d50880c 100644
--- a/ql/src/test/results/clientpositive/merge_dynamic_partition.q.out
+++ b/ql/src/test/results/clientpositive/merge_dynamic_partition.q.out
@@ -126,6 +126,7 @@ STAGE PLANS:
               key expressions: _col2 (type: string)
               sort order: +
               Map-reduce partition columns: _col2 (type: string)
+              Statistics: Num rows: 99 Data size: 49864 Basic stats: PARTIAL Column stats: PARTIAL
               value expressions: _col0 (type: string), _col1 (type: string)
       Reduce Operator Tree:
         Select Operator
@@ -1462,6 +1463,7 @@ STAGE PLANS:
               key expressions: _col2 (type: string), _col3 (type: string)
               sort order: ++
               Map-reduce partition columns: _col2 (type: string), _col3 (type: string)
+              Statistics: Num rows: 99 Data size: 49864 Basic stats: PARTIAL Column stats: PARTIAL
               value expressions: _col0 (type: string), _col1 (type: string)
       Reduce Operator Tree:
         Select Operator
diff --git a/ql/src/test/results/clientpositive/merge_dynamic_partition2.q.out b/ql/src/test/results/clientpositive/merge_dynamic_partition2.q.out
index 1372ee58cf..d4e1e28f91 100644
--- a/ql/src/test/results/clientpositive/merge_dynamic_partition2.q.out
+++ b/ql/src/test/results/clientpositive/merge_dynamic_partition2.q.out
@@ -150,6 +150,7 @@ STAGE PLANS:
               key expressions: _col2 (type: string)
               sort order: +
               Map-reduce partition columns: _col2 (type: string)
+              Statistics: Num rows: 297 Data size: 148488 Basic stats: PARTIAL Column stats: PARTIAL
               value expressions: _col0 (type: string), _col1 (type: string)
       Reduce Operator Tree:
         Select Operator
diff --git a/ql/src/test/results/clientpositive/merge_dynamic_partition3.q.out b/ql/src/test/results/clientpositive/merge_dynamic_partition3.q.out
index 13bba2b6cf..3f3218e4d2 100644
--- a/ql/src/test/results/clientpositive/merge_dynamic_partition3.q.out
+++ b/ql/src/test/results/clientpositive/merge_dynamic_partition3.q.out
@@ -214,6 +214,7 @@ STAGE PLANS:
               key expressions: _col2 (type: string), _col3 (type: string)
               sort order: ++
               Map-reduce partition columns: _col2 (type: string), _col3 (type: string)
+              Statistics: Num rows: 594 Data size: 405536 Basic stats: PARTIAL Column stats: PARTIAL
               value expressions: _col0 (type: string), _col1 (type: string)
       Reduce Operator Tree:
         Select Operator
diff --git a/ql/src/test/results/clientpositive/merge_dynamic_partition4.q.out b/ql/src/test/results/clientpositive/merge_dynamic_partition4.q.out
index db53c81062..80db352db6 100644
--- a/ql/src/test/results/clientpositive/merge_dynamic_partition4.q.out
+++ b/ql/src/test/results/clientpositive/merge_dynamic_partition4.q.out
@@ -211,6 +211,7 @@ STAGE PLANS:
               key expressions: _col2 (type: string)
               sort order: +
               Map-reduce partition columns: _col2 (type: string)
+              Statistics: Num rows: 1000 Data size: 362000 Basic stats: COMPLETE Column stats: COMPLETE
               value expressions: _col0 (type: string), _col1 (type: string)
       Reduce Operator Tree:
         Select Operator
diff --git a/ql/src/test/results/clientpositive/merge_dynamic_partition5.q.out b/ql/src/test/results/clientpositive/merge_dynamic_partition5.q.out
index de9738a376..8bf567918b 100644
--- a/ql/src/test/results/clientpositive/merge_dynamic_partition5.q.out
+++ b/ql/src/test/results/clientpositive/merge_dynamic_partition5.q.out
@@ -187,6 +187,7 @@ STAGE PLANS:
               key expressions: _col2 (type: string)
               sort order: +
               Map-reduce partition columns: _col2 (type: string)
+              Statistics: Num rows: 618 Data size: 223716 Basic stats: COMPLETE Column stats: COMPLETE
               value expressions: _col0 (type: string), _col1 (type: string)
       Reduce Operator Tree:
         Select Operator
diff --git a/ql/src/test/results/clientpositive/orc_merge10.q.out b/ql/src/test/results/clientpositive/orc_merge10.q.out
index e4ebf6557b..2dbea7f607 100644
--- a/ql/src/test/results/clientpositive/orc_merge10.q.out
+++ b/ql/src/test/results/clientpositive/orc_merge10.q.out
@@ -120,6 +120,7 @@ STAGE PLANS:
               key expressions: _col2 (type: int)
               sort order: +
               Map-reduce partition columns: _col2 (type: int)
+              Statistics: Num rows: 500 Data size: 49500 Basic stats: COMPLETE Column stats: COMPLETE
               value expressions: _col0 (type: int), _col1 (type: string)
       Reduce Operator Tree:
         Select Operator
@@ -260,6 +261,7 @@ STAGE PLANS:
               key expressions: _col2 (type: int)
               sort order: +
               Map-reduce partition columns: _col2 (type: int)
+              Statistics: Num rows: 500 Data size: 49500 Basic stats: COMPLETE Column stats: COMPLETE
               value expressions: _col0 (type: int), _col1 (type: string)
       Reduce Operator Tree:
         Select Operator
@@ -439,6 +441,7 @@ STAGE PLANS:
               key expressions: _col2 (type: int)
               sort order: +
               Map-reduce partition columns: _col2 (type: int)
+              Statistics: Num rows: 500 Data size: 49500 Basic stats: COMPLETE Column stats: COMPLETE
               value expressions: _col0 (type: int), _col1 (type: string)
       Reduce Operator Tree:
         Select Operator
diff --git a/ql/src/test/results/clientpositive/orc_merge2.q.out b/ql/src/test/results/clientpositive/orc_merge2.q.out
index 88e37b404c..51da8a9398 100644
--- a/ql/src/test/results/clientpositive/orc_merge2.q.out
+++ b/ql/src/test/results/clientpositive/orc_merge2.q.out
@@ -94,6 +94,7 @@ STAGE PLANS:
               key expressions: _col2 (type: int), _col3 (type: int)
               sort order: ++
               Map-reduce partition columns: _col2 (type: int), _col3 (type: int)
+              Statistics: Num rows: 500 Data size: 51500 Basic stats: COMPLETE Column stats: COMPLETE
               value expressions: _col0 (type: int), _col1 (type: string)
       Reduce Operator Tree:
         Select Operator
diff --git a/ql/src/test/results/clientpositive/orc_merge_diff_fs.q.out b/ql/src/test/results/clientpositive/orc_merge_diff_fs.q.out
index 84e2f40c79..97a34ae375 100644
--- a/ql/src/test/results/clientpositive/orc_merge_diff_fs.q.out
+++ b/ql/src/test/results/clientpositive/orc_merge_diff_fs.q.out
@@ -120,6 +120,7 @@ STAGE PLANS:
               key expressions: _col2 (type: int)
               sort order: +
               Map-reduce partition columns: _col2 (type: int)
+              Statistics: Num rows: 500 Data size: 49500 Basic stats: COMPLETE Column stats: COMPLETE
               value expressions: _col0 (type: int), _col1 (type: string)
       Reduce Operator Tree:
         Select Operator
@@ -260,6 +261,7 @@ STAGE PLANS:
               key expressions: _col2 (type: int)
               sort order: +
               Map-reduce partition columns: _col2 (type: int)
+              Statistics: Num rows: 500 Data size: 49500 Basic stats: COMPLETE Column stats: COMPLETE
               value expressions: _col0 (type: int), _col1 (type: string)
       Reduce Operator Tree:
         Select Operator
@@ -439,6 +441,7 @@ STAGE PLANS:
               key expressions: _col2 (type: int)
               sort order: +
               Map-reduce partition columns: _col2 (type: int)
+              Statistics: Num rows: 500 Data size: 49500 Basic stats: COMPLETE Column stats: COMPLETE
               value expressions: _col0 (type: int), _col1 (type: string)
       Reduce Operator Tree:
         Select Operator
diff --git a/ql/src/test/results/clientpositive/orc_merge_incompat2.q.out b/ql/src/test/results/clientpositive/orc_merge_incompat2.q.out
index 177bc25ed1..b3cbf4a65f 100644
--- a/ql/src/test/results/clientpositive/orc_merge_incompat2.q.out
+++ b/ql/src/test/results/clientpositive/orc_merge_incompat2.q.out
@@ -96,6 +96,7 @@ STAGE PLANS:
               key expressions: _col5 (type: double)
               sort order: +
               Map-reduce partition columns: _col5 (type: double)
+              Statistics: Num rows: 1 Data size: 352 Basic stats: COMPLETE Column stats: NONE
               value expressions: _col0 (type: bigint), _col1 (type: string), _col2 (type: double), _col3 (type: decimal(38,0)), _col4 (type: timestamp)
       Reduce Operator Tree:
         Select Operator
diff --git a/ql/src/test/results/clientpositive/spark/dynpart_sort_optimization.q.out b/ql/src/test/results/clientpositive/spark/dynpart_sort_optimization.q.out
index 0c33d014a1..0d3ec57a74 100644
--- a/ql/src/test/results/clientpositive/spark/dynpart_sort_optimization.q.out
+++ b/ql/src/test/results/clientpositive/spark/dynpart_sort_optimization.q.out
@@ -144,6 +144,7 @@ STAGE PLANS:
                         key expressions: _col4 (type: tinyint)
                         sort order: +
                         Map-reduce partition columns: _col4 (type: tinyint)
+                        Statistics: Num rows: 1 Data size: 1066360 Basic stats: COMPLETE Column stats: NONE
                         value expressions: _col0 (type: smallint), _col1 (type: int), _col2 (type: bigint), _col3 (type: float)
         Reducer 2 
             Reduce Operator Tree:
@@ -231,6 +232,7 @@ STAGE PLANS:
                     key expressions: _col4 (type: tinyint)
                     sort order: +
                     Map-reduce partition columns: _col4 (type: tinyint)
+                    Statistics: Num rows: 1 Data size: 1066360 Basic stats: COMPLETE Column stats: NONE
                     value expressions: _col0 (type: smallint), _col1 (type: int), _col2 (type: bigint), _col3 (type: float)
         Reducer 3 
             Reduce Operator Tree:
@@ -300,6 +302,7 @@ STAGE PLANS:
                         key expressions: _col4 (type: tinyint), _bucket_number (type: string), _col0 (type: smallint)
                         sort order: +++
                         Map-reduce partition columns: _col4 (type: tinyint)
+                        Statistics: Num rows: 1 Data size: 1066360 Basic stats: COMPLETE Column stats: NONE
                         value expressions: _col1 (type: int), _col2 (type: bigint), _col3 (type: float)
         Reducer 2 
             Reduce Operator Tree:
@@ -368,6 +371,7 @@ STAGE PLANS:
                         key expressions: _col4 (type: tinyint), _bucket_number (type: string), _col3 (type: float)
                         sort order: +++
                         Map-reduce partition columns: _col4 (type: tinyint)
+                        Statistics: Num rows: 1 Data size: 1066360 Basic stats: COMPLETE Column stats: NONE
                         value expressions: _col0 (type: smallint), _col1 (type: int), _col2 (type: bigint)
         Reducer 2 
             Reduce Operator Tree:
@@ -504,6 +508,7 @@ STAGE PLANS:
                         key expressions: _col4 (type: tinyint)
                         sort order: +
                         Map-reduce partition columns: _col4 (type: tinyint)
+                        Statistics: Num rows: 1 Data size: 1066360 Basic stats: COMPLETE Column stats: NONE
                         value expressions: _col0 (type: smallint), _col1 (type: int), _col2 (type: bigint), _col3 (type: float)
         Reducer 2 
             Reduce Operator Tree:
@@ -591,6 +596,7 @@ STAGE PLANS:
                     key expressions: _col4 (type: tinyint)
                     sort order: +
                     Map-reduce partition columns: _col4 (type: tinyint)
+                    Statistics: Num rows: 1 Data size: 1066360 Basic stats: COMPLETE Column stats: NONE
                     value expressions: _col0 (type: smallint), _col1 (type: int), _col2 (type: bigint), _col3 (type: float)
         Reducer 3 
             Reduce Operator Tree:
@@ -660,6 +666,7 @@ STAGE PLANS:
                         key expressions: _col4 (type: tinyint), _bucket_number (type: string), _col0 (type: smallint)
                         sort order: +++
                         Map-reduce partition columns: _col4 (type: tinyint)
+                        Statistics: Num rows: 1 Data size: 1066360 Basic stats: COMPLETE Column stats: NONE
                         value expressions: _col1 (type: int), _col2 (type: bigint), _col3 (type: float)
         Reducer 2 
             Reduce Operator Tree:
@@ -728,6 +735,7 @@ STAGE PLANS:
                         key expressions: _col4 (type: tinyint), _bucket_number (type: string), _col3 (type: float)
                         sort order: +++
                         Map-reduce partition columns: _col4 (type: tinyint)
+                        Statistics: Num rows: 1 Data size: 1066360 Basic stats: COMPLETE Column stats: NONE
                         value expressions: _col0 (type: smallint), _col1 (type: int), _col2 (type: bigint)
         Reducer 2 
             Reduce Operator Tree:
@@ -1319,6 +1327,7 @@ STAGE PLANS:
                         key expressions: _col4 (type: tinyint), _col1 (type: int)
                         sort order: ++
                         Map-reduce partition columns: _col4 (type: tinyint)
+                        Statistics: Num rows: 1 Data size: 1066360 Basic stats: COMPLETE Column stats: NONE
                         value expressions: _col0 (type: smallint), _col2 (type: bigint), _col3 (type: float)
         Reducer 2 
             Reduce Operator Tree:
@@ -1407,6 +1416,7 @@ STAGE PLANS:
                         key expressions: _col4 (type: tinyint)
                         sort order: +
                         Map-reduce partition columns: _col4 (type: tinyint)
+                        Statistics: Num rows: 1 Data size: 1066360 Basic stats: COMPLETE Column stats: NONE
                         value expressions: _col0 (type: smallint), _col1 (type: int), _col2 (type: bigint), _col3 (type: float)
         Reducer 3 
             Reduce Operator Tree:
@@ -2002,6 +2012,7 @@ STAGE PLANS:
                         key expressions: _col4 (type: tinyint), _bucket_number (type: string), _col3 (type: float)
                         sort order: +++
                         Map-reduce partition columns: _col4 (type: tinyint)
+                        Statistics: Num rows: 1 Data size: 1066360 Basic stats: COMPLETE Column stats: NONE
                         value expressions: _col0 (type: smallint), _col1 (type: int), _col2 (type: bigint)
         Reducer 2 
             Reduce Operator Tree:
@@ -2364,6 +2375,7 @@ STAGE PLANS:
                         key expressions: _col3 (type: string), _col4 (type: tinyint), _col5 (type: int)
                         sort order: +++
                         Map-reduce partition columns: _col3 (type: string), _col4 (type: tinyint), _col5 (type: int)
+                        Statistics: Num rows: 1 Data size: 1066360 Basic stats: COMPLETE Column stats: NONE
                         value expressions: _col0 (type: smallint), _col1 (type: bigint), _col2 (type: float)
         Reducer 2 
             Reduce Operator Tree:
@@ -2434,6 +2446,7 @@ STAGE PLANS:
                         key expressions: _col3 (type: string), _col4 (type: tinyint), _col5 (type: int)
                         sort order: +++
                         Map-reduce partition columns: _col3 (type: string), _col4 (type: tinyint), _col5 (type: int)
+                        Statistics: Num rows: 1 Data size: 1066360 Basic stats: COMPLETE Column stats: NONE
                         value expressions: _col0 (type: smallint), _col1 (type: bigint), _col2 (type: float)
         Reducer 2 
             Reduce Operator Tree:
@@ -2504,6 +2517,7 @@ STAGE PLANS:
                         key expressions: _col3 (type: string), _col4 (type: tinyint), _col5 (type: int)
                         sort order: +++
                         Map-reduce partition columns: _col3 (type: string), _col4 (type: tinyint), _col5 (type: int)
+                        Statistics: Num rows: 1 Data size: 1066360 Basic stats: COMPLETE Column stats: NONE
                         value expressions: _col0 (type: smallint), _col1 (type: bigint), _col2 (type: float)
         Reducer 2 
             Reduce Operator Tree:
@@ -2574,6 +2588,7 @@ STAGE PLANS:
                         key expressions: _col3 (type: string), _col4 (type: tinyint), _col5 (type: int)
                         sort order: +++
                         Map-reduce partition columns: _col3 (type: string), _col4 (type: tinyint), _col5 (type: int)
+                        Statistics: Num rows: 1 Data size: 1066360 Basic stats: COMPLETE Column stats: NONE
                         value expressions: _col0 (type: smallint), _col1 (type: bigint), _col2 (type: float)
         Reducer 2 
             Reduce Operator Tree:
@@ -2644,6 +2659,7 @@ STAGE PLANS:
                         key expressions: _col3 (type: string), _col4 (type: tinyint), _col5 (type: int)
                         sort order: +++
                         Map-reduce partition columns: _col3 (type: string), _col4 (type: tinyint), _col5 (type: int)
+                        Statistics: Num rows: 1 Data size: 1066360 Basic stats: COMPLETE Column stats: NONE
                         value expressions: _col0 (type: smallint), _col1 (type: bigint), _col2 (type: float)
         Reducer 2 
             Reduce Operator Tree:
@@ -2714,6 +2730,7 @@ STAGE PLANS:
                         key expressions: _col3 (type: string), _col4 (type: tinyint), _col5 (type: int)
                         sort order: +++
                         Map-reduce partition columns: _col3 (type: string), _col4 (type: tinyint), _col5 (type: int)
+                        Statistics: Num rows: 1 Data size: 1066360 Basic stats: COMPLETE Column stats: NONE
                         value expressions: _col0 (type: smallint), _col1 (type: bigint), _col2 (type: float)
         Reducer 2 
             Reduce Operator Tree:
@@ -3233,6 +3250,7 @@ STAGE PLANS:
                         key expressions: _col4 (type: tinyint)
                         sort order: +
                         Map-reduce partition columns: _col4 (type: tinyint)
+                        Statistics: Num rows: 352 Data size: 8448 Basic stats: COMPLETE Column stats: COMPLETE
                         value expressions: _col0 (type: smallint), _col1 (type: int), _col2 (type: bigint), _col3 (type: float)
         Reducer 2 
             Reduce Operator Tree:
@@ -3320,6 +3338,7 @@ STAGE PLANS:
                     key expressions: _col4 (type: tinyint)
                     sort order: +
                     Map-reduce partition columns: _col4 (type: tinyint)
+                    Statistics: Num rows: 10 Data size: 240 Basic stats: COMPLETE Column stats: COMPLETE
                     value expressions: _col0 (type: smallint), _col1 (type: int), _col2 (type: bigint), _col3 (type: float)
         Reducer 3 
             Reduce Operator Tree:
@@ -3463,6 +3482,7 @@ STAGE PLANS:
                     key expressions: _col4 (type: tinyint)
                     sort order: +
                     Map-reduce partition columns: _col4 (type: tinyint)
+                    Statistics: Num rows: 10 Data size: 240 Basic stats: COMPLETE Column stats: COMPLETE
                     value expressions: _col0 (type: smallint), _col1 (type: int), _col2 (type: bigint), _col3 (type: float)
         Reducer 3 
             Reduce Operator Tree:
@@ -3576,6 +3596,7 @@ STAGE PLANS:
                           key expressions: _col1 (type: string)
                           sort order: +
                           Map-reduce partition columns: _col1 (type: string)
+                          Statistics: Num rows: 524 Data size: 52924 Basic stats: COMPLETE Column stats: COMPLETE
                           value expressions: _col0 (type: int)
         Map 5 
             Map Operator Tree:
@@ -3598,6 +3619,7 @@ STAGE PLANS:
                           key expressions: _col1 (type: string)
                           sort order: +
                           Map-reduce partition columns: _col1 (type: string)
+                          Statistics: Num rows: 524 Data size: 52924 Basic stats: COMPLETE Column stats: COMPLETE
                           value expressions: _col0 (type: int)
         Reducer 2 
             Reduce Operator Tree:
diff --git a/ql/src/test/results/clientpositive/spark/load_dyn_part1.q.out b/ql/src/test/results/clientpositive/spark/load_dyn_part1.q.out
index 3ca922d3c6..3f41471be0 100644
--- a/ql/src/test/results/clientpositive/spark/load_dyn_part1.q.out
+++ b/ql/src/test/results/clientpositive/spark/load_dyn_part1.q.out
@@ -94,6 +94,7 @@ STAGE PLANS:
                         key expressions: _col2 (type: string), _col3 (type: string)
                         sort order: ++
                         Map-reduce partition columns: _col2 (type: string), _col3 (type: string)
+                        Statistics: Num rows: 666 Data size: 7075 Basic stats: COMPLETE Column stats: NONE
                         value expressions: _col0 (type: string), _col1 (type: string)
             Execution mode: vectorized
         Map 5 
@@ -112,6 +113,7 @@ STAGE PLANS:
                         key expressions: _col2 (type: string)
                         sort order: +
                         Map-reduce partition columns: _col2 (type: string)
+                        Statistics: Num rows: 666 Data size: 7075 Basic stats: COMPLETE Column stats: NONE
                         value expressions: _col0 (type: string), _col1 (type: string)
             Execution mode: vectorized
         Reducer 2 
diff --git a/ql/src/test/results/clientpositive/spark/load_dyn_part10.q.out b/ql/src/test/results/clientpositive/spark/load_dyn_part10.q.out
index 5fd3a04f08..aaf1c3c7ed 100644
--- a/ql/src/test/results/clientpositive/spark/load_dyn_part10.q.out
+++ b/ql/src/test/results/clientpositive/spark/load_dyn_part10.q.out
@@ -74,6 +74,7 @@ STAGE PLANS:
                       key expressions: _col2 (type: string)
                       sort order: +
                       Map-reduce partition columns: _col2 (type: string)
+                      Statistics: Num rows: 1000 Data size: 10624 Basic stats: COMPLETE Column stats: NONE
                       value expressions: _col0 (type: string), _col1 (type: string)
             Execution mode: vectorized
         Reducer 2 
diff --git a/ql/src/test/results/clientpositive/spark/load_dyn_part3.q.out b/ql/src/test/results/clientpositive/spark/load_dyn_part3.q.out
index 625d60c9d1..0b38289083 100644
--- a/ql/src/test/results/clientpositive/spark/load_dyn_part3.q.out
+++ b/ql/src/test/results/clientpositive/spark/load_dyn_part3.q.out
@@ -76,6 +76,7 @@ STAGE PLANS:
                       key expressions: _col2 (type: string), _col3 (type: string)
                       sort order: ++
                       Map-reduce partition columns: _col2 (type: string), _col3 (type: string)
+                      Statistics: Num rows: 2000 Data size: 21248 Basic stats: COMPLETE Column stats: NONE
                       value expressions: _col0 (type: string), _col1 (type: string)
             Execution mode: vectorized
         Reducer 2 
diff --git a/ql/src/test/results/clientpositive/spark/load_dyn_part4.q.out b/ql/src/test/results/clientpositive/spark/load_dyn_part4.q.out
index 811becc694..30360c538d 100644
--- a/ql/src/test/results/clientpositive/spark/load_dyn_part4.q.out
+++ b/ql/src/test/results/clientpositive/spark/load_dyn_part4.q.out
@@ -86,6 +86,7 @@ STAGE PLANS:
                       key expressions: _col2 (type: string), _col3 (type: string)
                       sort order: ++
                       Map-reduce partition columns: _col2 (type: string), _col3 (type: string)
+                      Statistics: Num rows: 2000 Data size: 21248 Basic stats: COMPLETE Column stats: NONE
                       value expressions: _col0 (type: string), _col1 (type: string)
             Execution mode: vectorized
         Reducer 2 
diff --git a/ql/src/test/results/clientpositive/spark/load_dyn_part5.q.out b/ql/src/test/results/clientpositive/spark/load_dyn_part5.q.out
index 8e9f813020..6796a23a57 100644
--- a/ql/src/test/results/clientpositive/spark/load_dyn_part5.q.out
+++ b/ql/src/test/results/clientpositive/spark/load_dyn_part5.q.out
@@ -54,6 +54,7 @@ STAGE PLANS:
                       key expressions: _col1 (type: string)
                       sort order: +
                       Map-reduce partition columns: _col1 (type: string)
+                      Statistics: Num rows: 500 Data size: 5312 Basic stats: COMPLETE Column stats: NONE
                       value expressions: _col0 (type: string)
             Execution mode: vectorized
         Reducer 2 
diff --git a/ql/src/test/results/clientpositive/spark/load_dyn_part8.q.out b/ql/src/test/results/clientpositive/spark/load_dyn_part8.q.out
index 54c0e45a50..cb54858cbf 100644
--- a/ql/src/test/results/clientpositive/spark/load_dyn_part8.q.out
+++ b/ql/src/test/results/clientpositive/spark/load_dyn_part8.q.out
@@ -89,6 +89,7 @@ STAGE PLANS:
                         null sort order: aa
                         sort order: ++
                         Map-reduce partition columns: _col2 (type: string), _col3 (type: string)
+                        Statistics: Num rows: 666 Data size: 7075 Basic stats: COMPLETE Column stats: NONE
                         tag: -1
                         value expressions: _col0 (type: string), _col1 (type: string)
                         auto parallelism: false
@@ -316,6 +317,7 @@ STAGE PLANS:
                         null sort order: a
                         sort order: +
                         Map-reduce partition columns: _col2 (type: string)
+                        Statistics: Num rows: 666 Data size: 7075 Basic stats: COMPLETE Column stats: NONE
                         tag: -1
                         value expressions: _col0 (type: string), _col1 (type: string)
                         auto parallelism: false
diff --git a/ql/src/test/results/clientpositive/spark/load_dyn_part9.q.out b/ql/src/test/results/clientpositive/spark/load_dyn_part9.q.out
index b62acc4090..4d619ceaca 100644
--- a/ql/src/test/results/clientpositive/spark/load_dyn_part9.q.out
+++ b/ql/src/test/results/clientpositive/spark/load_dyn_part9.q.out
@@ -74,6 +74,7 @@ STAGE PLANS:
                       key expressions: _col2 (type: string), _col3 (type: string)
                       sort order: ++
                       Map-reduce partition columns: _col2 (type: string), _col3 (type: string)
+                      Statistics: Num rows: 1000 Data size: 10624 Basic stats: COMPLETE Column stats: NONE
                       value expressions: _col0 (type: string), _col1 (type: string)
             Execution mode: vectorized
         Reducer 2 
diff --git a/ql/src/test/results/clientpositive/spark/orc_merge2.q.out b/ql/src/test/results/clientpositive/spark/orc_merge2.q.out
index 6d571b1732..7b4aee1807 100644
--- a/ql/src/test/results/clientpositive/spark/orc_merge2.q.out
+++ b/ql/src/test/results/clientpositive/spark/orc_merge2.q.out
@@ -57,6 +57,7 @@ STAGE PLANS:
                       key expressions: _col2 (type: int), _col3 (type: int)
                       sort order: ++
                       Map-reduce partition columns: _col2 (type: int), _col3 (type: int)
+                      Statistics: Num rows: 500 Data size: 5312 Basic stats: COMPLETE Column stats: NONE
                       value expressions: _col0 (type: int), _col1 (type: string)
         Reducer 2 
             Reduce Operator Tree:
diff --git a/ql/src/test/results/clientpositive/spark/orc_merge7.q.out b/ql/src/test/results/clientpositive/spark/orc_merge7.q.out
index 0c2b8a0209..0ea455705c 100644
--- a/ql/src/test/results/clientpositive/spark/orc_merge7.q.out
+++ b/ql/src/test/results/clientpositive/spark/orc_merge7.q.out
@@ -54,6 +54,7 @@ STAGE PLANS:
                       key expressions: _col5 (type: double)
                       sort order: +
                       Map-reduce partition columns: _col5 (type: double)
+                      Statistics: Num rows: 1 Data size: 22980 Basic stats: COMPLETE Column stats: NONE
                       value expressions: _col0 (type: bigint), _col1 (type: string), _col2 (type: double), _col3 (type: decimal(38,0)), _col4 (type: timestamp)
         Reducer 2 
             Reduce Operator Tree:
@@ -238,6 +239,7 @@ STAGE PLANS:
                       key expressions: _col5 (type: double)
                       sort order: +
                       Map-reduce partition columns: _col5 (type: double)
+                      Statistics: Num rows: 1 Data size: 22980 Basic stats: COMPLETE Column stats: NONE
                       value expressions: _col0 (type: bigint), _col1 (type: string), _col2 (type: double), _col3 (type: decimal(38,0)), _col4 (type: timestamp)
         Reducer 2 
             Reduce Operator Tree:
diff --git a/ql/src/test/results/clientpositive/spark/orc_merge_diff_fs.q.out b/ql/src/test/results/clientpositive/spark/orc_merge_diff_fs.q.out
index 357cbfa285..fb3ade0d5f 100644
--- a/ql/src/test/results/clientpositive/spark/orc_merge_diff_fs.q.out
+++ b/ql/src/test/results/clientpositive/spark/orc_merge_diff_fs.q.out
@@ -78,6 +78,7 @@ STAGE PLANS:
                       key expressions: _col2 (type: int)
                       sort order: +
                       Map-reduce partition columns: _col2 (type: int)
+                      Statistics: Num rows: 500 Data size: 5312 Basic stats: COMPLETE Column stats: NONE
                       value expressions: _col0 (type: int), _col1 (type: string)
         Reducer 2 
             Reduce Operator Tree:
@@ -173,6 +174,7 @@ STAGE PLANS:
                       key expressions: _col2 (type: int)
                       sort order: +
                       Map-reduce partition columns: _col2 (type: int)
+                      Statistics: Num rows: 500 Data size: 5312 Basic stats: COMPLETE Column stats: NONE
                       value expressions: _col0 (type: int), _col1 (type: string)
         Reducer 2 
             Reduce Operator Tree:
@@ -313,6 +315,7 @@ STAGE PLANS:
                       key expressions: _col2 (type: int)
                       sort order: +
                       Map-reduce partition columns: _col2 (type: int)
+                      Statistics: Num rows: 500 Data size: 5312 Basic stats: COMPLETE Column stats: NONE
                       value expressions: _col0 (type: int), _col1 (type: string)
         Reducer 2 
             Reduce Operator Tree:
diff --git a/ql/src/test/results/clientpositive/spark/orc_merge_incompat2.q.out b/ql/src/test/results/clientpositive/spark/orc_merge_incompat2.q.out
index 8da08bf64a..e6caa10c48 100644
--- a/ql/src/test/results/clientpositive/spark/orc_merge_incompat2.q.out
+++ b/ql/src/test/results/clientpositive/spark/orc_merge_incompat2.q.out
@@ -54,6 +54,7 @@ STAGE PLANS:
                       key expressions: _col5 (type: double)
                       sort order: +
                       Map-reduce partition columns: _col5 (type: double)
+                      Statistics: Num rows: 1 Data size: 22980 Basic stats: COMPLETE Column stats: NONE
                       value expressions: _col0 (type: bigint), _col1 (type: string), _col2 (type: double), _col3 (type: decimal(38,0)), _col4 (type: timestamp)
         Reducer 2 
             Reduce Operator Tree:
diff --git a/ql/src/test/results/clientpositive/spark/stats2.q.out b/ql/src/test/results/clientpositive/spark/stats2.q.out
index 5816bf6299..ddc25386f8 100644
--- a/ql/src/test/results/clientpositive/spark/stats2.q.out
+++ b/ql/src/test/results/clientpositive/spark/stats2.q.out
@@ -48,6 +48,7 @@ STAGE PLANS:
                       key expressions: _col2 (type: string), _col3 (type: string)
                       sort order: ++
                       Map-reduce partition columns: _col2 (type: string), _col3 (type: string)
+                      Statistics: Num rows: 2000 Data size: 21248 Basic stats: COMPLETE Column stats: NONE
                       value expressions: _col0 (type: string), _col1 (type: string)
             Execution mode: vectorized
         Reducer 2 
diff --git a/ql/src/test/results/clientpositive/spark/union_remove_17.q.out b/ql/src/test/results/clientpositive/spark/union_remove_17.q.out
index 1249138ed8..6fdee0f20f 100644
--- a/ql/src/test/results/clientpositive/spark/union_remove_17.q.out
+++ b/ql/src/test/results/clientpositive/spark/union_remove_17.q.out
@@ -71,6 +71,7 @@ STAGE PLANS:
                         key expressions: _col2 (type: string)
                         sort order: +
                         Map-reduce partition columns: _col2 (type: string)
+                        Statistics: Num rows: 2 Data size: 600 Basic stats: COMPLETE Column stats: NONE
                         value expressions: _col0 (type: string), _col1 (type: bigint)
             Execution mode: vectorized
         Map 3 
@@ -90,6 +91,7 @@ STAGE PLANS:
                         key expressions: _col2 (type: string)
                         sort order: +
                         Map-reduce partition columns: _col2 (type: string)
+                        Statistics: Num rows: 2 Data size: 600 Basic stats: COMPLETE Column stats: NONE
                         value expressions: _col0 (type: string), _col1 (type: bigint)
             Execution mode: vectorized
         Reducer 2 
diff --git a/ql/src/test/results/clientpositive/spark/union_remove_25.q.out b/ql/src/test/results/clientpositive/spark/union_remove_25.q.out
index 36e2a4a795..9977909bb6 100644
--- a/ql/src/test/results/clientpositive/spark/union_remove_25.q.out
+++ b/ql/src/test/results/clientpositive/spark/union_remove_25.q.out
@@ -470,6 +470,7 @@ STAGE PLANS:
                       key expressions: _col2 (type: string), _col3 (type: string)
                       sort order: ++
                       Map-reduce partition columns: _col2 (type: string), _col3 (type: string)
+                      Statistics: Num rows: 2000 Data size: 21248 Basic stats: COMPLETE Column stats: NONE
                       value expressions: _col0 (type: string), _col1 (type: bigint)
         Reducer 3 
             Execution mode: vectorized
diff --git a/ql/src/test/results/clientpositive/union_remove_17.q.out b/ql/src/test/results/clientpositive/union_remove_17.q.out
index eb6f1fa24f..2153837153 100644
--- a/ql/src/test/results/clientpositive/union_remove_17.q.out
+++ b/ql/src/test/results/clientpositive/union_remove_17.q.out
@@ -68,6 +68,7 @@ STAGE PLANS:
                     key expressions: _col2 (type: string)
                     sort order: +
                     Map-reduce partition columns: _col2 (type: string)
+                    Statistics: Num rows: 2 Data size: 368 Basic stats: COMPLETE Column stats: NONE
                     value expressions: _col0 (type: string), _col1 (type: bigint)
           TableScan
             alias: inputtbl1_n3
@@ -86,6 +87,7 @@ STAGE PLANS:
                     key expressions: _col2 (type: string)
                     sort order: +
                     Map-reduce partition columns: _col2 (type: string)
+                    Statistics: Num rows: 2 Data size: 368 Basic stats: COMPLETE Column stats: NONE
                     value expressions: _col0 (type: string), _col1 (type: bigint)
       Reduce Operator Tree:
         Select Operator
