diff --git a/common/src/java/org/apache/hadoop/hive/conf/HiveConf.java b/common/src/java/org/apache/hadoop/hive/conf/HiveConf.java
index a4533c4a67..63e9aee20f 100644
--- a/common/src/java/org/apache/hadoop/hive/conf/HiveConf.java
+++ b/common/src/java/org/apache/hadoop/hive/conf/HiveConf.java
@@ -1831,7 +1831,8 @@ public static enum ConfVars {
         "the group by in the mapper by using BucketizedHiveInputFormat. The only downside to this\n" +
         "is that it limits the number of mappers to the number of files."),
     HIVE_DEFAULT_NULLS_LAST("hive.default.nulls.last", true,
-        "Whether to set NULLS LAST as the default null ordering"),
+        "Whether to set NULLS LAST as the default null ordering for ASC order and " +
+            "NULLS FIRST for DESC order."),
     HIVE_GROUPBY_POSITION_ALIAS("hive.groupby.position.alias", false,
         "Whether to enable using Column Position Alias in Group By"),
     HIVE_ORDERBY_POSITION_ALIAS("hive.orderby.position.alias", true,
diff --git a/parser/src/java/org/apache/hadoop/hive/ql/parse/HiveParser.g b/parser/src/java/org/apache/hadoop/hive/ql/parse/HiveParser.g
index 0f9caaecc9..bed09498c2 100644
--- a/parser/src/java/org/apache/hadoop/hive/ql/parse/HiveParser.g
+++ b/parser/src/java/org/apache/hadoop/hive/ql/parse/HiveParser.g
@@ -2616,12 +2616,18 @@ columnRefOrder
     // ORDER not present but NULLS ORDER present ex.: ORDER BY col0 NULLS FIRST
     -> {$orderSpec.tree == null}?
             ^(TOK_TABSORTCOLNAMEASC ^($nullSpec expression))
-    // ORDER present but NULLS ORDER not present and default is NULLS LAST ex.: ORDER BY col0 ASC
-    -> {$nullSpec.tree == null && nullsLast()}?
+    // ASC ORDER present but NULLS ORDER not present and default is NULLS LAST ex.: ORDER BY col0 ASC
+    -> {$nullSpec.tree == null && $orderSpec.tree.getType() == HiveParser.TOK_TABSORTCOLNAMEASC && nullsLast()}?
             ^($orderSpec ^(TOK_NULLS_LAST expression))
-    // ORDER present, NULLS ORDER not present and default is NULLS FIRST ex.: ORDER BY col0 ASC
-    -> {$nullSpec.tree == null}?
+    // DESC ORDER present but NULLS ORDER not present and default is NULLS LAST ex.: ORDER BY col0 DESC
+    -> {$nullSpec.tree == null && $orderSpec.tree.getType() == HiveParser.TOK_TABSORTCOLNAMEDESC && nullsLast()}?
             ^($orderSpec ^(TOK_NULLS_FIRST expression))
+    // ASC ORDER present, NULLS ORDER not present and default is NULLS FIRST ex.: ORDER BY col0 ASC
+    -> {$nullSpec.tree == null && $orderSpec.tree.getType() == HiveParser.TOK_TABSORTCOLNAMEASC}?
+            ^($orderSpec ^(TOK_NULLS_FIRST expression))
+    // DESC ORDER present, NULLS ORDER not present and default is NULLS FIRST ex.: ORDER BY col0 DESC
+    -> {$nullSpec.tree == null && $orderSpec.tree.getType() == HiveParser.TOK_TABSORTCOLNAMEDESC}?
+            ^($orderSpec ^(TOK_NULLS_LAST expression))
     // both ORDER and NULLS ORDER present ex.: ORDER BY col0 ASC NULLS LAST
     -> ^($orderSpec ^($nullSpec expression))
     ;
@@ -3234,4 +3240,4 @@ killQueryStatement
 @after { popMsg(state); }
   :
   KW_KILL KW_QUERY ( StringLiteral )+ -> ^(TOK_KILL_QUERY ( StringLiteral )+)
-  ;
\ No newline at end of file
+  ;
diff --git a/ql/src/test/results/clientpositive/llap/constant_prop_3.q.out b/ql/src/test/results/clientpositive/llap/constant_prop_3.q.out
index a8a23dd3ed..aad311e44b 100644
--- a/ql/src/test/results/clientpositive/llap/constant_prop_3.q.out
+++ b/ql/src/test/results/clientpositive/llap/constant_prop_3.q.out
@@ -342,7 +342,7 @@ STAGE PLANS:
                     Statistics: Num rows: 1 Data size: 180 Basic stats: COMPLETE Column stats: COMPLETE
                     Reduce Output Operator
                       key expressions: _col3 (type: bigint), _col0 (type: string), _col1 (type: string), _col2 (type: int)
-                      null sort order: zzzz
+                      null sort order: azzz
                       sort order: -+++
                       Statistics: Num rows: 1 Data size: 180 Basic stats: COMPLETE Column stats: COMPLETE
         Reducer 5 
diff --git a/ql/src/test/results/clientpositive/llap/correlationoptimizer14.q.out b/ql/src/test/results/clientpositive/llap/correlationoptimizer14.q.out
index e8094350ef..97ccaaf779 100644
--- a/ql/src/test/results/clientpositive/llap/correlationoptimizer14.q.out
+++ b/ql/src/test/results/clientpositive/llap/correlationoptimizer14.q.out
@@ -627,7 +627,7 @@ STAGE PLANS:
                       Statistics: Num rows: 500 Data size: 89000 Basic stats: COMPLETE Column stats: COMPLETE
                       Reduce Output Operator
                         key expressions: _col0 (type: string)
-                        null sort order: z
+                        null sort order: a
                         sort order: -
                         Map-reduce partition columns: _col0 (type: string)
                         Statistics: Num rows: 500 Data size: 89000 Basic stats: COMPLETE Column stats: COMPLETE
@@ -649,7 +649,7 @@ STAGE PLANS:
                       Statistics: Num rows: 25 Data size: 4375 Basic stats: COMPLETE Column stats: COMPLETE
                       Reduce Output Operator
                         key expressions: _col0 (type: string)
-                        null sort order: z
+                        null sort order: a
                         sort order: -
                         Map-reduce partition columns: _col0 (type: string)
                         Statistics: Num rows: 25 Data size: 4375 Basic stats: COMPLETE Column stats: COMPLETE
diff --git a/ql/src/test/results/clientpositive/llap/decimal_1_1.q.out b/ql/src/test/results/clientpositive/llap/decimal_1_1.q.out
index 46fbeb7819..8134341376 100644
--- a/ql/src/test/results/clientpositive/llap/decimal_1_1.q.out
+++ b/ql/src/test/results/clientpositive/llap/decimal_1_1.q.out
@@ -64,6 +64,14 @@ POSTHOOK: query: select d from decimal_1_1 order by d desc
 POSTHOOK: type: QUERY
 POSTHOOK: Input: default@decimal_1_1
 #### A masked pattern was here ####
+NULL
+NULL
+NULL
+NULL
+NULL
+NULL
+NULL
+NULL
 0.9
 0.9
 0.3
@@ -86,14 +94,6 @@ POSTHOOK: Input: default@decimal_1_1
 -0.3
 -0.9
 -0.9
-NULL
-NULL
-NULL
-NULL
-NULL
-NULL
-NULL
-NULL
 PREHOOK: query: drop table decimal_1_1
 PREHOOK: type: DROPTABLE
 PREHOOK: Input: default@decimal_1_1
diff --git a/ql/src/test/results/clientpositive/llap/decimal_3.q.out b/ql/src/test/results/clientpositive/llap/decimal_3.q.out
index d2e39571fd..1ea4f9687d 100644
--- a/ql/src/test/results/clientpositive/llap/decimal_3.q.out
+++ b/ql/src/test/results/clientpositive/llap/decimal_3.q.out
@@ -78,6 +78,7 @@ POSTHOOK: query: SELECT * FROM DECIMAL_3 ORDER BY key DESC, value DESC
 POSTHOOK: type: QUERY
 POSTHOOK: Input: default@decimal_3
 #### A masked pattern was here ####
+NULL	0
 1234567890.123456780000000000	1234567890
 200.000000000000000000	200
 125.200000000000000000	125
@@ -115,7 +116,6 @@ POSTHOOK: Input: default@decimal_3
 -1255.490000000000000000	-1255
 -4400.000000000000000000	4400
 -1234567890.123456789000000000	-1234567890
-NULL	0
 PREHOOK: query: SELECT * FROM DECIMAL_3 ORDER BY key, value
 PREHOOK: type: QUERY
 PREHOOK: Input: default@decimal_3
diff --git a/ql/src/test/results/clientpositive/llap/explainuser_1.q.out b/ql/src/test/results/clientpositive/llap/explainuser_1.q.out
index a2f241c470..eaed0bceba 100644
--- a/ql/src/test/results/clientpositive/llap/explainuser_1.q.out
+++ b/ql/src/test/results/clientpositive/llap/explainuser_1.q.out
@@ -5126,21 +5126,21 @@ Stage-0
         Select Operator [SEL_8] (rows=26 width=227)
           Output:["_col0","_col1","_col2","_col3"]
           PTF Operator [PTF_7] (rows=26 width=491)
-            Function definitions:[{},{"name:":"windowingtablefunction","order by:":"_col1 ASC NULLS LAST, _col5 DESC NULLS LAST","partition by:":"_col2"}]
+            Function definitions:[{},{"name:":"windowingtablefunction","order by:":"_col1 ASC NULLS LAST, _col5 DESC NULLS FIRST","partition by:":"_col2"}]
             Select Operator [SEL_6] (rows=26 width=491)
               Output:["_col1","_col2","_col5"]
             <-Reducer 2 [SIMPLE_EDGE] llap
               SHUFFLE [RS_5]
                 PartitionCols:_col2
                 PTF Operator [PTF_4] (rows=26 width=491)
-                  Function definitions:[{},{"Partition table definition":{"name:":"noopwithmap","order by:":"_col1 ASC NULLS LAST, _col5 DESC NULLS LAST","partition by:":"_col2"}}]
+                  Function definitions:[{},{"Partition table definition":{"name:":"noopwithmap","order by:":"_col1 ASC NULLS LAST, _col5 DESC NULLS FIRST","partition by:":"_col2"}}]
                   Select Operator [SEL_3] (rows=26 width=491)
                     Output:["_col1","_col2","_col5"]
                   <-Map 1 [SIMPLE_EDGE] llap
                     SHUFFLE [RS_2]
                       PartitionCols:p_mfgr
                       PTF Operator [PTF_1] (rows=26 width=223)
-                        Function definitions:[{},{"Partition table definition":{"name:":"noopwithmap","order by:":"p_name ASC NULLS LAST, p_size DESC NULLS LAST","partition by:":"p_mfgr"}}]
+                        Function definitions:[{},{"Partition table definition":{"name:":"noopwithmap","order by:":"p_name ASC NULLS LAST, p_size DESC NULLS FIRST","partition by:":"p_mfgr"}}]
                         TableScan [TS_0] (rows=26 width=223)
                           default@part,part,Tbl:COMPLETE,Col:COMPLETE,Output:["p_name","p_mfgr","p_size"]
 
@@ -5299,16 +5299,16 @@ Stage-0
               SHUFFLE [RS_8]
                 PartitionCols:_col2
                 PTF Operator [PTF_7] (rows=26 width=499)
-                  Function definitions:[{},{"Partition table definition":{"name:":"noopwithmap","order by:":"_col2 DESC NULLS LAST, _col1 ASC NULLS LAST","partition by:":"_col2"}},{"Partition table definition":{"name:":"noop","order by:":"_col2 DESC NULLS LAST, _col1 ASC NULLS LAST","partition by:":"_col2"}}]
+                  Function definitions:[{},{"Partition table definition":{"name:":"noopwithmap","order by:":"_col2 DESC NULLS FIRST, _col1 ASC NULLS LAST","partition by:":"_col2"}},{"Partition table definition":{"name:":"noop","order by:":"_col2 DESC NULLS FIRST, _col1 ASC NULLS LAST","partition by:":"_col2"}}]
                   Select Operator [SEL_6] (rows=26 width=499)
                     Output:["_col1","_col2","_col5","_col7"]
                   <-Reducer 2 [SIMPLE_EDGE] llap
                     SHUFFLE [RS_5]
                       PartitionCols:_col2
                       PTF Operator [PTF_4] (rows=26 width=499)
-                        Function definitions:[{},{"Partition table definition":{"name:":"noopwithmap","order by:":"_col2 DESC NULLS LAST, _col1 ASC NULLS LAST","partition by:":"_col2"}},{"Partition table definition":{"name:":"noop","order by:":"_col2 DESC NULLS LAST, _col1 ASC NULLS LAST","partition by:":"_col2"}}]
+                        Function definitions:[{},{"Partition table definition":{"name:":"noopwithmap","order by:":"_col2 DESC NULLS FIRST, _col1 ASC NULLS LAST","partition by:":"_col2"}},{"Partition table definition":{"name:":"noop","order by:":"_col2 DESC NULLS FIRST, _col1 ASC NULLS LAST","partition by:":"_col2"}}]
                         PTF Operator [PTF_3] (rows=26 width=499)
-                          Function definitions:[{},{"Partition table definition":{"name:":"noop","order by:":"_col2 DESC NULLS LAST, _col1 ASC NULLS LAST","partition by:":"_col2"}}]
+                          Function definitions:[{},{"Partition table definition":{"name:":"noop","order by:":"_col2 DESC NULLS FIRST, _col1 ASC NULLS LAST","partition by:":"_col2"}}]
                           Select Operator [SEL_2] (rows=26 width=499)
                             Output:["_col1","_col2","_col5","_col7"]
                           <-Map 1 [SIMPLE_EDGE] llap
diff --git a/ql/src/test/results/clientpositive/llap/gen_udf_example_add10.q.out b/ql/src/test/results/clientpositive/llap/gen_udf_example_add10.q.out
index cb7ea6d5c9..5d6f42dfa5 100644
--- a/ql/src/test/results/clientpositive/llap/gen_udf_example_add10.q.out
+++ b/ql/src/test/results/clientpositive/llap/gen_udf_example_add10.q.out
@@ -48,7 +48,7 @@ STAGE PLANS:
                   Top N Key Operator
                     sort order: -+
                     keys: add10(x) (type: int), add10(y) (type: double)
-                    null sort order: zz
+                    null sort order: az
                     Statistics: Num rows: 1 Data size: 12 Basic stats: COMPLETE Column stats: NONE
                     top n: 10
                     Select Operator
@@ -57,7 +57,7 @@ STAGE PLANS:
                       Statistics: Num rows: 1 Data size: 12 Basic stats: COMPLETE Column stats: NONE
                       Reduce Output Operator
                         key expressions: _col0 (type: int), _col1 (type: double)
-                        null sort order: zz
+                        null sort order: az
                         sort order: -+
                         Statistics: Num rows: 1 Data size: 12 Basic stats: COMPLETE Column stats: NONE
                         TopN Hash Memory Usage: 0.1
diff --git a/ql/src/test/results/clientpositive/llap/groupby_grouping_sets_grouping.q.out b/ql/src/test/results/clientpositive/llap/groupby_grouping_sets_grouping.q.out
index 8851bf85c1..032982b83a 100644
--- a/ql/src/test/results/clientpositive/llap/groupby_grouping_sets_grouping.q.out
+++ b/ql/src/test/results/clientpositive/llap/groupby_grouping_sets_grouping.q.out
@@ -386,7 +386,7 @@ STAGE PLANS:
                     Statistics: Num rows: 2 Data size: 16 Basic stats: COMPLETE Column stats: NONE
                     Reduce Output Operator
                       key expressions: _col2 (type: bigint), _col3 (type: int)
-                      null sort order: zz
+                      null sort order: az
                       sort order: -+
                       Statistics: Num rows: 2 Data size: 16 Basic stats: COMPLETE Column stats: NONE
                       value expressions: _col0 (type: int), _col1 (type: int)
@@ -806,7 +806,7 @@ STAGE PLANS:
                   Statistics: Num rows: 2 Data size: 16 Basic stats: COMPLETE Column stats: NONE
                   Reduce Output Operator
                     key expressions: _col2 (type: bigint), CASE WHEN ((_col2 = 1L)) THEN (_col0) END (type: int)
-                    null sort order: zz
+                    null sort order: az
                     sort order: -+
                     Statistics: Num rows: 2 Data size: 16 Basic stats: COMPLETE Column stats: NONE
                     value expressions: _col0 (type: int), _col1 (type: int)
diff --git a/ql/src/test/results/clientpositive/llap/groupby_position.q.out b/ql/src/test/results/clientpositive/llap/groupby_position.q.out
index 8213d0c310..bf7cb86cb2 100644
--- a/ql/src/test/results/clientpositive/llap/groupby_position.q.out
+++ b/ql/src/test/results/clientpositive/llap/groupby_position.q.out
@@ -647,7 +647,7 @@ STAGE PLANS:
                 Statistics: Num rows: 83 Data size: 7885 Basic stats: COMPLETE Column stats: COMPLETE
                 Reduce Output Operator
                   key expressions: _col1 (type: bigint), _col0 (type: string)
-                  null sort order: zz
+                  null sort order: az
                   sort order: -+
                   Statistics: Num rows: 83 Data size: 7885 Basic stats: COMPLETE Column stats: COMPLETE
         Reducer 3 
@@ -824,7 +824,7 @@ STAGE PLANS:
                 Statistics: Num rows: 13 Data size: 4628 Basic stats: COMPLETE Column stats: COMPLETE
                 Reduce Output Operator
                   key expressions: _col0 (type: string), _col1 (type: string), _col2 (type: string), _col3 (type: string)
-                  null sort order: zzzz
+                  null sort order: aazz
                   sort order: --++
                   Statistics: Num rows: 13 Data size: 4628 Basic stats: COMPLETE Column stats: COMPLETE
         Reducer 4 
diff --git a/ql/src/test/results/clientpositive/llap/hypothetical_set_aggregates.q.out b/ql/src/test/results/clientpositive/llap/hypothetical_set_aggregates.q.out
index 65fee28227..28477fc8c9 100644
--- a/ql/src/test/results/clientpositive/llap/hypothetical_set_aggregates.q.out
+++ b/ql/src/test/results/clientpositive/llap/hypothetical_set_aggregates.q.out
@@ -151,7 +151,7 @@ from t_test
 POSTHOOK: type: QUERY
 POSTHOOK: Input: default@t_test
 #### A masked pattern was here ####
-6	2	17	13	17
+6	2	13	13	17
 PREHOOK: query: select
 rank(1, 3) WITHIN GROUP (ORDER BY col1, col2),
 rank(2, 3) WITHIN GROUP (ORDER BY col1, col2),
diff --git a/ql/src/test/results/clientpositive/llap/insert1_overwrite_partitions.q.out b/ql/src/test/results/clientpositive/llap/insert1_overwrite_partitions.q.out
index eb45ca050a..87d371d0a7 100644
--- a/ql/src/test/results/clientpositive/llap/insert1_overwrite_partitions.q.out
+++ b/ql/src/test/results/clientpositive/llap/insert1_overwrite_partitions.q.out
@@ -68,7 +68,7 @@ STAGE PLANS:
                   Top N Key Operator
                     sort order: --
                     keys: one (type: string), two (type: string)
-                    null sort order: zz
+                    null sort order: aa
                     Statistics: Num rows: 99 Data size: 31648 Basic stats: PARTIAL Column stats: NONE
                     top n: 5
                     Select Operator
@@ -77,7 +77,7 @@ STAGE PLANS:
                       Statistics: Num rows: 99 Data size: 31648 Basic stats: PARTIAL Column stats: NONE
                       Reduce Output Operator
                         key expressions: _col0 (type: string), _col1 (type: string)
-                        null sort order: zz
+                        null sort order: aa
                         sort order: --
                         Statistics: Num rows: 99 Data size: 31648 Basic stats: PARTIAL Column stats: NONE
                         TopN Hash Memory Usage: 0.1
@@ -273,7 +273,7 @@ STAGE PLANS:
                   Top N Key Operator
                     sort order: --
                     keys: one (type: string), two (type: string)
-                    null sort order: zz
+                    null sort order: aa
                     Statistics: Num rows: 99 Data size: 31648 Basic stats: PARTIAL Column stats: NONE
                     top n: 5
                     Select Operator
@@ -282,7 +282,7 @@ STAGE PLANS:
                       Statistics: Num rows: 99 Data size: 31648 Basic stats: PARTIAL Column stats: NONE
                       Reduce Output Operator
                         key expressions: _col0 (type: string), _col1 (type: string)
-                        null sort order: zz
+                        null sort order: aa
                         sort order: --
                         Statistics: Num rows: 99 Data size: 31648 Basic stats: PARTIAL Column stats: NONE
                         TopN Hash Memory Usage: 0.1
@@ -451,7 +451,7 @@ STAGE PLANS:
                   Top N Key Operator
                     sort order: --
                     keys: one (type: string), two (type: string)
-                    null sort order: zz
+                    null sort order: aa
                     Statistics: Num rows: 99 Data size: 31648 Basic stats: PARTIAL Column stats: NONE
                     top n: 5
                     Select Operator
@@ -460,7 +460,7 @@ STAGE PLANS:
                       Statistics: Num rows: 99 Data size: 31648 Basic stats: PARTIAL Column stats: NONE
                       Reduce Output Operator
                         key expressions: _col0 (type: string), _col1 (type: string)
-                        null sort order: zz
+                        null sort order: aa
                         sort order: --
                         Statistics: Num rows: 99 Data size: 31648 Basic stats: PARTIAL Column stats: NONE
                         TopN Hash Memory Usage: 0.1
diff --git a/ql/src/test/results/clientpositive/llap/insert2_overwrite_partitions.q.out b/ql/src/test/results/clientpositive/llap/insert2_overwrite_partitions.q.out
index 92f8cc32f0..d57b1afb49 100644
--- a/ql/src/test/results/clientpositive/llap/insert2_overwrite_partitions.q.out
+++ b/ql/src/test/results/clientpositive/llap/insert2_overwrite_partitions.q.out
@@ -79,7 +79,7 @@ STAGE PLANS:
                   Top N Key Operator
                     sort order: --
                     keys: one (type: string), two (type: string)
-                    null sort order: zz
+                    null sort order: aa
                     Statistics: Num rows: 124 Data size: 40480 Basic stats: PARTIAL Column stats: NONE
                     top n: 5
                     Select Operator
@@ -88,7 +88,7 @@ STAGE PLANS:
                       Statistics: Num rows: 124 Data size: 40480 Basic stats: PARTIAL Column stats: NONE
                       Reduce Output Operator
                         key expressions: _col0 (type: string), _col1 (type: string)
-                        null sort order: zz
+                        null sort order: aa
                         sort order: --
                         Statistics: Num rows: 124 Data size: 40480 Basic stats: PARTIAL Column stats: NONE
                         TopN Hash Memory Usage: 0.1
@@ -239,7 +239,7 @@ STAGE PLANS:
                   Top N Key Operator
                     sort order: --
                     keys: one (type: string), two (type: string)
-                    null sort order: zz
+                    null sort order: aa
                     Statistics: Num rows: 124 Data size: 40480 Basic stats: PARTIAL Column stats: NONE
                     top n: 5
                     Select Operator
@@ -248,7 +248,7 @@ STAGE PLANS:
                       Statistics: Num rows: 124 Data size: 40480 Basic stats: PARTIAL Column stats: NONE
                       Reduce Output Operator
                         key expressions: _col0 (type: string), _col1 (type: string)
-                        null sort order: zz
+                        null sort order: aa
                         sort order: --
                         Statistics: Num rows: 124 Data size: 40480 Basic stats: PARTIAL Column stats: NONE
                         TopN Hash Memory Usage: 0.1
diff --git a/ql/src/test/results/clientpositive/llap/join46.q.out b/ql/src/test/results/clientpositive/llap/join46.q.out
index baaa2a61c1..10bca484ab 100644
--- a/ql/src/test/results/clientpositive/llap/join46.q.out
+++ b/ql/src/test/results/clientpositive/llap/join46.q.out
@@ -2519,7 +2519,7 @@ POSTHOOK: Input: default@table1
 CBO PLAN:
 HiveProject(r=[$0])
   HiveJoin(condition=[=($0, $1)], joinType=[left], algorithm=[none], cost=[not available])
-    HiveProject(_o__col11=[RANK() OVER (PARTITION BY 0 ORDER BY $1 DESC NULLS LAST ROWS BETWEEN UNBOUNDED PRECEDING AND UNBOUNDED FOLLOWING)])
+    HiveProject(_o__col11=[RANK() OVER (PARTITION BY 0 ORDER BY $1 DESC NULLS FIRST ROWS BETWEEN UNBOUNDED PRECEDING AND UNBOUNDED FOLLOWING)])
       HiveJoin(condition=[=($0, $2)], joinType=[inner], algorithm=[none], cost=[not available])
         HiveProject(a=[$0], b=[$1])
           HiveFilter(condition=[IS NOT NULL($0)])
diff --git a/ql/src/test/results/clientpositive/llap/limit_pushdown.q.out b/ql/src/test/results/clientpositive/llap/limit_pushdown.q.out
index 50d66ac8a7..ee62aa9dd7 100644
--- a/ql/src/test/results/clientpositive/llap/limit_pushdown.q.out
+++ b/ql/src/test/results/clientpositive/llap/limit_pushdown.q.out
@@ -126,7 +126,7 @@ STAGE PLANS:
                   Top N Key Operator
                     sort order: -
                     keys: key (type: string)
-                    null sort order: z
+                    null sort order: a
                     Statistics: Num rows: 500 Data size: 89000 Basic stats: COMPLETE Column stats: COMPLETE
                     top n: 20
                     Select Operator
@@ -135,7 +135,7 @@ STAGE PLANS:
                       Statistics: Num rows: 500 Data size: 89000 Basic stats: COMPLETE Column stats: COMPLETE
                       Reduce Output Operator
                         key expressions: _col0 (type: string)
-                        null sort order: z
+                        null sort order: a
                         sort order: -
                         Statistics: Num rows: 500 Data size: 89000 Basic stats: COMPLETE Column stats: COMPLETE
                         TopN Hash Memory Usage: 0.3
diff --git a/ql/src/test/results/clientpositive/llap/limit_pushdown2.q.out b/ql/src/test/results/clientpositive/llap/limit_pushdown2.q.out
index f1636bdc5d..2f8d8a3c57 100644
--- a/ql/src/test/results/clientpositive/llap/limit_pushdown2.q.out
+++ b/ql/src/test/results/clientpositive/llap/limit_pushdown2.q.out
@@ -152,7 +152,7 @@ STAGE PLANS:
                   Top N Key Operator
                     sort order: +-
                     keys: key (type: string), value (type: string)
-                    null sort order: zz
+                    null sort order: za
                     Statistics: Num rows: 500 Data size: 89000 Basic stats: COMPLETE Column stats: COMPLETE
                     top n: 20
                     Select Operator
@@ -168,7 +168,7 @@ STAGE PLANS:
                         Statistics: Num rows: 250 Data size: 48500 Basic stats: COMPLETE Column stats: COMPLETE
                         Reduce Output Operator
                           key expressions: _col0 (type: string), _col1 (type: string)
-                          null sort order: zz
+                          null sort order: za
                           sort order: +-
                           Map-reduce partition columns: _col0 (type: string), _col1 (type: string)
                           Statistics: Num rows: 250 Data size: 48500 Basic stats: COMPLETE Column stats: COMPLETE
@@ -272,7 +272,7 @@ STAGE PLANS:
                   Top N Key Operator
                     sort order: -+
                     keys: key (type: string), value (type: string)
-                    null sort order: zz
+                    null sort order: az
                     Statistics: Num rows: 500 Data size: 89000 Basic stats: COMPLETE Column stats: COMPLETE
                     top n: 20
                     Select Operator
@@ -288,7 +288,7 @@ STAGE PLANS:
                         Statistics: Num rows: 250 Data size: 48500 Basic stats: COMPLETE Column stats: COMPLETE
                         Reduce Output Operator
                           key expressions: _col0 (type: string), _col1 (type: string)
-                          null sort order: zz
+                          null sort order: az
                           sort order: -+
                           Map-reduce partition columns: _col0 (type: string), _col1 (type: string)
                           Statistics: Num rows: 250 Data size: 48500 Basic stats: COMPLETE Column stats: COMPLETE
@@ -512,7 +512,7 @@ STAGE PLANS:
                   Top N Key Operator
                     sort order: -+
                     keys: key (type: string), value (type: string)
-                    null sort order: zz
+                    null sort order: az
                     Statistics: Num rows: 500 Data size: 89000 Basic stats: COMPLETE Column stats: COMPLETE
                     top n: 20
                     Select Operator
@@ -528,7 +528,7 @@ STAGE PLANS:
                         Statistics: Num rows: 250 Data size: 48500 Basic stats: COMPLETE Column stats: COMPLETE
                         Reduce Output Operator
                           key expressions: _col0 (type: string), _col1 (type: string)
-                          null sort order: zz
+                          null sort order: az
                           sort order: -+
                           Map-reduce partition columns: _col0 (type: string), _col1 (type: string)
                           Statistics: Num rows: 250 Data size: 48500 Basic stats: COMPLETE Column stats: COMPLETE
@@ -632,7 +632,7 @@ STAGE PLANS:
                   Top N Key Operator
                     sort order: -+
                     keys: key (type: string), value (type: string)
-                    null sort order: zz
+                    null sort order: az
                     Statistics: Num rows: 500 Data size: 89000 Basic stats: COMPLETE Column stats: COMPLETE
                     top n: 20
                     Select Operator
@@ -648,7 +648,7 @@ STAGE PLANS:
                         Statistics: Num rows: 250 Data size: 48500 Basic stats: COMPLETE Column stats: COMPLETE
                         Reduce Output Operator
                           key expressions: _col0 (type: string), _col1 (type: string)
-                          null sort order: zz
+                          null sort order: az
                           sort order: -+
                           Map-reduce partition columns: _col0 (type: string), _col1 (type: string)
                           Statistics: Num rows: 250 Data size: 48500 Basic stats: COMPLETE Column stats: COMPLETE
@@ -889,7 +889,7 @@ STAGE PLANS:
                   Top N Key Operator
                     sort order: -+
                     keys: key (type: string), value (type: string)
-                    null sort order: zz
+                    null sort order: az
                     Statistics: Num rows: 500 Data size: 89000 Basic stats: COMPLETE Column stats: COMPLETE
                     top n: 20
                     Select Operator
@@ -905,7 +905,7 @@ STAGE PLANS:
                         Statistics: Num rows: 250 Data size: 46500 Basic stats: COMPLETE Column stats: COMPLETE
                         Reduce Output Operator
                           key expressions: _col0 (type: string), _col1 (type: string)
-                          null sort order: zz
+                          null sort order: az
                           sort order: -+
                           Map-reduce partition columns: _col0 (type: string), _col1 (type: string)
                           Statistics: Num rows: 250 Data size: 46500 Basic stats: COMPLETE Column stats: COMPLETE
@@ -925,12 +925,12 @@ STAGE PLANS:
                 Top N Key Operator
                   sort order: -++
                   keys: _col0 (type: string), _col1 (type: string), _col2 (type: bigint)
-                  null sort order: zzz
+                  null sort order: azz
                   Statistics: Num rows: 250 Data size: 46500 Basic stats: COMPLETE Column stats: COMPLETE
                   top n: 20
                   Reduce Output Operator
                     key expressions: _col0 (type: string), _col1 (type: string), _col2 (type: bigint)
-                    null sort order: zzz
+                    null sort order: azz
                     sort order: -++
                     Statistics: Num rows: 250 Data size: 46500 Basic stats: COMPLETE Column stats: COMPLETE
                     TopN Hash Memory Usage: 0.3
@@ -1054,7 +1054,7 @@ STAGE PLANS:
                 Top N Key Operator
                   sort order: +-
                   keys: (_col1 / _col2) (type: double), _col0 (type: string)
-                  null sort order: zz
+                  null sort order: za
                   Statistics: Num rows: 250 Data size: 26750 Basic stats: COMPLETE Column stats: COMPLETE
                   top n: 20
                   Select Operator
@@ -1063,7 +1063,7 @@ STAGE PLANS:
                     Statistics: Num rows: 250 Data size: 24750 Basic stats: COMPLETE Column stats: COMPLETE
                     Reduce Output Operator
                       key expressions: _col1 (type: double), _col0 (type: string)
-                      null sort order: zz
+                      null sort order: za
                       sort order: +-
                       Statistics: Num rows: 250 Data size: 24750 Basic stats: COMPLETE Column stats: COMPLETE
                       TopN Hash Memory Usage: 0.3
diff --git a/ql/src/test/results/clientpositive/llap/limit_pushdown3.q.out b/ql/src/test/results/clientpositive/llap/limit_pushdown3.q.out
index 48d75cd7d5..878bbe1b10 100644
--- a/ql/src/test/results/clientpositive/llap/limit_pushdown3.q.out
+++ b/ql/src/test/results/clientpositive/llap/limit_pushdown3.q.out
@@ -126,7 +126,7 @@ STAGE PLANS:
                   Top N Key Operator
                     sort order: -
                     keys: key (type: string)
-                    null sort order: z
+                    null sort order: a
                     Statistics: Num rows: 500 Data size: 89000 Basic stats: COMPLETE Column stats: COMPLETE
                     top n: 20
                     Select Operator
@@ -135,7 +135,7 @@ STAGE PLANS:
                       Statistics: Num rows: 500 Data size: 89000 Basic stats: COMPLETE Column stats: COMPLETE
                       Reduce Output Operator
                         key expressions: _col0 (type: string)
-                        null sort order: z
+                        null sort order: a
                         sort order: -
                         Statistics: Num rows: 500 Data size: 89000 Basic stats: COMPLETE Column stats: COMPLETE
                         TopN Hash Memory Usage: 0.3
diff --git a/ql/src/test/results/clientpositive/llap/lineage3.q.out b/ql/src/test/results/clientpositive/llap/lineage3.q.out
index c87d7c0c92..c00acb99ec 100644
--- a/ql/src/test/results/clientpositive/llap/lineage3.q.out
+++ b/ql/src/test/results/clientpositive/llap/lineage3.q.out
@@ -92,7 +92,7 @@ order by a.ctinyint, a.cint
 PREHOOK: type: QUERY
 PREHOOK: Input: default@alltypesorc
 #### A masked pattern was here ####
-{"version":"1.0","engine":"tez","database":"default","hash":"5e30ab16eecf1f308b78f727a59292c7","queryText":"select a.ctinyint, a.cint, count(a.cdouble)\n  over(partition by a.ctinyint order by a.cint desc\n    rows between 1 preceding and 1 following)\nfrom alltypesorc a inner join alltypesorc b on a.cint = b.cbigint\norder by a.ctinyint, a.cint","edges":[{"sources":[3],"targets":[0],"edgeType":"PROJECTION"},{"sources":[4],"targets":[1],"edgeType":"PROJECTION"},{"sources":[3,4,5,6],"targets":[2],"expression":"(tok_function count (. (tok_table_or_col $hdt$_0) cdouble) (tok_windowspec (tok_partitioningspec (tok_distributeby (. (tok_table_or_col $hdt$_0) ctinyint)) (tok_orderby (tok_tabsortcolnamedesc (tok_nulls_last (. (tok_table_or_col $hdt$_0) cint))))) (tok_windowrange (preceding 1) (following 1))))","edgeType":"PROJECTION"},{"sources":[4],"targets":[0,1,2],"expression":"UDFToLong(a.cint) is not null","edgeType":"PREDICATE"},{"sources":[4,6],"targets":[0,1,2],"expression":"(UDFToLong(a.cint) = b.cbigint)","edgeType":"PREDICATE"},{"sources":[6],"targets":[0,1,2],"expression":"b.cbigint is not null","edgeType":"PREDICATE"}],"vertices":[{"id":0,"vertexType":"COLUMN","vertexId":"a.ctinyint"},{"id":1,"vertexType":"COLUMN","vertexId":"a.cint"},{"id":2,"vertexType":"COLUMN","vertexId":"count_window_0"},{"id":3,"vertexType":"COLUMN","vertexId":"default.alltypesorc.ctinyint"},{"id":4,"vertexType":"COLUMN","vertexId":"default.alltypesorc.cint"},{"id":5,"vertexType":"COLUMN","vertexId":"default.alltypesorc.cdouble"},{"id":6,"vertexType":"COLUMN","vertexId":"default.alltypesorc.cbigint"}]}
+{"version":"1.0","engine":"tez","database":"default","hash":"5e30ab16eecf1f308b78f727a59292c7","queryText":"select a.ctinyint, a.cint, count(a.cdouble)\n  over(partition by a.ctinyint order by a.cint desc\n    rows between 1 preceding and 1 following)\nfrom alltypesorc a inner join alltypesorc b on a.cint = b.cbigint\norder by a.ctinyint, a.cint","edges":[{"sources":[3],"targets":[0],"edgeType":"PROJECTION"},{"sources":[4],"targets":[1],"edgeType":"PROJECTION"},{"sources":[3,4,5,6],"targets":[2],"expression":"(tok_function count (. (tok_table_or_col $hdt$_0) cdouble) (tok_windowspec (tok_partitioningspec (tok_distributeby (. (tok_table_or_col $hdt$_0) ctinyint)) (tok_orderby (tok_tabsortcolnamedesc (tok_nulls_first (. (tok_table_or_col $hdt$_0) cint))))) (tok_windowrange (preceding 1) (following 1))))","edgeType":"PROJECTION"},{"sources":[4],"targets":[0,1,2],"expression":"UDFToLong(a.cint) is not null","edgeType":"PREDICATE"},{"sources":[4,6],"targets":[0,1,2],"expression":"(UDFToLong(a.cint) = b.cbigint)","edgeType":"PREDICATE"},{"sources":[6],"targets":[0,1,2],"expression":"b.cbigint is not null","edgeType":"PREDICATE"}],"vertices":[{"id":0,"vertexType":"COLUMN","vertexId":"a.ctinyint"},{"id":1,"vertexType":"COLUMN","vertexId":"a.cint"},{"id":2,"vertexType":"COLUMN","vertexId":"count_window_0"},{"id":3,"vertexType":"COLUMN","vertexId":"default.alltypesorc.ctinyint"},{"id":4,"vertexType":"COLUMN","vertexId":"default.alltypesorc.cint"},{"id":5,"vertexType":"COLUMN","vertexId":"default.alltypesorc.cdouble"},{"id":6,"vertexType":"COLUMN","vertexId":"default.alltypesorc.cbigint"}]}
 PREHOOK: query: with v2 as
   (select cdouble, count(cint) over() a,
     sum(cint + cbigint) over(partition by cboolean1) b
diff --git a/ql/src/test/results/clientpositive/llap/mapreduce4.q.out b/ql/src/test/results/clientpositive/llap/mapreduce4.q.out
index 0be056302e..53c2e2bcf3 100644
--- a/ql/src/test/results/clientpositive/llap/mapreduce4.q.out
+++ b/ql/src/test/results/clientpositive/llap/mapreduce4.q.out
@@ -59,7 +59,7 @@ STAGE PLANS:
                       Statistics: Num rows: 500 Data size: 93000 Basic stats: COMPLETE Column stats: COMPLETE
                       Reduce Output Operator
                         key expressions: _col1 (type: string), _col2 (type: string)
-                        null sort order: zz
+                        null sort order: az
                         sort order: -+
                         Map-reduce partition columns: _col3 (type: string), _col0 (type: string)
                         Statistics: Num rows: 500 Data size: 93000 Basic stats: COMPLETE Column stats: COMPLETE
diff --git a/ql/src/test/results/clientpositive/llap/mapreduce5.q.out b/ql/src/test/results/clientpositive/llap/mapreduce5.q.out
index 5e76869204..39f391fdd3 100644
--- a/ql/src/test/results/clientpositive/llap/mapreduce5.q.out
+++ b/ql/src/test/results/clientpositive/llap/mapreduce5.q.out
@@ -50,7 +50,7 @@ STAGE PLANS:
                     Statistics: Num rows: 500 Data size: 93000 Basic stats: COMPLETE Column stats: COMPLETE
                     Reduce Output Operator
                       key expressions: _col1 (type: int), _col2 (type: int)
-                      null sort order: zz
+                      null sort order: az
                       sort order: -+
                       Map-reduce partition columns: _col3 (type: string), _col0 (type: string)
                       Statistics: Num rows: 500 Data size: 93000 Basic stats: COMPLETE Column stats: COMPLETE
diff --git a/ql/src/test/results/clientpositive/llap/mapreduce6.q.out b/ql/src/test/results/clientpositive/llap/mapreduce6.q.out
index 38e384fc1f..05eb9d4368 100644
--- a/ql/src/test/results/clientpositive/llap/mapreduce6.q.out
+++ b/ql/src/test/results/clientpositive/llap/mapreduce6.q.out
@@ -50,7 +50,7 @@ STAGE PLANS:
                     Statistics: Num rows: 500 Data size: 93000 Basic stats: COMPLETE Column stats: COMPLETE
                     Reduce Output Operator
                       key expressions: _col1 (type: int), _col2 (type: int)
-                      null sort order: zz
+                      null sort order: az
                       sort order: -+
                       Map-reduce partition columns: _col3 (type: string), _col0 (type: string)
                       Statistics: Num rows: 500 Data size: 93000 Basic stats: COMPLETE Column stats: COMPLETE
diff --git a/ql/src/test/results/clientpositive/llap/materialized_view_rewrite_ssb.q.out b/ql/src/test/results/clientpositive/llap/materialized_view_rewrite_ssb.q.out
index 0b996dc78d..16a98ffc62 100644
--- a/ql/src/test/results/clientpositive/llap/materialized_view_rewrite_ssb.q.out
+++ b/ql/src/test/results/clientpositive/llap/materialized_view_rewrite_ssb.q.out
@@ -1355,7 +1355,7 @@ STAGE PLANS:
                   Statistics: Num rows: 1 Data size: 180 Basic stats: COMPLETE Column stats: COMPLETE
                   Reduce Output Operator
                     key expressions: _col2 (type: int), _col3 (type: double)
-                    null sort order: zz
+                    null sort order: za
                     sort order: +-
                     Statistics: Num rows: 1 Data size: 180 Basic stats: COMPLETE Column stats: COMPLETE
                     value expressions: _col0 (type: string), _col1 (type: string)
@@ -1483,7 +1483,7 @@ STAGE PLANS:
                   Statistics: Num rows: 1 Data size: 180 Basic stats: COMPLETE Column stats: COMPLETE
                   Reduce Output Operator
                     key expressions: _col2 (type: int), _col3 (type: double)
-                    null sort order: zz
+                    null sort order: za
                     sort order: +-
                     Statistics: Num rows: 1 Data size: 180 Basic stats: COMPLETE Column stats: COMPLETE
                     value expressions: _col0 (type: string), _col1 (type: string)
@@ -1607,7 +1607,7 @@ STAGE PLANS:
                   Statistics: Num rows: 1 Data size: 180 Basic stats: COMPLETE Column stats: COMPLETE
                   Reduce Output Operator
                     key expressions: _col2 (type: int), _col3 (type: double)
-                    null sort order: zz
+                    null sort order: za
                     sort order: +-
                     Statistics: Num rows: 1 Data size: 180 Basic stats: COMPLETE Column stats: COMPLETE
                     value expressions: _col0 (type: string), _col1 (type: string)
@@ -1735,7 +1735,7 @@ STAGE PLANS:
                   Statistics: Num rows: 1 Data size: 180 Basic stats: COMPLETE Column stats: COMPLETE
                   Reduce Output Operator
                     key expressions: _col2 (type: int), _col3 (type: double)
-                    null sort order: zz
+                    null sort order: za
                     sort order: +-
                     Statistics: Num rows: 1 Data size: 180 Basic stats: COMPLETE Column stats: COMPLETE
                     value expressions: _col0 (type: string), _col1 (type: string)
diff --git a/ql/src/test/results/clientpositive/llap/materialized_view_rewrite_ssb_2.q.out b/ql/src/test/results/clientpositive/llap/materialized_view_rewrite_ssb_2.q.out
index e6f126091e..fc84498ba9 100644
--- a/ql/src/test/results/clientpositive/llap/materialized_view_rewrite_ssb_2.q.out
+++ b/ql/src/test/results/clientpositive/llap/materialized_view_rewrite_ssb_2.q.out
@@ -1357,7 +1357,7 @@ STAGE PLANS:
                   Statistics: Num rows: 1 Data size: 180 Basic stats: COMPLETE Column stats: COMPLETE
                   Reduce Output Operator
                     key expressions: _col2 (type: int), _col3 (type: double)
-                    null sort order: zz
+                    null sort order: za
                     sort order: +-
                     Statistics: Num rows: 1 Data size: 180 Basic stats: COMPLETE Column stats: COMPLETE
                     value expressions: _col0 (type: string), _col1 (type: string)
@@ -1485,7 +1485,7 @@ STAGE PLANS:
                   Statistics: Num rows: 1 Data size: 180 Basic stats: COMPLETE Column stats: COMPLETE
                   Reduce Output Operator
                     key expressions: _col2 (type: int), _col3 (type: double)
-                    null sort order: zz
+                    null sort order: za
                     sort order: +-
                     Statistics: Num rows: 1 Data size: 180 Basic stats: COMPLETE Column stats: COMPLETE
                     value expressions: _col0 (type: string), _col1 (type: string)
@@ -1613,7 +1613,7 @@ STAGE PLANS:
                   Statistics: Num rows: 1 Data size: 180 Basic stats: COMPLETE Column stats: COMPLETE
                   Reduce Output Operator
                     key expressions: _col2 (type: int), _col3 (type: double)
-                    null sort order: zz
+                    null sort order: za
                     sort order: +-
                     Statistics: Num rows: 1 Data size: 180 Basic stats: COMPLETE Column stats: COMPLETE
                     value expressions: _col0 (type: string), _col1 (type: string)
@@ -1741,7 +1741,7 @@ STAGE PLANS:
                   Statistics: Num rows: 1 Data size: 180 Basic stats: COMPLETE Column stats: COMPLETE
                   Reduce Output Operator
                     key expressions: _col2 (type: int), _col3 (type: double)
-                    null sort order: zz
+                    null sort order: za
                     sort order: +-
                     Statistics: Num rows: 1 Data size: 180 Basic stats: COMPLETE Column stats: COMPLETE
                     value expressions: _col0 (type: string), _col1 (type: string)
diff --git a/ql/src/test/results/clientpositive/llap/offset_limit_ppd_optimizer.q.out b/ql/src/test/results/clientpositive/llap/offset_limit_ppd_optimizer.q.out
index 267deefe5a..353edfed9f 100644
--- a/ql/src/test/results/clientpositive/llap/offset_limit_ppd_optimizer.q.out
+++ b/ql/src/test/results/clientpositive/llap/offset_limit_ppd_optimizer.q.out
@@ -127,7 +127,7 @@ STAGE PLANS:
                   Top N Key Operator
                     sort order: -
                     keys: key (type: string)
-                    null sort order: z
+                    null sort order: a
                     Statistics: Num rows: 500 Data size: 89000 Basic stats: COMPLETE Column stats: COMPLETE
                     top n: 30
                     Select Operator
@@ -136,7 +136,7 @@ STAGE PLANS:
                       Statistics: Num rows: 500 Data size: 89000 Basic stats: COMPLETE Column stats: COMPLETE
                       Reduce Output Operator
                         key expressions: _col0 (type: string)
-                        null sort order: z
+                        null sort order: a
                         sort order: -
                         Statistics: Num rows: 500 Data size: 89000 Basic stats: COMPLETE Column stats: COMPLETE
                         TopN Hash Memory Usage: 0.3
diff --git a/ql/src/test/results/clientpositive/llap/orc_predicate_pushdown.q.out b/ql/src/test/results/clientpositive/llap/orc_predicate_pushdown.q.out
index 7bfe64c875..77355dfb9a 100644
--- a/ql/src/test/results/clientpositive/llap/orc_predicate_pushdown.q.out
+++ b/ql/src/test/results/clientpositive/llap/orc_predicate_pushdown.q.out
@@ -839,7 +839,7 @@ STAGE PLANS:
                     Top N Key Operator
                       sort order: -
                       keys: s (type: string)
-                      null sort order: z
+                      null sort order: a
                       Statistics: Num rows: 25 Data size: 2825 Basic stats: COMPLETE Column stats: COMPLETE
                       top n: 3
                       Select Operator
@@ -848,7 +848,7 @@ STAGE PLANS:
                         Statistics: Num rows: 25 Data size: 2825 Basic stats: COMPLETE Column stats: COMPLETE
                         Reduce Output Operator
                           key expressions: _col3 (type: string)
-                          null sort order: z
+                          null sort order: a
                           sort order: -
                           Statistics: Num rows: 25 Data size: 2825 Basic stats: COMPLETE Column stats: COMPLETE
                           TopN Hash Memory Usage: 0.1
@@ -929,7 +929,7 @@ STAGE PLANS:
                     Top N Key Operator
                       sort order: -
                       keys: s (type: string)
-                      null sort order: z
+                      null sort order: a
                       Statistics: Num rows: 25 Data size: 2825 Basic stats: COMPLETE Column stats: COMPLETE
                       top n: 3
                       Select Operator
@@ -938,7 +938,7 @@ STAGE PLANS:
                         Statistics: Num rows: 25 Data size: 2825 Basic stats: COMPLETE Column stats: COMPLETE
                         Reduce Output Operator
                           key expressions: _col3 (type: string)
-                          null sort order: z
+                          null sort order: a
                           sort order: -
                           Statistics: Num rows: 25 Data size: 2825 Basic stats: COMPLETE Column stats: COMPLETE
                           TopN Hash Memory Usage: 0.1
@@ -1085,7 +1085,7 @@ STAGE PLANS:
                     Top N Key Operator
                       sort order: -
                       keys: s (type: string)
-                      null sort order: z
+                      null sort order: a
                       Statistics: Num rows: 44 Data size: 4972 Basic stats: COMPLETE Column stats: COMPLETE
                       top n: 3
                       Select Operator
@@ -1094,7 +1094,7 @@ STAGE PLANS:
                         Statistics: Num rows: 44 Data size: 4972 Basic stats: COMPLETE Column stats: COMPLETE
                         Reduce Output Operator
                           key expressions: _col3 (type: string)
-                          null sort order: z
+                          null sort order: a
                           sort order: -
                           Statistics: Num rows: 44 Data size: 4972 Basic stats: COMPLETE Column stats: COMPLETE
                           TopN Hash Memory Usage: 0.1
@@ -1114,12 +1114,12 @@ STAGE PLANS:
                   Top N Key Operator
                     sort order: -
                     keys: _col3 (type: string)
-                    null sort order: z
+                    null sort order: a
                     Statistics: Num rows: 3 Data size: 339 Basic stats: COMPLETE Column stats: COMPLETE
                     top n: 3
                     Reduce Output Operator
                       key expressions: _col3 (type: string)
-                      null sort order: z
+                      null sort order: a
                       sort order: -
                       Statistics: Num rows: 3 Data size: 339 Basic stats: COMPLETE Column stats: COMPLETE
                       TopN Hash Memory Usage: 0.1
@@ -1203,7 +1203,7 @@ STAGE PLANS:
                     Top N Key Operator
                       sort order: -
                       keys: s (type: string)
-                      null sort order: z
+                      null sort order: a
                       Statistics: Num rows: 44 Data size: 4972 Basic stats: COMPLETE Column stats: COMPLETE
                       top n: 3
                       Select Operator
@@ -1212,7 +1212,7 @@ STAGE PLANS:
                         Statistics: Num rows: 44 Data size: 4972 Basic stats: COMPLETE Column stats: COMPLETE
                         Reduce Output Operator
                           key expressions: _col3 (type: string)
-                          null sort order: z
+                          null sort order: a
                           sort order: -
                           Statistics: Num rows: 44 Data size: 4972 Basic stats: COMPLETE Column stats: COMPLETE
                           TopN Hash Memory Usage: 0.1
@@ -1232,12 +1232,12 @@ STAGE PLANS:
                   Top N Key Operator
                     sort order: -
                     keys: _col3 (type: string)
-                    null sort order: z
+                    null sort order: a
                     Statistics: Num rows: 3 Data size: 339 Basic stats: COMPLETE Column stats: COMPLETE
                     top n: 3
                     Reduce Output Operator
                       key expressions: _col3 (type: string)
-                      null sort order: z
+                      null sort order: a
                       sort order: -
                       Statistics: Num rows: 3 Data size: 339 Basic stats: COMPLETE Column stats: COMPLETE
                       TopN Hash Memory Usage: 0.1
diff --git a/ql/src/test/results/clientpositive/llap/order.q.out b/ql/src/test/results/clientpositive/llap/order.q.out
index dc65671238..6df39efd99 100644
--- a/ql/src/test/results/clientpositive/llap/order.q.out
+++ b/ql/src/test/results/clientpositive/llap/order.q.out
@@ -116,7 +116,7 @@ STAGE PLANS:
                   Top N Key Operator
                     sort order: -
                     keys: key (type: string)
-                    null sort order: z
+                    null sort order: a
                     Statistics: Num rows: 500 Data size: 89000 Basic stats: COMPLETE Column stats: COMPLETE
                     top n: 10
                     Select Operator
@@ -125,7 +125,7 @@ STAGE PLANS:
                       Statistics: Num rows: 500 Data size: 89000 Basic stats: COMPLETE Column stats: COMPLETE
                       Reduce Output Operator
                         key expressions: _col0 (type: string)
-                        null sort order: z
+                        null sort order: a
                         sort order: -
                         Statistics: Num rows: 500 Data size: 89000 Basic stats: COMPLETE Column stats: COMPLETE
                         TopN Hash Memory Usage: 0.1
diff --git a/ql/src/test/results/clientpositive/llap/order_null.q.out b/ql/src/test/results/clientpositive/llap/order_null.q.out
index 1dac6e42c9..854c2e2d7a 100644
--- a/ql/src/test/results/clientpositive/llap/order_null.q.out
+++ b/ql/src/test/results/clientpositive/llap/order_null.q.out
@@ -88,12 +88,12 @@ POSTHOOK: query: SELECT x.* FROM src_null_n1 x ORDER BY a desc
 POSTHOOK: type: QUERY
 POSTHOOK: Input: default@src_null_n1
 #### A masked pattern was here ####
+NULL	NULL
 3	NULL
 2	NULL
 2	A
 2	B
 1	A
-NULL	NULL
 PREHOOK: query: SELECT x.* FROM src_null_n1 x ORDER BY b asc, a asc nulls last
 PREHOOK: type: QUERY
 PREHOOK: Input: default@src_null_n1
@@ -116,12 +116,12 @@ POSTHOOK: query: SELECT x.* FROM src_null_n1 x ORDER BY b desc, a asc
 POSTHOOK: type: QUERY
 POSTHOOK: Input: default@src_null_n1
 #### A masked pattern was here ####
-2	B
-1	A
-2	A
 2	NULL
 3	NULL
 NULL	NULL
+2	B
+1	A
+2	A
 PREHOOK: query: SELECT x.* FROM src_null_n1 x ORDER BY a asc nulls first
 PREHOOK: type: QUERY
 PREHOOK: Input: default@src_null_n1
@@ -187,9 +187,9 @@ POSTHOOK: type: QUERY
 POSTHOOK: Input: default@src_null_n1
 #### A masked pattern was here ####
 1	A
+2	NULL
 2	B
 2	A
-2	NULL
 3	NULL
 NULL	NULL
 PREHOOK: query: SELECT x.* FROM src_null_n1 x ORDER BY b desc nulls last, a desc nulls last
diff --git a/ql/src/test/results/clientpositive/llap/parquet_predicate_pushdown.q.out b/ql/src/test/results/clientpositive/llap/parquet_predicate_pushdown.q.out
index 83da3258e3..68c971047c 100644
--- a/ql/src/test/results/clientpositive/llap/parquet_predicate_pushdown.q.out
+++ b/ql/src/test/results/clientpositive/llap/parquet_predicate_pushdown.q.out
@@ -773,7 +773,7 @@ STAGE PLANS:
                     Top N Key Operator
                       sort order: -
                       keys: s (type: string)
-                      null sort order: z
+                      null sort order: a
                       Statistics: Num rows: 25 Data size: 2825 Basic stats: COMPLETE Column stats: COMPLETE
                       top n: 3
                       Select Operator
@@ -782,7 +782,7 @@ STAGE PLANS:
                         Statistics: Num rows: 25 Data size: 2825 Basic stats: COMPLETE Column stats: COMPLETE
                         Reduce Output Operator
                           key expressions: _col3 (type: string)
-                          null sort order: z
+                          null sort order: a
                           sort order: -
                           Statistics: Num rows: 25 Data size: 2825 Basic stats: COMPLETE Column stats: COMPLETE
                           TopN Hash Memory Usage: 0.1
@@ -863,7 +863,7 @@ STAGE PLANS:
                     Top N Key Operator
                       sort order: -
                       keys: s (type: string)
-                      null sort order: z
+                      null sort order: a
                       Statistics: Num rows: 25 Data size: 2825 Basic stats: COMPLETE Column stats: COMPLETE
                       top n: 3
                       Select Operator
@@ -872,7 +872,7 @@ STAGE PLANS:
                         Statistics: Num rows: 25 Data size: 2825 Basic stats: COMPLETE Column stats: COMPLETE
                         Reduce Output Operator
                           key expressions: _col3 (type: string)
-                          null sort order: z
+                          null sort order: a
                           sort order: -
                           Statistics: Num rows: 25 Data size: 2825 Basic stats: COMPLETE Column stats: COMPLETE
                           TopN Hash Memory Usage: 0.1
@@ -1064,7 +1064,7 @@ STAGE PLANS:
                     Top N Key Operator
                       sort order: -
                       keys: s (type: string)
-                      null sort order: z
+                      null sort order: a
                       Statistics: Num rows: 44 Data size: 4972 Basic stats: COMPLETE Column stats: COMPLETE
                       top n: 3
                       Select Operator
@@ -1073,7 +1073,7 @@ STAGE PLANS:
                         Statistics: Num rows: 44 Data size: 4972 Basic stats: COMPLETE Column stats: COMPLETE
                         Reduce Output Operator
                           key expressions: _col3 (type: string)
-                          null sort order: z
+                          null sort order: a
                           sort order: -
                           Statistics: Num rows: 44 Data size: 4972 Basic stats: COMPLETE Column stats: COMPLETE
                           TopN Hash Memory Usage: 0.1
@@ -1093,12 +1093,12 @@ STAGE PLANS:
                   Top N Key Operator
                     sort order: -
                     keys: _col3 (type: string)
-                    null sort order: z
+                    null sort order: a
                     Statistics: Num rows: 3 Data size: 339 Basic stats: COMPLETE Column stats: COMPLETE
                     top n: 3
                     Reduce Output Operator
                       key expressions: _col3 (type: string)
-                      null sort order: z
+                      null sort order: a
                       sort order: -
                       Statistics: Num rows: 3 Data size: 339 Basic stats: COMPLETE Column stats: COMPLETE
                       TopN Hash Memory Usage: 0.1
@@ -1182,7 +1182,7 @@ STAGE PLANS:
                     Top N Key Operator
                       sort order: -
                       keys: s (type: string)
-                      null sort order: z
+                      null sort order: a
                       Statistics: Num rows: 44 Data size: 4972 Basic stats: COMPLETE Column stats: COMPLETE
                       top n: 3
                       Select Operator
@@ -1191,7 +1191,7 @@ STAGE PLANS:
                         Statistics: Num rows: 44 Data size: 4972 Basic stats: COMPLETE Column stats: COMPLETE
                         Reduce Output Operator
                           key expressions: _col3 (type: string)
-                          null sort order: z
+                          null sort order: a
                           sort order: -
                           Statistics: Num rows: 44 Data size: 4972 Basic stats: COMPLETE Column stats: COMPLETE
                           TopN Hash Memory Usage: 0.1
@@ -1211,12 +1211,12 @@ STAGE PLANS:
                   Top N Key Operator
                     sort order: -
                     keys: _col3 (type: string)
-                    null sort order: z
+                    null sort order: a
                     Statistics: Num rows: 3 Data size: 339 Basic stats: COMPLETE Column stats: COMPLETE
                     top n: 3
                     Reduce Output Operator
                       key expressions: _col3 (type: string)
-                      null sort order: z
+                      null sort order: a
                       sort order: -
                       Statistics: Num rows: 3 Data size: 339 Basic stats: COMPLETE Column stats: COMPLETE
                       TopN Hash Memory Usage: 0.1
@@ -1312,7 +1312,7 @@ STAGE PLANS:
                     Top N Key Operator
                       sort order: -
                       keys: f (type: float)
-                      null sort order: z
+                      null sort order: a
                       Statistics: Num rows: 911 Data size: 14576 Basic stats: COMPLETE Column stats: COMPLETE
                       top n: 3
                       Select Operator
@@ -1321,7 +1321,7 @@ STAGE PLANS:
                         Statistics: Num rows: 911 Data size: 14576 Basic stats: COMPLETE Column stats: COMPLETE
                         Reduce Output Operator
                           key expressions: _col0 (type: float)
-                          null sort order: z
+                          null sort order: a
                           sort order: -
                           Statistics: Num rows: 911 Data size: 14576 Basic stats: COMPLETE Column stats: COMPLETE
                           TopN Hash Memory Usage: 0.1
@@ -1341,12 +1341,12 @@ STAGE PLANS:
                   Top N Key Operator
                     sort order: -
                     keys: _col0 (type: float)
-                    null sort order: z
+                    null sort order: a
                     Statistics: Num rows: 3 Data size: 48 Basic stats: COMPLETE Column stats: COMPLETE
                     top n: 3
                     Reduce Output Operator
                       key expressions: _col0 (type: float)
-                      null sort order: z
+                      null sort order: a
                       sort order: -
                       Statistics: Num rows: 3 Data size: 48 Basic stats: COMPLETE Column stats: COMPLETE
                       TopN Hash Memory Usage: 0.1
diff --git a/ql/src/test/results/clientpositive/llap/ptf.q.out b/ql/src/test/results/clientpositive/llap/ptf.q.out
index c0816a46bb..a3590178aa 100644
--- a/ql/src/test/results/clientpositive/llap/ptf.q.out
+++ b/ql/src/test/results/clientpositive/llap/ptf.q.out
@@ -1457,7 +1457,7 @@ STAGE PLANS:
                         Partition table definition
                           input alias: ptf_1
                           name: noopwithmap
-                          order by: p_name ASC NULLS LAST, p_size DESC NULLS LAST
+                          order by: p_name ASC NULLS LAST, p_size DESC NULLS FIRST
                           output shape: p_name: string, p_mfgr: string, p_size: int
                           partition by: p_mfgr
                           raw input shape:
@@ -1466,7 +1466,7 @@ STAGE PLANS:
                     Map-side function: true
                     Reduce Output Operator
                       key expressions: p_mfgr (type: string), p_name (type: string), p_size (type: int)
-                      null sort order: azz
+                      null sort order: aza
                       sort order: ++-
                       Map-reduce partition columns: p_mfgr (type: string)
                       Statistics: Num rows: 26 Data size: 5798 Basic stats: COMPLETE Column stats: COMPLETE
@@ -1488,7 +1488,7 @@ STAGE PLANS:
                       Partition table definition
                         input alias: ptf_1
                         name: noopwithmap
-                        order by: _col1 ASC NULLS LAST, _col5 DESC NULLS LAST
+                        order by: _col1 ASC NULLS LAST, _col5 DESC NULLS FIRST
                         output shape: _col1: string, _col2: string, _col5: int
                         partition by: _col2
                         raw input shape:
@@ -1496,7 +1496,7 @@ STAGE PLANS:
                   Statistics: Num rows: 26 Data size: 12766 Basic stats: COMPLETE Column stats: COMPLETE
                   Reduce Output Operator
                     key expressions: _col2 (type: string), _col1 (type: string), _col5 (type: int)
-                    null sort order: azz
+                    null sort order: aza
                     sort order: ++-
                     Map-reduce partition columns: _col2 (type: string)
                     Statistics: Num rows: 26 Data size: 12766 Basic stats: COMPLETE Column stats: COMPLETE
@@ -1516,7 +1516,7 @@ STAGE PLANS:
                       Windowing table definition
                         input alias: ptf_1
                         name: windowingtablefunction
-                        order by: _col1 ASC NULLS LAST, _col5 DESC NULLS LAST
+                        order by: _col1 ASC NULLS LAST, _col5 DESC NULLS FIRST
                         partition by: _col2
                         raw input shape:
                         window functions:
@@ -2014,7 +2014,7 @@ STAGE PLANS:
                   Statistics: Num rows: 26 Data size: 6006 Basic stats: COMPLETE Column stats: COMPLETE
                   Reduce Output Operator
                     key expressions: p_mfgr (type: string), p_name (type: string)
-                    null sort order: zz
+                    null sort order: az
                     sort order: -+
                     Map-reduce partition columns: p_mfgr (type: string)
                     Statistics: Num rows: 26 Data size: 6006 Basic stats: COMPLETE Column stats: COMPLETE
@@ -2037,7 +2037,7 @@ STAGE PLANS:
                       Partition table definition
                         input alias: ptf_1
                         name: noop
-                        order by: _col2 DESC NULLS LAST, _col1 ASC NULLS LAST
+                        order by: _col2 DESC NULLS FIRST, _col1 ASC NULLS LAST
                         output shape: _col1: string, _col2: string, _col5: int, _col7: double
                         partition by: _col2
                         raw input shape:
@@ -2051,7 +2051,7 @@ STAGE PLANS:
                         Partition table definition
                           input alias: ptf_1
                           name: noopwithmap
-                          order by: _col2 DESC NULLS LAST, _col1 ASC NULLS LAST
+                          order by: _col2 DESC NULLS FIRST, _col1 ASC NULLS LAST
                           output shape: _col1: string, _col2: string, _col5: int, _col7: double
                           partition by: _col2
                           raw input shape:
@@ -2059,7 +2059,7 @@ STAGE PLANS:
                         Partition table definition
                           input alias: ptf_2
                           name: noop
-                          order by: _col2 DESC NULLS LAST, _col1 ASC NULLS LAST
+                          order by: _col2 DESC NULLS FIRST, _col1 ASC NULLS LAST
                           output shape: _col1: string, _col2: string, _col5: int, _col7: double
                           partition by: _col2
                           raw input shape:
@@ -2067,7 +2067,7 @@ STAGE PLANS:
                     Map-side function: true
                     Reduce Output Operator
                       key expressions: _col2 (type: string), _col1 (type: string)
-                      null sort order: zz
+                      null sort order: az
                       sort order: -+
                       Map-reduce partition columns: _col2 (type: string)
                       Statistics: Num rows: 26 Data size: 12974 Basic stats: COMPLETE Column stats: COMPLETE
@@ -2088,7 +2088,7 @@ STAGE PLANS:
                       Partition table definition
                         input alias: ptf_1
                         name: noopwithmap
-                        order by: _col2 DESC NULLS LAST, _col1 ASC NULLS LAST
+                        order by: _col2 DESC NULLS FIRST, _col1 ASC NULLS LAST
                         output shape: _col1: string, _col2: string, _col5: int, _col7: double
                         partition by: _col2
                         raw input shape:
@@ -2096,7 +2096,7 @@ STAGE PLANS:
                       Partition table definition
                         input alias: ptf_2
                         name: noop
-                        order by: _col2 DESC NULLS LAST, _col1 ASC NULLS LAST
+                        order by: _col2 DESC NULLS FIRST, _col1 ASC NULLS LAST
                         output shape: _col1: string, _col2: string, _col5: int, _col7: double
                         partition by: _col2
                         raw input shape:
diff --git a/ql/src/test/results/clientpositive/llap/ptf_streaming.q.out b/ql/src/test/results/clientpositive/llap/ptf_streaming.q.out
index c478771378..06ac598b58 100644
--- a/ql/src/test/results/clientpositive/llap/ptf_streaming.q.out
+++ b/ql/src/test/results/clientpositive/llap/ptf_streaming.q.out
@@ -594,7 +594,7 @@ STAGE PLANS:
                         Partition table definition
                           input alias: ptf_1
                           name: noopwithmapstreaming
-                          order by: p_name ASC NULLS LAST, p_size DESC NULLS LAST
+                          order by: p_name ASC NULLS LAST, p_size DESC NULLS FIRST
                           output shape: p_name: string, p_mfgr: string, p_size: int
                           partition by: p_mfgr
                           raw input shape:
@@ -603,7 +603,7 @@ STAGE PLANS:
                     Map-side function: true
                     Reduce Output Operator
                       key expressions: p_mfgr (type: string), p_name (type: string), p_size (type: int)
-                      null sort order: azz
+                      null sort order: aza
                       sort order: ++-
                       Map-reduce partition columns: p_mfgr (type: string)
                       Statistics: Num rows: 26 Data size: 5798 Basic stats: COMPLETE Column stats: COMPLETE
@@ -625,7 +625,7 @@ STAGE PLANS:
                       Partition table definition
                         input alias: ptf_1
                         name: noopwithmapstreaming
-                        order by: _col1 ASC NULLS LAST, _col5 DESC NULLS LAST
+                        order by: _col1 ASC NULLS LAST, _col5 DESC NULLS FIRST
                         output shape: _col1: string, _col2: string, _col5: int
                         partition by: _col2
                         raw input shape:
@@ -633,7 +633,7 @@ STAGE PLANS:
                   Statistics: Num rows: 26 Data size: 12766 Basic stats: COMPLETE Column stats: COMPLETE
                   Reduce Output Operator
                     key expressions: _col2 (type: string), _col1 (type: string), _col5 (type: int)
-                    null sort order: azz
+                    null sort order: aza
                     sort order: ++-
                     Map-reduce partition columns: _col2 (type: string)
                     Statistics: Num rows: 26 Data size: 12766 Basic stats: COMPLETE Column stats: COMPLETE
@@ -653,7 +653,7 @@ STAGE PLANS:
                       Windowing table definition
                         input alias: ptf_1
                         name: windowingtablefunction
-                        order by: _col1 ASC NULLS LAST, _col5 DESC NULLS LAST
+                        order by: _col1 ASC NULLS LAST, _col5 DESC NULLS FIRST
                         partition by: _col2
                         raw input shape:
                         window functions:
diff --git a/ql/src/test/results/clientpositive/llap/reduce_deduplicate_extended2.q.out b/ql/src/test/results/clientpositive/llap/reduce_deduplicate_extended2.q.out
index 9f41262fa4..b8d49c07fe 100644
--- a/ql/src/test/results/clientpositive/llap/reduce_deduplicate_extended2.q.out
+++ b/ql/src/test/results/clientpositive/llap/reduce_deduplicate_extended2.q.out
@@ -630,7 +630,7 @@ STAGE PLANS:
                 Statistics: Num rows: 62500 Data size: 11125000 Basic stats: COMPLETE Column stats: COMPLETE
                 Reduce Output Operator
                   key expressions: _col0 (type: string), _col1 (type: string)
-                  null sort order: zz
+                  null sort order: az
                   sort order: -+
                   Statistics: Num rows: 62500 Data size: 11125000 Basic stats: COMPLETE Column stats: COMPLETE
         Reducer 4 
@@ -869,7 +869,7 @@ STAGE PLANS:
                   Statistics: Num rows: 125 Data size: 22250 Basic stats: COMPLETE Column stats: COMPLETE
                   Reduce Output Operator
                     key expressions: _col1 (type: string), _col0 (type: string)
-                    null sort order: zz
+                    null sort order: aa
                     sort order: --
                     Statistics: Num rows: 250 Data size: 44500 Basic stats: COMPLETE Column stats: COMPLETE
         Reducer 6 
@@ -941,7 +941,7 @@ STAGE PLANS:
                   Statistics: Num rows: 125 Data size: 22250 Basic stats: COMPLETE Column stats: COMPLETE
                   Reduce Output Operator
                     key expressions: _col1 (type: string), _col0 (type: string)
-                    null sort order: zz
+                    null sort order: aa
                     sort order: --
                     Statistics: Num rows: 250 Data size: 44500 Basic stats: COMPLETE Column stats: COMPLETE
         Union 5 
diff --git a/ql/src/test/results/clientpositive/llap/semijoin2.q.out b/ql/src/test/results/clientpositive/llap/semijoin2.q.out
index ea3388a04c..94020e0767 100644
--- a/ql/src/test/results/clientpositive/llap/semijoin2.q.out
+++ b/ql/src/test/results/clientpositive/llap/semijoin2.q.out
@@ -170,7 +170,7 @@ STAGE PLANS:
                 Statistics: Num rows: 1 Data size: 212 Basic stats: COMPLETE Column stats: NONE
                 Reduce Output Operator
                   key expressions: (_col98 + _col16) (type: int), floor(_col21) (type: bigint)
-                  null sort order: zz
+                  null sort order: za
                   sort order: +-
                   Map-reduce partition columns: (_col98 + _col16) (type: int)
                   Statistics: Num rows: 1 Data size: 212 Basic stats: COMPLETE Column stats: NONE
@@ -191,7 +191,7 @@ STAGE PLANS:
                       Windowing table definition
                         input alias: ptf_1
                         name: windowingtablefunction
-                        order by: (_col98 + _col16) ASC NULLS LAST, floor(_col21) DESC NULLS LAST
+                        order by: (_col98 + _col16) ASC NULLS LAST, floor(_col21) DESC NULLS FIRST
                         partition by: (_col98 + _col16)
                         raw input shape:
                         window functions:
@@ -209,7 +209,7 @@ STAGE PLANS:
                     Statistics: Num rows: 1 Data size: 212 Basic stats: COMPLETE Column stats: NONE
                     Reduce Output Operator
                       key expressions: (_col98 + _col16) (type: int), floor(_col21) (type: bigint)
-                      null sort order: zz
+                      null sort order: aa
                       sort order: --
                       Map-reduce partition columns: (_col98 + _col16) (type: int)
                       Statistics: Num rows: 1 Data size: 212 Basic stats: COMPLETE Column stats: NONE
@@ -230,7 +230,7 @@ STAGE PLANS:
                       Windowing table definition
                         input alias: ptf_1
                         name: windowingtablefunction
-                        order by: (_col99 + _col17) DESC NULLS LAST, floor(_col22) DESC NULLS LAST
+                        order by: (_col99 + _col17) DESC NULLS FIRST, floor(_col22) DESC NULLS FIRST
                         partition by: (_col99 + _col17)
                         raw input shape:
                         window functions:
diff --git a/ql/src/test/results/clientpositive/llap/semijoin5.q.out b/ql/src/test/results/clientpositive/llap/semijoin5.q.out
index 2530769af8..72184e3d64 100644
--- a/ql/src/test/results/clientpositive/llap/semijoin5.q.out
+++ b/ql/src/test/results/clientpositive/llap/semijoin5.q.out
@@ -185,7 +185,7 @@ STAGE PLANS:
                 Statistics: Num rows: 1 Data size: 212 Basic stats: COMPLETE Column stats: NONE
                 Reduce Output Operator
                   key expressions: (_col7 + UDFToInteger(_col5)) (type: int), floor(_col3) (type: bigint)
-                  null sort order: zz
+                  null sort order: aa
                   sort order: --
                   Map-reduce partition columns: (_col7 + UDFToInteger(_col5)) (type: int)
                   Statistics: Num rows: 1 Data size: 212 Basic stats: COMPLETE Column stats: NONE
@@ -206,7 +206,7 @@ STAGE PLANS:
                       Windowing table definition
                         input alias: ptf_1
                         name: windowingtablefunction
-                        order by: (_col7 + UDFToInteger(_col5)) DESC NULLS LAST, floor(_col3) DESC NULLS LAST
+                        order by: (_col7 + UDFToInteger(_col5)) DESC NULLS FIRST, floor(_col3) DESC NULLS FIRST
                         partition by: (_col7 + UDFToInteger(_col5))
                         raw input shape:
                         window functions:
diff --git a/ql/src/test/results/clientpositive/llap/semijoin_reddedup.q.out b/ql/src/test/results/clientpositive/llap/semijoin_reddedup.q.out
index 1c64bd6d0e..bfd8f8e328 100644
--- a/ql/src/test/results/clientpositive/llap/semijoin_reddedup.q.out
+++ b/ql/src/test/results/clientpositive/llap/semijoin_reddedup.q.out
@@ -432,7 +432,7 @@ STAGE PLANS:
                 Top N Key Operator
                   sort order: -++++
                   keys: _col2 (type: double), _col3 (type: string), _col0 (type: bigint), _col4 (type: bigint), _col5 (type: string)
-                  null sort order: zzzzz
+                  null sort order: azzzz
                   Statistics: Num rows: 6269989391 Data size: 95303838902 Basic stats: COMPLETE Column stats: NONE
                   top n: 100
                   Group By Operator
@@ -444,7 +444,7 @@ STAGE PLANS:
                     Statistics: Num rows: 6269989391 Data size: 95303838902 Basic stats: COMPLETE Column stats: NONE
                     Reduce Output Operator
                       key expressions: _col0 (type: double), _col1 (type: string), _col2 (type: bigint), _col3 (type: bigint), _col4 (type: string)
-                      null sort order: zzzzz
+                      null sort order: azzzz
                       sort order: -++++
                       Map-reduce partition columns: _col0 (type: double), _col1 (type: string), _col2 (type: bigint), _col3 (type: bigint), _col4 (type: string)
                       Statistics: Num rows: 6269989391 Data size: 95303838902 Basic stats: COMPLETE Column stats: NONE
@@ -465,7 +465,7 @@ STAGE PLANS:
                   Statistics: Num rows: 3134994695 Data size: 47651919443 Basic stats: COMPLETE Column stats: NONE
                   Reduce Output Operator
                     key expressions: _col4 (type: double), _col3 (type: string)
-                    null sort order: zz
+                    null sort order: az
                     sort order: -+
                     Statistics: Num rows: 3134994695 Data size: 47651919443 Basic stats: COMPLETE Column stats: NONE
                     TopN Hash Memory Usage: 0.1
diff --git a/ql/src/test/results/clientpositive/llap/tablevalues.q.out b/ql/src/test/results/clientpositive/llap/tablevalues.q.out
index 9c70c78d34..8a1d639f06 100644
--- a/ql/src/test/results/clientpositive/llap/tablevalues.q.out
+++ b/ql/src/test/results/clientpositive/llap/tablevalues.q.out
@@ -865,7 +865,7 @@ STAGE PLANS:
                   Statistics: Num rows: 5 Data size: 430 Basic stats: COMPLETE Column stats: COMPLETE
                   Reduce Output Operator
                     key expressions: 0 (type: int), key (type: string)
-                    null sort order: az
+                    null sort order: aa
                     sort order: +-
                     Map-reduce partition columns: 0 (type: int)
                     Statistics: Num rows: 5 Data size: 430 Basic stats: COMPLETE Column stats: COMPLETE
@@ -887,7 +887,7 @@ STAGE PLANS:
                       Windowing table definition
                         input alias: ptf_1
                         name: windowingtablefunction
-                        order by: _col0 DESC NULLS LAST
+                        order by: _col0 DESC NULLS FIRST
                         partition by: 0
                         raw input shape:
                         window functions:
diff --git a/ql/src/test/results/clientpositive/llap/temp_table_insert1_overwrite_partitions.q.out b/ql/src/test/results/clientpositive/llap/temp_table_insert1_overwrite_partitions.q.out
index b3df036388..7110c000a7 100644
--- a/ql/src/test/results/clientpositive/llap/temp_table_insert1_overwrite_partitions.q.out
+++ b/ql/src/test/results/clientpositive/llap/temp_table_insert1_overwrite_partitions.q.out
@@ -68,7 +68,7 @@ STAGE PLANS:
                   Top N Key Operator
                     sort order: --
                     keys: one (type: string), two (type: string)
-                    null sort order: zz
+                    null sort order: aa
                     Statistics: Num rows: 99 Data size: 31648 Basic stats: PARTIAL Column stats: NONE
                     top n: 5
                     Select Operator
@@ -77,7 +77,7 @@ STAGE PLANS:
                       Statistics: Num rows: 99 Data size: 31648 Basic stats: PARTIAL Column stats: NONE
                       Reduce Output Operator
                         key expressions: _col0 (type: string), _col1 (type: string)
-                        null sort order: zz
+                        null sort order: aa
                         sort order: --
                         Statistics: Num rows: 99 Data size: 31648 Basic stats: PARTIAL Column stats: NONE
                         TopN Hash Memory Usage: 0.1
@@ -272,7 +272,7 @@ STAGE PLANS:
                   Top N Key Operator
                     sort order: --
                     keys: one (type: string), two (type: string)
-                    null sort order: zz
+                    null sort order: aa
                     Statistics: Num rows: 99 Data size: 31648 Basic stats: PARTIAL Column stats: NONE
                     top n: 5
                     Select Operator
@@ -281,7 +281,7 @@ STAGE PLANS:
                       Statistics: Num rows: 99 Data size: 31648 Basic stats: PARTIAL Column stats: NONE
                       Reduce Output Operator
                         key expressions: _col0 (type: string), _col1 (type: string)
-                        null sort order: zz
+                        null sort order: aa
                         sort order: --
                         Statistics: Num rows: 99 Data size: 31648 Basic stats: PARTIAL Column stats: NONE
                         TopN Hash Memory Usage: 0.1
@@ -412,7 +412,7 @@ STAGE PLANS:
                   Top N Key Operator
                     sort order: --
                     keys: one (type: string), two (type: string)
-                    null sort order: zz
+                    null sort order: aa
                     Statistics: Num rows: 99 Data size: 31648 Basic stats: PARTIAL Column stats: NONE
                     top n: 5
                     Select Operator
@@ -421,7 +421,7 @@ STAGE PLANS:
                       Statistics: Num rows: 99 Data size: 31648 Basic stats: PARTIAL Column stats: NONE
                       Reduce Output Operator
                         key expressions: _col0 (type: string), _col1 (type: string)
-                        null sort order: zz
+                        null sort order: aa
                         sort order: --
                         Statistics: Num rows: 99 Data size: 31648 Basic stats: PARTIAL Column stats: NONE
                         TopN Hash Memory Usage: 0.1
diff --git a/ql/src/test/results/clientpositive/llap/temp_table_insert2_overwrite_partitions.q.out b/ql/src/test/results/clientpositive/llap/temp_table_insert2_overwrite_partitions.q.out
index c5a06e4855..23b13a355d 100644
--- a/ql/src/test/results/clientpositive/llap/temp_table_insert2_overwrite_partitions.q.out
+++ b/ql/src/test/results/clientpositive/llap/temp_table_insert2_overwrite_partitions.q.out
@@ -79,7 +79,7 @@ STAGE PLANS:
                   Top N Key Operator
                     sort order: --
                     keys: one (type: string), two (type: string)
-                    null sort order: zz
+                    null sort order: aa
                     Statistics: Num rows: 124 Data size: 40480 Basic stats: PARTIAL Column stats: NONE
                     top n: 5
                     Select Operator
@@ -88,7 +88,7 @@ STAGE PLANS:
                       Statistics: Num rows: 124 Data size: 40480 Basic stats: PARTIAL Column stats: NONE
                       Reduce Output Operator
                         key expressions: _col0 (type: string), _col1 (type: string)
-                        null sort order: zz
+                        null sort order: aa
                         sort order: --
                         Statistics: Num rows: 124 Data size: 40480 Basic stats: PARTIAL Column stats: NONE
                         TopN Hash Memory Usage: 0.1
@@ -239,7 +239,7 @@ STAGE PLANS:
                   Top N Key Operator
                     sort order: --
                     keys: one (type: string), two (type: string)
-                    null sort order: zz
+                    null sort order: aa
                     Statistics: Num rows: 124 Data size: 40480 Basic stats: PARTIAL Column stats: NONE
                     top n: 5
                     Select Operator
@@ -248,7 +248,7 @@ STAGE PLANS:
                       Statistics: Num rows: 124 Data size: 40480 Basic stats: PARTIAL Column stats: NONE
                       Reduce Output Operator
                         key expressions: _col0 (type: string), _col1 (type: string)
-                        null sort order: zz
+                        null sort order: aa
                         sort order: --
                         Statistics: Num rows: 124 Data size: 40480 Basic stats: PARTIAL Column stats: NONE
                         TopN Hash Memory Usage: 0.1
diff --git a/ql/src/test/results/clientpositive/llap/topnkey_grouping_sets.q.out b/ql/src/test/results/clientpositive/llap/topnkey_grouping_sets.q.out
index c376b15c32..6601eba113 100644
--- a/ql/src/test/results/clientpositive/llap/topnkey_grouping_sets.q.out
+++ b/ql/src/test/results/clientpositive/llap/topnkey_grouping_sets.q.out
@@ -663,7 +663,7 @@ STAGE PLANS:
                   Top N Key Operator
                     sort order: -+
                     keys: a (type: int), b (type: int)
-                    null sort order: zz
+                    null sort order: az
                     Statistics: Num rows: 13 Data size: 80 Basic stats: COMPLETE Column stats: COMPLETE
                     top n: 7
                     Select Operator
@@ -678,7 +678,7 @@ STAGE PLANS:
                         Statistics: Num rows: 13 Data size: 152 Basic stats: COMPLETE Column stats: COMPLETE
                         Reduce Output Operator
                           key expressions: _col0 (type: int), _col1 (type: int), _col2 (type: bigint)
-                          null sort order: zzz
+                          null sort order: azz
                           sort order: -++
                           Map-reduce partition columns: _col0 (type: int), _col1 (type: int), _col2 (type: bigint)
                           Statistics: Num rows: 13 Data size: 152 Basic stats: COMPLETE Column stats: COMPLETE
@@ -696,7 +696,7 @@ STAGE PLANS:
                 pruneGroupingSetId: true
                 Reduce Output Operator
                   key expressions: _col0 (type: int), _col1 (type: int)
-                  null sort order: zz
+                  null sort order: az
                   sort order: -+
                   Statistics: Num rows: 13 Data size: 152 Basic stats: COMPLETE Column stats: COMPLETE
                   TopN Hash Memory Usage: 0.1
@@ -732,13 +732,13 @@ POSTHOOK: query: SELECT a, b FROM t_test_grouping_sets GROUP BY a,b GROUPING SET
 POSTHOOK: type: QUERY
 POSTHOOK: Input: default@t_test_grouping_sets
 #### A masked pattern was here ####
+NULL	NULL
+NULL	NULL
 10	11
 10	NULL
 7	8
 7	NULL
 6	2
-6	NULL
-5	1
 PREHOOK: query: SELECT a, b FROM t_test_grouping_sets GROUP BY a,b GROUPING SETS ((a, b), (a)) ORDER BY a DESC, b ASC LIMIT 7
 PREHOOK: type: QUERY
 PREHOOK: Input: default@t_test_grouping_sets
@@ -747,13 +747,13 @@ POSTHOOK: query: SELECT a, b FROM t_test_grouping_sets GROUP BY a,b GROUPING SET
 POSTHOOK: type: QUERY
 POSTHOOK: Input: default@t_test_grouping_sets
 #### A masked pattern was here ####
+NULL	NULL
+NULL	NULL
 10	11
 10	NULL
 7	8
 7	NULL
 6	2
-6	NULL
-5	1
 PREHOOK: query: EXPLAIN
 SELECT a, b FROM t_test_grouping_sets GROUP BY a,b GROUPING SETS ((a, b), (b)) ORDER BY a DESC, b ASC LIMIT 7
 PREHOOK: type: QUERY
@@ -785,7 +785,7 @@ STAGE PLANS:
                   Top N Key Operator
                     sort order: -+
                     keys: a (type: int), b (type: int)
-                    null sort order: zz
+                    null sort order: az
                     Statistics: Num rows: 13 Data size: 80 Basic stats: COMPLETE Column stats: COMPLETE
                     top n: 7
                     Select Operator
@@ -800,7 +800,7 @@ STAGE PLANS:
                         Statistics: Num rows: 13 Data size: 152 Basic stats: COMPLETE Column stats: COMPLETE
                         Reduce Output Operator
                           key expressions: _col0 (type: int), _col1 (type: int), _col2 (type: bigint)
-                          null sort order: zzz
+                          null sort order: azz
                           sort order: -++
                           Map-reduce partition columns: _col0 (type: int), _col1 (type: int), _col2 (type: bigint)
                           Statistics: Num rows: 13 Data size: 152 Basic stats: COMPLETE Column stats: COMPLETE
@@ -818,7 +818,7 @@ STAGE PLANS:
                 pruneGroupingSetId: true
                 Reduce Output Operator
                   key expressions: _col0 (type: int), _col1 (type: int)
-                  null sort order: zz
+                  null sort order: az
                   sort order: -+
                   Statistics: Num rows: 13 Data size: 152 Basic stats: COMPLETE Column stats: COMPLETE
                   TopN Hash Memory Usage: 0.1
@@ -854,13 +854,13 @@ POSTHOOK: query: SELECT a, b FROM t_test_grouping_sets GROUP BY a,b GROUPING SET
 POSTHOOK: type: QUERY
 POSTHOOK: Input: default@t_test_grouping_sets
 #### A masked pattern was here ####
-10	11
-7	8
-6	2
-5	1
-5	2
 NULL	1
 NULL	2
+NULL	8
+NULL	11
+NULL	NULL
+NULL	NULL
+10	11
 PREHOOK: query: SELECT a, b FROM t_test_grouping_sets GROUP BY a,b GROUPING SETS ((a, b), (b)) ORDER BY a DESC, b ASC LIMIT 7
 PREHOOK: type: QUERY
 PREHOOK: Input: default@t_test_grouping_sets
@@ -869,13 +869,13 @@ POSTHOOK: query: SELECT a, b FROM t_test_grouping_sets GROUP BY a,b GROUPING SET
 POSTHOOK: type: QUERY
 POSTHOOK: Input: default@t_test_grouping_sets
 #### A masked pattern was here ####
-10	11
-7	8
-6	2
-5	1
-5	2
 NULL	1
 NULL	2
+NULL	8
+NULL	11
+NULL	NULL
+NULL	NULL
+10	11
 PREHOOK: query: EXPLAIN
 SELECT a, b FROM t_test_grouping_sets GROUP BY a,b GROUPING SETS ((a, b), ()) ORDER BY a DESC, b ASC LIMIT 7
 PREHOOK: type: QUERY
@@ -907,7 +907,7 @@ STAGE PLANS:
                   Top N Key Operator
                     sort order: -+
                     keys: a (type: int), b (type: int)
-                    null sort order: zz
+                    null sort order: az
                     Statistics: Num rows: 13 Data size: 80 Basic stats: COMPLETE Column stats: COMPLETE
                     top n: 7
                     Select Operator
@@ -922,7 +922,7 @@ STAGE PLANS:
                         Statistics: Num rows: 13 Data size: 152 Basic stats: COMPLETE Column stats: COMPLETE
                         Reduce Output Operator
                           key expressions: _col0 (type: int), _col1 (type: int), _col2 (type: bigint)
-                          null sort order: zzz
+                          null sort order: azz
                           sort order: -++
                           Map-reduce partition columns: _col0 (type: int), _col1 (type: int), _col2 (type: bigint)
                           Statistics: Num rows: 13 Data size: 152 Basic stats: COMPLETE Column stats: COMPLETE
@@ -940,7 +940,7 @@ STAGE PLANS:
                 pruneGroupingSetId: true
                 Reduce Output Operator
                   key expressions: _col0 (type: int), _col1 (type: int)
-                  null sort order: zz
+                  null sort order: az
                   sort order: -+
                   Statistics: Num rows: 13 Data size: 152 Basic stats: COMPLETE Column stats: COMPLETE
                   TopN Hash Memory Usage: 0.1
@@ -976,13 +976,13 @@ POSTHOOK: query: SELECT a, b FROM t_test_grouping_sets GROUP BY a,b GROUPING SET
 POSTHOOK: type: QUERY
 POSTHOOK: Input: default@t_test_grouping_sets
 #### A masked pattern was here ####
+NULL	NULL
+NULL	NULL
 10	11
 7	8
 6	2
 5	1
 5	2
-NULL	NULL
-NULL	NULL
 PREHOOK: query: SELECT a, b FROM t_test_grouping_sets GROUP BY a,b GROUPING SETS ((a, b), ()) ORDER BY a DESC, b ASC LIMIT 7
 PREHOOK: type: QUERY
 PREHOOK: Input: default@t_test_grouping_sets
@@ -991,13 +991,13 @@ POSTHOOK: query: SELECT a, b FROM t_test_grouping_sets GROUP BY a,b GROUPING SET
 POSTHOOK: type: QUERY
 POSTHOOK: Input: default@t_test_grouping_sets
 #### A masked pattern was here ####
+NULL	NULL
+NULL	NULL
 10	11
 7	8
 6	2
 5	1
 5	2
-NULL	NULL
-NULL	NULL
 PREHOOK: query: EXPLAIN
 SELECT a, b FROM t_test_grouping_sets GROUP BY a,b GROUPING SETS ((), (a, b)) ORDER BY a DESC, b ASC LIMIT 7
 PREHOOK: type: QUERY
@@ -1029,7 +1029,7 @@ STAGE PLANS:
                   Top N Key Operator
                     sort order: -+
                     keys: a (type: int), b (type: int)
-                    null sort order: zz
+                    null sort order: az
                     Statistics: Num rows: 13 Data size: 80 Basic stats: COMPLETE Column stats: COMPLETE
                     top n: 7
                     Select Operator
@@ -1044,7 +1044,7 @@ STAGE PLANS:
                         Statistics: Num rows: 13 Data size: 152 Basic stats: COMPLETE Column stats: COMPLETE
                         Reduce Output Operator
                           key expressions: _col0 (type: int), _col1 (type: int), _col2 (type: bigint)
-                          null sort order: zzz
+                          null sort order: azz
                           sort order: -++
                           Map-reduce partition columns: _col0 (type: int), _col1 (type: int), _col2 (type: bigint)
                           Statistics: Num rows: 13 Data size: 152 Basic stats: COMPLETE Column stats: COMPLETE
@@ -1062,7 +1062,7 @@ STAGE PLANS:
                 pruneGroupingSetId: true
                 Reduce Output Operator
                   key expressions: _col0 (type: int), _col1 (type: int)
-                  null sort order: zz
+                  null sort order: az
                   sort order: -+
                   Statistics: Num rows: 13 Data size: 152 Basic stats: COMPLETE Column stats: COMPLETE
                   TopN Hash Memory Usage: 0.1
@@ -1098,13 +1098,13 @@ POSTHOOK: query: SELECT a, b FROM t_test_grouping_sets GROUP BY a,b GROUPING SET
 POSTHOOK: type: QUERY
 POSTHOOK: Input: default@t_test_grouping_sets
 #### A masked pattern was here ####
+NULL	NULL
+NULL	NULL
 10	11
 7	8
 6	2
 5	1
 5	2
-NULL	NULL
-NULL	NULL
 PREHOOK: query: SELECT a, b FROM t_test_grouping_sets GROUP BY a,b GROUPING SETS ((), (a, b)) ORDER BY a DESC, b ASC LIMIT 7
 PREHOOK: type: QUERY
 PREHOOK: Input: default@t_test_grouping_sets
@@ -1113,13 +1113,13 @@ POSTHOOK: query: SELECT a, b FROM t_test_grouping_sets GROUP BY a,b GROUPING SET
 POSTHOOK: type: QUERY
 POSTHOOK: Input: default@t_test_grouping_sets
 #### A masked pattern was here ####
+NULL	NULL
+NULL	NULL
 10	11
 7	8
 6	2
 5	1
 5	2
-NULL	NULL
-NULL	NULL
 PREHOOK: query: EXPLAIN
 SELECT tmp.a, tmp.b, max(tmp.c) FROM
   (SELECT a, b, c FROM t_test_grouping_sets GROUP BY a, b, c) tmp
@@ -1177,7 +1177,7 @@ STAGE PLANS:
               Top N Key Operator
                 sort order: -+
                 keys: KEY._col0 (type: int), KEY._col1 (type: int)
-                null sort order: zz
+                null sort order: az
                 Statistics: Num rows: 6 Data size: 60 Basic stats: COMPLETE Column stats: COMPLETE
                 top n: 7
                 Group By Operator
@@ -1194,7 +1194,7 @@ STAGE PLANS:
                     Statistics: Num rows: 6 Data size: 96 Basic stats: COMPLETE Column stats: COMPLETE
                     Reduce Output Operator
                       key expressions: _col0 (type: int), _col1 (type: int), _col2 (type: bigint)
-                      null sort order: zzz
+                      null sort order: azz
                       sort order: -++
                       Map-reduce partition columns: _col0 (type: int), _col1 (type: int), _col2 (type: bigint)
                       Statistics: Num rows: 6 Data size: 96 Basic stats: COMPLETE Column stats: COMPLETE
@@ -1216,7 +1216,7 @@ STAGE PLANS:
                   Statistics: Num rows: 6 Data size: 48 Basic stats: COMPLETE Column stats: COMPLETE
                   Reduce Output Operator
                     key expressions: _col0 (type: int), _col1 (type: int)
-                    null sort order: zz
+                    null sort order: az
                     sort order: -+
                     Statistics: Num rows: 6 Data size: 48 Basic stats: COMPLETE Column stats: COMPLETE
                     TopN Hash Memory Usage: 0.1
@@ -1257,13 +1257,13 @@ GROUP BY tmp.a, tmp.b GROUPING SETS ((), (tmp.a,tmp.b)) ORDER BY tmp.a DESC, tmp
 POSTHOOK: type: QUERY
 POSTHOOK: Input: default@t_test_grouping_sets
 #### A masked pattern was here ####
+NULL	NULL	NULL
+NULL	NULL	12
 10	11	12
 7	8	4
 6	2	1
 5	1	2
 5	2	3
-NULL	NULL	NULL
-NULL	NULL	12
 PREHOOK: query: SELECT tmp.a, tmp.b, max(tmp.c) FROM
   (SELECT a, b, c FROM t_test_grouping_sets GROUP BY a, b, c) tmp
 GROUP BY tmp.a, tmp.b GROUPING SETS ((), (tmp.a,tmp.b)) ORDER BY tmp.a DESC, tmp.b ASC LIMIT 7
@@ -1276,13 +1276,13 @@ GROUP BY tmp.a, tmp.b GROUPING SETS ((), (tmp.a,tmp.b)) ORDER BY tmp.a DESC, tmp
 POSTHOOK: type: QUERY
 POSTHOOK: Input: default@t_test_grouping_sets
 #### A masked pattern was here ####
+NULL	NULL	NULL
+NULL	NULL	12
 10	11	12
 7	8	4
 6	2	1
 5	1	2
 5	2	3
-NULL	NULL	NULL
-NULL	NULL	12
 PREHOOK: query: DROP TABLE IF EXISTS t_test_grouping_sets
 PREHOOK: type: DROPTABLE
 PREHOOK: Input: default@t_test_grouping_sets
diff --git a/ql/src/test/results/clientpositive/llap/topnkey_grouping_sets_order.q.out b/ql/src/test/results/clientpositive/llap/topnkey_grouping_sets_order.q.out
index 74952f4857..77508c3227 100644
--- a/ql/src/test/results/clientpositive/llap/topnkey_grouping_sets_order.q.out
+++ b/ql/src/test/results/clientpositive/llap/topnkey_grouping_sets_order.q.out
@@ -316,7 +316,7 @@ STAGE PLANS:
                   Top N Key Operator
                     sort order: -+
                     keys: a (type: int), b (type: int)
-                    null sort order: zz
+                    null sort order: az
                     Statistics: Num rows: 13 Data size: 80 Basic stats: COMPLETE Column stats: COMPLETE
                     top n: 7
                     Select Operator
@@ -331,7 +331,7 @@ STAGE PLANS:
                         Statistics: Num rows: 26 Data size: 296 Basic stats: COMPLETE Column stats: COMPLETE
                         Reduce Output Operator
                           key expressions: _col0 (type: int), _col1 (type: int), _col2 (type: bigint)
-                          null sort order: zzz
+                          null sort order: azz
                           sort order: -++
                           Map-reduce partition columns: _col0 (type: int), _col1 (type: int), _col2 (type: bigint)
                           Statistics: Num rows: 26 Data size: 296 Basic stats: COMPLETE Column stats: COMPLETE
@@ -349,7 +349,7 @@ STAGE PLANS:
                 pruneGroupingSetId: true
                 Reduce Output Operator
                   key expressions: _col0 (type: int), _col1 (type: int)
-                  null sort order: zz
+                  null sort order: az
                   sort order: -+
                   Statistics: Num rows: 26 Data size: 296 Basic stats: COMPLETE Column stats: COMPLETE
                   TopN Hash Memory Usage: 0.1
@@ -385,13 +385,13 @@ POSTHOOK: query: SELECT a, b FROM t_test_grouping_sets GROUP BY a,b GROUPING SET
 POSTHOOK: type: QUERY
 POSTHOOK: Input: default@t_test_grouping_sets
 #### A masked pattern was here ####
-10	11
-10	NULL
-7	8
-7	NULL
-6	2
-6	NULL
-5	1
+NULL	1
+NULL	2
+NULL	8
+NULL	11
+NULL	NULL
+NULL	NULL
+NULL	NULL
 PREHOOK: query: SELECT a, b FROM t_test_grouping_sets GROUP BY a,b GROUPING SETS ((a,b), (a), (b), ()) ORDER BY a DESC, b ASC LIMIT 7
 PREHOOK: type: QUERY
 PREHOOK: Input: default@t_test_grouping_sets
@@ -400,13 +400,13 @@ POSTHOOK: query: SELECT a, b FROM t_test_grouping_sets GROUP BY a,b GROUPING SET
 POSTHOOK: type: QUERY
 POSTHOOK: Input: default@t_test_grouping_sets
 #### A masked pattern was here ####
-10	11
-10	NULL
-7	8
-7	NULL
-6	2
-6	NULL
-5	1
+NULL	1
+NULL	2
+NULL	8
+NULL	11
+NULL	NULL
+NULL	NULL
+NULL	NULL
 PREHOOK: query: EXPLAIN
 SELECT a, b FROM t_test_grouping_sets GROUP BY a,b GROUPING SETS ((a,b), (a), (b), ()) ORDER BY a DESC NULLS FIRST, b ASC NULLS FIRST LIMIT 7
 PREHOOK: type: QUERY
diff --git a/ql/src/test/results/clientpositive/llap/topnkey_order_null.q.out b/ql/src/test/results/clientpositive/llap/topnkey_order_null.q.out
index fef6b702d8..1e7ed68e22 100644
--- a/ql/src/test/results/clientpositive/llap/topnkey_order_null.q.out
+++ b/ql/src/test/results/clientpositive/llap/topnkey_order_null.q.out
@@ -220,8 +220,8 @@ POSTHOOK: query: SELECT a, count(b) FROM t_test GROUP BY a ORDER BY a DESC LIMIT
 POSTHOOK: type: QUERY
 POSTHOOK: Input: default@t_test
 #### A masked pattern was here ####
+NULL	0
 7	3
-6	1
 PREHOOK: query: SELECT a, count(b) FROM t_test GROUP BY a ORDER BY a DESC LIMIT 2
 PREHOOK: type: QUERY
 PREHOOK: Input: default@t_test
@@ -230,8 +230,8 @@ POSTHOOK: query: SELECT a, count(b) FROM t_test GROUP BY a ORDER BY a DESC LIMIT
 POSTHOOK: type: QUERY
 POSTHOOK: Input: default@t_test
 #### A masked pattern was here ####
+NULL	0
 7	3
-6	1
 PREHOOK: query: SELECT a, count(b) FROM t_test GROUP BY a ORDER BY a DESC NULLS FIRST LIMIT 2
 PREHOOK: type: QUERY
 PREHOOK: Input: default@t_test
diff --git a/ql/src/test/results/clientpositive/llap/udaf_percentile_cont.q.out b/ql/src/test/results/clientpositive/llap/udaf_percentile_cont.q.out
index 8810a4cac0..225c1aa6c1 100644
--- a/ql/src/test/results/clientpositive/llap/udaf_percentile_cont.q.out
+++ b/ql/src/test/results/clientpositive/llap/udaf_percentile_cont.q.out
@@ -514,7 +514,7 @@ STAGE PLANS:
                     outputColumnNames: _col0
                     Statistics: Num rows: 17 Data size: 56 Basic stats: COMPLETE Column stats: COMPLETE
                     Group By Operator
-                      aggregations: percentile_cont(_col0, 0), percentile_cont(_col0, 0.2), percentile_cont(0.2, _col0, 1, 0), percentile_cont(0.2, _col0, 1, 1), percentile_cont(0.2, _col0, 0, 0), percentile_cont(0.2, _col0, 0, 1)
+                      aggregations: percentile_cont(_col0, 0), percentile_cont(_col0, 0.2), percentile_cont(0.2, _col0, 1, 0), percentile_cont(0.2, _col0, 1, 1), percentile_cont(0.2, _col0, 0, 1), percentile_cont(0.2, _col0, 0, 0)
                       minReductionHashAggr: 0.9411765
                       mode: hash
                       outputColumnNames: _col0, _col1, _col2, _col3, _col4, _col5
@@ -535,7 +535,7 @@ STAGE PLANS:
                 outputColumnNames: _col0, _col1, _col2, _col3, _col4, _col5
                 Statistics: Num rows: 1 Data size: 48 Basic stats: COMPLETE Column stats: COMPLETE
                 Select Operator
-                  expressions: _col0 (type: double), _col1 (type: double), _col2 (type: double), _col3 (type: double), _col2 (type: double), (_col2 = _col1) (type: boolean), _col2 (type: double), (_col2 = _col1) (type: boolean), _col4 (type: double), _col5 (type: double), _col4 (type: double)
+                  expressions: _col0 (type: double), _col1 (type: double), _col2 (type: double), _col3 (type: double), _col2 (type: double), (_col2 = _col1) (type: boolean), _col2 (type: double), (_col2 = _col1) (type: boolean), _col4 (type: double), _col4 (type: double), _col5 (type: double)
                   outputColumnNames: _col0, _col1, _col2, _col3, _col4, _col5, _col6, _col7, _col8, _col9, _col10
                   Statistics: Num rows: 1 Data size: 80 Basic stats: COMPLETE Column stats: COMPLETE
                   File Output Operator
diff --git a/ql/src/test/results/clientpositive/llap/udaf_percentile_disc.q.out b/ql/src/test/results/clientpositive/llap/udaf_percentile_disc.q.out
index ddb46ac5b4..7015187475 100644
--- a/ql/src/test/results/clientpositive/llap/udaf_percentile_disc.q.out
+++ b/ql/src/test/results/clientpositive/llap/udaf_percentile_disc.q.out
@@ -514,7 +514,7 @@ STAGE PLANS:
                     outputColumnNames: _col0
                     Statistics: Num rows: 17 Data size: 56 Basic stats: COMPLETE Column stats: COMPLETE
                     Group By Operator
-                      aggregations: percentile_disc(_col0, 0), percentile_disc(_col0, 0.2), percentile_disc(0.2, _col0, 1, 0), percentile_disc(0.2, _col0, 1, 1), percentile_disc(0.2, _col0, 0, 0), percentile_disc(0.2, _col0, 0, 1)
+                      aggregations: percentile_disc(_col0, 0), percentile_disc(_col0, 0.2), percentile_disc(0.2, _col0, 1, 0), percentile_disc(0.2, _col0, 1, 1), percentile_disc(0.2, _col0, 0, 1), percentile_disc(0.2, _col0, 0, 0)
                       minReductionHashAggr: 0.9411765
                       mode: hash
                       outputColumnNames: _col0, _col1, _col2, _col3, _col4, _col5
@@ -535,7 +535,7 @@ STAGE PLANS:
                 outputColumnNames: _col0, _col1, _col2, _col3, _col4, _col5
                 Statistics: Num rows: 1 Data size: 48 Basic stats: COMPLETE Column stats: COMPLETE
                 Select Operator
-                  expressions: _col0 (type: double), _col1 (type: double), _col2 (type: double), _col3 (type: double), _col2 (type: double), (_col2 = _col1) (type: boolean), _col2 (type: double), (_col2 = _col1) (type: boolean), _col4 (type: double), _col5 (type: double), _col4 (type: double)
+                  expressions: _col0 (type: double), _col1 (type: double), _col2 (type: double), _col3 (type: double), _col2 (type: double), (_col2 = _col1) (type: boolean), _col2 (type: double), (_col2 = _col1) (type: boolean), _col4 (type: double), _col4 (type: double), _col5 (type: double)
                   outputColumnNames: _col0, _col1, _col2, _col3, _col4, _col5, _col6, _col7, _col8, _col9, _col10
                   Statistics: Num rows: 1 Data size: 80 Basic stats: COMPLETE Column stats: COMPLETE
                   File Output Operator
diff --git a/ql/src/test/results/clientpositive/llap/union_pos_alias.q.out b/ql/src/test/results/clientpositive/llap/union_pos_alias.q.out
index c7029c6628..c12a802aae 100644
--- a/ql/src/test/results/clientpositive/llap/union_pos_alias.q.out
+++ b/ql/src/test/results/clientpositive/llap/union_pos_alias.q.out
@@ -240,7 +240,7 @@ STAGE PLANS:
                     Statistics: Num rows: 10 Data size: 1760 Basic stats: COMPLETE Column stats: COMPLETE
                     Reduce Output Operator
                       key expressions: _col1 (type: string), _col0 (type: string)
-                      null sort order: zz
+                      null sort order: za
                       sort order: +-
                       Statistics: Num rows: 20 Data size: 3540 Basic stats: COMPLETE Column stats: COMPLETE
             Execution mode: vectorized, llap
@@ -256,7 +256,7 @@ STAGE PLANS:
                     Statistics: Num rows: 10 Data size: 1780 Basic stats: COMPLETE Column stats: COMPLETE
                     Reduce Output Operator
                       key expressions: _col1 (type: string), _col0 (type: string)
-                      null sort order: zz
+                      null sort order: za
                       sort order: +-
                       Statistics: Num rows: 20 Data size: 3540 Basic stats: COMPLETE Column stats: COMPLETE
             Execution mode: vectorized, llap
diff --git a/ql/src/test/results/clientpositive/llap/vector_char_2.q.out b/ql/src/test/results/clientpositive/llap/vector_char_2.q.out
index ec47404513..4cc2ac3a5f 100644
--- a/ql/src/test/results/clientpositive/llap/vector_char_2.q.out
+++ b/ql/src/test/results/clientpositive/llap/vector_char_2.q.out
@@ -313,7 +313,7 @@ STAGE PLANS:
                   Top N Key Operator
                     sort order: -
                     keys: value (type: char(20))
-                    null sort order: z
+                    null sort order: a
                     Statistics: Num rows: 501 Data size: 89178 Basic stats: COMPLETE Column stats: COMPLETE
                     top n: 5
                     Top N Key Vectorization:
@@ -346,7 +346,7 @@ STAGE PLANS:
                         Statistics: Num rows: 250 Data size: 26750 Basic stats: COMPLETE Column stats: COMPLETE
                         Reduce Output Operator
                           key expressions: _col0 (type: char(20))
-                          null sort order: z
+                          null sort order: a
                           sort order: -
                           Map-reduce partition columns: _col0 (type: char(20))
                           Reduce Sink Vectorization:
@@ -392,7 +392,7 @@ STAGE PLANS:
                 Statistics: Num rows: 250 Data size: 26750 Basic stats: COMPLETE Column stats: COMPLETE
                 Reduce Output Operator
                   key expressions: _col0 (type: char(20))
-                  null sort order: z
+                  null sort order: a
                   sort order: -
                   Reduce Sink Vectorization:
                       className: VectorReduceSinkObjectHashOperator
@@ -457,11 +457,11 @@ limit 5
 POSTHOOK: type: QUERY
 POSTHOOK: Input: default@char_2_n0
 #### A masked pattern was here ####
+NULL	NULL	1
 val_98              	196	2
 val_97              	194	2
 val_96              	96	1
 val_95              	190	2
-val_92              	92	1
 PREHOOK: query: drop table char_2_n0
 PREHOOK: type: DROPTABLE
 PREHOOK: Input: default@char_2_n0
diff --git a/ql/src/test/results/clientpositive/llap/vector_decimal_3.q.out b/ql/src/test/results/clientpositive/llap/vector_decimal_3.q.out
index b292c9a01b..1a0308158f 100644
--- a/ql/src/test/results/clientpositive/llap/vector_decimal_3.q.out
+++ b/ql/src/test/results/clientpositive/llap/vector_decimal_3.q.out
@@ -94,6 +94,7 @@ POSTHOOK: query: SELECT * FROM DECIMAL_3_n1 ORDER BY key DESC, value DESC
 POSTHOOK: type: QUERY
 POSTHOOK: Input: default@decimal_3_n1
 #### A masked pattern was here ####
+NULL	0
 1234567890.123456780000000000	1234567890
 200.000000000000000000	200
 125.200000000000000000	125
@@ -131,7 +132,6 @@ POSTHOOK: Input: default@decimal_3_n1
 -1255.490000000000000000	-1255
 -4400.000000000000000000	4400
 -1234567890.123456789000000000	-1234567890
-NULL	0
 PREHOOK: query: SELECT * FROM DECIMAL_3_n1 ORDER BY key, value
 PREHOOK: type: QUERY
 PREHOOK: Input: default@decimal_3_n1
diff --git a/ql/src/test/results/clientpositive/llap/vector_groupby_grouping_sets_grouping.q.out b/ql/src/test/results/clientpositive/llap/vector_groupby_grouping_sets_grouping.q.out
index 51762d003d..9a96c0cfc6 100644
--- a/ql/src/test/results/clientpositive/llap/vector_groupby_grouping_sets_grouping.q.out
+++ b/ql/src/test/results/clientpositive/llap/vector_groupby_grouping_sets_grouping.q.out
@@ -674,7 +674,7 @@ STAGE PLANS:
                     Statistics: Num rows: 12 Data size: 228 Basic stats: COMPLETE Column stats: COMPLETE
                     Reduce Output Operator
                       key expressions: _col2 (type: bigint), _col3 (type: int)
-                      null sort order: zz
+                      null sort order: az
                       sort order: -+
                       Reduce Sink Vectorization:
                           className: VectorReduceSinkObjectHashOperator
@@ -689,7 +689,7 @@ STAGE PLANS:
             Reduce Vectorization:
                 enabled: true
                 enableConditionsMet: hive.vectorized.execution.reduce.enabled IS true, hive.execution.engine tez IN [tez, spark] IS true
-                reduceColumnNullOrder: zz
+                reduceColumnNullOrder: az
                 reduceColumnSortOrder: -+
                 allNative: false
                 usesVectorUDFAdaptor: false
@@ -1392,7 +1392,7 @@ STAGE PLANS:
                   Statistics: Num rows: 12 Data size: 180 Basic stats: COMPLETE Column stats: COMPLETE
                   Reduce Output Operator
                     key expressions: _col2 (type: bigint), CASE WHEN ((_col2 = 1L)) THEN (_col0) END (type: int)
-                    null sort order: zz
+                    null sort order: az
                     sort order: -+
                     Reduce Sink Vectorization:
                         className: VectorReduceSinkObjectHashOperator
@@ -1408,7 +1408,7 @@ STAGE PLANS:
             Reduce Vectorization:
                 enabled: true
                 enableConditionsMet: hive.vectorized.execution.reduce.enabled IS true, hive.execution.engine tez IN [tez, spark] IS true
-                reduceColumnNullOrder: zz
+                reduceColumnNullOrder: az
                 reduceColumnSortOrder: -+
                 allNative: false
                 usesVectorUDFAdaptor: false
diff --git a/ql/src/test/results/clientpositive/llap/vector_order_null.q.out b/ql/src/test/results/clientpositive/llap/vector_order_null.q.out
index 2da175592d..1153452ab3 100644
--- a/ql/src/test/results/clientpositive/llap/vector_order_null.q.out
+++ b/ql/src/test/results/clientpositive/llap/vector_order_null.q.out
@@ -243,7 +243,7 @@ STAGE PLANS:
                     Statistics: Num rows: 6 Data size: 364 Basic stats: COMPLETE Column stats: COMPLETE
                     Reduce Output Operator
                       key expressions: _col0 (type: int), _col1 (type: string)
-                      null sort order: zz
+                      null sort order: az
                       sort order: -+
                       Reduce Sink Vectorization:
                           className: VectorReduceSinkObjectHashOperator
@@ -273,7 +273,7 @@ STAGE PLANS:
             Reduce Vectorization:
                 enabled: true
                 enableConditionsMet: hive.vectorized.execution.reduce.enabled IS true, hive.execution.engine tez IN [tez, spark] IS true
-                reduceColumnNullOrder: zz
+                reduceColumnNullOrder: az
                 reduceColumnSortOrder: -+
                 allNative: false
                 usesVectorUDFAdaptor: false
@@ -318,12 +318,12 @@ POSTHOOK: type: QUERY
 POSTHOOK: Input: default@src_null_n3
 #### A masked pattern was here ####
 x.a	x.b
+NULL	NULL
 3	NULL
 2	A
 2	B
 2	NULL
 1	A
-NULL	NULL
 PREHOOK: query: EXPLAIN VECTORIZATION DETAIL
 SELECT x.* FROM src_null_n3 x ORDER BY b asc, a asc nulls last
 PREHOOK: type: QUERY
@@ -495,7 +495,7 @@ STAGE PLANS:
                     Statistics: Num rows: 6 Data size: 364 Basic stats: COMPLETE Column stats: COMPLETE
                     Reduce Output Operator
                       key expressions: _col1 (type: string), _col0 (type: int)
-                      null sort order: zz
+                      null sort order: az
                       sort order: -+
                       Reduce Sink Vectorization:
                           className: VectorReduceSinkObjectHashOperator
@@ -525,7 +525,7 @@ STAGE PLANS:
             Reduce Vectorization:
                 enabled: true
                 enableConditionsMet: hive.vectorized.execution.reduce.enabled IS true, hive.execution.engine tez IN [tez, spark] IS true
-                reduceColumnNullOrder: zz
+                reduceColumnNullOrder: az
                 reduceColumnSortOrder: -+
                 allNative: false
                 usesVectorUDFAdaptor: false
@@ -570,12 +570,12 @@ POSTHOOK: type: QUERY
 POSTHOOK: Input: default@src_null_n3
 #### A masked pattern was here ####
 x.a	x.b
-2	B
-1	A
-2	A
 2	NULL
 3	NULL
 NULL	NULL
+2	B
+1	A
+2	A
 PREHOOK: query: EXPLAIN VECTORIZATION DETAIL
 SELECT x.* FROM src_null_n3 x ORDER BY a asc nulls first, b asc
 PREHOOK: type: QUERY
@@ -1125,7 +1125,7 @@ STAGE PLANS:
                     Statistics: Num rows: 6 Data size: 364 Basic stats: COMPLETE Column stats: COMPLETE
                     Reduce Output Operator
                       key expressions: _col0 (type: int), _col1 (type: string)
-                      null sort order: zz
+                      null sort order: za
                       sort order: +-
                       Reduce Sink Vectorization:
                           className: VectorReduceSinkObjectHashOperator
@@ -1155,7 +1155,7 @@ STAGE PLANS:
             Reduce Vectorization:
                 enabled: true
                 enableConditionsMet: hive.vectorized.execution.reduce.enabled IS true, hive.execution.engine tez IN [tez, spark] IS true
-                reduceColumnNullOrder: zz
+                reduceColumnNullOrder: za
                 reduceColumnSortOrder: +-
                 allNative: false
                 usesVectorUDFAdaptor: false
@@ -1201,9 +1201,9 @@ POSTHOOK: Input: default@src_null_n3
 #### A masked pattern was here ####
 x.a	x.b
 1	A
+2	NULL
 2	B
 2	A
-2	NULL
 3	NULL
 NULL	NULL
 PREHOOK: query: EXPLAIN VECTORIZATION DETAIL
diff --git a/ql/src/test/results/clientpositive/llap/vector_orderby_5.q.out b/ql/src/test/results/clientpositive/llap/vector_orderby_5.q.out
index a64987fb06..572acbcd7e 100644
--- a/ql/src/test/results/clientpositive/llap/vector_orderby_5.q.out
+++ b/ql/src/test/results/clientpositive/llap/vector_orderby_5.q.out
@@ -205,7 +205,7 @@ STAGE PLANS:
                 Statistics: Num rows: 2 Data size: 24 Basic stats: COMPLETE Column stats: COMPLETE
                 Reduce Output Operator
                   key expressions: _col0 (type: boolean)
-                  null sort order: z
+                  null sort order: a
                   sort order: -
                   Reduce Sink Vectorization:
                       className: VectorReduceSinkObjectHashOperator
@@ -255,6 +255,6 @@ POSTHOOK: query: select bo, max(b) from vectortab2korc_n6 group by bo order by b
 POSTHOOK: type: QUERY
 POSTHOOK: Input: default@vectortab2korc_n6
 #### A masked pattern was here ####
+NULL	9180098147855769600
 true	9211455920344088576
 false	9209153648361848832
-NULL	9180098147855769600
diff --git a/ql/src/test/results/clientpositive/llap/vector_topnkey.q.out b/ql/src/test/results/clientpositive/llap/vector_topnkey.q.out
index 9e382c051f..9bc71a2d90 100644
--- a/ql/src/test/results/clientpositive/llap/vector_topnkey.q.out
+++ b/ql/src/test/results/clientpositive/llap/vector_topnkey.q.out
@@ -263,9 +263,9 @@ POSTHOOK: query: SELECT cint1, cint2 FROM t_test GROUP BY cint1, cint2 ORDER BY
 POSTHOOK: type: QUERY
 POSTHOOK: Input: default@t_test
 #### A masked pattern was here ####
+NULL	NULL
 8	9
 7	8
-6	2
 PREHOOK: query: SELECT cint1, cdouble FROM t_test GROUP BY cint1, cdouble ORDER BY cint1, cdouble LIMIT 3
 PREHOOK: type: QUERY
 PREHOOK: Input: default@t_test
diff --git a/ql/src/test/results/clientpositive/llap/vector_udf3.q.out b/ql/src/test/results/clientpositive/llap/vector_udf3.q.out
index 6bc8745526..cf413eb22d 100644
--- a/ql/src/test/results/clientpositive/llap/vector_udf3.q.out
+++ b/ql/src/test/results/clientpositive/llap/vector_udf3.q.out
@@ -76,16 +76,16 @@ POSTHOOK: query: SELECT cstring1, rot13(cstring1) from alltypesorc order by cstr
 POSTHOOK: type: QUERY
 POSTHOOK: Input: default@alltypesorc
 POSTHOOK: Output: hdfs://### HDFS PATH ###
-yy2GiGM	ll2TvTZ
-yxN0212hM17E8J8bJj8D7b	lkA0212uZ17R8W8oWw8Q7o
-ywA68u76Jv06axCv451avL4	ljN68h76Wi06nkPi451niY4
-yvNv1q	liAi1d
-yv3gnG4a33hD7bIm7oxE5rw	li3taT4n33uQ7oVz7bkR5ej
-yv1js	li1wf
-yujO07KWj	lhwB07XJw
-ytpx1RL8F2I	lgck1EY8S2V
-ytj7g5W	lgw7t5J
-ytgaJW1Gvrkv5wFUJU2y1S	lgtnWJ1Tiexi5jSHWH2l1F
+NULL	NULL
+NULL	NULL
+NULL	NULL
+NULL	NULL
+NULL	NULL
+NULL	NULL
+NULL	NULL
+NULL	NULL
+NULL	NULL
+NULL	NULL
 PREHOOK: query: SELECT cstring1, rot13(cstring1) from alltypesorc order by cstring1 desc limit 10
 PREHOOK: type: QUERY
 PREHOOK: Input: default@alltypesorc
@@ -94,13 +94,13 @@ POSTHOOK: query: SELECT cstring1, rot13(cstring1) from alltypesorc order by cstr
 POSTHOOK: type: QUERY
 POSTHOOK: Input: default@alltypesorc
 POSTHOOK: Output: hdfs://### HDFS PATH ###
-yy2GiGM	Unvectorized
-yxN0212hM17E8J8bJj8D7b	Unvectorized
-ywA68u76Jv06axCv451avL4	Unvectorized
-yvNv1q	Unvectorized
-yv3gnG4a33hD7bIm7oxE5rw	Unvectorized
-yv1js	Unvectorized
-yujO07KWj	Unvectorized
-ytpx1RL8F2I	Unvectorized
-ytj7g5W	Unvectorized
-ytgaJW1Gvrkv5wFUJU2y1S	Unvectorized
+NULL	Unvectorized
+NULL	Unvectorized
+NULL	Unvectorized
+NULL	Unvectorized
+NULL	Unvectorized
+NULL	Unvectorized
+NULL	Unvectorized
+NULL	Unvectorized
+NULL	Unvectorized
+NULL	Unvectorized
diff --git a/ql/src/test/results/clientpositive/llap/vector_varchar_simple.q.out b/ql/src/test/results/clientpositive/llap/vector_varchar_simple.q.out
index 382f6d14de..59cc8c1bb8 100644
--- a/ql/src/test/results/clientpositive/llap/vector_varchar_simple.q.out
+++ b/ql/src/test/results/clientpositive/llap/vector_varchar_simple.q.out
@@ -214,7 +214,7 @@ STAGE PLANS:
                   Top N Key Operator
                     sort order: -
                     keys: key (type: varchar(10))
-                    null sort order: z
+                    null sort order: a
                     Statistics: Num rows: 500 Data size: 94248 Basic stats: COMPLETE Column stats: NONE
                     top n: 5
                     Select Operator
@@ -223,7 +223,7 @@ STAGE PLANS:
                       Statistics: Num rows: 500 Data size: 94248 Basic stats: COMPLETE Column stats: NONE
                       Reduce Output Operator
                         key expressions: _col0 (type: varchar(10))
-                        null sort order: z
+                        null sort order: a
                         sort order: -
                         Statistics: Num rows: 500 Data size: 94248 Basic stats: COMPLETE Column stats: NONE
                         TopN Hash Memory Usage: 0.1
diff --git a/ql/src/test/results/clientpositive/llap/vector_windowing.q.out b/ql/src/test/results/clientpositive/llap/vector_windowing.q.out
index ba31832201..46364825d8 100644
--- a/ql/src/test/results/clientpositive/llap/vector_windowing.q.out
+++ b/ql/src/test/results/clientpositive/llap/vector_windowing.q.out
@@ -1680,7 +1680,7 @@ STAGE PLANS:
                       vectorizationSchemaColumns: [0:p_partkey:int, 1:p_name:string, 2:p_mfgr:string, 3:p_brand:string, 4:p_type:string, 5:p_size:int, 6:p_container:string, 7:p_retailprice:double, 8:p_comment:string, 9:ROW__ID:struct<writeid:bigint,bucketid:int,rowid:bigint>]
                   Reduce Output Operator
                     key expressions: p_mfgr (type: string), p_name (type: string), p_size (type: int)
-                    null sort order: azz
+                    null sort order: aza
                     sort order: ++-
                     Map-reduce partition columns: p_mfgr (type: string)
                     Reduce Sink Vectorization:
@@ -1712,7 +1712,7 @@ STAGE PLANS:
             Reduce Vectorization:
                 enabled: true
                 enableConditionsMet: hive.vectorized.execution.reduce.enabled IS true, hive.execution.engine tez IN [tez, spark] IS true
-                reduceColumnNullOrder: azz
+                reduceColumnNullOrder: aza
                 reduceColumnSortOrder: ++-
                 allNative: false
                 usesVectorUDFAdaptor: false
@@ -1740,7 +1740,7 @@ STAGE PLANS:
                       Windowing table definition
                         input alias: ptf_1
                         name: windowingtablefunction
-                        order by: _col1 ASC NULLS LAST, _col5 DESC NULLS LAST
+                        order by: _col1 ASC NULLS LAST, _col5 DESC NULLS FIRST
                         partition by: _col2
                         raw input shape:
                         window functions:
diff --git a/ql/src/test/results/clientpositive/llap/vector_windowing_expressions.q.out b/ql/src/test/results/clientpositive/llap/vector_windowing_expressions.q.out
index f8009a5043..9e870dd409 100644
--- a/ql/src/test/results/clientpositive/llap/vector_windowing_expressions.q.out
+++ b/ql/src/test/results/clientpositive/llap/vector_windowing_expressions.q.out
@@ -486,7 +486,7 @@ STAGE PLANS:
                       vectorizationSchemaColumns: [0:t:tinyint, 1:si:smallint, 2:i:int, 3:b:bigint, 4:f:float, 5:d:double, 6:bo:boolean, 7:s:string, 8:ts:timestamp, 9:dec:decimal(4,2)/DECIMAL_64, 10:bin:binary, 11:ROW__ID:struct<writeid:bigint,bucketid:int,rowid:bigint>]
                   Reduce Output Operator
                     key expressions: t (type: tinyint), bo (type: boolean), s (type: string), si (type: smallint), f (type: float)
-                    null sort order: azzzz
+                    null sort order: azzza
                     sort order: ++++-
                     Map-reduce partition columns: t (type: tinyint)
                     Reduce Sink Vectorization:
@@ -534,7 +534,7 @@ STAGE PLANS:
                       Windowing table definition
                         input alias: ptf_1
                         name: windowingtablefunction
-                        order by: _col6 ASC NULLS LAST, _col7 ASC NULLS LAST, _col1 ASC NULLS LAST, _col4 DESC NULLS LAST
+                        order by: _col6 ASC NULLS LAST, _col7 ASC NULLS LAST, _col1 ASC NULLS LAST, _col4 DESC NULLS FIRST
                         partition by: _col0
                         raw input shape:
                         window functions:
diff --git a/ql/src/test/results/clientpositive/llap/vector_windowing_gby2.q.out b/ql/src/test/results/clientpositive/llap/vector_windowing_gby2.q.out
index 20de7bdebb..bef5ff0d63 100644
--- a/ql/src/test/results/clientpositive/llap/vector_windowing_gby2.q.out
+++ b/ql/src/test/results/clientpositive/llap/vector_windowing_gby2.q.out
@@ -614,7 +614,7 @@ STAGE PLANS:
                 Statistics: Num rows: 10 Data size: 1980 Basic stats: COMPLETE Column stats: COMPLETE
                 Reduce Output Operator
                   key expressions: _col0 (type: string), _col2 (type: double)
-                  null sort order: az
+                  null sort order: aa
                   sort order: +-
                   Map-reduce partition columns: _col0 (type: string)
                   Reduce Sink Vectorization:
@@ -631,7 +631,7 @@ STAGE PLANS:
             Reduce Vectorization:
                 enabled: true
                 enableConditionsMet: hive.vectorized.execution.reduce.enabled IS true, hive.execution.engine tez IN [tez, spark] IS true
-                reduceColumnNullOrder: az
+                reduceColumnNullOrder: aa
                 reduceColumnSortOrder: +-
                 allNative: true
                 usesVectorUDFAdaptor: false
@@ -659,7 +659,7 @@ STAGE PLANS:
                       Windowing table definition
                         input alias: ptf_1
                         name: windowingtablefunction
-                        order by: _col2 DESC NULLS LAST
+                        order by: _col2 DESC NULLS FIRST
                         partition by: _col0
                         raw input shape:
                         window functions:
diff --git a/ql/src/test/results/clientpositive/llap/vector_windowing_multipartitioning.q.out b/ql/src/test/results/clientpositive/llap/vector_windowing_multipartitioning.q.out
index 8bb387366b..02b88090d2 100644
--- a/ql/src/test/results/clientpositive/llap/vector_windowing_multipartitioning.q.out
+++ b/ql/src/test/results/clientpositive/llap/vector_windowing_multipartitioning.q.out
@@ -10261,7 +10261,7 @@ STAGE PLANS:
                     Statistics: Num rows: 1 Data size: 344 Basic stats: COMPLETE Column stats: NONE
                     Reduce Output Operator
                       key expressions: s (type: string), dec (type: decimal(4,2))
-                      null sort order: az
+                      null sort order: aa
                       sort order: +-
                       Map-reduce partition columns: s (type: string)
                       Reduce Sink Vectorization:
@@ -10295,7 +10295,7 @@ STAGE PLANS:
             Reduce Vectorization:
                 enabled: true
                 enableConditionsMet: hive.vectorized.execution.reduce.enabled IS true, hive.execution.engine tez IN [tez, spark] IS true
-                reduceColumnNullOrder: az
+                reduceColumnNullOrder: aa
                 reduceColumnSortOrder: +-
                 allNative: true
                 usesVectorUDFAdaptor: false
@@ -10323,7 +10323,7 @@ STAGE PLANS:
                       Windowing table definition
                         input alias: ptf_1
                         name: windowingtablefunction
-                        order by: _col9 DESC NULLS LAST
+                        order by: _col9 DESC NULLS FIRST
                         partition by: _col7
                         raw input shape:
                         window functions:
@@ -10358,7 +10358,7 @@ STAGE PLANS:
                     Statistics: Num rows: 1 Data size: 344 Basic stats: COMPLETE Column stats: NONE
                     Reduce Output Operator
                       key expressions: _col7 (type: string), _col8 (type: timestamp)
-                      null sort order: az
+                      null sort order: aa
                       sort order: +-
                       Map-reduce partition columns: _col7 (type: string)
                       Reduce Sink Vectorization:
@@ -10375,7 +10375,7 @@ STAGE PLANS:
             Reduce Vectorization:
                 enabled: true
                 enableConditionsMet: hive.vectorized.execution.reduce.enabled IS true, hive.execution.engine tez IN [tez, spark] IS true
-                reduceColumnNullOrder: az
+                reduceColumnNullOrder: aa
                 reduceColumnSortOrder: +-
                 allNative: false
                 usesVectorUDFAdaptor: false
@@ -10403,7 +10403,7 @@ STAGE PLANS:
                       Windowing table definition
                         input alias: ptf_1
                         name: windowingtablefunction
-                        order by: _col9 DESC NULLS LAST
+                        order by: _col9 DESC NULLS FIRST
                         partition by: _col8
                         raw input shape:
                         window functions:
@@ -10915,7 +10915,7 @@ STAGE PLANS:
                     Statistics: Num rows: 1 Data size: 336 Basic stats: COMPLETE Column stats: NONE
                     Reduce Output Operator
                       key expressions: _col1 (type: smallint), _col10 (type: binary)
-                      null sort order: az
+                      null sort order: aa
                       sort order: +-
                       Map-reduce partition columns: _col1 (type: smallint)
                       Reduce Sink Vectorization:
@@ -10932,7 +10932,7 @@ STAGE PLANS:
             Reduce Vectorization:
                 enabled: true
                 enableConditionsMet: hive.vectorized.execution.reduce.enabled IS true, hive.execution.engine tez IN [tez, spark] IS true
-                reduceColumnNullOrder: az
+                reduceColumnNullOrder: aa
                 reduceColumnSortOrder: +-
                 allNative: false
                 usesVectorUDFAdaptor: false
@@ -10960,7 +10960,7 @@ STAGE PLANS:
                       Windowing table definition
                         input alias: ptf_1
                         name: windowingtablefunction
-                        order by: _col11 DESC NULLS LAST
+                        order by: _col11 DESC NULLS FIRST
                         partition by: _col2
                         raw input shape:
                         window functions:
diff --git a/ql/src/test/results/clientpositive/llap/vector_windowing_navfn.q.out b/ql/src/test/results/clientpositive/llap/vector_windowing_navfn.q.out
index b82c3b079a..58c9b283c2 100644
--- a/ql/src/test/results/clientpositive/llap/vector_windowing_navfn.q.out
+++ b/ql/src/test/results/clientpositive/llap/vector_windowing_navfn.q.out
@@ -500,7 +500,7 @@ STAGE PLANS:
                       vectorizationSchemaColumns: [0:t:tinyint, 1:si:smallint, 2:i:int, 3:b:bigint, 4:f:float, 5:d:double, 6:bo:boolean, 7:s:string, 8:ts:timestamp, 9:dec:decimal(4,2)/DECIMAL_64, 10:bin:binary, 11:ROW__ID:struct<writeid:bigint,bucketid:int,rowid:bigint>]
                   Reduce Output Operator
                     key expressions: bin (type: binary), d (type: double), i (type: int)
-                    null sort order: azz
+                    null sort order: aza
                     sort order: ++-
                     Map-reduce partition columns: bin (type: binary)
                     Reduce Sink Vectorization:
@@ -550,7 +550,7 @@ STAGE PLANS:
                       Windowing table definition
                         input alias: ptf_1
                         name: windowingtablefunction
-                        order by: _col5 ASC NULLS LAST, _col2 DESC NULLS LAST
+                        order by: _col5 ASC NULLS LAST, _col2 DESC NULLS FIRST
                         partition by: _col10
                         raw input shape:
                         window functions:
@@ -1830,7 +1830,7 @@ STAGE PLANS:
                       vectorizationSchemaColumns: [0:a:int, 1:b:int, 2:ROW__ID:struct<writeid:bigint,bucketid:int,rowid:bigint>]
                   Reduce Output Operator
                     key expressions: a (type: int), b (type: int)
-                    null sort order: az
+                    null sort order: aa
                     sort order: +-
                     Map-reduce partition columns: a (type: int)
                     Reduce Sink Vectorization:
@@ -1878,7 +1878,7 @@ STAGE PLANS:
                       Windowing table definition
                         input alias: ptf_1
                         name: windowingtablefunction
-                        order by: _col1 DESC NULLS LAST
+                        order by: _col1 DESC NULLS FIRST
                         partition by: _col0
                         raw input shape:
                         window functions:
@@ -1949,11 +1949,11 @@ a	b	first_value_window_0	first_value_window_1	first_value_window_2	first_value_w
 1	NULL	NULL	NULL	NULL	NULL
 1	NULL	NULL	NULL	NULL	NULL
 1	NULL	NULL	NULL	NULL	NULL
-2	3	3	3	3	3
-2	2	3	3	3	3
-2	1	2	2	3	3
-2	NULL	1	1	3	3
-2	NULL	NULL	NULL	3	3
+2	NULL	NULL	NULL	NULL	NULL
+2	NULL	NULL	3	NULL	3
+2	3	NULL	3	NULL	3
+2	2	3	3	NULL	3
+2	1	2	2	NULL	3
 3	5	5	5	5	5
 3	4	5	5	5	5
 3	3	4	4	5	5
@@ -2182,7 +2182,7 @@ STAGE PLANS:
                       vectorizationSchemaColumns: [0:a:int, 1:b:int, 2:ROW__ID:struct<writeid:bigint,bucketid:int,rowid:bigint>]
                   Reduce Output Operator
                     key expressions: a (type: int), b (type: int)
-                    null sort order: az
+                    null sort order: aa
                     sort order: +-
                     Map-reduce partition columns: a (type: int)
                     Reduce Sink Vectorization:
@@ -2230,7 +2230,7 @@ STAGE PLANS:
                       Windowing table definition
                         input alias: ptf_1
                         name: windowingtablefunction
-                        order by: _col1 DESC NULLS LAST
+                        order by: _col1 DESC NULLS FIRST
                         partition by: _col0
                         raw input shape:
                         window functions:
@@ -2301,11 +2301,11 @@ a	b	last_value_window_0	last_value_window_1	last_value_window_2	last_value_windo
 1	NULL	NULL	NULL	NULL	NULL
 1	NULL	NULL	NULL	NULL	NULL
 1	NULL	NULL	NULL	NULL	NULL
+2	NULL	NULL	NULL	NULL	NULL
+2	NULL	3	3	3	3
 2	3	2	2	2	2
 2	2	1	1	1	1
-2	1	NULL	1	NULL	1
-2	NULL	NULL	1	NULL	1
-2	NULL	NULL	NULL	NULL	1
+2	1	1	1	1	1
 3	5	4	4	4	4
 3	4	3	3	3	3
 3	3	2	2	2	2
diff --git a/ql/src/test/results/clientpositive/llap/vector_windowing_range_multiorder.q.out b/ql/src/test/results/clientpositive/llap/vector_windowing_range_multiorder.q.out
index 30690b3001..632b3c5783 100644
--- a/ql/src/test/results/clientpositive/llap/vector_windowing_range_multiorder.q.out
+++ b/ql/src/test/results/clientpositive/llap/vector_windowing_range_multiorder.q.out
@@ -344,7 +344,7 @@ STAGE PLANS:
                       vectorizationSchemaColumns: [0:t:tinyint, 1:si:smallint, 2:i:int, 3:b:bigint, 4:f:float, 5:d:double, 6:bo:boolean, 7:s:string, 8:ts:timestamp, 9:dec:decimal(4,2)/DECIMAL_64, 10:bin:binary, 11:ROW__ID:struct<writeid:bigint,bucketid:int,rowid:bigint>]
                   Reduce Output Operator
                     key expressions: si (type: smallint), bo (type: boolean), i (type: int), f (type: float)
-                    null sort order: aazz
+                    null sort order: aaza
                     sort order: +++-
                     Map-reduce partition columns: si (type: smallint), bo (type: boolean)
                     Reduce Sink Vectorization:
@@ -392,7 +392,7 @@ STAGE PLANS:
                       Windowing table definition
                         input alias: ptf_1
                         name: windowingtablefunction
-                        order by: _col2 ASC NULLS LAST, _col4 DESC NULLS LAST
+                        order by: _col2 ASC NULLS LAST, _col4 DESC NULLS FIRST
                         partition by: _col1, _col6
                         raw input shape:
                         window functions:
@@ -570,7 +570,7 @@ STAGE PLANS:
                       vectorizationSchemaColumns: [0:t:tinyint, 1:si:smallint, 2:i:int, 3:b:bigint, 4:f:float, 5:d:double, 6:bo:boolean, 7:s:string, 8:ts:timestamp, 9:dec:decimal(4,2)/DECIMAL_64, 10:bin:binary, 11:ROW__ID:struct<writeid:bigint,bucketid:int,rowid:bigint>]
                   Reduce Output Operator
                     key expressions: si (type: smallint), bo (type: boolean), i (type: int), f (type: float)
-                    null sort order: aazz
+                    null sort order: aaza
                     sort order: +++-
                     Map-reduce partition columns: si (type: smallint), bo (type: boolean)
                     Reduce Sink Vectorization:
@@ -618,7 +618,7 @@ STAGE PLANS:
                       Windowing table definition
                         input alias: ptf_1
                         name: windowingtablefunction
-                        order by: _col2 ASC NULLS LAST, _col4 DESC NULLS LAST
+                        order by: _col2 ASC NULLS LAST, _col4 DESC NULLS FIRST
                         partition by: _col1, _col6
                         raw input shape:
                         window functions:
@@ -11472,7 +11472,7 @@ STAGE PLANS:
                       vectorizationSchemaColumns: [0:t:tinyint, 1:si:smallint, 2:i:int, 3:b:bigint, 4:f:float, 5:d:double, 6:bo:boolean, 7:s:string, 8:ts:timestamp, 9:dec:decimal(4,2)/DECIMAL_64, 10:bin:binary, 11:ROW__ID:struct<writeid:bigint,bucketid:int,rowid:bigint>]
                   Reduce Output Operator
                     key expressions: s (type: string), si (type: smallint), i (type: int)
-                    null sort order: azz
+                    null sort order: aza
                     sort order: ++-
                     Map-reduce partition columns: s (type: string)
                     Reduce Sink Vectorization:
@@ -11504,7 +11504,7 @@ STAGE PLANS:
             Reduce Vectorization:
                 enabled: true
                 enableConditionsMet: hive.vectorized.execution.reduce.enabled IS true, hive.execution.engine tez IN [tez, spark] IS true
-                reduceColumnNullOrder: azz
+                reduceColumnNullOrder: aza
                 reduceColumnSortOrder: ++-
                 allNative: false
                 usesVectorUDFAdaptor: false
@@ -11532,7 +11532,7 @@ STAGE PLANS:
                       Windowing table definition
                         input alias: ptf_1
                         name: windowingtablefunction
-                        order by: _col1 ASC NULLS LAST, _col2 DESC NULLS LAST
+                        order by: _col1 ASC NULLS LAST, _col2 DESC NULLS FIRST
                         partition by: _col7
                         raw input shape:
                         window functions:
@@ -11733,7 +11733,7 @@ STAGE PLANS:
                       vectorizationSchemaColumns: [0:t:tinyint, 1:si:smallint, 2:i:int, 3:b:bigint, 4:f:float, 5:d:double, 6:bo:boolean, 7:s:string, 8:ts:timestamp, 9:dec:decimal(4,2)/DECIMAL_64, 10:bin:binary, 11:ROW__ID:struct<writeid:bigint,bucketid:int,rowid:bigint>]
                   Reduce Output Operator
                     key expressions: si (type: smallint), bo (type: boolean), i (type: int), f (type: float)
-                    null sort order: aazz
+                    null sort order: aaza
                     sort order: +++-
                     Map-reduce partition columns: si (type: smallint), bo (type: boolean)
                     Reduce Sink Vectorization:
@@ -11765,7 +11765,7 @@ STAGE PLANS:
             Reduce Vectorization:
                 enabled: true
                 enableConditionsMet: hive.vectorized.execution.reduce.enabled IS true, hive.execution.engine tez IN [tez, spark] IS true
-                reduceColumnNullOrder: aazz
+                reduceColumnNullOrder: aaza
                 reduceColumnSortOrder: +++-
                 allNative: false
                 usesVectorUDFAdaptor: false
@@ -11793,7 +11793,7 @@ STAGE PLANS:
                       Windowing table definition
                         input alias: ptf_1
                         name: windowingtablefunction
-                        order by: _col2 ASC NULLS LAST, _col4 DESC NULLS LAST
+                        order by: _col2 ASC NULLS LAST, _col4 DESC NULLS FIRST
                         partition by: _col1, _col6
                         raw input shape:
                         window functions:
diff --git a/ql/src/test/results/clientpositive/llap/vector_windowing_rank.q.out b/ql/src/test/results/clientpositive/llap/vector_windowing_rank.q.out
index c34fa14f2f..dfa6488c60 100644
--- a/ql/src/test/results/clientpositive/llap/vector_windowing_rank.q.out
+++ b/ql/src/test/results/clientpositive/llap/vector_windowing_rank.q.out
@@ -345,7 +345,7 @@ STAGE PLANS:
                       vectorizationSchemaColumns: [0:t:tinyint, 1:si:smallint, 2:i:int, 3:b:bigint, 4:f:float, 5:d:double, 6:bo:boolean, 7:s:string, 8:ts:timestamp, 9:dec:decimal(4,2)/DECIMAL_64, 10:bin:binary, 11:ROW__ID:struct<writeid:bigint,bucketid:int,rowid:bigint>]
                   Reduce Output Operator
                     key expressions: ts (type: timestamp), i (type: int), s (type: string)
-                    null sort order: azz
+                    null sort order: aza
                     sort order: ++-
                     Map-reduce partition columns: ts (type: timestamp)
                     Reduce Sink Vectorization:
@@ -377,7 +377,7 @@ STAGE PLANS:
             Reduce Vectorization:
                 enabled: true
                 enableConditionsMet: hive.vectorized.execution.reduce.enabled IS true, hive.execution.engine tez IN [tez, spark] IS true
-                reduceColumnNullOrder: azz
+                reduceColumnNullOrder: aza
                 reduceColumnSortOrder: ++-
                 allNative: false
                 usesVectorUDFAdaptor: false
@@ -405,7 +405,7 @@ STAGE PLANS:
                       Windowing table definition
                         input alias: ptf_1
                         name: windowingtablefunction
-                        order by: _col2 ASC NULLS LAST, _col7 DESC NULLS LAST
+                        order by: _col2 ASC NULLS LAST, _col7 DESC NULLS FIRST
                         partition by: _col8
                         raw input shape:
                         window functions:
diff --git a/ql/src/test/results/clientpositive/llap/vector_windowing_windowspec.q.out b/ql/src/test/results/clientpositive/llap/vector_windowing_windowspec.q.out
index ab36cf58d0..d6e5205db8 100644
--- a/ql/src/test/results/clientpositive/llap/vector_windowing_windowspec.q.out
+++ b/ql/src/test/results/clientpositive/llap/vector_windowing_windowspec.q.out
@@ -1057,7 +1057,7 @@ STAGE PLANS:
                       vectorizationSchemaColumns: [0:t:tinyint, 1:si:smallint, 2:i:int, 3:b:bigint, 4:f:float, 5:d:double, 6:bo:boolean, 7:s:string, 8:ts:timestamp, 9:dec:decimal(10,0)/DECIMAL_64, 10:bin:binary, 11:ROW__ID:struct<writeid:bigint,bucketid:int,rowid:bigint>]
                   Reduce Output Operator
                     key expressions: t (type: tinyint), s (type: string), d (type: double)
-                    null sort order: azz
+                    null sort order: aza
                     sort order: ++-
                     Map-reduce partition columns: t (type: tinyint)
                     Reduce Sink Vectorization:
@@ -1105,7 +1105,7 @@ STAGE PLANS:
                       Windowing table definition
                         input alias: ptf_1
                         name: windowingtablefunction
-                        order by: _col7 ASC NULLS LAST, _col5 DESC NULLS LAST
+                        order by: _col7 ASC NULLS LAST, _col5 DESC NULLS FIRST
                         partition by: _col0
                         raw input shape:
                         window functions:
diff --git a/ql/src/test/results/clientpositive/llap/vectorization_numeric_overflows.q.out b/ql/src/test/results/clientpositive/llap/vectorization_numeric_overflows.q.out
index e741bbdd2c..8973fecb6e 100644
--- a/ql/src/test/results/clientpositive/llap/vectorization_numeric_overflows.q.out
+++ b/ql/src/test/results/clientpositive/llap/vectorization_numeric_overflows.q.out
@@ -982,7 +982,7 @@ STAGE PLANS:
                       Statistics: Num rows: 1 Data size: 12 Basic stats: COMPLETE Column stats: COMPLETE
                       Reduce Output Operator
                         key expressions: _col2 (type: tinyint)
-                        null sort order: z
+                        null sort order: a
                         sort order: -
                         Statistics: Num rows: 1 Data size: 12 Basic stats: COMPLETE Column stats: COMPLETE
                         value expressions: _col0 (type: tinyint), _col1 (type: tinyint)
@@ -1077,7 +1077,7 @@ STAGE PLANS:
                       Statistics: Num rows: 1 Data size: 12 Basic stats: COMPLETE Column stats: COMPLETE
                       Reduce Output Operator
                         key expressions: _col2 (type: int)
-                        null sort order: z
+                        null sort order: a
                         sort order: -
                         Reduce Sink Vectorization:
                             className: VectorReduceSinkObjectHashOperator
diff --git a/ql/src/test/results/clientpositive/llap/vectorized_ptf.q.out b/ql/src/test/results/clientpositive/llap/vectorized_ptf.q.out
index 1b9ae115a8..79d2fbfded 100644
--- a/ql/src/test/results/clientpositive/llap/vectorized_ptf.q.out
+++ b/ql/src/test/results/clientpositive/llap/vectorized_ptf.q.out
@@ -2023,7 +2023,7 @@ STAGE PLANS:
                         Partition table definition
                           input alias: ptf_1
                           name: noopwithmap
-                          order by: p_name ASC NULLS LAST, p_size DESC NULLS LAST
+                          order by: p_name ASC NULLS LAST, p_size DESC NULLS FIRST
                           output shape: p_name: string, p_mfgr: string, p_size: int
                           partition by: p_mfgr
                           raw input shape:
@@ -2032,7 +2032,7 @@ STAGE PLANS:
                     Map-side function: true
                     Reduce Output Operator
                       key expressions: p_mfgr (type: string), p_name (type: string), p_size (type: int)
-                      null sort order: azz
+                      null sort order: aza
                       sort order: ++-
                       Map-reduce partition columns: p_mfgr (type: string)
                       Statistics: Num rows: 26 Data size: 5798 Basic stats: COMPLETE Column stats: COMPLETE
@@ -2065,7 +2065,7 @@ STAGE PLANS:
                       Partition table definition
                         input alias: ptf_1
                         name: noopwithmap
-                        order by: _col1 ASC NULLS LAST, _col5 DESC NULLS LAST
+                        order by: _col1 ASC NULLS LAST, _col5 DESC NULLS FIRST
                         output shape: _col1: string, _col2: string, _col5: int
                         partition by: _col2
                         raw input shape:
@@ -2073,7 +2073,7 @@ STAGE PLANS:
                   Statistics: Num rows: 26 Data size: 12766 Basic stats: COMPLETE Column stats: COMPLETE
                   Reduce Output Operator
                     key expressions: _col2 (type: string), _col1 (type: string), _col5 (type: int)
-                    null sort order: azz
+                    null sort order: aza
                     sort order: ++-
                     Map-reduce partition columns: _col2 (type: string)
                     Statistics: Num rows: 26 Data size: 12766 Basic stats: COMPLETE Column stats: COMPLETE
@@ -2082,7 +2082,7 @@ STAGE PLANS:
             Reduce Vectorization:
                 enabled: true
                 enableConditionsMet: hive.vectorized.execution.reduce.enabled IS true, hive.execution.engine tez IN [tez, spark] IS true
-                reduceColumnNullOrder: azz
+                reduceColumnNullOrder: aza
                 reduceColumnSortOrder: ++-
                 allNative: false
                 usesVectorUDFAdaptor: false
@@ -2110,7 +2110,7 @@ STAGE PLANS:
                       Windowing table definition
                         input alias: ptf_1
                         name: windowingtablefunction
-                        order by: _col1 ASC NULLS LAST, _col5 DESC NULLS LAST
+                        order by: _col1 ASC NULLS LAST, _col5 DESC NULLS FIRST
                         partition by: _col2
                         raw input shape:
                         window functions:
diff --git a/ql/src/test/results/clientpositive/llap/windowing_filter.q.out b/ql/src/test/results/clientpositive/llap/windowing_filter.q.out
index 5dbb8849c6..d09203d2c9 100644
--- a/ql/src/test/results/clientpositive/llap/windowing_filter.q.out
+++ b/ql/src/test/results/clientpositive/llap/windowing_filter.q.out
@@ -110,13 +110,13 @@ STAGE PLANS:
                 Top N Key Operator
                   sort order: +-
                   keys: _col0 (type: string), _col1 (type: double)
-                  null sort order: az
+                  null sort order: aa
                   Map-reduce partition columns: _col0 (type: string)
                   Statistics: Num rows: 5 Data size: 470 Basic stats: COMPLETE Column stats: COMPLETE
                   top n: 6
                   Reduce Output Operator
                     key expressions: _col0 (type: string), _col1 (type: double)
-                    null sort order: az
+                    null sort order: aa
                     sort order: +-
                     Map-reduce partition columns: _col0 (type: string)
                     Statistics: Num rows: 5 Data size: 470 Basic stats: COMPLETE Column stats: COMPLETE
@@ -137,7 +137,7 @@ STAGE PLANS:
                       Windowing table definition
                         input alias: ptf_1
                         name: windowingtablefunction
-                        order by: _col1 DESC NULLS LAST
+                        order by: _col1 DESC NULLS FIRST
                         partition by: _col0
                         raw input shape:
                         window functions:
diff --git a/ql/src/test/results/clientpositive/llap/windowing_gby2.q.out b/ql/src/test/results/clientpositive/llap/windowing_gby2.q.out
index b8494a0ef5..a693d58db5 100644
--- a/ql/src/test/results/clientpositive/llap/windowing_gby2.q.out
+++ b/ql/src/test/results/clientpositive/llap/windowing_gby2.q.out
@@ -332,7 +332,7 @@ STAGE PLANS:
                 Statistics: Num rows: 10 Data size: 1980 Basic stats: COMPLETE Column stats: COMPLETE
                 Reduce Output Operator
                   key expressions: _col0 (type: string), _col2 (type: double)
-                  null sort order: az
+                  null sort order: aa
                   sort order: +-
                   Map-reduce partition columns: _col0 (type: string)
                   Statistics: Num rows: 10 Data size: 1980 Basic stats: COMPLETE Column stats: COMPLETE
@@ -353,7 +353,7 @@ STAGE PLANS:
                       Windowing table definition
                         input alias: ptf_1
                         name: windowingtablefunction
-                        order by: _col2 DESC NULLS LAST
+                        order by: _col2 DESC NULLS FIRST
                         partition by: _col0
                         raw input shape:
                         window functions:
diff --git a/ql/src/test/results/clientpositive/llap/windowing_navfn.q.out b/ql/src/test/results/clientpositive/llap/windowing_navfn.q.out
index 1335605de2..224e2aea52 100644
--- a/ql/src/test/results/clientpositive/llap/windowing_navfn.q.out
+++ b/ql/src/test/results/clientpositive/llap/windowing_navfn.q.out
@@ -778,11 +778,11 @@ POSTHOOK: Input: default@wtest_n0
 1	NULL	NULL	NULL	NULL	NULL
 1	NULL	NULL	NULL	NULL	NULL
 1	NULL	NULL	NULL	NULL	NULL
-2	3	3	3	3	3
-2	2	3	3	3	3
-2	1	2	2	3	3
-2	NULL	1	1	3	3
-2	NULL	NULL	NULL	3	3
+2	NULL	NULL	NULL	NULL	NULL
+2	NULL	NULL	3	NULL	3
+2	3	NULL	3	NULL	3
+2	2	3	3	NULL	3
+2	1	2	2	NULL	3
 3	5	5	5	5	5
 3	4	5	5	5	5
 3	3	4	4	5	5
@@ -844,11 +844,11 @@ POSTHOOK: Input: default@wtest_n0
 1	NULL	NULL	NULL	NULL	NULL
 1	NULL	NULL	NULL	NULL	NULL
 1	NULL	NULL	NULL	NULL	NULL
+2	NULL	NULL	NULL	NULL	NULL
+2	NULL	3	3	3	3
 2	3	2	2	2	2
 2	2	1	1	1	1
-2	1	NULL	1	NULL	1
-2	NULL	NULL	1	NULL	1
-2	NULL	NULL	NULL	NULL	1
+2	1	1	1	1	1
 3	5	4	4	4	4
 3	4	3	3	3	3
 3	3	2	2	2	2
diff --git a/ql/src/test/results/clientpositive/perf/tez/cbo_query19.q.out b/ql/src/test/results/clientpositive/perf/tez/cbo_query19.q.out
index c486a7e96a..77c9e803ee 100644
--- a/ql/src/test/results/clientpositive/perf/tez/cbo_query19.q.out
+++ b/ql/src/test/results/clientpositive/perf/tez/cbo_query19.q.out
@@ -62,7 +62,7 @@ POSTHOOK: Input: default@store_sales
 POSTHOOK: Output: hdfs://### HDFS PATH ###
 CBO PLAN:
 HiveProject(brand_id=[$0], brand=[$1], i_manufact_id=[$2], i_manufact=[$3], ext_price=[$4])
-  HiveSortLimit(sort0=[$4], sort1=[$5], sort2=[$6], sort3=[$2], sort4=[$3], dir0=[DESC-nulls-last], dir1=[ASC], dir2=[ASC], dir3=[ASC], dir4=[ASC], fetch=[100])
+  HiveSortLimit(sort0=[$4], sort1=[$5], sort2=[$6], sort3=[$2], sort4=[$3], dir0=[DESC], dir1=[ASC], dir2=[ASC], dir3=[ASC], dir4=[ASC], fetch=[100])
     HiveProject(brand_id=[$0], brand=[$1], i_manufact_id=[$2], i_manufact=[$3], ext_price=[$4], (tok_table_or_col i_brand)=[$1], (tok_table_or_col i_brand_id)=[$0])
       HiveAggregate(group=[{11, 12, 13, 14}], agg#0=[sum($8)])
         HiveJoin(condition=[AND(<>($3, $16), =($7, $15))], joinType=[inner], algorithm=[none], cost=[not available])
diff --git a/ql/src/test/results/clientpositive/perf/tez/cbo_query3.q.out b/ql/src/test/results/clientpositive/perf/tez/cbo_query3.q.out
index b3688f38fe..9ca71ad3eb 100644
--- a/ql/src/test/results/clientpositive/perf/tez/cbo_query3.q.out
+++ b/ql/src/test/results/clientpositive/perf/tez/cbo_query3.q.out
@@ -47,7 +47,7 @@ POSTHOOK: Input: default@item
 POSTHOOK: Input: default@store_sales
 POSTHOOK: Output: hdfs://### HDFS PATH ###
 CBO PLAN:
-HiveSortLimit(sort0=[$0], sort1=[$3], sort2=[$1], dir0=[ASC], dir1=[DESC-nulls-last], dir2=[ASC], fetch=[100])
+HiveSortLimit(sort0=[$0], sort1=[$3], sort2=[$1], dir0=[ASC], dir1=[DESC], dir2=[ASC], fetch=[100])
   HiveProject(d_year=[$2], i_brand_id=[$0], i_brand=[$1], $f3=[$3])
     HiveAggregate(group=[{4, 5, 7}], agg#0=[sum($2)])
       HiveJoin(condition=[=($6, $0)], joinType=[inner], algorithm=[none], cost=[not available])
diff --git a/ql/src/test/results/clientpositive/perf/tez/cbo_query34.q.out b/ql/src/test/results/clientpositive/perf/tez/cbo_query34.q.out
index 728200600c..66cfa80377 100644
--- a/ql/src/test/results/clientpositive/perf/tez/cbo_query34.q.out
+++ b/ql/src/test/results/clientpositive/perf/tez/cbo_query34.q.out
@@ -71,7 +71,7 @@ POSTHOOK: Input: default@store
 POSTHOOK: Input: default@store_sales
 POSTHOOK: Output: hdfs://### HDFS PATH ###
 CBO PLAN:
-HiveSortLimit(sort0=[$0], sort1=[$1], sort2=[$2], sort3=[$3], dir0=[ASC], dir1=[ASC], dir2=[ASC], dir3=[DESC-nulls-last])
+HiveSortLimit(sort0=[$0], sort1=[$1], sort2=[$2], sort3=[$3], dir0=[ASC], dir1=[ASC], dir2=[ASC], dir3=[DESC])
   HiveProject(c_last_name=[$3], c_first_name=[$2], c_salutation=[$1], c_preferred_cust_flag=[$4], ss_ticket_number=[$5], cnt=[$7])
     HiveJoin(condition=[=($6, $0)], joinType=[inner], algorithm=[none], cost=[not available])
       HiveProject(c_customer_sk=[$0], c_salutation=[$7], c_first_name=[$8], c_last_name=[$9], c_preferred_cust_flag=[$10])
diff --git a/ql/src/test/results/clientpositive/perf/tez/cbo_query36.q.out b/ql/src/test/results/clientpositive/perf/tez/cbo_query36.q.out
index f5b6d1ce51..791b6b8ed8 100644
--- a/ql/src/test/results/clientpositive/perf/tez/cbo_query36.q.out
+++ b/ql/src/test/results/clientpositive/perf/tez/cbo_query36.q.out
@@ -68,7 +68,7 @@ POSTHOOK: Input: default@store_sales
 POSTHOOK: Output: hdfs://### HDFS PATH ###
 CBO PLAN:
 HiveProject(gross_margin=[$0], i_category=[$1], i_class=[$2], lochierarchy=[$3], rank_within_parent=[$4])
-  HiveSortLimit(sort0=[$3], sort1=[$5], sort2=[$4], dir0=[DESC-nulls-last], dir1=[ASC], dir2=[ASC], fetch=[100])
+  HiveSortLimit(sort0=[$3], sort1=[$5], sort2=[$4], dir0=[DESC], dir1=[ASC], dir2=[ASC], fetch=[100])
     HiveProject(gross_margin=[/($2, $3)], i_category=[$0], i_class=[$1], lochierarchy=[+(grouping($4, 1:BIGINT), grouping($4, 0:BIGINT))], rank_within_parent=[rank() OVER (PARTITION BY +(grouping($4, 1:BIGINT), grouping($4, 0:BIGINT)), CASE(=(grouping($4, 0:BIGINT), CAST(0):BIGINT), $0, null:VARCHAR(2147483647) CHARACTER SET "UTF-16LE") ORDER BY /($2, $3) NULLS LAST ROWS BETWEEN UNBOUNDED PRECEDING AND UNBOUNDED FOLLOWING)], (tok_function when (= (tok_table_or_col lochierarchy) 0) (tok_table_or_col i_category))=[CASE(=(+(grouping($4, 1:BIGINT), grouping($4, 0:BIGINT)), 0), $0, null:VARCHAR(2147483647) CHARACTER SET "UTF-16LE")])
       HiveProject($f0=[$0], $f1=[$1], $f2=[$2], $f3=[$3], GROUPING__ID=[$4])
         HiveAggregate(group=[{0, 1}], groups=[[{0, 1}, {0}, {}]], agg#0=[sum($2)], agg#1=[sum($3)], GROUPING__ID=[GROUPING__ID()])
diff --git a/ql/src/test/results/clientpositive/perf/tez/cbo_query42.q.out b/ql/src/test/results/clientpositive/perf/tez/cbo_query42.q.out
index fc46de80b3..b69d3b52a8 100644
--- a/ql/src/test/results/clientpositive/perf/tez/cbo_query42.q.out
+++ b/ql/src/test/results/clientpositive/perf/tez/cbo_query42.q.out
@@ -51,7 +51,7 @@ POSTHOOK: Output: hdfs://### HDFS PATH ###
 CBO PLAN:
 HiveSortLimit(fetch=[100])
   HiveProject(d_year=[CAST(1998):INTEGER], i_category_id=[$0], i_category=[$1], _o__c3=[$2])
-    HiveSortLimit(sort0=[$3], sort1=[$0], sort2=[$1], dir0=[DESC-nulls-last], dir1=[ASC], dir2=[ASC])
+    HiveSortLimit(sort0=[$3], sort1=[$0], sort2=[$1], dir0=[DESC], dir1=[ASC], dir2=[ASC])
       HiveProject(i_category_id=[$0], i_category=[$1], _o__c3=[$2], (tok_function sum (tok_table_or_col ss_ext_sales_price))=[$2])
         HiveAggregate(group=[{5, 6}], agg#0=[sum($2)])
           HiveJoin(condition=[=($1, $4)], joinType=[inner], algorithm=[none], cost=[not available])
diff --git a/ql/src/test/results/clientpositive/perf/tez/cbo_query52.q.out b/ql/src/test/results/clientpositive/perf/tez/cbo_query52.q.out
index eab5d69e61..5669344662 100644
--- a/ql/src/test/results/clientpositive/perf/tez/cbo_query52.q.out
+++ b/ql/src/test/results/clientpositive/perf/tez/cbo_query52.q.out
@@ -50,7 +50,7 @@ POSTHOOK: Input: default@store_sales
 POSTHOOK: Output: hdfs://### HDFS PATH ###
 CBO PLAN:
 HiveProject(d_year=[CAST(1998):INTEGER], brand_id=[$0], brand=[$1], ext_price=[$2])
-  HiveSortLimit(sort0=[$2], sort1=[$0], dir0=[DESC-nulls-last], dir1=[ASC], fetch=[100])
+  HiveSortLimit(sort0=[$2], sort1=[$0], dir0=[DESC], dir1=[ASC], fetch=[100])
     HiveProject(i_brand_id=[$0], i_brand=[$1], $f2=[$2])
       HiveAggregate(group=[{5, 6}], agg#0=[sum($2)])
         HiveJoin(condition=[=($1, $4)], joinType=[inner], algorithm=[none], cost=[not available])
diff --git a/ql/src/test/results/clientpositive/perf/tez/cbo_query55.q.out b/ql/src/test/results/clientpositive/perf/tez/cbo_query55.q.out
index f617d8b98e..a94ae4db9d 100644
--- a/ql/src/test/results/clientpositive/perf/tez/cbo_query55.q.out
+++ b/ql/src/test/results/clientpositive/perf/tez/cbo_query55.q.out
@@ -34,7 +34,7 @@ POSTHOOK: Input: default@store_sales
 POSTHOOK: Output: hdfs://### HDFS PATH ###
 CBO PLAN:
 HiveProject(brand_id=[$0], brand=[$1], ext_price=[$2])
-  HiveSortLimit(sort0=[$2], sort1=[$3], dir0=[DESC-nulls-last], dir1=[ASC], fetch=[100])
+  HiveSortLimit(sort0=[$2], sort1=[$3], dir0=[DESC], dir1=[ASC], fetch=[100])
     HiveProject(brand_id=[$0], brand=[$1], ext_price=[$2], (tok_table_or_col i_brand_id)=[$0])
       HiveAggregate(group=[{5, 6}], agg#0=[sum($2)])
         HiveJoin(condition=[=($1, $4)], joinType=[inner], algorithm=[none], cost=[not available])
diff --git a/ql/src/test/results/clientpositive/perf/tez/cbo_query71.q.out b/ql/src/test/results/clientpositive/perf/tez/cbo_query71.q.out
index 5ed9c4f95f..34edc2471f 100644
--- a/ql/src/test/results/clientpositive/perf/tez/cbo_query71.q.out
+++ b/ql/src/test/results/clientpositive/perf/tez/cbo_query71.q.out
@@ -90,7 +90,7 @@ POSTHOOK: Input: default@web_sales
 POSTHOOK: Output: hdfs://### HDFS PATH ###
 CBO PLAN:
 HiveProject(brand_id=[$0], brand=[$1], t_hour=[$2], t_minute=[$3], ext_price=[$4])
-  HiveSortLimit(sort0=[$4], sort1=[$5], dir0=[DESC-nulls-last], dir1=[ASC])
+  HiveSortLimit(sort0=[$4], sort1=[$5], dir0=[DESC], dir1=[ASC])
     HiveProject(brand_id=[$2], brand=[$3], t_hour=[$0], t_minute=[$1], ext_price=[$4], (tok_table_or_col i_brand_id)=[$2])
       HiveAggregate(group=[{1, 2, 7, 8}], agg#0=[sum($3)])
         HiveJoin(condition=[=($5, $0)], joinType=[inner], algorithm=[none], cost=[not available])
diff --git a/ql/src/test/results/clientpositive/perf/tez/cbo_query72.q.out b/ql/src/test/results/clientpositive/perf/tez/cbo_query72.q.out
index c38ed02ebd..d6442236b5 100644
--- a/ql/src/test/results/clientpositive/perf/tez/cbo_query72.q.out
+++ b/ql/src/test/results/clientpositive/perf/tez/cbo_query72.q.out
@@ -79,7 +79,7 @@ POSTHOOK: Input: default@promotion
 POSTHOOK: Input: default@warehouse
 POSTHOOK: Output: hdfs://### HDFS PATH ###
 CBO PLAN:
-HiveSortLimit(sort0=[$5], sort1=[$0], sort2=[$1], sort3=[$2], dir0=[DESC-nulls-last], dir1=[ASC], dir2=[ASC], dir3=[ASC], fetch=[100])
+HiveSortLimit(sort0=[$5], sort1=[$0], sort2=[$1], sort3=[$2], dir0=[DESC], dir1=[ASC], dir2=[ASC], dir3=[ASC], fetch=[100])
   HiveProject($f0=[$0], $f1=[$1], $f2=[$2], $f3=[$3], $f4=[$4], $f5=[$5])
     HiveAggregate(group=[{0, 1, 2}], agg#0=[count($3)], agg#1=[count($4)], agg#2=[count()])
       HiveProject($f0=[$15], $f1=[$13], $f2=[$19], $f3=[CASE(IS NULL($25), 1, 0)], $f4=[CASE(IS NOT NULL($25), 1, 0)])
diff --git a/ql/src/test/results/clientpositive/perf/tez/cbo_query73.q.out b/ql/src/test/results/clientpositive/perf/tez/cbo_query73.q.out
index b3db960c46..cc89757b31 100644
--- a/ql/src/test/results/clientpositive/perf/tez/cbo_query73.q.out
+++ b/ql/src/test/results/clientpositive/perf/tez/cbo_query73.q.out
@@ -65,7 +65,7 @@ POSTHOOK: Input: default@store
 POSTHOOK: Input: default@store_sales
 POSTHOOK: Output: hdfs://### HDFS PATH ###
 CBO PLAN:
-HiveSortLimit(sort0=[$5], dir0=[DESC-nulls-last])
+HiveSortLimit(sort0=[$5], dir0=[DESC])
   HiveProject(c_last_name=[$3], c_first_name=[$2], c_salutation=[$1], c_preferred_cust_flag=[$4], ss_ticket_number=[$5], cnt=[$7])
     HiveJoin(condition=[=($6, $0)], joinType=[inner], algorithm=[none], cost=[not available])
       HiveProject(c_customer_sk=[$0], c_salutation=[$7], c_first_name=[$8], c_last_name=[$9], c_preferred_cust_flag=[$10])
diff --git a/ql/src/test/results/clientpositive/perf/tez/cbo_query78.q.out b/ql/src/test/results/clientpositive/perf/tez/cbo_query78.q.out
index e5a423d155..180204c2d2 100644
--- a/ql/src/test/results/clientpositive/perf/tez/cbo_query78.q.out
+++ b/ql/src/test/results/clientpositive/perf/tez/cbo_query78.q.out
@@ -131,7 +131,7 @@ POSTHOOK: Output: hdfs://### HDFS PATH ###
 CBO PLAN:
 HiveSortLimit(fetch=[100])
   HiveProject(ss_sold_year=[CAST(2000):INTEGER], ss_item_sk=[$0], ss_customer_sk=[$1], ratio=[$2], store_qty=[$3], store_wholesale_cost=[$4], store_sales_price=[$5], other_chan_qty=[$6], other_chan_wholesale_cost=[$7], other_chan_sales_price=[$8])
-    HiveSortLimit(sort0=[$0], sort1=[$1], sort2=[$9], sort3=[$10], sort4=[$11], sort5=[$6], sort6=[$7], sort7=[$8], sort8=[$12], dir0=[ASC], dir1=[ASC], dir2=[DESC-nulls-last], dir3=[DESC-nulls-last], dir4=[DESC-nulls-last], dir5=[ASC], dir6=[ASC], dir7=[ASC], dir8=[ASC])
+    HiveSortLimit(sort0=[$0], sort1=[$1], sort2=[$9], sort3=[$10], sort4=[$11], sort5=[$6], sort6=[$7], sort7=[$8], sort8=[$12], dir0=[ASC], dir1=[ASC], dir2=[DESC], dir3=[DESC], dir4=[DESC], dir5=[ASC], dir6=[ASC], dir7=[ASC], dir8=[ASC])
       HiveProject(ss_item_sk=[$0], ss_customer_sk=[$1], ratio=[round(/(CAST($2):DOUBLE, CAST(CASE(AND($12, IS NOT NULL($7)), +($7, $11), 1:BIGINT)):DOUBLE), 2)], store_qty=[$2], store_wholesale_cost=[$3], store_sales_price=[$4], other_chan_qty=[+(CASE(IS NOT NULL($7), $7, 0:BIGINT), $13)], other_chan_wholesale_cost=[+(CASE(IS NOT NULL($8), $8, 0:DECIMAL(17, 2)), $14)], other_chan_sales_price=[+(CASE(IS NOT NULL($9), $9, 0:DECIMAL(17, 2)), $15)], ss_qty=[$2], ss_wc=[$3], ss_sp=[$4], (tok_function round (/ (tok_table_or_col ss_qty) (tok_function coalesce (+ (tok_table_or_col ws_qty) (tok_table_or_col cs_qty)) 1)) 2)=[round(/(CAST($2):DOUBLE, CAST(CASE(AND(IS NOT NULL($7), IS NOT NULL($11)), +($7, $11), 1:BIGINT)):DOUBLE), 2)])
         HiveJoin(condition=[=($10, $1)], joinType=[inner], algorithm=[none], cost=[not available])
           HiveJoin(condition=[AND(=($5, $0), =($6, $1))], joinType=[inner], algorithm=[none], cost=[not available])
diff --git a/ql/src/test/results/clientpositive/perf/tez/cbo_query91.q.out b/ql/src/test/results/clientpositive/perf/tez/cbo_query91.q.out
index 6cef63ba0e..50fba2f95c 100644
--- a/ql/src/test/results/clientpositive/perf/tez/cbo_query91.q.out
+++ b/ql/src/test/results/clientpositive/perf/tez/cbo_query91.q.out
@@ -76,7 +76,7 @@ POSTHOOK: Input: default@household_demographics
 POSTHOOK: Output: hdfs://### HDFS PATH ###
 CBO PLAN:
 HiveProject(call_center=[$0], call_center_name=[$1], manager=[$2], returns_loss=[$3])
-  HiveSortLimit(sort0=[$4], dir0=[DESC-nulls-last])
+  HiveSortLimit(sort0=[$4], dir0=[DESC])
     HiveProject(call_center=[$2], call_center_name=[$3], manager=[$4], returns_loss=[$5], (tok_function sum (tok_table_or_col cr_net_loss))=[$5])
       HiveAggregate(group=[{6, 7, 14, 15, 16}], agg#0=[sum($11)])
         HiveJoin(condition=[=($17, $3)], joinType=[inner], algorithm=[none], cost=[not available])
diff --git a/ql/src/test/results/clientpositive/perf/tez/constraints/cbo_query19.q.out b/ql/src/test/results/clientpositive/perf/tez/constraints/cbo_query19.q.out
index 110f0cf6d7..5ee83fea95 100644
--- a/ql/src/test/results/clientpositive/perf/tez/constraints/cbo_query19.q.out
+++ b/ql/src/test/results/clientpositive/perf/tez/constraints/cbo_query19.q.out
@@ -62,7 +62,7 @@ POSTHOOK: Input: default@store_sales
 POSTHOOK: Output: hdfs://### HDFS PATH ###
 CBO PLAN:
 HiveProject(brand_id=[$0], brand=[$1], i_manufact_id=[$2], i_manufact=[$3], ext_price=[$4])
-  HiveSortLimit(sort0=[$4], sort1=[$5], sort2=[$6], sort3=[$2], sort4=[$3], dir0=[DESC-nulls-last], dir1=[ASC], dir2=[ASC], dir3=[ASC], dir4=[ASC], fetch=[100])
+  HiveSortLimit(sort0=[$4], sort1=[$5], sort2=[$6], sort3=[$2], sort4=[$3], dir0=[DESC], dir1=[ASC], dir2=[ASC], dir3=[ASC], dir4=[ASC], fetch=[100])
     HiveProject(brand_id=[$0], brand=[$1], i_manufact_id=[$2], i_manufact=[$3], ext_price=[$4], (tok_table_or_col i_brand)=[$1], (tok_table_or_col i_brand_id)=[$0])
       HiveAggregate(group=[{11, 12, 13, 14}], agg#0=[sum($8)])
         HiveJoin(condition=[AND(<>($3, $16), =($7, $15))], joinType=[inner], algorithm=[none], cost=[not available])
diff --git a/ql/src/test/results/clientpositive/perf/tez/constraints/cbo_query3.q.out b/ql/src/test/results/clientpositive/perf/tez/constraints/cbo_query3.q.out
index 8f9528cea1..5d178377bb 100644
--- a/ql/src/test/results/clientpositive/perf/tez/constraints/cbo_query3.q.out
+++ b/ql/src/test/results/clientpositive/perf/tez/constraints/cbo_query3.q.out
@@ -47,7 +47,7 @@ POSTHOOK: Input: default@item
 POSTHOOK: Input: default@store_sales
 POSTHOOK: Output: hdfs://### HDFS PATH ###
 CBO PLAN:
-HiveSortLimit(sort0=[$0], sort1=[$3], sort2=[$1], dir0=[ASC], dir1=[DESC-nulls-last], dir2=[ASC], fetch=[100])
+HiveSortLimit(sort0=[$0], sort1=[$3], sort2=[$1], dir0=[ASC], dir1=[DESC], dir2=[ASC], fetch=[100])
   HiveProject(d_year=[$2], i_brand_id=[$0], i_brand=[$1], $f3=[$3])
     HiveAggregate(group=[{4, 5, 7}], agg#0=[sum($2)])
       HiveJoin(condition=[=($6, $0)], joinType=[inner], algorithm=[none], cost=[not available])
diff --git a/ql/src/test/results/clientpositive/perf/tez/constraints/cbo_query34.q.out b/ql/src/test/results/clientpositive/perf/tez/constraints/cbo_query34.q.out
index 1243fcd57c..c6ee971ca8 100644
--- a/ql/src/test/results/clientpositive/perf/tez/constraints/cbo_query34.q.out
+++ b/ql/src/test/results/clientpositive/perf/tez/constraints/cbo_query34.q.out
@@ -71,7 +71,7 @@ POSTHOOK: Input: default@store
 POSTHOOK: Input: default@store_sales
 POSTHOOK: Output: hdfs://### HDFS PATH ###
 CBO PLAN:
-HiveSortLimit(sort0=[$0], sort1=[$1], sort2=[$2], sort3=[$3], dir0=[ASC], dir1=[ASC], dir2=[ASC], dir3=[DESC-nulls-last])
+HiveSortLimit(sort0=[$0], sort1=[$1], sort2=[$2], sort3=[$3], dir0=[ASC], dir1=[ASC], dir2=[ASC], dir3=[DESC])
   HiveProject(c_last_name=[$3], c_first_name=[$2], c_salutation=[$1], c_preferred_cust_flag=[$4], ss_ticket_number=[$5], cnt=[$7])
     HiveJoin(condition=[=($6, $0)], joinType=[inner], algorithm=[none], cost=[not available])
       HiveProject(c_customer_sk=[$0], c_salutation=[$7], c_first_name=[$8], c_last_name=[$9], c_preferred_cust_flag=[$10])
diff --git a/ql/src/test/results/clientpositive/perf/tez/constraints/cbo_query36.q.out b/ql/src/test/results/clientpositive/perf/tez/constraints/cbo_query36.q.out
index 1ec1faf510..b6935ea3e0 100644
--- a/ql/src/test/results/clientpositive/perf/tez/constraints/cbo_query36.q.out
+++ b/ql/src/test/results/clientpositive/perf/tez/constraints/cbo_query36.q.out
@@ -68,7 +68,7 @@ POSTHOOK: Input: default@store_sales
 POSTHOOK: Output: hdfs://### HDFS PATH ###
 CBO PLAN:
 HiveProject(gross_margin=[$0], i_category=[$1], i_class=[$2], lochierarchy=[$3], rank_within_parent=[$4])
-  HiveSortLimit(sort0=[$3], sort1=[$5], sort2=[$4], dir0=[DESC-nulls-last], dir1=[ASC], dir2=[ASC], fetch=[100])
+  HiveSortLimit(sort0=[$3], sort1=[$5], sort2=[$4], dir0=[DESC], dir1=[ASC], dir2=[ASC], fetch=[100])
     HiveProject(gross_margin=[/($2, $3)], i_category=[$0], i_class=[$1], lochierarchy=[+(grouping($4, 1:BIGINT), grouping($4, 0:BIGINT))], rank_within_parent=[rank() OVER (PARTITION BY +(grouping($4, 1:BIGINT), grouping($4, 0:BIGINT)), CASE(=(grouping($4, 0:BIGINT), CAST(0):BIGINT), $0, null:VARCHAR(2147483647) CHARACTER SET "UTF-16LE") ORDER BY /($2, $3) NULLS LAST ROWS BETWEEN UNBOUNDED PRECEDING AND UNBOUNDED FOLLOWING)], (tok_function when (= (tok_table_or_col lochierarchy) 0) (tok_table_or_col i_category))=[CASE(=(+(grouping($4, 1:BIGINT), grouping($4, 0:BIGINT)), 0), $0, null:VARCHAR(2147483647) CHARACTER SET "UTF-16LE")])
       HiveProject($f0=[$0], $f1=[$1], $f2=[$2], $f3=[$3], GROUPING__ID=[$4])
         HiveAggregate(group=[{0, 1}], groups=[[{0, 1}, {0}, {}]], agg#0=[sum($2)], agg#1=[sum($3)], GROUPING__ID=[GROUPING__ID()])
diff --git a/ql/src/test/results/clientpositive/perf/tez/constraints/cbo_query42.q.out b/ql/src/test/results/clientpositive/perf/tez/constraints/cbo_query42.q.out
index 1e00bd5c5f..e475b4e88b 100644
--- a/ql/src/test/results/clientpositive/perf/tez/constraints/cbo_query42.q.out
+++ b/ql/src/test/results/clientpositive/perf/tez/constraints/cbo_query42.q.out
@@ -51,7 +51,7 @@ POSTHOOK: Output: hdfs://### HDFS PATH ###
 CBO PLAN:
 HiveSortLimit(fetch=[100])
   HiveProject(d_year=[CAST(1998):INTEGER], i_category_id=[$0], i_category=[$1], _o__c3=[$2])
-    HiveSortLimit(sort0=[$3], sort1=[$0], sort2=[$1], dir0=[DESC-nulls-last], dir1=[ASC], dir2=[ASC])
+    HiveSortLimit(sort0=[$3], sort1=[$0], sort2=[$1], dir0=[DESC], dir1=[ASC], dir2=[ASC])
       HiveProject(i_category_id=[$0], i_category=[$1], _o__c3=[$2], (tok_function sum (tok_table_or_col ss_ext_sales_price))=[$2])
         HiveAggregate(group=[{5, 6}], agg#0=[sum($2)])
           HiveJoin(condition=[=($1, $4)], joinType=[inner], algorithm=[none], cost=[not available])
diff --git a/ql/src/test/results/clientpositive/perf/tez/constraints/cbo_query52.q.out b/ql/src/test/results/clientpositive/perf/tez/constraints/cbo_query52.q.out
index 2b1593f13b..6601b48b83 100644
--- a/ql/src/test/results/clientpositive/perf/tez/constraints/cbo_query52.q.out
+++ b/ql/src/test/results/clientpositive/perf/tez/constraints/cbo_query52.q.out
@@ -50,7 +50,7 @@ POSTHOOK: Input: default@store_sales
 POSTHOOK: Output: hdfs://### HDFS PATH ###
 CBO PLAN:
 HiveProject(d_year=[CAST(1998):INTEGER], brand_id=[$0], brand=[$1], ext_price=[$2])
-  HiveSortLimit(sort0=[$2], sort1=[$0], dir0=[DESC-nulls-last], dir1=[ASC], fetch=[100])
+  HiveSortLimit(sort0=[$2], sort1=[$0], dir0=[DESC], dir1=[ASC], fetch=[100])
     HiveProject(i_brand_id=[$0], i_brand=[$1], $f2=[$2])
       HiveAggregate(group=[{5, 6}], agg#0=[sum($2)])
         HiveJoin(condition=[=($1, $4)], joinType=[inner], algorithm=[none], cost=[not available])
diff --git a/ql/src/test/results/clientpositive/perf/tez/constraints/cbo_query55.q.out b/ql/src/test/results/clientpositive/perf/tez/constraints/cbo_query55.q.out
index 7d0bd5a6bf..58f58b6922 100644
--- a/ql/src/test/results/clientpositive/perf/tez/constraints/cbo_query55.q.out
+++ b/ql/src/test/results/clientpositive/perf/tez/constraints/cbo_query55.q.out
@@ -34,7 +34,7 @@ POSTHOOK: Input: default@store_sales
 POSTHOOK: Output: hdfs://### HDFS PATH ###
 CBO PLAN:
 HiveProject(brand_id=[$0], brand=[$1], ext_price=[$2])
-  HiveSortLimit(sort0=[$2], sort1=[$3], dir0=[DESC-nulls-last], dir1=[ASC], fetch=[100])
+  HiveSortLimit(sort0=[$2], sort1=[$3], dir0=[DESC], dir1=[ASC], fetch=[100])
     HiveProject(brand_id=[$0], brand=[$1], ext_price=[$2], (tok_table_or_col i_brand_id)=[$0])
       HiveAggregate(group=[{5, 6}], agg#0=[sum($2)])
         HiveJoin(condition=[=($1, $4)], joinType=[inner], algorithm=[none], cost=[not available])
diff --git a/ql/src/test/results/clientpositive/perf/tez/constraints/cbo_query71.q.out b/ql/src/test/results/clientpositive/perf/tez/constraints/cbo_query71.q.out
index 87c500132d..3c997a57ab 100644
--- a/ql/src/test/results/clientpositive/perf/tez/constraints/cbo_query71.q.out
+++ b/ql/src/test/results/clientpositive/perf/tez/constraints/cbo_query71.q.out
@@ -90,7 +90,7 @@ POSTHOOK: Input: default@web_sales
 POSTHOOK: Output: hdfs://### HDFS PATH ###
 CBO PLAN:
 HiveProject(brand_id=[$0], brand=[$1], t_hour=[$2], t_minute=[$3], ext_price=[$4])
-  HiveSortLimit(sort0=[$4], sort1=[$5], dir0=[DESC-nulls-last], dir1=[ASC])
+  HiveSortLimit(sort0=[$4], sort1=[$5], dir0=[DESC], dir1=[ASC])
     HiveProject(brand_id=[$2], brand=[$3], t_hour=[$0], t_minute=[$1], ext_price=[$4], (tok_table_or_col i_brand_id)=[$2])
       HiveAggregate(group=[{1, 2, 7, 8}], agg#0=[sum($3)])
         HiveJoin(condition=[=($5, $0)], joinType=[inner], algorithm=[none], cost=[not available])
diff --git a/ql/src/test/results/clientpositive/perf/tez/constraints/cbo_query72.q.out b/ql/src/test/results/clientpositive/perf/tez/constraints/cbo_query72.q.out
index 346a3a9a46..7805ec9640 100644
--- a/ql/src/test/results/clientpositive/perf/tez/constraints/cbo_query72.q.out
+++ b/ql/src/test/results/clientpositive/perf/tez/constraints/cbo_query72.q.out
@@ -79,7 +79,7 @@ POSTHOOK: Input: default@promotion
 POSTHOOK: Input: default@warehouse
 POSTHOOK: Output: hdfs://### HDFS PATH ###
 CBO PLAN:
-HiveSortLimit(sort0=[$5], sort1=[$0], sort2=[$1], sort3=[$2], dir0=[DESC-nulls-last], dir1=[ASC], dir2=[ASC], dir3=[ASC], fetch=[100])
+HiveSortLimit(sort0=[$5], sort1=[$0], sort2=[$1], sort3=[$2], dir0=[DESC], dir1=[ASC], dir2=[ASC], dir3=[ASC], fetch=[100])
   HiveProject($f0=[$0], $f1=[$1], $f2=[$2], $f3=[$3], $f4=[$4], $f5=[$5])
     HiveAggregate(group=[{0, 1, 2}], agg#0=[count($3)], agg#1=[count($4)], agg#2=[count()])
       HiveProject($f0=[$15], $f1=[$13], $f2=[$19], $f3=[CASE(IS NULL($25), 1, 0)], $f4=[CASE(IS NOT NULL($25), 1, 0)])
diff --git a/ql/src/test/results/clientpositive/perf/tez/constraints/cbo_query73.q.out b/ql/src/test/results/clientpositive/perf/tez/constraints/cbo_query73.q.out
index e5fc58aa55..2d61ca06b1 100644
--- a/ql/src/test/results/clientpositive/perf/tez/constraints/cbo_query73.q.out
+++ b/ql/src/test/results/clientpositive/perf/tez/constraints/cbo_query73.q.out
@@ -65,7 +65,7 @@ POSTHOOK: Input: default@store
 POSTHOOK: Input: default@store_sales
 POSTHOOK: Output: hdfs://### HDFS PATH ###
 CBO PLAN:
-HiveSortLimit(sort0=[$5], dir0=[DESC-nulls-last])
+HiveSortLimit(sort0=[$5], dir0=[DESC])
   HiveProject(c_last_name=[$3], c_first_name=[$2], c_salutation=[$1], c_preferred_cust_flag=[$4], ss_ticket_number=[$5], cnt=[$7])
     HiveJoin(condition=[=($6, $0)], joinType=[inner], algorithm=[none], cost=[not available])
       HiveProject(c_customer_sk=[$0], c_salutation=[$7], c_first_name=[$8], c_last_name=[$9], c_preferred_cust_flag=[$10])
diff --git a/ql/src/test/results/clientpositive/perf/tez/constraints/cbo_query78.q.out b/ql/src/test/results/clientpositive/perf/tez/constraints/cbo_query78.q.out
index 71c8423e7a..14028ff687 100644
--- a/ql/src/test/results/clientpositive/perf/tez/constraints/cbo_query78.q.out
+++ b/ql/src/test/results/clientpositive/perf/tez/constraints/cbo_query78.q.out
@@ -131,7 +131,7 @@ POSTHOOK: Output: hdfs://### HDFS PATH ###
 CBO PLAN:
 HiveSortLimit(fetch=[100])
   HiveProject(ss_sold_year=[CAST(2000):INTEGER], ss_item_sk=[$0], ss_customer_sk=[$1], ratio=[$2], store_qty=[$3], store_wholesale_cost=[$4], store_sales_price=[$5], other_chan_qty=[$6], other_chan_wholesale_cost=[$7], other_chan_sales_price=[$8])
-    HiveSortLimit(sort0=[$0], sort1=[$1], sort2=[$9], sort3=[$10], sort4=[$11], sort5=[$6], sort6=[$7], sort7=[$8], sort8=[$12], dir0=[ASC], dir1=[ASC], dir2=[DESC-nulls-last], dir3=[DESC-nulls-last], dir4=[DESC-nulls-last], dir5=[ASC], dir6=[ASC], dir7=[ASC], dir8=[ASC])
+    HiveSortLimit(sort0=[$0], sort1=[$1], sort2=[$9], sort3=[$10], sort4=[$11], sort5=[$6], sort6=[$7], sort7=[$8], sort8=[$12], dir0=[ASC], dir1=[ASC], dir2=[DESC], dir3=[DESC], dir4=[DESC], dir5=[ASC], dir6=[ASC], dir7=[ASC], dir8=[ASC])
       HiveProject(ss_item_sk=[$0], ss_customer_sk=[$1], ratio=[round(/(CAST($2):DOUBLE, CAST(CASE(AND(IS NOT NULL($11), IS NOT NULL($6)), +($11, $6), 1:BIGINT)):DOUBLE), 2)], store_qty=[$2], store_wholesale_cost=[$3], store_sales_price=[$4], other_chan_qty=[+(CASE(IS NOT NULL($11), $11, 0:BIGINT), CASE(IS NOT NULL($6), $6, 0:BIGINT))], other_chan_wholesale_cost=[+(CASE(IS NOT NULL($12), $12, 0:DECIMAL(17, 2)), CASE(IS NOT NULL($7), $7, 0:DECIMAL(17, 2)))], other_chan_sales_price=[+(CASE(IS NOT NULL($13), $13, 0:DECIMAL(17, 2)), CASE(IS NOT NULL($8), $8, 0:DECIMAL(17, 2)))], ss_qty=[$2], ss_wc=[$3], ss_sp=[$4], (tok_function round (/ (tok_table_or_col ss_qty) (tok_function coalesce (+ (tok_table_or_col ws_qty) (tok_table_or_col cs_qty)) 1)) 2)=[round(/(CAST($2):DOUBLE, CAST(CASE(AND(IS NOT NULL($11), IS NOT NULL($6)), +($11, $6), 1:BIGINT)):DOUBLE), 2)])
         HiveJoin(condition=[AND(=($9, $0), =($10, $1))], joinType=[inner], algorithm=[none], cost=[not available])
           HiveJoin(condition=[=($5, $1)], joinType=[inner], algorithm=[none], cost=[not available])
diff --git a/ql/src/test/results/clientpositive/perf/tez/constraints/cbo_query91.q.out b/ql/src/test/results/clientpositive/perf/tez/constraints/cbo_query91.q.out
index 492d6ccb93..8c554bd890 100644
--- a/ql/src/test/results/clientpositive/perf/tez/constraints/cbo_query91.q.out
+++ b/ql/src/test/results/clientpositive/perf/tez/constraints/cbo_query91.q.out
@@ -76,7 +76,7 @@ POSTHOOK: Input: default@household_demographics
 POSTHOOK: Output: hdfs://### HDFS PATH ###
 CBO PLAN:
 HiveProject(call_center=[$0], call_center_name=[$1], manager=[$2], returns_loss=[$3])
-  HiveSortLimit(sort0=[$4], dir0=[DESC-nulls-last])
+  HiveSortLimit(sort0=[$4], dir0=[DESC])
     HiveProject(call_center=[$2], call_center_name=[$3], manager=[$4], returns_loss=[$5], (tok_function sum (tok_table_or_col cr_net_loss))=[$5])
       HiveAggregate(group=[{6, 7, 15, 16, 17}], agg#0=[sum($11)])
         HiveJoin(condition=[=($10, $14)], joinType=[inner], algorithm=[none], cost=[not available])
diff --git a/ql/src/test/results/clientpositive/perf/tez/constraints/mv_query44.q.out b/ql/src/test/results/clientpositive/perf/tez/constraints/mv_query44.q.out
index 1fcd766416..6f3060ec8d 100644
--- a/ql/src/test/results/clientpositive/perf/tez/constraints/mv_query44.q.out
+++ b/ql/src/test/results/clientpositive/perf/tez/constraints/mv_query44.q.out
@@ -214,7 +214,7 @@ Stage-0
                                 Filter Operator [FIL_141] (rows=6951 width=116)
                                   predicate:(rank_window_0 < 11)
                                   PTF Operator [PTF_140] (rows=20854 width=116)
-                                    Function definitions:[{},{"name:":"windowingtablefunction","order by:":"_col1 DESC NULLS LAST","partition by:":"0"}]
+                                    Function definitions:[{},{"name:":"windowingtablefunction","order by:":"_col1 DESC NULLS FIRST","partition by:":"0"}]
                                     Select Operator [SEL_139] (rows=20854 width=116)
                                       Output:["_col0","_col1"]
                                     <-Reducer 3 [SIMPLE_EDGE]
diff --git a/ql/src/test/results/clientpositive/perf/tez/constraints/mv_query67.q.out b/ql/src/test/results/clientpositive/perf/tez/constraints/mv_query67.q.out
index b92bdf2e8b..e90522d369 100644
--- a/ql/src/test/results/clientpositive/perf/tez/constraints/mv_query67.q.out
+++ b/ql/src/test/results/clientpositive/perf/tez/constraints/mv_query67.q.out
@@ -130,7 +130,7 @@ CBO PLAN:
 HiveSortLimit(sort0=[$0], sort1=[$1], sort2=[$2], sort3=[$3], sort4=[$4], sort5=[$5], sort6=[$6], sort7=[$7], sort8=[$8], sort9=[$9], dir0=[ASC], dir1=[ASC], dir2=[ASC], dir3=[ASC], dir4=[ASC], dir5=[ASC], dir6=[ASC], dir7=[ASC], dir8=[ASC], dir9=[ASC], fetch=[100])
   HiveProject(i_category=[$0], i_class=[$1], i_brand=[$2], i_product_name=[$3], d_year=[$4], d_qoy=[$5], d_moy=[$6], s_store_id=[$7], sumsales=[$8], $f9=[$9])
     HiveFilter(condition=[<=($9, 100)])
-      HiveProject(i_category=[$0], i_class=[$1], i_brand=[$2], i_product_name=[$3], d_year=[$4], d_qoy=[$5], d_moy=[$6], s_store_id=[CAST($7):VARCHAR(2147483647) CHARACTER SET "UTF-16LE" NOT NULL], sumsales=[$8], $f9=[rank() OVER (PARTITION BY $0 ORDER BY $8 DESC NULLS LAST ROWS BETWEEN UNBOUNDED PRECEDING AND UNBOUNDED FOLLOWING)])
+      HiveProject(i_category=[$0], i_class=[$1], i_brand=[$2], i_product_name=[$3], d_year=[$4], d_qoy=[$5], d_moy=[$6], s_store_id=[CAST($7):VARCHAR(2147483647) CHARACTER SET "UTF-16LE" NOT NULL], sumsales=[$8], $f9=[rank() OVER (PARTITION BY $0 ORDER BY $8 DESC NULLS FIRST ROWS BETWEEN UNBOUNDED PRECEDING AND UNBOUNDED FOLLOWING)])
         HiveTableScan(table=[[default, my_materialized_view_n100]], table:alias=[default.my_materialized_view_n100])
 
 PREHOOK: query: explain cbo
@@ -257,7 +257,7 @@ CBO PLAN:
 HiveSortLimit(sort0=[$0], sort1=[$1], sort2=[$2], sort3=[$3], sort4=[$4], sort5=[$5], sort6=[$6], sort7=[$7], sort8=[$8], sort9=[$9], dir0=[ASC], dir1=[ASC], dir2=[ASC], dir3=[ASC], dir4=[ASC], dir5=[ASC], dir6=[ASC], dir7=[ASC], dir8=[ASC], dir9=[ASC], fetch=[100])
   HiveProject(i_category=[$0], i_class=[$1], i_brand=[$2], i_product_name=[$3], d_year=[$4], d_qoy=[$5], d_moy=[$6], s_store_id=[$7], sumsales=[$8], rank_window_0=[$9])
     HiveFilter(condition=[<=($9, 100)])
-      HiveProject(i_category=[$0], i_class=[$1], i_brand=[$2], i_product_name=[$3], d_year=[$4], d_qoy=[$5], d_moy=[$6], s_store_id=[$7], sumsales=[$8], rank_window_0=[rank() OVER (PARTITION BY $0 ORDER BY $8 DESC NULLS LAST ROWS BETWEEN UNBOUNDED PRECEDING AND UNBOUNDED FOLLOWING)])
+      HiveProject(i_category=[$0], i_class=[$1], i_brand=[$2], i_product_name=[$3], d_year=[$4], d_qoy=[$5], d_moy=[$6], s_store_id=[$7], sumsales=[$8], rank_window_0=[rank() OVER (PARTITION BY $0 ORDER BY $8 DESC NULLS FIRST ROWS BETWEEN UNBOUNDED PRECEDING AND UNBOUNDED FOLLOWING)])
         HiveProject(i_category=[$0], i_class=[$1], i_brand=[$2], i_product_name=[$3], d_year=[$4], d_qoy=[$5], d_moy=[$6], s_store_id=[$7], $f8=[$8])
           HiveAggregate(group=[{0, 1, 2, 3, 4, 5, 6, 7}], groups=[[{0, 1, 2, 3, 4, 5, 6, 7}, {0, 1, 2, 3, 4, 5, 6}, {0, 1, 2, 3, 4, 5}, {0, 1, 2, 3, 4}, {0, 1, 2, 3}, {0, 1, 2}, {0, 1}, {0}, {}]], agg#0=[sum($8)])
             HiveProject(i_category=[$0], i_class=[$1], i_brand=[$2], i_product_name=[$3], d_year=[$4], d_qoy=[$5], d_moy=[$6], s_store_id=[CAST($7):VARCHAR(2147483647) CHARACTER SET "UTF-16LE" NOT NULL], sumsales=[$8])
@@ -365,7 +365,7 @@ CBO PLAN:
 HiveSortLimit(sort0=[$0], sort1=[$1], sort2=[$2], sort3=[$3], sort4=[$4], sort5=[$5], sort6=[$6], sort7=[$7], sort8=[$8], sort9=[$9], dir0=[ASC], dir1=[ASC], dir2=[ASC], dir3=[ASC], dir4=[ASC], dir5=[ASC], dir6=[ASC], dir7=[ASC], dir8=[ASC], dir9=[ASC], fetch=[100])
   HiveProject(i_category=[$0], i_class=[$1], i_brand=[$2], i_product_name=[$3], d_year=[$4], d_qoy=[$5], d_moy=[$6], s_store_id=[$7], sumsales=[$8], rank_window_0=[$9])
     HiveFilter(condition=[<=($9, 100)])
-      HiveProject(i_category=[$0], i_class=[$1], i_brand=[$2], i_product_name=[$3], d_year=[$4], d_qoy=[$5], d_moy=[$6], s_store_id=[$7], sumsales=[$8], rank_window_0=[rank() OVER (PARTITION BY $0 ORDER BY $8 DESC NULLS LAST ROWS BETWEEN UNBOUNDED PRECEDING AND UNBOUNDED FOLLOWING)])
+      HiveProject(i_category=[$0], i_class=[$1], i_brand=[$2], i_product_name=[$3], d_year=[$4], d_qoy=[$5], d_moy=[$6], s_store_id=[$7], sumsales=[$8], rank_window_0=[rank() OVER (PARTITION BY $0 ORDER BY $8 DESC NULLS FIRST ROWS BETWEEN UNBOUNDED PRECEDING AND UNBOUNDED FOLLOWING)])
         HiveProject(i_category=[$0], i_class=[$1], i_brand=[$2], i_product_name=[$3], d_year=[$4], d_qoy=[$5], d_moy=[$6], s_store_id=[$7], $f8=[$8])
           HiveAggregate(group=[{0, 1, 2, 3, 4, 5, 6, 7}], groups=[[{0, 1, 2, 3, 4, 5, 6, 7}, {0, 1, 2, 3, 4, 5, 6}, {0, 1, 2, 3, 4, 5}, {0, 1, 2, 3, 4}, {0, 1, 2, 3}, {0, 1, 2}, {0, 1}, {0}, {}]], agg#0=[sum($8)])
             HiveProject(i_category=[$0], i_class=[$1], i_brand=[$2], i_product_name=[$3], d_year=[$4], d_qoy=[$5], d_moy=[$6], s_store_id=[CAST($7):VARCHAR(2147483647) CHARACTER SET "UTF-16LE" NOT NULL], sumsales=[$8])
@@ -471,7 +471,7 @@ CBO PLAN:
 HiveSortLimit(sort0=[$0], sort1=[$1], sort2=[$2], sort3=[$3], sort4=[$4], sort5=[$5], sort6=[$6], sort7=[$7], sort8=[$8], sort9=[$9], dir0=[ASC], dir1=[ASC], dir2=[ASC], dir3=[ASC], dir4=[ASC], dir5=[ASC], dir6=[ASC], dir7=[ASC], dir8=[ASC], dir9=[ASC], fetch=[100])
   HiveProject(i_category=[$0], i_class=[$1], i_brand=[$2], i_product_name=[$3], d_year=[$4], d_qoy=[$5], d_moy=[$6], s_store_id=[$7], sumsales=[$8], rank_window_0=[$9])
     HiveFilter(condition=[<=($9, 100)])
-      HiveProject(i_category=[$6], i_class=[$5], i_brand=[$4], i_product_name=[$7], d_year=[$0], d_qoy=[$2], d_moy=[$1], s_store_id=[$3], sumsales=[$8], rank_window_0=[rank() OVER (PARTITION BY $6 ORDER BY $8 DESC NULLS LAST ROWS BETWEEN UNBOUNDED PRECEDING AND UNBOUNDED FOLLOWING)])
+      HiveProject(i_category=[$6], i_class=[$5], i_brand=[$4], i_product_name=[$7], d_year=[$0], d_qoy=[$2], d_moy=[$1], s_store_id=[$3], sumsales=[$8], rank_window_0=[rank() OVER (PARTITION BY $6 ORDER BY $8 DESC NULLS FIRST ROWS BETWEEN UNBOUNDED PRECEDING AND UNBOUNDED FOLLOWING)])
         HiveProject(d_year=[$0], d_moy=[$1], d_qoy=[$2], s_store_id=[$3], i_brand=[$4], i_class=[$5], i_category=[$6], i_product_name=[$7], $f8=[$8])
           HiveAggregate(group=[{5, 6, 7, 9, 11, 12, 13, 14}], groups=[[{5, 6, 7, 9, 11, 12, 13, 14}, {5, 6, 7, 11, 12, 13, 14}, {5, 7, 11, 12, 13, 14}, {5, 11, 12, 13, 14}, {11, 12, 13, 14}, {11, 12, 13}, {12, 13}, {13}, {}]], agg#0=[sum(DISTINCT $3)])
             HiveJoin(condition=[=($1, $10)], joinType=[inner], algorithm=[none], cost=[not available])
@@ -624,7 +624,7 @@ POSTHOOK: Input: default@store_sales
 POSTHOOK: Output: hdfs://### HDFS PATH ###
 CBO PLAN:
 HiveSortLimit(sort0=[$0], sort1=[$1], sort2=[$2], sort3=[$3], sort4=[$4], sort5=[$5], sort6=[$6], sort7=[$7], sort8=[$8], sort9=[$9], dir0=[ASC], dir1=[ASC], dir2=[ASC], dir3=[ASC], dir4=[ASC], dir5=[ASC], dir6=[ASC], dir7=[ASC], dir8=[ASC], dir9=[ASC], fetch=[100])
-  HiveProject(i_category=[$0], i_class=[$1], i_brand=[$2], i_product_name=[$3], d_year=[$4], d_qoy=[$5], d_moy=[$6], s_store_id=[CAST($7):VARCHAR(2147483647) CHARACTER SET "UTF-16LE" NOT NULL], sumsales=[$8], $f9=[rank() OVER (PARTITION BY $0 ORDER BY $8 DESC NULLS LAST ROWS BETWEEN UNBOUNDED PRECEDING AND UNBOUNDED FOLLOWING)])
+  HiveProject(i_category=[$0], i_class=[$1], i_brand=[$2], i_product_name=[$3], d_year=[$4], d_qoy=[$5], d_moy=[$6], s_store_id=[CAST($7):VARCHAR(2147483647) CHARACTER SET "UTF-16LE" NOT NULL], sumsales=[$8], $f9=[rank() OVER (PARTITION BY $0 ORDER BY $8 DESC NULLS FIRST ROWS BETWEEN UNBOUNDED PRECEDING AND UNBOUNDED FOLLOWING)])
     HiveTableScan(table=[[default, my_materialized_view_n101]], table:alias=[default.my_materialized_view_n101])
 
 PREHOOK: query: DROP MATERIALIZED VIEW `my_materialized_view_n101`
@@ -805,7 +805,7 @@ POSTHOOK: Input: default@store_sales
 POSTHOOK: Output: hdfs://### HDFS PATH ###
 CBO PLAN:
 HiveSortLimit(sort0=[$0], sort1=[$1], sort2=[$2], sort3=[$3], sort4=[$4], sort5=[$5], sort6=[$6], sort7=[$7], sort8=[$8], sort9=[$9], dir0=[ASC], dir1=[ASC], dir2=[ASC], dir3=[ASC], dir4=[ASC], dir5=[ASC], dir6=[ASC], dir7=[ASC], dir8=[ASC], dir9=[ASC], fetch=[100])
-  HiveProject(i_category=[$0], i_class=[$1], i_brand=[$2], i_product_name=[$3], d_year=[$4], d_qoy=[$5], d_moy=[$6], s_store_id=[CAST($7):VARCHAR(2147483647) CHARACTER SET "UTF-16LE" NOT NULL], sumsales=[$8], $f9=[rank() OVER (PARTITION BY $0 ORDER BY $8 DESC NULLS LAST ROWS BETWEEN UNBOUNDED PRECEDING AND UNBOUNDED FOLLOWING)])
+  HiveProject(i_category=[$0], i_class=[$1], i_brand=[$2], i_product_name=[$3], d_year=[$4], d_qoy=[$5], d_moy=[$6], s_store_id=[CAST($7):VARCHAR(2147483647) CHARACTER SET "UTF-16LE" NOT NULL], sumsales=[$8], $f9=[rank() OVER (PARTITION BY $0 ORDER BY $8 DESC NULLS FIRST ROWS BETWEEN UNBOUNDED PRECEDING AND UNBOUNDED FOLLOWING)])
     HiveTableScan(table=[[default, my_materialized_view_n102]], table:alias=[default.my_materialized_view_n102])
 
 PREHOOK: query: DROP MATERIALIZED VIEW `my_materialized_view_n102`
@@ -988,6 +988,6 @@ POSTHOOK: Input: default@store_sales
 POSTHOOK: Output: hdfs://### HDFS PATH ###
 CBO PLAN:
 HiveSortLimit(sort0=[$0], sort1=[$1], sort2=[$2], sort3=[$3], sort4=[$4], sort5=[$5], sort6=[$6], sort7=[$7], sort8=[$8], sort9=[$9], dir0=[ASC], dir1=[ASC], dir2=[ASC], dir3=[ASC], dir4=[ASC], dir5=[ASC], dir6=[ASC], dir7=[ASC], dir8=[ASC], dir9=[ASC], fetch=[100])
-  HiveProject(i_category=[$0], i_class=[$1], i_brand=[$2], i_product_name=[$3], d_year=[$4], d_qoy=[$5], d_moy=[$6], s_store_id=[CAST($7):VARCHAR(2147483647) CHARACTER SET "UTF-16LE" NOT NULL], sumsales=[$8], $f9=[rank() OVER (PARTITION BY $0 ORDER BY $8 DESC NULLS LAST ROWS BETWEEN UNBOUNDED PRECEDING AND UNBOUNDED FOLLOWING)])
+  HiveProject(i_category=[$0], i_class=[$1], i_brand=[$2], i_product_name=[$3], d_year=[$4], d_qoy=[$5], d_moy=[$6], s_store_id=[CAST($7):VARCHAR(2147483647) CHARACTER SET "UTF-16LE" NOT NULL], sumsales=[$8], $f9=[rank() OVER (PARTITION BY $0 ORDER BY $8 DESC NULLS FIRST ROWS BETWEEN UNBOUNDED PRECEDING AND UNBOUNDED FOLLOWING)])
     HiveTableScan(table=[[default, my_materialized_view_n103]], table:alias=[default.my_materialized_view_n103])
 
diff --git a/ql/src/test/results/clientpositive/perf/tez/constraints/query44.q.out b/ql/src/test/results/clientpositive/perf/tez/constraints/query44.q.out
index e1691b5f33..7f0acd7287 100644
--- a/ql/src/test/results/clientpositive/perf/tez/constraints/query44.q.out
+++ b/ql/src/test/results/clientpositive/perf/tez/constraints/query44.q.out
@@ -193,7 +193,7 @@ Stage-0
                                 Filter Operator [FIL_141] (rows=6951 width=116)
                                   predicate:(rank_window_0 < 11)
                                   PTF Operator [PTF_140] (rows=20854 width=116)
-                                    Function definitions:[{},{"name:":"windowingtablefunction","order by:":"_col1 DESC NULLS LAST","partition by:":"0"}]
+                                    Function definitions:[{},{"name:":"windowingtablefunction","order by:":"_col1 DESC NULLS FIRST","partition by:":"0"}]
                                     Select Operator [SEL_139] (rows=20854 width=116)
                                       Output:["_col0","_col1"]
                                     <-Reducer 3 [SIMPLE_EDGE]
diff --git a/ql/src/test/results/clientpositive/perf/tez/constraints/query67.q.out b/ql/src/test/results/clientpositive/perf/tez/constraints/query67.q.out
index 7003fc21a0..d9d6c7d762 100644
--- a/ql/src/test/results/clientpositive/perf/tez/constraints/query67.q.out
+++ b/ql/src/test/results/clientpositive/perf/tez/constraints/query67.q.out
@@ -125,7 +125,7 @@ Stage-0
                   Filter Operator [FIL_105] (rows=273593580 width=613)
                     predicate:(rank_window_0 <= 100)
                     PTF Operator [PTF_104] (rows=820780740 width=613)
-                      Function definitions:[{},{"name:":"windowingtablefunction","order by:":"_col8 DESC NULLS LAST","partition by:":"_col6"}]
+                      Function definitions:[{},{"name:":"windowingtablefunction","order by:":"_col8 DESC NULLS FIRST","partition by:":"_col6"}]
                       Select Operator [SEL_103] (rows=820780740 width=613)
                         Output:["_col0","_col1","_col2","_col3","_col4","_col5","_col6","_col7","_col8"]
                       <-Reducer 5 [SIMPLE_EDGE] vectorized
diff --git a/ql/src/test/results/clientpositive/perf/tez/constraints/query70.q.out b/ql/src/test/results/clientpositive/perf/tez/constraints/query70.q.out
index 8fbedbc0c4..870fe997f4 100644
--- a/ql/src/test/results/clientpositive/perf/tez/constraints/query70.q.out
+++ b/ql/src/test/results/clientpositive/perf/tez/constraints/query70.q.out
@@ -112,7 +112,7 @@ Stage-0
                 Top N Key Operator [TNK_168] (rows=720 width=304)
                   keys:(grouping(_col3, 1L) + grouping(_col3, 0L)), CASE WHEN (((grouping(_col3, 1L) + grouping(_col3, 0L)) = 0L)) THEN (_col0) ELSE (null) END, rank_window_0,top n:100
                   PTF Operator [PTF_167] (rows=720 width=304)
-                    Function definitions:[{},{"name:":"windowingtablefunction","order by:":"_col2 DESC NULLS LAST","partition by:":"(grouping(_col3, 1L) + grouping(_col3, 0L)), CASE WHEN ((grouping(_col3, 0L) = UDFToLong(0))) THEN (_col0) ELSE (CAST( null AS STRING)) END"}]
+                    Function definitions:[{},{"name:":"windowingtablefunction","order by:":"_col2 DESC NULLS FIRST","partition by:":"(grouping(_col3, 1L) + grouping(_col3, 0L)), CASE WHEN ((grouping(_col3, 0L) = UDFToLong(0))) THEN (_col0) ELSE (CAST( null AS STRING)) END"}]
                     Select Operator [SEL_166] (rows=720 width=304)
                       Output:["_col0","_col1","_col2","_col3"]
                     <-Reducer 4 [SIMPLE_EDGE] vectorized
@@ -187,7 +187,7 @@ Stage-0
                                             Filter Operator [FIL_157] (rows=16 width=198)
                                               predicate:(rank_window_0 <= 5)
                                               PTF Operator [PTF_156] (rows=49 width=198)
-                                                Function definitions:[{},{"name:":"windowingtablefunction","order by:":"_col1 DESC NULLS LAST","partition by:":"_col0"}]
+                                                Function definitions:[{},{"name:":"windowingtablefunction","order by:":"_col1 DESC NULLS FIRST","partition by:":"_col0"}]
                                                 Select Operator [SEL_155] (rows=49 width=198)
                                                   Output:["_col0","_col1"]
                                                 <-Reducer 8 [SIMPLE_EDGE] vectorized
diff --git a/ql/src/test/results/clientpositive/perf/tez/constraints/query86.q.out b/ql/src/test/results/clientpositive/perf/tez/constraints/query86.q.out
index a243540ca3..e63b02b571 100644
--- a/ql/src/test/results/clientpositive/perf/tez/constraints/query86.q.out
+++ b/ql/src/test/results/clientpositive/perf/tez/constraints/query86.q.out
@@ -84,7 +84,7 @@ Stage-0
                 Top N Key Operator [TNK_79] (rows=3060 width=302)
                   keys:(grouping(_col3, 1L) + grouping(_col3, 0L)), CASE WHEN (((grouping(_col3, 1L) + grouping(_col3, 0L)) = 0L)) THEN (_col0) ELSE (null) END, rank_window_0,top n:100
                   PTF Operator [PTF_78] (rows=3060 width=302)
-                    Function definitions:[{},{"name:":"windowingtablefunction","order by:":"_col2 DESC NULLS LAST","partition by:":"(grouping(_col3, 1L) + grouping(_col3, 0L)), CASE WHEN ((grouping(_col3, 0L) = UDFToLong(0))) THEN (_col0) ELSE (CAST( null AS STRING)) END"}]
+                    Function definitions:[{},{"name:":"windowingtablefunction","order by:":"_col2 DESC NULLS FIRST","partition by:":"(grouping(_col3, 1L) + grouping(_col3, 0L)), CASE WHEN ((grouping(_col3, 0L) = UDFToLong(0))) THEN (_col0) ELSE (CAST( null AS STRING)) END"}]
                     Select Operator [SEL_77] (rows=3060 width=302)
                       Output:["_col0","_col1","_col2","_col3"]
                     <-Reducer 4 [SIMPLE_EDGE] vectorized
diff --git a/ql/src/test/results/clientpositive/perf/tez/query44.q.out b/ql/src/test/results/clientpositive/perf/tez/query44.q.out
index 6da4a88e62..d1170db68c 100644
--- a/ql/src/test/results/clientpositive/perf/tez/query44.q.out
+++ b/ql/src/test/results/clientpositive/perf/tez/query44.q.out
@@ -195,7 +195,7 @@ Stage-0
                             Filter Operator [FIL_145] (rows=6951 width=116)
                               predicate:((rank_window_0 < 11) and _col0 is not null)
                               PTF Operator [PTF_144] (rows=20854 width=116)
-                                Function definitions:[{},{"name:":"windowingtablefunction","order by:":"_col1 DESC NULLS LAST","partition by:":"0"}]
+                                Function definitions:[{},{"name:":"windowingtablefunction","order by:":"_col1 DESC NULLS FIRST","partition by:":"0"}]
                                 Select Operator [SEL_143] (rows=20854 width=116)
                                   Output:["_col0","_col1"]
                                 <-Reducer 8 [SIMPLE_EDGE]
diff --git a/ql/src/test/results/clientpositive/perf/tez/query67.q.out b/ql/src/test/results/clientpositive/perf/tez/query67.q.out
index 9c950c3b37..1b576dd506 100644
--- a/ql/src/test/results/clientpositive/perf/tez/query67.q.out
+++ b/ql/src/test/results/clientpositive/perf/tez/query67.q.out
@@ -125,7 +125,7 @@ Stage-0
                   Filter Operator [FIL_109] (rows=273593580 width=613)
                     predicate:(rank_window_0 <= 100)
                     PTF Operator [PTF_108] (rows=820780740 width=613)
-                      Function definitions:[{},{"name:":"windowingtablefunction","order by:":"_col8 DESC NULLS LAST","partition by:":"_col2"}]
+                      Function definitions:[{},{"name:":"windowingtablefunction","order by:":"_col8 DESC NULLS FIRST","partition by:":"_col2"}]
                       Select Operator [SEL_107] (rows=820780740 width=613)
                         Output:["_col0","_col1","_col2","_col3","_col4","_col5","_col6","_col7","_col8"]
                       <-Reducer 5 [SIMPLE_EDGE] vectorized
diff --git a/ql/src/test/results/clientpositive/perf/tez/query70.q.out b/ql/src/test/results/clientpositive/perf/tez/query70.q.out
index 4b00b913d3..bacffdbc77 100644
--- a/ql/src/test/results/clientpositive/perf/tez/query70.q.out
+++ b/ql/src/test/results/clientpositive/perf/tez/query70.q.out
@@ -112,7 +112,7 @@ Stage-0
                 Top N Key Operator [TNK_166] (rows=720 width=304)
                   keys:(grouping(_col3, 1L) + grouping(_col3, 0L)), CASE WHEN (((grouping(_col3, 1L) + grouping(_col3, 0L)) = 0L)) THEN (_col0) ELSE (null) END, rank_window_0,top n:100
                   PTF Operator [PTF_165] (rows=720 width=304)
-                    Function definitions:[{},{"name:":"windowingtablefunction","order by:":"_col2 DESC NULLS LAST","partition by:":"(grouping(_col3, 1L) + grouping(_col3, 0L)), CASE WHEN ((grouping(_col3, 0L) = UDFToLong(0))) THEN (_col0) ELSE (CAST( null AS STRING)) END"}]
+                    Function definitions:[{},{"name:":"windowingtablefunction","order by:":"_col2 DESC NULLS FIRST","partition by:":"(grouping(_col3, 1L) + grouping(_col3, 0L)), CASE WHEN ((grouping(_col3, 0L) = UDFToLong(0))) THEN (_col0) ELSE (CAST( null AS STRING)) END"}]
                     Select Operator [SEL_164] (rows=720 width=304)
                       Output:["_col0","_col1","_col2","_col3"]
                     <-Reducer 5 [SIMPLE_EDGE] vectorized
@@ -139,7 +139,7 @@ Stage-0
                                         Filter Operator [FIL_158] (rows=16 width=198)
                                           predicate:(rank_window_0 <= 5)
                                           PTF Operator [PTF_157] (rows=49 width=198)
-                                            Function definitions:[{},{"name:":"windowingtablefunction","order by:":"_col1 DESC NULLS LAST","partition by:":"_col0"}]
+                                            Function definitions:[{},{"name:":"windowingtablefunction","order by:":"_col1 DESC NULLS FIRST","partition by:":"_col0"}]
                                             Select Operator [SEL_156] (rows=49 width=198)
                                               Output:["_col0","_col1"]
                                             <-Reducer 9 [SIMPLE_EDGE] vectorized
diff --git a/ql/src/test/results/clientpositive/perf/tez/query86.q.out b/ql/src/test/results/clientpositive/perf/tez/query86.q.out
index adfb3cb48d..352bfcce38 100644
--- a/ql/src/test/results/clientpositive/perf/tez/query86.q.out
+++ b/ql/src/test/results/clientpositive/perf/tez/query86.q.out
@@ -84,7 +84,7 @@ Stage-0
                 Top N Key Operator [TNK_81] (rows=3060 width=302)
                   keys:(grouping(_col3, 1L) + grouping(_col3, 0L)), CASE WHEN (((grouping(_col3, 1L) + grouping(_col3, 0L)) = 0L)) THEN (_col0) ELSE (null) END, rank_window_0,top n:100
                   PTF Operator [PTF_80] (rows=3060 width=302)
-                    Function definitions:[{},{"name:":"windowingtablefunction","order by:":"_col2 DESC NULLS LAST","partition by:":"(grouping(_col3, 1L) + grouping(_col3, 0L)), CASE WHEN ((grouping(_col3, 0L) = UDFToLong(0))) THEN (_col0) ELSE (CAST( null AS STRING)) END"}]
+                    Function definitions:[{},{"name:":"windowingtablefunction","order by:":"_col2 DESC NULLS FIRST","partition by:":"(grouping(_col3, 1L) + grouping(_col3, 0L)), CASE WHEN ((grouping(_col3, 0L) = UDFToLong(0))) THEN (_col0) ELSE (CAST( null AS STRING)) END"}]
                     Select Operator [SEL_79] (rows=3060 width=302)
                       Output:["_col0","_col1","_col2","_col3"]
                     <-Reducer 4 [SIMPLE_EDGE] vectorized
